[列存组合]: 无列存
[{"Plan":{"Node Type":"Sort","Parallel Aware":false,"Async Capable":false,"Startup Cost":1459544.58,"Total Cost":1459544.62,"Plan Rows":15,"Plan Width":114,"Actual Startup Time":12080.314,"Actual Total Time":12080.316,"Actual Rows":15,"Actual Loops":1,"Output":["ol_number","(sum(ol_quantity))","(sum(ol_amount))","(avg(ol_quantity))","(avg(ol_amount))","(count(*))"],"Sort Key":["order_line.ol_number"],"Sort Method":"quicksort","Sort Space Used":26,"Sort Space Type":"Memory","Shared Hit Blocks":3,"Shared Read Blocks":681748,"Shared Dirtied Blocks":0,"Shared Written Blocks":0,"Local Hit Blocks":0,"Local Read Blocks":0,"Local Dirtied Blocks":0,"Local Written Blocks":0,"Temp Read Blocks":0,"Temp Written Blocks":0,"I/O Read Time":7061.276,"I/O Write Time":0.0,"Temp I/O Read Time":0.0,"Temp I/O Write Time":0.0,"Plans":[{"Node Type":"Aggregate","Strategy":"Hashed","Partial Mode":"Simple","Parent Relationship":"Outer","Parallel Aware":false,"Async Capable":false,"Startup Cost":1459544.03,"Total Cost":1459544.29,"Plan Rows":15,"Plan Width":114,"Actual Startup Time":12080.282,"Actual Total Time":12080.292,"Actual Rows":15,"Actual Loops":1,"Output":["ol_number","sum(ol_quantity)","sum(ol_amount)","avg(ol_quantity)","avg(ol_amount)","count(*)"],"Group Key":["order_line.ol_number"],"Planned Partitions":0,"HashAgg Batches":1,"Peak Memory Usage":24,"Disk Usage":0,"Shared Hit Blocks":0,"Shared Read Blocks":681748,"Shared Dirtied Blocks":0,"Shared Written Blocks":0,"Local Hit Blocks":0,"Local Read Blocks":0,"Local Dirtied Blocks":0,"Local Written Blocks":0,"Temp Read Blocks":0,"Temp Written Blocks":0,"I/O Read Time":7061.276,"I/O Write Time":0.0,"Temp I/O Read Time":0.0,"Temp I/O Write Time":0.0,"Plans":[{"Node Type":"Seq Scan","Parent Relationship":"Outer","Parallel Aware":false,"Async Capable":false,"Relation Name":"order_line","Schema":"public","Alias":"order_line","Startup Cost":0.0,"Total Cost":1431670.8,"Plan Rows":2229858,"Plan Width":8,"Actual Startup Time":334.988,"Actual Total Time":11603.814,"Actual Rows":2301152,"Actual Loops":1,"Output":["ol_o_id","ol_d_id","ol_w_id","ol_number","ol_i_id","ol_supply_w_id","ol_delivery_d","ol_quantity","ol_amount","ol_dist_info"],"Filter":"(order_line.ol_delivery_d > '1998-09-23 20:10:02.27764'::timestamp without time zone)","Rows Removed by Filter":57692609,"Shared Hit Blocks":0,"Shared Read Blocks":681748,"Shared Dirtied Blocks":0,"Shared Written Blocks":0,"Local Hit Blocks":0,"Local Read Blocks":0,"Local Dirtied Blocks":0,"Local Written Blocks":0,"Temp Read Blocks":0,"Temp Written Blocks":0,"I/O Read Time":7061.276,"I/O Write Time":0.0,"Temp I/O Read Time":0.0,"Temp I/O Write Time":0.0}]}]},"Planning":{"Shared Hit Blocks":124,"Shared Read Blocks":19,"Shared Dirtied Blocks":0,"Shared Written Blocks":0,"Local Hit Blocks":0,"Local Read Blocks":0,"Local Dirtied Blocks":0,"Local Written Blocks":0,"Temp Read Blocks":0,"Temp Written Blocks":0,"I/O Read Time":0.633,"I/O Write Time":0.0,"Temp I/O Read Time":0.0,"Temp I/O Write Time":0.0},"Planning Time":1.464,"Triggers":[],"Execution Time":12080.474}]
[列存组合]: order_line
[{"Plan":{"Node Type":"Sort","Parallel Aware":false,"Async Capable":false,"Startup Cost":73149.09,"Total Cost":73149.13,"Plan Rows":15,"Plan Width":114,"Actual Startup Time":920.173,"Actual Total Time":920.176,"Actual Rows":15,"Actual Loops":1,"Output":["ol_number","(sum(ol_quantity))","(sum(ol_amount))","(avg(ol_quantity))","(avg(ol_amount))","(count(*))"],"Sort Key":["order_line.ol_number"],"Sort Method":"quicksort","Sort Space Used":26,"Sort Space Type":"Memory","Shared Hit Blocks":0,"Shared Read Blocks":0,"Shared Dirtied Blocks":0,"Shared Written Blocks":0,"Local Hit Blocks":0,"Local Read Blocks":0,"Local Dirtied Blocks":0,"Local Written Blocks":0,"Temp Read Blocks":0,"Temp Written Blocks":0,"I/O Read Time":0.0,"I/O Write Time":0.0,"Temp I/O Read Time":0.0,"Temp I/O Write Time":0.0,"Plans":[{"Node Type":"Aggregate","Strategy":"Hashed","Partial Mode":"Simple","Parent Relationship":"Outer","Parallel Aware":false,"Async Capable":false,"Startup Cost":73148.54,"Total Cost":73148.8,"Plan Rows":15,"Plan Width":114,"Actual Startup Time":920.152,"Actual Total Time":920.162,"Actual Rows":15,"Actual Loops":1,"Output":["ol_number","sum(ol_quantity)","sum(ol_amount)","avg(ol_quantity)","avg(ol_amount)","count(*)"],"Group Key":["order_line.ol_number"],"Planned Partitions":0,"HashAgg Batches":1,"Peak Memory Usage":24,"Disk Usage":0,"Shared Hit Blocks":0,"Shared Read Blocks":0,"Shared Dirtied Blocks":0,"Shared Written Blocks":0,"Local Hit Blocks":0,"Local Read Blocks":0,"Local Dirtied Blocks":0,"Local Written Blocks":0,"Temp Read Blocks":0,"Temp Written Blocks":0,"I/O Read Time":0.0,"I/O Write Time":0.0,"Temp I/O Read Time":0.0,"Temp I/O Write Time":0.0,"Plans":[{"Node Type":"Append","Parent Relationship":"Outer","Parallel Aware":false,"Async Capable":false,"Startup Cost":20.0,"Total Cost":46265.13,"Plan Rows":2150673,"Plan Width":8,"Actual Startup Time":0.181,"Actual Total Time":504.948,"Actual Rows":2301152,"Actual Loops":1,"Shared Hit Blocks":0,"Shared Read Blocks":0,"Shared Dirtied Blocks":0,"Shared Written Blocks":0,"Local Hit Blocks":0,"Local Read Blocks":0,"Local Dirtied Blocks":0,"Local Written Blocks":0,"Temp Read Blocks":0,"Temp Written Blocks":0,"I/O Read Time":0.0,"I/O Write Time":0.0,"Temp I/O Read Time":0.0,"Temp I/O Write Time":0.0,"Subplans Removed":0,"Plans":[{"Node Type":"Custom Scan","Parent Relationship":"Member","Custom Plan Provider":"columnar scan","Parallel Aware":false,"Async Capable":false,"Relation Name":"order_line","Schema":"public","Alias":"order_line","Startup Cost":20.0,"Total Cost":46260.34,"Plan Rows":2150671,"Plan Width":8,"Actual Startup Time":0.18,"Actual Total Time":338.371,"Actual Rows":2301152,"Actual Loops":1,"Output":["ol_number","ol_quantity","ol_amount"],"Filter":"(order_line.ol_delivery_d > '1998-09-23 20:10:02.27764'::timestamp without time zone)","Rows Removed by Filter":0,"Rows Removed by Columnar Filter":57692609,"Columnar cache search mode":"native","Shared Hit Blocks":0,"Shared Read Blocks":0,"Shared Dirtied Blocks":0,"Shared Written Blocks":0,"Local Hit Blocks":0,"Local Read Blocks":0,"Local Dirtied Blocks":0,"Local Written Blocks":0,"Temp Read Blocks":0,"Temp Written Blocks":0,"I/O Read Time":0.0,"I/O Write Time":0.0,"Temp I/O Read Time":0.0,"Temp I/O Write Time":0.0},{"Node Type":"Seq Scan","Parent Relationship":"Member","Parallel Aware":false,"Async Capable":false,"Relation Name":"order_line","Schema":"public","Alias":"order_line","Startup Cost":0.0,"Total Cost":4.79,"Plan Rows":2,"Plan Width":8,"Actual Startup Time":0.0,"Actual Total Time":0.0,"Actual Rows":0,"Actual Loops":0,"Output":["ol_number","ol_quantity","ol_amount"],"Filter":"(order_line.ol_delivery_d > '1998-09-23 20:10:02.27764'::timestamp without time zone)","Rows Removed by Filter":0,"Shared Hit Blocks":0,"Shared Read Blocks":0,"Shared Dirtied Blocks":0,"Shared Written Blocks":0,"Local Hit Blocks":0,"Local Read Blocks":0,"Local Dirtied Blocks":0,"Local Written Blocks":0,"Temp Read Blocks":0,"Temp Written Blocks":0,"I/O Read Time":0.0,"I/O Write Time":0.0,"Temp I/O Read Time":0.0,"Temp I/O Write Time":0.0}]}]}]},"Planning":{"Shared Hit Blocks":57,"Shared Read Blocks":0,"Shared Dirtied Blocks":0,"Shared Written Blocks":0,"Local Hit Blocks":0,"Local Read Blocks":0,"Local Dirtied Blocks":0,"Local Written Blocks":0,"Temp Read Blocks":0,"Temp Written Blocks":0,"I/O Read Time":0.0,"I/O Write Time":0.0,"Temp I/O Read Time":0.0,"Temp I/O Write Time":0.0},"Planning Time":4.3,"Triggers":[],"Execution Time":920.245}]
