[列存组合]: 无列存
[{"Plan":{"Node Type":"Sort","Parallel Aware":false,"Async Capable":false,"Startup Cost":2549639.78,"Total Cost":2549640.79,"Plan Rows":404,"Plan Width":164,"Actual Startup Time":21395.023,"Actual Total Time":21395.125,"Actual Rows":2295,"Actual Loops":1,"Output":["supplier.su_suppkey","supplier.su_name","nation.n_name","item.i_id","item.i_name","supplier.su_address","supplier.su_phone","supplier.su_comment"],"Sort Key":["nation.n_name","supplier.su_name","item.i_id"],"Sort Method":"quicksort","Sort Space Used":568,"Sort Space Type":"Memory","Shared Hit Blocks":847408,"Shared Read Blocks":821185,"Shared Dirtied Blocks":0,"Shared Written Blocks":0,"Local Hit Blocks":0,"Local Read Blocks":0,"Local Dirtied Blocks":0,"Local Written Blocks":0,"Temp Read Blocks":8330,"Temp Written Blocks":14781,"I/O Read Time":7637.564,"I/O Write Time":0.0,"Temp I/O Read Time":12.403,"Temp I/O Write Time":71.426,"Plans":[{"Node Type":"Hash Join","Parent Relationship":"Outer","Parallel Aware":false,"Async Capable":false,"Join Type":"Inner","Startup Cost":1461589.78,"Total Cost":2549622.29,"Plan Rows":404,"Plan Width":164,"Actual Startup Time":16206.742,"Actual Total Time":21389.94,"Actual Rows":2295,"Actual Loops":1,"Output":["supplier.su_suppkey","supplier.su_name","nation.n_name","item.i_id","item.i_name","supplier.su_address","supplier.su_phone","supplier.su_comment"],"Inner Unique":false,"Hash Cond":"(mod((stock.s_w_id * stock.s_i_id), 10000) = supplier.su_suppkey)","Shared Hit Blocks":847402,"Shared Read Blocks":821185,"Shared Dirtied Blocks":0,"Shared Written Blocks":0,"Local Hit Blocks":0,"Local Read Blocks":0,"Local Dirtied Blocks":0,"Local Written Blocks":0,"Temp Read Blocks":8330,"Temp Written Blocks":14781,"I/O Read Time":7637.564,"I/O Write Time":0.0,"Temp I/O Read Time":12.403,"Temp I/O Write Time":71.426,"Plans":[{"Node Type":"Hash Join","Parent Relationship":"Outer","Parallel Aware":false,"Async Capable":false,"Join Type":"Inner","Startup Cost":1461187.79,"Total Cost":2549203.63,"Plan Rows":2021,"Plan Width":35,"Actual Startup Time":16200.283,"Actual Total Time":21381.352,"Actual Rows":4450,"Actual Loops":1,"Output":["item.i_id","item.i_name","stock.s_i_id","stock.s_w_id"],"Inner Unique":true,"Hash Cond":"((item.i_id = stock_1.s_i_id) AND (stock.s_quantity = (min(stock_1.s_quantity))))","Shared Hit Blocks":847401,"Shared Read Blocks":820967,"Shared Dirtied Blocks":0,"Shared Written Blocks":0,"Local Hit Blocks":0,"Local Read Blocks":0,"Local Dirtied Blocks":0,"Local Written Blocks":0,"Temp Read Blocks":8330,"Temp Written Blocks":14781,"I/O Read Time":7635.1,"I/O Write Time":0.0,"Temp I/O Read Time":12.403,"Temp I/O Write Time":71.426,"Plans":[{"Node Type":"Hash Join","Parent Relationship":"Outer","Parallel Aware":false,"Async Capable":false,"Join Type":"Inner","Startup Cost":2640.25,"Total Cost":1088535.08,"Plan Rows":404001,"Plan Width":37,"Actual Startup Time":34.025,"Actual Total Time":5141.233,"Actual Rows":314400,"Actual Loops":1,"Output":["item.i_id","item.i_name","stock.s_i_id","stock.s_w_id","stock.s_quantity"],"Inner Unique":true,"Hash Cond":"(stock.s_i_id = item.i_id)","Shared Hit Blocks":833389,"Shared Read Blocks":1368,"Shared Dirtied Blocks":0,"Shared Written Blocks":0,"Local Hit Blocks":0,"Local Read Blocks":0,"Local Dirtied Blocks":0,"Local Written Blocks":0,"Temp Read Blocks":0,"Temp Written Blocks":0,"I/O Read Time":19.485,"I/O Write Time":0.0,"Temp I/O Read Time":0.0,"Temp I/O Write Time":0.0,"Plans":[{"Node Type":"Seq Scan","Parent Relationship":"Outer","Parallel Aware":false,"Async Capable":false,"Relation Name":"stock","Schema":"public","Alias":"stock","Startup Cost":0.0,"Total Cost":1033392.48,"Plan Rows":20000048,"Plan Width":8,"Actual Startup Time":0.016,"Actual Total Time":1759.597,"Actual Rows":20000000,"Actual Loops":1,"Output":["stock.s_i_id","stock.s_w_id","stock.s_quantity","stock.s_dist_01","stock.s_dist_02","stock.s_dist_03","stock.s_dist_04","stock.s_dist_05","stock.s_dist_06","stock.s_dist_07","stock.s_dist_08","stock.s_dist_09","stock.s_dist_10","stock.s_ytd","stock.s_order_cnt","stock.s_remote_cnt","stock.s_data"],"Shared Hit Blocks":833389,"Shared Read Blocks":3,"Shared Dirtied Blocks":0,"Shared Written Blocks":0,"Local Hit Blocks":0,"Local Read Blocks":0,"Local Dirtied Blocks":0,"Local Written Blocks":0,"Temp Read Blocks":0,"Temp Written Blocks":0,"I/O Read Time":0.02,"I/O Write Time":0.0,"Temp I/O Read Time":0.0,"Temp I/O Write Time":0.0},{"Node Type":"Hash","Parent Relationship":"Inner","Parallel Aware":false,"Async Capable":false,"Startup Cost":2615.0,"Total Cost":2615.0,"Plan Rows":2020,"Plan Width":29,"Actual Startup Time":33.978,"Actual Total Time":33.979,"Actual Rows":1572,"Actual Loops":1,"Output":["item.i_id","item.i_name"],"Hash Buckets":2048,"Original Hash Buckets":2048,"Hash Batches":1,"Original Hash Batches":1,"Peak Memory Usage":110,"Shared Hit Blocks":0,"Shared Read Blocks":1365,"Shared Dirtied Blocks":0,"Shared Written Blocks":0,"Local Hit Blocks":0,"Local Read Blocks":0,"Local Dirtied Blocks":0,"Local Written Blocks":0,"Temp Read Blocks":0,"Temp Written Blocks":0,"I/O Read Time":19.466,"I/O Write Time":0.0,"Temp I/O Read Time":0.0,"Temp I/O Write Time":0.0,"Plans":[{"Node Type":"Seq Scan","Parent Relationship":"Outer","Parallel Aware":false,"Async Capable":false,"Relation Name":"item","Schema":"public","Alias":"item","Startup Cost":0.0,"Total Cost":2615.0,"Plan Rows":2020,"Plan Width":29,"Actual Startup Time":0.144,"Actual Total Time":33.698,"Actual Rows":1572,"Actual Loops":1,"Output":["item.i_id","item.i_name"],"Filter":"((item.i_data)::text ~~ '%b'::text)","Rows Removed by Filter":98428,"Shared Hit Blocks":0,"Shared Read Blocks":1365,"Shared Dirtied Blocks":0,"Shared Written Blocks":0,"Local Hit Blocks":0,"Local Read Blocks":0,"Local Dirtied Blocks":0,"Local Written Blocks":0,"Temp Read Blocks":0,"Temp Written Blocks":0,"I/O Read Time":19.466,"I/O Write Time":0.0,"Temp I/O Read Time":0.0,"Temp I/O Write Time":0.0}]}]},{"Node Type":"Hash","Parent Relationship":"Inner","Parallel Aware":false,"Async Capable":false,"Startup Cost":1457046.67,"Total Cost":1457046.67,"Plan Rows":100058,"Plan Width":6,"Actual Startup Time":16163.869,"Actual Total Time":16163.873,"Actual Rows":100000,"Actual Loops":1,"Output":["stock_1.s_i_id","(min(stock_1.s_quantity))"],"Hash Buckets":131072,"Original Hash Buckets":131072,"Hash Batches":1,"Original Hash Batches":1,"Peak Memory Usage":4735,"Shared Hit Blocks":14012,"Shared Read Blocks":819599,"Shared Dirtied Blocks":0,"Shared Written Blocks":0,"Local Hit Blocks":0,"Local Read Blocks":0,"Local Dirtied Blocks":0,"Local Written Blocks":0,"Temp Read Blocks":8330,"Temp Written Blocks":14781,"I/O Read Time":7615.614,"I/O Write Time":0.0,"Temp I/O Read Time":12.403,"Temp I/O Write Time":71.426,"Plans":[{"Node Type":"Aggregate","Strategy":"Hashed","Partial Mode":"Simple","Parent Relationship":"Outer","Parallel Aware":false,"Async Capable":false,"Startup Cost":1423795.43,"Total Cost":1456046.09,"Plan Rows":100058,"Plan Width":6,"Actual Startup Time":15816.6,"Actual Total Time":16148.166,"Actual Rows":100000,"Actual Loops":1,"Output":["stock_1.s_i_id","min(stock_1.s_quantity)"],"Group Key":["stock_1.s_i_id"],"Planned Partitions":0,"HashAgg Batches":5,"Peak Memory Usage":8241,"Disk Usage":68504,"Shared Hit Blocks":14012,"Shared Read Blocks":819599,"Shared Dirtied Blocks":0,"Shared Written Blocks":0,"Local Hit Blocks":0,"Local Read Blocks":0,"Local Dirtied Blocks":0,"Local Written Blocks":0,"Temp Read Blocks":8330,"Temp Written Blocks":14781,"I/O Read Time":7615.614,"I/O Write Time":0.0,"Temp I/O Read Time":12.403,"Temp I/O Write Time":71.426,"Plans":[{"Node Type":"Hash Join","Parent Relationship":"Outer","Parallel Aware":false,"Async Capable":false,"Join Type":"Inner","Startup Cost":401.99,"Total Cost":1198794.87,"Plan Rows":4000010,"Plan Width":6,"Actual Startup Time":2.579,"Actual Total Time":14017.553,"Actual Rows":6959700,"Actual Loops":1,"Output":["stock_1.s_i_id","stock_1.s_quantity"],"Inner Unique":false,"Hash Cond":"(mod((stock_1.s_w_id * stock_1.s_i_id), 10000) = supplier_1.su_suppkey)","Shared Hit Blocks":14012,"Shared Read Blocks":819599,"Shared Dirtied Blocks":0,"Shared Written Blocks":0,"Local Hit Blocks":0,"Local Read Blocks":0,"Local Dirtied Blocks":0,"Local Written Blocks":0,"Temp Read Blocks":0,"Temp Written Blocks":0,"I/O Read Time":7615.614,"I/O Write Time":0.0,"Temp I/O Read Time":0.0,"Temp I/O Write Time":0.0,"Plans":[{"Node Type":"Seq Scan","Parent Relationship":"Outer","Parallel Aware":false,"Async Capable":false,"Relation Name":"stock","Schema":"public","Alias":"stock_1","Startup Cost":0.0,"Total Cost":1033392.48,"Plan Rows":20000048,"Plan Width":8,"Actual Startup Time":0.005,"Actual Total Time":10088.166,"Actual Rows":20000000,"Actual Loops":1,"Output":["stock_1.s_i_id","stock_1.s_w_id","stock_1.s_quantity","stock_1.s_dist_01","stock_1.s_dist_02","stock_1.s_dist_03","stock_1.s_dist_04","stock_1.s_dist_05","stock_1.s_dist_06","stock_1.s_dist_07","stock_1.s_dist_08","stock_1.s_dist_09","stock_1.s_dist_10","stock_1.s_ytd","stock_1.s_order_cnt","stock_1.s_remote_cnt","stock_1.s_data"],"Shared Hit Blocks":13793,"Shared Read Blocks":819599,"Shared Dirtied Blocks":0,"Shared Written Blocks":0,"Local Hit Blocks":0,"Local Read Blocks":0,"Local Dirtied Blocks":0,"Local Written Blocks":0,"Temp Read Blocks":0,"Temp Written Blocks":0,"I/O Read Time":7615.614,"I/O Write Time":0.0,"Temp I/O Read Time":0.0,"Temp I/O Write Time":0.0},{"Node Type":"Hash","Parent Relationship":"Inner","Parallel Aware":false,"Async Capable":false,"Startup Cost":376.99,"Total Cost":376.99,"Plan Rows":2000,"Plan Width":4,"Actual Startup Time":2.565,"Actual Total Time":2.567,"Actual Rows":3506,"Actual Loops":1,"Output":["supplier_1.su_suppkey"],"Hash Buckets":4096,"Original Hash Buckets":2048,"Hash Batches":1,"Original Hash Batches":1,"Peak Memory Usage":156,"Shared Hit Blocks":219,"Shared Read Blocks":0,"Shared Dirtied Blocks":0,"Shared Written Blocks":0,"Local Hit Blocks":0,"Local Read Blocks":0,"Local Dirtied Blocks":0,"Local Written Blocks":0,"Temp Read Blocks":0,"Temp Written Blocks":0,"I/O Read Time":0.0,"I/O Write Time":0.0,"Temp I/O Read Time":0.0,"Temp I/O Write Time":0.0,"Plans":[{"Node Type":"Hash Join","Parent Relationship":"Outer","Parallel Aware":false,"Async Capable":false,"Join Type":"Inner","Startup Cost":3.14,"Total Cost":376.99,"Plan Rows":2000,"Plan Width":4,"Actual Startup Time":0.055,"Actual Total Time":2.111,"Actual Rows":3506,"Actual Loops":1,"Output":["supplier_1.su_suppkey"],"Inner Unique":false,"Hash Cond":"(supplier_1.su_nationkey = nation_1.n_nationkey)","Shared Hit Blocks":219,"Shared Read Blocks":0,"Shared Dirtied Blocks":0,"Shared Written Blocks":0,"Local Hit Blocks":0,"Local Read Blocks":0,"Local Dirtied Blocks":0,"Local Written Blocks":0,"Temp Read Blocks":0,"Temp Written Blocks":0,"I/O Read Time":0.0,"I/O Write Time":0.0,"Temp I/O Read Time":0.0,"Temp I/O Write Time":0.0,"Plans":[{"Node Type":"Seq Scan","Parent Relationship":"Outer","Parallel Aware":false,"Async Capable":false,"Relation Name":"supplier","Schema":"public","Alias":"supplier_1","Startup Cost":0.0,"Total Cost":317.0,"Plan Rows":10000,"Plan Width":8,"Actual Startup Time":0.003,"Actual Total Time":0.76,"Actual Rows":10000,"Actual Loops":1,"Output":["supplier_1.su_suppkey","supplier_1.su_name","supplier_1.su_address","supplier_1.su_nationkey","supplier_1.su_phone","supplier_1.su_acctbal","supplier_1.su_comment"],"Shared Hit Blocks":217,"Shared Read Blocks":0,"Shared Dirtied Blocks":0,"Shared Written Blocks":0,"Local Hit Blocks":0,"Local Read Blocks":0,"Local Dirtied Blocks":0,"Local Written Blocks":0,"Temp Read Blocks":0,"Temp Written Blocks":0,"I/O Read Time":0.0,"I/O Write Time":0.0,"Temp I/O Read Time":0.0,"Temp I/O Write Time":0.0},{"Node Type":"Hash","Parent Relationship":"Inner","Parallel Aware":false,"Async Capable":false,"Startup Cost":2.99,"Total Cost":2.99,"Plan Rows":12,"Plan Width":4,"Actual Startup Time":0.039,"Actual Total Time":0.041,"Actual Rows":22,"Actual Loops":1,"Output":["nation_1.n_nationkey"],"Hash Buckets":1024,"Original Hash Buckets":1024,"Hash Batches":1,"Original Hash Batches":1,"Peak Memory Usage":9,"Shared Hit Blocks":2,"Shared Read Blocks":0,"Shared Dirtied Blocks":0,"Shared Written Blocks":0,"Local Hit Blocks":0,"Local Read Blocks":0,"Local Dirtied Blocks":0,"Local Written Blocks":0,"Temp Read Blocks":0,"Temp Written Blocks":0,"I/O Read Time":0.0,"I/O Write Time":0.0,"Temp I/O Read Time":0.0,"Temp I/O Write Time":0.0,"Plans":[{"Node Type":"Hash Join","Parent Relationship":"Outer","Parallel Aware":false,"Async Capable":false,"Join Type":"Inner","Startup Cost":1.07,"Total Cost":2.99,"Plan Rows":12,"Plan Width":4,"Actual Startup Time":0.024,"Actual Total Time":0.036,"Actual Rows":22,"Actual Loops":1,"Output":["nation_1.n_nationkey"],"Inner Unique":true,"Hash Cond":"(nation_1.n_regionkey = region_1.r_regionkey)","Shared Hit Blocks":2,"Shared Read Blocks":0,"Shared Dirtied Blocks":0,"Shared Written Blocks":0,"Local Hit Blocks":0,"Local Read Blocks":0,"Local Dirtied Blocks":0,"Local Written Blocks":0,"Temp Read Blocks":0,"Temp Written Blocks":0,"I/O Read Time":0.0,"I/O Write Time":0.0,"Temp I/O Read Time":0.0,"Temp I/O Write Time":0.0,"Plans":[{"Node Type":"Seq Scan","Parent Relationship":"Outer","Parallel Aware":false,"Async Capable":false,"Relation Name":"nation","Schema":"public","Alias":"nation_1","Startup Cost":0.0,"Total Cost":1.62,"Plan Rows":62,"Plan Width":8,"Actual Startup Time":0.005,"Actual Total Time":0.008,"Actual Rows":62,"Actual Loops":1,"Output":["nation_1.n_nationkey","nation_1.n_name","nation_1.n_regionkey","nation_1.n_comment"],"Shared Hit Blocks":1,"Shared Read Blocks":0,"Shared Dirtied Blocks":0,"Shared Written Blocks":0,"Local Hit Blocks":0,"Local Read Blocks":0,"Local Dirtied Blocks":0,"Local Written Blocks":0,"Temp Read Blocks":0,"Temp Written Blocks":0,"I/O Read Time":0.0,"I/O Write Time":0.0,"Temp I/O Read Time":0.0,"Temp I/O Write Time":0.0},{"Node Type":"Hash","Parent Relationship":"Inner","Parallel Aware":false,"Async Capable":false,"Startup Cost":1.06,"Total Cost":1.06,"Plan Rows":1,"Plan Width":4,"Actual Startup Time":0.006,"Actual Total Time":0.007,"Actual Rows":1,"Actual Loops":1,"Output":["region_1.r_regionkey"],"Hash Buckets":1024,"Original Hash Buckets":1024,"Hash Batches":1,"Original Hash Batches":1,"Peak Memory Usage":9,"Shared Hit Blocks":1,"Shared Read Blocks":0,"Shared Dirtied Blocks":0,"Shared Written Blocks":0,"Local Hit Blocks":0,"Local Read Blocks":0,"Local Dirtied Blocks":0,"Local Written Blocks":0,"Temp Read Blocks":0,"Temp Written Blocks":0,"I/O Read Time":0.0,"I/O Write Time":0.0,"Temp I/O Read Time":0.0,"Temp I/O Write Time":0.0,"Plans":[{"Node Type":"Seq Scan","Parent Relationship":"Outer","Parallel Aware":false,"Async Capable":false,"Relation Name":"region","Schema":"public","Alias":"region_1","Startup Cost":0.0,"Total Cost":1.06,"Plan Rows":1,"Plan Width":4,"Actual Startup Time":0.004,"Actual Total Time":0.004,"Actual Rows":1,"Actual Loops":1,"Output":["region_1.r_regionkey"],"Filter":"((region_1.r_name)::text ~~ 'Europ%'::text)","Rows Removed by Filter":4,"Shared Hit Blocks":1,"Shared Read Blocks":0,"Shared Dirtied Blocks":0,"Shared Written Blocks":0,"Local Hit Blocks":0,"Local Read Blocks":0,"Local Dirtied Blocks":0,"Local Written Blocks":0,"Temp Read Blocks":0,"Temp Written Blocks":0,"I/O Read Time":0.0,"I/O Write Time":0.0,"Temp I/O Read Time":0.0,"Temp I/O Write Time":0.0}]}]}]}]}]}]}]}]}]},{"Node Type":"Hash","Parent Relationship":"Inner","Parallel Aware":false,"Async Capable":false,"Startup Cost":376.99,"Total Cost":376.99,"Plan Rows":2000,"Plan Width":135,"Actual Startup Time":5.944,"Actual Total Time":5.947,"Actual Rows":3506,"Actual Loops":1,"Output":["supplier.su_suppkey","supplier.su_name","supplier.su_address","supplier.su_phone","supplier.su_comment","nation.n_name"],"Hash Buckets":4096,"Original Hash Buckets":2048,"Hash Batches":1,"Original Hash Batches":1,"Peak Memory Usage":614,"Shared Hit Blocks":1,"Shared Read Blocks":218,"Shared Dirtied Blocks":0,"Shared Written Blocks":0,"Local Hit Blocks":0,"Local Read Blocks":0,"Local Dirtied Blocks":0,"Local Written Blocks":0,"Temp Read Blocks":0,"Temp Written Blocks":0,"I/O Read Time":2.464,"I/O Write Time":0.0,"Temp I/O Read Time":0.0,"Temp I/O Write Time":0.0,"Plans":[{"Node Type":"Hash Join","Parent Relationship":"Outer","Parallel Aware":false,"Async Capable":false,"Join Type":"Inner","Startup Cost":3.14,"Total Cost":376.99,"Plan Rows":2000,"Plan Width":135,"Actual Startup Time":0.417,"Actual Total Time":4.945,"Actual Rows":3506,"Actual Loops":1,"Output":["supplier.su_suppkey","supplier.su_name","supplier.su_address","supplier.su_phone","supplier.su_comment","nation.n_name"],"Inner Unique":false,"Hash Cond":"(supplier.su_nationkey = nation.n_nationkey)","Shared Hit Blocks":1,"Shared Read Blocks":218,"Shared Dirtied Blocks":0,"Shared Written Blocks":0,"Local Hit Blocks":0,"Local Read Blocks":0,"Local Dirtied Blocks":0,"Local Written Blocks":0,"Temp Read Blocks":0,"Temp Written Blocks":0,"I/O Read Time":2.464,"I/O Write Time":0.0,"Temp I/O Read Time":0.0,"Temp I/O Write Time":0.0,"Plans":[{"Node Type":"Seq Scan","Parent Relationship":"Outer","Parallel Aware":false,"Async Capable":false,"Relation Name":"supplier","Schema":"public","Alias":"supplier","Startup Cost":0.0,"Total Cost":317.0,"Plan Rows":10000,"Plan Width":131,"Actual Startup Time":0.197,"Actual Total Time":3.27,"Actual Rows":10000,"Actual Loops":1,"Output":["supplier.su_suppkey","supplier.su_name","supplier.su_address","supplier.su_nationkey","supplier.su_phone","supplier.su_acctbal","supplier.su_comment"],"Shared Hit Blocks":0,"Shared Read Blocks":217,"Shared Dirtied Blocks":0,"Shared Written Blocks":0,"Local Hit Blocks":0,"Local Read Blocks":0,"Local Dirtied Blocks":0,"Local Written Blocks":0,"Temp Read Blocks":0,"Temp Written Blocks":0,"I/O Read Time":2.311,"I/O Write Time":0.0,"Temp I/O Read Time":0.0,"Temp I/O Write Time":0.0},{"Node Type":"Hash","Parent Relationship":"Inner","Parallel Aware":false,"Async Capable":false,"Startup Cost":2.99,"Total Cost":2.99,"Plan Rows":12,"Plan Width":12,"Actual Startup Time":0.212,"Actual Total Time":0.213,"Actual Rows":22,"Actual Loops":1,"Output":["nation.n_name","nation.n_nationkey"],"Hash Buckets":1024,"Original Hash Buckets":1024,"Hash Batches":1,"Original Hash Batches":1,"Peak Memory Usage":9,"Shared Hit Blocks":1,"Shared Read Blocks":1,"Shared Dirtied Blocks":0,"Shared Written Blocks":0,"Local Hit Blocks":0,"Local Read Blocks":0,"Local Dirtied Blocks":0,"Local Written Blocks":0,"Temp Read Blocks":0,"Temp Written Blocks":0,"I/O Read Time":0.153,"I/O Write Time":0.0,"Temp I/O Read Time":0.0,"Temp I/O Write Time":0.0,"Plans":[{"Node Type":"Hash Join","Parent Relationship":"Outer","Parallel Aware":false,"Async Capable":false,"Join Type":"Inner","Startup Cost":1.07,"Total Cost":2.99,"Plan Rows":12,"Plan Width":12,"Actual Startup Time":0.197,"Actual Total Time":0.209,"Actual Rows":22,"Actual Loops":1,"Output":["nation.n_name","nation.n_nationkey"],"Inner Unique":true,"Hash Cond":"(nation.n_regionkey = region.r_regionkey)","Shared Hit Blocks":1,"Shared Read Blocks":1,"Shared Dirtied Blocks":0,"Shared Written Blocks":0,"Local Hit Blocks":0,"Local Read Blocks":0,"Local Dirtied Blocks":0,"Local Written Blocks":0,"Temp Read Blocks":0,"Temp Written Blocks":0,"I/O Read Time":0.153,"I/O Write Time":0.0,"Temp I/O Read Time":0.0,"Temp I/O Write Time":0.0,"Plans":[{"Node Type":"Seq Scan","Parent Relationship":"Outer","Parallel Aware":false,"Async Capable":false,"Relation Name":"nation","Schema":"public","Alias":"nation","Startup Cost":0.0,"Total Cost":1.62,"Plan Rows":62,"Plan Width":16,"Actual Startup Time":0.006,"Actual Total Time":0.009,"Actual Rows":62,"Actual Loops":1,"Output":["nation.n_nationkey","nation.n_name","nation.n_regionkey","nation.n_comment"],"Shared Hit Blocks":1,"Shared Read Blocks":0,"Shared Dirtied Blocks":0,"Shared Written Blocks":0,"Local Hit Blocks":0,"Local Read Blocks":0,"Local Dirtied Blocks":0,"Local Written Blocks":0,"Temp Read Blocks":0,"Temp Written Blocks":0,"I/O Read Time":0.0,"I/O Write Time":0.0,"Temp I/O Read Time":0.0,"Temp I/O Write Time":0.0},{"Node Type":"Hash","Parent Relationship":"Inner","Parallel Aware":false,"Async Capable":false,"Startup Cost":1.06,"Total Cost":1.06,"Plan Rows":1,"Plan Width":4,"Actual Startup Time":0.179,"Actual Total Time":0.179,"Actual Rows":1,"Actual Loops":1,"Output":["region.r_regionkey"],"Hash Buckets":1024,"Original Hash Buckets":1024,"Hash Batches":1,"Original Hash Batches":1,"Peak Memory Usage":9,"Shared Hit Blocks":0,"Shared Read Blocks":1,"Shared Dirtied Blocks":0,"Shared Written Blocks":0,"Local Hit Blocks":0,"Local Read Blocks":0,"Local Dirtied Blocks":0,"Local Written Blocks":0,"Temp Read Blocks":0,"Temp Written Blocks":0,"I/O Read Time":0.153,"I/O Write Time":0.0,"Temp I/O Read Time":0.0,"Temp I/O Write Time":0.0,"Plans":[{"Node Type":"Seq Scan","Parent Relationship":"Outer","Parallel Aware":false,"Async Capable":false,"Relation Name":"region","Schema":"public","Alias":"region","Startup Cost":0.0,"Total Cost":1.06,"Plan Rows":1,"Plan Width":4,"Actual Startup Time":0.17,"Actual Total Time":0.171,"Actual Rows":1,"Actual Loops":1,"Output":["region.r_regionkey"],"Filter":"((region.r_name)::text ~~ 'Europ%'::text)","Rows Removed by Filter":4,"Shared Hit Blocks":0,"Shared Read Blocks":1,"Shared Dirtied Blocks":0,"Shared Written Blocks":0,"Local Hit Blocks":0,"Local Read Blocks":0,"Local Dirtied Blocks":0,"Local Written Blocks":0,"Temp Read Blocks":0,"Temp Written Blocks":0,"I/O Read Time":0.153,"I/O Write Time":0.0,"Temp I/O Read Time":0.0,"Temp I/O Write Time":0.0}]}]}]}]}]}]}]},"Planning":{"Shared Hit Blocks":253,"Shared Read Blocks":19,"Shared Dirtied Blocks":0,"Shared Written Blocks":0,"Local Hit Blocks":0,"Local Read Blocks":0,"Local Dirtied Blocks":0,"Local Written Blocks":0,"Temp Read Blocks":0,"Temp Written Blocks":0,"I/O Read Time":2.299,"I/O Write Time":0.0,"Temp I/O Read Time":0.0,"Temp I/O Write Time":0.0},"Planning Time":3.725,"Triggers":[],"Execution Time":21406.03}]
[列存组合]: item
[{"Plan":{"Node Type":"Sort","Parallel Aware":false,"Async Capable":false,"Startup Cost":2544943.68,"Total Cost":2544943.68,"Plan Rows":2,"Plan Width":164,"Actual Startup Time":13817.096,"Actual Total Time":13817.202,"Actual Rows":2295,"Actual Loops":1,"Output":["supplier.su_suppkey","supplier.su_name","nation.n_name","item.i_id","item.i_name","supplier.su_address","supplier.su_phone","supplier.su_comment"],"Sort Key":["nation.n_name","supplier.su_name","item.i_id"],"Sort Method":"quicksort","Sort Space Used":568,"Sort Space Type":"Memory","Shared Hit Blocks":1689225,"Shared Read Blocks":29,"Shared Dirtied Blocks":0,"Shared Written Blocks":0,"Local Hit Blocks":0,"Local Read Blocks":0,"Local Dirtied Blocks":0,"Local Written Blocks":0,"Temp Read Blocks":8330,"Temp Written Blocks":14781,"I/O Read Time":0.936,"I/O Write Time":0.0,"Temp I/O Read Time":11.861,"Temp I/O Write Time":52.641,"Plans":[{"Node Type":"Hash Join","Parent Relationship":"Outer","Parallel Aware":false,"Async Capable":false,"Join Type":"Inner","Startup Cost":1459002.57,"Total Cost":2544943.67,"Plan Rows":2,"Plan Width":164,"Actual Startup Time":8594.793,"Actual Total Time":13812.105,"Actual Rows":2295,"Actual Loops":1,"Output":["supplier.su_suppkey","supplier.su_name","nation.n_name","item.i_id","item.i_name","supplier.su_address","supplier.su_phone","supplier.su_comment"],"Inner Unique":true,"Hash Cond":"(nation.n_regionkey = region.r_regionkey)","Shared Hit Blocks":1689225,"Shared Read Blocks":29,"Shared Dirtied Blocks":0,"Shared Written Blocks":0,"Local Hit Blocks":0,"Local Read Blocks":0,"Local Dirtied Blocks":0,"Local Written Blocks":0,"Temp Read Blocks":8330,"Temp Written Blocks":14781,"I/O Read Time":0.936,"I/O Write Time":0.0,"Temp I/O Read Time":11.861,"Temp I/O Write Time":52.641,"Plans":[{"Node Type":"Nested Loop","Parent Relationship":"Outer","Parallel Aware":false,"Async Capable":false,"Join Type":"Inner","Startup Cost":1459001.49,"Total Cost":2544942.54,"Plan Rows":10,"Plan Width":168,"Actual Startup Time":8593.925,"Actual Total Time":13810.817,"Actual Rows":4450,"Actual Loops":1,"Output":["item.i_id","item.i_name","supplier.su_suppkey","supplier.su_name","supplier.su_address","supplier.su_phone","supplier.su_comment","nation.n_name","nation.n_regionkey"],"Inner Unique":true,"Shared Hit Blocks":1689224,"Shared Read Blocks":29,"Shared Dirtied Blocks":0,"Shared Written Blocks":0,"Local Hit Blocks":0,"Local Read Blocks":0,"Local Dirtied Blocks":0,"Local Written Blocks":0,"Temp Read Blocks":8330,"Temp Written Blocks":14781,"I/O Read Time":0.936,"I/O Write Time":0.0,"Temp I/O Read Time":11.861,"Temp I/O Write Time":52.641,"Plans":[{"Node Type":"Nested Loop","Parent Relationship":"Outer","Parallel Aware":false,"Async Capable":false,"Join Type":"Inner","Startup Cost":1459001.35,"Total Cost":2544940.95,"Plan Rows":10,"Plan Width":160,"Actual Startup Time":8593.913,"Actual Total Time":13804.378,"Actual Rows":4450,"Actual Loops":1,"Output":["item.i_id","item.i_name","supplier.su_suppkey","supplier.su_name","supplier.su_address","supplier.su_phone","supplier.su_comment","supplier.su_nationkey"],"Inner Unique":true,"Shared Hit Blocks":1680324,"Shared Read Blocks":29,"Shared Dirtied Blocks":0,"Shared Written Blocks":0,"Local Hit Blocks":0,"Local Read Blocks":0,"Local Dirtied Blocks":0,"Local Written Blocks":0,"Temp Read Blocks":8330,"Temp Written Blocks":14781,"I/O Read Time":0.936,"I/O Write Time":0.0,"Temp I/O Read Time":11.861,"Temp I/O Write Time":52.641,"Plans":[{"Node Type":"Hash Join","Parent Relationship":"Outer","Parallel Aware":false,"Async Capable":false,"Join Type":"Inner","Startup Cost":1459001.06,"Total Cost":2544908.47,"Plan Rows":10,"Plan Width":35,"Actual Startup Time":8593.563,"Actual Total Time":13786.928,"Actual Rows":4450,"Actual Loops":1,"Output":["item.i_id","item.i_name","stock.s_i_id","stock.s_w_id"],"Inner Unique":true,"Hash Cond":"((item.i_id = stock_1.s_i_id) AND (stock.s_quantity = (min(stock_1.s_quantity))))","Shared Hit Blocks":1667003,"Shared Read Blocks":0,"Shared Dirtied Blocks":0,"Shared Written Blocks":0,"Local Hit Blocks":0,"Local Read Blocks":0,"Local Dirtied Blocks":0,"Local Written Blocks":0,"Temp Read Blocks":8330,"Temp Written Blocks":14781,"I/O Read Time":0.0,"I/O Write Time":0.0,"Temp I/O Read Time":11.861,"Temp I/O Write Time":52.641,"Plans":[{"Node Type":"Hash Join","Parent Relationship":"Outer","Parallel Aware":false,"Async Capable":false,"Join Type":"Inner","Startup Cost":484.4,"Total Cost":1086381.3,"Plan Rows":2000,"Plan Width":37,"Actual Startup Time":8.719,"Actual Total Time":5128.933,"Actual Rows":314400,"Actual Loops":1,"Output":["item.i_id","item.i_name","stock.s_i_id","stock.s_w_id","stock.s_quantity"],"Inner Unique":true,"Hash Cond":"(stock.s_i_id = item.i_id)","Shared Hit Blocks":833392,"Shared Read Blocks":0,"Shared Dirtied Blocks":0,"Shared Written Blocks":0,"Local Hit Blocks":0,"Local Read Blocks":0,"Local Dirtied Blocks":0,"Local Written Blocks":0,"Temp Read Blocks":0,"Temp Written Blocks":0,"I/O Read Time":0.0,"I/O Write Time":0.0,"Temp I/O Read Time":0.0,"Temp I/O Write Time":0.0,"Plans":[{"Node Type":"Seq Scan","Parent Relationship":"Outer","Parallel Aware":false,"Async Capable":false,"Relation Name":"stock","Schema":"public","Alias":"stock","Startup Cost":0.0,"Total Cost":1033394.12,"Plan Rows":20000212,"Plan Width":8,"Actual Startup Time":0.005,"Actual Total Time":1744.037,"Actual Rows":20000000,"Actual Loops":1,"Output":["stock.s_i_id","stock.s_w_id","stock.s_quantity","stock.s_dist_01","stock.s_dist_02","stock.s_dist_03","stock.s_dist_04","stock.s_dist_05","stock.s_dist_06","stock.s_dist_07","stock.s_dist_08","stock.s_dist_09","stock.s_dist_10","stock.s_ytd","stock.s_order_cnt","stock.s_remote_cnt","stock.s_data"],"Shared Hit Blocks":833392,"Shared Read Blocks":0,"Shared Dirtied Blocks":0,"Shared Written Blocks":0,"Local Hit Blocks":0,"Local Read Blocks":0,"Local Dirtied Blocks":0,"Local Written Blocks":0,"Temp Read Blocks":0,"Temp Written Blocks":0,"I/O Read Time":0.0,"I/O Write Time":0.0,"Temp I/O Read Time":0.0,"Temp I/O Write Time":0.0},{"Node Type":"Hash","Parent Relationship":"Inner","Parallel Aware":false,"Async Capable":false,"Startup Cost":484.26,"Total Cost":484.26,"Plan Rows":11,"Plan Width":29,"Actual Startup Time":8.689,"Actual Total Time":8.692,"Actual Rows":1572,"Actual Loops":1,"Output":["item.i_id","item.i_name"],"Hash Buckets":2048,"Original Hash Buckets":1024,"Hash Batches":1,"Original Hash Batches":1,"Peak Memory Usage":110,"Shared Hit Blocks":0,"Shared Read Blocks":0,"Shared Dirtied Blocks":0,"Shared Written Blocks":0,"Local Hit Blocks":0,"Local Read Blocks":0,"Local Dirtied Blocks":0,"Local Written Blocks":0,"Temp Read Blocks":0,"Temp Written Blocks":0,"I/O Read Time":0.0,"I/O Write Time":0.0,"Temp I/O Read Time":0.0,"Temp I/O Write Time":0.0,"Plans":[{"Node Type":"Append","Parent Relationship":"Outer","Parallel Aware":false,"Async Capable":false,"Startup Cost":20.0,"Total Cost":484.26,"Plan Rows":11,"Plan Width":29,"Actual Startup Time":7.507,"Actual Total Time":8.27,"Actual Rows":1572,"Actual Loops":1,"Shared Hit Blocks":0,"Shared Read Blocks":0,"Shared Dirtied Blocks":0,"Shared Written Blocks":0,"Local Hit Blocks":0,"Local Read Blocks":0,"Local Dirtied Blocks":0,"Local Written Blocks":0,"Temp Read Blocks":0,"Temp Written Blocks":0,"I/O Read Time":0.0,"I/O Write Time":0.0,"Temp I/O Read Time":0.0,"Temp I/O Write Time":0.0,"Subplans Removed":0,"Plans":[{"Node Type":"Custom Scan","Parent Relationship":"Member","Custom Plan Provider":"columnar scan","Parallel Aware":false,"Async Capable":false,"Relation Name":"item","Schema":"public","Alias":"item","Startup Cost":20.0,"Total Cost":20.2,"Plan Rows":10,"Plan Width":29,"Actual Startup Time":7.506,"Actual Total Time":8.153,"Actual Rows":1572,"Actual Loops":1,"Output":["item.i_id","item.i_name"],"Filter":"((item.i_data)::text ~~ '%b'::text)","Rows Removed by Filter":0,"Rows Removed by Columnar Filter":98428,"Columnar cache search mode":"native","Shared Hit Blocks":0,"Shared Read Blocks":0,"Shared Dirtied Blocks":0,"Shared Written Blocks":0,"Local Hit Blocks":0,"Local Read Blocks":0,"Local Dirtied Blocks":0,"Local Written Blocks":0,"Temp Read Blocks":0,"Temp Written Blocks":0,"I/O Read Time":0.0,"I/O Write Time":0.0,"Temp I/O Read Time":0.0,"Temp I/O Write Time":0.0},{"Node Type":"Seq Scan","Parent Relationship":"Member","Parallel Aware":false,"Async Capable":false,"Relation Name":"item","Schema":"public","Alias":"item","Startup Cost":0.0,"Total Cost":4.01,"Plan Rows":1,"Plan Width":29,"Actual Startup Time":0.0,"Actual Total Time":0.0,"Actual Rows":0,"Actual Loops":0,"Output":["item.i_id","item.i_name"],"Filter":"((item.i_data)::text ~~ '%b'::text)","Rows Removed by Filter":0,"Shared Hit Blocks":0,"Shared Read Blocks":0,"Shared Dirtied Blocks":0,"Shared Written Blocks":0,"Local Hit Blocks":0,"Local Read Blocks":0,"Local Dirtied Blocks":0,"Local Written Blocks":0,"Temp Read Blocks":0,"Temp Written Blocks":0,"I/O Read Time":0.0,"I/O Write Time":0.0,"Temp I/O Read Time":0.0,"Temp I/O Write Time":0.0}]}]}]},{"Node Type":"Hash","Parent Relationship":"Inner","Parallel Aware":false,"Async Capable":false,"Startup Cost":1457031.19,"Total Cost":1457031.19,"Plan Rows":99032,"Plan Width":6,"Actual Startup Time":8582.776,"Actual Total Time":8582.781,"Actual Rows":100000,"Actual Loops":1,"Output":["stock_1.s_i_id","(min(stock_1.s_quantity))"],"Hash Buckets":131072,"Original Hash Buckets":131072,"Hash Batches":1,"Original Hash Batches":1,"Peak Memory Usage":4735,"Shared Hit Blocks":833611,"Shared Read Blocks":0,"Shared Dirtied Blocks":0,"Shared Written Blocks":0,"Local Hit Blocks":0,"Local Read Blocks":0,"Local Dirtied Blocks":0,"Local Written Blocks":0,"Temp Read Blocks":8330,"Temp Written Blocks":14781,"I/O Read Time":0.0,"I/O Write Time":0.0,"Temp I/O Read Time":11.861,"Temp I/O Write Time":52.641,"Plans":[{"Node Type":"Aggregate","Strategy":"Hashed","Partial Mode":"Simple","Parent Relationship":"Outer","Parallel Aware":false,"Async Capable":false,"Startup Cost":1423800.22,"Total Cost":1456040.87,"Plan Rows":99032,"Plan Width":6,"Actual Startup Time":8242.994,"Actual Total Time":8568.205,"Actual Rows":100000,"Actual Loops":1,"Output":["stock_1.s_i_id","min(stock_1.s_quantity)"],"Group Key":["stock_1.s_i_id"],"Planned Partitions":0,"HashAgg Batches":5,"Peak Memory Usage":8241,"Disk Usage":68504,"Shared Hit Blocks":833611,"Shared Read Blocks":0,"Shared Dirtied Blocks":0,"Shared Written Blocks":0,"Local Hit Blocks":0,"Local Read Blocks":0,"Local Dirtied Blocks":0,"Local Written Blocks":0,"Temp Read Blocks":8330,"Temp Written Blocks":14781,"I/O Read Time":0.0,"I/O Write Time":0.0,"Temp I/O Read Time":11.861,"Temp I/O Write Time":52.641,"Plans":[{"Node Type":"Hash Join","Parent Relationship":"Outer","Parallel Aware":false,"Async Capable":false,"Join Type":"Inner","Startup Cost":401.99,"Total Cost":1198797.86,"Plan Rows":4000042,"Plan Width":6,"Actual Startup Time":2.578,"Actual Total Time":6892.618,"Actual Rows":6959700,"Actual Loops":1,"Output":["stock_1.s_i_id","stock_1.s_quantity"],"Inner Unique":false,"Hash Cond":"(mod((stock_1.s_w_id * stock_1.s_i_id), 10000) = supplier_1.su_suppkey)","Shared Hit Blocks":833611,"Shared Read Blocks":0,"Shared Dirtied Blocks":0,"Shared Written Blocks":0,"Local Hit Blocks":0,"Local Read Blocks":0,"Local Dirtied Blocks":0,"Local Written Blocks":0,"Temp Read Blocks":0,"Temp Written Blocks":0,"I/O Read Time":0.0,"I/O Write Time":0.0,"Temp I/O Read Time":0.0,"Temp I/O Write Time":0.0,"Plans":[{"Node Type":"Seq Scan","Parent Relationship":"Outer","Parallel Aware":false,"Async Capable":false,"Relation Name":"stock","Schema":"public","Alias":"stock_1","Startup Cost":0.0,"Total Cost":1033394.12,"Plan Rows":20000212,"Plan Width":8,"Actual Startup Time":0.004,"Actual Total Time":1886.374,"Actual Rows":20000000,"Actual Loops":1,"Output":["stock_1.s_i_id","stock_1.s_w_id","stock_1.s_quantity","stock_1.s_dist_01","stock_1.s_dist_02","stock_1.s_dist_03","stock_1.s_dist_04","stock_1.s_dist_05","stock_1.s_dist_06","stock_1.s_dist_07","stock_1.s_dist_08","stock_1.s_dist_09","stock_1.s_dist_10","stock_1.s_ytd","stock_1.s_order_cnt","stock_1.s_remote_cnt","stock_1.s_data"],"Shared Hit Blocks":833392,"Shared Read Blocks":0,"Shared Dirtied Blocks":0,"Shared Written Blocks":0,"Local Hit Blocks":0,"Local Read Blocks":0,"Local Dirtied Blocks":0,"Local Written Blocks":0,"Temp Read Blocks":0,"Temp Written Blocks":0,"I/O Read Time":0.0,"I/O Write Time":0.0,"Temp I/O Read Time":0.0,"Temp I/O Write Time":0.0},{"Node Type":"Hash","Parent Relationship":"Inner","Parallel Aware":false,"Async Capable":false,"Startup Cost":376.99,"Total Cost":376.99,"Plan Rows":2000,"Plan Width":4,"Actual Startup Time":2.568,"Actual Total Time":2.57,"Actual Rows":3506,"Actual Loops":1,"Output":["supplier_1.su_suppkey"],"Hash Buckets":4096,"Original Hash Buckets":2048,"Hash Batches":1,"Original Hash Batches":1,"Peak Memory Usage":156,"Shared Hit Blocks":219,"Shared Read Blocks":0,"Shared Dirtied Blocks":0,"Shared Written Blocks":0,"Local Hit Blocks":0,"Local Read Blocks":0,"Local Dirtied Blocks":0,"Local Written Blocks":0,"Temp Read Blocks":0,"Temp Written Blocks":0,"I/O Read Time":0.0,"I/O Write Time":0.0,"Temp I/O Read Time":0.0,"Temp I/O Write Time":0.0,"Plans":[{"Node Type":"Hash Join","Parent Relationship":"Outer","Parallel Aware":false,"Async Capable":false,"Join Type":"Inner","Startup Cost":3.14,"Total Cost":376.99,"Plan Rows":2000,"Plan Width":4,"Actual Startup Time":0.048,"Actual Total Time":2.175,"Actual Rows":3506,"Actual Loops":1,"Output":["supplier_1.su_suppkey"],"Inner Unique":false,"Hash Cond":"(supplier_1.su_nationkey = nation_1.n_nationkey)","Shared Hit Blocks":219,"Shared Read Blocks":0,"Shared Dirtied Blocks":0,"Shared Written Blocks":0,"Local Hit Blocks":0,"Local Read Blocks":0,"Local Dirtied Blocks":0,"Local Written Blocks":0,"Temp Read Blocks":0,"Temp Written Blocks":0,"I/O Read Time":0.0,"I/O Write Time":0.0,"Temp I/O Read Time":0.0,"Temp I/O Write Time":0.0,"Plans":[{"Node Type":"Seq Scan","Parent Relationship":"Outer","Parallel Aware":false,"Async Capable":false,"Relation Name":"supplier","Schema":"public","Alias":"supplier_1","Startup Cost":0.0,"Total Cost":317.0,"Plan Rows":10000,"Plan Width":8,"Actual Startup Time":0.005,"Actual Total Time":0.772,"Actual Rows":10000,"Actual Loops":1,"Output":["supplier_1.su_suppkey","supplier_1.su_name","supplier_1.su_address","supplier_1.su_nationkey","supplier_1.su_phone","supplier_1.su_acctbal","supplier_1.su_comment"],"Shared Hit Blocks":217,"Shared Read Blocks":0,"Shared Dirtied Blocks":0,"Shared Written Blocks":0,"Local Hit Blocks":0,"Local Read Blocks":0,"Local Dirtied Blocks":0,"Local Written Blocks":0,"Temp Read Blocks":0,"Temp Written Blocks":0,"I/O Read Time":0.0,"I/O Write Time":0.0,"Temp I/O Read Time":0.0,"Temp I/O Write Time":0.0},{"Node Type":"Hash","Parent Relationship":"Inner","Parallel Aware":false,"Async Capable":false,"Startup Cost":2.99,"Total Cost":2.99,"Plan Rows":12,"Plan Width":4,"Actual Startup Time":0.034,"Actual Total Time":0.036,"Actual Rows":22,"Actual Loops":1,"Output":["nation_1.n_nationkey"],"Hash Buckets":1024,"Original Hash Buckets":1024,"Hash Batches":1,"Original Hash Batches":1,"Peak Memory Usage":9,"Shared Hit Blocks":2,"Shared Read Blocks":0,"Shared Dirtied Blocks":0,"Shared Written Blocks":0,"Local Hit Blocks":0,"Local Read Blocks":0,"Local Dirtied Blocks":0,"Local Written Blocks":0,"Temp Read Blocks":0,"Temp Written Blocks":0,"I/O Read Time":0.0,"I/O Write Time":0.0,"Temp I/O Read Time":0.0,"Temp I/O Write Time":0.0,"Plans":[{"Node Type":"Hash Join","Parent Relationship":"Outer","Parallel Aware":false,"Async Capable":false,"Join Type":"Inner","Startup Cost":1.07,"Total Cost":2.99,"Plan Rows":12,"Plan Width":4,"Actual Startup Time":0.019,"Actual Total Time":0.032,"Actual Rows":22,"Actual Loops":1,"Output":["nation_1.n_nationkey"],"Inner Unique":true,"Hash Cond":"(nation_1.n_regionkey = region_1.r_regionkey)","Shared Hit Blocks":2,"Shared Read Blocks":0,"Shared Dirtied Blocks":0,"Shared Written Blocks":0,"Local Hit Blocks":0,"Local Read Blocks":0,"Local Dirtied Blocks":0,"Local Written Blocks":0,"Temp Read Blocks":0,"Temp Written Blocks":0,"I/O Read Time":0.0,"I/O Write Time":0.0,"Temp I/O Read Time":0.0,"Temp I/O Write Time":0.0,"Plans":[{"Node Type":"Seq Scan","Parent Relationship":"Outer","Parallel Aware":false,"Async Capable":false,"Relation Name":"nation","Schema":"public","Alias":"nation_1","Startup Cost":0.0,"Total Cost":1.62,"Plan Rows":62,"Plan Width":8,"Actual Startup Time":0.004,"Actual Total Time":0.008,"Actual Rows":62,"Actual Loops":1,"Output":["nation_1.n_nationkey","nation_1.n_name","nation_1.n_regionkey","nation_1.n_comment"],"Shared Hit Blocks":1,"Shared Read Blocks":0,"Shared Dirtied Blocks":0,"Shared Written Blocks":0,"Local Hit Blocks":0,"Local Read Blocks":0,"Local Dirtied Blocks":0,"Local Written Blocks":0,"Temp Read Blocks":0,"Temp Written Blocks":0,"I/O Read Time":0.0,"I/O Write Time":0.0,"Temp I/O Read Time":0.0,"Temp I/O Write Time":0.0},{"Node Type":"Hash","Parent Relationship":"Inner","Parallel Aware":false,"Async Capable":false,"Startup Cost":1.06,"Total Cost":1.06,"Plan Rows":1,"Plan Width":4,"Actual Startup Time":0.005,"Actual Total Time":0.006,"Actual Rows":1,"Actual Loops":1,"Output":["region_1.r_regionkey"],"Hash Buckets":1024,"Original Hash Buckets":1024,"Hash Batches":1,"Original Hash Batches":1,"Peak Memory Usage":9,"Shared Hit Blocks":1,"Shared Read Blocks":0,"Shared Dirtied Blocks":0,"Shared Written Blocks":0,"Local Hit Blocks":0,"Local Read Blocks":0,"Local Dirtied Blocks":0,"Local Written Blocks":0,"Temp Read Blocks":0,"Temp Written Blocks":0,"I/O Read Time":0.0,"I/O Write Time":0.0,"Temp I/O Read Time":0.0,"Temp I/O Write Time":0.0,"Plans":[{"Node Type":"Seq Scan","Parent Relationship":"Outer","Parallel Aware":false,"Async Capable":false,"Relation Name":"region","Schema":"public","Alias":"region_1","Startup Cost":0.0,"Total Cost":1.06,"Plan Rows":1,"Plan Width":4,"Actual Startup Time":0.004,"Actual Total Time":0.004,"Actual Rows":1,"Actual Loops":1,"Output":["region_1.r_regionkey"],"Filter":"((region_1.r_name)::text ~~ 'Europ%'::text)","Rows Removed by Filter":4,"Shared Hit Blocks":1,"Shared Read Blocks":0,"Shared Dirtied Blocks":0,"Shared Written Blocks":0,"Local Hit Blocks":0,"Local Read Blocks":0,"Local Dirtied Blocks":0,"Local Written Blocks":0,"Temp Read Blocks":0,"Temp Written Blocks":0,"I/O Read Time":0.0,"I/O Write Time":0.0,"Temp I/O Read Time":0.0,"Temp I/O Write Time":0.0}]}]}]}]}]}]}]}]}]},{"Node Type":"Index Scan","Parent Relationship":"Inner","Parallel Aware":false,"Async Capable":false,"Scan Direction":"Forward","Index Name":"supplier_pk","Relation Name":"supplier","Schema":"public","Alias":"supplier","Startup Cost":0.29,"Total Cost":3.25,"Plan Rows":1,"Plan Width":131,"Actual Startup Time":0.003,"Actual Total Time":0.003,"Actual Rows":1,"Actual Loops":4450,"Output":["supplier.su_suppkey","supplier.su_name","supplier.su_address","supplier.su_nationkey","supplier.su_phone","supplier.su_acctbal","supplier.su_comment"],"Index Cond":"(supplier.su_suppkey = mod((stock.s_w_id * stock.s_i_id), 10000))","Rows Removed by Index Recheck":0,"Shared Hit Blocks":13321,"Shared Read Blocks":29,"Shared Dirtied Blocks":0,"Shared Written Blocks":0,"Local Hit Blocks":0,"Local Read Blocks":0,"Local Dirtied Blocks":0,"Local Written Blocks":0,"Temp Read Blocks":0,"Temp Written Blocks":0,"I/O Read Time":0.936,"I/O Write Time":0.0,"Temp I/O Read Time":0.0,"Temp I/O Write Time":0.0}]},{"Node Type":"Index Scan","Parent Relationship":"Inner","Parallel Aware":false,"Async Capable":false,"Scan Direction":"Forward","Index Name":"nation_pk","Relation Name":"nation","Schema":"public","Alias":"nation","Startup Cost":0.14,"Total Cost":0.16,"Plan Rows":1,"Plan Width":16,"Actual Startup Time":0.001,"Actual Total Time":0.001,"Actual Rows":1,"Actual Loops":4450,"Output":["nation.n_nationkey","nation.n_name","nation.n_regionkey","nation.n_comment"],"Index Cond":"(nation.n_nationkey = supplier.su_nationkey)","Rows Removed by Index Recheck":0,"Shared Hit Blocks":8900,"Shared Read Blocks":0,"Shared Dirtied Blocks":0,"Shared Written Blocks":0,"Local Hit Blocks":0,"Local Read Blocks":0,"Local Dirtied Blocks":0,"Local Written Blocks":0,"Temp Read Blocks":0,"Temp Written Blocks":0,"I/O Read Time":0.0,"I/O Write Time":0.0,"Temp I/O Read Time":0.0,"Temp I/O Write Time":0.0}]},{"Node Type":"Hash","Parent Relationship":"Inner","Parallel Aware":false,"Async Capable":false,"Startup Cost":1.06,"Total Cost":1.06,"Plan Rows":1,"Plan Width":4,"Actual Startup Time":0.015,"Actual Total Time":0.016,"Actual Rows":1,"Actual Loops":1,"Output":["region.r_regionkey"],"Hash Buckets":1024,"Original Hash Buckets":1024,"Hash Batches":1,"Original Hash Batches":1,"Peak Memory Usage":9,"Shared Hit Blocks":1,"Shared Read Blocks":0,"Shared Dirtied Blocks":0,"Shared Written Blocks":0,"Local Hit Blocks":0,"Local Read Blocks":0,"Local Dirtied Blocks":0,"Local Written Blocks":0,"Temp Read Blocks":0,"Temp Written Blocks":0,"I/O Read Time":0.0,"I/O Write Time":0.0,"Temp I/O Read Time":0.0,"Temp I/O Write Time":0.0,"Plans":[{"Node Type":"Seq Scan","Parent Relationship":"Outer","Parallel Aware":false,"Async Capable":false,"Relation Name":"region","Schema":"public","Alias":"region","Startup Cost":0.0,"Total Cost":1.06,"Plan Rows":1,"Plan Width":4,"Actual Startup Time":0.012,"Actual Total Time":0.013,"Actual Rows":1,"Actual Loops":1,"Output":["region.r_regionkey"],"Filter":"((region.r_name)::text ~~ 'Europ%'::text)","Rows Removed by Filter":4,"Shared Hit Blocks":1,"Shared Read Blocks":0,"Shared Dirtied Blocks":0,"Shared Written Blocks":0,"Local Hit Blocks":0,"Local Read Blocks":0,"Local Dirtied Blocks":0,"Local Written Blocks":0,"Temp Read Blocks":0,"Temp Written Blocks":0,"I/O Read Time":0.0,"I/O Write Time":0.0,"Temp I/O Read Time":0.0,"Temp I/O Write Time":0.0}]}]}]},"Planning":{"Shared Hit Blocks":159,"Shared Read Blocks":1,"Shared Dirtied Blocks":0,"Shared Written Blocks":0,"Local Hit Blocks":0,"Local Read Blocks":0,"Local Dirtied Blocks":0,"Local Written Blocks":0,"Temp Read Blocks":0,"Temp Written Blocks":0,"I/O Read Time":0.012,"I/O Write Time":0.0,"Temp I/O Read Time":0.0,"Temp I/O Write Time":0.0},"Planning Time":1.307,"Triggers":[],"Execution Time":13828.147}]
[列存组合]: nation
[{"Plan":{"Node Type":"Sort","Parallel Aware":false,"Async Capable":false,"Startup Cost":2547074.4,"Total Cost":2547074.41,"Plan Rows":2,"Plan Width":164,"Actual Startup Time":13776.19,"Actual Total Time":13776.289,"Actual Rows":2295,"Actual Loops":1,"Output":["supplier.su_suppkey","supplier.su_name","nation.n_name","item.i_id","item.i_name","supplier.su_address","supplier.su_phone","supplier.su_comment"],"Sort Key":["nation.n_name","supplier.su_name","item.i_id"],"Sort Method":"quicksort","Sort Space Used":568,"Sort Space Type":"Memory","Shared Hit Blocks":1690619,"Shared Read Blocks":0,"Shared Dirtied Blocks":0,"Shared Written Blocks":0,"Local Hit Blocks":0,"Local Read Blocks":0,"Local Dirtied Blocks":0,"Local Written Blocks":0,"Temp Read Blocks":8330,"Temp Written Blocks":14781,"I/O Read Time":0.0,"I/O Write Time":0.0,"Temp I/O Read Time":11.846,"Temp I/O Write Time":52.528,"Plans":[{"Node Type":"Hash Join","Parent Relationship":"Outer","Parallel Aware":false,"Async Capable":false,"Join Type":"Inner","Startup Cost":1461133.3,"Total Cost":2547074.39,"Plan Rows":2,"Plan Width":164,"Actual Startup Time":8574.881,"Actual Total Time":13771.245,"Actual Rows":2295,"Actual Loops":1,"Output":["supplier.su_suppkey","supplier.su_name","nation.n_name","item.i_id","item.i_name","supplier.su_address","supplier.su_phone","supplier.su_comment"],"Inner Unique":true,"Hash Cond":"(nation.n_regionkey = region.r_regionkey)","Shared Hit Blocks":1690619,"Shared Read Blocks":0,"Shared Dirtied Blocks":0,"Shared Written Blocks":0,"Local Hit Blocks":0,"Local Read Blocks":0,"Local Dirtied Blocks":0,"Local Written Blocks":0,"Temp Read Blocks":8330,"Temp Written Blocks":14781,"I/O Read Time":0.0,"I/O Write Time":0.0,"Temp I/O Read Time":11.846,"Temp I/O Write Time":52.528,"Plans":[{"Node Type":"Nested Loop","Parent Relationship":"Outer","Parallel Aware":false,"Async Capable":false,"Join Type":"Inner","Startup Cost":1461132.22,"Total Cost":2547073.27,"Plan Rows":10,"Plan Width":168,"Actual Startup Time":8574.354,"Actual Total Time":13769.939,"Actual Rows":4450,"Actual Loops":1,"Output":["item.i_id","item.i_name","supplier.su_suppkey","supplier.su_name","supplier.su_address","supplier.su_phone","supplier.su_comment","nation.n_name","nation.n_regionkey"],"Inner Unique":true,"Shared Hit Blocks":1690618,"Shared Read Blocks":0,"Shared Dirtied Blocks":0,"Shared Written Blocks":0,"Local Hit Blocks":0,"Local Read Blocks":0,"Local Dirtied Blocks":0,"Local Written Blocks":0,"Temp Read Blocks":8330,"Temp Written Blocks":14781,"I/O Read Time":0.0,"I/O Write Time":0.0,"Temp I/O Read Time":11.846,"Temp I/O Write Time":52.528,"Plans":[{"Node Type":"Nested Loop","Parent Relationship":"Outer","Parallel Aware":false,"Async Capable":false,"Join Type":"Inner","Startup Cost":1461132.08,"Total Cost":2547071.68,"Plan Rows":10,"Plan Width":160,"Actual Startup Time":8574.347,"Actual Total Time":13763.377,"Actual Rows":4450,"Actual Loops":1,"Output":["item.i_id","item.i_name","supplier.su_suppkey","supplier.su_name","supplier.su_address","supplier.su_phone","supplier.su_comment","supplier.su_nationkey"],"Inner Unique":true,"Shared Hit Blocks":1681718,"Shared Read Blocks":0,"Shared Dirtied Blocks":0,"Shared Written Blocks":0,"Local Hit Blocks":0,"Local Read Blocks":0,"Local Dirtied Blocks":0,"Local Written Blocks":0,"Temp Read Blocks":8330,"Temp Written Blocks":14781,"I/O Read Time":0.0,"I/O Write Time":0.0,"Temp I/O Read Time":11.846,"Temp I/O Write Time":52.528,"Plans":[{"Node Type":"Hash Join","Parent Relationship":"Outer","Parallel Aware":false,"Async Capable":false,"Join Type":"Inner","Startup Cost":1461131.79,"Total Cost":2547039.19,"Plan Rows":10,"Plan Width":35,"Actual Startup Time":8574.321,"Actual Total Time":13746.49,"Actual Rows":4450,"Actual Loops":1,"Output":["item.i_id","item.i_name","stock.s_i_id","stock.s_w_id"],"Inner Unique":true,"Hash Cond":"((item.i_id = stock_1.s_i_id) AND (stock.s_quantity = (min(stock_1.s_quantity))))","Shared Hit Blocks":1668368,"Shared Read Blocks":0,"Shared Dirtied Blocks":0,"Shared Written Blocks":0,"Local Hit Blocks":0,"Local Read Blocks":0,"Local Dirtied Blocks":0,"Local Written Blocks":0,"Temp Read Blocks":8330,"Temp Written Blocks":14781,"I/O Read Time":0.0,"I/O Write Time":0.0,"Temp I/O Read Time":11.846,"Temp I/O Write Time":52.528,"Plans":[{"Node Type":"Hash Join","Parent Relationship":"Outer","Parallel Aware":false,"Async Capable":false,"Join Type":"Inner","Startup Cost":2615.12,"Total Cost":1088512.03,"Plan Rows":2000,"Plan Width":37,"Actual Startup Time":14.14,"Actual Total Time":5112.187,"Actual Rows":314400,"Actual Loops":1,"Output":["item.i_id","item.i_name","stock.s_i_id","stock.s_w_id","stock.s_quantity"],"Inner Unique":true,"Hash Cond":"(stock.s_i_id = item.i_id)","Shared Hit Blocks":834757,"Shared Read Blocks":0,"Shared Dirtied Blocks":0,"Shared Written Blocks":0,"Local Hit Blocks":0,"Local Read Blocks":0,"Local Dirtied Blocks":0,"Local Written Blocks":0,"Temp Read Blocks":0,"Temp Written Blocks":0,"I/O Read Time":0.0,"I/O Write Time":0.0,"Temp I/O Read Time":0.0,"Temp I/O Write Time":0.0,"Plans":[{"Node Type":"Seq Scan","Parent Relationship":"Outer","Parallel Aware":false,"Async Capable":false,"Relation Name":"stock","Schema":"public","Alias":"stock","Startup Cost":0.0,"Total Cost":1033394.12,"Plan Rows":20000212,"Plan Width":8,"Actual Startup Time":0.004,"Actual Total Time":1736.395,"Actual Rows":20000000,"Actual Loops":1,"Output":["stock.s_i_id","stock.s_w_id","stock.s_quantity","stock.s_dist_01","stock.s_dist_02","stock.s_dist_03","stock.s_dist_04","stock.s_dist_05","stock.s_dist_06","stock.s_dist_07","stock.s_dist_08","stock.s_dist_09","stock.s_dist_10","stock.s_ytd","stock.s_order_cnt","stock.s_remote_cnt","stock.s_data"],"Shared Hit Blocks":833392,"Shared Read Blocks":0,"Shared Dirtied Blocks":0,"Shared Written Blocks":0,"Local Hit Blocks":0,"Local Read Blocks":0,"Local Dirtied Blocks":0,"Local Written Blocks":0,"Temp Read Blocks":0,"Temp Written Blocks":0,"I/O Read Time":0.0,"I/O Write Time":0.0,"Temp I/O Read Time":0.0,"Temp I/O Write Time":0.0},{"Node Type":"Hash","Parent Relationship":"Inner","Parallel Aware":false,"Async Capable":false,"Startup Cost":2615.0,"Total Cost":2615.0,"Plan Rows":10,"Plan Width":29,"Actual Startup Time":14.116,"Actual Total Time":14.116,"Actual Rows":1572,"Actual Loops":1,"Output":["item.i_id","item.i_name"],"Hash Buckets":2048,"Original Hash Buckets":1024,"Hash Batches":1,"Original Hash Batches":1,"Peak Memory Usage":110,"Shared Hit Blocks":1365,"Shared Read Blocks":0,"Shared Dirtied Blocks":0,"Shared Written Blocks":0,"Local Hit Blocks":0,"Local Read Blocks":0,"Local Dirtied Blocks":0,"Local Written Blocks":0,"Temp Read Blocks":0,"Temp Written Blocks":0,"I/O Read Time":0.0,"I/O Write Time":0.0,"Temp I/O Read Time":0.0,"Temp I/O Write Time":0.0,"Plans":[{"Node Type":"Seq Scan","Parent Relationship":"Outer","Parallel Aware":false,"Async Capable":false,"Relation Name":"item","Schema":"public","Alias":"item","Startup Cost":0.0,"Total Cost":2615.0,"Plan Rows":10,"Plan Width":29,"Actual Startup Time":0.013,"Actual Total Time":13.882,"Actual Rows":1572,"Actual Loops":1,"Output":["item.i_id","item.i_name"],"Filter":"((item.i_data)::text ~~ '%b'::text)","Rows Removed by Filter":98428,"Shared Hit Blocks":1365,"Shared Read Blocks":0,"Shared Dirtied Blocks":0,"Shared Written Blocks":0,"Local Hit Blocks":0,"Local Read Blocks":0,"Local Dirtied Blocks":0,"Local Written Blocks":0,"Temp Read Blocks":0,"Temp Written Blocks":0,"I/O Read Time":0.0,"I/O Write Time":0.0,"Temp I/O Read Time":0.0,"Temp I/O Write Time":0.0}]}]},{"Node Type":"Hash","Parent Relationship":"Inner","Parallel Aware":false,"Async Capable":false,"Startup Cost":1457031.19,"Total Cost":1457031.19,"Plan Rows":99032,"Plan Width":6,"Actual Startup Time":8558.113,"Actual Total Time":8558.119,"Actual Rows":100000,"Actual Loops":1,"Output":["stock_1.s_i_id","(min(stock_1.s_quantity))"],"Hash Buckets":131072,"Original Hash Buckets":131072,"Hash Batches":1,"Original Hash Batches":1,"Peak Memory Usage":4735,"Shared Hit Blocks":833611,"Shared Read Blocks":0,"Shared Dirtied Blocks":0,"Shared Written Blocks":0,"Local Hit Blocks":0,"Local Read Blocks":0,"Local Dirtied Blocks":0,"Local Written Blocks":0,"Temp Read Blocks":8330,"Temp Written Blocks":14781,"I/O Read Time":0.0,"I/O Write Time":0.0,"Temp I/O Read Time":11.846,"Temp I/O Write Time":52.528,"Plans":[{"Node Type":"Aggregate","Strategy":"Hashed","Partial Mode":"Simple","Parent Relationship":"Outer","Parallel Aware":false,"Async Capable":false,"Startup Cost":1423800.22,"Total Cost":1456040.87,"Plan Rows":99032,"Plan Width":6,"Actual Startup Time":8224.989,"Actual Total Time":8543.659,"Actual Rows":100000,"Actual Loops":1,"Output":["stock_1.s_i_id","min(stock_1.s_quantity)"],"Group Key":["stock_1.s_i_id"],"Planned Partitions":0,"HashAgg Batches":5,"Peak Memory Usage":8241,"Disk Usage":68504,"Shared Hit Blocks":833611,"Shared Read Blocks":0,"Shared Dirtied Blocks":0,"Shared Written Blocks":0,"Local Hit Blocks":0,"Local Read Blocks":0,"Local Dirtied Blocks":0,"Local Written Blocks":0,"Temp Read Blocks":8330,"Temp Written Blocks":14781,"I/O Read Time":0.0,"I/O Write Time":0.0,"Temp I/O Read Time":11.846,"Temp I/O Write Time":52.528,"Plans":[{"Node Type":"Hash Join","Parent Relationship":"Outer","Parallel Aware":false,"Async Capable":false,"Join Type":"Inner","Startup Cost":401.99,"Total Cost":1198797.86,"Plan Rows":4000042,"Plan Width":6,"Actual Startup Time":2.557,"Actual Total Time":6885.936,"Actual Rows":6959700,"Actual Loops":1,"Output":["stock_1.s_i_id","stock_1.s_quantity"],"Inner Unique":false,"Hash Cond":"(mod((stock_1.s_w_id * stock_1.s_i_id), 10000) = supplier_1.su_suppkey)","Shared Hit Blocks":833611,"Shared Read Blocks":0,"Shared Dirtied Blocks":0,"Shared Written Blocks":0,"Local Hit Blocks":0,"Local Read Blocks":0,"Local Dirtied Blocks":0,"Local Written Blocks":0,"Temp Read Blocks":0,"Temp Written Blocks":0,"I/O Read Time":0.0,"I/O Write Time":0.0,"Temp I/O Read Time":0.0,"Temp I/O Write Time":0.0,"Plans":[{"Node Type":"Seq Scan","Parent Relationship":"Outer","Parallel Aware":false,"Async Capable":false,"Relation Name":"stock","Schema":"public","Alias":"stock_1","Startup Cost":0.0,"Total Cost":1033394.12,"Plan Rows":20000212,"Plan Width":8,"Actual Startup Time":0.003,"Actual Total Time":1920.382,"Actual Rows":20000000,"Actual Loops":1,"Output":["stock_1.s_i_id","stock_1.s_w_id","stock_1.s_quantity","stock_1.s_dist_01","stock_1.s_dist_02","stock_1.s_dist_03","stock_1.s_dist_04","stock_1.s_dist_05","stock_1.s_dist_06","stock_1.s_dist_07","stock_1.s_dist_08","stock_1.s_dist_09","stock_1.s_dist_10","stock_1.s_ytd","stock_1.s_order_cnt","stock_1.s_remote_cnt","stock_1.s_data"],"Shared Hit Blocks":833392,"Shared Read Blocks":0,"Shared Dirtied Blocks":0,"Shared Written Blocks":0,"Local Hit Blocks":0,"Local Read Blocks":0,"Local Dirtied Blocks":0,"Local Written Blocks":0,"Temp Read Blocks":0,"Temp Written Blocks":0,"I/O Read Time":0.0,"I/O Write Time":0.0,"Temp I/O Read Time":0.0,"Temp I/O Write Time":0.0},{"Node Type":"Hash","Parent Relationship":"Inner","Parallel Aware":false,"Async Capable":false,"Startup Cost":376.99,"Total Cost":376.99,"Plan Rows":2000,"Plan Width":4,"Actual Startup Time":2.549,"Actual Total Time":2.552,"Actual Rows":3506,"Actual Loops":1,"Output":["supplier_1.su_suppkey"],"Hash Buckets":4096,"Original Hash Buckets":2048,"Hash Batches":1,"Original Hash Batches":1,"Peak Memory Usage":156,"Shared Hit Blocks":219,"Shared Read Blocks":0,"Shared Dirtied Blocks":0,"Shared Written Blocks":0,"Local Hit Blocks":0,"Local Read Blocks":0,"Local Dirtied Blocks":0,"Local Written Blocks":0,"Temp Read Blocks":0,"Temp Written Blocks":0,"I/O Read Time":0.0,"I/O Write Time":0.0,"Temp I/O Read Time":0.0,"Temp I/O Write Time":0.0,"Plans":[{"Node Type":"Hash Join","Parent Relationship":"Outer","Parallel Aware":false,"Async Capable":false,"Join Type":"Inner","Startup Cost":3.14,"Total Cost":376.99,"Plan Rows":2000,"Plan Width":4,"Actual Startup Time":0.033,"Actual Total Time":2.153,"Actual Rows":3506,"Actual Loops":1,"Output":["supplier_1.su_suppkey"],"Inner Unique":false,"Hash Cond":"(supplier_1.su_nationkey = nation_1.n_nationkey)","Shared Hit Blocks":219,"Shared Read Blocks":0,"Shared Dirtied Blocks":0,"Shared Written Blocks":0,"Local Hit Blocks":0,"Local Read Blocks":0,"Local Dirtied Blocks":0,"Local Written Blocks":0,"Temp Read Blocks":0,"Temp Written Blocks":0,"I/O Read Time":0.0,"I/O Write Time":0.0,"Temp I/O Read Time":0.0,"Temp I/O Write Time":0.0,"Plans":[{"Node Type":"Seq Scan","Parent Relationship":"Outer","Parallel Aware":false,"Async Capable":false,"Relation Name":"supplier","Schema":"public","Alias":"supplier_1","Startup Cost":0.0,"Total Cost":317.0,"Plan Rows":10000,"Plan Width":8,"Actual Startup Time":0.005,"Actual Total Time":0.762,"Actual Rows":10000,"Actual Loops":1,"Output":["supplier_1.su_suppkey","supplier_1.su_name","supplier_1.su_address","supplier_1.su_nationkey","supplier_1.su_phone","supplier_1.su_acctbal","supplier_1.su_comment"],"Shared Hit Blocks":217,"Shared Read Blocks":0,"Shared Dirtied Blocks":0,"Shared Written Blocks":0,"Local Hit Blocks":0,"Local Read Blocks":0,"Local Dirtied Blocks":0,"Local Written Blocks":0,"Temp Read Blocks":0,"Temp Written Blocks":0,"I/O Read Time":0.0,"I/O Write Time":0.0,"Temp I/O Read Time":0.0,"Temp I/O Write Time":0.0},{"Node Type":"Hash","Parent Relationship":"Inner","Parallel Aware":false,"Async Capable":false,"Startup Cost":2.99,"Total Cost":2.99,"Plan Rows":12,"Plan Width":4,"Actual Startup Time":0.025,"Actual Total Time":0.028,"Actual Rows":22,"Actual Loops":1,"Output":["nation_1.n_nationkey"],"Hash Buckets":1024,"Original Hash Buckets":1024,"Hash Batches":1,"Original Hash Batches":1,"Peak Memory Usage":9,"Shared Hit Blocks":2,"Shared Read Blocks":0,"Shared Dirtied Blocks":0,"Shared Written Blocks":0,"Local Hit Blocks":0,"Local Read Blocks":0,"Local Dirtied Blocks":0,"Local Written Blocks":0,"Temp Read Blocks":0,"Temp Written Blocks":0,"I/O Read Time":0.0,"I/O Write Time":0.0,"Temp I/O Read Time":0.0,"Temp I/O Write Time":0.0,"Plans":[{"Node Type":"Hash Join","Parent Relationship":"Outer","Parallel Aware":false,"Async Capable":false,"Join Type":"Inner","Startup Cost":1.07,"Total Cost":2.99,"Plan Rows":12,"Plan Width":4,"Actual Startup Time":0.01,"Actual Total Time":0.024,"Actual Rows":22,"Actual Loops":1,"Output":["nation_1.n_nationkey"],"Inner Unique":true,"Hash Cond":"(nation_1.n_regionkey = region_1.r_regionkey)","Shared Hit Blocks":2,"Shared Read Blocks":0,"Shared Dirtied Blocks":0,"Shared Written Blocks":0,"Local Hit Blocks":0,"Local Read Blocks":0,"Local Dirtied Blocks":0,"Local Written Blocks":0,"Temp Read Blocks":0,"Temp Written Blocks":0,"I/O Read Time":0.0,"I/O Write Time":0.0,"Temp I/O Read Time":0.0,"Temp I/O Write Time":0.0,"Plans":[{"Node Type":"Seq Scan","Parent Relationship":"Outer","Parallel Aware":false,"Async Capable":false,"Relation Name":"nation","Schema":"public","Alias":"nation_1","Startup Cost":0.0,"Total Cost":1.62,"Plan Rows":62,"Plan Width":8,"Actual Startup Time":0.002,"Actual Total Time":0.006,"Actual Rows":62,"Actual Loops":1,"Output":["nation_1.n_nationkey","nation_1.n_name","nation_1.n_regionkey","nation_1.n_comment"],"Shared Hit Blocks":1,"Shared Read Blocks":0,"Shared Dirtied Blocks":0,"Shared Written Blocks":0,"Local Hit Blocks":0,"Local Read Blocks":0,"Local Dirtied Blocks":0,"Local Written Blocks":0,"Temp Read Blocks":0,"Temp Written Blocks":0,"I/O Read Time":0.0,"I/O Write Time":0.0,"Temp I/O Read Time":0.0,"Temp I/O Write Time":0.0},{"Node Type":"Hash","Parent Relationship":"Inner","Parallel Aware":false,"Async Capable":false,"Startup Cost":1.06,"Total Cost":1.06,"Plan Rows":1,"Plan Width":4,"Actual Startup Time":0.004,"Actual Total Time":0.005,"Actual Rows":1,"Actual Loops":1,"Output":["region_1.r_regionkey"],"Hash Buckets":1024,"Original Hash Buckets":1024,"Hash Batches":1,"Original Hash Batches":1,"Peak Memory Usage":9,"Shared Hit Blocks":1,"Shared Read Blocks":0,"Shared Dirtied Blocks":0,"Shared Written Blocks":0,"Local Hit Blocks":0,"Local Read Blocks":0,"Local Dirtied Blocks":0,"Local Written Blocks":0,"Temp Read Blocks":0,"Temp Written Blocks":0,"I/O Read Time":0.0,"I/O Write Time":0.0,"Temp I/O Read Time":0.0,"Temp I/O Write Time":0.0,"Plans":[{"Node Type":"Seq Scan","Parent Relationship":"Outer","Parallel Aware":false,"Async Capable":false,"Relation Name":"region","Schema":"public","Alias":"region_1","Startup Cost":0.0,"Total Cost":1.06,"Plan Rows":1,"Plan Width":4,"Actual Startup Time":0.003,"Actual Total Time":0.004,"Actual Rows":1,"Actual Loops":1,"Output":["region_1.r_regionkey"],"Filter":"((region_1.r_name)::text ~~ 'Europ%'::text)","Rows Removed by Filter":4,"Shared Hit Blocks":1,"Shared Read Blocks":0,"Shared Dirtied Blocks":0,"Shared Written Blocks":0,"Local Hit Blocks":0,"Local Read Blocks":0,"Local Dirtied Blocks":0,"Local Written Blocks":0,"Temp Read Blocks":0,"Temp Written Blocks":0,"I/O Read Time":0.0,"I/O Write Time":0.0,"Temp I/O Read Time":0.0,"Temp I/O Write Time":0.0}]}]}]}]}]}]}]}]}]},{"Node Type":"Index Scan","Parent Relationship":"Inner","Parallel Aware":false,"Async Capable":false,"Scan Direction":"Forward","Index Name":"supplier_pk","Relation Name":"supplier","Schema":"public","Alias":"supplier","Startup Cost":0.29,"Total Cost":3.25,"Plan Rows":1,"Plan Width":131,"Actual Startup Time":0.003,"Actual Total Time":0.003,"Actual Rows":1,"Actual Loops":4450,"Output":["supplier.su_suppkey","supplier.su_name","supplier.su_address","supplier.su_nationkey","supplier.su_phone","supplier.su_acctbal","supplier.su_comment"],"Index Cond":"(supplier.su_suppkey = mod((stock.s_w_id * stock.s_i_id), 10000))","Rows Removed by Index Recheck":0,"Shared Hit Blocks":13350,"Shared Read Blocks":0,"Shared Dirtied Blocks":0,"Shared Written Blocks":0,"Local Hit Blocks":0,"Local Read Blocks":0,"Local Dirtied Blocks":0,"Local Written Blocks":0,"Temp Read Blocks":0,"Temp Written Blocks":0,"I/O Read Time":0.0,"I/O Write Time":0.0,"Temp I/O Read Time":0.0,"Temp I/O Write Time":0.0}]},{"Node Type":"Index Scan","Parent Relationship":"Inner","Parallel Aware":false,"Async Capable":false,"Scan Direction":"Forward","Index Name":"nation_pk","Relation Name":"nation","Schema":"public","Alias":"nation","Startup Cost":0.14,"Total Cost":0.16,"Plan Rows":1,"Plan Width":16,"Actual Startup Time":0.001,"Actual Total Time":0.001,"Actual Rows":1,"Actual Loops":4450,"Output":["nation.n_nationkey","nation.n_name","nation.n_regionkey","nation.n_comment"],"Index Cond":"(nation.n_nationkey = supplier.su_nationkey)","Rows Removed by Index Recheck":0,"Shared Hit Blocks":8900,"Shared Read Blocks":0,"Shared Dirtied Blocks":0,"Shared Written Blocks":0,"Local Hit Blocks":0,"Local Read Blocks":0,"Local Dirtied Blocks":0,"Local Written Blocks":0,"Temp Read Blocks":0,"Temp Written Blocks":0,"I/O Read Time":0.0,"I/O Write Time":0.0,"Temp I/O Read Time":0.0,"Temp I/O Write Time":0.0}]},{"Node Type":"Hash","Parent Relationship":"Inner","Parallel Aware":false,"Async Capable":false,"Startup Cost":1.06,"Total Cost":1.06,"Plan Rows":1,"Plan Width":4,"Actual Startup Time":0.015,"Actual Total Time":0.016,"Actual Rows":1,"Actual Loops":1,"Output":["region.r_regionkey"],"Hash Buckets":1024,"Original Hash Buckets":1024,"Hash Batches":1,"Original Hash Batches":1,"Peak Memory Usage":9,"Shared Hit Blocks":1,"Shared Read Blocks":0,"Shared Dirtied Blocks":0,"Shared Written Blocks":0,"Local Hit Blocks":0,"Local Read Blocks":0,"Local Dirtied Blocks":0,"Local Written Blocks":0,"Temp Read Blocks":0,"Temp Written Blocks":0,"I/O Read Time":0.0,"I/O Write Time":0.0,"Temp I/O Read Time":0.0,"Temp I/O Write Time":0.0,"Plans":[{"Node Type":"Seq Scan","Parent Relationship":"Outer","Parallel Aware":false,"Async Capable":false,"Relation Name":"region","Schema":"public","Alias":"region","Startup Cost":0.0,"Total Cost":1.06,"Plan Rows":1,"Plan Width":4,"Actual Startup Time":0.012,"Actual Total Time":0.013,"Actual Rows":1,"Actual Loops":1,"Output":["region.r_regionkey"],"Filter":"((region.r_name)::text ~~ 'Europ%'::text)","Rows Removed by Filter":4,"Shared Hit Blocks":1,"Shared Read Blocks":0,"Shared Dirtied Blocks":0,"Shared Written Blocks":0,"Local Hit Blocks":0,"Local Read Blocks":0,"Local Dirtied Blocks":0,"Local Written Blocks":0,"Temp Read Blocks":0,"Temp Written Blocks":0,"I/O Read Time":0.0,"I/O Write Time":0.0,"Temp I/O Read Time":0.0,"Temp I/O Write Time":0.0}]}]}]},"Planning":{"Shared Hit Blocks":36,"Shared Read Blocks":0,"Shared Dirtied Blocks":0,"Shared Written Blocks":0,"Local Hit Blocks":0,"Local Read Blocks":0,"Local Dirtied Blocks":0,"Local Written Blocks":0,"Temp Read Blocks":0,"Temp Written Blocks":0,"I/O Read Time":0.0,"I/O Write Time":0.0,"Temp I/O Read Time":0.0,"Temp I/O Write Time":0.0},"Planning Time":0.814,"Triggers":[],"Execution Time":13787.589}]
[列存组合]: region
[{"Plan":{"Node Type":"Sort","Parallel Aware":false,"Async Capable":false,"Startup Cost":2547074.4,"Total Cost":2547074.41,"Plan Rows":2,"Plan Width":164,"Actual Startup Time":13736.58,"Actual Total Time":13736.68,"Actual Rows":2295,"Actual Loops":1,"Output":["supplier.su_suppkey","supplier.su_name","nation.n_name","item.i_id","item.i_name","supplier.su_address","supplier.su_phone","supplier.su_comment"],"Sort Key":["nation.n_name","supplier.su_name","item.i_id"],"Sort Method":"quicksort","Sort Space Used":568,"Sort Space Type":"Memory","Shared Hit Blocks":1690619,"Shared Read Blocks":0,"Shared Dirtied Blocks":0,"Shared Written Blocks":0,"Local Hit Blocks":0,"Local Read Blocks":0,"Local Dirtied Blocks":0,"Local Written Blocks":0,"Temp Read Blocks":8330,"Temp Written Blocks":14781,"I/O Read Time":0.0,"I/O Write Time":0.0,"Temp I/O Read Time":11.958,"Temp I/O Write Time":52.427,"Plans":[{"Node Type":"Hash Join","Parent Relationship":"Outer","Parallel Aware":false,"Async Capable":false,"Join Type":"Inner","Startup Cost":1461133.3,"Total Cost":2547074.39,"Plan Rows":2,"Plan Width":164,"Actual Startup Time":8583.104,"Actual Total Time":13731.639,"Actual Rows":2295,"Actual Loops":1,"Output":["supplier.su_suppkey","supplier.su_name","nation.n_name","item.i_id","item.i_name","supplier.su_address","supplier.su_phone","supplier.su_comment"],"Inner Unique":true,"Hash Cond":"(nation.n_regionkey = region.r_regionkey)","Shared Hit Blocks":1690619,"Shared Read Blocks":0,"Shared Dirtied Blocks":0,"Shared Written Blocks":0,"Local Hit Blocks":0,"Local Read Blocks":0,"Local Dirtied Blocks":0,"Local Written Blocks":0,"Temp Read Blocks":8330,"Temp Written Blocks":14781,"I/O Read Time":0.0,"I/O Write Time":0.0,"Temp I/O Read Time":11.958,"Temp I/O Write Time":52.427,"Plans":[{"Node Type":"Nested Loop","Parent Relationship":"Outer","Parallel Aware":false,"Async Capable":false,"Join Type":"Inner","Startup Cost":1461132.22,"Total Cost":2547073.27,"Plan Rows":10,"Plan Width":168,"Actual Startup Time":8582.578,"Actual Total Time":13730.335,"Actual Rows":4450,"Actual Loops":1,"Output":["item.i_id","item.i_name","supplier.su_suppkey","supplier.su_name","supplier.su_address","supplier.su_phone","supplier.su_comment","nation.n_name","nation.n_regionkey"],"Inner Unique":true,"Shared Hit Blocks":1690618,"Shared Read Blocks":0,"Shared Dirtied Blocks":0,"Shared Written Blocks":0,"Local Hit Blocks":0,"Local Read Blocks":0,"Local Dirtied Blocks":0,"Local Written Blocks":0,"Temp Read Blocks":8330,"Temp Written Blocks":14781,"I/O Read Time":0.0,"I/O Write Time":0.0,"Temp I/O Read Time":11.958,"Temp I/O Write Time":52.427,"Plans":[{"Node Type":"Nested Loop","Parent Relationship":"Outer","Parallel Aware":false,"Async Capable":false,"Join Type":"Inner","Startup Cost":1461132.08,"Total Cost":2547071.68,"Plan Rows":10,"Plan Width":160,"Actual Startup Time":8582.57,"Actual Total Time":13723.837,"Actual Rows":4450,"Actual Loops":1,"Output":["item.i_id","item.i_name","supplier.su_suppkey","supplier.su_name","supplier.su_address","supplier.su_phone","supplier.su_comment","supplier.su_nationkey"],"Inner Unique":true,"Shared Hit Blocks":1681718,"Shared Read Blocks":0,"Shared Dirtied Blocks":0,"Shared Written Blocks":0,"Local Hit Blocks":0,"Local Read Blocks":0,"Local Dirtied Blocks":0,"Local Written Blocks":0,"Temp Read Blocks":8330,"Temp Written Blocks":14781,"I/O Read Time":0.0,"I/O Write Time":0.0,"Temp I/O Read Time":11.958,"Temp I/O Write Time":52.427,"Plans":[{"Node Type":"Hash Join","Parent Relationship":"Outer","Parallel Aware":false,"Async Capable":false,"Join Type":"Inner","Startup Cost":1461131.79,"Total Cost":2547039.19,"Plan Rows":10,"Plan Width":35,"Actual Startup Time":8582.546,"Actual Total Time":13707.049,"Actual Rows":4450,"Actual Loops":1,"Output":["item.i_id","item.i_name","stock.s_i_id","stock.s_w_id"],"Inner Unique":true,"Hash Cond":"((item.i_id = stock_1.s_i_id) AND (stock.s_quantity = (min(stock_1.s_quantity))))","Shared Hit Blocks":1668368,"Shared Read Blocks":0,"Shared Dirtied Blocks":0,"Shared Written Blocks":0,"Local Hit Blocks":0,"Local Read Blocks":0,"Local Dirtied Blocks":0,"Local Written Blocks":0,"Temp Read Blocks":8330,"Temp Written Blocks":14781,"I/O Read Time":0.0,"I/O Write Time":0.0,"Temp I/O Read Time":11.958,"Temp I/O Write Time":52.427,"Plans":[{"Node Type":"Hash Join","Parent Relationship":"Outer","Parallel Aware":false,"Async Capable":false,"Join Type":"Inner","Startup Cost":2615.12,"Total Cost":1088512.03,"Plan Rows":2000,"Plan Width":37,"Actual Startup Time":14.158,"Actual Total Time":5064.71,"Actual Rows":314400,"Actual Loops":1,"Output":["item.i_id","item.i_name","stock.s_i_id","stock.s_w_id","stock.s_quantity"],"Inner Unique":true,"Hash Cond":"(stock.s_i_id = item.i_id)","Shared Hit Blocks":834757,"Shared Read Blocks":0,"Shared Dirtied Blocks":0,"Shared Written Blocks":0,"Local Hit Blocks":0,"Local Read Blocks":0,"Local Dirtied Blocks":0,"Local Written Blocks":0,"Temp Read Blocks":0,"Temp Written Blocks":0,"I/O Read Time":0.0,"I/O Write Time":0.0,"Temp I/O Read Time":0.0,"Temp I/O Write Time":0.0,"Plans":[{"Node Type":"Seq Scan","Parent Relationship":"Outer","Parallel Aware":false,"Async Capable":false,"Relation Name":"stock","Schema":"public","Alias":"stock","Startup Cost":0.0,"Total Cost":1033394.12,"Plan Rows":20000212,"Plan Width":8,"Actual Startup Time":0.004,"Actual Total Time":1731.714,"Actual Rows":20000000,"Actual Loops":1,"Output":["stock.s_i_id","stock.s_w_id","stock.s_quantity","stock.s_dist_01","stock.s_dist_02","stock.s_dist_03","stock.s_dist_04","stock.s_dist_05","stock.s_dist_06","stock.s_dist_07","stock.s_dist_08","stock.s_dist_09","stock.s_dist_10","stock.s_ytd","stock.s_order_cnt","stock.s_remote_cnt","stock.s_data"],"Shared Hit Blocks":833392,"Shared Read Blocks":0,"Shared Dirtied Blocks":0,"Shared Written Blocks":0,"Local Hit Blocks":0,"Local Read Blocks":0,"Local Dirtied Blocks":0,"Local Written Blocks":0,"Temp Read Blocks":0,"Temp Written Blocks":0,"I/O Read Time":0.0,"I/O Write Time":0.0,"Temp I/O Read Time":0.0,"Temp I/O Write Time":0.0},{"Node Type":"Hash","Parent Relationship":"Inner","Parallel Aware":false,"Async Capable":false,"Startup Cost":2615.0,"Total Cost":2615.0,"Plan Rows":10,"Plan Width":29,"Actual Startup Time":14.133,"Actual Total Time":14.134,"Actual Rows":1572,"Actual Loops":1,"Output":["item.i_id","item.i_name"],"Hash Buckets":2048,"Original Hash Buckets":1024,"Hash Batches":1,"Original Hash Batches":1,"Peak Memory Usage":110,"Shared Hit Blocks":1365,"Shared Read Blocks":0,"Shared Dirtied Blocks":0,"Shared Written Blocks":0,"Local Hit Blocks":0,"Local Read Blocks":0,"Local Dirtied Blocks":0,"Local Written Blocks":0,"Temp Read Blocks":0,"Temp Written Blocks":0,"I/O Read Time":0.0,"I/O Write Time":0.0,"Temp I/O Read Time":0.0,"Temp I/O Write Time":0.0,"Plans":[{"Node Type":"Seq Scan","Parent Relationship":"Outer","Parallel Aware":false,"Async Capable":false,"Relation Name":"item","Schema":"public","Alias":"item","Startup Cost":0.0,"Total Cost":2615.0,"Plan Rows":10,"Plan Width":29,"Actual Startup Time":0.012,"Actual Total Time":13.901,"Actual Rows":1572,"Actual Loops":1,"Output":["item.i_id","item.i_name"],"Filter":"((item.i_data)::text ~~ '%b'::text)","Rows Removed by Filter":98428,"Shared Hit Blocks":1365,"Shared Read Blocks":0,"Shared Dirtied Blocks":0,"Shared Written Blocks":0,"Local Hit Blocks":0,"Local Read Blocks":0,"Local Dirtied Blocks":0,"Local Written Blocks":0,"Temp Read Blocks":0,"Temp Written Blocks":0,"I/O Read Time":0.0,"I/O Write Time":0.0,"Temp I/O Read Time":0.0,"Temp I/O Write Time":0.0}]}]},{"Node Type":"Hash","Parent Relationship":"Inner","Parallel Aware":false,"Async Capable":false,"Startup Cost":1457031.19,"Total Cost":1457031.19,"Plan Rows":99032,"Plan Width":6,"Actual Startup Time":8566.303,"Actual Total Time":8566.308,"Actual Rows":100000,"Actual Loops":1,"Output":["stock_1.s_i_id","(min(stock_1.s_quantity))"],"Hash Buckets":131072,"Original Hash Buckets":131072,"Hash Batches":1,"Original Hash Batches":1,"Peak Memory Usage":4735,"Shared Hit Blocks":833611,"Shared Read Blocks":0,"Shared Dirtied Blocks":0,"Shared Written Blocks":0,"Local Hit Blocks":0,"Local Read Blocks":0,"Local Dirtied Blocks":0,"Local Written Blocks":0,"Temp Read Blocks":8330,"Temp Written Blocks":14781,"I/O Read Time":0.0,"I/O Write Time":0.0,"Temp I/O Read Time":11.958,"Temp I/O Write Time":52.427,"Plans":[{"Node Type":"Aggregate","Strategy":"Hashed","Partial Mode":"Simple","Parent Relationship":"Outer","Parallel Aware":false,"Async Capable":false,"Startup Cost":1423800.22,"Total Cost":1456040.87,"Plan Rows":99032,"Plan Width":6,"Actual Startup Time":8232.354,"Actual Total Time":8551.694,"Actual Rows":100000,"Actual Loops":1,"Output":["stock_1.s_i_id","min(stock_1.s_quantity)"],"Group Key":["stock_1.s_i_id"],"Planned Partitions":0,"HashAgg Batches":5,"Peak Memory Usage":8241,"Disk Usage":68504,"Shared Hit Blocks":833611,"Shared Read Blocks":0,"Shared Dirtied Blocks":0,"Shared Written Blocks":0,"Local Hit Blocks":0,"Local Read Blocks":0,"Local Dirtied Blocks":0,"Local Written Blocks":0,"Temp Read Blocks":8330,"Temp Written Blocks":14781,"I/O Read Time":0.0,"I/O Write Time":0.0,"Temp I/O Read Time":11.958,"Temp I/O Write Time":52.427,"Plans":[{"Node Type":"Hash Join","Parent Relationship":"Outer","Parallel Aware":false,"Async Capable":false,"Join Type":"Inner","Startup Cost":401.99,"Total Cost":1198797.86,"Plan Rows":4000042,"Plan Width":6,"Actual Startup Time":2.511,"Actual Total Time":6889.126,"Actual Rows":6959700,"Actual Loops":1,"Output":["stock_1.s_i_id","stock_1.s_quantity"],"Inner Unique":false,"Hash Cond":"(mod((stock_1.s_w_id * stock_1.s_i_id), 10000) = supplier_1.su_suppkey)","Shared Hit Blocks":833611,"Shared Read Blocks":0,"Shared Dirtied Blocks":0,"Shared Written Blocks":0,"Local Hit Blocks":0,"Local Read Blocks":0,"Local Dirtied Blocks":0,"Local Written Blocks":0,"Temp Read Blocks":0,"Temp Written Blocks":0,"I/O Read Time":0.0,"I/O Write Time":0.0,"Temp I/O Read Time":0.0,"Temp I/O Write Time":0.0,"Plans":[{"Node Type":"Seq Scan","Parent Relationship":"Outer","Parallel Aware":false,"Async Capable":false,"Relation Name":"stock","Schema":"public","Alias":"stock_1","Startup Cost":0.0,"Total Cost":1033394.12,"Plan Rows":20000212,"Plan Width":8,"Actual Startup Time":0.004,"Actual Total Time":1918.144,"Actual Rows":20000000,"Actual Loops":1,"Output":["stock_1.s_i_id","stock_1.s_w_id","stock_1.s_quantity","stock_1.s_dist_01","stock_1.s_dist_02","stock_1.s_dist_03","stock_1.s_dist_04","stock_1.s_dist_05","stock_1.s_dist_06","stock_1.s_dist_07","stock_1.s_dist_08","stock_1.s_dist_09","stock_1.s_dist_10","stock_1.s_ytd","stock_1.s_order_cnt","stock_1.s_remote_cnt","stock_1.s_data"],"Shared Hit Blocks":833392,"Shared Read Blocks":0,"Shared Dirtied Blocks":0,"Shared Written Blocks":0,"Local Hit Blocks":0,"Local Read Blocks":0,"Local Dirtied Blocks":0,"Local Written Blocks":0,"Temp Read Blocks":0,"Temp Written Blocks":0,"I/O Read Time":0.0,"I/O Write Time":0.0,"Temp I/O Read Time":0.0,"Temp I/O Write Time":0.0},{"Node Type":"Hash","Parent Relationship":"Inner","Parallel Aware":false,"Async Capable":false,"Startup Cost":376.99,"Total Cost":376.99,"Plan Rows":2000,"Plan Width":4,"Actual Startup Time":2.502,"Actual Total Time":2.504,"Actual Rows":3506,"Actual Loops":1,"Output":["supplier_1.su_suppkey"],"Hash Buckets":4096,"Original Hash Buckets":2048,"Hash Batches":1,"Original Hash Batches":1,"Peak Memory Usage":156,"Shared Hit Blocks":219,"Shared Read Blocks":0,"Shared Dirtied Blocks":0,"Shared Written Blocks":0,"Local Hit Blocks":0,"Local Read Blocks":0,"Local Dirtied Blocks":0,"Local Written Blocks":0,"Temp Read Blocks":0,"Temp Written Blocks":0,"I/O Read Time":0.0,"I/O Write Time":0.0,"Temp I/O Read Time":0.0,"Temp I/O Write Time":0.0,"Plans":[{"Node Type":"Hash Join","Parent Relationship":"Outer","Parallel Aware":false,"Async Capable":false,"Join Type":"Inner","Startup Cost":3.14,"Total Cost":376.99,"Plan Rows":2000,"Plan Width":4,"Actual Startup Time":0.033,"Actual Total Time":2.112,"Actual Rows":3506,"Actual Loops":1,"Output":["supplier_1.su_suppkey"],"Inner Unique":false,"Hash Cond":"(supplier_1.su_nationkey = nation_1.n_nationkey)","Shared Hit Blocks":219,"Shared Read Blocks":0,"Shared Dirtied Blocks":0,"Shared Written Blocks":0,"Local Hit Blocks":0,"Local Read Blocks":0,"Local Dirtied Blocks":0,"Local Written Blocks":0,"Temp Read Blocks":0,"Temp Written Blocks":0,"I/O Read Time":0.0,"I/O Write Time":0.0,"Temp I/O Read Time":0.0,"Temp I/O Write Time":0.0,"Plans":[{"Node Type":"Seq Scan","Parent Relationship":"Outer","Parallel Aware":false,"Async Capable":false,"Relation Name":"supplier","Schema":"public","Alias":"supplier_1","Startup Cost":0.0,"Total Cost":317.0,"Plan Rows":10000,"Plan Width":8,"Actual Startup Time":0.004,"Actual Total Time":0.737,"Actual Rows":10000,"Actual Loops":1,"Output":["supplier_1.su_suppkey","supplier_1.su_name","supplier_1.su_address","supplier_1.su_nationkey","supplier_1.su_phone","supplier_1.su_acctbal","supplier_1.su_comment"],"Shared Hit Blocks":217,"Shared Read Blocks":0,"Shared Dirtied Blocks":0,"Shared Written Blocks":0,"Local Hit Blocks":0,"Local Read Blocks":0,"Local Dirtied Blocks":0,"Local Written Blocks":0,"Temp Read Blocks":0,"Temp Written Blocks":0,"I/O Read Time":0.0,"I/O Write Time":0.0,"Temp I/O Read Time":0.0,"Temp I/O Write Time":0.0},{"Node Type":"Hash","Parent Relationship":"Inner","Parallel Aware":false,"Async Capable":false,"Startup Cost":2.99,"Total Cost":2.99,"Plan Rows":12,"Plan Width":4,"Actual Startup Time":0.026,"Actual Total Time":0.027,"Actual Rows":22,"Actual Loops":1,"Output":["nation_1.n_nationkey"],"Hash Buckets":1024,"Original Hash Buckets":1024,"Hash Batches":1,"Original Hash Batches":1,"Peak Memory Usage":9,"Shared Hit Blocks":2,"Shared Read Blocks":0,"Shared Dirtied Blocks":0,"Shared Written Blocks":0,"Local Hit Blocks":0,"Local Read Blocks":0,"Local Dirtied Blocks":0,"Local Written Blocks":0,"Temp Read Blocks":0,"Temp Written Blocks":0,"I/O Read Time":0.0,"I/O Write Time":0.0,"Temp I/O Read Time":0.0,"Temp I/O Write Time":0.0,"Plans":[{"Node Type":"Hash Join","Parent Relationship":"Outer","Parallel Aware":false,"Async Capable":false,"Join Type":"Inner","Startup Cost":1.07,"Total Cost":2.99,"Plan Rows":12,"Plan Width":4,"Actual Startup Time":0.011,"Actual Total Time":0.024,"Actual Rows":22,"Actual Loops":1,"Output":["nation_1.n_nationkey"],"Inner Unique":true,"Hash Cond":"(nation_1.n_regionkey = region_1.r_regionkey)","Shared Hit Blocks":2,"Shared Read Blocks":0,"Shared Dirtied Blocks":0,"Shared Written Blocks":0,"Local Hit Blocks":0,"Local Read Blocks":0,"Local Dirtied Blocks":0,"Local Written Blocks":0,"Temp Read Blocks":0,"Temp Written Blocks":0,"I/O Read Time":0.0,"I/O Write Time":0.0,"Temp I/O Read Time":0.0,"Temp I/O Write Time":0.0,"Plans":[{"Node Type":"Seq Scan","Parent Relationship":"Outer","Parallel Aware":false,"Async Capable":false,"Relation Name":"nation","Schema":"public","Alias":"nation_1","Startup Cost":0.0,"Total Cost":1.62,"Plan Rows":62,"Plan Width":8,"Actual Startup Time":0.003,"Actual Total Time":0.006,"Actual Rows":62,"Actual Loops":1,"Output":["nation_1.n_nationkey","nation_1.n_name","nation_1.n_regionkey","nation_1.n_comment"],"Shared Hit Blocks":1,"Shared Read Blocks":0,"Shared Dirtied Blocks":0,"Shared Written Blocks":0,"Local Hit Blocks":0,"Local Read Blocks":0,"Local Dirtied Blocks":0,"Local Written Blocks":0,"Temp Read Blocks":0,"Temp Written Blocks":0,"I/O Read Time":0.0,"I/O Write Time":0.0,"Temp I/O Read Time":0.0,"Temp I/O Write Time":0.0},{"Node Type":"Hash","Parent Relationship":"Inner","Parallel Aware":false,"Async Capable":false,"Startup Cost":1.06,"Total Cost":1.06,"Plan Rows":1,"Plan Width":4,"Actual Startup Time":0.005,"Actual Total Time":0.005,"Actual Rows":1,"Actual Loops":1,"Output":["region_1.r_regionkey"],"Hash Buckets":1024,"Original Hash Buckets":1024,"Hash Batches":1,"Original Hash Batches":1,"Peak Memory Usage":9,"Shared Hit Blocks":1,"Shared Read Blocks":0,"Shared Dirtied Blocks":0,"Shared Written Blocks":0,"Local Hit Blocks":0,"Local Read Blocks":0,"Local Dirtied Blocks":0,"Local Written Blocks":0,"Temp Read Blocks":0,"Temp Written Blocks":0,"I/O Read Time":0.0,"I/O Write Time":0.0,"Temp I/O Read Time":0.0,"Temp I/O Write Time":0.0,"Plans":[{"Node Type":"Seq Scan","Parent Relationship":"Outer","Parallel Aware":false,"Async Capable":false,"Relation Name":"region","Schema":"public","Alias":"region_1","Startup Cost":0.0,"Total Cost":1.06,"Plan Rows":1,"Plan Width":4,"Actual Startup Time":0.003,"Actual Total Time":0.004,"Actual Rows":1,"Actual Loops":1,"Output":["region_1.r_regionkey"],"Filter":"((region_1.r_name)::text ~~ 'Europ%'::text)","Rows Removed by Filter":4,"Shared Hit Blocks":1,"Shared Read Blocks":0,"Shared Dirtied Blocks":0,"Shared Written Blocks":0,"Local Hit Blocks":0,"Local Read Blocks":0,"Local Dirtied Blocks":0,"Local Written Blocks":0,"Temp Read Blocks":0,"Temp Written Blocks":0,"I/O Read Time":0.0,"I/O Write Time":0.0,"Temp I/O Read Time":0.0,"Temp I/O Write Time":0.0}]}]}]}]}]}]}]}]}]},{"Node Type":"Index Scan","Parent Relationship":"Inner","Parallel Aware":false,"Async Capable":false,"Scan Direction":"Forward","Index Name":"supplier_pk","Relation Name":"supplier","Schema":"public","Alias":"supplier","Startup Cost":0.29,"Total Cost":3.25,"Plan Rows":1,"Plan Width":131,"Actual Startup Time":0.003,"Actual Total Time":0.003,"Actual Rows":1,"Actual Loops":4450,"Output":["supplier.su_suppkey","supplier.su_name","supplier.su_address","supplier.su_nationkey","supplier.su_phone","supplier.su_acctbal","supplier.su_comment"],"Index Cond":"(supplier.su_suppkey = mod((stock.s_w_id * stock.s_i_id), 10000))","Rows Removed by Index Recheck":0,"Shared Hit Blocks":13350,"Shared Read Blocks":0,"Shared Dirtied Blocks":0,"Shared Written Blocks":0,"Local Hit Blocks":0,"Local Read Blocks":0,"Local Dirtied Blocks":0,"Local Written Blocks":0,"Temp Read Blocks":0,"Temp Written Blocks":0,"I/O Read Time":0.0,"I/O Write Time":0.0,"Temp I/O Read Time":0.0,"Temp I/O Write Time":0.0}]},{"Node Type":"Index Scan","Parent Relationship":"Inner","Parallel Aware":false,"Async Capable":false,"Scan Direction":"Forward","Index Name":"nation_pk","Relation Name":"nation","Schema":"public","Alias":"nation","Startup Cost":0.14,"Total Cost":0.16,"Plan Rows":1,"Plan Width":16,"Actual Startup Time":0.001,"Actual Total Time":0.001,"Actual Rows":1,"Actual Loops":4450,"Output":["nation.n_nationkey","nation.n_name","nation.n_regionkey","nation.n_comment"],"Index Cond":"(nation.n_nationkey = supplier.su_nationkey)","Rows Removed by Index Recheck":0,"Shared Hit Blocks":8900,"Shared Read Blocks":0,"Shared Dirtied Blocks":0,"Shared Written Blocks":0,"Local Hit Blocks":0,"Local Read Blocks":0,"Local Dirtied Blocks":0,"Local Written Blocks":0,"Temp Read Blocks":0,"Temp Written Blocks":0,"I/O Read Time":0.0,"I/O Write Time":0.0,"Temp I/O Read Time":0.0,"Temp I/O Write Time":0.0}]},{"Node Type":"Hash","Parent Relationship":"Inner","Parallel Aware":false,"Async Capable":false,"Startup Cost":1.06,"Total Cost":1.06,"Plan Rows":1,"Plan Width":4,"Actual Startup Time":0.016,"Actual Total Time":0.016,"Actual Rows":1,"Actual Loops":1,"Output":["region.r_regionkey"],"Hash Buckets":1024,"Original Hash Buckets":1024,"Hash Batches":1,"Original Hash Batches":1,"Peak Memory Usage":9,"Shared Hit Blocks":1,"Shared Read Blocks":0,"Shared Dirtied Blocks":0,"Shared Written Blocks":0,"Local Hit Blocks":0,"Local Read Blocks":0,"Local Dirtied Blocks":0,"Local Written Blocks":0,"Temp Read Blocks":0,"Temp Written Blocks":0,"I/O Read Time":0.0,"I/O Write Time":0.0,"Temp I/O Read Time":0.0,"Temp I/O Write Time":0.0,"Plans":[{"Node Type":"Seq Scan","Parent Relationship":"Outer","Parallel Aware":false,"Async Capable":false,"Relation Name":"region","Schema":"public","Alias":"region","Startup Cost":0.0,"Total Cost":1.06,"Plan Rows":1,"Plan Width":4,"Actual Startup Time":0.012,"Actual Total Time":0.013,"Actual Rows":1,"Actual Loops":1,"Output":["region.r_regionkey"],"Filter":"((region.r_name)::text ~~ 'Europ%'::text)","Rows Removed by Filter":4,"Shared Hit Blocks":1,"Shared Read Blocks":0,"Shared Dirtied Blocks":0,"Shared Written Blocks":0,"Local Hit Blocks":0,"Local Read Blocks":0,"Local Dirtied Blocks":0,"Local Written Blocks":0,"Temp Read Blocks":0,"Temp Written Blocks":0,"I/O Read Time":0.0,"I/O Write Time":0.0,"Temp I/O Read Time":0.0,"Temp I/O Write Time":0.0}]}]}]},"Planning":{"Shared Hit Blocks":36,"Shared Read Blocks":0,"Shared Dirtied Blocks":0,"Shared Written Blocks":0,"Local Hit Blocks":0,"Local Read Blocks":0,"Local Dirtied Blocks":0,"Local Written Blocks":0,"Temp Read Blocks":0,"Temp Written Blocks":0,"I/O Read Time":0.0,"I/O Write Time":0.0,"Temp I/O Read Time":0.0,"Temp I/O Write Time":0.0},"Planning Time":0.795,"Triggers":[],"Execution Time":13748.113}]
[列存组合]: stock
[{"Plan":{"Node Type":"Sort","Parallel Aware":false,"Async Capable":false,"Startup Cost":1923443.88,"Total Cost":1923443.88,"Plan Rows":2,"Plan Width":164,"Actual Startup Time":9595.245,"Actual Total Time":9595.348,"Actual Rows":2295,"Actual Loops":1,"Output":["supplier.su_suppkey","supplier.su_name","nation.n_name","item.i_id","item.i_name","supplier.su_address","supplier.su_phone","supplier.su_comment"],"Sort Key":["nation.n_name","supplier.su_name","item.i_id"],"Sort Method":"quicksort","Sort Space Used":568,"Sort Space Type":"Memory","Shared Hit Blocks":23835,"Shared Read Blocks":0,"Shared Dirtied Blocks":0,"Shared Written Blocks":0,"Local Hit Blocks":0,"Local Read Blocks":0,"Local Dirtied Blocks":0,"Local Written Blocks":0,"Temp Read Blocks":8330,"Temp Written Blocks":14781,"I/O Read Time":0.0,"I/O Write Time":0.0,"Temp I/O Read Time":12.411,"Temp I/O Write Time":48.777,"Plans":[{"Node Type":"Hash Join","Parent Relationship":"Outer","Parallel Aware":false,"Async Capable":false,"Join Type":"Inner","Startup Cost":857785.4,"Total Cost":1923443.87,"Plan Rows":2,"Plan Width":164,"Actual Startup Time":8748.086,"Actual Total Time":9591.051,"Actual Rows":2295,"Actual Loops":1,"Output":["supplier.su_suppkey","supplier.su_name","nation.n_name","item.i_id","item.i_name","supplier.su_address","supplier.su_phone","supplier.su_comment"],"Inner Unique":true,"Hash Cond":"(nation.n_regionkey = region.r_regionkey)","Shared Hit Blocks":23835,"Shared Read Blocks":0,"Shared Dirtied Blocks":0,"Shared Written Blocks":0,"Local Hit Blocks":0,"Local Read Blocks":0,"Local Dirtied Blocks":0,"Local Written Blocks":0,"Temp Read Blocks":8330,"Temp Written Blocks":14781,"I/O Read Time":0.0,"I/O Write Time":0.0,"Temp I/O Read Time":12.411,"Temp I/O Write Time":48.777,"Plans":[{"Node Type":"Nested Loop","Parent Relationship":"Outer","Parallel Aware":false,"Async Capable":false,"Join Type":"Inner","Startup Cost":857784.32,"Total Cost":1923442.74,"Plan Rows":10,"Plan Width":168,"Actual Startup Time":8748.032,"Actual Total Time":9590.154,"Actual Rows":4450,"Actual Loops":1,"Output":["item.i_id","item.i_name","supplier.su_suppkey","supplier.su_name","supplier.su_address","supplier.su_phone","supplier.su_comment","nation.n_name","nation.n_regionkey"],"Inner Unique":true,"Shared Hit Blocks":23834,"Shared Read Blocks":0,"Shared Dirtied Blocks":0,"Shared Written Blocks":0,"Local Hit Blocks":0,"Local Read Blocks":0,"Local Dirtied Blocks":0,"Local Written Blocks":0,"Temp Read Blocks":8330,"Temp Written Blocks":14781,"I/O Read Time":0.0,"I/O Write Time":0.0,"Temp I/O Read Time":12.411,"Temp I/O Write Time":48.777,"Plans":[{"Node Type":"Nested Loop","Parent Relationship":"Outer","Parallel Aware":false,"Async Capable":false,"Join Type":"Inner","Startup Cost":857784.18,"Total Cost":1923441.15,"Plan Rows":10,"Plan Width":160,"Actual Startup Time":8748.023,"Actual Total Time":9584.961,"Actual Rows":4450,"Actual Loops":1,"Output":["item.i_id","item.i_name","supplier.su_suppkey","supplier.su_name","supplier.su_address","supplier.su_phone","supplier.su_comment","supplier.su_nationkey"],"Inner Unique":true,"Shared Hit Blocks":14934,"Shared Read Blocks":0,"Shared Dirtied Blocks":0,"Shared Written Blocks":0,"Local Hit Blocks":0,"Local Read Blocks":0,"Local Dirtied Blocks":0,"Local Written Blocks":0,"Temp Read Blocks":8330,"Temp Written Blocks":14781,"I/O Read Time":0.0,"I/O Write Time":0.0,"Temp I/O Read Time":12.411,"Temp I/O Write Time":48.777,"Plans":[{"Node Type":"Hash Join","Parent Relationship":"Outer","Parallel Aware":false,"Async Capable":false,"Join Type":"Inner","Startup Cost":857783.89,"Total Cost":1923408.67,"Plan Rows":10,"Plan Width":35,"Actual Startup Time":8747.99,"Actual Total Time":9573.376,"Actual Rows":4450,"Actual Loops":1,"Output":["item.i_id","item.i_name","stock.s_i_id","stock.s_w_id"],"Inner Unique":true,"Hash Cond":"((item.i_id = stock_1.s_i_id) AND (stock.s_quantity = (min(stock_1.s_quantity))))","Shared Hit Blocks":1584,"Shared Read Blocks":0,"Shared Dirtied Blocks":0,"Shared Written Blocks":0,"Local Hit Blocks":0,"Local Read Blocks":0,"Local Dirtied Blocks":0,"Local Written Blocks":0,"Temp Read Blocks":8330,"Temp Written Blocks":14781,"I/O Read Time":0.0,"I/O Write Time":0.0,"Temp I/O Read Time":12.411,"Temp I/O Write Time":48.777,"Plans":[{"Node Type":"Hash Join","Parent Relationship":"Outer","Parallel Aware":false,"Async Capable":false,"Join Type":"Inner","Startup Cost":2635.12,"Total Cost":1068249.4,"Plan Rows":2000,"Plan Width":37,"Actual Startup Time":16.671,"Actual Total Time":795.407,"Actual Rows":314400,"Actual Loops":1,"Output":["item.i_id","item.i_name","stock.s_i_id","stock.s_w_id","stock.s_quantity"],"Inner Unique":true,"Hash Cond":"(stock.s_i_id = item.i_id)","Shared Hit Blocks":1365,"Shared Read Blocks":0,"Shared Dirtied Blocks":0,"Shared Written Blocks":0,"Local Hit Blocks":0,"Local Read Blocks":0,"Local Dirtied Blocks":0,"Local Written Blocks":0,"Temp Read Blocks":0,"Temp Written Blocks":0,"I/O Read Time":0.0,"I/O Write Time":0.0,"Temp I/O Read Time":0.0,"Temp I/O Write Time":0.0,"Plans":[{"Node Type":"Append","Parent Relationship":"Outer","Parallel Aware":false,"Async Capable":false,"Startup Cost":20.0,"Total Cost":1013131.49,"Plan Rows":20000212,"Plan Width":8,"Actual Startup Time":1.489,"Actual Total Time":720.829,"Actual Rows":314400,"Actual Loops":1,"Shared Hit Blocks":0,"Shared Read Blocks":0,"Shared Dirtied Blocks":0,"Shared Written Blocks":0,"Local Hit Blocks":0,"Local Read Blocks":0,"Local Dirtied Blocks":0,"Local Written Blocks":0,"Temp Read Blocks":0,"Temp Written Blocks":0,"I/O Read Time":0.0,"I/O Write Time":0.0,"Temp I/O Read Time":0.0,"Temp I/O Write Time":0.0,"Subplans Removed":0,"Plans":[{"Node Type":"Custom Scan","Parent Relationship":"Member","Custom Plan Provider":"columnar scan","Parallel Aware":false,"Async Capable":false,"Relation Name":"stock","Schema":"public","Alias":"stock","Startup Cost":20.0,"Total Cost":430020.1,"Plan Rows":20000000,"Plan Width":8,"Actual Startup Time":1.487,"Actual Total Time":699.027,"Actual Rows":314400,"Actual Loops":1,"Output":["stock.s_i_id","stock.s_w_id","stock.s_quantity"],"Rows Removed by Columnar Filter":19685600,"Rows Filtered by Bloom Filter":0,"Dictionary Rows Filtered by Bloom Filter":19685600,"Columnar cache search mode":"native","Shared Hit Blocks":0,"Shared Read Blocks":0,"Shared Dirtied Blocks":0,"Shared Written Blocks":0,"Local Hit Blocks":0,"Local Read Blocks":0,"Local Dirtied Blocks":0,"Local Written Blocks":0,"Temp Read Blocks":0,"Temp Written Blocks":0,"I/O Read Time":0.0,"I/O Write Time":0.0,"Temp I/O Read Time":0.0,"Temp I/O Write Time":0.0},{"Node Type":"Seq Scan","Parent Relationship":"Member","Parallel Aware":false,"Async Capable":false,"Relation Name":"stock","Schema":"public","Alias":"stock","Startup Cost":0.0,"Total Cost":6.12,"Plan Rows":212,"Plan Width":8,"Actual Startup Time":0.0,"Actual Total Time":0.0,"Actual Rows":0,"Actual Loops":0,"Output":["stock.s_i_id","stock.s_w_id","stock.s_quantity"],"Shared Hit Blocks":0,"Shared Read Blocks":0,"Shared Dirtied Blocks":0,"Shared Written Blocks":0,"Local Hit Blocks":0,"Local Read Blocks":0,"Local Dirtied Blocks":0,"Local Written Blocks":0,"Temp Read Blocks":0,"Temp Written Blocks":0,"I/O Read Time":0.0,"I/O Write Time":0.0,"Temp I/O Read Time":0.0,"Temp I/O Write Time":0.0}]},{"Node Type":"Hash","Parent Relationship":"Inner","Parallel Aware":false,"Async Capable":false,"Startup Cost":2615.0,"Total Cost":2615.0,"Plan Rows":10,"Plan Width":29,"Actual Startup Time":15.082,"Actual Total Time":15.083,"Actual Rows":1572,"Actual Loops":1,"Output":["item.i_id","item.i_name"],"Hash Buckets":2048,"Original Hash Buckets":1024,"Hash Batches":1,"Original Hash Batches":1,"Peak Memory Usage":110,"Shared Hit Blocks":1365,"Shared Read Blocks":0,"Shared Dirtied Blocks":0,"Shared Written Blocks":0,"Local Hit Blocks":0,"Local Read Blocks":0,"Local Dirtied Blocks":0,"Local Written Blocks":0,"Temp Read Blocks":0,"Temp Written Blocks":0,"I/O Read Time":0.0,"I/O Write Time":0.0,"Temp I/O Read Time":0.0,"Temp I/O Write Time":0.0,"Plans":[{"Node Type":"Seq Scan","Parent Relationship":"Outer","Parallel Aware":false,"Async Capable":false,"Relation Name":"item","Schema":"public","Alias":"item","Startup Cost":0.0,"Total Cost":2615.0,"Plan Rows":10,"Plan Width":29,"Actual Startup Time":0.013,"Actual Total Time":14.609,"Actual Rows":1572,"Actual Loops":1,"Output":["item.i_id","item.i_name"],"Filter":"((item.i_data)::text ~~ '%b'::text)","Rows Removed by Filter":98428,"Shared Hit Blocks":1365,"Shared Read Blocks":0,"Shared Dirtied Blocks":0,"Shared Written Blocks":0,"Local Hit Blocks":0,"Local Read Blocks":0,"Local Dirtied Blocks":0,"Local Written Blocks":0,"Temp Read Blocks":0,"Temp Written Blocks":0,"I/O Read Time":0.0,"I/O Write Time":0.0,"Temp I/O Read Time":0.0,"Temp I/O Write Time":0.0}]}]},{"Node Type":"Hash","Parent Relationship":"Inner","Parallel Aware":false,"Async Capable":false,"Startup Cost":853663.29,"Total Cost":853663.29,"Plan Rows":99032,"Plan Width":6,"Actual Startup Time":8731.112,"Actual Total Time":8731.116,"Actual Rows":100000,"Actual Loops":1,"Output":["stock_1.s_i_id","(min(stock_1.s_quantity))"],"Hash Buckets":131072,"Original Hash Buckets":131072,"Hash Batches":1,"Original Hash Batches":1,"Peak Memory Usage":4735,"Shared Hit Blocks":219,"Shared Read Blocks":0,"Shared Dirtied Blocks":0,"Shared Written Blocks":0,"Local Hit Blocks":0,"Local Read Blocks":0,"Local Dirtied Blocks":0,"Local Written Blocks":0,"Temp Read Blocks":8330,"Temp Written Blocks":14781,"I/O Read Time":0.0,"I/O Write Time":0.0,"Temp I/O Read Time":12.411,"Temp I/O Write Time":48.777,"Plans":[{"Node Type":"Aggregate","Strategy":"Hashed","Partial Mode":"Simple","Parent Relationship":"Outer","Parallel Aware":false,"Async Capable":false,"Startup Cost":820432.32,"Total Cost":852672.97,"Plan Rows":99032,"Plan Width":6,"Actual Startup Time":8394.787,"Actual Total Time":8716.427,"Actual Rows":100000,"Actual Loops":1,"Output":["stock_1.s_i_id","min(stock_1.s_quantity)"],"Group Key":["stock_1.s_i_id"],"Planned Partitions":0,"HashAgg Batches":5,"Peak Memory Usage":8241,"Disk Usage":68504,"Shared Hit Blocks":219,"Shared Read Blocks":0,"Shared Dirtied Blocks":0,"Shared Written Blocks":0,"Local Hit Blocks":0,"Local Read Blocks":0,"Local Dirtied Blocks":0,"Local Written Blocks":0,"Temp Read Blocks":8330,"Temp Written Blocks":14781,"I/O Read Time":0.0,"I/O Write Time":0.0,"Temp I/O Read Time":12.411,"Temp I/O Write Time":48.777,"Plans":[{"Node Type":"Hash Join","Parent Relationship":"Outer","Parallel Aware":false,"Async Capable":false,"Join Type":"Inner","Startup Cost":421.99,"Total Cost":595429.96,"Plan Rows":4000042,"Plan Width":6,"Actual Startup Time":2.583,"Actual Total Time":7087.154,"Actual Rows":6959700,"Actual Loops":1,"Output":["stock_1.s_i_id","stock_1.s_quantity"],"Inner Unique":false,"Hash Cond":"(mod((stock_1.s_w_id * stock_1.s_i_id), 10000) = supplier_1.su_suppkey)","Shared Hit Blocks":219,"Shared Read Blocks":0,"Shared Dirtied Blocks":0,"Shared Written Blocks":0,"Local Hit Blocks":0,"Local Read Blocks":0,"Local Dirtied Blocks":0,"Local Written Blocks":0,"Temp Read Blocks":0,"Temp Written Blocks":0,"I/O Read Time":0.0,"I/O Write Time":0.0,"Temp I/O Read Time":0.0,"Temp I/O Write Time":0.0,"Plans":[{"Node Type":"Append","Parent Relationship":"Outer","Parallel Aware":false,"Async Capable":false,"Startup Cost":20.0,"Total Cost":430026.22,"Plan Rows":20000212,"Plan Width":8,"Actual Startup Time":0.007,"Actual Total Time":4179.591,"Actual Rows":20000000,"Actual Loops":1,"Shared Hit Blocks":0,"Shared Read Blocks":0,"Shared Dirtied Blocks":0,"Shared Written Blocks":0,"Local Hit Blocks":0,"Local Read Blocks":0,"Local Dirtied Blocks":0,"Local Written Blocks":0,"Temp Read Blocks":0,"Temp Written Blocks":0,"I/O Read Time":0.0,"I/O Write Time":0.0,"Temp I/O Read Time":0.0,"Temp I/O Write Time":0.0,"Subplans Removed":0,"Plans":[{"Node Type":"Custom Scan","Parent Relationship":"Member","Custom Plan Provider":"columnar scan","Parallel Aware":false,"Async Capable":false,"Relation Name":"stock","Schema":"public","Alias":"stock_1","Startup Cost":20.0,"Total Cost":430020.1,"Plan Rows":20000000,"Plan Width":8,"Actual Startup Time":0.007,"Actual Total Time":2787.694,"Actual Rows":20000000,"Actual Loops":1,"Output":["stock_1.s_i_id","stock_1.s_quantity","stock_1.s_w_id"],"Rows Removed by Columnar Filter":0,"Columnar cache search mode":"native","Shared Hit Blocks":0,"Shared Read Blocks":0,"Shared Dirtied Blocks":0,"Shared Written Blocks":0,"Local Hit Blocks":0,"Local Read Blocks":0,"Local Dirtied Blocks":0,"Local Written Blocks":0,"Temp Read Blocks":0,"Temp Written Blocks":0,"I/O Read Time":0.0,"I/O Write Time":0.0,"Temp I/O Read Time":0.0,"Temp I/O Write Time":0.0},{"Node Type":"Seq Scan","Parent Relationship":"Member","Parallel Aware":false,"Async Capable":false,"Relation Name":"stock","Schema":"public","Alias":"stock_1","Startup Cost":0.0,"Total Cost":6.12,"Plan Rows":212,"Plan Width":8,"Actual Startup Time":0.0,"Actual Total Time":0.0,"Actual Rows":0,"Actual Loops":0,"Output":["stock_1.s_i_id","stock_1.s_quantity","stock_1.s_w_id"],"Shared Hit Blocks":0,"Shared Read Blocks":0,"Shared Dirtied Blocks":0,"Shared Written Blocks":0,"Local Hit Blocks":0,"Local Read Blocks":0,"Local Dirtied Blocks":0,"Local Written Blocks":0,"Temp Read Blocks":0,"Temp Written Blocks":0,"I/O Read Time":0.0,"I/O Write Time":0.0,"Temp I/O Read Time":0.0,"Temp I/O Write Time":0.0}]},{"Node Type":"Hash","Parent Relationship":"Inner","Parallel Aware":false,"Async Capable":false,"Startup Cost":376.99,"Total Cost":376.99,"Plan Rows":2000,"Plan Width":4,"Actual Startup Time":2.569,"Actual Total Time":2.571,"Actual Rows":3506,"Actual Loops":1,"Output":["supplier_1.su_suppkey"],"Hash Buckets":4096,"Original Hash Buckets":2048,"Hash Batches":1,"Original Hash Batches":1,"Peak Memory Usage":156,"Shared Hit Blocks":219,"Shared Read Blocks":0,"Shared Dirtied Blocks":0,"Shared Written Blocks":0,"Local Hit Blocks":0,"Local Read Blocks":0,"Local Dirtied Blocks":0,"Local Written Blocks":0,"Temp Read Blocks":0,"Temp Written Blocks":0,"I/O Read Time":0.0,"I/O Write Time":0.0,"Temp I/O Read Time":0.0,"Temp I/O Write Time":0.0,"Plans":[{"Node Type":"Hash Join","Parent Relationship":"Outer","Parallel Aware":false,"Async Capable":false,"Join Type":"Inner","Startup Cost":3.14,"Total Cost":376.99,"Plan Rows":2000,"Plan Width":4,"Actual Startup Time":0.037,"Actual Total Time":2.181,"Actual Rows":3506,"Actual Loops":1,"Output":["supplier_1.su_suppkey"],"Inner Unique":false,"Hash Cond":"(supplier_1.su_nationkey = nation_1.n_nationkey)","Shared Hit Blocks":219,"Shared Read Blocks":0,"Shared Dirtied Blocks":0,"Shared Written Blocks":0,"Local Hit Blocks":0,"Local Read Blocks":0,"Local Dirtied Blocks":0,"Local Written Blocks":0,"Temp Read Blocks":0,"Temp Written Blocks":0,"I/O Read Time":0.0,"I/O Write Time":0.0,"Temp I/O Read Time":0.0,"Temp I/O Write Time":0.0,"Plans":[{"Node Type":"Seq Scan","Parent Relationship":"Outer","Parallel Aware":false,"Async Capable":false,"Relation Name":"supplier","Schema":"public","Alias":"supplier_1","Startup Cost":0.0,"Total Cost":317.0,"Plan Rows":10000,"Plan Width":8,"Actual Startup Time":0.005,"Actual Total Time":0.779,"Actual Rows":10000,"Actual Loops":1,"Output":["supplier_1.su_suppkey","supplier_1.su_name","supplier_1.su_address","supplier_1.su_nationkey","supplier_1.su_phone","supplier_1.su_acctbal","supplier_1.su_comment"],"Shared Hit Blocks":217,"Shared Read Blocks":0,"Shared Dirtied Blocks":0,"Shared Written Blocks":0,"Local Hit Blocks":0,"Local Read Blocks":0,"Local Dirtied Blocks":0,"Local Written Blocks":0,"Temp Read Blocks":0,"Temp Written Blocks":0,"I/O Read Time":0.0,"I/O Write Time":0.0,"Temp I/O Read Time":0.0,"Temp I/O Write Time":0.0},{"Node Type":"Hash","Parent Relationship":"Inner","Parallel Aware":false,"Async Capable":false,"Startup Cost":2.99,"Total Cost":2.99,"Plan Rows":12,"Plan Width":4,"Actual Startup Time":0.029,"Actual Total Time":0.03,"Actual Rows":22,"Actual Loops":1,"Output":["nation_1.n_nationkey"],"Hash Buckets":1024,"Original Hash Buckets":1024,"Hash Batches":1,"Original Hash Batches":1,"Peak Memory Usage":9,"Shared Hit Blocks":2,"Shared Read Blocks":0,"Shared Dirtied Blocks":0,"Shared Written Blocks":0,"Local Hit Blocks":0,"Local Read Blocks":0,"Local Dirtied Blocks":0,"Local Written Blocks":0,"Temp Read Blocks":0,"Temp Written Blocks":0,"I/O Read Time":0.0,"I/O Write Time":0.0,"Temp I/O Read Time":0.0,"Temp I/O Write Time":0.0,"Plans":[{"Node Type":"Hash Join","Parent Relationship":"Outer","Parallel Aware":false,"Async Capable":false,"Join Type":"Inner","Startup Cost":1.07,"Total Cost":2.99,"Plan Rows":12,"Plan Width":4,"Actual Startup Time":0.014,"Actual Total Time":0.027,"Actual Rows":22,"Actual Loops":1,"Output":["nation_1.n_nationkey"],"Inner Unique":true,"Hash Cond":"(nation_1.n_regionkey = region_1.r_regionkey)","Shared Hit Blocks":2,"Shared Read Blocks":0,"Shared Dirtied Blocks":0,"Shared Written Blocks":0,"Local Hit Blocks":0,"Local Read Blocks":0,"Local Dirtied Blocks":0,"Local Written Blocks":0,"Temp Read Blocks":0,"Temp Written Blocks":0,"I/O Read Time":0.0,"I/O Write Time":0.0,"Temp I/O Read Time":0.0,"Temp I/O Write Time":0.0,"Plans":[{"Node Type":"Seq Scan","Parent Relationship":"Outer","Parallel Aware":false,"Async Capable":false,"Relation Name":"nation","Schema":"public","Alias":"nation_1","Startup Cost":0.0,"Total Cost":1.62,"Plan Rows":62,"Plan Width":8,"Actual Startup Time":0.004,"Actual Total Time":0.007,"Actual Rows":62,"Actual Loops":1,"Output":["nation_1.n_nationkey","nation_1.n_name","nation_1.n_regionkey","nation_1.n_comment"],"Shared Hit Blocks":1,"Shared Read Blocks":0,"Shared Dirtied Blocks":0,"Shared Written Blocks":0,"Local Hit Blocks":0,"Local Read Blocks":0,"Local Dirtied Blocks":0,"Local Written Blocks":0,"Temp Read Blocks":0,"Temp Written Blocks":0,"I/O Read Time":0.0,"I/O Write Time":0.0,"Temp I/O Read Time":0.0,"Temp I/O Write Time":0.0},{"Node Type":"Hash","Parent Relationship":"Inner","Parallel Aware":false,"Async Capable":false,"Startup Cost":1.06,"Total Cost":1.06,"Plan Rows":1,"Plan Width":4,"Actual Startup Time":0.005,"Actual Total Time":0.005,"Actual Rows":1,"Actual Loops":1,"Output":["region_1.r_regionkey"],"Hash Buckets":1024,"Original Hash Buckets":1024,"Hash Batches":1,"Original Hash Batches":1,"Peak Memory Usage":9,"Shared Hit Blocks":1,"Shared Read Blocks":0,"Shared Dirtied Blocks":0,"Shared Written Blocks":0,"Local Hit Blocks":0,"Local Read Blocks":0,"Local Dirtied Blocks":0,"Local Written Blocks":0,"Temp Read Blocks":0,"Temp Written Blocks":0,"I/O Read Time":0.0,"I/O Write Time":0.0,"Temp I/O Read Time":0.0,"Temp I/O Write Time":0.0,"Plans":[{"Node Type":"Seq Scan","Parent Relationship":"Outer","Parallel Aware":false,"Async Capable":false,"Relation Name":"region","Schema":"public","Alias":"region_1","Startup Cost":0.0,"Total Cost":1.06,"Plan Rows":1,"Plan Width":4,"Actual Startup Time":0.003,"Actual Total Time":0.004,"Actual Rows":1,"Actual Loops":1,"Output":["region_1.r_regionkey"],"Filter":"((region_1.r_name)::text ~~ 'Europ%'::text)","Rows Removed by Filter":4,"Shared Hit Blocks":1,"Shared Read Blocks":0,"Shared Dirtied Blocks":0,"Shared Written Blocks":0,"Local Hit Blocks":0,"Local Read Blocks":0,"Local Dirtied Blocks":0,"Local Written Blocks":0,"Temp Read Blocks":0,"Temp Written Blocks":0,"I/O Read Time":0.0,"I/O Write Time":0.0,"Temp I/O Read Time":0.0,"Temp I/O Write Time":0.0}]}]}]}]}]}]}]}]}]},{"Node Type":"Index Scan","Parent Relationship":"Inner","Parallel Aware":false,"Async Capable":false,"Scan Direction":"Forward","Index Name":"supplier_pk","Relation Name":"supplier","Schema":"public","Alias":"supplier","Startup Cost":0.29,"Total Cost":3.25,"Plan Rows":1,"Plan Width":131,"Actual Startup Time":0.002,"Actual Total Time":0.002,"Actual Rows":1,"Actual Loops":4450,"Output":["supplier.su_suppkey","supplier.su_name","supplier.su_address","supplier.su_nationkey","supplier.su_phone","supplier.su_acctbal","supplier.su_comment"],"Index Cond":"(supplier.su_suppkey = mod((stock.s_w_id * stock.s_i_id), 10000))","Rows Removed by Index Recheck":0,"Shared Hit Blocks":13350,"Shared Read Blocks":0,"Shared Dirtied Blocks":0,"Shared Written Blocks":0,"Local Hit Blocks":0,"Local Read Blocks":0,"Local Dirtied Blocks":0,"Local Written Blocks":0,"Temp Read Blocks":0,"Temp Written Blocks":0,"I/O Read Time":0.0,"I/O Write Time":0.0,"Temp I/O Read Time":0.0,"Temp I/O Write Time":0.0}]},{"Node Type":"Index Scan","Parent Relationship":"Inner","Parallel Aware":false,"Async Capable":false,"Scan Direction":"Forward","Index Name":"nation_pk","Relation Name":"nation","Schema":"public","Alias":"nation","Startup Cost":0.14,"Total Cost":0.16,"Plan Rows":1,"Plan Width":16,"Actual Startup Time":0.001,"Actual Total Time":0.001,"Actual Rows":1,"Actual Loops":4450,"Output":["nation.n_nationkey","nation.n_name","nation.n_regionkey","nation.n_comment"],"Index Cond":"(nation.n_nationkey = supplier.su_nationkey)","Rows Removed by Index Recheck":0,"Shared Hit Blocks":8900,"Shared Read Blocks":0,"Shared Dirtied Blocks":0,"Shared Written Blocks":0,"Local Hit Blocks":0,"Local Read Blocks":0,"Local Dirtied Blocks":0,"Local Written Blocks":0,"Temp Read Blocks":0,"Temp Written Blocks":0,"I/O Read Time":0.0,"I/O Write Time":0.0,"Temp I/O Read Time":0.0,"Temp I/O Write Time":0.0}]},{"Node Type":"Hash","Parent Relationship":"Inner","Parallel Aware":false,"Async Capable":false,"Startup Cost":1.06,"Total Cost":1.06,"Plan Rows":1,"Plan Width":4,"Actual Startup Time":0.018,"Actual Total Time":0.019,"Actual Rows":1,"Actual Loops":1,"Output":["region.r_regionkey"],"Hash Buckets":1024,"Original Hash Buckets":1024,"Hash Batches":1,"Original Hash Batches":1,"Peak Memory Usage":9,"Shared Hit Blocks":1,"Shared Read Blocks":0,"Shared Dirtied Blocks":0,"Shared Written Blocks":0,"Local Hit Blocks":0,"Local Read Blocks":0,"Local Dirtied Blocks":0,"Local Written Blocks":0,"Temp Read Blocks":0,"Temp Written Blocks":0,"I/O Read Time":0.0,"I/O Write Time":0.0,"Temp I/O Read Time":0.0,"Temp I/O Write Time":0.0,"Plans":[{"Node Type":"Seq Scan","Parent Relationship":"Outer","Parallel Aware":false,"Async Capable":false,"Relation Name":"region","Schema":"public","Alias":"region","Startup Cost":0.0,"Total Cost":1.06,"Plan Rows":1,"Plan Width":4,"Actual Startup Time":0.014,"Actual Total Time":0.015,"Actual Rows":1,"Actual Loops":1,"Output":["region.r_regionkey"],"Filter":"((region.r_name)::text ~~ 'Europ%'::text)","Rows Removed by Filter":4,"Shared Hit Blocks":1,"Shared Read Blocks":0,"Shared Dirtied Blocks":0,"Shared Written Blocks":0,"Local Hit Blocks":0,"Local Read Blocks":0,"Local Dirtied Blocks":0,"Local Written Blocks":0,"Temp Read Blocks":0,"Temp Written Blocks":0,"I/O Read Time":0.0,"I/O Write Time":0.0,"Temp I/O Read Time":0.0,"Temp I/O Write Time":0.0}]}]}]},"Planning":{"Shared Hit Blocks":36,"Shared Read Blocks":0,"Shared Dirtied Blocks":0,"Shared Written Blocks":0,"Local Hit Blocks":0,"Local Read Blocks":0,"Local Dirtied Blocks":0,"Local Written Blocks":0,"Temp Read Blocks":0,"Temp Written Blocks":0,"I/O Read Time":0.0,"I/O Write Time":0.0,"Temp I/O Read Time":0.0,"Temp I/O Write Time":0.0},"Planning Time":6.216,"Triggers":[],"Execution Time":9606.454}]
[列存组合]: supplier
[{"Plan":{"Node Type":"Sort","Parallel Aware":false,"Async Capable":false,"Startup Cost":2546976.43,"Total Cost":2546976.43,"Plan Rows":2,"Plan Width":164,"Actual Startup Time":13748.245,"Actual Total Time":13748.344,"Actual Rows":2295,"Actual Loops":1,"Output":["supplier.su_suppkey","supplier.su_name","nation.n_name","item.i_id","item.i_name","supplier.su_address","supplier.su_phone","supplier.su_comment"],"Sort Key":["nation.n_name","supplier.su_name","item.i_id"],"Sort Method":"quicksort","Sort Space Used":568,"Sort Space Type":"Memory","Shared Hit Blocks":1690402,"Shared Read Blocks":0,"Shared Dirtied Blocks":0,"Shared Written Blocks":0,"Local Hit Blocks":0,"Local Read Blocks":0,"Local Dirtied Blocks":0,"Local Written Blocks":0,"Temp Read Blocks":8330,"Temp Written Blocks":14781,"I/O Read Time":0.0,"I/O Write Time":0.0,"Temp I/O Read Time":11.996,"Temp I/O Write Time":52.559,"Plans":[{"Node Type":"Hash Join","Parent Relationship":"Outer","Parallel Aware":false,"Async Capable":false,"Join Type":"Inner","Startup Cost":1461035.32,"Total Cost":2546976.42,"Plan Rows":2,"Plan Width":164,"Actual Startup Time":8555.715,"Actual Total Time":13743.327,"Actual Rows":2295,"Actual Loops":1,"Output":["supplier.su_suppkey","supplier.su_name","nation.n_name","item.i_id","item.i_name","supplier.su_address","supplier.su_phone","supplier.su_comment"],"Inner Unique":true,"Hash Cond":"(nation.n_regionkey = region.r_regionkey)","Shared Hit Blocks":1690402,"Shared Read Blocks":0,"Shared Dirtied Blocks":0,"Shared Written Blocks":0,"Local Hit Blocks":0,"Local Read Blocks":0,"Local Dirtied Blocks":0,"Local Written Blocks":0,"Temp Read Blocks":8330,"Temp Written Blocks":14781,"I/O Read Time":0.0,"I/O Write Time":0.0,"Temp I/O Read Time":11.996,"Temp I/O Write Time":52.559,"Plans":[{"Node Type":"Nested Loop","Parent Relationship":"Outer","Parallel Aware":false,"Async Capable":false,"Join Type":"Inner","Startup Cost":1461034.25,"Total Cost":2546975.29,"Plan Rows":10,"Plan Width":168,"Actual Startup Time":8555.19,"Actual Total Time":13742.008,"Actual Rows":4450,"Actual Loops":1,"Output":["item.i_id","item.i_name","supplier.su_suppkey","supplier.su_name","supplier.su_address","supplier.su_phone","supplier.su_comment","nation.n_name","nation.n_regionkey"],"Inner Unique":true,"Shared Hit Blocks":1690401,"Shared Read Blocks":0,"Shared Dirtied Blocks":0,"Shared Written Blocks":0,"Local Hit Blocks":0,"Local Read Blocks":0,"Local Dirtied Blocks":0,"Local Written Blocks":0,"Temp Read Blocks":8330,"Temp Written Blocks":14781,"I/O Read Time":0.0,"I/O Write Time":0.0,"Temp I/O Read Time":11.996,"Temp I/O Write Time":52.559,"Plans":[{"Node Type":"Nested Loop","Parent Relationship":"Outer","Parallel Aware":false,"Async Capable":false,"Join Type":"Inner","Startup Cost":1461034.11,"Total Cost":2546973.71,"Plan Rows":10,"Plan Width":160,"Actual Startup Time":8555.181,"Actual Total Time":13735.447,"Actual Rows":4450,"Actual Loops":1,"Output":["item.i_id","item.i_name","supplier.su_suppkey","supplier.su_name","supplier.su_address","supplier.su_phone","supplier.su_comment","supplier.su_nationkey"],"Inner Unique":true,"Shared Hit Blocks":1681501,"Shared Read Blocks":0,"Shared Dirtied Blocks":0,"Shared Written Blocks":0,"Local Hit Blocks":0,"Local Read Blocks":0,"Local Dirtied Blocks":0,"Local Written Blocks":0,"Temp Read Blocks":8330,"Temp Written Blocks":14781,"I/O Read Time":0.0,"I/O Write Time":0.0,"Temp I/O Read Time":11.996,"Temp I/O Write Time":52.559,"Plans":[{"Node Type":"Hash Join","Parent Relationship":"Outer","Parallel Aware":false,"Async Capable":false,"Join Type":"Inner","Startup Cost":1461033.82,"Total Cost":2546941.22,"Plan Rows":10,"Plan Width":35,"Actual Startup Time":8555.156,"Actual Total Time":13718.484,"Actual Rows":4450,"Actual Loops":1,"Output":["item.i_id","item.i_name","stock.s_i_id","stock.s_w_id"],"Inner Unique":true,"Hash Cond":"((item.i_id = stock_1.s_i_id) AND (stock.s_quantity = (min(stock_1.s_quantity))))","Shared Hit Blocks":1668151,"Shared Read Blocks":0,"Shared Dirtied Blocks":0,"Shared Written Blocks":0,"Local Hit Blocks":0,"Local Read Blocks":0,"Local Dirtied Blocks":0,"Local Written Blocks":0,"Temp Read Blocks":8330,"Temp Written Blocks":14781,"I/O Read Time":0.0,"I/O Write Time":0.0,"Temp I/O Read Time":11.996,"Temp I/O Write Time":52.559,"Plans":[{"Node Type":"Hash Join","Parent Relationship":"Outer","Parallel Aware":false,"Async Capable":false,"Join Type":"Inner","Startup Cost":2615.12,"Total Cost":1088512.03,"Plan Rows":2000,"Plan Width":37,"Actual Startup Time":14.156,"Actual Total Time":5102.824,"Actual Rows":314400,"Actual Loops":1,"Output":["item.i_id","item.i_name","stock.s_i_id","stock.s_w_id","stock.s_quantity"],"Inner Unique":true,"Hash Cond":"(stock.s_i_id = item.i_id)","Shared Hit Blocks":834757,"Shared Read Blocks":0,"Shared Dirtied Blocks":0,"Shared Written Blocks":0,"Local Hit Blocks":0,"Local Read Blocks":0,"Local Dirtied Blocks":0,"Local Written Blocks":0,"Temp Read Blocks":0,"Temp Written Blocks":0,"I/O Read Time":0.0,"I/O Write Time":0.0,"Temp I/O Read Time":0.0,"Temp I/O Write Time":0.0,"Plans":[{"Node Type":"Seq Scan","Parent Relationship":"Outer","Parallel Aware":false,"Async Capable":false,"Relation Name":"stock","Schema":"public","Alias":"stock","Startup Cost":0.0,"Total Cost":1033394.12,"Plan Rows":20000212,"Plan Width":8,"Actual Startup Time":0.003,"Actual Total Time":1739.325,"Actual Rows":20000000,"Actual Loops":1,"Output":["stock.s_i_id","stock.s_w_id","stock.s_quantity","stock.s_dist_01","stock.s_dist_02","stock.s_dist_03","stock.s_dist_04","stock.s_dist_05","stock.s_dist_06","stock.s_dist_07","stock.s_dist_08","stock.s_dist_09","stock.s_dist_10","stock.s_ytd","stock.s_order_cnt","stock.s_remote_cnt","stock.s_data"],"Shared Hit Blocks":833392,"Shared Read Blocks":0,"Shared Dirtied Blocks":0,"Shared Written Blocks":0,"Local Hit Blocks":0,"Local Read Blocks":0,"Local Dirtied Blocks":0,"Local Written Blocks":0,"Temp Read Blocks":0,"Temp Written Blocks":0,"I/O Read Time":0.0,"I/O Write Time":0.0,"Temp I/O Read Time":0.0,"Temp I/O Write Time":0.0},{"Node Type":"Hash","Parent Relationship":"Inner","Parallel Aware":false,"Async Capable":false,"Startup Cost":2615.0,"Total Cost":2615.0,"Plan Rows":10,"Plan Width":29,"Actual Startup Time":14.132,"Actual Total Time":14.133,"Actual Rows":1572,"Actual Loops":1,"Output":["item.i_id","item.i_name"],"Hash Buckets":2048,"Original Hash Buckets":1024,"Hash Batches":1,"Original Hash Batches":1,"Peak Memory Usage":110,"Shared Hit Blocks":1365,"Shared Read Blocks":0,"Shared Dirtied Blocks":0,"Shared Written Blocks":0,"Local Hit Blocks":0,"Local Read Blocks":0,"Local Dirtied Blocks":0,"Local Written Blocks":0,"Temp Read Blocks":0,"Temp Written Blocks":0,"I/O Read Time":0.0,"I/O Write Time":0.0,"Temp I/O Read Time":0.0,"Temp I/O Write Time":0.0,"Plans":[{"Node Type":"Seq Scan","Parent Relationship":"Outer","Parallel Aware":false,"Async Capable":false,"Relation Name":"item","Schema":"public","Alias":"item","Startup Cost":0.0,"Total Cost":2615.0,"Plan Rows":10,"Plan Width":29,"Actual Startup Time":0.012,"Actual Total Time":13.899,"Actual Rows":1572,"Actual Loops":1,"Output":["item.i_id","item.i_name"],"Filter":"((item.i_data)::text ~~ '%b'::text)","Rows Removed by Filter":98428,"Shared Hit Blocks":1365,"Shared Read Blocks":0,"Shared Dirtied Blocks":0,"Shared Written Blocks":0,"Local Hit Blocks":0,"Local Read Blocks":0,"Local Dirtied Blocks":0,"Local Written Blocks":0,"Temp Read Blocks":0,"Temp Written Blocks":0,"I/O Read Time":0.0,"I/O Write Time":0.0,"Temp I/O Read Time":0.0,"Temp I/O Write Time":0.0}]}]},{"Node Type":"Hash","Parent Relationship":"Inner","Parallel Aware":false,"Async Capable":false,"Startup Cost":1456933.21,"Total Cost":1456933.21,"Plan Rows":99032,"Plan Width":6,"Actual Startup Time":8538.973,"Actual Total Time":8538.979,"Actual Rows":100000,"Actual Loops":1,"Output":["stock_1.s_i_id","(min(stock_1.s_quantity))"],"Hash Buckets":131072,"Original Hash Buckets":131072,"Hash Batches":1,"Original Hash Batches":1,"Peak Memory Usage":4735,"Shared Hit Blocks":833394,"Shared Read Blocks":0,"Shared Dirtied Blocks":0,"Shared Written Blocks":0,"Local Hit Blocks":0,"Local Read Blocks":0,"Local Dirtied Blocks":0,"Local Written Blocks":0,"Temp Read Blocks":8330,"Temp Written Blocks":14781,"I/O Read Time":0.0,"I/O Write Time":0.0,"Temp I/O Read Time":11.996,"Temp I/O Write Time":52.559,"Plans":[{"Node Type":"Aggregate","Strategy":"Hashed","Partial Mode":"Simple","Parent Relationship":"Outer","Parallel Aware":false,"Async Capable":false,"Startup Cost":1423702.24,"Total Cost":1455942.89,"Plan Rows":99032,"Plan Width":6,"Actual Startup Time":8203.093,"Actual Total Time":8524.538,"Actual Rows":100000,"Actual Loops":1,"Output":["stock_1.s_i_id","min(stock_1.s_quantity)"],"Group Key":["stock_1.s_i_id"],"Planned Partitions":0,"HashAgg Batches":5,"Peak Memory Usage":8241,"Disk Usage":68504,"Shared Hit Blocks":833394,"Shared Read Blocks":0,"Shared Dirtied Blocks":0,"Shared Written Blocks":0,"Local Hit Blocks":0,"Local Read Blocks":0,"Local Dirtied Blocks":0,"Local Written Blocks":0,"Temp Read Blocks":8330,"Temp Written Blocks":14781,"I/O Read Time":0.0,"I/O Write Time":0.0,"Temp I/O Read Time":11.996,"Temp I/O Write Time":52.559,"Plans":[{"Node Type":"Hash Join","Parent Relationship":"Outer","Parallel Aware":false,"Async Capable":false,"Join Type":"Inner","Startup Cost":304.02,"Total Cost":1198699.88,"Plan Rows":4000042,"Plan Width":6,"Actual Startup Time":1.912,"Actual Total Time":6856.373,"Actual Rows":6959700,"Actual Loops":1,"Output":["stock_1.s_i_id","stock_1.s_quantity"],"Inner Unique":false,"Hash Cond":"(mod((stock_1.s_w_id * stock_1.s_i_id), 10000) = supplier_1.su_suppkey)","Shared Hit Blocks":833394,"Shared Read Blocks":0,"Shared Dirtied Blocks":0,"Shared Written Blocks":0,"Local Hit Blocks":0,"Local Read Blocks":0,"Local Dirtied Blocks":0,"Local Written Blocks":0,"Temp Read Blocks":0,"Temp Written Blocks":0,"I/O Read Time":0.0,"I/O Write Time":0.0,"Temp I/O Read Time":0.0,"Temp I/O Write Time":0.0,"Plans":[{"Node Type":"Seq Scan","Parent Relationship":"Outer","Parallel Aware":false,"Async Capable":false,"Relation Name":"stock","Schema":"public","Alias":"stock_1","Startup Cost":0.0,"Total Cost":1033394.12,"Plan Rows":20000212,"Plan Width":8,"Actual Startup Time":0.004,"Actual Total Time":1913.186,"Actual Rows":20000000,"Actual Loops":1,"Output":["stock_1.s_i_id","stock_1.s_w_id","stock_1.s_quantity","stock_1.s_dist_01","stock_1.s_dist_02","stock_1.s_dist_03","stock_1.s_dist_04","stock_1.s_dist_05","stock_1.s_dist_06","stock_1.s_dist_07","stock_1.s_dist_08","stock_1.s_dist_09","stock_1.s_dist_10","stock_1.s_ytd","stock_1.s_order_cnt","stock_1.s_remote_cnt","stock_1.s_data"],"Shared Hit Blocks":833392,"Shared Read Blocks":0,"Shared Dirtied Blocks":0,"Shared Written Blocks":0,"Local Hit Blocks":0,"Local Read Blocks":0,"Local Dirtied Blocks":0,"Local Written Blocks":0,"Temp Read Blocks":0,"Temp Written Blocks":0,"I/O Read Time":0.0,"I/O Write Time":0.0,"Temp I/O Read Time":0.0,"Temp I/O Write Time":0.0},{"Node Type":"Hash","Parent Relationship":"Inner","Parallel Aware":false,"Async Capable":false,"Startup Cost":279.02,"Total Cost":279.02,"Plan Rows":2000,"Plan Width":4,"Actual Startup Time":1.903,"Actual Total Time":1.907,"Actual Rows":3506,"Actual Loops":1,"Output":["supplier_1.su_suppkey"],"Hash Buckets":4096,"Original Hash Buckets":2048,"Hash Batches":1,"Original Hash Batches":1,"Peak Memory Usage":156,"Shared Hit Blocks":2,"Shared Read Blocks":0,"Shared Dirtied Blocks":0,"Shared Written Blocks":0,"Local Hit Blocks":0,"Local Read Blocks":0,"Local Dirtied Blocks":0,"Local Written Blocks":0,"Temp Read Blocks":0,"Temp Written Blocks":0,"I/O Read Time":0.0,"I/O Write Time":0.0,"Temp I/O Read Time":0.0,"Temp I/O Write Time":0.0,"Plans":[{"Node Type":"Hash Join","Parent Relationship":"Outer","Parallel Aware":false,"Async Capable":false,"Join Type":"Inner","Startup Cost":23.14,"Total Cost":279.02,"Plan Rows":2000,"Plan Width":4,"Actual Startup Time":0.22,"Actual Total Time":1.52,"Actual Rows":3506,"Actual Loops":1,"Output":["supplier_1.su_suppkey"],"Inner Unique":false,"Hash Cond":"(supplier_1.su_nationkey = nation_1.n_nationkey)","Shared Hit Blocks":2,"Shared Read Blocks":0,"Shared Dirtied Blocks":0,"Shared Written Blocks":0,"Local Hit Blocks":0,"Local Read Blocks":0,"Local Dirtied Blocks":0,"Local Written Blocks":0,"Temp Read Blocks":0,"Temp Written Blocks":0,"I/O Read Time":0.0,"I/O Write Time":0.0,"Temp I/O Read Time":0.0,"Temp I/O Write Time":0.0,"Plans":[{"Node Type":"Append","Parent Relationship":"Outer","Parallel Aware":false,"Async Capable":false,"Startup Cost":20.0,"Total Cost":219.01,"Plan Rows":10001,"Plan Width":8,"Actual Startup Time":0.097,"Actual Total Time":0.835,"Actual Rows":3506,"Actual Loops":1,"Shared Hit Blocks":0,"Shared Read Blocks":0,"Shared Dirtied Blocks":0,"Shared Written Blocks":0,"Local Hit Blocks":0,"Local Read Blocks":0,"Local Dirtied Blocks":0,"Local Written Blocks":0,"Temp Read Blocks":0,"Temp Written Blocks":0,"I/O Read Time":0.0,"I/O Write Time":0.0,"Temp I/O Read Time":0.0,"Temp I/O Write Time":0.0,"Subplans Removed":0,"Plans":[{"Node Type":"Custom Scan","Parent Relationship":"Member","Custom Plan Provider":"columnar scan","Parallel Aware":false,"Async Capable":false,"Relation Name":"supplier","Schema":"public","Alias":"supplier_1","Startup Cost":20.0,"Total Cost":215.0,"Plan Rows":10000,"Plan Width":8,"Actual Startup Time":0.095,"Actual Total Time":0.569,"Actual Rows":3506,"Actual Loops":1,"Output":["supplier_1.su_suppkey","supplier_1.su_nationkey"],"Rows Removed by Columnar Filter":6494,"Rows Filtered by Bloom Filter":0,"Dictionary Rows Filtered by Bloom Filter":6494,"Columnar cache search mode":"native","Shared Hit Blocks":0,"Shared Read Blocks":0,"Shared Dirtied Blocks":0,"Shared Written Blocks":0,"Local Hit Blocks":0,"Local Read Blocks":0,"Local Dirtied Blocks":0,"Local Written Blocks":0,"Temp Read Blocks":0,"Temp Written Blocks":0,"I/O Read Time":0.0,"I/O Write Time":0.0,"Temp I/O Read Time":0.0,"Temp I/O Write Time":0.0},{"Node Type":"Seq Scan","Parent Relationship":"Member","Parallel Aware":false,"Async Capable":false,"Relation Name":"supplier","Schema":"public","Alias":"supplier_1","Startup Cost":0.0,"Total Cost":4.01,"Plan Rows":1,"Plan Width":8,"Actual Startup Time":0.0,"Actual Total Time":0.0,"Actual Rows":0,"Actual Loops":0,"Output":["supplier_1.su_suppkey","supplier_1.su_nationkey"],"Shared Hit Blocks":0,"Shared Read Blocks":0,"Shared Dirtied Blocks":0,"Shared Written Blocks":0,"Local Hit Blocks":0,"Local Read Blocks":0,"Local Dirtied Blocks":0,"Local Written Blocks":0,"Temp Read Blocks":0,"Temp Written Blocks":0,"I/O Read Time":0.0,"I/O Write Time":0.0,"Temp I/O Read Time":0.0,"Temp I/O Write Time":0.0}]},{"Node Type":"Hash","Parent Relationship":"Inner","Parallel Aware":false,"Async Capable":false,"Startup Cost":2.99,"Total Cost":2.99,"Plan Rows":12,"Plan Width":4,"Actual Startup Time":0.031,"Actual Total Time":0.032,"Actual Rows":22,"Actual Loops":1,"Output":["nation_1.n_nationkey"],"Hash Buckets":1024,"Original Hash Buckets":1024,"Hash Batches":1,"Original Hash Batches":1,"Peak Memory Usage":9,"Shared Hit Blocks":2,"Shared Read Blocks":0,"Shared Dirtied Blocks":0,"Shared Written Blocks":0,"Local Hit Blocks":0,"Local Read Blocks":0,"Local Dirtied Blocks":0,"Local Written Blocks":0,"Temp Read Blocks":0,"Temp Written Blocks":0,"I/O Read Time":0.0,"I/O Write Time":0.0,"Temp I/O Read Time":0.0,"Temp I/O Write Time":0.0,"Plans":[{"Node Type":"Hash Join","Parent Relationship":"Outer","Parallel Aware":false,"Async Capable":false,"Join Type":"Inner","Startup Cost":1.07,"Total Cost":2.99,"Plan Rows":12,"Plan Width":4,"Actual Startup Time":0.014,"Actual Total Time":0.026,"Actual Rows":22,"Actual Loops":1,"Output":["nation_1.n_nationkey"],"Inner Unique":true,"Hash Cond":"(nation_1.n_regionkey = region_1.r_regionkey)","Shared Hit Blocks":2,"Shared Read Blocks":0,"Shared Dirtied Blocks":0,"Shared Written Blocks":0,"Local Hit Blocks":0,"Local Read Blocks":0,"Local Dirtied Blocks":0,"Local Written Blocks":0,"Temp Read Blocks":0,"Temp Written Blocks":0,"I/O Read Time":0.0,"I/O Write Time":0.0,"Temp I/O Read Time":0.0,"Temp I/O Write Time":0.0,"Plans":[{"Node Type":"Seq Scan","Parent Relationship":"Outer","Parallel Aware":false,"Async Capable":false,"Relation Name":"nation","Schema":"public","Alias":"nation_1","Startup Cost":0.0,"Total Cost":1.62,"Plan Rows":62,"Plan Width":8,"Actual Startup Time":0.004,"Actual Total Time":0.007,"Actual Rows":62,"Actual Loops":1,"Output":["nation_1.n_nationkey","nation_1.n_name","nation_1.n_regionkey","nation_1.n_comment"],"Shared Hit Blocks":1,"Shared Read Blocks":0,"Shared Dirtied Blocks":0,"Shared Written Blocks":0,"Local Hit Blocks":0,"Local Read Blocks":0,"Local Dirtied Blocks":0,"Local Written Blocks":0,"Temp Read Blocks":0,"Temp Written Blocks":0,"I/O Read Time":0.0,"I/O Write Time":0.0,"Temp I/O Read Time":0.0,"Temp I/O Write Time":0.0},{"Node Type":"Hash","Parent Relationship":"Inner","Parallel Aware":false,"Async Capable":false,"Startup Cost":1.06,"Total Cost":1.06,"Plan Rows":1,"Plan Width":4,"Actual Startup Time":0.006,"Actual Total Time":0.006,"Actual Rows":1,"Actual Loops":1,"Output":["region_1.r_regionkey"],"Hash Buckets":1024,"Original Hash Buckets":1024,"Hash Batches":1,"Original Hash Batches":1,"Peak Memory Usage":9,"Shared Hit Blocks":1,"Shared Read Blocks":0,"Shared Dirtied Blocks":0,"Shared Written Blocks":0,"Local Hit Blocks":0,"Local Read Blocks":0,"Local Dirtied Blocks":0,"Local Written Blocks":0,"Temp Read Blocks":0,"Temp Written Blocks":0,"I/O Read Time":0.0,"I/O Write Time":0.0,"Temp I/O Read Time":0.0,"Temp I/O Write Time":0.0,"Plans":[{"Node Type":"Seq Scan","Parent Relationship":"Outer","Parallel Aware":false,"Async Capable":false,"Relation Name":"region","Schema":"public","Alias":"region_1","Startup Cost":0.0,"Total Cost":1.06,"Plan Rows":1,"Plan Width":4,"Actual Startup Time":0.004,"Actual Total Time":0.005,"Actual Rows":1,"Actual Loops":1,"Output":["region_1.r_regionkey"],"Filter":"((region_1.r_name)::text ~~ 'Europ%'::text)","Rows Removed by Filter":4,"Shared Hit Blocks":1,"Shared Read Blocks":0,"Shared Dirtied Blocks":0,"Shared Written Blocks":0,"Local Hit Blocks":0,"Local Read Blocks":0,"Local Dirtied Blocks":0,"Local Written Blocks":0,"Temp Read Blocks":0,"Temp Written Blocks":0,"I/O Read Time":0.0,"I/O Write Time":0.0,"Temp I/O Read Time":0.0,"Temp I/O Write Time":0.0}]}]}]}]}]}]}]}]}]},{"Node Type":"Index Scan","Parent Relationship":"Inner","Parallel Aware":false,"Async Capable":false,"Scan Direction":"Forward","Index Name":"supplier_pk","Relation Name":"supplier","Schema":"public","Alias":"supplier","Startup Cost":0.29,"Total Cost":3.25,"Plan Rows":1,"Plan Width":131,"Actual Startup Time":0.003,"Actual Total Time":0.003,"Actual Rows":1,"Actual Loops":4450,"Output":["supplier.su_suppkey","supplier.su_name","supplier.su_address","supplier.su_nationkey","supplier.su_phone","supplier.su_acctbal","supplier.su_comment"],"Index Cond":"(supplier.su_suppkey = mod((stock.s_w_id * stock.s_i_id), 10000))","Rows Removed by Index Recheck":0,"Shared Hit Blocks":13350,"Shared Read Blocks":0,"Shared Dirtied Blocks":0,"Shared Written Blocks":0,"Local Hit Blocks":0,"Local Read Blocks":0,"Local Dirtied Blocks":0,"Local Written Blocks":0,"Temp Read Blocks":0,"Temp Written Blocks":0,"I/O Read Time":0.0,"I/O Write Time":0.0,"Temp I/O Read Time":0.0,"Temp I/O Write Time":0.0}]},{"Node Type":"Index Scan","Parent Relationship":"Inner","Parallel Aware":false,"Async Capable":false,"Scan Direction":"Forward","Index Name":"nation_pk","Relation Name":"nation","Schema":"public","Alias":"nation","Startup Cost":0.14,"Total Cost":0.16,"Plan Rows":1,"Plan Width":16,"Actual Startup Time":0.001,"Actual Total Time":0.001,"Actual Rows":1,"Actual Loops":4450,"Output":["nation.n_nationkey","nation.n_name","nation.n_regionkey","nation.n_comment"],"Index Cond":"(nation.n_nationkey = supplier.su_nationkey)","Rows Removed by Index Recheck":0,"Shared Hit Blocks":8900,"Shared Read Blocks":0,"Shared Dirtied Blocks":0,"Shared Written Blocks":0,"Local Hit Blocks":0,"Local Read Blocks":0,"Local Dirtied Blocks":0,"Local Written Blocks":0,"Temp Read Blocks":0,"Temp Written Blocks":0,"I/O Read Time":0.0,"I/O Write Time":0.0,"Temp I/O Read Time":0.0,"Temp I/O Write Time":0.0}]},{"Node Type":"Hash","Parent Relationship":"Inner","Parallel Aware":false,"Async Capable":false,"Startup Cost":1.06,"Total Cost":1.06,"Plan Rows":1,"Plan Width":4,"Actual Startup Time":0.015,"Actual Total Time":0.016,"Actual Rows":1,"Actual Loops":1,"Output":["region.r_regionkey"],"Hash Buckets":1024,"Original Hash Buckets":1024,"Hash Batches":1,"Original Hash Batches":1,"Peak Memory Usage":9,"Shared Hit Blocks":1,"Shared Read Blocks":0,"Shared Dirtied Blocks":0,"Shared Written Blocks":0,"Local Hit Blocks":0,"Local Read Blocks":0,"Local Dirtied Blocks":0,"Local Written Blocks":0,"Temp Read Blocks":0,"Temp Written Blocks":0,"I/O Read Time":0.0,"I/O Write Time":0.0,"Temp I/O Read Time":0.0,"Temp I/O Write Time":0.0,"Plans":[{"Node Type":"Seq Scan","Parent Relationship":"Outer","Parallel Aware":false,"Async Capable":false,"Relation Name":"region","Schema":"public","Alias":"region","Startup Cost":0.0,"Total Cost":1.06,"Plan Rows":1,"Plan Width":4,"Actual Startup Time":0.012,"Actual Total Time":0.012,"Actual Rows":1,"Actual Loops":1,"Output":["region.r_regionkey"],"Filter":"((region.r_name)::text ~~ 'Europ%'::text)","Rows Removed by Filter":4,"Shared Hit Blocks":1,"Shared Read Blocks":0,"Shared Dirtied Blocks":0,"Shared Written Blocks":0,"Local Hit Blocks":0,"Local Read Blocks":0,"Local Dirtied Blocks":0,"Local Written Blocks":0,"Temp Read Blocks":0,"Temp Written Blocks":0,"I/O Read Time":0.0,"I/O Write Time":0.0,"Temp I/O Read Time":0.0,"Temp I/O Write Time":0.0}]}]}]},"Planning":{"Shared Hit Blocks":36,"Shared Read Blocks":0,"Shared Dirtied Blocks":0,"Shared Written Blocks":0,"Local Hit Blocks":0,"Local Read Blocks":0,"Local Dirtied Blocks":0,"Local Written Blocks":0,"Temp Read Blocks":0,"Temp Written Blocks":0,"I/O Read Time":0.0,"I/O Write Time":0.0,"Temp I/O Read Time":0.0,"Temp I/O Write Time":0.0},"Planning Time":0.892,"Triggers":[],"Execution Time":13760.126}]
[列存组合]: item, nation
[{"Plan":{"Node Type":"Sort","Parallel Aware":false,"Async Capable":false,"Startup Cost":2544943.68,"Total Cost":2544943.68,"Plan Rows":2,"Plan Width":164,"Actual Startup Time":13805.064,"Actual Total Time":13805.177,"Actual Rows":2295,"Actual Loops":1,"Output":["supplier.su_suppkey","supplier.su_name","nation.n_name","item.i_id","item.i_name","supplier.su_address","supplier.su_phone","supplier.su_comment"],"Sort Key":["nation.n_name","supplier.su_name","item.i_id"],"Sort Method":"quicksort","Sort Space Used":568,"Sort Space Type":"Memory","Shared Hit Blocks":1689254,"Shared Read Blocks":0,"Shared Dirtied Blocks":0,"Shared Written Blocks":0,"Local Hit Blocks":0,"Local Read Blocks":0,"Local Dirtied Blocks":0,"Local Written Blocks":0,"Temp Read Blocks":8330,"Temp Written Blocks":14781,"I/O Read Time":0.0,"I/O Write Time":0.0,"Temp I/O Read Time":11.973,"Temp I/O Write Time":52.307,"Plans":[{"Node Type":"Hash Join","Parent Relationship":"Outer","Parallel Aware":false,"Async Capable":false,"Join Type":"Inner","Startup Cost":1459002.57,"Total Cost":2544943.67,"Plan Rows":2,"Plan Width":164,"Actual Startup Time":8586.615,"Actual Total Time":13800.149,"Actual Rows":2295,"Actual Loops":1,"Output":["supplier.su_suppkey","supplier.su_name","nation.n_name","item.i_id","item.i_name","supplier.su_address","supplier.su_phone","supplier.su_comment"],"Inner Unique":true,"Hash Cond":"(nation.n_regionkey = region.r_regionkey)","Shared Hit Blocks":1689254,"Shared Read Blocks":0,"Shared Dirtied Blocks":0,"Shared Written Blocks":0,"Local Hit Blocks":0,"Local Read Blocks":0,"Local Dirtied Blocks":0,"Local Written Blocks":0,"Temp Read Blocks":8330,"Temp Written Blocks":14781,"I/O Read Time":0.0,"I/O Write Time":0.0,"Temp I/O Read Time":11.973,"Temp I/O Write Time":52.307,"Plans":[{"Node Type":"Nested Loop","Parent Relationship":"Outer","Parallel Aware":false,"Async Capable":false,"Join Type":"Inner","Startup Cost":1459001.49,"Total Cost":2544942.54,"Plan Rows":10,"Plan Width":168,"Actual Startup Time":8586.088,"Actual Total Time":13798.823,"Actual Rows":4450,"Actual Loops":1,"Output":["item.i_id","item.i_name","supplier.su_suppkey","supplier.su_name","supplier.su_address","supplier.su_phone","supplier.su_comment","nation.n_name","nation.n_regionkey"],"Inner Unique":true,"Shared Hit Blocks":1689253,"Shared Read Blocks":0,"Shared Dirtied Blocks":0,"Shared Written Blocks":0,"Local Hit Blocks":0,"Local Read Blocks":0,"Local Dirtied Blocks":0,"Local Written Blocks":0,"Temp Read Blocks":8330,"Temp Written Blocks":14781,"I/O Read Time":0.0,"I/O Write Time":0.0,"Temp I/O Read Time":11.973,"Temp I/O Write Time":52.307,"Plans":[{"Node Type":"Nested Loop","Parent Relationship":"Outer","Parallel Aware":false,"Async Capable":false,"Join Type":"Inner","Startup Cost":1459001.35,"Total Cost":2544940.95,"Plan Rows":10,"Plan Width":160,"Actual Startup Time":8586.08,"Actual Total Time":13792.378,"Actual Rows":4450,"Actual Loops":1,"Output":["item.i_id","item.i_name","supplier.su_suppkey","supplier.su_name","supplier.su_address","supplier.su_phone","supplier.su_comment","supplier.su_nationkey"],"Inner Unique":true,"Shared Hit Blocks":1680353,"Shared Read Blocks":0,"Shared Dirtied Blocks":0,"Shared Written Blocks":0,"Local Hit Blocks":0,"Local Read Blocks":0,"Local Dirtied Blocks":0,"Local Written Blocks":0,"Temp Read Blocks":8330,"Temp Written Blocks":14781,"I/O Read Time":0.0,"I/O Write Time":0.0,"Temp I/O Read Time":11.973,"Temp I/O Write Time":52.307,"Plans":[{"Node Type":"Hash Join","Parent Relationship":"Outer","Parallel Aware":false,"Async Capable":false,"Join Type":"Inner","Startup Cost":1459001.06,"Total Cost":2544908.47,"Plan Rows":10,"Plan Width":35,"Actual Startup Time":8586.055,"Actual Total Time":13775.492,"Actual Rows":4450,"Actual Loops":1,"Output":["item.i_id","item.i_name","stock.s_i_id","stock.s_w_id"],"Inner Unique":true,"Hash Cond":"((item.i_id = stock_1.s_i_id) AND (stock.s_quantity = (min(stock_1.s_quantity))))","Shared Hit Blocks":1667003,"Shared Read Blocks":0,"Shared Dirtied Blocks":0,"Shared Written Blocks":0,"Local Hit Blocks":0,"Local Read Blocks":0,"Local Dirtied Blocks":0,"Local Written Blocks":0,"Temp Read Blocks":8330,"Temp Written Blocks":14781,"I/O Read Time":0.0,"I/O Write Time":0.0,"Temp I/O Read Time":11.973,"Temp I/O Write Time":52.307,"Plans":[{"Node Type":"Hash Join","Parent Relationship":"Outer","Parallel Aware":false,"Async Capable":false,"Join Type":"Inner","Startup Cost":484.4,"Total Cost":1086381.3,"Plan Rows":2000,"Plan Width":37,"Actual Startup Time":8.666,"Actual Total Time":5124.83,"Actual Rows":314400,"Actual Loops":1,"Output":["item.i_id","item.i_name","stock.s_i_id","stock.s_w_id","stock.s_quantity"],"Inner Unique":true,"Hash Cond":"(stock.s_i_id = item.i_id)","Shared Hit Blocks":833392,"Shared Read Blocks":0,"Shared Dirtied Blocks":0,"Shared Written Blocks":0,"Local Hit Blocks":0,"Local Read Blocks":0,"Local Dirtied Blocks":0,"Local Written Blocks":0,"Temp Read Blocks":0,"Temp Written Blocks":0,"I/O Read Time":0.0,"I/O Write Time":0.0,"Temp I/O Read Time":0.0,"Temp I/O Write Time":0.0,"Plans":[{"Node Type":"Seq Scan","Parent Relationship":"Outer","Parallel Aware":false,"Async Capable":false,"Relation Name":"stock","Schema":"public","Alias":"stock","Startup Cost":0.0,"Total Cost":1033394.12,"Plan Rows":20000212,"Plan Width":8,"Actual Startup Time":0.004,"Actual Total Time":1733.25,"Actual Rows":20000000,"Actual Loops":1,"Output":["stock.s_i_id","stock.s_w_id","stock.s_quantity","stock.s_dist_01","stock.s_dist_02","stock.s_dist_03","stock.s_dist_04","stock.s_dist_05","stock.s_dist_06","stock.s_dist_07","stock.s_dist_08","stock.s_dist_09","stock.s_dist_10","stock.s_ytd","stock.s_order_cnt","stock.s_remote_cnt","stock.s_data"],"Shared Hit Blocks":833392,"Shared Read Blocks":0,"Shared Dirtied Blocks":0,"Shared Written Blocks":0,"Local Hit Blocks":0,"Local Read Blocks":0,"Local Dirtied Blocks":0,"Local Written Blocks":0,"Temp Read Blocks":0,"Temp Written Blocks":0,"I/O Read Time":0.0,"I/O Write Time":0.0,"Temp I/O Read Time":0.0,"Temp I/O Write Time":0.0},{"Node Type":"Hash","Parent Relationship":"Inner","Parallel Aware":false,"Async Capable":false,"Startup Cost":484.26,"Total Cost":484.26,"Plan Rows":11,"Plan Width":29,"Actual Startup Time":8.637,"Actual Total Time":8.64,"Actual Rows":1572,"Actual Loops":1,"Output":["item.i_id","item.i_name"],"Hash Buckets":2048,"Original Hash Buckets":1024,"Hash Batches":1,"Original Hash Batches":1,"Peak Memory Usage":110,"Shared Hit Blocks":0,"Shared Read Blocks":0,"Shared Dirtied Blocks":0,"Shared Written Blocks":0,"Local Hit Blocks":0,"Local Read Blocks":0,"Local Dirtied Blocks":0,"Local Written Blocks":0,"Temp Read Blocks":0,"Temp Written Blocks":0,"I/O Read Time":0.0,"I/O Write Time":0.0,"Temp I/O Read Time":0.0,"Temp I/O Write Time":0.0,"Plans":[{"Node Type":"Append","Parent Relationship":"Outer","Parallel Aware":false,"Async Capable":false,"Startup Cost":20.0,"Total Cost":484.26,"Plan Rows":11,"Plan Width":29,"Actual Startup Time":7.453,"Actual Total Time":8.21,"Actual Rows":1572,"Actual Loops":1,"Shared Hit Blocks":0,"Shared Read Blocks":0,"Shared Dirtied Blocks":0,"Shared Written Blocks":0,"Local Hit Blocks":0,"Local Read Blocks":0,"Local Dirtied Blocks":0,"Local Written Blocks":0,"Temp Read Blocks":0,"Temp Written Blocks":0,"I/O Read Time":0.0,"I/O Write Time":0.0,"Temp I/O Read Time":0.0,"Temp I/O Write Time":0.0,"Subplans Removed":0,"Plans":[{"Node Type":"Custom Scan","Parent Relationship":"Member","Custom Plan Provider":"columnar scan","Parallel Aware":false,"Async Capable":false,"Relation Name":"item","Schema":"public","Alias":"item","Startup Cost":20.0,"Total Cost":20.2,"Plan Rows":10,"Plan Width":29,"Actual Startup Time":7.452,"Actual Total Time":8.094,"Actual Rows":1572,"Actual Loops":1,"Output":["item.i_id","item.i_name"],"Filter":"((item.i_data)::text ~~ '%b'::text)","Rows Removed by Filter":0,"Rows Removed by Columnar Filter":98428,"Columnar cache search mode":"native","Shared Hit Blocks":0,"Shared Read Blocks":0,"Shared Dirtied Blocks":0,"Shared Written Blocks":0,"Local Hit Blocks":0,"Local Read Blocks":0,"Local Dirtied Blocks":0,"Local Written Blocks":0,"Temp Read Blocks":0,"Temp Written Blocks":0,"I/O Read Time":0.0,"I/O Write Time":0.0,"Temp I/O Read Time":0.0,"Temp I/O Write Time":0.0},{"Node Type":"Seq Scan","Parent Relationship":"Member","Parallel Aware":false,"Async Capable":false,"Relation Name":"item","Schema":"public","Alias":"item","Startup Cost":0.0,"Total Cost":4.01,"Plan Rows":1,"Plan Width":29,"Actual Startup Time":0.0,"Actual Total Time":0.0,"Actual Rows":0,"Actual Loops":0,"Output":["item.i_id","item.i_name"],"Filter":"((item.i_data)::text ~~ '%b'::text)","Rows Removed by Filter":0,"Shared Hit Blocks":0,"Shared Read Blocks":0,"Shared Dirtied Blocks":0,"Shared Written Blocks":0,"Local Hit Blocks":0,"Local Read Blocks":0,"Local Dirtied Blocks":0,"Local Written Blocks":0,"Temp Read Blocks":0,"Temp Written Blocks":0,"I/O Read Time":0.0,"I/O Write Time":0.0,"Temp I/O Read Time":0.0,"Temp I/O Write Time":0.0}]}]}]},{"Node Type":"Hash","Parent Relationship":"Inner","Parallel Aware":false,"Async Capable":false,"Startup Cost":1457031.19,"Total Cost":1457031.19,"Plan Rows":99032,"Plan Width":6,"Actual Startup Time":8575.317,"Actual Total Time":8575.321,"Actual Rows":100000,"Actual Loops":1,"Output":["stock_1.s_i_id","(min(stock_1.s_quantity))"],"Hash Buckets":131072,"Original Hash Buckets":131072,"Hash Batches":1,"Original Hash Batches":1,"Peak Memory Usage":4735,"Shared Hit Blocks":833611,"Shared Read Blocks":0,"Shared Dirtied Blocks":0,"Shared Written Blocks":0,"Local Hit Blocks":0,"Local Read Blocks":0,"Local Dirtied Blocks":0,"Local Written Blocks":0,"Temp Read Blocks":8330,"Temp Written Blocks":14781,"I/O Read Time":0.0,"I/O Write Time":0.0,"Temp I/O Read Time":11.973,"Temp I/O Write Time":52.307,"Plans":[{"Node Type":"Aggregate","Strategy":"Hashed","Partial Mode":"Simple","Parent Relationship":"Outer","Parallel Aware":false,"Async Capable":false,"Startup Cost":1423800.22,"Total Cost":1456040.87,"Plan Rows":99032,"Plan Width":6,"Actual Startup Time":8235.456,"Actual Total Time":8560.961,"Actual Rows":100000,"Actual Loops":1,"Output":["stock_1.s_i_id","min(stock_1.s_quantity)"],"Group Key":["stock_1.s_i_id"],"Planned Partitions":0,"HashAgg Batches":5,"Peak Memory Usage":8241,"Disk Usage":68504,"Shared Hit Blocks":833611,"Shared Read Blocks":0,"Shared Dirtied Blocks":0,"Shared Written Blocks":0,"Local Hit Blocks":0,"Local Read Blocks":0,"Local Dirtied Blocks":0,"Local Written Blocks":0,"Temp Read Blocks":8330,"Temp Written Blocks":14781,"I/O Read Time":0.0,"I/O Write Time":0.0,"Temp I/O Read Time":11.973,"Temp I/O Write Time":52.307,"Plans":[{"Node Type":"Hash Join","Parent Relationship":"Outer","Parallel Aware":false,"Async Capable":false,"Join Type":"Inner","Startup Cost":401.99,"Total Cost":1198797.86,"Plan Rows":4000042,"Plan Width":6,"Actual Startup Time":2.607,"Actual Total Time":6882.275,"Actual Rows":6959700,"Actual Loops":1,"Output":["stock_1.s_i_id","stock_1.s_quantity"],"Inner Unique":false,"Hash Cond":"(mod((stock_1.s_w_id * stock_1.s_i_id), 10000) = supplier_1.su_suppkey)","Shared Hit Blocks":833611,"Shared Read Blocks":0,"Shared Dirtied Blocks":0,"Shared Written Blocks":0,"Local Hit Blocks":0,"Local Read Blocks":0,"Local Dirtied Blocks":0,"Local Written Blocks":0,"Temp Read Blocks":0,"Temp Written Blocks":0,"I/O Read Time":0.0,"I/O Write Time":0.0,"Temp I/O Read Time":0.0,"Temp I/O Write Time":0.0,"Plans":[{"Node Type":"Seq Scan","Parent Relationship":"Outer","Parallel Aware":false,"Async Capable":false,"Relation Name":"stock","Schema":"public","Alias":"stock_1","Startup Cost":0.0,"Total Cost":1033394.12,"Plan Rows":20000212,"Plan Width":8,"Actual Startup Time":0.004,"Actual Total Time":1883.423,"Actual Rows":20000000,"Actual Loops":1,"Output":["stock_1.s_i_id","stock_1.s_w_id","stock_1.s_quantity","stock_1.s_dist_01","stock_1.s_dist_02","stock_1.s_dist_03","stock_1.s_dist_04","stock_1.s_dist_05","stock_1.s_dist_06","stock_1.s_dist_07","stock_1.s_dist_08","stock_1.s_dist_09","stock_1.s_dist_10","stock_1.s_ytd","stock_1.s_order_cnt","stock_1.s_remote_cnt","stock_1.s_data"],"Shared Hit Blocks":833392,"Shared Read Blocks":0,"Shared Dirtied Blocks":0,"Shared Written Blocks":0,"Local Hit Blocks":0,"Local Read Blocks":0,"Local Dirtied Blocks":0,"Local Written Blocks":0,"Temp Read Blocks":0,"Temp Written Blocks":0,"I/O Read Time":0.0,"I/O Write Time":0.0,"Temp I/O Read Time":0.0,"Temp I/O Write Time":0.0},{"Node Type":"Hash","Parent Relationship":"Inner","Parallel Aware":false,"Async Capable":false,"Startup Cost":376.99,"Total Cost":376.99,"Plan Rows":2000,"Plan Width":4,"Actual Startup Time":2.597,"Actual Total Time":2.6,"Actual Rows":3506,"Actual Loops":1,"Output":["supplier_1.su_suppkey"],"Hash Buckets":4096,"Original Hash Buckets":2048,"Hash Batches":1,"Original Hash Batches":1,"Peak Memory Usage":156,"Shared Hit Blocks":219,"Shared Read Blocks":0,"Shared Dirtied Blocks":0,"Shared Written Blocks":0,"Local Hit Blocks":0,"Local Read Blocks":0,"Local Dirtied Blocks":0,"Local Written Blocks":0,"Temp Read Blocks":0,"Temp Written Blocks":0,"I/O Read Time":0.0,"I/O Write Time":0.0,"Temp I/O Read Time":0.0,"Temp I/O Write Time":0.0,"Plans":[{"Node Type":"Hash Join","Parent Relationship":"Outer","Parallel Aware":false,"Async Capable":false,"Join Type":"Inner","Startup Cost":3.14,"Total Cost":376.99,"Plan Rows":2000,"Plan Width":4,"Actual Startup Time":0.035,"Actual Total Time":2.206,"Actual Rows":3506,"Actual Loops":1,"Output":["supplier_1.su_suppkey"],"Inner Unique":false,"Hash Cond":"(supplier_1.su_nationkey = nation_1.n_nationkey)","Shared Hit Blocks":219,"Shared Read Blocks":0,"Shared Dirtied Blocks":0,"Shared Written Blocks":0,"Local Hit Blocks":0,"Local Read Blocks":0,"Local Dirtied Blocks":0,"Local Written Blocks":0,"Temp Read Blocks":0,"Temp Written Blocks":0,"I/O Read Time":0.0,"I/O Write Time":0.0,"Temp I/O Read Time":0.0,"Temp I/O Write Time":0.0,"Plans":[{"Node Type":"Seq Scan","Parent Relationship":"Outer","Parallel Aware":false,"Async Capable":false,"Relation Name":"supplier","Schema":"public","Alias":"supplier_1","Startup Cost":0.0,"Total Cost":317.0,"Plan Rows":10000,"Plan Width":8,"Actual Startup Time":0.005,"Actual Total Time":0.798,"Actual Rows":10000,"Actual Loops":1,"Output":["supplier_1.su_suppkey","supplier_1.su_name","supplier_1.su_address","supplier_1.su_nationkey","supplier_1.su_phone","supplier_1.su_acctbal","supplier_1.su_comment"],"Shared Hit Blocks":217,"Shared Read Blocks":0,"Shared Dirtied Blocks":0,"Shared Written Blocks":0,"Local Hit Blocks":0,"Local Read Blocks":0,"Local Dirtied Blocks":0,"Local Written Blocks":0,"Temp Read Blocks":0,"Temp Written Blocks":0,"I/O Read Time":0.0,"I/O Write Time":0.0,"Temp I/O Read Time":0.0,"Temp I/O Write Time":0.0},{"Node Type":"Hash","Parent Relationship":"Inner","Parallel Aware":false,"Async Capable":false,"Startup Cost":2.99,"Total Cost":2.99,"Plan Rows":12,"Plan Width":4,"Actual Startup Time":0.027,"Actual Total Time":0.028,"Actual Rows":22,"Actual Loops":1,"Output":["nation_1.n_nationkey"],"Hash Buckets":1024,"Original Hash Buckets":1024,"Hash Batches":1,"Original Hash Batches":1,"Peak Memory Usage":9,"Shared Hit Blocks":2,"Shared Read Blocks":0,"Shared Dirtied Blocks":0,"Shared Written Blocks":0,"Local Hit Blocks":0,"Local Read Blocks":0,"Local Dirtied Blocks":0,"Local Written Blocks":0,"Temp Read Blocks":0,"Temp Written Blocks":0,"I/O Read Time":0.0,"I/O Write Time":0.0,"Temp I/O Read Time":0.0,"Temp I/O Write Time":0.0,"Plans":[{"Node Type":"Hash Join","Parent Relationship":"Outer","Parallel Aware":false,"Async Capable":false,"Join Type":"Inner","Startup Cost":1.07,"Total Cost":2.99,"Plan Rows":12,"Plan Width":4,"Actual Startup Time":0.013,"Actual Total Time":0.025,"Actual Rows":22,"Actual Loops":1,"Output":["nation_1.n_nationkey"],"Inner Unique":true,"Hash Cond":"(nation_1.n_regionkey = region_1.r_regionkey)","Shared Hit Blocks":2,"Shared Read Blocks":0,"Shared Dirtied Blocks":0,"Shared Written Blocks":0,"Local Hit Blocks":0,"Local Read Blocks":0,"Local Dirtied Blocks":0,"Local Written Blocks":0,"Temp Read Blocks":0,"Temp Written Blocks":0,"I/O Read Time":0.0,"I/O Write Time":0.0,"Temp I/O Read Time":0.0,"Temp I/O Write Time":0.0,"Plans":[{"Node Type":"Seq Scan","Parent Relationship":"Outer","Parallel Aware":false,"Async Capable":false,"Relation Name":"nation","Schema":"public","Alias":"nation_1","Startup Cost":0.0,"Total Cost":1.62,"Plan Rows":62,"Plan Width":8,"Actual Startup Time":0.003,"Actual Total Time":0.007,"Actual Rows":62,"Actual Loops":1,"Output":["nation_1.n_nationkey","nation_1.n_name","nation_1.n_regionkey","nation_1.n_comment"],"Shared Hit Blocks":1,"Shared Read Blocks":0,"Shared Dirtied Blocks":0,"Shared Written Blocks":0,"Local Hit Blocks":0,"Local Read Blocks":0,"Local Dirtied Blocks":0,"Local Written Blocks":0,"Temp Read Blocks":0,"Temp Written Blocks":0,"I/O Read Time":0.0,"I/O Write Time":0.0,"Temp I/O Read Time":0.0,"Temp I/O Write Time":0.0},{"Node Type":"Hash","Parent Relationship":"Inner","Parallel Aware":false,"Async Capable":false,"Startup Cost":1.06,"Total Cost":1.06,"Plan Rows":1,"Plan Width":4,"Actual Startup Time":0.005,"Actual Total Time":0.006,"Actual Rows":1,"Actual Loops":1,"Output":["region_1.r_regionkey"],"Hash Buckets":1024,"Original Hash Buckets":1024,"Hash Batches":1,"Original Hash Batches":1,"Peak Memory Usage":9,"Shared Hit Blocks":1,"Shared Read Blocks":0,"Shared Dirtied Blocks":0,"Shared Written Blocks":0,"Local Hit Blocks":0,"Local Read Blocks":0,"Local Dirtied Blocks":0,"Local Written Blocks":0,"Temp Read Blocks":0,"Temp Written Blocks":0,"I/O Read Time":0.0,"I/O Write Time":0.0,"Temp I/O Read Time":0.0,"Temp I/O Write Time":0.0,"Plans":[{"Node Type":"Seq Scan","Parent Relationship":"Outer","Parallel Aware":false,"Async Capable":false,"Relation Name":"region","Schema":"public","Alias":"region_1","Startup Cost":0.0,"Total Cost":1.06,"Plan Rows":1,"Plan Width":4,"Actual Startup Time":0.004,"Actual Total Time":0.004,"Actual Rows":1,"Actual Loops":1,"Output":["region_1.r_regionkey"],"Filter":"((region_1.r_name)::text ~~ 'Europ%'::text)","Rows Removed by Filter":4,"Shared Hit Blocks":1,"Shared Read Blocks":0,"Shared Dirtied Blocks":0,"Shared Written Blocks":0,"Local Hit Blocks":0,"Local Read Blocks":0,"Local Dirtied Blocks":0,"Local Written Blocks":0,"Temp Read Blocks":0,"Temp Written Blocks":0,"I/O Read Time":0.0,"I/O Write Time":0.0,"Temp I/O Read Time":0.0,"Temp I/O Write Time":0.0}]}]}]}]}]}]}]}]}]},{"Node Type":"Index Scan","Parent Relationship":"Inner","Parallel Aware":false,"Async Capable":false,"Scan Direction":"Forward","Index Name":"supplier_pk","Relation Name":"supplier","Schema":"public","Alias":"supplier","Startup Cost":0.29,"Total Cost":3.25,"Plan Rows":1,"Plan Width":131,"Actual Startup Time":0.003,"Actual Total Time":0.003,"Actual Rows":1,"Actual Loops":4450,"Output":["supplier.su_suppkey","supplier.su_name","supplier.su_address","supplier.su_nationkey","supplier.su_phone","supplier.su_acctbal","supplier.su_comment"],"Index Cond":"(supplier.su_suppkey = mod((stock.s_w_id * stock.s_i_id), 10000))","Rows Removed by Index Recheck":0,"Shared Hit Blocks":13350,"Shared Read Blocks":0,"Shared Dirtied Blocks":0,"Shared Written Blocks":0,"Local Hit Blocks":0,"Local Read Blocks":0,"Local Dirtied Blocks":0,"Local Written Blocks":0,"Temp Read Blocks":0,"Temp Written Blocks":0,"I/O Read Time":0.0,"I/O Write Time":0.0,"Temp I/O Read Time":0.0,"Temp I/O Write Time":0.0}]},{"Node Type":"Index Scan","Parent Relationship":"Inner","Parallel Aware":false,"Async Capable":false,"Scan Direction":"Forward","Index Name":"nation_pk","Relation Name":"nation","Schema":"public","Alias":"nation","Startup Cost":0.14,"Total Cost":0.16,"Plan Rows":1,"Plan Width":16,"Actual Startup Time":0.001,"Actual Total Time":0.001,"Actual Rows":1,"Actual Loops":4450,"Output":["nation.n_nationkey","nation.n_name","nation.n_regionkey","nation.n_comment"],"Index Cond":"(nation.n_nationkey = supplier.su_nationkey)","Rows Removed by Index Recheck":0,"Shared Hit Blocks":8900,"Shared Read Blocks":0,"Shared Dirtied Blocks":0,"Shared Written Blocks":0,"Local Hit Blocks":0,"Local Read Blocks":0,"Local Dirtied Blocks":0,"Local Written Blocks":0,"Temp Read Blocks":0,"Temp Written Blocks":0,"I/O Read Time":0.0,"I/O Write Time":0.0,"Temp I/O Read Time":0.0,"Temp I/O Write Time":0.0}]},{"Node Type":"Hash","Parent Relationship":"Inner","Parallel Aware":false,"Async Capable":false,"Startup Cost":1.06,"Total Cost":1.06,"Plan Rows":1,"Plan Width":4,"Actual Startup Time":0.017,"Actual Total Time":0.017,"Actual Rows":1,"Actual Loops":1,"Output":["region.r_regionkey"],"Hash Buckets":1024,"Original Hash Buckets":1024,"Hash Batches":1,"Original Hash Batches":1,"Peak Memory Usage":9,"Shared Hit Blocks":1,"Shared Read Blocks":0,"Shared Dirtied Blocks":0,"Shared Written Blocks":0,"Local Hit Blocks":0,"Local Read Blocks":0,"Local Dirtied Blocks":0,"Local Written Blocks":0,"Temp Read Blocks":0,"Temp Written Blocks":0,"I/O Read Time":0.0,"I/O Write Time":0.0,"Temp I/O Read Time":0.0,"Temp I/O Write Time":0.0,"Plans":[{"Node Type":"Seq Scan","Parent Relationship":"Outer","Parallel Aware":false,"Async Capable":false,"Relation Name":"region","Schema":"public","Alias":"region","Startup Cost":0.0,"Total Cost":1.06,"Plan Rows":1,"Plan Width":4,"Actual Startup Time":0.013,"Actual Total Time":0.014,"Actual Rows":1,"Actual Loops":1,"Output":["region.r_regionkey"],"Filter":"((region.r_name)::text ~~ 'Europ%'::text)","Rows Removed by Filter":4,"Shared Hit Blocks":1,"Shared Read Blocks":0,"Shared Dirtied Blocks":0,"Shared Written Blocks":0,"Local Hit Blocks":0,"Local Read Blocks":0,"Local Dirtied Blocks":0,"Local Written Blocks":0,"Temp Read Blocks":0,"Temp Written Blocks":0,"I/O Read Time":0.0,"I/O Write Time":0.0,"Temp I/O Read Time":0.0,"Temp I/O Write Time":0.0}]}]}]},"Planning":{"Shared Hit Blocks":36,"Shared Read Blocks":0,"Shared Dirtied Blocks":0,"Shared Written Blocks":0,"Local Hit Blocks":0,"Local Read Blocks":0,"Local Dirtied Blocks":0,"Local Written Blocks":0,"Temp Read Blocks":0,"Temp Written Blocks":0,"I/O Read Time":0.0,"I/O Write Time":0.0,"Temp I/O Read Time":0.0,"Temp I/O Write Time":0.0},"Planning Time":0.824,"Triggers":[],"Execution Time":13815.937}]
[列存组合]: item, region
[{"Plan":{"Node Type":"Sort","Parallel Aware":false,"Async Capable":false,"Startup Cost":2544943.68,"Total Cost":2544943.68,"Plan Rows":2,"Plan Width":164,"Actual Startup Time":13810.866,"Actual Total Time":13810.984,"Actual Rows":2295,"Actual Loops":1,"Output":["supplier.su_suppkey","supplier.su_name","nation.n_name","item.i_id","item.i_name","supplier.su_address","supplier.su_phone","supplier.su_comment"],"Sort Key":["nation.n_name","supplier.su_name","item.i_id"],"Sort Method":"quicksort","Sort Space Used":568,"Sort Space Type":"Memory","Shared Hit Blocks":1689254,"Shared Read Blocks":0,"Shared Dirtied Blocks":0,"Shared Written Blocks":0,"Local Hit Blocks":0,"Local Read Blocks":0,"Local Dirtied Blocks":0,"Local Written Blocks":0,"Temp Read Blocks":8330,"Temp Written Blocks":14781,"I/O Read Time":0.0,"I/O Write Time":0.0,"Temp I/O Read Time":12.096,"Temp I/O Write Time":52.572,"Plans":[{"Node Type":"Hash Join","Parent Relationship":"Outer","Parallel Aware":false,"Async Capable":false,"Join Type":"Inner","Startup Cost":1459002.57,"Total Cost":2544943.67,"Plan Rows":2,"Plan Width":164,"Actual Startup Time":8621.342,"Actual Total Time":13805.969,"Actual Rows":2295,"Actual Loops":1,"Output":["supplier.su_suppkey","supplier.su_name","nation.n_name","item.i_id","item.i_name","supplier.su_address","supplier.su_phone","supplier.su_comment"],"Inner Unique":true,"Hash Cond":"(nation.n_regionkey = region.r_regionkey)","Shared Hit Blocks":1689254,"Shared Read Blocks":0,"Shared Dirtied Blocks":0,"Shared Written Blocks":0,"Local Hit Blocks":0,"Local Read Blocks":0,"Local Dirtied Blocks":0,"Local Written Blocks":0,"Temp Read Blocks":8330,"Temp Written Blocks":14781,"I/O Read Time":0.0,"I/O Write Time":0.0,"Temp I/O Read Time":12.096,"Temp I/O Write Time":52.572,"Plans":[{"Node Type":"Nested Loop","Parent Relationship":"Outer","Parallel Aware":false,"Async Capable":false,"Join Type":"Inner","Startup Cost":1459001.49,"Total Cost":2544942.54,"Plan Rows":10,"Plan Width":168,"Actual Startup Time":8620.818,"Actual Total Time":13804.684,"Actual Rows":4450,"Actual Loops":1,"Output":["item.i_id","item.i_name","supplier.su_suppkey","supplier.su_name","supplier.su_address","supplier.su_phone","supplier.su_comment","nation.n_name","nation.n_regionkey"],"Inner Unique":true,"Shared Hit Blocks":1689253,"Shared Read Blocks":0,"Shared Dirtied Blocks":0,"Shared Written Blocks":0,"Local Hit Blocks":0,"Local Read Blocks":0,"Local Dirtied Blocks":0,"Local Written Blocks":0,"Temp Read Blocks":8330,"Temp Written Blocks":14781,"I/O Read Time":0.0,"I/O Write Time":0.0,"Temp I/O Read Time":12.096,"Temp I/O Write Time":52.572,"Plans":[{"Node Type":"Nested Loop","Parent Relationship":"Outer","Parallel Aware":false,"Async Capable":false,"Join Type":"Inner","Startup Cost":1459001.35,"Total Cost":2544940.95,"Plan Rows":10,"Plan Width":160,"Actual Startup Time":8620.81,"Actual Total Time":13798.124,"Actual Rows":4450,"Actual Loops":1,"Output":["item.i_id","item.i_name","supplier.su_suppkey","supplier.su_name","supplier.su_address","supplier.su_phone","supplier.su_comment","supplier.su_nationkey"],"Inner Unique":true,"Shared Hit Blocks":1680353,"Shared Read Blocks":0,"Shared Dirtied Blocks":0,"Shared Written Blocks":0,"Local Hit Blocks":0,"Local Read Blocks":0,"Local Dirtied Blocks":0,"Local Written Blocks":0,"Temp Read Blocks":8330,"Temp Written Blocks":14781,"I/O Read Time":0.0,"I/O Write Time":0.0,"Temp I/O Read Time":12.096,"Temp I/O Write Time":52.572,"Plans":[{"Node Type":"Hash Join","Parent Relationship":"Outer","Parallel Aware":false,"Async Capable":false,"Join Type":"Inner","Startup Cost":1459001.06,"Total Cost":2544908.47,"Plan Rows":10,"Plan Width":35,"Actual Startup Time":8620.786,"Actual Total Time":13781.271,"Actual Rows":4450,"Actual Loops":1,"Output":["item.i_id","item.i_name","stock.s_i_id","stock.s_w_id"],"Inner Unique":true,"Hash Cond":"((item.i_id = stock_1.s_i_id) AND (stock.s_quantity = (min(stock_1.s_quantity))))","Shared Hit Blocks":1667003,"Shared Read Blocks":0,"Shared Dirtied Blocks":0,"Shared Written Blocks":0,"Local Hit Blocks":0,"Local Read Blocks":0,"Local Dirtied Blocks":0,"Local Written Blocks":0,"Temp Read Blocks":8330,"Temp Written Blocks":14781,"I/O Read Time":0.0,"I/O Write Time":0.0,"Temp I/O Read Time":12.096,"Temp I/O Write Time":52.572,"Plans":[{"Node Type":"Hash Join","Parent Relationship":"Outer","Parallel Aware":false,"Async Capable":false,"Join Type":"Inner","Startup Cost":484.4,"Total Cost":1086381.3,"Plan Rows":2000,"Plan Width":37,"Actual Startup Time":8.516,"Actual Total Time":5094.461,"Actual Rows":314400,"Actual Loops":1,"Output":["item.i_id","item.i_name","stock.s_i_id","stock.s_w_id","stock.s_quantity"],"Inner Unique":true,"Hash Cond":"(stock.s_i_id = item.i_id)","Shared Hit Blocks":833392,"Shared Read Blocks":0,"Shared Dirtied Blocks":0,"Shared Written Blocks":0,"Local Hit Blocks":0,"Local Read Blocks":0,"Local Dirtied Blocks":0,"Local Written Blocks":0,"Temp Read Blocks":0,"Temp Written Blocks":0,"I/O Read Time":0.0,"I/O Write Time":0.0,"Temp I/O Read Time":0.0,"Temp I/O Write Time":0.0,"Plans":[{"Node Type":"Seq Scan","Parent Relationship":"Outer","Parallel Aware":false,"Async Capable":false,"Relation Name":"stock","Schema":"public","Alias":"stock","Startup Cost":0.0,"Total Cost":1033394.12,"Plan Rows":20000212,"Plan Width":8,"Actual Startup Time":0.004,"Actual Total Time":1732.942,"Actual Rows":20000000,"Actual Loops":1,"Output":["stock.s_i_id","stock.s_w_id","stock.s_quantity","stock.s_dist_01","stock.s_dist_02","stock.s_dist_03","stock.s_dist_04","stock.s_dist_05","stock.s_dist_06","stock.s_dist_07","stock.s_dist_08","stock.s_dist_09","stock.s_dist_10","stock.s_ytd","stock.s_order_cnt","stock.s_remote_cnt","stock.s_data"],"Shared Hit Blocks":833392,"Shared Read Blocks":0,"Shared Dirtied Blocks":0,"Shared Written Blocks":0,"Local Hit Blocks":0,"Local Read Blocks":0,"Local Dirtied Blocks":0,"Local Written Blocks":0,"Temp Read Blocks":0,"Temp Written Blocks":0,"I/O Read Time":0.0,"I/O Write Time":0.0,"Temp I/O Read Time":0.0,"Temp I/O Write Time":0.0},{"Node Type":"Hash","Parent Relationship":"Inner","Parallel Aware":false,"Async Capable":false,"Startup Cost":484.26,"Total Cost":484.26,"Plan Rows":11,"Plan Width":29,"Actual Startup Time":8.447,"Actual Total Time":8.449,"Actual Rows":1572,"Actual Loops":1,"Output":["item.i_id","item.i_name"],"Hash Buckets":2048,"Original Hash Buckets":1024,"Hash Batches":1,"Original Hash Batches":1,"Peak Memory Usage":110,"Shared Hit Blocks":0,"Shared Read Blocks":0,"Shared Dirtied Blocks":0,"Shared Written Blocks":0,"Local Hit Blocks":0,"Local Read Blocks":0,"Local Dirtied Blocks":0,"Local Written Blocks":0,"Temp Read Blocks":0,"Temp Written Blocks":0,"I/O Read Time":0.0,"I/O Write Time":0.0,"Temp I/O Read Time":0.0,"Temp I/O Write Time":0.0,"Plans":[{"Node Type":"Append","Parent Relationship":"Outer","Parallel Aware":false,"Async Capable":false,"Startup Cost":20.0,"Total Cost":484.26,"Plan Rows":11,"Plan Width":29,"Actual Startup Time":7.255,"Actual Total Time":8.012,"Actual Rows":1572,"Actual Loops":1,"Shared Hit Blocks":0,"Shared Read Blocks":0,"Shared Dirtied Blocks":0,"Shared Written Blocks":0,"Local Hit Blocks":0,"Local Read Blocks":0,"Local Dirtied Blocks":0,"Local Written Blocks":0,"Temp Read Blocks":0,"Temp Written Blocks":0,"I/O Read Time":0.0,"I/O Write Time":0.0,"Temp I/O Read Time":0.0,"Temp I/O Write Time":0.0,"Subplans Removed":0,"Plans":[{"Node Type":"Custom Scan","Parent Relationship":"Member","Custom Plan Provider":"columnar scan","Parallel Aware":false,"Async Capable":false,"Relation Name":"item","Schema":"public","Alias":"item","Startup Cost":20.0,"Total Cost":20.2,"Plan Rows":10,"Plan Width":29,"Actual Startup Time":7.253,"Actual Total Time":7.895,"Actual Rows":1572,"Actual Loops":1,"Output":["item.i_id","item.i_name"],"Filter":"((item.i_data)::text ~~ '%b'::text)","Rows Removed by Filter":0,"Rows Removed by Columnar Filter":98428,"Columnar cache search mode":"native","Shared Hit Blocks":0,"Shared Read Blocks":0,"Shared Dirtied Blocks":0,"Shared Written Blocks":0,"Local Hit Blocks":0,"Local Read Blocks":0,"Local Dirtied Blocks":0,"Local Written Blocks":0,"Temp Read Blocks":0,"Temp Written Blocks":0,"I/O Read Time":0.0,"I/O Write Time":0.0,"Temp I/O Read Time":0.0,"Temp I/O Write Time":0.0},{"Node Type":"Seq Scan","Parent Relationship":"Member","Parallel Aware":false,"Async Capable":false,"Relation Name":"item","Schema":"public","Alias":"item","Startup Cost":0.0,"Total Cost":4.01,"Plan Rows":1,"Plan Width":29,"Actual Startup Time":0.0,"Actual Total Time":0.0,"Actual Rows":0,"Actual Loops":0,"Output":["item.i_id","item.i_name"],"Filter":"((item.i_data)::text ~~ '%b'::text)","Rows Removed by Filter":0,"Shared Hit Blocks":0,"Shared Read Blocks":0,"Shared Dirtied Blocks":0,"Shared Written Blocks":0,"Local Hit Blocks":0,"Local Read Blocks":0,"Local Dirtied Blocks":0,"Local Written Blocks":0,"Temp Read Blocks":0,"Temp Written Blocks":0,"I/O Read Time":0.0,"I/O Write Time":0.0,"Temp I/O Read Time":0.0,"Temp I/O Write Time":0.0}]}]}]},{"Node Type":"Hash","Parent Relationship":"Inner","Parallel Aware":false,"Async Capable":false,"Startup Cost":1457031.19,"Total Cost":1457031.19,"Plan Rows":99032,"Plan Width":6,"Actual Startup Time":8610.186,"Actual Total Time":8610.19,"Actual Rows":100000,"Actual Loops":1,"Output":["stock_1.s_i_id","(min(stock_1.s_quantity))"],"Hash Buckets":131072,"Original Hash Buckets":131072,"Hash Batches":1,"Original Hash Batches":1,"Peak Memory Usage":4735,"Shared Hit Blocks":833611,"Shared Read Blocks":0,"Shared Dirtied Blocks":0,"Shared Written Blocks":0,"Local Hit Blocks":0,"Local Read Blocks":0,"Local Dirtied Blocks":0,"Local Written Blocks":0,"Temp Read Blocks":8330,"Temp Written Blocks":14781,"I/O Read Time":0.0,"I/O Write Time":0.0,"Temp I/O Read Time":12.096,"Temp I/O Write Time":52.572,"Plans":[{"Node Type":"Aggregate","Strategy":"Hashed","Partial Mode":"Simple","Parent Relationship":"Outer","Parallel Aware":false,"Async Capable":false,"Startup Cost":1423800.22,"Total Cost":1456040.87,"Plan Rows":99032,"Plan Width":6,"Actual Startup Time":8270.639,"Actual Total Time":8595.813,"Actual Rows":100000,"Actual Loops":1,"Output":["stock_1.s_i_id","min(stock_1.s_quantity)"],"Group Key":["stock_1.s_i_id"],"Planned Partitions":0,"HashAgg Batches":5,"Peak Memory Usage":8241,"Disk Usage":68504,"Shared Hit Blocks":833611,"Shared Read Blocks":0,"Shared Dirtied Blocks":0,"Shared Written Blocks":0,"Local Hit Blocks":0,"Local Read Blocks":0,"Local Dirtied Blocks":0,"Local Written Blocks":0,"Temp Read Blocks":8330,"Temp Written Blocks":14781,"I/O Read Time":0.0,"I/O Write Time":0.0,"Temp I/O Read Time":12.096,"Temp I/O Write Time":52.572,"Plans":[{"Node Type":"Hash Join","Parent Relationship":"Outer","Parallel Aware":false,"Async Capable":false,"Join Type":"Inner","Startup Cost":401.99,"Total Cost":1198797.86,"Plan Rows":4000042,"Plan Width":6,"Actual Startup Time":2.564,"Actual Total Time":6899.435,"Actual Rows":6959700,"Actual Loops":1,"Output":["stock_1.s_i_id","stock_1.s_quantity"],"Inner Unique":false,"Hash Cond":"(mod((stock_1.s_w_id * stock_1.s_i_id), 10000) = supplier_1.su_suppkey)","Shared Hit Blocks":833611,"Shared Read Blocks":0,"Shared Dirtied Blocks":0,"Shared Written Blocks":0,"Local Hit Blocks":0,"Local Read Blocks":0,"Local Dirtied Blocks":0,"Local Written Blocks":0,"Temp Read Blocks":0,"Temp Written Blocks":0,"I/O Read Time":0.0,"I/O Write Time":0.0,"Temp I/O Read Time":0.0,"Temp I/O Write Time":0.0,"Plans":[{"Node Type":"Seq Scan","Parent Relationship":"Outer","Parallel Aware":false,"Async Capable":false,"Relation Name":"stock","Schema":"public","Alias":"stock_1","Startup Cost":0.0,"Total Cost":1033394.12,"Plan Rows":20000212,"Plan Width":8,"Actual Startup Time":0.004,"Actual Total Time":1891.445,"Actual Rows":20000000,"Actual Loops":1,"Output":["stock_1.s_i_id","stock_1.s_w_id","stock_1.s_quantity","stock_1.s_dist_01","stock_1.s_dist_02","stock_1.s_dist_03","stock_1.s_dist_04","stock_1.s_dist_05","stock_1.s_dist_06","stock_1.s_dist_07","stock_1.s_dist_08","stock_1.s_dist_09","stock_1.s_dist_10","stock_1.s_ytd","stock_1.s_order_cnt","stock_1.s_remote_cnt","stock_1.s_data"],"Shared Hit Blocks":833392,"Shared Read Blocks":0,"Shared Dirtied Blocks":0,"Shared Written Blocks":0,"Local Hit Blocks":0,"Local Read Blocks":0,"Local Dirtied Blocks":0,"Local Written Blocks":0,"Temp Read Blocks":0,"Temp Written Blocks":0,"I/O Read Time":0.0,"I/O Write Time":0.0,"Temp I/O Read Time":0.0,"Temp I/O Write Time":0.0},{"Node Type":"Hash","Parent Relationship":"Inner","Parallel Aware":false,"Async Capable":false,"Startup Cost":376.99,"Total Cost":376.99,"Plan Rows":2000,"Plan Width":4,"Actual Startup Time":2.555,"Actual Total Time":2.558,"Actual Rows":3506,"Actual Loops":1,"Output":["supplier_1.su_suppkey"],"Hash Buckets":4096,"Original Hash Buckets":2048,"Hash Batches":1,"Original Hash Batches":1,"Peak Memory Usage":156,"Shared Hit Blocks":219,"Shared Read Blocks":0,"Shared Dirtied Blocks":0,"Shared Written Blocks":0,"Local Hit Blocks":0,"Local Read Blocks":0,"Local Dirtied Blocks":0,"Local Written Blocks":0,"Temp Read Blocks":0,"Temp Written Blocks":0,"I/O Read Time":0.0,"I/O Write Time":0.0,"Temp I/O Read Time":0.0,"Temp I/O Write Time":0.0,"Plans":[{"Node Type":"Hash Join","Parent Relationship":"Outer","Parallel Aware":false,"Async Capable":false,"Join Type":"Inner","Startup Cost":3.14,"Total Cost":376.99,"Plan Rows":2000,"Plan Width":4,"Actual Startup Time":0.036,"Actual Total Time":2.171,"Actual Rows":3506,"Actual Loops":1,"Output":["supplier_1.su_suppkey"],"Inner Unique":false,"Hash Cond":"(supplier_1.su_nationkey = nation_1.n_nationkey)","Shared Hit Blocks":219,"Shared Read Blocks":0,"Shared Dirtied Blocks":0,"Shared Written Blocks":0,"Local Hit Blocks":0,"Local Read Blocks":0,"Local Dirtied Blocks":0,"Local Written Blocks":0,"Temp Read Blocks":0,"Temp Written Blocks":0,"I/O Read Time":0.0,"I/O Write Time":0.0,"Temp I/O Read Time":0.0,"Temp I/O Write Time":0.0,"Plans":[{"Node Type":"Seq Scan","Parent Relationship":"Outer","Parallel Aware":false,"Async Capable":false,"Relation Name":"supplier","Schema":"public","Alias":"supplier_1","Startup Cost":0.0,"Total Cost":317.0,"Plan Rows":10000,"Plan Width":8,"Actual Startup Time":0.005,"Actual Total Time":0.781,"Actual Rows":10000,"Actual Loops":1,"Output":["supplier_1.su_suppkey","supplier_1.su_name","supplier_1.su_address","supplier_1.su_nationkey","supplier_1.su_phone","supplier_1.su_acctbal","supplier_1.su_comment"],"Shared Hit Blocks":217,"Shared Read Blocks":0,"Shared Dirtied Blocks":0,"Shared Written Blocks":0,"Local Hit Blocks":0,"Local Read Blocks":0,"Local Dirtied Blocks":0,"Local Written Blocks":0,"Temp Read Blocks":0,"Temp Written Blocks":0,"I/O Read Time":0.0,"I/O Write Time":0.0,"Temp I/O Read Time":0.0,"Temp I/O Write Time":0.0},{"Node Type":"Hash","Parent Relationship":"Inner","Parallel Aware":false,"Async Capable":false,"Startup Cost":2.99,"Total Cost":2.99,"Plan Rows":12,"Plan Width":4,"Actual Startup Time":0.028,"Actual Total Time":0.03,"Actual Rows":22,"Actual Loops":1,"Output":["nation_1.n_nationkey"],"Hash Buckets":1024,"Original Hash Buckets":1024,"Hash Batches":1,"Original Hash Batches":1,"Peak Memory Usage":9,"Shared Hit Blocks":2,"Shared Read Blocks":0,"Shared Dirtied Blocks":0,"Shared Written Blocks":0,"Local Hit Blocks":0,"Local Read Blocks":0,"Local Dirtied Blocks":0,"Local Written Blocks":0,"Temp Read Blocks":0,"Temp Written Blocks":0,"I/O Read Time":0.0,"I/O Write Time":0.0,"Temp I/O Read Time":0.0,"Temp I/O Write Time":0.0,"Plans":[{"Node Type":"Hash Join","Parent Relationship":"Outer","Parallel Aware":false,"Async Capable":false,"Join Type":"Inner","Startup Cost":1.07,"Total Cost":2.99,"Plan Rows":12,"Plan Width":4,"Actual Startup Time":0.013,"Actual Total Time":0.027,"Actual Rows":22,"Actual Loops":1,"Output":["nation_1.n_nationkey"],"Inner Unique":true,"Hash Cond":"(nation_1.n_regionkey = region_1.r_regionkey)","Shared Hit Blocks":2,"Shared Read Blocks":0,"Shared Dirtied Blocks":0,"Shared Written Blocks":0,"Local Hit Blocks":0,"Local Read Blocks":0,"Local Dirtied Blocks":0,"Local Written Blocks":0,"Temp Read Blocks":0,"Temp Written Blocks":0,"I/O Read Time":0.0,"I/O Write Time":0.0,"Temp I/O Read Time":0.0,"Temp I/O Write Time":0.0,"Plans":[{"Node Type":"Seq Scan","Parent Relationship":"Outer","Parallel Aware":false,"Async Capable":false,"Relation Name":"nation","Schema":"public","Alias":"nation_1","Startup Cost":0.0,"Total Cost":1.62,"Plan Rows":62,"Plan Width":8,"Actual Startup Time":0.003,"Actual Total Time":0.007,"Actual Rows":62,"Actual Loops":1,"Output":["nation_1.n_nationkey","nation_1.n_name","nation_1.n_regionkey","nation_1.n_comment"],"Shared Hit Blocks":1,"Shared Read Blocks":0,"Shared Dirtied Blocks":0,"Shared Written Blocks":0,"Local Hit Blocks":0,"Local Read Blocks":0,"Local Dirtied Blocks":0,"Local Written Blocks":0,"Temp Read Blocks":0,"Temp Written Blocks":0,"I/O Read Time":0.0,"I/O Write Time":0.0,"Temp I/O Read Time":0.0,"Temp I/O Write Time":0.0},{"Node Type":"Hash","Parent Relationship":"Inner","Parallel Aware":false,"Async Capable":false,"Startup Cost":1.06,"Total Cost":1.06,"Plan Rows":1,"Plan Width":4,"Actual Startup Time":0.005,"Actual Total Time":0.006,"Actual Rows":1,"Actual Loops":1,"Output":["region_1.r_regionkey"],"Hash Buckets":1024,"Original Hash Buckets":1024,"Hash Batches":1,"Original Hash Batches":1,"Peak Memory Usage":9,"Shared Hit Blocks":1,"Shared Read Blocks":0,"Shared Dirtied Blocks":0,"Shared Written Blocks":0,"Local Hit Blocks":0,"Local Read Blocks":0,"Local Dirtied Blocks":0,"Local Written Blocks":0,"Temp Read Blocks":0,"Temp Written Blocks":0,"I/O Read Time":0.0,"I/O Write Time":0.0,"Temp I/O Read Time":0.0,"Temp I/O Write Time":0.0,"Plans":[{"Node Type":"Seq Scan","Parent Relationship":"Outer","Parallel Aware":false,"Async Capable":false,"Relation Name":"region","Schema":"public","Alias":"region_1","Startup Cost":0.0,"Total Cost":1.06,"Plan Rows":1,"Plan Width":4,"Actual Startup Time":0.003,"Actual Total Time":0.004,"Actual Rows":1,"Actual Loops":1,"Output":["region_1.r_regionkey"],"Filter":"((region_1.r_name)::text ~~ 'Europ%'::text)","Rows Removed by Filter":4,"Shared Hit Blocks":1,"Shared Read Blocks":0,"Shared Dirtied Blocks":0,"Shared Written Blocks":0,"Local Hit Blocks":0,"Local Read Blocks":0,"Local Dirtied Blocks":0,"Local Written Blocks":0,"Temp Read Blocks":0,"Temp Written Blocks":0,"I/O Read Time":0.0,"I/O Write Time":0.0,"Temp I/O Read Time":0.0,"Temp I/O Write Time":0.0}]}]}]}]}]}]}]}]}]},{"Node Type":"Index Scan","Parent Relationship":"Inner","Parallel Aware":false,"Async Capable":false,"Scan Direction":"Forward","Index Name":"supplier_pk","Relation Name":"supplier","Schema":"public","Alias":"supplier","Startup Cost":0.29,"Total Cost":3.25,"Plan Rows":1,"Plan Width":131,"Actual Startup Time":0.003,"Actual Total Time":0.003,"Actual Rows":1,"Actual Loops":4450,"Output":["supplier.su_suppkey","supplier.su_name","supplier.su_address","supplier.su_nationkey","supplier.su_phone","supplier.su_acctbal","supplier.su_comment"],"Index Cond":"(supplier.su_suppkey = mod((stock.s_w_id * stock.s_i_id), 10000))","Rows Removed by Index Recheck":0,"Shared Hit Blocks":13350,"Shared Read Blocks":0,"Shared Dirtied Blocks":0,"Shared Written Blocks":0,"Local Hit Blocks":0,"Local Read Blocks":0,"Local Dirtied Blocks":0,"Local Written Blocks":0,"Temp Read Blocks":0,"Temp Written Blocks":0,"I/O Read Time":0.0,"I/O Write Time":0.0,"Temp I/O Read Time":0.0,"Temp I/O Write Time":0.0}]},{"Node Type":"Index Scan","Parent Relationship":"Inner","Parallel Aware":false,"Async Capable":false,"Scan Direction":"Forward","Index Name":"nation_pk","Relation Name":"nation","Schema":"public","Alias":"nation","Startup Cost":0.14,"Total Cost":0.16,"Plan Rows":1,"Plan Width":16,"Actual Startup Time":0.001,"Actual Total Time":0.001,"Actual Rows":1,"Actual Loops":4450,"Output":["nation.n_nationkey","nation.n_name","nation.n_regionkey","nation.n_comment"],"Index Cond":"(nation.n_nationkey = supplier.su_nationkey)","Rows Removed by Index Recheck":0,"Shared Hit Blocks":8900,"Shared Read Blocks":0,"Shared Dirtied Blocks":0,"Shared Written Blocks":0,"Local Hit Blocks":0,"Local Read Blocks":0,"Local Dirtied Blocks":0,"Local Written Blocks":0,"Temp Read Blocks":0,"Temp Written Blocks":0,"I/O Read Time":0.0,"I/O Write Time":0.0,"Temp I/O Read Time":0.0,"Temp I/O Write Time":0.0}]},{"Node Type":"Hash","Parent Relationship":"Inner","Parallel Aware":false,"Async Capable":false,"Startup Cost":1.06,"Total Cost":1.06,"Plan Rows":1,"Plan Width":4,"Actual Startup Time":0.017,"Actual Total Time":0.018,"Actual Rows":1,"Actual Loops":1,"Output":["region.r_regionkey"],"Hash Buckets":1024,"Original Hash Buckets":1024,"Hash Batches":1,"Original Hash Batches":1,"Peak Memory Usage":9,"Shared Hit Blocks":1,"Shared Read Blocks":0,"Shared Dirtied Blocks":0,"Shared Written Blocks":0,"Local Hit Blocks":0,"Local Read Blocks":0,"Local Dirtied Blocks":0,"Local Written Blocks":0,"Temp Read Blocks":0,"Temp Written Blocks":0,"I/O Read Time":0.0,"I/O Write Time":0.0,"Temp I/O Read Time":0.0,"Temp I/O Write Time":0.0,"Plans":[{"Node Type":"Seq Scan","Parent Relationship":"Outer","Parallel Aware":false,"Async Capable":false,"Relation Name":"region","Schema":"public","Alias":"region","Startup Cost":0.0,"Total Cost":1.06,"Plan Rows":1,"Plan Width":4,"Actual Startup Time":0.013,"Actual Total Time":0.014,"Actual Rows":1,"Actual Loops":1,"Output":["region.r_regionkey"],"Filter":"((region.r_name)::text ~~ 'Europ%'::text)","Rows Removed by Filter":4,"Shared Hit Blocks":1,"Shared Read Blocks":0,"Shared Dirtied Blocks":0,"Shared Written Blocks":0,"Local Hit Blocks":0,"Local Read Blocks":0,"Local Dirtied Blocks":0,"Local Written Blocks":0,"Temp Read Blocks":0,"Temp Written Blocks":0,"I/O Read Time":0.0,"I/O Write Time":0.0,"Temp I/O Read Time":0.0,"Temp I/O Write Time":0.0}]}]}]},"Planning":{"Shared Hit Blocks":36,"Shared Read Blocks":0,"Shared Dirtied Blocks":0,"Shared Written Blocks":0,"Local Hit Blocks":0,"Local Read Blocks":0,"Local Dirtied Blocks":0,"Local Written Blocks":0,"Temp Read Blocks":0,"Temp Written Blocks":0,"I/O Read Time":0.0,"I/O Write Time":0.0,"Temp I/O Read Time":0.0,"Temp I/O Write Time":0.0},"Planning Time":0.806,"Triggers":[],"Execution Time":13822.081}]
[列存组合]: item, stock
[{"Plan":{"Node Type":"Sort","Parallel Aware":false,"Async Capable":false,"Startup Cost":899789.96,"Total Cost":899789.96,"Plan Rows":2,"Plan Width":164,"Actual Startup Time":9058.324,"Actual Total Time":9058.447,"Actual Rows":2295,"Actual Loops":1,"Output":["supplier.su_suppkey","supplier.su_name","nation.n_name","item.i_id","item.i_name","supplier.su_address","supplier.su_phone","supplier.su_comment"],"Sort Key":["nation.n_name","supplier.su_name","item.i_id"],"Sort Method":"quicksort","Sort Space Used":568,"Sort Space Type":"Memory","Shared Hit Blocks":22470,"Shared Read Blocks":0,"Shared Dirtied Blocks":0,"Shared Written Blocks":0,"Local Hit Blocks":0,"Local Read Blocks":0,"Local Dirtied Blocks":0,"Local Written Blocks":0,"Temp Read Blocks":8330,"Temp Written Blocks":14781,"I/O Read Time":0.0,"I/O Write Time":0.0,"Temp I/O Read Time":13.178,"Temp I/O Write Time":52.816,"Plans":[{"Node Type":"Hash Join","Parent Relationship":"Outer","Parallel Aware":false,"Async Capable":false,"Join Type":"Inner","Startup Cost":855194.32,"Total Cost":899789.95,"Plan Rows":2,"Plan Width":164,"Actual Startup Time":8870.598,"Actual Total Time":9053.966,"Actual Rows":2295,"Actual Loops":1,"Output":["supplier.su_suppkey","supplier.su_name","nation.n_name","item.i_id","item.i_name","supplier.su_address","supplier.su_phone","supplier.su_comment"],"Hash Cond":"(nation.n_regionkey = region.r_regionkey)","Shared Hit Blocks":22470,"Shared Read Blocks":0,"Shared Dirtied Blocks":0,"Shared Written Blocks":0,"Local Hit Blocks":0,"Local Read Blocks":0,"Local Dirtied Blocks":0,"Local Written Blocks":0,"Temp Read Blocks":8330,"Temp Written Blocks":14781,"I/O Read Time":0.0,"I/O Write Time":0.0,"Temp I/O Read Time":13.178,"Temp I/O Write Time":52.816,"Plans":[{"Node Type":"Nested Loop","Parent Relationship":"Outer","Parallel Aware":false,"Async Capable":false,"Join Type":"Inner","Startup Cost":855193.24,"Total Cost":899788.82,"Plan Rows":10,"Plan Width":168,"Actual Startup Time":8870.54,"Actual Total Time":9053.188,"Actual Rows":4450,"Actual Loops":1,"Output":["item.i_id","item.i_name","supplier.su_suppkey","supplier.su_name","supplier.su_address","supplier.su_phone","supplier.su_comment","nation.n_name","nation.n_regionkey"],"Shared Hit Blocks":22469,"Shared Read Blocks":0,"Shared Dirtied Blocks":0,"Shared Written Blocks":0,"Local Hit Blocks":0,"Local Read Blocks":0,"Local Dirtied Blocks":0,"Local Written Blocks":0,"Temp Read Blocks":8330,"Temp Written Blocks":14781,"I/O Read Time":0.0,"I/O Write Time":0.0,"Temp I/O Read Time":13.178,"Temp I/O Write Time":52.816,"Plans":[{"Node Type":"Nested Loop","Parent Relationship":"Outer","Parallel Aware":false,"Async Capable":false,"Join Type":"Inner","Startup Cost":855193.1,"Total Cost":899787.24,"Plan Rows":10,"Plan Width":160,"Actual Startup Time":8870.522,"Actual Total Time":9048.241,"Actual Rows":4450,"Actual Loops":1,"Output":["item.i_id","item.i_name","supplier.su_suppkey","supplier.su_name","supplier.su_address","supplier.su_phone","supplier.su_comment","supplier.su_nationkey"],"Shared Hit Blocks":13569,"Shared Read Blocks":0,"Shared Dirtied Blocks":0,"Shared Written Blocks":0,"Local Hit Blocks":0,"Local Read Blocks":0,"Local Dirtied Blocks":0,"Local Written Blocks":0,"Temp Read Blocks":8330,"Temp Written Blocks":14781,"I/O Read Time":0.0,"I/O Write Time":0.0,"Temp I/O Read Time":13.178,"Temp I/O Write Time":52.816,"Plans":[{"Node Type":"Hash Join","Parent Relationship":"Outer","Parallel Aware":false,"Async Capable":false,"Join Type":"Inner","Startup Cost":855192.81,"Total Cost":899754.75,"Plan Rows":10,"Plan Width":35,"Actual Startup Time":8870.466,"Actual Total Time":9039.355,"Actual Rows":4450,"Actual Loops":1,"Output":["item.i_id","item.i_name","stock.s_i_id","stock.s_w_id"],"Hash Cond":"((item.i_id = stock_1.s_i_id) AND (stock.s_quantity = (min(stock_1.s_quantity))))","Shared Hit Blocks":219,"Shared Read Blocks":0,"Shared Dirtied Blocks":0,"Shared Written Blocks":0,"Local Hit Blocks":0,"Local Read Blocks":0,"Local Dirtied Blocks":0,"Local Written Blocks":0,"Temp Read Blocks":8330,"Temp Written Blocks":14781,"I/O Read Time":0.0,"I/O Write Time":0.0,"Temp I/O Read Time":13.178,"Temp I/O Write Time":52.816,"Plans":[{"Node Type":"Hash Join","Parent Relationship":"Outer","Parallel Aware":false,"Async Capable":false,"Join Type":"Inner","Startup Cost":44.04,"Total Cost":44595.48,"Plan Rows":2000,"Plan Width":37,"Actual Startup Time":38.624,"Actual Total Time":168.656,"Actual Rows":314400,"Actual Loops":1,"Output":["item.i_id","item.i_name","stock.s_i_id","stock.s_w_id","stock.s_quantity"],"Hash Cond":"(stock.s_i_id = item.i_id)","Rows Removed by Bloom Filter":58505694,"Shared Hit Blocks":0,"Shared Read Blocks":0,"Shared Dirtied Blocks":0,"Shared Written Blocks":0,"Local Hit Blocks":0,"Local Read Blocks":0,"Local Dirtied Blocks":0,"Local Written Blocks":0,"Temp Read Blocks":0,"Temp Written Blocks":0,"I/O Read Time":0.0,"I/O Write Time":0.0,"Temp I/O Read Time":0.0,"Temp I/O Write Time":0.0,"Plans":[{"Node Type":"Append","Parent Relationship":"Outer","Parallel Aware":false,"Async Capable":false,"Startup Cost":20.0,"Total Cost":430026.22,"Plan Rows":20000212,"Plan Width":8,"Actual Startup Time":0.285,"Actual Total Time":0.29,"Actual Rows":20000000,"Actual Loops":1,"Shared Hit Blocks":0,"Shared Read Blocks":0,"Shared Dirtied Blocks":0,"Shared Written Blocks":0,"Local Hit Blocks":0,"Local Read Blocks":0,"Local Dirtied Blocks":0,"Local Written Blocks":0,"Temp Read Blocks":0,"Temp Written Blocks":0,"I/O Read Time":0.0,"I/O Write Time":0.0,"Temp I/O Read Time":0.0,"Temp I/O Write Time":0.0,"Subplans Removed":0,"Plans":[{"Node Type":"Custom Scan","Parent Relationship":"Member","Custom Plan Provider":"columnar scan","Parallel Aware":false,"Async Capable":false,"Relation Name":"stock","Schema":"public","Alias":"stock","Startup Cost":20.0,"Total Cost":430020.1,"Plan Rows":20000000,"Plan Width":8,"Actual Startup Time":0.284,"Actual Total Time":0.285,"Actual Rows":20000000,"Actual Loops":1,"Output":["stock.s_i_id","stock.s_w_id","stock.s_quantity"],"Rows Removed by Columnar Filter":0,"Columnar cache search mode":"native","Shared Hit Blocks":0,"Shared Read Blocks":0,"Shared Dirtied Blocks":0,"Shared Written Blocks":0,"Local Hit Blocks":0,"Local Read Blocks":0,"Local Dirtied Blocks":0,"Local Written Blocks":0,"Temp Read Blocks":0,"Temp Written Blocks":0,"I/O Read Time":0.0,"I/O Write Time":0.0,"Temp I/O Read Time":0.0,"Temp I/O Write Time":0.0},{"Node Type":"Seq Scan","Parent Relationship":"Member","Parallel Aware":false,"Async Capable":false,"Relation Name":"stock","Schema":"public","Alias":"stock","Startup Cost":0.0,"Total Cost":6.12,"Plan Rows":212,"Plan Width":8,"Actual Startup Time":0.0,"Actual Total Time":0.0,"Actual Rows":0,"Actual Loops":0,"Output":["stock.s_i_id","stock.s_w_id","stock.s_quantity"],"Shared Hit Blocks":0,"Shared Read Blocks":0,"Shared Dirtied Blocks":0,"Shared Written Blocks":0,"Local Hit Blocks":0,"Local Read Blocks":0,"Local Dirtied Blocks":0,"Local Written Blocks":0,"Temp Read Blocks":0,"Temp Written Blocks":0,"I/O Read Time":0.0,"I/O Write Time":0.0,"Temp I/O Read Time":0.0,"Temp I/O Write Time":0.0}]},{"Node Type":"Hash","Parent Relationship":"Inner","Parallel Aware":false,"Async Capable":false,"Startup Cost":24.21,"Total Cost":24.21,"Plan Rows":11,"Plan Width":29,"Actual Rows":1572,"Actual Loops":1,"Output":["item.i_id","item.i_name"],"Shared Hit Blocks":0,"Shared Read Blocks":0,"Shared Dirtied Blocks":0,"Shared Written Blocks":0,"Local Hit Blocks":0,"Local Read Blocks":0,"Local Dirtied Blocks":0,"Local Written Blocks":0,"Temp Read Blocks":0,"Temp Written Blocks":0,"I/O Read Time":0.0,"I/O Write Time":0.0,"Temp I/O Read Time":0.0,"Temp I/O Write Time":0.0,"Plans":[{"Node Type":"Append","Parent Relationship":"Outer","Parallel Aware":false,"Async Capable":false,"Startup Cost":20.0,"Total Cost":24.21,"Plan Rows":11,"Plan Width":29,"Actual Startup Time":7.373,"Actual Total Time":7.376,"Actual Rows":1572,"Actual Loops":1,"Shared Hit Blocks":0,"Shared Read Blocks":0,"Shared Dirtied Blocks":0,"Shared Written Blocks":0,"Local Hit Blocks":0,"Local Read Blocks":0,"Local Dirtied Blocks":0,"Local Written Blocks":0,"Temp Read Blocks":0,"Temp Written Blocks":0,"I/O Read Time":0.0,"I/O Write Time":0.0,"Temp I/O Read Time":0.0,"Temp I/O Write Time":0.0,"Subplans Removed":0,"Plans":[{"Node Type":"Custom Scan","Parent Relationship":"Member","Custom Plan Provider":"columnar scan","Parallel Aware":false,"Async Capable":false,"Relation Name":"item","Schema":"public","Alias":"item","Startup Cost":20.0,"Total Cost":20.2,"Plan Rows":10,"Plan Width":29,"Actual Startup Time":7.371,"Actual Total Time":7.371,"Actual Rows":1572,"Actual Loops":1,"Output":["item.i_id","item.i_name"],"Filter":"((item.i_data)::text ~~ '%b'::text)","Rows Removed by Filter":0,"Rows Removed by Columnar Filter":98428,"Columnar cache search mode":"native","Shared Hit Blocks":0,"Shared Read Blocks":0,"Shared Dirtied Blocks":0,"Shared Written Blocks":0,"Local Hit Blocks":0,"Local Read Blocks":0,"Local Dirtied Blocks":0,"Local Written Blocks":0,"Temp Read Blocks":0,"Temp Written Blocks":0,"I/O Read Time":0.0,"I/O Write Time":0.0,"Temp I/O Read Time":0.0,"Temp I/O Write Time":0.0},{"Node Type":"Seq Scan","Parent Relationship":"Member","Parallel Aware":false,"Async Capable":false,"Relation Name":"item","Schema":"public","Alias":"item","Startup Cost":0.0,"Total Cost":4.01,"Plan Rows":1,"Plan Width":29,"Actual Startup Time":0.0,"Actual Total Time":0.0,"Actual Rows":0,"Actual Loops":0,"Output":["item.i_id","item.i_name"],"Filter":"((item.i_data)::text ~~ '%b'::text)","Rows Removed by Filter":0,"Shared Hit Blocks":0,"Shared Read Blocks":0,"Shared Dirtied Blocks":0,"Shared Written Blocks":0,"Local Hit Blocks":0,"Local Read Blocks":0,"Local Dirtied Blocks":0,"Local Written Blocks":0,"Temp Read Blocks":0,"Temp Written Blocks":0,"I/O Read Time":0.0,"I/O Write Time":0.0,"Temp I/O Read Time":0.0,"Temp I/O Write Time":0.0}]}]}]},{"Node Type":"Hash","Parent Relationship":"Inner","Parallel Aware":false,"Async Capable":false,"Startup Cost":853663.29,"Total Cost":853663.29,"Plan Rows":99032,"Plan Width":6,"Actual Startup Time":8831.393,"Actual Total Time":8831.407,"Actual Rows":100000,"Actual Loops":1,"Output":["stock_1.s_i_id","(min(stock_1.s_quantity))"],"Hash Buckets":131072,"Original Hash Buckets":131072,"Hash Batches":1,"Original Hash Batches":1,"Peak Memory Usage":4735,"Shared Hit Blocks":219,"Shared Read Blocks":0,"Shared Dirtied Blocks":0,"Shared Written Blocks":0,"Local Hit Blocks":0,"Local Read Blocks":0,"Local Dirtied Blocks":0,"Local Written Blocks":0,"Temp Read Blocks":8330,"Temp Written Blocks":14781,"I/O Read Time":0.0,"I/O Write Time":0.0,"Temp I/O Read Time":13.178,"Temp I/O Write Time":52.816,"Plans":[{"Node Type":"Aggregate","Strategy":"Hashed","Partial Mode":"Simple","Parent Relationship":"Outer","Parallel Aware":false,"Async Capable":false,"Startup Cost":820432.32,"Total Cost":852672.97,"Plan Rows":99032,"Plan Width":6,"Actual Startup Time":8490.948,"Actual Total Time":8815.165,"Actual Rows":100000,"Actual Loops":1,"Output":["stock_1.s_i_id","min(stock_1.s_quantity)"],"Group Key":["stock_1.s_i_id"],"Planned Partitions":0,"HashAgg Batches":5,"Peak Memory Usage":8241,"Disk Usage":68504,"Shared Hit Blocks":219,"Shared Read Blocks":0,"Shared Dirtied Blocks":0,"Shared Written Blocks":0,"Local Hit Blocks":0,"Local Read Blocks":0,"Local Dirtied Blocks":0,"Local Written Blocks":0,"Temp Read Blocks":8330,"Temp Written Blocks":14781,"I/O Read Time":0.0,"I/O Write Time":0.0,"Temp I/O Read Time":13.178,"Temp I/O Write Time":52.816,"Plans":[{"Node Type":"Hash Join","Parent Relationship":"Outer","Parallel Aware":false,"Async Capable":false,"Join Type":"Inner","Startup Cost":421.99,"Total Cost":595429.96,"Plan Rows":4000042,"Plan Width":6,"Actual Startup Time":2.874,"Actual Total Time":7171.619,"Actual Rows":6959700,"Actual Loops":1,"Output":["stock_1.s_i_id","stock_1.s_quantity"],"Hash Cond":"(mod((stock_1.s_w_id * stock_1.s_i_id), 10000) = supplier_1.su_suppkey)","Shared Hit Blocks":219,"Shared Read Blocks":0,"Shared Dirtied Blocks":0,"Shared Written Blocks":0,"Local Hit Blocks":0,"Local Read Blocks":0,"Local Dirtied Blocks":0,"Local Written Blocks":0,"Temp Read Blocks":0,"Temp Written Blocks":0,"I/O Read Time":0.0,"I/O Write Time":0.0,"Temp I/O Read Time":0.0,"Temp I/O Write Time":0.0,"Plans":[{"Node Type":"Append","Parent Relationship":"Outer","Parallel Aware":false,"Async Capable":false,"Startup Cost":20.0,"Total Cost":430026.22,"Plan Rows":20000212,"Plan Width":8,"Actual Startup Time":0.015,"Actual Total Time":4267.692,"Actual Rows":20000000,"Actual Loops":1,"Shared Hit Blocks":0,"Shared Read Blocks":0,"Shared Dirtied Blocks":0,"Shared Written Blocks":0,"Local Hit Blocks":0,"Local Read Blocks":0,"Local Dirtied Blocks":0,"Local Written Blocks":0,"Temp Read Blocks":0,"Temp Written Blocks":0,"I/O Read Time":0.0,"I/O Write Time":0.0,"Temp I/O Read Time":0.0,"Temp I/O Write Time":0.0,"Subplans Removed":0,"Plans":[{"Node Type":"Custom Scan","Parent Relationship":"Member","Custom Plan Provider":"columnar scan","Parallel Aware":false,"Async Capable":false,"Relation Name":"stock","Schema":"public","Alias":"stock_1","Startup Cost":20.0,"Total Cost":430020.1,"Plan Rows":20000000,"Plan Width":8,"Actual Startup Time":0.015,"Actual Total Time":2825.617,"Actual Rows":20000000,"Actual Loops":1,"Output":["stock_1.s_i_id","stock_1.s_quantity","stock_1.s_w_id"],"Rows Removed by Columnar Filter":0,"Columnar cache search mode":"native","Shared Hit Blocks":0,"Shared Read Blocks":0,"Shared Dirtied Blocks":0,"Shared Written Blocks":0,"Local Hit Blocks":0,"Local Read Blocks":0,"Local Dirtied Blocks":0,"Local Written Blocks":0,"Temp Read Blocks":0,"Temp Written Blocks":0,"I/O Read Time":0.0,"I/O Write Time":0.0,"Temp I/O Read Time":0.0,"Temp I/O Write Time":0.0},{"Node Type":"Seq Scan","Parent Relationship":"Member","Parallel Aware":false,"Async Capable":false,"Relation Name":"stock","Schema":"public","Alias":"stock_1","Startup Cost":0.0,"Total Cost":6.12,"Plan Rows":212,"Plan Width":8,"Actual Startup Time":0.0,"Actual Total Time":0.0,"Actual Rows":0,"Actual Loops":0,"Output":["stock_1.s_i_id","stock_1.s_quantity","stock_1.s_w_id"],"Shared Hit Blocks":0,"Shared Read Blocks":0,"Shared Dirtied Blocks":0,"Shared Written Blocks":0,"Local Hit Blocks":0,"Local Read Blocks":0,"Local Dirtied Blocks":0,"Local Written Blocks":0,"Temp Read Blocks":0,"Temp Written Blocks":0,"I/O Read Time":0.0,"I/O Write Time":0.0,"Temp I/O Read Time":0.0,"Temp I/O Write Time":0.0}]},{"Node Type":"Hash","Parent Relationship":"Inner","Parallel Aware":false,"Async Capable":false,"Startup Cost":376.99,"Total Cost":376.99,"Plan Rows":2000,"Plan Width":4,"Actual Startup Time":2.852,"Actual Total Time":2.862,"Actual Rows":3506,"Actual Loops":1,"Output":["supplier_1.su_suppkey"],"Hash Buckets":4096,"Original Hash Buckets":2048,"Hash Batches":1,"Original Hash Batches":1,"Peak Memory Usage":156,"Shared Hit Blocks":219,"Shared Read Blocks":0,"Shared Dirtied Blocks":0,"Shared Written Blocks":0,"Local Hit Blocks":0,"Local Read Blocks":0,"Local Dirtied Blocks":0,"Local Written Blocks":0,"Temp Read Blocks":0,"Temp Written Blocks":0,"I/O Read Time":0.0,"I/O Write Time":0.0,"Temp I/O Read Time":0.0,"Temp I/O Write Time":0.0,"Plans":[{"Node Type":"Hash Join","Parent Relationship":"Outer","Parallel Aware":false,"Async Capable":false,"Join Type":"Inner","Startup Cost":3.14,"Total Cost":376.99,"Plan Rows":2000,"Plan Width":4,"Actual Startup Time":0.046,"Actual Total Time":2.445,"Actual Rows":3506,"Actual Loops":1,"Output":["supplier_1.su_suppkey"],"Hash Cond":"(supplier_1.su_nationkey = nation_1.n_nationkey)","Shared Hit Blocks":219,"Shared Read Blocks":0,"Shared Dirtied Blocks":0,"Shared Written Blocks":0,"Local Hit Blocks":0,"Local Read Blocks":0,"Local Dirtied Blocks":0,"Local Written Blocks":0,"Temp Read Blocks":0,"Temp Written Blocks":0,"I/O Read Time":0.0,"I/O Write Time":0.0,"Temp I/O Read Time":0.0,"Temp I/O Write Time":0.0,"Plans":[{"Node Type":"Seq Scan","Parent Relationship":"Outer","Parallel Aware":false,"Async Capable":false,"Relation Name":"supplier","Schema":"public","Alias":"supplier_1","Startup Cost":0.0,"Total Cost":317.0,"Plan Rows":10000,"Plan Width":8,"Actual Startup Time":0.008,"Actual Total Time":0.88,"Actual Rows":10000,"Actual Loops":1,"Output":["supplier_1.su_suppkey","supplier_1.su_name","supplier_1.su_address","supplier_1.su_nationkey","supplier_1.su_phone","supplier_1.su_acctbal","supplier_1.su_comment"],"Shared Hit Blocks":217,"Shared Read Blocks":0,"Shared Dirtied Blocks":0,"Shared Written Blocks":0,"Local Hit Blocks":0,"Local Read Blocks":0,"Local Dirtied Blocks":0,"Local Written Blocks":0,"Temp Read Blocks":0,"Temp Written Blocks":0,"I/O Read Time":0.0,"I/O Write Time":0.0,"Temp I/O Read Time":0.0,"Temp I/O Write Time":0.0},{"Node Type":"Hash","Parent Relationship":"Inner","Parallel Aware":false,"Async Capable":false,"Startup Cost":2.99,"Total Cost":2.99,"Plan Rows":12,"Plan Width":4,"Actual Startup Time":0.035,"Actual Total Time":0.041,"Actual Rows":22,"Actual Loops":1,"Output":["nation_1.n_nationkey"],"Hash Buckets":1024,"Original Hash Buckets":1024,"Hash Batches":1,"Original Hash Batches":1,"Peak Memory Usage":9,"Shared Hit Blocks":2,"Shared Read Blocks":0,"Shared Dirtied Blocks":0,"Shared Written Blocks":0,"Local Hit Blocks":0,"Local Read Blocks":0,"Local Dirtied Blocks":0,"Local Written Blocks":0,"Temp Read Blocks":0,"Temp Written Blocks":0,"I/O Read Time":0.0,"I/O Write Time":0.0,"Temp I/O Read Time":0.0,"Temp I/O Write Time":0.0,"Plans":[{"Node Type":"Hash Join","Parent Relationship":"Outer","Parallel Aware":false,"Async Capable":false,"Join Type":"Inner","Startup Cost":1.07,"Total Cost":2.99,"Plan Rows":12,"Plan Width":4,"Actual Startup Time":0.018,"Actual Total Time":0.036,"Actual Rows":22,"Actual Loops":1,"Output":["nation_1.n_nationkey"],"Hash Cond":"(nation_1.n_regionkey = region_1.r_regionkey)","Shared Hit Blocks":2,"Shared Read Blocks":0,"Shared Dirtied Blocks":0,"Shared Written Blocks":0,"Local Hit Blocks":0,"Local Read Blocks":0,"Local Dirtied Blocks":0,"Local Written Blocks":0,"Temp Read Blocks":0,"Temp Written Blocks":0,"I/O Read Time":0.0,"I/O Write Time":0.0,"Temp I/O Read Time":0.0,"Temp I/O Write Time":0.0,"Plans":[{"Node Type":"Seq Scan","Parent Relationship":"Outer","Parallel Aware":false,"Async Capable":false,"Relation Name":"nation","Schema":"public","Alias":"nation_1","Startup Cost":0.0,"Total Cost":1.62,"Plan Rows":62,"Plan Width":8,"Actual Startup Time":0.004,"Actual Total Time":0.008,"Actual Rows":62,"Actual Loops":1,"Output":["nation_1.n_nationkey","nation_1.n_name","nation_1.n_regionkey","nation_1.n_comment"],"Shared Hit Blocks":1,"Shared Read Blocks":0,"Shared Dirtied Blocks":0,"Shared Written Blocks":0,"Local Hit Blocks":0,"Local Read Blocks":0,"Local Dirtied Blocks":0,"Local Written Blocks":0,"Temp Read Blocks":0,"Temp Written Blocks":0,"I/O Read Time":0.0,"I/O Write Time":0.0,"Temp I/O Read Time":0.0,"Temp I/O Write Time":0.0},{"Node Type":"Hash","Parent Relationship":"Inner","Parallel Aware":false,"Async Capable":false,"Startup Cost":1.06,"Total Cost":1.06,"Plan Rows":1,"Plan Width":4,"Actual Startup Time":0.008,"Actual Total Time":0.011,"Actual Rows":1,"Actual Loops":1,"Output":["region_1.r_regionkey"],"Hash Buckets":1024,"Original Hash Buckets":1024,"Hash Batches":1,"Original Hash Batches":1,"Peak Memory Usage":9,"Shared Hit Blocks":1,"Shared Read Blocks":0,"Shared Dirtied Blocks":0,"Shared Written Blocks":0,"Local Hit Blocks":0,"Local Read Blocks":0,"Local Dirtied Blocks":0,"Local Written Blocks":0,"Temp Read Blocks":0,"Temp Written Blocks":0,"I/O Read Time":0.0,"I/O Write Time":0.0,"Temp I/O Read Time":0.0,"Temp I/O Write Time":0.0,"Plans":[{"Node Type":"Seq Scan","Parent Relationship":"Outer","Parallel Aware":false,"Async Capable":false,"Relation Name":"region","Schema":"public","Alias":"region_1","Startup Cost":0.0,"Total Cost":1.06,"Plan Rows":1,"Plan Width":4,"Actual Startup Time":0.006,"Actual Total Time":0.008,"Actual Rows":1,"Actual Loops":1,"Output":["region_1.r_regionkey"],"Filter":"((region_1.r_name)::text ~~ 'Europ%'::text)","Rows Removed by Filter":4,"Shared Hit Blocks":1,"Shared Read Blocks":0,"Shared Dirtied Blocks":0,"Shared Written Blocks":0,"Local Hit Blocks":0,"Local Read Blocks":0,"Local Dirtied Blocks":0,"Local Written Blocks":0,"Temp Read Blocks":0,"Temp Written Blocks":0,"I/O Read Time":0.0,"I/O Write Time":0.0,"Temp I/O Read Time":0.0,"Temp I/O Write Time":0.0}]}]}]}]}]}]}]}]}]},{"Node Type":"Index Scan","Parent Relationship":"Inner","Parallel Aware":false,"Async Capable":false,"Scan Direction":"Forward","Index Name":"supplier_pk","Relation Name":"supplier","Schema":"public","Alias":"supplier","Startup Cost":0.29,"Total Cost":3.25,"Plan Rows":1,"Plan Width":131,"Actual Startup Time":0.002,"Actual Total Time":0.002,"Actual Rows":1,"Actual Loops":4450,"Output":["supplier.su_suppkey","supplier.su_name","supplier.su_address","supplier.su_nationkey","supplier.su_phone","supplier.su_acctbal","supplier.su_comment"],"Index Cond":"(supplier.su_suppkey = mod((stock.s_w_id * stock.s_i_id), 10000))","Rows Removed by Index Recheck":0,"Shared Hit Blocks":13350,"Shared Read Blocks":0,"Shared Dirtied Blocks":0,"Shared Written Blocks":0,"Local Hit Blocks":0,"Local Read Blocks":0,"Local Dirtied Blocks":0,"Local Written Blocks":0,"Temp Read Blocks":0,"Temp Written Blocks":0,"I/O Read Time":0.0,"I/O Write Time":0.0,"Temp I/O Read Time":0.0,"Temp I/O Write Time":0.0}]},{"Node Type":"Index Scan","Parent Relationship":"Inner","Parallel Aware":false,"Async Capable":false,"Scan Direction":"Forward","Index Name":"nation_pk","Relation Name":"nation","Schema":"public","Alias":"nation","Startup Cost":0.14,"Total Cost":0.16,"Plan Rows":1,"Plan Width":16,"Actual Startup Time":0.001,"Actual Total Time":0.001,"Actual Rows":1,"Actual Loops":4450,"Output":["nation.n_nationkey","nation.n_name","nation.n_regionkey","nation.n_comment"],"Index Cond":"(nation.n_nationkey = supplier.su_nationkey)","Rows Removed by Index Recheck":0,"Shared Hit Blocks":8900,"Shared Read Blocks":0,"Shared Dirtied Blocks":0,"Shared Written Blocks":0,"Local Hit Blocks":0,"Local Read Blocks":0,"Local Dirtied Blocks":0,"Local Written Blocks":0,"Temp Read Blocks":0,"Temp Written Blocks":0,"I/O Read Time":0.0,"I/O Write Time":0.0,"Temp I/O Read Time":0.0,"Temp I/O Write Time":0.0}]},{"Node Type":"Hash","Parent Relationship":"Inner","Parallel Aware":false,"Async Capable":false,"Startup Cost":1.06,"Total Cost":1.06,"Plan Rows":1,"Plan Width":4,"Actual Startup Time":0.018,"Actual Total Time":0.019,"Actual Rows":1,"Actual Loops":1,"Output":["region.r_regionkey"],"Hash Buckets":1024,"Original Hash Buckets":1024,"Hash Batches":1,"Original Hash Batches":1,"Peak Memory Usage":9,"Shared Hit Blocks":1,"Shared Read Blocks":0,"Shared Dirtied Blocks":0,"Shared Written Blocks":0,"Local Hit Blocks":0,"Local Read Blocks":0,"Local Dirtied Blocks":0,"Local Written Blocks":0,"Temp Read Blocks":0,"Temp Written Blocks":0,"I/O Read Time":0.0,"I/O Write Time":0.0,"Temp I/O Read Time":0.0,"Temp I/O Write Time":0.0,"Plans":[{"Node Type":"Seq Scan","Parent Relationship":"Outer","Parallel Aware":false,"Async Capable":false,"Relation Name":"region","Schema":"public","Alias":"region","Startup Cost":0.0,"Total Cost":1.06,"Plan Rows":1,"Plan Width":4,"Actual Startup Time":0.015,"Actual Total Time":0.015,"Actual Rows":1,"Actual Loops":1,"Output":["region.r_regionkey"],"Filter":"((region.r_name)::text ~~ 'Europ%'::text)","Rows Removed by Filter":4,"Shared Hit Blocks":1,"Shared Read Blocks":0,"Shared Dirtied Blocks":0,"Shared Written Blocks":0,"Local Hit Blocks":0,"Local Read Blocks":0,"Local Dirtied Blocks":0,"Local Written Blocks":0,"Temp Read Blocks":0,"Temp Written Blocks":0,"I/O Read Time":0.0,"I/O Write Time":0.0,"Temp I/O Read Time":0.0,"Temp I/O Write Time":0.0}]}]}]},"Planning":{"Shared Hit Blocks":36,"Shared Read Blocks":0,"Shared Dirtied Blocks":0,"Shared Written Blocks":0,"Local Hit Blocks":0,"Local Read Blocks":0,"Local Dirtied Blocks":0,"Local Written Blocks":0,"Temp Read Blocks":0,"Temp Written Blocks":0,"I/O Read Time":0.0,"I/O Write Time":0.0,"Temp I/O Read Time":0.0,"Temp I/O Write Time":0.0},"Planning Time":4.975,"Triggers":[],"Execution Time":9070.764}]
[列存组合]: item, supplier
[{"Plan":{"Node Type":"Sort","Parallel Aware":false,"Async Capable":false,"Startup Cost":2544845.7,"Total Cost":2544845.71,"Plan Rows":2,"Plan Width":164,"Actual Startup Time":13827.686,"Actual Total Time":13827.806,"Actual Rows":2295,"Actual Loops":1,"Output":["supplier.su_suppkey","supplier.su_name","nation.n_name","item.i_id","item.i_name","supplier.su_address","supplier.su_phone","supplier.su_comment"],"Sort Key":["nation.n_name","supplier.su_name","item.i_id"],"Sort Method":"quicksort","Sort Space Used":568,"Sort Space Type":"Memory","Shared Hit Blocks":1689037,"Shared Read Blocks":0,"Shared Dirtied Blocks":0,"Shared Written Blocks":0,"Local Hit Blocks":0,"Local Read Blocks":0,"Local Dirtied Blocks":0,"Local Written Blocks":0,"Temp Read Blocks":8330,"Temp Written Blocks":14781,"I/O Read Time":0.0,"I/O Write Time":0.0,"Temp I/O Read Time":13.989,"Temp I/O Write Time":55.139,"Plans":[{"Node Type":"Hash Join","Parent Relationship":"Outer","Parallel Aware":false,"Async Capable":false,"Join Type":"Inner","Startup Cost":1458904.59,"Total Cost":2544845.69,"Plan Rows":2,"Plan Width":164,"Actual Startup Time":8579.755,"Actual Total Time":13822.39,"Actual Rows":2295,"Actual Loops":1,"Output":["supplier.su_suppkey","supplier.su_name","nation.n_name","item.i_id","item.i_name","supplier.su_address","supplier.su_phone","supplier.su_comment"],"Inner Unique":true,"Hash Cond":"(nation.n_regionkey = region.r_regionkey)","Shared Hit Blocks":1689037,"Shared Read Blocks":0,"Shared Dirtied Blocks":0,"Shared Written Blocks":0,"Local Hit Blocks":0,"Local Read Blocks":0,"Local Dirtied Blocks":0,"Local Written Blocks":0,"Temp Read Blocks":8330,"Temp Written Blocks":14781,"I/O Read Time":0.0,"I/O Write Time":0.0,"Temp I/O Read Time":13.989,"Temp I/O Write Time":55.139,"Plans":[{"Node Type":"Nested Loop","Parent Relationship":"Outer","Parallel Aware":false,"Async Capable":false,"Join Type":"Inner","Startup Cost":1458903.52,"Total Cost":2544844.57,"Plan Rows":10,"Plan Width":168,"Actual Startup Time":8579.219,"Actual Total Time":13821.041,"Actual Rows":4450,"Actual Loops":1,"Output":["item.i_id","item.i_name","supplier.su_suppkey","supplier.su_name","supplier.su_address","supplier.su_phone","supplier.su_comment","nation.n_name","nation.n_regionkey"],"Inner Unique":true,"Shared Hit Blocks":1689036,"Shared Read Blocks":0,"Shared Dirtied Blocks":0,"Shared Written Blocks":0,"Local Hit Blocks":0,"Local Read Blocks":0,"Local Dirtied Blocks":0,"Local Written Blocks":0,"Temp Read Blocks":8330,"Temp Written Blocks":14781,"I/O Read Time":0.0,"I/O Write Time":0.0,"Temp I/O Read Time":13.989,"Temp I/O Write Time":55.139,"Plans":[{"Node Type":"Nested Loop","Parent Relationship":"Outer","Parallel Aware":false,"Async Capable":false,"Join Type":"Inner","Startup Cost":1458903.38,"Total Cost":2544842.98,"Plan Rows":10,"Plan Width":160,"Actual Startup Time":8579.206,"Actual Total Time":13814.622,"Actual Rows":4450,"Actual Loops":1,"Output":["item.i_id","item.i_name","supplier.su_suppkey","supplier.su_name","supplier.su_address","supplier.su_phone","supplier.su_comment","supplier.su_nationkey"],"Inner Unique":true,"Shared Hit Blocks":1680136,"Shared Read Blocks":0,"Shared Dirtied Blocks":0,"Shared Written Blocks":0,"Local Hit Blocks":0,"Local Read Blocks":0,"Local Dirtied Blocks":0,"Local Written Blocks":0,"Temp Read Blocks":8330,"Temp Written Blocks":14781,"I/O Read Time":0.0,"I/O Write Time":0.0,"Temp I/O Read Time":13.989,"Temp I/O Write Time":55.139,"Plans":[{"Node Type":"Hash Join","Parent Relationship":"Outer","Parallel Aware":false,"Async Capable":false,"Join Type":"Inner","Startup Cost":1458903.09,"Total Cost":2544810.49,"Plan Rows":10,"Plan Width":35,"Actual Startup Time":8579.158,"Actual Total Time":13797.741,"Actual Rows":4450,"Actual Loops":1,"Output":["item.i_id","item.i_name","stock.s_i_id","stock.s_w_id"],"Inner Unique":true,"Hash Cond":"((item.i_id = stock_1.s_i_id) AND (stock.s_quantity = (min(stock_1.s_quantity))))","Shared Hit Blocks":1666786,"Shared Read Blocks":0,"Shared Dirtied Blocks":0,"Shared Written Blocks":0,"Local Hit Blocks":0,"Local Read Blocks":0,"Local Dirtied Blocks":0,"Local Written Blocks":0,"Temp Read Blocks":8330,"Temp Written Blocks":14781,"I/O Read Time":0.0,"I/O Write Time":0.0,"Temp I/O Read Time":13.989,"Temp I/O Write Time":55.139,"Plans":[{"Node Type":"Hash Join","Parent Relationship":"Outer","Parallel Aware":false,"Async Capable":false,"Join Type":"Inner","Startup Cost":484.4,"Total Cost":1086381.3,"Plan Rows":2000,"Plan Width":37,"Actual Startup Time":8.574,"Actual Total Time":5151.153,"Actual Rows":314400,"Actual Loops":1,"Output":["item.i_id","item.i_name","stock.s_i_id","stock.s_w_id","stock.s_quantity"],"Inner Unique":true,"Hash Cond":"(stock.s_i_id = item.i_id)","Shared Hit Blocks":833392,"Shared Read Blocks":0,"Shared Dirtied Blocks":0,"Shared Written Blocks":0,"Local Hit Blocks":0,"Local Read Blocks":0,"Local Dirtied Blocks":0,"Local Written Blocks":0,"Temp Read Blocks":0,"Temp Written Blocks":0,"I/O Read Time":0.0,"I/O Write Time":0.0,"Temp I/O Read Time":0.0,"Temp I/O Write Time":0.0,"Plans":[{"Node Type":"Seq Scan","Parent Relationship":"Outer","Parallel Aware":false,"Async Capable":false,"Relation Name":"stock","Schema":"public","Alias":"stock","Startup Cost":0.0,"Total Cost":1033394.12,"Plan Rows":20000212,"Plan Width":8,"Actual Startup Time":0.005,"Actual Total Time":1769.428,"Actual Rows":20000000,"Actual Loops":1,"Output":["stock.s_i_id","stock.s_w_id","stock.s_quantity","stock.s_dist_01","stock.s_dist_02","stock.s_dist_03","stock.s_dist_04","stock.s_dist_05","stock.s_dist_06","stock.s_dist_07","stock.s_dist_08","stock.s_dist_09","stock.s_dist_10","stock.s_ytd","stock.s_order_cnt","stock.s_remote_cnt","stock.s_data"],"Shared Hit Blocks":833392,"Shared Read Blocks":0,"Shared Dirtied Blocks":0,"Shared Written Blocks":0,"Local Hit Blocks":0,"Local Read Blocks":0,"Local Dirtied Blocks":0,"Local Written Blocks":0,"Temp Read Blocks":0,"Temp Written Blocks":0,"I/O Read Time":0.0,"I/O Write Time":0.0,"Temp I/O Read Time":0.0,"Temp I/O Write Time":0.0},{"Node Type":"Hash","Parent Relationship":"Inner","Parallel Aware":false,"Async Capable":false,"Startup Cost":484.26,"Total Cost":484.26,"Plan Rows":11,"Plan Width":29,"Actual Startup Time":8.543,"Actual Total Time":8.548,"Actual Rows":1572,"Actual Loops":1,"Output":["item.i_id","item.i_name"],"Hash Buckets":2048,"Original Hash Buckets":1024,"Hash Batches":1,"Original Hash Batches":1,"Peak Memory Usage":110,"Shared Hit Blocks":0,"Shared Read Blocks":0,"Shared Dirtied Blocks":0,"Shared Written Blocks":0,"Local Hit Blocks":0,"Local Read Blocks":0,"Local Dirtied Blocks":0,"Local Written Blocks":0,"Temp Read Blocks":0,"Temp Written Blocks":0,"I/O Read Time":0.0,"I/O Write Time":0.0,"Temp I/O Read Time":0.0,"Temp I/O Write Time":0.0,"Plans":[{"Node Type":"Append","Parent Relationship":"Outer","Parallel Aware":false,"Async Capable":false,"Startup Cost":20.0,"Total Cost":484.26,"Plan Rows":11,"Plan Width":29,"Actual Startup Time":7.362,"Actual Total Time":8.119,"Actual Rows":1572,"Actual Loops":1,"Shared Hit Blocks":0,"Shared Read Blocks":0,"Shared Dirtied Blocks":0,"Shared Written Blocks":0,"Local Hit Blocks":0,"Local Read Blocks":0,"Local Dirtied Blocks":0,"Local Written Blocks":0,"Temp Read Blocks":0,"Temp Written Blocks":0,"I/O Read Time":0.0,"I/O Write Time":0.0,"Temp I/O Read Time":0.0,"Temp I/O Write Time":0.0,"Subplans Removed":0,"Plans":[{"Node Type":"Custom Scan","Parent Relationship":"Member","Custom Plan Provider":"columnar scan","Parallel Aware":false,"Async Capable":false,"Relation Name":"item","Schema":"public","Alias":"item","Startup Cost":20.0,"Total Cost":20.2,"Plan Rows":10,"Plan Width":29,"Actual Startup Time":7.361,"Actual Total Time":8.001,"Actual Rows":1572,"Actual Loops":1,"Output":["item.i_id","item.i_name"],"Filter":"((item.i_data)::text ~~ '%b'::text)","Rows Removed by Filter":0,"Rows Removed by Columnar Filter":98428,"Columnar cache search mode":"native","Shared Hit Blocks":0,"Shared Read Blocks":0,"Shared Dirtied Blocks":0,"Shared Written Blocks":0,"Local Hit Blocks":0,"Local Read Blocks":0,"Local Dirtied Blocks":0,"Local Written Blocks":0,"Temp Read Blocks":0,"Temp Written Blocks":0,"I/O Read Time":0.0,"I/O Write Time":0.0,"Temp I/O Read Time":0.0,"Temp I/O Write Time":0.0},{"Node Type":"Seq Scan","Parent Relationship":"Member","Parallel Aware":false,"Async Capable":false,"Relation Name":"item","Schema":"public","Alias":"item","Startup Cost":0.0,"Total Cost":4.01,"Plan Rows":1,"Plan Width":29,"Actual Startup Time":0.0,"Actual Total Time":0.0,"Actual Rows":0,"Actual Loops":0,"Output":["item.i_id","item.i_name"],"Filter":"((item.i_data)::text ~~ '%b'::text)","Rows Removed by Filter":0,"Shared Hit Blocks":0,"Shared Read Blocks":0,"Shared Dirtied Blocks":0,"Shared Written Blocks":0,"Local Hit Blocks":0,"Local Read Blocks":0,"Local Dirtied Blocks":0,"Local Written Blocks":0,"Temp Read Blocks":0,"Temp Written Blocks":0,"I/O Read Time":0.0,"I/O Write Time":0.0,"Temp I/O Read Time":0.0,"Temp I/O Write Time":0.0}]}]}]},{"Node Type":"Hash","Parent Relationship":"Inner","Parallel Aware":false,"Async Capable":false,"Startup Cost":1456933.21,"Total Cost":1456933.21,"Plan Rows":99032,"Plan Width":6,"Actual Startup Time":8568.233,"Actual Total Time":8568.253,"Actual Rows":100000,"Actual Loops":1,"Output":["stock_1.s_i_id","(min(stock_1.s_quantity))"],"Hash Buckets":131072,"Original Hash Buckets":131072,"Hash Batches":1,"Original Hash Batches":1,"Peak Memory Usage":4735,"Shared Hit Blocks":833394,"Shared Read Blocks":0,"Shared Dirtied Blocks":0,"Shared Written Blocks":0,"Local Hit Blocks":0,"Local Read Blocks":0,"Local Dirtied Blocks":0,"Local Written Blocks":0,"Temp Read Blocks":8330,"Temp Written Blocks":14781,"I/O Read Time":0.0,"I/O Write Time":0.0,"Temp I/O Read Time":13.989,"Temp I/O Write Time":55.139,"Plans":[{"Node Type":"Aggregate","Strategy":"Hashed","Partial Mode":"Simple","Parent Relationship":"Outer","Parallel Aware":false,"Async Capable":false,"Startup Cost":1423702.24,"Total Cost":1455942.89,"Plan Rows":99032,"Plan Width":6,"Actual Startup Time":8230.322,"Actual Total Time":8552.831,"Actual Rows":100000,"Actual Loops":1,"Output":["stock_1.s_i_id","min(stock_1.s_quantity)"],"Group Key":["stock_1.s_i_id"],"Planned Partitions":0,"HashAgg Batches":5,"Peak Memory Usage":8241,"Disk Usage":68504,"Shared Hit Blocks":833394,"Shared Read Blocks":0,"Shared Dirtied Blocks":0,"Shared Written Blocks":0,"Local Hit Blocks":0,"Local Read Blocks":0,"Local Dirtied Blocks":0,"Local Written Blocks":0,"Temp Read Blocks":8330,"Temp Written Blocks":14781,"I/O Read Time":0.0,"I/O Write Time":0.0,"Temp I/O Read Time":13.989,"Temp I/O Write Time":55.139,"Plans":[{"Node Type":"Hash Join","Parent Relationship":"Outer","Parallel Aware":false,"Async Capable":false,"Join Type":"Inner","Startup Cost":304.02,"Total Cost":1198699.88,"Plan Rows":4000042,"Plan Width":6,"Actual Startup Time":2.12,"Actual Total Time":6866.701,"Actual Rows":6959700,"Actual Loops":1,"Output":["stock_1.s_i_id","stock_1.s_quantity"],"Inner Unique":false,"Hash Cond":"(mod((stock_1.s_w_id * stock_1.s_i_id), 10000) = supplier_1.su_suppkey)","Shared Hit Blocks":833394,"Shared Read Blocks":0,"Shared Dirtied Blocks":0,"Shared Written Blocks":0,"Local Hit Blocks":0,"Local Read Blocks":0,"Local Dirtied Blocks":0,"Local Written Blocks":0,"Temp Read Blocks":0,"Temp Written Blocks":0,"I/O Read Time":0.0,"I/O Write Time":0.0,"Temp I/O Read Time":0.0,"Temp I/O Write Time":0.0,"Plans":[{"Node Type":"Seq Scan","Parent Relationship":"Outer","Parallel Aware":false,"Async Capable":false,"Relation Name":"stock","Schema":"public","Alias":"stock_1","Startup Cost":0.0,"Total Cost":1033394.12,"Plan Rows":20000212,"Plan Width":8,"Actual Startup Time":0.004,"Actual Total Time":1882.878,"Actual Rows":20000000,"Actual Loops":1,"Output":["stock_1.s_i_id","stock_1.s_w_id","stock_1.s_quantity","stock_1.s_dist_01","stock_1.s_dist_02","stock_1.s_dist_03","stock_1.s_dist_04","stock_1.s_dist_05","stock_1.s_dist_06","stock_1.s_dist_07","stock_1.s_dist_08","stock_1.s_dist_09","stock_1.s_dist_10","stock_1.s_ytd","stock_1.s_order_cnt","stock_1.s_remote_cnt","stock_1.s_data"],"Shared Hit Blocks":833392,"Shared Read Blocks":0,"Shared Dirtied Blocks":0,"Shared Written Blocks":0,"Local Hit Blocks":0,"Local Read Blocks":0,"Local Dirtied Blocks":0,"Local Written Blocks":0,"Temp Read Blocks":0,"Temp Written Blocks":0,"I/O Read Time":0.0,"I/O Write Time":0.0,"Temp I/O Read Time":0.0,"Temp I/O Write Time":0.0},{"Node Type":"Hash","Parent Relationship":"Inner","Parallel Aware":false,"Async Capable":false,"Startup Cost":279.02,"Total Cost":279.02,"Plan Rows":2000,"Plan Width":4,"Actual Startup Time":2.107,"Actual Total Time":2.121,"Actual Rows":3506,"Actual Loops":1,"Output":["supplier_1.su_suppkey"],"Hash Buckets":4096,"Original Hash Buckets":2048,"Hash Batches":1,"Original Hash Batches":1,"Peak Memory Usage":156,"Shared Hit Blocks":2,"Shared Read Blocks":0,"Shared Dirtied Blocks":0,"Shared Written Blocks":0,"Local Hit Blocks":0,"Local Read Blocks":0,"Local Dirtied Blocks":0,"Local Written Blocks":0,"Temp Read Blocks":0,"Temp Written Blocks":0,"I/O Read Time":0.0,"I/O Write Time":0.0,"Temp I/O Read Time":0.0,"Temp I/O Write Time":0.0,"Plans":[{"Node Type":"Hash Join","Parent Relationship":"Outer","Parallel Aware":false,"Async Capable":false,"Join Type":"Inner","Startup Cost":23.14,"Total Cost":279.02,"Plan Rows":2000,"Plan Width":4,"Actual Startup Time":0.42,"Actual Total Time":1.73,"Actual Rows":3506,"Actual Loops":1,"Output":["supplier_1.su_suppkey"],"Inner Unique":false,"Hash Cond":"(supplier_1.su_nationkey = nation_1.n_nationkey)","Shared Hit Blocks":2,"Shared Read Blocks":0,"Shared Dirtied Blocks":0,"Shared Written Blocks":0,"Local Hit Blocks":0,"Local Read Blocks":0,"Local Dirtied Blocks":0,"Local Written Blocks":0,"Temp Read Blocks":0,"Temp Written Blocks":0,"I/O Read Time":0.0,"I/O Write Time":0.0,"Temp I/O Read Time":0.0,"Temp I/O Write Time":0.0,"Plans":[{"Node Type":"Append","Parent Relationship":"Outer","Parallel Aware":false,"Async Capable":false,"Startup Cost":20.0,"Total Cost":219.01,"Plan Rows":10001,"Plan Width":8,"Actual Startup Time":0.088,"Actual Total Time":0.803,"Actual Rows":3506,"Actual Loops":1,"Shared Hit Blocks":0,"Shared Read Blocks":0,"Shared Dirtied Blocks":0,"Shared Written Blocks":0,"Local Hit Blocks":0,"Local Read Blocks":0,"Local Dirtied Blocks":0,"Local Written Blocks":0,"Temp Read Blocks":0,"Temp Written Blocks":0,"I/O Read Time":0.0,"I/O Write Time":0.0,"Temp I/O Read Time":0.0,"Temp I/O Write Time":0.0,"Subplans Removed":0,"Plans":[{"Node Type":"Custom Scan","Parent Relationship":"Member","Custom Plan Provider":"columnar scan","Parallel Aware":false,"Async Capable":false,"Relation Name":"supplier","Schema":"public","Alias":"supplier_1","Startup Cost":20.0,"Total Cost":215.0,"Plan Rows":10000,"Plan Width":8,"Actual Startup Time":0.087,"Actual Total Time":0.556,"Actual Rows":3506,"Actual Loops":1,"Output":["supplier_1.su_suppkey","supplier_1.su_nationkey"],"Rows Removed by Columnar Filter":6494,"Rows Filtered by Bloom Filter":0,"Dictionary Rows Filtered by Bloom Filter":6494,"Columnar cache search mode":"native","Shared Hit Blocks":0,"Shared Read Blocks":0,"Shared Dirtied Blocks":0,"Shared Written Blocks":0,"Local Hit Blocks":0,"Local Read Blocks":0,"Local Dirtied Blocks":0,"Local Written Blocks":0,"Temp Read Blocks":0,"Temp Written Blocks":0,"I/O Read Time":0.0,"I/O Write Time":0.0,"Temp I/O Read Time":0.0,"Temp I/O Write Time":0.0},{"Node Type":"Seq Scan","Parent Relationship":"Member","Parallel Aware":false,"Async Capable":false,"Relation Name":"supplier","Schema":"public","Alias":"supplier_1","Startup Cost":0.0,"Total Cost":4.01,"Plan Rows":1,"Plan Width":8,"Actual Startup Time":0.0,"Actual Total Time":0.0,"Actual Rows":0,"Actual Loops":0,"Output":["supplier_1.su_suppkey","supplier_1.su_nationkey"],"Shared Hit Blocks":0,"Shared Read Blocks":0,"Shared Dirtied Blocks":0,"Shared Written Blocks":0,"Local Hit Blocks":0,"Local Read Blocks":0,"Local Dirtied Blocks":0,"Local Written Blocks":0,"Temp Read Blocks":0,"Temp Written Blocks":0,"I/O Read Time":0.0,"I/O Write Time":0.0,"Temp I/O Read Time":0.0,"Temp I/O Write Time":0.0}]},{"Node Type":"Hash","Parent Relationship":"Inner","Parallel Aware":false,"Async Capable":false,"Startup Cost":2.99,"Total Cost":2.99,"Plan Rows":12,"Plan Width":4,"Actual Startup Time":0.036,"Actual Total Time":0.043,"Actual Rows":22,"Actual Loops":1,"Output":["nation_1.n_nationkey"],"Hash Buckets":1024,"Original Hash Buckets":1024,"Hash Batches":1,"Original Hash Batches":1,"Peak Memory Usage":9,"Shared Hit Blocks":2,"Shared Read Blocks":0,"Shared Dirtied Blocks":0,"Shared Written Blocks":0,"Local Hit Blocks":0,"Local Read Blocks":0,"Local Dirtied Blocks":0,"Local Written Blocks":0,"Temp Read Blocks":0,"Temp Written Blocks":0,"I/O Read Time":0.0,"I/O Write Time":0.0,"Temp I/O Read Time":0.0,"Temp I/O Write Time":0.0,"Plans":[{"Node Type":"Hash Join","Parent Relationship":"Outer","Parallel Aware":false,"Async Capable":false,"Join Type":"Inner","Startup Cost":1.07,"Total Cost":2.99,"Plan Rows":12,"Plan Width":4,"Actual Startup Time":0.017,"Actual Total Time":0.035,"Actual Rows":22,"Actual Loops":1,"Output":["nation_1.n_nationkey"],"Inner Unique":true,"Hash Cond":"(nation_1.n_regionkey = region_1.r_regionkey)","Shared Hit Blocks":2,"Shared Read Blocks":0,"Shared Dirtied Blocks":0,"Shared Written Blocks":0,"Local Hit Blocks":0,"Local Read Blocks":0,"Local Dirtied Blocks":0,"Local Written Blocks":0,"Temp Read Blocks":0,"Temp Written Blocks":0,"I/O Read Time":0.0,"I/O Write Time":0.0,"Temp I/O Read Time":0.0,"Temp I/O Write Time":0.0,"Plans":[{"Node Type":"Seq Scan","Parent Relationship":"Outer","Parallel Aware":false,"Async Capable":false,"Relation Name":"nation","Schema":"public","Alias":"nation_1","Startup Cost":0.0,"Total Cost":1.62,"Plan Rows":62,"Plan Width":8,"Actual Startup Time":0.005,"Actual Total Time":0.009,"Actual Rows":62,"Actual Loops":1,"Output":["nation_1.n_nationkey","nation_1.n_name","nation_1.n_regionkey","nation_1.n_comment"],"Shared Hit Blocks":1,"Shared Read Blocks":0,"Shared Dirtied Blocks":0,"Shared Written Blocks":0,"Local Hit Blocks":0,"Local Read Blocks":0,"Local Dirtied Blocks":0,"Local Written Blocks":0,"Temp Read Blocks":0,"Temp Written Blocks":0,"I/O Read Time":0.0,"I/O Write Time":0.0,"Temp I/O Read Time":0.0,"Temp I/O Write Time":0.0},{"Node Type":"Hash","Parent Relationship":"Inner","Parallel Aware":false,"Async Capable":false,"Startup Cost":1.06,"Total Cost":1.06,"Plan Rows":1,"Plan Width":4,"Actual Startup Time":0.006,"Actual Total Time":0.01,"Actual Rows":1,"Actual Loops":1,"Output":["region_1.r_regionkey"],"Hash Buckets":1024,"Original Hash Buckets":1024,"Hash Batches":1,"Original Hash Batches":1,"Peak Memory Usage":9,"Shared Hit Blocks":1,"Shared Read Blocks":0,"Shared Dirtied Blocks":0,"Shared Written Blocks":0,"Local Hit Blocks":0,"Local Read Blocks":0,"Local Dirtied Blocks":0,"Local Written Blocks":0,"Temp Read Blocks":0,"Temp Written Blocks":0,"I/O Read Time":0.0,"I/O Write Time":0.0,"Temp I/O Read Time":0.0,"Temp I/O Write Time":0.0,"Plans":[{"Node Type":"Seq Scan","Parent Relationship":"Outer","Parallel Aware":false,"Async Capable":false,"Relation Name":"region","Schema":"public","Alias":"region_1","Startup Cost":0.0,"Total Cost":1.06,"Plan Rows":1,"Plan Width":4,"Actual Startup Time":0.005,"Actual Total Time":0.006,"Actual Rows":1,"Actual Loops":1,"Output":["region_1.r_regionkey"],"Filter":"((region_1.r_name)::text ~~ 'Europ%'::text)","Rows Removed by Filter":4,"Shared Hit Blocks":1,"Shared Read Blocks":0,"Shared Dirtied Blocks":0,"Shared Written Blocks":0,"Local Hit Blocks":0,"Local Read Blocks":0,"Local Dirtied Blocks":0,"Local Written Blocks":0,"Temp Read Blocks":0,"Temp Written Blocks":0,"I/O Read Time":0.0,"I/O Write Time":0.0,"Temp I/O Read Time":0.0,"Temp I/O Write Time":0.0}]}]}]}]}]}]}]}]}]},{"Node Type":"Index Scan","Parent Relationship":"Inner","Parallel Aware":false,"Async Capable":false,"Scan Direction":"Forward","Index Name":"supplier_pk","Relation Name":"supplier","Schema":"public","Alias":"supplier","Startup Cost":0.29,"Total Cost":3.25,"Plan Rows":1,"Plan Width":131,"Actual Startup Time":0.003,"Actual Total Time":0.003,"Actual Rows":1,"Actual Loops":4450,"Output":["supplier.su_suppkey","supplier.su_name","supplier.su_address","supplier.su_nationkey","supplier.su_phone","supplier.su_acctbal","supplier.su_comment"],"Index Cond":"(supplier.su_suppkey = mod((stock.s_w_id * stock.s_i_id), 10000))","Rows Removed by Index Recheck":0,"Shared Hit Blocks":13350,"Shared Read Blocks":0,"Shared Dirtied Blocks":0,"Shared Written Blocks":0,"Local Hit Blocks":0,"Local Read Blocks":0,"Local Dirtied Blocks":0,"Local Written Blocks":0,"Temp Read Blocks":0,"Temp Written Blocks":0,"I/O Read Time":0.0,"I/O Write Time":0.0,"Temp I/O Read Time":0.0,"Temp I/O Write Time":0.0}]},{"Node Type":"Index Scan","Parent Relationship":"Inner","Parallel Aware":false,"Async Capable":false,"Scan Direction":"Forward","Index Name":"nation_pk","Relation Name":"nation","Schema":"public","Alias":"nation","Startup Cost":0.14,"Total Cost":0.16,"Plan Rows":1,"Plan Width":16,"Actual Startup Time":0.001,"Actual Total Time":0.001,"Actual Rows":1,"Actual Loops":4450,"Output":["nation.n_nationkey","nation.n_name","nation.n_regionkey","nation.n_comment"],"Index Cond":"(nation.n_nationkey = supplier.su_nationkey)","Rows Removed by Index Recheck":0,"Shared Hit Blocks":8900,"Shared Read Blocks":0,"Shared Dirtied Blocks":0,"Shared Written Blocks":0,"Local Hit Blocks":0,"Local Read Blocks":0,"Local Dirtied Blocks":0,"Local Written Blocks":0,"Temp Read Blocks":0,"Temp Written Blocks":0,"I/O Read Time":0.0,"I/O Write Time":0.0,"Temp I/O Read Time":0.0,"Temp I/O Write Time":0.0}]},{"Node Type":"Hash","Parent Relationship":"Inner","Parallel Aware":false,"Async Capable":false,"Startup Cost":1.06,"Total Cost":1.06,"Plan Rows":1,"Plan Width":4,"Actual Startup Time":0.016,"Actual Total Time":0.016,"Actual Rows":1,"Actual Loops":1,"Output":["region.r_regionkey"],"Hash Buckets":1024,"Original Hash Buckets":1024,"Hash Batches":1,"Original Hash Batches":1,"Peak Memory Usage":9,"Shared Hit Blocks":1,"Shared Read Blocks":0,"Shared Dirtied Blocks":0,"Shared Written Blocks":0,"Local Hit Blocks":0,"Local Read Blocks":0,"Local Dirtied Blocks":0,"Local Written Blocks":0,"Temp Read Blocks":0,"Temp Written Blocks":0,"I/O Read Time":0.0,"I/O Write Time":0.0,"Temp I/O Read Time":0.0,"Temp I/O Write Time":0.0,"Plans":[{"Node Type":"Seq Scan","Parent Relationship":"Outer","Parallel Aware":false,"Async Capable":false,"Relation Name":"region","Schema":"public","Alias":"region","Startup Cost":0.0,"Total Cost":1.06,"Plan Rows":1,"Plan Width":4,"Actual Startup Time":0.013,"Actual Total Time":0.013,"Actual Rows":1,"Actual Loops":1,"Output":["region.r_regionkey"],"Filter":"((region.r_name)::text ~~ 'Europ%'::text)","Rows Removed by Filter":4,"Shared Hit Blocks":1,"Shared Read Blocks":0,"Shared Dirtied Blocks":0,"Shared Written Blocks":0,"Local Hit Blocks":0,"Local Read Blocks":0,"Local Dirtied Blocks":0,"Local Written Blocks":0,"Temp Read Blocks":0,"Temp Written Blocks":0,"I/O Read Time":0.0,"I/O Write Time":0.0,"Temp I/O Read Time":0.0,"Temp I/O Write Time":0.0}]}]}]},"Planning":{"Shared Hit Blocks":36,"Shared Read Blocks":0,"Shared Dirtied Blocks":0,"Shared Written Blocks":0,"Local Hit Blocks":0,"Local Read Blocks":0,"Local Dirtied Blocks":0,"Local Written Blocks":0,"Temp Read Blocks":0,"Temp Written Blocks":0,"I/O Read Time":0.0,"I/O Write Time":0.0,"Temp I/O Read Time":0.0,"Temp I/O Write Time":0.0},"Planning Time":0.866,"Triggers":[],"Execution Time":13841.392}]
[列存组合]: nation, region
[{"Plan":{"Node Type":"Sort","Parallel Aware":false,"Async Capable":false,"Startup Cost":2547074.4,"Total Cost":2547074.41,"Plan Rows":2,"Plan Width":164,"Actual Startup Time":13737.428,"Actual Total Time":13737.54,"Actual Rows":2295,"Actual Loops":1,"Output":["supplier.su_suppkey","supplier.su_name","nation.n_name","item.i_id","item.i_name","supplier.su_address","supplier.su_phone","supplier.su_comment"],"Sort Key":["nation.n_name","supplier.su_name","item.i_id"],"Sort Method":"quicksort","Sort Space Used":568,"Sort Space Type":"Memory","Shared Hit Blocks":1690619,"Shared Read Blocks":0,"Shared Dirtied Blocks":0,"Shared Written Blocks":0,"Local Hit Blocks":0,"Local Read Blocks":0,"Local Dirtied Blocks":0,"Local Written Blocks":0,"Temp Read Blocks":8330,"Temp Written Blocks":14781,"I/O Read Time":0.0,"I/O Write Time":0.0,"Temp I/O Read Time":13.962,"Temp I/O Write Time":55.067,"Plans":[{"Node Type":"Hash Join","Parent Relationship":"Outer","Parallel Aware":false,"Async Capable":false,"Join Type":"Inner","Startup Cost":1461133.3,"Total Cost":2547074.39,"Plan Rows":2,"Plan Width":164,"Actual Startup Time":8578.392,"Actual Total Time":13732.141,"Actual Rows":2295,"Actual Loops":1,"Output":["supplier.su_suppkey","supplier.su_name","nation.n_name","item.i_id","item.i_name","supplier.su_address","supplier.su_phone","supplier.su_comment"],"Inner Unique":true,"Hash Cond":"(nation.n_regionkey = region.r_regionkey)","Shared Hit Blocks":1690619,"Shared Read Blocks":0,"Shared Dirtied Blocks":0,"Shared Written Blocks":0,"Local Hit Blocks":0,"Local Read Blocks":0,"Local Dirtied Blocks":0,"Local Written Blocks":0,"Temp Read Blocks":8330,"Temp Written Blocks":14781,"I/O Read Time":0.0,"I/O Write Time":0.0,"Temp I/O Read Time":13.962,"Temp I/O Write Time":55.067,"Plans":[{"Node Type":"Nested Loop","Parent Relationship":"Outer","Parallel Aware":false,"Async Capable":false,"Join Type":"Inner","Startup Cost":1461132.22,"Total Cost":2547073.27,"Plan Rows":10,"Plan Width":168,"Actual Startup Time":8577.859,"Actual Total Time":13730.835,"Actual Rows":4450,"Actual Loops":1,"Output":["item.i_id","item.i_name","supplier.su_suppkey","supplier.su_name","supplier.su_address","supplier.su_phone","supplier.su_comment","nation.n_name","nation.n_regionkey"],"Inner Unique":true,"Shared Hit Blocks":1690618,"Shared Read Blocks":0,"Shared Dirtied Blocks":0,"Shared Written Blocks":0,"Local Hit Blocks":0,"Local Read Blocks":0,"Local Dirtied Blocks":0,"Local Written Blocks":0,"Temp Read Blocks":8330,"Temp Written Blocks":14781,"I/O Read Time":0.0,"I/O Write Time":0.0,"Temp I/O Read Time":13.962,"Temp I/O Write Time":55.067,"Plans":[{"Node Type":"Nested Loop","Parent Relationship":"Outer","Parallel Aware":false,"Async Capable":false,"Join Type":"Inner","Startup Cost":1461132.08,"Total Cost":2547071.68,"Plan Rows":10,"Plan Width":160,"Actual Startup Time":8577.844,"Actual Total Time":13724.346,"Actual Rows":4450,"Actual Loops":1,"Output":["item.i_id","item.i_name","supplier.su_suppkey","supplier.su_name","supplier.su_address","supplier.su_phone","supplier.su_comment","supplier.su_nationkey"],"Inner Unique":true,"Shared Hit Blocks":1681718,"Shared Read Blocks":0,"Shared Dirtied Blocks":0,"Shared Written Blocks":0,"Local Hit Blocks":0,"Local Read Blocks":0,"Local Dirtied Blocks":0,"Local Written Blocks":0,"Temp Read Blocks":8330,"Temp Written Blocks":14781,"I/O Read Time":0.0,"I/O Write Time":0.0,"Temp I/O Read Time":13.962,"Temp I/O Write Time":55.067,"Plans":[{"Node Type":"Hash Join","Parent Relationship":"Outer","Parallel Aware":false,"Async Capable":false,"Join Type":"Inner","Startup Cost":1461131.79,"Total Cost":2547039.19,"Plan Rows":10,"Plan Width":35,"Actual Startup Time":8577.801,"Actual Total Time":13707.506,"Actual Rows":4450,"Actual Loops":1,"Output":["item.i_id","item.i_name","stock.s_i_id","stock.s_w_id"],"Inner Unique":true,"Hash Cond":"((item.i_id = stock_1.s_i_id) AND (stock.s_quantity = (min(stock_1.s_quantity))))","Shared Hit Blocks":1668368,"Shared Read Blocks":0,"Shared Dirtied Blocks":0,"Shared Written Blocks":0,"Local Hit Blocks":0,"Local Read Blocks":0,"Local Dirtied Blocks":0,"Local Written Blocks":0,"Temp Read Blocks":8330,"Temp Written Blocks":14781,"I/O Read Time":0.0,"I/O Write Time":0.0,"Temp I/O Read Time":13.962,"Temp I/O Write Time":55.067,"Plans":[{"Node Type":"Hash Join","Parent Relationship":"Outer","Parallel Aware":false,"Async Capable":false,"Join Type":"Inner","Startup Cost":2615.12,"Total Cost":1088512.03,"Plan Rows":2000,"Plan Width":37,"Actual Startup Time":14.138,"Actual Total Time":5066.283,"Actual Rows":314400,"Actual Loops":1,"Output":["item.i_id","item.i_name","stock.s_i_id","stock.s_w_id","stock.s_quantity"],"Inner Unique":true,"Hash Cond":"(stock.s_i_id = item.i_id)","Shared Hit Blocks":834757,"Shared Read Blocks":0,"Shared Dirtied Blocks":0,"Shared Written Blocks":0,"Local Hit Blocks":0,"Local Read Blocks":0,"Local Dirtied Blocks":0,"Local Written Blocks":0,"Temp Read Blocks":0,"Temp Written Blocks":0,"I/O Read Time":0.0,"I/O Write Time":0.0,"Temp I/O Read Time":0.0,"Temp I/O Write Time":0.0,"Plans":[{"Node Type":"Seq Scan","Parent Relationship":"Outer","Parallel Aware":false,"Async Capable":false,"Relation Name":"stock","Schema":"public","Alias":"stock","Startup Cost":0.0,"Total Cost":1033394.12,"Plan Rows":20000212,"Plan Width":8,"Actual Startup Time":0.005,"Actual Total Time":1721.687,"Actual Rows":20000000,"Actual Loops":1,"Output":["stock.s_i_id","stock.s_w_id","stock.s_quantity","stock.s_dist_01","stock.s_dist_02","stock.s_dist_03","stock.s_dist_04","stock.s_dist_05","stock.s_dist_06","stock.s_dist_07","stock.s_dist_08","stock.s_dist_09","stock.s_dist_10","stock.s_ytd","stock.s_order_cnt","stock.s_remote_cnt","stock.s_data"],"Shared Hit Blocks":833392,"Shared Read Blocks":0,"Shared Dirtied Blocks":0,"Shared Written Blocks":0,"Local Hit Blocks":0,"Local Read Blocks":0,"Local Dirtied Blocks":0,"Local Written Blocks":0,"Temp Read Blocks":0,"Temp Written Blocks":0,"I/O Read Time":0.0,"I/O Write Time":0.0,"Temp I/O Read Time":0.0,"Temp I/O Write Time":0.0},{"Node Type":"Hash","Parent Relationship":"Inner","Parallel Aware":false,"Async Capable":false,"Startup Cost":2615.0,"Total Cost":2615.0,"Plan Rows":10,"Plan Width":29,"Actual Startup Time":14.112,"Actual Total Time":14.113,"Actual Rows":1572,"Actual Loops":1,"Output":["item.i_id","item.i_name"],"Hash Buckets":2048,"Original Hash Buckets":1024,"Hash Batches":1,"Original Hash Batches":1,"Peak Memory Usage":110,"Shared Hit Blocks":1365,"Shared Read Blocks":0,"Shared Dirtied Blocks":0,"Shared Written Blocks":0,"Local Hit Blocks":0,"Local Read Blocks":0,"Local Dirtied Blocks":0,"Local Written Blocks":0,"Temp Read Blocks":0,"Temp Written Blocks":0,"I/O Read Time":0.0,"I/O Write Time":0.0,"Temp I/O Read Time":0.0,"Temp I/O Write Time":0.0,"Plans":[{"Node Type":"Seq Scan","Parent Relationship":"Outer","Parallel Aware":false,"Async Capable":false,"Relation Name":"item","Schema":"public","Alias":"item","Startup Cost":0.0,"Total Cost":2615.0,"Plan Rows":10,"Plan Width":29,"Actual Startup Time":0.013,"Actual Total Time":13.878,"Actual Rows":1572,"Actual Loops":1,"Output":["item.i_id","item.i_name"],"Filter":"((item.i_data)::text ~~ '%b'::text)","Rows Removed by Filter":98428,"Shared Hit Blocks":1365,"Shared Read Blocks":0,"Shared Dirtied Blocks":0,"Shared Written Blocks":0,"Local Hit Blocks":0,"Local Read Blocks":0,"Local Dirtied Blocks":0,"Local Written Blocks":0,"Temp Read Blocks":0,"Temp Written Blocks":0,"I/O Read Time":0.0,"I/O Write Time":0.0,"Temp I/O Read Time":0.0,"Temp I/O Write Time":0.0}]}]},{"Node Type":"Hash","Parent Relationship":"Inner","Parallel Aware":false,"Async Capable":false,"Startup Cost":1457031.19,"Total Cost":1457031.19,"Plan Rows":99032,"Plan Width":6,"Actual Startup Time":8561.551,"Actual Total Time":8561.569,"Actual Rows":100000,"Actual Loops":1,"Output":["stock_1.s_i_id","(min(stock_1.s_quantity))"],"Hash Buckets":131072,"Original Hash Buckets":131072,"Hash Batches":1,"Original Hash Batches":1,"Peak Memory Usage":4735,"Shared Hit Blocks":833611,"Shared Read Blocks":0,"Shared Dirtied Blocks":0,"Shared Written Blocks":0,"Local Hit Blocks":0,"Local Read Blocks":0,"Local Dirtied Blocks":0,"Local Written Blocks":0,"Temp Read Blocks":8330,"Temp Written Blocks":14781,"I/O Read Time":0.0,"I/O Write Time":0.0,"Temp I/O Read Time":13.962,"Temp I/O Write Time":55.067,"Plans":[{"Node Type":"Aggregate","Strategy":"Hashed","Partial Mode":"Simple","Parent Relationship":"Outer","Parallel Aware":false,"Async Capable":false,"Startup Cost":1423800.22,"Total Cost":1456040.87,"Plan Rows":99032,"Plan Width":6,"Actual Startup Time":8225.087,"Actual Total Time":8546.068,"Actual Rows":100000,"Actual Loops":1,"Output":["stock_1.s_i_id","min(stock_1.s_quantity)"],"Group Key":["stock_1.s_i_id"],"Planned Partitions":0,"HashAgg Batches":5,"Peak Memory Usage":8241,"Disk Usage":68504,"Shared Hit Blocks":833611,"Shared Read Blocks":0,"Shared Dirtied Blocks":0,"Shared Written Blocks":0,"Local Hit Blocks":0,"Local Read Blocks":0,"Local Dirtied Blocks":0,"Local Written Blocks":0,"Temp Read Blocks":8330,"Temp Written Blocks":14781,"I/O Read Time":0.0,"I/O Write Time":0.0,"Temp I/O Read Time":13.962,"Temp I/O Write Time":55.067,"Plans":[{"Node Type":"Hash Join","Parent Relationship":"Outer","Parallel Aware":false,"Async Capable":false,"Join Type":"Inner","Startup Cost":401.99,"Total Cost":1198797.86,"Plan Rows":4000042,"Plan Width":6,"Actual Startup Time":2.507,"Actual Total Time":6880.664,"Actual Rows":6959700,"Actual Loops":1,"Output":["stock_1.s_i_id","stock_1.s_quantity"],"Inner Unique":false,"Hash Cond":"(mod((stock_1.s_w_id * stock_1.s_i_id), 10000) = supplier_1.su_suppkey)","Shared Hit Blocks":833611,"Shared Read Blocks":0,"Shared Dirtied Blocks":0,"Shared Written Blocks":0,"Local Hit Blocks":0,"Local Read Blocks":0,"Local Dirtied Blocks":0,"Local Written Blocks":0,"Temp Read Blocks":0,"Temp Written Blocks":0,"I/O Read Time":0.0,"I/O Write Time":0.0,"Temp I/O Read Time":0.0,"Temp I/O Write Time":0.0,"Plans":[{"Node Type":"Seq Scan","Parent Relationship":"Outer","Parallel Aware":false,"Async Capable":false,"Relation Name":"stock","Schema":"public","Alias":"stock_1","Startup Cost":0.0,"Total Cost":1033394.12,"Plan Rows":20000212,"Plan Width":8,"Actual Startup Time":0.005,"Actual Total Time":1912.35,"Actual Rows":20000000,"Actual Loops":1,"Output":["stock_1.s_i_id","stock_1.s_w_id","stock_1.s_quantity","stock_1.s_dist_01","stock_1.s_dist_02","stock_1.s_dist_03","stock_1.s_dist_04","stock_1.s_dist_05","stock_1.s_dist_06","stock_1.s_dist_07","stock_1.s_dist_08","stock_1.s_dist_09","stock_1.s_dist_10","stock_1.s_ytd","stock_1.s_order_cnt","stock_1.s_remote_cnt","stock_1.s_data"],"Shared Hit Blocks":833392,"Shared Read Blocks":0,"Shared Dirtied Blocks":0,"Shared Written Blocks":0,"Local Hit Blocks":0,"Local Read Blocks":0,"Local Dirtied Blocks":0,"Local Written Blocks":0,"Temp Read Blocks":0,"Temp Written Blocks":0,"I/O Read Time":0.0,"I/O Write Time":0.0,"Temp I/O Read Time":0.0,"Temp I/O Write Time":0.0},{"Node Type":"Hash","Parent Relationship":"Inner","Parallel Aware":false,"Async Capable":false,"Startup Cost":376.99,"Total Cost":376.99,"Plan Rows":2000,"Plan Width":4,"Actual Startup Time":2.495,"Actual Total Time":2.507,"Actual Rows":3506,"Actual Loops":1,"Output":["supplier_1.su_suppkey"],"Hash Buckets":4096,"Original Hash Buckets":2048,"Hash Batches":1,"Original Hash Batches":1,"Peak Memory Usage":156,"Shared Hit Blocks":219,"Shared Read Blocks":0,"Shared Dirtied Blocks":0,"Shared Written Blocks":0,"Local Hit Blocks":0,"Local Read Blocks":0,"Local Dirtied Blocks":0,"Local Written Blocks":0,"Temp Read Blocks":0,"Temp Written Blocks":0,"I/O Read Time":0.0,"I/O Write Time":0.0,"Temp I/O Read Time":0.0,"Temp I/O Write Time":0.0,"Plans":[{"Node Type":"Hash Join","Parent Relationship":"Outer","Parallel Aware":false,"Async Capable":false,"Join Type":"Inner","Startup Cost":3.14,"Total Cost":376.99,"Plan Rows":2000,"Plan Width":4,"Actual Startup Time":0.038,"Actual Total Time":2.115,"Actual Rows":3506,"Actual Loops":1,"Output":["supplier_1.su_suppkey"],"Inner Unique":false,"Hash Cond":"(supplier_1.su_nationkey = nation_1.n_nationkey)","Shared Hit Blocks":219,"Shared Read Blocks":0,"Shared Dirtied Blocks":0,"Shared Written Blocks":0,"Local Hit Blocks":0,"Local Read Blocks":0,"Local Dirtied Blocks":0,"Local Written Blocks":0,"Temp Read Blocks":0,"Temp Written Blocks":0,"I/O Read Time":0.0,"I/O Write Time":0.0,"Temp I/O Read Time":0.0,"Temp I/O Write Time":0.0,"Plans":[{"Node Type":"Seq Scan","Parent Relationship":"Outer","Parallel Aware":false,"Async Capable":false,"Relation Name":"supplier","Schema":"public","Alias":"supplier_1","Startup Cost":0.0,"Total Cost":317.0,"Plan Rows":10000,"Plan Width":8,"Actual Startup Time":0.004,"Actual Total Time":0.727,"Actual Rows":10000,"Actual Loops":1,"Output":["supplier_1.su_suppkey","supplier_1.su_name","supplier_1.su_address","supplier_1.su_nationkey","supplier_1.su_phone","supplier_1.su_acctbal","supplier_1.su_comment"],"Shared Hit Blocks":217,"Shared Read Blocks":0,"Shared Dirtied Blocks":0,"Shared Written Blocks":0,"Local Hit Blocks":0,"Local Read Blocks":0,"Local Dirtied Blocks":0,"Local Written Blocks":0,"Temp Read Blocks":0,"Temp Written Blocks":0,"I/O Read Time":0.0,"I/O Write Time":0.0,"Temp I/O Read Time":0.0,"Temp I/O Write Time":0.0},{"Node Type":"Hash","Parent Relationship":"Inner","Parallel Aware":false,"Async Capable":false,"Startup Cost":2.99,"Total Cost":2.99,"Plan Rows":12,"Plan Width":4,"Actual Startup Time":0.028,"Actual Total Time":0.036,"Actual Rows":22,"Actual Loops":1,"Output":["nation_1.n_nationkey"],"Hash Buckets":1024,"Original Hash Buckets":1024,"Hash Batches":1,"Original Hash Batches":1,"Peak Memory Usage":9,"Shared Hit Blocks":2,"Shared Read Blocks":0,"Shared Dirtied Blocks":0,"Shared Written Blocks":0,"Local Hit Blocks":0,"Local Read Blocks":0,"Local Dirtied Blocks":0,"Local Written Blocks":0,"Temp Read Blocks":0,"Temp Written Blocks":0,"I/O Read Time":0.0,"I/O Write Time":0.0,"Temp I/O Read Time":0.0,"Temp I/O Write Time":0.0,"Plans":[{"Node Type":"Hash Join","Parent Relationship":"Outer","Parallel Aware":false,"Async Capable":false,"Join Type":"Inner","Startup Cost":1.07,"Total Cost":2.99,"Plan Rows":12,"Plan Width":4,"Actual Startup Time":0.014,"Actual Total Time":0.031,"Actual Rows":22,"Actual Loops":1,"Output":["nation_1.n_nationkey"],"Inner Unique":true,"Hash Cond":"(nation_1.n_regionkey = region_1.r_regionkey)","Shared Hit Blocks":2,"Shared Read Blocks":0,"Shared Dirtied Blocks":0,"Shared Written Blocks":0,"Local Hit Blocks":0,"Local Read Blocks":0,"Local Dirtied Blocks":0,"Local Written Blocks":0,"Temp Read Blocks":0,"Temp Written Blocks":0,"I/O Read Time":0.0,"I/O Write Time":0.0,"Temp I/O Read Time":0.0,"Temp I/O Write Time":0.0,"Plans":[{"Node Type":"Seq Scan","Parent Relationship":"Outer","Parallel Aware":false,"Async Capable":false,"Relation Name":"nation","Schema":"public","Alias":"nation_1","Startup Cost":0.0,"Total Cost":1.62,"Plan Rows":62,"Plan Width":8,"Actual Startup Time":0.003,"Actual Total Time":0.007,"Actual Rows":62,"Actual Loops":1,"Output":["nation_1.n_nationkey","nation_1.n_name","nation_1.n_regionkey","nation_1.n_comment"],"Shared Hit Blocks":1,"Shared Read Blocks":0,"Shared Dirtied Blocks":0,"Shared Written Blocks":0,"Local Hit Blocks":0,"Local Read Blocks":0,"Local Dirtied Blocks":0,"Local Written Blocks":0,"Temp Read Blocks":0,"Temp Written Blocks":0,"I/O Read Time":0.0,"I/O Write Time":0.0,"Temp I/O Read Time":0.0,"Temp I/O Write Time":0.0},{"Node Type":"Hash","Parent Relationship":"Inner","Parallel Aware":false,"Async Capable":false,"Startup Cost":1.06,"Total Cost":1.06,"Plan Rows":1,"Plan Width":4,"Actual Startup Time":0.005,"Actual Total Time":0.008,"Actual Rows":1,"Actual Loops":1,"Output":["region_1.r_regionkey"],"Hash Buckets":1024,"Original Hash Buckets":1024,"Hash Batches":1,"Original Hash Batches":1,"Peak Memory Usage":9,"Shared Hit Blocks":1,"Shared Read Blocks":0,"Shared Dirtied Blocks":0,"Shared Written Blocks":0,"Local Hit Blocks":0,"Local Read Blocks":0,"Local Dirtied Blocks":0,"Local Written Blocks":0,"Temp Read Blocks":0,"Temp Written Blocks":0,"I/O Read Time":0.0,"I/O Write Time":0.0,"Temp I/O Read Time":0.0,"Temp I/O Write Time":0.0,"Plans":[{"Node Type":"Seq Scan","Parent Relationship":"Outer","Parallel Aware":false,"Async Capable":false,"Relation Name":"region","Schema":"public","Alias":"region_1","Startup Cost":0.0,"Total Cost":1.06,"Plan Rows":1,"Plan Width":4,"Actual Startup Time":0.004,"Actual Total Time":0.004,"Actual Rows":1,"Actual Loops":1,"Output":["region_1.r_regionkey"],"Filter":"((region_1.r_name)::text ~~ 'Europ%'::text)","Rows Removed by Filter":4,"Shared Hit Blocks":1,"Shared Read Blocks":0,"Shared Dirtied Blocks":0,"Shared Written Blocks":0,"Local Hit Blocks":0,"Local Read Blocks":0,"Local Dirtied Blocks":0,"Local Written Blocks":0,"Temp Read Blocks":0,"Temp Written Blocks":0,"I/O Read Time":0.0,"I/O Write Time":0.0,"Temp I/O Read Time":0.0,"Temp I/O Write Time":0.0}]}]}]}]}]}]}]}]}]},{"Node Type":"Index Scan","Parent Relationship":"Inner","Parallel Aware":false,"Async Capable":false,"Scan Direction":"Forward","Index Name":"supplier_pk","Relation Name":"supplier","Schema":"public","Alias":"supplier","Startup Cost":0.29,"Total Cost":3.25,"Plan Rows":1,"Plan Width":131,"Actual Startup Time":0.003,"Actual Total Time":0.003,"Actual Rows":1,"Actual Loops":4450,"Output":["supplier.su_suppkey","supplier.su_name","supplier.su_address","supplier.su_nationkey","supplier.su_phone","supplier.su_acctbal","supplier.su_comment"],"Index Cond":"(supplier.su_suppkey = mod((stock.s_w_id * stock.s_i_id), 10000))","Rows Removed by Index Recheck":0,"Shared Hit Blocks":13350,"Shared Read Blocks":0,"Shared Dirtied Blocks":0,"Shared Written Blocks":0,"Local Hit Blocks":0,"Local Read Blocks":0,"Local Dirtied Blocks":0,"Local Written Blocks":0,"Temp Read Blocks":0,"Temp Written Blocks":0,"I/O Read Time":0.0,"I/O Write Time":0.0,"Temp I/O Read Time":0.0,"Temp I/O Write Time":0.0}]},{"Node Type":"Index Scan","Parent Relationship":"Inner","Parallel Aware":false,"Async Capable":false,"Scan Direction":"Forward","Index Name":"nation_pk","Relation Name":"nation","Schema":"public","Alias":"nation","Startup Cost":0.14,"Total Cost":0.16,"Plan Rows":1,"Plan Width":16,"Actual Startup Time":0.001,"Actual Total Time":0.001,"Actual Rows":1,"Actual Loops":4450,"Output":["nation.n_nationkey","nation.n_name","nation.n_regionkey","nation.n_comment"],"Index Cond":"(nation.n_nationkey = supplier.su_nationkey)","Rows Removed by Index Recheck":0,"Shared Hit Blocks":8900,"Shared Read Blocks":0,"Shared Dirtied Blocks":0,"Shared Written Blocks":0,"Local Hit Blocks":0,"Local Read Blocks":0,"Local Dirtied Blocks":0,"Local Written Blocks":0,"Temp Read Blocks":0,"Temp Written Blocks":0,"I/O Read Time":0.0,"I/O Write Time":0.0,"Temp I/O Read Time":0.0,"Temp I/O Write Time":0.0}]},{"Node Type":"Hash","Parent Relationship":"Inner","Parallel Aware":false,"Async Capable":false,"Startup Cost":1.06,"Total Cost":1.06,"Plan Rows":1,"Plan Width":4,"Actual Startup Time":0.015,"Actual Total Time":0.017,"Actual Rows":1,"Actual Loops":1,"Output":["region.r_regionkey"],"Hash Buckets":1024,"Original Hash Buckets":1024,"Hash Batches":1,"Original Hash Batches":1,"Peak Memory Usage":9,"Shared Hit Blocks":1,"Shared Read Blocks":0,"Shared Dirtied Blocks":0,"Shared Written Blocks":0,"Local Hit Blocks":0,"Local Read Blocks":0,"Local Dirtied Blocks":0,"Local Written Blocks":0,"Temp Read Blocks":0,"Temp Written Blocks":0,"I/O Read Time":0.0,"I/O Write Time":0.0,"Temp I/O Read Time":0.0,"Temp I/O Write Time":0.0,"Plans":[{"Node Type":"Seq Scan","Parent Relationship":"Outer","Parallel Aware":false,"Async Capable":false,"Relation Name":"region","Schema":"public","Alias":"region","Startup Cost":0.0,"Total Cost":1.06,"Plan Rows":1,"Plan Width":4,"Actual Startup Time":0.012,"Actual Total Time":0.013,"Actual Rows":1,"Actual Loops":1,"Output":["region.r_regionkey"],"Filter":"((region.r_name)::text ~~ 'Europ%'::text)","Rows Removed by Filter":4,"Shared Hit Blocks":1,"Shared Read Blocks":0,"Shared Dirtied Blocks":0,"Shared Written Blocks":0,"Local Hit Blocks":0,"Local Read Blocks":0,"Local Dirtied Blocks":0,"Local Written Blocks":0,"Temp Read Blocks":0,"Temp Written Blocks":0,"I/O Read Time":0.0,"I/O Write Time":0.0,"Temp I/O Read Time":0.0,"Temp I/O Write Time":0.0}]}]}]},"Planning":{"Shared Hit Blocks":36,"Shared Read Blocks":0,"Shared Dirtied Blocks":0,"Shared Written Blocks":0,"Local Hit Blocks":0,"Local Read Blocks":0,"Local Dirtied Blocks":0,"Local Written Blocks":0,"Temp Read Blocks":0,"Temp Written Blocks":0,"I/O Read Time":0.0,"I/O Write Time":0.0,"Temp I/O Read Time":0.0,"Temp I/O Write Time":0.0},"Planning Time":0.884,"Triggers":[],"Execution Time":13750.7}]
[列存组合]: nation, stock
[{"Plan":{"Node Type":"Sort","Parallel Aware":false,"Async Capable":false,"Startup Cost":1923443.88,"Total Cost":1923443.88,"Plan Rows":2,"Plan Width":164,"Actual Startup Time":9542.937,"Actual Total Time":9543.048,"Actual Rows":2295,"Actual Loops":1,"Output":["supplier.su_suppkey","supplier.su_name","nation.n_name","item.i_id","item.i_name","supplier.su_address","supplier.su_phone","supplier.su_comment"],"Sort Key":["nation.n_name","supplier.su_name","item.i_id"],"Sort Method":"quicksort","Sort Space Used":568,"Sort Space Type":"Memory","Shared Hit Blocks":23835,"Shared Read Blocks":0,"Shared Dirtied Blocks":0,"Shared Written Blocks":0,"Local Hit Blocks":0,"Local Read Blocks":0,"Local Dirtied Blocks":0,"Local Written Blocks":0,"Temp Read Blocks":8330,"Temp Written Blocks":14781,"I/O Read Time":0.0,"I/O Write Time":0.0,"Temp I/O Read Time":13.135,"Temp I/O Write Time":50.29,"Plans":[{"Node Type":"Hash Join","Parent Relationship":"Outer","Parallel Aware":false,"Async Capable":false,"Join Type":"Inner","Startup Cost":857785.4,"Total Cost":1923443.87,"Plan Rows":2,"Plan Width":164,"Actual Startup Time":8694.791,"Actual Total Time":9538.62,"Actual Rows":2295,"Actual Loops":1,"Output":["supplier.su_suppkey","supplier.su_name","nation.n_name","item.i_id","item.i_name","supplier.su_address","supplier.su_phone","supplier.su_comment"],"Inner Unique":true,"Hash Cond":"(nation.n_regionkey = region.r_regionkey)","Shared Hit Blocks":23835,"Shared Read Blocks":0,"Shared Dirtied Blocks":0,"Shared Written Blocks":0,"Local Hit Blocks":0,"Local Read Blocks":0,"Local Dirtied Blocks":0,"Local Written Blocks":0,"Temp Read Blocks":8330,"Temp Written Blocks":14781,"I/O Read Time":0.0,"I/O Write Time":0.0,"Temp I/O Read Time":13.135,"Temp I/O Write Time":50.29,"Plans":[{"Node Type":"Nested Loop","Parent Relationship":"Outer","Parallel Aware":false,"Async Capable":false,"Join Type":"Inner","Startup Cost":857784.32,"Total Cost":1923442.74,"Plan Rows":10,"Plan Width":168,"Actual Startup Time":8694.724,"Actual Total Time":9537.71,"Actual Rows":4450,"Actual Loops":1,"Output":["item.i_id","item.i_name","supplier.su_suppkey","supplier.su_name","supplier.su_address","supplier.su_phone","supplier.su_comment","nation.n_name","nation.n_regionkey"],"Inner Unique":true,"Shared Hit Blocks":23834,"Shared Read Blocks":0,"Shared Dirtied Blocks":0,"Shared Written Blocks":0,"Local Hit Blocks":0,"Local Read Blocks":0,"Local Dirtied Blocks":0,"Local Written Blocks":0,"Temp Read Blocks":8330,"Temp Written Blocks":14781,"I/O Read Time":0.0,"I/O Write Time":0.0,"Temp I/O Read Time":13.135,"Temp I/O Write Time":50.29,"Plans":[{"Node Type":"Nested Loop","Parent Relationship":"Outer","Parallel Aware":false,"Async Capable":false,"Join Type":"Inner","Startup Cost":857784.18,"Total Cost":1923441.15,"Plan Rows":10,"Plan Width":160,"Actual Startup Time":8694.706,"Actual Total Time":9532.439,"Actual Rows":4450,"Actual Loops":1,"Output":["item.i_id","item.i_name","supplier.su_suppkey","supplier.su_name","supplier.su_address","supplier.su_phone","supplier.su_comment","supplier.su_nationkey"],"Inner Unique":true,"Shared Hit Blocks":14934,"Shared Read Blocks":0,"Shared Dirtied Blocks":0,"Shared Written Blocks":0,"Local Hit Blocks":0,"Local Read Blocks":0,"Local Dirtied Blocks":0,"Local Written Blocks":0,"Temp Read Blocks":8330,"Temp Written Blocks":14781,"I/O Read Time":0.0,"I/O Write Time":0.0,"Temp I/O Read Time":13.135,"Temp I/O Write Time":50.29,"Plans":[{"Node Type":"Hash Join","Parent Relationship":"Outer","Parallel Aware":false,"Async Capable":false,"Join Type":"Inner","Startup Cost":857783.89,"Total Cost":1923408.67,"Plan Rows":10,"Plan Width":35,"Actual Startup Time":8694.652,"Actual Total Time":9520.679,"Actual Rows":4450,"Actual Loops":1,"Output":["item.i_id","item.i_name","stock.s_i_id","stock.s_w_id"],"Inner Unique":true,"Hash Cond":"((item.i_id = stock_1.s_i_id) AND (stock.s_quantity = (min(stock_1.s_quantity))))","Shared Hit Blocks":1584,"Shared Read Blocks":0,"Shared Dirtied Blocks":0,"Shared Written Blocks":0,"Local Hit Blocks":0,"Local Read Blocks":0,"Local Dirtied Blocks":0,"Local Written Blocks":0,"Temp Read Blocks":8330,"Temp Written Blocks":14781,"I/O Read Time":0.0,"I/O Write Time":0.0,"Temp I/O Read Time":13.135,"Temp I/O Write Time":50.29,"Plans":[{"Node Type":"Hash Join","Parent Relationship":"Outer","Parallel Aware":false,"Async Capable":false,"Join Type":"Inner","Startup Cost":2635.12,"Total Cost":1068249.4,"Plan Rows":2000,"Plan Width":37,"Actual Startup Time":16.911,"Actual Total Time":794.338,"Actual Rows":314400,"Actual Loops":1,"Output":["item.i_id","item.i_name","stock.s_i_id","stock.s_w_id","stock.s_quantity"],"Inner Unique":true,"Hash Cond":"(stock.s_i_id = item.i_id)","Shared Hit Blocks":1365,"Shared Read Blocks":0,"Shared Dirtied Blocks":0,"Shared Written Blocks":0,"Local Hit Blocks":0,"Local Read Blocks":0,"Local Dirtied Blocks":0,"Local Written Blocks":0,"Temp Read Blocks":0,"Temp Written Blocks":0,"I/O Read Time":0.0,"I/O Write Time":0.0,"Temp I/O Read Time":0.0,"Temp I/O Write Time":0.0,"Plans":[{"Node Type":"Append","Parent Relationship":"Outer","Parallel Aware":false,"Async Capable":false,"Startup Cost":20.0,"Total Cost":1013131.49,"Plan Rows":20000212,"Plan Width":8,"Actual Startup Time":1.595,"Actual Total Time":719.862,"Actual Rows":314400,"Actual Loops":1,"Shared Hit Blocks":0,"Shared Read Blocks":0,"Shared Dirtied Blocks":0,"Shared Written Blocks":0,"Local Hit Blocks":0,"Local Read Blocks":0,"Local Dirtied Blocks":0,"Local Written Blocks":0,"Temp Read Blocks":0,"Temp Written Blocks":0,"I/O Read Time":0.0,"I/O Write Time":0.0,"Temp I/O Read Time":0.0,"Temp I/O Write Time":0.0,"Subplans Removed":0,"Plans":[{"Node Type":"Custom Scan","Parent Relationship":"Member","Custom Plan Provider":"columnar scan","Parallel Aware":false,"Async Capable":false,"Relation Name":"stock","Schema":"public","Alias":"stock","Startup Cost":20.0,"Total Cost":430020.1,"Plan Rows":20000000,"Plan Width":8,"Actual Startup Time":1.594,"Actual Total Time":698.002,"Actual Rows":314400,"Actual Loops":1,"Output":["stock.s_i_id","stock.s_w_id","stock.s_quantity"],"Rows Removed by Columnar Filter":19685600,"Rows Filtered by Bloom Filter":0,"Dictionary Rows Filtered by Bloom Filter":19685600,"Columnar cache search mode":"native","Shared Hit Blocks":0,"Shared Read Blocks":0,"Shared Dirtied Blocks":0,"Shared Written Blocks":0,"Local Hit Blocks":0,"Local Read Blocks":0,"Local Dirtied Blocks":0,"Local Written Blocks":0,"Temp Read Blocks":0,"Temp Written Blocks":0,"I/O Read Time":0.0,"I/O Write Time":0.0,"Temp I/O Read Time":0.0,"Temp I/O Write Time":0.0},{"Node Type":"Seq Scan","Parent Relationship":"Member","Parallel Aware":false,"Async Capable":false,"Relation Name":"stock","Schema":"public","Alias":"stock","Startup Cost":0.0,"Total Cost":6.12,"Plan Rows":212,"Plan Width":8,"Actual Startup Time":0.0,"Actual Total Time":0.0,"Actual Rows":0,"Actual Loops":0,"Output":["stock.s_i_id","stock.s_w_id","stock.s_quantity"],"Shared Hit Blocks":0,"Shared Read Blocks":0,"Shared Dirtied Blocks":0,"Shared Written Blocks":0,"Local Hit Blocks":0,"Local Read Blocks":0,"Local Dirtied Blocks":0,"Local Written Blocks":0,"Temp Read Blocks":0,"Temp Written Blocks":0,"I/O Read Time":0.0,"I/O Write Time":0.0,"Temp I/O Read Time":0.0,"Temp I/O Write Time":0.0}]},{"Node Type":"Hash","Parent Relationship":"Inner","Parallel Aware":false,"Async Capable":false,"Startup Cost":2615.0,"Total Cost":2615.0,"Plan Rows":10,"Plan Width":29,"Actual Startup Time":15.003,"Actual Total Time":15.005,"Actual Rows":1572,"Actual Loops":1,"Output":["item.i_id","item.i_name"],"Hash Buckets":2048,"Original Hash Buckets":1024,"Hash Batches":1,"Original Hash Batches":1,"Peak Memory Usage":110,"Shared Hit Blocks":1365,"Shared Read Blocks":0,"Shared Dirtied Blocks":0,"Shared Written Blocks":0,"Local Hit Blocks":0,"Local Read Blocks":0,"Local Dirtied Blocks":0,"Local Written Blocks":0,"Temp Read Blocks":0,"Temp Written Blocks":0,"I/O Read Time":0.0,"I/O Write Time":0.0,"Temp I/O Read Time":0.0,"Temp I/O Write Time":0.0,"Plans":[{"Node Type":"Seq Scan","Parent Relationship":"Outer","Parallel Aware":false,"Async Capable":false,"Relation Name":"item","Schema":"public","Alias":"item","Startup Cost":0.0,"Total Cost":2615.0,"Plan Rows":10,"Plan Width":29,"Actual Startup Time":0.014,"Actual Total Time":14.487,"Actual Rows":1572,"Actual Loops":1,"Output":["item.i_id","item.i_name"],"Filter":"((item.i_data)::text ~~ '%b'::text)","Rows Removed by Filter":98428,"Shared Hit Blocks":1365,"Shared Read Blocks":0,"Shared Dirtied Blocks":0,"Shared Written Blocks":0,"Local Hit Blocks":0,"Local Read Blocks":0,"Local Dirtied Blocks":0,"Local Written Blocks":0,"Temp Read Blocks":0,"Temp Written Blocks":0,"I/O Read Time":0.0,"I/O Write Time":0.0,"Temp I/O Read Time":0.0,"Temp I/O Write Time":0.0}]}]},{"Node Type":"Hash","Parent Relationship":"Inner","Parallel Aware":false,"Async Capable":false,"Startup Cost":853663.29,"Total Cost":853663.29,"Plan Rows":99032,"Plan Width":6,"Actual Startup Time":8677.524,"Actual Total Time":8677.533,"Actual Rows":100000,"Actual Loops":1,"Output":["stock_1.s_i_id","(min(stock_1.s_quantity))"],"Hash Buckets":131072,"Original Hash Buckets":131072,"Hash Batches":1,"Original Hash Batches":1,"Peak Memory Usage":4735,"Shared Hit Blocks":219,"Shared Read Blocks":0,"Shared Dirtied Blocks":0,"Shared Written Blocks":0,"Local Hit Blocks":0,"Local Read Blocks":0,"Local Dirtied Blocks":0,"Local Written Blocks":0,"Temp Read Blocks":8330,"Temp Written Blocks":14781,"I/O Read Time":0.0,"I/O Write Time":0.0,"Temp I/O Read Time":13.135,"Temp I/O Write Time":50.29,"Plans":[{"Node Type":"Aggregate","Strategy":"Hashed","Partial Mode":"Simple","Parent Relationship":"Outer","Parallel Aware":false,"Async Capable":false,"Startup Cost":820432.32,"Total Cost":852672.97,"Plan Rows":99032,"Plan Width":6,"Actual Startup Time":8339.364,"Actual Total Time":8661.697,"Actual Rows":100000,"Actual Loops":1,"Output":["stock_1.s_i_id","min(stock_1.s_quantity)"],"Group Key":["stock_1.s_i_id"],"Planned Partitions":0,"HashAgg Batches":5,"Peak Memory Usage":8241,"Disk Usage":68504,"Shared Hit Blocks":219,"Shared Read Blocks":0,"Shared Dirtied Blocks":0,"Shared Written Blocks":0,"Local Hit Blocks":0,"Local Read Blocks":0,"Local Dirtied Blocks":0,"Local Written Blocks":0,"Temp Read Blocks":8330,"Temp Written Blocks":14781,"I/O Read Time":0.0,"I/O Write Time":0.0,"Temp I/O Read Time":13.135,"Temp I/O Write Time":50.29,"Plans":[{"Node Type":"Hash Join","Parent Relationship":"Outer","Parallel Aware":false,"Async Capable":false,"Join Type":"Inner","Startup Cost":421.99,"Total Cost":595429.96,"Plan Rows":4000042,"Plan Width":6,"Actual Startup Time":2.87,"Actual Total Time":7040.878,"Actual Rows":6959700,"Actual Loops":1,"Output":["stock_1.s_i_id","stock_1.s_quantity"],"Inner Unique":false,"Hash Cond":"(mod((stock_1.s_w_id * stock_1.s_i_id), 10000) = supplier_1.su_suppkey)","Shared Hit Blocks":219,"Shared Read Blocks":0,"Shared Dirtied Blocks":0,"Shared Written Blocks":0,"Local Hit Blocks":0,"Local Read Blocks":0,"Local Dirtied Blocks":0,"Local Written Blocks":0,"Temp Read Blocks":0,"Temp Written Blocks":0,"I/O Read Time":0.0,"I/O Write Time":0.0,"Temp I/O Read Time":0.0,"Temp I/O Write Time":0.0,"Plans":[{"Node Type":"Append","Parent Relationship":"Outer","Parallel Aware":false,"Async Capable":false,"Startup Cost":20.0,"Total Cost":430026.22,"Plan Rows":20000212,"Plan Width":8,"Actual Startup Time":0.007,"Actual Total Time":4151.797,"Actual Rows":20000000,"Actual Loops":1,"Shared Hit Blocks":0,"Shared Read Blocks":0,"Shared Dirtied Blocks":0,"Shared Written Blocks":0,"Local Hit Blocks":0,"Local Read Blocks":0,"Local Dirtied Blocks":0,"Local Written Blocks":0,"Temp Read Blocks":0,"Temp Written Blocks":0,"I/O Read Time":0.0,"I/O Write Time":0.0,"Temp I/O Read Time":0.0,"Temp I/O Write Time":0.0,"Subplans Removed":0,"Plans":[{"Node Type":"Custom Scan","Parent Relationship":"Member","Custom Plan Provider":"columnar scan","Parallel Aware":false,"Async Capable":false,"Relation Name":"stock","Schema":"public","Alias":"stock_1","Startup Cost":20.0,"Total Cost":430020.1,"Plan Rows":20000000,"Plan Width":8,"Actual Startup Time":0.007,"Actual Total Time":2762.037,"Actual Rows":20000000,"Actual Loops":1,"Output":["stock_1.s_i_id","stock_1.s_quantity","stock_1.s_w_id"],"Rows Removed by Columnar Filter":0,"Columnar cache search mode":"native","Shared Hit Blocks":0,"Shared Read Blocks":0,"Shared Dirtied Blocks":0,"Shared Written Blocks":0,"Local Hit Blocks":0,"Local Read Blocks":0,"Local Dirtied Blocks":0,"Local Written Blocks":0,"Temp Read Blocks":0,"Temp Written Blocks":0,"I/O Read Time":0.0,"I/O Write Time":0.0,"Temp I/O Read Time":0.0,"Temp I/O Write Time":0.0},{"Node Type":"Seq Scan","Parent Relationship":"Member","Parallel Aware":false,"Async Capable":false,"Relation Name":"stock","Schema":"public","Alias":"stock_1","Startup Cost":0.0,"Total Cost":6.12,"Plan Rows":212,"Plan Width":8,"Actual Startup Time":0.0,"Actual Total Time":0.0,"Actual Rows":0,"Actual Loops":0,"Output":["stock_1.s_i_id","stock_1.s_quantity","stock_1.s_w_id"],"Shared Hit Blocks":0,"Shared Read Blocks":0,"Shared Dirtied Blocks":0,"Shared Written Blocks":0,"Local Hit Blocks":0,"Local Read Blocks":0,"Local Dirtied Blocks":0,"Local Written Blocks":0,"Temp Read Blocks":0,"Temp Written Blocks":0,"I/O Read Time":0.0,"I/O Write Time":0.0,"Temp I/O Read Time":0.0,"Temp I/O Write Time":0.0}]},{"Node Type":"Hash","Parent Relationship":"Inner","Parallel Aware":false,"Async Capable":false,"Startup Cost":376.99,"Total Cost":376.99,"Plan Rows":2000,"Plan Width":4,"Actual Startup Time":2.85,"Actual Total Time":2.857,"Actual Rows":3506,"Actual Loops":1,"Output":["supplier_1.su_suppkey"],"Hash Buckets":4096,"Original Hash Buckets":2048,"Hash Batches":1,"Original Hash Batches":1,"Peak Memory Usage":156,"Shared Hit Blocks":219,"Shared Read Blocks":0,"Shared Dirtied Blocks":0,"Shared Written Blocks":0,"Local Hit Blocks":0,"Local Read Blocks":0,"Local Dirtied Blocks":0,"Local Written Blocks":0,"Temp Read Blocks":0,"Temp Written Blocks":0,"I/O Read Time":0.0,"I/O Write Time":0.0,"Temp I/O Read Time":0.0,"Temp I/O Write Time":0.0,"Plans":[{"Node Type":"Hash Join","Parent Relationship":"Outer","Parallel Aware":false,"Async Capable":false,"Join Type":"Inner","Startup Cost":3.14,"Total Cost":376.99,"Plan Rows":2000,"Plan Width":4,"Actual Startup Time":0.063,"Actual Total Time":2.381,"Actual Rows":3506,"Actual Loops":1,"Output":["supplier_1.su_suppkey"],"Inner Unique":false,"Hash Cond":"(supplier_1.su_nationkey = nation_1.n_nationkey)","Shared Hit Blocks":219,"Shared Read Blocks":0,"Shared Dirtied Blocks":0,"Shared Written Blocks":0,"Local Hit Blocks":0,"Local Read Blocks":0,"Local Dirtied Blocks":0,"Local Written Blocks":0,"Temp Read Blocks":0,"Temp Written Blocks":0,"I/O Read Time":0.0,"I/O Write Time":0.0,"Temp I/O Read Time":0.0,"Temp I/O Write Time":0.0,"Plans":[{"Node Type":"Seq Scan","Parent Relationship":"Outer","Parallel Aware":false,"Async Capable":false,"Relation Name":"supplier","Schema":"public","Alias":"supplier_1","Startup Cost":0.0,"Total Cost":317.0,"Plan Rows":10000,"Plan Width":8,"Actual Startup Time":0.006,"Actual Total Time":0.852,"Actual Rows":10000,"Actual Loops":1,"Output":["supplier_1.su_suppkey","supplier_1.su_name","supplier_1.su_address","supplier_1.su_nationkey","supplier_1.su_phone","supplier_1.su_acctbal","supplier_1.su_comment"],"Shared Hit Blocks":217,"Shared Read Blocks":0,"Shared Dirtied Blocks":0,"Shared Written Blocks":0,"Local Hit Blocks":0,"Local Read Blocks":0,"Local Dirtied Blocks":0,"Local Written Blocks":0,"Temp Read Blocks":0,"Temp Written Blocks":0,"I/O Read Time":0.0,"I/O Write Time":0.0,"Temp I/O Read Time":0.0,"Temp I/O Write Time":0.0},{"Node Type":"Hash","Parent Relationship":"Inner","Parallel Aware":false,"Async Capable":false,"Startup Cost":2.99,"Total Cost":2.99,"Plan Rows":12,"Plan Width":4,"Actual Startup Time":0.05,"Actual Total Time":0.053,"Actual Rows":22,"Actual Loops":1,"Output":["nation_1.n_nationkey"],"Hash Buckets":1024,"Original Hash Buckets":1024,"Hash Batches":1,"Original Hash Batches":1,"Peak Memory Usage":9,"Shared Hit Blocks":2,"Shared Read Blocks":0,"Shared Dirtied Blocks":0,"Shared Written Blocks":0,"Local Hit Blocks":0,"Local Read Blocks":0,"Local Dirtied Blocks":0,"Local Written Blocks":0,"Temp Read Blocks":0,"Temp Written Blocks":0,"I/O Read Time":0.0,"I/O Write Time":0.0,"Temp I/O Read Time":0.0,"Temp I/O Write Time":0.0,"Plans":[{"Node Type":"Hash Join","Parent Relationship":"Outer","Parallel Aware":false,"Async Capable":false,"Join Type":"Inner","Startup Cost":1.07,"Total Cost":2.99,"Plan Rows":12,"Plan Width":4,"Actual Startup Time":0.033,"Actual Total Time":0.049,"Actual Rows":22,"Actual Loops":1,"Output":["nation_1.n_nationkey"],"Inner Unique":true,"Hash Cond":"(nation_1.n_regionkey = region_1.r_regionkey)","Shared Hit Blocks":2,"Shared Read Blocks":0,"Shared Dirtied Blocks":0,"Shared Written Blocks":0,"Local Hit Blocks":0,"Local Read Blocks":0,"Local Dirtied Blocks":0,"Local Written Blocks":0,"Temp Read Blocks":0,"Temp Written Blocks":0,"I/O Read Time":0.0,"I/O Write Time":0.0,"Temp I/O Read Time":0.0,"Temp I/O Write Time":0.0,"Plans":[{"Node Type":"Seq Scan","Parent Relationship":"Outer","Parallel Aware":false,"Async Capable":false,"Relation Name":"nation","Schema":"public","Alias":"nation_1","Startup Cost":0.0,"Total Cost":1.62,"Plan Rows":62,"Plan Width":8,"Actual Startup Time":0.004,"Actual Total Time":0.007,"Actual Rows":62,"Actual Loops":1,"Output":["nation_1.n_nationkey","nation_1.n_name","nation_1.n_regionkey","nation_1.n_comment"],"Shared Hit Blocks":1,"Shared Read Blocks":0,"Shared Dirtied Blocks":0,"Shared Written Blocks":0,"Local Hit Blocks":0,"Local Read Blocks":0,"Local Dirtied Blocks":0,"Local Written Blocks":0,"Temp Read Blocks":0,"Temp Written Blocks":0,"I/O Read Time":0.0,"I/O Write Time":0.0,"Temp I/O Read Time":0.0,"Temp I/O Write Time":0.0},{"Node Type":"Hash","Parent Relationship":"Inner","Parallel Aware":false,"Async Capable":false,"Startup Cost":1.06,"Total Cost":1.06,"Plan Rows":1,"Plan Width":4,"Actual Startup Time":0.007,"Actual Total Time":0.008,"Actual Rows":1,"Actual Loops":1,"Output":["region_1.r_regionkey"],"Hash Buckets":1024,"Original Hash Buckets":1024,"Hash Batches":1,"Original Hash Batches":1,"Peak Memory Usage":9,"Shared Hit Blocks":1,"Shared Read Blocks":0,"Shared Dirtied Blocks":0,"Shared Written Blocks":0,"Local Hit Blocks":0,"Local Read Blocks":0,"Local Dirtied Blocks":0,"Local Written Blocks":0,"Temp Read Blocks":0,"Temp Written Blocks":0,"I/O Read Time":0.0,"I/O Write Time":0.0,"Temp I/O Read Time":0.0,"Temp I/O Write Time":0.0,"Plans":[{"Node Type":"Seq Scan","Parent Relationship":"Outer","Parallel Aware":false,"Async Capable":false,"Relation Name":"region","Schema":"public","Alias":"region_1","Startup Cost":0.0,"Total Cost":1.06,"Plan Rows":1,"Plan Width":4,"Actual Startup Time":0.004,"Actual Total Time":0.005,"Actual Rows":1,"Actual Loops":1,"Output":["region_1.r_regionkey"],"Filter":"((region_1.r_name)::text ~~ 'Europ%'::text)","Rows Removed by Filter":4,"Shared Hit Blocks":1,"Shared Read Blocks":0,"Shared Dirtied Blocks":0,"Shared Written Blocks":0,"Local Hit Blocks":0,"Local Read Blocks":0,"Local Dirtied Blocks":0,"Local Written Blocks":0,"Temp Read Blocks":0,"Temp Written Blocks":0,"I/O Read Time":0.0,"I/O Write Time":0.0,"Temp I/O Read Time":0.0,"Temp I/O Write Time":0.0}]}]}]}]}]}]}]}]}]},{"Node Type":"Index Scan","Parent Relationship":"Inner","Parallel Aware":false,"Async Capable":false,"Scan Direction":"Forward","Index Name":"supplier_pk","Relation Name":"supplier","Schema":"public","Alias":"supplier","Startup Cost":0.29,"Total Cost":3.25,"Plan Rows":1,"Plan Width":131,"Actual Startup Time":0.002,"Actual Total Time":0.002,"Actual Rows":1,"Actual Loops":4450,"Output":["supplier.su_suppkey","supplier.su_name","supplier.su_address","supplier.su_nationkey","supplier.su_phone","supplier.su_acctbal","supplier.su_comment"],"Index Cond":"(supplier.su_suppkey = mod((stock.s_w_id * stock.s_i_id), 10000))","Rows Removed by Index Recheck":0,"Shared Hit Blocks":13350,"Shared Read Blocks":0,"Shared Dirtied Blocks":0,"Shared Written Blocks":0,"Local Hit Blocks":0,"Local Read Blocks":0,"Local Dirtied Blocks":0,"Local Written Blocks":0,"Temp Read Blocks":0,"Temp Written Blocks":0,"I/O Read Time":0.0,"I/O Write Time":0.0,"Temp I/O Read Time":0.0,"Temp I/O Write Time":0.0}]},{"Node Type":"Index Scan","Parent Relationship":"Inner","Parallel Aware":false,"Async Capable":false,"Scan Direction":"Forward","Index Name":"nation_pk","Relation Name":"nation","Schema":"public","Alias":"nation","Startup Cost":0.14,"Total Cost":0.16,"Plan Rows":1,"Plan Width":16,"Actual Startup Time":0.001,"Actual Total Time":0.001,"Actual Rows":1,"Actual Loops":4450,"Output":["nation.n_nationkey","nation.n_name","nation.n_regionkey","nation.n_comment"],"Index Cond":"(nation.n_nationkey = supplier.su_nationkey)","Rows Removed by Index Recheck":0,"Shared Hit Blocks":8900,"Shared Read Blocks":0,"Shared Dirtied Blocks":0,"Shared Written Blocks":0,"Local Hit Blocks":0,"Local Read Blocks":0,"Local Dirtied Blocks":0,"Local Written Blocks":0,"Temp Read Blocks":0,"Temp Written Blocks":0,"I/O Read Time":0.0,"I/O Write Time":0.0,"Temp I/O Read Time":0.0,"Temp I/O Write Time":0.0}]},{"Node Type":"Hash","Parent Relationship":"Inner","Parallel Aware":false,"Async Capable":false,"Startup Cost":1.06,"Total Cost":1.06,"Plan Rows":1,"Plan Width":4,"Actual Startup Time":0.02,"Actual Total Time":0.02,"Actual Rows":1,"Actual Loops":1,"Output":["region.r_regionkey"],"Hash Buckets":1024,"Original Hash Buckets":1024,"Hash Batches":1,"Original Hash Batches":1,"Peak Memory Usage":9,"Shared Hit Blocks":1,"Shared Read Blocks":0,"Shared Dirtied Blocks":0,"Shared Written Blocks":0,"Local Hit Blocks":0,"Local Read Blocks":0,"Local Dirtied Blocks":0,"Local Written Blocks":0,"Temp Read Blocks":0,"Temp Written Blocks":0,"I/O Read Time":0.0,"I/O Write Time":0.0,"Temp I/O Read Time":0.0,"Temp I/O Write Time":0.0,"Plans":[{"Node Type":"Seq Scan","Parent Relationship":"Outer","Parallel Aware":false,"Async Capable":false,"Relation Name":"region","Schema":"public","Alias":"region","Startup Cost":0.0,"Total Cost":1.06,"Plan Rows":1,"Plan Width":4,"Actual Startup Time":0.015,"Actual Total Time":0.016,"Actual Rows":1,"Actual Loops":1,"Output":["region.r_regionkey"],"Filter":"((region.r_name)::text ~~ 'Europ%'::text)","Rows Removed by Filter":4,"Shared Hit Blocks":1,"Shared Read Blocks":0,"Shared Dirtied Blocks":0,"Shared Written Blocks":0,"Local Hit Blocks":0,"Local Read Blocks":0,"Local Dirtied Blocks":0,"Local Written Blocks":0,"Temp Read Blocks":0,"Temp Written Blocks":0,"I/O Read Time":0.0,"I/O Write Time":0.0,"Temp I/O Read Time":0.0,"Temp I/O Write Time":0.0}]}]}]},"Planning":{"Shared Hit Blocks":36,"Shared Read Blocks":0,"Shared Dirtied Blocks":0,"Shared Written Blocks":0,"Local Hit Blocks":0,"Local Read Blocks":0,"Local Dirtied Blocks":0,"Local Written Blocks":0,"Temp Read Blocks":0,"Temp Written Blocks":0,"I/O Read Time":0.0,"I/O Write Time":0.0,"Temp I/O Read Time":0.0,"Temp I/O Write Time":0.0},"Planning Time":3.673,"Triggers":[],"Execution Time":9555.87}]
[列存组合]: nation, supplier
[{"Plan":{"Node Type":"Sort","Parallel Aware":false,"Async Capable":false,"Startup Cost":2546871.18,"Total Cost":2546871.18,"Plan Rows":2,"Plan Width":164,"Actual Startup Time":13796.763,"Actual Total Time":13796.878,"Actual Rows":2295,"Actual Loops":1,"Output":["supplier.su_suppkey","supplier.su_name","nation.n_name","item.i_id","item.i_name","supplier.su_address","supplier.su_phone","supplier.su_comment"],"Sort Key":["nation.n_name","supplier.su_name","item.i_id"],"Sort Method":"quicksort","Sort Space Used":568,"Sort Space Type":"Memory","Shared Hit Blocks":1690401,"Shared Read Blocks":0,"Shared Dirtied Blocks":0,"Shared Written Blocks":0,"Local Hit Blocks":0,"Local Read Blocks":0,"Local Dirtied Blocks":0,"Local Written Blocks":0,"Temp Read Blocks":8330,"Temp Written Blocks":14781,"I/O Read Time":0.0,"I/O Write Time":0.0,"Temp I/O Read Time":13.496,"Temp I/O Write Time":54.429,"Plans":[{"Node Type":"Hash Join","Parent Relationship":"Outer","Parallel Aware":false,"Async Capable":false,"Join Type":"Inner","Startup Cost":1460930.07,"Total Cost":2546871.17,"Plan Rows":2,"Plan Width":164,"Actual Startup Time":8568.32,"Actual Total Time":13791.48,"Actual Rows":2295,"Actual Loops":1,"Output":["supplier.su_suppkey","supplier.su_name","nation.n_name","item.i_id","item.i_name","supplier.su_address","supplier.su_phone","supplier.su_comment"],"Hash Cond":"(nation.n_regionkey = region.r_regionkey)","Shared Hit Blocks":1690401,"Shared Read Blocks":0,"Shared Dirtied Blocks":0,"Shared Written Blocks":0,"Local Hit Blocks":0,"Local Read Blocks":0,"Local Dirtied Blocks":0,"Local Written Blocks":0,"Temp Read Blocks":8330,"Temp Written Blocks":14781,"I/O Read Time":0.0,"I/O Write Time":0.0,"Temp I/O Read Time":13.496,"Temp I/O Write Time":54.429,"Plans":[{"Node Type":"Nested Loop","Parent Relationship":"Outer","Parallel Aware":false,"Async Capable":false,"Join Type":"Inner","Startup Cost":1460929.0,"Total Cost":2546870.05,"Plan Rows":10,"Plan Width":168,"Actual Startup Time":8567.781,"Actual Total Time":13790.159,"Actual Rows":4450,"Actual Loops":1,"Output":["item.i_id","item.i_name","supplier.su_suppkey","supplier.su_name","supplier.su_address","supplier.su_phone","supplier.su_comment","nation.n_name","nation.n_regionkey"],"Shared Hit Blocks":1690400,"Shared Read Blocks":0,"Shared Dirtied Blocks":0,"Shared Written Blocks":0,"Local Hit Blocks":0,"Local Read Blocks":0,"Local Dirtied Blocks":0,"Local Written Blocks":0,"Temp Read Blocks":8330,"Temp Written Blocks":14781,"I/O Read Time":0.0,"I/O Write Time":0.0,"Temp I/O Read Time":13.496,"Temp I/O Write Time":54.429,"Plans":[{"Node Type":"Nested Loop","Parent Relationship":"Outer","Parallel Aware":false,"Async Capable":false,"Join Type":"Inner","Startup Cost":1460928.86,"Total Cost":2546868.46,"Plan Rows":10,"Plan Width":160,"Actual Startup Time":8567.766,"Actual Total Time":13783.792,"Actual Rows":4450,"Actual Loops":1,"Output":["item.i_id","item.i_name","supplier.su_suppkey","supplier.su_name","supplier.su_address","supplier.su_phone","supplier.su_comment","supplier.su_nationkey"],"Shared Hit Blocks":1681500,"Shared Read Blocks":0,"Shared Dirtied Blocks":0,"Shared Written Blocks":0,"Local Hit Blocks":0,"Local Read Blocks":0,"Local Dirtied Blocks":0,"Local Written Blocks":0,"Temp Read Blocks":8330,"Temp Written Blocks":14781,"I/O Read Time":0.0,"I/O Write Time":0.0,"Temp I/O Read Time":13.496,"Temp I/O Write Time":54.429,"Plans":[{"Node Type":"Hash Join","Parent Relationship":"Outer","Parallel Aware":false,"Async Capable":false,"Join Type":"Inner","Startup Cost":1460928.57,"Total Cost":2546835.97,"Plan Rows":10,"Plan Width":35,"Actual Startup Time":8567.724,"Actual Total Time":13766.898,"Actual Rows":4450,"Actual Loops":1,"Output":["item.i_id","item.i_name","stock.s_i_id","stock.s_w_id"],"Hash Cond":"((item.i_id = stock_1.s_i_id) AND (stock.s_quantity = (min(stock_1.s_quantity))))","Shared Hit Blocks":1668150,"Shared Read Blocks":0,"Shared Dirtied Blocks":0,"Shared Written Blocks":0,"Local Hit Blocks":0,"Local Read Blocks":0,"Local Dirtied Blocks":0,"Local Written Blocks":0,"Temp Read Blocks":8330,"Temp Written Blocks":14781,"I/O Read Time":0.0,"I/O Write Time":0.0,"Temp I/O Read Time":13.496,"Temp I/O Write Time":54.429,"Plans":[{"Node Type":"Hash Join","Parent Relationship":"Outer","Parallel Aware":false,"Async Capable":false,"Join Type":"Inner","Startup Cost":2615.12,"Total Cost":1088512.03,"Plan Rows":2000,"Plan Width":37,"Actual Startup Time":14.428,"Actual Total Time":5136.147,"Actual Rows":314400,"Actual Loops":1,"Output":["item.i_id","item.i_name","stock.s_i_id","stock.s_w_id","stock.s_quantity"],"Hash Cond":"(stock.s_i_id = item.i_id)","Shared Hit Blocks":834757,"Shared Read Blocks":0,"Shared Dirtied Blocks":0,"Shared Written Blocks":0,"Local Hit Blocks":0,"Local Read Blocks":0,"Local Dirtied Blocks":0,"Local Written Blocks":0,"Temp Read Blocks":0,"Temp Written Blocks":0,"I/O Read Time":0.0,"I/O Write Time":0.0,"Temp I/O Read Time":0.0,"Temp I/O Write Time":0.0,"Plans":[{"Node Type":"Seq Scan","Parent Relationship":"Outer","Parallel Aware":false,"Async Capable":false,"Relation Name":"stock","Schema":"public","Alias":"stock","Startup Cost":0.0,"Total Cost":1033394.12,"Plan Rows":20000212,"Plan Width":8,"Actual Startup Time":0.004,"Actual Total Time":1728.246,"Actual Rows":20000000,"Actual Loops":1,"Output":["stock.s_i_id","stock.s_w_id","stock.s_quantity","stock.s_dist_01","stock.s_dist_02","stock.s_dist_03","stock.s_dist_04","stock.s_dist_05","stock.s_dist_06","stock.s_dist_07","stock.s_dist_08","stock.s_dist_09","stock.s_dist_10","stock.s_ytd","stock.s_order_cnt","stock.s_remote_cnt","stock.s_data"],"Shared Hit Blocks":833392,"Shared Read Blocks":0,"Shared Dirtied Blocks":0,"Shared Written Blocks":0,"Local Hit Blocks":0,"Local Read Blocks":0,"Local Dirtied Blocks":0,"Local Written Blocks":0,"Temp Read Blocks":0,"Temp Written Blocks":0,"I/O Read Time":0.0,"I/O Write Time":0.0,"Temp I/O Read Time":0.0,"Temp I/O Write Time":0.0},{"Node Type":"Hash","Parent Relationship":"Inner","Parallel Aware":false,"Async Capable":false,"Startup Cost":2615.0,"Total Cost":2615.0,"Plan Rows":10,"Plan Width":29,"Actual Startup Time":14.403,"Actual Total Time":14.404,"Actual Rows":1572,"Actual Loops":1,"Output":["item.i_id","item.i_name"],"Hash Buckets":2048,"Original Hash Buckets":1024,"Hash Batches":1,"Original Hash Batches":1,"Peak Memory Usage":110,"Shared Hit Blocks":1365,"Shared Read Blocks":0,"Shared Dirtied Blocks":0,"Shared Written Blocks":0,"Local Hit Blocks":0,"Local Read Blocks":0,"Local Dirtied Blocks":0,"Local Written Blocks":0,"Temp Read Blocks":0,"Temp Written Blocks":0,"I/O Read Time":0.0,"I/O Write Time":0.0,"Temp I/O Read Time":0.0,"Temp I/O Write Time":0.0,"Plans":[{"Node Type":"Seq Scan","Parent Relationship":"Outer","Parallel Aware":false,"Async Capable":false,"Relation Name":"item","Schema":"public","Alias":"item","Startup Cost":0.0,"Total Cost":2615.0,"Plan Rows":10,"Plan Width":29,"Actual Startup Time":0.012,"Actual Total Time":14.171,"Actual Rows":1572,"Actual Loops":1,"Output":["item.i_id","item.i_name"],"Filter":"((item.i_data)::text ~~ '%b'::text)","Rows Removed by Filter":98428,"Shared Hit Blocks":1365,"Shared Read Blocks":0,"Shared Dirtied Blocks":0,"Shared Written Blocks":0,"Local Hit Blocks":0,"Local Read Blocks":0,"Local Dirtied Blocks":0,"Local Written Blocks":0,"Temp Read Blocks":0,"Temp Written Blocks":0,"I/O Read Time":0.0,"I/O Write Time":0.0,"Temp I/O Read Time":0.0,"Temp I/O Write Time":0.0}]}]},{"Node Type":"Hash","Parent Relationship":"Inner","Parallel Aware":false,"Async Capable":false,"Startup Cost":1456827.96,"Total Cost":1456827.96,"Plan Rows":99032,"Plan Width":6,"Actual Startup Time":8551.197,"Actual Total Time":8551.218,"Actual Rows":100000,"Actual Loops":1,"Output":["stock_1.s_i_id","(min(stock_1.s_quantity))"],"Hash Buckets":131072,"Original Hash Buckets":131072,"Hash Batches":1,"Original Hash Batches":1,"Peak Memory Usage":4735,"Shared Hit Blocks":833393,"Shared Read Blocks":0,"Shared Dirtied Blocks":0,"Shared Written Blocks":0,"Local Hit Blocks":0,"Local Read Blocks":0,"Local Dirtied Blocks":0,"Local Written Blocks":0,"Temp Read Blocks":8330,"Temp Written Blocks":14781,"I/O Read Time":0.0,"I/O Write Time":0.0,"Temp I/O Read Time":13.496,"Temp I/O Write Time":54.429,"Plans":[{"Node Type":"Aggregate","Strategy":"Hashed","Partial Mode":"Simple","Parent Relationship":"Outer","Parallel Aware":false,"Async Capable":false,"Startup Cost":1423596.99,"Total Cost":1455837.64,"Plan Rows":99032,"Plan Width":6,"Actual Startup Time":8211.302,"Actual Total Time":8535.673,"Actual Rows":100000,"Actual Loops":1,"Output":["stock_1.s_i_id","min(stock_1.s_quantity)"],"Group Key":["stock_1.s_i_id"],"Planned Partitions":0,"HashAgg Batches":5,"Peak Memory Usage":8241,"Disk Usage":68504,"Shared Hit Blocks":833393,"Shared Read Blocks":0,"Shared Dirtied Blocks":0,"Shared Written Blocks":0,"Local Hit Blocks":0,"Local Read Blocks":0,"Local Dirtied Blocks":0,"Local Written Blocks":0,"Temp Read Blocks":8330,"Temp Written Blocks":14781,"I/O Read Time":0.0,"I/O Write Time":0.0,"Temp I/O Read Time":13.496,"Temp I/O Write Time":54.429,"Plans":[{"Node Type":"Hash Join","Parent Relationship":"Outer","Parallel Aware":false,"Async Capable":false,"Join Type":"Inner","Startup Cost":198.77,"Total Cost":1198594.63,"Plan Rows":4000042,"Plan Width":6,"Actual Startup Time":2.902,"Actual Total Time":6860.058,"Actual Rows":6959700,"Actual Loops":1,"Output":["stock_1.s_i_id","stock_1.s_quantity"],"Hash Cond":"(mod((stock_1.s_w_id * stock_1.s_i_id), 10000) = supplier_1.su_suppkey)","Shared Hit Blocks":833393,"Shared Read Blocks":0,"Shared Dirtied Blocks":0,"Shared Written Blocks":0,"Local Hit Blocks":0,"Local Read Blocks":0,"Local Dirtied Blocks":0,"Local Written Blocks":0,"Temp Read Blocks":0,"Temp Written Blocks":0,"I/O Read Time":0.0,"I/O Write Time":0.0,"Temp I/O Read Time":0.0,"Temp I/O Write Time":0.0,"Plans":[{"Node Type":"Seq Scan","Parent Relationship":"Outer","Parallel Aware":false,"Async Capable":false,"Relation Name":"stock","Schema":"public","Alias":"stock_1","Startup Cost":0.0,"Total Cost":1033394.12,"Plan Rows":20000212,"Plan Width":8,"Actual Startup Time":0.003,"Actual Total Time":1910.026,"Actual Rows":20000000,"Actual Loops":1,"Output":["stock_1.s_i_id","stock_1.s_w_id","stock_1.s_quantity","stock_1.s_dist_01","stock_1.s_dist_02","stock_1.s_dist_03","stock_1.s_dist_04","stock_1.s_dist_05","stock_1.s_dist_06","stock_1.s_dist_07","stock_1.s_dist_08","stock_1.s_dist_09","stock_1.s_dist_10","stock_1.s_ytd","stock_1.s_order_cnt","stock_1.s_remote_cnt","stock_1.s_data"],"Shared Hit Blocks":833392,"Shared Read Blocks":0,"Shared Dirtied Blocks":0,"Shared Written Blocks":0,"Local Hit Blocks":0,"Local Read Blocks":0,"Local Dirtied Blocks":0,"Local Written Blocks":0,"Temp Read Blocks":0,"Temp Written Blocks":0,"I/O Read Time":0.0,"I/O Write Time":0.0,"Temp I/O Read Time":0.0,"Temp I/O Write Time":0.0},{"Node Type":"Hash","Parent Relationship":"Inner","Parallel Aware":false,"Async Capable":false,"Startup Cost":173.77,"Total Cost":173.77,"Plan Rows":2000,"Plan Width":4,"Actual Startup Time":2.892,"Actual Total Time":2.907,"Actual Rows":3506,"Actual Loops":1,"Output":["supplier_1.su_suppkey"],"Hash Buckets":4096,"Original Hash Buckets":2048,"Hash Batches":1,"Original Hash Batches":1,"Peak Memory Usage":156,"Shared Hit Blocks":1,"Shared Read Blocks":0,"Shared Dirtied Blocks":0,"Shared Written Blocks":0,"Local Hit Blocks":0,"Local Read Blocks":0,"Local Dirtied Blocks":0,"Local Written Blocks":0,"Temp Read Blocks":0,"Temp Written Blocks":0,"I/O Read Time":0.0,"I/O Write Time":0.0,"Temp I/O Read Time":0.0,"Temp I/O Write Time":0.0,"Plans":[{"Node Type":"Hash Join","Parent Relationship":"Outer","Parallel Aware":false,"Async Capable":false,"Join Type":"Inner","Startup Cost":25.24,"Total Cost":173.77,"Plan Rows":2000,"Plan Width":4,"Actual Startup Time":0.964,"Actual Total Time":2.525,"Actual Rows":3506,"Actual Loops":1,"Output":["supplier_1.su_suppkey"],"Hash Cond":"(nation_1.n_regionkey = region_1.r_regionkey)","Shared Hit Blocks":1,"Shared Read Blocks":0,"Shared Dirtied Blocks":0,"Shared Written Blocks":0,"Local Hit Blocks":0,"Local Read Blocks":0,"Local Dirtied Blocks":0,"Local Written Blocks":0,"Temp Read Blocks":0,"Temp Written Blocks":0,"I/O Read Time":0.0,"I/O Write Time":0.0,"Temp I/O Read Time":0.0,"Temp I/O Write Time":0.0,"Plans":[{"Node Type":"Hash Join","Parent Relationship":"Outer","Parallel Aware":false,"Async Capable":false,"Join Type":"Inner","Startup Cost":24.16,"Total Cost":124.19,"Plan Rows":10000,"Plan Width":8,"Actual Startup Time":0.952,"Actual Total Time":1.512,"Actual Rows":10000,"Actual Loops":1,"Output":["supplier_1.su_suppkey","nation_1.n_regionkey"],"Hash Cond":"(supplier_1.su_nationkey = nation_1.n_nationkey)","Rows Removed by Bloom Filter":0,"Shared Hit Blocks":0,"Shared Read Blocks":0,"Shared Dirtied Blocks":0,"Shared Written Blocks":0,"Local Hit Blocks":0,"Local Read Blocks":0,"Local Dirtied Blocks":0,"Local Written Blocks":0,"Temp Read Blocks":0,"Temp Written Blocks":0,"I/O Read Time":0.0,"I/O Write Time":0.0,"Temp I/O Read Time":0.0,"Temp I/O Write Time":0.0,"Plans":[{"Node Type":"Append","Parent Relationship":"Outer","Parallel Aware":false,"Async Capable":false,"Startup Cost":20.0,"Total Cost":219.01,"Plan Rows":10001,"Plan Width":8,"Actual Startup Time":0.004,"Actual Total Time":0.006,"Actual Rows":10000,"Actual Loops":1,"Shared Hit Blocks":0,"Shared Read Blocks":0,"Shared Dirtied Blocks":0,"Shared Written Blocks":0,"Local Hit Blocks":0,"Local Read Blocks":0,"Local Dirtied Blocks":0,"Local Written Blocks":0,"Temp Read Blocks":0,"Temp Written Blocks":0,"I/O Read Time":0.0,"I/O Write Time":0.0,"Temp I/O Read Time":0.0,"Temp I/O Write Time":0.0,"Subplans Removed":0,"Plans":[{"Node Type":"Custom Scan","Parent Relationship":"Member","Custom Plan Provider":"columnar scan","Parallel Aware":false,"Async Capable":false,"Relation Name":"supplier","Schema":"public","Alias":"supplier_1","Startup Cost":20.0,"Total Cost":215.0,"Plan Rows":10000,"Plan Width":8,"Actual Startup Time":0.003,"Actual Total Time":0.004,"Actual Rows":10000,"Actual Loops":1,"Output":["supplier_1.su_suppkey","supplier_1.su_nationkey"],"Rows Removed by Columnar Filter":0,"Columnar cache search mode":"native","Shared Hit Blocks":0,"Shared Read Blocks":0,"Shared Dirtied Blocks":0,"Shared Written Blocks":0,"Local Hit Blocks":0,"Local Read Blocks":0,"Local Dirtied Blocks":0,"Local Written Blocks":0,"Temp Read Blocks":0,"Temp Written Blocks":0,"I/O Read Time":0.0,"I/O Write Time":0.0,"Temp I/O Read Time":0.0,"Temp I/O Write Time":0.0},{"Node Type":"Seq Scan","Parent Relationship":"Member","Parallel Aware":false,"Async Capable":false,"Relation Name":"supplier","Schema":"public","Alias":"supplier_1","Startup Cost":0.0,"Total Cost":4.01,"Plan Rows":1,"Plan Width":8,"Actual Startup Time":0.0,"Actual Total Time":0.0,"Actual Rows":0,"Actual Loops":0,"Output":["supplier_1.su_suppkey","supplier_1.su_nationkey"],"Shared Hit Blocks":0,"Shared Read Blocks":0,"Shared Dirtied Blocks":0,"Shared Written Blocks":0,"Local Hit Blocks":0,"Local Read Blocks":0,"Local Dirtied Blocks":0,"Local Written Blocks":0,"Temp Read Blocks":0,"Temp Written Blocks":0,"I/O Read Time":0.0,"I/O Write Time":0.0,"Temp I/O Read Time":0.0,"Temp I/O Write Time":0.0}]},{"Node Type":"Hash","Parent Relationship":"Inner","Parallel Aware":false,"Async Capable":false,"Startup Cost":25.22,"Total Cost":25.22,"Plan Rows":63,"Plan Width":8,"Actual Rows":62,"Actual Loops":1,"Output":["nation_1.n_nationkey","nation_1.n_regionkey"],"Shared Hit Blocks":0,"Shared Read Blocks":0,"Shared Dirtied Blocks":0,"Shared Written Blocks":0,"Local Hit Blocks":0,"Local Read Blocks":0,"Local Dirtied Blocks":0,"Local Written Blocks":0,"Temp Read Blocks":0,"Temp Written Blocks":0,"I/O Read Time":0.0,"I/O Write Time":0.0,"Temp I/O Read Time":0.0,"Temp I/O Write Time":0.0,"Plans":[{"Node Type":"Append","Parent Relationship":"Outer","Parallel Aware":false,"Async Capable":false,"Startup Cost":20.0,"Total Cost":25.22,"Plan Rows":63,"Plan Width":8,"Actual Startup Time":0.015,"Actual Total Time":0.018,"Actual Rows":62,"Actual Loops":1,"Shared Hit Blocks":0,"Shared Read Blocks":0,"Shared Dirtied Blocks":0,"Shared Written Blocks":0,"Local Hit Blocks":0,"Local Read Blocks":0,"Local Dirtied Blocks":0,"Local Written Blocks":0,"Temp Read Blocks":0,"Temp Written Blocks":0,"I/O Read Time":0.0,"I/O Write Time":0.0,"Temp I/O Read Time":0.0,"Temp I/O Write Time":0.0,"Subplans Removed":0,"Plans":[{"Node Type":"Custom Scan","Parent Relationship":"Member","Custom Plan Provider":"columnar scan","Parallel Aware":false,"Async Capable":false,"Relation Name":"nation","Schema":"public","Alias":"nation_1","Startup Cost":20.0,"Total Cost":21.21,"Plan Rows":62,"Plan Width":8,"Actual Startup Time":0.014,"Actual Total Time":0.014,"Actual Rows":62,"Actual Loops":1,"Output":["nation_1.n_nationkey","nation_1.n_regionkey"],"Rows Removed by Columnar Filter":0,"Columnar cache search mode":"native","Shared Hit Blocks":0,"Shared Read Blocks":0,"Shared Dirtied Blocks":0,"Shared Written Blocks":0,"Local Hit Blocks":0,"Local Read Blocks":0,"Local Dirtied Blocks":0,"Local Written Blocks":0,"Temp Read Blocks":0,"Temp Written Blocks":0,"I/O Read Time":0.0,"I/O Write Time":0.0,"Temp I/O Read Time":0.0,"Temp I/O Write Time":0.0},{"Node Type":"Seq Scan","Parent Relationship":"Member","Parallel Aware":false,"Async Capable":false,"Relation Name":"nation","Schema":"public","Alias":"nation_1","Startup Cost":0.0,"Total Cost":4.01,"Plan Rows":1,"Plan Width":8,"Actual Startup Time":0.0,"Actual Total Time":0.0,"Actual Rows":0,"Actual Loops":0,"Output":["nation_1.n_nationkey","nation_1.n_regionkey"],"Shared Hit Blocks":0,"Shared Read Blocks":0,"Shared Dirtied Blocks":0,"Shared Written Blocks":0,"Local Hit Blocks":0,"Local Read Blocks":0,"Local Dirtied Blocks":0,"Local Written Blocks":0,"Temp Read Blocks":0,"Temp Written Blocks":0,"I/O Read Time":0.0,"I/O Write Time":0.0,"Temp I/O Read Time":0.0,"Temp I/O Write Time":0.0}]}]}]},{"Node Type":"Hash","Parent Relationship":"Inner","Parallel Aware":false,"Async Capable":false,"Startup Cost":1.06,"Total Cost":1.06,"Plan Rows":1,"Plan Width":4,"Actual Startup Time":0.006,"Actual Total Time":0.008,"Actual Rows":1,"Actual Loops":1,"Output":["region_1.r_regionkey"],"Hash Buckets":1024,"Original Hash Buckets":1024,"Hash Batches":1,"Original Hash Batches":1,"Peak Memory Usage":9,"Shared Hit Blocks":1,"Shared Read Blocks":0,"Shared Dirtied Blocks":0,"Shared Written Blocks":0,"Local Hit Blocks":0,"Local Read Blocks":0,"Local Dirtied Blocks":0,"Local Written Blocks":0,"Temp Read Blocks":0,"Temp Written Blocks":0,"I/O Read Time":0.0,"I/O Write Time":0.0,"Temp I/O Read Time":0.0,"Temp I/O Write Time":0.0,"Plans":[{"Node Type":"Seq Scan","Parent Relationship":"Outer","Parallel Aware":false,"Async Capable":false,"Relation Name":"region","Schema":"public","Alias":"region_1","Startup Cost":0.0,"Total Cost":1.06,"Plan Rows":1,"Plan Width":4,"Actual Startup Time":0.004,"Actual Total Time":0.004,"Actual Rows":1,"Actual Loops":1,"Output":["region_1.r_regionkey"],"Filter":"((region_1.r_name)::text ~~ 'Europ%'::text)","Rows Removed by Filter":4,"Shared Hit Blocks":1,"Shared Read Blocks":0,"Shared Dirtied Blocks":0,"Shared Written Blocks":0,"Local Hit Blocks":0,"Local Read Blocks":0,"Local Dirtied Blocks":0,"Local Written Blocks":0,"Temp Read Blocks":0,"Temp Written Blocks":0,"I/O Read Time":0.0,"I/O Write Time":0.0,"Temp I/O Read Time":0.0,"Temp I/O Write Time":0.0}]}]}]}]}]}]}]},{"Node Type":"Index Scan","Parent Relationship":"Inner","Parallel Aware":false,"Async Capable":false,"Scan Direction":"Forward","Index Name":"supplier_pk","Relation Name":"supplier","Schema":"public","Alias":"supplier","Startup Cost":0.29,"Total Cost":3.25,"Plan Rows":1,"Plan Width":131,"Actual Startup Time":0.003,"Actual Total Time":0.003,"Actual Rows":1,"Actual Loops":4450,"Output":["supplier.su_suppkey","supplier.su_name","supplier.su_address","supplier.su_nationkey","supplier.su_phone","supplier.su_acctbal","supplier.su_comment"],"Index Cond":"(supplier.su_suppkey = mod((stock.s_w_id * stock.s_i_id), 10000))","Rows Removed by Index Recheck":0,"Shared Hit Blocks":13350,"Shared Read Blocks":0,"Shared Dirtied Blocks":0,"Shared Written Blocks":0,"Local Hit Blocks":0,"Local Read Blocks":0,"Local Dirtied Blocks":0,"Local Written Blocks":0,"Temp Read Blocks":0,"Temp Written Blocks":0,"I/O Read Time":0.0,"I/O Write Time":0.0,"Temp I/O Read Time":0.0,"Temp I/O Write Time":0.0}]},{"Node Type":"Index Scan","Parent Relationship":"Inner","Parallel Aware":false,"Async Capable":false,"Scan Direction":"Forward","Index Name":"nation_pk","Relation Name":"nation","Schema":"public","Alias":"nation","Startup Cost":0.14,"Total Cost":0.16,"Plan Rows":1,"Plan Width":16,"Actual Startup Time":0.001,"Actual Total Time":0.001,"Actual Rows":1,"Actual Loops":4450,"Output":["nation.n_nationkey","nation.n_name","nation.n_regionkey","nation.n_comment"],"Index Cond":"(nation.n_nationkey = supplier.su_nationkey)","Rows Removed by Index Recheck":0,"Shared Hit Blocks":8900,"Shared Read Blocks":0,"Shared Dirtied Blocks":0,"Shared Written Blocks":0,"Local Hit Blocks":0,"Local Read Blocks":0,"Local Dirtied Blocks":0,"Local Written Blocks":0,"Temp Read Blocks":0,"Temp Written Blocks":0,"I/O Read Time":0.0,"I/O Write Time":0.0,"Temp I/O Read Time":0.0,"Temp I/O Write Time":0.0}]},{"Node Type":"Hash","Parent Relationship":"Inner","Parallel Aware":false,"Async Capable":false,"Startup Cost":1.06,"Total Cost":1.06,"Plan Rows":1,"Plan Width":4,"Actual Startup Time":0.015,"Actual Total Time":0.015,"Actual Rows":1,"Actual Loops":1,"Output":["region.r_regionkey"],"Hash Buckets":1024,"Original Hash Buckets":1024,"Hash Batches":1,"Original Hash Batches":1,"Peak Memory Usage":9,"Shared Hit Blocks":1,"Shared Read Blocks":0,"Shared Dirtied Blocks":0,"Shared Written Blocks":0,"Local Hit Blocks":0,"Local Read Blocks":0,"Local Dirtied Blocks":0,"Local Written Blocks":0,"Temp Read Blocks":0,"Temp Written Blocks":0,"I/O Read Time":0.0,"I/O Write Time":0.0,"Temp I/O Read Time":0.0,"Temp I/O Write Time":0.0,"Plans":[{"Node Type":"Seq Scan","Parent Relationship":"Outer","Parallel Aware":false,"Async Capable":false,"Relation Name":"region","Schema":"public","Alias":"region","Startup Cost":0.0,"Total Cost":1.06,"Plan Rows":1,"Plan Width":4,"Actual Startup Time":0.011,"Actual Total Time":0.011,"Actual Rows":1,"Actual Loops":1,"Output":["region.r_regionkey"],"Filter":"((region.r_name)::text ~~ 'Europ%'::text)","Rows Removed by Filter":4,"Shared Hit Blocks":1,"Shared Read Blocks":0,"Shared Dirtied Blocks":0,"Shared Written Blocks":0,"Local Hit Blocks":0,"Local Read Blocks":0,"Local Dirtied Blocks":0,"Local Written Blocks":0,"Temp Read Blocks":0,"Temp Written Blocks":0,"I/O Read Time":0.0,"I/O Write Time":0.0,"Temp I/O Read Time":0.0,"Temp I/O Write Time":0.0}]}]}]},"Planning":{"Shared Hit Blocks":51,"Shared Read Blocks":1,"Shared Dirtied Blocks":0,"Shared Written Blocks":0,"Local Hit Blocks":0,"Local Read Blocks":0,"Local Dirtied Blocks":0,"Local Written Blocks":0,"Temp Read Blocks":0,"Temp Written Blocks":0,"I/O Read Time":0.036,"I/O Write Time":0.0,"Temp I/O Read Time":0.0,"Temp I/O Write Time":0.0},"Planning Time":1.027,"Triggers":[],"Execution Time":13811.289}]
[列存组合]: region, stock
[{"Plan":{"Node Type":"Sort","Parallel Aware":false,"Async Capable":false,"Startup Cost":1923443.88,"Total Cost":1923443.88,"Plan Rows":2,"Plan Width":164,"Actual Startup Time":9550.121,"Actual Total Time":9550.233,"Actual Rows":2295,"Actual Loops":1,"Output":["supplier.su_suppkey","supplier.su_name","nation.n_name","item.i_id","item.i_name","supplier.su_address","supplier.su_phone","supplier.su_comment"],"Sort Key":["nation.n_name","supplier.su_name","item.i_id"],"Sort Method":"quicksort","Sort Space Used":568,"Sort Space Type":"Memory","Shared Hit Blocks":23835,"Shared Read Blocks":0,"Shared Dirtied Blocks":0,"Shared Written Blocks":0,"Local Hit Blocks":0,"Local Read Blocks":0,"Local Dirtied Blocks":0,"Local Written Blocks":0,"Temp Read Blocks":8330,"Temp Written Blocks":14781,"I/O Read Time":0.0,"I/O Write Time":0.0,"Temp I/O Read Time":13.356,"Temp I/O Write Time":50.352,"Plans":[{"Node Type":"Hash Join","Parent Relationship":"Outer","Parallel Aware":false,"Async Capable":false,"Join Type":"Inner","Startup Cost":857785.4,"Total Cost":1923443.87,"Plan Rows":2,"Plan Width":164,"Actual Startup Time":8702.1,"Actual Total Time":9545.823,"Actual Rows":2295,"Actual Loops":1,"Output":["supplier.su_suppkey","supplier.su_name","nation.n_name","item.i_id","item.i_name","supplier.su_address","supplier.su_phone","supplier.su_comment"],"Inner Unique":true,"Hash Cond":"(nation.n_regionkey = region.r_regionkey)","Shared Hit Blocks":23835,"Shared Read Blocks":0,"Shared Dirtied Blocks":0,"Shared Written Blocks":0,"Local Hit Blocks":0,"Local Read Blocks":0,"Local Dirtied Blocks":0,"Local Written Blocks":0,"Temp Read Blocks":8330,"Temp Written Blocks":14781,"I/O Read Time":0.0,"I/O Write Time":0.0,"Temp I/O Read Time":13.356,"Temp I/O Write Time":50.352,"Plans":[{"Node Type":"Nested Loop","Parent Relationship":"Outer","Parallel Aware":false,"Async Capable":false,"Join Type":"Inner","Startup Cost":857784.32,"Total Cost":1923442.74,"Plan Rows":10,"Plan Width":168,"Actual Startup Time":8702.033,"Actual Total Time":9544.822,"Actual Rows":4450,"Actual Loops":1,"Output":["item.i_id","item.i_name","supplier.su_suppkey","supplier.su_name","supplier.su_address","supplier.su_phone","supplier.su_comment","nation.n_name","nation.n_regionkey"],"Inner Unique":true,"Shared Hit Blocks":23834,"Shared Read Blocks":0,"Shared Dirtied Blocks":0,"Shared Written Blocks":0,"Local Hit Blocks":0,"Local Read Blocks":0,"Local Dirtied Blocks":0,"Local Written Blocks":0,"Temp Read Blocks":8330,"Temp Written Blocks":14781,"I/O Read Time":0.0,"I/O Write Time":0.0,"Temp I/O Read Time":13.356,"Temp I/O Write Time":50.352,"Plans":[{"Node Type":"Nested Loop","Parent Relationship":"Outer","Parallel Aware":false,"Async Capable":false,"Join Type":"Inner","Startup Cost":857784.18,"Total Cost":1923441.15,"Plan Rows":10,"Plan Width":160,"Actual Startup Time":8702.014,"Actual Total Time":9539.632,"Actual Rows":4450,"Actual Loops":1,"Output":["item.i_id","item.i_name","supplier.su_suppkey","supplier.su_name","supplier.su_address","supplier.su_phone","supplier.su_comment","supplier.su_nationkey"],"Inner Unique":true,"Shared Hit Blocks":14934,"Shared Read Blocks":0,"Shared Dirtied Blocks":0,"Shared Written Blocks":0,"Local Hit Blocks":0,"Local Read Blocks":0,"Local Dirtied Blocks":0,"Local Written Blocks":0,"Temp Read Blocks":8330,"Temp Written Blocks":14781,"I/O Read Time":0.0,"I/O Write Time":0.0,"Temp I/O Read Time":13.356,"Temp I/O Write Time":50.352,"Plans":[{"Node Type":"Hash Join","Parent Relationship":"Outer","Parallel Aware":false,"Async Capable":false,"Join Type":"Inner","Startup Cost":857783.89,"Total Cost":1923408.67,"Plan Rows":10,"Plan Width":35,"Actual Startup Time":8701.96,"Actual Total Time":9527.968,"Actual Rows":4450,"Actual Loops":1,"Output":["item.i_id","item.i_name","stock.s_i_id","stock.s_w_id"],"Inner Unique":true,"Hash Cond":"((item.i_id = stock_1.s_i_id) AND (stock.s_quantity = (min(stock_1.s_quantity))))","Shared Hit Blocks":1584,"Shared Read Blocks":0,"Shared Dirtied Blocks":0,"Shared Written Blocks":0,"Local Hit Blocks":0,"Local Read Blocks":0,"Local Dirtied Blocks":0,"Local Written Blocks":0,"Temp Read Blocks":8330,"Temp Written Blocks":14781,"I/O Read Time":0.0,"I/O Write Time":0.0,"Temp I/O Read Time":13.356,"Temp I/O Write Time":50.352,"Plans":[{"Node Type":"Hash Join","Parent Relationship":"Outer","Parallel Aware":false,"Async Capable":false,"Join Type":"Inner","Startup Cost":2635.12,"Total Cost":1068249.4,"Plan Rows":2000,"Plan Width":37,"Actual Startup Time":16.868,"Actual Total Time":794.608,"Actual Rows":314400,"Actual Loops":1,"Output":["item.i_id","item.i_name","stock.s_i_id","stock.s_w_id","stock.s_quantity"],"Inner Unique":true,"Hash Cond":"(stock.s_i_id = item.i_id)","Shared Hit Blocks":1365,"Shared Read Blocks":0,"Shared Dirtied Blocks":0,"Shared Written Blocks":0,"Local Hit Blocks":0,"Local Read Blocks":0,"Local Dirtied Blocks":0,"Local Written Blocks":0,"Temp Read Blocks":0,"Temp Written Blocks":0,"I/O Read Time":0.0,"I/O Write Time":0.0,"Temp I/O Read Time":0.0,"Temp I/O Write Time":0.0,"Plans":[{"Node Type":"Append","Parent Relationship":"Outer","Parallel Aware":false,"Async Capable":false,"Startup Cost":20.0,"Total Cost":1013131.49,"Plan Rows":20000212,"Plan Width":8,"Actual Startup Time":1.569,"Actual Total Time":720.252,"Actual Rows":314400,"Actual Loops":1,"Shared Hit Blocks":0,"Shared Read Blocks":0,"Shared Dirtied Blocks":0,"Shared Written Blocks":0,"Local Hit Blocks":0,"Local Read Blocks":0,"Local Dirtied Blocks":0,"Local Written Blocks":0,"Temp Read Blocks":0,"Temp Written Blocks":0,"I/O Read Time":0.0,"I/O Write Time":0.0,"Temp I/O Read Time":0.0,"Temp I/O Write Time":0.0,"Subplans Removed":0,"Plans":[{"Node Type":"Custom Scan","Parent Relationship":"Member","Custom Plan Provider":"columnar scan","Parallel Aware":false,"Async Capable":false,"Relation Name":"stock","Schema":"public","Alias":"stock","Startup Cost":20.0,"Total Cost":430020.1,"Plan Rows":20000000,"Plan Width":8,"Actual Startup Time":1.568,"Actual Total Time":698.405,"Actual Rows":314400,"Actual Loops":1,"Output":["stock.s_i_id","stock.s_w_id","stock.s_quantity"],"Rows Removed by Columnar Filter":19685600,"Rows Filtered by Bloom Filter":0,"Dictionary Rows Filtered by Bloom Filter":19685600,"Columnar cache search mode":"native","Shared Hit Blocks":0,"Shared Read Blocks":0,"Shared Dirtied Blocks":0,"Shared Written Blocks":0,"Local Hit Blocks":0,"Local Read Blocks":0,"Local Dirtied Blocks":0,"Local Written Blocks":0,"Temp Read Blocks":0,"Temp Written Blocks":0,"I/O Read Time":0.0,"I/O Write Time":0.0,"Temp I/O Read Time":0.0,"Temp I/O Write Time":0.0},{"Node Type":"Seq Scan","Parent Relationship":"Member","Parallel Aware":false,"Async Capable":false,"Relation Name":"stock","Schema":"public","Alias":"stock","Startup Cost":0.0,"Total Cost":6.12,"Plan Rows":212,"Plan Width":8,"Actual Startup Time":0.0,"Actual Total Time":0.0,"Actual Rows":0,"Actual Loops":0,"Output":["stock.s_i_id","stock.s_w_id","stock.s_quantity"],"Shared Hit Blocks":0,"Shared Read Blocks":0,"Shared Dirtied Blocks":0,"Shared Written Blocks":0,"Local Hit Blocks":0,"Local Read Blocks":0,"Local Dirtied Blocks":0,"Local Written Blocks":0,"Temp Read Blocks":0,"Temp Written Blocks":0,"I/O Read Time":0.0,"I/O Write Time":0.0,"Temp I/O Read Time":0.0,"Temp I/O Write Time":0.0}]},{"Node Type":"Hash","Parent Relationship":"Inner","Parallel Aware":false,"Async Capable":false,"Startup Cost":2615.0,"Total Cost":2615.0,"Plan Rows":10,"Plan Width":29,"Actual Startup Time":14.985,"Actual Total Time":14.986,"Actual Rows":1572,"Actual Loops":1,"Output":["item.i_id","item.i_name"],"Hash Buckets":2048,"Original Hash Buckets":1024,"Hash Batches":1,"Original Hash Batches":1,"Peak Memory Usage":110,"Shared Hit Blocks":1365,"Shared Read Blocks":0,"Shared Dirtied Blocks":0,"Shared Written Blocks":0,"Local Hit Blocks":0,"Local Read Blocks":0,"Local Dirtied Blocks":0,"Local Written Blocks":0,"Temp Read Blocks":0,"Temp Written Blocks":0,"I/O Read Time":0.0,"I/O Write Time":0.0,"Temp I/O Read Time":0.0,"Temp I/O Write Time":0.0,"Plans":[{"Node Type":"Seq Scan","Parent Relationship":"Outer","Parallel Aware":false,"Async Capable":false,"Relation Name":"item","Schema":"public","Alias":"item","Startup Cost":0.0,"Total Cost":2615.0,"Plan Rows":10,"Plan Width":29,"Actual Startup Time":0.013,"Actual Total Time":14.444,"Actual Rows":1572,"Actual Loops":1,"Output":["item.i_id","item.i_name"],"Filter":"((item.i_data)::text ~~ '%b'::text)","Rows Removed by Filter":98428,"Shared Hit Blocks":1365,"Shared Read Blocks":0,"Shared Dirtied Blocks":0,"Shared Written Blocks":0,"Local Hit Blocks":0,"Local Read Blocks":0,"Local Dirtied Blocks":0,"Local Written Blocks":0,"Temp Read Blocks":0,"Temp Written Blocks":0,"I/O Read Time":0.0,"I/O Write Time":0.0,"Temp I/O Read Time":0.0,"Temp I/O Write Time":0.0}]}]},{"Node Type":"Hash","Parent Relationship":"Inner","Parallel Aware":false,"Async Capable":false,"Startup Cost":853663.29,"Total Cost":853663.29,"Plan Rows":99032,"Plan Width":6,"Actual Startup Time":8684.593,"Actual Total Time":8684.603,"Actual Rows":100000,"Actual Loops":1,"Output":["stock_1.s_i_id","(min(stock_1.s_quantity))"],"Hash Buckets":131072,"Original Hash Buckets":131072,"Hash Batches":1,"Original Hash Batches":1,"Peak Memory Usage":4735,"Shared Hit Blocks":219,"Shared Read Blocks":0,"Shared Dirtied Blocks":0,"Shared Written Blocks":0,"Local Hit Blocks":0,"Local Read Blocks":0,"Local Dirtied Blocks":0,"Local Written Blocks":0,"Temp Read Blocks":8330,"Temp Written Blocks":14781,"I/O Read Time":0.0,"I/O Write Time":0.0,"Temp I/O Read Time":13.356,"Temp I/O Write Time":50.352,"Plans":[{"Node Type":"Aggregate","Strategy":"Hashed","Partial Mode":"Simple","Parent Relationship":"Outer","Parallel Aware":false,"Async Capable":false,"Startup Cost":820432.32,"Total Cost":852672.97,"Plan Rows":99032,"Plan Width":6,"Actual Startup Time":8345.932,"Actual Total Time":8668.795,"Actual Rows":100000,"Actual Loops":1,"Output":["stock_1.s_i_id","min(stock_1.s_quantity)"],"Group Key":["stock_1.s_i_id"],"Planned Partitions":0,"HashAgg Batches":5,"Peak Memory Usage":8241,"Disk Usage":68504,"Shared Hit Blocks":219,"Shared Read Blocks":0,"Shared Dirtied Blocks":0,"Shared Written Blocks":0,"Local Hit Blocks":0,"Local Read Blocks":0,"Local Dirtied Blocks":0,"Local Written Blocks":0,"Temp Read Blocks":8330,"Temp Written Blocks":14781,"I/O Read Time":0.0,"I/O Write Time":0.0,"Temp I/O Read Time":13.356,"Temp I/O Write Time":50.352,"Plans":[{"Node Type":"Hash Join","Parent Relationship":"Outer","Parallel Aware":false,"Async Capable":false,"Join Type":"Inner","Startup Cost":421.99,"Total Cost":595429.96,"Plan Rows":4000042,"Plan Width":6,"Actual Startup Time":2.604,"Actual Total Time":7050.79,"Actual Rows":6959700,"Actual Loops":1,"Output":["stock_1.s_i_id","stock_1.s_quantity"],"Inner Unique":false,"Hash Cond":"(mod((stock_1.s_w_id * stock_1.s_i_id), 10000) = supplier_1.su_suppkey)","Shared Hit Blocks":219,"Shared Read Blocks":0,"Shared Dirtied Blocks":0,"Shared Written Blocks":0,"Local Hit Blocks":0,"Local Read Blocks":0,"Local Dirtied Blocks":0,"Local Written Blocks":0,"Temp Read Blocks":0,"Temp Written Blocks":0,"I/O Read Time":0.0,"I/O Write Time":0.0,"Temp I/O Read Time":0.0,"Temp I/O Write Time":0.0,"Plans":[{"Node Type":"Append","Parent Relationship":"Outer","Parallel Aware":false,"Async Capable":false,"Startup Cost":20.0,"Total Cost":430026.22,"Plan Rows":20000212,"Plan Width":8,"Actual Startup Time":0.007,"Actual Total Time":4148.425,"Actual Rows":20000000,"Actual Loops":1,"Shared Hit Blocks":0,"Shared Read Blocks":0,"Shared Dirtied Blocks":0,"Shared Written Blocks":0,"Local Hit Blocks":0,"Local Read Blocks":0,"Local Dirtied Blocks":0,"Local Written Blocks":0,"Temp Read Blocks":0,"Temp Written Blocks":0,"I/O Read Time":0.0,"I/O Write Time":0.0,"Temp I/O Read Time":0.0,"Temp I/O Write Time":0.0,"Subplans Removed":0,"Plans":[{"Node Type":"Custom Scan","Parent Relationship":"Member","Custom Plan Provider":"columnar scan","Parallel Aware":false,"Async Capable":false,"Relation Name":"stock","Schema":"public","Alias":"stock_1","Startup Cost":20.0,"Total Cost":430020.1,"Plan Rows":20000000,"Plan Width":8,"Actual Startup Time":0.007,"Actual Total Time":2759.742,"Actual Rows":20000000,"Actual Loops":1,"Output":["stock_1.s_i_id","stock_1.s_quantity","stock_1.s_w_id"],"Rows Removed by Columnar Filter":0,"Columnar cache search mode":"native","Shared Hit Blocks":0,"Shared Read Blocks":0,"Shared Dirtied Blocks":0,"Shared Written Blocks":0,"Local Hit Blocks":0,"Local Read Blocks":0,"Local Dirtied Blocks":0,"Local Written Blocks":0,"Temp Read Blocks":0,"Temp Written Blocks":0,"I/O Read Time":0.0,"I/O Write Time":0.0,"Temp I/O Read Time":0.0,"Temp I/O Write Time":0.0},{"Node Type":"Seq Scan","Parent Relationship":"Member","Parallel Aware":false,"Async Capable":false,"Relation Name":"stock","Schema":"public","Alias":"stock_1","Startup Cost":0.0,"Total Cost":6.12,"Plan Rows":212,"Plan Width":8,"Actual Startup Time":0.0,"Actual Total Time":0.0,"Actual Rows":0,"Actual Loops":0,"Output":["stock_1.s_i_id","stock_1.s_quantity","stock_1.s_w_id"],"Shared Hit Blocks":0,"Shared Read Blocks":0,"Shared Dirtied Blocks":0,"Shared Written Blocks":0,"Local Hit Blocks":0,"Local Read Blocks":0,"Local Dirtied Blocks":0,"Local Written Blocks":0,"Temp Read Blocks":0,"Temp Written Blocks":0,"I/O Read Time":0.0,"I/O Write Time":0.0,"Temp I/O Read Time":0.0,"Temp I/O Write Time":0.0}]},{"Node Type":"Hash","Parent Relationship":"Inner","Parallel Aware":false,"Async Capable":false,"Startup Cost":376.99,"Total Cost":376.99,"Plan Rows":2000,"Plan Width":4,"Actual Startup Time":2.585,"Actual Total Time":2.593,"Actual Rows":3506,"Actual Loops":1,"Output":["supplier_1.su_suppkey"],"Hash Buckets":4096,"Original Hash Buckets":2048,"Hash Batches":1,"Original Hash Batches":1,"Peak Memory Usage":156,"Shared Hit Blocks":219,"Shared Read Blocks":0,"Shared Dirtied Blocks":0,"Shared Written Blocks":0,"Local Hit Blocks":0,"Local Read Blocks":0,"Local Dirtied Blocks":0,"Local Written Blocks":0,"Temp Read Blocks":0,"Temp Written Blocks":0,"I/O Read Time":0.0,"I/O Write Time":0.0,"Temp I/O Read Time":0.0,"Temp I/O Write Time":0.0,"Plans":[{"Node Type":"Hash Join","Parent Relationship":"Outer","Parallel Aware":false,"Async Capable":false,"Join Type":"Inner","Startup Cost":3.14,"Total Cost":376.99,"Plan Rows":2000,"Plan Width":4,"Actual Startup Time":0.049,"Actual Total Time":2.165,"Actual Rows":3506,"Actual Loops":1,"Output":["supplier_1.su_suppkey"],"Inner Unique":false,"Hash Cond":"(supplier_1.su_nationkey = nation_1.n_nationkey)","Shared Hit Blocks":219,"Shared Read Blocks":0,"Shared Dirtied Blocks":0,"Shared Written Blocks":0,"Local Hit Blocks":0,"Local Read Blocks":0,"Local Dirtied Blocks":0,"Local Written Blocks":0,"Temp Read Blocks":0,"Temp Written Blocks":0,"I/O Read Time":0.0,"I/O Write Time":0.0,"Temp I/O Read Time":0.0,"Temp I/O Write Time":0.0,"Plans":[{"Node Type":"Seq Scan","Parent Relationship":"Outer","Parallel Aware":false,"Async Capable":false,"Relation Name":"supplier","Schema":"public","Alias":"supplier_1","Startup Cost":0.0,"Total Cost":317.0,"Plan Rows":10000,"Plan Width":8,"Actual Startup Time":0.006,"Actual Total Time":0.771,"Actual Rows":10000,"Actual Loops":1,"Output":["supplier_1.su_suppkey","supplier_1.su_name","supplier_1.su_address","supplier_1.su_nationkey","supplier_1.su_phone","supplier_1.su_acctbal","supplier_1.su_comment"],"Shared Hit Blocks":217,"Shared Read Blocks":0,"Shared Dirtied Blocks":0,"Shared Written Blocks":0,"Local Hit Blocks":0,"Local Read Blocks":0,"Local Dirtied Blocks":0,"Local Written Blocks":0,"Temp Read Blocks":0,"Temp Written Blocks":0,"I/O Read Time":0.0,"I/O Write Time":0.0,"Temp I/O Read Time":0.0,"Temp I/O Write Time":0.0},{"Node Type":"Hash","Parent Relationship":"Inner","Parallel Aware":false,"Async Capable":false,"Startup Cost":2.99,"Total Cost":2.99,"Plan Rows":12,"Plan Width":4,"Actual Startup Time":0.036,"Actual Total Time":0.04,"Actual Rows":22,"Actual Loops":1,"Output":["nation_1.n_nationkey"],"Hash Buckets":1024,"Original Hash Buckets":1024,"Hash Batches":1,"Original Hash Batches":1,"Peak Memory Usage":9,"Shared Hit Blocks":2,"Shared Read Blocks":0,"Shared Dirtied Blocks":0,"Shared Written Blocks":0,"Local Hit Blocks":0,"Local Read Blocks":0,"Local Dirtied Blocks":0,"Local Written Blocks":0,"Temp Read Blocks":0,"Temp Written Blocks":0,"I/O Read Time":0.0,"I/O Write Time":0.0,"Temp I/O Read Time":0.0,"Temp I/O Write Time":0.0,"Plans":[{"Node Type":"Hash Join","Parent Relationship":"Outer","Parallel Aware":false,"Async Capable":false,"Join Type":"Inner","Startup Cost":1.07,"Total Cost":2.99,"Plan Rows":12,"Plan Width":4,"Actual Startup Time":0.02,"Actual Total Time":0.036,"Actual Rows":22,"Actual Loops":1,"Output":["nation_1.n_nationkey"],"Inner Unique":true,"Hash Cond":"(nation_1.n_regionkey = region_1.r_regionkey)","Shared Hit Blocks":2,"Shared Read Blocks":0,"Shared Dirtied Blocks":0,"Shared Written Blocks":0,"Local Hit Blocks":0,"Local Read Blocks":0,"Local Dirtied Blocks":0,"Local Written Blocks":0,"Temp Read Blocks":0,"Temp Written Blocks":0,"I/O Read Time":0.0,"I/O Write Time":0.0,"Temp I/O Read Time":0.0,"Temp I/O Write Time":0.0,"Plans":[{"Node Type":"Seq Scan","Parent Relationship":"Outer","Parallel Aware":false,"Async Capable":false,"Relation Name":"nation","Schema":"public","Alias":"nation_1","Startup Cost":0.0,"Total Cost":1.62,"Plan Rows":62,"Plan Width":8,"Actual Startup Time":0.003,"Actual Total Time":0.007,"Actual Rows":62,"Actual Loops":1,"Output":["nation_1.n_nationkey","nation_1.n_name","nation_1.n_regionkey","nation_1.n_comment"],"Shared Hit Blocks":1,"Shared Read Blocks":0,"Shared Dirtied Blocks":0,"Shared Written Blocks":0,"Local Hit Blocks":0,"Local Read Blocks":0,"Local Dirtied Blocks":0,"Local Written Blocks":0,"Temp Read Blocks":0,"Temp Written Blocks":0,"I/O Read Time":0.0,"I/O Write Time":0.0,"Temp I/O Read Time":0.0,"Temp I/O Write Time":0.0},{"Node Type":"Hash","Parent Relationship":"Inner","Parallel Aware":false,"Async Capable":false,"Startup Cost":1.06,"Total Cost":1.06,"Plan Rows":1,"Plan Width":4,"Actual Startup Time":0.006,"Actual Total Time":0.008,"Actual Rows":1,"Actual Loops":1,"Output":["region_1.r_regionkey"],"Hash Buckets":1024,"Original Hash Buckets":1024,"Hash Batches":1,"Original Hash Batches":1,"Peak Memory Usage":9,"Shared Hit Blocks":1,"Shared Read Blocks":0,"Shared Dirtied Blocks":0,"Shared Written Blocks":0,"Local Hit Blocks":0,"Local Read Blocks":0,"Local Dirtied Blocks":0,"Local Written Blocks":0,"Temp Read Blocks":0,"Temp Written Blocks":0,"I/O Read Time":0.0,"I/O Write Time":0.0,"Temp I/O Read Time":0.0,"Temp I/O Write Time":0.0,"Plans":[{"Node Type":"Seq Scan","Parent Relationship":"Outer","Parallel Aware":false,"Async Capable":false,"Relation Name":"region","Schema":"public","Alias":"region_1","Startup Cost":0.0,"Total Cost":1.06,"Plan Rows":1,"Plan Width":4,"Actual Startup Time":0.004,"Actual Total Time":0.004,"Actual Rows":1,"Actual Loops":1,"Output":["region_1.r_regionkey"],"Filter":"((region_1.r_name)::text ~~ 'Europ%'::text)","Rows Removed by Filter":4,"Shared Hit Blocks":1,"Shared Read Blocks":0,"Shared Dirtied Blocks":0,"Shared Written Blocks":0,"Local Hit Blocks":0,"Local Read Blocks":0,"Local Dirtied Blocks":0,"Local Written Blocks":0,"Temp Read Blocks":0,"Temp Written Blocks":0,"I/O Read Time":0.0,"I/O Write Time":0.0,"Temp I/O Read Time":0.0,"Temp I/O Write Time":0.0}]}]}]}]}]}]}]}]}]},{"Node Type":"Index Scan","Parent Relationship":"Inner","Parallel Aware":false,"Async Capable":false,"Scan Direction":"Forward","Index Name":"supplier_pk","Relation Name":"supplier","Schema":"public","Alias":"supplier","Startup Cost":0.29,"Total Cost":3.25,"Plan Rows":1,"Plan Width":131,"Actual Startup Time":0.002,"Actual Total Time":0.002,"Actual Rows":1,"Actual Loops":4450,"Output":["supplier.su_suppkey","supplier.su_name","supplier.su_address","supplier.su_nationkey","supplier.su_phone","supplier.su_acctbal","supplier.su_comment"],"Index Cond":"(supplier.su_suppkey = mod((stock.s_w_id * stock.s_i_id), 10000))","Rows Removed by Index Recheck":0,"Shared Hit Blocks":13350,"Shared Read Blocks":0,"Shared Dirtied Blocks":0,"Shared Written Blocks":0,"Local Hit Blocks":0,"Local Read Blocks":0,"Local Dirtied Blocks":0,"Local Written Blocks":0,"Temp Read Blocks":0,"Temp Written Blocks":0,"I/O Read Time":0.0,"I/O Write Time":0.0,"Temp I/O Read Time":0.0,"Temp I/O Write Time":0.0}]},{"Node Type":"Index Scan","Parent Relationship":"Inner","Parallel Aware":false,"Async Capable":false,"Scan Direction":"Forward","Index Name":"nation_pk","Relation Name":"nation","Schema":"public","Alias":"nation","Startup Cost":0.14,"Total Cost":0.16,"Plan Rows":1,"Plan Width":16,"Actual Startup Time":0.001,"Actual Total Time":0.001,"Actual Rows":1,"Actual Loops":4450,"Output":["nation.n_nationkey","nation.n_name","nation.n_regionkey","nation.n_comment"],"Index Cond":"(nation.n_nationkey = supplier.su_nationkey)","Rows Removed by Index Recheck":0,"Shared Hit Blocks":8900,"Shared Read Blocks":0,"Shared Dirtied Blocks":0,"Shared Written Blocks":0,"Local Hit Blocks":0,"Local Read Blocks":0,"Local Dirtied Blocks":0,"Local Written Blocks":0,"Temp Read Blocks":0,"Temp Written Blocks":0,"I/O Read Time":0.0,"I/O Write Time":0.0,"Temp I/O Read Time":0.0,"Temp I/O Write Time":0.0}]},{"Node Type":"Hash","Parent Relationship":"Inner","Parallel Aware":false,"Async Capable":false,"Startup Cost":1.06,"Total Cost":1.06,"Plan Rows":1,"Plan Width":4,"Actual Startup Time":0.021,"Actual Total Time":0.021,"Actual Rows":1,"Actual Loops":1,"Output":["region.r_regionkey"],"Hash Buckets":1024,"Original Hash Buckets":1024,"Hash Batches":1,"Original Hash Batches":1,"Peak Memory Usage":9,"Shared Hit Blocks":1,"Shared Read Blocks":0,"Shared Dirtied Blocks":0,"Shared Written Blocks":0,"Local Hit Blocks":0,"Local Read Blocks":0,"Local Dirtied Blocks":0,"Local Written Blocks":0,"Temp Read Blocks":0,"Temp Written Blocks":0,"I/O Read Time":0.0,"I/O Write Time":0.0,"Temp I/O Read Time":0.0,"Temp I/O Write Time":0.0,"Plans":[{"Node Type":"Seq Scan","Parent Relationship":"Outer","Parallel Aware":false,"Async Capable":false,"Relation Name":"region","Schema":"public","Alias":"region","Startup Cost":0.0,"Total Cost":1.06,"Plan Rows":1,"Plan Width":4,"Actual Startup Time":0.016,"Actual Total Time":0.017,"Actual Rows":1,"Actual Loops":1,"Output":["region.r_regionkey"],"Filter":"((region.r_name)::text ~~ 'Europ%'::text)","Rows Removed by Filter":4,"Shared Hit Blocks":1,"Shared Read Blocks":0,"Shared Dirtied Blocks":0,"Shared Written Blocks":0,"Local Hit Blocks":0,"Local Read Blocks":0,"Local Dirtied Blocks":0,"Local Written Blocks":0,"Temp Read Blocks":0,"Temp Written Blocks":0,"I/O Read Time":0.0,"I/O Write Time":0.0,"Temp I/O Read Time":0.0,"Temp I/O Write Time":0.0}]}]}]},"Planning":{"Shared Hit Blocks":36,"Shared Read Blocks":0,"Shared Dirtied Blocks":0,"Shared Written Blocks":0,"Local Hit Blocks":0,"Local Read Blocks":0,"Local Dirtied Blocks":0,"Local Written Blocks":0,"Temp Read Blocks":0,"Temp Written Blocks":0,"I/O Read Time":0.0,"I/O Write Time":0.0,"Temp I/O Read Time":0.0,"Temp I/O Write Time":0.0},"Planning Time":2.815,"Triggers":[],"Execution Time":9562.913}]
[列存组合]: region, supplier
[{"Plan":{"Node Type":"Sort","Parallel Aware":false,"Async Capable":false,"Startup Cost":2546976.43,"Total Cost":2546976.43,"Plan Rows":2,"Plan Width":164,"Actual Startup Time":13785.022,"Actual Total Time":13785.136,"Actual Rows":2295,"Actual Loops":1,"Output":["supplier.su_suppkey","supplier.su_name","nation.n_name","item.i_id","item.i_name","supplier.su_address","supplier.su_phone","supplier.su_comment"],"Sort Key":["nation.n_name","supplier.su_name","item.i_id"],"Sort Method":"quicksort","Sort Space Used":568,"Sort Space Type":"Memory","Shared Hit Blocks":1690402,"Shared Read Blocks":0,"Shared Dirtied Blocks":0,"Shared Written Blocks":0,"Local Hit Blocks":0,"Local Read Blocks":0,"Local Dirtied Blocks":0,"Local Written Blocks":0,"Temp Read Blocks":8330,"Temp Written Blocks":14781,"I/O Read Time":0.0,"I/O Write Time":0.0,"Temp I/O Read Time":14.098,"Temp I/O Write Time":54.827,"Plans":[{"Node Type":"Hash Join","Parent Relationship":"Outer","Parallel Aware":false,"Async Capable":false,"Join Type":"Inner","Startup Cost":1461035.32,"Total Cost":2546976.42,"Plan Rows":2,"Plan Width":164,"Actual Startup Time":8569.686,"Actual Total Time":13779.823,"Actual Rows":2295,"Actual Loops":1,"Output":["supplier.su_suppkey","supplier.su_name","nation.n_name","item.i_id","item.i_name","supplier.su_address","supplier.su_phone","supplier.su_comment"],"Inner Unique":true,"Hash Cond":"(nation.n_regionkey = region.r_regionkey)","Shared Hit Blocks":1690402,"Shared Read Blocks":0,"Shared Dirtied Blocks":0,"Shared Written Blocks":0,"Local Hit Blocks":0,"Local Read Blocks":0,"Local Dirtied Blocks":0,"Local Written Blocks":0,"Temp Read Blocks":8330,"Temp Written Blocks":14781,"I/O Read Time":0.0,"I/O Write Time":0.0,"Temp I/O Read Time":14.098,"Temp I/O Write Time":54.827,"Plans":[{"Node Type":"Nested Loop","Parent Relationship":"Outer","Parallel Aware":false,"Async Capable":false,"Join Type":"Inner","Startup Cost":1461034.25,"Total Cost":2546975.29,"Plan Rows":10,"Plan Width":168,"Actual Startup Time":8569.15,"Actual Total Time":13778.485,"Actual Rows":4450,"Actual Loops":1,"Output":["item.i_id","item.i_name","supplier.su_suppkey","supplier.su_name","supplier.su_address","supplier.su_phone","supplier.su_comment","nation.n_name","nation.n_regionkey"],"Inner Unique":true,"Shared Hit Blocks":1690401,"Shared Read Blocks":0,"Shared Dirtied Blocks":0,"Shared Written Blocks":0,"Local Hit Blocks":0,"Local Read Blocks":0,"Local Dirtied Blocks":0,"Local Written Blocks":0,"Temp Read Blocks":8330,"Temp Written Blocks":14781,"I/O Read Time":0.0,"I/O Write Time":0.0,"Temp I/O Read Time":14.098,"Temp I/O Write Time":54.827,"Plans":[{"Node Type":"Nested Loop","Parent Relationship":"Outer","Parallel Aware":false,"Async Capable":false,"Join Type":"Inner","Startup Cost":1461034.11,"Total Cost":2546973.71,"Plan Rows":10,"Plan Width":160,"Actual Startup Time":8569.136,"Actual Total Time":13772.014,"Actual Rows":4450,"Actual Loops":1,"Output":["item.i_id","item.i_name","supplier.su_suppkey","supplier.su_name","supplier.su_address","supplier.su_phone","supplier.su_comment","supplier.su_nationkey"],"Inner Unique":true,"Shared Hit Blocks":1681501,"Shared Read Blocks":0,"Shared Dirtied Blocks":0,"Shared Written Blocks":0,"Local Hit Blocks":0,"Local Read Blocks":0,"Local Dirtied Blocks":0,"Local Written Blocks":0,"Temp Read Blocks":8330,"Temp Written Blocks":14781,"I/O Read Time":0.0,"I/O Write Time":0.0,"Temp I/O Read Time":14.098,"Temp I/O Write Time":54.827,"Plans":[{"Node Type":"Hash Join","Parent Relationship":"Outer","Parallel Aware":false,"Async Capable":false,"Join Type":"Inner","Startup Cost":1461033.82,"Total Cost":2546941.22,"Plan Rows":10,"Plan Width":35,"Actual Startup Time":8569.09,"Actual Total Time":13755.065,"Actual Rows":4450,"Actual Loops":1,"Output":["item.i_id","item.i_name","stock.s_i_id","stock.s_w_id"],"Inner Unique":true,"Hash Cond":"((item.i_id = stock_1.s_i_id) AND (stock.s_quantity = (min(stock_1.s_quantity))))","Shared Hit Blocks":1668151,"Shared Read Blocks":0,"Shared Dirtied Blocks":0,"Shared Written Blocks":0,"Local Hit Blocks":0,"Local Read Blocks":0,"Local Dirtied Blocks":0,"Local Written Blocks":0,"Temp Read Blocks":8330,"Temp Written Blocks":14781,"I/O Read Time":0.0,"I/O Write Time":0.0,"Temp I/O Read Time":14.098,"Temp I/O Write Time":54.827,"Plans":[{"Node Type":"Hash Join","Parent Relationship":"Outer","Parallel Aware":false,"Async Capable":false,"Join Type":"Inner","Startup Cost":2615.12,"Total Cost":1088512.03,"Plan Rows":2000,"Plan Width":37,"Actual Startup Time":14.252,"Actual Total Time":5123.973,"Actual Rows":314400,"Actual Loops":1,"Output":["item.i_id","item.i_name","stock.s_i_id","stock.s_w_id","stock.s_quantity"],"Inner Unique":true,"Hash Cond":"(stock.s_i_id = item.i_id)","Shared Hit Blocks":834757,"Shared Read Blocks":0,"Shared Dirtied Blocks":0,"Shared Written Blocks":0,"Local Hit Blocks":0,"Local Read Blocks":0,"Local Dirtied Blocks":0,"Local Written Blocks":0,"Temp Read Blocks":0,"Temp Written Blocks":0,"I/O Read Time":0.0,"I/O Write Time":0.0,"Temp I/O Read Time":0.0,"Temp I/O Write Time":0.0,"Plans":[{"Node Type":"Seq Scan","Parent Relationship":"Outer","Parallel Aware":false,"Async Capable":false,"Relation Name":"stock","Schema":"public","Alias":"stock","Startup Cost":0.0,"Total Cost":1033394.12,"Plan Rows":20000212,"Plan Width":8,"Actual Startup Time":0.005,"Actual Total Time":1732.968,"Actual Rows":20000000,"Actual Loops":1,"Output":["stock.s_i_id","stock.s_w_id","stock.s_quantity","stock.s_dist_01","stock.s_dist_02","stock.s_dist_03","stock.s_dist_04","stock.s_dist_05","stock.s_dist_06","stock.s_dist_07","stock.s_dist_08","stock.s_dist_09","stock.s_dist_10","stock.s_ytd","stock.s_order_cnt","stock.s_remote_cnt","stock.s_data"],"Shared Hit Blocks":833392,"Shared Read Blocks":0,"Shared Dirtied Blocks":0,"Shared Written Blocks":0,"Local Hit Blocks":0,"Local Read Blocks":0,"Local Dirtied Blocks":0,"Local Written Blocks":0,"Temp Read Blocks":0,"Temp Written Blocks":0,"I/O Read Time":0.0,"I/O Write Time":0.0,"Temp I/O Read Time":0.0,"Temp I/O Write Time":0.0},{"Node Type":"Hash","Parent Relationship":"Inner","Parallel Aware":false,"Async Capable":false,"Startup Cost":2615.0,"Total Cost":2615.0,"Plan Rows":10,"Plan Width":29,"Actual Startup Time":14.223,"Actual Total Time":14.223,"Actual Rows":1572,"Actual Loops":1,"Output":["item.i_id","item.i_name"],"Hash Buckets":2048,"Original Hash Buckets":1024,"Hash Batches":1,"Original Hash Batches":1,"Peak Memory Usage":110,"Shared Hit Blocks":1365,"Shared Read Blocks":0,"Shared Dirtied Blocks":0,"Shared Written Blocks":0,"Local Hit Blocks":0,"Local Read Blocks":0,"Local Dirtied Blocks":0,"Local Written Blocks":0,"Temp Read Blocks":0,"Temp Written Blocks":0,"I/O Read Time":0.0,"I/O Write Time":0.0,"Temp I/O Read Time":0.0,"Temp I/O Write Time":0.0,"Plans":[{"Node Type":"Seq Scan","Parent Relationship":"Outer","Parallel Aware":false,"Async Capable":false,"Relation Name":"item","Schema":"public","Alias":"item","Startup Cost":0.0,"Total Cost":2615.0,"Plan Rows":10,"Plan Width":29,"Actual Startup Time":0.012,"Actual Total Time":13.961,"Actual Rows":1572,"Actual Loops":1,"Output":["item.i_id","item.i_name"],"Filter":"((item.i_data)::text ~~ '%b'::text)","Rows Removed by Filter":98428,"Shared Hit Blocks":1365,"Shared Read Blocks":0,"Shared Dirtied Blocks":0,"Shared Written Blocks":0,"Local Hit Blocks":0,"Local Read Blocks":0,"Local Dirtied Blocks":0,"Local Written Blocks":0,"Temp Read Blocks":0,"Temp Written Blocks":0,"I/O Read Time":0.0,"I/O Write Time":0.0,"Temp I/O Read Time":0.0,"Temp I/O Write Time":0.0}]}]},{"Node Type":"Hash","Parent Relationship":"Inner","Parallel Aware":false,"Async Capable":false,"Startup Cost":1456933.21,"Total Cost":1456933.21,"Plan Rows":99032,"Plan Width":6,"Actual Startup Time":8552.474,"Actual Total Time":8552.493,"Actual Rows":100000,"Actual Loops":1,"Output":["stock_1.s_i_id","(min(stock_1.s_quantity))"],"Hash Buckets":131072,"Original Hash Buckets":131072,"Hash Batches":1,"Original Hash Batches":1,"Peak Memory Usage":4735,"Shared Hit Blocks":833394,"Shared Read Blocks":0,"Shared Dirtied Blocks":0,"Shared Written Blocks":0,"Local Hit Blocks":0,"Local Read Blocks":0,"Local Dirtied Blocks":0,"Local Written Blocks":0,"Temp Read Blocks":8330,"Temp Written Blocks":14781,"I/O Read Time":0.0,"I/O Write Time":0.0,"Temp I/O Read Time":14.098,"Temp I/O Write Time":54.827,"Plans":[{"Node Type":"Aggregate","Strategy":"Hashed","Partial Mode":"Simple","Parent Relationship":"Outer","Parallel Aware":false,"Async Capable":false,"Startup Cost":1423702.24,"Total Cost":1455942.89,"Plan Rows":99032,"Plan Width":6,"Actual Startup Time":8215.945,"Actual Total Time":8536.959,"Actual Rows":100000,"Actual Loops":1,"Output":["stock_1.s_i_id","min(stock_1.s_quantity)"],"Group Key":["stock_1.s_i_id"],"Planned Partitions":0,"HashAgg Batches":5,"Peak Memory Usage":8241,"Disk Usage":68504,"Shared Hit Blocks":833394,"Shared Read Blocks":0,"Shared Dirtied Blocks":0,"Shared Written Blocks":0,"Local Hit Blocks":0,"Local Read Blocks":0,"Local Dirtied Blocks":0,"Local Written Blocks":0,"Temp Read Blocks":8330,"Temp Written Blocks":14781,"I/O Read Time":0.0,"I/O Write Time":0.0,"Temp I/O Read Time":14.098,"Temp I/O Write Time":54.827,"Plans":[{"Node Type":"Hash Join","Parent Relationship":"Outer","Parallel Aware":false,"Async Capable":false,"Join Type":"Inner","Startup Cost":304.02,"Total Cost":1198699.88,"Plan Rows":4000042,"Plan Width":6,"Actual Startup Time":2.16,"Actual Total Time":6852.662,"Actual Rows":6959700,"Actual Loops":1,"Output":["stock_1.s_i_id","stock_1.s_quantity"],"Inner Unique":false,"Hash Cond":"(mod((stock_1.s_w_id * stock_1.s_i_id), 10000) = supplier_1.su_suppkey)","Shared Hit Blocks":833394,"Shared Read Blocks":0,"Shared Dirtied Blocks":0,"Shared Written Blocks":0,"Local Hit Blocks":0,"Local Read Blocks":0,"Local Dirtied Blocks":0,"Local Written Blocks":0,"Temp Read Blocks":0,"Temp Written Blocks":0,"I/O Read Time":0.0,"I/O Write Time":0.0,"Temp I/O Read Time":0.0,"Temp I/O Write Time":0.0,"Plans":[{"Node Type":"Seq Scan","Parent Relationship":"Outer","Parallel Aware":false,"Async Capable":false,"Relation Name":"stock","Schema":"public","Alias":"stock_1","Startup Cost":0.0,"Total Cost":1033394.12,"Plan Rows":20000212,"Plan Width":8,"Actual Startup Time":0.005,"Actual Total Time":1903.334,"Actual Rows":20000000,"Actual Loops":1,"Output":["stock_1.s_i_id","stock_1.s_w_id","stock_1.s_quantity","stock_1.s_dist_01","stock_1.s_dist_02","stock_1.s_dist_03","stock_1.s_dist_04","stock_1.s_dist_05","stock_1.s_dist_06","stock_1.s_dist_07","stock_1.s_dist_08","stock_1.s_dist_09","stock_1.s_dist_10","stock_1.s_ytd","stock_1.s_order_cnt","stock_1.s_remote_cnt","stock_1.s_data"],"Shared Hit Blocks":833392,"Shared Read Blocks":0,"Shared Dirtied Blocks":0,"Shared Written Blocks":0,"Local Hit Blocks":0,"Local Read Blocks":0,"Local Dirtied Blocks":0,"Local Written Blocks":0,"Temp Read Blocks":0,"Temp Written Blocks":0,"I/O Read Time":0.0,"I/O Write Time":0.0,"Temp I/O Read Time":0.0,"Temp I/O Write Time":0.0},{"Node Type":"Hash","Parent Relationship":"Inner","Parallel Aware":false,"Async Capable":false,"Startup Cost":279.02,"Total Cost":279.02,"Plan Rows":2000,"Plan Width":4,"Actual Startup Time":2.145,"Actual Total Time":2.159,"Actual Rows":3506,"Actual Loops":1,"Output":["supplier_1.su_suppkey"],"Hash Buckets":4096,"Original Hash Buckets":2048,"Hash Batches":1,"Original Hash Batches":1,"Peak Memory Usage":156,"Shared Hit Blocks":2,"Shared Read Blocks":0,"Shared Dirtied Blocks":0,"Shared Written Blocks":0,"Local Hit Blocks":0,"Local Read Blocks":0,"Local Dirtied Blocks":0,"Local Written Blocks":0,"Temp Read Blocks":0,"Temp Written Blocks":0,"I/O Read Time":0.0,"I/O Write Time":0.0,"Temp I/O Read Time":0.0,"Temp I/O Write Time":0.0,"Plans":[{"Node Type":"Hash Join","Parent Relationship":"Outer","Parallel Aware":false,"Async Capable":false,"Join Type":"Inner","Startup Cost":23.14,"Total Cost":279.02,"Plan Rows":2000,"Plan Width":4,"Actual Startup Time":0.428,"Actual Total Time":1.732,"Actual Rows":3506,"Actual Loops":1,"Output":["supplier_1.su_suppkey"],"Inner Unique":false,"Hash Cond":"(supplier_1.su_nationkey = nation_1.n_nationkey)","Shared Hit Blocks":2,"Shared Read Blocks":0,"Shared Dirtied Blocks":0,"Shared Written Blocks":0,"Local Hit Blocks":0,"Local Read Blocks":0,"Local Dirtied Blocks":0,"Local Written Blocks":0,"Temp Read Blocks":0,"Temp Written Blocks":0,"I/O Read Time":0.0,"I/O Write Time":0.0,"Temp I/O Read Time":0.0,"Temp I/O Write Time":0.0,"Plans":[{"Node Type":"Append","Parent Relationship":"Outer","Parallel Aware":false,"Async Capable":false,"Startup Cost":20.0,"Total Cost":219.01,"Plan Rows":10001,"Plan Width":8,"Actual Startup Time":0.099,"Actual Total Time":0.827,"Actual Rows":3506,"Actual Loops":1,"Shared Hit Blocks":0,"Shared Read Blocks":0,"Shared Dirtied Blocks":0,"Shared Written Blocks":0,"Local Hit Blocks":0,"Local Read Blocks":0,"Local Dirtied Blocks":0,"Local Written Blocks":0,"Temp Read Blocks":0,"Temp Written Blocks":0,"I/O Read Time":0.0,"I/O Write Time":0.0,"Temp I/O Read Time":0.0,"Temp I/O Write Time":0.0,"Subplans Removed":0,"Plans":[{"Node Type":"Custom Scan","Parent Relationship":"Member","Custom Plan Provider":"columnar scan","Parallel Aware":false,"Async Capable":false,"Relation Name":"supplier","Schema":"public","Alias":"supplier_1","Startup Cost":20.0,"Total Cost":215.0,"Plan Rows":10000,"Plan Width":8,"Actual Startup Time":0.098,"Actual Total Time":0.568,"Actual Rows":3506,"Actual Loops":1,"Output":["supplier_1.su_suppkey","supplier_1.su_nationkey"],"Rows Removed by Columnar Filter":6494,"Rows Filtered by Bloom Filter":0,"Dictionary Rows Filtered by Bloom Filter":6494,"Columnar cache search mode":"native","Shared Hit Blocks":0,"Shared Read Blocks":0,"Shared Dirtied Blocks":0,"Shared Written Blocks":0,"Local Hit Blocks":0,"Local Read Blocks":0,"Local Dirtied Blocks":0,"Local Written Blocks":0,"Temp Read Blocks":0,"Temp Written Blocks":0,"I/O Read Time":0.0,"I/O Write Time":0.0,"Temp I/O Read Time":0.0,"Temp I/O Write Time":0.0},{"Node Type":"Seq Scan","Parent Relationship":"Member","Parallel Aware":false,"Async Capable":false,"Relation Name":"supplier","Schema":"public","Alias":"supplier_1","Startup Cost":0.0,"Total Cost":4.01,"Plan Rows":1,"Plan Width":8,"Actual Startup Time":0.0,"Actual Total Time":0.0,"Actual Rows":0,"Actual Loops":0,"Output":["supplier_1.su_suppkey","supplier_1.su_nationkey"],"Shared Hit Blocks":0,"Shared Read Blocks":0,"Shared Dirtied Blocks":0,"Shared Written Blocks":0,"Local Hit Blocks":0,"Local Read Blocks":0,"Local Dirtied Blocks":0,"Local Written Blocks":0,"Temp Read Blocks":0,"Temp Written Blocks":0,"I/O Read Time":0.0,"I/O Write Time":0.0,"Temp I/O Read Time":0.0,"Temp I/O Write Time":0.0}]},{"Node Type":"Hash","Parent Relationship":"Inner","Parallel Aware":false,"Async Capable":false,"Startup Cost":2.99,"Total Cost":2.99,"Plan Rows":12,"Plan Width":4,"Actual Startup Time":0.044,"Actual Total Time":0.05,"Actual Rows":22,"Actual Loops":1,"Output":["nation_1.n_nationkey"],"Hash Buckets":1024,"Original Hash Buckets":1024,"Hash Batches":1,"Original Hash Batches":1,"Peak Memory Usage":9,"Shared Hit Blocks":2,"Shared Read Blocks":0,"Shared Dirtied Blocks":0,"Shared Written Blocks":0,"Local Hit Blocks":0,"Local Read Blocks":0,"Local Dirtied Blocks":0,"Local Written Blocks":0,"Temp Read Blocks":0,"Temp Written Blocks":0,"I/O Read Time":0.0,"I/O Write Time":0.0,"Temp I/O Read Time":0.0,"Temp I/O Write Time":0.0,"Plans":[{"Node Type":"Hash Join","Parent Relationship":"Outer","Parallel Aware":false,"Async Capable":false,"Join Type":"Inner","Startup Cost":1.07,"Total Cost":2.99,"Plan Rows":12,"Plan Width":4,"Actual Startup Time":0.024,"Actual Total Time":0.041,"Actual Rows":22,"Actual Loops":1,"Output":["nation_1.n_nationkey"],"Inner Unique":true,"Hash Cond":"(nation_1.n_regionkey = region_1.r_regionkey)","Shared Hit Blocks":2,"Shared Read Blocks":0,"Shared Dirtied Blocks":0,"Shared Written Blocks":0,"Local Hit Blocks":0,"Local Read Blocks":0,"Local Dirtied Blocks":0,"Local Written Blocks":0,"Temp Read Blocks":0,"Temp Written Blocks":0,"I/O Read Time":0.0,"I/O Write Time":0.0,"Temp I/O Read Time":0.0,"Temp I/O Write Time":0.0,"Plans":[{"Node Type":"Seq Scan","Parent Relationship":"Outer","Parallel Aware":false,"Async Capable":false,"Relation Name":"nation","Schema":"public","Alias":"nation_1","Startup Cost":0.0,"Total Cost":1.62,"Plan Rows":62,"Plan Width":8,"Actual Startup Time":0.005,"Actual Total Time":0.01,"Actual Rows":62,"Actual Loops":1,"Output":["nation_1.n_nationkey","nation_1.n_name","nation_1.n_regionkey","nation_1.n_comment"],"Shared Hit Blocks":1,"Shared Read Blocks":0,"Shared Dirtied Blocks":0,"Shared Written Blocks":0,"Local Hit Blocks":0,"Local Read Blocks":0,"Local Dirtied Blocks":0,"Local Written Blocks":0,"Temp Read Blocks":0,"Temp Written Blocks":0,"I/O Read Time":0.0,"I/O Write Time":0.0,"Temp I/O Read Time":0.0,"Temp I/O Write Time":0.0},{"Node Type":"Hash","Parent Relationship":"Inner","Parallel Aware":false,"Async Capable":false,"Startup Cost":1.06,"Total Cost":1.06,"Plan Rows":1,"Plan Width":4,"Actual Startup Time":0.008,"Actual Total Time":0.011,"Actual Rows":1,"Actual Loops":1,"Output":["region_1.r_regionkey"],"Hash Buckets":1024,"Original Hash Buckets":1024,"Hash Batches":1,"Original Hash Batches":1,"Peak Memory Usage":9,"Shared Hit Blocks":1,"Shared Read Blocks":0,"Shared Dirtied Blocks":0,"Shared Written Blocks":0,"Local Hit Blocks":0,"Local Read Blocks":0,"Local Dirtied Blocks":0,"Local Written Blocks":0,"Temp Read Blocks":0,"Temp Written Blocks":0,"I/O Read Time":0.0,"I/O Write Time":0.0,"Temp I/O Read Time":0.0,"Temp I/O Write Time":0.0,"Plans":[{"Node Type":"Seq Scan","Parent Relationship":"Outer","Parallel Aware":false,"Async Capable":false,"Relation Name":"region","Schema":"public","Alias":"region_1","Startup Cost":0.0,"Total Cost":1.06,"Plan Rows":1,"Plan Width":4,"Actual Startup Time":0.006,"Actual Total Time":0.007,"Actual Rows":1,"Actual Loops":1,"Output":["region_1.r_regionkey"],"Filter":"((region_1.r_name)::text ~~ 'Europ%'::text)","Rows Removed by Filter":4,"Shared Hit Blocks":1,"Shared Read Blocks":0,"Shared Dirtied Blocks":0,"Shared Written Blocks":0,"Local Hit Blocks":0,"Local Read Blocks":0,"Local Dirtied Blocks":0,"Local Written Blocks":0,"Temp Read Blocks":0,"Temp Written Blocks":0,"I/O Read Time":0.0,"I/O Write Time":0.0,"Temp I/O Read Time":0.0,"Temp I/O Write Time":0.0}]}]}]}]}]}]}]}]}]},{"Node Type":"Index Scan","Parent Relationship":"Inner","Parallel Aware":false,"Async Capable":false,"Scan Direction":"Forward","Index Name":"supplier_pk","Relation Name":"supplier","Schema":"public","Alias":"supplier","Startup Cost":0.29,"Total Cost":3.25,"Plan Rows":1,"Plan Width":131,"Actual Startup Time":0.003,"Actual Total Time":0.003,"Actual Rows":1,"Actual Loops":4450,"Output":["supplier.su_suppkey","supplier.su_name","supplier.su_address","supplier.su_nationkey","supplier.su_phone","supplier.su_acctbal","supplier.su_comment"],"Index Cond":"(supplier.su_suppkey = mod((stock.s_w_id * stock.s_i_id), 10000))","Rows Removed by Index Recheck":0,"Shared Hit Blocks":13350,"Shared Read Blocks":0,"Shared Dirtied Blocks":0,"Shared Written Blocks":0,"Local Hit Blocks":0,"Local Read Blocks":0,"Local Dirtied Blocks":0,"Local Written Blocks":0,"Temp Read Blocks":0,"Temp Written Blocks":0,"I/O Read Time":0.0,"I/O Write Time":0.0,"Temp I/O Read Time":0.0,"Temp I/O Write Time":0.0}]},{"Node Type":"Index Scan","Parent Relationship":"Inner","Parallel Aware":false,"Async Capable":false,"Scan Direction":"Forward","Index Name":"nation_pk","Relation Name":"nation","Schema":"public","Alias":"nation","Startup Cost":0.14,"Total Cost":0.16,"Plan Rows":1,"Plan Width":16,"Actual Startup Time":0.001,"Actual Total Time":0.001,"Actual Rows":1,"Actual Loops":4450,"Output":["nation.n_nationkey","nation.n_name","nation.n_regionkey","nation.n_comment"],"Index Cond":"(nation.n_nationkey = supplier.su_nationkey)","Rows Removed by Index Recheck":0,"Shared Hit Blocks":8900,"Shared Read Blocks":0,"Shared Dirtied Blocks":0,"Shared Written Blocks":0,"Local Hit Blocks":0,"Local Read Blocks":0,"Local Dirtied Blocks":0,"Local Written Blocks":0,"Temp Read Blocks":0,"Temp Written Blocks":0,"I/O Read Time":0.0,"I/O Write Time":0.0,"Temp I/O Read Time":0.0,"Temp I/O Write Time":0.0}]},{"Node Type":"Hash","Parent Relationship":"Inner","Parallel Aware":false,"Async Capable":false,"Startup Cost":1.06,"Total Cost":1.06,"Plan Rows":1,"Plan Width":4,"Actual Startup Time":0.017,"Actual Total Time":0.017,"Actual Rows":1,"Actual Loops":1,"Output":["region.r_regionkey"],"Hash Buckets":1024,"Original Hash Buckets":1024,"Hash Batches":1,"Original Hash Batches":1,"Peak Memory Usage":9,"Shared Hit Blocks":1,"Shared Read Blocks":0,"Shared Dirtied Blocks":0,"Shared Written Blocks":0,"Local Hit Blocks":0,"Local Read Blocks":0,"Local Dirtied Blocks":0,"Local Written Blocks":0,"Temp Read Blocks":0,"Temp Written Blocks":0,"I/O Read Time":0.0,"I/O Write Time":0.0,"Temp I/O Read Time":0.0,"Temp I/O Write Time":0.0,"Plans":[{"Node Type":"Seq Scan","Parent Relationship":"Outer","Parallel Aware":false,"Async Capable":false,"Relation Name":"region","Schema":"public","Alias":"region","Startup Cost":0.0,"Total Cost":1.06,"Plan Rows":1,"Plan Width":4,"Actual Startup Time":0.013,"Actual Total Time":0.014,"Actual Rows":1,"Actual Loops":1,"Output":["region.r_regionkey"],"Filter":"((region.r_name)::text ~~ 'Europ%'::text)","Rows Removed by Filter":4,"Shared Hit Blocks":1,"Shared Read Blocks":0,"Shared Dirtied Blocks":0,"Shared Written Blocks":0,"Local Hit Blocks":0,"Local Read Blocks":0,"Local Dirtied Blocks":0,"Local Written Blocks":0,"Temp Read Blocks":0,"Temp Written Blocks":0,"I/O Read Time":0.0,"I/O Write Time":0.0,"Temp I/O Read Time":0.0,"Temp I/O Write Time":0.0}]}]}]},"Planning":{"Shared Hit Blocks":36,"Shared Read Blocks":0,"Shared Dirtied Blocks":0,"Shared Written Blocks":0,"Local Hit Blocks":0,"Local Read Blocks":0,"Local Dirtied Blocks":0,"Local Written Blocks":0,"Temp Read Blocks":0,"Temp Written Blocks":0,"I/O Read Time":0.0,"I/O Write Time":0.0,"Temp I/O Read Time":0.0,"Temp I/O Write Time":0.0},"Planning Time":0.941,"Triggers":[],"Execution Time":13800.321}]
[列存组合]: stock, supplier
[{"Plan":{"Node Type":"Sort","Parallel Aware":false,"Async Capable":false,"Startup Cost":1923345.9,"Total Cost":1923345.9,"Plan Rows":2,"Plan Width":164,"Actual Startup Time":9552.98,"Actual Total Time":9553.09,"Actual Rows":2295,"Actual Loops":1,"Output":["supplier.su_suppkey","supplier.su_name","nation.n_name","item.i_id","item.i_name","supplier.su_address","supplier.su_phone","supplier.su_comment"],"Sort Key":["nation.n_name","supplier.su_name","item.i_id"],"Sort Method":"quicksort","Sort Space Used":568,"Sort Space Type":"Memory","Shared Hit Blocks":23618,"Shared Read Blocks":0,"Shared Dirtied Blocks":0,"Shared Written Blocks":0,"Local Hit Blocks":0,"Local Read Blocks":0,"Local Dirtied Blocks":0,"Local Written Blocks":0,"Temp Read Blocks":8330,"Temp Written Blocks":14781,"I/O Read Time":0.0,"I/O Write Time":0.0,"Temp I/O Read Time":12.549,"Temp I/O Write Time":48.476,"Plans":[{"Node Type":"Hash Join","Parent Relationship":"Outer","Parallel Aware":false,"Async Capable":false,"Join Type":"Inner","Startup Cost":857687.42,"Total Cost":1923345.89,"Plan Rows":2,"Plan Width":164,"Actual Startup Time":8740.926,"Actual Total Time":9548.672,"Actual Rows":2295,"Actual Loops":1,"Output":["supplier.su_suppkey","supplier.su_name","nation.n_name","item.i_id","item.i_name","supplier.su_address","supplier.su_phone","supplier.su_comment"],"Inner Unique":true,"Hash Cond":"(nation.n_regionkey = region.r_regionkey)","Shared Hit Blocks":23618,"Shared Read Blocks":0,"Shared Dirtied Blocks":0,"Shared Written Blocks":0,"Local Hit Blocks":0,"Local Read Blocks":0,"Local Dirtied Blocks":0,"Local Written Blocks":0,"Temp Read Blocks":8330,"Temp Written Blocks":14781,"I/O Read Time":0.0,"I/O Write Time":0.0,"Temp I/O Read Time":12.549,"Temp I/O Write Time":48.476,"Plans":[{"Node Type":"Nested Loop","Parent Relationship":"Outer","Parallel Aware":false,"Async Capable":false,"Join Type":"Inner","Startup Cost":857686.35,"Total Cost":1923344.77,"Plan Rows":10,"Plan Width":168,"Actual Startup Time":8740.86,"Actual Total Time":9547.784,"Actual Rows":4450,"Actual Loops":1,"Output":["item.i_id","item.i_name","supplier.su_suppkey","supplier.su_name","supplier.su_address","supplier.su_phone","supplier.su_comment","nation.n_name","nation.n_regionkey"],"Inner Unique":true,"Shared Hit Blocks":23617,"Shared Read Blocks":0,"Shared Dirtied Blocks":0,"Shared Written Blocks":0,"Local Hit Blocks":0,"Local Read Blocks":0,"Local Dirtied Blocks":0,"Local Written Blocks":0,"Temp Read Blocks":8330,"Temp Written Blocks":14781,"I/O Read Time":0.0,"I/O Write Time":0.0,"Temp I/O Read Time":12.549,"Temp I/O Write Time":48.476,"Plans":[{"Node Type":"Nested Loop","Parent Relationship":"Outer","Parallel Aware":false,"Async Capable":false,"Join Type":"Inner","Startup Cost":857686.21,"Total Cost":1923343.18,"Plan Rows":10,"Plan Width":160,"Actual Startup Time":8740.842,"Actual Total Time":9542.584,"Actual Rows":4450,"Actual Loops":1,"Output":["item.i_id","item.i_name","supplier.su_suppkey","supplier.su_name","supplier.su_address","supplier.su_phone","supplier.su_comment","supplier.su_nationkey"],"Inner Unique":true,"Shared Hit Blocks":14717,"Shared Read Blocks":0,"Shared Dirtied Blocks":0,"Shared Written Blocks":0,"Local Hit Blocks":0,"Local Read Blocks":0,"Local Dirtied Blocks":0,"Local Written Blocks":0,"Temp Read Blocks":8330,"Temp Written Blocks":14781,"I/O Read Time":0.0,"I/O Write Time":0.0,"Temp I/O Read Time":12.549,"Temp I/O Write Time":48.476,"Plans":[{"Node Type":"Hash Join","Parent Relationship":"Outer","Parallel Aware":false,"Async Capable":false,"Join Type":"Inner","Startup Cost":857685.92,"Total Cost":1923310.69,"Plan Rows":10,"Plan Width":35,"Actual Startup Time":8740.793,"Actual Total Time":9530.876,"Actual Rows":4450,"Actual Loops":1,"Output":["item.i_id","item.i_name","stock.s_i_id","stock.s_w_id"],"Inner Unique":true,"Hash Cond":"((item.i_id = stock_1.s_i_id) AND (stock.s_quantity = (min(stock_1.s_quantity))))","Shared Hit Blocks":1367,"Shared Read Blocks":0,"Shared Dirtied Blocks":0,"Shared Written Blocks":0,"Local Hit Blocks":0,"Local Read Blocks":0,"Local Dirtied Blocks":0,"Local Written Blocks":0,"Temp Read Blocks":8330,"Temp Written Blocks":14781,"I/O Read Time":0.0,"I/O Write Time":0.0,"Temp I/O Read Time":12.549,"Temp I/O Write Time":48.476,"Plans":[{"Node Type":"Hash Join","Parent Relationship":"Outer","Parallel Aware":false,"Async Capable":false,"Join Type":"Inner","Startup Cost":2635.12,"Total Cost":1068249.4,"Plan Rows":2000,"Plan Width":37,"Actual Startup Time":16.797,"Actual Total Time":758.696,"Actual Rows":314400,"Actual Loops":1,"Output":["item.i_id","item.i_name","stock.s_i_id","stock.s_w_id","stock.s_quantity"],"Inner Unique":true,"Hash Cond":"(stock.s_i_id = item.i_id)","Shared Hit Blocks":1365,"Shared Read Blocks":0,"Shared Dirtied Blocks":0,"Shared Written Blocks":0,"Local Hit Blocks":0,"Local Read Blocks":0,"Local Dirtied Blocks":0,"Local Written Blocks":0,"Temp Read Blocks":0,"Temp Written Blocks":0,"I/O Read Time":0.0,"I/O Write Time":0.0,"Temp I/O Read Time":0.0,"Temp I/O Write Time":0.0,"Plans":[{"Node Type":"Append","Parent Relationship":"Outer","Parallel Aware":false,"Async Capable":false,"Startup Cost":20.0,"Total Cost":1013131.49,"Plan Rows":20000212,"Plan Width":8,"Actual Startup Time":1.397,"Actual Total Time":684.077,"Actual Rows":314400,"Actual Loops":1,"Shared Hit Blocks":0,"Shared Read Blocks":0,"Shared Dirtied Blocks":0,"Shared Written Blocks":0,"Local Hit Blocks":0,"Local Read Blocks":0,"Local Dirtied Blocks":0,"Local Written Blocks":0,"Temp Read Blocks":0,"Temp Written Blocks":0,"I/O Read Time":0.0,"I/O Write Time":0.0,"Temp I/O Read Time":0.0,"Temp I/O Write Time":0.0,"Subplans Removed":0,"Plans":[{"Node Type":"Custom Scan","Parent Relationship":"Member","Custom Plan Provider":"columnar scan","Parallel Aware":false,"Async Capable":false,"Relation Name":"stock","Schema":"public","Alias":"stock","Startup Cost":20.0,"Total Cost":430020.1,"Plan Rows":20000000,"Plan Width":8,"Actual Startup Time":1.396,"Actual Total Time":662.231,"Actual Rows":314400,"Actual Loops":1,"Output":["stock.s_i_id","stock.s_w_id","stock.s_quantity"],"Rows Removed by Columnar Filter":19685600,"Rows Filtered by Bloom Filter":0,"Dictionary Rows Filtered by Bloom Filter":19685600,"Columnar cache search mode":"native","Shared Hit Blocks":0,"Shared Read Blocks":0,"Shared Dirtied Blocks":0,"Shared Written Blocks":0,"Local Hit Blocks":0,"Local Read Blocks":0,"Local Dirtied Blocks":0,"Local Written Blocks":0,"Temp Read Blocks":0,"Temp Written Blocks":0,"I/O Read Time":0.0,"I/O Write Time":0.0,"Temp I/O Read Time":0.0,"Temp I/O Write Time":0.0},{"Node Type":"Seq Scan","Parent Relationship":"Member","Parallel Aware":false,"Async Capable":false,"Relation Name":"stock","Schema":"public","Alias":"stock","Startup Cost":0.0,"Total Cost":6.12,"Plan Rows":212,"Plan Width":8,"Actual Startup Time":0.0,"Actual Total Time":0.0,"Actual Rows":0,"Actual Loops":0,"Output":["stock.s_i_id","stock.s_w_id","stock.s_quantity"],"Shared Hit Blocks":0,"Shared Read Blocks":0,"Shared Dirtied Blocks":0,"Shared Written Blocks":0,"Local Hit Blocks":0,"Local Read Blocks":0,"Local Dirtied Blocks":0,"Local Written Blocks":0,"Temp Read Blocks":0,"Temp Written Blocks":0,"I/O Read Time":0.0,"I/O Write Time":0.0,"Temp I/O Read Time":0.0,"Temp I/O Write Time":0.0}]},{"Node Type":"Hash","Parent Relationship":"Inner","Parallel Aware":false,"Async Capable":false,"Startup Cost":2615.0,"Total Cost":2615.0,"Plan Rows":10,"Plan Width":29,"Actual Startup Time":14.976,"Actual Total Time":14.978,"Actual Rows":1572,"Actual Loops":1,"Output":["item.i_id","item.i_name"],"Hash Buckets":2048,"Original Hash Buckets":1024,"Hash Batches":1,"Original Hash Batches":1,"Peak Memory Usage":110,"Shared Hit Blocks":1365,"Shared Read Blocks":0,"Shared Dirtied Blocks":0,"Shared Written Blocks":0,"Local Hit Blocks":0,"Local Read Blocks":0,"Local Dirtied Blocks":0,"Local Written Blocks":0,"Temp Read Blocks":0,"Temp Written Blocks":0,"I/O Read Time":0.0,"I/O Write Time":0.0,"Temp I/O Read Time":0.0,"Temp I/O Write Time":0.0,"Plans":[{"Node Type":"Seq Scan","Parent Relationship":"Outer","Parallel Aware":false,"Async Capable":false,"Relation Name":"item","Schema":"public","Alias":"item","Startup Cost":0.0,"Total Cost":2615.0,"Plan Rows":10,"Plan Width":29,"Actual Startup Time":0.014,"Actual Total Time":14.494,"Actual Rows":1572,"Actual Loops":1,"Output":["item.i_id","item.i_name"],"Filter":"((item.i_data)::text ~~ '%b'::text)","Rows Removed by Filter":98428,"Shared Hit Blocks":1365,"Shared Read Blocks":0,"Shared Dirtied Blocks":0,"Shared Written Blocks":0,"Local Hit Blocks":0,"Local Read Blocks":0,"Local Dirtied Blocks":0,"Local Written Blocks":0,"Temp Read Blocks":0,"Temp Written Blocks":0,"I/O Read Time":0.0,"I/O Write Time":0.0,"Temp I/O Read Time":0.0,"Temp I/O Write Time":0.0}]}]},{"Node Type":"Hash","Parent Relationship":"Inner","Parallel Aware":false,"Async Capable":false,"Startup Cost":853565.31,"Total Cost":853565.31,"Plan Rows":99032,"Plan Width":6,"Actual Startup Time":8723.557,"Actual Total Time":8723.571,"Actual Rows":100000,"Actual Loops":1,"Output":["stock_1.s_i_id","(min(stock_1.s_quantity))"],"Hash Buckets":131072,"Original Hash Buckets":131072,"Hash Batches":1,"Original Hash Batches":1,"Peak Memory Usage":4735,"Shared Hit Blocks":2,"Shared Read Blocks":0,"Shared Dirtied Blocks":0,"Shared Written Blocks":0,"Local Hit Blocks":0,"Local Read Blocks":0,"Local Dirtied Blocks":0,"Local Written Blocks":0,"Temp Read Blocks":8330,"Temp Written Blocks":14781,"I/O Read Time":0.0,"I/O Write Time":0.0,"Temp I/O Read Time":12.549,"Temp I/O Write Time":48.476,"Plans":[{"Node Type":"Aggregate","Strategy":"Hashed","Partial Mode":"Simple","Parent Relationship":"Outer","Parallel Aware":false,"Async Capable":false,"Startup Cost":820334.35,"Total Cost":852574.99,"Plan Rows":99032,"Plan Width":6,"Actual Startup Time":8376.999,"Actual Total Time":8707.772,"Actual Rows":100000,"Actual Loops":1,"Output":["stock_1.s_i_id","min(stock_1.s_quantity)"],"Group Key":["stock_1.s_i_id"],"Planned Partitions":0,"HashAgg Batches":5,"Peak Memory Usage":8241,"Disk Usage":68504,"Shared Hit Blocks":2,"Shared Read Blocks":0,"Shared Dirtied Blocks":0,"Shared Written Blocks":0,"Local Hit Blocks":0,"Local Read Blocks":0,"Local Dirtied Blocks":0,"Local Written Blocks":0,"Temp Read Blocks":8330,"Temp Written Blocks":14781,"I/O Read Time":0.0,"I/O Write Time":0.0,"Temp I/O Read Time":12.549,"Temp I/O Write Time":48.476,"Plans":[{"Node Type":"Hash Join","Parent Relationship":"Outer","Parallel Aware":false,"Async Capable":false,"Join Type":"Inner","Startup Cost":324.02,"Total Cost":595331.98,"Plan Rows":4000042,"Plan Width":6,"Actual Startup Time":2.214,"Actual Total Time":7044.186,"Actual Rows":6959700,"Actual Loops":1,"Output":["stock_1.s_i_id","stock_1.s_quantity"],"Inner Unique":false,"Hash Cond":"(mod((stock_1.s_w_id * stock_1.s_i_id), 10000) = supplier_1.su_suppkey)","Shared Hit Blocks":2,"Shared Read Blocks":0,"Shared Dirtied Blocks":0,"Shared Written Blocks":0,"Local Hit Blocks":0,"Local Read Blocks":0,"Local Dirtied Blocks":0,"Local Written Blocks":0,"Temp Read Blocks":0,"Temp Written Blocks":0,"I/O Read Time":0.0,"I/O Write Time":0.0,"Temp I/O Read Time":0.0,"Temp I/O Write Time":0.0,"Plans":[{"Node Type":"Append","Parent Relationship":"Outer","Parallel Aware":false,"Async Capable":false,"Startup Cost":20.0,"Total Cost":430026.22,"Plan Rows":20000212,"Plan Width":8,"Actual Startup Time":0.008,"Actual Total Time":4144.912,"Actual Rows":20000000,"Actual Loops":1,"Shared Hit Blocks":0,"Shared Read Blocks":0,"Shared Dirtied Blocks":0,"Shared Written Blocks":0,"Local Hit Blocks":0,"Local Read Blocks":0,"Local Dirtied Blocks":0,"Local Written Blocks":0,"Temp Read Blocks":0,"Temp Written Blocks":0,"I/O Read Time":0.0,"I/O Write Time":0.0,"Temp I/O Read Time":0.0,"Temp I/O Write Time":0.0,"Subplans Removed":0,"Plans":[{"Node Type":"Custom Scan","Parent Relationship":"Member","Custom Plan Provider":"columnar scan","Parallel Aware":false,"Async Capable":false,"Relation Name":"stock","Schema":"public","Alias":"stock_1","Startup Cost":20.0,"Total Cost":430020.1,"Plan Rows":20000000,"Plan Width":8,"Actual Startup Time":0.008,"Actual Total Time":2755.735,"Actual Rows":20000000,"Actual Loops":1,"Output":["stock_1.s_i_id","stock_1.s_quantity","stock_1.s_w_id"],"Rows Removed by Columnar Filter":0,"Columnar cache search mode":"native","Shared Hit Blocks":0,"Shared Read Blocks":0,"Shared Dirtied Blocks":0,"Shared Written Blocks":0,"Local Hit Blocks":0,"Local Read Blocks":0,"Local Dirtied Blocks":0,"Local Written Blocks":0,"Temp Read Blocks":0,"Temp Written Blocks":0,"I/O Read Time":0.0,"I/O Write Time":0.0,"Temp I/O Read Time":0.0,"Temp I/O Write Time":0.0},{"Node Type":"Seq Scan","Parent Relationship":"Member","Parallel Aware":false,"Async Capable":false,"Relation Name":"stock","Schema":"public","Alias":"stock_1","Startup Cost":0.0,"Total Cost":6.12,"Plan Rows":212,"Plan Width":8,"Actual Startup Time":0.0,"Actual Total Time":0.0,"Actual Rows":0,"Actual Loops":0,"Output":["stock_1.s_i_id","stock_1.s_quantity","stock_1.s_w_id"],"Shared Hit Blocks":0,"Shared Read Blocks":0,"Shared Dirtied Blocks":0,"Shared Written Blocks":0,"Local Hit Blocks":0,"Local Read Blocks":0,"Local Dirtied Blocks":0,"Local Written Blocks":0,"Temp Read Blocks":0,"Temp Written Blocks":0,"I/O Read Time":0.0,"I/O Write Time":0.0,"Temp I/O Read Time":0.0,"Temp I/O Write Time":0.0}]},{"Node Type":"Hash","Parent Relationship":"Inner","Parallel Aware":false,"Async Capable":false,"Startup Cost":279.02,"Total Cost":279.02,"Plan Rows":2000,"Plan Width":4,"Actual Startup Time":2.194,"Actual Total Time":2.206,"Actual Rows":3506,"Actual Loops":1,"Output":["supplier_1.su_suppkey"],"Hash Buckets":4096,"Original Hash Buckets":2048,"Hash Batches":1,"Original Hash Batches":1,"Peak Memory Usage":156,"Shared Hit Blocks":2,"Shared Read Blocks":0,"Shared Dirtied Blocks":0,"Shared Written Blocks":0,"Local Hit Blocks":0,"Local Read Blocks":0,"Local Dirtied Blocks":0,"Local Written Blocks":0,"Temp Read Blocks":0,"Temp Written Blocks":0,"I/O Read Time":0.0,"I/O Write Time":0.0,"Temp I/O Read Time":0.0,"Temp I/O Write Time":0.0,"Plans":[{"Node Type":"Hash Join","Parent Relationship":"Outer","Parallel Aware":false,"Async Capable":false,"Join Type":"Inner","Startup Cost":23.14,"Total Cost":279.02,"Plan Rows":2000,"Plan Width":4,"Actual Startup Time":0.489,"Actual Total Time":1.779,"Actual Rows":3506,"Actual Loops":1,"Output":["supplier_1.su_suppkey"],"Inner Unique":false,"Hash Cond":"(supplier_1.su_nationkey = nation_1.n_nationkey)","Shared Hit Blocks":2,"Shared Read Blocks":0,"Shared Dirtied Blocks":0,"Shared Written Blocks":0,"Local Hit Blocks":0,"Local Read Blocks":0,"Local Dirtied Blocks":0,"Local Written Blocks":0,"Temp Read Blocks":0,"Temp Written Blocks":0,"I/O Read Time":0.0,"I/O Write Time":0.0,"Temp I/O Read Time":0.0,"Temp I/O Write Time":0.0,"Plans":[{"Node Type":"Append","Parent Relationship":"Outer","Parallel Aware":false,"Async Capable":false,"Startup Cost":20.0,"Total Cost":219.01,"Plan Rows":10001,"Plan Width":8,"Actual Startup Time":0.088,"Actual Total Time":0.805,"Actual Rows":3506,"Actual Loops":1,"Shared Hit Blocks":0,"Shared Read Blocks":0,"Shared Dirtied Blocks":0,"Shared Written Blocks":0,"Local Hit Blocks":0,"Local Read Blocks":0,"Local Dirtied Blocks":0,"Local Written Blocks":0,"Temp Read Blocks":0,"Temp Written Blocks":0,"I/O Read Time":0.0,"I/O Write Time":0.0,"Temp I/O Read Time":0.0,"Temp I/O Write Time":0.0,"Subplans Removed":0,"Plans":[{"Node Type":"Custom Scan","Parent Relationship":"Member","Custom Plan Provider":"columnar scan","Parallel Aware":false,"Async Capable":false,"Relation Name":"supplier","Schema":"public","Alias":"supplier_1","Startup Cost":20.0,"Total Cost":215.0,"Plan Rows":10000,"Plan Width":8,"Actual Startup Time":0.088,"Actual Total Time":0.562,"Actual Rows":3506,"Actual Loops":1,"Output":["supplier_1.su_suppkey","supplier_1.su_nationkey"],"Rows Removed by Columnar Filter":6494,"Rows Filtered by Bloom Filter":0,"Dictionary Rows Filtered by Bloom Filter":6494,"Columnar cache search mode":"native","Shared Hit Blocks":0,"Shared Read Blocks":0,"Shared Dirtied Blocks":0,"Shared Written Blocks":0,"Local Hit Blocks":0,"Local Read Blocks":0,"Local Dirtied Blocks":0,"Local Written Blocks":0,"Temp Read Blocks":0,"Temp Written Blocks":0,"I/O Read Time":0.0,"I/O Write Time":0.0,"Temp I/O Read Time":0.0,"Temp I/O Write Time":0.0},{"Node Type":"Seq Scan","Parent Relationship":"Member","Parallel Aware":false,"Async Capable":false,"Relation Name":"supplier","Schema":"public","Alias":"supplier_1","Startup Cost":0.0,"Total Cost":4.01,"Plan Rows":1,"Plan Width":8,"Actual Startup Time":0.0,"Actual Total Time":0.0,"Actual Rows":0,"Actual Loops":0,"Output":["supplier_1.su_suppkey","supplier_1.su_nationkey"],"Shared Hit Blocks":0,"Shared Read Blocks":0,"Shared Dirtied Blocks":0,"Shared Written Blocks":0,"Local Hit Blocks":0,"Local Read Blocks":0,"Local Dirtied Blocks":0,"Local Written Blocks":0,"Temp Read Blocks":0,"Temp Written Blocks":0,"I/O Read Time":0.0,"I/O Write Time":0.0,"Temp I/O Read Time":0.0,"Temp I/O Write Time":0.0}]},{"Node Type":"Hash","Parent Relationship":"Inner","Parallel Aware":false,"Async Capable":false,"Startup Cost":2.99,"Total Cost":2.99,"Plan Rows":12,"Plan Width":4,"Actual Startup Time":0.04,"Actual Total Time":0.046,"Actual Rows":22,"Actual Loops":1,"Output":["nation_1.n_nationkey"],"Hash Buckets":1024,"Original Hash Buckets":1024,"Hash Batches":1,"Original Hash Batches":1,"Peak Memory Usage":9,"Shared Hit Blocks":2,"Shared Read Blocks":0,"Shared Dirtied Blocks":0,"Shared Written Blocks":0,"Local Hit Blocks":0,"Local Read Blocks":0,"Local Dirtied Blocks":0,"Local Written Blocks":0,"Temp Read Blocks":0,"Temp Written Blocks":0,"I/O Read Time":0.0,"I/O Write Time":0.0,"Temp I/O Read Time":0.0,"Temp I/O Write Time":0.0,"Plans":[{"Node Type":"Hash Join","Parent Relationship":"Outer","Parallel Aware":false,"Async Capable":false,"Join Type":"Inner","Startup Cost":1.07,"Total Cost":2.99,"Plan Rows":12,"Plan Width":4,"Actual Startup Time":0.022,"Actual Total Time":0.039,"Actual Rows":22,"Actual Loops":1,"Output":["nation_1.n_nationkey"],"Inner Unique":true,"Hash Cond":"(nation_1.n_regionkey = region_1.r_regionkey)","Shared Hit Blocks":2,"Shared Read Blocks":0,"Shared Dirtied Blocks":0,"Shared Written Blocks":0,"Local Hit Blocks":0,"Local Read Blocks":0,"Local Dirtied Blocks":0,"Local Written Blocks":0,"Temp Read Blocks":0,"Temp Written Blocks":0,"I/O Read Time":0.0,"I/O Write Time":0.0,"Temp I/O Read Time":0.0,"Temp I/O Write Time":0.0,"Plans":[{"Node Type":"Seq Scan","Parent Relationship":"Outer","Parallel Aware":false,"Async Capable":false,"Relation Name":"nation","Schema":"public","Alias":"nation_1","Startup Cost":0.0,"Total Cost":1.62,"Plan Rows":62,"Plan Width":8,"Actual Startup Time":0.005,"Actual Total Time":0.009,"Actual Rows":62,"Actual Loops":1,"Output":["nation_1.n_nationkey","nation_1.n_name","nation_1.n_regionkey","nation_1.n_comment"],"Shared Hit Blocks":1,"Shared Read Blocks":0,"Shared Dirtied Blocks":0,"Shared Written Blocks":0,"Local Hit Blocks":0,"Local Read Blocks":0,"Local Dirtied Blocks":0,"Local Written Blocks":0,"Temp Read Blocks":0,"Temp Written Blocks":0,"I/O Read Time":0.0,"I/O Write Time":0.0,"Temp I/O Read Time":0.0,"Temp I/O Write Time":0.0},{"Node Type":"Hash","Parent Relationship":"Inner","Parallel Aware":false,"Async Capable":false,"Startup Cost":1.06,"Total Cost":1.06,"Plan Rows":1,"Plan Width":4,"Actual Startup Time":0.005,"Actual Total Time":0.007,"Actual Rows":1,"Actual Loops":1,"Output":["region_1.r_regionkey"],"Hash Buckets":1024,"Original Hash Buckets":1024,"Hash Batches":1,"Original Hash Batches":1,"Peak Memory Usage":9,"Shared Hit Blocks":1,"Shared Read Blocks":0,"Shared Dirtied Blocks":0,"Shared Written Blocks":0,"Local Hit Blocks":0,"Local Read Blocks":0,"Local Dirtied Blocks":0,"Local Written Blocks":0,"Temp Read Blocks":0,"Temp Written Blocks":0,"I/O Read Time":0.0,"I/O Write Time":0.0,"Temp I/O Read Time":0.0,"Temp I/O Write Time":0.0,"Plans":[{"Node Type":"Seq Scan","Parent Relationship":"Outer","Parallel Aware":false,"Async Capable":false,"Relation Name":"region","Schema":"public","Alias":"region_1","Startup Cost":0.0,"Total Cost":1.06,"Plan Rows":1,"Plan Width":4,"Actual Startup Time":0.003,"Actual Total Time":0.003,"Actual Rows":1,"Actual Loops":1,"Output":["region_1.r_regionkey"],"Filter":"((region_1.r_name)::text ~~ 'Europ%'::text)","Rows Removed by Filter":4,"Shared Hit Blocks":1,"Shared Read Blocks":0,"Shared Dirtied Blocks":0,"Shared Written Blocks":0,"Local Hit Blocks":0,"Local Read Blocks":0,"Local Dirtied Blocks":0,"Local Written Blocks":0,"Temp Read Blocks":0,"Temp Written Blocks":0,"I/O Read Time":0.0,"I/O Write Time":0.0,"Temp I/O Read Time":0.0,"Temp I/O Write Time":0.0}]}]}]}]}]}]}]}]}]},{"Node Type":"Index Scan","Parent Relationship":"Inner","Parallel Aware":false,"Async Capable":false,"Scan Direction":"Forward","Index Name":"supplier_pk","Relation Name":"supplier","Schema":"public","Alias":"supplier","Startup Cost":0.29,"Total Cost":3.25,"Plan Rows":1,"Plan Width":131,"Actual Startup Time":0.002,"Actual Total Time":0.002,"Actual Rows":1,"Actual Loops":4450,"Output":["supplier.su_suppkey","supplier.su_name","supplier.su_address","supplier.su_nationkey","supplier.su_phone","supplier.su_acctbal","supplier.su_comment"],"Index Cond":"(supplier.su_suppkey = mod((stock.s_w_id * stock.s_i_id), 10000))","Rows Removed by Index Recheck":0,"Shared Hit Blocks":13350,"Shared Read Blocks":0,"Shared Dirtied Blocks":0,"Shared Written Blocks":0,"Local Hit Blocks":0,"Local Read Blocks":0,"Local Dirtied Blocks":0,"Local Written Blocks":0,"Temp Read Blocks":0,"Temp Written Blocks":0,"I/O Read Time":0.0,"I/O Write Time":0.0,"Temp I/O Read Time":0.0,"Temp I/O Write Time":0.0}]},{"Node Type":"Index Scan","Parent Relationship":"Inner","Parallel Aware":false,"Async Capable":false,"Scan Direction":"Forward","Index Name":"nation_pk","Relation Name":"nation","Schema":"public","Alias":"nation","Startup Cost":0.14,"Total Cost":0.16,"Plan Rows":1,"Plan Width":16,"Actual Startup Time":0.001,"Actual Total Time":0.001,"Actual Rows":1,"Actual Loops":4450,"Output":["nation.n_nationkey","nation.n_name","nation.n_regionkey","nation.n_comment"],"Index Cond":"(nation.n_nationkey = supplier.su_nationkey)","Rows Removed by Index Recheck":0,"Shared Hit Blocks":8900,"Shared Read Blocks":0,"Shared Dirtied Blocks":0,"Shared Written Blocks":0,"Local Hit Blocks":0,"Local Read Blocks":0,"Local Dirtied Blocks":0,"Local Written Blocks":0,"Temp Read Blocks":0,"Temp Written Blocks":0,"I/O Read Time":0.0,"I/O Write Time":0.0,"Temp I/O Read Time":0.0,"Temp I/O Write Time":0.0}]},{"Node Type":"Hash","Parent Relationship":"Inner","Parallel Aware":false,"Async Capable":false,"Startup Cost":1.06,"Total Cost":1.06,"Plan Rows":1,"Plan Width":4,"Actual Startup Time":0.019,"Actual Total Time":0.019,"Actual Rows":1,"Actual Loops":1,"Output":["region.r_regionkey"],"Hash Buckets":1024,"Original Hash Buckets":1024,"Hash Batches":1,"Original Hash Batches":1,"Peak Memory Usage":9,"Shared Hit Blocks":1,"Shared Read Blocks":0,"Shared Dirtied Blocks":0,"Shared Written Blocks":0,"Local Hit Blocks":0,"Local Read Blocks":0,"Local Dirtied Blocks":0,"Local Written Blocks":0,"Temp Read Blocks":0,"Temp Written Blocks":0,"I/O Read Time":0.0,"I/O Write Time":0.0,"Temp I/O Read Time":0.0,"Temp I/O Write Time":0.0,"Plans":[{"Node Type":"Seq Scan","Parent Relationship":"Outer","Parallel Aware":false,"Async Capable":false,"Relation Name":"region","Schema":"public","Alias":"region","Startup Cost":0.0,"Total Cost":1.06,"Plan Rows":1,"Plan Width":4,"Actual Startup Time":0.014,"Actual Total Time":0.015,"Actual Rows":1,"Actual Loops":1,"Output":["region.r_regionkey"],"Filter":"((region.r_name)::text ~~ 'Europ%'::text)","Rows Removed by Filter":4,"Shared Hit Blocks":1,"Shared Read Blocks":0,"Shared Dirtied Blocks":0,"Shared Written Blocks":0,"Local Hit Blocks":0,"Local Read Blocks":0,"Local Dirtied Blocks":0,"Local Written Blocks":0,"Temp Read Blocks":0,"Temp Written Blocks":0,"I/O Read Time":0.0,"I/O Write Time":0.0,"Temp I/O Read Time":0.0,"Temp I/O Write Time":0.0}]}]}]},"Planning":{"Shared Hit Blocks":36,"Shared Read Blocks":0,"Shared Dirtied Blocks":0,"Shared Written Blocks":0,"Local Hit Blocks":0,"Local Read Blocks":0,"Local Dirtied Blocks":0,"Local Written Blocks":0,"Temp Read Blocks":0,"Temp Written Blocks":0,"I/O Read Time":0.0,"I/O Write Time":0.0,"Temp I/O Read Time":0.0,"Temp I/O Write Time":0.0},"Planning Time":2.524,"Triggers":[],"Execution Time":9567.124}]
[列存组合]: item, nation, region
[{"Plan":{"Node Type":"Sort","Parallel Aware":false,"Async Capable":false,"Startup Cost":2544943.68,"Total Cost":2544943.68,"Plan Rows":2,"Plan Width":164,"Actual Startup Time":13723.179,"Actual Total Time":13723.294,"Actual Rows":2295,"Actual Loops":1,"Output":["supplier.su_suppkey","supplier.su_name","nation.n_name","item.i_id","item.i_name","supplier.su_address","supplier.su_phone","supplier.su_comment"],"Sort Key":["nation.n_name","supplier.su_name","item.i_id"],"Sort Method":"quicksort","Sort Space Used":568,"Sort Space Type":"Memory","Shared Hit Blocks":1689254,"Shared Read Blocks":0,"Shared Dirtied Blocks":0,"Shared Written Blocks":0,"Local Hit Blocks":0,"Local Read Blocks":0,"Local Dirtied Blocks":0,"Local Written Blocks":0,"Temp Read Blocks":8330,"Temp Written Blocks":14781,"I/O Read Time":0.0,"I/O Write Time":0.0,"Temp I/O Read Time":12.481,"Temp I/O Write Time":53.184,"Plans":[{"Node Type":"Hash Join","Parent Relationship":"Outer","Parallel Aware":false,"Async Capable":false,"Join Type":"Inner","Startup Cost":1459002.57,"Total Cost":2544943.67,"Plan Rows":2,"Plan Width":164,"Actual Startup Time":8557.568,"Actual Total Time":13717.877,"Actual Rows":2295,"Actual Loops":1,"Output":["supplier.su_suppkey","supplier.su_name","nation.n_name","item.i_id","item.i_name","supplier.su_address","supplier.su_phone","supplier.su_comment"],"Inner Unique":true,"Hash Cond":"(nation.n_regionkey = region.r_regionkey)","Shared Hit Blocks":1689254,"Shared Read Blocks":0,"Shared Dirtied Blocks":0,"Shared Written Blocks":0,"Local Hit Blocks":0,"Local Read Blocks":0,"Local Dirtied Blocks":0,"Local Written Blocks":0,"Temp Read Blocks":8330,"Temp Written Blocks":14781,"I/O Read Time":0.0,"I/O Write Time":0.0,"Temp I/O Read Time":12.481,"Temp I/O Write Time":53.184,"Plans":[{"Node Type":"Nested Loop","Parent Relationship":"Outer","Parallel Aware":false,"Async Capable":false,"Join Type":"Inner","Startup Cost":1459001.49,"Total Cost":2544942.54,"Plan Rows":10,"Plan Width":168,"Actual Startup Time":8557.036,"Actual Total Time":13716.547,"Actual Rows":4450,"Actual Loops":1,"Output":["item.i_id","item.i_name","supplier.su_suppkey","supplier.su_name","supplier.su_address","supplier.su_phone","supplier.su_comment","nation.n_name","nation.n_regionkey"],"Inner Unique":true,"Shared Hit Blocks":1689253,"Shared Read Blocks":0,"Shared Dirtied Blocks":0,"Shared Written Blocks":0,"Local Hit Blocks":0,"Local Read Blocks":0,"Local Dirtied Blocks":0,"Local Written Blocks":0,"Temp Read Blocks":8330,"Temp Written Blocks":14781,"I/O Read Time":0.0,"I/O Write Time":0.0,"Temp I/O Read Time":12.481,"Temp I/O Write Time":53.184,"Plans":[{"Node Type":"Nested Loop","Parent Relationship":"Outer","Parallel Aware":false,"Async Capable":false,"Join Type":"Inner","Startup Cost":1459001.35,"Total Cost":2544940.95,"Plan Rows":10,"Plan Width":160,"Actual Startup Time":8557.019,"Actual Total Time":13710.002,"Actual Rows":4450,"Actual Loops":1,"Output":["item.i_id","item.i_name","supplier.su_suppkey","supplier.su_name","supplier.su_address","supplier.su_phone","supplier.su_comment","supplier.su_nationkey"],"Inner Unique":true,"Shared Hit Blocks":1680353,"Shared Read Blocks":0,"Shared Dirtied Blocks":0,"Shared Written Blocks":0,"Local Hit Blocks":0,"Local Read Blocks":0,"Local Dirtied Blocks":0,"Local Written Blocks":0,"Temp Read Blocks":8330,"Temp Written Blocks":14781,"I/O Read Time":0.0,"I/O Write Time":0.0,"Temp I/O Read Time":12.481,"Temp I/O Write Time":53.184,"Plans":[{"Node Type":"Hash Join","Parent Relationship":"Outer","Parallel Aware":false,"Async Capable":false,"Join Type":"Inner","Startup Cost":1459001.06,"Total Cost":2544908.47,"Plan Rows":10,"Plan Width":35,"Actual Startup Time":8556.978,"Actual Total Time":13693.146,"Actual Rows":4450,"Actual Loops":1,"Output":["item.i_id","item.i_name","stock.s_i_id","stock.s_w_id"],"Inner Unique":true,"Hash Cond":"((item.i_id = stock_1.s_i_id) AND (stock.s_quantity = (min(stock_1.s_quantity))))","Shared Hit Blocks":1667003,"Shared Read Blocks":0,"Shared Dirtied Blocks":0,"Shared Written Blocks":0,"Local Hit Blocks":0,"Local Read Blocks":0,"Local Dirtied Blocks":0,"Local Written Blocks":0,"Temp Read Blocks":8330,"Temp Written Blocks":14781,"I/O Read Time":0.0,"I/O Write Time":0.0,"Temp I/O Read Time":12.481,"Temp I/O Write Time":53.184,"Plans":[{"Node Type":"Hash Join","Parent Relationship":"Outer","Parallel Aware":false,"Async Capable":false,"Join Type":"Inner","Startup Cost":484.4,"Total Cost":1086381.3,"Plan Rows":2000,"Plan Width":37,"Actual Startup Time":8.479,"Actual Total Time":5067.82,"Actual Rows":314400,"Actual Loops":1,"Output":["item.i_id","item.i_name","stock.s_i_id","stock.s_w_id","stock.s_quantity"],"Inner Unique":true,"Hash Cond":"(stock.s_i_id = item.i_id)","Shared Hit Blocks":833392,"Shared Read Blocks":0,"Shared Dirtied Blocks":0,"Shared Written Blocks":0,"Local Hit Blocks":0,"Local Read Blocks":0,"Local Dirtied Blocks":0,"Local Written Blocks":0,"Temp Read Blocks":0,"Temp Written Blocks":0,"I/O Read Time":0.0,"I/O Write Time":0.0,"Temp I/O Read Time":0.0,"Temp I/O Write Time":0.0,"Plans":[{"Node Type":"Seq Scan","Parent Relationship":"Outer","Parallel Aware":false,"Async Capable":false,"Relation Name":"stock","Schema":"public","Alias":"stock","Startup Cost":0.0,"Total Cost":1033394.12,"Plan Rows":20000212,"Plan Width":8,"Actual Startup Time":0.006,"Actual Total Time":1715.274,"Actual Rows":20000000,"Actual Loops":1,"Output":["stock.s_i_id","stock.s_w_id","stock.s_quantity","stock.s_dist_01","stock.s_dist_02","stock.s_dist_03","stock.s_dist_04","stock.s_dist_05","stock.s_dist_06","stock.s_dist_07","stock.s_dist_08","stock.s_dist_09","stock.s_dist_10","stock.s_ytd","stock.s_order_cnt","stock.s_remote_cnt","stock.s_data"],"Shared Hit Blocks":833392,"Shared Read Blocks":0,"Shared Dirtied Blocks":0,"Shared Written Blocks":0,"Local Hit Blocks":0,"Local Read Blocks":0,"Local Dirtied Blocks":0,"Local Written Blocks":0,"Temp Read Blocks":0,"Temp Written Blocks":0,"I/O Read Time":0.0,"I/O Write Time":0.0,"Temp I/O Read Time":0.0,"Temp I/O Write Time":0.0},{"Node Type":"Hash","Parent Relationship":"Inner","Parallel Aware":false,"Async Capable":false,"Startup Cost":484.26,"Total Cost":484.26,"Plan Rows":11,"Plan Width":29,"Actual Startup Time":8.443,"Actual Total Time":8.448,"Actual Rows":1572,"Actual Loops":1,"Output":["item.i_id","item.i_name"],"Hash Buckets":2048,"Original Hash Buckets":1024,"Hash Batches":1,"Original Hash Batches":1,"Peak Memory Usage":110,"Shared Hit Blocks":0,"Shared Read Blocks":0,"Shared Dirtied Blocks":0,"Shared Written Blocks":0,"Local Hit Blocks":0,"Local Read Blocks":0,"Local Dirtied Blocks":0,"Local Written Blocks":0,"Temp Read Blocks":0,"Temp Written Blocks":0,"I/O Read Time":0.0,"I/O Write Time":0.0,"Temp I/O Read Time":0.0,"Temp I/O Write Time":0.0,"Plans":[{"Node Type":"Append","Parent Relationship":"Outer","Parallel Aware":false,"Async Capable":false,"Startup Cost":20.0,"Total Cost":484.26,"Plan Rows":11,"Plan Width":29,"Actual Startup Time":7.241,"Actual Total Time":7.997,"Actual Rows":1572,"Actual Loops":1,"Shared Hit Blocks":0,"Shared Read Blocks":0,"Shared Dirtied Blocks":0,"Shared Written Blocks":0,"Local Hit Blocks":0,"Local Read Blocks":0,"Local Dirtied Blocks":0,"Local Written Blocks":0,"Temp Read Blocks":0,"Temp Written Blocks":0,"I/O Read Time":0.0,"I/O Write Time":0.0,"Temp I/O Read Time":0.0,"Temp I/O Write Time":0.0,"Subplans Removed":0,"Plans":[{"Node Type":"Custom Scan","Parent Relationship":"Member","Custom Plan Provider":"columnar scan","Parallel Aware":false,"Async Capable":false,"Relation Name":"item","Schema":"public","Alias":"item","Startup Cost":20.0,"Total Cost":20.2,"Plan Rows":10,"Plan Width":29,"Actual Startup Time":7.24,"Actual Total Time":7.879,"Actual Rows":1572,"Actual Loops":1,"Output":["item.i_id","item.i_name"],"Filter":"((item.i_data)::text ~~ '%b'::text)","Rows Removed by Filter":0,"Rows Removed by Columnar Filter":98428,"Columnar cache search mode":"native","Shared Hit Blocks":0,"Shared Read Blocks":0,"Shared Dirtied Blocks":0,"Shared Written Blocks":0,"Local Hit Blocks":0,"Local Read Blocks":0,"Local Dirtied Blocks":0,"Local Written Blocks":0,"Temp Read Blocks":0,"Temp Written Blocks":0,"I/O Read Time":0.0,"I/O Write Time":0.0,"Temp I/O Read Time":0.0,"Temp I/O Write Time":0.0},{"Node Type":"Seq Scan","Parent Relationship":"Member","Parallel Aware":false,"Async Capable":false,"Relation Name":"item","Schema":"public","Alias":"item","Startup Cost":0.0,"Total Cost":4.01,"Plan Rows":1,"Plan Width":29,"Actual Startup Time":0.0,"Actual Total Time":0.0,"Actual Rows":0,"Actual Loops":0,"Output":["item.i_id","item.i_name"],"Filter":"((item.i_data)::text ~~ '%b'::text)","Rows Removed by Filter":0,"Shared Hit Blocks":0,"Shared Read Blocks":0,"Shared Dirtied Blocks":0,"Shared Written Blocks":0,"Local Hit Blocks":0,"Local Read Blocks":0,"Local Dirtied Blocks":0,"Local Written Blocks":0,"Temp Read Blocks":0,"Temp Written Blocks":0,"I/O Read Time":0.0,"I/O Write Time":0.0,"Temp I/O Read Time":0.0,"Temp I/O Write Time":0.0}]}]}]},{"Node Type":"Hash","Parent Relationship":"Inner","Parallel Aware":false,"Async Capable":false,"Startup Cost":1457031.19,"Total Cost":1457031.19,"Plan Rows":99032,"Plan Width":6,"Actual Startup Time":8546.19,"Actual Total Time":8546.205,"Actual Rows":100000,"Actual Loops":1,"Output":["stock_1.s_i_id","(min(stock_1.s_quantity))"],"Hash Buckets":131072,"Original Hash Buckets":131072,"Hash Batches":1,"Original Hash Batches":1,"Peak Memory Usage":4735,"Shared Hit Blocks":833611,"Shared Read Blocks":0,"Shared Dirtied Blocks":0,"Shared Written Blocks":0,"Local Hit Blocks":0,"Local Read Blocks":0,"Local Dirtied Blocks":0,"Local Written Blocks":0,"Temp Read Blocks":8330,"Temp Written Blocks":14781,"I/O Read Time":0.0,"I/O Write Time":0.0,"Temp I/O Read Time":12.481,"Temp I/O Write Time":53.184,"Plans":[{"Node Type":"Aggregate","Strategy":"Hashed","Partial Mode":"Simple","Parent Relationship":"Outer","Parallel Aware":false,"Async Capable":false,"Startup Cost":1423800.22,"Total Cost":1456040.87,"Plan Rows":99032,"Plan Width":6,"Actual Startup Time":8202.587,"Actual Total Time":8530.303,"Actual Rows":100000,"Actual Loops":1,"Output":["stock_1.s_i_id","min(stock_1.s_quantity)"],"Group Key":["stock_1.s_i_id"],"Planned Partitions":0,"HashAgg Batches":5,"Peak Memory Usage":8241,"Disk Usage":68504,"Shared Hit Blocks":833611,"Shared Read Blocks":0,"Shared Dirtied Blocks":0,"Shared Written Blocks":0,"Local Hit Blocks":0,"Local Read Blocks":0,"Local Dirtied Blocks":0,"Local Written Blocks":0,"Temp Read Blocks":8330,"Temp Written Blocks":14781,"I/O Read Time":0.0,"I/O Write Time":0.0,"Temp I/O Read Time":12.481,"Temp I/O Write Time":53.184,"Plans":[{"Node Type":"Hash Join","Parent Relationship":"Outer","Parallel Aware":false,"Async Capable":false,"Join Type":"Inner","Startup Cost":401.99,"Total Cost":1198797.86,"Plan Rows":4000042,"Plan Width":6,"Actual Startup Time":2.633,"Actual Total Time":6855.107,"Actual Rows":6959700,"Actual Loops":1,"Output":["stock_1.s_i_id","stock_1.s_quantity"],"Inner Unique":false,"Hash Cond":"(mod((stock_1.s_w_id * stock_1.s_i_id), 10000) = supplier_1.su_suppkey)","Shared Hit Blocks":833611,"Shared Read Blocks":0,"Shared Dirtied Blocks":0,"Shared Written Blocks":0,"Local Hit Blocks":0,"Local Read Blocks":0,"Local Dirtied Blocks":0,"Local Written Blocks":0,"Temp Read Blocks":0,"Temp Written Blocks":0,"I/O Read Time":0.0,"I/O Write Time":0.0,"Temp I/O Read Time":0.0,"Temp I/O Write Time":0.0,"Plans":[{"Node Type":"Seq Scan","Parent Relationship":"Outer","Parallel Aware":false,"Async Capable":false,"Relation Name":"stock","Schema":"public","Alias":"stock_1","Startup Cost":0.0,"Total Cost":1033394.12,"Plan Rows":20000212,"Plan Width":8,"Actual Startup Time":0.009,"Actual Total Time":1866.988,"Actual Rows":20000000,"Actual Loops":1,"Output":["stock_1.s_i_id","stock_1.s_w_id","stock_1.s_quantity","stock_1.s_dist_01","stock_1.s_dist_02","stock_1.s_dist_03","stock_1.s_dist_04","stock_1.s_dist_05","stock_1.s_dist_06","stock_1.s_dist_07","stock_1.s_dist_08","stock_1.s_dist_09","stock_1.s_dist_10","stock_1.s_ytd","stock_1.s_order_cnt","stock_1.s_remote_cnt","stock_1.s_data"],"Shared Hit Blocks":833392,"Shared Read Blocks":0,"Shared Dirtied Blocks":0,"Shared Written Blocks":0,"Local Hit Blocks":0,"Local Read Blocks":0,"Local Dirtied Blocks":0,"Local Written Blocks":0,"Temp Read Blocks":0,"Temp Written Blocks":0,"I/O Read Time":0.0,"I/O Write Time":0.0,"Temp I/O Read Time":0.0,"Temp I/O Write Time":0.0},{"Node Type":"Hash","Parent Relationship":"Inner","Parallel Aware":false,"Async Capable":false,"Startup Cost":376.99,"Total Cost":376.99,"Plan Rows":2000,"Plan Width":4,"Actual Startup Time":2.613,"Actual Total Time":2.623,"Actual Rows":3506,"Actual Loops":1,"Output":["supplier_1.su_suppkey"],"Hash Buckets":4096,"Original Hash Buckets":2048,"Hash Batches":1,"Original Hash Batches":1,"Peak Memory Usage":156,"Shared Hit Blocks":219,"Shared Read Blocks":0,"Shared Dirtied Blocks":0,"Shared Written Blocks":0,"Local Hit Blocks":0,"Local Read Blocks":0,"Local Dirtied Blocks":0,"Local Written Blocks":0,"Temp Read Blocks":0,"Temp Written Blocks":0,"I/O Read Time":0.0,"I/O Write Time":0.0,"Temp I/O Read Time":0.0,"Temp I/O Write Time":0.0,"Plans":[{"Node Type":"Hash Join","Parent Relationship":"Outer","Parallel Aware":false,"Async Capable":false,"Join Type":"Inner","Startup Cost":3.14,"Total Cost":376.99,"Plan Rows":2000,"Plan Width":4,"Actual Startup Time":0.051,"Actual Total Time":2.195,"Actual Rows":3506,"Actual Loops":1,"Output":["supplier_1.su_suppkey"],"Inner Unique":false,"Hash Cond":"(supplier_1.su_nationkey = nation_1.n_nationkey)","Shared Hit Blocks":219,"Shared Read Blocks":0,"Shared Dirtied Blocks":0,"Shared Written Blocks":0,"Local Hit Blocks":0,"Local Read Blocks":0,"Local Dirtied Blocks":0,"Local Written Blocks":0,"Temp Read Blocks":0,"Temp Written Blocks":0,"I/O Read Time":0.0,"I/O Write Time":0.0,"Temp I/O Read Time":0.0,"Temp I/O Write Time":0.0,"Plans":[{"Node Type":"Seq Scan","Parent Relationship":"Outer","Parallel Aware":false,"Async Capable":false,"Relation Name":"supplier","Schema":"public","Alias":"supplier_1","Startup Cost":0.0,"Total Cost":317.0,"Plan Rows":10000,"Plan Width":8,"Actual Startup Time":0.005,"Actual Total Time":0.783,"Actual Rows":10000,"Actual Loops":1,"Output":["supplier_1.su_suppkey","supplier_1.su_name","supplier_1.su_address","supplier_1.su_nationkey","supplier_1.su_phone","supplier_1.su_acctbal","supplier_1.su_comment"],"Shared Hit Blocks":217,"Shared Read Blocks":0,"Shared Dirtied Blocks":0,"Shared Written Blocks":0,"Local Hit Blocks":0,"Local Read Blocks":0,"Local Dirtied Blocks":0,"Local Written Blocks":0,"Temp Read Blocks":0,"Temp Written Blocks":0,"I/O Read Time":0.0,"I/O Write Time":0.0,"Temp I/O Read Time":0.0,"Temp I/O Write Time":0.0},{"Node Type":"Hash","Parent Relationship":"Inner","Parallel Aware":false,"Async Capable":false,"Startup Cost":2.99,"Total Cost":2.99,"Plan Rows":12,"Plan Width":4,"Actual Startup Time":0.039,"Actual Total Time":0.045,"Actual Rows":22,"Actual Loops":1,"Output":["nation_1.n_nationkey"],"Hash Buckets":1024,"Original Hash Buckets":1024,"Hash Batches":1,"Original Hash Batches":1,"Peak Memory Usage":9,"Shared Hit Blocks":2,"Shared Read Blocks":0,"Shared Dirtied Blocks":0,"Shared Written Blocks":0,"Local Hit Blocks":0,"Local Read Blocks":0,"Local Dirtied Blocks":0,"Local Written Blocks":0,"Temp Read Blocks":0,"Temp Written Blocks":0,"I/O Read Time":0.0,"I/O Write Time":0.0,"Temp I/O Read Time":0.0,"Temp I/O Write Time":0.0,"Plans":[{"Node Type":"Hash Join","Parent Relationship":"Outer","Parallel Aware":false,"Async Capable":false,"Join Type":"Inner","Startup Cost":1.07,"Total Cost":2.99,"Plan Rows":12,"Plan Width":4,"Actual Startup Time":0.022,"Actual Total Time":0.038,"Actual Rows":22,"Actual Loops":1,"Output":["nation_1.n_nationkey"],"Inner Unique":true,"Hash Cond":"(nation_1.n_regionkey = region_1.r_regionkey)","Shared Hit Blocks":2,"Shared Read Blocks":0,"Shared Dirtied Blocks":0,"Shared Written Blocks":0,"Local Hit Blocks":0,"Local Read Blocks":0,"Local Dirtied Blocks":0,"Local Written Blocks":0,"Temp Read Blocks":0,"Temp Written Blocks":0,"I/O Read Time":0.0,"I/O Write Time":0.0,"Temp I/O Read Time":0.0,"Temp I/O Write Time":0.0,"Plans":[{"Node Type":"Seq Scan","Parent Relationship":"Outer","Parallel Aware":false,"Async Capable":false,"Relation Name":"nation","Schema":"public","Alias":"nation_1","Startup Cost":0.0,"Total Cost":1.62,"Plan Rows":62,"Plan Width":8,"Actual Startup Time":0.005,"Actual Total Time":0.008,"Actual Rows":62,"Actual Loops":1,"Output":["nation_1.n_nationkey","nation_1.n_name","nation_1.n_regionkey","nation_1.n_comment"],"Shared Hit Blocks":1,"Shared Read Blocks":0,"Shared Dirtied Blocks":0,"Shared Written Blocks":0,"Local Hit Blocks":0,"Local Read Blocks":0,"Local Dirtied Blocks":0,"Local Written Blocks":0,"Temp Read Blocks":0,"Temp Written Blocks":0,"I/O Read Time":0.0,"I/O Write Time":0.0,"Temp I/O Read Time":0.0,"Temp I/O Write Time":0.0},{"Node Type":"Hash","Parent Relationship":"Inner","Parallel Aware":false,"Async Capable":false,"Startup Cost":1.06,"Total Cost":1.06,"Plan Rows":1,"Plan Width":4,"Actual Startup Time":0.007,"Actual Total Time":0.008,"Actual Rows":1,"Actual Loops":1,"Output":["region_1.r_regionkey"],"Hash Buckets":1024,"Original Hash Buckets":1024,"Hash Batches":1,"Original Hash Batches":1,"Peak Memory Usage":9,"Shared Hit Blocks":1,"Shared Read Blocks":0,"Shared Dirtied Blocks":0,"Shared Written Blocks":0,"Local Hit Blocks":0,"Local Read Blocks":0,"Local Dirtied Blocks":0,"Local Written Blocks":0,"Temp Read Blocks":0,"Temp Written Blocks":0,"I/O Read Time":0.0,"I/O Write Time":0.0,"Temp I/O Read Time":0.0,"Temp I/O Write Time":0.0,"Plans":[{"Node Type":"Seq Scan","Parent Relationship":"Outer","Parallel Aware":false,"Async Capable":false,"Relation Name":"region","Schema":"public","Alias":"region_1","Startup Cost":0.0,"Total Cost":1.06,"Plan Rows":1,"Plan Width":4,"Actual Startup Time":0.004,"Actual Total Time":0.005,"Actual Rows":1,"Actual Loops":1,"Output":["region_1.r_regionkey"],"Filter":"((region_1.r_name)::text ~~ 'Europ%'::text)","Rows Removed by Filter":4,"Shared Hit Blocks":1,"Shared Read Blocks":0,"Shared Dirtied Blocks":0,"Shared Written Blocks":0,"Local Hit Blocks":0,"Local Read Blocks":0,"Local Dirtied Blocks":0,"Local Written Blocks":0,"Temp Read Blocks":0,"Temp Written Blocks":0,"I/O Read Time":0.0,"I/O Write Time":0.0,"Temp I/O Read Time":0.0,"Temp I/O Write Time":0.0}]}]}]}]}]}]}]}]}]},{"Node Type":"Index Scan","Parent Relationship":"Inner","Parallel Aware":false,"Async Capable":false,"Scan Direction":"Forward","Index Name":"supplier_pk","Relation Name":"supplier","Schema":"public","Alias":"supplier","Startup Cost":0.29,"Total Cost":3.25,"Plan Rows":1,"Plan Width":131,"Actual Startup Time":0.003,"Actual Total Time":0.003,"Actual Rows":1,"Actual Loops":4450,"Output":["supplier.su_suppkey","supplier.su_name","supplier.su_address","supplier.su_nationkey","supplier.su_phone","supplier.su_acctbal","supplier.su_comment"],"Index Cond":"(supplier.su_suppkey = mod((stock.s_w_id * stock.s_i_id), 10000))","Rows Removed by Index Recheck":0,"Shared Hit Blocks":13350,"Shared Read Blocks":0,"Shared Dirtied Blocks":0,"Shared Written Blocks":0,"Local Hit Blocks":0,"Local Read Blocks":0,"Local Dirtied Blocks":0,"Local Written Blocks":0,"Temp Read Blocks":0,"Temp Written Blocks":0,"I/O Read Time":0.0,"I/O Write Time":0.0,"Temp I/O Read Time":0.0,"Temp I/O Write Time":0.0}]},{"Node Type":"Index Scan","Parent Relationship":"Inner","Parallel Aware":false,"Async Capable":false,"Scan Direction":"Forward","Index Name":"nation_pk","Relation Name":"nation","Schema":"public","Alias":"nation","Startup Cost":0.14,"Total Cost":0.16,"Plan Rows":1,"Plan Width":16,"Actual Startup Time":0.001,"Actual Total Time":0.001,"Actual Rows":1,"Actual Loops":4450,"Output":["nation.n_nationkey","nation.n_name","nation.n_regionkey","nation.n_comment"],"Index Cond":"(nation.n_nationkey = supplier.su_nationkey)","Rows Removed by Index Recheck":0,"Shared Hit Blocks":8900,"Shared Read Blocks":0,"Shared Dirtied Blocks":0,"Shared Written Blocks":0,"Local Hit Blocks":0,"Local Read Blocks":0,"Local Dirtied Blocks":0,"Local Written Blocks":0,"Temp Read Blocks":0,"Temp Written Blocks":0,"I/O Read Time":0.0,"I/O Write Time":0.0,"Temp I/O Read Time":0.0,"Temp I/O Write Time":0.0}]},{"Node Type":"Hash","Parent Relationship":"Inner","Parallel Aware":false,"Async Capable":false,"Startup Cost":1.06,"Total Cost":1.06,"Plan Rows":1,"Plan Width":4,"Actual Startup Time":0.017,"Actual Total Time":0.017,"Actual Rows":1,"Actual Loops":1,"Output":["region.r_regionkey"],"Hash Buckets":1024,"Original Hash Buckets":1024,"Hash Batches":1,"Original Hash Batches":1,"Peak Memory Usage":9,"Shared Hit Blocks":1,"Shared Read Blocks":0,"Shared Dirtied Blocks":0,"Shared Written Blocks":0,"Local Hit Blocks":0,"Local Read Blocks":0,"Local Dirtied Blocks":0,"Local Written Blocks":0,"Temp Read Blocks":0,"Temp Written Blocks":0,"I/O Read Time":0.0,"I/O Write Time":0.0,"Temp I/O Read Time":0.0,"Temp I/O Write Time":0.0,"Plans":[{"Node Type":"Seq Scan","Parent Relationship":"Outer","Parallel Aware":false,"Async Capable":false,"Relation Name":"region","Schema":"public","Alias":"region","Startup Cost":0.0,"Total Cost":1.06,"Plan Rows":1,"Plan Width":4,"Actual Startup Time":0.013,"Actual Total Time":0.013,"Actual Rows":1,"Actual Loops":1,"Output":["region.r_regionkey"],"Filter":"((region.r_name)::text ~~ 'Europ%'::text)","Rows Removed by Filter":4,"Shared Hit Blocks":1,"Shared Read Blocks":0,"Shared Dirtied Blocks":0,"Shared Written Blocks":0,"Local Hit Blocks":0,"Local Read Blocks":0,"Local Dirtied Blocks":0,"Local Written Blocks":0,"Temp Read Blocks":0,"Temp Written Blocks":0,"I/O Read Time":0.0,"I/O Write Time":0.0,"Temp I/O Read Time":0.0,"Temp I/O Write Time":0.0}]}]}]},"Planning":{"Shared Hit Blocks":36,"Shared Read Blocks":0,"Shared Dirtied Blocks":0,"Shared Written Blocks":0,"Local Hit Blocks":0,"Local Read Blocks":0,"Local Dirtied Blocks":0,"Local Written Blocks":0,"Temp Read Blocks":0,"Temp Written Blocks":0,"I/O Read Time":0.0,"I/O Write Time":0.0,"Temp I/O Read Time":0.0,"Temp I/O Write Time":0.0},"Planning Time":0.976,"Triggers":[],"Execution Time":13735.562}]
[列存组合]: item, nation, stock
[{"Plan":{"Node Type":"Sort","Parallel Aware":false,"Async Capable":false,"Startup Cost":899789.96,"Total Cost":899789.96,"Plan Rows":2,"Plan Width":164,"Actual Startup Time":9059.759,"Actual Total Time":9059.883,"Actual Rows":2295,"Actual Loops":1,"Output":["supplier.su_suppkey","supplier.su_name","nation.n_name","item.i_id","item.i_name","supplier.su_address","supplier.su_phone","supplier.su_comment"],"Sort Key":["nation.n_name","supplier.su_name","item.i_id"],"Sort Method":"quicksort","Sort Space Used":568,"Sort Space Type":"Memory","Shared Hit Blocks":22470,"Shared Read Blocks":0,"Shared Dirtied Blocks":0,"Shared Written Blocks":0,"Local Hit Blocks":0,"Local Read Blocks":0,"Local Dirtied Blocks":0,"Local Written Blocks":0,"Temp Read Blocks":8330,"Temp Written Blocks":14781,"I/O Read Time":0.0,"I/O Write Time":0.0,"Temp I/O Read Time":13.222,"Temp I/O Write Time":50.601,"Plans":[{"Node Type":"Hash Join","Parent Relationship":"Outer","Parallel Aware":false,"Async Capable":false,"Join Type":"Inner","Startup Cost":855194.32,"Total Cost":899789.95,"Plan Rows":2,"Plan Width":164,"Actual Startup Time":8841.256,"Actual Total Time":9055.263,"Actual Rows":2295,"Actual Loops":1,"Output":["supplier.su_suppkey","supplier.su_name","nation.n_name","item.i_id","item.i_name","supplier.su_address","supplier.su_phone","supplier.su_comment"],"Hash Cond":"(nation.n_regionkey = region.r_regionkey)","Shared Hit Blocks":22470,"Shared Read Blocks":0,"Shared Dirtied Blocks":0,"Shared Written Blocks":0,"Local Hit Blocks":0,"Local Read Blocks":0,"Local Dirtied Blocks":0,"Local Written Blocks":0,"Temp Read Blocks":8330,"Temp Written Blocks":14781,"I/O Read Time":0.0,"I/O Write Time":0.0,"Temp I/O Read Time":13.222,"Temp I/O Write Time":50.601,"Plans":[{"Node Type":"Nested Loop","Parent Relationship":"Outer","Parallel Aware":false,"Async Capable":false,"Join Type":"Inner","Startup Cost":855193.24,"Total Cost":899788.82,"Plan Rows":10,"Plan Width":168,"Actual Startup Time":8841.2,"Actual Total Time":9054.463,"Actual Rows":4450,"Actual Loops":1,"Output":["item.i_id","item.i_name","supplier.su_suppkey","supplier.su_name","supplier.su_address","supplier.su_phone","supplier.su_comment","nation.n_name","nation.n_regionkey"],"Shared Hit Blocks":22469,"Shared Read Blocks":0,"Shared Dirtied Blocks":0,"Shared Written Blocks":0,"Local Hit Blocks":0,"Local Read Blocks":0,"Local Dirtied Blocks":0,"Local Written Blocks":0,"Temp Read Blocks":8330,"Temp Written Blocks":14781,"I/O Read Time":0.0,"I/O Write Time":0.0,"Temp I/O Read Time":13.222,"Temp I/O Write Time":50.601,"Plans":[{"Node Type":"Nested Loop","Parent Relationship":"Outer","Parallel Aware":false,"Async Capable":false,"Join Type":"Inner","Startup Cost":855193.1,"Total Cost":899787.24,"Plan Rows":10,"Plan Width":160,"Actual Startup Time":8841.182,"Actual Total Time":9049.427,"Actual Rows":4450,"Actual Loops":1,"Output":["item.i_id","item.i_name","supplier.su_suppkey","supplier.su_name","supplier.su_address","supplier.su_phone","supplier.su_comment","supplier.su_nationkey"],"Shared Hit Blocks":13569,"Shared Read Blocks":0,"Shared Dirtied Blocks":0,"Shared Written Blocks":0,"Local Hit Blocks":0,"Local Read Blocks":0,"Local Dirtied Blocks":0,"Local Written Blocks":0,"Temp Read Blocks":8330,"Temp Written Blocks":14781,"I/O Read Time":0.0,"I/O Write Time":0.0,"Temp I/O Read Time":13.222,"Temp I/O Write Time":50.601,"Plans":[{"Node Type":"Hash Join","Parent Relationship":"Outer","Parallel Aware":false,"Async Capable":false,"Join Type":"Inner","Startup Cost":855192.81,"Total Cost":899754.75,"Plan Rows":10,"Plan Width":35,"Actual Startup Time":8841.129,"Actual Total Time":9040.18,"Actual Rows":4450,"Actual Loops":1,"Output":["item.i_id","item.i_name","stock.s_i_id","stock.s_w_id"],"Hash Cond":"((item.i_id = stock_1.s_i_id) AND (stock.s_quantity = (min(stock_1.s_quantity))))","Shared Hit Blocks":219,"Shared Read Blocks":0,"Shared Dirtied Blocks":0,"Shared Written Blocks":0,"Local Hit Blocks":0,"Local Read Blocks":0,"Local Dirtied Blocks":0,"Local Written Blocks":0,"Temp Read Blocks":8330,"Temp Written Blocks":14781,"I/O Read Time":0.0,"I/O Write Time":0.0,"Temp I/O Read Time":13.222,"Temp I/O Write Time":50.601,"Plans":[{"Node Type":"Hash Join","Parent Relationship":"Outer","Parallel Aware":false,"Async Capable":false,"Join Type":"Inner","Startup Cost":44.04,"Total Cost":44595.48,"Plan Rows":2000,"Plan Width":37,"Actual Startup Time":42.476,"Actual Total Time":201.412,"Actual Rows":314400,"Actual Loops":1,"Output":["item.i_id","item.i_name","stock.s_i_id","stock.s_w_id","stock.s_quantity"],"Hash Cond":"(stock.s_i_id = item.i_id)","Rows Removed by Bloom Filter":58505694,"Shared Hit Blocks":0,"Shared Read Blocks":0,"Shared Dirtied Blocks":0,"Shared Written Blocks":0,"Local Hit Blocks":0,"Local Read Blocks":0,"Local Dirtied Blocks":0,"Local Written Blocks":0,"Temp Read Blocks":0,"Temp Written Blocks":0,"I/O Read Time":0.0,"I/O Write Time":0.0,"Temp I/O Read Time":0.0,"Temp I/O Write Time":0.0,"Plans":[{"Node Type":"Append","Parent Relationship":"Outer","Parallel Aware":false,"Async Capable":false,"Startup Cost":20.0,"Total Cost":430026.22,"Plan Rows":20000212,"Plan Width":8,"Actual Startup Time":0.263,"Actual Total Time":0.269,"Actual Rows":20000000,"Actual Loops":1,"Shared Hit Blocks":0,"Shared Read Blocks":0,"Shared Dirtied Blocks":0,"Shared Written Blocks":0,"Local Hit Blocks":0,"Local Read Blocks":0,"Local Dirtied Blocks":0,"Local Written Blocks":0,"Temp Read Blocks":0,"Temp Written Blocks":0,"I/O Read Time":0.0,"I/O Write Time":0.0,"Temp I/O Read Time":0.0,"Temp I/O Write Time":0.0,"Subplans Removed":0,"Plans":[{"Node Type":"Custom Scan","Parent Relationship":"Member","Custom Plan Provider":"columnar scan","Parallel Aware":false,"Async Capable":false,"Relation Name":"stock","Schema":"public","Alias":"stock","Startup Cost":20.0,"Total Cost":430020.1,"Plan Rows":20000000,"Plan Width":8,"Actual Startup Time":0.262,"Actual Total Time":0.264,"Actual Rows":20000000,"Actual Loops":1,"Output":["stock.s_i_id","stock.s_w_id","stock.s_quantity"],"Rows Removed by Columnar Filter":0,"Columnar cache search mode":"native","Shared Hit Blocks":0,"Shared Read Blocks":0,"Shared Dirtied Blocks":0,"Shared Written Blocks":0,"Local Hit Blocks":0,"Local Read Blocks":0,"Local Dirtied Blocks":0,"Local Written Blocks":0,"Temp Read Blocks":0,"Temp Written Blocks":0,"I/O Read Time":0.0,"I/O Write Time":0.0,"Temp I/O Read Time":0.0,"Temp I/O Write Time":0.0},{"Node Type":"Seq Scan","Parent Relationship":"Member","Parallel Aware":false,"Async Capable":false,"Relation Name":"stock","Schema":"public","Alias":"stock","Startup Cost":0.0,"Total Cost":6.12,"Plan Rows":212,"Plan Width":8,"Actual Startup Time":0.0,"Actual Total Time":0.0,"Actual Rows":0,"Actual Loops":0,"Output":["stock.s_i_id","stock.s_w_id","stock.s_quantity"],"Shared Hit Blocks":0,"Shared Read Blocks":0,"Shared Dirtied Blocks":0,"Shared Written Blocks":0,"Local Hit Blocks":0,"Local Read Blocks":0,"Local Dirtied Blocks":0,"Local Written Blocks":0,"Temp Read Blocks":0,"Temp Written Blocks":0,"I/O Read Time":0.0,"I/O Write Time":0.0,"Temp I/O Read Time":0.0,"Temp I/O Write Time":0.0}]},{"Node Type":"Hash","Parent Relationship":"Inner","Parallel Aware":false,"Async Capable":false,"Startup Cost":24.21,"Total Cost":24.21,"Plan Rows":11,"Plan Width":29,"Actual Rows":1572,"Actual Loops":1,"Output":["item.i_id","item.i_name"],"Shared Hit Blocks":0,"Shared Read Blocks":0,"Shared Dirtied Blocks":0,"Shared Written Blocks":0,"Local Hit Blocks":0,"Local Read Blocks":0,"Local Dirtied Blocks":0,"Local Written Blocks":0,"Temp Read Blocks":0,"Temp Written Blocks":0,"I/O Read Time":0.0,"I/O Write Time":0.0,"Temp I/O Read Time":0.0,"Temp I/O Write Time":0.0,"Plans":[{"Node Type":"Append","Parent Relationship":"Outer","Parallel Aware":false,"Async Capable":false,"Startup Cost":20.0,"Total Cost":24.21,"Plan Rows":11,"Plan Width":29,"Actual Startup Time":7.2,"Actual Total Time":7.203,"Actual Rows":1572,"Actual Loops":1,"Shared Hit Blocks":0,"Shared Read Blocks":0,"Shared Dirtied Blocks":0,"Shared Written Blocks":0,"Local Hit Blocks":0,"Local Read Blocks":0,"Local Dirtied Blocks":0,"Local Written Blocks":0,"Temp Read Blocks":0,"Temp Written Blocks":0,"I/O Read Time":0.0,"I/O Write Time":0.0,"Temp I/O Read Time":0.0,"Temp I/O Write Time":0.0,"Subplans Removed":0,"Plans":[{"Node Type":"Custom Scan","Parent Relationship":"Member","Custom Plan Provider":"columnar scan","Parallel Aware":false,"Async Capable":false,"Relation Name":"item","Schema":"public","Alias":"item","Startup Cost":20.0,"Total Cost":20.2,"Plan Rows":10,"Plan Width":29,"Actual Startup Time":7.198,"Actual Total Time":7.198,"Actual Rows":1572,"Actual Loops":1,"Output":["item.i_id","item.i_name"],"Filter":"((item.i_data)::text ~~ '%b'::text)","Rows Removed by Filter":0,"Rows Removed by Columnar Filter":98428,"Columnar cache search mode":"native","Shared Hit Blocks":0,"Shared Read Blocks":0,"Shared Dirtied Blocks":0,"Shared Written Blocks":0,"Local Hit Blocks":0,"Local Read Blocks":0,"Local Dirtied Blocks":0,"Local Written Blocks":0,"Temp Read Blocks":0,"Temp Written Blocks":0,"I/O Read Time":0.0,"I/O Write Time":0.0,"Temp I/O Read Time":0.0,"Temp I/O Write Time":0.0},{"Node Type":"Seq Scan","Parent Relationship":"Member","Parallel Aware":false,"Async Capable":false,"Relation Name":"item","Schema":"public","Alias":"item","Startup Cost":0.0,"Total Cost":4.01,"Plan Rows":1,"Plan Width":29,"Actual Startup Time":0.0,"Actual Total Time":0.0,"Actual Rows":0,"Actual Loops":0,"Output":["item.i_id","item.i_name"],"Filter":"((item.i_data)::text ~~ '%b'::text)","Rows Removed by Filter":0,"Shared Hit Blocks":0,"Shared Read Blocks":0,"Shared Dirtied Blocks":0,"Shared Written Blocks":0,"Local Hit Blocks":0,"Local Read Blocks":0,"Local Dirtied Blocks":0,"Local Written Blocks":0,"Temp Read Blocks":0,"Temp Written Blocks":0,"I/O Read Time":0.0,"I/O Write Time":0.0,"Temp I/O Read Time":0.0,"Temp I/O Write Time":0.0}]}]}]},{"Node Type":"Hash","Parent Relationship":"Inner","Parallel Aware":false,"Async Capable":false,"Startup Cost":853663.29,"Total Cost":853663.29,"Plan Rows":99032,"Plan Width":6,"Actual Startup Time":8797.82,"Actual Total Time":8797.832,"Actual Rows":100000,"Actual Loops":1,"Output":["stock_1.s_i_id","(min(stock_1.s_quantity))"],"Hash Buckets":131072,"Original Hash Buckets":131072,"Hash Batches":1,"Original Hash Batches":1,"Peak Memory Usage":4735,"Shared Hit Blocks":219,"Shared Read Blocks":0,"Shared Dirtied Blocks":0,"Shared Written Blocks":0,"Local Hit Blocks":0,"Local Read Blocks":0,"Local Dirtied Blocks":0,"Local Written Blocks":0,"Temp Read Blocks":8330,"Temp Written Blocks":14781,"I/O Read Time":0.0,"I/O Write Time":0.0,"Temp I/O Read Time":13.222,"Temp I/O Write Time":50.601,"Plans":[{"Node Type":"Aggregate","Strategy":"Hashed","Partial Mode":"Simple","Parent Relationship":"Outer","Parallel Aware":false,"Async Capable":false,"Startup Cost":820432.32,"Total Cost":852672.97,"Plan Rows":99032,"Plan Width":6,"Actual Startup Time":8458.95,"Actual Total Time":8782.04,"Actual Rows":100000,"Actual Loops":1,"Output":["stock_1.s_i_id","min(stock_1.s_quantity)"],"Group Key":["stock_1.s_i_id"],"Planned Partitions":0,"HashAgg Batches":5,"Peak Memory Usage":8241,"Disk Usage":68504,"Shared Hit Blocks":219,"Shared Read Blocks":0,"Shared Dirtied Blocks":0,"Shared Written Blocks":0,"Local Hit Blocks":0,"Local Read Blocks":0,"Local Dirtied Blocks":0,"Local Written Blocks":0,"Temp Read Blocks":8330,"Temp Written Blocks":14781,"I/O Read Time":0.0,"I/O Write Time":0.0,"Temp I/O Read Time":13.222,"Temp I/O Write Time":50.601,"Plans":[{"Node Type":"Hash Join","Parent Relationship":"Outer","Parallel Aware":false,"Async Capable":false,"Join Type":"Inner","Startup Cost":421.99,"Total Cost":595429.96,"Plan Rows":4000042,"Plan Width":6,"Actual Startup Time":2.649,"Actual Total Time":7124.125,"Actual Rows":6959700,"Actual Loops":1,"Output":["stock_1.s_i_id","stock_1.s_quantity"],"Hash Cond":"(mod((stock_1.s_w_id * stock_1.s_i_id), 10000) = supplier_1.su_suppkey)","Shared Hit Blocks":219,"Shared Read Blocks":0,"Shared Dirtied Blocks":0,"Shared Written Blocks":0,"Local Hit Blocks":0,"Local Read Blocks":0,"Local Dirtied Blocks":0,"Local Written Blocks":0,"Temp Read Blocks":0,"Temp Written Blocks":0,"I/O Read Time":0.0,"I/O Write Time":0.0,"Temp I/O Read Time":0.0,"Temp I/O Write Time":0.0,"Plans":[{"Node Type":"Append","Parent Relationship":"Outer","Parallel Aware":false,"Async Capable":false,"Startup Cost":20.0,"Total Cost":430026.22,"Plan Rows":20000212,"Plan Width":8,"Actual Startup Time":0.015,"Actual Total Time":4186.538,"Actual Rows":20000000,"Actual Loops":1,"Shared Hit Blocks":0,"Shared Read Blocks":0,"Shared Dirtied Blocks":0,"Shared Written Blocks":0,"Local Hit Blocks":0,"Local Read Blocks":0,"Local Dirtied Blocks":0,"Local Written Blocks":0,"Temp Read Blocks":0,"Temp Written Blocks":0,"I/O Read Time":0.0,"I/O Write Time":0.0,"Temp I/O Read Time":0.0,"Temp I/O Write Time":0.0,"Subplans Removed":0,"Plans":[{"Node Type":"Custom Scan","Parent Relationship":"Member","Custom Plan Provider":"columnar scan","Parallel Aware":false,"Async Capable":false,"Relation Name":"stock","Schema":"public","Alias":"stock_1","Startup Cost":20.0,"Total Cost":430020.1,"Plan Rows":20000000,"Plan Width":8,"Actual Startup Time":0.015,"Actual Total Time":2770.098,"Actual Rows":20000000,"Actual Loops":1,"Output":["stock_1.s_i_id","stock_1.s_quantity","stock_1.s_w_id"],"Rows Removed by Columnar Filter":0,"Columnar cache search mode":"native","Shared Hit Blocks":0,"Shared Read Blocks":0,"Shared Dirtied Blocks":0,"Shared Written Blocks":0,"Local Hit Blocks":0,"Local Read Blocks":0,"Local Dirtied Blocks":0,"Local Written Blocks":0,"Temp Read Blocks":0,"Temp Written Blocks":0,"I/O Read Time":0.0,"I/O Write Time":0.0,"Temp I/O Read Time":0.0,"Temp I/O Write Time":0.0},{"Node Type":"Seq Scan","Parent Relationship":"Member","Parallel Aware":false,"Async Capable":false,"Relation Name":"stock","Schema":"public","Alias":"stock_1","Startup Cost":0.0,"Total Cost":6.12,"Plan Rows":212,"Plan Width":8,"Actual Startup Time":0.0,"Actual Total Time":0.0,"Actual Rows":0,"Actual Loops":0,"Output":["stock_1.s_i_id","stock_1.s_quantity","stock_1.s_w_id"],"Shared Hit Blocks":0,"Shared Read Blocks":0,"Shared Dirtied Blocks":0,"Shared Written Blocks":0,"Local Hit Blocks":0,"Local Read Blocks":0,"Local Dirtied Blocks":0,"Local Written Blocks":0,"Temp Read Blocks":0,"Temp Written Blocks":0,"I/O Read Time":0.0,"I/O Write Time":0.0,"Temp I/O Read Time":0.0,"Temp I/O Write Time":0.0}]},{"Node Type":"Hash","Parent Relationship":"Inner","Parallel Aware":false,"Async Capable":false,"Startup Cost":376.99,"Total Cost":376.99,"Plan Rows":2000,"Plan Width":4,"Actual Startup Time":2.624,"Actual Total Time":2.633,"Actual Rows":3506,"Actual Loops":1,"Output":["supplier_1.su_suppkey"],"Hash Buckets":4096,"Original Hash Buckets":2048,"Hash Batches":1,"Original Hash Batches":1,"Peak Memory Usage":156,"Shared Hit Blocks":219,"Shared Read Blocks":0,"Shared Dirtied Blocks":0,"Shared Written Blocks":0,"Local Hit Blocks":0,"Local Read Blocks":0,"Local Dirtied Blocks":0,"Local Written Blocks":0,"Temp Read Blocks":0,"Temp Written Blocks":0,"I/O Read Time":0.0,"I/O Write Time":0.0,"Temp I/O Read Time":0.0,"Temp I/O Write Time":0.0,"Plans":[{"Node Type":"Hash Join","Parent Relationship":"Outer","Parallel Aware":false,"Async Capable":false,"Join Type":"Inner","Startup Cost":3.14,"Total Cost":376.99,"Plan Rows":2000,"Plan Width":4,"Actual Startup Time":0.054,"Actual Total Time":2.199,"Actual Rows":3506,"Actual Loops":1,"Output":["supplier_1.su_suppkey"],"Hash Cond":"(supplier_1.su_nationkey = nation_1.n_nationkey)","Shared Hit Blocks":219,"Shared Read Blocks":0,"Shared Dirtied Blocks":0,"Shared Written Blocks":0,"Local Hit Blocks":0,"Local Read Blocks":0,"Local Dirtied Blocks":0,"Local Written Blocks":0,"Temp Read Blocks":0,"Temp Written Blocks":0,"I/O Read Time":0.0,"I/O Write Time":0.0,"Temp I/O Read Time":0.0,"Temp I/O Write Time":0.0,"Plans":[{"Node Type":"Seq Scan","Parent Relationship":"Outer","Parallel Aware":false,"Async Capable":false,"Relation Name":"supplier","Schema":"public","Alias":"supplier_1","Startup Cost":0.0,"Total Cost":317.0,"Plan Rows":10000,"Plan Width":8,"Actual Startup Time":0.007,"Actual Total Time":0.78,"Actual Rows":10000,"Actual Loops":1,"Output":["supplier_1.su_suppkey","supplier_1.su_name","supplier_1.su_address","supplier_1.su_nationkey","supplier_1.su_phone","supplier_1.su_acctbal","supplier_1.su_comment"],"Shared Hit Blocks":217,"Shared Read Blocks":0,"Shared Dirtied Blocks":0,"Shared Written Blocks":0,"Local Hit Blocks":0,"Local Read Blocks":0,"Local Dirtied Blocks":0,"Local Written Blocks":0,"Temp Read Blocks":0,"Temp Written Blocks":0,"I/O Read Time":0.0,"I/O Write Time":0.0,"Temp I/O Read Time":0.0,"Temp I/O Write Time":0.0},{"Node Type":"Hash","Parent Relationship":"Inner","Parallel Aware":false,"Async Capable":false,"Startup Cost":2.99,"Total Cost":2.99,"Plan Rows":12,"Plan Width":4,"Actual Startup Time":0.039,"Actual Total Time":0.045,"Actual Rows":22,"Actual Loops":1,"Output":["nation_1.n_nationkey"],"Hash Buckets":1024,"Original Hash Buckets":1024,"Hash Batches":1,"Original Hash Batches":1,"Peak Memory Usage":9,"Shared Hit Blocks":2,"Shared Read Blocks":0,"Shared Dirtied Blocks":0,"Shared Written Blocks":0,"Local Hit Blocks":0,"Local Read Blocks":0,"Local Dirtied Blocks":0,"Local Written Blocks":0,"Temp Read Blocks":0,"Temp Written Blocks":0,"I/O Read Time":0.0,"I/O Write Time":0.0,"Temp I/O Read Time":0.0,"Temp I/O Write Time":0.0,"Plans":[{"Node Type":"Hash Join","Parent Relationship":"Outer","Parallel Aware":false,"Async Capable":false,"Join Type":"Inner","Startup Cost":1.07,"Total Cost":2.99,"Plan Rows":12,"Plan Width":4,"Actual Startup Time":0.024,"Actual Total Time":0.04,"Actual Rows":22,"Actual Loops":1,"Output":["nation_1.n_nationkey"],"Hash Cond":"(nation_1.n_regionkey = region_1.r_regionkey)","Shared Hit Blocks":2,"Shared Read Blocks":0,"Shared Dirtied Blocks":0,"Shared Written Blocks":0,"Local Hit Blocks":0,"Local Read Blocks":0,"Local Dirtied Blocks":0,"Local Written Blocks":0,"Temp Read Blocks":0,"Temp Written Blocks":0,"I/O Read Time":0.0,"I/O Write Time":0.0,"Temp I/O Read Time":0.0,"Temp I/O Write Time":0.0,"Plans":[{"Node Type":"Seq Scan","Parent Relationship":"Outer","Parallel Aware":false,"Async Capable":false,"Relation Name":"nation","Schema":"public","Alias":"nation_1","Startup Cost":0.0,"Total Cost":1.62,"Plan Rows":62,"Plan Width":8,"Actual Startup Time":0.005,"Actual Total Time":0.008,"Actual Rows":62,"Actual Loops":1,"Output":["nation_1.n_nationkey","nation_1.n_name","nation_1.n_regionkey","nation_1.n_comment"],"Shared Hit Blocks":1,"Shared Read Blocks":0,"Shared Dirtied Blocks":0,"Shared Written Blocks":0,"Local Hit Blocks":0,"Local Read Blocks":0,"Local Dirtied Blocks":0,"Local Written Blocks":0,"Temp Read Blocks":0,"Temp Written Blocks":0,"I/O Read Time":0.0,"I/O Write Time":0.0,"Temp I/O Read Time":0.0,"Temp I/O Write Time":0.0},{"Node Type":"Hash","Parent Relationship":"Inner","Parallel Aware":false,"Async Capable":false,"Startup Cost":1.06,"Total Cost":1.06,"Plan Rows":1,"Plan Width":4,"Actual Startup Time":0.009,"Actual Total Time":0.011,"Actual Rows":1,"Actual Loops":1,"Output":["region_1.r_regionkey"],"Hash Buckets":1024,"Original Hash Buckets":1024,"Hash Batches":1,"Original Hash Batches":1,"Peak Memory Usage":9,"Shared Hit Blocks":1,"Shared Read Blocks":0,"Shared Dirtied Blocks":0,"Shared Written Blocks":0,"Local Hit Blocks":0,"Local Read Blocks":0,"Local Dirtied Blocks":0,"Local Written Blocks":0,"Temp Read Blocks":0,"Temp Written Blocks":0,"I/O Read Time":0.0,"I/O Write Time":0.0,"Temp I/O Read Time":0.0,"Temp I/O Write Time":0.0,"Plans":[{"Node Type":"Seq Scan","Parent Relationship":"Outer","Parallel Aware":false,"Async Capable":false,"Relation Name":"region","Schema":"public","Alias":"region_1","Startup Cost":0.0,"Total Cost":1.06,"Plan Rows":1,"Plan Width":4,"Actual Startup Time":0.007,"Actual Total Time":0.007,"Actual Rows":1,"Actual Loops":1,"Output":["region_1.r_regionkey"],"Filter":"((region_1.r_name)::text ~~ 'Europ%'::text)","Rows Removed by Filter":4,"Shared Hit Blocks":1,"Shared Read Blocks":0,"Shared Dirtied Blocks":0,"Shared Written Blocks":0,"Local Hit Blocks":0,"Local Read Blocks":0,"Local Dirtied Blocks":0,"Local Written Blocks":0,"Temp Read Blocks":0,"Temp Written Blocks":0,"I/O Read Time":0.0,"I/O Write Time":0.0,"Temp I/O Read Time":0.0,"Temp I/O Write Time":0.0}]}]}]}]}]}]}]}]}]},{"Node Type":"Index Scan","Parent Relationship":"Inner","Parallel Aware":false,"Async Capable":false,"Scan Direction":"Forward","Index Name":"supplier_pk","Relation Name":"supplier","Schema":"public","Alias":"supplier","Startup Cost":0.29,"Total Cost":3.25,"Plan Rows":1,"Plan Width":131,"Actual Startup Time":0.002,"Actual Total Time":0.002,"Actual Rows":1,"Actual Loops":4450,"Output":["supplier.su_suppkey","supplier.su_name","supplier.su_address","supplier.su_nationkey","supplier.su_phone","supplier.su_acctbal","supplier.su_comment"],"Index Cond":"(supplier.su_suppkey = mod((stock.s_w_id * stock.s_i_id), 10000))","Rows Removed by Index Recheck":0,"Shared Hit Blocks":13350,"Shared Read Blocks":0,"Shared Dirtied Blocks":0,"Shared Written Blocks":0,"Local Hit Blocks":0,"Local Read Blocks":0,"Local Dirtied Blocks":0,"Local Written Blocks":0,"Temp Read Blocks":0,"Temp Written Blocks":0,"I/O Read Time":0.0,"I/O Write Time":0.0,"Temp I/O Read Time":0.0,"Temp I/O Write Time":0.0}]},{"Node Type":"Index Scan","Parent Relationship":"Inner","Parallel Aware":false,"Async Capable":false,"Scan Direction":"Forward","Index Name":"nation_pk","Relation Name":"nation","Schema":"public","Alias":"nation","Startup Cost":0.14,"Total Cost":0.16,"Plan Rows":1,"Plan Width":16,"Actual Startup Time":0.001,"Actual Total Time":0.001,"Actual Rows":1,"Actual Loops":4450,"Output":["nation.n_nationkey","nation.n_name","nation.n_regionkey","nation.n_comment"],"Index Cond":"(nation.n_nationkey = supplier.su_nationkey)","Rows Removed by Index Recheck":0,"Shared Hit Blocks":8900,"Shared Read Blocks":0,"Shared Dirtied Blocks":0,"Shared Written Blocks":0,"Local Hit Blocks":0,"Local Read Blocks":0,"Local Dirtied Blocks":0,"Local Written Blocks":0,"Temp Read Blocks":0,"Temp Written Blocks":0,"I/O Read Time":0.0,"I/O Write Time":0.0,"Temp I/O Read Time":0.0,"Temp I/O Write Time":0.0}]},{"Node Type":"Hash","Parent Relationship":"Inner","Parallel Aware":false,"Async Capable":false,"Startup Cost":1.06,"Total Cost":1.06,"Plan Rows":1,"Plan Width":4,"Actual Startup Time":0.018,"Actual Total Time":0.019,"Actual Rows":1,"Actual Loops":1,"Output":["region.r_regionkey"],"Hash Buckets":1024,"Original Hash Buckets":1024,"Hash Batches":1,"Original Hash Batches":1,"Peak Memory Usage":9,"Shared Hit Blocks":1,"Shared Read Blocks":0,"Shared Dirtied Blocks":0,"Shared Written Blocks":0,"Local Hit Blocks":0,"Local Read Blocks":0,"Local Dirtied Blocks":0,"Local Written Blocks":0,"Temp Read Blocks":0,"Temp Written Blocks":0,"I/O Read Time":0.0,"I/O Write Time":0.0,"Temp I/O Read Time":0.0,"Temp I/O Write Time":0.0,"Plans":[{"Node Type":"Seq Scan","Parent Relationship":"Outer","Parallel Aware":false,"Async Capable":false,"Relation Name":"region","Schema":"public","Alias":"region","Startup Cost":0.0,"Total Cost":1.06,"Plan Rows":1,"Plan Width":4,"Actual Startup Time":0.014,"Actual Total Time":0.014,"Actual Rows":1,"Actual Loops":1,"Output":["region.r_regionkey"],"Filter":"((region.r_name)::text ~~ 'Europ%'::text)","Rows Removed by Filter":4,"Shared Hit Blocks":1,"Shared Read Blocks":0,"Shared Dirtied Blocks":0,"Shared Written Blocks":0,"Local Hit Blocks":0,"Local Read Blocks":0,"Local Dirtied Blocks":0,"Local Written Blocks":0,"Temp Read Blocks":0,"Temp Written Blocks":0,"I/O Read Time":0.0,"I/O Write Time":0.0,"Temp I/O Read Time":0.0,"Temp I/O Write Time":0.0}]}]}]},"Planning":{"Shared Hit Blocks":36,"Shared Read Blocks":0,"Shared Dirtied Blocks":0,"Shared Written Blocks":0,"Local Hit Blocks":0,"Local Read Blocks":0,"Local Dirtied Blocks":0,"Local Written Blocks":0,"Temp Read Blocks":0,"Temp Written Blocks":0,"I/O Read Time":0.0,"I/O Write Time":0.0,"Temp I/O Read Time":0.0,"Temp I/O Write Time":0.0},"Planning Time":2.7,"Triggers":[],"Execution Time":9073.772}]
[列存组合]: item, nation, supplier
[{"Plan":{"Node Type":"Sort","Parallel Aware":false,"Async Capable":false,"Startup Cost":2544740.45,"Total Cost":2544740.46,"Plan Rows":2,"Plan Width":164,"Actual Startup Time":13760.791,"Actual Total Time":13760.909,"Actual Rows":2295,"Actual Loops":1,"Output":["supplier.su_suppkey","supplier.su_name","nation.n_name","item.i_id","item.i_name","supplier.su_address","supplier.su_phone","supplier.su_comment"],"Sort Key":["nation.n_name","supplier.su_name","item.i_id"],"Sort Method":"quicksort","Sort Space Used":568,"Sort Space Type":"Memory","Shared Hit Blocks":1689036,"Shared Read Blocks":0,"Shared Dirtied Blocks":0,"Shared Written Blocks":0,"Local Hit Blocks":0,"Local Read Blocks":0,"Local Dirtied Blocks":0,"Local Written Blocks":0,"Temp Read Blocks":8330,"Temp Written Blocks":14781,"I/O Read Time":0.0,"I/O Write Time":0.0,"Temp I/O Read Time":13.214,"Temp I/O Write Time":55.44,"Plans":[{"Node Type":"Hash Join","Parent Relationship":"Outer","Parallel Aware":false,"Async Capable":false,"Join Type":"Inner","Startup Cost":1458799.35,"Total Cost":2544740.44,"Plan Rows":2,"Plan Width":164,"Actual Startup Time":8589.444,"Actual Total Time":13755.506,"Actual Rows":2295,"Actual Loops":1,"Output":["supplier.su_suppkey","supplier.su_name","nation.n_name","item.i_id","item.i_name","supplier.su_address","supplier.su_phone","supplier.su_comment"],"Hash Cond":"(nation.n_regionkey = region.r_regionkey)","Shared Hit Blocks":1689036,"Shared Read Blocks":0,"Shared Dirtied Blocks":0,"Shared Written Blocks":0,"Local Hit Blocks":0,"Local Read Blocks":0,"Local Dirtied Blocks":0,"Local Written Blocks":0,"Temp Read Blocks":8330,"Temp Written Blocks":14781,"I/O Read Time":0.0,"I/O Write Time":0.0,"Temp I/O Read Time":13.214,"Temp I/O Write Time":55.44,"Plans":[{"Node Type":"Nested Loop","Parent Relationship":"Outer","Parallel Aware":false,"Async Capable":false,"Join Type":"Inner","Startup Cost":1458798.27,"Total Cost":2544739.32,"Plan Rows":10,"Plan Width":168,"Actual Startup Time":8588.878,"Actual Total Time":13754.184,"Actual Rows":4450,"Actual Loops":1,"Output":["item.i_id","item.i_name","supplier.su_suppkey","supplier.su_name","supplier.su_address","supplier.su_phone","supplier.su_comment","nation.n_name","nation.n_regionkey"],"Shared Hit Blocks":1689035,"Shared Read Blocks":0,"Shared Dirtied Blocks":0,"Shared Written Blocks":0,"Local Hit Blocks":0,"Local Read Blocks":0,"Local Dirtied Blocks":0,"Local Written Blocks":0,"Temp Read Blocks":8330,"Temp Written Blocks":14781,"I/O Read Time":0.0,"I/O Write Time":0.0,"Temp I/O Read Time":13.214,"Temp I/O Write Time":55.44,"Plans":[{"Node Type":"Nested Loop","Parent Relationship":"Outer","Parallel Aware":false,"Async Capable":false,"Join Type":"Inner","Startup Cost":1458798.13,"Total Cost":2544737.73,"Plan Rows":10,"Plan Width":160,"Actual Startup Time":8588.865,"Actual Total Time":13747.705,"Actual Rows":4450,"Actual Loops":1,"Output":["item.i_id","item.i_name","supplier.su_suppkey","supplier.su_name","supplier.su_address","supplier.su_phone","supplier.su_comment","supplier.su_nationkey"],"Shared Hit Blocks":1680135,"Shared Read Blocks":0,"Shared Dirtied Blocks":0,"Shared Written Blocks":0,"Local Hit Blocks":0,"Local Read Blocks":0,"Local Dirtied Blocks":0,"Local Written Blocks":0,"Temp Read Blocks":8330,"Temp Written Blocks":14781,"I/O Read Time":0.0,"I/O Write Time":0.0,"Temp I/O Read Time":13.214,"Temp I/O Write Time":55.44,"Plans":[{"Node Type":"Hash Join","Parent Relationship":"Outer","Parallel Aware":false,"Async Capable":false,"Join Type":"Inner","Startup Cost":1458797.84,"Total Cost":2544705.24,"Plan Rows":10,"Plan Width":35,"Actual Startup Time":8588.821,"Actual Total Time":13730.877,"Actual Rows":4450,"Actual Loops":1,"Output":["item.i_id","item.i_name","stock.s_i_id","stock.s_w_id"],"Hash Cond":"((item.i_id = stock_1.s_i_id) AND (stock.s_quantity = (min(stock_1.s_quantity))))","Shared Hit Blocks":1666785,"Shared Read Blocks":0,"Shared Dirtied Blocks":0,"Shared Written Blocks":0,"Local Hit Blocks":0,"Local Read Blocks":0,"Local Dirtied Blocks":0,"Local Written Blocks":0,"Temp Read Blocks":8330,"Temp Written Blocks":14781,"I/O Read Time":0.0,"I/O Write Time":0.0,"Temp I/O Read Time":13.214,"Temp I/O Write Time":55.44,"Plans":[{"Node Type":"Hash Join","Parent Relationship":"Outer","Parallel Aware":false,"Async Capable":false,"Join Type":"Inner","Startup Cost":484.4,"Total Cost":1086381.3,"Plan Rows":2000,"Plan Width":37,"Actual Startup Time":8.559,"Actual Total Time":5073.565,"Actual Rows":314400,"Actual Loops":1,"Output":["item.i_id","item.i_name","stock.s_i_id","stock.s_w_id","stock.s_quantity"],"Hash Cond":"(stock.s_i_id = item.i_id)","Shared Hit Blocks":833392,"Shared Read Blocks":0,"Shared Dirtied Blocks":0,"Shared Written Blocks":0,"Local Hit Blocks":0,"Local Read Blocks":0,"Local Dirtied Blocks":0,"Local Written Blocks":0,"Temp Read Blocks":0,"Temp Written Blocks":0,"I/O Read Time":0.0,"I/O Write Time":0.0,"Temp I/O Read Time":0.0,"Temp I/O Write Time":0.0,"Plans":[{"Node Type":"Seq Scan","Parent Relationship":"Outer","Parallel Aware":false,"Async Capable":false,"Relation Name":"stock","Schema":"public","Alias":"stock","Startup Cost":0.0,"Total Cost":1033394.12,"Plan Rows":20000212,"Plan Width":8,"Actual Startup Time":0.005,"Actual Total Time":1725.726,"Actual Rows":20000000,"Actual Loops":1,"Output":["stock.s_i_id","stock.s_w_id","stock.s_quantity","stock.s_dist_01","stock.s_dist_02","stock.s_dist_03","stock.s_dist_04","stock.s_dist_05","stock.s_dist_06","stock.s_dist_07","stock.s_dist_08","stock.s_dist_09","stock.s_dist_10","stock.s_ytd","stock.s_order_cnt","stock.s_remote_cnt","stock.s_data"],"Shared Hit Blocks":833392,"Shared Read Blocks":0,"Shared Dirtied Blocks":0,"Shared Written Blocks":0,"Local Hit Blocks":0,"Local Read Blocks":0,"Local Dirtied Blocks":0,"Local Written Blocks":0,"Temp Read Blocks":0,"Temp Written Blocks":0,"I/O Read Time":0.0,"I/O Write Time":0.0,"Temp I/O Read Time":0.0,"Temp I/O Write Time":0.0},{"Node Type":"Hash","Parent Relationship":"Inner","Parallel Aware":false,"Async Capable":false,"Startup Cost":484.26,"Total Cost":484.26,"Plan Rows":11,"Plan Width":29,"Actual Startup Time":8.524,"Actual Total Time":8.529,"Actual Rows":1572,"Actual Loops":1,"Output":["item.i_id","item.i_name"],"Hash Buckets":2048,"Original Hash Buckets":1024,"Hash Batches":1,"Original Hash Batches":1,"Peak Memory Usage":110,"Shared Hit Blocks":0,"Shared Read Blocks":0,"Shared Dirtied Blocks":0,"Shared Written Blocks":0,"Local Hit Blocks":0,"Local Read Blocks":0,"Local Dirtied Blocks":0,"Local Written Blocks":0,"Temp Read Blocks":0,"Temp Written Blocks":0,"I/O Read Time":0.0,"I/O Write Time":0.0,"Temp I/O Read Time":0.0,"Temp I/O Write Time":0.0,"Plans":[{"Node Type":"Append","Parent Relationship":"Outer","Parallel Aware":false,"Async Capable":false,"Startup Cost":20.0,"Total Cost":484.26,"Plan Rows":11,"Plan Width":29,"Actual Startup Time":7.246,"Actual Total Time":8.076,"Actual Rows":1572,"Actual Loops":1,"Shared Hit Blocks":0,"Shared Read Blocks":0,"Shared Dirtied Blocks":0,"Shared Written Blocks":0,"Local Hit Blocks":0,"Local Read Blocks":0,"Local Dirtied Blocks":0,"Local Written Blocks":0,"Temp Read Blocks":0,"Temp Written Blocks":0,"I/O Read Time":0.0,"I/O Write Time":0.0,"Temp I/O Read Time":0.0,"Temp I/O Write Time":0.0,"Subplans Removed":0,"Plans":[{"Node Type":"Custom Scan","Parent Relationship":"Member","Custom Plan Provider":"columnar scan","Parallel Aware":false,"Async Capable":false,"Relation Name":"item","Schema":"public","Alias":"item","Startup Cost":20.0,"Total Cost":20.2,"Plan Rows":10,"Plan Width":29,"Actual Startup Time":7.244,"Actual Total Time":7.957,"Actual Rows":1572,"Actual Loops":1,"Output":["item.i_id","item.i_name"],"Filter":"((item.i_data)::text ~~ '%b'::text)","Rows Removed by Filter":0,"Rows Removed by Columnar Filter":98428,"Columnar cache search mode":"native","Shared Hit Blocks":0,"Shared Read Blocks":0,"Shared Dirtied Blocks":0,"Shared Written Blocks":0,"Local Hit Blocks":0,"Local Read Blocks":0,"Local Dirtied Blocks":0,"Local Written Blocks":0,"Temp Read Blocks":0,"Temp Written Blocks":0,"I/O Read Time":0.0,"I/O Write Time":0.0,"Temp I/O Read Time":0.0,"Temp I/O Write Time":0.0},{"Node Type":"Seq Scan","Parent Relationship":"Member","Parallel Aware":false,"Async Capable":false,"Relation Name":"item","Schema":"public","Alias":"item","Startup Cost":0.0,"Total Cost":4.01,"Plan Rows":1,"Plan Width":29,"Actual Startup Time":0.0,"Actual Total Time":0.0,"Actual Rows":0,"Actual Loops":0,"Output":["item.i_id","item.i_name"],"Filter":"((item.i_data)::text ~~ '%b'::text)","Rows Removed by Filter":0,"Shared Hit Blocks":0,"Shared Read Blocks":0,"Shared Dirtied Blocks":0,"Shared Written Blocks":0,"Local Hit Blocks":0,"Local Read Blocks":0,"Local Dirtied Blocks":0,"Local Written Blocks":0,"Temp Read Blocks":0,"Temp Written Blocks":0,"I/O Read Time":0.0,"I/O Write Time":0.0,"Temp I/O Read Time":0.0,"Temp I/O Write Time":0.0}]}]}]},{"Node Type":"Hash","Parent Relationship":"Inner","Parallel Aware":false,"Async Capable":false,"Startup Cost":1456827.96,"Total Cost":1456827.96,"Plan Rows":99032,"Plan Width":6,"Actual Startup Time":8577.917,"Actual Total Time":8577.937,"Actual Rows":100000,"Actual Loops":1,"Output":["stock_1.s_i_id","(min(stock_1.s_quantity))"],"Hash Buckets":131072,"Original Hash Buckets":131072,"Hash Batches":1,"Original Hash Batches":1,"Peak Memory Usage":4735,"Shared Hit Blocks":833393,"Shared Read Blocks":0,"Shared Dirtied Blocks":0,"Shared Written Blocks":0,"Local Hit Blocks":0,"Local Read Blocks":0,"Local Dirtied Blocks":0,"Local Written Blocks":0,"Temp Read Blocks":8330,"Temp Written Blocks":14781,"I/O Read Time":0.0,"I/O Write Time":0.0,"Temp I/O Read Time":13.214,"Temp I/O Write Time":55.44,"Plans":[{"Node Type":"Aggregate","Strategy":"Hashed","Partial Mode":"Simple","Parent Relationship":"Outer","Parallel Aware":false,"Async Capable":false,"Startup Cost":1423596.99,"Total Cost":1455837.64,"Plan Rows":99032,"Plan Width":6,"Actual Startup Time":8239.207,"Actual Total Time":8562.36,"Actual Rows":100000,"Actual Loops":1,"Output":["stock_1.s_i_id","min(stock_1.s_quantity)"],"Group Key":["stock_1.s_i_id"],"Planned Partitions":0,"HashAgg Batches":5,"Peak Memory Usage":8241,"Disk Usage":68504,"Shared Hit Blocks":833393,"Shared Read Blocks":0,"Shared Dirtied Blocks":0,"Shared Written Blocks":0,"Local Hit Blocks":0,"Local Read Blocks":0,"Local Dirtied Blocks":0,"Local Written Blocks":0,"Temp Read Blocks":8330,"Temp Written Blocks":14781,"I/O Read Time":0.0,"I/O Write Time":0.0,"Temp I/O Read Time":13.214,"Temp I/O Write Time":55.44,"Plans":[{"Node Type":"Hash Join","Parent Relationship":"Outer","Parallel Aware":false,"Async Capable":false,"Join Type":"Inner","Startup Cost":198.77,"Total Cost":1198594.63,"Plan Rows":4000042,"Plan Width":6,"Actual Startup Time":3.023,"Actual Total Time":6872.567,"Actual Rows":6959700,"Actual Loops":1,"Output":["stock_1.s_i_id","stock_1.s_quantity"],"Hash Cond":"(mod((stock_1.s_w_id * stock_1.s_i_id), 10000) = supplier_1.su_suppkey)","Shared Hit Blocks":833393,"Shared Read Blocks":0,"Shared Dirtied Blocks":0,"Shared Written Blocks":0,"Local Hit Blocks":0,"Local Read Blocks":0,"Local Dirtied Blocks":0,"Local Written Blocks":0,"Temp Read Blocks":0,"Temp Written Blocks":0,"I/O Read Time":0.0,"I/O Write Time":0.0,"Temp I/O Read Time":0.0,"Temp I/O Write Time":0.0,"Plans":[{"Node Type":"Seq Scan","Parent Relationship":"Outer","Parallel Aware":false,"Async Capable":false,"Relation Name":"stock","Schema":"public","Alias":"stock_1","Startup Cost":0.0,"Total Cost":1033394.12,"Plan Rows":20000212,"Plan Width":8,"Actual Startup Time":0.004,"Actual Total Time":1868.274,"Actual Rows":20000000,"Actual Loops":1,"Output":["stock_1.s_i_id","stock_1.s_w_id","stock_1.s_quantity","stock_1.s_dist_01","stock_1.s_dist_02","stock_1.s_dist_03","stock_1.s_dist_04","stock_1.s_dist_05","stock_1.s_dist_06","stock_1.s_dist_07","stock_1.s_dist_08","stock_1.s_dist_09","stock_1.s_dist_10","stock_1.s_ytd","stock_1.s_order_cnt","stock_1.s_remote_cnt","stock_1.s_data"],"Shared Hit Blocks":833392,"Shared Read Blocks":0,"Shared Dirtied Blocks":0,"Shared Written Blocks":0,"Local Hit Blocks":0,"Local Read Blocks":0,"Local Dirtied Blocks":0,"Local Written Blocks":0,"Temp Read Blocks":0,"Temp Written Blocks":0,"I/O Read Time":0.0,"I/O Write Time":0.0,"Temp I/O Read Time":0.0,"Temp I/O Write Time":0.0},{"Node Type":"Hash","Parent Relationship":"Inner","Parallel Aware":false,"Async Capable":false,"Startup Cost":173.77,"Total Cost":173.77,"Plan Rows":2000,"Plan Width":4,"Actual Startup Time":3.008,"Actual Total Time":3.023,"Actual Rows":3506,"Actual Loops":1,"Output":["supplier_1.su_suppkey"],"Hash Buckets":4096,"Original Hash Buckets":2048,"Hash Batches":1,"Original Hash Batches":1,"Peak Memory Usage":156,"Shared Hit Blocks":1,"Shared Read Blocks":0,"Shared Dirtied Blocks":0,"Shared Written Blocks":0,"Local Hit Blocks":0,"Local Read Blocks":0,"Local Dirtied Blocks":0,"Local Written Blocks":0,"Temp Read Blocks":0,"Temp Written Blocks":0,"I/O Read Time":0.0,"I/O Write Time":0.0,"Temp I/O Read Time":0.0,"Temp I/O Write Time":0.0,"Plans":[{"Node Type":"Hash Join","Parent Relationship":"Outer","Parallel Aware":false,"Async Capable":false,"Join Type":"Inner","Startup Cost":25.24,"Total Cost":173.77,"Plan Rows":2000,"Plan Width":4,"Actual Startup Time":1.042,"Actual Total Time":2.601,"Actual Rows":3506,"Actual Loops":1,"Output":["supplier_1.su_suppkey"],"Hash Cond":"(nation_1.n_regionkey = region_1.r_regionkey)","Shared Hit Blocks":1,"Shared Read Blocks":0,"Shared Dirtied Blocks":0,"Shared Written Blocks":0,"Local Hit Blocks":0,"Local Read Blocks":0,"Local Dirtied Blocks":0,"Local Written Blocks":0,"Temp Read Blocks":0,"Temp Written Blocks":0,"I/O Read Time":0.0,"I/O Write Time":0.0,"Temp I/O Read Time":0.0,"Temp I/O Write Time":0.0,"Plans":[{"Node Type":"Hash Join","Parent Relationship":"Outer","Parallel Aware":false,"Async Capable":false,"Join Type":"Inner","Startup Cost":24.16,"Total Cost":124.19,"Plan Rows":10000,"Plan Width":8,"Actual Startup Time":1.028,"Actual Total Time":1.574,"Actual Rows":10000,"Actual Loops":1,"Output":["supplier_1.su_suppkey","nation_1.n_regionkey"],"Hash Cond":"(supplier_1.su_nationkey = nation_1.n_nationkey)","Rows Removed by Bloom Filter":0,"Shared Hit Blocks":0,"Shared Read Blocks":0,"Shared Dirtied Blocks":0,"Shared Written Blocks":0,"Local Hit Blocks":0,"Local Read Blocks":0,"Local Dirtied Blocks":0,"Local Written Blocks":0,"Temp Read Blocks":0,"Temp Written Blocks":0,"I/O Read Time":0.0,"I/O Write Time":0.0,"Temp I/O Read Time":0.0,"Temp I/O Write Time":0.0,"Plans":[{"Node Type":"Append","Parent Relationship":"Outer","Parallel Aware":false,"Async Capable":false,"Startup Cost":20.0,"Total Cost":219.01,"Plan Rows":10001,"Plan Width":8,"Actual Startup Time":0.003,"Actual Total Time":0.005,"Actual Rows":10000,"Actual Loops":1,"Shared Hit Blocks":0,"Shared Read Blocks":0,"Shared Dirtied Blocks":0,"Shared Written Blocks":0,"Local Hit Blocks":0,"Local Read Blocks":0,"Local Dirtied Blocks":0,"Local Written Blocks":0,"Temp Read Blocks":0,"Temp Written Blocks":0,"I/O Read Time":0.0,"I/O Write Time":0.0,"Temp I/O Read Time":0.0,"Temp I/O Write Time":0.0,"Subplans Removed":0,"Plans":[{"Node Type":"Custom Scan","Parent Relationship":"Member","Custom Plan Provider":"columnar scan","Parallel Aware":false,"Async Capable":false,"Relation Name":"supplier","Schema":"public","Alias":"supplier_1","Startup Cost":20.0,"Total Cost":215.0,"Plan Rows":10000,"Plan Width":8,"Actual Startup Time":0.003,"Actual Total Time":0.003,"Actual Rows":10000,"Actual Loops":1,"Output":["supplier_1.su_suppkey","supplier_1.su_nationkey"],"Rows Removed by Columnar Filter":0,"Columnar cache search mode":"native","Shared Hit Blocks":0,"Shared Read Blocks":0,"Shared Dirtied Blocks":0,"Shared Written Blocks":0,"Local Hit Blocks":0,"Local Read Blocks":0,"Local Dirtied Blocks":0,"Local Written Blocks":0,"Temp Read Blocks":0,"Temp Written Blocks":0,"I/O Read Time":0.0,"I/O Write Time":0.0,"Temp I/O Read Time":0.0,"Temp I/O Write Time":0.0},{"Node Type":"Seq Scan","Parent Relationship":"Member","Parallel Aware":false,"Async Capable":false,"Relation Name":"supplier","Schema":"public","Alias":"supplier_1","Startup Cost":0.0,"Total Cost":4.01,"Plan Rows":1,"Plan Width":8,"Actual Startup Time":0.0,"Actual Total Time":0.0,"Actual Rows":0,"Actual Loops":0,"Output":["supplier_1.su_suppkey","supplier_1.su_nationkey"],"Shared Hit Blocks":0,"Shared Read Blocks":0,"Shared Dirtied Blocks":0,"Shared Written Blocks":0,"Local Hit Blocks":0,"Local Read Blocks":0,"Local Dirtied Blocks":0,"Local Written Blocks":0,"Temp Read Blocks":0,"Temp Written Blocks":0,"I/O Read Time":0.0,"I/O Write Time":0.0,"Temp I/O Read Time":0.0,"Temp I/O Write Time":0.0}]},{"Node Type":"Hash","Parent Relationship":"Inner","Parallel Aware":false,"Async Capable":false,"Startup Cost":25.22,"Total Cost":25.22,"Plan Rows":63,"Plan Width":8,"Actual Rows":62,"Actual Loops":1,"Output":["nation_1.n_nationkey","nation_1.n_regionkey"],"Shared Hit Blocks":0,"Shared Read Blocks":0,"Shared Dirtied Blocks":0,"Shared Written Blocks":0,"Local Hit Blocks":0,"Local Read Blocks":0,"Local Dirtied Blocks":0,"Local Written Blocks":0,"Temp Read Blocks":0,"Temp Written Blocks":0,"I/O Read Time":0.0,"I/O Write Time":0.0,"Temp I/O Read Time":0.0,"Temp I/O Write Time":0.0,"Plans":[{"Node Type":"Append","Parent Relationship":"Outer","Parallel Aware":false,"Async Capable":false,"Startup Cost":20.0,"Total Cost":25.22,"Plan Rows":63,"Plan Width":8,"Actual Startup Time":0.009,"Actual Total Time":0.012,"Actual Rows":62,"Actual Loops":1,"Shared Hit Blocks":0,"Shared Read Blocks":0,"Shared Dirtied Blocks":0,"Shared Written Blocks":0,"Local Hit Blocks":0,"Local Read Blocks":0,"Local Dirtied Blocks":0,"Local Written Blocks":0,"Temp Read Blocks":0,"Temp Written Blocks":0,"I/O Read Time":0.0,"I/O Write Time":0.0,"Temp I/O Read Time":0.0,"Temp I/O Write Time":0.0,"Subplans Removed":0,"Plans":[{"Node Type":"Custom Scan","Parent Relationship":"Member","Custom Plan Provider":"columnar scan","Parallel Aware":false,"Async Capable":false,"Relation Name":"nation","Schema":"public","Alias":"nation_1","Startup Cost":20.0,"Total Cost":21.21,"Plan Rows":62,"Plan Width":8,"Actual Startup Time":0.009,"Actual Total Time":0.01,"Actual Rows":62,"Actual Loops":1,"Output":["nation_1.n_nationkey","nation_1.n_regionkey"],"Rows Removed by Columnar Filter":0,"Columnar cache search mode":"native","Shared Hit Blocks":0,"Shared Read Blocks":0,"Shared Dirtied Blocks":0,"Shared Written Blocks":0,"Local Hit Blocks":0,"Local Read Blocks":0,"Local Dirtied Blocks":0,"Local Written Blocks":0,"Temp Read Blocks":0,"Temp Written Blocks":0,"I/O Read Time":0.0,"I/O Write Time":0.0,"Temp I/O Read Time":0.0,"Temp I/O Write Time":0.0},{"Node Type":"Seq Scan","Parent Relationship":"Member","Parallel Aware":false,"Async Capable":false,"Relation Name":"nation","Schema":"public","Alias":"nation_1","Startup Cost":0.0,"Total Cost":4.01,"Plan Rows":1,"Plan Width":8,"Actual Startup Time":0.0,"Actual Total Time":0.0,"Actual Rows":0,"Actual Loops":0,"Output":["nation_1.n_nationkey","nation_1.n_regionkey"],"Shared Hit Blocks":0,"Shared Read Blocks":0,"Shared Dirtied Blocks":0,"Shared Written Blocks":0,"Local Hit Blocks":0,"Local Read Blocks":0,"Local Dirtied Blocks":0,"Local Written Blocks":0,"Temp Read Blocks":0,"Temp Written Blocks":0,"I/O Read Time":0.0,"I/O Write Time":0.0,"Temp I/O Read Time":0.0,"Temp I/O Write Time":0.0}]}]}]},{"Node Type":"Hash","Parent Relationship":"Inner","Parallel Aware":false,"Async Capable":false,"Startup Cost":1.06,"Total Cost":1.06,"Plan Rows":1,"Plan Width":4,"Actual Startup Time":0.006,"Actual Total Time":0.009,"Actual Rows":1,"Actual Loops":1,"Output":["region_1.r_regionkey"],"Hash Buckets":1024,"Original Hash Buckets":1024,"Hash Batches":1,"Original Hash Batches":1,"Peak Memory Usage":9,"Shared Hit Blocks":1,"Shared Read Blocks":0,"Shared Dirtied Blocks":0,"Shared Written Blocks":0,"Local Hit Blocks":0,"Local Read Blocks":0,"Local Dirtied Blocks":0,"Local Written Blocks":0,"Temp Read Blocks":0,"Temp Written Blocks":0,"I/O Read Time":0.0,"I/O Write Time":0.0,"Temp I/O Read Time":0.0,"Temp I/O Write Time":0.0,"Plans":[{"Node Type":"Seq Scan","Parent Relationship":"Outer","Parallel Aware":false,"Async Capable":false,"Relation Name":"region","Schema":"public","Alias":"region_1","Startup Cost":0.0,"Total Cost":1.06,"Plan Rows":1,"Plan Width":4,"Actual Startup Time":0.004,"Actual Total Time":0.004,"Actual Rows":1,"Actual Loops":1,"Output":["region_1.r_regionkey"],"Filter":"((region_1.r_name)::text ~~ 'Europ%'::text)","Rows Removed by Filter":4,"Shared Hit Blocks":1,"Shared Read Blocks":0,"Shared Dirtied Blocks":0,"Shared Written Blocks":0,"Local Hit Blocks":0,"Local Read Blocks":0,"Local Dirtied Blocks":0,"Local Written Blocks":0,"Temp Read Blocks":0,"Temp Written Blocks":0,"I/O Read Time":0.0,"I/O Write Time":0.0,"Temp I/O Read Time":0.0,"Temp I/O Write Time":0.0}]}]}]}]}]}]}]},{"Node Type":"Index Scan","Parent Relationship":"Inner","Parallel Aware":false,"Async Capable":false,"Scan Direction":"Forward","Index Name":"supplier_pk","Relation Name":"supplier","Schema":"public","Alias":"supplier","Startup Cost":0.29,"Total Cost":3.25,"Plan Rows":1,"Plan Width":131,"Actual Startup Time":0.003,"Actual Total Time":0.003,"Actual Rows":1,"Actual Loops":4450,"Output":["supplier.su_suppkey","supplier.su_name","supplier.su_address","supplier.su_nationkey","supplier.su_phone","supplier.su_acctbal","supplier.su_comment"],"Index Cond":"(supplier.su_suppkey = mod((stock.s_w_id * stock.s_i_id), 10000))","Rows Removed by Index Recheck":0,"Shared Hit Blocks":13350,"Shared Read Blocks":0,"Shared Dirtied Blocks":0,"Shared Written Blocks":0,"Local Hit Blocks":0,"Local Read Blocks":0,"Local Dirtied Blocks":0,"Local Written Blocks":0,"Temp Read Blocks":0,"Temp Written Blocks":0,"I/O Read Time":0.0,"I/O Write Time":0.0,"Temp I/O Read Time":0.0,"Temp I/O Write Time":0.0}]},{"Node Type":"Index Scan","Parent Relationship":"Inner","Parallel Aware":false,"Async Capable":false,"Scan Direction":"Forward","Index Name":"nation_pk","Relation Name":"nation","Schema":"public","Alias":"nation","Startup Cost":0.14,"Total Cost":0.16,"Plan Rows":1,"Plan Width":16,"Actual Startup Time":0.001,"Actual Total Time":0.001,"Actual Rows":1,"Actual Loops":4450,"Output":["nation.n_nationkey","nation.n_name","nation.n_regionkey","nation.n_comment"],"Index Cond":"(nation.n_nationkey = supplier.su_nationkey)","Rows Removed by Index Recheck":0,"Shared Hit Blocks":8900,"Shared Read Blocks":0,"Shared Dirtied Blocks":0,"Shared Written Blocks":0,"Local Hit Blocks":0,"Local Read Blocks":0,"Local Dirtied Blocks":0,"Local Written Blocks":0,"Temp Read Blocks":0,"Temp Written Blocks":0,"I/O Read Time":0.0,"I/O Write Time":0.0,"Temp I/O Read Time":0.0,"Temp I/O Write Time":0.0}]},{"Node Type":"Hash","Parent Relationship":"Inner","Parallel Aware":false,"Async Capable":false,"Startup Cost":1.06,"Total Cost":1.06,"Plan Rows":1,"Plan Width":4,"Actual Startup Time":0.042,"Actual Total Time":0.042,"Actual Rows":1,"Actual Loops":1,"Output":["region.r_regionkey"],"Hash Buckets":1024,"Original Hash Buckets":1024,"Hash Batches":1,"Original Hash Batches":1,"Peak Memory Usage":9,"Shared Hit Blocks":1,"Shared Read Blocks":0,"Shared Dirtied Blocks":0,"Shared Written Blocks":0,"Local Hit Blocks":0,"Local Read Blocks":0,"Local Dirtied Blocks":0,"Local Written Blocks":0,"Temp Read Blocks":0,"Temp Written Blocks":0,"I/O Read Time":0.0,"I/O Write Time":0.0,"Temp I/O Read Time":0.0,"Temp I/O Write Time":0.0,"Plans":[{"Node Type":"Seq Scan","Parent Relationship":"Outer","Parallel Aware":false,"Async Capable":false,"Relation Name":"region","Schema":"public","Alias":"region","Startup Cost":0.0,"Total Cost":1.06,"Plan Rows":1,"Plan Width":4,"Actual Startup Time":0.037,"Actual Total Time":0.037,"Actual Rows":1,"Actual Loops":1,"Output":["region.r_regionkey"],"Filter":"((region.r_name)::text ~~ 'Europ%'::text)","Rows Removed by Filter":4,"Shared Hit Blocks":1,"Shared Read Blocks":0,"Shared Dirtied Blocks":0,"Shared Written Blocks":0,"Local Hit Blocks":0,"Local Read Blocks":0,"Local Dirtied Blocks":0,"Local Written Blocks":0,"Temp Read Blocks":0,"Temp Written Blocks":0,"I/O Read Time":0.0,"I/O Write Time":0.0,"Temp I/O Read Time":0.0,"Temp I/O Write Time":0.0}]}]}]},"Planning":{"Shared Hit Blocks":36,"Shared Read Blocks":0,"Shared Dirtied Blocks":0,"Shared Written Blocks":0,"Local Hit Blocks":0,"Local Read Blocks":0,"Local Dirtied Blocks":0,"Local Written Blocks":0,"Temp Read Blocks":0,"Temp Written Blocks":0,"I/O Read Time":0.0,"I/O Write Time":0.0,"Temp I/O Read Time":0.0,"Temp I/O Write Time":0.0},"Planning Time":0.977,"Triggers":[],"Execution Time":13774.83}]
[列存组合]: item, region, stock
[{"Plan":{"Node Type":"Sort","Parallel Aware":false,"Async Capable":false,"Startup Cost":899789.96,"Total Cost":899789.96,"Plan Rows":2,"Plan Width":164,"Actual Startup Time":9030.213,"Actual Total Time":9030.339,"Actual Rows":2295,"Actual Loops":1,"Output":["supplier.su_suppkey","supplier.su_name","nation.n_name","item.i_id","item.i_name","supplier.su_address","supplier.su_phone","supplier.su_comment"],"Sort Key":["nation.n_name","supplier.su_name","item.i_id"],"Sort Method":"quicksort","Sort Space Used":568,"Sort Space Type":"Memory","Shared Hit Blocks":22470,"Shared Read Blocks":0,"Shared Dirtied Blocks":0,"Shared Written Blocks":0,"Local Hit Blocks":0,"Local Read Blocks":0,"Local Dirtied Blocks":0,"Local Written Blocks":0,"Temp Read Blocks":8330,"Temp Written Blocks":14781,"I/O Read Time":0.0,"I/O Write Time":0.0,"Temp I/O Read Time":13.3,"Temp I/O Write Time":50.278,"Plans":[{"Node Type":"Hash Join","Parent Relationship":"Outer","Parallel Aware":false,"Async Capable":false,"Join Type":"Inner","Startup Cost":855194.32,"Total Cost":899789.95,"Plan Rows":2,"Plan Width":164,"Actual Startup Time":8799.87,"Actual Total Time":9025.696,"Actual Rows":2295,"Actual Loops":1,"Output":["supplier.su_suppkey","supplier.su_name","nation.n_name","item.i_id","item.i_name","supplier.su_address","supplier.su_phone","supplier.su_comment"],"Hash Cond":"(nation.n_regionkey = region.r_regionkey)","Shared Hit Blocks":22470,"Shared Read Blocks":0,"Shared Dirtied Blocks":0,"Shared Written Blocks":0,"Local Hit Blocks":0,"Local Read Blocks":0,"Local Dirtied Blocks":0,"Local Written Blocks":0,"Temp Read Blocks":8330,"Temp Written Blocks":14781,"I/O Read Time":0.0,"I/O Write Time":0.0,"Temp I/O Read Time":13.3,"Temp I/O Write Time":50.278,"Plans":[{"Node Type":"Nested Loop","Parent Relationship":"Outer","Parallel Aware":false,"Async Capable":false,"Join Type":"Inner","Startup Cost":855193.24,"Total Cost":899788.82,"Plan Rows":10,"Plan Width":168,"Actual Startup Time":8799.817,"Actual Total Time":9024.903,"Actual Rows":4450,"Actual Loops":1,"Output":["item.i_id","item.i_name","supplier.su_suppkey","supplier.su_name","supplier.su_address","supplier.su_phone","supplier.su_comment","nation.n_name","nation.n_regionkey"],"Shared Hit Blocks":22469,"Shared Read Blocks":0,"Shared Dirtied Blocks":0,"Shared Written Blocks":0,"Local Hit Blocks":0,"Local Read Blocks":0,"Local Dirtied Blocks":0,"Local Written Blocks":0,"Temp Read Blocks":8330,"Temp Written Blocks":14781,"I/O Read Time":0.0,"I/O Write Time":0.0,"Temp I/O Read Time":13.3,"Temp I/O Write Time":50.278,"Plans":[{"Node Type":"Nested Loop","Parent Relationship":"Outer","Parallel Aware":false,"Async Capable":false,"Join Type":"Inner","Startup Cost":855193.1,"Total Cost":899787.24,"Plan Rows":10,"Plan Width":160,"Actual Startup Time":8799.798,"Actual Total Time":9019.893,"Actual Rows":4450,"Actual Loops":1,"Output":["item.i_id","item.i_name","supplier.su_suppkey","supplier.su_name","supplier.su_address","supplier.su_phone","supplier.su_comment","supplier.su_nationkey"],"Shared Hit Blocks":13569,"Shared Read Blocks":0,"Shared Dirtied Blocks":0,"Shared Written Blocks":0,"Local Hit Blocks":0,"Local Read Blocks":0,"Local Dirtied Blocks":0,"Local Written Blocks":0,"Temp Read Blocks":8330,"Temp Written Blocks":14781,"I/O Read Time":0.0,"I/O Write Time":0.0,"Temp I/O Read Time":13.3,"Temp I/O Write Time":50.278,"Plans":[{"Node Type":"Hash Join","Parent Relationship":"Outer","Parallel Aware":false,"Async Capable":false,"Join Type":"Inner","Startup Cost":855192.81,"Total Cost":899754.75,"Plan Rows":10,"Plan Width":35,"Actual Startup Time":8799.744,"Actual Total Time":9010.644,"Actual Rows":4450,"Actual Loops":1,"Output":["item.i_id","item.i_name","stock.s_i_id","stock.s_w_id"],"Hash Cond":"((item.i_id = stock_1.s_i_id) AND (stock.s_quantity = (min(stock_1.s_quantity))))","Shared Hit Blocks":219,"Shared Read Blocks":0,"Shared Dirtied Blocks":0,"Shared Written Blocks":0,"Local Hit Blocks":0,"Local Read Blocks":0,"Local Dirtied Blocks":0,"Local Written Blocks":0,"Temp Read Blocks":8330,"Temp Written Blocks":14781,"I/O Read Time":0.0,"I/O Write Time":0.0,"Temp I/O Read Time":13.3,"Temp I/O Write Time":50.278,"Plans":[{"Node Type":"Hash Join","Parent Relationship":"Outer","Parallel Aware":false,"Async Capable":false,"Join Type":"Inner","Startup Cost":44.04,"Total Cost":44595.48,"Plan Rows":2000,"Plan Width":37,"Actual Startup Time":33.457,"Actual Total Time":203.57,"Actual Rows":314400,"Actual Loops":1,"Output":["item.i_id","item.i_name","stock.s_i_id","stock.s_w_id","stock.s_quantity"],"Hash Cond":"(stock.s_i_id = item.i_id)","Rows Removed by Bloom Filter":58505694,"Shared Hit Blocks":0,"Shared Read Blocks":0,"Shared Dirtied Blocks":0,"Shared Written Blocks":0,"Local Hit Blocks":0,"Local Read Blocks":0,"Local Dirtied Blocks":0,"Local Written Blocks":0,"Temp Read Blocks":0,"Temp Written Blocks":0,"I/O Read Time":0.0,"I/O Write Time":0.0,"Temp I/O Read Time":0.0,"Temp I/O Write Time":0.0,"Plans":[{"Node Type":"Append","Parent Relationship":"Outer","Parallel Aware":false,"Async Capable":false,"Startup Cost":20.0,"Total Cost":430026.22,"Plan Rows":20000212,"Plan Width":8,"Actual Startup Time":0.277,"Actual Total Time":0.283,"Actual Rows":20000000,"Actual Loops":1,"Shared Hit Blocks":0,"Shared Read Blocks":0,"Shared Dirtied Blocks":0,"Shared Written Blocks":0,"Local Hit Blocks":0,"Local Read Blocks":0,"Local Dirtied Blocks":0,"Local Written Blocks":0,"Temp Read Blocks":0,"Temp Written Blocks":0,"I/O Read Time":0.0,"I/O Write Time":0.0,"Temp I/O Read Time":0.0,"Temp I/O Write Time":0.0,"Subplans Removed":0,"Plans":[{"Node Type":"Custom Scan","Parent Relationship":"Member","Custom Plan Provider":"columnar scan","Parallel Aware":false,"Async Capable":false,"Relation Name":"stock","Schema":"public","Alias":"stock","Startup Cost":20.0,"Total Cost":430020.1,"Plan Rows":20000000,"Plan Width":8,"Actual Startup Time":0.276,"Actual Total Time":0.279,"Actual Rows":20000000,"Actual Loops":1,"Output":["stock.s_i_id","stock.s_w_id","stock.s_quantity"],"Rows Removed by Columnar Filter":0,"Columnar cache search mode":"native","Shared Hit Blocks":0,"Shared Read Blocks":0,"Shared Dirtied Blocks":0,"Shared Written Blocks":0,"Local Hit Blocks":0,"Local Read Blocks":0,"Local Dirtied Blocks":0,"Local Written Blocks":0,"Temp Read Blocks":0,"Temp Written Blocks":0,"I/O Read Time":0.0,"I/O Write Time":0.0,"Temp I/O Read Time":0.0,"Temp I/O Write Time":0.0},{"Node Type":"Seq Scan","Parent Relationship":"Member","Parallel Aware":false,"Async Capable":false,"Relation Name":"stock","Schema":"public","Alias":"stock","Startup Cost":0.0,"Total Cost":6.12,"Plan Rows":212,"Plan Width":8,"Actual Startup Time":0.0,"Actual Total Time":0.0,"Actual Rows":0,"Actual Loops":0,"Output":["stock.s_i_id","stock.s_w_id","stock.s_quantity"],"Shared Hit Blocks":0,"Shared Read Blocks":0,"Shared Dirtied Blocks":0,"Shared Written Blocks":0,"Local Hit Blocks":0,"Local Read Blocks":0,"Local Dirtied Blocks":0,"Local Written Blocks":0,"Temp Read Blocks":0,"Temp Written Blocks":0,"I/O Read Time":0.0,"I/O Write Time":0.0,"Temp I/O Read Time":0.0,"Temp I/O Write Time":0.0}]},{"Node Type":"Hash","Parent Relationship":"Inner","Parallel Aware":false,"Async Capable":false,"Startup Cost":24.21,"Total Cost":24.21,"Plan Rows":11,"Plan Width":29,"Actual Rows":1572,"Actual Loops":1,"Output":["item.i_id","item.i_name"],"Shared Hit Blocks":0,"Shared Read Blocks":0,"Shared Dirtied Blocks":0,"Shared Written Blocks":0,"Local Hit Blocks":0,"Local Read Blocks":0,"Local Dirtied Blocks":0,"Local Written Blocks":0,"Temp Read Blocks":0,"Temp Written Blocks":0,"I/O Read Time":0.0,"I/O Write Time":0.0,"Temp I/O Read Time":0.0,"Temp I/O Write Time":0.0,"Plans":[{"Node Type":"Append","Parent Relationship":"Outer","Parallel Aware":false,"Async Capable":false,"Startup Cost":20.0,"Total Cost":24.21,"Plan Rows":11,"Plan Width":29,"Actual Startup Time":7.18,"Actual Total Time":7.183,"Actual Rows":1572,"Actual Loops":1,"Shared Hit Blocks":0,"Shared Read Blocks":0,"Shared Dirtied Blocks":0,"Shared Written Blocks":0,"Local Hit Blocks":0,"Local Read Blocks":0,"Local Dirtied Blocks":0,"Local Written Blocks":0,"Temp Read Blocks":0,"Temp Written Blocks":0,"I/O Read Time":0.0,"I/O Write Time":0.0,"Temp I/O Read Time":0.0,"Temp I/O Write Time":0.0,"Subplans Removed":0,"Plans":[{"Node Type":"Custom Scan","Parent Relationship":"Member","Custom Plan Provider":"columnar scan","Parallel Aware":false,"Async Capable":false,"Relation Name":"item","Schema":"public","Alias":"item","Startup Cost":20.0,"Total Cost":20.2,"Plan Rows":10,"Plan Width":29,"Actual Startup Time":7.178,"Actual Total Time":7.178,"Actual Rows":1572,"Actual Loops":1,"Output":["item.i_id","item.i_name"],"Filter":"((item.i_data)::text ~~ '%b'::text)","Rows Removed by Filter":0,"Rows Removed by Columnar Filter":98428,"Columnar cache search mode":"native","Shared Hit Blocks":0,"Shared Read Blocks":0,"Shared Dirtied Blocks":0,"Shared Written Blocks":0,"Local Hit Blocks":0,"Local Read Blocks":0,"Local Dirtied Blocks":0,"Local Written Blocks":0,"Temp Read Blocks":0,"Temp Written Blocks":0,"I/O Read Time":0.0,"I/O Write Time":0.0,"Temp I/O Read Time":0.0,"Temp I/O Write Time":0.0},{"Node Type":"Seq Scan","Parent Relationship":"Member","Parallel Aware":false,"Async Capable":false,"Relation Name":"item","Schema":"public","Alias":"item","Startup Cost":0.0,"Total Cost":4.01,"Plan Rows":1,"Plan Width":29,"Actual Startup Time":0.0,"Actual Total Time":0.0,"Actual Rows":0,"Actual Loops":0,"Output":["item.i_id","item.i_name"],"Filter":"((item.i_data)::text ~~ '%b'::text)","Rows Removed by Filter":0,"Shared Hit Blocks":0,"Shared Read Blocks":0,"Shared Dirtied Blocks":0,"Shared Written Blocks":0,"Local Hit Blocks":0,"Local Read Blocks":0,"Local Dirtied Blocks":0,"Local Written Blocks":0,"Temp Read Blocks":0,"Temp Written Blocks":0,"I/O Read Time":0.0,"I/O Write Time":0.0,"Temp I/O Read Time":0.0,"Temp I/O Write Time":0.0}]}]}]},{"Node Type":"Hash","Parent Relationship":"Inner","Parallel Aware":false,"Async Capable":false,"Startup Cost":853663.29,"Total Cost":853663.29,"Plan Rows":99032,"Plan Width":6,"Actual Startup Time":8765.84,"Actual Total Time":8765.852,"Actual Rows":100000,"Actual Loops":1,"Output":["stock_1.s_i_id","(min(stock_1.s_quantity))"],"Hash Buckets":131072,"Original Hash Buckets":131072,"Hash Batches":1,"Original Hash Batches":1,"Peak Memory Usage":4735,"Shared Hit Blocks":219,"Shared Read Blocks":0,"Shared Dirtied Blocks":0,"Shared Written Blocks":0,"Local Hit Blocks":0,"Local Read Blocks":0,"Local Dirtied Blocks":0,"Local Written Blocks":0,"Temp Read Blocks":8330,"Temp Written Blocks":14781,"I/O Read Time":0.0,"I/O Write Time":0.0,"Temp I/O Read Time":13.3,"Temp I/O Write Time":50.278,"Plans":[{"Node Type":"Aggregate","Strategy":"Hashed","Partial Mode":"Simple","Parent Relationship":"Outer","Parallel Aware":false,"Async Capable":false,"Startup Cost":820432.32,"Total Cost":852672.97,"Plan Rows":99032,"Plan Width":6,"Actual Startup Time":8426.683,"Actual Total Time":8750.048,"Actual Rows":100000,"Actual Loops":1,"Output":["stock_1.s_i_id","min(stock_1.s_quantity)"],"Group Key":["stock_1.s_i_id"],"Planned Partitions":0,"HashAgg Batches":5,"Peak Memory Usage":8241,"Disk Usage":68504,"Shared Hit Blocks":219,"Shared Read Blocks":0,"Shared Dirtied Blocks":0,"Shared Written Blocks":0,"Local Hit Blocks":0,"Local Read Blocks":0,"Local Dirtied Blocks":0,"Local Written Blocks":0,"Temp Read Blocks":8330,"Temp Written Blocks":14781,"I/O Read Time":0.0,"I/O Write Time":0.0,"Temp I/O Read Time":13.3,"Temp I/O Write Time":50.278,"Plans":[{"Node Type":"Hash Join","Parent Relationship":"Outer","Parallel Aware":false,"Async Capable":false,"Join Type":"Inner","Startup Cost":421.99,"Total Cost":595429.96,"Plan Rows":4000042,"Plan Width":6,"Actual Startup Time":2.666,"Actual Total Time":7113.153,"Actual Rows":6959700,"Actual Loops":1,"Output":["stock_1.s_i_id","stock_1.s_quantity"],"Hash Cond":"(mod((stock_1.s_w_id * stock_1.s_i_id), 10000) = supplier_1.su_suppkey)","Shared Hit Blocks":219,"Shared Read Blocks":0,"Shared Dirtied Blocks":0,"Shared Written Blocks":0,"Local Hit Blocks":0,"Local Read Blocks":0,"Local Dirtied Blocks":0,"Local Written Blocks":0,"Temp Read Blocks":0,"Temp Written Blocks":0,"I/O Read Time":0.0,"I/O Write Time":0.0,"Temp I/O Read Time":0.0,"Temp I/O Write Time":0.0,"Plans":[{"Node Type":"Append","Parent Relationship":"Outer","Parallel Aware":false,"Async Capable":false,"Startup Cost":20.0,"Total Cost":430026.22,"Plan Rows":20000212,"Plan Width":8,"Actual Startup Time":0.016,"Actual Total Time":4197.826,"Actual Rows":20000000,"Actual Loops":1,"Shared Hit Blocks":0,"Shared Read Blocks":0,"Shared Dirtied Blocks":0,"Shared Written Blocks":0,"Local Hit Blocks":0,"Local Read Blocks":0,"Local Dirtied Blocks":0,"Local Written Blocks":0,"Temp Read Blocks":0,"Temp Written Blocks":0,"I/O Read Time":0.0,"I/O Write Time":0.0,"Temp I/O Read Time":0.0,"Temp I/O Write Time":0.0,"Subplans Removed":0,"Plans":[{"Node Type":"Custom Scan","Parent Relationship":"Member","Custom Plan Provider":"columnar scan","Parallel Aware":false,"Async Capable":false,"Relation Name":"stock","Schema":"public","Alias":"stock_1","Startup Cost":20.0,"Total Cost":430020.1,"Plan Rows":20000000,"Plan Width":8,"Actual Startup Time":0.016,"Actual Total Time":2778.289,"Actual Rows":20000000,"Actual Loops":1,"Output":["stock_1.s_i_id","stock_1.s_quantity","stock_1.s_w_id"],"Rows Removed by Columnar Filter":0,"Columnar cache search mode":"native","Shared Hit Blocks":0,"Shared Read Blocks":0,"Shared Dirtied Blocks":0,"Shared Written Blocks":0,"Local Hit Blocks":0,"Local Read Blocks":0,"Local Dirtied Blocks":0,"Local Written Blocks":0,"Temp Read Blocks":0,"Temp Written Blocks":0,"I/O Read Time":0.0,"I/O Write Time":0.0,"Temp I/O Read Time":0.0,"Temp I/O Write Time":0.0},{"Node Type":"Seq Scan","Parent Relationship":"Member","Parallel Aware":false,"Async Capable":false,"Relation Name":"stock","Schema":"public","Alias":"stock_1","Startup Cost":0.0,"Total Cost":6.12,"Plan Rows":212,"Plan Width":8,"Actual Startup Time":0.0,"Actual Total Time":0.0,"Actual Rows":0,"Actual Loops":0,"Output":["stock_1.s_i_id","stock_1.s_quantity","stock_1.s_w_id"],"Shared Hit Blocks":0,"Shared Read Blocks":0,"Shared Dirtied Blocks":0,"Shared Written Blocks":0,"Local Hit Blocks":0,"Local Read Blocks":0,"Local Dirtied Blocks":0,"Local Written Blocks":0,"Temp Read Blocks":0,"Temp Written Blocks":0,"I/O Read Time":0.0,"I/O Write Time":0.0,"Temp I/O Read Time":0.0,"Temp I/O Write Time":0.0}]},{"Node Type":"Hash","Parent Relationship":"Inner","Parallel Aware":false,"Async Capable":false,"Startup Cost":376.99,"Total Cost":376.99,"Plan Rows":2000,"Plan Width":4,"Actual Startup Time":2.64,"Actual Total Time":2.65,"Actual Rows":3506,"Actual Loops":1,"Output":["supplier_1.su_suppkey"],"Hash Buckets":4096,"Original Hash Buckets":2048,"Hash Batches":1,"Original Hash Batches":1,"Peak Memory Usage":156,"Shared Hit Blocks":219,"Shared Read Blocks":0,"Shared Dirtied Blocks":0,"Shared Written Blocks":0,"Local Hit Blocks":0,"Local Read Blocks":0,"Local Dirtied Blocks":0,"Local Written Blocks":0,"Temp Read Blocks":0,"Temp Written Blocks":0,"I/O Read Time":0.0,"I/O Write Time":0.0,"Temp I/O Read Time":0.0,"Temp I/O Write Time":0.0,"Plans":[{"Node Type":"Hash Join","Parent Relationship":"Outer","Parallel Aware":false,"Async Capable":false,"Join Type":"Inner","Startup Cost":3.14,"Total Cost":376.99,"Plan Rows":2000,"Plan Width":4,"Actual Startup Time":0.056,"Actual Total Time":2.204,"Actual Rows":3506,"Actual Loops":1,"Output":["supplier_1.su_suppkey"],"Hash Cond":"(supplier_1.su_nationkey = nation_1.n_nationkey)","Shared Hit Blocks":219,"Shared Read Blocks":0,"Shared Dirtied Blocks":0,"Shared Written Blocks":0,"Local Hit Blocks":0,"Local Read Blocks":0,"Local Dirtied Blocks":0,"Local Written Blocks":0,"Temp Read Blocks":0,"Temp Written Blocks":0,"I/O Read Time":0.0,"I/O Write Time":0.0,"Temp I/O Read Time":0.0,"Temp I/O Write Time":0.0,"Plans":[{"Node Type":"Seq Scan","Parent Relationship":"Outer","Parallel Aware":false,"Async Capable":false,"Relation Name":"supplier","Schema":"public","Alias":"supplier_1","Startup Cost":0.0,"Total Cost":317.0,"Plan Rows":10000,"Plan Width":8,"Actual Startup Time":0.008,"Actual Total Time":0.793,"Actual Rows":10000,"Actual Loops":1,"Output":["supplier_1.su_suppkey","supplier_1.su_name","supplier_1.su_address","supplier_1.su_nationkey","supplier_1.su_phone","supplier_1.su_acctbal","supplier_1.su_comment"],"Shared Hit Blocks":217,"Shared Read Blocks":0,"Shared Dirtied Blocks":0,"Shared Written Blocks":0,"Local Hit Blocks":0,"Local Read Blocks":0,"Local Dirtied Blocks":0,"Local Written Blocks":0,"Temp Read Blocks":0,"Temp Written Blocks":0,"I/O Read Time":0.0,"I/O Write Time":0.0,"Temp I/O Read Time":0.0,"Temp I/O Write Time":0.0},{"Node Type":"Hash","Parent Relationship":"Inner","Parallel Aware":false,"Async Capable":false,"Startup Cost":2.99,"Total Cost":2.99,"Plan Rows":12,"Plan Width":4,"Actual Startup Time":0.04,"Actual Total Time":0.047,"Actual Rows":22,"Actual Loops":1,"Output":["nation_1.n_nationkey"],"Hash Buckets":1024,"Original Hash Buckets":1024,"Hash Batches":1,"Original Hash Batches":1,"Peak Memory Usage":9,"Shared Hit Blocks":2,"Shared Read Blocks":0,"Shared Dirtied Blocks":0,"Shared Written Blocks":0,"Local Hit Blocks":0,"Local Read Blocks":0,"Local Dirtied Blocks":0,"Local Written Blocks":0,"Temp Read Blocks":0,"Temp Written Blocks":0,"I/O Read Time":0.0,"I/O Write Time":0.0,"Temp I/O Read Time":0.0,"Temp I/O Write Time":0.0,"Plans":[{"Node Type":"Hash Join","Parent Relationship":"Outer","Parallel Aware":false,"Async Capable":false,"Join Type":"Inner","Startup Cost":1.07,"Total Cost":2.99,"Plan Rows":12,"Plan Width":4,"Actual Startup Time":0.024,"Actual Total Time":0.042,"Actual Rows":22,"Actual Loops":1,"Output":["nation_1.n_nationkey"],"Hash Cond":"(nation_1.n_regionkey = region_1.r_regionkey)","Shared Hit Blocks":2,"Shared Read Blocks":0,"Shared Dirtied Blocks":0,"Shared Written Blocks":0,"Local Hit Blocks":0,"Local Read Blocks":0,"Local Dirtied Blocks":0,"Local Written Blocks":0,"Temp Read Blocks":0,"Temp Written Blocks":0,"I/O Read Time":0.0,"I/O Write Time":0.0,"Temp I/O Read Time":0.0,"Temp I/O Write Time":0.0,"Plans":[{"Node Type":"Seq Scan","Parent Relationship":"Outer","Parallel Aware":false,"Async Capable":false,"Relation Name":"nation","Schema":"public","Alias":"nation_1","Startup Cost":0.0,"Total Cost":1.62,"Plan Rows":62,"Plan Width":8,"Actual Startup Time":0.005,"Actual Total Time":0.008,"Actual Rows":62,"Actual Loops":1,"Output":["nation_1.n_nationkey","nation_1.n_name","nation_1.n_regionkey","nation_1.n_comment"],"Shared Hit Blocks":1,"Shared Read Blocks":0,"Shared Dirtied Blocks":0,"Shared Written Blocks":0,"Local Hit Blocks":0,"Local Read Blocks":0,"Local Dirtied Blocks":0,"Local Written Blocks":0,"Temp Read Blocks":0,"Temp Written Blocks":0,"I/O Read Time":0.0,"I/O Write Time":0.0,"Temp I/O Read Time":0.0,"Temp I/O Write Time":0.0},{"Node Type":"Hash","Parent Relationship":"Inner","Parallel Aware":false,"Async Capable":false,"Startup Cost":1.06,"Total Cost":1.06,"Plan Rows":1,"Plan Width":4,"Actual Startup Time":0.009,"Actual Total Time":0.012,"Actual Rows":1,"Actual Loops":1,"Output":["region_1.r_regionkey"],"Hash Buckets":1024,"Original Hash Buckets":1024,"Hash Batches":1,"Original Hash Batches":1,"Peak Memory Usage":9,"Shared Hit Blocks":1,"Shared Read Blocks":0,"Shared Dirtied Blocks":0,"Shared Written Blocks":0,"Local Hit Blocks":0,"Local Read Blocks":0,"Local Dirtied Blocks":0,"Local Written Blocks":0,"Temp Read Blocks":0,"Temp Written Blocks":0,"I/O Read Time":0.0,"I/O Write Time":0.0,"Temp I/O Read Time":0.0,"Temp I/O Write Time":0.0,"Plans":[{"Node Type":"Seq Scan","Parent Relationship":"Outer","Parallel Aware":false,"Async Capable":false,"Relation Name":"region","Schema":"public","Alias":"region_1","Startup Cost":0.0,"Total Cost":1.06,"Plan Rows":1,"Plan Width":4,"Actual Startup Time":0.006,"Actual Total Time":0.008,"Actual Rows":1,"Actual Loops":1,"Output":["region_1.r_regionkey"],"Filter":"((region_1.r_name)::text ~~ 'Europ%'::text)","Rows Removed by Filter":4,"Shared Hit Blocks":1,"Shared Read Blocks":0,"Shared Dirtied Blocks":0,"Shared Written Blocks":0,"Local Hit Blocks":0,"Local Read Blocks":0,"Local Dirtied Blocks":0,"Local Written Blocks":0,"Temp Read Blocks":0,"Temp Written Blocks":0,"I/O Read Time":0.0,"I/O Write Time":0.0,"Temp I/O Read Time":0.0,"Temp I/O Write Time":0.0}]}]}]}]}]}]}]}]}]},{"Node Type":"Index Scan","Parent Relationship":"Inner","Parallel Aware":false,"Async Capable":false,"Scan Direction":"Forward","Index Name":"supplier_pk","Relation Name":"supplier","Schema":"public","Alias":"supplier","Startup Cost":0.29,"Total Cost":3.25,"Plan Rows":1,"Plan Width":131,"Actual Startup Time":0.002,"Actual Total Time":0.002,"Actual Rows":1,"Actual Loops":4450,"Output":["supplier.su_suppkey","supplier.su_name","supplier.su_address","supplier.su_nationkey","supplier.su_phone","supplier.su_acctbal","supplier.su_comment"],"Index Cond":"(supplier.su_suppkey = mod((stock.s_w_id * stock.s_i_id), 10000))","Rows Removed by Index Recheck":0,"Shared Hit Blocks":13350,"Shared Read Blocks":0,"Shared Dirtied Blocks":0,"Shared Written Blocks":0,"Local Hit Blocks":0,"Local Read Blocks":0,"Local Dirtied Blocks":0,"Local Written Blocks":0,"Temp Read Blocks":0,"Temp Written Blocks":0,"I/O Read Time":0.0,"I/O Write Time":0.0,"Temp I/O Read Time":0.0,"Temp I/O Write Time":0.0}]},{"Node Type":"Index Scan","Parent Relationship":"Inner","Parallel Aware":false,"Async Capable":false,"Scan Direction":"Forward","Index Name":"nation_pk","Relation Name":"nation","Schema":"public","Alias":"nation","Startup Cost":0.14,"Total Cost":0.16,"Plan Rows":1,"Plan Width":16,"Actual Startup Time":0.001,"Actual Total Time":0.001,"Actual Rows":1,"Actual Loops":4450,"Output":["nation.n_nationkey","nation.n_name","nation.n_regionkey","nation.n_comment"],"Index Cond":"(nation.n_nationkey = supplier.su_nationkey)","Rows Removed by Index Recheck":0,"Shared Hit Blocks":8900,"Shared Read Blocks":0,"Shared Dirtied Blocks":0,"Shared Written Blocks":0,"Local Hit Blocks":0,"Local Read Blocks":0,"Local Dirtied Blocks":0,"Local Written Blocks":0,"Temp Read Blocks":0,"Temp Written Blocks":0,"I/O Read Time":0.0,"I/O Write Time":0.0,"Temp I/O Read Time":0.0,"Temp I/O Write Time":0.0}]},{"Node Type":"Hash","Parent Relationship":"Inner","Parallel Aware":false,"Async Capable":false,"Startup Cost":1.06,"Total Cost":1.06,"Plan Rows":1,"Plan Width":4,"Actual Startup Time":0.018,"Actual Total Time":0.019,"Actual Rows":1,"Actual Loops":1,"Output":["region.r_regionkey"],"Hash Buckets":1024,"Original Hash Buckets":1024,"Hash Batches":1,"Original Hash Batches":1,"Peak Memory Usage":9,"Shared Hit Blocks":1,"Shared Read Blocks":0,"Shared Dirtied Blocks":0,"Shared Written Blocks":0,"Local Hit Blocks":0,"Local Read Blocks":0,"Local Dirtied Blocks":0,"Local Written Blocks":0,"Temp Read Blocks":0,"Temp Written Blocks":0,"I/O Read Time":0.0,"I/O Write Time":0.0,"Temp I/O Read Time":0.0,"Temp I/O Write Time":0.0,"Plans":[{"Node Type":"Seq Scan","Parent Relationship":"Outer","Parallel Aware":false,"Async Capable":false,"Relation Name":"region","Schema":"public","Alias":"region","Startup Cost":0.0,"Total Cost":1.06,"Plan Rows":1,"Plan Width":4,"Actual Startup Time":0.014,"Actual Total Time":0.015,"Actual Rows":1,"Actual Loops":1,"Output":["region.r_regionkey"],"Filter":"((region.r_name)::text ~~ 'Europ%'::text)","Rows Removed by Filter":4,"Shared Hit Blocks":1,"Shared Read Blocks":0,"Shared Dirtied Blocks":0,"Shared Written Blocks":0,"Local Hit Blocks":0,"Local Read Blocks":0,"Local Dirtied Blocks":0,"Local Written Blocks":0,"Temp Read Blocks":0,"Temp Written Blocks":0,"I/O Read Time":0.0,"I/O Write Time":0.0,"Temp I/O Read Time":0.0,"Temp I/O Write Time":0.0}]}]}]},"Planning":{"Shared Hit Blocks":36,"Shared Read Blocks":0,"Shared Dirtied Blocks":0,"Shared Written Blocks":0,"Local Hit Blocks":0,"Local Read Blocks":0,"Local Dirtied Blocks":0,"Local Written Blocks":0,"Temp Read Blocks":0,"Temp Written Blocks":0,"I/O Read Time":0.0,"I/O Write Time":0.0,"Temp I/O Read Time":0.0,"Temp I/O Write Time":0.0},"Planning Time":2.482,"Triggers":[],"Execution Time":9044.73}]
[列存组合]: item, region, supplier
[{"Plan":{"Node Type":"Sort","Parallel Aware":false,"Async Capable":false,"Startup Cost":2544845.7,"Total Cost":2544845.71,"Plan Rows":2,"Plan Width":164,"Actual Startup Time":13904.86,"Actual Total Time":13904.984,"Actual Rows":2295,"Actual Loops":1,"Output":["supplier.su_suppkey","supplier.su_name","nation.n_name","item.i_id","item.i_name","supplier.su_address","supplier.su_phone","supplier.su_comment"],"Sort Key":["nation.n_name","supplier.su_name","item.i_id"],"Sort Method":"quicksort","Sort Space Used":568,"Sort Space Type":"Memory","Shared Hit Blocks":1689037,"Shared Read Blocks":0,"Shared Dirtied Blocks":0,"Shared Written Blocks":0,"Local Hit Blocks":0,"Local Read Blocks":0,"Local Dirtied Blocks":0,"Local Written Blocks":0,"Temp Read Blocks":8330,"Temp Written Blocks":14781,"I/O Read Time":0.0,"I/O Write Time":0.0,"Temp I/O Read Time":12.989,"Temp I/O Write Time":54.038,"Plans":[{"Node Type":"Hash Join","Parent Relationship":"Outer","Parallel Aware":false,"Async Capable":false,"Join Type":"Inner","Startup Cost":1458904.59,"Total Cost":2544845.69,"Plan Rows":2,"Plan Width":164,"Actual Startup Time":8603.581,"Actual Total Time":13899.611,"Actual Rows":2295,"Actual Loops":1,"Output":["supplier.su_suppkey","supplier.su_name","nation.n_name","item.i_id","item.i_name","supplier.su_address","supplier.su_phone","supplier.su_comment"],"Inner Unique":true,"Hash Cond":"(nation.n_regionkey = region.r_regionkey)","Shared Hit Blocks":1689037,"Shared Read Blocks":0,"Shared Dirtied Blocks":0,"Shared Written Blocks":0,"Local Hit Blocks":0,"Local Read Blocks":0,"Local Dirtied Blocks":0,"Local Written Blocks":0,"Temp Read Blocks":8330,"Temp Written Blocks":14781,"I/O Read Time":0.0,"I/O Write Time":0.0,"Temp I/O Read Time":12.989,"Temp I/O Write Time":54.038,"Plans":[{"Node Type":"Nested Loop","Parent Relationship":"Outer","Parallel Aware":false,"Async Capable":false,"Join Type":"Inner","Startup Cost":1458903.52,"Total Cost":2544844.57,"Plan Rows":10,"Plan Width":168,"Actual Startup Time":8603.01,"Actual Total Time":13898.303,"Actual Rows":4450,"Actual Loops":1,"Output":["item.i_id","item.i_name","supplier.su_suppkey","supplier.su_name","supplier.su_address","supplier.su_phone","supplier.su_comment","nation.n_name","nation.n_regionkey"],"Inner Unique":true,"Shared Hit Blocks":1689036,"Shared Read Blocks":0,"Shared Dirtied Blocks":0,"Shared Written Blocks":0,"Local Hit Blocks":0,"Local Read Blocks":0,"Local Dirtied Blocks":0,"Local Written Blocks":0,"Temp Read Blocks":8330,"Temp Written Blocks":14781,"I/O Read Time":0.0,"I/O Write Time":0.0,"Temp I/O Read Time":12.989,"Temp I/O Write Time":54.038,"Plans":[{"Node Type":"Nested Loop","Parent Relationship":"Outer","Parallel Aware":false,"Async Capable":false,"Join Type":"Inner","Startup Cost":1458903.38,"Total Cost":2544842.98,"Plan Rows":10,"Plan Width":160,"Actual Startup Time":8602.993,"Actual Total Time":13891.859,"Actual Rows":4450,"Actual Loops":1,"Output":["item.i_id","item.i_name","supplier.su_suppkey","supplier.su_name","supplier.su_address","supplier.su_phone","supplier.su_comment","supplier.su_nationkey"],"Inner Unique":true,"Shared Hit Blocks":1680136,"Shared Read Blocks":0,"Shared Dirtied Blocks":0,"Shared Written Blocks":0,"Local Hit Blocks":0,"Local Read Blocks":0,"Local Dirtied Blocks":0,"Local Written Blocks":0,"Temp Read Blocks":8330,"Temp Written Blocks":14781,"I/O Read Time":0.0,"I/O Write Time":0.0,"Temp I/O Read Time":12.989,"Temp I/O Write Time":54.038,"Plans":[{"Node Type":"Hash Join","Parent Relationship":"Outer","Parallel Aware":false,"Async Capable":false,"Join Type":"Inner","Startup Cost":1458903.09,"Total Cost":2544810.49,"Plan Rows":10,"Plan Width":35,"Actual Startup Time":8602.952,"Actual Total Time":13874.875,"Actual Rows":4450,"Actual Loops":1,"Output":["item.i_id","item.i_name","stock.s_i_id","stock.s_w_id"],"Inner Unique":true,"Hash Cond":"((item.i_id = stock_1.s_i_id) AND (stock.s_quantity = (min(stock_1.s_quantity))))","Shared Hit Blocks":1666786,"Shared Read Blocks":0,"Shared Dirtied Blocks":0,"Shared Written Blocks":0,"Local Hit Blocks":0,"Local Read Blocks":0,"Local Dirtied Blocks":0,"Local Written Blocks":0,"Temp Read Blocks":8330,"Temp Written Blocks":14781,"I/O Read Time":0.0,"I/O Write Time":0.0,"Temp I/O Read Time":12.989,"Temp I/O Write Time":54.038,"Plans":[{"Node Type":"Hash Join","Parent Relationship":"Outer","Parallel Aware":false,"Async Capable":false,"Join Type":"Inner","Startup Cost":484.4,"Total Cost":1086381.3,"Plan Rows":2000,"Plan Width":37,"Actual Startup Time":8.572,"Actual Total Time":5203.429,"Actual Rows":314400,"Actual Loops":1,"Output":["item.i_id","item.i_name","stock.s_i_id","stock.s_w_id","stock.s_quantity"],"Inner Unique":true,"Hash Cond":"(stock.s_i_id = item.i_id)","Shared Hit Blocks":833392,"Shared Read Blocks":0,"Shared Dirtied Blocks":0,"Shared Written Blocks":0,"Local Hit Blocks":0,"Local Read Blocks":0,"Local Dirtied Blocks":0,"Local Written Blocks":0,"Temp Read Blocks":0,"Temp Written Blocks":0,"I/O Read Time":0.0,"I/O Write Time":0.0,"Temp I/O Read Time":0.0,"Temp I/O Write Time":0.0,"Plans":[{"Node Type":"Seq Scan","Parent Relationship":"Outer","Parallel Aware":false,"Async Capable":false,"Relation Name":"stock","Schema":"public","Alias":"stock","Startup Cost":0.0,"Total Cost":1033394.12,"Plan Rows":20000212,"Plan Width":8,"Actual Startup Time":0.004,"Actual Total Time":1770.728,"Actual Rows":20000000,"Actual Loops":1,"Output":["stock.s_i_id","stock.s_w_id","stock.s_quantity","stock.s_dist_01","stock.s_dist_02","stock.s_dist_03","stock.s_dist_04","stock.s_dist_05","stock.s_dist_06","stock.s_dist_07","stock.s_dist_08","stock.s_dist_09","stock.s_dist_10","stock.s_ytd","stock.s_order_cnt","stock.s_remote_cnt","stock.s_data"],"Shared Hit Blocks":833392,"Shared Read Blocks":0,"Shared Dirtied Blocks":0,"Shared Written Blocks":0,"Local Hit Blocks":0,"Local Read Blocks":0,"Local Dirtied Blocks":0,"Local Written Blocks":0,"Temp Read Blocks":0,"Temp Written Blocks":0,"I/O Read Time":0.0,"I/O Write Time":0.0,"Temp I/O Read Time":0.0,"Temp I/O Write Time":0.0},{"Node Type":"Hash","Parent Relationship":"Inner","Parallel Aware":false,"Async Capable":false,"Startup Cost":484.26,"Total Cost":484.26,"Plan Rows":11,"Plan Width":29,"Actual Startup Time":8.542,"Actual Total Time":8.546,"Actual Rows":1572,"Actual Loops":1,"Output":["item.i_id","item.i_name"],"Hash Buckets":2048,"Original Hash Buckets":1024,"Hash Batches":1,"Original Hash Batches":1,"Peak Memory Usage":110,"Shared Hit Blocks":0,"Shared Read Blocks":0,"Shared Dirtied Blocks":0,"Shared Written Blocks":0,"Local Hit Blocks":0,"Local Read Blocks":0,"Local Dirtied Blocks":0,"Local Written Blocks":0,"Temp Read Blocks":0,"Temp Written Blocks":0,"I/O Read Time":0.0,"I/O Write Time":0.0,"Temp I/O Read Time":0.0,"Temp I/O Write Time":0.0,"Plans":[{"Node Type":"Append","Parent Relationship":"Outer","Parallel Aware":false,"Async Capable":false,"Startup Cost":20.0,"Total Cost":484.26,"Plan Rows":11,"Plan Width":29,"Actual Startup Time":7.346,"Actual Total Time":8.103,"Actual Rows":1572,"Actual Loops":1,"Shared Hit Blocks":0,"Shared Read Blocks":0,"Shared Dirtied Blocks":0,"Shared Written Blocks":0,"Local Hit Blocks":0,"Local Read Blocks":0,"Local Dirtied Blocks":0,"Local Written Blocks":0,"Temp Read Blocks":0,"Temp Written Blocks":0,"I/O Read Time":0.0,"I/O Write Time":0.0,"Temp I/O Read Time":0.0,"Temp I/O Write Time":0.0,"Subplans Removed":0,"Plans":[{"Node Type":"Custom Scan","Parent Relationship":"Member","Custom Plan Provider":"columnar scan","Parallel Aware":false,"Async Capable":false,"Relation Name":"item","Schema":"public","Alias":"item","Startup Cost":20.0,"Total Cost":20.2,"Plan Rows":10,"Plan Width":29,"Actual Startup Time":7.345,"Actual Total Time":7.985,"Actual Rows":1572,"Actual Loops":1,"Output":["item.i_id","item.i_name"],"Filter":"((item.i_data)::text ~~ '%b'::text)","Rows Removed by Filter":0,"Rows Removed by Columnar Filter":98428,"Columnar cache search mode":"native","Shared Hit Blocks":0,"Shared Read Blocks":0,"Shared Dirtied Blocks":0,"Shared Written Blocks":0,"Local Hit Blocks":0,"Local Read Blocks":0,"Local Dirtied Blocks":0,"Local Written Blocks":0,"Temp Read Blocks":0,"Temp Written Blocks":0,"I/O Read Time":0.0,"I/O Write Time":0.0,"Temp I/O Read Time":0.0,"Temp I/O Write Time":0.0},{"Node Type":"Seq Scan","Parent Relationship":"Member","Parallel Aware":false,"Async Capable":false,"Relation Name":"item","Schema":"public","Alias":"item","Startup Cost":0.0,"Total Cost":4.01,"Plan Rows":1,"Plan Width":29,"Actual Startup Time":0.0,"Actual Total Time":0.0,"Actual Rows":0,"Actual Loops":0,"Output":["item.i_id","item.i_name"],"Filter":"((item.i_data)::text ~~ '%b'::text)","Rows Removed by Filter":0,"Shared Hit Blocks":0,"Shared Read Blocks":0,"Shared Dirtied Blocks":0,"Shared Written Blocks":0,"Local Hit Blocks":0,"Local Read Blocks":0,"Local Dirtied Blocks":0,"Local Written Blocks":0,"Temp Read Blocks":0,"Temp Written Blocks":0,"I/O Read Time":0.0,"I/O Write Time":0.0,"Temp I/O Read Time":0.0,"Temp I/O Write Time":0.0}]}]}]},{"Node Type":"Hash","Parent Relationship":"Inner","Parallel Aware":false,"Async Capable":false,"Startup Cost":1456933.21,"Total Cost":1456933.21,"Plan Rows":99032,"Plan Width":6,"Actual Startup Time":8591.94,"Actual Total Time":8591.959,"Actual Rows":100000,"Actual Loops":1,"Output":["stock_1.s_i_id","(min(stock_1.s_quantity))"],"Hash Buckets":131072,"Original Hash Buckets":131072,"Hash Batches":1,"Original Hash Batches":1,"Peak Memory Usage":4735,"Shared Hit Blocks":833394,"Shared Read Blocks":0,"Shared Dirtied Blocks":0,"Shared Written Blocks":0,"Local Hit Blocks":0,"Local Read Blocks":0,"Local Dirtied Blocks":0,"Local Written Blocks":0,"Temp Read Blocks":8330,"Temp Written Blocks":14781,"I/O Read Time":0.0,"I/O Write Time":0.0,"Temp I/O Read Time":12.989,"Temp I/O Write Time":54.038,"Plans":[{"Node Type":"Aggregate","Strategy":"Hashed","Partial Mode":"Simple","Parent Relationship":"Outer","Parallel Aware":false,"Async Capable":false,"Startup Cost":1423702.24,"Total Cost":1455942.89,"Plan Rows":99032,"Plan Width":6,"Actual Startup Time":8246.614,"Actual Total Time":8576.174,"Actual Rows":100000,"Actual Loops":1,"Output":["stock_1.s_i_id","min(stock_1.s_quantity)"],"Group Key":["stock_1.s_i_id"],"Planned Partitions":0,"HashAgg Batches":5,"Peak Memory Usage":8241,"Disk Usage":68504,"Shared Hit Blocks":833394,"Shared Read Blocks":0,"Shared Dirtied Blocks":0,"Shared Written Blocks":0,"Local Hit Blocks":0,"Local Read Blocks":0,"Local Dirtied Blocks":0,"Local Written Blocks":0,"Temp Read Blocks":8330,"Temp Written Blocks":14781,"I/O Read Time":0.0,"I/O Write Time":0.0,"Temp I/O Read Time":12.989,"Temp I/O Write Time":54.038,"Plans":[{"Node Type":"Hash Join","Parent Relationship":"Outer","Parallel Aware":false,"Async Capable":false,"Join Type":"Inner","Startup Cost":304.02,"Total Cost":1198699.88,"Plan Rows":4000042,"Plan Width":6,"Actual Startup Time":2.028,"Actual Total Time":6887.629,"Actual Rows":6959700,"Actual Loops":1,"Output":["stock_1.s_i_id","stock_1.s_quantity"],"Inner Unique":false,"Hash Cond":"(mod((stock_1.s_w_id * stock_1.s_i_id), 10000) = supplier_1.su_suppkey)","Shared Hit Blocks":833394,"Shared Read Blocks":0,"Shared Dirtied Blocks":0,"Shared Written Blocks":0,"Local Hit Blocks":0,"Local Read Blocks":0,"Local Dirtied Blocks":0,"Local Written Blocks":0,"Temp Read Blocks":0,"Temp Written Blocks":0,"I/O Read Time":0.0,"I/O Write Time":0.0,"Temp I/O Read Time":0.0,"Temp I/O Write Time":0.0,"Plans":[{"Node Type":"Seq Scan","Parent Relationship":"Outer","Parallel Aware":false,"Async Capable":false,"Relation Name":"stock","Schema":"public","Alias":"stock_1","Startup Cost":0.0,"Total Cost":1033394.12,"Plan Rows":20000212,"Plan Width":8,"Actual Startup Time":0.004,"Actual Total Time":1877.789,"Actual Rows":20000000,"Actual Loops":1,"Output":["stock_1.s_i_id","stock_1.s_w_id","stock_1.s_quantity","stock_1.s_dist_01","stock_1.s_dist_02","stock_1.s_dist_03","stock_1.s_dist_04","stock_1.s_dist_05","stock_1.s_dist_06","stock_1.s_dist_07","stock_1.s_dist_08","stock_1.s_dist_09","stock_1.s_dist_10","stock_1.s_ytd","stock_1.s_order_cnt","stock_1.s_remote_cnt","stock_1.s_data"],"Shared Hit Blocks":833392,"Shared Read Blocks":0,"Shared Dirtied Blocks":0,"Shared Written Blocks":0,"Local Hit Blocks":0,"Local Read Blocks":0,"Local Dirtied Blocks":0,"Local Written Blocks":0,"Temp Read Blocks":0,"Temp Written Blocks":0,"I/O Read Time":0.0,"I/O Write Time":0.0,"Temp I/O Read Time":0.0,"Temp I/O Write Time":0.0},{"Node Type":"Hash","Parent Relationship":"Inner","Parallel Aware":false,"Async Capable":false,"Startup Cost":279.02,"Total Cost":279.02,"Plan Rows":2000,"Plan Width":4,"Actual Startup Time":2.018,"Actual Total Time":2.032,"Actual Rows":3506,"Actual Loops":1,"Output":["supplier_1.su_suppkey"],"Hash Buckets":4096,"Original Hash Buckets":2048,"Hash Batches":1,"Original Hash Batches":1,"Peak Memory Usage":156,"Shared Hit Blocks":2,"Shared Read Blocks":0,"Shared Dirtied Blocks":0,"Shared Written Blocks":0,"Local Hit Blocks":0,"Local Read Blocks":0,"Local Dirtied Blocks":0,"Local Written Blocks":0,"Temp Read Blocks":0,"Temp Written Blocks":0,"I/O Read Time":0.0,"I/O Write Time":0.0,"Temp I/O Read Time":0.0,"Temp I/O Write Time":0.0,"Plans":[{"Node Type":"Hash Join","Parent Relationship":"Outer","Parallel Aware":false,"Async Capable":false,"Join Type":"Inner","Startup Cost":23.14,"Total Cost":279.02,"Plan Rows":2000,"Plan Width":4,"Actual Startup Time":0.33,"Actual Total Time":1.639,"Actual Rows":3506,"Actual Loops":1,"Output":["supplier_1.su_suppkey"],"Inner Unique":false,"Hash Cond":"(supplier_1.su_nationkey = nation_1.n_nationkey)","Shared Hit Blocks":2,"Shared Read Blocks":0,"Shared Dirtied Blocks":0,"Shared Written Blocks":0,"Local Hit Blocks":0,"Local Read Blocks":0,"Local Dirtied Blocks":0,"Local Written Blocks":0,"Temp Read Blocks":0,"Temp Written Blocks":0,"I/O Read Time":0.0,"I/O Write Time":0.0,"Temp I/O Read Time":0.0,"Temp I/O Write Time":0.0,"Plans":[{"Node Type":"Append","Parent Relationship":"Outer","Parallel Aware":false,"Async Capable":false,"Startup Cost":20.0,"Total Cost":219.01,"Plan Rows":10001,"Plan Width":8,"Actual Startup Time":0.088,"Actual Total Time":0.804,"Actual Rows":3506,"Actual Loops":1,"Shared Hit Blocks":0,"Shared Read Blocks":0,"Shared Dirtied Blocks":0,"Shared Written Blocks":0,"Local Hit Blocks":0,"Local Read Blocks":0,"Local Dirtied Blocks":0,"Local Written Blocks":0,"Temp Read Blocks":0,"Temp Written Blocks":0,"I/O Read Time":0.0,"I/O Write Time":0.0,"Temp I/O Read Time":0.0,"Temp I/O Write Time":0.0,"Subplans Removed":0,"Plans":[{"Node Type":"Custom Scan","Parent Relationship":"Member","Custom Plan Provider":"columnar scan","Parallel Aware":false,"Async Capable":false,"Relation Name":"supplier","Schema":"public","Alias":"supplier_1","Startup Cost":20.0,"Total Cost":215.0,"Plan Rows":10000,"Plan Width":8,"Actual Startup Time":0.087,"Actual Total Time":0.557,"Actual Rows":3506,"Actual Loops":1,"Output":["supplier_1.su_suppkey","supplier_1.su_nationkey"],"Rows Removed by Columnar Filter":6494,"Rows Filtered by Bloom Filter":0,"Dictionary Rows Filtered by Bloom Filter":6494,"Columnar cache search mode":"native","Shared Hit Blocks":0,"Shared Read Blocks":0,"Shared Dirtied Blocks":0,"Shared Written Blocks":0,"Local Hit Blocks":0,"Local Read Blocks":0,"Local Dirtied Blocks":0,"Local Written Blocks":0,"Temp Read Blocks":0,"Temp Written Blocks":0,"I/O Read Time":0.0,"I/O Write Time":0.0,"Temp I/O Read Time":0.0,"Temp I/O Write Time":0.0},{"Node Type":"Seq Scan","Parent Relationship":"Member","Parallel Aware":false,"Async Capable":false,"Relation Name":"supplier","Schema":"public","Alias":"supplier_1","Startup Cost":0.0,"Total Cost":4.01,"Plan Rows":1,"Plan Width":8,"Actual Startup Time":0.0,"Actual Total Time":0.0,"Actual Rows":0,"Actual Loops":0,"Output":["supplier_1.su_suppkey","supplier_1.su_nationkey"],"Shared Hit Blocks":0,"Shared Read Blocks":0,"Shared Dirtied Blocks":0,"Shared Written Blocks":0,"Local Hit Blocks":0,"Local Read Blocks":0,"Local Dirtied Blocks":0,"Local Written Blocks":0,"Temp Read Blocks":0,"Temp Written Blocks":0,"I/O Read Time":0.0,"I/O Write Time":0.0,"Temp I/O Read Time":0.0,"Temp I/O Write Time":0.0}]},{"Node Type":"Hash","Parent Relationship":"Inner","Parallel Aware":false,"Async Capable":false,"Startup Cost":2.99,"Total Cost":2.99,"Plan Rows":12,"Plan Width":4,"Actual Startup Time":0.035,"Actual Total Time":0.042,"Actual Rows":22,"Actual Loops":1,"Output":["nation_1.n_nationkey"],"Hash Buckets":1024,"Original Hash Buckets":1024,"Hash Batches":1,"Original Hash Batches":1,"Peak Memory Usage":9,"Shared Hit Blocks":2,"Shared Read Blocks":0,"Shared Dirtied Blocks":0,"Shared Written Blocks":0,"Local Hit Blocks":0,"Local Read Blocks":0,"Local Dirtied Blocks":0,"Local Written Blocks":0,"Temp Read Blocks":0,"Temp Written Blocks":0,"I/O Read Time":0.0,"I/O Write Time":0.0,"Temp I/O Read Time":0.0,"Temp I/O Write Time":0.0,"Plans":[{"Node Type":"Hash Join","Parent Relationship":"Outer","Parallel Aware":false,"Async Capable":false,"Join Type":"Inner","Startup Cost":1.07,"Total Cost":2.99,"Plan Rows":12,"Plan Width":4,"Actual Startup Time":0.015,"Actual Total Time":0.033,"Actual Rows":22,"Actual Loops":1,"Output":["nation_1.n_nationkey"],"Inner Unique":true,"Hash Cond":"(nation_1.n_regionkey = region_1.r_regionkey)","Shared Hit Blocks":2,"Shared Read Blocks":0,"Shared Dirtied Blocks":0,"Shared Written Blocks":0,"Local Hit Blocks":0,"Local Read Blocks":0,"Local Dirtied Blocks":0,"Local Written Blocks":0,"Temp Read Blocks":0,"Temp Written Blocks":0,"I/O Read Time":0.0,"I/O Write Time":0.0,"Temp I/O Read Time":0.0,"Temp I/O Write Time":0.0,"Plans":[{"Node Type":"Seq Scan","Parent Relationship":"Outer","Parallel Aware":false,"Async Capable":false,"Relation Name":"nation","Schema":"public","Alias":"nation_1","Startup Cost":0.0,"Total Cost":1.62,"Plan Rows":62,"Plan Width":8,"Actual Startup Time":0.005,"Actual Total Time":0.009,"Actual Rows":62,"Actual Loops":1,"Output":["nation_1.n_nationkey","nation_1.n_name","nation_1.n_regionkey","nation_1.n_comment"],"Shared Hit Blocks":1,"Shared Read Blocks":0,"Shared Dirtied Blocks":0,"Shared Written Blocks":0,"Local Hit Blocks":0,"Local Read Blocks":0,"Local Dirtied Blocks":0,"Local Written Blocks":0,"Temp Read Blocks":0,"Temp Written Blocks":0,"I/O Read Time":0.0,"I/O Write Time":0.0,"Temp I/O Read Time":0.0,"Temp I/O Write Time":0.0},{"Node Type":"Hash","Parent Relationship":"Inner","Parallel Aware":false,"Async Capable":false,"Startup Cost":1.06,"Total Cost":1.06,"Plan Rows":1,"Plan Width":4,"Actual Startup Time":0.005,"Actual Total Time":0.008,"Actual Rows":1,"Actual Loops":1,"Output":["region_1.r_regionkey"],"Hash Buckets":1024,"Original Hash Buckets":1024,"Hash Batches":1,"Original Hash Batches":1,"Peak Memory Usage":9,"Shared Hit Blocks":1,"Shared Read Blocks":0,"Shared Dirtied Blocks":0,"Shared Written Blocks":0,"Local Hit Blocks":0,"Local Read Blocks":0,"Local Dirtied Blocks":0,"Local Written Blocks":0,"Temp Read Blocks":0,"Temp Written Blocks":0,"I/O Read Time":0.0,"I/O Write Time":0.0,"Temp I/O Read Time":0.0,"Temp I/O Write Time":0.0,"Plans":[{"Node Type":"Seq Scan","Parent Relationship":"Outer","Parallel Aware":false,"Async Capable":false,"Relation Name":"region","Schema":"public","Alias":"region_1","Startup Cost":0.0,"Total Cost":1.06,"Plan Rows":1,"Plan Width":4,"Actual Startup Time":0.004,"Actual Total Time":0.005,"Actual Rows":1,"Actual Loops":1,"Output":["region_1.r_regionkey"],"Filter":"((region_1.r_name)::text ~~ 'Europ%'::text)","Rows Removed by Filter":4,"Shared Hit Blocks":1,"Shared Read Blocks":0,"Shared Dirtied Blocks":0,"Shared Written Blocks":0,"Local Hit Blocks":0,"Local Read Blocks":0,"Local Dirtied Blocks":0,"Local Written Blocks":0,"Temp Read Blocks":0,"Temp Written Blocks":0,"I/O Read Time":0.0,"I/O Write Time":0.0,"Temp I/O Read Time":0.0,"Temp I/O Write Time":0.0}]}]}]}]}]}]}]}]}]},{"Node Type":"Index Scan","Parent Relationship":"Inner","Parallel Aware":false,"Async Capable":false,"Scan Direction":"Forward","Index Name":"supplier_pk","Relation Name":"supplier","Schema":"public","Alias":"supplier","Startup Cost":0.29,"Total Cost":3.25,"Plan Rows":1,"Plan Width":131,"Actual Startup Time":0.003,"Actual Total Time":0.003,"Actual Rows":1,"Actual Loops":4450,"Output":["supplier.su_suppkey","supplier.su_name","supplier.su_address","supplier.su_nationkey","supplier.su_phone","supplier.su_acctbal","supplier.su_comment"],"Index Cond":"(supplier.su_suppkey = mod((stock.s_w_id * stock.s_i_id), 10000))","Rows Removed by Index Recheck":0,"Shared Hit Blocks":13350,"Shared Read Blocks":0,"Shared Dirtied Blocks":0,"Shared Written Blocks":0,"Local Hit Blocks":0,"Local Read Blocks":0,"Local Dirtied Blocks":0,"Local Written Blocks":0,"Temp Read Blocks":0,"Temp Written Blocks":0,"I/O Read Time":0.0,"I/O Write Time":0.0,"Temp I/O Read Time":0.0,"Temp I/O Write Time":0.0}]},{"Node Type":"Index Scan","Parent Relationship":"Inner","Parallel Aware":false,"Async Capable":false,"Scan Direction":"Forward","Index Name":"nation_pk","Relation Name":"nation","Schema":"public","Alias":"nation","Startup Cost":0.14,"Total Cost":0.16,"Plan Rows":1,"Plan Width":16,"Actual Startup Time":0.001,"Actual Total Time":0.001,"Actual Rows":1,"Actual Loops":4450,"Output":["nation.n_nationkey","nation.n_name","nation.n_regionkey","nation.n_comment"],"Index Cond":"(nation.n_nationkey = supplier.su_nationkey)","Rows Removed by Index Recheck":0,"Shared Hit Blocks":8900,"Shared Read Blocks":0,"Shared Dirtied Blocks":0,"Shared Written Blocks":0,"Local Hit Blocks":0,"Local Read Blocks":0,"Local Dirtied Blocks":0,"Local Written Blocks":0,"Temp Read Blocks":0,"Temp Written Blocks":0,"I/O Read Time":0.0,"I/O Write Time":0.0,"Temp I/O Read Time":0.0,"Temp I/O Write Time":0.0}]},{"Node Type":"Hash","Parent Relationship":"Inner","Parallel Aware":false,"Async Capable":false,"Startup Cost":1.06,"Total Cost":1.06,"Plan Rows":1,"Plan Width":4,"Actual Startup Time":0.016,"Actual Total Time":0.016,"Actual Rows":1,"Actual Loops":1,"Output":["region.r_regionkey"],"Hash Buckets":1024,"Original Hash Buckets":1024,"Hash Batches":1,"Original Hash Batches":1,"Peak Memory Usage":9,"Shared Hit Blocks":1,"Shared Read Blocks":0,"Shared Dirtied Blocks":0,"Shared Written Blocks":0,"Local Hit Blocks":0,"Local Read Blocks":0,"Local Dirtied Blocks":0,"Local Written Blocks":0,"Temp Read Blocks":0,"Temp Written Blocks":0,"I/O Read Time":0.0,"I/O Write Time":0.0,"Temp I/O Read Time":0.0,"Temp I/O Write Time":0.0,"Plans":[{"Node Type":"Seq Scan","Parent Relationship":"Outer","Parallel Aware":false,"Async Capable":false,"Relation Name":"region","Schema":"public","Alias":"region","Startup Cost":0.0,"Total Cost":1.06,"Plan Rows":1,"Plan Width":4,"Actual Startup Time":0.012,"Actual Total Time":0.013,"Actual Rows":1,"Actual Loops":1,"Output":["region.r_regionkey"],"Filter":"((region.r_name)::text ~~ 'Europ%'::text)","Rows Removed by Filter":4,"Shared Hit Blocks":1,"Shared Read Blocks":0,"Shared Dirtied Blocks":0,"Shared Written Blocks":0,"Local Hit Blocks":0,"Local Read Blocks":0,"Local Dirtied Blocks":0,"Local Written Blocks":0,"Temp Read Blocks":0,"Temp Written Blocks":0,"I/O Read Time":0.0,"I/O Write Time":0.0,"Temp I/O Read Time":0.0,"Temp I/O Write Time":0.0}]}]}]},"Planning":{"Shared Hit Blocks":36,"Shared Read Blocks":0,"Shared Dirtied Blocks":0,"Shared Written Blocks":0,"Local Hit Blocks":0,"Local Read Blocks":0,"Local Dirtied Blocks":0,"Local Written Blocks":0,"Temp Read Blocks":0,"Temp Written Blocks":0,"I/O Read Time":0.0,"I/O Write Time":0.0,"Temp I/O Read Time":0.0,"Temp I/O Write Time":0.0},"Planning Time":0.897,"Triggers":[],"Execution Time":13918.751}]
[列存组合]: item, stock, supplier
[{"Plan":{"Node Type":"Sort","Parallel Aware":false,"Async Capable":false,"Startup Cost":899691.98,"Total Cost":899691.99,"Plan Rows":2,"Plan Width":164,"Actual Startup Time":9057.18,"Actual Total Time":9057.317,"Actual Rows":2295,"Actual Loops":1,"Output":["supplier.su_suppkey","supplier.su_name","nation.n_name","item.i_id","item.i_name","supplier.su_address","supplier.su_phone","supplier.su_comment"],"Sort Key":["nation.n_name","supplier.su_name","item.i_id"],"Sort Method":"quicksort","Sort Space Used":568,"Sort Space Type":"Memory","Shared Hit Blocks":22253,"Shared Read Blocks":0,"Shared Dirtied Blocks":0,"Shared Written Blocks":0,"Local Hit Blocks":0,"Local Read Blocks":0,"Local Dirtied Blocks":0,"Local Written Blocks":0,"Temp Read Blocks":8330,"Temp Written Blocks":14781,"I/O Read Time":0.0,"I/O Write Time":0.0,"Temp I/O Read Time":13.183,"Temp I/O Write Time":49.565,"Plans":[{"Node Type":"Hash Join","Parent Relationship":"Outer","Parallel Aware":false,"Async Capable":false,"Join Type":"Inner","Startup Cost":855096.34,"Total Cost":899691.97,"Plan Rows":2,"Plan Width":164,"Actual Startup Time":8849.8,"Actual Total Time":9052.737,"Actual Rows":2295,"Actual Loops":1,"Output":["supplier.su_suppkey","supplier.su_name","nation.n_name","item.i_id","item.i_name","supplier.su_address","supplier.su_phone","supplier.su_comment"],"Hash Cond":"(nation.n_regionkey = region.r_regionkey)","Shared Hit Blocks":22253,"Shared Read Blocks":0,"Shared Dirtied Blocks":0,"Shared Written Blocks":0,"Local Hit Blocks":0,"Local Read Blocks":0,"Local Dirtied Blocks":0,"Local Written Blocks":0,"Temp Read Blocks":8330,"Temp Written Blocks":14781,"I/O Read Time":0.0,"I/O Write Time":0.0,"Temp I/O Read Time":13.183,"Temp I/O Write Time":49.565,"Plans":[{"Node Type":"Nested Loop","Parent Relationship":"Outer","Parallel Aware":false,"Async Capable":false,"Join Type":"Inner","Startup Cost":855095.27,"Total Cost":899690.85,"Plan Rows":10,"Plan Width":168,"Actual Startup Time":8849.73,"Actual Total Time":9051.959,"Actual Rows":4450,"Actual Loops":1,"Output":["item.i_id","item.i_name","supplier.su_suppkey","supplier.su_name","supplier.su_address","supplier.su_phone","supplier.su_comment","nation.n_name","nation.n_regionkey"],"Shared Hit Blocks":22252,"Shared Read Blocks":0,"Shared Dirtied Blocks":0,"Shared Written Blocks":0,"Local Hit Blocks":0,"Local Read Blocks":0,"Local Dirtied Blocks":0,"Local Written Blocks":0,"Temp Read Blocks":8330,"Temp Written Blocks":14781,"I/O Read Time":0.0,"I/O Write Time":0.0,"Temp I/O Read Time":13.183,"Temp I/O Write Time":49.565,"Plans":[{"Node Type":"Nested Loop","Parent Relationship":"Outer","Parallel Aware":false,"Async Capable":false,"Join Type":"Inner","Startup Cost":855095.13,"Total Cost":899689.26,"Plan Rows":10,"Plan Width":160,"Actual Startup Time":8849.711,"Actual Total Time":9046.996,"Actual Rows":4450,"Actual Loops":1,"Output":["item.i_id","item.i_name","supplier.su_suppkey","supplier.su_name","supplier.su_address","supplier.su_phone","supplier.su_comment","supplier.su_nationkey"],"Shared Hit Blocks":13352,"Shared Read Blocks":0,"Shared Dirtied Blocks":0,"Shared Written Blocks":0,"Local Hit Blocks":0,"Local Read Blocks":0,"Local Dirtied Blocks":0,"Local Written Blocks":0,"Temp Read Blocks":8330,"Temp Written Blocks":14781,"I/O Read Time":0.0,"I/O Write Time":0.0,"Temp I/O Read Time":13.183,"Temp I/O Write Time":49.565,"Plans":[{"Node Type":"Hash Join","Parent Relationship":"Outer","Parallel Aware":false,"Async Capable":false,"Join Type":"Inner","Startup Cost":855094.84,"Total Cost":899656.77,"Plan Rows":10,"Plan Width":35,"Actual Startup Time":8849.66,"Actual Total Time":9038.043,"Actual Rows":4450,"Actual Loops":1,"Output":["item.i_id","item.i_name","stock.s_i_id","stock.s_w_id"],"Hash Cond":"((item.i_id = stock_1.s_i_id) AND (stock.s_quantity = (min(stock_1.s_quantity))))","Shared Hit Blocks":2,"Shared Read Blocks":0,"Shared Dirtied Blocks":0,"Shared Written Blocks":0,"Local Hit Blocks":0,"Local Read Blocks":0,"Local Dirtied Blocks":0,"Local Written Blocks":0,"Temp Read Blocks":8330,"Temp Written Blocks":14781,"I/O Read Time":0.0,"I/O Write Time":0.0,"Temp I/O Read Time":13.183,"Temp I/O Write Time":49.565,"Plans":[{"Node Type":"Hash Join","Parent Relationship":"Outer","Parallel Aware":false,"Async Capable":false,"Join Type":"Inner","Startup Cost":44.04,"Total Cost":44595.48,"Plan Rows":2000,"Plan Width":37,"Actual Startup Time":40.132,"Actual Total Time":188.912,"Actual Rows":314400,"Actual Loops":1,"Output":["item.i_id","item.i_name","stock.s_i_id","stock.s_w_id","stock.s_quantity"],"Hash Cond":"(stock.s_i_id = item.i_id)","Rows Removed by Bloom Filter":58505694,"Shared Hit Blocks":0,"Shared Read Blocks":0,"Shared Dirtied Blocks":0,"Shared Written Blocks":0,"Local Hit Blocks":0,"Local Read Blocks":0,"Local Dirtied Blocks":0,"Local Written Blocks":0,"Temp Read Blocks":0,"Temp Written Blocks":0,"I/O Read Time":0.0,"I/O Write Time":0.0,"Temp I/O Read Time":0.0,"Temp I/O Write Time":0.0,"Plans":[{"Node Type":"Append","Parent Relationship":"Outer","Parallel Aware":false,"Async Capable":false,"Startup Cost":20.0,"Total Cost":430026.22,"Plan Rows":20000212,"Plan Width":8,"Actual Startup Time":0.263,"Actual Total Time":0.268,"Actual Rows":20000000,"Actual Loops":1,"Shared Hit Blocks":0,"Shared Read Blocks":0,"Shared Dirtied Blocks":0,"Shared Written Blocks":0,"Local Hit Blocks":0,"Local Read Blocks":0,"Local Dirtied Blocks":0,"Local Written Blocks":0,"Temp Read Blocks":0,"Temp Written Blocks":0,"I/O Read Time":0.0,"I/O Write Time":0.0,"Temp I/O Read Time":0.0,"Temp I/O Write Time":0.0,"Subplans Removed":0,"Plans":[{"Node Type":"Custom Scan","Parent Relationship":"Member","Custom Plan Provider":"columnar scan","Parallel Aware":false,"Async Capable":false,"Relation Name":"stock","Schema":"public","Alias":"stock","Startup Cost":20.0,"Total Cost":430020.1,"Plan Rows":20000000,"Plan Width":8,"Actual Startup Time":0.26,"Actual Total Time":0.262,"Actual Rows":20000000,"Actual Loops":1,"Output":["stock.s_i_id","stock.s_w_id","stock.s_quantity"],"Rows Removed by Columnar Filter":0,"Columnar cache search mode":"native","Shared Hit Blocks":0,"Shared Read Blocks":0,"Shared Dirtied Blocks":0,"Shared Written Blocks":0,"Local Hit Blocks":0,"Local Read Blocks":0,"Local Dirtied Blocks":0,"Local Written Blocks":0,"Temp Read Blocks":0,"Temp Written Blocks":0,"I/O Read Time":0.0,"I/O Write Time":0.0,"Temp I/O Read Time":0.0,"Temp I/O Write Time":0.0},{"Node Type":"Seq Scan","Parent Relationship":"Member","Parallel Aware":false,"Async Capable":false,"Relation Name":"stock","Schema":"public","Alias":"stock","Startup Cost":0.0,"Total Cost":6.12,"Plan Rows":212,"Plan Width":8,"Actual Startup Time":0.0,"Actual Total Time":0.0,"Actual Rows":0,"Actual Loops":0,"Output":["stock.s_i_id","stock.s_w_id","stock.s_quantity"],"Shared Hit Blocks":0,"Shared Read Blocks":0,"Shared Dirtied Blocks":0,"Shared Written Blocks":0,"Local Hit Blocks":0,"Local Read Blocks":0,"Local Dirtied Blocks":0,"Local Written Blocks":0,"Temp Read Blocks":0,"Temp Written Blocks":0,"I/O Read Time":0.0,"I/O Write Time":0.0,"Temp I/O Read Time":0.0,"Temp I/O Write Time":0.0}]},{"Node Type":"Hash","Parent Relationship":"Inner","Parallel Aware":false,"Async Capable":false,"Startup Cost":24.21,"Total Cost":24.21,"Plan Rows":11,"Plan Width":29,"Actual Rows":1572,"Actual Loops":1,"Output":["item.i_id","item.i_name"],"Shared Hit Blocks":0,"Shared Read Blocks":0,"Shared Dirtied Blocks":0,"Shared Written Blocks":0,"Local Hit Blocks":0,"Local Read Blocks":0,"Local Dirtied Blocks":0,"Local Written Blocks":0,"Temp Read Blocks":0,"Temp Written Blocks":0,"I/O Read Time":0.0,"I/O Write Time":0.0,"Temp I/O Read Time":0.0,"Temp I/O Write Time":0.0,"Plans":[{"Node Type":"Append","Parent Relationship":"Outer","Parallel Aware":false,"Async Capable":false,"Startup Cost":20.0,"Total Cost":24.21,"Plan Rows":11,"Plan Width":29,"Actual Startup Time":7.236,"Actual Total Time":7.24,"Actual Rows":1572,"Actual Loops":1,"Shared Hit Blocks":0,"Shared Read Blocks":0,"Shared Dirtied Blocks":0,"Shared Written Blocks":0,"Local Hit Blocks":0,"Local Read Blocks":0,"Local Dirtied Blocks":0,"Local Written Blocks":0,"Temp Read Blocks":0,"Temp Written Blocks":0,"I/O Read Time":0.0,"I/O Write Time":0.0,"Temp I/O Read Time":0.0,"Temp I/O Write Time":0.0,"Subplans Removed":0,"Plans":[{"Node Type":"Custom Scan","Parent Relationship":"Member","Custom Plan Provider":"columnar scan","Parallel Aware":false,"Async Capable":false,"Relation Name":"item","Schema":"public","Alias":"item","Startup Cost":20.0,"Total Cost":20.2,"Plan Rows":10,"Plan Width":29,"Actual Startup Time":7.234,"Actual Total Time":7.235,"Actual Rows":1572,"Actual Loops":1,"Output":["item.i_id","item.i_name"],"Filter":"((item.i_data)::text ~~ '%b'::text)","Rows Removed by Filter":0,"Rows Removed by Columnar Filter":98428,"Columnar cache search mode":"native","Shared Hit Blocks":0,"Shared Read Blocks":0,"Shared Dirtied Blocks":0,"Shared Written Blocks":0,"Local Hit Blocks":0,"Local Read Blocks":0,"Local Dirtied Blocks":0,"Local Written Blocks":0,"Temp Read Blocks":0,"Temp Written Blocks":0,"I/O Read Time":0.0,"I/O Write Time":0.0,"Temp I/O Read Time":0.0,"Temp I/O Write Time":0.0},{"Node Type":"Seq Scan","Parent Relationship":"Member","Parallel Aware":false,"Async Capable":false,"Relation Name":"item","Schema":"public","Alias":"item","Startup Cost":0.0,"Total Cost":4.01,"Plan Rows":1,"Plan Width":29,"Actual Startup Time":0.0,"Actual Total Time":0.0,"Actual Rows":0,"Actual Loops":0,"Output":["item.i_id","item.i_name"],"Filter":"((item.i_data)::text ~~ '%b'::text)","Rows Removed by Filter":0,"Shared Hit Blocks":0,"Shared Read Blocks":0,"Shared Dirtied Blocks":0,"Shared Written Blocks":0,"Local Hit Blocks":0,"Local Read Blocks":0,"Local Dirtied Blocks":0,"Local Written Blocks":0,"Temp Read Blocks":0,"Temp Written Blocks":0,"I/O Read Time":0.0,"I/O Write Time":0.0,"Temp I/O Read Time":0.0,"Temp I/O Write Time":0.0}]}]}]},{"Node Type":"Hash","Parent Relationship":"Inner","Parallel Aware":false,"Async Capable":false,"Startup Cost":853565.31,"Total Cost":853565.31,"Plan Rows":99032,"Plan Width":6,"Actual Startup Time":8808.927,"Actual Total Time":8808.944,"Actual Rows":100000,"Actual Loops":1,"Output":["stock_1.s_i_id","(min(stock_1.s_quantity))"],"Hash Buckets":131072,"Original Hash Buckets":131072,"Hash Batches":1,"Original Hash Batches":1,"Peak Memory Usage":4735,"Shared Hit Blocks":2,"Shared Read Blocks":0,"Shared Dirtied Blocks":0,"Shared Written Blocks":0,"Local Hit Blocks":0,"Local Read Blocks":0,"Local Dirtied Blocks":0,"Local Written Blocks":0,"Temp Read Blocks":8330,"Temp Written Blocks":14781,"I/O Read Time":0.0,"I/O Write Time":0.0,"Temp I/O Read Time":13.183,"Temp I/O Write Time":49.565,"Plans":[{"Node Type":"Aggregate","Strategy":"Hashed","Partial Mode":"Simple","Parent Relationship":"Outer","Parallel Aware":false,"Async Capable":false,"Startup Cost":820334.35,"Total Cost":852574.99,"Plan Rows":99032,"Plan Width":6,"Actual Startup Time":8470.249,"Actual Total Time":8792.883,"Actual Rows":100000,"Actual Loops":1,"Output":["stock_1.s_i_id","min(stock_1.s_quantity)"],"Group Key":["stock_1.s_i_id"],"Planned Partitions":0,"HashAgg Batches":5,"Peak Memory Usage":8241,"Disk Usage":68504,"Shared Hit Blocks":2,"Shared Read Blocks":0,"Shared Dirtied Blocks":0,"Shared Written Blocks":0,"Local Hit Blocks":0,"Local Read Blocks":0,"Local Dirtied Blocks":0,"Local Written Blocks":0,"Temp Read Blocks":8330,"Temp Written Blocks":14781,"I/O Read Time":0.0,"I/O Write Time":0.0,"Temp I/O Read Time":13.183,"Temp I/O Write Time":49.565,"Plans":[{"Node Type":"Hash Join","Parent Relationship":"Outer","Parallel Aware":false,"Async Capable":false,"Join Type":"Inner","Startup Cost":324.02,"Total Cost":595331.98,"Plan Rows":4000042,"Plan Width":6,"Actual Startup Time":2.242,"Actual Total Time":7125.62,"Actual Rows":6959700,"Actual Loops":1,"Output":["stock_1.s_i_id","stock_1.s_quantity"],"Hash Cond":"(mod((stock_1.s_w_id * stock_1.s_i_id), 10000) = supplier_1.su_suppkey)","Shared Hit Blocks":2,"Shared Read Blocks":0,"Shared Dirtied Blocks":0,"Shared Written Blocks":0,"Local Hit Blocks":0,"Local Read Blocks":0,"Local Dirtied Blocks":0,"Local Written Blocks":0,"Temp Read Blocks":0,"Temp Written Blocks":0,"I/O Read Time":0.0,"I/O Write Time":0.0,"Temp I/O Read Time":0.0,"Temp I/O Write Time":0.0,"Plans":[{"Node Type":"Append","Parent Relationship":"Outer","Parallel Aware":false,"Async Capable":false,"Startup Cost":20.0,"Total Cost":430026.22,"Plan Rows":20000212,"Plan Width":8,"Actual Startup Time":0.016,"Actual Total Time":4186.553,"Actual Rows":20000000,"Actual Loops":1,"Shared Hit Blocks":0,"Shared Read Blocks":0,"Shared Dirtied Blocks":0,"Shared Written Blocks":0,"Local Hit Blocks":0,"Local Read Blocks":0,"Local Dirtied Blocks":0,"Local Written Blocks":0,"Temp Read Blocks":0,"Temp Written Blocks":0,"I/O Read Time":0.0,"I/O Write Time":0.0,"Temp I/O Read Time":0.0,"Temp I/O Write Time":0.0,"Subplans Removed":0,"Plans":[{"Node Type":"Custom Scan","Parent Relationship":"Member","Custom Plan Provider":"columnar scan","Parallel Aware":false,"Async Capable":false,"Relation Name":"stock","Schema":"public","Alias":"stock_1","Startup Cost":20.0,"Total Cost":430020.1,"Plan Rows":20000000,"Plan Width":8,"Actual Startup Time":0.015,"Actual Total Time":2769.881,"Actual Rows":20000000,"Actual Loops":1,"Output":["stock_1.s_i_id","stock_1.s_quantity","stock_1.s_w_id"],"Rows Removed by Columnar Filter":0,"Columnar cache search mode":"native","Shared Hit Blocks":0,"Shared Read Blocks":0,"Shared Dirtied Blocks":0,"Shared Written Blocks":0,"Local Hit Blocks":0,"Local Read Blocks":0,"Local Dirtied Blocks":0,"Local Written Blocks":0,"Temp Read Blocks":0,"Temp Written Blocks":0,"I/O Read Time":0.0,"I/O Write Time":0.0,"Temp I/O Read Time":0.0,"Temp I/O Write Time":0.0},{"Node Type":"Seq Scan","Parent Relationship":"Member","Parallel Aware":false,"Async Capable":false,"Relation Name":"stock","Schema":"public","Alias":"stock_1","Startup Cost":0.0,"Total Cost":6.12,"Plan Rows":212,"Plan Width":8,"Actual Startup Time":0.0,"Actual Total Time":0.0,"Actual Rows":0,"Actual Loops":0,"Output":["stock_1.s_i_id","stock_1.s_quantity","stock_1.s_w_id"],"Shared Hit Blocks":0,"Shared Read Blocks":0,"Shared Dirtied Blocks":0,"Shared Written Blocks":0,"Local Hit Blocks":0,"Local Read Blocks":0,"Local Dirtied Blocks":0,"Local Written Blocks":0,"Temp Read Blocks":0,"Temp Written Blocks":0,"I/O Read Time":0.0,"I/O Write Time":0.0,"Temp I/O Read Time":0.0,"Temp I/O Write Time":0.0}]},{"Node Type":"Hash","Parent Relationship":"Inner","Parallel Aware":false,"Async Capable":false,"Startup Cost":279.02,"Total Cost":279.02,"Plan Rows":2000,"Plan Width":4,"Actual Startup Time":2.216,"Actual Total Time":2.228,"Actual Rows":3506,"Actual Loops":1,"Output":["supplier_1.su_suppkey"],"Hash Buckets":4096,"Original Hash Buckets":2048,"Hash Batches":1,"Original Hash Batches":1,"Peak Memory Usage":156,"Shared Hit Blocks":2,"Shared Read Blocks":0,"Shared Dirtied Blocks":0,"Shared Written Blocks":0,"Local Hit Blocks":0,"Local Read Blocks":0,"Local Dirtied Blocks":0,"Local Written Blocks":0,"Temp Read Blocks":0,"Temp Written Blocks":0,"I/O Read Time":0.0,"I/O Write Time":0.0,"Temp I/O Read Time":0.0,"Temp I/O Write Time":0.0,"Plans":[{"Node Type":"Hash Join","Parent Relationship":"Outer","Parallel Aware":false,"Async Capable":false,"Join Type":"Inner","Startup Cost":23.14,"Total Cost":279.02,"Plan Rows":2000,"Plan Width":4,"Actual Startup Time":0.504,"Actual Total Time":1.791,"Actual Rows":3506,"Actual Loops":1,"Output":["supplier_1.su_suppkey"],"Hash Cond":"(supplier_1.su_nationkey = nation_1.n_nationkey)","Shared Hit Blocks":2,"Shared Read Blocks":0,"Shared Dirtied Blocks":0,"Shared Written Blocks":0,"Local Hit Blocks":0,"Local Read Blocks":0,"Local Dirtied Blocks":0,"Local Written Blocks":0,"Temp Read Blocks":0,"Temp Written Blocks":0,"I/O Read Time":0.0,"I/O Write Time":0.0,"Temp I/O Read Time":0.0,"Temp I/O Write Time":0.0,"Plans":[{"Node Type":"Append","Parent Relationship":"Outer","Parallel Aware":false,"Async Capable":false,"Startup Cost":20.0,"Total Cost":219.01,"Plan Rows":10001,"Plan Width":8,"Actual Startup Time":0.089,"Actual Total Time":0.804,"Actual Rows":3506,"Actual Loops":1,"Shared Hit Blocks":0,"Shared Read Blocks":0,"Shared Dirtied Blocks":0,"Shared Written Blocks":0,"Local Hit Blocks":0,"Local Read Blocks":0,"Local Dirtied Blocks":0,"Local Written Blocks":0,"Temp Read Blocks":0,"Temp Written Blocks":0,"I/O Read Time":0.0,"I/O Write Time":0.0,"Temp I/O Read Time":0.0,"Temp I/O Write Time":0.0,"Subplans Removed":0,"Plans":[{"Node Type":"Custom Scan","Parent Relationship":"Member","Custom Plan Provider":"columnar scan","Parallel Aware":false,"Async Capable":false,"Relation Name":"supplier","Schema":"public","Alias":"supplier_1","Startup Cost":20.0,"Total Cost":215.0,"Plan Rows":10000,"Plan Width":8,"Actual Startup Time":0.089,"Actual Total Time":0.562,"Actual Rows":3506,"Actual Loops":1,"Output":["supplier_1.su_suppkey","supplier_1.su_nationkey"],"Rows Removed by Columnar Filter":6494,"Rows Filtered by Bloom Filter":0,"Dictionary Rows Filtered by Bloom Filter":6494,"Columnar cache search mode":"native","Shared Hit Blocks":0,"Shared Read Blocks":0,"Shared Dirtied Blocks":0,"Shared Written Blocks":0,"Local Hit Blocks":0,"Local Read Blocks":0,"Local Dirtied Blocks":0,"Local Written Blocks":0,"Temp Read Blocks":0,"Temp Written Blocks":0,"I/O Read Time":0.0,"I/O Write Time":0.0,"Temp I/O Read Time":0.0,"Temp I/O Write Time":0.0},{"Node Type":"Seq Scan","Parent Relationship":"Member","Parallel Aware":false,"Async Capable":false,"Relation Name":"supplier","Schema":"public","Alias":"supplier_1","Startup Cost":0.0,"Total Cost":4.01,"Plan Rows":1,"Plan Width":8,"Actual Startup Time":0.0,"Actual Total Time":0.0,"Actual Rows":0,"Actual Loops":0,"Output":["supplier_1.su_suppkey","supplier_1.su_nationkey"],"Shared Hit Blocks":0,"Shared Read Blocks":0,"Shared Dirtied Blocks":0,"Shared Written Blocks":0,"Local Hit Blocks":0,"Local Read Blocks":0,"Local Dirtied Blocks":0,"Local Written Blocks":0,"Temp Read Blocks":0,"Temp Written Blocks":0,"I/O Read Time":0.0,"I/O Write Time":0.0,"Temp I/O Read Time":0.0,"Temp I/O Write Time":0.0}]},{"Node Type":"Hash","Parent Relationship":"Inner","Parallel Aware":false,"Async Capable":false,"Startup Cost":2.99,"Total Cost":2.99,"Plan Rows":12,"Plan Width":4,"Actual Startup Time":0.046,"Actual Total Time":0.052,"Actual Rows":22,"Actual Loops":1,"Output":["nation_1.n_nationkey"],"Hash Buckets":1024,"Original Hash Buckets":1024,"Hash Batches":1,"Original Hash Batches":1,"Peak Memory Usage":9,"Shared Hit Blocks":2,"Shared Read Blocks":0,"Shared Dirtied Blocks":0,"Shared Written Blocks":0,"Local Hit Blocks":0,"Local Read Blocks":0,"Local Dirtied Blocks":0,"Local Written Blocks":0,"Temp Read Blocks":0,"Temp Written Blocks":0,"I/O Read Time":0.0,"I/O Write Time":0.0,"Temp I/O Read Time":0.0,"Temp I/O Write Time":0.0,"Plans":[{"Node Type":"Hash Join","Parent Relationship":"Outer","Parallel Aware":false,"Async Capable":false,"Join Type":"Inner","Startup Cost":1.07,"Total Cost":2.99,"Plan Rows":12,"Plan Width":4,"Actual Startup Time":0.027,"Actual Total Time":0.043,"Actual Rows":22,"Actual Loops":1,"Output":["nation_1.n_nationkey"],"Hash Cond":"(nation_1.n_regionkey = region_1.r_regionkey)","Shared Hit Blocks":2,"Shared Read Blocks":0,"Shared Dirtied Blocks":0,"Shared Written Blocks":0,"Local Hit Blocks":0,"Local Read Blocks":0,"Local Dirtied Blocks":0,"Local Written Blocks":0,"Temp Read Blocks":0,"Temp Written Blocks":0,"I/O Read Time":0.0,"I/O Write Time":0.0,"Temp I/O Read Time":0.0,"Temp I/O Write Time":0.0,"Plans":[{"Node Type":"Seq Scan","Parent Relationship":"Outer","Parallel Aware":false,"Async Capable":false,"Relation Name":"nation","Schema":"public","Alias":"nation_1","Startup Cost":0.0,"Total Cost":1.62,"Plan Rows":62,"Plan Width":8,"Actual Startup Time":0.007,"Actual Total Time":0.011,"Actual Rows":62,"Actual Loops":1,"Output":["nation_1.n_nationkey","nation_1.n_name","nation_1.n_regionkey","nation_1.n_comment"],"Shared Hit Blocks":1,"Shared Read Blocks":0,"Shared Dirtied Blocks":0,"Shared Written Blocks":0,"Local Hit Blocks":0,"Local Read Blocks":0,"Local Dirtied Blocks":0,"Local Written Blocks":0,"Temp Read Blocks":0,"Temp Written Blocks":0,"I/O Read Time":0.0,"I/O Write Time":0.0,"Temp I/O Read Time":0.0,"Temp I/O Write Time":0.0},{"Node Type":"Hash","Parent Relationship":"Inner","Parallel Aware":false,"Async Capable":false,"Startup Cost":1.06,"Total Cost":1.06,"Plan Rows":1,"Plan Width":4,"Actual Startup Time":0.01,"Actual Total Time":0.012,"Actual Rows":1,"Actual Loops":1,"Output":["region_1.r_regionkey"],"Hash Buckets":1024,"Original Hash Buckets":1024,"Hash Batches":1,"Original Hash Batches":1,"Peak Memory Usage":9,"Shared Hit Blocks":1,"Shared Read Blocks":0,"Shared Dirtied Blocks":0,"Shared Written Blocks":0,"Local Hit Blocks":0,"Local Read Blocks":0,"Local Dirtied Blocks":0,"Local Written Blocks":0,"Temp Read Blocks":0,"Temp Written Blocks":0,"I/O Read Time":0.0,"I/O Write Time":0.0,"Temp I/O Read Time":0.0,"Temp I/O Write Time":0.0,"Plans":[{"Node Type":"Seq Scan","Parent Relationship":"Outer","Parallel Aware":false,"Async Capable":false,"Relation Name":"region","Schema":"public","Alias":"region_1","Startup Cost":0.0,"Total Cost":1.06,"Plan Rows":1,"Plan Width":4,"Actual Startup Time":0.007,"Actual Total Time":0.007,"Actual Rows":1,"Actual Loops":1,"Output":["region_1.r_regionkey"],"Filter":"((region_1.r_name)::text ~~ 'Europ%'::text)","Rows Removed by Filter":4,"Shared Hit Blocks":1,"Shared Read Blocks":0,"Shared Dirtied Blocks":0,"Shared Written Blocks":0,"Local Hit Blocks":0,"Local Read Blocks":0,"Local Dirtied Blocks":0,"Local Written Blocks":0,"Temp Read Blocks":0,"Temp Written Blocks":0,"I/O Read Time":0.0,"I/O Write Time":0.0,"Temp I/O Read Time":0.0,"Temp I/O Write Time":0.0}]}]}]}]}]}]}]}]}]},{"Node Type":"Index Scan","Parent Relationship":"Inner","Parallel Aware":false,"Async Capable":false,"Scan Direction":"Forward","Index Name":"supplier_pk","Relation Name":"supplier","Schema":"public","Alias":"supplier","Startup Cost":0.29,"Total Cost":3.25,"Plan Rows":1,"Plan Width":131,"Actual Startup Time":0.002,"Actual Total Time":0.002,"Actual Rows":1,"Actual Loops":4450,"Output":["supplier.su_suppkey","supplier.su_name","supplier.su_address","supplier.su_nationkey","supplier.su_phone","supplier.su_acctbal","supplier.su_comment"],"Index Cond":"(supplier.su_suppkey = mod((stock.s_w_id * stock.s_i_id), 10000))","Rows Removed by Index Recheck":0,"Shared Hit Blocks":13350,"Shared Read Blocks":0,"Shared Dirtied Blocks":0,"Shared Written Blocks":0,"Local Hit Blocks":0,"Local Read Blocks":0,"Local Dirtied Blocks":0,"Local Written Blocks":0,"Temp Read Blocks":0,"Temp Written Blocks":0,"I/O Read Time":0.0,"I/O Write Time":0.0,"Temp I/O Read Time":0.0,"Temp I/O Write Time":0.0}]},{"Node Type":"Index Scan","Parent Relationship":"Inner","Parallel Aware":false,"Async Capable":false,"Scan Direction":"Forward","Index Name":"nation_pk","Relation Name":"nation","Schema":"public","Alias":"nation","Startup Cost":0.14,"Total Cost":0.16,"Plan Rows":1,"Plan Width":16,"Actual Startup Time":0.001,"Actual Total Time":0.001,"Actual Rows":1,"Actual Loops":4450,"Output":["nation.n_nationkey","nation.n_name","nation.n_regionkey","nation.n_comment"],"Index Cond":"(nation.n_nationkey = supplier.su_nationkey)","Rows Removed by Index Recheck":0,"Shared Hit Blocks":8900,"Shared Read Blocks":0,"Shared Dirtied Blocks":0,"Shared Written Blocks":0,"Local Hit Blocks":0,"Local Read Blocks":0,"Local Dirtied Blocks":0,"Local Written Blocks":0,"Temp Read Blocks":0,"Temp Written Blocks":0,"I/O Read Time":0.0,"I/O Write Time":0.0,"Temp I/O Read Time":0.0,"Temp I/O Write Time":0.0}]},{"Node Type":"Hash","Parent Relationship":"Inner","Parallel Aware":false,"Async Capable":false,"Startup Cost":1.06,"Total Cost":1.06,"Plan Rows":1,"Plan Width":4,"Actual Startup Time":0.017,"Actual Total Time":0.018,"Actual Rows":1,"Actual Loops":1,"Output":["region.r_regionkey"],"Hash Buckets":1024,"Original Hash Buckets":1024,"Hash Batches":1,"Original Hash Batches":1,"Peak Memory Usage":9,"Shared Hit Blocks":1,"Shared Read Blocks":0,"Shared Dirtied Blocks":0,"Shared Written Blocks":0,"Local Hit Blocks":0,"Local Read Blocks":0,"Local Dirtied Blocks":0,"Local Written Blocks":0,"Temp Read Blocks":0,"Temp Written Blocks":0,"I/O Read Time":0.0,"I/O Write Time":0.0,"Temp I/O Read Time":0.0,"Temp I/O Write Time":0.0,"Plans":[{"Node Type":"Seq Scan","Parent Relationship":"Outer","Parallel Aware":false,"Async Capable":false,"Relation Name":"region","Schema":"public","Alias":"region","Startup Cost":0.0,"Total Cost":1.06,"Plan Rows":1,"Plan Width":4,"Actual Startup Time":0.013,"Actual Total Time":0.014,"Actual Rows":1,"Actual Loops":1,"Output":["region.r_regionkey"],"Filter":"((region.r_name)::text ~~ 'Europ%'::text)","Rows Removed by Filter":4,"Shared Hit Blocks":1,"Shared Read Blocks":0,"Shared Dirtied Blocks":0,"Shared Written Blocks":0,"Local Hit Blocks":0,"Local Read Blocks":0,"Local Dirtied Blocks":0,"Local Written Blocks":0,"Temp Read Blocks":0,"Temp Written Blocks":0,"I/O Read Time":0.0,"I/O Write Time":0.0,"Temp I/O Read Time":0.0,"Temp I/O Write Time":0.0}]}]}]},"Planning":{"Shared Hit Blocks":36,"Shared Read Blocks":0,"Shared Dirtied Blocks":0,"Shared Written Blocks":0,"Local Hit Blocks":0,"Local Read Blocks":0,"Local Dirtied Blocks":0,"Local Written Blocks":0,"Temp Read Blocks":0,"Temp Written Blocks":0,"I/O Read Time":0.0,"I/O Write Time":0.0,"Temp I/O Read Time":0.0,"Temp I/O Write Time":0.0},"Planning Time":2.579,"Triggers":[],"Execution Time":9072.419}]
[列存组合]: nation, region, stock
[{"Plan":{"Node Type":"Sort","Parallel Aware":false,"Async Capable":false,"Startup Cost":1923443.88,"Total Cost":1923443.88,"Plan Rows":2,"Plan Width":164,"Actual Startup Time":9595.895,"Actual Total Time":9596.006,"Actual Rows":2295,"Actual Loops":1,"Output":["supplier.su_suppkey","supplier.su_name","nation.n_name","item.i_id","item.i_name","supplier.su_address","supplier.su_phone","supplier.su_comment"],"Sort Key":["nation.n_name","supplier.su_name","item.i_id"],"Sort Method":"quicksort","Sort Space Used":568,"Sort Space Type":"Memory","Shared Hit Blocks":23835,"Shared Read Blocks":0,"Shared Dirtied Blocks":0,"Shared Written Blocks":0,"Local Hit Blocks":0,"Local Read Blocks":0,"Local Dirtied Blocks":0,"Local Written Blocks":0,"Temp Read Blocks":8330,"Temp Written Blocks":14781,"I/O Read Time":0.0,"I/O Write Time":0.0,"Temp I/O Read Time":13.153,"Temp I/O Write Time":50.437,"Plans":[{"Node Type":"Hash Join","Parent Relationship":"Outer","Parallel Aware":false,"Async Capable":false,"Join Type":"Inner","Startup Cost":857785.4,"Total Cost":1923443.87,"Plan Rows":2,"Plan Width":164,"Actual Startup Time":8746.974,"Actual Total Time":9591.616,"Actual Rows":2295,"Actual Loops":1,"Output":["supplier.su_suppkey","supplier.su_name","nation.n_name","item.i_id","item.i_name","supplier.su_address","supplier.su_phone","supplier.su_comment"],"Inner Unique":true,"Hash Cond":"(nation.n_regionkey = region.r_regionkey)","Shared Hit Blocks":23835,"Shared Read Blocks":0,"Shared Dirtied Blocks":0,"Shared Written Blocks":0,"Local Hit Blocks":0,"Local Read Blocks":0,"Local Dirtied Blocks":0,"Local Written Blocks":0,"Temp Read Blocks":8330,"Temp Written Blocks":14781,"I/O Read Time":0.0,"I/O Write Time":0.0,"Temp I/O Read Time":13.153,"Temp I/O Write Time":50.437,"Plans":[{"Node Type":"Nested Loop","Parent Relationship":"Outer","Parallel Aware":false,"Async Capable":false,"Join Type":"Inner","Startup Cost":857784.32,"Total Cost":1923442.74,"Plan Rows":10,"Plan Width":168,"Actual Startup Time":8746.906,"Actual Total Time":9590.713,"Actual Rows":4450,"Actual Loops":1,"Output":["item.i_id","item.i_name","supplier.su_suppkey","supplier.su_name","supplier.su_address","supplier.su_phone","supplier.su_comment","nation.n_name","nation.n_regionkey"],"Inner Unique":true,"Shared Hit Blocks":23834,"Shared Read Blocks":0,"Shared Dirtied Blocks":0,"Shared Written Blocks":0,"Local Hit Blocks":0,"Local Read Blocks":0,"Local Dirtied Blocks":0,"Local Written Blocks":0,"Temp Read Blocks":8330,"Temp Written Blocks":14781,"I/O Read Time":0.0,"I/O Write Time":0.0,"Temp I/O Read Time":13.153,"Temp I/O Write Time":50.437,"Plans":[{"Node Type":"Nested Loop","Parent Relationship":"Outer","Parallel Aware":false,"Async Capable":false,"Join Type":"Inner","Startup Cost":857784.18,"Total Cost":1923441.15,"Plan Rows":10,"Plan Width":160,"Actual Startup Time":8746.888,"Actual Total Time":9585.554,"Actual Rows":4450,"Actual Loops":1,"Output":["item.i_id","item.i_name","supplier.su_suppkey","supplier.su_name","supplier.su_address","supplier.su_phone","supplier.su_comment","supplier.su_nationkey"],"Inner Unique":true,"Shared Hit Blocks":14934,"Shared Read Blocks":0,"Shared Dirtied Blocks":0,"Shared Written Blocks":0,"Local Hit Blocks":0,"Local Read Blocks":0,"Local Dirtied Blocks":0,"Local Written Blocks":0,"Temp Read Blocks":8330,"Temp Written Blocks":14781,"I/O Read Time":0.0,"I/O Write Time":0.0,"Temp I/O Read Time":13.153,"Temp I/O Write Time":50.437,"Plans":[{"Node Type":"Hash Join","Parent Relationship":"Outer","Parallel Aware":false,"Async Capable":false,"Join Type":"Inner","Startup Cost":857783.89,"Total Cost":1923408.67,"Plan Rows":10,"Plan Width":35,"Actual Startup Time":8746.833,"Actual Total Time":9573.805,"Actual Rows":4450,"Actual Loops":1,"Output":["item.i_id","item.i_name","stock.s_i_id","stock.s_w_id"],"Inner Unique":true,"Hash Cond":"((item.i_id = stock_1.s_i_id) AND (stock.s_quantity = (min(stock_1.s_quantity))))","Shared Hit Blocks":1584,"Shared Read Blocks":0,"Shared Dirtied Blocks":0,"Shared Written Blocks":0,"Local Hit Blocks":0,"Local Read Blocks":0,"Local Dirtied Blocks":0,"Local Written Blocks":0,"Temp Read Blocks":8330,"Temp Written Blocks":14781,"I/O Read Time":0.0,"I/O Write Time":0.0,"Temp I/O Read Time":13.153,"Temp I/O Write Time":50.437,"Plans":[{"Node Type":"Hash Join","Parent Relationship":"Outer","Parallel Aware":false,"Async Capable":false,"Join Type":"Inner","Startup Cost":2635.12,"Total Cost":1068249.4,"Plan Rows":2000,"Plan Width":37,"Actual Startup Time":16.848,"Actual Total Time":795.364,"Actual Rows":314400,"Actual Loops":1,"Output":["item.i_id","item.i_name","stock.s_i_id","stock.s_w_id","stock.s_quantity"],"Inner Unique":true,"Hash Cond":"(stock.s_i_id = item.i_id)","Shared Hit Blocks":1365,"Shared Read Blocks":0,"Shared Dirtied Blocks":0,"Shared Written Blocks":0,"Local Hit Blocks":0,"Local Read Blocks":0,"Local Dirtied Blocks":0,"Local Written Blocks":0,"Temp Read Blocks":0,"Temp Written Blocks":0,"I/O Read Time":0.0,"I/O Write Time":0.0,"Temp I/O Read Time":0.0,"Temp I/O Write Time":0.0,"Plans":[{"Node Type":"Append","Parent Relationship":"Outer","Parallel Aware":false,"Async Capable":false,"Startup Cost":20.0,"Total Cost":1013131.49,"Plan Rows":20000212,"Plan Width":8,"Actual Startup Time":1.553,"Actual Total Time":720.625,"Actual Rows":314400,"Actual Loops":1,"Shared Hit Blocks":0,"Shared Read Blocks":0,"Shared Dirtied Blocks":0,"Shared Written Blocks":0,"Local Hit Blocks":0,"Local Read Blocks":0,"Local Dirtied Blocks":0,"Local Written Blocks":0,"Temp Read Blocks":0,"Temp Written Blocks":0,"I/O Read Time":0.0,"I/O Write Time":0.0,"Temp I/O Read Time":0.0,"Temp I/O Write Time":0.0,"Subplans Removed":0,"Plans":[{"Node Type":"Custom Scan","Parent Relationship":"Member","Custom Plan Provider":"columnar scan","Parallel Aware":false,"Async Capable":false,"Relation Name":"stock","Schema":"public","Alias":"stock","Startup Cost":20.0,"Total Cost":430020.1,"Plan Rows":20000000,"Plan Width":8,"Actual Startup Time":1.552,"Actual Total Time":697.974,"Actual Rows":314400,"Actual Loops":1,"Output":["stock.s_i_id","stock.s_w_id","stock.s_quantity"],"Rows Removed by Columnar Filter":19685600,"Rows Filtered by Bloom Filter":0,"Dictionary Rows Filtered by Bloom Filter":19685600,"Columnar cache search mode":"native","Shared Hit Blocks":0,"Shared Read Blocks":0,"Shared Dirtied Blocks":0,"Shared Written Blocks":0,"Local Hit Blocks":0,"Local Read Blocks":0,"Local Dirtied Blocks":0,"Local Written Blocks":0,"Temp Read Blocks":0,"Temp Written Blocks":0,"I/O Read Time":0.0,"I/O Write Time":0.0,"Temp I/O Read Time":0.0,"Temp I/O Write Time":0.0},{"Node Type":"Seq Scan","Parent Relationship":"Member","Parallel Aware":false,"Async Capable":false,"Relation Name":"stock","Schema":"public","Alias":"stock","Startup Cost":0.0,"Total Cost":6.12,"Plan Rows":212,"Plan Width":8,"Actual Startup Time":0.0,"Actual Total Time":0.0,"Actual Rows":0,"Actual Loops":0,"Output":["stock.s_i_id","stock.s_w_id","stock.s_quantity"],"Shared Hit Blocks":0,"Shared Read Blocks":0,"Shared Dirtied Blocks":0,"Shared Written Blocks":0,"Local Hit Blocks":0,"Local Read Blocks":0,"Local Dirtied Blocks":0,"Local Written Blocks":0,"Temp Read Blocks":0,"Temp Written Blocks":0,"I/O Read Time":0.0,"I/O Write Time":0.0,"Temp I/O Read Time":0.0,"Temp I/O Write Time":0.0}]},{"Node Type":"Hash","Parent Relationship":"Inner","Parallel Aware":false,"Async Capable":false,"Startup Cost":2615.0,"Total Cost":2615.0,"Plan Rows":10,"Plan Width":29,"Actual Startup Time":14.968,"Actual Total Time":14.97,"Actual Rows":1572,"Actual Loops":1,"Output":["item.i_id","item.i_name"],"Hash Buckets":2048,"Original Hash Buckets":1024,"Hash Batches":1,"Original Hash Batches":1,"Peak Memory Usage":110,"Shared Hit Blocks":1365,"Shared Read Blocks":0,"Shared Dirtied Blocks":0,"Shared Written Blocks":0,"Local Hit Blocks":0,"Local Read Blocks":0,"Local Dirtied Blocks":0,"Local Written Blocks":0,"Temp Read Blocks":0,"Temp Written Blocks":0,"I/O Read Time":0.0,"I/O Write Time":0.0,"Temp I/O Read Time":0.0,"Temp I/O Write Time":0.0,"Plans":[{"Node Type":"Seq Scan","Parent Relationship":"Outer","Parallel Aware":false,"Async Capable":false,"Relation Name":"item","Schema":"public","Alias":"item","Startup Cost":0.0,"Total Cost":2615.0,"Plan Rows":10,"Plan Width":29,"Actual Startup Time":0.014,"Actual Total Time":14.45,"Actual Rows":1572,"Actual Loops":1,"Output":["item.i_id","item.i_name"],"Filter":"((item.i_data)::text ~~ '%b'::text)","Rows Removed by Filter":98428,"Shared Hit Blocks":1365,"Shared Read Blocks":0,"Shared Dirtied Blocks":0,"Shared Written Blocks":0,"Local Hit Blocks":0,"Local Read Blocks":0,"Local Dirtied Blocks":0,"Local Written Blocks":0,"Temp Read Blocks":0,"Temp Written Blocks":0,"I/O Read Time":0.0,"I/O Write Time":0.0,"Temp I/O Read Time":0.0,"Temp I/O Write Time":0.0}]}]},{"Node Type":"Hash","Parent Relationship":"Inner","Parallel Aware":false,"Async Capable":false,"Startup Cost":853663.29,"Total Cost":853663.29,"Plan Rows":99032,"Plan Width":6,"Actual Startup Time":8729.541,"Actual Total Time":8729.552,"Actual Rows":100000,"Actual Loops":1,"Output":["stock_1.s_i_id","(min(stock_1.s_quantity))"],"Hash Buckets":131072,"Original Hash Buckets":131072,"Hash Batches":1,"Original Hash Batches":1,"Peak Memory Usage":4735,"Shared Hit Blocks":219,"Shared Read Blocks":0,"Shared Dirtied Blocks":0,"Shared Written Blocks":0,"Local Hit Blocks":0,"Local Read Blocks":0,"Local Dirtied Blocks":0,"Local Written Blocks":0,"Temp Read Blocks":8330,"Temp Written Blocks":14781,"I/O Read Time":0.0,"I/O Write Time":0.0,"Temp I/O Read Time":13.153,"Temp I/O Write Time":50.437,"Plans":[{"Node Type":"Aggregate","Strategy":"Hashed","Partial Mode":"Simple","Parent Relationship":"Outer","Parallel Aware":false,"Async Capable":false,"Startup Cost":820432.32,"Total Cost":852672.97,"Plan Rows":99032,"Plan Width":6,"Actual Startup Time":8390.233,"Actual Total Time":8713.705,"Actual Rows":100000,"Actual Loops":1,"Output":["stock_1.s_i_id","min(stock_1.s_quantity)"],"Group Key":["stock_1.s_i_id"],"Planned Partitions":0,"HashAgg Batches":5,"Peak Memory Usage":8241,"Disk Usage":68504,"Shared Hit Blocks":219,"Shared Read Blocks":0,"Shared Dirtied Blocks":0,"Shared Written Blocks":0,"Local Hit Blocks":0,"Local Read Blocks":0,"Local Dirtied Blocks":0,"Local Written Blocks":0,"Temp Read Blocks":8330,"Temp Written Blocks":14781,"I/O Read Time":0.0,"I/O Write Time":0.0,"Temp I/O Read Time":13.153,"Temp I/O Write Time":50.437,"Plans":[{"Node Type":"Hash Join","Parent Relationship":"Outer","Parallel Aware":false,"Async Capable":false,"Join Type":"Inner","Startup Cost":421.99,"Total Cost":595429.96,"Plan Rows":4000042,"Plan Width":6,"Actual Startup Time":2.592,"Actual Total Time":7089.335,"Actual Rows":6959700,"Actual Loops":1,"Output":["stock_1.s_i_id","stock_1.s_quantity"],"Inner Unique":false,"Hash Cond":"(mod((stock_1.s_w_id * stock_1.s_i_id), 10000) = supplier_1.su_suppkey)","Shared Hit Blocks":219,"Shared Read Blocks":0,"Shared Dirtied Blocks":0,"Shared Written Blocks":0,"Local Hit Blocks":0,"Local Read Blocks":0,"Local Dirtied Blocks":0,"Local Written Blocks":0,"Temp Read Blocks":0,"Temp Written Blocks":0,"I/O Read Time":0.0,"I/O Write Time":0.0,"Temp I/O Read Time":0.0,"Temp I/O Write Time":0.0,"Plans":[{"Node Type":"Append","Parent Relationship":"Outer","Parallel Aware":false,"Async Capable":false,"Startup Cost":20.0,"Total Cost":430026.22,"Plan Rows":20000212,"Plan Width":8,"Actual Startup Time":0.008,"Actual Total Time":4162.973,"Actual Rows":20000000,"Actual Loops":1,"Shared Hit Blocks":0,"Shared Read Blocks":0,"Shared Dirtied Blocks":0,"Shared Written Blocks":0,"Local Hit Blocks":0,"Local Read Blocks":0,"Local Dirtied Blocks":0,"Local Written Blocks":0,"Temp Read Blocks":0,"Temp Written Blocks":0,"I/O Read Time":0.0,"I/O Write Time":0.0,"Temp I/O Read Time":0.0,"Temp I/O Write Time":0.0,"Subplans Removed":0,"Plans":[{"Node Type":"Custom Scan","Parent Relationship":"Member","Custom Plan Provider":"columnar scan","Parallel Aware":false,"Async Capable":false,"Relation Name":"stock","Schema":"public","Alias":"stock_1","Startup Cost":20.0,"Total Cost":430020.1,"Plan Rows":20000000,"Plan Width":8,"Actual Startup Time":0.007,"Actual Total Time":2771.959,"Actual Rows":20000000,"Actual Loops":1,"Output":["stock_1.s_i_id","stock_1.s_quantity","stock_1.s_w_id"],"Rows Removed by Columnar Filter":0,"Columnar cache search mode":"native","Shared Hit Blocks":0,"Shared Read Blocks":0,"Shared Dirtied Blocks":0,"Shared Written Blocks":0,"Local Hit Blocks":0,"Local Read Blocks":0,"Local Dirtied Blocks":0,"Local Written Blocks":0,"Temp Read Blocks":0,"Temp Written Blocks":0,"I/O Read Time":0.0,"I/O Write Time":0.0,"Temp I/O Read Time":0.0,"Temp I/O Write Time":0.0},{"Node Type":"Seq Scan","Parent Relationship":"Member","Parallel Aware":false,"Async Capable":false,"Relation Name":"stock","Schema":"public","Alias":"stock_1","Startup Cost":0.0,"Total Cost":6.12,"Plan Rows":212,"Plan Width":8,"Actual Startup Time":0.0,"Actual Total Time":0.0,"Actual Rows":0,"Actual Loops":0,"Output":["stock_1.s_i_id","stock_1.s_quantity","stock_1.s_w_id"],"Shared Hit Blocks":0,"Shared Read Blocks":0,"Shared Dirtied Blocks":0,"Shared Written Blocks":0,"Local Hit Blocks":0,"Local Read Blocks":0,"Local Dirtied Blocks":0,"Local Written Blocks":0,"Temp Read Blocks":0,"Temp Written Blocks":0,"I/O Read Time":0.0,"I/O Write Time":0.0,"Temp I/O Read Time":0.0,"Temp I/O Write Time":0.0}]},{"Node Type":"Hash","Parent Relationship":"Inner","Parallel Aware":false,"Async Capable":false,"Startup Cost":376.99,"Total Cost":376.99,"Plan Rows":2000,"Plan Width":4,"Actual Startup Time":2.571,"Actual Total Time":2.58,"Actual Rows":3506,"Actual Loops":1,"Output":["supplier_1.su_suppkey"],"Hash Buckets":4096,"Original Hash Buckets":2048,"Hash Batches":1,"Original Hash Batches":1,"Peak Memory Usage":156,"Shared Hit Blocks":219,"Shared Read Blocks":0,"Shared Dirtied Blocks":0,"Shared Written Blocks":0,"Local Hit Blocks":0,"Local Read Blocks":0,"Local Dirtied Blocks":0,"Local Written Blocks":0,"Temp Read Blocks":0,"Temp Written Blocks":0,"I/O Read Time":0.0,"I/O Write Time":0.0,"Temp I/O Read Time":0.0,"Temp I/O Write Time":0.0,"Plans":[{"Node Type":"Hash Join","Parent Relationship":"Outer","Parallel Aware":false,"Async Capable":false,"Join Type":"Inner","Startup Cost":3.14,"Total Cost":376.99,"Plan Rows":2000,"Plan Width":4,"Actual Startup Time":0.047,"Actual Total Time":2.153,"Actual Rows":3506,"Actual Loops":1,"Output":["supplier_1.su_suppkey"],"Inner Unique":false,"Hash Cond":"(supplier_1.su_nationkey = nation_1.n_nationkey)","Shared Hit Blocks":219,"Shared Read Blocks":0,"Shared Dirtied Blocks":0,"Shared Written Blocks":0,"Local Hit Blocks":0,"Local Read Blocks":0,"Local Dirtied Blocks":0,"Local Written Blocks":0,"Temp Read Blocks":0,"Temp Written Blocks":0,"I/O Read Time":0.0,"I/O Write Time":0.0,"Temp I/O Read Time":0.0,"Temp I/O Write Time":0.0,"Plans":[{"Node Type":"Seq Scan","Parent Relationship":"Outer","Parallel Aware":false,"Async Capable":false,"Relation Name":"supplier","Schema":"public","Alias":"supplier_1","Startup Cost":0.0,"Total Cost":317.0,"Plan Rows":10000,"Plan Width":8,"Actual Startup Time":0.006,"Actual Total Time":0.755,"Actual Rows":10000,"Actual Loops":1,"Output":["supplier_1.su_suppkey","supplier_1.su_name","supplier_1.su_address","supplier_1.su_nationkey","supplier_1.su_phone","supplier_1.su_acctbal","supplier_1.su_comment"],"Shared Hit Blocks":217,"Shared Read Blocks":0,"Shared Dirtied Blocks":0,"Shared Written Blocks":0,"Local Hit Blocks":0,"Local Read Blocks":0,"Local Dirtied Blocks":0,"Local Written Blocks":0,"Temp Read Blocks":0,"Temp Written Blocks":0,"I/O Read Time":0.0,"I/O Write Time":0.0,"Temp I/O Read Time":0.0,"Temp I/O Write Time":0.0},{"Node Type":"Hash","Parent Relationship":"Inner","Parallel Aware":false,"Async Capable":false,"Startup Cost":2.99,"Total Cost":2.99,"Plan Rows":12,"Plan Width":4,"Actual Startup Time":0.033,"Actual Total Time":0.038,"Actual Rows":22,"Actual Loops":1,"Output":["nation_1.n_nationkey"],"Hash Buckets":1024,"Original Hash Buckets":1024,"Hash Batches":1,"Original Hash Batches":1,"Peak Memory Usage":9,"Shared Hit Blocks":2,"Shared Read Blocks":0,"Shared Dirtied Blocks":0,"Shared Written Blocks":0,"Local Hit Blocks":0,"Local Read Blocks":0,"Local Dirtied Blocks":0,"Local Written Blocks":0,"Temp Read Blocks":0,"Temp Written Blocks":0,"I/O Read Time":0.0,"I/O Write Time":0.0,"Temp I/O Read Time":0.0,"Temp I/O Write Time":0.0,"Plans":[{"Node Type":"Hash Join","Parent Relationship":"Outer","Parallel Aware":false,"Async Capable":false,"Join Type":"Inner","Startup Cost":1.07,"Total Cost":2.99,"Plan Rows":12,"Plan Width":4,"Actual Startup Time":0.017,"Actual Total Time":0.034,"Actual Rows":22,"Actual Loops":1,"Output":["nation_1.n_nationkey"],"Inner Unique":true,"Hash Cond":"(nation_1.n_regionkey = region_1.r_regionkey)","Shared Hit Blocks":2,"Shared Read Blocks":0,"Shared Dirtied Blocks":0,"Shared Written Blocks":0,"Local Hit Blocks":0,"Local Read Blocks":0,"Local Dirtied Blocks":0,"Local Written Blocks":0,"Temp Read Blocks":0,"Temp Written Blocks":0,"I/O Read Time":0.0,"I/O Write Time":0.0,"Temp I/O Read Time":0.0,"Temp I/O Write Time":0.0,"Plans":[{"Node Type":"Seq Scan","Parent Relationship":"Outer","Parallel Aware":false,"Async Capable":false,"Relation Name":"nation","Schema":"public","Alias":"nation_1","Startup Cost":0.0,"Total Cost":1.62,"Plan Rows":62,"Plan Width":8,"Actual Startup Time":0.003,"Actual Total Time":0.007,"Actual Rows":62,"Actual Loops":1,"Output":["nation_1.n_nationkey","nation_1.n_name","nation_1.n_regionkey","nation_1.n_comment"],"Shared Hit Blocks":1,"Shared Read Blocks":0,"Shared Dirtied Blocks":0,"Shared Written Blocks":0,"Local Hit Blocks":0,"Local Read Blocks":0,"Local Dirtied Blocks":0,"Local Written Blocks":0,"Temp Read Blocks":0,"Temp Written Blocks":0,"I/O Read Time":0.0,"I/O Write Time":0.0,"Temp I/O Read Time":0.0,"Temp I/O Write Time":0.0},{"Node Type":"Hash","Parent Relationship":"Inner","Parallel Aware":false,"Async Capable":false,"Startup Cost":1.06,"Total Cost":1.06,"Plan Rows":1,"Plan Width":4,"Actual Startup Time":0.006,"Actual Total Time":0.009,"Actual Rows":1,"Actual Loops":1,"Output":["region_1.r_regionkey"],"Hash Buckets":1024,"Original Hash Buckets":1024,"Hash Batches":1,"Original Hash Batches":1,"Peak Memory Usage":9,"Shared Hit Blocks":1,"Shared Read Blocks":0,"Shared Dirtied Blocks":0,"Shared Written Blocks":0,"Local Hit Blocks":0,"Local Read Blocks":0,"Local Dirtied Blocks":0,"Local Written Blocks":0,"Temp Read Blocks":0,"Temp Written Blocks":0,"I/O Read Time":0.0,"I/O Write Time":0.0,"Temp I/O Read Time":0.0,"Temp I/O Write Time":0.0,"Plans":[{"Node Type":"Seq Scan","Parent Relationship":"Outer","Parallel Aware":false,"Async Capable":false,"Relation Name":"region","Schema":"public","Alias":"region_1","Startup Cost":0.0,"Total Cost":1.06,"Plan Rows":1,"Plan Width":4,"Actual Startup Time":0.004,"Actual Total Time":0.004,"Actual Rows":1,"Actual Loops":1,"Output":["region_1.r_regionkey"],"Filter":"((region_1.r_name)::text ~~ 'Europ%'::text)","Rows Removed by Filter":4,"Shared Hit Blocks":1,"Shared Read Blocks":0,"Shared Dirtied Blocks":0,"Shared Written Blocks":0,"Local Hit Blocks":0,"Local Read Blocks":0,"Local Dirtied Blocks":0,"Local Written Blocks":0,"Temp Read Blocks":0,"Temp Written Blocks":0,"I/O Read Time":0.0,"I/O Write Time":0.0,"Temp I/O Read Time":0.0,"Temp I/O Write Time":0.0}]}]}]}]}]}]}]}]}]},{"Node Type":"Index Scan","Parent Relationship":"Inner","Parallel Aware":false,"Async Capable":false,"Scan Direction":"Forward","Index Name":"supplier_pk","Relation Name":"supplier","Schema":"public","Alias":"supplier","Startup Cost":0.29,"Total Cost":3.25,"Plan Rows":1,"Plan Width":131,"Actual Startup Time":0.002,"Actual Total Time":0.002,"Actual Rows":1,"Actual Loops":4450,"Output":["supplier.su_suppkey","supplier.su_name","supplier.su_address","supplier.su_nationkey","supplier.su_phone","supplier.su_acctbal","supplier.su_comment"],"Index Cond":"(supplier.su_suppkey = mod((stock.s_w_id * stock.s_i_id), 10000))","Rows Removed by Index Recheck":0,"Shared Hit Blocks":13350,"Shared Read Blocks":0,"Shared Dirtied Blocks":0,"Shared Written Blocks":0,"Local Hit Blocks":0,"Local Read Blocks":0,"Local Dirtied Blocks":0,"Local Written Blocks":0,"Temp Read Blocks":0,"Temp Written Blocks":0,"I/O Read Time":0.0,"I/O Write Time":0.0,"Temp I/O Read Time":0.0,"Temp I/O Write Time":0.0}]},{"Node Type":"Index Scan","Parent Relationship":"Inner","Parallel Aware":false,"Async Capable":false,"Scan Direction":"Forward","Index Name":"nation_pk","Relation Name":"nation","Schema":"public","Alias":"nation","Startup Cost":0.14,"Total Cost":0.16,"Plan Rows":1,"Plan Width":16,"Actual Startup Time":0.001,"Actual Total Time":0.001,"Actual Rows":1,"Actual Loops":4450,"Output":["nation.n_nationkey","nation.n_name","nation.n_regionkey","nation.n_comment"],"Index Cond":"(nation.n_nationkey = supplier.su_nationkey)","Rows Removed by Index Recheck":0,"Shared Hit Blocks":8900,"Shared Read Blocks":0,"Shared Dirtied Blocks":0,"Shared Written Blocks":0,"Local Hit Blocks":0,"Local Read Blocks":0,"Local Dirtied Blocks":0,"Local Written Blocks":0,"Temp Read Blocks":0,"Temp Written Blocks":0,"I/O Read Time":0.0,"I/O Write Time":0.0,"Temp I/O Read Time":0.0,"Temp I/O Write Time":0.0}]},{"Node Type":"Hash","Parent Relationship":"Inner","Parallel Aware":false,"Async Capable":false,"Startup Cost":1.06,"Total Cost":1.06,"Plan Rows":1,"Plan Width":4,"Actual Startup Time":0.018,"Actual Total Time":0.018,"Actual Rows":1,"Actual Loops":1,"Output":["region.r_regionkey"],"Hash Buckets":1024,"Original Hash Buckets":1024,"Hash Batches":1,"Original Hash Batches":1,"Peak Memory Usage":9,"Shared Hit Blocks":1,"Shared Read Blocks":0,"Shared Dirtied Blocks":0,"Shared Written Blocks":0,"Local Hit Blocks":0,"Local Read Blocks":0,"Local Dirtied Blocks":0,"Local Written Blocks":0,"Temp Read Blocks":0,"Temp Written Blocks":0,"I/O Read Time":0.0,"I/O Write Time":0.0,"Temp I/O Read Time":0.0,"Temp I/O Write Time":0.0,"Plans":[{"Node Type":"Seq Scan","Parent Relationship":"Outer","Parallel Aware":false,"Async Capable":false,"Relation Name":"region","Schema":"public","Alias":"region","Startup Cost":0.0,"Total Cost":1.06,"Plan Rows":1,"Plan Width":4,"Actual Startup Time":0.014,"Actual Total Time":0.014,"Actual Rows":1,"Actual Loops":1,"Output":["region.r_regionkey"],"Filter":"((region.r_name)::text ~~ 'Europ%'::text)","Rows Removed by Filter":4,"Shared Hit Blocks":1,"Shared Read Blocks":0,"Shared Dirtied Blocks":0,"Shared Written Blocks":0,"Local Hit Blocks":0,"Local Read Blocks":0,"Local Dirtied Blocks":0,"Local Written Blocks":0,"Temp Read Blocks":0,"Temp Written Blocks":0,"I/O Read Time":0.0,"I/O Write Time":0.0,"Temp I/O Read Time":0.0,"Temp I/O Write Time":0.0}]}]}]},"Planning":{"Shared Hit Blocks":36,"Shared Read Blocks":0,"Shared Dirtied Blocks":0,"Shared Written Blocks":0,"Local Hit Blocks":0,"Local Read Blocks":0,"Local Dirtied Blocks":0,"Local Written Blocks":0,"Temp Read Blocks":0,"Temp Written Blocks":0,"I/O Read Time":0.0,"I/O Write Time":0.0,"Temp I/O Read Time":0.0,"Temp I/O Write Time":0.0},"Planning Time":2.327,"Triggers":[],"Execution Time":9609.142}]
[列存组合]: nation, region, supplier
[{"Plan":{"Node Type":"Sort","Parallel Aware":false,"Async Capable":false,"Startup Cost":2546797.18,"Total Cost":2546797.18,"Plan Rows":2,"Plan Width":164,"Actual Startup Time":13708.1,"Actual Total Time":13708.222,"Actual Rows":2295,"Actual Loops":1,"Output":["supplier.su_suppkey","supplier.su_name","nation.n_name","item.i_id","item.i_name","supplier.su_address","supplier.su_phone","supplier.su_comment"],"Sort Key":["nation.n_name","supplier.su_name","item.i_id"],"Sort Method":"quicksort","Sort Space Used":568,"Sort Space Type":"Memory","Shared Hit Blocks":1690400,"Shared Read Blocks":0,"Shared Dirtied Blocks":0,"Shared Written Blocks":0,"Local Hit Blocks":0,"Local Read Blocks":0,"Local Dirtied Blocks":0,"Local Written Blocks":0,"Temp Read Blocks":8330,"Temp Written Blocks":14781,"I/O Read Time":0.0,"I/O Write Time":0.0,"Temp I/O Read Time":13.692,"Temp I/O Write Time":55.918,"Plans":[{"Node Type":"Hash Join","Parent Relationship":"Outer","Parallel Aware":false,"Async Capable":false,"Join Type":"Inner","Startup Cost":1460856.07,"Total Cost":2546797.17,"Plan Rows":2,"Plan Width":164,"Actual Startup Time":8558.422,"Actual Total Time":13702.838,"Actual Rows":2295,"Actual Loops":1,"Output":["supplier.su_suppkey","supplier.su_name","nation.n_name","item.i_id","item.i_name","supplier.su_address","supplier.su_phone","supplier.su_comment"],"Hash Cond":"(nation.n_regionkey = region.r_regionkey)","Shared Hit Blocks":1690400,"Shared Read Blocks":0,"Shared Dirtied Blocks":0,"Shared Written Blocks":0,"Local Hit Blocks":0,"Local Read Blocks":0,"Local Dirtied Blocks":0,"Local Written Blocks":0,"Temp Read Blocks":8330,"Temp Written Blocks":14781,"I/O Read Time":0.0,"I/O Write Time":0.0,"Temp I/O Read Time":13.692,"Temp I/O Write Time":55.918,"Plans":[{"Node Type":"Nested Loop","Parent Relationship":"Outer","Parallel Aware":false,"Async Capable":false,"Join Type":"Inner","Startup Cost":1460854.99,"Total Cost":2546796.04,"Plan Rows":10,"Plan Width":168,"Actual Startup Time":8557.888,"Actual Total Time":13701.53,"Actual Rows":4450,"Actual Loops":1,"Output":["item.i_id","item.i_name","supplier.su_suppkey","supplier.su_name","supplier.su_address","supplier.su_phone","supplier.su_comment","nation.n_name","nation.n_regionkey"],"Shared Hit Blocks":1690399,"Shared Read Blocks":0,"Shared Dirtied Blocks":0,"Shared Written Blocks":0,"Local Hit Blocks":0,"Local Read Blocks":0,"Local Dirtied Blocks":0,"Local Written Blocks":0,"Temp Read Blocks":8330,"Temp Written Blocks":14781,"I/O Read Time":0.0,"I/O Write Time":0.0,"Temp I/O Read Time":13.692,"Temp I/O Write Time":55.918,"Plans":[{"Node Type":"Nested Loop","Parent Relationship":"Outer","Parallel Aware":false,"Async Capable":false,"Join Type":"Inner","Startup Cost":1460854.85,"Total Cost":2546794.46,"Plan Rows":10,"Plan Width":160,"Actual Startup Time":8557.873,"Actual Total Time":13695.091,"Actual Rows":4450,"Actual Loops":1,"Output":["item.i_id","item.i_name","supplier.su_suppkey","supplier.su_name","supplier.su_address","supplier.su_phone","supplier.su_comment","supplier.su_nationkey"],"Shared Hit Blocks":1681499,"Shared Read Blocks":0,"Shared Dirtied Blocks":0,"Shared Written Blocks":0,"Local Hit Blocks":0,"Local Read Blocks":0,"Local Dirtied Blocks":0,"Local Written Blocks":0,"Temp Read Blocks":8330,"Temp Written Blocks":14781,"I/O Read Time":0.0,"I/O Write Time":0.0,"Temp I/O Read Time":13.692,"Temp I/O Write Time":55.918,"Plans":[{"Node Type":"Hash Join","Parent Relationship":"Outer","Parallel Aware":false,"Async Capable":false,"Join Type":"Inner","Startup Cost":1460854.56,"Total Cost":2546761.97,"Plan Rows":10,"Plan Width":35,"Actual Startup Time":8557.83,"Actual Total Time":13678.359,"Actual Rows":4450,"Actual Loops":1,"Output":["item.i_id","item.i_name","stock.s_i_id","stock.s_w_id"],"Hash Cond":"((item.i_id = stock_1.s_i_id) AND (stock.s_quantity = (min(stock_1.s_quantity))))","Shared Hit Blocks":1668149,"Shared Read Blocks":0,"Shared Dirtied Blocks":0,"Shared Written Blocks":0,"Local Hit Blocks":0,"Local Read Blocks":0,"Local Dirtied Blocks":0,"Local Written Blocks":0,"Temp Read Blocks":8330,"Temp Written Blocks":14781,"I/O Read Time":0.0,"I/O Write Time":0.0,"Temp I/O Read Time":13.692,"Temp I/O Write Time":55.918,"Plans":[{"Node Type":"Hash Join","Parent Relationship":"Outer","Parallel Aware":false,"Async Capable":false,"Join Type":"Inner","Startup Cost":2615.12,"Total Cost":1088512.03,"Plan Rows":2000,"Plan Width":37,"Actual Startup Time":14.288,"Actual Total Time":5057.395,"Actual Rows":314400,"Actual Loops":1,"Output":["item.i_id","item.i_name","stock.s_i_id","stock.s_w_id","stock.s_quantity"],"Hash Cond":"(stock.s_i_id = item.i_id)","Shared Hit Blocks":834757,"Shared Read Blocks":0,"Shared Dirtied Blocks":0,"Shared Written Blocks":0,"Local Hit Blocks":0,"Local Read Blocks":0,"Local Dirtied Blocks":0,"Local Written Blocks":0,"Temp Read Blocks":0,"Temp Written Blocks":0,"I/O Read Time":0.0,"I/O Write Time":0.0,"Temp I/O Read Time":0.0,"Temp I/O Write Time":0.0,"Plans":[{"Node Type":"Seq Scan","Parent Relationship":"Outer","Parallel Aware":false,"Async Capable":false,"Relation Name":"stock","Schema":"public","Alias":"stock","Startup Cost":0.0,"Total Cost":1033394.12,"Plan Rows":20000212,"Plan Width":8,"Actual Startup Time":0.004,"Actual Total Time":1708.156,"Actual Rows":20000000,"Actual Loops":1,"Output":["stock.s_i_id","stock.s_w_id","stock.s_quantity","stock.s_dist_01","stock.s_dist_02","stock.s_dist_03","stock.s_dist_04","stock.s_dist_05","stock.s_dist_06","stock.s_dist_07","stock.s_dist_08","stock.s_dist_09","stock.s_dist_10","stock.s_ytd","stock.s_order_cnt","stock.s_remote_cnt","stock.s_data"],"Shared Hit Blocks":833392,"Shared Read Blocks":0,"Shared Dirtied Blocks":0,"Shared Written Blocks":0,"Local Hit Blocks":0,"Local Read Blocks":0,"Local Dirtied Blocks":0,"Local Written Blocks":0,"Temp Read Blocks":0,"Temp Written Blocks":0,"I/O Read Time":0.0,"I/O Write Time":0.0,"Temp I/O Read Time":0.0,"Temp I/O Write Time":0.0},{"Node Type":"Hash","Parent Relationship":"Inner","Parallel Aware":false,"Async Capable":false,"Startup Cost":2615.0,"Total Cost":2615.0,"Plan Rows":10,"Plan Width":29,"Actual Startup Time":14.259,"Actual Total Time":14.26,"Actual Rows":1572,"Actual Loops":1,"Output":["item.i_id","item.i_name"],"Hash Buckets":2048,"Original Hash Buckets":1024,"Hash Batches":1,"Original Hash Batches":1,"Peak Memory Usage":110,"Shared Hit Blocks":1365,"Shared Read Blocks":0,"Shared Dirtied Blocks":0,"Shared Written Blocks":0,"Local Hit Blocks":0,"Local Read Blocks":0,"Local Dirtied Blocks":0,"Local Written Blocks":0,"Temp Read Blocks":0,"Temp Written Blocks":0,"I/O Read Time":0.0,"I/O Write Time":0.0,"Temp I/O Read Time":0.0,"Temp I/O Write Time":0.0,"Plans":[{"Node Type":"Seq Scan","Parent Relationship":"Outer","Parallel Aware":false,"Async Capable":false,"Relation Name":"item","Schema":"public","Alias":"item","Startup Cost":0.0,"Total Cost":2615.0,"Plan Rows":10,"Plan Width":29,"Actual Startup Time":0.011,"Actual Total Time":13.999,"Actual Rows":1572,"Actual Loops":1,"Output":["item.i_id","item.i_name"],"Filter":"((item.i_data)::text ~~ '%b'::text)","Rows Removed by Filter":98428,"Shared Hit Blocks":1365,"Shared Read Blocks":0,"Shared Dirtied Blocks":0,"Shared Written Blocks":0,"Local Hit Blocks":0,"Local Read Blocks":0,"Local Dirtied Blocks":0,"Local Written Blocks":0,"Temp Read Blocks":0,"Temp Written Blocks":0,"I/O Read Time":0.0,"I/O Write Time":0.0,"Temp I/O Read Time":0.0,"Temp I/O Write Time":0.0}]}]},{"Node Type":"Hash","Parent Relationship":"Inner","Parallel Aware":false,"Async Capable":false,"Startup Cost":1456753.96,"Total Cost":1456753.96,"Plan Rows":99032,"Plan Width":6,"Actual Startup Time":8541.255,"Actual Total Time":8541.281,"Actual Rows":100000,"Actual Loops":1,"Output":["stock_1.s_i_id","(min(stock_1.s_quantity))"],"Hash Buckets":131072,"Original Hash Buckets":131072,"Hash Batches":1,"Original Hash Batches":1,"Peak Memory Usage":4735,"Shared Hit Blocks":833392,"Shared Read Blocks":0,"Shared Dirtied Blocks":0,"Shared Written Blocks":0,"Local Hit Blocks":0,"Local Read Blocks":0,"Local Dirtied Blocks":0,"Local Written Blocks":0,"Temp Read Blocks":8330,"Temp Written Blocks":14781,"I/O Read Time":0.0,"I/O Write Time":0.0,"Temp I/O Read Time":13.692,"Temp I/O Write Time":55.918,"Plans":[{"Node Type":"Aggregate","Strategy":"Hashed","Partial Mode":"Simple","Parent Relationship":"Outer","Parallel Aware":false,"Async Capable":false,"Startup Cost":1423522.99,"Total Cost":1455763.64,"Plan Rows":99032,"Plan Width":6,"Actual Startup Time":8198.469,"Actual Total Time":8525.716,"Actual Rows":100000,"Actual Loops":1,"Output":["stock_1.s_i_id","min(stock_1.s_quantity)"],"Group Key":["stock_1.s_i_id"],"Planned Partitions":0,"HashAgg Batches":5,"Peak Memory Usage":8241,"Disk Usage":68504,"Shared Hit Blocks":833392,"Shared Read Blocks":0,"Shared Dirtied Blocks":0,"Shared Written Blocks":0,"Local Hit Blocks":0,"Local Read Blocks":0,"Local Dirtied Blocks":0,"Local Written Blocks":0,"Temp Read Blocks":8330,"Temp Written Blocks":14781,"I/O Read Time":0.0,"I/O Write Time":0.0,"Temp I/O Read Time":13.692,"Temp I/O Write Time":55.918,"Plans":[{"Node Type":"Hash Join","Parent Relationship":"Outer","Parallel Aware":false,"Async Capable":false,"Join Type":"Inner","Startup Cost":124.76,"Total Cost":1198520.63,"Plan Rows":4000042,"Plan Width":6,"Actual Startup Time":1.917,"Actual Total Time":6836.271,"Actual Rows":6959700,"Actual Loops":1,"Output":["stock_1.s_i_id","stock_1.s_quantity"],"Hash Cond":"(mod((stock_1.s_w_id * stock_1.s_i_id), 10000) = supplier_1.su_suppkey)","Shared Hit Blocks":833392,"Shared Read Blocks":0,"Shared Dirtied Blocks":0,"Shared Written Blocks":0,"Local Hit Blocks":0,"Local Read Blocks":0,"Local Dirtied Blocks":0,"Local Written Blocks":0,"Temp Read Blocks":0,"Temp Written Blocks":0,"I/O Read Time":0.0,"I/O Write Time":0.0,"Temp I/O Read Time":0.0,"Temp I/O Write Time":0.0,"Plans":[{"Node Type":"Seq Scan","Parent Relationship":"Outer","Parallel Aware":false,"Async Capable":false,"Relation Name":"stock","Schema":"public","Alias":"stock_1","Startup Cost":0.0,"Total Cost":1033394.12,"Plan Rows":20000212,"Plan Width":8,"Actual Startup Time":0.004,"Actual Total Time":1897.51,"Actual Rows":20000000,"Actual Loops":1,"Output":["stock_1.s_i_id","stock_1.s_w_id","stock_1.s_quantity","stock_1.s_dist_01","stock_1.s_dist_02","stock_1.s_dist_03","stock_1.s_dist_04","stock_1.s_dist_05","stock_1.s_dist_06","stock_1.s_dist_07","stock_1.s_dist_08","stock_1.s_dist_09","stock_1.s_dist_10","stock_1.s_ytd","stock_1.s_order_cnt","stock_1.s_remote_cnt","stock_1.s_data"],"Shared Hit Blocks":833392,"Shared Read Blocks":0,"Shared Dirtied Blocks":0,"Shared Written Blocks":0,"Local Hit Blocks":0,"Local Read Blocks":0,"Local Dirtied Blocks":0,"Local Written Blocks":0,"Temp Read Blocks":0,"Temp Written Blocks":0,"I/O Read Time":0.0,"I/O Write Time":0.0,"Temp I/O Read Time":0.0,"Temp I/O Write Time":0.0},{"Node Type":"Hash","Parent Relationship":"Inner","Parallel Aware":false,"Async Capable":false,"Startup Cost":99.76,"Total Cost":99.76,"Plan Rows":2000,"Plan Width":4,"Actual Startup Time":1.899,"Actual Total Time":1.919,"Actual Rows":3506,"Actual Loops":1,"Output":["supplier_1.su_suppkey"],"Hash Buckets":4096,"Original Hash Buckets":2048,"Hash Batches":1,"Original Hash Batches":1,"Peak Memory Usage":156,"Shared Hit Blocks":0,"Shared Read Blocks":0,"Shared Dirtied Blocks":0,"Shared Written Blocks":0,"Local Hit Blocks":0,"Local Read Blocks":0,"Local Dirtied Blocks":0,"Local Written Blocks":0,"Temp Read Blocks":0,"Temp Written Blocks":0,"I/O Read Time":0.0,"I/O Write Time":0.0,"Temp I/O Read Time":0.0,"Temp I/O Write Time":0.0,"Plans":[{"Node Type":"Hash Join","Parent Relationship":"Outer","Parallel Aware":false,"Async Capable":false,"Join Type":"Inner","Startup Cost":48.98,"Total Cost":99.76,"Plan Rows":2000,"Plan Width":4,"Actual Startup Time":1.295,"Actual Total Time":1.518,"Actual Rows":3506,"Actual Loops":1,"Output":["supplier_1.su_suppkey"],"Hash Cond":"(supplier_1.su_nationkey = nation_1.n_nationkey)","Rows Removed by Bloom Filter":6494,"Shared Hit Blocks":0,"Shared Read Blocks":0,"Shared Dirtied Blocks":0,"Shared Written Blocks":0,"Local Hit Blocks":0,"Local Read Blocks":0,"Local Dirtied Blocks":0,"Local Written Blocks":0,"Temp Read Blocks":0,"Temp Written Blocks":0,"I/O Read Time":0.0,"I/O Write Time":0.0,"Temp I/O Read Time":0.0,"Temp I/O Write Time":0.0,"Plans":[{"Node Type":"Append","Parent Relationship":"Outer","Parallel Aware":false,"Async Capable":false,"Startup Cost":20.0,"Total Cost":219.01,"Plan Rows":10001,"Plan Width":8,"Actual Startup Time":0.016,"Actual Total Time":0.019,"Actual Rows":10000,"Actual Loops":1,"Shared Hit Blocks":0,"Shared Read Blocks":0,"Shared Dirtied Blocks":0,"Shared Written Blocks":0,"Local Hit Blocks":0,"Local Read Blocks":0,"Local Dirtied Blocks":0,"Local Written Blocks":0,"Temp Read Blocks":0,"Temp Written Blocks":0,"I/O Read Time":0.0,"I/O Write Time":0.0,"Temp I/O Read Time":0.0,"Temp I/O Write Time":0.0,"Subplans Removed":0,"Plans":[{"Node Type":"Custom Scan","Parent Relationship":"Member","Custom Plan Provider":"columnar scan","Parallel Aware":false,"Async Capable":false,"Relation Name":"supplier","Schema":"public","Alias":"supplier_1","Startup Cost":20.0,"Total Cost":215.0,"Plan Rows":10000,"Plan Width":8,"Actual Startup Time":0.015,"Actual Total Time":0.016,"Actual Rows":10000,"Actual Loops":1,"Output":["supplier_1.su_suppkey","supplier_1.su_nationkey"],"Rows Removed by Columnar Filter":0,"Columnar cache search mode":"native","Shared Hit Blocks":0,"Shared Read Blocks":0,"Shared Dirtied Blocks":0,"Shared Written Blocks":0,"Local Hit Blocks":0,"Local Read Blocks":0,"Local Dirtied Blocks":0,"Local Written Blocks":0,"Temp Read Blocks":0,"Temp Written Blocks":0,"I/O Read Time":0.0,"I/O Write Time":0.0,"Temp I/O Read Time":0.0,"Temp I/O Write Time":0.0},{"Node Type":"Seq Scan","Parent Relationship":"Member","Parallel Aware":false,"Async Capable":false,"Relation Name":"supplier","Schema":"public","Alias":"supplier_1","Startup Cost":0.0,"Total Cost":4.01,"Plan Rows":1,"Plan Width":8,"Actual Startup Time":0.0,"Actual Total Time":0.0,"Actual Rows":0,"Actual Loops":0,"Output":["supplier_1.su_suppkey","supplier_1.su_nationkey"],"Shared Hit Blocks":0,"Shared Read Blocks":0,"Shared Dirtied Blocks":0,"Shared Written Blocks":0,"Local Hit Blocks":0,"Local Read Blocks":0,"Local Dirtied Blocks":0,"Local Written Blocks":0,"Temp Read Blocks":0,"Temp Written Blocks":0,"I/O Read Time":0.0,"I/O Write Time":0.0,"Temp I/O Read Time":0.0,"Temp I/O Write Time":0.0}]},{"Node Type":"Hash","Parent Relationship":"Inner","Parallel Aware":false,"Async Capable":false,"Startup Cost":29.02,"Total Cost":29.02,"Plan Rows":12,"Plan Width":4,"Actual Rows":22,"Actual Loops":1,"Output":["nation_1.n_nationkey"],"Shared Hit Blocks":0,"Shared Read Blocks":0,"Shared Dirtied Blocks":0,"Shared Written Blocks":0,"Local Hit Blocks":0,"Local Read Blocks":0,"Local Dirtied Blocks":0,"Local Written Blocks":0,"Temp Read Blocks":0,"Temp Written Blocks":0,"I/O Read Time":0.0,"I/O Write Time":0.0,"Temp I/O Read Time":0.0,"Temp I/O Write Time":0.0,"Plans":[{"Node Type":"Hash Join","Parent Relationship":"Outer","Parallel Aware":false,"Async Capable":false,"Join Type":"Inner","Startup Cost":24.16,"Total Cost":29.02,"Plan Rows":12,"Plan Width":4,"Actual Startup Time":0.811,"Actual Total Time":0.821,"Actual Rows":22,"Actual Loops":1,"Output":["nation_1.n_nationkey"],"Hash Cond":"(region_1.r_regionkey = nation_1.n_regionkey)","Rows Removed by Bloom Filter":0,"Shared Hit Blocks":0,"Shared Read Blocks":0,"Shared Dirtied Blocks":0,"Shared Written Blocks":0,"Local Hit Blocks":0,"Local Read Blocks":0,"Local Dirtied Blocks":0,"Local Written Blocks":0,"Temp Read Blocks":0,"Temp Written Blocks":0,"I/O Read Time":0.0,"I/O Write Time":0.0,"Temp I/O Read Time":0.0,"Temp I/O Write Time":0.0,"Plans":[{"Node Type":"Append","Parent Relationship":"Outer","Parallel Aware":false,"Async Capable":false,"Startup Cost":20.0,"Total Cost":24.04,"Plan Rows":2,"Plan Width":4,"Actual Startup Time":0.025,"Actual Total Time":0.029,"Actual Rows":1,"Actual Loops":1,"Shared Hit Blocks":0,"Shared Read Blocks":0,"Shared Dirtied Blocks":0,"Shared Written Blocks":0,"Local Hit Blocks":0,"Local Read Blocks":0,"Local Dirtied Blocks":0,"Local Written Blocks":0,"Temp Read Blocks":0,"Temp Written Blocks":0,"I/O Read Time":0.0,"I/O Write Time":0.0,"Temp I/O Read Time":0.0,"Temp I/O Write Time":0.0,"Subplans Removed":0,"Plans":[{"Node Type":"Custom Scan","Parent Relationship":"Member","Custom Plan Provider":"columnar scan","Parallel Aware":false,"Async Capable":false,"Relation Name":"region","Schema":"public","Alias":"region_1","Startup Cost":20.0,"Total Cost":20.02,"Plan Rows":1,"Plan Width":4,"Actual Startup Time":0.025,"Actual Total Time":0.026,"Actual Rows":1,"Actual Loops":1,"Output":["region_1.r_regionkey"],"Filter":"((region_1.r_name)::text ~~ 'Europ%'::text)","Rows Removed by Filter":0,"Rows Removed by Columnar Filter":4,"Columnar cache search mode":"native","Shared Hit Blocks":0,"Shared Read Blocks":0,"Shared Dirtied Blocks":0,"Shared Written Blocks":0,"Local Hit Blocks":0,"Local Read Blocks":0,"Local Dirtied Blocks":0,"Local Written Blocks":0,"Temp Read Blocks":0,"Temp Written Blocks":0,"I/O Read Time":0.0,"I/O Write Time":0.0,"Temp I/O Read Time":0.0,"Temp I/O Write Time":0.0},{"Node Type":"Seq Scan","Parent Relationship":"Member","Parallel Aware":false,"Async Capable":false,"Relation Name":"region","Schema":"public","Alias":"region_1","Startup Cost":0.0,"Total Cost":4.01,"Plan Rows":1,"Plan Width":4,"Actual Startup Time":0.0,"Actual Total Time":0.0,"Actual Rows":0,"Actual Loops":0,"Output":["region_1.r_regionkey"],"Filter":"((region_1.r_name)::text ~~ 'Europ%'::text)","Rows Removed by Filter":0,"Shared Hit Blocks":0,"Shared Read Blocks":0,"Shared Dirtied Blocks":0,"Shared Written Blocks":0,"Local Hit Blocks":0,"Local Read Blocks":0,"Local Dirtied Blocks":0,"Local Written Blocks":0,"Temp Read Blocks":0,"Temp Written Blocks":0,"I/O Read Time":0.0,"I/O Write Time":0.0,"Temp I/O Read Time":0.0,"Temp I/O Write Time":0.0}]},{"Node Type":"Hash","Parent Relationship":"Inner","Parallel Aware":false,"Async Capable":false,"Startup Cost":25.22,"Total Cost":25.22,"Plan Rows":63,"Plan Width":8,"Actual Rows":62,"Actual Loops":1,"Output":["nation_1.n_nationkey","nation_1.n_regionkey"],"Shared Hit Blocks":0,"Shared Read Blocks":0,"Shared Dirtied Blocks":0,"Shared Written Blocks":0,"Local Hit Blocks":0,"Local Read Blocks":0,"Local Dirtied Blocks":0,"Local Written Blocks":0,"Temp Read Blocks":0,"Temp Written Blocks":0,"I/O Read Time":0.0,"I/O Write Time":0.0,"Temp I/O Read Time":0.0,"Temp I/O Write Time":0.0,"Plans":[{"Node Type":"Append","Parent Relationship":"Outer","Parallel Aware":false,"Async Capable":false,"Startup Cost":20.0,"Total Cost":25.22,"Plan Rows":63,"Plan Width":8,"Actual Startup Time":0.018,"Actual Total Time":0.021,"Actual Rows":62,"Actual Loops":1,"Shared Hit Blocks":0,"Shared Read Blocks":0,"Shared Dirtied Blocks":0,"Shared Written Blocks":0,"Local Hit Blocks":0,"Local Read Blocks":0,"Local Dirtied Blocks":0,"Local Written Blocks":0,"Temp Read Blocks":0,"Temp Written Blocks":0,"I/O Read Time":0.0,"I/O Write Time":0.0,"Temp I/O Read Time":0.0,"Temp I/O Write Time":0.0,"Subplans Removed":0,"Plans":[{"Node Type":"Custom Scan","Parent Relationship":"Member","Custom Plan Provider":"columnar scan","Parallel Aware":false,"Async Capable":false,"Relation Name":"nation","Schema":"public","Alias":"nation_1","Startup Cost":20.0,"Total Cost":21.21,"Plan Rows":62,"Plan Width":8,"Actual Startup Time":0.016,"Actual Total Time":0.016,"Actual Rows":62,"Actual Loops":1,"Output":["nation_1.n_nationkey","nation_1.n_regionkey"],"Rows Removed by Columnar Filter":0,"Columnar cache search mode":"native","Shared Hit Blocks":0,"Shared Read Blocks":0,"Shared Dirtied Blocks":0,"Shared Written Blocks":0,"Local Hit Blocks":0,"Local Read Blocks":0,"Local Dirtied Blocks":0,"Local Written Blocks":0,"Temp Read Blocks":0,"Temp Written Blocks":0,"I/O Read Time":0.0,"I/O Write Time":0.0,"Temp I/O Read Time":0.0,"Temp I/O Write Time":0.0},{"Node Type":"Seq Scan","Parent Relationship":"Member","Parallel Aware":false,"Async Capable":false,"Relation Name":"nation","Schema":"public","Alias":"nation_1","Startup Cost":0.0,"Total Cost":4.01,"Plan Rows":1,"Plan Width":8,"Actual Startup Time":0.0,"Actual Total Time":0.0,"Actual Rows":0,"Actual Loops":0,"Output":["nation_1.n_nationkey","nation_1.n_regionkey"],"Shared Hit Blocks":0,"Shared Read Blocks":0,"Shared Dirtied Blocks":0,"Shared Written Blocks":0,"Local Hit Blocks":0,"Local Read Blocks":0,"Local Dirtied Blocks":0,"Local Written Blocks":0,"Temp Read Blocks":0,"Temp Written Blocks":0,"I/O Read Time":0.0,"I/O Write Time":0.0,"Temp I/O Read Time":0.0,"Temp I/O Write Time":0.0}]}]}]}]}]}]}]}]}]}]},{"Node Type":"Index Scan","Parent Relationship":"Inner","Parallel Aware":false,"Async Capable":false,"Scan Direction":"Forward","Index Name":"supplier_pk","Relation Name":"supplier","Schema":"public","Alias":"supplier","Startup Cost":0.29,"Total Cost":3.25,"Plan Rows":1,"Plan Width":131,"Actual Startup Time":0.003,"Actual Total Time":0.003,"Actual Rows":1,"Actual Loops":4450,"Output":["supplier.su_suppkey","supplier.su_name","supplier.su_address","supplier.su_nationkey","supplier.su_phone","supplier.su_acctbal","supplier.su_comment"],"Index Cond":"(supplier.su_suppkey = mod((stock.s_w_id * stock.s_i_id), 10000))","Rows Removed by Index Recheck":0,"Shared Hit Blocks":13350,"Shared Read Blocks":0,"Shared Dirtied Blocks":0,"Shared Written Blocks":0,"Local Hit Blocks":0,"Local Read Blocks":0,"Local Dirtied Blocks":0,"Local Written Blocks":0,"Temp Read Blocks":0,"Temp Written Blocks":0,"I/O Read Time":0.0,"I/O Write Time":0.0,"Temp I/O Read Time":0.0,"Temp I/O Write Time":0.0}]},{"Node Type":"Index Scan","Parent Relationship":"Inner","Parallel Aware":false,"Async Capable":false,"Scan Direction":"Forward","Index Name":"nation_pk","Relation Name":"nation","Schema":"public","Alias":"nation","Startup Cost":0.14,"Total Cost":0.16,"Plan Rows":1,"Plan Width":16,"Actual Startup Time":0.001,"Actual Total Time":0.001,"Actual Rows":1,"Actual Loops":4450,"Output":["nation.n_nationkey","nation.n_name","nation.n_regionkey","nation.n_comment"],"Index Cond":"(nation.n_nationkey = supplier.su_nationkey)","Rows Removed by Index Recheck":0,"Shared Hit Blocks":8900,"Shared Read Blocks":0,"Shared Dirtied Blocks":0,"Shared Written Blocks":0,"Local Hit Blocks":0,"Local Read Blocks":0,"Local Dirtied Blocks":0,"Local Written Blocks":0,"Temp Read Blocks":0,"Temp Written Blocks":0,"I/O Read Time":0.0,"I/O Write Time":0.0,"Temp I/O Read Time":0.0,"Temp I/O Write Time":0.0}]},{"Node Type":"Hash","Parent Relationship":"Inner","Parallel Aware":false,"Async Capable":false,"Startup Cost":1.06,"Total Cost":1.06,"Plan Rows":1,"Plan Width":4,"Actual Startup Time":0.018,"Actual Total Time":0.018,"Actual Rows":1,"Actual Loops":1,"Output":["region.r_regionkey"],"Hash Buckets":1024,"Original Hash Buckets":1024,"Hash Batches":1,"Original Hash Batches":1,"Peak Memory Usage":9,"Shared Hit Blocks":1,"Shared Read Blocks":0,"Shared Dirtied Blocks":0,"Shared Written Blocks":0,"Local Hit Blocks":0,"Local Read Blocks":0,"Local Dirtied Blocks":0,"Local Written Blocks":0,"Temp Read Blocks":0,"Temp Written Blocks":0,"I/O Read Time":0.0,"I/O Write Time":0.0,"Temp I/O Read Time":0.0,"Temp I/O Write Time":0.0,"Plans":[{"Node Type":"Seq Scan","Parent Relationship":"Outer","Parallel Aware":false,"Async Capable":false,"Relation Name":"region","Schema":"public","Alias":"region","Startup Cost":0.0,"Total Cost":1.06,"Plan Rows":1,"Plan Width":4,"Actual Startup Time":0.014,"Actual Total Time":0.014,"Actual Rows":1,"Actual Loops":1,"Output":["region.r_regionkey"],"Filter":"((region.r_name)::text ~~ 'Europ%'::text)","Rows Removed by Filter":4,"Shared Hit Blocks":1,"Shared Read Blocks":0,"Shared Dirtied Blocks":0,"Shared Written Blocks":0,"Local Hit Blocks":0,"Local Read Blocks":0,"Local Dirtied Blocks":0,"Local Written Blocks":0,"Temp Read Blocks":0,"Temp Written Blocks":0,"I/O Read Time":0.0,"I/O Write Time":0.0,"Temp I/O Read Time":0.0,"Temp I/O Write Time":0.0}]}]}]},"Planning":{"Shared Hit Blocks":36,"Shared Read Blocks":0,"Shared Dirtied Blocks":0,"Shared Written Blocks":0,"Local Hit Blocks":0,"Local Read Blocks":0,"Local Dirtied Blocks":0,"Local Written Blocks":0,"Temp Read Blocks":0,"Temp Written Blocks":0,"I/O Read Time":0.0,"I/O Write Time":0.0,"Temp I/O Read Time":0.0,"Temp I/O Write Time":0.0},"Planning Time":1.023,"Triggers":[],"Execution Time":13722.655}]
[列存组合]: nation, stock, supplier
[{"Plan":{"Node Type":"Sort","Parallel Aware":false,"Async Capable":false,"Startup Cost":1923240.65,"Total Cost":1923240.66,"Plan Rows":2,"Plan Width":164,"Actual Startup Time":9551.186,"Actual Total Time":9551.304,"Actual Rows":2295,"Actual Loops":1,"Output":["supplier.su_suppkey","supplier.su_name","nation.n_name","item.i_id","item.i_name","supplier.su_address","supplier.su_phone","supplier.su_comment"],"Sort Key":["nation.n_name","supplier.su_name","item.i_id"],"Sort Method":"quicksort","Sort Space Used":568,"Sort Space Type":"Memory","Shared Hit Blocks":23617,"Shared Read Blocks":0,"Shared Dirtied Blocks":0,"Shared Written Blocks":0,"Local Hit Blocks":0,"Local Read Blocks":0,"Local Dirtied Blocks":0,"Local Written Blocks":0,"Temp Read Blocks":8330,"Temp Written Blocks":14781,"I/O Read Time":0.0,"I/O Write Time":0.0,"Temp I/O Read Time":12.88,"Temp I/O Write Time":48.761,"Plans":[{"Node Type":"Hash Join","Parent Relationship":"Outer","Parallel Aware":false,"Async Capable":false,"Join Type":"Inner","Startup Cost":857582.17,"Total Cost":1923240.64,"Plan Rows":2,"Plan Width":164,"Actual Startup Time":8714.355,"Actual Total Time":9546.834,"Actual Rows":2295,"Actual Loops":1,"Output":["supplier.su_suppkey","supplier.su_name","nation.n_name","item.i_id","item.i_name","supplier.su_address","supplier.su_phone","supplier.su_comment"],"Hash Cond":"(nation.n_regionkey = region.r_regionkey)","Shared Hit Blocks":23617,"Shared Read Blocks":0,"Shared Dirtied Blocks":0,"Shared Written Blocks":0,"Local Hit Blocks":0,"Local Read Blocks":0,"Local Dirtied Blocks":0,"Local Written Blocks":0,"Temp Read Blocks":8330,"Temp Written Blocks":14781,"I/O Read Time":0.0,"I/O Write Time":0.0,"Temp I/O Read Time":12.88,"Temp I/O Write Time":48.761,"Plans":[{"Node Type":"Nested Loop","Parent Relationship":"Outer","Parallel Aware":false,"Async Capable":false,"Join Type":"Inner","Startup Cost":857581.1,"Total Cost":1923239.52,"Plan Rows":10,"Plan Width":168,"Actual Startup Time":8714.266,"Actual Total Time":9545.934,"Actual Rows":4450,"Actual Loops":1,"Output":["item.i_id","item.i_name","supplier.su_suppkey","supplier.su_name","supplier.su_address","supplier.su_phone","supplier.su_comment","nation.n_name","nation.n_regionkey"],"Shared Hit Blocks":23616,"Shared Read Blocks":0,"Shared Dirtied Blocks":0,"Shared Written Blocks":0,"Local Hit Blocks":0,"Local Read Blocks":0,"Local Dirtied Blocks":0,"Local Written Blocks":0,"Temp Read Blocks":8330,"Temp Written Blocks":14781,"I/O Read Time":0.0,"I/O Write Time":0.0,"Temp I/O Read Time":12.88,"Temp I/O Write Time":48.761,"Plans":[{"Node Type":"Nested Loop","Parent Relationship":"Outer","Parallel Aware":false,"Async Capable":false,"Join Type":"Inner","Startup Cost":857580.96,"Total Cost":1923237.93,"Plan Rows":10,"Plan Width":160,"Actual Startup Time":8714.247,"Actual Total Time":9540.715,"Actual Rows":4450,"Actual Loops":1,"Output":["item.i_id","item.i_name","supplier.su_suppkey","supplier.su_name","supplier.su_address","supplier.su_phone","supplier.su_comment","supplier.su_nationkey"],"Shared Hit Blocks":14716,"Shared Read Blocks":0,"Shared Dirtied Blocks":0,"Shared Written Blocks":0,"Local Hit Blocks":0,"Local Read Blocks":0,"Local Dirtied Blocks":0,"Local Written Blocks":0,"Temp Read Blocks":8330,"Temp Written Blocks":14781,"I/O Read Time":0.0,"I/O Write Time":0.0,"Temp I/O Read Time":12.88,"Temp I/O Write Time":48.761,"Plans":[{"Node Type":"Hash Join","Parent Relationship":"Outer","Parallel Aware":false,"Async Capable":false,"Join Type":"Inner","Startup Cost":857580.67,"Total Cost":1923205.44,"Plan Rows":10,"Plan Width":35,"Actual Startup Time":8714.188,"Actual Total Time":9529.164,"Actual Rows":4450,"Actual Loops":1,"Output":["item.i_id","item.i_name","stock.s_i_id","stock.s_w_id"],"Hash Cond":"((item.i_id = stock_1.s_i_id) AND (stock.s_quantity = (min(stock_1.s_quantity))))","Shared Hit Blocks":1366,"Shared Read Blocks":0,"Shared Dirtied Blocks":0,"Shared Written Blocks":0,"Local Hit Blocks":0,"Local Read Blocks":0,"Local Dirtied Blocks":0,"Local Written Blocks":0,"Temp Read Blocks":8330,"Temp Written Blocks":14781,"I/O Read Time":0.0,"I/O Write Time":0.0,"Temp I/O Read Time":12.88,"Temp I/O Write Time":48.761,"Plans":[{"Node Type":"Hash Join","Parent Relationship":"Outer","Parallel Aware":false,"Async Capable":false,"Join Type":"Inner","Startup Cost":2635.12,"Total Cost":1068249.4,"Plan Rows":2000,"Plan Width":37,"Actual Startup Time":17.647,"Actual Total Time":783.447,"Actual Rows":314400,"Actual Loops":1,"Output":["item.i_id","item.i_name","stock.s_i_id","stock.s_w_id","stock.s_quantity"],"Hash Cond":"(stock.s_i_id = item.i_id)","Shared Hit Blocks":1365,"Shared Read Blocks":0,"Shared Dirtied Blocks":0,"Shared Written Blocks":0,"Local Hit Blocks":0,"Local Read Blocks":0,"Local Dirtied Blocks":0,"Local Written Blocks":0,"Temp Read Blocks":0,"Temp Written Blocks":0,"I/O Read Time":0.0,"I/O Write Time":0.0,"Temp I/O Read Time":0.0,"Temp I/O Write Time":0.0,"Plans":[{"Node Type":"Append","Parent Relationship":"Outer","Parallel Aware":false,"Async Capable":false,"Startup Cost":20.0,"Total Cost":1013131.49,"Plan Rows":20000212,"Plan Width":8,"Actual Startup Time":1.448,"Actual Total Time":707.873,"Actual Rows":314400,"Actual Loops":1,"Shared Hit Blocks":0,"Shared Read Blocks":0,"Shared Dirtied Blocks":0,"Shared Written Blocks":0,"Local Hit Blocks":0,"Local Read Blocks":0,"Local Dirtied Blocks":0,"Local Written Blocks":0,"Temp Read Blocks":0,"Temp Written Blocks":0,"I/O Read Time":0.0,"I/O Write Time":0.0,"Temp I/O Read Time":0.0,"Temp I/O Write Time":0.0,"Subplans Removed":0,"Plans":[{"Node Type":"Custom Scan","Parent Relationship":"Member","Custom Plan Provider":"columnar scan","Parallel Aware":false,"Async Capable":false,"Relation Name":"stock","Schema":"public","Alias":"stock","Startup Cost":20.0,"Total Cost":430020.1,"Plan Rows":20000000,"Plan Width":8,"Actual Startup Time":1.446,"Actual Total Time":685.636,"Actual Rows":314400,"Actual Loops":1,"Output":["stock.s_i_id","stock.s_w_id","stock.s_quantity"],"Rows Removed by Columnar Filter":19685600,"Rows Filtered by Bloom Filter":0,"Dictionary Rows Filtered by Bloom Filter":19685600,"Columnar cache search mode":"native","Shared Hit Blocks":0,"Shared Read Blocks":0,"Shared Dirtied Blocks":0,"Shared Written Blocks":0,"Local Hit Blocks":0,"Local Read Blocks":0,"Local Dirtied Blocks":0,"Local Written Blocks":0,"Temp Read Blocks":0,"Temp Written Blocks":0,"I/O Read Time":0.0,"I/O Write Time":0.0,"Temp I/O Read Time":0.0,"Temp I/O Write Time":0.0},{"Node Type":"Seq Scan","Parent Relationship":"Member","Parallel Aware":false,"Async Capable":false,"Relation Name":"stock","Schema":"public","Alias":"stock","Startup Cost":0.0,"Total Cost":6.12,"Plan Rows":212,"Plan Width":8,"Actual Startup Time":0.0,"Actual Total Time":0.0,"Actual Rows":0,"Actual Loops":0,"Output":["stock.s_i_id","stock.s_w_id","stock.s_quantity"],"Shared Hit Blocks":0,"Shared Read Blocks":0,"Shared Dirtied Blocks":0,"Shared Written Blocks":0,"Local Hit Blocks":0,"Local Read Blocks":0,"Local Dirtied Blocks":0,"Local Written Blocks":0,"Temp Read Blocks":0,"Temp Written Blocks":0,"I/O Read Time":0.0,"I/O Write Time":0.0,"Temp I/O Read Time":0.0,"Temp I/O Write Time":0.0}]},{"Node Type":"Hash","Parent Relationship":"Inner","Parallel Aware":false,"Async Capable":false,"Startup Cost":2615.0,"Total Cost":2615.0,"Plan Rows":10,"Plan Width":29,"Actual Startup Time":15.875,"Actual Total Time":15.877,"Actual Rows":1572,"Actual Loops":1,"Output":["item.i_id","item.i_name"],"Hash Buckets":2048,"Original Hash Buckets":1024,"Hash Batches":1,"Original Hash Batches":1,"Peak Memory Usage":110,"Shared Hit Blocks":1365,"Shared Read Blocks":0,"Shared Dirtied Blocks":0,"Shared Written Blocks":0,"Local Hit Blocks":0,"Local Read Blocks":0,"Local Dirtied Blocks":0,"Local Written Blocks":0,"Temp Read Blocks":0,"Temp Written Blocks":0,"I/O Read Time":0.0,"I/O Write Time":0.0,"Temp I/O Read Time":0.0,"Temp I/O Write Time":0.0,"Plans":[{"Node Type":"Seq Scan","Parent Relationship":"Outer","Parallel Aware":false,"Async Capable":false,"Relation Name":"item","Schema":"public","Alias":"item","Startup Cost":0.0,"Total Cost":2615.0,"Plan Rows":10,"Plan Width":29,"Actual Startup Time":0.013,"Actual Total Time":15.19,"Actual Rows":1572,"Actual Loops":1,"Output":["item.i_id","item.i_name"],"Filter":"((item.i_data)::text ~~ '%b'::text)","Rows Removed by Filter":98428,"Shared Hit Blocks":1365,"Shared Read Blocks":0,"Shared Dirtied Blocks":0,"Shared Written Blocks":0,"Local Hit Blocks":0,"Local Read Blocks":0,"Local Dirtied Blocks":0,"Local Written Blocks":0,"Temp Read Blocks":0,"Temp Written Blocks":0,"I/O Read Time":0.0,"I/O Write Time":0.0,"Temp I/O Read Time":0.0,"Temp I/O Write Time":0.0}]}]},{"Node Type":"Hash","Parent Relationship":"Inner","Parallel Aware":false,"Async Capable":false,"Startup Cost":853460.06,"Total Cost":853460.06,"Plan Rows":99032,"Plan Width":6,"Actual Startup Time":8695.995,"Actual Total Time":8696.015,"Actual Rows":100000,"Actual Loops":1,"Output":["stock_1.s_i_id","(min(stock_1.s_quantity))"],"Hash Buckets":131072,"Original Hash Buckets":131072,"Hash Batches":1,"Original Hash Batches":1,"Peak Memory Usage":4735,"Shared Hit Blocks":1,"Shared Read Blocks":0,"Shared Dirtied Blocks":0,"Shared Written Blocks":0,"Local Hit Blocks":0,"Local Read Blocks":0,"Local Dirtied Blocks":0,"Local Written Blocks":0,"Temp Read Blocks":8330,"Temp Written Blocks":14781,"I/O Read Time":0.0,"I/O Write Time":0.0,"Temp I/O Read Time":12.88,"Temp I/O Write Time":48.761,"Plans":[{"Node Type":"Aggregate","Strategy":"Hashed","Partial Mode":"Simple","Parent Relationship":"Outer","Parallel Aware":false,"Async Capable":false,"Startup Cost":820229.1,"Total Cost":852469.74,"Plan Rows":99032,"Plan Width":6,"Actual Startup Time":8355.767,"Actual Total Time":8679.77,"Actual Rows":100000,"Actual Loops":1,"Output":["stock_1.s_i_id","min(stock_1.s_quantity)"],"Group Key":["stock_1.s_i_id"],"Planned Partitions":0,"HashAgg Batches":5,"Peak Memory Usage":8241,"Disk Usage":68504,"Shared Hit Blocks":1,"Shared Read Blocks":0,"Shared Dirtied Blocks":0,"Shared Written Blocks":0,"Local Hit Blocks":0,"Local Read Blocks":0,"Local Dirtied Blocks":0,"Local Written Blocks":0,"Temp Read Blocks":8330,"Temp Written Blocks":14781,"I/O Read Time":0.0,"I/O Write Time":0.0,"Temp I/O Read Time":12.88,"Temp I/O Write Time":48.761,"Plans":[{"Node Type":"Hash Join","Parent Relationship":"Outer","Parallel Aware":false,"Async Capable":false,"Join Type":"Inner","Startup Cost":218.77,"Total Cost":595226.73,"Plan Rows":4000042,"Plan Width":6,"Actual Startup Time":2.792,"Actual Total Time":7074.245,"Actual Rows":6959700,"Actual Loops":1,"Output":["stock_1.s_i_id","stock_1.s_quantity"],"Hash Cond":"(mod((stock_1.s_w_id * stock_1.s_i_id), 10000) = supplier_1.su_suppkey)","Shared Hit Blocks":1,"Shared Read Blocks":0,"Shared Dirtied Blocks":0,"Shared Written Blocks":0,"Local Hit Blocks":0,"Local Read Blocks":0,"Local Dirtied Blocks":0,"Local Written Blocks":0,"Temp Read Blocks":0,"Temp Written Blocks":0,"I/O Read Time":0.0,"I/O Write Time":0.0,"Temp I/O Read Time":0.0,"Temp I/O Write Time":0.0,"Plans":[{"Node Type":"Append","Parent Relationship":"Outer","Parallel Aware":false,"Async Capable":false,"Startup Cost":20.0,"Total Cost":430026.22,"Plan Rows":20000212,"Plan Width":8,"Actual Startup Time":0.012,"Actual Total Time":4159.188,"Actual Rows":20000000,"Actual Loops":1,"Shared Hit Blocks":0,"Shared Read Blocks":0,"Shared Dirtied Blocks":0,"Shared Written Blocks":0,"Local Hit Blocks":0,"Local Read Blocks":0,"Local Dirtied Blocks":0,"Local Written Blocks":0,"Temp Read Blocks":0,"Temp Written Blocks":0,"I/O Read Time":0.0,"I/O Write Time":0.0,"Temp I/O Read Time":0.0,"Temp I/O Write Time":0.0,"Subplans Removed":0,"Plans":[{"Node Type":"Custom Scan","Parent Relationship":"Member","Custom Plan Provider":"columnar scan","Parallel Aware":false,"Async Capable":false,"Relation Name":"stock","Schema":"public","Alias":"stock_1","Startup Cost":20.0,"Total Cost":430020.1,"Plan Rows":20000000,"Plan Width":8,"Actual Startup Time":0.011,"Actual Total Time":2765.432,"Actual Rows":20000000,"Actual Loops":1,"Output":["stock_1.s_i_id","stock_1.s_quantity","stock_1.s_w_id"],"Rows Removed by Columnar Filter":0,"Columnar cache search mode":"native","Shared Hit Blocks":0,"Shared Read Blocks":0,"Shared Dirtied Blocks":0,"Shared Written Blocks":0,"Local Hit Blocks":0,"Local Read Blocks":0,"Local Dirtied Blocks":0,"Local Written Blocks":0,"Temp Read Blocks":0,"Temp Written Blocks":0,"I/O Read Time":0.0,"I/O Write Time":0.0,"Temp I/O Read Time":0.0,"Temp I/O Write Time":0.0},{"Node Type":"Seq Scan","Parent Relationship":"Member","Parallel Aware":false,"Async Capable":false,"Relation Name":"stock","Schema":"public","Alias":"stock_1","Startup Cost":0.0,"Total Cost":6.12,"Plan Rows":212,"Plan Width":8,"Actual Startup Time":0.0,"Actual Total Time":0.0,"Actual Rows":0,"Actual Loops":0,"Output":["stock_1.s_i_id","stock_1.s_quantity","stock_1.s_w_id"],"Shared Hit Blocks":0,"Shared Read Blocks":0,"Shared Dirtied Blocks":0,"Shared Written Blocks":0,"Local Hit Blocks":0,"Local Read Blocks":0,"Local Dirtied Blocks":0,"Local Written Blocks":0,"Temp Read Blocks":0,"Temp Written Blocks":0,"I/O Read Time":0.0,"I/O Write Time":0.0,"Temp I/O Read Time":0.0,"Temp I/O Write Time":0.0}]},{"Node Type":"Hash","Parent Relationship":"Inner","Parallel Aware":false,"Async Capable":false,"Startup Cost":173.77,"Total Cost":173.77,"Plan Rows":2000,"Plan Width":4,"Actual Startup Time":2.76,"Actual Total Time":2.774,"Actual Rows":3506,"Actual Loops":1,"Output":["supplier_1.su_suppkey"],"Hash Buckets":4096,"Original Hash Buckets":2048,"Hash Batches":1,"Original Hash Batches":1,"Peak Memory Usage":156,"Shared Hit Blocks":1,"Shared Read Blocks":0,"Shared Dirtied Blocks":0,"Shared Written Blocks":0,"Local Hit Blocks":0,"Local Read Blocks":0,"Local Dirtied Blocks":0,"Local Written Blocks":0,"Temp Read Blocks":0,"Temp Written Blocks":0,"I/O Read Time":0.0,"I/O Write Time":0.0,"Temp I/O Read Time":0.0,"Temp I/O Write Time":0.0,"Plans":[{"Node Type":"Hash Join","Parent Relationship":"Outer","Parallel Aware":false,"Async Capable":false,"Join Type":"Inner","Startup Cost":25.24,"Total Cost":173.77,"Plan Rows":2000,"Plan Width":4,"Actual Startup Time":0.801,"Actual Total Time":2.347,"Actual Rows":3506,"Actual Loops":1,"Output":["supplier_1.su_suppkey"],"Hash Cond":"(nation_1.n_regionkey = region_1.r_regionkey)","Shared Hit Blocks":1,"Shared Read Blocks":0,"Shared Dirtied Blocks":0,"Shared Written Blocks":0,"Local Hit Blocks":0,"Local Read Blocks":0,"Local Dirtied Blocks":0,"Local Written Blocks":0,"Temp Read Blocks":0,"Temp Written Blocks":0,"I/O Read Time":0.0,"I/O Write Time":0.0,"Temp I/O Read Time":0.0,"Temp I/O Write Time":0.0,"Plans":[{"Node Type":"Hash Join","Parent Relationship":"Outer","Parallel Aware":false,"Async Capable":false,"Join Type":"Inner","Startup Cost":24.16,"Total Cost":124.19,"Plan Rows":10000,"Plan Width":8,"Actual Startup Time":0.772,"Actual Total Time":1.324,"Actual Rows":10000,"Actual Loops":1,"Output":["supplier_1.su_suppkey","nation_1.n_regionkey"],"Hash Cond":"(supplier_1.su_nationkey = nation_1.n_nationkey)","Rows Removed by Bloom Filter":0,"Shared Hit Blocks":0,"Shared Read Blocks":0,"Shared Dirtied Blocks":0,"Shared Written Blocks":0,"Local Hit Blocks":0,"Local Read Blocks":0,"Local Dirtied Blocks":0,"Local Written Blocks":0,"Temp Read Blocks":0,"Temp Written Blocks":0,"I/O Read Time":0.0,"I/O Write Time":0.0,"Temp I/O Read Time":0.0,"Temp I/O Write Time":0.0,"Plans":[{"Node Type":"Append","Parent Relationship":"Outer","Parallel Aware":false,"Async Capable":false,"Startup Cost":20.0,"Total Cost":219.01,"Plan Rows":10001,"Plan Width":8,"Actual Startup Time":0.012,"Actual Total Time":0.014,"Actual Rows":10000,"Actual Loops":1,"Shared Hit Blocks":0,"Shared Read Blocks":0,"Shared Dirtied Blocks":0,"Shared Written Blocks":0,"Local Hit Blocks":0,"Local Read Blocks":0,"Local Dirtied Blocks":0,"Local Written Blocks":0,"Temp Read Blocks":0,"Temp Written Blocks":0,"I/O Read Time":0.0,"I/O Write Time":0.0,"Temp I/O Read Time":0.0,"Temp I/O Write Time":0.0,"Subplans Removed":0,"Plans":[{"Node Type":"Custom Scan","Parent Relationship":"Member","Custom Plan Provider":"columnar scan","Parallel Aware":false,"Async Capable":false,"Relation Name":"supplier","Schema":"public","Alias":"supplier_1","Startup Cost":20.0,"Total Cost":215.0,"Plan Rows":10000,"Plan Width":8,"Actual Startup Time":0.011,"Actual Total Time":0.011,"Actual Rows":10000,"Actual Loops":1,"Output":["supplier_1.su_suppkey","supplier_1.su_nationkey"],"Rows Removed by Columnar Filter":0,"Columnar cache search mode":"native","Shared Hit Blocks":0,"Shared Read Blocks":0,"Shared Dirtied Blocks":0,"Shared Written Blocks":0,"Local Hit Blocks":0,"Local Read Blocks":0,"Local Dirtied Blocks":0,"Local Written Blocks":0,"Temp Read Blocks":0,"Temp Written Blocks":0,"I/O Read Time":0.0,"I/O Write Time":0.0,"Temp I/O Read Time":0.0,"Temp I/O Write Time":0.0},{"Node Type":"Seq Scan","Parent Relationship":"Member","Parallel Aware":false,"Async Capable":false,"Relation Name":"supplier","Schema":"public","Alias":"supplier_1","Startup Cost":0.0,"Total Cost":4.01,"Plan Rows":1,"Plan Width":8,"Actual Startup Time":0.0,"Actual Total Time":0.0,"Actual Rows":0,"Actual Loops":0,"Output":["supplier_1.su_suppkey","supplier_1.su_nationkey"],"Shared Hit Blocks":0,"Shared Read Blocks":0,"Shared Dirtied Blocks":0,"Shared Written Blocks":0,"Local Hit Blocks":0,"Local Read Blocks":0,"Local Dirtied Blocks":0,"Local Written Blocks":0,"Temp Read Blocks":0,"Temp Written Blocks":0,"I/O Read Time":0.0,"I/O Write Time":0.0,"Temp I/O Read Time":0.0,"Temp I/O Write Time":0.0}]},{"Node Type":"Hash","Parent Relationship":"Inner","Parallel Aware":false,"Async Capable":false,"Startup Cost":25.22,"Total Cost":25.22,"Plan Rows":63,"Plan Width":8,"Actual Rows":62,"Actual Loops":1,"Output":["nation_1.n_nationkey","nation_1.n_regionkey"],"Shared Hit Blocks":0,"Shared Read Blocks":0,"Shared Dirtied Blocks":0,"Shared Written Blocks":0,"Local Hit Blocks":0,"Local Read Blocks":0,"Local Dirtied Blocks":0,"Local Written Blocks":0,"Temp Read Blocks":0,"Temp Written Blocks":0,"I/O Read Time":0.0,"I/O Write Time":0.0,"Temp I/O Read Time":0.0,"Temp I/O Write Time":0.0,"Plans":[{"Node Type":"Append","Parent Relationship":"Outer","Parallel Aware":false,"Async Capable":false,"Startup Cost":20.0,"Total Cost":25.22,"Plan Rows":63,"Plan Width":8,"Actual Startup Time":0.017,"Actual Total Time":0.019,"Actual Rows":62,"Actual Loops":1,"Shared Hit Blocks":0,"Shared Read Blocks":0,"Shared Dirtied Blocks":0,"Shared Written Blocks":0,"Local Hit Blocks":0,"Local Read Blocks":0,"Local Dirtied Blocks":0,"Local Written Blocks":0,"Temp Read Blocks":0,"Temp Written Blocks":0,"I/O Read Time":0.0,"I/O Write Time":0.0,"Temp I/O Read Time":0.0,"Temp I/O Write Time":0.0,"Subplans Removed":0,"Plans":[{"Node Type":"Custom Scan","Parent Relationship":"Member","Custom Plan Provider":"columnar scan","Parallel Aware":false,"Async Capable":false,"Relation Name":"nation","Schema":"public","Alias":"nation_1","Startup Cost":20.0,"Total Cost":21.21,"Plan Rows":62,"Plan Width":8,"Actual Startup Time":0.016,"Actual Total Time":0.016,"Actual Rows":62,"Actual Loops":1,"Output":["nation_1.n_nationkey","nation_1.n_regionkey"],"Rows Removed by Columnar Filter":0,"Columnar cache search mode":"native","Shared Hit Blocks":0,"Shared Read Blocks":0,"Shared Dirtied Blocks":0,"Shared Written Blocks":0,"Local Hit Blocks":0,"Local Read Blocks":0,"Local Dirtied Blocks":0,"Local Written Blocks":0,"Temp Read Blocks":0,"Temp Written Blocks":0,"I/O Read Time":0.0,"I/O Write Time":0.0,"Temp I/O Read Time":0.0,"Temp I/O Write Time":0.0},{"Node Type":"Seq Scan","Parent Relationship":"Member","Parallel Aware":false,"Async Capable":false,"Relation Name":"nation","Schema":"public","Alias":"nation_1","Startup Cost":0.0,"Total Cost":4.01,"Plan Rows":1,"Plan Width":8,"Actual Startup Time":0.0,"Actual Total Time":0.0,"Actual Rows":0,"Actual Loops":0,"Output":["nation_1.n_nationkey","nation_1.n_regionkey"],"Shared Hit Blocks":0,"Shared Read Blocks":0,"Shared Dirtied Blocks":0,"Shared Written Blocks":0,"Local Hit Blocks":0,"Local Read Blocks":0,"Local Dirtied Blocks":0,"Local Written Blocks":0,"Temp Read Blocks":0,"Temp Written Blocks":0,"I/O Read Time":0.0,"I/O Write Time":0.0,"Temp I/O Read Time":0.0,"Temp I/O Write Time":0.0}]}]}]},{"Node Type":"Hash","Parent Relationship":"Inner","Parallel Aware":false,"Async Capable":false,"Startup Cost":1.06,"Total Cost":1.06,"Plan Rows":1,"Plan Width":4,"Actual Startup Time":0.012,"Actual Total Time":0.013,"Actual Rows":1,"Actual Loops":1,"Output":["region_1.r_regionkey"],"Hash Buckets":1024,"Original Hash Buckets":1024,"Hash Batches":1,"Original Hash Batches":1,"Peak Memory Usage":9,"Shared Hit Blocks":1,"Shared Read Blocks":0,"Shared Dirtied Blocks":0,"Shared Written Blocks":0,"Local Hit Blocks":0,"Local Read Blocks":0,"Local Dirtied Blocks":0,"Local Written Blocks":0,"Temp Read Blocks":0,"Temp Written Blocks":0,"I/O Read Time":0.0,"I/O Write Time":0.0,"Temp I/O Read Time":0.0,"Temp I/O Write Time":0.0,"Plans":[{"Node Type":"Seq Scan","Parent Relationship":"Outer","Parallel Aware":false,"Async Capable":false,"Relation Name":"region","Schema":"public","Alias":"region_1","Startup Cost":0.0,"Total Cost":1.06,"Plan Rows":1,"Plan Width":4,"Actual Startup Time":0.007,"Actual Total Time":0.008,"Actual Rows":1,"Actual Loops":1,"Output":["region_1.r_regionkey"],"Filter":"((region_1.r_name)::text ~~ 'Europ%'::text)","Rows Removed by Filter":4,"Shared Hit Blocks":1,"Shared Read Blocks":0,"Shared Dirtied Blocks":0,"Shared Written Blocks":0,"Local Hit Blocks":0,"Local Read Blocks":0,"Local Dirtied Blocks":0,"Local Written Blocks":0,"Temp Read Blocks":0,"Temp Written Blocks":0,"I/O Read Time":0.0,"I/O Write Time":0.0,"Temp I/O Read Time":0.0,"Temp I/O Write Time":0.0}]}]}]}]}]}]}]},{"Node Type":"Index Scan","Parent Relationship":"Inner","Parallel Aware":false,"Async Capable":false,"Scan Direction":"Forward","Index Name":"supplier_pk","Relation Name":"supplier","Schema":"public","Alias":"supplier","Startup Cost":0.29,"Total Cost":3.25,"Plan Rows":1,"Plan Width":131,"Actual Startup Time":0.002,"Actual Total Time":0.002,"Actual Rows":1,"Actual Loops":4450,"Output":["supplier.su_suppkey","supplier.su_name","supplier.su_address","supplier.su_nationkey","supplier.su_phone","supplier.su_acctbal","supplier.su_comment"],"Index Cond":"(supplier.su_suppkey = mod((stock.s_w_id * stock.s_i_id), 10000))","Rows Removed by Index Recheck":0,"Shared Hit Blocks":13350,"Shared Read Blocks":0,"Shared Dirtied Blocks":0,"Shared Written Blocks":0,"Local Hit Blocks":0,"Local Read Blocks":0,"Local Dirtied Blocks":0,"Local Written Blocks":0,"Temp Read Blocks":0,"Temp Written Blocks":0,"I/O Read Time":0.0,"I/O Write Time":0.0,"Temp I/O Read Time":0.0,"Temp I/O Write Time":0.0}]},{"Node Type":"Index Scan","Parent Relationship":"Inner","Parallel Aware":false,"Async Capable":false,"Scan Direction":"Forward","Index Name":"nation_pk","Relation Name":"nation","Schema":"public","Alias":"nation","Startup Cost":0.14,"Total Cost":0.16,"Plan Rows":1,"Plan Width":16,"Actual Startup Time":0.001,"Actual Total Time":0.001,"Actual Rows":1,"Actual Loops":4450,"Output":["nation.n_nationkey","nation.n_name","nation.n_regionkey","nation.n_comment"],"Index Cond":"(nation.n_nationkey = supplier.su_nationkey)","Rows Removed by Index Recheck":0,"Shared Hit Blocks":8900,"Shared Read Blocks":0,"Shared Dirtied Blocks":0,"Shared Written Blocks":0,"Local Hit Blocks":0,"Local Read Blocks":0,"Local Dirtied Blocks":0,"Local Written Blocks":0,"Temp Read Blocks":0,"Temp Written Blocks":0,"I/O Read Time":0.0,"I/O Write Time":0.0,"Temp I/O Read Time":0.0,"Temp I/O Write Time":0.0}]},{"Node Type":"Hash","Parent Relationship":"Inner","Parallel Aware":false,"Async Capable":false,"Startup Cost":1.06,"Total Cost":1.06,"Plan Rows":1,"Plan Width":4,"Actual Startup Time":0.023,"Actual Total Time":0.024,"Actual Rows":1,"Actual Loops":1,"Output":["region.r_regionkey"],"Hash Buckets":1024,"Original Hash Buckets":1024,"Hash Batches":1,"Original Hash Batches":1,"Peak Memory Usage":9,"Shared Hit Blocks":1,"Shared Read Blocks":0,"Shared Dirtied Blocks":0,"Shared Written Blocks":0,"Local Hit Blocks":0,"Local Read Blocks":0,"Local Dirtied Blocks":0,"Local Written Blocks":0,"Temp Read Blocks":0,"Temp Written Blocks":0,"I/O Read Time":0.0,"I/O Write Time":0.0,"Temp I/O Read Time":0.0,"Temp I/O Write Time":0.0,"Plans":[{"Node Type":"Seq Scan","Parent Relationship":"Outer","Parallel Aware":false,"Async Capable":false,"Relation Name":"region","Schema":"public","Alias":"region","Startup Cost":0.0,"Total Cost":1.06,"Plan Rows":1,"Plan Width":4,"Actual Startup Time":0.013,"Actual Total Time":0.013,"Actual Rows":1,"Actual Loops":1,"Output":["region.r_regionkey"],"Filter":"((region.r_name)::text ~~ 'Europ%'::text)","Rows Removed by Filter":4,"Shared Hit Blocks":1,"Shared Read Blocks":0,"Shared Dirtied Blocks":0,"Shared Written Blocks":0,"Local Hit Blocks":0,"Local Read Blocks":0,"Local Dirtied Blocks":0,"Local Written Blocks":0,"Temp Read Blocks":0,"Temp Written Blocks":0,"I/O Read Time":0.0,"I/O Write Time":0.0,"Temp I/O Read Time":0.0,"Temp I/O Write Time":0.0}]}]}]},"Planning":{"Shared Hit Blocks":36,"Shared Read Blocks":0,"Shared Dirtied Blocks":0,"Shared Written Blocks":0,"Local Hit Blocks":0,"Local Read Blocks":0,"Local Dirtied Blocks":0,"Local Written Blocks":0,"Temp Read Blocks":0,"Temp Written Blocks":0,"I/O Read Time":0.0,"I/O Write Time":0.0,"Temp I/O Read Time":0.0,"Temp I/O Write Time":0.0},"Planning Time":2.291,"Triggers":[],"Execution Time":9565.875}]
[列存组合]: region, stock, supplier
[{"Plan":{"Node Type":"Sort","Parallel Aware":false,"Async Capable":false,"Startup Cost":1923345.9,"Total Cost":1923345.9,"Plan Rows":2,"Plan Width":164,"Actual Startup Time":9560.568,"Actual Total Time":9560.684,"Actual Rows":2295,"Actual Loops":1,"Output":["supplier.su_suppkey","supplier.su_name","nation.n_name","item.i_id","item.i_name","supplier.su_address","supplier.su_phone","supplier.su_comment"],"Sort Key":["nation.n_name","supplier.su_name","item.i_id"],"Sort Method":"quicksort","Sort Space Used":568,"Sort Space Type":"Memory","Shared Hit Blocks":23618,"Shared Read Blocks":0,"Shared Dirtied Blocks":0,"Shared Written Blocks":0,"Local Hit Blocks":0,"Local Read Blocks":0,"Local Dirtied Blocks":0,"Local Written Blocks":0,"Temp Read Blocks":8330,"Temp Written Blocks":14781,"I/O Read Time":0.0,"I/O Write Time":0.0,"Temp I/O Read Time":12.417,"Temp I/O Write Time":47.76,"Plans":[{"Node Type":"Hash Join","Parent Relationship":"Outer","Parallel Aware":false,"Async Capable":false,"Join Type":"Inner","Startup Cost":857687.42,"Total Cost":1923345.89,"Plan Rows":2,"Plan Width":164,"Actual Startup Time":8745.545,"Actual Total Time":9556.161,"Actual Rows":2295,"Actual Loops":1,"Output":["supplier.su_suppkey","supplier.su_name","nation.n_name","item.i_id","item.i_name","supplier.su_address","supplier.su_phone","supplier.su_comment"],"Inner Unique":true,"Hash Cond":"(nation.n_regionkey = region.r_regionkey)","Shared Hit Blocks":23618,"Shared Read Blocks":0,"Shared Dirtied Blocks":0,"Shared Written Blocks":0,"Local Hit Blocks":0,"Local Read Blocks":0,"Local Dirtied Blocks":0,"Local Written Blocks":0,"Temp Read Blocks":8330,"Temp Written Blocks":14781,"I/O Read Time":0.0,"I/O Write Time":0.0,"Temp I/O Read Time":12.417,"Temp I/O Write Time":47.76,"Plans":[{"Node Type":"Nested Loop","Parent Relationship":"Outer","Parallel Aware":false,"Async Capable":false,"Join Type":"Inner","Startup Cost":857686.35,"Total Cost":1923344.77,"Plan Rows":10,"Plan Width":168,"Actual Startup Time":8745.478,"Actual Total Time":9555.254,"Actual Rows":4450,"Actual Loops":1,"Output":["item.i_id","item.i_name","supplier.su_suppkey","supplier.su_name","supplier.su_address","supplier.su_phone","supplier.su_comment","nation.n_name","nation.n_regionkey"],"Inner Unique":true,"Shared Hit Blocks":23617,"Shared Read Blocks":0,"Shared Dirtied Blocks":0,"Shared Written Blocks":0,"Local Hit Blocks":0,"Local Read Blocks":0,"Local Dirtied Blocks":0,"Local Written Blocks":0,"Temp Read Blocks":8330,"Temp Written Blocks":14781,"I/O Read Time":0.0,"I/O Write Time":0.0,"Temp I/O Read Time":12.417,"Temp I/O Write Time":47.76,"Plans":[{"Node Type":"Nested Loop","Parent Relationship":"Outer","Parallel Aware":false,"Async Capable":false,"Join Type":"Inner","Startup Cost":857686.21,"Total Cost":1923343.18,"Plan Rows":10,"Plan Width":160,"Actual Startup Time":8745.46,"Actual Total Time":9550.039,"Actual Rows":4450,"Actual Loops":1,"Output":["item.i_id","item.i_name","supplier.su_suppkey","supplier.su_name","supplier.su_address","supplier.su_phone","supplier.su_comment","supplier.su_nationkey"],"Inner Unique":true,"Shared Hit Blocks":14717,"Shared Read Blocks":0,"Shared Dirtied Blocks":0,"Shared Written Blocks":0,"Local Hit Blocks":0,"Local Read Blocks":0,"Local Dirtied Blocks":0,"Local Written Blocks":0,"Temp Read Blocks":8330,"Temp Written Blocks":14781,"I/O Read Time":0.0,"I/O Write Time":0.0,"Temp I/O Read Time":12.417,"Temp I/O Write Time":47.76,"Plans":[{"Node Type":"Hash Join","Parent Relationship":"Outer","Parallel Aware":false,"Async Capable":false,"Join Type":"Inner","Startup Cost":857685.92,"Total Cost":1923310.69,"Plan Rows":10,"Plan Width":35,"Actual Startup Time":8745.408,"Actual Total Time":9538.485,"Actual Rows":4450,"Actual Loops":1,"Output":["item.i_id","item.i_name","stock.s_i_id","stock.s_w_id"],"Inner Unique":true,"Hash Cond":"((item.i_id = stock_1.s_i_id) AND (stock.s_quantity = (min(stock_1.s_quantity))))","Shared Hit Blocks":1367,"Shared Read Blocks":0,"Shared Dirtied Blocks":0,"Shared Written Blocks":0,"Local Hit Blocks":0,"Local Read Blocks":0,"Local Dirtied Blocks":0,"Local Written Blocks":0,"Temp Read Blocks":8330,"Temp Written Blocks":14781,"I/O Read Time":0.0,"I/O Write Time":0.0,"Temp I/O Read Time":12.417,"Temp I/O Write Time":47.76,"Plans":[{"Node Type":"Hash Join","Parent Relationship":"Outer","Parallel Aware":false,"Async Capable":false,"Join Type":"Inner","Startup Cost":2635.12,"Total Cost":1068249.4,"Plan Rows":2000,"Plan Width":37,"Actual Startup Time":16.855,"Actual Total Time":759.739,"Actual Rows":314400,"Actual Loops":1,"Output":["item.i_id","item.i_name","stock.s_i_id","stock.s_w_id","stock.s_quantity"],"Inner Unique":true,"Hash Cond":"(stock.s_i_id = item.i_id)","Shared Hit Blocks":1365,"Shared Read Blocks":0,"Shared Dirtied Blocks":0,"Shared Written Blocks":0,"Local Hit Blocks":0,"Local Read Blocks":0,"Local Dirtied Blocks":0,"Local Written Blocks":0,"Temp Read Blocks":0,"Temp Written Blocks":0,"I/O Read Time":0.0,"I/O Write Time":0.0,"Temp I/O Read Time":0.0,"Temp I/O Write Time":0.0,"Plans":[{"Node Type":"Append","Parent Relationship":"Outer","Parallel Aware":false,"Async Capable":false,"Startup Cost":20.0,"Total Cost":1013131.49,"Plan Rows":20000212,"Plan Width":8,"Actual Startup Time":1.444,"Actual Total Time":685.012,"Actual Rows":314400,"Actual Loops":1,"Shared Hit Blocks":0,"Shared Read Blocks":0,"Shared Dirtied Blocks":0,"Shared Written Blocks":0,"Local Hit Blocks":0,"Local Read Blocks":0,"Local Dirtied Blocks":0,"Local Written Blocks":0,"Temp Read Blocks":0,"Temp Written Blocks":0,"I/O Read Time":0.0,"I/O Write Time":0.0,"Temp I/O Read Time":0.0,"Temp I/O Write Time":0.0,"Subplans Removed":0,"Plans":[{"Node Type":"Custom Scan","Parent Relationship":"Member","Custom Plan Provider":"columnar scan","Parallel Aware":false,"Async Capable":false,"Relation Name":"stock","Schema":"public","Alias":"stock","Startup Cost":20.0,"Total Cost":430020.1,"Plan Rows":20000000,"Plan Width":8,"Actual Startup Time":1.442,"Actual Total Time":662.863,"Actual Rows":314400,"Actual Loops":1,"Output":["stock.s_i_id","stock.s_w_id","stock.s_quantity"],"Rows Removed by Columnar Filter":19685600,"Rows Filtered by Bloom Filter":0,"Dictionary Rows Filtered by Bloom Filter":19685600,"Columnar cache search mode":"native","Shared Hit Blocks":0,"Shared Read Blocks":0,"Shared Dirtied Blocks":0,"Shared Written Blocks":0,"Local Hit Blocks":0,"Local Read Blocks":0,"Local Dirtied Blocks":0,"Local Written Blocks":0,"Temp Read Blocks":0,"Temp Written Blocks":0,"I/O Read Time":0.0,"I/O Write Time":0.0,"Temp I/O Read Time":0.0,"Temp I/O Write Time":0.0},{"Node Type":"Seq Scan","Parent Relationship":"Member","Parallel Aware":false,"Async Capable":false,"Relation Name":"stock","Schema":"public","Alias":"stock","Startup Cost":0.0,"Total Cost":6.12,"Plan Rows":212,"Plan Width":8,"Actual Startup Time":0.0,"Actual Total Time":0.0,"Actual Rows":0,"Actual Loops":0,"Output":["stock.s_i_id","stock.s_w_id","stock.s_quantity"],"Shared Hit Blocks":0,"Shared Read Blocks":0,"Shared Dirtied Blocks":0,"Shared Written Blocks":0,"Local Hit Blocks":0,"Local Read Blocks":0,"Local Dirtied Blocks":0,"Local Written Blocks":0,"Temp Read Blocks":0,"Temp Written Blocks":0,"I/O Read Time":0.0,"I/O Write Time":0.0,"Temp I/O Read Time":0.0,"Temp I/O Write Time":0.0}]},{"Node Type":"Hash","Parent Relationship":"Inner","Parallel Aware":false,"Async Capable":false,"Startup Cost":2615.0,"Total Cost":2615.0,"Plan Rows":10,"Plan Width":29,"Actual Startup Time":15.1,"Actual Total Time":15.102,"Actual Rows":1572,"Actual Loops":1,"Output":["item.i_id","item.i_name"],"Hash Buckets":2048,"Original Hash Buckets":1024,"Hash Batches":1,"Original Hash Batches":1,"Peak Memory Usage":110,"Shared Hit Blocks":1365,"Shared Read Blocks":0,"Shared Dirtied Blocks":0,"Shared Written Blocks":0,"Local Hit Blocks":0,"Local Read Blocks":0,"Local Dirtied Blocks":0,"Local Written Blocks":0,"Temp Read Blocks":0,"Temp Written Blocks":0,"I/O Read Time":0.0,"I/O Write Time":0.0,"Temp I/O Read Time":0.0,"Temp I/O Write Time":0.0,"Plans":[{"Node Type":"Seq Scan","Parent Relationship":"Outer","Parallel Aware":false,"Async Capable":false,"Relation Name":"item","Schema":"public","Alias":"item","Startup Cost":0.0,"Total Cost":2615.0,"Plan Rows":10,"Plan Width":29,"Actual Startup Time":0.012,"Actual Total Time":14.588,"Actual Rows":1572,"Actual Loops":1,"Output":["item.i_id","item.i_name"],"Filter":"((item.i_data)::text ~~ '%b'::text)","Rows Removed by Filter":98428,"Shared Hit Blocks":1365,"Shared Read Blocks":0,"Shared Dirtied Blocks":0,"Shared Written Blocks":0,"Local Hit Blocks":0,"Local Read Blocks":0,"Local Dirtied Blocks":0,"Local Written Blocks":0,"Temp Read Blocks":0,"Temp Written Blocks":0,"I/O Read Time":0.0,"I/O Write Time":0.0,"Temp I/O Read Time":0.0,"Temp I/O Write Time":0.0}]}]},{"Node Type":"Hash","Parent Relationship":"Inner","Parallel Aware":false,"Async Capable":false,"Startup Cost":853565.31,"Total Cost":853565.31,"Plan Rows":99032,"Plan Width":6,"Actual Startup Time":8728.324,"Actual Total Time":8728.343,"Actual Rows":100000,"Actual Loops":1,"Output":["stock_1.s_i_id","(min(stock_1.s_quantity))"],"Hash Buckets":131072,"Original Hash Buckets":131072,"Hash Batches":1,"Original Hash Batches":1,"Peak Memory Usage":4735,"Shared Hit Blocks":2,"Shared Read Blocks":0,"Shared Dirtied Blocks":0,"Shared Written Blocks":0,"Local Hit Blocks":0,"Local Read Blocks":0,"Local Dirtied Blocks":0,"Local Written Blocks":0,"Temp Read Blocks":8330,"Temp Written Blocks":14781,"I/O Read Time":0.0,"I/O Write Time":0.0,"Temp I/O Read Time":12.417,"Temp I/O Write Time":47.76,"Plans":[{"Node Type":"Aggregate","Strategy":"Hashed","Partial Mode":"Simple","Parent Relationship":"Outer","Parallel Aware":false,"Async Capable":false,"Startup Cost":820334.35,"Total Cost":852574.99,"Plan Rows":99032,"Plan Width":6,"Actual Startup Time":8381.173,"Actual Total Time":8712.41,"Actual Rows":100000,"Actual Loops":1,"Output":["stock_1.s_i_id","min(stock_1.s_quantity)"],"Group Key":["stock_1.s_i_id"],"Planned Partitions":0,"HashAgg Batches":5,"Peak Memory Usage":8241,"Disk Usage":68504,"Shared Hit Blocks":2,"Shared Read Blocks":0,"Shared Dirtied Blocks":0,"Shared Written Blocks":0,"Local Hit Blocks":0,"Local Read Blocks":0,"Local Dirtied Blocks":0,"Local Written Blocks":0,"Temp Read Blocks":8330,"Temp Written Blocks":14781,"I/O Read Time":0.0,"I/O Write Time":0.0,"Temp I/O Read Time":12.417,"Temp I/O Write Time":47.76,"Plans":[{"Node Type":"Hash Join","Parent Relationship":"Outer","Parallel Aware":false,"Async Capable":false,"Join Type":"Inner","Startup Cost":324.02,"Total Cost":595331.98,"Plan Rows":4000042,"Plan Width":6,"Actual Startup Time":2.234,"Actual Total Time":7054.503,"Actual Rows":6959700,"Actual Loops":1,"Output":["stock_1.s_i_id","stock_1.s_quantity"],"Inner Unique":false,"Hash Cond":"(mod((stock_1.s_w_id * stock_1.s_i_id), 10000) = supplier_1.su_suppkey)","Shared Hit Blocks":2,"Shared Read Blocks":0,"Shared Dirtied Blocks":0,"Shared Written Blocks":0,"Local Hit Blocks":0,"Local Read Blocks":0,"Local Dirtied Blocks":0,"Local Written Blocks":0,"Temp Read Blocks":0,"Temp Written Blocks":0,"I/O Read Time":0.0,"I/O Write Time":0.0,"Temp I/O Read Time":0.0,"Temp I/O Write Time":0.0,"Plans":[{"Node Type":"Append","Parent Relationship":"Outer","Parallel Aware":false,"Async Capable":false,"Startup Cost":20.0,"Total Cost":430026.22,"Plan Rows":20000212,"Plan Width":8,"Actual Startup Time":0.007,"Actual Total Time":4162.349,"Actual Rows":20000000,"Actual Loops":1,"Shared Hit Blocks":0,"Shared Read Blocks":0,"Shared Dirtied Blocks":0,"Shared Written Blocks":0,"Local Hit Blocks":0,"Local Read Blocks":0,"Local Dirtied Blocks":0,"Local Written Blocks":0,"Temp Read Blocks":0,"Temp Written Blocks":0,"I/O Read Time":0.0,"I/O Write Time":0.0,"Temp I/O Read Time":0.0,"Temp I/O Write Time":0.0,"Subplans Removed":0,"Plans":[{"Node Type":"Custom Scan","Parent Relationship":"Member","Custom Plan Provider":"columnar scan","Parallel Aware":false,"Async Capable":false,"Relation Name":"stock","Schema":"public","Alias":"stock_1","Startup Cost":20.0,"Total Cost":430020.1,"Plan Rows":20000000,"Plan Width":8,"Actual Startup Time":0.006,"Actual Total Time":2771.128,"Actual Rows":20000000,"Actual Loops":1,"Output":["stock_1.s_i_id","stock_1.s_quantity","stock_1.s_w_id"],"Rows Removed by Columnar Filter":0,"Columnar cache search mode":"native","Shared Hit Blocks":0,"Shared Read Blocks":0,"Shared Dirtied Blocks":0,"Shared Written Blocks":0,"Local Hit Blocks":0,"Local Read Blocks":0,"Local Dirtied Blocks":0,"Local Written Blocks":0,"Temp Read Blocks":0,"Temp Written Blocks":0,"I/O Read Time":0.0,"I/O Write Time":0.0,"Temp I/O Read Time":0.0,"Temp I/O Write Time":0.0},{"Node Type":"Seq Scan","Parent Relationship":"Member","Parallel Aware":false,"Async Capable":false,"Relation Name":"stock","Schema":"public","Alias":"stock_1","Startup Cost":0.0,"Total Cost":6.12,"Plan Rows":212,"Plan Width":8,"Actual Startup Time":0.0,"Actual Total Time":0.0,"Actual Rows":0,"Actual Loops":0,"Output":["stock_1.s_i_id","stock_1.s_quantity","stock_1.s_w_id"],"Shared Hit Blocks":0,"Shared Read Blocks":0,"Shared Dirtied Blocks":0,"Shared Written Blocks":0,"Local Hit Blocks":0,"Local Read Blocks":0,"Local Dirtied Blocks":0,"Local Written Blocks":0,"Temp Read Blocks":0,"Temp Written Blocks":0,"I/O Read Time":0.0,"I/O Write Time":0.0,"Temp I/O Read Time":0.0,"Temp I/O Write Time":0.0}]},{"Node Type":"Hash","Parent Relationship":"Inner","Parallel Aware":false,"Async Capable":false,"Startup Cost":279.02,"Total Cost":279.02,"Plan Rows":2000,"Plan Width":4,"Actual Startup Time":2.215,"Actual Total Time":2.228,"Actual Rows":3506,"Actual Loops":1,"Output":["supplier_1.su_suppkey"],"Hash Buckets":4096,"Original Hash Buckets":2048,"Hash Batches":1,"Original Hash Batches":1,"Peak Memory Usage":156,"Shared Hit Blocks":2,"Shared Read Blocks":0,"Shared Dirtied Blocks":0,"Shared Written Blocks":0,"Local Hit Blocks":0,"Local Read Blocks":0,"Local Dirtied Blocks":0,"Local Written Blocks":0,"Temp Read Blocks":0,"Temp Written Blocks":0,"I/O Read Time":0.0,"I/O Write Time":0.0,"Temp I/O Read Time":0.0,"Temp I/O Write Time":0.0,"Plans":[{"Node Type":"Hash Join","Parent Relationship":"Outer","Parallel Aware":false,"Async Capable":false,"Join Type":"Inner","Startup Cost":23.14,"Total Cost":279.02,"Plan Rows":2000,"Plan Width":4,"Actual Startup Time":0.489,"Actual Total Time":1.806,"Actual Rows":3506,"Actual Loops":1,"Output":["supplier_1.su_suppkey"],"Inner Unique":false,"Hash Cond":"(supplier_1.su_nationkey = nation_1.n_nationkey)","Shared Hit Blocks":2,"Shared Read Blocks":0,"Shared Dirtied Blocks":0,"Shared Written Blocks":0,"Local Hit Blocks":0,"Local Read Blocks":0,"Local Dirtied Blocks":0,"Local Written Blocks":0,"Temp Read Blocks":0,"Temp Written Blocks":0,"I/O Read Time":0.0,"I/O Write Time":0.0,"Temp I/O Read Time":0.0,"Temp I/O Write Time":0.0,"Plans":[{"Node Type":"Append","Parent Relationship":"Outer","Parallel Aware":false,"Async Capable":false,"Startup Cost":20.0,"Total Cost":219.01,"Plan Rows":10001,"Plan Width":8,"Actual Startup Time":0.085,"Actual Total Time":0.829,"Actual Rows":3506,"Actual Loops":1,"Shared Hit Blocks":0,"Shared Read Blocks":0,"Shared Dirtied Blocks":0,"Shared Written Blocks":0,"Local Hit Blocks":0,"Local Read Blocks":0,"Local Dirtied Blocks":0,"Local Written Blocks":0,"Temp Read Blocks":0,"Temp Written Blocks":0,"I/O Read Time":0.0,"I/O Write Time":0.0,"Temp I/O Read Time":0.0,"Temp I/O Write Time":0.0,"Subplans Removed":0,"Plans":[{"Node Type":"Custom Scan","Parent Relationship":"Member","Custom Plan Provider":"columnar scan","Parallel Aware":false,"Async Capable":false,"Relation Name":"supplier","Schema":"public","Alias":"supplier_1","Startup Cost":20.0,"Total Cost":215.0,"Plan Rows":10000,"Plan Width":8,"Actual Startup Time":0.084,"Actual Total Time":0.573,"Actual Rows":3506,"Actual Loops":1,"Output":["supplier_1.su_suppkey","supplier_1.su_nationkey"],"Rows Removed by Columnar Filter":6494,"Rows Filtered by Bloom Filter":0,"Dictionary Rows Filtered by Bloom Filter":6494,"Columnar cache search mode":"native","Shared Hit Blocks":0,"Shared Read Blocks":0,"Shared Dirtied Blocks":0,"Shared Written Blocks":0,"Local Hit Blocks":0,"Local Read Blocks":0,"Local Dirtied Blocks":0,"Local Written Blocks":0,"Temp Read Blocks":0,"Temp Written Blocks":0,"I/O Read Time":0.0,"I/O Write Time":0.0,"Temp I/O Read Time":0.0,"Temp I/O Write Time":0.0},{"Node Type":"Seq Scan","Parent Relationship":"Member","Parallel Aware":false,"Async Capable":false,"Relation Name":"supplier","Schema":"public","Alias":"supplier_1","Startup Cost":0.0,"Total Cost":4.01,"Plan Rows":1,"Plan Width":8,"Actual Startup Time":0.0,"Actual Total Time":0.0,"Actual Rows":0,"Actual Loops":0,"Output":["supplier_1.su_suppkey","supplier_1.su_nationkey"],"Shared Hit Blocks":0,"Shared Read Blocks":0,"Shared Dirtied Blocks":0,"Shared Written Blocks":0,"Local Hit Blocks":0,"Local Read Blocks":0,"Local Dirtied Blocks":0,"Local Written Blocks":0,"Temp Read Blocks":0,"Temp Written Blocks":0,"I/O Read Time":0.0,"I/O Write Time":0.0,"Temp I/O Read Time":0.0,"Temp I/O Write Time":0.0}]},{"Node Type":"Hash","Parent Relationship":"Inner","Parallel Aware":false,"Async Capable":false,"Startup Cost":2.99,"Total Cost":2.99,"Plan Rows":12,"Plan Width":4,"Actual Startup Time":0.041,"Actual Total Time":0.047,"Actual Rows":22,"Actual Loops":1,"Output":["nation_1.n_nationkey"],"Hash Buckets":1024,"Original Hash Buckets":1024,"Hash Batches":1,"Original Hash Batches":1,"Peak Memory Usage":9,"Shared Hit Blocks":2,"Shared Read Blocks":0,"Shared Dirtied Blocks":0,"Shared Written Blocks":0,"Local Hit Blocks":0,"Local Read Blocks":0,"Local Dirtied Blocks":0,"Local Written Blocks":0,"Temp Read Blocks":0,"Temp Written Blocks":0,"I/O Read Time":0.0,"I/O Write Time":0.0,"Temp I/O Read Time":0.0,"Temp I/O Write Time":0.0,"Plans":[{"Node Type":"Hash Join","Parent Relationship":"Outer","Parallel Aware":false,"Async Capable":false,"Join Type":"Inner","Startup Cost":1.07,"Total Cost":2.99,"Plan Rows":12,"Plan Width":4,"Actual Startup Time":0.024,"Actual Total Time":0.039,"Actual Rows":22,"Actual Loops":1,"Output":["nation_1.n_nationkey"],"Inner Unique":true,"Hash Cond":"(nation_1.n_regionkey = region_1.r_regionkey)","Shared Hit Blocks":2,"Shared Read Blocks":0,"Shared Dirtied Blocks":0,"Shared Written Blocks":0,"Local Hit Blocks":0,"Local Read Blocks":0,"Local Dirtied Blocks":0,"Local Written Blocks":0,"Temp Read Blocks":0,"Temp Written Blocks":0,"I/O Read Time":0.0,"I/O Write Time":0.0,"Temp I/O Read Time":0.0,"Temp I/O Write Time":0.0,"Plans":[{"Node Type":"Seq Scan","Parent Relationship":"Outer","Parallel Aware":false,"Async Capable":false,"Relation Name":"nation","Schema":"public","Alias":"nation_1","Startup Cost":0.0,"Total Cost":1.62,"Plan Rows":62,"Plan Width":8,"Actual Startup Time":0.005,"Actual Total Time":0.009,"Actual Rows":62,"Actual Loops":1,"Output":["nation_1.n_nationkey","nation_1.n_name","nation_1.n_regionkey","nation_1.n_comment"],"Shared Hit Blocks":1,"Shared Read Blocks":0,"Shared Dirtied Blocks":0,"Shared Written Blocks":0,"Local Hit Blocks":0,"Local Read Blocks":0,"Local Dirtied Blocks":0,"Local Written Blocks":0,"Temp Read Blocks":0,"Temp Written Blocks":0,"I/O Read Time":0.0,"I/O Write Time":0.0,"Temp I/O Read Time":0.0,"Temp I/O Write Time":0.0},{"Node Type":"Hash","Parent Relationship":"Inner","Parallel Aware":false,"Async Capable":false,"Startup Cost":1.06,"Total Cost":1.06,"Plan Rows":1,"Plan Width":4,"Actual Startup Time":0.006,"Actual Total Time":0.008,"Actual Rows":1,"Actual Loops":1,"Output":["region_1.r_regionkey"],"Hash Buckets":1024,"Original Hash Buckets":1024,"Hash Batches":1,"Original Hash Batches":1,"Peak Memory Usage":9,"Shared Hit Blocks":1,"Shared Read Blocks":0,"Shared Dirtied Blocks":0,"Shared Written Blocks":0,"Local Hit Blocks":0,"Local Read Blocks":0,"Local Dirtied Blocks":0,"Local Written Blocks":0,"Temp Read Blocks":0,"Temp Written Blocks":0,"I/O Read Time":0.0,"I/O Write Time":0.0,"Temp I/O Read Time":0.0,"Temp I/O Write Time":0.0,"Plans":[{"Node Type":"Seq Scan","Parent Relationship":"Outer","Parallel Aware":false,"Async Capable":false,"Relation Name":"region","Schema":"public","Alias":"region_1","Startup Cost":0.0,"Total Cost":1.06,"Plan Rows":1,"Plan Width":4,"Actual Startup Time":0.004,"Actual Total Time":0.004,"Actual Rows":1,"Actual Loops":1,"Output":["region_1.r_regionkey"],"Filter":"((region_1.r_name)::text ~~ 'Europ%'::text)","Rows Removed by Filter":4,"Shared Hit Blocks":1,"Shared Read Blocks":0,"Shared Dirtied Blocks":0,"Shared Written Blocks":0,"Local Hit Blocks":0,"Local Read Blocks":0,"Local Dirtied Blocks":0,"Local Written Blocks":0,"Temp Read Blocks":0,"Temp Written Blocks":0,"I/O Read Time":0.0,"I/O Write Time":0.0,"Temp I/O Read Time":0.0,"Temp I/O Write Time":0.0}]}]}]}]}]}]}]}]}]},{"Node Type":"Index Scan","Parent Relationship":"Inner","Parallel Aware":false,"Async Capable":false,"Scan Direction":"Forward","Index Name":"supplier_pk","Relation Name":"supplier","Schema":"public","Alias":"supplier","Startup Cost":0.29,"Total Cost":3.25,"Plan Rows":1,"Plan Width":131,"Actual Startup Time":0.002,"Actual Total Time":0.002,"Actual Rows":1,"Actual Loops":4450,"Output":["supplier.su_suppkey","supplier.su_name","supplier.su_address","supplier.su_nationkey","supplier.su_phone","supplier.su_acctbal","supplier.su_comment"],"Index Cond":"(supplier.su_suppkey = mod((stock.s_w_id * stock.s_i_id), 10000))","Rows Removed by Index Recheck":0,"Shared Hit Blocks":13350,"Shared Read Blocks":0,"Shared Dirtied Blocks":0,"Shared Written Blocks":0,"Local Hit Blocks":0,"Local Read Blocks":0,"Local Dirtied Blocks":0,"Local Written Blocks":0,"Temp Read Blocks":0,"Temp Written Blocks":0,"I/O Read Time":0.0,"I/O Write Time":0.0,"Temp I/O Read Time":0.0,"Temp I/O Write Time":0.0}]},{"Node Type":"Index Scan","Parent Relationship":"Inner","Parallel Aware":false,"Async Capable":false,"Scan Direction":"Forward","Index Name":"nation_pk","Relation Name":"nation","Schema":"public","Alias":"nation","Startup Cost":0.14,"Total Cost":0.16,"Plan Rows":1,"Plan Width":16,"Actual Startup Time":0.001,"Actual Total Time":0.001,"Actual Rows":1,"Actual Loops":4450,"Output":["nation.n_nationkey","nation.n_name","nation.n_regionkey","nation.n_comment"],"Index Cond":"(nation.n_nationkey = supplier.su_nationkey)","Rows Removed by Index Recheck":0,"Shared Hit Blocks":8900,"Shared Read Blocks":0,"Shared Dirtied Blocks":0,"Shared Written Blocks":0,"Local Hit Blocks":0,"Local Read Blocks":0,"Local Dirtied Blocks":0,"Local Written Blocks":0,"Temp Read Blocks":0,"Temp Written Blocks":0,"I/O Read Time":0.0,"I/O Write Time":0.0,"Temp I/O Read Time":0.0,"Temp I/O Write Time":0.0}]},{"Node Type":"Hash","Parent Relationship":"Inner","Parallel Aware":false,"Async Capable":false,"Startup Cost":1.06,"Total Cost":1.06,"Plan Rows":1,"Plan Width":4,"Actual Startup Time":0.018,"Actual Total Time":0.018,"Actual Rows":1,"Actual Loops":1,"Output":["region.r_regionkey"],"Hash Buckets":1024,"Original Hash Buckets":1024,"Hash Batches":1,"Original Hash Batches":1,"Peak Memory Usage":9,"Shared Hit Blocks":1,"Shared Read Blocks":0,"Shared Dirtied Blocks":0,"Shared Written Blocks":0,"Local Hit Blocks":0,"Local Read Blocks":0,"Local Dirtied Blocks":0,"Local Written Blocks":0,"Temp Read Blocks":0,"Temp Written Blocks":0,"I/O Read Time":0.0,"I/O Write Time":0.0,"Temp I/O Read Time":0.0,"Temp I/O Write Time":0.0,"Plans":[{"Node Type":"Seq Scan","Parent Relationship":"Outer","Parallel Aware":false,"Async Capable":false,"Relation Name":"region","Schema":"public","Alias":"region","Startup Cost":0.0,"Total Cost":1.06,"Plan Rows":1,"Plan Width":4,"Actual Startup Time":0.014,"Actual Total Time":0.014,"Actual Rows":1,"Actual Loops":1,"Output":["region.r_regionkey"],"Filter":"((region.r_name)::text ~~ 'Europ%'::text)","Rows Removed by Filter":4,"Shared Hit Blocks":1,"Shared Read Blocks":0,"Shared Dirtied Blocks":0,"Shared Written Blocks":0,"Local Hit Blocks":0,"Local Read Blocks":0,"Local Dirtied Blocks":0,"Local Written Blocks":0,"Temp Read Blocks":0,"Temp Written Blocks":0,"I/O Read Time":0.0,"I/O Write Time":0.0,"Temp I/O Read Time":0.0,"Temp I/O Write Time":0.0}]}]}]},"Planning":{"Shared Hit Blocks":36,"Shared Read Blocks":0,"Shared Dirtied Blocks":0,"Shared Written Blocks":0,"Local Hit Blocks":0,"Local Read Blocks":0,"Local Dirtied Blocks":0,"Local Written Blocks":0,"Temp Read Blocks":0,"Temp Written Blocks":0,"I/O Read Time":0.0,"I/O Write Time":0.0,"Temp I/O Read Time":0.0,"Temp I/O Write Time":0.0},"Planning Time":2.313,"Triggers":[],"Execution Time":9575.3}]
[列存组合]: item, nation, region, stock
[{"Plan":{"Node Type":"Sort","Parallel Aware":false,"Async Capable":false,"Startup Cost":899789.96,"Total Cost":899789.96,"Plan Rows":2,"Plan Width":164,"Actual Startup Time":9039.572,"Actual Total Time":9039.7,"Actual Rows":2295,"Actual Loops":1,"Output":["supplier.su_suppkey","supplier.su_name","nation.n_name","item.i_id","item.i_name","supplier.su_address","supplier.su_phone","supplier.su_comment"],"Sort Key":["nation.n_name","supplier.su_name","item.i_id"],"Sort Method":"quicksort","Sort Space Used":568,"Sort Space Type":"Memory","Shared Hit Blocks":22470,"Shared Read Blocks":0,"Shared Dirtied Blocks":0,"Shared Written Blocks":0,"Local Hit Blocks":0,"Local Read Blocks":0,"Local Dirtied Blocks":0,"Local Written Blocks":0,"Temp Read Blocks":8330,"Temp Written Blocks":14781,"I/O Read Time":0.0,"I/O Write Time":0.0,"Temp I/O Read Time":13.108,"Temp I/O Write Time":50.571,"Plans":[{"Node Type":"Hash Join","Parent Relationship":"Outer","Parallel Aware":false,"Async Capable":false,"Join Type":"Inner","Startup Cost":855194.32,"Total Cost":899789.95,"Plan Rows":2,"Plan Width":164,"Actual Startup Time":8829.622,"Actual Total Time":9035.077,"Actual Rows":2295,"Actual Loops":1,"Output":["supplier.su_suppkey","supplier.su_name","nation.n_name","item.i_id","item.i_name","supplier.su_address","supplier.su_phone","supplier.su_comment"],"Hash Cond":"(nation.n_regionkey = region.r_regionkey)","Shared Hit Blocks":22470,"Shared Read Blocks":0,"Shared Dirtied Blocks":0,"Shared Written Blocks":0,"Local Hit Blocks":0,"Local Read Blocks":0,"Local Dirtied Blocks":0,"Local Written Blocks":0,"Temp Read Blocks":8330,"Temp Written Blocks":14781,"I/O Read Time":0.0,"I/O Write Time":0.0,"Temp I/O Read Time":13.108,"Temp I/O Write Time":50.571,"Plans":[{"Node Type":"Nested Loop","Parent Relationship":"Outer","Parallel Aware":false,"Async Capable":false,"Join Type":"Inner","Startup Cost":855193.24,"Total Cost":899788.82,"Plan Rows":10,"Plan Width":168,"Actual Startup Time":8829.556,"Actual Total Time":9034.283,"Actual Rows":4450,"Actual Loops":1,"Output":["item.i_id","item.i_name","supplier.su_suppkey","supplier.su_name","supplier.su_address","supplier.su_phone","supplier.su_comment","nation.n_name","nation.n_regionkey"],"Shared Hit Blocks":22469,"Shared Read Blocks":0,"Shared Dirtied Blocks":0,"Shared Written Blocks":0,"Local Hit Blocks":0,"Local Read Blocks":0,"Local Dirtied Blocks":0,"Local Written Blocks":0,"Temp Read Blocks":8330,"Temp Written Blocks":14781,"I/O Read Time":0.0,"I/O Write Time":0.0,"Temp I/O Read Time":13.108,"Temp I/O Write Time":50.571,"Plans":[{"Node Type":"Nested Loop","Parent Relationship":"Outer","Parallel Aware":false,"Async Capable":false,"Join Type":"Inner","Startup Cost":855193.1,"Total Cost":899787.24,"Plan Rows":10,"Plan Width":160,"Actual Startup Time":8829.538,"Actual Total Time":9029.354,"Actual Rows":4450,"Actual Loops":1,"Output":["item.i_id","item.i_name","supplier.su_suppkey","supplier.su_name","supplier.su_address","supplier.su_phone","supplier.su_comment","supplier.su_nationkey"],"Shared Hit Blocks":13569,"Shared Read Blocks":0,"Shared Dirtied Blocks":0,"Shared Written Blocks":0,"Local Hit Blocks":0,"Local Read Blocks":0,"Local Dirtied Blocks":0,"Local Written Blocks":0,"Temp Read Blocks":8330,"Temp Written Blocks":14781,"I/O Read Time":0.0,"I/O Write Time":0.0,"Temp I/O Read Time":13.108,"Temp I/O Write Time":50.571,"Plans":[{"Node Type":"Hash Join","Parent Relationship":"Outer","Parallel Aware":false,"Async Capable":false,"Join Type":"Inner","Startup Cost":855192.81,"Total Cost":899754.75,"Plan Rows":10,"Plan Width":35,"Actual Startup Time":8829.485,"Actual Total Time":9020.369,"Actual Rows":4450,"Actual Loops":1,"Output":["item.i_id","item.i_name","stock.s_i_id","stock.s_w_id"],"Hash Cond":"((item.i_id = stock_1.s_i_id) AND (stock.s_quantity = (min(stock_1.s_quantity))))","Shared Hit Blocks":219,"Shared Read Blocks":0,"Shared Dirtied Blocks":0,"Shared Written Blocks":0,"Local Hit Blocks":0,"Local Read Blocks":0,"Local Dirtied Blocks":0,"Local Written Blocks":0,"Temp Read Blocks":8330,"Temp Written Blocks":14781,"I/O Read Time":0.0,"I/O Write Time":0.0,"Temp I/O Read Time":13.108,"Temp I/O Write Time":50.571,"Plans":[{"Node Type":"Hash Join","Parent Relationship":"Outer","Parallel Aware":false,"Async Capable":false,"Join Type":"Inner","Startup Cost":44.04,"Total Cost":44595.48,"Plan Rows":2000,"Plan Width":37,"Actual Startup Time":42.144,"Actual Total Time":193.599,"Actual Rows":314400,"Actual Loops":1,"Output":["item.i_id","item.i_name","stock.s_i_id","stock.s_w_id","stock.s_quantity"],"Hash Cond":"(stock.s_i_id = item.i_id)","Rows Removed by Bloom Filter":58505694,"Shared Hit Blocks":0,"Shared Read Blocks":0,"Shared Dirtied Blocks":0,"Shared Written Blocks":0,"Local Hit Blocks":0,"Local Read Blocks":0,"Local Dirtied Blocks":0,"Local Written Blocks":0,"Temp Read Blocks":0,"Temp Written Blocks":0,"I/O Read Time":0.0,"I/O Write Time":0.0,"Temp I/O Read Time":0.0,"Temp I/O Write Time":0.0,"Plans":[{"Node Type":"Append","Parent Relationship":"Outer","Parallel Aware":false,"Async Capable":false,"Startup Cost":20.0,"Total Cost":430026.22,"Plan Rows":20000212,"Plan Width":8,"Actual Startup Time":0.293,"Actual Total Time":0.298,"Actual Rows":20000000,"Actual Loops":1,"Shared Hit Blocks":0,"Shared Read Blocks":0,"Shared Dirtied Blocks":0,"Shared Written Blocks":0,"Local Hit Blocks":0,"Local Read Blocks":0,"Local Dirtied Blocks":0,"Local Written Blocks":0,"Temp Read Blocks":0,"Temp Written Blocks":0,"I/O Read Time":0.0,"I/O Write Time":0.0,"Temp I/O Read Time":0.0,"Temp I/O Write Time":0.0,"Subplans Removed":0,"Plans":[{"Node Type":"Custom Scan","Parent Relationship":"Member","Custom Plan Provider":"columnar scan","Parallel Aware":false,"Async Capable":false,"Relation Name":"stock","Schema":"public","Alias":"stock","Startup Cost":20.0,"Total Cost":430020.1,"Plan Rows":20000000,"Plan Width":8,"Actual Startup Time":0.293,"Actual Total Time":0.294,"Actual Rows":20000000,"Actual Loops":1,"Output":["stock.s_i_id","stock.s_w_id","stock.s_quantity"],"Rows Removed by Columnar Filter":0,"Columnar cache search mode":"native","Shared Hit Blocks":0,"Shared Read Blocks":0,"Shared Dirtied Blocks":0,"Shared Written Blocks":0,"Local Hit Blocks":0,"Local Read Blocks":0,"Local Dirtied Blocks":0,"Local Written Blocks":0,"Temp Read Blocks":0,"Temp Written Blocks":0,"I/O Read Time":0.0,"I/O Write Time":0.0,"Temp I/O Read Time":0.0,"Temp I/O Write Time":0.0},{"Node Type":"Seq Scan","Parent Relationship":"Member","Parallel Aware":false,"Async Capable":false,"Relation Name":"stock","Schema":"public","Alias":"stock","Startup Cost":0.0,"Total Cost":6.12,"Plan Rows":212,"Plan Width":8,"Actual Startup Time":0.0,"Actual Total Time":0.0,"Actual Rows":0,"Actual Loops":0,"Output":["stock.s_i_id","stock.s_w_id","stock.s_quantity"],"Shared Hit Blocks":0,"Shared Read Blocks":0,"Shared Dirtied Blocks":0,"Shared Written Blocks":0,"Local Hit Blocks":0,"Local Read Blocks":0,"Local Dirtied Blocks":0,"Local Written Blocks":0,"Temp Read Blocks":0,"Temp Written Blocks":0,"I/O Read Time":0.0,"I/O Write Time":0.0,"Temp I/O Read Time":0.0,"Temp I/O Write Time":0.0}]},{"Node Type":"Hash","Parent Relationship":"Inner","Parallel Aware":false,"Async Capable":false,"Startup Cost":24.21,"Total Cost":24.21,"Plan Rows":11,"Plan Width":29,"Actual Rows":1572,"Actual Loops":1,"Output":["item.i_id","item.i_name"],"Shared Hit Blocks":0,"Shared Read Blocks":0,"Shared Dirtied Blocks":0,"Shared Written Blocks":0,"Local Hit Blocks":0,"Local Read Blocks":0,"Local Dirtied Blocks":0,"Local Written Blocks":0,"Temp Read Blocks":0,"Temp Written Blocks":0,"I/O Read Time":0.0,"I/O Write Time":0.0,"Temp I/O Read Time":0.0,"Temp I/O Write Time":0.0,"Plans":[{"Node Type":"Append","Parent Relationship":"Outer","Parallel Aware":false,"Async Capable":false,"Startup Cost":20.0,"Total Cost":24.21,"Plan Rows":11,"Plan Width":29,"Actual Startup Time":7.225,"Actual Total Time":7.227,"Actual Rows":1572,"Actual Loops":1,"Shared Hit Blocks":0,"Shared Read Blocks":0,"Shared Dirtied Blocks":0,"Shared Written Blocks":0,"Local Hit Blocks":0,"Local Read Blocks":0,"Local Dirtied Blocks":0,"Local Written Blocks":0,"Temp Read Blocks":0,"Temp Written Blocks":0,"I/O Read Time":0.0,"I/O Write Time":0.0,"Temp I/O Read Time":0.0,"Temp I/O Write Time":0.0,"Subplans Removed":0,"Plans":[{"Node Type":"Custom Scan","Parent Relationship":"Member","Custom Plan Provider":"columnar scan","Parallel Aware":false,"Async Capable":false,"Relation Name":"item","Schema":"public","Alias":"item","Startup Cost":20.0,"Total Cost":20.2,"Plan Rows":10,"Plan Width":29,"Actual Startup Time":7.223,"Actual Total Time":7.223,"Actual Rows":1572,"Actual Loops":1,"Output":["item.i_id","item.i_name"],"Filter":"((item.i_data)::text ~~ '%b'::text)","Rows Removed by Filter":0,"Rows Removed by Columnar Filter":98428,"Columnar cache search mode":"native","Shared Hit Blocks":0,"Shared Read Blocks":0,"Shared Dirtied Blocks":0,"Shared Written Blocks":0,"Local Hit Blocks":0,"Local Read Blocks":0,"Local Dirtied Blocks":0,"Local Written Blocks":0,"Temp Read Blocks":0,"Temp Written Blocks":0,"I/O Read Time":0.0,"I/O Write Time":0.0,"Temp I/O Read Time":0.0,"Temp I/O Write Time":0.0},{"Node Type":"Seq Scan","Parent Relationship":"Member","Parallel Aware":false,"Async Capable":false,"Relation Name":"item","Schema":"public","Alias":"item","Startup Cost":0.0,"Total Cost":4.01,"Plan Rows":1,"Plan Width":29,"Actual Startup Time":0.0,"Actual Total Time":0.0,"Actual Rows":0,"Actual Loops":0,"Output":["item.i_id","item.i_name"],"Filter":"((item.i_data)::text ~~ '%b'::text)","Rows Removed by Filter":0,"Shared Hit Blocks":0,"Shared Read Blocks":0,"Shared Dirtied Blocks":0,"Shared Written Blocks":0,"Local Hit Blocks":0,"Local Read Blocks":0,"Local Dirtied Blocks":0,"Local Written Blocks":0,"Temp Read Blocks":0,"Temp Written Blocks":0,"I/O Read Time":0.0,"I/O Write Time":0.0,"Temp I/O Read Time":0.0,"Temp I/O Write Time":0.0}]}]}]},{"Node Type":"Hash","Parent Relationship":"Inner","Parallel Aware":false,"Async Capable":false,"Startup Cost":853663.29,"Total Cost":853663.29,"Plan Rows":99032,"Plan Width":6,"Actual Startup Time":8786.501,"Actual Total Time":8786.516,"Actual Rows":100000,"Actual Loops":1,"Output":["stock_1.s_i_id","(min(stock_1.s_quantity))"],"Hash Buckets":131072,"Original Hash Buckets":131072,"Hash Batches":1,"Original Hash Batches":1,"Peak Memory Usage":4735,"Shared Hit Blocks":219,"Shared Read Blocks":0,"Shared Dirtied Blocks":0,"Shared Written Blocks":0,"Local Hit Blocks":0,"Local Read Blocks":0,"Local Dirtied Blocks":0,"Local Written Blocks":0,"Temp Read Blocks":8330,"Temp Written Blocks":14781,"I/O Read Time":0.0,"I/O Write Time":0.0,"Temp I/O Read Time":13.108,"Temp I/O Write Time":50.571,"Plans":[{"Node Type":"Aggregate","Strategy":"Hashed","Partial Mode":"Simple","Parent Relationship":"Outer","Parallel Aware":false,"Async Capable":false,"Startup Cost":820432.32,"Total Cost":852672.97,"Plan Rows":99032,"Plan Width":6,"Actual Startup Time":8446.079,"Actual Total Time":8770.469,"Actual Rows":100000,"Actual Loops":1,"Output":["stock_1.s_i_id","min(stock_1.s_quantity)"],"Group Key":["stock_1.s_i_id"],"Planned Partitions":0,"HashAgg Batches":5,"Peak Memory Usage":8241,"Disk Usage":68504,"Shared Hit Blocks":219,"Shared Read Blocks":0,"Shared Dirtied Blocks":0,"Shared Written Blocks":0,"Local Hit Blocks":0,"Local Read Blocks":0,"Local Dirtied Blocks":0,"Local Written Blocks":0,"Temp Read Blocks":8330,"Temp Written Blocks":14781,"I/O Read Time":0.0,"I/O Write Time":0.0,"Temp I/O Read Time":13.108,"Temp I/O Write Time":50.571,"Plans":[{"Node Type":"Hash Join","Parent Relationship":"Outer","Parallel Aware":false,"Async Capable":false,"Join Type":"Inner","Startup Cost":421.99,"Total Cost":595429.96,"Plan Rows":4000042,"Plan Width":6,"Actual Startup Time":2.637,"Actual Total Time":7110.983,"Actual Rows":6959700,"Actual Loops":1,"Output":["stock_1.s_i_id","stock_1.s_quantity"],"Hash Cond":"(mod((stock_1.s_w_id * stock_1.s_i_id), 10000) = supplier_1.su_suppkey)","Shared Hit Blocks":219,"Shared Read Blocks":0,"Shared Dirtied Blocks":0,"Shared Written Blocks":0,"Local Hit Blocks":0,"Local Read Blocks":0,"Local Dirtied Blocks":0,"Local Written Blocks":0,"Temp Read Blocks":0,"Temp Written Blocks":0,"I/O Read Time":0.0,"I/O Write Time":0.0,"Temp I/O Read Time":0.0,"Temp I/O Write Time":0.0,"Plans":[{"Node Type":"Append","Parent Relationship":"Outer","Parallel Aware":false,"Async Capable":false,"Startup Cost":20.0,"Total Cost":430026.22,"Plan Rows":20000212,"Plan Width":8,"Actual Startup Time":0.014,"Actual Total Time":4180.606,"Actual Rows":20000000,"Actual Loops":1,"Shared Hit Blocks":0,"Shared Read Blocks":0,"Shared Dirtied Blocks":0,"Shared Written Blocks":0,"Local Hit Blocks":0,"Local Read Blocks":0,"Local Dirtied Blocks":0,"Local Written Blocks":0,"Temp Read Blocks":0,"Temp Written Blocks":0,"I/O Read Time":0.0,"I/O Write Time":0.0,"Temp I/O Read Time":0.0,"Temp I/O Write Time":0.0,"Subplans Removed":0,"Plans":[{"Node Type":"Custom Scan","Parent Relationship":"Member","Custom Plan Provider":"columnar scan","Parallel Aware":false,"Async Capable":false,"Relation Name":"stock","Schema":"public","Alias":"stock_1","Startup Cost":20.0,"Total Cost":430020.1,"Plan Rows":20000000,"Plan Width":8,"Actual Startup Time":0.013,"Actual Total Time":2769.67,"Actual Rows":20000000,"Actual Loops":1,"Output":["stock_1.s_i_id","stock_1.s_quantity","stock_1.s_w_id"],"Rows Removed by Columnar Filter":0,"Columnar cache search mode":"native","Shared Hit Blocks":0,"Shared Read Blocks":0,"Shared Dirtied Blocks":0,"Shared Written Blocks":0,"Local Hit Blocks":0,"Local Read Blocks":0,"Local Dirtied Blocks":0,"Local Written Blocks":0,"Temp Read Blocks":0,"Temp Written Blocks":0,"I/O Read Time":0.0,"I/O Write Time":0.0,"Temp I/O Read Time":0.0,"Temp I/O Write Time":0.0},{"Node Type":"Seq Scan","Parent Relationship":"Member","Parallel Aware":false,"Async Capable":false,"Relation Name":"stock","Schema":"public","Alias":"stock_1","Startup Cost":0.0,"Total Cost":6.12,"Plan Rows":212,"Plan Width":8,"Actual Startup Time":0.0,"Actual Total Time":0.0,"Actual Rows":0,"Actual Loops":0,"Output":["stock_1.s_i_id","stock_1.s_quantity","stock_1.s_w_id"],"Shared Hit Blocks":0,"Shared Read Blocks":0,"Shared Dirtied Blocks":0,"Shared Written Blocks":0,"Local Hit Blocks":0,"Local Read Blocks":0,"Local Dirtied Blocks":0,"Local Written Blocks":0,"Temp Read Blocks":0,"Temp Written Blocks":0,"I/O Read Time":0.0,"I/O Write Time":0.0,"Temp I/O Read Time":0.0,"Temp I/O Write Time":0.0}]},{"Node Type":"Hash","Parent Relationship":"Inner","Parallel Aware":false,"Async Capable":false,"Startup Cost":376.99,"Total Cost":376.99,"Plan Rows":2000,"Plan Width":4,"Actual Startup Time":2.613,"Actual Total Time":2.624,"Actual Rows":3506,"Actual Loops":1,"Output":["supplier_1.su_suppkey"],"Hash Buckets":4096,"Original Hash Buckets":2048,"Hash Batches":1,"Original Hash Batches":1,"Peak Memory Usage":156,"Shared Hit Blocks":219,"Shared Read Blocks":0,"Shared Dirtied Blocks":0,"Shared Written Blocks":0,"Local Hit Blocks":0,"Local Read Blocks":0,"Local Dirtied Blocks":0,"Local Written Blocks":0,"Temp Read Blocks":0,"Temp Written Blocks":0,"I/O Read Time":0.0,"I/O Write Time":0.0,"Temp I/O Read Time":0.0,"Temp I/O Write Time":0.0,"Plans":[{"Node Type":"Hash Join","Parent Relationship":"Outer","Parallel Aware":false,"Async Capable":false,"Join Type":"Inner","Startup Cost":3.14,"Total Cost":376.99,"Plan Rows":2000,"Plan Width":4,"Actual Startup Time":0.058,"Actual Total Time":2.191,"Actual Rows":3506,"Actual Loops":1,"Output":["supplier_1.su_suppkey"],"Hash Cond":"(supplier_1.su_nationkey = nation_1.n_nationkey)","Shared Hit Blocks":219,"Shared Read Blocks":0,"Shared Dirtied Blocks":0,"Shared Written Blocks":0,"Local Hit Blocks":0,"Local Read Blocks":0,"Local Dirtied Blocks":0,"Local Written Blocks":0,"Temp Read Blocks":0,"Temp Written Blocks":0,"I/O Read Time":0.0,"I/O Write Time":0.0,"Temp I/O Read Time":0.0,"Temp I/O Write Time":0.0,"Plans":[{"Node Type":"Seq Scan","Parent Relationship":"Outer","Parallel Aware":false,"Async Capable":false,"Relation Name":"supplier","Schema":"public","Alias":"supplier_1","Startup Cost":0.0,"Total Cost":317.0,"Plan Rows":10000,"Plan Width":8,"Actual Startup Time":0.009,"Actual Total Time":0.775,"Actual Rows":10000,"Actual Loops":1,"Output":["supplier_1.su_suppkey","supplier_1.su_name","supplier_1.su_address","supplier_1.su_nationkey","supplier_1.su_phone","supplier_1.su_acctbal","supplier_1.su_comment"],"Shared Hit Blocks":217,"Shared Read Blocks":0,"Shared Dirtied Blocks":0,"Shared Written Blocks":0,"Local Hit Blocks":0,"Local Read Blocks":0,"Local Dirtied Blocks":0,"Local Written Blocks":0,"Temp Read Blocks":0,"Temp Written Blocks":0,"I/O Read Time":0.0,"I/O Write Time":0.0,"Temp I/O Read Time":0.0,"Temp I/O Write Time":0.0},{"Node Type":"Hash","Parent Relationship":"Inner","Parallel Aware":false,"Async Capable":false,"Startup Cost":2.99,"Total Cost":2.99,"Plan Rows":12,"Plan Width":4,"Actual Startup Time":0.041,"Actual Total Time":0.047,"Actual Rows":22,"Actual Loops":1,"Output":["nation_1.n_nationkey"],"Hash Buckets":1024,"Original Hash Buckets":1024,"Hash Batches":1,"Original Hash Batches":1,"Peak Memory Usage":9,"Shared Hit Blocks":2,"Shared Read Blocks":0,"Shared Dirtied Blocks":0,"Shared Written Blocks":0,"Local Hit Blocks":0,"Local Read Blocks":0,"Local Dirtied Blocks":0,"Local Written Blocks":0,"Temp Read Blocks":0,"Temp Written Blocks":0,"I/O Read Time":0.0,"I/O Write Time":0.0,"Temp I/O Read Time":0.0,"Temp I/O Write Time":0.0,"Plans":[{"Node Type":"Hash Join","Parent Relationship":"Outer","Parallel Aware":false,"Async Capable":false,"Join Type":"Inner","Startup Cost":1.07,"Total Cost":2.99,"Plan Rows":12,"Plan Width":4,"Actual Startup Time":0.025,"Actual Total Time":0.042,"Actual Rows":22,"Actual Loops":1,"Output":["nation_1.n_nationkey"],"Hash Cond":"(nation_1.n_regionkey = region_1.r_regionkey)","Shared Hit Blocks":2,"Shared Read Blocks":0,"Shared Dirtied Blocks":0,"Shared Written Blocks":0,"Local Hit Blocks":0,"Local Read Blocks":0,"Local Dirtied Blocks":0,"Local Written Blocks":0,"Temp Read Blocks":0,"Temp Written Blocks":0,"I/O Read Time":0.0,"I/O Write Time":0.0,"Temp I/O Read Time":0.0,"Temp I/O Write Time":0.0,"Plans":[{"Node Type":"Seq Scan","Parent Relationship":"Outer","Parallel Aware":false,"Async Capable":false,"Relation Name":"nation","Schema":"public","Alias":"nation_1","Startup Cost":0.0,"Total Cost":1.62,"Plan Rows":62,"Plan Width":8,"Actual Startup Time":0.005,"Actual Total Time":0.009,"Actual Rows":62,"Actual Loops":1,"Output":["nation_1.n_nationkey","nation_1.n_name","nation_1.n_regionkey","nation_1.n_comment"],"Shared Hit Blocks":1,"Shared Read Blocks":0,"Shared Dirtied Blocks":0,"Shared Written Blocks":0,"Local Hit Blocks":0,"Local Read Blocks":0,"Local Dirtied Blocks":0,"Local Written Blocks":0,"Temp Read Blocks":0,"Temp Written Blocks":0,"I/O Read Time":0.0,"I/O Write Time":0.0,"Temp I/O Read Time":0.0,"Temp I/O Write Time":0.0},{"Node Type":"Hash","Parent Relationship":"Inner","Parallel Aware":false,"Async Capable":false,"Startup Cost":1.06,"Total Cost":1.06,"Plan Rows":1,"Plan Width":4,"Actual Startup Time":0.009,"Actual Total Time":0.011,"Actual Rows":1,"Actual Loops":1,"Output":["region_1.r_regionkey"],"Hash Buckets":1024,"Original Hash Buckets":1024,"Hash Batches":1,"Original Hash Batches":1,"Peak Memory Usage":9,"Shared Hit Blocks":1,"Shared Read Blocks":0,"Shared Dirtied Blocks":0,"Shared Written Blocks":0,"Local Hit Blocks":0,"Local Read Blocks":0,"Local Dirtied Blocks":0,"Local Written Blocks":0,"Temp Read Blocks":0,"Temp Written Blocks":0,"I/O Read Time":0.0,"I/O Write Time":0.0,"Temp I/O Read Time":0.0,"Temp I/O Write Time":0.0,"Plans":[{"Node Type":"Seq Scan","Parent Relationship":"Outer","Parallel Aware":false,"Async Capable":false,"Relation Name":"region","Schema":"public","Alias":"region_1","Startup Cost":0.0,"Total Cost":1.06,"Plan Rows":1,"Plan Width":4,"Actual Startup Time":0.006,"Actual Total Time":0.007,"Actual Rows":1,"Actual Loops":1,"Output":["region_1.r_regionkey"],"Filter":"((region_1.r_name)::text ~~ 'Europ%'::text)","Rows Removed by Filter":4,"Shared Hit Blocks":1,"Shared Read Blocks":0,"Shared Dirtied Blocks":0,"Shared Written Blocks":0,"Local Hit Blocks":0,"Local Read Blocks":0,"Local Dirtied Blocks":0,"Local Written Blocks":0,"Temp Read Blocks":0,"Temp Written Blocks":0,"I/O Read Time":0.0,"I/O Write Time":0.0,"Temp I/O Read Time":0.0,"Temp I/O Write Time":0.0}]}]}]}]}]}]}]}]}]},{"Node Type":"Index Scan","Parent Relationship":"Inner","Parallel Aware":false,"Async Capable":false,"Scan Direction":"Forward","Index Name":"supplier_pk","Relation Name":"supplier","Schema":"public","Alias":"supplier","Startup Cost":0.29,"Total Cost":3.25,"Plan Rows":1,"Plan Width":131,"Actual Startup Time":0.002,"Actual Total Time":0.002,"Actual Rows":1,"Actual Loops":4450,"Output":["supplier.su_suppkey","supplier.su_name","supplier.su_address","supplier.su_nationkey","supplier.su_phone","supplier.su_acctbal","supplier.su_comment"],"Index Cond":"(supplier.su_suppkey = mod((stock.s_w_id * stock.s_i_id), 10000))","Rows Removed by Index Recheck":0,"Shared Hit Blocks":13350,"Shared Read Blocks":0,"Shared Dirtied Blocks":0,"Shared Written Blocks":0,"Local Hit Blocks":0,"Local Read Blocks":0,"Local Dirtied Blocks":0,"Local Written Blocks":0,"Temp Read Blocks":0,"Temp Written Blocks":0,"I/O Read Time":0.0,"I/O Write Time":0.0,"Temp I/O Read Time":0.0,"Temp I/O Write Time":0.0}]},{"Node Type":"Index Scan","Parent Relationship":"Inner","Parallel Aware":false,"Async Capable":false,"Scan Direction":"Forward","Index Name":"nation_pk","Relation Name":"nation","Schema":"public","Alias":"nation","Startup Cost":0.14,"Total Cost":0.16,"Plan Rows":1,"Plan Width":16,"Actual Startup Time":0.001,"Actual Total Time":0.001,"Actual Rows":1,"Actual Loops":4450,"Output":["nation.n_nationkey","nation.n_name","nation.n_regionkey","nation.n_comment"],"Index Cond":"(nation.n_nationkey = supplier.su_nationkey)","Rows Removed by Index Recheck":0,"Shared Hit Blocks":8900,"Shared Read Blocks":0,"Shared Dirtied Blocks":0,"Shared Written Blocks":0,"Local Hit Blocks":0,"Local Read Blocks":0,"Local Dirtied Blocks":0,"Local Written Blocks":0,"Temp Read Blocks":0,"Temp Written Blocks":0,"I/O Read Time":0.0,"I/O Write Time":0.0,"Temp I/O Read Time":0.0,"Temp I/O Write Time":0.0}]},{"Node Type":"Hash","Parent Relationship":"Inner","Parallel Aware":false,"Async Capable":false,"Startup Cost":1.06,"Total Cost":1.06,"Plan Rows":1,"Plan Width":4,"Actual Startup Time":0.02,"Actual Total Time":0.02,"Actual Rows":1,"Actual Loops":1,"Output":["region.r_regionkey"],"Hash Buckets":1024,"Original Hash Buckets":1024,"Hash Batches":1,"Original Hash Batches":1,"Peak Memory Usage":9,"Shared Hit Blocks":1,"Shared Read Blocks":0,"Shared Dirtied Blocks":0,"Shared Written Blocks":0,"Local Hit Blocks":0,"Local Read Blocks":0,"Local Dirtied Blocks":0,"Local Written Blocks":0,"Temp Read Blocks":0,"Temp Written Blocks":0,"I/O Read Time":0.0,"I/O Write Time":0.0,"Temp I/O Read Time":0.0,"Temp I/O Write Time":0.0,"Plans":[{"Node Type":"Seq Scan","Parent Relationship":"Outer","Parallel Aware":false,"Async Capable":false,"Relation Name":"region","Schema":"public","Alias":"region","Startup Cost":0.0,"Total Cost":1.06,"Plan Rows":1,"Plan Width":4,"Actual Startup Time":0.015,"Actual Total Time":0.016,"Actual Rows":1,"Actual Loops":1,"Output":["region.r_regionkey"],"Filter":"((region.r_name)::text ~~ 'Europ%'::text)","Rows Removed by Filter":4,"Shared Hit Blocks":1,"Shared Read Blocks":0,"Shared Dirtied Blocks":0,"Shared Written Blocks":0,"Local Hit Blocks":0,"Local Read Blocks":0,"Local Dirtied Blocks":0,"Local Written Blocks":0,"Temp Read Blocks":0,"Temp Written Blocks":0,"I/O Read Time":0.0,"I/O Write Time":0.0,"Temp I/O Read Time":0.0,"Temp I/O Write Time":0.0}]}]}]},"Planning":{"Shared Hit Blocks":36,"Shared Read Blocks":0,"Shared Dirtied Blocks":0,"Shared Written Blocks":0,"Local Hit Blocks":0,"Local Read Blocks":0,"Local Dirtied Blocks":0,"Local Written Blocks":0,"Temp Read Blocks":0,"Temp Written Blocks":0,"I/O Read Time":0.0,"I/O Write Time":0.0,"Temp I/O Read Time":0.0,"Temp I/O Write Time":0.0},"Planning Time":2.41,"Triggers":[],"Execution Time":9054.073}]
[列存组合]: item, nation, region, supplier
[{"Plan":{"Node Type":"Sort","Parallel Aware":false,"Async Capable":false,"Startup Cost":2544666.45,"Total Cost":2544666.45,"Plan Rows":2,"Plan Width":164,"Actual Startup Time":13717.051,"Actual Total Time":13717.174,"Actual Rows":2295,"Actual Loops":1,"Output":["supplier.su_suppkey","supplier.su_name","nation.n_name","item.i_id","item.i_name","supplier.su_address","supplier.su_phone","supplier.su_comment"],"Sort Key":["nation.n_name","supplier.su_name","item.i_id"],"Sort Method":"quicksort","Sort Space Used":568,"Sort Space Type":"Memory","Shared Hit Blocks":1689035,"Shared Read Blocks":0,"Shared Dirtied Blocks":0,"Shared Written Blocks":0,"Local Hit Blocks":0,"Local Read Blocks":0,"Local Dirtied Blocks":0,"Local Written Blocks":0,"Temp Read Blocks":8330,"Temp Written Blocks":14781,"I/O Read Time":0.0,"I/O Write Time":0.0,"Temp I/O Read Time":14.012,"Temp I/O Write Time":54.931,"Plans":[{"Node Type":"Hash Join","Parent Relationship":"Outer","Parallel Aware":false,"Async Capable":false,"Join Type":"Inner","Startup Cost":1458725.34,"Total Cost":2544666.44,"Plan Rows":2,"Plan Width":164,"Actual Startup Time":8559.213,"Actual Total Time":13711.788,"Actual Rows":2295,"Actual Loops":1,"Output":["supplier.su_suppkey","supplier.su_name","nation.n_name","item.i_id","item.i_name","supplier.su_address","supplier.su_phone","supplier.su_comment"],"Hash Cond":"(nation.n_regionkey = region.r_regionkey)","Shared Hit Blocks":1689035,"Shared Read Blocks":0,"Shared Dirtied Blocks":0,"Shared Written Blocks":0,"Local Hit Blocks":0,"Local Read Blocks":0,"Local Dirtied Blocks":0,"Local Written Blocks":0,"Temp Read Blocks":8330,"Temp Written Blocks":14781,"I/O Read Time":0.0,"I/O Write Time":0.0,"Temp I/O Read Time":14.012,"Temp I/O Write Time":54.931,"Plans":[{"Node Type":"Nested Loop","Parent Relationship":"Outer","Parallel Aware":false,"Async Capable":false,"Join Type":"Inner","Startup Cost":1458724.27,"Total Cost":2544665.32,"Plan Rows":10,"Plan Width":168,"Actual Startup Time":8558.677,"Actual Total Time":13710.486,"Actual Rows":4450,"Actual Loops":1,"Output":["item.i_id","item.i_name","supplier.su_suppkey","supplier.su_name","supplier.su_address","supplier.su_phone","supplier.su_comment","nation.n_name","nation.n_regionkey"],"Shared Hit Blocks":1689034,"Shared Read Blocks":0,"Shared Dirtied Blocks":0,"Shared Written Blocks":0,"Local Hit Blocks":0,"Local Read Blocks":0,"Local Dirtied Blocks":0,"Local Written Blocks":0,"Temp Read Blocks":8330,"Temp Written Blocks":14781,"I/O Read Time":0.0,"I/O Write Time":0.0,"Temp I/O Read Time":14.012,"Temp I/O Write Time":54.931,"Plans":[{"Node Type":"Nested Loop","Parent Relationship":"Outer","Parallel Aware":false,"Async Capable":false,"Join Type":"Inner","Startup Cost":1458724.13,"Total Cost":2544663.73,"Plan Rows":10,"Plan Width":160,"Actual Startup Time":8558.662,"Actual Total Time":13704.036,"Actual Rows":4450,"Actual Loops":1,"Output":["item.i_id","item.i_name","supplier.su_suppkey","supplier.su_name","supplier.su_address","supplier.su_phone","supplier.su_comment","supplier.su_nationkey"],"Shared Hit Blocks":1680134,"Shared Read Blocks":0,"Shared Dirtied Blocks":0,"Shared Written Blocks":0,"Local Hit Blocks":0,"Local Read Blocks":0,"Local Dirtied Blocks":0,"Local Written Blocks":0,"Temp Read Blocks":8330,"Temp Written Blocks":14781,"I/O Read Time":0.0,"I/O Write Time":0.0,"Temp I/O Read Time":14.012,"Temp I/O Write Time":54.931,"Plans":[{"Node Type":"Hash Join","Parent Relationship":"Outer","Parallel Aware":false,"Async Capable":false,"Join Type":"Inner","Startup Cost":1458723.84,"Total Cost":2544631.24,"Plan Rows":10,"Plan Width":35,"Actual Startup Time":8558.619,"Actual Total Time":13687.056,"Actual Rows":4450,"Actual Loops":1,"Output":["item.i_id","item.i_name","stock.s_i_id","stock.s_w_id"],"Hash Cond":"((item.i_id = stock_1.s_i_id) AND (stock.s_quantity = (min(stock_1.s_quantity))))","Shared Hit Blocks":1666784,"Shared Read Blocks":0,"Shared Dirtied Blocks":0,"Shared Written Blocks":0,"Local Hit Blocks":0,"Local Read Blocks":0,"Local Dirtied Blocks":0,"Local Written Blocks":0,"Temp Read Blocks":8330,"Temp Written Blocks":14781,"I/O Read Time":0.0,"I/O Write Time":0.0,"Temp I/O Read Time":14.012,"Temp I/O Write Time":54.931,"Plans":[{"Node Type":"Hash Join","Parent Relationship":"Outer","Parallel Aware":false,"Async Capable":false,"Join Type":"Inner","Startup Cost":484.4,"Total Cost":1086381.3,"Plan Rows":2000,"Plan Width":37,"Actual Startup Time":8.561,"Actual Total Time":5059.04,"Actual Rows":314400,"Actual Loops":1,"Output":["item.i_id","item.i_name","stock.s_i_id","stock.s_w_id","stock.s_quantity"],"Hash Cond":"(stock.s_i_id = item.i_id)","Shared Hit Blocks":833392,"Shared Read Blocks":0,"Shared Dirtied Blocks":0,"Shared Written Blocks":0,"Local Hit Blocks":0,"Local Read Blocks":0,"Local Dirtied Blocks":0,"Local Written Blocks":0,"Temp Read Blocks":0,"Temp Written Blocks":0,"I/O Read Time":0.0,"I/O Write Time":0.0,"Temp I/O Read Time":0.0,"Temp I/O Write Time":0.0,"Plans":[{"Node Type":"Seq Scan","Parent Relationship":"Outer","Parallel Aware":false,"Async Capable":false,"Relation Name":"stock","Schema":"public","Alias":"stock","Startup Cost":0.0,"Total Cost":1033394.12,"Plan Rows":20000212,"Plan Width":8,"Actual Startup Time":0.004,"Actual Total Time":1717.527,"Actual Rows":20000000,"Actual Loops":1,"Output":["stock.s_i_id","stock.s_w_id","stock.s_quantity","stock.s_dist_01","stock.s_dist_02","stock.s_dist_03","stock.s_dist_04","stock.s_dist_05","stock.s_dist_06","stock.s_dist_07","stock.s_dist_08","stock.s_dist_09","stock.s_dist_10","stock.s_ytd","stock.s_order_cnt","stock.s_remote_cnt","stock.s_data"],"Shared Hit Blocks":833392,"Shared Read Blocks":0,"Shared Dirtied Blocks":0,"Shared Written Blocks":0,"Local Hit Blocks":0,"Local Read Blocks":0,"Local Dirtied Blocks":0,"Local Written Blocks":0,"Temp Read Blocks":0,"Temp Written Blocks":0,"I/O Read Time":0.0,"I/O Write Time":0.0,"Temp I/O Read Time":0.0,"Temp I/O Write Time":0.0},{"Node Type":"Hash","Parent Relationship":"Inner","Parallel Aware":false,"Async Capable":false,"Startup Cost":484.26,"Total Cost":484.26,"Plan Rows":11,"Plan Width":29,"Actual Startup Time":8.535,"Actual Total Time":8.539,"Actual Rows":1572,"Actual Loops":1,"Output":["item.i_id","item.i_name"],"Hash Buckets":2048,"Original Hash Buckets":1024,"Hash Batches":1,"Original Hash Batches":1,"Peak Memory Usage":110,"Shared Hit Blocks":0,"Shared Read Blocks":0,"Shared Dirtied Blocks":0,"Shared Written Blocks":0,"Local Hit Blocks":0,"Local Read Blocks":0,"Local Dirtied Blocks":0,"Local Written Blocks":0,"Temp Read Blocks":0,"Temp Written Blocks":0,"I/O Read Time":0.0,"I/O Write Time":0.0,"Temp I/O Read Time":0.0,"Temp I/O Write Time":0.0,"Plans":[{"Node Type":"Append","Parent Relationship":"Outer","Parallel Aware":false,"Async Capable":false,"Startup Cost":20.0,"Total Cost":484.26,"Plan Rows":11,"Plan Width":29,"Actual Startup Time":7.36,"Actual Total Time":8.112,"Actual Rows":1572,"Actual Loops":1,"Shared Hit Blocks":0,"Shared Read Blocks":0,"Shared Dirtied Blocks":0,"Shared Written Blocks":0,"Local Hit Blocks":0,"Local Read Blocks":0,"Local Dirtied Blocks":0,"Local Written Blocks":0,"Temp Read Blocks":0,"Temp Written Blocks":0,"I/O Read Time":0.0,"I/O Write Time":0.0,"Temp I/O Read Time":0.0,"Temp I/O Write Time":0.0,"Subplans Removed":0,"Plans":[{"Node Type":"Custom Scan","Parent Relationship":"Member","Custom Plan Provider":"columnar scan","Parallel Aware":false,"Async Capable":false,"Relation Name":"item","Schema":"public","Alias":"item","Startup Cost":20.0,"Total Cost":20.2,"Plan Rows":10,"Plan Width":29,"Actual Startup Time":7.359,"Actual Total Time":7.993,"Actual Rows":1572,"Actual Loops":1,"Output":["item.i_id","item.i_name"],"Filter":"((item.i_data)::text ~~ '%b'::text)","Rows Removed by Filter":0,"Rows Removed by Columnar Filter":98428,"Columnar cache search mode":"native","Shared Hit Blocks":0,"Shared Read Blocks":0,"Shared Dirtied Blocks":0,"Shared Written Blocks":0,"Local Hit Blocks":0,"Local Read Blocks":0,"Local Dirtied Blocks":0,"Local Written Blocks":0,"Temp Read Blocks":0,"Temp Written Blocks":0,"I/O Read Time":0.0,"I/O Write Time":0.0,"Temp I/O Read Time":0.0,"Temp I/O Write Time":0.0},{"Node Type":"Seq Scan","Parent Relationship":"Member","Parallel Aware":false,"Async Capable":false,"Relation Name":"item","Schema":"public","Alias":"item","Startup Cost":0.0,"Total Cost":4.01,"Plan Rows":1,"Plan Width":29,"Actual Startup Time":0.0,"Actual Total Time":0.0,"Actual Rows":0,"Actual Loops":0,"Output":["item.i_id","item.i_name"],"Filter":"((item.i_data)::text ~~ '%b'::text)","Rows Removed by Filter":0,"Shared Hit Blocks":0,"Shared Read Blocks":0,"Shared Dirtied Blocks":0,"Shared Written Blocks":0,"Local Hit Blocks":0,"Local Read Blocks":0,"Local Dirtied Blocks":0,"Local Written Blocks":0,"Temp Read Blocks":0,"Temp Written Blocks":0,"I/O Read Time":0.0,"I/O Write Time":0.0,"Temp I/O Read Time":0.0,"Temp I/O Write Time":0.0}]}]}]},{"Node Type":"Hash","Parent Relationship":"Inner","Parallel Aware":false,"Async Capable":false,"Startup Cost":1456753.96,"Total Cost":1456753.96,"Plan Rows":99032,"Plan Width":6,"Actual Startup Time":8547.942,"Actual Total Time":8547.965,"Actual Rows":100000,"Actual Loops":1,"Output":["stock_1.s_i_id","(min(stock_1.s_quantity))"],"Hash Buckets":131072,"Original Hash Buckets":131072,"Hash Batches":1,"Original Hash Batches":1,"Peak Memory Usage":4735,"Shared Hit Blocks":833392,"Shared Read Blocks":0,"Shared Dirtied Blocks":0,"Shared Written Blocks":0,"Local Hit Blocks":0,"Local Read Blocks":0,"Local Dirtied Blocks":0,"Local Written Blocks":0,"Temp Read Blocks":8330,"Temp Written Blocks":14781,"I/O Read Time":0.0,"I/O Write Time":0.0,"Temp I/O Read Time":14.012,"Temp I/O Write Time":54.931,"Plans":[{"Node Type":"Aggregate","Strategy":"Hashed","Partial Mode":"Simple","Parent Relationship":"Outer","Parallel Aware":false,"Async Capable":false,"Startup Cost":1423522.99,"Total Cost":1455763.64,"Plan Rows":99032,"Plan Width":6,"Actual Startup Time":8208.948,"Actual Total Time":8532.371,"Actual Rows":100000,"Actual Loops":1,"Output":["stock_1.s_i_id","min(stock_1.s_quantity)"],"Group Key":["stock_1.s_i_id"],"Planned Partitions":0,"HashAgg Batches":5,"Peak Memory Usage":8241,"Disk Usage":68504,"Shared Hit Blocks":833392,"Shared Read Blocks":0,"Shared Dirtied Blocks":0,"Shared Written Blocks":0,"Local Hit Blocks":0,"Local Read Blocks":0,"Local Dirtied Blocks":0,"Local Written Blocks":0,"Temp Read Blocks":8330,"Temp Written Blocks":14781,"I/O Read Time":0.0,"I/O Write Time":0.0,"Temp I/O Read Time":14.012,"Temp I/O Write Time":54.931,"Plans":[{"Node Type":"Hash Join","Parent Relationship":"Outer","Parallel Aware":false,"Async Capable":false,"Join Type":"Inner","Startup Cost":124.76,"Total Cost":1198520.63,"Plan Rows":4000042,"Plan Width":6,"Actual Startup Time":1.254,"Actual Total Time":6851.672,"Actual Rows":6959700,"Actual Loops":1,"Output":["stock_1.s_i_id","stock_1.s_quantity"],"Hash Cond":"(mod((stock_1.s_w_id * stock_1.s_i_id), 10000) = supplier_1.su_suppkey)","Shared Hit Blocks":833392,"Shared Read Blocks":0,"Shared Dirtied Blocks":0,"Shared Written Blocks":0,"Local Hit Blocks":0,"Local Read Blocks":0,"Local Dirtied Blocks":0,"Local Written Blocks":0,"Temp Read Blocks":0,"Temp Written Blocks":0,"I/O Read Time":0.0,"I/O Write Time":0.0,"Temp I/O Read Time":0.0,"Temp I/O Write Time":0.0,"Plans":[{"Node Type":"Seq Scan","Parent Relationship":"Outer","Parallel Aware":false,"Async Capable":false,"Relation Name":"stock","Schema":"public","Alias":"stock_1","Startup Cost":0.0,"Total Cost":1033394.12,"Plan Rows":20000212,"Plan Width":8,"Actual Startup Time":0.004,"Actual Total Time":1870.766,"Actual Rows":20000000,"Actual Loops":1,"Output":["stock_1.s_i_id","stock_1.s_w_id","stock_1.s_quantity","stock_1.s_dist_01","stock_1.s_dist_02","stock_1.s_dist_03","stock_1.s_dist_04","stock_1.s_dist_05","stock_1.s_dist_06","stock_1.s_dist_07","stock_1.s_dist_08","stock_1.s_dist_09","stock_1.s_dist_10","stock_1.s_ytd","stock_1.s_order_cnt","stock_1.s_remote_cnt","stock_1.s_data"],"Shared Hit Blocks":833392,"Shared Read Blocks":0,"Shared Dirtied Blocks":0,"Shared Written Blocks":0,"Local Hit Blocks":0,"Local Read Blocks":0,"Local Dirtied Blocks":0,"Local Written Blocks":0,"Temp Read Blocks":0,"Temp Written Blocks":0,"I/O Read Time":0.0,"I/O Write Time":0.0,"Temp I/O Read Time":0.0,"Temp I/O Write Time":0.0},{"Node Type":"Hash","Parent Relationship":"Inner","Parallel Aware":false,"Async Capable":false,"Startup Cost":99.76,"Total Cost":99.76,"Plan Rows":2000,"Plan Width":4,"Actual Startup Time":1.243,"Actual Total Time":1.261,"Actual Rows":3506,"Actual Loops":1,"Output":["supplier_1.su_suppkey"],"Hash Buckets":4096,"Original Hash Buckets":2048,"Hash Batches":1,"Original Hash Batches":1,"Peak Memory Usage":156,"Shared Hit Blocks":0,"Shared Read Blocks":0,"Shared Dirtied Blocks":0,"Shared Written Blocks":0,"Local Hit Blocks":0,"Local Read Blocks":0,"Local Dirtied Blocks":0,"Local Written Blocks":0,"Temp Read Blocks":0,"Temp Written Blocks":0,"I/O Read Time":0.0,"I/O Write Time":0.0,"Temp I/O Read Time":0.0,"Temp I/O Write Time":0.0,"Plans":[{"Node Type":"Hash Join","Parent Relationship":"Outer","Parallel Aware":false,"Async Capable":false,"Join Type":"Inner","Startup Cost":48.98,"Total Cost":99.76,"Plan Rows":2000,"Plan Width":4,"Actual Startup Time":0.691,"Actual Total Time":0.899,"Actual Rows":3506,"Actual Loops":1,"Output":["supplier_1.su_suppkey"],"Hash Cond":"(supplier_1.su_nationkey = nation_1.n_nationkey)","Rows Removed by Bloom Filter":6494,"Shared Hit Blocks":0,"Shared Read Blocks":0,"Shared Dirtied Blocks":0,"Shared Written Blocks":0,"Local Hit Blocks":0,"Local Read Blocks":0,"Local Dirtied Blocks":0,"Local Written Blocks":0,"Temp Read Blocks":0,"Temp Written Blocks":0,"I/O Read Time":0.0,"I/O Write Time":0.0,"Temp I/O Read Time":0.0,"Temp I/O Write Time":0.0,"Plans":[{"Node Type":"Append","Parent Relationship":"Outer","Parallel Aware":false,"Async Capable":false,"Startup Cost":20.0,"Total Cost":219.01,"Plan Rows":10001,"Plan Width":8,"Actual Startup Time":0.012,"Actual Total Time":0.014,"Actual Rows":10000,"Actual Loops":1,"Shared Hit Blocks":0,"Shared Read Blocks":0,"Shared Dirtied Blocks":0,"Shared Written Blocks":0,"Local Hit Blocks":0,"Local Read Blocks":0,"Local Dirtied Blocks":0,"Local Written Blocks":0,"Temp Read Blocks":0,"Temp Written Blocks":0,"I/O Read Time":0.0,"I/O Write Time":0.0,"Temp I/O Read Time":0.0,"Temp I/O Write Time":0.0,"Subplans Removed":0,"Plans":[{"Node Type":"Custom Scan","Parent Relationship":"Member","Custom Plan Provider":"columnar scan","Parallel Aware":false,"Async Capable":false,"Relation Name":"supplier","Schema":"public","Alias":"supplier_1","Startup Cost":20.0,"Total Cost":215.0,"Plan Rows":10000,"Plan Width":8,"Actual Startup Time":0.011,"Actual Total Time":0.011,"Actual Rows":10000,"Actual Loops":1,"Output":["supplier_1.su_suppkey","supplier_1.su_nationkey"],"Rows Removed by Columnar Filter":0,"Columnar cache search mode":"native","Shared Hit Blocks":0,"Shared Read Blocks":0,"Shared Dirtied Blocks":0,"Shared Written Blocks":0,"Local Hit Blocks":0,"Local Read Blocks":0,"Local Dirtied Blocks":0,"Local Written Blocks":0,"Temp Read Blocks":0,"Temp Written Blocks":0,"I/O Read Time":0.0,"I/O Write Time":0.0,"Temp I/O Read Time":0.0,"Temp I/O Write Time":0.0},{"Node Type":"Seq Scan","Parent Relationship":"Member","Parallel Aware":false,"Async Capable":false,"Relation Name":"supplier","Schema":"public","Alias":"supplier_1","Startup Cost":0.0,"Total Cost":4.01,"Plan Rows":1,"Plan Width":8,"Actual Startup Time":0.0,"Actual Total Time":0.0,"Actual Rows":0,"Actual Loops":0,"Output":["supplier_1.su_suppkey","supplier_1.su_nationkey"],"Shared Hit Blocks":0,"Shared Read Blocks":0,"Shared Dirtied Blocks":0,"Shared Written Blocks":0,"Local Hit Blocks":0,"Local Read Blocks":0,"Local Dirtied Blocks":0,"Local Written Blocks":0,"Temp Read Blocks":0,"Temp Written Blocks":0,"I/O Read Time":0.0,"I/O Write Time":0.0,"Temp I/O Read Time":0.0,"Temp I/O Write Time":0.0}]},{"Node Type":"Hash","Parent Relationship":"Inner","Parallel Aware":false,"Async Capable":false,"Startup Cost":29.02,"Total Cost":29.02,"Plan Rows":12,"Plan Width":4,"Actual Rows":22,"Actual Loops":1,"Output":["nation_1.n_nationkey"],"Shared Hit Blocks":0,"Shared Read Blocks":0,"Shared Dirtied Blocks":0,"Shared Written Blocks":0,"Local Hit Blocks":0,"Local Read Blocks":0,"Local Dirtied Blocks":0,"Local Written Blocks":0,"Temp Read Blocks":0,"Temp Written Blocks":0,"I/O Read Time":0.0,"I/O Write Time":0.0,"Temp I/O Read Time":0.0,"Temp I/O Write Time":0.0,"Plans":[{"Node Type":"Hash Join","Parent Relationship":"Outer","Parallel Aware":false,"Async Capable":false,"Join Type":"Inner","Startup Cost":24.16,"Total Cost":29.02,"Plan Rows":12,"Plan Width":4,"Actual Startup Time":0.34,"Actual Total Time":0.35,"Actual Rows":22,"Actual Loops":1,"Output":["nation_1.n_nationkey"],"Hash Cond":"(region_1.r_regionkey = nation_1.n_regionkey)","Rows Removed by Bloom Filter":0,"Shared Hit Blocks":0,"Shared Read Blocks":0,"Shared Dirtied Blocks":0,"Shared Written Blocks":0,"Local Hit Blocks":0,"Local Read Blocks":0,"Local Dirtied Blocks":0,"Local Written Blocks":0,"Temp Read Blocks":0,"Temp Written Blocks":0,"I/O Read Time":0.0,"I/O Write Time":0.0,"Temp I/O Read Time":0.0,"Temp I/O Write Time":0.0,"Plans":[{"Node Type":"Append","Parent Relationship":"Outer","Parallel Aware":false,"Async Capable":false,"Startup Cost":20.0,"Total Cost":24.04,"Plan Rows":2,"Plan Width":4,"Actual Startup Time":0.011,"Actual Total Time":0.014,"Actual Rows":1,"Actual Loops":1,"Shared Hit Blocks":0,"Shared Read Blocks":0,"Shared Dirtied Blocks":0,"Shared Written Blocks":0,"Local Hit Blocks":0,"Local Read Blocks":0,"Local Dirtied Blocks":0,"Local Written Blocks":0,"Temp Read Blocks":0,"Temp Written Blocks":0,"I/O Read Time":0.0,"I/O Write Time":0.0,"Temp I/O Read Time":0.0,"Temp I/O Write Time":0.0,"Subplans Removed":0,"Plans":[{"Node Type":"Custom Scan","Parent Relationship":"Member","Custom Plan Provider":"columnar scan","Parallel Aware":false,"Async Capable":false,"Relation Name":"region","Schema":"public","Alias":"region_1","Startup Cost":20.0,"Total Cost":20.02,"Plan Rows":1,"Plan Width":4,"Actual Startup Time":0.011,"Actual Total Time":0.011,"Actual Rows":1,"Actual Loops":1,"Output":["region_1.r_regionkey"],"Filter":"((region_1.r_name)::text ~~ 'Europ%'::text)","Rows Removed by Filter":0,"Rows Removed by Columnar Filter":4,"Columnar cache search mode":"native","Shared Hit Blocks":0,"Shared Read Blocks":0,"Shared Dirtied Blocks":0,"Shared Written Blocks":0,"Local Hit Blocks":0,"Local Read Blocks":0,"Local Dirtied Blocks":0,"Local Written Blocks":0,"Temp Read Blocks":0,"Temp Written Blocks":0,"I/O Read Time":0.0,"I/O Write Time":0.0,"Temp I/O Read Time":0.0,"Temp I/O Write Time":0.0},{"Node Type":"Seq Scan","Parent Relationship":"Member","Parallel Aware":false,"Async Capable":false,"Relation Name":"region","Schema":"public","Alias":"region_1","Startup Cost":0.0,"Total Cost":4.01,"Plan Rows":1,"Plan Width":4,"Actual Startup Time":0.0,"Actual Total Time":0.0,"Actual Rows":0,"Actual Loops":0,"Output":["region_1.r_regionkey"],"Filter":"((region_1.r_name)::text ~~ 'Europ%'::text)","Rows Removed by Filter":0,"Shared Hit Blocks":0,"Shared Read Blocks":0,"Shared Dirtied Blocks":0,"Shared Written Blocks":0,"Local Hit Blocks":0,"Local Read Blocks":0,"Local Dirtied Blocks":0,"Local Written Blocks":0,"Temp Read Blocks":0,"Temp Written Blocks":0,"I/O Read Time":0.0,"I/O Write Time":0.0,"Temp I/O Read Time":0.0,"Temp I/O Write Time":0.0}]},{"Node Type":"Hash","Parent Relationship":"Inner","Parallel Aware":false,"Async Capable":false,"Startup Cost":25.22,"Total Cost":25.22,"Plan Rows":63,"Plan Width":8,"Actual Rows":62,"Actual Loops":1,"Output":["nation_1.n_nationkey","nation_1.n_regionkey"],"Shared Hit Blocks":0,"Shared Read Blocks":0,"Shared Dirtied Blocks":0,"Shared Written Blocks":0,"Local Hit Blocks":0,"Local Read Blocks":0,"Local Dirtied Blocks":0,"Local Written Blocks":0,"Temp Read Blocks":0,"Temp Written Blocks":0,"I/O Read Time":0.0,"I/O Write Time":0.0,"Temp I/O Read Time":0.0,"Temp I/O Write Time":0.0,"Plans":[{"Node Type":"Append","Parent Relationship":"Outer","Parallel Aware":false,"Async Capable":false,"Startup Cost":20.0,"Total Cost":25.22,"Plan Rows":63,"Plan Width":8,"Actual Startup Time":0.009,"Actual Total Time":0.011,"Actual Rows":62,"Actual Loops":1,"Shared Hit Blocks":0,"Shared Read Blocks":0,"Shared Dirtied Blocks":0,"Shared Written Blocks":0,"Local Hit Blocks":0,"Local Read Blocks":0,"Local Dirtied Blocks":0,"Local Written Blocks":0,"Temp Read Blocks":0,"Temp Written Blocks":0,"I/O Read Time":0.0,"I/O Write Time":0.0,"Temp I/O Read Time":0.0,"Temp I/O Write Time":0.0,"Subplans Removed":0,"Plans":[{"Node Type":"Custom Scan","Parent Relationship":"Member","Custom Plan Provider":"columnar scan","Parallel Aware":false,"Async Capable":false,"Relation Name":"nation","Schema":"public","Alias":"nation_1","Startup Cost":20.0,"Total Cost":21.21,"Plan Rows":62,"Plan Width":8,"Actual Startup Time":0.008,"Actual Total Time":0.009,"Actual Rows":62,"Actual Loops":1,"Output":["nation_1.n_nationkey","nation_1.n_regionkey"],"Rows Removed by Columnar Filter":0,"Columnar cache search mode":"native","Shared Hit Blocks":0,"Shared Read Blocks":0,"Shared Dirtied Blocks":0,"Shared Written Blocks":0,"Local Hit Blocks":0,"Local Read Blocks":0,"Local Dirtied Blocks":0,"Local Written Blocks":0,"Temp Read Blocks":0,"Temp Written Blocks":0,"I/O Read Time":0.0,"I/O Write Time":0.0,"Temp I/O Read Time":0.0,"Temp I/O Write Time":0.0},{"Node Type":"Seq Scan","Parent Relationship":"Member","Parallel Aware":false,"Async Capable":false,"Relation Name":"nation","Schema":"public","Alias":"nation_1","Startup Cost":0.0,"Total Cost":4.01,"Plan Rows":1,"Plan Width":8,"Actual Startup Time":0.0,"Actual Total Time":0.0,"Actual Rows":0,"Actual Loops":0,"Output":["nation_1.n_nationkey","nation_1.n_regionkey"],"Shared Hit Blocks":0,"Shared Read Blocks":0,"Shared Dirtied Blocks":0,"Shared Written Blocks":0,"Local Hit Blocks":0,"Local Read Blocks":0,"Local Dirtied Blocks":0,"Local Written Blocks":0,"Temp Read Blocks":0,"Temp Written Blocks":0,"I/O Read Time":0.0,"I/O Write Time":0.0,"Temp I/O Read Time":0.0,"Temp I/O Write Time":0.0}]}]}]}]}]}]}]}]}]}]},{"Node Type":"Index Scan","Parent Relationship":"Inner","Parallel Aware":false,"Async Capable":false,"Scan Direction":"Forward","Index Name":"supplier_pk","Relation Name":"supplier","Schema":"public","Alias":"supplier","Startup Cost":0.29,"Total Cost":3.25,"Plan Rows":1,"Plan Width":131,"Actual Startup Time":0.003,"Actual Total Time":0.003,"Actual Rows":1,"Actual Loops":4450,"Output":["supplier.su_suppkey","supplier.su_name","supplier.su_address","supplier.su_nationkey","supplier.su_phone","supplier.su_acctbal","supplier.su_comment"],"Index Cond":"(supplier.su_suppkey = mod((stock.s_w_id * stock.s_i_id), 10000))","Rows Removed by Index Recheck":0,"Shared Hit Blocks":13350,"Shared Read Blocks":0,"Shared Dirtied Blocks":0,"Shared Written Blocks":0,"Local Hit Blocks":0,"Local Read Blocks":0,"Local Dirtied Blocks":0,"Local Written Blocks":0,"Temp Read Blocks":0,"Temp Written Blocks":0,"I/O Read Time":0.0,"I/O Write Time":0.0,"Temp I/O Read Time":0.0,"Temp I/O Write Time":0.0}]},{"Node Type":"Index Scan","Parent Relationship":"Inner","Parallel Aware":false,"Async Capable":false,"Scan Direction":"Forward","Index Name":"nation_pk","Relation Name":"nation","Schema":"public","Alias":"nation","Startup Cost":0.14,"Total Cost":0.16,"Plan Rows":1,"Plan Width":16,"Actual Startup Time":0.001,"Actual Total Time":0.001,"Actual Rows":1,"Actual Loops":4450,"Output":["nation.n_nationkey","nation.n_name","nation.n_regionkey","nation.n_comment"],"Index Cond":"(nation.n_nationkey = supplier.su_nationkey)","Rows Removed by Index Recheck":0,"Shared Hit Blocks":8900,"Shared Read Blocks":0,"Shared Dirtied Blocks":0,"Shared Written Blocks":0,"Local Hit Blocks":0,"Local Read Blocks":0,"Local Dirtied Blocks":0,"Local Written Blocks":0,"Temp Read Blocks":0,"Temp Written Blocks":0,"I/O Read Time":0.0,"I/O Write Time":0.0,"Temp I/O Read Time":0.0,"Temp I/O Write Time":0.0}]},{"Node Type":"Hash","Parent Relationship":"Inner","Parallel Aware":false,"Async Capable":false,"Startup Cost":1.06,"Total Cost":1.06,"Plan Rows":1,"Plan Width":4,"Actual Startup Time":0.016,"Actual Total Time":0.018,"Actual Rows":1,"Actual Loops":1,"Output":["region.r_regionkey"],"Hash Buckets":1024,"Original Hash Buckets":1024,"Hash Batches":1,"Original Hash Batches":1,"Peak Memory Usage":9,"Shared Hit Blocks":1,"Shared Read Blocks":0,"Shared Dirtied Blocks":0,"Shared Written Blocks":0,"Local Hit Blocks":0,"Local Read Blocks":0,"Local Dirtied Blocks":0,"Local Written Blocks":0,"Temp Read Blocks":0,"Temp Written Blocks":0,"I/O Read Time":0.0,"I/O Write Time":0.0,"Temp I/O Read Time":0.0,"Temp I/O Write Time":0.0,"Plans":[{"Node Type":"Seq Scan","Parent Relationship":"Outer","Parallel Aware":false,"Async Capable":false,"Relation Name":"region","Schema":"public","Alias":"region","Startup Cost":0.0,"Total Cost":1.06,"Plan Rows":1,"Plan Width":4,"Actual Startup Time":0.013,"Actual Total Time":0.014,"Actual Rows":1,"Actual Loops":1,"Output":["region.r_regionkey"],"Filter":"((region.r_name)::text ~~ 'Europ%'::text)","Rows Removed by Filter":4,"Shared Hit Blocks":1,"Shared Read Blocks":0,"Shared Dirtied Blocks":0,"Shared Written Blocks":0,"Local Hit Blocks":0,"Local Read Blocks":0,"Local Dirtied Blocks":0,"Local Written Blocks":0,"Temp Read Blocks":0,"Temp Written Blocks":0,"I/O Read Time":0.0,"I/O Write Time":0.0,"Temp I/O Read Time":0.0,"Temp I/O Write Time":0.0}]}]}]},"Planning":{"Shared Hit Blocks":36,"Shared Read Blocks":0,"Shared Dirtied Blocks":0,"Shared Written Blocks":0,"Local Hit Blocks":0,"Local Read Blocks":0,"Local Dirtied Blocks":0,"Local Written Blocks":0,"Temp Read Blocks":0,"Temp Written Blocks":0,"I/O Read Time":0.0,"I/O Write Time":0.0,"Temp I/O Read Time":0.0,"Temp I/O Write Time":0.0},"Planning Time":0.919,"Triggers":[],"Execution Time":13732.234}]
[列存组合]: item, nation, stock, supplier
[{"Plan":{"Node Type":"Sort","Parallel Aware":false,"Async Capable":false,"Startup Cost":899586.73,"Total Cost":899586.74,"Plan Rows":2,"Plan Width":164,"Actual Startup Time":9079.566,"Actual Total Time":9079.702,"Actual Rows":2295,"Actual Loops":1,"Output":["supplier.su_suppkey","supplier.su_name","nation.n_name","item.i_id","item.i_name","supplier.su_address","supplier.su_phone","supplier.su_comment"],"Sort Key":["nation.n_name","supplier.su_name","item.i_id"],"Sort Method":"quicksort","Sort Space Used":568,"Sort Space Type":"Memory","Shared Hit Blocks":22252,"Shared Read Blocks":0,"Shared Dirtied Blocks":0,"Shared Written Blocks":0,"Local Hit Blocks":0,"Local Read Blocks":0,"Local Dirtied Blocks":0,"Local Written Blocks":0,"Temp Read Blocks":8330,"Temp Written Blocks":14781,"I/O Read Time":0.0,"I/O Write Time":0.0,"Temp I/O Read Time":12.977,"Temp I/O Write Time":49.585,"Plans":[{"Node Type":"Hash Join","Parent Relationship":"Outer","Parallel Aware":false,"Async Capable":false,"Join Type":"Inner","Startup Cost":854991.09,"Total Cost":899586.72,"Plan Rows":2,"Plan Width":164,"Actual Startup Time":8852.649,"Actual Total Time":9075.048,"Actual Rows":2295,"Actual Loops":1,"Output":["supplier.su_suppkey","supplier.su_name","nation.n_name","item.i_id","item.i_name","supplier.su_address","supplier.su_phone","supplier.su_comment"],"Hash Cond":"(nation.n_regionkey = region.r_regionkey)","Shared Hit Blocks":22252,"Shared Read Blocks":0,"Shared Dirtied Blocks":0,"Shared Written Blocks":0,"Local Hit Blocks":0,"Local Read Blocks":0,"Local Dirtied Blocks":0,"Local Written Blocks":0,"Temp Read Blocks":8330,"Temp Written Blocks":14781,"I/O Read Time":0.0,"I/O Write Time":0.0,"Temp I/O Read Time":12.977,"Temp I/O Write Time":49.585,"Plans":[{"Node Type":"Nested Loop","Parent Relationship":"Outer","Parallel Aware":false,"Async Capable":false,"Join Type":"Inner","Startup Cost":854990.02,"Total Cost":899585.6,"Plan Rows":10,"Plan Width":168,"Actual Startup Time":8852.596,"Actual Total Time":9074.249,"Actual Rows":4450,"Actual Loops":1,"Output":["item.i_id","item.i_name","supplier.su_suppkey","supplier.su_name","supplier.su_address","supplier.su_phone","supplier.su_comment","nation.n_name","nation.n_regionkey"],"Shared Hit Blocks":22251,"Shared Read Blocks":0,"Shared Dirtied Blocks":0,"Shared Written Blocks":0,"Local Hit Blocks":0,"Local Read Blocks":0,"Local Dirtied Blocks":0,"Local Written Blocks":0,"Temp Read Blocks":8330,"Temp Written Blocks":14781,"I/O Read Time":0.0,"I/O Write Time":0.0,"Temp I/O Read Time":12.977,"Temp I/O Write Time":49.585,"Plans":[{"Node Type":"Nested Loop","Parent Relationship":"Outer","Parallel Aware":false,"Async Capable":false,"Join Type":"Inner","Startup Cost":854989.88,"Total Cost":899584.01,"Plan Rows":10,"Plan Width":160,"Actual Startup Time":8852.576,"Actual Total Time":9069.232,"Actual Rows":4450,"Actual Loops":1,"Output":["item.i_id","item.i_name","supplier.su_suppkey","supplier.su_name","supplier.su_address","supplier.su_phone","supplier.su_comment","supplier.su_nationkey"],"Shared Hit Blocks":13351,"Shared Read Blocks":0,"Shared Dirtied Blocks":0,"Shared Written Blocks":0,"Local Hit Blocks":0,"Local Read Blocks":0,"Local Dirtied Blocks":0,"Local Written Blocks":0,"Temp Read Blocks":8330,"Temp Written Blocks":14781,"I/O Read Time":0.0,"I/O Write Time":0.0,"Temp I/O Read Time":12.977,"Temp I/O Write Time":49.585,"Plans":[{"Node Type":"Hash Join","Parent Relationship":"Outer","Parallel Aware":false,"Async Capable":false,"Join Type":"Inner","Startup Cost":854989.59,"Total Cost":899551.52,"Plan Rows":10,"Plan Width":35,"Actual Startup Time":8852.523,"Actual Total Time":9060.142,"Actual Rows":4450,"Actual Loops":1,"Output":["item.i_id","item.i_name","stock.s_i_id","stock.s_w_id"],"Hash Cond":"((item.i_id = stock_1.s_i_id) AND (stock.s_quantity = (min(stock_1.s_quantity))))","Shared Hit Blocks":1,"Shared Read Blocks":0,"Shared Dirtied Blocks":0,"Shared Written Blocks":0,"Local Hit Blocks":0,"Local Read Blocks":0,"Local Dirtied Blocks":0,"Local Written Blocks":0,"Temp Read Blocks":8330,"Temp Written Blocks":14781,"I/O Read Time":0.0,"I/O Write Time":0.0,"Temp I/O Read Time":12.977,"Temp I/O Write Time":49.585,"Plans":[{"Node Type":"Hash Join","Parent Relationship":"Outer","Parallel Aware":false,"Async Capable":false,"Join Type":"Inner","Startup Cost":44.04,"Total Cost":44595.48,"Plan Rows":2000,"Plan Width":37,"Actual Startup Time":46.867,"Actual Total Time":214.648,"Actual Rows":314400,"Actual Loops":1,"Output":["item.i_id","item.i_name","stock.s_i_id","stock.s_w_id","stock.s_quantity"],"Hash Cond":"(stock.s_i_id = item.i_id)","Rows Removed by Bloom Filter":58505694,"Shared Hit Blocks":0,"Shared Read Blocks":0,"Shared Dirtied Blocks":0,"Shared Written Blocks":0,"Local Hit Blocks":0,"Local Read Blocks":0,"Local Dirtied Blocks":0,"Local Written Blocks":0,"Temp Read Blocks":0,"Temp Written Blocks":0,"I/O Read Time":0.0,"I/O Write Time":0.0,"Temp I/O Read Time":0.0,"Temp I/O Write Time":0.0,"Plans":[{"Node Type":"Append","Parent Relationship":"Outer","Parallel Aware":false,"Async Capable":false,"Startup Cost":20.0,"Total Cost":430026.22,"Plan Rows":20000212,"Plan Width":8,"Actual Startup Time":0.254,"Actual Total Time":0.259,"Actual Rows":20000000,"Actual Loops":1,"Shared Hit Blocks":0,"Shared Read Blocks":0,"Shared Dirtied Blocks":0,"Shared Written Blocks":0,"Local Hit Blocks":0,"Local Read Blocks":0,"Local Dirtied Blocks":0,"Local Written Blocks":0,"Temp Read Blocks":0,"Temp Written Blocks":0,"I/O Read Time":0.0,"I/O Write Time":0.0,"Temp I/O Read Time":0.0,"Temp I/O Write Time":0.0,"Subplans Removed":0,"Plans":[{"Node Type":"Custom Scan","Parent Relationship":"Member","Custom Plan Provider":"columnar scan","Parallel Aware":false,"Async Capable":false,"Relation Name":"stock","Schema":"public","Alias":"stock","Startup Cost":20.0,"Total Cost":430020.1,"Plan Rows":20000000,"Plan Width":8,"Actual Startup Time":0.254,"Actual Total Time":0.255,"Actual Rows":20000000,"Actual Loops":1,"Output":["stock.s_i_id","stock.s_w_id","stock.s_quantity"],"Rows Removed by Columnar Filter":0,"Columnar cache search mode":"native","Shared Hit Blocks":0,"Shared Read Blocks":0,"Shared Dirtied Blocks":0,"Shared Written Blocks":0,"Local Hit Blocks":0,"Local Read Blocks":0,"Local Dirtied Blocks":0,"Local Written Blocks":0,"Temp Read Blocks":0,"Temp Written Blocks":0,"I/O Read Time":0.0,"I/O Write Time":0.0,"Temp I/O Read Time":0.0,"Temp I/O Write Time":0.0},{"Node Type":"Seq Scan","Parent Relationship":"Member","Parallel Aware":false,"Async Capable":false,"Relation Name":"stock","Schema":"public","Alias":"stock","Startup Cost":0.0,"Total Cost":6.12,"Plan Rows":212,"Plan Width":8,"Actual Startup Time":0.0,"Actual Total Time":0.0,"Actual Rows":0,"Actual Loops":0,"Output":["stock.s_i_id","stock.s_w_id","stock.s_quantity"],"Shared Hit Blocks":0,"Shared Read Blocks":0,"Shared Dirtied Blocks":0,"Shared Written Blocks":0,"Local Hit Blocks":0,"Local Read Blocks":0,"Local Dirtied Blocks":0,"Local Written Blocks":0,"Temp Read Blocks":0,"Temp Written Blocks":0,"I/O Read Time":0.0,"I/O Write Time":0.0,"Temp I/O Read Time":0.0,"Temp I/O Write Time":0.0}]},{"Node Type":"Hash","Parent Relationship":"Inner","Parallel Aware":false,"Async Capable":false,"Startup Cost":24.21,"Total Cost":24.21,"Plan Rows":11,"Plan Width":29,"Actual Rows":1572,"Actual Loops":1,"Output":["item.i_id","item.i_name"],"Shared Hit Blocks":0,"Shared Read Blocks":0,"Shared Dirtied Blocks":0,"Shared Written Blocks":0,"Local Hit Blocks":0,"Local Read Blocks":0,"Local Dirtied Blocks":0,"Local Written Blocks":0,"Temp Read Blocks":0,"Temp Written Blocks":0,"I/O Read Time":0.0,"I/O Write Time":0.0,"Temp I/O Read Time":0.0,"Temp I/O Write Time":0.0,"Plans":[{"Node Type":"Append","Parent Relationship":"Outer","Parallel Aware":false,"Async Capable":false,"Startup Cost":20.0,"Total Cost":24.21,"Plan Rows":11,"Plan Width":29,"Actual Startup Time":7.238,"Actual Total Time":7.242,"Actual Rows":1572,"Actual Loops":1,"Shared Hit Blocks":0,"Shared Read Blocks":0,"Shared Dirtied Blocks":0,"Shared Written Blocks":0,"Local Hit Blocks":0,"Local Read Blocks":0,"Local Dirtied Blocks":0,"Local Written Blocks":0,"Temp Read Blocks":0,"Temp Written Blocks":0,"I/O Read Time":0.0,"I/O Write Time":0.0,"Temp I/O Read Time":0.0,"Temp I/O Write Time":0.0,"Subplans Removed":0,"Plans":[{"Node Type":"Custom Scan","Parent Relationship":"Member","Custom Plan Provider":"columnar scan","Parallel Aware":false,"Async Capable":false,"Relation Name":"item","Schema":"public","Alias":"item","Startup Cost":20.0,"Total Cost":20.2,"Plan Rows":10,"Plan Width":29,"Actual Startup Time":7.235,"Actual Total Time":7.235,"Actual Rows":1572,"Actual Loops":1,"Output":["item.i_id","item.i_name"],"Filter":"((item.i_data)::text ~~ '%b'::text)","Rows Removed by Filter":0,"Rows Removed by Columnar Filter":98428,"Columnar cache search mode":"native","Shared Hit Blocks":0,"Shared Read Blocks":0,"Shared Dirtied Blocks":0,"Shared Written Blocks":0,"Local Hit Blocks":0,"Local Read Blocks":0,"Local Dirtied Blocks":0,"Local Written Blocks":0,"Temp Read Blocks":0,"Temp Written Blocks":0,"I/O Read Time":0.0,"I/O Write Time":0.0,"Temp I/O Read Time":0.0,"Temp I/O Write Time":0.0},{"Node Type":"Seq Scan","Parent Relationship":"Member","Parallel Aware":false,"Async Capable":false,"Relation Name":"item","Schema":"public","Alias":"item","Startup Cost":0.0,"Total Cost":4.01,"Plan Rows":1,"Plan Width":29,"Actual Startup Time":0.0,"Actual Total Time":0.0,"Actual Rows":0,"Actual Loops":0,"Output":["item.i_id","item.i_name"],"Filter":"((item.i_data)::text ~~ '%b'::text)","Rows Removed by Filter":0,"Shared Hit Blocks":0,"Shared Read Blocks":0,"Shared Dirtied Blocks":0,"Shared Written Blocks":0,"Local Hit Blocks":0,"Local Read Blocks":0,"Local Dirtied Blocks":0,"Local Written Blocks":0,"Temp Read Blocks":0,"Temp Written Blocks":0,"I/O Read Time":0.0,"I/O Write Time":0.0,"Temp I/O Read Time":0.0,"Temp I/O Write Time":0.0}]}]}]},{"Node Type":"Hash","Parent Relationship":"Inner","Parallel Aware":false,"Async Capable":false,"Startup Cost":853460.06,"Total Cost":853460.06,"Plan Rows":99032,"Plan Width":6,"Actual Startup Time":8805.178,"Actual Total Time":8805.195,"Actual Rows":100000,"Actual Loops":1,"Output":["stock_1.s_i_id","(min(stock_1.s_quantity))"],"Hash Buckets":131072,"Original Hash Buckets":131072,"Hash Batches":1,"Original Hash Batches":1,"Peak Memory Usage":4735,"Shared Hit Blocks":1,"Shared Read Blocks":0,"Shared Dirtied Blocks":0,"Shared Written Blocks":0,"Local Hit Blocks":0,"Local Read Blocks":0,"Local Dirtied Blocks":0,"Local Written Blocks":0,"Temp Read Blocks":8330,"Temp Written Blocks":14781,"I/O Read Time":0.0,"I/O Write Time":0.0,"Temp I/O Read Time":12.977,"Temp I/O Write Time":49.585,"Plans":[{"Node Type":"Aggregate","Strategy":"Hashed","Partial Mode":"Simple","Parent Relationship":"Outer","Parallel Aware":false,"Async Capable":false,"Startup Cost":820229.1,"Total Cost":852469.74,"Plan Rows":99032,"Plan Width":6,"Actual Startup Time":8465.994,"Actual Total Time":8789.181,"Actual Rows":100000,"Actual Loops":1,"Output":["stock_1.s_i_id","min(stock_1.s_quantity)"],"Group Key":["stock_1.s_i_id"],"Planned Partitions":0,"HashAgg Batches":5,"Peak Memory Usage":8241,"Disk Usage":68504,"Shared Hit Blocks":1,"Shared Read Blocks":0,"Shared Dirtied Blocks":0,"Shared Written Blocks":0,"Local Hit Blocks":0,"Local Read Blocks":0,"Local Dirtied Blocks":0,"Local Written Blocks":0,"Temp Read Blocks":8330,"Temp Written Blocks":14781,"I/O Read Time":0.0,"I/O Write Time":0.0,"Temp I/O Read Time":12.977,"Temp I/O Write Time":49.585,"Plans":[{"Node Type":"Hash Join","Parent Relationship":"Outer","Parallel Aware":false,"Async Capable":false,"Join Type":"Inner","Startup Cost":218.77,"Total Cost":595226.73,"Plan Rows":4000042,"Plan Width":6,"Actual Startup Time":2.788,"Actual Total Time":7142.313,"Actual Rows":6959700,"Actual Loops":1,"Output":["stock_1.s_i_id","stock_1.s_quantity"],"Hash Cond":"(mod((stock_1.s_w_id * stock_1.s_i_id), 10000) = supplier_1.su_suppkey)","Shared Hit Blocks":1,"Shared Read Blocks":0,"Shared Dirtied Blocks":0,"Shared Written Blocks":0,"Local Hit Blocks":0,"Local Read Blocks":0,"Local Dirtied Blocks":0,"Local Written Blocks":0,"Temp Read Blocks":0,"Temp Written Blocks":0,"I/O Read Time":0.0,"I/O Write Time":0.0,"Temp I/O Read Time":0.0,"Temp I/O Write Time":0.0,"Plans":[{"Node Type":"Append","Parent Relationship":"Outer","Parallel Aware":false,"Async Capable":false,"Startup Cost":20.0,"Total Cost":430026.22,"Plan Rows":20000212,"Plan Width":8,"Actual Startup Time":0.017,"Actual Total Time":4214.271,"Actual Rows":20000000,"Actual Loops":1,"Shared Hit Blocks":0,"Shared Read Blocks":0,"Shared Dirtied Blocks":0,"Shared Written Blocks":0,"Local Hit Blocks":0,"Local Read Blocks":0,"Local Dirtied Blocks":0,"Local Written Blocks":0,"Temp Read Blocks":0,"Temp Written Blocks":0,"I/O Read Time":0.0,"I/O Write Time":0.0,"Temp I/O Read Time":0.0,"Temp I/O Write Time":0.0,"Subplans Removed":0,"Plans":[{"Node Type":"Custom Scan","Parent Relationship":"Member","Custom Plan Provider":"columnar scan","Parallel Aware":false,"Async Capable":false,"Relation Name":"stock","Schema":"public","Alias":"stock_1","Startup Cost":20.0,"Total Cost":430020.1,"Plan Rows":20000000,"Plan Width":8,"Actual Startup Time":0.016,"Actual Total Time":2769.539,"Actual Rows":20000000,"Actual Loops":1,"Output":["stock_1.s_i_id","stock_1.s_quantity","stock_1.s_w_id"],"Rows Removed by Columnar Filter":0,"Columnar cache search mode":"native","Shared Hit Blocks":0,"Shared Read Blocks":0,"Shared Dirtied Blocks":0,"Shared Written Blocks":0,"Local Hit Blocks":0,"Local Read Blocks":0,"Local Dirtied Blocks":0,"Local Written Blocks":0,"Temp Read Blocks":0,"Temp Written Blocks":0,"I/O Read Time":0.0,"I/O Write Time":0.0,"Temp I/O Read Time":0.0,"Temp I/O Write Time":0.0},{"Node Type":"Seq Scan","Parent Relationship":"Member","Parallel Aware":false,"Async Capable":false,"Relation Name":"stock","Schema":"public","Alias":"stock_1","Startup Cost":0.0,"Total Cost":6.12,"Plan Rows":212,"Plan Width":8,"Actual Startup Time":0.0,"Actual Total Time":0.0,"Actual Rows":0,"Actual Loops":0,"Output":["stock_1.s_i_id","stock_1.s_quantity","stock_1.s_w_id"],"Shared Hit Blocks":0,"Shared Read Blocks":0,"Shared Dirtied Blocks":0,"Shared Written Blocks":0,"Local Hit Blocks":0,"Local Read Blocks":0,"Local Dirtied Blocks":0,"Local Written Blocks":0,"Temp Read Blocks":0,"Temp Written Blocks":0,"I/O Read Time":0.0,"I/O Write Time":0.0,"Temp I/O Read Time":0.0,"Temp I/O Write Time":0.0}]},{"Node Type":"Hash","Parent Relationship":"Inner","Parallel Aware":false,"Async Capable":false,"Startup Cost":173.77,"Total Cost":173.77,"Plan Rows":2000,"Plan Width":4,"Actual Startup Time":2.759,"Actual Total Time":2.774,"Actual Rows":3506,"Actual Loops":1,"Output":["supplier_1.su_suppkey"],"Hash Buckets":4096,"Original Hash Buckets":2048,"Hash Batches":1,"Original Hash Batches":1,"Peak Memory Usage":156,"Shared Hit Blocks":1,"Shared Read Blocks":0,"Shared Dirtied Blocks":0,"Shared Written Blocks":0,"Local Hit Blocks":0,"Local Read Blocks":0,"Local Dirtied Blocks":0,"Local Written Blocks":0,"Temp Read Blocks":0,"Temp Written Blocks":0,"I/O Read Time":0.0,"I/O Write Time":0.0,"Temp I/O Read Time":0.0,"Temp I/O Write Time":0.0,"Plans":[{"Node Type":"Hash Join","Parent Relationship":"Outer","Parallel Aware":false,"Async Capable":false,"Join Type":"Inner","Startup Cost":25.24,"Total Cost":173.77,"Plan Rows":2000,"Plan Width":4,"Actual Startup Time":0.808,"Actual Total Time":2.342,"Actual Rows":3506,"Actual Loops":1,"Output":["supplier_1.su_suppkey"],"Hash Cond":"(nation_1.n_regionkey = region_1.r_regionkey)","Shared Hit Blocks":1,"Shared Read Blocks":0,"Shared Dirtied Blocks":0,"Shared Written Blocks":0,"Local Hit Blocks":0,"Local Read Blocks":0,"Local Dirtied Blocks":0,"Local Written Blocks":0,"Temp Read Blocks":0,"Temp Written Blocks":0,"I/O Read Time":0.0,"I/O Write Time":0.0,"Temp I/O Read Time":0.0,"Temp I/O Write Time":0.0,"Plans":[{"Node Type":"Hash Join","Parent Relationship":"Outer","Parallel Aware":false,"Async Capable":false,"Join Type":"Inner","Startup Cost":24.16,"Total Cost":124.19,"Plan Rows":10000,"Plan Width":8,"Actual Startup Time":0.783,"Actual Total Time":1.334,"Actual Rows":10000,"Actual Loops":1,"Output":["supplier_1.su_suppkey","nation_1.n_regionkey"],"Hash Cond":"(supplier_1.su_nationkey = nation_1.n_nationkey)","Rows Removed by Bloom Filter":0,"Shared Hit Blocks":0,"Shared Read Blocks":0,"Shared Dirtied Blocks":0,"Shared Written Blocks":0,"Local Hit Blocks":0,"Local Read Blocks":0,"Local Dirtied Blocks":0,"Local Written Blocks":0,"Temp Read Blocks":0,"Temp Written Blocks":0,"I/O Read Time":0.0,"I/O Write Time":0.0,"Temp I/O Read Time":0.0,"Temp I/O Write Time":0.0,"Plans":[{"Node Type":"Append","Parent Relationship":"Outer","Parallel Aware":false,"Async Capable":false,"Startup Cost":20.0,"Total Cost":219.01,"Plan Rows":10001,"Plan Width":8,"Actual Startup Time":0.006,"Actual Total Time":0.008,"Actual Rows":10000,"Actual Loops":1,"Shared Hit Blocks":0,"Shared Read Blocks":0,"Shared Dirtied Blocks":0,"Shared Written Blocks":0,"Local Hit Blocks":0,"Local Read Blocks":0,"Local Dirtied Blocks":0,"Local Written Blocks":0,"Temp Read Blocks":0,"Temp Written Blocks":0,"I/O Read Time":0.0,"I/O Write Time":0.0,"Temp I/O Read Time":0.0,"Temp I/O Write Time":0.0,"Subplans Removed":0,"Plans":[{"Node Type":"Custom Scan","Parent Relationship":"Member","Custom Plan Provider":"columnar scan","Parallel Aware":false,"Async Capable":false,"Relation Name":"supplier","Schema":"public","Alias":"supplier_1","Startup Cost":20.0,"Total Cost":215.0,"Plan Rows":10000,"Plan Width":8,"Actual Startup Time":0.005,"Actual Total Time":0.005,"Actual Rows":10000,"Actual Loops":1,"Output":["supplier_1.su_suppkey","supplier_1.su_nationkey"],"Rows Removed by Columnar Filter":0,"Columnar cache search mode":"native","Shared Hit Blocks":0,"Shared Read Blocks":0,"Shared Dirtied Blocks":0,"Shared Written Blocks":0,"Local Hit Blocks":0,"Local Read Blocks":0,"Local Dirtied Blocks":0,"Local Written Blocks":0,"Temp Read Blocks":0,"Temp Written Blocks":0,"I/O Read Time":0.0,"I/O Write Time":0.0,"Temp I/O Read Time":0.0,"Temp I/O Write Time":0.0},{"Node Type":"Seq Scan","Parent Relationship":"Member","Parallel Aware":false,"Async Capable":false,"Relation Name":"supplier","Schema":"public","Alias":"supplier_1","Startup Cost":0.0,"Total Cost":4.01,"Plan Rows":1,"Plan Width":8,"Actual Startup Time":0.0,"Actual Total Time":0.0,"Actual Rows":0,"Actual Loops":0,"Output":["supplier_1.su_suppkey","supplier_1.su_nationkey"],"Shared Hit Blocks":0,"Shared Read Blocks":0,"Shared Dirtied Blocks":0,"Shared Written Blocks":0,"Local Hit Blocks":0,"Local Read Blocks":0,"Local Dirtied Blocks":0,"Local Written Blocks":0,"Temp Read Blocks":0,"Temp Written Blocks":0,"I/O Read Time":0.0,"I/O Write Time":0.0,"Temp I/O Read Time":0.0,"Temp I/O Write Time":0.0}]},{"Node Type":"Hash","Parent Relationship":"Inner","Parallel Aware":false,"Async Capable":false,"Startup Cost":25.22,"Total Cost":25.22,"Plan Rows":63,"Plan Width":8,"Actual Rows":62,"Actual Loops":1,"Output":["nation_1.n_nationkey","nation_1.n_regionkey"],"Shared Hit Blocks":0,"Shared Read Blocks":0,"Shared Dirtied Blocks":0,"Shared Written Blocks":0,"Local Hit Blocks":0,"Local Read Blocks":0,"Local Dirtied Blocks":0,"Local Written Blocks":0,"Temp Read Blocks":0,"Temp Written Blocks":0,"I/O Read Time":0.0,"I/O Write Time":0.0,"Temp I/O Read Time":0.0,"Temp I/O Write Time":0.0,"Plans":[{"Node Type":"Append","Parent Relationship":"Outer","Parallel Aware":false,"Async Capable":false,"Startup Cost":20.0,"Total Cost":25.22,"Plan Rows":63,"Plan Width":8,"Actual Startup Time":0.008,"Actual Total Time":0.01,"Actual Rows":62,"Actual Loops":1,"Shared Hit Blocks":0,"Shared Read Blocks":0,"Shared Dirtied Blocks":0,"Shared Written Blocks":0,"Local Hit Blocks":0,"Local Read Blocks":0,"Local Dirtied Blocks":0,"Local Written Blocks":0,"Temp Read Blocks":0,"Temp Written Blocks":0,"I/O Read Time":0.0,"I/O Write Time":0.0,"Temp I/O Read Time":0.0,"Temp I/O Write Time":0.0,"Subplans Removed":0,"Plans":[{"Node Type":"Custom Scan","Parent Relationship":"Member","Custom Plan Provider":"columnar scan","Parallel Aware":false,"Async Capable":false,"Relation Name":"nation","Schema":"public","Alias":"nation_1","Startup Cost":20.0,"Total Cost":21.21,"Plan Rows":62,"Plan Width":8,"Actual Startup Time":0.007,"Actual Total Time":0.007,"Actual Rows":62,"Actual Loops":1,"Output":["nation_1.n_nationkey","nation_1.n_regionkey"],"Rows Removed by Columnar Filter":0,"Columnar cache search mode":"native","Shared Hit Blocks":0,"Shared Read Blocks":0,"Shared Dirtied Blocks":0,"Shared Written Blocks":0,"Local Hit Blocks":0,"Local Read Blocks":0,"Local Dirtied Blocks":0,"Local Written Blocks":0,"Temp Read Blocks":0,"Temp Written Blocks":0,"I/O Read Time":0.0,"I/O Write Time":0.0,"Temp I/O Read Time":0.0,"Temp I/O Write Time":0.0},{"Node Type":"Seq Scan","Parent Relationship":"Member","Parallel Aware":false,"Async Capable":false,"Relation Name":"nation","Schema":"public","Alias":"nation_1","Startup Cost":0.0,"Total Cost":4.01,"Plan Rows":1,"Plan Width":8,"Actual Startup Time":0.0,"Actual Total Time":0.0,"Actual Rows":0,"Actual Loops":0,"Output":["nation_1.n_nationkey","nation_1.n_regionkey"],"Shared Hit Blocks":0,"Shared Read Blocks":0,"Shared Dirtied Blocks":0,"Shared Written Blocks":0,"Local Hit Blocks":0,"Local Read Blocks":0,"Local Dirtied Blocks":0,"Local Written Blocks":0,"Temp Read Blocks":0,"Temp Written Blocks":0,"I/O Read Time":0.0,"I/O Write Time":0.0,"Temp I/O Read Time":0.0,"Temp I/O Write Time":0.0}]}]}]},{"Node Type":"Hash","Parent Relationship":"Inner","Parallel Aware":false,"Async Capable":false,"Startup Cost":1.06,"Total Cost":1.06,"Plan Rows":1,"Plan Width":4,"Actual Startup Time":0.013,"Actual Total Time":0.015,"Actual Rows":1,"Actual Loops":1,"Output":["region_1.r_regionkey"],"Hash Buckets":1024,"Original Hash Buckets":1024,"Hash Batches":1,"Original Hash Batches":1,"Peak Memory Usage":9,"Shared Hit Blocks":1,"Shared Read Blocks":0,"Shared Dirtied Blocks":0,"Shared Written Blocks":0,"Local Hit Blocks":0,"Local Read Blocks":0,"Local Dirtied Blocks":0,"Local Written Blocks":0,"Temp Read Blocks":0,"Temp Written Blocks":0,"I/O Read Time":0.0,"I/O Write Time":0.0,"Temp I/O Read Time":0.0,"Temp I/O Write Time":0.0,"Plans":[{"Node Type":"Seq Scan","Parent Relationship":"Outer","Parallel Aware":false,"Async Capable":false,"Relation Name":"region","Schema":"public","Alias":"region_1","Startup Cost":0.0,"Total Cost":1.06,"Plan Rows":1,"Plan Width":4,"Actual Startup Time":0.009,"Actual Total Time":0.01,"Actual Rows":1,"Actual Loops":1,"Output":["region_1.r_regionkey"],"Filter":"((region_1.r_name)::text ~~ 'Europ%'::text)","Rows Removed by Filter":4,"Shared Hit Blocks":1,"Shared Read Blocks":0,"Shared Dirtied Blocks":0,"Shared Written Blocks":0,"Local Hit Blocks":0,"Local Read Blocks":0,"Local Dirtied Blocks":0,"Local Written Blocks":0,"Temp Read Blocks":0,"Temp Written Blocks":0,"I/O Read Time":0.0,"I/O Write Time":0.0,"Temp I/O Read Time":0.0,"Temp I/O Write Time":0.0}]}]}]}]}]}]}]},{"Node Type":"Index Scan","Parent Relationship":"Inner","Parallel Aware":false,"Async Capable":false,"Scan Direction":"Forward","Index Name":"supplier_pk","Relation Name":"supplier","Schema":"public","Alias":"supplier","Startup Cost":0.29,"Total Cost":3.25,"Plan Rows":1,"Plan Width":131,"Actual Startup Time":0.002,"Actual Total Time":0.002,"Actual Rows":1,"Actual Loops":4450,"Output":["supplier.su_suppkey","supplier.su_name","supplier.su_address","supplier.su_nationkey","supplier.su_phone","supplier.su_acctbal","supplier.su_comment"],"Index Cond":"(supplier.su_suppkey = mod((stock.s_w_id * stock.s_i_id), 10000))","Rows Removed by Index Recheck":0,"Shared Hit Blocks":13350,"Shared Read Blocks":0,"Shared Dirtied Blocks":0,"Shared Written Blocks":0,"Local Hit Blocks":0,"Local Read Blocks":0,"Local Dirtied Blocks":0,"Local Written Blocks":0,"Temp Read Blocks":0,"Temp Written Blocks":0,"I/O Read Time":0.0,"I/O Write Time":0.0,"Temp I/O Read Time":0.0,"Temp I/O Write Time":0.0}]},{"Node Type":"Index Scan","Parent Relationship":"Inner","Parallel Aware":false,"Async Capable":false,"Scan Direction":"Forward","Index Name":"nation_pk","Relation Name":"nation","Schema":"public","Alias":"nation","Startup Cost":0.14,"Total Cost":0.16,"Plan Rows":1,"Plan Width":16,"Actual Startup Time":0.001,"Actual Total Time":0.001,"Actual Rows":1,"Actual Loops":4450,"Output":["nation.n_nationkey","nation.n_name","nation.n_regionkey","nation.n_comment"],"Index Cond":"(nation.n_nationkey = supplier.su_nationkey)","Rows Removed by Index Recheck":0,"Shared Hit Blocks":8900,"Shared Read Blocks":0,"Shared Dirtied Blocks":0,"Shared Written Blocks":0,"Local Hit Blocks":0,"Local Read Blocks":0,"Local Dirtied Blocks":0,"Local Written Blocks":0,"Temp Read Blocks":0,"Temp Written Blocks":0,"I/O Read Time":0.0,"I/O Write Time":0.0,"Temp I/O Read Time":0.0,"Temp I/O Write Time":0.0}]},{"Node Type":"Hash","Parent Relationship":"Inner","Parallel Aware":false,"Async Capable":false,"Startup Cost":1.06,"Total Cost":1.06,"Plan Rows":1,"Plan Width":4,"Actual Startup Time":0.016,"Actual Total Time":0.017,"Actual Rows":1,"Actual Loops":1,"Output":["region.r_regionkey"],"Hash Buckets":1024,"Original Hash Buckets":1024,"Hash Batches":1,"Original Hash Batches":1,"Peak Memory Usage":9,"Shared Hit Blocks":1,"Shared Read Blocks":0,"Shared Dirtied Blocks":0,"Shared Written Blocks":0,"Local Hit Blocks":0,"Local Read Blocks":0,"Local Dirtied Blocks":0,"Local Written Blocks":0,"Temp Read Blocks":0,"Temp Written Blocks":0,"I/O Read Time":0.0,"I/O Write Time":0.0,"Temp I/O Read Time":0.0,"Temp I/O Write Time":0.0,"Plans":[{"Node Type":"Seq Scan","Parent Relationship":"Outer","Parallel Aware":false,"Async Capable":false,"Relation Name":"region","Schema":"public","Alias":"region","Startup Cost":0.0,"Total Cost":1.06,"Plan Rows":1,"Plan Width":4,"Actual Startup Time":0.012,"Actual Total Time":0.012,"Actual Rows":1,"Actual Loops":1,"Output":["region.r_regionkey"],"Filter":"((region.r_name)::text ~~ 'Europ%'::text)","Rows Removed by Filter":4,"Shared Hit Blocks":1,"Shared Read Blocks":0,"Shared Dirtied Blocks":0,"Shared Written Blocks":0,"Local Hit Blocks":0,"Local Read Blocks":0,"Local Dirtied Blocks":0,"Local Written Blocks":0,"Temp Read Blocks":0,"Temp Written Blocks":0,"I/O Read Time":0.0,"I/O Write Time":0.0,"Temp I/O Read Time":0.0,"Temp I/O Write Time":0.0}]}]}]},"Planning":{"Shared Hit Blocks":36,"Shared Read Blocks":0,"Shared Dirtied Blocks":0,"Shared Written Blocks":0,"Local Hit Blocks":0,"Local Read Blocks":0,"Local Dirtied Blocks":0,"Local Written Blocks":0,"Temp Read Blocks":0,"Temp Written Blocks":0,"I/O Read Time":0.0,"I/O Write Time":0.0,"Temp I/O Read Time":0.0,"Temp I/O Write Time":0.0},"Planning Time":2.508,"Triggers":[],"Execution Time":9094.7}]
[列存组合]: item, region, stock, supplier
[{"Plan":{"Node Type":"Sort","Parallel Aware":false,"Async Capable":false,"Startup Cost":899691.98,"Total Cost":899691.99,"Plan Rows":2,"Plan Width":164,"Actual Startup Time":9099.255,"Actual Total Time":9099.386,"Actual Rows":2295,"Actual Loops":1,"Output":["supplier.su_suppkey","supplier.su_name","nation.n_name","item.i_id","item.i_name","supplier.su_address","supplier.su_phone","supplier.su_comment"],"Sort Key":["nation.n_name","supplier.su_name","item.i_id"],"Sort Method":"quicksort","Sort Space Used":568,"Sort Space Type":"Memory","Shared Hit Blocks":22253,"Shared Read Blocks":0,"Shared Dirtied Blocks":0,"Shared Written Blocks":0,"Local Hit Blocks":0,"Local Read Blocks":0,"Local Dirtied Blocks":0,"Local Written Blocks":0,"Temp Read Blocks":8330,"Temp Written Blocks":14781,"I/O Read Time":0.0,"I/O Write Time":0.0,"Temp I/O Read Time":12.858,"Temp I/O Write Time":49.387,"Plans":[{"Node Type":"Hash Join","Parent Relationship":"Outer","Parallel Aware":false,"Async Capable":false,"Join Type":"Inner","Startup Cost":855096.34,"Total Cost":899691.97,"Plan Rows":2,"Plan Width":164,"Actual Startup Time":8891.682,"Actual Total Time":9094.917,"Actual Rows":2295,"Actual Loops":1,"Output":["supplier.su_suppkey","supplier.su_name","nation.n_name","item.i_id","item.i_name","supplier.su_address","supplier.su_phone","supplier.su_comment"],"Hash Cond":"(nation.n_regionkey = region.r_regionkey)","Shared Hit Blocks":22253,"Shared Read Blocks":0,"Shared Dirtied Blocks":0,"Shared Written Blocks":0,"Local Hit Blocks":0,"Local Read Blocks":0,"Local Dirtied Blocks":0,"Local Written Blocks":0,"Temp Read Blocks":8330,"Temp Written Blocks":14781,"I/O Read Time":0.0,"I/O Write Time":0.0,"Temp I/O Read Time":12.858,"Temp I/O Write Time":49.387,"Plans":[{"Node Type":"Nested Loop","Parent Relationship":"Outer","Parallel Aware":false,"Async Capable":false,"Join Type":"Inner","Startup Cost":855095.27,"Total Cost":899690.85,"Plan Rows":10,"Plan Width":168,"Actual Startup Time":8891.632,"Actual Total Time":9094.134,"Actual Rows":4450,"Actual Loops":1,"Output":["item.i_id","item.i_name","supplier.su_suppkey","supplier.su_name","supplier.su_address","supplier.su_phone","supplier.su_comment","nation.n_name","nation.n_regionkey"],"Shared Hit Blocks":22252,"Shared Read Blocks":0,"Shared Dirtied Blocks":0,"Shared Written Blocks":0,"Local Hit Blocks":0,"Local Read Blocks":0,"Local Dirtied Blocks":0,"Local Written Blocks":0,"Temp Read Blocks":8330,"Temp Written Blocks":14781,"I/O Read Time":0.0,"I/O Write Time":0.0,"Temp I/O Read Time":12.858,"Temp I/O Write Time":49.387,"Plans":[{"Node Type":"Nested Loop","Parent Relationship":"Outer","Parallel Aware":false,"Async Capable":false,"Join Type":"Inner","Startup Cost":855095.13,"Total Cost":899689.26,"Plan Rows":10,"Plan Width":160,"Actual Startup Time":8891.615,"Actual Total Time":9089.154,"Actual Rows":4450,"Actual Loops":1,"Output":["item.i_id","item.i_name","supplier.su_suppkey","supplier.su_name","supplier.su_address","supplier.su_phone","supplier.su_comment","supplier.su_nationkey"],"Shared Hit Blocks":13352,"Shared Read Blocks":0,"Shared Dirtied Blocks":0,"Shared Written Blocks":0,"Local Hit Blocks":0,"Local Read Blocks":0,"Local Dirtied Blocks":0,"Local Written Blocks":0,"Temp Read Blocks":8330,"Temp Written Blocks":14781,"I/O Read Time":0.0,"I/O Write Time":0.0,"Temp I/O Read Time":12.858,"Temp I/O Write Time":49.387,"Plans":[{"Node Type":"Hash Join","Parent Relationship":"Outer","Parallel Aware":false,"Async Capable":false,"Join Type":"Inner","Startup Cost":855094.84,"Total Cost":899656.77,"Plan Rows":10,"Plan Width":35,"Actual Startup Time":8891.561,"Actual Total Time":9080.165,"Actual Rows":4450,"Actual Loops":1,"Output":["item.i_id","item.i_name","stock.s_i_id","stock.s_w_id"],"Hash Cond":"((item.i_id = stock_1.s_i_id) AND (stock.s_quantity = (min(stock_1.s_quantity))))","Shared Hit Blocks":2,"Shared Read Blocks":0,"Shared Dirtied Blocks":0,"Shared Written Blocks":0,"Local Hit Blocks":0,"Local Read Blocks":0,"Local Dirtied Blocks":0,"Local Written Blocks":0,"Temp Read Blocks":8330,"Temp Written Blocks":14781,"I/O Read Time":0.0,"I/O Write Time":0.0,"Temp I/O Read Time":12.858,"Temp I/O Write Time":49.387,"Plans":[{"Node Type":"Hash Join","Parent Relationship":"Outer","Parallel Aware":false,"Async Capable":false,"Join Type":"Inner","Startup Cost":44.04,"Total Cost":44595.48,"Plan Rows":2000,"Plan Width":37,"Actual Startup Time":40.172,"Actual Total Time":189.922,"Actual Rows":314400,"Actual Loops":1,"Output":["item.i_id","item.i_name","stock.s_i_id","stock.s_w_id","stock.s_quantity"],"Hash Cond":"(stock.s_i_id = item.i_id)","Rows Removed by Bloom Filter":58505694,"Shared Hit Blocks":0,"Shared Read Blocks":0,"Shared Dirtied Blocks":0,"Shared Written Blocks":0,"Local Hit Blocks":0,"Local Read Blocks":0,"Local Dirtied Blocks":0,"Local Written Blocks":0,"Temp Read Blocks":0,"Temp Written Blocks":0,"I/O Read Time":0.0,"I/O Write Time":0.0,"Temp I/O Read Time":0.0,"Temp I/O Write Time":0.0,"Plans":[{"Node Type":"Append","Parent Relationship":"Outer","Parallel Aware":false,"Async Capable":false,"Startup Cost":20.0,"Total Cost":430026.22,"Plan Rows":20000212,"Plan Width":8,"Actual Startup Time":0.265,"Actual Total Time":0.27,"Actual Rows":20000000,"Actual Loops":1,"Shared Hit Blocks":0,"Shared Read Blocks":0,"Shared Dirtied Blocks":0,"Shared Written Blocks":0,"Local Hit Blocks":0,"Local Read Blocks":0,"Local Dirtied Blocks":0,"Local Written Blocks":0,"Temp Read Blocks":0,"Temp Written Blocks":0,"I/O Read Time":0.0,"I/O Write Time":0.0,"Temp I/O Read Time":0.0,"Temp I/O Write Time":0.0,"Subplans Removed":0,"Plans":[{"Node Type":"Custom Scan","Parent Relationship":"Member","Custom Plan Provider":"columnar scan","Parallel Aware":false,"Async Capable":false,"Relation Name":"stock","Schema":"public","Alias":"stock","Startup Cost":20.0,"Total Cost":430020.1,"Plan Rows":20000000,"Plan Width":8,"Actual Startup Time":0.264,"Actual Total Time":0.266,"Actual Rows":20000000,"Actual Loops":1,"Output":["stock.s_i_id","stock.s_w_id","stock.s_quantity"],"Rows Removed by Columnar Filter":0,"Columnar cache search mode":"native","Shared Hit Blocks":0,"Shared Read Blocks":0,"Shared Dirtied Blocks":0,"Shared Written Blocks":0,"Local Hit Blocks":0,"Local Read Blocks":0,"Local Dirtied Blocks":0,"Local Written Blocks":0,"Temp Read Blocks":0,"Temp Written Blocks":0,"I/O Read Time":0.0,"I/O Write Time":0.0,"Temp I/O Read Time":0.0,"Temp I/O Write Time":0.0},{"Node Type":"Seq Scan","Parent Relationship":"Member","Parallel Aware":false,"Async Capable":false,"Relation Name":"stock","Schema":"public","Alias":"stock","Startup Cost":0.0,"Total Cost":6.12,"Plan Rows":212,"Plan Width":8,"Actual Startup Time":0.0,"Actual Total Time":0.0,"Actual Rows":0,"Actual Loops":0,"Output":["stock.s_i_id","stock.s_w_id","stock.s_quantity"],"Shared Hit Blocks":0,"Shared Read Blocks":0,"Shared Dirtied Blocks":0,"Shared Written Blocks":0,"Local Hit Blocks":0,"Local Read Blocks":0,"Local Dirtied Blocks":0,"Local Written Blocks":0,"Temp Read Blocks":0,"Temp Written Blocks":0,"I/O Read Time":0.0,"I/O Write Time":0.0,"Temp I/O Read Time":0.0,"Temp I/O Write Time":0.0}]},{"Node Type":"Hash","Parent Relationship":"Inner","Parallel Aware":false,"Async Capable":false,"Startup Cost":24.21,"Total Cost":24.21,"Plan Rows":11,"Plan Width":29,"Actual Rows":1572,"Actual Loops":1,"Output":["item.i_id","item.i_name"],"Shared Hit Blocks":0,"Shared Read Blocks":0,"Shared Dirtied Blocks":0,"Shared Written Blocks":0,"Local Hit Blocks":0,"Local Read Blocks":0,"Local Dirtied Blocks":0,"Local Written Blocks":0,"Temp Read Blocks":0,"Temp Written Blocks":0,"I/O Read Time":0.0,"I/O Write Time":0.0,"Temp I/O Read Time":0.0,"Temp I/O Write Time":0.0,"Plans":[{"Node Type":"Append","Parent Relationship":"Outer","Parallel Aware":false,"Async Capable":false,"Startup Cost":20.0,"Total Cost":24.21,"Plan Rows":11,"Plan Width":29,"Actual Startup Time":7.409,"Actual Total Time":7.413,"Actual Rows":1572,"Actual Loops":1,"Shared Hit Blocks":0,"Shared Read Blocks":0,"Shared Dirtied Blocks":0,"Shared Written Blocks":0,"Local Hit Blocks":0,"Local Read Blocks":0,"Local Dirtied Blocks":0,"Local Written Blocks":0,"Temp Read Blocks":0,"Temp Written Blocks":0,"I/O Read Time":0.0,"I/O Write Time":0.0,"Temp I/O Read Time":0.0,"Temp I/O Write Time":0.0,"Subplans Removed":0,"Plans":[{"Node Type":"Custom Scan","Parent Relationship":"Member","Custom Plan Provider":"columnar scan","Parallel Aware":false,"Async Capable":false,"Relation Name":"item","Schema":"public","Alias":"item","Startup Cost":20.0,"Total Cost":20.2,"Plan Rows":10,"Plan Width":29,"Actual Startup Time":7.407,"Actual Total Time":7.408,"Actual Rows":1572,"Actual Loops":1,"Output":["item.i_id","item.i_name"],"Filter":"((item.i_data)::text ~~ '%b'::text)","Rows Removed by Filter":0,"Rows Removed by Columnar Filter":98428,"Columnar cache search mode":"native","Shared Hit Blocks":0,"Shared Read Blocks":0,"Shared Dirtied Blocks":0,"Shared Written Blocks":0,"Local Hit Blocks":0,"Local Read Blocks":0,"Local Dirtied Blocks":0,"Local Written Blocks":0,"Temp Read Blocks":0,"Temp Written Blocks":0,"I/O Read Time":0.0,"I/O Write Time":0.0,"Temp I/O Read Time":0.0,"Temp I/O Write Time":0.0},{"Node Type":"Seq Scan","Parent Relationship":"Member","Parallel Aware":false,"Async Capable":false,"Relation Name":"item","Schema":"public","Alias":"item","Startup Cost":0.0,"Total Cost":4.01,"Plan Rows":1,"Plan Width":29,"Actual Startup Time":0.0,"Actual Total Time":0.0,"Actual Rows":0,"Actual Loops":0,"Output":["item.i_id","item.i_name"],"Filter":"((item.i_data)::text ~~ '%b'::text)","Rows Removed by Filter":0,"Shared Hit Blocks":0,"Shared Read Blocks":0,"Shared Dirtied Blocks":0,"Shared Written Blocks":0,"Local Hit Blocks":0,"Local Read Blocks":0,"Local Dirtied Blocks":0,"Local Written Blocks":0,"Temp Read Blocks":0,"Temp Written Blocks":0,"I/O Read Time":0.0,"I/O Write Time":0.0,"Temp I/O Read Time":0.0,"Temp I/O Write Time":0.0}]}]}]},{"Node Type":"Hash","Parent Relationship":"Inner","Parallel Aware":false,"Async Capable":false,"Startup Cost":853565.31,"Total Cost":853565.31,"Plan Rows":99032,"Plan Width":6,"Actual Startup Time":8850.925,"Actual Total Time":8850.939,"Actual Rows":100000,"Actual Loops":1,"Output":["stock_1.s_i_id","(min(stock_1.s_quantity))"],"Hash Buckets":131072,"Original Hash Buckets":131072,"Hash Batches":1,"Original Hash Batches":1,"Peak Memory Usage":4735,"Shared Hit Blocks":2,"Shared Read Blocks":0,"Shared Dirtied Blocks":0,"Shared Written Blocks":0,"Local Hit Blocks":0,"Local Read Blocks":0,"Local Dirtied Blocks":0,"Local Written Blocks":0,"Temp Read Blocks":8330,"Temp Written Blocks":14781,"I/O Read Time":0.0,"I/O Write Time":0.0,"Temp I/O Read Time":12.858,"Temp I/O Write Time":49.387,"Plans":[{"Node Type":"Aggregate","Strategy":"Hashed","Partial Mode":"Simple","Parent Relationship":"Outer","Parallel Aware":false,"Async Capable":false,"Startup Cost":820334.35,"Total Cost":852574.99,"Plan Rows":99032,"Plan Width":6,"Actual Startup Time":8513.26,"Actual Total Time":8835.066,"Actual Rows":100000,"Actual Loops":1,"Output":["stock_1.s_i_id","min(stock_1.s_quantity)"],"Group Key":["stock_1.s_i_id"],"Planned Partitions":0,"HashAgg Batches":5,"Peak Memory Usage":8241,"Disk Usage":68504,"Shared Hit Blocks":2,"Shared Read Blocks":0,"Shared Dirtied Blocks":0,"Shared Written Blocks":0,"Local Hit Blocks":0,"Local Read Blocks":0,"Local Dirtied Blocks":0,"Local Written Blocks":0,"Temp Read Blocks":8330,"Temp Written Blocks":14781,"I/O Read Time":0.0,"I/O Write Time":0.0,"Temp I/O Read Time":12.858,"Temp I/O Write Time":49.387,"Plans":[{"Node Type":"Hash Join","Parent Relationship":"Outer","Parallel Aware":false,"Async Capable":false,"Join Type":"Inner","Startup Cost":324.02,"Total Cost":595331.98,"Plan Rows":4000042,"Plan Width":6,"Actual Startup Time":2.271,"Actual Total Time":7145.627,"Actual Rows":6959700,"Actual Loops":1,"Output":["stock_1.s_i_id","stock_1.s_quantity"],"Hash Cond":"(mod((stock_1.s_w_id * stock_1.s_i_id), 10000) = supplier_1.su_suppkey)","Shared Hit Blocks":2,"Shared Read Blocks":0,"Shared Dirtied Blocks":0,"Shared Written Blocks":0,"Local Hit Blocks":0,"Local Read Blocks":0,"Local Dirtied Blocks":0,"Local Written Blocks":0,"Temp Read Blocks":0,"Temp Written Blocks":0,"I/O Read Time":0.0,"I/O Write Time":0.0,"Temp I/O Read Time":0.0,"Temp I/O Write Time":0.0,"Plans":[{"Node Type":"Append","Parent Relationship":"Outer","Parallel Aware":false,"Async Capable":false,"Startup Cost":20.0,"Total Cost":430026.22,"Plan Rows":20000212,"Plan Width":8,"Actual Startup Time":0.016,"Actual Total Time":4187.283,"Actual Rows":20000000,"Actual Loops":1,"Shared Hit Blocks":0,"Shared Read Blocks":0,"Shared Dirtied Blocks":0,"Shared Written Blocks":0,"Local Hit Blocks":0,"Local Read Blocks":0,"Local Dirtied Blocks":0,"Local Written Blocks":0,"Temp Read Blocks":0,"Temp Written Blocks":0,"I/O Read Time":0.0,"I/O Write Time":0.0,"Temp I/O Read Time":0.0,"Temp I/O Write Time":0.0,"Subplans Removed":0,"Plans":[{"Node Type":"Custom Scan","Parent Relationship":"Member","Custom Plan Provider":"columnar scan","Parallel Aware":false,"Async Capable":false,"Relation Name":"stock","Schema":"public","Alias":"stock_1","Startup Cost":20.0,"Total Cost":430020.1,"Plan Rows":20000000,"Plan Width":8,"Actual Startup Time":0.015,"Actual Total Time":2772.501,"Actual Rows":20000000,"Actual Loops":1,"Output":["stock_1.s_i_id","stock_1.s_quantity","stock_1.s_w_id"],"Rows Removed by Columnar Filter":0,"Columnar cache search mode":"native","Shared Hit Blocks":0,"Shared Read Blocks":0,"Shared Dirtied Blocks":0,"Shared Written Blocks":0,"Local Hit Blocks":0,"Local Read Blocks":0,"Local Dirtied Blocks":0,"Local Written Blocks":0,"Temp Read Blocks":0,"Temp Written Blocks":0,"I/O Read Time":0.0,"I/O Write Time":0.0,"Temp I/O Read Time":0.0,"Temp I/O Write Time":0.0},{"Node Type":"Seq Scan","Parent Relationship":"Member","Parallel Aware":false,"Async Capable":false,"Relation Name":"stock","Schema":"public","Alias":"stock_1","Startup Cost":0.0,"Total Cost":6.12,"Plan Rows":212,"Plan Width":8,"Actual Startup Time":0.0,"Actual Total Time":0.0,"Actual Rows":0,"Actual Loops":0,"Output":["stock_1.s_i_id","stock_1.s_quantity","stock_1.s_w_id"],"Shared Hit Blocks":0,"Shared Read Blocks":0,"Shared Dirtied Blocks":0,"Shared Written Blocks":0,"Local Hit Blocks":0,"Local Read Blocks":0,"Local Dirtied Blocks":0,"Local Written Blocks":0,"Temp Read Blocks":0,"Temp Written Blocks":0,"I/O Read Time":0.0,"I/O Write Time":0.0,"Temp I/O Read Time":0.0,"Temp I/O Write Time":0.0}]},{"Node Type":"Hash","Parent Relationship":"Inner","Parallel Aware":false,"Async Capable":false,"Startup Cost":279.02,"Total Cost":279.02,"Plan Rows":2000,"Plan Width":4,"Actual Startup Time":2.245,"Actual Total Time":2.257,"Actual Rows":3506,"Actual Loops":1,"Output":["supplier_1.su_suppkey"],"Hash Buckets":4096,"Original Hash Buckets":2048,"Hash Batches":1,"Original Hash Batches":1,"Peak Memory Usage":156,"Shared Hit Blocks":2,"Shared Read Blocks":0,"Shared Dirtied Blocks":0,"Shared Written Blocks":0,"Local Hit Blocks":0,"Local Read Blocks":0,"Local Dirtied Blocks":0,"Local Written Blocks":0,"Temp Read Blocks":0,"Temp Written Blocks":0,"I/O Read Time":0.0,"I/O Write Time":0.0,"Temp I/O Read Time":0.0,"Temp I/O Write Time":0.0,"Plans":[{"Node Type":"Hash Join","Parent Relationship":"Outer","Parallel Aware":false,"Async Capable":false,"Join Type":"Inner","Startup Cost":23.14,"Total Cost":279.02,"Plan Rows":2000,"Plan Width":4,"Actual Startup Time":0.539,"Actual Total Time":1.824,"Actual Rows":3506,"Actual Loops":1,"Output":["supplier_1.su_suppkey"],"Hash Cond":"(supplier_1.su_nationkey = nation_1.n_nationkey)","Shared Hit Blocks":2,"Shared Read Blocks":0,"Shared Dirtied Blocks":0,"Shared Written Blocks":0,"Local Hit Blocks":0,"Local Read Blocks":0,"Local Dirtied Blocks":0,"Local Written Blocks":0,"Temp Read Blocks":0,"Temp Written Blocks":0,"I/O Read Time":0.0,"I/O Write Time":0.0,"Temp I/O Read Time":0.0,"Temp I/O Write Time":0.0,"Plans":[{"Node Type":"Append","Parent Relationship":"Outer","Parallel Aware":false,"Async Capable":false,"Startup Cost":20.0,"Total Cost":219.01,"Plan Rows":10001,"Plan Width":8,"Actual Startup Time":0.09,"Actual Total Time":0.805,"Actual Rows":3506,"Actual Loops":1,"Shared Hit Blocks":0,"Shared Read Blocks":0,"Shared Dirtied Blocks":0,"Shared Written Blocks":0,"Local Hit Blocks":0,"Local Read Blocks":0,"Local Dirtied Blocks":0,"Local Written Blocks":0,"Temp Read Blocks":0,"Temp Written Blocks":0,"I/O Read Time":0.0,"I/O Write Time":0.0,"Temp I/O Read Time":0.0,"Temp I/O Write Time":0.0,"Subplans Removed":0,"Plans":[{"Node Type":"Custom Scan","Parent Relationship":"Member","Custom Plan Provider":"columnar scan","Parallel Aware":false,"Async Capable":false,"Relation Name":"supplier","Schema":"public","Alias":"supplier_1","Startup Cost":20.0,"Total Cost":215.0,"Plan Rows":10000,"Plan Width":8,"Actual Startup Time":0.089,"Actual Total Time":0.562,"Actual Rows":3506,"Actual Loops":1,"Output":["supplier_1.su_suppkey","supplier_1.su_nationkey"],"Rows Removed by Columnar Filter":6494,"Rows Filtered by Bloom Filter":0,"Dictionary Rows Filtered by Bloom Filter":6494,"Columnar cache search mode":"native","Shared Hit Blocks":0,"Shared Read Blocks":0,"Shared Dirtied Blocks":0,"Shared Written Blocks":0,"Local Hit Blocks":0,"Local Read Blocks":0,"Local Dirtied Blocks":0,"Local Written Blocks":0,"Temp Read Blocks":0,"Temp Written Blocks":0,"I/O Read Time":0.0,"I/O Write Time":0.0,"Temp I/O Read Time":0.0,"Temp I/O Write Time":0.0},{"Node Type":"Seq Scan","Parent Relationship":"Member","Parallel Aware":false,"Async Capable":false,"Relation Name":"supplier","Schema":"public","Alias":"supplier_1","Startup Cost":0.0,"Total Cost":4.01,"Plan Rows":1,"Plan Width":8,"Actual Startup Time":0.0,"Actual Total Time":0.0,"Actual Rows":0,"Actual Loops":0,"Output":["supplier_1.su_suppkey","supplier_1.su_nationkey"],"Shared Hit Blocks":0,"Shared Read Blocks":0,"Shared Dirtied Blocks":0,"Shared Written Blocks":0,"Local Hit Blocks":0,"Local Read Blocks":0,"Local Dirtied Blocks":0,"Local Written Blocks":0,"Temp Read Blocks":0,"Temp Written Blocks":0,"I/O Read Time":0.0,"I/O Write Time":0.0,"Temp I/O Read Time":0.0,"Temp I/O Write Time":0.0}]},{"Node Type":"Hash","Parent Relationship":"Inner","Parallel Aware":false,"Async Capable":false,"Startup Cost":2.99,"Total Cost":2.99,"Plan Rows":12,"Plan Width":4,"Actual Startup Time":0.046,"Actual Total Time":0.052,"Actual Rows":22,"Actual Loops":1,"Output":["nation_1.n_nationkey"],"Hash Buckets":1024,"Original Hash Buckets":1024,"Hash Batches":1,"Original Hash Batches":1,"Peak Memory Usage":9,"Shared Hit Blocks":2,"Shared Read Blocks":0,"Shared Dirtied Blocks":0,"Shared Written Blocks":0,"Local Hit Blocks":0,"Local Read Blocks":0,"Local Dirtied Blocks":0,"Local Written Blocks":0,"Temp Read Blocks":0,"Temp Written Blocks":0,"I/O Read Time":0.0,"I/O Write Time":0.0,"Temp I/O Read Time":0.0,"Temp I/O Write Time":0.0,"Plans":[{"Node Type":"Hash Join","Parent Relationship":"Outer","Parallel Aware":false,"Async Capable":false,"Join Type":"Inner","Startup Cost":1.07,"Total Cost":2.99,"Plan Rows":12,"Plan Width":4,"Actual Startup Time":0.027,"Actual Total Time":0.044,"Actual Rows":22,"Actual Loops":1,"Output":["nation_1.n_nationkey"],"Hash Cond":"(nation_1.n_regionkey = region_1.r_regionkey)","Shared Hit Blocks":2,"Shared Read Blocks":0,"Shared Dirtied Blocks":0,"Shared Written Blocks":0,"Local Hit Blocks":0,"Local Read Blocks":0,"Local Dirtied Blocks":0,"Local Written Blocks":0,"Temp Read Blocks":0,"Temp Written Blocks":0,"I/O Read Time":0.0,"I/O Write Time":0.0,"Temp I/O Read Time":0.0,"Temp I/O Write Time":0.0,"Plans":[{"Node Type":"Seq Scan","Parent Relationship":"Outer","Parallel Aware":false,"Async Capable":false,"Relation Name":"nation","Schema":"public","Alias":"nation_1","Startup Cost":0.0,"Total Cost":1.62,"Plan Rows":62,"Plan Width":8,"Actual Startup Time":0.007,"Actual Total Time":0.011,"Actual Rows":62,"Actual Loops":1,"Output":["nation_1.n_nationkey","nation_1.n_name","nation_1.n_regionkey","nation_1.n_comment"],"Shared Hit Blocks":1,"Shared Read Blocks":0,"Shared Dirtied Blocks":0,"Shared Written Blocks":0,"Local Hit Blocks":0,"Local Read Blocks":0,"Local Dirtied Blocks":0,"Local Written Blocks":0,"Temp Read Blocks":0,"Temp Written Blocks":0,"I/O Read Time":0.0,"I/O Write Time":0.0,"Temp I/O Read Time":0.0,"Temp I/O Write Time":0.0},{"Node Type":"Hash","Parent Relationship":"Inner","Parallel Aware":false,"Async Capable":false,"Startup Cost":1.06,"Total Cost":1.06,"Plan Rows":1,"Plan Width":4,"Actual Startup Time":0.009,"Actual Total Time":0.012,"Actual Rows":1,"Actual Loops":1,"Output":["region_1.r_regionkey"],"Hash Buckets":1024,"Original Hash Buckets":1024,"Hash Batches":1,"Original Hash Batches":1,"Peak Memory Usage":9,"Shared Hit Blocks":1,"Shared Read Blocks":0,"Shared Dirtied Blocks":0,"Shared Written Blocks":0,"Local Hit Blocks":0,"Local Read Blocks":0,"Local Dirtied Blocks":0,"Local Written Blocks":0,"Temp Read Blocks":0,"Temp Written Blocks":0,"I/O Read Time":0.0,"I/O Write Time":0.0,"Temp I/O Read Time":0.0,"Temp I/O Write Time":0.0,"Plans":[{"Node Type":"Seq Scan","Parent Relationship":"Outer","Parallel Aware":false,"Async Capable":false,"Relation Name":"region","Schema":"public","Alias":"region_1","Startup Cost":0.0,"Total Cost":1.06,"Plan Rows":1,"Plan Width":4,"Actual Startup Time":0.007,"Actual Total Time":0.007,"Actual Rows":1,"Actual Loops":1,"Output":["region_1.r_regionkey"],"Filter":"((region_1.r_name)::text ~~ 'Europ%'::text)","Rows Removed by Filter":4,"Shared Hit Blocks":1,"Shared Read Blocks":0,"Shared Dirtied Blocks":0,"Shared Written Blocks":0,"Local Hit Blocks":0,"Local Read Blocks":0,"Local Dirtied Blocks":0,"Local Written Blocks":0,"Temp Read Blocks":0,"Temp Written Blocks":0,"I/O Read Time":0.0,"I/O Write Time":0.0,"Temp I/O Read Time":0.0,"Temp I/O Write Time":0.0}]}]}]}]}]}]}]}]}]},{"Node Type":"Index Scan","Parent Relationship":"Inner","Parallel Aware":false,"Async Capable":false,"Scan Direction":"Forward","Index Name":"supplier_pk","Relation Name":"supplier","Schema":"public","Alias":"supplier","Startup Cost":0.29,"Total Cost":3.25,"Plan Rows":1,"Plan Width":131,"Actual Startup Time":0.002,"Actual Total Time":0.002,"Actual Rows":1,"Actual Loops":4450,"Output":["supplier.su_suppkey","supplier.su_name","supplier.su_address","supplier.su_nationkey","supplier.su_phone","supplier.su_acctbal","supplier.su_comment"],"Index Cond":"(supplier.su_suppkey = mod((stock.s_w_id * stock.s_i_id), 10000))","Rows Removed by Index Recheck":0,"Shared Hit Blocks":13350,"Shared Read Blocks":0,"Shared Dirtied Blocks":0,"Shared Written Blocks":0,"Local Hit Blocks":0,"Local Read Blocks":0,"Local Dirtied Blocks":0,"Local Written Blocks":0,"Temp Read Blocks":0,"Temp Written Blocks":0,"I/O Read Time":0.0,"I/O Write Time":0.0,"Temp I/O Read Time":0.0,"Temp I/O Write Time":0.0}]},{"Node Type":"Index Scan","Parent Relationship":"Inner","Parallel Aware":false,"Async Capable":false,"Scan Direction":"Forward","Index Name":"nation_pk","Relation Name":"nation","Schema":"public","Alias":"nation","Startup Cost":0.14,"Total Cost":0.16,"Plan Rows":1,"Plan Width":16,"Actual Startup Time":0.001,"Actual Total Time":0.001,"Actual Rows":1,"Actual Loops":4450,"Output":["nation.n_nationkey","nation.n_name","nation.n_regionkey","nation.n_comment"],"Index Cond":"(nation.n_nationkey = supplier.su_nationkey)","Rows Removed by Index Recheck":0,"Shared Hit Blocks":8900,"Shared Read Blocks":0,"Shared Dirtied Blocks":0,"Shared Written Blocks":0,"Local Hit Blocks":0,"Local Read Blocks":0,"Local Dirtied Blocks":0,"Local Written Blocks":0,"Temp Read Blocks":0,"Temp Written Blocks":0,"I/O Read Time":0.0,"I/O Write Time":0.0,"Temp I/O Read Time":0.0,"Temp I/O Write Time":0.0}]},{"Node Type":"Hash","Parent Relationship":"Inner","Parallel Aware":false,"Async Capable":false,"Startup Cost":1.06,"Total Cost":1.06,"Plan Rows":1,"Plan Width":4,"Actual Startup Time":0.016,"Actual Total Time":0.017,"Actual Rows":1,"Actual Loops":1,"Output":["region.r_regionkey"],"Hash Buckets":1024,"Original Hash Buckets":1024,"Hash Batches":1,"Original Hash Batches":1,"Peak Memory Usage":9,"Shared Hit Blocks":1,"Shared Read Blocks":0,"Shared Dirtied Blocks":0,"Shared Written Blocks":0,"Local Hit Blocks":0,"Local Read Blocks":0,"Local Dirtied Blocks":0,"Local Written Blocks":0,"Temp Read Blocks":0,"Temp Written Blocks":0,"I/O Read Time":0.0,"I/O Write Time":0.0,"Temp I/O Read Time":0.0,"Temp I/O Write Time":0.0,"Plans":[{"Node Type":"Seq Scan","Parent Relationship":"Outer","Parallel Aware":false,"Async Capable":false,"Relation Name":"region","Schema":"public","Alias":"region","Startup Cost":0.0,"Total Cost":1.06,"Plan Rows":1,"Plan Width":4,"Actual Startup Time":0.012,"Actual Total Time":0.013,"Actual Rows":1,"Actual Loops":1,"Output":["region.r_regionkey"],"Filter":"((region.r_name)::text ~~ 'Europ%'::text)","Rows Removed by Filter":4,"Shared Hit Blocks":1,"Shared Read Blocks":0,"Shared Dirtied Blocks":0,"Shared Written Blocks":0,"Local Hit Blocks":0,"Local Read Blocks":0,"Local Dirtied Blocks":0,"Local Written Blocks":0,"Temp Read Blocks":0,"Temp Written Blocks":0,"I/O Read Time":0.0,"I/O Write Time":0.0,"Temp I/O Read Time":0.0,"Temp I/O Write Time":0.0}]}]}]},"Planning":{"Shared Hit Blocks":36,"Shared Read Blocks":0,"Shared Dirtied Blocks":0,"Shared Written Blocks":0,"Local Hit Blocks":0,"Local Read Blocks":0,"Local Dirtied Blocks":0,"Local Written Blocks":0,"Temp Read Blocks":0,"Temp Written Blocks":0,"I/O Read Time":0.0,"I/O Write Time":0.0,"Temp I/O Read Time":0.0,"Temp I/O Write Time":0.0},"Planning Time":2.391,"Triggers":[],"Execution Time":9114.17}]
[列存组合]: nation, region, stock, supplier
[{"Plan":{"Node Type":"Sort","Parallel Aware":false,"Async Capable":false,"Startup Cost":1923166.65,"Total Cost":1923166.65,"Plan Rows":2,"Plan Width":164,"Actual Startup Time":9495.517,"Actual Total Time":9495.64,"Actual Rows":2295,"Actual Loops":1,"Output":["supplier.su_suppkey","supplier.su_name","nation.n_name","item.i_id","item.i_name","supplier.su_address","supplier.su_phone","supplier.su_comment"],"Sort Key":["nation.n_name","supplier.su_name","item.i_id"],"Sort Method":"quicksort","Sort Space Used":568,"Sort Space Type":"Memory","Shared Hit Blocks":23616,"Shared Read Blocks":0,"Shared Dirtied Blocks":0,"Shared Written Blocks":0,"Local Hit Blocks":0,"Local Read Blocks":0,"Local Dirtied Blocks":0,"Local Written Blocks":0,"Temp Read Blocks":8330,"Temp Written Blocks":14781,"I/O Read Time":0.0,"I/O Write Time":0.0,"Temp I/O Read Time":12.161,"Temp I/O Write Time":47.931,"Plans":[{"Node Type":"Hash Join","Parent Relationship":"Outer","Parallel Aware":false,"Async Capable":false,"Join Type":"Inner","Startup Cost":857508.17,"Total Cost":1923166.64,"Plan Rows":2,"Plan Width":164,"Actual Startup Time":8680.054,"Actual Total Time":9491.115,"Actual Rows":2295,"Actual Loops":1,"Output":["supplier.su_suppkey","supplier.su_name","nation.n_name","item.i_id","item.i_name","supplier.su_address","supplier.su_phone","supplier.su_comment"],"Hash Cond":"(nation.n_regionkey = region.r_regionkey)","Shared Hit Blocks":23616,"Shared Read Blocks":0,"Shared Dirtied Blocks":0,"Shared Written Blocks":0,"Local Hit Blocks":0,"Local Read Blocks":0,"Local Dirtied Blocks":0,"Local Written Blocks":0,"Temp Read Blocks":8330,"Temp Written Blocks":14781,"I/O Read Time":0.0,"I/O Write Time":0.0,"Temp I/O Read Time":12.161,"Temp I/O Write Time":47.931,"Plans":[{"Node Type":"Nested Loop","Parent Relationship":"Outer","Parallel Aware":false,"Async Capable":false,"Join Type":"Inner","Startup Cost":857507.1,"Total Cost":1923165.51,"Plan Rows":10,"Plan Width":168,"Actual Startup Time":8679.988,"Actual Total Time":9490.199,"Actual Rows":4450,"Actual Loops":1,"Output":["item.i_id","item.i_name","supplier.su_suppkey","supplier.su_name","supplier.su_address","supplier.su_phone","supplier.su_comment","nation.n_name","nation.n_regionkey"],"Shared Hit Blocks":23615,"Shared Read Blocks":0,"Shared Dirtied Blocks":0,"Shared Written Blocks":0,"Local Hit Blocks":0,"Local Read Blocks":0,"Local Dirtied Blocks":0,"Local Written Blocks":0,"Temp Read Blocks":8330,"Temp Written Blocks":14781,"I/O Read Time":0.0,"I/O Write Time":0.0,"Temp I/O Read Time":12.161,"Temp I/O Write Time":47.931,"Plans":[{"Node Type":"Nested Loop","Parent Relationship":"Outer","Parallel Aware":false,"Async Capable":false,"Join Type":"Inner","Startup Cost":857506.96,"Total Cost":1923163.93,"Plan Rows":10,"Plan Width":160,"Actual Startup Time":8679.968,"Actual Total Time":9485.014,"Actual Rows":4450,"Actual Loops":1,"Output":["item.i_id","item.i_name","supplier.su_suppkey","supplier.su_name","supplier.su_address","supplier.su_phone","supplier.su_comment","supplier.su_nationkey"],"Shared Hit Blocks":14715,"Shared Read Blocks":0,"Shared Dirtied Blocks":0,"Shared Written Blocks":0,"Local Hit Blocks":0,"Local Read Blocks":0,"Local Dirtied Blocks":0,"Local Written Blocks":0,"Temp Read Blocks":8330,"Temp Written Blocks":14781,"I/O Read Time":0.0,"I/O Write Time":0.0,"Temp I/O Read Time":12.161,"Temp I/O Write Time":47.931,"Plans":[{"Node Type":"Hash Join","Parent Relationship":"Outer","Parallel Aware":false,"Async Capable":false,"Join Type":"Inner","Startup Cost":857506.67,"Total Cost":1923131.44,"Plan Rows":10,"Plan Width":35,"Actual Startup Time":8679.915,"Actual Total Time":9473.07,"Actual Rows":4450,"Actual Loops":1,"Output":["item.i_id","item.i_name","stock.s_i_id","stock.s_w_id"],"Hash Cond":"((item.i_id = stock_1.s_i_id) AND (stock.s_quantity = (min(stock_1.s_quantity))))","Shared Hit Blocks":1365,"Shared Read Blocks":0,"Shared Dirtied Blocks":0,"Shared Written Blocks":0,"Local Hit Blocks":0,"Local Read Blocks":0,"Local Dirtied Blocks":0,"Local Written Blocks":0,"Temp Read Blocks":8330,"Temp Written Blocks":14781,"I/O Read Time":0.0,"I/O Write Time":0.0,"Temp I/O Read Time":12.161,"Temp I/O Write Time":47.931,"Plans":[{"Node Type":"Hash Join","Parent Relationship":"Outer","Parallel Aware":false,"Async Capable":false,"Join Type":"Inner","Startup Cost":2635.12,"Total Cost":1068249.4,"Plan Rows":2000,"Plan Width":37,"Actual Startup Time":16.992,"Actual Total Time":759.836,"Actual Rows":314400,"Actual Loops":1,"Output":["item.i_id","item.i_name","stock.s_i_id","stock.s_w_id","stock.s_quantity"],"Hash Cond":"(stock.s_i_id = item.i_id)","Shared Hit Blocks":1365,"Shared Read Blocks":0,"Shared Dirtied Blocks":0,"Shared Written Blocks":0,"Local Hit Blocks":0,"Local Read Blocks":0,"Local Dirtied Blocks":0,"Local Written Blocks":0,"Temp Read Blocks":0,"Temp Written Blocks":0,"I/O Read Time":0.0,"I/O Write Time":0.0,"Temp I/O Read Time":0.0,"Temp I/O Write Time":0.0,"Plans":[{"Node Type":"Append","Parent Relationship":"Outer","Parallel Aware":false,"Async Capable":false,"Startup Cost":20.0,"Total Cost":1013131.49,"Plan Rows":20000212,"Plan Width":8,"Actual Startup Time":1.424,"Actual Total Time":684.75,"Actual Rows":314400,"Actual Loops":1,"Shared Hit Blocks":0,"Shared Read Blocks":0,"Shared Dirtied Blocks":0,"Shared Written Blocks":0,"Local Hit Blocks":0,"Local Read Blocks":0,"Local Dirtied Blocks":0,"Local Written Blocks":0,"Temp Read Blocks":0,"Temp Written Blocks":0,"I/O Read Time":0.0,"I/O Write Time":0.0,"Temp I/O Read Time":0.0,"Temp I/O Write Time":0.0,"Subplans Removed":0,"Plans":[{"Node Type":"Custom Scan","Parent Relationship":"Member","Custom Plan Provider":"columnar scan","Parallel Aware":false,"Async Capable":false,"Relation Name":"stock","Schema":"public","Alias":"stock","Startup Cost":20.0,"Total Cost":430020.1,"Plan Rows":20000000,"Plan Width":8,"Actual Startup Time":1.422,"Actual Total Time":662.867,"Actual Rows":314400,"Actual Loops":1,"Output":["stock.s_i_id","stock.s_w_id","stock.s_quantity"],"Rows Removed by Columnar Filter":19685600,"Rows Filtered by Bloom Filter":0,"Dictionary Rows Filtered by Bloom Filter":19685600,"Columnar cache search mode":"native","Shared Hit Blocks":0,"Shared Read Blocks":0,"Shared Dirtied Blocks":0,"Shared Written Blocks":0,"Local Hit Blocks":0,"Local Read Blocks":0,"Local Dirtied Blocks":0,"Local Written Blocks":0,"Temp Read Blocks":0,"Temp Written Blocks":0,"I/O Read Time":0.0,"I/O Write Time":0.0,"Temp I/O Read Time":0.0,"Temp I/O Write Time":0.0},{"Node Type":"Seq Scan","Parent Relationship":"Member","Parallel Aware":false,"Async Capable":false,"Relation Name":"stock","Schema":"public","Alias":"stock","Startup Cost":0.0,"Total Cost":6.12,"Plan Rows":212,"Plan Width":8,"Actual Startup Time":0.0,"Actual Total Time":0.0,"Actual Rows":0,"Actual Loops":0,"Output":["stock.s_i_id","stock.s_w_id","stock.s_quantity"],"Shared Hit Blocks":0,"Shared Read Blocks":0,"Shared Dirtied Blocks":0,"Shared Written Blocks":0,"Local Hit Blocks":0,"Local Read Blocks":0,"Local Dirtied Blocks":0,"Local Written Blocks":0,"Temp Read Blocks":0,"Temp Written Blocks":0,"I/O Read Time":0.0,"I/O Write Time":0.0,"Temp I/O Read Time":0.0,"Temp I/O Write Time":0.0}]},{"Node Type":"Hash","Parent Relationship":"Inner","Parallel Aware":false,"Async Capable":false,"Startup Cost":2615.0,"Total Cost":2615.0,"Plan Rows":10,"Plan Width":29,"Actual Startup Time":15.253,"Actual Total Time":15.255,"Actual Rows":1572,"Actual Loops":1,"Output":["item.i_id","item.i_name"],"Hash Buckets":2048,"Original Hash Buckets":1024,"Hash Batches":1,"Original Hash Batches":1,"Peak Memory Usage":110,"Shared Hit Blocks":1365,"Shared Read Blocks":0,"Shared Dirtied Blocks":0,"Shared Written Blocks":0,"Local Hit Blocks":0,"Local Read Blocks":0,"Local Dirtied Blocks":0,"Local Written Blocks":0,"Temp Read Blocks":0,"Temp Written Blocks":0,"I/O Read Time":0.0,"I/O Write Time":0.0,"Temp I/O Read Time":0.0,"Temp I/O Write Time":0.0,"Plans":[{"Node Type":"Seq Scan","Parent Relationship":"Outer","Parallel Aware":false,"Async Capable":false,"Relation Name":"item","Schema":"public","Alias":"item","Startup Cost":0.0,"Total Cost":2615.0,"Plan Rows":10,"Plan Width":29,"Actual Startup Time":0.014,"Actual Total Time":14.747,"Actual Rows":1572,"Actual Loops":1,"Output":["item.i_id","item.i_name"],"Filter":"((item.i_data)::text ~~ '%b'::text)","Rows Removed by Filter":98428,"Shared Hit Blocks":1365,"Shared Read Blocks":0,"Shared Dirtied Blocks":0,"Shared Written Blocks":0,"Local Hit Blocks":0,"Local Read Blocks":0,"Local Dirtied Blocks":0,"Local Written Blocks":0,"Temp Read Blocks":0,"Temp Written Blocks":0,"I/O Read Time":0.0,"I/O Write Time":0.0,"Temp I/O Read Time":0.0,"Temp I/O Write Time":0.0}]}]},{"Node Type":"Hash","Parent Relationship":"Inner","Parallel Aware":false,"Async Capable":false,"Startup Cost":853386.06,"Total Cost":853386.06,"Plan Rows":99032,"Plan Width":6,"Actual Startup Time":8662.482,"Actual Total Time":8662.507,"Actual Rows":100000,"Actual Loops":1,"Output":["stock_1.s_i_id","(min(stock_1.s_quantity))"],"Hash Buckets":131072,"Original Hash Buckets":131072,"Hash Batches":1,"Original Hash Batches":1,"Peak Memory Usage":4735,"Shared Hit Blocks":0,"Shared Read Blocks":0,"Shared Dirtied Blocks":0,"Shared Written Blocks":0,"Local Hit Blocks":0,"Local Read Blocks":0,"Local Dirtied Blocks":0,"Local Written Blocks":0,"Temp Read Blocks":8330,"Temp Written Blocks":14781,"I/O Read Time":0.0,"I/O Write Time":0.0,"Temp I/O Read Time":12.161,"Temp I/O Write Time":47.931,"Plans":[{"Node Type":"Aggregate","Strategy":"Hashed","Partial Mode":"Simple","Parent Relationship":"Outer","Parallel Aware":false,"Async Capable":false,"Startup Cost":820155.09,"Total Cost":852395.74,"Plan Rows":99032,"Plan Width":6,"Actual Startup Time":8326.359,"Actual Total Time":8646.651,"Actual Rows":100000,"Actual Loops":1,"Output":["stock_1.s_i_id","min(stock_1.s_quantity)"],"Group Key":["stock_1.s_i_id"],"Planned Partitions":0,"HashAgg Batches":5,"Peak Memory Usage":8241,"Disk Usage":68504,"Shared Hit Blocks":0,"Shared Read Blocks":0,"Shared Dirtied Blocks":0,"Shared Written Blocks":0,"Local Hit Blocks":0,"Local Read Blocks":0,"Local Dirtied Blocks":0,"Local Written Blocks":0,"Temp Read Blocks":8330,"Temp Written Blocks":14781,"I/O Read Time":0.0,"I/O Write Time":0.0,"Temp I/O Read Time":12.161,"Temp I/O Write Time":47.931,"Plans":[{"Node Type":"Hash Join","Parent Relationship":"Outer","Parallel Aware":false,"Async Capable":false,"Join Type":"Inner","Startup Cost":144.76,"Total Cost":595152.73,"Plan Rows":4000042,"Plan Width":6,"Actual Startup Time":1.597,"Actual Total Time":7048.705,"Actual Rows":6959700,"Actual Loops":1,"Output":["stock_1.s_i_id","stock_1.s_quantity"],"Hash Cond":"(mod((stock_1.s_w_id * stock_1.s_i_id), 10000) = supplier_1.su_suppkey)","Shared Hit Blocks":0,"Shared Read Blocks":0,"Shared Dirtied Blocks":0,"Shared Written Blocks":0,"Local Hit Blocks":0,"Local Read Blocks":0,"Local Dirtied Blocks":0,"Local Written Blocks":0,"Temp Read Blocks":0,"Temp Written Blocks":0,"I/O Read Time":0.0,"I/O Write Time":0.0,"Temp I/O Read Time":0.0,"Temp I/O Write Time":0.0,"Plans":[{"Node Type":"Append","Parent Relationship":"Outer","Parallel Aware":false,"Async Capable":false,"Startup Cost":20.0,"Total Cost":430026.22,"Plan Rows":20000212,"Plan Width":8,"Actual Startup Time":0.006,"Actual Total Time":4156.221,"Actual Rows":20000000,"Actual Loops":1,"Shared Hit Blocks":0,"Shared Read Blocks":0,"Shared Dirtied Blocks":0,"Shared Written Blocks":0,"Local Hit Blocks":0,"Local Read Blocks":0,"Local Dirtied Blocks":0,"Local Written Blocks":0,"Temp Read Blocks":0,"Temp Written Blocks":0,"I/O Read Time":0.0,"I/O Write Time":0.0,"Temp I/O Read Time":0.0,"Temp I/O Write Time":0.0,"Subplans Removed":0,"Plans":[{"Node Type":"Custom Scan","Parent Relationship":"Member","Custom Plan Provider":"columnar scan","Parallel Aware":false,"Async Capable":false,"Relation Name":"stock","Schema":"public","Alias":"stock_1","Startup Cost":20.0,"Total Cost":430020.1,"Plan Rows":20000000,"Plan Width":8,"Actual Startup Time":0.006,"Actual Total Time":2762.625,"Actual Rows":20000000,"Actual Loops":1,"Output":["stock_1.s_i_id","stock_1.s_quantity","stock_1.s_w_id"],"Rows Removed by Columnar Filter":0,"Columnar cache search mode":"native","Shared Hit Blocks":0,"Shared Read Blocks":0,"Shared Dirtied Blocks":0,"Shared Written Blocks":0,"Local Hit Blocks":0,"Local Read Blocks":0,"Local Dirtied Blocks":0,"Local Written Blocks":0,"Temp Read Blocks":0,"Temp Written Blocks":0,"I/O Read Time":0.0,"I/O Write Time":0.0,"Temp I/O Read Time":0.0,"Temp I/O Write Time":0.0},{"Node Type":"Seq Scan","Parent Relationship":"Member","Parallel Aware":false,"Async Capable":false,"Relation Name":"stock","Schema":"public","Alias":"stock_1","Startup Cost":0.0,"Total Cost":6.12,"Plan Rows":212,"Plan Width":8,"Actual Startup Time":0.0,"Actual Total Time":0.0,"Actual Rows":0,"Actual Loops":0,"Output":["stock_1.s_i_id","stock_1.s_quantity","stock_1.s_w_id"],"Shared Hit Blocks":0,"Shared Read Blocks":0,"Shared Dirtied Blocks":0,"Shared Written Blocks":0,"Local Hit Blocks":0,"Local Read Blocks":0,"Local Dirtied Blocks":0,"Local Written Blocks":0,"Temp Read Blocks":0,"Temp Written Blocks":0,"I/O Read Time":0.0,"I/O Write Time":0.0,"Temp I/O Read Time":0.0,"Temp I/O Write Time":0.0}]},{"Node Type":"Hash","Parent Relationship":"Inner","Parallel Aware":false,"Async Capable":false,"Startup Cost":99.76,"Total Cost":99.76,"Plan Rows":2000,"Plan Width":4,"Actual Startup Time":1.574,"Actual Total Time":1.592,"Actual Rows":3506,"Actual Loops":1,"Output":["supplier_1.su_suppkey"],"Hash Buckets":4096,"Original Hash Buckets":2048,"Hash Batches":1,"Original Hash Batches":1,"Peak Memory Usage":156,"Shared Hit Blocks":0,"Shared Read Blocks":0,"Shared Dirtied Blocks":0,"Shared Written Blocks":0,"Local Hit Blocks":0,"Local Read Blocks":0,"Local Dirtied Blocks":0,"Local Written Blocks":0,"Temp Read Blocks":0,"Temp Written Blocks":0,"I/O Read Time":0.0,"I/O Write Time":0.0,"Temp I/O Read Time":0.0,"Temp I/O Write Time":0.0,"Plans":[{"Node Type":"Hash Join","Parent Relationship":"Outer","Parallel Aware":false,"Async Capable":false,"Join Type":"Inner","Startup Cost":48.98,"Total Cost":99.76,"Plan Rows":2000,"Plan Width":4,"Actual Startup Time":0.95,"Actual Total Time":1.17,"Actual Rows":3506,"Actual Loops":1,"Output":["supplier_1.su_suppkey"],"Hash Cond":"(supplier_1.su_nationkey = nation_1.n_nationkey)","Rows Removed by Bloom Filter":6494,"Shared Hit Blocks":0,"Shared Read Blocks":0,"Shared Dirtied Blocks":0,"Shared Written Blocks":0,"Local Hit Blocks":0,"Local Read Blocks":0,"Local Dirtied Blocks":0,"Local Written Blocks":0,"Temp Read Blocks":0,"Temp Written Blocks":0,"I/O Read Time":0.0,"I/O Write Time":0.0,"Temp I/O Read Time":0.0,"Temp I/O Write Time":0.0,"Plans":[{"Node Type":"Append","Parent Relationship":"Outer","Parallel Aware":false,"Async Capable":false,"Startup Cost":20.0,"Total Cost":219.01,"Plan Rows":10001,"Plan Width":8,"Actual Startup Time":0.015,"Actual Total Time":0.017,"Actual Rows":10000,"Actual Loops":1,"Shared Hit Blocks":0,"Shared Read Blocks":0,"Shared Dirtied Blocks":0,"Shared Written Blocks":0,"Local Hit Blocks":0,"Local Read Blocks":0,"Local Dirtied Blocks":0,"Local Written Blocks":0,"Temp Read Blocks":0,"Temp Written Blocks":0,"I/O Read Time":0.0,"I/O Write Time":0.0,"Temp I/O Read Time":0.0,"Temp I/O Write Time":0.0,"Subplans Removed":0,"Plans":[{"Node Type":"Custom Scan","Parent Relationship":"Member","Custom Plan Provider":"columnar scan","Parallel Aware":false,"Async Capable":false,"Relation Name":"supplier","Schema":"public","Alias":"supplier_1","Startup Cost":20.0,"Total Cost":215.0,"Plan Rows":10000,"Plan Width":8,"Actual Startup Time":0.014,"Actual Total Time":0.014,"Actual Rows":10000,"Actual Loops":1,"Output":["supplier_1.su_suppkey","supplier_1.su_nationkey"],"Rows Removed by Columnar Filter":0,"Columnar cache search mode":"native","Shared Hit Blocks":0,"Shared Read Blocks":0,"Shared Dirtied Blocks":0,"Shared Written Blocks":0,"Local Hit Blocks":0,"Local Read Blocks":0,"Local Dirtied Blocks":0,"Local Written Blocks":0,"Temp Read Blocks":0,"Temp Written Blocks":0,"I/O Read Time":0.0,"I/O Write Time":0.0,"Temp I/O Read Time":0.0,"Temp I/O Write Time":0.0},{"Node Type":"Seq Scan","Parent Relationship":"Member","Parallel Aware":false,"Async Capable":false,"Relation Name":"supplier","Schema":"public","Alias":"supplier_1","Startup Cost":0.0,"Total Cost":4.01,"Plan Rows":1,"Plan Width":8,"Actual Startup Time":0.0,"Actual Total Time":0.0,"Actual Rows":0,"Actual Loops":0,"Output":["supplier_1.su_suppkey","supplier_1.su_nationkey"],"Shared Hit Blocks":0,"Shared Read Blocks":0,"Shared Dirtied Blocks":0,"Shared Written Blocks":0,"Local Hit Blocks":0,"Local Read Blocks":0,"Local Dirtied Blocks":0,"Local Written Blocks":0,"Temp Read Blocks":0,"Temp Written Blocks":0,"I/O Read Time":0.0,"I/O Write Time":0.0,"Temp I/O Read Time":0.0,"Temp I/O Write Time":0.0}]},{"Node Type":"Hash","Parent Relationship":"Inner","Parallel Aware":false,"Async Capable":false,"Startup Cost":29.02,"Total Cost":29.02,"Plan Rows":12,"Plan Width":4,"Actual Rows":22,"Actual Loops":1,"Output":["nation_1.n_nationkey"],"Shared Hit Blocks":0,"Shared Read Blocks":0,"Shared Dirtied Blocks":0,"Shared Written Blocks":0,"Local Hit Blocks":0,"Local Read Blocks":0,"Local Dirtied Blocks":0,"Local Written Blocks":0,"Temp Read Blocks":0,"Temp Written Blocks":0,"I/O Read Time":0.0,"I/O Write Time":0.0,"Temp I/O Read Time":0.0,"Temp I/O Write Time":0.0,"Plans":[{"Node Type":"Hash Join","Parent Relationship":"Outer","Parallel Aware":false,"Async Capable":false,"Join Type":"Inner","Startup Cost":24.16,"Total Cost":29.02,"Plan Rows":12,"Plan Width":4,"Actual Startup Time":0.469,"Actual Total Time":0.479,"Actual Rows":22,"Actual Loops":1,"Output":["nation_1.n_nationkey"],"Hash Cond":"(region_1.r_regionkey = nation_1.n_regionkey)","Rows Removed by Bloom Filter":0,"Shared Hit Blocks":0,"Shared Read Blocks":0,"Shared Dirtied Blocks":0,"Shared Written Blocks":0,"Local Hit Blocks":0,"Local Read Blocks":0,"Local Dirtied Blocks":0,"Local Written Blocks":0,"Temp Read Blocks":0,"Temp Written Blocks":0,"I/O Read Time":0.0,"I/O Write Time":0.0,"Temp I/O Read Time":0.0,"Temp I/O Write Time":0.0,"Plans":[{"Node Type":"Append","Parent Relationship":"Outer","Parallel Aware":false,"Async Capable":false,"Startup Cost":20.0,"Total Cost":24.04,"Plan Rows":2,"Plan Width":4,"Actual Startup Time":0.02,"Actual Total Time":0.025,"Actual Rows":1,"Actual Loops":1,"Shared Hit Blocks":0,"Shared Read Blocks":0,"Shared Dirtied Blocks":0,"Shared Written Blocks":0,"Local Hit Blocks":0,"Local Read Blocks":0,"Local Dirtied Blocks":0,"Local Written Blocks":0,"Temp Read Blocks":0,"Temp Written Blocks":0,"I/O Read Time":0.0,"I/O Write Time":0.0,"Temp I/O Read Time":0.0,"Temp I/O Write Time":0.0,"Subplans Removed":0,"Plans":[{"Node Type":"Custom Scan","Parent Relationship":"Member","Custom Plan Provider":"columnar scan","Parallel Aware":false,"Async Capable":false,"Relation Name":"region","Schema":"public","Alias":"region_1","Startup Cost":20.0,"Total Cost":20.02,"Plan Rows":1,"Plan Width":4,"Actual Startup Time":0.02,"Actual Total Time":0.02,"Actual Rows":1,"Actual Loops":1,"Output":["region_1.r_regionkey"],"Filter":"((region_1.r_name)::text ~~ 'Europ%'::text)","Rows Removed by Filter":0,"Rows Removed by Columnar Filter":4,"Columnar cache search mode":"native","Shared Hit Blocks":0,"Shared Read Blocks":0,"Shared Dirtied Blocks":0,"Shared Written Blocks":0,"Local Hit Blocks":0,"Local Read Blocks":0,"Local Dirtied Blocks":0,"Local Written Blocks":0,"Temp Read Blocks":0,"Temp Written Blocks":0,"I/O Read Time":0.0,"I/O Write Time":0.0,"Temp I/O Read Time":0.0,"Temp I/O Write Time":0.0},{"Node Type":"Seq Scan","Parent Relationship":"Member","Parallel Aware":false,"Async Capable":false,"Relation Name":"region","Schema":"public","Alias":"region_1","Startup Cost":0.0,"Total Cost":4.01,"Plan Rows":1,"Plan Width":4,"Actual Startup Time":0.0,"Actual Total Time":0.0,"Actual Rows":0,"Actual Loops":0,"Output":["region_1.r_regionkey"],"Filter":"((region_1.r_name)::text ~~ 'Europ%'::text)","Rows Removed by Filter":0,"Shared Hit Blocks":0,"Shared Read Blocks":0,"Shared Dirtied Blocks":0,"Shared Written Blocks":0,"Local Hit Blocks":0,"Local Read Blocks":0,"Local Dirtied Blocks":0,"Local Written Blocks":0,"Temp Read Blocks":0,"Temp Written Blocks":0,"I/O Read Time":0.0,"I/O Write Time":0.0,"Temp I/O Read Time":0.0,"Temp I/O Write Time":0.0}]},{"Node Type":"Hash","Parent Relationship":"Inner","Parallel Aware":false,"Async Capable":false,"Startup Cost":25.22,"Total Cost":25.22,"Plan Rows":63,"Plan Width":8,"Actual Rows":62,"Actual Loops":1,"Output":["nation_1.n_nationkey","nation_1.n_regionkey"],"Shared Hit Blocks":0,"Shared Read Blocks":0,"Shared Dirtied Blocks":0,"Shared Written Blocks":0,"Local Hit Blocks":0,"Local Read Blocks":0,"Local Dirtied Blocks":0,"Local Written Blocks":0,"Temp Read Blocks":0,"Temp Written Blocks":0,"I/O Read Time":0.0,"I/O Write Time":0.0,"Temp I/O Read Time":0.0,"Temp I/O Write Time":0.0,"Plans":[{"Node Type":"Append","Parent Relationship":"Outer","Parallel Aware":false,"Async Capable":false,"Startup Cost":20.0,"Total Cost":25.22,"Plan Rows":63,"Plan Width":8,"Actual Startup Time":0.008,"Actual Total Time":0.009,"Actual Rows":62,"Actual Loops":1,"Shared Hit Blocks":0,"Shared Read Blocks":0,"Shared Dirtied Blocks":0,"Shared Written Blocks":0,"Local Hit Blocks":0,"Local Read Blocks":0,"Local Dirtied Blocks":0,"Local Written Blocks":0,"Temp Read Blocks":0,"Temp Written Blocks":0,"I/O Read Time":0.0,"I/O Write Time":0.0,"Temp I/O Read Time":0.0,"Temp I/O Write Time":0.0,"Subplans Removed":0,"Plans":[{"Node Type":"Custom Scan","Parent Relationship":"Member","Custom Plan Provider":"columnar scan","Parallel Aware":false,"Async Capable":false,"Relation Name":"nation","Schema":"public","Alias":"nation_1","Startup Cost":20.0,"Total Cost":21.21,"Plan Rows":62,"Plan Width":8,"Actual Startup Time":0.007,"Actual Total Time":0.007,"Actual Rows":62,"Actual Loops":1,"Output":["nation_1.n_nationkey","nation_1.n_regionkey"],"Rows Removed by Columnar Filter":0,"Columnar cache search mode":"native","Shared Hit Blocks":0,"Shared Read Blocks":0,"Shared Dirtied Blocks":0,"Shared Written Blocks":0,"Local Hit Blocks":0,"Local Read Blocks":0,"Local Dirtied Blocks":0,"Local Written Blocks":0,"Temp Read Blocks":0,"Temp Written Blocks":0,"I/O Read Time":0.0,"I/O Write Time":0.0,"Temp I/O Read Time":0.0,"Temp I/O Write Time":0.0},{"Node Type":"Seq Scan","Parent Relationship":"Member","Parallel Aware":false,"Async Capable":false,"Relation Name":"nation","Schema":"public","Alias":"nation_1","Startup Cost":0.0,"Total Cost":4.01,"Plan Rows":1,"Plan Width":8,"Actual Startup Time":0.0,"Actual Total Time":0.0,"Actual Rows":0,"Actual Loops":0,"Output":["nation_1.n_nationkey","nation_1.n_regionkey"],"Shared Hit Blocks":0,"Shared Read Blocks":0,"Shared Dirtied Blocks":0,"Shared Written Blocks":0,"Local Hit Blocks":0,"Local Read Blocks":0,"Local Dirtied Blocks":0,"Local Written Blocks":0,"Temp Read Blocks":0,"Temp Written Blocks":0,"I/O Read Time":0.0,"I/O Write Time":0.0,"Temp I/O Read Time":0.0,"Temp I/O Write Time":0.0}]}]}]}]}]}]}]}]}]}]},{"Node Type":"Index Scan","Parent Relationship":"Inner","Parallel Aware":false,"Async Capable":false,"Scan Direction":"Forward","Index Name":"supplier_pk","Relation Name":"supplier","Schema":"public","Alias":"supplier","Startup Cost":0.29,"Total Cost":3.25,"Plan Rows":1,"Plan Width":131,"Actual Startup Time":0.002,"Actual Total Time":0.002,"Actual Rows":1,"Actual Loops":4450,"Output":["supplier.su_suppkey","supplier.su_name","supplier.su_address","supplier.su_nationkey","supplier.su_phone","supplier.su_acctbal","supplier.su_comment"],"Index Cond":"(supplier.su_suppkey = mod((stock.s_w_id * stock.s_i_id), 10000))","Rows Removed by Index Recheck":0,"Shared Hit Blocks":13350,"Shared Read Blocks":0,"Shared Dirtied Blocks":0,"Shared Written Blocks":0,"Local Hit Blocks":0,"Local Read Blocks":0,"Local Dirtied Blocks":0,"Local Written Blocks":0,"Temp Read Blocks":0,"Temp Written Blocks":0,"I/O Read Time":0.0,"I/O Write Time":0.0,"Temp I/O Read Time":0.0,"Temp I/O Write Time":0.0}]},{"Node Type":"Index Scan","Parent Relationship":"Inner","Parallel Aware":false,"Async Capable":false,"Scan Direction":"Forward","Index Name":"nation_pk","Relation Name":"nation","Schema":"public","Alias":"nation","Startup Cost":0.14,"Total Cost":0.16,"Plan Rows":1,"Plan Width":16,"Actual Startup Time":0.001,"Actual Total Time":0.001,"Actual Rows":1,"Actual Loops":4450,"Output":["nation.n_nationkey","nation.n_name","nation.n_regionkey","nation.n_comment"],"Index Cond":"(nation.n_nationkey = supplier.su_nationkey)","Rows Removed by Index Recheck":0,"Shared Hit Blocks":8900,"Shared Read Blocks":0,"Shared Dirtied Blocks":0,"Shared Written Blocks":0,"Local Hit Blocks":0,"Local Read Blocks":0,"Local Dirtied Blocks":0,"Local Written Blocks":0,"Temp Read Blocks":0,"Temp Written Blocks":0,"I/O Read Time":0.0,"I/O Write Time":0.0,"Temp I/O Read Time":0.0,"Temp I/O Write Time":0.0}]},{"Node Type":"Hash","Parent Relationship":"Inner","Parallel Aware":false,"Async Capable":false,"Startup Cost":1.06,"Total Cost":1.06,"Plan Rows":1,"Plan Width":4,"Actual Startup Time":0.018,"Actual Total Time":0.019,"Actual Rows":1,"Actual Loops":1,"Output":["region.r_regionkey"],"Hash Buckets":1024,"Original Hash Buckets":1024,"Hash Batches":1,"Original Hash Batches":1,"Peak Memory Usage":9,"Shared Hit Blocks":1,"Shared Read Blocks":0,"Shared Dirtied Blocks":0,"Shared Written Blocks":0,"Local Hit Blocks":0,"Local Read Blocks":0,"Local Dirtied Blocks":0,"Local Written Blocks":0,"Temp Read Blocks":0,"Temp Written Blocks":0,"I/O Read Time":0.0,"I/O Write Time":0.0,"Temp I/O Read Time":0.0,"Temp I/O Write Time":0.0,"Plans":[{"Node Type":"Seq Scan","Parent Relationship":"Outer","Parallel Aware":false,"Async Capable":false,"Relation Name":"region","Schema":"public","Alias":"region","Startup Cost":0.0,"Total Cost":1.06,"Plan Rows":1,"Plan Width":4,"Actual Startup Time":0.013,"Actual Total Time":0.013,"Actual Rows":1,"Actual Loops":1,"Output":["region.r_regionkey"],"Filter":"((region.r_name)::text ~~ 'Europ%'::text)","Rows Removed by Filter":4,"Shared Hit Blocks":1,"Shared Read Blocks":0,"Shared Dirtied Blocks":0,"Shared Written Blocks":0,"Local Hit Blocks":0,"Local Read Blocks":0,"Local Dirtied Blocks":0,"Local Written Blocks":0,"Temp Read Blocks":0,"Temp Written Blocks":0,"I/O Read Time":0.0,"I/O Write Time":0.0,"Temp I/O Read Time":0.0,"Temp I/O Write Time":0.0}]}]}]},"Planning":{"Shared Hit Blocks":36,"Shared Read Blocks":0,"Shared Dirtied Blocks":0,"Shared Written Blocks":0,"Local Hit Blocks":0,"Local Read Blocks":0,"Local Dirtied Blocks":0,"Local Written Blocks":0,"Temp Read Blocks":0,"Temp Written Blocks":0,"I/O Read Time":0.0,"I/O Write Time":0.0,"Temp I/O Read Time":0.0,"Temp I/O Write Time":0.0},"Planning Time":2.484,"Triggers":[],"Execution Time":9510.252}]
[列存组合]: item, nation, region, stock, supplier
[{"Plan":{"Node Type":"Sort","Parallel Aware":false,"Async Capable":false,"Startup Cost":899512.73,"Total Cost":899512.74,"Plan Rows":2,"Plan Width":164,"Actual Startup Time":9084.615,"Actual Total Time":9084.753,"Actual Rows":2295,"Actual Loops":1,"Output":["supplier.su_suppkey","supplier.su_name","nation.n_name","item.i_id","item.i_name","supplier.su_address","supplier.su_phone","supplier.su_comment"],"Sort Key":["nation.n_name","supplier.su_name","item.i_id"],"Sort Method":"quicksort","Sort Space Used":568,"Sort Space Type":"Memory","Shared Hit Blocks":22251,"Shared Read Blocks":0,"Shared Dirtied Blocks":0,"Shared Written Blocks":0,"Local Hit Blocks":0,"Local Read Blocks":0,"Local Dirtied Blocks":0,"Local Written Blocks":0,"Temp Read Blocks":8330,"Temp Written Blocks":14781,"I/O Read Time":0.0,"I/O Write Time":0.0,"Temp I/O Read Time":12.445,"Temp I/O Write Time":48.008,"Plans":[{"Node Type":"Hash Join","Parent Relationship":"Outer","Parallel Aware":false,"Async Capable":false,"Join Type":"Inner","Startup Cost":854917.09,"Total Cost":899512.72,"Plan Rows":2,"Plan Width":164,"Actual Startup Time":8847.954,"Actual Total Time":9080.157,"Actual Rows":2295,"Actual Loops":1,"Output":["supplier.su_suppkey","supplier.su_name","nation.n_name","item.i_id","item.i_name","supplier.su_address","supplier.su_phone","supplier.su_comment"],"Hash Cond":"(nation.n_regionkey = region.r_regionkey)","Shared Hit Blocks":22251,"Shared Read Blocks":0,"Shared Dirtied Blocks":0,"Shared Written Blocks":0,"Local Hit Blocks":0,"Local Read Blocks":0,"Local Dirtied Blocks":0,"Local Written Blocks":0,"Temp Read Blocks":8330,"Temp Written Blocks":14781,"I/O Read Time":0.0,"I/O Write Time":0.0,"Temp I/O Read Time":12.445,"Temp I/O Write Time":48.008,"Plans":[{"Node Type":"Nested Loop","Parent Relationship":"Outer","Parallel Aware":false,"Async Capable":false,"Join Type":"Inner","Startup Cost":854916.02,"Total Cost":899511.6,"Plan Rows":10,"Plan Width":168,"Actual Startup Time":8847.901,"Actual Total Time":9079.356,"Actual Rows":4450,"Actual Loops":1,"Output":["item.i_id","item.i_name","supplier.su_suppkey","supplier.su_name","supplier.su_address","supplier.su_phone","supplier.su_comment","nation.n_name","nation.n_regionkey"],"Shared Hit Blocks":22250,"Shared Read Blocks":0,"Shared Dirtied Blocks":0,"Shared Written Blocks":0,"Local Hit Blocks":0,"Local Read Blocks":0,"Local Dirtied Blocks":0,"Local Written Blocks":0,"Temp Read Blocks":8330,"Temp Written Blocks":14781,"I/O Read Time":0.0,"I/O Write Time":0.0,"Temp I/O Read Time":12.445,"Temp I/O Write Time":48.008,"Plans":[{"Node Type":"Nested Loop","Parent Relationship":"Outer","Parallel Aware":false,"Async Capable":false,"Join Type":"Inner","Startup Cost":854915.88,"Total Cost":899510.01,"Plan Rows":10,"Plan Width":160,"Actual Startup Time":8847.883,"Actual Total Time":9074.313,"Actual Rows":4450,"Actual Loops":1,"Output":["item.i_id","item.i_name","supplier.su_suppkey","supplier.su_name","supplier.su_address","supplier.su_phone","supplier.su_comment","supplier.su_nationkey"],"Shared Hit Blocks":13350,"Shared Read Blocks":0,"Shared Dirtied Blocks":0,"Shared Written Blocks":0,"Local Hit Blocks":0,"Local Read Blocks":0,"Local Dirtied Blocks":0,"Local Written Blocks":0,"Temp Read Blocks":8330,"Temp Written Blocks":14781,"I/O Read Time":0.0,"I/O Write Time":0.0,"Temp I/O Read Time":12.445,"Temp I/O Write Time":48.008,"Plans":[{"Node Type":"Hash Join","Parent Relationship":"Outer","Parallel Aware":false,"Async Capable":false,"Join Type":"Inner","Startup Cost":854915.59,"Total Cost":899477.52,"Plan Rows":10,"Plan Width":35,"Actual Startup Time":8847.827,"Actual Total Time":9065.258,"Actual Rows":4450,"Actual Loops":1,"Output":["item.i_id","item.i_name","stock.s_i_id","stock.s_w_id"],"Hash Cond":"((item.i_id = stock_1.s_i_id) AND (stock.s_quantity = (min(stock_1.s_quantity))))","Shared Hit Blocks":0,"Shared Read Blocks":0,"Shared Dirtied Blocks":0,"Shared Written Blocks":0,"Local Hit Blocks":0,"Local Read Blocks":0,"Local Dirtied Blocks":0,"Local Written Blocks":0,"Temp Read Blocks":8330,"Temp Written Blocks":14781,"I/O Read Time":0.0,"I/O Write Time":0.0,"Temp I/O Read Time":12.445,"Temp I/O Write Time":48.008,"Plans":[{"Node Type":"Hash Join","Parent Relationship":"Outer","Parallel Aware":false,"Async Capable":false,"Join Type":"Inner","Startup Cost":44.04,"Total Cost":44595.48,"Plan Rows":2000,"Plan Width":37,"Actual Startup Time":60.227,"Actual Total Time":237.801,"Actual Rows":314400,"Actual Loops":1,"Output":["item.i_id","item.i_name","stock.s_i_id","stock.s_w_id","stock.s_quantity"],"Hash Cond":"(stock.s_i_id = item.i_id)","Rows Removed by Bloom Filter":58505694,"Shared Hit Blocks":0,"Shared Read Blocks":0,"Shared Dirtied Blocks":0,"Shared Written Blocks":0,"Local Hit Blocks":0,"Local Read Blocks":0,"Local Dirtied Blocks":0,"Local Written Blocks":0,"Temp Read Blocks":0,"Temp Written Blocks":0,"I/O Read Time":0.0,"I/O Write Time":0.0,"Temp I/O Read Time":0.0,"Temp I/O Write Time":0.0,"Plans":[{"Node Type":"Append","Parent Relationship":"Outer","Parallel Aware":false,"Async Capable":false,"Startup Cost":20.0,"Total Cost":430026.22,"Plan Rows":20000212,"Plan Width":8,"Actual Startup Time":0.283,"Actual Total Time":0.288,"Actual Rows":20000000,"Actual Loops":1,"Shared Hit Blocks":0,"Shared Read Blocks":0,"Shared Dirtied Blocks":0,"Shared Written Blocks":0,"Local Hit Blocks":0,"Local Read Blocks":0,"Local Dirtied Blocks":0,"Local Written Blocks":0,"Temp Read Blocks":0,"Temp Written Blocks":0,"I/O Read Time":0.0,"I/O Write Time":0.0,"Temp I/O Read Time":0.0,"Temp I/O Write Time":0.0,"Subplans Removed":0,"Plans":[{"Node Type":"Custom Scan","Parent Relationship":"Member","Custom Plan Provider":"columnar scan","Parallel Aware":false,"Async Capable":false,"Relation Name":"stock","Schema":"public","Alias":"stock","Startup Cost":20.0,"Total Cost":430020.1,"Plan Rows":20000000,"Plan Width":8,"Actual Startup Time":0.282,"Actual Total Time":0.284,"Actual Rows":20000000,"Actual Loops":1,"Output":["stock.s_i_id","stock.s_w_id","stock.s_quantity"],"Rows Removed by Columnar Filter":0,"Columnar cache search mode":"native","Shared Hit Blocks":0,"Shared Read Blocks":0,"Shared Dirtied Blocks":0,"Shared Written Blocks":0,"Local Hit Blocks":0,"Local Read Blocks":0,"Local Dirtied Blocks":0,"Local Written Blocks":0,"Temp Read Blocks":0,"Temp Written Blocks":0,"I/O Read Time":0.0,"I/O Write Time":0.0,"Temp I/O Read Time":0.0,"Temp I/O Write Time":0.0},{"Node Type":"Seq Scan","Parent Relationship":"Member","Parallel Aware":false,"Async Capable":false,"Relation Name":"stock","Schema":"public","Alias":"stock","Startup Cost":0.0,"Total Cost":6.12,"Plan Rows":212,"Plan Width":8,"Actual Startup Time":0.0,"Actual Total Time":0.0,"Actual Rows":0,"Actual Loops":0,"Output":["stock.s_i_id","stock.s_w_id","stock.s_quantity"],"Shared Hit Blocks":0,"Shared Read Blocks":0,"Shared Dirtied Blocks":0,"Shared Written Blocks":0,"Local Hit Blocks":0,"Local Read Blocks":0,"Local Dirtied Blocks":0,"Local Written Blocks":0,"Temp Read Blocks":0,"Temp Written Blocks":0,"I/O Read Time":0.0,"I/O Write Time":0.0,"Temp I/O Read Time":0.0,"Temp I/O Write Time":0.0}]},{"Node Type":"Hash","Parent Relationship":"Inner","Parallel Aware":false,"Async Capable":false,"Startup Cost":24.21,"Total Cost":24.21,"Plan Rows":11,"Plan Width":29,"Actual Rows":1572,"Actual Loops":1,"Output":["item.i_id","item.i_name"],"Shared Hit Blocks":0,"Shared Read Blocks":0,"Shared Dirtied Blocks":0,"Shared Written Blocks":0,"Local Hit Blocks":0,"Local Read Blocks":0,"Local Dirtied Blocks":0,"Local Written Blocks":0,"Temp Read Blocks":0,"Temp Written Blocks":0,"I/O Read Time":0.0,"I/O Write Time":0.0,"Temp I/O Read Time":0.0,"Temp I/O Write Time":0.0,"Plans":[{"Node Type":"Append","Parent Relationship":"Outer","Parallel Aware":false,"Async Capable":false,"Startup Cost":20.0,"Total Cost":24.21,"Plan Rows":11,"Plan Width":29,"Actual Startup Time":7.183,"Actual Total Time":7.186,"Actual Rows":1572,"Actual Loops":1,"Shared Hit Blocks":0,"Shared Read Blocks":0,"Shared Dirtied Blocks":0,"Shared Written Blocks":0,"Local Hit Blocks":0,"Local Read Blocks":0,"Local Dirtied Blocks":0,"Local Written Blocks":0,"Temp Read Blocks":0,"Temp Written Blocks":0,"I/O Read Time":0.0,"I/O Write Time":0.0,"Temp I/O Read Time":0.0,"Temp I/O Write Time":0.0,"Subplans Removed":0,"Plans":[{"Node Type":"Custom Scan","Parent Relationship":"Member","Custom Plan Provider":"columnar scan","Parallel Aware":false,"Async Capable":false,"Relation Name":"item","Schema":"public","Alias":"item","Startup Cost":20.0,"Total Cost":20.2,"Plan Rows":10,"Plan Width":29,"Actual Startup Time":7.181,"Actual Total Time":7.181,"Actual Rows":1572,"Actual Loops":1,"Output":["item.i_id","item.i_name"],"Filter":"((item.i_data)::text ~~ '%b'::text)","Rows Removed by Filter":0,"Rows Removed by Columnar Filter":98428,"Columnar cache search mode":"native","Shared Hit Blocks":0,"Shared Read Blocks":0,"Shared Dirtied Blocks":0,"Shared Written Blocks":0,"Local Hit Blocks":0,"Local Read Blocks":0,"Local Dirtied Blocks":0,"Local Written Blocks":0,"Temp Read Blocks":0,"Temp Written Blocks":0,"I/O Read Time":0.0,"I/O Write Time":0.0,"Temp I/O Read Time":0.0,"Temp I/O Write Time":0.0},{"Node Type":"Seq Scan","Parent Relationship":"Member","Parallel Aware":false,"Async Capable":false,"Relation Name":"item","Schema":"public","Alias":"item","Startup Cost":0.0,"Total Cost":4.01,"Plan Rows":1,"Plan Width":29,"Actual Startup Time":0.0,"Actual Total Time":0.0,"Actual Rows":0,"Actual Loops":0,"Output":["item.i_id","item.i_name"],"Filter":"((item.i_data)::text ~~ '%b'::text)","Rows Removed by Filter":0,"Shared Hit Blocks":0,"Shared Read Blocks":0,"Shared Dirtied Blocks":0,"Shared Written Blocks":0,"Local Hit Blocks":0,"Local Read Blocks":0,"Local Dirtied Blocks":0,"Local Written Blocks":0,"Temp Read Blocks":0,"Temp Written Blocks":0,"I/O Read Time":0.0,"I/O Write Time":0.0,"Temp I/O Read Time":0.0,"Temp I/O Write Time":0.0}]}]}]},{"Node Type":"Hash","Parent Relationship":"Inner","Parallel Aware":false,"Async Capable":false,"Startup Cost":853386.06,"Total Cost":853386.06,"Plan Rows":99032,"Plan Width":6,"Actual Startup Time":8787.134,"Actual Total Time":8787.153,"Actual Rows":100000,"Actual Loops":1,"Output":["stock_1.s_i_id","(min(stock_1.s_quantity))"],"Hash Buckets":131072,"Original Hash Buckets":131072,"Hash Batches":1,"Original Hash Batches":1,"Peak Memory Usage":4735,"Shared Hit Blocks":0,"Shared Read Blocks":0,"Shared Dirtied Blocks":0,"Shared Written Blocks":0,"Local Hit Blocks":0,"Local Read Blocks":0,"Local Dirtied Blocks":0,"Local Written Blocks":0,"Temp Read Blocks":8330,"Temp Written Blocks":14781,"I/O Read Time":0.0,"I/O Write Time":0.0,"Temp I/O Read Time":12.445,"Temp I/O Write Time":48.008,"Plans":[{"Node Type":"Aggregate","Strategy":"Hashed","Partial Mode":"Simple","Parent Relationship":"Outer","Parallel Aware":false,"Async Capable":false,"Startup Cost":820155.09,"Total Cost":852395.74,"Plan Rows":99032,"Plan Width":6,"Actual Startup Time":8448.819,"Actual Total Time":8771.233,"Actual Rows":100000,"Actual Loops":1,"Output":["stock_1.s_i_id","min(stock_1.s_quantity)"],"Group Key":["stock_1.s_i_id"],"Planned Partitions":0,"HashAgg Batches":5,"Peak Memory Usage":8241,"Disk Usage":68504,"Shared Hit Blocks":0,"Shared Read Blocks":0,"Shared Dirtied Blocks":0,"Shared Written Blocks":0,"Local Hit Blocks":0,"Local Read Blocks":0,"Local Dirtied Blocks":0,"Local Written Blocks":0,"Temp Read Blocks":8330,"Temp Written Blocks":14781,"I/O Read Time":0.0,"I/O Write Time":0.0,"Temp I/O Read Time":12.445,"Temp I/O Write Time":48.008,"Plans":[{"Node Type":"Hash Join","Parent Relationship":"Outer","Parallel Aware":false,"Async Capable":false,"Join Type":"Inner","Startup Cost":144.76,"Total Cost":595152.73,"Plan Rows":4000042,"Plan Width":6,"Actual Startup Time":1.54,"Actual Total Time":7126.459,"Actual Rows":6959700,"Actual Loops":1,"Output":["stock_1.s_i_id","stock_1.s_quantity"],"Hash Cond":"(mod((stock_1.s_w_id * stock_1.s_i_id), 10000) = supplier_1.su_suppkey)","Shared Hit Blocks":0,"Shared Read Blocks":0,"Shared Dirtied Blocks":0,"Shared Written Blocks":0,"Local Hit Blocks":0,"Local Read Blocks":0,"Local Dirtied Blocks":0,"Local Written Blocks":0,"Temp Read Blocks":0,"Temp Written Blocks":0,"I/O Read Time":0.0,"I/O Write Time":0.0,"Temp I/O Read Time":0.0,"Temp I/O Write Time":0.0,"Plans":[{"Node Type":"Append","Parent Relationship":"Outer","Parallel Aware":false,"Async Capable":false,"Startup Cost":20.0,"Total Cost":430026.22,"Plan Rows":20000212,"Plan Width":8,"Actual Startup Time":0.017,"Actual Total Time":4188.776,"Actual Rows":20000000,"Actual Loops":1,"Shared Hit Blocks":0,"Shared Read Blocks":0,"Shared Dirtied Blocks":0,"Shared Written Blocks":0,"Local Hit Blocks":0,"Local Read Blocks":0,"Local Dirtied Blocks":0,"Local Written Blocks":0,"Temp Read Blocks":0,"Temp Written Blocks":0,"I/O Read Time":0.0,"I/O Write Time":0.0,"Temp I/O Read Time":0.0,"Temp I/O Write Time":0.0,"Subplans Removed":0,"Plans":[{"Node Type":"Custom Scan","Parent Relationship":"Member","Custom Plan Provider":"columnar scan","Parallel Aware":false,"Async Capable":false,"Relation Name":"stock","Schema":"public","Alias":"stock_1","Startup Cost":20.0,"Total Cost":430020.1,"Plan Rows":20000000,"Plan Width":8,"Actual Startup Time":0.016,"Actual Total Time":2768.53,"Actual Rows":20000000,"Actual Loops":1,"Output":["stock_1.s_i_id","stock_1.s_quantity","stock_1.s_w_id"],"Rows Removed by Columnar Filter":0,"Columnar cache search mode":"native","Shared Hit Blocks":0,"Shared Read Blocks":0,"Shared Dirtied Blocks":0,"Shared Written Blocks":0,"Local Hit Blocks":0,"Local Read Blocks":0,"Local Dirtied Blocks":0,"Local Written Blocks":0,"Temp Read Blocks":0,"Temp Written Blocks":0,"I/O Read Time":0.0,"I/O Write Time":0.0,"Temp I/O Read Time":0.0,"Temp I/O Write Time":0.0},{"Node Type":"Seq Scan","Parent Relationship":"Member","Parallel Aware":false,"Async Capable":false,"Relation Name":"stock","Schema":"public","Alias":"stock_1","Startup Cost":0.0,"Total Cost":6.12,"Plan Rows":212,"Plan Width":8,"Actual Startup Time":0.0,"Actual Total Time":0.0,"Actual Rows":0,"Actual Loops":0,"Output":["stock_1.s_i_id","stock_1.s_quantity","stock_1.s_w_id"],"Shared Hit Blocks":0,"Shared Read Blocks":0,"Shared Dirtied Blocks":0,"Shared Written Blocks":0,"Local Hit Blocks":0,"Local Read Blocks":0,"Local Dirtied Blocks":0,"Local Written Blocks":0,"Temp Read Blocks":0,"Temp Written Blocks":0,"I/O Read Time":0.0,"I/O Write Time":0.0,"Temp I/O Read Time":0.0,"Temp I/O Write Time":0.0}]},{"Node Type":"Hash","Parent Relationship":"Inner","Parallel Aware":false,"Async Capable":false,"Startup Cost":99.76,"Total Cost":99.76,"Plan Rows":2000,"Plan Width":4,"Actual Startup Time":1.509,"Actual Total Time":1.525,"Actual Rows":3506,"Actual Loops":1,"Output":["supplier_1.su_suppkey"],"Hash Buckets":4096,"Original Hash Buckets":2048,"Hash Batches":1,"Original Hash Batches":1,"Peak Memory Usage":156,"Shared Hit Blocks":0,"Shared Read Blocks":0,"Shared Dirtied Blocks":0,"Shared Written Blocks":0,"Local Hit Blocks":0,"Local Read Blocks":0,"Local Dirtied Blocks":0,"Local Written Blocks":0,"Temp Read Blocks":0,"Temp Written Blocks":0,"I/O Read Time":0.0,"I/O Write Time":0.0,"Temp I/O Read Time":0.0,"Temp I/O Write Time":0.0,"Plans":[{"Node Type":"Hash Join","Parent Relationship":"Outer","Parallel Aware":false,"Async Capable":false,"Join Type":"Inner","Startup Cost":48.98,"Total Cost":99.76,"Plan Rows":2000,"Plan Width":4,"Actual Startup Time":0.861,"Actual Total Time":1.095,"Actual Rows":3506,"Actual Loops":1,"Output":["supplier_1.su_suppkey"],"Hash Cond":"(supplier_1.su_nationkey = nation_1.n_nationkey)","Rows Removed by Bloom Filter":6494,"Shared Hit Blocks":0,"Shared Read Blocks":0,"Shared Dirtied Blocks":0,"Shared Written Blocks":0,"Local Hit Blocks":0,"Local Read Blocks":0,"Local Dirtied Blocks":0,"Local Written Blocks":0,"Temp Read Blocks":0,"Temp Written Blocks":0,"I/O Read Time":0.0,"I/O Write Time":0.0,"Temp I/O Read Time":0.0,"Temp I/O Write Time":0.0,"Plans":[{"Node Type":"Append","Parent Relationship":"Outer","Parallel Aware":false,"Async Capable":false,"Startup Cost":20.0,"Total Cost":219.01,"Plan Rows":10001,"Plan Width":8,"Actual Startup Time":0.012,"Actual Total Time":0.014,"Actual Rows":10000,"Actual Loops":1,"Shared Hit Blocks":0,"Shared Read Blocks":0,"Shared Dirtied Blocks":0,"Shared Written Blocks":0,"Local Hit Blocks":0,"Local Read Blocks":0,"Local Dirtied Blocks":0,"Local Written Blocks":0,"Temp Read Blocks":0,"Temp Written Blocks":0,"I/O Read Time":0.0,"I/O Write Time":0.0,"Temp I/O Read Time":0.0,"Temp I/O Write Time":0.0,"Subplans Removed":0,"Plans":[{"Node Type":"Custom Scan","Parent Relationship":"Member","Custom Plan Provider":"columnar scan","Parallel Aware":false,"Async Capable":false,"Relation Name":"supplier","Schema":"public","Alias":"supplier_1","Startup Cost":20.0,"Total Cost":215.0,"Plan Rows":10000,"Plan Width":8,"Actual Startup Time":0.011,"Actual Total Time":0.011,"Actual Rows":10000,"Actual Loops":1,"Output":["supplier_1.su_suppkey","supplier_1.su_nationkey"],"Rows Removed by Columnar Filter":0,"Columnar cache search mode":"native","Shared Hit Blocks":0,"Shared Read Blocks":0,"Shared Dirtied Blocks":0,"Shared Written Blocks":0,"Local Hit Blocks":0,"Local Read Blocks":0,"Local Dirtied Blocks":0,"Local Written Blocks":0,"Temp Read Blocks":0,"Temp Written Blocks":0,"I/O Read Time":0.0,"I/O Write Time":0.0,"Temp I/O Read Time":0.0,"Temp I/O Write Time":0.0},{"Node Type":"Seq Scan","Parent Relationship":"Member","Parallel Aware":false,"Async Capable":false,"Relation Name":"supplier","Schema":"public","Alias":"supplier_1","Startup Cost":0.0,"Total Cost":4.01,"Plan Rows":1,"Plan Width":8,"Actual Startup Time":0.0,"Actual Total Time":0.0,"Actual Rows":0,"Actual Loops":0,"Output":["supplier_1.su_suppkey","supplier_1.su_nationkey"],"Shared Hit Blocks":0,"Shared Read Blocks":0,"Shared Dirtied Blocks":0,"Shared Written Blocks":0,"Local Hit Blocks":0,"Local Read Blocks":0,"Local Dirtied Blocks":0,"Local Written Blocks":0,"Temp Read Blocks":0,"Temp Written Blocks":0,"I/O Read Time":0.0,"I/O Write Time":0.0,"Temp I/O Read Time":0.0,"Temp I/O Write Time":0.0}]},{"Node Type":"Hash","Parent Relationship":"Inner","Parallel Aware":false,"Async Capable":false,"Startup Cost":29.02,"Total Cost":29.02,"Plan Rows":12,"Plan Width":4,"Actual Rows":22,"Actual Loops":1,"Output":["nation_1.n_nationkey"],"Shared Hit Blocks":0,"Shared Read Blocks":0,"Shared Dirtied Blocks":0,"Shared Written Blocks":0,"Local Hit Blocks":0,"Local Read Blocks":0,"Local Dirtied Blocks":0,"Local Written Blocks":0,"Temp Read Blocks":0,"Temp Written Blocks":0,"I/O Read Time":0.0,"I/O Write Time":0.0,"Temp I/O Read Time":0.0,"Temp I/O Write Time":0.0,"Plans":[{"Node Type":"Hash Join","Parent Relationship":"Outer","Parallel Aware":false,"Async Capable":false,"Join Type":"Inner","Startup Cost":24.16,"Total Cost":29.02,"Plan Rows":12,"Plan Width":4,"Actual Startup Time":0.374,"Actual Total Time":0.384,"Actual Rows":22,"Actual Loops":1,"Output":["nation_1.n_nationkey"],"Hash Cond":"(region_1.r_regionkey = nation_1.n_regionkey)","Rows Removed by Bloom Filter":0,"Shared Hit Blocks":0,"Shared Read Blocks":0,"Shared Dirtied Blocks":0,"Shared Written Blocks":0,"Local Hit Blocks":0,"Local Read Blocks":0,"Local Dirtied Blocks":0,"Local Written Blocks":0,"Temp Read Blocks":0,"Temp Written Blocks":0,"I/O Read Time":0.0,"I/O Write Time":0.0,"Temp I/O Read Time":0.0,"Temp I/O Write Time":0.0,"Plans":[{"Node Type":"Append","Parent Relationship":"Outer","Parallel Aware":false,"Async Capable":false,"Startup Cost":20.0,"Total Cost":24.04,"Plan Rows":2,"Plan Width":4,"Actual Startup Time":0.016,"Actual Total Time":0.019,"Actual Rows":1,"Actual Loops":1,"Shared Hit Blocks":0,"Shared Read Blocks":0,"Shared Dirtied Blocks":0,"Shared Written Blocks":0,"Local Hit Blocks":0,"Local Read Blocks":0,"Local Dirtied Blocks":0,"Local Written Blocks":0,"Temp Read Blocks":0,"Temp Written Blocks":0,"I/O Read Time":0.0,"I/O Write Time":0.0,"Temp I/O Read Time":0.0,"Temp I/O Write Time":0.0,"Subplans Removed":0,"Plans":[{"Node Type":"Custom Scan","Parent Relationship":"Member","Custom Plan Provider":"columnar scan","Parallel Aware":false,"Async Capable":false,"Relation Name":"region","Schema":"public","Alias":"region_1","Startup Cost":20.0,"Total Cost":20.02,"Plan Rows":1,"Plan Width":4,"Actual Startup Time":0.015,"Actual Total Time":0.017,"Actual Rows":1,"Actual Loops":1,"Output":["region_1.r_regionkey"],"Filter":"((region_1.r_name)::text ~~ 'Europ%'::text)","Rows Removed by Filter":0,"Rows Removed by Columnar Filter":4,"Columnar cache search mode":"native","Shared Hit Blocks":0,"Shared Read Blocks":0,"Shared Dirtied Blocks":0,"Shared Written Blocks":0,"Local Hit Blocks":0,"Local Read Blocks":0,"Local Dirtied Blocks":0,"Local Written Blocks":0,"Temp Read Blocks":0,"Temp Written Blocks":0,"I/O Read Time":0.0,"I/O Write Time":0.0,"Temp I/O Read Time":0.0,"Temp I/O Write Time":0.0},{"Node Type":"Seq Scan","Parent Relationship":"Member","Parallel Aware":false,"Async Capable":false,"Relation Name":"region","Schema":"public","Alias":"region_1","Startup Cost":0.0,"Total Cost":4.01,"Plan Rows":1,"Plan Width":4,"Actual Startup Time":0.0,"Actual Total Time":0.0,"Actual Rows":0,"Actual Loops":0,"Output":["region_1.r_regionkey"],"Filter":"((region_1.r_name)::text ~~ 'Europ%'::text)","Rows Removed by Filter":0,"Shared Hit Blocks":0,"Shared Read Blocks":0,"Shared Dirtied Blocks":0,"Shared Written Blocks":0,"Local Hit Blocks":0,"Local Read Blocks":0,"Local Dirtied Blocks":0,"Local Written Blocks":0,"Temp Read Blocks":0,"Temp Written Blocks":0,"I/O Read Time":0.0,"I/O Write Time":0.0,"Temp I/O Read Time":0.0,"Temp I/O Write Time":0.0}]},{"Node Type":"Hash","Parent Relationship":"Inner","Parallel Aware":false,"Async Capable":false,"Startup Cost":25.22,"Total Cost":25.22,"Plan Rows":63,"Plan Width":8,"Actual Rows":62,"Actual Loops":1,"Output":["nation_1.n_nationkey","nation_1.n_regionkey"],"Shared Hit Blocks":0,"Shared Read Blocks":0,"Shared Dirtied Blocks":0,"Shared Written Blocks":0,"Local Hit Blocks":0,"Local Read Blocks":0,"Local Dirtied Blocks":0,"Local Written Blocks":0,"Temp Read Blocks":0,"Temp Written Blocks":0,"I/O Read Time":0.0,"I/O Write Time":0.0,"Temp I/O Read Time":0.0,"Temp I/O Write Time":0.0,"Plans":[{"Node Type":"Append","Parent Relationship":"Outer","Parallel Aware":false,"Async Capable":false,"Startup Cost":20.0,"Total Cost":25.22,"Plan Rows":63,"Plan Width":8,"Actual Startup Time":0.008,"Actual Total Time":0.01,"Actual Rows":62,"Actual Loops":1,"Shared Hit Blocks":0,"Shared Read Blocks":0,"Shared Dirtied Blocks":0,"Shared Written Blocks":0,"Local Hit Blocks":0,"Local Read Blocks":0,"Local Dirtied Blocks":0,"Local Written Blocks":0,"Temp Read Blocks":0,"Temp Written Blocks":0,"I/O Read Time":0.0,"I/O Write Time":0.0,"Temp I/O Read Time":0.0,"Temp I/O Write Time":0.0,"Subplans Removed":0,"Plans":[{"Node Type":"Custom Scan","Parent Relationship":"Member","Custom Plan Provider":"columnar scan","Parallel Aware":false,"Async Capable":false,"Relation Name":"nation","Schema":"public","Alias":"nation_1","Startup Cost":20.0,"Total Cost":21.21,"Plan Rows":62,"Plan Width":8,"Actual Startup Time":0.007,"Actual Total Time":0.008,"Actual Rows":62,"Actual Loops":1,"Output":["nation_1.n_nationkey","nation_1.n_regionkey"],"Rows Removed by Columnar Filter":0,"Columnar cache search mode":"native","Shared Hit Blocks":0,"Shared Read Blocks":0,"Shared Dirtied Blocks":0,"Shared Written Blocks":0,"Local Hit Blocks":0,"Local Read Blocks":0,"Local Dirtied Blocks":0,"Local Written Blocks":0,"Temp Read Blocks":0,"Temp Written Blocks":0,"I/O Read Time":0.0,"I/O Write Time":0.0,"Temp I/O Read Time":0.0,"Temp I/O Write Time":0.0},{"Node Type":"Seq Scan","Parent Relationship":"Member","Parallel Aware":false,"Async Capable":false,"Relation Name":"nation","Schema":"public","Alias":"nation_1","Startup Cost":0.0,"Total Cost":4.01,"Plan Rows":1,"Plan Width":8,"Actual Startup Time":0.0,"Actual Total Time":0.0,"Actual Rows":0,"Actual Loops":0,"Output":["nation_1.n_nationkey","nation_1.n_regionkey"],"Shared Hit Blocks":0,"Shared Read Blocks":0,"Shared Dirtied Blocks":0,"Shared Written Blocks":0,"Local Hit Blocks":0,"Local Read Blocks":0,"Local Dirtied Blocks":0,"Local Written Blocks":0,"Temp Read Blocks":0,"Temp Written Blocks":0,"I/O Read Time":0.0,"I/O Write Time":0.0,"Temp I/O Read Time":0.0,"Temp I/O Write Time":0.0}]}]}]}]}]}]}]}]}]}]},{"Node Type":"Index Scan","Parent Relationship":"Inner","Parallel Aware":false,"Async Capable":false,"Scan Direction":"Forward","Index Name":"supplier_pk","Relation Name":"supplier","Schema":"public","Alias":"supplier","Startup Cost":0.29,"Total Cost":3.25,"Plan Rows":1,"Plan Width":131,"Actual Startup Time":0.002,"Actual Total Time":0.002,"Actual Rows":1,"Actual Loops":4450,"Output":["supplier.su_suppkey","supplier.su_name","supplier.su_address","supplier.su_nationkey","supplier.su_phone","supplier.su_acctbal","supplier.su_comment"],"Index Cond":"(supplier.su_suppkey = mod((stock.s_w_id * stock.s_i_id), 10000))","Rows Removed by Index Recheck":0,"Shared Hit Blocks":13350,"Shared Read Blocks":0,"Shared Dirtied Blocks":0,"Shared Written Blocks":0,"Local Hit Blocks":0,"Local Read Blocks":0,"Local Dirtied Blocks":0,"Local Written Blocks":0,"Temp Read Blocks":0,"Temp Written Blocks":0,"I/O Read Time":0.0,"I/O Write Time":0.0,"Temp I/O Read Time":0.0,"Temp I/O Write Time":0.0}]},{"Node Type":"Index Scan","Parent Relationship":"Inner","Parallel Aware":false,"Async Capable":false,"Scan Direction":"Forward","Index Name":"nation_pk","Relation Name":"nation","Schema":"public","Alias":"nation","Startup Cost":0.14,"Total Cost":0.16,"Plan Rows":1,"Plan Width":16,"Actual Startup Time":0.001,"Actual Total Time":0.001,"Actual Rows":1,"Actual Loops":4450,"Output":["nation.n_nationkey","nation.n_name","nation.n_regionkey","nation.n_comment"],"Index Cond":"(nation.n_nationkey = supplier.su_nationkey)","Rows Removed by Index Recheck":0,"Shared Hit Blocks":8900,"Shared Read Blocks":0,"Shared Dirtied Blocks":0,"Shared Written Blocks":0,"Local Hit Blocks":0,"Local Read Blocks":0,"Local Dirtied Blocks":0,"Local Written Blocks":0,"Temp Read Blocks":0,"Temp Written Blocks":0,"I/O Read Time":0.0,"I/O Write Time":0.0,"Temp I/O Read Time":0.0,"Temp I/O Write Time":0.0}]},{"Node Type":"Hash","Parent Relationship":"Inner","Parallel Aware":false,"Async Capable":false,"Startup Cost":1.06,"Total Cost":1.06,"Plan Rows":1,"Plan Width":4,"Actual Startup Time":0.016,"Actual Total Time":0.016,"Actual Rows":1,"Actual Loops":1,"Output":["region.r_regionkey"],"Hash Buckets":1024,"Original Hash Buckets":1024,"Hash Batches":1,"Original Hash Batches":1,"Peak Memory Usage":9,"Shared Hit Blocks":1,"Shared Read Blocks":0,"Shared Dirtied Blocks":0,"Shared Written Blocks":0,"Local Hit Blocks":0,"Local Read Blocks":0,"Local Dirtied Blocks":0,"Local Written Blocks":0,"Temp Read Blocks":0,"Temp Written Blocks":0,"I/O Read Time":0.0,"I/O Write Time":0.0,"Temp I/O Read Time":0.0,"Temp I/O Write Time":0.0,"Plans":[{"Node Type":"Seq Scan","Parent Relationship":"Outer","Parallel Aware":false,"Async Capable":false,"Relation Name":"region","Schema":"public","Alias":"region","Startup Cost":0.0,"Total Cost":1.06,"Plan Rows":1,"Plan Width":4,"Actual Startup Time":0.012,"Actual Total Time":0.012,"Actual Rows":1,"Actual Loops":1,"Output":["region.r_regionkey"],"Filter":"((region.r_name)::text ~~ 'Europ%'::text)","Rows Removed by Filter":4,"Shared Hit Blocks":1,"Shared Read Blocks":0,"Shared Dirtied Blocks":0,"Shared Written Blocks":0,"Local Hit Blocks":0,"Local Read Blocks":0,"Local Dirtied Blocks":0,"Local Written Blocks":0,"Temp Read Blocks":0,"Temp Written Blocks":0,"I/O Read Time":0.0,"I/O Write Time":0.0,"Temp I/O Read Time":0.0,"Temp I/O Write Time":0.0}]}]}]},"Planning":{"Shared Hit Blocks":36,"Shared Read Blocks":0,"Shared Dirtied Blocks":0,"Shared Written Blocks":0,"Local Hit Blocks":0,"Local Read Blocks":0,"Local Dirtied Blocks":0,"Local Written Blocks":0,"Temp Read Blocks":0,"Temp Written Blocks":0,"I/O Read Time":0.0,"I/O Write Time":0.0,"Temp I/O Read Time":0.0,"Temp I/O Write Time":0.0},"Planning Time":2.509,"Triggers":[],"Execution Time":9100.703}]
