[列存组合]: 无列存
[{"Plan":{"Node Type":"Limit","Parallel Aware":false,"Async Capable":false,"Startup Cost":1778328.01,"Total Cost":1778330.51,"Plan Rows":1000,"Plan Width":52,"Actual Startup Time":14175.554,"Actual Total Time":14175.671,"Actual Rows":1000,"Actual Loops":1,"Output":["order_line.ol_o_id","order_line.ol_w_id","order_line.ol_d_id","(sum(order_line.ol_amount))","orders.o_entry_d"],"Shared Hit Blocks":252128,"Shared Read Blocks":560765,"Shared Dirtied Blocks":0,"Shared Written Blocks":0,"Local Hit Blocks":0,"Local Read Blocks":0,"Local Dirtied Blocks":0,"Local Written Blocks":0,"Temp Read Blocks":20090,"Temp Written Blocks":20103,"I/O Read Time":9704.428,"I/O Write Time":0.0,"Temp I/O Read Time":31.992,"Temp I/O Write Time":93.12,"Plans":[{"Node Type":"Sort","Parent Relationship":"Outer","Parallel Aware":false,"Async Capable":false,"Startup Cost":1778328.01,"Total Cost":1779102.24,"Plan Rows":309692,"Plan Width":52,"Actual Startup Time":14175.553,"Actual Total Time":14175.604,"Actual Rows":1000,"Actual Loops":1,"Output":["order_line.ol_o_id","order_line.ol_w_id","order_line.ol_d_id","(sum(order_line.ol_amount))","orders.o_entry_d"],"Sort Key":["(sum(order_line.ol_amount)) DESC","orders.o_entry_d"],"Sort Method":"top-N heapsort","Sort Space Used":181,"Sort Space Type":"Memory","Shared Hit Blocks":252128,"Shared Read Blocks":560765,"Shared Dirtied Blocks":0,"Shared Written Blocks":0,"Local Hit Blocks":0,"Local Read Blocks":0,"Local Dirtied Blocks":0,"Local Written Blocks":0,"Temp Read Blocks":20090,"Temp Written Blocks":20103,"I/O Read Time":9704.428,"I/O Write Time":0.0,"Temp I/O Read Time":31.992,"Temp I/O Write Time":93.12,"Plans":[{"Node Type":"Aggregate","Strategy":"Sorted","Partial Mode":"Simple","Parent Relationship":"Outer","Parallel Aware":false,"Async Capable":false,"Startup Cost":1752831.4,"Total Cost":1761347.93,"Plan Rows":309692,"Plan Width":52,"Actual Startup Time":13977.858,"Actual Total Time":14160.779,"Actual Rows":57989,"Actual Loops":1,"Output":["order_line.ol_o_id","order_line.ol_w_id","order_line.ol_d_id","sum(order_line.ol_amount)","orders.o_entry_d"],"Group Key":["order_line.ol_o_id","order_line.ol_w_id","order_line.ol_d_id","orders.o_entry_d"],"Shared Hit Blocks":252122,"Shared Read Blocks":560765,"Shared Dirtied Blocks":0,"Shared Written Blocks":0,"Local Hit Blocks":0,"Local Read Blocks":0,"Local Dirtied Blocks":0,"Local Written Blocks":0,"Temp Read Blocks":20090,"Temp Written Blocks":20103,"I/O Read Time":9704.428,"I/O Write Time":0.0,"Temp I/O Read Time":31.992,"Temp I/O Write Time":93.12,"Plans":[{"Node Type":"Sort","Parent Relationship":"Outer","Parallel Aware":false,"Async Capable":false,"Startup Cost":1752831.4,"Total Cost":1753605.63,"Plan Rows":309692,"Plan Width":24,"Actual Startup Time":13977.837,"Actual Total Time":14045.938,"Actual Rows":580686,"Actual Loops":1,"Output":["order_line.ol_o_id","order_line.ol_w_id","order_line.ol_d_id","orders.o_entry_d","order_line.ol_amount"],"Sort Key":["order_line.ol_o_id","order_line.ol_w_id","order_line.ol_d_id","orders.o_entry_d"],"Sort Method":"external merge","Sort Space Used":23344,"Sort Space Type":"Disk","Shared Hit Blocks":252122,"Shared Read Blocks":560765,"Shared Dirtied Blocks":0,"Shared Written Blocks":0,"Local Hit Blocks":0,"Local Read Blocks":0,"Local Dirtied Blocks":0,"Local Written Blocks":0,"Temp Read Blocks":20090,"Temp Written Blocks":20103,"I/O Read Time":9704.428,"I/O Write Time":0.0,"Temp I/O Read Time":31.992,"Temp I/O Write Time":93.12,"Plans":[{"Node Type":"Nested Loop","Parent Relationship":"Outer","Parallel Aware":false,"Async Capable":false,"Join Type":"Inner","Startup Cost":607600.19,"Total Cost":1718234.25,"Plan Rows":309692,"Plan Width":24,"Actual Startup Time":7277.008,"Actual Total Time":13787.746,"Actual Rows":580686,"Actual Loops":1,"Output":["order_line.ol_o_id","order_line.ol_w_id","order_line.ol_d_id","orders.o_entry_d","order_line.ol_amount"],"Inner Unique":false,"Join Filter":"((customer.c_w_id = order_line.ol_w_id) AND (customer.c_d_id = order_line.ol_d_id) AND (new_orders.no_o_id = order_line.ol_o_id))","Rows Removed by Join Filter":0,"Shared Hit Blocks":252119,"Shared Read Blocks":560765,"Shared Dirtied Blocks":0,"Shared Written Blocks":0,"Local Hit Blocks":0,"Local Read Blocks":0,"Local Dirtied Blocks":0,"Local Written Blocks":0,"Temp Read Blocks":17172,"Temp Written Blocks":17172,"I/O Read Time":9704.428,"I/O Write Time":0.0,"Temp I/O Read Time":28.071,"Temp I/O Write Time":81.74,"Plans":[{"Node Type":"Hash Join","Parent Relationship":"Outer","Parallel Aware":false,"Async Capable":false,"Join Type":"Inner","Startup Cost":607599.63,"Total Cost":802284.91,"Plan Rows":30965,"Plan Width":36,"Actual Startup Time":7276.556,"Actual Total Time":9253.509,"Actual Rows":57989,"Actual Loops":1,"Output":["customer.c_w_id","customer.c_d_id","new_orders.no_w_id","new_orders.no_d_id","new_orders.no_o_id","orders.o_entry_d","orders.o_w_id","orders.o_d_id","orders.o_id"],"Inner Unique":true,"Hash Cond":"((customer.c_w_id = new_orders.no_w_id) AND (customer.c_d_id = new_orders.no_d_id) AND (orders.o_id = new_orders.no_o_id))","Shared Hit Blocks":0,"Shared Read Blocks":514467,"Shared Dirtied Blocks":0,"Shared Written Blocks":0,"Local Hit Blocks":0,"Local Read Blocks":0,"Local Dirtied Blocks":0,"Local Written Blocks":0,"Temp Read Blocks":17172,"Temp Written Blocks":17172,"I/O Read Time":5803.418,"I/O Write Time":0.0,"Temp I/O Read Time":28.071,"Temp I/O Write Time":81.74,"Plans":[{"Node Type":"Hash Join","Parent Relationship":"Outer","Parallel Aware":false,"Async Capable":false,"Join Type":"Inner","Startup Cost":539040.63,"Total Cost":722912.91,"Plan Rows":103238,"Plan Width":24,"Actual Startup Time":6733.713,"Actual Total Time":8519.068,"Actual Rows":105594,"Actual Loops":1,"Output":["customer.c_w_id","customer.c_d_id","orders.o_entry_d","orders.o_w_id","orders.o_d_id","orders.o_id"],"Inner Unique":true,"Hash Cond":"((orders.o_c_id = customer.c_id) AND (orders.o_w_id = customer.c_w_id) AND (orders.o_d_id = customer.c_d_id))","Shared Hit Blocks":0,"Shared Read Blocks":504198,"Shared Dirtied Blocks":0,"Shared Written Blocks":0,"Local Hit Blocks":0,"Local Read Blocks":0,"Local Dirtied Blocks":0,"Local Written Blocks":0,"Temp Read Blocks":9112,"Temp Written Blocks":9112,"I/O Read Time":5734.763,"I/O Write Time":0.0,"Temp I/O Read Time":14.087,"Temp I/O Write Time":43.045,"Plans":[{"Node Type":"Seq Scan","Parent Relationship":"Outer","Parallel Aware":false,"Async Capable":false,"Relation Name":"orders","Schema":"public","Alias":"orders","Startup Cost":0.0,"Total Cost":119190.07,"Plan Rows":3263262,"Plan Width":24,"Actual Startup Time":3.287,"Actual Total Time":913.585,"Actual Rows":3270391,"Actual Loops":1,"Output":["orders.o_entry_d","orders.o_c_id","orders.o_w_id","orders.o_d_id","orders.o_id"],"Filter":"(orders.o_entry_d > '1995-03-08 20:10:02.27764'::timestamp without time zone)","Rows Removed by Filter":2729609,"Shared Hit Blocks":0,"Shared Read Blocks":44208,"Shared Dirtied Blocks":0,"Shared Written Blocks":0,"Local Hit Blocks":0,"Local Read Blocks":0,"Local Dirtied Blocks":0,"Local Written Blocks":0,"Temp Read Blocks":0,"Temp Written Blocks":0,"I/O Read Time":320.442,"I/O Write Time":0.0,"Temp I/O Read Time":0.0,"Temp I/O Write Time":0.0},{"Node Type":"Hash","Parent Relationship":"Inner","Parallel Aware":false,"Async Capable":false,"Startup Cost":534977.38,"Total Cost":534977.38,"Plan Rows":189786,"Plan Width":8,"Actual Startup Time":6729.569,"Actual Total Time":6729.573,"Actual Rows":193566,"Actual Loops":1,"Output":["customer.c_id","customer.c_w_id","customer.c_d_id"],"Hash Buckets":262144,"Original Hash Buckets":262144,"Hash Batches":2,"Original Hash Batches":2,"Peak Memory Usage":5832,"Shared Hit Blocks":0,"Shared Read Blocks":459990,"Shared Dirtied Blocks":0,"Shared Written Blocks":0,"Local Hit Blocks":0,"Local Read Blocks":0,"Local Dirtied Blocks":0,"Local Written Blocks":0,"Temp Read Blocks":0,"Temp Written Blocks":330,"I/O Read Time":5414.321,"I/O Write Time":0.0,"Temp I/O Read Time":0.0,"Temp I/O Write Time":3.611,"Plans":[{"Node Type":"Seq Scan","Parent Relationship":"Outer","Parallel Aware":false,"Async Capable":false,"Relation Name":"customer","Schema":"public","Alias":"customer","Startup Cost":0.0,"Total Cost":534977.38,"Plan Rows":189786,"Plan Width":8,"Actual Startup Time":0.621,"Actual Total Time":6668.565,"Actual Rows":193566,"Actual Loops":1,"Output":["customer.c_id","customer.c_w_id","customer.c_d_id"],"Filter":"(customer.c_state ~~ 'A%'::text)","Rows Removed by Filter":5806434,"Shared Hit Blocks":0,"Shared Read Blocks":459990,"Shared Dirtied Blocks":0,"Shared Written Blocks":0,"Local Hit Blocks":0,"Local Read Blocks":0,"Local Dirtied Blocks":0,"Local Written Blocks":0,"Temp Read Blocks":0,"Temp Written Blocks":0,"I/O Read Time":5414.321,"I/O Write Time":0.0,"Temp I/O Read Time":0.0,"Temp I/O Write Time":0.0}]}]},{"Node Type":"Hash","Parent Relationship":"Inner","Parallel Aware":false,"Async Capable":false,"Startup Cost":28269.0,"Total Cost":28269.0,"Plan Rows":1800000,"Plan Width":12,"Actual Startup Time":533.787,"Actual Total Time":533.788,"Actual Rows":1800000,"Actual Loops":1,"Output":["new_orders.no_w_id","new_orders.no_d_id","new_orders.no_o_id"],"Hash Buckets":262144,"Original Hash Buckets":262144,"Hash Batches":16,"Original Hash Batches":16,"Peak Memory Usage":7316,"Shared Hit Blocks":0,"Shared Read Blocks":10269,"Shared Dirtied Blocks":0,"Shared Written Blocks":0,"Local Hit Blocks":0,"Local Read Blocks":0,"Local Dirtied Blocks":0,"Local Written Blocks":0,"Temp Read Blocks":0,"Temp Written Blocks":7409,"I/O Read Time":68.655,"I/O Write Time":0.0,"Temp I/O Read Time":0.0,"Temp I/O Write Time":33.493,"Plans":[{"Node Type":"Seq Scan","Parent Relationship":"Outer","Parallel Aware":false,"Async Capable":false,"Relation Name":"new_orders","Schema":"public","Alias":"new_orders","Startup Cost":0.0,"Total Cost":28269.0,"Plan Rows":1800000,"Plan Width":12,"Actual Startup Time":0.025,"Actual Total Time":243.599,"Actual Rows":1800000,"Actual Loops":1,"Output":["new_orders.no_w_id","new_orders.no_d_id","new_orders.no_o_id"],"Shared Hit Blocks":0,"Shared Read Blocks":10269,"Shared Dirtied Blocks":0,"Shared Written Blocks":0,"Local Hit Blocks":0,"Local Read Blocks":0,"Local Dirtied Blocks":0,"Local Written Blocks":0,"Temp Read Blocks":0,"Temp Written Blocks":0,"I/O Read Time":68.655,"I/O Write Time":0.0,"Temp I/O Read Time":0.0,"Temp I/O Write Time":0.0}]}]},{"Node Type":"Index Scan","Parent Relationship":"Inner","Parallel Aware":false,"Async Capable":false,"Scan Direction":"Forward","Index Name":"order_line_pk","Relation Name":"order_line","Schema":"public","Alias":"order_line","Startup Cost":0.56,"Total Cost":29.41,"Plan Rows":10,"Plan Width":16,"Actual Startup Time":0.07,"Actual Total Time":0.076,"Actual Rows":10,"Actual Loops":57989,"Output":["order_line.ol_o_id","order_line.ol_d_id","order_line.ol_w_id","order_line.ol_number","order_line.ol_i_id","order_line.ol_supply_w_id","order_line.ol_delivery_d","order_line.ol_quantity","order_line.ol_amount","order_line.ol_dist_info"],"Index Cond":"((order_line.ol_w_id = orders.o_w_id) AND (order_line.ol_d_id = orders.o_d_id) AND (order_line.ol_o_id = orders.o_id))","Rows Removed by Index Recheck":0,"Shared Hit Blocks":252119,"Shared Read Blocks":46298,"Shared Dirtied Blocks":0,"Shared Written Blocks":0,"Local Hit Blocks":0,"Local Read Blocks":0,"Local Dirtied Blocks":0,"Local Written Blocks":0,"Temp Read Blocks":0,"Temp Written Blocks":0,"I/O Read Time":3901.011,"I/O Write Time":0.0,"Temp I/O Read Time":0.0,"Temp I/O Write Time":0.0}]}]}]}]}]},"Planning":{"Shared Hit Blocks":335,"Shared Read Blocks":32,"Shared Dirtied Blocks":3,"Shared Written Blocks":0,"Local Hit Blocks":0,"Local Read Blocks":0,"Local Dirtied Blocks":0,"Local Written Blocks":0,"Temp Read Blocks":0,"Temp Written Blocks":0,"I/O Read Time":3.407,"I/O Write Time":0.0,"Temp I/O Read Time":0.0,"Temp I/O Write Time":0.0},"Planning Time":5.694,"Triggers":[],"Execution Time":14179.853}]
[列存组合]: customer
[{"Plan":{"Node Type":"Limit","Parallel Aware":false,"Async Capable":false,"Startup Cost":1456171.31,"Total Cost":1456173.81,"Plan Rows":1000,"Plan Width":52,"Actual Startup Time":2839.282,"Actual Total Time":2839.399,"Actual Rows":1000,"Actual Loops":1,"Output":["order_line.ol_o_id","order_line.ol_w_id","order_line.ol_d_id","(sum(order_line.ol_amount))","orders.o_entry_d"],"Shared Hit Blocks":352271,"Shared Read Blocks":0,"Shared Dirtied Blocks":0,"Shared Written Blocks":0,"Local Hit Blocks":0,"Local Read Blocks":0,"Local Dirtied Blocks":0,"Local Written Blocks":0,"Temp Read Blocks":20090,"Temp Written Blocks":20103,"I/O Read Time":0.0,"I/O Write Time":0.0,"Temp I/O Read Time":29.308,"Temp I/O Write Time":82.746,"Plans":[{"Node Type":"Sort","Parent Relationship":"Outer","Parallel Aware":false,"Async Capable":false,"Startup Cost":1456171.31,"Total Cost":1457040.82,"Plan Rows":347806,"Plan Width":52,"Actual Startup Time":2839.281,"Actual Total Time":2839.333,"Actual Rows":1000,"Actual Loops":1,"Output":["order_line.ol_o_id","order_line.ol_w_id","order_line.ol_d_id","(sum(order_line.ol_amount))","orders.o_entry_d"],"Sort Key":["(sum(order_line.ol_amount)) DESC","orders.o_entry_d"],"Sort Method":"top-N heapsort","Sort Space Used":181,"Sort Space Type":"Memory","Shared Hit Blocks":352271,"Shared Read Blocks":0,"Shared Dirtied Blocks":0,"Shared Written Blocks":0,"Local Hit Blocks":0,"Local Read Blocks":0,"Local Dirtied Blocks":0,"Local Written Blocks":0,"Temp Read Blocks":20090,"Temp Written Blocks":20103,"I/O Read Time":0.0,"I/O Write Time":0.0,"Temp I/O Read Time":29.308,"Temp I/O Write Time":82.746,"Plans":[{"Node Type":"Aggregate","Strategy":"Sorted","Partial Mode":"Simple","Parent Relationship":"Outer","Parallel Aware":false,"Async Capable":false,"Startup Cost":1427536.82,"Total Cost":1437101.48,"Plan Rows":347806,"Plan Width":52,"Actual Startup Time":2642.201,"Actual Total Time":2824.477,"Actual Rows":57989,"Actual Loops":1,"Output":["order_line.ol_o_id","order_line.ol_w_id","order_line.ol_d_id","sum(order_line.ol_amount)","orders.o_entry_d"],"Group Key":["order_line.ol_o_id","order_line.ol_w_id","order_line.ol_d_id","orders.o_entry_d"],"Shared Hit Blocks":352271,"Shared Read Blocks":0,"Shared Dirtied Blocks":0,"Shared Written Blocks":0,"Local Hit Blocks":0,"Local Read Blocks":0,"Local Dirtied Blocks":0,"Local Written Blocks":0,"Temp Read Blocks":20090,"Temp Written Blocks":20103,"I/O Read Time":0.0,"I/O Write Time":0.0,"Temp I/O Read Time":29.308,"Temp I/O Write Time":82.746,"Plans":[{"Node Type":"Sort","Parent Relationship":"Outer","Parallel Aware":false,"Async Capable":false,"Startup Cost":1427536.82,"Total Cost":1428406.33,"Plan Rows":347806,"Plan Width":24,"Actual Startup Time":2642.176,"Actual Total Time":2710.573,"Actual Rows":580686,"Actual Loops":1,"Output":["order_line.ol_o_id","order_line.ol_w_id","order_line.ol_d_id","orders.o_entry_d","order_line.ol_amount"],"Sort Key":["order_line.ol_o_id","order_line.ol_w_id","order_line.ol_d_id","orders.o_entry_d"],"Sort Method":"external merge","Sort Space Used":23344,"Sort Space Type":"Disk","Shared Hit Blocks":352271,"Shared Read Blocks":0,"Shared Dirtied Blocks":0,"Shared Written Blocks":0,"Local Hit Blocks":0,"Local Read Blocks":0,"Local Dirtied Blocks":0,"Local Written Blocks":0,"Temp Read Blocks":20090,"Temp Written Blocks":20103,"I/O Read Time":0.0,"I/O Write Time":0.0,"Temp I/O Read Time":29.308,"Temp I/O Write Time":82.746,"Plans":[{"Node Type":"Nested Loop","Parent Relationship":"Outer","Parallel Aware":false,"Async Capable":false,"Join Type":"Inner","Startup Cost":164664.24,"Total Cost":1388391.89,"Plan Rows":347806,"Plan Width":24,"Actual Startup Time":559.332,"Actual Total Time":2470.547,"Actual Rows":580686,"Actual Loops":1,"Output":["order_line.ol_o_id","order_line.ol_w_id","order_line.ol_d_id","orders.o_entry_d","order_line.ol_amount"],"Inner Unique":false,"Join Filter":"((customer.c_w_id = order_line.ol_w_id) AND (customer.c_d_id = order_line.ol_d_id) AND (new_orders.no_o_id = order_line.ol_o_id))","Rows Removed by Join Filter":0,"Shared Hit Blocks":352271,"Shared Read Blocks":0,"Shared Dirtied Blocks":0,"Shared Written Blocks":0,"Local Hit Blocks":0,"Local Read Blocks":0,"Local Dirtied Blocks":0,"Local Written Blocks":0,"Temp Read Blocks":17172,"Temp Written Blocks":17172,"I/O Read Time":0.0,"I/O Write Time":0.0,"Temp I/O Read Time":25.375,"Temp I/O Write Time":72.07,"Plans":[{"Node Type":"Hash Join","Parent Relationship":"Outer","Parallel Aware":false,"Async Capable":false,"Join Type":"Inner","Startup Cost":164663.68,"Total Cost":359700.97,"Plan Rows":34784,"Plan Width":36,"Actual Startup Time":559.303,"Actual Total Time":1964.579,"Actual Rows":57989,"Actual Loops":1,"Output":["customer.c_w_id","customer.c_d_id","new_orders.no_w_id","new_orders.no_d_id","new_orders.no_o_id","orders.o_entry_d","orders.o_w_id","orders.o_d_id","orders.o_id"],"Inner Unique":true,"Hash Cond":"((customer.c_w_id = new_orders.no_w_id) AND (customer.c_d_id = new_orders.no_d_id) AND (orders.o_id = new_orders.no_o_id))","Shared Hit Blocks":53854,"Shared Read Blocks":0,"Shared Dirtied Blocks":0,"Shared Written Blocks":0,"Local Hit Blocks":0,"Local Read Blocks":0,"Local Dirtied Blocks":0,"Local Written Blocks":0,"Temp Read Blocks":17172,"Temp Written Blocks":17172,"I/O Read Time":0.0,"I/O Write Time":0.0,"Temp I/O Read Time":25.375,"Temp I/O Write Time":72.07,"Plans":[{"Node Type":"Hash Join","Parent Relationship":"Outer","Parallel Aware":false,"Async Capable":false,"Join Type":"Inner","Startup Cost":96641.68,"Total Cost":280615.87,"Plan Rows":115949,"Plan Width":24,"Actual Startup Time":97.293,"Actual Total Time":1344.078,"Actual Rows":105594,"Actual Loops":1,"Output":["customer.c_w_id","customer.c_d_id","orders.o_entry_d","orders.o_w_id","orders.o_d_id","orders.o_id"],"Inner Unique":true,"Hash Cond":"((orders.o_c_id = customer.c_id) AND (orders.o_w_id = customer.c_w_id) AND (orders.o_d_id = customer.c_d_id))","Shared Hit Blocks":44122,"Shared Read Blocks":0,"Shared Dirtied Blocks":0,"Shared Written Blocks":0,"Local Hit Blocks":0,"Local Read Blocks":0,"Local Dirtied Blocks":0,"Local Written Blocks":0,"Temp Read Blocks":9112,"Temp Written Blocks":9112,"I/O Read Time":0.0,"I/O Write Time":0.0,"Temp I/O Read Time":12.878,"Temp I/O Write Time":36.239,"Plans":[{"Node Type":"Seq Scan","Parent Relationship":"Outer","Parallel Aware":false,"Async Capable":false,"Relation Name":"orders","Schema":"public","Alias":"orders","Startup Cost":0.0,"Total Cost":119121.6,"Plan Rows":3267375,"Plan Width":24,"Actual Startup Time":2.121,"Actual Total Time":559.697,"Actual Rows":3270391,"Actual Loops":1,"Output":["orders.o_entry_d","orders.o_c_id","orders.o_w_id","orders.o_d_id","orders.o_id"],"Filter":"(orders.o_entry_d > '1995-03-08 20:10:02.27764'::timestamp without time zone)","Rows Removed by Filter":2729609,"Shared Hit Blocks":44122,"Shared Read Blocks":0,"Shared Dirtied Blocks":0,"Shared Written Blocks":0,"Local Hit Blocks":0,"Local Read Blocks":0,"Local Dirtied Blocks":0,"Local Written Blocks":0,"Temp Read Blocks":0,"Temp Written Blocks":0,"I/O Read Time":0.0,"I/O Write Time":0.0,"Temp I/O Read Time":0.0,"Temp I/O Write Time":0.0},{"Node Type":"Hash","Parent Relationship":"Inner","Parallel Aware":false,"Async Capable":false,"Startup Cost":92083.47,"Total Cost":92083.47,"Plan Rows":212926,"Plan Width":8,"Actual Startup Time":94.412,"Actual Total Time":94.419,"Actual Rows":193566,"Actual Loops":1,"Output":["customer.c_id","customer.c_w_id","customer.c_d_id"],"Hash Buckets":262144,"Original Hash Buckets":262144,"Hash Batches":2,"Original Hash Batches":2,"Peak Memory Usage":5832,"Shared Hit Blocks":0,"Shared Read Blocks":0,"Shared Dirtied Blocks":0,"Shared Written Blocks":0,"Local Hit Blocks":0,"Local Read Blocks":0,"Local Dirtied Blocks":0,"Local Written Blocks":0,"Temp Read Blocks":0,"Temp Written Blocks":330,"I/O Read Time":0.0,"I/O Write Time":0.0,"Temp I/O Read Time":0.0,"Temp I/O Write Time":1.461,"Plans":[{"Node Type":"Append","Parent Relationship":"Outer","Parallel Aware":false,"Async Capable":false,"Startup Cost":20.0,"Total Cost":92083.47,"Plan Rows":212926,"Plan Width":8,"Actual Startup Time":0.104,"Actual Total Time":60.719,"Actual Rows":193566,"Actual Loops":1,"Shared Hit Blocks":0,"Shared Read Blocks":0,"Shared Dirtied Blocks":0,"Shared Written Blocks":0,"Local Hit Blocks":0,"Local Read Blocks":0,"Local Dirtied Blocks":0,"Local Written Blocks":0,"Temp Read Blocks":0,"Temp Written Blocks":0,"I/O Read Time":0.0,"I/O Write Time":0.0,"Temp I/O Read Time":0.0,"Temp I/O Write Time":0.0,"Subplans Removed":0,"Plans":[{"Node Type":"Custom Scan","Parent Relationship":"Member","Custom Plan Provider":"columnar scan","Parallel Aware":false,"Async Capable":false,"Relation Name":"customer","Schema":"public","Alias":"customer","Startup Cost":20.0,"Total Cost":4598.42,"Plan Rows":212921,"Plan Width":8,"Actual Startup Time":0.103,"Actual Total Time":47.126,"Actual Rows":193566,"Actual Loops":1,"Output":["customer.c_id","customer.c_w_id","customer.c_d_id"],"Filter":"(customer.c_state ~~ 'A%'::text)","Rows Removed by Filter":0,"Rows Removed by Columnar Filter":5806434,"Columnar cache search mode":"native","Shared Hit Blocks":0,"Shared Read Blocks":0,"Shared Dirtied Blocks":0,"Shared Written Blocks":0,"Local Hit Blocks":0,"Local Read Blocks":0,"Local Dirtied Blocks":0,"Local Written Blocks":0,"Temp Read Blocks":0,"Temp Written Blocks":0,"I/O Read Time":0.0,"I/O Write Time":0.0,"Temp I/O Read Time":0.0,"Temp I/O Write Time":0.0},{"Node Type":"Seq Scan","Parent Relationship":"Member","Parallel Aware":false,"Async Capable":false,"Relation Name":"customer","Schema":"public","Alias":"customer","Startup Cost":0.0,"Total Cost":5.75,"Plan Rows":5,"Plan Width":8,"Actual Startup Time":0.0,"Actual Total Time":0.0,"Actual Rows":0,"Actual Loops":0,"Output":["customer.c_id","customer.c_w_id","customer.c_d_id"],"Filter":"(customer.c_state ~~ 'A%'::text)","Rows Removed by Filter":0,"Shared Hit Blocks":0,"Shared Read Blocks":0,"Shared Dirtied Blocks":0,"Shared Written Blocks":0,"Local Hit Blocks":0,"Local Read Blocks":0,"Local Dirtied Blocks":0,"Local Written Blocks":0,"Temp Read Blocks":0,"Temp Written Blocks":0,"I/O Read Time":0.0,"I/O Write Time":0.0,"Temp I/O Read Time":0.0,"Temp I/O Write Time":0.0}]}]}]},{"Node Type":"Hash","Parent Relationship":"Inner","Parallel Aware":false,"Async Capable":false,"Startup Cost":27732.0,"Total Cost":27732.0,"Plan Rows":1800000,"Plan Width":12,"Actual Startup Time":455.436,"Actual Total Time":455.437,"Actual Rows":1800000,"Actual Loops":1,"Output":["new_orders.no_w_id","new_orders.no_d_id","new_orders.no_o_id"],"Hash Buckets":262144,"Original Hash Buckets":262144,"Hash Batches":16,"Original Hash Batches":16,"Peak Memory Usage":7316,"Shared Hit Blocks":9732,"Shared Read Blocks":0,"Shared Dirtied Blocks":0,"Shared Written Blocks":0,"Local Hit Blocks":0,"Local Read Blocks":0,"Local Dirtied Blocks":0,"Local Written Blocks":0,"Temp Read Blocks":0,"Temp Written Blocks":7409,"I/O Read Time":0.0,"I/O Write Time":0.0,"Temp I/O Read Time":0.0,"Temp I/O Write Time":32.3,"Plans":[{"Node Type":"Seq Scan","Parent Relationship":"Outer","Parallel Aware":false,"Async Capable":false,"Relation Name":"new_orders","Schema":"public","Alias":"new_orders","Startup Cost":0.0,"Total Cost":27732.0,"Plan Rows":1800000,"Plan Width":12,"Actual Startup Time":0.013,"Actual Total Time":169.622,"Actual Rows":1800000,"Actual Loops":1,"Output":["new_orders.no_w_id","new_orders.no_d_id","new_orders.no_o_id"],"Shared Hit Blocks":9732,"Shared Read Blocks":0,"Shared Dirtied Blocks":0,"Shared Written Blocks":0,"Local Hit Blocks":0,"Local Read Blocks":0,"Local Dirtied Blocks":0,"Local Written Blocks":0,"Temp Read Blocks":0,"Temp Written Blocks":0,"I/O Read Time":0.0,"I/O Write Time":0.0,"Temp I/O Read Time":0.0,"Temp I/O Write Time":0.0}]}]},{"Node Type":"Index Scan","Parent Relationship":"Inner","Parallel Aware":false,"Async Capable":false,"Scan Direction":"Forward","Index Name":"order_line_pk","Relation Name":"order_line","Schema":"public","Alias":"order_line","Startup Cost":0.56,"Total Cost":29.4,"Plan Rows":10,"Plan Width":16,"Actual Startup Time":0.005,"Actual Total Time":0.007,"Actual Rows":10,"Actual Loops":57989,"Output":["order_line.ol_o_id","order_line.ol_d_id","order_line.ol_w_id","order_line.ol_number","order_line.ol_i_id","order_line.ol_supply_w_id","order_line.ol_delivery_d","order_line.ol_quantity","order_line.ol_amount","order_line.ol_dist_info"],"Index Cond":"((order_line.ol_w_id = orders.o_w_id) AND (order_line.ol_d_id = orders.o_d_id) AND (order_line.ol_o_id = orders.o_id))","Rows Removed by Index Recheck":0,"Shared Hit Blocks":298417,"Shared Read Blocks":0,"Shared Dirtied Blocks":0,"Shared Written Blocks":0,"Local Hit Blocks":0,"Local Read Blocks":0,"Local Dirtied Blocks":0,"Local Written Blocks":0,"Temp Read Blocks":0,"Temp Written Blocks":0,"I/O Read Time":0.0,"I/O Write Time":0.0,"Temp I/O Read Time":0.0,"Temp I/O Write Time":0.0}]}]}]}]}]},"Planning":{"Shared Hit Blocks":240,"Shared Read Blocks":0,"Shared Dirtied Blocks":1,"Shared Written Blocks":0,"Local Hit Blocks":0,"Local Read Blocks":0,"Local Dirtied Blocks":0,"Local Written Blocks":0,"Temp Read Blocks":0,"Temp Written Blocks":0,"I/O Read Time":0.0,"I/O Write Time":0.0,"Temp I/O Read Time":0.0,"Temp I/O Write Time":0.0},"Planning Time":2.724,"Triggers":[],"Execution Time":2848.823}]
[列存组合]: new_orders
[{"Plan":{"Node Type":"Limit","Parallel Aware":false,"Async Capable":false,"Startup Cost":1899079.59,"Total Cost":1899082.09,"Plan Rows":1000,"Plan Width":52,"Actual Startup Time":4787.225,"Actual Total Time":4787.339,"Actual Rows":1000,"Actual Loops":1,"Output":["order_line.ol_o_id","order_line.ol_w_id","order_line.ol_d_id","(sum(order_line.ol_amount))","orders.o_entry_d"],"Shared Hit Blocks":812261,"Shared Read Blocks":0,"Shared Dirtied Blocks":0,"Shared Written Blocks":0,"Local Hit Blocks":0,"Local Read Blocks":0,"Local Dirtied Blocks":0,"Local Written Blocks":0,"Temp Read Blocks":20090,"Temp Written Blocks":20103,"I/O Read Time":0.0,"I/O Write Time":0.0,"Temp I/O Read Time":29.524,"Temp I/O Write Time":84.701,"Plans":[{"Node Type":"Sort","Parent Relationship":"Outer","Parallel Aware":false,"Async Capable":false,"Startup Cost":1899079.59,"Total Cost":1899949.1,"Plan Rows":347806,"Plan Width":52,"Actual Startup Time":4787.224,"Actual Total Time":4787.27,"Actual Rows":1000,"Actual Loops":1,"Output":["order_line.ol_o_id","order_line.ol_w_id","order_line.ol_d_id","(sum(order_line.ol_amount))","orders.o_entry_d"],"Sort Key":["(sum(order_line.ol_amount)) DESC","orders.o_entry_d"],"Sort Method":"top-N heapsort","Sort Space Used":181,"Sort Space Type":"Memory","Shared Hit Blocks":812261,"Shared Read Blocks":0,"Shared Dirtied Blocks":0,"Shared Written Blocks":0,"Local Hit Blocks":0,"Local Read Blocks":0,"Local Dirtied Blocks":0,"Local Written Blocks":0,"Temp Read Blocks":20090,"Temp Written Blocks":20103,"I/O Read Time":0.0,"I/O Write Time":0.0,"Temp I/O Read Time":29.524,"Temp I/O Write Time":84.701,"Plans":[{"Node Type":"Aggregate","Strategy":"Sorted","Partial Mode":"Simple","Parent Relationship":"Outer","Parallel Aware":false,"Async Capable":false,"Startup Cost":1870445.09,"Total Cost":1880009.76,"Plan Rows":347806,"Plan Width":52,"Actual Startup Time":4589.642,"Actual Total Time":4772.442,"Actual Rows":57989,"Actual Loops":1,"Output":["order_line.ol_o_id","order_line.ol_w_id","order_line.ol_d_id","sum(order_line.ol_amount)","orders.o_entry_d"],"Group Key":["order_line.ol_o_id","order_line.ol_w_id","order_line.ol_d_id","orders.o_entry_d"],"Shared Hit Blocks":812261,"Shared Read Blocks":0,"Shared Dirtied Blocks":0,"Shared Written Blocks":0,"Local Hit Blocks":0,"Local Read Blocks":0,"Local Dirtied Blocks":0,"Local Written Blocks":0,"Temp Read Blocks":20090,"Temp Written Blocks":20103,"I/O Read Time":0.0,"I/O Write Time":0.0,"Temp I/O Read Time":29.524,"Temp I/O Write Time":84.701,"Plans":[{"Node Type":"Sort","Parent Relationship":"Outer","Parallel Aware":false,"Async Capable":false,"Startup Cost":1870445.09,"Total Cost":1871314.61,"Plan Rows":347806,"Plan Width":24,"Actual Startup Time":4589.62,"Actual Total Time":4657.729,"Actual Rows":580686,"Actual Loops":1,"Output":["order_line.ol_o_id","order_line.ol_w_id","order_line.ol_d_id","orders.o_entry_d","order_line.ol_amount"],"Sort Key":["order_line.ol_o_id","order_line.ol_w_id","order_line.ol_d_id","orders.o_entry_d"],"Sort Method":"external merge","Sort Space Used":23344,"Sort Space Type":"Disk","Shared Hit Blocks":812261,"Shared Read Blocks":0,"Shared Dirtied Blocks":0,"Shared Written Blocks":0,"Local Hit Blocks":0,"Local Read Blocks":0,"Local Dirtied Blocks":0,"Local Written Blocks":0,"Temp Read Blocks":20090,"Temp Written Blocks":20103,"I/O Read Time":0.0,"I/O Write Time":0.0,"Temp I/O Read Time":29.524,"Temp I/O Write Time":84.701,"Plans":[{"Node Type":"Nested Loop","Parent Relationship":"Outer","Parallel Aware":false,"Async Capable":false,"Join Type":"Inner","Startup Cost":607572.52,"Total Cost":1831300.16,"Plan Rows":347806,"Plan Width":24,"Actual Startup Time":2511.198,"Actual Total Time":4420.781,"Actual Rows":580686,"Actual Loops":1,"Output":["order_line.ol_o_id","order_line.ol_w_id","order_line.ol_d_id","orders.o_entry_d","order_line.ol_amount"],"Inner Unique":false,"Join Filter":"((customer.c_w_id = order_line.ol_w_id) AND (customer.c_d_id = order_line.ol_d_id) AND (new_orders.no_o_id = order_line.ol_o_id))","Rows Removed by Join Filter":0,"Shared Hit Blocks":812261,"Shared Read Blocks":0,"Shared Dirtied Blocks":0,"Shared Written Blocks":0,"Local Hit Blocks":0,"Local Read Blocks":0,"Local Dirtied Blocks":0,"Local Written Blocks":0,"Temp Read Blocks":17172,"Temp Written Blocks":17172,"I/O Read Time":0.0,"I/O Write Time":0.0,"Temp I/O Read Time":25.613,"Temp I/O Write Time":74.054,"Plans":[{"Node Type":"Hash Join","Parent Relationship":"Outer","Parallel Aware":false,"Async Capable":false,"Join Type":"Inner","Startup Cost":607571.95,"Total Cost":802609.24,"Plan Rows":34784,"Plan Width":36,"Actual Startup Time":2511.153,"Actual Total Time":3918.391,"Actual Rows":57989,"Actual Loops":1,"Output":["customer.c_w_id","customer.c_d_id","new_orders.no_w_id","new_orders.no_d_id","new_orders.no_o_id","orders.o_entry_d","orders.o_w_id","orders.o_d_id","orders.o_id"],"Inner Unique":true,"Hash Cond":"((customer.c_w_id = new_orders.no_w_id) AND (customer.c_d_id = new_orders.no_d_id) AND (orders.o_id = new_orders.no_o_id))","Shared Hit Blocks":513844,"Shared Read Blocks":0,"Shared Dirtied Blocks":0,"Shared Written Blocks":0,"Local Hit Blocks":0,"Local Read Blocks":0,"Local Dirtied Blocks":0,"Local Written Blocks":0,"Temp Read Blocks":17172,"Temp Written Blocks":17172,"I/O Read Time":0.0,"I/O Write Time":0.0,"Temp I/O Read Time":25.613,"Temp I/O Write Time":74.054,"Plans":[{"Node Type":"Hash Join","Parent Relationship":"Outer","Parallel Aware":false,"Async Capable":false,"Join Type":"Inner","Startup Cost":539549.95,"Total Cost":723524.15,"Plan Rows":115949,"Plan Width":24,"Actual Startup Time":2040.407,"Actual Total Time":3295.862,"Actual Rows":105594,"Actual Loops":1,"Output":["customer.c_w_id","customer.c_d_id","orders.o_entry_d","orders.o_w_id","orders.o_d_id","orders.o_id"],"Inner Unique":true,"Hash Cond":"((orders.o_c_id = customer.c_id) AND (orders.o_w_id = customer.c_w_id) AND (orders.o_d_id = customer.c_d_id))","Shared Hit Blocks":504112,"Shared Read Blocks":0,"Shared Dirtied Blocks":0,"Shared Written Blocks":0,"Local Hit Blocks":0,"Local Read Blocks":0,"Local Dirtied Blocks":0,"Local Written Blocks":0,"Temp Read Blocks":9112,"Temp Written Blocks":9112,"I/O Read Time":0.0,"I/O Write Time":0.0,"Temp I/O Read Time":13.038,"Temp I/O Write Time":38.194,"Plans":[{"Node Type":"Seq Scan","Parent Relationship":"Outer","Parallel Aware":false,"Async Capable":false,"Relation Name":"orders","Schema":"public","Alias":"orders","Startup Cost":0.0,"Total Cost":119121.6,"Plan Rows":3267375,"Plan Width":24,"Actual Startup Time":2.134,"Actual Total Time":559.303,"Actual Rows":3270391,"Actual Loops":1,"Output":["orders.o_entry_d","orders.o_c_id","orders.o_w_id","orders.o_d_id","orders.o_id"],"Filter":"(orders.o_entry_d > '1995-03-08 20:10:02.27764'::timestamp without time zone)","Rows Removed by Filter":2729609,"Shared Hit Blocks":44122,"Shared Read Blocks":0,"Shared Dirtied Blocks":0,"Shared Written Blocks":0,"Local Hit Blocks":0,"Local Read Blocks":0,"Local Dirtied Blocks":0,"Local Written Blocks":0,"Temp Read Blocks":0,"Temp Written Blocks":0,"I/O Read Time":0.0,"I/O Write Time":0.0,"Temp I/O Read Time":0.0,"Temp I/O Write Time":0.0},{"Node Type":"Hash","Parent Relationship":"Inner","Parallel Aware":false,"Async Capable":false,"Startup Cost":534991.75,"Total Cost":534991.75,"Plan Rows":212926,"Plan Width":8,"Actual Startup Time":2037.424,"Actual Total Time":2037.426,"Actual Rows":193566,"Actual Loops":1,"Output":["customer.c_id","customer.c_w_id","customer.c_d_id"],"Hash Buckets":262144,"Original Hash Buckets":262144,"Hash Batches":2,"Original Hash Batches":2,"Peak Memory Usage":5832,"Shared Hit Blocks":459990,"Shared Read Blocks":0,"Shared Dirtied Blocks":0,"Shared Written Blocks":0,"Local Hit Blocks":0,"Local Read Blocks":0,"Local Dirtied Blocks":0,"Local Written Blocks":0,"Temp Read Blocks":0,"Temp Written Blocks":330,"I/O Read Time":0.0,"I/O Write Time":0.0,"Temp I/O Read Time":0.0,"Temp I/O Write Time":2.684,"Plans":[{"Node Type":"Seq Scan","Parent Relationship":"Outer","Parallel Aware":false,"Async Capable":false,"Relation Name":"customer","Schema":"public","Alias":"customer","Startup Cost":0.0,"Total Cost":534991.75,"Plan Rows":212926,"Plan Width":8,"Actual Startup Time":0.025,"Actual Total Time":1991.606,"Actual Rows":193566,"Actual Loops":1,"Output":["customer.c_id","customer.c_w_id","customer.c_d_id"],"Filter":"(customer.c_state ~~ 'A%'::text)","Rows Removed by Filter":5806434,"Shared Hit Blocks":459990,"Shared Read Blocks":0,"Shared Dirtied Blocks":0,"Shared Written Blocks":0,"Local Hit Blocks":0,"Local Read Blocks":0,"Local Dirtied Blocks":0,"Local Written Blocks":0,"Temp Read Blocks":0,"Temp Written Blocks":0,"I/O Read Time":0.0,"I/O Write Time":0.0,"Temp I/O Read Time":0.0,"Temp I/O Write Time":0.0}]}]},{"Node Type":"Hash","Parent Relationship":"Inner","Parallel Aware":false,"Async Capable":false,"Startup Cost":27732.0,"Total Cost":27732.0,"Plan Rows":1800000,"Plan Width":12,"Actual Startup Time":462.926,"Actual Total Time":462.926,"Actual Rows":1800000,"Actual Loops":1,"Output":["new_orders.no_w_id","new_orders.no_d_id","new_orders.no_o_id"],"Hash Buckets":262144,"Original Hash Buckets":262144,"Hash Batches":16,"Original Hash Batches":16,"Peak Memory Usage":7316,"Shared Hit Blocks":9732,"Shared Read Blocks":0,"Shared Dirtied Blocks":0,"Shared Written Blocks":0,"Local Hit Blocks":0,"Local Read Blocks":0,"Local Dirtied Blocks":0,"Local Written Blocks":0,"Temp Read Blocks":0,"Temp Written Blocks":7409,"I/O Read Time":0.0,"I/O Write Time":0.0,"Temp I/O Read Time":0.0,"Temp I/O Write Time":32.152,"Plans":[{"Node Type":"Seq Scan","Parent Relationship":"Outer","Parallel Aware":false,"Async Capable":false,"Relation Name":"new_orders","Schema":"public","Alias":"new_orders","Startup Cost":0.0,"Total Cost":27732.0,"Plan Rows":1800000,"Plan Width":12,"Actual Startup Time":0.011,"Actual Total Time":175.343,"Actual Rows":1800000,"Actual Loops":1,"Output":["new_orders.no_w_id","new_orders.no_d_id","new_orders.no_o_id"],"Shared Hit Blocks":9732,"Shared Read Blocks":0,"Shared Dirtied Blocks":0,"Shared Written Blocks":0,"Local Hit Blocks":0,"Local Read Blocks":0,"Local Dirtied Blocks":0,"Local Written Blocks":0,"Temp Read Blocks":0,"Temp Written Blocks":0,"I/O Read Time":0.0,"I/O Write Time":0.0,"Temp I/O Read Time":0.0,"Temp I/O Write Time":0.0}]}]},{"Node Type":"Index Scan","Parent Relationship":"Inner","Parallel Aware":false,"Async Capable":false,"Scan Direction":"Forward","Index Name":"order_line_pk","Relation Name":"order_line","Schema":"public","Alias":"order_line","Startup Cost":0.56,"Total Cost":29.4,"Plan Rows":10,"Plan Width":16,"Actual Startup Time":0.005,"Actual Total Time":0.007,"Actual Rows":10,"Actual Loops":57989,"Output":["order_line.ol_o_id","order_line.ol_d_id","order_line.ol_w_id","order_line.ol_number","order_line.ol_i_id","order_line.ol_supply_w_id","order_line.ol_delivery_d","order_line.ol_quantity","order_line.ol_amount","order_line.ol_dist_info"],"Index Cond":"((order_line.ol_w_id = orders.o_w_id) AND (order_line.ol_d_id = orders.o_d_id) AND (order_line.ol_o_id = orders.o_id))","Rows Removed by Index Recheck":0,"Shared Hit Blocks":298417,"Shared Read Blocks":0,"Shared Dirtied Blocks":0,"Shared Written Blocks":0,"Local Hit Blocks":0,"Local Read Blocks":0,"Local Dirtied Blocks":0,"Local Written Blocks":0,"Temp Read Blocks":0,"Temp Written Blocks":0,"I/O Read Time":0.0,"I/O Write Time":0.0,"Temp I/O Read Time":0.0,"Temp I/O Write Time":0.0}]}]}]}]}]},"Planning":{"Shared Hit Blocks":153,"Shared Read Blocks":0,"Shared Dirtied Blocks":0,"Shared Written Blocks":0,"Local Hit Blocks":0,"Local Read Blocks":0,"Local Dirtied Blocks":0,"Local Written Blocks":0,"Temp Read Blocks":0,"Temp Written Blocks":0,"I/O Read Time":0.0,"I/O Write Time":0.0,"Temp I/O Read Time":0.0,"Temp I/O Write Time":0.0},"Planning Time":1.843,"Triggers":[],"Execution Time":4791.039}]
[列存组合]: order_line
[{"Plan":{"Node Type":"Limit","Parallel Aware":false,"Async Capable":false,"Startup Cost":1899079.59,"Total Cost":1899082.09,"Plan Rows":1000,"Plan Width":52,"Actual Startup Time":4924.732,"Actual Total Time":4924.849,"Actual Rows":1000,"Actual Loops":1,"Output":["order_line.ol_o_id","order_line.ol_w_id","order_line.ol_d_id","(sum(order_line.ol_amount))","orders.o_entry_d"],"Shared Hit Blocks":812261,"Shared Read Blocks":0,"Shared Dirtied Blocks":0,"Shared Written Blocks":0,"Local Hit Blocks":0,"Local Read Blocks":0,"Local Dirtied Blocks":0,"Local Written Blocks":0,"Temp Read Blocks":20090,"Temp Written Blocks":20103,"I/O Read Time":0.0,"I/O Write Time":0.0,"Temp I/O Read Time":30.492,"Temp I/O Write Time":85.372,"Plans":[{"Node Type":"Sort","Parent Relationship":"Outer","Parallel Aware":false,"Async Capable":false,"Startup Cost":1899079.59,"Total Cost":1899949.1,"Plan Rows":347806,"Plan Width":52,"Actual Startup Time":4924.731,"Actual Total Time":4924.78,"Actual Rows":1000,"Actual Loops":1,"Output":["order_line.ol_o_id","order_line.ol_w_id","order_line.ol_d_id","(sum(order_line.ol_amount))","orders.o_entry_d"],"Sort Key":["(sum(order_line.ol_amount)) DESC","orders.o_entry_d"],"Sort Method":"top-N heapsort","Sort Space Used":181,"Sort Space Type":"Memory","Shared Hit Blocks":812261,"Shared Read Blocks":0,"Shared Dirtied Blocks":0,"Shared Written Blocks":0,"Local Hit Blocks":0,"Local Read Blocks":0,"Local Dirtied Blocks":0,"Local Written Blocks":0,"Temp Read Blocks":20090,"Temp Written Blocks":20103,"I/O Read Time":0.0,"I/O Write Time":0.0,"Temp I/O Read Time":30.492,"Temp I/O Write Time":85.372,"Plans":[{"Node Type":"Aggregate","Strategy":"Sorted","Partial Mode":"Simple","Parent Relationship":"Outer","Parallel Aware":false,"Async Capable":false,"Startup Cost":1870445.09,"Total Cost":1880009.76,"Plan Rows":347806,"Plan Width":52,"Actual Startup Time":4726.636,"Actual Total Time":4909.916,"Actual Rows":57989,"Actual Loops":1,"Output":["order_line.ol_o_id","order_line.ol_w_id","order_line.ol_d_id","sum(order_line.ol_amount)","orders.o_entry_d"],"Group Key":["order_line.ol_o_id","order_line.ol_w_id","order_line.ol_d_id","orders.o_entry_d"],"Shared Hit Blocks":812261,"Shared Read Blocks":0,"Shared Dirtied Blocks":0,"Shared Written Blocks":0,"Local Hit Blocks":0,"Local Read Blocks":0,"Local Dirtied Blocks":0,"Local Written Blocks":0,"Temp Read Blocks":20090,"Temp Written Blocks":20103,"I/O Read Time":0.0,"I/O Write Time":0.0,"Temp I/O Read Time":30.492,"Temp I/O Write Time":85.372,"Plans":[{"Node Type":"Sort","Parent Relationship":"Outer","Parallel Aware":false,"Async Capable":false,"Startup Cost":1870445.09,"Total Cost":1871314.61,"Plan Rows":347806,"Plan Width":24,"Actual Startup Time":4726.612,"Actual Total Time":4795.134,"Actual Rows":580686,"Actual Loops":1,"Output":["order_line.ol_o_id","order_line.ol_w_id","order_line.ol_d_id","orders.o_entry_d","order_line.ol_amount"],"Sort Key":["order_line.ol_o_id","order_line.ol_w_id","order_line.ol_d_id","orders.o_entry_d"],"Sort Method":"external merge","Sort Space Used":23344,"Sort Space Type":"Disk","Shared Hit Blocks":812261,"Shared Read Blocks":0,"Shared Dirtied Blocks":0,"Shared Written Blocks":0,"Local Hit Blocks":0,"Local Read Blocks":0,"Local Dirtied Blocks":0,"Local Written Blocks":0,"Temp Read Blocks":20090,"Temp Written Blocks":20103,"I/O Read Time":0.0,"I/O Write Time":0.0,"Temp I/O Read Time":30.492,"Temp I/O Write Time":85.372,"Plans":[{"Node Type":"Nested Loop","Parent Relationship":"Outer","Parallel Aware":false,"Async Capable":false,"Join Type":"Inner","Startup Cost":607572.52,"Total Cost":1831300.16,"Plan Rows":347806,"Plan Width":24,"Actual Startup Time":2640.066,"Actual Total Time":4556.333,"Actual Rows":580686,"Actual Loops":1,"Output":["order_line.ol_o_id","order_line.ol_w_id","order_line.ol_d_id","orders.o_entry_d","order_line.ol_amount"],"Inner Unique":false,"Join Filter":"((customer.c_w_id = order_line.ol_w_id) AND (customer.c_d_id = order_line.ol_d_id) AND (new_orders.no_o_id = order_line.ol_o_id))","Rows Removed by Join Filter":0,"Shared Hit Blocks":812261,"Shared Read Blocks":0,"Shared Dirtied Blocks":0,"Shared Written Blocks":0,"Local Hit Blocks":0,"Local Read Blocks":0,"Local Dirtied Blocks":0,"Local Written Blocks":0,"Temp Read Blocks":17172,"Temp Written Blocks":17172,"I/O Read Time":0.0,"I/O Write Time":0.0,"Temp I/O Read Time":26.383,"Temp I/O Write Time":74.634,"Plans":[{"Node Type":"Hash Join","Parent Relationship":"Outer","Parallel Aware":false,"Async Capable":false,"Join Type":"Inner","Startup Cost":607571.95,"Total Cost":802609.24,"Plan Rows":34784,"Plan Width":36,"Actual Startup Time":2640.024,"Actual Total Time":4052.196,"Actual Rows":57989,"Actual Loops":1,"Output":["customer.c_w_id","customer.c_d_id","new_orders.no_w_id","new_orders.no_d_id","new_orders.no_o_id","orders.o_entry_d","orders.o_w_id","orders.o_d_id","orders.o_id"],"Inner Unique":true,"Hash Cond":"((customer.c_w_id = new_orders.no_w_id) AND (customer.c_d_id = new_orders.no_d_id) AND (orders.o_id = new_orders.no_o_id))","Shared Hit Blocks":513844,"Shared Read Blocks":0,"Shared Dirtied Blocks":0,"Shared Written Blocks":0,"Local Hit Blocks":0,"Local Read Blocks":0,"Local Dirtied Blocks":0,"Local Written Blocks":0,"Temp Read Blocks":17172,"Temp Written Blocks":17172,"I/O Read Time":0.0,"I/O Write Time":0.0,"Temp I/O Read Time":26.383,"Temp I/O Write Time":74.634,"Plans":[{"Node Type":"Hash Join","Parent Relationship":"Outer","Parallel Aware":false,"Async Capable":false,"Join Type":"Inner","Startup Cost":539549.95,"Total Cost":723524.15,"Plan Rows":115949,"Plan Width":24,"Actual Startup Time":2172.313,"Actual Total Time":3429.965,"Actual Rows":105594,"Actual Loops":1,"Output":["customer.c_w_id","customer.c_d_id","orders.o_entry_d","orders.o_w_id","orders.o_d_id","orders.o_id"],"Inner Unique":true,"Hash Cond":"((orders.o_c_id = customer.c_id) AND (orders.o_w_id = customer.c_w_id) AND (orders.o_d_id = customer.c_d_id))","Shared Hit Blocks":504112,"Shared Read Blocks":0,"Shared Dirtied Blocks":0,"Shared Written Blocks":0,"Local Hit Blocks":0,"Local Read Blocks":0,"Local Dirtied Blocks":0,"Local Written Blocks":0,"Temp Read Blocks":9112,"Temp Written Blocks":9112,"I/O Read Time":0.0,"I/O Write Time":0.0,"Temp I/O Read Time":12.981,"Temp I/O Write Time":38.681,"Plans":[{"Node Type":"Seq Scan","Parent Relationship":"Outer","Parallel Aware":false,"Async Capable":false,"Relation Name":"orders","Schema":"public","Alias":"orders","Startup Cost":0.0,"Total Cost":119121.6,"Plan Rows":3267375,"Plan Width":24,"Actual Startup Time":2.132,"Actual Total Time":560.444,"Actual Rows":3270391,"Actual Loops":1,"Output":["orders.o_entry_d","orders.o_c_id","orders.o_w_id","orders.o_d_id","orders.o_id"],"Filter":"(orders.o_entry_d > '1995-03-08 20:10:02.27764'::timestamp without time zone)","Rows Removed by Filter":2729609,"Shared Hit Blocks":44122,"Shared Read Blocks":0,"Shared Dirtied Blocks":0,"Shared Written Blocks":0,"Local Hit Blocks":0,"Local Read Blocks":0,"Local Dirtied Blocks":0,"Local Written Blocks":0,"Temp Read Blocks":0,"Temp Written Blocks":0,"I/O Read Time":0.0,"I/O Write Time":0.0,"Temp I/O Read Time":0.0,"Temp I/O Write Time":0.0},{"Node Type":"Hash","Parent Relationship":"Inner","Parallel Aware":false,"Async Capable":false,"Startup Cost":534991.75,"Total Cost":534991.75,"Plan Rows":212926,"Plan Width":8,"Actual Startup Time":2169.356,"Actual Total Time":2169.36,"Actual Rows":193566,"Actual Loops":1,"Output":["customer.c_id","customer.c_w_id","customer.c_d_id"],"Hash Buckets":262144,"Original Hash Buckets":262144,"Hash Batches":2,"Original Hash Batches":2,"Peak Memory Usage":5832,"Shared Hit Blocks":459990,"Shared Read Blocks":0,"Shared Dirtied Blocks":0,"Shared Written Blocks":0,"Local Hit Blocks":0,"Local Read Blocks":0,"Local Dirtied Blocks":0,"Local Written Blocks":0,"Temp Read Blocks":0,"Temp Written Blocks":330,"I/O Read Time":0.0,"I/O Write Time":0.0,"Temp I/O Read Time":0.0,"Temp I/O Write Time":2.799,"Plans":[{"Node Type":"Seq Scan","Parent Relationship":"Outer","Parallel Aware":false,"Async Capable":false,"Relation Name":"customer","Schema":"public","Alias":"customer","Startup Cost":0.0,"Total Cost":534991.75,"Plan Rows":212926,"Plan Width":8,"Actual Startup Time":0.024,"Actual Total Time":2123.237,"Actual Rows":193566,"Actual Loops":1,"Output":["customer.c_id","customer.c_w_id","customer.c_d_id"],"Filter":"(customer.c_state ~~ 'A%'::text)","Rows Removed by Filter":5806434,"Shared Hit Blocks":459990,"Shared Read Blocks":0,"Shared Dirtied Blocks":0,"Shared Written Blocks":0,"Local Hit Blocks":0,"Local Read Blocks":0,"Local Dirtied Blocks":0,"Local Written Blocks":0,"Temp Read Blocks":0,"Temp Written Blocks":0,"I/O Read Time":0.0,"I/O Write Time":0.0,"Temp I/O Read Time":0.0,"Temp I/O Write Time":0.0}]}]},{"Node Type":"Hash","Parent Relationship":"Inner","Parallel Aware":false,"Async Capable":false,"Startup Cost":27732.0,"Total Cost":27732.0,"Plan Rows":1800000,"Plan Width":12,"Actual Startup Time":459.705,"Actual Total Time":459.705,"Actual Rows":1800000,"Actual Loops":1,"Output":["new_orders.no_w_id","new_orders.no_d_id","new_orders.no_o_id"],"Hash Buckets":262144,"Original Hash Buckets":262144,"Hash Batches":16,"Original Hash Batches":16,"Peak Memory Usage":7316,"Shared Hit Blocks":9732,"Shared Read Blocks":0,"Shared Dirtied Blocks":0,"Shared Written Blocks":0,"Local Hit Blocks":0,"Local Read Blocks":0,"Local Dirtied Blocks":0,"Local Written Blocks":0,"Temp Read Blocks":0,"Temp Written Blocks":7409,"I/O Read Time":0.0,"I/O Write Time":0.0,"Temp I/O Read Time":0.0,"Temp I/O Write Time":32.235,"Plans":[{"Node Type":"Seq Scan","Parent Relationship":"Outer","Parallel Aware":false,"Async Capable":false,"Relation Name":"new_orders","Schema":"public","Alias":"new_orders","Startup Cost":0.0,"Total Cost":27732.0,"Plan Rows":1800000,"Plan Width":12,"Actual Startup Time":0.014,"Actual Total Time":174.568,"Actual Rows":1800000,"Actual Loops":1,"Output":["new_orders.no_w_id","new_orders.no_d_id","new_orders.no_o_id"],"Shared Hit Blocks":9732,"Shared Read Blocks":0,"Shared Dirtied Blocks":0,"Shared Written Blocks":0,"Local Hit Blocks":0,"Local Read Blocks":0,"Local Dirtied Blocks":0,"Local Written Blocks":0,"Temp Read Blocks":0,"Temp Written Blocks":0,"I/O Read Time":0.0,"I/O Write Time":0.0,"Temp I/O Read Time":0.0,"Temp I/O Write Time":0.0}]}]},{"Node Type":"Index Scan","Parent Relationship":"Inner","Parallel Aware":false,"Async Capable":false,"Scan Direction":"Forward","Index Name":"order_line_pk","Relation Name":"order_line","Schema":"public","Alias":"order_line","Startup Cost":0.56,"Total Cost":29.4,"Plan Rows":10,"Plan Width":16,"Actual Startup Time":0.005,"Actual Total Time":0.007,"Actual Rows":10,"Actual Loops":57989,"Output":["order_line.ol_o_id","order_line.ol_d_id","order_line.ol_w_id","order_line.ol_number","order_line.ol_i_id","order_line.ol_supply_w_id","order_line.ol_delivery_d","order_line.ol_quantity","order_line.ol_amount","order_line.ol_dist_info"],"Index Cond":"((order_line.ol_w_id = orders.o_w_id) AND (order_line.ol_d_id = orders.o_d_id) AND (order_line.ol_o_id = orders.o_id))","Rows Removed by Index Recheck":0,"Shared Hit Blocks":298417,"Shared Read Blocks":0,"Shared Dirtied Blocks":0,"Shared Written Blocks":0,"Local Hit Blocks":0,"Local Read Blocks":0,"Local Dirtied Blocks":0,"Local Written Blocks":0,"Temp Read Blocks":0,"Temp Written Blocks":0,"I/O Read Time":0.0,"I/O Write Time":0.0,"Temp I/O Read Time":0.0,"Temp I/O Write Time":0.0}]}]}]}]}]},"Planning":{"Shared Hit Blocks":153,"Shared Read Blocks":0,"Shared Dirtied Blocks":0,"Shared Written Blocks":0,"Local Hit Blocks":0,"Local Read Blocks":0,"Local Dirtied Blocks":0,"Local Written Blocks":0,"Temp Read Blocks":0,"Temp Written Blocks":0,"I/O Read Time":0.0,"I/O Write Time":0.0,"Temp I/O Read Time":0.0,"Temp I/O Write Time":0.0},"Planning Time":2.333,"Triggers":[],"Execution Time":4928.691}]
[列存组合]: orders
[{"Plan":{"Node Type":"Limit","Parallel Aware":false,"Async Capable":false,"Startup Cost":1899079.59,"Total Cost":1899082.09,"Plan Rows":1000,"Plan Width":52,"Actual Startup Time":4899.658,"Actual Total Time":4899.772,"Actual Rows":1000,"Actual Loops":1,"Output":["order_line.ol_o_id","order_line.ol_w_id","order_line.ol_d_id","(sum(order_line.ol_amount))","orders.o_entry_d"],"Shared Hit Blocks":812261,"Shared Read Blocks":0,"Shared Dirtied Blocks":0,"Shared Written Blocks":0,"Local Hit Blocks":0,"Local Read Blocks":0,"Local Dirtied Blocks":0,"Local Written Blocks":0,"Temp Read Blocks":20090,"Temp Written Blocks":20103,"I/O Read Time":0.0,"I/O Write Time":0.0,"Temp I/O Read Time":28.505,"Temp I/O Write Time":83.777,"Plans":[{"Node Type":"Sort","Parent Relationship":"Outer","Parallel Aware":false,"Async Capable":false,"Startup Cost":1899079.59,"Total Cost":1899949.1,"Plan Rows":347806,"Plan Width":52,"Actual Startup Time":4899.656,"Actual Total Time":4899.703,"Actual Rows":1000,"Actual Loops":1,"Output":["order_line.ol_o_id","order_line.ol_w_id","order_line.ol_d_id","(sum(order_line.ol_amount))","orders.o_entry_d"],"Sort Key":["(sum(order_line.ol_amount)) DESC","orders.o_entry_d"],"Sort Method":"top-N heapsort","Sort Space Used":181,"Sort Space Type":"Memory","Shared Hit Blocks":812261,"Shared Read Blocks":0,"Shared Dirtied Blocks":0,"Shared Written Blocks":0,"Local Hit Blocks":0,"Local Read Blocks":0,"Local Dirtied Blocks":0,"Local Written Blocks":0,"Temp Read Blocks":20090,"Temp Written Blocks":20103,"I/O Read Time":0.0,"I/O Write Time":0.0,"Temp I/O Read Time":28.505,"Temp I/O Write Time":83.777,"Plans":[{"Node Type":"Aggregate","Strategy":"Sorted","Partial Mode":"Simple","Parent Relationship":"Outer","Parallel Aware":false,"Async Capable":false,"Startup Cost":1870445.09,"Total Cost":1880009.76,"Plan Rows":347806,"Plan Width":52,"Actual Startup Time":4702.16,"Actual Total Time":4884.868,"Actual Rows":57989,"Actual Loops":1,"Output":["order_line.ol_o_id","order_line.ol_w_id","order_line.ol_d_id","sum(order_line.ol_amount)","orders.o_entry_d"],"Group Key":["order_line.ol_o_id","order_line.ol_w_id","order_line.ol_d_id","orders.o_entry_d"],"Shared Hit Blocks":812261,"Shared Read Blocks":0,"Shared Dirtied Blocks":0,"Shared Written Blocks":0,"Local Hit Blocks":0,"Local Read Blocks":0,"Local Dirtied Blocks":0,"Local Written Blocks":0,"Temp Read Blocks":20090,"Temp Written Blocks":20103,"I/O Read Time":0.0,"I/O Write Time":0.0,"Temp I/O Read Time":28.505,"Temp I/O Write Time":83.777,"Plans":[{"Node Type":"Sort","Parent Relationship":"Outer","Parallel Aware":false,"Async Capable":false,"Startup Cost":1870445.09,"Total Cost":1871314.61,"Plan Rows":347806,"Plan Width":24,"Actual Startup Time":4702.138,"Actual Total Time":4770.167,"Actual Rows":580686,"Actual Loops":1,"Output":["order_line.ol_o_id","order_line.ol_w_id","order_line.ol_d_id","orders.o_entry_d","order_line.ol_amount"],"Sort Key":["order_line.ol_o_id","order_line.ol_w_id","order_line.ol_d_id","orders.o_entry_d"],"Sort Method":"external merge","Sort Space Used":23344,"Sort Space Type":"Disk","Shared Hit Blocks":812261,"Shared Read Blocks":0,"Shared Dirtied Blocks":0,"Shared Written Blocks":0,"Local Hit Blocks":0,"Local Read Blocks":0,"Local Dirtied Blocks":0,"Local Written Blocks":0,"Temp Read Blocks":20090,"Temp Written Blocks":20103,"I/O Read Time":0.0,"I/O Write Time":0.0,"Temp I/O Read Time":28.505,"Temp I/O Write Time":83.777,"Plans":[{"Node Type":"Nested Loop","Parent Relationship":"Outer","Parallel Aware":false,"Async Capable":false,"Join Type":"Inner","Startup Cost":607572.52,"Total Cost":1831300.16,"Plan Rows":347806,"Plan Width":24,"Actual Startup Time":2616.944,"Actual Total Time":4532.196,"Actual Rows":580686,"Actual Loops":1,"Output":["order_line.ol_o_id","order_line.ol_w_id","order_line.ol_d_id","orders.o_entry_d","order_line.ol_amount"],"Inner Unique":false,"Join Filter":"((customer.c_w_id = order_line.ol_w_id) AND (customer.c_d_id = order_line.ol_d_id) AND (new_orders.no_o_id = order_line.ol_o_id))","Rows Removed by Join Filter":0,"Shared Hit Blocks":812261,"Shared Read Blocks":0,"Shared Dirtied Blocks":0,"Shared Written Blocks":0,"Local Hit Blocks":0,"Local Read Blocks":0,"Local Dirtied Blocks":0,"Local Written Blocks":0,"Temp Read Blocks":17172,"Temp Written Blocks":17172,"I/O Read Time":0.0,"I/O Write Time":0.0,"Temp I/O Read Time":24.694,"Temp I/O Write Time":73.0,"Plans":[{"Node Type":"Hash Join","Parent Relationship":"Outer","Parallel Aware":false,"Async Capable":false,"Join Type":"Inner","Startup Cost":607571.95,"Total Cost":802609.24,"Plan Rows":34784,"Plan Width":36,"Actual Startup Time":2616.901,"Actual Total Time":4027.126,"Actual Rows":57989,"Actual Loops":1,"Output":["customer.c_w_id","customer.c_d_id","new_orders.no_w_id","new_orders.no_d_id","new_orders.no_o_id","orders.o_entry_d","orders.o_w_id","orders.o_d_id","orders.o_id"],"Inner Unique":true,"Hash Cond":"((customer.c_w_id = new_orders.no_w_id) AND (customer.c_d_id = new_orders.no_d_id) AND (orders.o_id = new_orders.no_o_id))","Shared Hit Blocks":513844,"Shared Read Blocks":0,"Shared Dirtied Blocks":0,"Shared Written Blocks":0,"Local Hit Blocks":0,"Local Read Blocks":0,"Local Dirtied Blocks":0,"Local Written Blocks":0,"Temp Read Blocks":17172,"Temp Written Blocks":17172,"I/O Read Time":0.0,"I/O Write Time":0.0,"Temp I/O Read Time":24.694,"Temp I/O Write Time":73.0,"Plans":[{"Node Type":"Hash Join","Parent Relationship":"Outer","Parallel Aware":false,"Async Capable":false,"Join Type":"Inner","Startup Cost":539549.95,"Total Cost":723524.15,"Plan Rows":115949,"Plan Width":24,"Actual Startup Time":2147.361,"Actual Total Time":3405.781,"Actual Rows":105594,"Actual Loops":1,"Output":["customer.c_w_id","customer.c_d_id","orders.o_entry_d","orders.o_w_id","orders.o_d_id","orders.o_id"],"Inner Unique":true,"Hash Cond":"((orders.o_c_id = customer.c_id) AND (orders.o_w_id = customer.c_w_id) AND (orders.o_d_id = customer.c_d_id))","Shared Hit Blocks":504112,"Shared Read Blocks":0,"Shared Dirtied Blocks":0,"Shared Written Blocks":0,"Local Hit Blocks":0,"Local Read Blocks":0,"Local Dirtied Blocks":0,"Local Written Blocks":0,"Temp Read Blocks":9112,"Temp Written Blocks":9112,"I/O Read Time":0.0,"I/O Write Time":0.0,"Temp I/O Read Time":12.942,"Temp I/O Write Time":37.824,"Plans":[{"Node Type":"Seq Scan","Parent Relationship":"Outer","Parallel Aware":false,"Async Capable":false,"Relation Name":"orders","Schema":"public","Alias":"orders","Startup Cost":0.0,"Total Cost":119121.6,"Plan Rows":3267375,"Plan Width":24,"Actual Startup Time":2.138,"Actual Total Time":560.153,"Actual Rows":3270391,"Actual Loops":1,"Output":["orders.o_entry_d","orders.o_c_id","orders.o_w_id","orders.o_d_id","orders.o_id"],"Filter":"(orders.o_entry_d > '1995-03-08 20:10:02.27764'::timestamp without time zone)","Rows Removed by Filter":2729609,"Shared Hit Blocks":44122,"Shared Read Blocks":0,"Shared Dirtied Blocks":0,"Shared Written Blocks":0,"Local Hit Blocks":0,"Local Read Blocks":0,"Local Dirtied Blocks":0,"Local Written Blocks":0,"Temp Read Blocks":0,"Temp Written Blocks":0,"I/O Read Time":0.0,"I/O Write Time":0.0,"Temp I/O Read Time":0.0,"Temp I/O Write Time":0.0},{"Node Type":"Hash","Parent Relationship":"Inner","Parallel Aware":false,"Async Capable":false,"Startup Cost":534991.75,"Total Cost":534991.75,"Plan Rows":212926,"Plan Width":8,"Actual Startup Time":2144.371,"Actual Total Time":2144.374,"Actual Rows":193566,"Actual Loops":1,"Output":["customer.c_id","customer.c_w_id","customer.c_d_id"],"Hash Buckets":262144,"Original Hash Buckets":262144,"Hash Batches":2,"Original Hash Batches":2,"Peak Memory Usage":5832,"Shared Hit Blocks":459990,"Shared Read Blocks":0,"Shared Dirtied Blocks":0,"Shared Written Blocks":0,"Local Hit Blocks":0,"Local Read Blocks":0,"Local Dirtied Blocks":0,"Local Written Blocks":0,"Temp Read Blocks":0,"Temp Written Blocks":330,"I/O Read Time":0.0,"I/O Write Time":0.0,"Temp I/O Read Time":0.0,"Temp I/O Write Time":2.681,"Plans":[{"Node Type":"Seq Scan","Parent Relationship":"Outer","Parallel Aware":false,"Async Capable":false,"Relation Name":"customer","Schema":"public","Alias":"customer","Startup Cost":0.0,"Total Cost":534991.75,"Plan Rows":212926,"Plan Width":8,"Actual Startup Time":0.027,"Actual Total Time":2098.872,"Actual Rows":193566,"Actual Loops":1,"Output":["customer.c_id","customer.c_w_id","customer.c_d_id"],"Filter":"(customer.c_state ~~ 'A%'::text)","Rows Removed by Filter":5806434,"Shared Hit Blocks":459990,"Shared Read Blocks":0,"Shared Dirtied Blocks":0,"Shared Written Blocks":0,"Local Hit Blocks":0,"Local Read Blocks":0,"Local Dirtied Blocks":0,"Local Written Blocks":0,"Temp Read Blocks":0,"Temp Written Blocks":0,"I/O Read Time":0.0,"I/O Write Time":0.0,"Temp I/O Read Time":0.0,"Temp I/O Write Time":0.0}]}]},{"Node Type":"Hash","Parent Relationship":"Inner","Parallel Aware":false,"Async Capable":false,"Startup Cost":27732.0,"Total Cost":27732.0,"Plan Rows":1800000,"Plan Width":12,"Actual Startup Time":461.654,"Actual Total Time":461.654,"Actual Rows":1800000,"Actual Loops":1,"Output":["new_orders.no_w_id","new_orders.no_d_id","new_orders.no_o_id"],"Hash Buckets":262144,"Original Hash Buckets":262144,"Hash Batches":16,"Original Hash Batches":16,"Peak Memory Usage":7316,"Shared Hit Blocks":9732,"Shared Read Blocks":0,"Shared Dirtied Blocks":0,"Shared Written Blocks":0,"Local Hit Blocks":0,"Local Read Blocks":0,"Local Dirtied Blocks":0,"Local Written Blocks":0,"Temp Read Blocks":0,"Temp Written Blocks":7409,"I/O Read Time":0.0,"I/O Write Time":0.0,"Temp I/O Read Time":0.0,"Temp I/O Write Time":31.518,"Plans":[{"Node Type":"Seq Scan","Parent Relationship":"Outer","Parallel Aware":false,"Async Capable":false,"Relation Name":"new_orders","Schema":"public","Alias":"new_orders","Startup Cost":0.0,"Total Cost":27732.0,"Plan Rows":1800000,"Plan Width":12,"Actual Startup Time":0.013,"Actual Total Time":174.884,"Actual Rows":1800000,"Actual Loops":1,"Output":["new_orders.no_w_id","new_orders.no_d_id","new_orders.no_o_id"],"Shared Hit Blocks":9732,"Shared Read Blocks":0,"Shared Dirtied Blocks":0,"Shared Written Blocks":0,"Local Hit Blocks":0,"Local Read Blocks":0,"Local Dirtied Blocks":0,"Local Written Blocks":0,"Temp Read Blocks":0,"Temp Written Blocks":0,"I/O Read Time":0.0,"I/O Write Time":0.0,"Temp I/O Read Time":0.0,"Temp I/O Write Time":0.0}]}]},{"Node Type":"Index Scan","Parent Relationship":"Inner","Parallel Aware":false,"Async Capable":false,"Scan Direction":"Forward","Index Name":"order_line_pk","Relation Name":"order_line","Schema":"public","Alias":"order_line","Startup Cost":0.56,"Total Cost":29.4,"Plan Rows":10,"Plan Width":16,"Actual Startup Time":0.005,"Actual Total Time":0.007,"Actual Rows":10,"Actual Loops":57989,"Output":["order_line.ol_o_id","order_line.ol_d_id","order_line.ol_w_id","order_line.ol_number","order_line.ol_i_id","order_line.ol_supply_w_id","order_line.ol_delivery_d","order_line.ol_quantity","order_line.ol_amount","order_line.ol_dist_info"],"Index Cond":"((order_line.ol_w_id = orders.o_w_id) AND (order_line.ol_d_id = orders.o_d_id) AND (order_line.ol_o_id = orders.o_id))","Rows Removed by Index Recheck":0,"Shared Hit Blocks":298417,"Shared Read Blocks":0,"Shared Dirtied Blocks":0,"Shared Written Blocks":0,"Local Hit Blocks":0,"Local Read Blocks":0,"Local Dirtied Blocks":0,"Local Written Blocks":0,"Temp Read Blocks":0,"Temp Written Blocks":0,"I/O Read Time":0.0,"I/O Write Time":0.0,"Temp I/O Read Time":0.0,"Temp I/O Write Time":0.0}]}]}]}]}]},"Planning":{"Shared Hit Blocks":153,"Shared Read Blocks":0,"Shared Dirtied Blocks":0,"Shared Written Blocks":0,"Local Hit Blocks":0,"Local Read Blocks":0,"Local Dirtied Blocks":0,"Local Written Blocks":0,"Temp Read Blocks":0,"Temp Written Blocks":0,"I/O Read Time":0.0,"I/O Write Time":0.0,"Temp I/O Read Time":0.0,"Temp I/O Write Time":0.0},"Planning Time":2.045,"Triggers":[],"Execution Time":4903.396}]
[列存组合]: customer, new_orders
[{"Plan":{"Node Type":"Limit","Parallel Aware":false,"Async Capable":false,"Startup Cost":1456171.31,"Total Cost":1456173.81,"Plan Rows":1000,"Plan Width":52,"Actual Startup Time":2861.59,"Actual Total Time":2861.713,"Actual Rows":1000,"Actual Loops":1,"Output":["order_line.ol_o_id","order_line.ol_w_id","order_line.ol_d_id","(sum(order_line.ol_amount))","orders.o_entry_d"],"Shared Hit Blocks":352271,"Shared Read Blocks":0,"Shared Dirtied Blocks":0,"Shared Written Blocks":0,"Local Hit Blocks":0,"Local Read Blocks":0,"Local Dirtied Blocks":0,"Local Written Blocks":0,"Temp Read Blocks":20090,"Temp Written Blocks":20103,"I/O Read Time":0.0,"I/O Write Time":0.0,"Temp I/O Read Time":28.607,"Temp I/O Write Time":83.466,"Plans":[{"Node Type":"Sort","Parent Relationship":"Outer","Parallel Aware":false,"Async Capable":false,"Startup Cost":1456171.31,"Total Cost":1457040.82,"Plan Rows":347806,"Plan Width":52,"Actual Startup Time":2861.587,"Actual Total Time":2861.644,"Actual Rows":1000,"Actual Loops":1,"Output":["order_line.ol_o_id","order_line.ol_w_id","order_line.ol_d_id","(sum(order_line.ol_amount))","orders.o_entry_d"],"Sort Key":["(sum(order_line.ol_amount)) DESC","orders.o_entry_d"],"Sort Method":"top-N heapsort","Sort Space Used":181,"Sort Space Type":"Memory","Shared Hit Blocks":352271,"Shared Read Blocks":0,"Shared Dirtied Blocks":0,"Shared Written Blocks":0,"Local Hit Blocks":0,"Local Read Blocks":0,"Local Dirtied Blocks":0,"Local Written Blocks":0,"Temp Read Blocks":20090,"Temp Written Blocks":20103,"I/O Read Time":0.0,"I/O Write Time":0.0,"Temp I/O Read Time":28.607,"Temp I/O Write Time":83.466,"Plans":[{"Node Type":"Aggregate","Strategy":"Sorted","Partial Mode":"Simple","Parent Relationship":"Outer","Parallel Aware":false,"Async Capable":false,"Startup Cost":1427536.82,"Total Cost":1437101.48,"Plan Rows":347806,"Plan Width":52,"Actual Startup Time":2662.341,"Actual Total Time":2846.7,"Actual Rows":57989,"Actual Loops":1,"Output":["order_line.ol_o_id","order_line.ol_w_id","order_line.ol_d_id","sum(order_line.ol_amount)","orders.o_entry_d"],"Group Key":["order_line.ol_o_id","order_line.ol_w_id","order_line.ol_d_id","orders.o_entry_d"],"Shared Hit Blocks":352271,"Shared Read Blocks":0,"Shared Dirtied Blocks":0,"Shared Written Blocks":0,"Local Hit Blocks":0,"Local Read Blocks":0,"Local Dirtied Blocks":0,"Local Written Blocks":0,"Temp Read Blocks":20090,"Temp Written Blocks":20103,"I/O Read Time":0.0,"I/O Write Time":0.0,"Temp I/O Read Time":28.607,"Temp I/O Write Time":83.466,"Plans":[{"Node Type":"Sort","Parent Relationship":"Outer","Parallel Aware":false,"Async Capable":false,"Startup Cost":1427536.82,"Total Cost":1428406.33,"Plan Rows":347806,"Plan Width":24,"Actual Startup Time":2662.317,"Actual Total Time":2732.339,"Actual Rows":580686,"Actual Loops":1,"Output":["order_line.ol_o_id","order_line.ol_w_id","order_line.ol_d_id","orders.o_entry_d","order_line.ol_amount"],"Sort Key":["order_line.ol_o_id","order_line.ol_w_id","order_line.ol_d_id","orders.o_entry_d"],"Sort Method":"external merge","Sort Space Used":23344,"Sort Space Type":"Disk","Shared Hit Blocks":352271,"Shared Read Blocks":0,"Shared Dirtied Blocks":0,"Shared Written Blocks":0,"Local Hit Blocks":0,"Local Read Blocks":0,"Local Dirtied Blocks":0,"Local Written Blocks":0,"Temp Read Blocks":20090,"Temp Written Blocks":20103,"I/O Read Time":0.0,"I/O Write Time":0.0,"Temp I/O Read Time":28.607,"Temp I/O Write Time":83.466,"Plans":[{"Node Type":"Nested Loop","Parent Relationship":"Outer","Parallel Aware":false,"Async Capable":false,"Join Type":"Inner","Startup Cost":164664.24,"Total Cost":1388391.89,"Plan Rows":347806,"Plan Width":24,"Actual Startup Time":578.149,"Actual Total Time":2490.123,"Actual Rows":580686,"Actual Loops":1,"Output":["order_line.ol_o_id","order_line.ol_w_id","order_line.ol_d_id","orders.o_entry_d","order_line.ol_amount"],"Inner Unique":false,"Join Filter":"((customer.c_w_id = order_line.ol_w_id) AND (customer.c_d_id = order_line.ol_d_id) AND (new_orders.no_o_id = order_line.ol_o_id))","Rows Removed by Join Filter":0,"Shared Hit Blocks":352271,"Shared Read Blocks":0,"Shared Dirtied Blocks":0,"Shared Written Blocks":0,"Local Hit Blocks":0,"Local Read Blocks":0,"Local Dirtied Blocks":0,"Local Written Blocks":0,"Temp Read Blocks":17172,"Temp Written Blocks":17172,"I/O Read Time":0.0,"I/O Write Time":0.0,"Temp I/O Read Time":24.725,"Temp I/O Write Time":72.768,"Plans":[{"Node Type":"Hash Join","Parent Relationship":"Outer","Parallel Aware":false,"Async Capable":false,"Join Type":"Inner","Startup Cost":164663.68,"Total Cost":359700.97,"Plan Rows":34784,"Plan Width":36,"Actual Startup Time":578.119,"Actual Total Time":1981.405,"Actual Rows":57989,"Actual Loops":1,"Output":["customer.c_w_id","customer.c_d_id","new_orders.no_w_id","new_orders.no_d_id","new_orders.no_o_id","orders.o_entry_d","orders.o_w_id","orders.o_d_id","orders.o_id"],"Inner Unique":true,"Hash Cond":"((customer.c_w_id = new_orders.no_w_id) AND (customer.c_d_id = new_orders.no_d_id) AND (orders.o_id = new_orders.no_o_id))","Shared Hit Blocks":53854,"Shared Read Blocks":0,"Shared Dirtied Blocks":0,"Shared Written Blocks":0,"Local Hit Blocks":0,"Local Read Blocks":0,"Local Dirtied Blocks":0,"Local Written Blocks":0,"Temp Read Blocks":17172,"Temp Written Blocks":17172,"I/O Read Time":0.0,"I/O Write Time":0.0,"Temp I/O Read Time":24.725,"Temp I/O Write Time":72.768,"Plans":[{"Node Type":"Hash Join","Parent Relationship":"Outer","Parallel Aware":false,"Async Capable":false,"Join Type":"Inner","Startup Cost":96641.68,"Total Cost":280615.87,"Plan Rows":115949,"Plan Width":24,"Actual Startup Time":98.052,"Actual Total Time":1346.225,"Actual Rows":105594,"Actual Loops":1,"Output":["customer.c_w_id","customer.c_d_id","orders.o_entry_d","orders.o_w_id","orders.o_d_id","orders.o_id"],"Inner Unique":true,"Hash Cond":"((orders.o_c_id = customer.c_id) AND (orders.o_w_id = customer.c_w_id) AND (orders.o_d_id = customer.c_d_id))","Shared Hit Blocks":44122,"Shared Read Blocks":0,"Shared Dirtied Blocks":0,"Shared Written Blocks":0,"Local Hit Blocks":0,"Local Read Blocks":0,"Local Dirtied Blocks":0,"Local Written Blocks":0,"Temp Read Blocks":9112,"Temp Written Blocks":9112,"I/O Read Time":0.0,"I/O Write Time":0.0,"Temp I/O Read Time":12.904,"Temp I/O Write Time":36.676,"Plans":[{"Node Type":"Seq Scan","Parent Relationship":"Outer","Parallel Aware":false,"Async Capable":false,"Relation Name":"orders","Schema":"public","Alias":"orders","Startup Cost":0.0,"Total Cost":119121.6,"Plan Rows":3267375,"Plan Width":24,"Actual Startup Time":2.135,"Actual Total Time":562.008,"Actual Rows":3270391,"Actual Loops":1,"Output":["orders.o_entry_d","orders.o_c_id","orders.o_w_id","orders.o_d_id","orders.o_id"],"Filter":"(orders.o_entry_d > '1995-03-08 20:10:02.27764'::timestamp without time zone)","Rows Removed by Filter":2729609,"Shared Hit Blocks":44122,"Shared Read Blocks":0,"Shared Dirtied Blocks":0,"Shared Written Blocks":0,"Local Hit Blocks":0,"Local Read Blocks":0,"Local Dirtied Blocks":0,"Local Written Blocks":0,"Temp Read Blocks":0,"Temp Written Blocks":0,"I/O Read Time":0.0,"I/O Write Time":0.0,"Temp I/O Read Time":0.0,"Temp I/O Write Time":0.0},{"Node Type":"Hash","Parent Relationship":"Inner","Parallel Aware":false,"Async Capable":false,"Startup Cost":92083.47,"Total Cost":92083.47,"Plan Rows":212926,"Plan Width":8,"Actual Startup Time":95.142,"Actual Total Time":95.15,"Actual Rows":193566,"Actual Loops":1,"Output":["customer.c_id","customer.c_w_id","customer.c_d_id"],"Hash Buckets":262144,"Original Hash Buckets":262144,"Hash Batches":2,"Original Hash Batches":2,"Peak Memory Usage":5832,"Shared Hit Blocks":0,"Shared Read Blocks":0,"Shared Dirtied Blocks":0,"Shared Written Blocks":0,"Local Hit Blocks":0,"Local Read Blocks":0,"Local Dirtied Blocks":0,"Local Written Blocks":0,"Temp Read Blocks":0,"Temp Written Blocks":330,"I/O Read Time":0.0,"I/O Write Time":0.0,"Temp I/O Read Time":0.0,"Temp I/O Write Time":1.442,"Plans":[{"Node Type":"Append","Parent Relationship":"Outer","Parallel Aware":false,"Async Capable":false,"Startup Cost":20.0,"Total Cost":92083.47,"Plan Rows":212926,"Plan Width":8,"Actual Startup Time":0.121,"Actual Total Time":62.126,"Actual Rows":193566,"Actual Loops":1,"Shared Hit Blocks":0,"Shared Read Blocks":0,"Shared Dirtied Blocks":0,"Shared Written Blocks":0,"Local Hit Blocks":0,"Local Read Blocks":0,"Local Dirtied Blocks":0,"Local Written Blocks":0,"Temp Read Blocks":0,"Temp Written Blocks":0,"I/O Read Time":0.0,"I/O Write Time":0.0,"Temp I/O Read Time":0.0,"Temp I/O Write Time":0.0,"Subplans Removed":0,"Plans":[{"Node Type":"Custom Scan","Parent Relationship":"Member","Custom Plan Provider":"columnar scan","Parallel Aware":false,"Async Capable":false,"Relation Name":"customer","Schema":"public","Alias":"customer","Startup Cost":20.0,"Total Cost":4598.42,"Plan Rows":212921,"Plan Width":8,"Actual Startup Time":0.119,"Actual Total Time":48.408,"Actual Rows":193566,"Actual Loops":1,"Output":["customer.c_id","customer.c_w_id","customer.c_d_id"],"Filter":"(customer.c_state ~~ 'A%'::text)","Rows Removed by Filter":0,"Rows Removed by Columnar Filter":5806434,"Columnar cache search mode":"native","Shared Hit Blocks":0,"Shared Read Blocks":0,"Shared Dirtied Blocks":0,"Shared Written Blocks":0,"Local Hit Blocks":0,"Local Read Blocks":0,"Local Dirtied Blocks":0,"Local Written Blocks":0,"Temp Read Blocks":0,"Temp Written Blocks":0,"I/O Read Time":0.0,"I/O Write Time":0.0,"Temp I/O Read Time":0.0,"Temp I/O Write Time":0.0},{"Node Type":"Seq Scan","Parent Relationship":"Member","Parallel Aware":false,"Async Capable":false,"Relation Name":"customer","Schema":"public","Alias":"customer","Startup Cost":0.0,"Total Cost":5.75,"Plan Rows":5,"Plan Width":8,"Actual Startup Time":0.0,"Actual Total Time":0.0,"Actual Rows":0,"Actual Loops":0,"Output":["customer.c_id","customer.c_w_id","customer.c_d_id"],"Filter":"(customer.c_state ~~ 'A%'::text)","Rows Removed by Filter":0,"Shared Hit Blocks":0,"Shared Read Blocks":0,"Shared Dirtied Blocks":0,"Shared Written Blocks":0,"Local Hit Blocks":0,"Local Read Blocks":0,"Local Dirtied Blocks":0,"Local Written Blocks":0,"Temp Read Blocks":0,"Temp Written Blocks":0,"I/O Read Time":0.0,"I/O Write Time":0.0,"Temp I/O Read Time":0.0,"Temp I/O Write Time":0.0}]}]}]},{"Node Type":"Hash","Parent Relationship":"Inner","Parallel Aware":false,"Async Capable":false,"Startup Cost":27732.0,"Total Cost":27732.0,"Plan Rows":1800000,"Plan Width":12,"Actual Startup Time":473.294,"Actual Total Time":473.297,"Actual Rows":1800000,"Actual Loops":1,"Output":["new_orders.no_w_id","new_orders.no_d_id","new_orders.no_o_id"],"Hash Buckets":262144,"Original Hash Buckets":262144,"Hash Batches":16,"Original Hash Batches":16,"Peak Memory Usage":7316,"Shared Hit Blocks":9732,"Shared Read Blocks":0,"Shared Dirtied Blocks":0,"Shared Written Blocks":0,"Local Hit Blocks":0,"Local Read Blocks":0,"Local Dirtied Blocks":0,"Local Written Blocks":0,"Temp Read Blocks":0,"Temp Written Blocks":7409,"I/O Read Time":0.0,"I/O Write Time":0.0,"Temp I/O Read Time":0.0,"Temp I/O Write Time":32.425,"Plans":[{"Node Type":"Seq Scan","Parent Relationship":"Outer","Parallel Aware":false,"Async Capable":false,"Relation Name":"new_orders","Schema":"public","Alias":"new_orders","Startup Cost":0.0,"Total Cost":27732.0,"Plan Rows":1800000,"Plan Width":12,"Actual Startup Time":0.016,"Actual Total Time":176.498,"Actual Rows":1800000,"Actual Loops":1,"Output":["new_orders.no_w_id","new_orders.no_d_id","new_orders.no_o_id"],"Shared Hit Blocks":9732,"Shared Read Blocks":0,"Shared Dirtied Blocks":0,"Shared Written Blocks":0,"Local Hit Blocks":0,"Local Read Blocks":0,"Local Dirtied Blocks":0,"Local Written Blocks":0,"Temp Read Blocks":0,"Temp Written Blocks":0,"I/O Read Time":0.0,"I/O Write Time":0.0,"Temp I/O Read Time":0.0,"Temp I/O Write Time":0.0}]}]},{"Node Type":"Index Scan","Parent Relationship":"Inner","Parallel Aware":false,"Async Capable":false,"Scan Direction":"Forward","Index Name":"order_line_pk","Relation Name":"order_line","Schema":"public","Alias":"order_line","Startup Cost":0.56,"Total Cost":29.4,"Plan Rows":10,"Plan Width":16,"Actual Startup Time":0.005,"Actual Total Time":0.007,"Actual Rows":10,"Actual Loops":57989,"Output":["order_line.ol_o_id","order_line.ol_d_id","order_line.ol_w_id","order_line.ol_number","order_line.ol_i_id","order_line.ol_supply_w_id","order_line.ol_delivery_d","order_line.ol_quantity","order_line.ol_amount","order_line.ol_dist_info"],"Index Cond":"((order_line.ol_w_id = orders.o_w_id) AND (order_line.ol_d_id = orders.o_d_id) AND (order_line.ol_o_id = orders.o_id))","Rows Removed by Index Recheck":0,"Shared Hit Blocks":298417,"Shared Read Blocks":0,"Shared Dirtied Blocks":0,"Shared Written Blocks":0,"Local Hit Blocks":0,"Local Read Blocks":0,"Local Dirtied Blocks":0,"Local Written Blocks":0,"Temp Read Blocks":0,"Temp Written Blocks":0,"I/O Read Time":0.0,"I/O Write Time":0.0,"Temp I/O Read Time":0.0,"Temp I/O Write Time":0.0}]}]}]}]}]},"Planning":{"Shared Hit Blocks":153,"Shared Read Blocks":0,"Shared Dirtied Blocks":0,"Shared Written Blocks":0,"Local Hit Blocks":0,"Local Read Blocks":0,"Local Dirtied Blocks":0,"Local Written Blocks":0,"Temp Read Blocks":0,"Temp Written Blocks":0,"I/O Read Time":0.0,"I/O Write Time":0.0,"Temp I/O Read Time":0.0,"Temp I/O Write Time":0.0},"Planning Time":3.112,"Triggers":[],"Execution Time":2870.061}]
[列存组合]: customer, order_line
[{"Plan":{"Node Type":"Limit","Parallel Aware":false,"Async Capable":false,"Startup Cost":1456171.31,"Total Cost":1456173.81,"Plan Rows":1000,"Plan Width":52,"Actual Startup Time":2871.359,"Actual Total Time":2871.48,"Actual Rows":1000,"Actual Loops":1,"Output":["order_line.ol_o_id","order_line.ol_w_id","order_line.ol_d_id","(sum(order_line.ol_amount))","orders.o_entry_d"],"Shared Hit Blocks":352271,"Shared Read Blocks":0,"Shared Dirtied Blocks":0,"Shared Written Blocks":0,"Local Hit Blocks":0,"Local Read Blocks":0,"Local Dirtied Blocks":0,"Local Written Blocks":0,"Temp Read Blocks":20090,"Temp Written Blocks":20103,"I/O Read Time":0.0,"I/O Write Time":0.0,"Temp I/O Read Time":30.958,"Temp I/O Write Time":85.216,"Plans":[{"Node Type":"Sort","Parent Relationship":"Outer","Parallel Aware":false,"Async Capable":false,"Startup Cost":1456171.31,"Total Cost":1457040.82,"Plan Rows":347806,"Plan Width":52,"Actual Startup Time":2871.358,"Actual Total Time":2871.412,"Actual Rows":1000,"Actual Loops":1,"Output":["order_line.ol_o_id","order_line.ol_w_id","order_line.ol_d_id","(sum(order_line.ol_amount))","orders.o_entry_d"],"Sort Key":["(sum(order_line.ol_amount)) DESC","orders.o_entry_d"],"Sort Method":"top-N heapsort","Sort Space Used":181,"Sort Space Type":"Memory","Shared Hit Blocks":352271,"Shared Read Blocks":0,"Shared Dirtied Blocks":0,"Shared Written Blocks":0,"Local Hit Blocks":0,"Local Read Blocks":0,"Local Dirtied Blocks":0,"Local Written Blocks":0,"Temp Read Blocks":20090,"Temp Written Blocks":20103,"I/O Read Time":0.0,"I/O Write Time":0.0,"Temp I/O Read Time":30.958,"Temp I/O Write Time":85.216,"Plans":[{"Node Type":"Aggregate","Strategy":"Sorted","Partial Mode":"Simple","Parent Relationship":"Outer","Parallel Aware":false,"Async Capable":false,"Startup Cost":1427536.82,"Total Cost":1437101.48,"Plan Rows":347806,"Plan Width":52,"Actual Startup Time":2673.817,"Actual Total Time":2856.562,"Actual Rows":57989,"Actual Loops":1,"Output":["order_line.ol_o_id","order_line.ol_w_id","order_line.ol_d_id","sum(order_line.ol_amount)","orders.o_entry_d"],"Group Key":["order_line.ol_o_id","order_line.ol_w_id","order_line.ol_d_id","orders.o_entry_d"],"Shared Hit Blocks":352271,"Shared Read Blocks":0,"Shared Dirtied Blocks":0,"Shared Written Blocks":0,"Local Hit Blocks":0,"Local Read Blocks":0,"Local Dirtied Blocks":0,"Local Written Blocks":0,"Temp Read Blocks":20090,"Temp Written Blocks":20103,"I/O Read Time":0.0,"I/O Write Time":0.0,"Temp I/O Read Time":30.958,"Temp I/O Write Time":85.216,"Plans":[{"Node Type":"Sort","Parent Relationship":"Outer","Parallel Aware":false,"Async Capable":false,"Startup Cost":1427536.82,"Total Cost":1428406.33,"Plan Rows":347806,"Plan Width":24,"Actual Startup Time":2673.793,"Actual Total Time":2742.548,"Actual Rows":580686,"Actual Loops":1,"Output":["order_line.ol_o_id","order_line.ol_w_id","order_line.ol_d_id","orders.o_entry_d","order_line.ol_amount"],"Sort Key":["order_line.ol_o_id","order_line.ol_w_id","order_line.ol_d_id","orders.o_entry_d"],"Sort Method":"external merge","Sort Space Used":23344,"Sort Space Type":"Disk","Shared Hit Blocks":352271,"Shared Read Blocks":0,"Shared Dirtied Blocks":0,"Shared Written Blocks":0,"Local Hit Blocks":0,"Local Read Blocks":0,"Local Dirtied Blocks":0,"Local Written Blocks":0,"Temp Read Blocks":20090,"Temp Written Blocks":20103,"I/O Read Time":0.0,"I/O Write Time":0.0,"Temp I/O Read Time":30.958,"Temp I/O Write Time":85.216,"Plans":[{"Node Type":"Nested Loop","Parent Relationship":"Outer","Parallel Aware":false,"Async Capable":false,"Join Type":"Inner","Startup Cost":164664.24,"Total Cost":1388391.89,"Plan Rows":347806,"Plan Width":24,"Actual Startup Time":564.238,"Actual Total Time":2501.006,"Actual Rows":580686,"Actual Loops":1,"Output":["order_line.ol_o_id","order_line.ol_w_id","order_line.ol_d_id","orders.o_entry_d","order_line.ol_amount"],"Inner Unique":false,"Join Filter":"((customer.c_w_id = order_line.ol_w_id) AND (customer.c_d_id = order_line.ol_d_id) AND (new_orders.no_o_id = order_line.ol_o_id))","Rows Removed by Join Filter":0,"Shared Hit Blocks":352271,"Shared Read Blocks":0,"Shared Dirtied Blocks":0,"Shared Written Blocks":0,"Local Hit Blocks":0,"Local Read Blocks":0,"Local Dirtied Blocks":0,"Local Written Blocks":0,"Temp Read Blocks":17172,"Temp Written Blocks":17172,"I/O Read Time":0.0,"I/O Write Time":0.0,"Temp I/O Read Time":26.748,"Temp I/O Write Time":74.331,"Plans":[{"Node Type":"Hash Join","Parent Relationship":"Outer","Parallel Aware":false,"Async Capable":false,"Join Type":"Inner","Startup Cost":164663.68,"Total Cost":359700.97,"Plan Rows":34784,"Plan Width":36,"Actual Startup Time":564.208,"Actual Total Time":1989.95,"Actual Rows":57989,"Actual Loops":1,"Output":["customer.c_w_id","customer.c_d_id","new_orders.no_w_id","new_orders.no_d_id","new_orders.no_o_id","orders.o_entry_d","orders.o_w_id","orders.o_d_id","orders.o_id"],"Inner Unique":true,"Hash Cond":"((customer.c_w_id = new_orders.no_w_id) AND (customer.c_d_id = new_orders.no_d_id) AND (orders.o_id = new_orders.no_o_id))","Shared Hit Blocks":53854,"Shared Read Blocks":0,"Shared Dirtied Blocks":0,"Shared Written Blocks":0,"Local Hit Blocks":0,"Local Read Blocks":0,"Local Dirtied Blocks":0,"Local Written Blocks":0,"Temp Read Blocks":17172,"Temp Written Blocks":17172,"I/O Read Time":0.0,"I/O Write Time":0.0,"Temp I/O Read Time":26.748,"Temp I/O Write Time":74.331,"Plans":[{"Node Type":"Hash Join","Parent Relationship":"Outer","Parallel Aware":false,"Async Capable":false,"Join Type":"Inner","Startup Cost":96641.68,"Total Cost":280615.87,"Plan Rows":115949,"Plan Width":24,"Actual Startup Time":98.786,"Actual Total Time":1360.412,"Actual Rows":105594,"Actual Loops":1,"Output":["customer.c_w_id","customer.c_d_id","orders.o_entry_d","orders.o_w_id","orders.o_d_id","orders.o_id"],"Inner Unique":true,"Hash Cond":"((orders.o_c_id = customer.c_id) AND (orders.o_w_id = customer.c_w_id) AND (orders.o_d_id = customer.c_d_id))","Shared Hit Blocks":44122,"Shared Read Blocks":0,"Shared Dirtied Blocks":0,"Shared Written Blocks":0,"Local Hit Blocks":0,"Local Read Blocks":0,"Local Dirtied Blocks":0,"Local Written Blocks":0,"Temp Read Blocks":9112,"Temp Written Blocks":9112,"I/O Read Time":0.0,"I/O Write Time":0.0,"Temp I/O Read Time":13.552,"Temp I/O Write Time":37.785,"Plans":[{"Node Type":"Seq Scan","Parent Relationship":"Outer","Parallel Aware":false,"Async Capable":false,"Relation Name":"orders","Schema":"public","Alias":"orders","Startup Cost":0.0,"Total Cost":119121.6,"Plan Rows":3267375,"Plan Width":24,"Actual Startup Time":2.125,"Actual Total Time":560.755,"Actual Rows":3270391,"Actual Loops":1,"Output":["orders.o_entry_d","orders.o_c_id","orders.o_w_id","orders.o_d_id","orders.o_id"],"Filter":"(orders.o_entry_d > '1995-03-08 20:10:02.27764'::timestamp without time zone)","Rows Removed by Filter":2729609,"Shared Hit Blocks":44122,"Shared Read Blocks":0,"Shared Dirtied Blocks":0,"Shared Written Blocks":0,"Local Hit Blocks":0,"Local Read Blocks":0,"Local Dirtied Blocks":0,"Local Written Blocks":0,"Temp Read Blocks":0,"Temp Written Blocks":0,"I/O Read Time":0.0,"I/O Write Time":0.0,"Temp I/O Read Time":0.0,"Temp I/O Write Time":0.0},{"Node Type":"Hash","Parent Relationship":"Inner","Parallel Aware":false,"Async Capable":false,"Startup Cost":92083.47,"Total Cost":92083.47,"Plan Rows":212926,"Plan Width":8,"Actual Startup Time":95.85,"Actual Total Time":95.858,"Actual Rows":193566,"Actual Loops":1,"Output":["customer.c_id","customer.c_w_id","customer.c_d_id"],"Hash Buckets":262144,"Original Hash Buckets":262144,"Hash Batches":2,"Original Hash Batches":2,"Peak Memory Usage":5832,"Shared Hit Blocks":0,"Shared Read Blocks":0,"Shared Dirtied Blocks":0,"Shared Written Blocks":0,"Local Hit Blocks":0,"Local Read Blocks":0,"Local Dirtied Blocks":0,"Local Written Blocks":0,"Temp Read Blocks":0,"Temp Written Blocks":330,"I/O Read Time":0.0,"I/O Write Time":0.0,"Temp I/O Read Time":0.0,"Temp I/O Write Time":1.443,"Plans":[{"Node Type":"Append","Parent Relationship":"Outer","Parallel Aware":false,"Async Capable":false,"Startup Cost":20.0,"Total Cost":92083.47,"Plan Rows":212926,"Plan Width":8,"Actual Startup Time":0.119,"Actual Total Time":61.949,"Actual Rows":193566,"Actual Loops":1,"Shared Hit Blocks":0,"Shared Read Blocks":0,"Shared Dirtied Blocks":0,"Shared Written Blocks":0,"Local Hit Blocks":0,"Local Read Blocks":0,"Local Dirtied Blocks":0,"Local Written Blocks":0,"Temp Read Blocks":0,"Temp Written Blocks":0,"I/O Read Time":0.0,"I/O Write Time":0.0,"Temp I/O Read Time":0.0,"Temp I/O Write Time":0.0,"Subplans Removed":0,"Plans":[{"Node Type":"Custom Scan","Parent Relationship":"Member","Custom Plan Provider":"columnar scan","Parallel Aware":false,"Async Capable":false,"Relation Name":"customer","Schema":"public","Alias":"customer","Startup Cost":20.0,"Total Cost":4598.42,"Plan Rows":212921,"Plan Width":8,"Actual Startup Time":0.117,"Actual Total Time":48.399,"Actual Rows":193566,"Actual Loops":1,"Output":["customer.c_id","customer.c_w_id","customer.c_d_id"],"Filter":"(customer.c_state ~~ 'A%'::text)","Rows Removed by Filter":0,"Rows Removed by Columnar Filter":5806434,"Columnar cache search mode":"native","Shared Hit Blocks":0,"Shared Read Blocks":0,"Shared Dirtied Blocks":0,"Shared Written Blocks":0,"Local Hit Blocks":0,"Local Read Blocks":0,"Local Dirtied Blocks":0,"Local Written Blocks":0,"Temp Read Blocks":0,"Temp Written Blocks":0,"I/O Read Time":0.0,"I/O Write Time":0.0,"Temp I/O Read Time":0.0,"Temp I/O Write Time":0.0},{"Node Type":"Seq Scan","Parent Relationship":"Member","Parallel Aware":false,"Async Capable":false,"Relation Name":"customer","Schema":"public","Alias":"customer","Startup Cost":0.0,"Total Cost":5.75,"Plan Rows":5,"Plan Width":8,"Actual Startup Time":0.0,"Actual Total Time":0.0,"Actual Rows":0,"Actual Loops":0,"Output":["customer.c_id","customer.c_w_id","customer.c_d_id"],"Filter":"(customer.c_state ~~ 'A%'::text)","Rows Removed by Filter":0,"Shared Hit Blocks":0,"Shared Read Blocks":0,"Shared Dirtied Blocks":0,"Shared Written Blocks":0,"Local Hit Blocks":0,"Local Read Blocks":0,"Local Dirtied Blocks":0,"Local Written Blocks":0,"Temp Read Blocks":0,"Temp Written Blocks":0,"I/O Read Time":0.0,"I/O Write Time":0.0,"Temp I/O Read Time":0.0,"Temp I/O Write Time":0.0}]}]}]},{"Node Type":"Hash","Parent Relationship":"Inner","Parallel Aware":false,"Async Capable":false,"Startup Cost":27732.0,"Total Cost":27732.0,"Plan Rows":1800000,"Plan Width":12,"Actual Startup Time":458.604,"Actual Total Time":458.604,"Actual Rows":1800000,"Actual Loops":1,"Output":["new_orders.no_w_id","new_orders.no_d_id","new_orders.no_o_id"],"Hash Buckets":262144,"Original Hash Buckets":262144,"Hash Batches":16,"Original Hash Batches":16,"Peak Memory Usage":7316,"Shared Hit Blocks":9732,"Shared Read Blocks":0,"Shared Dirtied Blocks":0,"Shared Written Blocks":0,"Local Hit Blocks":0,"Local Read Blocks":0,"Local Dirtied Blocks":0,"Local Written Blocks":0,"Temp Read Blocks":0,"Temp Written Blocks":7409,"I/O Read Time":0.0,"I/O Write Time":0.0,"Temp I/O Read Time":0.0,"Temp I/O Write Time":32.816,"Plans":[{"Node Type":"Seq Scan","Parent Relationship":"Outer","Parallel Aware":false,"Async Capable":false,"Relation Name":"new_orders","Schema":"public","Alias":"new_orders","Startup Cost":0.0,"Total Cost":27732.0,"Plan Rows":1800000,"Plan Width":12,"Actual Startup Time":0.015,"Actual Total Time":170.785,"Actual Rows":1800000,"Actual Loops":1,"Output":["new_orders.no_w_id","new_orders.no_d_id","new_orders.no_o_id"],"Shared Hit Blocks":9732,"Shared Read Blocks":0,"Shared Dirtied Blocks":0,"Shared Written Blocks":0,"Local Hit Blocks":0,"Local Read Blocks":0,"Local Dirtied Blocks":0,"Local Written Blocks":0,"Temp Read Blocks":0,"Temp Written Blocks":0,"I/O Read Time":0.0,"I/O Write Time":0.0,"Temp I/O Read Time":0.0,"Temp I/O Write Time":0.0}]}]},{"Node Type":"Index Scan","Parent Relationship":"Inner","Parallel Aware":false,"Async Capable":false,"Scan Direction":"Forward","Index Name":"order_line_pk","Relation Name":"order_line","Schema":"public","Alias":"order_line","Startup Cost":0.56,"Total Cost":29.4,"Plan Rows":10,"Plan Width":16,"Actual Startup Time":0.005,"Actual Total Time":0.007,"Actual Rows":10,"Actual Loops":57989,"Output":["order_line.ol_o_id","order_line.ol_d_id","order_line.ol_w_id","order_line.ol_number","order_line.ol_i_id","order_line.ol_supply_w_id","order_line.ol_delivery_d","order_line.ol_quantity","order_line.ol_amount","order_line.ol_dist_info"],"Index Cond":"((order_line.ol_w_id = orders.o_w_id) AND (order_line.ol_d_id = orders.o_d_id) AND (order_line.ol_o_id = orders.o_id))","Rows Removed by Index Recheck":0,"Shared Hit Blocks":298417,"Shared Read Blocks":0,"Shared Dirtied Blocks":0,"Shared Written Blocks":0,"Local Hit Blocks":0,"Local Read Blocks":0,"Local Dirtied Blocks":0,"Local Written Blocks":0,"Temp Read Blocks":0,"Temp Written Blocks":0,"I/O Read Time":0.0,"I/O Write Time":0.0,"Temp I/O Read Time":0.0,"Temp I/O Write Time":0.0}]}]}]}]}]},"Planning":{"Shared Hit Blocks":153,"Shared Read Blocks":0,"Shared Dirtied Blocks":0,"Shared Written Blocks":0,"Local Hit Blocks":0,"Local Read Blocks":0,"Local Dirtied Blocks":0,"Local Written Blocks":0,"Temp Read Blocks":0,"Temp Written Blocks":0,"I/O Read Time":0.0,"I/O Write Time":0.0,"Temp I/O Read Time":0.0,"Temp I/O Write Time":0.0},"Planning Time":2.906,"Triggers":[],"Execution Time":2879.906}]
[列存组合]: customer, orders
[{"Plan":{"Node Type":"Limit","Parallel Aware":false,"Async Capable":false,"Startup Cost":1456171.31,"Total Cost":1456173.81,"Plan Rows":1000,"Plan Width":52,"Actual Startup Time":2866.046,"Actual Total Time":2866.169,"Actual Rows":1000,"Actual Loops":1,"Output":["order_line.ol_o_id","order_line.ol_w_id","order_line.ol_d_id","(sum(order_line.ol_amount))","orders.o_entry_d"],"Shared Hit Blocks":352271,"Shared Read Blocks":0,"Shared Dirtied Blocks":0,"Shared Written Blocks":0,"Local Hit Blocks":0,"Local Read Blocks":0,"Local Dirtied Blocks":0,"Local Written Blocks":0,"Temp Read Blocks":20090,"Temp Written Blocks":20103,"I/O Read Time":0.0,"I/O Write Time":0.0,"Temp I/O Read Time":29.532,"Temp I/O Write Time":83.588,"Plans":[{"Node Type":"Sort","Parent Relationship":"Outer","Parallel Aware":false,"Async Capable":false,"Startup Cost":1456171.31,"Total Cost":1457040.82,"Plan Rows":347806,"Plan Width":52,"Actual Startup Time":2866.043,"Actual Total Time":2866.101,"Actual Rows":1000,"Actual Loops":1,"Output":["order_line.ol_o_id","order_line.ol_w_id","order_line.ol_d_id","(sum(order_line.ol_amount))","orders.o_entry_d"],"Sort Key":["(sum(order_line.ol_amount)) DESC","orders.o_entry_d"],"Sort Method":"top-N heapsort","Sort Space Used":181,"Sort Space Type":"Memory","Shared Hit Blocks":352271,"Shared Read Blocks":0,"Shared Dirtied Blocks":0,"Shared Written Blocks":0,"Local Hit Blocks":0,"Local Read Blocks":0,"Local Dirtied Blocks":0,"Local Written Blocks":0,"Temp Read Blocks":20090,"Temp Written Blocks":20103,"I/O Read Time":0.0,"I/O Write Time":0.0,"Temp I/O Read Time":29.532,"Temp I/O Write Time":83.588,"Plans":[{"Node Type":"Aggregate","Strategy":"Sorted","Partial Mode":"Simple","Parent Relationship":"Outer","Parallel Aware":false,"Async Capable":false,"Startup Cost":1427536.82,"Total Cost":1437101.48,"Plan Rows":347806,"Plan Width":52,"Actual Startup Time":2667.983,"Actual Total Time":2851.215,"Actual Rows":57989,"Actual Loops":1,"Output":["order_line.ol_o_id","order_line.ol_w_id","order_line.ol_d_id","sum(order_line.ol_amount)","orders.o_entry_d"],"Group Key":["order_line.ol_o_id","order_line.ol_w_id","order_line.ol_d_id","orders.o_entry_d"],"Shared Hit Blocks":352271,"Shared Read Blocks":0,"Shared Dirtied Blocks":0,"Shared Written Blocks":0,"Local Hit Blocks":0,"Local Read Blocks":0,"Local Dirtied Blocks":0,"Local Written Blocks":0,"Temp Read Blocks":20090,"Temp Written Blocks":20103,"I/O Read Time":0.0,"I/O Write Time":0.0,"Temp I/O Read Time":29.532,"Temp I/O Write Time":83.588,"Plans":[{"Node Type":"Sort","Parent Relationship":"Outer","Parallel Aware":false,"Async Capable":false,"Startup Cost":1427536.82,"Total Cost":1428406.33,"Plan Rows":347806,"Plan Width":24,"Actual Startup Time":2667.959,"Actual Total Time":2737.176,"Actual Rows":580686,"Actual Loops":1,"Output":["order_line.ol_o_id","order_line.ol_w_id","order_line.ol_d_id","orders.o_entry_d","order_line.ol_amount"],"Sort Key":["order_line.ol_o_id","order_line.ol_w_id","order_line.ol_d_id","orders.o_entry_d"],"Sort Method":"external merge","Sort Space Used":23344,"Sort Space Type":"Disk","Shared Hit Blocks":352271,"Shared Read Blocks":0,"Shared Dirtied Blocks":0,"Shared Written Blocks":0,"Local Hit Blocks":0,"Local Read Blocks":0,"Local Dirtied Blocks":0,"Local Written Blocks":0,"Temp Read Blocks":20090,"Temp Written Blocks":20103,"I/O Read Time":0.0,"I/O Write Time":0.0,"Temp I/O Read Time":29.532,"Temp I/O Write Time":83.588,"Plans":[{"Node Type":"Nested Loop","Parent Relationship":"Outer","Parallel Aware":false,"Async Capable":false,"Join Type":"Inner","Startup Cost":164664.24,"Total Cost":1388391.89,"Plan Rows":347806,"Plan Width":24,"Actual Startup Time":561.761,"Actual Total Time":2495.831,"Actual Rows":580686,"Actual Loops":1,"Output":["order_line.ol_o_id","order_line.ol_w_id","order_line.ol_d_id","orders.o_entry_d","order_line.ol_amount"],"Inner Unique":false,"Join Filter":"((customer.c_w_id = order_line.ol_w_id) AND (customer.c_d_id = order_line.ol_d_id) AND (new_orders.no_o_id = order_line.ol_o_id))","Rows Removed by Join Filter":0,"Shared Hit Blocks":352271,"Shared Read Blocks":0,"Shared Dirtied Blocks":0,"Shared Written Blocks":0,"Local Hit Blocks":0,"Local Read Blocks":0,"Local Dirtied Blocks":0,"Local Written Blocks":0,"Temp Read Blocks":17172,"Temp Written Blocks":17172,"I/O Read Time":0.0,"I/O Write Time":0.0,"Temp I/O Read Time":25.509,"Temp I/O Write Time":72.77,"Plans":[{"Node Type":"Hash Join","Parent Relationship":"Outer","Parallel Aware":false,"Async Capable":false,"Join Type":"Inner","Startup Cost":164663.68,"Total Cost":359700.97,"Plan Rows":34784,"Plan Width":36,"Actual Startup Time":561.729,"Actual Total Time":1987.228,"Actual Rows":57989,"Actual Loops":1,"Output":["customer.c_w_id","customer.c_d_id","new_orders.no_w_id","new_orders.no_d_id","new_orders.no_o_id","orders.o_entry_d","orders.o_w_id","orders.o_d_id","orders.o_id"],"Inner Unique":true,"Hash Cond":"((customer.c_w_id = new_orders.no_w_id) AND (customer.c_d_id = new_orders.no_d_id) AND (orders.o_id = new_orders.no_o_id))","Shared Hit Blocks":53854,"Shared Read Blocks":0,"Shared Dirtied Blocks":0,"Shared Written Blocks":0,"Local Hit Blocks":0,"Local Read Blocks":0,"Local Dirtied Blocks":0,"Local Written Blocks":0,"Temp Read Blocks":17172,"Temp Written Blocks":17172,"I/O Read Time":0.0,"I/O Write Time":0.0,"Temp I/O Read Time":25.509,"Temp I/O Write Time":72.77,"Plans":[{"Node Type":"Hash Join","Parent Relationship":"Outer","Parallel Aware":false,"Async Capable":false,"Join Type":"Inner","Startup Cost":96641.68,"Total Cost":280615.87,"Plan Rows":115949,"Plan Width":24,"Actual Startup Time":98.617,"Actual Total Time":1360.85,"Actual Rows":105594,"Actual Loops":1,"Output":["customer.c_w_id","customer.c_d_id","orders.o_entry_d","orders.o_w_id","orders.o_d_id","orders.o_id"],"Inner Unique":true,"Hash Cond":"((orders.o_c_id = customer.c_id) AND (orders.o_w_id = customer.c_w_id) AND (orders.o_d_id = customer.c_d_id))","Shared Hit Blocks":44122,"Shared Read Blocks":0,"Shared Dirtied Blocks":0,"Shared Written Blocks":0,"Local Hit Blocks":0,"Local Read Blocks":0,"Local Dirtied Blocks":0,"Local Written Blocks":0,"Temp Read Blocks":9112,"Temp Written Blocks":9112,"I/O Read Time":0.0,"I/O Write Time":0.0,"Temp I/O Read Time":13.28,"Temp I/O Write Time":37.061,"Plans":[{"Node Type":"Seq Scan","Parent Relationship":"Outer","Parallel Aware":false,"Async Capable":false,"Relation Name":"orders","Schema":"public","Alias":"orders","Startup Cost":0.0,"Total Cost":119121.6,"Plan Rows":3267375,"Plan Width":24,"Actual Startup Time":2.158,"Actual Total Time":561.521,"Actual Rows":3270391,"Actual Loops":1,"Output":["orders.o_entry_d","orders.o_c_id","orders.o_w_id","orders.o_d_id","orders.o_id"],"Filter":"(orders.o_entry_d > '1995-03-08 20:10:02.27764'::timestamp without time zone)","Rows Removed by Filter":2729609,"Shared Hit Blocks":44122,"Shared Read Blocks":0,"Shared Dirtied Blocks":0,"Shared Written Blocks":0,"Local Hit Blocks":0,"Local Read Blocks":0,"Local Dirtied Blocks":0,"Local Written Blocks":0,"Temp Read Blocks":0,"Temp Written Blocks":0,"I/O Read Time":0.0,"I/O Write Time":0.0,"Temp I/O Read Time":0.0,"Temp I/O Write Time":0.0},{"Node Type":"Hash","Parent Relationship":"Inner","Parallel Aware":false,"Async Capable":false,"Startup Cost":92083.47,"Total Cost":92083.47,"Plan Rows":212926,"Plan Width":8,"Actual Startup Time":95.676,"Actual Total Time":95.685,"Actual Rows":193566,"Actual Loops":1,"Output":["customer.c_id","customer.c_w_id","customer.c_d_id"],"Hash Buckets":262144,"Original Hash Buckets":262144,"Hash Batches":2,"Original Hash Batches":2,"Peak Memory Usage":5832,"Shared Hit Blocks":0,"Shared Read Blocks":0,"Shared Dirtied Blocks":0,"Shared Written Blocks":0,"Local Hit Blocks":0,"Local Read Blocks":0,"Local Dirtied Blocks":0,"Local Written Blocks":0,"Temp Read Blocks":0,"Temp Written Blocks":330,"I/O Read Time":0.0,"I/O Write Time":0.0,"Temp I/O Read Time":0.0,"Temp I/O Write Time":1.462,"Plans":[{"Node Type":"Append","Parent Relationship":"Outer","Parallel Aware":false,"Async Capable":false,"Startup Cost":20.0,"Total Cost":92083.47,"Plan Rows":212926,"Plan Width":8,"Actual Startup Time":0.102,"Actual Total Time":61.698,"Actual Rows":193566,"Actual Loops":1,"Shared Hit Blocks":0,"Shared Read Blocks":0,"Shared Dirtied Blocks":0,"Shared Written Blocks":0,"Local Hit Blocks":0,"Local Read Blocks":0,"Local Dirtied Blocks":0,"Local Written Blocks":0,"Temp Read Blocks":0,"Temp Written Blocks":0,"I/O Read Time":0.0,"I/O Write Time":0.0,"Temp I/O Read Time":0.0,"Temp I/O Write Time":0.0,"Subplans Removed":0,"Plans":[{"Node Type":"Custom Scan","Parent Relationship":"Member","Custom Plan Provider":"columnar scan","Parallel Aware":false,"Async Capable":false,"Relation Name":"customer","Schema":"public","Alias":"customer","Startup Cost":20.0,"Total Cost":4598.42,"Plan Rows":212921,"Plan Width":8,"Actual Startup Time":0.1,"Actual Total Time":48.107,"Actual Rows":193566,"Actual Loops":1,"Output":["customer.c_id","customer.c_w_id","customer.c_d_id"],"Filter":"(customer.c_state ~~ 'A%'::text)","Rows Removed by Filter":0,"Rows Removed by Columnar Filter":5806434,"Columnar cache search mode":"native","Shared Hit Blocks":0,"Shared Read Blocks":0,"Shared Dirtied Blocks":0,"Shared Written Blocks":0,"Local Hit Blocks":0,"Local Read Blocks":0,"Local Dirtied Blocks":0,"Local Written Blocks":0,"Temp Read Blocks":0,"Temp Written Blocks":0,"I/O Read Time":0.0,"I/O Write Time":0.0,"Temp I/O Read Time":0.0,"Temp I/O Write Time":0.0},{"Node Type":"Seq Scan","Parent Relationship":"Member","Parallel Aware":false,"Async Capable":false,"Relation Name":"customer","Schema":"public","Alias":"customer","Startup Cost":0.0,"Total Cost":5.75,"Plan Rows":5,"Plan Width":8,"Actual Startup Time":0.0,"Actual Total Time":0.0,"Actual Rows":0,"Actual Loops":0,"Output":["customer.c_id","customer.c_w_id","customer.c_d_id"],"Filter":"(customer.c_state ~~ 'A%'::text)","Rows Removed by Filter":0,"Shared Hit Blocks":0,"Shared Read Blocks":0,"Shared Dirtied Blocks":0,"Shared Written Blocks":0,"Local Hit Blocks":0,"Local Read Blocks":0,"Local Dirtied Blocks":0,"Local Written Blocks":0,"Temp Read Blocks":0,"Temp Written Blocks":0,"I/O Read Time":0.0,"I/O Write Time":0.0,"Temp I/O Read Time":0.0,"Temp I/O Write Time":0.0}]}]}]},{"Node Type":"Hash","Parent Relationship":"Inner","Parallel Aware":false,"Async Capable":false,"Startup Cost":27732.0,"Total Cost":27732.0,"Plan Rows":1800000,"Plan Width":12,"Actual Startup Time":456.463,"Actual Total Time":456.465,"Actual Rows":1800000,"Actual Loops":1,"Output":["new_orders.no_w_id","new_orders.no_d_id","new_orders.no_o_id"],"Hash Buckets":262144,"Original Hash Buckets":262144,"Hash Batches":16,"Original Hash Batches":16,"Peak Memory Usage":7316,"Shared Hit Blocks":9732,"Shared Read Blocks":0,"Shared Dirtied Blocks":0,"Shared Written Blocks":0,"Local Hit Blocks":0,"Local Read Blocks":0,"Local Dirtied Blocks":0,"Local Written Blocks":0,"Temp Read Blocks":0,"Temp Written Blocks":7409,"I/O Read Time":0.0,"I/O Write Time":0.0,"Temp I/O Read Time":0.0,"Temp I/O Write Time":31.96,"Plans":[{"Node Type":"Seq Scan","Parent Relationship":"Outer","Parallel Aware":false,"Async Capable":false,"Relation Name":"new_orders","Schema":"public","Alias":"new_orders","Startup Cost":0.0,"Total Cost":27732.0,"Plan Rows":1800000,"Plan Width":12,"Actual Startup Time":0.014,"Actual Total Time":169.945,"Actual Rows":1800000,"Actual Loops":1,"Output":["new_orders.no_w_id","new_orders.no_d_id","new_orders.no_o_id"],"Shared Hit Blocks":9732,"Shared Read Blocks":0,"Shared Dirtied Blocks":0,"Shared Written Blocks":0,"Local Hit Blocks":0,"Local Read Blocks":0,"Local Dirtied Blocks":0,"Local Written Blocks":0,"Temp Read Blocks":0,"Temp Written Blocks":0,"I/O Read Time":0.0,"I/O Write Time":0.0,"Temp I/O Read Time":0.0,"Temp I/O Write Time":0.0}]}]},{"Node Type":"Index Scan","Parent Relationship":"Inner","Parallel Aware":false,"Async Capable":false,"Scan Direction":"Forward","Index Name":"order_line_pk","Relation Name":"order_line","Schema":"public","Alias":"order_line","Startup Cost":0.56,"Total Cost":29.4,"Plan Rows":10,"Plan Width":16,"Actual Startup Time":0.005,"Actual Total Time":0.007,"Actual Rows":10,"Actual Loops":57989,"Output":["order_line.ol_o_id","order_line.ol_d_id","order_line.ol_w_id","order_line.ol_number","order_line.ol_i_id","order_line.ol_supply_w_id","order_line.ol_delivery_d","order_line.ol_quantity","order_line.ol_amount","order_line.ol_dist_info"],"Index Cond":"((order_line.ol_w_id = orders.o_w_id) AND (order_line.ol_d_id = orders.o_d_id) AND (order_line.ol_o_id = orders.o_id))","Rows Removed by Index Recheck":0,"Shared Hit Blocks":298417,"Shared Read Blocks":0,"Shared Dirtied Blocks":0,"Shared Written Blocks":0,"Local Hit Blocks":0,"Local Read Blocks":0,"Local Dirtied Blocks":0,"Local Written Blocks":0,"Temp Read Blocks":0,"Temp Written Blocks":0,"I/O Read Time":0.0,"I/O Write Time":0.0,"Temp I/O Read Time":0.0,"Temp I/O Write Time":0.0}]}]}]}]}]},"Planning":{"Shared Hit Blocks":153,"Shared Read Blocks":0,"Shared Dirtied Blocks":0,"Shared Written Blocks":0,"Local Hit Blocks":0,"Local Read Blocks":0,"Local Dirtied Blocks":0,"Local Written Blocks":0,"Temp Read Blocks":0,"Temp Written Blocks":0,"I/O Read Time":0.0,"I/O Write Time":0.0,"Temp I/O Read Time":0.0,"Temp I/O Write Time":0.0},"Planning Time":2.48,"Triggers":[],"Execution Time":2874.335}]
[列存组合]: new_orders, order_line
[{"Plan":{"Node Type":"Limit","Parallel Aware":false,"Async Capable":false,"Startup Cost":1899079.59,"Total Cost":1899082.09,"Plan Rows":1000,"Plan Width":52,"Actual Startup Time":4950.338,"Actual Total Time":4950.455,"Actual Rows":1000,"Actual Loops":1,"Output":["order_line.ol_o_id","order_line.ol_w_id","order_line.ol_d_id","(sum(order_line.ol_amount))","orders.o_entry_d"],"Shared Hit Blocks":812261,"Shared Read Blocks":0,"Shared Dirtied Blocks":0,"Shared Written Blocks":0,"Local Hit Blocks":0,"Local Read Blocks":0,"Local Dirtied Blocks":0,"Local Written Blocks":0,"Temp Read Blocks":20090,"Temp Written Blocks":20103,"I/O Read Time":0.0,"I/O Write Time":0.0,"Temp I/O Read Time":30.858,"Temp I/O Write Time":86.672,"Plans":[{"Node Type":"Sort","Parent Relationship":"Outer","Parallel Aware":false,"Async Capable":false,"Startup Cost":1899079.59,"Total Cost":1899949.1,"Plan Rows":347806,"Plan Width":52,"Actual Startup Time":4950.336,"Actual Total Time":4950.387,"Actual Rows":1000,"Actual Loops":1,"Output":["order_line.ol_o_id","order_line.ol_w_id","order_line.ol_d_id","(sum(order_line.ol_amount))","orders.o_entry_d"],"Sort Key":["(sum(order_line.ol_amount)) DESC","orders.o_entry_d"],"Sort Method":"top-N heapsort","Sort Space Used":181,"Sort Space Type":"Memory","Shared Hit Blocks":812261,"Shared Read Blocks":0,"Shared Dirtied Blocks":0,"Shared Written Blocks":0,"Local Hit Blocks":0,"Local Read Blocks":0,"Local Dirtied Blocks":0,"Local Written Blocks":0,"Temp Read Blocks":20090,"Temp Written Blocks":20103,"I/O Read Time":0.0,"I/O Write Time":0.0,"Temp I/O Read Time":30.858,"Temp I/O Write Time":86.672,"Plans":[{"Node Type":"Aggregate","Strategy":"Sorted","Partial Mode":"Simple","Parent Relationship":"Outer","Parallel Aware":false,"Async Capable":false,"Startup Cost":1870445.09,"Total Cost":1880009.76,"Plan Rows":347806,"Plan Width":52,"Actual Startup Time":4752.43,"Actual Total Time":4935.535,"Actual Rows":57989,"Actual Loops":1,"Output":["order_line.ol_o_id","order_line.ol_w_id","order_line.ol_d_id","sum(order_line.ol_amount)","orders.o_entry_d"],"Group Key":["order_line.ol_o_id","order_line.ol_w_id","order_line.ol_d_id","orders.o_entry_d"],"Shared Hit Blocks":812261,"Shared Read Blocks":0,"Shared Dirtied Blocks":0,"Shared Written Blocks":0,"Local Hit Blocks":0,"Local Read Blocks":0,"Local Dirtied Blocks":0,"Local Written Blocks":0,"Temp Read Blocks":20090,"Temp Written Blocks":20103,"I/O Read Time":0.0,"I/O Write Time":0.0,"Temp I/O Read Time":30.858,"Temp I/O Write Time":86.672,"Plans":[{"Node Type":"Sort","Parent Relationship":"Outer","Parallel Aware":false,"Async Capable":false,"Startup Cost":1870445.09,"Total Cost":1871314.61,"Plan Rows":347806,"Plan Width":24,"Actual Startup Time":4752.407,"Actual Total Time":4820.897,"Actual Rows":580686,"Actual Loops":1,"Output":["order_line.ol_o_id","order_line.ol_w_id","order_line.ol_d_id","orders.o_entry_d","order_line.ol_amount"],"Sort Key":["order_line.ol_o_id","order_line.ol_w_id","order_line.ol_d_id","orders.o_entry_d"],"Sort Method":"external merge","Sort Space Used":23344,"Sort Space Type":"Disk","Shared Hit Blocks":812261,"Shared Read Blocks":0,"Shared Dirtied Blocks":0,"Shared Written Blocks":0,"Local Hit Blocks":0,"Local Read Blocks":0,"Local Dirtied Blocks":0,"Local Written Blocks":0,"Temp Read Blocks":20090,"Temp Written Blocks":20103,"I/O Read Time":0.0,"I/O Write Time":0.0,"Temp I/O Read Time":30.858,"Temp I/O Write Time":86.672,"Plans":[{"Node Type":"Nested Loop","Parent Relationship":"Outer","Parallel Aware":false,"Async Capable":false,"Join Type":"Inner","Startup Cost":607572.52,"Total Cost":1831300.16,"Plan Rows":347806,"Plan Width":24,"Actual Startup Time":2652.711,"Actual Total Time":4580.441,"Actual Rows":580686,"Actual Loops":1,"Output":["order_line.ol_o_id","order_line.ol_w_id","order_line.ol_d_id","orders.o_entry_d","order_line.ol_amount"],"Inner Unique":false,"Join Filter":"((customer.c_w_id = order_line.ol_w_id) AND (customer.c_d_id = order_line.ol_d_id) AND (new_orders.no_o_id = order_line.ol_o_id))","Rows Removed by Join Filter":0,"Shared Hit Blocks":812261,"Shared Read Blocks":0,"Shared Dirtied Blocks":0,"Shared Written Blocks":0,"Local Hit Blocks":0,"Local Read Blocks":0,"Local Dirtied Blocks":0,"Local Written Blocks":0,"Temp Read Blocks":17172,"Temp Written Blocks":17172,"I/O Read Time":0.0,"I/O Write Time":0.0,"Temp I/O Read Time":26.555,"Temp I/O Write Time":75.767,"Plans":[{"Node Type":"Hash Join","Parent Relationship":"Outer","Parallel Aware":false,"Async Capable":false,"Join Type":"Inner","Startup Cost":607571.95,"Total Cost":802609.24,"Plan Rows":34784,"Plan Width":36,"Actual Startup Time":2652.665,"Actual Total Time":4072.126,"Actual Rows":57989,"Actual Loops":1,"Output":["customer.c_w_id","customer.c_d_id","new_orders.no_w_id","new_orders.no_d_id","new_orders.no_o_id","orders.o_entry_d","orders.o_w_id","orders.o_d_id","orders.o_id"],"Inner Unique":true,"Hash Cond":"((customer.c_w_id = new_orders.no_w_id) AND (customer.c_d_id = new_orders.no_d_id) AND (orders.o_id = new_orders.no_o_id))","Shared Hit Blocks":513844,"Shared Read Blocks":0,"Shared Dirtied Blocks":0,"Shared Written Blocks":0,"Local Hit Blocks":0,"Local Read Blocks":0,"Local Dirtied Blocks":0,"Local Written Blocks":0,"Temp Read Blocks":17172,"Temp Written Blocks":17172,"I/O Read Time":0.0,"I/O Write Time":0.0,"Temp I/O Read Time":26.555,"Temp I/O Write Time":75.767,"Plans":[{"Node Type":"Hash Join","Parent Relationship":"Outer","Parallel Aware":false,"Async Capable":false,"Join Type":"Inner","Startup Cost":539549.95,"Total Cost":723524.15,"Plan Rows":115949,"Plan Width":24,"Actual Startup Time":2182.997,"Actual Total Time":3442.453,"Actual Rows":105594,"Actual Loops":1,"Output":["customer.c_w_id","customer.c_d_id","orders.o_entry_d","orders.o_w_id","orders.o_d_id","orders.o_id"],"Inner Unique":true,"Hash Cond":"((orders.o_c_id = customer.c_id) AND (orders.o_w_id = customer.c_w_id) AND (orders.o_d_id = customer.c_d_id))","Shared Hit Blocks":504112,"Shared Read Blocks":0,"Shared Dirtied Blocks":0,"Shared Written Blocks":0,"Local Hit Blocks":0,"Local Read Blocks":0,"Local Dirtied Blocks":0,"Local Written Blocks":0,"Temp Read Blocks":9112,"Temp Written Blocks":9112,"I/O Read Time":0.0,"I/O Write Time":0.0,"Temp I/O Read Time":13.479,"Temp I/O Write Time":39.283,"Plans":[{"Node Type":"Seq Scan","Parent Relationship":"Outer","Parallel Aware":false,"Async Capable":false,"Relation Name":"orders","Schema":"public","Alias":"orders","Startup Cost":0.0,"Total Cost":119121.6,"Plan Rows":3267375,"Plan Width":24,"Actual Startup Time":2.148,"Actual Total Time":558.77,"Actual Rows":3270391,"Actual Loops":1,"Output":["orders.o_entry_d","orders.o_c_id","orders.o_w_id","orders.o_d_id","orders.o_id"],"Filter":"(orders.o_entry_d > '1995-03-08 20:10:02.27764'::timestamp without time zone)","Rows Removed by Filter":2729609,"Shared Hit Blocks":44122,"Shared Read Blocks":0,"Shared Dirtied Blocks":0,"Shared Written Blocks":0,"Local Hit Blocks":0,"Local Read Blocks":0,"Local Dirtied Blocks":0,"Local Written Blocks":0,"Temp Read Blocks":0,"Temp Written Blocks":0,"I/O Read Time":0.0,"I/O Write Time":0.0,"Temp I/O Read Time":0.0,"Temp I/O Write Time":0.0},{"Node Type":"Hash","Parent Relationship":"Inner","Parallel Aware":false,"Async Capable":false,"Startup Cost":534991.75,"Total Cost":534991.75,"Plan Rows":212926,"Plan Width":8,"Actual Startup Time":2180.035,"Actual Total Time":2180.039,"Actual Rows":193566,"Actual Loops":1,"Output":["customer.c_id","customer.c_w_id","customer.c_d_id"],"Hash Buckets":262144,"Original Hash Buckets":262144,"Hash Batches":2,"Original Hash Batches":2,"Peak Memory Usage":5832,"Shared Hit Blocks":459990,"Shared Read Blocks":0,"Shared Dirtied Blocks":0,"Shared Written Blocks":0,"Local Hit Blocks":0,"Local Read Blocks":0,"Local Dirtied Blocks":0,"Local Written Blocks":0,"Temp Read Blocks":0,"Temp Written Blocks":330,"I/O Read Time":0.0,"I/O Write Time":0.0,"Temp I/O Read Time":0.0,"Temp I/O Write Time":2.767,"Plans":[{"Node Type":"Seq Scan","Parent Relationship":"Outer","Parallel Aware":false,"Async Capable":false,"Relation Name":"customer","Schema":"public","Alias":"customer","Startup Cost":0.0,"Total Cost":534991.75,"Plan Rows":212926,"Plan Width":8,"Actual Startup Time":0.023,"Actual Total Time":2133.801,"Actual Rows":193566,"Actual Loops":1,"Output":["customer.c_id","customer.c_w_id","customer.c_d_id"],"Filter":"(customer.c_state ~~ 'A%'::text)","Rows Removed by Filter":5806434,"Shared Hit Blocks":459990,"Shared Read Blocks":0,"Shared Dirtied Blocks":0,"Shared Written Blocks":0,"Local Hit Blocks":0,"Local Read Blocks":0,"Local Dirtied Blocks":0,"Local Written Blocks":0,"Temp Read Blocks":0,"Temp Written Blocks":0,"I/O Read Time":0.0,"I/O Write Time":0.0,"Temp I/O Read Time":0.0,"Temp I/O Write Time":0.0}]}]},{"Node Type":"Hash","Parent Relationship":"Inner","Parallel Aware":false,"Async Capable":false,"Startup Cost":27732.0,"Total Cost":27732.0,"Plan Rows":1800000,"Plan Width":12,"Actual Startup Time":462.129,"Actual Total Time":462.13,"Actual Rows":1800000,"Actual Loops":1,"Output":["new_orders.no_w_id","new_orders.no_d_id","new_orders.no_o_id"],"Hash Buckets":262144,"Original Hash Buckets":262144,"Hash Batches":16,"Original Hash Batches":16,"Peak Memory Usage":7316,"Shared Hit Blocks":9732,"Shared Read Blocks":0,"Shared Dirtied Blocks":0,"Shared Written Blocks":0,"Local Hit Blocks":0,"Local Read Blocks":0,"Local Dirtied Blocks":0,"Local Written Blocks":0,"Temp Read Blocks":0,"Temp Written Blocks":7409,"I/O Read Time":0.0,"I/O Write Time":0.0,"Temp I/O Read Time":0.0,"Temp I/O Write Time":32.659,"Plans":[{"Node Type":"Seq Scan","Parent Relationship":"Outer","Parallel Aware":false,"Async Capable":false,"Relation Name":"new_orders","Schema":"public","Alias":"new_orders","Startup Cost":0.0,"Total Cost":27732.0,"Plan Rows":1800000,"Plan Width":12,"Actual Startup Time":0.014,"Actual Total Time":174.909,"Actual Rows":1800000,"Actual Loops":1,"Output":["new_orders.no_w_id","new_orders.no_d_id","new_orders.no_o_id"],"Shared Hit Blocks":9732,"Shared Read Blocks":0,"Shared Dirtied Blocks":0,"Shared Written Blocks":0,"Local Hit Blocks":0,"Local Read Blocks":0,"Local Dirtied Blocks":0,"Local Written Blocks":0,"Temp Read Blocks":0,"Temp Written Blocks":0,"I/O Read Time":0.0,"I/O Write Time":0.0,"Temp I/O Read Time":0.0,"Temp I/O Write Time":0.0}]}]},{"Node Type":"Index Scan","Parent Relationship":"Inner","Parallel Aware":false,"Async Capable":false,"Scan Direction":"Forward","Index Name":"order_line_pk","Relation Name":"order_line","Schema":"public","Alias":"order_line","Startup Cost":0.56,"Total Cost":29.4,"Plan Rows":10,"Plan Width":16,"Actual Startup Time":0.005,"Actual Total Time":0.007,"Actual Rows":10,"Actual Loops":57989,"Output":["order_line.ol_o_id","order_line.ol_d_id","order_line.ol_w_id","order_line.ol_number","order_line.ol_i_id","order_line.ol_supply_w_id","order_line.ol_delivery_d","order_line.ol_quantity","order_line.ol_amount","order_line.ol_dist_info"],"Index Cond":"((order_line.ol_w_id = orders.o_w_id) AND (order_line.ol_d_id = orders.o_d_id) AND (order_line.ol_o_id = orders.o_id))","Rows Removed by Index Recheck":0,"Shared Hit Blocks":298417,"Shared Read Blocks":0,"Shared Dirtied Blocks":0,"Shared Written Blocks":0,"Local Hit Blocks":0,"Local Read Blocks":0,"Local Dirtied Blocks":0,"Local Written Blocks":0,"Temp Read Blocks":0,"Temp Written Blocks":0,"I/O Read Time":0.0,"I/O Write Time":0.0,"Temp I/O Read Time":0.0,"Temp I/O Write Time":0.0}]}]}]}]}]},"Planning":{"Shared Hit Blocks":157,"Shared Read Blocks":0,"Shared Dirtied Blocks":0,"Shared Written Blocks":0,"Local Hit Blocks":0,"Local Read Blocks":0,"Local Dirtied Blocks":0,"Local Written Blocks":0,"Temp Read Blocks":0,"Temp Written Blocks":0,"I/O Read Time":0.0,"I/O Write Time":0.0,"Temp I/O Read Time":0.0,"Temp I/O Write Time":0.0},"Planning Time":2.413,"Triggers":[],"Execution Time":4954.454}]
[列存组合]: new_orders, orders
[{"Plan":{"Node Type":"Limit","Parallel Aware":false,"Async Capable":false,"Startup Cost":1899079.59,"Total Cost":1899082.09,"Plan Rows":1000,"Plan Width":52,"Actual Startup Time":4951.335,"Actual Total Time":4951.448,"Actual Rows":1000,"Actual Loops":1,"Output":["order_line.ol_o_id","order_line.ol_w_id","order_line.ol_d_id","(sum(order_line.ol_amount))","orders.o_entry_d"],"Shared Hit Blocks":812261,"Shared Read Blocks":0,"Shared Dirtied Blocks":0,"Shared Written Blocks":0,"Local Hit Blocks":0,"Local Read Blocks":0,"Local Dirtied Blocks":0,"Local Written Blocks":0,"Temp Read Blocks":20090,"Temp Written Blocks":20103,"I/O Read Time":0.0,"I/O Write Time":0.0,"Temp I/O Read Time":30.915,"Temp I/O Write Time":85.183,"Plans":[{"Node Type":"Sort","Parent Relationship":"Outer","Parallel Aware":false,"Async Capable":false,"Startup Cost":1899079.59,"Total Cost":1899949.1,"Plan Rows":347806,"Plan Width":52,"Actual Startup Time":4951.333,"Actual Total Time":4951.38,"Actual Rows":1000,"Actual Loops":1,"Output":["order_line.ol_o_id","order_line.ol_w_id","order_line.ol_d_id","(sum(order_line.ol_amount))","orders.o_entry_d"],"Sort Key":["(sum(order_line.ol_amount)) DESC","orders.o_entry_d"],"Sort Method":"top-N heapsort","Sort Space Used":181,"Sort Space Type":"Memory","Shared Hit Blocks":812261,"Shared Read Blocks":0,"Shared Dirtied Blocks":0,"Shared Written Blocks":0,"Local Hit Blocks":0,"Local Read Blocks":0,"Local Dirtied Blocks":0,"Local Written Blocks":0,"Temp Read Blocks":20090,"Temp Written Blocks":20103,"I/O Read Time":0.0,"I/O Write Time":0.0,"Temp I/O Read Time":30.915,"Temp I/O Write Time":85.183,"Plans":[{"Node Type":"Aggregate","Strategy":"Sorted","Partial Mode":"Simple","Parent Relationship":"Outer","Parallel Aware":false,"Async Capable":false,"Startup Cost":1870445.09,"Total Cost":1880009.76,"Plan Rows":347806,"Plan Width":52,"Actual Startup Time":4753.311,"Actual Total Time":4936.514,"Actual Rows":57989,"Actual Loops":1,"Output":["order_line.ol_o_id","order_line.ol_w_id","order_line.ol_d_id","sum(order_line.ol_amount)","orders.o_entry_d"],"Group Key":["order_line.ol_o_id","order_line.ol_w_id","order_line.ol_d_id","orders.o_entry_d"],"Shared Hit Blocks":812261,"Shared Read Blocks":0,"Shared Dirtied Blocks":0,"Shared Written Blocks":0,"Local Hit Blocks":0,"Local Read Blocks":0,"Local Dirtied Blocks":0,"Local Written Blocks":0,"Temp Read Blocks":20090,"Temp Written Blocks":20103,"I/O Read Time":0.0,"I/O Write Time":0.0,"Temp I/O Read Time":30.915,"Temp I/O Write Time":85.183,"Plans":[{"Node Type":"Sort","Parent Relationship":"Outer","Parallel Aware":false,"Async Capable":false,"Startup Cost":1870445.09,"Total Cost":1871314.61,"Plan Rows":347806,"Plan Width":24,"Actual Startup Time":4753.288,"Actual Total Time":4821.828,"Actual Rows":580686,"Actual Loops":1,"Output":["order_line.ol_o_id","order_line.ol_w_id","order_line.ol_d_id","orders.o_entry_d","order_line.ol_amount"],"Sort Key":["order_line.ol_o_id","order_line.ol_w_id","order_line.ol_d_id","orders.o_entry_d"],"Sort Method":"external merge","Sort Space Used":23344,"Sort Space Type":"Disk","Shared Hit Blocks":812261,"Shared Read Blocks":0,"Shared Dirtied Blocks":0,"Shared Written Blocks":0,"Local Hit Blocks":0,"Local Read Blocks":0,"Local Dirtied Blocks":0,"Local Written Blocks":0,"Temp Read Blocks":20090,"Temp Written Blocks":20103,"I/O Read Time":0.0,"I/O Write Time":0.0,"Temp I/O Read Time":30.915,"Temp I/O Write Time":85.183,"Plans":[{"Node Type":"Nested Loop","Parent Relationship":"Outer","Parallel Aware":false,"Async Capable":false,"Join Type":"Inner","Startup Cost":607572.52,"Total Cost":1831300.16,"Plan Rows":347806,"Plan Width":24,"Actual Startup Time":2654.025,"Actual Total Time":4582.423,"Actual Rows":580686,"Actual Loops":1,"Output":["order_line.ol_o_id","order_line.ol_w_id","order_line.ol_d_id","orders.o_entry_d","order_line.ol_amount"],"Inner Unique":false,"Join Filter":"((customer.c_w_id = order_line.ol_w_id) AND (customer.c_d_id = order_line.ol_d_id) AND (new_orders.no_o_id = order_line.ol_o_id))","Rows Removed by Join Filter":0,"Shared Hit Blocks":812261,"Shared Read Blocks":0,"Shared Dirtied Blocks":0,"Shared Written Blocks":0,"Local Hit Blocks":0,"Local Read Blocks":0,"Local Dirtied Blocks":0,"Local Written Blocks":0,"Temp Read Blocks":17172,"Temp Written Blocks":17172,"I/O Read Time":0.0,"I/O Write Time":0.0,"Temp I/O Read Time":26.583,"Temp I/O Write Time":74.286,"Plans":[{"Node Type":"Hash Join","Parent Relationship":"Outer","Parallel Aware":false,"Async Capable":false,"Join Type":"Inner","Startup Cost":607571.95,"Total Cost":802609.24,"Plan Rows":34784,"Plan Width":36,"Actual Startup Time":2653.98,"Actual Total Time":4077.03,"Actual Rows":57989,"Actual Loops":1,"Output":["customer.c_w_id","customer.c_d_id","new_orders.no_w_id","new_orders.no_d_id","new_orders.no_o_id","orders.o_entry_d","orders.o_w_id","orders.o_d_id","orders.o_id"],"Inner Unique":true,"Hash Cond":"((customer.c_w_id = new_orders.no_w_id) AND (customer.c_d_id = new_orders.no_d_id) AND (orders.o_id = new_orders.no_o_id))","Shared Hit Blocks":513844,"Shared Read Blocks":0,"Shared Dirtied Blocks":0,"Shared Written Blocks":0,"Local Hit Blocks":0,"Local Read Blocks":0,"Local Dirtied Blocks":0,"Local Written Blocks":0,"Temp Read Blocks":17172,"Temp Written Blocks":17172,"I/O Read Time":0.0,"I/O Write Time":0.0,"Temp I/O Read Time":26.583,"Temp I/O Write Time":74.286,"Plans":[{"Node Type":"Hash Join","Parent Relationship":"Outer","Parallel Aware":false,"Async Capable":false,"Join Type":"Inner","Startup Cost":539549.95,"Total Cost":723524.15,"Plan Rows":115949,"Plan Width":24,"Actual Startup Time":2182.403,"Actual Total Time":3447.117,"Actual Rows":105594,"Actual Loops":1,"Output":["customer.c_w_id","customer.c_d_id","orders.o_entry_d","orders.o_w_id","orders.o_d_id","orders.o_id"],"Inner Unique":true,"Hash Cond":"((orders.o_c_id = customer.c_id) AND (orders.o_w_id = customer.c_w_id) AND (orders.o_d_id = customer.c_d_id))","Shared Hit Blocks":504112,"Shared Read Blocks":0,"Shared Dirtied Blocks":0,"Shared Written Blocks":0,"Local Hit Blocks":0,"Local Read Blocks":0,"Local Dirtied Blocks":0,"Local Written Blocks":0,"Temp Read Blocks":9112,"Temp Written Blocks":9112,"I/O Read Time":0.0,"I/O Write Time":0.0,"Temp I/O Read Time":13.966,"Temp I/O Write Time":38.465,"Plans":[{"Node Type":"Seq Scan","Parent Relationship":"Outer","Parallel Aware":false,"Async Capable":false,"Relation Name":"orders","Schema":"public","Alias":"orders","Startup Cost":0.0,"Total Cost":119121.6,"Plan Rows":3267375,"Plan Width":24,"Actual Startup Time":2.157,"Actual Total Time":558.373,"Actual Rows":3270391,"Actual Loops":1,"Output":["orders.o_entry_d","orders.o_c_id","orders.o_w_id","orders.o_d_id","orders.o_id"],"Filter":"(orders.o_entry_d > '1995-03-08 20:10:02.27764'::timestamp without time zone)","Rows Removed by Filter":2729609,"Shared Hit Blocks":44122,"Shared Read Blocks":0,"Shared Dirtied Blocks":0,"Shared Written Blocks":0,"Local Hit Blocks":0,"Local Read Blocks":0,"Local Dirtied Blocks":0,"Local Written Blocks":0,"Temp Read Blocks":0,"Temp Written Blocks":0,"I/O Read Time":0.0,"I/O Write Time":0.0,"Temp I/O Read Time":0.0,"Temp I/O Write Time":0.0},{"Node Type":"Hash","Parent Relationship":"Inner","Parallel Aware":false,"Async Capable":false,"Startup Cost":534991.75,"Total Cost":534991.75,"Plan Rows":212926,"Plan Width":8,"Actual Startup Time":2179.376,"Actual Total Time":2179.378,"Actual Rows":193566,"Actual Loops":1,"Output":["customer.c_id","customer.c_w_id","customer.c_d_id"],"Hash Buckets":262144,"Original Hash Buckets":262144,"Hash Batches":2,"Original Hash Batches":2,"Peak Memory Usage":5832,"Shared Hit Blocks":459990,"Shared Read Blocks":0,"Shared Dirtied Blocks":0,"Shared Written Blocks":0,"Local Hit Blocks":0,"Local Read Blocks":0,"Local Dirtied Blocks":0,"Local Written Blocks":0,"Temp Read Blocks":0,"Temp Written Blocks":330,"I/O Read Time":0.0,"I/O Write Time":0.0,"Temp I/O Read Time":0.0,"Temp I/O Write Time":2.782,"Plans":[{"Node Type":"Seq Scan","Parent Relationship":"Outer","Parallel Aware":false,"Async Capable":false,"Relation Name":"customer","Schema":"public","Alias":"customer","Startup Cost":0.0,"Total Cost":534991.75,"Plan Rows":212926,"Plan Width":8,"Actual Startup Time":0.028,"Actual Total Time":2133.254,"Actual Rows":193566,"Actual Loops":1,"Output":["customer.c_id","customer.c_w_id","customer.c_d_id"],"Filter":"(customer.c_state ~~ 'A%'::text)","Rows Removed by Filter":5806434,"Shared Hit Blocks":459990,"Shared Read Blocks":0,"Shared Dirtied Blocks":0,"Shared Written Blocks":0,"Local Hit Blocks":0,"Local Read Blocks":0,"Local Dirtied Blocks":0,"Local Written Blocks":0,"Temp Read Blocks":0,"Temp Written Blocks":0,"I/O Read Time":0.0,"I/O Write Time":0.0,"Temp I/O Read Time":0.0,"Temp I/O Write Time":0.0}]}]},{"Node Type":"Hash","Parent Relationship":"Inner","Parallel Aware":false,"Async Capable":false,"Startup Cost":27732.0,"Total Cost":27732.0,"Plan Rows":1800000,"Plan Width":12,"Actual Startup Time":463.726,"Actual Total Time":463.726,"Actual Rows":1800000,"Actual Loops":1,"Output":["new_orders.no_w_id","new_orders.no_d_id","new_orders.no_o_id"],"Hash Buckets":262144,"Original Hash Buckets":262144,"Hash Batches":16,"Original Hash Batches":16,"Peak Memory Usage":7316,"Shared Hit Blocks":9732,"Shared Read Blocks":0,"Shared Dirtied Blocks":0,"Shared Written Blocks":0,"Local Hit Blocks":0,"Local Read Blocks":0,"Local Dirtied Blocks":0,"Local Written Blocks":0,"Temp Read Blocks":0,"Temp Written Blocks":7409,"I/O Read Time":0.0,"I/O Write Time":0.0,"Temp I/O Read Time":0.0,"Temp I/O Write Time":32.057,"Plans":[{"Node Type":"Seq Scan","Parent Relationship":"Outer","Parallel Aware":false,"Async Capable":false,"Relation Name":"new_orders","Schema":"public","Alias":"new_orders","Startup Cost":0.0,"Total Cost":27732.0,"Plan Rows":1800000,"Plan Width":12,"Actual Startup Time":0.012,"Actual Total Time":175.271,"Actual Rows":1800000,"Actual Loops":1,"Output":["new_orders.no_w_id","new_orders.no_d_id","new_orders.no_o_id"],"Shared Hit Blocks":9732,"Shared Read Blocks":0,"Shared Dirtied Blocks":0,"Shared Written Blocks":0,"Local Hit Blocks":0,"Local Read Blocks":0,"Local Dirtied Blocks":0,"Local Written Blocks":0,"Temp Read Blocks":0,"Temp Written Blocks":0,"I/O Read Time":0.0,"I/O Write Time":0.0,"Temp I/O Read Time":0.0,"Temp I/O Write Time":0.0}]}]},{"Node Type":"Index Scan","Parent Relationship":"Inner","Parallel Aware":false,"Async Capable":false,"Scan Direction":"Forward","Index Name":"order_line_pk","Relation Name":"order_line","Schema":"public","Alias":"order_line","Startup Cost":0.56,"Total Cost":29.4,"Plan Rows":10,"Plan Width":16,"Actual Startup Time":0.005,"Actual Total Time":0.007,"Actual Rows":10,"Actual Loops":57989,"Output":["order_line.ol_o_id","order_line.ol_d_id","order_line.ol_w_id","order_line.ol_number","order_line.ol_i_id","order_line.ol_supply_w_id","order_line.ol_delivery_d","order_line.ol_quantity","order_line.ol_amount","order_line.ol_dist_info"],"Index Cond":"((order_line.ol_w_id = orders.o_w_id) AND (order_line.ol_d_id = orders.o_d_id) AND (order_line.ol_o_id = orders.o_id))","Rows Removed by Index Recheck":0,"Shared Hit Blocks":298417,"Shared Read Blocks":0,"Shared Dirtied Blocks":0,"Shared Written Blocks":0,"Local Hit Blocks":0,"Local Read Blocks":0,"Local Dirtied Blocks":0,"Local Written Blocks":0,"Temp Read Blocks":0,"Temp Written Blocks":0,"I/O Read Time":0.0,"I/O Write Time":0.0,"Temp I/O Read Time":0.0,"Temp I/O Write Time":0.0}]}]}]}]}]},"Planning":{"Shared Hit Blocks":155,"Shared Read Blocks":0,"Shared Dirtied Blocks":0,"Shared Written Blocks":0,"Local Hit Blocks":0,"Local Read Blocks":0,"Local Dirtied Blocks":0,"Local Written Blocks":0,"Temp Read Blocks":0,"Temp Written Blocks":0,"I/O Read Time":0.0,"I/O Write Time":0.0,"Temp I/O Read Time":0.0,"Temp I/O Write Time":0.0},"Planning Time":1.88,"Triggers":[],"Execution Time":4955.501}]
[列存组合]: order_line, orders
[{"Plan":{"Node Type":"Limit","Parallel Aware":false,"Async Capable":false,"Startup Cost":1899079.59,"Total Cost":1899082.09,"Plan Rows":1000,"Plan Width":52,"Actual Startup Time":4895.56,"Actual Total Time":4895.68,"Actual Rows":1000,"Actual Loops":1,"Output":["order_line.ol_o_id","order_line.ol_w_id","order_line.ol_d_id","(sum(order_line.ol_amount))","orders.o_entry_d"],"Shared Hit Blocks":812261,"Shared Read Blocks":0,"Shared Dirtied Blocks":0,"Shared Written Blocks":0,"Local Hit Blocks":0,"Local Read Blocks":0,"Local Dirtied Blocks":0,"Local Written Blocks":0,"Temp Read Blocks":20090,"Temp Written Blocks":20103,"I/O Read Time":0.0,"I/O Write Time":0.0,"Temp I/O Read Time":29.091,"Temp I/O Write Time":84.303,"Plans":[{"Node Type":"Sort","Parent Relationship":"Outer","Parallel Aware":false,"Async Capable":false,"Startup Cost":1899079.59,"Total Cost":1899949.1,"Plan Rows":347806,"Plan Width":52,"Actual Startup Time":4895.558,"Actual Total Time":4895.611,"Actual Rows":1000,"Actual Loops":1,"Output":["order_line.ol_o_id","order_line.ol_w_id","order_line.ol_d_id","(sum(order_line.ol_amount))","orders.o_entry_d"],"Sort Key":["(sum(order_line.ol_amount)) DESC","orders.o_entry_d"],"Sort Method":"top-N heapsort","Sort Space Used":181,"Sort Space Type":"Memory","Shared Hit Blocks":812261,"Shared Read Blocks":0,"Shared Dirtied Blocks":0,"Shared Written Blocks":0,"Local Hit Blocks":0,"Local Read Blocks":0,"Local Dirtied Blocks":0,"Local Written Blocks":0,"Temp Read Blocks":20090,"Temp Written Blocks":20103,"I/O Read Time":0.0,"I/O Write Time":0.0,"Temp I/O Read Time":29.091,"Temp I/O Write Time":84.303,"Plans":[{"Node Type":"Aggregate","Strategy":"Sorted","Partial Mode":"Simple","Parent Relationship":"Outer","Parallel Aware":false,"Async Capable":false,"Startup Cost":1870445.09,"Total Cost":1880009.76,"Plan Rows":347806,"Plan Width":52,"Actual Startup Time":4698.07,"Actual Total Time":4880.765,"Actual Rows":57989,"Actual Loops":1,"Output":["order_line.ol_o_id","order_line.ol_w_id","order_line.ol_d_id","sum(order_line.ol_amount)","orders.o_entry_d"],"Group Key":["order_line.ol_o_id","order_line.ol_w_id","order_line.ol_d_id","orders.o_entry_d"],"Shared Hit Blocks":812261,"Shared Read Blocks":0,"Shared Dirtied Blocks":0,"Shared Written Blocks":0,"Local Hit Blocks":0,"Local Read Blocks":0,"Local Dirtied Blocks":0,"Local Written Blocks":0,"Temp Read Blocks":20090,"Temp Written Blocks":20103,"I/O Read Time":0.0,"I/O Write Time":0.0,"Temp I/O Read Time":29.091,"Temp I/O Write Time":84.303,"Plans":[{"Node Type":"Sort","Parent Relationship":"Outer","Parallel Aware":false,"Async Capable":false,"Startup Cost":1870445.09,"Total Cost":1871314.61,"Plan Rows":347806,"Plan Width":24,"Actual Startup Time":4698.046,"Actual Total Time":4766.222,"Actual Rows":580686,"Actual Loops":1,"Output":["order_line.ol_o_id","order_line.ol_w_id","order_line.ol_d_id","orders.o_entry_d","order_line.ol_amount"],"Sort Key":["order_line.ol_o_id","order_line.ol_w_id","order_line.ol_d_id","orders.o_entry_d"],"Sort Method":"external merge","Sort Space Used":23344,"Sort Space Type":"Disk","Shared Hit Blocks":812261,"Shared Read Blocks":0,"Shared Dirtied Blocks":0,"Shared Written Blocks":0,"Local Hit Blocks":0,"Local Read Blocks":0,"Local Dirtied Blocks":0,"Local Written Blocks":0,"Temp Read Blocks":20090,"Temp Written Blocks":20103,"I/O Read Time":0.0,"I/O Write Time":0.0,"Temp I/O Read Time":29.091,"Temp I/O Write Time":84.303,"Plans":[{"Node Type":"Nested Loop","Parent Relationship":"Outer","Parallel Aware":false,"Async Capable":false,"Join Type":"Inner","Startup Cost":607572.52,"Total Cost":1831300.16,"Plan Rows":347806,"Plan Width":24,"Actual Startup Time":2604.303,"Actual Total Time":4526.426,"Actual Rows":580686,"Actual Loops":1,"Output":["order_line.ol_o_id","order_line.ol_w_id","order_line.ol_d_id","orders.o_entry_d","order_line.ol_amount"],"Inner Unique":false,"Join Filter":"((customer.c_w_id = order_line.ol_w_id) AND (customer.c_d_id = order_line.ol_d_id) AND (new_orders.no_o_id = order_line.ol_o_id))","Rows Removed by Join Filter":0,"Shared Hit Blocks":812261,"Shared Read Blocks":0,"Shared Dirtied Blocks":0,"Shared Written Blocks":0,"Local Hit Blocks":0,"Local Read Blocks":0,"Local Dirtied Blocks":0,"Local Written Blocks":0,"Temp Read Blocks":17172,"Temp Written Blocks":17172,"I/O Read Time":0.0,"I/O Write Time":0.0,"Temp I/O Read Time":25.136,"Temp I/O Write Time":73.537,"Plans":[{"Node Type":"Hash Join","Parent Relationship":"Outer","Parallel Aware":false,"Async Capable":false,"Join Type":"Inner","Startup Cost":607571.95,"Total Cost":802609.24,"Plan Rows":34784,"Plan Width":36,"Actual Startup Time":2604.261,"Actual Total Time":4020.465,"Actual Rows":57989,"Actual Loops":1,"Output":["customer.c_w_id","customer.c_d_id","new_orders.no_w_id","new_orders.no_d_id","new_orders.no_o_id","orders.o_entry_d","orders.o_w_id","orders.o_d_id","orders.o_id"],"Inner Unique":true,"Hash Cond":"((customer.c_w_id = new_orders.no_w_id) AND (customer.c_d_id = new_orders.no_d_id) AND (orders.o_id = new_orders.no_o_id))","Shared Hit Blocks":513844,"Shared Read Blocks":0,"Shared Dirtied Blocks":0,"Shared Written Blocks":0,"Local Hit Blocks":0,"Local Read Blocks":0,"Local Dirtied Blocks":0,"Local Written Blocks":0,"Temp Read Blocks":17172,"Temp Written Blocks":17172,"I/O Read Time":0.0,"I/O Write Time":0.0,"Temp I/O Read Time":25.136,"Temp I/O Write Time":73.537,"Plans":[{"Node Type":"Hash Join","Parent Relationship":"Outer","Parallel Aware":false,"Async Capable":false,"Join Type":"Inner","Startup Cost":539549.95,"Total Cost":723524.15,"Plan Rows":115949,"Plan Width":24,"Actual Startup Time":2134.269,"Actual Total Time":3392.521,"Actual Rows":105594,"Actual Loops":1,"Output":["customer.c_w_id","customer.c_d_id","orders.o_entry_d","orders.o_w_id","orders.o_d_id","orders.o_id"],"Inner Unique":true,"Hash Cond":"((orders.o_c_id = customer.c_id) AND (orders.o_w_id = customer.c_w_id) AND (orders.o_d_id = customer.c_d_id))","Shared Hit Blocks":504112,"Shared Read Blocks":0,"Shared Dirtied Blocks":0,"Shared Written Blocks":0,"Local Hit Blocks":0,"Local Read Blocks":0,"Local Dirtied Blocks":0,"Local Written Blocks":0,"Temp Read Blocks":9112,"Temp Written Blocks":9112,"I/O Read Time":0.0,"I/O Write Time":0.0,"Temp I/O Read Time":13.071,"Temp I/O Write Time":38.145,"Plans":[{"Node Type":"Seq Scan","Parent Relationship":"Outer","Parallel Aware":false,"Async Capable":false,"Relation Name":"orders","Schema":"public","Alias":"orders","Startup Cost":0.0,"Total Cost":119121.6,"Plan Rows":3267375,"Plan Width":24,"Actual Startup Time":2.148,"Actual Total Time":557.432,"Actual Rows":3270391,"Actual Loops":1,"Output":["orders.o_entry_d","orders.o_c_id","orders.o_w_id","orders.o_d_id","orders.o_id"],"Filter":"(orders.o_entry_d > '1995-03-08 20:10:02.27764'::timestamp without time zone)","Rows Removed by Filter":2729609,"Shared Hit Blocks":44122,"Shared Read Blocks":0,"Shared Dirtied Blocks":0,"Shared Written Blocks":0,"Local Hit Blocks":0,"Local Read Blocks":0,"Local Dirtied Blocks":0,"Local Written Blocks":0,"Temp Read Blocks":0,"Temp Written Blocks":0,"I/O Read Time":0.0,"I/O Write Time":0.0,"Temp I/O Read Time":0.0,"Temp I/O Write Time":0.0},{"Node Type":"Hash","Parent Relationship":"Inner","Parallel Aware":false,"Async Capable":false,"Startup Cost":534991.75,"Total Cost":534991.75,"Plan Rows":212926,"Plan Width":8,"Actual Startup Time":2131.254,"Actual Total Time":2131.258,"Actual Rows":193566,"Actual Loops":1,"Output":["customer.c_id","customer.c_w_id","customer.c_d_id"],"Hash Buckets":262144,"Original Hash Buckets":262144,"Hash Batches":2,"Original Hash Batches":2,"Peak Memory Usage":5832,"Shared Hit Blocks":459990,"Shared Read Blocks":0,"Shared Dirtied Blocks":0,"Shared Written Blocks":0,"Local Hit Blocks":0,"Local Read Blocks":0,"Local Dirtied Blocks":0,"Local Written Blocks":0,"Temp Read Blocks":0,"Temp Written Blocks":330,"I/O Read Time":0.0,"I/O Write Time":0.0,"Temp I/O Read Time":0.0,"Temp I/O Write Time":2.7,"Plans":[{"Node Type":"Seq Scan","Parent Relationship":"Outer","Parallel Aware":false,"Async Capable":false,"Relation Name":"customer","Schema":"public","Alias":"customer","Startup Cost":0.0,"Total Cost":534991.75,"Plan Rows":212926,"Plan Width":8,"Actual Startup Time":0.027,"Actual Total Time":2085.43,"Actual Rows":193566,"Actual Loops":1,"Output":["customer.c_id","customer.c_w_id","customer.c_d_id"],"Filter":"(customer.c_state ~~ 'A%'::text)","Rows Removed by Filter":5806434,"Shared Hit Blocks":459990,"Shared Read Blocks":0,"Shared Dirtied Blocks":0,"Shared Written Blocks":0,"Local Hit Blocks":0,"Local Read Blocks":0,"Local Dirtied Blocks":0,"Local Written Blocks":0,"Temp Read Blocks":0,"Temp Written Blocks":0,"I/O Read Time":0.0,"I/O Write Time":0.0,"Temp I/O Read Time":0.0,"Temp I/O Write Time":0.0}]}]},{"Node Type":"Hash","Parent Relationship":"Inner","Parallel Aware":false,"Async Capable":false,"Startup Cost":27732.0,"Total Cost":27732.0,"Plan Rows":1800000,"Plan Width":12,"Actual Startup Time":462.026,"Actual Total Time":462.027,"Actual Rows":1800000,"Actual Loops":1,"Output":["new_orders.no_w_id","new_orders.no_d_id","new_orders.no_o_id"],"Hash Buckets":262144,"Original Hash Buckets":262144,"Hash Batches":16,"Original Hash Batches":16,"Peak Memory Usage":7316,"Shared Hit Blocks":9732,"Shared Read Blocks":0,"Shared Dirtied Blocks":0,"Shared Written Blocks":0,"Local Hit Blocks":0,"Local Read Blocks":0,"Local Dirtied Blocks":0,"Local Written Blocks":0,"Temp Read Blocks":0,"Temp Written Blocks":7409,"I/O Read Time":0.0,"I/O Write Time":0.0,"Temp I/O Read Time":0.0,"Temp I/O Write Time":31.638,"Plans":[{"Node Type":"Seq Scan","Parent Relationship":"Outer","Parallel Aware":false,"Async Capable":false,"Relation Name":"new_orders","Schema":"public","Alias":"new_orders","Startup Cost":0.0,"Total Cost":27732.0,"Plan Rows":1800000,"Plan Width":12,"Actual Startup Time":0.012,"Actual Total Time":174.439,"Actual Rows":1800000,"Actual Loops":1,"Output":["new_orders.no_w_id","new_orders.no_d_id","new_orders.no_o_id"],"Shared Hit Blocks":9732,"Shared Read Blocks":0,"Shared Dirtied Blocks":0,"Shared Written Blocks":0,"Local Hit Blocks":0,"Local Read Blocks":0,"Local Dirtied Blocks":0,"Local Written Blocks":0,"Temp Read Blocks":0,"Temp Written Blocks":0,"I/O Read Time":0.0,"I/O Write Time":0.0,"Temp I/O Read Time":0.0,"Temp I/O Write Time":0.0}]}]},{"Node Type":"Index Scan","Parent Relationship":"Inner","Parallel Aware":false,"Async Capable":false,"Scan Direction":"Forward","Index Name":"order_line_pk","Relation Name":"order_line","Schema":"public","Alias":"order_line","Startup Cost":0.56,"Total Cost":29.4,"Plan Rows":10,"Plan Width":16,"Actual Startup Time":0.005,"Actual Total Time":0.007,"Actual Rows":10,"Actual Loops":57989,"Output":["order_line.ol_o_id","order_line.ol_d_id","order_line.ol_w_id","order_line.ol_number","order_line.ol_i_id","order_line.ol_supply_w_id","order_line.ol_delivery_d","order_line.ol_quantity","order_line.ol_amount","order_line.ol_dist_info"],"Index Cond":"((order_line.ol_w_id = orders.o_w_id) AND (order_line.ol_d_id = orders.o_d_id) AND (order_line.ol_o_id = orders.o_id))","Rows Removed by Index Recheck":0,"Shared Hit Blocks":298417,"Shared Read Blocks":0,"Shared Dirtied Blocks":0,"Shared Written Blocks":0,"Local Hit Blocks":0,"Local Read Blocks":0,"Local Dirtied Blocks":0,"Local Written Blocks":0,"Temp Read Blocks":0,"Temp Written Blocks":0,"I/O Read Time":0.0,"I/O Write Time":0.0,"Temp I/O Read Time":0.0,"Temp I/O Write Time":0.0}]}]}]}]}]},"Planning":{"Shared Hit Blocks":153,"Shared Read Blocks":0,"Shared Dirtied Blocks":0,"Shared Written Blocks":0,"Local Hit Blocks":0,"Local Read Blocks":0,"Local Dirtied Blocks":0,"Local Written Blocks":0,"Temp Read Blocks":0,"Temp Written Blocks":0,"I/O Read Time":0.0,"I/O Write Time":0.0,"Temp I/O Read Time":0.0,"Temp I/O Write Time":0.0},"Planning Time":2.591,"Triggers":[],"Execution Time":4899.419}]
[列存组合]: customer, new_orders, order_line
[{"Plan":{"Node Type":"Limit","Parallel Aware":false,"Async Capable":false,"Startup Cost":1456171.31,"Total Cost":1456173.81,"Plan Rows":1000,"Plan Width":52,"Actual Startup Time":2854.069,"Actual Total Time":2854.187,"Actual Rows":1000,"Actual Loops":1,"Output":["order_line.ol_o_id","order_line.ol_w_id","order_line.ol_d_id","(sum(order_line.ol_amount))","orders.o_entry_d"],"Shared Hit Blocks":352271,"Shared Read Blocks":0,"Shared Dirtied Blocks":0,"Shared Written Blocks":0,"Local Hit Blocks":0,"Local Read Blocks":0,"Local Dirtied Blocks":0,"Local Written Blocks":0,"Temp Read Blocks":20090,"Temp Written Blocks":20103,"I/O Read Time":0.0,"I/O Write Time":0.0,"Temp I/O Read Time":31.018,"Temp I/O Write Time":85.812,"Plans":[{"Node Type":"Sort","Parent Relationship":"Outer","Parallel Aware":false,"Async Capable":false,"Startup Cost":1456171.31,"Total Cost":1457040.82,"Plan Rows":347806,"Plan Width":52,"Actual Startup Time":2854.067,"Actual Total Time":2854.119,"Actual Rows":1000,"Actual Loops":1,"Output":["order_line.ol_o_id","order_line.ol_w_id","order_line.ol_d_id","(sum(order_line.ol_amount))","orders.o_entry_d"],"Sort Key":["(sum(order_line.ol_amount)) DESC","orders.o_entry_d"],"Sort Method":"top-N heapsort","Sort Space Used":181,"Sort Space Type":"Memory","Shared Hit Blocks":352271,"Shared Read Blocks":0,"Shared Dirtied Blocks":0,"Shared Written Blocks":0,"Local Hit Blocks":0,"Local Read Blocks":0,"Local Dirtied Blocks":0,"Local Written Blocks":0,"Temp Read Blocks":20090,"Temp Written Blocks":20103,"I/O Read Time":0.0,"I/O Write Time":0.0,"Temp I/O Read Time":31.018,"Temp I/O Write Time":85.812,"Plans":[{"Node Type":"Aggregate","Strategy":"Sorted","Partial Mode":"Simple","Parent Relationship":"Outer","Parallel Aware":false,"Async Capable":false,"Startup Cost":1427536.82,"Total Cost":1437101.48,"Plan Rows":347806,"Plan Width":52,"Actual Startup Time":2656.504,"Actual Total Time":2839.262,"Actual Rows":57989,"Actual Loops":1,"Output":["order_line.ol_o_id","order_line.ol_w_id","order_line.ol_d_id","sum(order_line.ol_amount)","orders.o_entry_d"],"Group Key":["order_line.ol_o_id","order_line.ol_w_id","order_line.ol_d_id","orders.o_entry_d"],"Shared Hit Blocks":352271,"Shared Read Blocks":0,"Shared Dirtied Blocks":0,"Shared Written Blocks":0,"Local Hit Blocks":0,"Local Read Blocks":0,"Local Dirtied Blocks":0,"Local Written Blocks":0,"Temp Read Blocks":20090,"Temp Written Blocks":20103,"I/O Read Time":0.0,"I/O Write Time":0.0,"Temp I/O Read Time":31.018,"Temp I/O Write Time":85.812,"Plans":[{"Node Type":"Sort","Parent Relationship":"Outer","Parallel Aware":false,"Async Capable":false,"Startup Cost":1427536.82,"Total Cost":1428406.33,"Plan Rows":347806,"Plan Width":24,"Actual Startup Time":2656.481,"Actual Total Time":2725.34,"Actual Rows":580686,"Actual Loops":1,"Output":["order_line.ol_o_id","order_line.ol_w_id","order_line.ol_d_id","orders.o_entry_d","order_line.ol_amount"],"Sort Key":["order_line.ol_o_id","order_line.ol_w_id","order_line.ol_d_id","orders.o_entry_d"],"Sort Method":"external merge","Sort Space Used":23344,"Sort Space Type":"Disk","Shared Hit Blocks":352271,"Shared Read Blocks":0,"Shared Dirtied Blocks":0,"Shared Written Blocks":0,"Local Hit Blocks":0,"Local Read Blocks":0,"Local Dirtied Blocks":0,"Local Written Blocks":0,"Temp Read Blocks":20090,"Temp Written Blocks":20103,"I/O Read Time":0.0,"I/O Write Time":0.0,"Temp I/O Read Time":31.018,"Temp I/O Write Time":85.812,"Plans":[{"Node Type":"Nested Loop","Parent Relationship":"Outer","Parallel Aware":false,"Async Capable":false,"Join Type":"Inner","Startup Cost":164664.24,"Total Cost":1388391.89,"Plan Rows":347806,"Plan Width":24,"Actual Startup Time":564.065,"Actual Total Time":2484.259,"Actual Rows":580686,"Actual Loops":1,"Output":["order_line.ol_o_id","order_line.ol_w_id","order_line.ol_d_id","orders.o_entry_d","order_line.ol_amount"],"Inner Unique":false,"Join Filter":"((customer.c_w_id = order_line.ol_w_id) AND (customer.c_d_id = order_line.ol_d_id) AND (new_orders.no_o_id = order_line.ol_o_id))","Rows Removed by Join Filter":0,"Shared Hit Blocks":352271,"Shared Read Blocks":0,"Shared Dirtied Blocks":0,"Shared Written Blocks":0,"Local Hit Blocks":0,"Local Read Blocks":0,"Local Dirtied Blocks":0,"Local Written Blocks":0,"Temp Read Blocks":17172,"Temp Written Blocks":17172,"I/O Read Time":0.0,"I/O Write Time":0.0,"Temp I/O Read Time":26.652,"Temp I/O Write Time":74.971,"Plans":[{"Node Type":"Hash Join","Parent Relationship":"Outer","Parallel Aware":false,"Async Capable":false,"Join Type":"Inner","Startup Cost":164663.68,"Total Cost":359700.97,"Plan Rows":34784,"Plan Width":36,"Actual Startup Time":564.023,"Actual Total Time":1974.85,"Actual Rows":57989,"Actual Loops":1,"Output":["customer.c_w_id","customer.c_d_id","new_orders.no_w_id","new_orders.no_d_id","new_orders.no_o_id","orders.o_entry_d","orders.o_w_id","orders.o_d_id","orders.o_id"],"Inner Unique":true,"Hash Cond":"((customer.c_w_id = new_orders.no_w_id) AND (customer.c_d_id = new_orders.no_d_id) AND (orders.o_id = new_orders.no_o_id))","Shared Hit Blocks":53854,"Shared Read Blocks":0,"Shared Dirtied Blocks":0,"Shared Written Blocks":0,"Local Hit Blocks":0,"Local Read Blocks":0,"Local Dirtied Blocks":0,"Local Written Blocks":0,"Temp Read Blocks":17172,"Temp Written Blocks":17172,"I/O Read Time":0.0,"I/O Write Time":0.0,"Temp I/O Read Time":26.652,"Temp I/O Write Time":74.971,"Plans":[{"Node Type":"Hash Join","Parent Relationship":"Outer","Parallel Aware":false,"Async Capable":false,"Join Type":"Inner","Startup Cost":96641.68,"Total Cost":280615.87,"Plan Rows":115949,"Plan Width":24,"Actual Startup Time":98.604,"Actual Total Time":1350.029,"Actual Rows":105594,"Actual Loops":1,"Output":["customer.c_w_id","customer.c_d_id","orders.o_entry_d","orders.o_w_id","orders.o_d_id","orders.o_id"],"Inner Unique":true,"Hash Cond":"((orders.o_c_id = customer.c_id) AND (orders.o_w_id = customer.c_w_id) AND (orders.o_d_id = customer.c_d_id))","Shared Hit Blocks":44122,"Shared Read Blocks":0,"Shared Dirtied Blocks":0,"Shared Written Blocks":0,"Local Hit Blocks":0,"Local Read Blocks":0,"Local Dirtied Blocks":0,"Local Written Blocks":0,"Temp Read Blocks":9112,"Temp Written Blocks":9112,"I/O Read Time":0.0,"I/O Write Time":0.0,"Temp I/O Read Time":13.487,"Temp I/O Write Time":37.784,"Plans":[{"Node Type":"Seq Scan","Parent Relationship":"Outer","Parallel Aware":false,"Async Capable":false,"Relation Name":"orders","Schema":"public","Alias":"orders","Startup Cost":0.0,"Total Cost":119121.6,"Plan Rows":3267375,"Plan Width":24,"Actual Startup Time":2.151,"Actual Total Time":559.634,"Actual Rows":3270391,"Actual Loops":1,"Output":["orders.o_entry_d","orders.o_c_id","orders.o_w_id","orders.o_d_id","orders.o_id"],"Filter":"(orders.o_entry_d > '1995-03-08 20:10:02.27764'::timestamp without time zone)","Rows Removed by Filter":2729609,"Shared Hit Blocks":44122,"Shared Read Blocks":0,"Shared Dirtied Blocks":0,"Shared Written Blocks":0,"Local Hit Blocks":0,"Local Read Blocks":0,"Local Dirtied Blocks":0,"Local Written Blocks":0,"Temp Read Blocks":0,"Temp Written Blocks":0,"I/O Read Time":0.0,"I/O Write Time":0.0,"Temp I/O Read Time":0.0,"Temp I/O Write Time":0.0},{"Node Type":"Hash","Parent Relationship":"Inner","Parallel Aware":false,"Async Capable":false,"Startup Cost":92083.47,"Total Cost":92083.47,"Plan Rows":212926,"Plan Width":8,"Actual Startup Time":95.644,"Actual Total Time":95.651,"Actual Rows":193566,"Actual Loops":1,"Output":["customer.c_id","customer.c_w_id","customer.c_d_id"],"Hash Buckets":262144,"Original Hash Buckets":262144,"Hash Batches":2,"Original Hash Batches":2,"Peak Memory Usage":5832,"Shared Hit Blocks":0,"Shared Read Blocks":0,"Shared Dirtied Blocks":0,"Shared Written Blocks":0,"Local Hit Blocks":0,"Local Read Blocks":0,"Local Dirtied Blocks":0,"Local Written Blocks":0,"Temp Read Blocks":0,"Temp Written Blocks":330,"I/O Read Time":0.0,"I/O Write Time":0.0,"Temp I/O Read Time":0.0,"Temp I/O Write Time":1.446,"Plans":[{"Node Type":"Append","Parent Relationship":"Outer","Parallel Aware":false,"Async Capable":false,"Startup Cost":20.0,"Total Cost":92083.47,"Plan Rows":212926,"Plan Width":8,"Actual Startup Time":0.147,"Actual Total Time":62.525,"Actual Rows":193566,"Actual Loops":1,"Shared Hit Blocks":0,"Shared Read Blocks":0,"Shared Dirtied Blocks":0,"Shared Written Blocks":0,"Local Hit Blocks":0,"Local Read Blocks":0,"Local Dirtied Blocks":0,"Local Written Blocks":0,"Temp Read Blocks":0,"Temp Written Blocks":0,"I/O Read Time":0.0,"I/O Write Time":0.0,"Temp I/O Read Time":0.0,"Temp I/O Write Time":0.0,"Subplans Removed":0,"Plans":[{"Node Type":"Custom Scan","Parent Relationship":"Member","Custom Plan Provider":"columnar scan","Parallel Aware":false,"Async Capable":false,"Relation Name":"customer","Schema":"public","Alias":"customer","Startup Cost":20.0,"Total Cost":4598.42,"Plan Rows":212921,"Plan Width":8,"Actual Startup Time":0.144,"Actual Total Time":48.664,"Actual Rows":193566,"Actual Loops":1,"Output":["customer.c_id","customer.c_w_id","customer.c_d_id"],"Filter":"(customer.c_state ~~ 'A%'::text)","Rows Removed by Filter":0,"Rows Removed by Columnar Filter":5806434,"Columnar cache search mode":"native","Shared Hit Blocks":0,"Shared Read Blocks":0,"Shared Dirtied Blocks":0,"Shared Written Blocks":0,"Local Hit Blocks":0,"Local Read Blocks":0,"Local Dirtied Blocks":0,"Local Written Blocks":0,"Temp Read Blocks":0,"Temp Written Blocks":0,"I/O Read Time":0.0,"I/O Write Time":0.0,"Temp I/O Read Time":0.0,"Temp I/O Write Time":0.0},{"Node Type":"Seq Scan","Parent Relationship":"Member","Parallel Aware":false,"Async Capable":false,"Relation Name":"customer","Schema":"public","Alias":"customer","Startup Cost":0.0,"Total Cost":5.75,"Plan Rows":5,"Plan Width":8,"Actual Startup Time":0.0,"Actual Total Time":0.0,"Actual Rows":0,"Actual Loops":0,"Output":["customer.c_id","customer.c_w_id","customer.c_d_id"],"Filter":"(customer.c_state ~~ 'A%'::text)","Rows Removed by Filter":0,"Shared Hit Blocks":0,"Shared Read Blocks":0,"Shared Dirtied Blocks":0,"Shared Written Blocks":0,"Local Hit Blocks":0,"Local Read Blocks":0,"Local Dirtied Blocks":0,"Local Written Blocks":0,"Temp Read Blocks":0,"Temp Written Blocks":0,"I/O Read Time":0.0,"I/O Write Time":0.0,"Temp I/O Read Time":0.0,"Temp I/O Write Time":0.0}]}]}]},{"Node Type":"Hash","Parent Relationship":"Inner","Parallel Aware":false,"Async Capable":false,"Startup Cost":27732.0,"Total Cost":27732.0,"Plan Rows":1800000,"Plan Width":12,"Actual Startup Time":458.822,"Actual Total Time":458.823,"Actual Rows":1800000,"Actual Loops":1,"Output":["new_orders.no_w_id","new_orders.no_d_id","new_orders.no_o_id"],"Hash Buckets":262144,"Original Hash Buckets":262144,"Hash Batches":16,"Original Hash Batches":16,"Peak Memory Usage":7316,"Shared Hit Blocks":9732,"Shared Read Blocks":0,"Shared Dirtied Blocks":0,"Shared Written Blocks":0,"Local Hit Blocks":0,"Local Read Blocks":0,"Local Dirtied Blocks":0,"Local Written Blocks":0,"Temp Read Blocks":0,"Temp Written Blocks":7409,"I/O Read Time":0.0,"I/O Write Time":0.0,"Temp I/O Read Time":0.0,"Temp I/O Write Time":33.36,"Plans":[{"Node Type":"Seq Scan","Parent Relationship":"Outer","Parallel Aware":false,"Async Capable":false,"Relation Name":"new_orders","Schema":"public","Alias":"new_orders","Startup Cost":0.0,"Total Cost":27732.0,"Plan Rows":1800000,"Plan Width":12,"Actual Startup Time":0.013,"Actual Total Time":170.611,"Actual Rows":1800000,"Actual Loops":1,"Output":["new_orders.no_w_id","new_orders.no_d_id","new_orders.no_o_id"],"Shared Hit Blocks":9732,"Shared Read Blocks":0,"Shared Dirtied Blocks":0,"Shared Written Blocks":0,"Local Hit Blocks":0,"Local Read Blocks":0,"Local Dirtied Blocks":0,"Local Written Blocks":0,"Temp Read Blocks":0,"Temp Written Blocks":0,"I/O Read Time":0.0,"I/O Write Time":0.0,"Temp I/O Read Time":0.0,"Temp I/O Write Time":0.0}]}]},{"Node Type":"Index Scan","Parent Relationship":"Inner","Parallel Aware":false,"Async Capable":false,"Scan Direction":"Forward","Index Name":"order_line_pk","Relation Name":"order_line","Schema":"public","Alias":"order_line","Startup Cost":0.56,"Total Cost":29.4,"Plan Rows":10,"Plan Width":16,"Actual Startup Time":0.005,"Actual Total Time":0.007,"Actual Rows":10,"Actual Loops":57989,"Output":["order_line.ol_o_id","order_line.ol_d_id","order_line.ol_w_id","order_line.ol_number","order_line.ol_i_id","order_line.ol_supply_w_id","order_line.ol_delivery_d","order_line.ol_quantity","order_line.ol_amount","order_line.ol_dist_info"],"Index Cond":"((order_line.ol_w_id = orders.o_w_id) AND (order_line.ol_d_id = orders.o_d_id) AND (order_line.ol_o_id = orders.o_id))","Rows Removed by Index Recheck":0,"Shared Hit Blocks":298417,"Shared Read Blocks":0,"Shared Dirtied Blocks":0,"Shared Written Blocks":0,"Local Hit Blocks":0,"Local Read Blocks":0,"Local Dirtied Blocks":0,"Local Written Blocks":0,"Temp Read Blocks":0,"Temp Written Blocks":0,"I/O Read Time":0.0,"I/O Write Time":0.0,"Temp I/O Read Time":0.0,"Temp I/O Write Time":0.0}]}]}]}]}]},"Planning":{"Shared Hit Blocks":153,"Shared Read Blocks":0,"Shared Dirtied Blocks":0,"Shared Written Blocks":0,"Local Hit Blocks":0,"Local Read Blocks":0,"Local Dirtied Blocks":0,"Local Written Blocks":0,"Temp Read Blocks":0,"Temp Written Blocks":0,"I/O Read Time":0.0,"I/O Write Time":0.0,"Temp I/O Read Time":0.0,"Temp I/O Write Time":0.0},"Planning Time":3.012,"Triggers":[],"Execution Time":2862.471}]
[列存组合]: customer, new_orders, orders
[{"Plan":{"Node Type":"Limit","Parallel Aware":false,"Async Capable":false,"Startup Cost":1456171.31,"Total Cost":1456173.81,"Plan Rows":1000,"Plan Width":52,"Actual Startup Time":2854.621,"Actual Total Time":2854.74,"Actual Rows":1000,"Actual Loops":1,"Output":["order_line.ol_o_id","order_line.ol_w_id","order_line.ol_d_id","(sum(order_line.ol_amount))","orders.o_entry_d"],"Shared Hit Blocks":352271,"Shared Read Blocks":0,"Shared Dirtied Blocks":0,"Shared Written Blocks":0,"Local Hit Blocks":0,"Local Read Blocks":0,"Local Dirtied Blocks":0,"Local Written Blocks":0,"Temp Read Blocks":20090,"Temp Written Blocks":20103,"I/O Read Time":0.0,"I/O Write Time":0.0,"Temp I/O Read Time":29.457,"Temp I/O Write Time":83.22,"Plans":[{"Node Type":"Sort","Parent Relationship":"Outer","Parallel Aware":false,"Async Capable":false,"Startup Cost":1456171.31,"Total Cost":1457040.82,"Plan Rows":347806,"Plan Width":52,"Actual Startup Time":2854.619,"Actual Total Time":2854.672,"Actual Rows":1000,"Actual Loops":1,"Output":["order_line.ol_o_id","order_line.ol_w_id","order_line.ol_d_id","(sum(order_line.ol_amount))","orders.o_entry_d"],"Sort Key":["(sum(order_line.ol_amount)) DESC","orders.o_entry_d"],"Sort Method":"top-N heapsort","Sort Space Used":181,"Sort Space Type":"Memory","Shared Hit Blocks":352271,"Shared Read Blocks":0,"Shared Dirtied Blocks":0,"Shared Written Blocks":0,"Local Hit Blocks":0,"Local Read Blocks":0,"Local Dirtied Blocks":0,"Local Written Blocks":0,"Temp Read Blocks":20090,"Temp Written Blocks":20103,"I/O Read Time":0.0,"I/O Write Time":0.0,"Temp I/O Read Time":29.457,"Temp I/O Write Time":83.22,"Plans":[{"Node Type":"Aggregate","Strategy":"Sorted","Partial Mode":"Simple","Parent Relationship":"Outer","Parallel Aware":false,"Async Capable":false,"Startup Cost":1427536.82,"Total Cost":1437101.48,"Plan Rows":347806,"Plan Width":52,"Actual Startup Time":2657.422,"Actual Total Time":2839.828,"Actual Rows":57989,"Actual Loops":1,"Output":["order_line.ol_o_id","order_line.ol_w_id","order_line.ol_d_id","sum(order_line.ol_amount)","orders.o_entry_d"],"Group Key":["order_line.ol_o_id","order_line.ol_w_id","order_line.ol_d_id","orders.o_entry_d"],"Shared Hit Blocks":352271,"Shared Read Blocks":0,"Shared Dirtied Blocks":0,"Shared Written Blocks":0,"Local Hit Blocks":0,"Local Read Blocks":0,"Local Dirtied Blocks":0,"Local Written Blocks":0,"Temp Read Blocks":20090,"Temp Written Blocks":20103,"I/O Read Time":0.0,"I/O Write Time":0.0,"Temp I/O Read Time":29.457,"Temp I/O Write Time":83.22,"Plans":[{"Node Type":"Sort","Parent Relationship":"Outer","Parallel Aware":false,"Async Capable":false,"Startup Cost":1427536.82,"Total Cost":1428406.33,"Plan Rows":347806,"Plan Width":24,"Actual Startup Time":2657.398,"Actual Total Time":2725.903,"Actual Rows":580686,"Actual Loops":1,"Output":["order_line.ol_o_id","order_line.ol_w_id","order_line.ol_d_id","orders.o_entry_d","order_line.ol_amount"],"Sort Key":["order_line.ol_o_id","order_line.ol_w_id","order_line.ol_d_id","orders.o_entry_d"],"Sort Method":"external merge","Sort Space Used":23344,"Sort Space Type":"Disk","Shared Hit Blocks":352271,"Shared Read Blocks":0,"Shared Dirtied Blocks":0,"Shared Written Blocks":0,"Local Hit Blocks":0,"Local Read Blocks":0,"Local Dirtied Blocks":0,"Local Written Blocks":0,"Temp Read Blocks":20090,"Temp Written Blocks":20103,"I/O Read Time":0.0,"I/O Write Time":0.0,"Temp I/O Read Time":29.457,"Temp I/O Write Time":83.22,"Plans":[{"Node Type":"Nested Loop","Parent Relationship":"Outer","Parallel Aware":false,"Async Capable":false,"Join Type":"Inner","Startup Cost":164664.24,"Total Cost":1388391.89,"Plan Rows":347806,"Plan Width":24,"Actual Startup Time":561.745,"Actual Total Time":2485.57,"Actual Rows":580686,"Actual Loops":1,"Output":["order_line.ol_o_id","order_line.ol_w_id","order_line.ol_d_id","orders.o_entry_d","order_line.ol_amount"],"Inner Unique":false,"Join Filter":"((customer.c_w_id = order_line.ol_w_id) AND (customer.c_d_id = order_line.ol_d_id) AND (new_orders.no_o_id = order_line.ol_o_id))","Rows Removed by Join Filter":0,"Shared Hit Blocks":352271,"Shared Read Blocks":0,"Shared Dirtied Blocks":0,"Shared Written Blocks":0,"Local Hit Blocks":0,"Local Read Blocks":0,"Local Dirtied Blocks":0,"Local Written Blocks":0,"Temp Read Blocks":17172,"Temp Written Blocks":17172,"I/O Read Time":0.0,"I/O Write Time":0.0,"Temp I/O Read Time":25.556,"Temp I/O Write Time":72.463,"Plans":[{"Node Type":"Hash Join","Parent Relationship":"Outer","Parallel Aware":false,"Async Capable":false,"Join Type":"Inner","Startup Cost":164663.68,"Total Cost":359700.97,"Plan Rows":34784,"Plan Width":36,"Actual Startup Time":561.703,"Actual Total Time":1978.136,"Actual Rows":57989,"Actual Loops":1,"Output":["customer.c_w_id","customer.c_d_id","new_orders.no_w_id","new_orders.no_d_id","new_orders.no_o_id","orders.o_entry_d","orders.o_w_id","orders.o_d_id","orders.o_id"],"Inner Unique":true,"Hash Cond":"((customer.c_w_id = new_orders.no_w_id) AND (customer.c_d_id = new_orders.no_d_id) AND (orders.o_id = new_orders.no_o_id))","Shared Hit Blocks":53854,"Shared Read Blocks":0,"Shared Dirtied Blocks":0,"Shared Written Blocks":0,"Local Hit Blocks":0,"Local Read Blocks":0,"Local Dirtied Blocks":0,"Local Written Blocks":0,"Temp Read Blocks":17172,"Temp Written Blocks":17172,"I/O Read Time":0.0,"I/O Write Time":0.0,"Temp I/O Read Time":25.556,"Temp I/O Write Time":72.463,"Plans":[{"Node Type":"Hash Join","Parent Relationship":"Outer","Parallel Aware":false,"Async Capable":false,"Join Type":"Inner","Startup Cost":96641.68,"Total Cost":280615.87,"Plan Rows":115949,"Plan Width":24,"Actual Startup Time":98.412,"Actual Total Time":1355.91,"Actual Rows":105594,"Actual Loops":1,"Output":["customer.c_w_id","customer.c_d_id","orders.o_entry_d","orders.o_w_id","orders.o_d_id","orders.o_id"],"Inner Unique":true,"Hash Cond":"((orders.o_c_id = customer.c_id) AND (orders.o_w_id = customer.c_w_id) AND (orders.o_d_id = customer.c_d_id))","Shared Hit Blocks":44122,"Shared Read Blocks":0,"Shared Dirtied Blocks":0,"Shared Written Blocks":0,"Local Hit Blocks":0,"Local Read Blocks":0,"Local Dirtied Blocks":0,"Local Written Blocks":0,"Temp Read Blocks":9112,"Temp Written Blocks":9112,"I/O Read Time":0.0,"I/O Write Time":0.0,"Temp I/O Read Time":13.467,"Temp I/O Write Time":37.032,"Plans":[{"Node Type":"Seq Scan","Parent Relationship":"Outer","Parallel Aware":false,"Async Capable":false,"Relation Name":"orders","Schema":"public","Alias":"orders","Startup Cost":0.0,"Total Cost":119121.6,"Plan Rows":3267375,"Plan Width":24,"Actual Startup Time":2.146,"Actual Total Time":560.441,"Actual Rows":3270391,"Actual Loops":1,"Output":["orders.o_entry_d","orders.o_c_id","orders.o_w_id","orders.o_d_id","orders.o_id"],"Filter":"(orders.o_entry_d > '1995-03-08 20:10:02.27764'::timestamp without time zone)","Rows Removed by Filter":2729609,"Shared Hit Blocks":44122,"Shared Read Blocks":0,"Shared Dirtied Blocks":0,"Shared Written Blocks":0,"Local Hit Blocks":0,"Local Read Blocks":0,"Local Dirtied Blocks":0,"Local Written Blocks":0,"Temp Read Blocks":0,"Temp Written Blocks":0,"I/O Read Time":0.0,"I/O Write Time":0.0,"Temp I/O Read Time":0.0,"Temp I/O Write Time":0.0},{"Node Type":"Hash","Parent Relationship":"Inner","Parallel Aware":false,"Async Capable":false,"Startup Cost":92083.47,"Total Cost":92083.47,"Plan Rows":212926,"Plan Width":8,"Actual Startup Time":95.462,"Actual Total Time":95.469,"Actual Rows":193566,"Actual Loops":1,"Output":["customer.c_id","customer.c_w_id","customer.c_d_id"],"Hash Buckets":262144,"Original Hash Buckets":262144,"Hash Batches":2,"Original Hash Batches":2,"Peak Memory Usage":5832,"Shared Hit Blocks":0,"Shared Read Blocks":0,"Shared Dirtied Blocks":0,"Shared Written Blocks":0,"Local Hit Blocks":0,"Local Read Blocks":0,"Local Dirtied Blocks":0,"Local Written Blocks":0,"Temp Read Blocks":0,"Temp Written Blocks":330,"I/O Read Time":0.0,"I/O Write Time":0.0,"Temp I/O Read Time":0.0,"Temp I/O Write Time":1.439,"Plans":[{"Node Type":"Append","Parent Relationship":"Outer","Parallel Aware":false,"Async Capable":false,"Startup Cost":20.0,"Total Cost":92083.47,"Plan Rows":212926,"Plan Width":8,"Actual Startup Time":0.123,"Actual Total Time":61.964,"Actual Rows":193566,"Actual Loops":1,"Shared Hit Blocks":0,"Shared Read Blocks":0,"Shared Dirtied Blocks":0,"Shared Written Blocks":0,"Local Hit Blocks":0,"Local Read Blocks":0,"Local Dirtied Blocks":0,"Local Written Blocks":0,"Temp Read Blocks":0,"Temp Written Blocks":0,"I/O Read Time":0.0,"I/O Write Time":0.0,"Temp I/O Read Time":0.0,"Temp I/O Write Time":0.0,"Subplans Removed":0,"Plans":[{"Node Type":"Custom Scan","Parent Relationship":"Member","Custom Plan Provider":"columnar scan","Parallel Aware":false,"Async Capable":false,"Relation Name":"customer","Schema":"public","Alias":"customer","Startup Cost":20.0,"Total Cost":4598.42,"Plan Rows":212921,"Plan Width":8,"Actual Startup Time":0.121,"Actual Total Time":48.289,"Actual Rows":193566,"Actual Loops":1,"Output":["customer.c_id","customer.c_w_id","customer.c_d_id"],"Filter":"(customer.c_state ~~ 'A%'::text)","Rows Removed by Filter":0,"Rows Removed by Columnar Filter":5806434,"Columnar cache search mode":"native","Shared Hit Blocks":0,"Shared Read Blocks":0,"Shared Dirtied Blocks":0,"Shared Written Blocks":0,"Local Hit Blocks":0,"Local Read Blocks":0,"Local Dirtied Blocks":0,"Local Written Blocks":0,"Temp Read Blocks":0,"Temp Written Blocks":0,"I/O Read Time":0.0,"I/O Write Time":0.0,"Temp I/O Read Time":0.0,"Temp I/O Write Time":0.0},{"Node Type":"Seq Scan","Parent Relationship":"Member","Parallel Aware":false,"Async Capable":false,"Relation Name":"customer","Schema":"public","Alias":"customer","Startup Cost":0.0,"Total Cost":5.75,"Plan Rows":5,"Plan Width":8,"Actual Startup Time":0.0,"Actual Total Time":0.0,"Actual Rows":0,"Actual Loops":0,"Output":["customer.c_id","customer.c_w_id","customer.c_d_id"],"Filter":"(customer.c_state ~~ 'A%'::text)","Rows Removed by Filter":0,"Shared Hit Blocks":0,"Shared Read Blocks":0,"Shared Dirtied Blocks":0,"Shared Written Blocks":0,"Local Hit Blocks":0,"Local Read Blocks":0,"Local Dirtied Blocks":0,"Local Written Blocks":0,"Temp Read Blocks":0,"Temp Written Blocks":0,"I/O Read Time":0.0,"I/O Write Time":0.0,"Temp I/O Read Time":0.0,"Temp I/O Write Time":0.0}]}]}]},{"Node Type":"Hash","Parent Relationship":"Inner","Parallel Aware":false,"Async Capable":false,"Startup Cost":27732.0,"Total Cost":27732.0,"Plan Rows":1800000,"Plan Width":12,"Actual Startup Time":456.61,"Actual Total Time":456.611,"Actual Rows":1800000,"Actual Loops":1,"Output":["new_orders.no_w_id","new_orders.no_d_id","new_orders.no_o_id"],"Hash Buckets":262144,"Original Hash Buckets":262144,"Hash Batches":16,"Original Hash Batches":16,"Peak Memory Usage":7316,"Shared Hit Blocks":9732,"Shared Read Blocks":0,"Shared Dirtied Blocks":0,"Shared Written Blocks":0,"Local Hit Blocks":0,"Local Read Blocks":0,"Local Dirtied Blocks":0,"Local Written Blocks":0,"Temp Read Blocks":0,"Temp Written Blocks":7409,"I/O Read Time":0.0,"I/O Write Time":0.0,"Temp I/O Read Time":0.0,"Temp I/O Write Time":31.709,"Plans":[{"Node Type":"Seq Scan","Parent Relationship":"Outer","Parallel Aware":false,"Async Capable":false,"Relation Name":"new_orders","Schema":"public","Alias":"new_orders","Startup Cost":0.0,"Total Cost":27732.0,"Plan Rows":1800000,"Plan Width":12,"Actual Startup Time":0.014,"Actual Total Time":170.182,"Actual Rows":1800000,"Actual Loops":1,"Output":["new_orders.no_w_id","new_orders.no_d_id","new_orders.no_o_id"],"Shared Hit Blocks":9732,"Shared Read Blocks":0,"Shared Dirtied Blocks":0,"Shared Written Blocks":0,"Local Hit Blocks":0,"Local Read Blocks":0,"Local Dirtied Blocks":0,"Local Written Blocks":0,"Temp Read Blocks":0,"Temp Written Blocks":0,"I/O Read Time":0.0,"I/O Write Time":0.0,"Temp I/O Read Time":0.0,"Temp I/O Write Time":0.0}]}]},{"Node Type":"Index Scan","Parent Relationship":"Inner","Parallel Aware":false,"Async Capable":false,"Scan Direction":"Forward","Index Name":"order_line_pk","Relation Name":"order_line","Schema":"public","Alias":"order_line","Startup Cost":0.56,"Total Cost":29.4,"Plan Rows":10,"Plan Width":16,"Actual Startup Time":0.005,"Actual Total Time":0.007,"Actual Rows":10,"Actual Loops":57989,"Output":["order_line.ol_o_id","order_line.ol_d_id","order_line.ol_w_id","order_line.ol_number","order_line.ol_i_id","order_line.ol_supply_w_id","order_line.ol_delivery_d","order_line.ol_quantity","order_line.ol_amount","order_line.ol_dist_info"],"Index Cond":"((order_line.ol_w_id = orders.o_w_id) AND (order_line.ol_d_id = orders.o_d_id) AND (order_line.ol_o_id = orders.o_id))","Rows Removed by Index Recheck":0,"Shared Hit Blocks":298417,"Shared Read Blocks":0,"Shared Dirtied Blocks":0,"Shared Written Blocks":0,"Local Hit Blocks":0,"Local Read Blocks":0,"Local Dirtied Blocks":0,"Local Written Blocks":0,"Temp Read Blocks":0,"Temp Written Blocks":0,"I/O Read Time":0.0,"I/O Write Time":0.0,"Temp I/O Read Time":0.0,"Temp I/O Write Time":0.0}]}]}]}]}]},"Planning":{"Shared Hit Blocks":153,"Shared Read Blocks":0,"Shared Dirtied Blocks":0,"Shared Written Blocks":0,"Local Hit Blocks":0,"Local Read Blocks":0,"Local Dirtied Blocks":0,"Local Written Blocks":0,"Temp Read Blocks":0,"Temp Written Blocks":0,"I/O Read Time":0.0,"I/O Write Time":0.0,"Temp I/O Read Time":0.0,"Temp I/O Write Time":0.0},"Planning Time":2.829,"Triggers":[],"Execution Time":2862.989}]
[列存组合]: customer, order_line, orders
[{"Plan":{"Node Type":"Limit","Parallel Aware":false,"Async Capable":false,"Startup Cost":1456171.31,"Total Cost":1456173.81,"Plan Rows":1000,"Plan Width":52,"Actual Startup Time":2833.458,"Actual Total Time":2833.578,"Actual Rows":1000,"Actual Loops":1,"Output":["order_line.ol_o_id","order_line.ol_w_id","order_line.ol_d_id","(sum(order_line.ol_amount))","orders.o_entry_d"],"Shared Hit Blocks":352271,"Shared Read Blocks":0,"Shared Dirtied Blocks":0,"Shared Written Blocks":0,"Local Hit Blocks":0,"Local Read Blocks":0,"Local Dirtied Blocks":0,"Local Written Blocks":0,"Temp Read Blocks":20090,"Temp Written Blocks":20103,"I/O Read Time":0.0,"I/O Write Time":0.0,"Temp I/O Read Time":28.746,"Temp I/O Write Time":82.1,"Plans":[{"Node Type":"Sort","Parent Relationship":"Outer","Parallel Aware":false,"Async Capable":false,"Startup Cost":1456171.31,"Total Cost":1457040.82,"Plan Rows":347806,"Plan Width":52,"Actual Startup Time":2833.456,"Actual Total Time":2833.51,"Actual Rows":1000,"Actual Loops":1,"Output":["order_line.ol_o_id","order_line.ol_w_id","order_line.ol_d_id","(sum(order_line.ol_amount))","orders.o_entry_d"],"Sort Key":["(sum(order_line.ol_amount)) DESC","orders.o_entry_d"],"Sort Method":"top-N heapsort","Sort Space Used":181,"Sort Space Type":"Memory","Shared Hit Blocks":352271,"Shared Read Blocks":0,"Shared Dirtied Blocks":0,"Shared Written Blocks":0,"Local Hit Blocks":0,"Local Read Blocks":0,"Local Dirtied Blocks":0,"Local Written Blocks":0,"Temp Read Blocks":20090,"Temp Written Blocks":20103,"I/O Read Time":0.0,"I/O Write Time":0.0,"Temp I/O Read Time":28.746,"Temp I/O Write Time":82.1,"Plans":[{"Node Type":"Aggregate","Strategy":"Sorted","Partial Mode":"Simple","Parent Relationship":"Outer","Parallel Aware":false,"Async Capable":false,"Startup Cost":1427536.82,"Total Cost":1437101.48,"Plan Rows":347806,"Plan Width":52,"Actual Startup Time":2634.785,"Actual Total Time":2818.628,"Actual Rows":57989,"Actual Loops":1,"Output":["order_line.ol_o_id","order_line.ol_w_id","order_line.ol_d_id","sum(order_line.ol_amount)","orders.o_entry_d"],"Group Key":["order_line.ol_o_id","order_line.ol_w_id","order_line.ol_d_id","orders.o_entry_d"],"Shared Hit Blocks":352271,"Shared Read Blocks":0,"Shared Dirtied Blocks":0,"Shared Written Blocks":0,"Local Hit Blocks":0,"Local Read Blocks":0,"Local Dirtied Blocks":0,"Local Written Blocks":0,"Temp Read Blocks":20090,"Temp Written Blocks":20103,"I/O Read Time":0.0,"I/O Write Time":0.0,"Temp I/O Read Time":28.746,"Temp I/O Write Time":82.1,"Plans":[{"Node Type":"Sort","Parent Relationship":"Outer","Parallel Aware":false,"Async Capable":false,"Startup Cost":1427536.82,"Total Cost":1428406.33,"Plan Rows":347806,"Plan Width":24,"Actual Startup Time":2634.762,"Actual Total Time":2703.98,"Actual Rows":580686,"Actual Loops":1,"Output":["order_line.ol_o_id","order_line.ol_w_id","order_line.ol_d_id","orders.o_entry_d","order_line.ol_amount"],"Sort Key":["order_line.ol_o_id","order_line.ol_w_id","order_line.ol_d_id","orders.o_entry_d"],"Sort Method":"external merge","Sort Space Used":23344,"Sort Space Type":"Disk","Shared Hit Blocks":352271,"Shared Read Blocks":0,"Shared Dirtied Blocks":0,"Shared Written Blocks":0,"Local Hit Blocks":0,"Local Read Blocks":0,"Local Dirtied Blocks":0,"Local Written Blocks":0,"Temp Read Blocks":20090,"Temp Written Blocks":20103,"I/O Read Time":0.0,"I/O Write Time":0.0,"Temp I/O Read Time":28.746,"Temp I/O Write Time":82.1,"Plans":[{"Node Type":"Nested Loop","Parent Relationship":"Outer","Parallel Aware":false,"Async Capable":false,"Join Type":"Inner","Startup Cost":164664.24,"Total Cost":1388391.89,"Plan Rows":347806,"Plan Width":24,"Actual Startup Time":559.423,"Actual Total Time":2464.633,"Actual Rows":580686,"Actual Loops":1,"Output":["order_line.ol_o_id","order_line.ol_w_id","order_line.ol_d_id","orders.o_entry_d","order_line.ol_amount"],"Inner Unique":false,"Join Filter":"((customer.c_w_id = order_line.ol_w_id) AND (customer.c_d_id = order_line.ol_d_id) AND (new_orders.no_o_id = order_line.ol_o_id))","Rows Removed by Join Filter":0,"Shared Hit Blocks":352271,"Shared Read Blocks":0,"Shared Dirtied Blocks":0,"Shared Written Blocks":0,"Local Hit Blocks":0,"Local Read Blocks":0,"Local Dirtied Blocks":0,"Local Written Blocks":0,"Temp Read Blocks":17172,"Temp Written Blocks":17172,"I/O Read Time":0.0,"I/O Write Time":0.0,"Temp I/O Read Time":24.854,"Temp I/O Write Time":71.438,"Plans":[{"Node Type":"Hash Join","Parent Relationship":"Outer","Parallel Aware":false,"Async Capable":false,"Join Type":"Inner","Startup Cost":164663.68,"Total Cost":359700.97,"Plan Rows":34784,"Plan Width":36,"Actual Startup Time":559.393,"Actual Total Time":1957.94,"Actual Rows":57989,"Actual Loops":1,"Output":["customer.c_w_id","customer.c_d_id","new_orders.no_w_id","new_orders.no_d_id","new_orders.no_o_id","orders.o_entry_d","orders.o_w_id","orders.o_d_id","orders.o_id"],"Inner Unique":true,"Hash Cond":"((customer.c_w_id = new_orders.no_w_id) AND (customer.c_d_id = new_orders.no_d_id) AND (orders.o_id = new_orders.no_o_id))","Shared Hit Blocks":53854,"Shared Read Blocks":0,"Shared Dirtied Blocks":0,"Shared Written Blocks":0,"Local Hit Blocks":0,"Local Read Blocks":0,"Local Dirtied Blocks":0,"Local Written Blocks":0,"Temp Read Blocks":17172,"Temp Written Blocks":17172,"I/O Read Time":0.0,"I/O Write Time":0.0,"Temp I/O Read Time":24.854,"Temp I/O Write Time":71.438,"Plans":[{"Node Type":"Hash Join","Parent Relationship":"Outer","Parallel Aware":false,"Async Capable":false,"Join Type":"Inner","Startup Cost":96641.68,"Total Cost":280615.87,"Plan Rows":115949,"Plan Width":24,"Actual Startup Time":97.797,"Actual Total Time":1343.04,"Actual Rows":105594,"Actual Loops":1,"Output":["customer.c_w_id","customer.c_d_id","orders.o_entry_d","orders.o_w_id","orders.o_d_id","orders.o_id"],"Inner Unique":true,"Hash Cond":"((orders.o_c_id = customer.c_id) AND (orders.o_w_id = customer.c_w_id) AND (orders.o_d_id = customer.c_d_id))","Shared Hit Blocks":44122,"Shared Read Blocks":0,"Shared Dirtied Blocks":0,"Shared Written Blocks":0,"Local Hit Blocks":0,"Local Read Blocks":0,"Local Dirtied Blocks":0,"Local Written Blocks":0,"Temp Read Blocks":9112,"Temp Written Blocks":9112,"I/O Read Time":0.0,"I/O Write Time":0.0,"Temp I/O Read Time":13.037,"Temp I/O Write Time":36.347,"Plans":[{"Node Type":"Seq Scan","Parent Relationship":"Outer","Parallel Aware":false,"Async Capable":false,"Relation Name":"orders","Schema":"public","Alias":"orders","Startup Cost":0.0,"Total Cost":119121.6,"Plan Rows":3267375,"Plan Width":24,"Actual Startup Time":2.115,"Actual Total Time":559.616,"Actual Rows":3270391,"Actual Loops":1,"Output":["orders.o_entry_d","orders.o_c_id","orders.o_w_id","orders.o_d_id","orders.o_id"],"Filter":"(orders.o_entry_d > '1995-03-08 20:10:02.27764'::timestamp without time zone)","Rows Removed by Filter":2729609,"Shared Hit Blocks":44122,"Shared Read Blocks":0,"Shared Dirtied Blocks":0,"Shared Written Blocks":0,"Local Hit Blocks":0,"Local Read Blocks":0,"Local Dirtied Blocks":0,"Local Written Blocks":0,"Temp Read Blocks":0,"Temp Written Blocks":0,"I/O Read Time":0.0,"I/O Write Time":0.0,"Temp I/O Read Time":0.0,"Temp I/O Write Time":0.0},{"Node Type":"Hash","Parent Relationship":"Inner","Parallel Aware":false,"Async Capable":false,"Startup Cost":92083.47,"Total Cost":92083.47,"Plan Rows":212926,"Plan Width":8,"Actual Startup Time":94.897,"Actual Total Time":94.905,"Actual Rows":193566,"Actual Loops":1,"Output":["customer.c_id","customer.c_w_id","customer.c_d_id"],"Hash Buckets":262144,"Original Hash Buckets":262144,"Hash Batches":2,"Original Hash Batches":2,"Peak Memory Usage":5832,"Shared Hit Blocks":0,"Shared Read Blocks":0,"Shared Dirtied Blocks":0,"Shared Written Blocks":0,"Local Hit Blocks":0,"Local Read Blocks":0,"Local Dirtied Blocks":0,"Local Written Blocks":0,"Temp Read Blocks":0,"Temp Written Blocks":330,"I/O Read Time":0.0,"I/O Write Time":0.0,"Temp I/O Read Time":0.0,"Temp I/O Write Time":1.43,"Plans":[{"Node Type":"Append","Parent Relationship":"Outer","Parallel Aware":false,"Async Capable":false,"Startup Cost":20.0,"Total Cost":92083.47,"Plan Rows":212926,"Plan Width":8,"Actual Startup Time":0.1,"Actual Total Time":61.629,"Actual Rows":193566,"Actual Loops":1,"Shared Hit Blocks":0,"Shared Read Blocks":0,"Shared Dirtied Blocks":0,"Shared Written Blocks":0,"Local Hit Blocks":0,"Local Read Blocks":0,"Local Dirtied Blocks":0,"Local Written Blocks":0,"Temp Read Blocks":0,"Temp Written Blocks":0,"I/O Read Time":0.0,"I/O Write Time":0.0,"Temp I/O Read Time":0.0,"Temp I/O Write Time":0.0,"Subplans Removed":0,"Plans":[{"Node Type":"Custom Scan","Parent Relationship":"Member","Custom Plan Provider":"columnar scan","Parallel Aware":false,"Async Capable":false,"Relation Name":"customer","Schema":"public","Alias":"customer","Startup Cost":20.0,"Total Cost":4598.42,"Plan Rows":212921,"Plan Width":8,"Actual Startup Time":0.098,"Actual Total Time":47.997,"Actual Rows":193566,"Actual Loops":1,"Output":["customer.c_id","customer.c_w_id","customer.c_d_id"],"Filter":"(customer.c_state ~~ 'A%'::text)","Rows Removed by Filter":0,"Rows Removed by Columnar Filter":5806434,"Columnar cache search mode":"native","Shared Hit Blocks":0,"Shared Read Blocks":0,"Shared Dirtied Blocks":0,"Shared Written Blocks":0,"Local Hit Blocks":0,"Local Read Blocks":0,"Local Dirtied Blocks":0,"Local Written Blocks":0,"Temp Read Blocks":0,"Temp Written Blocks":0,"I/O Read Time":0.0,"I/O Write Time":0.0,"Temp I/O Read Time":0.0,"Temp I/O Write Time":0.0},{"Node Type":"Seq Scan","Parent Relationship":"Member","Parallel Aware":false,"Async Capable":false,"Relation Name":"customer","Schema":"public","Alias":"customer","Startup Cost":0.0,"Total Cost":5.75,"Plan Rows":5,"Plan Width":8,"Actual Startup Time":0.0,"Actual Total Time":0.0,"Actual Rows":0,"Actual Loops":0,"Output":["customer.c_id","customer.c_w_id","customer.c_d_id"],"Filter":"(customer.c_state ~~ 'A%'::text)","Rows Removed by Filter":0,"Shared Hit Blocks":0,"Shared Read Blocks":0,"Shared Dirtied Blocks":0,"Shared Written Blocks":0,"Local Hit Blocks":0,"Local Read Blocks":0,"Local Dirtied Blocks":0,"Local Written Blocks":0,"Temp Read Blocks":0,"Temp Written Blocks":0,"I/O Read Time":0.0,"I/O Write Time":0.0,"Temp I/O Read Time":0.0,"Temp I/O Write Time":0.0}]}]}]},{"Node Type":"Hash","Parent Relationship":"Inner","Parallel Aware":false,"Async Capable":false,"Startup Cost":27732.0,"Total Cost":27732.0,"Plan Rows":1800000,"Plan Width":12,"Actual Startup Time":455.017,"Actual Total Time":455.018,"Actual Rows":1800000,"Actual Loops":1,"Output":["new_orders.no_w_id","new_orders.no_d_id","new_orders.no_o_id"],"Hash Buckets":262144,"Original Hash Buckets":262144,"Hash Batches":16,"Original Hash Batches":16,"Peak Memory Usage":7316,"Shared Hit Blocks":9732,"Shared Read Blocks":0,"Shared Dirtied Blocks":0,"Shared Written Blocks":0,"Local Hit Blocks":0,"Local Read Blocks":0,"Local Dirtied Blocks":0,"Local Written Blocks":0,"Temp Read Blocks":0,"Temp Written Blocks":7409,"I/O Read Time":0.0,"I/O Write Time":0.0,"Temp I/O Read Time":0.0,"Temp I/O Write Time":31.548,"Plans":[{"Node Type":"Seq Scan","Parent Relationship":"Outer","Parallel Aware":false,"Async Capable":false,"Relation Name":"new_orders","Schema":"public","Alias":"new_orders","Startup Cost":0.0,"Total Cost":27732.0,"Plan Rows":1800000,"Plan Width":12,"Actual Startup Time":0.013,"Actual Total Time":169.323,"Actual Rows":1800000,"Actual Loops":1,"Output":["new_orders.no_w_id","new_orders.no_d_id","new_orders.no_o_id"],"Shared Hit Blocks":9732,"Shared Read Blocks":0,"Shared Dirtied Blocks":0,"Shared Written Blocks":0,"Local Hit Blocks":0,"Local Read Blocks":0,"Local Dirtied Blocks":0,"Local Written Blocks":0,"Temp Read Blocks":0,"Temp Written Blocks":0,"I/O Read Time":0.0,"I/O Write Time":0.0,"Temp I/O Read Time":0.0,"Temp I/O Write Time":0.0}]}]},{"Node Type":"Index Scan","Parent Relationship":"Inner","Parallel Aware":false,"Async Capable":false,"Scan Direction":"Forward","Index Name":"order_line_pk","Relation Name":"order_line","Schema":"public","Alias":"order_line","Startup Cost":0.56,"Total Cost":29.4,"Plan Rows":10,"Plan Width":16,"Actual Startup Time":0.005,"Actual Total Time":0.007,"Actual Rows":10,"Actual Loops":57989,"Output":["order_line.ol_o_id","order_line.ol_d_id","order_line.ol_w_id","order_line.ol_number","order_line.ol_i_id","order_line.ol_supply_w_id","order_line.ol_delivery_d","order_line.ol_quantity","order_line.ol_amount","order_line.ol_dist_info"],"Index Cond":"((order_line.ol_w_id = orders.o_w_id) AND (order_line.ol_d_id = orders.o_d_id) AND (order_line.ol_o_id = orders.o_id))","Rows Removed by Index Recheck":0,"Shared Hit Blocks":298417,"Shared Read Blocks":0,"Shared Dirtied Blocks":0,"Shared Written Blocks":0,"Local Hit Blocks":0,"Local Read Blocks":0,"Local Dirtied Blocks":0,"Local Written Blocks":0,"Temp Read Blocks":0,"Temp Written Blocks":0,"I/O Read Time":0.0,"I/O Write Time":0.0,"Temp I/O Read Time":0.0,"Temp I/O Write Time":0.0}]}]}]}]}]},"Planning":{"Shared Hit Blocks":153,"Shared Read Blocks":0,"Shared Dirtied Blocks":0,"Shared Written Blocks":0,"Local Hit Blocks":0,"Local Read Blocks":0,"Local Dirtied Blocks":0,"Local Written Blocks":0,"Temp Read Blocks":0,"Temp Written Blocks":0,"I/O Read Time":0.0,"I/O Write Time":0.0,"Temp I/O Read Time":0.0,"Temp I/O Write Time":0.0},"Planning Time":2.989,"Triggers":[],"Execution Time":2841.696}]
[列存组合]: new_orders, order_line, orders
[{"Plan":{"Node Type":"Limit","Parallel Aware":false,"Async Capable":false,"Startup Cost":1899079.59,"Total Cost":1899082.09,"Plan Rows":1000,"Plan Width":52,"Actual Startup Time":4887.08,"Actual Total Time":4887.203,"Actual Rows":1000,"Actual Loops":1,"Output":["order_line.ol_o_id","order_line.ol_w_id","order_line.ol_d_id","(sum(order_line.ol_amount))","orders.o_entry_d"],"Shared Hit Blocks":812261,"Shared Read Blocks":0,"Shared Dirtied Blocks":0,"Shared Written Blocks":0,"Local Hit Blocks":0,"Local Read Blocks":0,"Local Dirtied Blocks":0,"Local Written Blocks":0,"Temp Read Blocks":20090,"Temp Written Blocks":20103,"I/O Read Time":0.0,"I/O Write Time":0.0,"Temp I/O Read Time":28.888,"Temp I/O Write Time":83.732,"Plans":[{"Node Type":"Sort","Parent Relationship":"Outer","Parallel Aware":false,"Async Capable":false,"Startup Cost":1899079.59,"Total Cost":1899949.1,"Plan Rows":347806,"Plan Width":52,"Actual Startup Time":4887.078,"Actual Total Time":4887.134,"Actual Rows":1000,"Actual Loops":1,"Output":["order_line.ol_o_id","order_line.ol_w_id","order_line.ol_d_id","(sum(order_line.ol_amount))","orders.o_entry_d"],"Sort Key":["(sum(order_line.ol_amount)) DESC","orders.o_entry_d"],"Sort Method":"top-N heapsort","Sort Space Used":181,"Sort Space Type":"Memory","Shared Hit Blocks":812261,"Shared Read Blocks":0,"Shared Dirtied Blocks":0,"Shared Written Blocks":0,"Local Hit Blocks":0,"Local Read Blocks":0,"Local Dirtied Blocks":0,"Local Written Blocks":0,"Temp Read Blocks":20090,"Temp Written Blocks":20103,"I/O Read Time":0.0,"I/O Write Time":0.0,"Temp I/O Read Time":28.888,"Temp I/O Write Time":83.732,"Plans":[{"Node Type":"Aggregate","Strategy":"Sorted","Partial Mode":"Simple","Parent Relationship":"Outer","Parallel Aware":false,"Async Capable":false,"Startup Cost":1870445.09,"Total Cost":1880009.76,"Plan Rows":347806,"Plan Width":52,"Actual Startup Time":4688.089,"Actual Total Time":4872.281,"Actual Rows":57989,"Actual Loops":1,"Output":["order_line.ol_o_id","order_line.ol_w_id","order_line.ol_d_id","sum(order_line.ol_amount)","orders.o_entry_d"],"Group Key":["order_line.ol_o_id","order_line.ol_w_id","order_line.ol_d_id","orders.o_entry_d"],"Shared Hit Blocks":812261,"Shared Read Blocks":0,"Shared Dirtied Blocks":0,"Shared Written Blocks":0,"Local Hit Blocks":0,"Local Read Blocks":0,"Local Dirtied Blocks":0,"Local Written Blocks":0,"Temp Read Blocks":20090,"Temp Written Blocks":20103,"I/O Read Time":0.0,"I/O Write Time":0.0,"Temp I/O Read Time":28.888,"Temp I/O Write Time":83.732,"Plans":[{"Node Type":"Sort","Parent Relationship":"Outer","Parallel Aware":false,"Async Capable":false,"Startup Cost":1870445.09,"Total Cost":1871314.61,"Plan Rows":347806,"Plan Width":24,"Actual Startup Time":4688.066,"Actual Total Time":4757.592,"Actual Rows":580686,"Actual Loops":1,"Output":["order_line.ol_o_id","order_line.ol_w_id","order_line.ol_d_id","orders.o_entry_d","order_line.ol_amount"],"Sort Key":["order_line.ol_o_id","order_line.ol_w_id","order_line.ol_d_id","orders.o_entry_d"],"Sort Method":"external merge","Sort Space Used":23344,"Sort Space Type":"Disk","Shared Hit Blocks":812261,"Shared Read Blocks":0,"Shared Dirtied Blocks":0,"Shared Written Blocks":0,"Local Hit Blocks":0,"Local Read Blocks":0,"Local Dirtied Blocks":0,"Local Written Blocks":0,"Temp Read Blocks":20090,"Temp Written Blocks":20103,"I/O Read Time":0.0,"I/O Write Time":0.0,"Temp I/O Read Time":28.888,"Temp I/O Write Time":83.732,"Plans":[{"Node Type":"Nested Loop","Parent Relationship":"Outer","Parallel Aware":false,"Async Capable":false,"Join Type":"Inner","Startup Cost":607572.52,"Total Cost":1831300.16,"Plan Rows":347806,"Plan Width":24,"Actual Startup Time":2606.233,"Actual Total Time":4518.575,"Actual Rows":580686,"Actual Loops":1,"Output":["order_line.ol_o_id","order_line.ol_w_id","order_line.ol_d_id","orders.o_entry_d","order_line.ol_amount"],"Inner Unique":false,"Join Filter":"((customer.c_w_id = order_line.ol_w_id) AND (customer.c_d_id = order_line.ol_d_id) AND (new_orders.no_o_id = order_line.ol_o_id))","Rows Removed by Join Filter":0,"Shared Hit Blocks":812261,"Shared Read Blocks":0,"Shared Dirtied Blocks":0,"Shared Written Blocks":0,"Local Hit Blocks":0,"Local Read Blocks":0,"Local Dirtied Blocks":0,"Local Written Blocks":0,"Temp Read Blocks":17172,"Temp Written Blocks":17172,"I/O Read Time":0.0,"I/O Write Time":0.0,"Temp I/O Read Time":25.005,"Temp I/O Write Time":73.106,"Plans":[{"Node Type":"Hash Join","Parent Relationship":"Outer","Parallel Aware":false,"Async Capable":false,"Join Type":"Inner","Startup Cost":607571.95,"Total Cost":802609.24,"Plan Rows":34784,"Plan Width":36,"Actual Startup Time":2606.187,"Actual Total Time":4013.455,"Actual Rows":57989,"Actual Loops":1,"Output":["customer.c_w_id","customer.c_d_id","new_orders.no_w_id","new_orders.no_d_id","new_orders.no_o_id","orders.o_entry_d","orders.o_w_id","orders.o_d_id","orders.o_id"],"Inner Unique":true,"Hash Cond":"((customer.c_w_id = new_orders.no_w_id) AND (customer.c_d_id = new_orders.no_d_id) AND (orders.o_id = new_orders.no_o_id))","Shared Hit Blocks":513844,"Shared Read Blocks":0,"Shared Dirtied Blocks":0,"Shared Written Blocks":0,"Local Hit Blocks":0,"Local Read Blocks":0,"Local Dirtied Blocks":0,"Local Written Blocks":0,"Temp Read Blocks":17172,"Temp Written Blocks":17172,"I/O Read Time":0.0,"I/O Write Time":0.0,"Temp I/O Read Time":25.005,"Temp I/O Write Time":73.106,"Plans":[{"Node Type":"Hash Join","Parent Relationship":"Outer","Parallel Aware":false,"Async Capable":false,"Join Type":"Inner","Startup Cost":539549.95,"Total Cost":723524.15,"Plan Rows":115949,"Plan Width":24,"Actual Startup Time":2137.366,"Actual Total Time":3390.28,"Actual Rows":105594,"Actual Loops":1,"Output":["customer.c_w_id","customer.c_d_id","orders.o_entry_d","orders.o_w_id","orders.o_d_id","orders.o_id"],"Inner Unique":true,"Hash Cond":"((orders.o_c_id = customer.c_id) AND (orders.o_w_id = customer.c_w_id) AND (orders.o_d_id = customer.c_d_id))","Shared Hit Blocks":504112,"Shared Read Blocks":0,"Shared Dirtied Blocks":0,"Shared Written Blocks":0,"Local Hit Blocks":0,"Local Read Blocks":0,"Local Dirtied Blocks":0,"Local Written Blocks":0,"Temp Read Blocks":9112,"Temp Written Blocks":9112,"I/O Read Time":0.0,"I/O Write Time":0.0,"Temp I/O Read Time":13.137,"Temp I/O Write Time":37.895,"Plans":[{"Node Type":"Seq Scan","Parent Relationship":"Outer","Parallel Aware":false,"Async Capable":false,"Relation Name":"orders","Schema":"public","Alias":"orders","Startup Cost":0.0,"Total Cost":119121.6,"Plan Rows":3267375,"Plan Width":24,"Actual Startup Time":2.124,"Actual Total Time":559.824,"Actual Rows":3270391,"Actual Loops":1,"Output":["orders.o_entry_d","orders.o_c_id","orders.o_w_id","orders.o_d_id","orders.o_id"],"Filter":"(orders.o_entry_d > '1995-03-08 20:10:02.27764'::timestamp without time zone)","Rows Removed by Filter":2729609,"Shared Hit Blocks":44122,"Shared Read Blocks":0,"Shared Dirtied Blocks":0,"Shared Written Blocks":0,"Local Hit Blocks":0,"Local Read Blocks":0,"Local Dirtied Blocks":0,"Local Written Blocks":0,"Temp Read Blocks":0,"Temp Written Blocks":0,"I/O Read Time":0.0,"I/O Write Time":0.0,"Temp I/O Read Time":0.0,"Temp I/O Write Time":0.0},{"Node Type":"Hash","Parent Relationship":"Inner","Parallel Aware":false,"Async Capable":false,"Startup Cost":534991.75,"Total Cost":534991.75,"Plan Rows":212926,"Plan Width":8,"Actual Startup Time":2134.429,"Actual Total Time":2134.433,"Actual Rows":193566,"Actual Loops":1,"Output":["customer.c_id","customer.c_w_id","customer.c_d_id"],"Hash Buckets":262144,"Original Hash Buckets":262144,"Hash Batches":2,"Original Hash Batches":2,"Peak Memory Usage":5832,"Shared Hit Blocks":459990,"Shared Read Blocks":0,"Shared Dirtied Blocks":0,"Shared Written Blocks":0,"Local Hit Blocks":0,"Local Read Blocks":0,"Local Dirtied Blocks":0,"Local Written Blocks":0,"Temp Read Blocks":0,"Temp Written Blocks":330,"I/O Read Time":0.0,"I/O Write Time":0.0,"Temp I/O Read Time":0.0,"Temp I/O Write Time":2.606,"Plans":[{"Node Type":"Seq Scan","Parent Relationship":"Outer","Parallel Aware":false,"Async Capable":false,"Relation Name":"customer","Schema":"public","Alias":"customer","Startup Cost":0.0,"Total Cost":534991.75,"Plan Rows":212926,"Plan Width":8,"Actual Startup Time":0.023,"Actual Total Time":2088.354,"Actual Rows":193566,"Actual Loops":1,"Output":["customer.c_id","customer.c_w_id","customer.c_d_id"],"Filter":"(customer.c_state ~~ 'A%'::text)","Rows Removed by Filter":5806434,"Shared Hit Blocks":459990,"Shared Read Blocks":0,"Shared Dirtied Blocks":0,"Shared Written Blocks":0,"Local Hit Blocks":0,"Local Read Blocks":0,"Local Dirtied Blocks":0,"Local Written Blocks":0,"Temp Read Blocks":0,"Temp Written Blocks":0,"I/O Read Time":0.0,"I/O Write Time":0.0,"Temp I/O Read Time":0.0,"Temp I/O Write Time":0.0}]}]},{"Node Type":"Hash","Parent Relationship":"Inner","Parallel Aware":false,"Async Capable":false,"Startup Cost":27732.0,"Total Cost":27732.0,"Plan Rows":1800000,"Plan Width":12,"Actual Startup Time":461.285,"Actual Total Time":461.288,"Actual Rows":1800000,"Actual Loops":1,"Output":["new_orders.no_w_id","new_orders.no_d_id","new_orders.no_o_id"],"Hash Buckets":262144,"Original Hash Buckets":262144,"Hash Batches":16,"Original Hash Batches":16,"Peak Memory Usage":7316,"Shared Hit Blocks":9732,"Shared Read Blocks":0,"Shared Dirtied Blocks":0,"Shared Written Blocks":0,"Local Hit Blocks":0,"Local Read Blocks":0,"Local Dirtied Blocks":0,"Local Written Blocks":0,"Temp Read Blocks":0,"Temp Written Blocks":7409,"I/O Read Time":0.0,"I/O Write Time":0.0,"Temp I/O Read Time":0.0,"Temp I/O Write Time":31.55,"Plans":[{"Node Type":"Seq Scan","Parent Relationship":"Outer","Parallel Aware":false,"Async Capable":false,"Relation Name":"new_orders","Schema":"public","Alias":"new_orders","Startup Cost":0.0,"Total Cost":27732.0,"Plan Rows":1800000,"Plan Width":12,"Actual Startup Time":0.014,"Actual Total Time":174.891,"Actual Rows":1800000,"Actual Loops":1,"Output":["new_orders.no_w_id","new_orders.no_d_id","new_orders.no_o_id"],"Shared Hit Blocks":9732,"Shared Read Blocks":0,"Shared Dirtied Blocks":0,"Shared Written Blocks":0,"Local Hit Blocks":0,"Local Read Blocks":0,"Local Dirtied Blocks":0,"Local Written Blocks":0,"Temp Read Blocks":0,"Temp Written Blocks":0,"I/O Read Time":0.0,"I/O Write Time":0.0,"Temp I/O Read Time":0.0,"Temp I/O Write Time":0.0}]}]},{"Node Type":"Index Scan","Parent Relationship":"Inner","Parallel Aware":false,"Async Capable":false,"Scan Direction":"Forward","Index Name":"order_line_pk","Relation Name":"order_line","Schema":"public","Alias":"order_line","Startup Cost":0.56,"Total Cost":29.4,"Plan Rows":10,"Plan Width":16,"Actual Startup Time":0.005,"Actual Total Time":0.007,"Actual Rows":10,"Actual Loops":57989,"Output":["order_line.ol_o_id","order_line.ol_d_id","order_line.ol_w_id","order_line.ol_number","order_line.ol_i_id","order_line.ol_supply_w_id","order_line.ol_delivery_d","order_line.ol_quantity","order_line.ol_amount","order_line.ol_dist_info"],"Index Cond":"((order_line.ol_w_id = orders.o_w_id) AND (order_line.ol_d_id = orders.o_d_id) AND (order_line.ol_o_id = orders.o_id))","Rows Removed by Index Recheck":0,"Shared Hit Blocks":298417,"Shared Read Blocks":0,"Shared Dirtied Blocks":0,"Shared Written Blocks":0,"Local Hit Blocks":0,"Local Read Blocks":0,"Local Dirtied Blocks":0,"Local Written Blocks":0,"Temp Read Blocks":0,"Temp Written Blocks":0,"I/O Read Time":0.0,"I/O Write Time":0.0,"Temp I/O Read Time":0.0,"Temp I/O Write Time":0.0}]}]}]}]}]},"Planning":{"Shared Hit Blocks":153,"Shared Read Blocks":0,"Shared Dirtied Blocks":0,"Shared Written Blocks":0,"Local Hit Blocks":0,"Local Read Blocks":0,"Local Dirtied Blocks":0,"Local Written Blocks":0,"Temp Read Blocks":0,"Temp Written Blocks":0,"I/O Read Time":0.0,"I/O Write Time":0.0,"Temp I/O Read Time":0.0,"Temp I/O Write Time":0.0},"Planning Time":2.467,"Triggers":[],"Execution Time":4891.093}]
[列存组合]: customer, new_orders, order_line, orders
[{"Plan":{"Node Type":"Limit","Parallel Aware":false,"Async Capable":false,"Startup Cost":1456171.31,"Total Cost":1456173.81,"Plan Rows":1000,"Plan Width":52,"Actual Startup Time":2846.567,"Actual Total Time":2846.685,"Actual Rows":1000,"Actual Loops":1,"Output":["order_line.ol_o_id","order_line.ol_w_id","order_line.ol_d_id","(sum(order_line.ol_amount))","orders.o_entry_d"],"Shared Hit Blocks":352271,"Shared Read Blocks":0,"Shared Dirtied Blocks":0,"Shared Written Blocks":0,"Local Hit Blocks":0,"Local Read Blocks":0,"Local Dirtied Blocks":0,"Local Written Blocks":0,"Temp Read Blocks":20090,"Temp Written Blocks":20103,"I/O Read Time":0.0,"I/O Write Time":0.0,"Temp I/O Read Time":29.323,"Temp I/O Write Time":83.553,"Plans":[{"Node Type":"Sort","Parent Relationship":"Outer","Parallel Aware":false,"Async Capable":false,"Startup Cost":1456171.31,"Total Cost":1457040.82,"Plan Rows":347806,"Plan Width":52,"Actual Startup Time":2846.566,"Actual Total Time":2846.617,"Actual Rows":1000,"Actual Loops":1,"Output":["order_line.ol_o_id","order_line.ol_w_id","order_line.ol_d_id","(sum(order_line.ol_amount))","orders.o_entry_d"],"Sort Key":["(sum(order_line.ol_amount)) DESC","orders.o_entry_d"],"Sort Method":"top-N heapsort","Sort Space Used":181,"Sort Space Type":"Memory","Shared Hit Blocks":352271,"Shared Read Blocks":0,"Shared Dirtied Blocks":0,"Shared Written Blocks":0,"Local Hit Blocks":0,"Local Read Blocks":0,"Local Dirtied Blocks":0,"Local Written Blocks":0,"Temp Read Blocks":20090,"Temp Written Blocks":20103,"I/O Read Time":0.0,"I/O Write Time":0.0,"Temp I/O Read Time":29.323,"Temp I/O Write Time":83.553,"Plans":[{"Node Type":"Aggregate","Strategy":"Sorted","Partial Mode":"Simple","Parent Relationship":"Outer","Parallel Aware":false,"Async Capable":false,"Startup Cost":1427536.82,"Total Cost":1437101.48,"Plan Rows":347806,"Plan Width":52,"Actual Startup Time":2649.508,"Actual Total Time":2831.82,"Actual Rows":57989,"Actual Loops":1,"Output":["order_line.ol_o_id","order_line.ol_w_id","order_line.ol_d_id","sum(order_line.ol_amount)","orders.o_entry_d"],"Group Key":["order_line.ol_o_id","order_line.ol_w_id","order_line.ol_d_id","orders.o_entry_d"],"Shared Hit Blocks":352271,"Shared Read Blocks":0,"Shared Dirtied Blocks":0,"Shared Written Blocks":0,"Local Hit Blocks":0,"Local Read Blocks":0,"Local Dirtied Blocks":0,"Local Written Blocks":0,"Temp Read Blocks":20090,"Temp Written Blocks":20103,"I/O Read Time":0.0,"I/O Write Time":0.0,"Temp I/O Read Time":29.323,"Temp I/O Write Time":83.553,"Plans":[{"Node Type":"Sort","Parent Relationship":"Outer","Parallel Aware":false,"Async Capable":false,"Startup Cost":1427536.82,"Total Cost":1428406.33,"Plan Rows":347806,"Plan Width":24,"Actual Startup Time":2649.484,"Actual Total Time":2717.88,"Actual Rows":580686,"Actual Loops":1,"Output":["order_line.ol_o_id","order_line.ol_w_id","order_line.ol_d_id","orders.o_entry_d","order_line.ol_amount"],"Sort Key":["order_line.ol_o_id","order_line.ol_w_id","order_line.ol_d_id","orders.o_entry_d"],"Sort Method":"external merge","Sort Space Used":23344,"Sort Space Type":"Disk","Shared Hit Blocks":352271,"Shared Read Blocks":0,"Shared Dirtied Blocks":0,"Shared Written Blocks":0,"Local Hit Blocks":0,"Local Read Blocks":0,"Local Dirtied Blocks":0,"Local Written Blocks":0,"Temp Read Blocks":20090,"Temp Written Blocks":20103,"I/O Read Time":0.0,"I/O Write Time":0.0,"Temp I/O Read Time":29.323,"Temp I/O Write Time":83.553,"Plans":[{"Node Type":"Nested Loop","Parent Relationship":"Outer","Parallel Aware":false,"Async Capable":false,"Join Type":"Inner","Startup Cost":164664.24,"Total Cost":1388391.89,"Plan Rows":347806,"Plan Width":24,"Actual Startup Time":570.032,"Actual Total Time":2476.943,"Actual Rows":580686,"Actual Loops":1,"Output":["order_line.ol_o_id","order_line.ol_w_id","order_line.ol_d_id","orders.o_entry_d","order_line.ol_amount"],"Inner Unique":false,"Join Filter":"((customer.c_w_id = order_line.ol_w_id) AND (customer.c_d_id = order_line.ol_d_id) AND (new_orders.no_o_id = order_line.ol_o_id))","Rows Removed by Join Filter":0,"Shared Hit Blocks":352271,"Shared Read Blocks":0,"Shared Dirtied Blocks":0,"Shared Written Blocks":0,"Local Hit Blocks":0,"Local Read Blocks":0,"Local Dirtied Blocks":0,"Local Written Blocks":0,"Temp Read Blocks":17172,"Temp Written Blocks":17172,"I/O Read Time":0.0,"I/O Write Time":0.0,"Temp I/O Read Time":25.429,"Temp I/O Write Time":72.953,"Plans":[{"Node Type":"Hash Join","Parent Relationship":"Outer","Parallel Aware":false,"Async Capable":false,"Join Type":"Inner","Startup Cost":164663.68,"Total Cost":359700.97,"Plan Rows":34784,"Plan Width":36,"Actual Startup Time":569.983,"Actual Total Time":1970.93,"Actual Rows":57989,"Actual Loops":1,"Output":["customer.c_w_id","customer.c_d_id","new_orders.no_w_id","new_orders.no_d_id","new_orders.no_o_id","orders.o_entry_d","orders.o_w_id","orders.o_d_id","orders.o_id"],"Inner Unique":true,"Hash Cond":"((customer.c_w_id = new_orders.no_w_id) AND (customer.c_d_id = new_orders.no_d_id) AND (orders.o_id = new_orders.no_o_id))","Shared Hit Blocks":53854,"Shared Read Blocks":0,"Shared Dirtied Blocks":0,"Shared Written Blocks":0,"Local Hit Blocks":0,"Local Read Blocks":0,"Local Dirtied Blocks":0,"Local Written Blocks":0,"Temp Read Blocks":17172,"Temp Written Blocks":17172,"I/O Read Time":0.0,"I/O Write Time":0.0,"Temp I/O Read Time":25.429,"Temp I/O Write Time":72.953,"Plans":[{"Node Type":"Hash Join","Parent Relationship":"Outer","Parallel Aware":false,"Async Capable":false,"Join Type":"Inner","Startup Cost":96641.68,"Total Cost":280615.87,"Plan Rows":115949,"Plan Width":24,"Actual Startup Time":97.265,"Actual Total Time":1342.916,"Actual Rows":105594,"Actual Loops":1,"Output":["customer.c_w_id","customer.c_d_id","orders.o_entry_d","orders.o_w_id","orders.o_d_id","orders.o_id"],"Inner Unique":true,"Hash Cond":"((orders.o_c_id = customer.c_id) AND (orders.o_w_id = customer.c_w_id) AND (orders.o_d_id = customer.c_d_id))","Shared Hit Blocks":44122,"Shared Read Blocks":0,"Shared Dirtied Blocks":0,"Shared Written Blocks":0,"Local Hit Blocks":0,"Local Read Blocks":0,"Local Dirtied Blocks":0,"Local Written Blocks":0,"Temp Read Blocks":9112,"Temp Written Blocks":9112,"I/O Read Time":0.0,"I/O Write Time":0.0,"Temp I/O Read Time":13.509,"Temp I/O Write Time":37.24,"Plans":[{"Node Type":"Seq Scan","Parent Relationship":"Outer","Parallel Aware":false,"Async Capable":false,"Relation Name":"orders","Schema":"public","Alias":"orders","Startup Cost":0.0,"Total Cost":119121.6,"Plan Rows":3267375,"Plan Width":24,"Actual Startup Time":2.098,"Actual Total Time":559.108,"Actual Rows":3270391,"Actual Loops":1,"Output":["orders.o_entry_d","orders.o_c_id","orders.o_w_id","orders.o_d_id","orders.o_id"],"Filter":"(orders.o_entry_d > '1995-03-08 20:10:02.27764'::timestamp without time zone)","Rows Removed by Filter":2729609,"Shared Hit Blocks":44122,"Shared Read Blocks":0,"Shared Dirtied Blocks":0,"Shared Written Blocks":0,"Local Hit Blocks":0,"Local Read Blocks":0,"Local Dirtied Blocks":0,"Local Written Blocks":0,"Temp Read Blocks":0,"Temp Written Blocks":0,"I/O Read Time":0.0,"I/O Write Time":0.0,"Temp I/O Read Time":0.0,"Temp I/O Write Time":0.0},{"Node Type":"Hash","Parent Relationship":"Inner","Parallel Aware":false,"Async Capable":false,"Startup Cost":92083.47,"Total Cost":92083.47,"Plan Rows":212926,"Plan Width":8,"Actual Startup Time":94.398,"Actual Total Time":94.406,"Actual Rows":193566,"Actual Loops":1,"Output":["customer.c_id","customer.c_w_id","customer.c_d_id"],"Hash Buckets":262144,"Original Hash Buckets":262144,"Hash Batches":2,"Original Hash Batches":2,"Peak Memory Usage":5832,"Shared Hit Blocks":0,"Shared Read Blocks":0,"Shared Dirtied Blocks":0,"Shared Written Blocks":0,"Local Hit Blocks":0,"Local Read Blocks":0,"Local Dirtied Blocks":0,"Local Written Blocks":0,"Temp Read Blocks":0,"Temp Written Blocks":330,"I/O Read Time":0.0,"I/O Write Time":0.0,"Temp I/O Read Time":0.0,"Temp I/O Write Time":1.436,"Plans":[{"Node Type":"Append","Parent Relationship":"Outer","Parallel Aware":false,"Async Capable":false,"Startup Cost":20.0,"Total Cost":92083.47,"Plan Rows":212926,"Plan Width":8,"Actual Startup Time":0.101,"Actual Total Time":60.759,"Actual Rows":193566,"Actual Loops":1,"Shared Hit Blocks":0,"Shared Read Blocks":0,"Shared Dirtied Blocks":0,"Shared Written Blocks":0,"Local Hit Blocks":0,"Local Read Blocks":0,"Local Dirtied Blocks":0,"Local Written Blocks":0,"Temp Read Blocks":0,"Temp Written Blocks":0,"I/O Read Time":0.0,"I/O Write Time":0.0,"Temp I/O Read Time":0.0,"Temp I/O Write Time":0.0,"Subplans Removed":0,"Plans":[{"Node Type":"Custom Scan","Parent Relationship":"Member","Custom Plan Provider":"columnar scan","Parallel Aware":false,"Async Capable":false,"Relation Name":"customer","Schema":"public","Alias":"customer","Startup Cost":20.0,"Total Cost":4598.42,"Plan Rows":212921,"Plan Width":8,"Actual Startup Time":0.1,"Actual Total Time":47.205,"Actual Rows":193566,"Actual Loops":1,"Output":["customer.c_id","customer.c_w_id","customer.c_d_id"],"Filter":"(customer.c_state ~~ 'A%'::text)","Rows Removed by Filter":0,"Rows Removed by Columnar Filter":5806434,"Columnar cache search mode":"native","Shared Hit Blocks":0,"Shared Read Blocks":0,"Shared Dirtied Blocks":0,"Shared Written Blocks":0,"Local Hit Blocks":0,"Local Read Blocks":0,"Local Dirtied Blocks":0,"Local Written Blocks":0,"Temp Read Blocks":0,"Temp Written Blocks":0,"I/O Read Time":0.0,"I/O Write Time":0.0,"Temp I/O Read Time":0.0,"Temp I/O Write Time":0.0},{"Node Type":"Seq Scan","Parent Relationship":"Member","Parallel Aware":false,"Async Capable":false,"Relation Name":"customer","Schema":"public","Alias":"customer","Startup Cost":0.0,"Total Cost":5.75,"Plan Rows":5,"Plan Width":8,"Actual Startup Time":0.0,"Actual Total Time":0.0,"Actual Rows":0,"Actual Loops":0,"Output":["customer.c_id","customer.c_w_id","customer.c_d_id"],"Filter":"(customer.c_state ~~ 'A%'::text)","Rows Removed by Filter":0,"Shared Hit Blocks":0,"Shared Read Blocks":0,"Shared Dirtied Blocks":0,"Shared Written Blocks":0,"Local Hit Blocks":0,"Local Read Blocks":0,"Local Dirtied Blocks":0,"Local Written Blocks":0,"Temp Read Blocks":0,"Temp Written Blocks":0,"I/O Read Time":0.0,"I/O Write Time":0.0,"Temp I/O Read Time":0.0,"Temp I/O Write Time":0.0}]}]}]},{"Node Type":"Hash","Parent Relationship":"Inner","Parallel Aware":false,"Async Capable":false,"Startup Cost":27732.0,"Total Cost":27732.0,"Plan Rows":1800000,"Plan Width":12,"Actual Startup Time":464.637,"Actual Total Time":464.638,"Actual Rows":1800000,"Actual Loops":1,"Output":["new_orders.no_w_id","new_orders.no_d_id","new_orders.no_o_id"],"Hash Buckets":262144,"Original Hash Buckets":262144,"Hash Batches":16,"Original Hash Batches":16,"Peak Memory Usage":7316,"Shared Hit Blocks":9732,"Shared Read Blocks":0,"Shared Dirtied Blocks":0,"Shared Written Blocks":0,"Local Hit Blocks":0,"Local Read Blocks":0,"Local Dirtied Blocks":0,"Local Written Blocks":0,"Temp Read Blocks":0,"Temp Written Blocks":7409,"I/O Read Time":0.0,"I/O Write Time":0.0,"Temp I/O Read Time":0.0,"Temp I/O Write Time":32.091,"Plans":[{"Node Type":"Seq Scan","Parent Relationship":"Outer","Parallel Aware":false,"Async Capable":false,"Relation Name":"new_orders","Schema":"public","Alias":"new_orders","Startup Cost":0.0,"Total Cost":27732.0,"Plan Rows":1800000,"Plan Width":12,"Actual Startup Time":0.014,"Actual Total Time":172.095,"Actual Rows":1800000,"Actual Loops":1,"Output":["new_orders.no_w_id","new_orders.no_d_id","new_orders.no_o_id"],"Shared Hit Blocks":9732,"Shared Read Blocks":0,"Shared Dirtied Blocks":0,"Shared Written Blocks":0,"Local Hit Blocks":0,"Local Read Blocks":0,"Local Dirtied Blocks":0,"Local Written Blocks":0,"Temp Read Blocks":0,"Temp Written Blocks":0,"I/O Read Time":0.0,"I/O Write Time":0.0,"Temp I/O Read Time":0.0,"Temp I/O Write Time":0.0}]}]},{"Node Type":"Index Scan","Parent Relationship":"Inner","Parallel Aware":false,"Async Capable":false,"Scan Direction":"Forward","Index Name":"order_line_pk","Relation Name":"order_line","Schema":"public","Alias":"order_line","Startup Cost":0.56,"Total Cost":29.4,"Plan Rows":10,"Plan Width":16,"Actual Startup Time":0.005,"Actual Total Time":0.007,"Actual Rows":10,"Actual Loops":57989,"Output":["order_line.ol_o_id","order_line.ol_d_id","order_line.ol_w_id","order_line.ol_number","order_line.ol_i_id","order_line.ol_supply_w_id","order_line.ol_delivery_d","order_line.ol_quantity","order_line.ol_amount","order_line.ol_dist_info"],"Index Cond":"((order_line.ol_w_id = orders.o_w_id) AND (order_line.ol_d_id = orders.o_d_id) AND (order_line.ol_o_id = orders.o_id))","Rows Removed by Index Recheck":0,"Shared Hit Blocks":298417,"Shared Read Blocks":0,"Shared Dirtied Blocks":0,"Shared Written Blocks":0,"Local Hit Blocks":0,"Local Read Blocks":0,"Local Dirtied Blocks":0,"Local Written Blocks":0,"Temp Read Blocks":0,"Temp Written Blocks":0,"I/O Read Time":0.0,"I/O Write Time":0.0,"Temp I/O Read Time":0.0,"Temp I/O Write Time":0.0}]}]}]}]}]},"Planning":{"Shared Hit Blocks":153,"Shared Read Blocks":0,"Shared Dirtied Blocks":0,"Shared Written Blocks":0,"Local Hit Blocks":0,"Local Read Blocks":0,"Local Dirtied Blocks":0,"Local Written Blocks":0,"Temp Read Blocks":0,"Temp Written Blocks":0,"I/O Read Time":0.0,"I/O Write Time":0.0,"Temp I/O Read Time":0.0,"Temp I/O Write Time":0.0},"Planning Time":3.162,"Triggers":[],"Execution Time":2854.604}]
