[列存组合]: 无列存
[{"Plan":{"Node Type":"Aggregate","Strategy":"Sorted","Partial Mode":"Simple","Parallel Aware":false,"Async Capable":false,"Startup Cost":4312518.12,"Total Cost":4313059.71,"Plan Rows":11,"Plan Width":10,"Actual Startup Time":1672.13,"Actual Total Time":1695.692,"Actual Rows":11,"Actual Loops":1,"Output":["orders.o_ol_cnt","count(*)"],"Group Key":["orders.o_ol_cnt"],"Shared Hit Blocks":1088192,"Shared Read Blocks":12325,"Shared Dirtied Blocks":0,"Shared Written Blocks":0,"Local Hit Blocks":0,"Local Read Blocks":0,"Local Dirtied Blocks":0,"Local Written Blocks":0,"Temp Read Blocks":311,"Temp Written Blocks":312,"I/O Read Time":658.015,"I/O Write Time":0.0,"Temp I/O Read Time":0.431,"Temp I/O Write Time":1.148,"Plans":[{"Node Type":"Sort","Parent Relationship":"Outer","Parallel Aware":false,"Async Capable":false,"Startup Cost":4312518.12,"Total Cost":4312698.61,"Plan Rows":72198,"Plan Width":2,"Actual Startup Time":1669.732,"Actual Total Time":1680.995,"Actual Rows":211279,"Actual Loops":1,"Output":["orders.o_ol_cnt"],"Sort Key":["orders.o_ol_cnt"],"Sort Method":"external merge","Sort Space Used":2488,"Sort Space Type":"Disk","Shared Hit Blocks":1088192,"Shared Read Blocks":12325,"Shared Dirtied Blocks":0,"Shared Written Blocks":0,"Local Hit Blocks":0,"Local Read Blocks":0,"Local Dirtied Blocks":0,"Local Written Blocks":0,"Temp Read Blocks":311,"Temp Written Blocks":312,"I/O Read Time":658.015,"I/O Write Time":0.0,"Temp I/O Read Time":0.431,"Temp I/O Write Time":1.148,"Plans":[{"Node Type":"Nested Loop","Parent Relationship":"Outer","Parallel Aware":false,"Async Capable":false,"Join Type":"Semi","Startup Cost":0.56,"Total Cost":4306691.86,"Plan Rows":72198,"Plan Width":2,"Actual Startup Time":1.406,"Actual Total Time":1642.398,"Actual Rows":211279,"Actual Loops":1,"Output":["orders.o_ol_cnt"],"Inner Unique":false,"Shared Hit Blocks":1088192,"Shared Read Blocks":12325,"Shared Dirtied Blocks":0,"Shared Written Blocks":0,"Local Hit Blocks":0,"Local Read Blocks":0,"Local Dirtied Blocks":0,"Local Written Blocks":0,"Temp Read Blocks":0,"Temp Written Blocks":0,"I/O Read Time":658.015,"I/O Write Time":0.0,"Temp I/O Read Time":0.0,"Temp I/O Write Time":0.0,"Plans":[{"Node Type":"Seq Scan","Parent Relationship":"Outer","Parallel Aware":false,"Async Capable":false,"Relation Name":"orders","Schema":"public","Alias":"orders","Startup Cost":0.0,"Total Cost":134121.52,"Plan Rows":216666,"Plan Width":22,"Actual Startup Time":1.256,"Actual Total Time":394.03,"Actual Rows":211279,"Actual Loops":1,"Output":["orders.o_id","orders.o_d_id","orders.o_w_id","orders.o_c_id","orders.o_entry_d","orders.o_carrier_id","orders.o_ol_cnt","orders.o_all_local"],"Filter":"((orders.o_entry_d >= '1994-01-02 20:10:02.27764'::timestamp without time zone) AND (orders.o_entry_d < '1994-04-02 20:10:02.27764'::timestamp without time zone))","Rows Removed by Filter":5788721,"Shared Hit Blocks":44122,"Shared Read Blocks":0,"Shared Dirtied Blocks":0,"Shared Written Blocks":0,"Local Hit Blocks":0,"Local Read Blocks":0,"Local Dirtied Blocks":0,"Local Written Blocks":0,"Temp Read Blocks":0,"Temp Written Blocks":0,"I/O Read Time":0.0,"I/O Write Time":0.0,"Temp I/O Read Time":0.0,"Temp I/O Write Time":0.0},{"Node Type":"Index Scan","Parent Relationship":"Inner","Parallel Aware":false,"Async Capable":false,"Scan Direction":"Forward","Index Name":"order_line_pk","Relation Name":"order_line","Schema":"public","Alias":"order_line","Startup Cost":0.56,"Total Cost":25.46,"Plan Rows":2,"Plan Width":20,"Actual Startup Time":0.006,"Actual Total Time":0.006,"Actual Rows":1,"Actual Loops":211279,"Output":["order_line.ol_o_id","order_line.ol_d_id","order_line.ol_w_id","order_line.ol_number","order_line.ol_i_id","order_line.ol_supply_w_id","order_line.ol_delivery_d","order_line.ol_quantity","order_line.ol_amount","order_line.ol_dist_info"],"Index Cond":"((order_line.ol_w_id = orders.o_w_id) AND (order_line.ol_d_id = orders.o_d_id) AND (order_line.ol_o_id = orders.o_id))","Rows Removed by Index Recheck":0,"Filter":"((order_line.ol_delivery_d >= '1992-01-02 20:10:02.27764'::timestamp without time zone) AND (order_line.ol_delivery_d >= orders.o_entry_d))","Rows Removed by Filter":0,"Shared Hit Blocks":1044070,"Shared Read Blocks":12325,"Shared Dirtied Blocks":0,"Shared Written Blocks":0,"Local Hit Blocks":0,"Local Read Blocks":0,"Local Dirtied Blocks":0,"Local Written Blocks":0,"Temp Read Blocks":0,"Temp Written Blocks":0,"I/O Read Time":658.015,"I/O Write Time":0.0,"Temp I/O Read Time":0.0,"Temp I/O Write Time":0.0}]}]}]},"Planning":{"Shared Hit Blocks":32,"Shared Read Blocks":0,"Shared Dirtied Blocks":2,"Shared Written Blocks":0,"Local Hit Blocks":0,"Local Read Blocks":0,"Local Dirtied Blocks":0,"Local Written Blocks":0,"Temp Read Blocks":0,"Temp Written Blocks":0,"I/O Read Time":0.0,"I/O Write Time":0.0,"Temp I/O Read Time":0.0,"Temp I/O Write Time":0.0},"Planning Time":0.404,"Triggers":[],"Execution Time":1696.11}]
[列存组合]: order_line
[{"Plan":{"Node Type":"Aggregate","Strategy":"Sorted","Partial Mode":"Simple","Parallel Aware":false,"Async Capable":false,"Startup Cost":4312518.12,"Total Cost":4313059.71,"Plan Rows":11,"Plan Width":10,"Actual Startup Time":990.246,"Actual Total Time":1013.8,"Actual Rows":11,"Actual Loops":1,"Output":["orders.o_ol_cnt","count(*)"],"Group Key":["orders.o_ol_cnt"],"Shared Hit Blocks":1100517,"Shared Read Blocks":0,"Shared Dirtied Blocks":0,"Shared Written Blocks":0,"Local Hit Blocks":0,"Local Read Blocks":0,"Local Dirtied Blocks":0,"Local Written Blocks":0,"Temp Read Blocks":311,"Temp Written Blocks":312,"I/O Read Time":0.0,"I/O Write Time":0.0,"Temp I/O Read Time":0.487,"Temp I/O Write Time":1.179,"Plans":[{"Node Type":"Sort","Parent Relationship":"Outer","Parallel Aware":false,"Async Capable":false,"Startup Cost":4312518.12,"Total Cost":4312698.61,"Plan Rows":72198,"Plan Width":2,"Actual Startup Time":987.896,"Actual Total Time":999.104,"Actual Rows":211279,"Actual Loops":1,"Output":["orders.o_ol_cnt"],"Sort Key":["orders.o_ol_cnt"],"Sort Method":"external merge","Sort Space Used":2488,"Sort Space Type":"Disk","Shared Hit Blocks":1100517,"Shared Read Blocks":0,"Shared Dirtied Blocks":0,"Shared Written Blocks":0,"Local Hit Blocks":0,"Local Read Blocks":0,"Local Dirtied Blocks":0,"Local Written Blocks":0,"Temp Read Blocks":311,"Temp Written Blocks":312,"I/O Read Time":0.0,"I/O Write Time":0.0,"Temp I/O Read Time":0.487,"Temp I/O Write Time":1.179,"Plans":[{"Node Type":"Nested Loop","Parent Relationship":"Outer","Parallel Aware":false,"Async Capable":false,"Join Type":"Semi","Startup Cost":0.56,"Total Cost":4306691.86,"Plan Rows":72198,"Plan Width":2,"Actual Startup Time":1.327,"Actual Total Time":962.08,"Actual Rows":211279,"Actual Loops":1,"Output":["orders.o_ol_cnt"],"Inner Unique":false,"Shared Hit Blocks":1100517,"Shared Read Blocks":0,"Shared Dirtied Blocks":0,"Shared Written Blocks":0,"Local Hit Blocks":0,"Local Read Blocks":0,"Local Dirtied Blocks":0,"Local Written Blocks":0,"Temp Read Blocks":0,"Temp Written Blocks":0,"I/O Read Time":0.0,"I/O Write Time":0.0,"Temp I/O Read Time":0.0,"Temp I/O Write Time":0.0,"Plans":[{"Node Type":"Seq Scan","Parent Relationship":"Outer","Parallel Aware":false,"Async Capable":false,"Relation Name":"orders","Schema":"public","Alias":"orders","Startup Cost":0.0,"Total Cost":134121.52,"Plan Rows":216666,"Plan Width":22,"Actual Startup Time":1.298,"Actual Total Time":389.694,"Actual Rows":211279,"Actual Loops":1,"Output":["orders.o_id","orders.o_d_id","orders.o_w_id","orders.o_c_id","orders.o_entry_d","orders.o_carrier_id","orders.o_ol_cnt","orders.o_all_local"],"Filter":"((orders.o_entry_d >= '1994-01-02 20:10:02.27764'::timestamp without time zone) AND (orders.o_entry_d < '1994-04-02 20:10:02.27764'::timestamp without time zone))","Rows Removed by Filter":5788721,"Shared Hit Blocks":44122,"Shared Read Blocks":0,"Shared Dirtied Blocks":0,"Shared Written Blocks":0,"Local Hit Blocks":0,"Local Read Blocks":0,"Local Dirtied Blocks":0,"Local Written Blocks":0,"Temp Read Blocks":0,"Temp Written Blocks":0,"I/O Read Time":0.0,"I/O Write Time":0.0,"Temp I/O Read Time":0.0,"Temp I/O Write Time":0.0},{"Node Type":"Index Scan","Parent Relationship":"Inner","Parallel Aware":false,"Async Capable":false,"Scan Direction":"Forward","Index Name":"order_line_pk","Relation Name":"order_line","Schema":"public","Alias":"order_line","Startup Cost":0.56,"Total Cost":25.46,"Plan Rows":2,"Plan Width":20,"Actual Startup Time":0.002,"Actual Total Time":0.002,"Actual Rows":1,"Actual Loops":211279,"Output":["order_line.ol_o_id","order_line.ol_d_id","order_line.ol_w_id","order_line.ol_number","order_line.ol_i_id","order_line.ol_supply_w_id","order_line.ol_delivery_d","order_line.ol_quantity","order_line.ol_amount","order_line.ol_dist_info"],"Index Cond":"((order_line.ol_w_id = orders.o_w_id) AND (order_line.ol_d_id = orders.o_d_id) AND (order_line.ol_o_id = orders.o_id))","Rows Removed by Index Recheck":0,"Filter":"((order_line.ol_delivery_d >= '1992-01-02 20:10:02.27764'::timestamp without time zone) AND (order_line.ol_delivery_d >= orders.o_entry_d))","Rows Removed by Filter":0,"Shared Hit Blocks":1056395,"Shared Read Blocks":0,"Shared Dirtied Blocks":0,"Shared Written Blocks":0,"Local Hit Blocks":0,"Local Read Blocks":0,"Local Dirtied Blocks":0,"Local Written Blocks":0,"Temp Read Blocks":0,"Temp Written Blocks":0,"I/O Read Time":0.0,"I/O Write Time":0.0,"Temp I/O Read Time":0.0,"Temp I/O Write Time":0.0}]}]}]},"Planning":{"Shared Hit Blocks":18,"Shared Read Blocks":0,"Shared Dirtied Blocks":0,"Shared Written Blocks":0,"Local Hit Blocks":0,"Local Read Blocks":0,"Local Dirtied Blocks":0,"Local Written Blocks":0,"Temp Read Blocks":0,"Temp Written Blocks":0,"I/O Read Time":0.0,"I/O Write Time":0.0,"Temp I/O Read Time":0.0,"Temp I/O Write Time":0.0},"Planning Time":0.931,"Triggers":[],"Execution Time":1014.262}]
[列存组合]: orders
[{"Plan":{"Node Type":"Aggregate","Strategy":"Sorted","Partial Mode":"Simple","Parallel Aware":false,"Async Capable":false,"Startup Cost":4312518.12,"Total Cost":4313059.71,"Plan Rows":11,"Plan Width":10,"Actual Startup Time":988.774,"Actual Total Time":1012.396,"Actual Rows":11,"Actual Loops":1,"Output":["orders.o_ol_cnt","count(*)"],"Group Key":["orders.o_ol_cnt"],"Shared Hit Blocks":1100517,"Shared Read Blocks":0,"Shared Dirtied Blocks":0,"Shared Written Blocks":0,"Local Hit Blocks":0,"Local Read Blocks":0,"Local Dirtied Blocks":0,"Local Written Blocks":0,"Temp Read Blocks":311,"Temp Written Blocks":312,"I/O Read Time":0.0,"I/O Write Time":0.0,"Temp I/O Read Time":0.392,"Temp I/O Write Time":1.201,"Plans":[{"Node Type":"Sort","Parent Relationship":"Outer","Parallel Aware":false,"Async Capable":false,"Startup Cost":4312518.12,"Total Cost":4312698.61,"Plan Rows":72198,"Plan Width":2,"Actual Startup Time":986.394,"Actual Total Time":997.661,"Actual Rows":211279,"Actual Loops":1,"Output":["orders.o_ol_cnt"],"Sort Key":["orders.o_ol_cnt"],"Sort Method":"external merge","Sort Space Used":2488,"Sort Space Type":"Disk","Shared Hit Blocks":1100517,"Shared Read Blocks":0,"Shared Dirtied Blocks":0,"Shared Written Blocks":0,"Local Hit Blocks":0,"Local Read Blocks":0,"Local Dirtied Blocks":0,"Local Written Blocks":0,"Temp Read Blocks":311,"Temp Written Blocks":312,"I/O Read Time":0.0,"I/O Write Time":0.0,"Temp I/O Read Time":0.392,"Temp I/O Write Time":1.201,"Plans":[{"Node Type":"Nested Loop","Parent Relationship":"Outer","Parallel Aware":false,"Async Capable":false,"Join Type":"Semi","Startup Cost":0.56,"Total Cost":4306691.86,"Plan Rows":72198,"Plan Width":2,"Actual Startup Time":1.361,"Actual Total Time":960.783,"Actual Rows":211279,"Actual Loops":1,"Output":["orders.o_ol_cnt"],"Inner Unique":false,"Shared Hit Blocks":1100517,"Shared Read Blocks":0,"Shared Dirtied Blocks":0,"Shared Written Blocks":0,"Local Hit Blocks":0,"Local Read Blocks":0,"Local Dirtied Blocks":0,"Local Written Blocks":0,"Temp Read Blocks":0,"Temp Written Blocks":0,"I/O Read Time":0.0,"I/O Write Time":0.0,"Temp I/O Read Time":0.0,"Temp I/O Write Time":0.0,"Plans":[{"Node Type":"Seq Scan","Parent Relationship":"Outer","Parallel Aware":false,"Async Capable":false,"Relation Name":"orders","Schema":"public","Alias":"orders","Startup Cost":0.0,"Total Cost":134121.52,"Plan Rows":216666,"Plan Width":22,"Actual Startup Time":1.32,"Actual Total Time":390.052,"Actual Rows":211279,"Actual Loops":1,"Output":["orders.o_id","orders.o_d_id","orders.o_w_id","orders.o_c_id","orders.o_entry_d","orders.o_carrier_id","orders.o_ol_cnt","orders.o_all_local"],"Filter":"((orders.o_entry_d >= '1994-01-02 20:10:02.27764'::timestamp without time zone) AND (orders.o_entry_d < '1994-04-02 20:10:02.27764'::timestamp without time zone))","Rows Removed by Filter":5788721,"Shared Hit Blocks":44122,"Shared Read Blocks":0,"Shared Dirtied Blocks":0,"Shared Written Blocks":0,"Local Hit Blocks":0,"Local Read Blocks":0,"Local Dirtied Blocks":0,"Local Written Blocks":0,"Temp Read Blocks":0,"Temp Written Blocks":0,"I/O Read Time":0.0,"I/O Write Time":0.0,"Temp I/O Read Time":0.0,"Temp I/O Write Time":0.0},{"Node Type":"Index Scan","Parent Relationship":"Inner","Parallel Aware":false,"Async Capable":false,"Scan Direction":"Forward","Index Name":"order_line_pk","Relation Name":"order_line","Schema":"public","Alias":"order_line","Startup Cost":0.56,"Total Cost":25.46,"Plan Rows":2,"Plan Width":20,"Actual Startup Time":0.002,"Actual Total Time":0.002,"Actual Rows":1,"Actual Loops":211279,"Output":["order_line.ol_o_id","order_line.ol_d_id","order_line.ol_w_id","order_line.ol_number","order_line.ol_i_id","order_line.ol_supply_w_id","order_line.ol_delivery_d","order_line.ol_quantity","order_line.ol_amount","order_line.ol_dist_info"],"Index Cond":"((order_line.ol_w_id = orders.o_w_id) AND (order_line.ol_d_id = orders.o_d_id) AND (order_line.ol_o_id = orders.o_id))","Rows Removed by Index Recheck":0,"Filter":"((order_line.ol_delivery_d >= '1992-01-02 20:10:02.27764'::timestamp without time zone) AND (order_line.ol_delivery_d >= orders.o_entry_d))","Rows Removed by Filter":0,"Shared Hit Blocks":1056395,"Shared Read Blocks":0,"Shared Dirtied Blocks":0,"Shared Written Blocks":0,"Local Hit Blocks":0,"Local Read Blocks":0,"Local Dirtied Blocks":0,"Local Written Blocks":0,"Temp Read Blocks":0,"Temp Written Blocks":0,"I/O Read Time":0.0,"I/O Write Time":0.0,"Temp I/O Read Time":0.0,"Temp I/O Write Time":0.0}]}]}]},"Planning":{"Shared Hit Blocks":18,"Shared Read Blocks":0,"Shared Dirtied Blocks":0,"Shared Written Blocks":0,"Local Hit Blocks":0,"Local Read Blocks":0,"Local Dirtied Blocks":0,"Local Written Blocks":0,"Temp Read Blocks":0,"Temp Written Blocks":0,"I/O Read Time":0.0,"I/O Write Time":0.0,"Temp I/O Read Time":0.0,"Temp I/O Write Time":0.0},"Planning Time":0.485,"Triggers":[],"Execution Time":1012.877}]
[列存组合]: order_line, orders
[{"Plan":{"Node Type":"Aggregate","Strategy":"Sorted","Partial Mode":"Simple","Parallel Aware":false,"Async Capable":false,"Startup Cost":4312518.12,"Total Cost":4313059.71,"Plan Rows":11,"Plan Width":10,"Actual Startup Time":992.466,"Actual Total Time":1015.97,"Actual Rows":11,"Actual Loops":1,"Output":["orders.o_ol_cnt","count(*)"],"Group Key":["orders.o_ol_cnt"],"Shared Hit Blocks":1100517,"Shared Read Blocks":0,"Shared Dirtied Blocks":0,"Shared Written Blocks":0,"Local Hit Blocks":0,"Local Read Blocks":0,"Local Dirtied Blocks":0,"Local Written Blocks":0,"Temp Read Blocks":311,"Temp Written Blocks":312,"I/O Read Time":0.0,"I/O Write Time":0.0,"Temp I/O Read Time":0.474,"Temp I/O Write Time":1.172,"Plans":[{"Node Type":"Sort","Parent Relationship":"Outer","Parallel Aware":false,"Async Capable":false,"Startup Cost":4312518.12,"Total Cost":4312698.61,"Plan Rows":72198,"Plan Width":2,"Actual Startup Time":990.074,"Actual Total Time":1001.3,"Actual Rows":211279,"Actual Loops":1,"Output":["orders.o_ol_cnt"],"Sort Key":["orders.o_ol_cnt"],"Sort Method":"external merge","Sort Space Used":2488,"Sort Space Type":"Disk","Shared Hit Blocks":1100517,"Shared Read Blocks":0,"Shared Dirtied Blocks":0,"Shared Written Blocks":0,"Local Hit Blocks":0,"Local Read Blocks":0,"Local Dirtied Blocks":0,"Local Written Blocks":0,"Temp Read Blocks":311,"Temp Written Blocks":312,"I/O Read Time":0.0,"I/O Write Time":0.0,"Temp I/O Read Time":0.474,"Temp I/O Write Time":1.172,"Plans":[{"Node Type":"Nested Loop","Parent Relationship":"Outer","Parallel Aware":false,"Async Capable":false,"Join Type":"Semi","Startup Cost":0.56,"Total Cost":4306691.86,"Plan Rows":72198,"Plan Width":2,"Actual Startup Time":1.332,"Actual Total Time":963.817,"Actual Rows":211279,"Actual Loops":1,"Output":["orders.o_ol_cnt"],"Inner Unique":false,"Shared Hit Blocks":1100517,"Shared Read Blocks":0,"Shared Dirtied Blocks":0,"Shared Written Blocks":0,"Local Hit Blocks":0,"Local Read Blocks":0,"Local Dirtied Blocks":0,"Local Written Blocks":0,"Temp Read Blocks":0,"Temp Written Blocks":0,"I/O Read Time":0.0,"I/O Write Time":0.0,"Temp I/O Read Time":0.0,"Temp I/O Write Time":0.0,"Plans":[{"Node Type":"Seq Scan","Parent Relationship":"Outer","Parallel Aware":false,"Async Capable":false,"Relation Name":"orders","Schema":"public","Alias":"orders","Startup Cost":0.0,"Total Cost":134121.52,"Plan Rows":216666,"Plan Width":22,"Actual Startup Time":1.304,"Actual Total Time":390.11,"Actual Rows":211279,"Actual Loops":1,"Output":["orders.o_id","orders.o_d_id","orders.o_w_id","orders.o_c_id","orders.o_entry_d","orders.o_carrier_id","orders.o_ol_cnt","orders.o_all_local"],"Filter":"((orders.o_entry_d >= '1994-01-02 20:10:02.27764'::timestamp without time zone) AND (orders.o_entry_d < '1994-04-02 20:10:02.27764'::timestamp without time zone))","Rows Removed by Filter":5788721,"Shared Hit Blocks":44122,"Shared Read Blocks":0,"Shared Dirtied Blocks":0,"Shared Written Blocks":0,"Local Hit Blocks":0,"Local Read Blocks":0,"Local Dirtied Blocks":0,"Local Written Blocks":0,"Temp Read Blocks":0,"Temp Written Blocks":0,"I/O Read Time":0.0,"I/O Write Time":0.0,"Temp I/O Read Time":0.0,"Temp I/O Write Time":0.0},{"Node Type":"Index Scan","Parent Relationship":"Inner","Parallel Aware":false,"Async Capable":false,"Scan Direction":"Forward","Index Name":"order_line_pk","Relation Name":"order_line","Schema":"public","Alias":"order_line","Startup Cost":0.56,"Total Cost":25.46,"Plan Rows":2,"Plan Width":20,"Actual Startup Time":0.002,"Actual Total Time":0.002,"Actual Rows":1,"Actual Loops":211279,"Output":["order_line.ol_o_id","order_line.ol_d_id","order_line.ol_w_id","order_line.ol_number","order_line.ol_i_id","order_line.ol_supply_w_id","order_line.ol_delivery_d","order_line.ol_quantity","order_line.ol_amount","order_line.ol_dist_info"],"Index Cond":"((order_line.ol_w_id = orders.o_w_id) AND (order_line.ol_d_id = orders.o_d_id) AND (order_line.ol_o_id = orders.o_id))","Rows Removed by Index Recheck":0,"Filter":"((order_line.ol_delivery_d >= '1992-01-02 20:10:02.27764'::timestamp without time zone) AND (order_line.ol_delivery_d >= orders.o_entry_d))","Rows Removed by Filter":0,"Shared Hit Blocks":1056395,"Shared Read Blocks":0,"Shared Dirtied Blocks":0,"Shared Written Blocks":0,"Local Hit Blocks":0,"Local Read Blocks":0,"Local Dirtied Blocks":0,"Local Written Blocks":0,"Temp Read Blocks":0,"Temp Written Blocks":0,"I/O Read Time":0.0,"I/O Write Time":0.0,"Temp I/O Read Time":0.0,"Temp I/O Write Time":0.0}]}]}]},"Planning":{"Shared Hit Blocks":18,"Shared Read Blocks":0,"Shared Dirtied Blocks":0,"Shared Written Blocks":0,"Local Hit Blocks":0,"Local Read Blocks":0,"Local Dirtied Blocks":0,"Local Written Blocks":0,"Temp Read Blocks":0,"Temp Written Blocks":0,"I/O Read Time":0.0,"I/O Write Time":0.0,"Temp I/O Read Time":0.0,"Temp I/O Write Time":0.0},"Planning Time":0.991,"Triggers":[],"Execution Time":1016.44}]
