[列存组合]: 无列存
[{"Plan":{"Node Type":"Sort","Parallel Aware":false,"Async Capable":false,"Startup Cost":4086375.82,"Total Cost":4086375.98,"Plan Rows":62,"Plan Width":40,"Actual Startup Time":35185.498,"Actual Total Time":35185.523,"Actual Rows":11,"Actual Loops":1,"Output":["nation.n_name","(sum(order_line.ol_amount))"],"Sort Key":["(sum(order_line.ol_amount)) DESC"],"Sort Method":"quicksort","Sort Space Used":25,"Sort Space Type":"Memory","Shared Hit Blocks":1186109,"Shared Read Blocks":54643,"Shared Dirtied Blocks":0,"Shared Written Blocks":0,"Local Hit Blocks":0,"Local Read Blocks":0,"Local Dirtied Blocks":0,"Local Written Blocks":0,"Temp Read Blocks":288611,"Temp Written Blocks":288665,"I/O Read Time":314.856,"I/O Write Time":0.0,"Temp I/O Read Time":429.262,"Temp I/O Write Time":1165.653,"Plans":[{"Node Type":"Aggregate","Strategy":"Sorted","Partial Mode":"Simple","Parent Relationship":"Outer","Parallel Aware":false,"Async Capable":false,"Startup Cost":4086222.18,"Total Cost":4086373.97,"Plan Rows":62,"Plan Width":40,"Actual Startup Time":35179.612,"Actual Total Time":35185.507,"Actual Rows":11,"Actual Loops":1,"Output":["nation.n_name","sum(order_line.ol_amount)"],"Group Key":["nation.n_name"],"Shared Hit Blocks":1186109,"Shared Read Blocks":54643,"Shared Dirtied Blocks":0,"Shared Written Blocks":0,"Local Hit Blocks":0,"Local Read Blocks":0,"Local Dirtied Blocks":0,"Local Written Blocks":0,"Temp Read Blocks":288611,"Temp Written Blocks":288665,"I/O Read Time":314.856,"I/O Write Time":0.0,"Temp I/O Read Time":429.262,"Temp I/O Write Time":1165.653,"Plans":[{"Node Type":"Sort","Parent Relationship":"Outer","Parallel Aware":false,"Async Capable":false,"Startup Cost":4086222.18,"Total Cost":4086272.52,"Plan Rows":20136,"Plan Width":12,"Actual Startup Time":35179.175,"Actual Total Time":35180.974,"Actual Rows":35044,"Actual Loops":1,"Output":["nation.n_name","order_line.ol_amount"],"Sort Key":["nation.n_name"],"Sort Method":"quicksort","Sort Space Used":3146,"Sort Space Type":"Memory","Shared Hit Blocks":1186109,"Shared Read Blocks":54643,"Shared Dirtied Blocks":0,"Shared Written Blocks":0,"Local Hit Blocks":0,"Local Read Blocks":0,"Local Dirtied Blocks":0,"Local Written Blocks":0,"Temp Read Blocks":288611,"Temp Written Blocks":288665,"I/O Read Time":314.856,"I/O Write Time":0.0,"Temp I/O Read Time":429.262,"Temp I/O Write Time":1165.653,"Plans":[{"Node Type":"Hash Join","Parent Relationship":"Outer","Parallel Aware":false,"Async Capable":false,"Join Type":"Inner","Startup Cost":3436914.73,"Total Cost":4084782.71,"Plan Rows":20136,"Plan Width":12,"Actual Startup Time":30864.688,"Actual Total Time":35158.734,"Actual Rows":35044,"Actual Loops":1,"Output":["nation.n_name","order_line.ol_amount"],"Inner Unique":true,"Hash Cond":"((mod((stock.s_w_id * stock.s_i_id), 10000) = supplier.su_suppkey) AND (customer.c_nationkey = supplier.su_nationkey))","Shared Hit Blocks":1186109,"Shared Read Blocks":54643,"Shared Dirtied Blocks":0,"Shared Written Blocks":0,"Local Hit Blocks":0,"Local Read Blocks":0,"Local Dirtied Blocks":0,"Local Written Blocks":0,"Temp Read Blocks":288611,"Temp Written Blocks":288665,"I/O Read Time":314.856,"I/O Write Time":0.0,"Temp I/O Read Time":429.262,"Temp I/O Write Time":1165.653,"Plans":[{"Node Type":"Merge Join","Parent Relationship":"Outer","Parallel Aware":false,"Async Capable":false,"Join Type":"Inner","Startup Cost":3436447.73,"Total Cost":4077480.74,"Plan Rows":1242717,"Plan Width":26,"Actual Startup Time":30861.573,"Actual Total Time":34854.209,"Actual Rows":2218175,"Actual Loops":1,"Output":["customer.c_nationkey","order_line.ol_amount","stock.s_w_id","stock.s_i_id","nation.n_name","nation.n_nationkey"],"Inner Unique":true,"Merge Cond":"((customer.c_w_id = stock.s_w_id) AND (order_line.ol_i_id = stock.s_i_id))","Shared Hit Blocks":1185892,"Shared Read Blocks":54643,"Shared Dirtied Blocks":0,"Shared Written Blocks":0,"Local Hit Blocks":0,"Local Read Blocks":0,"Local Dirtied Blocks":0,"Local Written Blocks":0,"Temp Read Blocks":288611,"Temp Written Blocks":288665,"I/O Read Time":314.856,"I/O Write Time":0.0,"Temp I/O Read Time":429.262,"Temp I/O Write Time":1165.653,"Plans":[{"Node Type":"Sort","Parent Relationship":"Outer","Parallel Aware":false,"Async Capable":false,"Startup Cost":3436447.29,"Total Cost":3439527.83,"Plan Rows":1232214,"Plan Width":30,"Actual Startup Time":30861.507,"Actual Total Time":31464.772,"Actual Rows":2218175,"Actual Loops":1,"Output":["customer.c_w_id","customer.c_nationkey","orders.o_w_id","order_line.ol_amount","order_line.ol_w_id","order_line.ol_i_id","nation.n_name","nation.n_nationkey"],"Sort Key":["customer.c_w_id","order_line.ol_i_id"],"Sort Method":"external merge","Sort Space Used":94520,"Sort Space Type":"Disk","Shared Hit Blocks":1185862,"Shared Read Blocks":0,"Shared Dirtied Blocks":0,"Shared Written Blocks":0,"Local Hit Blocks":0,"Local Read Blocks":0,"Local Dirtied Blocks":0,"Local Written Blocks":0,"Temp Read Blocks":288611,"Temp Written Blocks":288665,"I/O Read Time":0.0,"I/O Write Time":0.0,"Temp I/O Read Time":429.262,"Temp I/O Write Time":1165.653,"Plans":[{"Node Type":"Hash Join","Parent Relationship":"Outer","Parallel Aware":false,"Async Capable":false,"Join Type":"Inner","Startup Cost":808098.65,"Total Cost":3252823.46,"Plan Rows":1232214,"Plan Width":30,"Actual Startup Time":3442.054,"Actual Total Time":28229.227,"Actual Rows":2218175,"Actual Loops":1,"Output":["customer.c_w_id","customer.c_nationkey","orders.o_w_id","order_line.ol_amount","order_line.ol_w_id","order_line.ol_i_id","nation.n_name","nation.n_nationkey"],"Inner Unique":false,"Hash Cond":"(customer.c_nationkey = nation.n_nationkey)","Shared Hit Blocks":1185862,"Shared Read Blocks":0,"Shared Dirtied Blocks":0,"Shared Written Blocks":0,"Local Hit Blocks":0,"Local Read Blocks":0,"Local Dirtied Blocks":0,"Local Written Blocks":0,"Temp Read Blocks":264991,"Temp Written Blocks":264991,"I/O Read Time":0.0,"I/O Write Time":0.0,"Temp I/O Read Time":395.443,"Temp I/O Write Time":1104.327,"Plans":[{"Node Type":"Hash Join","Parent Relationship":"Outer","Parallel Aware":false,"Async Capable":false,"Join Type":"Inner","Startup Cost":808095.51,"Total Cost":3217791.66,"Plan Rows":6161071,"Plan Width":18,"Actual Startup Time":3434.317,"Actual Total Time":27388.264,"Actual Rows":8568663,"Actual Loops":1,"Output":["customer.c_w_id","customer.c_nationkey","orders.o_w_id","order_line.ol_amount","order_line.ol_w_id","order_line.ol_i_id"],"Inner Unique":true,"Hash Cond":"((orders.o_c_id = customer.c_id) AND (orders.o_w_id = customer.c_w_id) AND (orders.o_d_id = customer.c_d_id))","Shared Hit Blocks":1185860,"Shared Read Blocks":0,"Shared Dirtied Blocks":0,"Shared Written Blocks":0,"Local Hit Blocks":0,"Local Read Blocks":0,"Local Dirtied Blocks":0,"Local Written Blocks":0,"Temp Read Blocks":264991,"Temp Written Blocks":264991,"I/O Read Time":0.0,"I/O Write Time":0.0,"Temp I/O Read Time":395.443,"Temp I/O Write Time":1104.327,"Plans":[{"Node Type":"Hash Join","Parent Relationship":"Outer","Parallel Aware":false,"Async Capable":false,"Join Type":"Inner","Startup Cost":153803.65,"Total Cost":2413481.36,"Plan Rows":6161071,"Plan Width":20,"Actual Startup Time":617.08,"Actual Total Time":20263.262,"Actual Rows":8568663,"Actual Loops":1,"Output":["orders.o_c_id","orders.o_w_id","orders.o_d_id","order_line.ol_amount","order_line.ol_w_id","order_line.ol_d_id","order_line.ol_i_id"],"Inner Unique":true,"Hash Cond":"((order_line.ol_w_id = orders.o_w_id) AND (order_line.ol_d_id = orders.o_d_id) AND (order_line.ol_o_id = orders.o_id))","Shared Hit Blocks":725870,"Shared Read Blocks":0,"Shared Dirtied Blocks":0,"Shared Written Blocks":0,"Local Hit Blocks":0,"Local Read Blocks":0,"Local Dirtied Blocks":0,"Local Written Blocks":0,"Temp Read Blocks":200672,"Temp Written Blocks":200672,"I/O Read Time":0.0,"I/O Write Time":0.0,"Temp I/O Read Time":297.888,"Temp I/O Write Time":797.28,"Plans":[{"Node Type":"Seq Scan","Parent Relationship":"Outer","Parallel Aware":false,"Async Capable":false,"Relation Name":"order_line","Schema":"public","Alias":"order_line","Startup Cost":0.0,"Total Cost":1431670.8,"Plan Rows":42039468,"Plan Width":20,"Actual Startup Time":0.007,"Actual Total Time":7387.994,"Actual Rows":42000489,"Actual Loops":1,"Output":["order_line.ol_amount","order_line.ol_o_id","order_line.ol_w_id","order_line.ol_d_id","order_line.ol_i_id"],"Filter":"(order_line.ol_delivery_d >= '1992-01-02 20:10:02.27764'::timestamp without time zone)","Rows Removed by Filter":17993272,"Shared Hit Blocks":681748,"Shared Read Blocks":0,"Shared Dirtied Blocks":0,"Shared Written Blocks":0,"Local Hit Blocks":0,"Local Read Blocks":0,"Local Dirtied Blocks":0,"Local Written Blocks":0,"Temp Read Blocks":0,"Temp Written Blocks":0,"I/O Read Time":0.0,"I/O Write Time":0.0,"Temp I/O Read Time":0.0,"Temp I/O Write Time":0.0},{"Node Type":"Hash","Parent Relationship":"Inner","Parallel Aware":false,"Async Capable":false,"Startup Cost":134121.52,"Total Cost":134121.52,"Plan Rows":879322,"Plan Width":16,"Actual Startup Time":582.583,"Actual Total Time":582.587,"Actual Rows":856801,"Actual Loops":1,"Output":["orders.o_c_id","orders.o_w_id","orders.o_d_id","orders.o_id"],"Hash Buckets":262144,"Original Hash Buckets":262144,"Hash Batches":8,"Original Hash Batches":8,"Peak Memory Usage":7070,"Shared Hit Blocks":44122,"Shared Read Blocks":0,"Shared Dirtied Blocks":0,"Shared Written Blocks":0,"Local Hit Blocks":0,"Local Read Blocks":0,"Local Dirtied Blocks":0,"Local Written Blocks":0,"Temp Read Blocks":0,"Temp Written Blocks":3290,"I/O Read Time":0.0,"I/O Write Time":0.0,"Temp I/O Read Time":0.0,"Temp I/O Write Time":15.142,"Plans":[{"Node Type":"Seq Scan","Parent Relationship":"Outer","Parallel Aware":false,"Async Capable":false,"Relation Name":"orders","Schema":"public","Alias":"orders","Startup Cost":0.0,"Total Cost":134121.52,"Plan Rows":879322,"Plan Width":16,"Actual Startup Time":0.578,"Actual Total Time":434.523,"Actual Rows":856801,"Actual Loops":1,"Output":["orders.o_c_id","orders.o_w_id","orders.o_d_id","orders.o_id"],"Filter":"((orders.o_entry_d >= '1993-01-02 20:10:02.27764'::timestamp without time zone) AND (orders.o_entry_d < '1994-01-02 20:10:02.27764'::timestamp without time zone))","Rows Removed by Filter":5143199,"Shared Hit Blocks":44122,"Shared Read Blocks":0,"Shared Dirtied Blocks":0,"Shared Written Blocks":0,"Local Hit Blocks":0,"Local Read Blocks":0,"Local Dirtied Blocks":0,"Local Written Blocks":0,"Temp Read Blocks":0,"Temp Written Blocks":0,"I/O Read Time":0.0,"I/O Write Time":0.0,"Temp I/O Read Time":0.0,"Temp I/O Write Time":0.0}]}]},{"Node Type":"Hash","Parent Relationship":"Inner","Parallel Aware":false,"Async Capable":false,"Startup Cost":519991.4,"Total Cost":519991.4,"Plan Rows":6000140,"Plan Width":12,"Actual Startup Time":2809.968,"Actual Total Time":2809.969,"Actual Rows":6000000,"Actual Loops":1,"Output":["customer.c_id","customer.c_w_id","customer.c_d_id","customer.c_nationkey"],"Hash Buckets":262144,"Original Hash Buckets":262144,"Hash Batches":64,"Original Hash Batches":64,"Peak Memory Usage":6073,"Shared Hit Blocks":459990,"Shared Read Blocks":0,"Shared Dirtied Blocks":0,"Shared Written Blocks":0,"Local Hit Blocks":0,"Local Read Blocks":0,"Local Dirtied Blocks":0,"Local Written Blocks":0,"Temp Read Blocks":0,"Temp Written Blocks":23037,"I/O Read Time":0.0,"I/O Write Time":0.0,"Temp I/O Read Time":0.0,"Temp I/O Write Time":112.353,"Plans":[{"Node Type":"Seq Scan","Parent Relationship":"Outer","Parallel Aware":false,"Async Capable":false,"Relation Name":"customer","Schema":"public","Alias":"customer","Startup Cost":0.0,"Total Cost":519991.4,"Plan Rows":6000140,"Plan Width":12,"Actual Startup Time":0.012,"Actual Total Time":1799.184,"Actual Rows":6000000,"Actual Loops":1,"Output":["customer.c_id","customer.c_w_id","customer.c_d_id","customer.c_nationkey"],"Shared Hit Blocks":459990,"Shared Read Blocks":0,"Shared Dirtied Blocks":0,"Shared Written Blocks":0,"Local Hit Blocks":0,"Local Read Blocks":0,"Local Dirtied Blocks":0,"Local Written Blocks":0,"Temp Read Blocks":0,"Temp Written Blocks":0,"I/O Read Time":0.0,"I/O Write Time":0.0,"Temp I/O Read Time":0.0,"Temp I/O Write Time":0.0}]}]},{"Node Type":"Hash","Parent Relationship":"Inner","Parallel Aware":false,"Async Capable":false,"Startup Cost":2.99,"Total Cost":2.99,"Plan Rows":12,"Plan Width":12,"Actual Startup Time":0.036,"Actual Total Time":0.043,"Actual Rows":22,"Actual Loops":1,"Output":["nation.n_name","nation.n_nationkey"],"Hash Buckets":1024,"Original Hash Buckets":1024,"Hash Batches":1,"Original Hash Batches":1,"Peak Memory Usage":9,"Shared Hit Blocks":2,"Shared Read Blocks":0,"Shared Dirtied Blocks":0,"Shared Written Blocks":0,"Local Hit Blocks":0,"Local Read Blocks":0,"Local Dirtied Blocks":0,"Local Written Blocks":0,"Temp Read Blocks":0,"Temp Written Blocks":0,"I/O Read Time":0.0,"I/O Write Time":0.0,"Temp I/O Read Time":0.0,"Temp I/O Write Time":0.0,"Plans":[{"Node Type":"Hash Join","Parent Relationship":"Outer","Parallel Aware":false,"Async Capable":false,"Join Type":"Inner","Startup Cost":1.07,"Total Cost":2.99,"Plan Rows":12,"Plan Width":12,"Actual Startup Time":0.019,"Actual Total Time":0.037,"Actual Rows":22,"Actual Loops":1,"Output":["nation.n_name","nation.n_nationkey"],"Inner Unique":true,"Hash Cond":"(nation.n_regionkey = region.r_regionkey)","Shared Hit Blocks":2,"Shared Read Blocks":0,"Shared Dirtied Blocks":0,"Shared Written Blocks":0,"Local Hit Blocks":0,"Local Read Blocks":0,"Local Dirtied Blocks":0,"Local Written Blocks":0,"Temp Read Blocks":0,"Temp Written Blocks":0,"I/O Read Time":0.0,"I/O Write Time":0.0,"Temp I/O Read Time":0.0,"Temp I/O Write Time":0.0,"Plans":[{"Node Type":"Seq Scan","Parent Relationship":"Outer","Parallel Aware":false,"Async Capable":false,"Relation Name":"nation","Schema":"public","Alias":"nation","Startup Cost":0.0,"Total Cost":1.62,"Plan Rows":62,"Plan Width":16,"Actual Startup Time":0.004,"Actual Total Time":0.008,"Actual Rows":62,"Actual Loops":1,"Output":["nation.n_nationkey","nation.n_name","nation.n_regionkey","nation.n_comment"],"Shared Hit Blocks":1,"Shared Read Blocks":0,"Shared Dirtied Blocks":0,"Shared Written Blocks":0,"Local Hit Blocks":0,"Local Read Blocks":0,"Local Dirtied Blocks":0,"Local Written Blocks":0,"Temp Read Blocks":0,"Temp Written Blocks":0,"I/O Read Time":0.0,"I/O Write Time":0.0,"Temp I/O Read Time":0.0,"Temp I/O Write Time":0.0},{"Node Type":"Hash","Parent Relationship":"Inner","Parallel Aware":false,"Async Capable":false,"Startup Cost":1.06,"Total Cost":1.06,"Plan Rows":1,"Plan Width":4,"Actual Startup Time":0.007,"Actual Total Time":0.011,"Actual Rows":1,"Actual Loops":1,"Output":["region.r_regionkey"],"Hash Buckets":1024,"Original Hash Buckets":1024,"Hash Batches":1,"Original Hash Batches":1,"Peak Memory Usage":9,"Shared Hit Blocks":1,"Shared Read Blocks":0,"Shared Dirtied Blocks":0,"Shared Written Blocks":0,"Local Hit Blocks":0,"Local Read Blocks":0,"Local Dirtied Blocks":0,"Local Written Blocks":0,"Temp Read Blocks":0,"Temp Written Blocks":0,"I/O Read Time":0.0,"I/O Write Time":0.0,"Temp I/O Read Time":0.0,"Temp I/O Write Time":0.0,"Plans":[{"Node Type":"Seq Scan","Parent Relationship":"Outer","Parallel Aware":false,"Async Capable":false,"Relation Name":"region","Schema":"public","Alias":"region","Startup Cost":0.0,"Total Cost":1.06,"Plan Rows":1,"Plan Width":4,"Actual Startup Time":0.006,"Actual Total Time":0.006,"Actual Rows":1,"Actual Loops":1,"Output":["region.r_regionkey"],"Filter":"((region.r_name)::text = 'Europe'::text)","Rows Removed by Filter":4,"Shared Hit Blocks":1,"Shared Read Blocks":0,"Shared Dirtied Blocks":0,"Shared Written Blocks":0,"Local Hit Blocks":0,"Local Read Blocks":0,"Local Dirtied Blocks":0,"Local Written Blocks":0,"Temp Read Blocks":0,"Temp Written Blocks":0,"I/O Read Time":0.0,"I/O Write Time":0.0,"Temp I/O Read Time":0.0,"Temp I/O Write Time":0.0}]}]}]}]}]},{"Node Type":"Index Only Scan","Parent Relationship":"Inner","Parallel Aware":false,"Async Capable":false,"Scan Direction":"Forward","Index Name":"stock_pk","Relation Name":"stock","Schema":"public","Alias":"stock","Startup Cost":0.44,"Total Cost":519363.62,"Plan Rows":20000212,"Plan Width":6,"Actual Startup Time":0.053,"Actual Total Time":1729.895,"Actual Rows":19999994,"Actual Loops":1,"Output":["stock.s_w_id","stock.s_i_id"],"Heap Fetches":0,"Shared Hit Blocks":30,"Shared Read Blocks":54643,"Shared Dirtied Blocks":0,"Shared Written Blocks":0,"Local Hit Blocks":0,"Local Read Blocks":0,"Local Dirtied Blocks":0,"Local Written Blocks":0,"Temp Read Blocks":0,"Temp Written Blocks":0,"I/O Read Time":314.856,"I/O Write Time":0.0,"Temp I/O Read Time":0.0,"Temp I/O Write Time":0.0}]},{"Node Type":"Hash","Parent Relationship":"Inner","Parallel Aware":false,"Async Capable":false,"Startup Cost":317.0,"Total Cost":317.0,"Plan Rows":10000,"Plan Width":8,"Actual Startup Time":2.516,"Actual Total Time":2.517,"Actual Rows":10000,"Actual Loops":1,"Output":["supplier.su_suppkey","supplier.su_nationkey"],"Hash Buckets":16384,"Original Hash Buckets":16384,"Hash Batches":1,"Original Hash Batches":1,"Peak Memory Usage":519,"Shared Hit Blocks":217,"Shared Read Blocks":0,"Shared Dirtied Blocks":0,"Shared Written Blocks":0,"Local Hit Blocks":0,"Local Read Blocks":0,"Local Dirtied Blocks":0,"Local Written Blocks":0,"Temp Read Blocks":0,"Temp Written Blocks":0,"I/O Read Time":0.0,"I/O Write Time":0.0,"Temp I/O Read Time":0.0,"Temp I/O Write Time":0.0,"Plans":[{"Node Type":"Seq Scan","Parent Relationship":"Outer","Parallel Aware":false,"Async Capable":false,"Relation Name":"supplier","Schema":"public","Alias":"supplier","Startup Cost":0.0,"Total Cost":317.0,"Plan Rows":10000,"Plan Width":8,"Actual Startup Time":0.008,"Actual Total Time":1.239,"Actual Rows":10000,"Actual Loops":1,"Output":["supplier.su_suppkey","supplier.su_nationkey"],"Shared Hit Blocks":217,"Shared Read Blocks":0,"Shared Dirtied Blocks":0,"Shared Written Blocks":0,"Local Hit Blocks":0,"Local Read Blocks":0,"Local Dirtied Blocks":0,"Local Written Blocks":0,"Temp Read Blocks":0,"Temp Written Blocks":0,"I/O Read Time":0.0,"I/O Write Time":0.0,"Temp I/O Read Time":0.0,"Temp I/O Write Time":0.0}]}]}]}]}]},"Planning":{"Shared Hit Blocks":226,"Shared Read Blocks":5,"Shared Dirtied Blocks":1,"Shared Written Blocks":0,"Local Hit Blocks":0,"Local Read Blocks":0,"Local Dirtied Blocks":0,"Local Written Blocks":0,"Temp Read Blocks":0,"Temp Written Blocks":0,"I/O Read Time":0.575,"I/O Write Time":0.0,"Temp I/O Read Time":0.0,"Temp I/O Write Time":0.0},"Planning Time":5.012,"Triggers":[],"Execution Time":35198.552}]
[列存组合]: customer
[{"Plan":{"Node Type":"Sort","Parallel Aware":false,"Async Capable":false,"Startup Cost":4076179.91,"Total Cost":4076180.07,"Plan Rows":62,"Plan Width":40,"Actual Startup Time":34298.492,"Actual Total Time":34298.52,"Actual Rows":11,"Actual Loops":1,"Output":["nation.n_name","(sum(order_line.ol_amount))"],"Sort Key":["(sum(order_line.ol_amount)) DESC"],"Sort Method":"quicksort","Sort Space Used":25,"Sort Space Type":"Memory","Shared Hit Blocks":780762,"Shared Read Blocks":0,"Shared Dirtied Blocks":0,"Shared Written Blocks":0,"Local Hit Blocks":0,"Local Read Blocks":0,"Local Dirtied Blocks":0,"Local Written Blocks":0,"Temp Read Blocks":288611,"Temp Written Blocks":288665,"I/O Read Time":0.0,"I/O Write Time":0.0,"Temp I/O Read Time":431.18,"Temp I/O Write Time":1157.763,"Plans":[{"Node Type":"Aggregate","Strategy":"Sorted","Partial Mode":"Simple","Parent Relationship":"Outer","Parallel Aware":false,"Async Capable":false,"Startup Cost":4076026.27,"Total Cost":4076178.06,"Plan Rows":62,"Plan Width":40,"Actual Startup Time":34292.484,"Actual Total Time":34298.502,"Actual Rows":11,"Actual Loops":1,"Output":["nation.n_name","sum(order_line.ol_amount)"],"Group Key":["nation.n_name"],"Shared Hit Blocks":780762,"Shared Read Blocks":0,"Shared Dirtied Blocks":0,"Shared Written Blocks":0,"Local Hit Blocks":0,"Local Read Blocks":0,"Local Dirtied Blocks":0,"Local Written Blocks":0,"Temp Read Blocks":288611,"Temp Written Blocks":288665,"I/O Read Time":0.0,"I/O Write Time":0.0,"Temp I/O Read Time":431.18,"Temp I/O Write Time":1157.763,"Plans":[{"Node Type":"Sort","Parent Relationship":"Outer","Parallel Aware":false,"Async Capable":false,"Startup Cost":4076026.27,"Total Cost":4076076.61,"Plan Rows":20136,"Plan Width":12,"Actual Startup Time":34292.037,"Actual Total Time":34293.892,"Actual Rows":35044,"Actual Loops":1,"Output":["nation.n_name","order_line.ol_amount"],"Sort Key":["nation.n_name"],"Sort Method":"quicksort","Sort Space Used":3146,"Sort Space Type":"Memory","Shared Hit Blocks":780762,"Shared Read Blocks":0,"Shared Dirtied Blocks":0,"Shared Written Blocks":0,"Local Hit Blocks":0,"Local Read Blocks":0,"Local Dirtied Blocks":0,"Local Written Blocks":0,"Temp Read Blocks":288611,"Temp Written Blocks":288665,"I/O Read Time":0.0,"I/O Write Time":0.0,"Temp I/O Read Time":431.18,"Temp I/O Write Time":1157.763,"Plans":[{"Node Type":"Hash Join","Parent Relationship":"Outer","Parallel Aware":false,"Async Capable":false,"Join Type":"Inner","Startup Cost":3426718.82,"Total Cost":4074586.8,"Plan Rows":20136,"Plan Width":12,"Actual Startup Time":30322.459,"Actual Total Time":34272.902,"Actual Rows":35044,"Actual Loops":1,"Output":["nation.n_name","order_line.ol_amount"],"Inner Unique":true,"Hash Cond":"((mod((stock.s_w_id * stock.s_i_id), 10000) = supplier.su_suppkey) AND (customer.c_nationkey = supplier.su_nationkey))","Shared Hit Blocks":780762,"Shared Read Blocks":0,"Shared Dirtied Blocks":0,"Shared Written Blocks":0,"Local Hit Blocks":0,"Local Read Blocks":0,"Local Dirtied Blocks":0,"Local Written Blocks":0,"Temp Read Blocks":288611,"Temp Written Blocks":288665,"I/O Read Time":0.0,"I/O Write Time":0.0,"Temp I/O Read Time":431.18,"Temp I/O Write Time":1157.763,"Plans":[{"Node Type":"Merge Join","Parent Relationship":"Outer","Parallel Aware":false,"Async Capable":false,"Join Type":"Inner","Startup Cost":3426251.82,"Total Cost":4067284.83,"Plan Rows":1242717,"Plan Width":26,"Actual Startup Time":30319.436,"Actual Total Time":33986.765,"Actual Rows":2218175,"Actual Loops":1,"Output":["customer.c_nationkey","order_line.ol_amount","stock.s_w_id","stock.s_i_id","nation.n_name","nation.n_nationkey"],"Inner Unique":true,"Merge Cond":"((customer.c_w_id = stock.s_w_id) AND (order_line.ol_i_id = stock.s_i_id))","Shared Hit Blocks":780545,"Shared Read Blocks":0,"Shared Dirtied Blocks":0,"Shared Written Blocks":0,"Local Hit Blocks":0,"Local Read Blocks":0,"Local Dirtied Blocks":0,"Local Written Blocks":0,"Temp Read Blocks":288611,"Temp Written Blocks":288665,"I/O Read Time":0.0,"I/O Write Time":0.0,"Temp I/O Read Time":431.18,"Temp I/O Write Time":1157.763,"Plans":[{"Node Type":"Sort","Parent Relationship":"Outer","Parallel Aware":false,"Async Capable":false,"Startup Cost":3426251.38,"Total Cost":3429331.92,"Plan Rows":1232214,"Plan Width":30,"Actual Startup Time":30319.369,"Actual Total Time":30919.561,"Actual Rows":2218175,"Actual Loops":1,"Output":["customer.c_w_id","customer.c_nationkey","orders.o_w_id","order_line.ol_amount","order_line.ol_w_id","order_line.ol_i_id","nation.n_name","nation.n_nationkey"],"Sort Key":["customer.c_w_id","order_line.ol_i_id"],"Sort Method":"external merge","Sort Space Used":94520,"Sort Space Type":"Disk","Shared Hit Blocks":725872,"Shared Read Blocks":0,"Shared Dirtied Blocks":0,"Shared Written Blocks":0,"Local Hit Blocks":0,"Local Read Blocks":0,"Local Dirtied Blocks":0,"Local Written Blocks":0,"Temp Read Blocks":288611,"Temp Written Blocks":288665,"I/O Read Time":0.0,"I/O Write Time":0.0,"Temp I/O Read Time":431.18,"Temp I/O Write Time":1157.763,"Plans":[{"Node Type":"Hash Join","Parent Relationship":"Outer","Parallel Aware":false,"Async Capable":false,"Join Type":"Inner","Startup Cost":797902.74,"Total Cost":3242627.55,"Plan Rows":1232214,"Plan Width":30,"Actual Startup Time":2969.932,"Actual Total Time":27679.166,"Actual Rows":2218175,"Actual Loops":1,"Output":["customer.c_w_id","customer.c_nationkey","orders.o_w_id","order_line.ol_amount","order_line.ol_w_id","order_line.ol_i_id","nation.n_name","nation.n_nationkey"],"Inner Unique":false,"Hash Cond":"(customer.c_nationkey = nation.n_nationkey)","Shared Hit Blocks":725872,"Shared Read Blocks":0,"Shared Dirtied Blocks":0,"Shared Written Blocks":0,"Local Hit Blocks":0,"Local Read Blocks":0,"Local Dirtied Blocks":0,"Local Written Blocks":0,"Temp Read Blocks":264991,"Temp Written Blocks":264991,"I/O Read Time":0.0,"I/O Write Time":0.0,"Temp I/O Read Time":397.198,"Temp I/O Write Time":1096.323,"Plans":[{"Node Type":"Hash Join","Parent Relationship":"Outer","Parallel Aware":false,"Async Capable":false,"Join Type":"Inner","Startup Cost":797899.6,"Total Cost":3207595.75,"Plan Rows":6161071,"Plan Width":18,"Actual Startup Time":2962.153,"Actual Total Time":26837.165,"Actual Rows":8568663,"Actual Loops":1,"Output":["customer.c_w_id","customer.c_nationkey","orders.o_w_id","order_line.ol_amount","order_line.ol_w_id","order_line.ol_i_id"],"Inner Unique":true,"Hash Cond":"((orders.o_c_id = customer.c_id) AND (orders.o_w_id = customer.c_w_id) AND (orders.o_d_id = customer.c_d_id))","Shared Hit Blocks":725870,"Shared Read Blocks":0,"Shared Dirtied Blocks":0,"Shared Written Blocks":0,"Local Hit Blocks":0,"Local Read Blocks":0,"Local Dirtied Blocks":0,"Local Written Blocks":0,"Temp Read Blocks":264991,"Temp Written Blocks":264991,"I/O Read Time":0.0,"I/O Write Time":0.0,"Temp I/O Read Time":397.198,"Temp I/O Write Time":1096.323,"Plans":[{"Node Type":"Hash Join","Parent Relationship":"Outer","Parallel Aware":false,"Async Capable":false,"Join Type":"Inner","Startup Cost":153803.65,"Total Cost":2413481.36,"Plan Rows":6161071,"Plan Width":20,"Actual Startup Time":622.487,"Actual Total Time":20203.9,"Actual Rows":8568663,"Actual Loops":1,"Output":["orders.o_c_id","orders.o_w_id","orders.o_d_id","order_line.ol_amount","order_line.ol_w_id","order_line.ol_d_id","order_line.ol_i_id"],"Inner Unique":true,"Hash Cond":"((order_line.ol_w_id = orders.o_w_id) AND (order_line.ol_d_id = orders.o_d_id) AND (order_line.ol_o_id = orders.o_id))","Shared Hit Blocks":725870,"Shared Read Blocks":0,"Shared Dirtied Blocks":0,"Shared Written Blocks":0,"Local Hit Blocks":0,"Local Read Blocks":0,"Local Dirtied Blocks":0,"Local Written Blocks":0,"Temp Read Blocks":200672,"Temp Written Blocks":200672,"I/O Read Time":0.0,"I/O Write Time":0.0,"Temp I/O Read Time":299.057,"Temp I/O Write Time":798.29,"Plans":[{"Node Type":"Seq Scan","Parent Relationship":"Outer","Parallel Aware":false,"Async Capable":false,"Relation Name":"order_line","Schema":"public","Alias":"order_line","Startup Cost":0.0,"Total Cost":1431670.8,"Plan Rows":42039468,"Plan Width":20,"Actual Startup Time":0.006,"Actual Total Time":7330.466,"Actual Rows":42000489,"Actual Loops":1,"Output":["order_line.ol_amount","order_line.ol_o_id","order_line.ol_w_id","order_line.ol_d_id","order_line.ol_i_id"],"Filter":"(order_line.ol_delivery_d >= '1992-01-02 20:10:02.27764'::timestamp without time zone)","Rows Removed by Filter":17993272,"Shared Hit Blocks":681748,"Shared Read Blocks":0,"Shared Dirtied Blocks":0,"Shared Written Blocks":0,"Local Hit Blocks":0,"Local Read Blocks":0,"Local Dirtied Blocks":0,"Local Written Blocks":0,"Temp Read Blocks":0,"Temp Written Blocks":0,"I/O Read Time":0.0,"I/O Write Time":0.0,"Temp I/O Read Time":0.0,"Temp I/O Write Time":0.0},{"Node Type":"Hash","Parent Relationship":"Inner","Parallel Aware":false,"Async Capable":false,"Startup Cost":134121.52,"Total Cost":134121.52,"Plan Rows":879322,"Plan Width":16,"Actual Startup Time":588.01,"Actual Total Time":588.015,"Actual Rows":856801,"Actual Loops":1,"Output":["orders.o_c_id","orders.o_w_id","orders.o_d_id","orders.o_id"],"Hash Buckets":262144,"Original Hash Buckets":262144,"Hash Batches":8,"Original Hash Batches":8,"Peak Memory Usage":7070,"Shared Hit Blocks":44122,"Shared Read Blocks":0,"Shared Dirtied Blocks":0,"Shared Written Blocks":0,"Local Hit Blocks":0,"Local Read Blocks":0,"Local Dirtied Blocks":0,"Local Written Blocks":0,"Temp Read Blocks":0,"Temp Written Blocks":3290,"I/O Read Time":0.0,"I/O Write Time":0.0,"Temp I/O Read Time":0.0,"Temp I/O Write Time":15.261,"Plans":[{"Node Type":"Seq Scan","Parent Relationship":"Outer","Parallel Aware":false,"Async Capable":false,"Relation Name":"orders","Schema":"public","Alias":"orders","Startup Cost":0.0,"Total Cost":134121.52,"Plan Rows":879322,"Plan Width":16,"Actual Startup Time":0.587,"Actual Total Time":437.042,"Actual Rows":856801,"Actual Loops":1,"Output":["orders.o_c_id","orders.o_w_id","orders.o_d_id","orders.o_id"],"Filter":"((orders.o_entry_d >= '1993-01-02 20:10:02.27764'::timestamp without time zone) AND (orders.o_entry_d < '1994-01-02 20:10:02.27764'::timestamp without time zone))","Rows Removed by Filter":5143199,"Shared Hit Blocks":44122,"Shared Read Blocks":0,"Shared Dirtied Blocks":0,"Shared Written Blocks":0,"Local Hit Blocks":0,"Local Read Blocks":0,"Local Dirtied Blocks":0,"Local Written Blocks":0,"Temp Read Blocks":0,"Temp Written Blocks":0,"I/O Read Time":0.0,"I/O Write Time":0.0,"Temp I/O Read Time":0.0,"Temp I/O Write Time":0.0}]}]},{"Node Type":"Hash","Parent Relationship":"Inner","Parallel Aware":false,"Async Capable":false,"Startup Cost":509795.49,"Total Cost":509795.49,"Plan Rows":6000140,"Plan Width":12,"Actual Startup Time":2332.538,"Actual Total Time":2332.545,"Actual Rows":6000000,"Actual Loops":1,"Output":["customer.c_id","customer.c_w_id","customer.c_d_id","customer.c_nationkey"],"Hash Buckets":262144,"Original Hash Buckets":262144,"Hash Batches":64,"Original Hash Batches":64,"Peak Memory Usage":6073,"Shared Hit Blocks":0,"Shared Read Blocks":0,"Shared Dirtied Blocks":0,"Shared Written Blocks":0,"Local Hit Blocks":0,"Local Read Blocks":0,"Local Dirtied Blocks":0,"Local Written Blocks":0,"Temp Read Blocks":0,"Temp Written Blocks":23037,"I/O Read Time":0.0,"I/O Write Time":0.0,"Temp I/O Read Time":0.0,"Temp I/O Write Time":102.766,"Plans":[{"Node Type":"Append","Parent Relationship":"Outer","Parallel Aware":false,"Async Capable":false,"Startup Cost":20.0,"Total Cost":509795.49,"Plan Rows":6000140,"Plan Width":12,"Actual Startup Time":0.052,"Actual Total Time":1324.612,"Actual Rows":6000000,"Actual Loops":1,"Shared Hit Blocks":0,"Shared Read Blocks":0,"Shared Dirtied Blocks":0,"Shared Written Blocks":0,"Local Hit Blocks":0,"Local Read Blocks":0,"Local Dirtied Blocks":0,"Local Written Blocks":0,"Temp Read Blocks":0,"Temp Written Blocks":0,"I/O Read Time":0.0,"I/O Write Time":0.0,"Temp I/O Read Time":0.0,"Temp I/O Write Time":0.0,"Subplans Removed":0,"Plans":[{"Node Type":"Custom Scan","Parent Relationship":"Member","Custom Plan Provider":"columnar scan","Parallel Aware":false,"Async Capable":false,"Relation Name":"customer","Schema":"public","Alias":"customer","Startup Cost":20.0,"Total Cost":141020.06,"Plan Rows":6000000,"Plan Width":12,"Actual Startup Time":0.049,"Actual Total Time":895.881,"Actual Rows":6000000,"Actual Loops":1,"Output":["customer.c_id","customer.c_w_id","customer.c_d_id","customer.c_nationkey"],"Rows Removed by Columnar Filter":0,"Columnar cache search mode":"native","Shared Hit Blocks":0,"Shared Read Blocks":0,"Shared Dirtied Blocks":0,"Shared Written Blocks":0,"Local Hit Blocks":0,"Local Read Blocks":0,"Local Dirtied Blocks":0,"Local Written Blocks":0,"Temp Read Blocks":0,"Temp Written Blocks":0,"I/O Read Time":0.0,"I/O Write Time":0.0,"Temp I/O Read Time":0.0,"Temp I/O Write Time":0.0},{"Node Type":"Seq Scan","Parent Relationship":"Member","Parallel Aware":false,"Async Capable":false,"Relation Name":"customer","Schema":"public","Alias":"customer","Startup Cost":0.0,"Total Cost":5.4,"Plan Rows":140,"Plan Width":12,"Actual Startup Time":0.0,"Actual Total Time":0.0,"Actual Rows":0,"Actual Loops":0,"Output":["customer.c_id","customer.c_w_id","customer.c_d_id","customer.c_nationkey"],"Shared Hit Blocks":0,"Shared Read Blocks":0,"Shared Dirtied Blocks":0,"Shared Written Blocks":0,"Local Hit Blocks":0,"Local Read Blocks":0,"Local Dirtied Blocks":0,"Local Written Blocks":0,"Temp Read Blocks":0,"Temp Written Blocks":0,"I/O Read Time":0.0,"I/O Write Time":0.0,"Temp I/O Read Time":0.0,"Temp I/O Write Time":0.0}]}]}]},{"Node Type":"Hash","Parent Relationship":"Inner","Parallel Aware":false,"Async Capable":false,"Startup Cost":2.99,"Total Cost":2.99,"Plan Rows":12,"Plan Width":12,"Actual Startup Time":0.041,"Actual Total Time":0.045,"Actual Rows":22,"Actual Loops":1,"Output":["nation.n_name","nation.n_nationkey"],"Hash Buckets":1024,"Original Hash Buckets":1024,"Hash Batches":1,"Original Hash Batches":1,"Peak Memory Usage":9,"Shared Hit Blocks":2,"Shared Read Blocks":0,"Shared Dirtied Blocks":0,"Shared Written Blocks":0,"Local Hit Blocks":0,"Local Read Blocks":0,"Local Dirtied Blocks":0,"Local Written Blocks":0,"Temp Read Blocks":0,"Temp Written Blocks":0,"I/O Read Time":0.0,"I/O Write Time":0.0,"Temp I/O Read Time":0.0,"Temp I/O Write Time":0.0,"Plans":[{"Node Type":"Hash Join","Parent Relationship":"Outer","Parallel Aware":false,"Async Capable":false,"Join Type":"Inner","Startup Cost":1.07,"Total Cost":2.99,"Plan Rows":12,"Plan Width":12,"Actual Startup Time":0.024,"Actual Total Time":0.039,"Actual Rows":22,"Actual Loops":1,"Output":["nation.n_name","nation.n_nationkey"],"Inner Unique":true,"Hash Cond":"(nation.n_regionkey = region.r_regionkey)","Shared Hit Blocks":2,"Shared Read Blocks":0,"Shared Dirtied Blocks":0,"Shared Written Blocks":0,"Local Hit Blocks":0,"Local Read Blocks":0,"Local Dirtied Blocks":0,"Local Written Blocks":0,"Temp Read Blocks":0,"Temp Written Blocks":0,"I/O Read Time":0.0,"I/O Write Time":0.0,"Temp I/O Read Time":0.0,"Temp I/O Write Time":0.0,"Plans":[{"Node Type":"Seq Scan","Parent Relationship":"Outer","Parallel Aware":false,"Async Capable":false,"Relation Name":"nation","Schema":"public","Alias":"nation","Startup Cost":0.0,"Total Cost":1.62,"Plan Rows":62,"Plan Width":16,"Actual Startup Time":0.004,"Actual Total Time":0.009,"Actual Rows":62,"Actual Loops":1,"Output":["nation.n_nationkey","nation.n_name","nation.n_regionkey","nation.n_comment"],"Shared Hit Blocks":1,"Shared Read Blocks":0,"Shared Dirtied Blocks":0,"Shared Written Blocks":0,"Local Hit Blocks":0,"Local Read Blocks":0,"Local Dirtied Blocks":0,"Local Written Blocks":0,"Temp Read Blocks":0,"Temp Written Blocks":0,"I/O Read Time":0.0,"I/O Write Time":0.0,"Temp I/O Read Time":0.0,"Temp I/O Write Time":0.0},{"Node Type":"Hash","Parent Relationship":"Inner","Parallel Aware":false,"Async Capable":false,"Startup Cost":1.06,"Total Cost":1.06,"Plan Rows":1,"Plan Width":4,"Actual Startup Time":0.01,"Actual Total Time":0.01,"Actual Rows":1,"Actual Loops":1,"Output":["region.r_regionkey"],"Hash Buckets":1024,"Original Hash Buckets":1024,"Hash Batches":1,"Original Hash Batches":1,"Peak Memory Usage":9,"Shared Hit Blocks":1,"Shared Read Blocks":0,"Shared Dirtied Blocks":0,"Shared Written Blocks":0,"Local Hit Blocks":0,"Local Read Blocks":0,"Local Dirtied Blocks":0,"Local Written Blocks":0,"Temp Read Blocks":0,"Temp Written Blocks":0,"I/O Read Time":0.0,"I/O Write Time":0.0,"Temp I/O Read Time":0.0,"Temp I/O Write Time":0.0,"Plans":[{"Node Type":"Seq Scan","Parent Relationship":"Outer","Parallel Aware":false,"Async Capable":false,"Relation Name":"region","Schema":"public","Alias":"region","Startup Cost":0.0,"Total Cost":1.06,"Plan Rows":1,"Plan Width":4,"Actual Startup Time":0.008,"Actual Total Time":0.008,"Actual Rows":1,"Actual Loops":1,"Output":["region.r_regionkey"],"Filter":"((region.r_name)::text = 'Europe'::text)","Rows Removed by Filter":4,"Shared Hit Blocks":1,"Shared Read Blocks":0,"Shared Dirtied Blocks":0,"Shared Written Blocks":0,"Local Hit Blocks":0,"Local Read Blocks":0,"Local Dirtied Blocks":0,"Local Written Blocks":0,"Temp Read Blocks":0,"Temp Written Blocks":0,"I/O Read Time":0.0,"I/O Write Time":0.0,"Temp I/O Read Time":0.0,"Temp I/O Write Time":0.0}]}]}]}]}]},{"Node Type":"Index Only Scan","Parent Relationship":"Inner","Parallel Aware":false,"Async Capable":false,"Scan Direction":"Forward","Index Name":"stock_pk","Relation Name":"stock","Schema":"public","Alias":"stock","Startup Cost":0.44,"Total Cost":519363.62,"Plan Rows":20000212,"Plan Width":6,"Actual Startup Time":0.053,"Actual Total Time":1411.137,"Actual Rows":19999994,"Actual Loops":1,"Output":["stock.s_w_id","stock.s_i_id"],"Heap Fetches":0,"Shared Hit Blocks":54673,"Shared Read Blocks":0,"Shared Dirtied Blocks":0,"Shared Written Blocks":0,"Local Hit Blocks":0,"Local Read Blocks":0,"Local Dirtied Blocks":0,"Local Written Blocks":0,"Temp Read Blocks":0,"Temp Written Blocks":0,"I/O Read Time":0.0,"I/O Write Time":0.0,"Temp I/O Read Time":0.0,"Temp I/O Write Time":0.0}]},{"Node Type":"Hash","Parent Relationship":"Inner","Parallel Aware":false,"Async Capable":false,"Startup Cost":317.0,"Total Cost":317.0,"Plan Rows":10000,"Plan Width":8,"Actual Startup Time":2.583,"Actual Total Time":2.583,"Actual Rows":10000,"Actual Loops":1,"Output":["supplier.su_suppkey","supplier.su_nationkey"],"Hash Buckets":16384,"Original Hash Buckets":16384,"Hash Batches":1,"Original Hash Batches":1,"Peak Memory Usage":519,"Shared Hit Blocks":217,"Shared Read Blocks":0,"Shared Dirtied Blocks":0,"Shared Written Blocks":0,"Local Hit Blocks":0,"Local Read Blocks":0,"Local Dirtied Blocks":0,"Local Written Blocks":0,"Temp Read Blocks":0,"Temp Written Blocks":0,"I/O Read Time":0.0,"I/O Write Time":0.0,"Temp I/O Read Time":0.0,"Temp I/O Write Time":0.0,"Plans":[{"Node Type":"Seq Scan","Parent Relationship":"Outer","Parallel Aware":false,"Async Capable":false,"Relation Name":"supplier","Schema":"public","Alias":"supplier","Startup Cost":0.0,"Total Cost":317.0,"Plan Rows":10000,"Plan Width":8,"Actual Startup Time":0.011,"Actual Total Time":1.303,"Actual Rows":10000,"Actual Loops":1,"Output":["supplier.su_suppkey","supplier.su_nationkey"],"Shared Hit Blocks":217,"Shared Read Blocks":0,"Shared Dirtied Blocks":0,"Shared Written Blocks":0,"Local Hit Blocks":0,"Local Read Blocks":0,"Local Dirtied Blocks":0,"Local Written Blocks":0,"Temp Read Blocks":0,"Temp Written Blocks":0,"I/O Read Time":0.0,"I/O Write Time":0.0,"Temp I/O Read Time":0.0,"Temp I/O Write Time":0.0}]}]}]}]}]},"Planning":{"Shared Hit Blocks":220,"Shared Read Blocks":0,"Shared Dirtied Blocks":0,"Shared Written Blocks":0,"Local Hit Blocks":0,"Local Read Blocks":0,"Local Dirtied Blocks":0,"Local Written Blocks":0,"Temp Read Blocks":0,"Temp Written Blocks":0,"I/O Read Time":0.0,"I/O Write Time":0.0,"Temp I/O Read Time":0.0,"Temp I/O Write Time":0.0},"Planning Time":4.794,"Triggers":[],"Execution Time":34317.921}]
[列存组合]: nation
[{"Plan":{"Node Type":"Sort","Parallel Aware":false,"Async Capable":false,"Startup Cost":4086375.82,"Total Cost":4086375.98,"Plan Rows":62,"Plan Width":40,"Actual Startup Time":34801.821,"Actual Total Time":34801.846,"Actual Rows":11,"Actual Loops":1,"Output":["nation.n_name","(sum(order_line.ol_amount))"],"Sort Key":["(sum(order_line.ol_amount)) DESC"],"Sort Method":"quicksort","Sort Space Used":25,"Sort Space Type":"Memory","Shared Hit Blocks":1240752,"Shared Read Blocks":0,"Shared Dirtied Blocks":0,"Shared Written Blocks":0,"Local Hit Blocks":0,"Local Read Blocks":0,"Local Dirtied Blocks":0,"Local Written Blocks":0,"Temp Read Blocks":288611,"Temp Written Blocks":288665,"I/O Read Time":0.0,"I/O Write Time":0.0,"Temp I/O Read Time":434.092,"Temp I/O Write Time":1162.743,"Plans":[{"Node Type":"Aggregate","Strategy":"Sorted","Partial Mode":"Simple","Parent Relationship":"Outer","Parallel Aware":false,"Async Capable":false,"Startup Cost":4086222.18,"Total Cost":4086373.97,"Plan Rows":62,"Plan Width":40,"Actual Startup Time":34795.909,"Actual Total Time":34801.832,"Actual Rows":11,"Actual Loops":1,"Output":["nation.n_name","sum(order_line.ol_amount)"],"Group Key":["nation.n_name"],"Shared Hit Blocks":1240752,"Shared Read Blocks":0,"Shared Dirtied Blocks":0,"Shared Written Blocks":0,"Local Hit Blocks":0,"Local Read Blocks":0,"Local Dirtied Blocks":0,"Local Written Blocks":0,"Temp Read Blocks":288611,"Temp Written Blocks":288665,"I/O Read Time":0.0,"I/O Write Time":0.0,"Temp I/O Read Time":434.092,"Temp I/O Write Time":1162.743,"Plans":[{"Node Type":"Sort","Parent Relationship":"Outer","Parallel Aware":false,"Async Capable":false,"Startup Cost":4086222.18,"Total Cost":4086272.52,"Plan Rows":20136,"Plan Width":12,"Actual Startup Time":34795.471,"Actual Total Time":34797.257,"Actual Rows":35044,"Actual Loops":1,"Output":["nation.n_name","order_line.ol_amount"],"Sort Key":["nation.n_name"],"Sort Method":"quicksort","Sort Space Used":3146,"Sort Space Type":"Memory","Shared Hit Blocks":1240752,"Shared Read Blocks":0,"Shared Dirtied Blocks":0,"Shared Written Blocks":0,"Local Hit Blocks":0,"Local Read Blocks":0,"Local Dirtied Blocks":0,"Local Written Blocks":0,"Temp Read Blocks":288611,"Temp Written Blocks":288665,"I/O Read Time":0.0,"I/O Write Time":0.0,"Temp I/O Read Time":434.092,"Temp I/O Write Time":1162.743,"Plans":[{"Node Type":"Hash Join","Parent Relationship":"Outer","Parallel Aware":false,"Async Capable":false,"Join Type":"Inner","Startup Cost":3436914.73,"Total Cost":4084782.71,"Plan Rows":20136,"Plan Width":12,"Actual Startup Time":30855.474,"Actual Total Time":34776.331,"Actual Rows":35044,"Actual Loops":1,"Output":["nation.n_name","order_line.ol_amount"],"Inner Unique":true,"Hash Cond":"((mod((stock.s_w_id * stock.s_i_id), 10000) = supplier.su_suppkey) AND (customer.c_nationkey = supplier.su_nationkey))","Shared Hit Blocks":1240752,"Shared Read Blocks":0,"Shared Dirtied Blocks":0,"Shared Written Blocks":0,"Local Hit Blocks":0,"Local Read Blocks":0,"Local Dirtied Blocks":0,"Local Written Blocks":0,"Temp Read Blocks":288611,"Temp Written Blocks":288665,"I/O Read Time":0.0,"I/O Write Time":0.0,"Temp I/O Read Time":434.092,"Temp I/O Write Time":1162.743,"Plans":[{"Node Type":"Merge Join","Parent Relationship":"Outer","Parallel Aware":false,"Async Capable":false,"Join Type":"Inner","Startup Cost":3436447.73,"Total Cost":4077480.74,"Plan Rows":1242717,"Plan Width":26,"Actual Startup Time":30852.458,"Actual Total Time":34493.67,"Actual Rows":2218175,"Actual Loops":1,"Output":["customer.c_nationkey","order_line.ol_amount","stock.s_w_id","stock.s_i_id","nation.n_name","nation.n_nationkey"],"Inner Unique":true,"Merge Cond":"((customer.c_w_id = stock.s_w_id) AND (order_line.ol_i_id = stock.s_i_id))","Shared Hit Blocks":1240535,"Shared Read Blocks":0,"Shared Dirtied Blocks":0,"Shared Written Blocks":0,"Local Hit Blocks":0,"Local Read Blocks":0,"Local Dirtied Blocks":0,"Local Written Blocks":0,"Temp Read Blocks":288611,"Temp Written Blocks":288665,"I/O Read Time":0.0,"I/O Write Time":0.0,"Temp I/O Read Time":434.092,"Temp I/O Write Time":1162.743,"Plans":[{"Node Type":"Sort","Parent Relationship":"Outer","Parallel Aware":false,"Async Capable":false,"Startup Cost":3436447.29,"Total Cost":3439527.83,"Plan Rows":1232214,"Plan Width":30,"Actual Startup Time":30852.392,"Actual Total Time":31449.13,"Actual Rows":2218175,"Actual Loops":1,"Output":["customer.c_w_id","customer.c_nationkey","orders.o_w_id","order_line.ol_amount","order_line.ol_w_id","order_line.ol_i_id","nation.n_name","nation.n_nationkey"],"Sort Key":["customer.c_w_id","order_line.ol_i_id"],"Sort Method":"external merge","Sort Space Used":94520,"Sort Space Type":"Disk","Shared Hit Blocks":1185862,"Shared Read Blocks":0,"Shared Dirtied Blocks":0,"Shared Written Blocks":0,"Local Hit Blocks":0,"Local Read Blocks":0,"Local Dirtied Blocks":0,"Local Written Blocks":0,"Temp Read Blocks":288611,"Temp Written Blocks":288665,"I/O Read Time":0.0,"I/O Write Time":0.0,"Temp I/O Read Time":434.092,"Temp I/O Write Time":1162.743,"Plans":[{"Node Type":"Hash Join","Parent Relationship":"Outer","Parallel Aware":false,"Async Capable":false,"Join Type":"Inner","Startup Cost":808098.65,"Total Cost":3252823.46,"Plan Rows":1232214,"Plan Width":30,"Actual Startup Time":3452.507,"Actual Total Time":28213.966,"Actual Rows":2218175,"Actual Loops":1,"Output":["customer.c_w_id","customer.c_nationkey","orders.o_w_id","order_line.ol_amount","order_line.ol_w_id","order_line.ol_i_id","nation.n_name","nation.n_nationkey"],"Inner Unique":false,"Hash Cond":"(customer.c_nationkey = nation.n_nationkey)","Shared Hit Blocks":1185862,"Shared Read Blocks":0,"Shared Dirtied Blocks":0,"Shared Written Blocks":0,"Local Hit Blocks":0,"Local Read Blocks":0,"Local Dirtied Blocks":0,"Local Written Blocks":0,"Temp Read Blocks":264991,"Temp Written Blocks":264991,"I/O Read Time":0.0,"I/O Write Time":0.0,"Temp I/O Read Time":398.855,"Temp I/O Write Time":1100.613,"Plans":[{"Node Type":"Hash Join","Parent Relationship":"Outer","Parallel Aware":false,"Async Capable":false,"Join Type":"Inner","Startup Cost":808095.51,"Total Cost":3217791.66,"Plan Rows":6161071,"Plan Width":18,"Actual Startup Time":3444.741,"Actual Total Time":27368.125,"Actual Rows":8568663,"Actual Loops":1,"Output":["customer.c_w_id","customer.c_nationkey","orders.o_w_id","order_line.ol_amount","order_line.ol_w_id","order_line.ol_i_id"],"Inner Unique":true,"Hash Cond":"((orders.o_c_id = customer.c_id) AND (orders.o_w_id = customer.c_w_id) AND (orders.o_d_id = customer.c_d_id))","Shared Hit Blocks":1185860,"Shared Read Blocks":0,"Shared Dirtied Blocks":0,"Shared Written Blocks":0,"Local Hit Blocks":0,"Local Read Blocks":0,"Local Dirtied Blocks":0,"Local Written Blocks":0,"Temp Read Blocks":264991,"Temp Written Blocks":264991,"I/O Read Time":0.0,"I/O Write Time":0.0,"Temp I/O Read Time":398.855,"Temp I/O Write Time":1100.613,"Plans":[{"Node Type":"Hash Join","Parent Relationship":"Outer","Parallel Aware":false,"Async Capable":false,"Join Type":"Inner","Startup Cost":153803.65,"Total Cost":2413481.36,"Plan Rows":6161071,"Plan Width":20,"Actual Startup Time":617.779,"Actual Total Time":20232.992,"Actual Rows":8568663,"Actual Loops":1,"Output":["orders.o_c_id","orders.o_w_id","orders.o_d_id","order_line.ol_amount","order_line.ol_w_id","order_line.ol_d_id","order_line.ol_i_id"],"Inner Unique":true,"Hash Cond":"((order_line.ol_w_id = orders.o_w_id) AND (order_line.ol_d_id = orders.o_d_id) AND (order_line.ol_o_id = orders.o_id))","Shared Hit Blocks":725870,"Shared Read Blocks":0,"Shared Dirtied Blocks":0,"Shared Written Blocks":0,"Local Hit Blocks":0,"Local Read Blocks":0,"Local Dirtied Blocks":0,"Local Written Blocks":0,"Temp Read Blocks":200672,"Temp Written Blocks":200672,"I/O Read Time":0.0,"I/O Write Time":0.0,"Temp I/O Read Time":300.032,"Temp I/O Write Time":793.92,"Plans":[{"Node Type":"Seq Scan","Parent Relationship":"Outer","Parallel Aware":false,"Async Capable":false,"Relation Name":"order_line","Schema":"public","Alias":"order_line","Startup Cost":0.0,"Total Cost":1431670.8,"Plan Rows":42039468,"Plan Width":20,"Actual Startup Time":0.009,"Actual Total Time":7327.68,"Actual Rows":42000489,"Actual Loops":1,"Output":["order_line.ol_amount","order_line.ol_o_id","order_line.ol_w_id","order_line.ol_d_id","order_line.ol_i_id"],"Filter":"(order_line.ol_delivery_d >= '1992-01-02 20:10:02.27764'::timestamp without time zone)","Rows Removed by Filter":17993272,"Shared Hit Blocks":681748,"Shared Read Blocks":0,"Shared Dirtied Blocks":0,"Shared Written Blocks":0,"Local Hit Blocks":0,"Local Read Blocks":0,"Local Dirtied Blocks":0,"Local Written Blocks":0,"Temp Read Blocks":0,"Temp Written Blocks":0,"I/O Read Time":0.0,"I/O Write Time":0.0,"Temp I/O Read Time":0.0,"Temp I/O Write Time":0.0},{"Node Type":"Hash","Parent Relationship":"Inner","Parallel Aware":false,"Async Capable":false,"Startup Cost":134121.52,"Total Cost":134121.52,"Plan Rows":879322,"Plan Width":16,"Actual Startup Time":583.382,"Actual Total Time":583.386,"Actual Rows":856801,"Actual Loops":1,"Output":["orders.o_c_id","orders.o_w_id","orders.o_d_id","orders.o_id"],"Hash Buckets":262144,"Original Hash Buckets":262144,"Hash Batches":8,"Original Hash Batches":8,"Peak Memory Usage":7070,"Shared Hit Blocks":44122,"Shared Read Blocks":0,"Shared Dirtied Blocks":0,"Shared Written Blocks":0,"Local Hit Blocks":0,"Local Read Blocks":0,"Local Dirtied Blocks":0,"Local Written Blocks":0,"Temp Read Blocks":0,"Temp Written Blocks":3290,"I/O Read Time":0.0,"I/O Write Time":0.0,"Temp I/O Read Time":0.0,"Temp I/O Write Time":14.603,"Plans":[{"Node Type":"Seq Scan","Parent Relationship":"Outer","Parallel Aware":false,"Async Capable":false,"Relation Name":"orders","Schema":"public","Alias":"orders","Startup Cost":0.0,"Total Cost":134121.52,"Plan Rows":879322,"Plan Width":16,"Actual Startup Time":0.648,"Actual Total Time":436.588,"Actual Rows":856801,"Actual Loops":1,"Output":["orders.o_c_id","orders.o_w_id","orders.o_d_id","orders.o_id"],"Filter":"((orders.o_entry_d >= '1993-01-02 20:10:02.27764'::timestamp without time zone) AND (orders.o_entry_d < '1994-01-02 20:10:02.27764'::timestamp without time zone))","Rows Removed by Filter":5143199,"Shared Hit Blocks":44122,"Shared Read Blocks":0,"Shared Dirtied Blocks":0,"Shared Written Blocks":0,"Local Hit Blocks":0,"Local Read Blocks":0,"Local Dirtied Blocks":0,"Local Written Blocks":0,"Temp Read Blocks":0,"Temp Written Blocks":0,"I/O Read Time":0.0,"I/O Write Time":0.0,"Temp I/O Read Time":0.0,"Temp I/O Write Time":0.0}]}]},{"Node Type":"Hash","Parent Relationship":"Inner","Parallel Aware":false,"Async Capable":false,"Startup Cost":519991.4,"Total Cost":519991.4,"Plan Rows":6000140,"Plan Width":12,"Actual Startup Time":2819.924,"Actual Total Time":2819.925,"Actual Rows":6000000,"Actual Loops":1,"Output":["customer.c_id","customer.c_w_id","customer.c_d_id","customer.c_nationkey"],"Hash Buckets":262144,"Original Hash Buckets":262144,"Hash Batches":64,"Original Hash Batches":64,"Peak Memory Usage":6073,"Shared Hit Blocks":459990,"Shared Read Blocks":0,"Shared Dirtied Blocks":0,"Shared Written Blocks":0,"Local Hit Blocks":0,"Local Read Blocks":0,"Local Dirtied Blocks":0,"Local Written Blocks":0,"Temp Read Blocks":0,"Temp Written Blocks":23037,"I/O Read Time":0.0,"I/O Write Time":0.0,"Temp I/O Read Time":0.0,"Temp I/O Write Time":110.782,"Plans":[{"Node Type":"Seq Scan","Parent Relationship":"Outer","Parallel Aware":false,"Async Capable":false,"Relation Name":"customer","Schema":"public","Alias":"customer","Startup Cost":0.0,"Total Cost":519991.4,"Plan Rows":6000140,"Plan Width":12,"Actual Startup Time":0.01,"Actual Total Time":1815.741,"Actual Rows":6000000,"Actual Loops":1,"Output":["customer.c_id","customer.c_w_id","customer.c_d_id","customer.c_nationkey"],"Shared Hit Blocks":459990,"Shared Read Blocks":0,"Shared Dirtied Blocks":0,"Shared Written Blocks":0,"Local Hit Blocks":0,"Local Read Blocks":0,"Local Dirtied Blocks":0,"Local Written Blocks":0,"Temp Read Blocks":0,"Temp Written Blocks":0,"I/O Read Time":0.0,"I/O Write Time":0.0,"Temp I/O Read Time":0.0,"Temp I/O Write Time":0.0}]}]},{"Node Type":"Hash","Parent Relationship":"Inner","Parallel Aware":false,"Async Capable":false,"Startup Cost":2.99,"Total Cost":2.99,"Plan Rows":12,"Plan Width":12,"Actual Startup Time":0.034,"Actual Total Time":0.041,"Actual Rows":22,"Actual Loops":1,"Output":["nation.n_name","nation.n_nationkey"],"Hash Buckets":1024,"Original Hash Buckets":1024,"Hash Batches":1,"Original Hash Batches":1,"Peak Memory Usage":9,"Shared Hit Blocks":2,"Shared Read Blocks":0,"Shared Dirtied Blocks":0,"Shared Written Blocks":0,"Local Hit Blocks":0,"Local Read Blocks":0,"Local Dirtied Blocks":0,"Local Written Blocks":0,"Temp Read Blocks":0,"Temp Written Blocks":0,"I/O Read Time":0.0,"I/O Write Time":0.0,"Temp I/O Read Time":0.0,"Temp I/O Write Time":0.0,"Plans":[{"Node Type":"Hash Join","Parent Relationship":"Outer","Parallel Aware":false,"Async Capable":false,"Join Type":"Inner","Startup Cost":1.07,"Total Cost":2.99,"Plan Rows":12,"Plan Width":12,"Actual Startup Time":0.019,"Actual Total Time":0.036,"Actual Rows":22,"Actual Loops":1,"Output":["nation.n_name","nation.n_nationkey"],"Inner Unique":true,"Hash Cond":"(nation.n_regionkey = region.r_regionkey)","Shared Hit Blocks":2,"Shared Read Blocks":0,"Shared Dirtied Blocks":0,"Shared Written Blocks":0,"Local Hit Blocks":0,"Local Read Blocks":0,"Local Dirtied Blocks":0,"Local Written Blocks":0,"Temp Read Blocks":0,"Temp Written Blocks":0,"I/O Read Time":0.0,"I/O Write Time":0.0,"Temp I/O Read Time":0.0,"Temp I/O Write Time":0.0,"Plans":[{"Node Type":"Seq Scan","Parent Relationship":"Outer","Parallel Aware":false,"Async Capable":false,"Relation Name":"nation","Schema":"public","Alias":"nation","Startup Cost":0.0,"Total Cost":1.62,"Plan Rows":62,"Plan Width":16,"Actual Startup Time":0.004,"Actual Total Time":0.007,"Actual Rows":62,"Actual Loops":1,"Output":["nation.n_nationkey","nation.n_name","nation.n_regionkey","nation.n_comment"],"Shared Hit Blocks":1,"Shared Read Blocks":0,"Shared Dirtied Blocks":0,"Shared Written Blocks":0,"Local Hit Blocks":0,"Local Read Blocks":0,"Local Dirtied Blocks":0,"Local Written Blocks":0,"Temp Read Blocks":0,"Temp Written Blocks":0,"I/O Read Time":0.0,"I/O Write Time":0.0,"Temp I/O Read Time":0.0,"Temp I/O Write Time":0.0},{"Node Type":"Hash","Parent Relationship":"Inner","Parallel Aware":false,"Async Capable":false,"Startup Cost":1.06,"Total Cost":1.06,"Plan Rows":1,"Plan Width":4,"Actual Startup Time":0.007,"Actual Total Time":0.011,"Actual Rows":1,"Actual Loops":1,"Output":["region.r_regionkey"],"Hash Buckets":1024,"Original Hash Buckets":1024,"Hash Batches":1,"Original Hash Batches":1,"Peak Memory Usage":9,"Shared Hit Blocks":1,"Shared Read Blocks":0,"Shared Dirtied Blocks":0,"Shared Written Blocks":0,"Local Hit Blocks":0,"Local Read Blocks":0,"Local Dirtied Blocks":0,"Local Written Blocks":0,"Temp Read Blocks":0,"Temp Written Blocks":0,"I/O Read Time":0.0,"I/O Write Time":0.0,"Temp I/O Read Time":0.0,"Temp I/O Write Time":0.0,"Plans":[{"Node Type":"Seq Scan","Parent Relationship":"Outer","Parallel Aware":false,"Async Capable":false,"Relation Name":"region","Schema":"public","Alias":"region","Startup Cost":0.0,"Total Cost":1.06,"Plan Rows":1,"Plan Width":4,"Actual Startup Time":0.006,"Actual Total Time":0.007,"Actual Rows":1,"Actual Loops":1,"Output":["region.r_regionkey"],"Filter":"((region.r_name)::text = 'Europe'::text)","Rows Removed by Filter":4,"Shared Hit Blocks":1,"Shared Read Blocks":0,"Shared Dirtied Blocks":0,"Shared Written Blocks":0,"Local Hit Blocks":0,"Local Read Blocks":0,"Local Dirtied Blocks":0,"Local Written Blocks":0,"Temp Read Blocks":0,"Temp Written Blocks":0,"I/O Read Time":0.0,"I/O Write Time":0.0,"Temp I/O Read Time":0.0,"Temp I/O Write Time":0.0}]}]}]}]}]},{"Node Type":"Index Only Scan","Parent Relationship":"Inner","Parallel Aware":false,"Async Capable":false,"Scan Direction":"Forward","Index Name":"stock_pk","Relation Name":"stock","Schema":"public","Alias":"stock","Startup Cost":0.44,"Total Cost":519363.62,"Plan Rows":20000212,"Plan Width":6,"Actual Startup Time":0.049,"Actual Total Time":1402.023,"Actual Rows":19999994,"Actual Loops":1,"Output":["stock.s_w_id","stock.s_i_id"],"Heap Fetches":0,"Shared Hit Blocks":54673,"Shared Read Blocks":0,"Shared Dirtied Blocks":0,"Shared Written Blocks":0,"Local Hit Blocks":0,"Local Read Blocks":0,"Local Dirtied Blocks":0,"Local Written Blocks":0,"Temp Read Blocks":0,"Temp Written Blocks":0,"I/O Read Time":0.0,"I/O Write Time":0.0,"Temp I/O Read Time":0.0,"Temp I/O Write Time":0.0}]},{"Node Type":"Hash","Parent Relationship":"Inner","Parallel Aware":false,"Async Capable":false,"Startup Cost":317.0,"Total Cost":317.0,"Plan Rows":10000,"Plan Width":8,"Actual Startup Time":2.585,"Actual Total Time":2.585,"Actual Rows":10000,"Actual Loops":1,"Output":["supplier.su_suppkey","supplier.su_nationkey"],"Hash Buckets":16384,"Original Hash Buckets":16384,"Hash Batches":1,"Original Hash Batches":1,"Peak Memory Usage":519,"Shared Hit Blocks":217,"Shared Read Blocks":0,"Shared Dirtied Blocks":0,"Shared Written Blocks":0,"Local Hit Blocks":0,"Local Read Blocks":0,"Local Dirtied Blocks":0,"Local Written Blocks":0,"Temp Read Blocks":0,"Temp Written Blocks":0,"I/O Read Time":0.0,"I/O Write Time":0.0,"Temp I/O Read Time":0.0,"Temp I/O Write Time":0.0,"Plans":[{"Node Type":"Seq Scan","Parent Relationship":"Outer","Parallel Aware":false,"Async Capable":false,"Relation Name":"supplier","Schema":"public","Alias":"supplier","Startup Cost":0.0,"Total Cost":317.0,"Plan Rows":10000,"Plan Width":8,"Actual Startup Time":0.009,"Actual Total Time":1.308,"Actual Rows":10000,"Actual Loops":1,"Output":["supplier.su_suppkey","supplier.su_nationkey"],"Shared Hit Blocks":217,"Shared Read Blocks":0,"Shared Dirtied Blocks":0,"Shared Written Blocks":0,"Local Hit Blocks":0,"Local Read Blocks":0,"Local Dirtied Blocks":0,"Local Written Blocks":0,"Temp Read Blocks":0,"Temp Written Blocks":0,"I/O Read Time":0.0,"I/O Write Time":0.0,"Temp I/O Read Time":0.0,"Temp I/O Write Time":0.0}]}]}]}]}]},"Planning":{"Shared Hit Blocks":220,"Shared Read Blocks":0,"Shared Dirtied Blocks":0,"Shared Written Blocks":0,"Local Hit Blocks":0,"Local Read Blocks":0,"Local Dirtied Blocks":0,"Local Written Blocks":0,"Temp Read Blocks":0,"Temp Written Blocks":0,"I/O Read Time":0.0,"I/O Write Time":0.0,"Temp I/O Read Time":0.0,"Temp I/O Write Time":0.0},"Planning Time":4.051,"Triggers":[],"Execution Time":34816.481}]
[列存组合]: order_line
[{"Plan":{"Node Type":"Sort","Parallel Aware":false,"Async Capable":false,"Startup Cost":4058303.84,"Total Cost":4058304.0,"Plan Rows":62,"Plan Width":40,"Actual Startup Time":21409.47,"Actual Total Time":21409.496,"Actual Rows":11,"Actual Loops":1,"Output":["nation.n_name","(sum(order_line.ol_amount))"],"Sort Key":["(sum(order_line.ol_amount)) DESC"],"Sort Method":"quicksort","Sort Space Used":25,"Sort Space Type":"Memory","Shared Hit Blocks":559004,"Shared Read Blocks":0,"Shared Dirtied Blocks":0,"Shared Written Blocks":0,"Local Hit Blocks":0,"Local Read Blocks":0,"Local Dirtied Blocks":0,"Local Written Blocks":0,"Temp Read Blocks":131755,"Temp Written Blocks":131809,"I/O Read Time":0.0,"I/O Write Time":0.0,"Temp I/O Read Time":202.463,"Temp I/O Write Time":553.114,"Plans":[{"Node Type":"Aggregate","Strategy":"Sorted","Partial Mode":"Simple","Parent Relationship":"Outer","Parallel Aware":false,"Async Capable":false,"Startup Cost":4058150.2,"Total Cost":4058302.0,"Plan Rows":62,"Plan Width":40,"Actual Startup Time":21403.598,"Actual Total Time":21409.481,"Actual Rows":11,"Actual Loops":1,"Output":["nation.n_name","sum(order_line.ol_amount)"],"Group Key":["nation.n_name"],"Shared Hit Blocks":559004,"Shared Read Blocks":0,"Shared Dirtied Blocks":0,"Shared Written Blocks":0,"Local Hit Blocks":0,"Local Read Blocks":0,"Local Dirtied Blocks":0,"Local Written Blocks":0,"Temp Read Blocks":131755,"Temp Written Blocks":131809,"I/O Read Time":0.0,"I/O Write Time":0.0,"Temp I/O Read Time":202.463,"Temp I/O Write Time":553.114,"Plans":[{"Node Type":"Sort","Parent Relationship":"Outer","Parallel Aware":false,"Async Capable":false,"Startup Cost":4058150.2,"Total Cost":4058200.54,"Plan Rows":20136,"Plan Width":12,"Actual Startup Time":21403.162,"Actual Total Time":21404.945,"Actual Rows":35044,"Actual Loops":1,"Output":["nation.n_name","order_line.ol_amount"],"Sort Key":["nation.n_name"],"Sort Method":"quicksort","Sort Space Used":3146,"Sort Space Type":"Memory","Shared Hit Blocks":559004,"Shared Read Blocks":0,"Shared Dirtied Blocks":0,"Shared Written Blocks":0,"Local Hit Blocks":0,"Local Read Blocks":0,"Local Dirtied Blocks":0,"Local Written Blocks":0,"Temp Read Blocks":131755,"Temp Written Blocks":131809,"I/O Read Time":0.0,"I/O Write Time":0.0,"Temp I/O Read Time":202.463,"Temp I/O Write Time":553.114,"Plans":[{"Node Type":"Hash Join","Parent Relationship":"Outer","Parallel Aware":false,"Async Capable":false,"Join Type":"Inner","Startup Cost":3408842.75,"Total Cost":4056710.73,"Plan Rows":20136,"Plan Width":12,"Actual Startup Time":17469.861,"Actual Total Time":21384.057,"Actual Rows":35044,"Actual Loops":1,"Output":["nation.n_name","order_line.ol_amount"],"Inner Unique":true,"Hash Cond":"((mod((stock.s_w_id * stock.s_i_id), 10000) = supplier.su_suppkey) AND (customer.c_nationkey = supplier.su_nationkey))","Shared Hit Blocks":559004,"Shared Read Blocks":0,"Shared Dirtied Blocks":0,"Shared Written Blocks":0,"Local Hit Blocks":0,"Local Read Blocks":0,"Local Dirtied Blocks":0,"Local Written Blocks":0,"Temp Read Blocks":131755,"Temp Written Blocks":131809,"I/O Read Time":0.0,"I/O Write Time":0.0,"Temp I/O Read Time":202.463,"Temp I/O Write Time":553.114,"Plans":[{"Node Type":"Merge Join","Parent Relationship":"Outer","Parallel Aware":false,"Async Capable":false,"Join Type":"Inner","Startup Cost":3408375.75,"Total Cost":4049408.76,"Plan Rows":1242717,"Plan Width":26,"Actual Startup Time":17466.836,"Actual Total Time":21100.546,"Actual Rows":2218175,"Actual Loops":1,"Output":["customer.c_nationkey","order_line.ol_amount","stock.s_w_id","stock.s_i_id","nation.n_name","nation.n_nationkey"],"Inner Unique":true,"Merge Cond":"((customer.c_w_id = stock.s_w_id) AND (order_line.ol_i_id = stock.s_i_id))","Shared Hit Blocks":558787,"Shared Read Blocks":0,"Shared Dirtied Blocks":0,"Shared Written Blocks":0,"Local Hit Blocks":0,"Local Read Blocks":0,"Local Dirtied Blocks":0,"Local Written Blocks":0,"Temp Read Blocks":131755,"Temp Written Blocks":131809,"I/O Read Time":0.0,"I/O Write Time":0.0,"Temp I/O Read Time":202.463,"Temp I/O Write Time":553.114,"Plans":[{"Node Type":"Sort","Parent Relationship":"Outer","Parallel Aware":false,"Async Capable":false,"Startup Cost":3408375.32,"Total Cost":3411455.85,"Plan Rows":1232214,"Plan Width":30,"Actual Startup Time":17466.772,"Actual Total Time":18063.016,"Actual Rows":2218175,"Actual Loops":1,"Output":["customer.c_w_id","customer.c_nationkey","orders.o_w_id","order_line.ol_amount","order_line.ol_w_id","order_line.ol_i_id","nation.n_name","nation.n_nationkey"],"Sort Key":["customer.c_w_id","order_line.ol_i_id"],"Sort Method":"external merge","Sort Space Used":94520,"Sort Space Type":"Disk","Shared Hit Blocks":504114,"Shared Read Blocks":0,"Shared Dirtied Blocks":0,"Shared Written Blocks":0,"Local Hit Blocks":0,"Local Read Blocks":0,"Local Dirtied Blocks":0,"Local Written Blocks":0,"Temp Read Blocks":131755,"Temp Written Blocks":131809,"I/O Read Time":0.0,"I/O Write Time":0.0,"Temp I/O Read Time":202.463,"Temp I/O Write Time":553.114,"Plans":[{"Node Type":"Hash Join","Parent Relationship":"Outer","Parallel Aware":false,"Async Capable":false,"Join Type":"Inner","Startup Cost":808118.65,"Total Cost":3224751.49,"Plan Rows":1232214,"Plan Width":30,"Actual Startup Time":3476.866,"Actual Total Time":14834.892,"Actual Rows":2218175,"Actual Loops":1,"Output":["customer.c_w_id","customer.c_nationkey","orders.o_w_id","order_line.ol_amount","order_line.ol_w_id","order_line.ol_i_id","nation.n_name","nation.n_nationkey"],"Inner Unique":false,"Hash Cond":"(customer.c_nationkey = nation.n_nationkey)","Shared Hit Blocks":504114,"Shared Read Blocks":0,"Shared Dirtied Blocks":0,"Shared Written Blocks":0,"Local Hit Blocks":0,"Local Read Blocks":0,"Local Dirtied Blocks":0,"Local Written Blocks":0,"Temp Read Blocks":108135,"Temp Written Blocks":108135,"I/O Read Time":0.0,"I/O Write Time":0.0,"Temp I/O Read Time":168.313,"Temp I/O Write Time":491.253,"Plans":[{"Node Type":"Hash Join","Parent Relationship":"Outer","Parallel Aware":false,"Async Capable":false,"Join Type":"Inner","Startup Cost":808115.51,"Total Cost":3189719.68,"Plan Rows":6161071,"Plan Width":18,"Actual Startup Time":3470.199,"Actual Total Time":13999.554,"Actual Rows":8568663,"Actual Loops":1,"Output":["customer.c_w_id","customer.c_nationkey","orders.o_w_id","order_line.ol_amount","order_line.ol_w_id","order_line.ol_i_id"],"Inner Unique":true,"Hash Cond":"((orders.o_c_id = customer.c_id) AND (orders.o_w_id = customer.c_w_id) AND (orders.o_d_id = customer.c_d_id))","Shared Hit Blocks":504112,"Shared Read Blocks":0,"Shared Dirtied Blocks":0,"Shared Written Blocks":0,"Local Hit Blocks":0,"Local Read Blocks":0,"Local Dirtied Blocks":0,"Local Written Blocks":0,"Temp Read Blocks":108135,"Temp Written Blocks":108135,"I/O Read Time":0.0,"I/O Write Time":0.0,"Temp I/O Read Time":168.313,"Temp I/O Write Time":491.253,"Plans":[{"Node Type":"Hash Join","Parent Relationship":"Outer","Parallel Aware":false,"Async Capable":false,"Join Type":"Inner","Startup Cost":153823.65,"Total Cost":2385409.38,"Plan Rows":6161071,"Plan Width":20,"Actual Startup Time":646.042,"Actual Total Time":6861.325,"Actual Rows":8568663,"Actual Loops":1,"Output":["orders.o_c_id","orders.o_w_id","orders.o_d_id","order_line.ol_amount","order_line.ol_w_id","order_line.ol_d_id","order_line.ol_i_id"],"Inner Unique":true,"Hash Cond":"((order_line.ol_w_id = orders.o_w_id) AND (order_line.ol_d_id = orders.o_d_id) AND (order_line.ol_o_id = orders.o_id))","Shared Hit Blocks":44122,"Shared Read Blocks":0,"Shared Dirtied Blocks":0,"Shared Written Blocks":0,"Local Hit Blocks":0,"Local Read Blocks":0,"Local Dirtied Blocks":0,"Local Written Blocks":0,"Temp Read Blocks":43816,"Temp Written Blocks":43816,"I/O Read Time":0.0,"I/O Write Time":0.0,"Temp I/O Read Time":68.797,"Temp I/O Write Time":187.753,"Plans":[{"Node Type":"Append","Parent Relationship":"Outer","Parallel Aware":false,"Async Capable":false,"Startup Cost":20.0,"Total Cost":1403598.82,"Plan Rows":42039468,"Plan Width":20,"Actual Startup Time":1.654,"Actual Total Time":2566.4,"Actual Rows":8620885,"Actual Loops":1,"Shared Hit Blocks":0,"Shared Read Blocks":0,"Shared Dirtied Blocks":0,"Shared Written Blocks":0,"Local Hit Blocks":0,"Local Read Blocks":0,"Local Dirtied Blocks":0,"Local Written Blocks":0,"Temp Read Blocks":0,"Temp Written Blocks":0,"I/O Read Time":0.0,"I/O Write Time":0.0,"Temp I/O Read Time":0.0,"Temp I/O Write Time":0.0,"Subplans Removed":0,"Plans":[{"Node Type":"Custom Scan","Parent Relationship":"Member","Custom Plan Provider":"columnar scan","Parallel Aware":false,"Async Capable":false,"Relation Name":"order_line","Schema":"public","Alias":"order_line","Startup Cost":20.0,"Total Cost":1072026.23,"Plan Rows":42039424,"Plan Width":20,"Actual Startup Time":1.651,"Actual Total Time":1967.911,"Actual Rows":8620885,"Actual Loops":1,"Output":["order_line.ol_amount","order_line.ol_o_id","order_line.ol_w_id","order_line.ol_d_id","order_line.ol_i_id"],"Filter":"(order_line.ol_delivery_d >= '1992-01-02 20:10:02.27764'::timestamp without time zone)","Rows Removed by Filter":0,"Rows Removed by Columnar Filter":51372876,"Rows Filtered by Bloom Filter":0,"Dictionary Rows Filtered by Bloom Filter":51372876,"Columnar cache search mode":"native","Shared Hit Blocks":0,"Shared Read Blocks":0,"Shared Dirtied Blocks":0,"Shared Written Blocks":0,"Local Hit Blocks":0,"Local Read Blocks":0,"Local Dirtied Blocks":0,"Local Written Blocks":0,"Temp Read Blocks":0,"Temp Written Blocks":0,"I/O Read Time":0.0,"I/O Write Time":0.0,"Temp I/O Read Time":0.0,"Temp I/O Write Time":0.0},{"Node Type":"Seq Scan","Parent Relationship":"Member","Parallel Aware":false,"Async Capable":false,"Relation Name":"order_line","Schema":"public","Alias":"order_line","Startup Cost":0.0,"Total Cost":4.79,"Plan Rows":44,"Plan Width":20,"Actual Startup Time":0.0,"Actual Total Time":0.0,"Actual Rows":0,"Actual Loops":0,"Output":["order_line.ol_amount","order_line.ol_o_id","order_line.ol_w_id","order_line.ol_d_id","order_line.ol_i_id"],"Filter":"(order_line.ol_delivery_d >= '1992-01-02 20:10:02.27764'::timestamp without time zone)","Rows Removed by Filter":0,"Shared Hit Blocks":0,"Shared Read Blocks":0,"Shared Dirtied Blocks":0,"Shared Written Blocks":0,"Local Hit Blocks":0,"Local Read Blocks":0,"Local Dirtied Blocks":0,"Local Written Blocks":0,"Temp Read Blocks":0,"Temp Written Blocks":0,"I/O Read Time":0.0,"I/O Write Time":0.0,"Temp I/O Read Time":0.0,"Temp I/O Write Time":0.0}]},{"Node Type":"Hash","Parent Relationship":"Inner","Parallel Aware":false,"Async Capable":false,"Startup Cost":134121.52,"Total Cost":134121.52,"Plan Rows":879322,"Plan Width":16,"Actual Startup Time":643.058,"Actual Total Time":643.061,"Actual Rows":856801,"Actual Loops":1,"Output":["orders.o_c_id","orders.o_w_id","orders.o_d_id","orders.o_id"],"Hash Buckets":262144,"Original Hash Buckets":262144,"Hash Batches":8,"Original Hash Batches":8,"Peak Memory Usage":7070,"Shared Hit Blocks":44122,"Shared Read Blocks":0,"Shared Dirtied Blocks":0,"Shared Written Blocks":0,"Local Hit Blocks":0,"Local Read Blocks":0,"Local Dirtied Blocks":0,"Local Written Blocks":0,"Temp Read Blocks":0,"Temp Written Blocks":3290,"I/O Read Time":0.0,"I/O Write Time":0.0,"Temp I/O Read Time":0.0,"Temp I/O Write Time":15.755,"Plans":[{"Node Type":"Seq Scan","Parent Relationship":"Outer","Parallel Aware":false,"Async Capable":false,"Relation Name":"orders","Schema":"public","Alias":"orders","Startup Cost":0.0,"Total Cost":134121.52,"Plan Rows":879322,"Plan Width":16,"Actual Startup Time":0.594,"Actual Total Time":440.776,"Actual Rows":856801,"Actual Loops":1,"Output":["orders.o_c_id","orders.o_w_id","orders.o_d_id","orders.o_id"],"Filter":"((orders.o_entry_d >= '1993-01-02 20:10:02.27764'::timestamp without time zone) AND (orders.o_entry_d < '1994-01-02 20:10:02.27764'::timestamp without time zone))","Rows Removed by Filter":5143199,"Shared Hit Blocks":44122,"Shared Read Blocks":0,"Shared Dirtied Blocks":0,"Shared Written Blocks":0,"Local Hit Blocks":0,"Local Read Blocks":0,"Local Dirtied Blocks":0,"Local Written Blocks":0,"Temp Read Blocks":0,"Temp Written Blocks":0,"I/O Read Time":0.0,"I/O Write Time":0.0,"Temp I/O Read Time":0.0,"Temp I/O Write Time":0.0}]}]},{"Node Type":"Hash","Parent Relationship":"Inner","Parallel Aware":false,"Async Capable":false,"Startup Cost":519991.4,"Total Cost":519991.4,"Plan Rows":6000140,"Plan Width":12,"Actual Startup Time":2817.702,"Actual Total Time":2817.704,"Actual Rows":6000000,"Actual Loops":1,"Output":["customer.c_id","customer.c_w_id","customer.c_d_id","customer.c_nationkey"],"Hash Buckets":262144,"Original Hash Buckets":262144,"Hash Batches":64,"Original Hash Batches":64,"Peak Memory Usage":6073,"Shared Hit Blocks":459990,"Shared Read Blocks":0,"Shared Dirtied Blocks":0,"Shared Written Blocks":0,"Local Hit Blocks":0,"Local Read Blocks":0,"Local Dirtied Blocks":0,"Local Written Blocks":0,"Temp Read Blocks":0,"Temp Written Blocks":23037,"I/O Read Time":0.0,"I/O Write Time":0.0,"Temp I/O Read Time":0.0,"Temp I/O Write Time":114.718,"Plans":[{"Node Type":"Seq Scan","Parent Relationship":"Outer","Parallel Aware":false,"Async Capable":false,"Relation Name":"customer","Schema":"public","Alias":"customer","Startup Cost":0.0,"Total Cost":519991.4,"Plan Rows":6000140,"Plan Width":12,"Actual Startup Time":0.013,"Actual Total Time":1799.256,"Actual Rows":6000000,"Actual Loops":1,"Output":["customer.c_id","customer.c_w_id","customer.c_d_id","customer.c_nationkey"],"Shared Hit Blocks":459990,"Shared Read Blocks":0,"Shared Dirtied Blocks":0,"Shared Written Blocks":0,"Local Hit Blocks":0,"Local Read Blocks":0,"Local Dirtied Blocks":0,"Local Written Blocks":0,"Temp Read Blocks":0,"Temp Written Blocks":0,"I/O Read Time":0.0,"I/O Write Time":0.0,"Temp I/O Read Time":0.0,"Temp I/O Write Time":0.0}]}]},{"Node Type":"Hash","Parent Relationship":"Inner","Parallel Aware":false,"Async Capable":false,"Startup Cost":2.99,"Total Cost":2.99,"Plan Rows":12,"Plan Width":12,"Actual Startup Time":0.042,"Actual Total Time":0.046,"Actual Rows":22,"Actual Loops":1,"Output":["nation.n_name","nation.n_nationkey"],"Hash Buckets":1024,"Original Hash Buckets":1024,"Hash Batches":1,"Original Hash Batches":1,"Peak Memory Usage":9,"Shared Hit Blocks":2,"Shared Read Blocks":0,"Shared Dirtied Blocks":0,"Shared Written Blocks":0,"Local Hit Blocks":0,"Local Read Blocks":0,"Local Dirtied Blocks":0,"Local Written Blocks":0,"Temp Read Blocks":0,"Temp Written Blocks":0,"I/O Read Time":0.0,"I/O Write Time":0.0,"Temp I/O Read Time":0.0,"Temp I/O Write Time":0.0,"Plans":[{"Node Type":"Hash Join","Parent Relationship":"Outer","Parallel Aware":false,"Async Capable":false,"Join Type":"Inner","Startup Cost":1.07,"Total Cost":2.99,"Plan Rows":12,"Plan Width":12,"Actual Startup Time":0.024,"Actual Total Time":0.039,"Actual Rows":22,"Actual Loops":1,"Output":["nation.n_name","nation.n_nationkey"],"Inner Unique":true,"Hash Cond":"(nation.n_regionkey = region.r_regionkey)","Shared Hit Blocks":2,"Shared Read Blocks":0,"Shared Dirtied Blocks":0,"Shared Written Blocks":0,"Local Hit Blocks":0,"Local Read Blocks":0,"Local Dirtied Blocks":0,"Local Written Blocks":0,"Temp Read Blocks":0,"Temp Written Blocks":0,"I/O Read Time":0.0,"I/O Write Time":0.0,"Temp I/O Read Time":0.0,"Temp I/O Write Time":0.0,"Plans":[{"Node Type":"Seq Scan","Parent Relationship":"Outer","Parallel Aware":false,"Async Capable":false,"Relation Name":"nation","Schema":"public","Alias":"nation","Startup Cost":0.0,"Total Cost":1.62,"Plan Rows":62,"Plan Width":16,"Actual Startup Time":0.005,"Actual Total Time":0.009,"Actual Rows":62,"Actual Loops":1,"Output":["nation.n_nationkey","nation.n_name","nation.n_regionkey","nation.n_comment"],"Shared Hit Blocks":1,"Shared Read Blocks":0,"Shared Dirtied Blocks":0,"Shared Written Blocks":0,"Local Hit Blocks":0,"Local Read Blocks":0,"Local Dirtied Blocks":0,"Local Written Blocks":0,"Temp Read Blocks":0,"Temp Written Blocks":0,"I/O Read Time":0.0,"I/O Write Time":0.0,"Temp I/O Read Time":0.0,"Temp I/O Write Time":0.0},{"Node Type":"Hash","Parent Relationship":"Inner","Parallel Aware":false,"Async Capable":false,"Startup Cost":1.06,"Total Cost":1.06,"Plan Rows":1,"Plan Width":4,"Actual Startup Time":0.008,"Actual Total Time":0.009,"Actual Rows":1,"Actual Loops":1,"Output":["region.r_regionkey"],"Hash Buckets":1024,"Original Hash Buckets":1024,"Hash Batches":1,"Original Hash Batches":1,"Peak Memory Usage":9,"Shared Hit Blocks":1,"Shared Read Blocks":0,"Shared Dirtied Blocks":0,"Shared Written Blocks":0,"Local Hit Blocks":0,"Local Read Blocks":0,"Local Dirtied Blocks":0,"Local Written Blocks":0,"Temp Read Blocks":0,"Temp Written Blocks":0,"I/O Read Time":0.0,"I/O Write Time":0.0,"Temp I/O Read Time":0.0,"Temp I/O Write Time":0.0,"Plans":[{"Node Type":"Seq Scan","Parent Relationship":"Outer","Parallel Aware":false,"Async Capable":false,"Relation Name":"region","Schema":"public","Alias":"region","Startup Cost":0.0,"Total Cost":1.06,"Plan Rows":1,"Plan Width":4,"Actual Startup Time":0.006,"Actual Total Time":0.007,"Actual Rows":1,"Actual Loops":1,"Output":["region.r_regionkey"],"Filter":"((region.r_name)::text = 'Europe'::text)","Rows Removed by Filter":4,"Shared Hit Blocks":1,"Shared Read Blocks":0,"Shared Dirtied Blocks":0,"Shared Written Blocks":0,"Local Hit Blocks":0,"Local Read Blocks":0,"Local Dirtied Blocks":0,"Local Written Blocks":0,"Temp Read Blocks":0,"Temp Written Blocks":0,"I/O Read Time":0.0,"I/O Write Time":0.0,"Temp I/O Read Time":0.0,"Temp I/O Write Time":0.0}]}]}]}]}]},{"Node Type":"Index Only Scan","Parent Relationship":"Inner","Parallel Aware":false,"Async Capable":false,"Scan Direction":"Forward","Index Name":"stock_pk","Relation Name":"stock","Schema":"public","Alias":"stock","Startup Cost":0.44,"Total Cost":519363.62,"Plan Rows":20000212,"Plan Width":6,"Actual Startup Time":0.047,"Actual Total Time":1398.443,"Actual Rows":19999994,"Actual Loops":1,"Output":["stock.s_w_id","stock.s_i_id"],"Heap Fetches":0,"Shared Hit Blocks":54673,"Shared Read Blocks":0,"Shared Dirtied Blocks":0,"Shared Written Blocks":0,"Local Hit Blocks":0,"Local Read Blocks":0,"Local Dirtied Blocks":0,"Local Written Blocks":0,"Temp Read Blocks":0,"Temp Written Blocks":0,"I/O Read Time":0.0,"I/O Write Time":0.0,"Temp I/O Read Time":0.0,"Temp I/O Write Time":0.0}]},{"Node Type":"Hash","Parent Relationship":"Inner","Parallel Aware":false,"Async Capable":false,"Startup Cost":317.0,"Total Cost":317.0,"Plan Rows":10000,"Plan Width":8,"Actual Startup Time":2.592,"Actual Total Time":2.592,"Actual Rows":10000,"Actual Loops":1,"Output":["supplier.su_suppkey","supplier.su_nationkey"],"Hash Buckets":16384,"Original Hash Buckets":16384,"Hash Batches":1,"Original Hash Batches":1,"Peak Memory Usage":519,"Shared Hit Blocks":217,"Shared Read Blocks":0,"Shared Dirtied Blocks":0,"Shared Written Blocks":0,"Local Hit Blocks":0,"Local Read Blocks":0,"Local Dirtied Blocks":0,"Local Written Blocks":0,"Temp Read Blocks":0,"Temp Written Blocks":0,"I/O Read Time":0.0,"I/O Write Time":0.0,"Temp I/O Read Time":0.0,"Temp I/O Write Time":0.0,"Plans":[{"Node Type":"Seq Scan","Parent Relationship":"Outer","Parallel Aware":false,"Async Capable":false,"Relation Name":"supplier","Schema":"public","Alias":"supplier","Startup Cost":0.0,"Total Cost":317.0,"Plan Rows":10000,"Plan Width":8,"Actual Startup Time":0.011,"Actual Total Time":1.305,"Actual Rows":10000,"Actual Loops":1,"Output":["supplier.su_suppkey","supplier.su_nationkey"],"Shared Hit Blocks":217,"Shared Read Blocks":0,"Shared Dirtied Blocks":0,"Shared Written Blocks":0,"Local Hit Blocks":0,"Local Read Blocks":0,"Local Dirtied Blocks":0,"Local Written Blocks":0,"Temp Read Blocks":0,"Temp Written Blocks":0,"I/O Read Time":0.0,"I/O Write Time":0.0,"Temp I/O Read Time":0.0,"Temp I/O Write Time":0.0}]}]}]}]}]},"Planning":{"Shared Hit Blocks":220,"Shared Read Blocks":0,"Shared Dirtied Blocks":0,"Shared Written Blocks":0,"Local Hit Blocks":0,"Local Read Blocks":0,"Local Dirtied Blocks":0,"Local Written Blocks":0,"Temp Read Blocks":0,"Temp Written Blocks":0,"I/O Read Time":0.0,"I/O Write Time":0.0,"Temp I/O Read Time":0.0,"Temp I/O Write Time":0.0},"Planning Time":4.89,"Triggers":[],"Execution Time":21424.363}]
[列存组合]: orders
[{"Plan":{"Node Type":"Sort","Parallel Aware":false,"Async Capable":false,"Startup Cost":4083746.0,"Total Cost":4083746.16,"Plan Rows":62,"Plan Width":40,"Actual Startup Time":34464.76,"Actual Total Time":34464.788,"Actual Rows":11,"Actual Loops":1,"Output":["nation.n_name","(sum(order_line.ol_amount))"],"Sort Key":["(sum(order_line.ol_amount)) DESC"],"Sort Method":"quicksort","Sort Space Used":25,"Sort Space Type":"Memory","Shared Hit Blocks":1196630,"Shared Read Blocks":0,"Shared Dirtied Blocks":0,"Shared Written Blocks":0,"Local Hit Blocks":0,"Local Read Blocks":0,"Local Dirtied Blocks":0,"Local Written Blocks":0,"Temp Read Blocks":288611,"Temp Written Blocks":288665,"I/O Read Time":0.0,"I/O Write Time":0.0,"Temp I/O Read Time":433.316,"Temp I/O Write Time":1169.283,"Plans":[{"Node Type":"Aggregate","Strategy":"Sorted","Partial Mode":"Simple","Parent Relationship":"Outer","Parallel Aware":false,"Async Capable":false,"Startup Cost":4083592.36,"Total Cost":4083744.16,"Plan Rows":62,"Plan Width":40,"Actual Startup Time":34458.792,"Actual Total Time":34464.771,"Actual Rows":11,"Actual Loops":1,"Output":["nation.n_name","sum(order_line.ol_amount)"],"Group Key":["nation.n_name"],"Shared Hit Blocks":1196630,"Shared Read Blocks":0,"Shared Dirtied Blocks":0,"Shared Written Blocks":0,"Local Hit Blocks":0,"Local Read Blocks":0,"Local Dirtied Blocks":0,"Local Written Blocks":0,"Temp Read Blocks":288611,"Temp Written Blocks":288665,"I/O Read Time":0.0,"I/O Write Time":0.0,"Temp I/O Read Time":433.316,"Temp I/O Write Time":1169.283,"Plans":[{"Node Type":"Sort","Parent Relationship":"Outer","Parallel Aware":false,"Async Capable":false,"Startup Cost":4083592.36,"Total Cost":4083642.7,"Plan Rows":20136,"Plan Width":12,"Actual Startup Time":34458.353,"Actual Total Time":34460.172,"Actual Rows":35044,"Actual Loops":1,"Output":["nation.n_name","order_line.ol_amount"],"Sort Key":["nation.n_name"],"Sort Method":"quicksort","Sort Space Used":3146,"Sort Space Type":"Memory","Shared Hit Blocks":1196630,"Shared Read Blocks":0,"Shared Dirtied Blocks":0,"Shared Written Blocks":0,"Local Hit Blocks":0,"Local Read Blocks":0,"Local Dirtied Blocks":0,"Local Written Blocks":0,"Temp Read Blocks":288611,"Temp Written Blocks":288665,"I/O Read Time":0.0,"I/O Write Time":0.0,"Temp I/O Read Time":433.316,"Temp I/O Write Time":1169.283,"Plans":[{"Node Type":"Hash Join","Parent Relationship":"Outer","Parallel Aware":false,"Async Capable":false,"Join Type":"Inner","Startup Cost":3434284.91,"Total Cost":4082152.89,"Plan Rows":20136,"Plan Width":12,"Actual Startup Time":30527.039,"Actual Total Time":34439.546,"Actual Rows":35044,"Actual Loops":1,"Output":["nation.n_name","order_line.ol_amount"],"Inner Unique":true,"Hash Cond":"((mod((stock.s_w_id * stock.s_i_id), 10000) = supplier.su_suppkey) AND (customer.c_nationkey = supplier.su_nationkey))","Shared Hit Blocks":1196630,"Shared Read Blocks":0,"Shared Dirtied Blocks":0,"Shared Written Blocks":0,"Local Hit Blocks":0,"Local Read Blocks":0,"Local Dirtied Blocks":0,"Local Written Blocks":0,"Temp Read Blocks":288611,"Temp Written Blocks":288665,"I/O Read Time":0.0,"I/O Write Time":0.0,"Temp I/O Read Time":433.316,"Temp I/O Write Time":1169.283,"Plans":[{"Node Type":"Merge Join","Parent Relationship":"Outer","Parallel Aware":false,"Async Capable":false,"Join Type":"Inner","Startup Cost":3433817.91,"Total Cost":4074850.92,"Plan Rows":1242717,"Plan Width":26,"Actual Startup Time":30523.647,"Actual Total Time":34157.363,"Actual Rows":2218175,"Actual Loops":1,"Output":["customer.c_nationkey","order_line.ol_amount","stock.s_w_id","stock.s_i_id","nation.n_name","nation.n_nationkey"],"Inner Unique":true,"Merge Cond":"((customer.c_w_id = stock.s_w_id) AND (order_line.ol_i_id = stock.s_i_id))","Shared Hit Blocks":1196413,"Shared Read Blocks":0,"Shared Dirtied Blocks":0,"Shared Written Blocks":0,"Local Hit Blocks":0,"Local Read Blocks":0,"Local Dirtied Blocks":0,"Local Written Blocks":0,"Temp Read Blocks":288611,"Temp Written Blocks":288665,"I/O Read Time":0.0,"I/O Write Time":0.0,"Temp I/O Read Time":433.316,"Temp I/O Write Time":1169.283,"Plans":[{"Node Type":"Sort","Parent Relationship":"Outer","Parallel Aware":false,"Async Capable":false,"Startup Cost":3433817.48,"Total Cost":3436898.01,"Plan Rows":1232214,"Plan Width":30,"Actual Startup Time":30523.588,"Actual Total Time":31119.023,"Actual Rows":2218175,"Actual Loops":1,"Output":["customer.c_w_id","customer.c_nationkey","orders.o_w_id","order_line.ol_amount","order_line.ol_w_id","order_line.ol_i_id","nation.n_name","nation.n_nationkey"],"Sort Key":["customer.c_w_id","order_line.ol_i_id"],"Sort Method":"external merge","Sort Space Used":94520,"Sort Space Type":"Disk","Shared Hit Blocks":1141740,"Shared Read Blocks":0,"Shared Dirtied Blocks":0,"Shared Written Blocks":0,"Local Hit Blocks":0,"Local Read Blocks":0,"Local Dirtied Blocks":0,"Local Written Blocks":0,"Temp Read Blocks":288611,"Temp Written Blocks":288665,"I/O Read Time":0.0,"I/O Write Time":0.0,"Temp I/O Read Time":433.316,"Temp I/O Write Time":1169.283,"Plans":[{"Node Type":"Hash Join","Parent Relationship":"Outer","Parallel Aware":false,"Async Capable":false,"Join Type":"Inner","Startup Cost":805468.83,"Total Cost":3250193.65,"Plan Rows":1232214,"Plan Width":30,"Actual Startup Time":3230.094,"Actual Total Time":27883.94,"Actual Rows":2218175,"Actual Loops":1,"Output":["customer.c_w_id","customer.c_nationkey","orders.o_w_id","order_line.ol_amount","order_line.ol_w_id","order_line.ol_i_id","nation.n_name","nation.n_nationkey"],"Inner Unique":false,"Hash Cond":"(customer.c_nationkey = nation.n_nationkey)","Shared Hit Blocks":1141740,"Shared Read Blocks":0,"Shared Dirtied Blocks":0,"Shared Written Blocks":0,"Local Hit Blocks":0,"Local Read Blocks":0,"Local Dirtied Blocks":0,"Local Written Blocks":0,"Temp Read Blocks":264991,"Temp Written Blocks":264991,"I/O Read Time":0.0,"I/O Write Time":0.0,"Temp I/O Read Time":398.785,"Temp I/O Write Time":1107.372,"Plans":[{"Node Type":"Hash Join","Parent Relationship":"Outer","Parallel Aware":false,"Async Capable":false,"Join Type":"Inner","Startup Cost":805465.69,"Total Cost":3215161.84,"Plan Rows":6161071,"Plan Width":18,"Actual Startup Time":3222.396,"Actual Total Time":27045.558,"Actual Rows":8568663,"Actual Loops":1,"Output":["customer.c_w_id","customer.c_nationkey","orders.o_w_id","order_line.ol_amount","order_line.ol_w_id","order_line.ol_i_id"],"Inner Unique":true,"Hash Cond":"((orders.o_c_id = customer.c_id) AND (orders.o_w_id = customer.c_w_id) AND (orders.o_d_id = customer.c_d_id))","Shared Hit Blocks":1141738,"Shared Read Blocks":0,"Shared Dirtied Blocks":0,"Shared Written Blocks":0,"Local Hit Blocks":0,"Local Read Blocks":0,"Local Dirtied Blocks":0,"Local Written Blocks":0,"Temp Read Blocks":264991,"Temp Written Blocks":264991,"I/O Read Time":0.0,"I/O Write Time":0.0,"Temp I/O Read Time":398.785,"Temp I/O Write Time":1107.372,"Plans":[{"Node Type":"Hash Join","Parent Relationship":"Outer","Parallel Aware":false,"Async Capable":false,"Join Type":"Inner","Startup Cost":151173.84,"Total Cost":2410851.54,"Plan Rows":6161071,"Plan Width":20,"Actual Startup Time":385.607,"Actual Total Time":19918.723,"Actual Rows":8568663,"Actual Loops":1,"Output":["orders.o_c_id","orders.o_w_id","orders.o_d_id","order_line.ol_amount","order_line.ol_w_id","order_line.ol_d_id","order_line.ol_i_id"],"Inner Unique":true,"Hash Cond":"((order_line.ol_w_id = orders.o_w_id) AND (order_line.ol_d_id = orders.o_d_id) AND (order_line.ol_o_id = orders.o_id))","Shared Hit Blocks":681748,"Shared Read Blocks":0,"Shared Dirtied Blocks":0,"Shared Written Blocks":0,"Local Hit Blocks":0,"Local Read Blocks":0,"Local Dirtied Blocks":0,"Local Written Blocks":0,"Temp Read Blocks":200672,"Temp Written Blocks":200672,"I/O Read Time":0.0,"I/O Write Time":0.0,"Temp I/O Read Time":301.229,"Temp I/O Write Time":800.194,"Plans":[{"Node Type":"Seq Scan","Parent Relationship":"Outer","Parallel Aware":false,"Async Capable":false,"Relation Name":"order_line","Schema":"public","Alias":"order_line","Startup Cost":0.0,"Total Cost":1431670.8,"Plan Rows":42039468,"Plan Width":20,"Actual Startup Time":0.006,"Actual Total Time":7319.545,"Actual Rows":42000489,"Actual Loops":1,"Output":["order_line.ol_amount","order_line.ol_o_id","order_line.ol_w_id","order_line.ol_d_id","order_line.ol_i_id"],"Filter":"(order_line.ol_delivery_d >= '1992-01-02 20:10:02.27764'::timestamp without time zone)","Rows Removed by Filter":17993272,"Shared Hit Blocks":681748,"Shared Read Blocks":0,"Shared Dirtied Blocks":0,"Shared Written Blocks":0,"Local Hit Blocks":0,"Local Read Blocks":0,"Local Dirtied Blocks":0,"Local Written Blocks":0,"Temp Read Blocks":0,"Temp Written Blocks":0,"I/O Read Time":0.0,"I/O Write Time":0.0,"Temp I/O Read Time":0.0,"Temp I/O Write Time":0.0},{"Node Type":"Hash","Parent Relationship":"Inner","Parallel Aware":false,"Async Capable":false,"Startup Cost":131491.69,"Total Cost":131491.69,"Plan Rows":879323,"Plan Width":16,"Actual Startup Time":351.348,"Actual Total Time":351.358,"Actual Rows":856801,"Actual Loops":1,"Output":["orders.o_c_id","orders.o_w_id","orders.o_d_id","orders.o_id"],"Hash Buckets":262144,"Original Hash Buckets":262144,"Hash Batches":8,"Original Hash Batches":8,"Peak Memory Usage":7070,"Shared Hit Blocks":0,"Shared Read Blocks":0,"Shared Dirtied Blocks":0,"Shared Written Blocks":0,"Local Hit Blocks":0,"Local Read Blocks":0,"Local Dirtied Blocks":0,"Local Written Blocks":0,"Temp Read Blocks":0,"Temp Written Blocks":3290,"I/O Read Time":0.0,"I/O Write Time":0.0,"Temp I/O Read Time":0.0,"Temp I/O Write Time":14.186,"Plans":[{"Node Type":"Append","Parent Relationship":"Outer","Parallel Aware":false,"Async Capable":false,"Startup Cost":20.0,"Total Cost":131491.69,"Plan Rows":879323,"Plan Width":16,"Actual Startup Time":0.614,"Actual Total Time":199.864,"Actual Rows":856801,"Actual Loops":1,"Shared Hit Blocks":0,"Shared Read Blocks":0,"Shared Dirtied Blocks":0,"Shared Written Blocks":0,"Local Hit Blocks":0,"Local Read Blocks":0,"Local Dirtied Blocks":0,"Local Written Blocks":0,"Temp Read Blocks":0,"Temp Written Blocks":0,"I/O Read Time":0.0,"I/O Write Time":0.0,"Temp I/O Read Time":0.0,"Temp I/O Write Time":0.0,"Subplans Removed":0,"Plans":[{"Node Type":"Custom Scan","Parent Relationship":"Member","Custom Plan Provider":"columnar scan","Parallel Aware":false,"Async Capable":false,"Relation Name":"orders","Schema":"public","Alias":"orders","Startup Cost":20.0,"Total Cost":20684.21,"Plan Rows":879322,"Plan Width":16,"Actual Startup Time":0.612,"Actual Total Time":139.804,"Actual Rows":856801,"Actual Loops":1,"Output":["orders.o_c_id","orders.o_w_id","orders.o_d_id","orders.o_id"],"Filter":"((orders.o_entry_d < '1994-01-02 20:10:02.27764'::timestamp without time zone) AND (orders.o_entry_d >= '1993-01-02 20:10:02.27764'::timestamp without time zone))","Rows Removed by Filter":0,"Rows Removed by Columnar Filter":5143199,"Columnar cache search mode":"native","Shared Hit Blocks":0,"Shared Read Blocks":0,"Shared Dirtied Blocks":0,"Shared Written Blocks":0,"Local Hit Blocks":0,"Local Read Blocks":0,"Local Dirtied Blocks":0,"Local Written Blocks":0,"Temp Read Blocks":0,"Temp Written Blocks":0,"I/O Read Time":0.0,"I/O Write Time":0.0,"Temp I/O Read Time":0.0,"Temp I/O Write Time":0.0},{"Node Type":"Seq Scan","Parent Relationship":"Member","Parallel Aware":false,"Async Capable":false,"Relation Name":"orders","Schema":"public","Alias":"orders","Startup Cost":0.0,"Total Cost":4.01,"Plan Rows":1,"Plan Width":16,"Actual Startup Time":0.0,"Actual Total Time":0.0,"Actual Rows":0,"Actual Loops":0,"Output":["orders.o_c_id","orders.o_w_id","orders.o_d_id","orders.o_id"],"Filter":"((orders.o_entry_d < '1994-01-02 20:10:02.27764'::timestamp without time zone) AND (orders.o_entry_d >= '1993-01-02 20:10:02.27764'::timestamp without time zone))","Rows Removed by Filter":0,"Shared Hit Blocks":0,"Shared Read Blocks":0,"Shared Dirtied Blocks":0,"Shared Written Blocks":0,"Local Hit Blocks":0,"Local Read Blocks":0,"Local Dirtied Blocks":0,"Local Written Blocks":0,"Temp Read Blocks":0,"Temp Written Blocks":0,"I/O Read Time":0.0,"I/O Write Time":0.0,"Temp I/O Read Time":0.0,"Temp I/O Write Time":0.0}]}]}]},{"Node Type":"Hash","Parent Relationship":"Inner","Parallel Aware":false,"Async Capable":false,"Startup Cost":519991.4,"Total Cost":519991.4,"Plan Rows":6000140,"Plan Width":12,"Actual Startup Time":2829.765,"Actual Total Time":2829.767,"Actual Rows":6000000,"Actual Loops":1,"Output":["customer.c_id","customer.c_w_id","customer.c_d_id","customer.c_nationkey"],"Hash Buckets":262144,"Original Hash Buckets":262144,"Hash Batches":64,"Original Hash Batches":64,"Peak Memory Usage":6073,"Shared Hit Blocks":459990,"Shared Read Blocks":0,"Shared Dirtied Blocks":0,"Shared Written Blocks":0,"Local Hit Blocks":0,"Local Read Blocks":0,"Local Dirtied Blocks":0,"Local Written Blocks":0,"Temp Read Blocks":0,"Temp Written Blocks":23037,"I/O Read Time":0.0,"I/O Write Time":0.0,"Temp I/O Read Time":0.0,"Temp I/O Write Time":112.049,"Plans":[{"Node Type":"Seq Scan","Parent Relationship":"Outer","Parallel Aware":false,"Async Capable":false,"Relation Name":"customer","Schema":"public","Alias":"customer","Startup Cost":0.0,"Total Cost":519991.4,"Plan Rows":6000140,"Plan Width":12,"Actual Startup Time":0.01,"Actual Total Time":1814.616,"Actual Rows":6000000,"Actual Loops":1,"Output":["customer.c_id","customer.c_w_id","customer.c_d_id","customer.c_nationkey"],"Shared Hit Blocks":459990,"Shared Read Blocks":0,"Shared Dirtied Blocks":0,"Shared Written Blocks":0,"Local Hit Blocks":0,"Local Read Blocks":0,"Local Dirtied Blocks":0,"Local Written Blocks":0,"Temp Read Blocks":0,"Temp Written Blocks":0,"I/O Read Time":0.0,"I/O Write Time":0.0,"Temp I/O Read Time":0.0,"Temp I/O Write Time":0.0}]}]},{"Node Type":"Hash","Parent Relationship":"Inner","Parallel Aware":false,"Async Capable":false,"Startup Cost":2.99,"Total Cost":2.99,"Plan Rows":12,"Plan Width":12,"Actual Startup Time":0.041,"Actual Total Time":0.045,"Actual Rows":22,"Actual Loops":1,"Output":["nation.n_name","nation.n_nationkey"],"Hash Buckets":1024,"Original Hash Buckets":1024,"Hash Batches":1,"Original Hash Batches":1,"Peak Memory Usage":9,"Shared Hit Blocks":2,"Shared Read Blocks":0,"Shared Dirtied Blocks":0,"Shared Written Blocks":0,"Local Hit Blocks":0,"Local Read Blocks":0,"Local Dirtied Blocks":0,"Local Written Blocks":0,"Temp Read Blocks":0,"Temp Written Blocks":0,"I/O Read Time":0.0,"I/O Write Time":0.0,"Temp I/O Read Time":0.0,"Temp I/O Write Time":0.0,"Plans":[{"Node Type":"Hash Join","Parent Relationship":"Outer","Parallel Aware":false,"Async Capable":false,"Join Type":"Inner","Startup Cost":1.07,"Total Cost":2.99,"Plan Rows":12,"Plan Width":12,"Actual Startup Time":0.024,"Actual Total Time":0.039,"Actual Rows":22,"Actual Loops":1,"Output":["nation.n_name","nation.n_nationkey"],"Inner Unique":true,"Hash Cond":"(nation.n_regionkey = region.r_regionkey)","Shared Hit Blocks":2,"Shared Read Blocks":0,"Shared Dirtied Blocks":0,"Shared Written Blocks":0,"Local Hit Blocks":0,"Local Read Blocks":0,"Local Dirtied Blocks":0,"Local Written Blocks":0,"Temp Read Blocks":0,"Temp Written Blocks":0,"I/O Read Time":0.0,"I/O Write Time":0.0,"Temp I/O Read Time":0.0,"Temp I/O Write Time":0.0,"Plans":[{"Node Type":"Seq Scan","Parent Relationship":"Outer","Parallel Aware":false,"Async Capable":false,"Relation Name":"nation","Schema":"public","Alias":"nation","Startup Cost":0.0,"Total Cost":1.62,"Plan Rows":62,"Plan Width":16,"Actual Startup Time":0.004,"Actual Total Time":0.008,"Actual Rows":62,"Actual Loops":1,"Output":["nation.n_nationkey","nation.n_name","nation.n_regionkey","nation.n_comment"],"Shared Hit Blocks":1,"Shared Read Blocks":0,"Shared Dirtied Blocks":0,"Shared Written Blocks":0,"Local Hit Blocks":0,"Local Read Blocks":0,"Local Dirtied Blocks":0,"Local Written Blocks":0,"Temp Read Blocks":0,"Temp Written Blocks":0,"I/O Read Time":0.0,"I/O Write Time":0.0,"Temp I/O Read Time":0.0,"Temp I/O Write Time":0.0},{"Node Type":"Hash","Parent Relationship":"Inner","Parallel Aware":false,"Async Capable":false,"Startup Cost":1.06,"Total Cost":1.06,"Plan Rows":1,"Plan Width":4,"Actual Startup Time":0.009,"Actual Total Time":0.01,"Actual Rows":1,"Actual Loops":1,"Output":["region.r_regionkey"],"Hash Buckets":1024,"Original Hash Buckets":1024,"Hash Batches":1,"Original Hash Batches":1,"Peak Memory Usage":9,"Shared Hit Blocks":1,"Shared Read Blocks":0,"Shared Dirtied Blocks":0,"Shared Written Blocks":0,"Local Hit Blocks":0,"Local Read Blocks":0,"Local Dirtied Blocks":0,"Local Written Blocks":0,"Temp Read Blocks":0,"Temp Written Blocks":0,"I/O Read Time":0.0,"I/O Write Time":0.0,"Temp I/O Read Time":0.0,"Temp I/O Write Time":0.0,"Plans":[{"Node Type":"Seq Scan","Parent Relationship":"Outer","Parallel Aware":false,"Async Capable":false,"Relation Name":"region","Schema":"public","Alias":"region","Startup Cost":0.0,"Total Cost":1.06,"Plan Rows":1,"Plan Width":4,"Actual Startup Time":0.007,"Actual Total Time":0.008,"Actual Rows":1,"Actual Loops":1,"Output":["region.r_regionkey"],"Filter":"((region.r_name)::text = 'Europe'::text)","Rows Removed by Filter":4,"Shared Hit Blocks":1,"Shared Read Blocks":0,"Shared Dirtied Blocks":0,"Shared Written Blocks":0,"Local Hit Blocks":0,"Local Read Blocks":0,"Local Dirtied Blocks":0,"Local Written Blocks":0,"Temp Read Blocks":0,"Temp Written Blocks":0,"I/O Read Time":0.0,"I/O Write Time":0.0,"Temp I/O Read Time":0.0,"Temp I/O Write Time":0.0}]}]}]}]}]},{"Node Type":"Index Only Scan","Parent Relationship":"Inner","Parallel Aware":false,"Async Capable":false,"Scan Direction":"Forward","Index Name":"stock_pk","Relation Name":"stock","Schema":"public","Alias":"stock","Startup Cost":0.44,"Total Cost":519363.62,"Plan Rows":20000212,"Plan Width":6,"Actual Startup Time":0.044,"Actual Total Time":1398.939,"Actual Rows":19999994,"Actual Loops":1,"Output":["stock.s_w_id","stock.s_i_id"],"Heap Fetches":0,"Shared Hit Blocks":54673,"Shared Read Blocks":0,"Shared Dirtied Blocks":0,"Shared Written Blocks":0,"Local Hit Blocks":0,"Local Read Blocks":0,"Local Dirtied Blocks":0,"Local Written Blocks":0,"Temp Read Blocks":0,"Temp Written Blocks":0,"I/O Read Time":0.0,"I/O Write Time":0.0,"Temp I/O Read Time":0.0,"Temp I/O Write Time":0.0}]},{"Node Type":"Hash","Parent Relationship":"Inner","Parallel Aware":false,"Async Capable":false,"Startup Cost":317.0,"Total Cost":317.0,"Plan Rows":10000,"Plan Width":8,"Actual Startup Time":2.957,"Actual Total Time":2.958,"Actual Rows":10000,"Actual Loops":1,"Output":["supplier.su_suppkey","supplier.su_nationkey"],"Hash Buckets":16384,"Original Hash Buckets":16384,"Hash Batches":1,"Original Hash Batches":1,"Peak Memory Usage":519,"Shared Hit Blocks":217,"Shared Read Blocks":0,"Shared Dirtied Blocks":0,"Shared Written Blocks":0,"Local Hit Blocks":0,"Local Read Blocks":0,"Local Dirtied Blocks":0,"Local Written Blocks":0,"Temp Read Blocks":0,"Temp Written Blocks":0,"I/O Read Time":0.0,"I/O Write Time":0.0,"Temp I/O Read Time":0.0,"Temp I/O Write Time":0.0,"Plans":[{"Node Type":"Seq Scan","Parent Relationship":"Outer","Parallel Aware":false,"Async Capable":false,"Relation Name":"supplier","Schema":"public","Alias":"supplier","Startup Cost":0.0,"Total Cost":317.0,"Plan Rows":10000,"Plan Width":8,"Actual Startup Time":0.011,"Actual Total Time":1.312,"Actual Rows":10000,"Actual Loops":1,"Output":["supplier.su_suppkey","supplier.su_nationkey"],"Shared Hit Blocks":217,"Shared Read Blocks":0,"Shared Dirtied Blocks":0,"Shared Written Blocks":0,"Local Hit Blocks":0,"Local Read Blocks":0,"Local Dirtied Blocks":0,"Local Written Blocks":0,"Temp Read Blocks":0,"Temp Written Blocks":0,"I/O Read Time":0.0,"I/O Write Time":0.0,"Temp I/O Read Time":0.0,"Temp I/O Write Time":0.0}]}]}]}]}]},"Planning":{"Shared Hit Blocks":220,"Shared Read Blocks":0,"Shared Dirtied Blocks":0,"Shared Written Blocks":0,"Local Hit Blocks":0,"Local Read Blocks":0,"Local Dirtied Blocks":0,"Local Written Blocks":0,"Temp Read Blocks":0,"Temp Written Blocks":0,"I/O Read Time":0.0,"I/O Write Time":0.0,"Temp I/O Read Time":0.0,"Temp I/O Write Time":0.0},"Planning Time":5.057,"Triggers":[],"Execution Time":34479.446}]
[列存组合]: region
[{"Plan":{"Node Type":"Sort","Parallel Aware":false,"Async Capable":false,"Startup Cost":4086375.82,"Total Cost":4086375.98,"Plan Rows":62,"Plan Width":40,"Actual Startup Time":34702.259,"Actual Total Time":34702.287,"Actual Rows":11,"Actual Loops":1,"Output":["nation.n_name","(sum(order_line.ol_amount))"],"Sort Key":["(sum(order_line.ol_amount)) DESC"],"Sort Method":"quicksort","Sort Space Used":25,"Sort Space Type":"Memory","Shared Hit Blocks":1240752,"Shared Read Blocks":0,"Shared Dirtied Blocks":0,"Shared Written Blocks":0,"Local Hit Blocks":0,"Local Read Blocks":0,"Local Dirtied Blocks":0,"Local Written Blocks":0,"Temp Read Blocks":288611,"Temp Written Blocks":288665,"I/O Read Time":0.0,"I/O Write Time":0.0,"Temp I/O Read Time":434.776,"Temp I/O Write Time":1166.95,"Plans":[{"Node Type":"Aggregate","Strategy":"Sorted","Partial Mode":"Simple","Parent Relationship":"Outer","Parallel Aware":false,"Async Capable":false,"Startup Cost":4086222.18,"Total Cost":4086373.97,"Plan Rows":62,"Plan Width":40,"Actual Startup Time":34696.344,"Actual Total Time":34702.272,"Actual Rows":11,"Actual Loops":1,"Output":["nation.n_name","sum(order_line.ol_amount)"],"Group Key":["nation.n_name"],"Shared Hit Blocks":1240752,"Shared Read Blocks":0,"Shared Dirtied Blocks":0,"Shared Written Blocks":0,"Local Hit Blocks":0,"Local Read Blocks":0,"Local Dirtied Blocks":0,"Local Written Blocks":0,"Temp Read Blocks":288611,"Temp Written Blocks":288665,"I/O Read Time":0.0,"I/O Write Time":0.0,"Temp I/O Read Time":434.776,"Temp I/O Write Time":1166.95,"Plans":[{"Node Type":"Sort","Parent Relationship":"Outer","Parallel Aware":false,"Async Capable":false,"Startup Cost":4086222.18,"Total Cost":4086272.52,"Plan Rows":20136,"Plan Width":12,"Actual Startup Time":34695.907,"Actual Total Time":34697.731,"Actual Rows":35044,"Actual Loops":1,"Output":["nation.n_name","order_line.ol_amount"],"Sort Key":["nation.n_name"],"Sort Method":"quicksort","Sort Space Used":3146,"Sort Space Type":"Memory","Shared Hit Blocks":1240752,"Shared Read Blocks":0,"Shared Dirtied Blocks":0,"Shared Written Blocks":0,"Local Hit Blocks":0,"Local Read Blocks":0,"Local Dirtied Blocks":0,"Local Written Blocks":0,"Temp Read Blocks":288611,"Temp Written Blocks":288665,"I/O Read Time":0.0,"I/O Write Time":0.0,"Temp I/O Read Time":434.776,"Temp I/O Write Time":1166.95,"Plans":[{"Node Type":"Hash Join","Parent Relationship":"Outer","Parallel Aware":false,"Async Capable":false,"Join Type":"Inner","Startup Cost":3436914.73,"Total Cost":4084782.71,"Plan Rows":20136,"Plan Width":12,"Actual Startup Time":30757.578,"Actual Total Time":34676.959,"Actual Rows":35044,"Actual Loops":1,"Output":["nation.n_name","order_line.ol_amount"],"Inner Unique":true,"Hash Cond":"((mod((stock.s_w_id * stock.s_i_id), 10000) = supplier.su_suppkey) AND (customer.c_nationkey = supplier.su_nationkey))","Shared Hit Blocks":1240752,"Shared Read Blocks":0,"Shared Dirtied Blocks":0,"Shared Written Blocks":0,"Local Hit Blocks":0,"Local Read Blocks":0,"Local Dirtied Blocks":0,"Local Written Blocks":0,"Temp Read Blocks":288611,"Temp Written Blocks":288665,"I/O Read Time":0.0,"I/O Write Time":0.0,"Temp I/O Read Time":434.776,"Temp I/O Write Time":1166.95,"Plans":[{"Node Type":"Merge Join","Parent Relationship":"Outer","Parallel Aware":false,"Async Capable":false,"Join Type":"Inner","Startup Cost":3436447.73,"Total Cost":4077480.74,"Plan Rows":1242717,"Plan Width":26,"Actual Startup Time":30753.973,"Actual Total Time":34394.89,"Actual Rows":2218175,"Actual Loops":1,"Output":["customer.c_nationkey","order_line.ol_amount","stock.s_w_id","stock.s_i_id","nation.n_name","nation.n_nationkey"],"Inner Unique":true,"Merge Cond":"((customer.c_w_id = stock.s_w_id) AND (order_line.ol_i_id = stock.s_i_id))","Shared Hit Blocks":1240535,"Shared Read Blocks":0,"Shared Dirtied Blocks":0,"Shared Written Blocks":0,"Local Hit Blocks":0,"Local Read Blocks":0,"Local Dirtied Blocks":0,"Local Written Blocks":0,"Temp Read Blocks":288611,"Temp Written Blocks":288665,"I/O Read Time":0.0,"I/O Write Time":0.0,"Temp I/O Read Time":434.776,"Temp I/O Write Time":1166.95,"Plans":[{"Node Type":"Sort","Parent Relationship":"Outer","Parallel Aware":false,"Async Capable":false,"Startup Cost":3436447.29,"Total Cost":3439527.83,"Plan Rows":1232214,"Plan Width":30,"Actual Startup Time":30753.913,"Actual Total Time":31350.612,"Actual Rows":2218175,"Actual Loops":1,"Output":["customer.c_w_id","customer.c_nationkey","orders.o_w_id","order_line.ol_amount","order_line.ol_w_id","order_line.ol_i_id","nation.n_name","nation.n_nationkey"],"Sort Key":["customer.c_w_id","order_line.ol_i_id"],"Sort Method":"external merge","Sort Space Used":94520,"Sort Space Type":"Disk","Shared Hit Blocks":1185862,"Shared Read Blocks":0,"Shared Dirtied Blocks":0,"Shared Written Blocks":0,"Local Hit Blocks":0,"Local Read Blocks":0,"Local Dirtied Blocks":0,"Local Written Blocks":0,"Temp Read Blocks":288611,"Temp Written Blocks":288665,"I/O Read Time":0.0,"I/O Write Time":0.0,"Temp I/O Read Time":434.776,"Temp I/O Write Time":1166.95,"Plans":[{"Node Type":"Hash Join","Parent Relationship":"Outer","Parallel Aware":false,"Async Capable":false,"Join Type":"Inner","Startup Cost":808098.65,"Total Cost":3252823.46,"Plan Rows":1232214,"Plan Width":30,"Actual Startup Time":3426.553,"Actual Total Time":28115.482,"Actual Rows":2218175,"Actual Loops":1,"Output":["customer.c_w_id","customer.c_nationkey","orders.o_w_id","order_line.ol_amount","order_line.ol_w_id","order_line.ol_i_id","nation.n_name","nation.n_nationkey"],"Inner Unique":false,"Hash Cond":"(customer.c_nationkey = nation.n_nationkey)","Shared Hit Blocks":1185862,"Shared Read Blocks":0,"Shared Dirtied Blocks":0,"Shared Written Blocks":0,"Local Hit Blocks":0,"Local Read Blocks":0,"Local Dirtied Blocks":0,"Local Written Blocks":0,"Temp Read Blocks":264991,"Temp Written Blocks":264991,"I/O Read Time":0.0,"I/O Write Time":0.0,"Temp I/O Read Time":399.416,"Temp I/O Write Time":1104.823,"Plans":[{"Node Type":"Hash Join","Parent Relationship":"Outer","Parallel Aware":false,"Async Capable":false,"Join Type":"Inner","Startup Cost":808095.51,"Total Cost":3217791.66,"Plan Rows":6161071,"Plan Width":18,"Actual Startup Time":3418.817,"Actual Total Time":27281.57,"Actual Rows":8568663,"Actual Loops":1,"Output":["customer.c_w_id","customer.c_nationkey","orders.o_w_id","order_line.ol_amount","order_line.ol_w_id","order_line.ol_i_id"],"Inner Unique":true,"Hash Cond":"((orders.o_c_id = customer.c_id) AND (orders.o_w_id = customer.c_w_id) AND (orders.o_d_id = customer.c_d_id))","Shared Hit Blocks":1185860,"Shared Read Blocks":0,"Shared Dirtied Blocks":0,"Shared Written Blocks":0,"Local Hit Blocks":0,"Local Read Blocks":0,"Local Dirtied Blocks":0,"Local Written Blocks":0,"Temp Read Blocks":264991,"Temp Written Blocks":264991,"I/O Read Time":0.0,"I/O Write Time":0.0,"Temp I/O Read Time":399.416,"Temp I/O Write Time":1104.823,"Plans":[{"Node Type":"Hash Join","Parent Relationship":"Outer","Parallel Aware":false,"Async Capable":false,"Join Type":"Inner","Startup Cost":153803.65,"Total Cost":2413481.36,"Plan Rows":6161071,"Plan Width":20,"Actual Startup Time":617.15,"Actual Total Time":20178.42,"Actual Rows":8568663,"Actual Loops":1,"Output":["orders.o_c_id","orders.o_w_id","orders.o_d_id","order_line.ol_amount","order_line.ol_w_id","order_line.ol_d_id","order_line.ol_i_id"],"Inner Unique":true,"Hash Cond":"((order_line.ol_w_id = orders.o_w_id) AND (order_line.ol_d_id = orders.o_d_id) AND (order_line.ol_o_id = orders.o_id))","Shared Hit Blocks":725870,"Shared Read Blocks":0,"Shared Dirtied Blocks":0,"Shared Written Blocks":0,"Local Hit Blocks":0,"Local Read Blocks":0,"Local Dirtied Blocks":0,"Local Written Blocks":0,"Temp Read Blocks":200672,"Temp Written Blocks":200672,"I/O Read Time":0.0,"I/O Write Time":0.0,"Temp I/O Read Time":300.966,"Temp I/O Write Time":796.936,"Plans":[{"Node Type":"Seq Scan","Parent Relationship":"Outer","Parallel Aware":false,"Async Capable":false,"Relation Name":"order_line","Schema":"public","Alias":"order_line","Startup Cost":0.0,"Total Cost":1431670.8,"Plan Rows":42039468,"Plan Width":20,"Actual Startup Time":0.006,"Actual Total Time":7303.648,"Actual Rows":42000489,"Actual Loops":1,"Output":["order_line.ol_amount","order_line.ol_o_id","order_line.ol_w_id","order_line.ol_d_id","order_line.ol_i_id"],"Filter":"(order_line.ol_delivery_d >= '1992-01-02 20:10:02.27764'::timestamp without time zone)","Rows Removed by Filter":17993272,"Shared Hit Blocks":681748,"Shared Read Blocks":0,"Shared Dirtied Blocks":0,"Shared Written Blocks":0,"Local Hit Blocks":0,"Local Read Blocks":0,"Local Dirtied Blocks":0,"Local Written Blocks":0,"Temp Read Blocks":0,"Temp Written Blocks":0,"I/O Read Time":0.0,"I/O Write Time":0.0,"Temp I/O Read Time":0.0,"Temp I/O Write Time":0.0},{"Node Type":"Hash","Parent Relationship":"Inner","Parallel Aware":false,"Async Capable":false,"Startup Cost":134121.52,"Total Cost":134121.52,"Plan Rows":879322,"Plan Width":16,"Actual Startup Time":583.123,"Actual Total Time":583.127,"Actual Rows":856801,"Actual Loops":1,"Output":["orders.o_c_id","orders.o_w_id","orders.o_d_id","orders.o_id"],"Hash Buckets":262144,"Original Hash Buckets":262144,"Hash Batches":8,"Original Hash Batches":8,"Peak Memory Usage":7070,"Shared Hit Blocks":44122,"Shared Read Blocks":0,"Shared Dirtied Blocks":0,"Shared Written Blocks":0,"Local Hit Blocks":0,"Local Read Blocks":0,"Local Dirtied Blocks":0,"Local Written Blocks":0,"Temp Read Blocks":0,"Temp Written Blocks":3290,"I/O Read Time":0.0,"I/O Write Time":0.0,"Temp I/O Read Time":0.0,"Temp I/O Write Time":14.655,"Plans":[{"Node Type":"Seq Scan","Parent Relationship":"Outer","Parallel Aware":false,"Async Capable":false,"Relation Name":"orders","Schema":"public","Alias":"orders","Startup Cost":0.0,"Total Cost":134121.52,"Plan Rows":879322,"Plan Width":16,"Actual Startup Time":0.607,"Actual Total Time":436.625,"Actual Rows":856801,"Actual Loops":1,"Output":["orders.o_c_id","orders.o_w_id","orders.o_d_id","orders.o_id"],"Filter":"((orders.o_entry_d >= '1993-01-02 20:10:02.27764'::timestamp without time zone) AND (orders.o_entry_d < '1994-01-02 20:10:02.27764'::timestamp without time zone))","Rows Removed by Filter":5143199,"Shared Hit Blocks":44122,"Shared Read Blocks":0,"Shared Dirtied Blocks":0,"Shared Written Blocks":0,"Local Hit Blocks":0,"Local Read Blocks":0,"Local Dirtied Blocks":0,"Local Written Blocks":0,"Temp Read Blocks":0,"Temp Written Blocks":0,"I/O Read Time":0.0,"I/O Write Time":0.0,"Temp I/O Read Time":0.0,"Temp I/O Write Time":0.0}]}]},{"Node Type":"Hash","Parent Relationship":"Inner","Parallel Aware":false,"Async Capable":false,"Startup Cost":519991.4,"Total Cost":519991.4,"Plan Rows":6000140,"Plan Width":12,"Actual Startup Time":2794.463,"Actual Total Time":2794.465,"Actual Rows":6000000,"Actual Loops":1,"Output":["customer.c_id","customer.c_w_id","customer.c_d_id","customer.c_nationkey"],"Hash Buckets":262144,"Original Hash Buckets":262144,"Hash Batches":64,"Original Hash Batches":64,"Peak Memory Usage":6073,"Shared Hit Blocks":459990,"Shared Read Blocks":0,"Shared Dirtied Blocks":0,"Shared Written Blocks":0,"Local Hit Blocks":0,"Local Read Blocks":0,"Local Dirtied Blocks":0,"Local Written Blocks":0,"Temp Read Blocks":0,"Temp Written Blocks":23037,"I/O Read Time":0.0,"I/O Write Time":0.0,"Temp I/O Read Time":0.0,"Temp I/O Write Time":112.066,"Plans":[{"Node Type":"Seq Scan","Parent Relationship":"Outer","Parallel Aware":false,"Async Capable":false,"Relation Name":"customer","Schema":"public","Alias":"customer","Startup Cost":0.0,"Total Cost":519991.4,"Plan Rows":6000140,"Plan Width":12,"Actual Startup Time":0.008,"Actual Total Time":1798.465,"Actual Rows":6000000,"Actual Loops":1,"Output":["customer.c_id","customer.c_w_id","customer.c_d_id","customer.c_nationkey"],"Shared Hit Blocks":459990,"Shared Read Blocks":0,"Shared Dirtied Blocks":0,"Shared Written Blocks":0,"Local Hit Blocks":0,"Local Read Blocks":0,"Local Dirtied Blocks":0,"Local Written Blocks":0,"Temp Read Blocks":0,"Temp Written Blocks":0,"I/O Read Time":0.0,"I/O Write Time":0.0,"Temp I/O Read Time":0.0,"Temp I/O Write Time":0.0}]}]},{"Node Type":"Hash","Parent Relationship":"Inner","Parallel Aware":false,"Async Capable":false,"Startup Cost":2.99,"Total Cost":2.99,"Plan Rows":12,"Plan Width":12,"Actual Startup Time":0.036,"Actual Total Time":0.044,"Actual Rows":22,"Actual Loops":1,"Output":["nation.n_name","nation.n_nationkey"],"Hash Buckets":1024,"Original Hash Buckets":1024,"Hash Batches":1,"Original Hash Batches":1,"Peak Memory Usage":9,"Shared Hit Blocks":2,"Shared Read Blocks":0,"Shared Dirtied Blocks":0,"Shared Written Blocks":0,"Local Hit Blocks":0,"Local Read Blocks":0,"Local Dirtied Blocks":0,"Local Written Blocks":0,"Temp Read Blocks":0,"Temp Written Blocks":0,"I/O Read Time":0.0,"I/O Write Time":0.0,"Temp I/O Read Time":0.0,"Temp I/O Write Time":0.0,"Plans":[{"Node Type":"Hash Join","Parent Relationship":"Outer","Parallel Aware":false,"Async Capable":false,"Join Type":"Inner","Startup Cost":1.07,"Total Cost":2.99,"Plan Rows":12,"Plan Width":12,"Actual Startup Time":0.019,"Actual Total Time":0.039,"Actual Rows":22,"Actual Loops":1,"Output":["nation.n_name","nation.n_nationkey"],"Inner Unique":true,"Hash Cond":"(nation.n_regionkey = region.r_regionkey)","Shared Hit Blocks":2,"Shared Read Blocks":0,"Shared Dirtied Blocks":0,"Shared Written Blocks":0,"Local Hit Blocks":0,"Local Read Blocks":0,"Local Dirtied Blocks":0,"Local Written Blocks":0,"Temp Read Blocks":0,"Temp Written Blocks":0,"I/O Read Time":0.0,"I/O Write Time":0.0,"Temp I/O Read Time":0.0,"Temp I/O Write Time":0.0,"Plans":[{"Node Type":"Seq Scan","Parent Relationship":"Outer","Parallel Aware":false,"Async Capable":false,"Relation Name":"nation","Schema":"public","Alias":"nation","Startup Cost":0.0,"Total Cost":1.62,"Plan Rows":62,"Plan Width":16,"Actual Startup Time":0.004,"Actual Total Time":0.008,"Actual Rows":62,"Actual Loops":1,"Output":["nation.n_nationkey","nation.n_name","nation.n_regionkey","nation.n_comment"],"Shared Hit Blocks":1,"Shared Read Blocks":0,"Shared Dirtied Blocks":0,"Shared Written Blocks":0,"Local Hit Blocks":0,"Local Read Blocks":0,"Local Dirtied Blocks":0,"Local Written Blocks":0,"Temp Read Blocks":0,"Temp Written Blocks":0,"I/O Read Time":0.0,"I/O Write Time":0.0,"Temp I/O Read Time":0.0,"Temp I/O Write Time":0.0},{"Node Type":"Hash","Parent Relationship":"Inner","Parallel Aware":false,"Async Capable":false,"Startup Cost":1.06,"Total Cost":1.06,"Plan Rows":1,"Plan Width":4,"Actual Startup Time":0.007,"Actual Total Time":0.013,"Actual Rows":1,"Actual Loops":1,"Output":["region.r_regionkey"],"Hash Buckets":1024,"Original Hash Buckets":1024,"Hash Batches":1,"Original Hash Batches":1,"Peak Memory Usage":9,"Shared Hit Blocks":1,"Shared Read Blocks":0,"Shared Dirtied Blocks":0,"Shared Written Blocks":0,"Local Hit Blocks":0,"Local Read Blocks":0,"Local Dirtied Blocks":0,"Local Written Blocks":0,"Temp Read Blocks":0,"Temp Written Blocks":0,"I/O Read Time":0.0,"I/O Write Time":0.0,"Temp I/O Read Time":0.0,"Temp I/O Write Time":0.0,"Plans":[{"Node Type":"Seq Scan","Parent Relationship":"Outer","Parallel Aware":false,"Async Capable":false,"Relation Name":"region","Schema":"public","Alias":"region","Startup Cost":0.0,"Total Cost":1.06,"Plan Rows":1,"Plan Width":4,"Actual Startup Time":0.006,"Actual Total Time":0.007,"Actual Rows":1,"Actual Loops":1,"Output":["region.r_regionkey"],"Filter":"((region.r_name)::text = 'Europe'::text)","Rows Removed by Filter":4,"Shared Hit Blocks":1,"Shared Read Blocks":0,"Shared Dirtied Blocks":0,"Shared Written Blocks":0,"Local Hit Blocks":0,"Local Read Blocks":0,"Local Dirtied Blocks":0,"Local Written Blocks":0,"Temp Read Blocks":0,"Temp Written Blocks":0,"I/O Read Time":0.0,"I/O Write Time":0.0,"Temp I/O Read Time":0.0,"Temp I/O Write Time":0.0}]}]}]}]}]},{"Node Type":"Index Only Scan","Parent Relationship":"Inner","Parallel Aware":false,"Async Capable":false,"Scan Direction":"Forward","Index Name":"stock_pk","Relation Name":"stock","Schema":"public","Alias":"stock","Startup Cost":0.44,"Total Cost":519363.62,"Plan Rows":20000212,"Plan Width":6,"Actual Startup Time":0.045,"Actual Total Time":1400.11,"Actual Rows":19999994,"Actual Loops":1,"Output":["stock.s_w_id","stock.s_i_id"],"Heap Fetches":0,"Shared Hit Blocks":54673,"Shared Read Blocks":0,"Shared Dirtied Blocks":0,"Shared Written Blocks":0,"Local Hit Blocks":0,"Local Read Blocks":0,"Local Dirtied Blocks":0,"Local Written Blocks":0,"Temp Read Blocks":0,"Temp Written Blocks":0,"I/O Read Time":0.0,"I/O Write Time":0.0,"Temp I/O Read Time":0.0,"Temp I/O Write Time":0.0}]},{"Node Type":"Hash","Parent Relationship":"Inner","Parallel Aware":false,"Async Capable":false,"Startup Cost":317.0,"Total Cost":317.0,"Plan Rows":10000,"Plan Width":8,"Actual Startup Time":3.201,"Actual Total Time":3.201,"Actual Rows":10000,"Actual Loops":1,"Output":["supplier.su_suppkey","supplier.su_nationkey"],"Hash Buckets":16384,"Original Hash Buckets":16384,"Hash Batches":1,"Original Hash Batches":1,"Peak Memory Usage":519,"Shared Hit Blocks":217,"Shared Read Blocks":0,"Shared Dirtied Blocks":0,"Shared Written Blocks":0,"Local Hit Blocks":0,"Local Read Blocks":0,"Local Dirtied Blocks":0,"Local Written Blocks":0,"Temp Read Blocks":0,"Temp Written Blocks":0,"I/O Read Time":0.0,"I/O Write Time":0.0,"Temp I/O Read Time":0.0,"Temp I/O Write Time":0.0,"Plans":[{"Node Type":"Seq Scan","Parent Relationship":"Outer","Parallel Aware":false,"Async Capable":false,"Relation Name":"supplier","Schema":"public","Alias":"supplier","Startup Cost":0.0,"Total Cost":317.0,"Plan Rows":10000,"Plan Width":8,"Actual Startup Time":0.008,"Actual Total Time":1.915,"Actual Rows":10000,"Actual Loops":1,"Output":["supplier.su_suppkey","supplier.su_nationkey"],"Shared Hit Blocks":217,"Shared Read Blocks":0,"Shared Dirtied Blocks":0,"Shared Written Blocks":0,"Local Hit Blocks":0,"Local Read Blocks":0,"Local Dirtied Blocks":0,"Local Written Blocks":0,"Temp Read Blocks":0,"Temp Written Blocks":0,"I/O Read Time":0.0,"I/O Write Time":0.0,"Temp I/O Read Time":0.0,"Temp I/O Write Time":0.0}]}]}]}]}]},"Planning":{"Shared Hit Blocks":220,"Shared Read Blocks":0,"Shared Dirtied Blocks":0,"Shared Written Blocks":0,"Local Hit Blocks":0,"Local Read Blocks":0,"Local Dirtied Blocks":0,"Local Written Blocks":0,"Temp Read Blocks":0,"Temp Written Blocks":0,"I/O Read Time":0.0,"I/O Write Time":0.0,"Temp I/O Read Time":0.0,"Temp I/O Write Time":0.0},"Planning Time":4.052,"Triggers":[],"Execution Time":34716.944}]
[列存组合]: stock
[{"Plan":{"Node Type":"Sort","Parallel Aware":false,"Async Capable":false,"Startup Cost":4086375.82,"Total Cost":4086375.98,"Plan Rows":62,"Plan Width":40,"Actual Startup Time":34755.369,"Actual Total Time":34755.393,"Actual Rows":11,"Actual Loops":1,"Output":["nation.n_name","(sum(order_line.ol_amount))"],"Sort Key":["(sum(order_line.ol_amount)) DESC"],"Sort Method":"quicksort","Sort Space Used":25,"Sort Space Type":"Memory","Shared Hit Blocks":1240752,"Shared Read Blocks":0,"Shared Dirtied Blocks":0,"Shared Written Blocks":0,"Local Hit Blocks":0,"Local Read Blocks":0,"Local Dirtied Blocks":0,"Local Written Blocks":0,"Temp Read Blocks":288611,"Temp Written Blocks":288665,"I/O Read Time":0.0,"I/O Write Time":0.0,"Temp I/O Read Time":432.631,"Temp I/O Write Time":1169.756,"Plans":[{"Node Type":"Aggregate","Strategy":"Sorted","Partial Mode":"Simple","Parent Relationship":"Outer","Parallel Aware":false,"Async Capable":false,"Startup Cost":4086222.18,"Total Cost":4086373.97,"Plan Rows":62,"Plan Width":40,"Actual Startup Time":34749.443,"Actual Total Time":34755.374,"Actual Rows":11,"Actual Loops":1,"Output":["nation.n_name","sum(order_line.ol_amount)"],"Group Key":["nation.n_name"],"Shared Hit Blocks":1240752,"Shared Read Blocks":0,"Shared Dirtied Blocks":0,"Shared Written Blocks":0,"Local Hit Blocks":0,"Local Read Blocks":0,"Local Dirtied Blocks":0,"Local Written Blocks":0,"Temp Read Blocks":288611,"Temp Written Blocks":288665,"I/O Read Time":0.0,"I/O Write Time":0.0,"Temp I/O Read Time":432.631,"Temp I/O Write Time":1169.756,"Plans":[{"Node Type":"Sort","Parent Relationship":"Outer","Parallel Aware":false,"Async Capable":false,"Startup Cost":4086222.18,"Total Cost":4086272.52,"Plan Rows":20136,"Plan Width":12,"Actual Startup Time":34749.01,"Actual Total Time":34750.803,"Actual Rows":35044,"Actual Loops":1,"Output":["nation.n_name","order_line.ol_amount"],"Sort Key":["nation.n_name"],"Sort Method":"quicksort","Sort Space Used":3146,"Sort Space Type":"Memory","Shared Hit Blocks":1240752,"Shared Read Blocks":0,"Shared Dirtied Blocks":0,"Shared Written Blocks":0,"Local Hit Blocks":0,"Local Read Blocks":0,"Local Dirtied Blocks":0,"Local Written Blocks":0,"Temp Read Blocks":288611,"Temp Written Blocks":288665,"I/O Read Time":0.0,"I/O Write Time":0.0,"Temp I/O Read Time":432.631,"Temp I/O Write Time":1169.756,"Plans":[{"Node Type":"Hash Join","Parent Relationship":"Outer","Parallel Aware":false,"Async Capable":false,"Join Type":"Inner","Startup Cost":3436914.73,"Total Cost":4084782.71,"Plan Rows":20136,"Plan Width":12,"Actual Startup Time":30806.254,"Actual Total Time":34729.946,"Actual Rows":35044,"Actual Loops":1,"Output":["nation.n_name","order_line.ol_amount"],"Inner Unique":true,"Hash Cond":"((mod((stock.s_w_id * stock.s_i_id), 10000) = supplier.su_suppkey) AND (customer.c_nationkey = supplier.su_nationkey))","Shared Hit Blocks":1240752,"Shared Read Blocks":0,"Shared Dirtied Blocks":0,"Shared Written Blocks":0,"Local Hit Blocks":0,"Local Read Blocks":0,"Local Dirtied Blocks":0,"Local Written Blocks":0,"Temp Read Blocks":288611,"Temp Written Blocks":288665,"I/O Read Time":0.0,"I/O Write Time":0.0,"Temp I/O Read Time":432.631,"Temp I/O Write Time":1169.756,"Plans":[{"Node Type":"Merge Join","Parent Relationship":"Outer","Parallel Aware":false,"Async Capable":false,"Join Type":"Inner","Startup Cost":3436447.73,"Total Cost":4077480.74,"Plan Rows":1242717,"Plan Width":26,"Actual Startup Time":30803.232,"Actual Total Time":34448.493,"Actual Rows":2218175,"Actual Loops":1,"Output":["customer.c_nationkey","order_line.ol_amount","stock.s_w_id","stock.s_i_id","nation.n_name","nation.n_nationkey"],"Inner Unique":true,"Merge Cond":"((customer.c_w_id = stock.s_w_id) AND (order_line.ol_i_id = stock.s_i_id))","Shared Hit Blocks":1240535,"Shared Read Blocks":0,"Shared Dirtied Blocks":0,"Shared Written Blocks":0,"Local Hit Blocks":0,"Local Read Blocks":0,"Local Dirtied Blocks":0,"Local Written Blocks":0,"Temp Read Blocks":288611,"Temp Written Blocks":288665,"I/O Read Time":0.0,"I/O Write Time":0.0,"Temp I/O Read Time":432.631,"Temp I/O Write Time":1169.756,"Plans":[{"Node Type":"Sort","Parent Relationship":"Outer","Parallel Aware":false,"Async Capable":false,"Startup Cost":3436447.29,"Total Cost":3439527.83,"Plan Rows":1232214,"Plan Width":30,"Actual Startup Time":30803.169,"Actual Total Time":31404.552,"Actual Rows":2218175,"Actual Loops":1,"Output":["customer.c_w_id","customer.c_nationkey","orders.o_w_id","order_line.ol_amount","order_line.ol_w_id","order_line.ol_i_id","nation.n_name","nation.n_nationkey"],"Sort Key":["customer.c_w_id","order_line.ol_i_id"],"Sort Method":"external merge","Sort Space Used":94520,"Sort Space Type":"Disk","Shared Hit Blocks":1185862,"Shared Read Blocks":0,"Shared Dirtied Blocks":0,"Shared Written Blocks":0,"Local Hit Blocks":0,"Local Read Blocks":0,"Local Dirtied Blocks":0,"Local Written Blocks":0,"Temp Read Blocks":288611,"Temp Written Blocks":288665,"I/O Read Time":0.0,"I/O Write Time":0.0,"Temp I/O Read Time":432.631,"Temp I/O Write Time":1169.756,"Plans":[{"Node Type":"Hash Join","Parent Relationship":"Outer","Parallel Aware":false,"Async Capable":false,"Join Type":"Inner","Startup Cost":808098.65,"Total Cost":3252823.46,"Plan Rows":1232214,"Plan Width":30,"Actual Startup Time":3462.945,"Actual Total Time":28165.072,"Actual Rows":2218175,"Actual Loops":1,"Output":["customer.c_w_id","customer.c_nationkey","orders.o_w_id","order_line.ol_amount","order_line.ol_w_id","order_line.ol_i_id","nation.n_name","nation.n_nationkey"],"Inner Unique":false,"Hash Cond":"(customer.c_nationkey = nation.n_nationkey)","Shared Hit Blocks":1185862,"Shared Read Blocks":0,"Shared Dirtied Blocks":0,"Shared Written Blocks":0,"Local Hit Blocks":0,"Local Read Blocks":0,"Local Dirtied Blocks":0,"Local Written Blocks":0,"Temp Read Blocks":264991,"Temp Written Blocks":264991,"I/O Read Time":0.0,"I/O Write Time":0.0,"Temp I/O Read Time":398.434,"Temp I/O Write Time":1107.787,"Plans":[{"Node Type":"Hash Join","Parent Relationship":"Outer","Parallel Aware":false,"Async Capable":false,"Join Type":"Inner","Startup Cost":808095.51,"Total Cost":3217791.66,"Plan Rows":6161071,"Plan Width":18,"Actual Startup Time":3455.194,"Actual Total Time":27331.806,"Actual Rows":8568663,"Actual Loops":1,"Output":["customer.c_w_id","customer.c_nationkey","orders.o_w_id","order_line.ol_amount","order_line.ol_w_id","order_line.ol_i_id"],"Inner Unique":true,"Hash Cond":"((orders.o_c_id = customer.c_id) AND (orders.o_w_id = customer.c_w_id) AND (orders.o_d_id = customer.c_d_id))","Shared Hit Blocks":1185860,"Shared Read Blocks":0,"Shared Dirtied Blocks":0,"Shared Written Blocks":0,"Local Hit Blocks":0,"Local Read Blocks":0,"Local Dirtied Blocks":0,"Local Written Blocks":0,"Temp Read Blocks":264991,"Temp Written Blocks":264991,"I/O Read Time":0.0,"I/O Write Time":0.0,"Temp I/O Read Time":398.434,"Temp I/O Write Time":1107.787,"Plans":[{"Node Type":"Hash Join","Parent Relationship":"Outer","Parallel Aware":false,"Async Capable":false,"Join Type":"Inner","Startup Cost":153803.65,"Total Cost":2413481.36,"Plan Rows":6161071,"Plan Width":20,"Actual Startup Time":620.863,"Actual Total Time":20200.069,"Actual Rows":8568663,"Actual Loops":1,"Output":["orders.o_c_id","orders.o_w_id","orders.o_d_id","order_line.ol_amount","order_line.ol_w_id","order_line.ol_d_id","order_line.ol_i_id"],"Inner Unique":true,"Hash Cond":"((order_line.ol_w_id = orders.o_w_id) AND (order_line.ol_d_id = orders.o_d_id) AND (order_line.ol_o_id = orders.o_id))","Shared Hit Blocks":725870,"Shared Read Blocks":0,"Shared Dirtied Blocks":0,"Shared Written Blocks":0,"Local Hit Blocks":0,"Local Read Blocks":0,"Local Dirtied Blocks":0,"Local Written Blocks":0,"Temp Read Blocks":200672,"Temp Written Blocks":200672,"I/O Read Time":0.0,"I/O Write Time":0.0,"Temp I/O Read Time":300.036,"Temp I/O Write Time":797.314,"Plans":[{"Node Type":"Seq Scan","Parent Relationship":"Outer","Parallel Aware":false,"Async Capable":false,"Relation Name":"order_line","Schema":"public","Alias":"order_line","Startup Cost":0.0,"Total Cost":1431670.8,"Plan Rows":42039468,"Plan Width":20,"Actual Startup Time":0.007,"Actual Total Time":7300.287,"Actual Rows":42000489,"Actual Loops":1,"Output":["order_line.ol_amount","order_line.ol_o_id","order_line.ol_w_id","order_line.ol_d_id","order_line.ol_i_id"],"Filter":"(order_line.ol_delivery_d >= '1992-01-02 20:10:02.27764'::timestamp without time zone)","Rows Removed by Filter":17993272,"Shared Hit Blocks":681748,"Shared Read Blocks":0,"Shared Dirtied Blocks":0,"Shared Written Blocks":0,"Local Hit Blocks":0,"Local Read Blocks":0,"Local Dirtied Blocks":0,"Local Written Blocks":0,"Temp Read Blocks":0,"Temp Written Blocks":0,"I/O Read Time":0.0,"I/O Write Time":0.0,"Temp I/O Read Time":0.0,"Temp I/O Write Time":0.0},{"Node Type":"Hash","Parent Relationship":"Inner","Parallel Aware":false,"Async Capable":false,"Startup Cost":134121.52,"Total Cost":134121.52,"Plan Rows":879322,"Plan Width":16,"Actual Startup Time":586.43,"Actual Total Time":586.435,"Actual Rows":856801,"Actual Loops":1,"Output":["orders.o_c_id","orders.o_w_id","orders.o_d_id","orders.o_id"],"Hash Buckets":262144,"Original Hash Buckets":262144,"Hash Batches":8,"Original Hash Batches":8,"Peak Memory Usage":7070,"Shared Hit Blocks":44122,"Shared Read Blocks":0,"Shared Dirtied Blocks":0,"Shared Written Blocks":0,"Local Hit Blocks":0,"Local Read Blocks":0,"Local Dirtied Blocks":0,"Local Written Blocks":0,"Temp Read Blocks":0,"Temp Written Blocks":3290,"I/O Read Time":0.0,"I/O Write Time":0.0,"Temp I/O Read Time":0.0,"Temp I/O Write Time":15.589,"Plans":[{"Node Type":"Seq Scan","Parent Relationship":"Outer","Parallel Aware":false,"Async Capable":false,"Relation Name":"orders","Schema":"public","Alias":"orders","Startup Cost":0.0,"Total Cost":134121.52,"Plan Rows":879322,"Plan Width":16,"Actual Startup Time":0.597,"Actual Total Time":435.554,"Actual Rows":856801,"Actual Loops":1,"Output":["orders.o_c_id","orders.o_w_id","orders.o_d_id","orders.o_id"],"Filter":"((orders.o_entry_d >= '1993-01-02 20:10:02.27764'::timestamp without time zone) AND (orders.o_entry_d < '1994-01-02 20:10:02.27764'::timestamp without time zone))","Rows Removed by Filter":5143199,"Shared Hit Blocks":44122,"Shared Read Blocks":0,"Shared Dirtied Blocks":0,"Shared Written Blocks":0,"Local Hit Blocks":0,"Local Read Blocks":0,"Local Dirtied Blocks":0,"Local Written Blocks":0,"Temp Read Blocks":0,"Temp Written Blocks":0,"I/O Read Time":0.0,"I/O Write Time":0.0,"Temp I/O Read Time":0.0,"Temp I/O Write Time":0.0}]}]},{"Node Type":"Hash","Parent Relationship":"Inner","Parallel Aware":false,"Async Capable":false,"Startup Cost":519991.4,"Total Cost":519991.4,"Plan Rows":6000140,"Plan Width":12,"Actual Startup Time":2827.099,"Actual Total Time":2827.1,"Actual Rows":6000000,"Actual Loops":1,"Output":["customer.c_id","customer.c_w_id","customer.c_d_id","customer.c_nationkey"],"Hash Buckets":262144,"Original Hash Buckets":262144,"Hash Batches":64,"Original Hash Batches":64,"Peak Memory Usage":6073,"Shared Hit Blocks":459990,"Shared Read Blocks":0,"Shared Dirtied Blocks":0,"Shared Written Blocks":0,"Local Hit Blocks":0,"Local Read Blocks":0,"Local Dirtied Blocks":0,"Local Written Blocks":0,"Temp Read Blocks":0,"Temp Written Blocks":23037,"I/O Read Time":0.0,"I/O Write Time":0.0,"Temp I/O Read Time":0.0,"Temp I/O Write Time":114.255,"Plans":[{"Node Type":"Seq Scan","Parent Relationship":"Outer","Parallel Aware":false,"Async Capable":false,"Relation Name":"customer","Schema":"public","Alias":"customer","Startup Cost":0.0,"Total Cost":519991.4,"Plan Rows":6000140,"Plan Width":12,"Actual Startup Time":0.017,"Actual Total Time":1816.834,"Actual Rows":6000000,"Actual Loops":1,"Output":["customer.c_id","customer.c_w_id","customer.c_d_id","customer.c_nationkey"],"Shared Hit Blocks":459990,"Shared Read Blocks":0,"Shared Dirtied Blocks":0,"Shared Written Blocks":0,"Local Hit Blocks":0,"Local Read Blocks":0,"Local Dirtied Blocks":0,"Local Written Blocks":0,"Temp Read Blocks":0,"Temp Written Blocks":0,"I/O Read Time":0.0,"I/O Write Time":0.0,"Temp I/O Read Time":0.0,"Temp I/O Write Time":0.0}]}]},{"Node Type":"Hash","Parent Relationship":"Inner","Parallel Aware":false,"Async Capable":false,"Startup Cost":2.99,"Total Cost":2.99,"Plan Rows":12,"Plan Width":12,"Actual Startup Time":0.041,"Actual Total Time":0.048,"Actual Rows":22,"Actual Loops":1,"Output":["nation.n_name","nation.n_nationkey"],"Hash Buckets":1024,"Original Hash Buckets":1024,"Hash Batches":1,"Original Hash Batches":1,"Peak Memory Usage":9,"Shared Hit Blocks":2,"Shared Read Blocks":0,"Shared Dirtied Blocks":0,"Shared Written Blocks":0,"Local Hit Blocks":0,"Local Read Blocks":0,"Local Dirtied Blocks":0,"Local Written Blocks":0,"Temp Read Blocks":0,"Temp Written Blocks":0,"I/O Read Time":0.0,"I/O Write Time":0.0,"Temp I/O Read Time":0.0,"Temp I/O Write Time":0.0,"Plans":[{"Node Type":"Hash Join","Parent Relationship":"Outer","Parallel Aware":false,"Async Capable":false,"Join Type":"Inner","Startup Cost":1.07,"Total Cost":2.99,"Plan Rows":12,"Plan Width":12,"Actual Startup Time":0.024,"Actual Total Time":0.042,"Actual Rows":22,"Actual Loops":1,"Output":["nation.n_name","nation.n_nationkey"],"Inner Unique":true,"Hash Cond":"(nation.n_regionkey = region.r_regionkey)","Shared Hit Blocks":2,"Shared Read Blocks":0,"Shared Dirtied Blocks":0,"Shared Written Blocks":0,"Local Hit Blocks":0,"Local Read Blocks":0,"Local Dirtied Blocks":0,"Local Written Blocks":0,"Temp Read Blocks":0,"Temp Written Blocks":0,"I/O Read Time":0.0,"I/O Write Time":0.0,"Temp I/O Read Time":0.0,"Temp I/O Write Time":0.0,"Plans":[{"Node Type":"Seq Scan","Parent Relationship":"Outer","Parallel Aware":false,"Async Capable":false,"Relation Name":"nation","Schema":"public","Alias":"nation","Startup Cost":0.0,"Total Cost":1.62,"Plan Rows":62,"Plan Width":16,"Actual Startup Time":0.005,"Actual Total Time":0.009,"Actual Rows":62,"Actual Loops":1,"Output":["nation.n_nationkey","nation.n_name","nation.n_regionkey","nation.n_comment"],"Shared Hit Blocks":1,"Shared Read Blocks":0,"Shared Dirtied Blocks":0,"Shared Written Blocks":0,"Local Hit Blocks":0,"Local Read Blocks":0,"Local Dirtied Blocks":0,"Local Written Blocks":0,"Temp Read Blocks":0,"Temp Written Blocks":0,"I/O Read Time":0.0,"I/O Write Time":0.0,"Temp I/O Read Time":0.0,"Temp I/O Write Time":0.0},{"Node Type":"Hash","Parent Relationship":"Inner","Parallel Aware":false,"Async Capable":false,"Startup Cost":1.06,"Total Cost":1.06,"Plan Rows":1,"Plan Width":4,"Actual Startup Time":0.009,"Actual Total Time":0.012,"Actual Rows":1,"Actual Loops":1,"Output":["region.r_regionkey"],"Hash Buckets":1024,"Original Hash Buckets":1024,"Hash Batches":1,"Original Hash Batches":1,"Peak Memory Usage":9,"Shared Hit Blocks":1,"Shared Read Blocks":0,"Shared Dirtied Blocks":0,"Shared Written Blocks":0,"Local Hit Blocks":0,"Local Read Blocks":0,"Local Dirtied Blocks":0,"Local Written Blocks":0,"Temp Read Blocks":0,"Temp Written Blocks":0,"I/O Read Time":0.0,"I/O Write Time":0.0,"Temp I/O Read Time":0.0,"Temp I/O Write Time":0.0,"Plans":[{"Node Type":"Seq Scan","Parent Relationship":"Outer","Parallel Aware":false,"Async Capable":false,"Relation Name":"region","Schema":"public","Alias":"region","Startup Cost":0.0,"Total Cost":1.06,"Plan Rows":1,"Plan Width":4,"Actual Startup Time":0.007,"Actual Total Time":0.007,"Actual Rows":1,"Actual Loops":1,"Output":["region.r_regionkey"],"Filter":"((region.r_name)::text = 'Europe'::text)","Rows Removed by Filter":4,"Shared Hit Blocks":1,"Shared Read Blocks":0,"Shared Dirtied Blocks":0,"Shared Written Blocks":0,"Local Hit Blocks":0,"Local Read Blocks":0,"Local Dirtied Blocks":0,"Local Written Blocks":0,"Temp Read Blocks":0,"Temp Written Blocks":0,"I/O Read Time":0.0,"I/O Write Time":0.0,"Temp I/O Read Time":0.0,"Temp I/O Write Time":0.0}]}]}]}]}]},{"Node Type":"Index Only Scan","Parent Relationship":"Inner","Parallel Aware":false,"Async Capable":false,"Scan Direction":"Forward","Index Name":"stock_pk","Relation Name":"stock","Schema":"public","Alias":"stock","Startup Cost":0.44,"Total Cost":519363.62,"Plan Rows":20000212,"Plan Width":6,"Actual Startup Time":0.048,"Actual Total Time":1400.911,"Actual Rows":19999994,"Actual Loops":1,"Output":["stock.s_w_id","stock.s_i_id"],"Heap Fetches":0,"Shared Hit Blocks":54673,"Shared Read Blocks":0,"Shared Dirtied Blocks":0,"Shared Written Blocks":0,"Local Hit Blocks":0,"Local Read Blocks":0,"Local Dirtied Blocks":0,"Local Written Blocks":0,"Temp Read Blocks":0,"Temp Written Blocks":0,"I/O Read Time":0.0,"I/O Write Time":0.0,"Temp I/O Read Time":0.0,"Temp I/O Write Time":0.0}]},{"Node Type":"Hash","Parent Relationship":"Inner","Parallel Aware":false,"Async Capable":false,"Startup Cost":317.0,"Total Cost":317.0,"Plan Rows":10000,"Plan Width":8,"Actual Startup Time":2.579,"Actual Total Time":2.58,"Actual Rows":10000,"Actual Loops":1,"Output":["supplier.su_suppkey","supplier.su_nationkey"],"Hash Buckets":16384,"Original Hash Buckets":16384,"Hash Batches":1,"Original Hash Batches":1,"Peak Memory Usage":519,"Shared Hit Blocks":217,"Shared Read Blocks":0,"Shared Dirtied Blocks":0,"Shared Written Blocks":0,"Local Hit Blocks":0,"Local Read Blocks":0,"Local Dirtied Blocks":0,"Local Written Blocks":0,"Temp Read Blocks":0,"Temp Written Blocks":0,"I/O Read Time":0.0,"I/O Write Time":0.0,"Temp I/O Read Time":0.0,"Temp I/O Write Time":0.0,"Plans":[{"Node Type":"Seq Scan","Parent Relationship":"Outer","Parallel Aware":false,"Async Capable":false,"Relation Name":"supplier","Schema":"public","Alias":"supplier","Startup Cost":0.0,"Total Cost":317.0,"Plan Rows":10000,"Plan Width":8,"Actual Startup Time":0.011,"Actual Total Time":1.283,"Actual Rows":10000,"Actual Loops":1,"Output":["supplier.su_suppkey","supplier.su_nationkey"],"Shared Hit Blocks":217,"Shared Read Blocks":0,"Shared Dirtied Blocks":0,"Shared Written Blocks":0,"Local Hit Blocks":0,"Local Read Blocks":0,"Local Dirtied Blocks":0,"Local Written Blocks":0,"Temp Read Blocks":0,"Temp Written Blocks":0,"I/O Read Time":0.0,"I/O Write Time":0.0,"Temp I/O Read Time":0.0,"Temp I/O Write Time":0.0}]}]}]}]}]},"Planning":{"Shared Hit Blocks":220,"Shared Read Blocks":0,"Shared Dirtied Blocks":0,"Shared Written Blocks":0,"Local Hit Blocks":0,"Local Read Blocks":0,"Local Dirtied Blocks":0,"Local Written Blocks":0,"Temp Read Blocks":0,"Temp Written Blocks":0,"I/O Read Time":0.0,"I/O Write Time":0.0,"Temp I/O Read Time":0.0,"Temp I/O Write Time":0.0},"Planning Time":5.105,"Triggers":[],"Execution Time":34769.966}]
[列存组合]: supplier
[{"Plan":{"Node Type":"Sort","Parallel Aware":false,"Async Capable":false,"Startup Cost":4086277.85,"Total Cost":4086278.0,"Plan Rows":62,"Plan Width":40,"Actual Startup Time":34722.542,"Actual Total Time":34722.567,"Actual Rows":11,"Actual Loops":1,"Output":["nation.n_name","(sum(order_line.ol_amount))"],"Sort Key":["(sum(order_line.ol_amount)) DESC"],"Sort Method":"quicksort","Sort Space Used":25,"Sort Space Type":"Memory","Shared Hit Blocks":1240535,"Shared Read Blocks":0,"Shared Dirtied Blocks":0,"Shared Written Blocks":0,"Local Hit Blocks":0,"Local Read Blocks":0,"Local Dirtied Blocks":0,"Local Written Blocks":0,"Temp Read Blocks":288611,"Temp Written Blocks":288665,"I/O Read Time":0.0,"I/O Write Time":0.0,"Temp I/O Read Time":433.19,"Temp I/O Write Time":1168.055,"Plans":[{"Node Type":"Aggregate","Strategy":"Sorted","Partial Mode":"Simple","Parent Relationship":"Outer","Parallel Aware":false,"Async Capable":false,"Startup Cost":4086124.2,"Total Cost":4086276.0,"Plan Rows":62,"Plan Width":40,"Actual Startup Time":34716.667,"Actual Total Time":34722.551,"Actual Rows":11,"Actual Loops":1,"Output":["nation.n_name","sum(order_line.ol_amount)"],"Group Key":["nation.n_name"],"Shared Hit Blocks":1240535,"Shared Read Blocks":0,"Shared Dirtied Blocks":0,"Shared Written Blocks":0,"Local Hit Blocks":0,"Local Read Blocks":0,"Local Dirtied Blocks":0,"Local Written Blocks":0,"Temp Read Blocks":288611,"Temp Written Blocks":288665,"I/O Read Time":0.0,"I/O Write Time":0.0,"Temp I/O Read Time":433.19,"Temp I/O Write Time":1168.055,"Plans":[{"Node Type":"Sort","Parent Relationship":"Outer","Parallel Aware":false,"Async Capable":false,"Startup Cost":4086124.2,"Total Cost":4086174.54,"Plan Rows":20136,"Plan Width":12,"Actual Startup Time":34716.23,"Actual Total Time":34718.02,"Actual Rows":35044,"Actual Loops":1,"Output":["nation.n_name","order_line.ol_amount"],"Sort Key":["nation.n_name"],"Sort Method":"quicksort","Sort Space Used":3146,"Sort Space Type":"Memory","Shared Hit Blocks":1240535,"Shared Read Blocks":0,"Shared Dirtied Blocks":0,"Shared Written Blocks":0,"Local Hit Blocks":0,"Local Read Blocks":0,"Local Dirtied Blocks":0,"Local Written Blocks":0,"Temp Read Blocks":288611,"Temp Written Blocks":288665,"I/O Read Time":0.0,"I/O Write Time":0.0,"Temp I/O Read Time":433.19,"Temp I/O Write Time":1168.055,"Plans":[{"Node Type":"Hash Join","Parent Relationship":"Outer","Parallel Aware":false,"Async Capable":false,"Join Type":"Inner","Startup Cost":3436816.76,"Total Cost":4084684.73,"Plan Rows":20136,"Plan Width":12,"Actual Startup Time":30768.931,"Actual Total Time":34697.104,"Actual Rows":35044,"Actual Loops":1,"Output":["nation.n_name","order_line.ol_amount"],"Inner Unique":true,"Hash Cond":"((mod((stock.s_w_id * stock.s_i_id), 10000) = supplier.su_suppkey) AND (customer.c_nationkey = supplier.su_nationkey))","Shared Hit Blocks":1240535,"Shared Read Blocks":0,"Shared Dirtied Blocks":0,"Shared Written Blocks":0,"Local Hit Blocks":0,"Local Read Blocks":0,"Local Dirtied Blocks":0,"Local Written Blocks":0,"Temp Read Blocks":288611,"Temp Written Blocks":288665,"I/O Read Time":0.0,"I/O Write Time":0.0,"Temp I/O Read Time":433.19,"Temp I/O Write Time":1168.055,"Plans":[{"Node Type":"Merge Join","Parent Relationship":"Outer","Parallel Aware":false,"Async Capable":false,"Join Type":"Inner","Startup Cost":3436447.73,"Total Cost":4077480.74,"Plan Rows":1242717,"Plan Width":26,"Actual Startup Time":30765.422,"Actual Total Time":34416.087,"Actual Rows":2218175,"Actual Loops":1,"Output":["customer.c_nationkey","order_line.ol_amount","stock.s_w_id","stock.s_i_id","nation.n_name","nation.n_nationkey"],"Inner Unique":true,"Merge Cond":"((customer.c_w_id = stock.s_w_id) AND (order_line.ol_i_id = stock.s_i_id))","Shared Hit Blocks":1240535,"Shared Read Blocks":0,"Shared Dirtied Blocks":0,"Shared Written Blocks":0,"Local Hit Blocks":0,"Local Read Blocks":0,"Local Dirtied Blocks":0,"Local Written Blocks":0,"Temp Read Blocks":288611,"Temp Written Blocks":288665,"I/O Read Time":0.0,"I/O Write Time":0.0,"Temp I/O Read Time":433.19,"Temp I/O Write Time":1168.055,"Plans":[{"Node Type":"Sort","Parent Relationship":"Outer","Parallel Aware":false,"Async Capable":false,"Startup Cost":3436447.29,"Total Cost":3439527.83,"Plan Rows":1232214,"Plan Width":30,"Actual Startup Time":30765.363,"Actual Total Time":31361.685,"Actual Rows":2218175,"Actual Loops":1,"Output":["customer.c_w_id","customer.c_nationkey","orders.o_w_id","order_line.ol_amount","order_line.ol_w_id","order_line.ol_i_id","nation.n_name","nation.n_nationkey"],"Sort Key":["customer.c_w_id","order_line.ol_i_id"],"Sort Method":"external merge","Sort Space Used":94520,"Sort Space Type":"Disk","Shared Hit Blocks":1185862,"Shared Read Blocks":0,"Shared Dirtied Blocks":0,"Shared Written Blocks":0,"Local Hit Blocks":0,"Local Read Blocks":0,"Local Dirtied Blocks":0,"Local Written Blocks":0,"Temp Read Blocks":288611,"Temp Written Blocks":288665,"I/O Read Time":0.0,"I/O Write Time":0.0,"Temp I/O Read Time":433.19,"Temp I/O Write Time":1168.055,"Plans":[{"Node Type":"Hash Join","Parent Relationship":"Outer","Parallel Aware":false,"Async Capable":false,"Join Type":"Inner","Startup Cost":808098.65,"Total Cost":3252823.46,"Plan Rows":1232214,"Plan Width":30,"Actual Startup Time":3410.006,"Actual Total Time":28128.083,"Actual Rows":2218175,"Actual Loops":1,"Output":["customer.c_w_id","customer.c_nationkey","orders.o_w_id","order_line.ol_amount","order_line.ol_w_id","order_line.ol_i_id","nation.n_name","nation.n_nationkey"],"Inner Unique":false,"Hash Cond":"(customer.c_nationkey = nation.n_nationkey)","Shared Hit Blocks":1185862,"Shared Read Blocks":0,"Shared Dirtied Blocks":0,"Shared Written Blocks":0,"Local Hit Blocks":0,"Local Read Blocks":0,"Local Dirtied Blocks":0,"Local Written Blocks":0,"Temp Read Blocks":264991,"Temp Written Blocks":264991,"I/O Read Time":0.0,"I/O Write Time":0.0,"Temp I/O Read Time":397.572,"Temp I/O Write Time":1105.664,"Plans":[{"Node Type":"Hash Join","Parent Relationship":"Outer","Parallel Aware":false,"Async Capable":false,"Join Type":"Inner","Startup Cost":808095.51,"Total Cost":3217791.66,"Plan Rows":6161071,"Plan Width":18,"Actual Startup Time":3402.289,"Actual Total Time":27294.268,"Actual Rows":8568663,"Actual Loops":1,"Output":["customer.c_w_id","customer.c_nationkey","orders.o_w_id","order_line.ol_amount","order_line.ol_w_id","order_line.ol_i_id"],"Inner Unique":true,"Hash Cond":"((orders.o_c_id = customer.c_id) AND (orders.o_w_id = customer.c_w_id) AND (orders.o_d_id = customer.c_d_id))","Shared Hit Blocks":1185860,"Shared Read Blocks":0,"Shared Dirtied Blocks":0,"Shared Written Blocks":0,"Local Hit Blocks":0,"Local Read Blocks":0,"Local Dirtied Blocks":0,"Local Written Blocks":0,"Temp Read Blocks":264991,"Temp Written Blocks":264991,"I/O Read Time":0.0,"I/O Write Time":0.0,"Temp I/O Read Time":397.572,"Temp I/O Write Time":1105.664,"Plans":[{"Node Type":"Hash Join","Parent Relationship":"Outer","Parallel Aware":false,"Async Capable":false,"Join Type":"Inner","Startup Cost":153803.65,"Total Cost":2413481.36,"Plan Rows":6161071,"Plan Width":20,"Actual Startup Time":616.95,"Actual Total Time":20205.532,"Actual Rows":8568663,"Actual Loops":1,"Output":["orders.o_c_id","orders.o_w_id","orders.o_d_id","order_line.ol_amount","order_line.ol_w_id","order_line.ol_d_id","order_line.ol_i_id"],"Inner Unique":true,"Hash Cond":"((order_line.ol_w_id = orders.o_w_id) AND (order_line.ol_d_id = orders.o_d_id) AND (order_line.ol_o_id = orders.o_id))","Shared Hit Blocks":725870,"Shared Read Blocks":0,"Shared Dirtied Blocks":0,"Shared Written Blocks":0,"Local Hit Blocks":0,"Local Read Blocks":0,"Local Dirtied Blocks":0,"Local Written Blocks":0,"Temp Read Blocks":200672,"Temp Written Blocks":200672,"I/O Read Time":0.0,"I/O Write Time":0.0,"Temp I/O Read Time":298.534,"Temp I/O Write Time":797.928,"Plans":[{"Node Type":"Seq Scan","Parent Relationship":"Outer","Parallel Aware":false,"Async Capable":false,"Relation Name":"order_line","Schema":"public","Alias":"order_line","Startup Cost":0.0,"Total Cost":1431670.8,"Plan Rows":42039468,"Plan Width":20,"Actual Startup Time":0.005,"Actual Total Time":7311.361,"Actual Rows":42000489,"Actual Loops":1,"Output":["order_line.ol_amount","order_line.ol_o_id","order_line.ol_w_id","order_line.ol_d_id","order_line.ol_i_id"],"Filter":"(order_line.ol_delivery_d >= '1992-01-02 20:10:02.27764'::timestamp without time zone)","Rows Removed by Filter":17993272,"Shared Hit Blocks":681748,"Shared Read Blocks":0,"Shared Dirtied Blocks":0,"Shared Written Blocks":0,"Local Hit Blocks":0,"Local Read Blocks":0,"Local Dirtied Blocks":0,"Local Written Blocks":0,"Temp Read Blocks":0,"Temp Written Blocks":0,"I/O Read Time":0.0,"I/O Write Time":0.0,"Temp I/O Read Time":0.0,"Temp I/O Write Time":0.0},{"Node Type":"Hash","Parent Relationship":"Inner","Parallel Aware":false,"Async Capable":false,"Startup Cost":134121.52,"Total Cost":134121.52,"Plan Rows":879322,"Plan Width":16,"Actual Startup Time":582.882,"Actual Total Time":582.887,"Actual Rows":856801,"Actual Loops":1,"Output":["orders.o_c_id","orders.o_w_id","orders.o_d_id","orders.o_id"],"Hash Buckets":262144,"Original Hash Buckets":262144,"Hash Batches":8,"Original Hash Batches":8,"Peak Memory Usage":7070,"Shared Hit Blocks":44122,"Shared Read Blocks":0,"Shared Dirtied Blocks":0,"Shared Written Blocks":0,"Local Hit Blocks":0,"Local Read Blocks":0,"Local Dirtied Blocks":0,"Local Written Blocks":0,"Temp Read Blocks":0,"Temp Written Blocks":3290,"I/O Read Time":0.0,"I/O Write Time":0.0,"Temp I/O Read Time":0.0,"Temp I/O Write Time":14.792,"Plans":[{"Node Type":"Seq Scan","Parent Relationship":"Outer","Parallel Aware":false,"Async Capable":false,"Relation Name":"orders","Schema":"public","Alias":"orders","Startup Cost":0.0,"Total Cost":134121.52,"Plan Rows":879322,"Plan Width":16,"Actual Startup Time":0.603,"Actual Total Time":435.623,"Actual Rows":856801,"Actual Loops":1,"Output":["orders.o_c_id","orders.o_w_id","orders.o_d_id","orders.o_id"],"Filter":"((orders.o_entry_d >= '1993-01-02 20:10:02.27764'::timestamp without time zone) AND (orders.o_entry_d < '1994-01-02 20:10:02.27764'::timestamp without time zone))","Rows Removed by Filter":5143199,"Shared Hit Blocks":44122,"Shared Read Blocks":0,"Shared Dirtied Blocks":0,"Shared Written Blocks":0,"Local Hit Blocks":0,"Local Read Blocks":0,"Local Dirtied Blocks":0,"Local Written Blocks":0,"Temp Read Blocks":0,"Temp Written Blocks":0,"I/O Read Time":0.0,"I/O Write Time":0.0,"Temp I/O Read Time":0.0,"Temp I/O Write Time":0.0}]}]},{"Node Type":"Hash","Parent Relationship":"Inner","Parallel Aware":false,"Async Capable":false,"Startup Cost":519991.4,"Total Cost":519991.4,"Plan Rows":6000140,"Plan Width":12,"Actual Startup Time":2778.319,"Actual Total Time":2778.321,"Actual Rows":6000000,"Actual Loops":1,"Output":["customer.c_id","customer.c_w_id","customer.c_d_id","customer.c_nationkey"],"Hash Buckets":262144,"Original Hash Buckets":262144,"Hash Batches":64,"Original Hash Batches":64,"Peak Memory Usage":6073,"Shared Hit Blocks":459990,"Shared Read Blocks":0,"Shared Dirtied Blocks":0,"Shared Written Blocks":0,"Local Hit Blocks":0,"Local Read Blocks":0,"Local Dirtied Blocks":0,"Local Written Blocks":0,"Temp Read Blocks":0,"Temp Written Blocks":23037,"I/O Read Time":0.0,"I/O Write Time":0.0,"Temp I/O Read Time":0.0,"Temp I/O Write Time":111.328,"Plans":[{"Node Type":"Seq Scan","Parent Relationship":"Outer","Parallel Aware":false,"Async Capable":false,"Relation Name":"customer","Schema":"public","Alias":"customer","Startup Cost":0.0,"Total Cost":519991.4,"Plan Rows":6000140,"Plan Width":12,"Actual Startup Time":0.01,"Actual Total Time":1770.266,"Actual Rows":6000000,"Actual Loops":1,"Output":["customer.c_id","customer.c_w_id","customer.c_d_id","customer.c_nationkey"],"Shared Hit Blocks":459990,"Shared Read Blocks":0,"Shared Dirtied Blocks":0,"Shared Written Blocks":0,"Local Hit Blocks":0,"Local Read Blocks":0,"Local Dirtied Blocks":0,"Local Written Blocks":0,"Temp Read Blocks":0,"Temp Written Blocks":0,"I/O Read Time":0.0,"I/O Write Time":0.0,"Temp I/O Read Time":0.0,"Temp I/O Write Time":0.0}]}]},{"Node Type":"Hash","Parent Relationship":"Inner","Parallel Aware":false,"Async Capable":false,"Startup Cost":2.99,"Total Cost":2.99,"Plan Rows":12,"Plan Width":12,"Actual Startup Time":0.035,"Actual Total Time":0.04,"Actual Rows":22,"Actual Loops":1,"Output":["nation.n_name","nation.n_nationkey"],"Hash Buckets":1024,"Original Hash Buckets":1024,"Hash Batches":1,"Original Hash Batches":1,"Peak Memory Usage":9,"Shared Hit Blocks":2,"Shared Read Blocks":0,"Shared Dirtied Blocks":0,"Shared Written Blocks":0,"Local Hit Blocks":0,"Local Read Blocks":0,"Local Dirtied Blocks":0,"Local Written Blocks":0,"Temp Read Blocks":0,"Temp Written Blocks":0,"I/O Read Time":0.0,"I/O Write Time":0.0,"Temp I/O Read Time":0.0,"Temp I/O Write Time":0.0,"Plans":[{"Node Type":"Hash Join","Parent Relationship":"Outer","Parallel Aware":false,"Async Capable":false,"Join Type":"Inner","Startup Cost":1.07,"Total Cost":2.99,"Plan Rows":12,"Plan Width":12,"Actual Startup Time":0.019,"Actual Total Time":0.034,"Actual Rows":22,"Actual Loops":1,"Output":["nation.n_name","nation.n_nationkey"],"Inner Unique":true,"Hash Cond":"(nation.n_regionkey = region.r_regionkey)","Shared Hit Blocks":2,"Shared Read Blocks":0,"Shared Dirtied Blocks":0,"Shared Written Blocks":0,"Local Hit Blocks":0,"Local Read Blocks":0,"Local Dirtied Blocks":0,"Local Written Blocks":0,"Temp Read Blocks":0,"Temp Written Blocks":0,"I/O Read Time":0.0,"I/O Write Time":0.0,"Temp I/O Read Time":0.0,"Temp I/O Write Time":0.0,"Plans":[{"Node Type":"Seq Scan","Parent Relationship":"Outer","Parallel Aware":false,"Async Capable":false,"Relation Name":"nation","Schema":"public","Alias":"nation","Startup Cost":0.0,"Total Cost":1.62,"Plan Rows":62,"Plan Width":16,"Actual Startup Time":0.007,"Actual Total Time":0.011,"Actual Rows":62,"Actual Loops":1,"Output":["nation.n_nationkey","nation.n_name","nation.n_regionkey","nation.n_comment"],"Shared Hit Blocks":1,"Shared Read Blocks":0,"Shared Dirtied Blocks":0,"Shared Written Blocks":0,"Local Hit Blocks":0,"Local Read Blocks":0,"Local Dirtied Blocks":0,"Local Written Blocks":0,"Temp Read Blocks":0,"Temp Written Blocks":0,"I/O Read Time":0.0,"I/O Write Time":0.0,"Temp I/O Read Time":0.0,"Temp I/O Write Time":0.0},{"Node Type":"Hash","Parent Relationship":"Inner","Parallel Aware":false,"Async Capable":false,"Startup Cost":1.06,"Total Cost":1.06,"Plan Rows":1,"Plan Width":4,"Actual Startup Time":0.008,"Actual Total Time":0.009,"Actual Rows":1,"Actual Loops":1,"Output":["region.r_regionkey"],"Hash Buckets":1024,"Original Hash Buckets":1024,"Hash Batches":1,"Original Hash Batches":1,"Peak Memory Usage":9,"Shared Hit Blocks":1,"Shared Read Blocks":0,"Shared Dirtied Blocks":0,"Shared Written Blocks":0,"Local Hit Blocks":0,"Local Read Blocks":0,"Local Dirtied Blocks":0,"Local Written Blocks":0,"Temp Read Blocks":0,"Temp Written Blocks":0,"I/O Read Time":0.0,"I/O Write Time":0.0,"Temp I/O Read Time":0.0,"Temp I/O Write Time":0.0,"Plans":[{"Node Type":"Seq Scan","Parent Relationship":"Outer","Parallel Aware":false,"Async Capable":false,"Relation Name":"region","Schema":"public","Alias":"region","Startup Cost":0.0,"Total Cost":1.06,"Plan Rows":1,"Plan Width":4,"Actual Startup Time":0.007,"Actual Total Time":0.007,"Actual Rows":1,"Actual Loops":1,"Output":["region.r_regionkey"],"Filter":"((region.r_name)::text = 'Europe'::text)","Rows Removed by Filter":4,"Shared Hit Blocks":1,"Shared Read Blocks":0,"Shared Dirtied Blocks":0,"Shared Written Blocks":0,"Local Hit Blocks":0,"Local Read Blocks":0,"Local Dirtied Blocks":0,"Local Written Blocks":0,"Temp Read Blocks":0,"Temp Written Blocks":0,"I/O Read Time":0.0,"I/O Write Time":0.0,"Temp I/O Read Time":0.0,"Temp I/O Write Time":0.0}]}]}]}]}]},{"Node Type":"Index Only Scan","Parent Relationship":"Inner","Parallel Aware":false,"Async Capable":false,"Scan Direction":"Forward","Index Name":"stock_pk","Relation Name":"stock","Schema":"public","Alias":"stock","Startup Cost":0.44,"Total Cost":519363.62,"Plan Rows":20000212,"Plan Width":6,"Actual Startup Time":0.043,"Actual Total Time":1404.13,"Actual Rows":19999994,"Actual Loops":1,"Output":["stock.s_w_id","stock.s_i_id"],"Heap Fetches":0,"Shared Hit Blocks":54673,"Shared Read Blocks":0,"Shared Dirtied Blocks":0,"Shared Written Blocks":0,"Local Hit Blocks":0,"Local Read Blocks":0,"Local Dirtied Blocks":0,"Local Written Blocks":0,"Temp Read Blocks":0,"Temp Written Blocks":0,"I/O Read Time":0.0,"I/O Write Time":0.0,"Temp I/O Read Time":0.0,"Temp I/O Write Time":0.0}]},{"Node Type":"Hash","Parent Relationship":"Inner","Parallel Aware":false,"Async Capable":false,"Startup Cost":219.01,"Total Cost":219.01,"Plan Rows":10001,"Plan Width":8,"Actual Startup Time":3.072,"Actual Total Time":3.075,"Actual Rows":10000,"Actual Loops":1,"Output":["supplier.su_suppkey","supplier.su_nationkey"],"Hash Buckets":16384,"Original Hash Buckets":16384,"Hash Batches":1,"Original Hash Batches":1,"Peak Memory Usage":519,"Shared Hit Blocks":0,"Shared Read Blocks":0,"Shared Dirtied Blocks":0,"Shared Written Blocks":0,"Local Hit Blocks":0,"Local Read Blocks":0,"Local Dirtied Blocks":0,"Local Written Blocks":0,"Temp Read Blocks":0,"Temp Written Blocks":0,"I/O Read Time":0.0,"I/O Write Time":0.0,"Temp I/O Read Time":0.0,"Temp I/O Write Time":0.0,"Plans":[{"Node Type":"Append","Parent Relationship":"Outer","Parallel Aware":false,"Async Capable":false,"Startup Cost":20.0,"Total Cost":219.01,"Plan Rows":10001,"Plan Width":8,"Actual Startup Time":0.013,"Actual Total Time":1.79,"Actual Rows":10000,"Actual Loops":1,"Shared Hit Blocks":0,"Shared Read Blocks":0,"Shared Dirtied Blocks":0,"Shared Written Blocks":0,"Local Hit Blocks":0,"Local Read Blocks":0,"Local Dirtied Blocks":0,"Local Written Blocks":0,"Temp Read Blocks":0,"Temp Written Blocks":0,"I/O Read Time":0.0,"I/O Write Time":0.0,"Temp I/O Read Time":0.0,"Temp I/O Write Time":0.0,"Subplans Removed":0,"Plans":[{"Node Type":"Custom Scan","Parent Relationship":"Member","Custom Plan Provider":"columnar scan","Parallel Aware":false,"Async Capable":false,"Relation Name":"supplier","Schema":"public","Alias":"supplier","Startup Cost":20.0,"Total Cost":215.0,"Plan Rows":10000,"Plan Width":8,"Actual Startup Time":0.012,"Actual Total Time":1.086,"Actual Rows":10000,"Actual Loops":1,"Output":["supplier.su_suppkey","supplier.su_nationkey"],"Rows Removed by Columnar Filter":0,"Columnar cache search mode":"native","Shared Hit Blocks":0,"Shared Read Blocks":0,"Shared Dirtied Blocks":0,"Shared Written Blocks":0,"Local Hit Blocks":0,"Local Read Blocks":0,"Local Dirtied Blocks":0,"Local Written Blocks":0,"Temp Read Blocks":0,"Temp Written Blocks":0,"I/O Read Time":0.0,"I/O Write Time":0.0,"Temp I/O Read Time":0.0,"Temp I/O Write Time":0.0},{"Node Type":"Seq Scan","Parent Relationship":"Member","Parallel Aware":false,"Async Capable":false,"Relation Name":"supplier","Schema":"public","Alias":"supplier","Startup Cost":0.0,"Total Cost":4.01,"Plan Rows":1,"Plan Width":8,"Actual Startup Time":0.0,"Actual Total Time":0.0,"Actual Rows":0,"Actual Loops":0,"Output":["supplier.su_suppkey","supplier.su_nationkey"],"Shared Hit Blocks":0,"Shared Read Blocks":0,"Shared Dirtied Blocks":0,"Shared Written Blocks":0,"Local Hit Blocks":0,"Local Read Blocks":0,"Local Dirtied Blocks":0,"Local Written Blocks":0,"Temp Read Blocks":0,"Temp Written Blocks":0,"I/O Read Time":0.0,"I/O Write Time":0.0,"Temp I/O Read Time":0.0,"Temp I/O Write Time":0.0}]}]}]}]}]}]},"Planning":{"Shared Hit Blocks":220,"Shared Read Blocks":0,"Shared Dirtied Blocks":0,"Shared Written Blocks":0,"Local Hit Blocks":0,"Local Read Blocks":0,"Local Dirtied Blocks":0,"Local Written Blocks":0,"Temp Read Blocks":0,"Temp Written Blocks":0,"I/O Read Time":0.0,"I/O Write Time":0.0,"Temp I/O Read Time":0.0,"Temp I/O Write Time":0.0},"Planning Time":3.992,"Triggers":[],"Execution Time":34737.693}]
[列存组合]: customer, nation
[{"Plan":{"Node Type":"Sort","Parallel Aware":false,"Async Capable":false,"Startup Cost":4076179.91,"Total Cost":4076180.07,"Plan Rows":62,"Plan Width":40,"Actual Startup Time":34287.24,"Actual Total Time":34287.267,"Actual Rows":11,"Actual Loops":1,"Output":["nation.n_name","(sum(order_line.ol_amount))"],"Sort Key":["(sum(order_line.ol_amount)) DESC"],"Sort Method":"quicksort","Sort Space Used":25,"Sort Space Type":"Memory","Shared Hit Blocks":780762,"Shared Read Blocks":0,"Shared Dirtied Blocks":0,"Shared Written Blocks":0,"Local Hit Blocks":0,"Local Read Blocks":0,"Local Dirtied Blocks":0,"Local Written Blocks":0,"Temp Read Blocks":288611,"Temp Written Blocks":288665,"I/O Read Time":0.0,"I/O Write Time":0.0,"Temp I/O Read Time":434.023,"Temp I/O Write Time":1155.906,"Plans":[{"Node Type":"Aggregate","Strategy":"Sorted","Partial Mode":"Simple","Parent Relationship":"Outer","Parallel Aware":false,"Async Capable":false,"Startup Cost":4076026.27,"Total Cost":4076178.06,"Plan Rows":62,"Plan Width":40,"Actual Startup Time":34281.229,"Actual Total Time":34287.249,"Actual Rows":11,"Actual Loops":1,"Output":["nation.n_name","sum(order_line.ol_amount)"],"Group Key":["nation.n_name"],"Shared Hit Blocks":780762,"Shared Read Blocks":0,"Shared Dirtied Blocks":0,"Shared Written Blocks":0,"Local Hit Blocks":0,"Local Read Blocks":0,"Local Dirtied Blocks":0,"Local Written Blocks":0,"Temp Read Blocks":288611,"Temp Written Blocks":288665,"I/O Read Time":0.0,"I/O Write Time":0.0,"Temp I/O Read Time":434.023,"Temp I/O Write Time":1155.906,"Plans":[{"Node Type":"Sort","Parent Relationship":"Outer","Parallel Aware":false,"Async Capable":false,"Startup Cost":4076026.27,"Total Cost":4076076.61,"Plan Rows":20136,"Plan Width":12,"Actual Startup Time":34280.785,"Actual Total Time":34282.645,"Actual Rows":35044,"Actual Loops":1,"Output":["nation.n_name","order_line.ol_amount"],"Sort Key":["nation.n_name"],"Sort Method":"quicksort","Sort Space Used":3146,"Sort Space Type":"Memory","Shared Hit Blocks":780762,"Shared Read Blocks":0,"Shared Dirtied Blocks":0,"Shared Written Blocks":0,"Local Hit Blocks":0,"Local Read Blocks":0,"Local Dirtied Blocks":0,"Local Written Blocks":0,"Temp Read Blocks":288611,"Temp Written Blocks":288665,"I/O Read Time":0.0,"I/O Write Time":0.0,"Temp I/O Read Time":434.023,"Temp I/O Write Time":1155.906,"Plans":[{"Node Type":"Hash Join","Parent Relationship":"Outer","Parallel Aware":false,"Async Capable":false,"Join Type":"Inner","Startup Cost":3426718.82,"Total Cost":4074586.8,"Plan Rows":20136,"Plan Width":12,"Actual Startup Time":30321.012,"Actual Total Time":34261.568,"Actual Rows":35044,"Actual Loops":1,"Output":["nation.n_name","order_line.ol_amount"],"Inner Unique":true,"Hash Cond":"((mod((stock.s_w_id * stock.s_i_id), 10000) = supplier.su_suppkey) AND (customer.c_nationkey = supplier.su_nationkey))","Shared Hit Blocks":780762,"Shared Read Blocks":0,"Shared Dirtied Blocks":0,"Shared Written Blocks":0,"Local Hit Blocks":0,"Local Read Blocks":0,"Local Dirtied Blocks":0,"Local Written Blocks":0,"Temp Read Blocks":288611,"Temp Written Blocks":288665,"I/O Read Time":0.0,"I/O Write Time":0.0,"Temp I/O Read Time":434.023,"Temp I/O Write Time":1155.906,"Plans":[{"Node Type":"Merge Join","Parent Relationship":"Outer","Parallel Aware":false,"Async Capable":false,"Join Type":"Inner","Startup Cost":3426251.82,"Total Cost":4067284.83,"Plan Rows":1242717,"Plan Width":26,"Actual Startup Time":30318.016,"Actual Total Time":33976.003,"Actual Rows":2218175,"Actual Loops":1,"Output":["customer.c_nationkey","order_line.ol_amount","stock.s_w_id","stock.s_i_id","nation.n_name","nation.n_nationkey"],"Inner Unique":true,"Merge Cond":"((customer.c_w_id = stock.s_w_id) AND (order_line.ol_i_id = stock.s_i_id))","Shared Hit Blocks":780545,"Shared Read Blocks":0,"Shared Dirtied Blocks":0,"Shared Written Blocks":0,"Local Hit Blocks":0,"Local Read Blocks":0,"Local Dirtied Blocks":0,"Local Written Blocks":0,"Temp Read Blocks":288611,"Temp Written Blocks":288665,"I/O Read Time":0.0,"I/O Write Time":0.0,"Temp I/O Read Time":434.023,"Temp I/O Write Time":1155.906,"Plans":[{"Node Type":"Sort","Parent Relationship":"Outer","Parallel Aware":false,"Async Capable":false,"Startup Cost":3426251.38,"Total Cost":3429331.92,"Plan Rows":1232214,"Plan Width":30,"Actual Startup Time":30317.945,"Actual Total Time":30914.108,"Actual Rows":2218175,"Actual Loops":1,"Output":["customer.c_w_id","customer.c_nationkey","orders.o_w_id","order_line.ol_amount","order_line.ol_w_id","order_line.ol_i_id","nation.n_name","nation.n_nationkey"],"Sort Key":["customer.c_w_id","order_line.ol_i_id"],"Sort Method":"external merge","Sort Space Used":94520,"Sort Space Type":"Disk","Shared Hit Blocks":725872,"Shared Read Blocks":0,"Shared Dirtied Blocks":0,"Shared Written Blocks":0,"Local Hit Blocks":0,"Local Read Blocks":0,"Local Dirtied Blocks":0,"Local Written Blocks":0,"Temp Read Blocks":288611,"Temp Written Blocks":288665,"I/O Read Time":0.0,"I/O Write Time":0.0,"Temp I/O Read Time":434.023,"Temp I/O Write Time":1155.906,"Plans":[{"Node Type":"Hash Join","Parent Relationship":"Outer","Parallel Aware":false,"Async Capable":false,"Join Type":"Inner","Startup Cost":797902.74,"Total Cost":3242627.55,"Plan Rows":1232214,"Plan Width":30,"Actual Startup Time":2964.302,"Actual Total Time":27681.107,"Actual Rows":2218175,"Actual Loops":1,"Output":["customer.c_w_id","customer.c_nationkey","orders.o_w_id","order_line.ol_amount","order_line.ol_w_id","order_line.ol_i_id","nation.n_name","nation.n_nationkey"],"Inner Unique":false,"Hash Cond":"(customer.c_nationkey = nation.n_nationkey)","Shared Hit Blocks":725872,"Shared Read Blocks":0,"Shared Dirtied Blocks":0,"Shared Written Blocks":0,"Local Hit Blocks":0,"Local Read Blocks":0,"Local Dirtied Blocks":0,"Local Written Blocks":0,"Temp Read Blocks":264991,"Temp Written Blocks":264991,"I/O Read Time":0.0,"I/O Write Time":0.0,"Temp I/O Read Time":398.343,"Temp I/O Write Time":1093.763,"Plans":[{"Node Type":"Hash Join","Parent Relationship":"Outer","Parallel Aware":false,"Async Capable":false,"Join Type":"Inner","Startup Cost":797899.6,"Total Cost":3207595.75,"Plan Rows":6161071,"Plan Width":18,"Actual Startup Time":2956.493,"Actual Total Time":26836.24,"Actual Rows":8568663,"Actual Loops":1,"Output":["customer.c_w_id","customer.c_nationkey","orders.o_w_id","order_line.ol_amount","order_line.ol_w_id","order_line.ol_i_id"],"Inner Unique":true,"Hash Cond":"((orders.o_c_id = customer.c_id) AND (orders.o_w_id = customer.c_w_id) AND (orders.o_d_id = customer.c_d_id))","Shared Hit Blocks":725870,"Shared Read Blocks":0,"Shared Dirtied Blocks":0,"Shared Written Blocks":0,"Local Hit Blocks":0,"Local Read Blocks":0,"Local Dirtied Blocks":0,"Local Written Blocks":0,"Temp Read Blocks":264991,"Temp Written Blocks":264991,"I/O Read Time":0.0,"I/O Write Time":0.0,"Temp I/O Read Time":398.343,"Temp I/O Write Time":1093.763,"Plans":[{"Node Type":"Hash Join","Parent Relationship":"Outer","Parallel Aware":false,"Async Capable":false,"Join Type":"Inner","Startup Cost":153803.65,"Total Cost":2413481.36,"Plan Rows":6161071,"Plan Width":20,"Actual Startup Time":616.778,"Actual Total Time":20203.701,"Actual Rows":8568663,"Actual Loops":1,"Output":["orders.o_c_id","orders.o_w_id","orders.o_d_id","order_line.ol_amount","order_line.ol_w_id","order_line.ol_d_id","order_line.ol_i_id"],"Inner Unique":true,"Hash Cond":"((order_line.ol_w_id = orders.o_w_id) AND (order_line.ol_d_id = orders.o_d_id) AND (order_line.ol_o_id = orders.o_id))","Shared Hit Blocks":725870,"Shared Read Blocks":0,"Shared Dirtied Blocks":0,"Shared Written Blocks":0,"Local Hit Blocks":0,"Local Read Blocks":0,"Local Dirtied Blocks":0,"Local Written Blocks":0,"Temp Read Blocks":200672,"Temp Written Blocks":200672,"I/O Read Time":0.0,"I/O Write Time":0.0,"Temp I/O Read Time":299.657,"Temp I/O Write Time":798.041,"Plans":[{"Node Type":"Seq Scan","Parent Relationship":"Outer","Parallel Aware":false,"Async Capable":false,"Relation Name":"order_line","Schema":"public","Alias":"order_line","Startup Cost":0.0,"Total Cost":1431670.8,"Plan Rows":42039468,"Plan Width":20,"Actual Startup Time":0.006,"Actual Total Time":7317.175,"Actual Rows":42000489,"Actual Loops":1,"Output":["order_line.ol_amount","order_line.ol_o_id","order_line.ol_w_id","order_line.ol_d_id","order_line.ol_i_id"],"Filter":"(order_line.ol_delivery_d >= '1992-01-02 20:10:02.27764'::timestamp without time zone)","Rows Removed by Filter":17993272,"Shared Hit Blocks":681748,"Shared Read Blocks":0,"Shared Dirtied Blocks":0,"Shared Written Blocks":0,"Local Hit Blocks":0,"Local Read Blocks":0,"Local Dirtied Blocks":0,"Local Written Blocks":0,"Temp Read Blocks":0,"Temp Written Blocks":0,"I/O Read Time":0.0,"I/O Write Time":0.0,"Temp I/O Read Time":0.0,"Temp I/O Write Time":0.0},{"Node Type":"Hash","Parent Relationship":"Inner","Parallel Aware":false,"Async Capable":false,"Startup Cost":134121.52,"Total Cost":134121.52,"Plan Rows":879322,"Plan Width":16,"Actual Startup Time":582.672,"Actual Total Time":582.678,"Actual Rows":856801,"Actual Loops":1,"Output":["orders.o_c_id","orders.o_w_id","orders.o_d_id","orders.o_id"],"Hash Buckets":262144,"Original Hash Buckets":262144,"Hash Batches":8,"Original Hash Batches":8,"Peak Memory Usage":7070,"Shared Hit Blocks":44122,"Shared Read Blocks":0,"Shared Dirtied Blocks":0,"Shared Written Blocks":0,"Local Hit Blocks":0,"Local Read Blocks":0,"Local Dirtied Blocks":0,"Local Written Blocks":0,"Temp Read Blocks":0,"Temp Written Blocks":3290,"I/O Read Time":0.0,"I/O Write Time":0.0,"Temp I/O Read Time":0.0,"Temp I/O Write Time":14.683,"Plans":[{"Node Type":"Seq Scan","Parent Relationship":"Outer","Parallel Aware":false,"Async Capable":false,"Relation Name":"orders","Schema":"public","Alias":"orders","Startup Cost":0.0,"Total Cost":134121.52,"Plan Rows":879322,"Plan Width":16,"Actual Startup Time":0.591,"Actual Total Time":435.64,"Actual Rows":856801,"Actual Loops":1,"Output":["orders.o_c_id","orders.o_w_id","orders.o_d_id","orders.o_id"],"Filter":"((orders.o_entry_d >= '1993-01-02 20:10:02.27764'::timestamp without time zone) AND (orders.o_entry_d < '1994-01-02 20:10:02.27764'::timestamp without time zone))","Rows Removed by Filter":5143199,"Shared Hit Blocks":44122,"Shared Read Blocks":0,"Shared Dirtied Blocks":0,"Shared Written Blocks":0,"Local Hit Blocks":0,"Local Read Blocks":0,"Local Dirtied Blocks":0,"Local Written Blocks":0,"Temp Read Blocks":0,"Temp Written Blocks":0,"I/O Read Time":0.0,"I/O Write Time":0.0,"Temp I/O Read Time":0.0,"Temp I/O Write Time":0.0}]}]},{"Node Type":"Hash","Parent Relationship":"Inner","Parallel Aware":false,"Async Capable":false,"Startup Cost":509795.49,"Total Cost":509795.49,"Plan Rows":6000140,"Plan Width":12,"Actual Startup Time":2332.648,"Actual Total Time":2332.655,"Actual Rows":6000000,"Actual Loops":1,"Output":["customer.c_id","customer.c_w_id","customer.c_d_id","customer.c_nationkey"],"Hash Buckets":262144,"Original Hash Buckets":262144,"Hash Batches":64,"Original Hash Batches":64,"Peak Memory Usage":6073,"Shared Hit Blocks":0,"Shared Read Blocks":0,"Shared Dirtied Blocks":0,"Shared Written Blocks":0,"Local Hit Blocks":0,"Local Read Blocks":0,"Local Dirtied Blocks":0,"Local Written Blocks":0,"Temp Read Blocks":0,"Temp Written Blocks":23037,"I/O Read Time":0.0,"I/O Write Time":0.0,"Temp I/O Read Time":0.0,"Temp I/O Write Time":100.679,"Plans":[{"Node Type":"Append","Parent Relationship":"Outer","Parallel Aware":false,"Async Capable":false,"Startup Cost":20.0,"Total Cost":509795.49,"Plan Rows":6000140,"Plan Width":12,"Actual Startup Time":0.037,"Actual Total Time":1327.453,"Actual Rows":6000000,"Actual Loops":1,"Shared Hit Blocks":0,"Shared Read Blocks":0,"Shared Dirtied Blocks":0,"Shared Written Blocks":0,"Local Hit Blocks":0,"Local Read Blocks":0,"Local Dirtied Blocks":0,"Local Written Blocks":0,"Temp Read Blocks":0,"Temp Written Blocks":0,"I/O Read Time":0.0,"I/O Write Time":0.0,"Temp I/O Read Time":0.0,"Temp I/O Write Time":0.0,"Subplans Removed":0,"Plans":[{"Node Type":"Custom Scan","Parent Relationship":"Member","Custom Plan Provider":"columnar scan","Parallel Aware":false,"Async Capable":false,"Relation Name":"customer","Schema":"public","Alias":"customer","Startup Cost":20.0,"Total Cost":141020.06,"Plan Rows":6000000,"Plan Width":12,"Actual Startup Time":0.036,"Actual Total Time":898.765,"Actual Rows":6000000,"Actual Loops":1,"Output":["customer.c_id","customer.c_w_id","customer.c_d_id","customer.c_nationkey"],"Rows Removed by Columnar Filter":0,"Columnar cache search mode":"native","Shared Hit Blocks":0,"Shared Read Blocks":0,"Shared Dirtied Blocks":0,"Shared Written Blocks":0,"Local Hit Blocks":0,"Local Read Blocks":0,"Local Dirtied Blocks":0,"Local Written Blocks":0,"Temp Read Blocks":0,"Temp Written Blocks":0,"I/O Read Time":0.0,"I/O Write Time":0.0,"Temp I/O Read Time":0.0,"Temp I/O Write Time":0.0},{"Node Type":"Seq Scan","Parent Relationship":"Member","Parallel Aware":false,"Async Capable":false,"Relation Name":"customer","Schema":"public","Alias":"customer","Startup Cost":0.0,"Total Cost":5.4,"Plan Rows":140,"Plan Width":12,"Actual Startup Time":0.0,"Actual Total Time":0.0,"Actual Rows":0,"Actual Loops":0,"Output":["customer.c_id","customer.c_w_id","customer.c_d_id","customer.c_nationkey"],"Shared Hit Blocks":0,"Shared Read Blocks":0,"Shared Dirtied Blocks":0,"Shared Written Blocks":0,"Local Hit Blocks":0,"Local Read Blocks":0,"Local Dirtied Blocks":0,"Local Written Blocks":0,"Temp Read Blocks":0,"Temp Written Blocks":0,"I/O Read Time":0.0,"I/O Write Time":0.0,"Temp I/O Read Time":0.0,"Temp I/O Write Time":0.0}]}]}]},{"Node Type":"Hash","Parent Relationship":"Inner","Parallel Aware":false,"Async Capable":false,"Startup Cost":2.99,"Total Cost":2.99,"Plan Rows":12,"Plan Width":12,"Actual Startup Time":0.039,"Actual Total Time":0.043,"Actual Rows":22,"Actual Loops":1,"Output":["nation.n_name","nation.n_nationkey"],"Hash Buckets":1024,"Original Hash Buckets":1024,"Hash Batches":1,"Original Hash Batches":1,"Peak Memory Usage":9,"Shared Hit Blocks":2,"Shared Read Blocks":0,"Shared Dirtied Blocks":0,"Shared Written Blocks":0,"Local Hit Blocks":0,"Local Read Blocks":0,"Local Dirtied Blocks":0,"Local Written Blocks":0,"Temp Read Blocks":0,"Temp Written Blocks":0,"I/O Read Time":0.0,"I/O Write Time":0.0,"Temp I/O Read Time":0.0,"Temp I/O Write Time":0.0,"Plans":[{"Node Type":"Hash Join","Parent Relationship":"Outer","Parallel Aware":false,"Async Capable":false,"Join Type":"Inner","Startup Cost":1.07,"Total Cost":2.99,"Plan Rows":12,"Plan Width":12,"Actual Startup Time":0.023,"Actual Total Time":0.036,"Actual Rows":22,"Actual Loops":1,"Output":["nation.n_name","nation.n_nationkey"],"Inner Unique":true,"Hash Cond":"(nation.n_regionkey = region.r_regionkey)","Shared Hit Blocks":2,"Shared Read Blocks":0,"Shared Dirtied Blocks":0,"Shared Written Blocks":0,"Local Hit Blocks":0,"Local Read Blocks":0,"Local Dirtied Blocks":0,"Local Written Blocks":0,"Temp Read Blocks":0,"Temp Written Blocks":0,"I/O Read Time":0.0,"I/O Write Time":0.0,"Temp I/O Read Time":0.0,"Temp I/O Write Time":0.0,"Plans":[{"Node Type":"Seq Scan","Parent Relationship":"Outer","Parallel Aware":false,"Async Capable":false,"Relation Name":"nation","Schema":"public","Alias":"nation","Startup Cost":0.0,"Total Cost":1.62,"Plan Rows":62,"Plan Width":16,"Actual Startup Time":0.004,"Actual Total Time":0.008,"Actual Rows":62,"Actual Loops":1,"Output":["nation.n_nationkey","nation.n_name","nation.n_regionkey","nation.n_comment"],"Shared Hit Blocks":1,"Shared Read Blocks":0,"Shared Dirtied Blocks":0,"Shared Written Blocks":0,"Local Hit Blocks":0,"Local Read Blocks":0,"Local Dirtied Blocks":0,"Local Written Blocks":0,"Temp Read Blocks":0,"Temp Written Blocks":0,"I/O Read Time":0.0,"I/O Write Time":0.0,"Temp I/O Read Time":0.0,"Temp I/O Write Time":0.0},{"Node Type":"Hash","Parent Relationship":"Inner","Parallel Aware":false,"Async Capable":false,"Startup Cost":1.06,"Total Cost":1.06,"Plan Rows":1,"Plan Width":4,"Actual Startup Time":0.008,"Actual Total Time":0.009,"Actual Rows":1,"Actual Loops":1,"Output":["region.r_regionkey"],"Hash Buckets":1024,"Original Hash Buckets":1024,"Hash Batches":1,"Original Hash Batches":1,"Peak Memory Usage":9,"Shared Hit Blocks":1,"Shared Read Blocks":0,"Shared Dirtied Blocks":0,"Shared Written Blocks":0,"Local Hit Blocks":0,"Local Read Blocks":0,"Local Dirtied Blocks":0,"Local Written Blocks":0,"Temp Read Blocks":0,"Temp Written Blocks":0,"I/O Read Time":0.0,"I/O Write Time":0.0,"Temp I/O Read Time":0.0,"Temp I/O Write Time":0.0,"Plans":[{"Node Type":"Seq Scan","Parent Relationship":"Outer","Parallel Aware":false,"Async Capable":false,"Relation Name":"region","Schema":"public","Alias":"region","Startup Cost":0.0,"Total Cost":1.06,"Plan Rows":1,"Plan Width":4,"Actual Startup Time":0.006,"Actual Total Time":0.006,"Actual Rows":1,"Actual Loops":1,"Output":["region.r_regionkey"],"Filter":"((region.r_name)::text = 'Europe'::text)","Rows Removed by Filter":4,"Shared Hit Blocks":1,"Shared Read Blocks":0,"Shared Dirtied Blocks":0,"Shared Written Blocks":0,"Local Hit Blocks":0,"Local Read Blocks":0,"Local Dirtied Blocks":0,"Local Written Blocks":0,"Temp Read Blocks":0,"Temp Written Blocks":0,"I/O Read Time":0.0,"I/O Write Time":0.0,"Temp I/O Read Time":0.0,"Temp I/O Write Time":0.0}]}]}]}]}]},{"Node Type":"Index Only Scan","Parent Relationship":"Inner","Parallel Aware":false,"Async Capable":false,"Scan Direction":"Forward","Index Name":"stock_pk","Relation Name":"stock","Schema":"public","Alias":"stock","Startup Cost":0.44,"Total Cost":519363.62,"Plan Rows":20000212,"Plan Width":6,"Actual Startup Time":0.057,"Actual Total Time":1404.69,"Actual Rows":19999994,"Actual Loops":1,"Output":["stock.s_w_id","stock.s_i_id"],"Heap Fetches":0,"Shared Hit Blocks":54673,"Shared Read Blocks":0,"Shared Dirtied Blocks":0,"Shared Written Blocks":0,"Local Hit Blocks":0,"Local Read Blocks":0,"Local Dirtied Blocks":0,"Local Written Blocks":0,"Temp Read Blocks":0,"Temp Written Blocks":0,"I/O Read Time":0.0,"I/O Write Time":0.0,"Temp I/O Read Time":0.0,"Temp I/O Write Time":0.0}]},{"Node Type":"Hash","Parent Relationship":"Inner","Parallel Aware":false,"Async Capable":false,"Startup Cost":317.0,"Total Cost":317.0,"Plan Rows":10000,"Plan Width":8,"Actual Startup Time":2.557,"Actual Total Time":2.557,"Actual Rows":10000,"Actual Loops":1,"Output":["supplier.su_suppkey","supplier.su_nationkey"],"Hash Buckets":16384,"Original Hash Buckets":16384,"Hash Batches":1,"Original Hash Batches":1,"Peak Memory Usage":519,"Shared Hit Blocks":217,"Shared Read Blocks":0,"Shared Dirtied Blocks":0,"Shared Written Blocks":0,"Local Hit Blocks":0,"Local Read Blocks":0,"Local Dirtied Blocks":0,"Local Written Blocks":0,"Temp Read Blocks":0,"Temp Written Blocks":0,"I/O Read Time":0.0,"I/O Write Time":0.0,"Temp I/O Read Time":0.0,"Temp I/O Write Time":0.0,"Plans":[{"Node Type":"Seq Scan","Parent Relationship":"Outer","Parallel Aware":false,"Async Capable":false,"Relation Name":"supplier","Schema":"public","Alias":"supplier","Startup Cost":0.0,"Total Cost":317.0,"Plan Rows":10000,"Plan Width":8,"Actual Startup Time":0.009,"Actual Total Time":1.273,"Actual Rows":10000,"Actual Loops":1,"Output":["supplier.su_suppkey","supplier.su_nationkey"],"Shared Hit Blocks":217,"Shared Read Blocks":0,"Shared Dirtied Blocks":0,"Shared Written Blocks":0,"Local Hit Blocks":0,"Local Read Blocks":0,"Local Dirtied Blocks":0,"Local Written Blocks":0,"Temp Read Blocks":0,"Temp Written Blocks":0,"I/O Read Time":0.0,"I/O Write Time":0.0,"Temp I/O Read Time":0.0,"Temp I/O Write Time":0.0}]}]}]}]}]},"Planning":{"Shared Hit Blocks":222,"Shared Read Blocks":0,"Shared Dirtied Blocks":0,"Shared Written Blocks":0,"Local Hit Blocks":0,"Local Read Blocks":0,"Local Dirtied Blocks":0,"Local Written Blocks":0,"Temp Read Blocks":0,"Temp Written Blocks":0,"I/O Read Time":0.0,"I/O Write Time":0.0,"Temp I/O Read Time":0.0,"Temp I/O Write Time":0.0},"Planning Time":4.842,"Triggers":[],"Execution Time":34306.422}]
[列存组合]: customer, order_line
[{"Plan":{"Node Type":"Sort","Parallel Aware":false,"Async Capable":false,"Startup Cost":4048107.93,"Total Cost":4048108.09,"Plan Rows":62,"Plan Width":40,"Actual Startup Time":20931.148,"Actual Total Time":20931.179,"Actual Rows":11,"Actual Loops":1,"Output":["nation.n_name","(sum(order_line.ol_amount))"],"Sort Key":["(sum(order_line.ol_amount)) DESC"],"Sort Method":"quicksort","Sort Space Used":25,"Sort Space Type":"Memory","Shared Hit Blocks":99014,"Shared Read Blocks":0,"Shared Dirtied Blocks":0,"Shared Written Blocks":0,"Local Hit Blocks":0,"Local Read Blocks":0,"Local Dirtied Blocks":0,"Local Written Blocks":0,"Temp Read Blocks":131755,"Temp Written Blocks":131809,"I/O Read Time":0.0,"I/O Write Time":0.0,"Temp I/O Read Time":203.065,"Temp I/O Write Time":543.786,"Plans":[{"Node Type":"Aggregate","Strategy":"Sorted","Partial Mode":"Simple","Parent Relationship":"Outer","Parallel Aware":false,"Async Capable":false,"Startup Cost":4047954.29,"Total Cost":4048106.09,"Plan Rows":62,"Plan Width":40,"Actual Startup Time":20925.045,"Actual Total Time":20931.162,"Actual Rows":11,"Actual Loops":1,"Output":["nation.n_name","sum(order_line.ol_amount)"],"Group Key":["nation.n_name"],"Shared Hit Blocks":99014,"Shared Read Blocks":0,"Shared Dirtied Blocks":0,"Shared Written Blocks":0,"Local Hit Blocks":0,"Local Read Blocks":0,"Local Dirtied Blocks":0,"Local Written Blocks":0,"Temp Read Blocks":131755,"Temp Written Blocks":131809,"I/O Read Time":0.0,"I/O Write Time":0.0,"Temp I/O Read Time":203.065,"Temp I/O Write Time":543.786,"Plans":[{"Node Type":"Sort","Parent Relationship":"Outer","Parallel Aware":false,"Async Capable":false,"Startup Cost":4047954.29,"Total Cost":4048004.63,"Plan Rows":20136,"Plan Width":12,"Actual Startup Time":20924.591,"Actual Total Time":20926.461,"Actual Rows":35044,"Actual Loops":1,"Output":["nation.n_name","order_line.ol_amount"],"Sort Key":["nation.n_name"],"Sort Method":"quicksort","Sort Space Used":3146,"Sort Space Type":"Memory","Shared Hit Blocks":99014,"Shared Read Blocks":0,"Shared Dirtied Blocks":0,"Shared Written Blocks":0,"Local Hit Blocks":0,"Local Read Blocks":0,"Local Dirtied Blocks":0,"Local Written Blocks":0,"Temp Read Blocks":131755,"Temp Written Blocks":131809,"I/O Read Time":0.0,"I/O Write Time":0.0,"Temp I/O Read Time":203.065,"Temp I/O Write Time":543.786,"Plans":[{"Node Type":"Hash Join","Parent Relationship":"Outer","Parallel Aware":false,"Async Capable":false,"Join Type":"Inner","Startup Cost":3398646.84,"Total Cost":4046514.82,"Plan Rows":20136,"Plan Width":12,"Actual Startup Time":17002.834,"Actual Total Time":20905.252,"Actual Rows":35044,"Actual Loops":1,"Output":["nation.n_name","order_line.ol_amount"],"Inner Unique":true,"Hash Cond":"((mod((stock.s_w_id * stock.s_i_id), 10000) = supplier.su_suppkey) AND (customer.c_nationkey = supplier.su_nationkey))","Shared Hit Blocks":99014,"Shared Read Blocks":0,"Shared Dirtied Blocks":0,"Shared Written Blocks":0,"Local Hit Blocks":0,"Local Read Blocks":0,"Local Dirtied Blocks":0,"Local Written Blocks":0,"Temp Read Blocks":131755,"Temp Written Blocks":131809,"I/O Read Time":0.0,"I/O Write Time":0.0,"Temp I/O Read Time":203.065,"Temp I/O Write Time":543.786,"Plans":[{"Node Type":"Merge Join","Parent Relationship":"Outer","Parallel Aware":false,"Async Capable":false,"Join Type":"Inner","Startup Cost":3398179.84,"Total Cost":4039212.85,"Plan Rows":1242717,"Plan Width":26,"Actual Startup Time":16999.812,"Actual Total Time":20622.615,"Actual Rows":2218175,"Actual Loops":1,"Output":["customer.c_nationkey","order_line.ol_amount","stock.s_w_id","stock.s_i_id","nation.n_name","nation.n_nationkey"],"Inner Unique":true,"Merge Cond":"((customer.c_w_id = stock.s_w_id) AND (order_line.ol_i_id = stock.s_i_id))","Shared Hit Blocks":98797,"Shared Read Blocks":0,"Shared Dirtied Blocks":0,"Shared Written Blocks":0,"Local Hit Blocks":0,"Local Read Blocks":0,"Local Dirtied Blocks":0,"Local Written Blocks":0,"Temp Read Blocks":131755,"Temp Written Blocks":131809,"I/O Read Time":0.0,"I/O Write Time":0.0,"Temp I/O Read Time":203.065,"Temp I/O Write Time":543.786,"Plans":[{"Node Type":"Sort","Parent Relationship":"Outer","Parallel Aware":false,"Async Capable":false,"Startup Cost":3398179.41,"Total Cost":3401259.94,"Plan Rows":1232214,"Plan Width":30,"Actual Startup Time":16999.746,"Actual Total Time":17596.304,"Actual Rows":2218175,"Actual Loops":1,"Output":["customer.c_w_id","customer.c_nationkey","orders.o_w_id","order_line.ol_amount","order_line.ol_w_id","order_line.ol_i_id","nation.n_name","nation.n_nationkey"],"Sort Key":["customer.c_w_id","order_line.ol_i_id"],"Sort Method":"external merge","Sort Space Used":94520,"Sort Space Type":"Disk","Shared Hit Blocks":44124,"Shared Read Blocks":0,"Shared Dirtied Blocks":0,"Shared Written Blocks":0,"Local Hit Blocks":0,"Local Read Blocks":0,"Local Dirtied Blocks":0,"Local Written Blocks":0,"Temp Read Blocks":131755,"Temp Written Blocks":131809,"I/O Read Time":0.0,"I/O Write Time":0.0,"Temp I/O Read Time":203.065,"Temp I/O Write Time":543.786,"Plans":[{"Node Type":"Hash Join","Parent Relationship":"Outer","Parallel Aware":false,"Async Capable":false,"Join Type":"Inner","Startup Cost":797922.74,"Total Cost":3214555.58,"Plan Rows":1232214,"Plan Width":30,"Actual Startup Time":2982.566,"Actual Total Time":14355.644,"Actual Rows":2218175,"Actual Loops":1,"Output":["customer.c_w_id","customer.c_nationkey","orders.o_w_id","order_line.ol_amount","order_line.ol_w_id","order_line.ol_i_id","nation.n_name","nation.n_nationkey"],"Inner Unique":false,"Hash Cond":"(customer.c_nationkey = nation.n_nationkey)","Shared Hit Blocks":44124,"Shared Read Blocks":0,"Shared Dirtied Blocks":0,"Shared Written Blocks":0,"Local Hit Blocks":0,"Local Read Blocks":0,"Local Dirtied Blocks":0,"Local Written Blocks":0,"Temp Read Blocks":108135,"Temp Written Blocks":108135,"I/O Read Time":0.0,"I/O Write Time":0.0,"Temp I/O Read Time":168.644,"Temp I/O Write Time":481.793,"Plans":[{"Node Type":"Hash Join","Parent Relationship":"Outer","Parallel Aware":false,"Async Capable":false,"Join Type":"Inner","Startup Cost":797919.6,"Total Cost":3179523.77,"Plan Rows":6161071,"Plan Width":18,"Actual Startup Time":2975.941,"Actual Total Time":13516.637,"Actual Rows":8568663,"Actual Loops":1,"Output":["customer.c_w_id","customer.c_nationkey","orders.o_w_id","order_line.ol_amount","order_line.ol_w_id","order_line.ol_i_id"],"Inner Unique":true,"Hash Cond":"((orders.o_c_id = customer.c_id) AND (orders.o_w_id = customer.c_w_id) AND (orders.o_d_id = customer.c_d_id))","Shared Hit Blocks":44122,"Shared Read Blocks":0,"Shared Dirtied Blocks":0,"Shared Written Blocks":0,"Local Hit Blocks":0,"Local Read Blocks":0,"Local Dirtied Blocks":0,"Local Written Blocks":0,"Temp Read Blocks":108135,"Temp Written Blocks":108135,"I/O Read Time":0.0,"I/O Write Time":0.0,"Temp I/O Read Time":168.644,"Temp I/O Write Time":481.793,"Plans":[{"Node Type":"Hash Join","Parent Relationship":"Outer","Parallel Aware":false,"Async Capable":false,"Join Type":"Inner","Startup Cost":153823.65,"Total Cost":2385409.38,"Plan Rows":6161071,"Plan Width":20,"Actual Startup Time":643.358,"Actual Total Time":6883.016,"Actual Rows":8568663,"Actual Loops":1,"Output":["orders.o_c_id","orders.o_w_id","orders.o_d_id","order_line.ol_amount","order_line.ol_w_id","order_line.ol_d_id","order_line.ol_i_id"],"Inner Unique":true,"Hash Cond":"((order_line.ol_w_id = orders.o_w_id) AND (order_line.ol_d_id = orders.o_d_id) AND (order_line.ol_o_id = orders.o_id))","Shared Hit Blocks":44122,"Shared Read Blocks":0,"Shared Dirtied Blocks":0,"Shared Written Blocks":0,"Local Hit Blocks":0,"Local Read Blocks":0,"Local Dirtied Blocks":0,"Local Written Blocks":0,"Temp Read Blocks":43816,"Temp Written Blocks":43816,"I/O Read Time":0.0,"I/O Write Time":0.0,"Temp I/O Read Time":68.366,"Temp I/O Write Time":187.649,"Plans":[{"Node Type":"Append","Parent Relationship":"Outer","Parallel Aware":false,"Async Capable":false,"Startup Cost":20.0,"Total Cost":1403598.82,"Plan Rows":42039468,"Plan Width":20,"Actual Startup Time":1.452,"Actual Total Time":2576.017,"Actual Rows":8620885,"Actual Loops":1,"Shared Hit Blocks":0,"Shared Read Blocks":0,"Shared Dirtied Blocks":0,"Shared Written Blocks":0,"Local Hit Blocks":0,"Local Read Blocks":0,"Local Dirtied Blocks":0,"Local Written Blocks":0,"Temp Read Blocks":0,"Temp Written Blocks":0,"I/O Read Time":0.0,"I/O Write Time":0.0,"Temp I/O Read Time":0.0,"Temp I/O Write Time":0.0,"Subplans Removed":0,"Plans":[{"Node Type":"Custom Scan","Parent Relationship":"Member","Custom Plan Provider":"columnar scan","Parallel Aware":false,"Async Capable":false,"Relation Name":"order_line","Schema":"public","Alias":"order_line","Startup Cost":20.0,"Total Cost":1072026.23,"Plan Rows":42039424,"Plan Width":20,"Actual Startup Time":1.449,"Actual Total Time":1976.065,"Actual Rows":8620885,"Actual Loops":1,"Output":["order_line.ol_amount","order_line.ol_o_id","order_line.ol_w_id","order_line.ol_d_id","order_line.ol_i_id"],"Filter":"(order_line.ol_delivery_d >= '1992-01-02 20:10:02.27764'::timestamp without time zone)","Rows Removed by Filter":0,"Rows Removed by Columnar Filter":51372876,"Rows Filtered by Bloom Filter":0,"Dictionary Rows Filtered by Bloom Filter":51372876,"Columnar cache search mode":"native","Shared Hit Blocks":0,"Shared Read Blocks":0,"Shared Dirtied Blocks":0,"Shared Written Blocks":0,"Local Hit Blocks":0,"Local Read Blocks":0,"Local Dirtied Blocks":0,"Local Written Blocks":0,"Temp Read Blocks":0,"Temp Written Blocks":0,"I/O Read Time":0.0,"I/O Write Time":0.0,"Temp I/O Read Time":0.0,"Temp I/O Write Time":0.0},{"Node Type":"Seq Scan","Parent Relationship":"Member","Parallel Aware":false,"Async Capable":false,"Relation Name":"order_line","Schema":"public","Alias":"order_line","Startup Cost":0.0,"Total Cost":4.79,"Plan Rows":44,"Plan Width":20,"Actual Startup Time":0.0,"Actual Total Time":0.0,"Actual Rows":0,"Actual Loops":0,"Output":["order_line.ol_amount","order_line.ol_o_id","order_line.ol_w_id","order_line.ol_d_id","order_line.ol_i_id"],"Filter":"(order_line.ol_delivery_d >= '1992-01-02 20:10:02.27764'::timestamp without time zone)","Rows Removed by Filter":0,"Shared Hit Blocks":0,"Shared Read Blocks":0,"Shared Dirtied Blocks":0,"Shared Written Blocks":0,"Local Hit Blocks":0,"Local Read Blocks":0,"Local Dirtied Blocks":0,"Local Written Blocks":0,"Temp Read Blocks":0,"Temp Written Blocks":0,"I/O Read Time":0.0,"I/O Write Time":0.0,"Temp I/O Read Time":0.0,"Temp I/O Write Time":0.0}]},{"Node Type":"Hash","Parent Relationship":"Inner","Parallel Aware":false,"Async Capable":false,"Startup Cost":134121.52,"Total Cost":134121.52,"Plan Rows":879322,"Plan Width":16,"Actual Startup Time":640.549,"Actual Total Time":640.552,"Actual Rows":856801,"Actual Loops":1,"Output":["orders.o_c_id","orders.o_w_id","orders.o_d_id","orders.o_id"],"Hash Buckets":262144,"Original Hash Buckets":262144,"Hash Batches":8,"Original Hash Batches":8,"Peak Memory Usage":7070,"Shared Hit Blocks":44122,"Shared Read Blocks":0,"Shared Dirtied Blocks":0,"Shared Written Blocks":0,"Local Hit Blocks":0,"Local Read Blocks":0,"Local Dirtied Blocks":0,"Local Written Blocks":0,"Temp Read Blocks":0,"Temp Written Blocks":3290,"I/O Read Time":0.0,"I/O Write Time":0.0,"Temp I/O Read Time":0.0,"Temp I/O Write Time":15.65,"Plans":[{"Node Type":"Seq Scan","Parent Relationship":"Outer","Parallel Aware":false,"Async Capable":false,"Relation Name":"orders","Schema":"public","Alias":"orders","Startup Cost":0.0,"Total Cost":134121.52,"Plan Rows":879322,"Plan Width":16,"Actual Startup Time":0.608,"Actual Total Time":440.607,"Actual Rows":856801,"Actual Loops":1,"Output":["orders.o_c_id","orders.o_w_id","orders.o_d_id","orders.o_id"],"Filter":"((orders.o_entry_d >= '1993-01-02 20:10:02.27764'::timestamp without time zone) AND (orders.o_entry_d < '1994-01-02 20:10:02.27764'::timestamp without time zone))","Rows Removed by Filter":5143199,"Shared Hit Blocks":44122,"Shared Read Blocks":0,"Shared Dirtied Blocks":0,"Shared Written Blocks":0,"Local Hit Blocks":0,"Local Read Blocks":0,"Local Dirtied Blocks":0,"Local Written Blocks":0,"Temp Read Blocks":0,"Temp Written Blocks":0,"I/O Read Time":0.0,"I/O Write Time":0.0,"Temp I/O Read Time":0.0,"Temp I/O Write Time":0.0}]}]},{"Node Type":"Hash","Parent Relationship":"Inner","Parallel Aware":false,"Async Capable":false,"Startup Cost":509795.49,"Total Cost":509795.49,"Plan Rows":6000140,"Plan Width":12,"Actual Startup Time":2326.309,"Actual Total Time":2326.312,"Actual Rows":6000000,"Actual Loops":1,"Output":["customer.c_id","customer.c_w_id","customer.c_d_id","customer.c_nationkey"],"Hash Buckets":262144,"Original Hash Buckets":262144,"Hash Batches":64,"Original Hash Batches":64,"Peak Memory Usage":6073,"Shared Hit Blocks":0,"Shared Read Blocks":0,"Shared Dirtied Blocks":0,"Shared Written Blocks":0,"Local Hit Blocks":0,"Local Read Blocks":0,"Local Dirtied Blocks":0,"Local Written Blocks":0,"Temp Read Blocks":0,"Temp Written Blocks":23037,"I/O Read Time":0.0,"I/O Write Time":0.0,"Temp I/O Read Time":0.0,"Temp I/O Write Time":104.624,"Plans":[{"Node Type":"Append","Parent Relationship":"Outer","Parallel Aware":false,"Async Capable":false,"Startup Cost":20.0,"Total Cost":509795.49,"Plan Rows":6000140,"Plan Width":12,"Actual Startup Time":0.02,"Actual Total Time":1317.016,"Actual Rows":6000000,"Actual Loops":1,"Shared Hit Blocks":0,"Shared Read Blocks":0,"Shared Dirtied Blocks":0,"Shared Written Blocks":0,"Local Hit Blocks":0,"Local Read Blocks":0,"Local Dirtied Blocks":0,"Local Written Blocks":0,"Temp Read Blocks":0,"Temp Written Blocks":0,"I/O Read Time":0.0,"I/O Write Time":0.0,"Temp I/O Read Time":0.0,"Temp I/O Write Time":0.0,"Subplans Removed":0,"Plans":[{"Node Type":"Custom Scan","Parent Relationship":"Member","Custom Plan Provider":"columnar scan","Parallel Aware":false,"Async Capable":false,"Relation Name":"customer","Schema":"public","Alias":"customer","Startup Cost":20.0,"Total Cost":141020.06,"Plan Rows":6000000,"Plan Width":12,"Actual Startup Time":0.018,"Actual Total Time":893.987,"Actual Rows":6000000,"Actual Loops":1,"Output":["customer.c_id","customer.c_w_id","customer.c_d_id","customer.c_nationkey"],"Rows Removed by Columnar Filter":0,"Columnar cache search mode":"native","Shared Hit Blocks":0,"Shared Read Blocks":0,"Shared Dirtied Blocks":0,"Shared Written Blocks":0,"Local Hit Blocks":0,"Local Read Blocks":0,"Local Dirtied Blocks":0,"Local Written Blocks":0,"Temp Read Blocks":0,"Temp Written Blocks":0,"I/O Read Time":0.0,"I/O Write Time":0.0,"Temp I/O Read Time":0.0,"Temp I/O Write Time":0.0},{"Node Type":"Seq Scan","Parent Relationship":"Member","Parallel Aware":false,"Async Capable":false,"Relation Name":"customer","Schema":"public","Alias":"customer","Startup Cost":0.0,"Total Cost":5.4,"Plan Rows":140,"Plan Width":12,"Actual Startup Time":0.0,"Actual Total Time":0.0,"Actual Rows":0,"Actual Loops":0,"Output":["customer.c_id","customer.c_w_id","customer.c_d_id","customer.c_nationkey"],"Shared Hit Blocks":0,"Shared Read Blocks":0,"Shared Dirtied Blocks":0,"Shared Written Blocks":0,"Local Hit Blocks":0,"Local Read Blocks":0,"Local Dirtied Blocks":0,"Local Written Blocks":0,"Temp Read Blocks":0,"Temp Written Blocks":0,"I/O Read Time":0.0,"I/O Write Time":0.0,"Temp I/O Read Time":0.0,"Temp I/O Write Time":0.0}]}]}]},{"Node Type":"Hash","Parent Relationship":"Inner","Parallel Aware":false,"Async Capable":false,"Startup Cost":2.99,"Total Cost":2.99,"Plan Rows":12,"Plan Width":12,"Actual Startup Time":0.04,"Actual Total Time":0.044,"Actual Rows":22,"Actual Loops":1,"Output":["nation.n_name","nation.n_nationkey"],"Hash Buckets":1024,"Original Hash Buckets":1024,"Hash Batches":1,"Original Hash Batches":1,"Peak Memory Usage":9,"Shared Hit Blocks":2,"Shared Read Blocks":0,"Shared Dirtied Blocks":0,"Shared Written Blocks":0,"Local Hit Blocks":0,"Local Read Blocks":0,"Local Dirtied Blocks":0,"Local Written Blocks":0,"Temp Read Blocks":0,"Temp Written Blocks":0,"I/O Read Time":0.0,"I/O Write Time":0.0,"Temp I/O Read Time":0.0,"Temp I/O Write Time":0.0,"Plans":[{"Node Type":"Hash Join","Parent Relationship":"Outer","Parallel Aware":false,"Async Capable":false,"Join Type":"Inner","Startup Cost":1.07,"Total Cost":2.99,"Plan Rows":12,"Plan Width":12,"Actual Startup Time":0.023,"Actual Total Time":0.039,"Actual Rows":22,"Actual Loops":1,"Output":["nation.n_name","nation.n_nationkey"],"Inner Unique":true,"Hash Cond":"(nation.n_regionkey = region.r_regionkey)","Shared Hit Blocks":2,"Shared Read Blocks":0,"Shared Dirtied Blocks":0,"Shared Written Blocks":0,"Local Hit Blocks":0,"Local Read Blocks":0,"Local Dirtied Blocks":0,"Local Written Blocks":0,"Temp Read Blocks":0,"Temp Written Blocks":0,"I/O Read Time":0.0,"I/O Write Time":0.0,"Temp I/O Read Time":0.0,"Temp I/O Write Time":0.0,"Plans":[{"Node Type":"Seq Scan","Parent Relationship":"Outer","Parallel Aware":false,"Async Capable":false,"Relation Name":"nation","Schema":"public","Alias":"nation","Startup Cost":0.0,"Total Cost":1.62,"Plan Rows":62,"Plan Width":16,"Actual Startup Time":0.005,"Actual Total Time":0.008,"Actual Rows":62,"Actual Loops":1,"Output":["nation.n_nationkey","nation.n_name","nation.n_regionkey","nation.n_comment"],"Shared Hit Blocks":1,"Shared Read Blocks":0,"Shared Dirtied Blocks":0,"Shared Written Blocks":0,"Local Hit Blocks":0,"Local Read Blocks":0,"Local Dirtied Blocks":0,"Local Written Blocks":0,"Temp Read Blocks":0,"Temp Written Blocks":0,"I/O Read Time":0.0,"I/O Write Time":0.0,"Temp I/O Read Time":0.0,"Temp I/O Write Time":0.0},{"Node Type":"Hash","Parent Relationship":"Inner","Parallel Aware":false,"Async Capable":false,"Startup Cost":1.06,"Total Cost":1.06,"Plan Rows":1,"Plan Width":4,"Actual Startup Time":0.008,"Actual Total Time":0.009,"Actual Rows":1,"Actual Loops":1,"Output":["region.r_regionkey"],"Hash Buckets":1024,"Original Hash Buckets":1024,"Hash Batches":1,"Original Hash Batches":1,"Peak Memory Usage":9,"Shared Hit Blocks":1,"Shared Read Blocks":0,"Shared Dirtied Blocks":0,"Shared Written Blocks":0,"Local Hit Blocks":0,"Local Read Blocks":0,"Local Dirtied Blocks":0,"Local Written Blocks":0,"Temp Read Blocks":0,"Temp Written Blocks":0,"I/O Read Time":0.0,"I/O Write Time":0.0,"Temp I/O Read Time":0.0,"Temp I/O Write Time":0.0,"Plans":[{"Node Type":"Seq Scan","Parent Relationship":"Outer","Parallel Aware":false,"Async Capable":false,"Relation Name":"region","Schema":"public","Alias":"region","Startup Cost":0.0,"Total Cost":1.06,"Plan Rows":1,"Plan Width":4,"Actual Startup Time":0.006,"Actual Total Time":0.006,"Actual Rows":1,"Actual Loops":1,"Output":["region.r_regionkey"],"Filter":"((region.r_name)::text = 'Europe'::text)","Rows Removed by Filter":4,"Shared Hit Blocks":1,"Shared Read Blocks":0,"Shared Dirtied Blocks":0,"Shared Written Blocks":0,"Local Hit Blocks":0,"Local Read Blocks":0,"Local Dirtied Blocks":0,"Local Written Blocks":0,"Temp Read Blocks":0,"Temp Written Blocks":0,"I/O Read Time":0.0,"I/O Write Time":0.0,"Temp I/O Read Time":0.0,"Temp I/O Write Time":0.0}]}]}]}]}]},{"Node Type":"Index Only Scan","Parent Relationship":"Inner","Parallel Aware":false,"Async Capable":false,"Scan Direction":"Forward","Index Name":"stock_pk","Relation Name":"stock","Schema":"public","Alias":"stock","Startup Cost":0.44,"Total Cost":519363.62,"Plan Rows":20000212,"Plan Width":6,"Actual Startup Time":0.05,"Actual Total Time":1401.552,"Actual Rows":19999994,"Actual Loops":1,"Output":["stock.s_w_id","stock.s_i_id"],"Heap Fetches":0,"Shared Hit Blocks":54673,"Shared Read Blocks":0,"Shared Dirtied Blocks":0,"Shared Written Blocks":0,"Local Hit Blocks":0,"Local Read Blocks":0,"Local Dirtied Blocks":0,"Local Written Blocks":0,"Temp Read Blocks":0,"Temp Written Blocks":0,"I/O Read Time":0.0,"I/O Write Time":0.0,"Temp I/O Read Time":0.0,"Temp I/O Write Time":0.0}]},{"Node Type":"Hash","Parent Relationship":"Inner","Parallel Aware":false,"Async Capable":false,"Startup Cost":317.0,"Total Cost":317.0,"Plan Rows":10000,"Plan Width":8,"Actual Startup Time":2.587,"Actual Total Time":2.588,"Actual Rows":10000,"Actual Loops":1,"Output":["supplier.su_suppkey","supplier.su_nationkey"],"Hash Buckets":16384,"Original Hash Buckets":16384,"Hash Batches":1,"Original Hash Batches":1,"Peak Memory Usage":519,"Shared Hit Blocks":217,"Shared Read Blocks":0,"Shared Dirtied Blocks":0,"Shared Written Blocks":0,"Local Hit Blocks":0,"Local Read Blocks":0,"Local Dirtied Blocks":0,"Local Written Blocks":0,"Temp Read Blocks":0,"Temp Written Blocks":0,"I/O Read Time":0.0,"I/O Write Time":0.0,"Temp I/O Read Time":0.0,"Temp I/O Write Time":0.0,"Plans":[{"Node Type":"Seq Scan","Parent Relationship":"Outer","Parallel Aware":false,"Async Capable":false,"Relation Name":"supplier","Schema":"public","Alias":"supplier","Startup Cost":0.0,"Total Cost":317.0,"Plan Rows":10000,"Plan Width":8,"Actual Startup Time":0.011,"Actual Total Time":1.302,"Actual Rows":10000,"Actual Loops":1,"Output":["supplier.su_suppkey","supplier.su_nationkey"],"Shared Hit Blocks":217,"Shared Read Blocks":0,"Shared Dirtied Blocks":0,"Shared Written Blocks":0,"Local Hit Blocks":0,"Local Read Blocks":0,"Local Dirtied Blocks":0,"Local Written Blocks":0,"Temp Read Blocks":0,"Temp Written Blocks":0,"I/O Read Time":0.0,"I/O Write Time":0.0,"Temp I/O Read Time":0.0,"Temp I/O Write Time":0.0}]}]}]}]}]},"Planning":{"Shared Hit Blocks":220,"Shared Read Blocks":0,"Shared Dirtied Blocks":0,"Shared Written Blocks":0,"Local Hit Blocks":0,"Local Read Blocks":0,"Local Dirtied Blocks":0,"Local Written Blocks":0,"Temp Read Blocks":0,"Temp Written Blocks":0,"I/O Read Time":0.0,"I/O Write Time":0.0,"Temp I/O Read Time":0.0,"Temp I/O Write Time":0.0},"Planning Time":5.713,"Triggers":[],"Execution Time":20950.703}]
[列存组合]: customer, orders
[{"Plan":{"Node Type":"Sort","Parallel Aware":false,"Async Capable":false,"Startup Cost":4073550.09,"Total Cost":4073550.25,"Plan Rows":62,"Plan Width":40,"Actual Startup Time":34032.158,"Actual Total Time":34032.19,"Actual Rows":11,"Actual Loops":1,"Output":["nation.n_name","(sum(order_line.ol_amount))"],"Sort Key":["(sum(order_line.ol_amount)) DESC"],"Sort Method":"quicksort","Sort Space Used":25,"Sort Space Type":"Memory","Shared Hit Blocks":736640,"Shared Read Blocks":0,"Shared Dirtied Blocks":0,"Shared Written Blocks":0,"Local Hit Blocks":0,"Local Read Blocks":0,"Local Dirtied Blocks":0,"Local Written Blocks":0,"Temp Read Blocks":288611,"Temp Written Blocks":288665,"I/O Read Time":0.0,"I/O Write Time":0.0,"Temp I/O Read Time":433.925,"Temp I/O Write Time":1159.539,"Plans":[{"Node Type":"Aggregate","Strategy":"Sorted","Partial Mode":"Simple","Parent Relationship":"Outer","Parallel Aware":false,"Async Capable":false,"Startup Cost":4073396.45,"Total Cost":4073548.25,"Plan Rows":62,"Plan Width":40,"Actual Startup Time":34026.246,"Actual Total Time":34032.17,"Actual Rows":11,"Actual Loops":1,"Output":["nation.n_name","sum(order_line.ol_amount)"],"Group Key":["nation.n_name"],"Shared Hit Blocks":736640,"Shared Read Blocks":0,"Shared Dirtied Blocks":0,"Shared Written Blocks":0,"Local Hit Blocks":0,"Local Read Blocks":0,"Local Dirtied Blocks":0,"Local Written Blocks":0,"Temp Read Blocks":288611,"Temp Written Blocks":288665,"I/O Read Time":0.0,"I/O Write Time":0.0,"Temp I/O Read Time":433.925,"Temp I/O Write Time":1159.539,"Plans":[{"Node Type":"Sort","Parent Relationship":"Outer","Parallel Aware":false,"Async Capable":false,"Startup Cost":4073396.45,"Total Cost":4073446.79,"Plan Rows":20136,"Plan Width":12,"Actual Startup Time":34025.812,"Actual Total Time":34027.627,"Actual Rows":35044,"Actual Loops":1,"Output":["nation.n_name","order_line.ol_amount"],"Sort Key":["nation.n_name"],"Sort Method":"quicksort","Sort Space Used":3146,"Sort Space Type":"Memory","Shared Hit Blocks":736640,"Shared Read Blocks":0,"Shared Dirtied Blocks":0,"Shared Written Blocks":0,"Local Hit Blocks":0,"Local Read Blocks":0,"Local Dirtied Blocks":0,"Local Written Blocks":0,"Temp Read Blocks":288611,"Temp Written Blocks":288665,"I/O Read Time":0.0,"I/O Write Time":0.0,"Temp I/O Read Time":433.925,"Temp I/O Write Time":1159.539,"Plans":[{"Node Type":"Hash Join","Parent Relationship":"Outer","Parallel Aware":false,"Async Capable":false,"Join Type":"Inner","Startup Cost":3424089.0,"Total Cost":4071956.98,"Plan Rows":20136,"Plan Width":12,"Actual Startup Time":30128.148,"Actual Total Time":34006.749,"Actual Rows":35044,"Actual Loops":1,"Output":["nation.n_name","order_line.ol_amount"],"Inner Unique":true,"Hash Cond":"((mod((stock.s_w_id * stock.s_i_id), 10000) = supplier.su_suppkey) AND (customer.c_nationkey = supplier.su_nationkey))","Shared Hit Blocks":736640,"Shared Read Blocks":0,"Shared Dirtied Blocks":0,"Shared Written Blocks":0,"Local Hit Blocks":0,"Local Read Blocks":0,"Local Dirtied Blocks":0,"Local Written Blocks":0,"Temp Read Blocks":288611,"Temp Written Blocks":288665,"I/O Read Time":0.0,"I/O Write Time":0.0,"Temp I/O Read Time":433.925,"Temp I/O Write Time":1159.539,"Plans":[{"Node Type":"Merge Join","Parent Relationship":"Outer","Parallel Aware":false,"Async Capable":false,"Join Type":"Inner","Startup Cost":3423622.0,"Total Cost":4064655.01,"Plan Rows":1242717,"Plan Width":26,"Actual Startup Time":30124.682,"Actual Total Time":33724.21,"Actual Rows":2218175,"Actual Loops":1,"Output":["customer.c_nationkey","order_line.ol_amount","stock.s_w_id","stock.s_i_id","nation.n_name","nation.n_nationkey"],"Inner Unique":true,"Merge Cond":"((customer.c_w_id = stock.s_w_id) AND (order_line.ol_i_id = stock.s_i_id))","Shared Hit Blocks":736423,"Shared Read Blocks":0,"Shared Dirtied Blocks":0,"Shared Written Blocks":0,"Local Hit Blocks":0,"Local Read Blocks":0,"Local Dirtied Blocks":0,"Local Written Blocks":0,"Temp Read Blocks":288611,"Temp Written Blocks":288665,"I/O Read Time":0.0,"I/O Write Time":0.0,"Temp I/O Read Time":433.925,"Temp I/O Write Time":1159.539,"Plans":[{"Node Type":"Sort","Parent Relationship":"Outer","Parallel Aware":false,"Async Capable":false,"Startup Cost":3423621.57,"Total Cost":3426702.1,"Plan Rows":1232214,"Plan Width":30,"Actual Startup Time":30124.616,"Actual Total Time":30719.756,"Actual Rows":2218175,"Actual Loops":1,"Output":["customer.c_w_id","customer.c_nationkey","orders.o_w_id","order_line.ol_amount","order_line.ol_w_id","order_line.ol_i_id","nation.n_name","nation.n_nationkey"],"Sort Key":["customer.c_w_id","order_line.ol_i_id"],"Sort Method":"external merge","Sort Space Used":94520,"Sort Space Type":"Disk","Shared Hit Blocks":681750,"Shared Read Blocks":0,"Shared Dirtied Blocks":0,"Shared Written Blocks":0,"Local Hit Blocks":0,"Local Read Blocks":0,"Local Dirtied Blocks":0,"Local Written Blocks":0,"Temp Read Blocks":288611,"Temp Written Blocks":288665,"I/O Read Time":0.0,"I/O Write Time":0.0,"Temp I/O Read Time":433.925,"Temp I/O Write Time":1159.539,"Plans":[{"Node Type":"Hash Join","Parent Relationship":"Outer","Parallel Aware":false,"Async Capable":false,"Join Type":"Inner","Startup Cost":795272.92,"Total Cost":3239997.74,"Plan Rows":1232214,"Plan Width":30,"Actual Startup Time":2719.136,"Actual Total Time":27482.56,"Actual Rows":2218175,"Actual Loops":1,"Output":["customer.c_w_id","customer.c_nationkey","orders.o_w_id","order_line.ol_amount","order_line.ol_w_id","order_line.ol_i_id","nation.n_name","nation.n_nationkey"],"Inner Unique":false,"Hash Cond":"(customer.c_nationkey = nation.n_nationkey)","Shared Hit Blocks":681750,"Shared Read Blocks":0,"Shared Dirtied Blocks":0,"Shared Written Blocks":0,"Local Hit Blocks":0,"Local Read Blocks":0,"Local Dirtied Blocks":0,"Local Written Blocks":0,"Temp Read Blocks":264991,"Temp Written Blocks":264991,"I/O Read Time":0.0,"I/O Write Time":0.0,"Temp I/O Read Time":398.687,"Temp I/O Write Time":1097.494,"Plans":[{"Node Type":"Hash Join","Parent Relationship":"Outer","Parallel Aware":false,"Async Capable":false,"Join Type":"Inner","Startup Cost":795269.78,"Total Cost":3204965.93,"Plan Rows":6161071,"Plan Width":18,"Actual Startup Time":2711.294,"Actual Total Time":26650.394,"Actual Rows":8568663,"Actual Loops":1,"Output":["customer.c_w_id","customer.c_nationkey","orders.o_w_id","order_line.ol_amount","order_line.ol_w_id","order_line.ol_i_id"],"Inner Unique":true,"Hash Cond":"((orders.o_c_id = customer.c_id) AND (orders.o_w_id = customer.c_w_id) AND (orders.o_d_id = customer.c_d_id))","Shared Hit Blocks":681748,"Shared Read Blocks":0,"Shared Dirtied Blocks":0,"Shared Written Blocks":0,"Local Hit Blocks":0,"Local Read Blocks":0,"Local Dirtied Blocks":0,"Local Written Blocks":0,"Temp Read Blocks":264991,"Temp Written Blocks":264991,"I/O Read Time":0.0,"I/O Write Time":0.0,"Temp I/O Read Time":398.687,"Temp I/O Write Time":1097.494,"Plans":[{"Node Type":"Hash Join","Parent Relationship":"Outer","Parallel Aware":false,"Async Capable":false,"Join Type":"Inner","Startup Cost":151173.84,"Total Cost":2410851.54,"Plan Rows":6161071,"Plan Width":20,"Actual Startup Time":386.326,"Actual Total Time":20012.415,"Actual Rows":8568663,"Actual Loops":1,"Output":["orders.o_c_id","orders.o_w_id","orders.o_d_id","order_line.ol_amount","order_line.ol_w_id","order_line.ol_d_id","order_line.ol_i_id"],"Inner Unique":true,"Hash Cond":"((order_line.ol_w_id = orders.o_w_id) AND (order_line.ol_d_id = orders.o_d_id) AND (order_line.ol_o_id = orders.o_id))","Shared Hit Blocks":681748,"Shared Read Blocks":0,"Shared Dirtied Blocks":0,"Shared Written Blocks":0,"Local Hit Blocks":0,"Local Read Blocks":0,"Local Dirtied Blocks":0,"Local Written Blocks":0,"Temp Read Blocks":200672,"Temp Written Blocks":200672,"I/O Read Time":0.0,"I/O Write Time":0.0,"Temp I/O Read Time":300.382,"Temp I/O Write Time":798.612,"Plans":[{"Node Type":"Seq Scan","Parent Relationship":"Outer","Parallel Aware":false,"Async Capable":false,"Relation Name":"order_line","Schema":"public","Alias":"order_line","Startup Cost":0.0,"Total Cost":1431670.8,"Plan Rows":42039468,"Plan Width":20,"Actual Startup Time":0.006,"Actual Total Time":7338.087,"Actual Rows":42000489,"Actual Loops":1,"Output":["order_line.ol_amount","order_line.ol_o_id","order_line.ol_w_id","order_line.ol_d_id","order_line.ol_i_id"],"Filter":"(order_line.ol_delivery_d >= '1992-01-02 20:10:02.27764'::timestamp without time zone)","Rows Removed by Filter":17993272,"Shared Hit Blocks":681748,"Shared Read Blocks":0,"Shared Dirtied Blocks":0,"Shared Written Blocks":0,"Local Hit Blocks":0,"Local Read Blocks":0,"Local Dirtied Blocks":0,"Local Written Blocks":0,"Temp Read Blocks":0,"Temp Written Blocks":0,"I/O Read Time":0.0,"I/O Write Time":0.0,"Temp I/O Read Time":0.0,"Temp I/O Write Time":0.0},{"Node Type":"Hash","Parent Relationship":"Inner","Parallel Aware":false,"Async Capable":false,"Startup Cost":131491.69,"Total Cost":131491.69,"Plan Rows":879323,"Plan Width":16,"Actual Startup Time":351.957,"Actual Total Time":351.966,"Actual Rows":856801,"Actual Loops":1,"Output":["orders.o_c_id","orders.o_w_id","orders.o_d_id","orders.o_id"],"Hash Buckets":262144,"Original Hash Buckets":262144,"Hash Batches":8,"Original Hash Batches":8,"Peak Memory Usage":7070,"Shared Hit Blocks":0,"Shared Read Blocks":0,"Shared Dirtied Blocks":0,"Shared Written Blocks":0,"Local Hit Blocks":0,"Local Read Blocks":0,"Local Dirtied Blocks":0,"Local Written Blocks":0,"Temp Read Blocks":0,"Temp Written Blocks":3290,"I/O Read Time":0.0,"I/O Write Time":0.0,"Temp I/O Read Time":0.0,"Temp I/O Write Time":14.121,"Plans":[{"Node Type":"Append","Parent Relationship":"Outer","Parallel Aware":false,"Async Capable":false,"Startup Cost":20.0,"Total Cost":131491.69,"Plan Rows":879323,"Plan Width":16,"Actual Startup Time":0.522,"Actual Total Time":200.909,"Actual Rows":856801,"Actual Loops":1,"Shared Hit Blocks":0,"Shared Read Blocks":0,"Shared Dirtied Blocks":0,"Shared Written Blocks":0,"Local Hit Blocks":0,"Local Read Blocks":0,"Local Dirtied Blocks":0,"Local Written Blocks":0,"Temp Read Blocks":0,"Temp Written Blocks":0,"I/O Read Time":0.0,"I/O Write Time":0.0,"Temp I/O Read Time":0.0,"Temp I/O Write Time":0.0,"Subplans Removed":0,"Plans":[{"Node Type":"Custom Scan","Parent Relationship":"Member","Custom Plan Provider":"columnar scan","Parallel Aware":false,"Async Capable":false,"Relation Name":"orders","Schema":"public","Alias":"orders","Startup Cost":20.0,"Total Cost":20684.21,"Plan Rows":879322,"Plan Width":16,"Actual Startup Time":0.52,"Actual Total Time":140.654,"Actual Rows":856801,"Actual Loops":1,"Output":["orders.o_c_id","orders.o_w_id","orders.o_d_id","orders.o_id"],"Filter":"((orders.o_entry_d < '1994-01-02 20:10:02.27764'::timestamp without time zone) AND (orders.o_entry_d >= '1993-01-02 20:10:02.27764'::timestamp without time zone))","Rows Removed by Filter":0,"Rows Removed by Columnar Filter":5143199,"Columnar cache search mode":"native","Shared Hit Blocks":0,"Shared Read Blocks":0,"Shared Dirtied Blocks":0,"Shared Written Blocks":0,"Local Hit Blocks":0,"Local Read Blocks":0,"Local Dirtied Blocks":0,"Local Written Blocks":0,"Temp Read Blocks":0,"Temp Written Blocks":0,"I/O Read Time":0.0,"I/O Write Time":0.0,"Temp I/O Read Time":0.0,"Temp I/O Write Time":0.0},{"Node Type":"Seq Scan","Parent Relationship":"Member","Parallel Aware":false,"Async Capable":false,"Relation Name":"orders","Schema":"public","Alias":"orders","Startup Cost":0.0,"Total Cost":4.01,"Plan Rows":1,"Plan Width":16,"Actual Startup Time":0.0,"Actual Total Time":0.0,"Actual Rows":0,"Actual Loops":0,"Output":["orders.o_c_id","orders.o_w_id","orders.o_d_id","orders.o_id"],"Filter":"((orders.o_entry_d < '1994-01-02 20:10:02.27764'::timestamp without time zone) AND (orders.o_entry_d >= '1993-01-02 20:10:02.27764'::timestamp without time zone))","Rows Removed by Filter":0,"Shared Hit Blocks":0,"Shared Read Blocks":0,"Shared Dirtied Blocks":0,"Shared Written Blocks":0,"Local Hit Blocks":0,"Local Read Blocks":0,"Local Dirtied Blocks":0,"Local Written Blocks":0,"Temp Read Blocks":0,"Temp Written Blocks":0,"I/O Read Time":0.0,"I/O Write Time":0.0,"Temp I/O Read Time":0.0,"Temp I/O Write Time":0.0}]}]}]},{"Node Type":"Hash","Parent Relationship":"Inner","Parallel Aware":false,"Async Capable":false,"Startup Cost":509795.49,"Total Cost":509795.49,"Plan Rows":6000140,"Plan Width":12,"Actual Startup Time":2317.637,"Actual Total Time":2317.642,"Actual Rows":6000000,"Actual Loops":1,"Output":["customer.c_id","customer.c_w_id","customer.c_d_id","customer.c_nationkey"],"Hash Buckets":262144,"Original Hash Buckets":262144,"Hash Batches":64,"Original Hash Batches":64,"Peak Memory Usage":6073,"Shared Hit Blocks":0,"Shared Read Blocks":0,"Shared Dirtied Blocks":0,"Shared Written Blocks":0,"Local Hit Blocks":0,"Local Read Blocks":0,"Local Dirtied Blocks":0,"Local Written Blocks":0,"Temp Read Blocks":0,"Temp Written Blocks":23037,"I/O Read Time":0.0,"I/O Write Time":0.0,"Temp I/O Read Time":0.0,"Temp I/O Write Time":102.658,"Plans":[{"Node Type":"Append","Parent Relationship":"Outer","Parallel Aware":false,"Async Capable":false,"Startup Cost":20.0,"Total Cost":509795.49,"Plan Rows":6000140,"Plan Width":12,"Actual Startup Time":0.015,"Actual Total Time":1310.032,"Actual Rows":6000000,"Actual Loops":1,"Shared Hit Blocks":0,"Shared Read Blocks":0,"Shared Dirtied Blocks":0,"Shared Written Blocks":0,"Local Hit Blocks":0,"Local Read Blocks":0,"Local Dirtied Blocks":0,"Local Written Blocks":0,"Temp Read Blocks":0,"Temp Written Blocks":0,"I/O Read Time":0.0,"I/O Write Time":0.0,"Temp I/O Read Time":0.0,"Temp I/O Write Time":0.0,"Subplans Removed":0,"Plans":[{"Node Type":"Custom Scan","Parent Relationship":"Member","Custom Plan Provider":"columnar scan","Parallel Aware":false,"Async Capable":false,"Relation Name":"customer","Schema":"public","Alias":"customer","Startup Cost":20.0,"Total Cost":141020.06,"Plan Rows":6000000,"Plan Width":12,"Actual Startup Time":0.014,"Actual Total Time":896.221,"Actual Rows":6000000,"Actual Loops":1,"Output":["customer.c_id","customer.c_w_id","customer.c_d_id","customer.c_nationkey"],"Rows Removed by Columnar Filter":0,"Columnar cache search mode":"native","Shared Hit Blocks":0,"Shared Read Blocks":0,"Shared Dirtied Blocks":0,"Shared Written Blocks":0,"Local Hit Blocks":0,"Local Read Blocks":0,"Local Dirtied Blocks":0,"Local Written Blocks":0,"Temp Read Blocks":0,"Temp Written Blocks":0,"I/O Read Time":0.0,"I/O Write Time":0.0,"Temp I/O Read Time":0.0,"Temp I/O Write Time":0.0},{"Node Type":"Seq Scan","Parent Relationship":"Member","Parallel Aware":false,"Async Capable":false,"Relation Name":"customer","Schema":"public","Alias":"customer","Startup Cost":0.0,"Total Cost":5.4,"Plan Rows":140,"Plan Width":12,"Actual Startup Time":0.0,"Actual Total Time":0.0,"Actual Rows":0,"Actual Loops":0,"Output":["customer.c_id","customer.c_w_id","customer.c_d_id","customer.c_nationkey"],"Shared Hit Blocks":0,"Shared Read Blocks":0,"Shared Dirtied Blocks":0,"Shared Written Blocks":0,"Local Hit Blocks":0,"Local Read Blocks":0,"Local Dirtied Blocks":0,"Local Written Blocks":0,"Temp Read Blocks":0,"Temp Written Blocks":0,"I/O Read Time":0.0,"I/O Write Time":0.0,"Temp I/O Read Time":0.0,"Temp I/O Write Time":0.0}]}]}]},{"Node Type":"Hash","Parent Relationship":"Inner","Parallel Aware":false,"Async Capable":false,"Startup Cost":2.99,"Total Cost":2.99,"Plan Rows":12,"Plan Width":12,"Actual Startup Time":0.045,"Actual Total Time":0.05,"Actual Rows":22,"Actual Loops":1,"Output":["nation.n_name","nation.n_nationkey"],"Hash Buckets":1024,"Original Hash Buckets":1024,"Hash Batches":1,"Original Hash Batches":1,"Peak Memory Usage":9,"Shared Hit Blocks":2,"Shared Read Blocks":0,"Shared Dirtied Blocks":0,"Shared Written Blocks":0,"Local Hit Blocks":0,"Local Read Blocks":0,"Local Dirtied Blocks":0,"Local Written Blocks":0,"Temp Read Blocks":0,"Temp Written Blocks":0,"I/O Read Time":0.0,"I/O Write Time":0.0,"Temp I/O Read Time":0.0,"Temp I/O Write Time":0.0,"Plans":[{"Node Type":"Hash Join","Parent Relationship":"Outer","Parallel Aware":false,"Async Capable":false,"Join Type":"Inner","Startup Cost":1.07,"Total Cost":2.99,"Plan Rows":12,"Plan Width":12,"Actual Startup Time":0.027,"Actual Total Time":0.044,"Actual Rows":22,"Actual Loops":1,"Output":["nation.n_name","nation.n_nationkey"],"Inner Unique":true,"Hash Cond":"(nation.n_regionkey = region.r_regionkey)","Shared Hit Blocks":2,"Shared Read Blocks":0,"Shared Dirtied Blocks":0,"Shared Written Blocks":0,"Local Hit Blocks":0,"Local Read Blocks":0,"Local Dirtied Blocks":0,"Local Written Blocks":0,"Temp Read Blocks":0,"Temp Written Blocks":0,"I/O Read Time":0.0,"I/O Write Time":0.0,"Temp I/O Read Time":0.0,"Temp I/O Write Time":0.0,"Plans":[{"Node Type":"Seq Scan","Parent Relationship":"Outer","Parallel Aware":false,"Async Capable":false,"Relation Name":"nation","Schema":"public","Alias":"nation","Startup Cost":0.0,"Total Cost":1.62,"Plan Rows":62,"Plan Width":16,"Actual Startup Time":0.005,"Actual Total Time":0.009,"Actual Rows":62,"Actual Loops":1,"Output":["nation.n_nationkey","nation.n_name","nation.n_regionkey","nation.n_comment"],"Shared Hit Blocks":1,"Shared Read Blocks":0,"Shared Dirtied Blocks":0,"Shared Written Blocks":0,"Local Hit Blocks":0,"Local Read Blocks":0,"Local Dirtied Blocks":0,"Local Written Blocks":0,"Temp Read Blocks":0,"Temp Written Blocks":0,"I/O Read Time":0.0,"I/O Write Time":0.0,"Temp I/O Read Time":0.0,"Temp I/O Write Time":0.0},{"Node Type":"Hash","Parent Relationship":"Inner","Parallel Aware":false,"Async Capable":false,"Startup Cost":1.06,"Total Cost":1.06,"Plan Rows":1,"Plan Width":4,"Actual Startup Time":0.008,"Actual Total Time":0.009,"Actual Rows":1,"Actual Loops":1,"Output":["region.r_regionkey"],"Hash Buckets":1024,"Original Hash Buckets":1024,"Hash Batches":1,"Original Hash Batches":1,"Peak Memory Usage":9,"Shared Hit Blocks":1,"Shared Read Blocks":0,"Shared Dirtied Blocks":0,"Shared Written Blocks":0,"Local Hit Blocks":0,"Local Read Blocks":0,"Local Dirtied Blocks":0,"Local Written Blocks":0,"Temp Read Blocks":0,"Temp Written Blocks":0,"I/O Read Time":0.0,"I/O Write Time":0.0,"Temp I/O Read Time":0.0,"Temp I/O Write Time":0.0,"Plans":[{"Node Type":"Seq Scan","Parent Relationship":"Outer","Parallel Aware":false,"Async Capable":false,"Relation Name":"region","Schema":"public","Alias":"region","Startup Cost":0.0,"Total Cost":1.06,"Plan Rows":1,"Plan Width":4,"Actual Startup Time":0.006,"Actual Total Time":0.007,"Actual Rows":1,"Actual Loops":1,"Output":["region.r_regionkey"],"Filter":"((region.r_name)::text = 'Europe'::text)","Rows Removed by Filter":4,"Shared Hit Blocks":1,"Shared Read Blocks":0,"Shared Dirtied Blocks":0,"Shared Written Blocks":0,"Local Hit Blocks":0,"Local Read Blocks":0,"Local Dirtied Blocks":0,"Local Written Blocks":0,"Temp Read Blocks":0,"Temp Written Blocks":0,"I/O Read Time":0.0,"I/O Write Time":0.0,"Temp I/O Read Time":0.0,"Temp I/O Write Time":0.0}]}]}]}]}]},{"Node Type":"Index Only Scan","Parent Relationship":"Inner","Parallel Aware":false,"Async Capable":false,"Scan Direction":"Forward","Index Name":"stock_pk","Relation Name":"stock","Schema":"public","Alias":"stock","Startup Cost":0.44,"Total Cost":519363.62,"Plan Rows":20000212,"Plan Width":6,"Actual Startup Time":0.051,"Actual Total Time":1395.678,"Actual Rows":19999994,"Actual Loops":1,"Output":["stock.s_w_id","stock.s_i_id"],"Heap Fetches":0,"Shared Hit Blocks":54673,"Shared Read Blocks":0,"Shared Dirtied Blocks":0,"Shared Written Blocks":0,"Local Hit Blocks":0,"Local Read Blocks":0,"Local Dirtied Blocks":0,"Local Written Blocks":0,"Temp Read Blocks":0,"Temp Written Blocks":0,"I/O Read Time":0.0,"I/O Write Time":0.0,"Temp I/O Read Time":0.0,"Temp I/O Write Time":0.0}]},{"Node Type":"Hash","Parent Relationship":"Inner","Parallel Aware":false,"Async Capable":false,"Startup Cost":317.0,"Total Cost":317.0,"Plan Rows":10000,"Plan Width":8,"Actual Startup Time":3.031,"Actual Total Time":3.031,"Actual Rows":10000,"Actual Loops":1,"Output":["supplier.su_suppkey","supplier.su_nationkey"],"Hash Buckets":16384,"Original Hash Buckets":16384,"Hash Batches":1,"Original Hash Batches":1,"Peak Memory Usage":519,"Shared Hit Blocks":217,"Shared Read Blocks":0,"Shared Dirtied Blocks":0,"Shared Written Blocks":0,"Local Hit Blocks":0,"Local Read Blocks":0,"Local Dirtied Blocks":0,"Local Written Blocks":0,"Temp Read Blocks":0,"Temp Written Blocks":0,"I/O Read Time":0.0,"I/O Write Time":0.0,"Temp I/O Read Time":0.0,"Temp I/O Write Time":0.0,"Plans":[{"Node Type":"Seq Scan","Parent Relationship":"Outer","Parallel Aware":false,"Async Capable":false,"Relation Name":"supplier","Schema":"public","Alias":"supplier","Startup Cost":0.0,"Total Cost":317.0,"Plan Rows":10000,"Plan Width":8,"Actual Startup Time":0.011,"Actual Total Time":1.329,"Actual Rows":10000,"Actual Loops":1,"Output":["supplier.su_suppkey","supplier.su_nationkey"],"Shared Hit Blocks":217,"Shared Read Blocks":0,"Shared Dirtied Blocks":0,"Shared Written Blocks":0,"Local Hit Blocks":0,"Local Read Blocks":0,"Local Dirtied Blocks":0,"Local Written Blocks":0,"Temp Read Blocks":0,"Temp Written Blocks":0,"I/O Read Time":0.0,"I/O Write Time":0.0,"Temp I/O Read Time":0.0,"Temp I/O Write Time":0.0}]}]}]}]}]},"Planning":{"Shared Hit Blocks":220,"Shared Read Blocks":0,"Shared Dirtied Blocks":0,"Shared Written Blocks":0,"Local Hit Blocks":0,"Local Read Blocks":0,"Local Dirtied Blocks":0,"Local Written Blocks":0,"Temp Read Blocks":0,"Temp Written Blocks":0,"I/O Read Time":0.0,"I/O Write Time":0.0,"Temp I/O Read Time":0.0,"Temp I/O Write Time":0.0},"Planning Time":5.535,"Triggers":[],"Execution Time":34051.501}]
[列存组合]: customer, region
[{"Plan":{"Node Type":"Sort","Parallel Aware":false,"Async Capable":false,"Startup Cost":4076179.91,"Total Cost":4076180.07,"Plan Rows":62,"Plan Width":40,"Actual Startup Time":34858.968,"Actual Total Time":34858.995,"Actual Rows":11,"Actual Loops":1,"Output":["nation.n_name","(sum(order_line.ol_amount))"],"Sort Key":["(sum(order_line.ol_amount)) DESC"],"Sort Method":"quicksort","Sort Space Used":25,"Sort Space Type":"Memory","Shared Hit Blocks":780762,"Shared Read Blocks":0,"Shared Dirtied Blocks":0,"Shared Written Blocks":0,"Local Hit Blocks":0,"Local Read Blocks":0,"Local Dirtied Blocks":0,"Local Written Blocks":0,"Temp Read Blocks":288611,"Temp Written Blocks":288665,"I/O Read Time":0.0,"I/O Write Time":0.0,"Temp I/O Read Time":444.296,"Temp I/O Write Time":1161.976,"Plans":[{"Node Type":"Aggregate","Strategy":"Sorted","Partial Mode":"Simple","Parent Relationship":"Outer","Parallel Aware":false,"Async Capable":false,"Startup Cost":4076026.27,"Total Cost":4076178.06,"Plan Rows":62,"Plan Width":40,"Actual Startup Time":34852.983,"Actual Total Time":34858.979,"Actual Rows":11,"Actual Loops":1,"Output":["nation.n_name","sum(order_line.ol_amount)"],"Group Key":["nation.n_name"],"Shared Hit Blocks":780762,"Shared Read Blocks":0,"Shared Dirtied Blocks":0,"Shared Written Blocks":0,"Local Hit Blocks":0,"Local Read Blocks":0,"Local Dirtied Blocks":0,"Local Written Blocks":0,"Temp Read Blocks":288611,"Temp Written Blocks":288665,"I/O Read Time":0.0,"I/O Write Time":0.0,"Temp I/O Read Time":444.296,"Temp I/O Write Time":1161.976,"Plans":[{"Node Type":"Sort","Parent Relationship":"Outer","Parallel Aware":false,"Async Capable":false,"Startup Cost":4076026.27,"Total Cost":4076076.61,"Plan Rows":20136,"Plan Width":12,"Actual Startup Time":34852.541,"Actual Total Time":34854.374,"Actual Rows":35044,"Actual Loops":1,"Output":["nation.n_name","order_line.ol_amount"],"Sort Key":["nation.n_name"],"Sort Method":"quicksort","Sort Space Used":3146,"Sort Space Type":"Memory","Shared Hit Blocks":780762,"Shared Read Blocks":0,"Shared Dirtied Blocks":0,"Shared Written Blocks":0,"Local Hit Blocks":0,"Local Read Blocks":0,"Local Dirtied Blocks":0,"Local Written Blocks":0,"Temp Read Blocks":288611,"Temp Written Blocks":288665,"I/O Read Time":0.0,"I/O Write Time":0.0,"Temp I/O Read Time":444.296,"Temp I/O Write Time":1161.976,"Plans":[{"Node Type":"Hash Join","Parent Relationship":"Outer","Parallel Aware":false,"Async Capable":false,"Join Type":"Inner","Startup Cost":3426718.82,"Total Cost":4074586.8,"Plan Rows":20136,"Plan Width":12,"Actual Startup Time":30886.001,"Actual Total Time":34833.427,"Actual Rows":35044,"Actual Loops":1,"Output":["nation.n_name","order_line.ol_amount"],"Inner Unique":true,"Hash Cond":"((mod((stock.s_w_id * stock.s_i_id), 10000) = supplier.su_suppkey) AND (customer.c_nationkey = supplier.su_nationkey))","Shared Hit Blocks":780762,"Shared Read Blocks":0,"Shared Dirtied Blocks":0,"Shared Written Blocks":0,"Local Hit Blocks":0,"Local Read Blocks":0,"Local Dirtied Blocks":0,"Local Written Blocks":0,"Temp Read Blocks":288611,"Temp Written Blocks":288665,"I/O Read Time":0.0,"I/O Write Time":0.0,"Temp I/O Read Time":444.296,"Temp I/O Write Time":1161.976,"Plans":[{"Node Type":"Merge Join","Parent Relationship":"Outer","Parallel Aware":false,"Async Capable":false,"Join Type":"Inner","Startup Cost":3426251.82,"Total Cost":4067284.83,"Plan Rows":1242717,"Plan Width":26,"Actual Startup Time":30882.997,"Actual Total Time":34548.908,"Actual Rows":2218175,"Actual Loops":1,"Output":["customer.c_nationkey","order_line.ol_amount","stock.s_w_id","stock.s_i_id","nation.n_name","nation.n_nationkey"],"Inner Unique":true,"Merge Cond":"((customer.c_w_id = stock.s_w_id) AND (order_line.ol_i_id = stock.s_i_id))","Shared Hit Blocks":780545,"Shared Read Blocks":0,"Shared Dirtied Blocks":0,"Shared Written Blocks":0,"Local Hit Blocks":0,"Local Read Blocks":0,"Local Dirtied Blocks":0,"Local Written Blocks":0,"Temp Read Blocks":288611,"Temp Written Blocks":288665,"I/O Read Time":0.0,"I/O Write Time":0.0,"Temp I/O Read Time":444.296,"Temp I/O Write Time":1161.976,"Plans":[{"Node Type":"Sort","Parent Relationship":"Outer","Parallel Aware":false,"Async Capable":false,"Startup Cost":3426251.38,"Total Cost":3429331.92,"Plan Rows":1232214,"Plan Width":30,"Actual Startup Time":30882.938,"Actual Total Time":31485.032,"Actual Rows":2218175,"Actual Loops":1,"Output":["customer.c_w_id","customer.c_nationkey","orders.o_w_id","order_line.ol_amount","order_line.ol_w_id","order_line.ol_i_id","nation.n_name","nation.n_nationkey"],"Sort Key":["customer.c_w_id","order_line.ol_i_id"],"Sort Method":"external merge","Sort Space Used":94520,"Sort Space Type":"Disk","Shared Hit Blocks":725872,"Shared Read Blocks":0,"Shared Dirtied Blocks":0,"Shared Written Blocks":0,"Local Hit Blocks":0,"Local Read Blocks":0,"Local Dirtied Blocks":0,"Local Written Blocks":0,"Temp Read Blocks":288611,"Temp Written Blocks":288665,"I/O Read Time":0.0,"I/O Write Time":0.0,"Temp I/O Read Time":444.296,"Temp I/O Write Time":1161.976,"Plans":[{"Node Type":"Hash Join","Parent Relationship":"Outer","Parallel Aware":false,"Async Capable":false,"Join Type":"Inner","Startup Cost":797902.74,"Total Cost":3242627.55,"Plan Rows":1232214,"Plan Width":30,"Actual Startup Time":2957.153,"Actual Total Time":28091.788,"Actual Rows":2218175,"Actual Loops":1,"Output":["customer.c_w_id","customer.c_nationkey","orders.o_w_id","order_line.ol_amount","order_line.ol_w_id","order_line.ol_i_id","nation.n_name","nation.n_nationkey"],"Inner Unique":false,"Hash Cond":"(customer.c_nationkey = nation.n_nationkey)","Shared Hit Blocks":725872,"Shared Read Blocks":0,"Shared Dirtied Blocks":0,"Shared Written Blocks":0,"Local Hit Blocks":0,"Local Read Blocks":0,"Local Dirtied Blocks":0,"Local Written Blocks":0,"Temp Read Blocks":264991,"Temp Written Blocks":264991,"I/O Read Time":0.0,"I/O Write Time":0.0,"Temp I/O Read Time":408.787,"Temp I/O Write Time":1095.799,"Plans":[{"Node Type":"Hash Join","Parent Relationship":"Outer","Parallel Aware":false,"Async Capable":false,"Join Type":"Inner","Startup Cost":797899.6,"Total Cost":3207595.75,"Plan Rows":6161071,"Plan Width":18,"Actual Startup Time":2948.822,"Actual Total Time":27185.926,"Actual Rows":8568663,"Actual Loops":1,"Output":["customer.c_w_id","customer.c_nationkey","orders.o_w_id","order_line.ol_amount","order_line.ol_w_id","order_line.ol_i_id"],"Inner Unique":true,"Hash Cond":"((orders.o_c_id = customer.c_id) AND (orders.o_w_id = customer.c_w_id) AND (orders.o_d_id = customer.c_d_id))","Shared Hit Blocks":725870,"Shared Read Blocks":0,"Shared Dirtied Blocks":0,"Shared Written Blocks":0,"Local Hit Blocks":0,"Local Read Blocks":0,"Local Dirtied Blocks":0,"Local Written Blocks":0,"Temp Read Blocks":264991,"Temp Written Blocks":264991,"I/O Read Time":0.0,"I/O Write Time":0.0,"Temp I/O Read Time":408.787,"Temp I/O Write Time":1095.799,"Plans":[{"Node Type":"Hash Join","Parent Relationship":"Outer","Parallel Aware":false,"Async Capable":false,"Join Type":"Inner","Startup Cost":153803.65,"Total Cost":2413481.36,"Plan Rows":6161071,"Plan Width":20,"Actual Startup Time":617.114,"Actual Total Time":20316.144,"Actual Rows":8568663,"Actual Loops":1,"Output":["orders.o_c_id","orders.o_w_id","orders.o_d_id","order_line.ol_amount","order_line.ol_w_id","order_line.ol_d_id","order_line.ol_i_id"],"Inner Unique":true,"Hash Cond":"((order_line.ol_w_id = orders.o_w_id) AND (order_line.ol_d_id = orders.o_d_id) AND (order_line.ol_o_id = orders.o_id))","Shared Hit Blocks":725870,"Shared Read Blocks":0,"Shared Dirtied Blocks":0,"Shared Written Blocks":0,"Local Hit Blocks":0,"Local Read Blocks":0,"Local Dirtied Blocks":0,"Local Written Blocks":0,"Temp Read Blocks":200672,"Temp Written Blocks":200672,"I/O Read Time":0.0,"I/O Write Time":0.0,"Temp I/O Read Time":300.015,"Temp I/O Write Time":799.128,"Plans":[{"Node Type":"Seq Scan","Parent Relationship":"Outer","Parallel Aware":false,"Async Capable":false,"Relation Name":"order_line","Schema":"public","Alias":"order_line","Startup Cost":0.0,"Total Cost":1431670.8,"Plan Rows":42039468,"Plan Width":20,"Actual Startup Time":0.006,"Actual Total Time":7321.939,"Actual Rows":42000489,"Actual Loops":1,"Output":["order_line.ol_amount","order_line.ol_o_id","order_line.ol_w_id","order_line.ol_d_id","order_line.ol_i_id"],"Filter":"(order_line.ol_delivery_d >= '1992-01-02 20:10:02.27764'::timestamp without time zone)","Rows Removed by Filter":17993272,"Shared Hit Blocks":681748,"Shared Read Blocks":0,"Shared Dirtied Blocks":0,"Shared Written Blocks":0,"Local Hit Blocks":0,"Local Read Blocks":0,"Local Dirtied Blocks":0,"Local Written Blocks":0,"Temp Read Blocks":0,"Temp Written Blocks":0,"I/O Read Time":0.0,"I/O Write Time":0.0,"Temp I/O Read Time":0.0,"Temp I/O Write Time":0.0},{"Node Type":"Hash","Parent Relationship":"Inner","Parallel Aware":false,"Async Capable":false,"Startup Cost":134121.52,"Total Cost":134121.52,"Plan Rows":879322,"Plan Width":16,"Actual Startup Time":582.814,"Actual Total Time":582.82,"Actual Rows":856801,"Actual Loops":1,"Output":["orders.o_c_id","orders.o_w_id","orders.o_d_id","orders.o_id"],"Hash Buckets":262144,"Original Hash Buckets":262144,"Hash Batches":8,"Original Hash Batches":8,"Peak Memory Usage":7070,"Shared Hit Blocks":44122,"Shared Read Blocks":0,"Shared Dirtied Blocks":0,"Shared Written Blocks":0,"Local Hit Blocks":0,"Local Read Blocks":0,"Local Dirtied Blocks":0,"Local Written Blocks":0,"Temp Read Blocks":0,"Temp Written Blocks":3290,"I/O Read Time":0.0,"I/O Write Time":0.0,"Temp I/O Read Time":0.0,"Temp I/O Write Time":14.605,"Plans":[{"Node Type":"Seq Scan","Parent Relationship":"Outer","Parallel Aware":false,"Async Capable":false,"Relation Name":"orders","Schema":"public","Alias":"orders","Startup Cost":0.0,"Total Cost":134121.52,"Plan Rows":879322,"Plan Width":16,"Actual Startup Time":0.589,"Actual Total Time":436.007,"Actual Rows":856801,"Actual Loops":1,"Output":["orders.o_c_id","orders.o_w_id","orders.o_d_id","orders.o_id"],"Filter":"((orders.o_entry_d >= '1993-01-02 20:10:02.27764'::timestamp without time zone) AND (orders.o_entry_d < '1994-01-02 20:10:02.27764'::timestamp without time zone))","Rows Removed by Filter":5143199,"Shared Hit Blocks":44122,"Shared Read Blocks":0,"Shared Dirtied Blocks":0,"Shared Written Blocks":0,"Local Hit Blocks":0,"Local Read Blocks":0,"Local Dirtied Blocks":0,"Local Written Blocks":0,"Temp Read Blocks":0,"Temp Written Blocks":0,"I/O Read Time":0.0,"I/O Write Time":0.0,"Temp I/O Read Time":0.0,"Temp I/O Write Time":0.0}]}]},{"Node Type":"Hash","Parent Relationship":"Inner","Parallel Aware":false,"Async Capable":false,"Startup Cost":509795.49,"Total Cost":509795.49,"Plan Rows":6000140,"Plan Width":12,"Actual Startup Time":2324.576,"Actual Total Time":2324.584,"Actual Rows":6000000,"Actual Loops":1,"Output":["customer.c_id","customer.c_w_id","customer.c_d_id","customer.c_nationkey"],"Hash Buckets":262144,"Original Hash Buckets":262144,"Hash Batches":64,"Original Hash Batches":64,"Peak Memory Usage":6073,"Shared Hit Blocks":0,"Shared Read Blocks":0,"Shared Dirtied Blocks":0,"Shared Written Blocks":0,"Local Hit Blocks":0,"Local Read Blocks":0,"Local Dirtied Blocks":0,"Local Written Blocks":0,"Temp Read Blocks":0,"Temp Written Blocks":23037,"I/O Read Time":0.0,"I/O Write Time":0.0,"Temp I/O Read Time":0.0,"Temp I/O Write Time":100.985,"Plans":[{"Node Type":"Append","Parent Relationship":"Outer","Parallel Aware":false,"Async Capable":false,"Startup Cost":20.0,"Total Cost":509795.49,"Plan Rows":6000140,"Plan Width":12,"Actual Startup Time":0.033,"Actual Total Time":1317.99,"Actual Rows":6000000,"Actual Loops":1,"Shared Hit Blocks":0,"Shared Read Blocks":0,"Shared Dirtied Blocks":0,"Shared Written Blocks":0,"Local Hit Blocks":0,"Local Read Blocks":0,"Local Dirtied Blocks":0,"Local Written Blocks":0,"Temp Read Blocks":0,"Temp Written Blocks":0,"I/O Read Time":0.0,"I/O Write Time":0.0,"Temp I/O Read Time":0.0,"Temp I/O Write Time":0.0,"Subplans Removed":0,"Plans":[{"Node Type":"Custom Scan","Parent Relationship":"Member","Custom Plan Provider":"columnar scan","Parallel Aware":false,"Async Capable":false,"Relation Name":"customer","Schema":"public","Alias":"customer","Startup Cost":20.0,"Total Cost":141020.06,"Plan Rows":6000000,"Plan Width":12,"Actual Startup Time":0.031,"Actual Total Time":897.898,"Actual Rows":6000000,"Actual Loops":1,"Output":["customer.c_id","customer.c_w_id","customer.c_d_id","customer.c_nationkey"],"Rows Removed by Columnar Filter":0,"Columnar cache search mode":"native","Shared Hit Blocks":0,"Shared Read Blocks":0,"Shared Dirtied Blocks":0,"Shared Written Blocks":0,"Local Hit Blocks":0,"Local Read Blocks":0,"Local Dirtied Blocks":0,"Local Written Blocks":0,"Temp Read Blocks":0,"Temp Written Blocks":0,"I/O Read Time":0.0,"I/O Write Time":0.0,"Temp I/O Read Time":0.0,"Temp I/O Write Time":0.0},{"Node Type":"Seq Scan","Parent Relationship":"Member","Parallel Aware":false,"Async Capable":false,"Relation Name":"customer","Schema":"public","Alias":"customer","Startup Cost":0.0,"Total Cost":5.4,"Plan Rows":140,"Plan Width":12,"Actual Startup Time":0.0,"Actual Total Time":0.0,"Actual Rows":0,"Actual Loops":0,"Output":["customer.c_id","customer.c_w_id","customer.c_d_id","customer.c_nationkey"],"Shared Hit Blocks":0,"Shared Read Blocks":0,"Shared Dirtied Blocks":0,"Shared Written Blocks":0,"Local Hit Blocks":0,"Local Read Blocks":0,"Local Dirtied Blocks":0,"Local Written Blocks":0,"Temp Read Blocks":0,"Temp Written Blocks":0,"I/O Read Time":0.0,"I/O Write Time":0.0,"Temp I/O Read Time":0.0,"Temp I/O Write Time":0.0}]}]}]},{"Node Type":"Hash","Parent Relationship":"Inner","Parallel Aware":false,"Async Capable":false,"Startup Cost":2.99,"Total Cost":2.99,"Plan Rows":12,"Plan Width":12,"Actual Startup Time":0.53,"Actual Total Time":0.534,"Actual Rows":22,"Actual Loops":1,"Output":["nation.n_name","nation.n_nationkey"],"Hash Buckets":1024,"Original Hash Buckets":1024,"Hash Batches":1,"Original Hash Batches":1,"Peak Memory Usage":9,"Shared Hit Blocks":2,"Shared Read Blocks":0,"Shared Dirtied Blocks":0,"Shared Written Blocks":0,"Local Hit Blocks":0,"Local Read Blocks":0,"Local Dirtied Blocks":0,"Local Written Blocks":0,"Temp Read Blocks":0,"Temp Written Blocks":0,"I/O Read Time":0.0,"I/O Write Time":0.0,"Temp I/O Read Time":0.0,"Temp I/O Write Time":0.0,"Plans":[{"Node Type":"Hash Join","Parent Relationship":"Outer","Parallel Aware":false,"Async Capable":false,"Join Type":"Inner","Startup Cost":1.07,"Total Cost":2.99,"Plan Rows":12,"Plan Width":12,"Actual Startup Time":0.022,"Actual Total Time":0.528,"Actual Rows":22,"Actual Loops":1,"Output":["nation.n_name","nation.n_nationkey"],"Inner Unique":true,"Hash Cond":"(nation.n_regionkey = region.r_regionkey)","Shared Hit Blocks":2,"Shared Read Blocks":0,"Shared Dirtied Blocks":0,"Shared Written Blocks":0,"Local Hit Blocks":0,"Local Read Blocks":0,"Local Dirtied Blocks":0,"Local Written Blocks":0,"Temp Read Blocks":0,"Temp Written Blocks":0,"I/O Read Time":0.0,"I/O Write Time":0.0,"Temp I/O Read Time":0.0,"Temp I/O Write Time":0.0,"Plans":[{"Node Type":"Seq Scan","Parent Relationship":"Outer","Parallel Aware":false,"Async Capable":false,"Relation Name":"nation","Schema":"public","Alias":"nation","Startup Cost":0.0,"Total Cost":1.62,"Plan Rows":62,"Plan Width":16,"Actual Startup Time":0.004,"Actual Total Time":0.498,"Actual Rows":62,"Actual Loops":1,"Output":["nation.n_nationkey","nation.n_name","nation.n_regionkey","nation.n_comment"],"Shared Hit Blocks":1,"Shared Read Blocks":0,"Shared Dirtied Blocks":0,"Shared Written Blocks":0,"Local Hit Blocks":0,"Local Read Blocks":0,"Local Dirtied Blocks":0,"Local Written Blocks":0,"Temp Read Blocks":0,"Temp Written Blocks":0,"I/O Read Time":0.0,"I/O Write Time":0.0,"Temp I/O Read Time":0.0,"Temp I/O Write Time":0.0},{"Node Type":"Hash","Parent Relationship":"Inner","Parallel Aware":false,"Async Capable":false,"Startup Cost":1.06,"Total Cost":1.06,"Plan Rows":1,"Plan Width":4,"Actual Startup Time":0.008,"Actual Total Time":0.009,"Actual Rows":1,"Actual Loops":1,"Output":["region.r_regionkey"],"Hash Buckets":1024,"Original Hash Buckets":1024,"Hash Batches":1,"Original Hash Batches":1,"Peak Memory Usage":9,"Shared Hit Blocks":1,"Shared Read Blocks":0,"Shared Dirtied Blocks":0,"Shared Written Blocks":0,"Local Hit Blocks":0,"Local Read Blocks":0,"Local Dirtied Blocks":0,"Local Written Blocks":0,"Temp Read Blocks":0,"Temp Written Blocks":0,"I/O Read Time":0.0,"I/O Write Time":0.0,"Temp I/O Read Time":0.0,"Temp I/O Write Time":0.0,"Plans":[{"Node Type":"Seq Scan","Parent Relationship":"Outer","Parallel Aware":false,"Async Capable":false,"Relation Name":"region","Schema":"public","Alias":"region","Startup Cost":0.0,"Total Cost":1.06,"Plan Rows":1,"Plan Width":4,"Actual Startup Time":0.006,"Actual Total Time":0.006,"Actual Rows":1,"Actual Loops":1,"Output":["region.r_regionkey"],"Filter":"((region.r_name)::text = 'Europe'::text)","Rows Removed by Filter":4,"Shared Hit Blocks":1,"Shared Read Blocks":0,"Shared Dirtied Blocks":0,"Shared Written Blocks":0,"Local Hit Blocks":0,"Local Read Blocks":0,"Local Dirtied Blocks":0,"Local Written Blocks":0,"Temp Read Blocks":0,"Temp Written Blocks":0,"I/O Read Time":0.0,"I/O Write Time":0.0,"Temp I/O Read Time":0.0,"Temp I/O Write Time":0.0}]}]}]}]}]},{"Node Type":"Index Only Scan","Parent Relationship":"Inner","Parallel Aware":false,"Async Capable":false,"Scan Direction":"Forward","Index Name":"stock_pk","Relation Name":"stock","Schema":"public","Alias":"stock","Startup Cost":0.44,"Total Cost":519363.62,"Plan Rows":20000212,"Plan Width":6,"Actual Startup Time":0.045,"Actual Total Time":1406.329,"Actual Rows":19999994,"Actual Loops":1,"Output":["stock.s_w_id","stock.s_i_id"],"Heap Fetches":0,"Shared Hit Blocks":54673,"Shared Read Blocks":0,"Shared Dirtied Blocks":0,"Shared Written Blocks":0,"Local Hit Blocks":0,"Local Read Blocks":0,"Local Dirtied Blocks":0,"Local Written Blocks":0,"Temp Read Blocks":0,"Temp Written Blocks":0,"I/O Read Time":0.0,"I/O Write Time":0.0,"Temp I/O Read Time":0.0,"Temp I/O Write Time":0.0}]},{"Node Type":"Hash","Parent Relationship":"Inner","Parallel Aware":false,"Async Capable":false,"Startup Cost":317.0,"Total Cost":317.0,"Plan Rows":10000,"Plan Width":8,"Actual Startup Time":2.563,"Actual Total Time":2.563,"Actual Rows":10000,"Actual Loops":1,"Output":["supplier.su_suppkey","supplier.su_nationkey"],"Hash Buckets":16384,"Original Hash Buckets":16384,"Hash Batches":1,"Original Hash Batches":1,"Peak Memory Usage":519,"Shared Hit Blocks":217,"Shared Read Blocks":0,"Shared Dirtied Blocks":0,"Shared Written Blocks":0,"Local Hit Blocks":0,"Local Read Blocks":0,"Local Dirtied Blocks":0,"Local Written Blocks":0,"Temp Read Blocks":0,"Temp Written Blocks":0,"I/O Read Time":0.0,"I/O Write Time":0.0,"Temp I/O Read Time":0.0,"Temp I/O Write Time":0.0,"Plans":[{"Node Type":"Seq Scan","Parent Relationship":"Outer","Parallel Aware":false,"Async Capable":false,"Relation Name":"supplier","Schema":"public","Alias":"supplier","Startup Cost":0.0,"Total Cost":317.0,"Plan Rows":10000,"Plan Width":8,"Actual Startup Time":0.011,"Actual Total Time":1.279,"Actual Rows":10000,"Actual Loops":1,"Output":["supplier.su_suppkey","supplier.su_nationkey"],"Shared Hit Blocks":217,"Shared Read Blocks":0,"Shared Dirtied Blocks":0,"Shared Written Blocks":0,"Local Hit Blocks":0,"Local Read Blocks":0,"Local Dirtied Blocks":0,"Local Written Blocks":0,"Temp Read Blocks":0,"Temp Written Blocks":0,"I/O Read Time":0.0,"I/O Write Time":0.0,"Temp I/O Read Time":0.0,"Temp I/O Write Time":0.0}]}]}]}]}]},"Planning":{"Shared Hit Blocks":220,"Shared Read Blocks":0,"Shared Dirtied Blocks":0,"Shared Written Blocks":0,"Local Hit Blocks":0,"Local Read Blocks":0,"Local Dirtied Blocks":0,"Local Written Blocks":0,"Temp Read Blocks":0,"Temp Written Blocks":0,"I/O Read Time":0.0,"I/O Write Time":0.0,"Temp I/O Read Time":0.0,"Temp I/O Write Time":0.0},"Planning Time":4.937,"Triggers":[],"Execution Time":34878.095}]
[列存组合]: customer, stock
[{"Plan":{"Node Type":"Sort","Parallel Aware":false,"Async Capable":false,"Startup Cost":4076179.91,"Total Cost":4076180.07,"Plan Rows":62,"Plan Width":40,"Actual Startup Time":34339.46,"Actual Total Time":34339.486,"Actual Rows":11,"Actual Loops":1,"Output":["nation.n_name","(sum(order_line.ol_amount))"],"Sort Key":["(sum(order_line.ol_amount)) DESC"],"Sort Method":"quicksort","Sort Space Used":25,"Sort Space Type":"Memory","Shared Hit Blocks":780762,"Shared Read Blocks":0,"Shared Dirtied Blocks":0,"Shared Written Blocks":0,"Local Hit Blocks":0,"Local Read Blocks":0,"Local Dirtied Blocks":0,"Local Written Blocks":0,"Temp Read Blocks":288611,"Temp Written Blocks":288665,"I/O Read Time":0.0,"I/O Write Time":0.0,"Temp I/O Read Time":442.894,"Temp I/O Write Time":1173.037,"Plans":[{"Node Type":"Aggregate","Strategy":"Sorted","Partial Mode":"Simple","Parent Relationship":"Outer","Parallel Aware":false,"Async Capable":false,"Startup Cost":4076026.27,"Total Cost":4076178.06,"Plan Rows":62,"Plan Width":40,"Actual Startup Time":34333.379,"Actual Total Time":34339.468,"Actual Rows":11,"Actual Loops":1,"Output":["nation.n_name","sum(order_line.ol_amount)"],"Group Key":["nation.n_name"],"Shared Hit Blocks":780762,"Shared Read Blocks":0,"Shared Dirtied Blocks":0,"Shared Written Blocks":0,"Local Hit Blocks":0,"Local Read Blocks":0,"Local Dirtied Blocks":0,"Local Written Blocks":0,"Temp Read Blocks":288611,"Temp Written Blocks":288665,"I/O Read Time":0.0,"I/O Write Time":0.0,"Temp I/O Read Time":442.894,"Temp I/O Write Time":1173.037,"Plans":[{"Node Type":"Sort","Parent Relationship":"Outer","Parallel Aware":false,"Async Capable":false,"Startup Cost":4076026.27,"Total Cost":4076076.61,"Plan Rows":20136,"Plan Width":12,"Actual Startup Time":34332.926,"Actual Total Time":34334.847,"Actual Rows":35044,"Actual Loops":1,"Output":["nation.n_name","order_line.ol_amount"],"Sort Key":["nation.n_name"],"Sort Method":"quicksort","Sort Space Used":3146,"Sort Space Type":"Memory","Shared Hit Blocks":780762,"Shared Read Blocks":0,"Shared Dirtied Blocks":0,"Shared Written Blocks":0,"Local Hit Blocks":0,"Local Read Blocks":0,"Local Dirtied Blocks":0,"Local Written Blocks":0,"Temp Read Blocks":288611,"Temp Written Blocks":288665,"I/O Read Time":0.0,"I/O Write Time":0.0,"Temp I/O Read Time":442.894,"Temp I/O Write Time":1173.037,"Plans":[{"Node Type":"Hash Join","Parent Relationship":"Outer","Parallel Aware":false,"Async Capable":false,"Join Type":"Inner","Startup Cost":3426718.82,"Total Cost":4074586.8,"Plan Rows":20136,"Plan Width":12,"Actual Startup Time":30366.329,"Actual Total Time":34313.595,"Actual Rows":35044,"Actual Loops":1,"Output":["nation.n_name","order_line.ol_amount"],"Inner Unique":true,"Hash Cond":"((mod((stock.s_w_id * stock.s_i_id), 10000) = supplier.su_suppkey) AND (customer.c_nationkey = supplier.su_nationkey))","Shared Hit Blocks":780762,"Shared Read Blocks":0,"Shared Dirtied Blocks":0,"Shared Written Blocks":0,"Local Hit Blocks":0,"Local Read Blocks":0,"Local Dirtied Blocks":0,"Local Written Blocks":0,"Temp Read Blocks":288611,"Temp Written Blocks":288665,"I/O Read Time":0.0,"I/O Write Time":0.0,"Temp I/O Read Time":442.894,"Temp I/O Write Time":1173.037,"Plans":[{"Node Type":"Merge Join","Parent Relationship":"Outer","Parallel Aware":false,"Async Capable":false,"Join Type":"Inner","Startup Cost":3426251.82,"Total Cost":4067284.83,"Plan Rows":1242717,"Plan Width":26,"Actual Startup Time":30363.293,"Actual Total Time":34024.086,"Actual Rows":2218175,"Actual Loops":1,"Output":["customer.c_nationkey","order_line.ol_amount","stock.s_w_id","stock.s_i_id","nation.n_name","nation.n_nationkey"],"Inner Unique":true,"Merge Cond":"((customer.c_w_id = stock.s_w_id) AND (order_line.ol_i_id = stock.s_i_id))","Shared Hit Blocks":780545,"Shared Read Blocks":0,"Shared Dirtied Blocks":0,"Shared Written Blocks":0,"Local Hit Blocks":0,"Local Read Blocks":0,"Local Dirtied Blocks":0,"Local Written Blocks":0,"Temp Read Blocks":288611,"Temp Written Blocks":288665,"I/O Read Time":0.0,"I/O Write Time":0.0,"Temp I/O Read Time":442.894,"Temp I/O Write Time":1173.037,"Plans":[{"Node Type":"Sort","Parent Relationship":"Outer","Parallel Aware":false,"Async Capable":false,"Startup Cost":3426251.38,"Total Cost":3429331.92,"Plan Rows":1232214,"Plan Width":30,"Actual Startup Time":30363.23,"Actual Total Time":30959.555,"Actual Rows":2218175,"Actual Loops":1,"Output":["customer.c_w_id","customer.c_nationkey","orders.o_w_id","order_line.ol_amount","order_line.ol_w_id","order_line.ol_i_id","nation.n_name","nation.n_nationkey"],"Sort Key":["customer.c_w_id","order_line.ol_i_id"],"Sort Method":"external merge","Sort Space Used":94520,"Sort Space Type":"Disk","Shared Hit Blocks":725872,"Shared Read Blocks":0,"Shared Dirtied Blocks":0,"Shared Written Blocks":0,"Local Hit Blocks":0,"Local Read Blocks":0,"Local Dirtied Blocks":0,"Local Written Blocks":0,"Temp Read Blocks":288611,"Temp Written Blocks":288665,"I/O Read Time":0.0,"I/O Write Time":0.0,"Temp I/O Read Time":442.894,"Temp I/O Write Time":1173.037,"Plans":[{"Node Type":"Hash Join","Parent Relationship":"Outer","Parallel Aware":false,"Async Capable":false,"Join Type":"Inner","Startup Cost":797902.74,"Total Cost":3242627.55,"Plan Rows":1232214,"Plan Width":30,"Actual Startup Time":2960.619,"Actual Total Time":27727.618,"Actual Rows":2218175,"Actual Loops":1,"Output":["customer.c_w_id","customer.c_nationkey","orders.o_w_id","order_line.ol_amount","order_line.ol_w_id","order_line.ol_i_id","nation.n_name","nation.n_nationkey"],"Inner Unique":false,"Hash Cond":"(customer.c_nationkey = nation.n_nationkey)","Shared Hit Blocks":725872,"Shared Read Blocks":0,"Shared Dirtied Blocks":0,"Shared Written Blocks":0,"Local Hit Blocks":0,"Local Read Blocks":0,"Local Dirtied Blocks":0,"Local Written Blocks":0,"Temp Read Blocks":264991,"Temp Written Blocks":264991,"I/O Read Time":0.0,"I/O Write Time":0.0,"Temp I/O Read Time":407.237,"Temp I/O Write Time":1109.549,"Plans":[{"Node Type":"Hash Join","Parent Relationship":"Outer","Parallel Aware":false,"Async Capable":false,"Join Type":"Inner","Startup Cost":797899.6,"Total Cost":3207595.75,"Plan Rows":6161071,"Plan Width":18,"Actual Startup Time":2952.8,"Actual Total Time":26886.552,"Actual Rows":8568663,"Actual Loops":1,"Output":["customer.c_w_id","customer.c_nationkey","orders.o_w_id","order_line.ol_amount","order_line.ol_w_id","order_line.ol_i_id"],"Inner Unique":true,"Hash Cond":"((orders.o_c_id = customer.c_id) AND (orders.o_w_id = customer.c_w_id) AND (orders.o_d_id = customer.c_d_id))","Shared Hit Blocks":725870,"Shared Read Blocks":0,"Shared Dirtied Blocks":0,"Shared Written Blocks":0,"Local Hit Blocks":0,"Local Read Blocks":0,"Local Dirtied Blocks":0,"Local Written Blocks":0,"Temp Read Blocks":264991,"Temp Written Blocks":264991,"I/O Read Time":0.0,"I/O Write Time":0.0,"Temp I/O Read Time":407.237,"Temp I/O Write Time":1109.549,"Plans":[{"Node Type":"Hash Join","Parent Relationship":"Outer","Parallel Aware":false,"Async Capable":false,"Join Type":"Inner","Startup Cost":153803.65,"Total Cost":2413481.36,"Plan Rows":6161071,"Plan Width":20,"Actual Startup Time":625.489,"Actual Total Time":20233.214,"Actual Rows":8568663,"Actual Loops":1,"Output":["orders.o_c_id","orders.o_w_id","orders.o_d_id","order_line.ol_amount","order_line.ol_w_id","order_line.ol_d_id","order_line.ol_i_id"],"Inner Unique":true,"Hash Cond":"((order_line.ol_w_id = orders.o_w_id) AND (order_line.ol_d_id = orders.o_d_id) AND (order_line.ol_o_id = orders.o_id))","Shared Hit Blocks":725870,"Shared Read Blocks":0,"Shared Dirtied Blocks":0,"Shared Written Blocks":0,"Local Hit Blocks":0,"Local Read Blocks":0,"Local Dirtied Blocks":0,"Local Written Blocks":0,"Temp Read Blocks":200672,"Temp Written Blocks":200672,"I/O Read Time":0.0,"I/O Write Time":0.0,"Temp I/O Read Time":305.911,"Temp I/O Write Time":804.477,"Plans":[{"Node Type":"Seq Scan","Parent Relationship":"Outer","Parallel Aware":false,"Async Capable":false,"Relation Name":"order_line","Schema":"public","Alias":"order_line","Startup Cost":0.0,"Total Cost":1431670.8,"Plan Rows":42039468,"Plan Width":20,"Actual Startup Time":0.006,"Actual Total Time":7316.374,"Actual Rows":42000489,"Actual Loops":1,"Output":["order_line.ol_amount","order_line.ol_o_id","order_line.ol_w_id","order_line.ol_d_id","order_line.ol_i_id"],"Filter":"(order_line.ol_delivery_d >= '1992-01-02 20:10:02.27764'::timestamp without time zone)","Rows Removed by Filter":17993272,"Shared Hit Blocks":681748,"Shared Read Blocks":0,"Shared Dirtied Blocks":0,"Shared Written Blocks":0,"Local Hit Blocks":0,"Local Read Blocks":0,"Local Dirtied Blocks":0,"Local Written Blocks":0,"Temp Read Blocks":0,"Temp Written Blocks":0,"I/O Read Time":0.0,"I/O Write Time":0.0,"Temp I/O Read Time":0.0,"Temp I/O Write Time":0.0},{"Node Type":"Hash","Parent Relationship":"Inner","Parallel Aware":false,"Async Capable":false,"Startup Cost":134121.52,"Total Cost":134121.52,"Plan Rows":879322,"Plan Width":16,"Actual Startup Time":591.117,"Actual Total Time":591.122,"Actual Rows":856801,"Actual Loops":1,"Output":["orders.o_c_id","orders.o_w_id","orders.o_d_id","orders.o_id"],"Hash Buckets":262144,"Original Hash Buckets":262144,"Hash Batches":8,"Original Hash Batches":8,"Peak Memory Usage":7070,"Shared Hit Blocks":44122,"Shared Read Blocks":0,"Shared Dirtied Blocks":0,"Shared Written Blocks":0,"Local Hit Blocks":0,"Local Read Blocks":0,"Local Dirtied Blocks":0,"Local Written Blocks":0,"Temp Read Blocks":0,"Temp Written Blocks":3290,"I/O Read Time":0.0,"I/O Write Time":0.0,"Temp I/O Read Time":0.0,"Temp I/O Write Time":15.843,"Plans":[{"Node Type":"Seq Scan","Parent Relationship":"Outer","Parallel Aware":false,"Async Capable":false,"Relation Name":"orders","Schema":"public","Alias":"orders","Startup Cost":0.0,"Total Cost":134121.52,"Plan Rows":879322,"Plan Width":16,"Actual Startup Time":0.594,"Actual Total Time":438.954,"Actual Rows":856801,"Actual Loops":1,"Output":["orders.o_c_id","orders.o_w_id","orders.o_d_id","orders.o_id"],"Filter":"((orders.o_entry_d >= '1993-01-02 20:10:02.27764'::timestamp without time zone) AND (orders.o_entry_d < '1994-01-02 20:10:02.27764'::timestamp without time zone))","Rows Removed by Filter":5143199,"Shared Hit Blocks":44122,"Shared Read Blocks":0,"Shared Dirtied Blocks":0,"Shared Written Blocks":0,"Local Hit Blocks":0,"Local Read Blocks":0,"Local Dirtied Blocks":0,"Local Written Blocks":0,"Temp Read Blocks":0,"Temp Written Blocks":0,"I/O Read Time":0.0,"I/O Write Time":0.0,"Temp I/O Read Time":0.0,"Temp I/O Write Time":0.0}]}]},{"Node Type":"Hash","Parent Relationship":"Inner","Parallel Aware":false,"Async Capable":false,"Startup Cost":509795.49,"Total Cost":509795.49,"Plan Rows":6000140,"Plan Width":12,"Actual Startup Time":2320.096,"Actual Total Time":2320.103,"Actual Rows":6000000,"Actual Loops":1,"Output":["customer.c_id","customer.c_w_id","customer.c_d_id","customer.c_nationkey"],"Hash Buckets":262144,"Original Hash Buckets":262144,"Hash Batches":64,"Original Hash Batches":64,"Peak Memory Usage":6073,"Shared Hit Blocks":0,"Shared Read Blocks":0,"Shared Dirtied Blocks":0,"Shared Written Blocks":0,"Local Hit Blocks":0,"Local Read Blocks":0,"Local Dirtied Blocks":0,"Local Written Blocks":0,"Temp Read Blocks":0,"Temp Written Blocks":23037,"I/O Read Time":0.0,"I/O Write Time":0.0,"Temp I/O Read Time":0.0,"Temp I/O Write Time":105.231,"Plans":[{"Node Type":"Append","Parent Relationship":"Outer","Parallel Aware":false,"Async Capable":false,"Startup Cost":20.0,"Total Cost":509795.49,"Plan Rows":6000140,"Plan Width":12,"Actual Startup Time":0.049,"Actual Total Time":1311.741,"Actual Rows":6000000,"Actual Loops":1,"Shared Hit Blocks":0,"Shared Read Blocks":0,"Shared Dirtied Blocks":0,"Shared Written Blocks":0,"Local Hit Blocks":0,"Local Read Blocks":0,"Local Dirtied Blocks":0,"Local Written Blocks":0,"Temp Read Blocks":0,"Temp Written Blocks":0,"I/O Read Time":0.0,"I/O Write Time":0.0,"Temp I/O Read Time":0.0,"Temp I/O Write Time":0.0,"Subplans Removed":0,"Plans":[{"Node Type":"Custom Scan","Parent Relationship":"Member","Custom Plan Provider":"columnar scan","Parallel Aware":false,"Async Capable":false,"Relation Name":"customer","Schema":"public","Alias":"customer","Startup Cost":20.0,"Total Cost":141020.06,"Plan Rows":6000000,"Plan Width":12,"Actual Startup Time":0.047,"Actual Total Time":892.355,"Actual Rows":6000000,"Actual Loops":1,"Output":["customer.c_id","customer.c_w_id","customer.c_d_id","customer.c_nationkey"],"Rows Removed by Columnar Filter":0,"Columnar cache search mode":"native","Shared Hit Blocks":0,"Shared Read Blocks":0,"Shared Dirtied Blocks":0,"Shared Written Blocks":0,"Local Hit Blocks":0,"Local Read Blocks":0,"Local Dirtied Blocks":0,"Local Written Blocks":0,"Temp Read Blocks":0,"Temp Written Blocks":0,"I/O Read Time":0.0,"I/O Write Time":0.0,"Temp I/O Read Time":0.0,"Temp I/O Write Time":0.0},{"Node Type":"Seq Scan","Parent Relationship":"Member","Parallel Aware":false,"Async Capable":false,"Relation Name":"customer","Schema":"public","Alias":"customer","Startup Cost":0.0,"Total Cost":5.4,"Plan Rows":140,"Plan Width":12,"Actual Startup Time":0.0,"Actual Total Time":0.0,"Actual Rows":0,"Actual Loops":0,"Output":["customer.c_id","customer.c_w_id","customer.c_d_id","customer.c_nationkey"],"Shared Hit Blocks":0,"Shared Read Blocks":0,"Shared Dirtied Blocks":0,"Shared Written Blocks":0,"Local Hit Blocks":0,"Local Read Blocks":0,"Local Dirtied Blocks":0,"Local Written Blocks":0,"Temp Read Blocks":0,"Temp Written Blocks":0,"I/O Read Time":0.0,"I/O Write Time":0.0,"Temp I/O Read Time":0.0,"Temp I/O Write Time":0.0}]}]}]},{"Node Type":"Hash","Parent Relationship":"Inner","Parallel Aware":false,"Async Capable":false,"Startup Cost":2.99,"Total Cost":2.99,"Plan Rows":12,"Plan Width":12,"Actual Startup Time":0.045,"Actual Total Time":0.049,"Actual Rows":22,"Actual Loops":1,"Output":["nation.n_name","nation.n_nationkey"],"Hash Buckets":1024,"Original Hash Buckets":1024,"Hash Batches":1,"Original Hash Batches":1,"Peak Memory Usage":9,"Shared Hit Blocks":2,"Shared Read Blocks":0,"Shared Dirtied Blocks":0,"Shared Written Blocks":0,"Local Hit Blocks":0,"Local Read Blocks":0,"Local Dirtied Blocks":0,"Local Written Blocks":0,"Temp Read Blocks":0,"Temp Written Blocks":0,"I/O Read Time":0.0,"I/O Write Time":0.0,"Temp I/O Read Time":0.0,"Temp I/O Write Time":0.0,"Plans":[{"Node Type":"Hash Join","Parent Relationship":"Outer","Parallel Aware":false,"Async Capable":false,"Join Type":"Inner","Startup Cost":1.07,"Total Cost":2.99,"Plan Rows":12,"Plan Width":12,"Actual Startup Time":0.028,"Actual Total Time":0.043,"Actual Rows":22,"Actual Loops":1,"Output":["nation.n_name","nation.n_nationkey"],"Inner Unique":true,"Hash Cond":"(nation.n_regionkey = region.r_regionkey)","Shared Hit Blocks":2,"Shared Read Blocks":0,"Shared Dirtied Blocks":0,"Shared Written Blocks":0,"Local Hit Blocks":0,"Local Read Blocks":0,"Local Dirtied Blocks":0,"Local Written Blocks":0,"Temp Read Blocks":0,"Temp Written Blocks":0,"I/O Read Time":0.0,"I/O Write Time":0.0,"Temp I/O Read Time":0.0,"Temp I/O Write Time":0.0,"Plans":[{"Node Type":"Seq Scan","Parent Relationship":"Outer","Parallel Aware":false,"Async Capable":false,"Relation Name":"nation","Schema":"public","Alias":"nation","Startup Cost":0.0,"Total Cost":1.62,"Plan Rows":62,"Plan Width":16,"Actual Startup Time":0.005,"Actual Total Time":0.009,"Actual Rows":62,"Actual Loops":1,"Output":["nation.n_nationkey","nation.n_name","nation.n_regionkey","nation.n_comment"],"Shared Hit Blocks":1,"Shared Read Blocks":0,"Shared Dirtied Blocks":0,"Shared Written Blocks":0,"Local Hit Blocks":0,"Local Read Blocks":0,"Local Dirtied Blocks":0,"Local Written Blocks":0,"Temp Read Blocks":0,"Temp Written Blocks":0,"I/O Read Time":0.0,"I/O Write Time":0.0,"Temp I/O Read Time":0.0,"Temp I/O Write Time":0.0},{"Node Type":"Hash","Parent Relationship":"Inner","Parallel Aware":false,"Async Capable":false,"Startup Cost":1.06,"Total Cost":1.06,"Plan Rows":1,"Plan Width":4,"Actual Startup Time":0.009,"Actual Total Time":0.009,"Actual Rows":1,"Actual Loops":1,"Output":["region.r_regionkey"],"Hash Buckets":1024,"Original Hash Buckets":1024,"Hash Batches":1,"Original Hash Batches":1,"Peak Memory Usage":9,"Shared Hit Blocks":1,"Shared Read Blocks":0,"Shared Dirtied Blocks":0,"Shared Written Blocks":0,"Local Hit Blocks":0,"Local Read Blocks":0,"Local Dirtied Blocks":0,"Local Written Blocks":0,"Temp Read Blocks":0,"Temp Written Blocks":0,"I/O Read Time":0.0,"I/O Write Time":0.0,"Temp I/O Read Time":0.0,"Temp I/O Write Time":0.0,"Plans":[{"Node Type":"Seq Scan","Parent Relationship":"Outer","Parallel Aware":false,"Async Capable":false,"Relation Name":"region","Schema":"public","Alias":"region","Startup Cost":0.0,"Total Cost":1.06,"Plan Rows":1,"Plan Width":4,"Actual Startup Time":0.007,"Actual Total Time":0.007,"Actual Rows":1,"Actual Loops":1,"Output":["region.r_regionkey"],"Filter":"((region.r_name)::text = 'Europe'::text)","Rows Removed by Filter":4,"Shared Hit Blocks":1,"Shared Read Blocks":0,"Shared Dirtied Blocks":0,"Shared Written Blocks":0,"Local Hit Blocks":0,"Local Read Blocks":0,"Local Dirtied Blocks":0,"Local Written Blocks":0,"Temp Read Blocks":0,"Temp Written Blocks":0,"I/O Read Time":0.0,"I/O Write Time":0.0,"Temp I/O Read Time":0.0,"Temp I/O Write Time":0.0}]}]}]}]}]},{"Node Type":"Index Only Scan","Parent Relationship":"Inner","Parallel Aware":false,"Async Capable":false,"Scan Direction":"Forward","Index Name":"stock_pk","Relation Name":"stock","Schema":"public","Alias":"stock","Startup Cost":0.44,"Total Cost":519363.62,"Plan Rows":20000212,"Plan Width":6,"Actual Startup Time":0.049,"Actual Total Time":1408.326,"Actual Rows":19999994,"Actual Loops":1,"Output":["stock.s_w_id","stock.s_i_id"],"Heap Fetches":0,"Shared Hit Blocks":54673,"Shared Read Blocks":0,"Shared Dirtied Blocks":0,"Shared Written Blocks":0,"Local Hit Blocks":0,"Local Read Blocks":0,"Local Dirtied Blocks":0,"Local Written Blocks":0,"Temp Read Blocks":0,"Temp Written Blocks":0,"I/O Read Time":0.0,"I/O Write Time":0.0,"Temp I/O Read Time":0.0,"Temp I/O Write Time":0.0}]},{"Node Type":"Hash","Parent Relationship":"Inner","Parallel Aware":false,"Async Capable":false,"Startup Cost":317.0,"Total Cost":317.0,"Plan Rows":10000,"Plan Width":8,"Actual Startup Time":2.594,"Actual Total Time":2.594,"Actual Rows":10000,"Actual Loops":1,"Output":["supplier.su_suppkey","supplier.su_nationkey"],"Hash Buckets":16384,"Original Hash Buckets":16384,"Hash Batches":1,"Original Hash Batches":1,"Peak Memory Usage":519,"Shared Hit Blocks":217,"Shared Read Blocks":0,"Shared Dirtied Blocks":0,"Shared Written Blocks":0,"Local Hit Blocks":0,"Local Read Blocks":0,"Local Dirtied Blocks":0,"Local Written Blocks":0,"Temp Read Blocks":0,"Temp Written Blocks":0,"I/O Read Time":0.0,"I/O Write Time":0.0,"Temp I/O Read Time":0.0,"Temp I/O Write Time":0.0,"Plans":[{"Node Type":"Seq Scan","Parent Relationship":"Outer","Parallel Aware":false,"Async Capable":false,"Relation Name":"supplier","Schema":"public","Alias":"supplier","Startup Cost":0.0,"Total Cost":317.0,"Plan Rows":10000,"Plan Width":8,"Actual Startup Time":0.013,"Actual Total Time":1.313,"Actual Rows":10000,"Actual Loops":1,"Output":["supplier.su_suppkey","supplier.su_nationkey"],"Shared Hit Blocks":217,"Shared Read Blocks":0,"Shared Dirtied Blocks":0,"Shared Written Blocks":0,"Local Hit Blocks":0,"Local Read Blocks":0,"Local Dirtied Blocks":0,"Local Written Blocks":0,"Temp Read Blocks":0,"Temp Written Blocks":0,"I/O Read Time":0.0,"I/O Write Time":0.0,"Temp I/O Read Time":0.0,"Temp I/O Write Time":0.0}]}]}]}]}]},"Planning":{"Shared Hit Blocks":220,"Shared Read Blocks":0,"Shared Dirtied Blocks":0,"Shared Written Blocks":0,"Local Hit Blocks":0,"Local Read Blocks":0,"Local Dirtied Blocks":0,"Local Written Blocks":0,"Temp Read Blocks":0,"Temp Written Blocks":0,"I/O Read Time":0.0,"I/O Write Time":0.0,"Temp I/O Read Time":0.0,"Temp I/O Write Time":0.0},"Planning Time":8.087,"Triggers":[],"Execution Time":34358.588}]
[列存组合]: customer, supplier
[{"Plan":{"Node Type":"Sort","Parallel Aware":false,"Async Capable":false,"Startup Cost":4076081.94,"Total Cost":4076082.09,"Plan Rows":62,"Plan Width":40,"Actual Startup Time":34408.154,"Actual Total Time":34408.183,"Actual Rows":11,"Actual Loops":1,"Output":["nation.n_name","(sum(order_line.ol_amount))"],"Sort Key":["(sum(order_line.ol_amount)) DESC"],"Sort Method":"quicksort","Sort Space Used":25,"Sort Space Type":"Memory","Shared Hit Blocks":780545,"Shared Read Blocks":0,"Shared Dirtied Blocks":0,"Shared Written Blocks":0,"Local Hit Blocks":0,"Local Read Blocks":0,"Local Dirtied Blocks":0,"Local Written Blocks":0,"Temp Read Blocks":288611,"Temp Written Blocks":288665,"I/O Read Time":0.0,"I/O Write Time":0.0,"Temp I/O Read Time":444.093,"Temp I/O Write Time":1171.04,"Plans":[{"Node Type":"Aggregate","Strategy":"Sorted","Partial Mode":"Simple","Parent Relationship":"Outer","Parallel Aware":false,"Async Capable":false,"Startup Cost":4075928.3,"Total Cost":4076080.09,"Plan Rows":62,"Plan Width":40,"Actual Startup Time":34402.206,"Actual Total Time":34408.166,"Actual Rows":11,"Actual Loops":1,"Output":["nation.n_name","sum(order_line.ol_amount)"],"Group Key":["nation.n_name"],"Shared Hit Blocks":780545,"Shared Read Blocks":0,"Shared Dirtied Blocks":0,"Shared Written Blocks":0,"Local Hit Blocks":0,"Local Read Blocks":0,"Local Dirtied Blocks":0,"Local Written Blocks":0,"Temp Read Blocks":288611,"Temp Written Blocks":288665,"I/O Read Time":0.0,"I/O Write Time":0.0,"Temp I/O Read Time":444.093,"Temp I/O Write Time":1171.04,"Plans":[{"Node Type":"Sort","Parent Relationship":"Outer","Parallel Aware":false,"Async Capable":false,"Startup Cost":4075928.3,"Total Cost":4075978.64,"Plan Rows":20136,"Plan Width":12,"Actual Startup Time":34401.769,"Actual Total Time":34403.628,"Actual Rows":35044,"Actual Loops":1,"Output":["nation.n_name","order_line.ol_amount"],"Sort Key":["nation.n_name"],"Sort Method":"quicksort","Sort Space Used":3146,"Sort Space Type":"Memory","Shared Hit Blocks":780545,"Shared Read Blocks":0,"Shared Dirtied Blocks":0,"Shared Written Blocks":0,"Local Hit Blocks":0,"Local Read Blocks":0,"Local Dirtied Blocks":0,"Local Written Blocks":0,"Temp Read Blocks":288611,"Temp Written Blocks":288665,"I/O Read Time":0.0,"I/O Write Time":0.0,"Temp I/O Read Time":444.093,"Temp I/O Write Time":1171.04,"Plans":[{"Node Type":"Hash Join","Parent Relationship":"Outer","Parallel Aware":false,"Async Capable":false,"Join Type":"Inner","Startup Cost":3426620.85,"Total Cost":4074488.82,"Plan Rows":20136,"Plan Width":12,"Actual Startup Time":30435.464,"Actual Total Time":34382.484,"Actual Rows":35044,"Actual Loops":1,"Output":["nation.n_name","order_line.ol_amount"],"Inner Unique":true,"Hash Cond":"((mod((stock.s_w_id * stock.s_i_id), 10000) = supplier.su_suppkey) AND (customer.c_nationkey = supplier.su_nationkey))","Shared Hit Blocks":780545,"Shared Read Blocks":0,"Shared Dirtied Blocks":0,"Shared Written Blocks":0,"Local Hit Blocks":0,"Local Read Blocks":0,"Local Dirtied Blocks":0,"Local Written Blocks":0,"Temp Read Blocks":288611,"Temp Written Blocks":288665,"I/O Read Time":0.0,"I/O Write Time":0.0,"Temp I/O Read Time":444.093,"Temp I/O Write Time":1171.04,"Plans":[{"Node Type":"Merge Join","Parent Relationship":"Outer","Parallel Aware":false,"Async Capable":false,"Join Type":"Inner","Startup Cost":3426251.82,"Total Cost":4067284.83,"Plan Rows":1242717,"Plan Width":26,"Actual Startup Time":30431.521,"Actual Total Time":34096.067,"Actual Rows":2218175,"Actual Loops":1,"Output":["customer.c_nationkey","order_line.ol_amount","stock.s_w_id","stock.s_i_id","nation.n_name","nation.n_nationkey"],"Inner Unique":true,"Merge Cond":"((customer.c_w_id = stock.s_w_id) AND (order_line.ol_i_id = stock.s_i_id))","Shared Hit Blocks":780545,"Shared Read Blocks":0,"Shared Dirtied Blocks":0,"Shared Written Blocks":0,"Local Hit Blocks":0,"Local Read Blocks":0,"Local Dirtied Blocks":0,"Local Written Blocks":0,"Temp Read Blocks":288611,"Temp Written Blocks":288665,"I/O Read Time":0.0,"I/O Write Time":0.0,"Temp I/O Read Time":444.093,"Temp I/O Write Time":1171.04,"Plans":[{"Node Type":"Sort","Parent Relationship":"Outer","Parallel Aware":false,"Async Capable":false,"Startup Cost":3426251.38,"Total Cost":3429331.92,"Plan Rows":1232214,"Plan Width":30,"Actual Startup Time":30431.464,"Actual Total Time":31029.41,"Actual Rows":2218175,"Actual Loops":1,"Output":["customer.c_w_id","customer.c_nationkey","orders.o_w_id","order_line.ol_amount","order_line.ol_w_id","order_line.ol_i_id","nation.n_name","nation.n_nationkey"],"Sort Key":["customer.c_w_id","order_line.ol_i_id"],"Sort Method":"external merge","Sort Space Used":94520,"Sort Space Type":"Disk","Shared Hit Blocks":725872,"Shared Read Blocks":0,"Shared Dirtied Blocks":0,"Shared Written Blocks":0,"Local Hit Blocks":0,"Local Read Blocks":0,"Local Dirtied Blocks":0,"Local Written Blocks":0,"Temp Read Blocks":288611,"Temp Written Blocks":288665,"I/O Read Time":0.0,"I/O Write Time":0.0,"Temp I/O Read Time":444.093,"Temp I/O Write Time":1171.04,"Plans":[{"Node Type":"Hash Join","Parent Relationship":"Outer","Parallel Aware":false,"Async Capable":false,"Join Type":"Inner","Startup Cost":797902.74,"Total Cost":3242627.55,"Plan Rows":1232214,"Plan Width":30,"Actual Startup Time":2981.318,"Actual Total Time":27782.072,"Actual Rows":2218175,"Actual Loops":1,"Output":["customer.c_w_id","customer.c_nationkey","orders.o_w_id","order_line.ol_amount","order_line.ol_w_id","order_line.ol_i_id","nation.n_name","nation.n_nationkey"],"Inner Unique":false,"Hash Cond":"(customer.c_nationkey = nation.n_nationkey)","Shared Hit Blocks":725872,"Shared Read Blocks":0,"Shared Dirtied Blocks":0,"Shared Written Blocks":0,"Local Hit Blocks":0,"Local Read Blocks":0,"Local Dirtied Blocks":0,"Local Written Blocks":0,"Temp Read Blocks":264991,"Temp Written Blocks":264991,"I/O Read Time":0.0,"I/O Write Time":0.0,"Temp I/O Read Time":407.436,"Temp I/O Write Time":1107.576,"Plans":[{"Node Type":"Hash Join","Parent Relationship":"Outer","Parallel Aware":false,"Async Capable":false,"Join Type":"Inner","Startup Cost":797899.6,"Total Cost":3207595.75,"Plan Rows":6161071,"Plan Width":18,"Actual Startup Time":2973.538,"Actual Total Time":26936.636,"Actual Rows":8568663,"Actual Loops":1,"Output":["customer.c_w_id","customer.c_nationkey","orders.o_w_id","order_line.ol_amount","order_line.ol_w_id","order_line.ol_i_id"],"Inner Unique":true,"Hash Cond":"((orders.o_c_id = customer.c_id) AND (orders.o_w_id = customer.c_w_id) AND (orders.o_d_id = customer.c_d_id))","Shared Hit Blocks":725870,"Shared Read Blocks":0,"Shared Dirtied Blocks":0,"Shared Written Blocks":0,"Local Hit Blocks":0,"Local Read Blocks":0,"Local Dirtied Blocks":0,"Local Written Blocks":0,"Temp Read Blocks":264991,"Temp Written Blocks":264991,"I/O Read Time":0.0,"I/O Write Time":0.0,"Temp I/O Read Time":407.436,"Temp I/O Write Time":1107.576,"Plans":[{"Node Type":"Hash Join","Parent Relationship":"Outer","Parallel Aware":false,"Async Capable":false,"Join Type":"Inner","Startup Cost":153803.65,"Total Cost":2413481.36,"Plan Rows":6161071,"Plan Width":20,"Actual Startup Time":629.168,"Actual Total Time":20264.595,"Actual Rows":8568663,"Actual Loops":1,"Output":["orders.o_c_id","orders.o_w_id","orders.o_d_id","order_line.ol_amount","order_line.ol_w_id","order_line.ol_d_id","order_line.ol_i_id"],"Inner Unique":true,"Hash Cond":"((order_line.ol_w_id = orders.o_w_id) AND (order_line.ol_d_id = orders.o_d_id) AND (order_line.ol_o_id = orders.o_id))","Shared Hit Blocks":725870,"Shared Read Blocks":0,"Shared Dirtied Blocks":0,"Shared Written Blocks":0,"Local Hit Blocks":0,"Local Read Blocks":0,"Local Dirtied Blocks":0,"Local Written Blocks":0,"Temp Read Blocks":200672,"Temp Written Blocks":200672,"I/O Read Time":0.0,"I/O Write Time":0.0,"Temp I/O Read Time":305.613,"Temp I/O Write Time":804.993,"Plans":[{"Node Type":"Seq Scan","Parent Relationship":"Outer","Parallel Aware":false,"Async Capable":false,"Relation Name":"order_line","Schema":"public","Alias":"order_line","Startup Cost":0.0,"Total Cost":1431670.8,"Plan Rows":42039468,"Plan Width":20,"Actual Startup Time":0.005,"Actual Total Time":7323.868,"Actual Rows":42000489,"Actual Loops":1,"Output":["order_line.ol_amount","order_line.ol_o_id","order_line.ol_w_id","order_line.ol_d_id","order_line.ol_i_id"],"Filter":"(order_line.ol_delivery_d >= '1992-01-02 20:10:02.27764'::timestamp without time zone)","Rows Removed by Filter":17993272,"Shared Hit Blocks":681748,"Shared Read Blocks":0,"Shared Dirtied Blocks":0,"Shared Written Blocks":0,"Local Hit Blocks":0,"Local Read Blocks":0,"Local Dirtied Blocks":0,"Local Written Blocks":0,"Temp Read Blocks":0,"Temp Written Blocks":0,"I/O Read Time":0.0,"I/O Write Time":0.0,"Temp I/O Read Time":0.0,"Temp I/O Write Time":0.0},{"Node Type":"Hash","Parent Relationship":"Inner","Parallel Aware":false,"Async Capable":false,"Startup Cost":134121.52,"Total Cost":134121.52,"Plan Rows":879322,"Plan Width":16,"Actual Startup Time":594.937,"Actual Total Time":594.941,"Actual Rows":856801,"Actual Loops":1,"Output":["orders.o_c_id","orders.o_w_id","orders.o_d_id","orders.o_id"],"Hash Buckets":262144,"Original Hash Buckets":262144,"Hash Batches":8,"Original Hash Batches":8,"Peak Memory Usage":7070,"Shared Hit Blocks":44122,"Shared Read Blocks":0,"Shared Dirtied Blocks":0,"Shared Written Blocks":0,"Local Hit Blocks":0,"Local Read Blocks":0,"Local Dirtied Blocks":0,"Local Written Blocks":0,"Temp Read Blocks":0,"Temp Written Blocks":3290,"I/O Read Time":0.0,"I/O Write Time":0.0,"Temp I/O Read Time":0.0,"Temp I/O Write Time":14.933,"Plans":[{"Node Type":"Seq Scan","Parent Relationship":"Outer","Parallel Aware":false,"Async Capable":false,"Relation Name":"orders","Schema":"public","Alias":"orders","Startup Cost":0.0,"Total Cost":134121.52,"Plan Rows":879322,"Plan Width":16,"Actual Startup Time":0.606,"Actual Total Time":446.376,"Actual Rows":856801,"Actual Loops":1,"Output":["orders.o_c_id","orders.o_w_id","orders.o_d_id","orders.o_id"],"Filter":"((orders.o_entry_d >= '1993-01-02 20:10:02.27764'::timestamp without time zone) AND (orders.o_entry_d < '1994-01-02 20:10:02.27764'::timestamp without time zone))","Rows Removed by Filter":5143199,"Shared Hit Blocks":44122,"Shared Read Blocks":0,"Shared Dirtied Blocks":0,"Shared Written Blocks":0,"Local Hit Blocks":0,"Local Read Blocks":0,"Local Dirtied Blocks":0,"Local Written Blocks":0,"Temp Read Blocks":0,"Temp Written Blocks":0,"I/O Read Time":0.0,"I/O Write Time":0.0,"Temp I/O Read Time":0.0,"Temp I/O Write Time":0.0}]}]},{"Node Type":"Hash","Parent Relationship":"Inner","Parallel Aware":false,"Async Capable":false,"Startup Cost":509795.49,"Total Cost":509795.49,"Plan Rows":6000140,"Plan Width":12,"Actual Startup Time":2337.26,"Actual Total Time":2337.266,"Actual Rows":6000000,"Actual Loops":1,"Output":["customer.c_id","customer.c_w_id","customer.c_d_id","customer.c_nationkey"],"Hash Buckets":262144,"Original Hash Buckets":262144,"Hash Batches":64,"Original Hash Batches":64,"Peak Memory Usage":6073,"Shared Hit Blocks":0,"Shared Read Blocks":0,"Shared Dirtied Blocks":0,"Shared Written Blocks":0,"Local Hit Blocks":0,"Local Read Blocks":0,"Local Dirtied Blocks":0,"Local Written Blocks":0,"Temp Read Blocks":0,"Temp Written Blocks":23037,"I/O Read Time":0.0,"I/O Write Time":0.0,"Temp I/O Read Time":0.0,"Temp I/O Write Time":102.048,"Plans":[{"Node Type":"Append","Parent Relationship":"Outer","Parallel Aware":false,"Async Capable":false,"Startup Cost":20.0,"Total Cost":509795.49,"Plan Rows":6000140,"Plan Width":12,"Actual Startup Time":0.042,"Actual Total Time":1329.719,"Actual Rows":6000000,"Actual Loops":1,"Shared Hit Blocks":0,"Shared Read Blocks":0,"Shared Dirtied Blocks":0,"Shared Written Blocks":0,"Local Hit Blocks":0,"Local Read Blocks":0,"Local Dirtied Blocks":0,"Local Written Blocks":0,"Temp Read Blocks":0,"Temp Written Blocks":0,"I/O Read Time":0.0,"I/O Write Time":0.0,"Temp I/O Read Time":0.0,"Temp I/O Write Time":0.0,"Subplans Removed":0,"Plans":[{"Node Type":"Custom Scan","Parent Relationship":"Member","Custom Plan Provider":"columnar scan","Parallel Aware":false,"Async Capable":false,"Relation Name":"customer","Schema":"public","Alias":"customer","Startup Cost":20.0,"Total Cost":141020.06,"Plan Rows":6000000,"Plan Width":12,"Actual Startup Time":0.04,"Actual Total Time":898.223,"Actual Rows":6000000,"Actual Loops":1,"Output":["customer.c_id","customer.c_w_id","customer.c_d_id","customer.c_nationkey"],"Rows Removed by Columnar Filter":0,"Columnar cache search mode":"native","Shared Hit Blocks":0,"Shared Read Blocks":0,"Shared Dirtied Blocks":0,"Shared Written Blocks":0,"Local Hit Blocks":0,"Local Read Blocks":0,"Local Dirtied Blocks":0,"Local Written Blocks":0,"Temp Read Blocks":0,"Temp Written Blocks":0,"I/O Read Time":0.0,"I/O Write Time":0.0,"Temp I/O Read Time":0.0,"Temp I/O Write Time":0.0},{"Node Type":"Seq Scan","Parent Relationship":"Member","Parallel Aware":false,"Async Capable":false,"Relation Name":"customer","Schema":"public","Alias":"customer","Startup Cost":0.0,"Total Cost":5.4,"Plan Rows":140,"Plan Width":12,"Actual Startup Time":0.0,"Actual Total Time":0.0,"Actual Rows":0,"Actual Loops":0,"Output":["customer.c_id","customer.c_w_id","customer.c_d_id","customer.c_nationkey"],"Shared Hit Blocks":0,"Shared Read Blocks":0,"Shared Dirtied Blocks":0,"Shared Written Blocks":0,"Local Hit Blocks":0,"Local Read Blocks":0,"Local Dirtied Blocks":0,"Local Written Blocks":0,"Temp Read Blocks":0,"Temp Written Blocks":0,"I/O Read Time":0.0,"I/O Write Time":0.0,"Temp I/O Read Time":0.0,"Temp I/O Write Time":0.0}]}]}]},{"Node Type":"Hash","Parent Relationship":"Inner","Parallel Aware":false,"Async Capable":false,"Startup Cost":2.99,"Total Cost":2.99,"Plan Rows":12,"Plan Width":12,"Actual Startup Time":0.045,"Actual Total Time":0.051,"Actual Rows":22,"Actual Loops":1,"Output":["nation.n_name","nation.n_nationkey"],"Hash Buckets":1024,"Original Hash Buckets":1024,"Hash Batches":1,"Original Hash Batches":1,"Peak Memory Usage":9,"Shared Hit Blocks":2,"Shared Read Blocks":0,"Shared Dirtied Blocks":0,"Shared Written Blocks":0,"Local Hit Blocks":0,"Local Read Blocks":0,"Local Dirtied Blocks":0,"Local Written Blocks":0,"Temp Read Blocks":0,"Temp Written Blocks":0,"I/O Read Time":0.0,"I/O Write Time":0.0,"Temp I/O Read Time":0.0,"Temp I/O Write Time":0.0,"Plans":[{"Node Type":"Hash Join","Parent Relationship":"Outer","Parallel Aware":false,"Async Capable":false,"Join Type":"Inner","Startup Cost":1.07,"Total Cost":2.99,"Plan Rows":12,"Plan Width":12,"Actual Startup Time":0.028,"Actual Total Time":0.045,"Actual Rows":22,"Actual Loops":1,"Output":["nation.n_name","nation.n_nationkey"],"Inner Unique":true,"Hash Cond":"(nation.n_regionkey = region.r_regionkey)","Shared Hit Blocks":2,"Shared Read Blocks":0,"Shared Dirtied Blocks":0,"Shared Written Blocks":0,"Local Hit Blocks":0,"Local Read Blocks":0,"Local Dirtied Blocks":0,"Local Written Blocks":0,"Temp Read Blocks":0,"Temp Written Blocks":0,"I/O Read Time":0.0,"I/O Write Time":0.0,"Temp I/O Read Time":0.0,"Temp I/O Write Time":0.0,"Plans":[{"Node Type":"Seq Scan","Parent Relationship":"Outer","Parallel Aware":false,"Async Capable":false,"Relation Name":"nation","Schema":"public","Alias":"nation","Startup Cost":0.0,"Total Cost":1.62,"Plan Rows":62,"Plan Width":16,"Actual Startup Time":0.009,"Actual Total Time":0.014,"Actual Rows":62,"Actual Loops":1,"Output":["nation.n_nationkey","nation.n_name","nation.n_regionkey","nation.n_comment"],"Shared Hit Blocks":1,"Shared Read Blocks":0,"Shared Dirtied Blocks":0,"Shared Written Blocks":0,"Local Hit Blocks":0,"Local Read Blocks":0,"Local Dirtied Blocks":0,"Local Written Blocks":0,"Temp Read Blocks":0,"Temp Written Blocks":0,"I/O Read Time":0.0,"I/O Write Time":0.0,"Temp I/O Read Time":0.0,"Temp I/O Write Time":0.0},{"Node Type":"Hash","Parent Relationship":"Inner","Parallel Aware":false,"Async Capable":false,"Startup Cost":1.06,"Total Cost":1.06,"Plan Rows":1,"Plan Width":4,"Actual Startup Time":0.009,"Actual Total Time":0.011,"Actual Rows":1,"Actual Loops":1,"Output":["region.r_regionkey"],"Hash Buckets":1024,"Original Hash Buckets":1024,"Hash Batches":1,"Original Hash Batches":1,"Peak Memory Usage":9,"Shared Hit Blocks":1,"Shared Read Blocks":0,"Shared Dirtied Blocks":0,"Shared Written Blocks":0,"Local Hit Blocks":0,"Local Read Blocks":0,"Local Dirtied Blocks":0,"Local Written Blocks":0,"Temp Read Blocks":0,"Temp Written Blocks":0,"I/O Read Time":0.0,"I/O Write Time":0.0,"Temp I/O Read Time":0.0,"Temp I/O Write Time":0.0,"Plans":[{"Node Type":"Seq Scan","Parent Relationship":"Outer","Parallel Aware":false,"Async Capable":false,"Relation Name":"region","Schema":"public","Alias":"region","Startup Cost":0.0,"Total Cost":1.06,"Plan Rows":1,"Plan Width":4,"Actual Startup Time":0.007,"Actual Total Time":0.008,"Actual Rows":1,"Actual Loops":1,"Output":["region.r_regionkey"],"Filter":"((region.r_name)::text = 'Europe'::text)","Rows Removed by Filter":4,"Shared Hit Blocks":1,"Shared Read Blocks":0,"Shared Dirtied Blocks":0,"Shared Written Blocks":0,"Local Hit Blocks":0,"Local Read Blocks":0,"Local Dirtied Blocks":0,"Local Written Blocks":0,"Temp Read Blocks":0,"Temp Written Blocks":0,"I/O Read Time":0.0,"I/O Write Time":0.0,"Temp I/O Read Time":0.0,"Temp I/O Write Time":0.0}]}]}]}]}]},{"Node Type":"Index Only Scan","Parent Relationship":"Inner","Parallel Aware":false,"Async Capable":false,"Scan Direction":"Forward","Index Name":"stock_pk","Relation Name":"stock","Schema":"public","Alias":"stock","Startup Cost":0.44,"Total Cost":519363.62,"Plan Rows":20000212,"Plan Width":6,"Actual Startup Time":0.042,"Actual Total Time":1410.911,"Actual Rows":19999994,"Actual Loops":1,"Output":["stock.s_w_id","stock.s_i_id"],"Heap Fetches":0,"Shared Hit Blocks":54673,"Shared Read Blocks":0,"Shared Dirtied Blocks":0,"Shared Written Blocks":0,"Local Hit Blocks":0,"Local Read Blocks":0,"Local Dirtied Blocks":0,"Local Written Blocks":0,"Temp Read Blocks":0,"Temp Written Blocks":0,"I/O Read Time":0.0,"I/O Write Time":0.0,"Temp I/O Read Time":0.0,"Temp I/O Write Time":0.0}]},{"Node Type":"Hash","Parent Relationship":"Inner","Parallel Aware":false,"Async Capable":false,"Startup Cost":219.01,"Total Cost":219.01,"Plan Rows":10001,"Plan Width":8,"Actual Startup Time":3.508,"Actual Total Time":3.51,"Actual Rows":10000,"Actual Loops":1,"Output":["supplier.su_suppkey","supplier.su_nationkey"],"Hash Buckets":16384,"Original Hash Buckets":16384,"Hash Batches":1,"Original Hash Batches":1,"Peak Memory Usage":519,"Shared Hit Blocks":0,"Shared Read Blocks":0,"Shared Dirtied Blocks":0,"Shared Written Blocks":0,"Local Hit Blocks":0,"Local Read Blocks":0,"Local Dirtied Blocks":0,"Local Written Blocks":0,"Temp Read Blocks":0,"Temp Written Blocks":0,"I/O Read Time":0.0,"I/O Write Time":0.0,"Temp I/O Read Time":0.0,"Temp I/O Write Time":0.0,"Plans":[{"Node Type":"Append","Parent Relationship":"Outer","Parallel Aware":false,"Async Capable":false,"Startup Cost":20.0,"Total Cost":219.01,"Plan Rows":10001,"Plan Width":8,"Actual Startup Time":0.013,"Actual Total Time":1.841,"Actual Rows":10000,"Actual Loops":1,"Shared Hit Blocks":0,"Shared Read Blocks":0,"Shared Dirtied Blocks":0,"Shared Written Blocks":0,"Local Hit Blocks":0,"Local Read Blocks":0,"Local Dirtied Blocks":0,"Local Written Blocks":0,"Temp Read Blocks":0,"Temp Written Blocks":0,"I/O Read Time":0.0,"I/O Write Time":0.0,"Temp I/O Read Time":0.0,"Temp I/O Write Time":0.0,"Subplans Removed":0,"Plans":[{"Node Type":"Custom Scan","Parent Relationship":"Member","Custom Plan Provider":"columnar scan","Parallel Aware":false,"Async Capable":false,"Relation Name":"supplier","Schema":"public","Alias":"supplier","Startup Cost":20.0,"Total Cost":215.0,"Plan Rows":10000,"Plan Width":8,"Actual Startup Time":0.012,"Actual Total Time":1.115,"Actual Rows":10000,"Actual Loops":1,"Output":["supplier.su_suppkey","supplier.su_nationkey"],"Rows Removed by Columnar Filter":0,"Columnar cache search mode":"native","Shared Hit Blocks":0,"Shared Read Blocks":0,"Shared Dirtied Blocks":0,"Shared Written Blocks":0,"Local Hit Blocks":0,"Local Read Blocks":0,"Local Dirtied Blocks":0,"Local Written Blocks":0,"Temp Read Blocks":0,"Temp Written Blocks":0,"I/O Read Time":0.0,"I/O Write Time":0.0,"Temp I/O Read Time":0.0,"Temp I/O Write Time":0.0},{"Node Type":"Seq Scan","Parent Relationship":"Member","Parallel Aware":false,"Async Capable":false,"Relation Name":"supplier","Schema":"public","Alias":"supplier","Startup Cost":0.0,"Total Cost":4.01,"Plan Rows":1,"Plan Width":8,"Actual Startup Time":0.0,"Actual Total Time":0.0,"Actual Rows":0,"Actual Loops":0,"Output":["supplier.su_suppkey","supplier.su_nationkey"],"Shared Hit Blocks":0,"Shared Read Blocks":0,"Shared Dirtied Blocks":0,"Shared Written Blocks":0,"Local Hit Blocks":0,"Local Read Blocks":0,"Local Dirtied Blocks":0,"Local Written Blocks":0,"Temp Read Blocks":0,"Temp Written Blocks":0,"I/O Read Time":0.0,"I/O Write Time":0.0,"Temp I/O Read Time":0.0,"Temp I/O Write Time":0.0}]}]}]}]}]}]},"Planning":{"Shared Hit Blocks":220,"Shared Read Blocks":0,"Shared Dirtied Blocks":0,"Shared Written Blocks":0,"Local Hit Blocks":0,"Local Read Blocks":0,"Local Dirtied Blocks":0,"Local Written Blocks":0,"Temp Read Blocks":0,"Temp Written Blocks":0,"I/O Read Time":0.0,"I/O Write Time":0.0,"Temp I/O Read Time":0.0,"Temp I/O Write Time":0.0},"Planning Time":4.937,"Triggers":[],"Execution Time":34429.076}]
[列存组合]: nation, order_line
[{"Plan":{"Node Type":"Sort","Parallel Aware":false,"Async Capable":false,"Startup Cost":4058303.84,"Total Cost":4058304.0,"Plan Rows":62,"Plan Width":40,"Actual Startup Time":21395.465,"Actual Total Time":21395.493,"Actual Rows":11,"Actual Loops":1,"Output":["nation.n_name","(sum(order_line.ol_amount))"],"Sort Key":["(sum(order_line.ol_amount)) DESC"],"Sort Method":"quicksort","Sort Space Used":25,"Sort Space Type":"Memory","Shared Hit Blocks":559004,"Shared Read Blocks":0,"Shared Dirtied Blocks":0,"Shared Written Blocks":0,"Local Hit Blocks":0,"Local Read Blocks":0,"Local Dirtied Blocks":0,"Local Written Blocks":0,"Temp Read Blocks":131755,"Temp Written Blocks":131809,"I/O Read Time":0.0,"I/O Write Time":0.0,"Temp I/O Read Time":208.987,"Temp I/O Write Time":566.102,"Plans":[{"Node Type":"Aggregate","Strategy":"Sorted","Partial Mode":"Simple","Parent Relationship":"Outer","Parallel Aware":false,"Async Capable":false,"Startup Cost":4058150.2,"Total Cost":4058302.0,"Plan Rows":62,"Plan Width":40,"Actual Startup Time":21389.508,"Actual Total Time":21395.476,"Actual Rows":11,"Actual Loops":1,"Output":["nation.n_name","sum(order_line.ol_amount)"],"Group Key":["nation.n_name"],"Shared Hit Blocks":559004,"Shared Read Blocks":0,"Shared Dirtied Blocks":0,"Shared Written Blocks":0,"Local Hit Blocks":0,"Local Read Blocks":0,"Local Dirtied Blocks":0,"Local Written Blocks":0,"Temp Read Blocks":131755,"Temp Written Blocks":131809,"I/O Read Time":0.0,"I/O Write Time":0.0,"Temp I/O Read Time":208.987,"Temp I/O Write Time":566.102,"Plans":[{"Node Type":"Sort","Parent Relationship":"Outer","Parallel Aware":false,"Async Capable":false,"Startup Cost":4058150.2,"Total Cost":4058200.54,"Plan Rows":20136,"Plan Width":12,"Actual Startup Time":21389.067,"Actual Total Time":21390.927,"Actual Rows":35044,"Actual Loops":1,"Output":["nation.n_name","order_line.ol_amount"],"Sort Key":["nation.n_name"],"Sort Method":"quicksort","Sort Space Used":3146,"Sort Space Type":"Memory","Shared Hit Blocks":559004,"Shared Read Blocks":0,"Shared Dirtied Blocks":0,"Shared Written Blocks":0,"Local Hit Blocks":0,"Local Read Blocks":0,"Local Dirtied Blocks":0,"Local Written Blocks":0,"Temp Read Blocks":131755,"Temp Written Blocks":131809,"I/O Read Time":0.0,"I/O Write Time":0.0,"Temp I/O Read Time":208.987,"Temp I/O Write Time":566.102,"Plans":[{"Node Type":"Hash Join","Parent Relationship":"Outer","Parallel Aware":false,"Async Capable":false,"Join Type":"Inner","Startup Cost":3408842.75,"Total Cost":4056710.73,"Plan Rows":20136,"Plan Width":12,"Actual Startup Time":17434.659,"Actual Total Time":21370.148,"Actual Rows":35044,"Actual Loops":1,"Output":["nation.n_name","order_line.ol_amount"],"Inner Unique":true,"Hash Cond":"((mod((stock.s_w_id * stock.s_i_id), 10000) = supplier.su_suppkey) AND (customer.c_nationkey = supplier.su_nationkey))","Shared Hit Blocks":559004,"Shared Read Blocks":0,"Shared Dirtied Blocks":0,"Shared Written Blocks":0,"Local Hit Blocks":0,"Local Read Blocks":0,"Local Dirtied Blocks":0,"Local Written Blocks":0,"Temp Read Blocks":131755,"Temp Written Blocks":131809,"I/O Read Time":0.0,"I/O Write Time":0.0,"Temp I/O Read Time":208.987,"Temp I/O Write Time":566.102,"Plans":[{"Node Type":"Merge Join","Parent Relationship":"Outer","Parallel Aware":false,"Async Capable":false,"Join Type":"Inner","Startup Cost":3408375.75,"Total Cost":4049408.76,"Plan Rows":1242717,"Plan Width":26,"Actual Startup Time":17431.662,"Actual Total Time":21083.726,"Actual Rows":2218175,"Actual Loops":1,"Output":["customer.c_nationkey","order_line.ol_amount","stock.s_w_id","stock.s_i_id","nation.n_name","nation.n_nationkey"],"Inner Unique":true,"Merge Cond":"((customer.c_w_id = stock.s_w_id) AND (order_line.ol_i_id = stock.s_i_id))","Shared Hit Blocks":558787,"Shared Read Blocks":0,"Shared Dirtied Blocks":0,"Shared Written Blocks":0,"Local Hit Blocks":0,"Local Read Blocks":0,"Local Dirtied Blocks":0,"Local Written Blocks":0,"Temp Read Blocks":131755,"Temp Written Blocks":131809,"I/O Read Time":0.0,"I/O Write Time":0.0,"Temp I/O Read Time":208.987,"Temp I/O Write Time":566.102,"Plans":[{"Node Type":"Sort","Parent Relationship":"Outer","Parallel Aware":false,"Async Capable":false,"Startup Cost":3408375.32,"Total Cost":3411455.85,"Plan Rows":1232214,"Plan Width":30,"Actual Startup Time":17431.604,"Actual Total Time":18028.038,"Actual Rows":2218175,"Actual Loops":1,"Output":["customer.c_w_id","customer.c_nationkey","orders.o_w_id","order_line.ol_amount","order_line.ol_w_id","order_line.ol_i_id","nation.n_name","nation.n_nationkey"],"Sort Key":["customer.c_w_id","order_line.ol_i_id"],"Sort Method":"external merge","Sort Space Used":94520,"Sort Space Type":"Disk","Shared Hit Blocks":504114,"Shared Read Blocks":0,"Shared Dirtied Blocks":0,"Shared Written Blocks":0,"Local Hit Blocks":0,"Local Read Blocks":0,"Local Dirtied Blocks":0,"Local Written Blocks":0,"Temp Read Blocks":131755,"Temp Written Blocks":131809,"I/O Read Time":0.0,"I/O Write Time":0.0,"Temp I/O Read Time":208.987,"Temp I/O Write Time":566.102,"Plans":[{"Node Type":"Hash Join","Parent Relationship":"Outer","Parallel Aware":false,"Async Capable":false,"Join Type":"Inner","Startup Cost":808118.65,"Total Cost":3224751.49,"Plan Rows":1232214,"Plan Width":30,"Actual Startup Time":3407.789,"Actual Total Time":14797.768,"Actual Rows":2218175,"Actual Loops":1,"Output":["customer.c_w_id","customer.c_nationkey","orders.o_w_id","order_line.ol_amount","order_line.ol_w_id","order_line.ol_i_id","nation.n_name","nation.n_nationkey"],"Inner Unique":false,"Hash Cond":"(customer.c_nationkey = nation.n_nationkey)","Shared Hit Blocks":504114,"Shared Read Blocks":0,"Shared Dirtied Blocks":0,"Shared Written Blocks":0,"Local Hit Blocks":0,"Local Read Blocks":0,"Local Dirtied Blocks":0,"Local Written Blocks":0,"Temp Read Blocks":108135,"Temp Written Blocks":108135,"I/O Read Time":0.0,"I/O Write Time":0.0,"Temp I/O Read Time":173.074,"Temp I/O Write Time":502.799,"Plans":[{"Node Type":"Hash Join","Parent Relationship":"Outer","Parallel Aware":false,"Async Capable":false,"Join Type":"Inner","Startup Cost":808115.51,"Total Cost":3189719.68,"Plan Rows":6161071,"Plan Width":18,"Actual Startup Time":3401.12,"Actual Total Time":13963.653,"Actual Rows":8568663,"Actual Loops":1,"Output":["customer.c_w_id","customer.c_nationkey","orders.o_w_id","order_line.ol_amount","order_line.ol_w_id","order_line.ol_i_id"],"Inner Unique":true,"Hash Cond":"((orders.o_c_id = customer.c_id) AND (orders.o_w_id = customer.c_w_id) AND (orders.o_d_id = customer.c_d_id))","Shared Hit Blocks":504112,"Shared Read Blocks":0,"Shared Dirtied Blocks":0,"Shared Written Blocks":0,"Local Hit Blocks":0,"Local Read Blocks":0,"Local Dirtied Blocks":0,"Local Written Blocks":0,"Temp Read Blocks":108135,"Temp Written Blocks":108135,"I/O Read Time":0.0,"I/O Write Time":0.0,"Temp I/O Read Time":173.074,"Temp I/O Write Time":502.799,"Plans":[{"Node Type":"Hash Join","Parent Relationship":"Outer","Parallel Aware":false,"Async Capable":false,"Join Type":"Inner","Startup Cost":153823.65,"Total Cost":2385409.38,"Plan Rows":6161071,"Plan Width":20,"Actual Startup Time":645.446,"Actual Total Time":6879.841,"Actual Rows":8568663,"Actual Loops":1,"Output":["orders.o_c_id","orders.o_w_id","orders.o_d_id","order_line.ol_amount","order_line.ol_w_id","order_line.ol_d_id","order_line.ol_i_id"],"Inner Unique":true,"Hash Cond":"((order_line.ol_w_id = orders.o_w_id) AND (order_line.ol_d_id = orders.o_d_id) AND (order_line.ol_o_id = orders.o_id))","Shared Hit Blocks":44122,"Shared Read Blocks":0,"Shared Dirtied Blocks":0,"Shared Written Blocks":0,"Local Hit Blocks":0,"Local Read Blocks":0,"Local Dirtied Blocks":0,"Local Written Blocks":0,"Temp Read Blocks":43816,"Temp Written Blocks":43816,"I/O Read Time":0.0,"I/O Write Time":0.0,"Temp I/O Read Time":69.992,"Temp I/O Write Time":191.954,"Plans":[{"Node Type":"Append","Parent Relationship":"Outer","Parallel Aware":false,"Async Capable":false,"Startup Cost":20.0,"Total Cost":1403598.82,"Plan Rows":42039468,"Plan Width":20,"Actual Startup Time":1.466,"Actual Total Time":2568.827,"Actual Rows":8620885,"Actual Loops":1,"Shared Hit Blocks":0,"Shared Read Blocks":0,"Shared Dirtied Blocks":0,"Shared Written Blocks":0,"Local Hit Blocks":0,"Local Read Blocks":0,"Local Dirtied Blocks":0,"Local Written Blocks":0,"Temp Read Blocks":0,"Temp Written Blocks":0,"I/O Read Time":0.0,"I/O Write Time":0.0,"Temp I/O Read Time":0.0,"Temp I/O Write Time":0.0,"Subplans Removed":0,"Plans":[{"Node Type":"Custom Scan","Parent Relationship":"Member","Custom Plan Provider":"columnar scan","Parallel Aware":false,"Async Capable":false,"Relation Name":"order_line","Schema":"public","Alias":"order_line","Startup Cost":20.0,"Total Cost":1072026.23,"Plan Rows":42039424,"Plan Width":20,"Actual Startup Time":1.464,"Actual Total Time":1969.332,"Actual Rows":8620885,"Actual Loops":1,"Output":["order_line.ol_amount","order_line.ol_o_id","order_line.ol_w_id","order_line.ol_d_id","order_line.ol_i_id"],"Filter":"(order_line.ol_delivery_d >= '1992-01-02 20:10:02.27764'::timestamp without time zone)","Rows Removed by Filter":0,"Rows Removed by Columnar Filter":51372876,"Rows Filtered by Bloom Filter":0,"Dictionary Rows Filtered by Bloom Filter":51372876,"Columnar cache search mode":"native","Shared Hit Blocks":0,"Shared Read Blocks":0,"Shared Dirtied Blocks":0,"Shared Written Blocks":0,"Local Hit Blocks":0,"Local Read Blocks":0,"Local Dirtied Blocks":0,"Local Written Blocks":0,"Temp Read Blocks":0,"Temp Written Blocks":0,"I/O Read Time":0.0,"I/O Write Time":0.0,"Temp I/O Read Time":0.0,"Temp I/O Write Time":0.0},{"Node Type":"Seq Scan","Parent Relationship":"Member","Parallel Aware":false,"Async Capable":false,"Relation Name":"order_line","Schema":"public","Alias":"order_line","Startup Cost":0.0,"Total Cost":4.79,"Plan Rows":44,"Plan Width":20,"Actual Startup Time":0.0,"Actual Total Time":0.0,"Actual Rows":0,"Actual Loops":0,"Output":["order_line.ol_amount","order_line.ol_o_id","order_line.ol_w_id","order_line.ol_d_id","order_line.ol_i_id"],"Filter":"(order_line.ol_delivery_d >= '1992-01-02 20:10:02.27764'::timestamp without time zone)","Rows Removed by Filter":0,"Shared Hit Blocks":0,"Shared Read Blocks":0,"Shared Dirtied Blocks":0,"Shared Written Blocks":0,"Local Hit Blocks":0,"Local Read Blocks":0,"Local Dirtied Blocks":0,"Local Written Blocks":0,"Temp Read Blocks":0,"Temp Written Blocks":0,"I/O Read Time":0.0,"I/O Write Time":0.0,"Temp I/O Read Time":0.0,"Temp I/O Write Time":0.0}]},{"Node Type":"Hash","Parent Relationship":"Inner","Parallel Aware":false,"Async Capable":false,"Startup Cost":134121.52,"Total Cost":134121.52,"Plan Rows":879322,"Plan Width":16,"Actual Startup Time":642.593,"Actual Total Time":642.596,"Actual Rows":856801,"Actual Loops":1,"Output":["orders.o_c_id","orders.o_w_id","orders.o_d_id","orders.o_id"],"Hash Buckets":262144,"Original Hash Buckets":262144,"Hash Batches":8,"Original Hash Batches":8,"Peak Memory Usage":7070,"Shared Hit Blocks":44122,"Shared Read Blocks":0,"Shared Dirtied Blocks":0,"Shared Written Blocks":0,"Local Hit Blocks":0,"Local Read Blocks":0,"Local Dirtied Blocks":0,"Local Written Blocks":0,"Temp Read Blocks":0,"Temp Written Blocks":3290,"I/O Read Time":0.0,"I/O Write Time":0.0,"Temp I/O Read Time":0.0,"Temp I/O Write Time":16.212,"Plans":[{"Node Type":"Seq Scan","Parent Relationship":"Outer","Parallel Aware":false,"Async Capable":false,"Relation Name":"orders","Schema":"public","Alias":"orders","Startup Cost":0.0,"Total Cost":134121.52,"Plan Rows":879322,"Plan Width":16,"Actual Startup Time":0.597,"Actual Total Time":441.883,"Actual Rows":856801,"Actual Loops":1,"Output":["orders.o_c_id","orders.o_w_id","orders.o_d_id","orders.o_id"],"Filter":"((orders.o_entry_d >= '1993-01-02 20:10:02.27764'::timestamp without time zone) AND (orders.o_entry_d < '1994-01-02 20:10:02.27764'::timestamp without time zone))","Rows Removed by Filter":5143199,"Shared Hit Blocks":44122,"Shared Read Blocks":0,"Shared Dirtied Blocks":0,"Shared Written Blocks":0,"Local Hit Blocks":0,"Local Read Blocks":0,"Local Dirtied Blocks":0,"Local Written Blocks":0,"Temp Read Blocks":0,"Temp Written Blocks":0,"I/O Read Time":0.0,"I/O Write Time":0.0,"Temp I/O Read Time":0.0,"Temp I/O Write Time":0.0}]}]},{"Node Type":"Hash","Parent Relationship":"Inner","Parallel Aware":false,"Async Capable":false,"Startup Cost":519991.4,"Total Cost":519991.4,"Plan Rows":6000140,"Plan Width":12,"Actual Startup Time":2749.285,"Actual Total Time":2749.287,"Actual Rows":6000000,"Actual Loops":1,"Output":["customer.c_id","customer.c_w_id","customer.c_d_id","customer.c_nationkey"],"Hash Buckets":262144,"Original Hash Buckets":262144,"Hash Batches":64,"Original Hash Batches":64,"Peak Memory Usage":6073,"Shared Hit Blocks":459990,"Shared Read Blocks":0,"Shared Dirtied Blocks":0,"Shared Written Blocks":0,"Local Hit Blocks":0,"Local Read Blocks":0,"Local Dirtied Blocks":0,"Local Written Blocks":0,"Temp Read Blocks":0,"Temp Written Blocks":23037,"I/O Read Time":0.0,"I/O Write Time":0.0,"Temp I/O Read Time":0.0,"Temp I/O Write Time":118.089,"Plans":[{"Node Type":"Seq Scan","Parent Relationship":"Outer","Parallel Aware":false,"Async Capable":false,"Relation Name":"customer","Schema":"public","Alias":"customer","Startup Cost":0.0,"Total Cost":519991.4,"Plan Rows":6000140,"Plan Width":12,"Actual Startup Time":0.013,"Actual Total Time":1738.647,"Actual Rows":6000000,"Actual Loops":1,"Output":["customer.c_id","customer.c_w_id","customer.c_d_id","customer.c_nationkey"],"Shared Hit Blocks":459990,"Shared Read Blocks":0,"Shared Dirtied Blocks":0,"Shared Written Blocks":0,"Local Hit Blocks":0,"Local Read Blocks":0,"Local Dirtied Blocks":0,"Local Written Blocks":0,"Temp Read Blocks":0,"Temp Written Blocks":0,"I/O Read Time":0.0,"I/O Write Time":0.0,"Temp I/O Read Time":0.0,"Temp I/O Write Time":0.0}]}]},{"Node Type":"Hash","Parent Relationship":"Inner","Parallel Aware":false,"Async Capable":false,"Startup Cost":2.99,"Total Cost":2.99,"Plan Rows":12,"Plan Width":12,"Actual Startup Time":0.042,"Actual Total Time":0.047,"Actual Rows":22,"Actual Loops":1,"Output":["nation.n_name","nation.n_nationkey"],"Hash Buckets":1024,"Original Hash Buckets":1024,"Hash Batches":1,"Original Hash Batches":1,"Peak Memory Usage":9,"Shared Hit Blocks":2,"Shared Read Blocks":0,"Shared Dirtied Blocks":0,"Shared Written Blocks":0,"Local Hit Blocks":0,"Local Read Blocks":0,"Local Dirtied Blocks":0,"Local Written Blocks":0,"Temp Read Blocks":0,"Temp Written Blocks":0,"I/O Read Time":0.0,"I/O Write Time":0.0,"Temp I/O Read Time":0.0,"Temp I/O Write Time":0.0,"Plans":[{"Node Type":"Hash Join","Parent Relationship":"Outer","Parallel Aware":false,"Async Capable":false,"Join Type":"Inner","Startup Cost":1.07,"Total Cost":2.99,"Plan Rows":12,"Plan Width":12,"Actual Startup Time":0.025,"Actual Total Time":0.039,"Actual Rows":22,"Actual Loops":1,"Output":["nation.n_name","nation.n_nationkey"],"Inner Unique":true,"Hash Cond":"(nation.n_regionkey = region.r_regionkey)","Shared Hit Blocks":2,"Shared Read Blocks":0,"Shared Dirtied Blocks":0,"Shared Written Blocks":0,"Local Hit Blocks":0,"Local Read Blocks":0,"Local Dirtied Blocks":0,"Local Written Blocks":0,"Temp Read Blocks":0,"Temp Written Blocks":0,"I/O Read Time":0.0,"I/O Write Time":0.0,"Temp I/O Read Time":0.0,"Temp I/O Write Time":0.0,"Plans":[{"Node Type":"Seq Scan","Parent Relationship":"Outer","Parallel Aware":false,"Async Capable":false,"Relation Name":"nation","Schema":"public","Alias":"nation","Startup Cost":0.0,"Total Cost":1.62,"Plan Rows":62,"Plan Width":16,"Actual Startup Time":0.006,"Actual Total Time":0.01,"Actual Rows":62,"Actual Loops":1,"Output":["nation.n_nationkey","nation.n_name","nation.n_regionkey","nation.n_comment"],"Shared Hit Blocks":1,"Shared Read Blocks":0,"Shared Dirtied Blocks":0,"Shared Written Blocks":0,"Local Hit Blocks":0,"Local Read Blocks":0,"Local Dirtied Blocks":0,"Local Written Blocks":0,"Temp Read Blocks":0,"Temp Written Blocks":0,"I/O Read Time":0.0,"I/O Write Time":0.0,"Temp I/O Read Time":0.0,"Temp I/O Write Time":0.0},{"Node Type":"Hash","Parent Relationship":"Inner","Parallel Aware":false,"Async Capable":false,"Startup Cost":1.06,"Total Cost":1.06,"Plan Rows":1,"Plan Width":4,"Actual Startup Time":0.008,"Actual Total Time":0.009,"Actual Rows":1,"Actual Loops":1,"Output":["region.r_regionkey"],"Hash Buckets":1024,"Original Hash Buckets":1024,"Hash Batches":1,"Original Hash Batches":1,"Peak Memory Usage":9,"Shared Hit Blocks":1,"Shared Read Blocks":0,"Shared Dirtied Blocks":0,"Shared Written Blocks":0,"Local Hit Blocks":0,"Local Read Blocks":0,"Local Dirtied Blocks":0,"Local Written Blocks":0,"Temp Read Blocks":0,"Temp Written Blocks":0,"I/O Read Time":0.0,"I/O Write Time":0.0,"Temp I/O Read Time":0.0,"Temp I/O Write Time":0.0,"Plans":[{"Node Type":"Seq Scan","Parent Relationship":"Outer","Parallel Aware":false,"Async Capable":false,"Relation Name":"region","Schema":"public","Alias":"region","Startup Cost":0.0,"Total Cost":1.06,"Plan Rows":1,"Plan Width":4,"Actual Startup Time":0.006,"Actual Total Time":0.007,"Actual Rows":1,"Actual Loops":1,"Output":["region.r_regionkey"],"Filter":"((region.r_name)::text = 'Europe'::text)","Rows Removed by Filter":4,"Shared Hit Blocks":1,"Shared Read Blocks":0,"Shared Dirtied Blocks":0,"Shared Written Blocks":0,"Local Hit Blocks":0,"Local Read Blocks":0,"Local Dirtied Blocks":0,"Local Written Blocks":0,"Temp Read Blocks":0,"Temp Written Blocks":0,"I/O Read Time":0.0,"I/O Write Time":0.0,"Temp I/O Read Time":0.0,"Temp I/O Write Time":0.0}]}]}]}]}]},{"Node Type":"Index Only Scan","Parent Relationship":"Inner","Parallel Aware":false,"Async Capable":false,"Scan Direction":"Forward","Index Name":"stock_pk","Relation Name":"stock","Schema":"public","Alias":"stock","Startup Cost":0.44,"Total Cost":519363.62,"Plan Rows":20000212,"Plan Width":6,"Actual Startup Time":0.043,"Actual Total Time":1411.03,"Actual Rows":19999994,"Actual Loops":1,"Output":["stock.s_w_id","stock.s_i_id"],"Heap Fetches":0,"Shared Hit Blocks":54673,"Shared Read Blocks":0,"Shared Dirtied Blocks":0,"Shared Written Blocks":0,"Local Hit Blocks":0,"Local Read Blocks":0,"Local Dirtied Blocks":0,"Local Written Blocks":0,"Temp Read Blocks":0,"Temp Written Blocks":0,"I/O Read Time":0.0,"I/O Write Time":0.0,"Temp I/O Read Time":0.0,"Temp I/O Write Time":0.0}]},{"Node Type":"Hash","Parent Relationship":"Inner","Parallel Aware":false,"Async Capable":false,"Startup Cost":317.0,"Total Cost":317.0,"Plan Rows":10000,"Plan Width":8,"Actual Startup Time":2.557,"Actual Total Time":2.558,"Actual Rows":10000,"Actual Loops":1,"Output":["supplier.su_suppkey","supplier.su_nationkey"],"Hash Buckets":16384,"Original Hash Buckets":16384,"Hash Batches":1,"Original Hash Batches":1,"Peak Memory Usage":519,"Shared Hit Blocks":217,"Shared Read Blocks":0,"Shared Dirtied Blocks":0,"Shared Written Blocks":0,"Local Hit Blocks":0,"Local Read Blocks":0,"Local Dirtied Blocks":0,"Local Written Blocks":0,"Temp Read Blocks":0,"Temp Written Blocks":0,"I/O Read Time":0.0,"I/O Write Time":0.0,"Temp I/O Read Time":0.0,"Temp I/O Write Time":0.0,"Plans":[{"Node Type":"Seq Scan","Parent Relationship":"Outer","Parallel Aware":false,"Async Capable":false,"Relation Name":"supplier","Schema":"public","Alias":"supplier","Startup Cost":0.0,"Total Cost":317.0,"Plan Rows":10000,"Plan Width":8,"Actual Startup Time":0.011,"Actual Total Time":1.267,"Actual Rows":10000,"Actual Loops":1,"Output":["supplier.su_suppkey","supplier.su_nationkey"],"Shared Hit Blocks":217,"Shared Read Blocks":0,"Shared Dirtied Blocks":0,"Shared Written Blocks":0,"Local Hit Blocks":0,"Local Read Blocks":0,"Local Dirtied Blocks":0,"Local Written Blocks":0,"Temp Read Blocks":0,"Temp Written Blocks":0,"I/O Read Time":0.0,"I/O Write Time":0.0,"Temp I/O Read Time":0.0,"Temp I/O Write Time":0.0}]}]}]}]}]},"Planning":{"Shared Hit Blocks":220,"Shared Read Blocks":0,"Shared Dirtied Blocks":0,"Shared Written Blocks":0,"Local Hit Blocks":0,"Local Read Blocks":0,"Local Dirtied Blocks":0,"Local Written Blocks":0,"Temp Read Blocks":0,"Temp Written Blocks":0,"I/O Read Time":0.0,"I/O Write Time":0.0,"Temp I/O Read Time":0.0,"Temp I/O Write Time":0.0},"Planning Time":4.841,"Triggers":[],"Execution Time":21410.728}]
[列存组合]: nation, orders
[{"Plan":{"Node Type":"Sort","Parallel Aware":false,"Async Capable":false,"Startup Cost":4083746.0,"Total Cost":4083746.16,"Plan Rows":62,"Plan Width":40,"Actual Startup Time":34669.134,"Actual Total Time":34669.162,"Actual Rows":11,"Actual Loops":1,"Output":["nation.n_name","(sum(order_line.ol_amount))"],"Sort Key":["(sum(order_line.ol_amount)) DESC"],"Sort Method":"quicksort","Sort Space Used":25,"Sort Space Type":"Memory","Shared Hit Blocks":1196630,"Shared Read Blocks":0,"Shared Dirtied Blocks":0,"Shared Written Blocks":0,"Local Hit Blocks":0,"Local Read Blocks":0,"Local Dirtied Blocks":0,"Local Written Blocks":0,"Temp Read Blocks":288611,"Temp Written Blocks":288665,"I/O Read Time":0.0,"I/O Write Time":0.0,"Temp I/O Read Time":445.598,"Temp I/O Write Time":1183.928,"Plans":[{"Node Type":"Aggregate","Strategy":"Sorted","Partial Mode":"Simple","Parent Relationship":"Outer","Parallel Aware":false,"Async Capable":false,"Startup Cost":4083592.36,"Total Cost":4083744.16,"Plan Rows":62,"Plan Width":40,"Actual Startup Time":34663.124,"Actual Total Time":34669.144,"Actual Rows":11,"Actual Loops":1,"Output":["nation.n_name","sum(order_line.ol_amount)"],"Group Key":["nation.n_name"],"Shared Hit Blocks":1196630,"Shared Read Blocks":0,"Shared Dirtied Blocks":0,"Shared Written Blocks":0,"Local Hit Blocks":0,"Local Read Blocks":0,"Local Dirtied Blocks":0,"Local Written Blocks":0,"Temp Read Blocks":288611,"Temp Written Blocks":288665,"I/O Read Time":0.0,"I/O Write Time":0.0,"Temp I/O Read Time":445.598,"Temp I/O Write Time":1183.928,"Plans":[{"Node Type":"Sort","Parent Relationship":"Outer","Parallel Aware":false,"Async Capable":false,"Startup Cost":4083592.36,"Total Cost":4083642.7,"Plan Rows":20136,"Plan Width":12,"Actual Startup Time":34662.681,"Actual Total Time":34664.54,"Actual Rows":35044,"Actual Loops":1,"Output":["nation.n_name","order_line.ol_amount"],"Sort Key":["nation.n_name"],"Sort Method":"quicksort","Sort Space Used":3146,"Sort Space Type":"Memory","Shared Hit Blocks":1196630,"Shared Read Blocks":0,"Shared Dirtied Blocks":0,"Shared Written Blocks":0,"Local Hit Blocks":0,"Local Read Blocks":0,"Local Dirtied Blocks":0,"Local Written Blocks":0,"Temp Read Blocks":288611,"Temp Written Blocks":288665,"I/O Read Time":0.0,"I/O Write Time":0.0,"Temp I/O Read Time":445.598,"Temp I/O Write Time":1183.928,"Plans":[{"Node Type":"Hash Join","Parent Relationship":"Outer","Parallel Aware":false,"Async Capable":false,"Join Type":"Inner","Startup Cost":3434284.91,"Total Cost":4082152.89,"Plan Rows":20136,"Plan Width":12,"Actual Startup Time":30685.592,"Actual Total Time":34643.471,"Actual Rows":35044,"Actual Loops":1,"Output":["nation.n_name","order_line.ol_amount"],"Inner Unique":true,"Hash Cond":"((mod((stock.s_w_id * stock.s_i_id), 10000) = supplier.su_suppkey) AND (customer.c_nationkey = supplier.su_nationkey))","Shared Hit Blocks":1196630,"Shared Read Blocks":0,"Shared Dirtied Blocks":0,"Shared Written Blocks":0,"Local Hit Blocks":0,"Local Read Blocks":0,"Local Dirtied Blocks":0,"Local Written Blocks":0,"Temp Read Blocks":288611,"Temp Written Blocks":288665,"I/O Read Time":0.0,"I/O Write Time":0.0,"Temp I/O Read Time":445.598,"Temp I/O Write Time":1183.928,"Plans":[{"Node Type":"Merge Join","Parent Relationship":"Outer","Parallel Aware":false,"Async Capable":false,"Join Type":"Inner","Startup Cost":3433817.91,"Total Cost":4074850.92,"Plan Rows":1242717,"Plan Width":26,"Actual Startup Time":30682.536,"Actual Total Time":34357.035,"Actual Rows":2218175,"Actual Loops":1,"Output":["customer.c_nationkey","order_line.ol_amount","stock.s_w_id","stock.s_i_id","nation.n_name","nation.n_nationkey"],"Inner Unique":true,"Merge Cond":"((customer.c_w_id = stock.s_w_id) AND (order_line.ol_i_id = stock.s_i_id))","Shared Hit Blocks":1196413,"Shared Read Blocks":0,"Shared Dirtied Blocks":0,"Shared Written Blocks":0,"Local Hit Blocks":0,"Local Read Blocks":0,"Local Dirtied Blocks":0,"Local Written Blocks":0,"Temp Read Blocks":288611,"Temp Written Blocks":288665,"I/O Read Time":0.0,"I/O Write Time":0.0,"Temp I/O Read Time":445.598,"Temp I/O Write Time":1183.928,"Plans":[{"Node Type":"Sort","Parent Relationship":"Outer","Parallel Aware":false,"Async Capable":false,"Startup Cost":3433817.48,"Total Cost":3436898.01,"Plan Rows":1232214,"Plan Width":30,"Actual Startup Time":30682.477,"Actual Total Time":31284.189,"Actual Rows":2218175,"Actual Loops":1,"Output":["customer.c_w_id","customer.c_nationkey","orders.o_w_id","order_line.ol_amount","order_line.ol_w_id","order_line.ol_i_id","nation.n_name","nation.n_nationkey"],"Sort Key":["customer.c_w_id","order_line.ol_i_id"],"Sort Method":"external merge","Sort Space Used":94520,"Sort Space Type":"Disk","Shared Hit Blocks":1141740,"Shared Read Blocks":0,"Shared Dirtied Blocks":0,"Shared Written Blocks":0,"Local Hit Blocks":0,"Local Read Blocks":0,"Local Dirtied Blocks":0,"Local Written Blocks":0,"Temp Read Blocks":288611,"Temp Written Blocks":288665,"I/O Read Time":0.0,"I/O Write Time":0.0,"Temp I/O Read Time":445.598,"Temp I/O Write Time":1183.928,"Plans":[{"Node Type":"Hash Join","Parent Relationship":"Outer","Parallel Aware":false,"Async Capable":false,"Join Type":"Inner","Startup Cost":805468.83,"Total Cost":3250193.65,"Plan Rows":1232214,"Plan Width":30,"Actual Startup Time":3179.39,"Actual Total Time":28048.858,"Actual Rows":2218175,"Actual Loops":1,"Output":["customer.c_w_id","customer.c_nationkey","orders.o_w_id","order_line.ol_amount","order_line.ol_w_id","order_line.ol_i_id","nation.n_name","nation.n_nationkey"],"Inner Unique":false,"Hash Cond":"(customer.c_nationkey = nation.n_nationkey)","Shared Hit Blocks":1141740,"Shared Read Blocks":0,"Shared Dirtied Blocks":0,"Shared Written Blocks":0,"Local Hit Blocks":0,"Local Read Blocks":0,"Local Dirtied Blocks":0,"Local Written Blocks":0,"Temp Read Blocks":264991,"Temp Written Blocks":264991,"I/O Read Time":0.0,"I/O Write Time":0.0,"Temp I/O Read Time":409.243,"Temp I/O Write Time":1120.09,"Plans":[{"Node Type":"Hash Join","Parent Relationship":"Outer","Parallel Aware":false,"Async Capable":false,"Join Type":"Inner","Startup Cost":805465.69,"Total Cost":3215161.84,"Plan Rows":6161071,"Plan Width":18,"Actual Startup Time":3171.479,"Actual Total Time":27203.871,"Actual Rows":8568663,"Actual Loops":1,"Output":["customer.c_w_id","customer.c_nationkey","orders.o_w_id","order_line.ol_amount","order_line.ol_w_id","order_line.ol_i_id"],"Inner Unique":true,"Hash Cond":"((orders.o_c_id = customer.c_id) AND (orders.o_w_id = customer.c_w_id) AND (orders.o_d_id = customer.c_d_id))","Shared Hit Blocks":1141738,"Shared Read Blocks":0,"Shared Dirtied Blocks":0,"Shared Written Blocks":0,"Local Hit Blocks":0,"Local Read Blocks":0,"Local Dirtied Blocks":0,"Local Written Blocks":0,"Temp Read Blocks":264991,"Temp Written Blocks":264991,"I/O Read Time":0.0,"I/O Write Time":0.0,"Temp I/O Read Time":409.243,"Temp I/O Write Time":1120.09,"Plans":[{"Node Type":"Hash Join","Parent Relationship":"Outer","Parallel Aware":false,"Async Capable":false,"Join Type":"Inner","Startup Cost":151173.84,"Total Cost":2410851.54,"Plan Rows":6161071,"Plan Width":20,"Actual Startup Time":389.787,"Actual Total Time":20094.669,"Actual Rows":8568663,"Actual Loops":1,"Output":["orders.o_c_id","orders.o_w_id","orders.o_d_id","order_line.ol_amount","order_line.ol_w_id","order_line.ol_d_id","order_line.ol_i_id"],"Inner Unique":true,"Hash Cond":"((order_line.ol_w_id = orders.o_w_id) AND (order_line.ol_d_id = orders.o_d_id) AND (order_line.ol_o_id = orders.o_id))","Shared Hit Blocks":681748,"Shared Read Blocks":0,"Shared Dirtied Blocks":0,"Shared Written Blocks":0,"Local Hit Blocks":0,"Local Read Blocks":0,"Local Dirtied Blocks":0,"Local Written Blocks":0,"Temp Read Blocks":200672,"Temp Written Blocks":200672,"I/O Read Time":0.0,"I/O Write Time":0.0,"Temp I/O Read Time":307.565,"Temp I/O Write Time":805.583,"Plans":[{"Node Type":"Seq Scan","Parent Relationship":"Outer","Parallel Aware":false,"Async Capable":false,"Relation Name":"order_line","Schema":"public","Alias":"order_line","Startup Cost":0.0,"Total Cost":1431670.8,"Plan Rows":42039468,"Plan Width":20,"Actual Startup Time":0.006,"Actual Total Time":7353.093,"Actual Rows":42000489,"Actual Loops":1,"Output":["order_line.ol_amount","order_line.ol_o_id","order_line.ol_w_id","order_line.ol_d_id","order_line.ol_i_id"],"Filter":"(order_line.ol_delivery_d >= '1992-01-02 20:10:02.27764'::timestamp without time zone)","Rows Removed by Filter":17993272,"Shared Hit Blocks":681748,"Shared Read Blocks":0,"Shared Dirtied Blocks":0,"Shared Written Blocks":0,"Local Hit Blocks":0,"Local Read Blocks":0,"Local Dirtied Blocks":0,"Local Written Blocks":0,"Temp Read Blocks":0,"Temp Written Blocks":0,"I/O Read Time":0.0,"I/O Write Time":0.0,"Temp I/O Read Time":0.0,"Temp I/O Write Time":0.0},{"Node Type":"Hash","Parent Relationship":"Inner","Parallel Aware":false,"Async Capable":false,"Startup Cost":131491.69,"Total Cost":131491.69,"Plan Rows":879323,"Plan Width":16,"Actual Startup Time":355.29,"Actual Total Time":355.3,"Actual Rows":856801,"Actual Loops":1,"Output":["orders.o_c_id","orders.o_w_id","orders.o_d_id","orders.o_id"],"Hash Buckets":262144,"Original Hash Buckets":262144,"Hash Batches":8,"Original Hash Batches":8,"Peak Memory Usage":7070,"Shared Hit Blocks":0,"Shared Read Blocks":0,"Shared Dirtied Blocks":0,"Shared Written Blocks":0,"Local Hit Blocks":0,"Local Read Blocks":0,"Local Dirtied Blocks":0,"Local Written Blocks":0,"Temp Read Blocks":0,"Temp Written Blocks":3290,"I/O Read Time":0.0,"I/O Write Time":0.0,"Temp I/O Read Time":0.0,"Temp I/O Write Time":14.259,"Plans":[{"Node Type":"Append","Parent Relationship":"Outer","Parallel Aware":false,"Async Capable":false,"Startup Cost":20.0,"Total Cost":131491.69,"Plan Rows":879323,"Plan Width":16,"Actual Startup Time":0.56,"Actual Total Time":203.142,"Actual Rows":856801,"Actual Loops":1,"Shared Hit Blocks":0,"Shared Read Blocks":0,"Shared Dirtied Blocks":0,"Shared Written Blocks":0,"Local Hit Blocks":0,"Local Read Blocks":0,"Local Dirtied Blocks":0,"Local Written Blocks":0,"Temp Read Blocks":0,"Temp Written Blocks":0,"I/O Read Time":0.0,"I/O Write Time":0.0,"Temp I/O Read Time":0.0,"Temp I/O Write Time":0.0,"Subplans Removed":0,"Plans":[{"Node Type":"Custom Scan","Parent Relationship":"Member","Custom Plan Provider":"columnar scan","Parallel Aware":false,"Async Capable":false,"Relation Name":"orders","Schema":"public","Alias":"orders","Startup Cost":20.0,"Total Cost":20684.21,"Plan Rows":879322,"Plan Width":16,"Actual Startup Time":0.558,"Actual Total Time":140.919,"Actual Rows":856801,"Actual Loops":1,"Output":["orders.o_c_id","orders.o_w_id","orders.o_d_id","orders.o_id"],"Filter":"((orders.o_entry_d < '1994-01-02 20:10:02.27764'::timestamp without time zone) AND (orders.o_entry_d >= '1993-01-02 20:10:02.27764'::timestamp without time zone))","Rows Removed by Filter":0,"Rows Removed by Columnar Filter":5143199,"Columnar cache search mode":"native","Shared Hit Blocks":0,"Shared Read Blocks":0,"Shared Dirtied Blocks":0,"Shared Written Blocks":0,"Local Hit Blocks":0,"Local Read Blocks":0,"Local Dirtied Blocks":0,"Local Written Blocks":0,"Temp Read Blocks":0,"Temp Written Blocks":0,"I/O Read Time":0.0,"I/O Write Time":0.0,"Temp I/O Read Time":0.0,"Temp I/O Write Time":0.0},{"Node Type":"Seq Scan","Parent Relationship":"Member","Parallel Aware":false,"Async Capable":false,"Relation Name":"orders","Schema":"public","Alias":"orders","Startup Cost":0.0,"Total Cost":4.01,"Plan Rows":1,"Plan Width":16,"Actual Startup Time":0.0,"Actual Total Time":0.0,"Actual Rows":0,"Actual Loops":0,"Output":["orders.o_c_id","orders.o_w_id","orders.o_d_id","orders.o_id"],"Filter":"((orders.o_entry_d < '1994-01-02 20:10:02.27764'::timestamp without time zone) AND (orders.o_entry_d >= '1993-01-02 20:10:02.27764'::timestamp without time zone))","Rows Removed by Filter":0,"Shared Hit Blocks":0,"Shared Read Blocks":0,"Shared Dirtied Blocks":0,"Shared Written Blocks":0,"Local Hit Blocks":0,"Local Read Blocks":0,"Local Dirtied Blocks":0,"Local Written Blocks":0,"Temp Read Blocks":0,"Temp Written Blocks":0,"I/O Read Time":0.0,"I/O Write Time":0.0,"Temp I/O Read Time":0.0,"Temp I/O Write Time":0.0}]}]}]},{"Node Type":"Hash","Parent Relationship":"Inner","Parallel Aware":false,"Async Capable":false,"Startup Cost":519991.4,"Total Cost":519991.4,"Plan Rows":6000140,"Plan Width":12,"Actual Startup Time":2774.642,"Actual Total Time":2774.644,"Actual Rows":6000000,"Actual Loops":1,"Output":["customer.c_id","customer.c_w_id","customer.c_d_id","customer.c_nationkey"],"Hash Buckets":262144,"Original Hash Buckets":262144,"Hash Batches":64,"Original Hash Batches":64,"Peak Memory Usage":6073,"Shared Hit Blocks":459990,"Shared Read Blocks":0,"Shared Dirtied Blocks":0,"Shared Written Blocks":0,"Local Hit Blocks":0,"Local Read Blocks":0,"Local Dirtied Blocks":0,"Local Written Blocks":0,"Temp Read Blocks":0,"Temp Written Blocks":23037,"I/O Read Time":0.0,"I/O Write Time":0.0,"Temp I/O Read Time":0.0,"Temp I/O Write Time":114.545,"Plans":[{"Node Type":"Seq Scan","Parent Relationship":"Outer","Parallel Aware":false,"Async Capable":false,"Relation Name":"customer","Schema":"public","Alias":"customer","Startup Cost":0.0,"Total Cost":519991.4,"Plan Rows":6000140,"Plan Width":12,"Actual Startup Time":0.009,"Actual Total Time":1762.034,"Actual Rows":6000000,"Actual Loops":1,"Output":["customer.c_id","customer.c_w_id","customer.c_d_id","customer.c_nationkey"],"Shared Hit Blocks":459990,"Shared Read Blocks":0,"Shared Dirtied Blocks":0,"Shared Written Blocks":0,"Local Hit Blocks":0,"Local Read Blocks":0,"Local Dirtied Blocks":0,"Local Written Blocks":0,"Temp Read Blocks":0,"Temp Written Blocks":0,"I/O Read Time":0.0,"I/O Write Time":0.0,"Temp I/O Read Time":0.0,"Temp I/O Write Time":0.0}]}]},{"Node Type":"Hash","Parent Relationship":"Inner","Parallel Aware":false,"Async Capable":false,"Startup Cost":2.99,"Total Cost":2.99,"Plan Rows":12,"Plan Width":12,"Actual Startup Time":0.042,"Actual Total Time":0.046,"Actual Rows":22,"Actual Loops":1,"Output":["nation.n_name","nation.n_nationkey"],"Hash Buckets":1024,"Original Hash Buckets":1024,"Hash Batches":1,"Original Hash Batches":1,"Peak Memory Usage":9,"Shared Hit Blocks":2,"Shared Read Blocks":0,"Shared Dirtied Blocks":0,"Shared Written Blocks":0,"Local Hit Blocks":0,"Local Read Blocks":0,"Local Dirtied Blocks":0,"Local Written Blocks":0,"Temp Read Blocks":0,"Temp Written Blocks":0,"I/O Read Time":0.0,"I/O Write Time":0.0,"Temp I/O Read Time":0.0,"Temp I/O Write Time":0.0,"Plans":[{"Node Type":"Hash Join","Parent Relationship":"Outer","Parallel Aware":false,"Async Capable":false,"Join Type":"Inner","Startup Cost":1.07,"Total Cost":2.99,"Plan Rows":12,"Plan Width":12,"Actual Startup Time":0.024,"Actual Total Time":0.039,"Actual Rows":22,"Actual Loops":1,"Output":["nation.n_name","nation.n_nationkey"],"Inner Unique":true,"Hash Cond":"(nation.n_regionkey = region.r_regionkey)","Shared Hit Blocks":2,"Shared Read Blocks":0,"Shared Dirtied Blocks":0,"Shared Written Blocks":0,"Local Hit Blocks":0,"Local Read Blocks":0,"Local Dirtied Blocks":0,"Local Written Blocks":0,"Temp Read Blocks":0,"Temp Written Blocks":0,"I/O Read Time":0.0,"I/O Write Time":0.0,"Temp I/O Read Time":0.0,"Temp I/O Write Time":0.0,"Plans":[{"Node Type":"Seq Scan","Parent Relationship":"Outer","Parallel Aware":false,"Async Capable":false,"Relation Name":"nation","Schema":"public","Alias":"nation","Startup Cost":0.0,"Total Cost":1.62,"Plan Rows":62,"Plan Width":16,"Actual Startup Time":0.004,"Actual Total Time":0.008,"Actual Rows":62,"Actual Loops":1,"Output":["nation.n_nationkey","nation.n_name","nation.n_regionkey","nation.n_comment"],"Shared Hit Blocks":1,"Shared Read Blocks":0,"Shared Dirtied Blocks":0,"Shared Written Blocks":0,"Local Hit Blocks":0,"Local Read Blocks":0,"Local Dirtied Blocks":0,"Local Written Blocks":0,"Temp Read Blocks":0,"Temp Written Blocks":0,"I/O Read Time":0.0,"I/O Write Time":0.0,"Temp I/O Read Time":0.0,"Temp I/O Write Time":0.0},{"Node Type":"Hash","Parent Relationship":"Inner","Parallel Aware":false,"Async Capable":false,"Startup Cost":1.06,"Total Cost":1.06,"Plan Rows":1,"Plan Width":4,"Actual Startup Time":0.009,"Actual Total Time":0.009,"Actual Rows":1,"Actual Loops":1,"Output":["region.r_regionkey"],"Hash Buckets":1024,"Original Hash Buckets":1024,"Hash Batches":1,"Original Hash Batches":1,"Peak Memory Usage":9,"Shared Hit Blocks":1,"Shared Read Blocks":0,"Shared Dirtied Blocks":0,"Shared Written Blocks":0,"Local Hit Blocks":0,"Local Read Blocks":0,"Local Dirtied Blocks":0,"Local Written Blocks":0,"Temp Read Blocks":0,"Temp Written Blocks":0,"I/O Read Time":0.0,"I/O Write Time":0.0,"Temp I/O Read Time":0.0,"Temp I/O Write Time":0.0,"Plans":[{"Node Type":"Seq Scan","Parent Relationship":"Outer","Parallel Aware":false,"Async Capable":false,"Relation Name":"region","Schema":"public","Alias":"region","Startup Cost":0.0,"Total Cost":1.06,"Plan Rows":1,"Plan Width":4,"Actual Startup Time":0.007,"Actual Total Time":0.007,"Actual Rows":1,"Actual Loops":1,"Output":["region.r_regionkey"],"Filter":"((region.r_name)::text = 'Europe'::text)","Rows Removed by Filter":4,"Shared Hit Blocks":1,"Shared Read Blocks":0,"Shared Dirtied Blocks":0,"Shared Written Blocks":0,"Local Hit Blocks":0,"Local Read Blocks":0,"Local Dirtied Blocks":0,"Local Written Blocks":0,"Temp Read Blocks":0,"Temp Written Blocks":0,"I/O Read Time":0.0,"I/O Write Time":0.0,"Temp I/O Read Time":0.0,"Temp I/O Write Time":0.0}]}]}]}]}]},{"Node Type":"Index Only Scan","Parent Relationship":"Inner","Parallel Aware":false,"Async Capable":false,"Scan Direction":"Forward","Index Name":"stock_pk","Relation Name":"stock","Schema":"public","Alias":"stock","Startup Cost":0.44,"Total Cost":519363.62,"Plan Rows":20000212,"Plan Width":6,"Actual Startup Time":0.044,"Actual Total Time":1412.68,"Actual Rows":19999994,"Actual Loops":1,"Output":["stock.s_w_id","stock.s_i_id"],"Heap Fetches":0,"Shared Hit Blocks":54673,"Shared Read Blocks":0,"Shared Dirtied Blocks":0,"Shared Written Blocks":0,"Local Hit Blocks":0,"Local Read Blocks":0,"Local Dirtied Blocks":0,"Local Written Blocks":0,"Temp Read Blocks":0,"Temp Written Blocks":0,"I/O Read Time":0.0,"I/O Write Time":0.0,"Temp I/O Read Time":0.0,"Temp I/O Write Time":0.0}]},{"Node Type":"Hash","Parent Relationship":"Inner","Parallel Aware":false,"Async Capable":false,"Startup Cost":317.0,"Total Cost":317.0,"Plan Rows":10000,"Plan Width":8,"Actual Startup Time":2.616,"Actual Total Time":2.617,"Actual Rows":10000,"Actual Loops":1,"Output":["supplier.su_suppkey","supplier.su_nationkey"],"Hash Buckets":16384,"Original Hash Buckets":16384,"Hash Batches":1,"Original Hash Batches":1,"Peak Memory Usage":519,"Shared Hit Blocks":217,"Shared Read Blocks":0,"Shared Dirtied Blocks":0,"Shared Written Blocks":0,"Local Hit Blocks":0,"Local Read Blocks":0,"Local Dirtied Blocks":0,"Local Written Blocks":0,"Temp Read Blocks":0,"Temp Written Blocks":0,"I/O Read Time":0.0,"I/O Write Time":0.0,"Temp I/O Read Time":0.0,"Temp I/O Write Time":0.0,"Plans":[{"Node Type":"Seq Scan","Parent Relationship":"Outer","Parallel Aware":false,"Async Capable":false,"Relation Name":"supplier","Schema":"public","Alias":"supplier","Startup Cost":0.0,"Total Cost":317.0,"Plan Rows":10000,"Plan Width":8,"Actual Startup Time":0.012,"Actual Total Time":1.303,"Actual Rows":10000,"Actual Loops":1,"Output":["supplier.su_suppkey","supplier.su_nationkey"],"Shared Hit Blocks":217,"Shared Read Blocks":0,"Shared Dirtied Blocks":0,"Shared Written Blocks":0,"Local Hit Blocks":0,"Local Read Blocks":0,"Local Dirtied Blocks":0,"Local Written Blocks":0,"Temp Read Blocks":0,"Temp Written Blocks":0,"I/O Read Time":0.0,"I/O Write Time":0.0,"Temp I/O Read Time":0.0,"Temp I/O Write Time":0.0}]}]}]}]}]},"Planning":{"Shared Hit Blocks":220,"Shared Read Blocks":0,"Shared Dirtied Blocks":0,"Shared Written Blocks":0,"Local Hit Blocks":0,"Local Read Blocks":0,"Local Dirtied Blocks":0,"Local Written Blocks":0,"Temp Read Blocks":0,"Temp Written Blocks":0,"I/O Read Time":0.0,"I/O Write Time":0.0,"Temp I/O Read Time":0.0,"Temp I/O Write Time":0.0},"Planning Time":4.411,"Triggers":[],"Execution Time":34684.14}]
[列存组合]: nation, region
[{"Plan":{"Node Type":"Sort","Parallel Aware":false,"Async Capable":false,"Startup Cost":4086375.82,"Total Cost":4086375.98,"Plan Rows":62,"Plan Width":40,"Actual Startup Time":34734.207,"Actual Total Time":34734.231,"Actual Rows":11,"Actual Loops":1,"Output":["nation.n_name","(sum(order_line.ol_amount))"],"Sort Key":["(sum(order_line.ol_amount)) DESC"],"Sort Method":"quicksort","Sort Space Used":25,"Sort Space Type":"Memory","Shared Hit Blocks":1240752,"Shared Read Blocks":0,"Shared Dirtied Blocks":0,"Shared Written Blocks":0,"Local Hit Blocks":0,"Local Read Blocks":0,"Local Dirtied Blocks":0,"Local Written Blocks":0,"Temp Read Blocks":288611,"Temp Written Blocks":288665,"I/O Read Time":0.0,"I/O Write Time":0.0,"Temp I/O Read Time":445.442,"Temp I/O Write Time":1182.807,"Plans":[{"Node Type":"Aggregate","Strategy":"Sorted","Partial Mode":"Simple","Parent Relationship":"Outer","Parallel Aware":false,"Async Capable":false,"Startup Cost":4086222.18,"Total Cost":4086373.97,"Plan Rows":62,"Plan Width":40,"Actual Startup Time":34728.263,"Actual Total Time":34734.215,"Actual Rows":11,"Actual Loops":1,"Output":["nation.n_name","sum(order_line.ol_amount)"],"Group Key":["nation.n_name"],"Shared Hit Blocks":1240752,"Shared Read Blocks":0,"Shared Dirtied Blocks":0,"Shared Written Blocks":0,"Local Hit Blocks":0,"Local Read Blocks":0,"Local Dirtied Blocks":0,"Local Written Blocks":0,"Temp Read Blocks":288611,"Temp Written Blocks":288665,"I/O Read Time":0.0,"I/O Write Time":0.0,"Temp I/O Read Time":445.442,"Temp I/O Write Time":1182.807,"Plans":[{"Node Type":"Sort","Parent Relationship":"Outer","Parallel Aware":false,"Async Capable":false,"Startup Cost":4086222.18,"Total Cost":4086272.52,"Plan Rows":20136,"Plan Width":12,"Actual Startup Time":34727.821,"Actual Total Time":34729.67,"Actual Rows":35044,"Actual Loops":1,"Output":["nation.n_name","order_line.ol_amount"],"Sort Key":["nation.n_name"],"Sort Method":"quicksort","Sort Space Used":3146,"Sort Space Type":"Memory","Shared Hit Blocks":1240752,"Shared Read Blocks":0,"Shared Dirtied Blocks":0,"Shared Written Blocks":0,"Local Hit Blocks":0,"Local Read Blocks":0,"Local Dirtied Blocks":0,"Local Written Blocks":0,"Temp Read Blocks":288611,"Temp Written Blocks":288665,"I/O Read Time":0.0,"I/O Write Time":0.0,"Temp I/O Read Time":445.442,"Temp I/O Write Time":1182.807,"Plans":[{"Node Type":"Hash Join","Parent Relationship":"Outer","Parallel Aware":false,"Async Capable":false,"Join Type":"Inner","Startup Cost":3436914.73,"Total Cost":4084782.71,"Plan Rows":20136,"Plan Width":12,"Actual Startup Time":30782.951,"Actual Total Time":34708.711,"Actual Rows":35044,"Actual Loops":1,"Output":["nation.n_name","order_line.ol_amount"],"Inner Unique":true,"Hash Cond":"((mod((stock.s_w_id * stock.s_i_id), 10000) = supplier.su_suppkey) AND (customer.c_nationkey = supplier.su_nationkey))","Shared Hit Blocks":1240752,"Shared Read Blocks":0,"Shared Dirtied Blocks":0,"Shared Written Blocks":0,"Local Hit Blocks":0,"Local Read Blocks":0,"Local Dirtied Blocks":0,"Local Written Blocks":0,"Temp Read Blocks":288611,"Temp Written Blocks":288665,"I/O Read Time":0.0,"I/O Write Time":0.0,"Temp I/O Read Time":445.442,"Temp I/O Write Time":1182.807,"Plans":[{"Node Type":"Merge Join","Parent Relationship":"Outer","Parallel Aware":false,"Async Capable":false,"Join Type":"Inner","Startup Cost":3436447.73,"Total Cost":4077480.74,"Plan Rows":1242717,"Plan Width":26,"Actual Startup Time":30779.993,"Actual Total Time":34422.954,"Actual Rows":2218175,"Actual Loops":1,"Output":["customer.c_nationkey","order_line.ol_amount","stock.s_w_id","stock.s_i_id","nation.n_name","nation.n_nationkey"],"Inner Unique":true,"Merge Cond":"((customer.c_w_id = stock.s_w_id) AND (order_line.ol_i_id = stock.s_i_id))","Shared Hit Blocks":1240535,"Shared Read Blocks":0,"Shared Dirtied Blocks":0,"Shared Written Blocks":0,"Local Hit Blocks":0,"Local Read Blocks":0,"Local Dirtied Blocks":0,"Local Written Blocks":0,"Temp Read Blocks":288611,"Temp Written Blocks":288665,"I/O Read Time":0.0,"I/O Write Time":0.0,"Temp I/O Read Time":445.442,"Temp I/O Write Time":1182.807,"Plans":[{"Node Type":"Sort","Parent Relationship":"Outer","Parallel Aware":false,"Async Capable":false,"Startup Cost":3436447.29,"Total Cost":3439527.83,"Plan Rows":1232214,"Plan Width":30,"Actual Startup Time":30779.933,"Actual Total Time":31378.112,"Actual Rows":2218175,"Actual Loops":1,"Output":["customer.c_w_id","customer.c_nationkey","orders.o_w_id","order_line.ol_amount","order_line.ol_w_id","order_line.ol_i_id","nation.n_name","nation.n_nationkey"],"Sort Key":["customer.c_w_id","order_line.ol_i_id"],"Sort Method":"external merge","Sort Space Used":94520,"Sort Space Type":"Disk","Shared Hit Blocks":1185862,"Shared Read Blocks":0,"Shared Dirtied Blocks":0,"Shared Written Blocks":0,"Local Hit Blocks":0,"Local Read Blocks":0,"Local Dirtied Blocks":0,"Local Written Blocks":0,"Temp Read Blocks":288611,"Temp Written Blocks":288665,"I/O Read Time":0.0,"I/O Write Time":0.0,"Temp I/O Read Time":445.442,"Temp I/O Write Time":1182.807,"Plans":[{"Node Type":"Hash Join","Parent Relationship":"Outer","Parallel Aware":false,"Async Capable":false,"Join Type":"Inner","Startup Cost":808098.65,"Total Cost":3252823.46,"Plan Rows":1232214,"Plan Width":30,"Actual Startup Time":3387.114,"Actual Total Time":28151.227,"Actual Rows":2218175,"Actual Loops":1,"Output":["customer.c_w_id","customer.c_nationkey","orders.o_w_id","order_line.ol_amount","order_line.ol_w_id","order_line.ol_i_id","nation.n_name","nation.n_nationkey"],"Inner Unique":false,"Hash Cond":"(customer.c_nationkey = nation.n_nationkey)","Shared Hit Blocks":1185862,"Shared Read Blocks":0,"Shared Dirtied Blocks":0,"Shared Written Blocks":0,"Local Hit Blocks":0,"Local Read Blocks":0,"Local Dirtied Blocks":0,"Local Written Blocks":0,"Temp Read Blocks":264991,"Temp Written Blocks":264991,"I/O Read Time":0.0,"I/O Write Time":0.0,"Temp I/O Read Time":409.22,"Temp I/O Write Time":1119.803,"Plans":[{"Node Type":"Hash Join","Parent Relationship":"Outer","Parallel Aware":false,"Async Capable":false,"Join Type":"Inner","Startup Cost":808095.51,"Total Cost":3217791.66,"Plan Rows":6161071,"Plan Width":18,"Actual Startup Time":3379.375,"Actual Total Time":27315.123,"Actual Rows":8568663,"Actual Loops":1,"Output":["customer.c_w_id","customer.c_nationkey","orders.o_w_id","order_line.ol_amount","order_line.ol_w_id","order_line.ol_i_id"],"Inner Unique":true,"Hash Cond":"((orders.o_c_id = customer.c_id) AND (orders.o_w_id = customer.c_w_id) AND (orders.o_d_id = customer.c_d_id))","Shared Hit Blocks":1185860,"Shared Read Blocks":0,"Shared Dirtied Blocks":0,"Shared Written Blocks":0,"Local Hit Blocks":0,"Local Read Blocks":0,"Local Dirtied Blocks":0,"Local Written Blocks":0,"Temp Read Blocks":264991,"Temp Written Blocks":264991,"I/O Read Time":0.0,"I/O Write Time":0.0,"Temp I/O Read Time":409.22,"Temp I/O Write Time":1119.803,"Plans":[{"Node Type":"Hash Join","Parent Relationship":"Outer","Parallel Aware":false,"Async Capable":false,"Join Type":"Inner","Startup Cost":153803.65,"Total Cost":2413481.36,"Plan Rows":6161071,"Plan Width":20,"Actual Startup Time":619.809,"Actual Total Time":20228.574,"Actual Rows":8568663,"Actual Loops":1,"Output":["orders.o_c_id","orders.o_w_id","orders.o_d_id","order_line.ol_amount","order_line.ol_w_id","order_line.ol_d_id","order_line.ol_i_id"],"Inner Unique":true,"Hash Cond":"((order_line.ol_w_id = orders.o_w_id) AND (order_line.ol_d_id = orders.o_d_id) AND (order_line.ol_o_id = orders.o_id))","Shared Hit Blocks":725870,"Shared Read Blocks":0,"Shared Dirtied Blocks":0,"Shared Written Blocks":0,"Local Hit Blocks":0,"Local Read Blocks":0,"Local Dirtied Blocks":0,"Local Written Blocks":0,"Temp Read Blocks":200672,"Temp Written Blocks":200672,"I/O Read Time":0.0,"I/O Write Time":0.0,"Temp I/O Read Time":307.479,"Temp I/O Write Time":805.78,"Plans":[{"Node Type":"Seq Scan","Parent Relationship":"Outer","Parallel Aware":false,"Async Capable":false,"Relation Name":"order_line","Schema":"public","Alias":"order_line","Startup Cost":0.0,"Total Cost":1431670.8,"Plan Rows":42039468,"Plan Width":20,"Actual Startup Time":0.007,"Actual Total Time":7325.287,"Actual Rows":42000489,"Actual Loops":1,"Output":["order_line.ol_amount","order_line.ol_o_id","order_line.ol_w_id","order_line.ol_d_id","order_line.ol_i_id"],"Filter":"(order_line.ol_delivery_d >= '1992-01-02 20:10:02.27764'::timestamp without time zone)","Rows Removed by Filter":17993272,"Shared Hit Blocks":681748,"Shared Read Blocks":0,"Shared Dirtied Blocks":0,"Shared Written Blocks":0,"Local Hit Blocks":0,"Local Read Blocks":0,"Local Dirtied Blocks":0,"Local Written Blocks":0,"Temp Read Blocks":0,"Temp Written Blocks":0,"I/O Read Time":0.0,"I/O Write Time":0.0,"Temp I/O Read Time":0.0,"Temp I/O Write Time":0.0},{"Node Type":"Hash","Parent Relationship":"Inner","Parallel Aware":false,"Async Capable":false,"Startup Cost":134121.52,"Total Cost":134121.52,"Plan Rows":879322,"Plan Width":16,"Actual Startup Time":584.269,"Actual Total Time":584.273,"Actual Rows":856801,"Actual Loops":1,"Output":["orders.o_c_id","orders.o_w_id","orders.o_d_id","orders.o_id"],"Hash Buckets":262144,"Original Hash Buckets":262144,"Hash Batches":8,"Original Hash Batches":8,"Peak Memory Usage":7070,"Shared Hit Blocks":44122,"Shared Read Blocks":0,"Shared Dirtied Blocks":0,"Shared Written Blocks":0,"Local Hit Blocks":0,"Local Read Blocks":0,"Local Dirtied Blocks":0,"Local Written Blocks":0,"Temp Read Blocks":0,"Temp Written Blocks":3290,"I/O Read Time":0.0,"I/O Write Time":0.0,"Temp I/O Read Time":0.0,"Temp I/O Write Time":14.913,"Plans":[{"Node Type":"Seq Scan","Parent Relationship":"Outer","Parallel Aware":false,"Async Capable":false,"Relation Name":"orders","Schema":"public","Alias":"orders","Startup Cost":0.0,"Total Cost":134121.52,"Plan Rows":879322,"Plan Width":16,"Actual Startup Time":0.598,"Actual Total Time":437.447,"Actual Rows":856801,"Actual Loops":1,"Output":["orders.o_c_id","orders.o_w_id","orders.o_d_id","orders.o_id"],"Filter":"((orders.o_entry_d >= '1993-01-02 20:10:02.27764'::timestamp without time zone) AND (orders.o_entry_d < '1994-01-02 20:10:02.27764'::timestamp without time zone))","Rows Removed by Filter":5143199,"Shared Hit Blocks":44122,"Shared Read Blocks":0,"Shared Dirtied Blocks":0,"Shared Written Blocks":0,"Local Hit Blocks":0,"Local Read Blocks":0,"Local Dirtied Blocks":0,"Local Written Blocks":0,"Temp Read Blocks":0,"Temp Written Blocks":0,"I/O Read Time":0.0,"I/O Write Time":0.0,"Temp I/O Read Time":0.0,"Temp I/O Write Time":0.0}]}]},{"Node Type":"Hash","Parent Relationship":"Inner","Parallel Aware":false,"Async Capable":false,"Startup Cost":519991.4,"Total Cost":519991.4,"Plan Rows":6000140,"Plan Width":12,"Actual Startup Time":2752.486,"Actual Total Time":2752.489,"Actual Rows":6000000,"Actual Loops":1,"Output":["customer.c_id","customer.c_w_id","customer.c_d_id","customer.c_nationkey"],"Hash Buckets":262144,"Original Hash Buckets":262144,"Hash Batches":64,"Original Hash Batches":64,"Peak Memory Usage":6073,"Shared Hit Blocks":459990,"Shared Read Blocks":0,"Shared Dirtied Blocks":0,"Shared Written Blocks":0,"Local Hit Blocks":0,"Local Read Blocks":0,"Local Dirtied Blocks":0,"Local Written Blocks":0,"Temp Read Blocks":0,"Temp Written Blocks":23037,"I/O Read Time":0.0,"I/O Write Time":0.0,"Temp I/O Read Time":0.0,"Temp I/O Write Time":113.853,"Plans":[{"Node Type":"Seq Scan","Parent Relationship":"Outer","Parallel Aware":false,"Async Capable":false,"Relation Name":"customer","Schema":"public","Alias":"customer","Startup Cost":0.0,"Total Cost":519991.4,"Plan Rows":6000140,"Plan Width":12,"Actual Startup Time":0.017,"Actual Total Time":1753.29,"Actual Rows":6000000,"Actual Loops":1,"Output":["customer.c_id","customer.c_w_id","customer.c_d_id","customer.c_nationkey"],"Shared Hit Blocks":459990,"Shared Read Blocks":0,"Shared Dirtied Blocks":0,"Shared Written Blocks":0,"Local Hit Blocks":0,"Local Read Blocks":0,"Local Dirtied Blocks":0,"Local Written Blocks":0,"Temp Read Blocks":0,"Temp Written Blocks":0,"I/O Read Time":0.0,"I/O Write Time":0.0,"Temp I/O Read Time":0.0,"Temp I/O Write Time":0.0}]}]},{"Node Type":"Hash","Parent Relationship":"Inner","Parallel Aware":false,"Async Capable":false,"Startup Cost":2.99,"Total Cost":2.99,"Plan Rows":12,"Plan Width":12,"Actual Startup Time":0.035,"Actual Total Time":0.041,"Actual Rows":22,"Actual Loops":1,"Output":["nation.n_name","nation.n_nationkey"],"Hash Buckets":1024,"Original Hash Buckets":1024,"Hash Batches":1,"Original Hash Batches":1,"Peak Memory Usage":9,"Shared Hit Blocks":2,"Shared Read Blocks":0,"Shared Dirtied Blocks":0,"Shared Written Blocks":0,"Local Hit Blocks":0,"Local Read Blocks":0,"Local Dirtied Blocks":0,"Local Written Blocks":0,"Temp Read Blocks":0,"Temp Written Blocks":0,"I/O Read Time":0.0,"I/O Write Time":0.0,"Temp I/O Read Time":0.0,"Temp I/O Write Time":0.0,"Plans":[{"Node Type":"Hash Join","Parent Relationship":"Outer","Parallel Aware":false,"Async Capable":false,"Join Type":"Inner","Startup Cost":1.07,"Total Cost":2.99,"Plan Rows":12,"Plan Width":12,"Actual Startup Time":0.019,"Actual Total Time":0.036,"Actual Rows":22,"Actual Loops":1,"Output":["nation.n_name","nation.n_nationkey"],"Inner Unique":true,"Hash Cond":"(nation.n_regionkey = region.r_regionkey)","Shared Hit Blocks":2,"Shared Read Blocks":0,"Shared Dirtied Blocks":0,"Shared Written Blocks":0,"Local Hit Blocks":0,"Local Read Blocks":0,"Local Dirtied Blocks":0,"Local Written Blocks":0,"Temp Read Blocks":0,"Temp Written Blocks":0,"I/O Read Time":0.0,"I/O Write Time":0.0,"Temp I/O Read Time":0.0,"Temp I/O Write Time":0.0,"Plans":[{"Node Type":"Seq Scan","Parent Relationship":"Outer","Parallel Aware":false,"Async Capable":false,"Relation Name":"nation","Schema":"public","Alias":"nation","Startup Cost":0.0,"Total Cost":1.62,"Plan Rows":62,"Plan Width":16,"Actual Startup Time":0.004,"Actual Total Time":0.007,"Actual Rows":62,"Actual Loops":1,"Output":["nation.n_nationkey","nation.n_name","nation.n_regionkey","nation.n_comment"],"Shared Hit Blocks":1,"Shared Read Blocks":0,"Shared Dirtied Blocks":0,"Shared Written Blocks":0,"Local Hit Blocks":0,"Local Read Blocks":0,"Local Dirtied Blocks":0,"Local Written Blocks":0,"Temp Read Blocks":0,"Temp Written Blocks":0,"I/O Read Time":0.0,"I/O Write Time":0.0,"Temp I/O Read Time":0.0,"Temp I/O Write Time":0.0},{"Node Type":"Hash","Parent Relationship":"Inner","Parallel Aware":false,"Async Capable":false,"Startup Cost":1.06,"Total Cost":1.06,"Plan Rows":1,"Plan Width":4,"Actual Startup Time":0.007,"Actual Total Time":0.01,"Actual Rows":1,"Actual Loops":1,"Output":["region.r_regionkey"],"Hash Buckets":1024,"Original Hash Buckets":1024,"Hash Batches":1,"Original Hash Batches":1,"Peak Memory Usage":9,"Shared Hit Blocks":1,"Shared Read Blocks":0,"Shared Dirtied Blocks":0,"Shared Written Blocks":0,"Local Hit Blocks":0,"Local Read Blocks":0,"Local Dirtied Blocks":0,"Local Written Blocks":0,"Temp Read Blocks":0,"Temp Written Blocks":0,"I/O Read Time":0.0,"I/O Write Time":0.0,"Temp I/O Read Time":0.0,"Temp I/O Write Time":0.0,"Plans":[{"Node Type":"Seq Scan","Parent Relationship":"Outer","Parallel Aware":false,"Async Capable":false,"Relation Name":"region","Schema":"public","Alias":"region","Startup Cost":0.0,"Total Cost":1.06,"Plan Rows":1,"Plan Width":4,"Actual Startup Time":0.006,"Actual Total Time":0.006,"Actual Rows":1,"Actual Loops":1,"Output":["region.r_regionkey"],"Filter":"((region.r_name)::text = 'Europe'::text)","Rows Removed by Filter":4,"Shared Hit Blocks":1,"Shared Read Blocks":0,"Shared Dirtied Blocks":0,"Shared Written Blocks":0,"Local Hit Blocks":0,"Local Read Blocks":0,"Local Dirtied Blocks":0,"Local Written Blocks":0,"Temp Read Blocks":0,"Temp Written Blocks":0,"I/O Read Time":0.0,"I/O Write Time":0.0,"Temp I/O Read Time":0.0,"Temp I/O Write Time":0.0}]}]}]}]}]},{"Node Type":"Index Only Scan","Parent Relationship":"Inner","Parallel Aware":false,"Async Capable":false,"Scan Direction":"Forward","Index Name":"stock_pk","Relation Name":"stock","Schema":"public","Alias":"stock","Startup Cost":0.44,"Total Cost":519363.62,"Plan Rows":20000212,"Plan Width":6,"Actual Startup Time":0.042,"Actual Total Time":1407.772,"Actual Rows":19999994,"Actual Loops":1,"Output":["stock.s_w_id","stock.s_i_id"],"Heap Fetches":0,"Shared Hit Blocks":54673,"Shared Read Blocks":0,"Shared Dirtied Blocks":0,"Shared Written Blocks":0,"Local Hit Blocks":0,"Local Read Blocks":0,"Local Dirtied Blocks":0,"Local Written Blocks":0,"Temp Read Blocks":0,"Temp Written Blocks":0,"I/O Read Time":0.0,"I/O Write Time":0.0,"Temp I/O Read Time":0.0,"Temp I/O Write Time":0.0}]},{"Node Type":"Hash","Parent Relationship":"Inner","Parallel Aware":false,"Async Capable":false,"Startup Cost":317.0,"Total Cost":317.0,"Plan Rows":10000,"Plan Width":8,"Actual Startup Time":2.555,"Actual Total Time":2.555,"Actual Rows":10000,"Actual Loops":1,"Output":["supplier.su_suppkey","supplier.su_nationkey"],"Hash Buckets":16384,"Original Hash Buckets":16384,"Hash Batches":1,"Original Hash Batches":1,"Peak Memory Usage":519,"Shared Hit Blocks":217,"Shared Read Blocks":0,"Shared Dirtied Blocks":0,"Shared Written Blocks":0,"Local Hit Blocks":0,"Local Read Blocks":0,"Local Dirtied Blocks":0,"Local Written Blocks":0,"Temp Read Blocks":0,"Temp Written Blocks":0,"I/O Read Time":0.0,"I/O Write Time":0.0,"Temp I/O Read Time":0.0,"Temp I/O Write Time":0.0,"Plans":[{"Node Type":"Seq Scan","Parent Relationship":"Outer","Parallel Aware":false,"Async Capable":false,"Relation Name":"supplier","Schema":"public","Alias":"supplier","Startup Cost":0.0,"Total Cost":317.0,"Plan Rows":10000,"Plan Width":8,"Actual Startup Time":0.009,"Actual Total Time":1.275,"Actual Rows":10000,"Actual Loops":1,"Output":["supplier.su_suppkey","supplier.su_nationkey"],"Shared Hit Blocks":217,"Shared Read Blocks":0,"Shared Dirtied Blocks":0,"Shared Written Blocks":0,"Local Hit Blocks":0,"Local Read Blocks":0,"Local Dirtied Blocks":0,"Local Written Blocks":0,"Temp Read Blocks":0,"Temp Written Blocks":0,"I/O Read Time":0.0,"I/O Write Time":0.0,"Temp I/O Read Time":0.0,"Temp I/O Write Time":0.0}]}]}]}]}]},"Planning":{"Shared Hit Blocks":220,"Shared Read Blocks":0,"Shared Dirtied Blocks":0,"Shared Written Blocks":0,"Local Hit Blocks":0,"Local Read Blocks":0,"Local Dirtied Blocks":0,"Local Written Blocks":0,"Temp Read Blocks":0,"Temp Written Blocks":0,"I/O Read Time":0.0,"I/O Write Time":0.0,"Temp I/O Read Time":0.0,"Temp I/O Write Time":0.0},"Planning Time":4.086,"Triggers":[],"Execution Time":34748.9}]
[列存组合]: nation, stock
[{"Plan":{"Node Type":"Sort","Parallel Aware":false,"Async Capable":false,"Startup Cost":4086375.82,"Total Cost":4086375.98,"Plan Rows":62,"Plan Width":40,"Actual Startup Time":34722.705,"Actual Total Time":34722.733,"Actual Rows":11,"Actual Loops":1,"Output":["nation.n_name","(sum(order_line.ol_amount))"],"Sort Key":["(sum(order_line.ol_amount)) DESC"],"Sort Method":"quicksort","Sort Space Used":25,"Sort Space Type":"Memory","Shared Hit Blocks":1240752,"Shared Read Blocks":0,"Shared Dirtied Blocks":0,"Shared Written Blocks":0,"Local Hit Blocks":0,"Local Read Blocks":0,"Local Dirtied Blocks":0,"Local Written Blocks":0,"Temp Read Blocks":288611,"Temp Written Blocks":288665,"I/O Read Time":0.0,"I/O Write Time":0.0,"Temp I/O Read Time":443.317,"Temp I/O Write Time":1186.545,"Plans":[{"Node Type":"Aggregate","Strategy":"Sorted","Partial Mode":"Simple","Parent Relationship":"Outer","Parallel Aware":false,"Async Capable":false,"Startup Cost":4086222.18,"Total Cost":4086373.97,"Plan Rows":62,"Plan Width":40,"Actual Startup Time":34716.746,"Actual Total Time":34722.714,"Actual Rows":11,"Actual Loops":1,"Output":["nation.n_name","sum(order_line.ol_amount)"],"Group Key":["nation.n_name"],"Shared Hit Blocks":1240752,"Shared Read Blocks":0,"Shared Dirtied Blocks":0,"Shared Written Blocks":0,"Local Hit Blocks":0,"Local Read Blocks":0,"Local Dirtied Blocks":0,"Local Written Blocks":0,"Temp Read Blocks":288611,"Temp Written Blocks":288665,"I/O Read Time":0.0,"I/O Write Time":0.0,"Temp I/O Read Time":443.317,"Temp I/O Write Time":1186.545,"Plans":[{"Node Type":"Sort","Parent Relationship":"Outer","Parallel Aware":false,"Async Capable":false,"Startup Cost":4086222.18,"Total Cost":4086272.52,"Plan Rows":20136,"Plan Width":12,"Actual Startup Time":34716.302,"Actual Total Time":34718.164,"Actual Rows":35044,"Actual Loops":1,"Output":["nation.n_name","order_line.ol_amount"],"Sort Key":["nation.n_name"],"Sort Method":"quicksort","Sort Space Used":3146,"Sort Space Type":"Memory","Shared Hit Blocks":1240752,"Shared Read Blocks":0,"Shared Dirtied Blocks":0,"Shared Written Blocks":0,"Local Hit Blocks":0,"Local Read Blocks":0,"Local Dirtied Blocks":0,"Local Written Blocks":0,"Temp Read Blocks":288611,"Temp Written Blocks":288665,"I/O Read Time":0.0,"I/O Write Time":0.0,"Temp I/O Read Time":443.317,"Temp I/O Write Time":1186.545,"Plans":[{"Node Type":"Hash Join","Parent Relationship":"Outer","Parallel Aware":false,"Async Capable":false,"Join Type":"Inner","Startup Cost":3436914.73,"Total Cost":4084782.71,"Plan Rows":20136,"Plan Width":12,"Actual Startup Time":30762.439,"Actual Total Time":34696.9,"Actual Rows":35044,"Actual Loops":1,"Output":["nation.n_name","order_line.ol_amount"],"Inner Unique":true,"Hash Cond":"((mod((stock.s_w_id * stock.s_i_id), 10000) = supplier.su_suppkey) AND (customer.c_nationkey = supplier.su_nationkey))","Shared Hit Blocks":1240752,"Shared Read Blocks":0,"Shared Dirtied Blocks":0,"Shared Written Blocks":0,"Local Hit Blocks":0,"Local Read Blocks":0,"Local Dirtied Blocks":0,"Local Written Blocks":0,"Temp Read Blocks":288611,"Temp Written Blocks":288665,"I/O Read Time":0.0,"I/O Write Time":0.0,"Temp I/O Read Time":443.317,"Temp I/O Write Time":1186.545,"Plans":[{"Node Type":"Merge Join","Parent Relationship":"Outer","Parallel Aware":false,"Async Capable":false,"Join Type":"Inner","Startup Cost":3436447.73,"Total Cost":4077480.74,"Plan Rows":1242717,"Plan Width":26,"Actual Startup Time":30759.436,"Actual Total Time":34411.054,"Actual Rows":2218175,"Actual Loops":1,"Output":["customer.c_nationkey","order_line.ol_amount","stock.s_w_id","stock.s_i_id","nation.n_name","nation.n_nationkey"],"Inner Unique":true,"Merge Cond":"((customer.c_w_id = stock.s_w_id) AND (order_line.ol_i_id = stock.s_i_id))","Shared Hit Blocks":1240535,"Shared Read Blocks":0,"Shared Dirtied Blocks":0,"Shared Written Blocks":0,"Local Hit Blocks":0,"Local Read Blocks":0,"Local Dirtied Blocks":0,"Local Written Blocks":0,"Temp Read Blocks":288611,"Temp Written Blocks":288665,"I/O Read Time":0.0,"I/O Write Time":0.0,"Temp I/O Read Time":443.317,"Temp I/O Write Time":1186.545,"Plans":[{"Node Type":"Sort","Parent Relationship":"Outer","Parallel Aware":false,"Async Capable":false,"Startup Cost":3436447.29,"Total Cost":3439527.83,"Plan Rows":1232214,"Plan Width":30,"Actual Startup Time":30759.374,"Actual Total Time":31357.156,"Actual Rows":2218175,"Actual Loops":1,"Output":["customer.c_w_id","customer.c_nationkey","orders.o_w_id","order_line.ol_amount","order_line.ol_w_id","order_line.ol_i_id","nation.n_name","nation.n_nationkey"],"Sort Key":["customer.c_w_id","order_line.ol_i_id"],"Sort Method":"external merge","Sort Space Used":94520,"Sort Space Type":"Disk","Shared Hit Blocks":1185862,"Shared Read Blocks":0,"Shared Dirtied Blocks":0,"Shared Written Blocks":0,"Local Hit Blocks":0,"Local Read Blocks":0,"Local Dirtied Blocks":0,"Local Written Blocks":0,"Temp Read Blocks":288611,"Temp Written Blocks":288665,"I/O Read Time":0.0,"I/O Write Time":0.0,"Temp I/O Read Time":443.317,"Temp I/O Write Time":1186.545,"Plans":[{"Node Type":"Hash Join","Parent Relationship":"Outer","Parallel Aware":false,"Async Capable":false,"Join Type":"Inner","Startup Cost":808098.65,"Total Cost":3252823.46,"Plan Rows":1232214,"Plan Width":30,"Actual Startup Time":3377.664,"Actual Total Time":28123.908,"Actual Rows":2218175,"Actual Loops":1,"Output":["customer.c_w_id","customer.c_nationkey","orders.o_w_id","order_line.ol_amount","order_line.ol_w_id","order_line.ol_i_id","nation.n_name","nation.n_nationkey"],"Inner Unique":false,"Hash Cond":"(customer.c_nationkey = nation.n_nationkey)","Shared Hit Blocks":1185862,"Shared Read Blocks":0,"Shared Dirtied Blocks":0,"Shared Written Blocks":0,"Local Hit Blocks":0,"Local Read Blocks":0,"Local Dirtied Blocks":0,"Local Written Blocks":0,"Temp Read Blocks":264991,"Temp Written Blocks":264991,"I/O Read Time":0.0,"I/O Write Time":0.0,"Temp I/O Read Time":408.011,"Temp I/O Write Time":1123.199,"Plans":[{"Node Type":"Hash Join","Parent Relationship":"Outer","Parallel Aware":false,"Async Capable":false,"Join Type":"Inner","Startup Cost":808095.51,"Total Cost":3217791.66,"Plan Rows":6161071,"Plan Width":18,"Actual Startup Time":3369.91,"Actual Total Time":27291.039,"Actual Rows":8568663,"Actual Loops":1,"Output":["customer.c_w_id","customer.c_nationkey","orders.o_w_id","order_line.ol_amount","order_line.ol_w_id","order_line.ol_i_id"],"Inner Unique":true,"Hash Cond":"((orders.o_c_id = customer.c_id) AND (orders.o_w_id = customer.c_w_id) AND (orders.o_d_id = customer.c_d_id))","Shared Hit Blocks":1185860,"Shared Read Blocks":0,"Shared Dirtied Blocks":0,"Shared Written Blocks":0,"Local Hit Blocks":0,"Local Read Blocks":0,"Local Dirtied Blocks":0,"Local Written Blocks":0,"Temp Read Blocks":264991,"Temp Written Blocks":264991,"I/O Read Time":0.0,"I/O Write Time":0.0,"Temp I/O Read Time":408.011,"Temp I/O Write Time":1123.199,"Plans":[{"Node Type":"Hash Join","Parent Relationship":"Outer","Parallel Aware":false,"Async Capable":false,"Join Type":"Inner","Startup Cost":153803.65,"Total Cost":2413481.36,"Plan Rows":6161071,"Plan Width":20,"Actual Startup Time":623.957,"Actual Total Time":20220.906,"Actual Rows":8568663,"Actual Loops":1,"Output":["orders.o_c_id","orders.o_w_id","orders.o_d_id","order_line.ol_amount","order_line.ol_w_id","order_line.ol_d_id","order_line.ol_i_id"],"Inner Unique":true,"Hash Cond":"((order_line.ol_w_id = orders.o_w_id) AND (order_line.ol_d_id = orders.o_d_id) AND (order_line.ol_o_id = orders.o_id))","Shared Hit Blocks":725870,"Shared Read Blocks":0,"Shared Dirtied Blocks":0,"Shared Written Blocks":0,"Local Hit Blocks":0,"Local Read Blocks":0,"Local Dirtied Blocks":0,"Local Written Blocks":0,"Temp Read Blocks":200672,"Temp Written Blocks":200672,"I/O Read Time":0.0,"I/O Write Time":0.0,"Temp I/O Read Time":306.682,"Temp I/O Write Time":804.92,"Plans":[{"Node Type":"Seq Scan","Parent Relationship":"Outer","Parallel Aware":false,"Async Capable":false,"Relation Name":"order_line","Schema":"public","Alias":"order_line","Startup Cost":0.0,"Total Cost":1431670.8,"Plan Rows":42039468,"Plan Width":20,"Actual Startup Time":0.008,"Actual Total Time":7317.915,"Actual Rows":42000489,"Actual Loops":1,"Output":["order_line.ol_amount","order_line.ol_o_id","order_line.ol_w_id","order_line.ol_d_id","order_line.ol_i_id"],"Filter":"(order_line.ol_delivery_d >= '1992-01-02 20:10:02.27764'::timestamp without time zone)","Rows Removed by Filter":17993272,"Shared Hit Blocks":681748,"Shared Read Blocks":0,"Shared Dirtied Blocks":0,"Shared Written Blocks":0,"Local Hit Blocks":0,"Local Read Blocks":0,"Local Dirtied Blocks":0,"Local Written Blocks":0,"Temp Read Blocks":0,"Temp Written Blocks":0,"I/O Read Time":0.0,"I/O Write Time":0.0,"Temp I/O Read Time":0.0,"Temp I/O Write Time":0.0},{"Node Type":"Hash","Parent Relationship":"Inner","Parallel Aware":false,"Async Capable":false,"Startup Cost":134121.52,"Total Cost":134121.52,"Plan Rows":879322,"Plan Width":16,"Actual Startup Time":589.55,"Actual Total Time":589.554,"Actual Rows":856801,"Actual Loops":1,"Output":["orders.o_c_id","orders.o_w_id","orders.o_d_id","orders.o_id"],"Hash Buckets":262144,"Original Hash Buckets":262144,"Hash Batches":8,"Original Hash Batches":8,"Peak Memory Usage":7070,"Shared Hit Blocks":44122,"Shared Read Blocks":0,"Shared Dirtied Blocks":0,"Shared Written Blocks":0,"Local Hit Blocks":0,"Local Read Blocks":0,"Local Dirtied Blocks":0,"Local Written Blocks":0,"Temp Read Blocks":0,"Temp Written Blocks":3290,"I/O Read Time":0.0,"I/O Write Time":0.0,"Temp I/O Read Time":0.0,"Temp I/O Write Time":15.732,"Plans":[{"Node Type":"Seq Scan","Parent Relationship":"Outer","Parallel Aware":false,"Async Capable":false,"Relation Name":"orders","Schema":"public","Alias":"orders","Startup Cost":0.0,"Total Cost":134121.52,"Plan Rows":879322,"Plan Width":16,"Actual Startup Time":0.601,"Actual Total Time":437.898,"Actual Rows":856801,"Actual Loops":1,"Output":["orders.o_c_id","orders.o_w_id","orders.o_d_id","orders.o_id"],"Filter":"((orders.o_entry_d >= '1993-01-02 20:10:02.27764'::timestamp without time zone) AND (orders.o_entry_d < '1994-01-02 20:10:02.27764'::timestamp without time zone))","Rows Removed by Filter":5143199,"Shared Hit Blocks":44122,"Shared Read Blocks":0,"Shared Dirtied Blocks":0,"Shared Written Blocks":0,"Local Hit Blocks":0,"Local Read Blocks":0,"Local Dirtied Blocks":0,"Local Written Blocks":0,"Temp Read Blocks":0,"Temp Written Blocks":0,"I/O Read Time":0.0,"I/O Write Time":0.0,"Temp I/O Read Time":0.0,"Temp I/O Write Time":0.0}]}]},{"Node Type":"Hash","Parent Relationship":"Inner","Parallel Aware":false,"Async Capable":false,"Startup Cost":519991.4,"Total Cost":519991.4,"Plan Rows":6000140,"Plan Width":12,"Actual Startup Time":2738.878,"Actual Total Time":2738.88,"Actual Rows":6000000,"Actual Loops":1,"Output":["customer.c_id","customer.c_w_id","customer.c_d_id","customer.c_nationkey"],"Hash Buckets":262144,"Original Hash Buckets":262144,"Hash Batches":64,"Original Hash Batches":64,"Peak Memory Usage":6073,"Shared Hit Blocks":459990,"Shared Read Blocks":0,"Shared Dirtied Blocks":0,"Shared Written Blocks":0,"Local Hit Blocks":0,"Local Read Blocks":0,"Local Dirtied Blocks":0,"Local Written Blocks":0,"Temp Read Blocks":0,"Temp Written Blocks":23037,"I/O Read Time":0.0,"I/O Write Time":0.0,"Temp I/O Read Time":0.0,"Temp I/O Write Time":118.005,"Plans":[{"Node Type":"Seq Scan","Parent Relationship":"Outer","Parallel Aware":false,"Async Capable":false,"Relation Name":"customer","Schema":"public","Alias":"customer","Startup Cost":0.0,"Total Cost":519991.4,"Plan Rows":6000140,"Plan Width":12,"Actual Startup Time":0.01,"Actual Total Time":1733.179,"Actual Rows":6000000,"Actual Loops":1,"Output":["customer.c_id","customer.c_w_id","customer.c_d_id","customer.c_nationkey"],"Shared Hit Blocks":459990,"Shared Read Blocks":0,"Shared Dirtied Blocks":0,"Shared Written Blocks":0,"Local Hit Blocks":0,"Local Read Blocks":0,"Local Dirtied Blocks":0,"Local Written Blocks":0,"Temp Read Blocks":0,"Temp Written Blocks":0,"I/O Read Time":0.0,"I/O Write Time":0.0,"Temp I/O Read Time":0.0,"Temp I/O Write Time":0.0}]}]},{"Node Type":"Hash","Parent Relationship":"Inner","Parallel Aware":false,"Async Capable":false,"Startup Cost":2.99,"Total Cost":2.99,"Plan Rows":12,"Plan Width":12,"Actual Startup Time":0.042,"Actual Total Time":0.052,"Actual Rows":22,"Actual Loops":1,"Output":["nation.n_name","nation.n_nationkey"],"Hash Buckets":1024,"Original Hash Buckets":1024,"Hash Batches":1,"Original Hash Batches":1,"Peak Memory Usage":9,"Shared Hit Blocks":2,"Shared Read Blocks":0,"Shared Dirtied Blocks":0,"Shared Written Blocks":0,"Local Hit Blocks":0,"Local Read Blocks":0,"Local Dirtied Blocks":0,"Local Written Blocks":0,"Temp Read Blocks":0,"Temp Written Blocks":0,"I/O Read Time":0.0,"I/O Write Time":0.0,"Temp I/O Read Time":0.0,"Temp I/O Write Time":0.0,"Plans":[{"Node Type":"Hash Join","Parent Relationship":"Outer","Parallel Aware":false,"Async Capable":false,"Join Type":"Inner","Startup Cost":1.07,"Total Cost":2.99,"Plan Rows":12,"Plan Width":12,"Actual Startup Time":0.025,"Actual Total Time":0.043,"Actual Rows":22,"Actual Loops":1,"Output":["nation.n_name","nation.n_nationkey"],"Inner Unique":true,"Hash Cond":"(nation.n_regionkey = region.r_regionkey)","Shared Hit Blocks":2,"Shared Read Blocks":0,"Shared Dirtied Blocks":0,"Shared Written Blocks":0,"Local Hit Blocks":0,"Local Read Blocks":0,"Local Dirtied Blocks":0,"Local Written Blocks":0,"Temp Read Blocks":0,"Temp Written Blocks":0,"I/O Read Time":0.0,"I/O Write Time":0.0,"Temp I/O Read Time":0.0,"Temp I/O Write Time":0.0,"Plans":[{"Node Type":"Seq Scan","Parent Relationship":"Outer","Parallel Aware":false,"Async Capable":false,"Relation Name":"nation","Schema":"public","Alias":"nation","Startup Cost":0.0,"Total Cost":1.62,"Plan Rows":62,"Plan Width":16,"Actual Startup Time":0.004,"Actual Total Time":0.009,"Actual Rows":62,"Actual Loops":1,"Output":["nation.n_nationkey","nation.n_name","nation.n_regionkey","nation.n_comment"],"Shared Hit Blocks":1,"Shared Read Blocks":0,"Shared Dirtied Blocks":0,"Shared Written Blocks":0,"Local Hit Blocks":0,"Local Read Blocks":0,"Local Dirtied Blocks":0,"Local Written Blocks":0,"Temp Read Blocks":0,"Temp Written Blocks":0,"I/O Read Time":0.0,"I/O Write Time":0.0,"Temp I/O Read Time":0.0,"Temp I/O Write Time":0.0},{"Node Type":"Hash","Parent Relationship":"Inner","Parallel Aware":false,"Async Capable":false,"Startup Cost":1.06,"Total Cost":1.06,"Plan Rows":1,"Plan Width":4,"Actual Startup Time":0.009,"Actual Total Time":0.012,"Actual Rows":1,"Actual Loops":1,"Output":["region.r_regionkey"],"Hash Buckets":1024,"Original Hash Buckets":1024,"Hash Batches":1,"Original Hash Batches":1,"Peak Memory Usage":9,"Shared Hit Blocks":1,"Shared Read Blocks":0,"Shared Dirtied Blocks":0,"Shared Written Blocks":0,"Local Hit Blocks":0,"Local Read Blocks":0,"Local Dirtied Blocks":0,"Local Written Blocks":0,"Temp Read Blocks":0,"Temp Written Blocks":0,"I/O Read Time":0.0,"I/O Write Time":0.0,"Temp I/O Read Time":0.0,"Temp I/O Write Time":0.0,"Plans":[{"Node Type":"Seq Scan","Parent Relationship":"Outer","Parallel Aware":false,"Async Capable":false,"Relation Name":"region","Schema":"public","Alias":"region","Startup Cost":0.0,"Total Cost":1.06,"Plan Rows":1,"Plan Width":4,"Actual Startup Time":0.007,"Actual Total Time":0.007,"Actual Rows":1,"Actual Loops":1,"Output":["region.r_regionkey"],"Filter":"((region.r_name)::text = 'Europe'::text)","Rows Removed by Filter":4,"Shared Hit Blocks":1,"Shared Read Blocks":0,"Shared Dirtied Blocks":0,"Shared Written Blocks":0,"Local Hit Blocks":0,"Local Read Blocks":0,"Local Dirtied Blocks":0,"Local Written Blocks":0,"Temp Read Blocks":0,"Temp Written Blocks":0,"I/O Read Time":0.0,"I/O Write Time":0.0,"Temp I/O Read Time":0.0,"Temp I/O Write Time":0.0}]}]}]}]}]},{"Node Type":"Index Only Scan","Parent Relationship":"Inner","Parallel Aware":false,"Async Capable":false,"Scan Direction":"Forward","Index Name":"stock_pk","Relation Name":"stock","Schema":"public","Alias":"stock","Startup Cost":0.44,"Total Cost":519363.62,"Plan Rows":20000212,"Plan Width":6,"Actual Startup Time":0.047,"Actual Total Time":1410.54,"Actual Rows":19999994,"Actual Loops":1,"Output":["stock.s_w_id","stock.s_i_id"],"Heap Fetches":0,"Shared Hit Blocks":54673,"Shared Read Blocks":0,"Shared Dirtied Blocks":0,"Shared Written Blocks":0,"Local Hit Blocks":0,"Local Read Blocks":0,"Local Dirtied Blocks":0,"Local Written Blocks":0,"Temp Read Blocks":0,"Temp Written Blocks":0,"I/O Read Time":0.0,"I/O Write Time":0.0,"Temp I/O Read Time":0.0,"Temp I/O Write Time":0.0}]},{"Node Type":"Hash","Parent Relationship":"Inner","Parallel Aware":false,"Async Capable":false,"Startup Cost":317.0,"Total Cost":317.0,"Plan Rows":10000,"Plan Width":8,"Actual Startup Time":2.566,"Actual Total Time":2.567,"Actual Rows":10000,"Actual Loops":1,"Output":["supplier.su_suppkey","supplier.su_nationkey"],"Hash Buckets":16384,"Original Hash Buckets":16384,"Hash Batches":1,"Original Hash Batches":1,"Peak Memory Usage":519,"Shared Hit Blocks":217,"Shared Read Blocks":0,"Shared Dirtied Blocks":0,"Shared Written Blocks":0,"Local Hit Blocks":0,"Local Read Blocks":0,"Local Dirtied Blocks":0,"Local Written Blocks":0,"Temp Read Blocks":0,"Temp Written Blocks":0,"I/O Read Time":0.0,"I/O Write Time":0.0,"Temp I/O Read Time":0.0,"Temp I/O Write Time":0.0,"Plans":[{"Node Type":"Seq Scan","Parent Relationship":"Outer","Parallel Aware":false,"Async Capable":false,"Relation Name":"supplier","Schema":"public","Alias":"supplier","Startup Cost":0.0,"Total Cost":317.0,"Plan Rows":10000,"Plan Width":8,"Actual Startup Time":0.012,"Actual Total Time":1.284,"Actual Rows":10000,"Actual Loops":1,"Output":["supplier.su_suppkey","supplier.su_nationkey"],"Shared Hit Blocks":217,"Shared Read Blocks":0,"Shared Dirtied Blocks":0,"Shared Written Blocks":0,"Local Hit Blocks":0,"Local Read Blocks":0,"Local Dirtied Blocks":0,"Local Written Blocks":0,"Temp Read Blocks":0,"Temp Written Blocks":0,"I/O Read Time":0.0,"I/O Write Time":0.0,"Temp I/O Read Time":0.0,"Temp I/O Write Time":0.0}]}]}]}]}]},"Planning":{"Shared Hit Blocks":220,"Shared Read Blocks":0,"Shared Dirtied Blocks":0,"Shared Written Blocks":0,"Local Hit Blocks":0,"Local Read Blocks":0,"Local Dirtied Blocks":0,"Local Written Blocks":0,"Temp Read Blocks":0,"Temp Written Blocks":0,"I/O Read Time":0.0,"I/O Write Time":0.0,"Temp I/O Read Time":0.0,"Temp I/O Write Time":0.0},"Planning Time":5.094,"Triggers":[],"Execution Time":34737.272}]
[列存组合]: nation, supplier
[{"Plan":{"Node Type":"Sort","Parallel Aware":false,"Async Capable":false,"Startup Cost":4086277.85,"Total Cost":4086278.0,"Plan Rows":62,"Plan Width":40,"Actual Startup Time":35413.934,"Actual Total Time":35413.96,"Actual Rows":11,"Actual Loops":1,"Output":["nation.n_name","(sum(order_line.ol_amount))"],"Sort Key":["(sum(order_line.ol_amount)) DESC"],"Sort Method":"quicksort","Sort Space Used":25,"Sort Space Type":"Memory","Shared Hit Blocks":1240535,"Shared Read Blocks":0,"Shared Dirtied Blocks":0,"Shared Written Blocks":0,"Local Hit Blocks":0,"Local Read Blocks":0,"Local Dirtied Blocks":0,"Local Written Blocks":0,"Temp Read Blocks":288611,"Temp Written Blocks":288665,"I/O Read Time":0.0,"I/O Write Time":0.0,"Temp I/O Read Time":460.394,"Temp I/O Write Time":1185.865,"Plans":[{"Node Type":"Aggregate","Strategy":"Sorted","Partial Mode":"Simple","Parent Relationship":"Outer","Parallel Aware":false,"Async Capable":false,"Startup Cost":4086124.2,"Total Cost":4086276.0,"Plan Rows":62,"Plan Width":40,"Actual Startup Time":35408.012,"Actual Total Time":35413.945,"Actual Rows":11,"Actual Loops":1,"Output":["nation.n_name","sum(order_line.ol_amount)"],"Group Key":["nation.n_name"],"Shared Hit Blocks":1240535,"Shared Read Blocks":0,"Shared Dirtied Blocks":0,"Shared Written Blocks":0,"Local Hit Blocks":0,"Local Read Blocks":0,"Local Dirtied Blocks":0,"Local Written Blocks":0,"Temp Read Blocks":288611,"Temp Written Blocks":288665,"I/O Read Time":0.0,"I/O Write Time":0.0,"Temp I/O Read Time":460.394,"Temp I/O Write Time":1185.865,"Plans":[{"Node Type":"Sort","Parent Relationship":"Outer","Parallel Aware":false,"Async Capable":false,"Startup Cost":4086124.2,"Total Cost":4086174.54,"Plan Rows":20136,"Plan Width":12,"Actual Startup Time":35407.575,"Actual Total Time":35409.412,"Actual Rows":35044,"Actual Loops":1,"Output":["nation.n_name","order_line.ol_amount"],"Sort Key":["nation.n_name"],"Sort Method":"quicksort","Sort Space Used":3146,"Sort Space Type":"Memory","Shared Hit Blocks":1240535,"Shared Read Blocks":0,"Shared Dirtied Blocks":0,"Shared Written Blocks":0,"Local Hit Blocks":0,"Local Read Blocks":0,"Local Dirtied Blocks":0,"Local Written Blocks":0,"Temp Read Blocks":288611,"Temp Written Blocks":288665,"I/O Read Time":0.0,"I/O Write Time":0.0,"Temp I/O Read Time":460.394,"Temp I/O Write Time":1185.865,"Plans":[{"Node Type":"Hash Join","Parent Relationship":"Outer","Parallel Aware":false,"Async Capable":false,"Join Type":"Inner","Startup Cost":3436816.76,"Total Cost":4084684.73,"Plan Rows":20136,"Plan Width":12,"Actual Startup Time":31469.343,"Actual Total Time":35388.218,"Actual Rows":35044,"Actual Loops":1,"Output":["nation.n_name","order_line.ol_amount"],"Inner Unique":true,"Hash Cond":"((mod((stock.s_w_id * stock.s_i_id), 10000) = supplier.su_suppkey) AND (customer.c_nationkey = supplier.su_nationkey))","Shared Hit Blocks":1240535,"Shared Read Blocks":0,"Shared Dirtied Blocks":0,"Shared Written Blocks":0,"Local Hit Blocks":0,"Local Read Blocks":0,"Local Dirtied Blocks":0,"Local Written Blocks":0,"Temp Read Blocks":288611,"Temp Written Blocks":288665,"I/O Read Time":0.0,"I/O Write Time":0.0,"Temp I/O Read Time":460.394,"Temp I/O Write Time":1185.865,"Plans":[{"Node Type":"Merge Join","Parent Relationship":"Outer","Parallel Aware":false,"Async Capable":false,"Join Type":"Inner","Startup Cost":3436447.73,"Total Cost":4077480.74,"Plan Rows":1242717,"Plan Width":26,"Actual Startup Time":31465.56,"Actual Total Time":35104.298,"Actual Rows":2218175,"Actual Loops":1,"Output":["customer.c_nationkey","order_line.ol_amount","stock.s_w_id","stock.s_i_id","nation.n_name","nation.n_nationkey"],"Inner Unique":true,"Merge Cond":"((customer.c_w_id = stock.s_w_id) AND (order_line.ol_i_id = stock.s_i_id))","Shared Hit Blocks":1240535,"Shared Read Blocks":0,"Shared Dirtied Blocks":0,"Shared Written Blocks":0,"Local Hit Blocks":0,"Local Read Blocks":0,"Local Dirtied Blocks":0,"Local Written Blocks":0,"Temp Read Blocks":288611,"Temp Written Blocks":288665,"I/O Read Time":0.0,"I/O Write Time":0.0,"Temp I/O Read Time":460.394,"Temp I/O Write Time":1185.865,"Plans":[{"Node Type":"Sort","Parent Relationship":"Outer","Parallel Aware":false,"Async Capable":false,"Startup Cost":3436447.29,"Total Cost":3439527.83,"Plan Rows":1232214,"Plan Width":30,"Actual Startup Time":31465.493,"Actual Total Time":32061.712,"Actual Rows":2218175,"Actual Loops":1,"Output":["customer.c_w_id","customer.c_nationkey","orders.o_w_id","order_line.ol_amount","order_line.ol_w_id","order_line.ol_i_id","nation.n_name","nation.n_nationkey"],"Sort Key":["customer.c_w_id","order_line.ol_i_id"],"Sort Method":"external merge","Sort Space Used":94520,"Sort Space Type":"Disk","Shared Hit Blocks":1185862,"Shared Read Blocks":0,"Shared Dirtied Blocks":0,"Shared Written Blocks":0,"Local Hit Blocks":0,"Local Read Blocks":0,"Local Dirtied Blocks":0,"Local Written Blocks":0,"Temp Read Blocks":288611,"Temp Written Blocks":288665,"I/O Read Time":0.0,"I/O Write Time":0.0,"Temp I/O Read Time":460.394,"Temp I/O Write Time":1185.865,"Plans":[{"Node Type":"Hash Join","Parent Relationship":"Outer","Parallel Aware":false,"Async Capable":false,"Join Type":"Inner","Startup Cost":808098.65,"Total Cost":3252823.46,"Plan Rows":1232214,"Plan Width":30,"Actual Startup Time":3377.592,"Actual Total Time":28621.026,"Actual Rows":2218175,"Actual Loops":1,"Output":["customer.c_w_id","customer.c_nationkey","orders.o_w_id","order_line.ol_amount","order_line.ol_w_id","order_line.ol_i_id","nation.n_name","nation.n_nationkey"],"Inner Unique":false,"Hash Cond":"(customer.c_nationkey = nation.n_nationkey)","Shared Hit Blocks":1185862,"Shared Read Blocks":0,"Shared Dirtied Blocks":0,"Shared Written Blocks":0,"Local Hit Blocks":0,"Local Read Blocks":0,"Local Dirtied Blocks":0,"Local Written Blocks":0,"Temp Read Blocks":264991,"Temp Written Blocks":264991,"I/O Read Time":0.0,"I/O Write Time":0.0,"Temp I/O Read Time":425.346,"Temp I/O Write Time":1116.701,"Plans":[{"Node Type":"Hash Join","Parent Relationship":"Outer","Parallel Aware":false,"Async Capable":false,"Join Type":"Inner","Startup Cost":808095.51,"Total Cost":3217791.66,"Plan Rows":6161071,"Plan Width":18,"Actual Startup Time":3369.829,"Actual Total Time":27683.705,"Actual Rows":8568663,"Actual Loops":1,"Output":["customer.c_w_id","customer.c_nationkey","orders.o_w_id","order_line.ol_amount","order_line.ol_w_id","order_line.ol_i_id"],"Inner Unique":true,"Hash Cond":"((orders.o_c_id = customer.c_id) AND (orders.o_w_id = customer.c_w_id) AND (orders.o_d_id = customer.c_d_id))","Shared Hit Blocks":1185860,"Shared Read Blocks":0,"Shared Dirtied Blocks":0,"Shared Written Blocks":0,"Local Hit Blocks":0,"Local Read Blocks":0,"Local Dirtied Blocks":0,"Local Written Blocks":0,"Temp Read Blocks":264991,"Temp Written Blocks":264991,"I/O Read Time":0.0,"I/O Write Time":0.0,"Temp I/O Read Time":425.346,"Temp I/O Write Time":1116.701,"Plans":[{"Node Type":"Hash Join","Parent Relationship":"Outer","Parallel Aware":false,"Async Capable":false,"Join Type":"Inner","Startup Cost":153803.65,"Total Cost":2413481.36,"Plan Rows":6161071,"Plan Width":20,"Actual Startup Time":619.888,"Actual Total Time":20250.287,"Actual Rows":8568663,"Actual Loops":1,"Output":["orders.o_c_id","orders.o_w_id","orders.o_d_id","order_line.ol_amount","order_line.ol_w_id","order_line.ol_d_id","order_line.ol_i_id"],"Inner Unique":true,"Hash Cond":"((order_line.ol_w_id = orders.o_w_id) AND (order_line.ol_d_id = orders.o_d_id) AND (order_line.ol_o_id = orders.o_id))","Shared Hit Blocks":725870,"Shared Read Blocks":0,"Shared Dirtied Blocks":0,"Shared Written Blocks":0,"Local Hit Blocks":0,"Local Read Blocks":0,"Local Dirtied Blocks":0,"Local Written Blocks":0,"Temp Read Blocks":200672,"Temp Written Blocks":200672,"I/O Read Time":0.0,"I/O Write Time":0.0,"Temp I/O Read Time":306.971,"Temp I/O Write Time":802.489,"Plans":[{"Node Type":"Seq Scan","Parent Relationship":"Outer","Parallel Aware":false,"Async Capable":false,"Relation Name":"order_line","Schema":"public","Alias":"order_line","Startup Cost":0.0,"Total Cost":1431670.8,"Plan Rows":42039468,"Plan Width":20,"Actual Startup Time":0.006,"Actual Total Time":7311.985,"Actual Rows":42000489,"Actual Loops":1,"Output":["order_line.ol_amount","order_line.ol_o_id","order_line.ol_w_id","order_line.ol_d_id","order_line.ol_i_id"],"Filter":"(order_line.ol_delivery_d >= '1992-01-02 20:10:02.27764'::timestamp without time zone)","Rows Removed by Filter":17993272,"Shared Hit Blocks":681748,"Shared Read Blocks":0,"Shared Dirtied Blocks":0,"Shared Written Blocks":0,"Local Hit Blocks":0,"Local Read Blocks":0,"Local Dirtied Blocks":0,"Local Written Blocks":0,"Temp Read Blocks":0,"Temp Written Blocks":0,"I/O Read Time":0.0,"I/O Write Time":0.0,"Temp I/O Read Time":0.0,"Temp I/O Write Time":0.0},{"Node Type":"Hash","Parent Relationship":"Inner","Parallel Aware":false,"Async Capable":false,"Startup Cost":134121.52,"Total Cost":134121.52,"Plan Rows":879322,"Plan Width":16,"Actual Startup Time":585.765,"Actual Total Time":585.77,"Actual Rows":856801,"Actual Loops":1,"Output":["orders.o_c_id","orders.o_w_id","orders.o_d_id","orders.o_id"],"Hash Buckets":262144,"Original Hash Buckets":262144,"Hash Batches":8,"Original Hash Batches":8,"Peak Memory Usage":7070,"Shared Hit Blocks":44122,"Shared Read Blocks":0,"Shared Dirtied Blocks":0,"Shared Written Blocks":0,"Local Hit Blocks":0,"Local Read Blocks":0,"Local Dirtied Blocks":0,"Local Written Blocks":0,"Temp Read Blocks":0,"Temp Written Blocks":3290,"I/O Read Time":0.0,"I/O Write Time":0.0,"Temp I/O Read Time":0.0,"Temp I/O Write Time":14.913,"Plans":[{"Node Type":"Seq Scan","Parent Relationship":"Outer","Parallel Aware":false,"Async Capable":false,"Relation Name":"orders","Schema":"public","Alias":"orders","Startup Cost":0.0,"Total Cost":134121.52,"Plan Rows":879322,"Plan Width":16,"Actual Startup Time":0.588,"Actual Total Time":436.779,"Actual Rows":856801,"Actual Loops":1,"Output":["orders.o_c_id","orders.o_w_id","orders.o_d_id","orders.o_id"],"Filter":"((orders.o_entry_d >= '1993-01-02 20:10:02.27764'::timestamp without time zone) AND (orders.o_entry_d < '1994-01-02 20:10:02.27764'::timestamp without time zone))","Rows Removed by Filter":5143199,"Shared Hit Blocks":44122,"Shared Read Blocks":0,"Shared Dirtied Blocks":0,"Shared Written Blocks":0,"Local Hit Blocks":0,"Local Read Blocks":0,"Local Dirtied Blocks":0,"Local Written Blocks":0,"Temp Read Blocks":0,"Temp Written Blocks":0,"I/O Read Time":0.0,"I/O Write Time":0.0,"Temp I/O Read Time":0.0,"Temp I/O Write Time":0.0}]}]},{"Node Type":"Hash","Parent Relationship":"Inner","Parallel Aware":false,"Async Capable":false,"Startup Cost":519991.4,"Total Cost":519991.4,"Plan Rows":6000140,"Plan Width":12,"Actual Startup Time":2742.867,"Actual Total Time":2742.869,"Actual Rows":6000000,"Actual Loops":1,"Output":["customer.c_id","customer.c_w_id","customer.c_d_id","customer.c_nationkey"],"Hash Buckets":262144,"Original Hash Buckets":262144,"Hash Batches":64,"Original Hash Batches":64,"Peak Memory Usage":6073,"Shared Hit Blocks":459990,"Shared Read Blocks":0,"Shared Dirtied Blocks":0,"Shared Written Blocks":0,"Local Hit Blocks":0,"Local Read Blocks":0,"Local Dirtied Blocks":0,"Local Written Blocks":0,"Temp Read Blocks":0,"Temp Written Blocks":23037,"I/O Read Time":0.0,"I/O Write Time":0.0,"Temp I/O Read Time":0.0,"Temp I/O Write Time":114.171,"Plans":[{"Node Type":"Seq Scan","Parent Relationship":"Outer","Parallel Aware":false,"Async Capable":false,"Relation Name":"customer","Schema":"public","Alias":"customer","Startup Cost":0.0,"Total Cost":519991.4,"Plan Rows":6000140,"Plan Width":12,"Actual Startup Time":0.016,"Actual Total Time":1745.903,"Actual Rows":6000000,"Actual Loops":1,"Output":["customer.c_id","customer.c_w_id","customer.c_d_id","customer.c_nationkey"],"Shared Hit Blocks":459990,"Shared Read Blocks":0,"Shared Dirtied Blocks":0,"Shared Written Blocks":0,"Local Hit Blocks":0,"Local Read Blocks":0,"Local Dirtied Blocks":0,"Local Written Blocks":0,"Temp Read Blocks":0,"Temp Written Blocks":0,"I/O Read Time":0.0,"I/O Write Time":0.0,"Temp I/O Read Time":0.0,"Temp I/O Write Time":0.0}]}]},{"Node Type":"Hash","Parent Relationship":"Inner","Parallel Aware":false,"Async Capable":false,"Startup Cost":2.99,"Total Cost":2.99,"Plan Rows":12,"Plan Width":12,"Actual Startup Time":0.039,"Actual Total Time":0.043,"Actual Rows":22,"Actual Loops":1,"Output":["nation.n_name","nation.n_nationkey"],"Hash Buckets":1024,"Original Hash Buckets":1024,"Hash Batches":1,"Original Hash Batches":1,"Peak Memory Usage":9,"Shared Hit Blocks":2,"Shared Read Blocks":0,"Shared Dirtied Blocks":0,"Shared Written Blocks":0,"Local Hit Blocks":0,"Local Read Blocks":0,"Local Dirtied Blocks":0,"Local Written Blocks":0,"Temp Read Blocks":0,"Temp Written Blocks":0,"I/O Read Time":0.0,"I/O Write Time":0.0,"Temp I/O Read Time":0.0,"Temp I/O Write Time":0.0,"Plans":[{"Node Type":"Hash Join","Parent Relationship":"Outer","Parallel Aware":false,"Async Capable":false,"Join Type":"Inner","Startup Cost":1.07,"Total Cost":2.99,"Plan Rows":12,"Plan Width":12,"Actual Startup Time":0.022,"Actual Total Time":0.038,"Actual Rows":22,"Actual Loops":1,"Output":["nation.n_name","nation.n_nationkey"],"Inner Unique":true,"Hash Cond":"(nation.n_regionkey = region.r_regionkey)","Shared Hit Blocks":2,"Shared Read Blocks":0,"Shared Dirtied Blocks":0,"Shared Written Blocks":0,"Local Hit Blocks":0,"Local Read Blocks":0,"Local Dirtied Blocks":0,"Local Written Blocks":0,"Temp Read Blocks":0,"Temp Written Blocks":0,"I/O Read Time":0.0,"I/O Write Time":0.0,"Temp I/O Read Time":0.0,"Temp I/O Write Time":0.0,"Plans":[{"Node Type":"Seq Scan","Parent Relationship":"Outer","Parallel Aware":false,"Async Capable":false,"Relation Name":"nation","Schema":"public","Alias":"nation","Startup Cost":0.0,"Total Cost":1.62,"Plan Rows":62,"Plan Width":16,"Actual Startup Time":0.007,"Actual Total Time":0.012,"Actual Rows":62,"Actual Loops":1,"Output":["nation.n_nationkey","nation.n_name","nation.n_regionkey","nation.n_comment"],"Shared Hit Blocks":1,"Shared Read Blocks":0,"Shared Dirtied Blocks":0,"Shared Written Blocks":0,"Local Hit Blocks":0,"Local Read Blocks":0,"Local Dirtied Blocks":0,"Local Written Blocks":0,"Temp Read Blocks":0,"Temp Written Blocks":0,"I/O Read Time":0.0,"I/O Write Time":0.0,"Temp I/O Read Time":0.0,"Temp I/O Write Time":0.0},{"Node Type":"Hash","Parent Relationship":"Inner","Parallel Aware":false,"Async Capable":false,"Startup Cost":1.06,"Total Cost":1.06,"Plan Rows":1,"Plan Width":4,"Actual Startup Time":0.008,"Actual Total Time":0.008,"Actual Rows":1,"Actual Loops":1,"Output":["region.r_regionkey"],"Hash Buckets":1024,"Original Hash Buckets":1024,"Hash Batches":1,"Original Hash Batches":1,"Peak Memory Usage":9,"Shared Hit Blocks":1,"Shared Read Blocks":0,"Shared Dirtied Blocks":0,"Shared Written Blocks":0,"Local Hit Blocks":0,"Local Read Blocks":0,"Local Dirtied Blocks":0,"Local Written Blocks":0,"Temp Read Blocks":0,"Temp Written Blocks":0,"I/O Read Time":0.0,"I/O Write Time":0.0,"Temp I/O Read Time":0.0,"Temp I/O Write Time":0.0,"Plans":[{"Node Type":"Seq Scan","Parent Relationship":"Outer","Parallel Aware":false,"Async Capable":false,"Relation Name":"region","Schema":"public","Alias":"region","Startup Cost":0.0,"Total Cost":1.06,"Plan Rows":1,"Plan Width":4,"Actual Startup Time":0.007,"Actual Total Time":0.007,"Actual Rows":1,"Actual Loops":1,"Output":["region.r_regionkey"],"Filter":"((region.r_name)::text = 'Europe'::text)","Rows Removed by Filter":4,"Shared Hit Blocks":1,"Shared Read Blocks":0,"Shared Dirtied Blocks":0,"Shared Written Blocks":0,"Local Hit Blocks":0,"Local Read Blocks":0,"Local Dirtied Blocks":0,"Local Written Blocks":0,"Temp Read Blocks":0,"Temp Written Blocks":0,"I/O Read Time":0.0,"I/O Write Time":0.0,"Temp I/O Read Time":0.0,"Temp I/O Write Time":0.0}]}]}]}]}]},{"Node Type":"Index Only Scan","Parent Relationship":"Inner","Parallel Aware":false,"Async Capable":false,"Scan Direction":"Forward","Index Name":"stock_pk","Relation Name":"stock","Schema":"public","Alias":"stock","Startup Cost":0.44,"Total Cost":519363.62,"Plan Rows":20000212,"Plan Width":6,"Actual Startup Time":0.051,"Actual Total Time":1405.946,"Actual Rows":19999994,"Actual Loops":1,"Output":["stock.s_w_id","stock.s_i_id"],"Heap Fetches":0,"Shared Hit Blocks":54673,"Shared Read Blocks":0,"Shared Dirtied Blocks":0,"Shared Written Blocks":0,"Local Hit Blocks":0,"Local Read Blocks":0,"Local Dirtied Blocks":0,"Local Written Blocks":0,"Temp Read Blocks":0,"Temp Written Blocks":0,"I/O Read Time":0.0,"I/O Write Time":0.0,"Temp I/O Read Time":0.0,"Temp I/O Write Time":0.0}]},{"Node Type":"Hash","Parent Relationship":"Inner","Parallel Aware":false,"Async Capable":false,"Startup Cost":219.01,"Total Cost":219.01,"Plan Rows":10001,"Plan Width":8,"Actual Startup Time":3.374,"Actual Total Time":3.378,"Actual Rows":10000,"Actual Loops":1,"Output":["supplier.su_suppkey","supplier.su_nationkey"],"Hash Buckets":16384,"Original Hash Buckets":16384,"Hash Batches":1,"Original Hash Batches":1,"Peak Memory Usage":519,"Shared Hit Blocks":0,"Shared Read Blocks":0,"Shared Dirtied Blocks":0,"Shared Written Blocks":0,"Local Hit Blocks":0,"Local Read Blocks":0,"Local Dirtied Blocks":0,"Local Written Blocks":0,"Temp Read Blocks":0,"Temp Written Blocks":0,"I/O Read Time":0.0,"I/O Write Time":0.0,"Temp I/O Read Time":0.0,"Temp I/O Write Time":0.0,"Plans":[{"Node Type":"Append","Parent Relationship":"Outer","Parallel Aware":false,"Async Capable":false,"Startup Cost":20.0,"Total Cost":219.01,"Plan Rows":10001,"Plan Width":8,"Actual Startup Time":0.012,"Actual Total Time":2.087,"Actual Rows":10000,"Actual Loops":1,"Shared Hit Blocks":0,"Shared Read Blocks":0,"Shared Dirtied Blocks":0,"Shared Written Blocks":0,"Local Hit Blocks":0,"Local Read Blocks":0,"Local Dirtied Blocks":0,"Local Written Blocks":0,"Temp Read Blocks":0,"Temp Written Blocks":0,"I/O Read Time":0.0,"I/O Write Time":0.0,"Temp I/O Read Time":0.0,"Temp I/O Write Time":0.0,"Subplans Removed":0,"Plans":[{"Node Type":"Custom Scan","Parent Relationship":"Member","Custom Plan Provider":"columnar scan","Parallel Aware":false,"Async Capable":false,"Relation Name":"supplier","Schema":"public","Alias":"supplier","Startup Cost":20.0,"Total Cost":215.0,"Plan Rows":10000,"Plan Width":8,"Actual Startup Time":0.011,"Actual Total Time":1.386,"Actual Rows":10000,"Actual Loops":1,"Output":["supplier.su_suppkey","supplier.su_nationkey"],"Rows Removed by Columnar Filter":0,"Columnar cache search mode":"native","Shared Hit Blocks":0,"Shared Read Blocks":0,"Shared Dirtied Blocks":0,"Shared Written Blocks":0,"Local Hit Blocks":0,"Local Read Blocks":0,"Local Dirtied Blocks":0,"Local Written Blocks":0,"Temp Read Blocks":0,"Temp Written Blocks":0,"I/O Read Time":0.0,"I/O Write Time":0.0,"Temp I/O Read Time":0.0,"Temp I/O Write Time":0.0},{"Node Type":"Seq Scan","Parent Relationship":"Member","Parallel Aware":false,"Async Capable":false,"Relation Name":"supplier","Schema":"public","Alias":"supplier","Startup Cost":0.0,"Total Cost":4.01,"Plan Rows":1,"Plan Width":8,"Actual Startup Time":0.0,"Actual Total Time":0.0,"Actual Rows":0,"Actual Loops":0,"Output":["supplier.su_suppkey","supplier.su_nationkey"],"Shared Hit Blocks":0,"Shared Read Blocks":0,"Shared Dirtied Blocks":0,"Shared Written Blocks":0,"Local Hit Blocks":0,"Local Read Blocks":0,"Local Dirtied Blocks":0,"Local Written Blocks":0,"Temp Read Blocks":0,"Temp Written Blocks":0,"I/O Read Time":0.0,"I/O Write Time":0.0,"Temp I/O Read Time":0.0,"Temp I/O Write Time":0.0}]}]}]}]}]}]},"Planning":{"Shared Hit Blocks":220,"Shared Read Blocks":0,"Shared Dirtied Blocks":0,"Shared Written Blocks":0,"Local Hit Blocks":0,"Local Read Blocks":0,"Local Dirtied Blocks":0,"Local Written Blocks":0,"Temp Read Blocks":0,"Temp Written Blocks":0,"I/O Read Time":0.0,"I/O Write Time":0.0,"Temp I/O Read Time":0.0,"Temp I/O Write Time":0.0},"Planning Time":4.09,"Triggers":[],"Execution Time":35428.875}]
[列存组合]: order_line, orders
[{"Plan":{"Node Type":"Sort","Parallel Aware":false,"Async Capable":false,"Startup Cost":4055674.03,"Total Cost":4055674.18,"Plan Rows":62,"Plan Width":40,"Actual Startup Time":21154.156,"Actual Total Time":21154.188,"Actual Rows":11,"Actual Loops":1,"Output":["nation.n_name","(sum(order_line.ol_amount))"],"Sort Key":["(sum(order_line.ol_amount)) DESC"],"Sort Method":"quicksort","Sort Space Used":25,"Sort Space Type":"Memory","Shared Hit Blocks":514882,"Shared Read Blocks":0,"Shared Dirtied Blocks":0,"Shared Written Blocks":0,"Local Hit Blocks":0,"Local Read Blocks":0,"Local Dirtied Blocks":0,"Local Written Blocks":0,"Temp Read Blocks":131755,"Temp Written Blocks":131809,"I/O Read Time":0.0,"I/O Write Time":0.0,"Temp I/O Read Time":202.868,"Temp I/O Write Time":548.219,"Plans":[{"Node Type":"Aggregate","Strategy":"Sorted","Partial Mode":"Simple","Parent Relationship":"Outer","Parallel Aware":false,"Async Capable":false,"Startup Cost":4055520.39,"Total Cost":4055672.18,"Plan Rows":62,"Plan Width":40,"Actual Startup Time":21148.295,"Actual Total Time":21154.171,"Actual Rows":11,"Actual Loops":1,"Output":["nation.n_name","sum(order_line.ol_amount)"],"Group Key":["nation.n_name"],"Shared Hit Blocks":514882,"Shared Read Blocks":0,"Shared Dirtied Blocks":0,"Shared Written Blocks":0,"Local Hit Blocks":0,"Local Read Blocks":0,"Local Dirtied Blocks":0,"Local Written Blocks":0,"Temp Read Blocks":131755,"Temp Written Blocks":131809,"I/O Read Time":0.0,"I/O Write Time":0.0,"Temp I/O Read Time":202.868,"Temp I/O Write Time":548.219,"Plans":[{"Node Type":"Sort","Parent Relationship":"Outer","Parallel Aware":false,"Async Capable":false,"Startup Cost":4055520.39,"Total Cost":4055570.73,"Plan Rows":20136,"Plan Width":12,"Actual Startup Time":21147.861,"Actual Total Time":21149.659,"Actual Rows":35044,"Actual Loops":1,"Output":["nation.n_name","order_line.ol_amount"],"Sort Key":["nation.n_name"],"Sort Method":"quicksort","Sort Space Used":3146,"Sort Space Type":"Memory","Shared Hit Blocks":514882,"Shared Read Blocks":0,"Shared Dirtied Blocks":0,"Shared Written Blocks":0,"Local Hit Blocks":0,"Local Read Blocks":0,"Local Dirtied Blocks":0,"Local Written Blocks":0,"Temp Read Blocks":131755,"Temp Written Blocks":131809,"I/O Read Time":0.0,"I/O Write Time":0.0,"Temp I/O Read Time":202.868,"Temp I/O Write Time":548.219,"Plans":[{"Node Type":"Hash Join","Parent Relationship":"Outer","Parallel Aware":false,"Async Capable":false,"Join Type":"Inner","Startup Cost":3406212.94,"Total Cost":4054080.92,"Plan Rows":20136,"Plan Width":12,"Actual Startup Time":17230.972,"Actual Total Time":21129.01,"Actual Rows":35044,"Actual Loops":1,"Output":["nation.n_name","order_line.ol_amount"],"Inner Unique":true,"Hash Cond":"((mod((stock.s_w_id * stock.s_i_id), 10000) = supplier.su_suppkey) AND (customer.c_nationkey = supplier.su_nationkey))","Shared Hit Blocks":514882,"Shared Read Blocks":0,"Shared Dirtied Blocks":0,"Shared Written Blocks":0,"Local Hit Blocks":0,"Local Read Blocks":0,"Local Dirtied Blocks":0,"Local Written Blocks":0,"Temp Read Blocks":131755,"Temp Written Blocks":131809,"I/O Read Time":0.0,"I/O Write Time":0.0,"Temp I/O Read Time":202.868,"Temp I/O Write Time":548.219,"Plans":[{"Node Type":"Merge Join","Parent Relationship":"Outer","Parallel Aware":false,"Async Capable":false,"Join Type":"Inner","Startup Cost":3405745.94,"Total Cost":4046778.94,"Plan Rows":1242717,"Plan Width":26,"Actual Startup Time":17227.951,"Actual Total Time":20849.063,"Actual Rows":2218175,"Actual Loops":1,"Output":["customer.c_nationkey","order_line.ol_amount","stock.s_w_id","stock.s_i_id","nation.n_name","nation.n_nationkey"],"Inner Unique":true,"Merge Cond":"((customer.c_w_id = stock.s_w_id) AND (order_line.ol_i_id = stock.s_i_id))","Shared Hit Blocks":514665,"Shared Read Blocks":0,"Shared Dirtied Blocks":0,"Shared Written Blocks":0,"Local Hit Blocks":0,"Local Read Blocks":0,"Local Dirtied Blocks":0,"Local Written Blocks":0,"Temp Read Blocks":131755,"Temp Written Blocks":131809,"I/O Read Time":0.0,"I/O Write Time":0.0,"Temp I/O Read Time":202.868,"Temp I/O Write Time":548.219,"Plans":[{"Node Type":"Sort","Parent Relationship":"Outer","Parallel Aware":false,"Async Capable":false,"Startup Cost":3405745.5,"Total Cost":3408826.04,"Plan Rows":1232214,"Plan Width":30,"Actual Startup Time":17227.883,"Actual Total Time":17823.837,"Actual Rows":2218175,"Actual Loops":1,"Output":["customer.c_w_id","customer.c_nationkey","orders.o_w_id","order_line.ol_amount","order_line.ol_w_id","order_line.ol_i_id","nation.n_name","nation.n_nationkey"],"Sort Key":["customer.c_w_id","order_line.ol_i_id"],"Sort Method":"external merge","Sort Space Used":94520,"Sort Space Type":"Disk","Shared Hit Blocks":459992,"Shared Read Blocks":0,"Shared Dirtied Blocks":0,"Shared Written Blocks":0,"Local Hit Blocks":0,"Local Read Blocks":0,"Local Dirtied Blocks":0,"Local Written Blocks":0,"Temp Read Blocks":131755,"Temp Written Blocks":131809,"I/O Read Time":0.0,"I/O Write Time":0.0,"Temp I/O Read Time":202.868,"Temp I/O Write Time":548.219,"Plans":[{"Node Type":"Hash Join","Parent Relationship":"Outer","Parallel Aware":false,"Async Capable":false,"Join Type":"Inner","Startup Cost":805488.83,"Total Cost":3222121.67,"Plan Rows":1232214,"Plan Width":30,"Actual Startup Time":3226.65,"Actual Total Time":14602.354,"Actual Rows":2218175,"Actual Loops":1,"Output":["customer.c_w_id","customer.c_nationkey","orders.o_w_id","order_line.ol_amount","order_line.ol_w_id","order_line.ol_i_id","nation.n_name","nation.n_nationkey"],"Inner Unique":false,"Hash Cond":"(customer.c_nationkey = nation.n_nationkey)","Shared Hit Blocks":459992,"Shared Read Blocks":0,"Shared Dirtied Blocks":0,"Shared Written Blocks":0,"Local Hit Blocks":0,"Local Read Blocks":0,"Local Dirtied Blocks":0,"Local Written Blocks":0,"Temp Read Blocks":108135,"Temp Written Blocks":108135,"I/O Read Time":0.0,"I/O Write Time":0.0,"Temp I/O Read Time":168.318,"Temp I/O Write Time":486.19,"Plans":[{"Node Type":"Hash Join","Parent Relationship":"Outer","Parallel Aware":false,"Async Capable":false,"Join Type":"Inner","Startup Cost":805485.69,"Total Cost":3187089.86,"Plan Rows":6161071,"Plan Width":18,"Actual Startup Time":3219.889,"Actual Total Time":13768.983,"Actual Rows":8568663,"Actual Loops":1,"Output":["customer.c_w_id","customer.c_nationkey","orders.o_w_id","order_line.ol_amount","order_line.ol_w_id","order_line.ol_i_id"],"Inner Unique":true,"Hash Cond":"((orders.o_c_id = customer.c_id) AND (orders.o_w_id = customer.c_w_id) AND (orders.o_d_id = customer.c_d_id))","Shared Hit Blocks":459990,"Shared Read Blocks":0,"Shared Dirtied Blocks":0,"Shared Written Blocks":0,"Local Hit Blocks":0,"Local Read Blocks":0,"Local Dirtied Blocks":0,"Local Written Blocks":0,"Temp Read Blocks":108135,"Temp Written Blocks":108135,"I/O Read Time":0.0,"I/O Write Time":0.0,"Temp I/O Read Time":168.318,"Temp I/O Write Time":486.19,"Plans":[{"Node Type":"Hash Join","Parent Relationship":"Outer","Parallel Aware":false,"Async Capable":false,"Join Type":"Inner","Startup Cost":151193.84,"Total Cost":2382779.57,"Plan Rows":6161071,"Plan Width":20,"Actual Startup Time":412.728,"Actual Total Time":6687.956,"Actual Rows":8568663,"Actual Loops":1,"Output":["orders.o_c_id","orders.o_w_id","orders.o_d_id","order_line.ol_amount","order_line.ol_w_id","order_line.ol_d_id","order_line.ol_i_id"],"Inner Unique":true,"Hash Cond":"((order_line.ol_w_id = orders.o_w_id) AND (order_line.ol_d_id = orders.o_d_id) AND (order_line.ol_o_id = orders.o_id))","Shared Hit Blocks":0,"Shared Read Blocks":0,"Shared Dirtied Blocks":0,"Shared Written Blocks":0,"Local Hit Blocks":0,"Local Read Blocks":0,"Local Dirtied Blocks":0,"Local Written Blocks":0,"Temp Read Blocks":43816,"Temp Written Blocks":43816,"I/O Read Time":0.0,"I/O Write Time":0.0,"Temp I/O Read Time":68.49,"Temp I/O Write Time":186.743,"Plans":[{"Node Type":"Append","Parent Relationship":"Outer","Parallel Aware":false,"Async Capable":false,"Startup Cost":20.0,"Total Cost":1403598.82,"Plan Rows":42039468,"Plan Width":20,"Actual Startup Time":1.362,"Actual Total Time":2583.562,"Actual Rows":8620885,"Actual Loops":1,"Shared Hit Blocks":0,"Shared Read Blocks":0,"Shared Dirtied Blocks":0,"Shared Written Blocks":0,"Local Hit Blocks":0,"Local Read Blocks":0,"Local Dirtied Blocks":0,"Local Written Blocks":0,"Temp Read Blocks":0,"Temp Written Blocks":0,"I/O Read Time":0.0,"I/O Write Time":0.0,"Temp I/O Read Time":0.0,"Temp I/O Write Time":0.0,"Subplans Removed":0,"Plans":[{"Node Type":"Custom Scan","Parent Relationship":"Member","Custom Plan Provider":"columnar scan","Parallel Aware":false,"Async Capable":false,"Relation Name":"order_line","Schema":"public","Alias":"order_line","Startup Cost":20.0,"Total Cost":1072026.23,"Plan Rows":42039424,"Plan Width":20,"Actual Startup Time":1.361,"Actual Total Time":1979.924,"Actual Rows":8620885,"Actual Loops":1,"Output":["order_line.ol_amount","order_line.ol_o_id","order_line.ol_w_id","order_line.ol_d_id","order_line.ol_i_id"],"Filter":"(order_line.ol_delivery_d >= '1992-01-02 20:10:02.27764'::timestamp without time zone)","Rows Removed by Filter":0,"Rows Removed by Columnar Filter":51372876,"Rows Filtered by Bloom Filter":0,"Dictionary Rows Filtered by Bloom Filter":51372876,"Columnar cache search mode":"native","Shared Hit Blocks":0,"Shared Read Blocks":0,"Shared Dirtied Blocks":0,"Shared Written Blocks":0,"Local Hit Blocks":0,"Local Read Blocks":0,"Local Dirtied Blocks":0,"Local Written Blocks":0,"Temp Read Blocks":0,"Temp Written Blocks":0,"I/O Read Time":0.0,"I/O Write Time":0.0,"Temp I/O Read Time":0.0,"Temp I/O Write Time":0.0},{"Node Type":"Seq Scan","Parent Relationship":"Member","Parallel Aware":false,"Async Capable":false,"Relation Name":"order_line","Schema":"public","Alias":"order_line","Startup Cost":0.0,"Total Cost":4.79,"Plan Rows":44,"Plan Width":20,"Actual Startup Time":0.0,"Actual Total Time":0.0,"Actual Rows":0,"Actual Loops":0,"Output":["order_line.ol_amount","order_line.ol_o_id","order_line.ol_w_id","order_line.ol_d_id","order_line.ol_i_id"],"Filter":"(order_line.ol_delivery_d >= '1992-01-02 20:10:02.27764'::timestamp without time zone)","Rows Removed by Filter":0,"Shared Hit Blocks":0,"Shared Read Blocks":0,"Shared Dirtied Blocks":0,"Shared Written Blocks":0,"Local Hit Blocks":0,"Local Read Blocks":0,"Local Dirtied Blocks":0,"Local Written Blocks":0,"Temp Read Blocks":0,"Temp Written Blocks":0,"I/O Read Time":0.0,"I/O Write Time":0.0,"Temp I/O Read Time":0.0,"Temp I/O Write Time":0.0}]},{"Node Type":"Hash","Parent Relationship":"Inner","Parallel Aware":false,"Async Capable":false,"Startup Cost":131491.69,"Total Cost":131491.69,"Plan Rows":879323,"Plan Width":16,"Actual Startup Time":410.056,"Actual Total Time":410.062,"Actual Rows":856801,"Actual Loops":1,"Output":["orders.o_c_id","orders.o_w_id","orders.o_d_id","orders.o_id"],"Hash Buckets":262144,"Original Hash Buckets":262144,"Hash Batches":8,"Original Hash Batches":8,"Peak Memory Usage":7070,"Shared Hit Blocks":0,"Shared Read Blocks":0,"Shared Dirtied Blocks":0,"Shared Written Blocks":0,"Local Hit Blocks":0,"Local Read Blocks":0,"Local Dirtied Blocks":0,"Local Written Blocks":0,"Temp Read Blocks":0,"Temp Written Blocks":3290,"I/O Read Time":0.0,"I/O Write Time":0.0,"Temp I/O Read Time":0.0,"Temp I/O Write Time":14.226,"Plans":[{"Node Type":"Append","Parent Relationship":"Outer","Parallel Aware":false,"Async Capable":false,"Startup Cost":20.0,"Total Cost":131491.69,"Plan Rows":879323,"Plan Width":16,"Actual Startup Time":0.484,"Actual Total Time":207.656,"Actual Rows":856801,"Actual Loops":1,"Shared Hit Blocks":0,"Shared Read Blocks":0,"Shared Dirtied Blocks":0,"Shared Written Blocks":0,"Local Hit Blocks":0,"Local Read Blocks":0,"Local Dirtied Blocks":0,"Local Written Blocks":0,"Temp Read Blocks":0,"Temp Written Blocks":0,"I/O Read Time":0.0,"I/O Write Time":0.0,"Temp I/O Read Time":0.0,"Temp I/O Write Time":0.0,"Subplans Removed":0,"Plans":[{"Node Type":"Custom Scan","Parent Relationship":"Member","Custom Plan Provider":"columnar scan","Parallel Aware":false,"Async Capable":false,"Relation Name":"orders","Schema":"public","Alias":"orders","Startup Cost":20.0,"Total Cost":20684.21,"Plan Rows":879322,"Plan Width":16,"Actual Startup Time":0.482,"Actual Total Time":145.42,"Actual Rows":856801,"Actual Loops":1,"Output":["orders.o_c_id","orders.o_w_id","orders.o_d_id","orders.o_id"],"Filter":"((orders.o_entry_d < '1994-01-02 20:10:02.27764'::timestamp without time zone) AND (orders.o_entry_d >= '1993-01-02 20:10:02.27764'::timestamp without time zone))","Rows Removed by Filter":0,"Rows Removed by Columnar Filter":5143199,"Columnar cache search mode":"native","Shared Hit Blocks":0,"Shared Read Blocks":0,"Shared Dirtied Blocks":0,"Shared Written Blocks":0,"Local Hit Blocks":0,"Local Read Blocks":0,"Local Dirtied Blocks":0,"Local Written Blocks":0,"Temp Read Blocks":0,"Temp Written Blocks":0,"I/O Read Time":0.0,"I/O Write Time":0.0,"Temp I/O Read Time":0.0,"Temp I/O Write Time":0.0},{"Node Type":"Seq Scan","Parent Relationship":"Member","Parallel Aware":false,"Async Capable":false,"Relation Name":"orders","Schema":"public","Alias":"orders","Startup Cost":0.0,"Total Cost":4.01,"Plan Rows":1,"Plan Width":16,"Actual Startup Time":0.0,"Actual Total Time":0.0,"Actual Rows":0,"Actual Loops":0,"Output":["orders.o_c_id","orders.o_w_id","orders.o_d_id","orders.o_id"],"Filter":"((orders.o_entry_d < '1994-01-02 20:10:02.27764'::timestamp without time zone) AND (orders.o_entry_d >= '1993-01-02 20:10:02.27764'::timestamp without time zone))","Rows Removed by Filter":0,"Shared Hit Blocks":0,"Shared Read Blocks":0,"Shared Dirtied Blocks":0,"Shared Written Blocks":0,"Local Hit Blocks":0,"Local Read Blocks":0,"Local Dirtied Blocks":0,"Local Written Blocks":0,"Temp Read Blocks":0,"Temp Written Blocks":0,"I/O Read Time":0.0,"I/O Write Time":0.0,"Temp I/O Read Time":0.0,"Temp I/O Write Time":0.0}]}]}]},{"Node Type":"Hash","Parent Relationship":"Inner","Parallel Aware":false,"Async Capable":false,"Startup Cost":519991.4,"Total Cost":519991.4,"Plan Rows":6000140,"Plan Width":12,"Actual Startup Time":2800.811,"Actual Total Time":2800.812,"Actual Rows":6000000,"Actual Loops":1,"Output":["customer.c_id","customer.c_w_id","customer.c_d_id","customer.c_nationkey"],"Hash Buckets":262144,"Original Hash Buckets":262144,"Hash Batches":64,"Original Hash Batches":64,"Peak Memory Usage":6073,"Shared Hit Blocks":459990,"Shared Read Blocks":0,"Shared Dirtied Blocks":0,"Shared Written Blocks":0,"Local Hit Blocks":0,"Local Read Blocks":0,"Local Dirtied Blocks":0,"Local Written Blocks":0,"Temp Read Blocks":0,"Temp Written Blocks":23037,"I/O Read Time":0.0,"I/O Write Time":0.0,"Temp I/O Read Time":0.0,"Temp I/O Write Time":111.526,"Plans":[{"Node Type":"Seq Scan","Parent Relationship":"Outer","Parallel Aware":false,"Async Capable":false,"Relation Name":"customer","Schema":"public","Alias":"customer","Startup Cost":0.0,"Total Cost":519991.4,"Plan Rows":6000140,"Plan Width":12,"Actual Startup Time":0.01,"Actual Total Time":1802.194,"Actual Rows":6000000,"Actual Loops":1,"Output":["customer.c_id","customer.c_w_id","customer.c_d_id","customer.c_nationkey"],"Shared Hit Blocks":459990,"Shared Read Blocks":0,"Shared Dirtied Blocks":0,"Shared Written Blocks":0,"Local Hit Blocks":0,"Local Read Blocks":0,"Local Dirtied Blocks":0,"Local Written Blocks":0,"Temp Read Blocks":0,"Temp Written Blocks":0,"I/O Read Time":0.0,"I/O Write Time":0.0,"Temp I/O Read Time":0.0,"Temp I/O Write Time":0.0}]}]},{"Node Type":"Hash","Parent Relationship":"Inner","Parallel Aware":false,"Async Capable":false,"Startup Cost":2.99,"Total Cost":2.99,"Plan Rows":12,"Plan Width":12,"Actual Startup Time":0.039,"Actual Total Time":0.044,"Actual Rows":22,"Actual Loops":1,"Output":["nation.n_name","nation.n_nationkey"],"Hash Buckets":1024,"Original Hash Buckets":1024,"Hash Batches":1,"Original Hash Batches":1,"Peak Memory Usage":9,"Shared Hit Blocks":2,"Shared Read Blocks":0,"Shared Dirtied Blocks":0,"Shared Written Blocks":0,"Local Hit Blocks":0,"Local Read Blocks":0,"Local Dirtied Blocks":0,"Local Written Blocks":0,"Temp Read Blocks":0,"Temp Written Blocks":0,"I/O Read Time":0.0,"I/O Write Time":0.0,"Temp I/O Read Time":0.0,"Temp I/O Write Time":0.0,"Plans":[{"Node Type":"Hash Join","Parent Relationship":"Outer","Parallel Aware":false,"Async Capable":false,"Join Type":"Inner","Startup Cost":1.07,"Total Cost":2.99,"Plan Rows":12,"Plan Width":12,"Actual Startup Time":0.022,"Actual Total Time":0.038,"Actual Rows":22,"Actual Loops":1,"Output":["nation.n_name","nation.n_nationkey"],"Inner Unique":true,"Hash Cond":"(nation.n_regionkey = region.r_regionkey)","Shared Hit Blocks":2,"Shared Read Blocks":0,"Shared Dirtied Blocks":0,"Shared Written Blocks":0,"Local Hit Blocks":0,"Local Read Blocks":0,"Local Dirtied Blocks":0,"Local Written Blocks":0,"Temp Read Blocks":0,"Temp Written Blocks":0,"I/O Read Time":0.0,"I/O Write Time":0.0,"Temp I/O Read Time":0.0,"Temp I/O Write Time":0.0,"Plans":[{"Node Type":"Seq Scan","Parent Relationship":"Outer","Parallel Aware":false,"Async Capable":false,"Relation Name":"nation","Schema":"public","Alias":"nation","Startup Cost":0.0,"Total Cost":1.62,"Plan Rows":62,"Plan Width":16,"Actual Startup Time":0.004,"Actual Total Time":0.008,"Actual Rows":62,"Actual Loops":1,"Output":["nation.n_nationkey","nation.n_name","nation.n_regionkey","nation.n_comment"],"Shared Hit Blocks":1,"Shared Read Blocks":0,"Shared Dirtied Blocks":0,"Shared Written Blocks":0,"Local Hit Blocks":0,"Local Read Blocks":0,"Local Dirtied Blocks":0,"Local Written Blocks":0,"Temp Read Blocks":0,"Temp Written Blocks":0,"I/O Read Time":0.0,"I/O Write Time":0.0,"Temp I/O Read Time":0.0,"Temp I/O Write Time":0.0},{"Node Type":"Hash","Parent Relationship":"Inner","Parallel Aware":false,"Async Capable":false,"Startup Cost":1.06,"Total Cost":1.06,"Plan Rows":1,"Plan Width":4,"Actual Startup Time":0.007,"Actual Total Time":0.009,"Actual Rows":1,"Actual Loops":1,"Output":["region.r_regionkey"],"Hash Buckets":1024,"Original Hash Buckets":1024,"Hash Batches":1,"Original Hash Batches":1,"Peak Memory Usage":9,"Shared Hit Blocks":1,"Shared Read Blocks":0,"Shared Dirtied Blocks":0,"Shared Written Blocks":0,"Local Hit Blocks":0,"Local Read Blocks":0,"Local Dirtied Blocks":0,"Local Written Blocks":0,"Temp Read Blocks":0,"Temp Written Blocks":0,"I/O Read Time":0.0,"I/O Write Time":0.0,"Temp I/O Read Time":0.0,"Temp I/O Write Time":0.0,"Plans":[{"Node Type":"Seq Scan","Parent Relationship":"Outer","Parallel Aware":false,"Async Capable":false,"Relation Name":"region","Schema":"public","Alias":"region","Startup Cost":0.0,"Total Cost":1.06,"Plan Rows":1,"Plan Width":4,"Actual Startup Time":0.006,"Actual Total Time":0.006,"Actual Rows":1,"Actual Loops":1,"Output":["region.r_regionkey"],"Filter":"((region.r_name)::text = 'Europe'::text)","Rows Removed by Filter":4,"Shared Hit Blocks":1,"Shared Read Blocks":0,"Shared Dirtied Blocks":0,"Shared Written Blocks":0,"Local Hit Blocks":0,"Local Read Blocks":0,"Local Dirtied Blocks":0,"Local Written Blocks":0,"Temp Read Blocks":0,"Temp Written Blocks":0,"I/O Read Time":0.0,"I/O Write Time":0.0,"Temp I/O Read Time":0.0,"Temp I/O Write Time":0.0}]}]}]}]}]},{"Node Type":"Index Only Scan","Parent Relationship":"Inner","Parallel Aware":false,"Async Capable":false,"Scan Direction":"Forward","Index Name":"stock_pk","Relation Name":"stock","Schema":"public","Alias":"stock","Startup Cost":0.44,"Total Cost":519363.62,"Plan Rows":20000212,"Plan Width":6,"Actual Startup Time":0.052,"Actual Total Time":1406.969,"Actual Rows":19999994,"Actual Loops":1,"Output":["stock.s_w_id","stock.s_i_id"],"Heap Fetches":0,"Shared Hit Blocks":54673,"Shared Read Blocks":0,"Shared Dirtied Blocks":0,"Shared Written Blocks":0,"Local Hit Blocks":0,"Local Read Blocks":0,"Local Dirtied Blocks":0,"Local Written Blocks":0,"Temp Read Blocks":0,"Temp Written Blocks":0,"I/O Read Time":0.0,"I/O Write Time":0.0,"Temp I/O Read Time":0.0,"Temp I/O Write Time":0.0}]},{"Node Type":"Hash","Parent Relationship":"Inner","Parallel Aware":false,"Async Capable":false,"Startup Cost":317.0,"Total Cost":317.0,"Plan Rows":10000,"Plan Width":8,"Actual Startup Time":2.58,"Actual Total Time":2.581,"Actual Rows":10000,"Actual Loops":1,"Output":["supplier.su_suppkey","supplier.su_nationkey"],"Hash Buckets":16384,"Original Hash Buckets":16384,"Hash Batches":1,"Original Hash Batches":1,"Peak Memory Usage":519,"Shared Hit Blocks":217,"Shared Read Blocks":0,"Shared Dirtied Blocks":0,"Shared Written Blocks":0,"Local Hit Blocks":0,"Local Read Blocks":0,"Local Dirtied Blocks":0,"Local Written Blocks":0,"Temp Read Blocks":0,"Temp Written Blocks":0,"I/O Read Time":0.0,"I/O Write Time":0.0,"Temp I/O Read Time":0.0,"Temp I/O Write Time":0.0,"Plans":[{"Node Type":"Seq Scan","Parent Relationship":"Outer","Parallel Aware":false,"Async Capable":false,"Relation Name":"supplier","Schema":"public","Alias":"supplier","Startup Cost":0.0,"Total Cost":317.0,"Plan Rows":10000,"Plan Width":8,"Actual Startup Time":0.011,"Actual Total Time":1.301,"Actual Rows":10000,"Actual Loops":1,"Output":["supplier.su_suppkey","supplier.su_nationkey"],"Shared Hit Blocks":217,"Shared Read Blocks":0,"Shared Dirtied Blocks":0,"Shared Written Blocks":0,"Local Hit Blocks":0,"Local Read Blocks":0,"Local Dirtied Blocks":0,"Local Written Blocks":0,"Temp Read Blocks":0,"Temp Written Blocks":0,"I/O Read Time":0.0,"I/O Write Time":0.0,"Temp I/O Read Time":0.0,"Temp I/O Write Time":0.0}]}]}]}]}]},"Planning":{"Shared Hit Blocks":220,"Shared Read Blocks":0,"Shared Dirtied Blocks":0,"Shared Written Blocks":0,"Local Hit Blocks":0,"Local Read Blocks":0,"Local Dirtied Blocks":0,"Local Written Blocks":0,"Temp Read Blocks":0,"Temp Written Blocks":0,"I/O Read Time":0.0,"I/O Write Time":0.0,"Temp I/O Read Time":0.0,"Temp I/O Write Time":0.0},"Planning Time":5.085,"Triggers":[],"Execution Time":21169.4}]
[列存组合]: order_line, region
[{"Plan":{"Node Type":"Sort","Parallel Aware":false,"Async Capable":false,"Startup Cost":4058303.84,"Total Cost":4058304.0,"Plan Rows":62,"Plan Width":40,"Actual Startup Time":21349.366,"Actual Total Time":21349.393,"Actual Rows":11,"Actual Loops":1,"Output":["nation.n_name","(sum(order_line.ol_amount))"],"Sort Key":["(sum(order_line.ol_amount)) DESC"],"Sort Method":"quicksort","Sort Space Used":25,"Sort Space Type":"Memory","Shared Hit Blocks":559004,"Shared Read Blocks":0,"Shared Dirtied Blocks":0,"Shared Written Blocks":0,"Local Hit Blocks":0,"Local Read Blocks":0,"Local Dirtied Blocks":0,"Local Written Blocks":0,"Temp Read Blocks":131755,"Temp Written Blocks":131809,"I/O Read Time":0.0,"I/O Write Time":0.0,"Temp I/O Read Time":203.114,"Temp I/O Write Time":548.451,"Plans":[{"Node Type":"Aggregate","Strategy":"Sorted","Partial Mode":"Simple","Parent Relationship":"Outer","Parallel Aware":false,"Async Capable":false,"Startup Cost":4058150.2,"Total Cost":4058302.0,"Plan Rows":62,"Plan Width":40,"Actual Startup Time":21343.496,"Actual Total Time":21349.377,"Actual Rows":11,"Actual Loops":1,"Output":["nation.n_name","sum(order_line.ol_amount)"],"Group Key":["nation.n_name"],"Shared Hit Blocks":559004,"Shared Read Blocks":0,"Shared Dirtied Blocks":0,"Shared Written Blocks":0,"Local Hit Blocks":0,"Local Read Blocks":0,"Local Dirtied Blocks":0,"Local Written Blocks":0,"Temp Read Blocks":131755,"Temp Written Blocks":131809,"I/O Read Time":0.0,"I/O Write Time":0.0,"Temp I/O Read Time":203.114,"Temp I/O Write Time":548.451,"Plans":[{"Node Type":"Sort","Parent Relationship":"Outer","Parallel Aware":false,"Async Capable":false,"Startup Cost":4058150.2,"Total Cost":4058200.54,"Plan Rows":20136,"Plan Width":12,"Actual Startup Time":21343.065,"Actual Total Time":21344.842,"Actual Rows":35044,"Actual Loops":1,"Output":["nation.n_name","order_line.ol_amount"],"Sort Key":["nation.n_name"],"Sort Method":"quicksort","Sort Space Used":3146,"Sort Space Type":"Memory","Shared Hit Blocks":559004,"Shared Read Blocks":0,"Shared Dirtied Blocks":0,"Shared Written Blocks":0,"Local Hit Blocks":0,"Local Read Blocks":0,"Local Dirtied Blocks":0,"Local Written Blocks":0,"Temp Read Blocks":131755,"Temp Written Blocks":131809,"I/O Read Time":0.0,"I/O Write Time":0.0,"Temp I/O Read Time":203.114,"Temp I/O Write Time":548.451,"Plans":[{"Node Type":"Hash Join","Parent Relationship":"Outer","Parallel Aware":false,"Async Capable":false,"Join Type":"Inner","Startup Cost":3408842.75,"Total Cost":4056710.73,"Plan Rows":20136,"Plan Width":12,"Actual Startup Time":17395.907,"Actual Total Time":21324.186,"Actual Rows":35044,"Actual Loops":1,"Output":["nation.n_name","order_line.ol_amount"],"Inner Unique":true,"Hash Cond":"((mod((stock.s_w_id * stock.s_i_id), 10000) = supplier.su_suppkey) AND (customer.c_nationkey = supplier.su_nationkey))","Shared Hit Blocks":559004,"Shared Read Blocks":0,"Shared Dirtied Blocks":0,"Shared Written Blocks":0,"Local Hit Blocks":0,"Local Read Blocks":0,"Local Dirtied Blocks":0,"Local Written Blocks":0,"Temp Read Blocks":131755,"Temp Written Blocks":131809,"I/O Read Time":0.0,"I/O Write Time":0.0,"Temp I/O Read Time":203.114,"Temp I/O Write Time":548.451,"Plans":[{"Node Type":"Merge Join","Parent Relationship":"Outer","Parallel Aware":false,"Async Capable":false,"Join Type":"Inner","Startup Cost":3408375.75,"Total Cost":4049408.76,"Plan Rows":1242717,"Plan Width":26,"Actual Startup Time":17392.226,"Actual Total Time":21041.157,"Actual Rows":2218175,"Actual Loops":1,"Output":["customer.c_nationkey","order_line.ol_amount","stock.s_w_id","stock.s_i_id","nation.n_name","nation.n_nationkey"],"Inner Unique":true,"Merge Cond":"((customer.c_w_id = stock.s_w_id) AND (order_line.ol_i_id = stock.s_i_id))","Shared Hit Blocks":558787,"Shared Read Blocks":0,"Shared Dirtied Blocks":0,"Shared Written Blocks":0,"Local Hit Blocks":0,"Local Read Blocks":0,"Local Dirtied Blocks":0,"Local Written Blocks":0,"Temp Read Blocks":131755,"Temp Written Blocks":131809,"I/O Read Time":0.0,"I/O Write Time":0.0,"Temp I/O Read Time":203.114,"Temp I/O Write Time":548.451,"Plans":[{"Node Type":"Sort","Parent Relationship":"Outer","Parallel Aware":false,"Async Capable":false,"Startup Cost":3408375.32,"Total Cost":3411455.85,"Plan Rows":1232214,"Plan Width":30,"Actual Startup Time":17392.166,"Actual Total Time":17987.893,"Actual Rows":2218175,"Actual Loops":1,"Output":["customer.c_w_id","customer.c_nationkey","orders.o_w_id","order_line.ol_amount","order_line.ol_w_id","order_line.ol_i_id","nation.n_name","nation.n_nationkey"],"Sort Key":["customer.c_w_id","order_line.ol_i_id"],"Sort Method":"external merge","Sort Space Used":94520,"Sort Space Type":"Disk","Shared Hit Blocks":504114,"Shared Read Blocks":0,"Shared Dirtied Blocks":0,"Shared Written Blocks":0,"Local Hit Blocks":0,"Local Read Blocks":0,"Local Dirtied Blocks":0,"Local Written Blocks":0,"Temp Read Blocks":131755,"Temp Written Blocks":131809,"I/O Read Time":0.0,"I/O Write Time":0.0,"Temp I/O Read Time":203.114,"Temp I/O Write Time":548.451,"Plans":[{"Node Type":"Hash Join","Parent Relationship":"Outer","Parallel Aware":false,"Async Capable":false,"Join Type":"Inner","Startup Cost":808118.65,"Total Cost":3224751.49,"Plan Rows":1232214,"Plan Width":30,"Actual Startup Time":3415.328,"Actual Total Time":14763.72,"Actual Rows":2218175,"Actual Loops":1,"Output":["customer.c_w_id","customer.c_nationkey","orders.o_w_id","order_line.ol_amount","order_line.ol_w_id","order_line.ol_i_id","nation.n_name","nation.n_nationkey"],"Inner Unique":false,"Hash Cond":"(customer.c_nationkey = nation.n_nationkey)","Shared Hit Blocks":504114,"Shared Read Blocks":0,"Shared Dirtied Blocks":0,"Shared Written Blocks":0,"Local Hit Blocks":0,"Local Read Blocks":0,"Local Dirtied Blocks":0,"Local Written Blocks":0,"Temp Read Blocks":108135,"Temp Written Blocks":108135,"I/O Read Time":0.0,"I/O Write Time":0.0,"Temp I/O Read Time":167.574,"Temp I/O Write Time":486.087,"Plans":[{"Node Type":"Hash Join","Parent Relationship":"Outer","Parallel Aware":false,"Async Capable":false,"Join Type":"Inner","Startup Cost":808115.51,"Total Cost":3189719.68,"Plan Rows":6161071,"Plan Width":18,"Actual Startup Time":3408.669,"Actual Total Time":13929.632,"Actual Rows":8568663,"Actual Loops":1,"Output":["customer.c_w_id","customer.c_nationkey","orders.o_w_id","order_line.ol_amount","order_line.ol_w_id","order_line.ol_i_id"],"Inner Unique":true,"Hash Cond":"((orders.o_c_id = customer.c_id) AND (orders.o_w_id = customer.c_w_id) AND (orders.o_d_id = customer.c_d_id))","Shared Hit Blocks":504112,"Shared Read Blocks":0,"Shared Dirtied Blocks":0,"Shared Written Blocks":0,"Local Hit Blocks":0,"Local Read Blocks":0,"Local Dirtied Blocks":0,"Local Written Blocks":0,"Temp Read Blocks":108135,"Temp Written Blocks":108135,"I/O Read Time":0.0,"I/O Write Time":0.0,"Temp I/O Read Time":167.574,"Temp I/O Write Time":486.087,"Plans":[{"Node Type":"Hash Join","Parent Relationship":"Outer","Parallel Aware":false,"Async Capable":false,"Join Type":"Inner","Startup Cost":153823.65,"Total Cost":2385409.38,"Plan Rows":6161071,"Plan Width":20,"Actual Startup Time":643.132,"Actual Total Time":6871.45,"Actual Rows":8568663,"Actual Loops":1,"Output":["orders.o_c_id","orders.o_w_id","orders.o_d_id","order_line.ol_amount","order_line.ol_w_id","order_line.ol_d_id","order_line.ol_i_id"],"Inner Unique":true,"Hash Cond":"((order_line.ol_w_id = orders.o_w_id) AND (order_line.ol_d_id = orders.o_d_id) AND (order_line.ol_o_id = orders.o_id))","Shared Hit Blocks":44122,"Shared Read Blocks":0,"Shared Dirtied Blocks":0,"Shared Written Blocks":0,"Local Hit Blocks":0,"Local Read Blocks":0,"Local Dirtied Blocks":0,"Local Written Blocks":0,"Temp Read Blocks":43816,"Temp Written Blocks":43816,"I/O Read Time":0.0,"I/O Write Time":0.0,"Temp I/O Read Time":67.505,"Temp I/O Write Time":187.146,"Plans":[{"Node Type":"Append","Parent Relationship":"Outer","Parallel Aware":false,"Async Capable":false,"Startup Cost":20.0,"Total Cost":1403598.82,"Plan Rows":42039468,"Plan Width":20,"Actual Startup Time":1.427,"Actual Total Time":2576.144,"Actual Rows":8620885,"Actual Loops":1,"Shared Hit Blocks":0,"Shared Read Blocks":0,"Shared Dirtied Blocks":0,"Shared Written Blocks":0,"Local Hit Blocks":0,"Local Read Blocks":0,"Local Dirtied Blocks":0,"Local Written Blocks":0,"Temp Read Blocks":0,"Temp Written Blocks":0,"I/O Read Time":0.0,"I/O Write Time":0.0,"Temp I/O Read Time":0.0,"Temp I/O Write Time":0.0,"Subplans Removed":0,"Plans":[{"Node Type":"Custom Scan","Parent Relationship":"Member","Custom Plan Provider":"columnar scan","Parallel Aware":false,"Async Capable":false,"Relation Name":"order_line","Schema":"public","Alias":"order_line","Startup Cost":20.0,"Total Cost":1072026.23,"Plan Rows":42039424,"Plan Width":20,"Actual Startup Time":1.425,"Actual Total Time":1971.937,"Actual Rows":8620885,"Actual Loops":1,"Output":["order_line.ol_amount","order_line.ol_o_id","order_line.ol_w_id","order_line.ol_d_id","order_line.ol_i_id"],"Filter":"(order_line.ol_delivery_d >= '1992-01-02 20:10:02.27764'::timestamp without time zone)","Rows Removed by Filter":0,"Rows Removed by Columnar Filter":51372876,"Rows Filtered by Bloom Filter":0,"Dictionary Rows Filtered by Bloom Filter":51372876,"Columnar cache search mode":"native","Shared Hit Blocks":0,"Shared Read Blocks":0,"Shared Dirtied Blocks":0,"Shared Written Blocks":0,"Local Hit Blocks":0,"Local Read Blocks":0,"Local Dirtied Blocks":0,"Local Written Blocks":0,"Temp Read Blocks":0,"Temp Written Blocks":0,"I/O Read Time":0.0,"I/O Write Time":0.0,"Temp I/O Read Time":0.0,"Temp I/O Write Time":0.0},{"Node Type":"Seq Scan","Parent Relationship":"Member","Parallel Aware":false,"Async Capable":false,"Relation Name":"order_line","Schema":"public","Alias":"order_line","Startup Cost":0.0,"Total Cost":4.79,"Plan Rows":44,"Plan Width":20,"Actual Startup Time":0.0,"Actual Total Time":0.0,"Actual Rows":0,"Actual Loops":0,"Output":["order_line.ol_amount","order_line.ol_o_id","order_line.ol_w_id","order_line.ol_d_id","order_line.ol_i_id"],"Filter":"(order_line.ol_delivery_d >= '1992-01-02 20:10:02.27764'::timestamp without time zone)","Rows Removed by Filter":0,"Shared Hit Blocks":0,"Shared Read Blocks":0,"Shared Dirtied Blocks":0,"Shared Written Blocks":0,"Local Hit Blocks":0,"Local Read Blocks":0,"Local Dirtied Blocks":0,"Local Written Blocks":0,"Temp Read Blocks":0,"Temp Written Blocks":0,"I/O Read Time":0.0,"I/O Write Time":0.0,"Temp I/O Read Time":0.0,"Temp I/O Write Time":0.0}]},{"Node Type":"Hash","Parent Relationship":"Inner","Parallel Aware":false,"Async Capable":false,"Startup Cost":134121.52,"Total Cost":134121.52,"Plan Rows":879322,"Plan Width":16,"Actual Startup Time":640.441,"Actual Total Time":640.443,"Actual Rows":856801,"Actual Loops":1,"Output":["orders.o_c_id","orders.o_w_id","orders.o_d_id","orders.o_id"],"Hash Buckets":262144,"Original Hash Buckets":262144,"Hash Batches":8,"Original Hash Batches":8,"Peak Memory Usage":7070,"Shared Hit Blocks":44122,"Shared Read Blocks":0,"Shared Dirtied Blocks":0,"Shared Written Blocks":0,"Local Hit Blocks":0,"Local Read Blocks":0,"Local Dirtied Blocks":0,"Local Written Blocks":0,"Temp Read Blocks":0,"Temp Written Blocks":3290,"I/O Read Time":0.0,"I/O Write Time":0.0,"Temp I/O Read Time":0.0,"Temp I/O Write Time":15.028,"Plans":[{"Node Type":"Seq Scan","Parent Relationship":"Outer","Parallel Aware":false,"Async Capable":false,"Relation Name":"orders","Schema":"public","Alias":"orders","Startup Cost":0.0,"Total Cost":134121.52,"Plan Rows":879322,"Plan Width":16,"Actual Startup Time":0.602,"Actual Total Time":443.581,"Actual Rows":856801,"Actual Loops":1,"Output":["orders.o_c_id","orders.o_w_id","orders.o_d_id","orders.o_id"],"Filter":"((orders.o_entry_d >= '1993-01-02 20:10:02.27764'::timestamp without time zone) AND (orders.o_entry_d < '1994-01-02 20:10:02.27764'::timestamp without time zone))","Rows Removed by Filter":5143199,"Shared Hit Blocks":44122,"Shared Read Blocks":0,"Shared Dirtied Blocks":0,"Shared Written Blocks":0,"Local Hit Blocks":0,"Local Read Blocks":0,"Local Dirtied Blocks":0,"Local Written Blocks":0,"Temp Read Blocks":0,"Temp Written Blocks":0,"I/O Read Time":0.0,"I/O Write Time":0.0,"Temp I/O Read Time":0.0,"Temp I/O Write Time":0.0}]}]},{"Node Type":"Hash","Parent Relationship":"Inner","Parallel Aware":false,"Async Capable":false,"Startup Cost":519991.4,"Total Cost":519991.4,"Plan Rows":6000140,"Plan Width":12,"Actual Startup Time":2759.33,"Actual Total Time":2759.331,"Actual Rows":6000000,"Actual Loops":1,"Output":["customer.c_id","customer.c_w_id","customer.c_d_id","customer.c_nationkey"],"Hash Buckets":262144,"Original Hash Buckets":262144,"Hash Batches":64,"Original Hash Batches":64,"Peak Memory Usage":6073,"Shared Hit Blocks":459990,"Shared Read Blocks":0,"Shared Dirtied Blocks":0,"Shared Written Blocks":0,"Local Hit Blocks":0,"Local Read Blocks":0,"Local Dirtied Blocks":0,"Local Written Blocks":0,"Temp Read Blocks":0,"Temp Written Blocks":23037,"I/O Read Time":0.0,"I/O Write Time":0.0,"Temp I/O Read Time":0.0,"Temp I/O Write Time":111.116,"Plans":[{"Node Type":"Seq Scan","Parent Relationship":"Outer","Parallel Aware":false,"Async Capable":false,"Relation Name":"customer","Schema":"public","Alias":"customer","Startup Cost":0.0,"Total Cost":519991.4,"Plan Rows":6000140,"Plan Width":12,"Actual Startup Time":0.012,"Actual Total Time":1764.919,"Actual Rows":6000000,"Actual Loops":1,"Output":["customer.c_id","customer.c_w_id","customer.c_d_id","customer.c_nationkey"],"Shared Hit Blocks":459990,"Shared Read Blocks":0,"Shared Dirtied Blocks":0,"Shared Written Blocks":0,"Local Hit Blocks":0,"Local Read Blocks":0,"Local Dirtied Blocks":0,"Local Written Blocks":0,"Temp Read Blocks":0,"Temp Written Blocks":0,"I/O Read Time":0.0,"I/O Write Time":0.0,"Temp I/O Read Time":0.0,"Temp I/O Write Time":0.0}]}]},{"Node Type":"Hash","Parent Relationship":"Inner","Parallel Aware":false,"Async Capable":false,"Startup Cost":2.99,"Total Cost":2.99,"Plan Rows":12,"Plan Width":12,"Actual Startup Time":0.041,"Actual Total Time":0.046,"Actual Rows":22,"Actual Loops":1,"Output":["nation.n_name","nation.n_nationkey"],"Hash Buckets":1024,"Original Hash Buckets":1024,"Hash Batches":1,"Original Hash Batches":1,"Peak Memory Usage":9,"Shared Hit Blocks":2,"Shared Read Blocks":0,"Shared Dirtied Blocks":0,"Shared Written Blocks":0,"Local Hit Blocks":0,"Local Read Blocks":0,"Local Dirtied Blocks":0,"Local Written Blocks":0,"Temp Read Blocks":0,"Temp Written Blocks":0,"I/O Read Time":0.0,"I/O Write Time":0.0,"Temp I/O Read Time":0.0,"Temp I/O Write Time":0.0,"Plans":[{"Node Type":"Hash Join","Parent Relationship":"Outer","Parallel Aware":false,"Async Capable":false,"Join Type":"Inner","Startup Cost":1.07,"Total Cost":2.99,"Plan Rows":12,"Plan Width":12,"Actual Startup Time":0.024,"Actual Total Time":0.039,"Actual Rows":22,"Actual Loops":1,"Output":["nation.n_name","nation.n_nationkey"],"Inner Unique":true,"Hash Cond":"(nation.n_regionkey = region.r_regionkey)","Shared Hit Blocks":2,"Shared Read Blocks":0,"Shared Dirtied Blocks":0,"Shared Written Blocks":0,"Local Hit Blocks":0,"Local Read Blocks":0,"Local Dirtied Blocks":0,"Local Written Blocks":0,"Temp Read Blocks":0,"Temp Written Blocks":0,"I/O Read Time":0.0,"I/O Write Time":0.0,"Temp I/O Read Time":0.0,"Temp I/O Write Time":0.0,"Plans":[{"Node Type":"Seq Scan","Parent Relationship":"Outer","Parallel Aware":false,"Async Capable":false,"Relation Name":"nation","Schema":"public","Alias":"nation","Startup Cost":0.0,"Total Cost":1.62,"Plan Rows":62,"Plan Width":16,"Actual Startup Time":0.005,"Actual Total Time":0.009,"Actual Rows":62,"Actual Loops":1,"Output":["nation.n_nationkey","nation.n_name","nation.n_regionkey","nation.n_comment"],"Shared Hit Blocks":1,"Shared Read Blocks":0,"Shared Dirtied Blocks":0,"Shared Written Blocks":0,"Local Hit Blocks":0,"Local Read Blocks":0,"Local Dirtied Blocks":0,"Local Written Blocks":0,"Temp Read Blocks":0,"Temp Written Blocks":0,"I/O Read Time":0.0,"I/O Write Time":0.0,"Temp I/O Read Time":0.0,"Temp I/O Write Time":0.0},{"Node Type":"Hash","Parent Relationship":"Inner","Parallel Aware":false,"Async Capable":false,"Startup Cost":1.06,"Total Cost":1.06,"Plan Rows":1,"Plan Width":4,"Actual Startup Time":0.008,"Actual Total Time":0.008,"Actual Rows":1,"Actual Loops":1,"Output":["region.r_regionkey"],"Hash Buckets":1024,"Original Hash Buckets":1024,"Hash Batches":1,"Original Hash Batches":1,"Peak Memory Usage":9,"Shared Hit Blocks":1,"Shared Read Blocks":0,"Shared Dirtied Blocks":0,"Shared Written Blocks":0,"Local Hit Blocks":0,"Local Read Blocks":0,"Local Dirtied Blocks":0,"Local Written Blocks":0,"Temp Read Blocks":0,"Temp Written Blocks":0,"I/O Read Time":0.0,"I/O Write Time":0.0,"Temp I/O Read Time":0.0,"Temp I/O Write Time":0.0,"Plans":[{"Node Type":"Seq Scan","Parent Relationship":"Outer","Parallel Aware":false,"Async Capable":false,"Relation Name":"region","Schema":"public","Alias":"region","Startup Cost":0.0,"Total Cost":1.06,"Plan Rows":1,"Plan Width":4,"Actual Startup Time":0.006,"Actual Total Time":0.006,"Actual Rows":1,"Actual Loops":1,"Output":["region.r_regionkey"],"Filter":"((region.r_name)::text = 'Europe'::text)","Rows Removed by Filter":4,"Shared Hit Blocks":1,"Shared Read Blocks":0,"Shared Dirtied Blocks":0,"Shared Written Blocks":0,"Local Hit Blocks":0,"Local Read Blocks":0,"Local Dirtied Blocks":0,"Local Written Blocks":0,"Temp Read Blocks":0,"Temp Written Blocks":0,"I/O Read Time":0.0,"I/O Write Time":0.0,"Temp I/O Read Time":0.0,"Temp I/O Write Time":0.0}]}]}]}]}]},{"Node Type":"Index Only Scan","Parent Relationship":"Inner","Parallel Aware":false,"Async Capable":false,"Scan Direction":"Forward","Index Name":"stock_pk","Relation Name":"stock","Schema":"public","Alias":"stock","Startup Cost":0.44,"Total Cost":519363.62,"Plan Rows":20000212,"Plan Width":6,"Actual Startup Time":0.045,"Actual Total Time":1409.016,"Actual Rows":19999994,"Actual Loops":1,"Output":["stock.s_w_id","stock.s_i_id"],"Heap Fetches":0,"Shared Hit Blocks":54673,"Shared Read Blocks":0,"Shared Dirtied Blocks":0,"Shared Written Blocks":0,"Local Hit Blocks":0,"Local Read Blocks":0,"Local Dirtied Blocks":0,"Local Written Blocks":0,"Temp Read Blocks":0,"Temp Written Blocks":0,"I/O Read Time":0.0,"I/O Write Time":0.0,"Temp I/O Read Time":0.0,"Temp I/O Write Time":0.0}]},{"Node Type":"Hash","Parent Relationship":"Inner","Parallel Aware":false,"Async Capable":false,"Startup Cost":317.0,"Total Cost":317.0,"Plan Rows":10000,"Plan Width":8,"Actual Startup Time":3.245,"Actual Total Time":3.245,"Actual Rows":10000,"Actual Loops":1,"Output":["supplier.su_suppkey","supplier.su_nationkey"],"Hash Buckets":16384,"Original Hash Buckets":16384,"Hash Batches":1,"Original Hash Batches":1,"Peak Memory Usage":519,"Shared Hit Blocks":217,"Shared Read Blocks":0,"Shared Dirtied Blocks":0,"Shared Written Blocks":0,"Local Hit Blocks":0,"Local Read Blocks":0,"Local Dirtied Blocks":0,"Local Written Blocks":0,"Temp Read Blocks":0,"Temp Written Blocks":0,"I/O Read Time":0.0,"I/O Write Time":0.0,"Temp I/O Read Time":0.0,"Temp I/O Write Time":0.0,"Plans":[{"Node Type":"Seq Scan","Parent Relationship":"Outer","Parallel Aware":false,"Async Capable":false,"Relation Name":"supplier","Schema":"public","Alias":"supplier","Startup Cost":0.0,"Total Cost":317.0,"Plan Rows":10000,"Plan Width":8,"Actual Startup Time":0.01,"Actual Total Time":1.932,"Actual Rows":10000,"Actual Loops":1,"Output":["supplier.su_suppkey","supplier.su_nationkey"],"Shared Hit Blocks":217,"Shared Read Blocks":0,"Shared Dirtied Blocks":0,"Shared Written Blocks":0,"Local Hit Blocks":0,"Local Read Blocks":0,"Local Dirtied Blocks":0,"Local Written Blocks":0,"Temp Read Blocks":0,"Temp Written Blocks":0,"I/O Read Time":0.0,"I/O Write Time":0.0,"Temp I/O Read Time":0.0,"Temp I/O Write Time":0.0}]}]}]}]}]},"Planning":{"Shared Hit Blocks":220,"Shared Read Blocks":0,"Shared Dirtied Blocks":0,"Shared Written Blocks":0,"Local Hit Blocks":0,"Local Read Blocks":0,"Local Dirtied Blocks":0,"Local Written Blocks":0,"Temp Read Blocks":0,"Temp Written Blocks":0,"I/O Read Time":0.0,"I/O Write Time":0.0,"Temp I/O Read Time":0.0,"Temp I/O Write Time":0.0},"Planning Time":4.939,"Triggers":[],"Execution Time":21364.457}]
[列存组合]: order_line, stock
[{"Plan":{"Node Type":"Sort","Parallel Aware":false,"Async Capable":false,"Startup Cost":2401720.42,"Total Cost":2401720.58,"Plan Rows":62,"Plan Width":40,"Actual Startup Time":12275.057,"Actual Total Time":12275.092,"Actual Rows":11,"Actual Loops":1,"Output":["nation.n_name","(sum(order_line.ol_amount))"],"Sort Key":["(sum(order_line.ol_amount)) DESC"],"Sort Method":"quicksort","Sort Space Used":25,"Sort Space Type":"Memory","Shared Hit Blocks":504331,"Shared Read Blocks":0,"Shared Dirtied Blocks":0,"Shared Written Blocks":0,"Local Hit Blocks":0,"Local Read Blocks":0,"Local Dirtied Blocks":0,"Local Written Blocks":0,"Temp Read Blocks":67001,"Temp Written Blocks":67001,"I/O Read Time":0.0,"I/O Write Time":0.0,"Temp I/O Read Time":104.405,"Temp I/O Write Time":324.078,"Plans":[{"Node Type":"Aggregate","Strategy":"Sorted","Partial Mode":"Simple","Parent Relationship":"Outer","Parallel Aware":false,"Async Capable":false,"Startup Cost":2401566.78,"Total Cost":2401718.58,"Plan Rows":62,"Plan Width":40,"Actual Startup Time":12267.735,"Actual Total Time":12275.074,"Actual Rows":11,"Actual Loops":1,"Output":["nation.n_name","sum(order_line.ol_amount)"],"Group Key":["nation.n_name"],"Shared Hit Blocks":504331,"Shared Read Blocks":0,"Shared Dirtied Blocks":0,"Shared Written Blocks":0,"Local Hit Blocks":0,"Local Read Blocks":0,"Local Dirtied Blocks":0,"Local Written Blocks":0,"Temp Read Blocks":67001,"Temp Written Blocks":67001,"I/O Read Time":0.0,"I/O Write Time":0.0,"Temp I/O Read Time":104.405,"Temp I/O Write Time":324.078,"Plans":[{"Node Type":"Sort","Parent Relationship":"Outer","Parallel Aware":false,"Async Capable":false,"Startup Cost":2401566.78,"Total Cost":2401617.12,"Plan Rows":20136,"Plan Width":12,"Actual Startup Time":12267.299,"Actual Total Time":12269.135,"Actual Rows":35044,"Actual Loops":1,"Output":["nation.n_name","order_line.ol_amount"],"Sort Key":["nation.n_name"],"Sort Method":"quicksort","Sort Space Used":3146,"Sort Space Type":"Memory","Shared Hit Blocks":504331,"Shared Read Blocks":0,"Shared Dirtied Blocks":0,"Shared Written Blocks":0,"Local Hit Blocks":0,"Local Read Blocks":0,"Local Dirtied Blocks":0,"Local Written Blocks":0,"Temp Read Blocks":67001,"Temp Written Blocks":67001,"I/O Read Time":0.0,"I/O Write Time":0.0,"Temp I/O Read Time":104.405,"Temp I/O Write Time":324.078,"Plans":[{"Node Type":"Hash Join","Parent Relationship":"Outer","Parallel Aware":false,"Async Capable":false,"Join Type":"Inner","Startup Cost":882118.44,"Total Cost":2400127.31,"Plan Rows":20136,"Plan Width":12,"Actual Startup Time":5441.799,"Actual Total Time":12250.504,"Actual Rows":35044,"Actual Loops":1,"Output":["nation.n_name","order_line.ol_amount"],"Hash Cond":"((orders.o_c_id = customer.c_id) AND (orders.o_w_id = customer.c_w_id) AND (orders.o_d_id = customer.c_d_id) AND (supplier.su_nationkey = customer.c_nationkey))","Shared Hit Blocks":504331,"Shared Read Blocks":0,"Shared Dirtied Blocks":0,"Shared Written Blocks":0,"Local Hit Blocks":0,"Local Read Blocks":0,"Local Dirtied Blocks":0,"Local Written Blocks":0,"Temp Read Blocks":67001,"Temp Written Blocks":67001,"I/O Read Time":0.0,"I/O Write Time":0.0,"Temp I/O Read Time":104.405,"Temp I/O Write Time":324.078,"Plans":[{"Node Type":"Hash Join","Parent Relationship":"Outer","Parallel Aware":false,"Async Capable":false,"Join Type":"Inner","Startup Cost":212826.24,"Total Cost":1669084.88,"Plan Rows":1242117,"Plan Width":34,"Actual Startup Time":2473.877,"Actual Total Time":7767.913,"Actual Rows":2982388,"Actual Loops":1,"Output":["orders.o_c_id","orders.o_w_id","orders.o_d_id","order_line.ol_amount","order_line.ol_w_id","order_line.ol_d_id","stock.s_w_id","supplier.su_nationkey","nation.n_name","nation.n_nationkey"],"Hash Cond":"((order_line.ol_w_id = orders.o_w_id) AND (order_line.ol_d_id = orders.o_d_id) AND (order_line.ol_o_id = orders.o_id))","Shared Hit Blocks":44341,"Shared Read Blocks":0,"Shared Dirtied Blocks":0,"Shared Written Blocks":0,"Local Hit Blocks":0,"Local Read Blocks":0,"Local Dirtied Blocks":0,"Local Written Blocks":0,"Temp Read Blocks":23127,"Temp Written Blocks":23127,"I/O Read Time":0.0,"I/O Write Time":0.0,"Temp I/O Read Time":36.857,"Temp I/O Write Time":109.186,"Plans":[{"Node Type":"Hash Join","Parent Relationship":"Outer","Parallel Aware":false,"Async Capable":false,"Join Type":"Inner","Startup Cost":59022.58,"Total Cost":1311993.18,"Plan Rows":8467814,"Plan Width":34,"Actual Startup Time":1832.743,"Actual Total Time":5520.818,"Actual Rows":3000322,"Actual Loops":1,"Output":["order_line.ol_amount","order_line.ol_o_id","order_line.ol_w_id","order_line.ol_d_id","stock.s_w_id","supplier.su_nationkey","nation.n_name","nation.n_nationkey"],"Hash Cond":"(mod((stock.s_w_id * stock.s_i_id), 10000) = supplier.su_suppkey)","Shared Hit Blocks":219,"Shared Read Blocks":0,"Shared Dirtied Blocks":0,"Shared Written Blocks":0,"Local Hit Blocks":0,"Local Read Blocks":0,"Local Dirtied Blocks":0,"Local Written Blocks":0,"Temp Read Blocks":0,"Temp Written Blocks":0,"I/O Read Time":0.0,"I/O Write Time":0.0,"Temp I/O Read Time":0.0,"Temp I/O Write Time":0.0,"Plans":[{"Node Type":"Hash Join","Parent Relationship":"Outer","Parallel Aware":false,"Async Capable":false,"Join Type":"Inner","Startup Cost":58620.59,"Total Cost":962293.85,"Plan Rows":42339072,"Plan Width":22,"Actual Startup Time":1829.81,"Actual Total Time":4070.905,"Actual Rows":8620885,"Actual Loops":1,"Output":["order_line.ol_amount","order_line.ol_o_id","order_line.ol_w_id","order_line.ol_d_id","stock.s_w_id","stock.s_i_id"],"Hash Cond":"((order_line.ol_w_id = stock.s_w_id) AND (order_line.ol_i_id = stock.s_i_id))","Rows Removed by Bloom Filter":0,"Shared Hit Blocks":0,"Shared Read Blocks":0,"Shared Dirtied Blocks":0,"Shared Written Blocks":0,"Local Hit Blocks":0,"Local Read Blocks":0,"Local Dirtied Blocks":0,"Local Written Blocks":0,"Temp Read Blocks":0,"Temp Written Blocks":0,"I/O Read Time":0.0,"I/O Write Time":0.0,"Temp I/O Read Time":0.0,"Temp I/O Write Time":0.0,"Plans":[{"Node Type":"Append","Parent Relationship":"Outer","Parallel Aware":false,"Async Capable":false,"Startup Cost":20.0,"Total Cost":1072031.01,"Plan Rows":42039468,"Plan Width":20,"Actual Startup Time":248.971,"Actual Total Time":248.983,"Actual Rows":8620885,"Actual Loops":1,"Shared Hit Blocks":0,"Shared Read Blocks":0,"Shared Dirtied Blocks":0,"Shared Written Blocks":0,"Local Hit Blocks":0,"Local Read Blocks":0,"Local Dirtied Blocks":0,"Local Written Blocks":0,"Temp Read Blocks":0,"Temp Written Blocks":0,"I/O Read Time":0.0,"I/O Write Time":0.0,"Temp I/O Read Time":0.0,"Temp I/O Write Time":0.0,"Subplans Removed":0,"Plans":[{"Node Type":"Custom Scan","Parent Relationship":"Member","Custom Plan Provider":"columnar scan","Parallel Aware":false,"Async Capable":false,"Relation Name":"order_line","Schema":"public","Alias":"order_line","Startup Cost":20.0,"Total Cost":1072026.23,"Plan Rows":42039424,"Plan Width":20,"Actual Startup Time":248.967,"Actual Total Time":248.968,"Actual Rows":8620885,"Actual Loops":1,"Output":["order_line.ol_amount","order_line.ol_o_id","order_line.ol_w_id","order_line.ol_d_id","order_line.ol_i_id"],"Filter":"(order_line.ol_delivery_d >= '1992-01-02 20:10:02.27764'::timestamp without time zone)","Rows Removed by Filter":0,"Rows Removed by Columnar Filter":51372876,"Rows Filtered by Bloom Filter":0,"Dictionary Rows Filtered by Bloom Filter":51372876,"Columnar cache search mode":"native","Shared Hit Blocks":0,"Shared Read Blocks":0,"Shared Dirtied Blocks":0,"Shared Written Blocks":0,"Local Hit Blocks":0,"Local Read Blocks":0,"Local Dirtied Blocks":0,"Local Written Blocks":0,"Temp Read Blocks":0,"Temp Written Blocks":0,"I/O Read Time":0.0,"I/O Write Time":0.0,"Temp I/O Read Time":0.0,"Temp I/O Write Time":0.0},{"Node Type":"Seq Scan","Parent Relationship":"Member","Parallel Aware":false,"Async Capable":false,"Relation Name":"order_line","Schema":"public","Alias":"order_line","Startup Cost":0.0,"Total Cost":4.79,"Plan Rows":44,"Plan Width":20,"Actual Startup Time":0.0,"Actual Total Time":0.0,"Actual Rows":0,"Actual Loops":0,"Output":["order_line.ol_amount","order_line.ol_o_id","order_line.ol_w_id","order_line.ol_d_id","order_line.ol_i_id"],"Filter":"(order_line.ol_delivery_d >= '1992-01-02 20:10:02.27764'::timestamp without time zone)","Rows Removed by Filter":0,"Shared Hit Blocks":0,"Shared Read Blocks":0,"Shared Dirtied Blocks":0,"Shared Written Blocks":0,"Local Hit Blocks":0,"Local Read Blocks":0,"Local Dirtied Blocks":0,"Local Written Blocks":0,"Temp Read Blocks":0,"Temp Written Blocks":0,"I/O Read Time":0.0,"I/O Write Time":0.0,"Temp I/O Read Time":0.0,"Temp I/O Write Time":0.0}]},{"Node Type":"Hash","Parent Relationship":"Inner","Parallel Aware":false,"Async Capable":false,"Startup Cost":390026.22,"Total Cost":390026.22,"Plan Rows":20000212,"Plan Width":6,"Actual Rows":20000000,"Actual Loops":1,"Output":["stock.s_w_id","stock.s_i_id"],"Shared Hit Blocks":0,"Shared Read Blocks":0,"Shared Dirtied Blocks":0,"Shared Written Blocks":0,"Local Hit Blocks":0,"Local Read Blocks":0,"Local Dirtied Blocks":0,"Local Written Blocks":0,"Temp Read Blocks":0,"Temp Written Blocks":0,"I/O Read Time":0.0,"I/O Write Time":0.0,"Temp I/O Read Time":0.0,"Temp I/O Write Time":0.0,"Plans":[{"Node Type":"Append","Parent Relationship":"Outer","Parallel Aware":false,"Async Capable":false,"Startup Cost":20.0,"Total Cost":390026.22,"Plan Rows":20000212,"Plan Width":6,"Actual Startup Time":0.475,"Actual Total Time":0.475,"Actual Rows":20000000,"Actual Loops":1,"Shared Hit Blocks":0,"Shared Read Blocks":0,"Shared Dirtied Blocks":0,"Shared Written Blocks":0,"Local Hit Blocks":0,"Local Read Blocks":0,"Local Dirtied Blocks":0,"Local Written Blocks":0,"Temp Read Blocks":0,"Temp Written Blocks":0,"I/O Read Time":0.0,"I/O Write Time":0.0,"Temp I/O Read Time":0.0,"Temp I/O Write Time":0.0,"Subplans Removed":0,"Plans":[{"Node Type":"Custom Scan","Parent Relationship":"Member","Custom Plan Provider":"columnar scan","Parallel Aware":false,"Async Capable":false,"Relation Name":"stock","Schema":"public","Alias":"stock","Startup Cost":20.0,"Total Cost":390020.1,"Plan Rows":20000000,"Plan Width":6,"Actual Startup Time":0.472,"Actual Total Time":0.472,"Actual Rows":20000000,"Actual Loops":1,"Output":["stock.s_w_id","stock.s_i_id"],"Rows Removed by Columnar Filter":0,"Columnar cache search mode":"native","Shared Hit Blocks":0,"Shared Read Blocks":0,"Shared Dirtied Blocks":0,"Shared Written Blocks":0,"Local Hit Blocks":0,"Local Read Blocks":0,"Local Dirtied Blocks":0,"Local Written Blocks":0,"Temp Read Blocks":0,"Temp Written Blocks":0,"I/O Read Time":0.0,"I/O Write Time":0.0,"Temp I/O Read Time":0.0,"Temp I/O Write Time":0.0},{"Node Type":"Seq Scan","Parent Relationship":"Member","Parallel Aware":false,"Async Capable":false,"Relation Name":"stock","Schema":"public","Alias":"stock","Startup Cost":0.0,"Total Cost":6.12,"Plan Rows":212,"Plan Width":6,"Actual Startup Time":0.0,"Actual Total Time":0.0,"Actual Rows":0,"Actual Loops":0,"Output":["stock.s_w_id","stock.s_i_id"],"Shared Hit Blocks":0,"Shared Read Blocks":0,"Shared Dirtied Blocks":0,"Shared Written Blocks":0,"Local Hit Blocks":0,"Local Read Blocks":0,"Local Dirtied Blocks":0,"Local Written Blocks":0,"Temp Read Blocks":0,"Temp Written Blocks":0,"I/O Read Time":0.0,"I/O Write Time":0.0,"Temp I/O Read Time":0.0,"Temp I/O Write Time":0.0}]}]}]},{"Node Type":"Hash","Parent Relationship":"Inner","Parallel Aware":false,"Async Capable":false,"Startup Cost":376.99,"Total Cost":376.99,"Plan Rows":2000,"Plan Width":20,"Actual Startup Time":2.857,"Actual Total Time":2.868,"Actual Rows":3506,"Actual Loops":1,"Output":["supplier.su_suppkey","supplier.su_nationkey","nation.n_name","nation.n_nationkey"],"Hash Buckets":4096,"Original Hash Buckets":2048,"Hash Batches":1,"Original Hash Batches":1,"Peak Memory Usage":217,"Shared Hit Blocks":219,"Shared Read Blocks":0,"Shared Dirtied Blocks":0,"Shared Written Blocks":0,"Local Hit Blocks":0,"Local Read Blocks":0,"Local Dirtied Blocks":0,"Local Written Blocks":0,"Temp Read Blocks":0,"Temp Written Blocks":0,"I/O Read Time":0.0,"I/O Write Time":0.0,"Temp I/O Read Time":0.0,"Temp I/O Write Time":0.0,"Plans":[{"Node Type":"Hash Join","Parent Relationship":"Outer","Parallel Aware":false,"Async Capable":false,"Join Type":"Inner","Startup Cost":3.14,"Total Cost":376.99,"Plan Rows":2000,"Plan Width":20,"Actual Startup Time":0.064,"Actual Total Time":2.292,"Actual Rows":3506,"Actual Loops":1,"Output":["supplier.su_suppkey","supplier.su_nationkey","nation.n_name","nation.n_nationkey"],"Hash Cond":"(supplier.su_nationkey = nation.n_nationkey)","Shared Hit Blocks":219,"Shared Read Blocks":0,"Shared Dirtied Blocks":0,"Shared Written Blocks":0,"Local Hit Blocks":0,"Local Read Blocks":0,"Local Dirtied Blocks":0,"Local Written Blocks":0,"Temp Read Blocks":0,"Temp Written Blocks":0,"I/O Read Time":0.0,"I/O Write Time":0.0,"Temp I/O Read Time":0.0,"Temp I/O Write Time":0.0,"Plans":[{"Node Type":"Seq Scan","Parent Relationship":"Outer","Parallel Aware":false,"Async Capable":false,"Relation Name":"supplier","Schema":"public","Alias":"supplier","Startup Cost":0.0,"Total Cost":317.0,"Plan Rows":10000,"Plan Width":8,"Actual Startup Time":0.011,"Actual Total Time":0.791,"Actual Rows":10000,"Actual Loops":1,"Output":["supplier.su_suppkey","supplier.su_name","supplier.su_address","supplier.su_nationkey","supplier.su_phone","supplier.su_acctbal","supplier.su_comment"],"Shared Hit Blocks":217,"Shared Read Blocks":0,"Shared Dirtied Blocks":0,"Shared Written Blocks":0,"Local Hit Blocks":0,"Local Read Blocks":0,"Local Dirtied Blocks":0,"Local Written Blocks":0,"Temp Read Blocks":0,"Temp Written Blocks":0,"I/O Read Time":0.0,"I/O Write Time":0.0,"Temp I/O Read Time":0.0,"Temp I/O Write Time":0.0},{"Node Type":"Hash","Parent Relationship":"Inner","Parallel Aware":false,"Async Capable":false,"Startup Cost":2.99,"Total Cost":2.99,"Plan Rows":12,"Plan Width":12,"Actual Startup Time":0.044,"Actual Total Time":0.051,"Actual Rows":22,"Actual Loops":1,"Output":["nation.n_name","nation.n_nationkey"],"Hash Buckets":1024,"Original Hash Buckets":1024,"Hash Batches":1,"Original Hash Batches":1,"Peak Memory Usage":9,"Shared Hit Blocks":2,"Shared Read Blocks":0,"Shared Dirtied Blocks":0,"Shared Written Blocks":0,"Local Hit Blocks":0,"Local Read Blocks":0,"Local Dirtied Blocks":0,"Local Written Blocks":0,"Temp Read Blocks":0,"Temp Written Blocks":0,"I/O Read Time":0.0,"I/O Write Time":0.0,"Temp I/O Read Time":0.0,"Temp I/O Write Time":0.0,"Plans":[{"Node Type":"Hash Join","Parent Relationship":"Outer","Parallel Aware":false,"Async Capable":false,"Join Type":"Inner","Startup Cost":1.07,"Total Cost":2.99,"Plan Rows":12,"Plan Width":12,"Actual Startup Time":0.026,"Actual Total Time":0.045,"Actual Rows":22,"Actual Loops":1,"Output":["nation.n_name","nation.n_nationkey"],"Hash Cond":"(nation.n_regionkey = region.r_regionkey)","Shared Hit Blocks":2,"Shared Read Blocks":0,"Shared Dirtied Blocks":0,"Shared Written Blocks":0,"Local Hit Blocks":0,"Local Read Blocks":0,"Local Dirtied Blocks":0,"Local Written Blocks":0,"Temp Read Blocks":0,"Temp Written Blocks":0,"I/O Read Time":0.0,"I/O Write Time":0.0,"Temp I/O Read Time":0.0,"Temp I/O Write Time":0.0,"Plans":[{"Node Type":"Seq Scan","Parent Relationship":"Outer","Parallel Aware":false,"Async Capable":false,"Relation Name":"nation","Schema":"public","Alias":"nation","Startup Cost":0.0,"Total Cost":1.62,"Plan Rows":62,"Plan Width":16,"Actual Startup Time":0.004,"Actual Total Time":0.008,"Actual Rows":62,"Actual Loops":1,"Output":["nation.n_nationkey","nation.n_name","nation.n_regionkey","nation.n_comment"],"Shared Hit Blocks":1,"Shared Read Blocks":0,"Shared Dirtied Blocks":0,"Shared Written Blocks":0,"Local Hit Blocks":0,"Local Read Blocks":0,"Local Dirtied Blocks":0,"Local Written Blocks":0,"Temp Read Blocks":0,"Temp Written Blocks":0,"I/O Read Time":0.0,"I/O Write Time":0.0,"Temp I/O Read Time":0.0,"Temp I/O Write Time":0.0},{"Node Type":"Hash","Parent Relationship":"Inner","Parallel Aware":false,"Async Capable":false,"Startup Cost":1.06,"Total Cost":1.06,"Plan Rows":1,"Plan Width":4,"Actual Startup Time":0.011,"Actual Total Time":0.015,"Actual Rows":1,"Actual Loops":1,"Output":["region.r_regionkey"],"Hash Buckets":1024,"Original Hash Buckets":1024,"Hash Batches":1,"Original Hash Batches":1,"Peak Memory Usage":9,"Shared Hit Blocks":1,"Shared Read Blocks":0,"Shared Dirtied Blocks":0,"Shared Written Blocks":0,"Local Hit Blocks":0,"Local Read Blocks":0,"Local Dirtied Blocks":0,"Local Written Blocks":0,"Temp Read Blocks":0,"Temp Written Blocks":0,"I/O Read Time":0.0,"I/O Write Time":0.0,"Temp I/O Read Time":0.0,"Temp I/O Write Time":0.0,"Plans":[{"Node Type":"Seq Scan","Parent Relationship":"Outer","Parallel Aware":false,"Async Capable":false,"Relation Name":"region","Schema":"public","Alias":"region","Startup Cost":0.0,"Total Cost":1.06,"Plan Rows":1,"Plan Width":4,"Actual Startup Time":0.009,"Actual Total Time":0.01,"Actual Rows":1,"Actual Loops":1,"Output":["region.r_regionkey"],"Filter":"((region.r_name)::text = 'Europe'::text)","Rows Removed by Filter":4,"Shared Hit Blocks":1,"Shared Read Blocks":0,"Shared Dirtied Blocks":0,"Shared Written Blocks":0,"Local Hit Blocks":0,"Local Read Blocks":0,"Local Dirtied Blocks":0,"Local Written Blocks":0,"Temp Read Blocks":0,"Temp Written Blocks":0,"I/O Read Time":0.0,"I/O Write Time":0.0,"Temp I/O Read Time":0.0,"Temp I/O Write Time":0.0}]}]}]}]}]}]},{"Node Type":"Hash","Parent Relationship":"Inner","Parallel Aware":false,"Async Capable":false,"Startup Cost":134121.52,"Total Cost":134121.52,"Plan Rows":879322,"Plan Width":16,"Actual Startup Time":639.526,"Actual Total Time":639.527,"Actual Rows":856801,"Actual Loops":1,"Output":["orders.o_c_id","orders.o_w_id","orders.o_d_id","orders.o_id"],"Hash Buckets":262144,"Original Hash Buckets":262144,"Hash Batches":8,"Original Hash Batches":8,"Peak Memory Usage":7070,"Shared Hit Blocks":44122,"Shared Read Blocks":0,"Shared Dirtied Blocks":0,"Shared Written Blocks":0,"Local Hit Blocks":0,"Local Read Blocks":0,"Local Dirtied Blocks":0,"Local Written Blocks":0,"Temp Read Blocks":0,"Temp Written Blocks":3290,"I/O Read Time":0.0,"I/O Write Time":0.0,"Temp I/O Read Time":0.0,"Temp I/O Write Time":16.066,"Plans":[{"Node Type":"Seq Scan","Parent Relationship":"Outer","Parallel Aware":false,"Async Capable":false,"Relation Name":"orders","Schema":"public","Alias":"orders","Startup Cost":0.0,"Total Cost":134121.52,"Plan Rows":879322,"Plan Width":16,"Actual Startup Time":0.597,"Actual Total Time":439.529,"Actual Rows":856801,"Actual Loops":1,"Output":["orders.o_c_id","orders.o_w_id","orders.o_d_id","orders.o_id"],"Filter":"((orders.o_entry_d >= '1993-01-02 20:10:02.27764'::timestamp without time zone) AND (orders.o_entry_d < '1994-01-02 20:10:02.27764'::timestamp without time zone))","Rows Removed by Filter":5143199,"Shared Hit Blocks":44122,"Shared Read Blocks":0,"Shared Dirtied Blocks":0,"Shared Written Blocks":0,"Local Hit Blocks":0,"Local Read Blocks":0,"Local Dirtied Blocks":0,"Local Written Blocks":0,"Temp Read Blocks":0,"Temp Written Blocks":0,"I/O Read Time":0.0,"I/O Write Time":0.0,"Temp I/O Read Time":0.0,"Temp I/O Write Time":0.0}]}]},{"Node Type":"Hash","Parent Relationship":"Inner","Parallel Aware":false,"Async Capable":false,"Startup Cost":519991.4,"Total Cost":519991.4,"Plan Rows":6000140,"Plan Width":12,"Actual Startup Time":2860.106,"Actual Total Time":2860.106,"Actual Rows":6000000,"Actual Loops":1,"Output":["customer.c_id","customer.c_w_id","customer.c_d_id","customer.c_nationkey"],"Hash Buckets":262144,"Original Hash Buckets":262144,"Hash Batches":64,"Original Hash Batches":64,"Peak Memory Usage":6083,"Shared Hit Blocks":459990,"Shared Read Blocks":0,"Shared Dirtied Blocks":0,"Shared Written Blocks":0,"Local Hit Blocks":0,"Local Read Blocks":0,"Local Dirtied Blocks":0,"Local Written Blocks":0,"Temp Read Blocks":0,"Temp Written Blocks":23035,"I/O Read Time":0.0,"I/O Write Time":0.0,"Temp I/O Read Time":0.0,"Temp I/O Write Time":115.931,"Plans":[{"Node Type":"Seq Scan","Parent Relationship":"Outer","Parallel Aware":false,"Async Capable":false,"Relation Name":"customer","Schema":"public","Alias":"customer","Startup Cost":0.0,"Total Cost":519991.4,"Plan Rows":6000140,"Plan Width":12,"Actual Startup Time":0.031,"Actual Total Time":1818.268,"Actual Rows":6000000,"Actual Loops":1,"Output":["customer.c_id","customer.c_w_id","customer.c_d_id","customer.c_nationkey"],"Shared Hit Blocks":459990,"Shared Read Blocks":0,"Shared Dirtied Blocks":0,"Shared Written Blocks":0,"Local Hit Blocks":0,"Local Read Blocks":0,"Local Dirtied Blocks":0,"Local Written Blocks":0,"Temp Read Blocks":0,"Temp Written Blocks":0,"I/O Read Time":0.0,"I/O Write Time":0.0,"Temp I/O Read Time":0.0,"Temp I/O Write Time":0.0}]}]}]}]}]},"Planning":{"Shared Hit Blocks":246,"Shared Read Blocks":0,"Shared Dirtied Blocks":2,"Shared Written Blocks":0,"Local Hit Blocks":0,"Local Read Blocks":0,"Local Dirtied Blocks":0,"Local Written Blocks":0,"Temp Read Blocks":0,"Temp Written Blocks":0,"I/O Read Time":0.0,"I/O Write Time":0.0,"Temp I/O Read Time":0.0,"Temp I/O Write Time":0.0},"Planning Time":6.984,"Triggers":[],"Execution Time":12279.07}]
[列存组合]: order_line, supplier
[{"Plan":{"Node Type":"Sort","Parallel Aware":false,"Async Capable":false,"Startup Cost":4058205.87,"Total Cost":4058206.02,"Plan Rows":62,"Plan Width":40,"Actual Startup Time":21416.081,"Actual Total Time":21416.113,"Actual Rows":11,"Actual Loops":1,"Output":["nation.n_name","(sum(order_line.ol_amount))"],"Sort Key":["(sum(order_line.ol_amount)) DESC"],"Sort Method":"quicksort","Sort Space Used":25,"Sort Space Type":"Memory","Shared Hit Blocks":558787,"Shared Read Blocks":0,"Shared Dirtied Blocks":0,"Shared Written Blocks":0,"Local Hit Blocks":0,"Local Read Blocks":0,"Local Dirtied Blocks":0,"Local Written Blocks":0,"Temp Read Blocks":131755,"Temp Written Blocks":131809,"I/O Read Time":0.0,"I/O Write Time":0.0,"Temp I/O Read Time":205.434,"Temp I/O Write Time":552.917,"Plans":[{"Node Type":"Aggregate","Strategy":"Sorted","Partial Mode":"Simple","Parent Relationship":"Outer","Parallel Aware":false,"Async Capable":false,"Startup Cost":4058052.23,"Total Cost":4058204.02,"Plan Rows":62,"Plan Width":40,"Actual Startup Time":21410.172,"Actual Total Time":21416.096,"Actual Rows":11,"Actual Loops":1,"Output":["nation.n_name","sum(order_line.ol_amount)"],"Group Key":["nation.n_name"],"Shared Hit Blocks":558787,"Shared Read Blocks":0,"Shared Dirtied Blocks":0,"Shared Written Blocks":0,"Local Hit Blocks":0,"Local Read Blocks":0,"Local Dirtied Blocks":0,"Local Written Blocks":0,"Temp Read Blocks":131755,"Temp Written Blocks":131809,"I/O Read Time":0.0,"I/O Write Time":0.0,"Temp I/O Read Time":205.434,"Temp I/O Write Time":552.917,"Plans":[{"Node Type":"Sort","Parent Relationship":"Outer","Parallel Aware":false,"Async Capable":false,"Startup Cost":4058052.23,"Total Cost":4058102.57,"Plan Rows":20136,"Plan Width":12,"Actual Startup Time":21409.735,"Actual Total Time":21411.54,"Actual Rows":35044,"Actual Loops":1,"Output":["nation.n_name","order_line.ol_amount"],"Sort Key":["nation.n_name"],"Sort Method":"quicksort","Sort Space Used":3146,"Sort Space Type":"Memory","Shared Hit Blocks":558787,"Shared Read Blocks":0,"Shared Dirtied Blocks":0,"Shared Written Blocks":0,"Local Hit Blocks":0,"Local Read Blocks":0,"Local Dirtied Blocks":0,"Local Written Blocks":0,"Temp Read Blocks":131755,"Temp Written Blocks":131809,"I/O Read Time":0.0,"I/O Write Time":0.0,"Temp I/O Read Time":205.434,"Temp I/O Write Time":552.917,"Plans":[{"Node Type":"Hash Join","Parent Relationship":"Outer","Parallel Aware":false,"Async Capable":false,"Join Type":"Inner","Startup Cost":3408744.78,"Total Cost":4056612.76,"Plan Rows":20136,"Plan Width":12,"Actual Startup Time":17468.835,"Actual Total Time":21390.695,"Actual Rows":35044,"Actual Loops":1,"Output":["nation.n_name","order_line.ol_amount"],"Inner Unique":true,"Hash Cond":"((mod((stock.s_w_id * stock.s_i_id), 10000) = supplier.su_suppkey) AND (customer.c_nationkey = supplier.su_nationkey))","Shared Hit Blocks":558787,"Shared Read Blocks":0,"Shared Dirtied Blocks":0,"Shared Written Blocks":0,"Local Hit Blocks":0,"Local Read Blocks":0,"Local Dirtied Blocks":0,"Local Written Blocks":0,"Temp Read Blocks":131755,"Temp Written Blocks":131809,"I/O Read Time":0.0,"I/O Write Time":0.0,"Temp I/O Read Time":205.434,"Temp I/O Write Time":552.917,"Plans":[{"Node Type":"Merge Join","Parent Relationship":"Outer","Parallel Aware":false,"Async Capable":false,"Join Type":"Inner","Startup Cost":3408375.75,"Total Cost":4049408.76,"Plan Rows":1242717,"Plan Width":26,"Actual Startup Time":17465.236,"Actual Total Time":21108.493,"Actual Rows":2218175,"Actual Loops":1,"Output":["customer.c_nationkey","order_line.ol_amount","stock.s_w_id","stock.s_i_id","nation.n_name","nation.n_nationkey"],"Inner Unique":true,"Merge Cond":"((customer.c_w_id = stock.s_w_id) AND (order_line.ol_i_id = stock.s_i_id))","Shared Hit Blocks":558787,"Shared Read Blocks":0,"Shared Dirtied Blocks":0,"Shared Written Blocks":0,"Local Hit Blocks":0,"Local Read Blocks":0,"Local Dirtied Blocks":0,"Local Written Blocks":0,"Temp Read Blocks":131755,"Temp Written Blocks":131809,"I/O Read Time":0.0,"I/O Write Time":0.0,"Temp I/O Read Time":205.434,"Temp I/O Write Time":552.917,"Plans":[{"Node Type":"Sort","Parent Relationship":"Outer","Parallel Aware":false,"Async Capable":false,"Startup Cost":3408375.32,"Total Cost":3411455.85,"Plan Rows":1232214,"Plan Width":30,"Actual Startup Time":17465.176,"Actual Total Time":18061.115,"Actual Rows":2218175,"Actual Loops":1,"Output":["customer.c_w_id","customer.c_nationkey","orders.o_w_id","order_line.ol_amount","order_line.ol_w_id","order_line.ol_i_id","nation.n_name","nation.n_nationkey"],"Sort Key":["customer.c_w_id","order_line.ol_i_id"],"Sort Method":"external merge","Sort Space Used":94520,"Sort Space Type":"Disk","Shared Hit Blocks":504114,"Shared Read Blocks":0,"Shared Dirtied Blocks":0,"Shared Written Blocks":0,"Local Hit Blocks":0,"Local Read Blocks":0,"Local Dirtied Blocks":0,"Local Written Blocks":0,"Temp Read Blocks":131755,"Temp Written Blocks":131809,"I/O Read Time":0.0,"I/O Write Time":0.0,"Temp I/O Read Time":205.434,"Temp I/O Write Time":552.917,"Plans":[{"Node Type":"Hash Join","Parent Relationship":"Outer","Parallel Aware":false,"Async Capable":false,"Join Type":"Inner","Startup Cost":808118.65,"Total Cost":3224751.49,"Plan Rows":1232214,"Plan Width":30,"Actual Startup Time":3470.712,"Actual Total Time":14835.51,"Actual Rows":2218175,"Actual Loops":1,"Output":["customer.c_w_id","customer.c_nationkey","orders.o_w_id","order_line.ol_amount","order_line.ol_w_id","order_line.ol_i_id","nation.n_name","nation.n_nationkey"],"Inner Unique":false,"Hash Cond":"(customer.c_nationkey = nation.n_nationkey)","Shared Hit Blocks":504114,"Shared Read Blocks":0,"Shared Dirtied Blocks":0,"Shared Written Blocks":0,"Local Hit Blocks":0,"Local Read Blocks":0,"Local Dirtied Blocks":0,"Local Written Blocks":0,"Temp Read Blocks":108135,"Temp Written Blocks":108135,"I/O Read Time":0.0,"I/O Write Time":0.0,"Temp I/O Read Time":169.549,"Temp I/O Write Time":490.093,"Plans":[{"Node Type":"Hash Join","Parent Relationship":"Outer","Parallel Aware":false,"Async Capable":false,"Join Type":"Inner","Startup Cost":808115.51,"Total Cost":3189719.68,"Plan Rows":6161071,"Plan Width":18,"Actual Startup Time":3463.973,"Actual Total Time":14000.87,"Actual Rows":8568663,"Actual Loops":1,"Output":["customer.c_w_id","customer.c_nationkey","orders.o_w_id","order_line.ol_amount","order_line.ol_w_id","order_line.ol_i_id"],"Inner Unique":true,"Hash Cond":"((orders.o_c_id = customer.c_id) AND (orders.o_w_id = customer.c_w_id) AND (orders.o_d_id = customer.c_d_id))","Shared Hit Blocks":504112,"Shared Read Blocks":0,"Shared Dirtied Blocks":0,"Shared Written Blocks":0,"Local Hit Blocks":0,"Local Read Blocks":0,"Local Dirtied Blocks":0,"Local Written Blocks":0,"Temp Read Blocks":108135,"Temp Written Blocks":108135,"I/O Read Time":0.0,"I/O Write Time":0.0,"Temp I/O Read Time":169.549,"Temp I/O Write Time":490.093,"Plans":[{"Node Type":"Hash Join","Parent Relationship":"Outer","Parallel Aware":false,"Async Capable":false,"Join Type":"Inner","Startup Cost":153823.65,"Total Cost":2385409.38,"Plan Rows":6161071,"Plan Width":20,"Actual Startup Time":643.304,"Actual Total Time":6877.241,"Actual Rows":8568663,"Actual Loops":1,"Output":["orders.o_c_id","orders.o_w_id","orders.o_d_id","order_line.ol_amount","order_line.ol_w_id","order_line.ol_d_id","order_line.ol_i_id"],"Inner Unique":true,"Hash Cond":"((order_line.ol_w_id = orders.o_w_id) AND (order_line.ol_d_id = orders.o_d_id) AND (order_line.ol_o_id = orders.o_id))","Shared Hit Blocks":44122,"Shared Read Blocks":0,"Shared Dirtied Blocks":0,"Shared Written Blocks":0,"Local Hit Blocks":0,"Local Read Blocks":0,"Local Dirtied Blocks":0,"Local Written Blocks":0,"Temp Read Blocks":43816,"Temp Written Blocks":43816,"I/O Read Time":0.0,"I/O Write Time":0.0,"Temp I/O Read Time":68.537,"Temp I/O Write Time":188.243,"Plans":[{"Node Type":"Append","Parent Relationship":"Outer","Parallel Aware":false,"Async Capable":false,"Startup Cost":20.0,"Total Cost":1403598.82,"Plan Rows":42039468,"Plan Width":20,"Actual Startup Time":1.451,"Actual Total Time":2574.944,"Actual Rows":8620885,"Actual Loops":1,"Shared Hit Blocks":0,"Shared Read Blocks":0,"Shared Dirtied Blocks":0,"Shared Written Blocks":0,"Local Hit Blocks":0,"Local Read Blocks":0,"Local Dirtied Blocks":0,"Local Written Blocks":0,"Temp Read Blocks":0,"Temp Written Blocks":0,"I/O Read Time":0.0,"I/O Write Time":0.0,"Temp I/O Read Time":0.0,"Temp I/O Write Time":0.0,"Subplans Removed":0,"Plans":[{"Node Type":"Custom Scan","Parent Relationship":"Member","Custom Plan Provider":"columnar scan","Parallel Aware":false,"Async Capable":false,"Relation Name":"order_line","Schema":"public","Alias":"order_line","Startup Cost":20.0,"Total Cost":1072026.23,"Plan Rows":42039424,"Plan Width":20,"Actual Startup Time":1.448,"Actual Total Time":1976.225,"Actual Rows":8620885,"Actual Loops":1,"Output":["order_line.ol_amount","order_line.ol_o_id","order_line.ol_w_id","order_line.ol_d_id","order_line.ol_i_id"],"Filter":"(order_line.ol_delivery_d >= '1992-01-02 20:10:02.27764'::timestamp without time zone)","Rows Removed by Filter":0,"Rows Removed by Columnar Filter":51372876,"Rows Filtered by Bloom Filter":0,"Dictionary Rows Filtered by Bloom Filter":51372876,"Columnar cache search mode":"native","Shared Hit Blocks":0,"Shared Read Blocks":0,"Shared Dirtied Blocks":0,"Shared Written Blocks":0,"Local Hit Blocks":0,"Local Read Blocks":0,"Local Dirtied Blocks":0,"Local Written Blocks":0,"Temp Read Blocks":0,"Temp Written Blocks":0,"I/O Read Time":0.0,"I/O Write Time":0.0,"Temp I/O Read Time":0.0,"Temp I/O Write Time":0.0},{"Node Type":"Seq Scan","Parent Relationship":"Member","Parallel Aware":false,"Async Capable":false,"Relation Name":"order_line","Schema":"public","Alias":"order_line","Startup Cost":0.0,"Total Cost":4.79,"Plan Rows":44,"Plan Width":20,"Actual Startup Time":0.0,"Actual Total Time":0.0,"Actual Rows":0,"Actual Loops":0,"Output":["order_line.ol_amount","order_line.ol_o_id","order_line.ol_w_id","order_line.ol_d_id","order_line.ol_i_id"],"Filter":"(order_line.ol_delivery_d >= '1992-01-02 20:10:02.27764'::timestamp without time zone)","Rows Removed by Filter":0,"Shared Hit Blocks":0,"Shared Read Blocks":0,"Shared Dirtied Blocks":0,"Shared Written Blocks":0,"Local Hit Blocks":0,"Local Read Blocks":0,"Local Dirtied Blocks":0,"Local Written Blocks":0,"Temp Read Blocks":0,"Temp Written Blocks":0,"I/O Read Time":0.0,"I/O Write Time":0.0,"Temp I/O Read Time":0.0,"Temp I/O Write Time":0.0}]},{"Node Type":"Hash","Parent Relationship":"Inner","Parallel Aware":false,"Async Capable":false,"Startup Cost":134121.52,"Total Cost":134121.52,"Plan Rows":879322,"Plan Width":16,"Actual Startup Time":640.561,"Actual Total Time":640.564,"Actual Rows":856801,"Actual Loops":1,"Output":["orders.o_c_id","orders.o_w_id","orders.o_d_id","orders.o_id"],"Hash Buckets":262144,"Original Hash Buckets":262144,"Hash Batches":8,"Original Hash Batches":8,"Peak Memory Usage":7070,"Shared Hit Blocks":44122,"Shared Read Blocks":0,"Shared Dirtied Blocks":0,"Shared Written Blocks":0,"Local Hit Blocks":0,"Local Read Blocks":0,"Local Dirtied Blocks":0,"Local Written Blocks":0,"Temp Read Blocks":0,"Temp Written Blocks":3290,"I/O Read Time":0.0,"I/O Write Time":0.0,"Temp I/O Read Time":0.0,"Temp I/O Write Time":15.112,"Plans":[{"Node Type":"Seq Scan","Parent Relationship":"Outer","Parallel Aware":false,"Async Capable":false,"Relation Name":"orders","Schema":"public","Alias":"orders","Startup Cost":0.0,"Total Cost":134121.52,"Plan Rows":879322,"Plan Width":16,"Actual Startup Time":0.6,"Actual Total Time":440.727,"Actual Rows":856801,"Actual Loops":1,"Output":["orders.o_c_id","orders.o_w_id","orders.o_d_id","orders.o_id"],"Filter":"((orders.o_entry_d >= '1993-01-02 20:10:02.27764'::timestamp without time zone) AND (orders.o_entry_d < '1994-01-02 20:10:02.27764'::timestamp without time zone))","Rows Removed by Filter":5143199,"Shared Hit Blocks":44122,"Shared Read Blocks":0,"Shared Dirtied Blocks":0,"Shared Written Blocks":0,"Local Hit Blocks":0,"Local Read Blocks":0,"Local Dirtied Blocks":0,"Local Written Blocks":0,"Temp Read Blocks":0,"Temp Written Blocks":0,"I/O Read Time":0.0,"I/O Write Time":0.0,"Temp I/O Read Time":0.0,"Temp I/O Write Time":0.0}]}]},{"Node Type":"Hash","Parent Relationship":"Inner","Parallel Aware":false,"Async Capable":false,"Startup Cost":519991.4,"Total Cost":519991.4,"Plan Rows":6000140,"Plan Width":12,"Actual Startup Time":2814.392,"Actual Total Time":2814.394,"Actual Rows":6000000,"Actual Loops":1,"Output":["customer.c_id","customer.c_w_id","customer.c_d_id","customer.c_nationkey"],"Hash Buckets":262144,"Original Hash Buckets":262144,"Hash Batches":64,"Original Hash Batches":64,"Peak Memory Usage":6073,"Shared Hit Blocks":459990,"Shared Read Blocks":0,"Shared Dirtied Blocks":0,"Shared Written Blocks":0,"Local Hit Blocks":0,"Local Read Blocks":0,"Local Dirtied Blocks":0,"Local Written Blocks":0,"Temp Read Blocks":0,"Temp Written Blocks":23037,"I/O Read Time":0.0,"I/O Write Time":0.0,"Temp I/O Read Time":0.0,"Temp I/O Write Time":112.071,"Plans":[{"Node Type":"Seq Scan","Parent Relationship":"Outer","Parallel Aware":false,"Async Capable":false,"Relation Name":"customer","Schema":"public","Alias":"customer","Startup Cost":0.0,"Total Cost":519991.4,"Plan Rows":6000140,"Plan Width":12,"Actual Startup Time":0.012,"Actual Total Time":1803.363,"Actual Rows":6000000,"Actual Loops":1,"Output":["customer.c_id","customer.c_w_id","customer.c_d_id","customer.c_nationkey"],"Shared Hit Blocks":459990,"Shared Read Blocks":0,"Shared Dirtied Blocks":0,"Shared Written Blocks":0,"Local Hit Blocks":0,"Local Read Blocks":0,"Local Dirtied Blocks":0,"Local Written Blocks":0,"Temp Read Blocks":0,"Temp Written Blocks":0,"I/O Read Time":0.0,"I/O Write Time":0.0,"Temp I/O Read Time":0.0,"Temp I/O Write Time":0.0}]}]},{"Node Type":"Hash","Parent Relationship":"Inner","Parallel Aware":false,"Async Capable":false,"Startup Cost":2.99,"Total Cost":2.99,"Plan Rows":12,"Plan Width":12,"Actual Startup Time":0.043,"Actual Total Time":0.048,"Actual Rows":22,"Actual Loops":1,"Output":["nation.n_name","nation.n_nationkey"],"Hash Buckets":1024,"Original Hash Buckets":1024,"Hash Batches":1,"Original Hash Batches":1,"Peak Memory Usage":9,"Shared Hit Blocks":2,"Shared Read Blocks":0,"Shared Dirtied Blocks":0,"Shared Written Blocks":0,"Local Hit Blocks":0,"Local Read Blocks":0,"Local Dirtied Blocks":0,"Local Written Blocks":0,"Temp Read Blocks":0,"Temp Written Blocks":0,"I/O Read Time":0.0,"I/O Write Time":0.0,"Temp I/O Read Time":0.0,"Temp I/O Write Time":0.0,"Plans":[{"Node Type":"Hash Join","Parent Relationship":"Outer","Parallel Aware":false,"Async Capable":false,"Join Type":"Inner","Startup Cost":1.07,"Total Cost":2.99,"Plan Rows":12,"Plan Width":12,"Actual Startup Time":0.026,"Actual Total Time":0.042,"Actual Rows":22,"Actual Loops":1,"Output":["nation.n_name","nation.n_nationkey"],"Inner Unique":true,"Hash Cond":"(nation.n_regionkey = region.r_regionkey)","Shared Hit Blocks":2,"Shared Read Blocks":0,"Shared Dirtied Blocks":0,"Shared Written Blocks":0,"Local Hit Blocks":0,"Local Read Blocks":0,"Local Dirtied Blocks":0,"Local Written Blocks":0,"Temp Read Blocks":0,"Temp Written Blocks":0,"I/O Read Time":0.0,"I/O Write Time":0.0,"Temp I/O Read Time":0.0,"Temp I/O Write Time":0.0,"Plans":[{"Node Type":"Seq Scan","Parent Relationship":"Outer","Parallel Aware":false,"Async Capable":false,"Relation Name":"nation","Schema":"public","Alias":"nation","Startup Cost":0.0,"Total Cost":1.62,"Plan Rows":62,"Plan Width":16,"Actual Startup Time":0.008,"Actual Total Time":0.012,"Actual Rows":62,"Actual Loops":1,"Output":["nation.n_nationkey","nation.n_name","nation.n_regionkey","nation.n_comment"],"Shared Hit Blocks":1,"Shared Read Blocks":0,"Shared Dirtied Blocks":0,"Shared Written Blocks":0,"Local Hit Blocks":0,"Local Read Blocks":0,"Local Dirtied Blocks":0,"Local Written Blocks":0,"Temp Read Blocks":0,"Temp Written Blocks":0,"I/O Read Time":0.0,"I/O Write Time":0.0,"Temp I/O Read Time":0.0,"Temp I/O Write Time":0.0},{"Node Type":"Hash","Parent Relationship":"Inner","Parallel Aware":false,"Async Capable":false,"Startup Cost":1.06,"Total Cost":1.06,"Plan Rows":1,"Plan Width":4,"Actual Startup Time":0.009,"Actual Total Time":0.01,"Actual Rows":1,"Actual Loops":1,"Output":["region.r_regionkey"],"Hash Buckets":1024,"Original Hash Buckets":1024,"Hash Batches":1,"Original Hash Batches":1,"Peak Memory Usage":9,"Shared Hit Blocks":1,"Shared Read Blocks":0,"Shared Dirtied Blocks":0,"Shared Written Blocks":0,"Local Hit Blocks":0,"Local Read Blocks":0,"Local Dirtied Blocks":0,"Local Written Blocks":0,"Temp Read Blocks":0,"Temp Written Blocks":0,"I/O Read Time":0.0,"I/O Write Time":0.0,"Temp I/O Read Time":0.0,"Temp I/O Write Time":0.0,"Plans":[{"Node Type":"Seq Scan","Parent Relationship":"Outer","Parallel Aware":false,"Async Capable":false,"Relation Name":"region","Schema":"public","Alias":"region","Startup Cost":0.0,"Total Cost":1.06,"Plan Rows":1,"Plan Width":4,"Actual Startup Time":0.007,"Actual Total Time":0.007,"Actual Rows":1,"Actual Loops":1,"Output":["region.r_regionkey"],"Filter":"((region.r_name)::text = 'Europe'::text)","Rows Removed by Filter":4,"Shared Hit Blocks":1,"Shared Read Blocks":0,"Shared Dirtied Blocks":0,"Shared Written Blocks":0,"Local Hit Blocks":0,"Local Read Blocks":0,"Local Dirtied Blocks":0,"Local Written Blocks":0,"Temp Read Blocks":0,"Temp Written Blocks":0,"I/O Read Time":0.0,"I/O Write Time":0.0,"Temp I/O Read Time":0.0,"Temp I/O Write Time":0.0}]}]}]}]}]},{"Node Type":"Index Only Scan","Parent Relationship":"Inner","Parallel Aware":false,"Async Capable":false,"Scan Direction":"Forward","Index Name":"stock_pk","Relation Name":"stock","Schema":"public","Alias":"stock","Startup Cost":0.44,"Total Cost":519363.62,"Plan Rows":20000212,"Plan Width":6,"Actual Startup Time":0.044,"Actual Total Time":1401.308,"Actual Rows":19999994,"Actual Loops":1,"Output":["stock.s_w_id","stock.s_i_id"],"Heap Fetches":0,"Shared Hit Blocks":54673,"Shared Read Blocks":0,"Shared Dirtied Blocks":0,"Shared Written Blocks":0,"Local Hit Blocks":0,"Local Read Blocks":0,"Local Dirtied Blocks":0,"Local Written Blocks":0,"Temp Read Blocks":0,"Temp Written Blocks":0,"I/O Read Time":0.0,"I/O Write Time":0.0,"Temp I/O Read Time":0.0,"Temp I/O Write Time":0.0}]},{"Node Type":"Hash","Parent Relationship":"Inner","Parallel Aware":false,"Async Capable":false,"Startup Cost":219.01,"Total Cost":219.01,"Plan Rows":10001,"Plan Width":8,"Actual Startup Time":3.089,"Actual Total Time":3.091,"Actual Rows":10000,"Actual Loops":1,"Output":["supplier.su_suppkey","supplier.su_nationkey"],"Hash Buckets":16384,"Original Hash Buckets":16384,"Hash Batches":1,"Original Hash Batches":1,"Peak Memory Usage":519,"Shared Hit Blocks":0,"Shared Read Blocks":0,"Shared Dirtied Blocks":0,"Shared Written Blocks":0,"Local Hit Blocks":0,"Local Read Blocks":0,"Local Dirtied Blocks":0,"Local Written Blocks":0,"Temp Read Blocks":0,"Temp Written Blocks":0,"I/O Read Time":0.0,"I/O Write Time":0.0,"Temp I/O Read Time":0.0,"Temp I/O Write Time":0.0,"Plans":[{"Node Type":"Append","Parent Relationship":"Outer","Parallel Aware":false,"Async Capable":false,"Startup Cost":20.0,"Total Cost":219.01,"Plan Rows":10001,"Plan Width":8,"Actual Startup Time":0.013,"Actual Total Time":1.794,"Actual Rows":10000,"Actual Loops":1,"Shared Hit Blocks":0,"Shared Read Blocks":0,"Shared Dirtied Blocks":0,"Shared Written Blocks":0,"Local Hit Blocks":0,"Local Read Blocks":0,"Local Dirtied Blocks":0,"Local Written Blocks":0,"Temp Read Blocks":0,"Temp Written Blocks":0,"I/O Read Time":0.0,"I/O Write Time":0.0,"Temp I/O Read Time":0.0,"Temp I/O Write Time":0.0,"Subplans Removed":0,"Plans":[{"Node Type":"Custom Scan","Parent Relationship":"Member","Custom Plan Provider":"columnar scan","Parallel Aware":false,"Async Capable":false,"Relation Name":"supplier","Schema":"public","Alias":"supplier","Startup Cost":20.0,"Total Cost":215.0,"Plan Rows":10000,"Plan Width":8,"Actual Startup Time":0.012,"Actual Total Time":1.074,"Actual Rows":10000,"Actual Loops":1,"Output":["supplier.su_suppkey","supplier.su_nationkey"],"Rows Removed by Columnar Filter":0,"Columnar cache search mode":"native","Shared Hit Blocks":0,"Shared Read Blocks":0,"Shared Dirtied Blocks":0,"Shared Written Blocks":0,"Local Hit Blocks":0,"Local Read Blocks":0,"Local Dirtied Blocks":0,"Local Written Blocks":0,"Temp Read Blocks":0,"Temp Written Blocks":0,"I/O Read Time":0.0,"I/O Write Time":0.0,"Temp I/O Read Time":0.0,"Temp I/O Write Time":0.0},{"Node Type":"Seq Scan","Parent Relationship":"Member","Parallel Aware":false,"Async Capable":false,"Relation Name":"supplier","Schema":"public","Alias":"supplier","Startup Cost":0.0,"Total Cost":4.01,"Plan Rows":1,"Plan Width":8,"Actual Startup Time":0.0,"Actual Total Time":0.0,"Actual Rows":0,"Actual Loops":0,"Output":["supplier.su_suppkey","supplier.su_nationkey"],"Shared Hit Blocks":0,"Shared Read Blocks":0,"Shared Dirtied Blocks":0,"Shared Written Blocks":0,"Local Hit Blocks":0,"Local Read Blocks":0,"Local Dirtied Blocks":0,"Local Written Blocks":0,"Temp Read Blocks":0,"Temp Written Blocks":0,"I/O Read Time":0.0,"I/O Write Time":0.0,"Temp I/O Read Time":0.0,"Temp I/O Write Time":0.0}]}]}]}]}]}]},"Planning":{"Shared Hit Blocks":220,"Shared Read Blocks":0,"Shared Dirtied Blocks":0,"Shared Written Blocks":0,"Local Hit Blocks":0,"Local Read Blocks":0,"Local Dirtied Blocks":0,"Local Written Blocks":0,"Temp Read Blocks":0,"Temp Written Blocks":0,"I/O Read Time":0.0,"I/O Write Time":0.0,"Temp I/O Read Time":0.0,"Temp I/O Write Time":0.0},"Planning Time":4.973,"Triggers":[],"Execution Time":21431.818}]
[列存组合]: orders, region
[{"Plan":{"Node Type":"Sort","Parallel Aware":false,"Async Capable":false,"Startup Cost":4083746.0,"Total Cost":4083746.16,"Plan Rows":62,"Plan Width":40,"Actual Startup Time":34508.825,"Actual Total Time":34508.854,"Actual Rows":11,"Actual Loops":1,"Output":["nation.n_name","(sum(order_line.ol_amount))"],"Sort Key":["(sum(order_line.ol_amount)) DESC"],"Sort Method":"quicksort","Sort Space Used":25,"Sort Space Type":"Memory","Shared Hit Blocks":1196630,"Shared Read Blocks":0,"Shared Dirtied Blocks":0,"Shared Written Blocks":0,"Local Hit Blocks":0,"Local Read Blocks":0,"Local Dirtied Blocks":0,"Local Written Blocks":0,"Temp Read Blocks":288611,"Temp Written Blocks":288665,"I/O Read Time":0.0,"I/O Write Time":0.0,"Temp I/O Read Time":437.206,"Temp I/O Write Time":1171.812,"Plans":[{"Node Type":"Aggregate","Strategy":"Sorted","Partial Mode":"Simple","Parent Relationship":"Outer","Parallel Aware":false,"Async Capable":false,"Startup Cost":4083592.36,"Total Cost":4083744.16,"Plan Rows":62,"Plan Width":40,"Actual Startup Time":34502.834,"Actual Total Time":34508.836,"Actual Rows":11,"Actual Loops":1,"Output":["nation.n_name","sum(order_line.ol_amount)"],"Group Key":["nation.n_name"],"Shared Hit Blocks":1196630,"Shared Read Blocks":0,"Shared Dirtied Blocks":0,"Shared Written Blocks":0,"Local Hit Blocks":0,"Local Read Blocks":0,"Local Dirtied Blocks":0,"Local Written Blocks":0,"Temp Read Blocks":288611,"Temp Written Blocks":288665,"I/O Read Time":0.0,"I/O Write Time":0.0,"Temp I/O Read Time":437.206,"Temp I/O Write Time":1171.812,"Plans":[{"Node Type":"Sort","Parent Relationship":"Outer","Parallel Aware":false,"Async Capable":false,"Startup Cost":4083592.36,"Total Cost":4083642.7,"Plan Rows":20136,"Plan Width":12,"Actual Startup Time":34502.394,"Actual Total Time":34504.241,"Actual Rows":35044,"Actual Loops":1,"Output":["nation.n_name","order_line.ol_amount"],"Sort Key":["nation.n_name"],"Sort Method":"quicksort","Sort Space Used":3146,"Sort Space Type":"Memory","Shared Hit Blocks":1196630,"Shared Read Blocks":0,"Shared Dirtied Blocks":0,"Shared Written Blocks":0,"Local Hit Blocks":0,"Local Read Blocks":0,"Local Dirtied Blocks":0,"Local Written Blocks":0,"Temp Read Blocks":288611,"Temp Written Blocks":288665,"I/O Read Time":0.0,"I/O Write Time":0.0,"Temp I/O Read Time":437.206,"Temp I/O Write Time":1171.812,"Plans":[{"Node Type":"Hash Join","Parent Relationship":"Outer","Parallel Aware":false,"Async Capable":false,"Join Type":"Inner","Startup Cost":3434284.91,"Total Cost":4082152.89,"Plan Rows":20136,"Plan Width":12,"Actual Startup Time":30559.776,"Actual Total Time":34483.571,"Actual Rows":35044,"Actual Loops":1,"Output":["nation.n_name","order_line.ol_amount"],"Inner Unique":true,"Hash Cond":"((mod((stock.s_w_id * stock.s_i_id), 10000) = supplier.su_suppkey) AND (customer.c_nationkey = supplier.su_nationkey))","Shared Hit Blocks":1196630,"Shared Read Blocks":0,"Shared Dirtied Blocks":0,"Shared Written Blocks":0,"Local Hit Blocks":0,"Local Read Blocks":0,"Local Dirtied Blocks":0,"Local Written Blocks":0,"Temp Read Blocks":288611,"Temp Written Blocks":288665,"I/O Read Time":0.0,"I/O Write Time":0.0,"Temp I/O Read Time":437.206,"Temp I/O Write Time":1171.812,"Plans":[{"Node Type":"Merge Join","Parent Relationship":"Outer","Parallel Aware":false,"Async Capable":false,"Join Type":"Inner","Startup Cost":3433817.91,"Total Cost":4074850.92,"Plan Rows":1242717,"Plan Width":26,"Actual Startup Time":30556.75,"Actual Total Time":34202.31,"Actual Rows":2218175,"Actual Loops":1,"Output":["customer.c_nationkey","order_line.ol_amount","stock.s_w_id","stock.s_i_id","nation.n_name","nation.n_nationkey"],"Inner Unique":true,"Merge Cond":"((customer.c_w_id = stock.s_w_id) AND (order_line.ol_i_id = stock.s_i_id))","Shared Hit Blocks":1196413,"Shared Read Blocks":0,"Shared Dirtied Blocks":0,"Shared Written Blocks":0,"Local Hit Blocks":0,"Local Read Blocks":0,"Local Dirtied Blocks":0,"Local Written Blocks":0,"Temp Read Blocks":288611,"Temp Written Blocks":288665,"I/O Read Time":0.0,"I/O Write Time":0.0,"Temp I/O Read Time":437.206,"Temp I/O Write Time":1171.812,"Plans":[{"Node Type":"Sort","Parent Relationship":"Outer","Parallel Aware":false,"Async Capable":false,"Startup Cost":3433817.48,"Total Cost":3436898.01,"Plan Rows":1232214,"Plan Width":30,"Actual Startup Time":30556.692,"Actual Total Time":31153.222,"Actual Rows":2218175,"Actual Loops":1,"Output":["customer.c_w_id","customer.c_nationkey","orders.o_w_id","order_line.ol_amount","order_line.ol_w_id","order_line.ol_i_id","nation.n_name","nation.n_nationkey"],"Sort Key":["customer.c_w_id","order_line.ol_i_id"],"Sort Method":"external merge","Sort Space Used":94520,"Sort Space Type":"Disk","Shared Hit Blocks":1141740,"Shared Read Blocks":0,"Shared Dirtied Blocks":0,"Shared Written Blocks":0,"Local Hit Blocks":0,"Local Read Blocks":0,"Local Dirtied Blocks":0,"Local Written Blocks":0,"Temp Read Blocks":288611,"Temp Written Blocks":288665,"I/O Read Time":0.0,"I/O Write Time":0.0,"Temp I/O Read Time":437.206,"Temp I/O Write Time":1171.812,"Plans":[{"Node Type":"Hash Join","Parent Relationship":"Outer","Parallel Aware":false,"Async Capable":false,"Join Type":"Inner","Startup Cost":805468.83,"Total Cost":3250193.65,"Plan Rows":1232214,"Plan Width":30,"Actual Startup Time":3211.433,"Actual Total Time":27918.701,"Actual Rows":2218175,"Actual Loops":1,"Output":["customer.c_w_id","customer.c_nationkey","orders.o_w_id","order_line.ol_amount","order_line.ol_w_id","order_line.ol_i_id","nation.n_name","nation.n_nationkey"],"Inner Unique":false,"Hash Cond":"(customer.c_nationkey = nation.n_nationkey)","Shared Hit Blocks":1141740,"Shared Read Blocks":0,"Shared Dirtied Blocks":0,"Shared Written Blocks":0,"Local Hit Blocks":0,"Local Read Blocks":0,"Local Dirtied Blocks":0,"Local Written Blocks":0,"Temp Read Blocks":264991,"Temp Written Blocks":264991,"I/O Read Time":0.0,"I/O Write Time":0.0,"Temp I/O Read Time":403.133,"Temp I/O Write Time":1109.759,"Plans":[{"Node Type":"Hash Join","Parent Relationship":"Outer","Parallel Aware":false,"Async Capable":false,"Join Type":"Inner","Startup Cost":805465.69,"Total Cost":3215161.84,"Plan Rows":6161071,"Plan Width":18,"Actual Startup Time":3203.698,"Actual Total Time":27077.117,"Actual Rows":8568663,"Actual Loops":1,"Output":["customer.c_w_id","customer.c_nationkey","orders.o_w_id","order_line.ol_amount","order_line.ol_w_id","order_line.ol_i_id"],"Inner Unique":true,"Hash Cond":"((orders.o_c_id = customer.c_id) AND (orders.o_w_id = customer.c_w_id) AND (orders.o_d_id = customer.c_d_id))","Shared Hit Blocks":1141738,"Shared Read Blocks":0,"Shared Dirtied Blocks":0,"Shared Written Blocks":0,"Local Hit Blocks":0,"Local Read Blocks":0,"Local Dirtied Blocks":0,"Local Written Blocks":0,"Temp Read Blocks":264991,"Temp Written Blocks":264991,"I/O Read Time":0.0,"I/O Write Time":0.0,"Temp I/O Read Time":403.133,"Temp I/O Write Time":1109.759,"Plans":[{"Node Type":"Hash Join","Parent Relationship":"Outer","Parallel Aware":false,"Async Capable":false,"Join Type":"Inner","Startup Cost":151173.84,"Total Cost":2410851.54,"Plan Rows":6161071,"Plan Width":20,"Actual Startup Time":382.465,"Actual Total Time":19958.057,"Actual Rows":8568663,"Actual Loops":1,"Output":["orders.o_c_id","orders.o_w_id","orders.o_d_id","order_line.ol_amount","order_line.ol_w_id","order_line.ol_d_id","order_line.ol_i_id"],"Inner Unique":true,"Hash Cond":"((order_line.ol_w_id = orders.o_w_id) AND (order_line.ol_d_id = orders.o_d_id) AND (order_line.ol_o_id = orders.o_id))","Shared Hit Blocks":681748,"Shared Read Blocks":0,"Shared Dirtied Blocks":0,"Shared Written Blocks":0,"Local Hit Blocks":0,"Local Read Blocks":0,"Local Dirtied Blocks":0,"Local Written Blocks":0,"Temp Read Blocks":200672,"Temp Written Blocks":200672,"I/O Read Time":0.0,"I/O Write Time":0.0,"Temp I/O Read Time":303.596,"Temp I/O Write Time":801.482,"Plans":[{"Node Type":"Seq Scan","Parent Relationship":"Outer","Parallel Aware":false,"Async Capable":false,"Relation Name":"order_line","Schema":"public","Alias":"order_line","Startup Cost":0.0,"Total Cost":1431670.8,"Plan Rows":42039468,"Plan Width":20,"Actual Startup Time":0.005,"Actual Total Time":7337.038,"Actual Rows":42000489,"Actual Loops":1,"Output":["order_line.ol_amount","order_line.ol_o_id","order_line.ol_w_id","order_line.ol_d_id","order_line.ol_i_id"],"Filter":"(order_line.ol_delivery_d >= '1992-01-02 20:10:02.27764'::timestamp without time zone)","Rows Removed by Filter":17993272,"Shared Hit Blocks":681748,"Shared Read Blocks":0,"Shared Dirtied Blocks":0,"Shared Written Blocks":0,"Local Hit Blocks":0,"Local Read Blocks":0,"Local Dirtied Blocks":0,"Local Written Blocks":0,"Temp Read Blocks":0,"Temp Written Blocks":0,"I/O Read Time":0.0,"I/O Write Time":0.0,"Temp I/O Read Time":0.0,"Temp I/O Write Time":0.0},{"Node Type":"Hash","Parent Relationship":"Inner","Parallel Aware":false,"Async Capable":false,"Startup Cost":131491.69,"Total Cost":131491.69,"Plan Rows":879323,"Plan Width":16,"Actual Startup Time":348.236,"Actual Total Time":348.247,"Actual Rows":856801,"Actual Loops":1,"Output":["orders.o_c_id","orders.o_w_id","orders.o_d_id","orders.o_id"],"Hash Buckets":262144,"Original Hash Buckets":262144,"Hash Batches":8,"Original Hash Batches":8,"Peak Memory Usage":7070,"Shared Hit Blocks":0,"Shared Read Blocks":0,"Shared Dirtied Blocks":0,"Shared Written Blocks":0,"Local Hit Blocks":0,"Local Read Blocks":0,"Local Dirtied Blocks":0,"Local Written Blocks":0,"Temp Read Blocks":0,"Temp Written Blocks":3290,"I/O Read Time":0.0,"I/O Write Time":0.0,"Temp I/O Read Time":0.0,"Temp I/O Write Time":13.677,"Plans":[{"Node Type":"Append","Parent Relationship":"Outer","Parallel Aware":false,"Async Capable":false,"Startup Cost":20.0,"Total Cost":131491.69,"Plan Rows":879323,"Plan Width":16,"Actual Startup Time":0.531,"Actual Total Time":199.425,"Actual Rows":856801,"Actual Loops":1,"Shared Hit Blocks":0,"Shared Read Blocks":0,"Shared Dirtied Blocks":0,"Shared Written Blocks":0,"Local Hit Blocks":0,"Local Read Blocks":0,"Local Dirtied Blocks":0,"Local Written Blocks":0,"Temp Read Blocks":0,"Temp Written Blocks":0,"I/O Read Time":0.0,"I/O Write Time":0.0,"Temp I/O Read Time":0.0,"Temp I/O Write Time":0.0,"Subplans Removed":0,"Plans":[{"Node Type":"Custom Scan","Parent Relationship":"Member","Custom Plan Provider":"columnar scan","Parallel Aware":false,"Async Capable":false,"Relation Name":"orders","Schema":"public","Alias":"orders","Startup Cost":20.0,"Total Cost":20684.21,"Plan Rows":879322,"Plan Width":16,"Actual Startup Time":0.529,"Actual Total Time":139.314,"Actual Rows":856801,"Actual Loops":1,"Output":["orders.o_c_id","orders.o_w_id","orders.o_d_id","orders.o_id"],"Filter":"((orders.o_entry_d < '1994-01-02 20:10:02.27764'::timestamp without time zone) AND (orders.o_entry_d >= '1993-01-02 20:10:02.27764'::timestamp without time zone))","Rows Removed by Filter":0,"Rows Removed by Columnar Filter":5143199,"Columnar cache search mode":"native","Shared Hit Blocks":0,"Shared Read Blocks":0,"Shared Dirtied Blocks":0,"Shared Written Blocks":0,"Local Hit Blocks":0,"Local Read Blocks":0,"Local Dirtied Blocks":0,"Local Written Blocks":0,"Temp Read Blocks":0,"Temp Written Blocks":0,"I/O Read Time":0.0,"I/O Write Time":0.0,"Temp I/O Read Time":0.0,"Temp I/O Write Time":0.0},{"Node Type":"Seq Scan","Parent Relationship":"Member","Parallel Aware":false,"Async Capable":false,"Relation Name":"orders","Schema":"public","Alias":"orders","Startup Cost":0.0,"Total Cost":4.01,"Plan Rows":1,"Plan Width":16,"Actual Startup Time":0.0,"Actual Total Time":0.0,"Actual Rows":0,"Actual Loops":0,"Output":["orders.o_c_id","orders.o_w_id","orders.o_d_id","orders.o_id"],"Filter":"((orders.o_entry_d < '1994-01-02 20:10:02.27764'::timestamp without time zone) AND (orders.o_entry_d >= '1993-01-02 20:10:02.27764'::timestamp without time zone))","Rows Removed by Filter":0,"Shared Hit Blocks":0,"Shared Read Blocks":0,"Shared Dirtied Blocks":0,"Shared Written Blocks":0,"Local Hit Blocks":0,"Local Read Blocks":0,"Local Dirtied Blocks":0,"Local Written Blocks":0,"Temp Read Blocks":0,"Temp Written Blocks":0,"I/O Read Time":0.0,"I/O Write Time":0.0,"Temp I/O Read Time":0.0,"Temp I/O Write Time":0.0}]}]}]},{"Node Type":"Hash","Parent Relationship":"Inner","Parallel Aware":false,"Async Capable":false,"Startup Cost":519991.4,"Total Cost":519991.4,"Plan Rows":6000140,"Plan Width":12,"Actual Startup Time":2814.212,"Actual Total Time":2814.214,"Actual Rows":6000000,"Actual Loops":1,"Output":["customer.c_id","customer.c_w_id","customer.c_d_id","customer.c_nationkey"],"Hash Buckets":262144,"Original Hash Buckets":262144,"Hash Batches":64,"Original Hash Batches":64,"Peak Memory Usage":6073,"Shared Hit Blocks":459990,"Shared Read Blocks":0,"Shared Dirtied Blocks":0,"Shared Written Blocks":0,"Local Hit Blocks":0,"Local Read Blocks":0,"Local Dirtied Blocks":0,"Local Written Blocks":0,"Temp Read Blocks":0,"Temp Written Blocks":23037,"I/O Read Time":0.0,"I/O Write Time":0.0,"Temp I/O Read Time":0.0,"Temp I/O Write Time":112.641,"Plans":[{"Node Type":"Seq Scan","Parent Relationship":"Outer","Parallel Aware":false,"Async Capable":false,"Relation Name":"customer","Schema":"public","Alias":"customer","Startup Cost":0.0,"Total Cost":519991.4,"Plan Rows":6000140,"Plan Width":12,"Actual Startup Time":0.009,"Actual Total Time":1804.085,"Actual Rows":6000000,"Actual Loops":1,"Output":["customer.c_id","customer.c_w_id","customer.c_d_id","customer.c_nationkey"],"Shared Hit Blocks":459990,"Shared Read Blocks":0,"Shared Dirtied Blocks":0,"Shared Written Blocks":0,"Local Hit Blocks":0,"Local Read Blocks":0,"Local Dirtied Blocks":0,"Local Written Blocks":0,"Temp Read Blocks":0,"Temp Written Blocks":0,"I/O Read Time":0.0,"I/O Write Time":0.0,"Temp I/O Read Time":0.0,"Temp I/O Write Time":0.0}]}]},{"Node Type":"Hash","Parent Relationship":"Inner","Parallel Aware":false,"Async Capable":false,"Startup Cost":2.99,"Total Cost":2.99,"Plan Rows":12,"Plan Width":12,"Actual Startup Time":0.04,"Actual Total Time":0.045,"Actual Rows":22,"Actual Loops":1,"Output":["nation.n_name","nation.n_nationkey"],"Hash Buckets":1024,"Original Hash Buckets":1024,"Hash Batches":1,"Original Hash Batches":1,"Peak Memory Usage":9,"Shared Hit Blocks":2,"Shared Read Blocks":0,"Shared Dirtied Blocks":0,"Shared Written Blocks":0,"Local Hit Blocks":0,"Local Read Blocks":0,"Local Dirtied Blocks":0,"Local Written Blocks":0,"Temp Read Blocks":0,"Temp Written Blocks":0,"I/O Read Time":0.0,"I/O Write Time":0.0,"Temp I/O Read Time":0.0,"Temp I/O Write Time":0.0,"Plans":[{"Node Type":"Hash Join","Parent Relationship":"Outer","Parallel Aware":false,"Async Capable":false,"Join Type":"Inner","Startup Cost":1.07,"Total Cost":2.99,"Plan Rows":12,"Plan Width":12,"Actual Startup Time":0.023,"Actual Total Time":0.038,"Actual Rows":22,"Actual Loops":1,"Output":["nation.n_name","nation.n_nationkey"],"Inner Unique":true,"Hash Cond":"(nation.n_regionkey = region.r_regionkey)","Shared Hit Blocks":2,"Shared Read Blocks":0,"Shared Dirtied Blocks":0,"Shared Written Blocks":0,"Local Hit Blocks":0,"Local Read Blocks":0,"Local Dirtied Blocks":0,"Local Written Blocks":0,"Temp Read Blocks":0,"Temp Written Blocks":0,"I/O Read Time":0.0,"I/O Write Time":0.0,"Temp I/O Read Time":0.0,"Temp I/O Write Time":0.0,"Plans":[{"Node Type":"Seq Scan","Parent Relationship":"Outer","Parallel Aware":false,"Async Capable":false,"Relation Name":"nation","Schema":"public","Alias":"nation","Startup Cost":0.0,"Total Cost":1.62,"Plan Rows":62,"Plan Width":16,"Actual Startup Time":0.004,"Actual Total Time":0.008,"Actual Rows":62,"Actual Loops":1,"Output":["nation.n_nationkey","nation.n_name","nation.n_regionkey","nation.n_comment"],"Shared Hit Blocks":1,"Shared Read Blocks":0,"Shared Dirtied Blocks":0,"Shared Written Blocks":0,"Local Hit Blocks":0,"Local Read Blocks":0,"Local Dirtied Blocks":0,"Local Written Blocks":0,"Temp Read Blocks":0,"Temp Written Blocks":0,"I/O Read Time":0.0,"I/O Write Time":0.0,"Temp I/O Read Time":0.0,"Temp I/O Write Time":0.0},{"Node Type":"Hash","Parent Relationship":"Inner","Parallel Aware":false,"Async Capable":false,"Startup Cost":1.06,"Total Cost":1.06,"Plan Rows":1,"Plan Width":4,"Actual Startup Time":0.008,"Actual Total Time":0.01,"Actual Rows":1,"Actual Loops":1,"Output":["region.r_regionkey"],"Hash Buckets":1024,"Original Hash Buckets":1024,"Hash Batches":1,"Original Hash Batches":1,"Peak Memory Usage":9,"Shared Hit Blocks":1,"Shared Read Blocks":0,"Shared Dirtied Blocks":0,"Shared Written Blocks":0,"Local Hit Blocks":0,"Local Read Blocks":0,"Local Dirtied Blocks":0,"Local Written Blocks":0,"Temp Read Blocks":0,"Temp Written Blocks":0,"I/O Read Time":0.0,"I/O Write Time":0.0,"Temp I/O Read Time":0.0,"Temp I/O Write Time":0.0,"Plans":[{"Node Type":"Seq Scan","Parent Relationship":"Outer","Parallel Aware":false,"Async Capable":false,"Relation Name":"region","Schema":"public","Alias":"region","Startup Cost":0.0,"Total Cost":1.06,"Plan Rows":1,"Plan Width":4,"Actual Startup Time":0.006,"Actual Total Time":0.008,"Actual Rows":1,"Actual Loops":1,"Output":["region.r_regionkey"],"Filter":"((region.r_name)::text = 'Europe'::text)","Rows Removed by Filter":4,"Shared Hit Blocks":1,"Shared Read Blocks":0,"Shared Dirtied Blocks":0,"Shared Written Blocks":0,"Local Hit Blocks":0,"Local Read Blocks":0,"Local Dirtied Blocks":0,"Local Written Blocks":0,"Temp Read Blocks":0,"Temp Written Blocks":0,"I/O Read Time":0.0,"I/O Write Time":0.0,"Temp I/O Read Time":0.0,"Temp I/O Write Time":0.0}]}]}]}]}]},{"Node Type":"Index Only Scan","Parent Relationship":"Inner","Parallel Aware":false,"Async Capable":false,"Scan Direction":"Forward","Index Name":"stock_pk","Relation Name":"stock","Schema":"public","Alias":"stock","Startup Cost":0.44,"Total Cost":519363.62,"Plan Rows":20000212,"Plan Width":6,"Actual Startup Time":0.045,"Actual Total Time":1406.943,"Actual Rows":19999994,"Actual Loops":1,"Output":["stock.s_w_id","stock.s_i_id"],"Heap Fetches":0,"Shared Hit Blocks":54673,"Shared Read Blocks":0,"Shared Dirtied Blocks":0,"Shared Written Blocks":0,"Local Hit Blocks":0,"Local Read Blocks":0,"Local Dirtied Blocks":0,"Local Written Blocks":0,"Temp Read Blocks":0,"Temp Written Blocks":0,"I/O Read Time":0.0,"I/O Write Time":0.0,"Temp I/O Read Time":0.0,"Temp I/O Write Time":0.0}]},{"Node Type":"Hash","Parent Relationship":"Inner","Parallel Aware":false,"Async Capable":false,"Startup Cost":317.0,"Total Cost":317.0,"Plan Rows":10000,"Plan Width":8,"Actual Startup Time":2.588,"Actual Total Time":2.588,"Actual Rows":10000,"Actual Loops":1,"Output":["supplier.su_suppkey","supplier.su_nationkey"],"Hash Buckets":16384,"Original Hash Buckets":16384,"Hash Batches":1,"Original Hash Batches":1,"Peak Memory Usage":519,"Shared Hit Blocks":217,"Shared Read Blocks":0,"Shared Dirtied Blocks":0,"Shared Written Blocks":0,"Local Hit Blocks":0,"Local Read Blocks":0,"Local Dirtied Blocks":0,"Local Written Blocks":0,"Temp Read Blocks":0,"Temp Written Blocks":0,"I/O Read Time":0.0,"I/O Write Time":0.0,"Temp I/O Read Time":0.0,"Temp I/O Write Time":0.0,"Plans":[{"Node Type":"Seq Scan","Parent Relationship":"Outer","Parallel Aware":false,"Async Capable":false,"Relation Name":"supplier","Schema":"public","Alias":"supplier","Startup Cost":0.0,"Total Cost":317.0,"Plan Rows":10000,"Plan Width":8,"Actual Startup Time":0.01,"Actual Total Time":1.313,"Actual Rows":10000,"Actual Loops":1,"Output":["supplier.su_suppkey","supplier.su_nationkey"],"Shared Hit Blocks":217,"Shared Read Blocks":0,"Shared Dirtied Blocks":0,"Shared Written Blocks":0,"Local Hit Blocks":0,"Local Read Blocks":0,"Local Dirtied Blocks":0,"Local Written Blocks":0,"Temp Read Blocks":0,"Temp Written Blocks":0,"I/O Read Time":0.0,"I/O Write Time":0.0,"Temp I/O Read Time":0.0,"Temp I/O Write Time":0.0}]}]}]}]}]},"Planning":{"Shared Hit Blocks":220,"Shared Read Blocks":0,"Shared Dirtied Blocks":0,"Shared Written Blocks":0,"Local Hit Blocks":0,"Local Read Blocks":0,"Local Dirtied Blocks":0,"Local Written Blocks":0,"Temp Read Blocks":0,"Temp Written Blocks":0,"I/O Read Time":0.0,"I/O Write Time":0.0,"Temp I/O Read Time":0.0,"Temp I/O Write Time":0.0},"Planning Time":5.05,"Triggers":[],"Execution Time":34523.398}]
[列存组合]: orders, stock
[{"Plan":{"Node Type":"Sort","Parallel Aware":false,"Async Capable":false,"Startup Cost":4083746.0,"Total Cost":4083746.16,"Plan Rows":62,"Plan Width":40,"Actual Startup Time":34589.855,"Actual Total Time":34589.883,"Actual Rows":11,"Actual Loops":1,"Output":["nation.n_name","(sum(order_line.ol_amount))"],"Sort Key":["(sum(order_line.ol_amount)) DESC"],"Sort Method":"quicksort","Sort Space Used":25,"Sort Space Type":"Memory","Shared Hit Blocks":1196630,"Shared Read Blocks":0,"Shared Dirtied Blocks":0,"Shared Written Blocks":0,"Local Hit Blocks":0,"Local Read Blocks":0,"Local Dirtied Blocks":0,"Local Written Blocks":0,"Temp Read Blocks":288611,"Temp Written Blocks":288665,"I/O Read Time":0.0,"I/O Write Time":0.0,"Temp I/O Read Time":439.745,"Temp I/O Write Time":1183.183,"Plans":[{"Node Type":"Aggregate","Strategy":"Sorted","Partial Mode":"Simple","Parent Relationship":"Outer","Parallel Aware":false,"Async Capable":false,"Startup Cost":4083592.36,"Total Cost":4083744.16,"Plan Rows":62,"Plan Width":40,"Actual Startup Time":34583.826,"Actual Total Time":34589.865,"Actual Rows":11,"Actual Loops":1,"Output":["nation.n_name","sum(order_line.ol_amount)"],"Group Key":["nation.n_name"],"Shared Hit Blocks":1196630,"Shared Read Blocks":0,"Shared Dirtied Blocks":0,"Shared Written Blocks":0,"Local Hit Blocks":0,"Local Read Blocks":0,"Local Dirtied Blocks":0,"Local Written Blocks":0,"Temp Read Blocks":288611,"Temp Written Blocks":288665,"I/O Read Time":0.0,"I/O Write Time":0.0,"Temp I/O Read Time":439.745,"Temp I/O Write Time":1183.183,"Plans":[{"Node Type":"Sort","Parent Relationship":"Outer","Parallel Aware":false,"Async Capable":false,"Startup Cost":4083592.36,"Total Cost":4083642.7,"Plan Rows":20136,"Plan Width":12,"Actual Startup Time":34583.379,"Actual Total Time":34585.247,"Actual Rows":35044,"Actual Loops":1,"Output":["nation.n_name","order_line.ol_amount"],"Sort Key":["nation.n_name"],"Sort Method":"quicksort","Sort Space Used":3146,"Sort Space Type":"Memory","Shared Hit Blocks":1196630,"Shared Read Blocks":0,"Shared Dirtied Blocks":0,"Shared Written Blocks":0,"Local Hit Blocks":0,"Local Read Blocks":0,"Local Dirtied Blocks":0,"Local Written Blocks":0,"Temp Read Blocks":288611,"Temp Written Blocks":288665,"I/O Read Time":0.0,"I/O Write Time":0.0,"Temp I/O Read Time":439.745,"Temp I/O Write Time":1183.183,"Plans":[{"Node Type":"Hash Join","Parent Relationship":"Outer","Parallel Aware":false,"Async Capable":false,"Join Type":"Inner","Startup Cost":3434284.91,"Total Cost":4082152.89,"Plan Rows":20136,"Plan Width":12,"Actual Startup Time":30628.396,"Actual Total Time":34564.287,"Actual Rows":35044,"Actual Loops":1,"Output":["nation.n_name","order_line.ol_amount"],"Inner Unique":true,"Hash Cond":"((mod((stock.s_w_id * stock.s_i_id), 10000) = supplier.su_suppkey) AND (customer.c_nationkey = supplier.su_nationkey))","Shared Hit Blocks":1196630,"Shared Read Blocks":0,"Shared Dirtied Blocks":0,"Shared Written Blocks":0,"Local Hit Blocks":0,"Local Read Blocks":0,"Local Dirtied Blocks":0,"Local Written Blocks":0,"Temp Read Blocks":288611,"Temp Written Blocks":288665,"I/O Read Time":0.0,"I/O Write Time":0.0,"Temp I/O Read Time":439.745,"Temp I/O Write Time":1183.183,"Plans":[{"Node Type":"Merge Join","Parent Relationship":"Outer","Parallel Aware":false,"Async Capable":false,"Join Type":"Inner","Startup Cost":3433817.91,"Total Cost":4074850.92,"Plan Rows":1242717,"Plan Width":26,"Actual Startup Time":30625.394,"Actual Total Time":34279.116,"Actual Rows":2218175,"Actual Loops":1,"Output":["customer.c_nationkey","order_line.ol_amount","stock.s_w_id","stock.s_i_id","nation.n_name","nation.n_nationkey"],"Inner Unique":true,"Merge Cond":"((customer.c_w_id = stock.s_w_id) AND (order_line.ol_i_id = stock.s_i_id))","Shared Hit Blocks":1196413,"Shared Read Blocks":0,"Shared Dirtied Blocks":0,"Shared Written Blocks":0,"Local Hit Blocks":0,"Local Read Blocks":0,"Local Dirtied Blocks":0,"Local Written Blocks":0,"Temp Read Blocks":288611,"Temp Written Blocks":288665,"I/O Read Time":0.0,"I/O Write Time":0.0,"Temp I/O Read Time":439.745,"Temp I/O Write Time":1183.183,"Plans":[{"Node Type":"Sort","Parent Relationship":"Outer","Parallel Aware":false,"Async Capable":false,"Startup Cost":3433817.48,"Total Cost":3436898.01,"Plan Rows":1232214,"Plan Width":30,"Actual Startup Time":30625.319,"Actual Total Time":31220.787,"Actual Rows":2218175,"Actual Loops":1,"Output":["customer.c_w_id","customer.c_nationkey","orders.o_w_id","order_line.ol_amount","order_line.ol_w_id","order_line.ol_i_id","nation.n_name","nation.n_nationkey"],"Sort Key":["customer.c_w_id","order_line.ol_i_id"],"Sort Method":"external merge","Sort Space Used":94520,"Sort Space Type":"Disk","Shared Hit Blocks":1141740,"Shared Read Blocks":0,"Shared Dirtied Blocks":0,"Shared Written Blocks":0,"Local Hit Blocks":0,"Local Read Blocks":0,"Local Dirtied Blocks":0,"Local Written Blocks":0,"Temp Read Blocks":288611,"Temp Written Blocks":288665,"I/O Read Time":0.0,"I/O Write Time":0.0,"Temp I/O Read Time":439.745,"Temp I/O Write Time":1183.183,"Plans":[{"Node Type":"Hash Join","Parent Relationship":"Outer","Parallel Aware":false,"Async Capable":false,"Join Type":"Inner","Startup Cost":805468.83,"Total Cost":3250193.65,"Plan Rows":1232214,"Plan Width":30,"Actual Startup Time":3235.653,"Actual Total Time":27989.078,"Actual Rows":2218175,"Actual Loops":1,"Output":["customer.c_w_id","customer.c_nationkey","orders.o_w_id","order_line.ol_amount","order_line.ol_w_id","order_line.ol_i_id","nation.n_name","nation.n_nationkey"],"Inner Unique":false,"Hash Cond":"(customer.c_nationkey = nation.n_nationkey)","Shared Hit Blocks":1141740,"Shared Read Blocks":0,"Shared Dirtied Blocks":0,"Shared Written Blocks":0,"Local Hit Blocks":0,"Local Read Blocks":0,"Local Dirtied Blocks":0,"Local Written Blocks":0,"Temp Read Blocks":264991,"Temp Written Blocks":264991,"I/O Read Time":0.0,"I/O Write Time":0.0,"Temp I/O Read Time":404.731,"Temp I/O Write Time":1120.263,"Plans":[{"Node Type":"Hash Join","Parent Relationship":"Outer","Parallel Aware":false,"Async Capable":false,"Join Type":"Inner","Startup Cost":805465.69,"Total Cost":3215161.84,"Plan Rows":6161071,"Plan Width":18,"Actual Startup Time":3227.9,"Actual Total Time":27150.41,"Actual Rows":8568663,"Actual Loops":1,"Output":["customer.c_w_id","customer.c_nationkey","orders.o_w_id","order_line.ol_amount","order_line.ol_w_id","order_line.ol_i_id"],"Inner Unique":true,"Hash Cond":"((orders.o_c_id = customer.c_id) AND (orders.o_w_id = customer.c_w_id) AND (orders.o_d_id = customer.c_d_id))","Shared Hit Blocks":1141738,"Shared Read Blocks":0,"Shared Dirtied Blocks":0,"Shared Written Blocks":0,"Local Hit Blocks":0,"Local Read Blocks":0,"Local Dirtied Blocks":0,"Local Written Blocks":0,"Temp Read Blocks":264991,"Temp Written Blocks":264991,"I/O Read Time":0.0,"I/O Write Time":0.0,"Temp I/O Read Time":404.731,"Temp I/O Write Time":1120.263,"Plans":[{"Node Type":"Hash Join","Parent Relationship":"Outer","Parallel Aware":false,"Async Capable":false,"Join Type":"Inner","Startup Cost":151173.84,"Total Cost":2410851.54,"Plan Rows":6161071,"Plan Width":20,"Actual Startup Time":390.741,"Actual Total Time":19996.976,"Actual Rows":8568663,"Actual Loops":1,"Output":["orders.o_c_id","orders.o_w_id","orders.o_d_id","order_line.ol_amount","order_line.ol_w_id","order_line.ol_d_id","order_line.ol_i_id"],"Inner Unique":true,"Hash Cond":"((order_line.ol_w_id = orders.o_w_id) AND (order_line.ol_d_id = orders.o_d_id) AND (order_line.ol_o_id = orders.o_id))","Shared Hit Blocks":681748,"Shared Read Blocks":0,"Shared Dirtied Blocks":0,"Shared Written Blocks":0,"Local Hit Blocks":0,"Local Read Blocks":0,"Local Dirtied Blocks":0,"Local Written Blocks":0,"Temp Read Blocks":200672,"Temp Written Blocks":200672,"I/O Read Time":0.0,"I/O Write Time":0.0,"Temp I/O Read Time":304.373,"Temp I/O Write Time":805.207,"Plans":[{"Node Type":"Seq Scan","Parent Relationship":"Outer","Parallel Aware":false,"Async Capable":false,"Relation Name":"order_line","Schema":"public","Alias":"order_line","Startup Cost":0.0,"Total Cost":1431670.8,"Plan Rows":42039468,"Plan Width":20,"Actual Startup Time":0.008,"Actual Total Time":7355.279,"Actual Rows":42000489,"Actual Loops":1,"Output":["order_line.ol_amount","order_line.ol_o_id","order_line.ol_w_id","order_line.ol_d_id","order_line.ol_i_id"],"Filter":"(order_line.ol_delivery_d >= '1992-01-02 20:10:02.27764'::timestamp without time zone)","Rows Removed by Filter":17993272,"Shared Hit Blocks":681748,"Shared Read Blocks":0,"Shared Dirtied Blocks":0,"Shared Written Blocks":0,"Local Hit Blocks":0,"Local Read Blocks":0,"Local Dirtied Blocks":0,"Local Written Blocks":0,"Temp Read Blocks":0,"Temp Written Blocks":0,"I/O Read Time":0.0,"I/O Write Time":0.0,"Temp I/O Read Time":0.0,"Temp I/O Write Time":0.0},{"Node Type":"Hash","Parent Relationship":"Inner","Parallel Aware":false,"Async Capable":false,"Startup Cost":131491.69,"Total Cost":131491.69,"Plan Rows":879323,"Plan Width":16,"Actual Startup Time":355.979,"Actual Total Time":355.99,"Actual Rows":856801,"Actual Loops":1,"Output":["orders.o_c_id","orders.o_w_id","orders.o_d_id","orders.o_id"],"Hash Buckets":262144,"Original Hash Buckets":262144,"Hash Batches":8,"Original Hash Batches":8,"Peak Memory Usage":7070,"Shared Hit Blocks":0,"Shared Read Blocks":0,"Shared Dirtied Blocks":0,"Shared Written Blocks":0,"Local Hit Blocks":0,"Local Read Blocks":0,"Local Dirtied Blocks":0,"Local Written Blocks":0,"Temp Read Blocks":0,"Temp Written Blocks":3290,"I/O Read Time":0.0,"I/O Write Time":0.0,"Temp I/O Read Time":0.0,"Temp I/O Write Time":14.887,"Plans":[{"Node Type":"Append","Parent Relationship":"Outer","Parallel Aware":false,"Async Capable":false,"Startup Cost":20.0,"Total Cost":131491.69,"Plan Rows":879323,"Plan Width":16,"Actual Startup Time":0.554,"Actual Total Time":199.982,"Actual Rows":856801,"Actual Loops":1,"Shared Hit Blocks":0,"Shared Read Blocks":0,"Shared Dirtied Blocks":0,"Shared Written Blocks":0,"Local Hit Blocks":0,"Local Read Blocks":0,"Local Dirtied Blocks":0,"Local Written Blocks":0,"Temp Read Blocks":0,"Temp Written Blocks":0,"I/O Read Time":0.0,"I/O Write Time":0.0,"Temp I/O Read Time":0.0,"Temp I/O Write Time":0.0,"Subplans Removed":0,"Plans":[{"Node Type":"Custom Scan","Parent Relationship":"Member","Custom Plan Provider":"columnar scan","Parallel Aware":false,"Async Capable":false,"Relation Name":"orders","Schema":"public","Alias":"orders","Startup Cost":20.0,"Total Cost":20684.21,"Plan Rows":879322,"Plan Width":16,"Actual Startup Time":0.553,"Actual Total Time":139.985,"Actual Rows":856801,"Actual Loops":1,"Output":["orders.o_c_id","orders.o_w_id","orders.o_d_id","orders.o_id"],"Filter":"((orders.o_entry_d < '1994-01-02 20:10:02.27764'::timestamp without time zone) AND (orders.o_entry_d >= '1993-01-02 20:10:02.27764'::timestamp without time zone))","Rows Removed by Filter":0,"Rows Removed by Columnar Filter":5143199,"Columnar cache search mode":"native","Shared Hit Blocks":0,"Shared Read Blocks":0,"Shared Dirtied Blocks":0,"Shared Written Blocks":0,"Local Hit Blocks":0,"Local Read Blocks":0,"Local Dirtied Blocks":0,"Local Written Blocks":0,"Temp Read Blocks":0,"Temp Written Blocks":0,"I/O Read Time":0.0,"I/O Write Time":0.0,"Temp I/O Read Time":0.0,"Temp I/O Write Time":0.0},{"Node Type":"Seq Scan","Parent Relationship":"Member","Parallel Aware":false,"Async Capable":false,"Relation Name":"orders","Schema":"public","Alias":"orders","Startup Cost":0.0,"Total Cost":4.01,"Plan Rows":1,"Plan Width":16,"Actual Startup Time":0.0,"Actual Total Time":0.0,"Actual Rows":0,"Actual Loops":0,"Output":["orders.o_c_id","orders.o_w_id","orders.o_d_id","orders.o_id"],"Filter":"((orders.o_entry_d < '1994-01-02 20:10:02.27764'::timestamp without time zone) AND (orders.o_entry_d >= '1993-01-02 20:10:02.27764'::timestamp without time zone))","Rows Removed by Filter":0,"Shared Hit Blocks":0,"Shared Read Blocks":0,"Shared Dirtied Blocks":0,"Shared Written Blocks":0,"Local Hit Blocks":0,"Local Read Blocks":0,"Local Dirtied Blocks":0,"Local Written Blocks":0,"Temp Read Blocks":0,"Temp Written Blocks":0,"I/O Read Time":0.0,"I/O Write Time":0.0,"Temp I/O Read Time":0.0,"Temp I/O Write Time":0.0}]}]}]},{"Node Type":"Hash","Parent Relationship":"Inner","Parallel Aware":false,"Async Capable":false,"Startup Cost":519991.4,"Total Cost":519991.4,"Plan Rows":6000140,"Plan Width":12,"Actual Startup Time":2830.093,"Actual Total Time":2830.095,"Actual Rows":6000000,"Actual Loops":1,"Output":["customer.c_id","customer.c_w_id","customer.c_d_id","customer.c_nationkey"],"Hash Buckets":262144,"Original Hash Buckets":262144,"Hash Batches":64,"Original Hash Batches":64,"Peak Memory Usage":6073,"Shared Hit Blocks":459990,"Shared Read Blocks":0,"Shared Dirtied Blocks":0,"Shared Written Blocks":0,"Local Hit Blocks":0,"Local Read Blocks":0,"Local Dirtied Blocks":0,"Local Written Blocks":0,"Temp Read Blocks":0,"Temp Written Blocks":23037,"I/O Read Time":0.0,"I/O Write Time":0.0,"Temp I/O Read Time":0.0,"Temp I/O Write Time":117.451,"Plans":[{"Node Type":"Seq Scan","Parent Relationship":"Outer","Parallel Aware":false,"Async Capable":false,"Relation Name":"customer","Schema":"public","Alias":"customer","Startup Cost":0.0,"Total Cost":519991.4,"Plan Rows":6000140,"Plan Width":12,"Actual Startup Time":0.015,"Actual Total Time":1817.174,"Actual Rows":6000000,"Actual Loops":1,"Output":["customer.c_id","customer.c_w_id","customer.c_d_id","customer.c_nationkey"],"Shared Hit Blocks":459990,"Shared Read Blocks":0,"Shared Dirtied Blocks":0,"Shared Written Blocks":0,"Local Hit Blocks":0,"Local Read Blocks":0,"Local Dirtied Blocks":0,"Local Written Blocks":0,"Temp Read Blocks":0,"Temp Written Blocks":0,"I/O Read Time":0.0,"I/O Write Time":0.0,"Temp I/O Read Time":0.0,"Temp I/O Write Time":0.0}]}]},{"Node Type":"Hash","Parent Relationship":"Inner","Parallel Aware":false,"Async Capable":false,"Startup Cost":2.99,"Total Cost":2.99,"Plan Rows":12,"Plan Width":12,"Actual Startup Time":0.041,"Actual Total Time":0.046,"Actual Rows":22,"Actual Loops":1,"Output":["nation.n_name","nation.n_nationkey"],"Hash Buckets":1024,"Original Hash Buckets":1024,"Hash Batches":1,"Original Hash Batches":1,"Peak Memory Usage":9,"Shared Hit Blocks":2,"Shared Read Blocks":0,"Shared Dirtied Blocks":0,"Shared Written Blocks":0,"Local Hit Blocks":0,"Local Read Blocks":0,"Local Dirtied Blocks":0,"Local Written Blocks":0,"Temp Read Blocks":0,"Temp Written Blocks":0,"I/O Read Time":0.0,"I/O Write Time":0.0,"Temp I/O Read Time":0.0,"Temp I/O Write Time":0.0,"Plans":[{"Node Type":"Hash Join","Parent Relationship":"Outer","Parallel Aware":false,"Async Capable":false,"Join Type":"Inner","Startup Cost":1.07,"Total Cost":2.99,"Plan Rows":12,"Plan Width":12,"Actual Startup Time":0.024,"Actual Total Time":0.038,"Actual Rows":22,"Actual Loops":1,"Output":["nation.n_name","nation.n_nationkey"],"Inner Unique":true,"Hash Cond":"(nation.n_regionkey = region.r_regionkey)","Shared Hit Blocks":2,"Shared Read Blocks":0,"Shared Dirtied Blocks":0,"Shared Written Blocks":0,"Local Hit Blocks":0,"Local Read Blocks":0,"Local Dirtied Blocks":0,"Local Written Blocks":0,"Temp Read Blocks":0,"Temp Written Blocks":0,"I/O Read Time":0.0,"I/O Write Time":0.0,"Temp I/O Read Time":0.0,"Temp I/O Write Time":0.0,"Plans":[{"Node Type":"Seq Scan","Parent Relationship":"Outer","Parallel Aware":false,"Async Capable":false,"Relation Name":"nation","Schema":"public","Alias":"nation","Startup Cost":0.0,"Total Cost":1.62,"Plan Rows":62,"Plan Width":16,"Actual Startup Time":0.004,"Actual Total Time":0.008,"Actual Rows":62,"Actual Loops":1,"Output":["nation.n_nationkey","nation.n_name","nation.n_regionkey","nation.n_comment"],"Shared Hit Blocks":1,"Shared Read Blocks":0,"Shared Dirtied Blocks":0,"Shared Written Blocks":0,"Local Hit Blocks":0,"Local Read Blocks":0,"Local Dirtied Blocks":0,"Local Written Blocks":0,"Temp Read Blocks":0,"Temp Written Blocks":0,"I/O Read Time":0.0,"I/O Write Time":0.0,"Temp I/O Read Time":0.0,"Temp I/O Write Time":0.0},{"Node Type":"Hash","Parent Relationship":"Inner","Parallel Aware":false,"Async Capable":false,"Startup Cost":1.06,"Total Cost":1.06,"Plan Rows":1,"Plan Width":4,"Actual Startup Time":0.009,"Actual Total Time":0.009,"Actual Rows":1,"Actual Loops":1,"Output":["region.r_regionkey"],"Hash Buckets":1024,"Original Hash Buckets":1024,"Hash Batches":1,"Original Hash Batches":1,"Peak Memory Usage":9,"Shared Hit Blocks":1,"Shared Read Blocks":0,"Shared Dirtied Blocks":0,"Shared Written Blocks":0,"Local Hit Blocks":0,"Local Read Blocks":0,"Local Dirtied Blocks":0,"Local Written Blocks":0,"Temp Read Blocks":0,"Temp Written Blocks":0,"I/O Read Time":0.0,"I/O Write Time":0.0,"Temp I/O Read Time":0.0,"Temp I/O Write Time":0.0,"Plans":[{"Node Type":"Seq Scan","Parent Relationship":"Outer","Parallel Aware":false,"Async Capable":false,"Relation Name":"region","Schema":"public","Alias":"region","Startup Cost":0.0,"Total Cost":1.06,"Plan Rows":1,"Plan Width":4,"Actual Startup Time":0.007,"Actual Total Time":0.007,"Actual Rows":1,"Actual Loops":1,"Output":["region.r_regionkey"],"Filter":"((region.r_name)::text = 'Europe'::text)","Rows Removed by Filter":4,"Shared Hit Blocks":1,"Shared Read Blocks":0,"Shared Dirtied Blocks":0,"Shared Written Blocks":0,"Local Hit Blocks":0,"Local Read Blocks":0,"Local Dirtied Blocks":0,"Local Written Blocks":0,"Temp Read Blocks":0,"Temp Written Blocks":0,"I/O Read Time":0.0,"I/O Write Time":0.0,"Temp I/O Read Time":0.0,"Temp I/O Write Time":0.0}]}]}]}]}]},{"Node Type":"Index Only Scan","Parent Relationship":"Inner","Parallel Aware":false,"Async Capable":false,"Scan Direction":"Forward","Index Name":"stock_pk","Relation Name":"stock","Schema":"public","Alias":"stock","Startup Cost":0.44,"Total Cost":519363.62,"Plan Rows":20000212,"Plan Width":6,"Actual Startup Time":0.06,"Actual Total Time":1410.266,"Actual Rows":19999994,"Actual Loops":1,"Output":["stock.s_w_id","stock.s_i_id"],"Heap Fetches":0,"Shared Hit Blocks":54673,"Shared Read Blocks":0,"Shared Dirtied Blocks":0,"Shared Written Blocks":0,"Local Hit Blocks":0,"Local Read Blocks":0,"Local Dirtied Blocks":0,"Local Written Blocks":0,"Temp Read Blocks":0,"Temp Written Blocks":0,"I/O Read Time":0.0,"I/O Write Time":0.0,"Temp I/O Read Time":0.0,"Temp I/O Write Time":0.0}]},{"Node Type":"Hash","Parent Relationship":"Inner","Parallel Aware":false,"Async Capable":false,"Startup Cost":317.0,"Total Cost":317.0,"Plan Rows":10000,"Plan Width":8,"Actual Startup Time":2.564,"Actual Total Time":2.564,"Actual Rows":10000,"Actual Loops":1,"Output":["supplier.su_suppkey","supplier.su_nationkey"],"Hash Buckets":16384,"Original Hash Buckets":16384,"Hash Batches":1,"Original Hash Batches":1,"Peak Memory Usage":519,"Shared Hit Blocks":217,"Shared Read Blocks":0,"Shared Dirtied Blocks":0,"Shared Written Blocks":0,"Local Hit Blocks":0,"Local Read Blocks":0,"Local Dirtied Blocks":0,"Local Written Blocks":0,"Temp Read Blocks":0,"Temp Written Blocks":0,"I/O Read Time":0.0,"I/O Write Time":0.0,"Temp I/O Read Time":0.0,"Temp I/O Write Time":0.0,"Plans":[{"Node Type":"Seq Scan","Parent Relationship":"Outer","Parallel Aware":false,"Async Capable":false,"Relation Name":"supplier","Schema":"public","Alias":"supplier","Startup Cost":0.0,"Total Cost":317.0,"Plan Rows":10000,"Plan Width":8,"Actual Startup Time":0.011,"Actual Total Time":1.285,"Actual Rows":10000,"Actual Loops":1,"Output":["supplier.su_suppkey","supplier.su_nationkey"],"Shared Hit Blocks":217,"Shared Read Blocks":0,"Shared Dirtied Blocks":0,"Shared Written Blocks":0,"Local Hit Blocks":0,"Local Read Blocks":0,"Local Dirtied Blocks":0,"Local Written Blocks":0,"Temp Read Blocks":0,"Temp Written Blocks":0,"I/O Read Time":0.0,"I/O Write Time":0.0,"Temp I/O Read Time":0.0,"Temp I/O Write Time":0.0}]}]}]}]}]},"Planning":{"Shared Hit Blocks":220,"Shared Read Blocks":0,"Shared Dirtied Blocks":0,"Shared Written Blocks":0,"Local Hit Blocks":0,"Local Read Blocks":0,"Local Dirtied Blocks":0,"Local Written Blocks":0,"Temp Read Blocks":0,"Temp Written Blocks":0,"I/O Read Time":0.0,"I/O Write Time":0.0,"Temp I/O Read Time":0.0,"Temp I/O Write Time":0.0},"Planning Time":5.294,"Triggers":[],"Execution Time":34604.569}]
[列存组合]: orders, supplier
[{"Plan":{"Node Type":"Sort","Parallel Aware":false,"Async Capable":false,"Startup Cost":4083648.03,"Total Cost":4083648.18,"Plan Rows":62,"Plan Width":40,"Actual Startup Time":34549.098,"Actual Total Time":34549.128,"Actual Rows":11,"Actual Loops":1,"Output":["nation.n_name","(sum(order_line.ol_amount))"],"Sort Key":["(sum(order_line.ol_amount)) DESC"],"Sort Method":"quicksort","Sort Space Used":25,"Sort Space Type":"Memory","Shared Hit Blocks":1196413,"Shared Read Blocks":0,"Shared Dirtied Blocks":0,"Shared Written Blocks":0,"Local Hit Blocks":0,"Local Read Blocks":0,"Local Dirtied Blocks":0,"Local Written Blocks":0,"Temp Read Blocks":288611,"Temp Written Blocks":288665,"I/O Read Time":0.0,"I/O Write Time":0.0,"Temp I/O Read Time":440.386,"Temp I/O Write Time":1175.654,"Plans":[{"Node Type":"Aggregate","Strategy":"Sorted","Partial Mode":"Simple","Parent Relationship":"Outer","Parallel Aware":false,"Async Capable":false,"Startup Cost":4083494.39,"Total Cost":4083646.18,"Plan Rows":62,"Plan Width":40,"Actual Startup Time":34543.117,"Actual Total Time":34549.109,"Actual Rows":11,"Actual Loops":1,"Output":["nation.n_name","sum(order_line.ol_amount)"],"Group Key":["nation.n_name"],"Shared Hit Blocks":1196413,"Shared Read Blocks":0,"Shared Dirtied Blocks":0,"Shared Written Blocks":0,"Local Hit Blocks":0,"Local Read Blocks":0,"Local Dirtied Blocks":0,"Local Written Blocks":0,"Temp Read Blocks":288611,"Temp Written Blocks":288665,"I/O Read Time":0.0,"I/O Write Time":0.0,"Temp I/O Read Time":440.386,"Temp I/O Write Time":1175.654,"Plans":[{"Node Type":"Sort","Parent Relationship":"Outer","Parallel Aware":false,"Async Capable":false,"Startup Cost":4083494.39,"Total Cost":4083544.73,"Plan Rows":20136,"Plan Width":12,"Actual Startup Time":34542.677,"Actual Total Time":34544.528,"Actual Rows":35044,"Actual Loops":1,"Output":["nation.n_name","order_line.ol_amount"],"Sort Key":["nation.n_name"],"Sort Method":"quicksort","Sort Space Used":3146,"Sort Space Type":"Memory","Shared Hit Blocks":1196413,"Shared Read Blocks":0,"Shared Dirtied Blocks":0,"Shared Written Blocks":0,"Local Hit Blocks":0,"Local Read Blocks":0,"Local Dirtied Blocks":0,"Local Written Blocks":0,"Temp Read Blocks":288611,"Temp Written Blocks":288665,"I/O Read Time":0.0,"I/O Write Time":0.0,"Temp I/O Read Time":440.386,"Temp I/O Write Time":1175.654,"Plans":[{"Node Type":"Hash Join","Parent Relationship":"Outer","Parallel Aware":false,"Async Capable":false,"Join Type":"Inner","Startup Cost":3434186.94,"Total Cost":4082054.92,"Plan Rows":20136,"Plan Width":12,"Actual Startup Time":30604.532,"Actual Total Time":34523.819,"Actual Rows":35044,"Actual Loops":1,"Output":["nation.n_name","order_line.ol_amount"],"Inner Unique":true,"Hash Cond":"((mod((stock.s_w_id * stock.s_i_id), 10000) = supplier.su_suppkey) AND (customer.c_nationkey = supplier.su_nationkey))","Shared Hit Blocks":1196413,"Shared Read Blocks":0,"Shared Dirtied Blocks":0,"Shared Written Blocks":0,"Local Hit Blocks":0,"Local Read Blocks":0,"Local Dirtied Blocks":0,"Local Written Blocks":0,"Temp Read Blocks":288611,"Temp Written Blocks":288665,"I/O Read Time":0.0,"I/O Write Time":0.0,"Temp I/O Read Time":440.386,"Temp I/O Write Time":1175.654,"Plans":[{"Node Type":"Merge Join","Parent Relationship":"Outer","Parallel Aware":false,"Async Capable":false,"Join Type":"Inner","Startup Cost":3433817.91,"Total Cost":4074850.92,"Plan Rows":1242717,"Plan Width":26,"Actual Startup Time":30600.757,"Actual Total Time":34239.966,"Actual Rows":2218175,"Actual Loops":1,"Output":["customer.c_nationkey","order_line.ol_amount","stock.s_w_id","stock.s_i_id","nation.n_name","nation.n_nationkey"],"Inner Unique":true,"Merge Cond":"((customer.c_w_id = stock.s_w_id) AND (order_line.ol_i_id = stock.s_i_id))","Shared Hit Blocks":1196413,"Shared Read Blocks":0,"Shared Dirtied Blocks":0,"Shared Written Blocks":0,"Local Hit Blocks":0,"Local Read Blocks":0,"Local Dirtied Blocks":0,"Local Written Blocks":0,"Temp Read Blocks":288611,"Temp Written Blocks":288665,"I/O Read Time":0.0,"I/O Write Time":0.0,"Temp I/O Read Time":440.386,"Temp I/O Write Time":1175.654,"Plans":[{"Node Type":"Sort","Parent Relationship":"Outer","Parallel Aware":false,"Async Capable":false,"Startup Cost":3433817.48,"Total Cost":3436898.01,"Plan Rows":1232214,"Plan Width":30,"Actual Startup Time":30600.696,"Actual Total Time":31198.08,"Actual Rows":2218175,"Actual Loops":1,"Output":["customer.c_w_id","customer.c_nationkey","orders.o_w_id","order_line.ol_amount","order_line.ol_w_id","order_line.ol_i_id","nation.n_name","nation.n_nationkey"],"Sort Key":["customer.c_w_id","order_line.ol_i_id"],"Sort Method":"external merge","Sort Space Used":94520,"Sort Space Type":"Disk","Shared Hit Blocks":1141740,"Shared Read Blocks":0,"Shared Dirtied Blocks":0,"Shared Written Blocks":0,"Local Hit Blocks":0,"Local Read Blocks":0,"Local Dirtied Blocks":0,"Local Written Blocks":0,"Temp Read Blocks":288611,"Temp Written Blocks":288665,"I/O Read Time":0.0,"I/O Write Time":0.0,"Temp I/O Read Time":440.386,"Temp I/O Write Time":1175.654,"Plans":[{"Node Type":"Hash Join","Parent Relationship":"Outer","Parallel Aware":false,"Async Capable":false,"Join Type":"Inner","Startup Cost":805468.83,"Total Cost":3250193.65,"Plan Rows":1232214,"Plan Width":30,"Actual Startup Time":3235.345,"Actual Total Time":27975.169,"Actual Rows":2218175,"Actual Loops":1,"Output":["customer.c_w_id","customer.c_nationkey","orders.o_w_id","order_line.ol_amount","order_line.ol_w_id","order_line.ol_i_id","nation.n_name","nation.n_nationkey"],"Inner Unique":false,"Hash Cond":"(customer.c_nationkey = nation.n_nationkey)","Shared Hit Blocks":1141740,"Shared Read Blocks":0,"Shared Dirtied Blocks":0,"Shared Written Blocks":0,"Local Hit Blocks":0,"Local Read Blocks":0,"Local Dirtied Blocks":0,"Local Written Blocks":0,"Temp Read Blocks":264991,"Temp Written Blocks":264991,"I/O Read Time":0.0,"I/O Write Time":0.0,"Temp I/O Read Time":405.74,"Temp I/O Write Time":1113.39,"Plans":[{"Node Type":"Hash Join","Parent Relationship":"Outer","Parallel Aware":false,"Async Capable":false,"Join Type":"Inner","Startup Cost":805465.69,"Total Cost":3215161.84,"Plan Rows":6161071,"Plan Width":18,"Actual Startup Time":3227.612,"Actual Total Time":27137.067,"Actual Rows":8568663,"Actual Loops":1,"Output":["customer.c_w_id","customer.c_nationkey","orders.o_w_id","order_line.ol_amount","order_line.ol_w_id","order_line.ol_i_id"],"Inner Unique":true,"Hash Cond":"((orders.o_c_id = customer.c_id) AND (orders.o_w_id = customer.c_w_id) AND (orders.o_d_id = customer.c_d_id))","Shared Hit Blocks":1141738,"Shared Read Blocks":0,"Shared Dirtied Blocks":0,"Shared Written Blocks":0,"Local Hit Blocks":0,"Local Read Blocks":0,"Local Dirtied Blocks":0,"Local Written Blocks":0,"Temp Read Blocks":264991,"Temp Written Blocks":264991,"I/O Read Time":0.0,"I/O Write Time":0.0,"Temp I/O Read Time":405.74,"Temp I/O Write Time":1113.39,"Plans":[{"Node Type":"Hash Join","Parent Relationship":"Outer","Parallel Aware":false,"Async Capable":false,"Join Type":"Inner","Startup Cost":151173.84,"Total Cost":2410851.54,"Plan Rows":6161071,"Plan Width":20,"Actual Startup Time":385.393,"Actual Total Time":19978.356,"Actual Rows":8568663,"Actual Loops":1,"Output":["orders.o_c_id","orders.o_w_id","orders.o_d_id","order_line.ol_amount","order_line.ol_w_id","order_line.ol_d_id","order_line.ol_i_id"],"Inner Unique":true,"Hash Cond":"((order_line.ol_w_id = orders.o_w_id) AND (order_line.ol_d_id = orders.o_d_id) AND (order_line.ol_o_id = orders.o_id))","Shared Hit Blocks":681748,"Shared Read Blocks":0,"Shared Dirtied Blocks":0,"Shared Written Blocks":0,"Local Hit Blocks":0,"Local Read Blocks":0,"Local Dirtied Blocks":0,"Local Written Blocks":0,"Temp Read Blocks":200672,"Temp Written Blocks":200672,"I/O Read Time":0.0,"I/O Write Time":0.0,"Temp I/O Read Time":305.834,"Temp I/O Write Time":802.338,"Plans":[{"Node Type":"Seq Scan","Parent Relationship":"Outer","Parallel Aware":false,"Async Capable":false,"Relation Name":"order_line","Schema":"public","Alias":"order_line","Startup Cost":0.0,"Total Cost":1431670.8,"Plan Rows":42039468,"Plan Width":20,"Actual Startup Time":0.007,"Actual Total Time":7320.74,"Actual Rows":42000489,"Actual Loops":1,"Output":["order_line.ol_amount","order_line.ol_o_id","order_line.ol_w_id","order_line.ol_d_id","order_line.ol_i_id"],"Filter":"(order_line.ol_delivery_d >= '1992-01-02 20:10:02.27764'::timestamp without time zone)","Rows Removed by Filter":17993272,"Shared Hit Blocks":681748,"Shared Read Blocks":0,"Shared Dirtied Blocks":0,"Shared Written Blocks":0,"Local Hit Blocks":0,"Local Read Blocks":0,"Local Dirtied Blocks":0,"Local Written Blocks":0,"Temp Read Blocks":0,"Temp Written Blocks":0,"I/O Read Time":0.0,"I/O Write Time":0.0,"Temp I/O Read Time":0.0,"Temp I/O Write Time":0.0},{"Node Type":"Hash","Parent Relationship":"Inner","Parallel Aware":false,"Async Capable":false,"Startup Cost":131491.69,"Total Cost":131491.69,"Plan Rows":879323,"Plan Width":16,"Actual Startup Time":351.031,"Actual Total Time":351.041,"Actual Rows":856801,"Actual Loops":1,"Output":["orders.o_c_id","orders.o_w_id","orders.o_d_id","orders.o_id"],"Hash Buckets":262144,"Original Hash Buckets":262144,"Hash Batches":8,"Original Hash Batches":8,"Peak Memory Usage":7070,"Shared Hit Blocks":0,"Shared Read Blocks":0,"Shared Dirtied Blocks":0,"Shared Written Blocks":0,"Local Hit Blocks":0,"Local Read Blocks":0,"Local Dirtied Blocks":0,"Local Written Blocks":0,"Temp Read Blocks":0,"Temp Written Blocks":3290,"I/O Read Time":0.0,"I/O Write Time":0.0,"Temp I/O Read Time":0.0,"Temp I/O Write Time":13.938,"Plans":[{"Node Type":"Append","Parent Relationship":"Outer","Parallel Aware":false,"Async Capable":false,"Startup Cost":20.0,"Total Cost":131491.69,"Plan Rows":879323,"Plan Width":16,"Actual Startup Time":0.534,"Actual Total Time":200.793,"Actual Rows":856801,"Actual Loops":1,"Shared Hit Blocks":0,"Shared Read Blocks":0,"Shared Dirtied Blocks":0,"Shared Written Blocks":0,"Local Hit Blocks":0,"Local Read Blocks":0,"Local Dirtied Blocks":0,"Local Written Blocks":0,"Temp Read Blocks":0,"Temp Written Blocks":0,"I/O Read Time":0.0,"I/O Write Time":0.0,"Temp I/O Read Time":0.0,"Temp I/O Write Time":0.0,"Subplans Removed":0,"Plans":[{"Node Type":"Custom Scan","Parent Relationship":"Member","Custom Plan Provider":"columnar scan","Parallel Aware":false,"Async Capable":false,"Relation Name":"orders","Schema":"public","Alias":"orders","Startup Cost":20.0,"Total Cost":20684.21,"Plan Rows":879322,"Plan Width":16,"Actual Startup Time":0.533,"Actual Total Time":140.745,"Actual Rows":856801,"Actual Loops":1,"Output":["orders.o_c_id","orders.o_w_id","orders.o_d_id","orders.o_id"],"Filter":"((orders.o_entry_d < '1994-01-02 20:10:02.27764'::timestamp without time zone) AND (orders.o_entry_d >= '1993-01-02 20:10:02.27764'::timestamp without time zone))","Rows Removed by Filter":0,"Rows Removed by Columnar Filter":5143199,"Columnar cache search mode":"native","Shared Hit Blocks":0,"Shared Read Blocks":0,"Shared Dirtied Blocks":0,"Shared Written Blocks":0,"Local Hit Blocks":0,"Local Read Blocks":0,"Local Dirtied Blocks":0,"Local Written Blocks":0,"Temp Read Blocks":0,"Temp Written Blocks":0,"I/O Read Time":0.0,"I/O Write Time":0.0,"Temp I/O Read Time":0.0,"Temp I/O Write Time":0.0},{"Node Type":"Seq Scan","Parent Relationship":"Member","Parallel Aware":false,"Async Capable":false,"Relation Name":"orders","Schema":"public","Alias":"orders","Startup Cost":0.0,"Total Cost":4.01,"Plan Rows":1,"Plan Width":16,"Actual Startup Time":0.0,"Actual Total Time":0.0,"Actual Rows":0,"Actual Loops":0,"Output":["orders.o_c_id","orders.o_w_id","orders.o_d_id","orders.o_id"],"Filter":"((orders.o_entry_d < '1994-01-02 20:10:02.27764'::timestamp without time zone) AND (orders.o_entry_d >= '1993-01-02 20:10:02.27764'::timestamp without time zone))","Rows Removed by Filter":0,"Shared Hit Blocks":0,"Shared Read Blocks":0,"Shared Dirtied Blocks":0,"Shared Written Blocks":0,"Local Hit Blocks":0,"Local Read Blocks":0,"Local Dirtied Blocks":0,"Local Written Blocks":0,"Temp Read Blocks":0,"Temp Written Blocks":0,"I/O Read Time":0.0,"I/O Write Time":0.0,"Temp I/O Read Time":0.0,"Temp I/O Write Time":0.0}]}]}]},{"Node Type":"Hash","Parent Relationship":"Inner","Parallel Aware":false,"Async Capable":false,"Startup Cost":519991.4,"Total Cost":519991.4,"Plan Rows":6000140,"Plan Width":12,"Actual Startup Time":2835.188,"Actual Total Time":2835.191,"Actual Rows":6000000,"Actual Loops":1,"Output":["customer.c_id","customer.c_w_id","customer.c_d_id","customer.c_nationkey"],"Hash Buckets":262144,"Original Hash Buckets":262144,"Hash Batches":64,"Original Hash Batches":64,"Peak Memory Usage":6073,"Shared Hit Blocks":459990,"Shared Read Blocks":0,"Shared Dirtied Blocks":0,"Shared Written Blocks":0,"Local Hit Blocks":0,"Local Read Blocks":0,"Local Dirtied Blocks":0,"Local Written Blocks":0,"Temp Read Blocks":0,"Temp Written Blocks":23037,"I/O Read Time":0.0,"I/O Write Time":0.0,"Temp I/O Read Time":0.0,"Temp I/O Write Time":113.429,"Plans":[{"Node Type":"Seq Scan","Parent Relationship":"Outer","Parallel Aware":false,"Async Capable":false,"Relation Name":"customer","Schema":"public","Alias":"customer","Startup Cost":0.0,"Total Cost":519991.4,"Plan Rows":6000140,"Plan Width":12,"Actual Startup Time":0.008,"Actual Total Time":1821.977,"Actual Rows":6000000,"Actual Loops":1,"Output":["customer.c_id","customer.c_w_id","customer.c_d_id","customer.c_nationkey"],"Shared Hit Blocks":459990,"Shared Read Blocks":0,"Shared Dirtied Blocks":0,"Shared Written Blocks":0,"Local Hit Blocks":0,"Local Read Blocks":0,"Local Dirtied Blocks":0,"Local Written Blocks":0,"Temp Read Blocks":0,"Temp Written Blocks":0,"I/O Read Time":0.0,"I/O Write Time":0.0,"Temp I/O Read Time":0.0,"Temp I/O Write Time":0.0}]}]},{"Node Type":"Hash","Parent Relationship":"Inner","Parallel Aware":false,"Async Capable":false,"Startup Cost":2.99,"Total Cost":2.99,"Plan Rows":12,"Plan Width":12,"Actual Startup Time":0.043,"Actual Total Time":0.048,"Actual Rows":22,"Actual Loops":1,"Output":["nation.n_name","nation.n_nationkey"],"Hash Buckets":1024,"Original Hash Buckets":1024,"Hash Batches":1,"Original Hash Batches":1,"Peak Memory Usage":9,"Shared Hit Blocks":2,"Shared Read Blocks":0,"Shared Dirtied Blocks":0,"Shared Written Blocks":0,"Local Hit Blocks":0,"Local Read Blocks":0,"Local Dirtied Blocks":0,"Local Written Blocks":0,"Temp Read Blocks":0,"Temp Written Blocks":0,"I/O Read Time":0.0,"I/O Write Time":0.0,"Temp I/O Read Time":0.0,"Temp I/O Write Time":0.0,"Plans":[{"Node Type":"Hash Join","Parent Relationship":"Outer","Parallel Aware":false,"Async Capable":false,"Join Type":"Inner","Startup Cost":1.07,"Total Cost":2.99,"Plan Rows":12,"Plan Width":12,"Actual Startup Time":0.026,"Actual Total Time":0.042,"Actual Rows":22,"Actual Loops":1,"Output":["nation.n_name","nation.n_nationkey"],"Inner Unique":true,"Hash Cond":"(nation.n_regionkey = region.r_regionkey)","Shared Hit Blocks":2,"Shared Read Blocks":0,"Shared Dirtied Blocks":0,"Shared Written Blocks":0,"Local Hit Blocks":0,"Local Read Blocks":0,"Local Dirtied Blocks":0,"Local Written Blocks":0,"Temp Read Blocks":0,"Temp Written Blocks":0,"I/O Read Time":0.0,"I/O Write Time":0.0,"Temp I/O Read Time":0.0,"Temp I/O Write Time":0.0,"Plans":[{"Node Type":"Seq Scan","Parent Relationship":"Outer","Parallel Aware":false,"Async Capable":false,"Relation Name":"nation","Schema":"public","Alias":"nation","Startup Cost":0.0,"Total Cost":1.62,"Plan Rows":62,"Plan Width":16,"Actual Startup Time":0.008,"Actual Total Time":0.011,"Actual Rows":62,"Actual Loops":1,"Output":["nation.n_nationkey","nation.n_name","nation.n_regionkey","nation.n_comment"],"Shared Hit Blocks":1,"Shared Read Blocks":0,"Shared Dirtied Blocks":0,"Shared Written Blocks":0,"Local Hit Blocks":0,"Local Read Blocks":0,"Local Dirtied Blocks":0,"Local Written Blocks":0,"Temp Read Blocks":0,"Temp Written Blocks":0,"I/O Read Time":0.0,"I/O Write Time":0.0,"Temp I/O Read Time":0.0,"Temp I/O Write Time":0.0},{"Node Type":"Hash","Parent Relationship":"Inner","Parallel Aware":false,"Async Capable":false,"Startup Cost":1.06,"Total Cost":1.06,"Plan Rows":1,"Plan Width":4,"Actual Startup Time":0.009,"Actual Total Time":0.011,"Actual Rows":1,"Actual Loops":1,"Output":["region.r_regionkey"],"Hash Buckets":1024,"Original Hash Buckets":1024,"Hash Batches":1,"Original Hash Batches":1,"Peak Memory Usage":9,"Shared Hit Blocks":1,"Shared Read Blocks":0,"Shared Dirtied Blocks":0,"Shared Written Blocks":0,"Local Hit Blocks":0,"Local Read Blocks":0,"Local Dirtied Blocks":0,"Local Written Blocks":0,"Temp Read Blocks":0,"Temp Written Blocks":0,"I/O Read Time":0.0,"I/O Write Time":0.0,"Temp I/O Read Time":0.0,"Temp I/O Write Time":0.0,"Plans":[{"Node Type":"Seq Scan","Parent Relationship":"Outer","Parallel Aware":false,"Async Capable":false,"Relation Name":"region","Schema":"public","Alias":"region","Startup Cost":0.0,"Total Cost":1.06,"Plan Rows":1,"Plan Width":4,"Actual Startup Time":0.007,"Actual Total Time":0.008,"Actual Rows":1,"Actual Loops":1,"Output":["region.r_regionkey"],"Filter":"((region.r_name)::text = 'Europe'::text)","Rows Removed by Filter":4,"Shared Hit Blocks":1,"Shared Read Blocks":0,"Shared Dirtied Blocks":0,"Shared Written Blocks":0,"Local Hit Blocks":0,"Local Read Blocks":0,"Local Dirtied Blocks":0,"Local Written Blocks":0,"Temp Read Blocks":0,"Temp Written Blocks":0,"I/O Read Time":0.0,"I/O Write Time":0.0,"Temp I/O Read Time":0.0,"Temp I/O Write Time":0.0}]}]}]}]}]},{"Node Type":"Index Only Scan","Parent Relationship":"Inner","Parallel Aware":false,"Async Capable":false,"Scan Direction":"Forward","Index Name":"stock_pk","Relation Name":"stock","Schema":"public","Alias":"stock","Startup Cost":0.44,"Total Cost":519363.62,"Plan Rows":20000212,"Plan Width":6,"Actual Startup Time":0.046,"Actual Total Time":1401.422,"Actual Rows":19999994,"Actual Loops":1,"Output":["stock.s_w_id","stock.s_i_id"],"Heap Fetches":0,"Shared Hit Blocks":54673,"Shared Read Blocks":0,"Shared Dirtied Blocks":0,"Shared Written Blocks":0,"Local Hit Blocks":0,"Local Read Blocks":0,"Local Dirtied Blocks":0,"Local Written Blocks":0,"Temp Read Blocks":0,"Temp Written Blocks":0,"I/O Read Time":0.0,"I/O Write Time":0.0,"Temp I/O Read Time":0.0,"Temp I/O Write Time":0.0}]},{"Node Type":"Hash","Parent Relationship":"Inner","Parallel Aware":false,"Async Capable":false,"Startup Cost":219.01,"Total Cost":219.01,"Plan Rows":10001,"Plan Width":8,"Actual Startup Time":3.337,"Actual Total Time":3.339,"Actual Rows":10000,"Actual Loops":1,"Output":["supplier.su_suppkey","supplier.su_nationkey"],"Hash Buckets":16384,"Original Hash Buckets":16384,"Hash Batches":1,"Original Hash Batches":1,"Peak Memory Usage":519,"Shared Hit Blocks":0,"Shared Read Blocks":0,"Shared Dirtied Blocks":0,"Shared Written Blocks":0,"Local Hit Blocks":0,"Local Read Blocks":0,"Local Dirtied Blocks":0,"Local Written Blocks":0,"Temp Read Blocks":0,"Temp Written Blocks":0,"I/O Read Time":0.0,"I/O Write Time":0.0,"Temp I/O Read Time":0.0,"Temp I/O Write Time":0.0,"Plans":[{"Node Type":"Append","Parent Relationship":"Outer","Parallel Aware":false,"Async Capable":false,"Startup Cost":20.0,"Total Cost":219.01,"Plan Rows":10001,"Plan Width":8,"Actual Startup Time":0.014,"Actual Total Time":1.816,"Actual Rows":10000,"Actual Loops":1,"Shared Hit Blocks":0,"Shared Read Blocks":0,"Shared Dirtied Blocks":0,"Shared Written Blocks":0,"Local Hit Blocks":0,"Local Read Blocks":0,"Local Dirtied Blocks":0,"Local Written Blocks":0,"Temp Read Blocks":0,"Temp Written Blocks":0,"I/O Read Time":0.0,"I/O Write Time":0.0,"Temp I/O Read Time":0.0,"Temp I/O Write Time":0.0,"Subplans Removed":0,"Plans":[{"Node Type":"Custom Scan","Parent Relationship":"Member","Custom Plan Provider":"columnar scan","Parallel Aware":false,"Async Capable":false,"Relation Name":"supplier","Schema":"public","Alias":"supplier","Startup Cost":20.0,"Total Cost":215.0,"Plan Rows":10000,"Plan Width":8,"Actual Startup Time":0.013,"Actual Total Time":1.1,"Actual Rows":10000,"Actual Loops":1,"Output":["supplier.su_suppkey","supplier.su_nationkey"],"Rows Removed by Columnar Filter":0,"Columnar cache search mode":"native","Shared Hit Blocks":0,"Shared Read Blocks":0,"Shared Dirtied Blocks":0,"Shared Written Blocks":0,"Local Hit Blocks":0,"Local Read Blocks":0,"Local Dirtied Blocks":0,"Local Written Blocks":0,"Temp Read Blocks":0,"Temp Written Blocks":0,"I/O Read Time":0.0,"I/O Write Time":0.0,"Temp I/O Read Time":0.0,"Temp I/O Write Time":0.0},{"Node Type":"Seq Scan","Parent Relationship":"Member","Parallel Aware":false,"Async Capable":false,"Relation Name":"supplier","Schema":"public","Alias":"supplier","Startup Cost":0.0,"Total Cost":4.01,"Plan Rows":1,"Plan Width":8,"Actual Startup Time":0.0,"Actual Total Time":0.0,"Actual Rows":0,"Actual Loops":0,"Output":["supplier.su_suppkey","supplier.su_nationkey"],"Shared Hit Blocks":0,"Shared Read Blocks":0,"Shared Dirtied Blocks":0,"Shared Written Blocks":0,"Local Hit Blocks":0,"Local Read Blocks":0,"Local Dirtied Blocks":0,"Local Written Blocks":0,"Temp Read Blocks":0,"Temp Written Blocks":0,"I/O Read Time":0.0,"I/O Write Time":0.0,"Temp I/O Read Time":0.0,"Temp I/O Write Time":0.0}]}]}]}]}]}]},"Planning":{"Shared Hit Blocks":220,"Shared Read Blocks":0,"Shared Dirtied Blocks":0,"Shared Written Blocks":0,"Local Hit Blocks":0,"Local Read Blocks":0,"Local Dirtied Blocks":0,"Local Written Blocks":0,"Temp Read Blocks":0,"Temp Written Blocks":0,"I/O Read Time":0.0,"I/O Write Time":0.0,"Temp I/O Read Time":0.0,"Temp I/O Write Time":0.0},"Planning Time":4.446,"Triggers":[],"Execution Time":34563.765}]
[列存组合]: region, stock
[{"Plan":{"Node Type":"Sort","Parallel Aware":false,"Async Capable":false,"Startup Cost":4086375.82,"Total Cost":4086375.98,"Plan Rows":62,"Plan Width":40,"Actual Startup Time":34648.658,"Actual Total Time":34648.683,"Actual Rows":11,"Actual Loops":1,"Output":["nation.n_name","(sum(order_line.ol_amount))"],"Sort Key":["(sum(order_line.ol_amount)) DESC"],"Sort Method":"quicksort","Sort Space Used":25,"Sort Space Type":"Memory","Shared Hit Blocks":1240752,"Shared Read Blocks":0,"Shared Dirtied Blocks":0,"Shared Written Blocks":0,"Local Hit Blocks":0,"Local Read Blocks":0,"Local Dirtied Blocks":0,"Local Written Blocks":0,"Temp Read Blocks":288611,"Temp Written Blocks":288665,"I/O Read Time":0.0,"I/O Write Time":0.0,"Temp I/O Read Time":436.528,"Temp I/O Write Time":1172.45,"Plans":[{"Node Type":"Aggregate","Strategy":"Sorted","Partial Mode":"Simple","Parent Relationship":"Outer","Parallel Aware":false,"Async Capable":false,"Startup Cost":4086222.18,"Total Cost":4086373.97,"Plan Rows":62,"Plan Width":40,"Actual Startup Time":34642.776,"Actual Total Time":34648.665,"Actual Rows":11,"Actual Loops":1,"Output":["nation.n_name","sum(order_line.ol_amount)"],"Group Key":["nation.n_name"],"Shared Hit Blocks":1240752,"Shared Read Blocks":0,"Shared Dirtied Blocks":0,"Shared Written Blocks":0,"Local Hit Blocks":0,"Local Read Blocks":0,"Local Dirtied Blocks":0,"Local Written Blocks":0,"Temp Read Blocks":288611,"Temp Written Blocks":288665,"I/O Read Time":0.0,"I/O Write Time":0.0,"Temp I/O Read Time":436.528,"Temp I/O Write Time":1172.45,"Plans":[{"Node Type":"Sort","Parent Relationship":"Outer","Parallel Aware":false,"Async Capable":false,"Startup Cost":4086222.18,"Total Cost":4086272.52,"Plan Rows":20136,"Plan Width":12,"Actual Startup Time":34642.337,"Actual Total Time":34644.124,"Actual Rows":35044,"Actual Loops":1,"Output":["nation.n_name","order_line.ol_amount"],"Sort Key":["nation.n_name"],"Sort Method":"quicksort","Sort Space Used":3146,"Sort Space Type":"Memory","Shared Hit Blocks":1240752,"Shared Read Blocks":0,"Shared Dirtied Blocks":0,"Shared Written Blocks":0,"Local Hit Blocks":0,"Local Read Blocks":0,"Local Dirtied Blocks":0,"Local Written Blocks":0,"Temp Read Blocks":288611,"Temp Written Blocks":288665,"I/O Read Time":0.0,"I/O Write Time":0.0,"Temp I/O Read Time":436.528,"Temp I/O Write Time":1172.45,"Plans":[{"Node Type":"Hash Join","Parent Relationship":"Outer","Parallel Aware":false,"Async Capable":false,"Join Type":"Inner","Startup Cost":3436914.73,"Total Cost":4084782.71,"Plan Rows":20136,"Plan Width":12,"Actual Startup Time":30689.212,"Actual Total Time":34623.371,"Actual Rows":35044,"Actual Loops":1,"Output":["nation.n_name","order_line.ol_amount"],"Inner Unique":true,"Hash Cond":"((mod((stock.s_w_id * stock.s_i_id), 10000) = supplier.su_suppkey) AND (customer.c_nationkey = supplier.su_nationkey))","Shared Hit Blocks":1240752,"Shared Read Blocks":0,"Shared Dirtied Blocks":0,"Shared Written Blocks":0,"Local Hit Blocks":0,"Local Read Blocks":0,"Local Dirtied Blocks":0,"Local Written Blocks":0,"Temp Read Blocks":288611,"Temp Written Blocks":288665,"I/O Read Time":0.0,"I/O Write Time":0.0,"Temp I/O Read Time":436.528,"Temp I/O Write Time":1172.45,"Plans":[{"Node Type":"Merge Join","Parent Relationship":"Outer","Parallel Aware":false,"Async Capable":false,"Join Type":"Inner","Startup Cost":3436447.73,"Total Cost":4077480.74,"Plan Rows":1242717,"Plan Width":26,"Actual Startup Time":30686.194,"Actual Total Time":34341.447,"Actual Rows":2218175,"Actual Loops":1,"Output":["customer.c_nationkey","order_line.ol_amount","stock.s_w_id","stock.s_i_id","nation.n_name","nation.n_nationkey"],"Inner Unique":true,"Merge Cond":"((customer.c_w_id = stock.s_w_id) AND (order_line.ol_i_id = stock.s_i_id))","Shared Hit Blocks":1240535,"Shared Read Blocks":0,"Shared Dirtied Blocks":0,"Shared Written Blocks":0,"Local Hit Blocks":0,"Local Read Blocks":0,"Local Dirtied Blocks":0,"Local Written Blocks":0,"Temp Read Blocks":288611,"Temp Written Blocks":288665,"I/O Read Time":0.0,"I/O Write Time":0.0,"Temp I/O Read Time":436.528,"Temp I/O Write Time":1172.45,"Plans":[{"Node Type":"Sort","Parent Relationship":"Outer","Parallel Aware":false,"Async Capable":false,"Startup Cost":3436447.29,"Total Cost":3439527.83,"Plan Rows":1232214,"Plan Width":30,"Actual Startup Time":30686.136,"Actual Total Time":31287.396,"Actual Rows":2218175,"Actual Loops":1,"Output":["customer.c_w_id","customer.c_nationkey","orders.o_w_id","order_line.ol_amount","order_line.ol_w_id","order_line.ol_i_id","nation.n_name","nation.n_nationkey"],"Sort Key":["customer.c_w_id","order_line.ol_i_id"],"Sort Method":"external merge","Sort Space Used":94520,"Sort Space Type":"Disk","Shared Hit Blocks":1185862,"Shared Read Blocks":0,"Shared Dirtied Blocks":0,"Shared Written Blocks":0,"Local Hit Blocks":0,"Local Read Blocks":0,"Local Dirtied Blocks":0,"Local Written Blocks":0,"Temp Read Blocks":288611,"Temp Written Blocks":288665,"I/O Read Time":0.0,"I/O Write Time":0.0,"Temp I/O Read Time":436.528,"Temp I/O Write Time":1172.45,"Plans":[{"Node Type":"Hash Join","Parent Relationship":"Outer","Parallel Aware":false,"Async Capable":false,"Join Type":"Inner","Startup Cost":808098.65,"Total Cost":3252823.46,"Plan Rows":1232214,"Plan Width":30,"Actual Startup Time":3368.92,"Actual Total Time":28051.011,"Actual Rows":2218175,"Actual Loops":1,"Output":["customer.c_w_id","customer.c_nationkey","orders.o_w_id","order_line.ol_amount","order_line.ol_w_id","order_line.ol_i_id","nation.n_name","nation.n_nationkey"],"Inner Unique":false,"Hash Cond":"(customer.c_nationkey = nation.n_nationkey)","Shared Hit Blocks":1185862,"Shared Read Blocks":0,"Shared Dirtied Blocks":0,"Shared Written Blocks":0,"Local Hit Blocks":0,"Local Read Blocks":0,"Local Dirtied Blocks":0,"Local Written Blocks":0,"Temp Read Blocks":264991,"Temp Written Blocks":264991,"I/O Read Time":0.0,"I/O Write Time":0.0,"Temp I/O Read Time":401.53,"Temp I/O Write Time":1110.082,"Plans":[{"Node Type":"Hash Join","Parent Relationship":"Outer","Parallel Aware":false,"Async Capable":false,"Join Type":"Inner","Startup Cost":808095.51,"Total Cost":3217791.66,"Plan Rows":6161071,"Plan Width":18,"Actual Startup Time":3361.184,"Actual Total Time":27218.543,"Actual Rows":8568663,"Actual Loops":1,"Output":["customer.c_w_id","customer.c_nationkey","orders.o_w_id","order_line.ol_amount","order_line.ol_w_id","order_line.ol_i_id"],"Inner Unique":true,"Hash Cond":"((orders.o_c_id = customer.c_id) AND (orders.o_w_id = customer.c_w_id) AND (orders.o_d_id = customer.c_d_id))","Shared Hit Blocks":1185860,"Shared Read Blocks":0,"Shared Dirtied Blocks":0,"Shared Written Blocks":0,"Local Hit Blocks":0,"Local Read Blocks":0,"Local Dirtied Blocks":0,"Local Written Blocks":0,"Temp Read Blocks":264991,"Temp Written Blocks":264991,"I/O Read Time":0.0,"I/O Write Time":0.0,"Temp I/O Read Time":401.53,"Temp I/O Write Time":1110.082,"Plans":[{"Node Type":"Hash Join","Parent Relationship":"Outer","Parallel Aware":false,"Async Capable":false,"Join Type":"Inner","Startup Cost":153803.65,"Total Cost":2413481.36,"Plan Rows":6161071,"Plan Width":20,"Actual Startup Time":622.763,"Actual Total Time":20187.931,"Actual Rows":8568663,"Actual Loops":1,"Output":["orders.o_c_id","orders.o_w_id","orders.o_d_id","order_line.ol_amount","order_line.ol_w_id","order_line.ol_d_id","order_line.ol_i_id"],"Inner Unique":true,"Hash Cond":"((order_line.ol_w_id = orders.o_w_id) AND (order_line.ol_d_id = orders.o_d_id) AND (order_line.ol_o_id = orders.o_id))","Shared Hit Blocks":725870,"Shared Read Blocks":0,"Shared Dirtied Blocks":0,"Shared Written Blocks":0,"Local Hit Blocks":0,"Local Read Blocks":0,"Local Dirtied Blocks":0,"Local Written Blocks":0,"Temp Read Blocks":200672,"Temp Written Blocks":200672,"I/O Read Time":0.0,"I/O Write Time":0.0,"Temp I/O Read Time":302.432,"Temp I/O Write Time":800.002,"Plans":[{"Node Type":"Seq Scan","Parent Relationship":"Outer","Parallel Aware":false,"Async Capable":false,"Relation Name":"order_line","Schema":"public","Alias":"order_line","Startup Cost":0.0,"Total Cost":1431670.8,"Plan Rows":42039468,"Plan Width":20,"Actual Startup Time":0.007,"Actual Total Time":7294.355,"Actual Rows":42000489,"Actual Loops":1,"Output":["order_line.ol_amount","order_line.ol_o_id","order_line.ol_w_id","order_line.ol_d_id","order_line.ol_i_id"],"Filter":"(order_line.ol_delivery_d >= '1992-01-02 20:10:02.27764'::timestamp without time zone)","Rows Removed by Filter":17993272,"Shared Hit Blocks":681748,"Shared Read Blocks":0,"Shared Dirtied Blocks":0,"Shared Written Blocks":0,"Local Hit Blocks":0,"Local Read Blocks":0,"Local Dirtied Blocks":0,"Local Written Blocks":0,"Temp Read Blocks":0,"Temp Written Blocks":0,"I/O Read Time":0.0,"I/O Write Time":0.0,"Temp I/O Read Time":0.0,"Temp I/O Write Time":0.0},{"Node Type":"Hash","Parent Relationship":"Inner","Parallel Aware":false,"Async Capable":false,"Startup Cost":134121.52,"Total Cost":134121.52,"Plan Rows":879322,"Plan Width":16,"Actual Startup Time":588.543,"Actual Total Time":588.547,"Actual Rows":856801,"Actual Loops":1,"Output":["orders.o_c_id","orders.o_w_id","orders.o_d_id","orders.o_id"],"Hash Buckets":262144,"Original Hash Buckets":262144,"Hash Batches":8,"Original Hash Batches":8,"Peak Memory Usage":7070,"Shared Hit Blocks":44122,"Shared Read Blocks":0,"Shared Dirtied Blocks":0,"Shared Written Blocks":0,"Local Hit Blocks":0,"Local Read Blocks":0,"Local Dirtied Blocks":0,"Local Written Blocks":0,"Temp Read Blocks":0,"Temp Written Blocks":3290,"I/O Read Time":0.0,"I/O Write Time":0.0,"Temp I/O Read Time":0.0,"Temp I/O Write Time":15.558,"Plans":[{"Node Type":"Seq Scan","Parent Relationship":"Outer","Parallel Aware":false,"Async Capable":false,"Relation Name":"orders","Schema":"public","Alias":"orders","Startup Cost":0.0,"Total Cost":134121.52,"Plan Rows":879322,"Plan Width":16,"Actual Startup Time":0.589,"Actual Total Time":436.226,"Actual Rows":856801,"Actual Loops":1,"Output":["orders.o_c_id","orders.o_w_id","orders.o_d_id","orders.o_id"],"Filter":"((orders.o_entry_d >= '1993-01-02 20:10:02.27764'::timestamp without time zone) AND (orders.o_entry_d < '1994-01-02 20:10:02.27764'::timestamp without time zone))","Rows Removed by Filter":5143199,"Shared Hit Blocks":44122,"Shared Read Blocks":0,"Shared Dirtied Blocks":0,"Shared Written Blocks":0,"Local Hit Blocks":0,"Local Read Blocks":0,"Local Dirtied Blocks":0,"Local Written Blocks":0,"Temp Read Blocks":0,"Temp Written Blocks":0,"I/O Read Time":0.0,"I/O Write Time":0.0,"Temp I/O Read Time":0.0,"Temp I/O Write Time":0.0}]}]},{"Node Type":"Hash","Parent Relationship":"Inner","Parallel Aware":false,"Async Capable":false,"Startup Cost":519991.4,"Total Cost":519991.4,"Plan Rows":6000140,"Plan Width":12,"Actual Startup Time":2731.383,"Actual Total Time":2731.385,"Actual Rows":6000000,"Actual Loops":1,"Output":["customer.c_id","customer.c_w_id","customer.c_d_id","customer.c_nationkey"],"Hash Buckets":262144,"Original Hash Buckets":262144,"Hash Batches":64,"Original Hash Batches":64,"Peak Memory Usage":6073,"Shared Hit Blocks":459990,"Shared Read Blocks":0,"Shared Dirtied Blocks":0,"Shared Written Blocks":0,"Local Hit Blocks":0,"Local Read Blocks":0,"Local Dirtied Blocks":0,"Local Written Blocks":0,"Temp Read Blocks":0,"Temp Written Blocks":23037,"I/O Read Time":0.0,"I/O Write Time":0.0,"Temp I/O Read Time":0.0,"Temp I/O Write Time":115.204,"Plans":[{"Node Type":"Seq Scan","Parent Relationship":"Outer","Parallel Aware":false,"Async Capable":false,"Relation Name":"customer","Schema":"public","Alias":"customer","Startup Cost":0.0,"Total Cost":519991.4,"Plan Rows":6000140,"Plan Width":12,"Actual Startup Time":0.015,"Actual Total Time":1730.835,"Actual Rows":6000000,"Actual Loops":1,"Output":["customer.c_id","customer.c_w_id","customer.c_d_id","customer.c_nationkey"],"Shared Hit Blocks":459990,"Shared Read Blocks":0,"Shared Dirtied Blocks":0,"Shared Written Blocks":0,"Local Hit Blocks":0,"Local Read Blocks":0,"Local Dirtied Blocks":0,"Local Written Blocks":0,"Temp Read Blocks":0,"Temp Written Blocks":0,"I/O Read Time":0.0,"I/O Write Time":0.0,"Temp I/O Read Time":0.0,"Temp I/O Write Time":0.0}]}]},{"Node Type":"Hash","Parent Relationship":"Inner","Parallel Aware":false,"Async Capable":false,"Startup Cost":2.99,"Total Cost":2.99,"Plan Rows":12,"Plan Width":12,"Actual Startup Time":0.042,"Actual Total Time":0.047,"Actual Rows":22,"Actual Loops":1,"Output":["nation.n_name","nation.n_nationkey"],"Hash Buckets":1024,"Original Hash Buckets":1024,"Hash Batches":1,"Original Hash Batches":1,"Peak Memory Usage":9,"Shared Hit Blocks":2,"Shared Read Blocks":0,"Shared Dirtied Blocks":0,"Shared Written Blocks":0,"Local Hit Blocks":0,"Local Read Blocks":0,"Local Dirtied Blocks":0,"Local Written Blocks":0,"Temp Read Blocks":0,"Temp Written Blocks":0,"I/O Read Time":0.0,"I/O Write Time":0.0,"Temp I/O Read Time":0.0,"Temp I/O Write Time":0.0,"Plans":[{"Node Type":"Hash Join","Parent Relationship":"Outer","Parallel Aware":false,"Async Capable":false,"Join Type":"Inner","Startup Cost":1.07,"Total Cost":2.99,"Plan Rows":12,"Plan Width":12,"Actual Startup Time":0.024,"Actual Total Time":0.041,"Actual Rows":22,"Actual Loops":1,"Output":["nation.n_name","nation.n_nationkey"],"Inner Unique":true,"Hash Cond":"(nation.n_regionkey = region.r_regionkey)","Shared Hit Blocks":2,"Shared Read Blocks":0,"Shared Dirtied Blocks":0,"Shared Written Blocks":0,"Local Hit Blocks":0,"Local Read Blocks":0,"Local Dirtied Blocks":0,"Local Written Blocks":0,"Temp Read Blocks":0,"Temp Written Blocks":0,"I/O Read Time":0.0,"I/O Write Time":0.0,"Temp I/O Read Time":0.0,"Temp I/O Write Time":0.0,"Plans":[{"Node Type":"Seq Scan","Parent Relationship":"Outer","Parallel Aware":false,"Async Capable":false,"Relation Name":"nation","Schema":"public","Alias":"nation","Startup Cost":0.0,"Total Cost":1.62,"Plan Rows":62,"Plan Width":16,"Actual Startup Time":0.005,"Actual Total Time":0.008,"Actual Rows":62,"Actual Loops":1,"Output":["nation.n_nationkey","nation.n_name","nation.n_regionkey","nation.n_comment"],"Shared Hit Blocks":1,"Shared Read Blocks":0,"Shared Dirtied Blocks":0,"Shared Written Blocks":0,"Local Hit Blocks":0,"Local Read Blocks":0,"Local Dirtied Blocks":0,"Local Written Blocks":0,"Temp Read Blocks":0,"Temp Written Blocks":0,"I/O Read Time":0.0,"I/O Write Time":0.0,"Temp I/O Read Time":0.0,"Temp I/O Write Time":0.0},{"Node Type":"Hash","Parent Relationship":"Inner","Parallel Aware":false,"Async Capable":false,"Startup Cost":1.06,"Total Cost":1.06,"Plan Rows":1,"Plan Width":4,"Actual Startup Time":0.008,"Actual Total Time":0.011,"Actual Rows":1,"Actual Loops":1,"Output":["region.r_regionkey"],"Hash Buckets":1024,"Original Hash Buckets":1024,"Hash Batches":1,"Original Hash Batches":1,"Peak Memory Usage":9,"Shared Hit Blocks":1,"Shared Read Blocks":0,"Shared Dirtied Blocks":0,"Shared Written Blocks":0,"Local Hit Blocks":0,"Local Read Blocks":0,"Local Dirtied Blocks":0,"Local Written Blocks":0,"Temp Read Blocks":0,"Temp Written Blocks":0,"I/O Read Time":0.0,"I/O Write Time":0.0,"Temp I/O Read Time":0.0,"Temp I/O Write Time":0.0,"Plans":[{"Node Type":"Seq Scan","Parent Relationship":"Outer","Parallel Aware":false,"Async Capable":false,"Relation Name":"region","Schema":"public","Alias":"region","Startup Cost":0.0,"Total Cost":1.06,"Plan Rows":1,"Plan Width":4,"Actual Startup Time":0.006,"Actual Total Time":0.007,"Actual Rows":1,"Actual Loops":1,"Output":["region.r_regionkey"],"Filter":"((region.r_name)::text = 'Europe'::text)","Rows Removed by Filter":4,"Shared Hit Blocks":1,"Shared Read Blocks":0,"Shared Dirtied Blocks":0,"Shared Written Blocks":0,"Local Hit Blocks":0,"Local Read Blocks":0,"Local Dirtied Blocks":0,"Local Written Blocks":0,"Temp Read Blocks":0,"Temp Written Blocks":0,"I/O Read Time":0.0,"I/O Write Time":0.0,"Temp I/O Read Time":0.0,"Temp I/O Write Time":0.0}]}]}]}]}]},{"Node Type":"Index Only Scan","Parent Relationship":"Inner","Parallel Aware":false,"Async Capable":false,"Scan Direction":"Forward","Index Name":"stock_pk","Relation Name":"stock","Schema":"public","Alias":"stock","Startup Cost":0.44,"Total Cost":519363.62,"Plan Rows":20000212,"Plan Width":6,"Actual Startup Time":0.043,"Actual Total Time":1402.443,"Actual Rows":19999994,"Actual Loops":1,"Output":["stock.s_w_id","stock.s_i_id"],"Heap Fetches":0,"Shared Hit Blocks":54673,"Shared Read Blocks":0,"Shared Dirtied Blocks":0,"Shared Written Blocks":0,"Local Hit Blocks":0,"Local Read Blocks":0,"Local Dirtied Blocks":0,"Local Written Blocks":0,"Temp Read Blocks":0,"Temp Written Blocks":0,"I/O Read Time":0.0,"I/O Write Time":0.0,"Temp I/O Read Time":0.0,"Temp I/O Write Time":0.0}]},{"Node Type":"Hash","Parent Relationship":"Inner","Parallel Aware":false,"Async Capable":false,"Startup Cost":317.0,"Total Cost":317.0,"Plan Rows":10000,"Plan Width":8,"Actual Startup Time":2.577,"Actual Total Time":2.577,"Actual Rows":10000,"Actual Loops":1,"Output":["supplier.su_suppkey","supplier.su_nationkey"],"Hash Buckets":16384,"Original Hash Buckets":16384,"Hash Batches":1,"Original Hash Batches":1,"Peak Memory Usage":519,"Shared Hit Blocks":217,"Shared Read Blocks":0,"Shared Dirtied Blocks":0,"Shared Written Blocks":0,"Local Hit Blocks":0,"Local Read Blocks":0,"Local Dirtied Blocks":0,"Local Written Blocks":0,"Temp Read Blocks":0,"Temp Written Blocks":0,"I/O Read Time":0.0,"I/O Write Time":0.0,"Temp I/O Read Time":0.0,"Temp I/O Write Time":0.0,"Plans":[{"Node Type":"Seq Scan","Parent Relationship":"Outer","Parallel Aware":false,"Async Capable":false,"Relation Name":"supplier","Schema":"public","Alias":"supplier","Startup Cost":0.0,"Total Cost":317.0,"Plan Rows":10000,"Plan Width":8,"Actual Startup Time":0.011,"Actual Total Time":1.296,"Actual Rows":10000,"Actual Loops":1,"Output":["supplier.su_suppkey","supplier.su_nationkey"],"Shared Hit Blocks":217,"Shared Read Blocks":0,"Shared Dirtied Blocks":0,"Shared Written Blocks":0,"Local Hit Blocks":0,"Local Read Blocks":0,"Local Dirtied Blocks":0,"Local Written Blocks":0,"Temp Read Blocks":0,"Temp Written Blocks":0,"I/O Read Time":0.0,"I/O Write Time":0.0,"Temp I/O Read Time":0.0,"Temp I/O Write Time":0.0}]}]}]}]}]},"Planning":{"Shared Hit Blocks":220,"Shared Read Blocks":0,"Shared Dirtied Blocks":0,"Shared Written Blocks":0,"Local Hit Blocks":0,"Local Read Blocks":0,"Local Dirtied Blocks":0,"Local Written Blocks":0,"Temp Read Blocks":0,"Temp Written Blocks":0,"I/O Read Time":0.0,"I/O Write Time":0.0,"Temp I/O Read Time":0.0,"Temp I/O Write Time":0.0},"Planning Time":5.151,"Triggers":[],"Execution Time":34663.276}]
[列存组合]: region, supplier
[{"Plan":{"Node Type":"Sort","Parallel Aware":false,"Async Capable":false,"Startup Cost":4086277.85,"Total Cost":4086278.0,"Plan Rows":62,"Plan Width":40,"Actual Startup Time":34634.715,"Actual Total Time":34634.74,"Actual Rows":11,"Actual Loops":1,"Output":["nation.n_name","(sum(order_line.ol_amount))"],"Sort Key":["(sum(order_line.ol_amount)) DESC"],"Sort Method":"quicksort","Sort Space Used":25,"Sort Space Type":"Memory","Shared Hit Blocks":1240535,"Shared Read Blocks":0,"Shared Dirtied Blocks":0,"Shared Written Blocks":0,"Local Hit Blocks":0,"Local Read Blocks":0,"Local Dirtied Blocks":0,"Local Written Blocks":0,"Temp Read Blocks":288611,"Temp Written Blocks":288665,"I/O Read Time":0.0,"I/O Write Time":0.0,"Temp I/O Read Time":433.408,"Temp I/O Write Time":1168.323,"Plans":[{"Node Type":"Aggregate","Strategy":"Sorted","Partial Mode":"Simple","Parent Relationship":"Outer","Parallel Aware":false,"Async Capable":false,"Startup Cost":4086124.2,"Total Cost":4086276.0,"Plan Rows":62,"Plan Width":40,"Actual Startup Time":34628.842,"Actual Total Time":34634.726,"Actual Rows":11,"Actual Loops":1,"Output":["nation.n_name","sum(order_line.ol_amount)"],"Group Key":["nation.n_name"],"Shared Hit Blocks":1240535,"Shared Read Blocks":0,"Shared Dirtied Blocks":0,"Shared Written Blocks":0,"Local Hit Blocks":0,"Local Read Blocks":0,"Local Dirtied Blocks":0,"Local Written Blocks":0,"Temp Read Blocks":288611,"Temp Written Blocks":288665,"I/O Read Time":0.0,"I/O Write Time":0.0,"Temp I/O Read Time":433.408,"Temp I/O Write Time":1168.323,"Plans":[{"Node Type":"Sort","Parent Relationship":"Outer","Parallel Aware":false,"Async Capable":false,"Startup Cost":4086124.2,"Total Cost":4086174.54,"Plan Rows":20136,"Plan Width":12,"Actual Startup Time":34628.407,"Actual Total Time":34630.187,"Actual Rows":35044,"Actual Loops":1,"Output":["nation.n_name","order_line.ol_amount"],"Sort Key":["nation.n_name"],"Sort Method":"quicksort","Sort Space Used":3146,"Sort Space Type":"Memory","Shared Hit Blocks":1240535,"Shared Read Blocks":0,"Shared Dirtied Blocks":0,"Shared Written Blocks":0,"Local Hit Blocks":0,"Local Read Blocks":0,"Local Dirtied Blocks":0,"Local Written Blocks":0,"Temp Read Blocks":288611,"Temp Written Blocks":288665,"I/O Read Time":0.0,"I/O Write Time":0.0,"Temp I/O Read Time":433.408,"Temp I/O Write Time":1168.323,"Plans":[{"Node Type":"Hash Join","Parent Relationship":"Outer","Parallel Aware":false,"Async Capable":false,"Join Type":"Inner","Startup Cost":3436816.76,"Total Cost":4084684.73,"Plan Rows":20136,"Plan Width":12,"Actual Startup Time":30683.696,"Actual Total Time":34609.241,"Actual Rows":35044,"Actual Loops":1,"Output":["nation.n_name","order_line.ol_amount"],"Inner Unique":true,"Hash Cond":"((mod((stock.s_w_id * stock.s_i_id), 10000) = supplier.su_suppkey) AND (customer.c_nationkey = supplier.su_nationkey))","Shared Hit Blocks":1240535,"Shared Read Blocks":0,"Shared Dirtied Blocks":0,"Shared Written Blocks":0,"Local Hit Blocks":0,"Local Read Blocks":0,"Local Dirtied Blocks":0,"Local Written Blocks":0,"Temp Read Blocks":288611,"Temp Written Blocks":288665,"I/O Read Time":0.0,"I/O Write Time":0.0,"Temp I/O Read Time":433.408,"Temp I/O Write Time":1168.323,"Plans":[{"Node Type":"Merge Join","Parent Relationship":"Outer","Parallel Aware":false,"Async Capable":false,"Join Type":"Inner","Startup Cost":3436447.73,"Total Cost":4077480.74,"Plan Rows":1242717,"Plan Width":26,"Actual Startup Time":30679.783,"Actual Total Time":34326.865,"Actual Rows":2218175,"Actual Loops":1,"Output":["customer.c_nationkey","order_line.ol_amount","stock.s_w_id","stock.s_i_id","nation.n_name","nation.n_nationkey"],"Inner Unique":true,"Merge Cond":"((customer.c_w_id = stock.s_w_id) AND (order_line.ol_i_id = stock.s_i_id))","Shared Hit Blocks":1240535,"Shared Read Blocks":0,"Shared Dirtied Blocks":0,"Shared Written Blocks":0,"Local Hit Blocks":0,"Local Read Blocks":0,"Local Dirtied Blocks":0,"Local Written Blocks":0,"Temp Read Blocks":288611,"Temp Written Blocks":288665,"I/O Read Time":0.0,"I/O Write Time":0.0,"Temp I/O Read Time":433.408,"Temp I/O Write Time":1168.323,"Plans":[{"Node Type":"Sort","Parent Relationship":"Outer","Parallel Aware":false,"Async Capable":false,"Startup Cost":3436447.29,"Total Cost":3439527.83,"Plan Rows":1232214,"Plan Width":30,"Actual Startup Time":30679.723,"Actual Total Time":31275.968,"Actual Rows":2218175,"Actual Loops":1,"Output":["customer.c_w_id","customer.c_nationkey","orders.o_w_id","order_line.ol_amount","order_line.ol_w_id","order_line.ol_i_id","nation.n_name","nation.n_nationkey"],"Sort Key":["customer.c_w_id","order_line.ol_i_id"],"Sort Method":"external merge","Sort Space Used":94520,"Sort Space Type":"Disk","Shared Hit Blocks":1185862,"Shared Read Blocks":0,"Shared Dirtied Blocks":0,"Shared Written Blocks":0,"Local Hit Blocks":0,"Local Read Blocks":0,"Local Dirtied Blocks":0,"Local Written Blocks":0,"Temp Read Blocks":288611,"Temp Written Blocks":288665,"I/O Read Time":0.0,"I/O Write Time":0.0,"Temp I/O Read Time":433.408,"Temp I/O Write Time":1168.323,"Plans":[{"Node Type":"Hash Join","Parent Relationship":"Outer","Parallel Aware":false,"Async Capable":false,"Join Type":"Inner","Startup Cost":808098.65,"Total Cost":3252823.46,"Plan Rows":1232214,"Plan Width":30,"Actual Startup Time":3380.126,"Actual Total Time":28050.76,"Actual Rows":2218175,"Actual Loops":1,"Output":["customer.c_w_id","customer.c_nationkey","orders.o_w_id","order_line.ol_amount","order_line.ol_w_id","order_line.ol_i_id","nation.n_name","nation.n_nationkey"],"Inner Unique":false,"Hash Cond":"(customer.c_nationkey = nation.n_nationkey)","Shared Hit Blocks":1185862,"Shared Read Blocks":0,"Shared Dirtied Blocks":0,"Shared Written Blocks":0,"Local Hit Blocks":0,"Local Read Blocks":0,"Local Dirtied Blocks":0,"Local Written Blocks":0,"Temp Read Blocks":264991,"Temp Written Blocks":264991,"I/O Read Time":0.0,"I/O Write Time":0.0,"Temp I/O Read Time":399.13,"Temp I/O Write Time":1106.2,"Plans":[{"Node Type":"Hash Join","Parent Relationship":"Outer","Parallel Aware":false,"Async Capable":false,"Join Type":"Inner","Startup Cost":808095.51,"Total Cost":3217791.66,"Plan Rows":6161071,"Plan Width":18,"Actual Startup Time":3372.426,"Actual Total Time":27218.397,"Actual Rows":8568663,"Actual Loops":1,"Output":["customer.c_w_id","customer.c_nationkey","orders.o_w_id","order_line.ol_amount","order_line.ol_w_id","order_line.ol_i_id"],"Inner Unique":true,"Hash Cond":"((orders.o_c_id = customer.c_id) AND (orders.o_w_id = customer.c_w_id) AND (orders.o_d_id = customer.c_d_id))","Shared Hit Blocks":1185860,"Shared Read Blocks":0,"Shared Dirtied Blocks":0,"Shared Written Blocks":0,"Local Hit Blocks":0,"Local Read Blocks":0,"Local Dirtied Blocks":0,"Local Written Blocks":0,"Temp Read Blocks":264991,"Temp Written Blocks":264991,"I/O Read Time":0.0,"I/O Write Time":0.0,"Temp I/O Read Time":399.13,"Temp I/O Write Time":1106.2,"Plans":[{"Node Type":"Hash Join","Parent Relationship":"Outer","Parallel Aware":false,"Async Capable":false,"Join Type":"Inner","Startup Cost":153803.65,"Total Cost":2413481.36,"Plan Rows":6161071,"Plan Width":20,"Actual Startup Time":616.443,"Actual Total Time":20169.822,"Actual Rows":8568663,"Actual Loops":1,"Output":["orders.o_c_id","orders.o_w_id","orders.o_d_id","order_line.ol_amount","order_line.ol_w_id","order_line.ol_d_id","order_line.ol_i_id"],"Inner Unique":true,"Hash Cond":"((order_line.ol_w_id = orders.o_w_id) AND (order_line.ol_d_id = orders.o_d_id) AND (order_line.ol_o_id = orders.o_id))","Shared Hit Blocks":725870,"Shared Read Blocks":0,"Shared Dirtied Blocks":0,"Shared Written Blocks":0,"Local Hit Blocks":0,"Local Read Blocks":0,"Local Dirtied Blocks":0,"Local Written Blocks":0,"Temp Read Blocks":200672,"Temp Written Blocks":200672,"I/O Read Time":0.0,"I/O Write Time":0.0,"Temp I/O Read Time":300.124,"Temp I/O Write Time":799.137,"Plans":[{"Node Type":"Seq Scan","Parent Relationship":"Outer","Parallel Aware":false,"Async Capable":false,"Relation Name":"order_line","Schema":"public","Alias":"order_line","Startup Cost":0.0,"Total Cost":1431670.8,"Plan Rows":42039468,"Plan Width":20,"Actual Startup Time":0.006,"Actual Total Time":7307.542,"Actual Rows":42000489,"Actual Loops":1,"Output":["order_line.ol_amount","order_line.ol_o_id","order_line.ol_w_id","order_line.ol_d_id","order_line.ol_i_id"],"Filter":"(order_line.ol_delivery_d >= '1992-01-02 20:10:02.27764'::timestamp without time zone)","Rows Removed by Filter":17993272,"Shared Hit Blocks":681748,"Shared Read Blocks":0,"Shared Dirtied Blocks":0,"Shared Written Blocks":0,"Local Hit Blocks":0,"Local Read Blocks":0,"Local Dirtied Blocks":0,"Local Written Blocks":0,"Temp Read Blocks":0,"Temp Written Blocks":0,"I/O Read Time":0.0,"I/O Write Time":0.0,"Temp I/O Read Time":0.0,"Temp I/O Write Time":0.0},{"Node Type":"Hash","Parent Relationship":"Inner","Parallel Aware":false,"Async Capable":false,"Startup Cost":134121.52,"Total Cost":134121.52,"Plan Rows":879322,"Plan Width":16,"Actual Startup Time":582.403,"Actual Total Time":582.407,"Actual Rows":856801,"Actual Loops":1,"Output":["orders.o_c_id","orders.o_w_id","orders.o_d_id","orders.o_id"],"Hash Buckets":262144,"Original Hash Buckets":262144,"Hash Batches":8,"Original Hash Batches":8,"Peak Memory Usage":7070,"Shared Hit Blocks":44122,"Shared Read Blocks":0,"Shared Dirtied Blocks":0,"Shared Written Blocks":0,"Local Hit Blocks":0,"Local Read Blocks":0,"Local Dirtied Blocks":0,"Local Written Blocks":0,"Temp Read Blocks":0,"Temp Written Blocks":3290,"I/O Read Time":0.0,"I/O Write Time":0.0,"Temp I/O Read Time":0.0,"Temp I/O Write Time":14.735,"Plans":[{"Node Type":"Seq Scan","Parent Relationship":"Outer","Parallel Aware":false,"Async Capable":false,"Relation Name":"orders","Schema":"public","Alias":"orders","Startup Cost":0.0,"Total Cost":134121.52,"Plan Rows":879322,"Plan Width":16,"Actual Startup Time":0.591,"Actual Total Time":435.269,"Actual Rows":856801,"Actual Loops":1,"Output":["orders.o_c_id","orders.o_w_id","orders.o_d_id","orders.o_id"],"Filter":"((orders.o_entry_d >= '1993-01-02 20:10:02.27764'::timestamp without time zone) AND (orders.o_entry_d < '1994-01-02 20:10:02.27764'::timestamp without time zone))","Rows Removed by Filter":5143199,"Shared Hit Blocks":44122,"Shared Read Blocks":0,"Shared Dirtied Blocks":0,"Shared Written Blocks":0,"Local Hit Blocks":0,"Local Read Blocks":0,"Local Dirtied Blocks":0,"Local Written Blocks":0,"Temp Read Blocks":0,"Temp Written Blocks":0,"I/O Read Time":0.0,"I/O Write Time":0.0,"Temp I/O Read Time":0.0,"Temp I/O Write Time":0.0}]}]},{"Node Type":"Hash","Parent Relationship":"Inner","Parallel Aware":false,"Async Capable":false,"Startup Cost":519991.4,"Total Cost":519991.4,"Plan Rows":6000140,"Plan Width":12,"Actual Startup Time":2748.993,"Actual Total Time":2748.997,"Actual Rows":6000000,"Actual Loops":1,"Output":["customer.c_id","customer.c_w_id","customer.c_d_id","customer.c_nationkey"],"Hash Buckets":262144,"Original Hash Buckets":262144,"Hash Batches":64,"Original Hash Batches":64,"Peak Memory Usage":6073,"Shared Hit Blocks":459990,"Shared Read Blocks":0,"Shared Dirtied Blocks":0,"Shared Written Blocks":0,"Local Hit Blocks":0,"Local Read Blocks":0,"Local Dirtied Blocks":0,"Local Written Blocks":0,"Temp Read Blocks":0,"Temp Written Blocks":23037,"I/O Read Time":0.0,"I/O Write Time":0.0,"Temp I/O Read Time":0.0,"Temp I/O Write Time":112.208,"Plans":[{"Node Type":"Seq Scan","Parent Relationship":"Outer","Parallel Aware":false,"Async Capable":false,"Relation Name":"customer","Schema":"public","Alias":"customer","Startup Cost":0.0,"Total Cost":519991.4,"Plan Rows":6000140,"Plan Width":12,"Actual Startup Time":0.01,"Actual Total Time":1751.886,"Actual Rows":6000000,"Actual Loops":1,"Output":["customer.c_id","customer.c_w_id","customer.c_d_id","customer.c_nationkey"],"Shared Hit Blocks":459990,"Shared Read Blocks":0,"Shared Dirtied Blocks":0,"Shared Written Blocks":0,"Local Hit Blocks":0,"Local Read Blocks":0,"Local Dirtied Blocks":0,"Local Written Blocks":0,"Temp Read Blocks":0,"Temp Written Blocks":0,"I/O Read Time":0.0,"I/O Write Time":0.0,"Temp I/O Read Time":0.0,"Temp I/O Write Time":0.0}]}]},{"Node Type":"Hash","Parent Relationship":"Inner","Parallel Aware":false,"Async Capable":false,"Startup Cost":2.99,"Total Cost":2.99,"Plan Rows":12,"Plan Width":12,"Actual Startup Time":0.039,"Actual Total Time":0.043,"Actual Rows":22,"Actual Loops":1,"Output":["nation.n_name","nation.n_nationkey"],"Hash Buckets":1024,"Original Hash Buckets":1024,"Hash Batches":1,"Original Hash Batches":1,"Peak Memory Usage":9,"Shared Hit Blocks":2,"Shared Read Blocks":0,"Shared Dirtied Blocks":0,"Shared Written Blocks":0,"Local Hit Blocks":0,"Local Read Blocks":0,"Local Dirtied Blocks":0,"Local Written Blocks":0,"Temp Read Blocks":0,"Temp Written Blocks":0,"I/O Read Time":0.0,"I/O Write Time":0.0,"Temp I/O Read Time":0.0,"Temp I/O Write Time":0.0,"Plans":[{"Node Type":"Hash Join","Parent Relationship":"Outer","Parallel Aware":false,"Async Capable":false,"Join Type":"Inner","Startup Cost":1.07,"Total Cost":2.99,"Plan Rows":12,"Plan Width":12,"Actual Startup Time":0.022,"Actual Total Time":0.038,"Actual Rows":22,"Actual Loops":1,"Output":["nation.n_name","nation.n_nationkey"],"Inner Unique":true,"Hash Cond":"(nation.n_regionkey = region.r_regionkey)","Shared Hit Blocks":2,"Shared Read Blocks":0,"Shared Dirtied Blocks":0,"Shared Written Blocks":0,"Local Hit Blocks":0,"Local Read Blocks":0,"Local Dirtied Blocks":0,"Local Written Blocks":0,"Temp Read Blocks":0,"Temp Written Blocks":0,"I/O Read Time":0.0,"I/O Write Time":0.0,"Temp I/O Read Time":0.0,"Temp I/O Write Time":0.0,"Plans":[{"Node Type":"Seq Scan","Parent Relationship":"Outer","Parallel Aware":false,"Async Capable":false,"Relation Name":"nation","Schema":"public","Alias":"nation","Startup Cost":0.0,"Total Cost":1.62,"Plan Rows":62,"Plan Width":16,"Actual Startup Time":0.007,"Actual Total Time":0.01,"Actual Rows":62,"Actual Loops":1,"Output":["nation.n_nationkey","nation.n_name","nation.n_regionkey","nation.n_comment"],"Shared Hit Blocks":1,"Shared Read Blocks":0,"Shared Dirtied Blocks":0,"Shared Written Blocks":0,"Local Hit Blocks":0,"Local Read Blocks":0,"Local Dirtied Blocks":0,"Local Written Blocks":0,"Temp Read Blocks":0,"Temp Written Blocks":0,"I/O Read Time":0.0,"I/O Write Time":0.0,"Temp I/O Read Time":0.0,"Temp I/O Write Time":0.0},{"Node Type":"Hash","Parent Relationship":"Inner","Parallel Aware":false,"Async Capable":false,"Startup Cost":1.06,"Total Cost":1.06,"Plan Rows":1,"Plan Width":4,"Actual Startup Time":0.009,"Actual Total Time":0.009,"Actual Rows":1,"Actual Loops":1,"Output":["region.r_regionkey"],"Hash Buckets":1024,"Original Hash Buckets":1024,"Hash Batches":1,"Original Hash Batches":1,"Peak Memory Usage":9,"Shared Hit Blocks":1,"Shared Read Blocks":0,"Shared Dirtied Blocks":0,"Shared Written Blocks":0,"Local Hit Blocks":0,"Local Read Blocks":0,"Local Dirtied Blocks":0,"Local Written Blocks":0,"Temp Read Blocks":0,"Temp Written Blocks":0,"I/O Read Time":0.0,"I/O Write Time":0.0,"Temp I/O Read Time":0.0,"Temp I/O Write Time":0.0,"Plans":[{"Node Type":"Seq Scan","Parent Relationship":"Outer","Parallel Aware":false,"Async Capable":false,"Relation Name":"region","Schema":"public","Alias":"region","Startup Cost":0.0,"Total Cost":1.06,"Plan Rows":1,"Plan Width":4,"Actual Startup Time":0.007,"Actual Total Time":0.008,"Actual Rows":1,"Actual Loops":1,"Output":["region.r_regionkey"],"Filter":"((region.r_name)::text = 'Europe'::text)","Rows Removed by Filter":4,"Shared Hit Blocks":1,"Shared Read Blocks":0,"Shared Dirtied Blocks":0,"Shared Written Blocks":0,"Local Hit Blocks":0,"Local Read Blocks":0,"Local Dirtied Blocks":0,"Local Written Blocks":0,"Temp Read Blocks":0,"Temp Written Blocks":0,"I/O Read Time":0.0,"I/O Write Time":0.0,"Temp I/O Read Time":0.0,"Temp I/O Write Time":0.0}]}]}]}]}]},{"Node Type":"Index Only Scan","Parent Relationship":"Inner","Parallel Aware":false,"Async Capable":false,"Scan Direction":"Forward","Index Name":"stock_pk","Relation Name":"stock","Schema":"public","Alias":"stock","Startup Cost":0.44,"Total Cost":519363.62,"Plan Rows":20000212,"Plan Width":6,"Actual Startup Time":0.044,"Actual Total Time":1399.355,"Actual Rows":19999994,"Actual Loops":1,"Output":["stock.s_w_id","stock.s_i_id"],"Heap Fetches":0,"Shared Hit Blocks":54673,"Shared Read Blocks":0,"Shared Dirtied Blocks":0,"Shared Written Blocks":0,"Local Hit Blocks":0,"Local Read Blocks":0,"Local Dirtied Blocks":0,"Local Written Blocks":0,"Temp Read Blocks":0,"Temp Written Blocks":0,"I/O Read Time":0.0,"I/O Write Time":0.0,"Temp I/O Read Time":0.0,"Temp I/O Write Time":0.0}]},{"Node Type":"Hash","Parent Relationship":"Inner","Parallel Aware":false,"Async Capable":false,"Startup Cost":219.01,"Total Cost":219.01,"Plan Rows":10001,"Plan Width":8,"Actual Startup Time":3.509,"Actual Total Time":3.512,"Actual Rows":10000,"Actual Loops":1,"Output":["supplier.su_suppkey","supplier.su_nationkey"],"Hash Buckets":16384,"Original Hash Buckets":16384,"Hash Batches":1,"Original Hash Batches":1,"Peak Memory Usage":519,"Shared Hit Blocks":0,"Shared Read Blocks":0,"Shared Dirtied Blocks":0,"Shared Written Blocks":0,"Local Hit Blocks":0,"Local Read Blocks":0,"Local Dirtied Blocks":0,"Local Written Blocks":0,"Temp Read Blocks":0,"Temp Written Blocks":0,"I/O Read Time":0.0,"I/O Write Time":0.0,"Temp I/O Read Time":0.0,"Temp I/O Write Time":0.0,"Plans":[{"Node Type":"Append","Parent Relationship":"Outer","Parallel Aware":false,"Async Capable":false,"Startup Cost":20.0,"Total Cost":219.01,"Plan Rows":10001,"Plan Width":8,"Actual Startup Time":0.013,"Actual Total Time":1.774,"Actual Rows":10000,"Actual Loops":1,"Shared Hit Blocks":0,"Shared Read Blocks":0,"Shared Dirtied Blocks":0,"Shared Written Blocks":0,"Local Hit Blocks":0,"Local Read Blocks":0,"Local Dirtied Blocks":0,"Local Written Blocks":0,"Temp Read Blocks":0,"Temp Written Blocks":0,"I/O Read Time":0.0,"I/O Write Time":0.0,"Temp I/O Read Time":0.0,"Temp I/O Write Time":0.0,"Subplans Removed":0,"Plans":[{"Node Type":"Custom Scan","Parent Relationship":"Member","Custom Plan Provider":"columnar scan","Parallel Aware":false,"Async Capable":false,"Relation Name":"supplier","Schema":"public","Alias":"supplier","Startup Cost":20.0,"Total Cost":215.0,"Plan Rows":10000,"Plan Width":8,"Actual Startup Time":0.012,"Actual Total Time":1.076,"Actual Rows":10000,"Actual Loops":1,"Output":["supplier.su_suppkey","supplier.su_nationkey"],"Rows Removed by Columnar Filter":0,"Columnar cache search mode":"native","Shared Hit Blocks":0,"Shared Read Blocks":0,"Shared Dirtied Blocks":0,"Shared Written Blocks":0,"Local Hit Blocks":0,"Local Read Blocks":0,"Local Dirtied Blocks":0,"Local Written Blocks":0,"Temp Read Blocks":0,"Temp Written Blocks":0,"I/O Read Time":0.0,"I/O Write Time":0.0,"Temp I/O Read Time":0.0,"Temp I/O Write Time":0.0},{"Node Type":"Seq Scan","Parent Relationship":"Member","Parallel Aware":false,"Async Capable":false,"Relation Name":"supplier","Schema":"public","Alias":"supplier","Startup Cost":0.0,"Total Cost":4.01,"Plan Rows":1,"Plan Width":8,"Actual Startup Time":0.0,"Actual Total Time":0.0,"Actual Rows":0,"Actual Loops":0,"Output":["supplier.su_suppkey","supplier.su_nationkey"],"Shared Hit Blocks":0,"Shared Read Blocks":0,"Shared Dirtied Blocks":0,"Shared Written Blocks":0,"Local Hit Blocks":0,"Local Read Blocks":0,"Local Dirtied Blocks":0,"Local Written Blocks":0,"Temp Read Blocks":0,"Temp Written Blocks":0,"I/O Read Time":0.0,"I/O Write Time":0.0,"Temp I/O Read Time":0.0,"Temp I/O Write Time":0.0}]}]}]}]}]}]},"Planning":{"Shared Hit Blocks":220,"Shared Read Blocks":0,"Shared Dirtied Blocks":0,"Shared Written Blocks":0,"Local Hit Blocks":0,"Local Read Blocks":0,"Local Dirtied Blocks":0,"Local Written Blocks":0,"Temp Read Blocks":0,"Temp Written Blocks":0,"I/O Read Time":0.0,"I/O Write Time":0.0,"Temp I/O Read Time":0.0,"Temp I/O Write Time":0.0},"Planning Time":4.083,"Triggers":[],"Execution Time":34649.378}]
[列存组合]: stock, supplier
[{"Plan":{"Node Type":"Sort","Parallel Aware":false,"Async Capable":false,"Startup Cost":4086277.85,"Total Cost":4086278.0,"Plan Rows":62,"Plan Width":40,"Actual Startup Time":35494.468,"Actual Total Time":35494.493,"Actual Rows":11,"Actual Loops":1,"Output":["nation.n_name","(sum(order_line.ol_amount))"],"Sort Key":["(sum(order_line.ol_amount)) DESC"],"Sort Method":"quicksort","Sort Space Used":25,"Sort Space Type":"Memory","Shared Hit Blocks":1240535,"Shared Read Blocks":0,"Shared Dirtied Blocks":0,"Shared Written Blocks":0,"Local Hit Blocks":0,"Local Read Blocks":0,"Local Dirtied Blocks":0,"Local Written Blocks":0,"Temp Read Blocks":288611,"Temp Written Blocks":288665,"I/O Read Time":0.0,"I/O Write Time":0.0,"Temp I/O Read Time":458.124,"Temp I/O Write Time":1182.029,"Plans":[{"Node Type":"Aggregate","Strategy":"Sorted","Partial Mode":"Simple","Parent Relationship":"Outer","Parallel Aware":false,"Async Capable":false,"Startup Cost":4086124.2,"Total Cost":4086276.0,"Plan Rows":62,"Plan Width":40,"Actual Startup Time":35488.505,"Actual Total Time":35494.476,"Actual Rows":11,"Actual Loops":1,"Output":["nation.n_name","sum(order_line.ol_amount)"],"Group Key":["nation.n_name"],"Shared Hit Blocks":1240535,"Shared Read Blocks":0,"Shared Dirtied Blocks":0,"Shared Written Blocks":0,"Local Hit Blocks":0,"Local Read Blocks":0,"Local Dirtied Blocks":0,"Local Written Blocks":0,"Temp Read Blocks":288611,"Temp Written Blocks":288665,"I/O Read Time":0.0,"I/O Write Time":0.0,"Temp I/O Read Time":458.124,"Temp I/O Write Time":1182.029,"Plans":[{"Node Type":"Sort","Parent Relationship":"Outer","Parallel Aware":false,"Async Capable":false,"Startup Cost":4086124.2,"Total Cost":4086174.54,"Plan Rows":20136,"Plan Width":12,"Actual Startup Time":35488.062,"Actual Total Time":35489.924,"Actual Rows":35044,"Actual Loops":1,"Output":["nation.n_name","order_line.ol_amount"],"Sort Key":["nation.n_name"],"Sort Method":"quicksort","Sort Space Used":3146,"Sort Space Type":"Memory","Shared Hit Blocks":1240535,"Shared Read Blocks":0,"Shared Dirtied Blocks":0,"Shared Written Blocks":0,"Local Hit Blocks":0,"Local Read Blocks":0,"Local Dirtied Blocks":0,"Local Written Blocks":0,"Temp Read Blocks":288611,"Temp Written Blocks":288665,"I/O Read Time":0.0,"I/O Write Time":0.0,"Temp I/O Read Time":458.124,"Temp I/O Write Time":1182.029,"Plans":[{"Node Type":"Hash Join","Parent Relationship":"Outer","Parallel Aware":false,"Async Capable":false,"Join Type":"Inner","Startup Cost":3436816.76,"Total Cost":4084684.73,"Plan Rows":20136,"Plan Width":12,"Actual Startup Time":31543.22,"Actual Total Time":35468.887,"Actual Rows":35044,"Actual Loops":1,"Output":["nation.n_name","order_line.ol_amount"],"Inner Unique":true,"Hash Cond":"((mod((stock.s_w_id * stock.s_i_id), 10000) = supplier.su_suppkey) AND (customer.c_nationkey = supplier.su_nationkey))","Shared Hit Blocks":1240535,"Shared Read Blocks":0,"Shared Dirtied Blocks":0,"Shared Written Blocks":0,"Local Hit Blocks":0,"Local Read Blocks":0,"Local Dirtied Blocks":0,"Local Written Blocks":0,"Temp Read Blocks":288611,"Temp Written Blocks":288665,"I/O Read Time":0.0,"I/O Write Time":0.0,"Temp I/O Read Time":458.124,"Temp I/O Write Time":1182.029,"Plans":[{"Node Type":"Merge Join","Parent Relationship":"Outer","Parallel Aware":false,"Async Capable":false,"Join Type":"Inner","Startup Cost":3436447.73,"Total Cost":4077480.74,"Plan Rows":1242717,"Plan Width":26,"Actual Startup Time":31539.692,"Actual Total Time":35183.861,"Actual Rows":2218175,"Actual Loops":1,"Output":["customer.c_nationkey","order_line.ol_amount","stock.s_w_id","stock.s_i_id","nation.n_name","nation.n_nationkey"],"Inner Unique":true,"Merge Cond":"((customer.c_w_id = stock.s_w_id) AND (order_line.ol_i_id = stock.s_i_id))","Shared Hit Blocks":1240535,"Shared Read Blocks":0,"Shared Dirtied Blocks":0,"Shared Written Blocks":0,"Local Hit Blocks":0,"Local Read Blocks":0,"Local Dirtied Blocks":0,"Local Written Blocks":0,"Temp Read Blocks":288611,"Temp Written Blocks":288665,"I/O Read Time":0.0,"I/O Write Time":0.0,"Temp I/O Read Time":458.124,"Temp I/O Write Time":1182.029,"Plans":[{"Node Type":"Sort","Parent Relationship":"Outer","Parallel Aware":false,"Async Capable":false,"Startup Cost":3436447.29,"Total Cost":3439527.83,"Plan Rows":1232214,"Plan Width":30,"Actual Startup Time":31539.633,"Actual Total Time":32136.728,"Actual Rows":2218175,"Actual Loops":1,"Output":["customer.c_w_id","customer.c_nationkey","orders.o_w_id","order_line.ol_amount","order_line.ol_w_id","order_line.ol_i_id","nation.n_name","nation.n_nationkey"],"Sort Key":["customer.c_w_id","order_line.ol_i_id"],"Sort Method":"external merge","Sort Space Used":94520,"Sort Space Type":"Disk","Shared Hit Blocks":1185862,"Shared Read Blocks":0,"Shared Dirtied Blocks":0,"Shared Written Blocks":0,"Local Hit Blocks":0,"Local Read Blocks":0,"Local Dirtied Blocks":0,"Local Written Blocks":0,"Temp Read Blocks":288611,"Temp Written Blocks":288665,"I/O Read Time":0.0,"I/O Write Time":0.0,"Temp I/O Read Time":458.124,"Temp I/O Write Time":1182.029,"Plans":[{"Node Type":"Hash Join","Parent Relationship":"Outer","Parallel Aware":false,"Async Capable":false,"Join Type":"Inner","Startup Cost":808098.65,"Total Cost":3252823.46,"Plan Rows":1232214,"Plan Width":30,"Actual Startup Time":3426.979,"Actual Total Time":28673.771,"Actual Rows":2218175,"Actual Loops":1,"Output":["customer.c_w_id","customer.c_nationkey","orders.o_w_id","order_line.ol_amount","order_line.ol_w_id","order_line.ol_i_id","nation.n_name","nation.n_nationkey"],"Inner Unique":false,"Hash Cond":"(customer.c_nationkey = nation.n_nationkey)","Shared Hit Blocks":1185862,"Shared Read Blocks":0,"Shared Dirtied Blocks":0,"Shared Written Blocks":0,"Local Hit Blocks":0,"Local Read Blocks":0,"Local Dirtied Blocks":0,"Local Written Blocks":0,"Temp Read Blocks":264991,"Temp Written Blocks":264991,"I/O Read Time":0.0,"I/O Write Time":0.0,"Temp I/O Read Time":422.181,"Temp I/O Write Time":1112.239,"Plans":[{"Node Type":"Hash Join","Parent Relationship":"Outer","Parallel Aware":false,"Async Capable":false,"Join Type":"Inner","Startup Cost":808095.51,"Total Cost":3217791.66,"Plan Rows":6161071,"Plan Width":18,"Actual Startup Time":3419.225,"Actual Total Time":27738.805,"Actual Rows":8568663,"Actual Loops":1,"Output":["customer.c_w_id","customer.c_nationkey","orders.o_w_id","order_line.ol_amount","order_line.ol_w_id","order_line.ol_i_id"],"Inner Unique":true,"Hash Cond":"((orders.o_c_id = customer.c_id) AND (orders.o_w_id = customer.c_w_id) AND (orders.o_d_id = customer.c_d_id))","Shared Hit Blocks":1185860,"Shared Read Blocks":0,"Shared Dirtied Blocks":0,"Shared Written Blocks":0,"Local Hit Blocks":0,"Local Read Blocks":0,"Local Dirtied Blocks":0,"Local Written Blocks":0,"Temp Read Blocks":264991,"Temp Written Blocks":264991,"I/O Read Time":0.0,"I/O Write Time":0.0,"Temp I/O Read Time":422.181,"Temp I/O Write Time":1112.239,"Plans":[{"Node Type":"Hash Join","Parent Relationship":"Outer","Parallel Aware":false,"Async Capable":false,"Join Type":"Inner","Startup Cost":153803.65,"Total Cost":2413481.36,"Plan Rows":6161071,"Plan Width":20,"Actual Startup Time":618.975,"Actual Total Time":20241.41,"Actual Rows":8568663,"Actual Loops":1,"Output":["orders.o_c_id","orders.o_w_id","orders.o_d_id","order_line.ol_amount","order_line.ol_w_id","order_line.ol_d_id","order_line.ol_i_id"],"Inner Unique":true,"Hash Cond":"((order_line.ol_w_id = orders.o_w_id) AND (order_line.ol_d_id = orders.o_d_id) AND (order_line.ol_o_id = orders.o_id))","Shared Hit Blocks":725870,"Shared Read Blocks":0,"Shared Dirtied Blocks":0,"Shared Written Blocks":0,"Local Hit Blocks":0,"Local Read Blocks":0,"Local Dirtied Blocks":0,"Local Written Blocks":0,"Temp Read Blocks":200672,"Temp Written Blocks":200672,"I/O Read Time":0.0,"I/O Write Time":0.0,"Temp I/O Read Time":301.826,"Temp I/O Write Time":801.295,"Plans":[{"Node Type":"Seq Scan","Parent Relationship":"Outer","Parallel Aware":false,"Async Capable":false,"Relation Name":"order_line","Schema":"public","Alias":"order_line","Startup Cost":0.0,"Total Cost":1431670.8,"Plan Rows":42039468,"Plan Width":20,"Actual Startup Time":0.006,"Actual Total Time":7308.162,"Actual Rows":42000489,"Actual Loops":1,"Output":["order_line.ol_amount","order_line.ol_o_id","order_line.ol_w_id","order_line.ol_d_id","order_line.ol_i_id"],"Filter":"(order_line.ol_delivery_d >= '1992-01-02 20:10:02.27764'::timestamp without time zone)","Rows Removed by Filter":17993272,"Shared Hit Blocks":681748,"Shared Read Blocks":0,"Shared Dirtied Blocks":0,"Shared Written Blocks":0,"Local Hit Blocks":0,"Local Read Blocks":0,"Local Dirtied Blocks":0,"Local Written Blocks":0,"Temp Read Blocks":0,"Temp Written Blocks":0,"I/O Read Time":0.0,"I/O Write Time":0.0,"Temp I/O Read Time":0.0,"Temp I/O Write Time":0.0},{"Node Type":"Hash","Parent Relationship":"Inner","Parallel Aware":false,"Async Capable":false,"Startup Cost":134121.52,"Total Cost":134121.52,"Plan Rows":879322,"Plan Width":16,"Actual Startup Time":584.852,"Actual Total Time":584.857,"Actual Rows":856801,"Actual Loops":1,"Output":["orders.o_c_id","orders.o_w_id","orders.o_d_id","orders.o_id"],"Hash Buckets":262144,"Original Hash Buckets":262144,"Hash Batches":8,"Original Hash Batches":8,"Peak Memory Usage":7070,"Shared Hit Blocks":44122,"Shared Read Blocks":0,"Shared Dirtied Blocks":0,"Shared Written Blocks":0,"Local Hit Blocks":0,"Local Read Blocks":0,"Local Dirtied Blocks":0,"Local Written Blocks":0,"Temp Read Blocks":0,"Temp Written Blocks":3290,"I/O Read Time":0.0,"I/O Write Time":0.0,"Temp I/O Read Time":0.0,"Temp I/O Write Time":14.702,"Plans":[{"Node Type":"Seq Scan","Parent Relationship":"Outer","Parallel Aware":false,"Async Capable":false,"Relation Name":"orders","Schema":"public","Alias":"orders","Startup Cost":0.0,"Total Cost":134121.52,"Plan Rows":879322,"Plan Width":16,"Actual Startup Time":0.59,"Actual Total Time":437.225,"Actual Rows":856801,"Actual Loops":1,"Output":["orders.o_c_id","orders.o_w_id","orders.o_d_id","orders.o_id"],"Filter":"((orders.o_entry_d >= '1993-01-02 20:10:02.27764'::timestamp without time zone) AND (orders.o_entry_d < '1994-01-02 20:10:02.27764'::timestamp without time zone))","Rows Removed by Filter":5143199,"Shared Hit Blocks":44122,"Shared Read Blocks":0,"Shared Dirtied Blocks":0,"Shared Written Blocks":0,"Local Hit Blocks":0,"Local Read Blocks":0,"Local Dirtied Blocks":0,"Local Written Blocks":0,"Temp Read Blocks":0,"Temp Written Blocks":0,"I/O Read Time":0.0,"I/O Write Time":0.0,"Temp I/O Read Time":0.0,"Temp I/O Write Time":0.0}]}]},{"Node Type":"Hash","Parent Relationship":"Inner","Parallel Aware":false,"Async Capable":false,"Startup Cost":519991.4,"Total Cost":519991.4,"Plan Rows":6000140,"Plan Width":12,"Actual Startup Time":2793.208,"Actual Total Time":2793.211,"Actual Rows":6000000,"Actual Loops":1,"Output":["customer.c_id","customer.c_w_id","customer.c_d_id","customer.c_nationkey"],"Hash Buckets":262144,"Original Hash Buckets":262144,"Hash Batches":64,"Original Hash Batches":64,"Peak Memory Usage":6073,"Shared Hit Blocks":459990,"Shared Read Blocks":0,"Shared Dirtied Blocks":0,"Shared Written Blocks":0,"Local Hit Blocks":0,"Local Read Blocks":0,"Local Dirtied Blocks":0,"Local Written Blocks":0,"Temp Read Blocks":0,"Temp Written Blocks":23037,"I/O Read Time":0.0,"I/O Write Time":0.0,"Temp I/O Read Time":0.0,"Temp I/O Write Time":112.866,"Plans":[{"Node Type":"Seq Scan","Parent Relationship":"Outer","Parallel Aware":false,"Async Capable":false,"Relation Name":"customer","Schema":"public","Alias":"customer","Startup Cost":0.0,"Total Cost":519991.4,"Plan Rows":6000140,"Plan Width":12,"Actual Startup Time":0.011,"Actual Total Time":1793.364,"Actual Rows":6000000,"Actual Loops":1,"Output":["customer.c_id","customer.c_w_id","customer.c_d_id","customer.c_nationkey"],"Shared Hit Blocks":459990,"Shared Read Blocks":0,"Shared Dirtied Blocks":0,"Shared Written Blocks":0,"Local Hit Blocks":0,"Local Read Blocks":0,"Local Dirtied Blocks":0,"Local Written Blocks":0,"Temp Read Blocks":0,"Temp Written Blocks":0,"I/O Read Time":0.0,"I/O Write Time":0.0,"Temp I/O Read Time":0.0,"Temp I/O Write Time":0.0}]}]},{"Node Type":"Hash","Parent Relationship":"Inner","Parallel Aware":false,"Async Capable":false,"Startup Cost":2.99,"Total Cost":2.99,"Plan Rows":12,"Plan Width":12,"Actual Startup Time":0.043,"Actual Total Time":0.046,"Actual Rows":22,"Actual Loops":1,"Output":["nation.n_name","nation.n_nationkey"],"Hash Buckets":1024,"Original Hash Buckets":1024,"Hash Batches":1,"Original Hash Batches":1,"Peak Memory Usage":9,"Shared Hit Blocks":2,"Shared Read Blocks":0,"Shared Dirtied Blocks":0,"Shared Written Blocks":0,"Local Hit Blocks":0,"Local Read Blocks":0,"Local Dirtied Blocks":0,"Local Written Blocks":0,"Temp Read Blocks":0,"Temp Written Blocks":0,"I/O Read Time":0.0,"I/O Write Time":0.0,"Temp I/O Read Time":0.0,"Temp I/O Write Time":0.0,"Plans":[{"Node Type":"Hash Join","Parent Relationship":"Outer","Parallel Aware":false,"Async Capable":false,"Join Type":"Inner","Startup Cost":1.07,"Total Cost":2.99,"Plan Rows":12,"Plan Width":12,"Actual Startup Time":0.025,"Actual Total Time":0.04,"Actual Rows":22,"Actual Loops":1,"Output":["nation.n_name","nation.n_nationkey"],"Inner Unique":true,"Hash Cond":"(nation.n_regionkey = region.r_regionkey)","Shared Hit Blocks":2,"Shared Read Blocks":0,"Shared Dirtied Blocks":0,"Shared Written Blocks":0,"Local Hit Blocks":0,"Local Read Blocks":0,"Local Dirtied Blocks":0,"Local Written Blocks":0,"Temp Read Blocks":0,"Temp Written Blocks":0,"I/O Read Time":0.0,"I/O Write Time":0.0,"Temp I/O Read Time":0.0,"Temp I/O Write Time":0.0,"Plans":[{"Node Type":"Seq Scan","Parent Relationship":"Outer","Parallel Aware":false,"Async Capable":false,"Relation Name":"nation","Schema":"public","Alias":"nation","Startup Cost":0.0,"Total Cost":1.62,"Plan Rows":62,"Plan Width":16,"Actual Startup Time":0.006,"Actual Total Time":0.01,"Actual Rows":62,"Actual Loops":1,"Output":["nation.n_nationkey","nation.n_name","nation.n_regionkey","nation.n_comment"],"Shared Hit Blocks":1,"Shared Read Blocks":0,"Shared Dirtied Blocks":0,"Shared Written Blocks":0,"Local Hit Blocks":0,"Local Read Blocks":0,"Local Dirtied Blocks":0,"Local Written Blocks":0,"Temp Read Blocks":0,"Temp Written Blocks":0,"I/O Read Time":0.0,"I/O Write Time":0.0,"Temp I/O Read Time":0.0,"Temp I/O Write Time":0.0},{"Node Type":"Hash","Parent Relationship":"Inner","Parallel Aware":false,"Async Capable":false,"Startup Cost":1.06,"Total Cost":1.06,"Plan Rows":1,"Plan Width":4,"Actual Startup Time":0.009,"Actual Total Time":0.009,"Actual Rows":1,"Actual Loops":1,"Output":["region.r_regionkey"],"Hash Buckets":1024,"Original Hash Buckets":1024,"Hash Batches":1,"Original Hash Batches":1,"Peak Memory Usage":9,"Shared Hit Blocks":1,"Shared Read Blocks":0,"Shared Dirtied Blocks":0,"Shared Written Blocks":0,"Local Hit Blocks":0,"Local Read Blocks":0,"Local Dirtied Blocks":0,"Local Written Blocks":0,"Temp Read Blocks":0,"Temp Written Blocks":0,"I/O Read Time":0.0,"I/O Write Time":0.0,"Temp I/O Read Time":0.0,"Temp I/O Write Time":0.0,"Plans":[{"Node Type":"Seq Scan","Parent Relationship":"Outer","Parallel Aware":false,"Async Capable":false,"Relation Name":"region","Schema":"public","Alias":"region","Startup Cost":0.0,"Total Cost":1.06,"Plan Rows":1,"Plan Width":4,"Actual Startup Time":0.007,"Actual Total Time":0.007,"Actual Rows":1,"Actual Loops":1,"Output":["region.r_regionkey"],"Filter":"((region.r_name)::text = 'Europe'::text)","Rows Removed by Filter":4,"Shared Hit Blocks":1,"Shared Read Blocks":0,"Shared Dirtied Blocks":0,"Shared Written Blocks":0,"Local Hit Blocks":0,"Local Read Blocks":0,"Local Dirtied Blocks":0,"Local Written Blocks":0,"Temp Read Blocks":0,"Temp Written Blocks":0,"I/O Read Time":0.0,"I/O Write Time":0.0,"Temp I/O Read Time":0.0,"Temp I/O Write Time":0.0}]}]}]}]}]},{"Node Type":"Index Only Scan","Parent Relationship":"Inner","Parallel Aware":false,"Async Capable":false,"Scan Direction":"Forward","Index Name":"stock_pk","Relation Name":"stock","Schema":"public","Alias":"stock","Startup Cost":0.44,"Total Cost":519363.62,"Plan Rows":20000212,"Plan Width":6,"Actual Startup Time":0.044,"Actual Total Time":1404.081,"Actual Rows":19999994,"Actual Loops":1,"Output":["stock.s_w_id","stock.s_i_id"],"Heap Fetches":0,"Shared Hit Blocks":54673,"Shared Read Blocks":0,"Shared Dirtied Blocks":0,"Shared Written Blocks":0,"Local Hit Blocks":0,"Local Read Blocks":0,"Local Dirtied Blocks":0,"Local Written Blocks":0,"Temp Read Blocks":0,"Temp Written Blocks":0,"I/O Read Time":0.0,"I/O Write Time":0.0,"Temp I/O Read Time":0.0,"Temp I/O Write Time":0.0}]},{"Node Type":"Hash","Parent Relationship":"Inner","Parallel Aware":false,"Async Capable":false,"Startup Cost":219.01,"Total Cost":219.01,"Plan Rows":10001,"Plan Width":8,"Actual Startup Time":3.092,"Actual Total Time":3.094,"Actual Rows":10000,"Actual Loops":1,"Output":["supplier.su_suppkey","supplier.su_nationkey"],"Hash Buckets":16384,"Original Hash Buckets":16384,"Hash Batches":1,"Original Hash Batches":1,"Peak Memory Usage":519,"Shared Hit Blocks":0,"Shared Read Blocks":0,"Shared Dirtied Blocks":0,"Shared Written Blocks":0,"Local Hit Blocks":0,"Local Read Blocks":0,"Local Dirtied Blocks":0,"Local Written Blocks":0,"Temp Read Blocks":0,"Temp Written Blocks":0,"I/O Read Time":0.0,"I/O Write Time":0.0,"Temp I/O Read Time":0.0,"Temp I/O Write Time":0.0,"Plans":[{"Node Type":"Append","Parent Relationship":"Outer","Parallel Aware":false,"Async Capable":false,"Startup Cost":20.0,"Total Cost":219.01,"Plan Rows":10001,"Plan Width":8,"Actual Startup Time":0.015,"Actual Total Time":1.799,"Actual Rows":10000,"Actual Loops":1,"Shared Hit Blocks":0,"Shared Read Blocks":0,"Shared Dirtied Blocks":0,"Shared Written Blocks":0,"Local Hit Blocks":0,"Local Read Blocks":0,"Local Dirtied Blocks":0,"Local Written Blocks":0,"Temp Read Blocks":0,"Temp Written Blocks":0,"I/O Read Time":0.0,"I/O Write Time":0.0,"Temp I/O Read Time":0.0,"Temp I/O Write Time":0.0,"Subplans Removed":0,"Plans":[{"Node Type":"Custom Scan","Parent Relationship":"Member","Custom Plan Provider":"columnar scan","Parallel Aware":false,"Async Capable":false,"Relation Name":"supplier","Schema":"public","Alias":"supplier","Startup Cost":20.0,"Total Cost":215.0,"Plan Rows":10000,"Plan Width":8,"Actual Startup Time":0.013,"Actual Total Time":1.09,"Actual Rows":10000,"Actual Loops":1,"Output":["supplier.su_suppkey","supplier.su_nationkey"],"Rows Removed by Columnar Filter":0,"Columnar cache search mode":"native","Shared Hit Blocks":0,"Shared Read Blocks":0,"Shared Dirtied Blocks":0,"Shared Written Blocks":0,"Local Hit Blocks":0,"Local Read Blocks":0,"Local Dirtied Blocks":0,"Local Written Blocks":0,"Temp Read Blocks":0,"Temp Written Blocks":0,"I/O Read Time":0.0,"I/O Write Time":0.0,"Temp I/O Read Time":0.0,"Temp I/O Write Time":0.0},{"Node Type":"Seq Scan","Parent Relationship":"Member","Parallel Aware":false,"Async Capable":false,"Relation Name":"supplier","Schema":"public","Alias":"supplier","Startup Cost":0.0,"Total Cost":4.01,"Plan Rows":1,"Plan Width":8,"Actual Startup Time":0.0,"Actual Total Time":0.0,"Actual Rows":0,"Actual Loops":0,"Output":["supplier.su_suppkey","supplier.su_nationkey"],"Shared Hit Blocks":0,"Shared Read Blocks":0,"Shared Dirtied Blocks":0,"Shared Written Blocks":0,"Local Hit Blocks":0,"Local Read Blocks":0,"Local Dirtied Blocks":0,"Local Written Blocks":0,"Temp Read Blocks":0,"Temp Written Blocks":0,"I/O Read Time":0.0,"I/O Write Time":0.0,"Temp I/O Read Time":0.0,"Temp I/O Write Time":0.0}]}]}]}]}]}]},"Planning":{"Shared Hit Blocks":220,"Shared Read Blocks":0,"Shared Dirtied Blocks":0,"Shared Written Blocks":0,"Local Hit Blocks":0,"Local Read Blocks":0,"Local Dirtied Blocks":0,"Local Written Blocks":0,"Temp Read Blocks":0,"Temp Written Blocks":0,"I/O Read Time":0.0,"I/O Write Time":0.0,"Temp I/O Read Time":0.0,"Temp I/O Write Time":0.0},"Planning Time":5.187,"Triggers":[],"Execution Time":35509.536}]
[列存组合]: customer, nation, order_line
[{"Plan":{"Node Type":"Sort","Parallel Aware":false,"Async Capable":false,"Startup Cost":4048107.93,"Total Cost":4048108.09,"Plan Rows":62,"Plan Width":40,"Actual Startup Time":20975.476,"Actual Total Time":20975.507,"Actual Rows":11,"Actual Loops":1,"Output":["nation.n_name","(sum(order_line.ol_amount))"],"Sort Key":["(sum(order_line.ol_amount)) DESC"],"Sort Method":"quicksort","Sort Space Used":25,"Sort Space Type":"Memory","Shared Hit Blocks":99014,"Shared Read Blocks":0,"Shared Dirtied Blocks":0,"Shared Written Blocks":0,"Local Hit Blocks":0,"Local Read Blocks":0,"Local Dirtied Blocks":0,"Local Written Blocks":0,"Temp Read Blocks":131755,"Temp Written Blocks":131809,"I/O Read Time":0.0,"I/O Write Time":0.0,"Temp I/O Read Time":208.267,"Temp I/O Write Time":553.456,"Plans":[{"Node Type":"Aggregate","Strategy":"Sorted","Partial Mode":"Simple","Parent Relationship":"Outer","Parallel Aware":false,"Async Capable":false,"Startup Cost":4047954.29,"Total Cost":4048106.09,"Plan Rows":62,"Plan Width":40,"Actual Startup Time":20969.372,"Actual Total Time":20975.491,"Actual Rows":11,"Actual Loops":1,"Output":["nation.n_name","sum(order_line.ol_amount)"],"Group Key":["nation.n_name"],"Shared Hit Blocks":99014,"Shared Read Blocks":0,"Shared Dirtied Blocks":0,"Shared Written Blocks":0,"Local Hit Blocks":0,"Local Read Blocks":0,"Local Dirtied Blocks":0,"Local Written Blocks":0,"Temp Read Blocks":131755,"Temp Written Blocks":131809,"I/O Read Time":0.0,"I/O Write Time":0.0,"Temp I/O Read Time":208.267,"Temp I/O Write Time":553.456,"Plans":[{"Node Type":"Sort","Parent Relationship":"Outer","Parallel Aware":false,"Async Capable":false,"Startup Cost":4047954.29,"Total Cost":4048004.63,"Plan Rows":20136,"Plan Width":12,"Actual Startup Time":20968.922,"Actual Total Time":20970.798,"Actual Rows":35044,"Actual Loops":1,"Output":["nation.n_name","order_line.ol_amount"],"Sort Key":["nation.n_name"],"Sort Method":"quicksort","Sort Space Used":3146,"Sort Space Type":"Memory","Shared Hit Blocks":99014,"Shared Read Blocks":0,"Shared Dirtied Blocks":0,"Shared Written Blocks":0,"Local Hit Blocks":0,"Local Read Blocks":0,"Local Dirtied Blocks":0,"Local Written Blocks":0,"Temp Read Blocks":131755,"Temp Written Blocks":131809,"I/O Read Time":0.0,"I/O Write Time":0.0,"Temp I/O Read Time":208.267,"Temp I/O Write Time":553.456,"Plans":[{"Node Type":"Hash Join","Parent Relationship":"Outer","Parallel Aware":false,"Async Capable":false,"Join Type":"Inner","Startup Cost":3398646.84,"Total Cost":4046514.82,"Plan Rows":20136,"Plan Width":12,"Actual Startup Time":17057.954,"Actual Total Time":20949.701,"Actual Rows":35044,"Actual Loops":1,"Output":["nation.n_name","order_line.ol_amount"],"Inner Unique":true,"Hash Cond":"((mod((stock.s_w_id * stock.s_i_id), 10000) = supplier.su_suppkey) AND (customer.c_nationkey = supplier.su_nationkey))","Shared Hit Blocks":99014,"Shared Read Blocks":0,"Shared Dirtied Blocks":0,"Shared Written Blocks":0,"Local Hit Blocks":0,"Local Read Blocks":0,"Local Dirtied Blocks":0,"Local Written Blocks":0,"Temp Read Blocks":131755,"Temp Written Blocks":131809,"I/O Read Time":0.0,"I/O Write Time":0.0,"Temp I/O Read Time":208.267,"Temp I/O Write Time":553.456,"Plans":[{"Node Type":"Merge Join","Parent Relationship":"Outer","Parallel Aware":false,"Async Capable":false,"Join Type":"Inner","Startup Cost":3398179.84,"Total Cost":4039212.85,"Plan Rows":1242717,"Plan Width":26,"Actual Startup Time":17054.902,"Actual Total Time":20660.739,"Actual Rows":2218175,"Actual Loops":1,"Output":["customer.c_nationkey","order_line.ol_amount","stock.s_w_id","stock.s_i_id","nation.n_name","nation.n_nationkey"],"Inner Unique":true,"Merge Cond":"((customer.c_w_id = stock.s_w_id) AND (order_line.ol_i_id = stock.s_i_id))","Shared Hit Blocks":98797,"Shared Read Blocks":0,"Shared Dirtied Blocks":0,"Shared Written Blocks":0,"Local Hit Blocks":0,"Local Read Blocks":0,"Local Dirtied Blocks":0,"Local Written Blocks":0,"Temp Read Blocks":131755,"Temp Written Blocks":131809,"I/O Read Time":0.0,"I/O Write Time":0.0,"Temp I/O Read Time":208.267,"Temp I/O Write Time":553.456,"Plans":[{"Node Type":"Sort","Parent Relationship":"Outer","Parallel Aware":false,"Async Capable":false,"Startup Cost":3398179.41,"Total Cost":3401259.94,"Plan Rows":1232214,"Plan Width":30,"Actual Startup Time":17054.839,"Actual Total Time":17650.987,"Actual Rows":2218175,"Actual Loops":1,"Output":["customer.c_w_id","customer.c_nationkey","orders.o_w_id","order_line.ol_amount","order_line.ol_w_id","order_line.ol_i_id","nation.n_name","nation.n_nationkey"],"Sort Key":["customer.c_w_id","order_line.ol_i_id"],"Sort Method":"external merge","Sort Space Used":94520,"Sort Space Type":"Disk","Shared Hit Blocks":44124,"Shared Read Blocks":0,"Shared Dirtied Blocks":0,"Shared Written Blocks":0,"Local Hit Blocks":0,"Local Read Blocks":0,"Local Dirtied Blocks":0,"Local Written Blocks":0,"Temp Read Blocks":131755,"Temp Written Blocks":131809,"I/O Read Time":0.0,"I/O Write Time":0.0,"Temp I/O Read Time":208.267,"Temp I/O Write Time":553.456,"Plans":[{"Node Type":"Hash Join","Parent Relationship":"Outer","Parallel Aware":false,"Async Capable":false,"Join Type":"Inner","Startup Cost":797922.74,"Total Cost":3214555.58,"Plan Rows":1232214,"Plan Width":30,"Actual Startup Time":2998.717,"Actual Total Time":14403.618,"Actual Rows":2218175,"Actual Loops":1,"Output":["customer.c_w_id","customer.c_nationkey","orders.o_w_id","order_line.ol_amount","order_line.ol_w_id","order_line.ol_i_id","nation.n_name","nation.n_nationkey"],"Inner Unique":false,"Hash Cond":"(customer.c_nationkey = nation.n_nationkey)","Shared Hit Blocks":44124,"Shared Read Blocks":0,"Shared Dirtied Blocks":0,"Shared Written Blocks":0,"Local Hit Blocks":0,"Local Read Blocks":0,"Local Dirtied Blocks":0,"Local Written Blocks":0,"Temp Read Blocks":108135,"Temp Written Blocks":108135,"I/O Read Time":0.0,"I/O Write Time":0.0,"Temp I/O Read Time":172.738,"Temp I/O Write Time":490.376,"Plans":[{"Node Type":"Hash Join","Parent Relationship":"Outer","Parallel Aware":false,"Async Capable":false,"Join Type":"Inner","Startup Cost":797919.6,"Total Cost":3179523.77,"Plan Rows":6161071,"Plan Width":18,"Actual Startup Time":2992.021,"Actual Total Time":13564.449,"Actual Rows":8568663,"Actual Loops":1,"Output":["customer.c_w_id","customer.c_nationkey","orders.o_w_id","order_line.ol_amount","order_line.ol_w_id","order_line.ol_i_id"],"Inner Unique":true,"Hash Cond":"((orders.o_c_id = customer.c_id) AND (orders.o_w_id = customer.c_w_id) AND (orders.o_d_id = customer.c_d_id))","Shared Hit Blocks":44122,"Shared Read Blocks":0,"Shared Dirtied Blocks":0,"Shared Written Blocks":0,"Local Hit Blocks":0,"Local Read Blocks":0,"Local Dirtied Blocks":0,"Local Written Blocks":0,"Temp Read Blocks":108135,"Temp Written Blocks":108135,"I/O Read Time":0.0,"I/O Write Time":0.0,"Temp I/O Read Time":172.738,"Temp I/O Write Time":490.376,"Plans":[{"Node Type":"Hash Join","Parent Relationship":"Outer","Parallel Aware":false,"Async Capable":false,"Join Type":"Inner","Startup Cost":153823.65,"Total Cost":2385409.38,"Plan Rows":6161071,"Plan Width":20,"Actual Startup Time":644.681,"Actual Total Time":6893.603,"Actual Rows":8568663,"Actual Loops":1,"Output":["orders.o_c_id","orders.o_w_id","orders.o_d_id","order_line.ol_amount","order_line.ol_w_id","order_line.ol_d_id","order_line.ol_i_id"],"Inner Unique":true,"Hash Cond":"((order_line.ol_w_id = orders.o_w_id) AND (order_line.ol_d_id = orders.o_d_id) AND (order_line.ol_o_id = orders.o_id))","Shared Hit Blocks":44122,"Shared Read Blocks":0,"Shared Dirtied Blocks":0,"Shared Written Blocks":0,"Local Hit Blocks":0,"Local Read Blocks":0,"Local Dirtied Blocks":0,"Local Written Blocks":0,"Temp Read Blocks":43816,"Temp Written Blocks":43816,"I/O Read Time":0.0,"I/O Write Time":0.0,"Temp I/O Read Time":70.09,"Temp I/O Write Time":191.028,"Plans":[{"Node Type":"Append","Parent Relationship":"Outer","Parallel Aware":false,"Async Capable":false,"Startup Cost":20.0,"Total Cost":1403598.82,"Plan Rows":42039468,"Plan Width":20,"Actual Startup Time":1.416,"Actual Total Time":2584.813,"Actual Rows":8620885,"Actual Loops":1,"Shared Hit Blocks":0,"Shared Read Blocks":0,"Shared Dirtied Blocks":0,"Shared Written Blocks":0,"Local Hit Blocks":0,"Local Read Blocks":0,"Local Dirtied Blocks":0,"Local Written Blocks":0,"Temp Read Blocks":0,"Temp Written Blocks":0,"I/O Read Time":0.0,"I/O Write Time":0.0,"Temp I/O Read Time":0.0,"Temp I/O Write Time":0.0,"Subplans Removed":0,"Plans":[{"Node Type":"Custom Scan","Parent Relationship":"Member","Custom Plan Provider":"columnar scan","Parallel Aware":false,"Async Capable":false,"Relation Name":"order_line","Schema":"public","Alias":"order_line","Startup Cost":20.0,"Total Cost":1072026.23,"Plan Rows":42039424,"Plan Width":20,"Actual Startup Time":1.414,"Actual Total Time":1984.241,"Actual Rows":8620885,"Actual Loops":1,"Output":["order_line.ol_amount","order_line.ol_o_id","order_line.ol_w_id","order_line.ol_d_id","order_line.ol_i_id"],"Filter":"(order_line.ol_delivery_d >= '1992-01-02 20:10:02.27764'::timestamp without time zone)","Rows Removed by Filter":0,"Rows Removed by Columnar Filter":51372876,"Rows Filtered by Bloom Filter":0,"Dictionary Rows Filtered by Bloom Filter":51372876,"Columnar cache search mode":"native","Shared Hit Blocks":0,"Shared Read Blocks":0,"Shared Dirtied Blocks":0,"Shared Written Blocks":0,"Local Hit Blocks":0,"Local Read Blocks":0,"Local Dirtied Blocks":0,"Local Written Blocks":0,"Temp Read Blocks":0,"Temp Written Blocks":0,"I/O Read Time":0.0,"I/O Write Time":0.0,"Temp I/O Read Time":0.0,"Temp I/O Write Time":0.0},{"Node Type":"Seq Scan","Parent Relationship":"Member","Parallel Aware":false,"Async Capable":false,"Relation Name":"order_line","Schema":"public","Alias":"order_line","Startup Cost":0.0,"Total Cost":4.79,"Plan Rows":44,"Plan Width":20,"Actual Startup Time":0.0,"Actual Total Time":0.0,"Actual Rows":0,"Actual Loops":0,"Output":["order_line.ol_amount","order_line.ol_o_id","order_line.ol_w_id","order_line.ol_d_id","order_line.ol_i_id"],"Filter":"(order_line.ol_delivery_d >= '1992-01-02 20:10:02.27764'::timestamp without time zone)","Rows Removed by Filter":0,"Shared Hit Blocks":0,"Shared Read Blocks":0,"Shared Dirtied Blocks":0,"Shared Written Blocks":0,"Local Hit Blocks":0,"Local Read Blocks":0,"Local Dirtied Blocks":0,"Local Written Blocks":0,"Temp Read Blocks":0,"Temp Written Blocks":0,"I/O Read Time":0.0,"I/O Write Time":0.0,"Temp I/O Read Time":0.0,"Temp I/O Write Time":0.0}]},{"Node Type":"Hash","Parent Relationship":"Inner","Parallel Aware":false,"Async Capable":false,"Startup Cost":134121.52,"Total Cost":134121.52,"Plan Rows":879322,"Plan Width":16,"Actual Startup Time":641.894,"Actual Total Time":641.897,"Actual Rows":856801,"Actual Loops":1,"Output":["orders.o_c_id","orders.o_w_id","orders.o_d_id","orders.o_id"],"Hash Buckets":262144,"Original Hash Buckets":262144,"Hash Batches":8,"Original Hash Batches":8,"Peak Memory Usage":7070,"Shared Hit Blocks":44122,"Shared Read Blocks":0,"Shared Dirtied Blocks":0,"Shared Written Blocks":0,"Local Hit Blocks":0,"Local Read Blocks":0,"Local Dirtied Blocks":0,"Local Written Blocks":0,"Temp Read Blocks":0,"Temp Written Blocks":3290,"I/O Read Time":0.0,"I/O Write Time":0.0,"Temp I/O Read Time":0.0,"Temp I/O Write Time":16.131,"Plans":[{"Node Type":"Seq Scan","Parent Relationship":"Outer","Parallel Aware":false,"Async Capable":false,"Relation Name":"orders","Schema":"public","Alias":"orders","Startup Cost":0.0,"Total Cost":134121.52,"Plan Rows":879322,"Plan Width":16,"Actual Startup Time":0.593,"Actual Total Time":440.85,"Actual Rows":856801,"Actual Loops":1,"Output":["orders.o_c_id","orders.o_w_id","orders.o_d_id","orders.o_id"],"Filter":"((orders.o_entry_d >= '1993-01-02 20:10:02.27764'::timestamp without time zone) AND (orders.o_entry_d < '1994-01-02 20:10:02.27764'::timestamp without time zone))","Rows Removed by Filter":5143199,"Shared Hit Blocks":44122,"Shared Read Blocks":0,"Shared Dirtied Blocks":0,"Shared Written Blocks":0,"Local Hit Blocks":0,"Local Read Blocks":0,"Local Dirtied Blocks":0,"Local Written Blocks":0,"Temp Read Blocks":0,"Temp Written Blocks":0,"I/O Read Time":0.0,"I/O Write Time":0.0,"Temp I/O Read Time":0.0,"Temp I/O Write Time":0.0}]}]},{"Node Type":"Hash","Parent Relationship":"Inner","Parallel Aware":false,"Async Capable":false,"Startup Cost":509795.49,"Total Cost":509795.49,"Plan Rows":6000140,"Plan Width":12,"Actual Startup Time":2341.225,"Actual Total Time":2341.229,"Actual Rows":6000000,"Actual Loops":1,"Output":["customer.c_id","customer.c_w_id","customer.c_d_id","customer.c_nationkey"],"Hash Buckets":262144,"Original Hash Buckets":262144,"Hash Batches":64,"Original Hash Batches":64,"Peak Memory Usage":6073,"Shared Hit Blocks":0,"Shared Read Blocks":0,"Shared Dirtied Blocks":0,"Shared Written Blocks":0,"Local Hit Blocks":0,"Local Read Blocks":0,"Local Dirtied Blocks":0,"Local Written Blocks":0,"Temp Read Blocks":0,"Temp Written Blocks":23037,"I/O Read Time":0.0,"I/O Write Time":0.0,"Temp I/O Read Time":0.0,"Temp I/O Write Time":105.98,"Plans":[{"Node Type":"Append","Parent Relationship":"Outer","Parallel Aware":false,"Async Capable":false,"Startup Cost":20.0,"Total Cost":509795.49,"Plan Rows":6000140,"Plan Width":12,"Actual Startup Time":0.016,"Actual Total Time":1327.44,"Actual Rows":6000000,"Actual Loops":1,"Shared Hit Blocks":0,"Shared Read Blocks":0,"Shared Dirtied Blocks":0,"Shared Written Blocks":0,"Local Hit Blocks":0,"Local Read Blocks":0,"Local Dirtied Blocks":0,"Local Written Blocks":0,"Temp Read Blocks":0,"Temp Written Blocks":0,"I/O Read Time":0.0,"I/O Write Time":0.0,"Temp I/O Read Time":0.0,"Temp I/O Write Time":0.0,"Subplans Removed":0,"Plans":[{"Node Type":"Custom Scan","Parent Relationship":"Member","Custom Plan Provider":"columnar scan","Parallel Aware":false,"Async Capable":false,"Relation Name":"customer","Schema":"public","Alias":"customer","Startup Cost":20.0,"Total Cost":141020.06,"Plan Rows":6000000,"Plan Width":12,"Actual Startup Time":0.015,"Actual Total Time":895.545,"Actual Rows":6000000,"Actual Loops":1,"Output":["customer.c_id","customer.c_w_id","customer.c_d_id","customer.c_nationkey"],"Rows Removed by Columnar Filter":0,"Columnar cache search mode":"native","Shared Hit Blocks":0,"Shared Read Blocks":0,"Shared Dirtied Blocks":0,"Shared Written Blocks":0,"Local Hit Blocks":0,"Local Read Blocks":0,"Local Dirtied Blocks":0,"Local Written Blocks":0,"Temp Read Blocks":0,"Temp Written Blocks":0,"I/O Read Time":0.0,"I/O Write Time":0.0,"Temp I/O Read Time":0.0,"Temp I/O Write Time":0.0},{"Node Type":"Seq Scan","Parent Relationship":"Member","Parallel Aware":false,"Async Capable":false,"Relation Name":"customer","Schema":"public","Alias":"customer","Startup Cost":0.0,"Total Cost":5.4,"Plan Rows":140,"Plan Width":12,"Actual Startup Time":0.0,"Actual Total Time":0.0,"Actual Rows":0,"Actual Loops":0,"Output":["customer.c_id","customer.c_w_id","customer.c_d_id","customer.c_nationkey"],"Shared Hit Blocks":0,"Shared Read Blocks":0,"Shared Dirtied Blocks":0,"Shared Written Blocks":0,"Local Hit Blocks":0,"Local Read Blocks":0,"Local Dirtied Blocks":0,"Local Written Blocks":0,"Temp Read Blocks":0,"Temp Written Blocks":0,"I/O Read Time":0.0,"I/O Write Time":0.0,"Temp I/O Read Time":0.0,"Temp I/O Write Time":0.0}]}]}]},{"Node Type":"Hash","Parent Relationship":"Inner","Parallel Aware":false,"Async Capable":false,"Startup Cost":2.99,"Total Cost":2.99,"Plan Rows":12,"Plan Width":12,"Actual Startup Time":0.041,"Actual Total Time":0.046,"Actual Rows":22,"Actual Loops":1,"Output":["nation.n_name","nation.n_nationkey"],"Hash Buckets":1024,"Original Hash Buckets":1024,"Hash Batches":1,"Original Hash Batches":1,"Peak Memory Usage":9,"Shared Hit Blocks":2,"Shared Read Blocks":0,"Shared Dirtied Blocks":0,"Shared Written Blocks":0,"Local Hit Blocks":0,"Local Read Blocks":0,"Local Dirtied Blocks":0,"Local Written Blocks":0,"Temp Read Blocks":0,"Temp Written Blocks":0,"I/O Read Time":0.0,"I/O Write Time":0.0,"Temp I/O Read Time":0.0,"Temp I/O Write Time":0.0,"Plans":[{"Node Type":"Hash Join","Parent Relationship":"Outer","Parallel Aware":false,"Async Capable":false,"Join Type":"Inner","Startup Cost":1.07,"Total Cost":2.99,"Plan Rows":12,"Plan Width":12,"Actual Startup Time":0.024,"Actual Total Time":0.04,"Actual Rows":22,"Actual Loops":1,"Output":["nation.n_name","nation.n_nationkey"],"Inner Unique":true,"Hash Cond":"(nation.n_regionkey = region.r_regionkey)","Shared Hit Blocks":2,"Shared Read Blocks":0,"Shared Dirtied Blocks":0,"Shared Written Blocks":0,"Local Hit Blocks":0,"Local Read Blocks":0,"Local Dirtied Blocks":0,"Local Written Blocks":0,"Temp Read Blocks":0,"Temp Written Blocks":0,"I/O Read Time":0.0,"I/O Write Time":0.0,"Temp I/O Read Time":0.0,"Temp I/O Write Time":0.0,"Plans":[{"Node Type":"Seq Scan","Parent Relationship":"Outer","Parallel Aware":false,"Async Capable":false,"Relation Name":"nation","Schema":"public","Alias":"nation","Startup Cost":0.0,"Total Cost":1.62,"Plan Rows":62,"Plan Width":16,"Actual Startup Time":0.005,"Actual Total Time":0.008,"Actual Rows":62,"Actual Loops":1,"Output":["nation.n_nationkey","nation.n_name","nation.n_regionkey","nation.n_comment"],"Shared Hit Blocks":1,"Shared Read Blocks":0,"Shared Dirtied Blocks":0,"Shared Written Blocks":0,"Local Hit Blocks":0,"Local Read Blocks":0,"Local Dirtied Blocks":0,"Local Written Blocks":0,"Temp Read Blocks":0,"Temp Written Blocks":0,"I/O Read Time":0.0,"I/O Write Time":0.0,"Temp I/O Read Time":0.0,"Temp I/O Write Time":0.0},{"Node Type":"Hash","Parent Relationship":"Inner","Parallel Aware":false,"Async Capable":false,"Startup Cost":1.06,"Total Cost":1.06,"Plan Rows":1,"Plan Width":4,"Actual Startup Time":0.009,"Actual Total Time":0.01,"Actual Rows":1,"Actual Loops":1,"Output":["region.r_regionkey"],"Hash Buckets":1024,"Original Hash Buckets":1024,"Hash Batches":1,"Original Hash Batches":1,"Peak Memory Usage":9,"Shared Hit Blocks":1,"Shared Read Blocks":0,"Shared Dirtied Blocks":0,"Shared Written Blocks":0,"Local Hit Blocks":0,"Local Read Blocks":0,"Local Dirtied Blocks":0,"Local Written Blocks":0,"Temp Read Blocks":0,"Temp Written Blocks":0,"I/O Read Time":0.0,"I/O Write Time":0.0,"Temp I/O Read Time":0.0,"Temp I/O Write Time":0.0,"Plans":[{"Node Type":"Seq Scan","Parent Relationship":"Outer","Parallel Aware":false,"Async Capable":false,"Relation Name":"region","Schema":"public","Alias":"region","Startup Cost":0.0,"Total Cost":1.06,"Plan Rows":1,"Plan Width":4,"Actual Startup Time":0.007,"Actual Total Time":0.007,"Actual Rows":1,"Actual Loops":1,"Output":["region.r_regionkey"],"Filter":"((region.r_name)::text = 'Europe'::text)","Rows Removed by Filter":4,"Shared Hit Blocks":1,"Shared Read Blocks":0,"Shared Dirtied Blocks":0,"Shared Written Blocks":0,"Local Hit Blocks":0,"Local Read Blocks":0,"Local Dirtied Blocks":0,"Local Written Blocks":0,"Temp Read Blocks":0,"Temp Written Blocks":0,"I/O Read Time":0.0,"I/O Write Time":0.0,"Temp I/O Read Time":0.0,"Temp I/O Write Time":0.0}]}]}]}]}]},{"Node Type":"Index Only Scan","Parent Relationship":"Inner","Parallel Aware":false,"Async Capable":false,"Scan Direction":"Forward","Index Name":"stock_pk","Relation Name":"stock","Schema":"public","Alias":"stock","Startup Cost":0.44,"Total Cost":519363.62,"Plan Rows":20000212,"Plan Width":6,"Actual Startup Time":0.048,"Actual Total Time":1395.4,"Actual Rows":19999994,"Actual Loops":1,"Output":["stock.s_w_id","stock.s_i_id"],"Heap Fetches":0,"Shared Hit Blocks":54673,"Shared Read Blocks":0,"Shared Dirtied Blocks":0,"Shared Written Blocks":0,"Local Hit Blocks":0,"Local Read Blocks":0,"Local Dirtied Blocks":0,"Local Written Blocks":0,"Temp Read Blocks":0,"Temp Written Blocks":0,"I/O Read Time":0.0,"I/O Write Time":0.0,"Temp I/O Read Time":0.0,"Temp I/O Write Time":0.0}]},{"Node Type":"Hash","Parent Relationship":"Inner","Parallel Aware":false,"Async Capable":false,"Startup Cost":317.0,"Total Cost":317.0,"Plan Rows":10000,"Plan Width":8,"Actual Startup Time":2.613,"Actual Total Time":2.613,"Actual Rows":10000,"Actual Loops":1,"Output":["supplier.su_suppkey","supplier.su_nationkey"],"Hash Buckets":16384,"Original Hash Buckets":16384,"Hash Batches":1,"Original Hash Batches":1,"Peak Memory Usage":519,"Shared Hit Blocks":217,"Shared Read Blocks":0,"Shared Dirtied Blocks":0,"Shared Written Blocks":0,"Local Hit Blocks":0,"Local Read Blocks":0,"Local Dirtied Blocks":0,"Local Written Blocks":0,"Temp Read Blocks":0,"Temp Written Blocks":0,"I/O Read Time":0.0,"I/O Write Time":0.0,"Temp I/O Read Time":0.0,"Temp I/O Write Time":0.0,"Plans":[{"Node Type":"Seq Scan","Parent Relationship":"Outer","Parallel Aware":false,"Async Capable":false,"Relation Name":"supplier","Schema":"public","Alias":"supplier","Startup Cost":0.0,"Total Cost":317.0,"Plan Rows":10000,"Plan Width":8,"Actual Startup Time":0.011,"Actual Total Time":1.315,"Actual Rows":10000,"Actual Loops":1,"Output":["supplier.su_suppkey","supplier.su_nationkey"],"Shared Hit Blocks":217,"Shared Read Blocks":0,"Shared Dirtied Blocks":0,"Shared Written Blocks":0,"Local Hit Blocks":0,"Local Read Blocks":0,"Local Dirtied Blocks":0,"Local Written Blocks":0,"Temp Read Blocks":0,"Temp Written Blocks":0,"I/O Read Time":0.0,"I/O Write Time":0.0,"Temp I/O Read Time":0.0,"Temp I/O Write Time":0.0}]}]}]}]}]},"Planning":{"Shared Hit Blocks":220,"Shared Read Blocks":0,"Shared Dirtied Blocks":0,"Shared Written Blocks":0,"Local Hit Blocks":0,"Local Read Blocks":0,"Local Dirtied Blocks":0,"Local Written Blocks":0,"Temp Read Blocks":0,"Temp Written Blocks":0,"I/O Read Time":0.0,"I/O Write Time":0.0,"Temp I/O Read Time":0.0,"Temp I/O Write Time":0.0},"Planning Time":5.931,"Triggers":[],"Execution Time":20995.583}]
[列存组合]: customer, nation, orders
[{"Plan":{"Node Type":"Sort","Parallel Aware":false,"Async Capable":false,"Startup Cost":4073550.09,"Total Cost":4073550.25,"Plan Rows":62,"Plan Width":40,"Actual Startup Time":34745.684,"Actual Total Time":34745.716,"Actual Rows":11,"Actual Loops":1,"Output":["nation.n_name","(sum(order_line.ol_amount))"],"Sort Key":["(sum(order_line.ol_amount)) DESC"],"Sort Method":"quicksort","Sort Space Used":25,"Sort Space Type":"Memory","Shared Hit Blocks":736640,"Shared Read Blocks":0,"Shared Dirtied Blocks":0,"Shared Written Blocks":0,"Local Hit Blocks":0,"Local Read Blocks":0,"Local Dirtied Blocks":0,"Local Written Blocks":0,"Temp Read Blocks":288611,"Temp Written Blocks":288665,"I/O Read Time":0.0,"I/O Write Time":0.0,"Temp I/O Read Time":440.455,"Temp I/O Write Time":1196.424,"Plans":[{"Node Type":"Aggregate","Strategy":"Sorted","Partial Mode":"Simple","Parent Relationship":"Outer","Parallel Aware":false,"Async Capable":false,"Startup Cost":4073396.45,"Total Cost":4073548.25,"Plan Rows":62,"Plan Width":40,"Actual Startup Time":34739.73,"Actual Total Time":34745.695,"Actual Rows":11,"Actual Loops":1,"Output":["nation.n_name","sum(order_line.ol_amount)"],"Group Key":["nation.n_name"],"Shared Hit Blocks":736640,"Shared Read Blocks":0,"Shared Dirtied Blocks":0,"Shared Written Blocks":0,"Local Hit Blocks":0,"Local Read Blocks":0,"Local Dirtied Blocks":0,"Local Written Blocks":0,"Temp Read Blocks":288611,"Temp Written Blocks":288665,"I/O Read Time":0.0,"I/O Write Time":0.0,"Temp I/O Read Time":440.455,"Temp I/O Write Time":1196.424,"Plans":[{"Node Type":"Sort","Parent Relationship":"Outer","Parallel Aware":false,"Async Capable":false,"Startup Cost":4073396.45,"Total Cost":4073446.79,"Plan Rows":20136,"Plan Width":12,"Actual Startup Time":34739.29,"Actual Total Time":34741.142,"Actual Rows":35044,"Actual Loops":1,"Output":["nation.n_name","order_line.ol_amount"],"Sort Key":["nation.n_name"],"Sort Method":"quicksort","Sort Space Used":3146,"Sort Space Type":"Memory","Shared Hit Blocks":736640,"Shared Read Blocks":0,"Shared Dirtied Blocks":0,"Shared Written Blocks":0,"Local Hit Blocks":0,"Local Read Blocks":0,"Local Dirtied Blocks":0,"Local Written Blocks":0,"Temp Read Blocks":288611,"Temp Written Blocks":288665,"I/O Read Time":0.0,"I/O Write Time":0.0,"Temp I/O Read Time":440.455,"Temp I/O Write Time":1196.424,"Plans":[{"Node Type":"Hash Join","Parent Relationship":"Outer","Parallel Aware":false,"Async Capable":false,"Join Type":"Inner","Startup Cost":3424089.0,"Total Cost":4071956.98,"Plan Rows":20136,"Plan Width":12,"Actual Startup Time":30801.473,"Actual Total Time":34720.002,"Actual Rows":35044,"Actual Loops":1,"Output":["nation.n_name","order_line.ol_amount"],"Inner Unique":true,"Hash Cond":"((mod((stock.s_w_id * stock.s_i_id), 10000) = supplier.su_suppkey) AND (customer.c_nationkey = supplier.su_nationkey))","Shared Hit Blocks":736640,"Shared Read Blocks":0,"Shared Dirtied Blocks":0,"Shared Written Blocks":0,"Local Hit Blocks":0,"Local Read Blocks":0,"Local Dirtied Blocks":0,"Local Written Blocks":0,"Temp Read Blocks":288611,"Temp Written Blocks":288665,"I/O Read Time":0.0,"I/O Write Time":0.0,"Temp I/O Read Time":440.455,"Temp I/O Write Time":1196.424,"Plans":[{"Node Type":"Merge Join","Parent Relationship":"Outer","Parallel Aware":false,"Async Capable":false,"Join Type":"Inner","Startup Cost":3423622.0,"Total Cost":4064655.01,"Plan Rows":1242717,"Plan Width":26,"Actual Startup Time":30797.121,"Actual Total Time":34432.144,"Actual Rows":2218175,"Actual Loops":1,"Output":["customer.c_nationkey","order_line.ol_amount","stock.s_w_id","stock.s_i_id","nation.n_name","nation.n_nationkey"],"Inner Unique":true,"Merge Cond":"((customer.c_w_id = stock.s_w_id) AND (order_line.ol_i_id = stock.s_i_id))","Shared Hit Blocks":736423,"Shared Read Blocks":0,"Shared Dirtied Blocks":0,"Shared Written Blocks":0,"Local Hit Blocks":0,"Local Read Blocks":0,"Local Dirtied Blocks":0,"Local Written Blocks":0,"Temp Read Blocks":288611,"Temp Written Blocks":288665,"I/O Read Time":0.0,"I/O Write Time":0.0,"Temp I/O Read Time":440.455,"Temp I/O Write Time":1196.424,"Plans":[{"Node Type":"Sort","Parent Relationship":"Outer","Parallel Aware":false,"Async Capable":false,"Startup Cost":3423621.57,"Total Cost":3426702.1,"Plan Rows":1232214,"Plan Width":30,"Actual Startup Time":30797.055,"Actual Total Time":31392.139,"Actual Rows":2218175,"Actual Loops":1,"Output":["customer.c_w_id","customer.c_nationkey","orders.o_w_id","order_line.ol_amount","order_line.ol_w_id","order_line.ol_i_id","nation.n_name","nation.n_nationkey"],"Sort Key":["customer.c_w_id","order_line.ol_i_id"],"Sort Method":"external merge","Sort Space Used":94520,"Sort Space Type":"Disk","Shared Hit Blocks":681750,"Shared Read Blocks":0,"Shared Dirtied Blocks":0,"Shared Written Blocks":0,"Local Hit Blocks":0,"Local Read Blocks":0,"Local Dirtied Blocks":0,"Local Written Blocks":0,"Temp Read Blocks":288611,"Temp Written Blocks":288665,"I/O Read Time":0.0,"I/O Write Time":0.0,"Temp I/O Read Time":440.455,"Temp I/O Write Time":1196.424,"Plans":[{"Node Type":"Hash Join","Parent Relationship":"Outer","Parallel Aware":false,"Async Capable":false,"Join Type":"Inner","Startup Cost":795272.92,"Total Cost":3239997.74,"Plan Rows":1232214,"Plan Width":30,"Actual Startup Time":3422.569,"Actual Total Time":28154.84,"Actual Rows":2218175,"Actual Loops":1,"Output":["customer.c_w_id","customer.c_nationkey","orders.o_w_id","order_line.ol_amount","order_line.ol_w_id","order_line.ol_i_id","nation.n_name","nation.n_nationkey"],"Inner Unique":false,"Hash Cond":"(customer.c_nationkey = nation.n_nationkey)","Shared Hit Blocks":681750,"Shared Read Blocks":0,"Shared Dirtied Blocks":0,"Shared Written Blocks":0,"Local Hit Blocks":0,"Local Read Blocks":0,"Local Dirtied Blocks":0,"Local Written Blocks":0,"Temp Read Blocks":264991,"Temp Written Blocks":264991,"I/O Read Time":0.0,"I/O Write Time":0.0,"Temp I/O Read Time":405.845,"Temp I/O Write Time":1134.156,"Plans":[{"Node Type":"Hash Join","Parent Relationship":"Outer","Parallel Aware":false,"Async Capable":false,"Join Type":"Inner","Startup Cost":795269.78,"Total Cost":3204965.93,"Plan Rows":6161071,"Plan Width":18,"Actual Startup Time":3414.211,"Actual Total Time":27320.103,"Actual Rows":8568663,"Actual Loops":1,"Output":["customer.c_w_id","customer.c_nationkey","orders.o_w_id","order_line.ol_amount","order_line.ol_w_id","order_line.ol_i_id"],"Inner Unique":true,"Hash Cond":"((orders.o_c_id = customer.c_id) AND (orders.o_w_id = customer.c_w_id) AND (orders.o_d_id = customer.c_d_id))","Shared Hit Blocks":681748,"Shared Read Blocks":0,"Shared Dirtied Blocks":0,"Shared Written Blocks":0,"Local Hit Blocks":0,"Local Read Blocks":0,"Local Dirtied Blocks":0,"Local Written Blocks":0,"Temp Read Blocks":264991,"Temp Written Blocks":264991,"I/O Read Time":0.0,"I/O Write Time":0.0,"Temp I/O Read Time":405.845,"Temp I/O Write Time":1134.156,"Plans":[{"Node Type":"Hash Join","Parent Relationship":"Outer","Parallel Aware":false,"Async Capable":false,"Join Type":"Inner","Startup Cost":151173.84,"Total Cost":2410851.54,"Plan Rows":6161071,"Plan Width":20,"Actual Startup Time":598.803,"Actual Total Time":20174.626,"Actual Rows":8568663,"Actual Loops":1,"Output":["orders.o_c_id","orders.o_w_id","orders.o_d_id","order_line.ol_amount","order_line.ol_w_id","order_line.ol_d_id","order_line.ol_i_id"],"Inner Unique":true,"Hash Cond":"((order_line.ol_w_id = orders.o_w_id) AND (order_line.ol_d_id = orders.o_d_id) AND (order_line.ol_o_id = orders.o_id))","Shared Hit Blocks":681748,"Shared Read Blocks":0,"Shared Dirtied Blocks":0,"Shared Written Blocks":0,"Local Hit Blocks":0,"Local Read Blocks":0,"Local Dirtied Blocks":0,"Local Written Blocks":0,"Temp Read Blocks":200672,"Temp Written Blocks":200672,"I/O Read Time":0.0,"I/O Write Time":0.0,"Temp I/O Read Time":305.945,"Temp I/O Write Time":812.584,"Plans":[{"Node Type":"Seq Scan","Parent Relationship":"Outer","Parallel Aware":false,"Async Capable":false,"Relation Name":"order_line","Schema":"public","Alias":"order_line","Startup Cost":0.0,"Total Cost":1431670.8,"Plan Rows":42039468,"Plan Width":20,"Actual Startup Time":0.007,"Actual Total Time":7344.082,"Actual Rows":42000489,"Actual Loops":1,"Output":["order_line.ol_amount","order_line.ol_o_id","order_line.ol_w_id","order_line.ol_d_id","order_line.ol_i_id"],"Filter":"(order_line.ol_delivery_d >= '1992-01-02 20:10:02.27764'::timestamp without time zone)","Rows Removed by Filter":17993272,"Shared Hit Blocks":681748,"Shared Read Blocks":0,"Shared Dirtied Blocks":0,"Shared Written Blocks":0,"Local Hit Blocks":0,"Local Read Blocks":0,"Local Dirtied Blocks":0,"Local Written Blocks":0,"Temp Read Blocks":0,"Temp Written Blocks":0,"I/O Read Time":0.0,"I/O Write Time":0.0,"Temp I/O Read Time":0.0,"Temp I/O Write Time":0.0},{"Node Type":"Hash","Parent Relationship":"Inner","Parallel Aware":false,"Async Capable":false,"Startup Cost":131491.69,"Total Cost":131491.69,"Plan Rows":879323,"Plan Width":16,"Actual Startup Time":545.615,"Actual Total Time":545.623,"Actual Rows":856801,"Actual Loops":1,"Output":["orders.o_c_id","orders.o_w_id","orders.o_d_id","orders.o_id"],"Hash Buckets":262144,"Original Hash Buckets":262144,"Hash Batches":8,"Original Hash Batches":8,"Peak Memory Usage":7070,"Shared Hit Blocks":0,"Shared Read Blocks":0,"Shared Dirtied Blocks":0,"Shared Written Blocks":0,"Local Hit Blocks":0,"Local Read Blocks":0,"Local Dirtied Blocks":0,"Local Written Blocks":0,"Temp Read Blocks":0,"Temp Written Blocks":3290,"I/O Read Time":0.0,"I/O Write Time":0.0,"Temp I/O Read Time":0.0,"Temp I/O Write Time":22.468,"Plans":[{"Node Type":"Append","Parent Relationship":"Outer","Parallel Aware":false,"Async Capable":false,"Startup Cost":20.0,"Total Cost":131491.69,"Plan Rows":879323,"Plan Width":16,"Actual Startup Time":0.569,"Actual Total Time":309.821,"Actual Rows":856801,"Actual Loops":1,"Shared Hit Blocks":0,"Shared Read Blocks":0,"Shared Dirtied Blocks":0,"Shared Written Blocks":0,"Local Hit Blocks":0,"Local Read Blocks":0,"Local Dirtied Blocks":0,"Local Written Blocks":0,"Temp Read Blocks":0,"Temp Written Blocks":0,"I/O Read Time":0.0,"I/O Write Time":0.0,"Temp I/O Read Time":0.0,"Temp I/O Write Time":0.0,"Subplans Removed":0,"Plans":[{"Node Type":"Custom Scan","Parent Relationship":"Member","Custom Plan Provider":"columnar scan","Parallel Aware":false,"Async Capable":false,"Relation Name":"orders","Schema":"public","Alias":"orders","Startup Cost":20.0,"Total Cost":20684.21,"Plan Rows":879322,"Plan Width":16,"Actual Startup Time":0.567,"Actual Total Time":216.577,"Actual Rows":856801,"Actual Loops":1,"Output":["orders.o_c_id","orders.o_w_id","orders.o_d_id","orders.o_id"],"Filter":"((orders.o_entry_d < '1994-01-02 20:10:02.27764'::timestamp without time zone) AND (orders.o_entry_d >= '1993-01-02 20:10:02.27764'::timestamp without time zone))","Rows Removed by Filter":0,"Rows Removed by Columnar Filter":5143199,"Columnar cache search mode":"native","Shared Hit Blocks":0,"Shared Read Blocks":0,"Shared Dirtied Blocks":0,"Shared Written Blocks":0,"Local Hit Blocks":0,"Local Read Blocks":0,"Local Dirtied Blocks":0,"Local Written Blocks":0,"Temp Read Blocks":0,"Temp Written Blocks":0,"I/O Read Time":0.0,"I/O Write Time":0.0,"Temp I/O Read Time":0.0,"Temp I/O Write Time":0.0},{"Node Type":"Seq Scan","Parent Relationship":"Member","Parallel Aware":false,"Async Capable":false,"Relation Name":"orders","Schema":"public","Alias":"orders","Startup Cost":0.0,"Total Cost":4.01,"Plan Rows":1,"Plan Width":16,"Actual Startup Time":0.0,"Actual Total Time":0.0,"Actual Rows":0,"Actual Loops":0,"Output":["orders.o_c_id","orders.o_w_id","orders.o_d_id","orders.o_id"],"Filter":"((orders.o_entry_d < '1994-01-02 20:10:02.27764'::timestamp without time zone) AND (orders.o_entry_d >= '1993-01-02 20:10:02.27764'::timestamp without time zone))","Rows Removed by Filter":0,"Shared Hit Blocks":0,"Shared Read Blocks":0,"Shared Dirtied Blocks":0,"Shared Written Blocks":0,"Local Hit Blocks":0,"Local Read Blocks":0,"Local Dirtied Blocks":0,"Local Written Blocks":0,"Temp Read Blocks":0,"Temp Written Blocks":0,"I/O Read Time":0.0,"I/O Write Time":0.0,"Temp I/O Read Time":0.0,"Temp I/O Write Time":0.0}]}]}]},{"Node Type":"Hash","Parent Relationship":"Inner","Parallel Aware":false,"Async Capable":false,"Startup Cost":509795.49,"Total Cost":509795.49,"Plan Rows":6000140,"Plan Width":12,"Actual Startup Time":2807.842,"Actual Total Time":2807.847,"Actual Rows":6000000,"Actual Loops":1,"Output":["customer.c_id","customer.c_w_id","customer.c_d_id","customer.c_nationkey"],"Hash Buckets":262144,"Original Hash Buckets":262144,"Hash Batches":64,"Original Hash Batches":64,"Peak Memory Usage":6073,"Shared Hit Blocks":0,"Shared Read Blocks":0,"Shared Dirtied Blocks":0,"Shared Written Blocks":0,"Local Hit Blocks":0,"Local Read Blocks":0,"Local Dirtied Blocks":0,"Local Written Blocks":0,"Temp Read Blocks":0,"Temp Written Blocks":23037,"I/O Read Time":0.0,"I/O Write Time":0.0,"Temp I/O Read Time":0.0,"Temp I/O Write Time":123.547,"Plans":[{"Node Type":"Append","Parent Relationship":"Outer","Parallel Aware":false,"Async Capable":false,"Startup Cost":20.0,"Total Cost":509795.49,"Plan Rows":6000140,"Plan Width":12,"Actual Startup Time":0.022,"Actual Total Time":1589.701,"Actual Rows":6000000,"Actual Loops":1,"Shared Hit Blocks":0,"Shared Read Blocks":0,"Shared Dirtied Blocks":0,"Shared Written Blocks":0,"Local Hit Blocks":0,"Local Read Blocks":0,"Local Dirtied Blocks":0,"Local Written Blocks":0,"Temp Read Blocks":0,"Temp Written Blocks":0,"I/O Read Time":0.0,"I/O Write Time":0.0,"Temp I/O Read Time":0.0,"Temp I/O Write Time":0.0,"Subplans Removed":0,"Plans":[{"Node Type":"Custom Scan","Parent Relationship":"Member","Custom Plan Provider":"columnar scan","Parallel Aware":false,"Async Capable":false,"Relation Name":"customer","Schema":"public","Alias":"customer","Startup Cost":20.0,"Total Cost":141020.06,"Plan Rows":6000000,"Plan Width":12,"Actual Startup Time":0.021,"Actual Total Time":1087.892,"Actual Rows":6000000,"Actual Loops":1,"Output":["customer.c_id","customer.c_w_id","customer.c_d_id","customer.c_nationkey"],"Rows Removed by Columnar Filter":0,"Columnar cache search mode":"native","Shared Hit Blocks":0,"Shared Read Blocks":0,"Shared Dirtied Blocks":0,"Shared Written Blocks":0,"Local Hit Blocks":0,"Local Read Blocks":0,"Local Dirtied Blocks":0,"Local Written Blocks":0,"Temp Read Blocks":0,"Temp Written Blocks":0,"I/O Read Time":0.0,"I/O Write Time":0.0,"Temp I/O Read Time":0.0,"Temp I/O Write Time":0.0},{"Node Type":"Seq Scan","Parent Relationship":"Member","Parallel Aware":false,"Async Capable":false,"Relation Name":"customer","Schema":"public","Alias":"customer","Startup Cost":0.0,"Total Cost":5.4,"Plan Rows":140,"Plan Width":12,"Actual Startup Time":0.0,"Actual Total Time":0.0,"Actual Rows":0,"Actual Loops":0,"Output":["customer.c_id","customer.c_w_id","customer.c_d_id","customer.c_nationkey"],"Shared Hit Blocks":0,"Shared Read Blocks":0,"Shared Dirtied Blocks":0,"Shared Written Blocks":0,"Local Hit Blocks":0,"Local Read Blocks":0,"Local Dirtied Blocks":0,"Local Written Blocks":0,"Temp Read Blocks":0,"Temp Written Blocks":0,"I/O Read Time":0.0,"I/O Write Time":0.0,"Temp I/O Read Time":0.0,"Temp I/O Write Time":0.0}]}]}]},{"Node Type":"Hash","Parent Relationship":"Inner","Parallel Aware":false,"Async Capable":false,"Startup Cost":2.99,"Total Cost":2.99,"Plan Rows":12,"Plan Width":12,"Actual Startup Time":0.059,"Actual Total Time":0.066,"Actual Rows":22,"Actual Loops":1,"Output":["nation.n_name","nation.n_nationkey"],"Hash Buckets":1024,"Original Hash Buckets":1024,"Hash Batches":1,"Original Hash Batches":1,"Peak Memory Usage":9,"Shared Hit Blocks":2,"Shared Read Blocks":0,"Shared Dirtied Blocks":0,"Shared Written Blocks":0,"Local Hit Blocks":0,"Local Read Blocks":0,"Local Dirtied Blocks":0,"Local Written Blocks":0,"Temp Read Blocks":0,"Temp Written Blocks":0,"I/O Read Time":0.0,"I/O Write Time":0.0,"Temp I/O Read Time":0.0,"Temp I/O Write Time":0.0,"Plans":[{"Node Type":"Hash Join","Parent Relationship":"Outer","Parallel Aware":false,"Async Capable":false,"Join Type":"Inner","Startup Cost":1.07,"Total Cost":2.99,"Plan Rows":12,"Plan Width":12,"Actual Startup Time":0.035,"Actual Total Time":0.058,"Actual Rows":22,"Actual Loops":1,"Output":["nation.n_name","nation.n_nationkey"],"Inner Unique":true,"Hash Cond":"(nation.n_regionkey = region.r_regionkey)","Shared Hit Blocks":2,"Shared Read Blocks":0,"Shared Dirtied Blocks":0,"Shared Written Blocks":0,"Local Hit Blocks":0,"Local Read Blocks":0,"Local Dirtied Blocks":0,"Local Written Blocks":0,"Temp Read Blocks":0,"Temp Written Blocks":0,"I/O Read Time":0.0,"I/O Write Time":0.0,"Temp I/O Read Time":0.0,"Temp I/O Write Time":0.0,"Plans":[{"Node Type":"Seq Scan","Parent Relationship":"Outer","Parallel Aware":false,"Async Capable":false,"Relation Name":"nation","Schema":"public","Alias":"nation","Startup Cost":0.0,"Total Cost":1.62,"Plan Rows":62,"Plan Width":16,"Actual Startup Time":0.006,"Actual Total Time":0.012,"Actual Rows":62,"Actual Loops":1,"Output":["nation.n_nationkey","nation.n_name","nation.n_regionkey","nation.n_comment"],"Shared Hit Blocks":1,"Shared Read Blocks":0,"Shared Dirtied Blocks":0,"Shared Written Blocks":0,"Local Hit Blocks":0,"Local Read Blocks":0,"Local Dirtied Blocks":0,"Local Written Blocks":0,"Temp Read Blocks":0,"Temp Written Blocks":0,"I/O Read Time":0.0,"I/O Write Time":0.0,"Temp I/O Read Time":0.0,"Temp I/O Write Time":0.0},{"Node Type":"Hash","Parent Relationship":"Inner","Parallel Aware":false,"Async Capable":false,"Startup Cost":1.06,"Total Cost":1.06,"Plan Rows":1,"Plan Width":4,"Actual Startup Time":0.01,"Actual Total Time":0.012,"Actual Rows":1,"Actual Loops":1,"Output":["region.r_regionkey"],"Hash Buckets":1024,"Original Hash Buckets":1024,"Hash Batches":1,"Original Hash Batches":1,"Peak Memory Usage":9,"Shared Hit Blocks":1,"Shared Read Blocks":0,"Shared Dirtied Blocks":0,"Shared Written Blocks":0,"Local Hit Blocks":0,"Local Read Blocks":0,"Local Dirtied Blocks":0,"Local Written Blocks":0,"Temp Read Blocks":0,"Temp Written Blocks":0,"I/O Read Time":0.0,"I/O Write Time":0.0,"Temp I/O Read Time":0.0,"Temp I/O Write Time":0.0,"Plans":[{"Node Type":"Seq Scan","Parent Relationship":"Outer","Parallel Aware":false,"Async Capable":false,"Relation Name":"region","Schema":"public","Alias":"region","Startup Cost":0.0,"Total Cost":1.06,"Plan Rows":1,"Plan Width":4,"Actual Startup Time":0.008,"Actual Total Time":0.008,"Actual Rows":1,"Actual Loops":1,"Output":["region.r_regionkey"],"Filter":"((region.r_name)::text = 'Europe'::text)","Rows Removed by Filter":4,"Shared Hit Blocks":1,"Shared Read Blocks":0,"Shared Dirtied Blocks":0,"Shared Written Blocks":0,"Local Hit Blocks":0,"Local Read Blocks":0,"Local Dirtied Blocks":0,"Local Written Blocks":0,"Temp Read Blocks":0,"Temp Written Blocks":0,"I/O Read Time":0.0,"I/O Write Time":0.0,"Temp I/O Read Time":0.0,"Temp I/O Write Time":0.0}]}]}]}]}]},{"Node Type":"Index Only Scan","Parent Relationship":"Inner","Parallel Aware":false,"Async Capable":false,"Scan Direction":"Forward","Index Name":"stock_pk","Relation Name":"stock","Schema":"public","Alias":"stock","Startup Cost":0.44,"Total Cost":519363.62,"Plan Rows":20000212,"Plan Width":6,"Actual Startup Time":0.051,"Actual Total Time":1405.731,"Actual Rows":19999994,"Actual Loops":1,"Output":["stock.s_w_id","stock.s_i_id"],"Heap Fetches":0,"Shared Hit Blocks":54673,"Shared Read Blocks":0,"Shared Dirtied Blocks":0,"Shared Written Blocks":0,"Local Hit Blocks":0,"Local Read Blocks":0,"Local Dirtied Blocks":0,"Local Written Blocks":0,"Temp Read Blocks":0,"Temp Written Blocks":0,"I/O Read Time":0.0,"I/O Write Time":0.0,"Temp I/O Read Time":0.0,"Temp I/O Write Time":0.0}]},{"Node Type":"Hash","Parent Relationship":"Inner","Parallel Aware":false,"Async Capable":false,"Startup Cost":317.0,"Total Cost":317.0,"Plan Rows":10000,"Plan Width":8,"Actual Startup Time":3.897,"Actual Total Time":3.898,"Actual Rows":10000,"Actual Loops":1,"Output":["supplier.su_suppkey","supplier.su_nationkey"],"Hash Buckets":16384,"Original Hash Buckets":16384,"Hash Batches":1,"Original Hash Batches":1,"Peak Memory Usage":519,"Shared Hit Blocks":217,"Shared Read Blocks":0,"Shared Dirtied Blocks":0,"Shared Written Blocks":0,"Local Hit Blocks":0,"Local Read Blocks":0,"Local Dirtied Blocks":0,"Local Written Blocks":0,"Temp Read Blocks":0,"Temp Written Blocks":0,"I/O Read Time":0.0,"I/O Write Time":0.0,"Temp I/O Read Time":0.0,"Temp I/O Write Time":0.0,"Plans":[{"Node Type":"Seq Scan","Parent Relationship":"Outer","Parallel Aware":false,"Async Capable":false,"Relation Name":"supplier","Schema":"public","Alias":"supplier","Startup Cost":0.0,"Total Cost":317.0,"Plan Rows":10000,"Plan Width":8,"Actual Startup Time":0.013,"Actual Total Time":1.905,"Actual Rows":10000,"Actual Loops":1,"Output":["supplier.su_suppkey","supplier.su_nationkey"],"Shared Hit Blocks":217,"Shared Read Blocks":0,"Shared Dirtied Blocks":0,"Shared Written Blocks":0,"Local Hit Blocks":0,"Local Read Blocks":0,"Local Dirtied Blocks":0,"Local Written Blocks":0,"Temp Read Blocks":0,"Temp Written Blocks":0,"I/O Read Time":0.0,"I/O Write Time":0.0,"Temp I/O Read Time":0.0,"Temp I/O Write Time":0.0}]}]}]}]}]},"Planning":{"Shared Hit Blocks":220,"Shared Read Blocks":0,"Shared Dirtied Blocks":0,"Shared Written Blocks":0,"Local Hit Blocks":0,"Local Read Blocks":0,"Local Dirtied Blocks":0,"Local Written Blocks":0,"Temp Read Blocks":0,"Temp Written Blocks":0,"I/O Read Time":0.0,"I/O Write Time":0.0,"Temp I/O Read Time":0.0,"Temp I/O Write Time":0.0},"Planning Time":7.4,"Triggers":[],"Execution Time":34760.357}]
[列存组合]: customer, nation, region
[{"Plan":{"Node Type":"Sort","Parallel Aware":false,"Async Capable":false,"Startup Cost":4076179.91,"Total Cost":4076180.07,"Plan Rows":62,"Plan Width":40,"Actual Startup Time":34348.96,"Actual Total Time":34348.988,"Actual Rows":11,"Actual Loops":1,"Output":["nation.n_name","(sum(order_line.ol_amount))"],"Sort Key":["(sum(order_line.ol_amount)) DESC"],"Sort Method":"quicksort","Sort Space Used":25,"Sort Space Type":"Memory","Shared Hit Blocks":780762,"Shared Read Blocks":0,"Shared Dirtied Blocks":0,"Shared Written Blocks":0,"Local Hit Blocks":0,"Local Read Blocks":0,"Local Dirtied Blocks":0,"Local Written Blocks":0,"Temp Read Blocks":288611,"Temp Written Blocks":288665,"I/O Read Time":0.0,"I/O Write Time":0.0,"Temp I/O Read Time":441.391,"Temp I/O Write Time":1168.744,"Plans":[{"Node Type":"Aggregate","Strategy":"Sorted","Partial Mode":"Simple","Parent Relationship":"Outer","Parallel Aware":false,"Async Capable":false,"Startup Cost":4076026.27,"Total Cost":4076178.06,"Plan Rows":62,"Plan Width":40,"Actual Startup Time":34342.875,"Actual Total Time":34348.97,"Actual Rows":11,"Actual Loops":1,"Output":["nation.n_name","sum(order_line.ol_amount)"],"Group Key":["nation.n_name"],"Shared Hit Blocks":780762,"Shared Read Blocks":0,"Shared Dirtied Blocks":0,"Shared Written Blocks":0,"Local Hit Blocks":0,"Local Read Blocks":0,"Local Dirtied Blocks":0,"Local Written Blocks":0,"Temp Read Blocks":288611,"Temp Written Blocks":288665,"I/O Read Time":0.0,"I/O Write Time":0.0,"Temp I/O Read Time":441.391,"Temp I/O Write Time":1168.744,"Plans":[{"Node Type":"Sort","Parent Relationship":"Outer","Parallel Aware":false,"Async Capable":false,"Startup Cost":4076026.27,"Total Cost":4076076.61,"Plan Rows":20136,"Plan Width":12,"Actual Startup Time":34342.421,"Actual Total Time":34344.334,"Actual Rows":35044,"Actual Loops":1,"Output":["nation.n_name","order_line.ol_amount"],"Sort Key":["nation.n_name"],"Sort Method":"quicksort","Sort Space Used":3146,"Sort Space Type":"Memory","Shared Hit Blocks":780762,"Shared Read Blocks":0,"Shared Dirtied Blocks":0,"Shared Written Blocks":0,"Local Hit Blocks":0,"Local Read Blocks":0,"Local Dirtied Blocks":0,"Local Written Blocks":0,"Temp Read Blocks":288611,"Temp Written Blocks":288665,"I/O Read Time":0.0,"I/O Write Time":0.0,"Temp I/O Read Time":441.391,"Temp I/O Write Time":1168.744,"Plans":[{"Node Type":"Hash Join","Parent Relationship":"Outer","Parallel Aware":false,"Async Capable":false,"Join Type":"Inner","Startup Cost":3426718.82,"Total Cost":4074586.8,"Plan Rows":20136,"Plan Width":12,"Actual Startup Time":30396.587,"Actual Total Time":34323.584,"Actual Rows":35044,"Actual Loops":1,"Output":["nation.n_name","order_line.ol_amount"],"Inner Unique":true,"Hash Cond":"((mod((stock.s_w_id * stock.s_i_id), 10000) = supplier.su_suppkey) AND (customer.c_nationkey = supplier.su_nationkey))","Shared Hit Blocks":780762,"Shared Read Blocks":0,"Shared Dirtied Blocks":0,"Shared Written Blocks":0,"Local Hit Blocks":0,"Local Read Blocks":0,"Local Dirtied Blocks":0,"Local Written Blocks":0,"Temp Read Blocks":288611,"Temp Written Blocks":288665,"I/O Read Time":0.0,"I/O Write Time":0.0,"Temp I/O Read Time":441.391,"Temp I/O Write Time":1168.744,"Plans":[{"Node Type":"Merge Join","Parent Relationship":"Outer","Parallel Aware":false,"Async Capable":false,"Join Type":"Inner","Startup Cost":3426251.82,"Total Cost":4067284.83,"Plan Rows":1242717,"Plan Width":26,"Actual Startup Time":30393.558,"Actual Total Time":34036.016,"Actual Rows":2218175,"Actual Loops":1,"Output":["customer.c_nationkey","order_line.ol_amount","stock.s_w_id","stock.s_i_id","nation.n_name","nation.n_nationkey"],"Inner Unique":true,"Merge Cond":"((customer.c_w_id = stock.s_w_id) AND (order_line.ol_i_id = stock.s_i_id))","Shared Hit Blocks":780545,"Shared Read Blocks":0,"Shared Dirtied Blocks":0,"Shared Written Blocks":0,"Local Hit Blocks":0,"Local Read Blocks":0,"Local Dirtied Blocks":0,"Local Written Blocks":0,"Temp Read Blocks":288611,"Temp Written Blocks":288665,"I/O Read Time":0.0,"I/O Write Time":0.0,"Temp I/O Read Time":441.391,"Temp I/O Write Time":1168.744,"Plans":[{"Node Type":"Sort","Parent Relationship":"Outer","Parallel Aware":false,"Async Capable":false,"Startup Cost":3426251.38,"Total Cost":3429331.92,"Plan Rows":1232214,"Plan Width":30,"Actual Startup Time":30393.495,"Actual Total Time":30989.339,"Actual Rows":2218175,"Actual Loops":1,"Output":["customer.c_w_id","customer.c_nationkey","orders.o_w_id","order_line.ol_amount","order_line.ol_w_id","order_line.ol_i_id","nation.n_name","nation.n_nationkey"],"Sort Key":["customer.c_w_id","order_line.ol_i_id"],"Sort Method":"external merge","Sort Space Used":94520,"Sort Space Type":"Disk","Shared Hit Blocks":725872,"Shared Read Blocks":0,"Shared Dirtied Blocks":0,"Shared Written Blocks":0,"Local Hit Blocks":0,"Local Read Blocks":0,"Local Dirtied Blocks":0,"Local Written Blocks":0,"Temp Read Blocks":288611,"Temp Written Blocks":288665,"I/O Read Time":0.0,"I/O Write Time":0.0,"Temp I/O Read Time":441.391,"Temp I/O Write Time":1168.744,"Plans":[{"Node Type":"Hash Join","Parent Relationship":"Outer","Parallel Aware":false,"Async Capable":false,"Join Type":"Inner","Startup Cost":797902.74,"Total Cost":3242627.55,"Plan Rows":1232214,"Plan Width":30,"Actual Startup Time":2964.889,"Actual Total Time":27764.364,"Actual Rows":2218175,"Actual Loops":1,"Output":["customer.c_w_id","customer.c_nationkey","orders.o_w_id","order_line.ol_amount","order_line.ol_w_id","order_line.ol_i_id","nation.n_name","nation.n_nationkey"],"Inner Unique":false,"Hash Cond":"(customer.c_nationkey = nation.n_nationkey)","Shared Hit Blocks":725872,"Shared Read Blocks":0,"Shared Dirtied Blocks":0,"Shared Written Blocks":0,"Local Hit Blocks":0,"Local Read Blocks":0,"Local Dirtied Blocks":0,"Local Written Blocks":0,"Temp Read Blocks":264991,"Temp Written Blocks":264991,"I/O Read Time":0.0,"I/O Write Time":0.0,"Temp I/O Read Time":405.276,"Temp I/O Write Time":1105.864,"Plans":[{"Node Type":"Hash Join","Parent Relationship":"Outer","Parallel Aware":false,"Async Capable":false,"Join Type":"Inner","Startup Cost":797899.6,"Total Cost":3207595.75,"Plan Rows":6161071,"Plan Width":18,"Actual Startup Time":2957.077,"Actual Total Time":26919.494,"Actual Rows":8568663,"Actual Loops":1,"Output":["customer.c_w_id","customer.c_nationkey","orders.o_w_id","order_line.ol_amount","order_line.ol_w_id","order_line.ol_i_id"],"Inner Unique":true,"Hash Cond":"((orders.o_c_id = customer.c_id) AND (orders.o_w_id = customer.c_w_id) AND (orders.o_d_id = customer.c_d_id))","Shared Hit Blocks":725870,"Shared Read Blocks":0,"Shared Dirtied Blocks":0,"Shared Written Blocks":0,"Local Hit Blocks":0,"Local Read Blocks":0,"Local Dirtied Blocks":0,"Local Written Blocks":0,"Temp Read Blocks":264991,"Temp Written Blocks":264991,"I/O Read Time":0.0,"I/O Write Time":0.0,"Temp I/O Read Time":405.276,"Temp I/O Write Time":1105.864,"Plans":[{"Node Type":"Hash Join","Parent Relationship":"Outer","Parallel Aware":false,"Async Capable":false,"Join Type":"Inner","Startup Cost":153803.65,"Total Cost":2413481.36,"Plan Rows":6161071,"Plan Width":20,"Actual Startup Time":620.383,"Actual Total Time":20274.411,"Actual Rows":8568663,"Actual Loops":1,"Output":["orders.o_c_id","orders.o_w_id","orders.o_d_id","order_line.ol_amount","order_line.ol_w_id","order_line.ol_d_id","order_line.ol_i_id"],"Inner Unique":true,"Hash Cond":"((order_line.ol_w_id = orders.o_w_id) AND (order_line.ol_d_id = orders.o_d_id) AND (order_line.ol_o_id = orders.o_id))","Shared Hit Blocks":725870,"Shared Read Blocks":0,"Shared Dirtied Blocks":0,"Shared Written Blocks":0,"Local Hit Blocks":0,"Local Read Blocks":0,"Local Dirtied Blocks":0,"Local Written Blocks":0,"Temp Read Blocks":200672,"Temp Written Blocks":200672,"I/O Read Time":0.0,"I/O Write Time":0.0,"Temp I/O Read Time":304.329,"Temp I/O Write Time":805.666,"Plans":[{"Node Type":"Seq Scan","Parent Relationship":"Outer","Parallel Aware":false,"Async Capable":false,"Relation Name":"order_line","Schema":"public","Alias":"order_line","Startup Cost":0.0,"Total Cost":1431670.8,"Plan Rows":42039468,"Plan Width":20,"Actual Startup Time":0.006,"Actual Total Time":7355.987,"Actual Rows":42000489,"Actual Loops":1,"Output":["order_line.ol_amount","order_line.ol_o_id","order_line.ol_w_id","order_line.ol_d_id","order_line.ol_i_id"],"Filter":"(order_line.ol_delivery_d >= '1992-01-02 20:10:02.27764'::timestamp without time zone)","Rows Removed by Filter":17993272,"Shared Hit Blocks":681748,"Shared Read Blocks":0,"Shared Dirtied Blocks":0,"Shared Written Blocks":0,"Local Hit Blocks":0,"Local Read Blocks":0,"Local Dirtied Blocks":0,"Local Written Blocks":0,"Temp Read Blocks":0,"Temp Written Blocks":0,"I/O Read Time":0.0,"I/O Write Time":0.0,"Temp I/O Read Time":0.0,"Temp I/O Write Time":0.0},{"Node Type":"Hash","Parent Relationship":"Inner","Parallel Aware":false,"Async Capable":false,"Startup Cost":134121.52,"Total Cost":134121.52,"Plan Rows":879322,"Plan Width":16,"Actual Startup Time":586.084,"Actual Total Time":586.089,"Actual Rows":856801,"Actual Loops":1,"Output":["orders.o_c_id","orders.o_w_id","orders.o_d_id","orders.o_id"],"Hash Buckets":262144,"Original Hash Buckets":262144,"Hash Batches":8,"Original Hash Batches":8,"Peak Memory Usage":7070,"Shared Hit Blocks":44122,"Shared Read Blocks":0,"Shared Dirtied Blocks":0,"Shared Written Blocks":0,"Local Hit Blocks":0,"Local Read Blocks":0,"Local Dirtied Blocks":0,"Local Written Blocks":0,"Temp Read Blocks":0,"Temp Written Blocks":3290,"I/O Read Time":0.0,"I/O Write Time":0.0,"Temp I/O Read Time":0.0,"Temp I/O Write Time":14.83,"Plans":[{"Node Type":"Seq Scan","Parent Relationship":"Outer","Parallel Aware":false,"Async Capable":false,"Relation Name":"orders","Schema":"public","Alias":"orders","Startup Cost":0.0,"Total Cost":134121.52,"Plan Rows":879322,"Plan Width":16,"Actual Startup Time":0.607,"Actual Total Time":438.351,"Actual Rows":856801,"Actual Loops":1,"Output":["orders.o_c_id","orders.o_w_id","orders.o_d_id","orders.o_id"],"Filter":"((orders.o_entry_d >= '1993-01-02 20:10:02.27764'::timestamp without time zone) AND (orders.o_entry_d < '1994-01-02 20:10:02.27764'::timestamp without time zone))","Rows Removed by Filter":5143199,"Shared Hit Blocks":44122,"Shared Read Blocks":0,"Shared Dirtied Blocks":0,"Shared Written Blocks":0,"Local Hit Blocks":0,"Local Read Blocks":0,"Local Dirtied Blocks":0,"Local Written Blocks":0,"Temp Read Blocks":0,"Temp Written Blocks":0,"I/O Read Time":0.0,"I/O Write Time":0.0,"Temp I/O Read Time":0.0,"Temp I/O Write Time":0.0}]}]},{"Node Type":"Hash","Parent Relationship":"Inner","Parallel Aware":false,"Async Capable":false,"Startup Cost":509795.49,"Total Cost":509795.49,"Plan Rows":6000140,"Plan Width":12,"Actual Startup Time":2329.562,"Actual Total Time":2329.569,"Actual Rows":6000000,"Actual Loops":1,"Output":["customer.c_id","customer.c_w_id","customer.c_d_id","customer.c_nationkey"],"Hash Buckets":262144,"Original Hash Buckets":262144,"Hash Batches":64,"Original Hash Batches":64,"Peak Memory Usage":6073,"Shared Hit Blocks":0,"Shared Read Blocks":0,"Shared Dirtied Blocks":0,"Shared Written Blocks":0,"Local Hit Blocks":0,"Local Read Blocks":0,"Local Dirtied Blocks":0,"Local Written Blocks":0,"Temp Read Blocks":0,"Temp Written Blocks":23037,"I/O Read Time":0.0,"I/O Write Time":0.0,"Temp I/O Read Time":0.0,"Temp I/O Write Time":101.713,"Plans":[{"Node Type":"Append","Parent Relationship":"Outer","Parallel Aware":false,"Async Capable":false,"Startup Cost":20.0,"Total Cost":509795.49,"Plan Rows":6000140,"Plan Width":12,"Actual Startup Time":0.045,"Actual Total Time":1323.993,"Actual Rows":6000000,"Actual Loops":1,"Shared Hit Blocks":0,"Shared Read Blocks":0,"Shared Dirtied Blocks":0,"Shared Written Blocks":0,"Local Hit Blocks":0,"Local Read Blocks":0,"Local Dirtied Blocks":0,"Local Written Blocks":0,"Temp Read Blocks":0,"Temp Written Blocks":0,"I/O Read Time":0.0,"I/O Write Time":0.0,"Temp I/O Read Time":0.0,"Temp I/O Write Time":0.0,"Subplans Removed":0,"Plans":[{"Node Type":"Custom Scan","Parent Relationship":"Member","Custom Plan Provider":"columnar scan","Parallel Aware":false,"Async Capable":false,"Relation Name":"customer","Schema":"public","Alias":"customer","Startup Cost":20.0,"Total Cost":141020.06,"Plan Rows":6000000,"Plan Width":12,"Actual Startup Time":0.042,"Actual Total Time":895.941,"Actual Rows":6000000,"Actual Loops":1,"Output":["customer.c_id","customer.c_w_id","customer.c_d_id","customer.c_nationkey"],"Rows Removed by Columnar Filter":0,"Columnar cache search mode":"native","Shared Hit Blocks":0,"Shared Read Blocks":0,"Shared Dirtied Blocks":0,"Shared Written Blocks":0,"Local Hit Blocks":0,"Local Read Blocks":0,"Local Dirtied Blocks":0,"Local Written Blocks":0,"Temp Read Blocks":0,"Temp Written Blocks":0,"I/O Read Time":0.0,"I/O Write Time":0.0,"Temp I/O Read Time":0.0,"Temp I/O Write Time":0.0},{"Node Type":"Seq Scan","Parent Relationship":"Member","Parallel Aware":false,"Async Capable":false,"Relation Name":"customer","Schema":"public","Alias":"customer","Startup Cost":0.0,"Total Cost":5.4,"Plan Rows":140,"Plan Width":12,"Actual Startup Time":0.0,"Actual Total Time":0.0,"Actual Rows":0,"Actual Loops":0,"Output":["customer.c_id","customer.c_w_id","customer.c_d_id","customer.c_nationkey"],"Shared Hit Blocks":0,"Shared Read Blocks":0,"Shared Dirtied Blocks":0,"Shared Written Blocks":0,"Local Hit Blocks":0,"Local Read Blocks":0,"Local Dirtied Blocks":0,"Local Written Blocks":0,"Temp Read Blocks":0,"Temp Written Blocks":0,"I/O Read Time":0.0,"I/O Write Time":0.0,"Temp I/O Read Time":0.0,"Temp I/O Write Time":0.0}]}]}]},{"Node Type":"Hash","Parent Relationship":"Inner","Parallel Aware":false,"Async Capable":false,"Startup Cost":2.99,"Total Cost":2.99,"Plan Rows":12,"Plan Width":12,"Actual Startup Time":0.044,"Actual Total Time":0.047,"Actual Rows":22,"Actual Loops":1,"Output":["nation.n_name","nation.n_nationkey"],"Hash Buckets":1024,"Original Hash Buckets":1024,"Hash Batches":1,"Original Hash Batches":1,"Peak Memory Usage":9,"Shared Hit Blocks":2,"Shared Read Blocks":0,"Shared Dirtied Blocks":0,"Shared Written Blocks":0,"Local Hit Blocks":0,"Local Read Blocks":0,"Local Dirtied Blocks":0,"Local Written Blocks":0,"Temp Read Blocks":0,"Temp Written Blocks":0,"I/O Read Time":0.0,"I/O Write Time":0.0,"Temp I/O Read Time":0.0,"Temp I/O Write Time":0.0,"Plans":[{"Node Type":"Hash Join","Parent Relationship":"Outer","Parallel Aware":false,"Async Capable":false,"Join Type":"Inner","Startup Cost":1.07,"Total Cost":2.99,"Plan Rows":12,"Plan Width":12,"Actual Startup Time":0.026,"Actual Total Time":0.041,"Actual Rows":22,"Actual Loops":1,"Output":["nation.n_name","nation.n_nationkey"],"Inner Unique":true,"Hash Cond":"(nation.n_regionkey = region.r_regionkey)","Shared Hit Blocks":2,"Shared Read Blocks":0,"Shared Dirtied Blocks":0,"Shared Written Blocks":0,"Local Hit Blocks":0,"Local Read Blocks":0,"Local Dirtied Blocks":0,"Local Written Blocks":0,"Temp Read Blocks":0,"Temp Written Blocks":0,"I/O Read Time":0.0,"I/O Write Time":0.0,"Temp I/O Read Time":0.0,"Temp I/O Write Time":0.0,"Plans":[{"Node Type":"Seq Scan","Parent Relationship":"Outer","Parallel Aware":false,"Async Capable":false,"Relation Name":"nation","Schema":"public","Alias":"nation","Startup Cost":0.0,"Total Cost":1.62,"Plan Rows":62,"Plan Width":16,"Actual Startup Time":0.005,"Actual Total Time":0.008,"Actual Rows":62,"Actual Loops":1,"Output":["nation.n_nationkey","nation.n_name","nation.n_regionkey","nation.n_comment"],"Shared Hit Blocks":1,"Shared Read Blocks":0,"Shared Dirtied Blocks":0,"Shared Written Blocks":0,"Local Hit Blocks":0,"Local Read Blocks":0,"Local Dirtied Blocks":0,"Local Written Blocks":0,"Temp Read Blocks":0,"Temp Written Blocks":0,"I/O Read Time":0.0,"I/O Write Time":0.0,"Temp I/O Read Time":0.0,"Temp I/O Write Time":0.0},{"Node Type":"Hash","Parent Relationship":"Inner","Parallel Aware":false,"Async Capable":false,"Startup Cost":1.06,"Total Cost":1.06,"Plan Rows":1,"Plan Width":4,"Actual Startup Time":0.008,"Actual Total Time":0.008,"Actual Rows":1,"Actual Loops":1,"Output":["region.r_regionkey"],"Hash Buckets":1024,"Original Hash Buckets":1024,"Hash Batches":1,"Original Hash Batches":1,"Peak Memory Usage":9,"Shared Hit Blocks":1,"Shared Read Blocks":0,"Shared Dirtied Blocks":0,"Shared Written Blocks":0,"Local Hit Blocks":0,"Local Read Blocks":0,"Local Dirtied Blocks":0,"Local Written Blocks":0,"Temp Read Blocks":0,"Temp Written Blocks":0,"I/O Read Time":0.0,"I/O Write Time":0.0,"Temp I/O Read Time":0.0,"Temp I/O Write Time":0.0,"Plans":[{"Node Type":"Seq Scan","Parent Relationship":"Outer","Parallel Aware":false,"Async Capable":false,"Relation Name":"region","Schema":"public","Alias":"region","Startup Cost":0.0,"Total Cost":1.06,"Plan Rows":1,"Plan Width":4,"Actual Startup Time":0.006,"Actual Total Time":0.006,"Actual Rows":1,"Actual Loops":1,"Output":["region.r_regionkey"],"Filter":"((region.r_name)::text = 'Europe'::text)","Rows Removed by Filter":4,"Shared Hit Blocks":1,"Shared Read Blocks":0,"Shared Dirtied Blocks":0,"Shared Written Blocks":0,"Local Hit Blocks":0,"Local Read Blocks":0,"Local Dirtied Blocks":0,"Local Written Blocks":0,"Temp Read Blocks":0,"Temp Written Blocks":0,"I/O Read Time":0.0,"I/O Write Time":0.0,"Temp I/O Read Time":0.0,"Temp I/O Write Time":0.0}]}]}]}]}]},{"Node Type":"Index Only Scan","Parent Relationship":"Inner","Parallel Aware":false,"Async Capable":false,"Scan Direction":"Forward","Index Name":"stock_pk","Relation Name":"stock","Schema":"public","Alias":"stock","Startup Cost":0.44,"Total Cost":519363.62,"Plan Rows":20000212,"Plan Width":6,"Actual Startup Time":0.048,"Actual Total Time":1405.331,"Actual Rows":19999994,"Actual Loops":1,"Output":["stock.s_w_id","stock.s_i_id"],"Heap Fetches":0,"Shared Hit Blocks":54673,"Shared Read Blocks":0,"Shared Dirtied Blocks":0,"Shared Written Blocks":0,"Local Hit Blocks":0,"Local Read Blocks":0,"Local Dirtied Blocks":0,"Local Written Blocks":0,"Temp Read Blocks":0,"Temp Written Blocks":0,"I/O Read Time":0.0,"I/O Write Time":0.0,"Temp I/O Read Time":0.0,"Temp I/O Write Time":0.0}]},{"Node Type":"Hash","Parent Relationship":"Inner","Parallel Aware":false,"Async Capable":false,"Startup Cost":317.0,"Total Cost":317.0,"Plan Rows":10000,"Plan Width":8,"Actual Startup Time":2.592,"Actual Total Time":2.593,"Actual Rows":10000,"Actual Loops":1,"Output":["supplier.su_suppkey","supplier.su_nationkey"],"Hash Buckets":16384,"Original Hash Buckets":16384,"Hash Batches":1,"Original Hash Batches":1,"Peak Memory Usage":519,"Shared Hit Blocks":217,"Shared Read Blocks":0,"Shared Dirtied Blocks":0,"Shared Written Blocks":0,"Local Hit Blocks":0,"Local Read Blocks":0,"Local Dirtied Blocks":0,"Local Written Blocks":0,"Temp Read Blocks":0,"Temp Written Blocks":0,"I/O Read Time":0.0,"I/O Write Time":0.0,"Temp I/O Read Time":0.0,"Temp I/O Write Time":0.0,"Plans":[{"Node Type":"Seq Scan","Parent Relationship":"Outer","Parallel Aware":false,"Async Capable":false,"Relation Name":"supplier","Schema":"public","Alias":"supplier","Startup Cost":0.0,"Total Cost":317.0,"Plan Rows":10000,"Plan Width":8,"Actual Startup Time":0.01,"Actual Total Time":1.317,"Actual Rows":10000,"Actual Loops":1,"Output":["supplier.su_suppkey","supplier.su_nationkey"],"Shared Hit Blocks":217,"Shared Read Blocks":0,"Shared Dirtied Blocks":0,"Shared Written Blocks":0,"Local Hit Blocks":0,"Local Read Blocks":0,"Local Dirtied Blocks":0,"Local Written Blocks":0,"Temp Read Blocks":0,"Temp Written Blocks":0,"I/O Read Time":0.0,"I/O Write Time":0.0,"Temp I/O Read Time":0.0,"Temp I/O Write Time":0.0}]}]}]}]}]},"Planning":{"Shared Hit Blocks":220,"Shared Read Blocks":0,"Shared Dirtied Blocks":0,"Shared Written Blocks":0,"Local Hit Blocks":0,"Local Read Blocks":0,"Local Dirtied Blocks":0,"Local Written Blocks":0,"Temp Read Blocks":0,"Temp Written Blocks":0,"I/O Read Time":0.0,"I/O Write Time":0.0,"Temp I/O Read Time":0.0,"Temp I/O Write Time":0.0},"Planning Time":5.037,"Triggers":[],"Execution Time":34363.796}]
[列存组合]: customer, nation, stock
[{"Plan":{"Node Type":"Sort","Parallel Aware":false,"Async Capable":false,"Startup Cost":4076179.91,"Total Cost":4076180.07,"Plan Rows":62,"Plan Width":40,"Actual Startup Time":34299.882,"Actual Total Time":34299.911,"Actual Rows":11,"Actual Loops":1,"Output":["nation.n_name","(sum(order_line.ol_amount))"],"Sort Key":["(sum(order_line.ol_amount)) DESC"],"Sort Method":"quicksort","Sort Space Used":25,"Sort Space Type":"Memory","Shared Hit Blocks":780762,"Shared Read Blocks":0,"Shared Dirtied Blocks":0,"Shared Written Blocks":0,"Local Hit Blocks":0,"Local Read Blocks":0,"Local Dirtied Blocks":0,"Local Written Blocks":0,"Temp Read Blocks":288611,"Temp Written Blocks":288665,"I/O Read Time":0.0,"I/O Write Time":0.0,"Temp I/O Read Time":442.176,"Temp I/O Write Time":1170.773,"Plans":[{"Node Type":"Aggregate","Strategy":"Sorted","Partial Mode":"Simple","Parent Relationship":"Outer","Parallel Aware":false,"Async Capable":false,"Startup Cost":4076026.27,"Total Cost":4076178.06,"Plan Rows":62,"Plan Width":40,"Actual Startup Time":34293.822,"Actual Total Time":34299.894,"Actual Rows":11,"Actual Loops":1,"Output":["nation.n_name","sum(order_line.ol_amount)"],"Group Key":["nation.n_name"],"Shared Hit Blocks":780762,"Shared Read Blocks":0,"Shared Dirtied Blocks":0,"Shared Written Blocks":0,"Local Hit Blocks":0,"Local Read Blocks":0,"Local Dirtied Blocks":0,"Local Written Blocks":0,"Temp Read Blocks":288611,"Temp Written Blocks":288665,"I/O Read Time":0.0,"I/O Write Time":0.0,"Temp I/O Read Time":442.176,"Temp I/O Write Time":1170.773,"Plans":[{"Node Type":"Sort","Parent Relationship":"Outer","Parallel Aware":false,"Async Capable":false,"Startup Cost":4076026.27,"Total Cost":4076076.61,"Plan Rows":20136,"Plan Width":12,"Actual Startup Time":34293.37,"Actual Total Time":34295.275,"Actual Rows":35044,"Actual Loops":1,"Output":["nation.n_name","order_line.ol_amount"],"Sort Key":["nation.n_name"],"Sort Method":"quicksort","Sort Space Used":3146,"Sort Space Type":"Memory","Shared Hit Blocks":780762,"Shared Read Blocks":0,"Shared Dirtied Blocks":0,"Shared Written Blocks":0,"Local Hit Blocks":0,"Local Read Blocks":0,"Local Dirtied Blocks":0,"Local Written Blocks":0,"Temp Read Blocks":288611,"Temp Written Blocks":288665,"I/O Read Time":0.0,"I/O Write Time":0.0,"Temp I/O Read Time":442.176,"Temp I/O Write Time":1170.773,"Plans":[{"Node Type":"Hash Join","Parent Relationship":"Outer","Parallel Aware":false,"Async Capable":false,"Join Type":"Inner","Startup Cost":3426718.82,"Total Cost":4074586.8,"Plan Rows":20136,"Plan Width":12,"Actual Startup Time":30366.129,"Actual Total Time":34274.381,"Actual Rows":35044,"Actual Loops":1,"Output":["nation.n_name","order_line.ol_amount"],"Inner Unique":true,"Hash Cond":"((mod((stock.s_w_id * stock.s_i_id), 10000) = supplier.su_suppkey) AND (customer.c_nationkey = supplier.su_nationkey))","Shared Hit Blocks":780762,"Shared Read Blocks":0,"Shared Dirtied Blocks":0,"Shared Written Blocks":0,"Local Hit Blocks":0,"Local Read Blocks":0,"Local Dirtied Blocks":0,"Local Written Blocks":0,"Temp Read Blocks":288611,"Temp Written Blocks":288665,"I/O Read Time":0.0,"I/O Write Time":0.0,"Temp I/O Read Time":442.176,"Temp I/O Write Time":1170.773,"Plans":[{"Node Type":"Merge Join","Parent Relationship":"Outer","Parallel Aware":false,"Async Capable":false,"Join Type":"Inner","Startup Cost":3426251.82,"Total Cost":4067284.83,"Plan Rows":1242717,"Plan Width":26,"Actual Startup Time":30363.02,"Actual Total Time":33986.574,"Actual Rows":2218175,"Actual Loops":1,"Output":["customer.c_nationkey","order_line.ol_amount","stock.s_w_id","stock.s_i_id","nation.n_name","nation.n_nationkey"],"Inner Unique":true,"Merge Cond":"((customer.c_w_id = stock.s_w_id) AND (order_line.ol_i_id = stock.s_i_id))","Shared Hit Blocks":780545,"Shared Read Blocks":0,"Shared Dirtied Blocks":0,"Shared Written Blocks":0,"Local Hit Blocks":0,"Local Read Blocks":0,"Local Dirtied Blocks":0,"Local Written Blocks":0,"Temp Read Blocks":288611,"Temp Written Blocks":288665,"I/O Read Time":0.0,"I/O Write Time":0.0,"Temp I/O Read Time":442.176,"Temp I/O Write Time":1170.773,"Plans":[{"Node Type":"Sort","Parent Relationship":"Outer","Parallel Aware":false,"Async Capable":false,"Startup Cost":3426251.38,"Total Cost":3429331.92,"Plan Rows":1232214,"Plan Width":30,"Actual Startup Time":30362.954,"Actual Total Time":30959.164,"Actual Rows":2218175,"Actual Loops":1,"Output":["customer.c_w_id","customer.c_nationkey","orders.o_w_id","order_line.ol_amount","order_line.ol_w_id","order_line.ol_i_id","nation.n_name","nation.n_nationkey"],"Sort Key":["customer.c_w_id","order_line.ol_i_id"],"Sort Method":"external merge","Sort Space Used":94520,"Sort Space Type":"Disk","Shared Hit Blocks":725872,"Shared Read Blocks":0,"Shared Dirtied Blocks":0,"Shared Written Blocks":0,"Local Hit Blocks":0,"Local Read Blocks":0,"Local Dirtied Blocks":0,"Local Written Blocks":0,"Temp Read Blocks":288611,"Temp Written Blocks":288665,"I/O Read Time":0.0,"I/O Write Time":0.0,"Temp I/O Read Time":442.176,"Temp I/O Write Time":1170.773,"Plans":[{"Node Type":"Hash Join","Parent Relationship":"Outer","Parallel Aware":false,"Async Capable":false,"Join Type":"Inner","Startup Cost":797902.74,"Total Cost":3242627.55,"Plan Rows":1232214,"Plan Width":30,"Actual Startup Time":2957.33,"Actual Total Time":27733.764,"Actual Rows":2218175,"Actual Loops":1,"Output":["customer.c_w_id","customer.c_nationkey","orders.o_w_id","order_line.ol_amount","order_line.ol_w_id","order_line.ol_i_id","nation.n_name","nation.n_nationkey"],"Inner Unique":false,"Hash Cond":"(customer.c_nationkey = nation.n_nationkey)","Shared Hit Blocks":725872,"Shared Read Blocks":0,"Shared Dirtied Blocks":0,"Shared Written Blocks":0,"Local Hit Blocks":0,"Local Read Blocks":0,"Local Dirtied Blocks":0,"Local Written Blocks":0,"Temp Read Blocks":264991,"Temp Written Blocks":264991,"I/O Read Time":0.0,"I/O Write Time":0.0,"Temp I/O Read Time":406.571,"Temp I/O Write Time":1108.278,"Plans":[{"Node Type":"Hash Join","Parent Relationship":"Outer","Parallel Aware":false,"Async Capable":false,"Join Type":"Inner","Startup Cost":797899.6,"Total Cost":3207595.75,"Plan Rows":6161071,"Plan Width":18,"Actual Startup Time":2949.53,"Actual Total Time":26892.737,"Actual Rows":8568663,"Actual Loops":1,"Output":["customer.c_w_id","customer.c_nationkey","orders.o_w_id","order_line.ol_amount","order_line.ol_w_id","order_line.ol_i_id"],"Inner Unique":true,"Hash Cond":"((orders.o_c_id = customer.c_id) AND (orders.o_w_id = customer.c_w_id) AND (orders.o_d_id = customer.c_d_id))","Shared Hit Blocks":725870,"Shared Read Blocks":0,"Shared Dirtied Blocks":0,"Shared Written Blocks":0,"Local Hit Blocks":0,"Local Read Blocks":0,"Local Dirtied Blocks":0,"Local Written Blocks":0,"Temp Read Blocks":264991,"Temp Written Blocks":264991,"I/O Read Time":0.0,"I/O Write Time":0.0,"Temp I/O Read Time":406.571,"Temp I/O Write Time":1108.278,"Plans":[{"Node Type":"Hash Join","Parent Relationship":"Outer","Parallel Aware":false,"Async Capable":false,"Join Type":"Inner","Startup Cost":153803.65,"Total Cost":2413481.36,"Plan Rows":6161071,"Plan Width":20,"Actual Startup Time":619.048,"Actual Total Time":20242.622,"Actual Rows":8568663,"Actual Loops":1,"Output":["orders.o_c_id","orders.o_w_id","orders.o_d_id","order_line.ol_amount","order_line.ol_w_id","order_line.ol_d_id","order_line.ol_i_id"],"Inner Unique":true,"Hash Cond":"((order_line.ol_w_id = orders.o_w_id) AND (order_line.ol_d_id = orders.o_d_id) AND (order_line.ol_o_id = orders.o_id))","Shared Hit Blocks":725870,"Shared Read Blocks":0,"Shared Dirtied Blocks":0,"Shared Written Blocks":0,"Local Hit Blocks":0,"Local Read Blocks":0,"Local Dirtied Blocks":0,"Local Written Blocks":0,"Temp Read Blocks":200672,"Temp Written Blocks":200672,"I/O Read Time":0.0,"I/O Write Time":0.0,"Temp I/O Read Time":305.29,"Temp I/O Write Time":805.422,"Plans":[{"Node Type":"Seq Scan","Parent Relationship":"Outer","Parallel Aware":false,"Async Capable":false,"Relation Name":"order_line","Schema":"public","Alias":"order_line","Startup Cost":0.0,"Total Cost":1431670.8,"Plan Rows":42039468,"Plan Width":20,"Actual Startup Time":0.007,"Actual Total Time":7355.78,"Actual Rows":42000489,"Actual Loops":1,"Output":["order_line.ol_amount","order_line.ol_o_id","order_line.ol_w_id","order_line.ol_d_id","order_line.ol_i_id"],"Filter":"(order_line.ol_delivery_d >= '1992-01-02 20:10:02.27764'::timestamp without time zone)","Rows Removed by Filter":17993272,"Shared Hit Blocks":681748,"Shared Read Blocks":0,"Shared Dirtied Blocks":0,"Shared Written Blocks":0,"Local Hit Blocks":0,"Local Read Blocks":0,"Local Dirtied Blocks":0,"Local Written Blocks":0,"Temp Read Blocks":0,"Temp Written Blocks":0,"I/O Read Time":0.0,"I/O Write Time":0.0,"Temp I/O Read Time":0.0,"Temp I/O Write Time":0.0},{"Node Type":"Hash","Parent Relationship":"Inner","Parallel Aware":false,"Async Capable":false,"Startup Cost":134121.52,"Total Cost":134121.52,"Plan Rows":879322,"Plan Width":16,"Actual Startup Time":584.743,"Actual Total Time":584.749,"Actual Rows":856801,"Actual Loops":1,"Output":["orders.o_c_id","orders.o_w_id","orders.o_d_id","orders.o_id"],"Hash Buckets":262144,"Original Hash Buckets":262144,"Hash Batches":8,"Original Hash Batches":8,"Peak Memory Usage":7070,"Shared Hit Blocks":44122,"Shared Read Blocks":0,"Shared Dirtied Blocks":0,"Shared Written Blocks":0,"Local Hit Blocks":0,"Local Read Blocks":0,"Local Dirtied Blocks":0,"Local Written Blocks":0,"Temp Read Blocks":0,"Temp Written Blocks":3290,"I/O Read Time":0.0,"I/O Write Time":0.0,"Temp I/O Read Time":0.0,"Temp I/O Write Time":15.484,"Plans":[{"Node Type":"Seq Scan","Parent Relationship":"Outer","Parallel Aware":false,"Async Capable":false,"Relation Name":"orders","Schema":"public","Alias":"orders","Startup Cost":0.0,"Total Cost":134121.52,"Plan Rows":879322,"Plan Width":16,"Actual Startup Time":0.595,"Actual Total Time":435.806,"Actual Rows":856801,"Actual Loops":1,"Output":["orders.o_c_id","orders.o_w_id","orders.o_d_id","orders.o_id"],"Filter":"((orders.o_entry_d >= '1993-01-02 20:10:02.27764'::timestamp without time zone) AND (orders.o_entry_d < '1994-01-02 20:10:02.27764'::timestamp without time zone))","Rows Removed by Filter":5143199,"Shared Hit Blocks":44122,"Shared Read Blocks":0,"Shared Dirtied Blocks":0,"Shared Written Blocks":0,"Local Hit Blocks":0,"Local Read Blocks":0,"Local Dirtied Blocks":0,"Local Written Blocks":0,"Temp Read Blocks":0,"Temp Written Blocks":0,"I/O Read Time":0.0,"I/O Write Time":0.0,"Temp I/O Read Time":0.0,"Temp I/O Write Time":0.0}]}]},{"Node Type":"Hash","Parent Relationship":"Inner","Parallel Aware":false,"Async Capable":false,"Startup Cost":509795.49,"Total Cost":509795.49,"Plan Rows":6000140,"Plan Width":12,"Actual Startup Time":2323.404,"Actual Total Time":2323.412,"Actual Rows":6000000,"Actual Loops":1,"Output":["customer.c_id","customer.c_w_id","customer.c_d_id","customer.c_nationkey"],"Hash Buckets":262144,"Original Hash Buckets":262144,"Hash Batches":64,"Original Hash Batches":64,"Peak Memory Usage":6073,"Shared Hit Blocks":0,"Shared Read Blocks":0,"Shared Dirtied Blocks":0,"Shared Written Blocks":0,"Local Hit Blocks":0,"Local Read Blocks":0,"Local Dirtied Blocks":0,"Local Written Blocks":0,"Temp Read Blocks":0,"Temp Written Blocks":23037,"I/O Read Time":0.0,"I/O Write Time":0.0,"Temp I/O Read Time":0.0,"Temp I/O Write Time":105.069,"Plans":[{"Node Type":"Append","Parent Relationship":"Outer","Parallel Aware":false,"Async Capable":false,"Startup Cost":20.0,"Total Cost":509795.49,"Plan Rows":6000140,"Plan Width":12,"Actual Startup Time":0.036,"Actual Total Time":1313.188,"Actual Rows":6000000,"Actual Loops":1,"Shared Hit Blocks":0,"Shared Read Blocks":0,"Shared Dirtied Blocks":0,"Shared Written Blocks":0,"Local Hit Blocks":0,"Local Read Blocks":0,"Local Dirtied Blocks":0,"Local Written Blocks":0,"Temp Read Blocks":0,"Temp Written Blocks":0,"I/O Read Time":0.0,"I/O Write Time":0.0,"Temp I/O Read Time":0.0,"Temp I/O Write Time":0.0,"Subplans Removed":0,"Plans":[{"Node Type":"Custom Scan","Parent Relationship":"Member","Custom Plan Provider":"columnar scan","Parallel Aware":false,"Async Capable":false,"Relation Name":"customer","Schema":"public","Alias":"customer","Startup Cost":20.0,"Total Cost":141020.06,"Plan Rows":6000000,"Plan Width":12,"Actual Startup Time":0.035,"Actual Total Time":894.114,"Actual Rows":6000000,"Actual Loops":1,"Output":["customer.c_id","customer.c_w_id","customer.c_d_id","customer.c_nationkey"],"Rows Removed by Columnar Filter":0,"Columnar cache search mode":"native","Shared Hit Blocks":0,"Shared Read Blocks":0,"Shared Dirtied Blocks":0,"Shared Written Blocks":0,"Local Hit Blocks":0,"Local Read Blocks":0,"Local Dirtied Blocks":0,"Local Written Blocks":0,"Temp Read Blocks":0,"Temp Written Blocks":0,"I/O Read Time":0.0,"I/O Write Time":0.0,"Temp I/O Read Time":0.0,"Temp I/O Write Time":0.0},{"Node Type":"Seq Scan","Parent Relationship":"Member","Parallel Aware":false,"Async Capable":false,"Relation Name":"customer","Schema":"public","Alias":"customer","Startup Cost":0.0,"Total Cost":5.4,"Plan Rows":140,"Plan Width":12,"Actual Startup Time":0.0,"Actual Total Time":0.0,"Actual Rows":0,"Actual Loops":0,"Output":["customer.c_id","customer.c_w_id","customer.c_d_id","customer.c_nationkey"],"Shared Hit Blocks":0,"Shared Read Blocks":0,"Shared Dirtied Blocks":0,"Shared Written Blocks":0,"Local Hit Blocks":0,"Local Read Blocks":0,"Local Dirtied Blocks":0,"Local Written Blocks":0,"Temp Read Blocks":0,"Temp Written Blocks":0,"I/O Read Time":0.0,"I/O Write Time":0.0,"Temp I/O Read Time":0.0,"Temp I/O Write Time":0.0}]}]}]},{"Node Type":"Hash","Parent Relationship":"Inner","Parallel Aware":false,"Async Capable":false,"Startup Cost":2.99,"Total Cost":2.99,"Plan Rows":12,"Plan Width":12,"Actual Startup Time":0.044,"Actual Total Time":0.048,"Actual Rows":22,"Actual Loops":1,"Output":["nation.n_name","nation.n_nationkey"],"Hash Buckets":1024,"Original Hash Buckets":1024,"Hash Batches":1,"Original Hash Batches":1,"Peak Memory Usage":9,"Shared Hit Blocks":2,"Shared Read Blocks":0,"Shared Dirtied Blocks":0,"Shared Written Blocks":0,"Local Hit Blocks":0,"Local Read Blocks":0,"Local Dirtied Blocks":0,"Local Written Blocks":0,"Temp Read Blocks":0,"Temp Written Blocks":0,"I/O Read Time":0.0,"I/O Write Time":0.0,"Temp I/O Read Time":0.0,"Temp I/O Write Time":0.0,"Plans":[{"Node Type":"Hash Join","Parent Relationship":"Outer","Parallel Aware":false,"Async Capable":false,"Join Type":"Inner","Startup Cost":1.07,"Total Cost":2.99,"Plan Rows":12,"Plan Width":12,"Actual Startup Time":0.026,"Actual Total Time":0.042,"Actual Rows":22,"Actual Loops":1,"Output":["nation.n_name","nation.n_nationkey"],"Inner Unique":true,"Hash Cond":"(nation.n_regionkey = region.r_regionkey)","Shared Hit Blocks":2,"Shared Read Blocks":0,"Shared Dirtied Blocks":0,"Shared Written Blocks":0,"Local Hit Blocks":0,"Local Read Blocks":0,"Local Dirtied Blocks":0,"Local Written Blocks":0,"Temp Read Blocks":0,"Temp Written Blocks":0,"I/O Read Time":0.0,"I/O Write Time":0.0,"Temp I/O Read Time":0.0,"Temp I/O Write Time":0.0,"Plans":[{"Node Type":"Seq Scan","Parent Relationship":"Outer","Parallel Aware":false,"Async Capable":false,"Relation Name":"nation","Schema":"public","Alias":"nation","Startup Cost":0.0,"Total Cost":1.62,"Plan Rows":62,"Plan Width":16,"Actual Startup Time":0.005,"Actual Total Time":0.009,"Actual Rows":62,"Actual Loops":1,"Output":["nation.n_nationkey","nation.n_name","nation.n_regionkey","nation.n_comment"],"Shared Hit Blocks":1,"Shared Read Blocks":0,"Shared Dirtied Blocks":0,"Shared Written Blocks":0,"Local Hit Blocks":0,"Local Read Blocks":0,"Local Dirtied Blocks":0,"Local Written Blocks":0,"Temp Read Blocks":0,"Temp Written Blocks":0,"I/O Read Time":0.0,"I/O Write Time":0.0,"Temp I/O Read Time":0.0,"Temp I/O Write Time":0.0},{"Node Type":"Hash","Parent Relationship":"Inner","Parallel Aware":false,"Async Capable":false,"Startup Cost":1.06,"Total Cost":1.06,"Plan Rows":1,"Plan Width":4,"Actual Startup Time":0.008,"Actual Total Time":0.009,"Actual Rows":1,"Actual Loops":1,"Output":["region.r_regionkey"],"Hash Buckets":1024,"Original Hash Buckets":1024,"Hash Batches":1,"Original Hash Batches":1,"Peak Memory Usage":9,"Shared Hit Blocks":1,"Shared Read Blocks":0,"Shared Dirtied Blocks":0,"Shared Written Blocks":0,"Local Hit Blocks":0,"Local Read Blocks":0,"Local Dirtied Blocks":0,"Local Written Blocks":0,"Temp Read Blocks":0,"Temp Written Blocks":0,"I/O Read Time":0.0,"I/O Write Time":0.0,"Temp I/O Read Time":0.0,"Temp I/O Write Time":0.0,"Plans":[{"Node Type":"Seq Scan","Parent Relationship":"Outer","Parallel Aware":false,"Async Capable":false,"Relation Name":"region","Schema":"public","Alias":"region","Startup Cost":0.0,"Total Cost":1.06,"Plan Rows":1,"Plan Width":4,"Actual Startup Time":0.007,"Actual Total Time":0.007,"Actual Rows":1,"Actual Loops":1,"Output":["region.r_regionkey"],"Filter":"((region.r_name)::text = 'Europe'::text)","Rows Removed by Filter":4,"Shared Hit Blocks":1,"Shared Read Blocks":0,"Shared Dirtied Blocks":0,"Shared Written Blocks":0,"Local Hit Blocks":0,"Local Read Blocks":0,"Local Dirtied Blocks":0,"Local Written Blocks":0,"Temp Read Blocks":0,"Temp Written Blocks":0,"I/O Read Time":0.0,"I/O Write Time":0.0,"Temp I/O Read Time":0.0,"Temp I/O Write Time":0.0}]}]}]}]}]},{"Node Type":"Index Only Scan","Parent Relationship":"Inner","Parallel Aware":false,"Async Capable":false,"Scan Direction":"Forward","Index Name":"stock_pk","Relation Name":"stock","Schema":"public","Alias":"stock","Startup Cost":0.44,"Total Cost":519363.62,"Plan Rows":20000212,"Plan Width":6,"Actual Startup Time":0.049,"Actual Total Time":1396.491,"Actual Rows":19999994,"Actual Loops":1,"Output":["stock.s_w_id","stock.s_i_id"],"Heap Fetches":0,"Shared Hit Blocks":54673,"Shared Read Blocks":0,"Shared Dirtied Blocks":0,"Shared Written Blocks":0,"Local Hit Blocks":0,"Local Read Blocks":0,"Local Dirtied Blocks":0,"Local Written Blocks":0,"Temp Read Blocks":0,"Temp Written Blocks":0,"I/O Read Time":0.0,"I/O Write Time":0.0,"Temp I/O Read Time":0.0,"Temp I/O Write Time":0.0}]},{"Node Type":"Hash","Parent Relationship":"Inner","Parallel Aware":false,"Async Capable":false,"Startup Cost":317.0,"Total Cost":317.0,"Plan Rows":10000,"Plan Width":8,"Actual Startup Time":2.676,"Actual Total Time":2.677,"Actual Rows":10000,"Actual Loops":1,"Output":["supplier.su_suppkey","supplier.su_nationkey"],"Hash Buckets":16384,"Original Hash Buckets":16384,"Hash Batches":1,"Original Hash Batches":1,"Peak Memory Usage":519,"Shared Hit Blocks":217,"Shared Read Blocks":0,"Shared Dirtied Blocks":0,"Shared Written Blocks":0,"Local Hit Blocks":0,"Local Read Blocks":0,"Local Dirtied Blocks":0,"Local Written Blocks":0,"Temp Read Blocks":0,"Temp Written Blocks":0,"I/O Read Time":0.0,"I/O Write Time":0.0,"Temp I/O Read Time":0.0,"Temp I/O Write Time":0.0,"Plans":[{"Node Type":"Seq Scan","Parent Relationship":"Outer","Parallel Aware":false,"Async Capable":false,"Relation Name":"supplier","Schema":"public","Alias":"supplier","Startup Cost":0.0,"Total Cost":317.0,"Plan Rows":10000,"Plan Width":8,"Actual Startup Time":0.011,"Actual Total Time":1.358,"Actual Rows":10000,"Actual Loops":1,"Output":["supplier.su_suppkey","supplier.su_nationkey"],"Shared Hit Blocks":217,"Shared Read Blocks":0,"Shared Dirtied Blocks":0,"Shared Written Blocks":0,"Local Hit Blocks":0,"Local Read Blocks":0,"Local Dirtied Blocks":0,"Local Written Blocks":0,"Temp Read Blocks":0,"Temp Written Blocks":0,"I/O Read Time":0.0,"I/O Write Time":0.0,"Temp I/O Read Time":0.0,"Temp I/O Write Time":0.0}]}]}]}]}]},"Planning":{"Shared Hit Blocks":220,"Shared Read Blocks":0,"Shared Dirtied Blocks":0,"Shared Written Blocks":0,"Local Hit Blocks":0,"Local Read Blocks":0,"Local Dirtied Blocks":0,"Local Written Blocks":0,"Temp Read Blocks":0,"Temp Written Blocks":0,"I/O Read Time":0.0,"I/O Write Time":0.0,"Temp I/O Read Time":0.0,"Temp I/O Write Time":0.0},"Planning Time":6.474,"Triggers":[],"Execution Time":34314.545}]
[列存组合]: customer, nation, supplier
[{"Plan":{"Node Type":"Sort","Parallel Aware":false,"Async Capable":false,"Startup Cost":4076081.94,"Total Cost":4076082.09,"Plan Rows":62,"Plan Width":40,"Actual Startup Time":34390.323,"Actual Total Time":34390.352,"Actual Rows":11,"Actual Loops":1,"Output":["nation.n_name","(sum(order_line.ol_amount))"],"Sort Key":["(sum(order_line.ol_amount)) DESC"],"Sort Method":"quicksort","Sort Space Used":25,"Sort Space Type":"Memory","Shared Hit Blocks":780545,"Shared Read Blocks":0,"Shared Dirtied Blocks":0,"Shared Written Blocks":0,"Local Hit Blocks":0,"Local Read Blocks":0,"Local Dirtied Blocks":0,"Local Written Blocks":0,"Temp Read Blocks":288611,"Temp Written Blocks":288665,"I/O Read Time":0.0,"I/O Write Time":0.0,"Temp I/O Read Time":444.052,"Temp I/O Write Time":1167.402,"Plans":[{"Node Type":"Aggregate","Strategy":"Sorted","Partial Mode":"Simple","Parent Relationship":"Outer","Parallel Aware":false,"Async Capable":false,"Startup Cost":4075928.3,"Total Cost":4076080.09,"Plan Rows":62,"Plan Width":40,"Actual Startup Time":34384.373,"Actual Total Time":34390.334,"Actual Rows":11,"Actual Loops":1,"Output":["nation.n_name","sum(order_line.ol_amount)"],"Group Key":["nation.n_name"],"Shared Hit Blocks":780545,"Shared Read Blocks":0,"Shared Dirtied Blocks":0,"Shared Written Blocks":0,"Local Hit Blocks":0,"Local Read Blocks":0,"Local Dirtied Blocks":0,"Local Written Blocks":0,"Temp Read Blocks":288611,"Temp Written Blocks":288665,"I/O Read Time":0.0,"I/O Write Time":0.0,"Temp I/O Read Time":444.052,"Temp I/O Write Time":1167.402,"Plans":[{"Node Type":"Sort","Parent Relationship":"Outer","Parallel Aware":false,"Async Capable":false,"Startup Cost":4075928.3,"Total Cost":4075978.64,"Plan Rows":20136,"Plan Width":12,"Actual Startup Time":34383.934,"Actual Total Time":34385.805,"Actual Rows":35044,"Actual Loops":1,"Output":["nation.n_name","order_line.ol_amount"],"Sort Key":["nation.n_name"],"Sort Method":"quicksort","Sort Space Used":3146,"Sort Space Type":"Memory","Shared Hit Blocks":780545,"Shared Read Blocks":0,"Shared Dirtied Blocks":0,"Shared Written Blocks":0,"Local Hit Blocks":0,"Local Read Blocks":0,"Local Dirtied Blocks":0,"Local Written Blocks":0,"Temp Read Blocks":288611,"Temp Written Blocks":288665,"I/O Read Time":0.0,"I/O Write Time":0.0,"Temp I/O Read Time":444.052,"Temp I/O Write Time":1167.402,"Plans":[{"Node Type":"Hash Join","Parent Relationship":"Outer","Parallel Aware":false,"Async Capable":false,"Join Type":"Inner","Startup Cost":3426620.85,"Total Cost":4074488.82,"Plan Rows":20136,"Plan Width":12,"Actual Startup Time":30415.474,"Actual Total Time":34364.937,"Actual Rows":35044,"Actual Loops":1,"Output":["nation.n_name","order_line.ol_amount"],"Inner Unique":true,"Hash Cond":"((mod((stock.s_w_id * stock.s_i_id), 10000) = supplier.su_suppkey) AND (customer.c_nationkey = supplier.su_nationkey))","Shared Hit Blocks":780545,"Shared Read Blocks":0,"Shared Dirtied Blocks":0,"Shared Written Blocks":0,"Local Hit Blocks":0,"Local Read Blocks":0,"Local Dirtied Blocks":0,"Local Written Blocks":0,"Temp Read Blocks":288611,"Temp Written Blocks":288665,"I/O Read Time":0.0,"I/O Write Time":0.0,"Temp I/O Read Time":444.052,"Temp I/O Write Time":1167.402,"Plans":[{"Node Type":"Merge Join","Parent Relationship":"Outer","Parallel Aware":false,"Async Capable":false,"Join Type":"Inner","Startup Cost":3426251.82,"Total Cost":4067284.83,"Plan Rows":1242717,"Plan Width":26,"Actual Startup Time":30411.754,"Actual Total Time":34080.839,"Actual Rows":2218175,"Actual Loops":1,"Output":["customer.c_nationkey","order_line.ol_amount","stock.s_w_id","stock.s_i_id","nation.n_name","nation.n_nationkey"],"Inner Unique":true,"Merge Cond":"((customer.c_w_id = stock.s_w_id) AND (order_line.ol_i_id = stock.s_i_id))","Shared Hit Blocks":780545,"Shared Read Blocks":0,"Shared Dirtied Blocks":0,"Shared Written Blocks":0,"Local Hit Blocks":0,"Local Read Blocks":0,"Local Dirtied Blocks":0,"Local Written Blocks":0,"Temp Read Blocks":288611,"Temp Written Blocks":288665,"I/O Read Time":0.0,"I/O Write Time":0.0,"Temp I/O Read Time":444.052,"Temp I/O Write Time":1167.402,"Plans":[{"Node Type":"Sort","Parent Relationship":"Outer","Parallel Aware":false,"Async Capable":false,"Startup Cost":3426251.38,"Total Cost":3429331.92,"Plan Rows":1232214,"Plan Width":30,"Actual Startup Time":30411.671,"Actual Total Time":31007.035,"Actual Rows":2218175,"Actual Loops":1,"Output":["customer.c_w_id","customer.c_nationkey","orders.o_w_id","order_line.ol_amount","order_line.ol_w_id","order_line.ol_i_id","nation.n_name","nation.n_nationkey"],"Sort Key":["customer.c_w_id","order_line.ol_i_id"],"Sort Method":"external merge","Sort Space Used":94520,"Sort Space Type":"Disk","Shared Hit Blocks":725872,"Shared Read Blocks":0,"Shared Dirtied Blocks":0,"Shared Written Blocks":0,"Local Hit Blocks":0,"Local Read Blocks":0,"Local Dirtied Blocks":0,"Local Written Blocks":0,"Temp Read Blocks":288611,"Temp Written Blocks":288665,"I/O Read Time":0.0,"I/O Write Time":0.0,"Temp I/O Read Time":444.052,"Temp I/O Write Time":1167.402,"Plans":[{"Node Type":"Hash Join","Parent Relationship":"Outer","Parallel Aware":false,"Async Capable":false,"Join Type":"Inner","Startup Cost":797902.74,"Total Cost":3242627.55,"Plan Rows":1232214,"Plan Width":30,"Actual Startup Time":2979.855,"Actual Total Time":27784.867,"Actual Rows":2218175,"Actual Loops":1,"Output":["customer.c_w_id","customer.c_nationkey","orders.o_w_id","order_line.ol_amount","order_line.ol_w_id","order_line.ol_i_id","nation.n_name","nation.n_nationkey"],"Inner Unique":false,"Hash Cond":"(customer.c_nationkey = nation.n_nationkey)","Shared Hit Blocks":725872,"Shared Read Blocks":0,"Shared Dirtied Blocks":0,"Shared Written Blocks":0,"Local Hit Blocks":0,"Local Read Blocks":0,"Local Dirtied Blocks":0,"Local Written Blocks":0,"Temp Read Blocks":264991,"Temp Written Blocks":264991,"I/O Read Time":0.0,"I/O Write Time":0.0,"Temp I/O Read Time":408.217,"Temp I/O Write Time":1104.423,"Plans":[{"Node Type":"Hash Join","Parent Relationship":"Outer","Parallel Aware":false,"Async Capable":false,"Join Type":"Inner","Startup Cost":797899.6,"Total Cost":3207595.75,"Plan Rows":6161071,"Plan Width":18,"Actual Startup Time":2972.042,"Actual Total Time":26942.206,"Actual Rows":8568663,"Actual Loops":1,"Output":["customer.c_w_id","customer.c_nationkey","orders.o_w_id","order_line.ol_amount","order_line.ol_w_id","order_line.ol_i_id"],"Inner Unique":true,"Hash Cond":"((orders.o_c_id = customer.c_id) AND (orders.o_w_id = customer.c_w_id) AND (orders.o_d_id = customer.c_d_id))","Shared Hit Blocks":725870,"Shared Read Blocks":0,"Shared Dirtied Blocks":0,"Shared Written Blocks":0,"Local Hit Blocks":0,"Local Read Blocks":0,"Local Dirtied Blocks":0,"Local Written Blocks":0,"Temp Read Blocks":264991,"Temp Written Blocks":264991,"I/O Read Time":0.0,"I/O Write Time":0.0,"Temp I/O Read Time":408.217,"Temp I/O Write Time":1104.423,"Plans":[{"Node Type":"Hash Join","Parent Relationship":"Outer","Parallel Aware":false,"Async Capable":false,"Join Type":"Inner","Startup Cost":153803.65,"Total Cost":2413481.36,"Plan Rows":6161071,"Plan Width":20,"Actual Startup Time":629.232,"Actual Total Time":20286.31,"Actual Rows":8568663,"Actual Loops":1,"Output":["orders.o_c_id","orders.o_w_id","orders.o_d_id","order_line.ol_amount","order_line.ol_w_id","order_line.ol_d_id","order_line.ol_i_id"],"Inner Unique":true,"Hash Cond":"((order_line.ol_w_id = orders.o_w_id) AND (order_line.ol_d_id = orders.o_d_id) AND (order_line.ol_o_id = orders.o_id))","Shared Hit Blocks":725870,"Shared Read Blocks":0,"Shared Dirtied Blocks":0,"Shared Written Blocks":0,"Local Hit Blocks":0,"Local Read Blocks":0,"Local Dirtied Blocks":0,"Local Written Blocks":0,"Temp Read Blocks":200672,"Temp Written Blocks":200672,"I/O Read Time":0.0,"I/O Write Time":0.0,"Temp I/O Read Time":307.262,"Temp I/O Write Time":804.761,"Plans":[{"Node Type":"Seq Scan","Parent Relationship":"Outer","Parallel Aware":false,"Async Capable":false,"Relation Name":"order_line","Schema":"public","Alias":"order_line","Startup Cost":0.0,"Total Cost":1431670.8,"Plan Rows":42039468,"Plan Width":20,"Actual Startup Time":0.006,"Actual Total Time":7346.324,"Actual Rows":42000489,"Actual Loops":1,"Output":["order_line.ol_amount","order_line.ol_o_id","order_line.ol_w_id","order_line.ol_d_id","order_line.ol_i_id"],"Filter":"(order_line.ol_delivery_d >= '1992-01-02 20:10:02.27764'::timestamp without time zone)","Rows Removed by Filter":17993272,"Shared Hit Blocks":681748,"Shared Read Blocks":0,"Shared Dirtied Blocks":0,"Shared Written Blocks":0,"Local Hit Blocks":0,"Local Read Blocks":0,"Local Dirtied Blocks":0,"Local Written Blocks":0,"Temp Read Blocks":0,"Temp Written Blocks":0,"I/O Read Time":0.0,"I/O Write Time":0.0,"Temp I/O Read Time":0.0,"Temp I/O Write Time":0.0},{"Node Type":"Hash","Parent Relationship":"Inner","Parallel Aware":false,"Async Capable":false,"Startup Cost":134121.52,"Total Cost":134121.52,"Plan Rows":879322,"Plan Width":16,"Actual Startup Time":595.09,"Actual Total Time":595.094,"Actual Rows":856801,"Actual Loops":1,"Output":["orders.o_c_id","orders.o_w_id","orders.o_d_id","orders.o_id"],"Hash Buckets":262144,"Original Hash Buckets":262144,"Hash Batches":8,"Original Hash Batches":8,"Peak Memory Usage":7070,"Shared Hit Blocks":44122,"Shared Read Blocks":0,"Shared Dirtied Blocks":0,"Shared Written Blocks":0,"Local Hit Blocks":0,"Local Read Blocks":0,"Local Dirtied Blocks":0,"Local Written Blocks":0,"Temp Read Blocks":0,"Temp Written Blocks":3290,"I/O Read Time":0.0,"I/O Write Time":0.0,"Temp I/O Read Time":0.0,"Temp I/O Write Time":14.878,"Plans":[{"Node Type":"Seq Scan","Parent Relationship":"Outer","Parallel Aware":false,"Async Capable":false,"Relation Name":"orders","Schema":"public","Alias":"orders","Startup Cost":0.0,"Total Cost":134121.52,"Plan Rows":879322,"Plan Width":16,"Actual Startup Time":0.612,"Actual Total Time":446.609,"Actual Rows":856801,"Actual Loops":1,"Output":["orders.o_c_id","orders.o_w_id","orders.o_d_id","orders.o_id"],"Filter":"((orders.o_entry_d >= '1993-01-02 20:10:02.27764'::timestamp without time zone) AND (orders.o_entry_d < '1994-01-02 20:10:02.27764'::timestamp without time zone))","Rows Removed by Filter":5143199,"Shared Hit Blocks":44122,"Shared Read Blocks":0,"Shared Dirtied Blocks":0,"Shared Written Blocks":0,"Local Hit Blocks":0,"Local Read Blocks":0,"Local Dirtied Blocks":0,"Local Written Blocks":0,"Temp Read Blocks":0,"Temp Written Blocks":0,"I/O Read Time":0.0,"I/O Write Time":0.0,"Temp I/O Read Time":0.0,"Temp I/O Write Time":0.0}]}]},{"Node Type":"Hash","Parent Relationship":"Inner","Parallel Aware":false,"Async Capable":false,"Startup Cost":509795.49,"Total Cost":509795.49,"Plan Rows":6000140,"Plan Width":12,"Actual Startup Time":2335.726,"Actual Total Time":2335.732,"Actual Rows":6000000,"Actual Loops":1,"Output":["customer.c_id","customer.c_w_id","customer.c_d_id","customer.c_nationkey"],"Hash Buckets":262144,"Original Hash Buckets":262144,"Hash Batches":64,"Original Hash Batches":64,"Peak Memory Usage":6073,"Shared Hit Blocks":0,"Shared Read Blocks":0,"Shared Dirtied Blocks":0,"Shared Written Blocks":0,"Local Hit Blocks":0,"Local Read Blocks":0,"Local Dirtied Blocks":0,"Local Written Blocks":0,"Temp Read Blocks":0,"Temp Written Blocks":23037,"I/O Read Time":0.0,"I/O Write Time":0.0,"Temp I/O Read Time":0.0,"Temp I/O Write Time":101.985,"Plans":[{"Node Type":"Append","Parent Relationship":"Outer","Parallel Aware":false,"Async Capable":false,"Startup Cost":20.0,"Total Cost":509795.49,"Plan Rows":6000140,"Plan Width":12,"Actual Startup Time":0.031,"Actual Total Time":1325.971,"Actual Rows":6000000,"Actual Loops":1,"Shared Hit Blocks":0,"Shared Read Blocks":0,"Shared Dirtied Blocks":0,"Shared Written Blocks":0,"Local Hit Blocks":0,"Local Read Blocks":0,"Local Dirtied Blocks":0,"Local Written Blocks":0,"Temp Read Blocks":0,"Temp Written Blocks":0,"I/O Read Time":0.0,"I/O Write Time":0.0,"Temp I/O Read Time":0.0,"Temp I/O Write Time":0.0,"Subplans Removed":0,"Plans":[{"Node Type":"Custom Scan","Parent Relationship":"Member","Custom Plan Provider":"columnar scan","Parallel Aware":false,"Async Capable":false,"Relation Name":"customer","Schema":"public","Alias":"customer","Startup Cost":20.0,"Total Cost":141020.06,"Plan Rows":6000000,"Plan Width":12,"Actual Startup Time":0.03,"Actual Total Time":895.26,"Actual Rows":6000000,"Actual Loops":1,"Output":["customer.c_id","customer.c_w_id","customer.c_d_id","customer.c_nationkey"],"Rows Removed by Columnar Filter":0,"Columnar cache search mode":"native","Shared Hit Blocks":0,"Shared Read Blocks":0,"Shared Dirtied Blocks":0,"Shared Written Blocks":0,"Local Hit Blocks":0,"Local Read Blocks":0,"Local Dirtied Blocks":0,"Local Written Blocks":0,"Temp Read Blocks":0,"Temp Written Blocks":0,"I/O Read Time":0.0,"I/O Write Time":0.0,"Temp I/O Read Time":0.0,"Temp I/O Write Time":0.0},{"Node Type":"Seq Scan","Parent Relationship":"Member","Parallel Aware":false,"Async Capable":false,"Relation Name":"customer","Schema":"public","Alias":"customer","Startup Cost":0.0,"Total Cost":5.4,"Plan Rows":140,"Plan Width":12,"Actual Startup Time":0.0,"Actual Total Time":0.0,"Actual Rows":0,"Actual Loops":0,"Output":["customer.c_id","customer.c_w_id","customer.c_d_id","customer.c_nationkey"],"Shared Hit Blocks":0,"Shared Read Blocks":0,"Shared Dirtied Blocks":0,"Shared Written Blocks":0,"Local Hit Blocks":0,"Local Read Blocks":0,"Local Dirtied Blocks":0,"Local Written Blocks":0,"Temp Read Blocks":0,"Temp Written Blocks":0,"I/O Read Time":0.0,"I/O Write Time":0.0,"Temp I/O Read Time":0.0,"Temp I/O Write Time":0.0}]}]}]},{"Node Type":"Hash","Parent Relationship":"Inner","Parallel Aware":false,"Async Capable":false,"Startup Cost":2.99,"Total Cost":2.99,"Plan Rows":12,"Plan Width":12,"Actual Startup Time":0.043,"Actual Total Time":0.048,"Actual Rows":22,"Actual Loops":1,"Output":["nation.n_name","nation.n_nationkey"],"Hash Buckets":1024,"Original Hash Buckets":1024,"Hash Batches":1,"Original Hash Batches":1,"Peak Memory Usage":9,"Shared Hit Blocks":2,"Shared Read Blocks":0,"Shared Dirtied Blocks":0,"Shared Written Blocks":0,"Local Hit Blocks":0,"Local Read Blocks":0,"Local Dirtied Blocks":0,"Local Written Blocks":0,"Temp Read Blocks":0,"Temp Written Blocks":0,"I/O Read Time":0.0,"I/O Write Time":0.0,"Temp I/O Read Time":0.0,"Temp I/O Write Time":0.0,"Plans":[{"Node Type":"Hash Join","Parent Relationship":"Outer","Parallel Aware":false,"Async Capable":false,"Join Type":"Inner","Startup Cost":1.07,"Total Cost":2.99,"Plan Rows":12,"Plan Width":12,"Actual Startup Time":0.026,"Actual Total Time":0.042,"Actual Rows":22,"Actual Loops":1,"Output":["nation.n_name","nation.n_nationkey"],"Inner Unique":true,"Hash Cond":"(nation.n_regionkey = region.r_regionkey)","Shared Hit Blocks":2,"Shared Read Blocks":0,"Shared Dirtied Blocks":0,"Shared Written Blocks":0,"Local Hit Blocks":0,"Local Read Blocks":0,"Local Dirtied Blocks":0,"Local Written Blocks":0,"Temp Read Blocks":0,"Temp Written Blocks":0,"I/O Read Time":0.0,"I/O Write Time":0.0,"Temp I/O Read Time":0.0,"Temp I/O Write Time":0.0,"Plans":[{"Node Type":"Seq Scan","Parent Relationship":"Outer","Parallel Aware":false,"Async Capable":false,"Relation Name":"nation","Schema":"public","Alias":"nation","Startup Cost":0.0,"Total Cost":1.62,"Plan Rows":62,"Plan Width":16,"Actual Startup Time":0.008,"Actual Total Time":0.012,"Actual Rows":62,"Actual Loops":1,"Output":["nation.n_nationkey","nation.n_name","nation.n_regionkey","nation.n_comment"],"Shared Hit Blocks":1,"Shared Read Blocks":0,"Shared Dirtied Blocks":0,"Shared Written Blocks":0,"Local Hit Blocks":0,"Local Read Blocks":0,"Local Dirtied Blocks":0,"Local Written Blocks":0,"Temp Read Blocks":0,"Temp Written Blocks":0,"I/O Read Time":0.0,"I/O Write Time":0.0,"Temp I/O Read Time":0.0,"Temp I/O Write Time":0.0},{"Node Type":"Hash","Parent Relationship":"Inner","Parallel Aware":false,"Async Capable":false,"Startup Cost":1.06,"Total Cost":1.06,"Plan Rows":1,"Plan Width":4,"Actual Startup Time":0.009,"Actual Total Time":0.01,"Actual Rows":1,"Actual Loops":1,"Output":["region.r_regionkey"],"Hash Buckets":1024,"Original Hash Buckets":1024,"Hash Batches":1,"Original Hash Batches":1,"Peak Memory Usage":9,"Shared Hit Blocks":1,"Shared Read Blocks":0,"Shared Dirtied Blocks":0,"Shared Written Blocks":0,"Local Hit Blocks":0,"Local Read Blocks":0,"Local Dirtied Blocks":0,"Local Written Blocks":0,"Temp Read Blocks":0,"Temp Written Blocks":0,"I/O Read Time":0.0,"I/O Write Time":0.0,"Temp I/O Read Time":0.0,"Temp I/O Write Time":0.0,"Plans":[{"Node Type":"Seq Scan","Parent Relationship":"Outer","Parallel Aware":false,"Async Capable":false,"Relation Name":"region","Schema":"public","Alias":"region","Startup Cost":0.0,"Total Cost":1.06,"Plan Rows":1,"Plan Width":4,"Actual Startup Time":0.007,"Actual Total Time":0.007,"Actual Rows":1,"Actual Loops":1,"Output":["region.r_regionkey"],"Filter":"((region.r_name)::text = 'Europe'::text)","Rows Removed by Filter":4,"Shared Hit Blocks":1,"Shared Read Blocks":0,"Shared Dirtied Blocks":0,"Shared Written Blocks":0,"Local Hit Blocks":0,"Local Read Blocks":0,"Local Dirtied Blocks":0,"Local Written Blocks":0,"Temp Read Blocks":0,"Temp Written Blocks":0,"I/O Read Time":0.0,"I/O Write Time":0.0,"Temp I/O Read Time":0.0,"Temp I/O Write Time":0.0}]}]}]}]}]},{"Node Type":"Index Only Scan","Parent Relationship":"Inner","Parallel Aware":false,"Async Capable":false,"Scan Direction":"Forward","Index Name":"stock_pk","Relation Name":"stock","Schema":"public","Alias":"stock","Startup Cost":0.44,"Total Cost":519363.62,"Plan Rows":20000212,"Plan Width":6,"Actual Startup Time":0.066,"Actual Total Time":1416.069,"Actual Rows":19999994,"Actual Loops":1,"Output":["stock.s_w_id","stock.s_i_id"],"Heap Fetches":0,"Shared Hit Blocks":54673,"Shared Read Blocks":0,"Shared Dirtied Blocks":0,"Shared Written Blocks":0,"Local Hit Blocks":0,"Local Read Blocks":0,"Local Dirtied Blocks":0,"Local Written Blocks":0,"Temp Read Blocks":0,"Temp Written Blocks":0,"I/O Read Time":0.0,"I/O Write Time":0.0,"Temp I/O Read Time":0.0,"Temp I/O Write Time":0.0}]},{"Node Type":"Hash","Parent Relationship":"Inner","Parallel Aware":false,"Async Capable":false,"Startup Cost":219.01,"Total Cost":219.01,"Plan Rows":10001,"Plan Width":8,"Actual Startup Time":3.279,"Actual Total Time":3.281,"Actual Rows":10000,"Actual Loops":1,"Output":["supplier.su_suppkey","supplier.su_nationkey"],"Hash Buckets":16384,"Original Hash Buckets":16384,"Hash Batches":1,"Original Hash Batches":1,"Peak Memory Usage":519,"Shared Hit Blocks":0,"Shared Read Blocks":0,"Shared Dirtied Blocks":0,"Shared Written Blocks":0,"Local Hit Blocks":0,"Local Read Blocks":0,"Local Dirtied Blocks":0,"Local Written Blocks":0,"Temp Read Blocks":0,"Temp Written Blocks":0,"I/O Read Time":0.0,"I/O Write Time":0.0,"Temp I/O Read Time":0.0,"Temp I/O Write Time":0.0,"Plans":[{"Node Type":"Append","Parent Relationship":"Outer","Parallel Aware":false,"Async Capable":false,"Startup Cost":20.0,"Total Cost":219.01,"Plan Rows":10001,"Plan Width":8,"Actual Startup Time":0.013,"Actual Total Time":1.819,"Actual Rows":10000,"Actual Loops":1,"Shared Hit Blocks":0,"Shared Read Blocks":0,"Shared Dirtied Blocks":0,"Shared Written Blocks":0,"Local Hit Blocks":0,"Local Read Blocks":0,"Local Dirtied Blocks":0,"Local Written Blocks":0,"Temp Read Blocks":0,"Temp Written Blocks":0,"I/O Read Time":0.0,"I/O Write Time":0.0,"Temp I/O Read Time":0.0,"Temp I/O Write Time":0.0,"Subplans Removed":0,"Plans":[{"Node Type":"Custom Scan","Parent Relationship":"Member","Custom Plan Provider":"columnar scan","Parallel Aware":false,"Async Capable":false,"Relation Name":"supplier","Schema":"public","Alias":"supplier","Startup Cost":20.0,"Total Cost":215.0,"Plan Rows":10000,"Plan Width":8,"Actual Startup Time":0.011,"Actual Total Time":1.085,"Actual Rows":10000,"Actual Loops":1,"Output":["supplier.su_suppkey","supplier.su_nationkey"],"Rows Removed by Columnar Filter":0,"Columnar cache search mode":"native","Shared Hit Blocks":0,"Shared Read Blocks":0,"Shared Dirtied Blocks":0,"Shared Written Blocks":0,"Local Hit Blocks":0,"Local Read Blocks":0,"Local Dirtied Blocks":0,"Local Written Blocks":0,"Temp Read Blocks":0,"Temp Written Blocks":0,"I/O Read Time":0.0,"I/O Write Time":0.0,"Temp I/O Read Time":0.0,"Temp I/O Write Time":0.0},{"Node Type":"Seq Scan","Parent Relationship":"Member","Parallel Aware":false,"Async Capable":false,"Relation Name":"supplier","Schema":"public","Alias":"supplier","Startup Cost":0.0,"Total Cost":4.01,"Plan Rows":1,"Plan Width":8,"Actual Startup Time":0.0,"Actual Total Time":0.0,"Actual Rows":0,"Actual Loops":0,"Output":["supplier.su_suppkey","supplier.su_nationkey"],"Shared Hit Blocks":0,"Shared Read Blocks":0,"Shared Dirtied Blocks":0,"Shared Written Blocks":0,"Local Hit Blocks":0,"Local Read Blocks":0,"Local Dirtied Blocks":0,"Local Written Blocks":0,"Temp Read Blocks":0,"Temp Written Blocks":0,"I/O Read Time":0.0,"I/O Write Time":0.0,"Temp I/O Read Time":0.0,"Temp I/O Write Time":0.0}]}]}]}]}]}]},"Planning":{"Shared Hit Blocks":220,"Shared Read Blocks":0,"Shared Dirtied Blocks":0,"Shared Written Blocks":0,"Local Hit Blocks":0,"Local Read Blocks":0,"Local Dirtied Blocks":0,"Local Written Blocks":0,"Temp Read Blocks":0,"Temp Written Blocks":0,"I/O Read Time":0.0,"I/O Write Time":0.0,"Temp I/O Read Time":0.0,"Temp I/O Write Time":0.0},"Planning Time":4.997,"Triggers":[],"Execution Time":34410.829}]
[列存组合]: customer, order_line, orders
[{"Plan":{"Node Type":"Sort","Parallel Aware":false,"Async Capable":false,"Startup Cost":4045478.12,"Total Cost":4045478.27,"Plan Rows":62,"Plan Width":40,"Actual Startup Time":20711.935,"Actual Total Time":20711.971,"Actual Rows":11,"Actual Loops":1,"Output":["nation.n_name","(sum(order_line.ol_amount))"],"Sort Key":["(sum(order_line.ol_amount)) DESC"],"Sort Method":"quicksort","Sort Space Used":25,"Sort Space Type":"Memory","Shared Hit Blocks":54892,"Shared Read Blocks":0,"Shared Dirtied Blocks":0,"Shared Written Blocks":0,"Local Hit Blocks":0,"Local Read Blocks":0,"Local Dirtied Blocks":0,"Local Written Blocks":0,"Temp Read Blocks":131755,"Temp Written Blocks":131809,"I/O Read Time":0.0,"I/O Write Time":0.0,"Temp I/O Read Time":207.121,"Temp I/O Write Time":545.676,"Plans":[{"Node Type":"Aggregate","Strategy":"Sorted","Partial Mode":"Simple","Parent Relationship":"Outer","Parallel Aware":false,"Async Capable":false,"Startup Cost":4045324.48,"Total Cost":4045476.27,"Plan Rows":62,"Plan Width":40,"Actual Startup Time":20705.991,"Actual Total Time":20711.952,"Actual Rows":11,"Actual Loops":1,"Output":["nation.n_name","sum(order_line.ol_amount)"],"Group Key":["nation.n_name"],"Shared Hit Blocks":54892,"Shared Read Blocks":0,"Shared Dirtied Blocks":0,"Shared Written Blocks":0,"Local Hit Blocks":0,"Local Read Blocks":0,"Local Dirtied Blocks":0,"Local Written Blocks":0,"Temp Read Blocks":131755,"Temp Written Blocks":131809,"I/O Read Time":0.0,"I/O Write Time":0.0,"Temp I/O Read Time":207.121,"Temp I/O Write Time":545.676,"Plans":[{"Node Type":"Sort","Parent Relationship":"Outer","Parallel Aware":false,"Async Capable":false,"Startup Cost":4045324.48,"Total Cost":4045374.82,"Plan Rows":20136,"Plan Width":12,"Actual Startup Time":20705.552,"Actual Total Time":20707.394,"Actual Rows":35044,"Actual Loops":1,"Output":["nation.n_name","order_line.ol_amount"],"Sort Key":["nation.n_name"],"Sort Method":"quicksort","Sort Space Used":3146,"Sort Space Type":"Memory","Shared Hit Blocks":54892,"Shared Read Blocks":0,"Shared Dirtied Blocks":0,"Shared Written Blocks":0,"Local Hit Blocks":0,"Local Read Blocks":0,"Local Dirtied Blocks":0,"Local Written Blocks":0,"Temp Read Blocks":131755,"Temp Written Blocks":131809,"I/O Read Time":0.0,"I/O Write Time":0.0,"Temp I/O Read Time":207.121,"Temp I/O Write Time":545.676,"Plans":[{"Node Type":"Hash Join","Parent Relationship":"Outer","Parallel Aware":false,"Async Capable":false,"Join Type":"Inner","Startup Cost":3396017.03,"Total Cost":4043885.01,"Plan Rows":20136,"Plan Width":12,"Actual Startup Time":16780.881,"Actual Total Time":20686.446,"Actual Rows":35044,"Actual Loops":1,"Output":["nation.n_name","order_line.ol_amount"],"Inner Unique":true,"Hash Cond":"((mod((stock.s_w_id * stock.s_i_id), 10000) = supplier.su_suppkey) AND (customer.c_nationkey = supplier.su_nationkey))","Shared Hit Blocks":54892,"Shared Read Blocks":0,"Shared Dirtied Blocks":0,"Shared Written Blocks":0,"Local Hit Blocks":0,"Local Read Blocks":0,"Local Dirtied Blocks":0,"Local Written Blocks":0,"Temp Read Blocks":131755,"Temp Written Blocks":131809,"I/O Read Time":0.0,"I/O Write Time":0.0,"Temp I/O Read Time":207.121,"Temp I/O Write Time":545.676,"Plans":[{"Node Type":"Merge Join","Parent Relationship":"Outer","Parallel Aware":false,"Async Capable":false,"Join Type":"Inner","Startup Cost":3395550.03,"Total Cost":4036583.03,"Plan Rows":1242717,"Plan Width":26,"Actual Startup Time":16777.875,"Actual Total Time":20403.504,"Actual Rows":2218175,"Actual Loops":1,"Output":["customer.c_nationkey","order_line.ol_amount","stock.s_w_id","stock.s_i_id","nation.n_name","nation.n_nationkey"],"Inner Unique":true,"Merge Cond":"((customer.c_w_id = stock.s_w_id) AND (order_line.ol_i_id = stock.s_i_id))","Shared Hit Blocks":54675,"Shared Read Blocks":0,"Shared Dirtied Blocks":0,"Shared Written Blocks":0,"Local Hit Blocks":0,"Local Read Blocks":0,"Local Dirtied Blocks":0,"Local Written Blocks":0,"Temp Read Blocks":131755,"Temp Written Blocks":131809,"I/O Read Time":0.0,"I/O Write Time":0.0,"Temp I/O Read Time":207.121,"Temp I/O Write Time":545.676,"Plans":[{"Node Type":"Sort","Parent Relationship":"Outer","Parallel Aware":false,"Async Capable":false,"Startup Cost":3395549.59,"Total Cost":3398630.13,"Plan Rows":1232214,"Plan Width":30,"Actual Startup Time":16777.81,"Actual Total Time":17374.451,"Actual Rows":2218175,"Actual Loops":1,"Output":["customer.c_w_id","customer.c_nationkey","orders.o_w_id","order_line.ol_amount","order_line.ol_w_id","order_line.ol_i_id","nation.n_name","nation.n_nationkey"],"Sort Key":["customer.c_w_id","order_line.ol_i_id"],"Sort Method":"external merge","Sort Space Used":94520,"Sort Space Type":"Disk","Shared Hit Blocks":2,"Shared Read Blocks":0,"Shared Dirtied Blocks":0,"Shared Written Blocks":0,"Local Hit Blocks":0,"Local Read Blocks":0,"Local Dirtied Blocks":0,"Local Written Blocks":0,"Temp Read Blocks":131755,"Temp Written Blocks":131809,"I/O Read Time":0.0,"I/O Write Time":0.0,"Temp I/O Read Time":207.121,"Temp I/O Write Time":545.676,"Plans":[{"Node Type":"Hash Join","Parent Relationship":"Outer","Parallel Aware":false,"Async Capable":false,"Join Type":"Inner","Startup Cost":795292.92,"Total Cost":3211925.76,"Plan Rows":1232214,"Plan Width":30,"Actual Startup Time":2743.762,"Actual Total Time":14134.671,"Actual Rows":2218175,"Actual Loops":1,"Output":["customer.c_w_id","customer.c_nationkey","orders.o_w_id","order_line.ol_amount","order_line.ol_w_id","order_line.ol_i_id","nation.n_name","nation.n_nationkey"],"Inner Unique":false,"Hash Cond":"(customer.c_nationkey = nation.n_nationkey)","Shared Hit Blocks":2,"Shared Read Blocks":0,"Shared Dirtied Blocks":0,"Shared Written Blocks":0,"Local Hit Blocks":0,"Local Read Blocks":0,"Local Dirtied Blocks":0,"Local Written Blocks":0,"Temp Read Blocks":108135,"Temp Written Blocks":108135,"I/O Read Time":0.0,"I/O Write Time":0.0,"Temp I/O Read Time":171.026,"Temp I/O Write Time":482.72,"Plans":[{"Node Type":"Hash Join","Parent Relationship":"Outer","Parallel Aware":false,"Async Capable":false,"Join Type":"Inner","Startup Cost":795289.78,"Total Cost":3176893.95,"Plan Rows":6161071,"Plan Width":18,"Actual Startup Time":2737.088,"Actual Total Time":13298.712,"Actual Rows":8568663,"Actual Loops":1,"Output":["customer.c_w_id","customer.c_nationkey","orders.o_w_id","order_line.ol_amount","order_line.ol_w_id","order_line.ol_i_id"],"Inner Unique":true,"Hash Cond":"((orders.o_c_id = customer.c_id) AND (orders.o_w_id = customer.c_w_id) AND (orders.o_d_id = customer.c_d_id))","Shared Hit Blocks":0,"Shared Read Blocks":0,"Shared Dirtied Blocks":0,"Shared Written Blocks":0,"Local Hit Blocks":0,"Local Read Blocks":0,"Local Dirtied Blocks":0,"Local Written Blocks":0,"Temp Read Blocks":108135,"Temp Written Blocks":108135,"I/O Read Time":0.0,"I/O Write Time":0.0,"Temp I/O Read Time":171.026,"Temp I/O Write Time":482.72,"Plans":[{"Node Type":"Hash Join","Parent Relationship":"Outer","Parallel Aware":false,"Async Capable":false,"Join Type":"Inner","Startup Cost":151193.84,"Total Cost":2382779.57,"Plan Rows":6161071,"Plan Width":20,"Actual Startup Time":416.446,"Actual Total Time":6696.709,"Actual Rows":8568663,"Actual Loops":1,"Output":["orders.o_c_id","orders.o_w_id","orders.o_d_id","order_line.ol_amount","order_line.ol_w_id","order_line.ol_d_id","order_line.ol_i_id"],"Inner Unique":true,"Hash Cond":"((order_line.ol_w_id = orders.o_w_id) AND (order_line.ol_d_id = orders.o_d_id) AND (order_line.ol_o_id = orders.o_id))","Shared Hit Blocks":0,"Shared Read Blocks":0,"Shared Dirtied Blocks":0,"Shared Written Blocks":0,"Local Hit Blocks":0,"Local Read Blocks":0,"Local Dirtied Blocks":0,"Local Written Blocks":0,"Temp Read Blocks":43816,"Temp Written Blocks":43816,"I/O Read Time":0.0,"I/O Write Time":0.0,"Temp I/O Read Time":69.822,"Temp I/O Write Time":188.461,"Plans":[{"Node Type":"Append","Parent Relationship":"Outer","Parallel Aware":false,"Async Capable":false,"Startup Cost":20.0,"Total Cost":1403598.82,"Plan Rows":42039468,"Plan Width":20,"Actual Startup Time":1.376,"Actual Total Time":2599.77,"Actual Rows":8620885,"Actual Loops":1,"Shared Hit Blocks":0,"Shared Read Blocks":0,"Shared Dirtied Blocks":0,"Shared Written Blocks":0,"Local Hit Blocks":0,"Local Read Blocks":0,"Local Dirtied Blocks":0,"Local Written Blocks":0,"Temp Read Blocks":0,"Temp Written Blocks":0,"I/O Read Time":0.0,"I/O Write Time":0.0,"Temp I/O Read Time":0.0,"Temp I/O Write Time":0.0,"Subplans Removed":0,"Plans":[{"Node Type":"Custom Scan","Parent Relationship":"Member","Custom Plan Provider":"columnar scan","Parallel Aware":false,"Async Capable":false,"Relation Name":"order_line","Schema":"public","Alias":"order_line","Startup Cost":20.0,"Total Cost":1072026.23,"Plan Rows":42039424,"Plan Width":20,"Actual Startup Time":1.374,"Actual Total Time":1997.971,"Actual Rows":8620885,"Actual Loops":1,"Output":["order_line.ol_amount","order_line.ol_o_id","order_line.ol_w_id","order_line.ol_d_id","order_line.ol_i_id"],"Filter":"(order_line.ol_delivery_d >= '1992-01-02 20:10:02.27764'::timestamp without time zone)","Rows Removed by Filter":0,"Rows Removed by Columnar Filter":51372876,"Rows Filtered by Bloom Filter":0,"Dictionary Rows Filtered by Bloom Filter":51372876,"Columnar cache search mode":"native","Shared Hit Blocks":0,"Shared Read Blocks":0,"Shared Dirtied Blocks":0,"Shared Written Blocks":0,"Local Hit Blocks":0,"Local Read Blocks":0,"Local Dirtied Blocks":0,"Local Written Blocks":0,"Temp Read Blocks":0,"Temp Written Blocks":0,"I/O Read Time":0.0,"I/O Write Time":0.0,"Temp I/O Read Time":0.0,"Temp I/O Write Time":0.0},{"Node Type":"Seq Scan","Parent Relationship":"Member","Parallel Aware":false,"Async Capable":false,"Relation Name":"order_line","Schema":"public","Alias":"order_line","Startup Cost":0.0,"Total Cost":4.79,"Plan Rows":44,"Plan Width":20,"Actual Startup Time":0.0,"Actual Total Time":0.0,"Actual Rows":0,"Actual Loops":0,"Output":["order_line.ol_amount","order_line.ol_o_id","order_line.ol_w_id","order_line.ol_d_id","order_line.ol_i_id"],"Filter":"(order_line.ol_delivery_d >= '1992-01-02 20:10:02.27764'::timestamp without time zone)","Rows Removed by Filter":0,"Shared Hit Blocks":0,"Shared Read Blocks":0,"Shared Dirtied Blocks":0,"Shared Written Blocks":0,"Local Hit Blocks":0,"Local Read Blocks":0,"Local Dirtied Blocks":0,"Local Written Blocks":0,"Temp Read Blocks":0,"Temp Written Blocks":0,"I/O Read Time":0.0,"I/O Write Time":0.0,"Temp I/O Read Time":0.0,"Temp I/O Write Time":0.0}]},{"Node Type":"Hash","Parent Relationship":"Inner","Parallel Aware":false,"Async Capable":false,"Startup Cost":131491.69,"Total Cost":131491.69,"Plan Rows":879323,"Plan Width":16,"Actual Startup Time":413.691,"Actual Total Time":413.697,"Actual Rows":856801,"Actual Loops":1,"Output":["orders.o_c_id","orders.o_w_id","orders.o_d_id","orders.o_id"],"Hash Buckets":262144,"Original Hash Buckets":262144,"Hash Batches":8,"Original Hash Batches":8,"Peak Memory Usage":7070,"Shared Hit Blocks":0,"Shared Read Blocks":0,"Shared Dirtied Blocks":0,"Shared Written Blocks":0,"Local Hit Blocks":0,"Local Read Blocks":0,"Local Dirtied Blocks":0,"Local Written Blocks":0,"Temp Read Blocks":0,"Temp Written Blocks":3290,"I/O Read Time":0.0,"I/O Write Time":0.0,"Temp I/O Read Time":0.0,"Temp I/O Write Time":14.593,"Plans":[{"Node Type":"Append","Parent Relationship":"Outer","Parallel Aware":false,"Async Capable":false,"Startup Cost":20.0,"Total Cost":131491.69,"Plan Rows":879323,"Plan Width":16,"Actual Startup Time":0.504,"Actual Total Time":209.74,"Actual Rows":856801,"Actual Loops":1,"Shared Hit Blocks":0,"Shared Read Blocks":0,"Shared Dirtied Blocks":0,"Shared Written Blocks":0,"Local Hit Blocks":0,"Local Read Blocks":0,"Local Dirtied Blocks":0,"Local Written Blocks":0,"Temp Read Blocks":0,"Temp Written Blocks":0,"I/O Read Time":0.0,"I/O Write Time":0.0,"Temp I/O Read Time":0.0,"Temp I/O Write Time":0.0,"Subplans Removed":0,"Plans":[{"Node Type":"Custom Scan","Parent Relationship":"Member","Custom Plan Provider":"columnar scan","Parallel Aware":false,"Async Capable":false,"Relation Name":"orders","Schema":"public","Alias":"orders","Startup Cost":20.0,"Total Cost":20684.21,"Plan Rows":879322,"Plan Width":16,"Actual Startup Time":0.503,"Actual Total Time":146.94,"Actual Rows":856801,"Actual Loops":1,"Output":["orders.o_c_id","orders.o_w_id","orders.o_d_id","orders.o_id"],"Filter":"((orders.o_entry_d < '1994-01-02 20:10:02.27764'::timestamp without time zone) AND (orders.o_entry_d >= '1993-01-02 20:10:02.27764'::timestamp without time zone))","Rows Removed by Filter":0,"Rows Removed by Columnar Filter":5143199,"Columnar cache search mode":"native","Shared Hit Blocks":0,"Shared Read Blocks":0,"Shared Dirtied Blocks":0,"Shared Written Blocks":0,"Local Hit Blocks":0,"Local Read Blocks":0,"Local Dirtied Blocks":0,"Local Written Blocks":0,"Temp Read Blocks":0,"Temp Written Blocks":0,"I/O Read Time":0.0,"I/O Write Time":0.0,"Temp I/O Read Time":0.0,"Temp I/O Write Time":0.0},{"Node Type":"Seq Scan","Parent Relationship":"Member","Parallel Aware":false,"Async Capable":false,"Relation Name":"orders","Schema":"public","Alias":"orders","Startup Cost":0.0,"Total Cost":4.01,"Plan Rows":1,"Plan Width":16,"Actual Startup Time":0.0,"Actual Total Time":0.0,"Actual Rows":0,"Actual Loops":0,"Output":["orders.o_c_id","orders.o_w_id","orders.o_d_id","orders.o_id"],"Filter":"((orders.o_entry_d < '1994-01-02 20:10:02.27764'::timestamp without time zone) AND (orders.o_entry_d >= '1993-01-02 20:10:02.27764'::timestamp without time zone))","Rows Removed by Filter":0,"Shared Hit Blocks":0,"Shared Read Blocks":0,"Shared Dirtied Blocks":0,"Shared Written Blocks":0,"Local Hit Blocks":0,"Local Read Blocks":0,"Local Dirtied Blocks":0,"Local Written Blocks":0,"Temp Read Blocks":0,"Temp Written Blocks":0,"I/O Read Time":0.0,"I/O Write Time":0.0,"Temp I/O Read Time":0.0,"Temp I/O Write Time":0.0}]}]}]},{"Node Type":"Hash","Parent Relationship":"Inner","Parallel Aware":false,"Async Capable":false,"Startup Cost":509795.49,"Total Cost":509795.49,"Plan Rows":6000140,"Plan Width":12,"Actual Startup Time":2314.487,"Actual Total Time":2314.492,"Actual Rows":6000000,"Actual Loops":1,"Output":["customer.c_id","customer.c_w_id","customer.c_d_id","customer.c_nationkey"],"Hash Buckets":262144,"Original Hash Buckets":262144,"Hash Batches":64,"Original Hash Batches":64,"Peak Memory Usage":6073,"Shared Hit Blocks":0,"Shared Read Blocks":0,"Shared Dirtied Blocks":0,"Shared Written Blocks":0,"Local Hit Blocks":0,"Local Read Blocks":0,"Local Dirtied Blocks":0,"Local Written Blocks":0,"Temp Read Blocks":0,"Temp Written Blocks":23037,"I/O Read Time":0.0,"I/O Write Time":0.0,"Temp I/O Read Time":0.0,"Temp I/O Write Time":102.652,"Plans":[{"Node Type":"Append","Parent Relationship":"Outer","Parallel Aware":false,"Async Capable":false,"Startup Cost":20.0,"Total Cost":509795.49,"Plan Rows":6000140,"Plan Width":12,"Actual Startup Time":0.019,"Actual Total Time":1309.261,"Actual Rows":6000000,"Actual Loops":1,"Shared Hit Blocks":0,"Shared Read Blocks":0,"Shared Dirtied Blocks":0,"Shared Written Blocks":0,"Local Hit Blocks":0,"Local Read Blocks":0,"Local Dirtied Blocks":0,"Local Written Blocks":0,"Temp Read Blocks":0,"Temp Written Blocks":0,"I/O Read Time":0.0,"I/O Write Time":0.0,"Temp I/O Read Time":0.0,"Temp I/O Write Time":0.0,"Subplans Removed":0,"Plans":[{"Node Type":"Custom Scan","Parent Relationship":"Member","Custom Plan Provider":"columnar scan","Parallel Aware":false,"Async Capable":false,"Relation Name":"customer","Schema":"public","Alias":"customer","Startup Cost":20.0,"Total Cost":141020.06,"Plan Rows":6000000,"Plan Width":12,"Actual Startup Time":0.018,"Actual Total Time":891.969,"Actual Rows":6000000,"Actual Loops":1,"Output":["customer.c_id","customer.c_w_id","customer.c_d_id","customer.c_nationkey"],"Rows Removed by Columnar Filter":0,"Columnar cache search mode":"native","Shared Hit Blocks":0,"Shared Read Blocks":0,"Shared Dirtied Blocks":0,"Shared Written Blocks":0,"Local Hit Blocks":0,"Local Read Blocks":0,"Local Dirtied Blocks":0,"Local Written Blocks":0,"Temp Read Blocks":0,"Temp Written Blocks":0,"I/O Read Time":0.0,"I/O Write Time":0.0,"Temp I/O Read Time":0.0,"Temp I/O Write Time":0.0},{"Node Type":"Seq Scan","Parent Relationship":"Member","Parallel Aware":false,"Async Capable":false,"Relation Name":"customer","Schema":"public","Alias":"customer","Startup Cost":0.0,"Total Cost":5.4,"Plan Rows":140,"Plan Width":12,"Actual Startup Time":0.0,"Actual Total Time":0.0,"Actual Rows":0,"Actual Loops":0,"Output":["customer.c_id","customer.c_w_id","customer.c_d_id","customer.c_nationkey"],"Shared Hit Blocks":0,"Shared Read Blocks":0,"Shared Dirtied Blocks":0,"Shared Written Blocks":0,"Local Hit Blocks":0,"Local Read Blocks":0,"Local Dirtied Blocks":0,"Local Written Blocks":0,"Temp Read Blocks":0,"Temp Written Blocks":0,"I/O Read Time":0.0,"I/O Write Time":0.0,"Temp I/O Read Time":0.0,"Temp I/O Write Time":0.0}]}]}]},{"Node Type":"Hash","Parent Relationship":"Inner","Parallel Aware":false,"Async Capable":false,"Startup Cost":2.99,"Total Cost":2.99,"Plan Rows":12,"Plan Width":12,"Actual Startup Time":0.042,"Actual Total Time":0.048,"Actual Rows":22,"Actual Loops":1,"Output":["nation.n_name","nation.n_nationkey"],"Hash Buckets":1024,"Original Hash Buckets":1024,"Hash Batches":1,"Original Hash Batches":1,"Peak Memory Usage":9,"Shared Hit Blocks":2,"Shared Read Blocks":0,"Shared Dirtied Blocks":0,"Shared Written Blocks":0,"Local Hit Blocks":0,"Local Read Blocks":0,"Local Dirtied Blocks":0,"Local Written Blocks":0,"Temp Read Blocks":0,"Temp Written Blocks":0,"I/O Read Time":0.0,"I/O Write Time":0.0,"Temp I/O Read Time":0.0,"Temp I/O Write Time":0.0,"Plans":[{"Node Type":"Hash Join","Parent Relationship":"Outer","Parallel Aware":false,"Async Capable":false,"Join Type":"Inner","Startup Cost":1.07,"Total Cost":2.99,"Plan Rows":12,"Plan Width":12,"Actual Startup Time":0.024,"Actual Total Time":0.042,"Actual Rows":22,"Actual Loops":1,"Output":["nation.n_name","nation.n_nationkey"],"Inner Unique":true,"Hash Cond":"(nation.n_regionkey = region.r_regionkey)","Shared Hit Blocks":2,"Shared Read Blocks":0,"Shared Dirtied Blocks":0,"Shared Written Blocks":0,"Local Hit Blocks":0,"Local Read Blocks":0,"Local Dirtied Blocks":0,"Local Written Blocks":0,"Temp Read Blocks":0,"Temp Written Blocks":0,"I/O Read Time":0.0,"I/O Write Time":0.0,"Temp I/O Read Time":0.0,"Temp I/O Write Time":0.0,"Plans":[{"Node Type":"Seq Scan","Parent Relationship":"Outer","Parallel Aware":false,"Async Capable":false,"Relation Name":"nation","Schema":"public","Alias":"nation","Startup Cost":0.0,"Total Cost":1.62,"Plan Rows":62,"Plan Width":16,"Actual Startup Time":0.004,"Actual Total Time":0.01,"Actual Rows":62,"Actual Loops":1,"Output":["nation.n_nationkey","nation.n_name","nation.n_regionkey","nation.n_comment"],"Shared Hit Blocks":1,"Shared Read Blocks":0,"Shared Dirtied Blocks":0,"Shared Written Blocks":0,"Local Hit Blocks":0,"Local Read Blocks":0,"Local Dirtied Blocks":0,"Local Written Blocks":0,"Temp Read Blocks":0,"Temp Written Blocks":0,"I/O Read Time":0.0,"I/O Write Time":0.0,"Temp I/O Read Time":0.0,"Temp I/O Write Time":0.0},{"Node Type":"Hash","Parent Relationship":"Inner","Parallel Aware":false,"Async Capable":false,"Startup Cost":1.06,"Total Cost":1.06,"Plan Rows":1,"Plan Width":4,"Actual Startup Time":0.009,"Actual Total Time":0.011,"Actual Rows":1,"Actual Loops":1,"Output":["region.r_regionkey"],"Hash Buckets":1024,"Original Hash Buckets":1024,"Hash Batches":1,"Original Hash Batches":1,"Peak Memory Usage":9,"Shared Hit Blocks":1,"Shared Read Blocks":0,"Shared Dirtied Blocks":0,"Shared Written Blocks":0,"Local Hit Blocks":0,"Local Read Blocks":0,"Local Dirtied Blocks":0,"Local Written Blocks":0,"Temp Read Blocks":0,"Temp Written Blocks":0,"I/O Read Time":0.0,"I/O Write Time":0.0,"Temp I/O Read Time":0.0,"Temp I/O Write Time":0.0,"Plans":[{"Node Type":"Seq Scan","Parent Relationship":"Outer","Parallel Aware":false,"Async Capable":false,"Relation Name":"region","Schema":"public","Alias":"region","Startup Cost":0.0,"Total Cost":1.06,"Plan Rows":1,"Plan Width":4,"Actual Startup Time":0.008,"Actual Total Time":0.008,"Actual Rows":1,"Actual Loops":1,"Output":["region.r_regionkey"],"Filter":"((region.r_name)::text = 'Europe'::text)","Rows Removed by Filter":4,"Shared Hit Blocks":1,"Shared Read Blocks":0,"Shared Dirtied Blocks":0,"Shared Written Blocks":0,"Local Hit Blocks":0,"Local Read Blocks":0,"Local Dirtied Blocks":0,"Local Written Blocks":0,"Temp Read Blocks":0,"Temp Written Blocks":0,"I/O Read Time":0.0,"I/O Write Time":0.0,"Temp I/O Read Time":0.0,"Temp I/O Write Time":0.0}]}]}]}]}]},{"Node Type":"Index Only Scan","Parent Relationship":"Inner","Parallel Aware":false,"Async Capable":false,"Scan Direction":"Forward","Index Name":"stock_pk","Relation Name":"stock","Schema":"public","Alias":"stock","Startup Cost":0.44,"Total Cost":519363.62,"Plan Rows":20000212,"Plan Width":6,"Actual Startup Time":0.049,"Actual Total Time":1406.417,"Actual Rows":19999994,"Actual Loops":1,"Output":["stock.s_w_id","stock.s_i_id"],"Heap Fetches":0,"Shared Hit Blocks":54673,"Shared Read Blocks":0,"Shared Dirtied Blocks":0,"Shared Written Blocks":0,"Local Hit Blocks":0,"Local Read Blocks":0,"Local Dirtied Blocks":0,"Local Written Blocks":0,"Temp Read Blocks":0,"Temp Written Blocks":0,"I/O Read Time":0.0,"I/O Write Time":0.0,"Temp I/O Read Time":0.0,"Temp I/O Write Time":0.0}]},{"Node Type":"Hash","Parent Relationship":"Inner","Parallel Aware":false,"Async Capable":false,"Startup Cost":317.0,"Total Cost":317.0,"Plan Rows":10000,"Plan Width":8,"Actual Startup Time":2.571,"Actual Total Time":2.571,"Actual Rows":10000,"Actual Loops":1,"Output":["supplier.su_suppkey","supplier.su_nationkey"],"Hash Buckets":16384,"Original Hash Buckets":16384,"Hash Batches":1,"Original Hash Batches":1,"Peak Memory Usage":519,"Shared Hit Blocks":217,"Shared Read Blocks":0,"Shared Dirtied Blocks":0,"Shared Written Blocks":0,"Local Hit Blocks":0,"Local Read Blocks":0,"Local Dirtied Blocks":0,"Local Written Blocks":0,"Temp Read Blocks":0,"Temp Written Blocks":0,"I/O Read Time":0.0,"I/O Write Time":0.0,"Temp I/O Read Time":0.0,"Temp I/O Write Time":0.0,"Plans":[{"Node Type":"Seq Scan","Parent Relationship":"Outer","Parallel Aware":false,"Async Capable":false,"Relation Name":"supplier","Schema":"public","Alias":"supplier","Startup Cost":0.0,"Total Cost":317.0,"Plan Rows":10000,"Plan Width":8,"Actual Startup Time":0.011,"Actual Total Time":1.279,"Actual Rows":10000,"Actual Loops":1,"Output":["supplier.su_suppkey","supplier.su_nationkey"],"Shared Hit Blocks":217,"Shared Read Blocks":0,"Shared Dirtied Blocks":0,"Shared Written Blocks":0,"Local Hit Blocks":0,"Local Read Blocks":0,"Local Dirtied Blocks":0,"Local Written Blocks":0,"Temp Read Blocks":0,"Temp Written Blocks":0,"I/O Read Time":0.0,"I/O Write Time":0.0,"Temp I/O Read Time":0.0,"Temp I/O Write Time":0.0}]}]}]}]}]},"Planning":{"Shared Hit Blocks":220,"Shared Read Blocks":0,"Shared Dirtied Blocks":0,"Shared Written Blocks":0,"Local Hit Blocks":0,"Local Read Blocks":0,"Local Dirtied Blocks":0,"Local Written Blocks":0,"Temp Read Blocks":0,"Temp Written Blocks":0,"I/O Read Time":0.0,"I/O Write Time":0.0,"Temp I/O Read Time":0.0,"Temp I/O Write Time":0.0},"Planning Time":5.481,"Triggers":[],"Execution Time":20727.178}]
[列存组合]: customer, order_line, region
[{"Plan":{"Node Type":"Sort","Parallel Aware":false,"Async Capable":false,"Startup Cost":4048107.93,"Total Cost":4048108.09,"Plan Rows":62,"Plan Width":40,"Actual Startup Time":20898.61,"Actual Total Time":20898.643,"Actual Rows":11,"Actual Loops":1,"Output":["nation.n_name","(sum(order_line.ol_amount))"],"Sort Key":["(sum(order_line.ol_amount)) DESC"],"Sort Method":"quicksort","Sort Space Used":25,"Sort Space Type":"Memory","Shared Hit Blocks":99014,"Shared Read Blocks":0,"Shared Dirtied Blocks":0,"Shared Written Blocks":0,"Local Hit Blocks":0,"Local Read Blocks":0,"Local Dirtied Blocks":0,"Local Written Blocks":0,"Temp Read Blocks":131755,"Temp Written Blocks":131809,"I/O Read Time":0.0,"I/O Write Time":0.0,"Temp I/O Read Time":206.715,"Temp I/O Write Time":545.952,"Plans":[{"Node Type":"Aggregate","Strategy":"Sorted","Partial Mode":"Simple","Parent Relationship":"Outer","Parallel Aware":false,"Async Capable":false,"Startup Cost":4047954.29,"Total Cost":4048106.09,"Plan Rows":62,"Plan Width":40,"Actual Startup Time":20892.483,"Actual Total Time":20898.625,"Actual Rows":11,"Actual Loops":1,"Output":["nation.n_name","sum(order_line.ol_amount)"],"Group Key":["nation.n_name"],"Shared Hit Blocks":99014,"Shared Read Blocks":0,"Shared Dirtied Blocks":0,"Shared Written Blocks":0,"Local Hit Blocks":0,"Local Read Blocks":0,"Local Dirtied Blocks":0,"Local Written Blocks":0,"Temp Read Blocks":131755,"Temp Written Blocks":131809,"I/O Read Time":0.0,"I/O Write Time":0.0,"Temp I/O Read Time":206.715,"Temp I/O Write Time":545.952,"Plans":[{"Node Type":"Sort","Parent Relationship":"Outer","Parallel Aware":false,"Async Capable":false,"Startup Cost":4047954.29,"Total Cost":4048004.63,"Plan Rows":20136,"Plan Width":12,"Actual Startup Time":20892.029,"Actual Total Time":20893.921,"Actual Rows":35044,"Actual Loops":1,"Output":["nation.n_name","order_line.ol_amount"],"Sort Key":["nation.n_name"],"Sort Method":"quicksort","Sort Space Used":3146,"Sort Space Type":"Memory","Shared Hit Blocks":99014,"Shared Read Blocks":0,"Shared Dirtied Blocks":0,"Shared Written Blocks":0,"Local Hit Blocks":0,"Local Read Blocks":0,"Local Dirtied Blocks":0,"Local Written Blocks":0,"Temp Read Blocks":131755,"Temp Written Blocks":131809,"I/O Read Time":0.0,"I/O Write Time":0.0,"Temp I/O Read Time":206.715,"Temp I/O Write Time":545.952,"Plans":[{"Node Type":"Hash Join","Parent Relationship":"Outer","Parallel Aware":false,"Async Capable":false,"Join Type":"Inner","Startup Cost":3398646.84,"Total Cost":4046514.82,"Plan Rows":20136,"Plan Width":12,"Actual Startup Time":16988.747,"Actual Total Time":20872.779,"Actual Rows":35044,"Actual Loops":1,"Output":["nation.n_name","order_line.ol_amount"],"Inner Unique":true,"Hash Cond":"((mod((stock.s_w_id * stock.s_i_id), 10000) = supplier.su_suppkey) AND (customer.c_nationkey = supplier.su_nationkey))","Shared Hit Blocks":99014,"Shared Read Blocks":0,"Shared Dirtied Blocks":0,"Shared Written Blocks":0,"Local Hit Blocks":0,"Local Read Blocks":0,"Local Dirtied Blocks":0,"Local Written Blocks":0,"Temp Read Blocks":131755,"Temp Written Blocks":131809,"I/O Read Time":0.0,"I/O Write Time":0.0,"Temp I/O Read Time":206.715,"Temp I/O Write Time":545.952,"Plans":[{"Node Type":"Merge Join","Parent Relationship":"Outer","Parallel Aware":false,"Async Capable":false,"Join Type":"Inner","Startup Cost":3398179.84,"Total Cost":4039212.85,"Plan Rows":1242717,"Plan Width":26,"Actual Startup Time":16985.709,"Actual Total Time":20588.399,"Actual Rows":2218175,"Actual Loops":1,"Output":["customer.c_nationkey","order_line.ol_amount","stock.s_w_id","stock.s_i_id","nation.n_name","nation.n_nationkey"],"Inner Unique":true,"Merge Cond":"((customer.c_w_id = stock.s_w_id) AND (order_line.ol_i_id = stock.s_i_id))","Shared Hit Blocks":98797,"Shared Read Blocks":0,"Shared Dirtied Blocks":0,"Shared Written Blocks":0,"Local Hit Blocks":0,"Local Read Blocks":0,"Local Dirtied Blocks":0,"Local Written Blocks":0,"Temp Read Blocks":131755,"Temp Written Blocks":131809,"I/O Read Time":0.0,"I/O Write Time":0.0,"Temp I/O Read Time":206.715,"Temp I/O Write Time":545.952,"Plans":[{"Node Type":"Sort","Parent Relationship":"Outer","Parallel Aware":false,"Async Capable":false,"Startup Cost":3398179.41,"Total Cost":3401259.94,"Plan Rows":1232214,"Plan Width":30,"Actual Startup Time":16985.646,"Actual Total Time":17582.644,"Actual Rows":2218175,"Actual Loops":1,"Output":["customer.c_w_id","customer.c_nationkey","orders.o_w_id","order_line.ol_amount","order_line.ol_w_id","order_line.ol_i_id","nation.n_name","nation.n_nationkey"],"Sort Key":["customer.c_w_id","order_line.ol_i_id"],"Sort Method":"external merge","Sort Space Used":94520,"Sort Space Type":"Disk","Shared Hit Blocks":44124,"Shared Read Blocks":0,"Shared Dirtied Blocks":0,"Shared Written Blocks":0,"Local Hit Blocks":0,"Local Read Blocks":0,"Local Dirtied Blocks":0,"Local Written Blocks":0,"Temp Read Blocks":131755,"Temp Written Blocks":131809,"I/O Read Time":0.0,"I/O Write Time":0.0,"Temp I/O Read Time":206.715,"Temp I/O Write Time":545.952,"Plans":[{"Node Type":"Hash Join","Parent Relationship":"Outer","Parallel Aware":false,"Async Capable":false,"Join Type":"Inner","Startup Cost":797922.74,"Total Cost":3214555.58,"Plan Rows":1232214,"Plan Width":30,"Actual Startup Time":2988.766,"Actual Total Time":14353.178,"Actual Rows":2218175,"Actual Loops":1,"Output":["customer.c_w_id","customer.c_nationkey","orders.o_w_id","order_line.ol_amount","order_line.ol_w_id","order_line.ol_i_id","nation.n_name","nation.n_nationkey"],"Inner Unique":false,"Hash Cond":"(customer.c_nationkey = nation.n_nationkey)","Shared Hit Blocks":44124,"Shared Read Blocks":0,"Shared Dirtied Blocks":0,"Shared Written Blocks":0,"Local Hit Blocks":0,"Local Read Blocks":0,"Local Dirtied Blocks":0,"Local Written Blocks":0,"Temp Read Blocks":108135,"Temp Written Blocks":108135,"I/O Read Time":0.0,"I/O Write Time":0.0,"Temp I/O Read Time":170.448,"Temp I/O Write Time":483.006,"Plans":[{"Node Type":"Hash Join","Parent Relationship":"Outer","Parallel Aware":false,"Async Capable":false,"Join Type":"Inner","Startup Cost":797919.6,"Total Cost":3179523.77,"Plan Rows":6161071,"Plan Width":18,"Actual Startup Time":2982.17,"Actual Total Time":13518.54,"Actual Rows":8568663,"Actual Loops":1,"Output":["customer.c_w_id","customer.c_nationkey","orders.o_w_id","order_line.ol_amount","order_line.ol_w_id","order_line.ol_i_id"],"Inner Unique":true,"Hash Cond":"((orders.o_c_id = customer.c_id) AND (orders.o_w_id = customer.c_w_id) AND (orders.o_d_id = customer.c_d_id))","Shared Hit Blocks":44122,"Shared Read Blocks":0,"Shared Dirtied Blocks":0,"Shared Written Blocks":0,"Local Hit Blocks":0,"Local Read Blocks":0,"Local Dirtied Blocks":0,"Local Written Blocks":0,"Temp Read Blocks":108135,"Temp Written Blocks":108135,"I/O Read Time":0.0,"I/O Write Time":0.0,"Temp I/O Read Time":170.448,"Temp I/O Write Time":483.006,"Plans":[{"Node Type":"Hash Join","Parent Relationship":"Outer","Parallel Aware":false,"Async Capable":false,"Join Type":"Inner","Startup Cost":153823.65,"Total Cost":2385409.38,"Plan Rows":6161071,"Plan Width":20,"Actual Startup Time":649.973,"Actual Total Time":6890.422,"Actual Rows":8568663,"Actual Loops":1,"Output":["orders.o_c_id","orders.o_w_id","orders.o_d_id","order_line.ol_amount","order_line.ol_w_id","order_line.ol_d_id","order_line.ol_i_id"],"Inner Unique":true,"Hash Cond":"((order_line.ol_w_id = orders.o_w_id) AND (order_line.ol_d_id = orders.o_d_id) AND (order_line.ol_o_id = orders.o_id))","Shared Hit Blocks":44122,"Shared Read Blocks":0,"Shared Dirtied Blocks":0,"Shared Written Blocks":0,"Local Hit Blocks":0,"Local Read Blocks":0,"Local Dirtied Blocks":0,"Local Written Blocks":0,"Temp Read Blocks":43816,"Temp Written Blocks":43816,"I/O Read Time":0.0,"I/O Write Time":0.0,"Temp I/O Read Time":69.104,"Temp I/O Write Time":190.508,"Plans":[{"Node Type":"Append","Parent Relationship":"Outer","Parallel Aware":false,"Async Capable":false,"Startup Cost":20.0,"Total Cost":1403598.82,"Plan Rows":42039468,"Plan Width":20,"Actual Startup Time":1.446,"Actual Total Time":2576.66,"Actual Rows":8620885,"Actual Loops":1,"Shared Hit Blocks":0,"Shared Read Blocks":0,"Shared Dirtied Blocks":0,"Shared Written Blocks":0,"Local Hit Blocks":0,"Local Read Blocks":0,"Local Dirtied Blocks":0,"Local Written Blocks":0,"Temp Read Blocks":0,"Temp Written Blocks":0,"I/O Read Time":0.0,"I/O Write Time":0.0,"Temp I/O Read Time":0.0,"Temp I/O Write Time":0.0,"Subplans Removed":0,"Plans":[{"Node Type":"Custom Scan","Parent Relationship":"Member","Custom Plan Provider":"columnar scan","Parallel Aware":false,"Async Capable":false,"Relation Name":"order_line","Schema":"public","Alias":"order_line","Startup Cost":20.0,"Total Cost":1072026.23,"Plan Rows":42039424,"Plan Width":20,"Actual Startup Time":1.444,"Actual Total Time":1978.317,"Actual Rows":8620885,"Actual Loops":1,"Output":["order_line.ol_amount","order_line.ol_o_id","order_line.ol_w_id","order_line.ol_d_id","order_line.ol_i_id"],"Filter":"(order_line.ol_delivery_d >= '1992-01-02 20:10:02.27764'::timestamp without time zone)","Rows Removed by Filter":0,"Rows Removed by Columnar Filter":51372876,"Rows Filtered by Bloom Filter":0,"Dictionary Rows Filtered by Bloom Filter":51372876,"Columnar cache search mode":"native","Shared Hit Blocks":0,"Shared Read Blocks":0,"Shared Dirtied Blocks":0,"Shared Written Blocks":0,"Local Hit Blocks":0,"Local Read Blocks":0,"Local Dirtied Blocks":0,"Local Written Blocks":0,"Temp Read Blocks":0,"Temp Written Blocks":0,"I/O Read Time":0.0,"I/O Write Time":0.0,"Temp I/O Read Time":0.0,"Temp I/O Write Time":0.0},{"Node Type":"Seq Scan","Parent Relationship":"Member","Parallel Aware":false,"Async Capable":false,"Relation Name":"order_line","Schema":"public","Alias":"order_line","Startup Cost":0.0,"Total Cost":4.79,"Plan Rows":44,"Plan Width":20,"Actual Startup Time":0.0,"Actual Total Time":0.0,"Actual Rows":0,"Actual Loops":0,"Output":["order_line.ol_amount","order_line.ol_o_id","order_line.ol_w_id","order_line.ol_d_id","order_line.ol_i_id"],"Filter":"(order_line.ol_delivery_d >= '1992-01-02 20:10:02.27764'::timestamp without time zone)","Rows Removed by Filter":0,"Shared Hit Blocks":0,"Shared Read Blocks":0,"Shared Dirtied Blocks":0,"Shared Written Blocks":0,"Local Hit Blocks":0,"Local Read Blocks":0,"Local Dirtied Blocks":0,"Local Written Blocks":0,"Temp Read Blocks":0,"Temp Written Blocks":0,"I/O Read Time":0.0,"I/O Write Time":0.0,"Temp I/O Read Time":0.0,"Temp I/O Write Time":0.0}]},{"Node Type":"Hash","Parent Relationship":"Inner","Parallel Aware":false,"Async Capable":false,"Startup Cost":134121.52,"Total Cost":134121.52,"Plan Rows":879322,"Plan Width":16,"Actual Startup Time":647.24,"Actual Total Time":647.242,"Actual Rows":856801,"Actual Loops":1,"Output":["orders.o_c_id","orders.o_w_id","orders.o_d_id","orders.o_id"],"Hash Buckets":262144,"Original Hash Buckets":262144,"Hash Batches":8,"Original Hash Batches":8,"Peak Memory Usage":7070,"Shared Hit Blocks":44122,"Shared Read Blocks":0,"Shared Dirtied Blocks":0,"Shared Written Blocks":0,"Local Hit Blocks":0,"Local Read Blocks":0,"Local Dirtied Blocks":0,"Local Written Blocks":0,"Temp Read Blocks":0,"Temp Written Blocks":3290,"I/O Read Time":0.0,"I/O Write Time":0.0,"Temp I/O Read Time":0.0,"Temp I/O Write Time":15.586,"Plans":[{"Node Type":"Seq Scan","Parent Relationship":"Outer","Parallel Aware":false,"Async Capable":false,"Relation Name":"orders","Schema":"public","Alias":"orders","Startup Cost":0.0,"Total Cost":134121.52,"Plan Rows":879322,"Plan Width":16,"Actual Startup Time":0.608,"Actual Total Time":447.65,"Actual Rows":856801,"Actual Loops":1,"Output":["orders.o_c_id","orders.o_w_id","orders.o_d_id","orders.o_id"],"Filter":"((orders.o_entry_d >= '1993-01-02 20:10:02.27764'::timestamp without time zone) AND (orders.o_entry_d < '1994-01-02 20:10:02.27764'::timestamp without time zone))","Rows Removed by Filter":5143199,"Shared Hit Blocks":44122,"Shared Read Blocks":0,"Shared Dirtied Blocks":0,"Shared Written Blocks":0,"Local Hit Blocks":0,"Local Read Blocks":0,"Local Dirtied Blocks":0,"Local Written Blocks":0,"Temp Read Blocks":0,"Temp Written Blocks":0,"I/O Read Time":0.0,"I/O Write Time":0.0,"Temp I/O Read Time":0.0,"Temp I/O Write Time":0.0}]}]},{"Node Type":"Hash","Parent Relationship":"Inner","Parallel Aware":false,"Async Capable":false,"Startup Cost":509795.49,"Total Cost":509795.49,"Plan Rows":6000140,"Plan Width":12,"Actual Startup Time":2326.067,"Actual Total Time":2326.071,"Actual Rows":6000000,"Actual Loops":1,"Output":["customer.c_id","customer.c_w_id","customer.c_d_id","customer.c_nationkey"],"Hash Buckets":262144,"Original Hash Buckets":262144,"Hash Batches":64,"Original Hash Batches":64,"Peak Memory Usage":6073,"Shared Hit Blocks":0,"Shared Read Blocks":0,"Shared Dirtied Blocks":0,"Shared Written Blocks":0,"Local Hit Blocks":0,"Local Read Blocks":0,"Local Dirtied Blocks":0,"Local Written Blocks":0,"Temp Read Blocks":0,"Temp Written Blocks":23037,"I/O Read Time":0.0,"I/O Write Time":0.0,"Temp I/O Read Time":0.0,"Temp I/O Write Time":101.606,"Plans":[{"Node Type":"Append","Parent Relationship":"Outer","Parallel Aware":false,"Async Capable":false,"Startup Cost":20.0,"Total Cost":509795.49,"Plan Rows":6000140,"Plan Width":12,"Actual Startup Time":0.019,"Actual Total Time":1320.557,"Actual Rows":6000000,"Actual Loops":1,"Shared Hit Blocks":0,"Shared Read Blocks":0,"Shared Dirtied Blocks":0,"Shared Written Blocks":0,"Local Hit Blocks":0,"Local Read Blocks":0,"Local Dirtied Blocks":0,"Local Written Blocks":0,"Temp Read Blocks":0,"Temp Written Blocks":0,"I/O Read Time":0.0,"I/O Write Time":0.0,"Temp I/O Read Time":0.0,"Temp I/O Write Time":0.0,"Subplans Removed":0,"Plans":[{"Node Type":"Custom Scan","Parent Relationship":"Member","Custom Plan Provider":"columnar scan","Parallel Aware":false,"Async Capable":false,"Relation Name":"customer","Schema":"public","Alias":"customer","Startup Cost":20.0,"Total Cost":141020.06,"Plan Rows":6000000,"Plan Width":12,"Actual Startup Time":0.018,"Actual Total Time":896.47,"Actual Rows":6000000,"Actual Loops":1,"Output":["customer.c_id","customer.c_w_id","customer.c_d_id","customer.c_nationkey"],"Rows Removed by Columnar Filter":0,"Columnar cache search mode":"native","Shared Hit Blocks":0,"Shared Read Blocks":0,"Shared Dirtied Blocks":0,"Shared Written Blocks":0,"Local Hit Blocks":0,"Local Read Blocks":0,"Local Dirtied Blocks":0,"Local Written Blocks":0,"Temp Read Blocks":0,"Temp Written Blocks":0,"I/O Read Time":0.0,"I/O Write Time":0.0,"Temp I/O Read Time":0.0,"Temp I/O Write Time":0.0},{"Node Type":"Seq Scan","Parent Relationship":"Member","Parallel Aware":false,"Async Capable":false,"Relation Name":"customer","Schema":"public","Alias":"customer","Startup Cost":0.0,"Total Cost":5.4,"Plan Rows":140,"Plan Width":12,"Actual Startup Time":0.0,"Actual Total Time":0.0,"Actual Rows":0,"Actual Loops":0,"Output":["customer.c_id","customer.c_w_id","customer.c_d_id","customer.c_nationkey"],"Shared Hit Blocks":0,"Shared Read Blocks":0,"Shared Dirtied Blocks":0,"Shared Written Blocks":0,"Local Hit Blocks":0,"Local Read Blocks":0,"Local Dirtied Blocks":0,"Local Written Blocks":0,"Temp Read Blocks":0,"Temp Written Blocks":0,"I/O Read Time":0.0,"I/O Write Time":0.0,"Temp I/O Read Time":0.0,"Temp I/O Write Time":0.0}]}]}]},{"Node Type":"Hash","Parent Relationship":"Inner","Parallel Aware":false,"Async Capable":false,"Startup Cost":2.99,"Total Cost":2.99,"Plan Rows":12,"Plan Width":12,"Actual Startup Time":0.041,"Actual Total Time":0.047,"Actual Rows":22,"Actual Loops":1,"Output":["nation.n_name","nation.n_nationkey"],"Hash Buckets":1024,"Original Hash Buckets":1024,"Hash Batches":1,"Original Hash Batches":1,"Peak Memory Usage":9,"Shared Hit Blocks":2,"Shared Read Blocks":0,"Shared Dirtied Blocks":0,"Shared Written Blocks":0,"Local Hit Blocks":0,"Local Read Blocks":0,"Local Dirtied Blocks":0,"Local Written Blocks":0,"Temp Read Blocks":0,"Temp Written Blocks":0,"I/O Read Time":0.0,"I/O Write Time":0.0,"Temp I/O Read Time":0.0,"Temp I/O Write Time":0.0,"Plans":[{"Node Type":"Hash Join","Parent Relationship":"Outer","Parallel Aware":false,"Async Capable":false,"Join Type":"Inner","Startup Cost":1.07,"Total Cost":2.99,"Plan Rows":12,"Plan Width":12,"Actual Startup Time":0.023,"Actual Total Time":0.041,"Actual Rows":22,"Actual Loops":1,"Output":["nation.n_name","nation.n_nationkey"],"Inner Unique":true,"Hash Cond":"(nation.n_regionkey = region.r_regionkey)","Shared Hit Blocks":2,"Shared Read Blocks":0,"Shared Dirtied Blocks":0,"Shared Written Blocks":0,"Local Hit Blocks":0,"Local Read Blocks":0,"Local Dirtied Blocks":0,"Local Written Blocks":0,"Temp Read Blocks":0,"Temp Written Blocks":0,"I/O Read Time":0.0,"I/O Write Time":0.0,"Temp I/O Read Time":0.0,"Temp I/O Write Time":0.0,"Plans":[{"Node Type":"Seq Scan","Parent Relationship":"Outer","Parallel Aware":false,"Async Capable":false,"Relation Name":"nation","Schema":"public","Alias":"nation","Startup Cost":0.0,"Total Cost":1.62,"Plan Rows":62,"Plan Width":16,"Actual Startup Time":0.005,"Actual Total Time":0.009,"Actual Rows":62,"Actual Loops":1,"Output":["nation.n_nationkey","nation.n_name","nation.n_regionkey","nation.n_comment"],"Shared Hit Blocks":1,"Shared Read Blocks":0,"Shared Dirtied Blocks":0,"Shared Written Blocks":0,"Local Hit Blocks":0,"Local Read Blocks":0,"Local Dirtied Blocks":0,"Local Written Blocks":0,"Temp Read Blocks":0,"Temp Written Blocks":0,"I/O Read Time":0.0,"I/O Write Time":0.0,"Temp I/O Read Time":0.0,"Temp I/O Write Time":0.0},{"Node Type":"Hash","Parent Relationship":"Inner","Parallel Aware":false,"Async Capable":false,"Startup Cost":1.06,"Total Cost":1.06,"Plan Rows":1,"Plan Width":4,"Actual Startup Time":0.008,"Actual Total Time":0.009,"Actual Rows":1,"Actual Loops":1,"Output":["region.r_regionkey"],"Hash Buckets":1024,"Original Hash Buckets":1024,"Hash Batches":1,"Original Hash Batches":1,"Peak Memory Usage":9,"Shared Hit Blocks":1,"Shared Read Blocks":0,"Shared Dirtied Blocks":0,"Shared Written Blocks":0,"Local Hit Blocks":0,"Local Read Blocks":0,"Local Dirtied Blocks":0,"Local Written Blocks":0,"Temp Read Blocks":0,"Temp Written Blocks":0,"I/O Read Time":0.0,"I/O Write Time":0.0,"Temp I/O Read Time":0.0,"Temp I/O Write Time":0.0,"Plans":[{"Node Type":"Seq Scan","Parent Relationship":"Outer","Parallel Aware":false,"Async Capable":false,"Relation Name":"region","Schema":"public","Alias":"region","Startup Cost":0.0,"Total Cost":1.06,"Plan Rows":1,"Plan Width":4,"Actual Startup Time":0.005,"Actual Total Time":0.006,"Actual Rows":1,"Actual Loops":1,"Output":["region.r_regionkey"],"Filter":"((region.r_name)::text = 'Europe'::text)","Rows Removed by Filter":4,"Shared Hit Blocks":1,"Shared Read Blocks":0,"Shared Dirtied Blocks":0,"Shared Written Blocks":0,"Local Hit Blocks":0,"Local Read Blocks":0,"Local Dirtied Blocks":0,"Local Written Blocks":0,"Temp Read Blocks":0,"Temp Written Blocks":0,"I/O Read Time":0.0,"I/O Write Time":0.0,"Temp I/O Read Time":0.0,"Temp I/O Write Time":0.0}]}]}]}]}]},{"Node Type":"Index Only Scan","Parent Relationship":"Inner","Parallel Aware":false,"Async Capable":false,"Scan Direction":"Forward","Index Name":"stock_pk","Relation Name":"stock","Schema":"public","Alias":"stock","Startup Cost":0.44,"Total Cost":519363.62,"Plan Rows":20000212,"Plan Width":6,"Actual Startup Time":0.048,"Actual Total Time":1395.579,"Actual Rows":19999994,"Actual Loops":1,"Output":["stock.s_w_id","stock.s_i_id"],"Heap Fetches":0,"Shared Hit Blocks":54673,"Shared Read Blocks":0,"Shared Dirtied Blocks":0,"Shared Written Blocks":0,"Local Hit Blocks":0,"Local Read Blocks":0,"Local Dirtied Blocks":0,"Local Written Blocks":0,"Temp Read Blocks":0,"Temp Written Blocks":0,"I/O Read Time":0.0,"I/O Write Time":0.0,"Temp I/O Read Time":0.0,"Temp I/O Write Time":0.0}]},{"Node Type":"Hash","Parent Relationship":"Inner","Parallel Aware":false,"Async Capable":false,"Startup Cost":317.0,"Total Cost":317.0,"Plan Rows":10000,"Plan Width":8,"Actual Startup Time":2.601,"Actual Total Time":2.602,"Actual Rows":10000,"Actual Loops":1,"Output":["supplier.su_suppkey","supplier.su_nationkey"],"Hash Buckets":16384,"Original Hash Buckets":16384,"Hash Batches":1,"Original Hash Batches":1,"Peak Memory Usage":519,"Shared Hit Blocks":217,"Shared Read Blocks":0,"Shared Dirtied Blocks":0,"Shared Written Blocks":0,"Local Hit Blocks":0,"Local Read Blocks":0,"Local Dirtied Blocks":0,"Local Written Blocks":0,"Temp Read Blocks":0,"Temp Written Blocks":0,"I/O Read Time":0.0,"I/O Write Time":0.0,"Temp I/O Read Time":0.0,"Temp I/O Write Time":0.0,"Plans":[{"Node Type":"Seq Scan","Parent Relationship":"Outer","Parallel Aware":false,"Async Capable":false,"Relation Name":"supplier","Schema":"public","Alias":"supplier","Startup Cost":0.0,"Total Cost":317.0,"Plan Rows":10000,"Plan Width":8,"Actual Startup Time":0.01,"Actual Total Time":1.313,"Actual Rows":10000,"Actual Loops":1,"Output":["supplier.su_suppkey","supplier.su_nationkey"],"Shared Hit Blocks":217,"Shared Read Blocks":0,"Shared Dirtied Blocks":0,"Shared Written Blocks":0,"Local Hit Blocks":0,"Local Read Blocks":0,"Local Dirtied Blocks":0,"Local Written Blocks":0,"Temp Read Blocks":0,"Temp Written Blocks":0,"I/O Read Time":0.0,"I/O Write Time":0.0,"Temp I/O Read Time":0.0,"Temp I/O Write Time":0.0}]}]}]}]}]},"Planning":{"Shared Hit Blocks":220,"Shared Read Blocks":0,"Shared Dirtied Blocks":0,"Shared Written Blocks":0,"Local Hit Blocks":0,"Local Read Blocks":0,"Local Dirtied Blocks":0,"Local Written Blocks":0,"Temp Read Blocks":0,"Temp Written Blocks":0,"I/O Read Time":0.0,"I/O Write Time":0.0,"Temp I/O Read Time":0.0,"Temp I/O Write Time":0.0},"Planning Time":5.502,"Triggers":[],"Execution Time":20913.789}]
[列存组合]: customer, order_line, stock
[{"Plan":{"Node Type":"Sort","Parallel Aware":false,"Async Capable":false,"Startup Cost":2391524.51,"Total Cost":2391524.67,"Plan Rows":62,"Plan Width":40,"Actual Startup Time":11843.014,"Actual Total Time":11843.057,"Actual Rows":11,"Actual Loops":1,"Output":["nation.n_name","(sum(order_line.ol_amount))"],"Sort Key":["(sum(order_line.ol_amount)) DESC"],"Sort Method":"quicksort","Sort Space Used":25,"Sort Space Type":"Memory","Shared Hit Blocks":44341,"Shared Read Blocks":0,"Shared Dirtied Blocks":0,"Shared Written Blocks":0,"Local Hit Blocks":0,"Local Read Blocks":0,"Local Dirtied Blocks":0,"Local Written Blocks":0,"Temp Read Blocks":67001,"Temp Written Blocks":67001,"I/O Read Time":0.0,"I/O Write Time":0.0,"Temp I/O Read Time":105.279,"Temp I/O Write Time":312.67,"Plans":[{"Node Type":"Aggregate","Strategy":"Sorted","Partial Mode":"Simple","Parent Relationship":"Outer","Parallel Aware":false,"Async Capable":false,"Startup Cost":2391370.87,"Total Cost":2391522.67,"Plan Rows":62,"Plan Width":40,"Actual Startup Time":11836.724,"Actual Total Time":11843.039,"Actual Rows":11,"Actual Loops":1,"Output":["nation.n_name","sum(order_line.ol_amount)"],"Group Key":["nation.n_name"],"Shared Hit Blocks":44341,"Shared Read Blocks":0,"Shared Dirtied Blocks":0,"Shared Written Blocks":0,"Local Hit Blocks":0,"Local Read Blocks":0,"Local Dirtied Blocks":0,"Local Written Blocks":0,"Temp Read Blocks":67001,"Temp Written Blocks":67001,"I/O Read Time":0.0,"I/O Write Time":0.0,"Temp I/O Read Time":105.279,"Temp I/O Write Time":312.67,"Plans":[{"Node Type":"Sort","Parent Relationship":"Outer","Parallel Aware":false,"Async Capable":false,"Startup Cost":2391370.87,"Total Cost":2391421.21,"Plan Rows":20136,"Plan Width":12,"Actual Startup Time":11836.286,"Actual Total Time":11838.16,"Actual Rows":35044,"Actual Loops":1,"Output":["nation.n_name","order_line.ol_amount"],"Sort Key":["nation.n_name"],"Sort Method":"quicksort","Sort Space Used":3146,"Sort Space Type":"Memory","Shared Hit Blocks":44341,"Shared Read Blocks":0,"Shared Dirtied Blocks":0,"Shared Written Blocks":0,"Local Hit Blocks":0,"Local Read Blocks":0,"Local Dirtied Blocks":0,"Local Written Blocks":0,"Temp Read Blocks":67001,"Temp Written Blocks":67001,"I/O Read Time":0.0,"I/O Write Time":0.0,"Temp I/O Read Time":105.279,"Temp I/O Write Time":312.67,"Plans":[{"Node Type":"Hash Join","Parent Relationship":"Outer","Parallel Aware":false,"Async Capable":false,"Join Type":"Inner","Startup Cost":871922.53,"Total Cost":2389931.4,"Plan Rows":20136,"Plan Width":12,"Actual Startup Time":5075.233,"Actual Total Time":11819.313,"Actual Rows":35044,"Actual Loops":1,"Output":["nation.n_name","order_line.ol_amount"],"Hash Cond":"((orders.o_c_id = customer.c_id) AND (orders.o_w_id = customer.c_w_id) AND (orders.o_d_id = customer.c_d_id) AND (supplier.su_nationkey = customer.c_nationkey))","Shared Hit Blocks":44341,"Shared Read Blocks":0,"Shared Dirtied Blocks":0,"Shared Written Blocks":0,"Local Hit Blocks":0,"Local Read Blocks":0,"Local Dirtied Blocks":0,"Local Written Blocks":0,"Temp Read Blocks":67001,"Temp Written Blocks":67001,"I/O Read Time":0.0,"I/O Write Time":0.0,"Temp I/O Read Time":105.279,"Temp I/O Write Time":312.67,"Plans":[{"Node Type":"Hash Join","Parent Relationship":"Outer","Parallel Aware":false,"Async Capable":false,"Join Type":"Inner","Startup Cost":212826.24,"Total Cost":1669084.88,"Plan Rows":1242117,"Plan Width":34,"Actual Startup Time":2587.536,"Actual Total Time":7828.302,"Actual Rows":2982388,"Actual Loops":1,"Output":["orders.o_c_id","orders.o_w_id","orders.o_d_id","order_line.ol_amount","order_line.ol_w_id","order_line.ol_d_id","stock.s_w_id","supplier.su_nationkey","nation.n_name","nation.n_nationkey"],"Hash Cond":"((order_line.ol_w_id = orders.o_w_id) AND (order_line.ol_d_id = orders.o_d_id) AND (order_line.ol_o_id = orders.o_id))","Shared Hit Blocks":44341,"Shared Read Blocks":0,"Shared Dirtied Blocks":0,"Shared Written Blocks":0,"Local Hit Blocks":0,"Local Read Blocks":0,"Local Dirtied Blocks":0,"Local Written Blocks":0,"Temp Read Blocks":23127,"Temp Written Blocks":23127,"I/O Read Time":0.0,"I/O Write Time":0.0,"Temp I/O Read Time":36.795,"Temp I/O Write Time":107.794,"Plans":[{"Node Type":"Hash Join","Parent Relationship":"Outer","Parallel Aware":false,"Async Capable":false,"Join Type":"Inner","Startup Cost":59022.58,"Total Cost":1311993.18,"Plan Rows":8467814,"Plan Width":34,"Actual Startup Time":1945.55,"Actual Total Time":5594.166,"Actual Rows":3000322,"Actual Loops":1,"Output":["order_line.ol_amount","order_line.ol_o_id","order_line.ol_w_id","order_line.ol_d_id","stock.s_w_id","supplier.su_nationkey","nation.n_name","nation.n_nationkey"],"Hash Cond":"(mod((stock.s_w_id * stock.s_i_id), 10000) = supplier.su_suppkey)","Shared Hit Blocks":219,"Shared Read Blocks":0,"Shared Dirtied Blocks":0,"Shared Written Blocks":0,"Local Hit Blocks":0,"Local Read Blocks":0,"Local Dirtied Blocks":0,"Local Written Blocks":0,"Temp Read Blocks":0,"Temp Written Blocks":0,"I/O Read Time":0.0,"I/O Write Time":0.0,"Temp I/O Read Time":0.0,"Temp I/O Write Time":0.0,"Plans":[{"Node Type":"Hash Join","Parent Relationship":"Outer","Parallel Aware":false,"Async Capable":false,"Join Type":"Inner","Startup Cost":58620.59,"Total Cost":962293.85,"Plan Rows":42339072,"Plan Width":22,"Actual Startup Time":1942.654,"Actual Total Time":4172.31,"Actual Rows":8620885,"Actual Loops":1,"Output":["order_line.ol_amount","order_line.ol_o_id","order_line.ol_w_id","order_line.ol_d_id","stock.s_w_id","stock.s_i_id"],"Hash Cond":"((order_line.ol_w_id = stock.s_w_id) AND (order_line.ol_i_id = stock.s_i_id))","Rows Removed by Bloom Filter":0,"Shared Hit Blocks":0,"Shared Read Blocks":0,"Shared Dirtied Blocks":0,"Shared Written Blocks":0,"Local Hit Blocks":0,"Local Read Blocks":0,"Local Dirtied Blocks":0,"Local Written Blocks":0,"Temp Read Blocks":0,"Temp Written Blocks":0,"I/O Read Time":0.0,"I/O Write Time":0.0,"Temp I/O Read Time":0.0,"Temp I/O Write Time":0.0,"Plans":[{"Node Type":"Append","Parent Relationship":"Outer","Parallel Aware":false,"Async Capable":false,"Startup Cost":20.0,"Total Cost":1072031.01,"Plan Rows":42039468,"Plan Width":20,"Actual Startup Time":247.457,"Actual Total Time":247.473,"Actual Rows":8620885,"Actual Loops":1,"Shared Hit Blocks":0,"Shared Read Blocks":0,"Shared Dirtied Blocks":0,"Shared Written Blocks":0,"Local Hit Blocks":0,"Local Read Blocks":0,"Local Dirtied Blocks":0,"Local Written Blocks":0,"Temp Read Blocks":0,"Temp Written Blocks":0,"I/O Read Time":0.0,"I/O Write Time":0.0,"Temp I/O Read Time":0.0,"Temp I/O Write Time":0.0,"Subplans Removed":0,"Plans":[{"Node Type":"Custom Scan","Parent Relationship":"Member","Custom Plan Provider":"columnar scan","Parallel Aware":false,"Async Capable":false,"Relation Name":"order_line","Schema":"public","Alias":"order_line","Startup Cost":20.0,"Total Cost":1072026.23,"Plan Rows":42039424,"Plan Width":20,"Actual Startup Time":247.455,"Actual Total Time":247.457,"Actual Rows":8620885,"Actual Loops":1,"Output":["order_line.ol_amount","order_line.ol_o_id","order_line.ol_w_id","order_line.ol_d_id","order_line.ol_i_id"],"Filter":"(order_line.ol_delivery_d >= '1992-01-02 20:10:02.27764'::timestamp without time zone)","Rows Removed by Filter":0,"Rows Removed by Columnar Filter":51372876,"Rows Filtered by Bloom Filter":0,"Dictionary Rows Filtered by Bloom Filter":51372876,"Columnar cache search mode":"native","Shared Hit Blocks":0,"Shared Read Blocks":0,"Shared Dirtied Blocks":0,"Shared Written Blocks":0,"Local Hit Blocks":0,"Local Read Blocks":0,"Local Dirtied Blocks":0,"Local Written Blocks":0,"Temp Read Blocks":0,"Temp Written Blocks":0,"I/O Read Time":0.0,"I/O Write Time":0.0,"Temp I/O Read Time":0.0,"Temp I/O Write Time":0.0},{"Node Type":"Seq Scan","Parent Relationship":"Member","Parallel Aware":false,"Async Capable":false,"Relation Name":"order_line","Schema":"public","Alias":"order_line","Startup Cost":0.0,"Total Cost":4.79,"Plan Rows":44,"Plan Width":20,"Actual Startup Time":0.0,"Actual Total Time":0.0,"Actual Rows":0,"Actual Loops":0,"Output":["order_line.ol_amount","order_line.ol_o_id","order_line.ol_w_id","order_line.ol_d_id","order_line.ol_i_id"],"Filter":"(order_line.ol_delivery_d >= '1992-01-02 20:10:02.27764'::timestamp without time zone)","Rows Removed by Filter":0,"Shared Hit Blocks":0,"Shared Read Blocks":0,"Shared Dirtied Blocks":0,"Shared Written Blocks":0,"Local Hit Blocks":0,"Local Read Blocks":0,"Local Dirtied Blocks":0,"Local Written Blocks":0,"Temp Read Blocks":0,"Temp Written Blocks":0,"I/O Read Time":0.0,"I/O Write Time":0.0,"Temp I/O Read Time":0.0,"Temp I/O Write Time":0.0}]},{"Node Type":"Hash","Parent Relationship":"Inner","Parallel Aware":false,"Async Capable":false,"Startup Cost":390026.22,"Total Cost":390026.22,"Plan Rows":20000212,"Plan Width":6,"Actual Rows":20000000,"Actual Loops":1,"Output":["stock.s_w_id","stock.s_i_id"],"Shared Hit Blocks":0,"Shared Read Blocks":0,"Shared Dirtied Blocks":0,"Shared Written Blocks":0,"Local Hit Blocks":0,"Local Read Blocks":0,"Local Dirtied Blocks":0,"Local Written Blocks":0,"Temp Read Blocks":0,"Temp Written Blocks":0,"I/O Read Time":0.0,"I/O Write Time":0.0,"Temp I/O Read Time":0.0,"Temp I/O Write Time":0.0,"Plans":[{"Node Type":"Append","Parent Relationship":"Outer","Parallel Aware":false,"Async Capable":false,"Startup Cost":20.0,"Total Cost":390026.22,"Plan Rows":20000212,"Plan Width":6,"Actual Startup Time":0.446,"Actual Total Time":0.448,"Actual Rows":20000000,"Actual Loops":1,"Shared Hit Blocks":0,"Shared Read Blocks":0,"Shared Dirtied Blocks":0,"Shared Written Blocks":0,"Local Hit Blocks":0,"Local Read Blocks":0,"Local Dirtied Blocks":0,"Local Written Blocks":0,"Temp Read Blocks":0,"Temp Written Blocks":0,"I/O Read Time":0.0,"I/O Write Time":0.0,"Temp I/O Read Time":0.0,"Temp I/O Write Time":0.0,"Subplans Removed":0,"Plans":[{"Node Type":"Custom Scan","Parent Relationship":"Member","Custom Plan Provider":"columnar scan","Parallel Aware":false,"Async Capable":false,"Relation Name":"stock","Schema":"public","Alias":"stock","Startup Cost":20.0,"Total Cost":390020.1,"Plan Rows":20000000,"Plan Width":6,"Actual Startup Time":0.444,"Actual Total Time":0.444,"Actual Rows":20000000,"Actual Loops":1,"Output":["stock.s_w_id","stock.s_i_id"],"Rows Removed by Columnar Filter":0,"Columnar cache search mode":"native","Shared Hit Blocks":0,"Shared Read Blocks":0,"Shared Dirtied Blocks":0,"Shared Written Blocks":0,"Local Hit Blocks":0,"Local Read Blocks":0,"Local Dirtied Blocks":0,"Local Written Blocks":0,"Temp Read Blocks":0,"Temp Written Blocks":0,"I/O Read Time":0.0,"I/O Write Time":0.0,"Temp I/O Read Time":0.0,"Temp I/O Write Time":0.0},{"Node Type":"Seq Scan","Parent Relationship":"Member","Parallel Aware":false,"Async Capable":false,"Relation Name":"stock","Schema":"public","Alias":"stock","Startup Cost":0.0,"Total Cost":6.12,"Plan Rows":212,"Plan Width":6,"Actual Startup Time":0.0,"Actual Total Time":0.0,"Actual Rows":0,"Actual Loops":0,"Output":["stock.s_w_id","stock.s_i_id"],"Shared Hit Blocks":0,"Shared Read Blocks":0,"Shared Dirtied Blocks":0,"Shared Written Blocks":0,"Local Hit Blocks":0,"Local Read Blocks":0,"Local Dirtied Blocks":0,"Local Written Blocks":0,"Temp Read Blocks":0,"Temp Written Blocks":0,"I/O Read Time":0.0,"I/O Write Time":0.0,"Temp I/O Read Time":0.0,"Temp I/O Write Time":0.0}]}]}]},{"Node Type":"Hash","Parent Relationship":"Inner","Parallel Aware":false,"Async Capable":false,"Startup Cost":376.99,"Total Cost":376.99,"Plan Rows":2000,"Plan Width":20,"Actual Startup Time":2.86,"Actual Total Time":2.871,"Actual Rows":3506,"Actual Loops":1,"Output":["supplier.su_suppkey","supplier.su_nationkey","nation.n_name","nation.n_nationkey"],"Hash Buckets":4096,"Original Hash Buckets":2048,"Hash Batches":1,"Original Hash Batches":1,"Peak Memory Usage":217,"Shared Hit Blocks":219,"Shared Read Blocks":0,"Shared Dirtied Blocks":0,"Shared Written Blocks":0,"Local Hit Blocks":0,"Local Read Blocks":0,"Local Dirtied Blocks":0,"Local Written Blocks":0,"Temp Read Blocks":0,"Temp Written Blocks":0,"I/O Read Time":0.0,"I/O Write Time":0.0,"Temp I/O Read Time":0.0,"Temp I/O Write Time":0.0,"Plans":[{"Node Type":"Hash Join","Parent Relationship":"Outer","Parallel Aware":false,"Async Capable":false,"Join Type":"Inner","Startup Cost":3.14,"Total Cost":376.99,"Plan Rows":2000,"Plan Width":20,"Actual Startup Time":0.074,"Actual Total Time":2.281,"Actual Rows":3506,"Actual Loops":1,"Output":["supplier.su_suppkey","supplier.su_nationkey","nation.n_name","nation.n_nationkey"],"Hash Cond":"(supplier.su_nationkey = nation.n_nationkey)","Shared Hit Blocks":219,"Shared Read Blocks":0,"Shared Dirtied Blocks":0,"Shared Written Blocks":0,"Local Hit Blocks":0,"Local Read Blocks":0,"Local Dirtied Blocks":0,"Local Written Blocks":0,"Temp Read Blocks":0,"Temp Written Blocks":0,"I/O Read Time":0.0,"I/O Write Time":0.0,"Temp I/O Read Time":0.0,"Temp I/O Write Time":0.0,"Plans":[{"Node Type":"Seq Scan","Parent Relationship":"Outer","Parallel Aware":false,"Async Capable":false,"Relation Name":"supplier","Schema":"public","Alias":"supplier","Startup Cost":0.0,"Total Cost":317.0,"Plan Rows":10000,"Plan Width":8,"Actual Startup Time":0.014,"Actual Total Time":0.774,"Actual Rows":10000,"Actual Loops":1,"Output":["supplier.su_suppkey","supplier.su_name","supplier.su_address","supplier.su_nationkey","supplier.su_phone","supplier.su_acctbal","supplier.su_comment"],"Shared Hit Blocks":217,"Shared Read Blocks":0,"Shared Dirtied Blocks":0,"Shared Written Blocks":0,"Local Hit Blocks":0,"Local Read Blocks":0,"Local Dirtied Blocks":0,"Local Written Blocks":0,"Temp Read Blocks":0,"Temp Written Blocks":0,"I/O Read Time":0.0,"I/O Write Time":0.0,"Temp I/O Read Time":0.0,"Temp I/O Write Time":0.0},{"Node Type":"Hash","Parent Relationship":"Inner","Parallel Aware":false,"Async Capable":false,"Startup Cost":2.99,"Total Cost":2.99,"Plan Rows":12,"Plan Width":12,"Actual Startup Time":0.051,"Actual Total Time":0.059,"Actual Rows":22,"Actual Loops":1,"Output":["nation.n_name","nation.n_nationkey"],"Hash Buckets":1024,"Original Hash Buckets":1024,"Hash Batches":1,"Original Hash Batches":1,"Peak Memory Usage":9,"Shared Hit Blocks":2,"Shared Read Blocks":0,"Shared Dirtied Blocks":0,"Shared Written Blocks":0,"Local Hit Blocks":0,"Local Read Blocks":0,"Local Dirtied Blocks":0,"Local Written Blocks":0,"Temp Read Blocks":0,"Temp Written Blocks":0,"I/O Read Time":0.0,"I/O Write Time":0.0,"Temp I/O Read Time":0.0,"Temp I/O Write Time":0.0,"Plans":[{"Node Type":"Hash Join","Parent Relationship":"Outer","Parallel Aware":false,"Async Capable":false,"Join Type":"Inner","Startup Cost":1.07,"Total Cost":2.99,"Plan Rows":12,"Plan Width":12,"Actual Startup Time":0.032,"Actual Total Time":0.051,"Actual Rows":22,"Actual Loops":1,"Output":["nation.n_name","nation.n_nationkey"],"Hash Cond":"(nation.n_regionkey = region.r_regionkey)","Shared Hit Blocks":2,"Shared Read Blocks":0,"Shared Dirtied Blocks":0,"Shared Written Blocks":0,"Local Hit Blocks":0,"Local Read Blocks":0,"Local Dirtied Blocks":0,"Local Written Blocks":0,"Temp Read Blocks":0,"Temp Written Blocks":0,"I/O Read Time":0.0,"I/O Write Time":0.0,"Temp I/O Read Time":0.0,"Temp I/O Write Time":0.0,"Plans":[{"Node Type":"Seq Scan","Parent Relationship":"Outer","Parallel Aware":false,"Async Capable":false,"Relation Name":"nation","Schema":"public","Alias":"nation","Startup Cost":0.0,"Total Cost":1.62,"Plan Rows":62,"Plan Width":16,"Actual Startup Time":0.004,"Actual Total Time":0.008,"Actual Rows":62,"Actual Loops":1,"Output":["nation.n_nationkey","nation.n_name","nation.n_regionkey","nation.n_comment"],"Shared Hit Blocks":1,"Shared Read Blocks":0,"Shared Dirtied Blocks":0,"Shared Written Blocks":0,"Local Hit Blocks":0,"Local Read Blocks":0,"Local Dirtied Blocks":0,"Local Written Blocks":0,"Temp Read Blocks":0,"Temp Written Blocks":0,"I/O Read Time":0.0,"I/O Write Time":0.0,"Temp I/O Read Time":0.0,"Temp I/O Write Time":0.0},{"Node Type":"Hash","Parent Relationship":"Inner","Parallel Aware":false,"Async Capable":false,"Startup Cost":1.06,"Total Cost":1.06,"Plan Rows":1,"Plan Width":4,"Actual Startup Time":0.013,"Actual Total Time":0.015,"Actual Rows":1,"Actual Loops":1,"Output":["region.r_regionkey"],"Hash Buckets":1024,"Original Hash Buckets":1024,"Hash Batches":1,"Original Hash Batches":1,"Peak Memory Usage":9,"Shared Hit Blocks":1,"Shared Read Blocks":0,"Shared Dirtied Blocks":0,"Shared Written Blocks":0,"Local Hit Blocks":0,"Local Read Blocks":0,"Local Dirtied Blocks":0,"Local Written Blocks":0,"Temp Read Blocks":0,"Temp Written Blocks":0,"I/O Read Time":0.0,"I/O Write Time":0.0,"Temp I/O Read Time":0.0,"Temp I/O Write Time":0.0,"Plans":[{"Node Type":"Seq Scan","Parent Relationship":"Outer","Parallel Aware":false,"Async Capable":false,"Relation Name":"region","Schema":"public","Alias":"region","Startup Cost":0.0,"Total Cost":1.06,"Plan Rows":1,"Plan Width":4,"Actual Startup Time":0.009,"Actual Total Time":0.009,"Actual Rows":1,"Actual Loops":1,"Output":["region.r_regionkey"],"Filter":"((region.r_name)::text = 'Europe'::text)","Rows Removed by Filter":4,"Shared Hit Blocks":1,"Shared Read Blocks":0,"Shared Dirtied Blocks":0,"Shared Written Blocks":0,"Local Hit Blocks":0,"Local Read Blocks":0,"Local Dirtied Blocks":0,"Local Written Blocks":0,"Temp Read Blocks":0,"Temp Written Blocks":0,"I/O Read Time":0.0,"I/O Write Time":0.0,"Temp I/O Read Time":0.0,"Temp I/O Write Time":0.0}]}]}]}]}]}]},{"Node Type":"Hash","Parent Relationship":"Inner","Parallel Aware":false,"Async Capable":false,"Startup Cost":134121.52,"Total Cost":134121.52,"Plan Rows":879322,"Plan Width":16,"Actual Startup Time":640.332,"Actual Total Time":640.334,"Actual Rows":856801,"Actual Loops":1,"Output":["orders.o_c_id","orders.o_w_id","orders.o_d_id","orders.o_id"],"Hash Buckets":262144,"Original Hash Buckets":262144,"Hash Batches":8,"Original Hash Batches":8,"Peak Memory Usage":7070,"Shared Hit Blocks":44122,"Shared Read Blocks":0,"Shared Dirtied Blocks":0,"Shared Written Blocks":0,"Local Hit Blocks":0,"Local Read Blocks":0,"Local Dirtied Blocks":0,"Local Written Blocks":0,"Temp Read Blocks":0,"Temp Written Blocks":3290,"I/O Read Time":0.0,"I/O Write Time":0.0,"Temp I/O Read Time":0.0,"Temp I/O Write Time":16.1,"Plans":[{"Node Type":"Seq Scan","Parent Relationship":"Outer","Parallel Aware":false,"Async Capable":false,"Relation Name":"orders","Schema":"public","Alias":"orders","Startup Cost":0.0,"Total Cost":134121.52,"Plan Rows":879322,"Plan Width":16,"Actual Startup Time":0.618,"Actual Total Time":440.291,"Actual Rows":856801,"Actual Loops":1,"Output":["orders.o_c_id","orders.o_w_id","orders.o_d_id","orders.o_id"],"Filter":"((orders.o_entry_d >= '1993-01-02 20:10:02.27764'::timestamp without time zone) AND (orders.o_entry_d < '1994-01-02 20:10:02.27764'::timestamp without time zone))","Rows Removed by Filter":5143199,"Shared Hit Blocks":44122,"Shared Read Blocks":0,"Shared Dirtied Blocks":0,"Shared Written Blocks":0,"Local Hit Blocks":0,"Local Read Blocks":0,"Local Dirtied Blocks":0,"Local Written Blocks":0,"Temp Read Blocks":0,"Temp Written Blocks":0,"I/O Read Time":0.0,"I/O Write Time":0.0,"Temp I/O Read Time":0.0,"Temp I/O Write Time":0.0}]}]},{"Node Type":"Hash","Parent Relationship":"Inner","Parallel Aware":false,"Async Capable":false,"Startup Cost":509795.49,"Total Cost":509795.49,"Plan Rows":6000140,"Plan Width":12,"Actual Startup Time":2375.042,"Actual Total Time":2375.045,"Actual Rows":6000000,"Actual Loops":1,"Output":["customer.c_id","customer.c_w_id","customer.c_d_id","customer.c_nationkey"],"Hash Buckets":262144,"Original Hash Buckets":262144,"Hash Batches":64,"Original Hash Batches":64,"Peak Memory Usage":6083,"Shared Hit Blocks":0,"Shared Read Blocks":0,"Shared Dirtied Blocks":0,"Shared Written Blocks":0,"Local Hit Blocks":0,"Local Read Blocks":0,"Local Dirtied Blocks":0,"Local Written Blocks":0,"Temp Read Blocks":0,"Temp Written Blocks":23035,"I/O Read Time":0.0,"I/O Write Time":0.0,"Temp I/O Read Time":0.0,"Temp I/O Write Time":107.266,"Plans":[{"Node Type":"Append","Parent Relationship":"Outer","Parallel Aware":false,"Async Capable":false,"Startup Cost":20.0,"Total Cost":509795.49,"Plan Rows":6000140,"Plan Width":12,"Actual Startup Time":0.041,"Actual Total Time":1315.077,"Actual Rows":6000000,"Actual Loops":1,"Shared Hit Blocks":0,"Shared Read Blocks":0,"Shared Dirtied Blocks":0,"Shared Written Blocks":0,"Local Hit Blocks":0,"Local Read Blocks":0,"Local Dirtied Blocks":0,"Local Written Blocks":0,"Temp Read Blocks":0,"Temp Written Blocks":0,"I/O Read Time":0.0,"I/O Write Time":0.0,"Temp I/O Read Time":0.0,"Temp I/O Write Time":0.0,"Subplans Removed":0,"Plans":[{"Node Type":"Custom Scan","Parent Relationship":"Member","Custom Plan Provider":"columnar scan","Parallel Aware":false,"Async Capable":false,"Relation Name":"customer","Schema":"public","Alias":"customer","Startup Cost":20.0,"Total Cost":141020.06,"Plan Rows":6000000,"Plan Width":12,"Actual Startup Time":0.039,"Actual Total Time":898.263,"Actual Rows":6000000,"Actual Loops":1,"Output":["customer.c_id","customer.c_w_id","customer.c_d_id","customer.c_nationkey"],"Rows Removed by Columnar Filter":0,"Columnar cache search mode":"native","Shared Hit Blocks":0,"Shared Read Blocks":0,"Shared Dirtied Blocks":0,"Shared Written Blocks":0,"Local Hit Blocks":0,"Local Read Blocks":0,"Local Dirtied Blocks":0,"Local Written Blocks":0,"Temp Read Blocks":0,"Temp Written Blocks":0,"I/O Read Time":0.0,"I/O Write Time":0.0,"Temp I/O Read Time":0.0,"Temp I/O Write Time":0.0},{"Node Type":"Seq Scan","Parent Relationship":"Member","Parallel Aware":false,"Async Capable":false,"Relation Name":"customer","Schema":"public","Alias":"customer","Startup Cost":0.0,"Total Cost":5.4,"Plan Rows":140,"Plan Width":12,"Actual Startup Time":0.0,"Actual Total Time":0.0,"Actual Rows":0,"Actual Loops":0,"Output":["customer.c_id","customer.c_w_id","customer.c_d_id","customer.c_nationkey"],"Shared Hit Blocks":0,"Shared Read Blocks":0,"Shared Dirtied Blocks":0,"Shared Written Blocks":0,"Local Hit Blocks":0,"Local Read Blocks":0,"Local Dirtied Blocks":0,"Local Written Blocks":0,"Temp Read Blocks":0,"Temp Written Blocks":0,"I/O Read Time":0.0,"I/O Write Time":0.0,"Temp I/O Read Time":0.0,"Temp I/O Write Time":0.0}]}]}]}]}]}]},"Planning":{"Shared Hit Blocks":220,"Shared Read Blocks":0,"Shared Dirtied Blocks":0,"Shared Written Blocks":0,"Local Hit Blocks":0,"Local Read Blocks":0,"Local Dirtied Blocks":0,"Local Written Blocks":0,"Temp Read Blocks":0,"Temp Written Blocks":0,"I/O Read Time":0.0,"I/O Write Time":0.0,"Temp I/O Read Time":0.0,"Temp I/O Write Time":0.0},"Planning Time":8.965,"Triggers":[],"Execution Time":11848.393}]
[列存组合]: customer, order_line, supplier
[{"Plan":{"Node Type":"Sort","Parallel Aware":false,"Async Capable":false,"Startup Cost":4048009.96,"Total Cost":4048010.11,"Plan Rows":62,"Plan Width":40,"Actual Startup Time":20942.634,"Actual Total Time":20942.669,"Actual Rows":11,"Actual Loops":1,"Output":["nation.n_name","(sum(order_line.ol_amount))"],"Sort Key":["(sum(order_line.ol_amount)) DESC"],"Sort Method":"quicksort","Sort Space Used":25,"Sort Space Type":"Memory","Shared Hit Blocks":98797,"Shared Read Blocks":0,"Shared Dirtied Blocks":0,"Shared Written Blocks":0,"Local Hit Blocks":0,"Local Read Blocks":0,"Local Dirtied Blocks":0,"Local Written Blocks":0,"Temp Read Blocks":131755,"Temp Written Blocks":131809,"I/O Read Time":0.0,"I/O Write Time":0.0,"Temp I/O Read Time":207.501,"Temp I/O Write Time":546.576,"Plans":[{"Node Type":"Aggregate","Strategy":"Sorted","Partial Mode":"Simple","Parent Relationship":"Outer","Parallel Aware":false,"Async Capable":false,"Startup Cost":4047856.32,"Total Cost":4048008.11,"Plan Rows":62,"Plan Width":40,"Actual Startup Time":20936.703,"Actual Total Time":20942.651,"Actual Rows":11,"Actual Loops":1,"Output":["nation.n_name","sum(order_line.ol_amount)"],"Group Key":["nation.n_name"],"Shared Hit Blocks":98797,"Shared Read Blocks":0,"Shared Dirtied Blocks":0,"Shared Written Blocks":0,"Local Hit Blocks":0,"Local Read Blocks":0,"Local Dirtied Blocks":0,"Local Written Blocks":0,"Temp Read Blocks":131755,"Temp Written Blocks":131809,"I/O Read Time":0.0,"I/O Write Time":0.0,"Temp I/O Read Time":207.501,"Temp I/O Write Time":546.576,"Plans":[{"Node Type":"Sort","Parent Relationship":"Outer","Parallel Aware":false,"Async Capable":false,"Startup Cost":4047856.32,"Total Cost":4047906.66,"Plan Rows":20136,"Plan Width":12,"Actual Startup Time":20936.263,"Actual Total Time":20938.095,"Actual Rows":35044,"Actual Loops":1,"Output":["nation.n_name","order_line.ol_amount"],"Sort Key":["nation.n_name"],"Sort Method":"quicksort","Sort Space Used":3146,"Sort Space Type":"Memory","Shared Hit Blocks":98797,"Shared Read Blocks":0,"Shared Dirtied Blocks":0,"Shared Written Blocks":0,"Local Hit Blocks":0,"Local Read Blocks":0,"Local Dirtied Blocks":0,"Local Written Blocks":0,"Temp Read Blocks":131755,"Temp Written Blocks":131809,"I/O Read Time":0.0,"I/O Write Time":0.0,"Temp I/O Read Time":207.501,"Temp I/O Write Time":546.576,"Plans":[{"Node Type":"Hash Join","Parent Relationship":"Outer","Parallel Aware":false,"Async Capable":false,"Join Type":"Inner","Startup Cost":3398548.87,"Total Cost":4046416.85,"Plan Rows":20136,"Plan Width":12,"Actual Startup Time":17014.024,"Actual Total Time":20917.233,"Actual Rows":35044,"Actual Loops":1,"Output":["nation.n_name","order_line.ol_amount"],"Inner Unique":true,"Hash Cond":"((mod((stock.s_w_id * stock.s_i_id), 10000) = supplier.su_suppkey) AND (customer.c_nationkey = supplier.su_nationkey))","Shared Hit Blocks":98797,"Shared Read Blocks":0,"Shared Dirtied Blocks":0,"Shared Written Blocks":0,"Local Hit Blocks":0,"Local Read Blocks":0,"Local Dirtied Blocks":0,"Local Written Blocks":0,"Temp Read Blocks":131755,"Temp Written Blocks":131809,"I/O Read Time":0.0,"I/O Write Time":0.0,"Temp I/O Read Time":207.501,"Temp I/O Write Time":546.576,"Plans":[{"Node Type":"Merge Join","Parent Relationship":"Outer","Parallel Aware":false,"Async Capable":false,"Join Type":"Inner","Startup Cost":3398179.84,"Total Cost":4039212.85,"Plan Rows":1242717,"Plan Width":26,"Actual Startup Time":17010.491,"Actual Total Time":20620.574,"Actual Rows":2218175,"Actual Loops":1,"Output":["customer.c_nationkey","order_line.ol_amount","stock.s_w_id","stock.s_i_id","nation.n_name","nation.n_nationkey"],"Inner Unique":true,"Merge Cond":"((customer.c_w_id = stock.s_w_id) AND (order_line.ol_i_id = stock.s_i_id))","Shared Hit Blocks":98797,"Shared Read Blocks":0,"Shared Dirtied Blocks":0,"Shared Written Blocks":0,"Local Hit Blocks":0,"Local Read Blocks":0,"Local Dirtied Blocks":0,"Local Written Blocks":0,"Temp Read Blocks":131755,"Temp Written Blocks":131809,"I/O Read Time":0.0,"I/O Write Time":0.0,"Temp I/O Read Time":207.501,"Temp I/O Write Time":546.576,"Plans":[{"Node Type":"Sort","Parent Relationship":"Outer","Parallel Aware":false,"Async Capable":false,"Startup Cost":3398179.41,"Total Cost":3401259.94,"Plan Rows":1232214,"Plan Width":30,"Actual Startup Time":17010.426,"Actual Total Time":17609.779,"Actual Rows":2218175,"Actual Loops":1,"Output":["customer.c_w_id","customer.c_nationkey","orders.o_w_id","order_line.ol_amount","order_line.ol_w_id","order_line.ol_i_id","nation.n_name","nation.n_nationkey"],"Sort Key":["customer.c_w_id","order_line.ol_i_id"],"Sort Method":"external merge","Sort Space Used":94520,"Sort Space Type":"Disk","Shared Hit Blocks":44124,"Shared Read Blocks":0,"Shared Dirtied Blocks":0,"Shared Written Blocks":0,"Local Hit Blocks":0,"Local Read Blocks":0,"Local Dirtied Blocks":0,"Local Written Blocks":0,"Temp Read Blocks":131755,"Temp Written Blocks":131809,"I/O Read Time":0.0,"I/O Write Time":0.0,"Temp I/O Read Time":207.501,"Temp I/O Write Time":546.576,"Plans":[{"Node Type":"Hash Join","Parent Relationship":"Outer","Parallel Aware":false,"Async Capable":false,"Join Type":"Inner","Startup Cost":797922.74,"Total Cost":3214555.58,"Plan Rows":1232214,"Plan Width":30,"Actual Startup Time":2980.2,"Actual Total Time":14372.466,"Actual Rows":2218175,"Actual Loops":1,"Output":["customer.c_w_id","customer.c_nationkey","orders.o_w_id","order_line.ol_amount","order_line.ol_w_id","order_line.ol_i_id","nation.n_name","nation.n_nationkey"],"Inner Unique":false,"Hash Cond":"(customer.c_nationkey = nation.n_nationkey)","Shared Hit Blocks":44124,"Shared Read Blocks":0,"Shared Dirtied Blocks":0,"Shared Written Blocks":0,"Local Hit Blocks":0,"Local Read Blocks":0,"Local Dirtied Blocks":0,"Local Written Blocks":0,"Temp Read Blocks":108135,"Temp Written Blocks":108135,"I/O Read Time":0.0,"I/O Write Time":0.0,"Temp I/O Read Time":171.138,"Temp I/O Write Time":483.282,"Plans":[{"Node Type":"Hash Join","Parent Relationship":"Outer","Parallel Aware":false,"Async Capable":false,"Join Type":"Inner","Startup Cost":797919.6,"Total Cost":3179523.77,"Plan Rows":6161071,"Plan Width":18,"Actual Startup Time":2973.485,"Actual Total Time":13529.258,"Actual Rows":8568663,"Actual Loops":1,"Output":["customer.c_w_id","customer.c_nationkey","orders.o_w_id","order_line.ol_amount","order_line.ol_w_id","order_line.ol_i_id"],"Inner Unique":true,"Hash Cond":"((orders.o_c_id = customer.c_id) AND (orders.o_w_id = customer.c_w_id) AND (orders.o_d_id = customer.c_d_id))","Shared Hit Blocks":44122,"Shared Read Blocks":0,"Shared Dirtied Blocks":0,"Shared Written Blocks":0,"Local Hit Blocks":0,"Local Read Blocks":0,"Local Dirtied Blocks":0,"Local Written Blocks":0,"Temp Read Blocks":108135,"Temp Written Blocks":108135,"I/O Read Time":0.0,"I/O Write Time":0.0,"Temp I/O Read Time":171.138,"Temp I/O Write Time":483.282,"Plans":[{"Node Type":"Hash Join","Parent Relationship":"Outer","Parallel Aware":false,"Async Capable":false,"Join Type":"Inner","Startup Cost":153823.65,"Total Cost":2385409.38,"Plan Rows":6161071,"Plan Width":20,"Actual Startup Time":643.08,"Actual Total Time":6886.464,"Actual Rows":8568663,"Actual Loops":1,"Output":["orders.o_c_id","orders.o_w_id","orders.o_d_id","order_line.ol_amount","order_line.ol_w_id","order_line.ol_d_id","order_line.ol_i_id"],"Inner Unique":true,"Hash Cond":"((order_line.ol_w_id = orders.o_w_id) AND (order_line.ol_d_id = orders.o_d_id) AND (order_line.ol_o_id = orders.o_id))","Shared Hit Blocks":44122,"Shared Read Blocks":0,"Shared Dirtied Blocks":0,"Shared Written Blocks":0,"Local Hit Blocks":0,"Local Read Blocks":0,"Local Dirtied Blocks":0,"Local Written Blocks":0,"Temp Read Blocks":43816,"Temp Written Blocks":43816,"I/O Read Time":0.0,"I/O Write Time":0.0,"Temp I/O Read Time":69.42,"Temp I/O Write Time":189.25,"Plans":[{"Node Type":"Append","Parent Relationship":"Outer","Parallel Aware":false,"Async Capable":false,"Startup Cost":20.0,"Total Cost":1403598.82,"Plan Rows":42039468,"Plan Width":20,"Actual Startup Time":1.416,"Actual Total Time":2578.932,"Actual Rows":8620885,"Actual Loops":1,"Shared Hit Blocks":0,"Shared Read Blocks":0,"Shared Dirtied Blocks":0,"Shared Written Blocks":0,"Local Hit Blocks":0,"Local Read Blocks":0,"Local Dirtied Blocks":0,"Local Written Blocks":0,"Temp Read Blocks":0,"Temp Written Blocks":0,"I/O Read Time":0.0,"I/O Write Time":0.0,"Temp I/O Read Time":0.0,"Temp I/O Write Time":0.0,"Subplans Removed":0,"Plans":[{"Node Type":"Custom Scan","Parent Relationship":"Member","Custom Plan Provider":"columnar scan","Parallel Aware":false,"Async Capable":false,"Relation Name":"order_line","Schema":"public","Alias":"order_line","Startup Cost":20.0,"Total Cost":1072026.23,"Plan Rows":42039424,"Plan Width":20,"Actual Startup Time":1.414,"Actual Total Time":1978.706,"Actual Rows":8620885,"Actual Loops":1,"Output":["order_line.ol_amount","order_line.ol_o_id","order_line.ol_w_id","order_line.ol_d_id","order_line.ol_i_id"],"Filter":"(order_line.ol_delivery_d >= '1992-01-02 20:10:02.27764'::timestamp without time zone)","Rows Removed by Filter":0,"Rows Removed by Columnar Filter":51372876,"Rows Filtered by Bloom Filter":0,"Dictionary Rows Filtered by Bloom Filter":51372876,"Columnar cache search mode":"native","Shared Hit Blocks":0,"Shared Read Blocks":0,"Shared Dirtied Blocks":0,"Shared Written Blocks":0,"Local Hit Blocks":0,"Local Read Blocks":0,"Local Dirtied Blocks":0,"Local Written Blocks":0,"Temp Read Blocks":0,"Temp Written Blocks":0,"I/O Read Time":0.0,"I/O Write Time":0.0,"Temp I/O Read Time":0.0,"Temp I/O Write Time":0.0},{"Node Type":"Seq Scan","Parent Relationship":"Member","Parallel Aware":false,"Async Capable":false,"Relation Name":"order_line","Schema":"public","Alias":"order_line","Startup Cost":0.0,"Total Cost":4.79,"Plan Rows":44,"Plan Width":20,"Actual Startup Time":0.0,"Actual Total Time":0.0,"Actual Rows":0,"Actual Loops":0,"Output":["order_line.ol_amount","order_line.ol_o_id","order_line.ol_w_id","order_line.ol_d_id","order_line.ol_i_id"],"Filter":"(order_line.ol_delivery_d >= '1992-01-02 20:10:02.27764'::timestamp without time zone)","Rows Removed by Filter":0,"Shared Hit Blocks":0,"Shared Read Blocks":0,"Shared Dirtied Blocks":0,"Shared Written Blocks":0,"Local Hit Blocks":0,"Local Read Blocks":0,"Local Dirtied Blocks":0,"Local Written Blocks":0,"Temp Read Blocks":0,"Temp Written Blocks":0,"I/O Read Time":0.0,"I/O Write Time":0.0,"Temp I/O Read Time":0.0,"Temp I/O Write Time":0.0}]},{"Node Type":"Hash","Parent Relationship":"Inner","Parallel Aware":false,"Async Capable":false,"Startup Cost":134121.52,"Total Cost":134121.52,"Plan Rows":879322,"Plan Width":16,"Actual Startup Time":640.413,"Actual Total Time":640.417,"Actual Rows":856801,"Actual Loops":1,"Output":["orders.o_c_id","orders.o_w_id","orders.o_d_id","orders.o_id"],"Hash Buckets":262144,"Original Hash Buckets":262144,"Hash Batches":8,"Original Hash Batches":8,"Peak Memory Usage":7070,"Shared Hit Blocks":44122,"Shared Read Blocks":0,"Shared Dirtied Blocks":0,"Shared Written Blocks":0,"Local Hit Blocks":0,"Local Read Blocks":0,"Local Dirtied Blocks":0,"Local Written Blocks":0,"Temp Read Blocks":0,"Temp Written Blocks":3290,"I/O Read Time":0.0,"I/O Write Time":0.0,"Temp I/O Read Time":0.0,"Temp I/O Write Time":15.413,"Plans":[{"Node Type":"Seq Scan","Parent Relationship":"Outer","Parallel Aware":false,"Async Capable":false,"Relation Name":"orders","Schema":"public","Alias":"orders","Startup Cost":0.0,"Total Cost":134121.52,"Plan Rows":879322,"Plan Width":16,"Actual Startup Time":0.604,"Actual Total Time":442.386,"Actual Rows":856801,"Actual Loops":1,"Output":["orders.o_c_id","orders.o_w_id","orders.o_d_id","orders.o_id"],"Filter":"((orders.o_entry_d >= '1993-01-02 20:10:02.27764'::timestamp without time zone) AND (orders.o_entry_d < '1994-01-02 20:10:02.27764'::timestamp without time zone))","Rows Removed by Filter":5143199,"Shared Hit Blocks":44122,"Shared Read Blocks":0,"Shared Dirtied Blocks":0,"Shared Written Blocks":0,"Local Hit Blocks":0,"Local Read Blocks":0,"Local Dirtied Blocks":0,"Local Written Blocks":0,"Temp Read Blocks":0,"Temp Written Blocks":0,"I/O Read Time":0.0,"I/O Write Time":0.0,"Temp I/O Read Time":0.0,"Temp I/O Write Time":0.0}]}]},{"Node Type":"Hash","Parent Relationship":"Inner","Parallel Aware":false,"Async Capable":false,"Startup Cost":509795.49,"Total Cost":509795.49,"Plan Rows":6000140,"Plan Width":12,"Actual Startup Time":2324.237,"Actual Total Time":2324.241,"Actual Rows":6000000,"Actual Loops":1,"Output":["customer.c_id","customer.c_w_id","customer.c_d_id","customer.c_nationkey"],"Hash Buckets":262144,"Original Hash Buckets":262144,"Hash Batches":64,"Original Hash Batches":64,"Peak Memory Usage":6073,"Shared Hit Blocks":0,"Shared Read Blocks":0,"Shared Dirtied Blocks":0,"Shared Written Blocks":0,"Local Hit Blocks":0,"Local Read Blocks":0,"Local Dirtied Blocks":0,"Local Written Blocks":0,"Temp Read Blocks":0,"Temp Written Blocks":23037,"I/O Read Time":0.0,"I/O Write Time":0.0,"Temp I/O Read Time":0.0,"Temp I/O Write Time":102.195,"Plans":[{"Node Type":"Append","Parent Relationship":"Outer","Parallel Aware":false,"Async Capable":false,"Startup Cost":20.0,"Total Cost":509795.49,"Plan Rows":6000140,"Plan Width":12,"Actual Startup Time":0.014,"Actual Total Time":1313.653,"Actual Rows":6000000,"Actual Loops":1,"Shared Hit Blocks":0,"Shared Read Blocks":0,"Shared Dirtied Blocks":0,"Shared Written Blocks":0,"Local Hit Blocks":0,"Local Read Blocks":0,"Local Dirtied Blocks":0,"Local Written Blocks":0,"Temp Read Blocks":0,"Temp Written Blocks":0,"I/O Read Time":0.0,"I/O Write Time":0.0,"Temp I/O Read Time":0.0,"Temp I/O Write Time":0.0,"Subplans Removed":0,"Plans":[{"Node Type":"Custom Scan","Parent Relationship":"Member","Custom Plan Provider":"columnar scan","Parallel Aware":false,"Async Capable":false,"Relation Name":"customer","Schema":"public","Alias":"customer","Startup Cost":20.0,"Total Cost":141020.06,"Plan Rows":6000000,"Plan Width":12,"Actual Startup Time":0.014,"Actual Total Time":890.598,"Actual Rows":6000000,"Actual Loops":1,"Output":["customer.c_id","customer.c_w_id","customer.c_d_id","customer.c_nationkey"],"Rows Removed by Columnar Filter":0,"Columnar cache search mode":"native","Shared Hit Blocks":0,"Shared Read Blocks":0,"Shared Dirtied Blocks":0,"Shared Written Blocks":0,"Local Hit Blocks":0,"Local Read Blocks":0,"Local Dirtied Blocks":0,"Local Written Blocks":0,"Temp Read Blocks":0,"Temp Written Blocks":0,"I/O Read Time":0.0,"I/O Write Time":0.0,"Temp I/O Read Time":0.0,"Temp I/O Write Time":0.0},{"Node Type":"Seq Scan","Parent Relationship":"Member","Parallel Aware":false,"Async Capable":false,"Relation Name":"customer","Schema":"public","Alias":"customer","Startup Cost":0.0,"Total Cost":5.4,"Plan Rows":140,"Plan Width":12,"Actual Startup Time":0.0,"Actual Total Time":0.0,"Actual Rows":0,"Actual Loops":0,"Output":["customer.c_id","customer.c_w_id","customer.c_d_id","customer.c_nationkey"],"Shared Hit Blocks":0,"Shared Read Blocks":0,"Shared Dirtied Blocks":0,"Shared Written Blocks":0,"Local Hit Blocks":0,"Local Read Blocks":0,"Local Dirtied Blocks":0,"Local Written Blocks":0,"Temp Read Blocks":0,"Temp Written Blocks":0,"I/O Read Time":0.0,"I/O Write Time":0.0,"Temp I/O Read Time":0.0,"Temp I/O Write Time":0.0}]}]}]},{"Node Type":"Hash","Parent Relationship":"Inner","Parallel Aware":false,"Async Capable":false,"Startup Cost":2.99,"Total Cost":2.99,"Plan Rows":12,"Plan Width":12,"Actual Startup Time":0.041,"Actual Total Time":0.047,"Actual Rows":22,"Actual Loops":1,"Output":["nation.n_name","nation.n_nationkey"],"Hash Buckets":1024,"Original Hash Buckets":1024,"Hash Batches":1,"Original Hash Batches":1,"Peak Memory Usage":9,"Shared Hit Blocks":2,"Shared Read Blocks":0,"Shared Dirtied Blocks":0,"Shared Written Blocks":0,"Local Hit Blocks":0,"Local Read Blocks":0,"Local Dirtied Blocks":0,"Local Written Blocks":0,"Temp Read Blocks":0,"Temp Written Blocks":0,"I/O Read Time":0.0,"I/O Write Time":0.0,"Temp I/O Read Time":0.0,"Temp I/O Write Time":0.0,"Plans":[{"Node Type":"Hash Join","Parent Relationship":"Outer","Parallel Aware":false,"Async Capable":false,"Join Type":"Inner","Startup Cost":1.07,"Total Cost":2.99,"Plan Rows":12,"Plan Width":12,"Actual Startup Time":0.025,"Actual Total Time":0.041,"Actual Rows":22,"Actual Loops":1,"Output":["nation.n_name","nation.n_nationkey"],"Inner Unique":true,"Hash Cond":"(nation.n_regionkey = region.r_regionkey)","Shared Hit Blocks":2,"Shared Read Blocks":0,"Shared Dirtied Blocks":0,"Shared Written Blocks":0,"Local Hit Blocks":0,"Local Read Blocks":0,"Local Dirtied Blocks":0,"Local Written Blocks":0,"Temp Read Blocks":0,"Temp Written Blocks":0,"I/O Read Time":0.0,"I/O Write Time":0.0,"Temp I/O Read Time":0.0,"Temp I/O Write Time":0.0,"Plans":[{"Node Type":"Seq Scan","Parent Relationship":"Outer","Parallel Aware":false,"Async Capable":false,"Relation Name":"nation","Schema":"public","Alias":"nation","Startup Cost":0.0,"Total Cost":1.62,"Plan Rows":62,"Plan Width":16,"Actual Startup Time":0.007,"Actual Total Time":0.011,"Actual Rows":62,"Actual Loops":1,"Output":["nation.n_nationkey","nation.n_name","nation.n_regionkey","nation.n_comment"],"Shared Hit Blocks":1,"Shared Read Blocks":0,"Shared Dirtied Blocks":0,"Shared Written Blocks":0,"Local Hit Blocks":0,"Local Read Blocks":0,"Local Dirtied Blocks":0,"Local Written Blocks":0,"Temp Read Blocks":0,"Temp Written Blocks":0,"I/O Read Time":0.0,"I/O Write Time":0.0,"Temp I/O Read Time":0.0,"Temp I/O Write Time":0.0},{"Node Type":"Hash","Parent Relationship":"Inner","Parallel Aware":false,"Async Capable":false,"Startup Cost":1.06,"Total Cost":1.06,"Plan Rows":1,"Plan Width":4,"Actual Startup Time":0.008,"Actual Total Time":0.01,"Actual Rows":1,"Actual Loops":1,"Output":["region.r_regionkey"],"Hash Buckets":1024,"Original Hash Buckets":1024,"Hash Batches":1,"Original Hash Batches":1,"Peak Memory Usage":9,"Shared Hit Blocks":1,"Shared Read Blocks":0,"Shared Dirtied Blocks":0,"Shared Written Blocks":0,"Local Hit Blocks":0,"Local Read Blocks":0,"Local Dirtied Blocks":0,"Local Written Blocks":0,"Temp Read Blocks":0,"Temp Written Blocks":0,"I/O Read Time":0.0,"I/O Write Time":0.0,"Temp I/O Read Time":0.0,"Temp I/O Write Time":0.0,"Plans":[{"Node Type":"Seq Scan","Parent Relationship":"Outer","Parallel Aware":false,"Async Capable":false,"Relation Name":"region","Schema":"public","Alias":"region","Startup Cost":0.0,"Total Cost":1.06,"Plan Rows":1,"Plan Width":4,"Actual Startup Time":0.007,"Actual Total Time":0.007,"Actual Rows":1,"Actual Loops":1,"Output":["region.r_regionkey"],"Filter":"((region.r_name)::text = 'Europe'::text)","Rows Removed by Filter":4,"Shared Hit Blocks":1,"Shared Read Blocks":0,"Shared Dirtied Blocks":0,"Shared Written Blocks":0,"Local Hit Blocks":0,"Local Read Blocks":0,"Local Dirtied Blocks":0,"Local Written Blocks":0,"Temp Read Blocks":0,"Temp Written Blocks":0,"I/O Read Time":0.0,"I/O Write Time":0.0,"Temp I/O Read Time":0.0,"Temp I/O Write Time":0.0}]}]}]}]}]},{"Node Type":"Index Only Scan","Parent Relationship":"Inner","Parallel Aware":false,"Async Capable":false,"Scan Direction":"Forward","Index Name":"stock_pk","Relation Name":"stock","Schema":"public","Alias":"stock","Startup Cost":0.44,"Total Cost":519363.62,"Plan Rows":20000212,"Plan Width":6,"Actual Startup Time":0.05,"Actual Total Time":1402.998,"Actual Rows":19999994,"Actual Loops":1,"Output":["stock.s_w_id","stock.s_i_id"],"Heap Fetches":0,"Shared Hit Blocks":54673,"Shared Read Blocks":0,"Shared Dirtied Blocks":0,"Shared Written Blocks":0,"Local Hit Blocks":0,"Local Read Blocks":0,"Local Dirtied Blocks":0,"Local Written Blocks":0,"Temp Read Blocks":0,"Temp Written Blocks":0,"I/O Read Time":0.0,"I/O Write Time":0.0,"Temp I/O Read Time":0.0,"Temp I/O Write Time":0.0}]},{"Node Type":"Hash","Parent Relationship":"Inner","Parallel Aware":false,"Async Capable":false,"Startup Cost":219.01,"Total Cost":219.01,"Plan Rows":10001,"Plan Width":8,"Actual Startup Time":3.096,"Actual Total Time":3.098,"Actual Rows":10000,"Actual Loops":1,"Output":["supplier.su_suppkey","supplier.su_nationkey"],"Hash Buckets":16384,"Original Hash Buckets":16384,"Hash Batches":1,"Original Hash Batches":1,"Peak Memory Usage":519,"Shared Hit Blocks":0,"Shared Read Blocks":0,"Shared Dirtied Blocks":0,"Shared Written Blocks":0,"Local Hit Blocks":0,"Local Read Blocks":0,"Local Dirtied Blocks":0,"Local Written Blocks":0,"Temp Read Blocks":0,"Temp Written Blocks":0,"I/O Read Time":0.0,"I/O Write Time":0.0,"Temp I/O Read Time":0.0,"Temp I/O Write Time":0.0,"Plans":[{"Node Type":"Append","Parent Relationship":"Outer","Parallel Aware":false,"Async Capable":false,"Startup Cost":20.0,"Total Cost":219.01,"Plan Rows":10001,"Plan Width":8,"Actual Startup Time":0.014,"Actual Total Time":1.782,"Actual Rows":10000,"Actual Loops":1,"Shared Hit Blocks":0,"Shared Read Blocks":0,"Shared Dirtied Blocks":0,"Shared Written Blocks":0,"Local Hit Blocks":0,"Local Read Blocks":0,"Local Dirtied Blocks":0,"Local Written Blocks":0,"Temp Read Blocks":0,"Temp Written Blocks":0,"I/O Read Time":0.0,"I/O Write Time":0.0,"Temp I/O Read Time":0.0,"Temp I/O Write Time":0.0,"Subplans Removed":0,"Plans":[{"Node Type":"Custom Scan","Parent Relationship":"Member","Custom Plan Provider":"columnar scan","Parallel Aware":false,"Async Capable":false,"Relation Name":"supplier","Schema":"public","Alias":"supplier","Startup Cost":20.0,"Total Cost":215.0,"Plan Rows":10000,"Plan Width":8,"Actual Startup Time":0.013,"Actual Total Time":1.075,"Actual Rows":10000,"Actual Loops":1,"Output":["supplier.su_suppkey","supplier.su_nationkey"],"Rows Removed by Columnar Filter":0,"Columnar cache search mode":"native","Shared Hit Blocks":0,"Shared Read Blocks":0,"Shared Dirtied Blocks":0,"Shared Written Blocks":0,"Local Hit Blocks":0,"Local Read Blocks":0,"Local Dirtied Blocks":0,"Local Written Blocks":0,"Temp Read Blocks":0,"Temp Written Blocks":0,"I/O Read Time":0.0,"I/O Write Time":0.0,"Temp I/O Read Time":0.0,"Temp I/O Write Time":0.0},{"Node Type":"Seq Scan","Parent Relationship":"Member","Parallel Aware":false,"Async Capable":false,"Relation Name":"supplier","Schema":"public","Alias":"supplier","Startup Cost":0.0,"Total Cost":4.01,"Plan Rows":1,"Plan Width":8,"Actual Startup Time":0.0,"Actual Total Time":0.0,"Actual Rows":0,"Actual Loops":0,"Output":["supplier.su_suppkey","supplier.su_nationkey"],"Shared Hit Blocks":0,"Shared Read Blocks":0,"Shared Dirtied Blocks":0,"Shared Written Blocks":0,"Local Hit Blocks":0,"Local Read Blocks":0,"Local Dirtied Blocks":0,"Local Written Blocks":0,"Temp Read Blocks":0,"Temp Written Blocks":0,"I/O Read Time":0.0,"I/O Write Time":0.0,"Temp I/O Read Time":0.0,"Temp I/O Write Time":0.0}]}]}]}]}]}]},"Planning":{"Shared Hit Blocks":220,"Shared Read Blocks":0,"Shared Dirtied Blocks":0,"Shared Written Blocks":0,"Local Hit Blocks":0,"Local Read Blocks":0,"Local Dirtied Blocks":0,"Local Written Blocks":0,"Temp Read Blocks":0,"Temp Written Blocks":0,"I/O Read Time":0.0,"I/O Write Time":0.0,"Temp I/O Read Time":0.0,"Temp I/O Write Time":0.0},"Planning Time":5.787,"Triggers":[],"Execution Time":20964.206}]
[列存组合]: customer, orders, region
[{"Plan":{"Node Type":"Sort","Parallel Aware":false,"Async Capable":false,"Startup Cost":4073550.09,"Total Cost":4073550.25,"Plan Rows":62,"Plan Width":40,"Actual Startup Time":34665.455,"Actual Total Time":34665.487,"Actual Rows":11,"Actual Loops":1,"Output":["nation.n_name","(sum(order_line.ol_amount))"],"Sort Key":["(sum(order_line.ol_amount)) DESC"],"Sort Method":"quicksort","Sort Space Used":25,"Sort Space Type":"Memory","Shared Hit Blocks":736640,"Shared Read Blocks":0,"Shared Dirtied Blocks":0,"Shared Written Blocks":0,"Local Hit Blocks":0,"Local Read Blocks":0,"Local Dirtied Blocks":0,"Local Written Blocks":0,"Temp Read Blocks":288611,"Temp Written Blocks":288665,"I/O Read Time":0.0,"I/O Write Time":0.0,"Temp I/O Read Time":454.174,"Temp I/O Write Time":1173.109,"Plans":[{"Node Type":"Aggregate","Strategy":"Sorted","Partial Mode":"Simple","Parent Relationship":"Outer","Parallel Aware":false,"Async Capable":false,"Startup Cost":4073396.45,"Total Cost":4073548.25,"Plan Rows":62,"Plan Width":40,"Actual Startup Time":34659.49,"Actual Total Time":34665.47,"Actual Rows":11,"Actual Loops":1,"Output":["nation.n_name","sum(order_line.ol_amount)"],"Group Key":["nation.n_name"],"Shared Hit Blocks":736640,"Shared Read Blocks":0,"Shared Dirtied Blocks":0,"Shared Written Blocks":0,"Local Hit Blocks":0,"Local Read Blocks":0,"Local Dirtied Blocks":0,"Local Written Blocks":0,"Temp Read Blocks":288611,"Temp Written Blocks":288665,"I/O Read Time":0.0,"I/O Write Time":0.0,"Temp I/O Read Time":454.174,"Temp I/O Write Time":1173.109,"Plans":[{"Node Type":"Sort","Parent Relationship":"Outer","Parallel Aware":false,"Async Capable":false,"Startup Cost":4073396.45,"Total Cost":4073446.79,"Plan Rows":20136,"Plan Width":12,"Actual Startup Time":34659.053,"Actual Total Time":34660.9,"Actual Rows":35044,"Actual Loops":1,"Output":["nation.n_name","order_line.ol_amount"],"Sort Key":["nation.n_name"],"Sort Method":"quicksort","Sort Space Used":3146,"Sort Space Type":"Memory","Shared Hit Blocks":736640,"Shared Read Blocks":0,"Shared Dirtied Blocks":0,"Shared Written Blocks":0,"Local Hit Blocks":0,"Local Read Blocks":0,"Local Dirtied Blocks":0,"Local Written Blocks":0,"Temp Read Blocks":288611,"Temp Written Blocks":288665,"I/O Read Time":0.0,"I/O Write Time":0.0,"Temp I/O Read Time":454.174,"Temp I/O Write Time":1173.109,"Plans":[{"Node Type":"Hash Join","Parent Relationship":"Outer","Parallel Aware":false,"Async Capable":false,"Join Type":"Inner","Startup Cost":3424089.0,"Total Cost":4071956.98,"Plan Rows":20136,"Plan Width":12,"Actual Startup Time":30755.51,"Actual Total Time":34640.359,"Actual Rows":35044,"Actual Loops":1,"Output":["nation.n_name","order_line.ol_amount"],"Inner Unique":true,"Hash Cond":"((mod((stock.s_w_id * stock.s_i_id), 10000) = supplier.su_suppkey) AND (customer.c_nationkey = supplier.su_nationkey))","Shared Hit Blocks":736640,"Shared Read Blocks":0,"Shared Dirtied Blocks":0,"Shared Written Blocks":0,"Local Hit Blocks":0,"Local Read Blocks":0,"Local Dirtied Blocks":0,"Local Written Blocks":0,"Temp Read Blocks":288611,"Temp Written Blocks":288665,"I/O Read Time":0.0,"I/O Write Time":0.0,"Temp I/O Read Time":454.174,"Temp I/O Write Time":1173.109,"Plans":[{"Node Type":"Merge Join","Parent Relationship":"Outer","Parallel Aware":false,"Async Capable":false,"Join Type":"Inner","Startup Cost":3423622.0,"Total Cost":4064655.01,"Plan Rows":1242717,"Plan Width":26,"Actual Startup Time":30752.466,"Actual Total Time":34360.407,"Actual Rows":2218175,"Actual Loops":1,"Output":["customer.c_nationkey","order_line.ol_amount","stock.s_w_id","stock.s_i_id","nation.n_name","nation.n_nationkey"],"Inner Unique":true,"Merge Cond":"((customer.c_w_id = stock.s_w_id) AND (order_line.ol_i_id = stock.s_i_id))","Shared Hit Blocks":736423,"Shared Read Blocks":0,"Shared Dirtied Blocks":0,"Shared Written Blocks":0,"Local Hit Blocks":0,"Local Read Blocks":0,"Local Dirtied Blocks":0,"Local Written Blocks":0,"Temp Read Blocks":288611,"Temp Written Blocks":288665,"I/O Read Time":0.0,"I/O Write Time":0.0,"Temp I/O Read Time":454.174,"Temp I/O Write Time":1173.109,"Plans":[{"Node Type":"Sort","Parent Relationship":"Outer","Parallel Aware":false,"Async Capable":false,"Startup Cost":3423621.57,"Total Cost":3426702.1,"Plan Rows":1232214,"Plan Width":30,"Actual Startup Time":30752.398,"Actual Total Time":31348.62,"Actual Rows":2218175,"Actual Loops":1,"Output":["customer.c_w_id","customer.c_nationkey","orders.o_w_id","order_line.ol_amount","order_line.ol_w_id","order_line.ol_i_id","nation.n_name","nation.n_nationkey"],"Sort Key":["customer.c_w_id","order_line.ol_i_id"],"Sort Method":"external merge","Sort Space Used":94520,"Sort Space Type":"Disk","Shared Hit Blocks":681750,"Shared Read Blocks":0,"Shared Dirtied Blocks":0,"Shared Written Blocks":0,"Local Hit Blocks":0,"Local Read Blocks":0,"Local Dirtied Blocks":0,"Local Written Blocks":0,"Temp Read Blocks":288611,"Temp Written Blocks":288665,"I/O Read Time":0.0,"I/O Write Time":0.0,"Temp I/O Read Time":454.174,"Temp I/O Write Time":1173.109,"Plans":[{"Node Type":"Hash Join","Parent Relationship":"Outer","Parallel Aware":false,"Async Capable":false,"Join Type":"Inner","Startup Cost":795272.92,"Total Cost":3239997.74,"Plan Rows":1232214,"Plan Width":30,"Actual Startup Time":2717.988,"Actual Total Time":27895.905,"Actual Rows":2218175,"Actual Loops":1,"Output":["customer.c_w_id","customer.c_nationkey","orders.o_w_id","order_line.ol_amount","order_line.ol_w_id","order_line.ol_i_id","nation.n_name","nation.n_nationkey"],"Inner Unique":false,"Hash Cond":"(customer.c_nationkey = nation.n_nationkey)","Shared Hit Blocks":681750,"Shared Read Blocks":0,"Shared Dirtied Blocks":0,"Shared Written Blocks":0,"Local Hit Blocks":0,"Local Read Blocks":0,"Local Dirtied Blocks":0,"Local Written Blocks":0,"Temp Read Blocks":264991,"Temp Written Blocks":264991,"I/O Read Time":0.0,"I/O Write Time":0.0,"Temp I/O Read Time":419.804,"Temp I/O Write Time":1105.037,"Plans":[{"Node Type":"Hash Join","Parent Relationship":"Outer","Parallel Aware":false,"Async Capable":false,"Join Type":"Inner","Startup Cost":795269.78,"Total Cost":3204965.93,"Plan Rows":6161071,"Plan Width":18,"Actual Startup Time":2710.15,"Actual Total Time":26957.524,"Actual Rows":8568663,"Actual Loops":1,"Output":["customer.c_w_id","customer.c_nationkey","orders.o_w_id","order_line.ol_amount","order_line.ol_w_id","order_line.ol_i_id"],"Inner Unique":true,"Hash Cond":"((orders.o_c_id = customer.c_id) AND (orders.o_w_id = customer.c_w_id) AND (orders.o_d_id = customer.c_d_id))","Shared Hit Blocks":681748,"Shared Read Blocks":0,"Shared Dirtied Blocks":0,"Shared Written Blocks":0,"Local Hit Blocks":0,"Local Read Blocks":0,"Local Dirtied Blocks":0,"Local Written Blocks":0,"Temp Read Blocks":264991,"Temp Written Blocks":264991,"I/O Read Time":0.0,"I/O Write Time":0.0,"Temp I/O Read Time":419.804,"Temp I/O Write Time":1105.037,"Plans":[{"Node Type":"Hash Join","Parent Relationship":"Outer","Parallel Aware":false,"Async Capable":false,"Join Type":"Inner","Startup Cost":151173.84,"Total Cost":2410851.54,"Plan Rows":6161071,"Plan Width":20,"Actual Startup Time":384.969,"Actual Total Time":19979.5,"Actual Rows":8568663,"Actual Loops":1,"Output":["orders.o_c_id","orders.o_w_id","orders.o_d_id","order_line.ol_amount","order_line.ol_w_id","order_line.ol_d_id","order_line.ol_i_id"],"Inner Unique":true,"Hash Cond":"((order_line.ol_w_id = orders.o_w_id) AND (order_line.ol_d_id = orders.o_d_id) AND (order_line.ol_o_id = orders.o_id))","Shared Hit Blocks":681748,"Shared Read Blocks":0,"Shared Dirtied Blocks":0,"Shared Written Blocks":0,"Local Hit Blocks":0,"Local Read Blocks":0,"Local Dirtied Blocks":0,"Local Written Blocks":0,"Temp Read Blocks":200672,"Temp Written Blocks":200672,"I/O Read Time":0.0,"I/O Write Time":0.0,"Temp I/O Read Time":304.323,"Temp I/O Write Time":803.845,"Plans":[{"Node Type":"Seq Scan","Parent Relationship":"Outer","Parallel Aware":false,"Async Capable":false,"Relation Name":"order_line","Schema":"public","Alias":"order_line","Startup Cost":0.0,"Total Cost":1431670.8,"Plan Rows":42039468,"Plan Width":20,"Actual Startup Time":0.006,"Actual Total Time":7340.382,"Actual Rows":42000489,"Actual Loops":1,"Output":["order_line.ol_amount","order_line.ol_o_id","order_line.ol_w_id","order_line.ol_d_id","order_line.ol_i_id"],"Filter":"(order_line.ol_delivery_d >= '1992-01-02 20:10:02.27764'::timestamp without time zone)","Rows Removed by Filter":17993272,"Shared Hit Blocks":681748,"Shared Read Blocks":0,"Shared Dirtied Blocks":0,"Shared Written Blocks":0,"Local Hit Blocks":0,"Local Read Blocks":0,"Local Dirtied Blocks":0,"Local Written Blocks":0,"Temp Read Blocks":0,"Temp Written Blocks":0,"I/O Read Time":0.0,"I/O Write Time":0.0,"Temp I/O Read Time":0.0,"Temp I/O Write Time":0.0},{"Node Type":"Hash","Parent Relationship":"Inner","Parallel Aware":false,"Async Capable":false,"Startup Cost":131491.69,"Total Cost":131491.69,"Plan Rows":879323,"Plan Width":16,"Actual Startup Time":350.648,"Actual Total Time":350.656,"Actual Rows":856801,"Actual Loops":1,"Output":["orders.o_c_id","orders.o_w_id","orders.o_d_id","orders.o_id"],"Hash Buckets":262144,"Original Hash Buckets":262144,"Hash Batches":8,"Original Hash Batches":8,"Peak Memory Usage":7070,"Shared Hit Blocks":0,"Shared Read Blocks":0,"Shared Dirtied Blocks":0,"Shared Written Blocks":0,"Local Hit Blocks":0,"Local Read Blocks":0,"Local Dirtied Blocks":0,"Local Written Blocks":0,"Temp Read Blocks":0,"Temp Written Blocks":3290,"I/O Read Time":0.0,"I/O Write Time":0.0,"Temp I/O Read Time":0.0,"Temp I/O Write Time":13.737,"Plans":[{"Node Type":"Append","Parent Relationship":"Outer","Parallel Aware":false,"Async Capable":false,"Startup Cost":20.0,"Total Cost":131491.69,"Plan Rows":879323,"Plan Width":16,"Actual Startup Time":0.588,"Actual Total Time":201.098,"Actual Rows":856801,"Actual Loops":1,"Shared Hit Blocks":0,"Shared Read Blocks":0,"Shared Dirtied Blocks":0,"Shared Written Blocks":0,"Local Hit Blocks":0,"Local Read Blocks":0,"Local Dirtied Blocks":0,"Local Written Blocks":0,"Temp Read Blocks":0,"Temp Written Blocks":0,"I/O Read Time":0.0,"I/O Write Time":0.0,"Temp I/O Read Time":0.0,"Temp I/O Write Time":0.0,"Subplans Removed":0,"Plans":[{"Node Type":"Custom Scan","Parent Relationship":"Member","Custom Plan Provider":"columnar scan","Parallel Aware":false,"Async Capable":false,"Relation Name":"orders","Schema":"public","Alias":"orders","Startup Cost":20.0,"Total Cost":20684.21,"Plan Rows":879322,"Plan Width":16,"Actual Startup Time":0.586,"Actual Total Time":141.094,"Actual Rows":856801,"Actual Loops":1,"Output":["orders.o_c_id","orders.o_w_id","orders.o_d_id","orders.o_id"],"Filter":"((orders.o_entry_d < '1994-01-02 20:10:02.27764'::timestamp without time zone) AND (orders.o_entry_d >= '1993-01-02 20:10:02.27764'::timestamp without time zone))","Rows Removed by Filter":0,"Rows Removed by Columnar Filter":5143199,"Columnar cache search mode":"native","Shared Hit Blocks":0,"Shared Read Blocks":0,"Shared Dirtied Blocks":0,"Shared Written Blocks":0,"Local Hit Blocks":0,"Local Read Blocks":0,"Local Dirtied Blocks":0,"Local Written Blocks":0,"Temp Read Blocks":0,"Temp Written Blocks":0,"I/O Read Time":0.0,"I/O Write Time":0.0,"Temp I/O Read Time":0.0,"Temp I/O Write Time":0.0},{"Node Type":"Seq Scan","Parent Relationship":"Member","Parallel Aware":false,"Async Capable":false,"Relation Name":"orders","Schema":"public","Alias":"orders","Startup Cost":0.0,"Total Cost":4.01,"Plan Rows":1,"Plan Width":16,"Actual Startup Time":0.0,"Actual Total Time":0.0,"Actual Rows":0,"Actual Loops":0,"Output":["orders.o_c_id","orders.o_w_id","orders.o_d_id","orders.o_id"],"Filter":"((orders.o_entry_d < '1994-01-02 20:10:02.27764'::timestamp without time zone) AND (orders.o_entry_d >= '1993-01-02 20:10:02.27764'::timestamp without time zone))","Rows Removed by Filter":0,"Shared Hit Blocks":0,"Shared Read Blocks":0,"Shared Dirtied Blocks":0,"Shared Written Blocks":0,"Local Hit Blocks":0,"Local Read Blocks":0,"Local Dirtied Blocks":0,"Local Written Blocks":0,"Temp Read Blocks":0,"Temp Written Blocks":0,"I/O Read Time":0.0,"I/O Write Time":0.0,"Temp I/O Read Time":0.0,"Temp I/O Write Time":0.0}]}]}]},{"Node Type":"Hash","Parent Relationship":"Inner","Parallel Aware":false,"Async Capable":false,"Startup Cost":509795.49,"Total Cost":509795.49,"Plan Rows":6000140,"Plan Width":12,"Actual Startup Time":2317.974,"Actual Total Time":2317.98,"Actual Rows":6000000,"Actual Loops":1,"Output":["customer.c_id","customer.c_w_id","customer.c_d_id","customer.c_nationkey"],"Hash Buckets":262144,"Original Hash Buckets":262144,"Hash Batches":64,"Original Hash Batches":64,"Peak Memory Usage":6073,"Shared Hit Blocks":0,"Shared Read Blocks":0,"Shared Dirtied Blocks":0,"Shared Written Blocks":0,"Local Hit Blocks":0,"Local Read Blocks":0,"Local Dirtied Blocks":0,"Local Written Blocks":0,"Temp Read Blocks":0,"Temp Written Blocks":23037,"I/O Read Time":0.0,"I/O Write Time":0.0,"Temp I/O Read Time":0.0,"Temp I/O Write Time":102.242,"Plans":[{"Node Type":"Append","Parent Relationship":"Outer","Parallel Aware":false,"Async Capable":false,"Startup Cost":20.0,"Total Cost":509795.49,"Plan Rows":6000140,"Plan Width":12,"Actual Startup Time":0.017,"Actual Total Time":1313.867,"Actual Rows":6000000,"Actual Loops":1,"Shared Hit Blocks":0,"Shared Read Blocks":0,"Shared Dirtied Blocks":0,"Shared Written Blocks":0,"Local Hit Blocks":0,"Local Read Blocks":0,"Local Dirtied Blocks":0,"Local Written Blocks":0,"Temp Read Blocks":0,"Temp Written Blocks":0,"I/O Read Time":0.0,"I/O Write Time":0.0,"Temp I/O Read Time":0.0,"Temp I/O Write Time":0.0,"Subplans Removed":0,"Plans":[{"Node Type":"Custom Scan","Parent Relationship":"Member","Custom Plan Provider":"columnar scan","Parallel Aware":false,"Async Capable":false,"Relation Name":"customer","Schema":"public","Alias":"customer","Startup Cost":20.0,"Total Cost":141020.06,"Plan Rows":6000000,"Plan Width":12,"Actual Startup Time":0.016,"Actual Total Time":899.644,"Actual Rows":6000000,"Actual Loops":1,"Output":["customer.c_id","customer.c_w_id","customer.c_d_id","customer.c_nationkey"],"Rows Removed by Columnar Filter":0,"Columnar cache search mode":"native","Shared Hit Blocks":0,"Shared Read Blocks":0,"Shared Dirtied Blocks":0,"Shared Written Blocks":0,"Local Hit Blocks":0,"Local Read Blocks":0,"Local Dirtied Blocks":0,"Local Written Blocks":0,"Temp Read Blocks":0,"Temp Written Blocks":0,"I/O Read Time":0.0,"I/O Write Time":0.0,"Temp I/O Read Time":0.0,"Temp I/O Write Time":0.0},{"Node Type":"Seq Scan","Parent Relationship":"Member","Parallel Aware":false,"Async Capable":false,"Relation Name":"customer","Schema":"public","Alias":"customer","Startup Cost":0.0,"Total Cost":5.4,"Plan Rows":140,"Plan Width":12,"Actual Startup Time":0.0,"Actual Total Time":0.0,"Actual Rows":0,"Actual Loops":0,"Output":["customer.c_id","customer.c_w_id","customer.c_d_id","customer.c_nationkey"],"Shared Hit Blocks":0,"Shared Read Blocks":0,"Shared Dirtied Blocks":0,"Shared Written Blocks":0,"Local Hit Blocks":0,"Local Read Blocks":0,"Local Dirtied Blocks":0,"Local Written Blocks":0,"Temp Read Blocks":0,"Temp Written Blocks":0,"I/O Read Time":0.0,"I/O Write Time":0.0,"Temp I/O Read Time":0.0,"Temp I/O Write Time":0.0}]}]}]},{"Node Type":"Hash","Parent Relationship":"Inner","Parallel Aware":false,"Async Capable":false,"Startup Cost":2.99,"Total Cost":2.99,"Plan Rows":12,"Plan Width":12,"Actual Startup Time":0.041,"Actual Total Time":0.047,"Actual Rows":22,"Actual Loops":1,"Output":["nation.n_name","nation.n_nationkey"],"Hash Buckets":1024,"Original Hash Buckets":1024,"Hash Batches":1,"Original Hash Batches":1,"Peak Memory Usage":9,"Shared Hit Blocks":2,"Shared Read Blocks":0,"Shared Dirtied Blocks":0,"Shared Written Blocks":0,"Local Hit Blocks":0,"Local Read Blocks":0,"Local Dirtied Blocks":0,"Local Written Blocks":0,"Temp Read Blocks":0,"Temp Written Blocks":0,"I/O Read Time":0.0,"I/O Write Time":0.0,"Temp I/O Read Time":0.0,"Temp I/O Write Time":0.0,"Plans":[{"Node Type":"Hash Join","Parent Relationship":"Outer","Parallel Aware":false,"Async Capable":false,"Join Type":"Inner","Startup Cost":1.07,"Total Cost":2.99,"Plan Rows":12,"Plan Width":12,"Actual Startup Time":0.024,"Actual Total Time":0.041,"Actual Rows":22,"Actual Loops":1,"Output":["nation.n_name","nation.n_nationkey"],"Inner Unique":true,"Hash Cond":"(nation.n_regionkey = region.r_regionkey)","Shared Hit Blocks":2,"Shared Read Blocks":0,"Shared Dirtied Blocks":0,"Shared Written Blocks":0,"Local Hit Blocks":0,"Local Read Blocks":0,"Local Dirtied Blocks":0,"Local Written Blocks":0,"Temp Read Blocks":0,"Temp Written Blocks":0,"I/O Read Time":0.0,"I/O Write Time":0.0,"Temp I/O Read Time":0.0,"Temp I/O Write Time":0.0,"Plans":[{"Node Type":"Seq Scan","Parent Relationship":"Outer","Parallel Aware":false,"Async Capable":false,"Relation Name":"nation","Schema":"public","Alias":"nation","Startup Cost":0.0,"Total Cost":1.62,"Plan Rows":62,"Plan Width":16,"Actual Startup Time":0.005,"Actual Total Time":0.009,"Actual Rows":62,"Actual Loops":1,"Output":["nation.n_nationkey","nation.n_name","nation.n_regionkey","nation.n_comment"],"Shared Hit Blocks":1,"Shared Read Blocks":0,"Shared Dirtied Blocks":0,"Shared Written Blocks":0,"Local Hit Blocks":0,"Local Read Blocks":0,"Local Dirtied Blocks":0,"Local Written Blocks":0,"Temp Read Blocks":0,"Temp Written Blocks":0,"I/O Read Time":0.0,"I/O Write Time":0.0,"Temp I/O Read Time":0.0,"Temp I/O Write Time":0.0},{"Node Type":"Hash","Parent Relationship":"Inner","Parallel Aware":false,"Async Capable":false,"Startup Cost":1.06,"Total Cost":1.06,"Plan Rows":1,"Plan Width":4,"Actual Startup Time":0.008,"Actual Total Time":0.009,"Actual Rows":1,"Actual Loops":1,"Output":["region.r_regionkey"],"Hash Buckets":1024,"Original Hash Buckets":1024,"Hash Batches":1,"Original Hash Batches":1,"Peak Memory Usage":9,"Shared Hit Blocks":1,"Shared Read Blocks":0,"Shared Dirtied Blocks":0,"Shared Written Blocks":0,"Local Hit Blocks":0,"Local Read Blocks":0,"Local Dirtied Blocks":0,"Local Written Blocks":0,"Temp Read Blocks":0,"Temp Written Blocks":0,"I/O Read Time":0.0,"I/O Write Time":0.0,"Temp I/O Read Time":0.0,"Temp I/O Write Time":0.0,"Plans":[{"Node Type":"Seq Scan","Parent Relationship":"Outer","Parallel Aware":false,"Async Capable":false,"Relation Name":"region","Schema":"public","Alias":"region","Startup Cost":0.0,"Total Cost":1.06,"Plan Rows":1,"Plan Width":4,"Actual Startup Time":0.006,"Actual Total Time":0.006,"Actual Rows":1,"Actual Loops":1,"Output":["region.r_regionkey"],"Filter":"((region.r_name)::text = 'Europe'::text)","Rows Removed by Filter":4,"Shared Hit Blocks":1,"Shared Read Blocks":0,"Shared Dirtied Blocks":0,"Shared Written Blocks":0,"Local Hit Blocks":0,"Local Read Blocks":0,"Local Dirtied Blocks":0,"Local Written Blocks":0,"Temp Read Blocks":0,"Temp Written Blocks":0,"I/O Read Time":0.0,"I/O Write Time":0.0,"Temp I/O Read Time":0.0,"Temp I/O Write Time":0.0}]}]}]}]}]},{"Node Type":"Index Only Scan","Parent Relationship":"Inner","Parallel Aware":false,"Async Capable":false,"Scan Direction":"Forward","Index Name":"stock_pk","Relation Name":"stock","Schema":"public","Alias":"stock","Startup Cost":0.44,"Total Cost":519363.62,"Plan Rows":20000212,"Plan Width":6,"Actual Startup Time":0.052,"Actual Total Time":1402.608,"Actual Rows":19999994,"Actual Loops":1,"Output":["stock.s_w_id","stock.s_i_id"],"Heap Fetches":0,"Shared Hit Blocks":54673,"Shared Read Blocks":0,"Shared Dirtied Blocks":0,"Shared Written Blocks":0,"Local Hit Blocks":0,"Local Read Blocks":0,"Local Dirtied Blocks":0,"Local Written Blocks":0,"Temp Read Blocks":0,"Temp Written Blocks":0,"I/O Read Time":0.0,"I/O Write Time":0.0,"Temp I/O Read Time":0.0,"Temp I/O Write Time":0.0}]},{"Node Type":"Hash","Parent Relationship":"Inner","Parallel Aware":false,"Async Capable":false,"Startup Cost":317.0,"Total Cost":317.0,"Plan Rows":10000,"Plan Width":8,"Actual Startup Time":2.607,"Actual Total Time":2.607,"Actual Rows":10000,"Actual Loops":1,"Output":["supplier.su_suppkey","supplier.su_nationkey"],"Hash Buckets":16384,"Original Hash Buckets":16384,"Hash Batches":1,"Original Hash Batches":1,"Peak Memory Usage":519,"Shared Hit Blocks":217,"Shared Read Blocks":0,"Shared Dirtied Blocks":0,"Shared Written Blocks":0,"Local Hit Blocks":0,"Local Read Blocks":0,"Local Dirtied Blocks":0,"Local Written Blocks":0,"Temp Read Blocks":0,"Temp Written Blocks":0,"I/O Read Time":0.0,"I/O Write Time":0.0,"Temp I/O Read Time":0.0,"Temp I/O Write Time":0.0,"Plans":[{"Node Type":"Seq Scan","Parent Relationship":"Outer","Parallel Aware":false,"Async Capable":false,"Relation Name":"supplier","Schema":"public","Alias":"supplier","Startup Cost":0.0,"Total Cost":317.0,"Plan Rows":10000,"Plan Width":8,"Actual Startup Time":0.01,"Actual Total Time":1.326,"Actual Rows":10000,"Actual Loops":1,"Output":["supplier.su_suppkey","supplier.su_nationkey"],"Shared Hit Blocks":217,"Shared Read Blocks":0,"Shared Dirtied Blocks":0,"Shared Written Blocks":0,"Local Hit Blocks":0,"Local Read Blocks":0,"Local Dirtied Blocks":0,"Local Written Blocks":0,"Temp Read Blocks":0,"Temp Written Blocks":0,"I/O Read Time":0.0,"I/O Write Time":0.0,"Temp I/O Read Time":0.0,"Temp I/O Write Time":0.0}]}]}]}]}]},"Planning":{"Shared Hit Blocks":220,"Shared Read Blocks":0,"Shared Dirtied Blocks":0,"Shared Written Blocks":0,"Local Hit Blocks":0,"Local Read Blocks":0,"Local Dirtied Blocks":0,"Local Written Blocks":0,"Temp Read Blocks":0,"Temp Written Blocks":0,"I/O Read Time":0.0,"I/O Write Time":0.0,"Temp I/O Read Time":0.0,"Temp I/O Write Time":0.0},"Planning Time":5.127,"Triggers":[],"Execution Time":34680.198}]
[列存组合]: customer, orders, stock
[{"Plan":{"Node Type":"Sort","Parallel Aware":false,"Async Capable":false,"Startup Cost":4073550.09,"Total Cost":4073550.25,"Plan Rows":62,"Plan Width":40,"Actual Startup Time":34447.034,"Actual Total Time":34447.066,"Actual Rows":11,"Actual Loops":1,"Output":["nation.n_name","(sum(order_line.ol_amount))"],"Sort Key":["(sum(order_line.ol_amount)) DESC"],"Sort Method":"quicksort","Sort Space Used":25,"Sort Space Type":"Memory","Shared Hit Blocks":736640,"Shared Read Blocks":0,"Shared Dirtied Blocks":0,"Shared Written Blocks":0,"Local Hit Blocks":0,"Local Read Blocks":0,"Local Dirtied Blocks":0,"Local Written Blocks":0,"Temp Read Blocks":288611,"Temp Written Blocks":288665,"I/O Read Time":0.0,"I/O Write Time":0.0,"Temp I/O Read Time":445.583,"Temp I/O Write Time":1163.236,"Plans":[{"Node Type":"Aggregate","Strategy":"Sorted","Partial Mode":"Simple","Parent Relationship":"Outer","Parallel Aware":false,"Async Capable":false,"Startup Cost":4073396.45,"Total Cost":4073548.25,"Plan Rows":62,"Plan Width":40,"Actual Startup Time":34441.144,"Actual Total Time":34447.048,"Actual Rows":11,"Actual Loops":1,"Output":["nation.n_name","sum(order_line.ol_amount)"],"Group Key":["nation.n_name"],"Shared Hit Blocks":736640,"Shared Read Blocks":0,"Shared Dirtied Blocks":0,"Shared Written Blocks":0,"Local Hit Blocks":0,"Local Read Blocks":0,"Local Dirtied Blocks":0,"Local Written Blocks":0,"Temp Read Blocks":288611,"Temp Written Blocks":288665,"I/O Read Time":0.0,"I/O Write Time":0.0,"Temp I/O Read Time":445.583,"Temp I/O Write Time":1163.236,"Plans":[{"Node Type":"Sort","Parent Relationship":"Outer","Parallel Aware":false,"Async Capable":false,"Startup Cost":4073396.45,"Total Cost":4073446.79,"Plan Rows":20136,"Plan Width":12,"Actual Startup Time":34440.711,"Actual Total Time":34442.51,"Actual Rows":35044,"Actual Loops":1,"Output":["nation.n_name","order_line.ol_amount"],"Sort Key":["nation.n_name"],"Sort Method":"quicksort","Sort Space Used":3146,"Sort Space Type":"Memory","Shared Hit Blocks":736640,"Shared Read Blocks":0,"Shared Dirtied Blocks":0,"Shared Written Blocks":0,"Local Hit Blocks":0,"Local Read Blocks":0,"Local Dirtied Blocks":0,"Local Written Blocks":0,"Temp Read Blocks":288611,"Temp Written Blocks":288665,"I/O Read Time":0.0,"I/O Write Time":0.0,"Temp I/O Read Time":445.583,"Temp I/O Write Time":1163.236,"Plans":[{"Node Type":"Hash Join","Parent Relationship":"Outer","Parallel Aware":false,"Async Capable":false,"Join Type":"Inner","Startup Cost":3424089.0,"Total Cost":4071956.98,"Plan Rows":20136,"Plan Width":12,"Actual Startup Time":30537.817,"Actual Total Time":34421.698,"Actual Rows":35044,"Actual Loops":1,"Output":["nation.n_name","order_line.ol_amount"],"Inner Unique":true,"Hash Cond":"((mod((stock.s_w_id * stock.s_i_id), 10000) = supplier.su_suppkey) AND (customer.c_nationkey = supplier.su_nationkey))","Shared Hit Blocks":736640,"Shared Read Blocks":0,"Shared Dirtied Blocks":0,"Shared Written Blocks":0,"Local Hit Blocks":0,"Local Read Blocks":0,"Local Dirtied Blocks":0,"Local Written Blocks":0,"Temp Read Blocks":288611,"Temp Written Blocks":288665,"I/O Read Time":0.0,"I/O Write Time":0.0,"Temp I/O Read Time":445.583,"Temp I/O Write Time":1163.236,"Plans":[{"Node Type":"Merge Join","Parent Relationship":"Outer","Parallel Aware":false,"Async Capable":false,"Join Type":"Inner","Startup Cost":3423622.0,"Total Cost":4064655.01,"Plan Rows":1242717,"Plan Width":26,"Actual Startup Time":30534.763,"Actual Total Time":34140.383,"Actual Rows":2218175,"Actual Loops":1,"Output":["customer.c_nationkey","order_line.ol_amount","stock.s_w_id","stock.s_i_id","nation.n_name","nation.n_nationkey"],"Inner Unique":true,"Merge Cond":"((customer.c_w_id = stock.s_w_id) AND (order_line.ol_i_id = stock.s_i_id))","Shared Hit Blocks":736423,"Shared Read Blocks":0,"Shared Dirtied Blocks":0,"Shared Written Blocks":0,"Local Hit Blocks":0,"Local Read Blocks":0,"Local Dirtied Blocks":0,"Local Written Blocks":0,"Temp Read Blocks":288611,"Temp Written Blocks":288665,"I/O Read Time":0.0,"I/O Write Time":0.0,"Temp I/O Read Time":445.583,"Temp I/O Write Time":1163.236,"Plans":[{"Node Type":"Sort","Parent Relationship":"Outer","Parallel Aware":false,"Async Capable":false,"Startup Cost":3423621.57,"Total Cost":3426702.1,"Plan Rows":1232214,"Plan Width":30,"Actual Startup Time":30534.692,"Actual Total Time":31129.565,"Actual Rows":2218175,"Actual Loops":1,"Output":["customer.c_w_id","customer.c_nationkey","orders.o_w_id","order_line.ol_amount","order_line.ol_w_id","order_line.ol_i_id","nation.n_name","nation.n_nationkey"],"Sort Key":["customer.c_w_id","order_line.ol_i_id"],"Sort Method":"external merge","Sort Space Used":94520,"Sort Space Type":"Disk","Shared Hit Blocks":681750,"Shared Read Blocks":0,"Shared Dirtied Blocks":0,"Shared Written Blocks":0,"Local Hit Blocks":0,"Local Read Blocks":0,"Local Dirtied Blocks":0,"Local Written Blocks":0,"Temp Read Blocks":288611,"Temp Written Blocks":288665,"I/O Read Time":0.0,"I/O Write Time":0.0,"Temp I/O Read Time":445.583,"Temp I/O Write Time":1163.236,"Plans":[{"Node Type":"Hash Join","Parent Relationship":"Outer","Parallel Aware":false,"Async Capable":false,"Join Type":"Inner","Startup Cost":795272.92,"Total Cost":3239997.74,"Plan Rows":1232214,"Plan Width":30,"Actual Startup Time":2722.372,"Actual Total Time":27738.158,"Actual Rows":2218175,"Actual Loops":1,"Output":["customer.c_w_id","customer.c_nationkey","orders.o_w_id","order_line.ol_amount","order_line.ol_w_id","order_line.ol_i_id","nation.n_name","nation.n_nationkey"],"Inner Unique":false,"Hash Cond":"(customer.c_nationkey = nation.n_nationkey)","Shared Hit Blocks":681750,"Shared Read Blocks":0,"Shared Dirtied Blocks":0,"Shared Written Blocks":0,"Local Hit Blocks":0,"Local Read Blocks":0,"Local Dirtied Blocks":0,"Local Written Blocks":0,"Temp Read Blocks":264991,"Temp Written Blocks":264991,"I/O Read Time":0.0,"I/O Write Time":0.0,"Temp I/O Read Time":411.037,"Temp I/O Write Time":1096.129,"Plans":[{"Node Type":"Hash Join","Parent Relationship":"Outer","Parallel Aware":false,"Async Capable":false,"Join Type":"Inner","Startup Cost":795269.78,"Total Cost":3204965.93,"Plan Rows":6161071,"Plan Width":18,"Actual Startup Time":2714.573,"Actual Total Time":26825.865,"Actual Rows":8568663,"Actual Loops":1,"Output":["customer.c_w_id","customer.c_nationkey","orders.o_w_id","order_line.ol_amount","order_line.ol_w_id","order_line.ol_i_id"],"Inner Unique":true,"Hash Cond":"((orders.o_c_id = customer.c_id) AND (orders.o_w_id = customer.c_w_id) AND (orders.o_d_id = customer.c_d_id))","Shared Hit Blocks":681748,"Shared Read Blocks":0,"Shared Dirtied Blocks":0,"Shared Written Blocks":0,"Local Hit Blocks":0,"Local Read Blocks":0,"Local Dirtied Blocks":0,"Local Written Blocks":0,"Temp Read Blocks":264991,"Temp Written Blocks":264991,"I/O Read Time":0.0,"I/O Write Time":0.0,"Temp I/O Read Time":411.037,"Temp I/O Write Time":1096.129,"Plans":[{"Node Type":"Hash Join","Parent Relationship":"Outer","Parallel Aware":false,"Async Capable":false,"Join Type":"Inner","Startup Cost":151173.84,"Total Cost":2410851.54,"Plan Rows":6161071,"Plan Width":20,"Actual Startup Time":389.305,"Actual Total Time":19931.459,"Actual Rows":8568663,"Actual Loops":1,"Output":["orders.o_c_id","orders.o_w_id","orders.o_d_id","order_line.ol_amount","order_line.ol_w_id","order_line.ol_d_id","order_line.ol_i_id"],"Inner Unique":true,"Hash Cond":"((order_line.ol_w_id = orders.o_w_id) AND (order_line.ol_d_id = orders.o_d_id) AND (order_line.ol_o_id = orders.o_id))","Shared Hit Blocks":681748,"Shared Read Blocks":0,"Shared Dirtied Blocks":0,"Shared Written Blocks":0,"Local Hit Blocks":0,"Local Read Blocks":0,"Local Dirtied Blocks":0,"Local Written Blocks":0,"Temp Read Blocks":200672,"Temp Written Blocks":200672,"I/O Read Time":0.0,"I/O Write Time":0.0,"Temp I/O Read Time":299.054,"Temp I/O Write Time":796.515,"Plans":[{"Node Type":"Seq Scan","Parent Relationship":"Outer","Parallel Aware":false,"Async Capable":false,"Relation Name":"order_line","Schema":"public","Alias":"order_line","Startup Cost":0.0,"Total Cost":1431670.8,"Plan Rows":42039468,"Plan Width":20,"Actual Startup Time":0.006,"Actual Total Time":7323.579,"Actual Rows":42000489,"Actual Loops":1,"Output":["order_line.ol_amount","order_line.ol_o_id","order_line.ol_w_id","order_line.ol_d_id","order_line.ol_i_id"],"Filter":"(order_line.ol_delivery_d >= '1992-01-02 20:10:02.27764'::timestamp without time zone)","Rows Removed by Filter":17993272,"Shared Hit Blocks":681748,"Shared Read Blocks":0,"Shared Dirtied Blocks":0,"Shared Written Blocks":0,"Local Hit Blocks":0,"Local Read Blocks":0,"Local Dirtied Blocks":0,"Local Written Blocks":0,"Temp Read Blocks":0,"Temp Written Blocks":0,"I/O Read Time":0.0,"I/O Write Time":0.0,"Temp I/O Read Time":0.0,"Temp I/O Write Time":0.0},{"Node Type":"Hash","Parent Relationship":"Inner","Parallel Aware":false,"Async Capable":false,"Startup Cost":131491.69,"Total Cost":131491.69,"Plan Rows":879323,"Plan Width":16,"Actual Startup Time":354.67,"Actual Total Time":354.679,"Actual Rows":856801,"Actual Loops":1,"Output":["orders.o_c_id","orders.o_w_id","orders.o_d_id","orders.o_id"],"Hash Buckets":262144,"Original Hash Buckets":262144,"Hash Batches":8,"Original Hash Batches":8,"Peak Memory Usage":7070,"Shared Hit Blocks":0,"Shared Read Blocks":0,"Shared Dirtied Blocks":0,"Shared Written Blocks":0,"Local Hit Blocks":0,"Local Read Blocks":0,"Local Dirtied Blocks":0,"Local Written Blocks":0,"Temp Read Blocks":0,"Temp Written Blocks":3290,"I/O Read Time":0.0,"I/O Write Time":0.0,"Temp I/O Read Time":0.0,"Temp I/O Write Time":14.416,"Plans":[{"Node Type":"Append","Parent Relationship":"Outer","Parallel Aware":false,"Async Capable":false,"Startup Cost":20.0,"Total Cost":131491.69,"Plan Rows":879323,"Plan Width":16,"Actual Startup Time":0.512,"Actual Total Time":201.084,"Actual Rows":856801,"Actual Loops":1,"Shared Hit Blocks":0,"Shared Read Blocks":0,"Shared Dirtied Blocks":0,"Shared Written Blocks":0,"Local Hit Blocks":0,"Local Read Blocks":0,"Local Dirtied Blocks":0,"Local Written Blocks":0,"Temp Read Blocks":0,"Temp Written Blocks":0,"I/O Read Time":0.0,"I/O Write Time":0.0,"Temp I/O Read Time":0.0,"Temp I/O Write Time":0.0,"Subplans Removed":0,"Plans":[{"Node Type":"Custom Scan","Parent Relationship":"Member","Custom Plan Provider":"columnar scan","Parallel Aware":false,"Async Capable":false,"Relation Name":"orders","Schema":"public","Alias":"orders","Startup Cost":20.0,"Total Cost":20684.21,"Plan Rows":879322,"Plan Width":16,"Actual Startup Time":0.51,"Actual Total Time":140.699,"Actual Rows":856801,"Actual Loops":1,"Output":["orders.o_c_id","orders.o_w_id","orders.o_d_id","orders.o_id"],"Filter":"((orders.o_entry_d < '1994-01-02 20:10:02.27764'::timestamp without time zone) AND (orders.o_entry_d >= '1993-01-02 20:10:02.27764'::timestamp without time zone))","Rows Removed by Filter":0,"Rows Removed by Columnar Filter":5143199,"Columnar cache search mode":"native","Shared Hit Blocks":0,"Shared Read Blocks":0,"Shared Dirtied Blocks":0,"Shared Written Blocks":0,"Local Hit Blocks":0,"Local Read Blocks":0,"Local Dirtied Blocks":0,"Local Written Blocks":0,"Temp Read Blocks":0,"Temp Written Blocks":0,"I/O Read Time":0.0,"I/O Write Time":0.0,"Temp I/O Read Time":0.0,"Temp I/O Write Time":0.0},{"Node Type":"Seq Scan","Parent Relationship":"Member","Parallel Aware":false,"Async Capable":false,"Relation Name":"orders","Schema":"public","Alias":"orders","Startup Cost":0.0,"Total Cost":4.01,"Plan Rows":1,"Plan Width":16,"Actual Startup Time":0.0,"Actual Total Time":0.0,"Actual Rows":0,"Actual Loops":0,"Output":["orders.o_c_id","orders.o_w_id","orders.o_d_id","orders.o_id"],"Filter":"((orders.o_entry_d < '1994-01-02 20:10:02.27764'::timestamp without time zone) AND (orders.o_entry_d >= '1993-01-02 20:10:02.27764'::timestamp without time zone))","Rows Removed by Filter":0,"Shared Hit Blocks":0,"Shared Read Blocks":0,"Shared Dirtied Blocks":0,"Shared Written Blocks":0,"Local Hit Blocks":0,"Local Read Blocks":0,"Local Dirtied Blocks":0,"Local Written Blocks":0,"Temp Read Blocks":0,"Temp Written Blocks":0,"I/O Read Time":0.0,"I/O Write Time":0.0,"Temp I/O Read Time":0.0,"Temp I/O Write Time":0.0}]}]}]},{"Node Type":"Hash","Parent Relationship":"Inner","Parallel Aware":false,"Async Capable":false,"Startup Cost":509795.49,"Total Cost":509795.49,"Plan Rows":6000140,"Plan Width":12,"Actual Startup Time":2318.181,"Actual Total Time":2318.186,"Actual Rows":6000000,"Actual Loops":1,"Output":["customer.c_id","customer.c_w_id","customer.c_d_id","customer.c_nationkey"],"Hash Buckets":262144,"Original Hash Buckets":262144,"Hash Batches":64,"Original Hash Batches":64,"Peak Memory Usage":6073,"Shared Hit Blocks":0,"Shared Read Blocks":0,"Shared Dirtied Blocks":0,"Shared Written Blocks":0,"Local Hit Blocks":0,"Local Read Blocks":0,"Local Dirtied Blocks":0,"Local Written Blocks":0,"Temp Read Blocks":0,"Temp Written Blocks":23037,"I/O Read Time":0.0,"I/O Write Time":0.0,"Temp I/O Read Time":0.0,"Temp I/O Write Time":103.713,"Plans":[{"Node Type":"Append","Parent Relationship":"Outer","Parallel Aware":false,"Async Capable":false,"Startup Cost":20.0,"Total Cost":509795.49,"Plan Rows":6000140,"Plan Width":12,"Actual Startup Time":0.025,"Actual Total Time":1310.7,"Actual Rows":6000000,"Actual Loops":1,"Shared Hit Blocks":0,"Shared Read Blocks":0,"Shared Dirtied Blocks":0,"Shared Written Blocks":0,"Local Hit Blocks":0,"Local Read Blocks":0,"Local Dirtied Blocks":0,"Local Written Blocks":0,"Temp Read Blocks":0,"Temp Written Blocks":0,"I/O Read Time":0.0,"I/O Write Time":0.0,"Temp I/O Read Time":0.0,"Temp I/O Write Time":0.0,"Subplans Removed":0,"Plans":[{"Node Type":"Custom Scan","Parent Relationship":"Member","Custom Plan Provider":"columnar scan","Parallel Aware":false,"Async Capable":false,"Relation Name":"customer","Schema":"public","Alias":"customer","Startup Cost":20.0,"Total Cost":141020.06,"Plan Rows":6000000,"Plan Width":12,"Actual Startup Time":0.023,"Actual Total Time":896.473,"Actual Rows":6000000,"Actual Loops":1,"Output":["customer.c_id","customer.c_w_id","customer.c_d_id","customer.c_nationkey"],"Rows Removed by Columnar Filter":0,"Columnar cache search mode":"native","Shared Hit Blocks":0,"Shared Read Blocks":0,"Shared Dirtied Blocks":0,"Shared Written Blocks":0,"Local Hit Blocks":0,"Local Read Blocks":0,"Local Dirtied Blocks":0,"Local Written Blocks":0,"Temp Read Blocks":0,"Temp Written Blocks":0,"I/O Read Time":0.0,"I/O Write Time":0.0,"Temp I/O Read Time":0.0,"Temp I/O Write Time":0.0},{"Node Type":"Seq Scan","Parent Relationship":"Member","Parallel Aware":false,"Async Capable":false,"Relation Name":"customer","Schema":"public","Alias":"customer","Startup Cost":0.0,"Total Cost":5.4,"Plan Rows":140,"Plan Width":12,"Actual Startup Time":0.0,"Actual Total Time":0.0,"Actual Rows":0,"Actual Loops":0,"Output":["customer.c_id","customer.c_w_id","customer.c_d_id","customer.c_nationkey"],"Shared Hit Blocks":0,"Shared Read Blocks":0,"Shared Dirtied Blocks":0,"Shared Written Blocks":0,"Local Hit Blocks":0,"Local Read Blocks":0,"Local Dirtied Blocks":0,"Local Written Blocks":0,"Temp Read Blocks":0,"Temp Written Blocks":0,"I/O Read Time":0.0,"I/O Write Time":0.0,"Temp I/O Read Time":0.0,"Temp I/O Write Time":0.0}]}]}]},{"Node Type":"Hash","Parent Relationship":"Inner","Parallel Aware":false,"Async Capable":false,"Startup Cost":2.99,"Total Cost":2.99,"Plan Rows":12,"Plan Width":12,"Actual Startup Time":0.04,"Actual Total Time":0.046,"Actual Rows":22,"Actual Loops":1,"Output":["nation.n_name","nation.n_nationkey"],"Hash Buckets":1024,"Original Hash Buckets":1024,"Hash Batches":1,"Original Hash Batches":1,"Peak Memory Usage":9,"Shared Hit Blocks":2,"Shared Read Blocks":0,"Shared Dirtied Blocks":0,"Shared Written Blocks":0,"Local Hit Blocks":0,"Local Read Blocks":0,"Local Dirtied Blocks":0,"Local Written Blocks":0,"Temp Read Blocks":0,"Temp Written Blocks":0,"I/O Read Time":0.0,"I/O Write Time":0.0,"Temp I/O Read Time":0.0,"Temp I/O Write Time":0.0,"Plans":[{"Node Type":"Hash Join","Parent Relationship":"Outer","Parallel Aware":false,"Async Capable":false,"Join Type":"Inner","Startup Cost":1.07,"Total Cost":2.99,"Plan Rows":12,"Plan Width":12,"Actual Startup Time":0.023,"Actual Total Time":0.04,"Actual Rows":22,"Actual Loops":1,"Output":["nation.n_name","nation.n_nationkey"],"Inner Unique":true,"Hash Cond":"(nation.n_regionkey = region.r_regionkey)","Shared Hit Blocks":2,"Shared Read Blocks":0,"Shared Dirtied Blocks":0,"Shared Written Blocks":0,"Local Hit Blocks":0,"Local Read Blocks":0,"Local Dirtied Blocks":0,"Local Written Blocks":0,"Temp Read Blocks":0,"Temp Written Blocks":0,"I/O Read Time":0.0,"I/O Write Time":0.0,"Temp I/O Read Time":0.0,"Temp I/O Write Time":0.0,"Plans":[{"Node Type":"Seq Scan","Parent Relationship":"Outer","Parallel Aware":false,"Async Capable":false,"Relation Name":"nation","Schema":"public","Alias":"nation","Startup Cost":0.0,"Total Cost":1.62,"Plan Rows":62,"Plan Width":16,"Actual Startup Time":0.005,"Actual Total Time":0.009,"Actual Rows":62,"Actual Loops":1,"Output":["nation.n_nationkey","nation.n_name","nation.n_regionkey","nation.n_comment"],"Shared Hit Blocks":1,"Shared Read Blocks":0,"Shared Dirtied Blocks":0,"Shared Written Blocks":0,"Local Hit Blocks":0,"Local Read Blocks":0,"Local Dirtied Blocks":0,"Local Written Blocks":0,"Temp Read Blocks":0,"Temp Written Blocks":0,"I/O Read Time":0.0,"I/O Write Time":0.0,"Temp I/O Read Time":0.0,"Temp I/O Write Time":0.0},{"Node Type":"Hash","Parent Relationship":"Inner","Parallel Aware":false,"Async Capable":false,"Startup Cost":1.06,"Total Cost":1.06,"Plan Rows":1,"Plan Width":4,"Actual Startup Time":0.008,"Actual Total Time":0.009,"Actual Rows":1,"Actual Loops":1,"Output":["region.r_regionkey"],"Hash Buckets":1024,"Original Hash Buckets":1024,"Hash Batches":1,"Original Hash Batches":1,"Peak Memory Usage":9,"Shared Hit Blocks":1,"Shared Read Blocks":0,"Shared Dirtied Blocks":0,"Shared Written Blocks":0,"Local Hit Blocks":0,"Local Read Blocks":0,"Local Dirtied Blocks":0,"Local Written Blocks":0,"Temp Read Blocks":0,"Temp Written Blocks":0,"I/O Read Time":0.0,"I/O Write Time":0.0,"Temp I/O Read Time":0.0,"Temp I/O Write Time":0.0,"Plans":[{"Node Type":"Seq Scan","Parent Relationship":"Outer","Parallel Aware":false,"Async Capable":false,"Relation Name":"region","Schema":"public","Alias":"region","Startup Cost":0.0,"Total Cost":1.06,"Plan Rows":1,"Plan Width":4,"Actual Startup Time":0.006,"Actual Total Time":0.006,"Actual Rows":1,"Actual Loops":1,"Output":["region.r_regionkey"],"Filter":"((region.r_name)::text = 'Europe'::text)","Rows Removed by Filter":4,"Shared Hit Blocks":1,"Shared Read Blocks":0,"Shared Dirtied Blocks":0,"Shared Written Blocks":0,"Local Hit Blocks":0,"Local Read Blocks":0,"Local Dirtied Blocks":0,"Local Written Blocks":0,"Temp Read Blocks":0,"Temp Written Blocks":0,"I/O Read Time":0.0,"I/O Write Time":0.0,"Temp I/O Read Time":0.0,"Temp I/O Write Time":0.0}]}]}]}]}]},{"Node Type":"Index Only Scan","Parent Relationship":"Inner","Parallel Aware":false,"Async Capable":false,"Scan Direction":"Forward","Index Name":"stock_pk","Relation Name":"stock","Schema":"public","Alias":"stock","Startup Cost":0.44,"Total Cost":519363.62,"Plan Rows":20000212,"Plan Width":6,"Actual Startup Time":0.057,"Actual Total Time":1397.826,"Actual Rows":19999994,"Actual Loops":1,"Output":["stock.s_w_id","stock.s_i_id"],"Heap Fetches":0,"Shared Hit Blocks":54673,"Shared Read Blocks":0,"Shared Dirtied Blocks":0,"Shared Written Blocks":0,"Local Hit Blocks":0,"Local Read Blocks":0,"Local Dirtied Blocks":0,"Local Written Blocks":0,"Temp Read Blocks":0,"Temp Written Blocks":0,"I/O Read Time":0.0,"I/O Write Time":0.0,"Temp I/O Read Time":0.0,"Temp I/O Write Time":0.0}]},{"Node Type":"Hash","Parent Relationship":"Inner","Parallel Aware":false,"Async Capable":false,"Startup Cost":317.0,"Total Cost":317.0,"Plan Rows":10000,"Plan Width":8,"Actual Startup Time":2.615,"Actual Total Time":2.616,"Actual Rows":10000,"Actual Loops":1,"Output":["supplier.su_suppkey","supplier.su_nationkey"],"Hash Buckets":16384,"Original Hash Buckets":16384,"Hash Batches":1,"Original Hash Batches":1,"Peak Memory Usage":519,"Shared Hit Blocks":217,"Shared Read Blocks":0,"Shared Dirtied Blocks":0,"Shared Written Blocks":0,"Local Hit Blocks":0,"Local Read Blocks":0,"Local Dirtied Blocks":0,"Local Written Blocks":0,"Temp Read Blocks":0,"Temp Written Blocks":0,"I/O Read Time":0.0,"I/O Write Time":0.0,"Temp I/O Read Time":0.0,"Temp I/O Write Time":0.0,"Plans":[{"Node Type":"Seq Scan","Parent Relationship":"Outer","Parallel Aware":false,"Async Capable":false,"Relation Name":"supplier","Schema":"public","Alias":"supplier","Startup Cost":0.0,"Total Cost":317.0,"Plan Rows":10000,"Plan Width":8,"Actual Startup Time":0.01,"Actual Total Time":1.323,"Actual Rows":10000,"Actual Loops":1,"Output":["supplier.su_suppkey","supplier.su_nationkey"],"Shared Hit Blocks":217,"Shared Read Blocks":0,"Shared Dirtied Blocks":0,"Shared Written Blocks":0,"Local Hit Blocks":0,"Local Read Blocks":0,"Local Dirtied Blocks":0,"Local Written Blocks":0,"Temp Read Blocks":0,"Temp Written Blocks":0,"I/O Read Time":0.0,"I/O Write Time":0.0,"Temp I/O Read Time":0.0,"Temp I/O Write Time":0.0}]}]}]}]}]},"Planning":{"Shared Hit Blocks":220,"Shared Read Blocks":0,"Shared Dirtied Blocks":0,"Shared Written Blocks":0,"Local Hit Blocks":0,"Local Read Blocks":0,"Local Dirtied Blocks":0,"Local Written Blocks":0,"Temp Read Blocks":0,"Temp Written Blocks":0,"I/O Read Time":0.0,"I/O Write Time":0.0,"Temp I/O Read Time":0.0,"Temp I/O Write Time":0.0},"Planning Time":6.623,"Triggers":[],"Execution Time":34470.012}]
[列存组合]: customer, orders, supplier
[{"Plan":{"Node Type":"Sort","Parallel Aware":false,"Async Capable":false,"Startup Cost":4073452.12,"Total Cost":4073452.27,"Plan Rows":62,"Plan Width":40,"Actual Startup Time":33934.621,"Actual Total Time":33934.656,"Actual Rows":11,"Actual Loops":1,"Output":["nation.n_name","(sum(order_line.ol_amount))"],"Sort Key":["(sum(order_line.ol_amount)) DESC"],"Sort Method":"quicksort","Sort Space Used":25,"Sort Space Type":"Memory","Shared Hit Blocks":736423,"Shared Read Blocks":0,"Shared Dirtied Blocks":0,"Shared Written Blocks":0,"Local Hit Blocks":0,"Local Read Blocks":0,"Local Dirtied Blocks":0,"Local Written Blocks":0,"Temp Read Blocks":288611,"Temp Written Blocks":288665,"I/O Read Time":0.0,"I/O Write Time":0.0,"Temp I/O Read Time":432.033,"Temp I/O Write Time":1152.044,"Plans":[{"Node Type":"Aggregate","Strategy":"Sorted","Partial Mode":"Simple","Parent Relationship":"Outer","Parallel Aware":false,"Async Capable":false,"Startup Cost":4073298.48,"Total Cost":4073450.27,"Plan Rows":62,"Plan Width":40,"Actual Startup Time":33928.726,"Actual Total Time":33934.637,"Actual Rows":11,"Actual Loops":1,"Output":["nation.n_name","sum(order_line.ol_amount)"],"Group Key":["nation.n_name"],"Shared Hit Blocks":736423,"Shared Read Blocks":0,"Shared Dirtied Blocks":0,"Shared Written Blocks":0,"Local Hit Blocks":0,"Local Read Blocks":0,"Local Dirtied Blocks":0,"Local Written Blocks":0,"Temp Read Blocks":288611,"Temp Written Blocks":288665,"I/O Read Time":0.0,"I/O Write Time":0.0,"Temp I/O Read Time":432.033,"Temp I/O Write Time":1152.044,"Plans":[{"Node Type":"Sort","Parent Relationship":"Outer","Parallel Aware":false,"Async Capable":false,"Startup Cost":4073298.48,"Total Cost":4073348.82,"Plan Rows":20136,"Plan Width":12,"Actual Startup Time":33928.29,"Actual Total Time":33930.076,"Actual Rows":35044,"Actual Loops":1,"Output":["nation.n_name","order_line.ol_amount"],"Sort Key":["nation.n_name"],"Sort Method":"quicksort","Sort Space Used":3146,"Sort Space Type":"Memory","Shared Hit Blocks":736423,"Shared Read Blocks":0,"Shared Dirtied Blocks":0,"Shared Written Blocks":0,"Local Hit Blocks":0,"Local Read Blocks":0,"Local Dirtied Blocks":0,"Local Written Blocks":0,"Temp Read Blocks":288611,"Temp Written Blocks":288665,"I/O Read Time":0.0,"I/O Write Time":0.0,"Temp I/O Read Time":432.033,"Temp I/O Write Time":1152.044,"Plans":[{"Node Type":"Hash Join","Parent Relationship":"Outer","Parallel Aware":false,"Async Capable":false,"Join Type":"Inner","Startup Cost":3423991.03,"Total Cost":4071859.01,"Plan Rows":20136,"Plan Width":12,"Actual Startup Time":30008.584,"Actual Total Time":33909.339,"Actual Rows":35044,"Actual Loops":1,"Output":["nation.n_name","order_line.ol_amount"],"Inner Unique":true,"Hash Cond":"((mod((stock.s_w_id * stock.s_i_id), 10000) = supplier.su_suppkey) AND (customer.c_nationkey = supplier.su_nationkey))","Shared Hit Blocks":736423,"Shared Read Blocks":0,"Shared Dirtied Blocks":0,"Shared Written Blocks":0,"Local Hit Blocks":0,"Local Read Blocks":0,"Local Dirtied Blocks":0,"Local Written Blocks":0,"Temp Read Blocks":288611,"Temp Written Blocks":288665,"I/O Read Time":0.0,"I/O Write Time":0.0,"Temp I/O Read Time":432.033,"Temp I/O Write Time":1152.044,"Plans":[{"Node Type":"Merge Join","Parent Relationship":"Outer","Parallel Aware":false,"Async Capable":false,"Join Type":"Inner","Startup Cost":3423622.0,"Total Cost":4064655.01,"Plan Rows":1242717,"Plan Width":26,"Actual Startup Time":30005.029,"Actual Total Time":33626.108,"Actual Rows":2218175,"Actual Loops":1,"Output":["customer.c_nationkey","order_line.ol_amount","stock.s_w_id","stock.s_i_id","nation.n_name","nation.n_nationkey"],"Inner Unique":true,"Merge Cond":"((customer.c_w_id = stock.s_w_id) AND (order_line.ol_i_id = stock.s_i_id))","Shared Hit Blocks":736423,"Shared Read Blocks":0,"Shared Dirtied Blocks":0,"Shared Written Blocks":0,"Local Hit Blocks":0,"Local Read Blocks":0,"Local Dirtied Blocks":0,"Local Written Blocks":0,"Temp Read Blocks":288611,"Temp Written Blocks":288665,"I/O Read Time":0.0,"I/O Write Time":0.0,"Temp I/O Read Time":432.033,"Temp I/O Write Time":1152.044,"Plans":[{"Node Type":"Sort","Parent Relationship":"Outer","Parallel Aware":false,"Async Capable":false,"Startup Cost":3423621.57,"Total Cost":3426702.1,"Plan Rows":1232214,"Plan Width":30,"Actual Startup Time":30004.964,"Actual Total Time":30600.458,"Actual Rows":2218175,"Actual Loops":1,"Output":["customer.c_w_id","customer.c_nationkey","orders.o_w_id","order_line.ol_amount","order_line.ol_w_id","order_line.ol_i_id","nation.n_name","nation.n_nationkey"],"Sort Key":["customer.c_w_id","order_line.ol_i_id"],"Sort Method":"external merge","Sort Space Used":94520,"Sort Space Type":"Disk","Shared Hit Blocks":681750,"Shared Read Blocks":0,"Shared Dirtied Blocks":0,"Shared Written Blocks":0,"Local Hit Blocks":0,"Local Read Blocks":0,"Local Dirtied Blocks":0,"Local Written Blocks":0,"Temp Read Blocks":288611,"Temp Written Blocks":288665,"I/O Read Time":0.0,"I/O Write Time":0.0,"Temp I/O Read Time":432.033,"Temp I/O Write Time":1152.044,"Plans":[{"Node Type":"Hash Join","Parent Relationship":"Outer","Parallel Aware":false,"Async Capable":false,"Join Type":"Inner","Startup Cost":795272.92,"Total Cost":3239997.74,"Plan Rows":1232214,"Plan Width":30,"Actual Startup Time":2714.887,"Actual Total Time":27369.976,"Actual Rows":2218175,"Actual Loops":1,"Output":["customer.c_w_id","customer.c_nationkey","orders.o_w_id","order_line.ol_amount","order_line.ol_w_id","order_line.ol_i_id","nation.n_name","nation.n_nationkey"],"Inner Unique":false,"Hash Cond":"(customer.c_nationkey = nation.n_nationkey)","Shared Hit Blocks":681750,"Shared Read Blocks":0,"Shared Dirtied Blocks":0,"Shared Written Blocks":0,"Local Hit Blocks":0,"Local Read Blocks":0,"Local Dirtied Blocks":0,"Local Written Blocks":0,"Temp Read Blocks":264991,"Temp Written Blocks":264991,"I/O Read Time":0.0,"I/O Write Time":0.0,"Temp I/O Read Time":397.719,"Temp I/O Write Time":1089.106,"Plans":[{"Node Type":"Hash Join","Parent Relationship":"Outer","Parallel Aware":false,"Async Capable":false,"Join Type":"Inner","Startup Cost":795269.78,"Total Cost":3204965.93,"Plan Rows":6161071,"Plan Width":18,"Actual Startup Time":2707.066,"Actual Total Time":26537.393,"Actual Rows":8568663,"Actual Loops":1,"Output":["customer.c_w_id","customer.c_nationkey","orders.o_w_id","order_line.ol_amount","order_line.ol_w_id","order_line.ol_i_id"],"Inner Unique":true,"Hash Cond":"((orders.o_c_id = customer.c_id) AND (orders.o_w_id = customer.c_w_id) AND (orders.o_d_id = customer.c_d_id))","Shared Hit Blocks":681748,"Shared Read Blocks":0,"Shared Dirtied Blocks":0,"Shared Written Blocks":0,"Local Hit Blocks":0,"Local Read Blocks":0,"Local Dirtied Blocks":0,"Local Written Blocks":0,"Temp Read Blocks":264991,"Temp Written Blocks":264991,"I/O Read Time":0.0,"I/O Write Time":0.0,"Temp I/O Read Time":397.719,"Temp I/O Write Time":1089.106,"Plans":[{"Node Type":"Hash Join","Parent Relationship":"Outer","Parallel Aware":false,"Async Capable":false,"Join Type":"Inner","Startup Cost":151173.84,"Total Cost":2410851.54,"Plan Rows":6161071,"Plan Width":20,"Actual Startup Time":384.939,"Actual Total Time":19903.223,"Actual Rows":8568663,"Actual Loops":1,"Output":["orders.o_c_id","orders.o_w_id","orders.o_d_id","order_line.ol_amount","order_line.ol_w_id","order_line.ol_d_id","order_line.ol_i_id"],"Inner Unique":true,"Hash Cond":"((order_line.ol_w_id = orders.o_w_id) AND (order_line.ol_d_id = orders.o_d_id) AND (order_line.ol_o_id = orders.o_id))","Shared Hit Blocks":681748,"Shared Read Blocks":0,"Shared Dirtied Blocks":0,"Shared Written Blocks":0,"Local Hit Blocks":0,"Local Read Blocks":0,"Local Dirtied Blocks":0,"Local Written Blocks":0,"Temp Read Blocks":200672,"Temp Written Blocks":200672,"I/O Read Time":0.0,"I/O Write Time":0.0,"Temp I/O Read Time":299.419,"Temp I/O Write Time":793.327,"Plans":[{"Node Type":"Seq Scan","Parent Relationship":"Outer","Parallel Aware":false,"Async Capable":false,"Relation Name":"order_line","Schema":"public","Alias":"order_line","Startup Cost":0.0,"Total Cost":1431670.8,"Plan Rows":42039468,"Plan Width":20,"Actual Startup Time":0.005,"Actual Total Time":7311.129,"Actual Rows":42000489,"Actual Loops":1,"Output":["order_line.ol_amount","order_line.ol_o_id","order_line.ol_w_id","order_line.ol_d_id","order_line.ol_i_id"],"Filter":"(order_line.ol_delivery_d >= '1992-01-02 20:10:02.27764'::timestamp without time zone)","Rows Removed by Filter":17993272,"Shared Hit Blocks":681748,"Shared Read Blocks":0,"Shared Dirtied Blocks":0,"Shared Written Blocks":0,"Local Hit Blocks":0,"Local Read Blocks":0,"Local Dirtied Blocks":0,"Local Written Blocks":0,"Temp Read Blocks":0,"Temp Written Blocks":0,"I/O Read Time":0.0,"I/O Write Time":0.0,"Temp I/O Read Time":0.0,"Temp I/O Write Time":0.0},{"Node Type":"Hash","Parent Relationship":"Inner","Parallel Aware":false,"Async Capable":false,"Startup Cost":131491.69,"Total Cost":131491.69,"Plan Rows":879323,"Plan Width":16,"Actual Startup Time":350.528,"Actual Total Time":350.537,"Actual Rows":856801,"Actual Loops":1,"Output":["orders.o_c_id","orders.o_w_id","orders.o_d_id","orders.o_id"],"Hash Buckets":262144,"Original Hash Buckets":262144,"Hash Batches":8,"Original Hash Batches":8,"Peak Memory Usage":7070,"Shared Hit Blocks":0,"Shared Read Blocks":0,"Shared Dirtied Blocks":0,"Shared Written Blocks":0,"Local Hit Blocks":0,"Local Read Blocks":0,"Local Dirtied Blocks":0,"Local Written Blocks":0,"Temp Read Blocks":0,"Temp Written Blocks":3290,"I/O Read Time":0.0,"I/O Write Time":0.0,"Temp I/O Read Time":0.0,"Temp I/O Write Time":13.857,"Plans":[{"Node Type":"Append","Parent Relationship":"Outer","Parallel Aware":false,"Async Capable":false,"Startup Cost":20.0,"Total Cost":131491.69,"Plan Rows":879323,"Plan Width":16,"Actual Startup Time":0.51,"Actual Total Time":200.024,"Actual Rows":856801,"Actual Loops":1,"Shared Hit Blocks":0,"Shared Read Blocks":0,"Shared Dirtied Blocks":0,"Shared Written Blocks":0,"Local Hit Blocks":0,"Local Read Blocks":0,"Local Dirtied Blocks":0,"Local Written Blocks":0,"Temp Read Blocks":0,"Temp Written Blocks":0,"I/O Read Time":0.0,"I/O Write Time":0.0,"Temp I/O Read Time":0.0,"Temp I/O Write Time":0.0,"Subplans Removed":0,"Plans":[{"Node Type":"Custom Scan","Parent Relationship":"Member","Custom Plan Provider":"columnar scan","Parallel Aware":false,"Async Capable":false,"Relation Name":"orders","Schema":"public","Alias":"orders","Startup Cost":20.0,"Total Cost":20684.21,"Plan Rows":879322,"Plan Width":16,"Actual Startup Time":0.51,"Actual Total Time":139.951,"Actual Rows":856801,"Actual Loops":1,"Output":["orders.o_c_id","orders.o_w_id","orders.o_d_id","orders.o_id"],"Filter":"((orders.o_entry_d < '1994-01-02 20:10:02.27764'::timestamp without time zone) AND (orders.o_entry_d >= '1993-01-02 20:10:02.27764'::timestamp without time zone))","Rows Removed by Filter":0,"Rows Removed by Columnar Filter":5143199,"Columnar cache search mode":"native","Shared Hit Blocks":0,"Shared Read Blocks":0,"Shared Dirtied Blocks":0,"Shared Written Blocks":0,"Local Hit Blocks":0,"Local Read Blocks":0,"Local Dirtied Blocks":0,"Local Written Blocks":0,"Temp Read Blocks":0,"Temp Written Blocks":0,"I/O Read Time":0.0,"I/O Write Time":0.0,"Temp I/O Read Time":0.0,"Temp I/O Write Time":0.0},{"Node Type":"Seq Scan","Parent Relationship":"Member","Parallel Aware":false,"Async Capable":false,"Relation Name":"orders","Schema":"public","Alias":"orders","Startup Cost":0.0,"Total Cost":4.01,"Plan Rows":1,"Plan Width":16,"Actual Startup Time":0.0,"Actual Total Time":0.0,"Actual Rows":0,"Actual Loops":0,"Output":["orders.o_c_id","orders.o_w_id","orders.o_d_id","orders.o_id"],"Filter":"((orders.o_entry_d < '1994-01-02 20:10:02.27764'::timestamp without time zone) AND (orders.o_entry_d >= '1993-01-02 20:10:02.27764'::timestamp without time zone))","Rows Removed by Filter":0,"Shared Hit Blocks":0,"Shared Read Blocks":0,"Shared Dirtied Blocks":0,"Shared Written Blocks":0,"Local Hit Blocks":0,"Local Read Blocks":0,"Local Dirtied Blocks":0,"Local Written Blocks":0,"Temp Read Blocks":0,"Temp Written Blocks":0,"I/O Read Time":0.0,"I/O Write Time":0.0,"Temp I/O Read Time":0.0,"Temp I/O Write Time":0.0}]}]}]},{"Node Type":"Hash","Parent Relationship":"Inner","Parallel Aware":false,"Async Capable":false,"Startup Cost":509795.49,"Total Cost":509795.49,"Plan Rows":6000140,"Plan Width":12,"Actual Startup Time":2315.043,"Actual Total Time":2315.048,"Actual Rows":6000000,"Actual Loops":1,"Output":["customer.c_id","customer.c_w_id","customer.c_d_id","customer.c_nationkey"],"Hash Buckets":262144,"Original Hash Buckets":262144,"Hash Batches":64,"Original Hash Batches":64,"Peak Memory Usage":6073,"Shared Hit Blocks":0,"Shared Read Blocks":0,"Shared Dirtied Blocks":0,"Shared Written Blocks":0,"Local Hit Blocks":0,"Local Read Blocks":0,"Local Dirtied Blocks":0,"Local Written Blocks":0,"Temp Read Blocks":0,"Temp Written Blocks":23037,"I/O Read Time":0.0,"I/O Write Time":0.0,"Temp I/O Read Time":0.0,"Temp I/O Write Time":100.902,"Plans":[{"Node Type":"Append","Parent Relationship":"Outer","Parallel Aware":false,"Async Capable":false,"Startup Cost":20.0,"Total Cost":509795.49,"Plan Rows":6000140,"Plan Width":12,"Actual Startup Time":0.024,"Actual Total Time":1310.886,"Actual Rows":6000000,"Actual Loops":1,"Shared Hit Blocks":0,"Shared Read Blocks":0,"Shared Dirtied Blocks":0,"Shared Written Blocks":0,"Local Hit Blocks":0,"Local Read Blocks":0,"Local Dirtied Blocks":0,"Local Written Blocks":0,"Temp Read Blocks":0,"Temp Written Blocks":0,"I/O Read Time":0.0,"I/O Write Time":0.0,"Temp I/O Read Time":0.0,"Temp I/O Write Time":0.0,"Subplans Removed":0,"Plans":[{"Node Type":"Custom Scan","Parent Relationship":"Member","Custom Plan Provider":"columnar scan","Parallel Aware":false,"Async Capable":false,"Relation Name":"customer","Schema":"public","Alias":"customer","Startup Cost":20.0,"Total Cost":141020.06,"Plan Rows":6000000,"Plan Width":12,"Actual Startup Time":0.023,"Actual Total Time":896.962,"Actual Rows":6000000,"Actual Loops":1,"Output":["customer.c_id","customer.c_w_id","customer.c_d_id","customer.c_nationkey"],"Rows Removed by Columnar Filter":0,"Columnar cache search mode":"native","Shared Hit Blocks":0,"Shared Read Blocks":0,"Shared Dirtied Blocks":0,"Shared Written Blocks":0,"Local Hit Blocks":0,"Local Read Blocks":0,"Local Dirtied Blocks":0,"Local Written Blocks":0,"Temp Read Blocks":0,"Temp Written Blocks":0,"I/O Read Time":0.0,"I/O Write Time":0.0,"Temp I/O Read Time":0.0,"Temp I/O Write Time":0.0},{"Node Type":"Seq Scan","Parent Relationship":"Member","Parallel Aware":false,"Async Capable":false,"Relation Name":"customer","Schema":"public","Alias":"customer","Startup Cost":0.0,"Total Cost":5.4,"Plan Rows":140,"Plan Width":12,"Actual Startup Time":0.0,"Actual Total Time":0.0,"Actual Rows":0,"Actual Loops":0,"Output":["customer.c_id","customer.c_w_id","customer.c_d_id","customer.c_nationkey"],"Shared Hit Blocks":0,"Shared Read Blocks":0,"Shared Dirtied Blocks":0,"Shared Written Blocks":0,"Local Hit Blocks":0,"Local Read Blocks":0,"Local Dirtied Blocks":0,"Local Written Blocks":0,"Temp Read Blocks":0,"Temp Written Blocks":0,"I/O Read Time":0.0,"I/O Write Time":0.0,"Temp I/O Read Time":0.0,"Temp I/O Write Time":0.0}]}]}]},{"Node Type":"Hash","Parent Relationship":"Inner","Parallel Aware":false,"Async Capable":false,"Startup Cost":2.99,"Total Cost":2.99,"Plan Rows":12,"Plan Width":12,"Actual Startup Time":0.046,"Actual Total Time":0.051,"Actual Rows":22,"Actual Loops":1,"Output":["nation.n_name","nation.n_nationkey"],"Hash Buckets":1024,"Original Hash Buckets":1024,"Hash Batches":1,"Original Hash Batches":1,"Peak Memory Usage":9,"Shared Hit Blocks":2,"Shared Read Blocks":0,"Shared Dirtied Blocks":0,"Shared Written Blocks":0,"Local Hit Blocks":0,"Local Read Blocks":0,"Local Dirtied Blocks":0,"Local Written Blocks":0,"Temp Read Blocks":0,"Temp Written Blocks":0,"I/O Read Time":0.0,"I/O Write Time":0.0,"Temp I/O Read Time":0.0,"Temp I/O Write Time":0.0,"Plans":[{"Node Type":"Hash Join","Parent Relationship":"Outer","Parallel Aware":false,"Async Capable":false,"Join Type":"Inner","Startup Cost":1.07,"Total Cost":2.99,"Plan Rows":12,"Plan Width":12,"Actual Startup Time":0.028,"Actual Total Time":0.046,"Actual Rows":22,"Actual Loops":1,"Output":["nation.n_name","nation.n_nationkey"],"Inner Unique":true,"Hash Cond":"(nation.n_regionkey = region.r_regionkey)","Shared Hit Blocks":2,"Shared Read Blocks":0,"Shared Dirtied Blocks":0,"Shared Written Blocks":0,"Local Hit Blocks":0,"Local Read Blocks":0,"Local Dirtied Blocks":0,"Local Written Blocks":0,"Temp Read Blocks":0,"Temp Written Blocks":0,"I/O Read Time":0.0,"I/O Write Time":0.0,"Temp I/O Read Time":0.0,"Temp I/O Write Time":0.0,"Plans":[{"Node Type":"Seq Scan","Parent Relationship":"Outer","Parallel Aware":false,"Async Capable":false,"Relation Name":"nation","Schema":"public","Alias":"nation","Startup Cost":0.0,"Total Cost":1.62,"Plan Rows":62,"Plan Width":16,"Actual Startup Time":0.008,"Actual Total Time":0.012,"Actual Rows":62,"Actual Loops":1,"Output":["nation.n_nationkey","nation.n_name","nation.n_regionkey","nation.n_comment"],"Shared Hit Blocks":1,"Shared Read Blocks":0,"Shared Dirtied Blocks":0,"Shared Written Blocks":0,"Local Hit Blocks":0,"Local Read Blocks":0,"Local Dirtied Blocks":0,"Local Written Blocks":0,"Temp Read Blocks":0,"Temp Written Blocks":0,"I/O Read Time":0.0,"I/O Write Time":0.0,"Temp I/O Read Time":0.0,"Temp I/O Write Time":0.0},{"Node Type":"Hash","Parent Relationship":"Inner","Parallel Aware":false,"Async Capable":false,"Startup Cost":1.06,"Total Cost":1.06,"Plan Rows":1,"Plan Width":4,"Actual Startup Time":0.008,"Actual Total Time":0.009,"Actual Rows":1,"Actual Loops":1,"Output":["region.r_regionkey"],"Hash Buckets":1024,"Original Hash Buckets":1024,"Hash Batches":1,"Original Hash Batches":1,"Peak Memory Usage":9,"Shared Hit Blocks":1,"Shared Read Blocks":0,"Shared Dirtied Blocks":0,"Shared Written Blocks":0,"Local Hit Blocks":0,"Local Read Blocks":0,"Local Dirtied Blocks":0,"Local Written Blocks":0,"Temp Read Blocks":0,"Temp Written Blocks":0,"I/O Read Time":0.0,"I/O Write Time":0.0,"Temp I/O Read Time":0.0,"Temp I/O Write Time":0.0,"Plans":[{"Node Type":"Seq Scan","Parent Relationship":"Outer","Parallel Aware":false,"Async Capable":false,"Relation Name":"region","Schema":"public","Alias":"region","Startup Cost":0.0,"Total Cost":1.06,"Plan Rows":1,"Plan Width":4,"Actual Startup Time":0.007,"Actual Total Time":0.007,"Actual Rows":1,"Actual Loops":1,"Output":["region.r_regionkey"],"Filter":"((region.r_name)::text = 'Europe'::text)","Rows Removed by Filter":4,"Shared Hit Blocks":1,"Shared Read Blocks":0,"Shared Dirtied Blocks":0,"Shared Written Blocks":0,"Local Hit Blocks":0,"Local Read Blocks":0,"Local Dirtied Blocks":0,"Local Written Blocks":0,"Temp Read Blocks":0,"Temp Written Blocks":0,"I/O Read Time":0.0,"I/O Write Time":0.0,"Temp I/O Read Time":0.0,"Temp I/O Write Time":0.0}]}]}]}]}]},{"Node Type":"Index Only Scan","Parent Relationship":"Inner","Parallel Aware":false,"Async Capable":false,"Scan Direction":"Forward","Index Name":"stock_pk","Relation Name":"stock","Schema":"public","Alias":"stock","Startup Cost":0.44,"Total Cost":519363.62,"Plan Rows":20000212,"Plan Width":6,"Actual Startup Time":0.05,"Actual Total Time":1400.748,"Actual Rows":19999994,"Actual Loops":1,"Output":["stock.s_w_id","stock.s_i_id"],"Heap Fetches":0,"Shared Hit Blocks":54673,"Shared Read Blocks":0,"Shared Dirtied Blocks":0,"Shared Written Blocks":0,"Local Hit Blocks":0,"Local Read Blocks":0,"Local Dirtied Blocks":0,"Local Written Blocks":0,"Temp Read Blocks":0,"Temp Written Blocks":0,"I/O Read Time":0.0,"I/O Write Time":0.0,"Temp I/O Read Time":0.0,"Temp I/O Write Time":0.0}]},{"Node Type":"Hash","Parent Relationship":"Inner","Parallel Aware":false,"Async Capable":false,"Startup Cost":219.01,"Total Cost":219.01,"Plan Rows":10001,"Plan Width":8,"Actual Startup Time":3.124,"Actual Total Time":3.126,"Actual Rows":10000,"Actual Loops":1,"Output":["supplier.su_suppkey","supplier.su_nationkey"],"Hash Buckets":16384,"Original Hash Buckets":16384,"Hash Batches":1,"Original Hash Batches":1,"Peak Memory Usage":519,"Shared Hit Blocks":0,"Shared Read Blocks":0,"Shared Dirtied Blocks":0,"Shared Written Blocks":0,"Local Hit Blocks":0,"Local Read Blocks":0,"Local Dirtied Blocks":0,"Local Written Blocks":0,"Temp Read Blocks":0,"Temp Written Blocks":0,"I/O Read Time":0.0,"I/O Write Time":0.0,"Temp I/O Read Time":0.0,"Temp I/O Write Time":0.0,"Plans":[{"Node Type":"Append","Parent Relationship":"Outer","Parallel Aware":false,"Async Capable":false,"Startup Cost":20.0,"Total Cost":219.01,"Plan Rows":10001,"Plan Width":8,"Actual Startup Time":0.013,"Actual Total Time":1.83,"Actual Rows":10000,"Actual Loops":1,"Shared Hit Blocks":0,"Shared Read Blocks":0,"Shared Dirtied Blocks":0,"Shared Written Blocks":0,"Local Hit Blocks":0,"Local Read Blocks":0,"Local Dirtied Blocks":0,"Local Written Blocks":0,"Temp Read Blocks":0,"Temp Written Blocks":0,"I/O Read Time":0.0,"I/O Write Time":0.0,"Temp I/O Read Time":0.0,"Temp I/O Write Time":0.0,"Subplans Removed":0,"Plans":[{"Node Type":"Custom Scan","Parent Relationship":"Member","Custom Plan Provider":"columnar scan","Parallel Aware":false,"Async Capable":false,"Relation Name":"supplier","Schema":"public","Alias":"supplier","Startup Cost":20.0,"Total Cost":215.0,"Plan Rows":10000,"Plan Width":8,"Actual Startup Time":0.012,"Actual Total Time":1.065,"Actual Rows":10000,"Actual Loops":1,"Output":["supplier.su_suppkey","supplier.su_nationkey"],"Rows Removed by Columnar Filter":0,"Columnar cache search mode":"native","Shared Hit Blocks":0,"Shared Read Blocks":0,"Shared Dirtied Blocks":0,"Shared Written Blocks":0,"Local Hit Blocks":0,"Local Read Blocks":0,"Local Dirtied Blocks":0,"Local Written Blocks":0,"Temp Read Blocks":0,"Temp Written Blocks":0,"I/O Read Time":0.0,"I/O Write Time":0.0,"Temp I/O Read Time":0.0,"Temp I/O Write Time":0.0},{"Node Type":"Seq Scan","Parent Relationship":"Member","Parallel Aware":false,"Async Capable":false,"Relation Name":"supplier","Schema":"public","Alias":"supplier","Startup Cost":0.0,"Total Cost":4.01,"Plan Rows":1,"Plan Width":8,"Actual Startup Time":0.0,"Actual Total Time":0.0,"Actual Rows":0,"Actual Loops":0,"Output":["supplier.su_suppkey","supplier.su_nationkey"],"Shared Hit Blocks":0,"Shared Read Blocks":0,"Shared Dirtied Blocks":0,"Shared Written Blocks":0,"Local Hit Blocks":0,"Local Read Blocks":0,"Local Dirtied Blocks":0,"Local Written Blocks":0,"Temp Read Blocks":0,"Temp Written Blocks":0,"I/O Read Time":0.0,"I/O Write Time":0.0,"Temp I/O Read Time":0.0,"Temp I/O Write Time":0.0}]}]}]}]}]}]},"Planning":{"Shared Hit Blocks":220,"Shared Read Blocks":0,"Shared Dirtied Blocks":0,"Shared Written Blocks":0,"Local Hit Blocks":0,"Local Read Blocks":0,"Local Dirtied Blocks":0,"Local Written Blocks":0,"Temp Read Blocks":0,"Temp Written Blocks":0,"I/O Read Time":0.0,"I/O Write Time":0.0,"Temp I/O Read Time":0.0,"Temp I/O Write Time":0.0},"Planning Time":5.083,"Triggers":[],"Execution Time":33949.255}]
[列存组合]: customer, region, stock
[{"Plan":{"Node Type":"Sort","Parallel Aware":false,"Async Capable":false,"Startup Cost":4076179.91,"Total Cost":4076180.07,"Plan Rows":62,"Plan Width":40,"Actual Startup Time":34223.803,"Actual Total Time":34223.833,"Actual Rows":11,"Actual Loops":1,"Output":["nation.n_name","(sum(order_line.ol_amount))"],"Sort Key":["(sum(order_line.ol_amount)) DESC"],"Sort Method":"quicksort","Sort Space Used":25,"Sort Space Type":"Memory","Shared Hit Blocks":780762,"Shared Read Blocks":0,"Shared Dirtied Blocks":0,"Shared Written Blocks":0,"Local Hit Blocks":0,"Local Read Blocks":0,"Local Dirtied Blocks":0,"Local Written Blocks":0,"Temp Read Blocks":288611,"Temp Written Blocks":288665,"I/O Read Time":0.0,"I/O Write Time":0.0,"Temp I/O Read Time":431.749,"Temp I/O Write Time":1157.756,"Plans":[{"Node Type":"Aggregate","Strategy":"Sorted","Partial Mode":"Simple","Parent Relationship":"Outer","Parallel Aware":false,"Async Capable":false,"Startup Cost":4076026.27,"Total Cost":4076178.06,"Plan Rows":62,"Plan Width":40,"Actual Startup Time":34217.808,"Actual Total Time":34223.814,"Actual Rows":11,"Actual Loops":1,"Output":["nation.n_name","sum(order_line.ol_amount)"],"Group Key":["nation.n_name"],"Shared Hit Blocks":780762,"Shared Read Blocks":0,"Shared Dirtied Blocks":0,"Shared Written Blocks":0,"Local Hit Blocks":0,"Local Read Blocks":0,"Local Dirtied Blocks":0,"Local Written Blocks":0,"Temp Read Blocks":288611,"Temp Written Blocks":288665,"I/O Read Time":0.0,"I/O Write Time":0.0,"Temp I/O Read Time":431.749,"Temp I/O Write Time":1157.756,"Plans":[{"Node Type":"Sort","Parent Relationship":"Outer","Parallel Aware":false,"Async Capable":false,"Startup Cost":4076026.27,"Total Cost":4076076.61,"Plan Rows":20136,"Plan Width":12,"Actual Startup Time":34217.367,"Actual Total Time":34219.209,"Actual Rows":35044,"Actual Loops":1,"Output":["nation.n_name","order_line.ol_amount"],"Sort Key":["nation.n_name"],"Sort Method":"quicksort","Sort Space Used":3146,"Sort Space Type":"Memory","Shared Hit Blocks":780762,"Shared Read Blocks":0,"Shared Dirtied Blocks":0,"Shared Written Blocks":0,"Local Hit Blocks":0,"Local Read Blocks":0,"Local Dirtied Blocks":0,"Local Written Blocks":0,"Temp Read Blocks":288611,"Temp Written Blocks":288665,"I/O Read Time":0.0,"I/O Write Time":0.0,"Temp I/O Read Time":431.749,"Temp I/O Write Time":1157.756,"Plans":[{"Node Type":"Hash Join","Parent Relationship":"Outer","Parallel Aware":false,"Async Capable":false,"Join Type":"Inner","Startup Cost":3426718.82,"Total Cost":4074586.8,"Plan Rows":20136,"Plan Width":12,"Actual Startup Time":30280.866,"Actual Total Time":34198.574,"Actual Rows":35044,"Actual Loops":1,"Output":["nation.n_name","order_line.ol_amount"],"Inner Unique":true,"Hash Cond":"((mod((stock.s_w_id * stock.s_i_id), 10000) = supplier.su_suppkey) AND (customer.c_nationkey = supplier.su_nationkey))","Shared Hit Blocks":780762,"Shared Read Blocks":0,"Shared Dirtied Blocks":0,"Shared Written Blocks":0,"Local Hit Blocks":0,"Local Read Blocks":0,"Local Dirtied Blocks":0,"Local Written Blocks":0,"Temp Read Blocks":288611,"Temp Written Blocks":288665,"I/O Read Time":0.0,"I/O Write Time":0.0,"Temp I/O Read Time":431.749,"Temp I/O Write Time":1157.756,"Plans":[{"Node Type":"Merge Join","Parent Relationship":"Outer","Parallel Aware":false,"Async Capable":false,"Join Type":"Inner","Startup Cost":3426251.82,"Total Cost":4067284.83,"Plan Rows":1242717,"Plan Width":26,"Actual Startup Time":30277.774,"Actual Total Time":33913.406,"Actual Rows":2218175,"Actual Loops":1,"Output":["customer.c_nationkey","order_line.ol_amount","stock.s_w_id","stock.s_i_id","nation.n_name","nation.n_nationkey"],"Inner Unique":true,"Merge Cond":"((customer.c_w_id = stock.s_w_id) AND (order_line.ol_i_id = stock.s_i_id))","Shared Hit Blocks":780545,"Shared Read Blocks":0,"Shared Dirtied Blocks":0,"Shared Written Blocks":0,"Local Hit Blocks":0,"Local Read Blocks":0,"Local Dirtied Blocks":0,"Local Written Blocks":0,"Temp Read Blocks":288611,"Temp Written Blocks":288665,"I/O Read Time":0.0,"I/O Write Time":0.0,"Temp I/O Read Time":431.749,"Temp I/O Write Time":1157.756,"Plans":[{"Node Type":"Sort","Parent Relationship":"Outer","Parallel Aware":false,"Async Capable":false,"Startup Cost":3426251.38,"Total Cost":3429331.92,"Plan Rows":1232214,"Plan Width":30,"Actual Startup Time":30277.712,"Actual Total Time":30873.335,"Actual Rows":2218175,"Actual Loops":1,"Output":["customer.c_w_id","customer.c_nationkey","orders.o_w_id","order_line.ol_amount","order_line.ol_w_id","order_line.ol_i_id","nation.n_name","nation.n_nationkey"],"Sort Key":["customer.c_w_id","order_line.ol_i_id"],"Sort Method":"external merge","Sort Space Used":94520,"Sort Space Type":"Disk","Shared Hit Blocks":725872,"Shared Read Blocks":0,"Shared Dirtied Blocks":0,"Shared Written Blocks":0,"Local Hit Blocks":0,"Local Read Blocks":0,"Local Dirtied Blocks":0,"Local Written Blocks":0,"Temp Read Blocks":288611,"Temp Written Blocks":288665,"I/O Read Time":0.0,"I/O Write Time":0.0,"Temp I/O Read Time":431.749,"Temp I/O Write Time":1157.756,"Plans":[{"Node Type":"Hash Join","Parent Relationship":"Outer","Parallel Aware":false,"Async Capable":false,"Join Type":"Inner","Startup Cost":797902.74,"Total Cost":3242627.55,"Plan Rows":1232214,"Plan Width":30,"Actual Startup Time":2960.817,"Actual Total Time":27650.911,"Actual Rows":2218175,"Actual Loops":1,"Output":["customer.c_w_id","customer.c_nationkey","orders.o_w_id","order_line.ol_amount","order_line.ol_w_id","order_line.ol_i_id","nation.n_name","nation.n_nationkey"],"Inner Unique":false,"Hash Cond":"(customer.c_nationkey = nation.n_nationkey)","Shared Hit Blocks":725872,"Shared Read Blocks":0,"Shared Dirtied Blocks":0,"Shared Written Blocks":0,"Local Hit Blocks":0,"Local Read Blocks":0,"Local Dirtied Blocks":0,"Local Written Blocks":0,"Temp Read Blocks":264991,"Temp Written Blocks":264991,"I/O Read Time":0.0,"I/O Write Time":0.0,"Temp I/O Read Time":397.087,"Temp I/O Write Time":1095.743,"Plans":[{"Node Type":"Hash Join","Parent Relationship":"Outer","Parallel Aware":false,"Async Capable":false,"Join Type":"Inner","Startup Cost":797899.6,"Total Cost":3207595.75,"Plan Rows":6161071,"Plan Width":18,"Actual Startup Time":2953.017,"Actual Total Time":26809.933,"Actual Rows":8568663,"Actual Loops":1,"Output":["customer.c_w_id","customer.c_nationkey","orders.o_w_id","order_line.ol_amount","order_line.ol_w_id","order_line.ol_i_id"],"Inner Unique":true,"Hash Cond":"((orders.o_c_id = customer.c_id) AND (orders.o_w_id = customer.c_w_id) AND (orders.o_d_id = customer.c_d_id))","Shared Hit Blocks":725870,"Shared Read Blocks":0,"Shared Dirtied Blocks":0,"Shared Written Blocks":0,"Local Hit Blocks":0,"Local Read Blocks":0,"Local Dirtied Blocks":0,"Local Written Blocks":0,"Temp Read Blocks":264991,"Temp Written Blocks":264991,"I/O Read Time":0.0,"I/O Write Time":0.0,"Temp I/O Read Time":397.087,"Temp I/O Write Time":1095.743,"Plans":[{"Node Type":"Hash Join","Parent Relationship":"Outer","Parallel Aware":false,"Async Capable":false,"Join Type":"Inner","Startup Cost":153803.65,"Total Cost":2413481.36,"Plan Rows":6161071,"Plan Width":20,"Actual Startup Time":624.382,"Actual Total Time":20184.497,"Actual Rows":8568663,"Actual Loops":1,"Output":["orders.o_c_id","orders.o_w_id","orders.o_d_id","order_line.ol_amount","order_line.ol_w_id","order_line.ol_d_id","order_line.ol_i_id"],"Inner Unique":true,"Hash Cond":"((order_line.ol_w_id = orders.o_w_id) AND (order_line.ol_d_id = orders.o_d_id) AND (order_line.ol_o_id = orders.o_id))","Shared Hit Blocks":725870,"Shared Read Blocks":0,"Shared Dirtied Blocks":0,"Shared Written Blocks":0,"Local Hit Blocks":0,"Local Read Blocks":0,"Local Dirtied Blocks":0,"Local Written Blocks":0,"Temp Read Blocks":200672,"Temp Written Blocks":200672,"I/O Read Time":0.0,"I/O Write Time":0.0,"Temp I/O Read Time":298.08,"Temp I/O Write Time":797.633,"Plans":[{"Node Type":"Seq Scan","Parent Relationship":"Outer","Parallel Aware":false,"Async Capable":false,"Relation Name":"order_line","Schema":"public","Alias":"order_line","Startup Cost":0.0,"Total Cost":1431670.8,"Plan Rows":42039468,"Plan Width":20,"Actual Startup Time":0.006,"Actual Total Time":7332.292,"Actual Rows":42000489,"Actual Loops":1,"Output":["order_line.ol_amount","order_line.ol_o_id","order_line.ol_w_id","order_line.ol_d_id","order_line.ol_i_id"],"Filter":"(order_line.ol_delivery_d >= '1992-01-02 20:10:02.27764'::timestamp without time zone)","Rows Removed by Filter":17993272,"Shared Hit Blocks":681748,"Shared Read Blocks":0,"Shared Dirtied Blocks":0,"Shared Written Blocks":0,"Local Hit Blocks":0,"Local Read Blocks":0,"Local Dirtied Blocks":0,"Local Written Blocks":0,"Temp Read Blocks":0,"Temp Written Blocks":0,"I/O Read Time":0.0,"I/O Write Time":0.0,"Temp I/O Read Time":0.0,"Temp I/O Write Time":0.0},{"Node Type":"Hash","Parent Relationship":"Inner","Parallel Aware":false,"Async Capable":false,"Startup Cost":134121.52,"Total Cost":134121.52,"Plan Rows":879322,"Plan Width":16,"Actual Startup Time":589.844,"Actual Total Time":589.851,"Actual Rows":856801,"Actual Loops":1,"Output":["orders.o_c_id","orders.o_w_id","orders.o_d_id","orders.o_id"],"Hash Buckets":262144,"Original Hash Buckets":262144,"Hash Batches":8,"Original Hash Batches":8,"Peak Memory Usage":7070,"Shared Hit Blocks":44122,"Shared Read Blocks":0,"Shared Dirtied Blocks":0,"Shared Written Blocks":0,"Local Hit Blocks":0,"Local Read Blocks":0,"Local Dirtied Blocks":0,"Local Written Blocks":0,"Temp Read Blocks":0,"Temp Written Blocks":3290,"I/O Read Time":0.0,"I/O Write Time":0.0,"Temp I/O Read Time":0.0,"Temp I/O Write Time":15.376,"Plans":[{"Node Type":"Seq Scan","Parent Relationship":"Outer","Parallel Aware":false,"Async Capable":false,"Relation Name":"orders","Schema":"public","Alias":"orders","Startup Cost":0.0,"Total Cost":134121.52,"Plan Rows":879322,"Plan Width":16,"Actual Startup Time":0.609,"Actual Total Time":439.515,"Actual Rows":856801,"Actual Loops":1,"Output":["orders.o_c_id","orders.o_w_id","orders.o_d_id","orders.o_id"],"Filter":"((orders.o_entry_d >= '1993-01-02 20:10:02.27764'::timestamp without time zone) AND (orders.o_entry_d < '1994-01-02 20:10:02.27764'::timestamp without time zone))","Rows Removed by Filter":5143199,"Shared Hit Blocks":44122,"Shared Read Blocks":0,"Shared Dirtied Blocks":0,"Shared Written Blocks":0,"Local Hit Blocks":0,"Local Read Blocks":0,"Local Dirtied Blocks":0,"Local Written Blocks":0,"Temp Read Blocks":0,"Temp Written Blocks":0,"I/O Read Time":0.0,"I/O Write Time":0.0,"Temp I/O Read Time":0.0,"Temp I/O Write Time":0.0}]}]},{"Node Type":"Hash","Parent Relationship":"Inner","Parallel Aware":false,"Async Capable":false,"Startup Cost":509795.49,"Total Cost":509795.49,"Plan Rows":6000140,"Plan Width":12,"Actual Startup Time":2321.469,"Actual Total Time":2321.477,"Actual Rows":6000000,"Actual Loops":1,"Output":["customer.c_id","customer.c_w_id","customer.c_d_id","customer.c_nationkey"],"Hash Buckets":262144,"Original Hash Buckets":262144,"Hash Batches":64,"Original Hash Batches":64,"Peak Memory Usage":6073,"Shared Hit Blocks":0,"Shared Read Blocks":0,"Shared Dirtied Blocks":0,"Shared Written Blocks":0,"Local Hit Blocks":0,"Local Read Blocks":0,"Local Dirtied Blocks":0,"Local Written Blocks":0,"Temp Read Blocks":0,"Temp Written Blocks":23037,"I/O Read Time":0.0,"I/O Write Time":0.0,"Temp I/O Read Time":0.0,"Temp I/O Write Time":103.433,"Plans":[{"Node Type":"Append","Parent Relationship":"Outer","Parallel Aware":false,"Async Capable":false,"Startup Cost":20.0,"Total Cost":509795.49,"Plan Rows":6000140,"Plan Width":12,"Actual Startup Time":0.045,"Actual Total Time":1313.646,"Actual Rows":6000000,"Actual Loops":1,"Shared Hit Blocks":0,"Shared Read Blocks":0,"Shared Dirtied Blocks":0,"Shared Written Blocks":0,"Local Hit Blocks":0,"Local Read Blocks":0,"Local Dirtied Blocks":0,"Local Written Blocks":0,"Temp Read Blocks":0,"Temp Written Blocks":0,"I/O Read Time":0.0,"I/O Write Time":0.0,"Temp I/O Read Time":0.0,"Temp I/O Write Time":0.0,"Subplans Removed":0,"Plans":[{"Node Type":"Custom Scan","Parent Relationship":"Member","Custom Plan Provider":"columnar scan","Parallel Aware":false,"Async Capable":false,"Relation Name":"customer","Schema":"public","Alias":"customer","Startup Cost":20.0,"Total Cost":141020.06,"Plan Rows":6000000,"Plan Width":12,"Actual Startup Time":0.042,"Actual Total Time":894.627,"Actual Rows":6000000,"Actual Loops":1,"Output":["customer.c_id","customer.c_w_id","customer.c_d_id","customer.c_nationkey"],"Rows Removed by Columnar Filter":0,"Columnar cache search mode":"native","Shared Hit Blocks":0,"Shared Read Blocks":0,"Shared Dirtied Blocks":0,"Shared Written Blocks":0,"Local Hit Blocks":0,"Local Read Blocks":0,"Local Dirtied Blocks":0,"Local Written Blocks":0,"Temp Read Blocks":0,"Temp Written Blocks":0,"I/O Read Time":0.0,"I/O Write Time":0.0,"Temp I/O Read Time":0.0,"Temp I/O Write Time":0.0},{"Node Type":"Seq Scan","Parent Relationship":"Member","Parallel Aware":false,"Async Capable":false,"Relation Name":"customer","Schema":"public","Alias":"customer","Startup Cost":0.0,"Total Cost":5.4,"Plan Rows":140,"Plan Width":12,"Actual Startup Time":0.0,"Actual Total Time":0.0,"Actual Rows":0,"Actual Loops":0,"Output":["customer.c_id","customer.c_w_id","customer.c_d_id","customer.c_nationkey"],"Shared Hit Blocks":0,"Shared Read Blocks":0,"Shared Dirtied Blocks":0,"Shared Written Blocks":0,"Local Hit Blocks":0,"Local Read Blocks":0,"Local Dirtied Blocks":0,"Local Written Blocks":0,"Temp Read Blocks":0,"Temp Written Blocks":0,"I/O Read Time":0.0,"I/O Write Time":0.0,"Temp I/O Read Time":0.0,"Temp I/O Write Time":0.0}]}]}]},{"Node Type":"Hash","Parent Relationship":"Inner","Parallel Aware":false,"Async Capable":false,"Startup Cost":2.99,"Total Cost":2.99,"Plan Rows":12,"Plan Width":12,"Actual Startup Time":0.048,"Actual Total Time":0.052,"Actual Rows":22,"Actual Loops":1,"Output":["nation.n_name","nation.n_nationkey"],"Hash Buckets":1024,"Original Hash Buckets":1024,"Hash Batches":1,"Original Hash Batches":1,"Peak Memory Usage":9,"Shared Hit Blocks":2,"Shared Read Blocks":0,"Shared Dirtied Blocks":0,"Shared Written Blocks":0,"Local Hit Blocks":0,"Local Read Blocks":0,"Local Dirtied Blocks":0,"Local Written Blocks":0,"Temp Read Blocks":0,"Temp Written Blocks":0,"I/O Read Time":0.0,"I/O Write Time":0.0,"Temp I/O Read Time":0.0,"Temp I/O Write Time":0.0,"Plans":[{"Node Type":"Hash Join","Parent Relationship":"Outer","Parallel Aware":false,"Async Capable":false,"Join Type":"Inner","Startup Cost":1.07,"Total Cost":2.99,"Plan Rows":12,"Plan Width":12,"Actual Startup Time":0.032,"Actual Total Time":0.046,"Actual Rows":22,"Actual Loops":1,"Output":["nation.n_name","nation.n_nationkey"],"Inner Unique":true,"Hash Cond":"(nation.n_regionkey = region.r_regionkey)","Shared Hit Blocks":2,"Shared Read Blocks":0,"Shared Dirtied Blocks":0,"Shared Written Blocks":0,"Local Hit Blocks":0,"Local Read Blocks":0,"Local Dirtied Blocks":0,"Local Written Blocks":0,"Temp Read Blocks":0,"Temp Written Blocks":0,"I/O Read Time":0.0,"I/O Write Time":0.0,"Temp I/O Read Time":0.0,"Temp I/O Write Time":0.0,"Plans":[{"Node Type":"Seq Scan","Parent Relationship":"Outer","Parallel Aware":false,"Async Capable":false,"Relation Name":"nation","Schema":"public","Alias":"nation","Startup Cost":0.0,"Total Cost":1.62,"Plan Rows":62,"Plan Width":16,"Actual Startup Time":0.004,"Actual Total Time":0.008,"Actual Rows":62,"Actual Loops":1,"Output":["nation.n_nationkey","nation.n_name","nation.n_regionkey","nation.n_comment"],"Shared Hit Blocks":1,"Shared Read Blocks":0,"Shared Dirtied Blocks":0,"Shared Written Blocks":0,"Local Hit Blocks":0,"Local Read Blocks":0,"Local Dirtied Blocks":0,"Local Written Blocks":0,"Temp Read Blocks":0,"Temp Written Blocks":0,"I/O Read Time":0.0,"I/O Write Time":0.0,"Temp I/O Read Time":0.0,"Temp I/O Write Time":0.0},{"Node Type":"Hash","Parent Relationship":"Inner","Parallel Aware":false,"Async Capable":false,"Startup Cost":1.06,"Total Cost":1.06,"Plan Rows":1,"Plan Width":4,"Actual Startup Time":0.015,"Actual Total Time":0.015,"Actual Rows":1,"Actual Loops":1,"Output":["region.r_regionkey"],"Hash Buckets":1024,"Original Hash Buckets":1024,"Hash Batches":1,"Original Hash Batches":1,"Peak Memory Usage":9,"Shared Hit Blocks":1,"Shared Read Blocks":0,"Shared Dirtied Blocks":0,"Shared Written Blocks":0,"Local Hit Blocks":0,"Local Read Blocks":0,"Local Dirtied Blocks":0,"Local Written Blocks":0,"Temp Read Blocks":0,"Temp Written Blocks":0,"I/O Read Time":0.0,"I/O Write Time":0.0,"Temp I/O Read Time":0.0,"Temp I/O Write Time":0.0,"Plans":[{"Node Type":"Seq Scan","Parent Relationship":"Outer","Parallel Aware":false,"Async Capable":false,"Relation Name":"region","Schema":"public","Alias":"region","Startup Cost":0.0,"Total Cost":1.06,"Plan Rows":1,"Plan Width":4,"Actual Startup Time":0.006,"Actual Total Time":0.006,"Actual Rows":1,"Actual Loops":1,"Output":["region.r_regionkey"],"Filter":"((region.r_name)::text = 'Europe'::text)","Rows Removed by Filter":4,"Shared Hit Blocks":1,"Shared Read Blocks":0,"Shared Dirtied Blocks":0,"Shared Written Blocks":0,"Local Hit Blocks":0,"Local Read Blocks":0,"Local Dirtied Blocks":0,"Local Written Blocks":0,"Temp Read Blocks":0,"Temp Written Blocks":0,"I/O Read Time":0.0,"I/O Write Time":0.0,"Temp I/O Read Time":0.0,"Temp I/O Write Time":0.0}]}]}]}]}]},{"Node Type":"Index Only Scan","Parent Relationship":"Inner","Parallel Aware":false,"Async Capable":false,"Scan Direction":"Forward","Index Name":"stock_pk","Relation Name":"stock","Schema":"public","Alias":"stock","Startup Cost":0.44,"Total Cost":519363.62,"Plan Rows":20000212,"Plan Width":6,"Actual Startup Time":0.047,"Actual Total Time":1396.953,"Actual Rows":19999994,"Actual Loops":1,"Output":["stock.s_w_id","stock.s_i_id"],"Heap Fetches":0,"Shared Hit Blocks":54673,"Shared Read Blocks":0,"Shared Dirtied Blocks":0,"Shared Written Blocks":0,"Local Hit Blocks":0,"Local Read Blocks":0,"Local Dirtied Blocks":0,"Local Written Blocks":0,"Temp Read Blocks":0,"Temp Written Blocks":0,"I/O Read Time":0.0,"I/O Write Time":0.0,"Temp I/O Read Time":0.0,"Temp I/O Write Time":0.0}]},{"Node Type":"Hash","Parent Relationship":"Inner","Parallel Aware":false,"Async Capable":false,"Startup Cost":317.0,"Total Cost":317.0,"Plan Rows":10000,"Plan Width":8,"Actual Startup Time":2.649,"Actual Total Time":2.649,"Actual Rows":10000,"Actual Loops":1,"Output":["supplier.su_suppkey","supplier.su_nationkey"],"Hash Buckets":16384,"Original Hash Buckets":16384,"Hash Batches":1,"Original Hash Batches":1,"Peak Memory Usage":519,"Shared Hit Blocks":217,"Shared Read Blocks":0,"Shared Dirtied Blocks":0,"Shared Written Blocks":0,"Local Hit Blocks":0,"Local Read Blocks":0,"Local Dirtied Blocks":0,"Local Written Blocks":0,"Temp Read Blocks":0,"Temp Written Blocks":0,"I/O Read Time":0.0,"I/O Write Time":0.0,"Temp I/O Read Time":0.0,"Temp I/O Write Time":0.0,"Plans":[{"Node Type":"Seq Scan","Parent Relationship":"Outer","Parallel Aware":false,"Async Capable":false,"Relation Name":"supplier","Schema":"public","Alias":"supplier","Startup Cost":0.0,"Total Cost":317.0,"Plan Rows":10000,"Plan Width":8,"Actual Startup Time":0.009,"Actual Total Time":1.326,"Actual Rows":10000,"Actual Loops":1,"Output":["supplier.su_suppkey","supplier.su_nationkey"],"Shared Hit Blocks":217,"Shared Read Blocks":0,"Shared Dirtied Blocks":0,"Shared Written Blocks":0,"Local Hit Blocks":0,"Local Read Blocks":0,"Local Dirtied Blocks":0,"Local Written Blocks":0,"Temp Read Blocks":0,"Temp Written Blocks":0,"I/O Read Time":0.0,"I/O Write Time":0.0,"Temp I/O Read Time":0.0,"Temp I/O Write Time":0.0}]}]}]}]}]},"Planning":{"Shared Hit Blocks":220,"Shared Read Blocks":0,"Shared Dirtied Blocks":0,"Shared Written Blocks":0,"Local Hit Blocks":0,"Local Read Blocks":0,"Local Dirtied Blocks":0,"Local Written Blocks":0,"Temp Read Blocks":0,"Temp Written Blocks":0,"I/O Read Time":0.0,"I/O Write Time":0.0,"Temp I/O Read Time":0.0,"Temp I/O Write Time":0.0},"Planning Time":5.924,"Triggers":[],"Execution Time":34245.906}]
[列存组合]: customer, region, supplier
[{"Plan":{"Node Type":"Sort","Parallel Aware":false,"Async Capable":false,"Startup Cost":4076081.94,"Total Cost":4076082.09,"Plan Rows":62,"Plan Width":40,"Actual Startup Time":34283.645,"Actual Total Time":34283.673,"Actual Rows":11,"Actual Loops":1,"Output":["nation.n_name","(sum(order_line.ol_amount))"],"Sort Key":["(sum(order_line.ol_amount)) DESC"],"Sort Method":"quicksort","Sort Space Used":25,"Sort Space Type":"Memory","Shared Hit Blocks":780545,"Shared Read Blocks":0,"Shared Dirtied Blocks":0,"Shared Written Blocks":0,"Local Hit Blocks":0,"Local Read Blocks":0,"Local Dirtied Blocks":0,"Local Written Blocks":0,"Temp Read Blocks":288611,"Temp Written Blocks":288665,"I/O Read Time":0.0,"I/O Write Time":0.0,"Temp I/O Read Time":433.536,"Temp I/O Write Time":1153.695,"Plans":[{"Node Type":"Aggregate","Strategy":"Sorted","Partial Mode":"Simple","Parent Relationship":"Outer","Parallel Aware":false,"Async Capable":false,"Startup Cost":4075928.3,"Total Cost":4076080.09,"Plan Rows":62,"Plan Width":40,"Actual Startup Time":34277.797,"Actual Total Time":34283.657,"Actual Rows":11,"Actual Loops":1,"Output":["nation.n_name","sum(order_line.ol_amount)"],"Group Key":["nation.n_name"],"Shared Hit Blocks":780545,"Shared Read Blocks":0,"Shared Dirtied Blocks":0,"Shared Written Blocks":0,"Local Hit Blocks":0,"Local Read Blocks":0,"Local Dirtied Blocks":0,"Local Written Blocks":0,"Temp Read Blocks":288611,"Temp Written Blocks":288665,"I/O Read Time":0.0,"I/O Write Time":0.0,"Temp I/O Read Time":433.536,"Temp I/O Write Time":1153.695,"Plans":[{"Node Type":"Sort","Parent Relationship":"Outer","Parallel Aware":false,"Async Capable":false,"Startup Cost":4075928.3,"Total Cost":4075978.64,"Plan Rows":20136,"Plan Width":12,"Actual Startup Time":34277.362,"Actual Total Time":34279.134,"Actual Rows":35044,"Actual Loops":1,"Output":["nation.n_name","order_line.ol_amount"],"Sort Key":["nation.n_name"],"Sort Method":"quicksort","Sort Space Used":3146,"Sort Space Type":"Memory","Shared Hit Blocks":780545,"Shared Read Blocks":0,"Shared Dirtied Blocks":0,"Shared Written Blocks":0,"Local Hit Blocks":0,"Local Read Blocks":0,"Local Dirtied Blocks":0,"Local Written Blocks":0,"Temp Read Blocks":288611,"Temp Written Blocks":288665,"I/O Read Time":0.0,"I/O Write Time":0.0,"Temp I/O Read Time":433.536,"Temp I/O Write Time":1153.695,"Plans":[{"Node Type":"Hash Join","Parent Relationship":"Outer","Parallel Aware":false,"Async Capable":false,"Join Type":"Inner","Startup Cost":3426620.85,"Total Cost":4074488.82,"Plan Rows":20136,"Plan Width":12,"Actual Startup Time":30337.19,"Actual Total Time":34258.11,"Actual Rows":35044,"Actual Loops":1,"Output":["nation.n_name","order_line.ol_amount"],"Inner Unique":true,"Hash Cond":"((mod((stock.s_w_id * stock.s_i_id), 10000) = supplier.su_suppkey) AND (customer.c_nationkey = supplier.su_nationkey))","Shared Hit Blocks":780545,"Shared Read Blocks":0,"Shared Dirtied Blocks":0,"Shared Written Blocks":0,"Local Hit Blocks":0,"Local Read Blocks":0,"Local Dirtied Blocks":0,"Local Written Blocks":0,"Temp Read Blocks":288611,"Temp Written Blocks":288665,"I/O Read Time":0.0,"I/O Write Time":0.0,"Temp I/O Read Time":433.536,"Temp I/O Write Time":1153.695,"Plans":[{"Node Type":"Merge Join","Parent Relationship":"Outer","Parallel Aware":false,"Async Capable":false,"Join Type":"Inner","Startup Cost":3426251.82,"Total Cost":4067284.83,"Plan Rows":1242717,"Plan Width":26,"Actual Startup Time":30333.552,"Actual Total Time":33976.486,"Actual Rows":2218175,"Actual Loops":1,"Output":["customer.c_nationkey","order_line.ol_amount","stock.s_w_id","stock.s_i_id","nation.n_name","nation.n_nationkey"],"Inner Unique":true,"Merge Cond":"((customer.c_w_id = stock.s_w_id) AND (order_line.ol_i_id = stock.s_i_id))","Shared Hit Blocks":780545,"Shared Read Blocks":0,"Shared Dirtied Blocks":0,"Shared Written Blocks":0,"Local Hit Blocks":0,"Local Read Blocks":0,"Local Dirtied Blocks":0,"Local Written Blocks":0,"Temp Read Blocks":288611,"Temp Written Blocks":288665,"I/O Read Time":0.0,"I/O Write Time":0.0,"Temp I/O Read Time":433.536,"Temp I/O Write Time":1153.695,"Plans":[{"Node Type":"Sort","Parent Relationship":"Outer","Parallel Aware":false,"Async Capable":false,"Startup Cost":3426251.38,"Total Cost":3429331.92,"Plan Rows":1232214,"Plan Width":30,"Actual Startup Time":30333.493,"Actual Total Time":30930.1,"Actual Rows":2218175,"Actual Loops":1,"Output":["customer.c_w_id","customer.c_nationkey","orders.o_w_id","order_line.ol_amount","order_line.ol_w_id","order_line.ol_i_id","nation.n_name","nation.n_nationkey"],"Sort Key":["customer.c_w_id","order_line.ol_i_id"],"Sort Method":"external merge","Sort Space Used":94520,"Sort Space Type":"Disk","Shared Hit Blocks":725872,"Shared Read Blocks":0,"Shared Dirtied Blocks":0,"Shared Written Blocks":0,"Local Hit Blocks":0,"Local Read Blocks":0,"Local Dirtied Blocks":0,"Local Written Blocks":0,"Temp Read Blocks":288611,"Temp Written Blocks":288665,"I/O Read Time":0.0,"I/O Write Time":0.0,"Temp I/O Read Time":433.536,"Temp I/O Write Time":1153.695,"Plans":[{"Node Type":"Hash Join","Parent Relationship":"Outer","Parallel Aware":false,"Async Capable":false,"Join Type":"Inner","Startup Cost":797902.74,"Total Cost":3242627.55,"Plan Rows":1232214,"Plan Width":30,"Actual Startup Time":2962.929,"Actual Total Time":27706.936,"Actual Rows":2218175,"Actual Loops":1,"Output":["customer.c_w_id","customer.c_nationkey","orders.o_w_id","order_line.ol_amount","order_line.ol_w_id","order_line.ol_i_id","nation.n_name","nation.n_nationkey"],"Inner Unique":false,"Hash Cond":"(customer.c_nationkey = nation.n_nationkey)","Shared Hit Blocks":725872,"Shared Read Blocks":0,"Shared Dirtied Blocks":0,"Shared Written Blocks":0,"Local Hit Blocks":0,"Local Read Blocks":0,"Local Dirtied Blocks":0,"Local Written Blocks":0,"Temp Read Blocks":264991,"Temp Written Blocks":264991,"I/O Read Time":0.0,"I/O Write Time":0.0,"Temp I/O Read Time":398.51,"Temp I/O Write Time":1091.339,"Plans":[{"Node Type":"Hash Join","Parent Relationship":"Outer","Parallel Aware":false,"Async Capable":false,"Join Type":"Inner","Startup Cost":797899.6,"Total Cost":3207595.75,"Plan Rows":6161071,"Plan Width":18,"Actual Startup Time":2955.154,"Actual Total Time":26849.824,"Actual Rows":8568663,"Actual Loops":1,"Output":["customer.c_w_id","customer.c_nationkey","orders.o_w_id","order_line.ol_amount","order_line.ol_w_id","order_line.ol_i_id"],"Inner Unique":true,"Hash Cond":"((orders.o_c_id = customer.c_id) AND (orders.o_w_id = customer.c_w_id) AND (orders.o_d_id = customer.c_d_id))","Shared Hit Blocks":725870,"Shared Read Blocks":0,"Shared Dirtied Blocks":0,"Shared Written Blocks":0,"Local Hit Blocks":0,"Local Read Blocks":0,"Local Dirtied Blocks":0,"Local Written Blocks":0,"Temp Read Blocks":264991,"Temp Written Blocks":264991,"I/O Read Time":0.0,"I/O Write Time":0.0,"Temp I/O Read Time":398.51,"Temp I/O Write Time":1091.339,"Plans":[{"Node Type":"Hash Join","Parent Relationship":"Outer","Parallel Aware":false,"Async Capable":false,"Join Type":"Inner","Startup Cost":153803.65,"Total Cost":2413481.36,"Plan Rows":6161071,"Plan Width":20,"Actual Startup Time":627.634,"Actual Total Time":20223.888,"Actual Rows":8568663,"Actual Loops":1,"Output":["orders.o_c_id","orders.o_w_id","orders.o_d_id","order_line.ol_amount","order_line.ol_w_id","order_line.ol_d_id","order_line.ol_i_id"],"Inner Unique":true,"Hash Cond":"((order_line.ol_w_id = orders.o_w_id) AND (order_line.ol_d_id = orders.o_d_id) AND (order_line.ol_o_id = orders.o_id))","Shared Hit Blocks":725870,"Shared Read Blocks":0,"Shared Dirtied Blocks":0,"Shared Written Blocks":0,"Local Hit Blocks":0,"Local Read Blocks":0,"Local Dirtied Blocks":0,"Local Written Blocks":0,"Temp Read Blocks":200672,"Temp Written Blocks":200672,"I/O Read Time":0.0,"I/O Write Time":0.0,"Temp I/O Read Time":299.8,"Temp I/O Write Time":795.811,"Plans":[{"Node Type":"Seq Scan","Parent Relationship":"Outer","Parallel Aware":false,"Async Capable":false,"Relation Name":"order_line","Schema":"public","Alias":"order_line","Startup Cost":0.0,"Total Cost":1431670.8,"Plan Rows":42039468,"Plan Width":20,"Actual Startup Time":0.006,"Actual Total Time":7344.166,"Actual Rows":42000489,"Actual Loops":1,"Output":["order_line.ol_amount","order_line.ol_o_id","order_line.ol_w_id","order_line.ol_d_id","order_line.ol_i_id"],"Filter":"(order_line.ol_delivery_d >= '1992-01-02 20:10:02.27764'::timestamp without time zone)","Rows Removed by Filter":17993272,"Shared Hit Blocks":681748,"Shared Read Blocks":0,"Shared Dirtied Blocks":0,"Shared Written Blocks":0,"Local Hit Blocks":0,"Local Read Blocks":0,"Local Dirtied Blocks":0,"Local Written Blocks":0,"Temp Read Blocks":0,"Temp Written Blocks":0,"I/O Read Time":0.0,"I/O Write Time":0.0,"Temp I/O Read Time":0.0,"Temp I/O Write Time":0.0},{"Node Type":"Hash","Parent Relationship":"Inner","Parallel Aware":false,"Async Capable":false,"Startup Cost":134121.52,"Total Cost":134121.52,"Plan Rows":879322,"Plan Width":16,"Actual Startup Time":593.086,"Actual Total Time":593.091,"Actual Rows":856801,"Actual Loops":1,"Output":["orders.o_c_id","orders.o_w_id","orders.o_d_id","orders.o_id"],"Hash Buckets":262144,"Original Hash Buckets":262144,"Hash Batches":8,"Original Hash Batches":8,"Peak Memory Usage":7070,"Shared Hit Blocks":44122,"Shared Read Blocks":0,"Shared Dirtied Blocks":0,"Shared Written Blocks":0,"Local Hit Blocks":0,"Local Read Blocks":0,"Local Dirtied Blocks":0,"Local Written Blocks":0,"Temp Read Blocks":0,"Temp Written Blocks":3290,"I/O Read Time":0.0,"I/O Write Time":0.0,"Temp I/O Read Time":0.0,"Temp I/O Write Time":14.708,"Plans":[{"Node Type":"Seq Scan","Parent Relationship":"Outer","Parallel Aware":false,"Async Capable":false,"Relation Name":"orders","Schema":"public","Alias":"orders","Startup Cost":0.0,"Total Cost":134121.52,"Plan Rows":879322,"Plan Width":16,"Actual Startup Time":0.601,"Actual Total Time":445.621,"Actual Rows":856801,"Actual Loops":1,"Output":["orders.o_c_id","orders.o_w_id","orders.o_d_id","orders.o_id"],"Filter":"((orders.o_entry_d >= '1993-01-02 20:10:02.27764'::timestamp without time zone) AND (orders.o_entry_d < '1994-01-02 20:10:02.27764'::timestamp without time zone))","Rows Removed by Filter":5143199,"Shared Hit Blocks":44122,"Shared Read Blocks":0,"Shared Dirtied Blocks":0,"Shared Written Blocks":0,"Local Hit Blocks":0,"Local Read Blocks":0,"Local Dirtied Blocks":0,"Local Written Blocks":0,"Temp Read Blocks":0,"Temp Written Blocks":0,"I/O Read Time":0.0,"I/O Write Time":0.0,"Temp I/O Read Time":0.0,"Temp I/O Write Time":0.0}]}]},{"Node Type":"Hash","Parent Relationship":"Inner","Parallel Aware":false,"Async Capable":false,"Startup Cost":509795.49,"Total Cost":509795.49,"Plan Rows":6000140,"Plan Width":12,"Actual Startup Time":2320.454,"Actual Total Time":2320.461,"Actual Rows":6000000,"Actual Loops":1,"Output":["customer.c_id","customer.c_w_id","customer.c_d_id","customer.c_nationkey"],"Hash Buckets":262144,"Original Hash Buckets":262144,"Hash Batches":64,"Original Hash Batches":64,"Peak Memory Usage":6073,"Shared Hit Blocks":0,"Shared Read Blocks":0,"Shared Dirtied Blocks":0,"Shared Written Blocks":0,"Local Hit Blocks":0,"Local Read Blocks":0,"Local Dirtied Blocks":0,"Local Written Blocks":0,"Temp Read Blocks":0,"Temp Written Blocks":23037,"I/O Read Time":0.0,"I/O Write Time":0.0,"Temp I/O Read Time":0.0,"Temp I/O Write Time":100.738,"Plans":[{"Node Type":"Append","Parent Relationship":"Outer","Parallel Aware":false,"Async Capable":false,"Startup Cost":20.0,"Total Cost":509795.49,"Plan Rows":6000140,"Plan Width":12,"Actual Startup Time":0.042,"Actual Total Time":1314.911,"Actual Rows":6000000,"Actual Loops":1,"Shared Hit Blocks":0,"Shared Read Blocks":0,"Shared Dirtied Blocks":0,"Shared Written Blocks":0,"Local Hit Blocks":0,"Local Read Blocks":0,"Local Dirtied Blocks":0,"Local Written Blocks":0,"Temp Read Blocks":0,"Temp Written Blocks":0,"I/O Read Time":0.0,"I/O Write Time":0.0,"Temp I/O Read Time":0.0,"Temp I/O Write Time":0.0,"Subplans Removed":0,"Plans":[{"Node Type":"Custom Scan","Parent Relationship":"Member","Custom Plan Provider":"columnar scan","Parallel Aware":false,"Async Capable":false,"Relation Name":"customer","Schema":"public","Alias":"customer","Startup Cost":20.0,"Total Cost":141020.06,"Plan Rows":6000000,"Plan Width":12,"Actual Startup Time":0.04,"Actual Total Time":895.178,"Actual Rows":6000000,"Actual Loops":1,"Output":["customer.c_id","customer.c_w_id","customer.c_d_id","customer.c_nationkey"],"Rows Removed by Columnar Filter":0,"Columnar cache search mode":"native","Shared Hit Blocks":0,"Shared Read Blocks":0,"Shared Dirtied Blocks":0,"Shared Written Blocks":0,"Local Hit Blocks":0,"Local Read Blocks":0,"Local Dirtied Blocks":0,"Local Written Blocks":0,"Temp Read Blocks":0,"Temp Written Blocks":0,"I/O Read Time":0.0,"I/O Write Time":0.0,"Temp I/O Read Time":0.0,"Temp I/O Write Time":0.0},{"Node Type":"Seq Scan","Parent Relationship":"Member","Parallel Aware":false,"Async Capable":false,"Relation Name":"customer","Schema":"public","Alias":"customer","Startup Cost":0.0,"Total Cost":5.4,"Plan Rows":140,"Plan Width":12,"Actual Startup Time":0.0,"Actual Total Time":0.0,"Actual Rows":0,"Actual Loops":0,"Output":["customer.c_id","customer.c_w_id","customer.c_d_id","customer.c_nationkey"],"Shared Hit Blocks":0,"Shared Read Blocks":0,"Shared Dirtied Blocks":0,"Shared Written Blocks":0,"Local Hit Blocks":0,"Local Read Blocks":0,"Local Dirtied Blocks":0,"Local Written Blocks":0,"Temp Read Blocks":0,"Temp Written Blocks":0,"I/O Read Time":0.0,"I/O Write Time":0.0,"Temp I/O Read Time":0.0,"Temp I/O Write Time":0.0}]}]}]},{"Node Type":"Hash","Parent Relationship":"Inner","Parallel Aware":false,"Async Capable":false,"Startup Cost":2.99,"Total Cost":2.99,"Plan Rows":12,"Plan Width":12,"Actual Startup Time":0.043,"Actual Total Time":0.048,"Actual Rows":22,"Actual Loops":1,"Output":["nation.n_name","nation.n_nationkey"],"Hash Buckets":1024,"Original Hash Buckets":1024,"Hash Batches":1,"Original Hash Batches":1,"Peak Memory Usage":9,"Shared Hit Blocks":2,"Shared Read Blocks":0,"Shared Dirtied Blocks":0,"Shared Written Blocks":0,"Local Hit Blocks":0,"Local Read Blocks":0,"Local Dirtied Blocks":0,"Local Written Blocks":0,"Temp Read Blocks":0,"Temp Written Blocks":0,"I/O Read Time":0.0,"I/O Write Time":0.0,"Temp I/O Read Time":0.0,"Temp I/O Write Time":0.0,"Plans":[{"Node Type":"Hash Join","Parent Relationship":"Outer","Parallel Aware":false,"Async Capable":false,"Join Type":"Inner","Startup Cost":1.07,"Total Cost":2.99,"Plan Rows":12,"Plan Width":12,"Actual Startup Time":0.026,"Actual Total Time":0.042,"Actual Rows":22,"Actual Loops":1,"Output":["nation.n_name","nation.n_nationkey"],"Inner Unique":true,"Hash Cond":"(nation.n_regionkey = region.r_regionkey)","Shared Hit Blocks":2,"Shared Read Blocks":0,"Shared Dirtied Blocks":0,"Shared Written Blocks":0,"Local Hit Blocks":0,"Local Read Blocks":0,"Local Dirtied Blocks":0,"Local Written Blocks":0,"Temp Read Blocks":0,"Temp Written Blocks":0,"I/O Read Time":0.0,"I/O Write Time":0.0,"Temp I/O Read Time":0.0,"Temp I/O Write Time":0.0,"Plans":[{"Node Type":"Seq Scan","Parent Relationship":"Outer","Parallel Aware":false,"Async Capable":false,"Relation Name":"nation","Schema":"public","Alias":"nation","Startup Cost":0.0,"Total Cost":1.62,"Plan Rows":62,"Plan Width":16,"Actual Startup Time":0.008,"Actual Total Time":0.011,"Actual Rows":62,"Actual Loops":1,"Output":["nation.n_nationkey","nation.n_name","nation.n_regionkey","nation.n_comment"],"Shared Hit Blocks":1,"Shared Read Blocks":0,"Shared Dirtied Blocks":0,"Shared Written Blocks":0,"Local Hit Blocks":0,"Local Read Blocks":0,"Local Dirtied Blocks":0,"Local Written Blocks":0,"Temp Read Blocks":0,"Temp Written Blocks":0,"I/O Read Time":0.0,"I/O Write Time":0.0,"Temp I/O Read Time":0.0,"Temp I/O Write Time":0.0},{"Node Type":"Hash","Parent Relationship":"Inner","Parallel Aware":false,"Async Capable":false,"Startup Cost":1.06,"Total Cost":1.06,"Plan Rows":1,"Plan Width":4,"Actual Startup Time":0.009,"Actual Total Time":0.01,"Actual Rows":1,"Actual Loops":1,"Output":["region.r_regionkey"],"Hash Buckets":1024,"Original Hash Buckets":1024,"Hash Batches":1,"Original Hash Batches":1,"Peak Memory Usage":9,"Shared Hit Blocks":1,"Shared Read Blocks":0,"Shared Dirtied Blocks":0,"Shared Written Blocks":0,"Local Hit Blocks":0,"Local Read Blocks":0,"Local Dirtied Blocks":0,"Local Written Blocks":0,"Temp Read Blocks":0,"Temp Written Blocks":0,"I/O Read Time":0.0,"I/O Write Time":0.0,"Temp I/O Read Time":0.0,"Temp I/O Write Time":0.0,"Plans":[{"Node Type":"Seq Scan","Parent Relationship":"Outer","Parallel Aware":false,"Async Capable":false,"Relation Name":"region","Schema":"public","Alias":"region","Startup Cost":0.0,"Total Cost":1.06,"Plan Rows":1,"Plan Width":4,"Actual Startup Time":0.007,"Actual Total Time":0.008,"Actual Rows":1,"Actual Loops":1,"Output":["region.r_regionkey"],"Filter":"((region.r_name)::text = 'Europe'::text)","Rows Removed by Filter":4,"Shared Hit Blocks":1,"Shared Read Blocks":0,"Shared Dirtied Blocks":0,"Shared Written Blocks":0,"Local Hit Blocks":0,"Local Read Blocks":0,"Local Dirtied Blocks":0,"Local Written Blocks":0,"Temp Read Blocks":0,"Temp Written Blocks":0,"I/O Read Time":0.0,"I/O Write Time":0.0,"Temp I/O Read Time":0.0,"Temp I/O Write Time":0.0}]}]}]}]}]},{"Node Type":"Index Only Scan","Parent Relationship":"Inner","Parallel Aware":false,"Async Capable":false,"Scan Direction":"Forward","Index Name":"stock_pk","Relation Name":"stock","Schema":"public","Alias":"stock","Startup Cost":0.44,"Total Cost":519363.62,"Plan Rows":20000212,"Plan Width":6,"Actual Startup Time":0.043,"Actual Total Time":1402.393,"Actual Rows":19999994,"Actual Loops":1,"Output":["stock.s_w_id","stock.s_i_id"],"Heap Fetches":0,"Shared Hit Blocks":54673,"Shared Read Blocks":0,"Shared Dirtied Blocks":0,"Shared Written Blocks":0,"Local Hit Blocks":0,"Local Read Blocks":0,"Local Dirtied Blocks":0,"Local Written Blocks":0,"Temp Read Blocks":0,"Temp Written Blocks":0,"I/O Read Time":0.0,"I/O Write Time":0.0,"Temp I/O Read Time":0.0,"Temp I/O Write Time":0.0}]},{"Node Type":"Hash","Parent Relationship":"Inner","Parallel Aware":false,"Async Capable":false,"Startup Cost":219.01,"Total Cost":219.01,"Plan Rows":10001,"Plan Width":8,"Actual Startup Time":3.197,"Actual Total Time":3.199,"Actual Rows":10000,"Actual Loops":1,"Output":["supplier.su_suppkey","supplier.su_nationkey"],"Hash Buckets":16384,"Original Hash Buckets":16384,"Hash Batches":1,"Original Hash Batches":1,"Peak Memory Usage":519,"Shared Hit Blocks":0,"Shared Read Blocks":0,"Shared Dirtied Blocks":0,"Shared Written Blocks":0,"Local Hit Blocks":0,"Local Read Blocks":0,"Local Dirtied Blocks":0,"Local Written Blocks":0,"Temp Read Blocks":0,"Temp Written Blocks":0,"I/O Read Time":0.0,"I/O Write Time":0.0,"Temp I/O Read Time":0.0,"Temp I/O Write Time":0.0,"Plans":[{"Node Type":"Append","Parent Relationship":"Outer","Parallel Aware":false,"Async Capable":false,"Startup Cost":20.0,"Total Cost":219.01,"Plan Rows":10001,"Plan Width":8,"Actual Startup Time":0.013,"Actual Total Time":1.854,"Actual Rows":10000,"Actual Loops":1,"Shared Hit Blocks":0,"Shared Read Blocks":0,"Shared Dirtied Blocks":0,"Shared Written Blocks":0,"Local Hit Blocks":0,"Local Read Blocks":0,"Local Dirtied Blocks":0,"Local Written Blocks":0,"Temp Read Blocks":0,"Temp Written Blocks":0,"I/O Read Time":0.0,"I/O Write Time":0.0,"Temp I/O Read Time":0.0,"Temp I/O Write Time":0.0,"Subplans Removed":0,"Plans":[{"Node Type":"Custom Scan","Parent Relationship":"Member","Custom Plan Provider":"columnar scan","Parallel Aware":false,"Async Capable":false,"Relation Name":"supplier","Schema":"public","Alias":"supplier","Startup Cost":20.0,"Total Cost":215.0,"Plan Rows":10000,"Plan Width":8,"Actual Startup Time":0.012,"Actual Total Time":1.118,"Actual Rows":10000,"Actual Loops":1,"Output":["supplier.su_suppkey","supplier.su_nationkey"],"Rows Removed by Columnar Filter":0,"Columnar cache search mode":"native","Shared Hit Blocks":0,"Shared Read Blocks":0,"Shared Dirtied Blocks":0,"Shared Written Blocks":0,"Local Hit Blocks":0,"Local Read Blocks":0,"Local Dirtied Blocks":0,"Local Written Blocks":0,"Temp Read Blocks":0,"Temp Written Blocks":0,"I/O Read Time":0.0,"I/O Write Time":0.0,"Temp I/O Read Time":0.0,"Temp I/O Write Time":0.0},{"Node Type":"Seq Scan","Parent Relationship":"Member","Parallel Aware":false,"Async Capable":false,"Relation Name":"supplier","Schema":"public","Alias":"supplier","Startup Cost":0.0,"Total Cost":4.01,"Plan Rows":1,"Plan Width":8,"Actual Startup Time":0.0,"Actual Total Time":0.0,"Actual Rows":0,"Actual Loops":0,"Output":["supplier.su_suppkey","supplier.su_nationkey"],"Shared Hit Blocks":0,"Shared Read Blocks":0,"Shared Dirtied Blocks":0,"Shared Written Blocks":0,"Local Hit Blocks":0,"Local Read Blocks":0,"Local Dirtied Blocks":0,"Local Written Blocks":0,"Temp Read Blocks":0,"Temp Written Blocks":0,"I/O Read Time":0.0,"I/O Write Time":0.0,"Temp I/O Read Time":0.0,"Temp I/O Write Time":0.0}]}]}]}]}]}]},"Planning":{"Shared Hit Blocks":220,"Shared Read Blocks":0,"Shared Dirtied Blocks":0,"Shared Written Blocks":0,"Local Hit Blocks":0,"Local Read Blocks":0,"Local Dirtied Blocks":0,"Local Written Blocks":0,"Temp Read Blocks":0,"Temp Written Blocks":0,"I/O Read Time":0.0,"I/O Write Time":0.0,"Temp I/O Read Time":0.0,"Temp I/O Write Time":0.0},"Planning Time":4.919,"Triggers":[],"Execution Time":34298.348}]
[列存组合]: customer, stock, supplier
[{"Plan":{"Node Type":"Sort","Parallel Aware":false,"Async Capable":false,"Startup Cost":4076081.94,"Total Cost":4076082.09,"Plan Rows":62,"Plan Width":40,"Actual Startup Time":34193.041,"Actual Total Time":34193.071,"Actual Rows":11,"Actual Loops":1,"Output":["nation.n_name","(sum(order_line.ol_amount))"],"Sort Key":["(sum(order_line.ol_amount)) DESC"],"Sort Method":"quicksort","Sort Space Used":25,"Sort Space Type":"Memory","Shared Hit Blocks":780545,"Shared Read Blocks":0,"Shared Dirtied Blocks":0,"Shared Written Blocks":0,"Local Hit Blocks":0,"Local Read Blocks":0,"Local Dirtied Blocks":0,"Local Written Blocks":0,"Temp Read Blocks":288611,"Temp Written Blocks":288665,"I/O Read Time":0.0,"I/O Write Time":0.0,"Temp I/O Read Time":430.981,"Temp I/O Write Time":1154.817,"Plans":[{"Node Type":"Aggregate","Strategy":"Sorted","Partial Mode":"Simple","Parent Relationship":"Outer","Parallel Aware":false,"Async Capable":false,"Startup Cost":4075928.3,"Total Cost":4076080.09,"Plan Rows":62,"Plan Width":40,"Actual Startup Time":34187.17,"Actual Total Time":34193.054,"Actual Rows":11,"Actual Loops":1,"Output":["nation.n_name","sum(order_line.ol_amount)"],"Group Key":["nation.n_name"],"Shared Hit Blocks":780545,"Shared Read Blocks":0,"Shared Dirtied Blocks":0,"Shared Written Blocks":0,"Local Hit Blocks":0,"Local Read Blocks":0,"Local Dirtied Blocks":0,"Local Written Blocks":0,"Temp Read Blocks":288611,"Temp Written Blocks":288665,"I/O Read Time":0.0,"I/O Write Time":0.0,"Temp I/O Read Time":430.981,"Temp I/O Write Time":1154.817,"Plans":[{"Node Type":"Sort","Parent Relationship":"Outer","Parallel Aware":false,"Async Capable":false,"Startup Cost":4075928.3,"Total Cost":4075978.64,"Plan Rows":20136,"Plan Width":12,"Actual Startup Time":34186.735,"Actual Total Time":34188.512,"Actual Rows":35044,"Actual Loops":1,"Output":["nation.n_name","order_line.ol_amount"],"Sort Key":["nation.n_name"],"Sort Method":"quicksort","Sort Space Used":3146,"Sort Space Type":"Memory","Shared Hit Blocks":780545,"Shared Read Blocks":0,"Shared Dirtied Blocks":0,"Shared Written Blocks":0,"Local Hit Blocks":0,"Local Read Blocks":0,"Local Dirtied Blocks":0,"Local Written Blocks":0,"Temp Read Blocks":288611,"Temp Written Blocks":288665,"I/O Read Time":0.0,"I/O Write Time":0.0,"Temp I/O Read Time":430.981,"Temp I/O Write Time":1154.817,"Plans":[{"Node Type":"Hash Join","Parent Relationship":"Outer","Parallel Aware":false,"Async Capable":false,"Join Type":"Inner","Startup Cost":3426620.85,"Total Cost":4074488.82,"Plan Rows":20136,"Plan Width":12,"Actual Startup Time":30273.023,"Actual Total Time":34167.906,"Actual Rows":35044,"Actual Loops":1,"Output":["nation.n_name","order_line.ol_amount"],"Inner Unique":true,"Hash Cond":"((mod((stock.s_w_id * stock.s_i_id), 10000) = supplier.su_suppkey) AND (customer.c_nationkey = supplier.su_nationkey))","Shared Hit Blocks":780545,"Shared Read Blocks":0,"Shared Dirtied Blocks":0,"Shared Written Blocks":0,"Local Hit Blocks":0,"Local Read Blocks":0,"Local Dirtied Blocks":0,"Local Written Blocks":0,"Temp Read Blocks":288611,"Temp Written Blocks":288665,"I/O Read Time":0.0,"I/O Write Time":0.0,"Temp I/O Read Time":430.981,"Temp I/O Write Time":1154.817,"Plans":[{"Node Type":"Merge Join","Parent Relationship":"Outer","Parallel Aware":false,"Async Capable":false,"Join Type":"Inner","Startup Cost":3426251.82,"Total Cost":4067284.83,"Plan Rows":1242717,"Plan Width":26,"Actual Startup Time":30269.452,"Actual Total Time":33887.886,"Actual Rows":2218175,"Actual Loops":1,"Output":["customer.c_nationkey","order_line.ol_amount","stock.s_w_id","stock.s_i_id","nation.n_name","nation.n_nationkey"],"Inner Unique":true,"Merge Cond":"((customer.c_w_id = stock.s_w_id) AND (order_line.ol_i_id = stock.s_i_id))","Shared Hit Blocks":780545,"Shared Read Blocks":0,"Shared Dirtied Blocks":0,"Shared Written Blocks":0,"Local Hit Blocks":0,"Local Read Blocks":0,"Local Dirtied Blocks":0,"Local Written Blocks":0,"Temp Read Blocks":288611,"Temp Written Blocks":288665,"I/O Read Time":0.0,"I/O Write Time":0.0,"Temp I/O Read Time":430.981,"Temp I/O Write Time":1154.817,"Plans":[{"Node Type":"Sort","Parent Relationship":"Outer","Parallel Aware":false,"Async Capable":false,"Startup Cost":3426251.38,"Total Cost":3429331.92,"Plan Rows":1232214,"Plan Width":30,"Actual Startup Time":30269.39,"Actual Total Time":30864.697,"Actual Rows":2218175,"Actual Loops":1,"Output":["customer.c_w_id","customer.c_nationkey","orders.o_w_id","order_line.ol_amount","order_line.ol_w_id","order_line.ol_i_id","nation.n_name","nation.n_nationkey"],"Sort Key":["customer.c_w_id","order_line.ol_i_id"],"Sort Method":"external merge","Sort Space Used":94520,"Sort Space Type":"Disk","Shared Hit Blocks":725872,"Shared Read Blocks":0,"Shared Dirtied Blocks":0,"Shared Written Blocks":0,"Local Hit Blocks":0,"Local Read Blocks":0,"Local Dirtied Blocks":0,"Local Written Blocks":0,"Temp Read Blocks":288611,"Temp Written Blocks":288665,"I/O Read Time":0.0,"I/O Write Time":0.0,"Temp I/O Read Time":430.981,"Temp I/O Write Time":1154.817,"Plans":[{"Node Type":"Hash Join","Parent Relationship":"Outer","Parallel Aware":false,"Async Capable":false,"Join Type":"Inner","Startup Cost":797902.74,"Total Cost":3242627.55,"Plan Rows":1232214,"Plan Width":30,"Actual Startup Time":2962.096,"Actual Total Time":27643.087,"Actual Rows":2218175,"Actual Loops":1,"Output":["customer.c_w_id","customer.c_nationkey","orders.o_w_id","order_line.ol_amount","order_line.ol_w_id","order_line.ol_i_id","nation.n_name","nation.n_nationkey"],"Inner Unique":false,"Hash Cond":"(customer.c_nationkey = nation.n_nationkey)","Shared Hit Blocks":725872,"Shared Read Blocks":0,"Shared Dirtied Blocks":0,"Shared Written Blocks":0,"Local Hit Blocks":0,"Local Read Blocks":0,"Local Dirtied Blocks":0,"Local Written Blocks":0,"Temp Read Blocks":264991,"Temp Written Blocks":264991,"I/O Read Time":0.0,"I/O Write Time":0.0,"Temp I/O Read Time":397.409,"Temp I/O Write Time":1093.188,"Plans":[{"Node Type":"Hash Join","Parent Relationship":"Outer","Parallel Aware":false,"Async Capable":false,"Join Type":"Inner","Startup Cost":797899.6,"Total Cost":3207595.75,"Plan Rows":6161071,"Plan Width":18,"Actual Startup Time":2954.3,"Actual Total Time":26785.234,"Actual Rows":8568663,"Actual Loops":1,"Output":["customer.c_w_id","customer.c_nationkey","orders.o_w_id","order_line.ol_amount","order_line.ol_w_id","order_line.ol_i_id"],"Inner Unique":true,"Hash Cond":"((orders.o_c_id = customer.c_id) AND (orders.o_w_id = customer.c_w_id) AND (orders.o_d_id = customer.c_d_id))","Shared Hit Blocks":725870,"Shared Read Blocks":0,"Shared Dirtied Blocks":0,"Shared Written Blocks":0,"Local Hit Blocks":0,"Local Read Blocks":0,"Local Dirtied Blocks":0,"Local Written Blocks":0,"Temp Read Blocks":264991,"Temp Written Blocks":264991,"I/O Read Time":0.0,"I/O Write Time":0.0,"Temp I/O Read Time":397.409,"Temp I/O Write Time":1093.188,"Plans":[{"Node Type":"Hash Join","Parent Relationship":"Outer","Parallel Aware":false,"Async Capable":false,"Join Type":"Inner","Startup Cost":153803.65,"Total Cost":2413481.36,"Plan Rows":6161071,"Plan Width":20,"Actual Startup Time":625.487,"Actual Total Time":20172.972,"Actual Rows":8568663,"Actual Loops":1,"Output":["orders.o_c_id","orders.o_w_id","orders.o_d_id","order_line.ol_amount","order_line.ol_w_id","order_line.ol_d_id","order_line.ol_i_id"],"Inner Unique":true,"Hash Cond":"((order_line.ol_w_id = orders.o_w_id) AND (order_line.ol_d_id = orders.o_d_id) AND (order_line.ol_o_id = orders.o_id))","Shared Hit Blocks":725870,"Shared Read Blocks":0,"Shared Dirtied Blocks":0,"Shared Written Blocks":0,"Local Hit Blocks":0,"Local Read Blocks":0,"Local Dirtied Blocks":0,"Local Written Blocks":0,"Temp Read Blocks":200672,"Temp Written Blocks":200672,"I/O Read Time":0.0,"I/O Write Time":0.0,"Temp I/O Read Time":300.065,"Temp I/O Write Time":795.732,"Plans":[{"Node Type":"Seq Scan","Parent Relationship":"Outer","Parallel Aware":false,"Async Capable":false,"Relation Name":"order_line","Schema":"public","Alias":"order_line","Startup Cost":0.0,"Total Cost":1431670.8,"Plan Rows":42039468,"Plan Width":20,"Actual Startup Time":0.006,"Actual Total Time":7309.507,"Actual Rows":42000489,"Actual Loops":1,"Output":["order_line.ol_amount","order_line.ol_o_id","order_line.ol_w_id","order_line.ol_d_id","order_line.ol_i_id"],"Filter":"(order_line.ol_delivery_d >= '1992-01-02 20:10:02.27764'::timestamp without time zone)","Rows Removed by Filter":17993272,"Shared Hit Blocks":681748,"Shared Read Blocks":0,"Shared Dirtied Blocks":0,"Shared Written Blocks":0,"Local Hit Blocks":0,"Local Read Blocks":0,"Local Dirtied Blocks":0,"Local Written Blocks":0,"Temp Read Blocks":0,"Temp Written Blocks":0,"I/O Read Time":0.0,"I/O Write Time":0.0,"Temp I/O Read Time":0.0,"Temp I/O Write Time":0.0},{"Node Type":"Hash","Parent Relationship":"Inner","Parallel Aware":false,"Async Capable":false,"Startup Cost":134121.52,"Total Cost":134121.52,"Plan Rows":879322,"Plan Width":16,"Actual Startup Time":591.508,"Actual Total Time":591.512,"Actual Rows":856801,"Actual Loops":1,"Output":["orders.o_c_id","orders.o_w_id","orders.o_d_id","orders.o_id"],"Hash Buckets":262144,"Original Hash Buckets":262144,"Hash Batches":8,"Original Hash Batches":8,"Peak Memory Usage":7070,"Shared Hit Blocks":44122,"Shared Read Blocks":0,"Shared Dirtied Blocks":0,"Shared Written Blocks":0,"Local Hit Blocks":0,"Local Read Blocks":0,"Local Dirtied Blocks":0,"Local Written Blocks":0,"Temp Read Blocks":0,"Temp Written Blocks":3290,"I/O Read Time":0.0,"I/O Write Time":0.0,"Temp I/O Read Time":0.0,"Temp I/O Write Time":14.639,"Plans":[{"Node Type":"Seq Scan","Parent Relationship":"Outer","Parallel Aware":false,"Async Capable":false,"Relation Name":"orders","Schema":"public","Alias":"orders","Startup Cost":0.0,"Total Cost":134121.52,"Plan Rows":879322,"Plan Width":16,"Actual Startup Time":0.618,"Actual Total Time":444.454,"Actual Rows":856801,"Actual Loops":1,"Output":["orders.o_c_id","orders.o_w_id","orders.o_d_id","orders.o_id"],"Filter":"((orders.o_entry_d >= '1993-01-02 20:10:02.27764'::timestamp without time zone) AND (orders.o_entry_d < '1994-01-02 20:10:02.27764'::timestamp without time zone))","Rows Removed by Filter":5143199,"Shared Hit Blocks":44122,"Shared Read Blocks":0,"Shared Dirtied Blocks":0,"Shared Written Blocks":0,"Local Hit Blocks":0,"Local Read Blocks":0,"Local Dirtied Blocks":0,"Local Written Blocks":0,"Temp Read Blocks":0,"Temp Written Blocks":0,"I/O Read Time":0.0,"I/O Write Time":0.0,"Temp I/O Read Time":0.0,"Temp I/O Write Time":0.0}]}]},{"Node Type":"Hash","Parent Relationship":"Inner","Parallel Aware":false,"Async Capable":false,"Startup Cost":509795.49,"Total Cost":509795.49,"Plan Rows":6000140,"Plan Width":12,"Actual Startup Time":2321.741,"Actual Total Time":2321.749,"Actual Rows":6000000,"Actual Loops":1,"Output":["customer.c_id","customer.c_w_id","customer.c_d_id","customer.c_nationkey"],"Hash Buckets":262144,"Original Hash Buckets":262144,"Hash Batches":64,"Original Hash Batches":64,"Peak Memory Usage":6073,"Shared Hit Blocks":0,"Shared Read Blocks":0,"Shared Dirtied Blocks":0,"Shared Written Blocks":0,"Local Hit Blocks":0,"Local Read Blocks":0,"Local Dirtied Blocks":0,"Local Written Blocks":0,"Temp Read Blocks":0,"Temp Written Blocks":23037,"I/O Read Time":0.0,"I/O Write Time":0.0,"Temp I/O Read Time":0.0,"Temp I/O Write Time":101.982,"Plans":[{"Node Type":"Append","Parent Relationship":"Outer","Parallel Aware":false,"Async Capable":false,"Startup Cost":20.0,"Total Cost":509795.49,"Plan Rows":6000140,"Plan Width":12,"Actual Startup Time":0.037,"Actual Total Time":1314.457,"Actual Rows":6000000,"Actual Loops":1,"Shared Hit Blocks":0,"Shared Read Blocks":0,"Shared Dirtied Blocks":0,"Shared Written Blocks":0,"Local Hit Blocks":0,"Local Read Blocks":0,"Local Dirtied Blocks":0,"Local Written Blocks":0,"Temp Read Blocks":0,"Temp Written Blocks":0,"I/O Read Time":0.0,"I/O Write Time":0.0,"Temp I/O Read Time":0.0,"Temp I/O Write Time":0.0,"Subplans Removed":0,"Plans":[{"Node Type":"Custom Scan","Parent Relationship":"Member","Custom Plan Provider":"columnar scan","Parallel Aware":false,"Async Capable":false,"Relation Name":"customer","Schema":"public","Alias":"customer","Startup Cost":20.0,"Total Cost":141020.06,"Plan Rows":6000000,"Plan Width":12,"Actual Startup Time":0.035,"Actual Total Time":894.262,"Actual Rows":6000000,"Actual Loops":1,"Output":["customer.c_id","customer.c_w_id","customer.c_d_id","customer.c_nationkey"],"Rows Removed by Columnar Filter":0,"Columnar cache search mode":"native","Shared Hit Blocks":0,"Shared Read Blocks":0,"Shared Dirtied Blocks":0,"Shared Written Blocks":0,"Local Hit Blocks":0,"Local Read Blocks":0,"Local Dirtied Blocks":0,"Local Written Blocks":0,"Temp Read Blocks":0,"Temp Written Blocks":0,"I/O Read Time":0.0,"I/O Write Time":0.0,"Temp I/O Read Time":0.0,"Temp I/O Write Time":0.0},{"Node Type":"Seq Scan","Parent Relationship":"Member","Parallel Aware":false,"Async Capable":false,"Relation Name":"customer","Schema":"public","Alias":"customer","Startup Cost":0.0,"Total Cost":5.4,"Plan Rows":140,"Plan Width":12,"Actual Startup Time":0.0,"Actual Total Time":0.0,"Actual Rows":0,"Actual Loops":0,"Output":["customer.c_id","customer.c_w_id","customer.c_d_id","customer.c_nationkey"],"Shared Hit Blocks":0,"Shared Read Blocks":0,"Shared Dirtied Blocks":0,"Shared Written Blocks":0,"Local Hit Blocks":0,"Local Read Blocks":0,"Local Dirtied Blocks":0,"Local Written Blocks":0,"Temp Read Blocks":0,"Temp Written Blocks":0,"I/O Read Time":0.0,"I/O Write Time":0.0,"Temp I/O Read Time":0.0,"Temp I/O Write Time":0.0}]}]}]},{"Node Type":"Hash","Parent Relationship":"Inner","Parallel Aware":false,"Async Capable":false,"Startup Cost":2.99,"Total Cost":2.99,"Plan Rows":12,"Plan Width":12,"Actual Startup Time":0.043,"Actual Total Time":0.049,"Actual Rows":22,"Actual Loops":1,"Output":["nation.n_name","nation.n_nationkey"],"Hash Buckets":1024,"Original Hash Buckets":1024,"Hash Batches":1,"Original Hash Batches":1,"Peak Memory Usage":9,"Shared Hit Blocks":2,"Shared Read Blocks":0,"Shared Dirtied Blocks":0,"Shared Written Blocks":0,"Local Hit Blocks":0,"Local Read Blocks":0,"Local Dirtied Blocks":0,"Local Written Blocks":0,"Temp Read Blocks":0,"Temp Written Blocks":0,"I/O Read Time":0.0,"I/O Write Time":0.0,"Temp I/O Read Time":0.0,"Temp I/O Write Time":0.0,"Plans":[{"Node Type":"Hash Join","Parent Relationship":"Outer","Parallel Aware":false,"Async Capable":false,"Join Type":"Inner","Startup Cost":1.07,"Total Cost":2.99,"Plan Rows":12,"Plan Width":12,"Actual Startup Time":0.027,"Actual Total Time":0.042,"Actual Rows":22,"Actual Loops":1,"Output":["nation.n_name","nation.n_nationkey"],"Inner Unique":true,"Hash Cond":"(nation.n_regionkey = region.r_regionkey)","Shared Hit Blocks":2,"Shared Read Blocks":0,"Shared Dirtied Blocks":0,"Shared Written Blocks":0,"Local Hit Blocks":0,"Local Read Blocks":0,"Local Dirtied Blocks":0,"Local Written Blocks":0,"Temp Read Blocks":0,"Temp Written Blocks":0,"I/O Read Time":0.0,"I/O Write Time":0.0,"Temp I/O Read Time":0.0,"Temp I/O Write Time":0.0,"Plans":[{"Node Type":"Seq Scan","Parent Relationship":"Outer","Parallel Aware":false,"Async Capable":false,"Relation Name":"nation","Schema":"public","Alias":"nation","Startup Cost":0.0,"Total Cost":1.62,"Plan Rows":62,"Plan Width":16,"Actual Startup Time":0.007,"Actual Total Time":0.01,"Actual Rows":62,"Actual Loops":1,"Output":["nation.n_nationkey","nation.n_name","nation.n_regionkey","nation.n_comment"],"Shared Hit Blocks":1,"Shared Read Blocks":0,"Shared Dirtied Blocks":0,"Shared Written Blocks":0,"Local Hit Blocks":0,"Local Read Blocks":0,"Local Dirtied Blocks":0,"Local Written Blocks":0,"Temp Read Blocks":0,"Temp Written Blocks":0,"I/O Read Time":0.0,"I/O Write Time":0.0,"Temp I/O Read Time":0.0,"Temp I/O Write Time":0.0},{"Node Type":"Hash","Parent Relationship":"Inner","Parallel Aware":false,"Async Capable":false,"Startup Cost":1.06,"Total Cost":1.06,"Plan Rows":1,"Plan Width":4,"Actual Startup Time":0.008,"Actual Total Time":0.009,"Actual Rows":1,"Actual Loops":1,"Output":["region.r_regionkey"],"Hash Buckets":1024,"Original Hash Buckets":1024,"Hash Batches":1,"Original Hash Batches":1,"Peak Memory Usage":9,"Shared Hit Blocks":1,"Shared Read Blocks":0,"Shared Dirtied Blocks":0,"Shared Written Blocks":0,"Local Hit Blocks":0,"Local Read Blocks":0,"Local Dirtied Blocks":0,"Local Written Blocks":0,"Temp Read Blocks":0,"Temp Written Blocks":0,"I/O Read Time":0.0,"I/O Write Time":0.0,"Temp I/O Read Time":0.0,"Temp I/O Write Time":0.0,"Plans":[{"Node Type":"Seq Scan","Parent Relationship":"Outer","Parallel Aware":false,"Async Capable":false,"Relation Name":"region","Schema":"public","Alias":"region","Startup Cost":0.0,"Total Cost":1.06,"Plan Rows":1,"Plan Width":4,"Actual Startup Time":0.006,"Actual Total Time":0.006,"Actual Rows":1,"Actual Loops":1,"Output":["region.r_regionkey"],"Filter":"((region.r_name)::text = 'Europe'::text)","Rows Removed by Filter":4,"Shared Hit Blocks":1,"Shared Read Blocks":0,"Shared Dirtied Blocks":0,"Shared Written Blocks":0,"Local Hit Blocks":0,"Local Read Blocks":0,"Local Dirtied Blocks":0,"Local Written Blocks":0,"Temp Read Blocks":0,"Temp Written Blocks":0,"I/O Read Time":0.0,"I/O Write Time":0.0,"Temp I/O Read Time":0.0,"Temp I/O Write Time":0.0}]}]}]}]}]},{"Node Type":"Index Only Scan","Parent Relationship":"Inner","Parallel Aware":false,"Async Capable":false,"Scan Direction":"Forward","Index Name":"stock_pk","Relation Name":"stock","Schema":"public","Alias":"stock","Startup Cost":0.44,"Total Cost":519363.62,"Plan Rows":20000212,"Plan Width":6,"Actual Startup Time":0.046,"Actual Total Time":1395.269,"Actual Rows":19999994,"Actual Loops":1,"Output":["stock.s_w_id","stock.s_i_id"],"Heap Fetches":0,"Shared Hit Blocks":54673,"Shared Read Blocks":0,"Shared Dirtied Blocks":0,"Shared Written Blocks":0,"Local Hit Blocks":0,"Local Read Blocks":0,"Local Dirtied Blocks":0,"Local Written Blocks":0,"Temp Read Blocks":0,"Temp Written Blocks":0,"I/O Read Time":0.0,"I/O Write Time":0.0,"Temp I/O Read Time":0.0,"Temp I/O Write Time":0.0}]},{"Node Type":"Hash","Parent Relationship":"Inner","Parallel Aware":false,"Async Capable":false,"Startup Cost":219.01,"Total Cost":219.01,"Plan Rows":10001,"Plan Width":8,"Actual Startup Time":3.132,"Actual Total Time":3.134,"Actual Rows":10000,"Actual Loops":1,"Output":["supplier.su_suppkey","supplier.su_nationkey"],"Hash Buckets":16384,"Original Hash Buckets":16384,"Hash Batches":1,"Original Hash Batches":1,"Peak Memory Usage":519,"Shared Hit Blocks":0,"Shared Read Blocks":0,"Shared Dirtied Blocks":0,"Shared Written Blocks":0,"Local Hit Blocks":0,"Local Read Blocks":0,"Local Dirtied Blocks":0,"Local Written Blocks":0,"Temp Read Blocks":0,"Temp Written Blocks":0,"I/O Read Time":0.0,"I/O Write Time":0.0,"Temp I/O Read Time":0.0,"Temp I/O Write Time":0.0,"Plans":[{"Node Type":"Append","Parent Relationship":"Outer","Parallel Aware":false,"Async Capable":false,"Startup Cost":20.0,"Total Cost":219.01,"Plan Rows":10001,"Plan Width":8,"Actual Startup Time":0.013,"Actual Total Time":1.841,"Actual Rows":10000,"Actual Loops":1,"Shared Hit Blocks":0,"Shared Read Blocks":0,"Shared Dirtied Blocks":0,"Shared Written Blocks":0,"Local Hit Blocks":0,"Local Read Blocks":0,"Local Dirtied Blocks":0,"Local Written Blocks":0,"Temp Read Blocks":0,"Temp Written Blocks":0,"I/O Read Time":0.0,"I/O Write Time":0.0,"Temp I/O Read Time":0.0,"Temp I/O Write Time":0.0,"Subplans Removed":0,"Plans":[{"Node Type":"Custom Scan","Parent Relationship":"Member","Custom Plan Provider":"columnar scan","Parallel Aware":false,"Async Capable":false,"Relation Name":"supplier","Schema":"public","Alias":"supplier","Startup Cost":20.0,"Total Cost":215.0,"Plan Rows":10000,"Plan Width":8,"Actual Startup Time":0.011,"Actual Total Time":1.102,"Actual Rows":10000,"Actual Loops":1,"Output":["supplier.su_suppkey","supplier.su_nationkey"],"Rows Removed by Columnar Filter":0,"Columnar cache search mode":"native","Shared Hit Blocks":0,"Shared Read Blocks":0,"Shared Dirtied Blocks":0,"Shared Written Blocks":0,"Local Hit Blocks":0,"Local Read Blocks":0,"Local Dirtied Blocks":0,"Local Written Blocks":0,"Temp Read Blocks":0,"Temp Written Blocks":0,"I/O Read Time":0.0,"I/O Write Time":0.0,"Temp I/O Read Time":0.0,"Temp I/O Write Time":0.0},{"Node Type":"Seq Scan","Parent Relationship":"Member","Parallel Aware":false,"Async Capable":false,"Relation Name":"supplier","Schema":"public","Alias":"supplier","Startup Cost":0.0,"Total Cost":4.01,"Plan Rows":1,"Plan Width":8,"Actual Startup Time":0.0,"Actual Total Time":0.0,"Actual Rows":0,"Actual Loops":0,"Output":["supplier.su_suppkey","supplier.su_nationkey"],"Shared Hit Blocks":0,"Shared Read Blocks":0,"Shared Dirtied Blocks":0,"Shared Written Blocks":0,"Local Hit Blocks":0,"Local Read Blocks":0,"Local Dirtied Blocks":0,"Local Written Blocks":0,"Temp Read Blocks":0,"Temp Written Blocks":0,"I/O Read Time":0.0,"I/O Write Time":0.0,"Temp I/O Read Time":0.0,"Temp I/O Write Time":0.0}]}]}]}]}]}]},"Planning":{"Shared Hit Blocks":220,"Shared Read Blocks":0,"Shared Dirtied Blocks":0,"Shared Written Blocks":0,"Local Hit Blocks":0,"Local Read Blocks":0,"Local Dirtied Blocks":0,"Local Written Blocks":0,"Temp Read Blocks":0,"Temp Written Blocks":0,"I/O Read Time":0.0,"I/O Write Time":0.0,"Temp I/O Read Time":0.0,"Temp I/O Write Time":0.0},"Planning Time":5.92,"Triggers":[],"Execution Time":34207.559}]
[列存组合]: nation, order_line, orders
[{"Plan":{"Node Type":"Sort","Parallel Aware":false,"Async Capable":false,"Startup Cost":4055674.03,"Total Cost":4055674.18,"Plan Rows":62,"Plan Width":40,"Actual Startup Time":21129.815,"Actual Total Time":21129.848,"Actual Rows":11,"Actual Loops":1,"Output":["nation.n_name","(sum(order_line.ol_amount))"],"Sort Key":["(sum(order_line.ol_amount)) DESC"],"Sort Method":"quicksort","Sort Space Used":25,"Sort Space Type":"Memory","Shared Hit Blocks":514882,"Shared Read Blocks":0,"Shared Dirtied Blocks":0,"Shared Written Blocks":0,"Local Hit Blocks":0,"Local Read Blocks":0,"Local Dirtied Blocks":0,"Local Written Blocks":0,"Temp Read Blocks":131755,"Temp Written Blocks":131809,"I/O Read Time":0.0,"I/O Write Time":0.0,"Temp I/O Read Time":203.03,"Temp I/O Write Time":551.483,"Plans":[{"Node Type":"Aggregate","Strategy":"Sorted","Partial Mode":"Simple","Parent Relationship":"Outer","Parallel Aware":false,"Async Capable":false,"Startup Cost":4055520.39,"Total Cost":4055672.18,"Plan Rows":62,"Plan Width":40,"Actual Startup Time":21123.946,"Actual Total Time":21129.832,"Actual Rows":11,"Actual Loops":1,"Output":["nation.n_name","sum(order_line.ol_amount)"],"Group Key":["nation.n_name"],"Shared Hit Blocks":514882,"Shared Read Blocks":0,"Shared Dirtied Blocks":0,"Shared Written Blocks":0,"Local Hit Blocks":0,"Local Read Blocks":0,"Local Dirtied Blocks":0,"Local Written Blocks":0,"Temp Read Blocks":131755,"Temp Written Blocks":131809,"I/O Read Time":0.0,"I/O Write Time":0.0,"Temp I/O Read Time":203.03,"Temp I/O Write Time":551.483,"Plans":[{"Node Type":"Sort","Parent Relationship":"Outer","Parallel Aware":false,"Async Capable":false,"Startup Cost":4055520.39,"Total Cost":4055570.73,"Plan Rows":20136,"Plan Width":12,"Actual Startup Time":21123.514,"Actual Total Time":21125.312,"Actual Rows":35044,"Actual Loops":1,"Output":["nation.n_name","order_line.ol_amount"],"Sort Key":["nation.n_name"],"Sort Method":"quicksort","Sort Space Used":3146,"Sort Space Type":"Memory","Shared Hit Blocks":514882,"Shared Read Blocks":0,"Shared Dirtied Blocks":0,"Shared Written Blocks":0,"Local Hit Blocks":0,"Local Read Blocks":0,"Local Dirtied Blocks":0,"Local Written Blocks":0,"Temp Read Blocks":131755,"Temp Written Blocks":131809,"I/O Read Time":0.0,"I/O Write Time":0.0,"Temp I/O Read Time":203.03,"Temp I/O Write Time":551.483,"Plans":[{"Node Type":"Hash Join","Parent Relationship":"Outer","Parallel Aware":false,"Async Capable":false,"Join Type":"Inner","Startup Cost":3406212.94,"Total Cost":4054080.92,"Plan Rows":20136,"Plan Width":12,"Actual Startup Time":17222.458,"Actual Total Time":21104.591,"Actual Rows":35044,"Actual Loops":1,"Output":["nation.n_name","order_line.ol_amount"],"Inner Unique":true,"Hash Cond":"((mod((stock.s_w_id * stock.s_i_id), 10000) = supplier.su_suppkey) AND (customer.c_nationkey = supplier.su_nationkey))","Shared Hit Blocks":514882,"Shared Read Blocks":0,"Shared Dirtied Blocks":0,"Shared Written Blocks":0,"Local Hit Blocks":0,"Local Read Blocks":0,"Local Dirtied Blocks":0,"Local Written Blocks":0,"Temp Read Blocks":131755,"Temp Written Blocks":131809,"I/O Read Time":0.0,"I/O Write Time":0.0,"Temp I/O Read Time":203.03,"Temp I/O Write Time":551.483,"Plans":[{"Node Type":"Merge Join","Parent Relationship":"Outer","Parallel Aware":false,"Async Capable":false,"Join Type":"Inner","Startup Cost":3405745.94,"Total Cost":4046778.94,"Plan Rows":1242717,"Plan Width":26,"Actual Startup Time":17219.351,"Actual Total Time":20824.422,"Actual Rows":2218175,"Actual Loops":1,"Output":["customer.c_nationkey","order_line.ol_amount","stock.s_w_id","stock.s_i_id","nation.n_name","nation.n_nationkey"],"Inner Unique":true,"Merge Cond":"((customer.c_w_id = stock.s_w_id) AND (order_line.ol_i_id = stock.s_i_id))","Shared Hit Blocks":514665,"Shared Read Blocks":0,"Shared Dirtied Blocks":0,"Shared Written Blocks":0,"Local Hit Blocks":0,"Local Read Blocks":0,"Local Dirtied Blocks":0,"Local Written Blocks":0,"Temp Read Blocks":131755,"Temp Written Blocks":131809,"I/O Read Time":0.0,"I/O Write Time":0.0,"Temp I/O Read Time":203.03,"Temp I/O Write Time":551.483,"Plans":[{"Node Type":"Sort","Parent Relationship":"Outer","Parallel Aware":false,"Async Capable":false,"Startup Cost":3405745.5,"Total Cost":3408826.04,"Plan Rows":1232214,"Plan Width":30,"Actual Startup Time":17219.286,"Actual Total Time":17815.03,"Actual Rows":2218175,"Actual Loops":1,"Output":["customer.c_w_id","customer.c_nationkey","orders.o_w_id","order_line.ol_amount","order_line.ol_w_id","order_line.ol_i_id","nation.n_name","nation.n_nationkey"],"Sort Key":["customer.c_w_id","order_line.ol_i_id"],"Sort Method":"external merge","Sort Space Used":94520,"Sort Space Type":"Disk","Shared Hit Blocks":459992,"Shared Read Blocks":0,"Shared Dirtied Blocks":0,"Shared Written Blocks":0,"Local Hit Blocks":0,"Local Read Blocks":0,"Local Dirtied Blocks":0,"Local Written Blocks":0,"Temp Read Blocks":131755,"Temp Written Blocks":131809,"I/O Read Time":0.0,"I/O Write Time":0.0,"Temp I/O Read Time":203.03,"Temp I/O Write Time":551.483,"Plans":[{"Node Type":"Hash Join","Parent Relationship":"Outer","Parallel Aware":false,"Async Capable":false,"Join Type":"Inner","Startup Cost":805488.83,"Total Cost":3222121.67,"Plan Rows":1232214,"Plan Width":30,"Actual Startup Time":3234.046,"Actual Total Time":14584.574,"Actual Rows":2218175,"Actual Loops":1,"Output":["customer.c_w_id","customer.c_nationkey","orders.o_w_id","order_line.ol_amount","order_line.ol_w_id","order_line.ol_i_id","nation.n_name","nation.n_nationkey"],"Inner Unique":false,"Hash Cond":"(customer.c_nationkey = nation.n_nationkey)","Shared Hit Blocks":459992,"Shared Read Blocks":0,"Shared Dirtied Blocks":0,"Shared Written Blocks":0,"Local Hit Blocks":0,"Local Read Blocks":0,"Local Dirtied Blocks":0,"Local Written Blocks":0,"Temp Read Blocks":108135,"Temp Written Blocks":108135,"I/O Read Time":0.0,"I/O Write Time":0.0,"Temp I/O Read Time":168.349,"Temp I/O Write Time":488.528,"Plans":[{"Node Type":"Hash Join","Parent Relationship":"Outer","Parallel Aware":false,"Async Capable":false,"Join Type":"Inner","Startup Cost":805485.69,"Total Cost":3187089.86,"Plan Rows":6161071,"Plan Width":18,"Actual Startup Time":3227.415,"Actual Total Time":13752.608,"Actual Rows":8568663,"Actual Loops":1,"Output":["customer.c_w_id","customer.c_nationkey","orders.o_w_id","order_line.ol_amount","order_line.ol_w_id","order_line.ol_i_id"],"Inner Unique":true,"Hash Cond":"((orders.o_c_id = customer.c_id) AND (orders.o_w_id = customer.c_w_id) AND (orders.o_d_id = customer.c_d_id))","Shared Hit Blocks":459990,"Shared Read Blocks":0,"Shared Dirtied Blocks":0,"Shared Written Blocks":0,"Local Hit Blocks":0,"Local Read Blocks":0,"Local Dirtied Blocks":0,"Local Written Blocks":0,"Temp Read Blocks":108135,"Temp Written Blocks":108135,"I/O Read Time":0.0,"I/O Write Time":0.0,"Temp I/O Read Time":168.349,"Temp I/O Write Time":488.528,"Plans":[{"Node Type":"Hash Join","Parent Relationship":"Outer","Parallel Aware":false,"Async Capable":false,"Join Type":"Inner","Startup Cost":151193.84,"Total Cost":2382779.57,"Plan Rows":6161071,"Plan Width":20,"Actual Startup Time":412.989,"Actual Total Time":6655.446,"Actual Rows":8568663,"Actual Loops":1,"Output":["orders.o_c_id","orders.o_w_id","orders.o_d_id","order_line.ol_amount","order_line.ol_w_id","order_line.ol_d_id","order_line.ol_i_id"],"Inner Unique":true,"Hash Cond":"((order_line.ol_w_id = orders.o_w_id) AND (order_line.ol_d_id = orders.o_d_id) AND (order_line.ol_o_id = orders.o_id))","Shared Hit Blocks":0,"Shared Read Blocks":0,"Shared Dirtied Blocks":0,"Shared Written Blocks":0,"Local Hit Blocks":0,"Local Read Blocks":0,"Local Dirtied Blocks":0,"Local Written Blocks":0,"Temp Read Blocks":43816,"Temp Written Blocks":43816,"I/O Read Time":0.0,"I/O Write Time":0.0,"Temp I/O Read Time":69.056,"Temp I/O Write Time":188.565,"Plans":[{"Node Type":"Append","Parent Relationship":"Outer","Parallel Aware":false,"Async Capable":false,"Startup Cost":20.0,"Total Cost":1403598.82,"Plan Rows":42039468,"Plan Width":20,"Actual Startup Time":1.424,"Actual Total Time":2577.579,"Actual Rows":8620885,"Actual Loops":1,"Shared Hit Blocks":0,"Shared Read Blocks":0,"Shared Dirtied Blocks":0,"Shared Written Blocks":0,"Local Hit Blocks":0,"Local Read Blocks":0,"Local Dirtied Blocks":0,"Local Written Blocks":0,"Temp Read Blocks":0,"Temp Written Blocks":0,"I/O Read Time":0.0,"I/O Write Time":0.0,"Temp I/O Read Time":0.0,"Temp I/O Write Time":0.0,"Subplans Removed":0,"Plans":[{"Node Type":"Custom Scan","Parent Relationship":"Member","Custom Plan Provider":"columnar scan","Parallel Aware":false,"Async Capable":false,"Relation Name":"order_line","Schema":"public","Alias":"order_line","Startup Cost":20.0,"Total Cost":1072026.23,"Plan Rows":42039424,"Plan Width":20,"Actual Startup Time":1.423,"Actual Total Time":1977.73,"Actual Rows":8620885,"Actual Loops":1,"Output":["order_line.ol_amount","order_line.ol_o_id","order_line.ol_w_id","order_line.ol_d_id","order_line.ol_i_id"],"Filter":"(order_line.ol_delivery_d >= '1992-01-02 20:10:02.27764'::timestamp without time zone)","Rows Removed by Filter":0,"Rows Removed by Columnar Filter":51372876,"Rows Filtered by Bloom Filter":0,"Dictionary Rows Filtered by Bloom Filter":51372876,"Columnar cache search mode":"native","Shared Hit Blocks":0,"Shared Read Blocks":0,"Shared Dirtied Blocks":0,"Shared Written Blocks":0,"Local Hit Blocks":0,"Local Read Blocks":0,"Local Dirtied Blocks":0,"Local Written Blocks":0,"Temp Read Blocks":0,"Temp Written Blocks":0,"I/O Read Time":0.0,"I/O Write Time":0.0,"Temp I/O Read Time":0.0,"Temp I/O Write Time":0.0},{"Node Type":"Seq Scan","Parent Relationship":"Member","Parallel Aware":false,"Async Capable":false,"Relation Name":"order_line","Schema":"public","Alias":"order_line","Startup Cost":0.0,"Total Cost":4.79,"Plan Rows":44,"Plan Width":20,"Actual Startup Time":0.0,"Actual Total Time":0.0,"Actual Rows":0,"Actual Loops":0,"Output":["order_line.ol_amount","order_line.ol_o_id","order_line.ol_w_id","order_line.ol_d_id","order_line.ol_i_id"],"Filter":"(order_line.ol_delivery_d >= '1992-01-02 20:10:02.27764'::timestamp without time zone)","Rows Removed by Filter":0,"Shared Hit Blocks":0,"Shared Read Blocks":0,"Shared Dirtied Blocks":0,"Shared Written Blocks":0,"Local Hit Blocks":0,"Local Read Blocks":0,"Local Dirtied Blocks":0,"Local Written Blocks":0,"Temp Read Blocks":0,"Temp Written Blocks":0,"I/O Read Time":0.0,"I/O Write Time":0.0,"Temp I/O Read Time":0.0,"Temp I/O Write Time":0.0}]},{"Node Type":"Hash","Parent Relationship":"Inner","Parallel Aware":false,"Async Capable":false,"Startup Cost":131491.69,"Total Cost":131491.69,"Plan Rows":879323,"Plan Width":16,"Actual Startup Time":410.215,"Actual Total Time":410.223,"Actual Rows":856801,"Actual Loops":1,"Output":["orders.o_c_id","orders.o_w_id","orders.o_d_id","orders.o_id"],"Hash Buckets":262144,"Original Hash Buckets":262144,"Hash Batches":8,"Original Hash Batches":8,"Peak Memory Usage":7070,"Shared Hit Blocks":0,"Shared Read Blocks":0,"Shared Dirtied Blocks":0,"Shared Written Blocks":0,"Local Hit Blocks":0,"Local Read Blocks":0,"Local Dirtied Blocks":0,"Local Written Blocks":0,"Temp Read Blocks":0,"Temp Written Blocks":3290,"I/O Read Time":0.0,"I/O Write Time":0.0,"Temp I/O Read Time":0.0,"Temp I/O Write Time":14.43,"Plans":[{"Node Type":"Append","Parent Relationship":"Outer","Parallel Aware":false,"Async Capable":false,"Startup Cost":20.0,"Total Cost":131491.69,"Plan Rows":879323,"Plan Width":16,"Actual Startup Time":0.487,"Actual Total Time":207.923,"Actual Rows":856801,"Actual Loops":1,"Shared Hit Blocks":0,"Shared Read Blocks":0,"Shared Dirtied Blocks":0,"Shared Written Blocks":0,"Local Hit Blocks":0,"Local Read Blocks":0,"Local Dirtied Blocks":0,"Local Written Blocks":0,"Temp Read Blocks":0,"Temp Written Blocks":0,"I/O Read Time":0.0,"I/O Write Time":0.0,"Temp I/O Read Time":0.0,"Temp I/O Write Time":0.0,"Subplans Removed":0,"Plans":[{"Node Type":"Custom Scan","Parent Relationship":"Member","Custom Plan Provider":"columnar scan","Parallel Aware":false,"Async Capable":false,"Relation Name":"orders","Schema":"public","Alias":"orders","Startup Cost":20.0,"Total Cost":20684.21,"Plan Rows":879322,"Plan Width":16,"Actual Startup Time":0.486,"Actual Total Time":145.338,"Actual Rows":856801,"Actual Loops":1,"Output":["orders.o_c_id","orders.o_w_id","orders.o_d_id","orders.o_id"],"Filter":"((orders.o_entry_d < '1994-01-02 20:10:02.27764'::timestamp without time zone) AND (orders.o_entry_d >= '1993-01-02 20:10:02.27764'::timestamp without time zone))","Rows Removed by Filter":0,"Rows Removed by Columnar Filter":5143199,"Columnar cache search mode":"native","Shared Hit Blocks":0,"Shared Read Blocks":0,"Shared Dirtied Blocks":0,"Shared Written Blocks":0,"Local Hit Blocks":0,"Local Read Blocks":0,"Local Dirtied Blocks":0,"Local Written Blocks":0,"Temp Read Blocks":0,"Temp Written Blocks":0,"I/O Read Time":0.0,"I/O Write Time":0.0,"Temp I/O Read Time":0.0,"Temp I/O Write Time":0.0},{"Node Type":"Seq Scan","Parent Relationship":"Member","Parallel Aware":false,"Async Capable":false,"Relation Name":"orders","Schema":"public","Alias":"orders","Startup Cost":0.0,"Total Cost":4.01,"Plan Rows":1,"Plan Width":16,"Actual Startup Time":0.0,"Actual Total Time":0.0,"Actual Rows":0,"Actual Loops":0,"Output":["orders.o_c_id","orders.o_w_id","orders.o_d_id","orders.o_id"],"Filter":"((orders.o_entry_d < '1994-01-02 20:10:02.27764'::timestamp without time zone) AND (orders.o_entry_d >= '1993-01-02 20:10:02.27764'::timestamp without time zone))","Rows Removed by Filter":0,"Shared Hit Blocks":0,"Shared Read Blocks":0,"Shared Dirtied Blocks":0,"Shared Written Blocks":0,"Local Hit Blocks":0,"Local Read Blocks":0,"Local Dirtied Blocks":0,"Local Written Blocks":0,"Temp Read Blocks":0,"Temp Written Blocks":0,"I/O Read Time":0.0,"I/O Write Time":0.0,"Temp I/O Read Time":0.0,"Temp I/O Write Time":0.0}]}]}]},{"Node Type":"Hash","Parent Relationship":"Inner","Parallel Aware":false,"Async Capable":false,"Startup Cost":519991.4,"Total Cost":519991.4,"Plan Rows":6000140,"Plan Width":12,"Actual Startup Time":2808.27,"Actual Total Time":2808.271,"Actual Rows":6000000,"Actual Loops":1,"Output":["customer.c_id","customer.c_w_id","customer.c_d_id","customer.c_nationkey"],"Hash Buckets":262144,"Original Hash Buckets":262144,"Hash Batches":64,"Original Hash Batches":64,"Peak Memory Usage":6073,"Shared Hit Blocks":459990,"Shared Read Blocks":0,"Shared Dirtied Blocks":0,"Shared Written Blocks":0,"Local Hit Blocks":0,"Local Read Blocks":0,"Local Dirtied Blocks":0,"Local Written Blocks":0,"Temp Read Blocks":0,"Temp Written Blocks":23037,"I/O Read Time":0.0,"I/O Write Time":0.0,"Temp I/O Read Time":0.0,"Temp I/O Write Time":111.845,"Plans":[{"Node Type":"Seq Scan","Parent Relationship":"Outer","Parallel Aware":false,"Async Capable":false,"Relation Name":"customer","Schema":"public","Alias":"customer","Startup Cost":0.0,"Total Cost":519991.4,"Plan Rows":6000140,"Plan Width":12,"Actual Startup Time":0.011,"Actual Total Time":1787.924,"Actual Rows":6000000,"Actual Loops":1,"Output":["customer.c_id","customer.c_w_id","customer.c_d_id","customer.c_nationkey"],"Shared Hit Blocks":459990,"Shared Read Blocks":0,"Shared Dirtied Blocks":0,"Shared Written Blocks":0,"Local Hit Blocks":0,"Local Read Blocks":0,"Local Dirtied Blocks":0,"Local Written Blocks":0,"Temp Read Blocks":0,"Temp Written Blocks":0,"I/O Read Time":0.0,"I/O Write Time":0.0,"Temp I/O Read Time":0.0,"Temp I/O Write Time":0.0}]}]},{"Node Type":"Hash","Parent Relationship":"Inner","Parallel Aware":false,"Async Capable":false,"Startup Cost":2.99,"Total Cost":2.99,"Plan Rows":12,"Plan Width":12,"Actual Startup Time":0.04,"Actual Total Time":0.047,"Actual Rows":22,"Actual Loops":1,"Output":["nation.n_name","nation.n_nationkey"],"Hash Buckets":1024,"Original Hash Buckets":1024,"Hash Batches":1,"Original Hash Batches":1,"Peak Memory Usage":9,"Shared Hit Blocks":2,"Shared Read Blocks":0,"Shared Dirtied Blocks":0,"Shared Written Blocks":0,"Local Hit Blocks":0,"Local Read Blocks":0,"Local Dirtied Blocks":0,"Local Written Blocks":0,"Temp Read Blocks":0,"Temp Written Blocks":0,"I/O Read Time":0.0,"I/O Write Time":0.0,"Temp I/O Read Time":0.0,"Temp I/O Write Time":0.0,"Plans":[{"Node Type":"Hash Join","Parent Relationship":"Outer","Parallel Aware":false,"Async Capable":false,"Join Type":"Inner","Startup Cost":1.07,"Total Cost":2.99,"Plan Rows":12,"Plan Width":12,"Actual Startup Time":0.023,"Actual Total Time":0.041,"Actual Rows":22,"Actual Loops":1,"Output":["nation.n_name","nation.n_nationkey"],"Inner Unique":true,"Hash Cond":"(nation.n_regionkey = region.r_regionkey)","Shared Hit Blocks":2,"Shared Read Blocks":0,"Shared Dirtied Blocks":0,"Shared Written Blocks":0,"Local Hit Blocks":0,"Local Read Blocks":0,"Local Dirtied Blocks":0,"Local Written Blocks":0,"Temp Read Blocks":0,"Temp Written Blocks":0,"I/O Read Time":0.0,"I/O Write Time":0.0,"Temp I/O Read Time":0.0,"Temp I/O Write Time":0.0,"Plans":[{"Node Type":"Seq Scan","Parent Relationship":"Outer","Parallel Aware":false,"Async Capable":false,"Relation Name":"nation","Schema":"public","Alias":"nation","Startup Cost":0.0,"Total Cost":1.62,"Plan Rows":62,"Plan Width":16,"Actual Startup Time":0.005,"Actual Total Time":0.009,"Actual Rows":62,"Actual Loops":1,"Output":["nation.n_nationkey","nation.n_name","nation.n_regionkey","nation.n_comment"],"Shared Hit Blocks":1,"Shared Read Blocks":0,"Shared Dirtied Blocks":0,"Shared Written Blocks":0,"Local Hit Blocks":0,"Local Read Blocks":0,"Local Dirtied Blocks":0,"Local Written Blocks":0,"Temp Read Blocks":0,"Temp Written Blocks":0,"I/O Read Time":0.0,"I/O Write Time":0.0,"Temp I/O Read Time":0.0,"Temp I/O Write Time":0.0},{"Node Type":"Hash","Parent Relationship":"Inner","Parallel Aware":false,"Async Capable":false,"Startup Cost":1.06,"Total Cost":1.06,"Plan Rows":1,"Plan Width":4,"Actual Startup Time":0.008,"Actual Total Time":0.009,"Actual Rows":1,"Actual Loops":1,"Output":["region.r_regionkey"],"Hash Buckets":1024,"Original Hash Buckets":1024,"Hash Batches":1,"Original Hash Batches":1,"Peak Memory Usage":9,"Shared Hit Blocks":1,"Shared Read Blocks":0,"Shared Dirtied Blocks":0,"Shared Written Blocks":0,"Local Hit Blocks":0,"Local Read Blocks":0,"Local Dirtied Blocks":0,"Local Written Blocks":0,"Temp Read Blocks":0,"Temp Written Blocks":0,"I/O Read Time":0.0,"I/O Write Time":0.0,"Temp I/O Read Time":0.0,"Temp I/O Write Time":0.0,"Plans":[{"Node Type":"Seq Scan","Parent Relationship":"Outer","Parallel Aware":false,"Async Capable":false,"Relation Name":"region","Schema":"public","Alias":"region","Startup Cost":0.0,"Total Cost":1.06,"Plan Rows":1,"Plan Width":4,"Actual Startup Time":0.006,"Actual Total Time":0.006,"Actual Rows":1,"Actual Loops":1,"Output":["region.r_regionkey"],"Filter":"((region.r_name)::text = 'Europe'::text)","Rows Removed by Filter":4,"Shared Hit Blocks":1,"Shared Read Blocks":0,"Shared Dirtied Blocks":0,"Shared Written Blocks":0,"Local Hit Blocks":0,"Local Read Blocks":0,"Local Dirtied Blocks":0,"Local Written Blocks":0,"Temp Read Blocks":0,"Temp Written Blocks":0,"I/O Read Time":0.0,"I/O Write Time":0.0,"Temp I/O Read Time":0.0,"Temp I/O Write Time":0.0}]}]}]}]}]},{"Node Type":"Index Only Scan","Parent Relationship":"Inner","Parallel Aware":false,"Async Capable":false,"Scan Direction":"Forward","Index Name":"stock_pk","Relation Name":"stock","Schema":"public","Alias":"stock","Startup Cost":0.44,"Total Cost":519363.62,"Plan Rows":20000212,"Plan Width":6,"Actual Startup Time":0.049,"Actual Total Time":1396.165,"Actual Rows":19999994,"Actual Loops":1,"Output":["stock.s_w_id","stock.s_i_id"],"Heap Fetches":0,"Shared Hit Blocks":54673,"Shared Read Blocks":0,"Shared Dirtied Blocks":0,"Shared Written Blocks":0,"Local Hit Blocks":0,"Local Read Blocks":0,"Local Dirtied Blocks":0,"Local Written Blocks":0,"Temp Read Blocks":0,"Temp Written Blocks":0,"I/O Read Time":0.0,"I/O Write Time":0.0,"Temp I/O Read Time":0.0,"Temp I/O Write Time":0.0}]},{"Node Type":"Hash","Parent Relationship":"Inner","Parallel Aware":false,"Async Capable":false,"Startup Cost":317.0,"Total Cost":317.0,"Plan Rows":10000,"Plan Width":8,"Actual Startup Time":2.67,"Actual Total Time":2.67,"Actual Rows":10000,"Actual Loops":1,"Output":["supplier.su_suppkey","supplier.su_nationkey"],"Hash Buckets":16384,"Original Hash Buckets":16384,"Hash Batches":1,"Original Hash Batches":1,"Peak Memory Usage":519,"Shared Hit Blocks":217,"Shared Read Blocks":0,"Shared Dirtied Blocks":0,"Shared Written Blocks":0,"Local Hit Blocks":0,"Local Read Blocks":0,"Local Dirtied Blocks":0,"Local Written Blocks":0,"Temp Read Blocks":0,"Temp Written Blocks":0,"I/O Read Time":0.0,"I/O Write Time":0.0,"Temp I/O Read Time":0.0,"Temp I/O Write Time":0.0,"Plans":[{"Node Type":"Seq Scan","Parent Relationship":"Outer","Parallel Aware":false,"Async Capable":false,"Relation Name":"supplier","Schema":"public","Alias":"supplier","Startup Cost":0.0,"Total Cost":317.0,"Plan Rows":10000,"Plan Width":8,"Actual Startup Time":0.011,"Actual Total Time":1.381,"Actual Rows":10000,"Actual Loops":1,"Output":["supplier.su_suppkey","supplier.su_nationkey"],"Shared Hit Blocks":217,"Shared Read Blocks":0,"Shared Dirtied Blocks":0,"Shared Written Blocks":0,"Local Hit Blocks":0,"Local Read Blocks":0,"Local Dirtied Blocks":0,"Local Written Blocks":0,"Temp Read Blocks":0,"Temp Written Blocks":0,"I/O Read Time":0.0,"I/O Write Time":0.0,"Temp I/O Read Time":0.0,"Temp I/O Write Time":0.0}]}]}]}]}]},"Planning":{"Shared Hit Blocks":220,"Shared Read Blocks":0,"Shared Dirtied Blocks":0,"Shared Written Blocks":0,"Local Hit Blocks":0,"Local Read Blocks":0,"Local Dirtied Blocks":0,"Local Written Blocks":0,"Temp Read Blocks":0,"Temp Written Blocks":0,"I/O Read Time":0.0,"I/O Write Time":0.0,"Temp I/O Read Time":0.0,"Temp I/O Write Time":0.0},"Planning Time":4.958,"Triggers":[],"Execution Time":21145.576}]
[列存组合]: nation, order_line, region
[{"Plan":{"Node Type":"Sort","Parallel Aware":false,"Async Capable":false,"Startup Cost":4058303.84,"Total Cost":4058304.0,"Plan Rows":62,"Plan Width":40,"Actual Startup Time":21284.292,"Actual Total Time":21284.319,"Actual Rows":11,"Actual Loops":1,"Output":["nation.n_name","(sum(order_line.ol_amount))"],"Sort Key":["(sum(order_line.ol_amount)) DESC"],"Sort Method":"quicksort","Sort Space Used":25,"Sort Space Type":"Memory","Shared Hit Blocks":559004,"Shared Read Blocks":0,"Shared Dirtied Blocks":0,"Shared Written Blocks":0,"Local Hit Blocks":0,"Local Read Blocks":0,"Local Dirtied Blocks":0,"Local Written Blocks":0,"Temp Read Blocks":131755,"Temp Written Blocks":131809,"I/O Read Time":0.0,"I/O Write Time":0.0,"Temp I/O Read Time":203.467,"Temp I/O Write Time":552.137,"Plans":[{"Node Type":"Aggregate","Strategy":"Sorted","Partial Mode":"Simple","Parent Relationship":"Outer","Parallel Aware":false,"Async Capable":false,"Startup Cost":4058150.2,"Total Cost":4058302.0,"Plan Rows":62,"Plan Width":40,"Actual Startup Time":21278.45,"Actual Total Time":21284.301,"Actual Rows":11,"Actual Loops":1,"Output":["nation.n_name","sum(order_line.ol_amount)"],"Group Key":["nation.n_name"],"Shared Hit Blocks":559004,"Shared Read Blocks":0,"Shared Dirtied Blocks":0,"Shared Written Blocks":0,"Local Hit Blocks":0,"Local Read Blocks":0,"Local Dirtied Blocks":0,"Local Written Blocks":0,"Temp Read Blocks":131755,"Temp Written Blocks":131809,"I/O Read Time":0.0,"I/O Write Time":0.0,"Temp I/O Read Time":203.467,"Temp I/O Write Time":552.137,"Plans":[{"Node Type":"Sort","Parent Relationship":"Outer","Parallel Aware":false,"Async Capable":false,"Startup Cost":4058150.2,"Total Cost":4058200.54,"Plan Rows":20136,"Plan Width":12,"Actual Startup Time":21278.02,"Actual Total Time":21279.78,"Actual Rows":35044,"Actual Loops":1,"Output":["nation.n_name","order_line.ol_amount"],"Sort Key":["nation.n_name"],"Sort Method":"quicksort","Sort Space Used":3146,"Sort Space Type":"Memory","Shared Hit Blocks":559004,"Shared Read Blocks":0,"Shared Dirtied Blocks":0,"Shared Written Blocks":0,"Local Hit Blocks":0,"Local Read Blocks":0,"Local Dirtied Blocks":0,"Local Written Blocks":0,"Temp Read Blocks":131755,"Temp Written Blocks":131809,"I/O Read Time":0.0,"I/O Write Time":0.0,"Temp I/O Read Time":203.467,"Temp I/O Write Time":552.137,"Plans":[{"Node Type":"Hash Join","Parent Relationship":"Outer","Parallel Aware":false,"Async Capable":false,"Join Type":"Inner","Startup Cost":3408842.75,"Total Cost":4056710.73,"Plan Rows":20136,"Plan Width":12,"Actual Startup Time":17341.708,"Actual Total Time":21259.095,"Actual Rows":35044,"Actual Loops":1,"Output":["nation.n_name","order_line.ol_amount"],"Inner Unique":true,"Hash Cond":"((mod((stock.s_w_id * stock.s_i_id), 10000) = supplier.su_suppkey) AND (customer.c_nationkey = supplier.su_nationkey))","Shared Hit Blocks":559004,"Shared Read Blocks":0,"Shared Dirtied Blocks":0,"Shared Written Blocks":0,"Local Hit Blocks":0,"Local Read Blocks":0,"Local Dirtied Blocks":0,"Local Written Blocks":0,"Temp Read Blocks":131755,"Temp Written Blocks":131809,"I/O Read Time":0.0,"I/O Write Time":0.0,"Temp I/O Read Time":203.467,"Temp I/O Write Time":552.137,"Plans":[{"Node Type":"Merge Join","Parent Relationship":"Outer","Parallel Aware":false,"Async Capable":false,"Join Type":"Inner","Startup Cost":3408375.75,"Total Cost":4049408.76,"Plan Rows":1242717,"Plan Width":26,"Actual Startup Time":17338.628,"Actual Total Time":20977.237,"Actual Rows":2218175,"Actual Loops":1,"Output":["customer.c_nationkey","order_line.ol_amount","stock.s_w_id","stock.s_i_id","nation.n_name","nation.n_nationkey"],"Inner Unique":true,"Merge Cond":"((customer.c_w_id = stock.s_w_id) AND (order_line.ol_i_id = stock.s_i_id))","Shared Hit Blocks":558787,"Shared Read Blocks":0,"Shared Dirtied Blocks":0,"Shared Written Blocks":0,"Local Hit Blocks":0,"Local Read Blocks":0,"Local Dirtied Blocks":0,"Local Written Blocks":0,"Temp Read Blocks":131755,"Temp Written Blocks":131809,"I/O Read Time":0.0,"I/O Write Time":0.0,"Temp I/O Read Time":203.467,"Temp I/O Write Time":552.137,"Plans":[{"Node Type":"Sort","Parent Relationship":"Outer","Parallel Aware":false,"Async Capable":false,"Startup Cost":3408375.32,"Total Cost":3411455.85,"Plan Rows":1232214,"Plan Width":30,"Actual Startup Time":17338.562,"Actual Total Time":17934.105,"Actual Rows":2218175,"Actual Loops":1,"Output":["customer.c_w_id","customer.c_nationkey","orders.o_w_id","order_line.ol_amount","order_line.ol_w_id","order_line.ol_i_id","nation.n_name","nation.n_nationkey"],"Sort Key":["customer.c_w_id","order_line.ol_i_id"],"Sort Method":"external merge","Sort Space Used":94520,"Sort Space Type":"Disk","Shared Hit Blocks":504114,"Shared Read Blocks":0,"Shared Dirtied Blocks":0,"Shared Written Blocks":0,"Local Hit Blocks":0,"Local Read Blocks":0,"Local Dirtied Blocks":0,"Local Written Blocks":0,"Temp Read Blocks":131755,"Temp Written Blocks":131809,"I/O Read Time":0.0,"I/O Write Time":0.0,"Temp I/O Read Time":203.467,"Temp I/O Write Time":552.137,"Plans":[{"Node Type":"Hash Join","Parent Relationship":"Outer","Parallel Aware":false,"Async Capable":false,"Join Type":"Inner","Startup Cost":808118.65,"Total Cost":3224751.49,"Plan Rows":1232214,"Plan Width":30,"Actual Startup Time":3358.272,"Actual Total Time":14711.583,"Actual Rows":2218175,"Actual Loops":1,"Output":["customer.c_w_id","customer.c_nationkey","orders.o_w_id","order_line.ol_amount","order_line.ol_w_id","order_line.ol_i_id","nation.n_name","nation.n_nationkey"],"Inner Unique":false,"Hash Cond":"(customer.c_nationkey = nation.n_nationkey)","Shared Hit Blocks":504114,"Shared Read Blocks":0,"Shared Dirtied Blocks":0,"Shared Written Blocks":0,"Local Hit Blocks":0,"Local Read Blocks":0,"Local Dirtied Blocks":0,"Local Written Blocks":0,"Temp Read Blocks":108135,"Temp Written Blocks":108135,"I/O Read Time":0.0,"I/O Write Time":0.0,"Temp I/O Read Time":167.75,"Temp I/O Write Time":489.613,"Plans":[{"Node Type":"Hash Join","Parent Relationship":"Outer","Parallel Aware":false,"Async Capable":false,"Join Type":"Inner","Startup Cost":808115.51,"Total Cost":3189719.68,"Plan Rows":6161071,"Plan Width":18,"Actual Startup Time":3351.64,"Actual Total Time":13876.23,"Actual Rows":8568663,"Actual Loops":1,"Output":["customer.c_w_id","customer.c_nationkey","orders.o_w_id","order_line.ol_amount","order_line.ol_w_id","order_line.ol_i_id"],"Inner Unique":true,"Hash Cond":"((orders.o_c_id = customer.c_id) AND (orders.o_w_id = customer.c_w_id) AND (orders.o_d_id = customer.c_d_id))","Shared Hit Blocks":504112,"Shared Read Blocks":0,"Shared Dirtied Blocks":0,"Shared Written Blocks":0,"Local Hit Blocks":0,"Local Read Blocks":0,"Local Dirtied Blocks":0,"Local Written Blocks":0,"Temp Read Blocks":108135,"Temp Written Blocks":108135,"I/O Read Time":0.0,"I/O Write Time":0.0,"Temp I/O Read Time":167.75,"Temp I/O Write Time":489.613,"Plans":[{"Node Type":"Hash Join","Parent Relationship":"Outer","Parallel Aware":false,"Async Capable":false,"Join Type":"Inner","Startup Cost":153823.65,"Total Cost":2385409.38,"Plan Rows":6161071,"Plan Width":20,"Actual Startup Time":640.979,"Actual Total Time":6867.367,"Actual Rows":8568663,"Actual Loops":1,"Output":["orders.o_c_id","orders.o_w_id","orders.o_d_id","order_line.ol_amount","order_line.ol_w_id","order_line.ol_d_id","order_line.ol_i_id"],"Inner Unique":true,"Hash Cond":"((order_line.ol_w_id = orders.o_w_id) AND (order_line.ol_d_id = orders.o_d_id) AND (order_line.ol_o_id = orders.o_id))","Shared Hit Blocks":44122,"Shared Read Blocks":0,"Shared Dirtied Blocks":0,"Shared Written Blocks":0,"Local Hit Blocks":0,"Local Read Blocks":0,"Local Dirtied Blocks":0,"Local Written Blocks":0,"Temp Read Blocks":43816,"Temp Written Blocks":43816,"I/O Read Time":0.0,"I/O Write Time":0.0,"Temp I/O Read Time":68.11,"Temp I/O Write Time":188.428,"Plans":[{"Node Type":"Append","Parent Relationship":"Outer","Parallel Aware":false,"Async Capable":false,"Startup Cost":20.0,"Total Cost":1403598.82,"Plan Rows":42039468,"Plan Width":20,"Actual Startup Time":1.427,"Actual Total Time":2566.504,"Actual Rows":8620885,"Actual Loops":1,"Shared Hit Blocks":0,"Shared Read Blocks":0,"Shared Dirtied Blocks":0,"Shared Written Blocks":0,"Local Hit Blocks":0,"Local Read Blocks":0,"Local Dirtied Blocks":0,"Local Written Blocks":0,"Temp Read Blocks":0,"Temp Written Blocks":0,"I/O Read Time":0.0,"I/O Write Time":0.0,"Temp I/O Read Time":0.0,"Temp I/O Write Time":0.0,"Subplans Removed":0,"Plans":[{"Node Type":"Custom Scan","Parent Relationship":"Member","Custom Plan Provider":"columnar scan","Parallel Aware":false,"Async Capable":false,"Relation Name":"order_line","Schema":"public","Alias":"order_line","Startup Cost":20.0,"Total Cost":1072026.23,"Plan Rows":42039424,"Plan Width":20,"Actual Startup Time":1.425,"Actual Total Time":1966.832,"Actual Rows":8620885,"Actual Loops":1,"Output":["order_line.ol_amount","order_line.ol_o_id","order_line.ol_w_id","order_line.ol_d_id","order_line.ol_i_id"],"Filter":"(order_line.ol_delivery_d >= '1992-01-02 20:10:02.27764'::timestamp without time zone)","Rows Removed by Filter":0,"Rows Removed by Columnar Filter":51372876,"Rows Filtered by Bloom Filter":0,"Dictionary Rows Filtered by Bloom Filter":51372876,"Columnar cache search mode":"native","Shared Hit Blocks":0,"Shared Read Blocks":0,"Shared Dirtied Blocks":0,"Shared Written Blocks":0,"Local Hit Blocks":0,"Local Read Blocks":0,"Local Dirtied Blocks":0,"Local Written Blocks":0,"Temp Read Blocks":0,"Temp Written Blocks":0,"I/O Read Time":0.0,"I/O Write Time":0.0,"Temp I/O Read Time":0.0,"Temp I/O Write Time":0.0},{"Node Type":"Seq Scan","Parent Relationship":"Member","Parallel Aware":false,"Async Capable":false,"Relation Name":"order_line","Schema":"public","Alias":"order_line","Startup Cost":0.0,"Total Cost":4.79,"Plan Rows":44,"Plan Width":20,"Actual Startup Time":0.0,"Actual Total Time":0.0,"Actual Rows":0,"Actual Loops":0,"Output":["order_line.ol_amount","order_line.ol_o_id","order_line.ol_w_id","order_line.ol_d_id","order_line.ol_i_id"],"Filter":"(order_line.ol_delivery_d >= '1992-01-02 20:10:02.27764'::timestamp without time zone)","Rows Removed by Filter":0,"Shared Hit Blocks":0,"Shared Read Blocks":0,"Shared Dirtied Blocks":0,"Shared Written Blocks":0,"Local Hit Blocks":0,"Local Read Blocks":0,"Local Dirtied Blocks":0,"Local Written Blocks":0,"Temp Read Blocks":0,"Temp Written Blocks":0,"I/O Read Time":0.0,"I/O Write Time":0.0,"Temp I/O Read Time":0.0,"Temp I/O Write Time":0.0}]},{"Node Type":"Hash","Parent Relationship":"Inner","Parallel Aware":false,"Async Capable":false,"Startup Cost":134121.52,"Total Cost":134121.52,"Plan Rows":879322,"Plan Width":16,"Actual Startup Time":638.289,"Actual Total Time":638.292,"Actual Rows":856801,"Actual Loops":1,"Output":["orders.o_c_id","orders.o_w_id","orders.o_d_id","orders.o_id"],"Hash Buckets":262144,"Original Hash Buckets":262144,"Hash Batches":8,"Original Hash Batches":8,"Peak Memory Usage":7070,"Shared Hit Blocks":44122,"Shared Read Blocks":0,"Shared Dirtied Blocks":0,"Shared Written Blocks":0,"Local Hit Blocks":0,"Local Read Blocks":0,"Local Dirtied Blocks":0,"Local Written Blocks":0,"Temp Read Blocks":0,"Temp Written Blocks":3290,"I/O Read Time":0.0,"I/O Write Time":0.0,"Temp I/O Read Time":0.0,"Temp I/O Write Time":15.056,"Plans":[{"Node Type":"Seq Scan","Parent Relationship":"Outer","Parallel Aware":false,"Async Capable":false,"Relation Name":"orders","Schema":"public","Alias":"orders","Startup Cost":0.0,"Total Cost":134121.52,"Plan Rows":879322,"Plan Width":16,"Actual Startup Time":0.6,"Actual Total Time":440.979,"Actual Rows":856801,"Actual Loops":1,"Output":["orders.o_c_id","orders.o_w_id","orders.o_d_id","orders.o_id"],"Filter":"((orders.o_entry_d >= '1993-01-02 20:10:02.27764'::timestamp without time zone) AND (orders.o_entry_d < '1994-01-02 20:10:02.27764'::timestamp without time zone))","Rows Removed by Filter":5143199,"Shared Hit Blocks":44122,"Shared Read Blocks":0,"Shared Dirtied Blocks":0,"Shared Written Blocks":0,"Local Hit Blocks":0,"Local Read Blocks":0,"Local Dirtied Blocks":0,"Local Written Blocks":0,"Temp Read Blocks":0,"Temp Written Blocks":0,"I/O Read Time":0.0,"I/O Write Time":0.0,"Temp I/O Read Time":0.0,"Temp I/O Write Time":0.0}]}]},{"Node Type":"Hash","Parent Relationship":"Inner","Parallel Aware":false,"Async Capable":false,"Startup Cost":519991.4,"Total Cost":519991.4,"Plan Rows":6000140,"Plan Width":12,"Actual Startup Time":2704.548,"Actual Total Time":2704.55,"Actual Rows":6000000,"Actual Loops":1,"Output":["customer.c_id","customer.c_w_id","customer.c_d_id","customer.c_nationkey"],"Hash Buckets":262144,"Original Hash Buckets":262144,"Hash Batches":64,"Original Hash Batches":64,"Peak Memory Usage":6073,"Shared Hit Blocks":459990,"Shared Read Blocks":0,"Shared Dirtied Blocks":0,"Shared Written Blocks":0,"Local Hit Blocks":0,"Local Read Blocks":0,"Local Dirtied Blocks":0,"Local Written Blocks":0,"Temp Read Blocks":0,"Temp Written Blocks":23037,"I/O Read Time":0.0,"I/O Write Time":0.0,"Temp I/O Read Time":0.0,"Temp I/O Write Time":111.902,"Plans":[{"Node Type":"Seq Scan","Parent Relationship":"Outer","Parallel Aware":false,"Async Capable":false,"Relation Name":"customer","Schema":"public","Alias":"customer","Startup Cost":0.0,"Total Cost":519991.4,"Plan Rows":6000140,"Plan Width":12,"Actual Startup Time":0.012,"Actual Total Time":1710.096,"Actual Rows":6000000,"Actual Loops":1,"Output":["customer.c_id","customer.c_w_id","customer.c_d_id","customer.c_nationkey"],"Shared Hit Blocks":459990,"Shared Read Blocks":0,"Shared Dirtied Blocks":0,"Shared Written Blocks":0,"Local Hit Blocks":0,"Local Read Blocks":0,"Local Dirtied Blocks":0,"Local Written Blocks":0,"Temp Read Blocks":0,"Temp Written Blocks":0,"I/O Read Time":0.0,"I/O Write Time":0.0,"Temp I/O Read Time":0.0,"Temp I/O Write Time":0.0}]}]},{"Node Type":"Hash","Parent Relationship":"Inner","Parallel Aware":false,"Async Capable":false,"Startup Cost":2.99,"Total Cost":2.99,"Plan Rows":12,"Plan Width":12,"Actual Startup Time":0.04,"Actual Total Time":0.045,"Actual Rows":22,"Actual Loops":1,"Output":["nation.n_name","nation.n_nationkey"],"Hash Buckets":1024,"Original Hash Buckets":1024,"Hash Batches":1,"Original Hash Batches":1,"Peak Memory Usage":9,"Shared Hit Blocks":2,"Shared Read Blocks":0,"Shared Dirtied Blocks":0,"Shared Written Blocks":0,"Local Hit Blocks":0,"Local Read Blocks":0,"Local Dirtied Blocks":0,"Local Written Blocks":0,"Temp Read Blocks":0,"Temp Written Blocks":0,"I/O Read Time":0.0,"I/O Write Time":0.0,"Temp I/O Read Time":0.0,"Temp I/O Write Time":0.0,"Plans":[{"Node Type":"Hash Join","Parent Relationship":"Outer","Parallel Aware":false,"Async Capable":false,"Join Type":"Inner","Startup Cost":1.07,"Total Cost":2.99,"Plan Rows":12,"Plan Width":12,"Actual Startup Time":0.024,"Actual Total Time":0.039,"Actual Rows":22,"Actual Loops":1,"Output":["nation.n_name","nation.n_nationkey"],"Inner Unique":true,"Hash Cond":"(nation.n_regionkey = region.r_regionkey)","Shared Hit Blocks":2,"Shared Read Blocks":0,"Shared Dirtied Blocks":0,"Shared Written Blocks":0,"Local Hit Blocks":0,"Local Read Blocks":0,"Local Dirtied Blocks":0,"Local Written Blocks":0,"Temp Read Blocks":0,"Temp Written Blocks":0,"I/O Read Time":0.0,"I/O Write Time":0.0,"Temp I/O Read Time":0.0,"Temp I/O Write Time":0.0,"Plans":[{"Node Type":"Seq Scan","Parent Relationship":"Outer","Parallel Aware":false,"Async Capable":false,"Relation Name":"nation","Schema":"public","Alias":"nation","Startup Cost":0.0,"Total Cost":1.62,"Plan Rows":62,"Plan Width":16,"Actual Startup Time":0.005,"Actual Total Time":0.009,"Actual Rows":62,"Actual Loops":1,"Output":["nation.n_nationkey","nation.n_name","nation.n_regionkey","nation.n_comment"],"Shared Hit Blocks":1,"Shared Read Blocks":0,"Shared Dirtied Blocks":0,"Shared Written Blocks":0,"Local Hit Blocks":0,"Local Read Blocks":0,"Local Dirtied Blocks":0,"Local Written Blocks":0,"Temp Read Blocks":0,"Temp Written Blocks":0,"I/O Read Time":0.0,"I/O Write Time":0.0,"Temp I/O Read Time":0.0,"Temp I/O Write Time":0.0},{"Node Type":"Hash","Parent Relationship":"Inner","Parallel Aware":false,"Async Capable":false,"Startup Cost":1.06,"Total Cost":1.06,"Plan Rows":1,"Plan Width":4,"Actual Startup Time":0.008,"Actual Total Time":0.009,"Actual Rows":1,"Actual Loops":1,"Output":["region.r_regionkey"],"Hash Buckets":1024,"Original Hash Buckets":1024,"Hash Batches":1,"Original Hash Batches":1,"Peak Memory Usage":9,"Shared Hit Blocks":1,"Shared Read Blocks":0,"Shared Dirtied Blocks":0,"Shared Written Blocks":0,"Local Hit Blocks":0,"Local Read Blocks":0,"Local Dirtied Blocks":0,"Local Written Blocks":0,"Temp Read Blocks":0,"Temp Written Blocks":0,"I/O Read Time":0.0,"I/O Write Time":0.0,"Temp I/O Read Time":0.0,"Temp I/O Write Time":0.0,"Plans":[{"Node Type":"Seq Scan","Parent Relationship":"Outer","Parallel Aware":false,"Async Capable":false,"Relation Name":"region","Schema":"public","Alias":"region","Startup Cost":0.0,"Total Cost":1.06,"Plan Rows":1,"Plan Width":4,"Actual Startup Time":0.006,"Actual Total Time":0.007,"Actual Rows":1,"Actual Loops":1,"Output":["region.r_regionkey"],"Filter":"((region.r_name)::text = 'Europe'::text)","Rows Removed by Filter":4,"Shared Hit Blocks":1,"Shared Read Blocks":0,"Shared Dirtied Blocks":0,"Shared Written Blocks":0,"Local Hit Blocks":0,"Local Read Blocks":0,"Local Dirtied Blocks":0,"Local Written Blocks":0,"Temp Read Blocks":0,"Temp Written Blocks":0,"I/O Read Time":0.0,"I/O Write Time":0.0,"Temp I/O Read Time":0.0,"Temp I/O Write Time":0.0}]}]}]}]}]},{"Node Type":"Index Only Scan","Parent Relationship":"Inner","Parallel Aware":false,"Async Capable":false,"Scan Direction":"Forward","Index Name":"stock_pk","Relation Name":"stock","Schema":"public","Alias":"stock","Startup Cost":0.44,"Total Cost":519363.62,"Plan Rows":20000212,"Plan Width":6,"Actual Startup Time":0.052,"Actual Total Time":1401.296,"Actual Rows":19999994,"Actual Loops":1,"Output":["stock.s_w_id","stock.s_i_id"],"Heap Fetches":0,"Shared Hit Blocks":54673,"Shared Read Blocks":0,"Shared Dirtied Blocks":0,"Shared Written Blocks":0,"Local Hit Blocks":0,"Local Read Blocks":0,"Local Dirtied Blocks":0,"Local Written Blocks":0,"Temp Read Blocks":0,"Temp Written Blocks":0,"I/O Read Time":0.0,"I/O Write Time":0.0,"Temp I/O Read Time":0.0,"Temp I/O Write Time":0.0}]},{"Node Type":"Hash","Parent Relationship":"Inner","Parallel Aware":false,"Async Capable":false,"Startup Cost":317.0,"Total Cost":317.0,"Plan Rows":10000,"Plan Width":8,"Actual Startup Time":2.643,"Actual Total Time":2.644,"Actual Rows":10000,"Actual Loops":1,"Output":["supplier.su_suppkey","supplier.su_nationkey"],"Hash Buckets":16384,"Original Hash Buckets":16384,"Hash Batches":1,"Original Hash Batches":1,"Peak Memory Usage":519,"Shared Hit Blocks":217,"Shared Read Blocks":0,"Shared Dirtied Blocks":0,"Shared Written Blocks":0,"Local Hit Blocks":0,"Local Read Blocks":0,"Local Dirtied Blocks":0,"Local Written Blocks":0,"Temp Read Blocks":0,"Temp Written Blocks":0,"I/O Read Time":0.0,"I/O Write Time":0.0,"Temp I/O Read Time":0.0,"Temp I/O Write Time":0.0,"Plans":[{"Node Type":"Seq Scan","Parent Relationship":"Outer","Parallel Aware":false,"Async Capable":false,"Relation Name":"supplier","Schema":"public","Alias":"supplier","Startup Cost":0.0,"Total Cost":317.0,"Plan Rows":10000,"Plan Width":8,"Actual Startup Time":0.011,"Actual Total Time":1.295,"Actual Rows":10000,"Actual Loops":1,"Output":["supplier.su_suppkey","supplier.su_nationkey"],"Shared Hit Blocks":217,"Shared Read Blocks":0,"Shared Dirtied Blocks":0,"Shared Written Blocks":0,"Local Hit Blocks":0,"Local Read Blocks":0,"Local Dirtied Blocks":0,"Local Written Blocks":0,"Temp Read Blocks":0,"Temp Written Blocks":0,"I/O Read Time":0.0,"I/O Write Time":0.0,"Temp I/O Read Time":0.0,"Temp I/O Write Time":0.0}]}]}]}]}]},"Planning":{"Shared Hit Blocks":220,"Shared Read Blocks":0,"Shared Dirtied Blocks":0,"Shared Written Blocks":0,"Local Hit Blocks":0,"Local Read Blocks":0,"Local Dirtied Blocks":0,"Local Written Blocks":0,"Temp Read Blocks":0,"Temp Written Blocks":0,"I/O Read Time":0.0,"I/O Write Time":0.0,"Temp I/O Read Time":0.0,"Temp I/O Write Time":0.0},"Planning Time":5.043,"Triggers":[],"Execution Time":21300.098}]
[列存组合]: nation, order_line, stock
[{"Plan":{"Node Type":"Sort","Parallel Aware":false,"Async Capable":false,"Startup Cost":2401720.42,"Total Cost":2401720.58,"Plan Rows":62,"Plan Width":40,"Actual Startup Time":11389.017,"Actual Total Time":11389.053,"Actual Rows":11,"Actual Loops":1,"Output":["nation.n_name","(sum(order_line.ol_amount))"],"Sort Key":["(sum(order_line.ol_amount)) DESC"],"Sort Method":"quicksort","Sort Space Used":25,"Sort Space Type":"Memory","Shared Hit Blocks":504331,"Shared Read Blocks":0,"Shared Dirtied Blocks":0,"Shared Written Blocks":0,"Local Hit Blocks":0,"Local Read Blocks":0,"Local Dirtied Blocks":0,"Local Written Blocks":0,"Temp Read Blocks":67001,"Temp Written Blocks":67001,"I/O Read Time":0.0,"I/O Write Time":0.0,"Temp I/O Read Time":103.529,"Temp I/O Write Time":318.091,"Plans":[{"Node Type":"Aggregate","Strategy":"Sorted","Partial Mode":"Simple","Parent Relationship":"Outer","Parallel Aware":false,"Async Capable":false,"Startup Cost":2401566.78,"Total Cost":2401718.58,"Plan Rows":62,"Plan Width":40,"Actual Startup Time":11382.445,"Actual Total Time":11389.033,"Actual Rows":11,"Actual Loops":1,"Output":["nation.n_name","sum(order_line.ol_amount)"],"Group Key":["nation.n_name"],"Shared Hit Blocks":504331,"Shared Read Blocks":0,"Shared Dirtied Blocks":0,"Shared Written Blocks":0,"Local Hit Blocks":0,"Local Read Blocks":0,"Local Dirtied Blocks":0,"Local Written Blocks":0,"Temp Read Blocks":67001,"Temp Written Blocks":67001,"I/O Read Time":0.0,"I/O Write Time":0.0,"Temp I/O Read Time":103.529,"Temp I/O Write Time":318.091,"Plans":[{"Node Type":"Sort","Parent Relationship":"Outer","Parallel Aware":false,"Async Capable":false,"Startup Cost":2401566.78,"Total Cost":2401617.12,"Plan Rows":20136,"Plan Width":12,"Actual Startup Time":11382.011,"Actual Total Time":11383.825,"Actual Rows":35044,"Actual Loops":1,"Output":["nation.n_name","order_line.ol_amount"],"Sort Key":["nation.n_name"],"Sort Method":"quicksort","Sort Space Used":3146,"Sort Space Type":"Memory","Shared Hit Blocks":504331,"Shared Read Blocks":0,"Shared Dirtied Blocks":0,"Shared Written Blocks":0,"Local Hit Blocks":0,"Local Read Blocks":0,"Local Dirtied Blocks":0,"Local Written Blocks":0,"Temp Read Blocks":67001,"Temp Written Blocks":67001,"I/O Read Time":0.0,"I/O Write Time":0.0,"Temp I/O Read Time":103.529,"Temp I/O Write Time":318.091,"Plans":[{"Node Type":"Hash Join","Parent Relationship":"Outer","Parallel Aware":false,"Async Capable":false,"Join Type":"Inner","Startup Cost":882118.44,"Total Cost":2400127.31,"Plan Rows":20136,"Plan Width":12,"Actual Startup Time":4715.06,"Actual Total Time":11365.392,"Actual Rows":35044,"Actual Loops":1,"Output":["nation.n_name","order_line.ol_amount"],"Hash Cond":"((orders.o_c_id = customer.c_id) AND (orders.o_w_id = customer.c_w_id) AND (orders.o_d_id = customer.c_d_id) AND (supplier.su_nationkey = customer.c_nationkey))","Shared Hit Blocks":504331,"Shared Read Blocks":0,"Shared Dirtied Blocks":0,"Shared Written Blocks":0,"Local Hit Blocks":0,"Local Read Blocks":0,"Local Dirtied Blocks":0,"Local Written Blocks":0,"Temp Read Blocks":67001,"Temp Written Blocks":67001,"I/O Read Time":0.0,"I/O Write Time":0.0,"Temp I/O Read Time":103.529,"Temp I/O Write Time":318.091,"Plans":[{"Node Type":"Hash Join","Parent Relationship":"Outer","Parallel Aware":false,"Async Capable":false,"Join Type":"Inner","Startup Cost":212826.24,"Total Cost":1669084.88,"Plan Rows":1242117,"Plan Width":34,"Actual Startup Time":1788.574,"Actual Total Time":6972.523,"Actual Rows":2982388,"Actual Loops":1,"Output":["orders.o_c_id","orders.o_w_id","orders.o_d_id","order_line.ol_amount","order_line.ol_w_id","order_line.ol_d_id","stock.s_w_id","supplier.su_nationkey","nation.n_name","nation.n_nationkey"],"Hash Cond":"((order_line.ol_w_id = orders.o_w_id) AND (order_line.ol_d_id = orders.o_d_id) AND (order_line.ol_o_id = orders.o_id))","Shared Hit Blocks":44341,"Shared Read Blocks":0,"Shared Dirtied Blocks":0,"Shared Written Blocks":0,"Local Hit Blocks":0,"Local Read Blocks":0,"Local Dirtied Blocks":0,"Local Written Blocks":0,"Temp Read Blocks":23127,"Temp Written Blocks":23127,"I/O Read Time":0.0,"I/O Write Time":0.0,"Temp I/O Read Time":35.856,"Temp I/O Write Time":107.547,"Plans":[{"Node Type":"Hash Join","Parent Relationship":"Outer","Parallel Aware":false,"Async Capable":false,"Join Type":"Inner","Startup Cost":59022.58,"Total Cost":1311993.18,"Plan Rows":8467814,"Plan Width":34,"Actual Startup Time":1147.064,"Actual Total Time":4753.11,"Actual Rows":3000322,"Actual Loops":1,"Output":["order_line.ol_amount","order_line.ol_o_id","order_line.ol_w_id","order_line.ol_d_id","stock.s_w_id","supplier.su_nationkey","nation.n_name","nation.n_nationkey"],"Hash Cond":"(mod((stock.s_w_id * stock.s_i_id), 10000) = supplier.su_suppkey)","Shared Hit Blocks":219,"Shared Read Blocks":0,"Shared Dirtied Blocks":0,"Shared Written Blocks":0,"Local Hit Blocks":0,"Local Read Blocks":0,"Local Dirtied Blocks":0,"Local Written Blocks":0,"Temp Read Blocks":0,"Temp Written Blocks":0,"I/O Read Time":0.0,"I/O Write Time":0.0,"Temp I/O Read Time":0.0,"Temp I/O Write Time":0.0,"Plans":[{"Node Type":"Hash Join","Parent Relationship":"Outer","Parallel Aware":false,"Async Capable":false,"Join Type":"Inner","Startup Cost":58620.59,"Total Cost":962293.85,"Plan Rows":42339072,"Plan Width":22,"Actual Startup Time":1144.114,"Actual Total Time":3343.867,"Actual Rows":8620885,"Actual Loops":1,"Output":["order_line.ol_amount","order_line.ol_o_id","order_line.ol_w_id","order_line.ol_d_id","stock.s_w_id","stock.s_i_id"],"Hash Cond":"((order_line.ol_w_id = stock.s_w_id) AND (order_line.ol_i_id = stock.s_i_id))","Rows Removed by Bloom Filter":0,"Shared Hit Blocks":0,"Shared Read Blocks":0,"Shared Dirtied Blocks":0,"Shared Written Blocks":0,"Local Hit Blocks":0,"Local Read Blocks":0,"Local Dirtied Blocks":0,"Local Written Blocks":0,"Temp Read Blocks":0,"Temp Written Blocks":0,"I/O Read Time":0.0,"I/O Write Time":0.0,"Temp I/O Read Time":0.0,"Temp I/O Write Time":0.0,"Plans":[{"Node Type":"Append","Parent Relationship":"Outer","Parallel Aware":false,"Async Capable":false,"Startup Cost":20.0,"Total Cost":1072031.01,"Plan Rows":42039468,"Plan Width":20,"Actual Startup Time":247.063,"Actual Total Time":247.081,"Actual Rows":8620885,"Actual Loops":1,"Shared Hit Blocks":0,"Shared Read Blocks":0,"Shared Dirtied Blocks":0,"Shared Written Blocks":0,"Local Hit Blocks":0,"Local Read Blocks":0,"Local Dirtied Blocks":0,"Local Written Blocks":0,"Temp Read Blocks":0,"Temp Written Blocks":0,"I/O Read Time":0.0,"I/O Write Time":0.0,"Temp I/O Read Time":0.0,"Temp I/O Write Time":0.0,"Subplans Removed":0,"Plans":[{"Node Type":"Custom Scan","Parent Relationship":"Member","Custom Plan Provider":"columnar scan","Parallel Aware":false,"Async Capable":false,"Relation Name":"order_line","Schema":"public","Alias":"order_line","Startup Cost":20.0,"Total Cost":1072026.23,"Plan Rows":42039424,"Plan Width":20,"Actual Startup Time":247.06,"Actual Total Time":247.062,"Actual Rows":8620885,"Actual Loops":1,"Output":["order_line.ol_amount","order_line.ol_o_id","order_line.ol_w_id","order_line.ol_d_id","order_line.ol_i_id"],"Filter":"(order_line.ol_delivery_d >= '1992-01-02 20:10:02.27764'::timestamp without time zone)","Rows Removed by Filter":0,"Rows Removed by Columnar Filter":51372876,"Rows Filtered by Bloom Filter":0,"Dictionary Rows Filtered by Bloom Filter":51372876,"Columnar cache search mode":"native","Shared Hit Blocks":0,"Shared Read Blocks":0,"Shared Dirtied Blocks":0,"Shared Written Blocks":0,"Local Hit Blocks":0,"Local Read Blocks":0,"Local Dirtied Blocks":0,"Local Written Blocks":0,"Temp Read Blocks":0,"Temp Written Blocks":0,"I/O Read Time":0.0,"I/O Write Time":0.0,"Temp I/O Read Time":0.0,"Temp I/O Write Time":0.0},{"Node Type":"Seq Scan","Parent Relationship":"Member","Parallel Aware":false,"Async Capable":false,"Relation Name":"order_line","Schema":"public","Alias":"order_line","Startup Cost":0.0,"Total Cost":4.79,"Plan Rows":44,"Plan Width":20,"Actual Startup Time":0.0,"Actual Total Time":0.0,"Actual Rows":0,"Actual Loops":0,"Output":["order_line.ol_amount","order_line.ol_o_id","order_line.ol_w_id","order_line.ol_d_id","order_line.ol_i_id"],"Filter":"(order_line.ol_delivery_d >= '1992-01-02 20:10:02.27764'::timestamp without time zone)","Rows Removed by Filter":0,"Shared Hit Blocks":0,"Shared Read Blocks":0,"Shared Dirtied Blocks":0,"Shared Written Blocks":0,"Local Hit Blocks":0,"Local Read Blocks":0,"Local Dirtied Blocks":0,"Local Written Blocks":0,"Temp Read Blocks":0,"Temp Written Blocks":0,"I/O Read Time":0.0,"I/O Write Time":0.0,"Temp I/O Read Time":0.0,"Temp I/O Write Time":0.0}]},{"Node Type":"Hash","Parent Relationship":"Inner","Parallel Aware":false,"Async Capable":false,"Startup Cost":390026.22,"Total Cost":390026.22,"Plan Rows":20000212,"Plan Width":6,"Actual Rows":20000000,"Actual Loops":1,"Output":["stock.s_w_id","stock.s_i_id"],"Shared Hit Blocks":0,"Shared Read Blocks":0,"Shared Dirtied Blocks":0,"Shared Written Blocks":0,"Local Hit Blocks":0,"Local Read Blocks":0,"Local Dirtied Blocks":0,"Local Written Blocks":0,"Temp Read Blocks":0,"Temp Written Blocks":0,"I/O Read Time":0.0,"I/O Write Time":0.0,"Temp I/O Read Time":0.0,"Temp I/O Write Time":0.0,"Plans":[{"Node Type":"Append","Parent Relationship":"Outer","Parallel Aware":false,"Async Capable":false,"Startup Cost":20.0,"Total Cost":390026.22,"Plan Rows":20000212,"Plan Width":6,"Actual Startup Time":0.474,"Actual Total Time":0.475,"Actual Rows":20000000,"Actual Loops":1,"Shared Hit Blocks":0,"Shared Read Blocks":0,"Shared Dirtied Blocks":0,"Shared Written Blocks":0,"Local Hit Blocks":0,"Local Read Blocks":0,"Local Dirtied Blocks":0,"Local Written Blocks":0,"Temp Read Blocks":0,"Temp Written Blocks":0,"I/O Read Time":0.0,"I/O Write Time":0.0,"Temp I/O Read Time":0.0,"Temp I/O Write Time":0.0,"Subplans Removed":0,"Plans":[{"Node Type":"Custom Scan","Parent Relationship":"Member","Custom Plan Provider":"columnar scan","Parallel Aware":false,"Async Capable":false,"Relation Name":"stock","Schema":"public","Alias":"stock","Startup Cost":20.0,"Total Cost":390020.1,"Plan Rows":20000000,"Plan Width":6,"Actual Startup Time":0.472,"Actual Total Time":0.472,"Actual Rows":20000000,"Actual Loops":1,"Output":["stock.s_w_id","stock.s_i_id"],"Rows Removed by Columnar Filter":0,"Columnar cache search mode":"native","Shared Hit Blocks":0,"Shared Read Blocks":0,"Shared Dirtied Blocks":0,"Shared Written Blocks":0,"Local Hit Blocks":0,"Local Read Blocks":0,"Local Dirtied Blocks":0,"Local Written Blocks":0,"Temp Read Blocks":0,"Temp Written Blocks":0,"I/O Read Time":0.0,"I/O Write Time":0.0,"Temp I/O Read Time":0.0,"Temp I/O Write Time":0.0},{"Node Type":"Seq Scan","Parent Relationship":"Member","Parallel Aware":false,"Async Capable":false,"Relation Name":"stock","Schema":"public","Alias":"stock","Startup Cost":0.0,"Total Cost":6.12,"Plan Rows":212,"Plan Width":6,"Actual Startup Time":0.0,"Actual Total Time":0.0,"Actual Rows":0,"Actual Loops":0,"Output":["stock.s_w_id","stock.s_i_id"],"Shared Hit Blocks":0,"Shared Read Blocks":0,"Shared Dirtied Blocks":0,"Shared Written Blocks":0,"Local Hit Blocks":0,"Local Read Blocks":0,"Local Dirtied Blocks":0,"Local Written Blocks":0,"Temp Read Blocks":0,"Temp Written Blocks":0,"I/O Read Time":0.0,"I/O Write Time":0.0,"Temp I/O Read Time":0.0,"Temp I/O Write Time":0.0}]}]}]},{"Node Type":"Hash","Parent Relationship":"Inner","Parallel Aware":false,"Async Capable":false,"Startup Cost":376.99,"Total Cost":376.99,"Plan Rows":2000,"Plan Width":20,"Actual Startup Time":2.888,"Actual Total Time":2.897,"Actual Rows":3506,"Actual Loops":1,"Output":["supplier.su_suppkey","supplier.su_nationkey","nation.n_name","nation.n_nationkey"],"Hash Buckets":4096,"Original Hash Buckets":2048,"Hash Batches":1,"Original Hash Batches":1,"Peak Memory Usage":217,"Shared Hit Blocks":219,"Shared Read Blocks":0,"Shared Dirtied Blocks":0,"Shared Written Blocks":0,"Local Hit Blocks":0,"Local Read Blocks":0,"Local Dirtied Blocks":0,"Local Written Blocks":0,"Temp Read Blocks":0,"Temp Written Blocks":0,"I/O Read Time":0.0,"I/O Write Time":0.0,"Temp I/O Read Time":0.0,"Temp I/O Write Time":0.0,"Plans":[{"Node Type":"Hash Join","Parent Relationship":"Outer","Parallel Aware":false,"Async Capable":false,"Join Type":"Inner","Startup Cost":3.14,"Total Cost":376.99,"Plan Rows":2000,"Plan Width":20,"Actual Startup Time":0.097,"Actual Total Time":2.303,"Actual Rows":3506,"Actual Loops":1,"Output":["supplier.su_suppkey","supplier.su_nationkey","nation.n_name","nation.n_nationkey"],"Hash Cond":"(supplier.su_nationkey = nation.n_nationkey)","Shared Hit Blocks":219,"Shared Read Blocks":0,"Shared Dirtied Blocks":0,"Shared Written Blocks":0,"Local Hit Blocks":0,"Local Read Blocks":0,"Local Dirtied Blocks":0,"Local Written Blocks":0,"Temp Read Blocks":0,"Temp Written Blocks":0,"I/O Read Time":0.0,"I/O Write Time":0.0,"Temp I/O Read Time":0.0,"Temp I/O Write Time":0.0,"Plans":[{"Node Type":"Seq Scan","Parent Relationship":"Outer","Parallel Aware":false,"Async Capable":false,"Relation Name":"supplier","Schema":"public","Alias":"supplier","Startup Cost":0.0,"Total Cost":317.0,"Plan Rows":10000,"Plan Width":8,"Actual Startup Time":0.022,"Actual Total Time":0.788,"Actual Rows":10000,"Actual Loops":1,"Output":["supplier.su_suppkey","supplier.su_name","supplier.su_address","supplier.su_nationkey","supplier.su_phone","supplier.su_acctbal","supplier.su_comment"],"Shared Hit Blocks":217,"Shared Read Blocks":0,"Shared Dirtied Blocks":0,"Shared Written Blocks":0,"Local Hit Blocks":0,"Local Read Blocks":0,"Local Dirtied Blocks":0,"Local Written Blocks":0,"Temp Read Blocks":0,"Temp Written Blocks":0,"I/O Read Time":0.0,"I/O Write Time":0.0,"Temp I/O Read Time":0.0,"Temp I/O Write Time":0.0},{"Node Type":"Hash","Parent Relationship":"Inner","Parallel Aware":false,"Async Capable":false,"Startup Cost":2.99,"Total Cost":2.99,"Plan Rows":12,"Plan Width":12,"Actual Startup Time":0.061,"Actual Total Time":0.067,"Actual Rows":22,"Actual Loops":1,"Output":["nation.n_name","nation.n_nationkey"],"Hash Buckets":1024,"Original Hash Buckets":1024,"Hash Batches":1,"Original Hash Batches":1,"Peak Memory Usage":9,"Shared Hit Blocks":2,"Shared Read Blocks":0,"Shared Dirtied Blocks":0,"Shared Written Blocks":0,"Local Hit Blocks":0,"Local Read Blocks":0,"Local Dirtied Blocks":0,"Local Written Blocks":0,"Temp Read Blocks":0,"Temp Written Blocks":0,"I/O Read Time":0.0,"I/O Write Time":0.0,"Temp I/O Read Time":0.0,"Temp I/O Write Time":0.0,"Plans":[{"Node Type":"Hash Join","Parent Relationship":"Outer","Parallel Aware":false,"Async Capable":false,"Join Type":"Inner","Startup Cost":1.07,"Total Cost":2.99,"Plan Rows":12,"Plan Width":12,"Actual Startup Time":0.042,"Actual Total Time":0.06,"Actual Rows":22,"Actual Loops":1,"Output":["nation.n_name","nation.n_nationkey"],"Hash Cond":"(nation.n_regionkey = region.r_regionkey)","Shared Hit Blocks":2,"Shared Read Blocks":0,"Shared Dirtied Blocks":0,"Shared Written Blocks":0,"Local Hit Blocks":0,"Local Read Blocks":0,"Local Dirtied Blocks":0,"Local Written Blocks":0,"Temp Read Blocks":0,"Temp Written Blocks":0,"I/O Read Time":0.0,"I/O Write Time":0.0,"Temp I/O Read Time":0.0,"Temp I/O Write Time":0.0,"Plans":[{"Node Type":"Seq Scan","Parent Relationship":"Outer","Parallel Aware":false,"Async Capable":false,"Relation Name":"nation","Schema":"public","Alias":"nation","Startup Cost":0.0,"Total Cost":1.62,"Plan Rows":62,"Plan Width":16,"Actual Startup Time":0.006,"Actual Total Time":0.011,"Actual Rows":62,"Actual Loops":1,"Output":["nation.n_nationkey","nation.n_name","nation.n_regionkey","nation.n_comment"],"Shared Hit Blocks":1,"Shared Read Blocks":0,"Shared Dirtied Blocks":0,"Shared Written Blocks":0,"Local Hit Blocks":0,"Local Read Blocks":0,"Local Dirtied Blocks":0,"Local Written Blocks":0,"Temp Read Blocks":0,"Temp Written Blocks":0,"I/O Read Time":0.0,"I/O Write Time":0.0,"Temp I/O Read Time":0.0,"Temp I/O Write Time":0.0},{"Node Type":"Hash","Parent Relationship":"Inner","Parallel Aware":false,"Async Capable":false,"Startup Cost":1.06,"Total Cost":1.06,"Plan Rows":1,"Plan Width":4,"Actual Startup Time":0.021,"Actual Total Time":0.023,"Actual Rows":1,"Actual Loops":1,"Output":["region.r_regionkey"],"Hash Buckets":1024,"Original Hash Buckets":1024,"Hash Batches":1,"Original Hash Batches":1,"Peak Memory Usage":9,"Shared Hit Blocks":1,"Shared Read Blocks":0,"Shared Dirtied Blocks":0,"Shared Written Blocks":0,"Local Hit Blocks":0,"Local Read Blocks":0,"Local Dirtied Blocks":0,"Local Written Blocks":0,"Temp Read Blocks":0,"Temp Written Blocks":0,"I/O Read Time":0.0,"I/O Write Time":0.0,"Temp I/O Read Time":0.0,"Temp I/O Write Time":0.0,"Plans":[{"Node Type":"Seq Scan","Parent Relationship":"Outer","Parallel Aware":false,"Async Capable":false,"Relation Name":"region","Schema":"public","Alias":"region","Startup Cost":0.0,"Total Cost":1.06,"Plan Rows":1,"Plan Width":4,"Actual Startup Time":0.016,"Actual Total Time":0.016,"Actual Rows":1,"Actual Loops":1,"Output":["region.r_regionkey"],"Filter":"((region.r_name)::text = 'Europe'::text)","Rows Removed by Filter":4,"Shared Hit Blocks":1,"Shared Read Blocks":0,"Shared Dirtied Blocks":0,"Shared Written Blocks":0,"Local Hit Blocks":0,"Local Read Blocks":0,"Local Dirtied Blocks":0,"Local Written Blocks":0,"Temp Read Blocks":0,"Temp Written Blocks":0,"I/O Read Time":0.0,"I/O Write Time":0.0,"Temp I/O Read Time":0.0,"Temp I/O Write Time":0.0}]}]}]}]}]}]},{"Node Type":"Hash","Parent Relationship":"Inner","Parallel Aware":false,"Async Capable":false,"Startup Cost":134121.52,"Total Cost":134121.52,"Plan Rows":879322,"Plan Width":16,"Actual Startup Time":639.946,"Actual Total Time":639.946,"Actual Rows":856801,"Actual Loops":1,"Output":["orders.o_c_id","orders.o_w_id","orders.o_d_id","orders.o_id"],"Hash Buckets":262144,"Original Hash Buckets":262144,"Hash Batches":8,"Original Hash Batches":8,"Peak Memory Usage":7070,"Shared Hit Blocks":44122,"Shared Read Blocks":0,"Shared Dirtied Blocks":0,"Shared Written Blocks":0,"Local Hit Blocks":0,"Local Read Blocks":0,"Local Dirtied Blocks":0,"Local Written Blocks":0,"Temp Read Blocks":0,"Temp Written Blocks":3290,"I/O Read Time":0.0,"I/O Write Time":0.0,"Temp I/O Read Time":0.0,"Temp I/O Write Time":15.681,"Plans":[{"Node Type":"Seq Scan","Parent Relationship":"Outer","Parallel Aware":false,"Async Capable":false,"Relation Name":"orders","Schema":"public","Alias":"orders","Startup Cost":0.0,"Total Cost":134121.52,"Plan Rows":879322,"Plan Width":16,"Actual Startup Time":0.617,"Actual Total Time":440.988,"Actual Rows":856801,"Actual Loops":1,"Output":["orders.o_c_id","orders.o_w_id","orders.o_d_id","orders.o_id"],"Filter":"((orders.o_entry_d >= '1993-01-02 20:10:02.27764'::timestamp without time zone) AND (orders.o_entry_d < '1994-01-02 20:10:02.27764'::timestamp without time zone))","Rows Removed by Filter":5143199,"Shared Hit Blocks":44122,"Shared Read Blocks":0,"Shared Dirtied Blocks":0,"Shared Written Blocks":0,"Local Hit Blocks":0,"Local Read Blocks":0,"Local Dirtied Blocks":0,"Local Written Blocks":0,"Temp Read Blocks":0,"Temp Written Blocks":0,"I/O Read Time":0.0,"I/O Write Time":0.0,"Temp I/O Read Time":0.0,"Temp I/O Write Time":0.0}]}]},{"Node Type":"Hash","Parent Relationship":"Inner","Parallel Aware":false,"Async Capable":false,"Startup Cost":519991.4,"Total Cost":519991.4,"Plan Rows":6000140,"Plan Width":12,"Actual Startup Time":2797.553,"Actual Total Time":2797.553,"Actual Rows":6000000,"Actual Loops":1,"Output":["customer.c_id","customer.c_w_id","customer.c_d_id","customer.c_nationkey"],"Hash Buckets":262144,"Original Hash Buckets":262144,"Hash Batches":64,"Original Hash Batches":64,"Peak Memory Usage":6083,"Shared Hit Blocks":459990,"Shared Read Blocks":0,"Shared Dirtied Blocks":0,"Shared Written Blocks":0,"Local Hit Blocks":0,"Local Read Blocks":0,"Local Dirtied Blocks":0,"Local Written Blocks":0,"Temp Read Blocks":0,"Temp Written Blocks":23035,"I/O Read Time":0.0,"I/O Write Time":0.0,"Temp I/O Read Time":0.0,"Temp I/O Write Time":114.168,"Plans":[{"Node Type":"Seq Scan","Parent Relationship":"Outer","Parallel Aware":false,"Async Capable":false,"Relation Name":"customer","Schema":"public","Alias":"customer","Startup Cost":0.0,"Total Cost":519991.4,"Plan Rows":6000140,"Plan Width":12,"Actual Startup Time":0.019,"Actual Total Time":1752.387,"Actual Rows":6000000,"Actual Loops":1,"Output":["customer.c_id","customer.c_w_id","customer.c_d_id","customer.c_nationkey"],"Shared Hit Blocks":459990,"Shared Read Blocks":0,"Shared Dirtied Blocks":0,"Shared Written Blocks":0,"Local Hit Blocks":0,"Local Read Blocks":0,"Local Dirtied Blocks":0,"Local Written Blocks":0,"Temp Read Blocks":0,"Temp Written Blocks":0,"I/O Read Time":0.0,"I/O Write Time":0.0,"Temp I/O Read Time":0.0,"Temp I/O Write Time":0.0}]}]}]}]}]},"Planning":{"Shared Hit Blocks":220,"Shared Read Blocks":0,"Shared Dirtied Blocks":0,"Shared Written Blocks":0,"Local Hit Blocks":0,"Local Read Blocks":0,"Local Dirtied Blocks":0,"Local Written Blocks":0,"Temp Read Blocks":0,"Temp Written Blocks":0,"I/O Read Time":0.0,"I/O Write Time":0.0,"Temp I/O Read Time":0.0,"Temp I/O Write Time":0.0},"Planning Time":5.913,"Triggers":[],"Execution Time":11393.389}]
[列存组合]: nation, order_line, supplier
[{"Plan":{"Node Type":"Sort","Parallel Aware":false,"Async Capable":false,"Startup Cost":4058205.87,"Total Cost":4058206.02,"Plan Rows":62,"Plan Width":40,"Actual Startup Time":21390.238,"Actual Total Time":21390.27,"Actual Rows":11,"Actual Loops":1,"Output":["nation.n_name","(sum(order_line.ol_amount))"],"Sort Key":["(sum(order_line.ol_amount)) DESC"],"Sort Method":"quicksort","Sort Space Used":25,"Sort Space Type":"Memory","Shared Hit Blocks":558787,"Shared Read Blocks":0,"Shared Dirtied Blocks":0,"Shared Written Blocks":0,"Local Hit Blocks":0,"Local Read Blocks":0,"Local Dirtied Blocks":0,"Local Written Blocks":0,"Temp Read Blocks":131755,"Temp Written Blocks":131809,"I/O Read Time":0.0,"I/O Write Time":0.0,"Temp I/O Read Time":203.553,"Temp I/O Write Time":552.175,"Plans":[{"Node Type":"Aggregate","Strategy":"Sorted","Partial Mode":"Simple","Parent Relationship":"Outer","Parallel Aware":false,"Async Capable":false,"Startup Cost":4058052.23,"Total Cost":4058204.02,"Plan Rows":62,"Plan Width":40,"Actual Startup Time":21384.315,"Actual Total Time":21390.252,"Actual Rows":11,"Actual Loops":1,"Output":["nation.n_name","sum(order_line.ol_amount)"],"Group Key":["nation.n_name"],"Shared Hit Blocks":558787,"Shared Read Blocks":0,"Shared Dirtied Blocks":0,"Shared Written Blocks":0,"Local Hit Blocks":0,"Local Read Blocks":0,"Local Dirtied Blocks":0,"Local Written Blocks":0,"Temp Read Blocks":131755,"Temp Written Blocks":131809,"I/O Read Time":0.0,"I/O Write Time":0.0,"Temp I/O Read Time":203.553,"Temp I/O Write Time":552.175,"Plans":[{"Node Type":"Sort","Parent Relationship":"Outer","Parallel Aware":false,"Async Capable":false,"Startup Cost":4058052.23,"Total Cost":4058102.57,"Plan Rows":20136,"Plan Width":12,"Actual Startup Time":21383.884,"Actual Total Time":21385.672,"Actual Rows":35044,"Actual Loops":1,"Output":["nation.n_name","order_line.ol_amount"],"Sort Key":["nation.n_name"],"Sort Method":"quicksort","Sort Space Used":3146,"Sort Space Type":"Memory","Shared Hit Blocks":558787,"Shared Read Blocks":0,"Shared Dirtied Blocks":0,"Shared Written Blocks":0,"Local Hit Blocks":0,"Local Read Blocks":0,"Local Dirtied Blocks":0,"Local Written Blocks":0,"Temp Read Blocks":131755,"Temp Written Blocks":131809,"I/O Read Time":0.0,"I/O Write Time":0.0,"Temp I/O Read Time":203.553,"Temp I/O Write Time":552.175,"Plans":[{"Node Type":"Hash Join","Parent Relationship":"Outer","Parallel Aware":false,"Async Capable":false,"Join Type":"Inner","Startup Cost":3408744.78,"Total Cost":4056612.76,"Plan Rows":20136,"Plan Width":12,"Actual Startup Time":17467.564,"Actual Total Time":21364.808,"Actual Rows":35044,"Actual Loops":1,"Output":["nation.n_name","order_line.ol_amount"],"Inner Unique":true,"Hash Cond":"((mod((stock.s_w_id * stock.s_i_id), 10000) = supplier.su_suppkey) AND (customer.c_nationkey = supplier.su_nationkey))","Shared Hit Blocks":558787,"Shared Read Blocks":0,"Shared Dirtied Blocks":0,"Shared Written Blocks":0,"Local Hit Blocks":0,"Local Read Blocks":0,"Local Dirtied Blocks":0,"Local Written Blocks":0,"Temp Read Blocks":131755,"Temp Written Blocks":131809,"I/O Read Time":0.0,"I/O Write Time":0.0,"Temp I/O Read Time":203.553,"Temp I/O Write Time":552.175,"Plans":[{"Node Type":"Merge Join","Parent Relationship":"Outer","Parallel Aware":false,"Async Capable":false,"Join Type":"Inner","Startup Cost":3408375.75,"Total Cost":4049408.76,"Plan Rows":1242717,"Plan Width":26,"Actual Startup Time":17464.006,"Actual Total Time":21084.632,"Actual Rows":2218175,"Actual Loops":1,"Output":["customer.c_nationkey","order_line.ol_amount","stock.s_w_id","stock.s_i_id","nation.n_name","nation.n_nationkey"],"Inner Unique":true,"Merge Cond":"((customer.c_w_id = stock.s_w_id) AND (order_line.ol_i_id = stock.s_i_id))","Shared Hit Blocks":558787,"Shared Read Blocks":0,"Shared Dirtied Blocks":0,"Shared Written Blocks":0,"Local Hit Blocks":0,"Local Read Blocks":0,"Local Dirtied Blocks":0,"Local Written Blocks":0,"Temp Read Blocks":131755,"Temp Written Blocks":131809,"I/O Read Time":0.0,"I/O Write Time":0.0,"Temp I/O Read Time":203.553,"Temp I/O Write Time":552.175,"Plans":[{"Node Type":"Sort","Parent Relationship":"Outer","Parallel Aware":false,"Async Capable":false,"Startup Cost":3408375.32,"Total Cost":3411455.85,"Plan Rows":1232214,"Plan Width":30,"Actual Startup Time":17463.944,"Actual Total Time":18059.989,"Actual Rows":2218175,"Actual Loops":1,"Output":["customer.c_w_id","customer.c_nationkey","orders.o_w_id","order_line.ol_amount","order_line.ol_w_id","order_line.ol_i_id","nation.n_name","nation.n_nationkey"],"Sort Key":["customer.c_w_id","order_line.ol_i_id"],"Sort Method":"external merge","Sort Space Used":94520,"Sort Space Type":"Disk","Shared Hit Blocks":504114,"Shared Read Blocks":0,"Shared Dirtied Blocks":0,"Shared Written Blocks":0,"Local Hit Blocks":0,"Local Read Blocks":0,"Local Dirtied Blocks":0,"Local Written Blocks":0,"Temp Read Blocks":131755,"Temp Written Blocks":131809,"I/O Read Time":0.0,"I/O Write Time":0.0,"Temp I/O Read Time":203.553,"Temp I/O Write Time":552.175,"Plans":[{"Node Type":"Hash Join","Parent Relationship":"Outer","Parallel Aware":false,"Async Capable":false,"Join Type":"Inner","Startup Cost":808118.65,"Total Cost":3224751.49,"Plan Rows":1232214,"Plan Width":30,"Actual Startup Time":3459.617,"Actual Total Time":14823.724,"Actual Rows":2218175,"Actual Loops":1,"Output":["customer.c_w_id","customer.c_nationkey","orders.o_w_id","order_line.ol_amount","order_line.ol_w_id","order_line.ol_i_id","nation.n_name","nation.n_nationkey"],"Inner Unique":false,"Hash Cond":"(customer.c_nationkey = nation.n_nationkey)","Shared Hit Blocks":504114,"Shared Read Blocks":0,"Shared Dirtied Blocks":0,"Shared Written Blocks":0,"Local Hit Blocks":0,"Local Read Blocks":0,"Local Dirtied Blocks":0,"Local Written Blocks":0,"Temp Read Blocks":108135,"Temp Written Blocks":108135,"I/O Read Time":0.0,"I/O Write Time":0.0,"Temp I/O Read Time":167.797,"Temp I/O Write Time":489.919,"Plans":[{"Node Type":"Hash Join","Parent Relationship":"Outer","Parallel Aware":false,"Async Capable":false,"Join Type":"Inner","Startup Cost":808115.51,"Total Cost":3189719.68,"Plan Rows":6161071,"Plan Width":18,"Actual Startup Time":3452.848,"Actual Total Time":13986.832,"Actual Rows":8568663,"Actual Loops":1,"Output":["customer.c_w_id","customer.c_nationkey","orders.o_w_id","order_line.ol_amount","order_line.ol_w_id","order_line.ol_i_id"],"Inner Unique":true,"Hash Cond":"((orders.o_c_id = customer.c_id) AND (orders.o_w_id = customer.c_w_id) AND (orders.o_d_id = customer.c_d_id))","Shared Hit Blocks":504112,"Shared Read Blocks":0,"Shared Dirtied Blocks":0,"Shared Written Blocks":0,"Local Hit Blocks":0,"Local Read Blocks":0,"Local Dirtied Blocks":0,"Local Written Blocks":0,"Temp Read Blocks":108135,"Temp Written Blocks":108135,"I/O Read Time":0.0,"I/O Write Time":0.0,"Temp I/O Read Time":167.797,"Temp I/O Write Time":489.919,"Plans":[{"Node Type":"Hash Join","Parent Relationship":"Outer","Parallel Aware":false,"Async Capable":false,"Join Type":"Inner","Startup Cost":153823.65,"Total Cost":2385409.38,"Plan Rows":6161071,"Plan Width":20,"Actual Startup Time":642.78,"Actual Total Time":6880.477,"Actual Rows":8568663,"Actual Loops":1,"Output":["orders.o_c_id","orders.o_w_id","orders.o_d_id","order_line.ol_amount","order_line.ol_w_id","order_line.ol_d_id","order_line.ol_i_id"],"Inner Unique":true,"Hash Cond":"((order_line.ol_w_id = orders.o_w_id) AND (order_line.ol_d_id = orders.o_d_id) AND (order_line.ol_o_id = orders.o_id))","Shared Hit Blocks":44122,"Shared Read Blocks":0,"Shared Dirtied Blocks":0,"Shared Written Blocks":0,"Local Hit Blocks":0,"Local Read Blocks":0,"Local Dirtied Blocks":0,"Local Written Blocks":0,"Temp Read Blocks":43816,"Temp Written Blocks":43816,"I/O Read Time":0.0,"I/O Write Time":0.0,"Temp I/O Read Time":68.178,"Temp I/O Write Time":187.68,"Plans":[{"Node Type":"Append","Parent Relationship":"Outer","Parallel Aware":false,"Async Capable":false,"Startup Cost":20.0,"Total Cost":1403598.82,"Plan Rows":42039468,"Plan Width":20,"Actual Startup Time":1.445,"Actual Total Time":2582.073,"Actual Rows":8620885,"Actual Loops":1,"Shared Hit Blocks":0,"Shared Read Blocks":0,"Shared Dirtied Blocks":0,"Shared Written Blocks":0,"Local Hit Blocks":0,"Local Read Blocks":0,"Local Dirtied Blocks":0,"Local Written Blocks":0,"Temp Read Blocks":0,"Temp Written Blocks":0,"I/O Read Time":0.0,"I/O Write Time":0.0,"Temp I/O Read Time":0.0,"Temp I/O Write Time":0.0,"Subplans Removed":0,"Plans":[{"Node Type":"Custom Scan","Parent Relationship":"Member","Custom Plan Provider":"columnar scan","Parallel Aware":false,"Async Capable":false,"Relation Name":"order_line","Schema":"public","Alias":"order_line","Startup Cost":20.0,"Total Cost":1072026.23,"Plan Rows":42039424,"Plan Width":20,"Actual Startup Time":1.443,"Actual Total Time":1980.65,"Actual Rows":8620885,"Actual Loops":1,"Output":["order_line.ol_amount","order_line.ol_o_id","order_line.ol_w_id","order_line.ol_d_id","order_line.ol_i_id"],"Filter":"(order_line.ol_delivery_d >= '1992-01-02 20:10:02.27764'::timestamp without time zone)","Rows Removed by Filter":0,"Rows Removed by Columnar Filter":51372876,"Rows Filtered by Bloom Filter":0,"Dictionary Rows Filtered by Bloom Filter":51372876,"Columnar cache search mode":"native","Shared Hit Blocks":0,"Shared Read Blocks":0,"Shared Dirtied Blocks":0,"Shared Written Blocks":0,"Local Hit Blocks":0,"Local Read Blocks":0,"Local Dirtied Blocks":0,"Local Written Blocks":0,"Temp Read Blocks":0,"Temp Written Blocks":0,"I/O Read Time":0.0,"I/O Write Time":0.0,"Temp I/O Read Time":0.0,"Temp I/O Write Time":0.0},{"Node Type":"Seq Scan","Parent Relationship":"Member","Parallel Aware":false,"Async Capable":false,"Relation Name":"order_line","Schema":"public","Alias":"order_line","Startup Cost":0.0,"Total Cost":4.79,"Plan Rows":44,"Plan Width":20,"Actual Startup Time":0.0,"Actual Total Time":0.0,"Actual Rows":0,"Actual Loops":0,"Output":["order_line.ol_amount","order_line.ol_o_id","order_line.ol_w_id","order_line.ol_d_id","order_line.ol_i_id"],"Filter":"(order_line.ol_delivery_d >= '1992-01-02 20:10:02.27764'::timestamp without time zone)","Rows Removed by Filter":0,"Shared Hit Blocks":0,"Shared Read Blocks":0,"Shared Dirtied Blocks":0,"Shared Written Blocks":0,"Local Hit Blocks":0,"Local Read Blocks":0,"Local Dirtied Blocks":0,"Local Written Blocks":0,"Temp Read Blocks":0,"Temp Written Blocks":0,"I/O Read Time":0.0,"I/O Write Time":0.0,"Temp I/O Read Time":0.0,"Temp I/O Write Time":0.0}]},{"Node Type":"Hash","Parent Relationship":"Inner","Parallel Aware":false,"Async Capable":false,"Startup Cost":134121.52,"Total Cost":134121.52,"Plan Rows":879322,"Plan Width":16,"Actual Startup Time":640.224,"Actual Total Time":640.228,"Actual Rows":856801,"Actual Loops":1,"Output":["orders.o_c_id","orders.o_w_id","orders.o_d_id","orders.o_id"],"Hash Buckets":262144,"Original Hash Buckets":262144,"Hash Batches":8,"Original Hash Batches":8,"Peak Memory Usage":7070,"Shared Hit Blocks":44122,"Shared Read Blocks":0,"Shared Dirtied Blocks":0,"Shared Written Blocks":0,"Local Hit Blocks":0,"Local Read Blocks":0,"Local Dirtied Blocks":0,"Local Written Blocks":0,"Temp Read Blocks":0,"Temp Written Blocks":3290,"I/O Read Time":0.0,"I/O Write Time":0.0,"Temp I/O Read Time":0.0,"Temp I/O Write Time":15.048,"Plans":[{"Node Type":"Seq Scan","Parent Relationship":"Outer","Parallel Aware":false,"Async Capable":false,"Relation Name":"orders","Schema":"public","Alias":"orders","Startup Cost":0.0,"Total Cost":134121.52,"Plan Rows":879322,"Plan Width":16,"Actual Startup Time":0.6,"Actual Total Time":442.781,"Actual Rows":856801,"Actual Loops":1,"Output":["orders.o_c_id","orders.o_w_id","orders.o_d_id","orders.o_id"],"Filter":"((orders.o_entry_d >= '1993-01-02 20:10:02.27764'::timestamp without time zone) AND (orders.o_entry_d < '1994-01-02 20:10:02.27764'::timestamp without time zone))","Rows Removed by Filter":5143199,"Shared Hit Blocks":44122,"Shared Read Blocks":0,"Shared Dirtied Blocks":0,"Shared Written Blocks":0,"Local Hit Blocks":0,"Local Read Blocks":0,"Local Dirtied Blocks":0,"Local Written Blocks":0,"Temp Read Blocks":0,"Temp Written Blocks":0,"I/O Read Time":0.0,"I/O Write Time":0.0,"Temp I/O Read Time":0.0,"Temp I/O Write Time":0.0}]}]},{"Node Type":"Hash","Parent Relationship":"Inner","Parallel Aware":false,"Async Capable":false,"Startup Cost":519991.4,"Total Cost":519991.4,"Plan Rows":6000140,"Plan Width":12,"Actual Startup Time":2803.883,"Actual Total Time":2803.885,"Actual Rows":6000000,"Actual Loops":1,"Output":["customer.c_id","customer.c_w_id","customer.c_d_id","customer.c_nationkey"],"Hash Buckets":262144,"Original Hash Buckets":262144,"Hash Batches":64,"Original Hash Batches":64,"Peak Memory Usage":6073,"Shared Hit Blocks":459990,"Shared Read Blocks":0,"Shared Dirtied Blocks":0,"Shared Written Blocks":0,"Local Hit Blocks":0,"Local Read Blocks":0,"Local Dirtied Blocks":0,"Local Written Blocks":0,"Temp Read Blocks":0,"Temp Written Blocks":23037,"I/O Read Time":0.0,"I/O Write Time":0.0,"Temp I/O Read Time":0.0,"Temp I/O Write Time":111.285,"Plans":[{"Node Type":"Seq Scan","Parent Relationship":"Outer","Parallel Aware":false,"Async Capable":false,"Relation Name":"customer","Schema":"public","Alias":"customer","Startup Cost":0.0,"Total Cost":519991.4,"Plan Rows":6000140,"Plan Width":12,"Actual Startup Time":0.011,"Actual Total Time":1793.216,"Actual Rows":6000000,"Actual Loops":1,"Output":["customer.c_id","customer.c_w_id","customer.c_d_id","customer.c_nationkey"],"Shared Hit Blocks":459990,"Shared Read Blocks":0,"Shared Dirtied Blocks":0,"Shared Written Blocks":0,"Local Hit Blocks":0,"Local Read Blocks":0,"Local Dirtied Blocks":0,"Local Written Blocks":0,"Temp Read Blocks":0,"Temp Written Blocks":0,"I/O Read Time":0.0,"I/O Write Time":0.0,"Temp I/O Read Time":0.0,"Temp I/O Write Time":0.0}]}]},{"Node Type":"Hash","Parent Relationship":"Inner","Parallel Aware":false,"Async Capable":false,"Startup Cost":2.99,"Total Cost":2.99,"Plan Rows":12,"Plan Width":12,"Actual Startup Time":0.044,"Actual Total Time":0.049,"Actual Rows":22,"Actual Loops":1,"Output":["nation.n_name","nation.n_nationkey"],"Hash Buckets":1024,"Original Hash Buckets":1024,"Hash Batches":1,"Original Hash Batches":1,"Peak Memory Usage":9,"Shared Hit Blocks":2,"Shared Read Blocks":0,"Shared Dirtied Blocks":0,"Shared Written Blocks":0,"Local Hit Blocks":0,"Local Read Blocks":0,"Local Dirtied Blocks":0,"Local Written Blocks":0,"Temp Read Blocks":0,"Temp Written Blocks":0,"I/O Read Time":0.0,"I/O Write Time":0.0,"Temp I/O Read Time":0.0,"Temp I/O Write Time":0.0,"Plans":[{"Node Type":"Hash Join","Parent Relationship":"Outer","Parallel Aware":false,"Async Capable":false,"Join Type":"Inner","Startup Cost":1.07,"Total Cost":2.99,"Plan Rows":12,"Plan Width":12,"Actual Startup Time":0.027,"Actual Total Time":0.043,"Actual Rows":22,"Actual Loops":1,"Output":["nation.n_name","nation.n_nationkey"],"Inner Unique":true,"Hash Cond":"(nation.n_regionkey = region.r_regionkey)","Shared Hit Blocks":2,"Shared Read Blocks":0,"Shared Dirtied Blocks":0,"Shared Written Blocks":0,"Local Hit Blocks":0,"Local Read Blocks":0,"Local Dirtied Blocks":0,"Local Written Blocks":0,"Temp Read Blocks":0,"Temp Written Blocks":0,"I/O Read Time":0.0,"I/O Write Time":0.0,"Temp I/O Read Time":0.0,"Temp I/O Write Time":0.0,"Plans":[{"Node Type":"Seq Scan","Parent Relationship":"Outer","Parallel Aware":false,"Async Capable":false,"Relation Name":"nation","Schema":"public","Alias":"nation","Startup Cost":0.0,"Total Cost":1.62,"Plan Rows":62,"Plan Width":16,"Actual Startup Time":0.008,"Actual Total Time":0.011,"Actual Rows":62,"Actual Loops":1,"Output":["nation.n_nationkey","nation.n_name","nation.n_regionkey","nation.n_comment"],"Shared Hit Blocks":1,"Shared Read Blocks":0,"Shared Dirtied Blocks":0,"Shared Written Blocks":0,"Local Hit Blocks":0,"Local Read Blocks":0,"Local Dirtied Blocks":0,"Local Written Blocks":0,"Temp Read Blocks":0,"Temp Written Blocks":0,"I/O Read Time":0.0,"I/O Write Time":0.0,"Temp I/O Read Time":0.0,"Temp I/O Write Time":0.0},{"Node Type":"Hash","Parent Relationship":"Inner","Parallel Aware":false,"Async Capable":false,"Startup Cost":1.06,"Total Cost":1.06,"Plan Rows":1,"Plan Width":4,"Actual Startup Time":0.008,"Actual Total Time":0.01,"Actual Rows":1,"Actual Loops":1,"Output":["region.r_regionkey"],"Hash Buckets":1024,"Original Hash Buckets":1024,"Hash Batches":1,"Original Hash Batches":1,"Peak Memory Usage":9,"Shared Hit Blocks":1,"Shared Read Blocks":0,"Shared Dirtied Blocks":0,"Shared Written Blocks":0,"Local Hit Blocks":0,"Local Read Blocks":0,"Local Dirtied Blocks":0,"Local Written Blocks":0,"Temp Read Blocks":0,"Temp Written Blocks":0,"I/O Read Time":0.0,"I/O Write Time":0.0,"Temp I/O Read Time":0.0,"Temp I/O Write Time":0.0,"Plans":[{"Node Type":"Seq Scan","Parent Relationship":"Outer","Parallel Aware":false,"Async Capable":false,"Relation Name":"region","Schema":"public","Alias":"region","Startup Cost":0.0,"Total Cost":1.06,"Plan Rows":1,"Plan Width":4,"Actual Startup Time":0.006,"Actual Total Time":0.007,"Actual Rows":1,"Actual Loops":1,"Output":["region.r_regionkey"],"Filter":"((region.r_name)::text = 'Europe'::text)","Rows Removed by Filter":4,"Shared Hit Blocks":1,"Shared Read Blocks":0,"Shared Dirtied Blocks":0,"Shared Written Blocks":0,"Local Hit Blocks":0,"Local Read Blocks":0,"Local Dirtied Blocks":0,"Local Written Blocks":0,"Temp Read Blocks":0,"Temp Written Blocks":0,"I/O Read Time":0.0,"I/O Write Time":0.0,"Temp I/O Read Time":0.0,"Temp I/O Write Time":0.0}]}]}]}]}]},{"Node Type":"Index Only Scan","Parent Relationship":"Inner","Parallel Aware":false,"Async Capable":false,"Scan Direction":"Forward","Index Name":"stock_pk","Relation Name":"stock","Schema":"public","Alias":"stock","Startup Cost":0.44,"Total Cost":519363.62,"Plan Rows":20000212,"Plan Width":6,"Actual Startup Time":0.045,"Actual Total Time":1399.006,"Actual Rows":19999994,"Actual Loops":1,"Output":["stock.s_w_id","stock.s_i_id"],"Heap Fetches":0,"Shared Hit Blocks":54673,"Shared Read Blocks":0,"Shared Dirtied Blocks":0,"Shared Written Blocks":0,"Local Hit Blocks":0,"Local Read Blocks":0,"Local Dirtied Blocks":0,"Local Written Blocks":0,"Temp Read Blocks":0,"Temp Written Blocks":0,"I/O Read Time":0.0,"I/O Write Time":0.0,"Temp I/O Read Time":0.0,"Temp I/O Write Time":0.0}]},{"Node Type":"Hash","Parent Relationship":"Inner","Parallel Aware":false,"Async Capable":false,"Startup Cost":219.01,"Total Cost":219.01,"Plan Rows":10001,"Plan Width":8,"Actual Startup Time":3.117,"Actual Total Time":3.119,"Actual Rows":10000,"Actual Loops":1,"Output":["supplier.su_suppkey","supplier.su_nationkey"],"Hash Buckets":16384,"Original Hash Buckets":16384,"Hash Batches":1,"Original Hash Batches":1,"Peak Memory Usage":519,"Shared Hit Blocks":0,"Shared Read Blocks":0,"Shared Dirtied Blocks":0,"Shared Written Blocks":0,"Local Hit Blocks":0,"Local Read Blocks":0,"Local Dirtied Blocks":0,"Local Written Blocks":0,"Temp Read Blocks":0,"Temp Written Blocks":0,"I/O Read Time":0.0,"I/O Write Time":0.0,"Temp I/O Read Time":0.0,"Temp I/O Write Time":0.0,"Plans":[{"Node Type":"Append","Parent Relationship":"Outer","Parallel Aware":false,"Async Capable":false,"Startup Cost":20.0,"Total Cost":219.01,"Plan Rows":10001,"Plan Width":8,"Actual Startup Time":0.013,"Actual Total Time":1.82,"Actual Rows":10000,"Actual Loops":1,"Shared Hit Blocks":0,"Shared Read Blocks":0,"Shared Dirtied Blocks":0,"Shared Written Blocks":0,"Local Hit Blocks":0,"Local Read Blocks":0,"Local Dirtied Blocks":0,"Local Written Blocks":0,"Temp Read Blocks":0,"Temp Written Blocks":0,"I/O Read Time":0.0,"I/O Write Time":0.0,"Temp I/O Read Time":0.0,"Temp I/O Write Time":0.0,"Subplans Removed":0,"Plans":[{"Node Type":"Custom Scan","Parent Relationship":"Member","Custom Plan Provider":"columnar scan","Parallel Aware":false,"Async Capable":false,"Relation Name":"supplier","Schema":"public","Alias":"supplier","Startup Cost":20.0,"Total Cost":215.0,"Plan Rows":10000,"Plan Width":8,"Actual Startup Time":0.011,"Actual Total Time":1.108,"Actual Rows":10000,"Actual Loops":1,"Output":["supplier.su_suppkey","supplier.su_nationkey"],"Rows Removed by Columnar Filter":0,"Columnar cache search mode":"native","Shared Hit Blocks":0,"Shared Read Blocks":0,"Shared Dirtied Blocks":0,"Shared Written Blocks":0,"Local Hit Blocks":0,"Local Read Blocks":0,"Local Dirtied Blocks":0,"Local Written Blocks":0,"Temp Read Blocks":0,"Temp Written Blocks":0,"I/O Read Time":0.0,"I/O Write Time":0.0,"Temp I/O Read Time":0.0,"Temp I/O Write Time":0.0},{"Node Type":"Seq Scan","Parent Relationship":"Member","Parallel Aware":false,"Async Capable":false,"Relation Name":"supplier","Schema":"public","Alias":"supplier","Startup Cost":0.0,"Total Cost":4.01,"Plan Rows":1,"Plan Width":8,"Actual Startup Time":0.0,"Actual Total Time":0.0,"Actual Rows":0,"Actual Loops":0,"Output":["supplier.su_suppkey","supplier.su_nationkey"],"Shared Hit Blocks":0,"Shared Read Blocks":0,"Shared Dirtied Blocks":0,"Shared Written Blocks":0,"Local Hit Blocks":0,"Local Read Blocks":0,"Local Dirtied Blocks":0,"Local Written Blocks":0,"Temp Read Blocks":0,"Temp Written Blocks":0,"I/O Read Time":0.0,"I/O Write Time":0.0,"Temp I/O Read Time":0.0,"Temp I/O Write Time":0.0}]}]}]}]}]}]},"Planning":{"Shared Hit Blocks":220,"Shared Read Blocks":0,"Shared Dirtied Blocks":0,"Shared Written Blocks":0,"Local Hit Blocks":0,"Local Read Blocks":0,"Local Dirtied Blocks":0,"Local Written Blocks":0,"Temp Read Blocks":0,"Temp Written Blocks":0,"I/O Read Time":0.0,"I/O Write Time":0.0,"Temp I/O Read Time":0.0,"Temp I/O Write Time":0.0},"Planning Time":5.163,"Triggers":[],"Execution Time":21405.825}]
[列存组合]: nation, orders, region
[{"Plan":{"Node Type":"Sort","Parallel Aware":false,"Async Capable":false,"Startup Cost":4083746.0,"Total Cost":4083746.16,"Plan Rows":62,"Plan Width":40,"Actual Startup Time":34459.633,"Actual Total Time":34459.661,"Actual Rows":11,"Actual Loops":1,"Output":["nation.n_name","(sum(order_line.ol_amount))"],"Sort Key":["(sum(order_line.ol_amount)) DESC"],"Sort Method":"quicksort","Sort Space Used":25,"Sort Space Type":"Memory","Shared Hit Blocks":1196630,"Shared Read Blocks":0,"Shared Dirtied Blocks":0,"Shared Written Blocks":0,"Local Hit Blocks":0,"Local Read Blocks":0,"Local Dirtied Blocks":0,"Local Written Blocks":0,"Temp Read Blocks":288611,"Temp Written Blocks":288665,"I/O Read Time":0.0,"I/O Write Time":0.0,"Temp I/O Read Time":432.355,"Temp I/O Write Time":1162.516,"Plans":[{"Node Type":"Aggregate","Strategy":"Sorted","Partial Mode":"Simple","Parent Relationship":"Outer","Parallel Aware":false,"Async Capable":false,"Startup Cost":4083592.36,"Total Cost":4083744.16,"Plan Rows":62,"Plan Width":40,"Actual Startup Time":34453.642,"Actual Total Time":34459.643,"Actual Rows":11,"Actual Loops":1,"Output":["nation.n_name","sum(order_line.ol_amount)"],"Group Key":["nation.n_name"],"Shared Hit Blocks":1196630,"Shared Read Blocks":0,"Shared Dirtied Blocks":0,"Shared Written Blocks":0,"Local Hit Blocks":0,"Local Read Blocks":0,"Local Dirtied Blocks":0,"Local Written Blocks":0,"Temp Read Blocks":288611,"Temp Written Blocks":288665,"I/O Read Time":0.0,"I/O Write Time":0.0,"Temp I/O Read Time":432.355,"Temp I/O Write Time":1162.516,"Plans":[{"Node Type":"Sort","Parent Relationship":"Outer","Parallel Aware":false,"Async Capable":false,"Startup Cost":4083592.36,"Total Cost":4083642.7,"Plan Rows":20136,"Plan Width":12,"Actual Startup Time":34453.201,"Actual Total Time":34455.039,"Actual Rows":35044,"Actual Loops":1,"Output":["nation.n_name","order_line.ol_amount"],"Sort Key":["nation.n_name"],"Sort Method":"quicksort","Sort Space Used":3146,"Sort Space Type":"Memory","Shared Hit Blocks":1196630,"Shared Read Blocks":0,"Shared Dirtied Blocks":0,"Shared Written Blocks":0,"Local Hit Blocks":0,"Local Read Blocks":0,"Local Dirtied Blocks":0,"Local Written Blocks":0,"Temp Read Blocks":288611,"Temp Written Blocks":288665,"I/O Read Time":0.0,"I/O Write Time":0.0,"Temp I/O Read Time":432.355,"Temp I/O Write Time":1162.516,"Plans":[{"Node Type":"Hash Join","Parent Relationship":"Outer","Parallel Aware":false,"Async Capable":false,"Join Type":"Inner","Startup Cost":3434284.91,"Total Cost":4082152.89,"Plan Rows":20136,"Plan Width":12,"Actual Startup Time":30499.752,"Actual Total Time":34434.361,"Actual Rows":35044,"Actual Loops":1,"Output":["nation.n_name","order_line.ol_amount"],"Inner Unique":true,"Hash Cond":"((mod((stock.s_w_id * stock.s_i_id), 10000) = supplier.su_suppkey) AND (customer.c_nationkey = supplier.su_nationkey))","Shared Hit Blocks":1196630,"Shared Read Blocks":0,"Shared Dirtied Blocks":0,"Shared Written Blocks":0,"Local Hit Blocks":0,"Local Read Blocks":0,"Local Dirtied Blocks":0,"Local Written Blocks":0,"Temp Read Blocks":288611,"Temp Written Blocks":288665,"I/O Read Time":0.0,"I/O Write Time":0.0,"Temp I/O Read Time":432.355,"Temp I/O Write Time":1162.516,"Plans":[{"Node Type":"Merge Join","Parent Relationship":"Outer","Parallel Aware":false,"Async Capable":false,"Join Type":"Inner","Startup Cost":3433817.91,"Total Cost":4074850.92,"Plan Rows":1242717,"Plan Width":26,"Actual Startup Time":30496.496,"Actual Total Time":34154.443,"Actual Rows":2218175,"Actual Loops":1,"Output":["customer.c_nationkey","order_line.ol_amount","stock.s_w_id","stock.s_i_id","nation.n_name","nation.n_nationkey"],"Inner Unique":true,"Merge Cond":"((customer.c_w_id = stock.s_w_id) AND (order_line.ol_i_id = stock.s_i_id))","Shared Hit Blocks":1196413,"Shared Read Blocks":0,"Shared Dirtied Blocks":0,"Shared Written Blocks":0,"Local Hit Blocks":0,"Local Read Blocks":0,"Local Dirtied Blocks":0,"Local Written Blocks":0,"Temp Read Blocks":288611,"Temp Written Blocks":288665,"I/O Read Time":0.0,"I/O Write Time":0.0,"Temp I/O Read Time":432.355,"Temp I/O Write Time":1162.516,"Plans":[{"Node Type":"Sort","Parent Relationship":"Outer","Parallel Aware":false,"Async Capable":false,"Startup Cost":3433817.48,"Total Cost":3436898.01,"Plan Rows":1232214,"Plan Width":30,"Actual Startup Time":30496.435,"Actual Total Time":31091.776,"Actual Rows":2218175,"Actual Loops":1,"Output":["customer.c_w_id","customer.c_nationkey","orders.o_w_id","order_line.ol_amount","order_line.ol_w_id","order_line.ol_i_id","nation.n_name","nation.n_nationkey"],"Sort Key":["customer.c_w_id","order_line.ol_i_id"],"Sort Method":"external merge","Sort Space Used":94520,"Sort Space Type":"Disk","Shared Hit Blocks":1141740,"Shared Read Blocks":0,"Shared Dirtied Blocks":0,"Shared Written Blocks":0,"Local Hit Blocks":0,"Local Read Blocks":0,"Local Dirtied Blocks":0,"Local Written Blocks":0,"Temp Read Blocks":288611,"Temp Written Blocks":288665,"I/O Read Time":0.0,"I/O Write Time":0.0,"Temp I/O Read Time":432.355,"Temp I/O Write Time":1162.516,"Plans":[{"Node Type":"Hash Join","Parent Relationship":"Outer","Parallel Aware":false,"Async Capable":false,"Join Type":"Inner","Startup Cost":805468.83,"Total Cost":3250193.65,"Plan Rows":1232214,"Plan Width":30,"Actual Startup Time":3195.387,"Actual Total Time":27872.115,"Actual Rows":2218175,"Actual Loops":1,"Output":["customer.c_w_id","customer.c_nationkey","orders.o_w_id","order_line.ol_amount","order_line.ol_w_id","order_line.ol_i_id","nation.n_name","nation.n_nationkey"],"Inner Unique":false,"Hash Cond":"(customer.c_nationkey = nation.n_nationkey)","Shared Hit Blocks":1141740,"Shared Read Blocks":0,"Shared Dirtied Blocks":0,"Shared Written Blocks":0,"Local Hit Blocks":0,"Local Read Blocks":0,"Local Dirtied Blocks":0,"Local Written Blocks":0,"Temp Read Blocks":264991,"Temp Written Blocks":264991,"I/O Read Time":0.0,"I/O Write Time":0.0,"Temp I/O Read Time":396.557,"Temp I/O Write Time":1099.972,"Plans":[{"Node Type":"Hash Join","Parent Relationship":"Outer","Parallel Aware":false,"Async Capable":false,"Join Type":"Inner","Startup Cost":805465.69,"Total Cost":3215161.84,"Plan Rows":6161071,"Plan Width":18,"Actual Startup Time":3187.697,"Actual Total Time":27034.262,"Actual Rows":8568663,"Actual Loops":1,"Output":["customer.c_w_id","customer.c_nationkey","orders.o_w_id","order_line.ol_amount","order_line.ol_w_id","order_line.ol_i_id"],"Inner Unique":true,"Hash Cond":"((orders.o_c_id = customer.c_id) AND (orders.o_w_id = customer.c_w_id) AND (orders.o_d_id = customer.c_d_id))","Shared Hit Blocks":1141738,"Shared Read Blocks":0,"Shared Dirtied Blocks":0,"Shared Written Blocks":0,"Local Hit Blocks":0,"Local Read Blocks":0,"Local Dirtied Blocks":0,"Local Written Blocks":0,"Temp Read Blocks":264991,"Temp Written Blocks":264991,"I/O Read Time":0.0,"I/O Write Time":0.0,"Temp I/O Read Time":396.557,"Temp I/O Write Time":1099.972,"Plans":[{"Node Type":"Hash Join","Parent Relationship":"Outer","Parallel Aware":false,"Async Capable":false,"Join Type":"Inner","Startup Cost":151173.84,"Total Cost":2410851.54,"Plan Rows":6161071,"Plan Width":20,"Actual Startup Time":383.561,"Actual Total Time":19942.78,"Actual Rows":8568663,"Actual Loops":1,"Output":["orders.o_c_id","orders.o_w_id","orders.o_d_id","order_line.ol_amount","order_line.ol_w_id","order_line.ol_d_id","order_line.ol_i_id"],"Inner Unique":true,"Hash Cond":"((order_line.ol_w_id = orders.o_w_id) AND (order_line.ol_d_id = orders.o_d_id) AND (order_line.ol_o_id = orders.o_id))","Shared Hit Blocks":681748,"Shared Read Blocks":0,"Shared Dirtied Blocks":0,"Shared Written Blocks":0,"Local Hit Blocks":0,"Local Read Blocks":0,"Local Dirtied Blocks":0,"Local Written Blocks":0,"Temp Read Blocks":200672,"Temp Written Blocks":200672,"I/O Read Time":0.0,"I/O Write Time":0.0,"Temp I/O Read Time":297.961,"Temp I/O Write Time":794.254,"Plans":[{"Node Type":"Seq Scan","Parent Relationship":"Outer","Parallel Aware":false,"Async Capable":false,"Relation Name":"order_line","Schema":"public","Alias":"order_line","Startup Cost":0.0,"Total Cost":1431670.8,"Plan Rows":42039468,"Plan Width":20,"Actual Startup Time":0.006,"Actual Total Time":7340.5,"Actual Rows":42000489,"Actual Loops":1,"Output":["order_line.ol_amount","order_line.ol_o_id","order_line.ol_w_id","order_line.ol_d_id","order_line.ol_i_id"],"Filter":"(order_line.ol_delivery_d >= '1992-01-02 20:10:02.27764'::timestamp without time zone)","Rows Removed by Filter":17993272,"Shared Hit Blocks":681748,"Shared Read Blocks":0,"Shared Dirtied Blocks":0,"Shared Written Blocks":0,"Local Hit Blocks":0,"Local Read Blocks":0,"Local Dirtied Blocks":0,"Local Written Blocks":0,"Temp Read Blocks":0,"Temp Written Blocks":0,"I/O Read Time":0.0,"I/O Write Time":0.0,"Temp I/O Read Time":0.0,"Temp I/O Write Time":0.0},{"Node Type":"Hash","Parent Relationship":"Inner","Parallel Aware":false,"Async Capable":false,"Startup Cost":131491.69,"Total Cost":131491.69,"Plan Rows":879323,"Plan Width":16,"Actual Startup Time":349.362,"Actual Total Time":349.373,"Actual Rows":856801,"Actual Loops":1,"Output":["orders.o_c_id","orders.o_w_id","orders.o_d_id","orders.o_id"],"Hash Buckets":262144,"Original Hash Buckets":262144,"Hash Batches":8,"Original Hash Batches":8,"Peak Memory Usage":7070,"Shared Hit Blocks":0,"Shared Read Blocks":0,"Shared Dirtied Blocks":0,"Shared Written Blocks":0,"Local Hit Blocks":0,"Local Read Blocks":0,"Local Dirtied Blocks":0,"Local Written Blocks":0,"Temp Read Blocks":0,"Temp Written Blocks":3290,"I/O Read Time":0.0,"I/O Write Time":0.0,"Temp I/O Read Time":0.0,"Temp I/O Write Time":13.587,"Plans":[{"Node Type":"Append","Parent Relationship":"Outer","Parallel Aware":false,"Async Capable":false,"Startup Cost":20.0,"Total Cost":131491.69,"Plan Rows":879323,"Plan Width":16,"Actual Startup Time":0.494,"Actual Total Time":200.514,"Actual Rows":856801,"Actual Loops":1,"Shared Hit Blocks":0,"Shared Read Blocks":0,"Shared Dirtied Blocks":0,"Shared Written Blocks":0,"Local Hit Blocks":0,"Local Read Blocks":0,"Local Dirtied Blocks":0,"Local Written Blocks":0,"Temp Read Blocks":0,"Temp Written Blocks":0,"I/O Read Time":0.0,"I/O Write Time":0.0,"Temp I/O Read Time":0.0,"Temp I/O Write Time":0.0,"Subplans Removed":0,"Plans":[{"Node Type":"Custom Scan","Parent Relationship":"Member","Custom Plan Provider":"columnar scan","Parallel Aware":false,"Async Capable":false,"Relation Name":"orders","Schema":"public","Alias":"orders","Startup Cost":20.0,"Total Cost":20684.21,"Plan Rows":879322,"Plan Width":16,"Actual Startup Time":0.492,"Actual Total Time":140.468,"Actual Rows":856801,"Actual Loops":1,"Output":["orders.o_c_id","orders.o_w_id","orders.o_d_id","orders.o_id"],"Filter":"((orders.o_entry_d < '1994-01-02 20:10:02.27764'::timestamp without time zone) AND (orders.o_entry_d >= '1993-01-02 20:10:02.27764'::timestamp without time zone))","Rows Removed by Filter":0,"Rows Removed by Columnar Filter":5143199,"Columnar cache search mode":"native","Shared Hit Blocks":0,"Shared Read Blocks":0,"Shared Dirtied Blocks":0,"Shared Written Blocks":0,"Local Hit Blocks":0,"Local Read Blocks":0,"Local Dirtied Blocks":0,"Local Written Blocks":0,"Temp Read Blocks":0,"Temp Written Blocks":0,"I/O Read Time":0.0,"I/O Write Time":0.0,"Temp I/O Read Time":0.0,"Temp I/O Write Time":0.0},{"Node Type":"Seq Scan","Parent Relationship":"Member","Parallel Aware":false,"Async Capable":false,"Relation Name":"orders","Schema":"public","Alias":"orders","Startup Cost":0.0,"Total Cost":4.01,"Plan Rows":1,"Plan Width":16,"Actual Startup Time":0.0,"Actual Total Time":0.0,"Actual Rows":0,"Actual Loops":0,"Output":["orders.o_c_id","orders.o_w_id","orders.o_d_id","orders.o_id"],"Filter":"((orders.o_entry_d < '1994-01-02 20:10:02.27764'::timestamp without time zone) AND (orders.o_entry_d >= '1993-01-02 20:10:02.27764'::timestamp without time zone))","Rows Removed by Filter":0,"Shared Hit Blocks":0,"Shared Read Blocks":0,"Shared Dirtied Blocks":0,"Shared Written Blocks":0,"Local Hit Blocks":0,"Local Read Blocks":0,"Local Dirtied Blocks":0,"Local Written Blocks":0,"Temp Read Blocks":0,"Temp Written Blocks":0,"I/O Read Time":0.0,"I/O Write Time":0.0,"Temp I/O Read Time":0.0,"Temp I/O Write Time":0.0}]}]}]},{"Node Type":"Hash","Parent Relationship":"Inner","Parallel Aware":false,"Async Capable":false,"Startup Cost":519991.4,"Total Cost":519991.4,"Plan Rows":6000140,"Plan Width":12,"Actual Startup Time":2797.154,"Actual Total Time":2797.156,"Actual Rows":6000000,"Actual Loops":1,"Output":["customer.c_id","customer.c_w_id","customer.c_d_id","customer.c_nationkey"],"Hash Buckets":262144,"Original Hash Buckets":262144,"Hash Batches":64,"Original Hash Batches":64,"Peak Memory Usage":6073,"Shared Hit Blocks":459990,"Shared Read Blocks":0,"Shared Dirtied Blocks":0,"Shared Written Blocks":0,"Local Hit Blocks":0,"Local Read Blocks":0,"Local Dirtied Blocks":0,"Local Written Blocks":0,"Temp Read Blocks":0,"Temp Written Blocks":23037,"I/O Read Time":0.0,"I/O Write Time":0.0,"Temp I/O Read Time":0.0,"Temp I/O Write Time":111.445,"Plans":[{"Node Type":"Seq Scan","Parent Relationship":"Outer","Parallel Aware":false,"Async Capable":false,"Relation Name":"customer","Schema":"public","Alias":"customer","Startup Cost":0.0,"Total Cost":519991.4,"Plan Rows":6000140,"Plan Width":12,"Actual Startup Time":0.008,"Actual Total Time":1788.374,"Actual Rows":6000000,"Actual Loops":1,"Output":["customer.c_id","customer.c_w_id","customer.c_d_id","customer.c_nationkey"],"Shared Hit Blocks":459990,"Shared Read Blocks":0,"Shared Dirtied Blocks":0,"Shared Written Blocks":0,"Local Hit Blocks":0,"Local Read Blocks":0,"Local Dirtied Blocks":0,"Local Written Blocks":0,"Temp Read Blocks":0,"Temp Written Blocks":0,"I/O Read Time":0.0,"I/O Write Time":0.0,"Temp I/O Read Time":0.0,"Temp I/O Write Time":0.0}]}]},{"Node Type":"Hash","Parent Relationship":"Inner","Parallel Aware":false,"Async Capable":false,"Startup Cost":2.99,"Total Cost":2.99,"Plan Rows":12,"Plan Width":12,"Actual Startup Time":0.04,"Actual Total Time":0.045,"Actual Rows":22,"Actual Loops":1,"Output":["nation.n_name","nation.n_nationkey"],"Hash Buckets":1024,"Original Hash Buckets":1024,"Hash Batches":1,"Original Hash Batches":1,"Peak Memory Usage":9,"Shared Hit Blocks":2,"Shared Read Blocks":0,"Shared Dirtied Blocks":0,"Shared Written Blocks":0,"Local Hit Blocks":0,"Local Read Blocks":0,"Local Dirtied Blocks":0,"Local Written Blocks":0,"Temp Read Blocks":0,"Temp Written Blocks":0,"I/O Read Time":0.0,"I/O Write Time":0.0,"Temp I/O Read Time":0.0,"Temp I/O Write Time":0.0,"Plans":[{"Node Type":"Hash Join","Parent Relationship":"Outer","Parallel Aware":false,"Async Capable":false,"Join Type":"Inner","Startup Cost":1.07,"Total Cost":2.99,"Plan Rows":12,"Plan Width":12,"Actual Startup Time":0.022,"Actual Total Time":0.038,"Actual Rows":22,"Actual Loops":1,"Output":["nation.n_name","nation.n_nationkey"],"Inner Unique":true,"Hash Cond":"(nation.n_regionkey = region.r_regionkey)","Shared Hit Blocks":2,"Shared Read Blocks":0,"Shared Dirtied Blocks":0,"Shared Written Blocks":0,"Local Hit Blocks":0,"Local Read Blocks":0,"Local Dirtied Blocks":0,"Local Written Blocks":0,"Temp Read Blocks":0,"Temp Written Blocks":0,"I/O Read Time":0.0,"I/O Write Time":0.0,"Temp I/O Read Time":0.0,"Temp I/O Write Time":0.0,"Plans":[{"Node Type":"Seq Scan","Parent Relationship":"Outer","Parallel Aware":false,"Async Capable":false,"Relation Name":"nation","Schema":"public","Alias":"nation","Startup Cost":0.0,"Total Cost":1.62,"Plan Rows":62,"Plan Width":16,"Actual Startup Time":0.005,"Actual Total Time":0.01,"Actual Rows":62,"Actual Loops":1,"Output":["nation.n_nationkey","nation.n_name","nation.n_regionkey","nation.n_comment"],"Shared Hit Blocks":1,"Shared Read Blocks":0,"Shared Dirtied Blocks":0,"Shared Written Blocks":0,"Local Hit Blocks":0,"Local Read Blocks":0,"Local Dirtied Blocks":0,"Local Written Blocks":0,"Temp Read Blocks":0,"Temp Written Blocks":0,"I/O Read Time":0.0,"I/O Write Time":0.0,"Temp I/O Read Time":0.0,"Temp I/O Write Time":0.0},{"Node Type":"Hash","Parent Relationship":"Inner","Parallel Aware":false,"Async Capable":false,"Startup Cost":1.06,"Total Cost":1.06,"Plan Rows":1,"Plan Width":4,"Actual Startup Time":0.007,"Actual Total Time":0.008,"Actual Rows":1,"Actual Loops":1,"Output":["region.r_regionkey"],"Hash Buckets":1024,"Original Hash Buckets":1024,"Hash Batches":1,"Original Hash Batches":1,"Peak Memory Usage":9,"Shared Hit Blocks":1,"Shared Read Blocks":0,"Shared Dirtied Blocks":0,"Shared Written Blocks":0,"Local Hit Blocks":0,"Local Read Blocks":0,"Local Dirtied Blocks":0,"Local Written Blocks":0,"Temp Read Blocks":0,"Temp Written Blocks":0,"I/O Read Time":0.0,"I/O Write Time":0.0,"Temp I/O Read Time":0.0,"Temp I/O Write Time":0.0,"Plans":[{"Node Type":"Seq Scan","Parent Relationship":"Outer","Parallel Aware":false,"Async Capable":false,"Relation Name":"region","Schema":"public","Alias":"region","Startup Cost":0.0,"Total Cost":1.06,"Plan Rows":1,"Plan Width":4,"Actual Startup Time":0.006,"Actual Total Time":0.006,"Actual Rows":1,"Actual Loops":1,"Output":["region.r_regionkey"],"Filter":"((region.r_name)::text = 'Europe'::text)","Rows Removed by Filter":4,"Shared Hit Blocks":1,"Shared Read Blocks":0,"Shared Dirtied Blocks":0,"Shared Written Blocks":0,"Local Hit Blocks":0,"Local Read Blocks":0,"Local Dirtied Blocks":0,"Local Written Blocks":0,"Temp Read Blocks":0,"Temp Written Blocks":0,"I/O Read Time":0.0,"I/O Write Time":0.0,"Temp I/O Read Time":0.0,"Temp I/O Write Time":0.0}]}]}]}]}]},{"Node Type":"Index Only Scan","Parent Relationship":"Inner","Parallel Aware":false,"Async Capable":false,"Scan Direction":"Forward","Index Name":"stock_pk","Relation Name":"stock","Schema":"public","Alias":"stock","Startup Cost":0.44,"Total Cost":519363.62,"Plan Rows":20000212,"Plan Width":6,"Actual Startup Time":0.048,"Actual Total Time":1427.536,"Actual Rows":19999994,"Actual Loops":1,"Output":["stock.s_w_id","stock.s_i_id"],"Heap Fetches":0,"Shared Hit Blocks":54673,"Shared Read Blocks":0,"Shared Dirtied Blocks":0,"Shared Written Blocks":0,"Local Hit Blocks":0,"Local Read Blocks":0,"Local Dirtied Blocks":0,"Local Written Blocks":0,"Temp Read Blocks":0,"Temp Written Blocks":0,"I/O Read Time":0.0,"I/O Write Time":0.0,"Temp I/O Read Time":0.0,"Temp I/O Write Time":0.0}]},{"Node Type":"Hash","Parent Relationship":"Inner","Parallel Aware":false,"Async Capable":false,"Startup Cost":317.0,"Total Cost":317.0,"Plan Rows":10000,"Plan Width":8,"Actual Startup Time":2.823,"Actual Total Time":2.823,"Actual Rows":10000,"Actual Loops":1,"Output":["supplier.su_suppkey","supplier.su_nationkey"],"Hash Buckets":16384,"Original Hash Buckets":16384,"Hash Batches":1,"Original Hash Batches":1,"Peak Memory Usage":519,"Shared Hit Blocks":217,"Shared Read Blocks":0,"Shared Dirtied Blocks":0,"Shared Written Blocks":0,"Local Hit Blocks":0,"Local Read Blocks":0,"Local Dirtied Blocks":0,"Local Written Blocks":0,"Temp Read Blocks":0,"Temp Written Blocks":0,"I/O Read Time":0.0,"I/O Write Time":0.0,"Temp I/O Read Time":0.0,"Temp I/O Write Time":0.0,"Plans":[{"Node Type":"Seq Scan","Parent Relationship":"Outer","Parallel Aware":false,"Async Capable":false,"Relation Name":"supplier","Schema":"public","Alias":"supplier","Startup Cost":0.0,"Total Cost":317.0,"Plan Rows":10000,"Plan Width":8,"Actual Startup Time":0.009,"Actual Total Time":1.523,"Actual Rows":10000,"Actual Loops":1,"Output":["supplier.su_suppkey","supplier.su_nationkey"],"Shared Hit Blocks":217,"Shared Read Blocks":0,"Shared Dirtied Blocks":0,"Shared Written Blocks":0,"Local Hit Blocks":0,"Local Read Blocks":0,"Local Dirtied Blocks":0,"Local Written Blocks":0,"Temp Read Blocks":0,"Temp Written Blocks":0,"I/O Read Time":0.0,"I/O Write Time":0.0,"Temp I/O Read Time":0.0,"Temp I/O Write Time":0.0}]}]}]}]}]},"Planning":{"Shared Hit Blocks":220,"Shared Read Blocks":0,"Shared Dirtied Blocks":0,"Shared Written Blocks":0,"Local Hit Blocks":0,"Local Read Blocks":0,"Local Dirtied Blocks":0,"Local Written Blocks":0,"Temp Read Blocks":0,"Temp Written Blocks":0,"I/O Read Time":0.0,"I/O Write Time":0.0,"Temp I/O Read Time":0.0,"Temp I/O Write Time":0.0},"Planning Time":4.421,"Triggers":[],"Execution Time":34474.318}]
[列存组合]: nation, orders, stock
[{"Plan":{"Node Type":"Sort","Parallel Aware":false,"Async Capable":false,"Startup Cost":4083746.0,"Total Cost":4083746.16,"Plan Rows":62,"Plan Width":40,"Actual Startup Time":34433.334,"Actual Total Time":34433.361,"Actual Rows":11,"Actual Loops":1,"Output":["nation.n_name","(sum(order_line.ol_amount))"],"Sort Key":["(sum(order_line.ol_amount)) DESC"],"Sort Method":"quicksort","Sort Space Used":25,"Sort Space Type":"Memory","Shared Hit Blocks":1196630,"Shared Read Blocks":0,"Shared Dirtied Blocks":0,"Shared Written Blocks":0,"Local Hit Blocks":0,"Local Read Blocks":0,"Local Dirtied Blocks":0,"Local Written Blocks":0,"Temp Read Blocks":288611,"Temp Written Blocks":288665,"I/O Read Time":0.0,"I/O Write Time":0.0,"Temp I/O Read Time":434.399,"Temp I/O Write Time":1168.265,"Plans":[{"Node Type":"Aggregate","Strategy":"Sorted","Partial Mode":"Simple","Parent Relationship":"Outer","Parallel Aware":false,"Async Capable":false,"Startup Cost":4083592.36,"Total Cost":4083744.16,"Plan Rows":62,"Plan Width":40,"Actual Startup Time":34427.392,"Actual Total Time":34433.344,"Actual Rows":11,"Actual Loops":1,"Output":["nation.n_name","sum(order_line.ol_amount)"],"Group Key":["nation.n_name"],"Shared Hit Blocks":1196630,"Shared Read Blocks":0,"Shared Dirtied Blocks":0,"Shared Written Blocks":0,"Local Hit Blocks":0,"Local Read Blocks":0,"Local Dirtied Blocks":0,"Local Written Blocks":0,"Temp Read Blocks":288611,"Temp Written Blocks":288665,"I/O Read Time":0.0,"I/O Write Time":0.0,"Temp I/O Read Time":434.399,"Temp I/O Write Time":1168.265,"Plans":[{"Node Type":"Sort","Parent Relationship":"Outer","Parallel Aware":false,"Async Capable":false,"Startup Cost":4083592.36,"Total Cost":4083642.7,"Plan Rows":20136,"Plan Width":12,"Actual Startup Time":34426.956,"Actual Total Time":34428.754,"Actual Rows":35044,"Actual Loops":1,"Output":["nation.n_name","order_line.ol_amount"],"Sort Key":["nation.n_name"],"Sort Method":"quicksort","Sort Space Used":3146,"Sort Space Type":"Memory","Shared Hit Blocks":1196630,"Shared Read Blocks":0,"Shared Dirtied Blocks":0,"Shared Written Blocks":0,"Local Hit Blocks":0,"Local Read Blocks":0,"Local Dirtied Blocks":0,"Local Written Blocks":0,"Temp Read Blocks":288611,"Temp Written Blocks":288665,"I/O Read Time":0.0,"I/O Write Time":0.0,"Temp I/O Read Time":434.399,"Temp I/O Write Time":1168.265,"Plans":[{"Node Type":"Hash Join","Parent Relationship":"Outer","Parallel Aware":false,"Async Capable":false,"Join Type":"Inner","Startup Cost":3434284.91,"Total Cost":4082152.89,"Plan Rows":20136,"Plan Width":12,"Actual Startup Time":30488.332,"Actual Total Time":34408.082,"Actual Rows":35044,"Actual Loops":1,"Output":["nation.n_name","order_line.ol_amount"],"Inner Unique":true,"Hash Cond":"((mod((stock.s_w_id * stock.s_i_id), 10000) = supplier.su_suppkey) AND (customer.c_nationkey = supplier.su_nationkey))","Shared Hit Blocks":1196630,"Shared Read Blocks":0,"Shared Dirtied Blocks":0,"Shared Written Blocks":0,"Local Hit Blocks":0,"Local Read Blocks":0,"Local Dirtied Blocks":0,"Local Written Blocks":0,"Temp Read Blocks":288611,"Temp Written Blocks":288665,"I/O Read Time":0.0,"I/O Write Time":0.0,"Temp I/O Read Time":434.399,"Temp I/O Write Time":1168.265,"Plans":[{"Node Type":"Merge Join","Parent Relationship":"Outer","Parallel Aware":false,"Async Capable":false,"Join Type":"Inner","Startup Cost":3433817.91,"Total Cost":4074850.92,"Plan Rows":1242717,"Plan Width":26,"Actual Startup Time":30485.31,"Actual Total Time":34126.705,"Actual Rows":2218175,"Actual Loops":1,"Output":["customer.c_nationkey","order_line.ol_amount","stock.s_w_id","stock.s_i_id","nation.n_name","nation.n_nationkey"],"Inner Unique":true,"Merge Cond":"((customer.c_w_id = stock.s_w_id) AND (order_line.ol_i_id = stock.s_i_id))","Shared Hit Blocks":1196413,"Shared Read Blocks":0,"Shared Dirtied Blocks":0,"Shared Written Blocks":0,"Local Hit Blocks":0,"Local Read Blocks":0,"Local Dirtied Blocks":0,"Local Written Blocks":0,"Temp Read Blocks":288611,"Temp Written Blocks":288665,"I/O Read Time":0.0,"I/O Write Time":0.0,"Temp I/O Read Time":434.399,"Temp I/O Write Time":1168.265,"Plans":[{"Node Type":"Sort","Parent Relationship":"Outer","Parallel Aware":false,"Async Capable":false,"Startup Cost":3433817.48,"Total Cost":3436898.01,"Plan Rows":1232214,"Plan Width":30,"Actual Startup Time":30485.246,"Actual Total Time":31080.298,"Actual Rows":2218175,"Actual Loops":1,"Output":["customer.c_w_id","customer.c_nationkey","orders.o_w_id","order_line.ol_amount","order_line.ol_w_id","order_line.ol_i_id","nation.n_name","nation.n_nationkey"],"Sort Key":["customer.c_w_id","order_line.ol_i_id"],"Sort Method":"external merge","Sort Space Used":94520,"Sort Space Type":"Disk","Shared Hit Blocks":1141740,"Shared Read Blocks":0,"Shared Dirtied Blocks":0,"Shared Written Blocks":0,"Local Hit Blocks":0,"Local Read Blocks":0,"Local Dirtied Blocks":0,"Local Written Blocks":0,"Temp Read Blocks":288611,"Temp Written Blocks":288665,"I/O Read Time":0.0,"I/O Write Time":0.0,"Temp I/O Read Time":434.399,"Temp I/O Write Time":1168.265,"Plans":[{"Node Type":"Hash Join","Parent Relationship":"Outer","Parallel Aware":false,"Async Capable":false,"Join Type":"Inner","Startup Cost":805468.83,"Total Cost":3250193.65,"Plan Rows":1232214,"Plan Width":30,"Actual Startup Time":3207.866,"Actual Total Time":27854.18,"Actual Rows":2218175,"Actual Loops":1,"Output":["customer.c_w_id","customer.c_nationkey","orders.o_w_id","order_line.ol_amount","order_line.ol_w_id","order_line.ol_i_id","nation.n_name","nation.n_nationkey"],"Inner Unique":false,"Hash Cond":"(customer.c_nationkey = nation.n_nationkey)","Shared Hit Blocks":1141740,"Shared Read Blocks":0,"Shared Dirtied Blocks":0,"Shared Written Blocks":0,"Local Hit Blocks":0,"Local Read Blocks":0,"Local Dirtied Blocks":0,"Local Written Blocks":0,"Temp Read Blocks":264991,"Temp Written Blocks":264991,"I/O Read Time":0.0,"I/O Write Time":0.0,"Temp I/O Read Time":398.772,"Temp I/O Write Time":1105.903,"Plans":[{"Node Type":"Hash Join","Parent Relationship":"Outer","Parallel Aware":false,"Async Capable":false,"Join Type":"Inner","Startup Cost":805465.69,"Total Cost":3215161.84,"Plan Rows":6161071,"Plan Width":18,"Actual Startup Time":3200.15,"Actual Total Time":27011.977,"Actual Rows":8568663,"Actual Loops":1,"Output":["customer.c_w_id","customer.c_nationkey","orders.o_w_id","order_line.ol_amount","order_line.ol_w_id","order_line.ol_i_id"],"Inner Unique":true,"Hash Cond":"((orders.o_c_id = customer.c_id) AND (orders.o_w_id = customer.c_w_id) AND (orders.o_d_id = customer.c_d_id))","Shared Hit Blocks":1141738,"Shared Read Blocks":0,"Shared Dirtied Blocks":0,"Shared Written Blocks":0,"Local Hit Blocks":0,"Local Read Blocks":0,"Local Dirtied Blocks":0,"Local Written Blocks":0,"Temp Read Blocks":264991,"Temp Written Blocks":264991,"I/O Read Time":0.0,"I/O Write Time":0.0,"Temp I/O Read Time":398.772,"Temp I/O Write Time":1105.903,"Plans":[{"Node Type":"Hash Join","Parent Relationship":"Outer","Parallel Aware":false,"Async Capable":false,"Join Type":"Inner","Startup Cost":151173.84,"Total Cost":2410851.54,"Plan Rows":6161071,"Plan Width":20,"Actual Startup Time":384.464,"Actual Total Time":19911.103,"Actual Rows":8568663,"Actual Loops":1,"Output":["orders.o_c_id","orders.o_w_id","orders.o_d_id","order_line.ol_amount","order_line.ol_w_id","order_line.ol_d_id","order_line.ol_i_id"],"Inner Unique":true,"Hash Cond":"((order_line.ol_w_id = orders.o_w_id) AND (order_line.ol_d_id = orders.o_d_id) AND (order_line.ol_o_id = orders.o_id))","Shared Hit Blocks":681748,"Shared Read Blocks":0,"Shared Dirtied Blocks":0,"Shared Written Blocks":0,"Local Hit Blocks":0,"Local Read Blocks":0,"Local Dirtied Blocks":0,"Local Written Blocks":0,"Temp Read Blocks":200672,"Temp Written Blocks":200672,"I/O Read Time":0.0,"I/O Write Time":0.0,"Temp I/O Read Time":299.763,"Temp I/O Write Time":797.63,"Plans":[{"Node Type":"Seq Scan","Parent Relationship":"Outer","Parallel Aware":false,"Async Capable":false,"Relation Name":"order_line","Schema":"public","Alias":"order_line","Startup Cost":0.0,"Total Cost":1431670.8,"Plan Rows":42039468,"Plan Width":20,"Actual Startup Time":0.006,"Actual Total Time":7311.222,"Actual Rows":42000489,"Actual Loops":1,"Output":["order_line.ol_amount","order_line.ol_o_id","order_line.ol_w_id","order_line.ol_d_id","order_line.ol_i_id"],"Filter":"(order_line.ol_delivery_d >= '1992-01-02 20:10:02.27764'::timestamp without time zone)","Rows Removed by Filter":17993272,"Shared Hit Blocks":681748,"Shared Read Blocks":0,"Shared Dirtied Blocks":0,"Shared Written Blocks":0,"Local Hit Blocks":0,"Local Read Blocks":0,"Local Dirtied Blocks":0,"Local Written Blocks":0,"Temp Read Blocks":0,"Temp Written Blocks":0,"I/O Read Time":0.0,"I/O Write Time":0.0,"Temp I/O Read Time":0.0,"Temp I/O Write Time":0.0},{"Node Type":"Hash","Parent Relationship":"Inner","Parallel Aware":false,"Async Capable":false,"Startup Cost":131491.69,"Total Cost":131491.69,"Plan Rows":879323,"Plan Width":16,"Actual Startup Time":350.038,"Actual Total Time":350.048,"Actual Rows":856801,"Actual Loops":1,"Output":["orders.o_c_id","orders.o_w_id","orders.o_d_id","orders.o_id"],"Hash Buckets":262144,"Original Hash Buckets":262144,"Hash Batches":8,"Original Hash Batches":8,"Peak Memory Usage":7070,"Shared Hit Blocks":0,"Shared Read Blocks":0,"Shared Dirtied Blocks":0,"Shared Written Blocks":0,"Local Hit Blocks":0,"Local Read Blocks":0,"Local Dirtied Blocks":0,"Local Written Blocks":0,"Temp Read Blocks":0,"Temp Written Blocks":3290,"I/O Read Time":0.0,"I/O Write Time":0.0,"Temp I/O Read Time":0.0,"Temp I/O Write Time":14.148,"Plans":[{"Node Type":"Append","Parent Relationship":"Outer","Parallel Aware":false,"Async Capable":false,"Startup Cost":20.0,"Total Cost":131491.69,"Plan Rows":879323,"Plan Width":16,"Actual Startup Time":0.517,"Actual Total Time":200.666,"Actual Rows":856801,"Actual Loops":1,"Shared Hit Blocks":0,"Shared Read Blocks":0,"Shared Dirtied Blocks":0,"Shared Written Blocks":0,"Local Hit Blocks":0,"Local Read Blocks":0,"Local Dirtied Blocks":0,"Local Written Blocks":0,"Temp Read Blocks":0,"Temp Written Blocks":0,"I/O Read Time":0.0,"I/O Write Time":0.0,"Temp I/O Read Time":0.0,"Temp I/O Write Time":0.0,"Subplans Removed":0,"Plans":[{"Node Type":"Custom Scan","Parent Relationship":"Member","Custom Plan Provider":"columnar scan","Parallel Aware":false,"Async Capable":false,"Relation Name":"orders","Schema":"public","Alias":"orders","Startup Cost":20.0,"Total Cost":20684.21,"Plan Rows":879322,"Plan Width":16,"Actual Startup Time":0.516,"Actual Total Time":140.601,"Actual Rows":856801,"Actual Loops":1,"Output":["orders.o_c_id","orders.o_w_id","orders.o_d_id","orders.o_id"],"Filter":"((orders.o_entry_d < '1994-01-02 20:10:02.27764'::timestamp without time zone) AND (orders.o_entry_d >= '1993-01-02 20:10:02.27764'::timestamp without time zone))","Rows Removed by Filter":0,"Rows Removed by Columnar Filter":5143199,"Columnar cache search mode":"native","Shared Hit Blocks":0,"Shared Read Blocks":0,"Shared Dirtied Blocks":0,"Shared Written Blocks":0,"Local Hit Blocks":0,"Local Read Blocks":0,"Local Dirtied Blocks":0,"Local Written Blocks":0,"Temp Read Blocks":0,"Temp Written Blocks":0,"I/O Read Time":0.0,"I/O Write Time":0.0,"Temp I/O Read Time":0.0,"Temp I/O Write Time":0.0},{"Node Type":"Seq Scan","Parent Relationship":"Member","Parallel Aware":false,"Async Capable":false,"Relation Name":"orders","Schema":"public","Alias":"orders","Startup Cost":0.0,"Total Cost":4.01,"Plan Rows":1,"Plan Width":16,"Actual Startup Time":0.0,"Actual Total Time":0.0,"Actual Rows":0,"Actual Loops":0,"Output":["orders.o_c_id","orders.o_w_id","orders.o_d_id","orders.o_id"],"Filter":"((orders.o_entry_d < '1994-01-02 20:10:02.27764'::timestamp without time zone) AND (orders.o_entry_d >= '1993-01-02 20:10:02.27764'::timestamp without time zone))","Rows Removed by Filter":0,"Shared Hit Blocks":0,"Shared Read Blocks":0,"Shared Dirtied Blocks":0,"Shared Written Blocks":0,"Local Hit Blocks":0,"Local Read Blocks":0,"Local Dirtied Blocks":0,"Local Written Blocks":0,"Temp Read Blocks":0,"Temp Written Blocks":0,"I/O Read Time":0.0,"I/O Write Time":0.0,"Temp I/O Read Time":0.0,"Temp I/O Write Time":0.0}]}]}]},{"Node Type":"Hash","Parent Relationship":"Inner","Parallel Aware":false,"Async Capable":false,"Startup Cost":519991.4,"Total Cost":519991.4,"Plan Rows":6000140,"Plan Width":12,"Actual Startup Time":2808.665,"Actual Total Time":2808.667,"Actual Rows":6000000,"Actual Loops":1,"Output":["customer.c_id","customer.c_w_id","customer.c_d_id","customer.c_nationkey"],"Hash Buckets":262144,"Original Hash Buckets":262144,"Hash Batches":64,"Original Hash Batches":64,"Peak Memory Usage":6073,"Shared Hit Blocks":459990,"Shared Read Blocks":0,"Shared Dirtied Blocks":0,"Shared Written Blocks":0,"Local Hit Blocks":0,"Local Read Blocks":0,"Local Dirtied Blocks":0,"Local Written Blocks":0,"Temp Read Blocks":0,"Temp Written Blocks":23037,"I/O Read Time":0.0,"I/O Write Time":0.0,"Temp I/O Read Time":0.0,"Temp I/O Write Time":113.722,"Plans":[{"Node Type":"Seq Scan","Parent Relationship":"Outer","Parallel Aware":false,"Async Capable":false,"Relation Name":"customer","Schema":"public","Alias":"customer","Startup Cost":0.0,"Total Cost":519991.4,"Plan Rows":6000140,"Plan Width":12,"Actual Startup Time":0.009,"Actual Total Time":1788.478,"Actual Rows":6000000,"Actual Loops":1,"Output":["customer.c_id","customer.c_w_id","customer.c_d_id","customer.c_nationkey"],"Shared Hit Blocks":459990,"Shared Read Blocks":0,"Shared Dirtied Blocks":0,"Shared Written Blocks":0,"Local Hit Blocks":0,"Local Read Blocks":0,"Local Dirtied Blocks":0,"Local Written Blocks":0,"Temp Read Blocks":0,"Temp Written Blocks":0,"I/O Read Time":0.0,"I/O Write Time":0.0,"Temp I/O Read Time":0.0,"Temp I/O Write Time":0.0}]}]},{"Node Type":"Hash","Parent Relationship":"Inner","Parallel Aware":false,"Async Capable":false,"Startup Cost":2.99,"Total Cost":2.99,"Plan Rows":12,"Plan Width":12,"Actual Startup Time":0.041,"Actual Total Time":0.045,"Actual Rows":22,"Actual Loops":1,"Output":["nation.n_name","nation.n_nationkey"],"Hash Buckets":1024,"Original Hash Buckets":1024,"Hash Batches":1,"Original Hash Batches":1,"Peak Memory Usage":9,"Shared Hit Blocks":2,"Shared Read Blocks":0,"Shared Dirtied Blocks":0,"Shared Written Blocks":0,"Local Hit Blocks":0,"Local Read Blocks":0,"Local Dirtied Blocks":0,"Local Written Blocks":0,"Temp Read Blocks":0,"Temp Written Blocks":0,"I/O Read Time":0.0,"I/O Write Time":0.0,"Temp I/O Read Time":0.0,"Temp I/O Write Time":0.0,"Plans":[{"Node Type":"Hash Join","Parent Relationship":"Outer","Parallel Aware":false,"Async Capable":false,"Join Type":"Inner","Startup Cost":1.07,"Total Cost":2.99,"Plan Rows":12,"Plan Width":12,"Actual Startup Time":0.023,"Actual Total Time":0.038,"Actual Rows":22,"Actual Loops":1,"Output":["nation.n_name","nation.n_nationkey"],"Inner Unique":true,"Hash Cond":"(nation.n_regionkey = region.r_regionkey)","Shared Hit Blocks":2,"Shared Read Blocks":0,"Shared Dirtied Blocks":0,"Shared Written Blocks":0,"Local Hit Blocks":0,"Local Read Blocks":0,"Local Dirtied Blocks":0,"Local Written Blocks":0,"Temp Read Blocks":0,"Temp Written Blocks":0,"I/O Read Time":0.0,"I/O Write Time":0.0,"Temp I/O Read Time":0.0,"Temp I/O Write Time":0.0,"Plans":[{"Node Type":"Seq Scan","Parent Relationship":"Outer","Parallel Aware":false,"Async Capable":false,"Relation Name":"nation","Schema":"public","Alias":"nation","Startup Cost":0.0,"Total Cost":1.62,"Plan Rows":62,"Plan Width":16,"Actual Startup Time":0.005,"Actual Total Time":0.009,"Actual Rows":62,"Actual Loops":1,"Output":["nation.n_nationkey","nation.n_name","nation.n_regionkey","nation.n_comment"],"Shared Hit Blocks":1,"Shared Read Blocks":0,"Shared Dirtied Blocks":0,"Shared Written Blocks":0,"Local Hit Blocks":0,"Local Read Blocks":0,"Local Dirtied Blocks":0,"Local Written Blocks":0,"Temp Read Blocks":0,"Temp Written Blocks":0,"I/O Read Time":0.0,"I/O Write Time":0.0,"Temp I/O Read Time":0.0,"Temp I/O Write Time":0.0},{"Node Type":"Hash","Parent Relationship":"Inner","Parallel Aware":false,"Async Capable":false,"Startup Cost":1.06,"Total Cost":1.06,"Plan Rows":1,"Plan Width":4,"Actual Startup Time":0.008,"Actual Total Time":0.008,"Actual Rows":1,"Actual Loops":1,"Output":["region.r_regionkey"],"Hash Buckets":1024,"Original Hash Buckets":1024,"Hash Batches":1,"Original Hash Batches":1,"Peak Memory Usage":9,"Shared Hit Blocks":1,"Shared Read Blocks":0,"Shared Dirtied Blocks":0,"Shared Written Blocks":0,"Local Hit Blocks":0,"Local Read Blocks":0,"Local Dirtied Blocks":0,"Local Written Blocks":0,"Temp Read Blocks":0,"Temp Written Blocks":0,"I/O Read Time":0.0,"I/O Write Time":0.0,"Temp I/O Read Time":0.0,"Temp I/O Write Time":0.0,"Plans":[{"Node Type":"Seq Scan","Parent Relationship":"Outer","Parallel Aware":false,"Async Capable":false,"Relation Name":"region","Schema":"public","Alias":"region","Startup Cost":0.0,"Total Cost":1.06,"Plan Rows":1,"Plan Width":4,"Actual Startup Time":0.006,"Actual Total Time":0.006,"Actual Rows":1,"Actual Loops":1,"Output":["region.r_regionkey"],"Filter":"((region.r_name)::text = 'Europe'::text)","Rows Removed by Filter":4,"Shared Hit Blocks":1,"Shared Read Blocks":0,"Shared Dirtied Blocks":0,"Shared Written Blocks":0,"Local Hit Blocks":0,"Local Read Blocks":0,"Local Dirtied Blocks":0,"Local Written Blocks":0,"Temp Read Blocks":0,"Temp Written Blocks":0,"I/O Read Time":0.0,"I/O Write Time":0.0,"Temp I/O Read Time":0.0,"Temp I/O Write Time":0.0}]}]}]}]}]},{"Node Type":"Index Only Scan","Parent Relationship":"Inner","Parallel Aware":false,"Async Capable":false,"Scan Direction":"Forward","Index Name":"stock_pk","Relation Name":"stock","Schema":"public","Alias":"stock","Startup Cost":0.44,"Total Cost":519363.62,"Plan Rows":20000212,"Plan Width":6,"Actual Startup Time":0.05,"Actual Total Time":1408.153,"Actual Rows":19999994,"Actual Loops":1,"Output":["stock.s_w_id","stock.s_i_id"],"Heap Fetches":0,"Shared Hit Blocks":54673,"Shared Read Blocks":0,"Shared Dirtied Blocks":0,"Shared Written Blocks":0,"Local Hit Blocks":0,"Local Read Blocks":0,"Local Dirtied Blocks":0,"Local Written Blocks":0,"Temp Read Blocks":0,"Temp Written Blocks":0,"I/O Read Time":0.0,"I/O Write Time":0.0,"Temp I/O Read Time":0.0,"Temp I/O Write Time":0.0}]},{"Node Type":"Hash","Parent Relationship":"Inner","Parallel Aware":false,"Async Capable":false,"Startup Cost":317.0,"Total Cost":317.0,"Plan Rows":10000,"Plan Width":8,"Actual Startup Time":2.583,"Actual Total Time":2.584,"Actual Rows":10000,"Actual Loops":1,"Output":["supplier.su_suppkey","supplier.su_nationkey"],"Hash Buckets":16384,"Original Hash Buckets":16384,"Hash Batches":1,"Original Hash Batches":1,"Peak Memory Usage":519,"Shared Hit Blocks":217,"Shared Read Blocks":0,"Shared Dirtied Blocks":0,"Shared Written Blocks":0,"Local Hit Blocks":0,"Local Read Blocks":0,"Local Dirtied Blocks":0,"Local Written Blocks":0,"Temp Read Blocks":0,"Temp Written Blocks":0,"I/O Read Time":0.0,"I/O Write Time":0.0,"Temp I/O Read Time":0.0,"Temp I/O Write Time":0.0,"Plans":[{"Node Type":"Seq Scan","Parent Relationship":"Outer","Parallel Aware":false,"Async Capable":false,"Relation Name":"supplier","Schema":"public","Alias":"supplier","Startup Cost":0.0,"Total Cost":317.0,"Plan Rows":10000,"Plan Width":8,"Actual Startup Time":0.011,"Actual Total Time":1.297,"Actual Rows":10000,"Actual Loops":1,"Output":["supplier.su_suppkey","supplier.su_nationkey"],"Shared Hit Blocks":217,"Shared Read Blocks":0,"Shared Dirtied Blocks":0,"Shared Written Blocks":0,"Local Hit Blocks":0,"Local Read Blocks":0,"Local Dirtied Blocks":0,"Local Written Blocks":0,"Temp Read Blocks":0,"Temp Written Blocks":0,"I/O Read Time":0.0,"I/O Write Time":0.0,"Temp I/O Read Time":0.0,"Temp I/O Write Time":0.0}]}]}]}]}]},"Planning":{"Shared Hit Blocks":220,"Shared Read Blocks":0,"Shared Dirtied Blocks":0,"Shared Written Blocks":0,"Local Hit Blocks":0,"Local Read Blocks":0,"Local Dirtied Blocks":0,"Local Written Blocks":0,"Temp Read Blocks":0,"Temp Written Blocks":0,"I/O Read Time":0.0,"I/O Write Time":0.0,"Temp I/O Read Time":0.0,"Temp I/O Write Time":0.0},"Planning Time":5.254,"Triggers":[],"Execution Time":34448.116}]
[列存组合]: nation, orders, supplier
[{"Plan":{"Node Type":"Sort","Parallel Aware":false,"Async Capable":false,"Startup Cost":4083648.03,"Total Cost":4083648.18,"Plan Rows":62,"Plan Width":40,"Actual Startup Time":34417.168,"Actual Total Time":34417.197,"Actual Rows":11,"Actual Loops":1,"Output":["nation.n_name","(sum(order_line.ol_amount))"],"Sort Key":["(sum(order_line.ol_amount)) DESC"],"Sort Method":"quicksort","Sort Space Used":25,"Sort Space Type":"Memory","Shared Hit Blocks":1196413,"Shared Read Blocks":0,"Shared Dirtied Blocks":0,"Shared Written Blocks":0,"Local Hit Blocks":0,"Local Read Blocks":0,"Local Dirtied Blocks":0,"Local Written Blocks":0,"Temp Read Blocks":288611,"Temp Written Blocks":288665,"I/O Read Time":0.0,"I/O Write Time":0.0,"Temp I/O Read Time":432.728,"Temp I/O Write Time":1162.884,"Plans":[{"Node Type":"Aggregate","Strategy":"Sorted","Partial Mode":"Simple","Parent Relationship":"Outer","Parallel Aware":false,"Async Capable":false,"Startup Cost":4083494.39,"Total Cost":4083646.18,"Plan Rows":62,"Plan Width":40,"Actual Startup Time":34411.265,"Actual Total Time":34417.18,"Actual Rows":11,"Actual Loops":1,"Output":["nation.n_name","sum(order_line.ol_amount)"],"Group Key":["nation.n_name"],"Shared Hit Blocks":1196413,"Shared Read Blocks":0,"Shared Dirtied Blocks":0,"Shared Written Blocks":0,"Local Hit Blocks":0,"Local Read Blocks":0,"Local Dirtied Blocks":0,"Local Written Blocks":0,"Temp Read Blocks":288611,"Temp Written Blocks":288665,"I/O Read Time":0.0,"I/O Write Time":0.0,"Temp I/O Read Time":432.728,"Temp I/O Write Time":1162.884,"Plans":[{"Node Type":"Sort","Parent Relationship":"Outer","Parallel Aware":false,"Async Capable":false,"Startup Cost":4083494.39,"Total Cost":4083544.73,"Plan Rows":20136,"Plan Width":12,"Actual Startup Time":34410.829,"Actual Total Time":34412.595,"Actual Rows":35044,"Actual Loops":1,"Output":["nation.n_name","order_line.ol_amount"],"Sort Key":["nation.n_name"],"Sort Method":"quicksort","Sort Space Used":3146,"Sort Space Type":"Memory","Shared Hit Blocks":1196413,"Shared Read Blocks":0,"Shared Dirtied Blocks":0,"Shared Written Blocks":0,"Local Hit Blocks":0,"Local Read Blocks":0,"Local Dirtied Blocks":0,"Local Written Blocks":0,"Temp Read Blocks":288611,"Temp Written Blocks":288665,"I/O Read Time":0.0,"I/O Write Time":0.0,"Temp I/O Read Time":432.728,"Temp I/O Write Time":1162.884,"Plans":[{"Node Type":"Hash Join","Parent Relationship":"Outer","Parallel Aware":false,"Async Capable":false,"Join Type":"Inner","Startup Cost":3434186.94,"Total Cost":4082054.92,"Plan Rows":20136,"Plan Width":12,"Actual Startup Time":30480.581,"Actual Total Time":34391.741,"Actual Rows":35044,"Actual Loops":1,"Output":["nation.n_name","order_line.ol_amount"],"Inner Unique":true,"Hash Cond":"((mod((stock.s_w_id * stock.s_i_id), 10000) = supplier.su_suppkey) AND (customer.c_nationkey = supplier.su_nationkey))","Shared Hit Blocks":1196413,"Shared Read Blocks":0,"Shared Dirtied Blocks":0,"Shared Written Blocks":0,"Local Hit Blocks":0,"Local Read Blocks":0,"Local Dirtied Blocks":0,"Local Written Blocks":0,"Temp Read Blocks":288611,"Temp Written Blocks":288665,"I/O Read Time":0.0,"I/O Write Time":0.0,"Temp I/O Read Time":432.728,"Temp I/O Write Time":1162.884,"Plans":[{"Node Type":"Merge Join","Parent Relationship":"Outer","Parallel Aware":false,"Async Capable":false,"Join Type":"Inner","Startup Cost":3433817.91,"Total Cost":4074850.92,"Plan Rows":1242717,"Plan Width":26,"Actual Startup Time":30476.999,"Actual Total Time":34111.694,"Actual Rows":2218175,"Actual Loops":1,"Output":["customer.c_nationkey","order_line.ol_amount","stock.s_w_id","stock.s_i_id","nation.n_name","nation.n_nationkey"],"Inner Unique":true,"Merge Cond":"((customer.c_w_id = stock.s_w_id) AND (order_line.ol_i_id = stock.s_i_id))","Shared Hit Blocks":1196413,"Shared Read Blocks":0,"Shared Dirtied Blocks":0,"Shared Written Blocks":0,"Local Hit Blocks":0,"Local Read Blocks":0,"Local Dirtied Blocks":0,"Local Written Blocks":0,"Temp Read Blocks":288611,"Temp Written Blocks":288665,"I/O Read Time":0.0,"I/O Write Time":0.0,"Temp I/O Read Time":432.728,"Temp I/O Write Time":1162.884,"Plans":[{"Node Type":"Sort","Parent Relationship":"Outer","Parallel Aware":false,"Async Capable":false,"Startup Cost":3433817.48,"Total Cost":3436898.01,"Plan Rows":1232214,"Plan Width":30,"Actual Startup Time":30476.941,"Actual Total Time":31073.057,"Actual Rows":2218175,"Actual Loops":1,"Output":["customer.c_w_id","customer.c_nationkey","orders.o_w_id","order_line.ol_amount","order_line.ol_w_id","order_line.ol_i_id","nation.n_name","nation.n_nationkey"],"Sort Key":["customer.c_w_id","order_line.ol_i_id"],"Sort Method":"external merge","Sort Space Used":94520,"Sort Space Type":"Disk","Shared Hit Blocks":1141740,"Shared Read Blocks":0,"Shared Dirtied Blocks":0,"Shared Written Blocks":0,"Local Hit Blocks":0,"Local Read Blocks":0,"Local Dirtied Blocks":0,"Local Written Blocks":0,"Temp Read Blocks":288611,"Temp Written Blocks":288665,"I/O Read Time":0.0,"I/O Write Time":0.0,"Temp I/O Read Time":432.728,"Temp I/O Write Time":1162.884,"Plans":[{"Node Type":"Hash Join","Parent Relationship":"Outer","Parallel Aware":false,"Async Capable":false,"Join Type":"Inner","Startup Cost":805468.83,"Total Cost":3250193.65,"Plan Rows":1232214,"Plan Width":30,"Actual Startup Time":3198.172,"Actual Total Time":27850.645,"Actual Rows":2218175,"Actual Loops":1,"Output":["customer.c_w_id","customer.c_nationkey","orders.o_w_id","order_line.ol_amount","order_line.ol_w_id","order_line.ol_i_id","nation.n_name","nation.n_nationkey"],"Inner Unique":false,"Hash Cond":"(customer.c_nationkey = nation.n_nationkey)","Shared Hit Blocks":1141740,"Shared Read Blocks":0,"Shared Dirtied Blocks":0,"Shared Written Blocks":0,"Local Hit Blocks":0,"Local Read Blocks":0,"Local Dirtied Blocks":0,"Local Written Blocks":0,"Temp Read Blocks":264991,"Temp Written Blocks":264991,"I/O Read Time":0.0,"I/O Write Time":0.0,"Temp I/O Read Time":396.916,"Temp I/O Write Time":1100.203,"Plans":[{"Node Type":"Hash Join","Parent Relationship":"Outer","Parallel Aware":false,"Async Capable":false,"Join Type":"Inner","Startup Cost":805465.69,"Total Cost":3215161.84,"Plan Rows":6161071,"Plan Width":18,"Actual Startup Time":3190.461,"Actual Total Time":27004.45,"Actual Rows":8568663,"Actual Loops":1,"Output":["customer.c_w_id","customer.c_nationkey","orders.o_w_id","order_line.ol_amount","order_line.ol_w_id","order_line.ol_i_id"],"Inner Unique":true,"Hash Cond":"((orders.o_c_id = customer.c_id) AND (orders.o_w_id = customer.c_w_id) AND (orders.o_d_id = customer.c_d_id))","Shared Hit Blocks":1141738,"Shared Read Blocks":0,"Shared Dirtied Blocks":0,"Shared Written Blocks":0,"Local Hit Blocks":0,"Local Read Blocks":0,"Local Dirtied Blocks":0,"Local Written Blocks":0,"Temp Read Blocks":264991,"Temp Written Blocks":264991,"I/O Read Time":0.0,"I/O Write Time":0.0,"Temp I/O Read Time":396.916,"Temp I/O Write Time":1100.203,"Plans":[{"Node Type":"Hash Join","Parent Relationship":"Outer","Parallel Aware":false,"Async Capable":false,"Join Type":"Inner","Startup Cost":151173.84,"Total Cost":2410851.54,"Plan Rows":6161071,"Plan Width":20,"Actual Startup Time":383.179,"Actual Total Time":19906.774,"Actual Rows":8568663,"Actual Loops":1,"Output":["orders.o_c_id","orders.o_w_id","orders.o_d_id","order_line.ol_amount","order_line.ol_w_id","order_line.ol_d_id","order_line.ol_i_id"],"Inner Unique":true,"Hash Cond":"((order_line.ol_w_id = orders.o_w_id) AND (order_line.ol_d_id = orders.o_d_id) AND (order_line.ol_o_id = orders.o_id))","Shared Hit Blocks":681748,"Shared Read Blocks":0,"Shared Dirtied Blocks":0,"Shared Written Blocks":0,"Local Hit Blocks":0,"Local Read Blocks":0,"Local Dirtied Blocks":0,"Local Written Blocks":0,"Temp Read Blocks":200672,"Temp Written Blocks":200672,"I/O Read Time":0.0,"I/O Write Time":0.0,"Temp I/O Read Time":298.522,"Temp I/O Write Time":794.706,"Plans":[{"Node Type":"Seq Scan","Parent Relationship":"Outer","Parallel Aware":false,"Async Capable":false,"Relation Name":"order_line","Schema":"public","Alias":"order_line","Startup Cost":0.0,"Total Cost":1431670.8,"Plan Rows":42039468,"Plan Width":20,"Actual Startup Time":0.005,"Actual Total Time":7303.541,"Actual Rows":42000489,"Actual Loops":1,"Output":["order_line.ol_amount","order_line.ol_o_id","order_line.ol_w_id","order_line.ol_d_id","order_line.ol_i_id"],"Filter":"(order_line.ol_delivery_d >= '1992-01-02 20:10:02.27764'::timestamp without time zone)","Rows Removed by Filter":17993272,"Shared Hit Blocks":681748,"Shared Read Blocks":0,"Shared Dirtied Blocks":0,"Shared Written Blocks":0,"Local Hit Blocks":0,"Local Read Blocks":0,"Local Dirtied Blocks":0,"Local Written Blocks":0,"Temp Read Blocks":0,"Temp Written Blocks":0,"I/O Read Time":0.0,"I/O Write Time":0.0,"Temp I/O Read Time":0.0,"Temp I/O Write Time":0.0},{"Node Type":"Hash","Parent Relationship":"Inner","Parallel Aware":false,"Async Capable":false,"Startup Cost":131491.69,"Total Cost":131491.69,"Plan Rows":879323,"Plan Width":16,"Actual Startup Time":348.895,"Actual Total Time":348.904,"Actual Rows":856801,"Actual Loops":1,"Output":["orders.o_c_id","orders.o_w_id","orders.o_d_id","orders.o_id"],"Hash Buckets":262144,"Original Hash Buckets":262144,"Hash Batches":8,"Original Hash Batches":8,"Peak Memory Usage":7070,"Shared Hit Blocks":0,"Shared Read Blocks":0,"Shared Dirtied Blocks":0,"Shared Written Blocks":0,"Local Hit Blocks":0,"Local Read Blocks":0,"Local Dirtied Blocks":0,"Local Written Blocks":0,"Temp Read Blocks":0,"Temp Written Blocks":3290,"I/O Read Time":0.0,"I/O Write Time":0.0,"Temp I/O Read Time":0.0,"Temp I/O Write Time":13.718,"Plans":[{"Node Type":"Append","Parent Relationship":"Outer","Parallel Aware":false,"Async Capable":false,"Startup Cost":20.0,"Total Cost":131491.69,"Plan Rows":879323,"Plan Width":16,"Actual Startup Time":0.598,"Actual Total Time":199.518,"Actual Rows":856801,"Actual Loops":1,"Shared Hit Blocks":0,"Shared Read Blocks":0,"Shared Dirtied Blocks":0,"Shared Written Blocks":0,"Local Hit Blocks":0,"Local Read Blocks":0,"Local Dirtied Blocks":0,"Local Written Blocks":0,"Temp Read Blocks":0,"Temp Written Blocks":0,"I/O Read Time":0.0,"I/O Write Time":0.0,"Temp I/O Read Time":0.0,"Temp I/O Write Time":0.0,"Subplans Removed":0,"Plans":[{"Node Type":"Custom Scan","Parent Relationship":"Member","Custom Plan Provider":"columnar scan","Parallel Aware":false,"Async Capable":false,"Relation Name":"orders","Schema":"public","Alias":"orders","Startup Cost":20.0,"Total Cost":20684.21,"Plan Rows":879322,"Plan Width":16,"Actual Startup Time":0.598,"Actual Total Time":139.504,"Actual Rows":856801,"Actual Loops":1,"Output":["orders.o_c_id","orders.o_w_id","orders.o_d_id","orders.o_id"],"Filter":"((orders.o_entry_d < '1994-01-02 20:10:02.27764'::timestamp without time zone) AND (orders.o_entry_d >= '1993-01-02 20:10:02.27764'::timestamp without time zone))","Rows Removed by Filter":0,"Rows Removed by Columnar Filter":5143199,"Columnar cache search mode":"native","Shared Hit Blocks":0,"Shared Read Blocks":0,"Shared Dirtied Blocks":0,"Shared Written Blocks":0,"Local Hit Blocks":0,"Local Read Blocks":0,"Local Dirtied Blocks":0,"Local Written Blocks":0,"Temp Read Blocks":0,"Temp Written Blocks":0,"I/O Read Time":0.0,"I/O Write Time":0.0,"Temp I/O Read Time":0.0,"Temp I/O Write Time":0.0},{"Node Type":"Seq Scan","Parent Relationship":"Member","Parallel Aware":false,"Async Capable":false,"Relation Name":"orders","Schema":"public","Alias":"orders","Startup Cost":0.0,"Total Cost":4.01,"Plan Rows":1,"Plan Width":16,"Actual Startup Time":0.0,"Actual Total Time":0.0,"Actual Rows":0,"Actual Loops":0,"Output":["orders.o_c_id","orders.o_w_id","orders.o_d_id","orders.o_id"],"Filter":"((orders.o_entry_d < '1994-01-02 20:10:02.27764'::timestamp without time zone) AND (orders.o_entry_d >= '1993-01-02 20:10:02.27764'::timestamp without time zone))","Rows Removed by Filter":0,"Shared Hit Blocks":0,"Shared Read Blocks":0,"Shared Dirtied Blocks":0,"Shared Written Blocks":0,"Local Hit Blocks":0,"Local Read Blocks":0,"Local Dirtied Blocks":0,"Local Written Blocks":0,"Temp Read Blocks":0,"Temp Written Blocks":0,"I/O Read Time":0.0,"I/O Write Time":0.0,"Temp I/O Read Time":0.0,"Temp I/O Write Time":0.0}]}]}]},{"Node Type":"Hash","Parent Relationship":"Inner","Parallel Aware":false,"Async Capable":false,"Startup Cost":519991.4,"Total Cost":519991.4,"Plan Rows":6000140,"Plan Width":12,"Actual Startup Time":2800.284,"Actual Total Time":2800.287,"Actual Rows":6000000,"Actual Loops":1,"Output":["customer.c_id","customer.c_w_id","customer.c_d_id","customer.c_nationkey"],"Hash Buckets":262144,"Original Hash Buckets":262144,"Hash Batches":64,"Original Hash Batches":64,"Peak Memory Usage":6073,"Shared Hit Blocks":459990,"Shared Read Blocks":0,"Shared Dirtied Blocks":0,"Shared Written Blocks":0,"Local Hit Blocks":0,"Local Read Blocks":0,"Local Dirtied Blocks":0,"Local Written Blocks":0,"Temp Read Blocks":0,"Temp Written Blocks":23037,"I/O Read Time":0.0,"I/O Write Time":0.0,"Temp I/O Read Time":0.0,"Temp I/O Write Time":111.148,"Plans":[{"Node Type":"Seq Scan","Parent Relationship":"Outer","Parallel Aware":false,"Async Capable":false,"Relation Name":"customer","Schema":"public","Alias":"customer","Startup Cost":0.0,"Total Cost":519991.4,"Plan Rows":6000140,"Plan Width":12,"Actual Startup Time":0.009,"Actual Total Time":1788.936,"Actual Rows":6000000,"Actual Loops":1,"Output":["customer.c_id","customer.c_w_id","customer.c_d_id","customer.c_nationkey"],"Shared Hit Blocks":459990,"Shared Read Blocks":0,"Shared Dirtied Blocks":0,"Shared Written Blocks":0,"Local Hit Blocks":0,"Local Read Blocks":0,"Local Dirtied Blocks":0,"Local Written Blocks":0,"Temp Read Blocks":0,"Temp Written Blocks":0,"I/O Read Time":0.0,"I/O Write Time":0.0,"Temp I/O Read Time":0.0,"Temp I/O Write Time":0.0}]}]},{"Node Type":"Hash","Parent Relationship":"Inner","Parallel Aware":false,"Async Capable":false,"Startup Cost":2.99,"Total Cost":2.99,"Plan Rows":12,"Plan Width":12,"Actual Startup Time":0.04,"Actual Total Time":0.044,"Actual Rows":22,"Actual Loops":1,"Output":["nation.n_name","nation.n_nationkey"],"Hash Buckets":1024,"Original Hash Buckets":1024,"Hash Batches":1,"Original Hash Batches":1,"Peak Memory Usage":9,"Shared Hit Blocks":2,"Shared Read Blocks":0,"Shared Dirtied Blocks":0,"Shared Written Blocks":0,"Local Hit Blocks":0,"Local Read Blocks":0,"Local Dirtied Blocks":0,"Local Written Blocks":0,"Temp Read Blocks":0,"Temp Written Blocks":0,"I/O Read Time":0.0,"I/O Write Time":0.0,"Temp I/O Read Time":0.0,"Temp I/O Write Time":0.0,"Plans":[{"Node Type":"Hash Join","Parent Relationship":"Outer","Parallel Aware":false,"Async Capable":false,"Join Type":"Inner","Startup Cost":1.07,"Total Cost":2.99,"Plan Rows":12,"Plan Width":12,"Actual Startup Time":0.023,"Actual Total Time":0.038,"Actual Rows":22,"Actual Loops":1,"Output":["nation.n_name","nation.n_nationkey"],"Inner Unique":true,"Hash Cond":"(nation.n_regionkey = region.r_regionkey)","Shared Hit Blocks":2,"Shared Read Blocks":0,"Shared Dirtied Blocks":0,"Shared Written Blocks":0,"Local Hit Blocks":0,"Local Read Blocks":0,"Local Dirtied Blocks":0,"Local Written Blocks":0,"Temp Read Blocks":0,"Temp Written Blocks":0,"I/O Read Time":0.0,"I/O Write Time":0.0,"Temp I/O Read Time":0.0,"Temp I/O Write Time":0.0,"Plans":[{"Node Type":"Seq Scan","Parent Relationship":"Outer","Parallel Aware":false,"Async Capable":false,"Relation Name":"nation","Schema":"public","Alias":"nation","Startup Cost":0.0,"Total Cost":1.62,"Plan Rows":62,"Plan Width":16,"Actual Startup Time":0.006,"Actual Total Time":0.01,"Actual Rows":62,"Actual Loops":1,"Output":["nation.n_nationkey","nation.n_name","nation.n_regionkey","nation.n_comment"],"Shared Hit Blocks":1,"Shared Read Blocks":0,"Shared Dirtied Blocks":0,"Shared Written Blocks":0,"Local Hit Blocks":0,"Local Read Blocks":0,"Local Dirtied Blocks":0,"Local Written Blocks":0,"Temp Read Blocks":0,"Temp Written Blocks":0,"I/O Read Time":0.0,"I/O Write Time":0.0,"Temp I/O Read Time":0.0,"Temp I/O Write Time":0.0},{"Node Type":"Hash","Parent Relationship":"Inner","Parallel Aware":false,"Async Capable":false,"Startup Cost":1.06,"Total Cost":1.06,"Plan Rows":1,"Plan Width":4,"Actual Startup Time":0.008,"Actual Total Time":0.009,"Actual Rows":1,"Actual Loops":1,"Output":["region.r_regionkey"],"Hash Buckets":1024,"Original Hash Buckets":1024,"Hash Batches":1,"Original Hash Batches":1,"Peak Memory Usage":9,"Shared Hit Blocks":1,"Shared Read Blocks":0,"Shared Dirtied Blocks":0,"Shared Written Blocks":0,"Local Hit Blocks":0,"Local Read Blocks":0,"Local Dirtied Blocks":0,"Local Written Blocks":0,"Temp Read Blocks":0,"Temp Written Blocks":0,"I/O Read Time":0.0,"I/O Write Time":0.0,"Temp I/O Read Time":0.0,"Temp I/O Write Time":0.0,"Plans":[{"Node Type":"Seq Scan","Parent Relationship":"Outer","Parallel Aware":false,"Async Capable":false,"Relation Name":"region","Schema":"public","Alias":"region","Startup Cost":0.0,"Total Cost":1.06,"Plan Rows":1,"Plan Width":4,"Actual Startup Time":0.006,"Actual Total Time":0.006,"Actual Rows":1,"Actual Loops":1,"Output":["region.r_regionkey"],"Filter":"((region.r_name)::text = 'Europe'::text)","Rows Removed by Filter":4,"Shared Hit Blocks":1,"Shared Read Blocks":0,"Shared Dirtied Blocks":0,"Shared Written Blocks":0,"Local Hit Blocks":0,"Local Read Blocks":0,"Local Dirtied Blocks":0,"Local Written Blocks":0,"Temp Read Blocks":0,"Temp Written Blocks":0,"I/O Read Time":0.0,"I/O Write Time":0.0,"Temp I/O Read Time":0.0,"Temp I/O Write Time":0.0}]}]}]}]}]},{"Node Type":"Index Only Scan","Parent Relationship":"Inner","Parallel Aware":false,"Async Capable":false,"Scan Direction":"Forward","Index Name":"stock_pk","Relation Name":"stock","Schema":"public","Alias":"stock","Startup Cost":0.44,"Total Cost":519363.62,"Plan Rows":20000212,"Plan Width":6,"Actual Startup Time":0.042,"Actual Total Time":1400.912,"Actual Rows":19999994,"Actual Loops":1,"Output":["stock.s_w_id","stock.s_i_id"],"Heap Fetches":0,"Shared Hit Blocks":54673,"Shared Read Blocks":0,"Shared Dirtied Blocks":0,"Shared Written Blocks":0,"Local Hit Blocks":0,"Local Read Blocks":0,"Local Dirtied Blocks":0,"Local Written Blocks":0,"Temp Read Blocks":0,"Temp Written Blocks":0,"I/O Read Time":0.0,"I/O Write Time":0.0,"Temp I/O Read Time":0.0,"Temp I/O Write Time":0.0}]},{"Node Type":"Hash","Parent Relationship":"Inner","Parallel Aware":false,"Async Capable":false,"Startup Cost":219.01,"Total Cost":219.01,"Plan Rows":10001,"Plan Width":8,"Actual Startup Time":3.115,"Actual Total Time":3.117,"Actual Rows":10000,"Actual Loops":1,"Output":["supplier.su_suppkey","supplier.su_nationkey"],"Hash Buckets":16384,"Original Hash Buckets":16384,"Hash Batches":1,"Original Hash Batches":1,"Peak Memory Usage":519,"Shared Hit Blocks":0,"Shared Read Blocks":0,"Shared Dirtied Blocks":0,"Shared Written Blocks":0,"Local Hit Blocks":0,"Local Read Blocks":0,"Local Dirtied Blocks":0,"Local Written Blocks":0,"Temp Read Blocks":0,"Temp Written Blocks":0,"I/O Read Time":0.0,"I/O Write Time":0.0,"Temp I/O Read Time":0.0,"Temp I/O Write Time":0.0,"Plans":[{"Node Type":"Append","Parent Relationship":"Outer","Parallel Aware":false,"Async Capable":false,"Startup Cost":20.0,"Total Cost":219.01,"Plan Rows":10001,"Plan Width":8,"Actual Startup Time":0.013,"Actual Total Time":1.829,"Actual Rows":10000,"Actual Loops":1,"Shared Hit Blocks":0,"Shared Read Blocks":0,"Shared Dirtied Blocks":0,"Shared Written Blocks":0,"Local Hit Blocks":0,"Local Read Blocks":0,"Local Dirtied Blocks":0,"Local Written Blocks":0,"Temp Read Blocks":0,"Temp Written Blocks":0,"I/O Read Time":0.0,"I/O Write Time":0.0,"Temp I/O Read Time":0.0,"Temp I/O Write Time":0.0,"Subplans Removed":0,"Plans":[{"Node Type":"Custom Scan","Parent Relationship":"Member","Custom Plan Provider":"columnar scan","Parallel Aware":false,"Async Capable":false,"Relation Name":"supplier","Schema":"public","Alias":"supplier","Startup Cost":20.0,"Total Cost":215.0,"Plan Rows":10000,"Plan Width":8,"Actual Startup Time":0.012,"Actual Total Time":1.121,"Actual Rows":10000,"Actual Loops":1,"Output":["supplier.su_suppkey","supplier.su_nationkey"],"Rows Removed by Columnar Filter":0,"Columnar cache search mode":"native","Shared Hit Blocks":0,"Shared Read Blocks":0,"Shared Dirtied Blocks":0,"Shared Written Blocks":0,"Local Hit Blocks":0,"Local Read Blocks":0,"Local Dirtied Blocks":0,"Local Written Blocks":0,"Temp Read Blocks":0,"Temp Written Blocks":0,"I/O Read Time":0.0,"I/O Write Time":0.0,"Temp I/O Read Time":0.0,"Temp I/O Write Time":0.0},{"Node Type":"Seq Scan","Parent Relationship":"Member","Parallel Aware":false,"Async Capable":false,"Relation Name":"supplier","Schema":"public","Alias":"supplier","Startup Cost":0.0,"Total Cost":4.01,"Plan Rows":1,"Plan Width":8,"Actual Startup Time":0.0,"Actual Total Time":0.0,"Actual Rows":0,"Actual Loops":0,"Output":["supplier.su_suppkey","supplier.su_nationkey"],"Shared Hit Blocks":0,"Shared Read Blocks":0,"Shared Dirtied Blocks":0,"Shared Written Blocks":0,"Local Hit Blocks":0,"Local Read Blocks":0,"Local Dirtied Blocks":0,"Local Written Blocks":0,"Temp Read Blocks":0,"Temp Written Blocks":0,"I/O Read Time":0.0,"I/O Write Time":0.0,"Temp I/O Read Time":0.0,"Temp I/O Write Time":0.0}]}]}]}]}]}]},"Planning":{"Shared Hit Blocks":220,"Shared Read Blocks":0,"Shared Dirtied Blocks":0,"Shared Written Blocks":0,"Local Hit Blocks":0,"Local Read Blocks":0,"Local Dirtied Blocks":0,"Local Written Blocks":0,"Temp Read Blocks":0,"Temp Written Blocks":0,"I/O Read Time":0.0,"I/O Write Time":0.0,"Temp I/O Read Time":0.0,"Temp I/O Write Time":0.0},"Planning Time":4.408,"Triggers":[],"Execution Time":34431.831}]
[列存组合]: nation, region, stock
[{"Plan":{"Node Type":"Sort","Parallel Aware":false,"Async Capable":false,"Startup Cost":4086375.82,"Total Cost":4086375.98,"Plan Rows":62,"Plan Width":40,"Actual Startup Time":34696.616,"Actual Total Time":34696.641,"Actual Rows":11,"Actual Loops":1,"Output":["nation.n_name","(sum(order_line.ol_amount))"],"Sort Key":["(sum(order_line.ol_amount)) DESC"],"Sort Method":"quicksort","Sort Space Used":25,"Sort Space Type":"Memory","Shared Hit Blocks":1240752,"Shared Read Blocks":0,"Shared Dirtied Blocks":0,"Shared Written Blocks":0,"Local Hit Blocks":0,"Local Read Blocks":0,"Local Dirtied Blocks":0,"Local Written Blocks":0,"Temp Read Blocks":288611,"Temp Written Blocks":288665,"I/O Read Time":0.0,"I/O Write Time":0.0,"Temp I/O Read Time":432.908,"Temp I/O Write Time":1167.981,"Plans":[{"Node Type":"Aggregate","Strategy":"Sorted","Partial Mode":"Simple","Parent Relationship":"Outer","Parallel Aware":false,"Async Capable":false,"Startup Cost":4086222.18,"Total Cost":4086373.97,"Plan Rows":62,"Plan Width":40,"Actual Startup Time":34690.762,"Actual Total Time":34696.623,"Actual Rows":11,"Actual Loops":1,"Output":["nation.n_name","sum(order_line.ol_amount)"],"Group Key":["nation.n_name"],"Shared Hit Blocks":1240752,"Shared Read Blocks":0,"Shared Dirtied Blocks":0,"Shared Written Blocks":0,"Local Hit Blocks":0,"Local Read Blocks":0,"Local Dirtied Blocks":0,"Local Written Blocks":0,"Temp Read Blocks":288611,"Temp Written Blocks":288665,"I/O Read Time":0.0,"I/O Write Time":0.0,"Temp I/O Read Time":432.908,"Temp I/O Write Time":1167.981,"Plans":[{"Node Type":"Sort","Parent Relationship":"Outer","Parallel Aware":false,"Async Capable":false,"Startup Cost":4086222.18,"Total Cost":4086272.52,"Plan Rows":20136,"Plan Width":12,"Actual Startup Time":34690.331,"Actual Total Time":34692.098,"Actual Rows":35044,"Actual Loops":1,"Output":["nation.n_name","order_line.ol_amount"],"Sort Key":["nation.n_name"],"Sort Method":"quicksort","Sort Space Used":3146,"Sort Space Type":"Memory","Shared Hit Blocks":1240752,"Shared Read Blocks":0,"Shared Dirtied Blocks":0,"Shared Written Blocks":0,"Local Hit Blocks":0,"Local Read Blocks":0,"Local Dirtied Blocks":0,"Local Written Blocks":0,"Temp Read Blocks":288611,"Temp Written Blocks":288665,"I/O Read Time":0.0,"I/O Write Time":0.0,"Temp I/O Read Time":432.908,"Temp I/O Write Time":1167.981,"Plans":[{"Node Type":"Hash Join","Parent Relationship":"Outer","Parallel Aware":false,"Async Capable":false,"Join Type":"Inner","Startup Cost":3436914.73,"Total Cost":4084782.71,"Plan Rows":20136,"Plan Width":12,"Actual Startup Time":30761.206,"Actual Total Time":34671.302,"Actual Rows":35044,"Actual Loops":1,"Output":["nation.n_name","order_line.ol_amount"],"Inner Unique":true,"Hash Cond":"((mod((stock.s_w_id * stock.s_i_id), 10000) = supplier.su_suppkey) AND (customer.c_nationkey = supplier.su_nationkey))","Shared Hit Blocks":1240752,"Shared Read Blocks":0,"Shared Dirtied Blocks":0,"Shared Written Blocks":0,"Local Hit Blocks":0,"Local Read Blocks":0,"Local Dirtied Blocks":0,"Local Written Blocks":0,"Temp Read Blocks":288611,"Temp Written Blocks":288665,"I/O Read Time":0.0,"I/O Write Time":0.0,"Temp I/O Read Time":432.908,"Temp I/O Write Time":1167.981,"Plans":[{"Node Type":"Merge Join","Parent Relationship":"Outer","Parallel Aware":false,"Async Capable":false,"Join Type":"Inner","Startup Cost":3436447.73,"Total Cost":4077480.74,"Plan Rows":1242717,"Plan Width":26,"Actual Startup Time":30758.176,"Actual Total Time":34390.932,"Actual Rows":2218175,"Actual Loops":1,"Output":["customer.c_nationkey","order_line.ol_amount","stock.s_w_id","stock.s_i_id","nation.n_name","nation.n_nationkey"],"Inner Unique":true,"Merge Cond":"((customer.c_w_id = stock.s_w_id) AND (order_line.ol_i_id = stock.s_i_id))","Shared Hit Blocks":1240535,"Shared Read Blocks":0,"Shared Dirtied Blocks":0,"Shared Written Blocks":0,"Local Hit Blocks":0,"Local Read Blocks":0,"Local Dirtied Blocks":0,"Local Written Blocks":0,"Temp Read Blocks":288611,"Temp Written Blocks":288665,"I/O Read Time":0.0,"I/O Write Time":0.0,"Temp I/O Read Time":432.908,"Temp I/O Write Time":1167.981,"Plans":[{"Node Type":"Sort","Parent Relationship":"Outer","Parallel Aware":false,"Async Capable":false,"Startup Cost":3436447.29,"Total Cost":3439527.83,"Plan Rows":1232214,"Plan Width":30,"Actual Startup Time":30758.11,"Actual Total Time":31353.227,"Actual Rows":2218175,"Actual Loops":1,"Output":["customer.c_w_id","customer.c_nationkey","orders.o_w_id","order_line.ol_amount","order_line.ol_w_id","order_line.ol_i_id","nation.n_name","nation.n_nationkey"],"Sort Key":["customer.c_w_id","order_line.ol_i_id"],"Sort Method":"external merge","Sort Space Used":94520,"Sort Space Type":"Disk","Shared Hit Blocks":1185862,"Shared Read Blocks":0,"Shared Dirtied Blocks":0,"Shared Written Blocks":0,"Local Hit Blocks":0,"Local Read Blocks":0,"Local Dirtied Blocks":0,"Local Written Blocks":0,"Temp Read Blocks":288611,"Temp Written Blocks":288665,"I/O Read Time":0.0,"I/O Write Time":0.0,"Temp I/O Read Time":432.908,"Temp I/O Write Time":1167.981,"Plans":[{"Node Type":"Hash Join","Parent Relationship":"Outer","Parallel Aware":false,"Async Capable":false,"Join Type":"Inner","Startup Cost":808098.65,"Total Cost":3252823.46,"Plan Rows":1232214,"Plan Width":30,"Actual Startup Time":3413.718,"Actual Total Time":28122.778,"Actual Rows":2218175,"Actual Loops":1,"Output":["customer.c_w_id","customer.c_nationkey","orders.o_w_id","order_line.ol_amount","order_line.ol_w_id","order_line.ol_i_id","nation.n_name","nation.n_nationkey"],"Inner Unique":false,"Hash Cond":"(customer.c_nationkey = nation.n_nationkey)","Shared Hit Blocks":1185862,"Shared Read Blocks":0,"Shared Dirtied Blocks":0,"Shared Written Blocks":0,"Local Hit Blocks":0,"Local Read Blocks":0,"Local Dirtied Blocks":0,"Local Written Blocks":0,"Temp Read Blocks":264991,"Temp Written Blocks":264991,"I/O Read Time":0.0,"I/O Write Time":0.0,"Temp I/O Read Time":398.237,"Temp I/O Write Time":1106.019,"Plans":[{"Node Type":"Hash Join","Parent Relationship":"Outer","Parallel Aware":false,"Async Capable":false,"Join Type":"Inner","Startup Cost":808095.51,"Total Cost":3217791.66,"Plan Rows":6161071,"Plan Width":18,"Actual Startup Time":3406.005,"Actual Total Time":27288.953,"Actual Rows":8568663,"Actual Loops":1,"Output":["customer.c_w_id","customer.c_nationkey","orders.o_w_id","order_line.ol_amount","order_line.ol_w_id","order_line.ol_i_id"],"Inner Unique":true,"Hash Cond":"((orders.o_c_id = customer.c_id) AND (orders.o_w_id = customer.c_w_id) AND (orders.o_d_id = customer.c_d_id))","Shared Hit Blocks":1185860,"Shared Read Blocks":0,"Shared Dirtied Blocks":0,"Shared Written Blocks":0,"Local Hit Blocks":0,"Local Read Blocks":0,"Local Dirtied Blocks":0,"Local Written Blocks":0,"Temp Read Blocks":264991,"Temp Written Blocks":264991,"I/O Read Time":0.0,"I/O Write Time":0.0,"Temp I/O Read Time":398.237,"Temp I/O Write Time":1106.019,"Plans":[{"Node Type":"Hash Join","Parent Relationship":"Outer","Parallel Aware":false,"Async Capable":false,"Join Type":"Inner","Startup Cost":153803.65,"Total Cost":2413481.36,"Plan Rows":6161071,"Plan Width":20,"Actual Startup Time":619.398,"Actual Total Time":20208.398,"Actual Rows":8568663,"Actual Loops":1,"Output":["orders.o_c_id","orders.o_w_id","orders.o_d_id","order_line.ol_amount","order_line.ol_w_id","order_line.ol_d_id","order_line.ol_i_id"],"Inner Unique":true,"Hash Cond":"((order_line.ol_w_id = orders.o_w_id) AND (order_line.ol_d_id = orders.o_d_id) AND (order_line.ol_o_id = orders.o_id))","Shared Hit Blocks":725870,"Shared Read Blocks":0,"Shared Dirtied Blocks":0,"Shared Written Blocks":0,"Local Hit Blocks":0,"Local Read Blocks":0,"Local Dirtied Blocks":0,"Local Written Blocks":0,"Temp Read Blocks":200672,"Temp Written Blocks":200672,"I/O Read Time":0.0,"I/O Write Time":0.0,"Temp I/O Read Time":299.363,"Temp I/O Write Time":797.419,"Plans":[{"Node Type":"Seq Scan","Parent Relationship":"Outer","Parallel Aware":false,"Async Capable":false,"Relation Name":"order_line","Schema":"public","Alias":"order_line","Startup Cost":0.0,"Total Cost":1431670.8,"Plan Rows":42039468,"Plan Width":20,"Actual Startup Time":0.007,"Actual Total Time":7322.946,"Actual Rows":42000489,"Actual Loops":1,"Output":["order_line.ol_amount","order_line.ol_o_id","order_line.ol_w_id","order_line.ol_d_id","order_line.ol_i_id"],"Filter":"(order_line.ol_delivery_d >= '1992-01-02 20:10:02.27764'::timestamp without time zone)","Rows Removed by Filter":17993272,"Shared Hit Blocks":681748,"Shared Read Blocks":0,"Shared Dirtied Blocks":0,"Shared Written Blocks":0,"Local Hit Blocks":0,"Local Read Blocks":0,"Local Dirtied Blocks":0,"Local Written Blocks":0,"Temp Read Blocks":0,"Temp Written Blocks":0,"I/O Read Time":0.0,"I/O Write Time":0.0,"Temp I/O Read Time":0.0,"Temp I/O Write Time":0.0},{"Node Type":"Hash","Parent Relationship":"Inner","Parallel Aware":false,"Async Capable":false,"Startup Cost":134121.52,"Total Cost":134121.52,"Plan Rows":879322,"Plan Width":16,"Actual Startup Time":584.64,"Actual Total Time":584.643,"Actual Rows":856801,"Actual Loops":1,"Output":["orders.o_c_id","orders.o_w_id","orders.o_d_id","orders.o_id"],"Hash Buckets":262144,"Original Hash Buckets":262144,"Hash Batches":8,"Original Hash Batches":8,"Peak Memory Usage":7070,"Shared Hit Blocks":44122,"Shared Read Blocks":0,"Shared Dirtied Blocks":0,"Shared Written Blocks":0,"Local Hit Blocks":0,"Local Read Blocks":0,"Local Dirtied Blocks":0,"Local Written Blocks":0,"Temp Read Blocks":0,"Temp Written Blocks":3290,"I/O Read Time":0.0,"I/O Write Time":0.0,"Temp I/O Read Time":0.0,"Temp I/O Write Time":15.383,"Plans":[{"Node Type":"Seq Scan","Parent Relationship":"Outer","Parallel Aware":false,"Async Capable":false,"Relation Name":"orders","Schema":"public","Alias":"orders","Startup Cost":0.0,"Total Cost":134121.52,"Plan Rows":879322,"Plan Width":16,"Actual Startup Time":0.592,"Actual Total Time":435.177,"Actual Rows":856801,"Actual Loops":1,"Output":["orders.o_c_id","orders.o_w_id","orders.o_d_id","orders.o_id"],"Filter":"((orders.o_entry_d >= '1993-01-02 20:10:02.27764'::timestamp without time zone) AND (orders.o_entry_d < '1994-01-02 20:10:02.27764'::timestamp without time zone))","Rows Removed by Filter":5143199,"Shared Hit Blocks":44122,"Shared Read Blocks":0,"Shared Dirtied Blocks":0,"Shared Written Blocks":0,"Local Hit Blocks":0,"Local Read Blocks":0,"Local Dirtied Blocks":0,"Local Written Blocks":0,"Temp Read Blocks":0,"Temp Written Blocks":0,"I/O Read Time":0.0,"I/O Write Time":0.0,"Temp I/O Read Time":0.0,"Temp I/O Write Time":0.0}]}]},{"Node Type":"Hash","Parent Relationship":"Inner","Parallel Aware":false,"Async Capable":false,"Startup Cost":519991.4,"Total Cost":519991.4,"Plan Rows":6000140,"Plan Width":12,"Actual Startup Time":2779.503,"Actual Total Time":2779.505,"Actual Rows":6000000,"Actual Loops":1,"Output":["customer.c_id","customer.c_w_id","customer.c_d_id","customer.c_nationkey"],"Hash Buckets":262144,"Original Hash Buckets":262144,"Hash Batches":64,"Original Hash Batches":64,"Peak Memory Usage":6073,"Shared Hit Blocks":459990,"Shared Read Blocks":0,"Shared Dirtied Blocks":0,"Shared Written Blocks":0,"Local Hit Blocks":0,"Local Read Blocks":0,"Local Dirtied Blocks":0,"Local Written Blocks":0,"Temp Read Blocks":0,"Temp Written Blocks":23037,"I/O Read Time":0.0,"I/O Write Time":0.0,"Temp I/O Read Time":0.0,"Temp I/O Write Time":114.496,"Plans":[{"Node Type":"Seq Scan","Parent Relationship":"Outer","Parallel Aware":false,"Async Capable":false,"Relation Name":"customer","Schema":"public","Alias":"customer","Startup Cost":0.0,"Total Cost":519991.4,"Plan Rows":6000140,"Plan Width":12,"Actual Startup Time":0.011,"Actual Total Time":1779.355,"Actual Rows":6000000,"Actual Loops":1,"Output":["customer.c_id","customer.c_w_id","customer.c_d_id","customer.c_nationkey"],"Shared Hit Blocks":459990,"Shared Read Blocks":0,"Shared Dirtied Blocks":0,"Shared Written Blocks":0,"Local Hit Blocks":0,"Local Read Blocks":0,"Local Dirtied Blocks":0,"Local Written Blocks":0,"Temp Read Blocks":0,"Temp Written Blocks":0,"I/O Read Time":0.0,"I/O Write Time":0.0,"Temp I/O Read Time":0.0,"Temp I/O Write Time":0.0}]}]},{"Node Type":"Hash","Parent Relationship":"Inner","Parallel Aware":false,"Async Capable":false,"Startup Cost":2.99,"Total Cost":2.99,"Plan Rows":12,"Plan Width":12,"Actual Startup Time":0.041,"Actual Total Time":0.047,"Actual Rows":22,"Actual Loops":1,"Output":["nation.n_name","nation.n_nationkey"],"Hash Buckets":1024,"Original Hash Buckets":1024,"Hash Batches":1,"Original Hash Batches":1,"Peak Memory Usage":9,"Shared Hit Blocks":2,"Shared Read Blocks":0,"Shared Dirtied Blocks":0,"Shared Written Blocks":0,"Local Hit Blocks":0,"Local Read Blocks":0,"Local Dirtied Blocks":0,"Local Written Blocks":0,"Temp Read Blocks":0,"Temp Written Blocks":0,"I/O Read Time":0.0,"I/O Write Time":0.0,"Temp I/O Read Time":0.0,"Temp I/O Write Time":0.0,"Plans":[{"Node Type":"Hash Join","Parent Relationship":"Outer","Parallel Aware":false,"Async Capable":false,"Join Type":"Inner","Startup Cost":1.07,"Total Cost":2.99,"Plan Rows":12,"Plan Width":12,"Actual Startup Time":0.024,"Actual Total Time":0.041,"Actual Rows":22,"Actual Loops":1,"Output":["nation.n_name","nation.n_nationkey"],"Inner Unique":true,"Hash Cond":"(nation.n_regionkey = region.r_regionkey)","Shared Hit Blocks":2,"Shared Read Blocks":0,"Shared Dirtied Blocks":0,"Shared Written Blocks":0,"Local Hit Blocks":0,"Local Read Blocks":0,"Local Dirtied Blocks":0,"Local Written Blocks":0,"Temp Read Blocks":0,"Temp Written Blocks":0,"I/O Read Time":0.0,"I/O Write Time":0.0,"Temp I/O Read Time":0.0,"Temp I/O Write Time":0.0,"Plans":[{"Node Type":"Seq Scan","Parent Relationship":"Outer","Parallel Aware":false,"Async Capable":false,"Relation Name":"nation","Schema":"public","Alias":"nation","Startup Cost":0.0,"Total Cost":1.62,"Plan Rows":62,"Plan Width":16,"Actual Startup Time":0.005,"Actual Total Time":0.008,"Actual Rows":62,"Actual Loops":1,"Output":["nation.n_nationkey","nation.n_name","nation.n_regionkey","nation.n_comment"],"Shared Hit Blocks":1,"Shared Read Blocks":0,"Shared Dirtied Blocks":0,"Shared Written Blocks":0,"Local Hit Blocks":0,"Local Read Blocks":0,"Local Dirtied Blocks":0,"Local Written Blocks":0,"Temp Read Blocks":0,"Temp Written Blocks":0,"I/O Read Time":0.0,"I/O Write Time":0.0,"Temp I/O Read Time":0.0,"Temp I/O Write Time":0.0},{"Node Type":"Hash","Parent Relationship":"Inner","Parallel Aware":false,"Async Capable":false,"Startup Cost":1.06,"Total Cost":1.06,"Plan Rows":1,"Plan Width":4,"Actual Startup Time":0.008,"Actual Total Time":0.011,"Actual Rows":1,"Actual Loops":1,"Output":["region.r_regionkey"],"Hash Buckets":1024,"Original Hash Buckets":1024,"Hash Batches":1,"Original Hash Batches":1,"Peak Memory Usage":9,"Shared Hit Blocks":1,"Shared Read Blocks":0,"Shared Dirtied Blocks":0,"Shared Written Blocks":0,"Local Hit Blocks":0,"Local Read Blocks":0,"Local Dirtied Blocks":0,"Local Written Blocks":0,"Temp Read Blocks":0,"Temp Written Blocks":0,"I/O Read Time":0.0,"I/O Write Time":0.0,"Temp I/O Read Time":0.0,"Temp I/O Write Time":0.0,"Plans":[{"Node Type":"Seq Scan","Parent Relationship":"Outer","Parallel Aware":false,"Async Capable":false,"Relation Name":"region","Schema":"public","Alias":"region","Startup Cost":0.0,"Total Cost":1.06,"Plan Rows":1,"Plan Width":4,"Actual Startup Time":0.006,"Actual Total Time":0.006,"Actual Rows":1,"Actual Loops":1,"Output":["region.r_regionkey"],"Filter":"((region.r_name)::text = 'Europe'::text)","Rows Removed by Filter":4,"Shared Hit Blocks":1,"Shared Read Blocks":0,"Shared Dirtied Blocks":0,"Shared Written Blocks":0,"Local Hit Blocks":0,"Local Read Blocks":0,"Local Dirtied Blocks":0,"Local Written Blocks":0,"Temp Read Blocks":0,"Temp Written Blocks":0,"I/O Read Time":0.0,"I/O Write Time":0.0,"Temp I/O Read Time":0.0,"Temp I/O Write Time":0.0}]}]}]}]}]},{"Node Type":"Index Only Scan","Parent Relationship":"Inner","Parallel Aware":false,"Async Capable":false,"Scan Direction":"Forward","Index Name":"stock_pk","Relation Name":"stock","Schema":"public","Alias":"stock","Startup Cost":0.44,"Total Cost":519363.62,"Plan Rows":20000212,"Plan Width":6,"Actual Startup Time":0.05,"Actual Total Time":1399.601,"Actual Rows":19999994,"Actual Loops":1,"Output":["stock.s_w_id","stock.s_i_id"],"Heap Fetches":0,"Shared Hit Blocks":54673,"Shared Read Blocks":0,"Shared Dirtied Blocks":0,"Shared Written Blocks":0,"Local Hit Blocks":0,"Local Read Blocks":0,"Local Dirtied Blocks":0,"Local Written Blocks":0,"Temp Read Blocks":0,"Temp Written Blocks":0,"I/O Read Time":0.0,"I/O Write Time":0.0,"Temp I/O Read Time":0.0,"Temp I/O Write Time":0.0}]},{"Node Type":"Hash","Parent Relationship":"Inner","Parallel Aware":false,"Async Capable":false,"Startup Cost":317.0,"Total Cost":317.0,"Plan Rows":10000,"Plan Width":8,"Actual Startup Time":2.591,"Actual Total Time":2.592,"Actual Rows":10000,"Actual Loops":1,"Output":["supplier.su_suppkey","supplier.su_nationkey"],"Hash Buckets":16384,"Original Hash Buckets":16384,"Hash Batches":1,"Original Hash Batches":1,"Peak Memory Usage":519,"Shared Hit Blocks":217,"Shared Read Blocks":0,"Shared Dirtied Blocks":0,"Shared Written Blocks":0,"Local Hit Blocks":0,"Local Read Blocks":0,"Local Dirtied Blocks":0,"Local Written Blocks":0,"Temp Read Blocks":0,"Temp Written Blocks":0,"I/O Read Time":0.0,"I/O Write Time":0.0,"Temp I/O Read Time":0.0,"Temp I/O Write Time":0.0,"Plans":[{"Node Type":"Seq Scan","Parent Relationship":"Outer","Parallel Aware":false,"Async Capable":false,"Relation Name":"supplier","Schema":"public","Alias":"supplier","Startup Cost":0.0,"Total Cost":317.0,"Plan Rows":10000,"Plan Width":8,"Actual Startup Time":0.012,"Actual Total Time":1.318,"Actual Rows":10000,"Actual Loops":1,"Output":["supplier.su_suppkey","supplier.su_nationkey"],"Shared Hit Blocks":217,"Shared Read Blocks":0,"Shared Dirtied Blocks":0,"Shared Written Blocks":0,"Local Hit Blocks":0,"Local Read Blocks":0,"Local Dirtied Blocks":0,"Local Written Blocks":0,"Temp Read Blocks":0,"Temp Written Blocks":0,"I/O Read Time":0.0,"I/O Write Time":0.0,"Temp I/O Read Time":0.0,"Temp I/O Write Time":0.0}]}]}]}]}]},"Planning":{"Shared Hit Blocks":220,"Shared Read Blocks":0,"Shared Dirtied Blocks":0,"Shared Written Blocks":0,"Local Hit Blocks":0,"Local Read Blocks":0,"Local Dirtied Blocks":0,"Local Written Blocks":0,"Temp Read Blocks":0,"Temp Written Blocks":0,"I/O Read Time":0.0,"I/O Write Time":0.0,"Temp I/O Read Time":0.0,"Temp I/O Write Time":0.0},"Planning Time":5.344,"Triggers":[],"Execution Time":34711.217}]
[列存组合]: nation, region, supplier
[{"Plan":{"Node Type":"Sort","Parallel Aware":false,"Async Capable":false,"Startup Cost":4086277.85,"Total Cost":4086278.0,"Plan Rows":62,"Plan Width":40,"Actual Startup Time":34628.517,"Actual Total Time":34628.544,"Actual Rows":11,"Actual Loops":1,"Output":["nation.n_name","(sum(order_line.ol_amount))"],"Sort Key":["(sum(order_line.ol_amount)) DESC"],"Sort Method":"quicksort","Sort Space Used":25,"Sort Space Type":"Memory","Shared Hit Blocks":1240535,"Shared Read Blocks":0,"Shared Dirtied Blocks":0,"Shared Written Blocks":0,"Local Hit Blocks":0,"Local Read Blocks":0,"Local Dirtied Blocks":0,"Local Written Blocks":0,"Temp Read Blocks":288611,"Temp Written Blocks":288665,"I/O Read Time":0.0,"I/O Write Time":0.0,"Temp I/O Read Time":433.788,"Temp I/O Write Time":1164.687,"Plans":[{"Node Type":"Aggregate","Strategy":"Sorted","Partial Mode":"Simple","Parent Relationship":"Outer","Parallel Aware":false,"Async Capable":false,"Startup Cost":4086124.2,"Total Cost":4086276.0,"Plan Rows":62,"Plan Width":40,"Actual Startup Time":34622.651,"Actual Total Time":34628.528,"Actual Rows":11,"Actual Loops":1,"Output":["nation.n_name","sum(order_line.ol_amount)"],"Group Key":["nation.n_name"],"Shared Hit Blocks":1240535,"Shared Read Blocks":0,"Shared Dirtied Blocks":0,"Shared Written Blocks":0,"Local Hit Blocks":0,"Local Read Blocks":0,"Local Dirtied Blocks":0,"Local Written Blocks":0,"Temp Read Blocks":288611,"Temp Written Blocks":288665,"I/O Read Time":0.0,"I/O Write Time":0.0,"Temp I/O Read Time":433.788,"Temp I/O Write Time":1164.687,"Plans":[{"Node Type":"Sort","Parent Relationship":"Outer","Parallel Aware":false,"Async Capable":false,"Startup Cost":4086124.2,"Total Cost":4086174.54,"Plan Rows":20136,"Plan Width":12,"Actual Startup Time":34622.217,"Actual Total Time":34623.994,"Actual Rows":35044,"Actual Loops":1,"Output":["nation.n_name","order_line.ol_amount"],"Sort Key":["nation.n_name"],"Sort Method":"quicksort","Sort Space Used":3146,"Sort Space Type":"Memory","Shared Hit Blocks":1240535,"Shared Read Blocks":0,"Shared Dirtied Blocks":0,"Shared Written Blocks":0,"Local Hit Blocks":0,"Local Read Blocks":0,"Local Dirtied Blocks":0,"Local Written Blocks":0,"Temp Read Blocks":288611,"Temp Written Blocks":288665,"I/O Read Time":0.0,"I/O Write Time":0.0,"Temp I/O Read Time":433.788,"Temp I/O Write Time":1164.687,"Plans":[{"Node Type":"Hash Join","Parent Relationship":"Outer","Parallel Aware":false,"Async Capable":false,"Join Type":"Inner","Startup Cost":3436816.76,"Total Cost":4084684.73,"Plan Rows":20136,"Plan Width":12,"Actual Startup Time":30690.527,"Actual Total Time":34603.265,"Actual Rows":35044,"Actual Loops":1,"Output":["nation.n_name","order_line.ol_amount"],"Inner Unique":true,"Hash Cond":"((mod((stock.s_w_id * stock.s_i_id), 10000) = supplier.su_suppkey) AND (customer.c_nationkey = supplier.su_nationkey))","Shared Hit Blocks":1240535,"Shared Read Blocks":0,"Shared Dirtied Blocks":0,"Shared Written Blocks":0,"Local Hit Blocks":0,"Local Read Blocks":0,"Local Dirtied Blocks":0,"Local Written Blocks":0,"Temp Read Blocks":288611,"Temp Written Blocks":288665,"I/O Read Time":0.0,"I/O Write Time":0.0,"Temp I/O Read Time":433.788,"Temp I/O Write Time":1164.687,"Plans":[{"Node Type":"Merge Join","Parent Relationship":"Outer","Parallel Aware":false,"Async Capable":false,"Join Type":"Inner","Startup Cost":3436447.73,"Total Cost":4077480.74,"Plan Rows":1242717,"Plan Width":26,"Actual Startup Time":30686.798,"Actual Total Time":34322.534,"Actual Rows":2218175,"Actual Loops":1,"Output":["customer.c_nationkey","order_line.ol_amount","stock.s_w_id","stock.s_i_id","nation.n_name","nation.n_nationkey"],"Inner Unique":true,"Merge Cond":"((customer.c_w_id = stock.s_w_id) AND (order_line.ol_i_id = stock.s_i_id))","Shared Hit Blocks":1240535,"Shared Read Blocks":0,"Shared Dirtied Blocks":0,"Shared Written Blocks":0,"Local Hit Blocks":0,"Local Read Blocks":0,"Local Dirtied Blocks":0,"Local Written Blocks":0,"Temp Read Blocks":288611,"Temp Written Blocks":288665,"I/O Read Time":0.0,"I/O Write Time":0.0,"Temp I/O Read Time":433.788,"Temp I/O Write Time":1164.687,"Plans":[{"Node Type":"Sort","Parent Relationship":"Outer","Parallel Aware":false,"Async Capable":false,"Startup Cost":3436447.29,"Total Cost":3439527.83,"Plan Rows":1232214,"Plan Width":30,"Actual Startup Time":30686.732,"Actual Total Time":31284.136,"Actual Rows":2218175,"Actual Loops":1,"Output":["customer.c_w_id","customer.c_nationkey","orders.o_w_id","order_line.ol_amount","order_line.ol_w_id","order_line.ol_i_id","nation.n_name","nation.n_nationkey"],"Sort Key":["customer.c_w_id","order_line.ol_i_id"],"Sort Method":"external merge","Sort Space Used":94520,"Sort Space Type":"Disk","Shared Hit Blocks":1185862,"Shared Read Blocks":0,"Shared Dirtied Blocks":0,"Shared Written Blocks":0,"Local Hit Blocks":0,"Local Read Blocks":0,"Local Dirtied Blocks":0,"Local Written Blocks":0,"Temp Read Blocks":288611,"Temp Written Blocks":288665,"I/O Read Time":0.0,"I/O Write Time":0.0,"Temp I/O Read Time":433.788,"Temp I/O Write Time":1164.687,"Plans":[{"Node Type":"Hash Join","Parent Relationship":"Outer","Parallel Aware":false,"Async Capable":false,"Join Type":"Inner","Startup Cost":808098.65,"Total Cost":3252823.46,"Plan Rows":1232214,"Plan Width":30,"Actual Startup Time":3406.591,"Actual Total Time":28056.729,"Actual Rows":2218175,"Actual Loops":1,"Output":["customer.c_w_id","customer.c_nationkey","orders.o_w_id","order_line.ol_amount","order_line.ol_w_id","order_line.ol_i_id","nation.n_name","nation.n_nationkey"],"Inner Unique":false,"Hash Cond":"(customer.c_nationkey = nation.n_nationkey)","Shared Hit Blocks":1185862,"Shared Read Blocks":0,"Shared Dirtied Blocks":0,"Shared Written Blocks":0,"Local Hit Blocks":0,"Local Read Blocks":0,"Local Dirtied Blocks":0,"Local Written Blocks":0,"Temp Read Blocks":264991,"Temp Written Blocks":264991,"I/O Read Time":0.0,"I/O Write Time":0.0,"Temp I/O Read Time":398.095,"Temp I/O Write Time":1102.312,"Plans":[{"Node Type":"Hash Join","Parent Relationship":"Outer","Parallel Aware":false,"Async Capable":false,"Join Type":"Inner","Startup Cost":808095.51,"Total Cost":3217791.66,"Plan Rows":6161071,"Plan Width":18,"Actual Startup Time":3398.887,"Actual Total Time":27223.658,"Actual Rows":8568663,"Actual Loops":1,"Output":["customer.c_w_id","customer.c_nationkey","orders.o_w_id","order_line.ol_amount","order_line.ol_w_id","order_line.ol_i_id"],"Inner Unique":true,"Hash Cond":"((orders.o_c_id = customer.c_id) AND (orders.o_w_id = customer.c_w_id) AND (orders.o_d_id = customer.c_d_id))","Shared Hit Blocks":1185860,"Shared Read Blocks":0,"Shared Dirtied Blocks":0,"Shared Written Blocks":0,"Local Hit Blocks":0,"Local Read Blocks":0,"Local Dirtied Blocks":0,"Local Written Blocks":0,"Temp Read Blocks":264991,"Temp Written Blocks":264991,"I/O Read Time":0.0,"I/O Write Time":0.0,"Temp I/O Read Time":398.095,"Temp I/O Write Time":1102.312,"Plans":[{"Node Type":"Hash Join","Parent Relationship":"Outer","Parallel Aware":false,"Async Capable":false,"Join Type":"Inner","Startup Cost":153803.65,"Total Cost":2413481.36,"Plan Rows":6161071,"Plan Width":20,"Actual Startup Time":618.967,"Actual Total Time":20150.943,"Actual Rows":8568663,"Actual Loops":1,"Output":["orders.o_c_id","orders.o_w_id","orders.o_d_id","order_line.ol_amount","order_line.ol_w_id","order_line.ol_d_id","order_line.ol_i_id"],"Inner Unique":true,"Hash Cond":"((order_line.ol_w_id = orders.o_w_id) AND (order_line.ol_d_id = orders.o_d_id) AND (order_line.ol_o_id = orders.o_id))","Shared Hit Blocks":725870,"Shared Read Blocks":0,"Shared Dirtied Blocks":0,"Shared Written Blocks":0,"Local Hit Blocks":0,"Local Read Blocks":0,"Local Dirtied Blocks":0,"Local Written Blocks":0,"Temp Read Blocks":200672,"Temp Written Blocks":200672,"I/O Read Time":0.0,"I/O Write Time":0.0,"Temp I/O Read Time":299.29,"Temp I/O Write Time":795.68,"Plans":[{"Node Type":"Seq Scan","Parent Relationship":"Outer","Parallel Aware":false,"Async Capable":false,"Relation Name":"order_line","Schema":"public","Alias":"order_line","Startup Cost":0.0,"Total Cost":1431670.8,"Plan Rows":42039468,"Plan Width":20,"Actual Startup Time":0.005,"Actual Total Time":7309.79,"Actual Rows":42000489,"Actual Loops":1,"Output":["order_line.ol_amount","order_line.ol_o_id","order_line.ol_w_id","order_line.ol_d_id","order_line.ol_i_id"],"Filter":"(order_line.ol_delivery_d >= '1992-01-02 20:10:02.27764'::timestamp without time zone)","Rows Removed by Filter":17993272,"Shared Hit Blocks":681748,"Shared Read Blocks":0,"Shared Dirtied Blocks":0,"Shared Written Blocks":0,"Local Hit Blocks":0,"Local Read Blocks":0,"Local Dirtied Blocks":0,"Local Written Blocks":0,"Temp Read Blocks":0,"Temp Written Blocks":0,"I/O Read Time":0.0,"I/O Write Time":0.0,"Temp I/O Read Time":0.0,"Temp I/O Write Time":0.0},{"Node Type":"Hash","Parent Relationship":"Inner","Parallel Aware":false,"Async Capable":false,"Startup Cost":134121.52,"Total Cost":134121.52,"Plan Rows":879322,"Plan Width":16,"Actual Startup Time":584.885,"Actual Total Time":584.891,"Actual Rows":856801,"Actual Loops":1,"Output":["orders.o_c_id","orders.o_w_id","orders.o_d_id","orders.o_id"],"Hash Buckets":262144,"Original Hash Buckets":262144,"Hash Batches":8,"Original Hash Batches":8,"Peak Memory Usage":7070,"Shared Hit Blocks":44122,"Shared Read Blocks":0,"Shared Dirtied Blocks":0,"Shared Written Blocks":0,"Local Hit Blocks":0,"Local Read Blocks":0,"Local Dirtied Blocks":0,"Local Written Blocks":0,"Temp Read Blocks":0,"Temp Written Blocks":3290,"I/O Read Time":0.0,"I/O Write Time":0.0,"Temp I/O Read Time":0.0,"Temp I/O Write Time":14.673,"Plans":[{"Node Type":"Seq Scan","Parent Relationship":"Outer","Parallel Aware":false,"Async Capable":false,"Relation Name":"orders","Schema":"public","Alias":"orders","Startup Cost":0.0,"Total Cost":134121.52,"Plan Rows":879322,"Plan Width":16,"Actual Startup Time":0.598,"Actual Total Time":436.318,"Actual Rows":856801,"Actual Loops":1,"Output":["orders.o_c_id","orders.o_w_id","orders.o_d_id","orders.o_id"],"Filter":"((orders.o_entry_d >= '1993-01-02 20:10:02.27764'::timestamp without time zone) AND (orders.o_entry_d < '1994-01-02 20:10:02.27764'::timestamp without time zone))","Rows Removed by Filter":5143199,"Shared Hit Blocks":44122,"Shared Read Blocks":0,"Shared Dirtied Blocks":0,"Shared Written Blocks":0,"Local Hit Blocks":0,"Local Read Blocks":0,"Local Dirtied Blocks":0,"Local Written Blocks":0,"Temp Read Blocks":0,"Temp Written Blocks":0,"I/O Read Time":0.0,"I/O Write Time":0.0,"Temp I/O Read Time":0.0,"Temp I/O Write Time":0.0}]}]},{"Node Type":"Hash","Parent Relationship":"Inner","Parallel Aware":false,"Async Capable":false,"Startup Cost":519991.4,"Total Cost":519991.4,"Plan Rows":6000140,"Plan Width":12,"Actual Startup Time":2772.918,"Actual Total Time":2772.92,"Actual Rows":6000000,"Actual Loops":1,"Output":["customer.c_id","customer.c_w_id","customer.c_d_id","customer.c_nationkey"],"Hash Buckets":262144,"Original Hash Buckets":262144,"Hash Batches":64,"Original Hash Batches":64,"Peak Memory Usage":6073,"Shared Hit Blocks":459990,"Shared Read Blocks":0,"Shared Dirtied Blocks":0,"Shared Written Blocks":0,"Local Hit Blocks":0,"Local Read Blocks":0,"Local Dirtied Blocks":0,"Local Written Blocks":0,"Temp Read Blocks":0,"Temp Written Blocks":23037,"I/O Read Time":0.0,"I/O Write Time":0.0,"Temp I/O Read Time":0.0,"Temp I/O Write Time":111.502,"Plans":[{"Node Type":"Seq Scan","Parent Relationship":"Outer","Parallel Aware":false,"Async Capable":false,"Relation Name":"customer","Schema":"public","Alias":"customer","Startup Cost":0.0,"Total Cost":519991.4,"Plan Rows":6000140,"Plan Width":12,"Actual Startup Time":0.014,"Actual Total Time":1777.45,"Actual Rows":6000000,"Actual Loops":1,"Output":["customer.c_id","customer.c_w_id","customer.c_d_id","customer.c_nationkey"],"Shared Hit Blocks":459990,"Shared Read Blocks":0,"Shared Dirtied Blocks":0,"Shared Written Blocks":0,"Local Hit Blocks":0,"Local Read Blocks":0,"Local Dirtied Blocks":0,"Local Written Blocks":0,"Temp Read Blocks":0,"Temp Written Blocks":0,"I/O Read Time":0.0,"I/O Write Time":0.0,"Temp I/O Read Time":0.0,"Temp I/O Write Time":0.0}]}]},{"Node Type":"Hash","Parent Relationship":"Inner","Parallel Aware":false,"Async Capable":false,"Startup Cost":2.99,"Total Cost":2.99,"Plan Rows":12,"Plan Width":12,"Actual Startup Time":0.037,"Actual Total Time":0.041,"Actual Rows":22,"Actual Loops":1,"Output":["nation.n_name","nation.n_nationkey"],"Hash Buckets":1024,"Original Hash Buckets":1024,"Hash Batches":1,"Original Hash Batches":1,"Peak Memory Usage":9,"Shared Hit Blocks":2,"Shared Read Blocks":0,"Shared Dirtied Blocks":0,"Shared Written Blocks":0,"Local Hit Blocks":0,"Local Read Blocks":0,"Local Dirtied Blocks":0,"Local Written Blocks":0,"Temp Read Blocks":0,"Temp Written Blocks":0,"I/O Read Time":0.0,"I/O Write Time":0.0,"Temp I/O Read Time":0.0,"Temp I/O Write Time":0.0,"Plans":[{"Node Type":"Hash Join","Parent Relationship":"Outer","Parallel Aware":false,"Async Capable":false,"Join Type":"Inner","Startup Cost":1.07,"Total Cost":2.99,"Plan Rows":12,"Plan Width":12,"Actual Startup Time":0.021,"Actual Total Time":0.036,"Actual Rows":22,"Actual Loops":1,"Output":["nation.n_name","nation.n_nationkey"],"Inner Unique":true,"Hash Cond":"(nation.n_regionkey = region.r_regionkey)","Shared Hit Blocks":2,"Shared Read Blocks":0,"Shared Dirtied Blocks":0,"Shared Written Blocks":0,"Local Hit Blocks":0,"Local Read Blocks":0,"Local Dirtied Blocks":0,"Local Written Blocks":0,"Temp Read Blocks":0,"Temp Written Blocks":0,"I/O Read Time":0.0,"I/O Write Time":0.0,"Temp I/O Read Time":0.0,"Temp I/O Write Time":0.0,"Plans":[{"Node Type":"Seq Scan","Parent Relationship":"Outer","Parallel Aware":false,"Async Capable":false,"Relation Name":"nation","Schema":"public","Alias":"nation","Startup Cost":0.0,"Total Cost":1.62,"Plan Rows":62,"Plan Width":16,"Actual Startup Time":0.007,"Actual Total Time":0.011,"Actual Rows":62,"Actual Loops":1,"Output":["nation.n_nationkey","nation.n_name","nation.n_regionkey","nation.n_comment"],"Shared Hit Blocks":1,"Shared Read Blocks":0,"Shared Dirtied Blocks":0,"Shared Written Blocks":0,"Local Hit Blocks":0,"Local Read Blocks":0,"Local Dirtied Blocks":0,"Local Written Blocks":0,"Temp Read Blocks":0,"Temp Written Blocks":0,"I/O Read Time":0.0,"I/O Write Time":0.0,"Temp I/O Read Time":0.0,"Temp I/O Write Time":0.0},{"Node Type":"Hash","Parent Relationship":"Inner","Parallel Aware":false,"Async Capable":false,"Startup Cost":1.06,"Total Cost":1.06,"Plan Rows":1,"Plan Width":4,"Actual Startup Time":0.008,"Actual Total Time":0.009,"Actual Rows":1,"Actual Loops":1,"Output":["region.r_regionkey"],"Hash Buckets":1024,"Original Hash Buckets":1024,"Hash Batches":1,"Original Hash Batches":1,"Peak Memory Usage":9,"Shared Hit Blocks":1,"Shared Read Blocks":0,"Shared Dirtied Blocks":0,"Shared Written Blocks":0,"Local Hit Blocks":0,"Local Read Blocks":0,"Local Dirtied Blocks":0,"Local Written Blocks":0,"Temp Read Blocks":0,"Temp Written Blocks":0,"I/O Read Time":0.0,"I/O Write Time":0.0,"Temp I/O Read Time":0.0,"Temp I/O Write Time":0.0,"Plans":[{"Node Type":"Seq Scan","Parent Relationship":"Outer","Parallel Aware":false,"Async Capable":false,"Relation Name":"region","Schema":"public","Alias":"region","Startup Cost":0.0,"Total Cost":1.06,"Plan Rows":1,"Plan Width":4,"Actual Startup Time":0.007,"Actual Total Time":0.007,"Actual Rows":1,"Actual Loops":1,"Output":["region.r_regionkey"],"Filter":"((region.r_name)::text = 'Europe'::text)","Rows Removed by Filter":4,"Shared Hit Blocks":1,"Shared Read Blocks":0,"Shared Dirtied Blocks":0,"Shared Written Blocks":0,"Local Hit Blocks":0,"Local Read Blocks":0,"Local Dirtied Blocks":0,"Local Written Blocks":0,"Temp Read Blocks":0,"Temp Written Blocks":0,"I/O Read Time":0.0,"I/O Write Time":0.0,"Temp I/O Read Time":0.0,"Temp I/O Write Time":0.0}]}]}]}]}]},{"Node Type":"Index Only Scan","Parent Relationship":"Inner","Parallel Aware":false,"Async Capable":false,"Scan Direction":"Forward","Index Name":"stock_pk","Relation Name":"stock","Schema":"public","Alias":"stock","Startup Cost":0.44,"Total Cost":519363.62,"Plan Rows":20000212,"Plan Width":6,"Actual Startup Time":0.051,"Actual Total Time":1398.664,"Actual Rows":19999994,"Actual Loops":1,"Output":["stock.s_w_id","stock.s_i_id"],"Heap Fetches":0,"Shared Hit Blocks":54673,"Shared Read Blocks":0,"Shared Dirtied Blocks":0,"Shared Written Blocks":0,"Local Hit Blocks":0,"Local Read Blocks":0,"Local Dirtied Blocks":0,"Local Written Blocks":0,"Temp Read Blocks":0,"Temp Written Blocks":0,"I/O Read Time":0.0,"I/O Write Time":0.0,"Temp I/O Read Time":0.0,"Temp I/O Write Time":0.0}]},{"Node Type":"Hash","Parent Relationship":"Inner","Parallel Aware":false,"Async Capable":false,"Startup Cost":219.01,"Total Cost":219.01,"Plan Rows":10001,"Plan Width":8,"Actual Startup Time":3.322,"Actual Total Time":3.325,"Actual Rows":10000,"Actual Loops":1,"Output":["supplier.su_suppkey","supplier.su_nationkey"],"Hash Buckets":16384,"Original Hash Buckets":16384,"Hash Batches":1,"Original Hash Batches":1,"Peak Memory Usage":519,"Shared Hit Blocks":0,"Shared Read Blocks":0,"Shared Dirtied Blocks":0,"Shared Written Blocks":0,"Local Hit Blocks":0,"Local Read Blocks":0,"Local Dirtied Blocks":0,"Local Written Blocks":0,"Temp Read Blocks":0,"Temp Written Blocks":0,"I/O Read Time":0.0,"I/O Write Time":0.0,"Temp I/O Read Time":0.0,"Temp I/O Write Time":0.0,"Plans":[{"Node Type":"Append","Parent Relationship":"Outer","Parallel Aware":false,"Async Capable":false,"Startup Cost":20.0,"Total Cost":219.01,"Plan Rows":10001,"Plan Width":8,"Actual Startup Time":0.014,"Actual Total Time":1.783,"Actual Rows":10000,"Actual Loops":1,"Shared Hit Blocks":0,"Shared Read Blocks":0,"Shared Dirtied Blocks":0,"Shared Written Blocks":0,"Local Hit Blocks":0,"Local Read Blocks":0,"Local Dirtied Blocks":0,"Local Written Blocks":0,"Temp Read Blocks":0,"Temp Written Blocks":0,"I/O Read Time":0.0,"I/O Write Time":0.0,"Temp I/O Read Time":0.0,"Temp I/O Write Time":0.0,"Subplans Removed":0,"Plans":[{"Node Type":"Custom Scan","Parent Relationship":"Member","Custom Plan Provider":"columnar scan","Parallel Aware":false,"Async Capable":false,"Relation Name":"supplier","Schema":"public","Alias":"supplier","Startup Cost":20.0,"Total Cost":215.0,"Plan Rows":10000,"Plan Width":8,"Actual Startup Time":0.012,"Actual Total Time":1.079,"Actual Rows":10000,"Actual Loops":1,"Output":["supplier.su_suppkey","supplier.su_nationkey"],"Rows Removed by Columnar Filter":0,"Columnar cache search mode":"native","Shared Hit Blocks":0,"Shared Read Blocks":0,"Shared Dirtied Blocks":0,"Shared Written Blocks":0,"Local Hit Blocks":0,"Local Read Blocks":0,"Local Dirtied Blocks":0,"Local Written Blocks":0,"Temp Read Blocks":0,"Temp Written Blocks":0,"I/O Read Time":0.0,"I/O Write Time":0.0,"Temp I/O Read Time":0.0,"Temp I/O Write Time":0.0},{"Node Type":"Seq Scan","Parent Relationship":"Member","Parallel Aware":false,"Async Capable":false,"Relation Name":"supplier","Schema":"public","Alias":"supplier","Startup Cost":0.0,"Total Cost":4.01,"Plan Rows":1,"Plan Width":8,"Actual Startup Time":0.0,"Actual Total Time":0.0,"Actual Rows":0,"Actual Loops":0,"Output":["supplier.su_suppkey","supplier.su_nationkey"],"Shared Hit Blocks":0,"Shared Read Blocks":0,"Shared Dirtied Blocks":0,"Shared Written Blocks":0,"Local Hit Blocks":0,"Local Read Blocks":0,"Local Dirtied Blocks":0,"Local Written Blocks":0,"Temp Read Blocks":0,"Temp Written Blocks":0,"I/O Read Time":0.0,"I/O Write Time":0.0,"Temp I/O Read Time":0.0,"Temp I/O Write Time":0.0}]}]}]}]}]}]},"Planning":{"Shared Hit Blocks":220,"Shared Read Blocks":0,"Shared Dirtied Blocks":0,"Shared Written Blocks":0,"Local Hit Blocks":0,"Local Read Blocks":0,"Local Dirtied Blocks":0,"Local Written Blocks":0,"Temp Read Blocks":0,"Temp Written Blocks":0,"I/O Read Time":0.0,"I/O Write Time":0.0,"Temp I/O Read Time":0.0,"Temp I/O Write Time":0.0},"Planning Time":4.084,"Triggers":[],"Execution Time":34643.088}]
[列存组合]: nation, stock, supplier
[{"Plan":{"Node Type":"Sort","Parallel Aware":false,"Async Capable":false,"Startup Cost":4086277.85,"Total Cost":4086278.0,"Plan Rows":62,"Plan Width":40,"Actual Startup Time":34619.431,"Actual Total Time":34619.459,"Actual Rows":11,"Actual Loops":1,"Output":["nation.n_name","(sum(order_line.ol_amount))"],"Sort Key":["(sum(order_line.ol_amount)) DESC"],"Sort Method":"quicksort","Sort Space Used":25,"Sort Space Type":"Memory","Shared Hit Blocks":1240535,"Shared Read Blocks":0,"Shared Dirtied Blocks":0,"Shared Written Blocks":0,"Local Hit Blocks":0,"Local Read Blocks":0,"Local Dirtied Blocks":0,"Local Written Blocks":0,"Temp Read Blocks":288611,"Temp Written Blocks":288665,"I/O Read Time":0.0,"I/O Write Time":0.0,"Temp I/O Read Time":434.681,"Temp I/O Write Time":1166.609,"Plans":[{"Node Type":"Aggregate","Strategy":"Sorted","Partial Mode":"Simple","Parent Relationship":"Outer","Parallel Aware":false,"Async Capable":false,"Startup Cost":4086124.2,"Total Cost":4086276.0,"Plan Rows":62,"Plan Width":40,"Actual Startup Time":34613.555,"Actual Total Time":34619.441,"Actual Rows":11,"Actual Loops":1,"Output":["nation.n_name","sum(order_line.ol_amount)"],"Group Key":["nation.n_name"],"Shared Hit Blocks":1240535,"Shared Read Blocks":0,"Shared Dirtied Blocks":0,"Shared Written Blocks":0,"Local Hit Blocks":0,"Local Read Blocks":0,"Local Dirtied Blocks":0,"Local Written Blocks":0,"Temp Read Blocks":288611,"Temp Written Blocks":288665,"I/O Read Time":0.0,"I/O Write Time":0.0,"Temp I/O Read Time":434.681,"Temp I/O Write Time":1166.609,"Plans":[{"Node Type":"Sort","Parent Relationship":"Outer","Parallel Aware":false,"Async Capable":false,"Startup Cost":4086124.2,"Total Cost":4086174.54,"Plan Rows":20136,"Plan Width":12,"Actual Startup Time":34613.121,"Actual Total Time":34614.906,"Actual Rows":35044,"Actual Loops":1,"Output":["nation.n_name","order_line.ol_amount"],"Sort Key":["nation.n_name"],"Sort Method":"quicksort","Sort Space Used":3146,"Sort Space Type":"Memory","Shared Hit Blocks":1240535,"Shared Read Blocks":0,"Shared Dirtied Blocks":0,"Shared Written Blocks":0,"Local Hit Blocks":0,"Local Read Blocks":0,"Local Dirtied Blocks":0,"Local Written Blocks":0,"Temp Read Blocks":288611,"Temp Written Blocks":288665,"I/O Read Time":0.0,"I/O Write Time":0.0,"Temp I/O Read Time":434.681,"Temp I/O Write Time":1166.609,"Plans":[{"Node Type":"Hash Join","Parent Relationship":"Outer","Parallel Aware":false,"Async Capable":false,"Join Type":"Inner","Startup Cost":3436816.76,"Total Cost":4084684.73,"Plan Rows":20136,"Plan Width":12,"Actual Startup Time":30687.408,"Actual Total Time":34594.152,"Actual Rows":35044,"Actual Loops":1,"Output":["nation.n_name","order_line.ol_amount"],"Inner Unique":true,"Hash Cond":"((mod((stock.s_w_id * stock.s_i_id), 10000) = supplier.su_suppkey) AND (customer.c_nationkey = supplier.su_nationkey))","Shared Hit Blocks":1240535,"Shared Read Blocks":0,"Shared Dirtied Blocks":0,"Shared Written Blocks":0,"Local Hit Blocks":0,"Local Read Blocks":0,"Local Dirtied Blocks":0,"Local Written Blocks":0,"Temp Read Blocks":288611,"Temp Written Blocks":288665,"I/O Read Time":0.0,"I/O Write Time":0.0,"Temp I/O Read Time":434.681,"Temp I/O Write Time":1166.609,"Plans":[{"Node Type":"Merge Join","Parent Relationship":"Outer","Parallel Aware":false,"Async Capable":false,"Join Type":"Inner","Startup Cost":3436447.73,"Total Cost":4077480.74,"Plan Rows":1242717,"Plan Width":26,"Actual Startup Time":30683.621,"Actual Total Time":34314.177,"Actual Rows":2218175,"Actual Loops":1,"Output":["customer.c_nationkey","order_line.ol_amount","stock.s_w_id","stock.s_i_id","nation.n_name","nation.n_nationkey"],"Inner Unique":true,"Merge Cond":"((customer.c_w_id = stock.s_w_id) AND (order_line.ol_i_id = stock.s_i_id))","Shared Hit Blocks":1240535,"Shared Read Blocks":0,"Shared Dirtied Blocks":0,"Shared Written Blocks":0,"Local Hit Blocks":0,"Local Read Blocks":0,"Local Dirtied Blocks":0,"Local Written Blocks":0,"Temp Read Blocks":288611,"Temp Written Blocks":288665,"I/O Read Time":0.0,"I/O Write Time":0.0,"Temp I/O Read Time":434.681,"Temp I/O Write Time":1166.609,"Plans":[{"Node Type":"Sort","Parent Relationship":"Outer","Parallel Aware":false,"Async Capable":false,"Startup Cost":3436447.29,"Total Cost":3439527.83,"Plan Rows":1232214,"Plan Width":30,"Actual Startup Time":30683.557,"Actual Total Time":31280.52,"Actual Rows":2218175,"Actual Loops":1,"Output":["customer.c_w_id","customer.c_nationkey","orders.o_w_id","order_line.ol_amount","order_line.ol_w_id","order_line.ol_i_id","nation.n_name","nation.n_nationkey"],"Sort Key":["customer.c_w_id","order_line.ol_i_id"],"Sort Method":"external merge","Sort Space Used":94520,"Sort Space Type":"Disk","Shared Hit Blocks":1185862,"Shared Read Blocks":0,"Shared Dirtied Blocks":0,"Shared Written Blocks":0,"Local Hit Blocks":0,"Local Read Blocks":0,"Local Dirtied Blocks":0,"Local Written Blocks":0,"Temp Read Blocks":288611,"Temp Written Blocks":288665,"I/O Read Time":0.0,"I/O Write Time":0.0,"Temp I/O Read Time":434.681,"Temp I/O Write Time":1166.609,"Plans":[{"Node Type":"Hash Join","Parent Relationship":"Outer","Parallel Aware":false,"Async Capable":false,"Join Type":"Inner","Startup Cost":808098.65,"Total Cost":3252823.46,"Plan Rows":1232214,"Plan Width":30,"Actual Startup Time":3384.15,"Actual Total Time":28047.623,"Actual Rows":2218175,"Actual Loops":1,"Output":["customer.c_w_id","customer.c_nationkey","orders.o_w_id","order_line.ol_amount","order_line.ol_w_id","order_line.ol_i_id","nation.n_name","nation.n_nationkey"],"Inner Unique":false,"Hash Cond":"(customer.c_nationkey = nation.n_nationkey)","Shared Hit Blocks":1185862,"Shared Read Blocks":0,"Shared Dirtied Blocks":0,"Shared Written Blocks":0,"Local Hit Blocks":0,"Local Read Blocks":0,"Local Dirtied Blocks":0,"Local Written Blocks":0,"Temp Read Blocks":264991,"Temp Written Blocks":264991,"I/O Read Time":0.0,"I/O Write Time":0.0,"Temp I/O Read Time":398.029,"Temp I/O Write Time":1104.367,"Plans":[{"Node Type":"Hash Join","Parent Relationship":"Outer","Parallel Aware":false,"Async Capable":false,"Join Type":"Inner","Startup Cost":808095.51,"Total Cost":3217791.66,"Plan Rows":6161071,"Plan Width":18,"Actual Startup Time":3376.404,"Actual Total Time":27214.333,"Actual Rows":8568663,"Actual Loops":1,"Output":["customer.c_w_id","customer.c_nationkey","orders.o_w_id","order_line.ol_amount","order_line.ol_w_id","order_line.ol_i_id"],"Inner Unique":true,"Hash Cond":"((orders.o_c_id = customer.c_id) AND (orders.o_w_id = customer.c_w_id) AND (orders.o_d_id = customer.c_d_id))","Shared Hit Blocks":1185860,"Shared Read Blocks":0,"Shared Dirtied Blocks":0,"Shared Written Blocks":0,"Local Hit Blocks":0,"Local Read Blocks":0,"Local Dirtied Blocks":0,"Local Written Blocks":0,"Temp Read Blocks":264991,"Temp Written Blocks":264991,"I/O Read Time":0.0,"I/O Write Time":0.0,"Temp I/O Read Time":398.029,"Temp I/O Write Time":1104.367,"Plans":[{"Node Type":"Hash Join","Parent Relationship":"Outer","Parallel Aware":false,"Async Capable":false,"Join Type":"Inner","Startup Cost":153803.65,"Total Cost":2413481.36,"Plan Rows":6161071,"Plan Width":20,"Actual Startup Time":616.908,"Actual Total Time":20162.566,"Actual Rows":8568663,"Actual Loops":1,"Output":["orders.o_c_id","orders.o_w_id","orders.o_d_id","order_line.ol_amount","order_line.ol_w_id","order_line.ol_d_id","order_line.ol_i_id"],"Inner Unique":true,"Hash Cond":"((order_line.ol_w_id = orders.o_w_id) AND (order_line.ol_d_id = orders.o_d_id) AND (order_line.ol_o_id = orders.o_id))","Shared Hit Blocks":725870,"Shared Read Blocks":0,"Shared Dirtied Blocks":0,"Shared Written Blocks":0,"Local Hit Blocks":0,"Local Read Blocks":0,"Local Dirtied Blocks":0,"Local Written Blocks":0,"Temp Read Blocks":200672,"Temp Written Blocks":200672,"I/O Read Time":0.0,"I/O Write Time":0.0,"Temp I/O Read Time":298.783,"Temp I/O Write Time":797.777,"Plans":[{"Node Type":"Seq Scan","Parent Relationship":"Outer","Parallel Aware":false,"Async Capable":false,"Relation Name":"order_line","Schema":"public","Alias":"order_line","Startup Cost":0.0,"Total Cost":1431670.8,"Plan Rows":42039468,"Plan Width":20,"Actual Startup Time":0.006,"Actual Total Time":7317.15,"Actual Rows":42000489,"Actual Loops":1,"Output":["order_line.ol_amount","order_line.ol_o_id","order_line.ol_w_id","order_line.ol_d_id","order_line.ol_i_id"],"Filter":"(order_line.ol_delivery_d >= '1992-01-02 20:10:02.27764'::timestamp without time zone)","Rows Removed by Filter":17993272,"Shared Hit Blocks":681748,"Shared Read Blocks":0,"Shared Dirtied Blocks":0,"Shared Written Blocks":0,"Local Hit Blocks":0,"Local Read Blocks":0,"Local Dirtied Blocks":0,"Local Written Blocks":0,"Temp Read Blocks":0,"Temp Written Blocks":0,"I/O Read Time":0.0,"I/O Write Time":0.0,"Temp I/O Read Time":0.0,"Temp I/O Write Time":0.0},{"Node Type":"Hash","Parent Relationship":"Inner","Parallel Aware":false,"Async Capable":false,"Startup Cost":134121.52,"Total Cost":134121.52,"Plan Rows":879322,"Plan Width":16,"Actual Startup Time":582.889,"Actual Total Time":582.894,"Actual Rows":856801,"Actual Loops":1,"Output":["orders.o_c_id","orders.o_w_id","orders.o_d_id","orders.o_id"],"Hash Buckets":262144,"Original Hash Buckets":262144,"Hash Batches":8,"Original Hash Batches":8,"Peak Memory Usage":7070,"Shared Hit Blocks":44122,"Shared Read Blocks":0,"Shared Dirtied Blocks":0,"Shared Written Blocks":0,"Local Hit Blocks":0,"Local Read Blocks":0,"Local Dirtied Blocks":0,"Local Written Blocks":0,"Temp Read Blocks":0,"Temp Written Blocks":3290,"I/O Read Time":0.0,"I/O Write Time":0.0,"Temp I/O Read Time":0.0,"Temp I/O Write Time":14.604,"Plans":[{"Node Type":"Seq Scan","Parent Relationship":"Outer","Parallel Aware":false,"Async Capable":false,"Relation Name":"orders","Schema":"public","Alias":"orders","Startup Cost":0.0,"Total Cost":134121.52,"Plan Rows":879322,"Plan Width":16,"Actual Startup Time":0.591,"Actual Total Time":435.855,"Actual Rows":856801,"Actual Loops":1,"Output":["orders.o_c_id","orders.o_w_id","orders.o_d_id","orders.o_id"],"Filter":"((orders.o_entry_d >= '1993-01-02 20:10:02.27764'::timestamp without time zone) AND (orders.o_entry_d < '1994-01-02 20:10:02.27764'::timestamp without time zone))","Rows Removed by Filter":5143199,"Shared Hit Blocks":44122,"Shared Read Blocks":0,"Shared Dirtied Blocks":0,"Shared Written Blocks":0,"Local Hit Blocks":0,"Local Read Blocks":0,"Local Dirtied Blocks":0,"Local Written Blocks":0,"Temp Read Blocks":0,"Temp Written Blocks":0,"I/O Read Time":0.0,"I/O Write Time":0.0,"Temp I/O Read Time":0.0,"Temp I/O Write Time":0.0}]}]},{"Node Type":"Hash","Parent Relationship":"Inner","Parallel Aware":false,"Async Capable":false,"Startup Cost":519991.4,"Total Cost":519991.4,"Plan Rows":6000140,"Plan Width":12,"Actual Startup Time":2752.433,"Actual Total Time":2752.435,"Actual Rows":6000000,"Actual Loops":1,"Output":["customer.c_id","customer.c_w_id","customer.c_d_id","customer.c_nationkey"],"Hash Buckets":262144,"Original Hash Buckets":262144,"Hash Batches":64,"Original Hash Batches":64,"Peak Memory Usage":6073,"Shared Hit Blocks":459990,"Shared Read Blocks":0,"Shared Dirtied Blocks":0,"Shared Written Blocks":0,"Local Hit Blocks":0,"Local Read Blocks":0,"Local Dirtied Blocks":0,"Local Written Blocks":0,"Temp Read Blocks":0,"Temp Written Blocks":23037,"I/O Read Time":0.0,"I/O Write Time":0.0,"Temp I/O Read Time":0.0,"Temp I/O Write Time":111.566,"Plans":[{"Node Type":"Seq Scan","Parent Relationship":"Outer","Parallel Aware":false,"Async Capable":false,"Relation Name":"customer","Schema":"public","Alias":"customer","Startup Cost":0.0,"Total Cost":519991.4,"Plan Rows":6000140,"Plan Width":12,"Actual Startup Time":0.01,"Actual Total Time":1756.209,"Actual Rows":6000000,"Actual Loops":1,"Output":["customer.c_id","customer.c_w_id","customer.c_d_id","customer.c_nationkey"],"Shared Hit Blocks":459990,"Shared Read Blocks":0,"Shared Dirtied Blocks":0,"Shared Written Blocks":0,"Local Hit Blocks":0,"Local Read Blocks":0,"Local Dirtied Blocks":0,"Local Written Blocks":0,"Temp Read Blocks":0,"Temp Written Blocks":0,"I/O Read Time":0.0,"I/O Write Time":0.0,"Temp I/O Read Time":0.0,"Temp I/O Write Time":0.0}]}]},{"Node Type":"Hash","Parent Relationship":"Inner","Parallel Aware":false,"Async Capable":false,"Startup Cost":2.99,"Total Cost":2.99,"Plan Rows":12,"Plan Width":12,"Actual Startup Time":0.044,"Actual Total Time":0.048,"Actual Rows":22,"Actual Loops":1,"Output":["nation.n_name","nation.n_nationkey"],"Hash Buckets":1024,"Original Hash Buckets":1024,"Hash Batches":1,"Original Hash Batches":1,"Peak Memory Usage":9,"Shared Hit Blocks":2,"Shared Read Blocks":0,"Shared Dirtied Blocks":0,"Shared Written Blocks":0,"Local Hit Blocks":0,"Local Read Blocks":0,"Local Dirtied Blocks":0,"Local Written Blocks":0,"Temp Read Blocks":0,"Temp Written Blocks":0,"I/O Read Time":0.0,"I/O Write Time":0.0,"Temp I/O Read Time":0.0,"Temp I/O Write Time":0.0,"Plans":[{"Node Type":"Hash Join","Parent Relationship":"Outer","Parallel Aware":false,"Async Capable":false,"Join Type":"Inner","Startup Cost":1.07,"Total Cost":2.99,"Plan Rows":12,"Plan Width":12,"Actual Startup Time":0.026,"Actual Total Time":0.041,"Actual Rows":22,"Actual Loops":1,"Output":["nation.n_name","nation.n_nationkey"],"Inner Unique":true,"Hash Cond":"(nation.n_regionkey = region.r_regionkey)","Shared Hit Blocks":2,"Shared Read Blocks":0,"Shared Dirtied Blocks":0,"Shared Written Blocks":0,"Local Hit Blocks":0,"Local Read Blocks":0,"Local Dirtied Blocks":0,"Local Written Blocks":0,"Temp Read Blocks":0,"Temp Written Blocks":0,"I/O Read Time":0.0,"I/O Write Time":0.0,"Temp I/O Read Time":0.0,"Temp I/O Write Time":0.0,"Plans":[{"Node Type":"Seq Scan","Parent Relationship":"Outer","Parallel Aware":false,"Async Capable":false,"Relation Name":"nation","Schema":"public","Alias":"nation","Startup Cost":0.0,"Total Cost":1.62,"Plan Rows":62,"Plan Width":16,"Actual Startup Time":0.008,"Actual Total Time":0.011,"Actual Rows":62,"Actual Loops":1,"Output":["nation.n_nationkey","nation.n_name","nation.n_regionkey","nation.n_comment"],"Shared Hit Blocks":1,"Shared Read Blocks":0,"Shared Dirtied Blocks":0,"Shared Written Blocks":0,"Local Hit Blocks":0,"Local Read Blocks":0,"Local Dirtied Blocks":0,"Local Written Blocks":0,"Temp Read Blocks":0,"Temp Written Blocks":0,"I/O Read Time":0.0,"I/O Write Time":0.0,"Temp I/O Read Time":0.0,"Temp I/O Write Time":0.0},{"Node Type":"Hash","Parent Relationship":"Inner","Parallel Aware":false,"Async Capable":false,"Startup Cost":1.06,"Total Cost":1.06,"Plan Rows":1,"Plan Width":4,"Actual Startup Time":0.009,"Actual Total Time":0.01,"Actual Rows":1,"Actual Loops":1,"Output":["region.r_regionkey"],"Hash Buckets":1024,"Original Hash Buckets":1024,"Hash Batches":1,"Original Hash Batches":1,"Peak Memory Usage":9,"Shared Hit Blocks":1,"Shared Read Blocks":0,"Shared Dirtied Blocks":0,"Shared Written Blocks":0,"Local Hit Blocks":0,"Local Read Blocks":0,"Local Dirtied Blocks":0,"Local Written Blocks":0,"Temp Read Blocks":0,"Temp Written Blocks":0,"I/O Read Time":0.0,"I/O Write Time":0.0,"Temp I/O Read Time":0.0,"Temp I/O Write Time":0.0,"Plans":[{"Node Type":"Seq Scan","Parent Relationship":"Outer","Parallel Aware":false,"Async Capable":false,"Relation Name":"region","Schema":"public","Alias":"region","Startup Cost":0.0,"Total Cost":1.06,"Plan Rows":1,"Plan Width":4,"Actual Startup Time":0.007,"Actual Total Time":0.007,"Actual Rows":1,"Actual Loops":1,"Output":["region.r_regionkey"],"Filter":"((region.r_name)::text = 'Europe'::text)","Rows Removed by Filter":4,"Shared Hit Blocks":1,"Shared Read Blocks":0,"Shared Dirtied Blocks":0,"Shared Written Blocks":0,"Local Hit Blocks":0,"Local Read Blocks":0,"Local Dirtied Blocks":0,"Local Written Blocks":0,"Temp Read Blocks":0,"Temp Written Blocks":0,"I/O Read Time":0.0,"I/O Write Time":0.0,"Temp I/O Read Time":0.0,"Temp I/O Write Time":0.0}]}]}]}]}]},{"Node Type":"Index Only Scan","Parent Relationship":"Inner","Parallel Aware":false,"Async Capable":false,"Scan Direction":"Forward","Index Name":"stock_pk","Relation Name":"stock","Schema":"public","Alias":"stock","Startup Cost":0.44,"Total Cost":519363.62,"Plan Rows":20000212,"Plan Width":6,"Actual Startup Time":0.048,"Actual Total Time":1397.346,"Actual Rows":19999994,"Actual Loops":1,"Output":["stock.s_w_id","stock.s_i_id"],"Heap Fetches":0,"Shared Hit Blocks":54673,"Shared Read Blocks":0,"Shared Dirtied Blocks":0,"Shared Written Blocks":0,"Local Hit Blocks":0,"Local Read Blocks":0,"Local Dirtied Blocks":0,"Local Written Blocks":0,"Temp Read Blocks":0,"Temp Written Blocks":0,"I/O Read Time":0.0,"I/O Write Time":0.0,"Temp I/O Read Time":0.0,"Temp I/O Write Time":0.0}]},{"Node Type":"Hash","Parent Relationship":"Inner","Parallel Aware":false,"Async Capable":false,"Startup Cost":219.01,"Total Cost":219.01,"Plan Rows":10001,"Plan Width":8,"Actual Startup Time":3.347,"Actual Total Time":3.35,"Actual Rows":10000,"Actual Loops":1,"Output":["supplier.su_suppkey","supplier.su_nationkey"],"Hash Buckets":16384,"Original Hash Buckets":16384,"Hash Batches":1,"Original Hash Batches":1,"Peak Memory Usage":519,"Shared Hit Blocks":0,"Shared Read Blocks":0,"Shared Dirtied Blocks":0,"Shared Written Blocks":0,"Local Hit Blocks":0,"Local Read Blocks":0,"Local Dirtied Blocks":0,"Local Written Blocks":0,"Temp Read Blocks":0,"Temp Written Blocks":0,"I/O Read Time":0.0,"I/O Write Time":0.0,"Temp I/O Read Time":0.0,"Temp I/O Write Time":0.0,"Plans":[{"Node Type":"Append","Parent Relationship":"Outer","Parallel Aware":false,"Async Capable":false,"Startup Cost":20.0,"Total Cost":219.01,"Plan Rows":10001,"Plan Width":8,"Actual Startup Time":0.014,"Actual Total Time":2.048,"Actual Rows":10000,"Actual Loops":1,"Shared Hit Blocks":0,"Shared Read Blocks":0,"Shared Dirtied Blocks":0,"Shared Written Blocks":0,"Local Hit Blocks":0,"Local Read Blocks":0,"Local Dirtied Blocks":0,"Local Written Blocks":0,"Temp Read Blocks":0,"Temp Written Blocks":0,"I/O Read Time":0.0,"I/O Write Time":0.0,"Temp I/O Read Time":0.0,"Temp I/O Write Time":0.0,"Subplans Removed":0,"Plans":[{"Node Type":"Custom Scan","Parent Relationship":"Member","Custom Plan Provider":"columnar scan","Parallel Aware":false,"Async Capable":false,"Relation Name":"supplier","Schema":"public","Alias":"supplier","Startup Cost":20.0,"Total Cost":215.0,"Plan Rows":10000,"Plan Width":8,"Actual Startup Time":0.013,"Actual Total Time":1.097,"Actual Rows":10000,"Actual Loops":1,"Output":["supplier.su_suppkey","supplier.su_nationkey"],"Rows Removed by Columnar Filter":0,"Columnar cache search mode":"native","Shared Hit Blocks":0,"Shared Read Blocks":0,"Shared Dirtied Blocks":0,"Shared Written Blocks":0,"Local Hit Blocks":0,"Local Read Blocks":0,"Local Dirtied Blocks":0,"Local Written Blocks":0,"Temp Read Blocks":0,"Temp Written Blocks":0,"I/O Read Time":0.0,"I/O Write Time":0.0,"Temp I/O Read Time":0.0,"Temp I/O Write Time":0.0},{"Node Type":"Seq Scan","Parent Relationship":"Member","Parallel Aware":false,"Async Capable":false,"Relation Name":"supplier","Schema":"public","Alias":"supplier","Startup Cost":0.0,"Total Cost":4.01,"Plan Rows":1,"Plan Width":8,"Actual Startup Time":0.0,"Actual Total Time":0.0,"Actual Rows":0,"Actual Loops":0,"Output":["supplier.su_suppkey","supplier.su_nationkey"],"Shared Hit Blocks":0,"Shared Read Blocks":0,"Shared Dirtied Blocks":0,"Shared Written Blocks":0,"Local Hit Blocks":0,"Local Read Blocks":0,"Local Dirtied Blocks":0,"Local Written Blocks":0,"Temp Read Blocks":0,"Temp Written Blocks":0,"I/O Read Time":0.0,"I/O Write Time":0.0,"Temp I/O Read Time":0.0,"Temp I/O Write Time":0.0}]}]}]}]}]}]},"Planning":{"Shared Hit Blocks":220,"Shared Read Blocks":0,"Shared Dirtied Blocks":0,"Shared Written Blocks":0,"Local Hit Blocks":0,"Local Read Blocks":0,"Local Dirtied Blocks":0,"Local Written Blocks":0,"Temp Read Blocks":0,"Temp Written Blocks":0,"I/O Read Time":0.0,"I/O Write Time":0.0,"Temp I/O Read Time":0.0,"Temp I/O Write Time":0.0},"Planning Time":5.708,"Triggers":[],"Execution Time":34634.094}]
[列存组合]: order_line, orders, region
[{"Plan":{"Node Type":"Sort","Parallel Aware":false,"Async Capable":false,"Startup Cost":4055674.03,"Total Cost":4055674.18,"Plan Rows":62,"Plan Width":40,"Actual Startup Time":21185.421,"Actual Total Time":21185.455,"Actual Rows":11,"Actual Loops":1,"Output":["nation.n_name","(sum(order_line.ol_amount))"],"Sort Key":["(sum(order_line.ol_amount)) DESC"],"Sort Method":"quicksort","Sort Space Used":25,"Sort Space Type":"Memory","Shared Hit Blocks":514882,"Shared Read Blocks":0,"Shared Dirtied Blocks":0,"Shared Written Blocks":0,"Local Hit Blocks":0,"Local Read Blocks":0,"Local Dirtied Blocks":0,"Local Written Blocks":0,"Temp Read Blocks":131755,"Temp Written Blocks":131809,"I/O Read Time":0.0,"I/O Write Time":0.0,"Temp I/O Read Time":204.065,"Temp I/O Write Time":555.079,"Plans":[{"Node Type":"Aggregate","Strategy":"Sorted","Partial Mode":"Simple","Parent Relationship":"Outer","Parallel Aware":false,"Async Capable":false,"Startup Cost":4055520.39,"Total Cost":4055672.18,"Plan Rows":62,"Plan Width":40,"Actual Startup Time":21179.501,"Actual Total Time":21185.437,"Actual Rows":11,"Actual Loops":1,"Output":["nation.n_name","sum(order_line.ol_amount)"],"Group Key":["nation.n_name"],"Shared Hit Blocks":514882,"Shared Read Blocks":0,"Shared Dirtied Blocks":0,"Shared Written Blocks":0,"Local Hit Blocks":0,"Local Read Blocks":0,"Local Dirtied Blocks":0,"Local Written Blocks":0,"Temp Read Blocks":131755,"Temp Written Blocks":131809,"I/O Read Time":0.0,"I/O Write Time":0.0,"Temp I/O Read Time":204.065,"Temp I/O Write Time":555.079,"Plans":[{"Node Type":"Sort","Parent Relationship":"Outer","Parallel Aware":false,"Async Capable":false,"Startup Cost":4055520.39,"Total Cost":4055570.73,"Plan Rows":20136,"Plan Width":12,"Actual Startup Time":21179.067,"Actual Total Time":21180.889,"Actual Rows":35044,"Actual Loops":1,"Output":["nation.n_name","order_line.ol_amount"],"Sort Key":["nation.n_name"],"Sort Method":"quicksort","Sort Space Used":3146,"Sort Space Type":"Memory","Shared Hit Blocks":514882,"Shared Read Blocks":0,"Shared Dirtied Blocks":0,"Shared Written Blocks":0,"Local Hit Blocks":0,"Local Read Blocks":0,"Local Dirtied Blocks":0,"Local Written Blocks":0,"Temp Read Blocks":131755,"Temp Written Blocks":131809,"I/O Read Time":0.0,"I/O Write Time":0.0,"Temp I/O Read Time":204.065,"Temp I/O Write Time":555.079,"Plans":[{"Node Type":"Hash Join","Parent Relationship":"Outer","Parallel Aware":false,"Async Capable":false,"Join Type":"Inner","Startup Cost":3406212.94,"Total Cost":4054080.92,"Plan Rows":20136,"Plan Width":12,"Actual Startup Time":17272.189,"Actual Total Time":21159.956,"Actual Rows":35044,"Actual Loops":1,"Output":["nation.n_name","order_line.ol_amount"],"Inner Unique":true,"Hash Cond":"((mod((stock.s_w_id * stock.s_i_id), 10000) = supplier.su_suppkey) AND (customer.c_nationkey = supplier.su_nationkey))","Shared Hit Blocks":514882,"Shared Read Blocks":0,"Shared Dirtied Blocks":0,"Shared Written Blocks":0,"Local Hit Blocks":0,"Local Read Blocks":0,"Local Dirtied Blocks":0,"Local Written Blocks":0,"Temp Read Blocks":131755,"Temp Written Blocks":131809,"I/O Read Time":0.0,"I/O Write Time":0.0,"Temp I/O Read Time":204.065,"Temp I/O Write Time":555.079,"Plans":[{"Node Type":"Merge Join","Parent Relationship":"Outer","Parallel Aware":false,"Async Capable":false,"Join Type":"Inner","Startup Cost":3405745.94,"Total Cost":4046778.94,"Plan Rows":1242717,"Plan Width":26,"Actual Startup Time":17269.149,"Actual Total Time":20877.727,"Actual Rows":2218175,"Actual Loops":1,"Output":["customer.c_nationkey","order_line.ol_amount","stock.s_w_id","stock.s_i_id","nation.n_name","nation.n_nationkey"],"Inner Unique":true,"Merge Cond":"((customer.c_w_id = stock.s_w_id) AND (order_line.ol_i_id = stock.s_i_id))","Shared Hit Blocks":514665,"Shared Read Blocks":0,"Shared Dirtied Blocks":0,"Shared Written Blocks":0,"Local Hit Blocks":0,"Local Read Blocks":0,"Local Dirtied Blocks":0,"Local Written Blocks":0,"Temp Read Blocks":131755,"Temp Written Blocks":131809,"I/O Read Time":0.0,"I/O Write Time":0.0,"Temp I/O Read Time":204.065,"Temp I/O Write Time":555.079,"Plans":[{"Node Type":"Sort","Parent Relationship":"Outer","Parallel Aware":false,"Async Capable":false,"Startup Cost":3405745.5,"Total Cost":3408826.04,"Plan Rows":1232214,"Plan Width":30,"Actual Startup Time":17269.085,"Actual Total Time":17864.235,"Actual Rows":2218175,"Actual Loops":1,"Output":["customer.c_w_id","customer.c_nationkey","orders.o_w_id","order_line.ol_amount","order_line.ol_w_id","order_line.ol_i_id","nation.n_name","nation.n_nationkey"],"Sort Key":["customer.c_w_id","order_line.ol_i_id"],"Sort Method":"external merge","Sort Space Used":94520,"Sort Space Type":"Disk","Shared Hit Blocks":459992,"Shared Read Blocks":0,"Shared Dirtied Blocks":0,"Shared Written Blocks":0,"Local Hit Blocks":0,"Local Read Blocks":0,"Local Dirtied Blocks":0,"Local Written Blocks":0,"Temp Read Blocks":131755,"Temp Written Blocks":131809,"I/O Read Time":0.0,"I/O Write Time":0.0,"Temp I/O Read Time":204.065,"Temp I/O Write Time":555.079,"Plans":[{"Node Type":"Hash Join","Parent Relationship":"Outer","Parallel Aware":false,"Async Capable":false,"Join Type":"Inner","Startup Cost":805488.83,"Total Cost":3222121.67,"Plan Rows":1232214,"Plan Width":30,"Actual Startup Time":3265.847,"Actual Total Time":14638.743,"Actual Rows":2218175,"Actual Loops":1,"Output":["customer.c_w_id","customer.c_nationkey","orders.o_w_id","order_line.ol_amount","order_line.ol_w_id","order_line.ol_i_id","nation.n_name","nation.n_nationkey"],"Inner Unique":false,"Hash Cond":"(customer.c_nationkey = nation.n_nationkey)","Shared Hit Blocks":459992,"Shared Read Blocks":0,"Shared Dirtied Blocks":0,"Shared Written Blocks":0,"Local Hit Blocks":0,"Local Read Blocks":0,"Local Dirtied Blocks":0,"Local Written Blocks":0,"Temp Read Blocks":108135,"Temp Written Blocks":108135,"I/O Read Time":0.0,"I/O Write Time":0.0,"Temp I/O Read Time":169.776,"Temp I/O Write Time":492.976,"Plans":[{"Node Type":"Hash Join","Parent Relationship":"Outer","Parallel Aware":false,"Async Capable":false,"Join Type":"Inner","Startup Cost":805485.69,"Total Cost":3187089.86,"Plan Rows":6161071,"Plan Width":18,"Actual Startup Time":3259.16,"Actual Total Time":13802.38,"Actual Rows":8568663,"Actual Loops":1,"Output":["customer.c_w_id","customer.c_nationkey","orders.o_w_id","order_line.ol_amount","order_line.ol_w_id","order_line.ol_i_id"],"Inner Unique":true,"Hash Cond":"((orders.o_c_id = customer.c_id) AND (orders.o_w_id = customer.c_w_id) AND (orders.o_d_id = customer.c_d_id))","Shared Hit Blocks":459990,"Shared Read Blocks":0,"Shared Dirtied Blocks":0,"Shared Written Blocks":0,"Local Hit Blocks":0,"Local Read Blocks":0,"Local Dirtied Blocks":0,"Local Written Blocks":0,"Temp Read Blocks":108135,"Temp Written Blocks":108135,"I/O Read Time":0.0,"I/O Write Time":0.0,"Temp I/O Read Time":169.776,"Temp I/O Write Time":492.976,"Plans":[{"Node Type":"Hash Join","Parent Relationship":"Outer","Parallel Aware":false,"Async Capable":false,"Join Type":"Inner","Startup Cost":151193.84,"Total Cost":2382779.57,"Plan Rows":6161071,"Plan Width":20,"Actual Startup Time":412.718,"Actual Total Time":6660.004,"Actual Rows":8568663,"Actual Loops":1,"Output":["orders.o_c_id","orders.o_w_id","orders.o_d_id","order_line.ol_amount","order_line.ol_w_id","order_line.ol_d_id","order_line.ol_i_id"],"Inner Unique":true,"Hash Cond":"((order_line.ol_w_id = orders.o_w_id) AND (order_line.ol_d_id = orders.o_d_id) AND (order_line.ol_o_id = orders.o_id))","Shared Hit Blocks":0,"Shared Read Blocks":0,"Shared Dirtied Blocks":0,"Shared Written Blocks":0,"Local Hit Blocks":0,"Local Read Blocks":0,"Local Dirtied Blocks":0,"Local Written Blocks":0,"Temp Read Blocks":43816,"Temp Written Blocks":43816,"I/O Read Time":0.0,"I/O Write Time":0.0,"Temp I/O Read Time":69.066,"Temp I/O Write Time":188.136,"Plans":[{"Node Type":"Append","Parent Relationship":"Outer","Parallel Aware":false,"Async Capable":false,"Startup Cost":20.0,"Total Cost":1403598.82,"Plan Rows":42039468,"Plan Width":20,"Actual Startup Time":1.365,"Actual Total Time":2580.951,"Actual Rows":8620885,"Actual Loops":1,"Shared Hit Blocks":0,"Shared Read Blocks":0,"Shared Dirtied Blocks":0,"Shared Written Blocks":0,"Local Hit Blocks":0,"Local Read Blocks":0,"Local Dirtied Blocks":0,"Local Written Blocks":0,"Temp Read Blocks":0,"Temp Written Blocks":0,"I/O Read Time":0.0,"I/O Write Time":0.0,"Temp I/O Read Time":0.0,"Temp I/O Write Time":0.0,"Subplans Removed":0,"Plans":[{"Node Type":"Custom Scan","Parent Relationship":"Member","Custom Plan Provider":"columnar scan","Parallel Aware":false,"Async Capable":false,"Relation Name":"order_line","Schema":"public","Alias":"order_line","Startup Cost":20.0,"Total Cost":1072026.23,"Plan Rows":42039424,"Plan Width":20,"Actual Startup Time":1.363,"Actual Total Time":1981.742,"Actual Rows":8620885,"Actual Loops":1,"Output":["order_line.ol_amount","order_line.ol_o_id","order_line.ol_w_id","order_line.ol_d_id","order_line.ol_i_id"],"Filter":"(order_line.ol_delivery_d >= '1992-01-02 20:10:02.27764'::timestamp without time zone)","Rows Removed by Filter":0,"Rows Removed by Columnar Filter":51372876,"Rows Filtered by Bloom Filter":0,"Dictionary Rows Filtered by Bloom Filter":51372876,"Columnar cache search mode":"native","Shared Hit Blocks":0,"Shared Read Blocks":0,"Shared Dirtied Blocks":0,"Shared Written Blocks":0,"Local Hit Blocks":0,"Local Read Blocks":0,"Local Dirtied Blocks":0,"Local Written Blocks":0,"Temp Read Blocks":0,"Temp Written Blocks":0,"I/O Read Time":0.0,"I/O Write Time":0.0,"Temp I/O Read Time":0.0,"Temp I/O Write Time":0.0},{"Node Type":"Seq Scan","Parent Relationship":"Member","Parallel Aware":false,"Async Capable":false,"Relation Name":"order_line","Schema":"public","Alias":"order_line","Startup Cost":0.0,"Total Cost":4.79,"Plan Rows":44,"Plan Width":20,"Actual Startup Time":0.0,"Actual Total Time":0.0,"Actual Rows":0,"Actual Loops":0,"Output":["order_line.ol_amount","order_line.ol_o_id","order_line.ol_w_id","order_line.ol_d_id","order_line.ol_i_id"],"Filter":"(order_line.ol_delivery_d >= '1992-01-02 20:10:02.27764'::timestamp without time zone)","Rows Removed by Filter":0,"Shared Hit Blocks":0,"Shared Read Blocks":0,"Shared Dirtied Blocks":0,"Shared Written Blocks":0,"Local Hit Blocks":0,"Local Read Blocks":0,"Local Dirtied Blocks":0,"Local Written Blocks":0,"Temp Read Blocks":0,"Temp Written Blocks":0,"I/O Read Time":0.0,"I/O Write Time":0.0,"Temp I/O Read Time":0.0,"Temp I/O Write Time":0.0}]},{"Node Type":"Hash","Parent Relationship":"Inner","Parallel Aware":false,"Async Capable":false,"Startup Cost":131491.69,"Total Cost":131491.69,"Plan Rows":879323,"Plan Width":16,"Actual Startup Time":410.028,"Actual Total Time":410.034,"Actual Rows":856801,"Actual Loops":1,"Output":["orders.o_c_id","orders.o_w_id","orders.o_d_id","orders.o_id"],"Hash Buckets":262144,"Original Hash Buckets":262144,"Hash Batches":8,"Original Hash Batches":8,"Peak Memory Usage":7070,"Shared Hit Blocks":0,"Shared Read Blocks":0,"Shared Dirtied Blocks":0,"Shared Written Blocks":0,"Local Hit Blocks":0,"Local Read Blocks":0,"Local Dirtied Blocks":0,"Local Written Blocks":0,"Temp Read Blocks":0,"Temp Written Blocks":3290,"I/O Read Time":0.0,"I/O Write Time":0.0,"Temp I/O Read Time":0.0,"Temp I/O Write Time":14.136,"Plans":[{"Node Type":"Append","Parent Relationship":"Outer","Parallel Aware":false,"Async Capable":false,"Startup Cost":20.0,"Total Cost":131491.69,"Plan Rows":879323,"Plan Width":16,"Actual Startup Time":0.505,"Actual Total Time":209.629,"Actual Rows":856801,"Actual Loops":1,"Shared Hit Blocks":0,"Shared Read Blocks":0,"Shared Dirtied Blocks":0,"Shared Written Blocks":0,"Local Hit Blocks":0,"Local Read Blocks":0,"Local Dirtied Blocks":0,"Local Written Blocks":0,"Temp Read Blocks":0,"Temp Written Blocks":0,"I/O Read Time":0.0,"I/O Write Time":0.0,"Temp I/O Read Time":0.0,"Temp I/O Write Time":0.0,"Subplans Removed":0,"Plans":[{"Node Type":"Custom Scan","Parent Relationship":"Member","Custom Plan Provider":"columnar scan","Parallel Aware":false,"Async Capable":false,"Relation Name":"orders","Schema":"public","Alias":"orders","Startup Cost":20.0,"Total Cost":20684.21,"Plan Rows":879322,"Plan Width":16,"Actual Startup Time":0.503,"Actual Total Time":145.54,"Actual Rows":856801,"Actual Loops":1,"Output":["orders.o_c_id","orders.o_w_id","orders.o_d_id","orders.o_id"],"Filter":"((orders.o_entry_d < '1994-01-02 20:10:02.27764'::timestamp without time zone) AND (orders.o_entry_d >= '1993-01-02 20:10:02.27764'::timestamp without time zone))","Rows Removed by Filter":0,"Rows Removed by Columnar Filter":5143199,"Columnar cache search mode":"native","Shared Hit Blocks":0,"Shared Read Blocks":0,"Shared Dirtied Blocks":0,"Shared Written Blocks":0,"Local Hit Blocks":0,"Local Read Blocks":0,"Local Dirtied Blocks":0,"Local Written Blocks":0,"Temp Read Blocks":0,"Temp Written Blocks":0,"I/O Read Time":0.0,"I/O Write Time":0.0,"Temp I/O Read Time":0.0,"Temp I/O Write Time":0.0},{"Node Type":"Seq Scan","Parent Relationship":"Member","Parallel Aware":false,"Async Capable":false,"Relation Name":"orders","Schema":"public","Alias":"orders","Startup Cost":0.0,"Total Cost":4.01,"Plan Rows":1,"Plan Width":16,"Actual Startup Time":0.0,"Actual Total Time":0.0,"Actual Rows":0,"Actual Loops":0,"Output":["orders.o_c_id","orders.o_w_id","orders.o_d_id","orders.o_id"],"Filter":"((orders.o_entry_d < '1994-01-02 20:10:02.27764'::timestamp without time zone) AND (orders.o_entry_d >= '1993-01-02 20:10:02.27764'::timestamp without time zone))","Rows Removed by Filter":0,"Shared Hit Blocks":0,"Shared Read Blocks":0,"Shared Dirtied Blocks":0,"Shared Written Blocks":0,"Local Hit Blocks":0,"Local Read Blocks":0,"Local Dirtied Blocks":0,"Local Written Blocks":0,"Temp Read Blocks":0,"Temp Written Blocks":0,"I/O Read Time":0.0,"I/O Write Time":0.0,"Temp I/O Read Time":0.0,"Temp I/O Write Time":0.0}]}]}]},{"Node Type":"Hash","Parent Relationship":"Inner","Parallel Aware":false,"Async Capable":false,"Startup Cost":519991.4,"Total Cost":519991.4,"Plan Rows":6000140,"Plan Width":12,"Actual Startup Time":2840.286,"Actual Total Time":2840.288,"Actual Rows":6000000,"Actual Loops":1,"Output":["customer.c_id","customer.c_w_id","customer.c_d_id","customer.c_nationkey"],"Hash Buckets":262144,"Original Hash Buckets":262144,"Hash Batches":64,"Original Hash Batches":64,"Peak Memory Usage":6073,"Shared Hit Blocks":459990,"Shared Read Blocks":0,"Shared Dirtied Blocks":0,"Shared Written Blocks":0,"Local Hit Blocks":0,"Local Read Blocks":0,"Local Dirtied Blocks":0,"Local Written Blocks":0,"Temp Read Blocks":0,"Temp Written Blocks":23037,"I/O Read Time":0.0,"I/O Write Time":0.0,"Temp I/O Read Time":0.0,"Temp I/O Write Time":113.77,"Plans":[{"Node Type":"Seq Scan","Parent Relationship":"Outer","Parallel Aware":false,"Async Capable":false,"Relation Name":"customer","Schema":"public","Alias":"customer","Startup Cost":0.0,"Total Cost":519991.4,"Plan Rows":6000140,"Plan Width":12,"Actual Startup Time":0.012,"Actual Total Time":1837.381,"Actual Rows":6000000,"Actual Loops":1,"Output":["customer.c_id","customer.c_w_id","customer.c_d_id","customer.c_nationkey"],"Shared Hit Blocks":459990,"Shared Read Blocks":0,"Shared Dirtied Blocks":0,"Shared Written Blocks":0,"Local Hit Blocks":0,"Local Read Blocks":0,"Local Dirtied Blocks":0,"Local Written Blocks":0,"Temp Read Blocks":0,"Temp Written Blocks":0,"I/O Read Time":0.0,"I/O Write Time":0.0,"Temp I/O Read Time":0.0,"Temp I/O Write Time":0.0}]}]},{"Node Type":"Hash","Parent Relationship":"Inner","Parallel Aware":false,"Async Capable":false,"Startup Cost":2.99,"Total Cost":2.99,"Plan Rows":12,"Plan Width":12,"Actual Startup Time":0.042,"Actual Total Time":0.048,"Actual Rows":22,"Actual Loops":1,"Output":["nation.n_name","nation.n_nationkey"],"Hash Buckets":1024,"Original Hash Buckets":1024,"Hash Batches":1,"Original Hash Batches":1,"Peak Memory Usage":9,"Shared Hit Blocks":2,"Shared Read Blocks":0,"Shared Dirtied Blocks":0,"Shared Written Blocks":0,"Local Hit Blocks":0,"Local Read Blocks":0,"Local Dirtied Blocks":0,"Local Written Blocks":0,"Temp Read Blocks":0,"Temp Written Blocks":0,"I/O Read Time":0.0,"I/O Write Time":0.0,"Temp I/O Read Time":0.0,"Temp I/O Write Time":0.0,"Plans":[{"Node Type":"Hash Join","Parent Relationship":"Outer","Parallel Aware":false,"Async Capable":false,"Join Type":"Inner","Startup Cost":1.07,"Total Cost":2.99,"Plan Rows":12,"Plan Width":12,"Actual Startup Time":0.025,"Actual Total Time":0.041,"Actual Rows":22,"Actual Loops":1,"Output":["nation.n_name","nation.n_nationkey"],"Inner Unique":true,"Hash Cond":"(nation.n_regionkey = region.r_regionkey)","Shared Hit Blocks":2,"Shared Read Blocks":0,"Shared Dirtied Blocks":0,"Shared Written Blocks":0,"Local Hit Blocks":0,"Local Read Blocks":0,"Local Dirtied Blocks":0,"Local Written Blocks":0,"Temp Read Blocks":0,"Temp Written Blocks":0,"I/O Read Time":0.0,"I/O Write Time":0.0,"Temp I/O Read Time":0.0,"Temp I/O Write Time":0.0,"Plans":[{"Node Type":"Seq Scan","Parent Relationship":"Outer","Parallel Aware":false,"Async Capable":false,"Relation Name":"nation","Schema":"public","Alias":"nation","Startup Cost":0.0,"Total Cost":1.62,"Plan Rows":62,"Plan Width":16,"Actual Startup Time":0.005,"Actual Total Time":0.008,"Actual Rows":62,"Actual Loops":1,"Output":["nation.n_nationkey","nation.n_name","nation.n_regionkey","nation.n_comment"],"Shared Hit Blocks":1,"Shared Read Blocks":0,"Shared Dirtied Blocks":0,"Shared Written Blocks":0,"Local Hit Blocks":0,"Local Read Blocks":0,"Local Dirtied Blocks":0,"Local Written Blocks":0,"Temp Read Blocks":0,"Temp Written Blocks":0,"I/O Read Time":0.0,"I/O Write Time":0.0,"Temp I/O Read Time":0.0,"Temp I/O Write Time":0.0},{"Node Type":"Hash","Parent Relationship":"Inner","Parallel Aware":false,"Async Capable":false,"Startup Cost":1.06,"Total Cost":1.06,"Plan Rows":1,"Plan Width":4,"Actual Startup Time":0.007,"Actual Total Time":0.009,"Actual Rows":1,"Actual Loops":1,"Output":["region.r_regionkey"],"Hash Buckets":1024,"Original Hash Buckets":1024,"Hash Batches":1,"Original Hash Batches":1,"Peak Memory Usage":9,"Shared Hit Blocks":1,"Shared Read Blocks":0,"Shared Dirtied Blocks":0,"Shared Written Blocks":0,"Local Hit Blocks":0,"Local Read Blocks":0,"Local Dirtied Blocks":0,"Local Written Blocks":0,"Temp Read Blocks":0,"Temp Written Blocks":0,"I/O Read Time":0.0,"I/O Write Time":0.0,"Temp I/O Read Time":0.0,"Temp I/O Write Time":0.0,"Plans":[{"Node Type":"Seq Scan","Parent Relationship":"Outer","Parallel Aware":false,"Async Capable":false,"Relation Name":"region","Schema":"public","Alias":"region","Startup Cost":0.0,"Total Cost":1.06,"Plan Rows":1,"Plan Width":4,"Actual Startup Time":0.006,"Actual Total Time":0.006,"Actual Rows":1,"Actual Loops":1,"Output":["region.r_regionkey"],"Filter":"((region.r_name)::text = 'Europe'::text)","Rows Removed by Filter":4,"Shared Hit Blocks":1,"Shared Read Blocks":0,"Shared Dirtied Blocks":0,"Shared Written Blocks":0,"Local Hit Blocks":0,"Local Read Blocks":0,"Local Dirtied Blocks":0,"Local Written Blocks":0,"Temp Read Blocks":0,"Temp Written Blocks":0,"I/O Read Time":0.0,"I/O Write Time":0.0,"Temp I/O Read Time":0.0,"Temp I/O Write Time":0.0}]}]}]}]}]},{"Node Type":"Index Only Scan","Parent Relationship":"Inner","Parallel Aware":false,"Async Capable":false,"Scan Direction":"Forward","Index Name":"stock_pk","Relation Name":"stock","Schema":"public","Alias":"stock","Startup Cost":0.44,"Total Cost":519363.62,"Plan Rows":20000212,"Plan Width":6,"Actual Startup Time":0.049,"Actual Total Time":1398.503,"Actual Rows":19999994,"Actual Loops":1,"Output":["stock.s_w_id","stock.s_i_id"],"Heap Fetches":0,"Shared Hit Blocks":54673,"Shared Read Blocks":0,"Shared Dirtied Blocks":0,"Shared Written Blocks":0,"Local Hit Blocks":0,"Local Read Blocks":0,"Local Dirtied Blocks":0,"Local Written Blocks":0,"Temp Read Blocks":0,"Temp Written Blocks":0,"I/O Read Time":0.0,"I/O Write Time":0.0,"Temp I/O Read Time":0.0,"Temp I/O Write Time":0.0}]},{"Node Type":"Hash","Parent Relationship":"Inner","Parallel Aware":false,"Async Capable":false,"Startup Cost":317.0,"Total Cost":317.0,"Plan Rows":10000,"Plan Width":8,"Actual Startup Time":2.604,"Actual Total Time":2.605,"Actual Rows":10000,"Actual Loops":1,"Output":["supplier.su_suppkey","supplier.su_nationkey"],"Hash Buckets":16384,"Original Hash Buckets":16384,"Hash Batches":1,"Original Hash Batches":1,"Peak Memory Usage":519,"Shared Hit Blocks":217,"Shared Read Blocks":0,"Shared Dirtied Blocks":0,"Shared Written Blocks":0,"Local Hit Blocks":0,"Local Read Blocks":0,"Local Dirtied Blocks":0,"Local Written Blocks":0,"Temp Read Blocks":0,"Temp Written Blocks":0,"I/O Read Time":0.0,"I/O Write Time":0.0,"Temp I/O Read Time":0.0,"Temp I/O Write Time":0.0,"Plans":[{"Node Type":"Seq Scan","Parent Relationship":"Outer","Parallel Aware":false,"Async Capable":false,"Relation Name":"supplier","Schema":"public","Alias":"supplier","Startup Cost":0.0,"Total Cost":317.0,"Plan Rows":10000,"Plan Width":8,"Actual Startup Time":0.01,"Actual Total Time":1.307,"Actual Rows":10000,"Actual Loops":1,"Output":["supplier.su_suppkey","supplier.su_nationkey"],"Shared Hit Blocks":217,"Shared Read Blocks":0,"Shared Dirtied Blocks":0,"Shared Written Blocks":0,"Local Hit Blocks":0,"Local Read Blocks":0,"Local Dirtied Blocks":0,"Local Written Blocks":0,"Temp Read Blocks":0,"Temp Written Blocks":0,"I/O Read Time":0.0,"I/O Write Time":0.0,"Temp I/O Read Time":0.0,"Temp I/O Write Time":0.0}]}]}]}]}]},"Planning":{"Shared Hit Blocks":220,"Shared Read Blocks":0,"Shared Dirtied Blocks":0,"Shared Written Blocks":0,"Local Hit Blocks":0,"Local Read Blocks":0,"Local Dirtied Blocks":0,"Local Written Blocks":0,"Temp Read Blocks":0,"Temp Written Blocks":0,"I/O Read Time":0.0,"I/O Write Time":0.0,"Temp I/O Read Time":0.0,"Temp I/O Write Time":0.0},"Planning Time":5.001,"Triggers":[],"Execution Time":21201.463}]
[列存组合]: order_line, orders, stock
[{"Plan":{"Node Type":"Sort","Parallel Aware":false,"Async Capable":false,"Startup Cost":2399090.61,"Total Cost":2399090.76,"Plan Rows":62,"Plan Width":40,"Actual Startup Time":11304.934,"Actual Total Time":11304.975,"Actual Rows":11,"Actual Loops":1,"Output":["nation.n_name","(sum(order_line.ol_amount))"],"Sort Key":["(sum(order_line.ol_amount)) DESC"],"Sort Method":"quicksort","Sort Space Used":25,"Sort Space Type":"Memory","Shared Hit Blocks":460209,"Shared Read Blocks":0,"Shared Dirtied Blocks":0,"Shared Written Blocks":0,"Local Hit Blocks":0,"Local Read Blocks":0,"Local Dirtied Blocks":0,"Local Written Blocks":0,"Temp Read Blocks":67001,"Temp Written Blocks":67001,"I/O Read Time":0.0,"I/O Write Time":0.0,"Temp I/O Read Time":104.937,"Temp I/O Write Time":319.52,"Plans":[{"Node Type":"Aggregate","Strategy":"Sorted","Partial Mode":"Simple","Parent Relationship":"Outer","Parallel Aware":false,"Async Capable":false,"Startup Cost":2398936.97,"Total Cost":2399088.76,"Plan Rows":62,"Plan Width":40,"Actual Startup Time":11298.302,"Actual Total Time":11304.956,"Actual Rows":11,"Actual Loops":1,"Output":["nation.n_name","sum(order_line.ol_amount)"],"Group Key":["nation.n_name"],"Shared Hit Blocks":460209,"Shared Read Blocks":0,"Shared Dirtied Blocks":0,"Shared Written Blocks":0,"Local Hit Blocks":0,"Local Read Blocks":0,"Local Dirtied Blocks":0,"Local Written Blocks":0,"Temp Read Blocks":67001,"Temp Written Blocks":67001,"I/O Read Time":0.0,"I/O Write Time":0.0,"Temp I/O Read Time":104.937,"Temp I/O Write Time":319.52,"Plans":[{"Node Type":"Sort","Parent Relationship":"Outer","Parallel Aware":false,"Async Capable":false,"Startup Cost":2398936.97,"Total Cost":2398987.31,"Plan Rows":20136,"Plan Width":12,"Actual Startup Time":11297.861,"Actual Total Time":11299.722,"Actual Rows":35044,"Actual Loops":1,"Output":["nation.n_name","order_line.ol_amount"],"Sort Key":["nation.n_name"],"Sort Method":"quicksort","Sort Space Used":3146,"Sort Space Type":"Memory","Shared Hit Blocks":460209,"Shared Read Blocks":0,"Shared Dirtied Blocks":0,"Shared Written Blocks":0,"Local Hit Blocks":0,"Local Read Blocks":0,"Local Dirtied Blocks":0,"Local Written Blocks":0,"Temp Read Blocks":67001,"Temp Written Blocks":67001,"I/O Read Time":0.0,"I/O Write Time":0.0,"Temp I/O Read Time":104.937,"Temp I/O Write Time":319.52,"Plans":[{"Node Type":"Hash Join","Parent Relationship":"Outer","Parallel Aware":false,"Async Capable":false,"Join Type":"Inner","Startup Cost":879488.62,"Total Cost":2397497.5,"Plan Rows":20136,"Plan Width":12,"Actual Startup Time":4624.325,"Actual Total Time":11281.199,"Actual Rows":35044,"Actual Loops":1,"Output":["nation.n_name","order_line.ol_amount"],"Hash Cond":"((orders.o_c_id = customer.c_id) AND (orders.o_w_id = customer.c_w_id) AND (orders.o_d_id = customer.c_d_id) AND (supplier.su_nationkey = customer.c_nationkey))","Shared Hit Blocks":460209,"Shared Read Blocks":0,"Shared Dirtied Blocks":0,"Shared Written Blocks":0,"Local Hit Blocks":0,"Local Read Blocks":0,"Local Dirtied Blocks":0,"Local Written Blocks":0,"Temp Read Blocks":67001,"Temp Written Blocks":67001,"I/O Read Time":0.0,"I/O Write Time":0.0,"Temp I/O Read Time":104.937,"Temp I/O Write Time":319.52,"Plans":[{"Node Type":"Hash Join","Parent Relationship":"Outer","Parallel Aware":false,"Async Capable":false,"Join Type":"Inner","Startup Cost":210196.42,"Total Cost":1666455.07,"Plan Rows":1242117,"Plan Width":34,"Actual Startup Time":1656.347,"Actual Total Time":6832.459,"Actual Rows":2982388,"Actual Loops":1,"Output":["orders.o_c_id","orders.o_w_id","orders.o_d_id","order_line.ol_amount","order_line.ol_w_id","order_line.ol_d_id","stock.s_w_id","supplier.su_nationkey","nation.n_name","nation.n_nationkey"],"Hash Cond":"((order_line.ol_w_id = orders.o_w_id) AND (order_line.ol_d_id = orders.o_d_id) AND (order_line.ol_o_id = orders.o_id))","Shared Hit Blocks":219,"Shared Read Blocks":0,"Shared Dirtied Blocks":0,"Shared Written Blocks":0,"Local Hit Blocks":0,"Local Read Blocks":0,"Local Dirtied Blocks":0,"Local Written Blocks":0,"Temp Read Blocks":23127,"Temp Written Blocks":23127,"I/O Read Time":0.0,"I/O Write Time":0.0,"Temp I/O Read Time":36.45,"Temp I/O Write Time":107.365,"Plans":[{"Node Type":"Hash Join","Parent Relationship":"Outer","Parallel Aware":false,"Async Capable":false,"Join Type":"Inner","Startup Cost":59022.58,"Total Cost":1311993.18,"Plan Rows":8467814,"Plan Width":34,"Actual Startup Time":1242.73,"Actual Total Time":4838.303,"Actual Rows":3000322,"Actual Loops":1,"Output":["order_line.ol_amount","order_line.ol_o_id","order_line.ol_w_id","order_line.ol_d_id","stock.s_w_id","supplier.su_nationkey","nation.n_name","nation.n_nationkey"],"Hash Cond":"(mod((stock.s_w_id * stock.s_i_id), 10000) = supplier.su_suppkey)","Shared Hit Blocks":219,"Shared Read Blocks":0,"Shared Dirtied Blocks":0,"Shared Written Blocks":0,"Local Hit Blocks":0,"Local Read Blocks":0,"Local Dirtied Blocks":0,"Local Written Blocks":0,"Temp Read Blocks":0,"Temp Written Blocks":0,"I/O Read Time":0.0,"I/O Write Time":0.0,"Temp I/O Read Time":0.0,"Temp I/O Write Time":0.0,"Plans":[{"Node Type":"Hash Join","Parent Relationship":"Outer","Parallel Aware":false,"Async Capable":false,"Join Type":"Inner","Startup Cost":58620.59,"Total Cost":962293.85,"Plan Rows":42339072,"Plan Width":22,"Actual Startup Time":1239.776,"Actual Total Time":3439.081,"Actual Rows":8620885,"Actual Loops":1,"Output":["order_line.ol_amount","order_line.ol_o_id","order_line.ol_w_id","order_line.ol_d_id","stock.s_w_id","stock.s_i_id"],"Hash Cond":"((order_line.ol_w_id = stock.s_w_id) AND (order_line.ol_i_id = stock.s_i_id))","Rows Removed by Bloom Filter":0,"Shared Hit Blocks":0,"Shared Read Blocks":0,"Shared Dirtied Blocks":0,"Shared Written Blocks":0,"Local Hit Blocks":0,"Local Read Blocks":0,"Local Dirtied Blocks":0,"Local Written Blocks":0,"Temp Read Blocks":0,"Temp Written Blocks":0,"I/O Read Time":0.0,"I/O Write Time":0.0,"Temp I/O Read Time":0.0,"Temp I/O Write Time":0.0,"Plans":[{"Node Type":"Append","Parent Relationship":"Outer","Parallel Aware":false,"Async Capable":false,"Startup Cost":20.0,"Total Cost":1072031.01,"Plan Rows":42039468,"Plan Width":20,"Actual Startup Time":248.15,"Actual Total Time":248.165,"Actual Rows":8620885,"Actual Loops":1,"Shared Hit Blocks":0,"Shared Read Blocks":0,"Shared Dirtied Blocks":0,"Shared Written Blocks":0,"Local Hit Blocks":0,"Local Read Blocks":0,"Local Dirtied Blocks":0,"Local Written Blocks":0,"Temp Read Blocks":0,"Temp Written Blocks":0,"I/O Read Time":0.0,"I/O Write Time":0.0,"Temp I/O Read Time":0.0,"Temp I/O Write Time":0.0,"Subplans Removed":0,"Plans":[{"Node Type":"Custom Scan","Parent Relationship":"Member","Custom Plan Provider":"columnar scan","Parallel Aware":false,"Async Capable":false,"Relation Name":"order_line","Schema":"public","Alias":"order_line","Startup Cost":20.0,"Total Cost":1072026.23,"Plan Rows":42039424,"Plan Width":20,"Actual Startup Time":248.148,"Actual Total Time":248.149,"Actual Rows":8620885,"Actual Loops":1,"Output":["order_line.ol_amount","order_line.ol_o_id","order_line.ol_w_id","order_line.ol_d_id","order_line.ol_i_id"],"Filter":"(order_line.ol_delivery_d >= '1992-01-02 20:10:02.27764'::timestamp without time zone)","Rows Removed by Filter":0,"Rows Removed by Columnar Filter":51372876,"Rows Filtered by Bloom Filter":0,"Dictionary Rows Filtered by Bloom Filter":51372876,"Columnar cache search mode":"native","Shared Hit Blocks":0,"Shared Read Blocks":0,"Shared Dirtied Blocks":0,"Shared Written Blocks":0,"Local Hit Blocks":0,"Local Read Blocks":0,"Local Dirtied Blocks":0,"Local Written Blocks":0,"Temp Read Blocks":0,"Temp Written Blocks":0,"I/O Read Time":0.0,"I/O Write Time":0.0,"Temp I/O Read Time":0.0,"Temp I/O Write Time":0.0},{"Node Type":"Seq Scan","Parent Relationship":"Member","Parallel Aware":false,"Async Capable":false,"Relation Name":"order_line","Schema":"public","Alias":"order_line","Startup Cost":0.0,"Total Cost":4.79,"Plan Rows":44,"Plan Width":20,"Actual Startup Time":0.0,"Actual Total Time":0.0,"Actual Rows":0,"Actual Loops":0,"Output":["order_line.ol_amount","order_line.ol_o_id","order_line.ol_w_id","order_line.ol_d_id","order_line.ol_i_id"],"Filter":"(order_line.ol_delivery_d >= '1992-01-02 20:10:02.27764'::timestamp without time zone)","Rows Removed by Filter":0,"Shared Hit Blocks":0,"Shared Read Blocks":0,"Shared Dirtied Blocks":0,"Shared Written Blocks":0,"Local Hit Blocks":0,"Local Read Blocks":0,"Local Dirtied Blocks":0,"Local Written Blocks":0,"Temp Read Blocks":0,"Temp Written Blocks":0,"I/O Read Time":0.0,"I/O Write Time":0.0,"Temp I/O Read Time":0.0,"Temp I/O Write Time":0.0}]},{"Node Type":"Hash","Parent Relationship":"Inner","Parallel Aware":false,"Async Capable":false,"Startup Cost":390026.22,"Total Cost":390026.22,"Plan Rows":20000212,"Plan Width":6,"Actual Rows":20000000,"Actual Loops":1,"Output":["stock.s_w_id","stock.s_i_id"],"Shared Hit Blocks":0,"Shared Read Blocks":0,"Shared Dirtied Blocks":0,"Shared Written Blocks":0,"Local Hit Blocks":0,"Local Read Blocks":0,"Local Dirtied Blocks":0,"Local Written Blocks":0,"Temp Read Blocks":0,"Temp Written Blocks":0,"I/O Read Time":0.0,"I/O Write Time":0.0,"Temp I/O Read Time":0.0,"Temp I/O Write Time":0.0,"Plans":[{"Node Type":"Append","Parent Relationship":"Outer","Parallel Aware":false,"Async Capable":false,"Startup Cost":20.0,"Total Cost":390026.22,"Plan Rows":20000212,"Plan Width":6,"Actual Startup Time":0.427,"Actual Total Time":0.429,"Actual Rows":20000000,"Actual Loops":1,"Shared Hit Blocks":0,"Shared Read Blocks":0,"Shared Dirtied Blocks":0,"Shared Written Blocks":0,"Local Hit Blocks":0,"Local Read Blocks":0,"Local Dirtied Blocks":0,"Local Written Blocks":0,"Temp Read Blocks":0,"Temp Written Blocks":0,"I/O Read Time":0.0,"I/O Write Time":0.0,"Temp I/O Read Time":0.0,"Temp I/O Write Time":0.0,"Subplans Removed":0,"Plans":[{"Node Type":"Custom Scan","Parent Relationship":"Member","Custom Plan Provider":"columnar scan","Parallel Aware":false,"Async Capable":false,"Relation Name":"stock","Schema":"public","Alias":"stock","Startup Cost":20.0,"Total Cost":390020.1,"Plan Rows":20000000,"Plan Width":6,"Actual Startup Time":0.426,"Actual Total Time":0.426,"Actual Rows":20000000,"Actual Loops":1,"Output":["stock.s_w_id","stock.s_i_id"],"Rows Removed by Columnar Filter":0,"Columnar cache search mode":"native","Shared Hit Blocks":0,"Shared Read Blocks":0,"Shared Dirtied Blocks":0,"Shared Written Blocks":0,"Local Hit Blocks":0,"Local Read Blocks":0,"Local Dirtied Blocks":0,"Local Written Blocks":0,"Temp Read Blocks":0,"Temp Written Blocks":0,"I/O Read Time":0.0,"I/O Write Time":0.0,"Temp I/O Read Time":0.0,"Temp I/O Write Time":0.0},{"Node Type":"Seq Scan","Parent Relationship":"Member","Parallel Aware":false,"Async Capable":false,"Relation Name":"stock","Schema":"public","Alias":"stock","Startup Cost":0.0,"Total Cost":6.12,"Plan Rows":212,"Plan Width":6,"Actual Startup Time":0.0,"Actual Total Time":0.0,"Actual Rows":0,"Actual Loops":0,"Output":["stock.s_w_id","stock.s_i_id"],"Shared Hit Blocks":0,"Shared Read Blocks":0,"Shared Dirtied Blocks":0,"Shared Written Blocks":0,"Local Hit Blocks":0,"Local Read Blocks":0,"Local Dirtied Blocks":0,"Local Written Blocks":0,"Temp Read Blocks":0,"Temp Written Blocks":0,"I/O Read Time":0.0,"I/O Write Time":0.0,"Temp I/O Read Time":0.0,"Temp I/O Write Time":0.0}]}]}]},{"Node Type":"Hash","Parent Relationship":"Inner","Parallel Aware":false,"Async Capable":false,"Startup Cost":376.99,"Total Cost":376.99,"Plan Rows":2000,"Plan Width":20,"Actual Startup Time":2.899,"Actual Total Time":2.909,"Actual Rows":3506,"Actual Loops":1,"Output":["supplier.su_suppkey","supplier.su_nationkey","nation.n_name","nation.n_nationkey"],"Hash Buckets":4096,"Original Hash Buckets":2048,"Hash Batches":1,"Original Hash Batches":1,"Peak Memory Usage":217,"Shared Hit Blocks":219,"Shared Read Blocks":0,"Shared Dirtied Blocks":0,"Shared Written Blocks":0,"Local Hit Blocks":0,"Local Read Blocks":0,"Local Dirtied Blocks":0,"Local Written Blocks":0,"Temp Read Blocks":0,"Temp Written Blocks":0,"I/O Read Time":0.0,"I/O Write Time":0.0,"Temp I/O Read Time":0.0,"Temp I/O Write Time":0.0,"Plans":[{"Node Type":"Hash Join","Parent Relationship":"Outer","Parallel Aware":false,"Async Capable":false,"Join Type":"Inner","Startup Cost":3.14,"Total Cost":376.99,"Plan Rows":2000,"Plan Width":20,"Actual Startup Time":0.074,"Actual Total Time":2.322,"Actual Rows":3506,"Actual Loops":1,"Output":["supplier.su_suppkey","supplier.su_nationkey","nation.n_name","nation.n_nationkey"],"Hash Cond":"(supplier.su_nationkey = nation.n_nationkey)","Shared Hit Blocks":219,"Shared Read Blocks":0,"Shared Dirtied Blocks":0,"Shared Written Blocks":0,"Local Hit Blocks":0,"Local Read Blocks":0,"Local Dirtied Blocks":0,"Local Written Blocks":0,"Temp Read Blocks":0,"Temp Written Blocks":0,"I/O Read Time":0.0,"I/O Write Time":0.0,"Temp I/O Read Time":0.0,"Temp I/O Write Time":0.0,"Plans":[{"Node Type":"Seq Scan","Parent Relationship":"Outer","Parallel Aware":false,"Async Capable":false,"Relation Name":"supplier","Schema":"public","Alias":"supplier","Startup Cost":0.0,"Total Cost":317.0,"Plan Rows":10000,"Plan Width":8,"Actual Startup Time":0.017,"Actual Total Time":0.833,"Actual Rows":10000,"Actual Loops":1,"Output":["supplier.su_suppkey","supplier.su_name","supplier.su_address","supplier.su_nationkey","supplier.su_phone","supplier.su_acctbal","supplier.su_comment"],"Shared Hit Blocks":217,"Shared Read Blocks":0,"Shared Dirtied Blocks":0,"Shared Written Blocks":0,"Local Hit Blocks":0,"Local Read Blocks":0,"Local Dirtied Blocks":0,"Local Written Blocks":0,"Temp Read Blocks":0,"Temp Written Blocks":0,"I/O Read Time":0.0,"I/O Write Time":0.0,"Temp I/O Read Time":0.0,"Temp I/O Write Time":0.0},{"Node Type":"Hash","Parent Relationship":"Inner","Parallel Aware":false,"Async Capable":false,"Startup Cost":2.99,"Total Cost":2.99,"Plan Rows":12,"Plan Width":12,"Actual Startup Time":0.047,"Actual Total Time":0.053,"Actual Rows":22,"Actual Loops":1,"Output":["nation.n_name","nation.n_nationkey"],"Hash Buckets":1024,"Original Hash Buckets":1024,"Hash Batches":1,"Original Hash Batches":1,"Peak Memory Usage":9,"Shared Hit Blocks":2,"Shared Read Blocks":0,"Shared Dirtied Blocks":0,"Shared Written Blocks":0,"Local Hit Blocks":0,"Local Read Blocks":0,"Local Dirtied Blocks":0,"Local Written Blocks":0,"Temp Read Blocks":0,"Temp Written Blocks":0,"I/O Read Time":0.0,"I/O Write Time":0.0,"Temp I/O Read Time":0.0,"Temp I/O Write Time":0.0,"Plans":[{"Node Type":"Hash Join","Parent Relationship":"Outer","Parallel Aware":false,"Async Capable":false,"Join Type":"Inner","Startup Cost":1.07,"Total Cost":2.99,"Plan Rows":12,"Plan Width":12,"Actual Startup Time":0.029,"Actual Total Time":0.046,"Actual Rows":22,"Actual Loops":1,"Output":["nation.n_name","nation.n_nationkey"],"Hash Cond":"(nation.n_regionkey = region.r_regionkey)","Shared Hit Blocks":2,"Shared Read Blocks":0,"Shared Dirtied Blocks":0,"Shared Written Blocks":0,"Local Hit Blocks":0,"Local Read Blocks":0,"Local Dirtied Blocks":0,"Local Written Blocks":0,"Temp Read Blocks":0,"Temp Written Blocks":0,"I/O Read Time":0.0,"I/O Write Time":0.0,"Temp I/O Read Time":0.0,"Temp I/O Write Time":0.0,"Plans":[{"Node Type":"Seq Scan","Parent Relationship":"Outer","Parallel Aware":false,"Async Capable":false,"Relation Name":"nation","Schema":"public","Alias":"nation","Startup Cost":0.0,"Total Cost":1.62,"Plan Rows":62,"Plan Width":16,"Actual Startup Time":0.005,"Actual Total Time":0.008,"Actual Rows":62,"Actual Loops":1,"Output":["nation.n_nationkey","nation.n_name","nation.n_regionkey","nation.n_comment"],"Shared Hit Blocks":1,"Shared Read Blocks":0,"Shared Dirtied Blocks":0,"Shared Written Blocks":0,"Local Hit Blocks":0,"Local Read Blocks":0,"Local Dirtied Blocks":0,"Local Written Blocks":0,"Temp Read Blocks":0,"Temp Written Blocks":0,"I/O Read Time":0.0,"I/O Write Time":0.0,"Temp I/O Read Time":0.0,"Temp I/O Write Time":0.0},{"Node Type":"Hash","Parent Relationship":"Inner","Parallel Aware":false,"Async Capable":false,"Startup Cost":1.06,"Total Cost":1.06,"Plan Rows":1,"Plan Width":4,"Actual Startup Time":0.013,"Actual Total Time":0.016,"Actual Rows":1,"Actual Loops":1,"Output":["region.r_regionkey"],"Hash Buckets":1024,"Original Hash Buckets":1024,"Hash Batches":1,"Original Hash Batches":1,"Peak Memory Usage":9,"Shared Hit Blocks":1,"Shared Read Blocks":0,"Shared Dirtied Blocks":0,"Shared Written Blocks":0,"Local Hit Blocks":0,"Local Read Blocks":0,"Local Dirtied Blocks":0,"Local Written Blocks":0,"Temp Read Blocks":0,"Temp Written Blocks":0,"I/O Read Time":0.0,"I/O Write Time":0.0,"Temp I/O Read Time":0.0,"Temp I/O Write Time":0.0,"Plans":[{"Node Type":"Seq Scan","Parent Relationship":"Outer","Parallel Aware":false,"Async Capable":false,"Relation Name":"region","Schema":"public","Alias":"region","Startup Cost":0.0,"Total Cost":1.06,"Plan Rows":1,"Plan Width":4,"Actual Startup Time":0.01,"Actual Total Time":0.011,"Actual Rows":1,"Actual Loops":1,"Output":["region.r_regionkey"],"Filter":"((region.r_name)::text = 'Europe'::text)","Rows Removed by Filter":4,"Shared Hit Blocks":1,"Shared Read Blocks":0,"Shared Dirtied Blocks":0,"Shared Written Blocks":0,"Local Hit Blocks":0,"Local Read Blocks":0,"Local Dirtied Blocks":0,"Local Written Blocks":0,"Temp Read Blocks":0,"Temp Written Blocks":0,"I/O Read Time":0.0,"I/O Write Time":0.0,"Temp I/O Read Time":0.0,"Temp I/O Write Time":0.0}]}]}]}]}]}]},{"Node Type":"Hash","Parent Relationship":"Inner","Parallel Aware":false,"Async Capable":false,"Startup Cost":131491.69,"Total Cost":131491.69,"Plan Rows":879323,"Plan Width":16,"Actual Startup Time":411.987,"Actual Total Time":411.99,"Actual Rows":856801,"Actual Loops":1,"Output":["orders.o_c_id","orders.o_w_id","orders.o_d_id","orders.o_id"],"Hash Buckets":262144,"Original Hash Buckets":262144,"Hash Batches":8,"Original Hash Batches":8,"Peak Memory Usage":7070,"Shared Hit Blocks":0,"Shared Read Blocks":0,"Shared Dirtied Blocks":0,"Shared Written Blocks":0,"Local Hit Blocks":0,"Local Read Blocks":0,"Local Dirtied Blocks":0,"Local Written Blocks":0,"Temp Read Blocks":0,"Temp Written Blocks":3290,"I/O Read Time":0.0,"I/O Write Time":0.0,"Temp I/O Read Time":0.0,"Temp I/O Write Time":15.021,"Plans":[{"Node Type":"Append","Parent Relationship":"Outer","Parallel Aware":false,"Async Capable":false,"Startup Cost":20.0,"Total Cost":131491.69,"Plan Rows":879323,"Plan Width":16,"Actual Startup Time":0.486,"Actual Total Time":208.1,"Actual Rows":856801,"Actual Loops":1,"Shared Hit Blocks":0,"Shared Read Blocks":0,"Shared Dirtied Blocks":0,"Shared Written Blocks":0,"Local Hit Blocks":0,"Local Read Blocks":0,"Local Dirtied Blocks":0,"Local Written Blocks":0,"Temp Read Blocks":0,"Temp Written Blocks":0,"I/O Read Time":0.0,"I/O Write Time":0.0,"Temp I/O Read Time":0.0,"Temp I/O Write Time":0.0,"Subplans Removed":0,"Plans":[{"Node Type":"Custom Scan","Parent Relationship":"Member","Custom Plan Provider":"columnar scan","Parallel Aware":false,"Async Capable":false,"Relation Name":"orders","Schema":"public","Alias":"orders","Startup Cost":20.0,"Total Cost":20684.21,"Plan Rows":879322,"Plan Width":16,"Actual Startup Time":0.485,"Actual Total Time":145.957,"Actual Rows":856801,"Actual Loops":1,"Output":["orders.o_c_id","orders.o_w_id","orders.o_d_id","orders.o_id"],"Filter":"((orders.o_entry_d < '1994-01-02 20:10:02.27764'::timestamp without time zone) AND (orders.o_entry_d >= '1993-01-02 20:10:02.27764'::timestamp without time zone))","Rows Removed by Filter":0,"Rows Removed by Columnar Filter":5143199,"Columnar cache search mode":"native","Shared Hit Blocks":0,"Shared Read Blocks":0,"Shared Dirtied Blocks":0,"Shared Written Blocks":0,"Local Hit Blocks":0,"Local Read Blocks":0,"Local Dirtied Blocks":0,"Local Written Blocks":0,"Temp Read Blocks":0,"Temp Written Blocks":0,"I/O Read Time":0.0,"I/O Write Time":0.0,"Temp I/O Read Time":0.0,"Temp I/O Write Time":0.0},{"Node Type":"Seq Scan","Parent Relationship":"Member","Parallel Aware":false,"Async Capable":false,"Relation Name":"orders","Schema":"public","Alias":"orders","Startup Cost":0.0,"Total Cost":4.01,"Plan Rows":1,"Plan Width":16,"Actual Startup Time":0.0,"Actual Total Time":0.0,"Actual Rows":0,"Actual Loops":0,"Output":["orders.o_c_id","orders.o_w_id","orders.o_d_id","orders.o_id"],"Filter":"((orders.o_entry_d < '1994-01-02 20:10:02.27764'::timestamp without time zone) AND (orders.o_entry_d >= '1993-01-02 20:10:02.27764'::timestamp without time zone))","Rows Removed by Filter":0,"Shared Hit Blocks":0,"Shared Read Blocks":0,"Shared Dirtied Blocks":0,"Shared Written Blocks":0,"Local Hit Blocks":0,"Local Read Blocks":0,"Local Dirtied Blocks":0,"Local Written Blocks":0,"Temp Read Blocks":0,"Temp Written Blocks":0,"I/O Read Time":0.0,"I/O Write Time":0.0,"Temp I/O Read Time":0.0,"Temp I/O Write Time":0.0}]}]}]},{"Node Type":"Hash","Parent Relationship":"Inner","Parallel Aware":false,"Async Capable":false,"Startup Cost":519991.4,"Total Cost":519991.4,"Plan Rows":6000140,"Plan Width":12,"Actual Startup Time":2836.759,"Actual Total Time":2836.76,"Actual Rows":6000000,"Actual Loops":1,"Output":["customer.c_id","customer.c_w_id","customer.c_d_id","customer.c_nationkey"],"Hash Buckets":262144,"Original Hash Buckets":262144,"Hash Batches":64,"Original Hash Batches":64,"Peak Memory Usage":6083,"Shared Hit Blocks":459990,"Shared Read Blocks":0,"Shared Dirtied Blocks":0,"Shared Written Blocks":0,"Local Hit Blocks":0,"Local Read Blocks":0,"Local Dirtied Blocks":0,"Local Written Blocks":0,"Temp Read Blocks":0,"Temp Written Blocks":23035,"I/O Read Time":0.0,"I/O Write Time":0.0,"Temp I/O Read Time":0.0,"Temp I/O Write Time":115.2,"Plans":[{"Node Type":"Seq Scan","Parent Relationship":"Outer","Parallel Aware":false,"Async Capable":false,"Relation Name":"customer","Schema":"public","Alias":"customer","Startup Cost":0.0,"Total Cost":519991.4,"Plan Rows":6000140,"Plan Width":12,"Actual Startup Time":0.018,"Actual Total Time":1788.665,"Actual Rows":6000000,"Actual Loops":1,"Output":["customer.c_id","customer.c_w_id","customer.c_d_id","customer.c_nationkey"],"Shared Hit Blocks":459990,"Shared Read Blocks":0,"Shared Dirtied Blocks":0,"Shared Written Blocks":0,"Local Hit Blocks":0,"Local Read Blocks":0,"Local Dirtied Blocks":0,"Local Written Blocks":0,"Temp Read Blocks":0,"Temp Written Blocks":0,"I/O Read Time":0.0,"I/O Write Time":0.0,"Temp I/O Read Time":0.0,"Temp I/O Write Time":0.0}]}]}]}]}]},"Planning":{"Shared Hit Blocks":220,"Shared Read Blocks":0,"Shared Dirtied Blocks":0,"Shared Written Blocks":0,"Local Hit Blocks":0,"Local Read Blocks":0,"Local Dirtied Blocks":0,"Local Written Blocks":0,"Temp Read Blocks":0,"Temp Written Blocks":0,"I/O Read Time":0.0,"I/O Write Time":0.0,"Temp I/O Read Time":0.0,"Temp I/O Write Time":0.0},"Planning Time":5.773,"Triggers":[],"Execution Time":11306.041}]
[列存组合]: order_line, orders, supplier
[{"Plan":{"Node Type":"Sort","Parallel Aware":false,"Async Capable":false,"Startup Cost":4055576.05,"Total Cost":4055576.21,"Plan Rows":62,"Plan Width":40,"Actual Startup Time":21261.404,"Actual Total Time":21261.441,"Actual Rows":11,"Actual Loops":1,"Output":["nation.n_name","(sum(order_line.ol_amount))"],"Sort Key":["(sum(order_line.ol_amount)) DESC"],"Sort Method":"quicksort","Sort Space Used":25,"Sort Space Type":"Memory","Shared Hit Blocks":514665,"Shared Read Blocks":0,"Shared Dirtied Blocks":0,"Shared Written Blocks":0,"Local Hit Blocks":0,"Local Read Blocks":0,"Local Dirtied Blocks":0,"Local Written Blocks":0,"Temp Read Blocks":131755,"Temp Written Blocks":131809,"I/O Read Time":0.0,"I/O Write Time":0.0,"Temp I/O Read Time":204.679,"Temp I/O Write Time":554.853,"Plans":[{"Node Type":"Aggregate","Strategy":"Sorted","Partial Mode":"Simple","Parent Relationship":"Outer","Parallel Aware":false,"Async Capable":false,"Startup Cost":4055422.41,"Total Cost":4055574.21,"Plan Rows":62,"Plan Width":40,"Actual Startup Time":21255.485,"Actual Total Time":21261.424,"Actual Rows":11,"Actual Loops":1,"Output":["nation.n_name","sum(order_line.ol_amount)"],"Group Key":["nation.n_name"],"Shared Hit Blocks":514665,"Shared Read Blocks":0,"Shared Dirtied Blocks":0,"Shared Written Blocks":0,"Local Hit Blocks":0,"Local Read Blocks":0,"Local Dirtied Blocks":0,"Local Written Blocks":0,"Temp Read Blocks":131755,"Temp Written Blocks":131809,"I/O Read Time":0.0,"I/O Write Time":0.0,"Temp I/O Read Time":204.679,"Temp I/O Write Time":554.853,"Plans":[{"Node Type":"Sort","Parent Relationship":"Outer","Parallel Aware":false,"Async Capable":false,"Startup Cost":4055422.41,"Total Cost":4055472.75,"Plan Rows":20136,"Plan Width":12,"Actual Startup Time":21255.05,"Actual Total Time":21256.877,"Actual Rows":35044,"Actual Loops":1,"Output":["nation.n_name","order_line.ol_amount"],"Sort Key":["nation.n_name"],"Sort Method":"quicksort","Sort Space Used":3146,"Sort Space Type":"Memory","Shared Hit Blocks":514665,"Shared Read Blocks":0,"Shared Dirtied Blocks":0,"Shared Written Blocks":0,"Local Hit Blocks":0,"Local Read Blocks":0,"Local Dirtied Blocks":0,"Local Written Blocks":0,"Temp Read Blocks":131755,"Temp Written Blocks":131809,"I/O Read Time":0.0,"I/O Write Time":0.0,"Temp I/O Read Time":204.679,"Temp I/O Write Time":554.853,"Plans":[{"Node Type":"Hash Join","Parent Relationship":"Outer","Parallel Aware":false,"Async Capable":false,"Join Type":"Inner","Startup Cost":3406114.96,"Total Cost":4053982.94,"Plan Rows":20136,"Plan Width":12,"Actual Startup Time":17291.442,"Actual Total Time":21236.216,"Actual Rows":35044,"Actual Loops":1,"Output":["nation.n_name","order_line.ol_amount"],"Inner Unique":true,"Hash Cond":"((mod((stock.s_w_id * stock.s_i_id), 10000) = supplier.su_suppkey) AND (customer.c_nationkey = supplier.su_nationkey))","Shared Hit Blocks":514665,"Shared Read Blocks":0,"Shared Dirtied Blocks":0,"Shared Written Blocks":0,"Local Hit Blocks":0,"Local Read Blocks":0,"Local Dirtied Blocks":0,"Local Written Blocks":0,"Temp Read Blocks":131755,"Temp Written Blocks":131809,"I/O Read Time":0.0,"I/O Write Time":0.0,"Temp I/O Read Time":204.679,"Temp I/O Write Time":554.853,"Plans":[{"Node Type":"Merge Join","Parent Relationship":"Outer","Parallel Aware":false,"Async Capable":false,"Join Type":"Inner","Startup Cost":3405745.94,"Total Cost":4046778.94,"Plan Rows":1242717,"Plan Width":26,"Actual Startup Time":17287.904,"Actual Total Time":20942.369,"Actual Rows":2218175,"Actual Loops":1,"Output":["customer.c_nationkey","order_line.ol_amount","stock.s_w_id","stock.s_i_id","nation.n_name","nation.n_nationkey"],"Inner Unique":true,"Merge Cond":"((customer.c_w_id = stock.s_w_id) AND (order_line.ol_i_id = stock.s_i_id))","Shared Hit Blocks":514665,"Shared Read Blocks":0,"Shared Dirtied Blocks":0,"Shared Written Blocks":0,"Local Hit Blocks":0,"Local Read Blocks":0,"Local Dirtied Blocks":0,"Local Written Blocks":0,"Temp Read Blocks":131755,"Temp Written Blocks":131809,"I/O Read Time":0.0,"I/O Write Time":0.0,"Temp I/O Read Time":204.679,"Temp I/O Write Time":554.853,"Plans":[{"Node Type":"Sort","Parent Relationship":"Outer","Parallel Aware":false,"Async Capable":false,"Startup Cost":3405745.5,"Total Cost":3408826.04,"Plan Rows":1232214,"Plan Width":30,"Actual Startup Time":17287.839,"Actual Total Time":17884.337,"Actual Rows":2218175,"Actual Loops":1,"Output":["customer.c_w_id","customer.c_nationkey","orders.o_w_id","order_line.ol_amount","order_line.ol_w_id","order_line.ol_i_id","nation.n_name","nation.n_nationkey"],"Sort Key":["customer.c_w_id","order_line.ol_i_id"],"Sort Method":"external merge","Sort Space Used":94520,"Sort Space Type":"Disk","Shared Hit Blocks":459992,"Shared Read Blocks":0,"Shared Dirtied Blocks":0,"Shared Written Blocks":0,"Local Hit Blocks":0,"Local Read Blocks":0,"Local Dirtied Blocks":0,"Local Written Blocks":0,"Temp Read Blocks":131755,"Temp Written Blocks":131809,"I/O Read Time":0.0,"I/O Write Time":0.0,"Temp I/O Read Time":204.679,"Temp I/O Write Time":554.853,"Plans":[{"Node Type":"Hash Join","Parent Relationship":"Outer","Parallel Aware":false,"Async Capable":false,"Join Type":"Inner","Startup Cost":805488.83,"Total Cost":3222121.67,"Plan Rows":1232214,"Plan Width":30,"Actual Startup Time":3282.639,"Actual Total Time":14661.922,"Actual Rows":2218175,"Actual Loops":1,"Output":["customer.c_w_id","customer.c_nationkey","orders.o_w_id","order_line.ol_amount","order_line.ol_w_id","order_line.ol_i_id","nation.n_name","nation.n_nationkey"],"Inner Unique":false,"Hash Cond":"(customer.c_nationkey = nation.n_nationkey)","Shared Hit Blocks":459992,"Shared Read Blocks":0,"Shared Dirtied Blocks":0,"Shared Written Blocks":0,"Local Hit Blocks":0,"Local Read Blocks":0,"Local Dirtied Blocks":0,"Local Written Blocks":0,"Temp Read Blocks":108135,"Temp Written Blocks":108135,"I/O Read Time":0.0,"I/O Write Time":0.0,"Temp I/O Read Time":170.574,"Temp I/O Write Time":492.698,"Plans":[{"Node Type":"Hash Join","Parent Relationship":"Outer","Parallel Aware":false,"Async Capable":false,"Join Type":"Inner","Startup Cost":805485.69,"Total Cost":3187089.86,"Plan Rows":6161071,"Plan Width":18,"Actual Startup Time":3275.905,"Actual Total Time":13829.832,"Actual Rows":8568663,"Actual Loops":1,"Output":["customer.c_w_id","customer.c_nationkey","orders.o_w_id","order_line.ol_amount","order_line.ol_w_id","order_line.ol_i_id"],"Inner Unique":true,"Hash Cond":"((orders.o_c_id = customer.c_id) AND (orders.o_w_id = customer.c_w_id) AND (orders.o_d_id = customer.c_d_id))","Shared Hit Blocks":459990,"Shared Read Blocks":0,"Shared Dirtied Blocks":0,"Shared Written Blocks":0,"Local Hit Blocks":0,"Local Read Blocks":0,"Local Dirtied Blocks":0,"Local Written Blocks":0,"Temp Read Blocks":108135,"Temp Written Blocks":108135,"I/O Read Time":0.0,"I/O Write Time":0.0,"Temp I/O Read Time":170.574,"Temp I/O Write Time":492.698,"Plans":[{"Node Type":"Hash Join","Parent Relationship":"Outer","Parallel Aware":false,"Async Capable":false,"Join Type":"Inner","Startup Cost":151193.84,"Total Cost":2382779.57,"Plan Rows":6161071,"Plan Width":20,"Actual Startup Time":414.54,"Actual Total Time":6670.667,"Actual Rows":8568663,"Actual Loops":1,"Output":["orders.o_c_id","orders.o_w_id","orders.o_d_id","order_line.ol_amount","order_line.ol_w_id","order_line.ol_d_id","order_line.ol_i_id"],"Inner Unique":true,"Hash Cond":"((order_line.ol_w_id = orders.o_w_id) AND (order_line.ol_d_id = orders.o_d_id) AND (order_line.ol_o_id = orders.o_id))","Shared Hit Blocks":0,"Shared Read Blocks":0,"Shared Dirtied Blocks":0,"Shared Written Blocks":0,"Local Hit Blocks":0,"Local Read Blocks":0,"Local Dirtied Blocks":0,"Local Written Blocks":0,"Temp Read Blocks":43816,"Temp Written Blocks":43816,"I/O Read Time":0.0,"I/O Write Time":0.0,"Temp I/O Read Time":69.774,"Temp I/O Write Time":188.596,"Plans":[{"Node Type":"Append","Parent Relationship":"Outer","Parallel Aware":false,"Async Capable":false,"Startup Cost":20.0,"Total Cost":1403598.82,"Plan Rows":42039468,"Plan Width":20,"Actual Startup Time":1.388,"Actual Total Time":2589.345,"Actual Rows":8620885,"Actual Loops":1,"Shared Hit Blocks":0,"Shared Read Blocks":0,"Shared Dirtied Blocks":0,"Shared Written Blocks":0,"Local Hit Blocks":0,"Local Read Blocks":0,"Local Dirtied Blocks":0,"Local Written Blocks":0,"Temp Read Blocks":0,"Temp Written Blocks":0,"I/O Read Time":0.0,"I/O Write Time":0.0,"Temp I/O Read Time":0.0,"Temp I/O Write Time":0.0,"Subplans Removed":0,"Plans":[{"Node Type":"Custom Scan","Parent Relationship":"Member","Custom Plan Provider":"columnar scan","Parallel Aware":false,"Async Capable":false,"Relation Name":"order_line","Schema":"public","Alias":"order_line","Startup Cost":20.0,"Total Cost":1072026.23,"Plan Rows":42039424,"Plan Width":20,"Actual Startup Time":1.387,"Actual Total Time":1988.97,"Actual Rows":8620885,"Actual Loops":1,"Output":["order_line.ol_amount","order_line.ol_o_id","order_line.ol_w_id","order_line.ol_d_id","order_line.ol_i_id"],"Filter":"(order_line.ol_delivery_d >= '1992-01-02 20:10:02.27764'::timestamp without time zone)","Rows Removed by Filter":0,"Rows Removed by Columnar Filter":51372876,"Rows Filtered by Bloom Filter":0,"Dictionary Rows Filtered by Bloom Filter":51372876,"Columnar cache search mode":"native","Shared Hit Blocks":0,"Shared Read Blocks":0,"Shared Dirtied Blocks":0,"Shared Written Blocks":0,"Local Hit Blocks":0,"Local Read Blocks":0,"Local Dirtied Blocks":0,"Local Written Blocks":0,"Temp Read Blocks":0,"Temp Written Blocks":0,"I/O Read Time":0.0,"I/O Write Time":0.0,"Temp I/O Read Time":0.0,"Temp I/O Write Time":0.0},{"Node Type":"Seq Scan","Parent Relationship":"Member","Parallel Aware":false,"Async Capable":false,"Relation Name":"order_line","Schema":"public","Alias":"order_line","Startup Cost":0.0,"Total Cost":4.79,"Plan Rows":44,"Plan Width":20,"Actual Startup Time":0.0,"Actual Total Time":0.0,"Actual Rows":0,"Actual Loops":0,"Output":["order_line.ol_amount","order_line.ol_o_id","order_line.ol_w_id","order_line.ol_d_id","order_line.ol_i_id"],"Filter":"(order_line.ol_delivery_d >= '1992-01-02 20:10:02.27764'::timestamp without time zone)","Rows Removed by Filter":0,"Shared Hit Blocks":0,"Shared Read Blocks":0,"Shared Dirtied Blocks":0,"Shared Written Blocks":0,"Local Hit Blocks":0,"Local Read Blocks":0,"Local Dirtied Blocks":0,"Local Written Blocks":0,"Temp Read Blocks":0,"Temp Written Blocks":0,"I/O Read Time":0.0,"I/O Write Time":0.0,"Temp I/O Read Time":0.0,"Temp I/O Write Time":0.0}]},{"Node Type":"Hash","Parent Relationship":"Inner","Parallel Aware":false,"Async Capable":false,"Startup Cost":131491.69,"Total Cost":131491.69,"Plan Rows":879323,"Plan Width":16,"Actual Startup Time":411.86,"Actual Total Time":411.868,"Actual Rows":856801,"Actual Loops":1,"Output":["orders.o_c_id","orders.o_w_id","orders.o_d_id","orders.o_id"],"Hash Buckets":262144,"Original Hash Buckets":262144,"Hash Batches":8,"Original Hash Batches":8,"Peak Memory Usage":7070,"Shared Hit Blocks":0,"Shared Read Blocks":0,"Shared Dirtied Blocks":0,"Shared Written Blocks":0,"Local Hit Blocks":0,"Local Read Blocks":0,"Local Dirtied Blocks":0,"Local Written Blocks":0,"Temp Read Blocks":0,"Temp Written Blocks":3290,"I/O Read Time":0.0,"I/O Write Time":0.0,"Temp I/O Read Time":0.0,"Temp I/O Write Time":14.281,"Plans":[{"Node Type":"Append","Parent Relationship":"Outer","Parallel Aware":false,"Async Capable":false,"Startup Cost":20.0,"Total Cost":131491.69,"Plan Rows":879323,"Plan Width":16,"Actual Startup Time":0.491,"Actual Total Time":209.716,"Actual Rows":856801,"Actual Loops":1,"Shared Hit Blocks":0,"Shared Read Blocks":0,"Shared Dirtied Blocks":0,"Shared Written Blocks":0,"Local Hit Blocks":0,"Local Read Blocks":0,"Local Dirtied Blocks":0,"Local Written Blocks":0,"Temp Read Blocks":0,"Temp Written Blocks":0,"I/O Read Time":0.0,"I/O Write Time":0.0,"Temp I/O Read Time":0.0,"Temp I/O Write Time":0.0,"Subplans Removed":0,"Plans":[{"Node Type":"Custom Scan","Parent Relationship":"Member","Custom Plan Provider":"columnar scan","Parallel Aware":false,"Async Capable":false,"Relation Name":"orders","Schema":"public","Alias":"orders","Startup Cost":20.0,"Total Cost":20684.21,"Plan Rows":879322,"Plan Width":16,"Actual Startup Time":0.491,"Actual Total Time":147.306,"Actual Rows":856801,"Actual Loops":1,"Output":["orders.o_c_id","orders.o_w_id","orders.o_d_id","orders.o_id"],"Filter":"((orders.o_entry_d < '1994-01-02 20:10:02.27764'::timestamp without time zone) AND (orders.o_entry_d >= '1993-01-02 20:10:02.27764'::timestamp without time zone))","Rows Removed by Filter":0,"Rows Removed by Columnar Filter":5143199,"Columnar cache search mode":"native","Shared Hit Blocks":0,"Shared Read Blocks":0,"Shared Dirtied Blocks":0,"Shared Written Blocks":0,"Local Hit Blocks":0,"Local Read Blocks":0,"Local Dirtied Blocks":0,"Local Written Blocks":0,"Temp Read Blocks":0,"Temp Written Blocks":0,"I/O Read Time":0.0,"I/O Write Time":0.0,"Temp I/O Read Time":0.0,"Temp I/O Write Time":0.0},{"Node Type":"Seq Scan","Parent Relationship":"Member","Parallel Aware":false,"Async Capable":false,"Relation Name":"orders","Schema":"public","Alias":"orders","Startup Cost":0.0,"Total Cost":4.01,"Plan Rows":1,"Plan Width":16,"Actual Startup Time":0.0,"Actual Total Time":0.0,"Actual Rows":0,"Actual Loops":0,"Output":["orders.o_c_id","orders.o_w_id","orders.o_d_id","orders.o_id"],"Filter":"((orders.o_entry_d < '1994-01-02 20:10:02.27764'::timestamp without time zone) AND (orders.o_entry_d >= '1993-01-02 20:10:02.27764'::timestamp without time zone))","Rows Removed by Filter":0,"Shared Hit Blocks":0,"Shared Read Blocks":0,"Shared Dirtied Blocks":0,"Shared Written Blocks":0,"Local Hit Blocks":0,"Local Read Blocks":0,"Local Dirtied Blocks":0,"Local Written Blocks":0,"Temp Read Blocks":0,"Temp Written Blocks":0,"I/O Read Time":0.0,"I/O Write Time":0.0,"Temp I/O Read Time":0.0,"Temp I/O Write Time":0.0}]}]}]},{"Node Type":"Hash","Parent Relationship":"Inner","Parallel Aware":false,"Async Capable":false,"Startup Cost":519991.4,"Total Cost":519991.4,"Plan Rows":6000140,"Plan Width":12,"Actual Startup Time":2855.108,"Actual Total Time":2855.11,"Actual Rows":6000000,"Actual Loops":1,"Output":["customer.c_id","customer.c_w_id","customer.c_d_id","customer.c_nationkey"],"Hash Buckets":262144,"Original Hash Buckets":262144,"Hash Batches":64,"Original Hash Batches":64,"Peak Memory Usage":6073,"Shared Hit Blocks":459990,"Shared Read Blocks":0,"Shared Dirtied Blocks":0,"Shared Written Blocks":0,"Local Hit Blocks":0,"Local Read Blocks":0,"Local Dirtied Blocks":0,"Local Written Blocks":0,"Temp Read Blocks":0,"Temp Written Blocks":23037,"I/O Read Time":0.0,"I/O Write Time":0.0,"Temp I/O Read Time":0.0,"Temp I/O Write Time":112.812,"Plans":[{"Node Type":"Seq Scan","Parent Relationship":"Outer","Parallel Aware":false,"Async Capable":false,"Relation Name":"customer","Schema":"public","Alias":"customer","Startup Cost":0.0,"Total Cost":519991.4,"Plan Rows":6000140,"Plan Width":12,"Actual Startup Time":0.018,"Actual Total Time":1840.105,"Actual Rows":6000000,"Actual Loops":1,"Output":["customer.c_id","customer.c_w_id","customer.c_d_id","customer.c_nationkey"],"Shared Hit Blocks":459990,"Shared Read Blocks":0,"Shared Dirtied Blocks":0,"Shared Written Blocks":0,"Local Hit Blocks":0,"Local Read Blocks":0,"Local Dirtied Blocks":0,"Local Written Blocks":0,"Temp Read Blocks":0,"Temp Written Blocks":0,"I/O Read Time":0.0,"I/O Write Time":0.0,"Temp I/O Read Time":0.0,"Temp I/O Write Time":0.0}]}]},{"Node Type":"Hash","Parent Relationship":"Inner","Parallel Aware":false,"Async Capable":false,"Startup Cost":2.99,"Total Cost":2.99,"Plan Rows":12,"Plan Width":12,"Actual Startup Time":0.042,"Actual Total Time":0.047,"Actual Rows":22,"Actual Loops":1,"Output":["nation.n_name","nation.n_nationkey"],"Hash Buckets":1024,"Original Hash Buckets":1024,"Hash Batches":1,"Original Hash Batches":1,"Peak Memory Usage":9,"Shared Hit Blocks":2,"Shared Read Blocks":0,"Shared Dirtied Blocks":0,"Shared Written Blocks":0,"Local Hit Blocks":0,"Local Read Blocks":0,"Local Dirtied Blocks":0,"Local Written Blocks":0,"Temp Read Blocks":0,"Temp Written Blocks":0,"I/O Read Time":0.0,"I/O Write Time":0.0,"Temp I/O Read Time":0.0,"Temp I/O Write Time":0.0,"Plans":[{"Node Type":"Hash Join","Parent Relationship":"Outer","Parallel Aware":false,"Async Capable":false,"Join Type":"Inner","Startup Cost":1.07,"Total Cost":2.99,"Plan Rows":12,"Plan Width":12,"Actual Startup Time":0.026,"Actual Total Time":0.041,"Actual Rows":22,"Actual Loops":1,"Output":["nation.n_name","nation.n_nationkey"],"Inner Unique":true,"Hash Cond":"(nation.n_regionkey = region.r_regionkey)","Shared Hit Blocks":2,"Shared Read Blocks":0,"Shared Dirtied Blocks":0,"Shared Written Blocks":0,"Local Hit Blocks":0,"Local Read Blocks":0,"Local Dirtied Blocks":0,"Local Written Blocks":0,"Temp Read Blocks":0,"Temp Written Blocks":0,"I/O Read Time":0.0,"I/O Write Time":0.0,"Temp I/O Read Time":0.0,"Temp I/O Write Time":0.0,"Plans":[{"Node Type":"Seq Scan","Parent Relationship":"Outer","Parallel Aware":false,"Async Capable":false,"Relation Name":"nation","Schema":"public","Alias":"nation","Startup Cost":0.0,"Total Cost":1.62,"Plan Rows":62,"Plan Width":16,"Actual Startup Time":0.007,"Actual Total Time":0.01,"Actual Rows":62,"Actual Loops":1,"Output":["nation.n_nationkey","nation.n_name","nation.n_regionkey","nation.n_comment"],"Shared Hit Blocks":1,"Shared Read Blocks":0,"Shared Dirtied Blocks":0,"Shared Written Blocks":0,"Local Hit Blocks":0,"Local Read Blocks":0,"Local Dirtied Blocks":0,"Local Written Blocks":0,"Temp Read Blocks":0,"Temp Written Blocks":0,"I/O Read Time":0.0,"I/O Write Time":0.0,"Temp I/O Read Time":0.0,"Temp I/O Write Time":0.0},{"Node Type":"Hash","Parent Relationship":"Inner","Parallel Aware":false,"Async Capable":false,"Startup Cost":1.06,"Total Cost":1.06,"Plan Rows":1,"Plan Width":4,"Actual Startup Time":0.008,"Actual Total Time":0.01,"Actual Rows":1,"Actual Loops":1,"Output":["region.r_regionkey"],"Hash Buckets":1024,"Original Hash Buckets":1024,"Hash Batches":1,"Original Hash Batches":1,"Peak Memory Usage":9,"Shared Hit Blocks":1,"Shared Read Blocks":0,"Shared Dirtied Blocks":0,"Shared Written Blocks":0,"Local Hit Blocks":0,"Local Read Blocks":0,"Local Dirtied Blocks":0,"Local Written Blocks":0,"Temp Read Blocks":0,"Temp Written Blocks":0,"I/O Read Time":0.0,"I/O Write Time":0.0,"Temp I/O Read Time":0.0,"Temp I/O Write Time":0.0,"Plans":[{"Node Type":"Seq Scan","Parent Relationship":"Outer","Parallel Aware":false,"Async Capable":false,"Relation Name":"region","Schema":"public","Alias":"region","Startup Cost":0.0,"Total Cost":1.06,"Plan Rows":1,"Plan Width":4,"Actual Startup Time":0.007,"Actual Total Time":0.007,"Actual Rows":1,"Actual Loops":1,"Output":["region.r_regionkey"],"Filter":"((region.r_name)::text = 'Europe'::text)","Rows Removed by Filter":4,"Shared Hit Blocks":1,"Shared Read Blocks":0,"Shared Dirtied Blocks":0,"Shared Written Blocks":0,"Local Hit Blocks":0,"Local Read Blocks":0,"Local Dirtied Blocks":0,"Local Written Blocks":0,"Temp Read Blocks":0,"Temp Written Blocks":0,"I/O Read Time":0.0,"I/O Write Time":0.0,"Temp I/O Read Time":0.0,"Temp I/O Write Time":0.0}]}]}]}]}]},{"Node Type":"Index Only Scan","Parent Relationship":"Inner","Parallel Aware":false,"Async Capable":false,"Scan Direction":"Forward","Index Name":"stock_pk","Relation Name":"stock","Schema":"public","Alias":"stock","Startup Cost":0.44,"Total Cost":519363.62,"Plan Rows":20000212,"Plan Width":6,"Actual Startup Time":0.05,"Actual Total Time":1415.232,"Actual Rows":19999994,"Actual Loops":1,"Output":["stock.s_w_id","stock.s_i_id"],"Heap Fetches":0,"Shared Hit Blocks":54673,"Shared Read Blocks":0,"Shared Dirtied Blocks":0,"Shared Written Blocks":0,"Local Hit Blocks":0,"Local Read Blocks":0,"Local Dirtied Blocks":0,"Local Written Blocks":0,"Temp Read Blocks":0,"Temp Written Blocks":0,"I/O Read Time":0.0,"I/O Write Time":0.0,"Temp I/O Read Time":0.0,"Temp I/O Write Time":0.0}]},{"Node Type":"Hash","Parent Relationship":"Inner","Parallel Aware":false,"Async Capable":false,"Startup Cost":219.01,"Total Cost":219.01,"Plan Rows":10001,"Plan Width":8,"Actual Startup Time":3.098,"Actual Total Time":3.101,"Actual Rows":10000,"Actual Loops":1,"Output":["supplier.su_suppkey","supplier.su_nationkey"],"Hash Buckets":16384,"Original Hash Buckets":16384,"Hash Batches":1,"Original Hash Batches":1,"Peak Memory Usage":519,"Shared Hit Blocks":0,"Shared Read Blocks":0,"Shared Dirtied Blocks":0,"Shared Written Blocks":0,"Local Hit Blocks":0,"Local Read Blocks":0,"Local Dirtied Blocks":0,"Local Written Blocks":0,"Temp Read Blocks":0,"Temp Written Blocks":0,"I/O Read Time":0.0,"I/O Write Time":0.0,"Temp I/O Read Time":0.0,"Temp I/O Write Time":0.0,"Plans":[{"Node Type":"Append","Parent Relationship":"Outer","Parallel Aware":false,"Async Capable":false,"Startup Cost":20.0,"Total Cost":219.01,"Plan Rows":10001,"Plan Width":8,"Actual Startup Time":0.014,"Actual Total Time":1.804,"Actual Rows":10000,"Actual Loops":1,"Shared Hit Blocks":0,"Shared Read Blocks":0,"Shared Dirtied Blocks":0,"Shared Written Blocks":0,"Local Hit Blocks":0,"Local Read Blocks":0,"Local Dirtied Blocks":0,"Local Written Blocks":0,"Temp Read Blocks":0,"Temp Written Blocks":0,"I/O Read Time":0.0,"I/O Write Time":0.0,"Temp I/O Read Time":0.0,"Temp I/O Write Time":0.0,"Subplans Removed":0,"Plans":[{"Node Type":"Custom Scan","Parent Relationship":"Member","Custom Plan Provider":"columnar scan","Parallel Aware":false,"Async Capable":false,"Relation Name":"supplier","Schema":"public","Alias":"supplier","Startup Cost":20.0,"Total Cost":215.0,"Plan Rows":10000,"Plan Width":8,"Actual Startup Time":0.013,"Actual Total Time":1.088,"Actual Rows":10000,"Actual Loops":1,"Output":["supplier.su_suppkey","supplier.su_nationkey"],"Rows Removed by Columnar Filter":0,"Columnar cache search mode":"native","Shared Hit Blocks":0,"Shared Read Blocks":0,"Shared Dirtied Blocks":0,"Shared Written Blocks":0,"Local Hit Blocks":0,"Local Read Blocks":0,"Local Dirtied Blocks":0,"Local Written Blocks":0,"Temp Read Blocks":0,"Temp Written Blocks":0,"I/O Read Time":0.0,"I/O Write Time":0.0,"Temp I/O Read Time":0.0,"Temp I/O Write Time":0.0},{"Node Type":"Seq Scan","Parent Relationship":"Member","Parallel Aware":false,"Async Capable":false,"Relation Name":"supplier","Schema":"public","Alias":"supplier","Startup Cost":0.0,"Total Cost":4.01,"Plan Rows":1,"Plan Width":8,"Actual Startup Time":0.0,"Actual Total Time":0.0,"Actual Rows":0,"Actual Loops":0,"Output":["supplier.su_suppkey","supplier.su_nationkey"],"Shared Hit Blocks":0,"Shared Read Blocks":0,"Shared Dirtied Blocks":0,"Shared Written Blocks":0,"Local Hit Blocks":0,"Local Read Blocks":0,"Local Dirtied Blocks":0,"Local Written Blocks":0,"Temp Read Blocks":0,"Temp Written Blocks":0,"I/O Read Time":0.0,"I/O Write Time":0.0,"Temp I/O Read Time":0.0,"Temp I/O Write Time":0.0}]}]}]}]}]}]},"Planning":{"Shared Hit Blocks":220,"Shared Read Blocks":0,"Shared Dirtied Blocks":0,"Shared Written Blocks":0,"Local Hit Blocks":0,"Local Read Blocks":0,"Local Dirtied Blocks":0,"Local Written Blocks":0,"Temp Read Blocks":0,"Temp Written Blocks":0,"I/O Read Time":0.0,"I/O Write Time":0.0,"Temp I/O Read Time":0.0,"Temp I/O Write Time":0.0},"Planning Time":5.558,"Triggers":[],"Execution Time":21277.347}]
[列存组合]: order_line, region, stock
[{"Plan":{"Node Type":"Sort","Parallel Aware":false,"Async Capable":false,"Startup Cost":2401720.42,"Total Cost":2401720.58,"Plan Rows":62,"Plan Width":40,"Actual Startup Time":11490.136,"Actual Total Time":11490.176,"Actual Rows":11,"Actual Loops":1,"Output":["nation.n_name","(sum(order_line.ol_amount))"],"Sort Key":["(sum(order_line.ol_amount)) DESC"],"Sort Method":"quicksort","Sort Space Used":25,"Sort Space Type":"Memory","Shared Hit Blocks":504331,"Shared Read Blocks":0,"Shared Dirtied Blocks":0,"Shared Written Blocks":0,"Local Hit Blocks":0,"Local Read Blocks":0,"Local Dirtied Blocks":0,"Local Written Blocks":0,"Temp Read Blocks":67001,"Temp Written Blocks":67001,"I/O Read Time":0.0,"I/O Write Time":0.0,"Temp I/O Read Time":105.59,"Temp I/O Write Time":321.61,"Plans":[{"Node Type":"Aggregate","Strategy":"Sorted","Partial Mode":"Simple","Parent Relationship":"Outer","Parallel Aware":false,"Async Capable":false,"Startup Cost":2401566.78,"Total Cost":2401718.58,"Plan Rows":62,"Plan Width":40,"Actual Startup Time":11484.022,"Actual Total Time":11490.155,"Actual Rows":11,"Actual Loops":1,"Output":["nation.n_name","sum(order_line.ol_amount)"],"Group Key":["nation.n_name"],"Shared Hit Blocks":504331,"Shared Read Blocks":0,"Shared Dirtied Blocks":0,"Shared Written Blocks":0,"Local Hit Blocks":0,"Local Read Blocks":0,"Local Dirtied Blocks":0,"Local Written Blocks":0,"Temp Read Blocks":67001,"Temp Written Blocks":67001,"I/O Read Time":0.0,"I/O Write Time":0.0,"Temp I/O Read Time":105.59,"Temp I/O Write Time":321.61,"Plans":[{"Node Type":"Sort","Parent Relationship":"Outer","Parallel Aware":false,"Async Capable":false,"Startup Cost":2401566.78,"Total Cost":2401617.12,"Plan Rows":20136,"Plan Width":12,"Actual Startup Time":11483.582,"Actual Total Time":11485.426,"Actual Rows":35044,"Actual Loops":1,"Output":["nation.n_name","order_line.ol_amount"],"Sort Key":["nation.n_name"],"Sort Method":"quicksort","Sort Space Used":3146,"Sort Space Type":"Memory","Shared Hit Blocks":504331,"Shared Read Blocks":0,"Shared Dirtied Blocks":0,"Shared Written Blocks":0,"Local Hit Blocks":0,"Local Read Blocks":0,"Local Dirtied Blocks":0,"Local Written Blocks":0,"Temp Read Blocks":67001,"Temp Written Blocks":67001,"I/O Read Time":0.0,"I/O Write Time":0.0,"Temp I/O Read Time":105.59,"Temp I/O Write Time":321.61,"Plans":[{"Node Type":"Hash Join","Parent Relationship":"Outer","Parallel Aware":false,"Async Capable":false,"Join Type":"Inner","Startup Cost":882118.44,"Total Cost":2400127.31,"Plan Rows":20136,"Plan Width":12,"Actual Startup Time":4788.239,"Actual Total Time":11466.857,"Actual Rows":35044,"Actual Loops":1,"Output":["nation.n_name","order_line.ol_amount"],"Hash Cond":"((orders.o_c_id = customer.c_id) AND (orders.o_w_id = customer.c_w_id) AND (orders.o_d_id = customer.c_d_id) AND (supplier.su_nationkey = customer.c_nationkey))","Shared Hit Blocks":504331,"Shared Read Blocks":0,"Shared Dirtied Blocks":0,"Shared Written Blocks":0,"Local Hit Blocks":0,"Local Read Blocks":0,"Local Dirtied Blocks":0,"Local Written Blocks":0,"Temp Read Blocks":67001,"Temp Written Blocks":67001,"I/O Read Time":0.0,"I/O Write Time":0.0,"Temp I/O Read Time":105.59,"Temp I/O Write Time":321.61,"Plans":[{"Node Type":"Hash Join","Parent Relationship":"Outer","Parallel Aware":false,"Async Capable":false,"Join Type":"Inner","Startup Cost":212826.24,"Total Cost":1669084.88,"Plan Rows":1242117,"Plan Width":34,"Actual Startup Time":1805.968,"Actual Total Time":6996.596,"Actual Rows":2982388,"Actual Loops":1,"Output":["orders.o_c_id","orders.o_w_id","orders.o_d_id","order_line.ol_amount","order_line.ol_w_id","order_line.ol_d_id","stock.s_w_id","supplier.su_nationkey","nation.n_name","nation.n_nationkey"],"Hash Cond":"((order_line.ol_w_id = orders.o_w_id) AND (order_line.ol_d_id = orders.o_d_id) AND (order_line.ol_o_id = orders.o_id))","Shared Hit Blocks":44341,"Shared Read Blocks":0,"Shared Dirtied Blocks":0,"Shared Written Blocks":0,"Local Hit Blocks":0,"Local Read Blocks":0,"Local Dirtied Blocks":0,"Local Written Blocks":0,"Temp Read Blocks":23127,"Temp Written Blocks":23127,"I/O Read Time":0.0,"I/O Write Time":0.0,"Temp I/O Read Time":36.8,"Temp I/O Write Time":108.321,"Plans":[{"Node Type":"Hash Join","Parent Relationship":"Outer","Parallel Aware":false,"Async Capable":false,"Join Type":"Inner","Startup Cost":59022.58,"Total Cost":1311993.18,"Plan Rows":8467814,"Plan Width":34,"Actual Startup Time":1163.648,"Actual Total Time":4764.611,"Actual Rows":3000322,"Actual Loops":1,"Output":["order_line.ol_amount","order_line.ol_o_id","order_line.ol_w_id","order_line.ol_d_id","stock.s_w_id","supplier.su_nationkey","nation.n_name","nation.n_nationkey"],"Hash Cond":"(mod((stock.s_w_id * stock.s_i_id), 10000) = supplier.su_suppkey)","Shared Hit Blocks":219,"Shared Read Blocks":0,"Shared Dirtied Blocks":0,"Shared Written Blocks":0,"Local Hit Blocks":0,"Local Read Blocks":0,"Local Dirtied Blocks":0,"Local Written Blocks":0,"Temp Read Blocks":0,"Temp Written Blocks":0,"I/O Read Time":0.0,"I/O Write Time":0.0,"Temp I/O Read Time":0.0,"Temp I/O Write Time":0.0,"Plans":[{"Node Type":"Hash Join","Parent Relationship":"Outer","Parallel Aware":false,"Async Capable":false,"Join Type":"Inner","Startup Cost":58620.59,"Total Cost":962293.85,"Plan Rows":42339072,"Plan Width":22,"Actual Startup Time":1160.749,"Actual Total Time":3367.592,"Actual Rows":8620885,"Actual Loops":1,"Output":["order_line.ol_amount","order_line.ol_o_id","order_line.ol_w_id","order_line.ol_d_id","stock.s_w_id","stock.s_i_id"],"Hash Cond":"((order_line.ol_w_id = stock.s_w_id) AND (order_line.ol_i_id = stock.s_i_id))","Rows Removed by Bloom Filter":0,"Shared Hit Blocks":0,"Shared Read Blocks":0,"Shared Dirtied Blocks":0,"Shared Written Blocks":0,"Local Hit Blocks":0,"Local Read Blocks":0,"Local Dirtied Blocks":0,"Local Written Blocks":0,"Temp Read Blocks":0,"Temp Written Blocks":0,"I/O Read Time":0.0,"I/O Write Time":0.0,"Temp I/O Read Time":0.0,"Temp I/O Write Time":0.0,"Plans":[{"Node Type":"Append","Parent Relationship":"Outer","Parallel Aware":false,"Async Capable":false,"Startup Cost":20.0,"Total Cost":1072031.01,"Plan Rows":42039468,"Plan Width":20,"Actual Startup Time":249.486,"Actual Total Time":249.501,"Actual Rows":8620885,"Actual Loops":1,"Shared Hit Blocks":0,"Shared Read Blocks":0,"Shared Dirtied Blocks":0,"Shared Written Blocks":0,"Local Hit Blocks":0,"Local Read Blocks":0,"Local Dirtied Blocks":0,"Local Written Blocks":0,"Temp Read Blocks":0,"Temp Written Blocks":0,"I/O Read Time":0.0,"I/O Write Time":0.0,"Temp I/O Read Time":0.0,"Temp I/O Write Time":0.0,"Subplans Removed":0,"Plans":[{"Node Type":"Custom Scan","Parent Relationship":"Member","Custom Plan Provider":"columnar scan","Parallel Aware":false,"Async Capable":false,"Relation Name":"order_line","Schema":"public","Alias":"order_line","Startup Cost":20.0,"Total Cost":1072026.23,"Plan Rows":42039424,"Plan Width":20,"Actual Startup Time":249.483,"Actual Total Time":249.484,"Actual Rows":8620885,"Actual Loops":1,"Output":["order_line.ol_amount","order_line.ol_o_id","order_line.ol_w_id","order_line.ol_d_id","order_line.ol_i_id"],"Filter":"(order_line.ol_delivery_d >= '1992-01-02 20:10:02.27764'::timestamp without time zone)","Rows Removed by Filter":0,"Rows Removed by Columnar Filter":51372876,"Rows Filtered by Bloom Filter":0,"Dictionary Rows Filtered by Bloom Filter":51372876,"Columnar cache search mode":"native","Shared Hit Blocks":0,"Shared Read Blocks":0,"Shared Dirtied Blocks":0,"Shared Written Blocks":0,"Local Hit Blocks":0,"Local Read Blocks":0,"Local Dirtied Blocks":0,"Local Written Blocks":0,"Temp Read Blocks":0,"Temp Written Blocks":0,"I/O Read Time":0.0,"I/O Write Time":0.0,"Temp I/O Read Time":0.0,"Temp I/O Write Time":0.0},{"Node Type":"Seq Scan","Parent Relationship":"Member","Parallel Aware":false,"Async Capable":false,"Relation Name":"order_line","Schema":"public","Alias":"order_line","Startup Cost":0.0,"Total Cost":4.79,"Plan Rows":44,"Plan Width":20,"Actual Startup Time":0.0,"Actual Total Time":0.0,"Actual Rows":0,"Actual Loops":0,"Output":["order_line.ol_amount","order_line.ol_o_id","order_line.ol_w_id","order_line.ol_d_id","order_line.ol_i_id"],"Filter":"(order_line.ol_delivery_d >= '1992-01-02 20:10:02.27764'::timestamp without time zone)","Rows Removed by Filter":0,"Shared Hit Blocks":0,"Shared Read Blocks":0,"Shared Dirtied Blocks":0,"Shared Written Blocks":0,"Local Hit Blocks":0,"Local Read Blocks":0,"Local Dirtied Blocks":0,"Local Written Blocks":0,"Temp Read Blocks":0,"Temp Written Blocks":0,"I/O Read Time":0.0,"I/O Write Time":0.0,"Temp I/O Read Time":0.0,"Temp I/O Write Time":0.0}]},{"Node Type":"Hash","Parent Relationship":"Inner","Parallel Aware":false,"Async Capable":false,"Startup Cost":390026.22,"Total Cost":390026.22,"Plan Rows":20000212,"Plan Width":6,"Actual Rows":20000000,"Actual Loops":1,"Output":["stock.s_w_id","stock.s_i_id"],"Shared Hit Blocks":0,"Shared Read Blocks":0,"Shared Dirtied Blocks":0,"Shared Written Blocks":0,"Local Hit Blocks":0,"Local Read Blocks":0,"Local Dirtied Blocks":0,"Local Written Blocks":0,"Temp Read Blocks":0,"Temp Written Blocks":0,"I/O Read Time":0.0,"I/O Write Time":0.0,"Temp I/O Read Time":0.0,"Temp I/O Write Time":0.0,"Plans":[{"Node Type":"Append","Parent Relationship":"Outer","Parallel Aware":false,"Async Capable":false,"Startup Cost":20.0,"Total Cost":390026.22,"Plan Rows":20000212,"Plan Width":6,"Actual Startup Time":0.462,"Actual Total Time":0.465,"Actual Rows":20000000,"Actual Loops":1,"Shared Hit Blocks":0,"Shared Read Blocks":0,"Shared Dirtied Blocks":0,"Shared Written Blocks":0,"Local Hit Blocks":0,"Local Read Blocks":0,"Local Dirtied Blocks":0,"Local Written Blocks":0,"Temp Read Blocks":0,"Temp Written Blocks":0,"I/O Read Time":0.0,"I/O Write Time":0.0,"Temp I/O Read Time":0.0,"Temp I/O Write Time":0.0,"Subplans Removed":0,"Plans":[{"Node Type":"Custom Scan","Parent Relationship":"Member","Custom Plan Provider":"columnar scan","Parallel Aware":false,"Async Capable":false,"Relation Name":"stock","Schema":"public","Alias":"stock","Startup Cost":20.0,"Total Cost":390020.1,"Plan Rows":20000000,"Plan Width":6,"Actual Startup Time":0.461,"Actual Total Time":0.461,"Actual Rows":20000000,"Actual Loops":1,"Output":["stock.s_w_id","stock.s_i_id"],"Rows Removed by Columnar Filter":0,"Columnar cache search mode":"native","Shared Hit Blocks":0,"Shared Read Blocks":0,"Shared Dirtied Blocks":0,"Shared Written Blocks":0,"Local Hit Blocks":0,"Local Read Blocks":0,"Local Dirtied Blocks":0,"Local Written Blocks":0,"Temp Read Blocks":0,"Temp Written Blocks":0,"I/O Read Time":0.0,"I/O Write Time":0.0,"Temp I/O Read Time":0.0,"Temp I/O Write Time":0.0},{"Node Type":"Seq Scan","Parent Relationship":"Member","Parallel Aware":false,"Async Capable":false,"Relation Name":"stock","Schema":"public","Alias":"stock","Startup Cost":0.0,"Total Cost":6.12,"Plan Rows":212,"Plan Width":6,"Actual Startup Time":0.0,"Actual Total Time":0.0,"Actual Rows":0,"Actual Loops":0,"Output":["stock.s_w_id","stock.s_i_id"],"Shared Hit Blocks":0,"Shared Read Blocks":0,"Shared Dirtied Blocks":0,"Shared Written Blocks":0,"Local Hit Blocks":0,"Local Read Blocks":0,"Local Dirtied Blocks":0,"Local Written Blocks":0,"Temp Read Blocks":0,"Temp Written Blocks":0,"I/O Read Time":0.0,"I/O Write Time":0.0,"Temp I/O Read Time":0.0,"Temp I/O Write Time":0.0}]}]}]},{"Node Type":"Hash","Parent Relationship":"Inner","Parallel Aware":false,"Async Capable":false,"Startup Cost":376.99,"Total Cost":376.99,"Plan Rows":2000,"Plan Width":20,"Actual Startup Time":2.864,"Actual Total Time":2.874,"Actual Rows":3506,"Actual Loops":1,"Output":["supplier.su_suppkey","supplier.su_nationkey","nation.n_name","nation.n_nationkey"],"Hash Buckets":4096,"Original Hash Buckets":2048,"Hash Batches":1,"Original Hash Batches":1,"Peak Memory Usage":217,"Shared Hit Blocks":219,"Shared Read Blocks":0,"Shared Dirtied Blocks":0,"Shared Written Blocks":0,"Local Hit Blocks":0,"Local Read Blocks":0,"Local Dirtied Blocks":0,"Local Written Blocks":0,"Temp Read Blocks":0,"Temp Written Blocks":0,"I/O Read Time":0.0,"I/O Write Time":0.0,"Temp I/O Read Time":0.0,"Temp I/O Write Time":0.0,"Plans":[{"Node Type":"Hash Join","Parent Relationship":"Outer","Parallel Aware":false,"Async Capable":false,"Join Type":"Inner","Startup Cost":3.14,"Total Cost":376.99,"Plan Rows":2000,"Plan Width":20,"Actual Startup Time":0.067,"Actual Total Time":2.288,"Actual Rows":3506,"Actual Loops":1,"Output":["supplier.su_suppkey","supplier.su_nationkey","nation.n_name","nation.n_nationkey"],"Hash Cond":"(supplier.su_nationkey = nation.n_nationkey)","Shared Hit Blocks":219,"Shared Read Blocks":0,"Shared Dirtied Blocks":0,"Shared Written Blocks":0,"Local Hit Blocks":0,"Local Read Blocks":0,"Local Dirtied Blocks":0,"Local Written Blocks":0,"Temp Read Blocks":0,"Temp Written Blocks":0,"I/O Read Time":0.0,"I/O Write Time":0.0,"Temp I/O Read Time":0.0,"Temp I/O Write Time":0.0,"Plans":[{"Node Type":"Seq Scan","Parent Relationship":"Outer","Parallel Aware":false,"Async Capable":false,"Relation Name":"supplier","Schema":"public","Alias":"supplier","Startup Cost":0.0,"Total Cost":317.0,"Plan Rows":10000,"Plan Width":8,"Actual Startup Time":0.012,"Actual Total Time":0.797,"Actual Rows":10000,"Actual Loops":1,"Output":["supplier.su_suppkey","supplier.su_name","supplier.su_address","supplier.su_nationkey","supplier.su_phone","supplier.su_acctbal","supplier.su_comment"],"Shared Hit Blocks":217,"Shared Read Blocks":0,"Shared Dirtied Blocks":0,"Shared Written Blocks":0,"Local Hit Blocks":0,"Local Read Blocks":0,"Local Dirtied Blocks":0,"Local Written Blocks":0,"Temp Read Blocks":0,"Temp Written Blocks":0,"I/O Read Time":0.0,"I/O Write Time":0.0,"Temp I/O Read Time":0.0,"Temp I/O Write Time":0.0},{"Node Type":"Hash","Parent Relationship":"Inner","Parallel Aware":false,"Async Capable":false,"Startup Cost":2.99,"Total Cost":2.99,"Plan Rows":12,"Plan Width":12,"Actual Startup Time":0.045,"Actual Total Time":0.05,"Actual Rows":22,"Actual Loops":1,"Output":["nation.n_name","nation.n_nationkey"],"Hash Buckets":1024,"Original Hash Buckets":1024,"Hash Batches":1,"Original Hash Batches":1,"Peak Memory Usage":9,"Shared Hit Blocks":2,"Shared Read Blocks":0,"Shared Dirtied Blocks":0,"Shared Written Blocks":0,"Local Hit Blocks":0,"Local Read Blocks":0,"Local Dirtied Blocks":0,"Local Written Blocks":0,"Temp Read Blocks":0,"Temp Written Blocks":0,"I/O Read Time":0.0,"I/O Write Time":0.0,"Temp I/O Read Time":0.0,"Temp I/O Write Time":0.0,"Plans":[{"Node Type":"Hash Join","Parent Relationship":"Outer","Parallel Aware":false,"Async Capable":false,"Join Type":"Inner","Startup Cost":1.07,"Total Cost":2.99,"Plan Rows":12,"Plan Width":12,"Actual Startup Time":0.027,"Actual Total Time":0.044,"Actual Rows":22,"Actual Loops":1,"Output":["nation.n_name","nation.n_nationkey"],"Hash Cond":"(nation.n_regionkey = region.r_regionkey)","Shared Hit Blocks":2,"Shared Read Blocks":0,"Shared Dirtied Blocks":0,"Shared Written Blocks":0,"Local Hit Blocks":0,"Local Read Blocks":0,"Local Dirtied Blocks":0,"Local Written Blocks":0,"Temp Read Blocks":0,"Temp Written Blocks":0,"I/O Read Time":0.0,"I/O Write Time":0.0,"Temp I/O Read Time":0.0,"Temp I/O Write Time":0.0,"Plans":[{"Node Type":"Seq Scan","Parent Relationship":"Outer","Parallel Aware":false,"Async Capable":false,"Relation Name":"nation","Schema":"public","Alias":"nation","Startup Cost":0.0,"Total Cost":1.62,"Plan Rows":62,"Plan Width":16,"Actual Startup Time":0.004,"Actual Total Time":0.007,"Actual Rows":62,"Actual Loops":1,"Output":["nation.n_nationkey","nation.n_name","nation.n_regionkey","nation.n_comment"],"Shared Hit Blocks":1,"Shared Read Blocks":0,"Shared Dirtied Blocks":0,"Shared Written Blocks":0,"Local Hit Blocks":0,"Local Read Blocks":0,"Local Dirtied Blocks":0,"Local Written Blocks":0,"Temp Read Blocks":0,"Temp Written Blocks":0,"I/O Read Time":0.0,"I/O Write Time":0.0,"Temp I/O Read Time":0.0,"Temp I/O Write Time":0.0},{"Node Type":"Hash","Parent Relationship":"Inner","Parallel Aware":false,"Async Capable":false,"Startup Cost":1.06,"Total Cost":1.06,"Plan Rows":1,"Plan Width":4,"Actual Startup Time":0.011,"Actual Total Time":0.013,"Actual Rows":1,"Actual Loops":1,"Output":["region.r_regionkey"],"Hash Buckets":1024,"Original Hash Buckets":1024,"Hash Batches":1,"Original Hash Batches":1,"Peak Memory Usage":9,"Shared Hit Blocks":1,"Shared Read Blocks":0,"Shared Dirtied Blocks":0,"Shared Written Blocks":0,"Local Hit Blocks":0,"Local Read Blocks":0,"Local Dirtied Blocks":0,"Local Written Blocks":0,"Temp Read Blocks":0,"Temp Written Blocks":0,"I/O Read Time":0.0,"I/O Write Time":0.0,"Temp I/O Read Time":0.0,"Temp I/O Write Time":0.0,"Plans":[{"Node Type":"Seq Scan","Parent Relationship":"Outer","Parallel Aware":false,"Async Capable":false,"Relation Name":"region","Schema":"public","Alias":"region","Startup Cost":0.0,"Total Cost":1.06,"Plan Rows":1,"Plan Width":4,"Actual Startup Time":0.009,"Actual Total Time":0.009,"Actual Rows":1,"Actual Loops":1,"Output":["region.r_regionkey"],"Filter":"((region.r_name)::text = 'Europe'::text)","Rows Removed by Filter":4,"Shared Hit Blocks":1,"Shared Read Blocks":0,"Shared Dirtied Blocks":0,"Shared Written Blocks":0,"Local Hit Blocks":0,"Local Read Blocks":0,"Local Dirtied Blocks":0,"Local Written Blocks":0,"Temp Read Blocks":0,"Temp Written Blocks":0,"I/O Read Time":0.0,"I/O Write Time":0.0,"Temp I/O Read Time":0.0,"Temp I/O Write Time":0.0}]}]}]}]}]}]},{"Node Type":"Hash","Parent Relationship":"Inner","Parallel Aware":false,"Async Capable":false,"Startup Cost":134121.52,"Total Cost":134121.52,"Plan Rows":879322,"Plan Width":16,"Actual Startup Time":640.97,"Actual Total Time":640.97,"Actual Rows":856801,"Actual Loops":1,"Output":["orders.o_c_id","orders.o_w_id","orders.o_d_id","orders.o_id"],"Hash Buckets":262144,"Original Hash Buckets":262144,"Hash Batches":8,"Original Hash Batches":8,"Peak Memory Usage":7070,"Shared Hit Blocks":44122,"Shared Read Blocks":0,"Shared Dirtied Blocks":0,"Shared Written Blocks":0,"Local Hit Blocks":0,"Local Read Blocks":0,"Local Dirtied Blocks":0,"Local Written Blocks":0,"Temp Read Blocks":0,"Temp Written Blocks":3290,"I/O Read Time":0.0,"I/O Write Time":0.0,"Temp I/O Read Time":0.0,"Temp I/O Write Time":15.82,"Plans":[{"Node Type":"Seq Scan","Parent Relationship":"Outer","Parallel Aware":false,"Async Capable":false,"Relation Name":"orders","Schema":"public","Alias":"orders","Startup Cost":0.0,"Total Cost":134121.52,"Plan Rows":879322,"Plan Width":16,"Actual Startup Time":0.605,"Actual Total Time":441.484,"Actual Rows":856801,"Actual Loops":1,"Output":["orders.o_c_id","orders.o_w_id","orders.o_d_id","orders.o_id"],"Filter":"((orders.o_entry_d >= '1993-01-02 20:10:02.27764'::timestamp without time zone) AND (orders.o_entry_d < '1994-01-02 20:10:02.27764'::timestamp without time zone))","Rows Removed by Filter":5143199,"Shared Hit Blocks":44122,"Shared Read Blocks":0,"Shared Dirtied Blocks":0,"Shared Written Blocks":0,"Local Hit Blocks":0,"Local Read Blocks":0,"Local Dirtied Blocks":0,"Local Written Blocks":0,"Temp Read Blocks":0,"Temp Written Blocks":0,"I/O Read Time":0.0,"I/O Write Time":0.0,"Temp I/O Read Time":0.0,"Temp I/O Write Time":0.0}]}]},{"Node Type":"Hash","Parent Relationship":"Inner","Parallel Aware":false,"Async Capable":false,"Startup Cost":519991.4,"Total Cost":519991.4,"Plan Rows":6000140,"Plan Width":12,"Actual Startup Time":2853.312,"Actual Total Time":2853.312,"Actual Rows":6000000,"Actual Loops":1,"Output":["customer.c_id","customer.c_w_id","customer.c_d_id","customer.c_nationkey"],"Hash Buckets":262144,"Original Hash Buckets":262144,"Hash Batches":64,"Original Hash Batches":64,"Peak Memory Usage":6083,"Shared Hit Blocks":459990,"Shared Read Blocks":0,"Shared Dirtied Blocks":0,"Shared Written Blocks":0,"Local Hit Blocks":0,"Local Read Blocks":0,"Local Dirtied Blocks":0,"Local Written Blocks":0,"Temp Read Blocks":0,"Temp Written Blocks":23035,"I/O Read Time":0.0,"I/O Write Time":0.0,"Temp I/O Read Time":0.0,"Temp I/O Write Time":115.949,"Plans":[{"Node Type":"Seq Scan","Parent Relationship":"Outer","Parallel Aware":false,"Async Capable":false,"Relation Name":"customer","Schema":"public","Alias":"customer","Startup Cost":0.0,"Total Cost":519991.4,"Plan Rows":6000140,"Plan Width":12,"Actual Startup Time":0.026,"Actual Total Time":1810.857,"Actual Rows":6000000,"Actual Loops":1,"Output":["customer.c_id","customer.c_w_id","customer.c_d_id","customer.c_nationkey"],"Shared Hit Blocks":459990,"Shared Read Blocks":0,"Shared Dirtied Blocks":0,"Shared Written Blocks":0,"Local Hit Blocks":0,"Local Read Blocks":0,"Local Dirtied Blocks":0,"Local Written Blocks":0,"Temp Read Blocks":0,"Temp Written Blocks":0,"I/O Read Time":0.0,"I/O Write Time":0.0,"Temp I/O Read Time":0.0,"Temp I/O Write Time":0.0}]}]}]}]}]},"Planning":{"Shared Hit Blocks":220,"Shared Read Blocks":0,"Shared Dirtied Blocks":0,"Shared Written Blocks":0,"Local Hit Blocks":0,"Local Read Blocks":0,"Local Dirtied Blocks":0,"Local Written Blocks":0,"Temp Read Blocks":0,"Temp Written Blocks":0,"I/O Read Time":0.0,"I/O Write Time":0.0,"Temp I/O Read Time":0.0,"Temp I/O Write Time":0.0},"Planning Time":5.838,"Triggers":[],"Execution Time":11491.238}]
[列存组合]: order_line, region, supplier
[{"Plan":{"Node Type":"Sort","Parallel Aware":false,"Async Capable":false,"Startup Cost":4058205.87,"Total Cost":4058206.02,"Plan Rows":62,"Plan Width":40,"Actual Startup Time":21425.535,"Actual Total Time":21425.567,"Actual Rows":11,"Actual Loops":1,"Output":["nation.n_name","(sum(order_line.ol_amount))"],"Sort Key":["(sum(order_line.ol_amount)) DESC"],"Sort Method":"quicksort","Sort Space Used":25,"Sort Space Type":"Memory","Shared Hit Blocks":558787,"Shared Read Blocks":0,"Shared Dirtied Blocks":0,"Shared Written Blocks":0,"Local Hit Blocks":0,"Local Read Blocks":0,"Local Dirtied Blocks":0,"Local Written Blocks":0,"Temp Read Blocks":131755,"Temp Written Blocks":131809,"I/O Read Time":0.0,"I/O Write Time":0.0,"Temp I/O Read Time":205.829,"Temp I/O Write Time":554.935,"Plans":[{"Node Type":"Aggregate","Strategy":"Sorted","Partial Mode":"Simple","Parent Relationship":"Outer","Parallel Aware":false,"Async Capable":false,"Startup Cost":4058052.23,"Total Cost":4058204.02,"Plan Rows":62,"Plan Width":40,"Actual Startup Time":21419.622,"Actual Total Time":21425.548,"Actual Rows":11,"Actual Loops":1,"Output":["nation.n_name","sum(order_line.ol_amount)"],"Group Key":["nation.n_name"],"Shared Hit Blocks":558787,"Shared Read Blocks":0,"Shared Dirtied Blocks":0,"Shared Written Blocks":0,"Local Hit Blocks":0,"Local Read Blocks":0,"Local Dirtied Blocks":0,"Local Written Blocks":0,"Temp Read Blocks":131755,"Temp Written Blocks":131809,"I/O Read Time":0.0,"I/O Write Time":0.0,"Temp I/O Read Time":205.829,"Temp I/O Write Time":554.935,"Plans":[{"Node Type":"Sort","Parent Relationship":"Outer","Parallel Aware":false,"Async Capable":false,"Startup Cost":4058052.23,"Total Cost":4058102.57,"Plan Rows":20136,"Plan Width":12,"Actual Startup Time":21419.186,"Actual Total Time":21420.992,"Actual Rows":35044,"Actual Loops":1,"Output":["nation.n_name","order_line.ol_amount"],"Sort Key":["nation.n_name"],"Sort Method":"quicksort","Sort Space Used":3146,"Sort Space Type":"Memory","Shared Hit Blocks":558787,"Shared Read Blocks":0,"Shared Dirtied Blocks":0,"Shared Written Blocks":0,"Local Hit Blocks":0,"Local Read Blocks":0,"Local Dirtied Blocks":0,"Local Written Blocks":0,"Temp Read Blocks":131755,"Temp Written Blocks":131809,"I/O Read Time":0.0,"I/O Write Time":0.0,"Temp I/O Read Time":205.829,"Temp I/O Write Time":554.935,"Plans":[{"Node Type":"Hash Join","Parent Relationship":"Outer","Parallel Aware":false,"Async Capable":false,"Join Type":"Inner","Startup Cost":3408744.78,"Total Cost":4056612.76,"Plan Rows":20136,"Plan Width":12,"Actual Startup Time":17511.093,"Actual Total Time":21400.161,"Actual Rows":35044,"Actual Loops":1,"Output":["nation.n_name","order_line.ol_amount"],"Inner Unique":true,"Hash Cond":"((mod((stock.s_w_id * stock.s_i_id), 10000) = supplier.su_suppkey) AND (customer.c_nationkey = supplier.su_nationkey))","Shared Hit Blocks":558787,"Shared Read Blocks":0,"Shared Dirtied Blocks":0,"Shared Written Blocks":0,"Local Hit Blocks":0,"Local Read Blocks":0,"Local Dirtied Blocks":0,"Local Written Blocks":0,"Temp Read Blocks":131755,"Temp Written Blocks":131809,"I/O Read Time":0.0,"I/O Write Time":0.0,"Temp I/O Read Time":205.829,"Temp I/O Write Time":554.935,"Plans":[{"Node Type":"Merge Join","Parent Relationship":"Outer","Parallel Aware":false,"Async Capable":false,"Join Type":"Inner","Startup Cost":3408375.75,"Total Cost":4049408.76,"Plan Rows":1242717,"Plan Width":26,"Actual Startup Time":17507.563,"Actual Total Time":21118.425,"Actual Rows":2218175,"Actual Loops":1,"Output":["customer.c_nationkey","order_line.ol_amount","stock.s_w_id","stock.s_i_id","nation.n_name","nation.n_nationkey"],"Inner Unique":true,"Merge Cond":"((customer.c_w_id = stock.s_w_id) AND (order_line.ol_i_id = stock.s_i_id))","Shared Hit Blocks":558787,"Shared Read Blocks":0,"Shared Dirtied Blocks":0,"Shared Written Blocks":0,"Local Hit Blocks":0,"Local Read Blocks":0,"Local Dirtied Blocks":0,"Local Written Blocks":0,"Temp Read Blocks":131755,"Temp Written Blocks":131809,"I/O Read Time":0.0,"I/O Write Time":0.0,"Temp I/O Read Time":205.829,"Temp I/O Write Time":554.935,"Plans":[{"Node Type":"Sort","Parent Relationship":"Outer","Parallel Aware":false,"Async Capable":false,"Startup Cost":3408375.32,"Total Cost":3411455.85,"Plan Rows":1232214,"Plan Width":30,"Actual Startup Time":17507.495,"Actual Total Time":18103.126,"Actual Rows":2218175,"Actual Loops":1,"Output":["customer.c_w_id","customer.c_nationkey","orders.o_w_id","order_line.ol_amount","order_line.ol_w_id","order_line.ol_i_id","nation.n_name","nation.n_nationkey"],"Sort Key":["customer.c_w_id","order_line.ol_i_id"],"Sort Method":"external merge","Sort Space Used":94520,"Sort Space Type":"Disk","Shared Hit Blocks":504114,"Shared Read Blocks":0,"Shared Dirtied Blocks":0,"Shared Written Blocks":0,"Local Hit Blocks":0,"Local Read Blocks":0,"Local Dirtied Blocks":0,"Local Written Blocks":0,"Temp Read Blocks":131755,"Temp Written Blocks":131809,"I/O Read Time":0.0,"I/O Write Time":0.0,"Temp I/O Read Time":205.829,"Temp I/O Write Time":554.935,"Plans":[{"Node Type":"Hash Join","Parent Relationship":"Outer","Parallel Aware":false,"Async Capable":false,"Join Type":"Inner","Startup Cost":808118.65,"Total Cost":3224751.49,"Plan Rows":1232214,"Plan Width":30,"Actual Startup Time":3474.962,"Actual Total Time":14868.014,"Actual Rows":2218175,"Actual Loops":1,"Output":["customer.c_w_id","customer.c_nationkey","orders.o_w_id","order_line.ol_amount","order_line.ol_w_id","order_line.ol_i_id","nation.n_name","nation.n_nationkey"],"Inner Unique":false,"Hash Cond":"(customer.c_nationkey = nation.n_nationkey)","Shared Hit Blocks":504114,"Shared Read Blocks":0,"Shared Dirtied Blocks":0,"Shared Written Blocks":0,"Local Hit Blocks":0,"Local Read Blocks":0,"Local Dirtied Blocks":0,"Local Written Blocks":0,"Temp Read Blocks":108135,"Temp Written Blocks":108135,"I/O Read Time":0.0,"I/O Write Time":0.0,"Temp I/O Read Time":170.701,"Temp I/O Write Time":492.119,"Plans":[{"Node Type":"Hash Join","Parent Relationship":"Outer","Parallel Aware":false,"Async Capable":false,"Join Type":"Inner","Startup Cost":808115.51,"Total Cost":3189719.68,"Plan Rows":6161071,"Plan Width":18,"Actual Startup Time":3468.285,"Actual Total Time":14035.837,"Actual Rows":8568663,"Actual Loops":1,"Output":["customer.c_w_id","customer.c_nationkey","orders.o_w_id","order_line.ol_amount","order_line.ol_w_id","order_line.ol_i_id"],"Inner Unique":true,"Hash Cond":"((orders.o_c_id = customer.c_id) AND (orders.o_w_id = customer.c_w_id) AND (orders.o_d_id = customer.c_d_id))","Shared Hit Blocks":504112,"Shared Read Blocks":0,"Shared Dirtied Blocks":0,"Shared Written Blocks":0,"Local Hit Blocks":0,"Local Read Blocks":0,"Local Dirtied Blocks":0,"Local Written Blocks":0,"Temp Read Blocks":108135,"Temp Written Blocks":108135,"I/O Read Time":0.0,"I/O Write Time":0.0,"Temp I/O Read Time":170.701,"Temp I/O Write Time":492.119,"Plans":[{"Node Type":"Hash Join","Parent Relationship":"Outer","Parallel Aware":false,"Async Capable":false,"Join Type":"Inner","Startup Cost":153823.65,"Total Cost":2385409.38,"Plan Rows":6161071,"Plan Width":20,"Actual Startup Time":643.635,"Actual Total Time":6896.136,"Actual Rows":8568663,"Actual Loops":1,"Output":["orders.o_c_id","orders.o_w_id","orders.o_d_id","order_line.ol_amount","order_line.ol_w_id","order_line.ol_d_id","order_line.ol_i_id"],"Inner Unique":true,"Hash Cond":"((order_line.ol_w_id = orders.o_w_id) AND (order_line.ol_d_id = orders.o_d_id) AND (order_line.ol_o_id = orders.o_id))","Shared Hit Blocks":44122,"Shared Read Blocks":0,"Shared Dirtied Blocks":0,"Shared Written Blocks":0,"Local Hit Blocks":0,"Local Read Blocks":0,"Local Dirtied Blocks":0,"Local Written Blocks":0,"Temp Read Blocks":43816,"Temp Written Blocks":43816,"I/O Read Time":0.0,"I/O Write Time":0.0,"Temp I/O Read Time":69.412,"Temp I/O Write Time":189.194,"Plans":[{"Node Type":"Append","Parent Relationship":"Outer","Parallel Aware":false,"Async Capable":false,"Startup Cost":20.0,"Total Cost":1403598.82,"Plan Rows":42039468,"Plan Width":20,"Actual Startup Time":1.541,"Actual Total Time":2578.368,"Actual Rows":8620885,"Actual Loops":1,"Shared Hit Blocks":0,"Shared Read Blocks":0,"Shared Dirtied Blocks":0,"Shared Written Blocks":0,"Local Hit Blocks":0,"Local Read Blocks":0,"Local Dirtied Blocks":0,"Local Written Blocks":0,"Temp Read Blocks":0,"Temp Written Blocks":0,"I/O Read Time":0.0,"I/O Write Time":0.0,"Temp I/O Read Time":0.0,"Temp I/O Write Time":0.0,"Subplans Removed":0,"Plans":[{"Node Type":"Custom Scan","Parent Relationship":"Member","Custom Plan Provider":"columnar scan","Parallel Aware":false,"Async Capable":false,"Relation Name":"order_line","Schema":"public","Alias":"order_line","Startup Cost":20.0,"Total Cost":1072026.23,"Plan Rows":42039424,"Plan Width":20,"Actual Startup Time":1.538,"Actual Total Time":1977.711,"Actual Rows":8620885,"Actual Loops":1,"Output":["order_line.ol_amount","order_line.ol_o_id","order_line.ol_w_id","order_line.ol_d_id","order_line.ol_i_id"],"Filter":"(order_line.ol_delivery_d >= '1992-01-02 20:10:02.27764'::timestamp without time zone)","Rows Removed by Filter":0,"Rows Removed by Columnar Filter":51372876,"Rows Filtered by Bloom Filter":0,"Dictionary Rows Filtered by Bloom Filter":51372876,"Columnar cache search mode":"native","Shared Hit Blocks":0,"Shared Read Blocks":0,"Shared Dirtied Blocks":0,"Shared Written Blocks":0,"Local Hit Blocks":0,"Local Read Blocks":0,"Local Dirtied Blocks":0,"Local Written Blocks":0,"Temp Read Blocks":0,"Temp Written Blocks":0,"I/O Read Time":0.0,"I/O Write Time":0.0,"Temp I/O Read Time":0.0,"Temp I/O Write Time":0.0},{"Node Type":"Seq Scan","Parent Relationship":"Member","Parallel Aware":false,"Async Capable":false,"Relation Name":"order_line","Schema":"public","Alias":"order_line","Startup Cost":0.0,"Total Cost":4.79,"Plan Rows":44,"Plan Width":20,"Actual Startup Time":0.0,"Actual Total Time":0.0,"Actual Rows":0,"Actual Loops":0,"Output":["order_line.ol_amount","order_line.ol_o_id","order_line.ol_w_id","order_line.ol_d_id","order_line.ol_i_id"],"Filter":"(order_line.ol_delivery_d >= '1992-01-02 20:10:02.27764'::timestamp without time zone)","Rows Removed by Filter":0,"Shared Hit Blocks":0,"Shared Read Blocks":0,"Shared Dirtied Blocks":0,"Shared Written Blocks":0,"Local Hit Blocks":0,"Local Read Blocks":0,"Local Dirtied Blocks":0,"Local Written Blocks":0,"Temp Read Blocks":0,"Temp Written Blocks":0,"I/O Read Time":0.0,"I/O Write Time":0.0,"Temp I/O Read Time":0.0,"Temp I/O Write Time":0.0}]},{"Node Type":"Hash","Parent Relationship":"Inner","Parallel Aware":false,"Async Capable":false,"Startup Cost":134121.52,"Total Cost":134121.52,"Plan Rows":879322,"Plan Width":16,"Actual Startup Time":640.755,"Actual Total Time":640.758,"Actual Rows":856801,"Actual Loops":1,"Output":["orders.o_c_id","orders.o_w_id","orders.o_d_id","orders.o_id"],"Hash Buckets":262144,"Original Hash Buckets":262144,"Hash Batches":8,"Original Hash Batches":8,"Peak Memory Usage":7070,"Shared Hit Blocks":44122,"Shared Read Blocks":0,"Shared Dirtied Blocks":0,"Shared Written Blocks":0,"Local Hit Blocks":0,"Local Read Blocks":0,"Local Dirtied Blocks":0,"Local Written Blocks":0,"Temp Read Blocks":0,"Temp Written Blocks":3290,"I/O Read Time":0.0,"I/O Write Time":0.0,"Temp I/O Read Time":0.0,"Temp I/O Write Time":15.299,"Plans":[{"Node Type":"Seq Scan","Parent Relationship":"Outer","Parallel Aware":false,"Async Capable":false,"Relation Name":"orders","Schema":"public","Alias":"orders","Startup Cost":0.0,"Total Cost":134121.52,"Plan Rows":879322,"Plan Width":16,"Actual Startup Time":0.594,"Actual Total Time":442.96,"Actual Rows":856801,"Actual Loops":1,"Output":["orders.o_c_id","orders.o_w_id","orders.o_d_id","orders.o_id"],"Filter":"((orders.o_entry_d >= '1993-01-02 20:10:02.27764'::timestamp without time zone) AND (orders.o_entry_d < '1994-01-02 20:10:02.27764'::timestamp without time zone))","Rows Removed by Filter":5143199,"Shared Hit Blocks":44122,"Shared Read Blocks":0,"Shared Dirtied Blocks":0,"Shared Written Blocks":0,"Local Hit Blocks":0,"Local Read Blocks":0,"Local Dirtied Blocks":0,"Local Written Blocks":0,"Temp Read Blocks":0,"Temp Written Blocks":0,"I/O Read Time":0.0,"I/O Write Time":0.0,"Temp I/O Read Time":0.0,"Temp I/O Write Time":0.0}]}]},{"Node Type":"Hash","Parent Relationship":"Inner","Parallel Aware":false,"Async Capable":false,"Startup Cost":519991.4,"Total Cost":519991.4,"Plan Rows":6000140,"Plan Width":12,"Actual Startup Time":2818.447,"Actual Total Time":2818.448,"Actual Rows":6000000,"Actual Loops":1,"Output":["customer.c_id","customer.c_w_id","customer.c_d_id","customer.c_nationkey"],"Hash Buckets":262144,"Original Hash Buckets":262144,"Hash Batches":64,"Original Hash Batches":64,"Peak Memory Usage":6073,"Shared Hit Blocks":459990,"Shared Read Blocks":0,"Shared Dirtied Blocks":0,"Shared Written Blocks":0,"Local Hit Blocks":0,"Local Read Blocks":0,"Local Dirtied Blocks":0,"Local Written Blocks":0,"Temp Read Blocks":0,"Temp Written Blocks":23037,"I/O Read Time":0.0,"I/O Write Time":0.0,"Temp I/O Read Time":0.0,"Temp I/O Write Time":112.781,"Plans":[{"Node Type":"Seq Scan","Parent Relationship":"Outer","Parallel Aware":false,"Async Capable":false,"Relation Name":"customer","Schema":"public","Alias":"customer","Startup Cost":0.0,"Total Cost":519991.4,"Plan Rows":6000140,"Plan Width":12,"Actual Startup Time":0.012,"Actual Total Time":1805.164,"Actual Rows":6000000,"Actual Loops":1,"Output":["customer.c_id","customer.c_w_id","customer.c_d_id","customer.c_nationkey"],"Shared Hit Blocks":459990,"Shared Read Blocks":0,"Shared Dirtied Blocks":0,"Shared Written Blocks":0,"Local Hit Blocks":0,"Local Read Blocks":0,"Local Dirtied Blocks":0,"Local Written Blocks":0,"Temp Read Blocks":0,"Temp Written Blocks":0,"I/O Read Time":0.0,"I/O Write Time":0.0,"Temp I/O Read Time":0.0,"Temp I/O Write Time":0.0}]}]},{"Node Type":"Hash","Parent Relationship":"Inner","Parallel Aware":false,"Async Capable":false,"Startup Cost":2.99,"Total Cost":2.99,"Plan Rows":12,"Plan Width":12,"Actual Startup Time":0.042,"Actual Total Time":0.047,"Actual Rows":22,"Actual Loops":1,"Output":["nation.n_name","nation.n_nationkey"],"Hash Buckets":1024,"Original Hash Buckets":1024,"Hash Batches":1,"Original Hash Batches":1,"Peak Memory Usage":9,"Shared Hit Blocks":2,"Shared Read Blocks":0,"Shared Dirtied Blocks":0,"Shared Written Blocks":0,"Local Hit Blocks":0,"Local Read Blocks":0,"Local Dirtied Blocks":0,"Local Written Blocks":0,"Temp Read Blocks":0,"Temp Written Blocks":0,"I/O Read Time":0.0,"I/O Write Time":0.0,"Temp I/O Read Time":0.0,"Temp I/O Write Time":0.0,"Plans":[{"Node Type":"Hash Join","Parent Relationship":"Outer","Parallel Aware":false,"Async Capable":false,"Join Type":"Inner","Startup Cost":1.07,"Total Cost":2.99,"Plan Rows":12,"Plan Width":12,"Actual Startup Time":0.026,"Actual Total Time":0.041,"Actual Rows":22,"Actual Loops":1,"Output":["nation.n_name","nation.n_nationkey"],"Inner Unique":true,"Hash Cond":"(nation.n_regionkey = region.r_regionkey)","Shared Hit Blocks":2,"Shared Read Blocks":0,"Shared Dirtied Blocks":0,"Shared Written Blocks":0,"Local Hit Blocks":0,"Local Read Blocks":0,"Local Dirtied Blocks":0,"Local Written Blocks":0,"Temp Read Blocks":0,"Temp Written Blocks":0,"I/O Read Time":0.0,"I/O Write Time":0.0,"Temp I/O Read Time":0.0,"Temp I/O Write Time":0.0,"Plans":[{"Node Type":"Seq Scan","Parent Relationship":"Outer","Parallel Aware":false,"Async Capable":false,"Relation Name":"nation","Schema":"public","Alias":"nation","Startup Cost":0.0,"Total Cost":1.62,"Plan Rows":62,"Plan Width":16,"Actual Startup Time":0.008,"Actual Total Time":0.011,"Actual Rows":62,"Actual Loops":1,"Output":["nation.n_nationkey","nation.n_name","nation.n_regionkey","nation.n_comment"],"Shared Hit Blocks":1,"Shared Read Blocks":0,"Shared Dirtied Blocks":0,"Shared Written Blocks":0,"Local Hit Blocks":0,"Local Read Blocks":0,"Local Dirtied Blocks":0,"Local Written Blocks":0,"Temp Read Blocks":0,"Temp Written Blocks":0,"I/O Read Time":0.0,"I/O Write Time":0.0,"Temp I/O Read Time":0.0,"Temp I/O Write Time":0.0},{"Node Type":"Hash","Parent Relationship":"Inner","Parallel Aware":false,"Async Capable":false,"Startup Cost":1.06,"Total Cost":1.06,"Plan Rows":1,"Plan Width":4,"Actual Startup Time":0.009,"Actual Total Time":0.01,"Actual Rows":1,"Actual Loops":1,"Output":["region.r_regionkey"],"Hash Buckets":1024,"Original Hash Buckets":1024,"Hash Batches":1,"Original Hash Batches":1,"Peak Memory Usage":9,"Shared Hit Blocks":1,"Shared Read Blocks":0,"Shared Dirtied Blocks":0,"Shared Written Blocks":0,"Local Hit Blocks":0,"Local Read Blocks":0,"Local Dirtied Blocks":0,"Local Written Blocks":0,"Temp Read Blocks":0,"Temp Written Blocks":0,"I/O Read Time":0.0,"I/O Write Time":0.0,"Temp I/O Read Time":0.0,"Temp I/O Write Time":0.0,"Plans":[{"Node Type":"Seq Scan","Parent Relationship":"Outer","Parallel Aware":false,"Async Capable":false,"Relation Name":"region","Schema":"public","Alias":"region","Startup Cost":0.0,"Total Cost":1.06,"Plan Rows":1,"Plan Width":4,"Actual Startup Time":0.007,"Actual Total Time":0.007,"Actual Rows":1,"Actual Loops":1,"Output":["region.r_regionkey"],"Filter":"((region.r_name)::text = 'Europe'::text)","Rows Removed by Filter":4,"Shared Hit Blocks":1,"Shared Read Blocks":0,"Shared Dirtied Blocks":0,"Shared Written Blocks":0,"Local Hit Blocks":0,"Local Read Blocks":0,"Local Dirtied Blocks":0,"Local Written Blocks":0,"Temp Read Blocks":0,"Temp Written Blocks":0,"I/O Read Time":0.0,"I/O Write Time":0.0,"Temp I/O Read Time":0.0,"Temp I/O Write Time":0.0}]}]}]}]}]},{"Node Type":"Index Only Scan","Parent Relationship":"Inner","Parallel Aware":false,"Async Capable":false,"Scan Direction":"Forward","Index Name":"stock_pk","Relation Name":"stock","Schema":"public","Alias":"stock","Startup Cost":0.44,"Total Cost":519363.62,"Plan Rows":20000212,"Plan Width":6,"Actual Startup Time":0.053,"Actual Total Time":1397.693,"Actual Rows":19999994,"Actual Loops":1,"Output":["stock.s_w_id","stock.s_i_id"],"Heap Fetches":0,"Shared Hit Blocks":54673,"Shared Read Blocks":0,"Shared Dirtied Blocks":0,"Shared Written Blocks":0,"Local Hit Blocks":0,"Local Read Blocks":0,"Local Dirtied Blocks":0,"Local Written Blocks":0,"Temp Read Blocks":0,"Temp Written Blocks":0,"I/O Read Time":0.0,"I/O Write Time":0.0,"Temp I/O Read Time":0.0,"Temp I/O Write Time":0.0}]},{"Node Type":"Hash","Parent Relationship":"Inner","Parallel Aware":false,"Async Capable":false,"Startup Cost":219.01,"Total Cost":219.01,"Plan Rows":10001,"Plan Width":8,"Actual Startup Time":3.092,"Actual Total Time":3.094,"Actual Rows":10000,"Actual Loops":1,"Output":["supplier.su_suppkey","supplier.su_nationkey"],"Hash Buckets":16384,"Original Hash Buckets":16384,"Hash Batches":1,"Original Hash Batches":1,"Peak Memory Usage":519,"Shared Hit Blocks":0,"Shared Read Blocks":0,"Shared Dirtied Blocks":0,"Shared Written Blocks":0,"Local Hit Blocks":0,"Local Read Blocks":0,"Local Dirtied Blocks":0,"Local Written Blocks":0,"Temp Read Blocks":0,"Temp Written Blocks":0,"I/O Read Time":0.0,"I/O Write Time":0.0,"Temp I/O Read Time":0.0,"Temp I/O Write Time":0.0,"Plans":[{"Node Type":"Append","Parent Relationship":"Outer","Parallel Aware":false,"Async Capable":false,"Startup Cost":20.0,"Total Cost":219.01,"Plan Rows":10001,"Plan Width":8,"Actual Startup Time":0.013,"Actual Total Time":1.778,"Actual Rows":10000,"Actual Loops":1,"Shared Hit Blocks":0,"Shared Read Blocks":0,"Shared Dirtied Blocks":0,"Shared Written Blocks":0,"Local Hit Blocks":0,"Local Read Blocks":0,"Local Dirtied Blocks":0,"Local Written Blocks":0,"Temp Read Blocks":0,"Temp Written Blocks":0,"I/O Read Time":0.0,"I/O Write Time":0.0,"Temp I/O Read Time":0.0,"Temp I/O Write Time":0.0,"Subplans Removed":0,"Plans":[{"Node Type":"Custom Scan","Parent Relationship":"Member","Custom Plan Provider":"columnar scan","Parallel Aware":false,"Async Capable":false,"Relation Name":"supplier","Schema":"public","Alias":"supplier","Startup Cost":20.0,"Total Cost":215.0,"Plan Rows":10000,"Plan Width":8,"Actual Startup Time":0.012,"Actual Total Time":1.076,"Actual Rows":10000,"Actual Loops":1,"Output":["supplier.su_suppkey","supplier.su_nationkey"],"Rows Removed by Columnar Filter":0,"Columnar cache search mode":"native","Shared Hit Blocks":0,"Shared Read Blocks":0,"Shared Dirtied Blocks":0,"Shared Written Blocks":0,"Local Hit Blocks":0,"Local Read Blocks":0,"Local Dirtied Blocks":0,"Local Written Blocks":0,"Temp Read Blocks":0,"Temp Written Blocks":0,"I/O Read Time":0.0,"I/O Write Time":0.0,"Temp I/O Read Time":0.0,"Temp I/O Write Time":0.0},{"Node Type":"Seq Scan","Parent Relationship":"Member","Parallel Aware":false,"Async Capable":false,"Relation Name":"supplier","Schema":"public","Alias":"supplier","Startup Cost":0.0,"Total Cost":4.01,"Plan Rows":1,"Plan Width":8,"Actual Startup Time":0.0,"Actual Total Time":0.0,"Actual Rows":0,"Actual Loops":0,"Output":["supplier.su_suppkey","supplier.su_nationkey"],"Shared Hit Blocks":0,"Shared Read Blocks":0,"Shared Dirtied Blocks":0,"Shared Written Blocks":0,"Local Hit Blocks":0,"Local Read Blocks":0,"Local Dirtied Blocks":0,"Local Written Blocks":0,"Temp Read Blocks":0,"Temp Written Blocks":0,"I/O Read Time":0.0,"I/O Write Time":0.0,"Temp I/O Read Time":0.0,"Temp I/O Write Time":0.0}]}]}]}]}]}]},"Planning":{"Shared Hit Blocks":220,"Shared Read Blocks":0,"Shared Dirtied Blocks":0,"Shared Written Blocks":0,"Local Hit Blocks":0,"Local Read Blocks":0,"Local Dirtied Blocks":0,"Local Written Blocks":0,"Temp Read Blocks":0,"Temp Written Blocks":0,"I/O Read Time":0.0,"I/O Write Time":0.0,"Temp I/O Read Time":0.0,"Temp I/O Write Time":0.0},"Planning Time":5.009,"Triggers":[],"Execution Time":21441.113}]
[列存组合]: order_line, stock, supplier
[{"Plan":{"Node Type":"Sort","Parallel Aware":false,"Async Capable":false,"Startup Cost":2401622.45,"Total Cost":2401622.6,"Plan Rows":62,"Plan Width":40,"Actual Startup Time":11473.777,"Actual Total Time":11473.818,"Actual Rows":11,"Actual Loops":1,"Output":["nation.n_name","(sum(order_line.ol_amount))"],"Sort Key":["(sum(order_line.ol_amount)) DESC"],"Sort Method":"quicksort","Sort Space Used":25,"Sort Space Type":"Memory","Shared Hit Blocks":504114,"Shared Read Blocks":0,"Shared Dirtied Blocks":0,"Shared Written Blocks":0,"Local Hit Blocks":0,"Local Read Blocks":0,"Local Dirtied Blocks":0,"Local Written Blocks":0,"Temp Read Blocks":67001,"Temp Written Blocks":67001,"I/O Read Time":0.0,"I/O Write Time":0.0,"Temp I/O Read Time":104.628,"Temp I/O Write Time":317.473,"Plans":[{"Node Type":"Aggregate","Strategy":"Sorted","Partial Mode":"Simple","Parent Relationship":"Outer","Parallel Aware":false,"Async Capable":false,"Startup Cost":2401468.81,"Total Cost":2401620.6,"Plan Rows":62,"Plan Width":40,"Actual Startup Time":11467.147,"Actual Total Time":11473.8,"Actual Rows":11,"Actual Loops":1,"Output":["nation.n_name","sum(order_line.ol_amount)"],"Group Key":["nation.n_name"],"Shared Hit Blocks":504114,"Shared Read Blocks":0,"Shared Dirtied Blocks":0,"Shared Written Blocks":0,"Local Hit Blocks":0,"Local Read Blocks":0,"Local Dirtied Blocks":0,"Local Written Blocks":0,"Temp Read Blocks":67001,"Temp Written Blocks":67001,"I/O Read Time":0.0,"I/O Write Time":0.0,"Temp I/O Read Time":104.628,"Temp I/O Write Time":317.473,"Plans":[{"Node Type":"Sort","Parent Relationship":"Outer","Parallel Aware":false,"Async Capable":false,"Startup Cost":2401468.81,"Total Cost":2401519.15,"Plan Rows":20136,"Plan Width":12,"Actual Startup Time":11466.707,"Actual Total Time":11469.058,"Actual Rows":35044,"Actual Loops":1,"Output":["nation.n_name","order_line.ol_amount"],"Sort Key":["nation.n_name"],"Sort Method":"quicksort","Sort Space Used":3146,"Sort Space Type":"Memory","Shared Hit Blocks":504114,"Shared Read Blocks":0,"Shared Dirtied Blocks":0,"Shared Written Blocks":0,"Local Hit Blocks":0,"Local Read Blocks":0,"Local Dirtied Blocks":0,"Local Written Blocks":0,"Temp Read Blocks":67001,"Temp Written Blocks":67001,"I/O Read Time":0.0,"I/O Write Time":0.0,"Temp I/O Read Time":104.628,"Temp I/O Write Time":317.473,"Plans":[{"Node Type":"Hash Join","Parent Relationship":"Outer","Parallel Aware":false,"Async Capable":false,"Join Type":"Inner","Startup Cost":882020.46,"Total Cost":2400029.34,"Plan Rows":20136,"Plan Width":12,"Actual Startup Time":4776.376,"Actual Total Time":11449.938,"Actual Rows":35044,"Actual Loops":1,"Output":["nation.n_name","order_line.ol_amount"],"Hash Cond":"((orders.o_c_id = customer.c_id) AND (orders.o_w_id = customer.c_w_id) AND (orders.o_d_id = customer.c_d_id) AND (supplier.su_nationkey = customer.c_nationkey))","Shared Hit Blocks":504114,"Shared Read Blocks":0,"Shared Dirtied Blocks":0,"Shared Written Blocks":0,"Local Hit Blocks":0,"Local Read Blocks":0,"Local Dirtied Blocks":0,"Local Written Blocks":0,"Temp Read Blocks":67001,"Temp Written Blocks":67001,"I/O Read Time":0.0,"I/O Write Time":0.0,"Temp I/O Read Time":104.628,"Temp I/O Write Time":317.473,"Plans":[{"Node Type":"Hash Join","Parent Relationship":"Outer","Parallel Aware":false,"Async Capable":false,"Join Type":"Inner","Startup Cost":212728.26,"Total Cost":1668986.91,"Plan Rows":1242117,"Plan Width":34,"Actual Startup Time":1838.485,"Actual Total Time":7002.192,"Actual Rows":2982388,"Actual Loops":1,"Output":["orders.o_c_id","orders.o_w_id","orders.o_d_id","order_line.ol_amount","order_line.ol_w_id","order_line.ol_d_id","stock.s_w_id","supplier.su_nationkey","nation.n_name","nation.n_nationkey"],"Hash Cond":"((order_line.ol_w_id = orders.o_w_id) AND (order_line.ol_d_id = orders.o_d_id) AND (order_line.ol_o_id = orders.o_id))","Shared Hit Blocks":44124,"Shared Read Blocks":0,"Shared Dirtied Blocks":0,"Shared Written Blocks":0,"Local Hit Blocks":0,"Local Read Blocks":0,"Local Dirtied Blocks":0,"Local Written Blocks":0,"Temp Read Blocks":23127,"Temp Written Blocks":23127,"I/O Read Time":0.0,"I/O Write Time":0.0,"Temp I/O Read Time":36.464,"Temp I/O Write Time":107.336,"Plans":[{"Node Type":"Hash Join","Parent Relationship":"Outer","Parallel Aware":false,"Async Capable":false,"Join Type":"Inner","Startup Cost":58924.61,"Total Cost":1311895.2,"Plan Rows":8467814,"Plan Width":34,"Actual Startup Time":1198.644,"Actual Total Time":4770.413,"Actual Rows":3000322,"Actual Loops":1,"Output":["order_line.ol_amount","order_line.ol_o_id","order_line.ol_w_id","order_line.ol_d_id","stock.s_w_id","supplier.su_nationkey","nation.n_name","nation.n_nationkey"],"Hash Cond":"(mod((stock.s_w_id * stock.s_i_id), 10000) = supplier.su_suppkey)","Shared Hit Blocks":2,"Shared Read Blocks":0,"Shared Dirtied Blocks":0,"Shared Written Blocks":0,"Local Hit Blocks":0,"Local Read Blocks":0,"Local Dirtied Blocks":0,"Local Written Blocks":0,"Temp Read Blocks":0,"Temp Written Blocks":0,"I/O Read Time":0.0,"I/O Write Time":0.0,"Temp I/O Read Time":0.0,"Temp I/O Write Time":0.0,"Plans":[{"Node Type":"Hash Join","Parent Relationship":"Outer","Parallel Aware":false,"Async Capable":false,"Join Type":"Inner","Startup Cost":58620.59,"Total Cost":962293.85,"Plan Rows":42339072,"Plan Width":22,"Actual Startup Time":1196.056,"Actual Total Time":3368.158,"Actual Rows":8620885,"Actual Loops":1,"Output":["order_line.ol_amount","order_line.ol_o_id","order_line.ol_w_id","order_line.ol_d_id","stock.s_w_id","stock.s_i_id"],"Hash Cond":"((order_line.ol_w_id = stock.s_w_id) AND (order_line.ol_i_id = stock.s_i_id))","Rows Removed by Bloom Filter":0,"Shared Hit Blocks":0,"Shared Read Blocks":0,"Shared Dirtied Blocks":0,"Shared Written Blocks":0,"Local Hit Blocks":0,"Local Read Blocks":0,"Local Dirtied Blocks":0,"Local Written Blocks":0,"Temp Read Blocks":0,"Temp Written Blocks":0,"I/O Read Time":0.0,"I/O Write Time":0.0,"Temp I/O Read Time":0.0,"Temp I/O Write Time":0.0,"Plans":[{"Node Type":"Append","Parent Relationship":"Outer","Parallel Aware":false,"Async Capable":false,"Startup Cost":20.0,"Total Cost":1072031.01,"Plan Rows":42039468,"Plan Width":20,"Actual Startup Time":247.242,"Actual Total Time":247.257,"Actual Rows":8620885,"Actual Loops":1,"Shared Hit Blocks":0,"Shared Read Blocks":0,"Shared Dirtied Blocks":0,"Shared Written Blocks":0,"Local Hit Blocks":0,"Local Read Blocks":0,"Local Dirtied Blocks":0,"Local Written Blocks":0,"Temp Read Blocks":0,"Temp Written Blocks":0,"I/O Read Time":0.0,"I/O Write Time":0.0,"Temp I/O Read Time":0.0,"Temp I/O Write Time":0.0,"Subplans Removed":0,"Plans":[{"Node Type":"Custom Scan","Parent Relationship":"Member","Custom Plan Provider":"columnar scan","Parallel Aware":false,"Async Capable":false,"Relation Name":"order_line","Schema":"public","Alias":"order_line","Startup Cost":20.0,"Total Cost":1072026.23,"Plan Rows":42039424,"Plan Width":20,"Actual Startup Time":247.241,"Actual Total Time":247.242,"Actual Rows":8620885,"Actual Loops":1,"Output":["order_line.ol_amount","order_line.ol_o_id","order_line.ol_w_id","order_line.ol_d_id","order_line.ol_i_id"],"Filter":"(order_line.ol_delivery_d >= '1992-01-02 20:10:02.27764'::timestamp without time zone)","Rows Removed by Filter":0,"Rows Removed by Columnar Filter":51372876,"Rows Filtered by Bloom Filter":0,"Dictionary Rows Filtered by Bloom Filter":51372876,"Columnar cache search mode":"native","Shared Hit Blocks":0,"Shared Read Blocks":0,"Shared Dirtied Blocks":0,"Shared Written Blocks":0,"Local Hit Blocks":0,"Local Read Blocks":0,"Local Dirtied Blocks":0,"Local Written Blocks":0,"Temp Read Blocks":0,"Temp Written Blocks":0,"I/O Read Time":0.0,"I/O Write Time":0.0,"Temp I/O Read Time":0.0,"Temp I/O Write Time":0.0},{"Node Type":"Seq Scan","Parent Relationship":"Member","Parallel Aware":false,"Async Capable":false,"Relation Name":"order_line","Schema":"public","Alias":"order_line","Startup Cost":0.0,"Total Cost":4.79,"Plan Rows":44,"Plan Width":20,"Actual Startup Time":0.0,"Actual Total Time":0.0,"Actual Rows":0,"Actual Loops":0,"Output":["order_line.ol_amount","order_line.ol_o_id","order_line.ol_w_id","order_line.ol_d_id","order_line.ol_i_id"],"Filter":"(order_line.ol_delivery_d >= '1992-01-02 20:10:02.27764'::timestamp without time zone)","Rows Removed by Filter":0,"Shared Hit Blocks":0,"Shared Read Blocks":0,"Shared Dirtied Blocks":0,"Shared Written Blocks":0,"Local Hit Blocks":0,"Local Read Blocks":0,"Local Dirtied Blocks":0,"Local Written Blocks":0,"Temp Read Blocks":0,"Temp Written Blocks":0,"I/O Read Time":0.0,"I/O Write Time":0.0,"Temp I/O Read Time":0.0,"Temp I/O Write Time":0.0}]},{"Node Type":"Hash","Parent Relationship":"Inner","Parallel Aware":false,"Async Capable":false,"Startup Cost":390026.22,"Total Cost":390026.22,"Plan Rows":20000212,"Plan Width":6,"Actual Rows":20000000,"Actual Loops":1,"Output":["stock.s_w_id","stock.s_i_id"],"Shared Hit Blocks":0,"Shared Read Blocks":0,"Shared Dirtied Blocks":0,"Shared Written Blocks":0,"Local Hit Blocks":0,"Local Read Blocks":0,"Local Dirtied Blocks":0,"Local Written Blocks":0,"Temp Read Blocks":0,"Temp Written Blocks":0,"I/O Read Time":0.0,"I/O Write Time":0.0,"Temp I/O Read Time":0.0,"Temp I/O Write Time":0.0,"Plans":[{"Node Type":"Append","Parent Relationship":"Outer","Parallel Aware":false,"Async Capable":false,"Startup Cost":20.0,"Total Cost":390026.22,"Plan Rows":20000212,"Plan Width":6,"Actual Startup Time":0.449,"Actual Total Time":0.452,"Actual Rows":20000000,"Actual Loops":1,"Shared Hit Blocks":0,"Shared Read Blocks":0,"Shared Dirtied Blocks":0,"Shared Written Blocks":0,"Local Hit Blocks":0,"Local Read Blocks":0,"Local Dirtied Blocks":0,"Local Written Blocks":0,"Temp Read Blocks":0,"Temp Written Blocks":0,"I/O Read Time":0.0,"I/O Write Time":0.0,"Temp I/O Read Time":0.0,"Temp I/O Write Time":0.0,"Subplans Removed":0,"Plans":[{"Node Type":"Custom Scan","Parent Relationship":"Member","Custom Plan Provider":"columnar scan","Parallel Aware":false,"Async Capable":false,"Relation Name":"stock","Schema":"public","Alias":"stock","Startup Cost":20.0,"Total Cost":390020.1,"Plan Rows":20000000,"Plan Width":6,"Actual Startup Time":0.449,"Actual Total Time":0.449,"Actual Rows":20000000,"Actual Loops":1,"Output":["stock.s_w_id","stock.s_i_id"],"Rows Removed by Columnar Filter":0,"Columnar cache search mode":"native","Shared Hit Blocks":0,"Shared Read Blocks":0,"Shared Dirtied Blocks":0,"Shared Written Blocks":0,"Local Hit Blocks":0,"Local Read Blocks":0,"Local Dirtied Blocks":0,"Local Written Blocks":0,"Temp Read Blocks":0,"Temp Written Blocks":0,"I/O Read Time":0.0,"I/O Write Time":0.0,"Temp I/O Read Time":0.0,"Temp I/O Write Time":0.0},{"Node Type":"Seq Scan","Parent Relationship":"Member","Parallel Aware":false,"Async Capable":false,"Relation Name":"stock","Schema":"public","Alias":"stock","Startup Cost":0.0,"Total Cost":6.12,"Plan Rows":212,"Plan Width":6,"Actual Startup Time":0.0,"Actual Total Time":0.0,"Actual Rows":0,"Actual Loops":0,"Output":["stock.s_w_id","stock.s_i_id"],"Shared Hit Blocks":0,"Shared Read Blocks":0,"Shared Dirtied Blocks":0,"Shared Written Blocks":0,"Local Hit Blocks":0,"Local Read Blocks":0,"Local Dirtied Blocks":0,"Local Written Blocks":0,"Temp Read Blocks":0,"Temp Written Blocks":0,"I/O Read Time":0.0,"I/O Write Time":0.0,"Temp I/O Read Time":0.0,"Temp I/O Write Time":0.0}]}]}]},{"Node Type":"Hash","Parent Relationship":"Inner","Parallel Aware":false,"Async Capable":false,"Startup Cost":279.02,"Total Cost":279.02,"Plan Rows":2000,"Plan Width":20,"Actual Startup Time":2.557,"Actual Total Time":2.569,"Actual Rows":3506,"Actual Loops":1,"Output":["supplier.su_suppkey","supplier.su_nationkey","nation.n_name","nation.n_nationkey"],"Hash Buckets":4096,"Original Hash Buckets":2048,"Hash Batches":1,"Original Hash Batches":1,"Peak Memory Usage":217,"Shared Hit Blocks":2,"Shared Read Blocks":0,"Shared Dirtied Blocks":0,"Shared Written Blocks":0,"Local Hit Blocks":0,"Local Read Blocks":0,"Local Dirtied Blocks":0,"Local Written Blocks":0,"Temp Read Blocks":0,"Temp Written Blocks":0,"I/O Read Time":0.0,"I/O Write Time":0.0,"Temp I/O Read Time":0.0,"Temp I/O Write Time":0.0,"Plans":[{"Node Type":"Hash Join","Parent Relationship":"Outer","Parallel Aware":false,"Async Capable":false,"Join Type":"Inner","Startup Cost":23.14,"Total Cost":279.02,"Plan Rows":2000,"Plan Width":20,"Actual Startup Time":0.558,"Actual Total Time":1.985,"Actual Rows":3506,"Actual Loops":1,"Output":["supplier.su_suppkey","supplier.su_nationkey","nation.n_name","nation.n_nationkey"],"Hash Cond":"(supplier.su_nationkey = nation.n_nationkey)","Shared Hit Blocks":2,"Shared Read Blocks":0,"Shared Dirtied Blocks":0,"Shared Written Blocks":0,"Local Hit Blocks":0,"Local Read Blocks":0,"Local Dirtied Blocks":0,"Local Written Blocks":0,"Temp Read Blocks":0,"Temp Written Blocks":0,"I/O Read Time":0.0,"I/O Write Time":0.0,"Temp I/O Read Time":0.0,"Temp I/O Write Time":0.0,"Plans":[{"Node Type":"Append","Parent Relationship":"Outer","Parallel Aware":false,"Async Capable":false,"Startup Cost":20.0,"Total Cost":219.01,"Plan Rows":10001,"Plan Width":8,"Actual Startup Time":0.108,"Actual Total Time":0.878,"Actual Rows":3506,"Actual Loops":1,"Shared Hit Blocks":0,"Shared Read Blocks":0,"Shared Dirtied Blocks":0,"Shared Written Blocks":0,"Local Hit Blocks":0,"Local Read Blocks":0,"Local Dirtied Blocks":0,"Local Written Blocks":0,"Temp Read Blocks":0,"Temp Written Blocks":0,"I/O Read Time":0.0,"I/O Write Time":0.0,"Temp I/O Read Time":0.0,"Temp I/O Write Time":0.0,"Subplans Removed":0,"Plans":[{"Node Type":"Custom Scan","Parent Relationship":"Member","Custom Plan Provider":"columnar scan","Parallel Aware":false,"Async Capable":false,"Relation Name":"supplier","Schema":"public","Alias":"supplier","Startup Cost":20.0,"Total Cost":215.0,"Plan Rows":10000,"Plan Width":8,"Actual Startup Time":0.107,"Actual Total Time":0.621,"Actual Rows":3506,"Actual Loops":1,"Output":["supplier.su_suppkey","supplier.su_nationkey"],"Rows Removed by Columnar Filter":6494,"Rows Filtered by Bloom Filter":0,"Dictionary Rows Filtered by Bloom Filter":6494,"Columnar cache search mode":"native","Shared Hit Blocks":0,"Shared Read Blocks":0,"Shared Dirtied Blocks":0,"Shared Written Blocks":0,"Local Hit Blocks":0,"Local Read Blocks":0,"Local Dirtied Blocks":0,"Local Written Blocks":0,"Temp Read Blocks":0,"Temp Written Blocks":0,"I/O Read Time":0.0,"I/O Write Time":0.0,"Temp I/O Read Time":0.0,"Temp I/O Write Time":0.0},{"Node Type":"Seq Scan","Parent Relationship":"Member","Parallel Aware":false,"Async Capable":false,"Relation Name":"supplier","Schema":"public","Alias":"supplier","Startup Cost":0.0,"Total Cost":4.01,"Plan Rows":1,"Plan Width":8,"Actual Startup Time":0.0,"Actual Total Time":0.0,"Actual Rows":0,"Actual Loops":0,"Output":["supplier.su_suppkey","supplier.su_nationkey"],"Shared Hit Blocks":0,"Shared Read Blocks":0,"Shared Dirtied Blocks":0,"Shared Written Blocks":0,"Local Hit Blocks":0,"Local Read Blocks":0,"Local Dirtied Blocks":0,"Local Written Blocks":0,"Temp Read Blocks":0,"Temp Written Blocks":0,"I/O Read Time":0.0,"I/O Write Time":0.0,"Temp I/O Read Time":0.0,"Temp I/O Write Time":0.0}]},{"Node Type":"Hash","Parent Relationship":"Inner","Parallel Aware":false,"Async Capable":false,"Startup Cost":2.99,"Total Cost":2.99,"Plan Rows":12,"Plan Width":12,"Actual Startup Time":0.055,"Actual Total Time":0.06,"Actual Rows":22,"Actual Loops":1,"Output":["nation.n_name","nation.n_nationkey"],"Hash Buckets":1024,"Original Hash Buckets":1024,"Hash Batches":1,"Original Hash Batches":1,"Peak Memory Usage":9,"Shared Hit Blocks":2,"Shared Read Blocks":0,"Shared Dirtied Blocks":0,"Shared Written Blocks":0,"Local Hit Blocks":0,"Local Read Blocks":0,"Local Dirtied Blocks":0,"Local Written Blocks":0,"Temp Read Blocks":0,"Temp Written Blocks":0,"I/O Read Time":0.0,"I/O Write Time":0.0,"Temp I/O Read Time":0.0,"Temp I/O Write Time":0.0,"Plans":[{"Node Type":"Hash Join","Parent Relationship":"Outer","Parallel Aware":false,"Async Capable":false,"Join Type":"Inner","Startup Cost":1.07,"Total Cost":2.99,"Plan Rows":12,"Plan Width":12,"Actual Startup Time":0.034,"Actual Total Time":0.051,"Actual Rows":22,"Actual Loops":1,"Output":["nation.n_name","nation.n_nationkey"],"Hash Cond":"(nation.n_regionkey = region.r_regionkey)","Shared Hit Blocks":2,"Shared Read Blocks":0,"Shared Dirtied Blocks":0,"Shared Written Blocks":0,"Local Hit Blocks":0,"Local Read Blocks":0,"Local Dirtied Blocks":0,"Local Written Blocks":0,"Temp Read Blocks":0,"Temp Written Blocks":0,"I/O Read Time":0.0,"I/O Write Time":0.0,"Temp I/O Read Time":0.0,"Temp I/O Write Time":0.0,"Plans":[{"Node Type":"Seq Scan","Parent Relationship":"Outer","Parallel Aware":false,"Async Capable":false,"Relation Name":"nation","Schema":"public","Alias":"nation","Startup Cost":0.0,"Total Cost":1.62,"Plan Rows":62,"Plan Width":16,"Actual Startup Time":0.011,"Actual Total Time":0.014,"Actual Rows":62,"Actual Loops":1,"Output":["nation.n_nationkey","nation.n_name","nation.n_regionkey","nation.n_comment"],"Shared Hit Blocks":1,"Shared Read Blocks":0,"Shared Dirtied Blocks":0,"Shared Written Blocks":0,"Local Hit Blocks":0,"Local Read Blocks":0,"Local Dirtied Blocks":0,"Local Written Blocks":0,"Temp Read Blocks":0,"Temp Written Blocks":0,"I/O Read Time":0.0,"I/O Write Time":0.0,"Temp I/O Read Time":0.0,"Temp I/O Write Time":0.0},{"Node Type":"Hash","Parent Relationship":"Inner","Parallel Aware":false,"Async Capable":false,"Startup Cost":1.06,"Total Cost":1.06,"Plan Rows":1,"Plan Width":4,"Actual Startup Time":0.01,"Actual Total Time":0.012,"Actual Rows":1,"Actual Loops":1,"Output":["region.r_regionkey"],"Hash Buckets":1024,"Original Hash Buckets":1024,"Hash Batches":1,"Original Hash Batches":1,"Peak Memory Usage":9,"Shared Hit Blocks":1,"Shared Read Blocks":0,"Shared Dirtied Blocks":0,"Shared Written Blocks":0,"Local Hit Blocks":0,"Local Read Blocks":0,"Local Dirtied Blocks":0,"Local Written Blocks":0,"Temp Read Blocks":0,"Temp Written Blocks":0,"I/O Read Time":0.0,"I/O Write Time":0.0,"Temp I/O Read Time":0.0,"Temp I/O Write Time":0.0,"Plans":[{"Node Type":"Seq Scan","Parent Relationship":"Outer","Parallel Aware":false,"Async Capable":false,"Relation Name":"region","Schema":"public","Alias":"region","Startup Cost":0.0,"Total Cost":1.06,"Plan Rows":1,"Plan Width":4,"Actual Startup Time":0.007,"Actual Total Time":0.007,"Actual Rows":1,"Actual Loops":1,"Output":["region.r_regionkey"],"Filter":"((region.r_name)::text = 'Europe'::text)","Rows Removed by Filter":4,"Shared Hit Blocks":1,"Shared Read Blocks":0,"Shared Dirtied Blocks":0,"Shared Written Blocks":0,"Local Hit Blocks":0,"Local Read Blocks":0,"Local Dirtied Blocks":0,"Local Written Blocks":0,"Temp Read Blocks":0,"Temp Written Blocks":0,"I/O Read Time":0.0,"I/O Write Time":0.0,"Temp I/O Read Time":0.0,"Temp I/O Write Time":0.0}]}]}]}]}]}]},{"Node Type":"Hash","Parent Relationship":"Inner","Parallel Aware":false,"Async Capable":false,"Startup Cost":134121.52,"Total Cost":134121.52,"Plan Rows":879322,"Plan Width":16,"Actual Startup Time":638.451,"Actual Total Time":638.452,"Actual Rows":856801,"Actual Loops":1,"Output":["orders.o_c_id","orders.o_w_id","orders.o_d_id","orders.o_id"],"Hash Buckets":262144,"Original Hash Buckets":262144,"Hash Batches":8,"Original Hash Batches":8,"Peak Memory Usage":7070,"Shared Hit Blocks":44122,"Shared Read Blocks":0,"Shared Dirtied Blocks":0,"Shared Written Blocks":0,"Local Hit Blocks":0,"Local Read Blocks":0,"Local Dirtied Blocks":0,"Local Written Blocks":0,"Temp Read Blocks":0,"Temp Written Blocks":3290,"I/O Read Time":0.0,"I/O Write Time":0.0,"Temp I/O Read Time":0.0,"Temp I/O Write Time":15.321,"Plans":[{"Node Type":"Seq Scan","Parent Relationship":"Outer","Parallel Aware":false,"Async Capable":false,"Relation Name":"orders","Schema":"public","Alias":"orders","Startup Cost":0.0,"Total Cost":134121.52,"Plan Rows":879322,"Plan Width":16,"Actual Startup Time":0.611,"Actual Total Time":440.609,"Actual Rows":856801,"Actual Loops":1,"Output":["orders.o_c_id","orders.o_w_id","orders.o_d_id","orders.o_id"],"Filter":"((orders.o_entry_d >= '1993-01-02 20:10:02.27764'::timestamp without time zone) AND (orders.o_entry_d < '1994-01-02 20:10:02.27764'::timestamp without time zone))","Rows Removed by Filter":5143199,"Shared Hit Blocks":44122,"Shared Read Blocks":0,"Shared Dirtied Blocks":0,"Shared Written Blocks":0,"Local Hit Blocks":0,"Local Read Blocks":0,"Local Dirtied Blocks":0,"Local Written Blocks":0,"Temp Read Blocks":0,"Temp Written Blocks":0,"I/O Read Time":0.0,"I/O Write Time":0.0,"Temp I/O Read Time":0.0,"Temp I/O Write Time":0.0}]}]},{"Node Type":"Hash","Parent Relationship":"Inner","Parallel Aware":false,"Async Capable":false,"Startup Cost":519991.4,"Total Cost":519991.4,"Plan Rows":6000140,"Plan Width":12,"Actual Startup Time":2833.7,"Actual Total Time":2833.701,"Actual Rows":6000000,"Actual Loops":1,"Output":["customer.c_id","customer.c_w_id","customer.c_d_id","customer.c_nationkey"],"Hash Buckets":262144,"Original Hash Buckets":262144,"Hash Batches":64,"Original Hash Batches":64,"Peak Memory Usage":6083,"Shared Hit Blocks":459990,"Shared Read Blocks":0,"Shared Dirtied Blocks":0,"Shared Written Blocks":0,"Local Hit Blocks":0,"Local Read Blocks":0,"Local Dirtied Blocks":0,"Local Written Blocks":0,"Temp Read Blocks":0,"Temp Written Blocks":23035,"I/O Read Time":0.0,"I/O Write Time":0.0,"Temp I/O Read Time":0.0,"Temp I/O Write Time":112.569,"Plans":[{"Node Type":"Seq Scan","Parent Relationship":"Outer","Parallel Aware":false,"Async Capable":false,"Relation Name":"customer","Schema":"public","Alias":"customer","Startup Cost":0.0,"Total Cost":519991.4,"Plan Rows":6000140,"Plan Width":12,"Actual Startup Time":0.016,"Actual Total Time":1783.979,"Actual Rows":6000000,"Actual Loops":1,"Output":["customer.c_id","customer.c_w_id","customer.c_d_id","customer.c_nationkey"],"Shared Hit Blocks":459990,"Shared Read Blocks":0,"Shared Dirtied Blocks":0,"Shared Written Blocks":0,"Local Hit Blocks":0,"Local Read Blocks":0,"Local Dirtied Blocks":0,"Local Written Blocks":0,"Temp Read Blocks":0,"Temp Written Blocks":0,"I/O Read Time":0.0,"I/O Write Time":0.0,"Temp I/O Read Time":0.0,"Temp I/O Write Time":0.0}]}]}]}]}]},"Planning":{"Shared Hit Blocks":220,"Shared Read Blocks":0,"Shared Dirtied Blocks":0,"Shared Written Blocks":0,"Local Hit Blocks":0,"Local Read Blocks":0,"Local Dirtied Blocks":0,"Local Written Blocks":0,"Temp Read Blocks":0,"Temp Written Blocks":0,"I/O Read Time":0.0,"I/O Write Time":0.0,"Temp I/O Read Time":0.0,"Temp I/O Write Time":0.0},"Planning Time":5.745,"Triggers":[],"Execution Time":11474.945}]
[列存组合]: orders, region, stock
[{"Plan":{"Node Type":"Sort","Parallel Aware":false,"Async Capable":false,"Startup Cost":4083746.0,"Total Cost":4083746.16,"Plan Rows":62,"Plan Width":40,"Actual Startup Time":35204.565,"Actual Total Time":35204.594,"Actual Rows":11,"Actual Loops":1,"Output":["nation.n_name","(sum(order_line.ol_amount))"],"Sort Key":["(sum(order_line.ol_amount)) DESC"],"Sort Method":"quicksort","Sort Space Used":25,"Sort Space Type":"Memory","Shared Hit Blocks":1196630,"Shared Read Blocks":0,"Shared Dirtied Blocks":0,"Shared Written Blocks":0,"Local Hit Blocks":0,"Local Read Blocks":0,"Local Dirtied Blocks":0,"Local Written Blocks":0,"Temp Read Blocks":288611,"Temp Written Blocks":288665,"I/O Read Time":0.0,"I/O Write Time":0.0,"Temp I/O Read Time":453.76,"Temp I/O Write Time":1181.648,"Plans":[{"Node Type":"Aggregate","Strategy":"Sorted","Partial Mode":"Simple","Parent Relationship":"Outer","Parallel Aware":false,"Async Capable":false,"Startup Cost":4083592.36,"Total Cost":4083744.16,"Plan Rows":62,"Plan Width":40,"Actual Startup Time":35198.594,"Actual Total Time":35204.576,"Actual Rows":11,"Actual Loops":1,"Output":["nation.n_name","sum(order_line.ol_amount)"],"Group Key":["nation.n_name"],"Shared Hit Blocks":1196630,"Shared Read Blocks":0,"Shared Dirtied Blocks":0,"Shared Written Blocks":0,"Local Hit Blocks":0,"Local Read Blocks":0,"Local Dirtied Blocks":0,"Local Written Blocks":0,"Temp Read Blocks":288611,"Temp Written Blocks":288665,"I/O Read Time":0.0,"I/O Write Time":0.0,"Temp I/O Read Time":453.76,"Temp I/O Write Time":1181.648,"Plans":[{"Node Type":"Sort","Parent Relationship":"Outer","Parallel Aware":false,"Async Capable":false,"Startup Cost":4083592.36,"Total Cost":4083642.7,"Plan Rows":20136,"Plan Width":12,"Actual Startup Time":35198.156,"Actual Total Time":35199.974,"Actual Rows":35044,"Actual Loops":1,"Output":["nation.n_name","order_line.ol_amount"],"Sort Key":["nation.n_name"],"Sort Method":"quicksort","Sort Space Used":3146,"Sort Space Type":"Memory","Shared Hit Blocks":1196630,"Shared Read Blocks":0,"Shared Dirtied Blocks":0,"Shared Written Blocks":0,"Local Hit Blocks":0,"Local Read Blocks":0,"Local Dirtied Blocks":0,"Local Written Blocks":0,"Temp Read Blocks":288611,"Temp Written Blocks":288665,"I/O Read Time":0.0,"I/O Write Time":0.0,"Temp I/O Read Time":453.76,"Temp I/O Write Time":1181.648,"Plans":[{"Node Type":"Hash Join","Parent Relationship":"Outer","Parallel Aware":false,"Async Capable":false,"Join Type":"Inner","Startup Cost":3434284.91,"Total Cost":4082152.89,"Plan Rows":20136,"Plan Width":12,"Actual Startup Time":31255.853,"Actual Total Time":35179.04,"Actual Rows":35044,"Actual Loops":1,"Output":["nation.n_name","order_line.ol_amount"],"Inner Unique":true,"Hash Cond":"((mod((stock.s_w_id * stock.s_i_id), 10000) = supplier.su_suppkey) AND (customer.c_nationkey = supplier.su_nationkey))","Shared Hit Blocks":1196630,"Shared Read Blocks":0,"Shared Dirtied Blocks":0,"Shared Written Blocks":0,"Local Hit Blocks":0,"Local Read Blocks":0,"Local Dirtied Blocks":0,"Local Written Blocks":0,"Temp Read Blocks":288611,"Temp Written Blocks":288665,"I/O Read Time":0.0,"I/O Write Time":0.0,"Temp I/O Read Time":453.76,"Temp I/O Write Time":1181.648,"Plans":[{"Node Type":"Merge Join","Parent Relationship":"Outer","Parallel Aware":false,"Async Capable":false,"Join Type":"Inner","Startup Cost":3433817.91,"Total Cost":4074850.92,"Plan Rows":1242717,"Plan Width":26,"Actual Startup Time":31252.795,"Actual Total Time":34897.712,"Actual Rows":2218175,"Actual Loops":1,"Output":["customer.c_nationkey","order_line.ol_amount","stock.s_w_id","stock.s_i_id","nation.n_name","nation.n_nationkey"],"Inner Unique":true,"Merge Cond":"((customer.c_w_id = stock.s_w_id) AND (order_line.ol_i_id = stock.s_i_id))","Shared Hit Blocks":1196413,"Shared Read Blocks":0,"Shared Dirtied Blocks":0,"Shared Written Blocks":0,"Local Hit Blocks":0,"Local Read Blocks":0,"Local Dirtied Blocks":0,"Local Written Blocks":0,"Temp Read Blocks":288611,"Temp Written Blocks":288665,"I/O Read Time":0.0,"I/O Write Time":0.0,"Temp I/O Read Time":453.76,"Temp I/O Write Time":1181.648,"Plans":[{"Node Type":"Sort","Parent Relationship":"Outer","Parallel Aware":false,"Async Capable":false,"Startup Cost":3433817.48,"Total Cost":3436898.01,"Plan Rows":1232214,"Plan Width":30,"Actual Startup Time":31252.731,"Actual Total Time":31847.209,"Actual Rows":2218175,"Actual Loops":1,"Output":["customer.c_w_id","customer.c_nationkey","orders.o_w_id","order_line.ol_amount","order_line.ol_w_id","order_line.ol_i_id","nation.n_name","nation.n_nationkey"],"Sort Key":["customer.c_w_id","order_line.ol_i_id"],"Sort Method":"external merge","Sort Space Used":94520,"Sort Space Type":"Disk","Shared Hit Blocks":1141740,"Shared Read Blocks":0,"Shared Dirtied Blocks":0,"Shared Written Blocks":0,"Local Hit Blocks":0,"Local Read Blocks":0,"Local Dirtied Blocks":0,"Local Written Blocks":0,"Temp Read Blocks":288611,"Temp Written Blocks":288665,"I/O Read Time":0.0,"I/O Write Time":0.0,"Temp I/O Read Time":453.76,"Temp I/O Write Time":1181.648,"Plans":[{"Node Type":"Hash Join","Parent Relationship":"Outer","Parallel Aware":false,"Async Capable":false,"Join Type":"Inner","Startup Cost":805468.83,"Total Cost":3250193.65,"Plan Rows":1232214,"Plan Width":30,"Actual Startup Time":3209.548,"Actual Total Time":28410.979,"Actual Rows":2218175,"Actual Loops":1,"Output":["customer.c_w_id","customer.c_nationkey","orders.o_w_id","order_line.ol_amount","order_line.ol_w_id","order_line.ol_i_id","nation.n_name","nation.n_nationkey"],"Inner Unique":false,"Hash Cond":"(customer.c_nationkey = nation.n_nationkey)","Shared Hit Blocks":1141740,"Shared Read Blocks":0,"Shared Dirtied Blocks":0,"Shared Written Blocks":0,"Local Hit Blocks":0,"Local Read Blocks":0,"Local Dirtied Blocks":0,"Local Written Blocks":0,"Temp Read Blocks":264991,"Temp Written Blocks":264991,"I/O Read Time":0.0,"I/O Write Time":0.0,"Temp I/O Read Time":419.296,"Temp I/O Write Time":1113.252,"Plans":[{"Node Type":"Hash Join","Parent Relationship":"Outer","Parallel Aware":false,"Async Capable":false,"Join Type":"Inner","Startup Cost":805465.69,"Total Cost":3215161.84,"Plan Rows":6161071,"Plan Width":18,"Actual Startup Time":3201.759,"Actual Total Time":27468.791,"Actual Rows":8568663,"Actual Loops":1,"Output":["customer.c_w_id","customer.c_nationkey","orders.o_w_id","order_line.ol_amount","order_line.ol_w_id","order_line.ol_i_id"],"Inner Unique":true,"Hash Cond":"((orders.o_c_id = customer.c_id) AND (orders.o_w_id = customer.c_w_id) AND (orders.o_d_id = customer.c_d_id))","Shared Hit Blocks":1141738,"Shared Read Blocks":0,"Shared Dirtied Blocks":0,"Shared Written Blocks":0,"Local Hit Blocks":0,"Local Read Blocks":0,"Local Dirtied Blocks":0,"Local Written Blocks":0,"Temp Read Blocks":264991,"Temp Written Blocks":264991,"I/O Read Time":0.0,"I/O Write Time":0.0,"Temp I/O Read Time":419.296,"Temp I/O Write Time":1113.252,"Plans":[{"Node Type":"Hash Join","Parent Relationship":"Outer","Parallel Aware":false,"Async Capable":false,"Join Type":"Inner","Startup Cost":151173.84,"Total Cost":2410851.54,"Plan Rows":6161071,"Plan Width":20,"Actual Startup Time":388.16,"Actual Total Time":19995.744,"Actual Rows":8568663,"Actual Loops":1,"Output":["orders.o_c_id","orders.o_w_id","orders.o_d_id","order_line.ol_amount","order_line.ol_w_id","order_line.ol_d_id","order_line.ol_i_id"],"Inner Unique":true,"Hash Cond":"((order_line.ol_w_id = orders.o_w_id) AND (order_line.ol_d_id = orders.o_d_id) AND (order_line.ol_o_id = orders.o_id))","Shared Hit Blocks":681748,"Shared Read Blocks":0,"Shared Dirtied Blocks":0,"Shared Written Blocks":0,"Local Hit Blocks":0,"Local Read Blocks":0,"Local Dirtied Blocks":0,"Local Written Blocks":0,"Temp Read Blocks":200672,"Temp Written Blocks":200672,"I/O Read Time":0.0,"I/O Write Time":0.0,"Temp I/O Read Time":302.661,"Temp I/O Write Time":800.932,"Plans":[{"Node Type":"Seq Scan","Parent Relationship":"Outer","Parallel Aware":false,"Async Capable":false,"Relation Name":"order_line","Schema":"public","Alias":"order_line","Startup Cost":0.0,"Total Cost":1431670.8,"Plan Rows":42039468,"Plan Width":20,"Actual Startup Time":0.007,"Actual Total Time":7381.216,"Actual Rows":42000489,"Actual Loops":1,"Output":["order_line.ol_amount","order_line.ol_o_id","order_line.ol_w_id","order_line.ol_d_id","order_line.ol_i_id"],"Filter":"(order_line.ol_delivery_d >= '1992-01-02 20:10:02.27764'::timestamp without time zone)","Rows Removed by Filter":17993272,"Shared Hit Blocks":681748,"Shared Read Blocks":0,"Shared Dirtied Blocks":0,"Shared Written Blocks":0,"Local Hit Blocks":0,"Local Read Blocks":0,"Local Dirtied Blocks":0,"Local Written Blocks":0,"Temp Read Blocks":0,"Temp Written Blocks":0,"I/O Read Time":0.0,"I/O Write Time":0.0,"Temp I/O Read Time":0.0,"Temp I/O Write Time":0.0},{"Node Type":"Hash","Parent Relationship":"Inner","Parallel Aware":false,"Async Capable":false,"Startup Cost":131491.69,"Total Cost":131491.69,"Plan Rows":879323,"Plan Width":16,"Actual Startup Time":353.214,"Actual Total Time":353.225,"Actual Rows":856801,"Actual Loops":1,"Output":["orders.o_c_id","orders.o_w_id","orders.o_d_id","orders.o_id"],"Hash Buckets":262144,"Original Hash Buckets":262144,"Hash Batches":8,"Original Hash Batches":8,"Peak Memory Usage":7070,"Shared Hit Blocks":0,"Shared Read Blocks":0,"Shared Dirtied Blocks":0,"Shared Written Blocks":0,"Local Hit Blocks":0,"Local Read Blocks":0,"Local Dirtied Blocks":0,"Local Written Blocks":0,"Temp Read Blocks":0,"Temp Written Blocks":3290,"I/O Read Time":0.0,"I/O Write Time":0.0,"Temp I/O Read Time":0.0,"Temp I/O Write Time":14.375,"Plans":[{"Node Type":"Append","Parent Relationship":"Outer","Parallel Aware":false,"Async Capable":false,"Startup Cost":20.0,"Total Cost":131491.69,"Plan Rows":879323,"Plan Width":16,"Actual Startup Time":0.672,"Actual Total Time":201.674,"Actual Rows":856801,"Actual Loops":1,"Shared Hit Blocks":0,"Shared Read Blocks":0,"Shared Dirtied Blocks":0,"Shared Written Blocks":0,"Local Hit Blocks":0,"Local Read Blocks":0,"Local Dirtied Blocks":0,"Local Written Blocks":0,"Temp Read Blocks":0,"Temp Written Blocks":0,"I/O Read Time":0.0,"I/O Write Time":0.0,"Temp I/O Read Time":0.0,"Temp I/O Write Time":0.0,"Subplans Removed":0,"Plans":[{"Node Type":"Custom Scan","Parent Relationship":"Member","Custom Plan Provider":"columnar scan","Parallel Aware":false,"Async Capable":false,"Relation Name":"orders","Schema":"public","Alias":"orders","Startup Cost":20.0,"Total Cost":20684.21,"Plan Rows":879322,"Plan Width":16,"Actual Startup Time":0.67,"Actual Total Time":141.172,"Actual Rows":856801,"Actual Loops":1,"Output":["orders.o_c_id","orders.o_w_id","orders.o_d_id","orders.o_id"],"Filter":"((orders.o_entry_d < '1994-01-02 20:10:02.27764'::timestamp without time zone) AND (orders.o_entry_d >= '1993-01-02 20:10:02.27764'::timestamp without time zone))","Rows Removed by Filter":0,"Rows Removed by Columnar Filter":5143199,"Columnar cache search mode":"native","Shared Hit Blocks":0,"Shared Read Blocks":0,"Shared Dirtied Blocks":0,"Shared Written Blocks":0,"Local Hit Blocks":0,"Local Read Blocks":0,"Local Dirtied Blocks":0,"Local Written Blocks":0,"Temp Read Blocks":0,"Temp Written Blocks":0,"I/O Read Time":0.0,"I/O Write Time":0.0,"Temp I/O Read Time":0.0,"Temp I/O Write Time":0.0},{"Node Type":"Seq Scan","Parent Relationship":"Member","Parallel Aware":false,"Async Capable":false,"Relation Name":"orders","Schema":"public","Alias":"orders","Startup Cost":0.0,"Total Cost":4.01,"Plan Rows":1,"Plan Width":16,"Actual Startup Time":0.0,"Actual Total Time":0.0,"Actual Rows":0,"Actual Loops":0,"Output":["orders.o_c_id","orders.o_w_id","orders.o_d_id","orders.o_id"],"Filter":"((orders.o_entry_d < '1994-01-02 20:10:02.27764'::timestamp without time zone) AND (orders.o_entry_d >= '1993-01-02 20:10:02.27764'::timestamp without time zone))","Rows Removed by Filter":0,"Shared Hit Blocks":0,"Shared Read Blocks":0,"Shared Dirtied Blocks":0,"Shared Written Blocks":0,"Local Hit Blocks":0,"Local Read Blocks":0,"Local Dirtied Blocks":0,"Local Written Blocks":0,"Temp Read Blocks":0,"Temp Written Blocks":0,"I/O Read Time":0.0,"I/O Write Time":0.0,"Temp I/O Read Time":0.0,"Temp I/O Write Time":0.0}]}]}]},{"Node Type":"Hash","Parent Relationship":"Inner","Parallel Aware":false,"Async Capable":false,"Startup Cost":519991.4,"Total Cost":519991.4,"Plan Rows":6000140,"Plan Width":12,"Actual Startup Time":2806.546,"Actual Total Time":2806.547,"Actual Rows":6000000,"Actual Loops":1,"Output":["customer.c_id","customer.c_w_id","customer.c_d_id","customer.c_nationkey"],"Hash Buckets":262144,"Original Hash Buckets":262144,"Hash Batches":64,"Original Hash Batches":64,"Peak Memory Usage":6073,"Shared Hit Blocks":459990,"Shared Read Blocks":0,"Shared Dirtied Blocks":0,"Shared Written Blocks":0,"Local Hit Blocks":0,"Local Read Blocks":0,"Local Dirtied Blocks":0,"Local Written Blocks":0,"Temp Read Blocks":0,"Temp Written Blocks":23037,"I/O Read Time":0.0,"I/O Write Time":0.0,"Temp I/O Read Time":0.0,"Temp I/O Write Time":115.989,"Plans":[{"Node Type":"Seq Scan","Parent Relationship":"Outer","Parallel Aware":false,"Async Capable":false,"Relation Name":"customer","Schema":"public","Alias":"customer","Startup Cost":0.0,"Total Cost":519991.4,"Plan Rows":6000140,"Plan Width":12,"Actual Startup Time":0.015,"Actual Total Time":1792.959,"Actual Rows":6000000,"Actual Loops":1,"Output":["customer.c_id","customer.c_w_id","customer.c_d_id","customer.c_nationkey"],"Shared Hit Blocks":459990,"Shared Read Blocks":0,"Shared Dirtied Blocks":0,"Shared Written Blocks":0,"Local Hit Blocks":0,"Local Read Blocks":0,"Local Dirtied Blocks":0,"Local Written Blocks":0,"Temp Read Blocks":0,"Temp Written Blocks":0,"I/O Read Time":0.0,"I/O Write Time":0.0,"Temp I/O Read Time":0.0,"Temp I/O Write Time":0.0}]}]},{"Node Type":"Hash","Parent Relationship":"Inner","Parallel Aware":false,"Async Capable":false,"Startup Cost":2.99,"Total Cost":2.99,"Plan Rows":12,"Plan Width":12,"Actual Startup Time":0.043,"Actual Total Time":0.048,"Actual Rows":22,"Actual Loops":1,"Output":["nation.n_name","nation.n_nationkey"],"Hash Buckets":1024,"Original Hash Buckets":1024,"Hash Batches":1,"Original Hash Batches":1,"Peak Memory Usage":9,"Shared Hit Blocks":2,"Shared Read Blocks":0,"Shared Dirtied Blocks":0,"Shared Written Blocks":0,"Local Hit Blocks":0,"Local Read Blocks":0,"Local Dirtied Blocks":0,"Local Written Blocks":0,"Temp Read Blocks":0,"Temp Written Blocks":0,"I/O Read Time":0.0,"I/O Write Time":0.0,"Temp I/O Read Time":0.0,"Temp I/O Write Time":0.0,"Plans":[{"Node Type":"Hash Join","Parent Relationship":"Outer","Parallel Aware":false,"Async Capable":false,"Join Type":"Inner","Startup Cost":1.07,"Total Cost":2.99,"Plan Rows":12,"Plan Width":12,"Actual Startup Time":0.026,"Actual Total Time":0.041,"Actual Rows":22,"Actual Loops":1,"Output":["nation.n_name","nation.n_nationkey"],"Inner Unique":true,"Hash Cond":"(nation.n_regionkey = region.r_regionkey)","Shared Hit Blocks":2,"Shared Read Blocks":0,"Shared Dirtied Blocks":0,"Shared Written Blocks":0,"Local Hit Blocks":0,"Local Read Blocks":0,"Local Dirtied Blocks":0,"Local Written Blocks":0,"Temp Read Blocks":0,"Temp Written Blocks":0,"I/O Read Time":0.0,"I/O Write Time":0.0,"Temp I/O Read Time":0.0,"Temp I/O Write Time":0.0,"Plans":[{"Node Type":"Seq Scan","Parent Relationship":"Outer","Parallel Aware":false,"Async Capable":false,"Relation Name":"nation","Schema":"public","Alias":"nation","Startup Cost":0.0,"Total Cost":1.62,"Plan Rows":62,"Plan Width":16,"Actual Startup Time":0.005,"Actual Total Time":0.009,"Actual Rows":62,"Actual Loops":1,"Output":["nation.n_nationkey","nation.n_name","nation.n_regionkey","nation.n_comment"],"Shared Hit Blocks":1,"Shared Read Blocks":0,"Shared Dirtied Blocks":0,"Shared Written Blocks":0,"Local Hit Blocks":0,"Local Read Blocks":0,"Local Dirtied Blocks":0,"Local Written Blocks":0,"Temp Read Blocks":0,"Temp Written Blocks":0,"I/O Read Time":0.0,"I/O Write Time":0.0,"Temp I/O Read Time":0.0,"Temp I/O Write Time":0.0},{"Node Type":"Hash","Parent Relationship":"Inner","Parallel Aware":false,"Async Capable":false,"Startup Cost":1.06,"Total Cost":1.06,"Plan Rows":1,"Plan Width":4,"Actual Startup Time":0.011,"Actual Total Time":0.012,"Actual Rows":1,"Actual Loops":1,"Output":["region.r_regionkey"],"Hash Buckets":1024,"Original Hash Buckets":1024,"Hash Batches":1,"Original Hash Batches":1,"Peak Memory Usage":9,"Shared Hit Blocks":1,"Shared Read Blocks":0,"Shared Dirtied Blocks":0,"Shared Written Blocks":0,"Local Hit Blocks":0,"Local Read Blocks":0,"Local Dirtied Blocks":0,"Local Written Blocks":0,"Temp Read Blocks":0,"Temp Written Blocks":0,"I/O Read Time":0.0,"I/O Write Time":0.0,"Temp I/O Read Time":0.0,"Temp I/O Write Time":0.0,"Plans":[{"Node Type":"Seq Scan","Parent Relationship":"Outer","Parallel Aware":false,"Async Capable":false,"Relation Name":"region","Schema":"public","Alias":"region","Startup Cost":0.0,"Total Cost":1.06,"Plan Rows":1,"Plan Width":4,"Actual Startup Time":0.009,"Actual Total Time":0.01,"Actual Rows":1,"Actual Loops":1,"Output":["region.r_regionkey"],"Filter":"((region.r_name)::text = 'Europe'::text)","Rows Removed by Filter":4,"Shared Hit Blocks":1,"Shared Read Blocks":0,"Shared Dirtied Blocks":0,"Shared Written Blocks":0,"Local Hit Blocks":0,"Local Read Blocks":0,"Local Dirtied Blocks":0,"Local Written Blocks":0,"Temp Read Blocks":0,"Temp Written Blocks":0,"I/O Read Time":0.0,"I/O Write Time":0.0,"Temp I/O Read Time":0.0,"Temp I/O Write Time":0.0}]}]}]}]}]},{"Node Type":"Index Only Scan","Parent Relationship":"Inner","Parallel Aware":false,"Async Capable":false,"Scan Direction":"Forward","Index Name":"stock_pk","Relation Name":"stock","Schema":"public","Alias":"stock","Startup Cost":0.44,"Total Cost":519363.62,"Plan Rows":20000212,"Plan Width":6,"Actual Startup Time":0.05,"Actual Total Time":1414.119,"Actual Rows":19999994,"Actual Loops":1,"Output":["stock.s_w_id","stock.s_i_id"],"Heap Fetches":0,"Shared Hit Blocks":54673,"Shared Read Blocks":0,"Shared Dirtied Blocks":0,"Shared Written Blocks":0,"Local Hit Blocks":0,"Local Read Blocks":0,"Local Dirtied Blocks":0,"Local Written Blocks":0,"Temp Read Blocks":0,"Temp Written Blocks":0,"I/O Read Time":0.0,"I/O Write Time":0.0,"Temp I/O Read Time":0.0,"Temp I/O Write Time":0.0}]},{"Node Type":"Hash","Parent Relationship":"Inner","Parallel Aware":false,"Async Capable":false,"Startup Cost":317.0,"Total Cost":317.0,"Plan Rows":10000,"Plan Width":8,"Actual Startup Time":2.613,"Actual Total Time":2.614,"Actual Rows":10000,"Actual Loops":1,"Output":["supplier.su_suppkey","supplier.su_nationkey"],"Hash Buckets":16384,"Original Hash Buckets":16384,"Hash Batches":1,"Original Hash Batches":1,"Peak Memory Usage":519,"Shared Hit Blocks":217,"Shared Read Blocks":0,"Shared Dirtied Blocks":0,"Shared Written Blocks":0,"Local Hit Blocks":0,"Local Read Blocks":0,"Local Dirtied Blocks":0,"Local Written Blocks":0,"Temp Read Blocks":0,"Temp Written Blocks":0,"I/O Read Time":0.0,"I/O Write Time":0.0,"Temp I/O Read Time":0.0,"Temp I/O Write Time":0.0,"Plans":[{"Node Type":"Seq Scan","Parent Relationship":"Outer","Parallel Aware":false,"Async Capable":false,"Relation Name":"supplier","Schema":"public","Alias":"supplier","Startup Cost":0.0,"Total Cost":317.0,"Plan Rows":10000,"Plan Width":8,"Actual Startup Time":0.01,"Actual Total Time":1.332,"Actual Rows":10000,"Actual Loops":1,"Output":["supplier.su_suppkey","supplier.su_nationkey"],"Shared Hit Blocks":217,"Shared Read Blocks":0,"Shared Dirtied Blocks":0,"Shared Written Blocks":0,"Local Hit Blocks":0,"Local Read Blocks":0,"Local Dirtied Blocks":0,"Local Written Blocks":0,"Temp Read Blocks":0,"Temp Written Blocks":0,"I/O Read Time":0.0,"I/O Write Time":0.0,"Temp I/O Read Time":0.0,"Temp I/O Write Time":0.0}]}]}]}]}]},"Planning":{"Shared Hit Blocks":220,"Shared Read Blocks":0,"Shared Dirtied Blocks":0,"Shared Written Blocks":0,"Local Hit Blocks":0,"Local Read Blocks":0,"Local Dirtied Blocks":0,"Local Written Blocks":0,"Temp Read Blocks":0,"Temp Written Blocks":0,"I/O Read Time":0.0,"I/O Write Time":0.0,"Temp I/O Read Time":0.0,"Temp I/O Write Time":0.0},"Planning Time":5.304,"Triggers":[],"Execution Time":35219.074}]
[列存组合]: orders, region, supplier
[{"Plan":{"Node Type":"Sort","Parallel Aware":false,"Async Capable":false,"Startup Cost":4083648.03,"Total Cost":4083648.18,"Plan Rows":62,"Plan Width":40,"Actual Startup Time":35178.045,"Actual Total Time":35178.075,"Actual Rows":11,"Actual Loops":1,"Output":["nation.n_name","(sum(order_line.ol_amount))"],"Sort Key":["(sum(order_line.ol_amount)) DESC"],"Sort Method":"quicksort","Sort Space Used":25,"Sort Space Type":"Memory","Shared Hit Blocks":1196413,"Shared Read Blocks":0,"Shared Dirtied Blocks":0,"Shared Written Blocks":0,"Local Hit Blocks":0,"Local Read Blocks":0,"Local Dirtied Blocks":0,"Local Written Blocks":0,"Temp Read Blocks":288611,"Temp Written Blocks":288665,"I/O Read Time":0.0,"I/O Write Time":0.0,"Temp I/O Read Time":439.255,"Temp I/O Write Time":1165.586,"Plans":[{"Node Type":"Aggregate","Strategy":"Sorted","Partial Mode":"Simple","Parent Relationship":"Outer","Parallel Aware":false,"Async Capable":false,"Startup Cost":4083494.39,"Total Cost":4083646.18,"Plan Rows":62,"Plan Width":40,"Actual Startup Time":35172.142,"Actual Total Time":35178.057,"Actual Rows":11,"Actual Loops":1,"Output":["nation.n_name","sum(order_line.ol_amount)"],"Group Key":["nation.n_name"],"Shared Hit Blocks":1196413,"Shared Read Blocks":0,"Shared Dirtied Blocks":0,"Shared Written Blocks":0,"Local Hit Blocks":0,"Local Read Blocks":0,"Local Dirtied Blocks":0,"Local Written Blocks":0,"Temp Read Blocks":288611,"Temp Written Blocks":288665,"I/O Read Time":0.0,"I/O Write Time":0.0,"Temp I/O Read Time":439.255,"Temp I/O Write Time":1165.586,"Plans":[{"Node Type":"Sort","Parent Relationship":"Outer","Parallel Aware":false,"Async Capable":false,"Startup Cost":4083494.39,"Total Cost":4083544.73,"Plan Rows":20136,"Plan Width":12,"Actual Startup Time":35171.708,"Actual Total Time":35173.485,"Actual Rows":35044,"Actual Loops":1,"Output":["nation.n_name","order_line.ol_amount"],"Sort Key":["nation.n_name"],"Sort Method":"quicksort","Sort Space Used":3146,"Sort Space Type":"Memory","Shared Hit Blocks":1196413,"Shared Read Blocks":0,"Shared Dirtied Blocks":0,"Shared Written Blocks":0,"Local Hit Blocks":0,"Local Read Blocks":0,"Local Dirtied Blocks":0,"Local Written Blocks":0,"Temp Read Blocks":288611,"Temp Written Blocks":288665,"I/O Read Time":0.0,"I/O Write Time":0.0,"Temp I/O Read Time":439.255,"Temp I/O Write Time":1165.586,"Plans":[{"Node Type":"Hash Join","Parent Relationship":"Outer","Parallel Aware":false,"Async Capable":false,"Join Type":"Inner","Startup Cost":3434186.94,"Total Cost":4082054.92,"Plan Rows":20136,"Plan Width":12,"Actual Startup Time":31231.028,"Actual Total Time":35152.607,"Actual Rows":35044,"Actual Loops":1,"Output":["nation.n_name","order_line.ol_amount"],"Inner Unique":true,"Hash Cond":"((mod((stock.s_w_id * stock.s_i_id), 10000) = supplier.su_suppkey) AND (customer.c_nationkey = supplier.su_nationkey))","Shared Hit Blocks":1196413,"Shared Read Blocks":0,"Shared Dirtied Blocks":0,"Shared Written Blocks":0,"Local Hit Blocks":0,"Local Read Blocks":0,"Local Dirtied Blocks":0,"Local Written Blocks":0,"Temp Read Blocks":288611,"Temp Written Blocks":288665,"I/O Read Time":0.0,"I/O Write Time":0.0,"Temp I/O Read Time":439.255,"Temp I/O Write Time":1165.586,"Plans":[{"Node Type":"Merge Join","Parent Relationship":"Outer","Parallel Aware":false,"Async Capable":false,"Join Type":"Inner","Startup Cost":3433817.91,"Total Cost":4074850.92,"Plan Rows":1242717,"Plan Width":26,"Actual Startup Time":31227.5,"Actual Total Time":34872.332,"Actual Rows":2218175,"Actual Loops":1,"Output":["customer.c_nationkey","order_line.ol_amount","stock.s_w_id","stock.s_i_id","nation.n_name","nation.n_nationkey"],"Inner Unique":true,"Merge Cond":"((customer.c_w_id = stock.s_w_id) AND (order_line.ol_i_id = stock.s_i_id))","Shared Hit Blocks":1196413,"Shared Read Blocks":0,"Shared Dirtied Blocks":0,"Shared Written Blocks":0,"Local Hit Blocks":0,"Local Read Blocks":0,"Local Dirtied Blocks":0,"Local Written Blocks":0,"Temp Read Blocks":288611,"Temp Written Blocks":288665,"I/O Read Time":0.0,"I/O Write Time":0.0,"Temp I/O Read Time":439.255,"Temp I/O Write Time":1165.586,"Plans":[{"Node Type":"Sort","Parent Relationship":"Outer","Parallel Aware":false,"Async Capable":false,"Startup Cost":3433817.48,"Total Cost":3436898.01,"Plan Rows":1232214,"Plan Width":30,"Actual Startup Time":31227.446,"Actual Total Time":31822.242,"Actual Rows":2218175,"Actual Loops":1,"Output":["customer.c_w_id","customer.c_nationkey","orders.o_w_id","order_line.ol_amount","order_line.ol_w_id","order_line.ol_i_id","nation.n_name","nation.n_nationkey"],"Sort Key":["customer.c_w_id","order_line.ol_i_id"],"Sort Method":"external merge","Sort Space Used":94520,"Sort Space Type":"Disk","Shared Hit Blocks":1141740,"Shared Read Blocks":0,"Shared Dirtied Blocks":0,"Shared Written Blocks":0,"Local Hit Blocks":0,"Local Read Blocks":0,"Local Dirtied Blocks":0,"Local Written Blocks":0,"Temp Read Blocks":288611,"Temp Written Blocks":288665,"I/O Read Time":0.0,"I/O Write Time":0.0,"Temp I/O Read Time":439.255,"Temp I/O Write Time":1165.586,"Plans":[{"Node Type":"Hash Join","Parent Relationship":"Outer","Parallel Aware":false,"Async Capable":false,"Join Type":"Inner","Startup Cost":805468.83,"Total Cost":3250193.65,"Plan Rows":1232214,"Plan Width":30,"Actual Startup Time":3218.012,"Actual Total Time":28375.085,"Actual Rows":2218175,"Actual Loops":1,"Output":["customer.c_w_id","customer.c_nationkey","orders.o_w_id","order_line.ol_amount","order_line.ol_w_id","order_line.ol_i_id","nation.n_name","nation.n_nationkey"],"Inner Unique":false,"Hash Cond":"(customer.c_nationkey = nation.n_nationkey)","Shared Hit Blocks":1141740,"Shared Read Blocks":0,"Shared Dirtied Blocks":0,"Shared Written Blocks":0,"Local Hit Blocks":0,"Local Read Blocks":0,"Local Dirtied Blocks":0,"Local Written Blocks":0,"Temp Read Blocks":264991,"Temp Written Blocks":264991,"I/O Read Time":0.0,"I/O Write Time":0.0,"Temp I/O Read Time":404.91,"Temp I/O Write Time":1099.392,"Plans":[{"Node Type":"Hash Join","Parent Relationship":"Outer","Parallel Aware":false,"Async Capable":false,"Join Type":"Inner","Startup Cost":805465.69,"Total Cost":3215161.84,"Plan Rows":6161071,"Plan Width":18,"Actual Startup Time":3210.265,"Actual Total Time":27430.74,"Actual Rows":8568663,"Actual Loops":1,"Output":["customer.c_w_id","customer.c_nationkey","orders.o_w_id","order_line.ol_amount","order_line.ol_w_id","order_line.ol_i_id"],"Inner Unique":true,"Hash Cond":"((orders.o_c_id = customer.c_id) AND (orders.o_w_id = customer.c_w_id) AND (orders.o_d_id = customer.c_d_id))","Shared Hit Blocks":1141738,"Shared Read Blocks":0,"Shared Dirtied Blocks":0,"Shared Written Blocks":0,"Local Hit Blocks":0,"Local Read Blocks":0,"Local Dirtied Blocks":0,"Local Written Blocks":0,"Temp Read Blocks":264991,"Temp Written Blocks":264991,"I/O Read Time":0.0,"I/O Write Time":0.0,"Temp I/O Read Time":404.91,"Temp I/O Write Time":1099.392,"Plans":[{"Node Type":"Hash Join","Parent Relationship":"Outer","Parallel Aware":false,"Async Capable":false,"Join Type":"Inner","Startup Cost":151173.84,"Total Cost":2410851.54,"Plan Rows":6161071,"Plan Width":20,"Actual Startup Time":384.759,"Actual Total Time":20005.252,"Actual Rows":8568663,"Actual Loops":1,"Output":["orders.o_c_id","orders.o_w_id","orders.o_d_id","order_line.ol_amount","order_line.ol_w_id","order_line.ol_d_id","order_line.ol_i_id"],"Inner Unique":true,"Hash Cond":"((order_line.ol_w_id = orders.o_w_id) AND (order_line.ol_d_id = orders.o_d_id) AND (order_line.ol_o_id = orders.o_id))","Shared Hit Blocks":681748,"Shared Read Blocks":0,"Shared Dirtied Blocks":0,"Shared Written Blocks":0,"Local Hit Blocks":0,"Local Read Blocks":0,"Local Dirtied Blocks":0,"Local Written Blocks":0,"Temp Read Blocks":200672,"Temp Written Blocks":200672,"I/O Read Time":0.0,"I/O Write Time":0.0,"Temp I/O Read Time":298.785,"Temp I/O Write Time":792.384,"Plans":[{"Node Type":"Seq Scan","Parent Relationship":"Outer","Parallel Aware":false,"Async Capable":false,"Relation Name":"order_line","Schema":"public","Alias":"order_line","Startup Cost":0.0,"Total Cost":1431670.8,"Plan Rows":42039468,"Plan Width":20,"Actual Startup Time":0.006,"Actual Total Time":7332.447,"Actual Rows":42000489,"Actual Loops":1,"Output":["order_line.ol_amount","order_line.ol_o_id","order_line.ol_w_id","order_line.ol_d_id","order_line.ol_i_id"],"Filter":"(order_line.ol_delivery_d >= '1992-01-02 20:10:02.27764'::timestamp without time zone)","Rows Removed by Filter":17993272,"Shared Hit Blocks":681748,"Shared Read Blocks":0,"Shared Dirtied Blocks":0,"Shared Written Blocks":0,"Local Hit Blocks":0,"Local Read Blocks":0,"Local Dirtied Blocks":0,"Local Written Blocks":0,"Temp Read Blocks":0,"Temp Written Blocks":0,"I/O Read Time":0.0,"I/O Write Time":0.0,"Temp I/O Read Time":0.0,"Temp I/O Write Time":0.0},{"Node Type":"Hash","Parent Relationship":"Inner","Parallel Aware":false,"Async Capable":false,"Startup Cost":131491.69,"Total Cost":131491.69,"Plan Rows":879323,"Plan Width":16,"Actual Startup Time":350.164,"Actual Total Time":350.173,"Actual Rows":856801,"Actual Loops":1,"Output":["orders.o_c_id","orders.o_w_id","orders.o_d_id","orders.o_id"],"Hash Buckets":262144,"Original Hash Buckets":262144,"Hash Batches":8,"Original Hash Batches":8,"Peak Memory Usage":7070,"Shared Hit Blocks":0,"Shared Read Blocks":0,"Shared Dirtied Blocks":0,"Shared Written Blocks":0,"Local Hit Blocks":0,"Local Read Blocks":0,"Local Dirtied Blocks":0,"Local Written Blocks":0,"Temp Read Blocks":0,"Temp Written Blocks":3290,"I/O Read Time":0.0,"I/O Write Time":0.0,"Temp I/O Read Time":0.0,"Temp I/O Write Time":13.971,"Plans":[{"Node Type":"Append","Parent Relationship":"Outer","Parallel Aware":false,"Async Capable":false,"Startup Cost":20.0,"Total Cost":131491.69,"Plan Rows":879323,"Plan Width":16,"Actual Startup Time":0.499,"Actual Total Time":200.414,"Actual Rows":856801,"Actual Loops":1,"Shared Hit Blocks":0,"Shared Read Blocks":0,"Shared Dirtied Blocks":0,"Shared Written Blocks":0,"Local Hit Blocks":0,"Local Read Blocks":0,"Local Dirtied Blocks":0,"Local Written Blocks":0,"Temp Read Blocks":0,"Temp Written Blocks":0,"I/O Read Time":0.0,"I/O Write Time":0.0,"Temp I/O Read Time":0.0,"Temp I/O Write Time":0.0,"Subplans Removed":0,"Plans":[{"Node Type":"Custom Scan","Parent Relationship":"Member","Custom Plan Provider":"columnar scan","Parallel Aware":false,"Async Capable":false,"Relation Name":"orders","Schema":"public","Alias":"orders","Startup Cost":20.0,"Total Cost":20684.21,"Plan Rows":879322,"Plan Width":16,"Actual Startup Time":0.498,"Actual Total Time":140.035,"Actual Rows":856801,"Actual Loops":1,"Output":["orders.o_c_id","orders.o_w_id","orders.o_d_id","orders.o_id"],"Filter":"((orders.o_entry_d < '1994-01-02 20:10:02.27764'::timestamp without time zone) AND (orders.o_entry_d >= '1993-01-02 20:10:02.27764'::timestamp without time zone))","Rows Removed by Filter":0,"Rows Removed by Columnar Filter":5143199,"Columnar cache search mode":"native","Shared Hit Blocks":0,"Shared Read Blocks":0,"Shared Dirtied Blocks":0,"Shared Written Blocks":0,"Local Hit Blocks":0,"Local Read Blocks":0,"Local Dirtied Blocks":0,"Local Written Blocks":0,"Temp Read Blocks":0,"Temp Written Blocks":0,"I/O Read Time":0.0,"I/O Write Time":0.0,"Temp I/O Read Time":0.0,"Temp I/O Write Time":0.0},{"Node Type":"Seq Scan","Parent Relationship":"Member","Parallel Aware":false,"Async Capable":false,"Relation Name":"orders","Schema":"public","Alias":"orders","Startup Cost":0.0,"Total Cost":4.01,"Plan Rows":1,"Plan Width":16,"Actual Startup Time":0.0,"Actual Total Time":0.0,"Actual Rows":0,"Actual Loops":0,"Output":["orders.o_c_id","orders.o_w_id","orders.o_d_id","orders.o_id"],"Filter":"((orders.o_entry_d < '1994-01-02 20:10:02.27764'::timestamp without time zone) AND (orders.o_entry_d >= '1993-01-02 20:10:02.27764'::timestamp without time zone))","Rows Removed by Filter":0,"Shared Hit Blocks":0,"Shared Read Blocks":0,"Shared Dirtied Blocks":0,"Shared Written Blocks":0,"Local Hit Blocks":0,"Local Read Blocks":0,"Local Dirtied Blocks":0,"Local Written Blocks":0,"Temp Read Blocks":0,"Temp Written Blocks":0,"I/O Read Time":0.0,"I/O Write Time":0.0,"Temp I/O Read Time":0.0,"Temp I/O Write Time":0.0}]}]}]},{"Node Type":"Hash","Parent Relationship":"Inner","Parallel Aware":false,"Async Capable":false,"Startup Cost":519991.4,"Total Cost":519991.4,"Plan Rows":6000140,"Plan Width":12,"Actual Startup Time":2818.467,"Actual Total Time":2818.468,"Actual Rows":6000000,"Actual Loops":1,"Output":["customer.c_id","customer.c_w_id","customer.c_d_id","customer.c_nationkey"],"Hash Buckets":262144,"Original Hash Buckets":262144,"Hash Batches":64,"Original Hash Batches":64,"Peak Memory Usage":6073,"Shared Hit Blocks":459990,"Shared Read Blocks":0,"Shared Dirtied Blocks":0,"Shared Written Blocks":0,"Local Hit Blocks":0,"Local Read Blocks":0,"Local Dirtied Blocks":0,"Local Written Blocks":0,"Temp Read Blocks":0,"Temp Written Blocks":23037,"I/O Read Time":0.0,"I/O Write Time":0.0,"Temp I/O Read Time":0.0,"Temp I/O Write Time":111.687,"Plans":[{"Node Type":"Seq Scan","Parent Relationship":"Outer","Parallel Aware":false,"Async Capable":false,"Relation Name":"customer","Schema":"public","Alias":"customer","Startup Cost":0.0,"Total Cost":519991.4,"Plan Rows":6000140,"Plan Width":12,"Actual Startup Time":0.009,"Actual Total Time":1808.71,"Actual Rows":6000000,"Actual Loops":1,"Output":["customer.c_id","customer.c_w_id","customer.c_d_id","customer.c_nationkey"],"Shared Hit Blocks":459990,"Shared Read Blocks":0,"Shared Dirtied Blocks":0,"Shared Written Blocks":0,"Local Hit Blocks":0,"Local Read Blocks":0,"Local Dirtied Blocks":0,"Local Written Blocks":0,"Temp Read Blocks":0,"Temp Written Blocks":0,"I/O Read Time":0.0,"I/O Write Time":0.0,"Temp I/O Read Time":0.0,"Temp I/O Write Time":0.0}]}]},{"Node Type":"Hash","Parent Relationship":"Inner","Parallel Aware":false,"Async Capable":false,"Startup Cost":2.99,"Total Cost":2.99,"Plan Rows":12,"Plan Width":12,"Actual Startup Time":0.043,"Actual Total Time":0.05,"Actual Rows":22,"Actual Loops":1,"Output":["nation.n_name","nation.n_nationkey"],"Hash Buckets":1024,"Original Hash Buckets":1024,"Hash Batches":1,"Original Hash Batches":1,"Peak Memory Usage":9,"Shared Hit Blocks":2,"Shared Read Blocks":0,"Shared Dirtied Blocks":0,"Shared Written Blocks":0,"Local Hit Blocks":0,"Local Read Blocks":0,"Local Dirtied Blocks":0,"Local Written Blocks":0,"Temp Read Blocks":0,"Temp Written Blocks":0,"I/O Read Time":0.0,"I/O Write Time":0.0,"Temp I/O Read Time":0.0,"Temp I/O Write Time":0.0,"Plans":[{"Node Type":"Hash Join","Parent Relationship":"Outer","Parallel Aware":false,"Async Capable":false,"Join Type":"Inner","Startup Cost":1.07,"Total Cost":2.99,"Plan Rows":12,"Plan Width":12,"Actual Startup Time":0.025,"Actual Total Time":0.042,"Actual Rows":22,"Actual Loops":1,"Output":["nation.n_name","nation.n_nationkey"],"Inner Unique":true,"Hash Cond":"(nation.n_regionkey = region.r_regionkey)","Shared Hit Blocks":2,"Shared Read Blocks":0,"Shared Dirtied Blocks":0,"Shared Written Blocks":0,"Local Hit Blocks":0,"Local Read Blocks":0,"Local Dirtied Blocks":0,"Local Written Blocks":0,"Temp Read Blocks":0,"Temp Written Blocks":0,"I/O Read Time":0.0,"I/O Write Time":0.0,"Temp I/O Read Time":0.0,"Temp I/O Write Time":0.0,"Plans":[{"Node Type":"Seq Scan","Parent Relationship":"Outer","Parallel Aware":false,"Async Capable":false,"Relation Name":"nation","Schema":"public","Alias":"nation","Startup Cost":0.0,"Total Cost":1.62,"Plan Rows":62,"Plan Width":16,"Actual Startup Time":0.007,"Actual Total Time":0.011,"Actual Rows":62,"Actual Loops":1,"Output":["nation.n_nationkey","nation.n_name","nation.n_regionkey","nation.n_comment"],"Shared Hit Blocks":1,"Shared Read Blocks":0,"Shared Dirtied Blocks":0,"Shared Written Blocks":0,"Local Hit Blocks":0,"Local Read Blocks":0,"Local Dirtied Blocks":0,"Local Written Blocks":0,"Temp Read Blocks":0,"Temp Written Blocks":0,"I/O Read Time":0.0,"I/O Write Time":0.0,"Temp I/O Read Time":0.0,"Temp I/O Write Time":0.0},{"Node Type":"Hash","Parent Relationship":"Inner","Parallel Aware":false,"Async Capable":false,"Startup Cost":1.06,"Total Cost":1.06,"Plan Rows":1,"Plan Width":4,"Actual Startup Time":0.008,"Actual Total Time":0.01,"Actual Rows":1,"Actual Loops":1,"Output":["region.r_regionkey"],"Hash Buckets":1024,"Original Hash Buckets":1024,"Hash Batches":1,"Original Hash Batches":1,"Peak Memory Usage":9,"Shared Hit Blocks":1,"Shared Read Blocks":0,"Shared Dirtied Blocks":0,"Shared Written Blocks":0,"Local Hit Blocks":0,"Local Read Blocks":0,"Local Dirtied Blocks":0,"Local Written Blocks":0,"Temp Read Blocks":0,"Temp Written Blocks":0,"I/O Read Time":0.0,"I/O Write Time":0.0,"Temp I/O Read Time":0.0,"Temp I/O Write Time":0.0,"Plans":[{"Node Type":"Seq Scan","Parent Relationship":"Outer","Parallel Aware":false,"Async Capable":false,"Relation Name":"region","Schema":"public","Alias":"region","Startup Cost":0.0,"Total Cost":1.06,"Plan Rows":1,"Plan Width":4,"Actual Startup Time":0.006,"Actual Total Time":0.007,"Actual Rows":1,"Actual Loops":1,"Output":["region.r_regionkey"],"Filter":"((region.r_name)::text = 'Europe'::text)","Rows Removed by Filter":4,"Shared Hit Blocks":1,"Shared Read Blocks":0,"Shared Dirtied Blocks":0,"Shared Written Blocks":0,"Local Hit Blocks":0,"Local Read Blocks":0,"Local Dirtied Blocks":0,"Local Written Blocks":0,"Temp Read Blocks":0,"Temp Written Blocks":0,"I/O Read Time":0.0,"I/O Write Time":0.0,"Temp I/O Read Time":0.0,"Temp I/O Write Time":0.0}]}]}]}]}]},{"Node Type":"Index Only Scan","Parent Relationship":"Inner","Parallel Aware":false,"Async Capable":false,"Scan Direction":"Forward","Index Name":"stock_pk","Relation Name":"stock","Schema":"public","Alias":"stock","Startup Cost":0.44,"Total Cost":519363.62,"Plan Rows":20000212,"Plan Width":6,"Actual Startup Time":0.039,"Actual Total Time":1412.071,"Actual Rows":19999994,"Actual Loops":1,"Output":["stock.s_w_id","stock.s_i_id"],"Heap Fetches":0,"Shared Hit Blocks":54673,"Shared Read Blocks":0,"Shared Dirtied Blocks":0,"Shared Written Blocks":0,"Local Hit Blocks":0,"Local Read Blocks":0,"Local Dirtied Blocks":0,"Local Written Blocks":0,"Temp Read Blocks":0,"Temp Written Blocks":0,"I/O Read Time":0.0,"I/O Write Time":0.0,"Temp I/O Read Time":0.0,"Temp I/O Write Time":0.0}]},{"Node Type":"Hash","Parent Relationship":"Inner","Parallel Aware":false,"Async Capable":false,"Startup Cost":219.01,"Total Cost":219.01,"Plan Rows":10001,"Plan Width":8,"Actual Startup Time":3.09,"Actual Total Time":3.092,"Actual Rows":10000,"Actual Loops":1,"Output":["supplier.su_suppkey","supplier.su_nationkey"],"Hash Buckets":16384,"Original Hash Buckets":16384,"Hash Batches":1,"Original Hash Batches":1,"Peak Memory Usage":519,"Shared Hit Blocks":0,"Shared Read Blocks":0,"Shared Dirtied Blocks":0,"Shared Written Blocks":0,"Local Hit Blocks":0,"Local Read Blocks":0,"Local Dirtied Blocks":0,"Local Written Blocks":0,"Temp Read Blocks":0,"Temp Written Blocks":0,"I/O Read Time":0.0,"I/O Write Time":0.0,"Temp I/O Read Time":0.0,"Temp I/O Write Time":0.0,"Plans":[{"Node Type":"Append","Parent Relationship":"Outer","Parallel Aware":false,"Async Capable":false,"Startup Cost":20.0,"Total Cost":219.01,"Plan Rows":10001,"Plan Width":8,"Actual Startup Time":0.013,"Actual Total Time":1.8,"Actual Rows":10000,"Actual Loops":1,"Shared Hit Blocks":0,"Shared Read Blocks":0,"Shared Dirtied Blocks":0,"Shared Written Blocks":0,"Local Hit Blocks":0,"Local Read Blocks":0,"Local Dirtied Blocks":0,"Local Written Blocks":0,"Temp Read Blocks":0,"Temp Written Blocks":0,"I/O Read Time":0.0,"I/O Write Time":0.0,"Temp I/O Read Time":0.0,"Temp I/O Write Time":0.0,"Subplans Removed":0,"Plans":[{"Node Type":"Custom Scan","Parent Relationship":"Member","Custom Plan Provider":"columnar scan","Parallel Aware":false,"Async Capable":false,"Relation Name":"supplier","Schema":"public","Alias":"supplier","Startup Cost":20.0,"Total Cost":215.0,"Plan Rows":10000,"Plan Width":8,"Actual Startup Time":0.012,"Actual Total Time":1.091,"Actual Rows":10000,"Actual Loops":1,"Output":["supplier.su_suppkey","supplier.su_nationkey"],"Rows Removed by Columnar Filter":0,"Columnar cache search mode":"native","Shared Hit Blocks":0,"Shared Read Blocks":0,"Shared Dirtied Blocks":0,"Shared Written Blocks":0,"Local Hit Blocks":0,"Local Read Blocks":0,"Local Dirtied Blocks":0,"Local Written Blocks":0,"Temp Read Blocks":0,"Temp Written Blocks":0,"I/O Read Time":0.0,"I/O Write Time":0.0,"Temp I/O Read Time":0.0,"Temp I/O Write Time":0.0},{"Node Type":"Seq Scan","Parent Relationship":"Member","Parallel Aware":false,"Async Capable":false,"Relation Name":"supplier","Schema":"public","Alias":"supplier","Startup Cost":0.0,"Total Cost":4.01,"Plan Rows":1,"Plan Width":8,"Actual Startup Time":0.0,"Actual Total Time":0.0,"Actual Rows":0,"Actual Loops":0,"Output":["supplier.su_suppkey","supplier.su_nationkey"],"Shared Hit Blocks":0,"Shared Read Blocks":0,"Shared Dirtied Blocks":0,"Shared Written Blocks":0,"Local Hit Blocks":0,"Local Read Blocks":0,"Local Dirtied Blocks":0,"Local Written Blocks":0,"Temp Read Blocks":0,"Temp Written Blocks":0,"I/O Read Time":0.0,"I/O Write Time":0.0,"Temp I/O Read Time":0.0,"Temp I/O Write Time":0.0}]}]}]}]}]}]},"Planning":{"Shared Hit Blocks":220,"Shared Read Blocks":0,"Shared Dirtied Blocks":0,"Shared Written Blocks":0,"Local Hit Blocks":0,"Local Read Blocks":0,"Local Dirtied Blocks":0,"Local Written Blocks":0,"Temp Read Blocks":0,"Temp Written Blocks":0,"I/O Read Time":0.0,"I/O Write Time":0.0,"Temp I/O Read Time":0.0,"Temp I/O Write Time":0.0},"Planning Time":4.482,"Triggers":[],"Execution Time":35192.708}]
[列存组合]: orders, stock, supplier
[{"Plan":{"Node Type":"Sort","Parallel Aware":false,"Async Capable":false,"Startup Cost":4083648.03,"Total Cost":4083648.18,"Plan Rows":62,"Plan Width":40,"Actual Startup Time":34572.581,"Actual Total Time":34572.611,"Actual Rows":11,"Actual Loops":1,"Output":["nation.n_name","(sum(order_line.ol_amount))"],"Sort Key":["(sum(order_line.ol_amount)) DESC"],"Sort Method":"quicksort","Sort Space Used":25,"Sort Space Type":"Memory","Shared Hit Blocks":1196413,"Shared Read Blocks":0,"Shared Dirtied Blocks":0,"Shared Written Blocks":0,"Local Hit Blocks":0,"Local Read Blocks":0,"Local Dirtied Blocks":0,"Local Written Blocks":0,"Temp Read Blocks":288611,"Temp Written Blocks":288665,"I/O Read Time":0.0,"I/O Write Time":0.0,"Temp I/O Read Time":438.512,"Temp I/O Write Time":1169.418,"Plans":[{"Node Type":"Aggregate","Strategy":"Sorted","Partial Mode":"Simple","Parent Relationship":"Outer","Parallel Aware":false,"Async Capable":false,"Startup Cost":4083494.39,"Total Cost":4083646.18,"Plan Rows":62,"Plan Width":40,"Actual Startup Time":34566.667,"Actual Total Time":34572.594,"Actual Rows":11,"Actual Loops":1,"Output":["nation.n_name","sum(order_line.ol_amount)"],"Group Key":["nation.n_name"],"Shared Hit Blocks":1196413,"Shared Read Blocks":0,"Shared Dirtied Blocks":0,"Shared Written Blocks":0,"Local Hit Blocks":0,"Local Read Blocks":0,"Local Dirtied Blocks":0,"Local Written Blocks":0,"Temp Read Blocks":288611,"Temp Written Blocks":288665,"I/O Read Time":0.0,"I/O Write Time":0.0,"Temp I/O Read Time":438.512,"Temp I/O Write Time":1169.418,"Plans":[{"Node Type":"Sort","Parent Relationship":"Outer","Parallel Aware":false,"Async Capable":false,"Startup Cost":4083494.39,"Total Cost":4083544.73,"Plan Rows":20136,"Plan Width":12,"Actual Startup Time":34566.229,"Actual Total Time":34568.035,"Actual Rows":35044,"Actual Loops":1,"Output":["nation.n_name","order_line.ol_amount"],"Sort Key":["nation.n_name"],"Sort Method":"quicksort","Sort Space Used":3146,"Sort Space Type":"Memory","Shared Hit Blocks":1196413,"Shared Read Blocks":0,"Shared Dirtied Blocks":0,"Shared Written Blocks":0,"Local Hit Blocks":0,"Local Read Blocks":0,"Local Dirtied Blocks":0,"Local Written Blocks":0,"Temp Read Blocks":288611,"Temp Written Blocks":288665,"I/O Read Time":0.0,"I/O Write Time":0.0,"Temp I/O Read Time":438.512,"Temp I/O Write Time":1169.418,"Plans":[{"Node Type":"Hash Join","Parent Relationship":"Outer","Parallel Aware":false,"Async Capable":false,"Join Type":"Inner","Startup Cost":3434186.94,"Total Cost":4082054.92,"Plan Rows":20136,"Plan Width":12,"Actual Startup Time":30614.925,"Actual Total Time":34546.956,"Actual Rows":35044,"Actual Loops":1,"Output":["nation.n_name","order_line.ol_amount"],"Inner Unique":true,"Hash Cond":"((mod((stock.s_w_id * stock.s_i_id), 10000) = supplier.su_suppkey) AND (customer.c_nationkey = supplier.su_nationkey))","Shared Hit Blocks":1196413,"Shared Read Blocks":0,"Shared Dirtied Blocks":0,"Shared Written Blocks":0,"Local Hit Blocks":0,"Local Read Blocks":0,"Local Dirtied Blocks":0,"Local Written Blocks":0,"Temp Read Blocks":288611,"Temp Written Blocks":288665,"I/O Read Time":0.0,"I/O Write Time":0.0,"Temp I/O Read Time":438.512,"Temp I/O Write Time":1169.418,"Plans":[{"Node Type":"Merge Join","Parent Relationship":"Outer","Parallel Aware":false,"Async Capable":false,"Join Type":"Inner","Startup Cost":3433817.91,"Total Cost":4074850.92,"Plan Rows":1242717,"Plan Width":26,"Actual Startup Time":30611.372,"Actual Total Time":34263.388,"Actual Rows":2218175,"Actual Loops":1,"Output":["customer.c_nationkey","order_line.ol_amount","stock.s_w_id","stock.s_i_id","nation.n_name","nation.n_nationkey"],"Inner Unique":true,"Merge Cond":"((customer.c_w_id = stock.s_w_id) AND (order_line.ol_i_id = stock.s_i_id))","Shared Hit Blocks":1196413,"Shared Read Blocks":0,"Shared Dirtied Blocks":0,"Shared Written Blocks":0,"Local Hit Blocks":0,"Local Read Blocks":0,"Local Dirtied Blocks":0,"Local Written Blocks":0,"Temp Read Blocks":288611,"Temp Written Blocks":288665,"I/O Read Time":0.0,"I/O Write Time":0.0,"Temp I/O Read Time":438.512,"Temp I/O Write Time":1169.418,"Plans":[{"Node Type":"Sort","Parent Relationship":"Outer","Parallel Aware":false,"Async Capable":false,"Startup Cost":3433817.48,"Total Cost":3436898.01,"Plan Rows":1232214,"Plan Width":30,"Actual Startup Time":30611.313,"Actual Total Time":31208.203,"Actual Rows":2218175,"Actual Loops":1,"Output":["customer.c_w_id","customer.c_nationkey","orders.o_w_id","order_line.ol_amount","order_line.ol_w_id","order_line.ol_i_id","nation.n_name","nation.n_nationkey"],"Sort Key":["customer.c_w_id","order_line.ol_i_id"],"Sort Method":"external merge","Sort Space Used":94520,"Sort Space Type":"Disk","Shared Hit Blocks":1141740,"Shared Read Blocks":0,"Shared Dirtied Blocks":0,"Shared Written Blocks":0,"Local Hit Blocks":0,"Local Read Blocks":0,"Local Dirtied Blocks":0,"Local Written Blocks":0,"Temp Read Blocks":288611,"Temp Written Blocks":288665,"I/O Read Time":0.0,"I/O Write Time":0.0,"Temp I/O Read Time":438.512,"Temp I/O Write Time":1169.418,"Plans":[{"Node Type":"Hash Join","Parent Relationship":"Outer","Parallel Aware":false,"Async Capable":false,"Join Type":"Inner","Startup Cost":805468.83,"Total Cost":3250193.65,"Plan Rows":1232214,"Plan Width":30,"Actual Startup Time":3217.876,"Actual Total Time":27982.084,"Actual Rows":2218175,"Actual Loops":1,"Output":["customer.c_w_id","customer.c_nationkey","orders.o_w_id","order_line.ol_amount","order_line.ol_w_id","order_line.ol_i_id","nation.n_name","nation.n_nationkey"],"Inner Unique":false,"Hash Cond":"(customer.c_nationkey = nation.n_nationkey)","Shared Hit Blocks":1141740,"Shared Read Blocks":0,"Shared Dirtied Blocks":0,"Shared Written Blocks":0,"Local Hit Blocks":0,"Local Read Blocks":0,"Local Dirtied Blocks":0,"Local Written Blocks":0,"Temp Read Blocks":264991,"Temp Written Blocks":264991,"I/O Read Time":0.0,"I/O Write Time":0.0,"Temp I/O Read Time":401.833,"Temp I/O Write Time":1106.484,"Plans":[{"Node Type":"Hash Join","Parent Relationship":"Outer","Parallel Aware":false,"Async Capable":false,"Join Type":"Inner","Startup Cost":805465.69,"Total Cost":3215161.84,"Plan Rows":6161071,"Plan Width":18,"Actual Startup Time":3210.07,"Actual Total Time":27145.57,"Actual Rows":8568663,"Actual Loops":1,"Output":["customer.c_w_id","customer.c_nationkey","orders.o_w_id","order_line.ol_amount","order_line.ol_w_id","order_line.ol_i_id"],"Inner Unique":true,"Hash Cond":"((orders.o_c_id = customer.c_id) AND (orders.o_w_id = customer.c_w_id) AND (orders.o_d_id = customer.c_d_id))","Shared Hit Blocks":1141738,"Shared Read Blocks":0,"Shared Dirtied Blocks":0,"Shared Written Blocks":0,"Local Hit Blocks":0,"Local Read Blocks":0,"Local Dirtied Blocks":0,"Local Written Blocks":0,"Temp Read Blocks":264991,"Temp Written Blocks":264991,"I/O Read Time":0.0,"I/O Write Time":0.0,"Temp I/O Read Time":401.833,"Temp I/O Write Time":1106.484,"Plans":[{"Node Type":"Hash Join","Parent Relationship":"Outer","Parallel Aware":false,"Async Capable":false,"Join Type":"Inner","Startup Cost":151173.84,"Total Cost":2410851.54,"Plan Rows":6161071,"Plan Width":20,"Actual Startup Time":385.813,"Actual Total Time":20014.2,"Actual Rows":8568663,"Actual Loops":1,"Output":["orders.o_c_id","orders.o_w_id","orders.o_d_id","order_line.ol_amount","order_line.ol_w_id","order_line.ol_d_id","order_line.ol_i_id"],"Inner Unique":true,"Hash Cond":"((order_line.ol_w_id = orders.o_w_id) AND (order_line.ol_d_id = orders.o_d_id) AND (order_line.ol_o_id = orders.o_id))","Shared Hit Blocks":681748,"Shared Read Blocks":0,"Shared Dirtied Blocks":0,"Shared Written Blocks":0,"Local Hit Blocks":0,"Local Read Blocks":0,"Local Dirtied Blocks":0,"Local Written Blocks":0,"Temp Read Blocks":200672,"Temp Written Blocks":200672,"I/O Read Time":0.0,"I/O Write Time":0.0,"Temp I/O Read Time":301.472,"Temp I/O Write Time":797.219,"Plans":[{"Node Type":"Seq Scan","Parent Relationship":"Outer","Parallel Aware":false,"Async Capable":false,"Relation Name":"order_line","Schema":"public","Alias":"order_line","Startup Cost":0.0,"Total Cost":1431670.8,"Plan Rows":42039468,"Plan Width":20,"Actual Startup Time":0.006,"Actual Total Time":7326.036,"Actual Rows":42000489,"Actual Loops":1,"Output":["order_line.ol_amount","order_line.ol_o_id","order_line.ol_w_id","order_line.ol_d_id","order_line.ol_i_id"],"Filter":"(order_line.ol_delivery_d >= '1992-01-02 20:10:02.27764'::timestamp without time zone)","Rows Removed by Filter":17993272,"Shared Hit Blocks":681748,"Shared Read Blocks":0,"Shared Dirtied Blocks":0,"Shared Written Blocks":0,"Local Hit Blocks":0,"Local Read Blocks":0,"Local Dirtied Blocks":0,"Local Written Blocks":0,"Temp Read Blocks":0,"Temp Written Blocks":0,"I/O Read Time":0.0,"I/O Write Time":0.0,"Temp I/O Read Time":0.0,"Temp I/O Write Time":0.0},{"Node Type":"Hash","Parent Relationship":"Inner","Parallel Aware":false,"Async Capable":false,"Startup Cost":131491.69,"Total Cost":131491.69,"Plan Rows":879323,"Plan Width":16,"Actual Startup Time":351.351,"Actual Total Time":351.36,"Actual Rows":856801,"Actual Loops":1,"Output":["orders.o_c_id","orders.o_w_id","orders.o_d_id","orders.o_id"],"Hash Buckets":262144,"Original Hash Buckets":262144,"Hash Batches":8,"Original Hash Batches":8,"Peak Memory Usage":7070,"Shared Hit Blocks":0,"Shared Read Blocks":0,"Shared Dirtied Blocks":0,"Shared Written Blocks":0,"Local Hit Blocks":0,"Local Read Blocks":0,"Local Dirtied Blocks":0,"Local Written Blocks":0,"Temp Read Blocks":0,"Temp Written Blocks":3290,"I/O Read Time":0.0,"I/O Write Time":0.0,"Temp I/O Read Time":0.0,"Temp I/O Write Time":13.984,"Plans":[{"Node Type":"Append","Parent Relationship":"Outer","Parallel Aware":false,"Async Capable":false,"Startup Cost":20.0,"Total Cost":131491.69,"Plan Rows":879323,"Plan Width":16,"Actual Startup Time":0.526,"Actual Total Time":201.173,"Actual Rows":856801,"Actual Loops":1,"Shared Hit Blocks":0,"Shared Read Blocks":0,"Shared Dirtied Blocks":0,"Shared Written Blocks":0,"Local Hit Blocks":0,"Local Read Blocks":0,"Local Dirtied Blocks":0,"Local Written Blocks":0,"Temp Read Blocks":0,"Temp Written Blocks":0,"I/O Read Time":0.0,"I/O Write Time":0.0,"Temp I/O Read Time":0.0,"Temp I/O Write Time":0.0,"Subplans Removed":0,"Plans":[{"Node Type":"Custom Scan","Parent Relationship":"Member","Custom Plan Provider":"columnar scan","Parallel Aware":false,"Async Capable":false,"Relation Name":"orders","Schema":"public","Alias":"orders","Startup Cost":20.0,"Total Cost":20684.21,"Plan Rows":879322,"Plan Width":16,"Actual Startup Time":0.526,"Actual Total Time":140.897,"Actual Rows":856801,"Actual Loops":1,"Output":["orders.o_c_id","orders.o_w_id","orders.o_d_id","orders.o_id"],"Filter":"((orders.o_entry_d < '1994-01-02 20:10:02.27764'::timestamp without time zone) AND (orders.o_entry_d >= '1993-01-02 20:10:02.27764'::timestamp without time zone))","Rows Removed by Filter":0,"Rows Removed by Columnar Filter":5143199,"Columnar cache search mode":"native","Shared Hit Blocks":0,"Shared Read Blocks":0,"Shared Dirtied Blocks":0,"Shared Written Blocks":0,"Local Hit Blocks":0,"Local Read Blocks":0,"Local Dirtied Blocks":0,"Local Written Blocks":0,"Temp Read Blocks":0,"Temp Written Blocks":0,"I/O Read Time":0.0,"I/O Write Time":0.0,"Temp I/O Read Time":0.0,"Temp I/O Write Time":0.0},{"Node Type":"Seq Scan","Parent Relationship":"Member","Parallel Aware":false,"Async Capable":false,"Relation Name":"orders","Schema":"public","Alias":"orders","Startup Cost":0.0,"Total Cost":4.01,"Plan Rows":1,"Plan Width":16,"Actual Startup Time":0.0,"Actual Total Time":0.0,"Actual Rows":0,"Actual Loops":0,"Output":["orders.o_c_id","orders.o_w_id","orders.o_d_id","orders.o_id"],"Filter":"((orders.o_entry_d < '1994-01-02 20:10:02.27764'::timestamp without time zone) AND (orders.o_entry_d >= '1993-01-02 20:10:02.27764'::timestamp without time zone))","Rows Removed by Filter":0,"Shared Hit Blocks":0,"Shared Read Blocks":0,"Shared Dirtied Blocks":0,"Shared Written Blocks":0,"Local Hit Blocks":0,"Local Read Blocks":0,"Local Dirtied Blocks":0,"Local Written Blocks":0,"Temp Read Blocks":0,"Temp Written Blocks":0,"I/O Read Time":0.0,"I/O Write Time":0.0,"Temp I/O Read Time":0.0,"Temp I/O Write Time":0.0}]}]}]},{"Node Type":"Hash","Parent Relationship":"Inner","Parallel Aware":false,"Async Capable":false,"Startup Cost":519991.4,"Total Cost":519991.4,"Plan Rows":6000140,"Plan Width":12,"Actual Startup Time":2817.193,"Actual Total Time":2817.195,"Actual Rows":6000000,"Actual Loops":1,"Output":["customer.c_id","customer.c_w_id","customer.c_d_id","customer.c_nationkey"],"Hash Buckets":262144,"Original Hash Buckets":262144,"Hash Batches":64,"Original Hash Batches":64,"Peak Memory Usage":6073,"Shared Hit Blocks":459990,"Shared Read Blocks":0,"Shared Dirtied Blocks":0,"Shared Written Blocks":0,"Local Hit Blocks":0,"Local Read Blocks":0,"Local Dirtied Blocks":0,"Local Written Blocks":0,"Temp Read Blocks":0,"Temp Written Blocks":23037,"I/O Read Time":0.0,"I/O Write Time":0.0,"Temp I/O Read Time":0.0,"Temp I/O Write Time":112.242,"Plans":[{"Node Type":"Seq Scan","Parent Relationship":"Outer","Parallel Aware":false,"Async Capable":false,"Relation Name":"customer","Schema":"public","Alias":"customer","Startup Cost":0.0,"Total Cost":519991.4,"Plan Rows":6000140,"Plan Width":12,"Actual Startup Time":0.009,"Actual Total Time":1808.321,"Actual Rows":6000000,"Actual Loops":1,"Output":["customer.c_id","customer.c_w_id","customer.c_d_id","customer.c_nationkey"],"Shared Hit Blocks":459990,"Shared Read Blocks":0,"Shared Dirtied Blocks":0,"Shared Written Blocks":0,"Local Hit Blocks":0,"Local Read Blocks":0,"Local Dirtied Blocks":0,"Local Written Blocks":0,"Temp Read Blocks":0,"Temp Written Blocks":0,"I/O Read Time":0.0,"I/O Write Time":0.0,"Temp I/O Read Time":0.0,"Temp I/O Write Time":0.0}]}]},{"Node Type":"Hash","Parent Relationship":"Inner","Parallel Aware":false,"Async Capable":false,"Startup Cost":2.99,"Total Cost":2.99,"Plan Rows":12,"Plan Width":12,"Actual Startup Time":0.042,"Actual Total Time":0.048,"Actual Rows":22,"Actual Loops":1,"Output":["nation.n_name","nation.n_nationkey"],"Hash Buckets":1024,"Original Hash Buckets":1024,"Hash Batches":1,"Original Hash Batches":1,"Peak Memory Usage":9,"Shared Hit Blocks":2,"Shared Read Blocks":0,"Shared Dirtied Blocks":0,"Shared Written Blocks":0,"Local Hit Blocks":0,"Local Read Blocks":0,"Local Dirtied Blocks":0,"Local Written Blocks":0,"Temp Read Blocks":0,"Temp Written Blocks":0,"I/O Read Time":0.0,"I/O Write Time":0.0,"Temp I/O Read Time":0.0,"Temp I/O Write Time":0.0,"Plans":[{"Node Type":"Hash Join","Parent Relationship":"Outer","Parallel Aware":false,"Async Capable":false,"Join Type":"Inner","Startup Cost":1.07,"Total Cost":2.99,"Plan Rows":12,"Plan Width":12,"Actual Startup Time":0.026,"Actual Total Time":0.041,"Actual Rows":22,"Actual Loops":1,"Output":["nation.n_name","nation.n_nationkey"],"Inner Unique":true,"Hash Cond":"(nation.n_regionkey = region.r_regionkey)","Shared Hit Blocks":2,"Shared Read Blocks":0,"Shared Dirtied Blocks":0,"Shared Written Blocks":0,"Local Hit Blocks":0,"Local Read Blocks":0,"Local Dirtied Blocks":0,"Local Written Blocks":0,"Temp Read Blocks":0,"Temp Written Blocks":0,"I/O Read Time":0.0,"I/O Write Time":0.0,"Temp I/O Read Time":0.0,"Temp I/O Write Time":0.0,"Plans":[{"Node Type":"Seq Scan","Parent Relationship":"Outer","Parallel Aware":false,"Async Capable":false,"Relation Name":"nation","Schema":"public","Alias":"nation","Startup Cost":0.0,"Total Cost":1.62,"Plan Rows":62,"Plan Width":16,"Actual Startup Time":0.007,"Actual Total Time":0.01,"Actual Rows":62,"Actual Loops":1,"Output":["nation.n_nationkey","nation.n_name","nation.n_regionkey","nation.n_comment"],"Shared Hit Blocks":1,"Shared Read Blocks":0,"Shared Dirtied Blocks":0,"Shared Written Blocks":0,"Local Hit Blocks":0,"Local Read Blocks":0,"Local Dirtied Blocks":0,"Local Written Blocks":0,"Temp Read Blocks":0,"Temp Written Blocks":0,"I/O Read Time":0.0,"I/O Write Time":0.0,"Temp I/O Read Time":0.0,"Temp I/O Write Time":0.0},{"Node Type":"Hash","Parent Relationship":"Inner","Parallel Aware":false,"Async Capable":false,"Startup Cost":1.06,"Total Cost":1.06,"Plan Rows":1,"Plan Width":4,"Actual Startup Time":0.008,"Actual Total Time":0.01,"Actual Rows":1,"Actual Loops":1,"Output":["region.r_regionkey"],"Hash Buckets":1024,"Original Hash Buckets":1024,"Hash Batches":1,"Original Hash Batches":1,"Peak Memory Usage":9,"Shared Hit Blocks":1,"Shared Read Blocks":0,"Shared Dirtied Blocks":0,"Shared Written Blocks":0,"Local Hit Blocks":0,"Local Read Blocks":0,"Local Dirtied Blocks":0,"Local Written Blocks":0,"Temp Read Blocks":0,"Temp Written Blocks":0,"I/O Read Time":0.0,"I/O Write Time":0.0,"Temp I/O Read Time":0.0,"Temp I/O Write Time":0.0,"Plans":[{"Node Type":"Seq Scan","Parent Relationship":"Outer","Parallel Aware":false,"Async Capable":false,"Relation Name":"region","Schema":"public","Alias":"region","Startup Cost":0.0,"Total Cost":1.06,"Plan Rows":1,"Plan Width":4,"Actual Startup Time":0.006,"Actual Total Time":0.007,"Actual Rows":1,"Actual Loops":1,"Output":["region.r_regionkey"],"Filter":"((region.r_name)::text = 'Europe'::text)","Rows Removed by Filter":4,"Shared Hit Blocks":1,"Shared Read Blocks":0,"Shared Dirtied Blocks":0,"Shared Written Blocks":0,"Local Hit Blocks":0,"Local Read Blocks":0,"Local Dirtied Blocks":0,"Local Written Blocks":0,"Temp Read Blocks":0,"Temp Written Blocks":0,"I/O Read Time":0.0,"I/O Write Time":0.0,"Temp I/O Read Time":0.0,"Temp I/O Write Time":0.0}]}]}]}]}]},{"Node Type":"Index Only Scan","Parent Relationship":"Inner","Parallel Aware":false,"Async Capable":false,"Scan Direction":"Forward","Index Name":"stock_pk","Relation Name":"stock","Schema":"public","Alias":"stock","Startup Cost":0.44,"Total Cost":519363.62,"Plan Rows":20000212,"Plan Width":6,"Actual Startup Time":0.044,"Actual Total Time":1402.447,"Actual Rows":19999994,"Actual Loops":1,"Output":["stock.s_w_id","stock.s_i_id"],"Heap Fetches":0,"Shared Hit Blocks":54673,"Shared Read Blocks":0,"Shared Dirtied Blocks":0,"Shared Written Blocks":0,"Local Hit Blocks":0,"Local Read Blocks":0,"Local Dirtied Blocks":0,"Local Written Blocks":0,"Temp Read Blocks":0,"Temp Written Blocks":0,"I/O Read Time":0.0,"I/O Write Time":0.0,"Temp I/O Read Time":0.0,"Temp I/O Write Time":0.0}]},{"Node Type":"Hash","Parent Relationship":"Inner","Parallel Aware":false,"Async Capable":false,"Startup Cost":219.01,"Total Cost":219.01,"Plan Rows":10001,"Plan Width":8,"Actual Startup Time":3.117,"Actual Total Time":3.119,"Actual Rows":10000,"Actual Loops":1,"Output":["supplier.su_suppkey","supplier.su_nationkey"],"Hash Buckets":16384,"Original Hash Buckets":16384,"Hash Batches":1,"Original Hash Batches":1,"Peak Memory Usage":519,"Shared Hit Blocks":0,"Shared Read Blocks":0,"Shared Dirtied Blocks":0,"Shared Written Blocks":0,"Local Hit Blocks":0,"Local Read Blocks":0,"Local Dirtied Blocks":0,"Local Written Blocks":0,"Temp Read Blocks":0,"Temp Written Blocks":0,"I/O Read Time":0.0,"I/O Write Time":0.0,"Temp I/O Read Time":0.0,"Temp I/O Write Time":0.0,"Plans":[{"Node Type":"Append","Parent Relationship":"Outer","Parallel Aware":false,"Async Capable":false,"Startup Cost":20.0,"Total Cost":219.01,"Plan Rows":10001,"Plan Width":8,"Actual Startup Time":0.014,"Actual Total Time":1.829,"Actual Rows":10000,"Actual Loops":1,"Shared Hit Blocks":0,"Shared Read Blocks":0,"Shared Dirtied Blocks":0,"Shared Written Blocks":0,"Local Hit Blocks":0,"Local Read Blocks":0,"Local Dirtied Blocks":0,"Local Written Blocks":0,"Temp Read Blocks":0,"Temp Written Blocks":0,"I/O Read Time":0.0,"I/O Write Time":0.0,"Temp I/O Read Time":0.0,"Temp I/O Write Time":0.0,"Subplans Removed":0,"Plans":[{"Node Type":"Custom Scan","Parent Relationship":"Member","Custom Plan Provider":"columnar scan","Parallel Aware":false,"Async Capable":false,"Relation Name":"supplier","Schema":"public","Alias":"supplier","Startup Cost":20.0,"Total Cost":215.0,"Plan Rows":10000,"Plan Width":8,"Actual Startup Time":0.012,"Actual Total Time":1.11,"Actual Rows":10000,"Actual Loops":1,"Output":["supplier.su_suppkey","supplier.su_nationkey"],"Rows Removed by Columnar Filter":0,"Columnar cache search mode":"native","Shared Hit Blocks":0,"Shared Read Blocks":0,"Shared Dirtied Blocks":0,"Shared Written Blocks":0,"Local Hit Blocks":0,"Local Read Blocks":0,"Local Dirtied Blocks":0,"Local Written Blocks":0,"Temp Read Blocks":0,"Temp Written Blocks":0,"I/O Read Time":0.0,"I/O Write Time":0.0,"Temp I/O Read Time":0.0,"Temp I/O Write Time":0.0},{"Node Type":"Seq Scan","Parent Relationship":"Member","Parallel Aware":false,"Async Capable":false,"Relation Name":"supplier","Schema":"public","Alias":"supplier","Startup Cost":0.0,"Total Cost":4.01,"Plan Rows":1,"Plan Width":8,"Actual Startup Time":0.0,"Actual Total Time":0.0,"Actual Rows":0,"Actual Loops":0,"Output":["supplier.su_suppkey","supplier.su_nationkey"],"Shared Hit Blocks":0,"Shared Read Blocks":0,"Shared Dirtied Blocks":0,"Shared Written Blocks":0,"Local Hit Blocks":0,"Local Read Blocks":0,"Local Dirtied Blocks":0,"Local Written Blocks":0,"Temp Read Blocks":0,"Temp Written Blocks":0,"I/O Read Time":0.0,"I/O Write Time":0.0,"Temp I/O Read Time":0.0,"Temp I/O Write Time":0.0}]}]}]}]}]}]},"Planning":{"Shared Hit Blocks":220,"Shared Read Blocks":0,"Shared Dirtied Blocks":0,"Shared Written Blocks":0,"Local Hit Blocks":0,"Local Read Blocks":0,"Local Dirtied Blocks":0,"Local Written Blocks":0,"Temp Read Blocks":0,"Temp Written Blocks":0,"I/O Read Time":0.0,"I/O Write Time":0.0,"Temp I/O Read Time":0.0,"Temp I/O Write Time":0.0},"Planning Time":5.273,"Triggers":[],"Execution Time":34587.456}]
[列存组合]: region, stock, supplier
[{"Plan":{"Node Type":"Sort","Parallel Aware":false,"Async Capable":false,"Startup Cost":4086277.85,"Total Cost":4086278.0,"Plan Rows":62,"Plan Width":40,"Actual Startup Time":34766.819,"Actual Total Time":34766.844,"Actual Rows":11,"Actual Loops":1,"Output":["nation.n_name","(sum(order_line.ol_amount))"],"Sort Key":["(sum(order_line.ol_amount)) DESC"],"Sort Method":"quicksort","Sort Space Used":25,"Sort Space Type":"Memory","Shared Hit Blocks":1240535,"Shared Read Blocks":0,"Shared Dirtied Blocks":0,"Shared Written Blocks":0,"Local Hit Blocks":0,"Local Read Blocks":0,"Local Dirtied Blocks":0,"Local Written Blocks":0,"Temp Read Blocks":288611,"Temp Written Blocks":288665,"I/O Read Time":0.0,"I/O Write Time":0.0,"Temp I/O Read Time":437.131,"Temp I/O Write Time":1176.429,"Plans":[{"Node Type":"Aggregate","Strategy":"Sorted","Partial Mode":"Simple","Parent Relationship":"Outer","Parallel Aware":false,"Async Capable":false,"Startup Cost":4086124.2,"Total Cost":4086276.0,"Plan Rows":62,"Plan Width":40,"Actual Startup Time":34760.909,"Actual Total Time":34766.826,"Actual Rows":11,"Actual Loops":1,"Output":["nation.n_name","sum(order_line.ol_amount)"],"Group Key":["nation.n_name"],"Shared Hit Blocks":1240535,"Shared Read Blocks":0,"Shared Dirtied Blocks":0,"Shared Written Blocks":0,"Local Hit Blocks":0,"Local Read Blocks":0,"Local Dirtied Blocks":0,"Local Written Blocks":0,"Temp Read Blocks":288611,"Temp Written Blocks":288665,"I/O Read Time":0.0,"I/O Write Time":0.0,"Temp I/O Read Time":437.131,"Temp I/O Write Time":1176.429,"Plans":[{"Node Type":"Sort","Parent Relationship":"Outer","Parallel Aware":false,"Async Capable":false,"Startup Cost":4086124.2,"Total Cost":4086174.54,"Plan Rows":20136,"Plan Width":12,"Actual Startup Time":34760.471,"Actual Total Time":34762.282,"Actual Rows":35044,"Actual Loops":1,"Output":["nation.n_name","order_line.ol_amount"],"Sort Key":["nation.n_name"],"Sort Method":"quicksort","Sort Space Used":3146,"Sort Space Type":"Memory","Shared Hit Blocks":1240535,"Shared Read Blocks":0,"Shared Dirtied Blocks":0,"Shared Written Blocks":0,"Local Hit Blocks":0,"Local Read Blocks":0,"Local Dirtied Blocks":0,"Local Written Blocks":0,"Temp Read Blocks":288611,"Temp Written Blocks":288665,"I/O Read Time":0.0,"I/O Write Time":0.0,"Temp I/O Read Time":437.131,"Temp I/O Write Time":1176.429,"Plans":[{"Node Type":"Hash Join","Parent Relationship":"Outer","Parallel Aware":false,"Async Capable":false,"Join Type":"Inner","Startup Cost":3436816.76,"Total Cost":4084684.73,"Plan Rows":20136,"Plan Width":12,"Actual Startup Time":30817.486,"Actual Total Time":34741.333,"Actual Rows":35044,"Actual Loops":1,"Output":["nation.n_name","order_line.ol_amount"],"Inner Unique":true,"Hash Cond":"((mod((stock.s_w_id * stock.s_i_id), 10000) = supplier.su_suppkey) AND (customer.c_nationkey = supplier.su_nationkey))","Shared Hit Blocks":1240535,"Shared Read Blocks":0,"Shared Dirtied Blocks":0,"Shared Written Blocks":0,"Local Hit Blocks":0,"Local Read Blocks":0,"Local Dirtied Blocks":0,"Local Written Blocks":0,"Temp Read Blocks":288611,"Temp Written Blocks":288665,"I/O Read Time":0.0,"I/O Write Time":0.0,"Temp I/O Read Time":437.131,"Temp I/O Write Time":1176.429,"Plans":[{"Node Type":"Merge Join","Parent Relationship":"Outer","Parallel Aware":false,"Async Capable":false,"Join Type":"Inner","Startup Cost":3436447.73,"Total Cost":4077480.74,"Plan Rows":1242717,"Plan Width":26,"Actual Startup Time":30813.965,"Actual Total Time":34458.747,"Actual Rows":2218175,"Actual Loops":1,"Output":["customer.c_nationkey","order_line.ol_amount","stock.s_w_id","stock.s_i_id","nation.n_name","nation.n_nationkey"],"Inner Unique":true,"Merge Cond":"((customer.c_w_id = stock.s_w_id) AND (order_line.ol_i_id = stock.s_i_id))","Shared Hit Blocks":1240535,"Shared Read Blocks":0,"Shared Dirtied Blocks":0,"Shared Written Blocks":0,"Local Hit Blocks":0,"Local Read Blocks":0,"Local Dirtied Blocks":0,"Local Written Blocks":0,"Temp Read Blocks":288611,"Temp Written Blocks":288665,"I/O Read Time":0.0,"I/O Write Time":0.0,"Temp I/O Read Time":437.131,"Temp I/O Write Time":1176.429,"Plans":[{"Node Type":"Sort","Parent Relationship":"Outer","Parallel Aware":false,"Async Capable":false,"Startup Cost":3436447.29,"Total Cost":3439527.83,"Plan Rows":1232214,"Plan Width":30,"Actual Startup Time":30813.899,"Actual Total Time":31411.608,"Actual Rows":2218175,"Actual Loops":1,"Output":["customer.c_w_id","customer.c_nationkey","orders.o_w_id","order_line.ol_amount","order_line.ol_w_id","order_line.ol_i_id","nation.n_name","nation.n_nationkey"],"Sort Key":["customer.c_w_id","order_line.ol_i_id"],"Sort Method":"external merge","Sort Space Used":94520,"Sort Space Type":"Disk","Shared Hit Blocks":1185862,"Shared Read Blocks":0,"Shared Dirtied Blocks":0,"Shared Written Blocks":0,"Local Hit Blocks":0,"Local Read Blocks":0,"Local Dirtied Blocks":0,"Local Written Blocks":0,"Temp Read Blocks":288611,"Temp Written Blocks":288665,"I/O Read Time":0.0,"I/O Write Time":0.0,"Temp I/O Read Time":437.131,"Temp I/O Write Time":1176.429,"Plans":[{"Node Type":"Hash Join","Parent Relationship":"Outer","Parallel Aware":false,"Async Capable":false,"Join Type":"Inner","Startup Cost":808098.65,"Total Cost":3252823.46,"Plan Rows":1232214,"Plan Width":30,"Actual Startup Time":3430.027,"Actual Total Time":28171.355,"Actual Rows":2218175,"Actual Loops":1,"Output":["customer.c_w_id","customer.c_nationkey","orders.o_w_id","order_line.ol_amount","order_line.ol_w_id","order_line.ol_i_id","nation.n_name","nation.n_nationkey"],"Inner Unique":false,"Hash Cond":"(customer.c_nationkey = nation.n_nationkey)","Shared Hit Blocks":1185862,"Shared Read Blocks":0,"Shared Dirtied Blocks":0,"Shared Written Blocks":0,"Local Hit Blocks":0,"Local Read Blocks":0,"Local Dirtied Blocks":0,"Local Written Blocks":0,"Temp Read Blocks":264991,"Temp Written Blocks":264991,"I/O Read Time":0.0,"I/O Write Time":0.0,"Temp I/O Read Time":400.73,"Temp I/O Write Time":1113.137,"Plans":[{"Node Type":"Hash Join","Parent Relationship":"Outer","Parallel Aware":false,"Async Capable":false,"Join Type":"Inner","Startup Cost":808095.51,"Total Cost":3217791.66,"Plan Rows":6161071,"Plan Width":18,"Actual Startup Time":3422.267,"Actual Total Time":27338.863,"Actual Rows":8568663,"Actual Loops":1,"Output":["customer.c_w_id","customer.c_nationkey","orders.o_w_id","order_line.ol_amount","order_line.ol_w_id","order_line.ol_i_id"],"Inner Unique":true,"Hash Cond":"((orders.o_c_id = customer.c_id) AND (orders.o_w_id = customer.c_w_id) AND (orders.o_d_id = customer.c_d_id))","Shared Hit Blocks":1185860,"Shared Read Blocks":0,"Shared Dirtied Blocks":0,"Shared Written Blocks":0,"Local Hit Blocks":0,"Local Read Blocks":0,"Local Dirtied Blocks":0,"Local Written Blocks":0,"Temp Read Blocks":264991,"Temp Written Blocks":264991,"I/O Read Time":0.0,"I/O Write Time":0.0,"Temp I/O Read Time":400.73,"Temp I/O Write Time":1113.137,"Plans":[{"Node Type":"Hash Join","Parent Relationship":"Outer","Parallel Aware":false,"Async Capable":false,"Join Type":"Inner","Startup Cost":153803.65,"Total Cost":2413481.36,"Plan Rows":6161071,"Plan Width":20,"Actual Startup Time":621.706,"Actual Total Time":20237.765,"Actual Rows":8568663,"Actual Loops":1,"Output":["orders.o_c_id","orders.o_w_id","orders.o_d_id","order_line.ol_amount","order_line.ol_w_id","order_line.ol_d_id","order_line.ol_i_id"],"Inner Unique":true,"Hash Cond":"((order_line.ol_w_id = orders.o_w_id) AND (order_line.ol_d_id = orders.o_d_id) AND (order_line.ol_o_id = orders.o_id))","Shared Hit Blocks":725870,"Shared Read Blocks":0,"Shared Dirtied Blocks":0,"Shared Written Blocks":0,"Local Hit Blocks":0,"Local Read Blocks":0,"Local Dirtied Blocks":0,"Local Written Blocks":0,"Temp Read Blocks":200672,"Temp Written Blocks":200672,"I/O Read Time":0.0,"I/O Write Time":0.0,"Temp I/O Read Time":301.355,"Temp I/O Write Time":801.676,"Plans":[{"Node Type":"Seq Scan","Parent Relationship":"Outer","Parallel Aware":false,"Async Capable":false,"Relation Name":"order_line","Schema":"public","Alias":"order_line","Startup Cost":0.0,"Total Cost":1431670.8,"Plan Rows":42039468,"Plan Width":20,"Actual Startup Time":0.006,"Actual Total Time":7321.544,"Actual Rows":42000489,"Actual Loops":1,"Output":["order_line.ol_amount","order_line.ol_o_id","order_line.ol_w_id","order_line.ol_d_id","order_line.ol_i_id"],"Filter":"(order_line.ol_delivery_d >= '1992-01-02 20:10:02.27764'::timestamp without time zone)","Rows Removed by Filter":17993272,"Shared Hit Blocks":681748,"Shared Read Blocks":0,"Shared Dirtied Blocks":0,"Shared Written Blocks":0,"Local Hit Blocks":0,"Local Read Blocks":0,"Local Dirtied Blocks":0,"Local Written Blocks":0,"Temp Read Blocks":0,"Temp Written Blocks":0,"I/O Read Time":0.0,"I/O Write Time":0.0,"Temp I/O Read Time":0.0,"Temp I/O Write Time":0.0},{"Node Type":"Hash","Parent Relationship":"Inner","Parallel Aware":false,"Async Capable":false,"Startup Cost":134121.52,"Total Cost":134121.52,"Plan Rows":879322,"Plan Width":16,"Actual Startup Time":587.332,"Actual Total Time":587.336,"Actual Rows":856801,"Actual Loops":1,"Output":["orders.o_c_id","orders.o_w_id","orders.o_d_id","orders.o_id"],"Hash Buckets":262144,"Original Hash Buckets":262144,"Hash Batches":8,"Original Hash Batches":8,"Peak Memory Usage":7070,"Shared Hit Blocks":44122,"Shared Read Blocks":0,"Shared Dirtied Blocks":0,"Shared Written Blocks":0,"Local Hit Blocks":0,"Local Read Blocks":0,"Local Dirtied Blocks":0,"Local Written Blocks":0,"Temp Read Blocks":0,"Temp Written Blocks":3290,"I/O Read Time":0.0,"I/O Write Time":0.0,"Temp I/O Read Time":0.0,"Temp I/O Write Time":14.884,"Plans":[{"Node Type":"Seq Scan","Parent Relationship":"Outer","Parallel Aware":false,"Async Capable":false,"Relation Name":"orders","Schema":"public","Alias":"orders","Startup Cost":0.0,"Total Cost":134121.52,"Plan Rows":879322,"Plan Width":16,"Actual Startup Time":0.592,"Actual Total Time":438.452,"Actual Rows":856801,"Actual Loops":1,"Output":["orders.o_c_id","orders.o_w_id","orders.o_d_id","orders.o_id"],"Filter":"((orders.o_entry_d >= '1993-01-02 20:10:02.27764'::timestamp without time zone) AND (orders.o_entry_d < '1994-01-02 20:10:02.27764'::timestamp without time zone))","Rows Removed by Filter":5143199,"Shared Hit Blocks":44122,"Shared Read Blocks":0,"Shared Dirtied Blocks":0,"Shared Written Blocks":0,"Local Hit Blocks":0,"Local Read Blocks":0,"Local Dirtied Blocks":0,"Local Written Blocks":0,"Temp Read Blocks":0,"Temp Written Blocks":0,"I/O Read Time":0.0,"I/O Write Time":0.0,"Temp I/O Read Time":0.0,"Temp I/O Write Time":0.0}]}]},{"Node Type":"Hash","Parent Relationship":"Inner","Parallel Aware":false,"Async Capable":false,"Startup Cost":519991.4,"Total Cost":519991.4,"Plan Rows":6000140,"Plan Width":12,"Actual Startup Time":2793.47,"Actual Total Time":2793.473,"Actual Rows":6000000,"Actual Loops":1,"Output":["customer.c_id","customer.c_w_id","customer.c_d_id","customer.c_nationkey"],"Hash Buckets":262144,"Original Hash Buckets":262144,"Hash Batches":64,"Original Hash Batches":64,"Peak Memory Usage":6073,"Shared Hit Blocks":459990,"Shared Read Blocks":0,"Shared Dirtied Blocks":0,"Shared Written Blocks":0,"Local Hit Blocks":0,"Local Read Blocks":0,"Local Dirtied Blocks":0,"Local Written Blocks":0,"Temp Read Blocks":0,"Temp Written Blocks":23037,"I/O Read Time":0.0,"I/O Write Time":0.0,"Temp I/O Read Time":0.0,"Temp I/O Write Time":113.616,"Plans":[{"Node Type":"Seq Scan","Parent Relationship":"Outer","Parallel Aware":false,"Async Capable":false,"Relation Name":"customer","Schema":"public","Alias":"customer","Startup Cost":0.0,"Total Cost":519991.4,"Plan Rows":6000140,"Plan Width":12,"Actual Startup Time":0.016,"Actual Total Time":1796.004,"Actual Rows":6000000,"Actual Loops":1,"Output":["customer.c_id","customer.c_w_id","customer.c_d_id","customer.c_nationkey"],"Shared Hit Blocks":459990,"Shared Read Blocks":0,"Shared Dirtied Blocks":0,"Shared Written Blocks":0,"Local Hit Blocks":0,"Local Read Blocks":0,"Local Dirtied Blocks":0,"Local Written Blocks":0,"Temp Read Blocks":0,"Temp Written Blocks":0,"I/O Read Time":0.0,"I/O Write Time":0.0,"Temp I/O Read Time":0.0,"Temp I/O Write Time":0.0}]}]},{"Node Type":"Hash","Parent Relationship":"Inner","Parallel Aware":false,"Async Capable":false,"Startup Cost":2.99,"Total Cost":2.99,"Plan Rows":12,"Plan Width":12,"Actual Startup Time":0.044,"Actual Total Time":0.048,"Actual Rows":22,"Actual Loops":1,"Output":["nation.n_name","nation.n_nationkey"],"Hash Buckets":1024,"Original Hash Buckets":1024,"Hash Batches":1,"Original Hash Batches":1,"Peak Memory Usage":9,"Shared Hit Blocks":2,"Shared Read Blocks":0,"Shared Dirtied Blocks":0,"Shared Written Blocks":0,"Local Hit Blocks":0,"Local Read Blocks":0,"Local Dirtied Blocks":0,"Local Written Blocks":0,"Temp Read Blocks":0,"Temp Written Blocks":0,"I/O Read Time":0.0,"I/O Write Time":0.0,"Temp I/O Read Time":0.0,"Temp I/O Write Time":0.0,"Plans":[{"Node Type":"Hash Join","Parent Relationship":"Outer","Parallel Aware":false,"Async Capable":false,"Join Type":"Inner","Startup Cost":1.07,"Total Cost":2.99,"Plan Rows":12,"Plan Width":12,"Actual Startup Time":0.027,"Actual Total Time":0.041,"Actual Rows":22,"Actual Loops":1,"Output":["nation.n_name","nation.n_nationkey"],"Inner Unique":true,"Hash Cond":"(nation.n_regionkey = region.r_regionkey)","Shared Hit Blocks":2,"Shared Read Blocks":0,"Shared Dirtied Blocks":0,"Shared Written Blocks":0,"Local Hit Blocks":0,"Local Read Blocks":0,"Local Dirtied Blocks":0,"Local Written Blocks":0,"Temp Read Blocks":0,"Temp Written Blocks":0,"I/O Read Time":0.0,"I/O Write Time":0.0,"Temp I/O Read Time":0.0,"Temp I/O Write Time":0.0,"Plans":[{"Node Type":"Seq Scan","Parent Relationship":"Outer","Parallel Aware":false,"Async Capable":false,"Relation Name":"nation","Schema":"public","Alias":"nation","Startup Cost":0.0,"Total Cost":1.62,"Plan Rows":62,"Plan Width":16,"Actual Startup Time":0.007,"Actual Total Time":0.011,"Actual Rows":62,"Actual Loops":1,"Output":["nation.n_nationkey","nation.n_name","nation.n_regionkey","nation.n_comment"],"Shared Hit Blocks":1,"Shared Read Blocks":0,"Shared Dirtied Blocks":0,"Shared Written Blocks":0,"Local Hit Blocks":0,"Local Read Blocks":0,"Local Dirtied Blocks":0,"Local Written Blocks":0,"Temp Read Blocks":0,"Temp Written Blocks":0,"I/O Read Time":0.0,"I/O Write Time":0.0,"Temp I/O Read Time":0.0,"Temp I/O Write Time":0.0},{"Node Type":"Hash","Parent Relationship":"Inner","Parallel Aware":false,"Async Capable":false,"Startup Cost":1.06,"Total Cost":1.06,"Plan Rows":1,"Plan Width":4,"Actual Startup Time":0.009,"Actual Total Time":0.01,"Actual Rows":1,"Actual Loops":1,"Output":["region.r_regionkey"],"Hash Buckets":1024,"Original Hash Buckets":1024,"Hash Batches":1,"Original Hash Batches":1,"Peak Memory Usage":9,"Shared Hit Blocks":1,"Shared Read Blocks":0,"Shared Dirtied Blocks":0,"Shared Written Blocks":0,"Local Hit Blocks":0,"Local Read Blocks":0,"Local Dirtied Blocks":0,"Local Written Blocks":0,"Temp Read Blocks":0,"Temp Written Blocks":0,"I/O Read Time":0.0,"I/O Write Time":0.0,"Temp I/O Read Time":0.0,"Temp I/O Write Time":0.0,"Plans":[{"Node Type":"Seq Scan","Parent Relationship":"Outer","Parallel Aware":false,"Async Capable":false,"Relation Name":"region","Schema":"public","Alias":"region","Startup Cost":0.0,"Total Cost":1.06,"Plan Rows":1,"Plan Width":4,"Actual Startup Time":0.007,"Actual Total Time":0.008,"Actual Rows":1,"Actual Loops":1,"Output":["region.r_regionkey"],"Filter":"((region.r_name)::text = 'Europe'::text)","Rows Removed by Filter":4,"Shared Hit Blocks":1,"Shared Read Blocks":0,"Shared Dirtied Blocks":0,"Shared Written Blocks":0,"Local Hit Blocks":0,"Local Read Blocks":0,"Local Dirtied Blocks":0,"Local Written Blocks":0,"Temp Read Blocks":0,"Temp Written Blocks":0,"I/O Read Time":0.0,"I/O Write Time":0.0,"Temp I/O Read Time":0.0,"Temp I/O Write Time":0.0}]}]}]}]}]},{"Node Type":"Index Only Scan","Parent Relationship":"Inner","Parallel Aware":false,"Async Capable":false,"Scan Direction":"Forward","Index Name":"stock_pk","Relation Name":"stock","Schema":"public","Alias":"stock","Startup Cost":0.44,"Total Cost":519363.62,"Plan Rows":20000212,"Plan Width":6,"Actual Startup Time":0.05,"Actual Total Time":1402.379,"Actual Rows":19999994,"Actual Loops":1,"Output":["stock.s_w_id","stock.s_i_id"],"Heap Fetches":0,"Shared Hit Blocks":54673,"Shared Read Blocks":0,"Shared Dirtied Blocks":0,"Shared Written Blocks":0,"Local Hit Blocks":0,"Local Read Blocks":0,"Local Dirtied Blocks":0,"Local Written Blocks":0,"Temp Read Blocks":0,"Temp Written Blocks":0,"I/O Read Time":0.0,"I/O Write Time":0.0,"Temp I/O Read Time":0.0,"Temp I/O Write Time":0.0}]},{"Node Type":"Hash","Parent Relationship":"Inner","Parallel Aware":false,"Async Capable":false,"Startup Cost":219.01,"Total Cost":219.01,"Plan Rows":10001,"Plan Width":8,"Actual Startup Time":3.087,"Actual Total Time":3.09,"Actual Rows":10000,"Actual Loops":1,"Output":["supplier.su_suppkey","supplier.su_nationkey"],"Hash Buckets":16384,"Original Hash Buckets":16384,"Hash Batches":1,"Original Hash Batches":1,"Peak Memory Usage":519,"Shared Hit Blocks":0,"Shared Read Blocks":0,"Shared Dirtied Blocks":0,"Shared Written Blocks":0,"Local Hit Blocks":0,"Local Read Blocks":0,"Local Dirtied Blocks":0,"Local Written Blocks":0,"Temp Read Blocks":0,"Temp Written Blocks":0,"I/O Read Time":0.0,"I/O Write Time":0.0,"Temp I/O Read Time":0.0,"Temp I/O Write Time":0.0,"Plans":[{"Node Type":"Append","Parent Relationship":"Outer","Parallel Aware":false,"Async Capable":false,"Startup Cost":20.0,"Total Cost":219.01,"Plan Rows":10001,"Plan Width":8,"Actual Startup Time":0.015,"Actual Total Time":1.789,"Actual Rows":10000,"Actual Loops":1,"Shared Hit Blocks":0,"Shared Read Blocks":0,"Shared Dirtied Blocks":0,"Shared Written Blocks":0,"Local Hit Blocks":0,"Local Read Blocks":0,"Local Dirtied Blocks":0,"Local Written Blocks":0,"Temp Read Blocks":0,"Temp Written Blocks":0,"I/O Read Time":0.0,"I/O Write Time":0.0,"Temp I/O Read Time":0.0,"Temp I/O Write Time":0.0,"Subplans Removed":0,"Plans":[{"Node Type":"Custom Scan","Parent Relationship":"Member","Custom Plan Provider":"columnar scan","Parallel Aware":false,"Async Capable":false,"Relation Name":"supplier","Schema":"public","Alias":"supplier","Startup Cost":20.0,"Total Cost":215.0,"Plan Rows":10000,"Plan Width":8,"Actual Startup Time":0.014,"Actual Total Time":1.081,"Actual Rows":10000,"Actual Loops":1,"Output":["supplier.su_suppkey","supplier.su_nationkey"],"Rows Removed by Columnar Filter":0,"Columnar cache search mode":"native","Shared Hit Blocks":0,"Shared Read Blocks":0,"Shared Dirtied Blocks":0,"Shared Written Blocks":0,"Local Hit Blocks":0,"Local Read Blocks":0,"Local Dirtied Blocks":0,"Local Written Blocks":0,"Temp Read Blocks":0,"Temp Written Blocks":0,"I/O Read Time":0.0,"I/O Write Time":0.0,"Temp I/O Read Time":0.0,"Temp I/O Write Time":0.0},{"Node Type":"Seq Scan","Parent Relationship":"Member","Parallel Aware":false,"Async Capable":false,"Relation Name":"supplier","Schema":"public","Alias":"supplier","Startup Cost":0.0,"Total Cost":4.01,"Plan Rows":1,"Plan Width":8,"Actual Startup Time":0.0,"Actual Total Time":0.0,"Actual Rows":0,"Actual Loops":0,"Output":["supplier.su_suppkey","supplier.su_nationkey"],"Shared Hit Blocks":0,"Shared Read Blocks":0,"Shared Dirtied Blocks":0,"Shared Written Blocks":0,"Local Hit Blocks":0,"Local Read Blocks":0,"Local Dirtied Blocks":0,"Local Written Blocks":0,"Temp Read Blocks":0,"Temp Written Blocks":0,"I/O Read Time":0.0,"I/O Write Time":0.0,"Temp I/O Read Time":0.0,"Temp I/O Write Time":0.0}]}]}]}]}]}]},"Planning":{"Shared Hit Blocks":220,"Shared Read Blocks":0,"Shared Dirtied Blocks":0,"Shared Written Blocks":0,"Local Hit Blocks":0,"Local Read Blocks":0,"Local Dirtied Blocks":0,"Local Written Blocks":0,"Temp Read Blocks":0,"Temp Written Blocks":0,"I/O Read Time":0.0,"I/O Write Time":0.0,"Temp I/O Read Time":0.0,"Temp I/O Write Time":0.0},"Planning Time":5.75,"Triggers":[],"Execution Time":34781.677}]
[列存组合]: customer, nation, order_line, orders
[{"Plan":{"Node Type":"Sort","Parallel Aware":false,"Async Capable":false,"Startup Cost":4045478.12,"Total Cost":4045478.27,"Plan Rows":62,"Plan Width":40,"Actual Startup Time":20615.561,"Actual Total Time":20615.595,"Actual Rows":11,"Actual Loops":1,"Output":["nation.n_name","(sum(order_line.ol_amount))"],"Sort Key":["(sum(order_line.ol_amount)) DESC"],"Sort Method":"quicksort","Sort Space Used":25,"Sort Space Type":"Memory","Shared Hit Blocks":54892,"Shared Read Blocks":0,"Shared Dirtied Blocks":0,"Shared Written Blocks":0,"Local Hit Blocks":0,"Local Read Blocks":0,"Local Dirtied Blocks":0,"Local Written Blocks":0,"Temp Read Blocks":131755,"Temp Written Blocks":131809,"I/O Read Time":0.0,"I/O Write Time":0.0,"Temp I/O Read Time":203.631,"Temp I/O Write Time":541.047,"Plans":[{"Node Type":"Aggregate","Strategy":"Sorted","Partial Mode":"Simple","Parent Relationship":"Outer","Parallel Aware":false,"Async Capable":false,"Startup Cost":4045324.48,"Total Cost":4045476.27,"Plan Rows":62,"Plan Width":40,"Actual Startup Time":20609.637,"Actual Total Time":20615.578,"Actual Rows":11,"Actual Loops":1,"Output":["nation.n_name","sum(order_line.ol_amount)"],"Group Key":["nation.n_name"],"Shared Hit Blocks":54892,"Shared Read Blocks":0,"Shared Dirtied Blocks":0,"Shared Written Blocks":0,"Local Hit Blocks":0,"Local Read Blocks":0,"Local Dirtied Blocks":0,"Local Written Blocks":0,"Temp Read Blocks":131755,"Temp Written Blocks":131809,"I/O Read Time":0.0,"I/O Write Time":0.0,"Temp I/O Read Time":203.631,"Temp I/O Write Time":541.047,"Plans":[{"Node Type":"Sort","Parent Relationship":"Outer","Parallel Aware":false,"Async Capable":false,"Startup Cost":4045324.48,"Total Cost":4045374.82,"Plan Rows":20136,"Plan Width":12,"Actual Startup Time":20609.199,"Actual Total Time":20611.028,"Actual Rows":35044,"Actual Loops":1,"Output":["nation.n_name","order_line.ol_amount"],"Sort Key":["nation.n_name"],"Sort Method":"quicksort","Sort Space Used":3146,"Sort Space Type":"Memory","Shared Hit Blocks":54892,"Shared Read Blocks":0,"Shared Dirtied Blocks":0,"Shared Written Blocks":0,"Local Hit Blocks":0,"Local Read Blocks":0,"Local Dirtied Blocks":0,"Local Written Blocks":0,"Temp Read Blocks":131755,"Temp Written Blocks":131809,"I/O Read Time":0.0,"I/O Write Time":0.0,"Temp I/O Read Time":203.631,"Temp I/O Write Time":541.047,"Plans":[{"Node Type":"Hash Join","Parent Relationship":"Outer","Parallel Aware":false,"Async Capable":false,"Join Type":"Inner","Startup Cost":3396017.03,"Total Cost":4043885.01,"Plan Rows":20136,"Plan Width":12,"Actual Startup Time":16712.756,"Actual Total Time":20590.032,"Actual Rows":35044,"Actual Loops":1,"Output":["nation.n_name","order_line.ol_amount"],"Inner Unique":true,"Hash Cond":"((mod((stock.s_w_id * stock.s_i_id), 10000) = supplier.su_suppkey) AND (customer.c_nationkey = supplier.su_nationkey))","Shared Hit Blocks":54892,"Shared Read Blocks":0,"Shared Dirtied Blocks":0,"Shared Written Blocks":0,"Local Hit Blocks":0,"Local Read Blocks":0,"Local Dirtied Blocks":0,"Local Written Blocks":0,"Temp Read Blocks":131755,"Temp Written Blocks":131809,"I/O Read Time":0.0,"I/O Write Time":0.0,"Temp I/O Read Time":203.631,"Temp I/O Write Time":541.047,"Plans":[{"Node Type":"Merge Join","Parent Relationship":"Outer","Parallel Aware":false,"Async Capable":false,"Join Type":"Inner","Startup Cost":3395550.03,"Total Cost":4036583.03,"Plan Rows":1242717,"Plan Width":26,"Actual Startup Time":16709.697,"Actual Total Time":20311.013,"Actual Rows":2218175,"Actual Loops":1,"Output":["customer.c_nationkey","order_line.ol_amount","stock.s_w_id","stock.s_i_id","nation.n_name","nation.n_nationkey"],"Inner Unique":true,"Merge Cond":"((customer.c_w_id = stock.s_w_id) AND (order_line.ol_i_id = stock.s_i_id))","Shared Hit Blocks":54675,"Shared Read Blocks":0,"Shared Dirtied Blocks":0,"Shared Written Blocks":0,"Local Hit Blocks":0,"Local Read Blocks":0,"Local Dirtied Blocks":0,"Local Written Blocks":0,"Temp Read Blocks":131755,"Temp Written Blocks":131809,"I/O Read Time":0.0,"I/O Write Time":0.0,"Temp I/O Read Time":203.631,"Temp I/O Write Time":541.047,"Plans":[{"Node Type":"Sort","Parent Relationship":"Outer","Parallel Aware":false,"Async Capable":false,"Startup Cost":3395549.59,"Total Cost":3398630.13,"Plan Rows":1232214,"Plan Width":30,"Actual Startup Time":16709.638,"Actual Total Time":17305.257,"Actual Rows":2218175,"Actual Loops":1,"Output":["customer.c_w_id","customer.c_nationkey","orders.o_w_id","order_line.ol_amount","order_line.ol_w_id","order_line.ol_i_id","nation.n_name","nation.n_nationkey"],"Sort Key":["customer.c_w_id","order_line.ol_i_id"],"Sort Method":"external merge","Sort Space Used":94520,"Sort Space Type":"Disk","Shared Hit Blocks":2,"Shared Read Blocks":0,"Shared Dirtied Blocks":0,"Shared Written Blocks":0,"Local Hit Blocks":0,"Local Read Blocks":0,"Local Dirtied Blocks":0,"Local Written Blocks":0,"Temp Read Blocks":131755,"Temp Written Blocks":131809,"I/O Read Time":0.0,"I/O Write Time":0.0,"Temp I/O Read Time":203.631,"Temp I/O Write Time":541.047,"Plans":[{"Node Type":"Hash Join","Parent Relationship":"Outer","Parallel Aware":false,"Async Capable":false,"Join Type":"Inner","Startup Cost":795292.92,"Total Cost":3211925.76,"Plan Rows":1232214,"Plan Width":30,"Actual Startup Time":2749.812,"Actual Total Time":14079.338,"Actual Rows":2218175,"Actual Loops":1,"Output":["customer.c_w_id","customer.c_nationkey","orders.o_w_id","order_line.ol_amount","order_line.ol_w_id","order_line.ol_i_id","nation.n_name","nation.n_nationkey"],"Inner Unique":false,"Hash Cond":"(customer.c_nationkey = nation.n_nationkey)","Shared Hit Blocks":2,"Shared Read Blocks":0,"Shared Dirtied Blocks":0,"Shared Written Blocks":0,"Local Hit Blocks":0,"Local Read Blocks":0,"Local Dirtied Blocks":0,"Local Written Blocks":0,"Temp Read Blocks":108135,"Temp Written Blocks":108135,"I/O Read Time":0.0,"I/O Write Time":0.0,"Temp I/O Read Time":168.542,"Temp I/O Write Time":478.539,"Plans":[{"Node Type":"Hash Join","Parent Relationship":"Outer","Parallel Aware":false,"Async Capable":false,"Join Type":"Inner","Startup Cost":795289.78,"Total Cost":3176893.95,"Plan Rows":6161071,"Plan Width":18,"Actual Startup Time":2743.175,"Actual Total Time":13242.631,"Actual Rows":8568663,"Actual Loops":1,"Output":["customer.c_w_id","customer.c_nationkey","orders.o_w_id","order_line.ol_amount","order_line.ol_w_id","order_line.ol_i_id"],"Inner Unique":true,"Hash Cond":"((orders.o_c_id = customer.c_id) AND (orders.o_w_id = customer.c_w_id) AND (orders.o_d_id = customer.c_d_id))","Shared Hit Blocks":0,"Shared Read Blocks":0,"Shared Dirtied Blocks":0,"Shared Written Blocks":0,"Local Hit Blocks":0,"Local Read Blocks":0,"Local Dirtied Blocks":0,"Local Written Blocks":0,"Temp Read Blocks":108135,"Temp Written Blocks":108135,"I/O Read Time":0.0,"I/O Write Time":0.0,"Temp I/O Read Time":168.542,"Temp I/O Write Time":478.539,"Plans":[{"Node Type":"Hash Join","Parent Relationship":"Outer","Parallel Aware":false,"Async Capable":false,"Join Type":"Inner","Startup Cost":151193.84,"Total Cost":2382779.57,"Plan Rows":6161071,"Plan Width":20,"Actual Startup Time":413.565,"Actual Total Time":6653.402,"Actual Rows":8568663,"Actual Loops":1,"Output":["orders.o_c_id","orders.o_w_id","orders.o_d_id","order_line.ol_amount","order_line.ol_w_id","order_line.ol_d_id","order_line.ol_i_id"],"Inner Unique":true,"Hash Cond":"((order_line.ol_w_id = orders.o_w_id) AND (order_line.ol_d_id = orders.o_d_id) AND (order_line.ol_o_id = orders.o_id))","Shared Hit Blocks":0,"Shared Read Blocks":0,"Shared Dirtied Blocks":0,"Shared Written Blocks":0,"Local Hit Blocks":0,"Local Read Blocks":0,"Local Dirtied Blocks":0,"Local Written Blocks":0,"Temp Read Blocks":43816,"Temp Written Blocks":43816,"I/O Read Time":0.0,"I/O Write Time":0.0,"Temp I/O Read Time":69.126,"Temp I/O Write Time":187.848,"Plans":[{"Node Type":"Append","Parent Relationship":"Outer","Parallel Aware":false,"Async Capable":false,"Startup Cost":20.0,"Total Cost":1403598.82,"Plan Rows":42039468,"Plan Width":20,"Actual Startup Time":1.378,"Actual Total Time":2575.136,"Actual Rows":8620885,"Actual Loops":1,"Shared Hit Blocks":0,"Shared Read Blocks":0,"Shared Dirtied Blocks":0,"Shared Written Blocks":0,"Local Hit Blocks":0,"Local Read Blocks":0,"Local Dirtied Blocks":0,"Local Written Blocks":0,"Temp Read Blocks":0,"Temp Written Blocks":0,"I/O Read Time":0.0,"I/O Write Time":0.0,"Temp I/O Read Time":0.0,"Temp I/O Write Time":0.0,"Subplans Removed":0,"Plans":[{"Node Type":"Custom Scan","Parent Relationship":"Member","Custom Plan Provider":"columnar scan","Parallel Aware":false,"Async Capable":false,"Relation Name":"order_line","Schema":"public","Alias":"order_line","Startup Cost":20.0,"Total Cost":1072026.23,"Plan Rows":42039424,"Plan Width":20,"Actual Startup Time":1.377,"Actual Total Time":1975.555,"Actual Rows":8620885,"Actual Loops":1,"Output":["order_line.ol_amount","order_line.ol_o_id","order_line.ol_w_id","order_line.ol_d_id","order_line.ol_i_id"],"Filter":"(order_line.ol_delivery_d >= '1992-01-02 20:10:02.27764'::timestamp without time zone)","Rows Removed by Filter":0,"Rows Removed by Columnar Filter":51372876,"Rows Filtered by Bloom Filter":0,"Dictionary Rows Filtered by Bloom Filter":51372876,"Columnar cache search mode":"native","Shared Hit Blocks":0,"Shared Read Blocks":0,"Shared Dirtied Blocks":0,"Shared Written Blocks":0,"Local Hit Blocks":0,"Local Read Blocks":0,"Local Dirtied Blocks":0,"Local Written Blocks":0,"Temp Read Blocks":0,"Temp Written Blocks":0,"I/O Read Time":0.0,"I/O Write Time":0.0,"Temp I/O Read Time":0.0,"Temp I/O Write Time":0.0},{"Node Type":"Seq Scan","Parent Relationship":"Member","Parallel Aware":false,"Async Capable":false,"Relation Name":"order_line","Schema":"public","Alias":"order_line","Startup Cost":0.0,"Total Cost":4.79,"Plan Rows":44,"Plan Width":20,"Actual Startup Time":0.0,"Actual Total Time":0.0,"Actual Rows":0,"Actual Loops":0,"Output":["order_line.ol_amount","order_line.ol_o_id","order_line.ol_w_id","order_line.ol_d_id","order_line.ol_i_id"],"Filter":"(order_line.ol_delivery_d >= '1992-01-02 20:10:02.27764'::timestamp without time zone)","Rows Removed by Filter":0,"Shared Hit Blocks":0,"Shared Read Blocks":0,"Shared Dirtied Blocks":0,"Shared Written Blocks":0,"Local Hit Blocks":0,"Local Read Blocks":0,"Local Dirtied Blocks":0,"Local Written Blocks":0,"Temp Read Blocks":0,"Temp Written Blocks":0,"I/O Read Time":0.0,"I/O Write Time":0.0,"Temp I/O Read Time":0.0,"Temp I/O Write Time":0.0}]},{"Node Type":"Hash","Parent Relationship":"Inner","Parallel Aware":false,"Async Capable":false,"Startup Cost":131491.69,"Total Cost":131491.69,"Plan Rows":879323,"Plan Width":16,"Actual Startup Time":410.907,"Actual Total Time":410.913,"Actual Rows":856801,"Actual Loops":1,"Output":["orders.o_c_id","orders.o_w_id","orders.o_d_id","orders.o_id"],"Hash Buckets":262144,"Original Hash Buckets":262144,"Hash Batches":8,"Original Hash Batches":8,"Peak Memory Usage":7070,"Shared Hit Blocks":0,"Shared Read Blocks":0,"Shared Dirtied Blocks":0,"Shared Written Blocks":0,"Local Hit Blocks":0,"Local Read Blocks":0,"Local Dirtied Blocks":0,"Local Written Blocks":0,"Temp Read Blocks":0,"Temp Written Blocks":3290,"I/O Read Time":0.0,"I/O Write Time":0.0,"Temp I/O Read Time":0.0,"Temp I/O Write Time":14.453,"Plans":[{"Node Type":"Append","Parent Relationship":"Outer","Parallel Aware":false,"Async Capable":false,"Startup Cost":20.0,"Total Cost":131491.69,"Plan Rows":879323,"Plan Width":16,"Actual Startup Time":0.498,"Actual Total Time":207.875,"Actual Rows":856801,"Actual Loops":1,"Shared Hit Blocks":0,"Shared Read Blocks":0,"Shared Dirtied Blocks":0,"Shared Written Blocks":0,"Local Hit Blocks":0,"Local Read Blocks":0,"Local Dirtied Blocks":0,"Local Written Blocks":0,"Temp Read Blocks":0,"Temp Written Blocks":0,"I/O Read Time":0.0,"I/O Write Time":0.0,"Temp I/O Read Time":0.0,"Temp I/O Write Time":0.0,"Subplans Removed":0,"Plans":[{"Node Type":"Custom Scan","Parent Relationship":"Member","Custom Plan Provider":"columnar scan","Parallel Aware":false,"Async Capable":false,"Relation Name":"orders","Schema":"public","Alias":"orders","Startup Cost":20.0,"Total Cost":20684.21,"Plan Rows":879322,"Plan Width":16,"Actual Startup Time":0.497,"Actual Total Time":145.389,"Actual Rows":856801,"Actual Loops":1,"Output":["orders.o_c_id","orders.o_w_id","orders.o_d_id","orders.o_id"],"Filter":"((orders.o_entry_d < '1994-01-02 20:10:02.27764'::timestamp without time zone) AND (orders.o_entry_d >= '1993-01-02 20:10:02.27764'::timestamp without time zone))","Rows Removed by Filter":0,"Rows Removed by Columnar Filter":5143199,"Columnar cache search mode":"native","Shared Hit Blocks":0,"Shared Read Blocks":0,"Shared Dirtied Blocks":0,"Shared Written Blocks":0,"Local Hit Blocks":0,"Local Read Blocks":0,"Local Dirtied Blocks":0,"Local Written Blocks":0,"Temp Read Blocks":0,"Temp Written Blocks":0,"I/O Read Time":0.0,"I/O Write Time":0.0,"Temp I/O Read Time":0.0,"Temp I/O Write Time":0.0},{"Node Type":"Seq Scan","Parent Relationship":"Member","Parallel Aware":false,"Async Capable":false,"Relation Name":"orders","Schema":"public","Alias":"orders","Startup Cost":0.0,"Total Cost":4.01,"Plan Rows":1,"Plan Width":16,"Actual Startup Time":0.0,"Actual Total Time":0.0,"Actual Rows":0,"Actual Loops":0,"Output":["orders.o_c_id","orders.o_w_id","orders.o_d_id","orders.o_id"],"Filter":"((orders.o_entry_d < '1994-01-02 20:10:02.27764'::timestamp without time zone) AND (orders.o_entry_d >= '1993-01-02 20:10:02.27764'::timestamp without time zone))","Rows Removed by Filter":0,"Shared Hit Blocks":0,"Shared Read Blocks":0,"Shared Dirtied Blocks":0,"Shared Written Blocks":0,"Local Hit Blocks":0,"Local Read Blocks":0,"Local Dirtied Blocks":0,"Local Written Blocks":0,"Temp Read Blocks":0,"Temp Written Blocks":0,"I/O Read Time":0.0,"I/O Write Time":0.0,"Temp I/O Read Time":0.0,"Temp I/O Write Time":0.0}]}]}]},{"Node Type":"Hash","Parent Relationship":"Inner","Parallel Aware":false,"Async Capable":false,"Startup Cost":509795.49,"Total Cost":509795.49,"Plan Rows":6000140,"Plan Width":12,"Actual Startup Time":2323.538,"Actual Total Time":2323.543,"Actual Rows":6000000,"Actual Loops":1,"Output":["customer.c_id","customer.c_w_id","customer.c_d_id","customer.c_nationkey"],"Hash Buckets":262144,"Original Hash Buckets":262144,"Hash Batches":64,"Original Hash Batches":64,"Peak Memory Usage":6073,"Shared Hit Blocks":0,"Shared Read Blocks":0,"Shared Dirtied Blocks":0,"Shared Written Blocks":0,"Local Hit Blocks":0,"Local Read Blocks":0,"Local Dirtied Blocks":0,"Local Written Blocks":0,"Temp Read Blocks":0,"Temp Written Blocks":23037,"I/O Read Time":0.0,"I/O Write Time":0.0,"Temp I/O Read Time":0.0,"Temp I/O Write Time":101.981,"Plans":[{"Node Type":"Append","Parent Relationship":"Outer","Parallel Aware":false,"Async Capable":false,"Startup Cost":20.0,"Total Cost":509795.49,"Plan Rows":6000140,"Plan Width":12,"Actual Startup Time":0.013,"Actual Total Time":1314.017,"Actual Rows":6000000,"Actual Loops":1,"Shared Hit Blocks":0,"Shared Read Blocks":0,"Shared Dirtied Blocks":0,"Shared Written Blocks":0,"Local Hit Blocks":0,"Local Read Blocks":0,"Local Dirtied Blocks":0,"Local Written Blocks":0,"Temp Read Blocks":0,"Temp Written Blocks":0,"I/O Read Time":0.0,"I/O Write Time":0.0,"Temp I/O Read Time":0.0,"Temp I/O Write Time":0.0,"Subplans Removed":0,"Plans":[{"Node Type":"Custom Scan","Parent Relationship":"Member","Custom Plan Provider":"columnar scan","Parallel Aware":false,"Async Capable":false,"Relation Name":"customer","Schema":"public","Alias":"customer","Startup Cost":20.0,"Total Cost":141020.06,"Plan Rows":6000000,"Plan Width":12,"Actual Startup Time":0.012,"Actual Total Time":893.85,"Actual Rows":6000000,"Actual Loops":1,"Output":["customer.c_id","customer.c_w_id","customer.c_d_id","customer.c_nationkey"],"Rows Removed by Columnar Filter":0,"Columnar cache search mode":"native","Shared Hit Blocks":0,"Shared Read Blocks":0,"Shared Dirtied Blocks":0,"Shared Written Blocks":0,"Local Hit Blocks":0,"Local Read Blocks":0,"Local Dirtied Blocks":0,"Local Written Blocks":0,"Temp Read Blocks":0,"Temp Written Blocks":0,"I/O Read Time":0.0,"I/O Write Time":0.0,"Temp I/O Read Time":0.0,"Temp I/O Write Time":0.0},{"Node Type":"Seq Scan","Parent Relationship":"Member","Parallel Aware":false,"Async Capable":false,"Relation Name":"customer","Schema":"public","Alias":"customer","Startup Cost":0.0,"Total Cost":5.4,"Plan Rows":140,"Plan Width":12,"Actual Startup Time":0.0,"Actual Total Time":0.0,"Actual Rows":0,"Actual Loops":0,"Output":["customer.c_id","customer.c_w_id","customer.c_d_id","customer.c_nationkey"],"Shared Hit Blocks":0,"Shared Read Blocks":0,"Shared Dirtied Blocks":0,"Shared Written Blocks":0,"Local Hit Blocks":0,"Local Read Blocks":0,"Local Dirtied Blocks":0,"Local Written Blocks":0,"Temp Read Blocks":0,"Temp Written Blocks":0,"I/O Read Time":0.0,"I/O Write Time":0.0,"Temp I/O Read Time":0.0,"Temp I/O Write Time":0.0}]}]}]},{"Node Type":"Hash","Parent Relationship":"Inner","Parallel Aware":false,"Async Capable":false,"Startup Cost":2.99,"Total Cost":2.99,"Plan Rows":12,"Plan Width":12,"Actual Startup Time":0.044,"Actual Total Time":0.049,"Actual Rows":22,"Actual Loops":1,"Output":["nation.n_name","nation.n_nationkey"],"Hash Buckets":1024,"Original Hash Buckets":1024,"Hash Batches":1,"Original Hash Batches":1,"Peak Memory Usage":9,"Shared Hit Blocks":2,"Shared Read Blocks":0,"Shared Dirtied Blocks":0,"Shared Written Blocks":0,"Local Hit Blocks":0,"Local Read Blocks":0,"Local Dirtied Blocks":0,"Local Written Blocks":0,"Temp Read Blocks":0,"Temp Written Blocks":0,"I/O Read Time":0.0,"I/O Write Time":0.0,"Temp I/O Read Time":0.0,"Temp I/O Write Time":0.0,"Plans":[{"Node Type":"Hash Join","Parent Relationship":"Outer","Parallel Aware":false,"Async Capable":false,"Join Type":"Inner","Startup Cost":1.07,"Total Cost":2.99,"Plan Rows":12,"Plan Width":12,"Actual Startup Time":0.027,"Actual Total Time":0.044,"Actual Rows":22,"Actual Loops":1,"Output":["nation.n_name","nation.n_nationkey"],"Inner Unique":true,"Hash Cond":"(nation.n_regionkey = region.r_regionkey)","Shared Hit Blocks":2,"Shared Read Blocks":0,"Shared Dirtied Blocks":0,"Shared Written Blocks":0,"Local Hit Blocks":0,"Local Read Blocks":0,"Local Dirtied Blocks":0,"Local Written Blocks":0,"Temp Read Blocks":0,"Temp Written Blocks":0,"I/O Read Time":0.0,"I/O Write Time":0.0,"Temp I/O Read Time":0.0,"Temp I/O Write Time":0.0,"Plans":[{"Node Type":"Seq Scan","Parent Relationship":"Outer","Parallel Aware":false,"Async Capable":false,"Relation Name":"nation","Schema":"public","Alias":"nation","Startup Cost":0.0,"Total Cost":1.62,"Plan Rows":62,"Plan Width":16,"Actual Startup Time":0.004,"Actual Total Time":0.008,"Actual Rows":62,"Actual Loops":1,"Output":["nation.n_nationkey","nation.n_name","nation.n_regionkey","nation.n_comment"],"Shared Hit Blocks":1,"Shared Read Blocks":0,"Shared Dirtied Blocks":0,"Shared Written Blocks":0,"Local Hit Blocks":0,"Local Read Blocks":0,"Local Dirtied Blocks":0,"Local Written Blocks":0,"Temp Read Blocks":0,"Temp Written Blocks":0,"I/O Read Time":0.0,"I/O Write Time":0.0,"Temp I/O Read Time":0.0,"Temp I/O Write Time":0.0},{"Node Type":"Hash","Parent Relationship":"Inner","Parallel Aware":false,"Async Capable":false,"Startup Cost":1.06,"Total Cost":1.06,"Plan Rows":1,"Plan Width":4,"Actual Startup Time":0.01,"Actual Total Time":0.011,"Actual Rows":1,"Actual Loops":1,"Output":["region.r_regionkey"],"Hash Buckets":1024,"Original Hash Buckets":1024,"Hash Batches":1,"Original Hash Batches":1,"Peak Memory Usage":9,"Shared Hit Blocks":1,"Shared Read Blocks":0,"Shared Dirtied Blocks":0,"Shared Written Blocks":0,"Local Hit Blocks":0,"Local Read Blocks":0,"Local Dirtied Blocks":0,"Local Written Blocks":0,"Temp Read Blocks":0,"Temp Written Blocks":0,"I/O Read Time":0.0,"I/O Write Time":0.0,"Temp I/O Read Time":0.0,"Temp I/O Write Time":0.0,"Plans":[{"Node Type":"Seq Scan","Parent Relationship":"Outer","Parallel Aware":false,"Async Capable":false,"Relation Name":"region","Schema":"public","Alias":"region","Startup Cost":0.0,"Total Cost":1.06,"Plan Rows":1,"Plan Width":4,"Actual Startup Time":0.008,"Actual Total Time":0.008,"Actual Rows":1,"Actual Loops":1,"Output":["region.r_regionkey"],"Filter":"((region.r_name)::text = 'Europe'::text)","Rows Removed by Filter":4,"Shared Hit Blocks":1,"Shared Read Blocks":0,"Shared Dirtied Blocks":0,"Shared Written Blocks":0,"Local Hit Blocks":0,"Local Read Blocks":0,"Local Dirtied Blocks":0,"Local Written Blocks":0,"Temp Read Blocks":0,"Temp Written Blocks":0,"I/O Read Time":0.0,"I/O Write Time":0.0,"Temp I/O Read Time":0.0,"Temp I/O Write Time":0.0}]}]}]}]}]},{"Node Type":"Index Only Scan","Parent Relationship":"Inner","Parallel Aware":false,"Async Capable":false,"Scan Direction":"Forward","Index Name":"stock_pk","Relation Name":"stock","Schema":"public","Alias":"stock","Startup Cost":0.44,"Total Cost":519363.62,"Plan Rows":20000212,"Plan Width":6,"Actual Startup Time":0.043,"Actual Total Time":1396.454,"Actual Rows":19999994,"Actual Loops":1,"Output":["stock.s_w_id","stock.s_i_id"],"Heap Fetches":0,"Shared Hit Blocks":54673,"Shared Read Blocks":0,"Shared Dirtied Blocks":0,"Shared Written Blocks":0,"Local Hit Blocks":0,"Local Read Blocks":0,"Local Dirtied Blocks":0,"Local Written Blocks":0,"Temp Read Blocks":0,"Temp Written Blocks":0,"I/O Read Time":0.0,"I/O Write Time":0.0,"Temp I/O Read Time":0.0,"Temp I/O Write Time":0.0}]},{"Node Type":"Hash","Parent Relationship":"Inner","Parallel Aware":false,"Async Capable":false,"Startup Cost":317.0,"Total Cost":317.0,"Plan Rows":10000,"Plan Width":8,"Actual Startup Time":2.618,"Actual Total Time":2.619,"Actual Rows":10000,"Actual Loops":1,"Output":["supplier.su_suppkey","supplier.su_nationkey"],"Hash Buckets":16384,"Original Hash Buckets":16384,"Hash Batches":1,"Original Hash Batches":1,"Peak Memory Usage":519,"Shared Hit Blocks":217,"Shared Read Blocks":0,"Shared Dirtied Blocks":0,"Shared Written Blocks":0,"Local Hit Blocks":0,"Local Read Blocks":0,"Local Dirtied Blocks":0,"Local Written Blocks":0,"Temp Read Blocks":0,"Temp Written Blocks":0,"I/O Read Time":0.0,"I/O Write Time":0.0,"Temp I/O Read Time":0.0,"Temp I/O Write Time":0.0,"Plans":[{"Node Type":"Seq Scan","Parent Relationship":"Outer","Parallel Aware":false,"Async Capable":false,"Relation Name":"supplier","Schema":"public","Alias":"supplier","Startup Cost":0.0,"Total Cost":317.0,"Plan Rows":10000,"Plan Width":8,"Actual Startup Time":0.011,"Actual Total Time":1.305,"Actual Rows":10000,"Actual Loops":1,"Output":["supplier.su_suppkey","supplier.su_nationkey"],"Shared Hit Blocks":217,"Shared Read Blocks":0,"Shared Dirtied Blocks":0,"Shared Written Blocks":0,"Local Hit Blocks":0,"Local Read Blocks":0,"Local Dirtied Blocks":0,"Local Written Blocks":0,"Temp Read Blocks":0,"Temp Written Blocks":0,"I/O Read Time":0.0,"I/O Write Time":0.0,"Temp I/O Read Time":0.0,"Temp I/O Write Time":0.0}]}]}]}]}]},"Planning":{"Shared Hit Blocks":220,"Shared Read Blocks":0,"Shared Dirtied Blocks":0,"Shared Written Blocks":0,"Local Hit Blocks":0,"Local Read Blocks":0,"Local Dirtied Blocks":0,"Local Written Blocks":0,"Temp Read Blocks":0,"Temp Written Blocks":0,"I/O Read Time":0.0,"I/O Write Time":0.0,"Temp I/O Read Time":0.0,"Temp I/O Write Time":0.0},"Planning Time":5.582,"Triggers":[],"Execution Time":20631.25}]
[列存组合]: customer, nation, order_line, region
[{"Plan":{"Node Type":"Sort","Parallel Aware":false,"Async Capable":false,"Startup Cost":4048107.93,"Total Cost":4048108.09,"Plan Rows":62,"Plan Width":40,"Actual Startup Time":20883.696,"Actual Total Time":20883.729,"Actual Rows":11,"Actual Loops":1,"Output":["nation.n_name","(sum(order_line.ol_amount))"],"Sort Key":["(sum(order_line.ol_amount)) DESC"],"Sort Method":"quicksort","Sort Space Used":25,"Sort Space Type":"Memory","Shared Hit Blocks":99014,"Shared Read Blocks":0,"Shared Dirtied Blocks":0,"Shared Written Blocks":0,"Local Hit Blocks":0,"Local Read Blocks":0,"Local Dirtied Blocks":0,"Local Written Blocks":0,"Temp Read Blocks":131755,"Temp Written Blocks":131809,"I/O Read Time":0.0,"I/O Write Time":0.0,"Temp I/O Read Time":204.921,"Temp I/O Write Time":538.944,"Plans":[{"Node Type":"Aggregate","Strategy":"Sorted","Partial Mode":"Simple","Parent Relationship":"Outer","Parallel Aware":false,"Async Capable":false,"Startup Cost":4047954.29,"Total Cost":4048106.09,"Plan Rows":62,"Plan Width":40,"Actual Startup Time":20877.672,"Actual Total Time":20883.707,"Actual Rows":11,"Actual Loops":1,"Output":["nation.n_name","sum(order_line.ol_amount)"],"Group Key":["nation.n_name"],"Shared Hit Blocks":99014,"Shared Read Blocks":0,"Shared Dirtied Blocks":0,"Shared Written Blocks":0,"Local Hit Blocks":0,"Local Read Blocks":0,"Local Dirtied Blocks":0,"Local Written Blocks":0,"Temp Read Blocks":131755,"Temp Written Blocks":131809,"I/O Read Time":0.0,"I/O Write Time":0.0,"Temp I/O Read Time":204.921,"Temp I/O Write Time":538.944,"Plans":[{"Node Type":"Sort","Parent Relationship":"Outer","Parallel Aware":false,"Async Capable":false,"Startup Cost":4047954.29,"Total Cost":4048004.63,"Plan Rows":20136,"Plan Width":12,"Actual Startup Time":20877.226,"Actual Total Time":20879.026,"Actual Rows":35044,"Actual Loops":1,"Output":["nation.n_name","order_line.ol_amount"],"Sort Key":["nation.n_name"],"Sort Method":"quicksort","Sort Space Used":3146,"Sort Space Type":"Memory","Shared Hit Blocks":99014,"Shared Read Blocks":0,"Shared Dirtied Blocks":0,"Shared Written Blocks":0,"Local Hit Blocks":0,"Local Read Blocks":0,"Local Dirtied Blocks":0,"Local Written Blocks":0,"Temp Read Blocks":131755,"Temp Written Blocks":131809,"I/O Read Time":0.0,"I/O Write Time":0.0,"Temp I/O Read Time":204.921,"Temp I/O Write Time":538.944,"Plans":[{"Node Type":"Hash Join","Parent Relationship":"Outer","Parallel Aware":false,"Async Capable":false,"Join Type":"Inner","Startup Cost":3398646.84,"Total Cost":4046514.82,"Plan Rows":20136,"Plan Width":12,"Actual Startup Time":16990.84,"Actual Total Time":20858.414,"Actual Rows":35044,"Actual Loops":1,"Output":["nation.n_name","order_line.ol_amount"],"Inner Unique":true,"Hash Cond":"((mod((stock.s_w_id * stock.s_i_id), 10000) = supplier.su_suppkey) AND (customer.c_nationkey = supplier.su_nationkey))","Shared Hit Blocks":99014,"Shared Read Blocks":0,"Shared Dirtied Blocks":0,"Shared Written Blocks":0,"Local Hit Blocks":0,"Local Read Blocks":0,"Local Dirtied Blocks":0,"Local Written Blocks":0,"Temp Read Blocks":131755,"Temp Written Blocks":131809,"I/O Read Time":0.0,"I/O Write Time":0.0,"Temp I/O Read Time":204.921,"Temp I/O Write Time":538.944,"Plans":[{"Node Type":"Merge Join","Parent Relationship":"Outer","Parallel Aware":false,"Async Capable":false,"Join Type":"Inner","Startup Cost":3398179.84,"Total Cost":4039212.85,"Plan Rows":1242717,"Plan Width":26,"Actual Startup Time":16987.83,"Actual Total Time":20578.919,"Actual Rows":2218175,"Actual Loops":1,"Output":["customer.c_nationkey","order_line.ol_amount","stock.s_w_id","stock.s_i_id","nation.n_name","nation.n_nationkey"],"Inner Unique":true,"Merge Cond":"((customer.c_w_id = stock.s_w_id) AND (order_line.ol_i_id = stock.s_i_id))","Shared Hit Blocks":98797,"Shared Read Blocks":0,"Shared Dirtied Blocks":0,"Shared Written Blocks":0,"Local Hit Blocks":0,"Local Read Blocks":0,"Local Dirtied Blocks":0,"Local Written Blocks":0,"Temp Read Blocks":131755,"Temp Written Blocks":131809,"I/O Read Time":0.0,"I/O Write Time":0.0,"Temp I/O Read Time":204.921,"Temp I/O Write Time":538.944,"Plans":[{"Node Type":"Sort","Parent Relationship":"Outer","Parallel Aware":false,"Async Capable":false,"Startup Cost":3398179.41,"Total Cost":3401259.94,"Plan Rows":1232214,"Plan Width":30,"Actual Startup Time":16987.777,"Actual Total Time":17583.694,"Actual Rows":2218175,"Actual Loops":1,"Output":["customer.c_w_id","customer.c_nationkey","orders.o_w_id","order_line.ol_amount","order_line.ol_w_id","order_line.ol_i_id","nation.n_name","nation.n_nationkey"],"Sort Key":["customer.c_w_id","order_line.ol_i_id"],"Sort Method":"external merge","Sort Space Used":94520,"Sort Space Type":"Disk","Shared Hit Blocks":44124,"Shared Read Blocks":0,"Shared Dirtied Blocks":0,"Shared Written Blocks":0,"Local Hit Blocks":0,"Local Read Blocks":0,"Local Dirtied Blocks":0,"Local Written Blocks":0,"Temp Read Blocks":131755,"Temp Written Blocks":131809,"I/O Read Time":0.0,"I/O Write Time":0.0,"Temp I/O Read Time":204.921,"Temp I/O Write Time":538.944,"Plans":[{"Node Type":"Hash Join","Parent Relationship":"Outer","Parallel Aware":false,"Async Capable":false,"Join Type":"Inner","Startup Cost":797922.74,"Total Cost":3214555.58,"Plan Rows":1232214,"Plan Width":30,"Actual Startup Time":2983.356,"Actual Total Time":14357.27,"Actual Rows":2218175,"Actual Loops":1,"Output":["customer.c_w_id","customer.c_nationkey","orders.o_w_id","order_line.ol_amount","order_line.ol_w_id","order_line.ol_i_id","nation.n_name","nation.n_nationkey"],"Inner Unique":false,"Hash Cond":"(customer.c_nationkey = nation.n_nationkey)","Shared Hit Blocks":44124,"Shared Read Blocks":0,"Shared Dirtied Blocks":0,"Shared Written Blocks":0,"Local Hit Blocks":0,"Local Read Blocks":0,"Local Dirtied Blocks":0,"Local Written Blocks":0,"Temp Read Blocks":108135,"Temp Written Blocks":108135,"I/O Read Time":0.0,"I/O Write Time":0.0,"Temp I/O Read Time":169.171,"Temp I/O Write Time":476.513,"Plans":[{"Node Type":"Hash Join","Parent Relationship":"Outer","Parallel Aware":false,"Async Capable":false,"Join Type":"Inner","Startup Cost":797919.6,"Total Cost":3179523.77,"Plan Rows":6161071,"Plan Width":18,"Actual Startup Time":2976.681,"Actual Total Time":13521.423,"Actual Rows":8568663,"Actual Loops":1,"Output":["customer.c_w_id","customer.c_nationkey","orders.o_w_id","order_line.ol_amount","order_line.ol_w_id","order_line.ol_i_id"],"Inner Unique":true,"Hash Cond":"((orders.o_c_id = customer.c_id) AND (orders.o_w_id = customer.c_w_id) AND (orders.o_d_id = customer.c_d_id))","Shared Hit Blocks":44122,"Shared Read Blocks":0,"Shared Dirtied Blocks":0,"Shared Written Blocks":0,"Local Hit Blocks":0,"Local Read Blocks":0,"Local Dirtied Blocks":0,"Local Written Blocks":0,"Temp Read Blocks":108135,"Temp Written Blocks":108135,"I/O Read Time":0.0,"I/O Write Time":0.0,"Temp I/O Read Time":169.171,"Temp I/O Write Time":476.513,"Plans":[{"Node Type":"Hash Join","Parent Relationship":"Outer","Parallel Aware":false,"Async Capable":false,"Join Type":"Inner","Startup Cost":153823.65,"Total Cost":2385409.38,"Plan Rows":6161071,"Plan Width":20,"Actual Startup Time":642.088,"Actual Total Time":6904.204,"Actual Rows":8568663,"Actual Loops":1,"Output":["orders.o_c_id","orders.o_w_id","orders.o_d_id","order_line.ol_amount","order_line.ol_w_id","order_line.ol_d_id","order_line.ol_i_id"],"Inner Unique":true,"Hash Cond":"((order_line.ol_w_id = orders.o_w_id) AND (order_line.ol_d_id = orders.o_d_id) AND (order_line.ol_o_id = orders.o_id))","Shared Hit Blocks":44122,"Shared Read Blocks":0,"Shared Dirtied Blocks":0,"Shared Written Blocks":0,"Local Hit Blocks":0,"Local Read Blocks":0,"Local Dirtied Blocks":0,"Local Written Blocks":0,"Temp Read Blocks":43816,"Temp Written Blocks":43816,"I/O Read Time":0.0,"I/O Write Time":0.0,"Temp I/O Read Time":68.768,"Temp I/O Write Time":187.18,"Plans":[{"Node Type":"Append","Parent Relationship":"Outer","Parallel Aware":false,"Async Capable":false,"Startup Cost":20.0,"Total Cost":1403598.82,"Plan Rows":42039468,"Plan Width":20,"Actual Startup Time":1.418,"Actual Total Time":2586.177,"Actual Rows":8620885,"Actual Loops":1,"Shared Hit Blocks":0,"Shared Read Blocks":0,"Shared Dirtied Blocks":0,"Shared Written Blocks":0,"Local Hit Blocks":0,"Local Read Blocks":0,"Local Dirtied Blocks":0,"Local Written Blocks":0,"Temp Read Blocks":0,"Temp Written Blocks":0,"I/O Read Time":0.0,"I/O Write Time":0.0,"Temp I/O Read Time":0.0,"Temp I/O Write Time":0.0,"Subplans Removed":0,"Plans":[{"Node Type":"Custom Scan","Parent Relationship":"Member","Custom Plan Provider":"columnar scan","Parallel Aware":false,"Async Capable":false,"Relation Name":"order_line","Schema":"public","Alias":"order_line","Startup Cost":20.0,"Total Cost":1072026.23,"Plan Rows":42039424,"Plan Width":20,"Actual Startup Time":1.417,"Actual Total Time":1969.407,"Actual Rows":8620885,"Actual Loops":1,"Output":["order_line.ol_amount","order_line.ol_o_id","order_line.ol_w_id","order_line.ol_d_id","order_line.ol_i_id"],"Filter":"(order_line.ol_delivery_d >= '1992-01-02 20:10:02.27764'::timestamp without time zone)","Rows Removed by Filter":0,"Rows Removed by Columnar Filter":51372876,"Rows Filtered by Bloom Filter":0,"Dictionary Rows Filtered by Bloom Filter":51372876,"Columnar cache search mode":"native","Shared Hit Blocks":0,"Shared Read Blocks":0,"Shared Dirtied Blocks":0,"Shared Written Blocks":0,"Local Hit Blocks":0,"Local Read Blocks":0,"Local Dirtied Blocks":0,"Local Written Blocks":0,"Temp Read Blocks":0,"Temp Written Blocks":0,"I/O Read Time":0.0,"I/O Write Time":0.0,"Temp I/O Read Time":0.0,"Temp I/O Write Time":0.0},{"Node Type":"Seq Scan","Parent Relationship":"Member","Parallel Aware":false,"Async Capable":false,"Relation Name":"order_line","Schema":"public","Alias":"order_line","Startup Cost":0.0,"Total Cost":4.79,"Plan Rows":44,"Plan Width":20,"Actual Startup Time":0.0,"Actual Total Time":0.0,"Actual Rows":0,"Actual Loops":0,"Output":["order_line.ol_amount","order_line.ol_o_id","order_line.ol_w_id","order_line.ol_d_id","order_line.ol_i_id"],"Filter":"(order_line.ol_delivery_d >= '1992-01-02 20:10:02.27764'::timestamp without time zone)","Rows Removed by Filter":0,"Shared Hit Blocks":0,"Shared Read Blocks":0,"Shared Dirtied Blocks":0,"Shared Written Blocks":0,"Local Hit Blocks":0,"Local Read Blocks":0,"Local Dirtied Blocks":0,"Local Written Blocks":0,"Temp Read Blocks":0,"Temp Written Blocks":0,"I/O Read Time":0.0,"I/O Write Time":0.0,"Temp I/O Read Time":0.0,"Temp I/O Write Time":0.0}]},{"Node Type":"Hash","Parent Relationship":"Inner","Parallel Aware":false,"Async Capable":false,"Startup Cost":134121.52,"Total Cost":134121.52,"Plan Rows":879322,"Plan Width":16,"Actual Startup Time":639.328,"Actual Total Time":639.33,"Actual Rows":856801,"Actual Loops":1,"Output":["orders.o_c_id","orders.o_w_id","orders.o_d_id","orders.o_id"],"Hash Buckets":262144,"Original Hash Buckets":262144,"Hash Batches":8,"Original Hash Batches":8,"Peak Memory Usage":7070,"Shared Hit Blocks":44122,"Shared Read Blocks":0,"Shared Dirtied Blocks":0,"Shared Written Blocks":0,"Local Hit Blocks":0,"Local Read Blocks":0,"Local Dirtied Blocks":0,"Local Written Blocks":0,"Temp Read Blocks":0,"Temp Written Blocks":3290,"I/O Read Time":0.0,"I/O Write Time":0.0,"Temp I/O Read Time":0.0,"Temp I/O Write Time":15.062,"Plans":[{"Node Type":"Seq Scan","Parent Relationship":"Outer","Parallel Aware":false,"Async Capable":false,"Relation Name":"orders","Schema":"public","Alias":"orders","Startup Cost":0.0,"Total Cost":134121.52,"Plan Rows":879322,"Plan Width":16,"Actual Startup Time":0.596,"Actual Total Time":442.381,"Actual Rows":856801,"Actual Loops":1,"Output":["orders.o_c_id","orders.o_w_id","orders.o_d_id","orders.o_id"],"Filter":"((orders.o_entry_d >= '1993-01-02 20:10:02.27764'::timestamp without time zone) AND (orders.o_entry_d < '1994-01-02 20:10:02.27764'::timestamp without time zone))","Rows Removed by Filter":5143199,"Shared Hit Blocks":44122,"Shared Read Blocks":0,"Shared Dirtied Blocks":0,"Shared Written Blocks":0,"Local Hit Blocks":0,"Local Read Blocks":0,"Local Dirtied Blocks":0,"Local Written Blocks":0,"Temp Read Blocks":0,"Temp Written Blocks":0,"I/O Read Time":0.0,"I/O Write Time":0.0,"Temp I/O Read Time":0.0,"Temp I/O Write Time":0.0}]}]},{"Node Type":"Hash","Parent Relationship":"Inner","Parallel Aware":false,"Async Capable":false,"Startup Cost":509795.49,"Total Cost":509795.49,"Plan Rows":6000140,"Plan Width":12,"Actual Startup Time":2328.474,"Actual Total Time":2328.478,"Actual Rows":6000000,"Actual Loops":1,"Output":["customer.c_id","customer.c_w_id","customer.c_d_id","customer.c_nationkey"],"Hash Buckets":262144,"Original Hash Buckets":262144,"Hash Batches":64,"Original Hash Batches":64,"Peak Memory Usage":6073,"Shared Hit Blocks":0,"Shared Read Blocks":0,"Shared Dirtied Blocks":0,"Shared Written Blocks":0,"Local Hit Blocks":0,"Local Read Blocks":0,"Local Dirtied Blocks":0,"Local Written Blocks":0,"Temp Read Blocks":0,"Temp Written Blocks":23037,"I/O Read Time":0.0,"I/O Write Time":0.0,"Temp I/O Read Time":0.0,"Temp I/O Write Time":100.44,"Plans":[{"Node Type":"Append","Parent Relationship":"Outer","Parallel Aware":false,"Async Capable":false,"Startup Cost":20.0,"Total Cost":509795.49,"Plan Rows":6000140,"Plan Width":12,"Actual Startup Time":0.014,"Actual Total Time":1324.379,"Actual Rows":6000000,"Actual Loops":1,"Shared Hit Blocks":0,"Shared Read Blocks":0,"Shared Dirtied Blocks":0,"Shared Written Blocks":0,"Local Hit Blocks":0,"Local Read Blocks":0,"Local Dirtied Blocks":0,"Local Written Blocks":0,"Temp Read Blocks":0,"Temp Written Blocks":0,"I/O Read Time":0.0,"I/O Write Time":0.0,"Temp I/O Read Time":0.0,"Temp I/O Write Time":0.0,"Subplans Removed":0,"Plans":[{"Node Type":"Custom Scan","Parent Relationship":"Member","Custom Plan Provider":"columnar scan","Parallel Aware":false,"Async Capable":false,"Relation Name":"customer","Schema":"public","Alias":"customer","Startup Cost":20.0,"Total Cost":141020.06,"Plan Rows":6000000,"Plan Width":12,"Actual Startup Time":0.013,"Actual Total Time":894.74,"Actual Rows":6000000,"Actual Loops":1,"Output":["customer.c_id","customer.c_w_id","customer.c_d_id","customer.c_nationkey"],"Rows Removed by Columnar Filter":0,"Columnar cache search mode":"native","Shared Hit Blocks":0,"Shared Read Blocks":0,"Shared Dirtied Blocks":0,"Shared Written Blocks":0,"Local Hit Blocks":0,"Local Read Blocks":0,"Local Dirtied Blocks":0,"Local Written Blocks":0,"Temp Read Blocks":0,"Temp Written Blocks":0,"I/O Read Time":0.0,"I/O Write Time":0.0,"Temp I/O Read Time":0.0,"Temp I/O Write Time":0.0},{"Node Type":"Seq Scan","Parent Relationship":"Member","Parallel Aware":false,"Async Capable":false,"Relation Name":"customer","Schema":"public","Alias":"customer","Startup Cost":0.0,"Total Cost":5.4,"Plan Rows":140,"Plan Width":12,"Actual Startup Time":0.0,"Actual Total Time":0.0,"Actual Rows":0,"Actual Loops":0,"Output":["customer.c_id","customer.c_w_id","customer.c_d_id","customer.c_nationkey"],"Shared Hit Blocks":0,"Shared Read Blocks":0,"Shared Dirtied Blocks":0,"Shared Written Blocks":0,"Local Hit Blocks":0,"Local Read Blocks":0,"Local Dirtied Blocks":0,"Local Written Blocks":0,"Temp Read Blocks":0,"Temp Written Blocks":0,"I/O Read Time":0.0,"I/O Write Time":0.0,"Temp I/O Read Time":0.0,"Temp I/O Write Time":0.0}]}]}]},{"Node Type":"Hash","Parent Relationship":"Inner","Parallel Aware":false,"Async Capable":false,"Startup Cost":2.99,"Total Cost":2.99,"Plan Rows":12,"Plan Width":12,"Actual Startup Time":0.039,"Actual Total Time":0.044,"Actual Rows":22,"Actual Loops":1,"Output":["nation.n_name","nation.n_nationkey"],"Hash Buckets":1024,"Original Hash Buckets":1024,"Hash Batches":1,"Original Hash Batches":1,"Peak Memory Usage":9,"Shared Hit Blocks":2,"Shared Read Blocks":0,"Shared Dirtied Blocks":0,"Shared Written Blocks":0,"Local Hit Blocks":0,"Local Read Blocks":0,"Local Dirtied Blocks":0,"Local Written Blocks":0,"Temp Read Blocks":0,"Temp Written Blocks":0,"I/O Read Time":0.0,"I/O Write Time":0.0,"Temp I/O Read Time":0.0,"Temp I/O Write Time":0.0,"Plans":[{"Node Type":"Hash Join","Parent Relationship":"Outer","Parallel Aware":false,"Async Capable":false,"Join Type":"Inner","Startup Cost":1.07,"Total Cost":2.99,"Plan Rows":12,"Plan Width":12,"Actual Startup Time":0.022,"Actual Total Time":0.038,"Actual Rows":22,"Actual Loops":1,"Output":["nation.n_name","nation.n_nationkey"],"Inner Unique":true,"Hash Cond":"(nation.n_regionkey = region.r_regionkey)","Shared Hit Blocks":2,"Shared Read Blocks":0,"Shared Dirtied Blocks":0,"Shared Written Blocks":0,"Local Hit Blocks":0,"Local Read Blocks":0,"Local Dirtied Blocks":0,"Local Written Blocks":0,"Temp Read Blocks":0,"Temp Written Blocks":0,"I/O Read Time":0.0,"I/O Write Time":0.0,"Temp I/O Read Time":0.0,"Temp I/O Write Time":0.0,"Plans":[{"Node Type":"Seq Scan","Parent Relationship":"Outer","Parallel Aware":false,"Async Capable":false,"Relation Name":"nation","Schema":"public","Alias":"nation","Startup Cost":0.0,"Total Cost":1.62,"Plan Rows":62,"Plan Width":16,"Actual Startup Time":0.005,"Actual Total Time":0.008,"Actual Rows":62,"Actual Loops":1,"Output":["nation.n_nationkey","nation.n_name","nation.n_regionkey","nation.n_comment"],"Shared Hit Blocks":1,"Shared Read Blocks":0,"Shared Dirtied Blocks":0,"Shared Written Blocks":0,"Local Hit Blocks":0,"Local Read Blocks":0,"Local Dirtied Blocks":0,"Local Written Blocks":0,"Temp Read Blocks":0,"Temp Written Blocks":0,"I/O Read Time":0.0,"I/O Write Time":0.0,"Temp I/O Read Time":0.0,"Temp I/O Write Time":0.0},{"Node Type":"Hash","Parent Relationship":"Inner","Parallel Aware":false,"Async Capable":false,"Startup Cost":1.06,"Total Cost":1.06,"Plan Rows":1,"Plan Width":4,"Actual Startup Time":0.006,"Actual Total Time":0.007,"Actual Rows":1,"Actual Loops":1,"Output":["region.r_regionkey"],"Hash Buckets":1024,"Original Hash Buckets":1024,"Hash Batches":1,"Original Hash Batches":1,"Peak Memory Usage":9,"Shared Hit Blocks":1,"Shared Read Blocks":0,"Shared Dirtied Blocks":0,"Shared Written Blocks":0,"Local Hit Blocks":0,"Local Read Blocks":0,"Local Dirtied Blocks":0,"Local Written Blocks":0,"Temp Read Blocks":0,"Temp Written Blocks":0,"I/O Read Time":0.0,"I/O Write Time":0.0,"Temp I/O Read Time":0.0,"Temp I/O Write Time":0.0,"Plans":[{"Node Type":"Seq Scan","Parent Relationship":"Outer","Parallel Aware":false,"Async Capable":false,"Relation Name":"region","Schema":"public","Alias":"region","Startup Cost":0.0,"Total Cost":1.06,"Plan Rows":1,"Plan Width":4,"Actual Startup Time":0.005,"Actual Total Time":0.006,"Actual Rows":1,"Actual Loops":1,"Output":["region.r_regionkey"],"Filter":"((region.r_name)::text = 'Europe'::text)","Rows Removed by Filter":4,"Shared Hit Blocks":1,"Shared Read Blocks":0,"Shared Dirtied Blocks":0,"Shared Written Blocks":0,"Local Hit Blocks":0,"Local Read Blocks":0,"Local Dirtied Blocks":0,"Local Written Blocks":0,"Temp Read Blocks":0,"Temp Written Blocks":0,"I/O Read Time":0.0,"I/O Write Time":0.0,"Temp I/O Read Time":0.0,"Temp I/O Write Time":0.0}]}]}]}]}]},{"Node Type":"Index Only Scan","Parent Relationship":"Inner","Parallel Aware":false,"Async Capable":false,"Scan Direction":"Forward","Index Name":"stock_pk","Relation Name":"stock","Schema":"public","Alias":"stock","Startup Cost":0.44,"Total Cost":519363.62,"Plan Rows":20000212,"Plan Width":6,"Actual Startup Time":0.038,"Actual Total Time":1388.193,"Actual Rows":19999994,"Actual Loops":1,"Output":["stock.s_w_id","stock.s_i_id"],"Heap Fetches":0,"Shared Hit Blocks":54673,"Shared Read Blocks":0,"Shared Dirtied Blocks":0,"Shared Written Blocks":0,"Local Hit Blocks":0,"Local Read Blocks":0,"Local Dirtied Blocks":0,"Local Written Blocks":0,"Temp Read Blocks":0,"Temp Written Blocks":0,"I/O Read Time":0.0,"I/O Write Time":0.0,"Temp I/O Read Time":0.0,"Temp I/O Write Time":0.0}]},{"Node Type":"Hash","Parent Relationship":"Inner","Parallel Aware":false,"Async Capable":false,"Startup Cost":317.0,"Total Cost":317.0,"Plan Rows":10000,"Plan Width":8,"Actual Startup Time":2.583,"Actual Total Time":2.583,"Actual Rows":10000,"Actual Loops":1,"Output":["supplier.su_suppkey","supplier.su_nationkey"],"Hash Buckets":16384,"Original Hash Buckets":16384,"Hash Batches":1,"Original Hash Batches":1,"Peak Memory Usage":519,"Shared Hit Blocks":217,"Shared Read Blocks":0,"Shared Dirtied Blocks":0,"Shared Written Blocks":0,"Local Hit Blocks":0,"Local Read Blocks":0,"Local Dirtied Blocks":0,"Local Written Blocks":0,"Temp Read Blocks":0,"Temp Written Blocks":0,"I/O Read Time":0.0,"I/O Write Time":0.0,"Temp I/O Read Time":0.0,"Temp I/O Write Time":0.0,"Plans":[{"Node Type":"Seq Scan","Parent Relationship":"Outer","Parallel Aware":false,"Async Capable":false,"Relation Name":"supplier","Schema":"public","Alias":"supplier","Startup Cost":0.0,"Total Cost":317.0,"Plan Rows":10000,"Plan Width":8,"Actual Startup Time":0.01,"Actual Total Time":1.296,"Actual Rows":10000,"Actual Loops":1,"Output":["supplier.su_suppkey","supplier.su_nationkey"],"Shared Hit Blocks":217,"Shared Read Blocks":0,"Shared Dirtied Blocks":0,"Shared Written Blocks":0,"Local Hit Blocks":0,"Local Read Blocks":0,"Local Dirtied Blocks":0,"Local Written Blocks":0,"Temp Read Blocks":0,"Temp Written Blocks":0,"I/O Read Time":0.0,"I/O Write Time":0.0,"Temp I/O Read Time":0.0,"Temp I/O Write Time":0.0}]}]}]}]}]},"Planning":{"Shared Hit Blocks":220,"Shared Read Blocks":0,"Shared Dirtied Blocks":0,"Shared Written Blocks":0,"Local Hit Blocks":0,"Local Read Blocks":0,"Local Dirtied Blocks":0,"Local Written Blocks":0,"Temp Read Blocks":0,"Temp Written Blocks":0,"I/O Read Time":0.0,"I/O Write Time":0.0,"Temp I/O Read Time":0.0,"Temp I/O Write Time":0.0},"Planning Time":5.538,"Triggers":[],"Execution Time":20899.267}]
[列存组合]: customer, nation, order_line, stock
[{"Plan":{"Node Type":"Sort","Parallel Aware":false,"Async Capable":false,"Startup Cost":2391524.51,"Total Cost":2391524.67,"Plan Rows":62,"Plan Width":40,"Actual Startup Time":11002.256,"Actual Total Time":11002.3,"Actual Rows":11,"Actual Loops":1,"Output":["nation.n_name","(sum(order_line.ol_amount))"],"Sort Key":["(sum(order_line.ol_amount)) DESC"],"Sort Method":"quicksort","Sort Space Used":25,"Sort Space Type":"Memory","Shared Hit Blocks":44341,"Shared Read Blocks":0,"Shared Dirtied Blocks":0,"Shared Written Blocks":0,"Local Hit Blocks":0,"Local Read Blocks":0,"Local Dirtied Blocks":0,"Local Written Blocks":0,"Temp Read Blocks":67001,"Temp Written Blocks":67001,"I/O Read Time":0.0,"I/O Write Time":0.0,"Temp I/O Read Time":103.365,"Temp I/O Write Time":309.388,"Plans":[{"Node Type":"Aggregate","Strategy":"Sorted","Partial Mode":"Simple","Parent Relationship":"Outer","Parallel Aware":false,"Async Capable":false,"Startup Cost":2391370.87,"Total Cost":2391522.67,"Plan Rows":62,"Plan Width":40,"Actual Startup Time":10995.695,"Actual Total Time":11002.281,"Actual Rows":11,"Actual Loops":1,"Output":["nation.n_name","sum(order_line.ol_amount)"],"Group Key":["nation.n_name"],"Shared Hit Blocks":44341,"Shared Read Blocks":0,"Shared Dirtied Blocks":0,"Shared Written Blocks":0,"Local Hit Blocks":0,"Local Read Blocks":0,"Local Dirtied Blocks":0,"Local Written Blocks":0,"Temp Read Blocks":67001,"Temp Written Blocks":67001,"I/O Read Time":0.0,"I/O Write Time":0.0,"Temp I/O Read Time":103.365,"Temp I/O Write Time":309.388,"Plans":[{"Node Type":"Sort","Parent Relationship":"Outer","Parallel Aware":false,"Async Capable":false,"Startup Cost":2391370.87,"Total Cost":2391421.21,"Plan Rows":20136,"Plan Width":12,"Actual Startup Time":10995.258,"Actual Total Time":10997.747,"Actual Rows":35044,"Actual Loops":1,"Output":["nation.n_name","order_line.ol_amount"],"Sort Key":["nation.n_name"],"Sort Method":"quicksort","Sort Space Used":3146,"Sort Space Type":"Memory","Shared Hit Blocks":44341,"Shared Read Blocks":0,"Shared Dirtied Blocks":0,"Shared Written Blocks":0,"Local Hit Blocks":0,"Local Read Blocks":0,"Local Dirtied Blocks":0,"Local Written Blocks":0,"Temp Read Blocks":67001,"Temp Written Blocks":67001,"I/O Read Time":0.0,"I/O Write Time":0.0,"Temp I/O Read Time":103.365,"Temp I/O Write Time":309.388,"Plans":[{"Node Type":"Hash Join","Parent Relationship":"Outer","Parallel Aware":false,"Async Capable":false,"Join Type":"Inner","Startup Cost":871922.53,"Total Cost":2389931.4,"Plan Rows":20136,"Plan Width":12,"Actual Startup Time":4332.431,"Actual Total Time":10978.428,"Actual Rows":35044,"Actual Loops":1,"Output":["nation.n_name","order_line.ol_amount"],"Hash Cond":"((orders.o_c_id = customer.c_id) AND (orders.o_w_id = customer.c_w_id) AND (orders.o_d_id = customer.c_d_id) AND (supplier.su_nationkey = customer.c_nationkey))","Shared Hit Blocks":44341,"Shared Read Blocks":0,"Shared Dirtied Blocks":0,"Shared Written Blocks":0,"Local Hit Blocks":0,"Local Read Blocks":0,"Local Dirtied Blocks":0,"Local Written Blocks":0,"Temp Read Blocks":67001,"Temp Written Blocks":67001,"I/O Read Time":0.0,"I/O Write Time":0.0,"Temp I/O Read Time":103.365,"Temp I/O Write Time":309.388,"Plans":[{"Node Type":"Hash Join","Parent Relationship":"Outer","Parallel Aware":false,"Async Capable":false,"Join Type":"Inner","Startup Cost":212826.24,"Total Cost":1669084.88,"Plan Rows":1242117,"Plan Width":34,"Actual Startup Time":1815.761,"Actual Total Time":7001.695,"Actual Rows":2982388,"Actual Loops":1,"Output":["orders.o_c_id","orders.o_w_id","orders.o_d_id","order_line.ol_amount","order_line.ol_w_id","order_line.ol_d_id","stock.s_w_id","supplier.su_nationkey","nation.n_name","nation.n_nationkey"],"Hash Cond":"((order_line.ol_w_id = orders.o_w_id) AND (order_line.ol_d_id = orders.o_d_id) AND (order_line.ol_o_id = orders.o_id))","Shared Hit Blocks":44341,"Shared Read Blocks":0,"Shared Dirtied Blocks":0,"Shared Written Blocks":0,"Local Hit Blocks":0,"Local Read Blocks":0,"Local Dirtied Blocks":0,"Local Written Blocks":0,"Temp Read Blocks":23127,"Temp Written Blocks":23127,"I/O Read Time":0.0,"I/O Write Time":0.0,"Temp I/O Read Time":35.965,"Temp I/O Write Time":107.732,"Plans":[{"Node Type":"Hash Join","Parent Relationship":"Outer","Parallel Aware":false,"Async Capable":false,"Join Type":"Inner","Startup Cost":59022.58,"Total Cost":1311993.18,"Plan Rows":8467814,"Plan Width":34,"Actual Startup Time":1173.002,"Actual Total Time":4777.158,"Actual Rows":3000322,"Actual Loops":1,"Output":["order_line.ol_amount","order_line.ol_o_id","order_line.ol_w_id","order_line.ol_d_id","stock.s_w_id","supplier.su_nationkey","nation.n_name","nation.n_nationkey"],"Hash Cond":"(mod((stock.s_w_id * stock.s_i_id), 10000) = supplier.su_suppkey)","Shared Hit Blocks":219,"Shared Read Blocks":0,"Shared Dirtied Blocks":0,"Shared Written Blocks":0,"Local Hit Blocks":0,"Local Read Blocks":0,"Local Dirtied Blocks":0,"Local Written Blocks":0,"Temp Read Blocks":0,"Temp Written Blocks":0,"I/O Read Time":0.0,"I/O Write Time":0.0,"Temp I/O Read Time":0.0,"Temp I/O Write Time":0.0,"Plans":[{"Node Type":"Hash Join","Parent Relationship":"Outer","Parallel Aware":false,"Async Capable":false,"Join Type":"Inner","Startup Cost":58620.59,"Total Cost":962293.85,"Plan Rows":42339072,"Plan Width":22,"Actual Startup Time":1170.134,"Actual Total Time":3371.065,"Actual Rows":8620885,"Actual Loops":1,"Output":["order_line.ol_amount","order_line.ol_o_id","order_line.ol_w_id","order_line.ol_d_id","stock.s_w_id","stock.s_i_id"],"Hash Cond":"((order_line.ol_w_id = stock.s_w_id) AND (order_line.ol_i_id = stock.s_i_id))","Rows Removed by Bloom Filter":0,"Shared Hit Blocks":0,"Shared Read Blocks":0,"Shared Dirtied Blocks":0,"Shared Written Blocks":0,"Local Hit Blocks":0,"Local Read Blocks":0,"Local Dirtied Blocks":0,"Local Written Blocks":0,"Temp Read Blocks":0,"Temp Written Blocks":0,"I/O Read Time":0.0,"I/O Write Time":0.0,"Temp I/O Read Time":0.0,"Temp I/O Write Time":0.0,"Plans":[{"Node Type":"Append","Parent Relationship":"Outer","Parallel Aware":false,"Async Capable":false,"Startup Cost":20.0,"Total Cost":1072031.01,"Plan Rows":42039468,"Plan Width":20,"Actual Startup Time":246.662,"Actual Total Time":246.677,"Actual Rows":8620885,"Actual Loops":1,"Shared Hit Blocks":0,"Shared Read Blocks":0,"Shared Dirtied Blocks":0,"Shared Written Blocks":0,"Local Hit Blocks":0,"Local Read Blocks":0,"Local Dirtied Blocks":0,"Local Written Blocks":0,"Temp Read Blocks":0,"Temp Written Blocks":0,"I/O Read Time":0.0,"I/O Write Time":0.0,"Temp I/O Read Time":0.0,"Temp I/O Write Time":0.0,"Subplans Removed":0,"Plans":[{"Node Type":"Custom Scan","Parent Relationship":"Member","Custom Plan Provider":"columnar scan","Parallel Aware":false,"Async Capable":false,"Relation Name":"order_line","Schema":"public","Alias":"order_line","Startup Cost":20.0,"Total Cost":1072026.23,"Plan Rows":42039424,"Plan Width":20,"Actual Startup Time":246.66,"Actual Total Time":246.662,"Actual Rows":8620885,"Actual Loops":1,"Output":["order_line.ol_amount","order_line.ol_o_id","order_line.ol_w_id","order_line.ol_d_id","order_line.ol_i_id"],"Filter":"(order_line.ol_delivery_d >= '1992-01-02 20:10:02.27764'::timestamp without time zone)","Rows Removed by Filter":0,"Rows Removed by Columnar Filter":51372876,"Rows Filtered by Bloom Filter":0,"Dictionary Rows Filtered by Bloom Filter":51372876,"Columnar cache search mode":"native","Shared Hit Blocks":0,"Shared Read Blocks":0,"Shared Dirtied Blocks":0,"Shared Written Blocks":0,"Local Hit Blocks":0,"Local Read Blocks":0,"Local Dirtied Blocks":0,"Local Written Blocks":0,"Temp Read Blocks":0,"Temp Written Blocks":0,"I/O Read Time":0.0,"I/O Write Time":0.0,"Temp I/O Read Time":0.0,"Temp I/O Write Time":0.0},{"Node Type":"Seq Scan","Parent Relationship":"Member","Parallel Aware":false,"Async Capable":false,"Relation Name":"order_line","Schema":"public","Alias":"order_line","Startup Cost":0.0,"Total Cost":4.79,"Plan Rows":44,"Plan Width":20,"Actual Startup Time":0.0,"Actual Total Time":0.0,"Actual Rows":0,"Actual Loops":0,"Output":["order_line.ol_amount","order_line.ol_o_id","order_line.ol_w_id","order_line.ol_d_id","order_line.ol_i_id"],"Filter":"(order_line.ol_delivery_d >= '1992-01-02 20:10:02.27764'::timestamp without time zone)","Rows Removed by Filter":0,"Shared Hit Blocks":0,"Shared Read Blocks":0,"Shared Dirtied Blocks":0,"Shared Written Blocks":0,"Local Hit Blocks":0,"Local Read Blocks":0,"Local Dirtied Blocks":0,"Local Written Blocks":0,"Temp Read Blocks":0,"Temp Written Blocks":0,"I/O Read Time":0.0,"I/O Write Time":0.0,"Temp I/O Read Time":0.0,"Temp I/O Write Time":0.0}]},{"Node Type":"Hash","Parent Relationship":"Inner","Parallel Aware":false,"Async Capable":false,"Startup Cost":390026.22,"Total Cost":390026.22,"Plan Rows":20000212,"Plan Width":6,"Actual Rows":20000000,"Actual Loops":1,"Output":["stock.s_w_id","stock.s_i_id"],"Shared Hit Blocks":0,"Shared Read Blocks":0,"Shared Dirtied Blocks":0,"Shared Written Blocks":0,"Local Hit Blocks":0,"Local Read Blocks":0,"Local Dirtied Blocks":0,"Local Written Blocks":0,"Temp Read Blocks":0,"Temp Written Blocks":0,"I/O Read Time":0.0,"I/O Write Time":0.0,"Temp I/O Read Time":0.0,"Temp I/O Write Time":0.0,"Plans":[{"Node Type":"Append","Parent Relationship":"Outer","Parallel Aware":false,"Async Capable":false,"Startup Cost":20.0,"Total Cost":390026.22,"Plan Rows":20000212,"Plan Width":6,"Actual Startup Time":0.434,"Actual Total Time":0.437,"Actual Rows":20000000,"Actual Loops":1,"Shared Hit Blocks":0,"Shared Read Blocks":0,"Shared Dirtied Blocks":0,"Shared Written Blocks":0,"Local Hit Blocks":0,"Local Read Blocks":0,"Local Dirtied Blocks":0,"Local Written Blocks":0,"Temp Read Blocks":0,"Temp Written Blocks":0,"I/O Read Time":0.0,"I/O Write Time":0.0,"Temp I/O Read Time":0.0,"Temp I/O Write Time":0.0,"Subplans Removed":0,"Plans":[{"Node Type":"Custom Scan","Parent Relationship":"Member","Custom Plan Provider":"columnar scan","Parallel Aware":false,"Async Capable":false,"Relation Name":"stock","Schema":"public","Alias":"stock","Startup Cost":20.0,"Total Cost":390020.1,"Plan Rows":20000000,"Plan Width":6,"Actual Startup Time":0.432,"Actual Total Time":0.432,"Actual Rows":20000000,"Actual Loops":1,"Output":["stock.s_w_id","stock.s_i_id"],"Rows Removed by Columnar Filter":0,"Columnar cache search mode":"native","Shared Hit Blocks":0,"Shared Read Blocks":0,"Shared Dirtied Blocks":0,"Shared Written Blocks":0,"Local Hit Blocks":0,"Local Read Blocks":0,"Local Dirtied Blocks":0,"Local Written Blocks":0,"Temp Read Blocks":0,"Temp Written Blocks":0,"I/O Read Time":0.0,"I/O Write Time":0.0,"Temp I/O Read Time":0.0,"Temp I/O Write Time":0.0},{"Node Type":"Seq Scan","Parent Relationship":"Member","Parallel Aware":false,"Async Capable":false,"Relation Name":"stock","Schema":"public","Alias":"stock","Startup Cost":0.0,"Total Cost":6.12,"Plan Rows":212,"Plan Width":6,"Actual Startup Time":0.0,"Actual Total Time":0.0,"Actual Rows":0,"Actual Loops":0,"Output":["stock.s_w_id","stock.s_i_id"],"Shared Hit Blocks":0,"Shared Read Blocks":0,"Shared Dirtied Blocks":0,"Shared Written Blocks":0,"Local Hit Blocks":0,"Local Read Blocks":0,"Local Dirtied Blocks":0,"Local Written Blocks":0,"Temp Read Blocks":0,"Temp Written Blocks":0,"I/O Read Time":0.0,"I/O Write Time":0.0,"Temp I/O Read Time":0.0,"Temp I/O Write Time":0.0}]}]}]},{"Node Type":"Hash","Parent Relationship":"Inner","Parallel Aware":false,"Async Capable":false,"Startup Cost":376.99,"Total Cost":376.99,"Plan Rows":2000,"Plan Width":20,"Actual Startup Time":2.836,"Actual Total Time":2.848,"Actual Rows":3506,"Actual Loops":1,"Output":["supplier.su_suppkey","supplier.su_nationkey","nation.n_name","nation.n_nationkey"],"Hash Buckets":4096,"Original Hash Buckets":2048,"Hash Batches":1,"Original Hash Batches":1,"Peak Memory Usage":217,"Shared Hit Blocks":219,"Shared Read Blocks":0,"Shared Dirtied Blocks":0,"Shared Written Blocks":0,"Local Hit Blocks":0,"Local Read Blocks":0,"Local Dirtied Blocks":0,"Local Written Blocks":0,"Temp Read Blocks":0,"Temp Written Blocks":0,"I/O Read Time":0.0,"I/O Write Time":0.0,"Temp I/O Read Time":0.0,"Temp I/O Write Time":0.0,"Plans":[{"Node Type":"Hash Join","Parent Relationship":"Outer","Parallel Aware":false,"Async Capable":false,"Join Type":"Inner","Startup Cost":3.14,"Total Cost":376.99,"Plan Rows":2000,"Plan Width":20,"Actual Startup Time":0.068,"Actual Total Time":2.262,"Actual Rows":3506,"Actual Loops":1,"Output":["supplier.su_suppkey","supplier.su_nationkey","nation.n_name","nation.n_nationkey"],"Hash Cond":"(supplier.su_nationkey = nation.n_nationkey)","Shared Hit Blocks":219,"Shared Read Blocks":0,"Shared Dirtied Blocks":0,"Shared Written Blocks":0,"Local Hit Blocks":0,"Local Read Blocks":0,"Local Dirtied Blocks":0,"Local Written Blocks":0,"Temp Read Blocks":0,"Temp Written Blocks":0,"I/O Read Time":0.0,"I/O Write Time":0.0,"Temp I/O Read Time":0.0,"Temp I/O Write Time":0.0,"Plans":[{"Node Type":"Seq Scan","Parent Relationship":"Outer","Parallel Aware":false,"Async Capable":false,"Relation Name":"supplier","Schema":"public","Alias":"supplier","Startup Cost":0.0,"Total Cost":317.0,"Plan Rows":10000,"Plan Width":8,"Actual Startup Time":0.012,"Actual Total Time":0.754,"Actual Rows":10000,"Actual Loops":1,"Output":["supplier.su_suppkey","supplier.su_name","supplier.su_address","supplier.su_nationkey","supplier.su_phone","supplier.su_acctbal","supplier.su_comment"],"Shared Hit Blocks":217,"Shared Read Blocks":0,"Shared Dirtied Blocks":0,"Shared Written Blocks":0,"Local Hit Blocks":0,"Local Read Blocks":0,"Local Dirtied Blocks":0,"Local Written Blocks":0,"Temp Read Blocks":0,"Temp Written Blocks":0,"I/O Read Time":0.0,"I/O Write Time":0.0,"Temp I/O Read Time":0.0,"Temp I/O Write Time":0.0},{"Node Type":"Hash","Parent Relationship":"Inner","Parallel Aware":false,"Async Capable":false,"Startup Cost":2.99,"Total Cost":2.99,"Plan Rows":12,"Plan Width":12,"Actual Startup Time":0.047,"Actual Total Time":0.054,"Actual Rows":22,"Actual Loops":1,"Output":["nation.n_name","nation.n_nationkey"],"Hash Buckets":1024,"Original Hash Buckets":1024,"Hash Batches":1,"Original Hash Batches":1,"Peak Memory Usage":9,"Shared Hit Blocks":2,"Shared Read Blocks":0,"Shared Dirtied Blocks":0,"Shared Written Blocks":0,"Local Hit Blocks":0,"Local Read Blocks":0,"Local Dirtied Blocks":0,"Local Written Blocks":0,"Temp Read Blocks":0,"Temp Written Blocks":0,"I/O Read Time":0.0,"I/O Write Time":0.0,"Temp I/O Read Time":0.0,"Temp I/O Write Time":0.0,"Plans":[{"Node Type":"Hash Join","Parent Relationship":"Outer","Parallel Aware":false,"Async Capable":false,"Join Type":"Inner","Startup Cost":1.07,"Total Cost":2.99,"Plan Rows":12,"Plan Width":12,"Actual Startup Time":0.03,"Actual Total Time":0.048,"Actual Rows":22,"Actual Loops":1,"Output":["nation.n_name","nation.n_nationkey"],"Hash Cond":"(nation.n_regionkey = region.r_regionkey)","Shared Hit Blocks":2,"Shared Read Blocks":0,"Shared Dirtied Blocks":0,"Shared Written Blocks":0,"Local Hit Blocks":0,"Local Read Blocks":0,"Local Dirtied Blocks":0,"Local Written Blocks":0,"Temp Read Blocks":0,"Temp Written Blocks":0,"I/O Read Time":0.0,"I/O Write Time":0.0,"Temp I/O Read Time":0.0,"Temp I/O Write Time":0.0,"Plans":[{"Node Type":"Seq Scan","Parent Relationship":"Outer","Parallel Aware":false,"Async Capable":false,"Relation Name":"nation","Schema":"public","Alias":"nation","Startup Cost":0.0,"Total Cost":1.62,"Plan Rows":62,"Plan Width":16,"Actual Startup Time":0.004,"Actual Total Time":0.007,"Actual Rows":62,"Actual Loops":1,"Output":["nation.n_nationkey","nation.n_name","nation.n_regionkey","nation.n_comment"],"Shared Hit Blocks":1,"Shared Read Blocks":0,"Shared Dirtied Blocks":0,"Shared Written Blocks":0,"Local Hit Blocks":0,"Local Read Blocks":0,"Local Dirtied Blocks":0,"Local Written Blocks":0,"Temp Read Blocks":0,"Temp Written Blocks":0,"I/O Read Time":0.0,"I/O Write Time":0.0,"Temp I/O Read Time":0.0,"Temp I/O Write Time":0.0},{"Node Type":"Hash","Parent Relationship":"Inner","Parallel Aware":false,"Async Capable":false,"Startup Cost":1.06,"Total Cost":1.06,"Plan Rows":1,"Plan Width":4,"Actual Startup Time":0.014,"Actual Total Time":0.017,"Actual Rows":1,"Actual Loops":1,"Output":["region.r_regionkey"],"Hash Buckets":1024,"Original Hash Buckets":1024,"Hash Batches":1,"Original Hash Batches":1,"Peak Memory Usage":9,"Shared Hit Blocks":1,"Shared Read Blocks":0,"Shared Dirtied Blocks":0,"Shared Written Blocks":0,"Local Hit Blocks":0,"Local Read Blocks":0,"Local Dirtied Blocks":0,"Local Written Blocks":0,"Temp Read Blocks":0,"Temp Written Blocks":0,"I/O Read Time":0.0,"I/O Write Time":0.0,"Temp I/O Read Time":0.0,"Temp I/O Write Time":0.0,"Plans":[{"Node Type":"Seq Scan","Parent Relationship":"Outer","Parallel Aware":false,"Async Capable":false,"Relation Name":"region","Schema":"public","Alias":"region","Startup Cost":0.0,"Total Cost":1.06,"Plan Rows":1,"Plan Width":4,"Actual Startup Time":0.009,"Actual Total Time":0.009,"Actual Rows":1,"Actual Loops":1,"Output":["region.r_regionkey"],"Filter":"((region.r_name)::text = 'Europe'::text)","Rows Removed by Filter":4,"Shared Hit Blocks":1,"Shared Read Blocks":0,"Shared Dirtied Blocks":0,"Shared Written Blocks":0,"Local Hit Blocks":0,"Local Read Blocks":0,"Local Dirtied Blocks":0,"Local Written Blocks":0,"Temp Read Blocks":0,"Temp Written Blocks":0,"I/O Read Time":0.0,"I/O Write Time":0.0,"Temp I/O Read Time":0.0,"Temp I/O Write Time":0.0}]}]}]}]}]}]},{"Node Type":"Hash","Parent Relationship":"Inner","Parallel Aware":false,"Async Capable":false,"Startup Cost":134121.52,"Total Cost":134121.52,"Plan Rows":879322,"Plan Width":16,"Actual Startup Time":641.145,"Actual Total Time":641.145,"Actual Rows":856801,"Actual Loops":1,"Output":["orders.o_c_id","orders.o_w_id","orders.o_d_id","orders.o_id"],"Hash Buckets":262144,"Original Hash Buckets":262144,"Hash Batches":8,"Original Hash Batches":8,"Peak Memory Usage":7070,"Shared Hit Blocks":44122,"Shared Read Blocks":0,"Shared Dirtied Blocks":0,"Shared Written Blocks":0,"Local Hit Blocks":0,"Local Read Blocks":0,"Local Dirtied Blocks":0,"Local Written Blocks":0,"Temp Read Blocks":0,"Temp Written Blocks":3290,"I/O Read Time":0.0,"I/O Write Time":0.0,"Temp I/O Read Time":0.0,"Temp I/O Write Time":15.971,"Plans":[{"Node Type":"Seq Scan","Parent Relationship":"Outer","Parallel Aware":false,"Async Capable":false,"Relation Name":"orders","Schema":"public","Alias":"orders","Startup Cost":0.0,"Total Cost":134121.52,"Plan Rows":879322,"Plan Width":16,"Actual Startup Time":0.604,"Actual Total Time":441.731,"Actual Rows":856801,"Actual Loops":1,"Output":["orders.o_c_id","orders.o_w_id","orders.o_d_id","orders.o_id"],"Filter":"((orders.o_entry_d >= '1993-01-02 20:10:02.27764'::timestamp without time zone) AND (orders.o_entry_d < '1994-01-02 20:10:02.27764'::timestamp without time zone))","Rows Removed by Filter":5143199,"Shared Hit Blocks":44122,"Shared Read Blocks":0,"Shared Dirtied Blocks":0,"Shared Written Blocks":0,"Local Hit Blocks":0,"Local Read Blocks":0,"Local Dirtied Blocks":0,"Local Written Blocks":0,"Temp Read Blocks":0,"Temp Written Blocks":0,"I/O Read Time":0.0,"I/O Write Time":0.0,"Temp I/O Read Time":0.0,"Temp I/O Write Time":0.0}]}]},{"Node Type":"Hash","Parent Relationship":"Inner","Parallel Aware":false,"Async Capable":false,"Startup Cost":509795.49,"Total Cost":509795.49,"Plan Rows":6000140,"Plan Width":12,"Actual Startup Time":2386.238,"Actual Total Time":2386.242,"Actual Rows":6000000,"Actual Loops":1,"Output":["customer.c_id","customer.c_w_id","customer.c_d_id","customer.c_nationkey"],"Hash Buckets":262144,"Original Hash Buckets":262144,"Hash Batches":64,"Original Hash Batches":64,"Peak Memory Usage":6083,"Shared Hit Blocks":0,"Shared Read Blocks":0,"Shared Dirtied Blocks":0,"Shared Written Blocks":0,"Local Hit Blocks":0,"Local Read Blocks":0,"Local Dirtied Blocks":0,"Local Written Blocks":0,"Temp Read Blocks":0,"Temp Written Blocks":23035,"I/O Read Time":0.0,"I/O Write Time":0.0,"Temp I/O Read Time":0.0,"Temp I/O Write Time":104.987,"Plans":[{"Node Type":"Append","Parent Relationship":"Outer","Parallel Aware":false,"Async Capable":false,"Startup Cost":20.0,"Total Cost":509795.49,"Plan Rows":6000140,"Plan Width":12,"Actual Startup Time":0.025,"Actual Total Time":1324.343,"Actual Rows":6000000,"Actual Loops":1,"Shared Hit Blocks":0,"Shared Read Blocks":0,"Shared Dirtied Blocks":0,"Shared Written Blocks":0,"Local Hit Blocks":0,"Local Read Blocks":0,"Local Dirtied Blocks":0,"Local Written Blocks":0,"Temp Read Blocks":0,"Temp Written Blocks":0,"I/O Read Time":0.0,"I/O Write Time":0.0,"Temp I/O Read Time":0.0,"Temp I/O Write Time":0.0,"Subplans Removed":0,"Plans":[{"Node Type":"Custom Scan","Parent Relationship":"Member","Custom Plan Provider":"columnar scan","Parallel Aware":false,"Async Capable":false,"Relation Name":"customer","Schema":"public","Alias":"customer","Startup Cost":20.0,"Total Cost":141020.06,"Plan Rows":6000000,"Plan Width":12,"Actual Startup Time":0.024,"Actual Total Time":903.751,"Actual Rows":6000000,"Actual Loops":1,"Output":["customer.c_id","customer.c_w_id","customer.c_d_id","customer.c_nationkey"],"Rows Removed by Columnar Filter":0,"Columnar cache search mode":"native","Shared Hit Blocks":0,"Shared Read Blocks":0,"Shared Dirtied Blocks":0,"Shared Written Blocks":0,"Local Hit Blocks":0,"Local Read Blocks":0,"Local Dirtied Blocks":0,"Local Written Blocks":0,"Temp Read Blocks":0,"Temp Written Blocks":0,"I/O Read Time":0.0,"I/O Write Time":0.0,"Temp I/O Read Time":0.0,"Temp I/O Write Time":0.0},{"Node Type":"Seq Scan","Parent Relationship":"Member","Parallel Aware":false,"Async Capable":false,"Relation Name":"customer","Schema":"public","Alias":"customer","Startup Cost":0.0,"Total Cost":5.4,"Plan Rows":140,"Plan Width":12,"Actual Startup Time":0.0,"Actual Total Time":0.0,"Actual Rows":0,"Actual Loops":0,"Output":["customer.c_id","customer.c_w_id","customer.c_d_id","customer.c_nationkey"],"Shared Hit Blocks":0,"Shared Read Blocks":0,"Shared Dirtied Blocks":0,"Shared Written Blocks":0,"Local Hit Blocks":0,"Local Read Blocks":0,"Local Dirtied Blocks":0,"Local Written Blocks":0,"Temp Read Blocks":0,"Temp Written Blocks":0,"I/O Read Time":0.0,"I/O Write Time":0.0,"Temp I/O Read Time":0.0,"Temp I/O Write Time":0.0}]}]}]}]}]}]},"Planning":{"Shared Hit Blocks":220,"Shared Read Blocks":0,"Shared Dirtied Blocks":0,"Shared Written Blocks":0,"Local Hit Blocks":0,"Local Read Blocks":0,"Local Dirtied Blocks":0,"Local Written Blocks":0,"Temp Read Blocks":0,"Temp Written Blocks":0,"I/O Read Time":0.0,"I/O Write Time":0.0,"Temp I/O Read Time":0.0,"Temp I/O Write Time":0.0},"Planning Time":7.273,"Triggers":[],"Execution Time":11007.83}]
[列存组合]: customer, nation, order_line, supplier
[{"Plan":{"Node Type":"Sort","Parallel Aware":false,"Async Capable":false,"Startup Cost":4048009.96,"Total Cost":4048010.11,"Plan Rows":62,"Plan Width":40,"Actual Startup Time":20936.203,"Actual Total Time":20936.238,"Actual Rows":11,"Actual Loops":1,"Output":["nation.n_name","(sum(order_line.ol_amount))"],"Sort Key":["(sum(order_line.ol_amount)) DESC"],"Sort Method":"quicksort","Sort Space Used":25,"Sort Space Type":"Memory","Shared Hit Blocks":98797,"Shared Read Blocks":0,"Shared Dirtied Blocks":0,"Shared Written Blocks":0,"Local Hit Blocks":0,"Local Read Blocks":0,"Local Dirtied Blocks":0,"Local Written Blocks":0,"Temp Read Blocks":131755,"Temp Written Blocks":131809,"I/O Read Time":0.0,"I/O Write Time":0.0,"Temp I/O Read Time":204.265,"Temp I/O Write Time":539.813,"Plans":[{"Node Type":"Aggregate","Strategy":"Sorted","Partial Mode":"Simple","Parent Relationship":"Outer","Parallel Aware":false,"Async Capable":false,"Startup Cost":4047856.32,"Total Cost":4048008.11,"Plan Rows":62,"Plan Width":40,"Actual Startup Time":20930.341,"Actual Total Time":20936.221,"Actual Rows":11,"Actual Loops":1,"Output":["nation.n_name","sum(order_line.ol_amount)"],"Group Key":["nation.n_name"],"Shared Hit Blocks":98797,"Shared Read Blocks":0,"Shared Dirtied Blocks":0,"Shared Written Blocks":0,"Local Hit Blocks":0,"Local Read Blocks":0,"Local Dirtied Blocks":0,"Local Written Blocks":0,"Temp Read Blocks":131755,"Temp Written Blocks":131809,"I/O Read Time":0.0,"I/O Write Time":0.0,"Temp I/O Read Time":204.265,"Temp I/O Write Time":539.813,"Plans":[{"Node Type":"Sort","Parent Relationship":"Outer","Parallel Aware":false,"Async Capable":false,"Startup Cost":4047856.32,"Total Cost":4047906.66,"Plan Rows":20136,"Plan Width":12,"Actual Startup Time":20929.911,"Actual Total Time":20931.678,"Actual Rows":35044,"Actual Loops":1,"Output":["nation.n_name","order_line.ol_amount"],"Sort Key":["nation.n_name"],"Sort Method":"quicksort","Sort Space Used":3146,"Sort Space Type":"Memory","Shared Hit Blocks":98797,"Shared Read Blocks":0,"Shared Dirtied Blocks":0,"Shared Written Blocks":0,"Local Hit Blocks":0,"Local Read Blocks":0,"Local Dirtied Blocks":0,"Local Written Blocks":0,"Temp Read Blocks":131755,"Temp Written Blocks":131809,"I/O Read Time":0.0,"I/O Write Time":0.0,"Temp I/O Read Time":204.265,"Temp I/O Write Time":539.813,"Plans":[{"Node Type":"Hash Join","Parent Relationship":"Outer","Parallel Aware":false,"Async Capable":false,"Join Type":"Inner","Startup Cost":3398548.87,"Total Cost":4046416.85,"Plan Rows":20136,"Plan Width":12,"Actual Startup Time":16968.883,"Actual Total Time":20911.191,"Actual Rows":35044,"Actual Loops":1,"Output":["nation.n_name","order_line.ol_amount"],"Inner Unique":true,"Hash Cond":"((mod((stock.s_w_id * stock.s_i_id), 10000) = supplier.su_suppkey) AND (customer.c_nationkey = supplier.su_nationkey))","Shared Hit Blocks":98797,"Shared Read Blocks":0,"Shared Dirtied Blocks":0,"Shared Written Blocks":0,"Local Hit Blocks":0,"Local Read Blocks":0,"Local Dirtied Blocks":0,"Local Written Blocks":0,"Temp Read Blocks":131755,"Temp Written Blocks":131809,"I/O Read Time":0.0,"I/O Write Time":0.0,"Temp I/O Read Time":204.265,"Temp I/O Write Time":539.813,"Plans":[{"Node Type":"Merge Join","Parent Relationship":"Outer","Parallel Aware":false,"Async Capable":false,"Join Type":"Inner","Startup Cost":3398179.84,"Total Cost":4039212.85,"Plan Rows":1242717,"Plan Width":26,"Actual Startup Time":16965.342,"Actual Total Time":20613.459,"Actual Rows":2218175,"Actual Loops":1,"Output":["customer.c_nationkey","order_line.ol_amount","stock.s_w_id","stock.s_i_id","nation.n_name","nation.n_nationkey"],"Inner Unique":true,"Merge Cond":"((customer.c_w_id = stock.s_w_id) AND (order_line.ol_i_id = stock.s_i_id))","Shared Hit Blocks":98797,"Shared Read Blocks":0,"Shared Dirtied Blocks":0,"Shared Written Blocks":0,"Local Hit Blocks":0,"Local Read Blocks":0,"Local Dirtied Blocks":0,"Local Written Blocks":0,"Temp Read Blocks":131755,"Temp Written Blocks":131809,"I/O Read Time":0.0,"I/O Write Time":0.0,"Temp I/O Read Time":204.265,"Temp I/O Write Time":539.813,"Plans":[{"Node Type":"Sort","Parent Relationship":"Outer","Parallel Aware":false,"Async Capable":false,"Startup Cost":3398179.41,"Total Cost":3401259.94,"Plan Rows":1232214,"Plan Width":30,"Actual Startup Time":16965.281,"Actual Total Time":17562.302,"Actual Rows":2218175,"Actual Loops":1,"Output":["customer.c_w_id","customer.c_nationkey","orders.o_w_id","order_line.ol_amount","order_line.ol_w_id","order_line.ol_i_id","nation.n_name","nation.n_nationkey"],"Sort Key":["customer.c_w_id","order_line.ol_i_id"],"Sort Method":"external merge","Sort Space Used":94520,"Sort Space Type":"Disk","Shared Hit Blocks":44124,"Shared Read Blocks":0,"Shared Dirtied Blocks":0,"Shared Written Blocks":0,"Local Hit Blocks":0,"Local Read Blocks":0,"Local Dirtied Blocks":0,"Local Written Blocks":0,"Temp Read Blocks":131755,"Temp Written Blocks":131809,"I/O Read Time":0.0,"I/O Write Time":0.0,"Temp I/O Read Time":204.265,"Temp I/O Write Time":539.813,"Plans":[{"Node Type":"Hash Join","Parent Relationship":"Outer","Parallel Aware":false,"Async Capable":false,"Join Type":"Inner","Startup Cost":797922.74,"Total Cost":3214555.58,"Plan Rows":1232214,"Plan Width":30,"Actual Startup Time":2984.17,"Actual Total Time":14337.038,"Actual Rows":2218175,"Actual Loops":1,"Output":["customer.c_w_id","customer.c_nationkey","orders.o_w_id","order_line.ol_amount","order_line.ol_w_id","order_line.ol_i_id","nation.n_name","nation.n_nationkey"],"Inner Unique":false,"Hash Cond":"(customer.c_nationkey = nation.n_nationkey)","Shared Hit Blocks":44124,"Shared Read Blocks":0,"Shared Dirtied Blocks":0,"Shared Written Blocks":0,"Local Hit Blocks":0,"Local Read Blocks":0,"Local Dirtied Blocks":0,"Local Written Blocks":0,"Temp Read Blocks":108135,"Temp Written Blocks":108135,"I/O Read Time":0.0,"I/O Write Time":0.0,"Temp I/O Read Time":168.428,"Temp I/O Write Time":477.217,"Plans":[{"Node Type":"Hash Join","Parent Relationship":"Outer","Parallel Aware":false,"Async Capable":false,"Join Type":"Inner","Startup Cost":797919.6,"Total Cost":3179523.77,"Plan Rows":6161071,"Plan Width":18,"Actual Startup Time":2977.499,"Actual Total Time":13502.437,"Actual Rows":8568663,"Actual Loops":1,"Output":["customer.c_w_id","customer.c_nationkey","orders.o_w_id","order_line.ol_amount","order_line.ol_w_id","order_line.ol_i_id"],"Inner Unique":true,"Hash Cond":"((orders.o_c_id = customer.c_id) AND (orders.o_w_id = customer.c_w_id) AND (orders.o_d_id = customer.c_d_id))","Shared Hit Blocks":44122,"Shared Read Blocks":0,"Shared Dirtied Blocks":0,"Shared Written Blocks":0,"Local Hit Blocks":0,"Local Read Blocks":0,"Local Dirtied Blocks":0,"Local Written Blocks":0,"Temp Read Blocks":108135,"Temp Written Blocks":108135,"I/O Read Time":0.0,"I/O Write Time":0.0,"Temp I/O Read Time":168.428,"Temp I/O Write Time":477.217,"Plans":[{"Node Type":"Hash Join","Parent Relationship":"Outer","Parallel Aware":false,"Async Capable":false,"Join Type":"Inner","Startup Cost":153823.65,"Total Cost":2385409.38,"Plan Rows":6161071,"Plan Width":20,"Actual Startup Time":641.348,"Actual Total Time":6883.365,"Actual Rows":8568663,"Actual Loops":1,"Output":["orders.o_c_id","orders.o_w_id","orders.o_d_id","order_line.ol_amount","order_line.ol_w_id","order_line.ol_d_id","order_line.ol_i_id"],"Inner Unique":true,"Hash Cond":"((order_line.ol_w_id = orders.o_w_id) AND (order_line.ol_d_id = orders.o_d_id) AND (order_line.ol_o_id = orders.o_id))","Shared Hit Blocks":44122,"Shared Read Blocks":0,"Shared Dirtied Blocks":0,"Shared Written Blocks":0,"Local Hit Blocks":0,"Local Read Blocks":0,"Local Dirtied Blocks":0,"Local Written Blocks":0,"Temp Read Blocks":43816,"Temp Written Blocks":43816,"I/O Read Time":0.0,"I/O Write Time":0.0,"Temp I/O Read Time":68.596,"Temp I/O Write Time":187.599,"Plans":[{"Node Type":"Append","Parent Relationship":"Outer","Parallel Aware":false,"Async Capable":false,"Startup Cost":20.0,"Total Cost":1403598.82,"Plan Rows":42039468,"Plan Width":20,"Actual Startup Time":1.434,"Actual Total Time":2579.807,"Actual Rows":8620885,"Actual Loops":1,"Shared Hit Blocks":0,"Shared Read Blocks":0,"Shared Dirtied Blocks":0,"Shared Written Blocks":0,"Local Hit Blocks":0,"Local Read Blocks":0,"Local Dirtied Blocks":0,"Local Written Blocks":0,"Temp Read Blocks":0,"Temp Written Blocks":0,"I/O Read Time":0.0,"I/O Write Time":0.0,"Temp I/O Read Time":0.0,"Temp I/O Write Time":0.0,"Subplans Removed":0,"Plans":[{"Node Type":"Custom Scan","Parent Relationship":"Member","Custom Plan Provider":"columnar scan","Parallel Aware":false,"Async Capable":false,"Relation Name":"order_line","Schema":"public","Alias":"order_line","Startup Cost":20.0,"Total Cost":1072026.23,"Plan Rows":42039424,"Plan Width":20,"Actual Startup Time":1.432,"Actual Total Time":1971.619,"Actual Rows":8620885,"Actual Loops":1,"Output":["order_line.ol_amount","order_line.ol_o_id","order_line.ol_w_id","order_line.ol_d_id","order_line.ol_i_id"],"Filter":"(order_line.ol_delivery_d >= '1992-01-02 20:10:02.27764'::timestamp without time zone)","Rows Removed by Filter":0,"Rows Removed by Columnar Filter":51372876,"Rows Filtered by Bloom Filter":0,"Dictionary Rows Filtered by Bloom Filter":51372876,"Columnar cache search mode":"native","Shared Hit Blocks":0,"Shared Read Blocks":0,"Shared Dirtied Blocks":0,"Shared Written Blocks":0,"Local Hit Blocks":0,"Local Read Blocks":0,"Local Dirtied Blocks":0,"Local Written Blocks":0,"Temp Read Blocks":0,"Temp Written Blocks":0,"I/O Read Time":0.0,"I/O Write Time":0.0,"Temp I/O Read Time":0.0,"Temp I/O Write Time":0.0},{"Node Type":"Seq Scan","Parent Relationship":"Member","Parallel Aware":false,"Async Capable":false,"Relation Name":"order_line","Schema":"public","Alias":"order_line","Startup Cost":0.0,"Total Cost":4.79,"Plan Rows":44,"Plan Width":20,"Actual Startup Time":0.0,"Actual Total Time":0.0,"Actual Rows":0,"Actual Loops":0,"Output":["order_line.ol_amount","order_line.ol_o_id","order_line.ol_w_id","order_line.ol_d_id","order_line.ol_i_id"],"Filter":"(order_line.ol_delivery_d >= '1992-01-02 20:10:02.27764'::timestamp without time zone)","Rows Removed by Filter":0,"Shared Hit Blocks":0,"Shared Read Blocks":0,"Shared Dirtied Blocks":0,"Shared Written Blocks":0,"Local Hit Blocks":0,"Local Read Blocks":0,"Local Dirtied Blocks":0,"Local Written Blocks":0,"Temp Read Blocks":0,"Temp Written Blocks":0,"I/O Read Time":0.0,"I/O Write Time":0.0,"Temp I/O Read Time":0.0,"Temp I/O Write Time":0.0}]},{"Node Type":"Hash","Parent Relationship":"Inner","Parallel Aware":false,"Async Capable":false,"Startup Cost":134121.52,"Total Cost":134121.52,"Plan Rows":879322,"Plan Width":16,"Actual Startup Time":638.828,"Actual Total Time":638.832,"Actual Rows":856801,"Actual Loops":1,"Output":["orders.o_c_id","orders.o_w_id","orders.o_d_id","orders.o_id"],"Hash Buckets":262144,"Original Hash Buckets":262144,"Hash Batches":8,"Original Hash Batches":8,"Peak Memory Usage":7070,"Shared Hit Blocks":44122,"Shared Read Blocks":0,"Shared Dirtied Blocks":0,"Shared Written Blocks":0,"Local Hit Blocks":0,"Local Read Blocks":0,"Local Dirtied Blocks":0,"Local Written Blocks":0,"Temp Read Blocks":0,"Temp Written Blocks":3290,"I/O Read Time":0.0,"I/O Write Time":0.0,"Temp I/O Read Time":0.0,"Temp I/O Write Time":14.946,"Plans":[{"Node Type":"Seq Scan","Parent Relationship":"Outer","Parallel Aware":false,"Async Capable":false,"Relation Name":"orders","Schema":"public","Alias":"orders","Startup Cost":0.0,"Total Cost":134121.52,"Plan Rows":879322,"Plan Width":16,"Actual Startup Time":0.597,"Actual Total Time":441.065,"Actual Rows":856801,"Actual Loops":1,"Output":["orders.o_c_id","orders.o_w_id","orders.o_d_id","orders.o_id"],"Filter":"((orders.o_entry_d >= '1993-01-02 20:10:02.27764'::timestamp without time zone) AND (orders.o_entry_d < '1994-01-02 20:10:02.27764'::timestamp without time zone))","Rows Removed by Filter":5143199,"Shared Hit Blocks":44122,"Shared Read Blocks":0,"Shared Dirtied Blocks":0,"Shared Written Blocks":0,"Local Hit Blocks":0,"Local Read Blocks":0,"Local Dirtied Blocks":0,"Local Written Blocks":0,"Temp Read Blocks":0,"Temp Written Blocks":0,"I/O Read Time":0.0,"I/O Write Time":0.0,"Temp I/O Read Time":0.0,"Temp I/O Write Time":0.0}]}]},{"Node Type":"Hash","Parent Relationship":"Inner","Parallel Aware":false,"Async Capable":false,"Startup Cost":509795.49,"Total Cost":509795.49,"Plan Rows":6000140,"Plan Width":12,"Actual Startup Time":2330.102,"Actual Total Time":2330.107,"Actual Rows":6000000,"Actual Loops":1,"Output":["customer.c_id","customer.c_w_id","customer.c_d_id","customer.c_nationkey"],"Hash Buckets":262144,"Original Hash Buckets":262144,"Hash Batches":64,"Original Hash Batches":64,"Peak Memory Usage":6073,"Shared Hit Blocks":0,"Shared Read Blocks":0,"Shared Dirtied Blocks":0,"Shared Written Blocks":0,"Local Hit Blocks":0,"Local Read Blocks":0,"Local Dirtied Blocks":0,"Local Written Blocks":0,"Temp Read Blocks":0,"Temp Written Blocks":23037,"I/O Read Time":0.0,"I/O Write Time":0.0,"Temp I/O Read Time":0.0,"Temp I/O Write Time":101.032,"Plans":[{"Node Type":"Append","Parent Relationship":"Outer","Parallel Aware":false,"Async Capable":false,"Startup Cost":20.0,"Total Cost":509795.49,"Plan Rows":6000140,"Plan Width":12,"Actual Startup Time":0.019,"Actual Total Time":1319.9,"Actual Rows":6000000,"Actual Loops":1,"Shared Hit Blocks":0,"Shared Read Blocks":0,"Shared Dirtied Blocks":0,"Shared Written Blocks":0,"Local Hit Blocks":0,"Local Read Blocks":0,"Local Dirtied Blocks":0,"Local Written Blocks":0,"Temp Read Blocks":0,"Temp Written Blocks":0,"I/O Read Time":0.0,"I/O Write Time":0.0,"Temp I/O Read Time":0.0,"Temp I/O Write Time":0.0,"Subplans Removed":0,"Plans":[{"Node Type":"Custom Scan","Parent Relationship":"Member","Custom Plan Provider":"columnar scan","Parallel Aware":false,"Async Capable":false,"Relation Name":"customer","Schema":"public","Alias":"customer","Startup Cost":20.0,"Total Cost":141020.06,"Plan Rows":6000000,"Plan Width":12,"Actual Startup Time":0.018,"Actual Total Time":896.693,"Actual Rows":6000000,"Actual Loops":1,"Output":["customer.c_id","customer.c_w_id","customer.c_d_id","customer.c_nationkey"],"Rows Removed by Columnar Filter":0,"Columnar cache search mode":"native","Shared Hit Blocks":0,"Shared Read Blocks":0,"Shared Dirtied Blocks":0,"Shared Written Blocks":0,"Local Hit Blocks":0,"Local Read Blocks":0,"Local Dirtied Blocks":0,"Local Written Blocks":0,"Temp Read Blocks":0,"Temp Written Blocks":0,"I/O Read Time":0.0,"I/O Write Time":0.0,"Temp I/O Read Time":0.0,"Temp I/O Write Time":0.0},{"Node Type":"Seq Scan","Parent Relationship":"Member","Parallel Aware":false,"Async Capable":false,"Relation Name":"customer","Schema":"public","Alias":"customer","Startup Cost":0.0,"Total Cost":5.4,"Plan Rows":140,"Plan Width":12,"Actual Startup Time":0.0,"Actual Total Time":0.0,"Actual Rows":0,"Actual Loops":0,"Output":["customer.c_id","customer.c_w_id","customer.c_d_id","customer.c_nationkey"],"Shared Hit Blocks":0,"Shared Read Blocks":0,"Shared Dirtied Blocks":0,"Shared Written Blocks":0,"Local Hit Blocks":0,"Local Read Blocks":0,"Local Dirtied Blocks":0,"Local Written Blocks":0,"Temp Read Blocks":0,"Temp Written Blocks":0,"I/O Read Time":0.0,"I/O Write Time":0.0,"Temp I/O Read Time":0.0,"Temp I/O Write Time":0.0}]}]}]},{"Node Type":"Hash","Parent Relationship":"Inner","Parallel Aware":false,"Async Capable":false,"Startup Cost":2.99,"Total Cost":2.99,"Plan Rows":12,"Plan Width":12,"Actual Startup Time":0.042,"Actual Total Time":0.048,"Actual Rows":22,"Actual Loops":1,"Output":["nation.n_name","nation.n_nationkey"],"Hash Buckets":1024,"Original Hash Buckets":1024,"Hash Batches":1,"Original Hash Batches":1,"Peak Memory Usage":9,"Shared Hit Blocks":2,"Shared Read Blocks":0,"Shared Dirtied Blocks":0,"Shared Written Blocks":0,"Local Hit Blocks":0,"Local Read Blocks":0,"Local Dirtied Blocks":0,"Local Written Blocks":0,"Temp Read Blocks":0,"Temp Written Blocks":0,"I/O Read Time":0.0,"I/O Write Time":0.0,"Temp I/O Read Time":0.0,"Temp I/O Write Time":0.0,"Plans":[{"Node Type":"Hash Join","Parent Relationship":"Outer","Parallel Aware":false,"Async Capable":false,"Join Type":"Inner","Startup Cost":1.07,"Total Cost":2.99,"Plan Rows":12,"Plan Width":12,"Actual Startup Time":0.026,"Actual Total Time":0.042,"Actual Rows":22,"Actual Loops":1,"Output":["nation.n_name","nation.n_nationkey"],"Inner Unique":true,"Hash Cond":"(nation.n_regionkey = region.r_regionkey)","Shared Hit Blocks":2,"Shared Read Blocks":0,"Shared Dirtied Blocks":0,"Shared Written Blocks":0,"Local Hit Blocks":0,"Local Read Blocks":0,"Local Dirtied Blocks":0,"Local Written Blocks":0,"Temp Read Blocks":0,"Temp Written Blocks":0,"I/O Read Time":0.0,"I/O Write Time":0.0,"Temp I/O Read Time":0.0,"Temp I/O Write Time":0.0,"Plans":[{"Node Type":"Seq Scan","Parent Relationship":"Outer","Parallel Aware":false,"Async Capable":false,"Relation Name":"nation","Schema":"public","Alias":"nation","Startup Cost":0.0,"Total Cost":1.62,"Plan Rows":62,"Plan Width":16,"Actual Startup Time":0.007,"Actual Total Time":0.01,"Actual Rows":62,"Actual Loops":1,"Output":["nation.n_nationkey","nation.n_name","nation.n_regionkey","nation.n_comment"],"Shared Hit Blocks":1,"Shared Read Blocks":0,"Shared Dirtied Blocks":0,"Shared Written Blocks":0,"Local Hit Blocks":0,"Local Read Blocks":0,"Local Dirtied Blocks":0,"Local Written Blocks":0,"Temp Read Blocks":0,"Temp Written Blocks":0,"I/O Read Time":0.0,"I/O Write Time":0.0,"Temp I/O Read Time":0.0,"Temp I/O Write Time":0.0},{"Node Type":"Hash","Parent Relationship":"Inner","Parallel Aware":false,"Async Capable":false,"Startup Cost":1.06,"Total Cost":1.06,"Plan Rows":1,"Plan Width":4,"Actual Startup Time":0.009,"Actual Total Time":0.011,"Actual Rows":1,"Actual Loops":1,"Output":["region.r_regionkey"],"Hash Buckets":1024,"Original Hash Buckets":1024,"Hash Batches":1,"Original Hash Batches":1,"Peak Memory Usage":9,"Shared Hit Blocks":1,"Shared Read Blocks":0,"Shared Dirtied Blocks":0,"Shared Written Blocks":0,"Local Hit Blocks":0,"Local Read Blocks":0,"Local Dirtied Blocks":0,"Local Written Blocks":0,"Temp Read Blocks":0,"Temp Written Blocks":0,"I/O Read Time":0.0,"I/O Write Time":0.0,"Temp I/O Read Time":0.0,"Temp I/O Write Time":0.0,"Plans":[{"Node Type":"Seq Scan","Parent Relationship":"Outer","Parallel Aware":false,"Async Capable":false,"Relation Name":"region","Schema":"public","Alias":"region","Startup Cost":0.0,"Total Cost":1.06,"Plan Rows":1,"Plan Width":4,"Actual Startup Time":0.007,"Actual Total Time":0.007,"Actual Rows":1,"Actual Loops":1,"Output":["region.r_regionkey"],"Filter":"((region.r_name)::text = 'Europe'::text)","Rows Removed by Filter":4,"Shared Hit Blocks":1,"Shared Read Blocks":0,"Shared Dirtied Blocks":0,"Shared Written Blocks":0,"Local Hit Blocks":0,"Local Read Blocks":0,"Local Dirtied Blocks":0,"Local Written Blocks":0,"Temp Read Blocks":0,"Temp Written Blocks":0,"I/O Read Time":0.0,"I/O Write Time":0.0,"Temp I/O Read Time":0.0,"Temp I/O Write Time":0.0}]}]}]}]}]},{"Node Type":"Index Only Scan","Parent Relationship":"Inner","Parallel Aware":false,"Async Capable":false,"Scan Direction":"Forward","Index Name":"stock_pk","Relation Name":"stock","Schema":"public","Alias":"stock","Startup Cost":0.44,"Total Cost":519363.62,"Plan Rows":20000212,"Plan Width":6,"Actual Startup Time":0.045,"Actual Total Time":1423.329,"Actual Rows":19999994,"Actual Loops":1,"Output":["stock.s_w_id","stock.s_i_id"],"Heap Fetches":0,"Shared Hit Blocks":54673,"Shared Read Blocks":0,"Shared Dirtied Blocks":0,"Shared Written Blocks":0,"Local Hit Blocks":0,"Local Read Blocks":0,"Local Dirtied Blocks":0,"Local Written Blocks":0,"Temp Read Blocks":0,"Temp Written Blocks":0,"I/O Read Time":0.0,"I/O Write Time":0.0,"Temp I/O Read Time":0.0,"Temp I/O Write Time":0.0}]},{"Node Type":"Hash","Parent Relationship":"Inner","Parallel Aware":false,"Async Capable":false,"Startup Cost":219.01,"Total Cost":219.01,"Plan Rows":10001,"Plan Width":8,"Actual Startup Time":3.099,"Actual Total Time":3.102,"Actual Rows":10000,"Actual Loops":1,"Output":["supplier.su_suppkey","supplier.su_nationkey"],"Hash Buckets":16384,"Original Hash Buckets":16384,"Hash Batches":1,"Original Hash Batches":1,"Peak Memory Usage":519,"Shared Hit Blocks":0,"Shared Read Blocks":0,"Shared Dirtied Blocks":0,"Shared Written Blocks":0,"Local Hit Blocks":0,"Local Read Blocks":0,"Local Dirtied Blocks":0,"Local Written Blocks":0,"Temp Read Blocks":0,"Temp Written Blocks":0,"I/O Read Time":0.0,"I/O Write Time":0.0,"Temp I/O Read Time":0.0,"Temp I/O Write Time":0.0,"Plans":[{"Node Type":"Append","Parent Relationship":"Outer","Parallel Aware":false,"Async Capable":false,"Startup Cost":20.0,"Total Cost":219.01,"Plan Rows":10001,"Plan Width":8,"Actual Startup Time":0.014,"Actual Total Time":1.792,"Actual Rows":10000,"Actual Loops":1,"Shared Hit Blocks":0,"Shared Read Blocks":0,"Shared Dirtied Blocks":0,"Shared Written Blocks":0,"Local Hit Blocks":0,"Local Read Blocks":0,"Local Dirtied Blocks":0,"Local Written Blocks":0,"Temp Read Blocks":0,"Temp Written Blocks":0,"I/O Read Time":0.0,"I/O Write Time":0.0,"Temp I/O Read Time":0.0,"Temp I/O Write Time":0.0,"Subplans Removed":0,"Plans":[{"Node Type":"Custom Scan","Parent Relationship":"Member","Custom Plan Provider":"columnar scan","Parallel Aware":false,"Async Capable":false,"Relation Name":"supplier","Schema":"public","Alias":"supplier","Startup Cost":20.0,"Total Cost":215.0,"Plan Rows":10000,"Plan Width":8,"Actual Startup Time":0.012,"Actual Total Time":1.082,"Actual Rows":10000,"Actual Loops":1,"Output":["supplier.su_suppkey","supplier.su_nationkey"],"Rows Removed by Columnar Filter":0,"Columnar cache search mode":"native","Shared Hit Blocks":0,"Shared Read Blocks":0,"Shared Dirtied Blocks":0,"Shared Written Blocks":0,"Local Hit Blocks":0,"Local Read Blocks":0,"Local Dirtied Blocks":0,"Local Written Blocks":0,"Temp Read Blocks":0,"Temp Written Blocks":0,"I/O Read Time":0.0,"I/O Write Time":0.0,"Temp I/O Read Time":0.0,"Temp I/O Write Time":0.0},{"Node Type":"Seq Scan","Parent Relationship":"Member","Parallel Aware":false,"Async Capable":false,"Relation Name":"supplier","Schema":"public","Alias":"supplier","Startup Cost":0.0,"Total Cost":4.01,"Plan Rows":1,"Plan Width":8,"Actual Startup Time":0.0,"Actual Total Time":0.0,"Actual Rows":0,"Actual Loops":0,"Output":["supplier.su_suppkey","supplier.su_nationkey"],"Shared Hit Blocks":0,"Shared Read Blocks":0,"Shared Dirtied Blocks":0,"Shared Written Blocks":0,"Local Hit Blocks":0,"Local Read Blocks":0,"Local Dirtied Blocks":0,"Local Written Blocks":0,"Temp Read Blocks":0,"Temp Written Blocks":0,"I/O Read Time":0.0,"I/O Write Time":0.0,"Temp I/O Read Time":0.0,"Temp I/O Write Time":0.0}]}]}]}]}]}]},"Planning":{"Shared Hit Blocks":220,"Shared Read Blocks":0,"Shared Dirtied Blocks":0,"Shared Written Blocks":0,"Local Hit Blocks":0,"Local Read Blocks":0,"Local Dirtied Blocks":0,"Local Written Blocks":0,"Temp Read Blocks":0,"Temp Written Blocks":0,"I/O Read Time":0.0,"I/O Write Time":0.0,"Temp I/O Read Time":0.0,"Temp I/O Write Time":0.0},"Planning Time":5.61,"Triggers":[],"Execution Time":20952.428}]
[列存组合]: customer, nation, orders, region
[{"Plan":{"Node Type":"Sort","Parallel Aware":false,"Async Capable":false,"Startup Cost":4073550.09,"Total Cost":4073550.25,"Plan Rows":62,"Plan Width":40,"Actual Startup Time":34604.484,"Actual Total Time":34604.515,"Actual Rows":11,"Actual Loops":1,"Output":["nation.n_name","(sum(order_line.ol_amount))"],"Sort Key":["(sum(order_line.ol_amount)) DESC"],"Sort Method":"quicksort","Sort Space Used":25,"Sort Space Type":"Memory","Shared Hit Blocks":736640,"Shared Read Blocks":0,"Shared Dirtied Blocks":0,"Shared Written Blocks":0,"Local Hit Blocks":0,"Local Read Blocks":0,"Local Dirtied Blocks":0,"Local Written Blocks":0,"Temp Read Blocks":288611,"Temp Written Blocks":288665,"I/O Read Time":0.0,"I/O Write Time":0.0,"Temp I/O Read Time":453.812,"Temp I/O Write Time":1161.694,"Plans":[{"Node Type":"Aggregate","Strategy":"Sorted","Partial Mode":"Simple","Parent Relationship":"Outer","Parallel Aware":false,"Async Capable":false,"Startup Cost":4073396.45,"Total Cost":4073548.25,"Plan Rows":62,"Plan Width":40,"Actual Startup Time":34598.54,"Actual Total Time":34604.498,"Actual Rows":11,"Actual Loops":1,"Output":["nation.n_name","sum(order_line.ol_amount)"],"Group Key":["nation.n_name"],"Shared Hit Blocks":736640,"Shared Read Blocks":0,"Shared Dirtied Blocks":0,"Shared Written Blocks":0,"Local Hit Blocks":0,"Local Read Blocks":0,"Local Dirtied Blocks":0,"Local Written Blocks":0,"Temp Read Blocks":288611,"Temp Written Blocks":288665,"I/O Read Time":0.0,"I/O Write Time":0.0,"Temp I/O Read Time":453.812,"Temp I/O Write Time":1161.694,"Plans":[{"Node Type":"Sort","Parent Relationship":"Outer","Parallel Aware":false,"Async Capable":false,"Startup Cost":4073396.45,"Total Cost":4073446.79,"Plan Rows":20136,"Plan Width":12,"Actual Startup Time":34598.1,"Actual Total Time":34599.95,"Actual Rows":35044,"Actual Loops":1,"Output":["nation.n_name","order_line.ol_amount"],"Sort Key":["nation.n_name"],"Sort Method":"quicksort","Sort Space Used":3146,"Sort Space Type":"Memory","Shared Hit Blocks":736640,"Shared Read Blocks":0,"Shared Dirtied Blocks":0,"Shared Written Blocks":0,"Local Hit Blocks":0,"Local Read Blocks":0,"Local Dirtied Blocks":0,"Local Written Blocks":0,"Temp Read Blocks":288611,"Temp Written Blocks":288665,"I/O Read Time":0.0,"I/O Write Time":0.0,"Temp I/O Read Time":453.812,"Temp I/O Write Time":1161.694,"Plans":[{"Node Type":"Hash Join","Parent Relationship":"Outer","Parallel Aware":false,"Async Capable":false,"Join Type":"Inner","Startup Cost":3424089.0,"Total Cost":4071956.98,"Plan Rows":20136,"Plan Width":12,"Actual Startup Time":30682.968,"Actual Total Time":34579.259,"Actual Rows":35044,"Actual Loops":1,"Output":["nation.n_name","order_line.ol_amount"],"Inner Unique":true,"Hash Cond":"((mod((stock.s_w_id * stock.s_i_id), 10000) = supplier.su_suppkey) AND (customer.c_nationkey = supplier.su_nationkey))","Shared Hit Blocks":736640,"Shared Read Blocks":0,"Shared Dirtied Blocks":0,"Shared Written Blocks":0,"Local Hit Blocks":0,"Local Read Blocks":0,"Local Dirtied Blocks":0,"Local Written Blocks":0,"Temp Read Blocks":288611,"Temp Written Blocks":288665,"I/O Read Time":0.0,"I/O Write Time":0.0,"Temp I/O Read Time":453.812,"Temp I/O Write Time":1161.694,"Plans":[{"Node Type":"Merge Join","Parent Relationship":"Outer","Parallel Aware":false,"Async Capable":false,"Join Type":"Inner","Startup Cost":3423622.0,"Total Cost":4064655.01,"Plan Rows":1242717,"Plan Width":26,"Actual Startup Time":30679.806,"Actual Total Time":34294.153,"Actual Rows":2218175,"Actual Loops":1,"Output":["customer.c_nationkey","order_line.ol_amount","stock.s_w_id","stock.s_i_id","nation.n_name","nation.n_nationkey"],"Inner Unique":true,"Merge Cond":"((customer.c_w_id = stock.s_w_id) AND (order_line.ol_i_id = stock.s_i_id))","Shared Hit Blocks":736423,"Shared Read Blocks":0,"Shared Dirtied Blocks":0,"Shared Written Blocks":0,"Local Hit Blocks":0,"Local Read Blocks":0,"Local Dirtied Blocks":0,"Local Written Blocks":0,"Temp Read Blocks":288611,"Temp Written Blocks":288665,"I/O Read Time":0.0,"I/O Write Time":0.0,"Temp I/O Read Time":453.812,"Temp I/O Write Time":1161.694,"Plans":[{"Node Type":"Sort","Parent Relationship":"Outer","Parallel Aware":false,"Async Capable":false,"Startup Cost":3423621.57,"Total Cost":3426702.1,"Plan Rows":1232214,"Plan Width":30,"Actual Startup Time":30679.737,"Actual Total Time":31276.033,"Actual Rows":2218175,"Actual Loops":1,"Output":["customer.c_w_id","customer.c_nationkey","orders.o_w_id","order_line.ol_amount","order_line.ol_w_id","order_line.ol_i_id","nation.n_name","nation.n_nationkey"],"Sort Key":["customer.c_w_id","order_line.ol_i_id"],"Sort Method":"external merge","Sort Space Used":94520,"Sort Space Type":"Disk","Shared Hit Blocks":681750,"Shared Read Blocks":0,"Shared Dirtied Blocks":0,"Shared Written Blocks":0,"Local Hit Blocks":0,"Local Read Blocks":0,"Local Dirtied Blocks":0,"Local Written Blocks":0,"Temp Read Blocks":288611,"Temp Written Blocks":288665,"I/O Read Time":0.0,"I/O Write Time":0.0,"Temp I/O Read Time":453.812,"Temp I/O Write Time":1161.694,"Plans":[{"Node Type":"Hash Join","Parent Relationship":"Outer","Parallel Aware":false,"Async Capable":false,"Join Type":"Inner","Startup Cost":795272.92,"Total Cost":3239997.74,"Plan Rows":1232214,"Plan Width":30,"Actual Startup Time":2712.55,"Actual Total Time":27833.586,"Actual Rows":2218175,"Actual Loops":1,"Output":["customer.c_w_id","customer.c_nationkey","orders.o_w_id","order_line.ol_amount","order_line.ol_w_id","order_line.ol_i_id","nation.n_name","nation.n_nationkey"],"Inner Unique":false,"Hash Cond":"(customer.c_nationkey = nation.n_nationkey)","Shared Hit Blocks":681750,"Shared Read Blocks":0,"Shared Dirtied Blocks":0,"Shared Written Blocks":0,"Local Hit Blocks":0,"Local Read Blocks":0,"Local Dirtied Blocks":0,"Local Written Blocks":0,"Temp Read Blocks":264991,"Temp Written Blocks":264991,"I/O Read Time":0.0,"I/O Write Time":0.0,"Temp I/O Read Time":417.749,"Temp I/O Write Time":1092.253,"Plans":[{"Node Type":"Hash Join","Parent Relationship":"Outer","Parallel Aware":false,"Async Capable":false,"Join Type":"Inner","Startup Cost":795269.78,"Total Cost":3204965.93,"Plan Rows":6161071,"Plan Width":18,"Actual Startup Time":2704.785,"Actual Total Time":26890.035,"Actual Rows":8568663,"Actual Loops":1,"Output":["customer.c_w_id","customer.c_nationkey","orders.o_w_id","order_line.ol_amount","order_line.ol_w_id","order_line.ol_i_id"],"Inner Unique":true,"Hash Cond":"((orders.o_c_id = customer.c_id) AND (orders.o_w_id = customer.c_w_id) AND (orders.o_d_id = customer.c_d_id))","Shared Hit Blocks":681748,"Shared Read Blocks":0,"Shared Dirtied Blocks":0,"Shared Written Blocks":0,"Local Hit Blocks":0,"Local Read Blocks":0,"Local Dirtied Blocks":0,"Local Written Blocks":0,"Temp Read Blocks":264991,"Temp Written Blocks":264991,"I/O Read Time":0.0,"I/O Write Time":0.0,"Temp I/O Read Time":417.749,"Temp I/O Write Time":1092.253,"Plans":[{"Node Type":"Hash Join","Parent Relationship":"Outer","Parallel Aware":false,"Async Capable":false,"Join Type":"Inner","Startup Cost":151173.84,"Total Cost":2410851.54,"Plan Rows":6161071,"Plan Width":20,"Actual Startup Time":382.666,"Actual Total Time":19906.684,"Actual Rows":8568663,"Actual Loops":1,"Output":["orders.o_c_id","orders.o_w_id","orders.o_d_id","order_line.ol_amount","order_line.ol_w_id","order_line.ol_d_id","order_line.ol_i_id"],"Inner Unique":true,"Hash Cond":"((order_line.ol_w_id = orders.o_w_id) AND (order_line.ol_d_id = orders.o_d_id) AND (order_line.ol_o_id = orders.o_id))","Shared Hit Blocks":681748,"Shared Read Blocks":0,"Shared Dirtied Blocks":0,"Shared Written Blocks":0,"Local Hit Blocks":0,"Local Read Blocks":0,"Local Dirtied Blocks":0,"Local Written Blocks":0,"Temp Read Blocks":200672,"Temp Written Blocks":200672,"I/O Read Time":0.0,"I/O Write Time":0.0,"Temp I/O Read Time":300.153,"Temp I/O Write Time":796.633,"Plans":[{"Node Type":"Seq Scan","Parent Relationship":"Outer","Parallel Aware":false,"Async Capable":false,"Relation Name":"order_line","Schema":"public","Alias":"order_line","Startup Cost":0.0,"Total Cost":1431670.8,"Plan Rows":42039468,"Plan Width":20,"Actual Startup Time":0.005,"Actual Total Time":7326.576,"Actual Rows":42000489,"Actual Loops":1,"Output":["order_line.ol_amount","order_line.ol_o_id","order_line.ol_w_id","order_line.ol_d_id","order_line.ol_i_id"],"Filter":"(order_line.ol_delivery_d >= '1992-01-02 20:10:02.27764'::timestamp without time zone)","Rows Removed by Filter":17993272,"Shared Hit Blocks":681748,"Shared Read Blocks":0,"Shared Dirtied Blocks":0,"Shared Written Blocks":0,"Local Hit Blocks":0,"Local Read Blocks":0,"Local Dirtied Blocks":0,"Local Written Blocks":0,"Temp Read Blocks":0,"Temp Written Blocks":0,"I/O Read Time":0.0,"I/O Write Time":0.0,"Temp I/O Read Time":0.0,"Temp I/O Write Time":0.0},{"Node Type":"Hash","Parent Relationship":"Inner","Parallel Aware":false,"Async Capable":false,"Startup Cost":131491.69,"Total Cost":131491.69,"Plan Rows":879323,"Plan Width":16,"Actual Startup Time":348.464,"Actual Total Time":348.473,"Actual Rows":856801,"Actual Loops":1,"Output":["orders.o_c_id","orders.o_w_id","orders.o_d_id","orders.o_id"],"Hash Buckets":262144,"Original Hash Buckets":262144,"Hash Batches":8,"Original Hash Batches":8,"Peak Memory Usage":7070,"Shared Hit Blocks":0,"Shared Read Blocks":0,"Shared Dirtied Blocks":0,"Shared Written Blocks":0,"Local Hit Blocks":0,"Local Read Blocks":0,"Local Dirtied Blocks":0,"Local Written Blocks":0,"Temp Read Blocks":0,"Temp Written Blocks":3290,"I/O Read Time":0.0,"I/O Write Time":0.0,"Temp I/O Read Time":0.0,"Temp I/O Write Time":13.657,"Plans":[{"Node Type":"Append","Parent Relationship":"Outer","Parallel Aware":false,"Async Capable":false,"Startup Cost":20.0,"Total Cost":131491.69,"Plan Rows":879323,"Plan Width":16,"Actual Startup Time":0.547,"Actual Total Time":199.603,"Actual Rows":856801,"Actual Loops":1,"Shared Hit Blocks":0,"Shared Read Blocks":0,"Shared Dirtied Blocks":0,"Shared Written Blocks":0,"Local Hit Blocks":0,"Local Read Blocks":0,"Local Dirtied Blocks":0,"Local Written Blocks":0,"Temp Read Blocks":0,"Temp Written Blocks":0,"I/O Read Time":0.0,"I/O Write Time":0.0,"Temp I/O Read Time":0.0,"Temp I/O Write Time":0.0,"Subplans Removed":0,"Plans":[{"Node Type":"Custom Scan","Parent Relationship":"Member","Custom Plan Provider":"columnar scan","Parallel Aware":false,"Async Capable":false,"Relation Name":"orders","Schema":"public","Alias":"orders","Startup Cost":20.0,"Total Cost":20684.21,"Plan Rows":879322,"Plan Width":16,"Actual Startup Time":0.546,"Actual Total Time":139.629,"Actual Rows":856801,"Actual Loops":1,"Output":["orders.o_c_id","orders.o_w_id","orders.o_d_id","orders.o_id"],"Filter":"((orders.o_entry_d < '1994-01-02 20:10:02.27764'::timestamp without time zone) AND (orders.o_entry_d >= '1993-01-02 20:10:02.27764'::timestamp without time zone))","Rows Removed by Filter":0,"Rows Removed by Columnar Filter":5143199,"Columnar cache search mode":"native","Shared Hit Blocks":0,"Shared Read Blocks":0,"Shared Dirtied Blocks":0,"Shared Written Blocks":0,"Local Hit Blocks":0,"Local Read Blocks":0,"Local Dirtied Blocks":0,"Local Written Blocks":0,"Temp Read Blocks":0,"Temp Written Blocks":0,"I/O Read Time":0.0,"I/O Write Time":0.0,"Temp I/O Read Time":0.0,"Temp I/O Write Time":0.0},{"Node Type":"Seq Scan","Parent Relationship":"Member","Parallel Aware":false,"Async Capable":false,"Relation Name":"orders","Schema":"public","Alias":"orders","Startup Cost":0.0,"Total Cost":4.01,"Plan Rows":1,"Plan Width":16,"Actual Startup Time":0.0,"Actual Total Time":0.0,"Actual Rows":0,"Actual Loops":0,"Output":["orders.o_c_id","orders.o_w_id","orders.o_d_id","orders.o_id"],"Filter":"((orders.o_entry_d < '1994-01-02 20:10:02.27764'::timestamp without time zone) AND (orders.o_entry_d >= '1993-01-02 20:10:02.27764'::timestamp without time zone))","Rows Removed by Filter":0,"Shared Hit Blocks":0,"Shared Read Blocks":0,"Shared Dirtied Blocks":0,"Shared Written Blocks":0,"Local Hit Blocks":0,"Local Read Blocks":0,"Local Dirtied Blocks":0,"Local Written Blocks":0,"Temp Read Blocks":0,"Temp Written Blocks":0,"I/O Read Time":0.0,"I/O Write Time":0.0,"Temp I/O Read Time":0.0,"Temp I/O Write Time":0.0}]}]}]},{"Node Type":"Hash","Parent Relationship":"Inner","Parallel Aware":false,"Async Capable":false,"Startup Cost":509795.49,"Total Cost":509795.49,"Plan Rows":6000140,"Plan Width":12,"Actual Startup Time":2315.082,"Actual Total Time":2315.087,"Actual Rows":6000000,"Actual Loops":1,"Output":["customer.c_id","customer.c_w_id","customer.c_d_id","customer.c_nationkey"],"Hash Buckets":262144,"Original Hash Buckets":262144,"Hash Batches":64,"Original Hash Batches":64,"Peak Memory Usage":6073,"Shared Hit Blocks":0,"Shared Read Blocks":0,"Shared Dirtied Blocks":0,"Shared Written Blocks":0,"Local Hit Blocks":0,"Local Read Blocks":0,"Local Dirtied Blocks":0,"Local Written Blocks":0,"Temp Read Blocks":0,"Temp Written Blocks":23037,"I/O Read Time":0.0,"I/O Write Time":0.0,"Temp I/O Read Time":0.0,"Temp I/O Write Time":100.992,"Plans":[{"Node Type":"Append","Parent Relationship":"Outer","Parallel Aware":false,"Async Capable":false,"Startup Cost":20.0,"Total Cost":509795.49,"Plan Rows":6000140,"Plan Width":12,"Actual Startup Time":0.017,"Actual Total Time":1310.17,"Actual Rows":6000000,"Actual Loops":1,"Shared Hit Blocks":0,"Shared Read Blocks":0,"Shared Dirtied Blocks":0,"Shared Written Blocks":0,"Local Hit Blocks":0,"Local Read Blocks":0,"Local Dirtied Blocks":0,"Local Written Blocks":0,"Temp Read Blocks":0,"Temp Written Blocks":0,"I/O Read Time":0.0,"I/O Write Time":0.0,"Temp I/O Read Time":0.0,"Temp I/O Write Time":0.0,"Subplans Removed":0,"Plans":[{"Node Type":"Custom Scan","Parent Relationship":"Member","Custom Plan Provider":"columnar scan","Parallel Aware":false,"Async Capable":false,"Relation Name":"customer","Schema":"public","Alias":"customer","Startup Cost":20.0,"Total Cost":141020.06,"Plan Rows":6000000,"Plan Width":12,"Actual Startup Time":0.016,"Actual Total Time":895.993,"Actual Rows":6000000,"Actual Loops":1,"Output":["customer.c_id","customer.c_w_id","customer.c_d_id","customer.c_nationkey"],"Rows Removed by Columnar Filter":0,"Columnar cache search mode":"native","Shared Hit Blocks":0,"Shared Read Blocks":0,"Shared Dirtied Blocks":0,"Shared Written Blocks":0,"Local Hit Blocks":0,"Local Read Blocks":0,"Local Dirtied Blocks":0,"Local Written Blocks":0,"Temp Read Blocks":0,"Temp Written Blocks":0,"I/O Read Time":0.0,"I/O Write Time":0.0,"Temp I/O Read Time":0.0,"Temp I/O Write Time":0.0},{"Node Type":"Seq Scan","Parent Relationship":"Member","Parallel Aware":false,"Async Capable":false,"Relation Name":"customer","Schema":"public","Alias":"customer","Startup Cost":0.0,"Total Cost":5.4,"Plan Rows":140,"Plan Width":12,"Actual Startup Time":0.0,"Actual Total Time":0.0,"Actual Rows":0,"Actual Loops":0,"Output":["customer.c_id","customer.c_w_id","customer.c_d_id","customer.c_nationkey"],"Shared Hit Blocks":0,"Shared Read Blocks":0,"Shared Dirtied Blocks":0,"Shared Written Blocks":0,"Local Hit Blocks":0,"Local Read Blocks":0,"Local Dirtied Blocks":0,"Local Written Blocks":0,"Temp Read Blocks":0,"Temp Written Blocks":0,"I/O Read Time":0.0,"I/O Write Time":0.0,"Temp I/O Read Time":0.0,"Temp I/O Write Time":0.0}]}]}]},{"Node Type":"Hash","Parent Relationship":"Inner","Parallel Aware":false,"Async Capable":false,"Startup Cost":2.99,"Total Cost":2.99,"Plan Rows":12,"Plan Width":12,"Actual Startup Time":0.039,"Actual Total Time":0.044,"Actual Rows":22,"Actual Loops":1,"Output":["nation.n_name","nation.n_nationkey"],"Hash Buckets":1024,"Original Hash Buckets":1024,"Hash Batches":1,"Original Hash Batches":1,"Peak Memory Usage":9,"Shared Hit Blocks":2,"Shared Read Blocks":0,"Shared Dirtied Blocks":0,"Shared Written Blocks":0,"Local Hit Blocks":0,"Local Read Blocks":0,"Local Dirtied Blocks":0,"Local Written Blocks":0,"Temp Read Blocks":0,"Temp Written Blocks":0,"I/O Read Time":0.0,"I/O Write Time":0.0,"Temp I/O Read Time":0.0,"Temp I/O Write Time":0.0,"Plans":[{"Node Type":"Hash Join","Parent Relationship":"Outer","Parallel Aware":false,"Async Capable":false,"Join Type":"Inner","Startup Cost":1.07,"Total Cost":2.99,"Plan Rows":12,"Plan Width":12,"Actual Startup Time":0.021,"Actual Total Time":0.038,"Actual Rows":22,"Actual Loops":1,"Output":["nation.n_name","nation.n_nationkey"],"Inner Unique":true,"Hash Cond":"(nation.n_regionkey = region.r_regionkey)","Shared Hit Blocks":2,"Shared Read Blocks":0,"Shared Dirtied Blocks":0,"Shared Written Blocks":0,"Local Hit Blocks":0,"Local Read Blocks":0,"Local Dirtied Blocks":0,"Local Written Blocks":0,"Temp Read Blocks":0,"Temp Written Blocks":0,"I/O Read Time":0.0,"I/O Write Time":0.0,"Temp I/O Read Time":0.0,"Temp I/O Write Time":0.0,"Plans":[{"Node Type":"Seq Scan","Parent Relationship":"Outer","Parallel Aware":false,"Async Capable":false,"Relation Name":"nation","Schema":"public","Alias":"nation","Startup Cost":0.0,"Total Cost":1.62,"Plan Rows":62,"Plan Width":16,"Actual Startup Time":0.004,"Actual Total Time":0.008,"Actual Rows":62,"Actual Loops":1,"Output":["nation.n_nationkey","nation.n_name","nation.n_regionkey","nation.n_comment"],"Shared Hit Blocks":1,"Shared Read Blocks":0,"Shared Dirtied Blocks":0,"Shared Written Blocks":0,"Local Hit Blocks":0,"Local Read Blocks":0,"Local Dirtied Blocks":0,"Local Written Blocks":0,"Temp Read Blocks":0,"Temp Written Blocks":0,"I/O Read Time":0.0,"I/O Write Time":0.0,"Temp I/O Read Time":0.0,"Temp I/O Write Time":0.0},{"Node Type":"Hash","Parent Relationship":"Inner","Parallel Aware":false,"Async Capable":false,"Startup Cost":1.06,"Total Cost":1.06,"Plan Rows":1,"Plan Width":4,"Actual Startup Time":0.007,"Actual Total Time":0.009,"Actual Rows":1,"Actual Loops":1,"Output":["region.r_regionkey"],"Hash Buckets":1024,"Original Hash Buckets":1024,"Hash Batches":1,"Original Hash Batches":1,"Peak Memory Usage":9,"Shared Hit Blocks":1,"Shared Read Blocks":0,"Shared Dirtied Blocks":0,"Shared Written Blocks":0,"Local Hit Blocks":0,"Local Read Blocks":0,"Local Dirtied Blocks":0,"Local Written Blocks":0,"Temp Read Blocks":0,"Temp Written Blocks":0,"I/O Read Time":0.0,"I/O Write Time":0.0,"Temp I/O Read Time":0.0,"Temp I/O Write Time":0.0,"Plans":[{"Node Type":"Seq Scan","Parent Relationship":"Outer","Parallel Aware":false,"Async Capable":false,"Relation Name":"region","Schema":"public","Alias":"region","Startup Cost":0.0,"Total Cost":1.06,"Plan Rows":1,"Plan Width":4,"Actual Startup Time":0.006,"Actual Total Time":0.006,"Actual Rows":1,"Actual Loops":1,"Output":["region.r_regionkey"],"Filter":"((region.r_name)::text = 'Europe'::text)","Rows Removed by Filter":4,"Shared Hit Blocks":1,"Shared Read Blocks":0,"Shared Dirtied Blocks":0,"Shared Written Blocks":0,"Local Hit Blocks":0,"Local Read Blocks":0,"Local Dirtied Blocks":0,"Local Written Blocks":0,"Temp Read Blocks":0,"Temp Written Blocks":0,"I/O Read Time":0.0,"I/O Write Time":0.0,"Temp I/O Read Time":0.0,"Temp I/O Write Time":0.0}]}]}]}]}]},{"Node Type":"Index Only Scan","Parent Relationship":"Inner","Parallel Aware":false,"Async Capable":false,"Scan Direction":"Forward","Index Name":"stock_pk","Relation Name":"stock","Schema":"public","Alias":"stock","Startup Cost":0.44,"Total Cost":519363.62,"Plan Rows":20000212,"Plan Width":6,"Actual Startup Time":0.054,"Actual Total Time":1401.18,"Actual Rows":19999994,"Actual Loops":1,"Output":["stock.s_w_id","stock.s_i_id"],"Heap Fetches":0,"Shared Hit Blocks":54673,"Shared Read Blocks":0,"Shared Dirtied Blocks":0,"Shared Written Blocks":0,"Local Hit Blocks":0,"Local Read Blocks":0,"Local Dirtied Blocks":0,"Local Written Blocks":0,"Temp Read Blocks":0,"Temp Written Blocks":0,"I/O Read Time":0.0,"I/O Write Time":0.0,"Temp I/O Read Time":0.0,"Temp I/O Write Time":0.0}]},{"Node Type":"Hash","Parent Relationship":"Inner","Parallel Aware":false,"Async Capable":false,"Startup Cost":317.0,"Total Cost":317.0,"Plan Rows":10000,"Plan Width":8,"Actual Startup Time":2.716,"Actual Total Time":2.716,"Actual Rows":10000,"Actual Loops":1,"Output":["supplier.su_suppkey","supplier.su_nationkey"],"Hash Buckets":16384,"Original Hash Buckets":16384,"Hash Batches":1,"Original Hash Batches":1,"Peak Memory Usage":519,"Shared Hit Blocks":217,"Shared Read Blocks":0,"Shared Dirtied Blocks":0,"Shared Written Blocks":0,"Local Hit Blocks":0,"Local Read Blocks":0,"Local Dirtied Blocks":0,"Local Written Blocks":0,"Temp Read Blocks":0,"Temp Written Blocks":0,"I/O Read Time":0.0,"I/O Write Time":0.0,"Temp I/O Read Time":0.0,"Temp I/O Write Time":0.0,"Plans":[{"Node Type":"Seq Scan","Parent Relationship":"Outer","Parallel Aware":false,"Async Capable":false,"Relation Name":"supplier","Schema":"public","Alias":"supplier","Startup Cost":0.0,"Total Cost":317.0,"Plan Rows":10000,"Plan Width":8,"Actual Startup Time":0.01,"Actual Total Time":1.315,"Actual Rows":10000,"Actual Loops":1,"Output":["supplier.su_suppkey","supplier.su_nationkey"],"Shared Hit Blocks":217,"Shared Read Blocks":0,"Shared Dirtied Blocks":0,"Shared Written Blocks":0,"Local Hit Blocks":0,"Local Read Blocks":0,"Local Dirtied Blocks":0,"Local Written Blocks":0,"Temp Read Blocks":0,"Temp Written Blocks":0,"I/O Read Time":0.0,"I/O Write Time":0.0,"Temp I/O Read Time":0.0,"Temp I/O Write Time":0.0}]}]}]}]}]},"Planning":{"Shared Hit Blocks":220,"Shared Read Blocks":0,"Shared Dirtied Blocks":0,"Shared Written Blocks":0,"Local Hit Blocks":0,"Local Read Blocks":0,"Local Dirtied Blocks":0,"Local Written Blocks":0,"Temp Read Blocks":0,"Temp Written Blocks":0,"I/O Read Time":0.0,"I/O Write Time":0.0,"Temp I/O Read Time":0.0,"Temp I/O Write Time":0.0},"Planning Time":5.131,"Triggers":[],"Execution Time":34619.379}]
[列存组合]: customer, nation, orders, stock
[{"Plan":{"Node Type":"Sort","Parallel Aware":false,"Async Capable":false,"Startup Cost":4073550.09,"Total Cost":4073550.25,"Plan Rows":62,"Plan Width":40,"Actual Startup Time":34643.797,"Actual Total Time":34643.829,"Actual Rows":11,"Actual Loops":1,"Output":["nation.n_name","(sum(order_line.ol_amount))"],"Sort Key":["(sum(order_line.ol_amount)) DESC"],"Sort Method":"quicksort","Sort Space Used":25,"Sort Space Type":"Memory","Shared Hit Blocks":736640,"Shared Read Blocks":0,"Shared Dirtied Blocks":0,"Shared Written Blocks":0,"Local Hit Blocks":0,"Local Read Blocks":0,"Local Dirtied Blocks":0,"Local Written Blocks":0,"Temp Read Blocks":288611,"Temp Written Blocks":288665,"I/O Read Time":0.0,"I/O Write Time":0.0,"Temp I/O Read Time":448.188,"Temp I/O Write Time":1173.528,"Plans":[{"Node Type":"Aggregate","Strategy":"Sorted","Partial Mode":"Simple","Parent Relationship":"Outer","Parallel Aware":false,"Async Capable":false,"Startup Cost":4073396.45,"Total Cost":4073548.25,"Plan Rows":62,"Plan Width":40,"Actual Startup Time":34637.826,"Actual Total Time":34643.811,"Actual Rows":11,"Actual Loops":1,"Output":["nation.n_name","sum(order_line.ol_amount)"],"Group Key":["nation.n_name"],"Shared Hit Blocks":736640,"Shared Read Blocks":0,"Shared Dirtied Blocks":0,"Shared Written Blocks":0,"Local Hit Blocks":0,"Local Read Blocks":0,"Local Dirtied Blocks":0,"Local Written Blocks":0,"Temp Read Blocks":288611,"Temp Written Blocks":288665,"I/O Read Time":0.0,"I/O Write Time":0.0,"Temp I/O Read Time":448.188,"Temp I/O Write Time":1173.528,"Plans":[{"Node Type":"Sort","Parent Relationship":"Outer","Parallel Aware":false,"Async Capable":false,"Startup Cost":4073396.45,"Total Cost":4073446.79,"Plan Rows":20136,"Plan Width":12,"Actual Startup Time":34637.386,"Actual Total Time":34639.256,"Actual Rows":35044,"Actual Loops":1,"Output":["nation.n_name","order_line.ol_amount"],"Sort Key":["nation.n_name"],"Sort Method":"quicksort","Sort Space Used":3146,"Sort Space Type":"Memory","Shared Hit Blocks":736640,"Shared Read Blocks":0,"Shared Dirtied Blocks":0,"Shared Written Blocks":0,"Local Hit Blocks":0,"Local Read Blocks":0,"Local Dirtied Blocks":0,"Local Written Blocks":0,"Temp Read Blocks":288611,"Temp Written Blocks":288665,"I/O Read Time":0.0,"I/O Write Time":0.0,"Temp I/O Read Time":448.188,"Temp I/O Write Time":1173.528,"Plans":[{"Node Type":"Hash Join","Parent Relationship":"Outer","Parallel Aware":false,"Async Capable":false,"Join Type":"Inner","Startup Cost":3424089.0,"Total Cost":4071956.98,"Plan Rows":20136,"Plan Width":12,"Actual Startup Time":30735.193,"Actual Total Time":34618.057,"Actual Rows":35044,"Actual Loops":1,"Output":["nation.n_name","order_line.ol_amount"],"Inner Unique":true,"Hash Cond":"((mod((stock.s_w_id * stock.s_i_id), 10000) = supplier.su_suppkey) AND (customer.c_nationkey = supplier.su_nationkey))","Shared Hit Blocks":736640,"Shared Read Blocks":0,"Shared Dirtied Blocks":0,"Shared Written Blocks":0,"Local Hit Blocks":0,"Local Read Blocks":0,"Local Dirtied Blocks":0,"Local Written Blocks":0,"Temp Read Blocks":288611,"Temp Written Blocks":288665,"I/O Read Time":0.0,"I/O Write Time":0.0,"Temp I/O Read Time":448.188,"Temp I/O Write Time":1173.528,"Plans":[{"Node Type":"Merge Join","Parent Relationship":"Outer","Parallel Aware":false,"Async Capable":false,"Join Type":"Inner","Startup Cost":3423622.0,"Total Cost":4064655.01,"Plan Rows":1242717,"Plan Width":26,"Actual Startup Time":30732.19,"Actual Total Time":34335.081,"Actual Rows":2218175,"Actual Loops":1,"Output":["customer.c_nationkey","order_line.ol_amount","stock.s_w_id","stock.s_i_id","nation.n_name","nation.n_nationkey"],"Inner Unique":true,"Merge Cond":"((customer.c_w_id = stock.s_w_id) AND (order_line.ol_i_id = stock.s_i_id))","Shared Hit Blocks":736423,"Shared Read Blocks":0,"Shared Dirtied Blocks":0,"Shared Written Blocks":0,"Local Hit Blocks":0,"Local Read Blocks":0,"Local Dirtied Blocks":0,"Local Written Blocks":0,"Temp Read Blocks":288611,"Temp Written Blocks":288665,"I/O Read Time":0.0,"I/O Write Time":0.0,"Temp I/O Read Time":448.188,"Temp I/O Write Time":1173.528,"Plans":[{"Node Type":"Sort","Parent Relationship":"Outer","Parallel Aware":false,"Async Capable":false,"Startup Cost":3423621.57,"Total Cost":3426702.1,"Plan Rows":1232214,"Plan Width":30,"Actual Startup Time":30732.127,"Actual Total Time":31328.198,"Actual Rows":2218175,"Actual Loops":1,"Output":["customer.c_w_id","customer.c_nationkey","orders.o_w_id","order_line.ol_amount","order_line.ol_w_id","order_line.ol_i_id","nation.n_name","nation.n_nationkey"],"Sort Key":["customer.c_w_id","order_line.ol_i_id"],"Sort Method":"external merge","Sort Space Used":94520,"Sort Space Type":"Disk","Shared Hit Blocks":681750,"Shared Read Blocks":0,"Shared Dirtied Blocks":0,"Shared Written Blocks":0,"Local Hit Blocks":0,"Local Read Blocks":0,"Local Dirtied Blocks":0,"Local Written Blocks":0,"Temp Read Blocks":288611,"Temp Written Blocks":288665,"I/O Read Time":0.0,"I/O Write Time":0.0,"Temp I/O Read Time":448.188,"Temp I/O Write Time":1173.528,"Plans":[{"Node Type":"Hash Join","Parent Relationship":"Outer","Parallel Aware":false,"Async Capable":false,"Join Type":"Inner","Startup Cost":795272.92,"Total Cost":3239997.74,"Plan Rows":1232214,"Plan Width":30,"Actual Startup Time":2722.347,"Actual Total Time":27874.67,"Actual Rows":2218175,"Actual Loops":1,"Output":["customer.c_w_id","customer.c_nationkey","orders.o_w_id","order_line.ol_amount","order_line.ol_w_id","order_line.ol_i_id","nation.n_name","nation.n_nationkey"],"Inner Unique":false,"Hash Cond":"(customer.c_nationkey = nation.n_nationkey)","Shared Hit Blocks":681750,"Shared Read Blocks":0,"Shared Dirtied Blocks":0,"Shared Written Blocks":0,"Local Hit Blocks":0,"Local Read Blocks":0,"Local Dirtied Blocks":0,"Local Written Blocks":0,"Temp Read Blocks":264991,"Temp Written Blocks":264991,"I/O Read Time":0.0,"I/O Write Time":0.0,"Temp I/O Read Time":412.609,"Temp I/O Write Time":1106.096,"Plans":[{"Node Type":"Hash Join","Parent Relationship":"Outer","Parallel Aware":false,"Async Capable":false,"Join Type":"Inner","Startup Cost":795269.78,"Total Cost":3204965.93,"Plan Rows":6161071,"Plan Width":18,"Actual Startup Time":2714.57,"Actual Total Time":26933.785,"Actual Rows":8568663,"Actual Loops":1,"Output":["customer.c_w_id","customer.c_nationkey","orders.o_w_id","order_line.ol_amount","order_line.ol_w_id","order_line.ol_i_id"],"Inner Unique":true,"Hash Cond":"((orders.o_c_id = customer.c_id) AND (orders.o_w_id = customer.c_w_id) AND (orders.o_d_id = customer.c_d_id))","Shared Hit Blocks":681748,"Shared Read Blocks":0,"Shared Dirtied Blocks":0,"Shared Written Blocks":0,"Local Hit Blocks":0,"Local Read Blocks":0,"Local Dirtied Blocks":0,"Local Written Blocks":0,"Temp Read Blocks":264991,"Temp Written Blocks":264991,"I/O Read Time":0.0,"I/O Write Time":0.0,"Temp I/O Read Time":412.609,"Temp I/O Write Time":1106.096,"Plans":[{"Node Type":"Hash Join","Parent Relationship":"Outer","Parallel Aware":false,"Async Capable":false,"Join Type":"Inner","Startup Cost":151173.84,"Total Cost":2410851.54,"Plan Rows":6161071,"Plan Width":20,"Actual Startup Time":385.44,"Actual Total Time":19974.27,"Actual Rows":8568663,"Actual Loops":1,"Output":["orders.o_c_id","orders.o_w_id","orders.o_d_id","order_line.ol_amount","order_line.ol_w_id","order_line.ol_d_id","order_line.ol_i_id"],"Inner Unique":true,"Hash Cond":"((order_line.ol_w_id = orders.o_w_id) AND (order_line.ol_d_id = orders.o_d_id) AND (order_line.ol_o_id = orders.o_id))","Shared Hit Blocks":681748,"Shared Read Blocks":0,"Shared Dirtied Blocks":0,"Shared Written Blocks":0,"Local Hit Blocks":0,"Local Read Blocks":0,"Local Dirtied Blocks":0,"Local Written Blocks":0,"Temp Read Blocks":200672,"Temp Written Blocks":200672,"I/O Read Time":0.0,"I/O Write Time":0.0,"Temp I/O Read Time":302.144,"Temp I/O Write Time":803.62,"Plans":[{"Node Type":"Seq Scan","Parent Relationship":"Outer","Parallel Aware":false,"Async Capable":false,"Relation Name":"order_line","Schema":"public","Alias":"order_line","Startup Cost":0.0,"Total Cost":1431670.8,"Plan Rows":42039468,"Plan Width":20,"Actual Startup Time":0.006,"Actual Total Time":7329.92,"Actual Rows":42000489,"Actual Loops":1,"Output":["order_line.ol_amount","order_line.ol_o_id","order_line.ol_w_id","order_line.ol_d_id","order_line.ol_i_id"],"Filter":"(order_line.ol_delivery_d >= '1992-01-02 20:10:02.27764'::timestamp without time zone)","Rows Removed by Filter":17993272,"Shared Hit Blocks":681748,"Shared Read Blocks":0,"Shared Dirtied Blocks":0,"Shared Written Blocks":0,"Local Hit Blocks":0,"Local Read Blocks":0,"Local Dirtied Blocks":0,"Local Written Blocks":0,"Temp Read Blocks":0,"Temp Written Blocks":0,"I/O Read Time":0.0,"I/O Write Time":0.0,"Temp I/O Read Time":0.0,"Temp I/O Write Time":0.0},{"Node Type":"Hash","Parent Relationship":"Inner","Parallel Aware":false,"Async Capable":false,"Startup Cost":131491.69,"Total Cost":131491.69,"Plan Rows":879323,"Plan Width":16,"Actual Startup Time":351.08,"Actual Total Time":351.088,"Actual Rows":856801,"Actual Loops":1,"Output":["orders.o_c_id","orders.o_w_id","orders.o_d_id","orders.o_id"],"Hash Buckets":262144,"Original Hash Buckets":262144,"Hash Batches":8,"Original Hash Batches":8,"Peak Memory Usage":7070,"Shared Hit Blocks":0,"Shared Read Blocks":0,"Shared Dirtied Blocks":0,"Shared Written Blocks":0,"Local Hit Blocks":0,"Local Read Blocks":0,"Local Dirtied Blocks":0,"Local Written Blocks":0,"Temp Read Blocks":0,"Temp Written Blocks":3290,"I/O Read Time":0.0,"I/O Write Time":0.0,"Temp I/O Read Time":0.0,"Temp I/O Write Time":14.869,"Plans":[{"Node Type":"Append","Parent Relationship":"Outer","Parallel Aware":false,"Async Capable":false,"Startup Cost":20.0,"Total Cost":131491.69,"Plan Rows":879323,"Plan Width":16,"Actual Startup Time":0.483,"Actual Total Time":201.302,"Actual Rows":856801,"Actual Loops":1,"Shared Hit Blocks":0,"Shared Read Blocks":0,"Shared Dirtied Blocks":0,"Shared Written Blocks":0,"Local Hit Blocks":0,"Local Read Blocks":0,"Local Dirtied Blocks":0,"Local Written Blocks":0,"Temp Read Blocks":0,"Temp Written Blocks":0,"I/O Read Time":0.0,"I/O Write Time":0.0,"Temp I/O Read Time":0.0,"Temp I/O Write Time":0.0,"Subplans Removed":0,"Plans":[{"Node Type":"Custom Scan","Parent Relationship":"Member","Custom Plan Provider":"columnar scan","Parallel Aware":false,"Async Capable":false,"Relation Name":"orders","Schema":"public","Alias":"orders","Startup Cost":20.0,"Total Cost":20684.21,"Plan Rows":879322,"Plan Width":16,"Actual Startup Time":0.482,"Actual Total Time":141.119,"Actual Rows":856801,"Actual Loops":1,"Output":["orders.o_c_id","orders.o_w_id","orders.o_d_id","orders.o_id"],"Filter":"((orders.o_entry_d < '1994-01-02 20:10:02.27764'::timestamp without time zone) AND (orders.o_entry_d >= '1993-01-02 20:10:02.27764'::timestamp without time zone))","Rows Removed by Filter":0,"Rows Removed by Columnar Filter":5143199,"Columnar cache search mode":"native","Shared Hit Blocks":0,"Shared Read Blocks":0,"Shared Dirtied Blocks":0,"Shared Written Blocks":0,"Local Hit Blocks":0,"Local Read Blocks":0,"Local Dirtied Blocks":0,"Local Written Blocks":0,"Temp Read Blocks":0,"Temp Written Blocks":0,"I/O Read Time":0.0,"I/O Write Time":0.0,"Temp I/O Read Time":0.0,"Temp I/O Write Time":0.0},{"Node Type":"Seq Scan","Parent Relationship":"Member","Parallel Aware":false,"Async Capable":false,"Relation Name":"orders","Schema":"public","Alias":"orders","Startup Cost":0.0,"Total Cost":4.01,"Plan Rows":1,"Plan Width":16,"Actual Startup Time":0.0,"Actual Total Time":0.0,"Actual Rows":0,"Actual Loops":0,"Output":["orders.o_c_id","orders.o_w_id","orders.o_d_id","orders.o_id"],"Filter":"((orders.o_entry_d < '1994-01-02 20:10:02.27764'::timestamp without time zone) AND (orders.o_entry_d >= '1993-01-02 20:10:02.27764'::timestamp without time zone))","Rows Removed by Filter":0,"Shared Hit Blocks":0,"Shared Read Blocks":0,"Shared Dirtied Blocks":0,"Shared Written Blocks":0,"Local Hit Blocks":0,"Local Read Blocks":0,"Local Dirtied Blocks":0,"Local Written Blocks":0,"Temp Read Blocks":0,"Temp Written Blocks":0,"I/O Read Time":0.0,"I/O Write Time":0.0,"Temp I/O Read Time":0.0,"Temp I/O Write Time":0.0}]}]}]},{"Node Type":"Hash","Parent Relationship":"Inner","Parallel Aware":false,"Async Capable":false,"Startup Cost":509795.49,"Total Cost":509795.49,"Plan Rows":6000140,"Plan Width":12,"Actual Startup Time":2322.049,"Actual Total Time":2322.055,"Actual Rows":6000000,"Actual Loops":1,"Output":["customer.c_id","customer.c_w_id","customer.c_d_id","customer.c_nationkey"],"Hash Buckets":262144,"Original Hash Buckets":262144,"Hash Batches":64,"Original Hash Batches":64,"Peak Memory Usage":6073,"Shared Hit Blocks":0,"Shared Read Blocks":0,"Shared Dirtied Blocks":0,"Shared Written Blocks":0,"Local Hit Blocks":0,"Local Read Blocks":0,"Local Dirtied Blocks":0,"Local Written Blocks":0,"Temp Read Blocks":0,"Temp Written Blocks":23037,"I/O Read Time":0.0,"I/O Write Time":0.0,"Temp I/O Read Time":0.0,"Temp I/O Write Time":105.478,"Plans":[{"Node Type":"Append","Parent Relationship":"Outer","Parallel Aware":false,"Async Capable":false,"Startup Cost":20.0,"Total Cost":509795.49,"Plan Rows":6000140,"Plan Width":12,"Actual Startup Time":0.017,"Actual Total Time":1312.215,"Actual Rows":6000000,"Actual Loops":1,"Shared Hit Blocks":0,"Shared Read Blocks":0,"Shared Dirtied Blocks":0,"Shared Written Blocks":0,"Local Hit Blocks":0,"Local Read Blocks":0,"Local Dirtied Blocks":0,"Local Written Blocks":0,"Temp Read Blocks":0,"Temp Written Blocks":0,"I/O Read Time":0.0,"I/O Write Time":0.0,"Temp I/O Read Time":0.0,"Temp I/O Write Time":0.0,"Subplans Removed":0,"Plans":[{"Node Type":"Custom Scan","Parent Relationship":"Member","Custom Plan Provider":"columnar scan","Parallel Aware":false,"Async Capable":false,"Relation Name":"customer","Schema":"public","Alias":"customer","Startup Cost":20.0,"Total Cost":141020.06,"Plan Rows":6000000,"Plan Width":12,"Actual Startup Time":0.016,"Actual Total Time":897.594,"Actual Rows":6000000,"Actual Loops":1,"Output":["customer.c_id","customer.c_w_id","customer.c_d_id","customer.c_nationkey"],"Rows Removed by Columnar Filter":0,"Columnar cache search mode":"native","Shared Hit Blocks":0,"Shared Read Blocks":0,"Shared Dirtied Blocks":0,"Shared Written Blocks":0,"Local Hit Blocks":0,"Local Read Blocks":0,"Local Dirtied Blocks":0,"Local Written Blocks":0,"Temp Read Blocks":0,"Temp Written Blocks":0,"I/O Read Time":0.0,"I/O Write Time":0.0,"Temp I/O Read Time":0.0,"Temp I/O Write Time":0.0},{"Node Type":"Seq Scan","Parent Relationship":"Member","Parallel Aware":false,"Async Capable":false,"Relation Name":"customer","Schema":"public","Alias":"customer","Startup Cost":0.0,"Total Cost":5.4,"Plan Rows":140,"Plan Width":12,"Actual Startup Time":0.0,"Actual Total Time":0.0,"Actual Rows":0,"Actual Loops":0,"Output":["customer.c_id","customer.c_w_id","customer.c_d_id","customer.c_nationkey"],"Shared Hit Blocks":0,"Shared Read Blocks":0,"Shared Dirtied Blocks":0,"Shared Written Blocks":0,"Local Hit Blocks":0,"Local Read Blocks":0,"Local Dirtied Blocks":0,"Local Written Blocks":0,"Temp Read Blocks":0,"Temp Written Blocks":0,"I/O Read Time":0.0,"I/O Write Time":0.0,"Temp I/O Read Time":0.0,"Temp I/O Write Time":0.0}]}]}]},{"Node Type":"Hash","Parent Relationship":"Inner","Parallel Aware":false,"Async Capable":false,"Startup Cost":2.99,"Total Cost":2.99,"Plan Rows":12,"Plan Width":12,"Actual Startup Time":0.04,"Actual Total Time":0.046,"Actual Rows":22,"Actual Loops":1,"Output":["nation.n_name","nation.n_nationkey"],"Hash Buckets":1024,"Original Hash Buckets":1024,"Hash Batches":1,"Original Hash Batches":1,"Peak Memory Usage":9,"Shared Hit Blocks":2,"Shared Read Blocks":0,"Shared Dirtied Blocks":0,"Shared Written Blocks":0,"Local Hit Blocks":0,"Local Read Blocks":0,"Local Dirtied Blocks":0,"Local Written Blocks":0,"Temp Read Blocks":0,"Temp Written Blocks":0,"I/O Read Time":0.0,"I/O Write Time":0.0,"Temp I/O Read Time":0.0,"Temp I/O Write Time":0.0,"Plans":[{"Node Type":"Hash Join","Parent Relationship":"Outer","Parallel Aware":false,"Async Capable":false,"Join Type":"Inner","Startup Cost":1.07,"Total Cost":2.99,"Plan Rows":12,"Plan Width":12,"Actual Startup Time":0.024,"Actual Total Time":0.041,"Actual Rows":22,"Actual Loops":1,"Output":["nation.n_name","nation.n_nationkey"],"Inner Unique":true,"Hash Cond":"(nation.n_regionkey = region.r_regionkey)","Shared Hit Blocks":2,"Shared Read Blocks":0,"Shared Dirtied Blocks":0,"Shared Written Blocks":0,"Local Hit Blocks":0,"Local Read Blocks":0,"Local Dirtied Blocks":0,"Local Written Blocks":0,"Temp Read Blocks":0,"Temp Written Blocks":0,"I/O Read Time":0.0,"I/O Write Time":0.0,"Temp I/O Read Time":0.0,"Temp I/O Write Time":0.0,"Plans":[{"Node Type":"Seq Scan","Parent Relationship":"Outer","Parallel Aware":false,"Async Capable":false,"Relation Name":"nation","Schema":"public","Alias":"nation","Startup Cost":0.0,"Total Cost":1.62,"Plan Rows":62,"Plan Width":16,"Actual Startup Time":0.005,"Actual Total Time":0.009,"Actual Rows":62,"Actual Loops":1,"Output":["nation.n_nationkey","nation.n_name","nation.n_regionkey","nation.n_comment"],"Shared Hit Blocks":1,"Shared Read Blocks":0,"Shared Dirtied Blocks":0,"Shared Written Blocks":0,"Local Hit Blocks":0,"Local Read Blocks":0,"Local Dirtied Blocks":0,"Local Written Blocks":0,"Temp Read Blocks":0,"Temp Written Blocks":0,"I/O Read Time":0.0,"I/O Write Time":0.0,"Temp I/O Read Time":0.0,"Temp I/O Write Time":0.0},{"Node Type":"Hash","Parent Relationship":"Inner","Parallel Aware":false,"Async Capable":false,"Startup Cost":1.06,"Total Cost":1.06,"Plan Rows":1,"Plan Width":4,"Actual Startup Time":0.008,"Actual Total Time":0.009,"Actual Rows":1,"Actual Loops":1,"Output":["region.r_regionkey"],"Hash Buckets":1024,"Original Hash Buckets":1024,"Hash Batches":1,"Original Hash Batches":1,"Peak Memory Usage":9,"Shared Hit Blocks":1,"Shared Read Blocks":0,"Shared Dirtied Blocks":0,"Shared Written Blocks":0,"Local Hit Blocks":0,"Local Read Blocks":0,"Local Dirtied Blocks":0,"Local Written Blocks":0,"Temp Read Blocks":0,"Temp Written Blocks":0,"I/O Read Time":0.0,"I/O Write Time":0.0,"Temp I/O Read Time":0.0,"Temp I/O Write Time":0.0,"Plans":[{"Node Type":"Seq Scan","Parent Relationship":"Outer","Parallel Aware":false,"Async Capable":false,"Relation Name":"region","Schema":"public","Alias":"region","Startup Cost":0.0,"Total Cost":1.06,"Plan Rows":1,"Plan Width":4,"Actual Startup Time":0.006,"Actual Total Time":0.007,"Actual Rows":1,"Actual Loops":1,"Output":["region.r_regionkey"],"Filter":"((region.r_name)::text = 'Europe'::text)","Rows Removed by Filter":4,"Shared Hit Blocks":1,"Shared Read Blocks":0,"Shared Dirtied Blocks":0,"Shared Written Blocks":0,"Local Hit Blocks":0,"Local Read Blocks":0,"Local Dirtied Blocks":0,"Local Written Blocks":0,"Temp Read Blocks":0,"Temp Written Blocks":0,"I/O Read Time":0.0,"I/O Write Time":0.0,"Temp I/O Read Time":0.0,"Temp I/O Write Time":0.0}]}]}]}]}]},{"Node Type":"Index Only Scan","Parent Relationship":"Inner","Parallel Aware":false,"Async Capable":false,"Scan Direction":"Forward","Index Name":"stock_pk","Relation Name":"stock","Schema":"public","Alias":"stock","Startup Cost":0.44,"Total Cost":519363.62,"Plan Rows":20000212,"Plan Width":6,"Actual Startup Time":0.045,"Actual Total Time":1397.091,"Actual Rows":19999994,"Actual Loops":1,"Output":["stock.s_w_id","stock.s_i_id"],"Heap Fetches":0,"Shared Hit Blocks":54673,"Shared Read Blocks":0,"Shared Dirtied Blocks":0,"Shared Written Blocks":0,"Local Hit Blocks":0,"Local Read Blocks":0,"Local Dirtied Blocks":0,"Local Written Blocks":0,"Temp Read Blocks":0,"Temp Written Blocks":0,"I/O Read Time":0.0,"I/O Write Time":0.0,"Temp I/O Read Time":0.0,"Temp I/O Write Time":0.0}]},{"Node Type":"Hash","Parent Relationship":"Inner","Parallel Aware":false,"Async Capable":false,"Startup Cost":317.0,"Total Cost":317.0,"Plan Rows":10000,"Plan Width":8,"Actual Startup Time":2.575,"Actual Total Time":2.575,"Actual Rows":10000,"Actual Loops":1,"Output":["supplier.su_suppkey","supplier.su_nationkey"],"Hash Buckets":16384,"Original Hash Buckets":16384,"Hash Batches":1,"Original Hash Batches":1,"Peak Memory Usage":519,"Shared Hit Blocks":217,"Shared Read Blocks":0,"Shared Dirtied Blocks":0,"Shared Written Blocks":0,"Local Hit Blocks":0,"Local Read Blocks":0,"Local Dirtied Blocks":0,"Local Written Blocks":0,"Temp Read Blocks":0,"Temp Written Blocks":0,"I/O Read Time":0.0,"I/O Write Time":0.0,"Temp I/O Read Time":0.0,"Temp I/O Write Time":0.0,"Plans":[{"Node Type":"Seq Scan","Parent Relationship":"Outer","Parallel Aware":false,"Async Capable":false,"Relation Name":"supplier","Schema":"public","Alias":"supplier","Startup Cost":0.0,"Total Cost":317.0,"Plan Rows":10000,"Plan Width":8,"Actual Startup Time":0.011,"Actual Total Time":1.296,"Actual Rows":10000,"Actual Loops":1,"Output":["supplier.su_suppkey","supplier.su_nationkey"],"Shared Hit Blocks":217,"Shared Read Blocks":0,"Shared Dirtied Blocks":0,"Shared Written Blocks":0,"Local Hit Blocks":0,"Local Read Blocks":0,"Local Dirtied Blocks":0,"Local Written Blocks":0,"Temp Read Blocks":0,"Temp Written Blocks":0,"I/O Read Time":0.0,"I/O Write Time":0.0,"Temp I/O Read Time":0.0,"Temp I/O Write Time":0.0}]}]}]}]}]},"Planning":{"Shared Hit Blocks":220,"Shared Read Blocks":0,"Shared Dirtied Blocks":0,"Shared Written Blocks":0,"Local Hit Blocks":0,"Local Read Blocks":0,"Local Dirtied Blocks":0,"Local Written Blocks":0,"Temp Read Blocks":0,"Temp Written Blocks":0,"I/O Read Time":0.0,"I/O Write Time":0.0,"Temp I/O Read Time":0.0,"Temp I/O Write Time":0.0},"Planning Time":5.828,"Triggers":[],"Execution Time":34658.587}]
[列存组合]: customer, nation, orders, supplier
[{"Plan":{"Node Type":"Sort","Parallel Aware":false,"Async Capable":false,"Startup Cost":4073452.12,"Total Cost":4073452.27,"Plan Rows":62,"Plan Width":40,"Actual Startup Time":34625.23,"Actual Total Time":34625.265,"Actual Rows":11,"Actual Loops":1,"Output":["nation.n_name","(sum(order_line.ol_amount))"],"Sort Key":["(sum(order_line.ol_amount)) DESC"],"Sort Method":"quicksort","Sort Space Used":25,"Sort Space Type":"Memory","Shared Hit Blocks":736423,"Shared Read Blocks":0,"Shared Dirtied Blocks":0,"Shared Written Blocks":0,"Local Hit Blocks":0,"Local Read Blocks":0,"Local Dirtied Blocks":0,"Local Written Blocks":0,"Temp Read Blocks":288611,"Temp Written Blocks":288665,"I/O Read Time":0.0,"I/O Write Time":0.0,"Temp I/O Read Time":454.982,"Temp I/O Write Time":1165.329,"Plans":[{"Node Type":"Aggregate","Strategy":"Sorted","Partial Mode":"Simple","Parent Relationship":"Outer","Parallel Aware":false,"Async Capable":false,"Startup Cost":4073298.48,"Total Cost":4073450.27,"Plan Rows":62,"Plan Width":40,"Actual Startup Time":34619.333,"Actual Total Time":34625.248,"Actual Rows":11,"Actual Loops":1,"Output":["nation.n_name","sum(order_line.ol_amount)"],"Group Key":["nation.n_name"],"Shared Hit Blocks":736423,"Shared Read Blocks":0,"Shared Dirtied Blocks":0,"Shared Written Blocks":0,"Local Hit Blocks":0,"Local Read Blocks":0,"Local Dirtied Blocks":0,"Local Written Blocks":0,"Temp Read Blocks":288611,"Temp Written Blocks":288665,"I/O Read Time":0.0,"I/O Write Time":0.0,"Temp I/O Read Time":454.982,"Temp I/O Write Time":1165.329,"Plans":[{"Node Type":"Sort","Parent Relationship":"Outer","Parallel Aware":false,"Async Capable":false,"Startup Cost":4073298.48,"Total Cost":4073348.82,"Plan Rows":20136,"Plan Width":12,"Actual Startup Time":34618.901,"Actual Total Time":34620.685,"Actual Rows":35044,"Actual Loops":1,"Output":["nation.n_name","order_line.ol_amount"],"Sort Key":["nation.n_name"],"Sort Method":"quicksort","Sort Space Used":3146,"Sort Space Type":"Memory","Shared Hit Blocks":736423,"Shared Read Blocks":0,"Shared Dirtied Blocks":0,"Shared Written Blocks":0,"Local Hit Blocks":0,"Local Read Blocks":0,"Local Dirtied Blocks":0,"Local Written Blocks":0,"Temp Read Blocks":288611,"Temp Written Blocks":288665,"I/O Read Time":0.0,"I/O Write Time":0.0,"Temp I/O Read Time":454.982,"Temp I/O Write Time":1165.329,"Plans":[{"Node Type":"Hash Join","Parent Relationship":"Outer","Parallel Aware":false,"Async Capable":false,"Join Type":"Inner","Startup Cost":3423991.03,"Total Cost":4071859.01,"Plan Rows":20136,"Plan Width":12,"Actual Startup Time":30725.449,"Actual Total Time":34600.085,"Actual Rows":35044,"Actual Loops":1,"Output":["nation.n_name","order_line.ol_amount"],"Inner Unique":true,"Hash Cond":"((mod((stock.s_w_id * stock.s_i_id), 10000) = supplier.su_suppkey) AND (customer.c_nationkey = supplier.su_nationkey))","Shared Hit Blocks":736423,"Shared Read Blocks":0,"Shared Dirtied Blocks":0,"Shared Written Blocks":0,"Local Hit Blocks":0,"Local Read Blocks":0,"Local Dirtied Blocks":0,"Local Written Blocks":0,"Temp Read Blocks":288611,"Temp Written Blocks":288665,"I/O Read Time":0.0,"I/O Write Time":0.0,"Temp I/O Read Time":454.982,"Temp I/O Write Time":1165.329,"Plans":[{"Node Type":"Merge Join","Parent Relationship":"Outer","Parallel Aware":false,"Async Capable":false,"Join Type":"Inner","Startup Cost":3423622.0,"Total Cost":4064655.01,"Plan Rows":1242717,"Plan Width":26,"Actual Startup Time":30721.932,"Actual Total Time":34316.101,"Actual Rows":2218175,"Actual Loops":1,"Output":["customer.c_nationkey","order_line.ol_amount","stock.s_w_id","stock.s_i_id","nation.n_name","nation.n_nationkey"],"Inner Unique":true,"Merge Cond":"((customer.c_w_id = stock.s_w_id) AND (order_line.ol_i_id = stock.s_i_id))","Shared Hit Blocks":736423,"Shared Read Blocks":0,"Shared Dirtied Blocks":0,"Shared Written Blocks":0,"Local Hit Blocks":0,"Local Read Blocks":0,"Local Dirtied Blocks":0,"Local Written Blocks":0,"Temp Read Blocks":288611,"Temp Written Blocks":288665,"I/O Read Time":0.0,"I/O Write Time":0.0,"Temp I/O Read Time":454.982,"Temp I/O Write Time":1165.329,"Plans":[{"Node Type":"Sort","Parent Relationship":"Outer","Parallel Aware":false,"Async Capable":false,"Startup Cost":3423621.57,"Total Cost":3426702.1,"Plan Rows":1232214,"Plan Width":30,"Actual Startup Time":30721.871,"Actual Total Time":31317.667,"Actual Rows":2218175,"Actual Loops":1,"Output":["customer.c_w_id","customer.c_nationkey","orders.o_w_id","order_line.ol_amount","order_line.ol_w_id","order_line.ol_i_id","nation.n_name","nation.n_nationkey"],"Sort Key":["customer.c_w_id","order_line.ol_i_id"],"Sort Method":"external merge","Sort Space Used":94520,"Sort Space Type":"Disk","Shared Hit Blocks":681750,"Shared Read Blocks":0,"Shared Dirtied Blocks":0,"Shared Written Blocks":0,"Local Hit Blocks":0,"Local Read Blocks":0,"Local Dirtied Blocks":0,"Local Written Blocks":0,"Temp Read Blocks":288611,"Temp Written Blocks":288665,"I/O Read Time":0.0,"I/O Write Time":0.0,"Temp I/O Read Time":454.982,"Temp I/O Write Time":1165.329,"Plans":[{"Node Type":"Hash Join","Parent Relationship":"Outer","Parallel Aware":false,"Async Capable":false,"Join Type":"Inner","Startup Cost":795272.92,"Total Cost":3239997.74,"Plan Rows":1232214,"Plan Width":30,"Actual Startup Time":2716.751,"Actual Total Time":27869.603,"Actual Rows":2218175,"Actual Loops":1,"Output":["customer.c_w_id","customer.c_nationkey","orders.o_w_id","order_line.ol_amount","order_line.ol_w_id","order_line.ol_i_id","nation.n_name","nation.n_nationkey"],"Inner Unique":false,"Hash Cond":"(customer.c_nationkey = nation.n_nationkey)","Shared Hit Blocks":681750,"Shared Read Blocks":0,"Shared Dirtied Blocks":0,"Shared Written Blocks":0,"Local Hit Blocks":0,"Local Read Blocks":0,"Local Dirtied Blocks":0,"Local Written Blocks":0,"Temp Read Blocks":264991,"Temp Written Blocks":264991,"I/O Read Time":0.0,"I/O Write Time":0.0,"Temp I/O Read Time":418.953,"Temp I/O Write Time":1096.327,"Plans":[{"Node Type":"Hash Join","Parent Relationship":"Outer","Parallel Aware":false,"Async Capable":false,"Join Type":"Inner","Startup Cost":795269.78,"Total Cost":3204965.93,"Plan Rows":6161071,"Plan Width":18,"Actual Startup Time":2708.963,"Actual Total Time":26932.16,"Actual Rows":8568663,"Actual Loops":1,"Output":["customer.c_w_id","customer.c_nationkey","orders.o_w_id","order_line.ol_amount","order_line.ol_w_id","order_line.ol_i_id"],"Inner Unique":true,"Hash Cond":"((orders.o_c_id = customer.c_id) AND (orders.o_w_id = customer.c_w_id) AND (orders.o_d_id = customer.c_d_id))","Shared Hit Blocks":681748,"Shared Read Blocks":0,"Shared Dirtied Blocks":0,"Shared Written Blocks":0,"Local Hit Blocks":0,"Local Read Blocks":0,"Local Dirtied Blocks":0,"Local Written Blocks":0,"Temp Read Blocks":264991,"Temp Written Blocks":264991,"I/O Read Time":0.0,"I/O Write Time":0.0,"Temp I/O Read Time":418.953,"Temp I/O Write Time":1096.327,"Plans":[{"Node Type":"Hash Join","Parent Relationship":"Outer","Parallel Aware":false,"Async Capable":false,"Join Type":"Inner","Startup Cost":151173.84,"Total Cost":2410851.54,"Plan Rows":6161071,"Plan Width":20,"Actual Startup Time":384.533,"Actual Total Time":19943.096,"Actual Rows":8568663,"Actual Loops":1,"Output":["orders.o_c_id","orders.o_w_id","orders.o_d_id","order_line.ol_amount","order_line.ol_w_id","order_line.ol_d_id","order_line.ol_i_id"],"Inner Unique":true,"Hash Cond":"((order_line.ol_w_id = orders.o_w_id) AND (order_line.ol_d_id = orders.o_d_id) AND (order_line.ol_o_id = orders.o_id))","Shared Hit Blocks":681748,"Shared Read Blocks":0,"Shared Dirtied Blocks":0,"Shared Written Blocks":0,"Local Hit Blocks":0,"Local Read Blocks":0,"Local Dirtied Blocks":0,"Local Written Blocks":0,"Temp Read Blocks":200672,"Temp Written Blocks":200672,"I/O Read Time":0.0,"I/O Write Time":0.0,"Temp I/O Read Time":301.18,"Temp I/O Write Time":797.583,"Plans":[{"Node Type":"Seq Scan","Parent Relationship":"Outer","Parallel Aware":false,"Async Capable":false,"Relation Name":"order_line","Schema":"public","Alias":"order_line","Startup Cost":0.0,"Total Cost":1431670.8,"Plan Rows":42039468,"Plan Width":20,"Actual Startup Time":0.006,"Actual Total Time":7321.634,"Actual Rows":42000489,"Actual Loops":1,"Output":["order_line.ol_amount","order_line.ol_o_id","order_line.ol_w_id","order_line.ol_d_id","order_line.ol_i_id"],"Filter":"(order_line.ol_delivery_d >= '1992-01-02 20:10:02.27764'::timestamp without time zone)","Rows Removed by Filter":17993272,"Shared Hit Blocks":681748,"Shared Read Blocks":0,"Shared Dirtied Blocks":0,"Shared Written Blocks":0,"Local Hit Blocks":0,"Local Read Blocks":0,"Local Dirtied Blocks":0,"Local Written Blocks":0,"Temp Read Blocks":0,"Temp Written Blocks":0,"I/O Read Time":0.0,"I/O Write Time":0.0,"Temp I/O Read Time":0.0,"Temp I/O Write Time":0.0},{"Node Type":"Hash","Parent Relationship":"Inner","Parallel Aware":false,"Async Capable":false,"Startup Cost":131491.69,"Total Cost":131491.69,"Plan Rows":879323,"Plan Width":16,"Actual Startup Time":350.206,"Actual Total Time":350.215,"Actual Rows":856801,"Actual Loops":1,"Output":["orders.o_c_id","orders.o_w_id","orders.o_d_id","orders.o_id"],"Hash Buckets":262144,"Original Hash Buckets":262144,"Hash Batches":8,"Original Hash Batches":8,"Peak Memory Usage":7070,"Shared Hit Blocks":0,"Shared Read Blocks":0,"Shared Dirtied Blocks":0,"Shared Written Blocks":0,"Local Hit Blocks":0,"Local Read Blocks":0,"Local Dirtied Blocks":0,"Local Written Blocks":0,"Temp Read Blocks":0,"Temp Written Blocks":3290,"I/O Read Time":0.0,"I/O Write Time":0.0,"Temp I/O Read Time":0.0,"Temp I/O Write Time":13.848,"Plans":[{"Node Type":"Append","Parent Relationship":"Outer","Parallel Aware":false,"Async Capable":false,"Startup Cost":20.0,"Total Cost":131491.69,"Plan Rows":879323,"Plan Width":16,"Actual Startup Time":0.518,"Actual Total Time":200.816,"Actual Rows":856801,"Actual Loops":1,"Shared Hit Blocks":0,"Shared Read Blocks":0,"Shared Dirtied Blocks":0,"Shared Written Blocks":0,"Local Hit Blocks":0,"Local Read Blocks":0,"Local Dirtied Blocks":0,"Local Written Blocks":0,"Temp Read Blocks":0,"Temp Written Blocks":0,"I/O Read Time":0.0,"I/O Write Time":0.0,"Temp I/O Read Time":0.0,"Temp I/O Write Time":0.0,"Subplans Removed":0,"Plans":[{"Node Type":"Custom Scan","Parent Relationship":"Member","Custom Plan Provider":"columnar scan","Parallel Aware":false,"Async Capable":false,"Relation Name":"orders","Schema":"public","Alias":"orders","Startup Cost":20.0,"Total Cost":20684.21,"Plan Rows":879322,"Plan Width":16,"Actual Startup Time":0.518,"Actual Total Time":140.584,"Actual Rows":856801,"Actual Loops":1,"Output":["orders.o_c_id","orders.o_w_id","orders.o_d_id","orders.o_id"],"Filter":"((orders.o_entry_d < '1994-01-02 20:10:02.27764'::timestamp without time zone) AND (orders.o_entry_d >= '1993-01-02 20:10:02.27764'::timestamp without time zone))","Rows Removed by Filter":0,"Rows Removed by Columnar Filter":5143199,"Columnar cache search mode":"native","Shared Hit Blocks":0,"Shared Read Blocks":0,"Shared Dirtied Blocks":0,"Shared Written Blocks":0,"Local Hit Blocks":0,"Local Read Blocks":0,"Local Dirtied Blocks":0,"Local Written Blocks":0,"Temp Read Blocks":0,"Temp Written Blocks":0,"I/O Read Time":0.0,"I/O Write Time":0.0,"Temp I/O Read Time":0.0,"Temp I/O Write Time":0.0},{"Node Type":"Seq Scan","Parent Relationship":"Member","Parallel Aware":false,"Async Capable":false,"Relation Name":"orders","Schema":"public","Alias":"orders","Startup Cost":0.0,"Total Cost":4.01,"Plan Rows":1,"Plan Width":16,"Actual Startup Time":0.0,"Actual Total Time":0.0,"Actual Rows":0,"Actual Loops":0,"Output":["orders.o_c_id","orders.o_w_id","orders.o_d_id","orders.o_id"],"Filter":"((orders.o_entry_d < '1994-01-02 20:10:02.27764'::timestamp without time zone) AND (orders.o_entry_d >= '1993-01-02 20:10:02.27764'::timestamp without time zone))","Rows Removed by Filter":0,"Shared Hit Blocks":0,"Shared Read Blocks":0,"Shared Dirtied Blocks":0,"Shared Written Blocks":0,"Local Hit Blocks":0,"Local Read Blocks":0,"Local Dirtied Blocks":0,"Local Written Blocks":0,"Temp Read Blocks":0,"Temp Written Blocks":0,"I/O Read Time":0.0,"I/O Write Time":0.0,"Temp I/O Read Time":0.0,"Temp I/O Write Time":0.0}]}]}]},{"Node Type":"Hash","Parent Relationship":"Inner","Parallel Aware":false,"Async Capable":false,"Startup Cost":509795.49,"Total Cost":509795.49,"Plan Rows":6000140,"Plan Width":12,"Actual Startup Time":2317.348,"Actual Total Time":2317.354,"Actual Rows":6000000,"Actual Loops":1,"Output":["customer.c_id","customer.c_w_id","customer.c_d_id","customer.c_nationkey"],"Hash Buckets":262144,"Original Hash Buckets":262144,"Hash Batches":64,"Original Hash Batches":64,"Peak Memory Usage":6073,"Shared Hit Blocks":0,"Shared Read Blocks":0,"Shared Dirtied Blocks":0,"Shared Written Blocks":0,"Local Hit Blocks":0,"Local Read Blocks":0,"Local Dirtied Blocks":0,"Local Written Blocks":0,"Temp Read Blocks":0,"Temp Written Blocks":23037,"I/O Read Time":0.0,"I/O Write Time":0.0,"Temp I/O Read Time":0.0,"Temp I/O Write Time":101.807,"Plans":[{"Node Type":"Append","Parent Relationship":"Outer","Parallel Aware":false,"Async Capable":false,"Startup Cost":20.0,"Total Cost":509795.49,"Plan Rows":6000140,"Plan Width":12,"Actual Startup Time":0.016,"Actual Total Time":1311.014,"Actual Rows":6000000,"Actual Loops":1,"Shared Hit Blocks":0,"Shared Read Blocks":0,"Shared Dirtied Blocks":0,"Shared Written Blocks":0,"Local Hit Blocks":0,"Local Read Blocks":0,"Local Dirtied Blocks":0,"Local Written Blocks":0,"Temp Read Blocks":0,"Temp Written Blocks":0,"I/O Read Time":0.0,"I/O Write Time":0.0,"Temp I/O Read Time":0.0,"Temp I/O Write Time":0.0,"Subplans Removed":0,"Plans":[{"Node Type":"Custom Scan","Parent Relationship":"Member","Custom Plan Provider":"columnar scan","Parallel Aware":false,"Async Capable":false,"Relation Name":"customer","Schema":"public","Alias":"customer","Startup Cost":20.0,"Total Cost":141020.06,"Plan Rows":6000000,"Plan Width":12,"Actual Startup Time":0.015,"Actual Total Time":897.065,"Actual Rows":6000000,"Actual Loops":1,"Output":["customer.c_id","customer.c_w_id","customer.c_d_id","customer.c_nationkey"],"Rows Removed by Columnar Filter":0,"Columnar cache search mode":"native","Shared Hit Blocks":0,"Shared Read Blocks":0,"Shared Dirtied Blocks":0,"Shared Written Blocks":0,"Local Hit Blocks":0,"Local Read Blocks":0,"Local Dirtied Blocks":0,"Local Written Blocks":0,"Temp Read Blocks":0,"Temp Written Blocks":0,"I/O Read Time":0.0,"I/O Write Time":0.0,"Temp I/O Read Time":0.0,"Temp I/O Write Time":0.0},{"Node Type":"Seq Scan","Parent Relationship":"Member","Parallel Aware":false,"Async Capable":false,"Relation Name":"customer","Schema":"public","Alias":"customer","Startup Cost":0.0,"Total Cost":5.4,"Plan Rows":140,"Plan Width":12,"Actual Startup Time":0.0,"Actual Total Time":0.0,"Actual Rows":0,"Actual Loops":0,"Output":["customer.c_id","customer.c_w_id","customer.c_d_id","customer.c_nationkey"],"Shared Hit Blocks":0,"Shared Read Blocks":0,"Shared Dirtied Blocks":0,"Shared Written Blocks":0,"Local Hit Blocks":0,"Local Read Blocks":0,"Local Dirtied Blocks":0,"Local Written Blocks":0,"Temp Read Blocks":0,"Temp Written Blocks":0,"I/O Read Time":0.0,"I/O Write Time":0.0,"Temp I/O Read Time":0.0,"Temp I/O Write Time":0.0}]}]}]},{"Node Type":"Hash","Parent Relationship":"Inner","Parallel Aware":false,"Async Capable":false,"Startup Cost":2.99,"Total Cost":2.99,"Plan Rows":12,"Plan Width":12,"Actual Startup Time":0.044,"Actual Total Time":0.051,"Actual Rows":22,"Actual Loops":1,"Output":["nation.n_name","nation.n_nationkey"],"Hash Buckets":1024,"Original Hash Buckets":1024,"Hash Batches":1,"Original Hash Batches":1,"Peak Memory Usage":9,"Shared Hit Blocks":2,"Shared Read Blocks":0,"Shared Dirtied Blocks":0,"Shared Written Blocks":0,"Local Hit Blocks":0,"Local Read Blocks":0,"Local Dirtied Blocks":0,"Local Written Blocks":0,"Temp Read Blocks":0,"Temp Written Blocks":0,"I/O Read Time":0.0,"I/O Write Time":0.0,"Temp I/O Read Time":0.0,"Temp I/O Write Time":0.0,"Plans":[{"Node Type":"Hash Join","Parent Relationship":"Outer","Parallel Aware":false,"Async Capable":false,"Join Type":"Inner","Startup Cost":1.07,"Total Cost":2.99,"Plan Rows":12,"Plan Width":12,"Actual Startup Time":0.027,"Actual Total Time":0.045,"Actual Rows":22,"Actual Loops":1,"Output":["nation.n_name","nation.n_nationkey"],"Inner Unique":true,"Hash Cond":"(nation.n_regionkey = region.r_regionkey)","Shared Hit Blocks":2,"Shared Read Blocks":0,"Shared Dirtied Blocks":0,"Shared Written Blocks":0,"Local Hit Blocks":0,"Local Read Blocks":0,"Local Dirtied Blocks":0,"Local Written Blocks":0,"Temp Read Blocks":0,"Temp Written Blocks":0,"I/O Read Time":0.0,"I/O Write Time":0.0,"Temp I/O Read Time":0.0,"Temp I/O Write Time":0.0,"Plans":[{"Node Type":"Seq Scan","Parent Relationship":"Outer","Parallel Aware":false,"Async Capable":false,"Relation Name":"nation","Schema":"public","Alias":"nation","Startup Cost":0.0,"Total Cost":1.62,"Plan Rows":62,"Plan Width":16,"Actual Startup Time":0.008,"Actual Total Time":0.012,"Actual Rows":62,"Actual Loops":1,"Output":["nation.n_nationkey","nation.n_name","nation.n_regionkey","nation.n_comment"],"Shared Hit Blocks":1,"Shared Read Blocks":0,"Shared Dirtied Blocks":0,"Shared Written Blocks":0,"Local Hit Blocks":0,"Local Read Blocks":0,"Local Dirtied Blocks":0,"Local Written Blocks":0,"Temp Read Blocks":0,"Temp Written Blocks":0,"I/O Read Time":0.0,"I/O Write Time":0.0,"Temp I/O Read Time":0.0,"Temp I/O Write Time":0.0},{"Node Type":"Hash","Parent Relationship":"Inner","Parallel Aware":false,"Async Capable":false,"Startup Cost":1.06,"Total Cost":1.06,"Plan Rows":1,"Plan Width":4,"Actual Startup Time":0.009,"Actual Total Time":0.01,"Actual Rows":1,"Actual Loops":1,"Output":["region.r_regionkey"],"Hash Buckets":1024,"Original Hash Buckets":1024,"Hash Batches":1,"Original Hash Batches":1,"Peak Memory Usage":9,"Shared Hit Blocks":1,"Shared Read Blocks":0,"Shared Dirtied Blocks":0,"Shared Written Blocks":0,"Local Hit Blocks":0,"Local Read Blocks":0,"Local Dirtied Blocks":0,"Local Written Blocks":0,"Temp Read Blocks":0,"Temp Written Blocks":0,"I/O Read Time":0.0,"I/O Write Time":0.0,"Temp I/O Read Time":0.0,"Temp I/O Write Time":0.0,"Plans":[{"Node Type":"Seq Scan","Parent Relationship":"Outer","Parallel Aware":false,"Async Capable":false,"Relation Name":"region","Schema":"public","Alias":"region","Startup Cost":0.0,"Total Cost":1.06,"Plan Rows":1,"Plan Width":4,"Actual Startup Time":0.007,"Actual Total Time":0.007,"Actual Rows":1,"Actual Loops":1,"Output":["region.r_regionkey"],"Filter":"((region.r_name)::text = 'Europe'::text)","Rows Removed by Filter":4,"Shared Hit Blocks":1,"Shared Read Blocks":0,"Shared Dirtied Blocks":0,"Shared Written Blocks":0,"Local Hit Blocks":0,"Local Read Blocks":0,"Local Dirtied Blocks":0,"Local Written Blocks":0,"Temp Read Blocks":0,"Temp Written Blocks":0,"I/O Read Time":0.0,"I/O Write Time":0.0,"Temp I/O Read Time":0.0,"Temp I/O Write Time":0.0}]}]}]}]}]},{"Node Type":"Index Only Scan","Parent Relationship":"Inner","Parallel Aware":false,"Async Capable":false,"Scan Direction":"Forward","Index Name":"stock_pk","Relation Name":"stock","Schema":"public","Alias":"stock","Startup Cost":0.44,"Total Cost":519363.62,"Plan Rows":20000212,"Plan Width":6,"Actual Startup Time":0.045,"Actual Total Time":1392.513,"Actual Rows":19999994,"Actual Loops":1,"Output":["stock.s_w_id","stock.s_i_id"],"Heap Fetches":0,"Shared Hit Blocks":54673,"Shared Read Blocks":0,"Shared Dirtied Blocks":0,"Shared Written Blocks":0,"Local Hit Blocks":0,"Local Read Blocks":0,"Local Dirtied Blocks":0,"Local Written Blocks":0,"Temp Read Blocks":0,"Temp Written Blocks":0,"I/O Read Time":0.0,"I/O Write Time":0.0,"Temp I/O Read Time":0.0,"Temp I/O Write Time":0.0}]},{"Node Type":"Hash","Parent Relationship":"Inner","Parallel Aware":false,"Async Capable":false,"Startup Cost":219.01,"Total Cost":219.01,"Plan Rows":10001,"Plan Width":8,"Actual Startup Time":3.084,"Actual Total Time":3.087,"Actual Rows":10000,"Actual Loops":1,"Output":["supplier.su_suppkey","supplier.su_nationkey"],"Hash Buckets":16384,"Original Hash Buckets":16384,"Hash Batches":1,"Original Hash Batches":1,"Peak Memory Usage":519,"Shared Hit Blocks":0,"Shared Read Blocks":0,"Shared Dirtied Blocks":0,"Shared Written Blocks":0,"Local Hit Blocks":0,"Local Read Blocks":0,"Local Dirtied Blocks":0,"Local Written Blocks":0,"Temp Read Blocks":0,"Temp Written Blocks":0,"I/O Read Time":0.0,"I/O Write Time":0.0,"Temp I/O Read Time":0.0,"Temp I/O Write Time":0.0,"Plans":[{"Node Type":"Append","Parent Relationship":"Outer","Parallel Aware":false,"Async Capable":false,"Startup Cost":20.0,"Total Cost":219.01,"Plan Rows":10001,"Plan Width":8,"Actual Startup Time":0.014,"Actual Total Time":1.789,"Actual Rows":10000,"Actual Loops":1,"Shared Hit Blocks":0,"Shared Read Blocks":0,"Shared Dirtied Blocks":0,"Shared Written Blocks":0,"Local Hit Blocks":0,"Local Read Blocks":0,"Local Dirtied Blocks":0,"Local Written Blocks":0,"Temp Read Blocks":0,"Temp Written Blocks":0,"I/O Read Time":0.0,"I/O Write Time":0.0,"Temp I/O Read Time":0.0,"Temp I/O Write Time":0.0,"Subplans Removed":0,"Plans":[{"Node Type":"Custom Scan","Parent Relationship":"Member","Custom Plan Provider":"columnar scan","Parallel Aware":false,"Async Capable":false,"Relation Name":"supplier","Schema":"public","Alias":"supplier","Startup Cost":20.0,"Total Cost":215.0,"Plan Rows":10000,"Plan Width":8,"Actual Startup Time":0.013,"Actual Total Time":1.077,"Actual Rows":10000,"Actual Loops":1,"Output":["supplier.su_suppkey","supplier.su_nationkey"],"Rows Removed by Columnar Filter":0,"Columnar cache search mode":"native","Shared Hit Blocks":0,"Shared Read Blocks":0,"Shared Dirtied Blocks":0,"Shared Written Blocks":0,"Local Hit Blocks":0,"Local Read Blocks":0,"Local Dirtied Blocks":0,"Local Written Blocks":0,"Temp Read Blocks":0,"Temp Written Blocks":0,"I/O Read Time":0.0,"I/O Write Time":0.0,"Temp I/O Read Time":0.0,"Temp I/O Write Time":0.0},{"Node Type":"Seq Scan","Parent Relationship":"Member","Parallel Aware":false,"Async Capable":false,"Relation Name":"supplier","Schema":"public","Alias":"supplier","Startup Cost":0.0,"Total Cost":4.01,"Plan Rows":1,"Plan Width":8,"Actual Startup Time":0.0,"Actual Total Time":0.0,"Actual Rows":0,"Actual Loops":0,"Output":["supplier.su_suppkey","supplier.su_nationkey"],"Shared Hit Blocks":0,"Shared Read Blocks":0,"Shared Dirtied Blocks":0,"Shared Written Blocks":0,"Local Hit Blocks":0,"Local Read Blocks":0,"Local Dirtied Blocks":0,"Local Written Blocks":0,"Temp Read Blocks":0,"Temp Written Blocks":0,"I/O Read Time":0.0,"I/O Write Time":0.0,"Temp I/O Read Time":0.0,"Temp I/O Write Time":0.0}]}]}]}]}]}]},"Planning":{"Shared Hit Blocks":220,"Shared Read Blocks":0,"Shared Dirtied Blocks":0,"Shared Written Blocks":0,"Local Hit Blocks":0,"Local Read Blocks":0,"Local Dirtied Blocks":0,"Local Written Blocks":0,"Temp Read Blocks":0,"Temp Written Blocks":0,"I/O Read Time":0.0,"I/O Write Time":0.0,"Temp I/O Read Time":0.0,"Temp I/O Write Time":0.0},"Planning Time":5.776,"Triggers":[],"Execution Time":34640.178}]
[列存组合]: customer, nation, region, stock
[{"Plan":{"Node Type":"Sort","Parallel Aware":false,"Async Capable":false,"Startup Cost":4076179.91,"Total Cost":4076180.07,"Plan Rows":62,"Plan Width":40,"Actual Startup Time":34213.794,"Actual Total Time":34213.821,"Actual Rows":11,"Actual Loops":1,"Output":["nation.n_name","(sum(order_line.ol_amount))"],"Sort Key":["(sum(order_line.ol_amount)) DESC"],"Sort Method":"quicksort","Sort Space Used":25,"Sort Space Type":"Memory","Shared Hit Blocks":780762,"Shared Read Blocks":0,"Shared Dirtied Blocks":0,"Shared Written Blocks":0,"Local Hit Blocks":0,"Local Read Blocks":0,"Local Dirtied Blocks":0,"Local Written Blocks":0,"Temp Read Blocks":288611,"Temp Written Blocks":288665,"I/O Read Time":0.0,"I/O Write Time":0.0,"Temp I/O Read Time":434.258,"Temp I/O Write Time":1163.737,"Plans":[{"Node Type":"Aggregate","Strategy":"Sorted","Partial Mode":"Simple","Parent Relationship":"Outer","Parallel Aware":false,"Async Capable":false,"Startup Cost":4076026.27,"Total Cost":4076178.06,"Plan Rows":62,"Plan Width":40,"Actual Startup Time":34207.778,"Actual Total Time":34213.802,"Actual Rows":11,"Actual Loops":1,"Output":["nation.n_name","sum(order_line.ol_amount)"],"Group Key":["nation.n_name"],"Shared Hit Blocks":780762,"Shared Read Blocks":0,"Shared Dirtied Blocks":0,"Shared Written Blocks":0,"Local Hit Blocks":0,"Local Read Blocks":0,"Local Dirtied Blocks":0,"Local Written Blocks":0,"Temp Read Blocks":288611,"Temp Written Blocks":288665,"I/O Read Time":0.0,"I/O Write Time":0.0,"Temp I/O Read Time":434.258,"Temp I/O Write Time":1163.737,"Plans":[{"Node Type":"Sort","Parent Relationship":"Outer","Parallel Aware":false,"Async Capable":false,"Startup Cost":4076026.27,"Total Cost":4076076.61,"Plan Rows":20136,"Plan Width":12,"Actual Startup Time":34207.337,"Actual Total Time":34209.191,"Actual Rows":35044,"Actual Loops":1,"Output":["nation.n_name","order_line.ol_amount"],"Sort Key":["nation.n_name"],"Sort Method":"quicksort","Sort Space Used":3146,"Sort Space Type":"Memory","Shared Hit Blocks":780762,"Shared Read Blocks":0,"Shared Dirtied Blocks":0,"Shared Written Blocks":0,"Local Hit Blocks":0,"Local Read Blocks":0,"Local Dirtied Blocks":0,"Local Written Blocks":0,"Temp Read Blocks":288611,"Temp Written Blocks":288665,"I/O Read Time":0.0,"I/O Write Time":0.0,"Temp I/O Read Time":434.258,"Temp I/O Write Time":1163.737,"Plans":[{"Node Type":"Hash Join","Parent Relationship":"Outer","Parallel Aware":false,"Async Capable":false,"Join Type":"Inner","Startup Cost":3426718.82,"Total Cost":4074586.8,"Plan Rows":20136,"Plan Width":12,"Actual Startup Time":30285.134,"Actual Total Time":34188.361,"Actual Rows":35044,"Actual Loops":1,"Output":["nation.n_name","order_line.ol_amount"],"Inner Unique":true,"Hash Cond":"((mod((stock.s_w_id * stock.s_i_id), 10000) = supplier.su_suppkey) AND (customer.c_nationkey = supplier.su_nationkey))","Shared Hit Blocks":780762,"Shared Read Blocks":0,"Shared Dirtied Blocks":0,"Shared Written Blocks":0,"Local Hit Blocks":0,"Local Read Blocks":0,"Local Dirtied Blocks":0,"Local Written Blocks":0,"Temp Read Blocks":288611,"Temp Written Blocks":288665,"I/O Read Time":0.0,"I/O Write Time":0.0,"Temp I/O Read Time":434.258,"Temp I/O Write Time":1163.737,"Plans":[{"Node Type":"Merge Join","Parent Relationship":"Outer","Parallel Aware":false,"Async Capable":false,"Join Type":"Inner","Startup Cost":3426251.82,"Total Cost":4067284.83,"Plan Rows":1242717,"Plan Width":26,"Actual Startup Time":30281.978,"Actual Total Time":33903.918,"Actual Rows":2218175,"Actual Loops":1,"Output":["customer.c_nationkey","order_line.ol_amount","stock.s_w_id","stock.s_i_id","nation.n_name","nation.n_nationkey"],"Inner Unique":true,"Merge Cond":"((customer.c_w_id = stock.s_w_id) AND (order_line.ol_i_id = stock.s_i_id))","Shared Hit Blocks":780545,"Shared Read Blocks":0,"Shared Dirtied Blocks":0,"Shared Written Blocks":0,"Local Hit Blocks":0,"Local Read Blocks":0,"Local Dirtied Blocks":0,"Local Written Blocks":0,"Temp Read Blocks":288611,"Temp Written Blocks":288665,"I/O Read Time":0.0,"I/O Write Time":0.0,"Temp I/O Read Time":434.258,"Temp I/O Write Time":1163.737,"Plans":[{"Node Type":"Sort","Parent Relationship":"Outer","Parallel Aware":false,"Async Capable":false,"Startup Cost":3426251.38,"Total Cost":3429331.92,"Plan Rows":1232214,"Plan Width":30,"Actual Startup Time":30281.917,"Actual Total Time":30878.405,"Actual Rows":2218175,"Actual Loops":1,"Output":["customer.c_w_id","customer.c_nationkey","orders.o_w_id","order_line.ol_amount","order_line.ol_w_id","order_line.ol_i_id","nation.n_name","nation.n_nationkey"],"Sort Key":["customer.c_w_id","order_line.ol_i_id"],"Sort Method":"external merge","Sort Space Used":94520,"Sort Space Type":"Disk","Shared Hit Blocks":725872,"Shared Read Blocks":0,"Shared Dirtied Blocks":0,"Shared Written Blocks":0,"Local Hit Blocks":0,"Local Read Blocks":0,"Local Dirtied Blocks":0,"Local Written Blocks":0,"Temp Read Blocks":288611,"Temp Written Blocks":288665,"I/O Read Time":0.0,"I/O Write Time":0.0,"Temp I/O Read Time":434.258,"Temp I/O Write Time":1163.737,"Plans":[{"Node Type":"Hash Join","Parent Relationship":"Outer","Parallel Aware":false,"Async Capable":false,"Join Type":"Inner","Startup Cost":797902.74,"Total Cost":3242627.55,"Plan Rows":1232214,"Plan Width":30,"Actual Startup Time":2955.032,"Actual Total Time":27647.899,"Actual Rows":2218175,"Actual Loops":1,"Output":["customer.c_w_id","customer.c_nationkey","orders.o_w_id","order_line.ol_amount","order_line.ol_w_id","order_line.ol_i_id","nation.n_name","nation.n_nationkey"],"Inner Unique":false,"Hash Cond":"(customer.c_nationkey = nation.n_nationkey)","Shared Hit Blocks":725872,"Shared Read Blocks":0,"Shared Dirtied Blocks":0,"Shared Written Blocks":0,"Local Hit Blocks":0,"Local Read Blocks":0,"Local Dirtied Blocks":0,"Local Written Blocks":0,"Temp Read Blocks":264991,"Temp Written Blocks":264991,"I/O Read Time":0.0,"I/O Write Time":0.0,"Temp I/O Read Time":398.863,"Temp I/O Write Time":1101.156,"Plans":[{"Node Type":"Hash Join","Parent Relationship":"Outer","Parallel Aware":false,"Async Capable":false,"Join Type":"Inner","Startup Cost":797899.6,"Total Cost":3207595.75,"Plan Rows":6161071,"Plan Width":18,"Actual Startup Time":2947.252,"Actual Total Time":26806.042,"Actual Rows":8568663,"Actual Loops":1,"Output":["customer.c_w_id","customer.c_nationkey","orders.o_w_id","order_line.ol_amount","order_line.ol_w_id","order_line.ol_i_id"],"Inner Unique":true,"Hash Cond":"((orders.o_c_id = customer.c_id) AND (orders.o_w_id = customer.c_w_id) AND (orders.o_d_id = customer.c_d_id))","Shared Hit Blocks":725870,"Shared Read Blocks":0,"Shared Dirtied Blocks":0,"Shared Written Blocks":0,"Local Hit Blocks":0,"Local Read Blocks":0,"Local Dirtied Blocks":0,"Local Written Blocks":0,"Temp Read Blocks":264991,"Temp Written Blocks":264991,"I/O Read Time":0.0,"I/O Write Time":0.0,"Temp I/O Read Time":398.863,"Temp I/O Write Time":1101.156,"Plans":[{"Node Type":"Hash Join","Parent Relationship":"Outer","Parallel Aware":false,"Async Capable":false,"Join Type":"Inner","Startup Cost":153803.65,"Total Cost":2413481.36,"Plan Rows":6161071,"Plan Width":20,"Actual Startup Time":617.271,"Actual Total Time":20181.244,"Actual Rows":8568663,"Actual Loops":1,"Output":["orders.o_c_id","orders.o_w_id","orders.o_d_id","order_line.ol_amount","order_line.ol_w_id","order_line.ol_d_id","order_line.ol_i_id"],"Inner Unique":true,"Hash Cond":"((order_line.ol_w_id = orders.o_w_id) AND (order_line.ol_d_id = orders.o_d_id) AND (order_line.ol_o_id = orders.o_id))","Shared Hit Blocks":725870,"Shared Read Blocks":0,"Shared Dirtied Blocks":0,"Shared Written Blocks":0,"Local Hit Blocks":0,"Local Read Blocks":0,"Local Dirtied Blocks":0,"Local Written Blocks":0,"Temp Read Blocks":200672,"Temp Written Blocks":200672,"I/O Read Time":0.0,"I/O Write Time":0.0,"Temp I/O Read Time":299.398,"Temp I/O Write Time":800.396,"Plans":[{"Node Type":"Seq Scan","Parent Relationship":"Outer","Parallel Aware":false,"Async Capable":false,"Relation Name":"order_line","Schema":"public","Alias":"order_line","Startup Cost":0.0,"Total Cost":1431670.8,"Plan Rows":42039468,"Plan Width":20,"Actual Startup Time":0.006,"Actual Total Time":7306.682,"Actual Rows":42000489,"Actual Loops":1,"Output":["order_line.ol_amount","order_line.ol_o_id","order_line.ol_w_id","order_line.ol_d_id","order_line.ol_i_id"],"Filter":"(order_line.ol_delivery_d >= '1992-01-02 20:10:02.27764'::timestamp without time zone)","Rows Removed by Filter":17993272,"Shared Hit Blocks":681748,"Shared Read Blocks":0,"Shared Dirtied Blocks":0,"Shared Written Blocks":0,"Local Hit Blocks":0,"Local Read Blocks":0,"Local Dirtied Blocks":0,"Local Written Blocks":0,"Temp Read Blocks":0,"Temp Written Blocks":0,"I/O Read Time":0.0,"I/O Write Time":0.0,"Temp I/O Read Time":0.0,"Temp I/O Write Time":0.0},{"Node Type":"Hash","Parent Relationship":"Inner","Parallel Aware":false,"Async Capable":false,"Startup Cost":134121.52,"Total Cost":134121.52,"Plan Rows":879322,"Plan Width":16,"Actual Startup Time":583.245,"Actual Total Time":583.251,"Actual Rows":856801,"Actual Loops":1,"Output":["orders.o_c_id","orders.o_w_id","orders.o_d_id","orders.o_id"],"Hash Buckets":262144,"Original Hash Buckets":262144,"Hash Batches":8,"Original Hash Batches":8,"Peak Memory Usage":7070,"Shared Hit Blocks":44122,"Shared Read Blocks":0,"Shared Dirtied Blocks":0,"Shared Written Blocks":0,"Local Hit Blocks":0,"Local Read Blocks":0,"Local Dirtied Blocks":0,"Local Written Blocks":0,"Temp Read Blocks":0,"Temp Written Blocks":3290,"I/O Read Time":0.0,"I/O Write Time":0.0,"Temp I/O Read Time":0.0,"Temp I/O Write Time":15.596,"Plans":[{"Node Type":"Seq Scan","Parent Relationship":"Outer","Parallel Aware":false,"Async Capable":false,"Relation Name":"orders","Schema":"public","Alias":"orders","Startup Cost":0.0,"Total Cost":134121.52,"Plan Rows":879322,"Plan Width":16,"Actual Startup Time":0.584,"Actual Total Time":435.749,"Actual Rows":856801,"Actual Loops":1,"Output":["orders.o_c_id","orders.o_w_id","orders.o_d_id","orders.o_id"],"Filter":"((orders.o_entry_d >= '1993-01-02 20:10:02.27764'::timestamp without time zone) AND (orders.o_entry_d < '1994-01-02 20:10:02.27764'::timestamp without time zone))","Rows Removed by Filter":5143199,"Shared Hit Blocks":44122,"Shared Read Blocks":0,"Shared Dirtied Blocks":0,"Shared Written Blocks":0,"Local Hit Blocks":0,"Local Read Blocks":0,"Local Dirtied Blocks":0,"Local Written Blocks":0,"Temp Read Blocks":0,"Temp Written Blocks":0,"I/O Read Time":0.0,"I/O Write Time":0.0,"Temp I/O Read Time":0.0,"Temp I/O Write Time":0.0}]}]},{"Node Type":"Hash","Parent Relationship":"Inner","Parallel Aware":false,"Async Capable":false,"Startup Cost":509795.49,"Total Cost":509795.49,"Plan Rows":6000140,"Plan Width":12,"Actual Startup Time":2322.583,"Actual Total Time":2322.59,"Actual Rows":6000000,"Actual Loops":1,"Output":["customer.c_id","customer.c_w_id","customer.c_d_id","customer.c_nationkey"],"Hash Buckets":262144,"Original Hash Buckets":262144,"Hash Batches":64,"Original Hash Batches":64,"Peak Memory Usage":6073,"Shared Hit Blocks":0,"Shared Read Blocks":0,"Shared Dirtied Blocks":0,"Shared Written Blocks":0,"Local Hit Blocks":0,"Local Read Blocks":0,"Local Dirtied Blocks":0,"Local Written Blocks":0,"Temp Read Blocks":0,"Temp Written Blocks":23037,"I/O Read Time":0.0,"I/O Write Time":0.0,"Temp I/O Read Time":0.0,"Temp I/O Write Time":104.363,"Plans":[{"Node Type":"Append","Parent Relationship":"Outer","Parallel Aware":false,"Async Capable":false,"Startup Cost":20.0,"Total Cost":509795.49,"Plan Rows":6000140,"Plan Width":12,"Actual Startup Time":0.035,"Actual Total Time":1314.448,"Actual Rows":6000000,"Actual Loops":1,"Shared Hit Blocks":0,"Shared Read Blocks":0,"Shared Dirtied Blocks":0,"Shared Written Blocks":0,"Local Hit Blocks":0,"Local Read Blocks":0,"Local Dirtied Blocks":0,"Local Written Blocks":0,"Temp Read Blocks":0,"Temp Written Blocks":0,"I/O Read Time":0.0,"I/O Write Time":0.0,"Temp I/O Read Time":0.0,"Temp I/O Write Time":0.0,"Subplans Removed":0,"Plans":[{"Node Type":"Custom Scan","Parent Relationship":"Member","Custom Plan Provider":"columnar scan","Parallel Aware":false,"Async Capable":false,"Relation Name":"customer","Schema":"public","Alias":"customer","Startup Cost":20.0,"Total Cost":141020.06,"Plan Rows":6000000,"Plan Width":12,"Actual Startup Time":0.033,"Actual Total Time":894.099,"Actual Rows":6000000,"Actual Loops":1,"Output":["customer.c_id","customer.c_w_id","customer.c_d_id","customer.c_nationkey"],"Rows Removed by Columnar Filter":0,"Columnar cache search mode":"native","Shared Hit Blocks":0,"Shared Read Blocks":0,"Shared Dirtied Blocks":0,"Shared Written Blocks":0,"Local Hit Blocks":0,"Local Read Blocks":0,"Local Dirtied Blocks":0,"Local Written Blocks":0,"Temp Read Blocks":0,"Temp Written Blocks":0,"I/O Read Time":0.0,"I/O Write Time":0.0,"Temp I/O Read Time":0.0,"Temp I/O Write Time":0.0},{"Node Type":"Seq Scan","Parent Relationship":"Member","Parallel Aware":false,"Async Capable":false,"Relation Name":"customer","Schema":"public","Alias":"customer","Startup Cost":0.0,"Total Cost":5.4,"Plan Rows":140,"Plan Width":12,"Actual Startup Time":0.0,"Actual Total Time":0.0,"Actual Rows":0,"Actual Loops":0,"Output":["customer.c_id","customer.c_w_id","customer.c_d_id","customer.c_nationkey"],"Shared Hit Blocks":0,"Shared Read Blocks":0,"Shared Dirtied Blocks":0,"Shared Written Blocks":0,"Local Hit Blocks":0,"Local Read Blocks":0,"Local Dirtied Blocks":0,"Local Written Blocks":0,"Temp Read Blocks":0,"Temp Written Blocks":0,"I/O Read Time":0.0,"I/O Write Time":0.0,"Temp I/O Read Time":0.0,"Temp I/O Write Time":0.0}]}]}]},{"Node Type":"Hash","Parent Relationship":"Inner","Parallel Aware":false,"Async Capable":false,"Startup Cost":2.99,"Total Cost":2.99,"Plan Rows":12,"Plan Width":12,"Actual Startup Time":0.039,"Actual Total Time":0.043,"Actual Rows":22,"Actual Loops":1,"Output":["nation.n_name","nation.n_nationkey"],"Hash Buckets":1024,"Original Hash Buckets":1024,"Hash Batches":1,"Original Hash Batches":1,"Peak Memory Usage":9,"Shared Hit Blocks":2,"Shared Read Blocks":0,"Shared Dirtied Blocks":0,"Shared Written Blocks":0,"Local Hit Blocks":0,"Local Read Blocks":0,"Local Dirtied Blocks":0,"Local Written Blocks":0,"Temp Read Blocks":0,"Temp Written Blocks":0,"I/O Read Time":0.0,"I/O Write Time":0.0,"Temp I/O Read Time":0.0,"Temp I/O Write Time":0.0,"Plans":[{"Node Type":"Hash Join","Parent Relationship":"Outer","Parallel Aware":false,"Async Capable":false,"Join Type":"Inner","Startup Cost":1.07,"Total Cost":2.99,"Plan Rows":12,"Plan Width":12,"Actual Startup Time":0.022,"Actual Total Time":0.038,"Actual Rows":22,"Actual Loops":1,"Output":["nation.n_name","nation.n_nationkey"],"Inner Unique":true,"Hash Cond":"(nation.n_regionkey = region.r_regionkey)","Shared Hit Blocks":2,"Shared Read Blocks":0,"Shared Dirtied Blocks":0,"Shared Written Blocks":0,"Local Hit Blocks":0,"Local Read Blocks":0,"Local Dirtied Blocks":0,"Local Written Blocks":0,"Temp Read Blocks":0,"Temp Written Blocks":0,"I/O Read Time":0.0,"I/O Write Time":0.0,"Temp I/O Read Time":0.0,"Temp I/O Write Time":0.0,"Plans":[{"Node Type":"Seq Scan","Parent Relationship":"Outer","Parallel Aware":false,"Async Capable":false,"Relation Name":"nation","Schema":"public","Alias":"nation","Startup Cost":0.0,"Total Cost":1.62,"Plan Rows":62,"Plan Width":16,"Actual Startup Time":0.004,"Actual Total Time":0.007,"Actual Rows":62,"Actual Loops":1,"Output":["nation.n_nationkey","nation.n_name","nation.n_regionkey","nation.n_comment"],"Shared Hit Blocks":1,"Shared Read Blocks":0,"Shared Dirtied Blocks":0,"Shared Written Blocks":0,"Local Hit Blocks":0,"Local Read Blocks":0,"Local Dirtied Blocks":0,"Local Written Blocks":0,"Temp Read Blocks":0,"Temp Written Blocks":0,"I/O Read Time":0.0,"I/O Write Time":0.0,"Temp I/O Read Time":0.0,"Temp I/O Write Time":0.0},{"Node Type":"Hash","Parent Relationship":"Inner","Parallel Aware":false,"Async Capable":false,"Startup Cost":1.06,"Total Cost":1.06,"Plan Rows":1,"Plan Width":4,"Actual Startup Time":0.008,"Actual Total Time":0.009,"Actual Rows":1,"Actual Loops":1,"Output":["region.r_regionkey"],"Hash Buckets":1024,"Original Hash Buckets":1024,"Hash Batches":1,"Original Hash Batches":1,"Peak Memory Usage":9,"Shared Hit Blocks":1,"Shared Read Blocks":0,"Shared Dirtied Blocks":0,"Shared Written Blocks":0,"Local Hit Blocks":0,"Local Read Blocks":0,"Local Dirtied Blocks":0,"Local Written Blocks":0,"Temp Read Blocks":0,"Temp Written Blocks":0,"I/O Read Time":0.0,"I/O Write Time":0.0,"Temp I/O Read Time":0.0,"Temp I/O Write Time":0.0,"Plans":[{"Node Type":"Seq Scan","Parent Relationship":"Outer","Parallel Aware":false,"Async Capable":false,"Relation Name":"region","Schema":"public","Alias":"region","Startup Cost":0.0,"Total Cost":1.06,"Plan Rows":1,"Plan Width":4,"Actual Startup Time":0.006,"Actual Total Time":0.006,"Actual Rows":1,"Actual Loops":1,"Output":["region.r_regionkey"],"Filter":"((region.r_name)::text = 'Europe'::text)","Rows Removed by Filter":4,"Shared Hit Blocks":1,"Shared Read Blocks":0,"Shared Dirtied Blocks":0,"Shared Written Blocks":0,"Local Hit Blocks":0,"Local Read Blocks":0,"Local Dirtied Blocks":0,"Local Written Blocks":0,"Temp Read Blocks":0,"Temp Written Blocks":0,"I/O Read Time":0.0,"I/O Write Time":0.0,"Temp I/O Read Time":0.0,"Temp I/O Write Time":0.0}]}]}]}]}]},{"Node Type":"Index Only Scan","Parent Relationship":"Inner","Parallel Aware":false,"Async Capable":false,"Scan Direction":"Forward","Index Name":"stock_pk","Relation Name":"stock","Schema":"public","Alias":"stock","Startup Cost":0.44,"Total Cost":519363.62,"Plan Rows":20000212,"Plan Width":6,"Actual Startup Time":0.046,"Actual Total Time":1396.132,"Actual Rows":19999994,"Actual Loops":1,"Output":["stock.s_w_id","stock.s_i_id"],"Heap Fetches":0,"Shared Hit Blocks":54673,"Shared Read Blocks":0,"Shared Dirtied Blocks":0,"Shared Written Blocks":0,"Local Hit Blocks":0,"Local Read Blocks":0,"Local Dirtied Blocks":0,"Local Written Blocks":0,"Temp Read Blocks":0,"Temp Written Blocks":0,"I/O Read Time":0.0,"I/O Write Time":0.0,"Temp I/O Read Time":0.0,"Temp I/O Write Time":0.0}]},{"Node Type":"Hash","Parent Relationship":"Inner","Parallel Aware":false,"Async Capable":false,"Startup Cost":317.0,"Total Cost":317.0,"Plan Rows":10000,"Plan Width":8,"Actual Startup Time":2.719,"Actual Total Time":2.719,"Actual Rows":10000,"Actual Loops":1,"Output":["supplier.su_suppkey","supplier.su_nationkey"],"Hash Buckets":16384,"Original Hash Buckets":16384,"Hash Batches":1,"Original Hash Batches":1,"Peak Memory Usage":519,"Shared Hit Blocks":217,"Shared Read Blocks":0,"Shared Dirtied Blocks":0,"Shared Written Blocks":0,"Local Hit Blocks":0,"Local Read Blocks":0,"Local Dirtied Blocks":0,"Local Written Blocks":0,"Temp Read Blocks":0,"Temp Written Blocks":0,"I/O Read Time":0.0,"I/O Write Time":0.0,"Temp I/O Read Time":0.0,"Temp I/O Write Time":0.0,"Plans":[{"Node Type":"Seq Scan","Parent Relationship":"Outer","Parallel Aware":false,"Async Capable":false,"Relation Name":"supplier","Schema":"public","Alias":"supplier","Startup Cost":0.0,"Total Cost":317.0,"Plan Rows":10000,"Plan Width":8,"Actual Startup Time":0.011,"Actual Total Time":1.293,"Actual Rows":10000,"Actual Loops":1,"Output":["supplier.su_suppkey","supplier.su_nationkey"],"Shared Hit Blocks":217,"Shared Read Blocks":0,"Shared Dirtied Blocks":0,"Shared Written Blocks":0,"Local Hit Blocks":0,"Local Read Blocks":0,"Local Dirtied Blocks":0,"Local Written Blocks":0,"Temp Read Blocks":0,"Temp Written Blocks":0,"I/O Read Time":0.0,"I/O Write Time":0.0,"Temp I/O Read Time":0.0,"Temp I/O Write Time":0.0}]}]}]}]}]},"Planning":{"Shared Hit Blocks":220,"Shared Read Blocks":0,"Shared Dirtied Blocks":0,"Shared Written Blocks":0,"Local Hit Blocks":0,"Local Read Blocks":0,"Local Dirtied Blocks":0,"Local Written Blocks":0,"Temp Read Blocks":0,"Temp Written Blocks":0,"I/O Read Time":0.0,"I/O Write Time":0.0,"Temp I/O Read Time":0.0,"Temp I/O Write Time":0.0},"Planning Time":5.763,"Triggers":[],"Execution Time":34228.379}]
[列存组合]: customer, nation, region, supplier
[{"Plan":{"Node Type":"Sort","Parallel Aware":false,"Async Capable":false,"Startup Cost":4076081.94,"Total Cost":4076082.09,"Plan Rows":62,"Plan Width":40,"Actual Startup Time":34957.582,"Actual Total Time":34957.61,"Actual Rows":11,"Actual Loops":1,"Output":["nation.n_name","(sum(order_line.ol_amount))"],"Sort Key":["(sum(order_line.ol_amount)) DESC"],"Sort Method":"quicksort","Sort Space Used":25,"Sort Space Type":"Memory","Shared Hit Blocks":780545,"Shared Read Blocks":0,"Shared Dirtied Blocks":0,"Shared Written Blocks":0,"Local Hit Blocks":0,"Local Read Blocks":0,"Local Dirtied Blocks":0,"Local Written Blocks":0,"Temp Read Blocks":288611,"Temp Written Blocks":288665,"I/O Read Time":0.0,"I/O Write Time":0.0,"Temp I/O Read Time":449.974,"Temp I/O Write Time":1175.751,"Plans":[{"Node Type":"Aggregate","Strategy":"Sorted","Partial Mode":"Simple","Parent Relationship":"Outer","Parallel Aware":false,"Async Capable":false,"Startup Cost":4075928.3,"Total Cost":4076080.09,"Plan Rows":62,"Plan Width":40,"Actual Startup Time":34951.645,"Actual Total Time":34957.593,"Actual Rows":11,"Actual Loops":1,"Output":["nation.n_name","sum(order_line.ol_amount)"],"Group Key":["nation.n_name"],"Shared Hit Blocks":780545,"Shared Read Blocks":0,"Shared Dirtied Blocks":0,"Shared Written Blocks":0,"Local Hit Blocks":0,"Local Read Blocks":0,"Local Dirtied Blocks":0,"Local Written Blocks":0,"Temp Read Blocks":288611,"Temp Written Blocks":288665,"I/O Read Time":0.0,"I/O Write Time":0.0,"Temp I/O Read Time":449.974,"Temp I/O Write Time":1175.751,"Plans":[{"Node Type":"Sort","Parent Relationship":"Outer","Parallel Aware":false,"Async Capable":false,"Startup Cost":4075928.3,"Total Cost":4075978.64,"Plan Rows":20136,"Plan Width":12,"Actual Startup Time":34951.208,"Actual Total Time":34953.052,"Actual Rows":35044,"Actual Loops":1,"Output":["nation.n_name","order_line.ol_amount"],"Sort Key":["nation.n_name"],"Sort Method":"quicksort","Sort Space Used":3146,"Sort Space Type":"Memory","Shared Hit Blocks":780545,"Shared Read Blocks":0,"Shared Dirtied Blocks":0,"Shared Written Blocks":0,"Local Hit Blocks":0,"Local Read Blocks":0,"Local Dirtied Blocks":0,"Local Written Blocks":0,"Temp Read Blocks":288611,"Temp Written Blocks":288665,"I/O Read Time":0.0,"I/O Write Time":0.0,"Temp I/O Read Time":449.974,"Temp I/O Write Time":1175.751,"Plans":[{"Node Type":"Hash Join","Parent Relationship":"Outer","Parallel Aware":false,"Async Capable":false,"Join Type":"Inner","Startup Cost":3426620.85,"Total Cost":4074488.82,"Plan Rows":20136,"Plan Width":12,"Actual Startup Time":31001.497,"Actual Total Time":34932.283,"Actual Rows":35044,"Actual Loops":1,"Output":["nation.n_name","order_line.ol_amount"],"Inner Unique":true,"Hash Cond":"((mod((stock.s_w_id * stock.s_i_id), 10000) = supplier.su_suppkey) AND (customer.c_nationkey = supplier.su_nationkey))","Shared Hit Blocks":780545,"Shared Read Blocks":0,"Shared Dirtied Blocks":0,"Shared Written Blocks":0,"Local Hit Blocks":0,"Local Read Blocks":0,"Local Dirtied Blocks":0,"Local Written Blocks":0,"Temp Read Blocks":288611,"Temp Written Blocks":288665,"I/O Read Time":0.0,"I/O Write Time":0.0,"Temp I/O Read Time":449.974,"Temp I/O Write Time":1175.751,"Plans":[{"Node Type":"Merge Join","Parent Relationship":"Outer","Parallel Aware":false,"Async Capable":false,"Join Type":"Inner","Startup Cost":3426251.82,"Total Cost":4067284.83,"Plan Rows":1242717,"Plan Width":26,"Actual Startup Time":30997.883,"Actual Total Time":34648.459,"Actual Rows":2218175,"Actual Loops":1,"Output":["customer.c_nationkey","order_line.ol_amount","stock.s_w_id","stock.s_i_id","nation.n_name","nation.n_nationkey"],"Inner Unique":true,"Merge Cond":"((customer.c_w_id = stock.s_w_id) AND (order_line.ol_i_id = stock.s_i_id))","Shared Hit Blocks":780545,"Shared Read Blocks":0,"Shared Dirtied Blocks":0,"Shared Written Blocks":0,"Local Hit Blocks":0,"Local Read Blocks":0,"Local Dirtied Blocks":0,"Local Written Blocks":0,"Temp Read Blocks":288611,"Temp Written Blocks":288665,"I/O Read Time":0.0,"I/O Write Time":0.0,"Temp I/O Read Time":449.974,"Temp I/O Write Time":1175.751,"Plans":[{"Node Type":"Sort","Parent Relationship":"Outer","Parallel Aware":false,"Async Capable":false,"Startup Cost":3426251.38,"Total Cost":3429331.92,"Plan Rows":1232214,"Plan Width":30,"Actual Startup Time":30997.822,"Actual Total Time":31595.811,"Actual Rows":2218175,"Actual Loops":1,"Output":["customer.c_w_id","customer.c_nationkey","orders.o_w_id","order_line.ol_amount","order_line.ol_w_id","order_line.ol_i_id","nation.n_name","nation.n_nationkey"],"Sort Key":["customer.c_w_id","order_line.ol_i_id"],"Sort Method":"external merge","Sort Space Used":94520,"Sort Space Type":"Disk","Shared Hit Blocks":725872,"Shared Read Blocks":0,"Shared Dirtied Blocks":0,"Shared Written Blocks":0,"Local Hit Blocks":0,"Local Read Blocks":0,"Local Dirtied Blocks":0,"Local Written Blocks":0,"Temp Read Blocks":288611,"Temp Written Blocks":288665,"I/O Read Time":0.0,"I/O Write Time":0.0,"Temp I/O Read Time":449.974,"Temp I/O Write Time":1175.751,"Plans":[{"Node Type":"Hash Join","Parent Relationship":"Outer","Parallel Aware":false,"Async Capable":false,"Join Type":"Inner","Startup Cost":797902.74,"Total Cost":3242627.55,"Plan Rows":1232214,"Plan Width":30,"Actual Startup Time":2969.176,"Actual Total Time":28126.972,"Actual Rows":2218175,"Actual Loops":1,"Output":["customer.c_w_id","customer.c_nationkey","orders.o_w_id","order_line.ol_amount","order_line.ol_w_id","order_line.ol_i_id","nation.n_name","nation.n_nationkey"],"Inner Unique":false,"Hash Cond":"(customer.c_nationkey = nation.n_nationkey)","Shared Hit Blocks":725872,"Shared Read Blocks":0,"Shared Dirtied Blocks":0,"Shared Written Blocks":0,"Local Hit Blocks":0,"Local Read Blocks":0,"Local Dirtied Blocks":0,"Local Written Blocks":0,"Temp Read Blocks":264991,"Temp Written Blocks":264991,"I/O Read Time":0.0,"I/O Write Time":0.0,"Temp I/O Read Time":413.381,"Temp I/O Write Time":1108.036,"Plans":[{"Node Type":"Hash Join","Parent Relationship":"Outer","Parallel Aware":false,"Async Capable":false,"Join Type":"Inner","Startup Cost":797899.6,"Total Cost":3207595.75,"Plan Rows":6161071,"Plan Width":18,"Actual Startup Time":2961.376,"Actual Total Time":27176.734,"Actual Rows":8568663,"Actual Loops":1,"Output":["customer.c_w_id","customer.c_nationkey","orders.o_w_id","order_line.ol_amount","order_line.ol_w_id","order_line.ol_i_id"],"Inner Unique":true,"Hash Cond":"((orders.o_c_id = customer.c_id) AND (orders.o_w_id = customer.c_w_id) AND (orders.o_d_id = customer.c_d_id))","Shared Hit Blocks":725870,"Shared Read Blocks":0,"Shared Dirtied Blocks":0,"Shared Written Blocks":0,"Local Hit Blocks":0,"Local Read Blocks":0,"Local Dirtied Blocks":0,"Local Written Blocks":0,"Temp Read Blocks":264991,"Temp Written Blocks":264991,"I/O Read Time":0.0,"I/O Write Time":0.0,"Temp I/O Read Time":413.381,"Temp I/O Write Time":1108.036,"Plans":[{"Node Type":"Hash Join","Parent Relationship":"Outer","Parallel Aware":false,"Async Capable":false,"Join Type":"Inner","Startup Cost":153803.65,"Total Cost":2413481.36,"Plan Rows":6161071,"Plan Width":20,"Actual Startup Time":628.644,"Actual Total Time":20226.202,"Actual Rows":8568663,"Actual Loops":1,"Output":["orders.o_c_id","orders.o_w_id","orders.o_d_id","order_line.ol_amount","order_line.ol_w_id","order_line.ol_d_id","order_line.ol_i_id"],"Inner Unique":true,"Hash Cond":"((order_line.ol_w_id = orders.o_w_id) AND (order_line.ol_d_id = orders.o_d_id) AND (order_line.ol_o_id = orders.o_id))","Shared Hit Blocks":725870,"Shared Read Blocks":0,"Shared Dirtied Blocks":0,"Shared Written Blocks":0,"Local Hit Blocks":0,"Local Read Blocks":0,"Local Dirtied Blocks":0,"Local Written Blocks":0,"Temp Read Blocks":200672,"Temp Written Blocks":200672,"I/O Read Time":0.0,"I/O Write Time":0.0,"Temp I/O Read Time":304.644,"Temp I/O Write Time":809.563,"Plans":[{"Node Type":"Seq Scan","Parent Relationship":"Outer","Parallel Aware":false,"Async Capable":false,"Relation Name":"order_line","Schema":"public","Alias":"order_line","Startup Cost":0.0,"Total Cost":1431670.8,"Plan Rows":42039468,"Plan Width":20,"Actual Startup Time":0.005,"Actual Total Time":7313.575,"Actual Rows":42000489,"Actual Loops":1,"Output":["order_line.ol_amount","order_line.ol_o_id","order_line.ol_w_id","order_line.ol_d_id","order_line.ol_i_id"],"Filter":"(order_line.ol_delivery_d >= '1992-01-02 20:10:02.27764'::timestamp without time zone)","Rows Removed by Filter":17993272,"Shared Hit Blocks":681748,"Shared Read Blocks":0,"Shared Dirtied Blocks":0,"Shared Written Blocks":0,"Local Hit Blocks":0,"Local Read Blocks":0,"Local Dirtied Blocks":0,"Local Written Blocks":0,"Temp Read Blocks":0,"Temp Written Blocks":0,"I/O Read Time":0.0,"I/O Write Time":0.0,"Temp I/O Read Time":0.0,"Temp I/O Write Time":0.0},{"Node Type":"Hash","Parent Relationship":"Inner","Parallel Aware":false,"Async Capable":false,"Startup Cost":134121.52,"Total Cost":134121.52,"Plan Rows":879322,"Plan Width":16,"Actual Startup Time":594.199,"Actual Total Time":594.203,"Actual Rows":856801,"Actual Loops":1,"Output":["orders.o_c_id","orders.o_w_id","orders.o_d_id","orders.o_id"],"Hash Buckets":262144,"Original Hash Buckets":262144,"Hash Batches":8,"Original Hash Batches":8,"Peak Memory Usage":7070,"Shared Hit Blocks":44122,"Shared Read Blocks":0,"Shared Dirtied Blocks":0,"Shared Written Blocks":0,"Local Hit Blocks":0,"Local Read Blocks":0,"Local Dirtied Blocks":0,"Local Written Blocks":0,"Temp Read Blocks":0,"Temp Written Blocks":3290,"I/O Read Time":0.0,"I/O Write Time":0.0,"Temp I/O Read Time":0.0,"Temp I/O Write Time":14.838,"Plans":[{"Node Type":"Seq Scan","Parent Relationship":"Outer","Parallel Aware":false,"Async Capable":false,"Relation Name":"orders","Schema":"public","Alias":"orders","Startup Cost":0.0,"Total Cost":134121.52,"Plan Rows":879322,"Plan Width":16,"Actual Startup Time":0.6,"Actual Total Time":446.041,"Actual Rows":856801,"Actual Loops":1,"Output":["orders.o_c_id","orders.o_w_id","orders.o_d_id","orders.o_id"],"Filter":"((orders.o_entry_d >= '1993-01-02 20:10:02.27764'::timestamp without time zone) AND (orders.o_entry_d < '1994-01-02 20:10:02.27764'::timestamp without time zone))","Rows Removed by Filter":5143199,"Shared Hit Blocks":44122,"Shared Read Blocks":0,"Shared Dirtied Blocks":0,"Shared Written Blocks":0,"Local Hit Blocks":0,"Local Read Blocks":0,"Local Dirtied Blocks":0,"Local Written Blocks":0,"Temp Read Blocks":0,"Temp Written Blocks":0,"I/O Read Time":0.0,"I/O Write Time":0.0,"Temp I/O Read Time":0.0,"Temp I/O Write Time":0.0}]}]},{"Node Type":"Hash","Parent Relationship":"Inner","Parallel Aware":false,"Async Capable":false,"Startup Cost":509795.49,"Total Cost":509795.49,"Plan Rows":6000140,"Plan Width":12,"Actual Startup Time":2325.63,"Actual Total Time":2325.637,"Actual Rows":6000000,"Actual Loops":1,"Output":["customer.c_id","customer.c_w_id","customer.c_d_id","customer.c_nationkey"],"Hash Buckets":262144,"Original Hash Buckets":262144,"Hash Batches":64,"Original Hash Batches":64,"Peak Memory Usage":6073,"Shared Hit Blocks":0,"Shared Read Blocks":0,"Shared Dirtied Blocks":0,"Shared Written Blocks":0,"Local Hit Blocks":0,"Local Read Blocks":0,"Local Dirtied Blocks":0,"Local Written Blocks":0,"Temp Read Blocks":0,"Temp Written Blocks":23037,"I/O Read Time":0.0,"I/O Write Time":0.0,"Temp I/O Read Time":0.0,"Temp I/O Write Time":101.753,"Plans":[{"Node Type":"Append","Parent Relationship":"Outer","Parallel Aware":false,"Async Capable":false,"Startup Cost":20.0,"Total Cost":509795.49,"Plan Rows":6000140,"Plan Width":12,"Actual Startup Time":0.042,"Actual Total Time":1319.288,"Actual Rows":6000000,"Actual Loops":1,"Shared Hit Blocks":0,"Shared Read Blocks":0,"Shared Dirtied Blocks":0,"Shared Written Blocks":0,"Local Hit Blocks":0,"Local Read Blocks":0,"Local Dirtied Blocks":0,"Local Written Blocks":0,"Temp Read Blocks":0,"Temp Written Blocks":0,"I/O Read Time":0.0,"I/O Write Time":0.0,"Temp I/O Read Time":0.0,"Temp I/O Write Time":0.0,"Subplans Removed":0,"Plans":[{"Node Type":"Custom Scan","Parent Relationship":"Member","Custom Plan Provider":"columnar scan","Parallel Aware":false,"Async Capable":false,"Relation Name":"customer","Schema":"public","Alias":"customer","Startup Cost":20.0,"Total Cost":141020.06,"Plan Rows":6000000,"Plan Width":12,"Actual Startup Time":0.039,"Actual Total Time":891.994,"Actual Rows":6000000,"Actual Loops":1,"Output":["customer.c_id","customer.c_w_id","customer.c_d_id","customer.c_nationkey"],"Rows Removed by Columnar Filter":0,"Columnar cache search mode":"native","Shared Hit Blocks":0,"Shared Read Blocks":0,"Shared Dirtied Blocks":0,"Shared Written Blocks":0,"Local Hit Blocks":0,"Local Read Blocks":0,"Local Dirtied Blocks":0,"Local Written Blocks":0,"Temp Read Blocks":0,"Temp Written Blocks":0,"I/O Read Time":0.0,"I/O Write Time":0.0,"Temp I/O Read Time":0.0,"Temp I/O Write Time":0.0},{"Node Type":"Seq Scan","Parent Relationship":"Member","Parallel Aware":false,"Async Capable":false,"Relation Name":"customer","Schema":"public","Alias":"customer","Startup Cost":0.0,"Total Cost":5.4,"Plan Rows":140,"Plan Width":12,"Actual Startup Time":0.0,"Actual Total Time":0.0,"Actual Rows":0,"Actual Loops":0,"Output":["customer.c_id","customer.c_w_id","customer.c_d_id","customer.c_nationkey"],"Shared Hit Blocks":0,"Shared Read Blocks":0,"Shared Dirtied Blocks":0,"Shared Written Blocks":0,"Local Hit Blocks":0,"Local Read Blocks":0,"Local Dirtied Blocks":0,"Local Written Blocks":0,"Temp Read Blocks":0,"Temp Written Blocks":0,"I/O Read Time":0.0,"I/O Write Time":0.0,"Temp I/O Read Time":0.0,"Temp I/O Write Time":0.0}]}]}]},{"Node Type":"Hash","Parent Relationship":"Inner","Parallel Aware":false,"Async Capable":false,"Startup Cost":2.99,"Total Cost":2.99,"Plan Rows":12,"Plan Width":12,"Actual Startup Time":0.042,"Actual Total Time":0.048,"Actual Rows":22,"Actual Loops":1,"Output":["nation.n_name","nation.n_nationkey"],"Hash Buckets":1024,"Original Hash Buckets":1024,"Hash Batches":1,"Original Hash Batches":1,"Peak Memory Usage":9,"Shared Hit Blocks":2,"Shared Read Blocks":0,"Shared Dirtied Blocks":0,"Shared Written Blocks":0,"Local Hit Blocks":0,"Local Read Blocks":0,"Local Dirtied Blocks":0,"Local Written Blocks":0,"Temp Read Blocks":0,"Temp Written Blocks":0,"I/O Read Time":0.0,"I/O Write Time":0.0,"Temp I/O Read Time":0.0,"Temp I/O Write Time":0.0,"Plans":[{"Node Type":"Hash Join","Parent Relationship":"Outer","Parallel Aware":false,"Async Capable":false,"Join Type":"Inner","Startup Cost":1.07,"Total Cost":2.99,"Plan Rows":12,"Plan Width":12,"Actual Startup Time":0.025,"Actual Total Time":0.041,"Actual Rows":22,"Actual Loops":1,"Output":["nation.n_name","nation.n_nationkey"],"Inner Unique":true,"Hash Cond":"(nation.n_regionkey = region.r_regionkey)","Shared Hit Blocks":2,"Shared Read Blocks":0,"Shared Dirtied Blocks":0,"Shared Written Blocks":0,"Local Hit Blocks":0,"Local Read Blocks":0,"Local Dirtied Blocks":0,"Local Written Blocks":0,"Temp Read Blocks":0,"Temp Written Blocks":0,"I/O Read Time":0.0,"I/O Write Time":0.0,"Temp I/O Read Time":0.0,"Temp I/O Write Time":0.0,"Plans":[{"Node Type":"Seq Scan","Parent Relationship":"Outer","Parallel Aware":false,"Async Capable":false,"Relation Name":"nation","Schema":"public","Alias":"nation","Startup Cost":0.0,"Total Cost":1.62,"Plan Rows":62,"Plan Width":16,"Actual Startup Time":0.007,"Actual Total Time":0.011,"Actual Rows":62,"Actual Loops":1,"Output":["nation.n_nationkey","nation.n_name","nation.n_regionkey","nation.n_comment"],"Shared Hit Blocks":1,"Shared Read Blocks":0,"Shared Dirtied Blocks":0,"Shared Written Blocks":0,"Local Hit Blocks":0,"Local Read Blocks":0,"Local Dirtied Blocks":0,"Local Written Blocks":0,"Temp Read Blocks":0,"Temp Written Blocks":0,"I/O Read Time":0.0,"I/O Write Time":0.0,"Temp I/O Read Time":0.0,"Temp I/O Write Time":0.0},{"Node Type":"Hash","Parent Relationship":"Inner","Parallel Aware":false,"Async Capable":false,"Startup Cost":1.06,"Total Cost":1.06,"Plan Rows":1,"Plan Width":4,"Actual Startup Time":0.008,"Actual Total Time":0.009,"Actual Rows":1,"Actual Loops":1,"Output":["region.r_regionkey"],"Hash Buckets":1024,"Original Hash Buckets":1024,"Hash Batches":1,"Original Hash Batches":1,"Peak Memory Usage":9,"Shared Hit Blocks":1,"Shared Read Blocks":0,"Shared Dirtied Blocks":0,"Shared Written Blocks":0,"Local Hit Blocks":0,"Local Read Blocks":0,"Local Dirtied Blocks":0,"Local Written Blocks":0,"Temp Read Blocks":0,"Temp Written Blocks":0,"I/O Read Time":0.0,"I/O Write Time":0.0,"Temp I/O Read Time":0.0,"Temp I/O Write Time":0.0,"Plans":[{"Node Type":"Seq Scan","Parent Relationship":"Outer","Parallel Aware":false,"Async Capable":false,"Relation Name":"region","Schema":"public","Alias":"region","Startup Cost":0.0,"Total Cost":1.06,"Plan Rows":1,"Plan Width":4,"Actual Startup Time":0.006,"Actual Total Time":0.007,"Actual Rows":1,"Actual Loops":1,"Output":["region.r_regionkey"],"Filter":"((region.r_name)::text = 'Europe'::text)","Rows Removed by Filter":4,"Shared Hit Blocks":1,"Shared Read Blocks":0,"Shared Dirtied Blocks":0,"Shared Written Blocks":0,"Local Hit Blocks":0,"Local Read Blocks":0,"Local Dirtied Blocks":0,"Local Written Blocks":0,"Temp Read Blocks":0,"Temp Written Blocks":0,"I/O Read Time":0.0,"I/O Write Time":0.0,"Temp I/O Read Time":0.0,"Temp I/O Write Time":0.0}]}]}]}]}]},{"Node Type":"Index Only Scan","Parent Relationship":"Inner","Parallel Aware":false,"Async Capable":false,"Scan Direction":"Forward","Index Name":"stock_pk","Relation Name":"stock","Schema":"public","Alias":"stock","Startup Cost":0.44,"Total Cost":519363.62,"Plan Rows":20000212,"Plan Width":6,"Actual Startup Time":0.047,"Actual Total Time":1405.099,"Actual Rows":19999994,"Actual Loops":1,"Output":["stock.s_w_id","stock.s_i_id"],"Heap Fetches":0,"Shared Hit Blocks":54673,"Shared Read Blocks":0,"Shared Dirtied Blocks":0,"Shared Written Blocks":0,"Local Hit Blocks":0,"Local Read Blocks":0,"Local Dirtied Blocks":0,"Local Written Blocks":0,"Temp Read Blocks":0,"Temp Written Blocks":0,"I/O Read Time":0.0,"I/O Write Time":0.0,"Temp I/O Read Time":0.0,"Temp I/O Write Time":0.0}]},{"Node Type":"Hash","Parent Relationship":"Inner","Parallel Aware":false,"Async Capable":false,"Startup Cost":219.01,"Total Cost":219.01,"Plan Rows":10001,"Plan Width":8,"Actual Startup Time":3.175,"Actual Total Time":3.177,"Actual Rows":10000,"Actual Loops":1,"Output":["supplier.su_suppkey","supplier.su_nationkey"],"Hash Buckets":16384,"Original Hash Buckets":16384,"Hash Batches":1,"Original Hash Batches":1,"Peak Memory Usage":519,"Shared Hit Blocks":0,"Shared Read Blocks":0,"Shared Dirtied Blocks":0,"Shared Written Blocks":0,"Local Hit Blocks":0,"Local Read Blocks":0,"Local Dirtied Blocks":0,"Local Written Blocks":0,"Temp Read Blocks":0,"Temp Written Blocks":0,"I/O Read Time":0.0,"I/O Write Time":0.0,"Temp I/O Read Time":0.0,"Temp I/O Write Time":0.0,"Plans":[{"Node Type":"Append","Parent Relationship":"Outer","Parallel Aware":false,"Async Capable":false,"Startup Cost":20.0,"Total Cost":219.01,"Plan Rows":10001,"Plan Width":8,"Actual Startup Time":0.013,"Actual Total Time":1.884,"Actual Rows":10000,"Actual Loops":1,"Shared Hit Blocks":0,"Shared Read Blocks":0,"Shared Dirtied Blocks":0,"Shared Written Blocks":0,"Local Hit Blocks":0,"Local Read Blocks":0,"Local Dirtied Blocks":0,"Local Written Blocks":0,"Temp Read Blocks":0,"Temp Written Blocks":0,"I/O Read Time":0.0,"I/O Write Time":0.0,"Temp I/O Read Time":0.0,"Temp I/O Write Time":0.0,"Subplans Removed":0,"Plans":[{"Node Type":"Custom Scan","Parent Relationship":"Member","Custom Plan Provider":"columnar scan","Parallel Aware":false,"Async Capable":false,"Relation Name":"supplier","Schema":"public","Alias":"supplier","Startup Cost":20.0,"Total Cost":215.0,"Plan Rows":10000,"Plan Width":8,"Actual Startup Time":0.012,"Actual Total Time":1.153,"Actual Rows":10000,"Actual Loops":1,"Output":["supplier.su_suppkey","supplier.su_nationkey"],"Rows Removed by Columnar Filter":0,"Columnar cache search mode":"native","Shared Hit Blocks":0,"Shared Read Blocks":0,"Shared Dirtied Blocks":0,"Shared Written Blocks":0,"Local Hit Blocks":0,"Local Read Blocks":0,"Local Dirtied Blocks":0,"Local Written Blocks":0,"Temp Read Blocks":0,"Temp Written Blocks":0,"I/O Read Time":0.0,"I/O Write Time":0.0,"Temp I/O Read Time":0.0,"Temp I/O Write Time":0.0},{"Node Type":"Seq Scan","Parent Relationship":"Member","Parallel Aware":false,"Async Capable":false,"Relation Name":"supplier","Schema":"public","Alias":"supplier","Startup Cost":0.0,"Total Cost":4.01,"Plan Rows":1,"Plan Width":8,"Actual Startup Time":0.0,"Actual Total Time":0.0,"Actual Rows":0,"Actual Loops":0,"Output":["supplier.su_suppkey","supplier.su_nationkey"],"Shared Hit Blocks":0,"Shared Read Blocks":0,"Shared Dirtied Blocks":0,"Shared Written Blocks":0,"Local Hit Blocks":0,"Local Read Blocks":0,"Local Dirtied Blocks":0,"Local Written Blocks":0,"Temp Read Blocks":0,"Temp Written Blocks":0,"I/O Read Time":0.0,"I/O Write Time":0.0,"Temp I/O Read Time":0.0,"Temp I/O Write Time":0.0}]}]}]}]}]}]},"Planning":{"Shared Hit Blocks":220,"Shared Read Blocks":0,"Shared Dirtied Blocks":0,"Shared Written Blocks":0,"Local Hit Blocks":0,"Local Read Blocks":0,"Local Dirtied Blocks":0,"Local Written Blocks":0,"Temp Read Blocks":0,"Temp Written Blocks":0,"I/O Read Time":0.0,"I/O Write Time":0.0,"Temp I/O Read Time":0.0,"Temp I/O Write Time":0.0},"Planning Time":4.948,"Triggers":[],"Execution Time":34980.789}]
[列存组合]: customer, nation, stock, supplier
[{"Plan":{"Node Type":"Sort","Parallel Aware":false,"Async Capable":false,"Startup Cost":4076081.94,"Total Cost":4076082.09,"Plan Rows":62,"Plan Width":40,"Actual Startup Time":34340.418,"Actual Total Time":34340.447,"Actual Rows":11,"Actual Loops":1,"Output":["nation.n_name","(sum(order_line.ol_amount))"],"Sort Key":["(sum(order_line.ol_amount)) DESC"],"Sort Method":"quicksort","Sort Space Used":25,"Sort Space Type":"Memory","Shared Hit Blocks":780545,"Shared Read Blocks":0,"Shared Dirtied Blocks":0,"Shared Written Blocks":0,"Local Hit Blocks":0,"Local Read Blocks":0,"Local Dirtied Blocks":0,"Local Written Blocks":0,"Temp Read Blocks":288611,"Temp Written Blocks":288665,"I/O Read Time":0.0,"I/O Write Time":0.0,"Temp I/O Read Time":448.185,"Temp I/O Write Time":1174.742,"Plans":[{"Node Type":"Aggregate","Strategy":"Sorted","Partial Mode":"Simple","Parent Relationship":"Outer","Parallel Aware":false,"Async Capable":false,"Startup Cost":4075928.3,"Total Cost":4076080.09,"Plan Rows":62,"Plan Width":40,"Actual Startup Time":34334.514,"Actual Total Time":34340.43,"Actual Rows":11,"Actual Loops":1,"Output":["nation.n_name","sum(order_line.ol_amount)"],"Group Key":["nation.n_name"],"Shared Hit Blocks":780545,"Shared Read Blocks":0,"Shared Dirtied Blocks":0,"Shared Written Blocks":0,"Local Hit Blocks":0,"Local Read Blocks":0,"Local Dirtied Blocks":0,"Local Written Blocks":0,"Temp Read Blocks":288611,"Temp Written Blocks":288665,"I/O Read Time":0.0,"I/O Write Time":0.0,"Temp I/O Read Time":448.185,"Temp I/O Write Time":1174.742,"Plans":[{"Node Type":"Sort","Parent Relationship":"Outer","Parallel Aware":false,"Async Capable":false,"Startup Cost":4075928.3,"Total Cost":4075978.64,"Plan Rows":20136,"Plan Width":12,"Actual Startup Time":34334.073,"Actual Total Time":34335.897,"Actual Rows":35044,"Actual Loops":1,"Output":["nation.n_name","order_line.ol_amount"],"Sort Key":["nation.n_name"],"Sort Method":"quicksort","Sort Space Used":3146,"Sort Space Type":"Memory","Shared Hit Blocks":780545,"Shared Read Blocks":0,"Shared Dirtied Blocks":0,"Shared Written Blocks":0,"Local Hit Blocks":0,"Local Read Blocks":0,"Local Dirtied Blocks":0,"Local Written Blocks":0,"Temp Read Blocks":288611,"Temp Written Blocks":288665,"I/O Read Time":0.0,"I/O Write Time":0.0,"Temp I/O Read Time":448.185,"Temp I/O Write Time":1174.742,"Plans":[{"Node Type":"Hash Join","Parent Relationship":"Outer","Parallel Aware":false,"Async Capable":false,"Join Type":"Inner","Startup Cost":3426620.85,"Total Cost":4074488.82,"Plan Rows":20136,"Plan Width":12,"Actual Startup Time":30373.361,"Actual Total Time":34314.574,"Actual Rows":35044,"Actual Loops":1,"Output":["nation.n_name","order_line.ol_amount"],"Inner Unique":true,"Hash Cond":"((mod((stock.s_w_id * stock.s_i_id), 10000) = supplier.su_suppkey) AND (customer.c_nationkey = supplier.su_nationkey))","Shared Hit Blocks":780545,"Shared Read Blocks":0,"Shared Dirtied Blocks":0,"Shared Written Blocks":0,"Local Hit Blocks":0,"Local Read Blocks":0,"Local Dirtied Blocks":0,"Local Written Blocks":0,"Temp Read Blocks":288611,"Temp Written Blocks":288665,"I/O Read Time":0.0,"I/O Write Time":0.0,"Temp I/O Read Time":448.185,"Temp I/O Write Time":1174.742,"Plans":[{"Node Type":"Merge Join","Parent Relationship":"Outer","Parallel Aware":false,"Async Capable":false,"Join Type":"Inner","Startup Cost":3426251.82,"Total Cost":4067284.83,"Plan Rows":1242717,"Plan Width":26,"Actual Startup Time":30369.807,"Actual Total Time":34029.644,"Actual Rows":2218175,"Actual Loops":1,"Output":["customer.c_nationkey","order_line.ol_amount","stock.s_w_id","stock.s_i_id","nation.n_name","nation.n_nationkey"],"Inner Unique":true,"Merge Cond":"((customer.c_w_id = stock.s_w_id) AND (order_line.ol_i_id = stock.s_i_id))","Shared Hit Blocks":780545,"Shared Read Blocks":0,"Shared Dirtied Blocks":0,"Shared Written Blocks":0,"Local Hit Blocks":0,"Local Read Blocks":0,"Local Dirtied Blocks":0,"Local Written Blocks":0,"Temp Read Blocks":288611,"Temp Written Blocks":288665,"I/O Read Time":0.0,"I/O Write Time":0.0,"Temp I/O Read Time":448.185,"Temp I/O Write Time":1174.742,"Plans":[{"Node Type":"Sort","Parent Relationship":"Outer","Parallel Aware":false,"Async Capable":false,"Startup Cost":3426251.38,"Total Cost":3429331.92,"Plan Rows":1232214,"Plan Width":30,"Actual Startup Time":30369.741,"Actual Total Time":30967.416,"Actual Rows":2218175,"Actual Loops":1,"Output":["customer.c_w_id","customer.c_nationkey","orders.o_w_id","order_line.ol_amount","order_line.ol_w_id","order_line.ol_i_id","nation.n_name","nation.n_nationkey"],"Sort Key":["customer.c_w_id","order_line.ol_i_id"],"Sort Method":"external merge","Sort Space Used":94520,"Sort Space Type":"Disk","Shared Hit Blocks":725872,"Shared Read Blocks":0,"Shared Dirtied Blocks":0,"Shared Written Blocks":0,"Local Hit Blocks":0,"Local Read Blocks":0,"Local Dirtied Blocks":0,"Local Written Blocks":0,"Temp Read Blocks":288611,"Temp Written Blocks":288665,"I/O Read Time":0.0,"I/O Write Time":0.0,"Temp I/O Read Time":448.185,"Temp I/O Write Time":1174.742,"Plans":[{"Node Type":"Hash Join","Parent Relationship":"Outer","Parallel Aware":false,"Async Capable":false,"Join Type":"Inner","Startup Cost":797902.74,"Total Cost":3242627.55,"Plan Rows":1232214,"Plan Width":30,"Actual Startup Time":2962.246,"Actual Total Time":27735.223,"Actual Rows":2218175,"Actual Loops":1,"Output":["customer.c_w_id","customer.c_nationkey","orders.o_w_id","order_line.ol_amount","order_line.ol_w_id","order_line.ol_i_id","nation.n_name","nation.n_nationkey"],"Inner Unique":false,"Hash Cond":"(customer.c_nationkey = nation.n_nationkey)","Shared Hit Blocks":725872,"Shared Read Blocks":0,"Shared Dirtied Blocks":0,"Shared Written Blocks":0,"Local Hit Blocks":0,"Local Read Blocks":0,"Local Dirtied Blocks":0,"Local Written Blocks":0,"Temp Read Blocks":264991,"Temp Written Blocks":264991,"I/O Read Time":0.0,"I/O Write Time":0.0,"Temp I/O Read Time":411.567,"Temp I/O Write Time":1111.467,"Plans":[{"Node Type":"Hash Join","Parent Relationship":"Outer","Parallel Aware":false,"Async Capable":false,"Join Type":"Inner","Startup Cost":797899.6,"Total Cost":3207595.75,"Plan Rows":6161071,"Plan Width":18,"Actual Startup Time":2954.456,"Actual Total Time":26895.426,"Actual Rows":8568663,"Actual Loops":1,"Output":["customer.c_w_id","customer.c_nationkey","orders.o_w_id","order_line.ol_amount","order_line.ol_w_id","order_line.ol_i_id"],"Inner Unique":true,"Hash Cond":"((orders.o_c_id = customer.c_id) AND (orders.o_w_id = customer.c_w_id) AND (orders.o_d_id = customer.c_d_id))","Shared Hit Blocks":725870,"Shared Read Blocks":0,"Shared Dirtied Blocks":0,"Shared Written Blocks":0,"Local Hit Blocks":0,"Local Read Blocks":0,"Local Dirtied Blocks":0,"Local Written Blocks":0,"Temp Read Blocks":264991,"Temp Written Blocks":264991,"I/O Read Time":0.0,"I/O Write Time":0.0,"Temp I/O Read Time":411.567,"Temp I/O Write Time":1111.467,"Plans":[{"Node Type":"Hash Join","Parent Relationship":"Outer","Parallel Aware":false,"Async Capable":false,"Join Type":"Inner","Startup Cost":153803.65,"Total Cost":2413481.36,"Plan Rows":6161071,"Plan Width":20,"Actual Startup Time":627.888,"Actual Total Time":20259.968,"Actual Rows":8568663,"Actual Loops":1,"Output":["orders.o_c_id","orders.o_w_id","orders.o_d_id","order_line.ol_amount","order_line.ol_w_id","order_line.ol_d_id","order_line.ol_i_id"],"Inner Unique":true,"Hash Cond":"((order_line.ol_w_id = orders.o_w_id) AND (order_line.ol_d_id = orders.o_d_id) AND (order_line.ol_o_id = orders.o_id))","Shared Hit Blocks":725870,"Shared Read Blocks":0,"Shared Dirtied Blocks":0,"Shared Written Blocks":0,"Local Hit Blocks":0,"Local Read Blocks":0,"Local Dirtied Blocks":0,"Local Written Blocks":0,"Temp Read Blocks":200672,"Temp Written Blocks":200672,"I/O Read Time":0.0,"I/O Write Time":0.0,"Temp I/O Read Time":310.735,"Temp I/O Write Time":810.473,"Plans":[{"Node Type":"Seq Scan","Parent Relationship":"Outer","Parallel Aware":false,"Async Capable":false,"Relation Name":"order_line","Schema":"public","Alias":"order_line","Startup Cost":0.0,"Total Cost":1431670.8,"Plan Rows":42039468,"Plan Width":20,"Actual Startup Time":0.006,"Actual Total Time":7320.538,"Actual Rows":42000489,"Actual Loops":1,"Output":["order_line.ol_amount","order_line.ol_o_id","order_line.ol_w_id","order_line.ol_d_id","order_line.ol_i_id"],"Filter":"(order_line.ol_delivery_d >= '1992-01-02 20:10:02.27764'::timestamp without time zone)","Rows Removed by Filter":17993272,"Shared Hit Blocks":681748,"Shared Read Blocks":0,"Shared Dirtied Blocks":0,"Shared Written Blocks":0,"Local Hit Blocks":0,"Local Read Blocks":0,"Local Dirtied Blocks":0,"Local Written Blocks":0,"Temp Read Blocks":0,"Temp Written Blocks":0,"I/O Read Time":0.0,"I/O Write Time":0.0,"Temp I/O Read Time":0.0,"Temp I/O Write Time":0.0},{"Node Type":"Hash","Parent Relationship":"Inner","Parallel Aware":false,"Async Capable":false,"Startup Cost":134121.52,"Total Cost":134121.52,"Plan Rows":879322,"Plan Width":16,"Actual Startup Time":593.864,"Actual Total Time":593.869,"Actual Rows":856801,"Actual Loops":1,"Output":["orders.o_c_id","orders.o_w_id","orders.o_d_id","orders.o_id"],"Hash Buckets":262144,"Original Hash Buckets":262144,"Hash Batches":8,"Original Hash Batches":8,"Peak Memory Usage":7070,"Shared Hit Blocks":44122,"Shared Read Blocks":0,"Shared Dirtied Blocks":0,"Shared Written Blocks":0,"Local Hit Blocks":0,"Local Read Blocks":0,"Local Dirtied Blocks":0,"Local Written Blocks":0,"Temp Read Blocks":0,"Temp Written Blocks":3290,"I/O Read Time":0.0,"I/O Write Time":0.0,"Temp I/O Read Time":0.0,"Temp I/O Write Time":14.898,"Plans":[{"Node Type":"Seq Scan","Parent Relationship":"Outer","Parallel Aware":false,"Async Capable":false,"Relation Name":"orders","Schema":"public","Alias":"orders","Startup Cost":0.0,"Total Cost":134121.52,"Plan Rows":879322,"Plan Width":16,"Actual Startup Time":0.614,"Actual Total Time":446.164,"Actual Rows":856801,"Actual Loops":1,"Output":["orders.o_c_id","orders.o_w_id","orders.o_d_id","orders.o_id"],"Filter":"((orders.o_entry_d >= '1993-01-02 20:10:02.27764'::timestamp without time zone) AND (orders.o_entry_d < '1994-01-02 20:10:02.27764'::timestamp without time zone))","Rows Removed by Filter":5143199,"Shared Hit Blocks":44122,"Shared Read Blocks":0,"Shared Dirtied Blocks":0,"Shared Written Blocks":0,"Local Hit Blocks":0,"Local Read Blocks":0,"Local Dirtied Blocks":0,"Local Written Blocks":0,"Temp Read Blocks":0,"Temp Written Blocks":0,"I/O Read Time":0.0,"I/O Write Time":0.0,"Temp I/O Read Time":0.0,"Temp I/O Write Time":0.0}]}]},{"Node Type":"Hash","Parent Relationship":"Inner","Parallel Aware":false,"Async Capable":false,"Startup Cost":509795.49,"Total Cost":509795.49,"Plan Rows":6000140,"Plan Width":12,"Actual Startup Time":2319.529,"Actual Total Time":2319.536,"Actual Rows":6000000,"Actual Loops":1,"Output":["customer.c_id","customer.c_w_id","customer.c_d_id","customer.c_nationkey"],"Hash Buckets":262144,"Original Hash Buckets":262144,"Hash Batches":64,"Original Hash Batches":64,"Peak Memory Usage":6073,"Shared Hit Blocks":0,"Shared Read Blocks":0,"Shared Dirtied Blocks":0,"Shared Written Blocks":0,"Local Hit Blocks":0,"Local Read Blocks":0,"Local Dirtied Blocks":0,"Local Written Blocks":0,"Temp Read Blocks":0,"Temp Written Blocks":23037,"I/O Read Time":0.0,"I/O Write Time":0.0,"Temp I/O Read Time":0.0,"Temp I/O Write Time":102.069,"Plans":[{"Node Type":"Append","Parent Relationship":"Outer","Parallel Aware":false,"Async Capable":false,"Startup Cost":20.0,"Total Cost":509795.49,"Plan Rows":6000140,"Plan Width":12,"Actual Startup Time":0.033,"Actual Total Time":1312.764,"Actual Rows":6000000,"Actual Loops":1,"Shared Hit Blocks":0,"Shared Read Blocks":0,"Shared Dirtied Blocks":0,"Shared Written Blocks":0,"Local Hit Blocks":0,"Local Read Blocks":0,"Local Dirtied Blocks":0,"Local Written Blocks":0,"Temp Read Blocks":0,"Temp Written Blocks":0,"I/O Read Time":0.0,"I/O Write Time":0.0,"Temp I/O Read Time":0.0,"Temp I/O Write Time":0.0,"Subplans Removed":0,"Plans":[{"Node Type":"Custom Scan","Parent Relationship":"Member","Custom Plan Provider":"columnar scan","Parallel Aware":false,"Async Capable":false,"Relation Name":"customer","Schema":"public","Alias":"customer","Startup Cost":20.0,"Total Cost":141020.06,"Plan Rows":6000000,"Plan Width":12,"Actual Startup Time":0.032,"Actual Total Time":893.605,"Actual Rows":6000000,"Actual Loops":1,"Output":["customer.c_id","customer.c_w_id","customer.c_d_id","customer.c_nationkey"],"Rows Removed by Columnar Filter":0,"Columnar cache search mode":"native","Shared Hit Blocks":0,"Shared Read Blocks":0,"Shared Dirtied Blocks":0,"Shared Written Blocks":0,"Local Hit Blocks":0,"Local Read Blocks":0,"Local Dirtied Blocks":0,"Local Written Blocks":0,"Temp Read Blocks":0,"Temp Written Blocks":0,"I/O Read Time":0.0,"I/O Write Time":0.0,"Temp I/O Read Time":0.0,"Temp I/O Write Time":0.0},{"Node Type":"Seq Scan","Parent Relationship":"Member","Parallel Aware":false,"Async Capable":false,"Relation Name":"customer","Schema":"public","Alias":"customer","Startup Cost":0.0,"Total Cost":5.4,"Plan Rows":140,"Plan Width":12,"Actual Startup Time":0.0,"Actual Total Time":0.0,"Actual Rows":0,"Actual Loops":0,"Output":["customer.c_id","customer.c_w_id","customer.c_d_id","customer.c_nationkey"],"Shared Hit Blocks":0,"Shared Read Blocks":0,"Shared Dirtied Blocks":0,"Shared Written Blocks":0,"Local Hit Blocks":0,"Local Read Blocks":0,"Local Dirtied Blocks":0,"Local Written Blocks":0,"Temp Read Blocks":0,"Temp Written Blocks":0,"I/O Read Time":0.0,"I/O Write Time":0.0,"Temp I/O Read Time":0.0,"Temp I/O Write Time":0.0}]}]}]},{"Node Type":"Hash","Parent Relationship":"Inner","Parallel Aware":false,"Async Capable":false,"Startup Cost":2.99,"Total Cost":2.99,"Plan Rows":12,"Plan Width":12,"Actual Startup Time":0.041,"Actual Total Time":0.046,"Actual Rows":22,"Actual Loops":1,"Output":["nation.n_name","nation.n_nationkey"],"Hash Buckets":1024,"Original Hash Buckets":1024,"Hash Batches":1,"Original Hash Batches":1,"Peak Memory Usage":9,"Shared Hit Blocks":2,"Shared Read Blocks":0,"Shared Dirtied Blocks":0,"Shared Written Blocks":0,"Local Hit Blocks":0,"Local Read Blocks":0,"Local Dirtied Blocks":0,"Local Written Blocks":0,"Temp Read Blocks":0,"Temp Written Blocks":0,"I/O Read Time":0.0,"I/O Write Time":0.0,"Temp I/O Read Time":0.0,"Temp I/O Write Time":0.0,"Plans":[{"Node Type":"Hash Join","Parent Relationship":"Outer","Parallel Aware":false,"Async Capable":false,"Join Type":"Inner","Startup Cost":1.07,"Total Cost":2.99,"Plan Rows":12,"Plan Width":12,"Actual Startup Time":0.024,"Actual Total Time":0.039,"Actual Rows":22,"Actual Loops":1,"Output":["nation.n_name","nation.n_nationkey"],"Inner Unique":true,"Hash Cond":"(nation.n_regionkey = region.r_regionkey)","Shared Hit Blocks":2,"Shared Read Blocks":0,"Shared Dirtied Blocks":0,"Shared Written Blocks":0,"Local Hit Blocks":0,"Local Read Blocks":0,"Local Dirtied Blocks":0,"Local Written Blocks":0,"Temp Read Blocks":0,"Temp Written Blocks":0,"I/O Read Time":0.0,"I/O Write Time":0.0,"Temp I/O Read Time":0.0,"Temp I/O Write Time":0.0,"Plans":[{"Node Type":"Seq Scan","Parent Relationship":"Outer","Parallel Aware":false,"Async Capable":false,"Relation Name":"nation","Schema":"public","Alias":"nation","Startup Cost":0.0,"Total Cost":1.62,"Plan Rows":62,"Plan Width":16,"Actual Startup Time":0.007,"Actual Total Time":0.01,"Actual Rows":62,"Actual Loops":1,"Output":["nation.n_nationkey","nation.n_name","nation.n_regionkey","nation.n_comment"],"Shared Hit Blocks":1,"Shared Read Blocks":0,"Shared Dirtied Blocks":0,"Shared Written Blocks":0,"Local Hit Blocks":0,"Local Read Blocks":0,"Local Dirtied Blocks":0,"Local Written Blocks":0,"Temp Read Blocks":0,"Temp Written Blocks":0,"I/O Read Time":0.0,"I/O Write Time":0.0,"Temp I/O Read Time":0.0,"Temp I/O Write Time":0.0},{"Node Type":"Hash","Parent Relationship":"Inner","Parallel Aware":false,"Async Capable":false,"Startup Cost":1.06,"Total Cost":1.06,"Plan Rows":1,"Plan Width":4,"Actual Startup Time":0.009,"Actual Total Time":0.01,"Actual Rows":1,"Actual Loops":1,"Output":["region.r_regionkey"],"Hash Buckets":1024,"Original Hash Buckets":1024,"Hash Batches":1,"Original Hash Batches":1,"Peak Memory Usage":9,"Shared Hit Blocks":1,"Shared Read Blocks":0,"Shared Dirtied Blocks":0,"Shared Written Blocks":0,"Local Hit Blocks":0,"Local Read Blocks":0,"Local Dirtied Blocks":0,"Local Written Blocks":0,"Temp Read Blocks":0,"Temp Written Blocks":0,"I/O Read Time":0.0,"I/O Write Time":0.0,"Temp I/O Read Time":0.0,"Temp I/O Write Time":0.0,"Plans":[{"Node Type":"Seq Scan","Parent Relationship":"Outer","Parallel Aware":false,"Async Capable":false,"Relation Name":"region","Schema":"public","Alias":"region","Startup Cost":0.0,"Total Cost":1.06,"Plan Rows":1,"Plan Width":4,"Actual Startup Time":0.007,"Actual Total Time":0.007,"Actual Rows":1,"Actual Loops":1,"Output":["region.r_regionkey"],"Filter":"((region.r_name)::text = 'Europe'::text)","Rows Removed by Filter":4,"Shared Hit Blocks":1,"Shared Read Blocks":0,"Shared Dirtied Blocks":0,"Shared Written Blocks":0,"Local Hit Blocks":0,"Local Read Blocks":0,"Local Dirtied Blocks":0,"Local Written Blocks":0,"Temp Read Blocks":0,"Temp Written Blocks":0,"I/O Read Time":0.0,"I/O Write Time":0.0,"Temp I/O Read Time":0.0,"Temp I/O Write Time":0.0}]}]}]}]}]},{"Node Type":"Index Only Scan","Parent Relationship":"Inner","Parallel Aware":false,"Async Capable":false,"Scan Direction":"Forward","Index Name":"stock_pk","Relation Name":"stock","Schema":"public","Alias":"stock","Startup Cost":0.44,"Total Cost":519363.62,"Plan Rows":20000212,"Plan Width":6,"Actual Startup Time":0.052,"Actual Total Time":1405.455,"Actual Rows":19999994,"Actual Loops":1,"Output":["stock.s_w_id","stock.s_i_id"],"Heap Fetches":0,"Shared Hit Blocks":54673,"Shared Read Blocks":0,"Shared Dirtied Blocks":0,"Shared Written Blocks":0,"Local Hit Blocks":0,"Local Read Blocks":0,"Local Dirtied Blocks":0,"Local Written Blocks":0,"Temp Read Blocks":0,"Temp Written Blocks":0,"I/O Read Time":0.0,"I/O Write Time":0.0,"Temp I/O Read Time":0.0,"Temp I/O Write Time":0.0}]},{"Node Type":"Hash","Parent Relationship":"Inner","Parallel Aware":false,"Async Capable":false,"Startup Cost":219.01,"Total Cost":219.01,"Plan Rows":10001,"Plan Width":8,"Actual Startup Time":3.11,"Actual Total Time":3.112,"Actual Rows":10000,"Actual Loops":1,"Output":["supplier.su_suppkey","supplier.su_nationkey"],"Hash Buckets":16384,"Original Hash Buckets":16384,"Hash Batches":1,"Original Hash Batches":1,"Peak Memory Usage":519,"Shared Hit Blocks":0,"Shared Read Blocks":0,"Shared Dirtied Blocks":0,"Shared Written Blocks":0,"Local Hit Blocks":0,"Local Read Blocks":0,"Local Dirtied Blocks":0,"Local Written Blocks":0,"Temp Read Blocks":0,"Temp Written Blocks":0,"I/O Read Time":0.0,"I/O Write Time":0.0,"Temp I/O Read Time":0.0,"Temp I/O Write Time":0.0,"Plans":[{"Node Type":"Append","Parent Relationship":"Outer","Parallel Aware":false,"Async Capable":false,"Startup Cost":20.0,"Total Cost":219.01,"Plan Rows":10001,"Plan Width":8,"Actual Startup Time":0.013,"Actual Total Time":1.822,"Actual Rows":10000,"Actual Loops":1,"Shared Hit Blocks":0,"Shared Read Blocks":0,"Shared Dirtied Blocks":0,"Shared Written Blocks":0,"Local Hit Blocks":0,"Local Read Blocks":0,"Local Dirtied Blocks":0,"Local Written Blocks":0,"Temp Read Blocks":0,"Temp Written Blocks":0,"I/O Read Time":0.0,"I/O Write Time":0.0,"Temp I/O Read Time":0.0,"Temp I/O Write Time":0.0,"Subplans Removed":0,"Plans":[{"Node Type":"Custom Scan","Parent Relationship":"Member","Custom Plan Provider":"columnar scan","Parallel Aware":false,"Async Capable":false,"Relation Name":"supplier","Schema":"public","Alias":"supplier","Startup Cost":20.0,"Total Cost":215.0,"Plan Rows":10000,"Plan Width":8,"Actual Startup Time":0.012,"Actual Total Time":1.094,"Actual Rows":10000,"Actual Loops":1,"Output":["supplier.su_suppkey","supplier.su_nationkey"],"Rows Removed by Columnar Filter":0,"Columnar cache search mode":"native","Shared Hit Blocks":0,"Shared Read Blocks":0,"Shared Dirtied Blocks":0,"Shared Written Blocks":0,"Local Hit Blocks":0,"Local Read Blocks":0,"Local Dirtied Blocks":0,"Local Written Blocks":0,"Temp Read Blocks":0,"Temp Written Blocks":0,"I/O Read Time":0.0,"I/O Write Time":0.0,"Temp I/O Read Time":0.0,"Temp I/O Write Time":0.0},{"Node Type":"Seq Scan","Parent Relationship":"Member","Parallel Aware":false,"Async Capable":false,"Relation Name":"supplier","Schema":"public","Alias":"supplier","Startup Cost":0.0,"Total Cost":4.01,"Plan Rows":1,"Plan Width":8,"Actual Startup Time":0.0,"Actual Total Time":0.0,"Actual Rows":0,"Actual Loops":0,"Output":["supplier.su_suppkey","supplier.su_nationkey"],"Shared Hit Blocks":0,"Shared Read Blocks":0,"Shared Dirtied Blocks":0,"Shared Written Blocks":0,"Local Hit Blocks":0,"Local Read Blocks":0,"Local Dirtied Blocks":0,"Local Written Blocks":0,"Temp Read Blocks":0,"Temp Written Blocks":0,"I/O Read Time":0.0,"I/O Write Time":0.0,"Temp I/O Read Time":0.0,"Temp I/O Write Time":0.0}]}]}]}]}]}]},"Planning":{"Shared Hit Blocks":220,"Shared Read Blocks":0,"Shared Dirtied Blocks":0,"Shared Written Blocks":0,"Local Hit Blocks":0,"Local Read Blocks":0,"Local Dirtied Blocks":0,"Local Written Blocks":0,"Temp Read Blocks":0,"Temp Written Blocks":0,"I/O Read Time":0.0,"I/O Write Time":0.0,"Temp I/O Read Time":0.0,"Temp I/O Write Time":0.0},"Planning Time":5.852,"Triggers":[],"Execution Time":34355.12}]
[列存组合]: customer, order_line, orders, region
[{"Plan":{"Node Type":"Sort","Parallel Aware":false,"Async Capable":false,"Startup Cost":4045478.12,"Total Cost":4045478.27,"Plan Rows":62,"Plan Width":40,"Actual Startup Time":20649.715,"Actual Total Time":20649.751,"Actual Rows":11,"Actual Loops":1,"Output":["nation.n_name","(sum(order_line.ol_amount))"],"Sort Key":["(sum(order_line.ol_amount)) DESC"],"Sort Method":"quicksort","Sort Space Used":25,"Sort Space Type":"Memory","Shared Hit Blocks":54892,"Shared Read Blocks":0,"Shared Dirtied Blocks":0,"Shared Written Blocks":0,"Local Hit Blocks":0,"Local Read Blocks":0,"Local Dirtied Blocks":0,"Local Written Blocks":0,"Temp Read Blocks":131755,"Temp Written Blocks":131809,"I/O Read Time":0.0,"I/O Write Time":0.0,"Temp I/O Read Time":205.233,"Temp I/O Write Time":546.195,"Plans":[{"Node Type":"Aggregate","Strategy":"Sorted","Partial Mode":"Simple","Parent Relationship":"Outer","Parallel Aware":false,"Async Capable":false,"Startup Cost":4045324.48,"Total Cost":4045476.27,"Plan Rows":62,"Plan Width":40,"Actual Startup Time":20643.806,"Actual Total Time":20649.733,"Actual Rows":11,"Actual Loops":1,"Output":["nation.n_name","sum(order_line.ol_amount)"],"Group Key":["nation.n_name"],"Shared Hit Blocks":54892,"Shared Read Blocks":0,"Shared Dirtied Blocks":0,"Shared Written Blocks":0,"Local Hit Blocks":0,"Local Read Blocks":0,"Local Dirtied Blocks":0,"Local Written Blocks":0,"Temp Read Blocks":131755,"Temp Written Blocks":131809,"I/O Read Time":0.0,"I/O Write Time":0.0,"Temp I/O Read Time":205.233,"Temp I/O Write Time":546.195,"Plans":[{"Node Type":"Sort","Parent Relationship":"Outer","Parallel Aware":false,"Async Capable":false,"Startup Cost":4045324.48,"Total Cost":4045374.82,"Plan Rows":20136,"Plan Width":12,"Actual Startup Time":20643.371,"Actual Total Time":20645.183,"Actual Rows":35044,"Actual Loops":1,"Output":["nation.n_name","order_line.ol_amount"],"Sort Key":["nation.n_name"],"Sort Method":"quicksort","Sort Space Used":3146,"Sort Space Type":"Memory","Shared Hit Blocks":54892,"Shared Read Blocks":0,"Shared Dirtied Blocks":0,"Shared Written Blocks":0,"Local Hit Blocks":0,"Local Read Blocks":0,"Local Dirtied Blocks":0,"Local Written Blocks":0,"Temp Read Blocks":131755,"Temp Written Blocks":131809,"I/O Read Time":0.0,"I/O Write Time":0.0,"Temp I/O Read Time":205.233,"Temp I/O Write Time":546.195,"Plans":[{"Node Type":"Hash Join","Parent Relationship":"Outer","Parallel Aware":false,"Async Capable":false,"Join Type":"Inner","Startup Cost":3396017.03,"Total Cost":4043885.01,"Plan Rows":20136,"Plan Width":12,"Actual Startup Time":16740.809,"Actual Total Time":20624.516,"Actual Rows":35044,"Actual Loops":1,"Output":["nation.n_name","order_line.ol_amount"],"Inner Unique":true,"Hash Cond":"((mod((stock.s_w_id * stock.s_i_id), 10000) = supplier.su_suppkey) AND (customer.c_nationkey = supplier.su_nationkey))","Shared Hit Blocks":54892,"Shared Read Blocks":0,"Shared Dirtied Blocks":0,"Shared Written Blocks":0,"Local Hit Blocks":0,"Local Read Blocks":0,"Local Dirtied Blocks":0,"Local Written Blocks":0,"Temp Read Blocks":131755,"Temp Written Blocks":131809,"I/O Read Time":0.0,"I/O Write Time":0.0,"Temp I/O Read Time":205.233,"Temp I/O Write Time":546.195,"Plans":[{"Node Type":"Merge Join","Parent Relationship":"Outer","Parallel Aware":false,"Async Capable":false,"Join Type":"Inner","Startup Cost":3395550.03,"Total Cost":4036583.03,"Plan Rows":1242717,"Plan Width":26,"Actual Startup Time":16737.786,"Actual Total Time":20342.198,"Actual Rows":2218175,"Actual Loops":1,"Output":["customer.c_nationkey","order_line.ol_amount","stock.s_w_id","stock.s_i_id","nation.n_name","nation.n_nationkey"],"Inner Unique":true,"Merge Cond":"((customer.c_w_id = stock.s_w_id) AND (order_line.ol_i_id = stock.s_i_id))","Shared Hit Blocks":54675,"Shared Read Blocks":0,"Shared Dirtied Blocks":0,"Shared Written Blocks":0,"Local Hit Blocks":0,"Local Read Blocks":0,"Local Dirtied Blocks":0,"Local Written Blocks":0,"Temp Read Blocks":131755,"Temp Written Blocks":131809,"I/O Read Time":0.0,"I/O Write Time":0.0,"Temp I/O Read Time":205.233,"Temp I/O Write Time":546.195,"Plans":[{"Node Type":"Sort","Parent Relationship":"Outer","Parallel Aware":false,"Async Capable":false,"Startup Cost":3395549.59,"Total Cost":3398630.13,"Plan Rows":1232214,"Plan Width":30,"Actual Startup Time":16737.726,"Actual Total Time":17333.639,"Actual Rows":2218175,"Actual Loops":1,"Output":["customer.c_w_id","customer.c_nationkey","orders.o_w_id","order_line.ol_amount","order_line.ol_w_id","order_line.ol_i_id","nation.n_name","nation.n_nationkey"],"Sort Key":["customer.c_w_id","order_line.ol_i_id"],"Sort Method":"external merge","Sort Space Used":94520,"Sort Space Type":"Disk","Shared Hit Blocks":2,"Shared Read Blocks":0,"Shared Dirtied Blocks":0,"Shared Written Blocks":0,"Local Hit Blocks":0,"Local Read Blocks":0,"Local Dirtied Blocks":0,"Local Written Blocks":0,"Temp Read Blocks":131755,"Temp Written Blocks":131809,"I/O Read Time":0.0,"I/O Write Time":0.0,"Temp I/O Read Time":205.233,"Temp I/O Write Time":546.195,"Plans":[{"Node Type":"Hash Join","Parent Relationship":"Outer","Parallel Aware":false,"Async Capable":false,"Join Type":"Inner","Startup Cost":795292.92,"Total Cost":3211925.76,"Plan Rows":1232214,"Plan Width":30,"Actual Startup Time":2755.115,"Actual Total Time":14111.283,"Actual Rows":2218175,"Actual Loops":1,"Output":["customer.c_w_id","customer.c_nationkey","orders.o_w_id","order_line.ol_amount","order_line.ol_w_id","order_line.ol_i_id","nation.n_name","nation.n_nationkey"],"Inner Unique":false,"Hash Cond":"(customer.c_nationkey = nation.n_nationkey)","Shared Hit Blocks":2,"Shared Read Blocks":0,"Shared Dirtied Blocks":0,"Shared Written Blocks":0,"Local Hit Blocks":0,"Local Read Blocks":0,"Local Dirtied Blocks":0,"Local Written Blocks":0,"Temp Read Blocks":108135,"Temp Written Blocks":108135,"I/O Read Time":0.0,"I/O Write Time":0.0,"Temp I/O Read Time":171.034,"Temp I/O Write Time":483.978,"Plans":[{"Node Type":"Hash Join","Parent Relationship":"Outer","Parallel Aware":false,"Async Capable":false,"Join Type":"Inner","Startup Cost":795289.78,"Total Cost":3176893.95,"Plan Rows":6161071,"Plan Width":18,"Actual Startup Time":2748.464,"Actual Total Time":13278.978,"Actual Rows":8568663,"Actual Loops":1,"Output":["customer.c_w_id","customer.c_nationkey","orders.o_w_id","order_line.ol_amount","order_line.ol_w_id","order_line.ol_i_id"],"Inner Unique":true,"Hash Cond":"((orders.o_c_id = customer.c_id) AND (orders.o_w_id = customer.c_w_id) AND (orders.o_d_id = customer.c_d_id))","Shared Hit Blocks":0,"Shared Read Blocks":0,"Shared Dirtied Blocks":0,"Shared Written Blocks":0,"Local Hit Blocks":0,"Local Read Blocks":0,"Local Dirtied Blocks":0,"Local Written Blocks":0,"Temp Read Blocks":108135,"Temp Written Blocks":108135,"I/O Read Time":0.0,"I/O Write Time":0.0,"Temp I/O Read Time":171.034,"Temp I/O Write Time":483.978,"Plans":[{"Node Type":"Hash Join","Parent Relationship":"Outer","Parallel Aware":false,"Async Capable":false,"Join Type":"Inner","Startup Cost":151193.84,"Total Cost":2382779.57,"Plan Rows":6161071,"Plan Width":20,"Actual Startup Time":413.336,"Actual Total Time":6665.268,"Actual Rows":8568663,"Actual Loops":1,"Output":["orders.o_c_id","orders.o_w_id","orders.o_d_id","order_line.ol_amount","order_line.ol_w_id","order_line.ol_d_id","order_line.ol_i_id"],"Inner Unique":true,"Hash Cond":"((order_line.ol_w_id = orders.o_w_id) AND (order_line.ol_d_id = orders.o_d_id) AND (order_line.ol_o_id = orders.o_id))","Shared Hit Blocks":0,"Shared Read Blocks":0,"Shared Dirtied Blocks":0,"Shared Written Blocks":0,"Local Hit Blocks":0,"Local Read Blocks":0,"Local Dirtied Blocks":0,"Local Written Blocks":0,"Temp Read Blocks":43816,"Temp Written Blocks":43816,"I/O Read Time":0.0,"I/O Write Time":0.0,"Temp I/O Read Time":70.308,"Temp I/O Write Time":188.537,"Plans":[{"Node Type":"Append","Parent Relationship":"Outer","Parallel Aware":false,"Async Capable":false,"Startup Cost":20.0,"Total Cost":1403598.82,"Plan Rows":42039468,"Plan Width":20,"Actual Startup Time":1.429,"Actual Total Time":2583.457,"Actual Rows":8620885,"Actual Loops":1,"Shared Hit Blocks":0,"Shared Read Blocks":0,"Shared Dirtied Blocks":0,"Shared Written Blocks":0,"Local Hit Blocks":0,"Local Read Blocks":0,"Local Dirtied Blocks":0,"Local Written Blocks":0,"Temp Read Blocks":0,"Temp Written Blocks":0,"I/O Read Time":0.0,"I/O Write Time":0.0,"Temp I/O Read Time":0.0,"Temp I/O Write Time":0.0,"Subplans Removed":0,"Plans":[{"Node Type":"Custom Scan","Parent Relationship":"Member","Custom Plan Provider":"columnar scan","Parallel Aware":false,"Async Capable":false,"Relation Name":"order_line","Schema":"public","Alias":"order_line","Startup Cost":20.0,"Total Cost":1072026.23,"Plan Rows":42039424,"Plan Width":20,"Actual Startup Time":1.427,"Actual Total Time":1982.976,"Actual Rows":8620885,"Actual Loops":1,"Output":["order_line.ol_amount","order_line.ol_o_id","order_line.ol_w_id","order_line.ol_d_id","order_line.ol_i_id"],"Filter":"(order_line.ol_delivery_d >= '1992-01-02 20:10:02.27764'::timestamp without time zone)","Rows Removed by Filter":0,"Rows Removed by Columnar Filter":51372876,"Rows Filtered by Bloom Filter":0,"Dictionary Rows Filtered by Bloom Filter":51372876,"Columnar cache search mode":"native","Shared Hit Blocks":0,"Shared Read Blocks":0,"Shared Dirtied Blocks":0,"Shared Written Blocks":0,"Local Hit Blocks":0,"Local Read Blocks":0,"Local Dirtied Blocks":0,"Local Written Blocks":0,"Temp Read Blocks":0,"Temp Written Blocks":0,"I/O Read Time":0.0,"I/O Write Time":0.0,"Temp I/O Read Time":0.0,"Temp I/O Write Time":0.0},{"Node Type":"Seq Scan","Parent Relationship":"Member","Parallel Aware":false,"Async Capable":false,"Relation Name":"order_line","Schema":"public","Alias":"order_line","Startup Cost":0.0,"Total Cost":4.79,"Plan Rows":44,"Plan Width":20,"Actual Startup Time":0.0,"Actual Total Time":0.0,"Actual Rows":0,"Actual Loops":0,"Output":["order_line.ol_amount","order_line.ol_o_id","order_line.ol_w_id","order_line.ol_d_id","order_line.ol_i_id"],"Filter":"(order_line.ol_delivery_d >= '1992-01-02 20:10:02.27764'::timestamp without time zone)","Rows Removed by Filter":0,"Shared Hit Blocks":0,"Shared Read Blocks":0,"Shared Dirtied Blocks":0,"Shared Written Blocks":0,"Local Hit Blocks":0,"Local Read Blocks":0,"Local Dirtied Blocks":0,"Local Written Blocks":0,"Temp Read Blocks":0,"Temp Written Blocks":0,"I/O Read Time":0.0,"I/O Write Time":0.0,"Temp I/O Read Time":0.0,"Temp I/O Write Time":0.0}]},{"Node Type":"Hash","Parent Relationship":"Inner","Parallel Aware":false,"Async Capable":false,"Startup Cost":131491.69,"Total Cost":131491.69,"Plan Rows":879323,"Plan Width":16,"Actual Startup Time":410.634,"Actual Total Time":410.641,"Actual Rows":856801,"Actual Loops":1,"Output":["orders.o_c_id","orders.o_w_id","orders.o_d_id","orders.o_id"],"Hash Buckets":262144,"Original Hash Buckets":262144,"Hash Batches":8,"Original Hash Batches":8,"Peak Memory Usage":7070,"Shared Hit Blocks":0,"Shared Read Blocks":0,"Shared Dirtied Blocks":0,"Shared Written Blocks":0,"Local Hit Blocks":0,"Local Read Blocks":0,"Local Dirtied Blocks":0,"Local Written Blocks":0,"Temp Read Blocks":0,"Temp Written Blocks":3290,"I/O Read Time":0.0,"I/O Write Time":0.0,"Temp I/O Read Time":0.0,"Temp I/O Write Time":14.154,"Plans":[{"Node Type":"Append","Parent Relationship":"Outer","Parallel Aware":false,"Async Capable":false,"Startup Cost":20.0,"Total Cost":131491.69,"Plan Rows":879323,"Plan Width":16,"Actual Startup Time":0.488,"Actual Total Time":209.513,"Actual Rows":856801,"Actual Loops":1,"Shared Hit Blocks":0,"Shared Read Blocks":0,"Shared Dirtied Blocks":0,"Shared Written Blocks":0,"Local Hit Blocks":0,"Local Read Blocks":0,"Local Dirtied Blocks":0,"Local Written Blocks":0,"Temp Read Blocks":0,"Temp Written Blocks":0,"I/O Read Time":0.0,"I/O Write Time":0.0,"Temp I/O Read Time":0.0,"Temp I/O Write Time":0.0,"Subplans Removed":0,"Plans":[{"Node Type":"Custom Scan","Parent Relationship":"Member","Custom Plan Provider":"columnar scan","Parallel Aware":false,"Async Capable":false,"Relation Name":"orders","Schema":"public","Alias":"orders","Startup Cost":20.0,"Total Cost":20684.21,"Plan Rows":879322,"Plan Width":16,"Actual Startup Time":0.486,"Actual Total Time":146.317,"Actual Rows":856801,"Actual Loops":1,"Output":["orders.o_c_id","orders.o_w_id","orders.o_d_id","orders.o_id"],"Filter":"((orders.o_entry_d < '1994-01-02 20:10:02.27764'::timestamp without time zone) AND (orders.o_entry_d >= '1993-01-02 20:10:02.27764'::timestamp without time zone))","Rows Removed by Filter":0,"Rows Removed by Columnar Filter":5143199,"Columnar cache search mode":"native","Shared Hit Blocks":0,"Shared Read Blocks":0,"Shared Dirtied Blocks":0,"Shared Written Blocks":0,"Local Hit Blocks":0,"Local Read Blocks":0,"Local Dirtied Blocks":0,"Local Written Blocks":0,"Temp Read Blocks":0,"Temp Written Blocks":0,"I/O Read Time":0.0,"I/O Write Time":0.0,"Temp I/O Read Time":0.0,"Temp I/O Write Time":0.0},{"Node Type":"Seq Scan","Parent Relationship":"Member","Parallel Aware":false,"Async Capable":false,"Relation Name":"orders","Schema":"public","Alias":"orders","Startup Cost":0.0,"Total Cost":4.01,"Plan Rows":1,"Plan Width":16,"Actual Startup Time":0.0,"Actual Total Time":0.0,"Actual Rows":0,"Actual Loops":0,"Output":["orders.o_c_id","orders.o_w_id","orders.o_d_id","orders.o_id"],"Filter":"((orders.o_entry_d < '1994-01-02 20:10:02.27764'::timestamp without time zone) AND (orders.o_entry_d >= '1993-01-02 20:10:02.27764'::timestamp without time zone))","Rows Removed by Filter":0,"Shared Hit Blocks":0,"Shared Read Blocks":0,"Shared Dirtied Blocks":0,"Shared Written Blocks":0,"Local Hit Blocks":0,"Local Read Blocks":0,"Local Dirtied Blocks":0,"Local Written Blocks":0,"Temp Read Blocks":0,"Temp Written Blocks":0,"I/O Read Time":0.0,"I/O Write Time":0.0,"Temp I/O Read Time":0.0,"Temp I/O Write Time":0.0}]}]}]},{"Node Type":"Hash","Parent Relationship":"Inner","Parallel Aware":false,"Async Capable":false,"Startup Cost":509795.49,"Total Cost":509795.49,"Plan Rows":6000140,"Plan Width":12,"Actual Startup Time":2329.0,"Actual Total Time":2329.004,"Actual Rows":6000000,"Actual Loops":1,"Output":["customer.c_id","customer.c_w_id","customer.c_d_id","customer.c_nationkey"],"Hash Buckets":262144,"Original Hash Buckets":262144,"Hash Batches":64,"Original Hash Batches":64,"Peak Memory Usage":6073,"Shared Hit Blocks":0,"Shared Read Blocks":0,"Shared Dirtied Blocks":0,"Shared Written Blocks":0,"Local Hit Blocks":0,"Local Read Blocks":0,"Local Dirtied Blocks":0,"Local Written Blocks":0,"Temp Read Blocks":0,"Temp Written Blocks":23037,"I/O Read Time":0.0,"I/O Write Time":0.0,"Temp I/O Read Time":0.0,"Temp I/O Write Time":102.786,"Plans":[{"Node Type":"Append","Parent Relationship":"Outer","Parallel Aware":false,"Async Capable":false,"Startup Cost":20.0,"Total Cost":509795.49,"Plan Rows":6000140,"Plan Width":12,"Actual Startup Time":0.013,"Actual Total Time":1314.754,"Actual Rows":6000000,"Actual Loops":1,"Shared Hit Blocks":0,"Shared Read Blocks":0,"Shared Dirtied Blocks":0,"Shared Written Blocks":0,"Local Hit Blocks":0,"Local Read Blocks":0,"Local Dirtied Blocks":0,"Local Written Blocks":0,"Temp Read Blocks":0,"Temp Written Blocks":0,"I/O Read Time":0.0,"I/O Write Time":0.0,"Temp I/O Read Time":0.0,"Temp I/O Write Time":0.0,"Subplans Removed":0,"Plans":[{"Node Type":"Custom Scan","Parent Relationship":"Member","Custom Plan Provider":"columnar scan","Parallel Aware":false,"Async Capable":false,"Relation Name":"customer","Schema":"public","Alias":"customer","Startup Cost":20.0,"Total Cost":141020.06,"Plan Rows":6000000,"Plan Width":12,"Actual Startup Time":0.012,"Actual Total Time":896.233,"Actual Rows":6000000,"Actual Loops":1,"Output":["customer.c_id","customer.c_w_id","customer.c_d_id","customer.c_nationkey"],"Rows Removed by Columnar Filter":0,"Columnar cache search mode":"native","Shared Hit Blocks":0,"Shared Read Blocks":0,"Shared Dirtied Blocks":0,"Shared Written Blocks":0,"Local Hit Blocks":0,"Local Read Blocks":0,"Local Dirtied Blocks":0,"Local Written Blocks":0,"Temp Read Blocks":0,"Temp Written Blocks":0,"I/O Read Time":0.0,"I/O Write Time":0.0,"Temp I/O Read Time":0.0,"Temp I/O Write Time":0.0},{"Node Type":"Seq Scan","Parent Relationship":"Member","Parallel Aware":false,"Async Capable":false,"Relation Name":"customer","Schema":"public","Alias":"customer","Startup Cost":0.0,"Total Cost":5.4,"Plan Rows":140,"Plan Width":12,"Actual Startup Time":0.0,"Actual Total Time":0.0,"Actual Rows":0,"Actual Loops":0,"Output":["customer.c_id","customer.c_w_id","customer.c_d_id","customer.c_nationkey"],"Shared Hit Blocks":0,"Shared Read Blocks":0,"Shared Dirtied Blocks":0,"Shared Written Blocks":0,"Local Hit Blocks":0,"Local Read Blocks":0,"Local Dirtied Blocks":0,"Local Written Blocks":0,"Temp Read Blocks":0,"Temp Written Blocks":0,"I/O Read Time":0.0,"I/O Write Time":0.0,"Temp I/O Read Time":0.0,"Temp I/O Write Time":0.0}]}]}]},{"Node Type":"Hash","Parent Relationship":"Inner","Parallel Aware":false,"Async Capable":false,"Startup Cost":2.99,"Total Cost":2.99,"Plan Rows":12,"Plan Width":12,"Actual Startup Time":0.041,"Actual Total Time":0.046,"Actual Rows":22,"Actual Loops":1,"Output":["nation.n_name","nation.n_nationkey"],"Hash Buckets":1024,"Original Hash Buckets":1024,"Hash Batches":1,"Original Hash Batches":1,"Peak Memory Usage":9,"Shared Hit Blocks":2,"Shared Read Blocks":0,"Shared Dirtied Blocks":0,"Shared Written Blocks":0,"Local Hit Blocks":0,"Local Read Blocks":0,"Local Dirtied Blocks":0,"Local Written Blocks":0,"Temp Read Blocks":0,"Temp Written Blocks":0,"I/O Read Time":0.0,"I/O Write Time":0.0,"Temp I/O Read Time":0.0,"Temp I/O Write Time":0.0,"Plans":[{"Node Type":"Hash Join","Parent Relationship":"Outer","Parallel Aware":false,"Async Capable":false,"Join Type":"Inner","Startup Cost":1.07,"Total Cost":2.99,"Plan Rows":12,"Plan Width":12,"Actual Startup Time":0.024,"Actual Total Time":0.04,"Actual Rows":22,"Actual Loops":1,"Output":["nation.n_name","nation.n_nationkey"],"Inner Unique":true,"Hash Cond":"(nation.n_regionkey = region.r_regionkey)","Shared Hit Blocks":2,"Shared Read Blocks":0,"Shared Dirtied Blocks":0,"Shared Written Blocks":0,"Local Hit Blocks":0,"Local Read Blocks":0,"Local Dirtied Blocks":0,"Local Written Blocks":0,"Temp Read Blocks":0,"Temp Written Blocks":0,"I/O Read Time":0.0,"I/O Write Time":0.0,"Temp I/O Read Time":0.0,"Temp I/O Write Time":0.0,"Plans":[{"Node Type":"Seq Scan","Parent Relationship":"Outer","Parallel Aware":false,"Async Capable":false,"Relation Name":"nation","Schema":"public","Alias":"nation","Startup Cost":0.0,"Total Cost":1.62,"Plan Rows":62,"Plan Width":16,"Actual Startup Time":0.005,"Actual Total Time":0.009,"Actual Rows":62,"Actual Loops":1,"Output":["nation.n_nationkey","nation.n_name","nation.n_regionkey","nation.n_comment"],"Shared Hit Blocks":1,"Shared Read Blocks":0,"Shared Dirtied Blocks":0,"Shared Written Blocks":0,"Local Hit Blocks":0,"Local Read Blocks":0,"Local Dirtied Blocks":0,"Local Written Blocks":0,"Temp Read Blocks":0,"Temp Written Blocks":0,"I/O Read Time":0.0,"I/O Write Time":0.0,"Temp I/O Read Time":0.0,"Temp I/O Write Time":0.0},{"Node Type":"Hash","Parent Relationship":"Inner","Parallel Aware":false,"Async Capable":false,"Startup Cost":1.06,"Total Cost":1.06,"Plan Rows":1,"Plan Width":4,"Actual Startup Time":0.008,"Actual Total Time":0.01,"Actual Rows":1,"Actual Loops":1,"Output":["region.r_regionkey"],"Hash Buckets":1024,"Original Hash Buckets":1024,"Hash Batches":1,"Original Hash Batches":1,"Peak Memory Usage":9,"Shared Hit Blocks":1,"Shared Read Blocks":0,"Shared Dirtied Blocks":0,"Shared Written Blocks":0,"Local Hit Blocks":0,"Local Read Blocks":0,"Local Dirtied Blocks":0,"Local Written Blocks":0,"Temp Read Blocks":0,"Temp Written Blocks":0,"I/O Read Time":0.0,"I/O Write Time":0.0,"Temp I/O Read Time":0.0,"Temp I/O Write Time":0.0,"Plans":[{"Node Type":"Seq Scan","Parent Relationship":"Outer","Parallel Aware":false,"Async Capable":false,"Relation Name":"region","Schema":"public","Alias":"region","Startup Cost":0.0,"Total Cost":1.06,"Plan Rows":1,"Plan Width":4,"Actual Startup Time":0.006,"Actual Total Time":0.007,"Actual Rows":1,"Actual Loops":1,"Output":["region.r_regionkey"],"Filter":"((region.r_name)::text = 'Europe'::text)","Rows Removed by Filter":4,"Shared Hit Blocks":1,"Shared Read Blocks":0,"Shared Dirtied Blocks":0,"Shared Written Blocks":0,"Local Hit Blocks":0,"Local Read Blocks":0,"Local Dirtied Blocks":0,"Local Written Blocks":0,"Temp Read Blocks":0,"Temp Written Blocks":0,"I/O Read Time":0.0,"I/O Write Time":0.0,"Temp I/O Read Time":0.0,"Temp I/O Write Time":0.0}]}]}]}]}]},{"Node Type":"Index Only Scan","Parent Relationship":"Inner","Parallel Aware":false,"Async Capable":false,"Scan Direction":"Forward","Index Name":"stock_pk","Relation Name":"stock","Schema":"public","Alias":"stock","Startup Cost":0.44,"Total Cost":519363.62,"Plan Rows":20000212,"Plan Width":6,"Actual Startup Time":0.044,"Actual Total Time":1394.402,"Actual Rows":19999994,"Actual Loops":1,"Output":["stock.s_w_id","stock.s_i_id"],"Heap Fetches":0,"Shared Hit Blocks":54673,"Shared Read Blocks":0,"Shared Dirtied Blocks":0,"Shared Written Blocks":0,"Local Hit Blocks":0,"Local Read Blocks":0,"Local Dirtied Blocks":0,"Local Written Blocks":0,"Temp Read Blocks":0,"Temp Written Blocks":0,"I/O Read Time":0.0,"I/O Write Time":0.0,"Temp I/O Read Time":0.0,"Temp I/O Write Time":0.0}]},{"Node Type":"Hash","Parent Relationship":"Inner","Parallel Aware":false,"Async Capable":false,"Startup Cost":317.0,"Total Cost":317.0,"Plan Rows":10000,"Plan Width":8,"Actual Startup Time":2.59,"Actual Total Time":2.591,"Actual Rows":10000,"Actual Loops":1,"Output":["supplier.su_suppkey","supplier.su_nationkey"],"Hash Buckets":16384,"Original Hash Buckets":16384,"Hash Batches":1,"Original Hash Batches":1,"Peak Memory Usage":519,"Shared Hit Blocks":217,"Shared Read Blocks":0,"Shared Dirtied Blocks":0,"Shared Written Blocks":0,"Local Hit Blocks":0,"Local Read Blocks":0,"Local Dirtied Blocks":0,"Local Written Blocks":0,"Temp Read Blocks":0,"Temp Written Blocks":0,"I/O Read Time":0.0,"I/O Write Time":0.0,"Temp I/O Read Time":0.0,"Temp I/O Write Time":0.0,"Plans":[{"Node Type":"Seq Scan","Parent Relationship":"Outer","Parallel Aware":false,"Async Capable":false,"Relation Name":"supplier","Schema":"public","Alias":"supplier","Startup Cost":0.0,"Total Cost":317.0,"Plan Rows":10000,"Plan Width":8,"Actual Startup Time":0.01,"Actual Total Time":1.294,"Actual Rows":10000,"Actual Loops":1,"Output":["supplier.su_suppkey","supplier.su_nationkey"],"Shared Hit Blocks":217,"Shared Read Blocks":0,"Shared Dirtied Blocks":0,"Shared Written Blocks":0,"Local Hit Blocks":0,"Local Read Blocks":0,"Local Dirtied Blocks":0,"Local Written Blocks":0,"Temp Read Blocks":0,"Temp Written Blocks":0,"I/O Read Time":0.0,"I/O Write Time":0.0,"Temp I/O Read Time":0.0,"Temp I/O Write Time":0.0}]}]}]}]}]},"Planning":{"Shared Hit Blocks":220,"Shared Read Blocks":0,"Shared Dirtied Blocks":0,"Shared Written Blocks":0,"Local Hit Blocks":0,"Local Read Blocks":0,"Local Dirtied Blocks":0,"Local Written Blocks":0,"Temp Read Blocks":0,"Temp Written Blocks":0,"I/O Read Time":0.0,"I/O Write Time":0.0,"Temp I/O Read Time":0.0,"Temp I/O Write Time":0.0},"Planning Time":6.024,"Triggers":[],"Execution Time":20673.685}]
[列存组合]: customer, order_line, orders, stock
[{"Plan":{"Node Type":"Sort","Parallel Aware":false,"Async Capable":false,"Startup Cost":2388894.7,"Total Cost":2388894.85,"Plan Rows":62,"Plan Width":40,"Actual Startup Time":10807.786,"Actual Total Time":10807.826,"Actual Rows":11,"Actual Loops":1,"Output":["nation.n_name","(sum(order_line.ol_amount))"],"Sort Key":["(sum(order_line.ol_amount)) DESC"],"Sort Method":"quicksort","Sort Space Used":25,"Sort Space Type":"Memory","Shared Hit Blocks":219,"Shared Read Blocks":0,"Shared Dirtied Blocks":0,"Shared Written Blocks":0,"Local Hit Blocks":0,"Local Read Blocks":0,"Local Dirtied Blocks":0,"Local Written Blocks":0,"Temp Read Blocks":67001,"Temp Written Blocks":67001,"I/O Read Time":0.0,"I/O Write Time":0.0,"Temp I/O Read Time":104.631,"Temp I/O Write Time":311.003,"Plans":[{"Node Type":"Aggregate","Strategy":"Sorted","Partial Mode":"Simple","Parent Relationship":"Outer","Parallel Aware":false,"Async Capable":false,"Startup Cost":2388741.06,"Total Cost":2388892.85,"Plan Rows":62,"Plan Width":40,"Actual Startup Time":10801.224,"Actual Total Time":10807.807,"Actual Rows":11,"Actual Loops":1,"Output":["nation.n_name","sum(order_line.ol_amount)"],"Group Key":["nation.n_name"],"Shared Hit Blocks":219,"Shared Read Blocks":0,"Shared Dirtied Blocks":0,"Shared Written Blocks":0,"Local Hit Blocks":0,"Local Read Blocks":0,"Local Dirtied Blocks":0,"Local Written Blocks":0,"Temp Read Blocks":67001,"Temp Written Blocks":67001,"I/O Read Time":0.0,"I/O Write Time":0.0,"Temp I/O Read Time":104.631,"Temp I/O Write Time":311.003,"Plans":[{"Node Type":"Sort","Parent Relationship":"Outer","Parallel Aware":false,"Async Capable":false,"Startup Cost":2388741.06,"Total Cost":2388791.4,"Plan Rows":20136,"Plan Width":12,"Actual Startup Time":10800.768,"Actual Total Time":10802.995,"Actual Rows":35044,"Actual Loops":1,"Output":["nation.n_name","order_line.ol_amount"],"Sort Key":["nation.n_name"],"Sort Method":"quicksort","Sort Space Used":3146,"Sort Space Type":"Memory","Shared Hit Blocks":219,"Shared Read Blocks":0,"Shared Dirtied Blocks":0,"Shared Written Blocks":0,"Local Hit Blocks":0,"Local Read Blocks":0,"Local Dirtied Blocks":0,"Local Written Blocks":0,"Temp Read Blocks":67001,"Temp Written Blocks":67001,"I/O Read Time":0.0,"I/O Write Time":0.0,"Temp I/O Read Time":104.631,"Temp I/O Write Time":311.003,"Plans":[{"Node Type":"Hash Join","Parent Relationship":"Outer","Parallel Aware":false,"Async Capable":false,"Join Type":"Inner","Startup Cost":869292.71,"Total Cost":2387301.59,"Plan Rows":20136,"Plan Width":12,"Actual Startup Time":4115.163,"Actual Total Time":10783.818,"Actual Rows":35044,"Actual Loops":1,"Output":["nation.n_name","order_line.ol_amount"],"Hash Cond":"((orders.o_c_id = customer.c_id) AND (orders.o_w_id = customer.c_w_id) AND (orders.o_d_id = customer.c_d_id) AND (supplier.su_nationkey = customer.c_nationkey))","Shared Hit Blocks":219,"Shared Read Blocks":0,"Shared Dirtied Blocks":0,"Shared Written Blocks":0,"Local Hit Blocks":0,"Local Read Blocks":0,"Local Dirtied Blocks":0,"Local Written Blocks":0,"Temp Read Blocks":67001,"Temp Written Blocks":67001,"I/O Read Time":0.0,"I/O Write Time":0.0,"Temp I/O Read Time":104.631,"Temp I/O Write Time":311.003,"Plans":[{"Node Type":"Hash Join","Parent Relationship":"Outer","Parallel Aware":false,"Async Capable":false,"Join Type":"Inner","Startup Cost":210196.42,"Total Cost":1666455.07,"Plan Rows":1242117,"Plan Width":34,"Actual Startup Time":1614.709,"Actual Total Time":6763.483,"Actual Rows":2982388,"Actual Loops":1,"Output":["orders.o_c_id","orders.o_w_id","orders.o_d_id","order_line.ol_amount","order_line.ol_w_id","order_line.ol_d_id","stock.s_w_id","supplier.su_nationkey","nation.n_name","nation.n_nationkey"],"Hash Cond":"((order_line.ol_w_id = orders.o_w_id) AND (order_line.ol_d_id = orders.o_d_id) AND (order_line.ol_o_id = orders.o_id))","Shared Hit Blocks":219,"Shared Read Blocks":0,"Shared Dirtied Blocks":0,"Shared Written Blocks":0,"Local Hit Blocks":0,"Local Read Blocks":0,"Local Dirtied Blocks":0,"Local Written Blocks":0,"Temp Read Blocks":23127,"Temp Written Blocks":23127,"I/O Read Time":0.0,"I/O Write Time":0.0,"Temp I/O Read Time":36.344,"Temp I/O Write Time":107.809,"Plans":[{"Node Type":"Hash Join","Parent Relationship":"Outer","Parallel Aware":false,"Async Capable":false,"Join Type":"Inner","Startup Cost":59022.58,"Total Cost":1311993.18,"Plan Rows":8467814,"Plan Width":34,"Actual Startup Time":1203.319,"Actual Total Time":4766.641,"Actual Rows":3000322,"Actual Loops":1,"Output":["order_line.ol_amount","order_line.ol_o_id","order_line.ol_w_id","order_line.ol_d_id","stock.s_w_id","supplier.su_nationkey","nation.n_name","nation.n_nationkey"],"Hash Cond":"(mod((stock.s_w_id * stock.s_i_id), 10000) = supplier.su_suppkey)","Shared Hit Blocks":219,"Shared Read Blocks":0,"Shared Dirtied Blocks":0,"Shared Written Blocks":0,"Local Hit Blocks":0,"Local Read Blocks":0,"Local Dirtied Blocks":0,"Local Written Blocks":0,"Temp Read Blocks":0,"Temp Written Blocks":0,"I/O Read Time":0.0,"I/O Write Time":0.0,"Temp I/O Read Time":0.0,"Temp I/O Write Time":0.0,"Plans":[{"Node Type":"Hash Join","Parent Relationship":"Outer","Parallel Aware":false,"Async Capable":false,"Join Type":"Inner","Startup Cost":58620.59,"Total Cost":962293.85,"Plan Rows":42339072,"Plan Width":22,"Actual Startup Time":1200.464,"Actual Total Time":3360.024,"Actual Rows":8620885,"Actual Loops":1,"Output":["order_line.ol_amount","order_line.ol_o_id","order_line.ol_w_id","order_line.ol_d_id","stock.s_w_id","stock.s_i_id"],"Hash Cond":"((order_line.ol_w_id = stock.s_w_id) AND (order_line.ol_i_id = stock.s_i_id))","Rows Removed by Bloom Filter":0,"Shared Hit Blocks":0,"Shared Read Blocks":0,"Shared Dirtied Blocks":0,"Shared Written Blocks":0,"Local Hit Blocks":0,"Local Read Blocks":0,"Local Dirtied Blocks":0,"Local Written Blocks":0,"Temp Read Blocks":0,"Temp Written Blocks":0,"I/O Read Time":0.0,"I/O Write Time":0.0,"Temp I/O Read Time":0.0,"Temp I/O Write Time":0.0,"Plans":[{"Node Type":"Append","Parent Relationship":"Outer","Parallel Aware":false,"Async Capable":false,"Startup Cost":20.0,"Total Cost":1072031.01,"Plan Rows":42039468,"Plan Width":20,"Actual Startup Time":245.615,"Actual Total Time":245.627,"Actual Rows":8620885,"Actual Loops":1,"Shared Hit Blocks":0,"Shared Read Blocks":0,"Shared Dirtied Blocks":0,"Shared Written Blocks":0,"Local Hit Blocks":0,"Local Read Blocks":0,"Local Dirtied Blocks":0,"Local Written Blocks":0,"Temp Read Blocks":0,"Temp Written Blocks":0,"I/O Read Time":0.0,"I/O Write Time":0.0,"Temp I/O Read Time":0.0,"Temp I/O Write Time":0.0,"Subplans Removed":0,"Plans":[{"Node Type":"Custom Scan","Parent Relationship":"Member","Custom Plan Provider":"columnar scan","Parallel Aware":false,"Async Capable":false,"Relation Name":"order_line","Schema":"public","Alias":"order_line","Startup Cost":20.0,"Total Cost":1072026.23,"Plan Rows":42039424,"Plan Width":20,"Actual Startup Time":245.613,"Actual Total Time":245.615,"Actual Rows":8620885,"Actual Loops":1,"Output":["order_line.ol_amount","order_line.ol_o_id","order_line.ol_w_id","order_line.ol_d_id","order_line.ol_i_id"],"Filter":"(order_line.ol_delivery_d >= '1992-01-02 20:10:02.27764'::timestamp without time zone)","Rows Removed by Filter":0,"Rows Removed by Columnar Filter":51372876,"Rows Filtered by Bloom Filter":0,"Dictionary Rows Filtered by Bloom Filter":51372876,"Columnar cache search mode":"native","Shared Hit Blocks":0,"Shared Read Blocks":0,"Shared Dirtied Blocks":0,"Shared Written Blocks":0,"Local Hit Blocks":0,"Local Read Blocks":0,"Local Dirtied Blocks":0,"Local Written Blocks":0,"Temp Read Blocks":0,"Temp Written Blocks":0,"I/O Read Time":0.0,"I/O Write Time":0.0,"Temp I/O Read Time":0.0,"Temp I/O Write Time":0.0},{"Node Type":"Seq Scan","Parent Relationship":"Member","Parallel Aware":false,"Async Capable":false,"Relation Name":"order_line","Schema":"public","Alias":"order_line","Startup Cost":0.0,"Total Cost":4.79,"Plan Rows":44,"Plan Width":20,"Actual Startup Time":0.0,"Actual Total Time":0.0,"Actual Rows":0,"Actual Loops":0,"Output":["order_line.ol_amount","order_line.ol_o_id","order_line.ol_w_id","order_line.ol_d_id","order_line.ol_i_id"],"Filter":"(order_line.ol_delivery_d >= '1992-01-02 20:10:02.27764'::timestamp without time zone)","Rows Removed by Filter":0,"Shared Hit Blocks":0,"Shared Read Blocks":0,"Shared Dirtied Blocks":0,"Shared Written Blocks":0,"Local Hit Blocks":0,"Local Read Blocks":0,"Local Dirtied Blocks":0,"Local Written Blocks":0,"Temp Read Blocks":0,"Temp Written Blocks":0,"I/O Read Time":0.0,"I/O Write Time":0.0,"Temp I/O Read Time":0.0,"Temp I/O Write Time":0.0}]},{"Node Type":"Hash","Parent Relationship":"Inner","Parallel Aware":false,"Async Capable":false,"Startup Cost":390026.22,"Total Cost":390026.22,"Plan Rows":20000212,"Plan Width":6,"Actual Rows":20000000,"Actual Loops":1,"Output":["stock.s_w_id","stock.s_i_id"],"Shared Hit Blocks":0,"Shared Read Blocks":0,"Shared Dirtied Blocks":0,"Shared Written Blocks":0,"Local Hit Blocks":0,"Local Read Blocks":0,"Local Dirtied Blocks":0,"Local Written Blocks":0,"Temp Read Blocks":0,"Temp Written Blocks":0,"I/O Read Time":0.0,"I/O Write Time":0.0,"Temp I/O Read Time":0.0,"Temp I/O Write Time":0.0,"Plans":[{"Node Type":"Append","Parent Relationship":"Outer","Parallel Aware":false,"Async Capable":false,"Startup Cost":20.0,"Total Cost":390026.22,"Plan Rows":20000212,"Plan Width":6,"Actual Startup Time":0.422,"Actual Total Time":0.425,"Actual Rows":20000000,"Actual Loops":1,"Shared Hit Blocks":0,"Shared Read Blocks":0,"Shared Dirtied Blocks":0,"Shared Written Blocks":0,"Local Hit Blocks":0,"Local Read Blocks":0,"Local Dirtied Blocks":0,"Local Written Blocks":0,"Temp Read Blocks":0,"Temp Written Blocks":0,"I/O Read Time":0.0,"I/O Write Time":0.0,"Temp I/O Read Time":0.0,"Temp I/O Write Time":0.0,"Subplans Removed":0,"Plans":[{"Node Type":"Custom Scan","Parent Relationship":"Member","Custom Plan Provider":"columnar scan","Parallel Aware":false,"Async Capable":false,"Relation Name":"stock","Schema":"public","Alias":"stock","Startup Cost":20.0,"Total Cost":390020.1,"Plan Rows":20000000,"Plan Width":6,"Actual Startup Time":0.422,"Actual Total Time":0.422,"Actual Rows":20000000,"Actual Loops":1,"Output":["stock.s_w_id","stock.s_i_id"],"Rows Removed by Columnar Filter":0,"Columnar cache search mode":"native","Shared Hit Blocks":0,"Shared Read Blocks":0,"Shared Dirtied Blocks":0,"Shared Written Blocks":0,"Local Hit Blocks":0,"Local Read Blocks":0,"Local Dirtied Blocks":0,"Local Written Blocks":0,"Temp Read Blocks":0,"Temp Written Blocks":0,"I/O Read Time":0.0,"I/O Write Time":0.0,"Temp I/O Read Time":0.0,"Temp I/O Write Time":0.0},{"Node Type":"Seq Scan","Parent Relationship":"Member","Parallel Aware":false,"Async Capable":false,"Relation Name":"stock","Schema":"public","Alias":"stock","Startup Cost":0.0,"Total Cost":6.12,"Plan Rows":212,"Plan Width":6,"Actual Startup Time":0.0,"Actual Total Time":0.0,"Actual Rows":0,"Actual Loops":0,"Output":["stock.s_w_id","stock.s_i_id"],"Shared Hit Blocks":0,"Shared Read Blocks":0,"Shared Dirtied Blocks":0,"Shared Written Blocks":0,"Local Hit Blocks":0,"Local Read Blocks":0,"Local Dirtied Blocks":0,"Local Written Blocks":0,"Temp Read Blocks":0,"Temp Written Blocks":0,"I/O Read Time":0.0,"I/O Write Time":0.0,"Temp I/O Read Time":0.0,"Temp I/O Write Time":0.0}]}]}]},{"Node Type":"Hash","Parent Relationship":"Inner","Parallel Aware":false,"Async Capable":false,"Startup Cost":376.99,"Total Cost":376.99,"Plan Rows":2000,"Plan Width":20,"Actual Startup Time":2.825,"Actual Total Time":2.837,"Actual Rows":3506,"Actual Loops":1,"Output":["supplier.su_suppkey","supplier.su_nationkey","nation.n_name","nation.n_nationkey"],"Hash Buckets":4096,"Original Hash Buckets":2048,"Hash Batches":1,"Original Hash Batches":1,"Peak Memory Usage":217,"Shared Hit Blocks":219,"Shared Read Blocks":0,"Shared Dirtied Blocks":0,"Shared Written Blocks":0,"Local Hit Blocks":0,"Local Read Blocks":0,"Local Dirtied Blocks":0,"Local Written Blocks":0,"Temp Read Blocks":0,"Temp Written Blocks":0,"I/O Read Time":0.0,"I/O Write Time":0.0,"Temp I/O Read Time":0.0,"Temp I/O Write Time":0.0,"Plans":[{"Node Type":"Hash Join","Parent Relationship":"Outer","Parallel Aware":false,"Async Capable":false,"Join Type":"Inner","Startup Cost":3.14,"Total Cost":376.99,"Plan Rows":2000,"Plan Width":20,"Actual Startup Time":0.066,"Actual Total Time":2.261,"Actual Rows":3506,"Actual Loops":1,"Output":["supplier.su_suppkey","supplier.su_nationkey","nation.n_name","nation.n_nationkey"],"Hash Cond":"(supplier.su_nationkey = nation.n_nationkey)","Shared Hit Blocks":219,"Shared Read Blocks":0,"Shared Dirtied Blocks":0,"Shared Written Blocks":0,"Local Hit Blocks":0,"Local Read Blocks":0,"Local Dirtied Blocks":0,"Local Written Blocks":0,"Temp Read Blocks":0,"Temp Written Blocks":0,"I/O Read Time":0.0,"I/O Write Time":0.0,"Temp I/O Read Time":0.0,"Temp I/O Write Time":0.0,"Plans":[{"Node Type":"Seq Scan","Parent Relationship":"Outer","Parallel Aware":false,"Async Capable":false,"Relation Name":"supplier","Schema":"public","Alias":"supplier","Startup Cost":0.0,"Total Cost":317.0,"Plan Rows":10000,"Plan Width":8,"Actual Startup Time":0.012,"Actual Total Time":0.793,"Actual Rows":10000,"Actual Loops":1,"Output":["supplier.su_suppkey","supplier.su_name","supplier.su_address","supplier.su_nationkey","supplier.su_phone","supplier.su_acctbal","supplier.su_comment"],"Shared Hit Blocks":217,"Shared Read Blocks":0,"Shared Dirtied Blocks":0,"Shared Written Blocks":0,"Local Hit Blocks":0,"Local Read Blocks":0,"Local Dirtied Blocks":0,"Local Written Blocks":0,"Temp Read Blocks":0,"Temp Written Blocks":0,"I/O Read Time":0.0,"I/O Write Time":0.0,"Temp I/O Read Time":0.0,"Temp I/O Write Time":0.0},{"Node Type":"Hash","Parent Relationship":"Inner","Parallel Aware":false,"Async Capable":false,"Startup Cost":2.99,"Total Cost":2.99,"Plan Rows":12,"Plan Width":12,"Actual Startup Time":0.044,"Actual Total Time":0.051,"Actual Rows":22,"Actual Loops":1,"Output":["nation.n_name","nation.n_nationkey"],"Hash Buckets":1024,"Original Hash Buckets":1024,"Hash Batches":1,"Original Hash Batches":1,"Peak Memory Usage":9,"Shared Hit Blocks":2,"Shared Read Blocks":0,"Shared Dirtied Blocks":0,"Shared Written Blocks":0,"Local Hit Blocks":0,"Local Read Blocks":0,"Local Dirtied Blocks":0,"Local Written Blocks":0,"Temp Read Blocks":0,"Temp Written Blocks":0,"I/O Read Time":0.0,"I/O Write Time":0.0,"Temp I/O Read Time":0.0,"Temp I/O Write Time":0.0,"Plans":[{"Node Type":"Hash Join","Parent Relationship":"Outer","Parallel Aware":false,"Async Capable":false,"Join Type":"Inner","Startup Cost":1.07,"Total Cost":2.99,"Plan Rows":12,"Plan Width":12,"Actual Startup Time":0.026,"Actual Total Time":0.044,"Actual Rows":22,"Actual Loops":1,"Output":["nation.n_name","nation.n_nationkey"],"Hash Cond":"(nation.n_regionkey = region.r_regionkey)","Shared Hit Blocks":2,"Shared Read Blocks":0,"Shared Dirtied Blocks":0,"Shared Written Blocks":0,"Local Hit Blocks":0,"Local Read Blocks":0,"Local Dirtied Blocks":0,"Local Written Blocks":0,"Temp Read Blocks":0,"Temp Written Blocks":0,"I/O Read Time":0.0,"I/O Write Time":0.0,"Temp I/O Read Time":0.0,"Temp I/O Write Time":0.0,"Plans":[{"Node Type":"Seq Scan","Parent Relationship":"Outer","Parallel Aware":false,"Async Capable":false,"Relation Name":"nation","Schema":"public","Alias":"nation","Startup Cost":0.0,"Total Cost":1.62,"Plan Rows":62,"Plan Width":16,"Actual Startup Time":0.005,"Actual Total Time":0.008,"Actual Rows":62,"Actual Loops":1,"Output":["nation.n_nationkey","nation.n_name","nation.n_regionkey","nation.n_comment"],"Shared Hit Blocks":1,"Shared Read Blocks":0,"Shared Dirtied Blocks":0,"Shared Written Blocks":0,"Local Hit Blocks":0,"Local Read Blocks":0,"Local Dirtied Blocks":0,"Local Written Blocks":0,"Temp Read Blocks":0,"Temp Written Blocks":0,"I/O Read Time":0.0,"I/O Write Time":0.0,"Temp I/O Read Time":0.0,"Temp I/O Write Time":0.0},{"Node Type":"Hash","Parent Relationship":"Inner","Parallel Aware":false,"Async Capable":false,"Startup Cost":1.06,"Total Cost":1.06,"Plan Rows":1,"Plan Width":4,"Actual Startup Time":0.011,"Actual Total Time":0.015,"Actual Rows":1,"Actual Loops":1,"Output":["region.r_regionkey"],"Hash Buckets":1024,"Original Hash Buckets":1024,"Hash Batches":1,"Original Hash Batches":1,"Peak Memory Usage":9,"Shared Hit Blocks":1,"Shared Read Blocks":0,"Shared Dirtied Blocks":0,"Shared Written Blocks":0,"Local Hit Blocks":0,"Local Read Blocks":0,"Local Dirtied Blocks":0,"Local Written Blocks":0,"Temp Read Blocks":0,"Temp Written Blocks":0,"I/O Read Time":0.0,"I/O Write Time":0.0,"Temp I/O Read Time":0.0,"Temp I/O Write Time":0.0,"Plans":[{"Node Type":"Seq Scan","Parent Relationship":"Outer","Parallel Aware":false,"Async Capable":false,"Relation Name":"region","Schema":"public","Alias":"region","Startup Cost":0.0,"Total Cost":1.06,"Plan Rows":1,"Plan Width":4,"Actual Startup Time":0.01,"Actual Total Time":0.01,"Actual Rows":1,"Actual Loops":1,"Output":["region.r_regionkey"],"Filter":"((region.r_name)::text = 'Europe'::text)","Rows Removed by Filter":4,"Shared Hit Blocks":1,"Shared Read Blocks":0,"Shared Dirtied Blocks":0,"Shared Written Blocks":0,"Local Hit Blocks":0,"Local Read Blocks":0,"Local Dirtied Blocks":0,"Local Written Blocks":0,"Temp Read Blocks":0,"Temp Written Blocks":0,"I/O Read Time":0.0,"I/O Write Time":0.0,"Temp I/O Read Time":0.0,"Temp I/O Write Time":0.0}]}]}]}]}]}]},{"Node Type":"Hash","Parent Relationship":"Inner","Parallel Aware":false,"Async Capable":false,"Startup Cost":131491.69,"Total Cost":131491.69,"Plan Rows":879323,"Plan Width":16,"Actual Startup Time":409.77,"Actual Total Time":409.774,"Actual Rows":856801,"Actual Loops":1,"Output":["orders.o_c_id","orders.o_w_id","orders.o_d_id","orders.o_id"],"Hash Buckets":262144,"Original Hash Buckets":262144,"Hash Batches":8,"Original Hash Batches":8,"Peak Memory Usage":7070,"Shared Hit Blocks":0,"Shared Read Blocks":0,"Shared Dirtied Blocks":0,"Shared Written Blocks":0,"Local Hit Blocks":0,"Local Read Blocks":0,"Local Dirtied Blocks":0,"Local Written Blocks":0,"Temp Read Blocks":0,"Temp Written Blocks":3290,"I/O Read Time":0.0,"I/O Write Time":0.0,"Temp I/O Read Time":0.0,"Temp I/O Write Time":15.339,"Plans":[{"Node Type":"Append","Parent Relationship":"Outer","Parallel Aware":false,"Async Capable":false,"Startup Cost":20.0,"Total Cost":131491.69,"Plan Rows":879323,"Plan Width":16,"Actual Startup Time":0.511,"Actual Total Time":206.804,"Actual Rows":856801,"Actual Loops":1,"Shared Hit Blocks":0,"Shared Read Blocks":0,"Shared Dirtied Blocks":0,"Shared Written Blocks":0,"Local Hit Blocks":0,"Local Read Blocks":0,"Local Dirtied Blocks":0,"Local Written Blocks":0,"Temp Read Blocks":0,"Temp Written Blocks":0,"I/O Read Time":0.0,"I/O Write Time":0.0,"Temp I/O Read Time":0.0,"Temp I/O Write Time":0.0,"Subplans Removed":0,"Plans":[{"Node Type":"Custom Scan","Parent Relationship":"Member","Custom Plan Provider":"columnar scan","Parallel Aware":false,"Async Capable":false,"Relation Name":"orders","Schema":"public","Alias":"orders","Startup Cost":20.0,"Total Cost":20684.21,"Plan Rows":879322,"Plan Width":16,"Actual Startup Time":0.509,"Actual Total Time":145.298,"Actual Rows":856801,"Actual Loops":1,"Output":["orders.o_c_id","orders.o_w_id","orders.o_d_id","orders.o_id"],"Filter":"((orders.o_entry_d < '1994-01-02 20:10:02.27764'::timestamp without time zone) AND (orders.o_entry_d >= '1993-01-02 20:10:02.27764'::timestamp without time zone))","Rows Removed by Filter":0,"Rows Removed by Columnar Filter":5143199,"Columnar cache search mode":"native","Shared Hit Blocks":0,"Shared Read Blocks":0,"Shared Dirtied Blocks":0,"Shared Written Blocks":0,"Local Hit Blocks":0,"Local Read Blocks":0,"Local Dirtied Blocks":0,"Local Written Blocks":0,"Temp Read Blocks":0,"Temp Written Blocks":0,"I/O Read Time":0.0,"I/O Write Time":0.0,"Temp I/O Read Time":0.0,"Temp I/O Write Time":0.0},{"Node Type":"Seq Scan","Parent Relationship":"Member","Parallel Aware":false,"Async Capable":false,"Relation Name":"orders","Schema":"public","Alias":"orders","Startup Cost":0.0,"Total Cost":4.01,"Plan Rows":1,"Plan Width":16,"Actual Startup Time":0.0,"Actual Total Time":0.0,"Actual Rows":0,"Actual Loops":0,"Output":["orders.o_c_id","orders.o_w_id","orders.o_d_id","orders.o_id"],"Filter":"((orders.o_entry_d < '1994-01-02 20:10:02.27764'::timestamp without time zone) AND (orders.o_entry_d >= '1993-01-02 20:10:02.27764'::timestamp without time zone))","Rows Removed by Filter":0,"Shared Hit Blocks":0,"Shared Read Blocks":0,"Shared Dirtied Blocks":0,"Shared Written Blocks":0,"Local Hit Blocks":0,"Local Read Blocks":0,"Local Dirtied Blocks":0,"Local Written Blocks":0,"Temp Read Blocks":0,"Temp Written Blocks":0,"I/O Read Time":0.0,"I/O Write Time":0.0,"Temp I/O Read Time":0.0,"Temp I/O Write Time":0.0}]}]}]},{"Node Type":"Hash","Parent Relationship":"Inner","Parallel Aware":false,"Async Capable":false,"Startup Cost":509795.49,"Total Cost":509795.49,"Plan Rows":6000140,"Plan Width":12,"Actual Startup Time":2407.86,"Actual Total Time":2407.861,"Actual Rows":6000000,"Actual Loops":1,"Output":["customer.c_id","customer.c_w_id","customer.c_d_id","customer.c_nationkey"],"Hash Buckets":262144,"Original Hash Buckets":262144,"Hash Batches":64,"Original Hash Batches":64,"Peak Memory Usage":6083,"Shared Hit Blocks":0,"Shared Read Blocks":0,"Shared Dirtied Blocks":0,"Shared Written Blocks":0,"Local Hit Blocks":0,"Local Read Blocks":0,"Local Dirtied Blocks":0,"Local Written Blocks":0,"Temp Read Blocks":0,"Temp Written Blocks":23035,"I/O Read Time":0.0,"I/O Write Time":0.0,"Temp I/O Read Time":0.0,"Temp I/O Write Time":105.015,"Plans":[{"Node Type":"Append","Parent Relationship":"Outer","Parallel Aware":false,"Async Capable":false,"Startup Cost":20.0,"Total Cost":509795.49,"Plan Rows":6000140,"Plan Width":12,"Actual Startup Time":0.024,"Actual Total Time":1349.18,"Actual Rows":6000000,"Actual Loops":1,"Shared Hit Blocks":0,"Shared Read Blocks":0,"Shared Dirtied Blocks":0,"Shared Written Blocks":0,"Local Hit Blocks":0,"Local Read Blocks":0,"Local Dirtied Blocks":0,"Local Written Blocks":0,"Temp Read Blocks":0,"Temp Written Blocks":0,"I/O Read Time":0.0,"I/O Write Time":0.0,"Temp I/O Read Time":0.0,"Temp I/O Write Time":0.0,"Subplans Removed":0,"Plans":[{"Node Type":"Custom Scan","Parent Relationship":"Member","Custom Plan Provider":"columnar scan","Parallel Aware":false,"Async Capable":false,"Relation Name":"customer","Schema":"public","Alias":"customer","Startup Cost":20.0,"Total Cost":141020.06,"Plan Rows":6000000,"Plan Width":12,"Actual Startup Time":0.023,"Actual Total Time":901.493,"Actual Rows":6000000,"Actual Loops":1,"Output":["customer.c_id","customer.c_w_id","customer.c_d_id","customer.c_nationkey"],"Rows Removed by Columnar Filter":0,"Columnar cache search mode":"native","Shared Hit Blocks":0,"Shared Read Blocks":0,"Shared Dirtied Blocks":0,"Shared Written Blocks":0,"Local Hit Blocks":0,"Local Read Blocks":0,"Local Dirtied Blocks":0,"Local Written Blocks":0,"Temp Read Blocks":0,"Temp Written Blocks":0,"I/O Read Time":0.0,"I/O Write Time":0.0,"Temp I/O Read Time":0.0,"Temp I/O Write Time":0.0},{"Node Type":"Seq Scan","Parent Relationship":"Member","Parallel Aware":false,"Async Capable":false,"Relation Name":"customer","Schema":"public","Alias":"customer","Startup Cost":0.0,"Total Cost":5.4,"Plan Rows":140,"Plan Width":12,"Actual Startup Time":0.0,"Actual Total Time":0.0,"Actual Rows":0,"Actual Loops":0,"Output":["customer.c_id","customer.c_w_id","customer.c_d_id","customer.c_nationkey"],"Shared Hit Blocks":0,"Shared Read Blocks":0,"Shared Dirtied Blocks":0,"Shared Written Blocks":0,"Local Hit Blocks":0,"Local Read Blocks":0,"Local Dirtied Blocks":0,"Local Written Blocks":0,"Temp Read Blocks":0,"Temp Written Blocks":0,"I/O Read Time":0.0,"I/O Write Time":0.0,"Temp I/O Read Time":0.0,"Temp I/O Write Time":0.0}]}]}]}]}]}]},"Planning":{"Shared Hit Blocks":220,"Shared Read Blocks":0,"Shared Dirtied Blocks":0,"Shared Written Blocks":0,"Local Hit Blocks":0,"Local Read Blocks":0,"Local Dirtied Blocks":0,"Local Written Blocks":0,"Temp Read Blocks":0,"Temp Written Blocks":0,"I/O Read Time":0.0,"I/O Write Time":0.0,"Temp I/O Read Time":0.0,"Temp I/O Write Time":0.0},"Planning Time":7.016,"Triggers":[],"Execution Time":10812.98}]
[列存组合]: customer, order_line, orders, supplier
[{"Plan":{"Node Type":"Sort","Parallel Aware":false,"Async Capable":false,"Startup Cost":4045380.14,"Total Cost":4045380.3,"Plan Rows":62,"Plan Width":40,"Actual Startup Time":20631.281,"Actual Total Time":20631.319,"Actual Rows":11,"Actual Loops":1,"Output":["nation.n_name","(sum(order_line.ol_amount))"],"Sort Key":["(sum(order_line.ol_amount)) DESC"],"Sort Method":"quicksort","Sort Space Used":25,"Sort Space Type":"Memory","Shared Hit Blocks":54675,"Shared Read Blocks":0,"Shared Dirtied Blocks":0,"Shared Written Blocks":0,"Local Hit Blocks":0,"Local Read Blocks":0,"Local Dirtied Blocks":0,"Local Written Blocks":0,"Temp Read Blocks":131755,"Temp Written Blocks":131809,"I/O Read Time":0.0,"I/O Write Time":0.0,"Temp I/O Read Time":202.93,"Temp I/O Write Time":540.177,"Plans":[{"Node Type":"Aggregate","Strategy":"Sorted","Partial Mode":"Simple","Parent Relationship":"Outer","Parallel Aware":false,"Async Capable":false,"Startup Cost":4045226.5,"Total Cost":4045378.3,"Plan Rows":62,"Plan Width":40,"Actual Startup Time":20625.369,"Actual Total Time":20631.301,"Actual Rows":11,"Actual Loops":1,"Output":["nation.n_name","sum(order_line.ol_amount)"],"Group Key":["nation.n_name"],"Shared Hit Blocks":54675,"Shared Read Blocks":0,"Shared Dirtied Blocks":0,"Shared Written Blocks":0,"Local Hit Blocks":0,"Local Read Blocks":0,"Local Dirtied Blocks":0,"Local Written Blocks":0,"Temp Read Blocks":131755,"Temp Written Blocks":131809,"I/O Read Time":0.0,"I/O Write Time":0.0,"Temp I/O Read Time":202.93,"Temp I/O Write Time":540.177,"Plans":[{"Node Type":"Sort","Parent Relationship":"Outer","Parallel Aware":false,"Async Capable":false,"Startup Cost":4045226.5,"Total Cost":4045276.84,"Plan Rows":20136,"Plan Width":12,"Actual Startup Time":20624.934,"Actual Total Time":20626.77,"Actual Rows":35044,"Actual Loops":1,"Output":["nation.n_name","order_line.ol_amount"],"Sort Key":["nation.n_name"],"Sort Method":"quicksort","Sort Space Used":3146,"Sort Space Type":"Memory","Shared Hit Blocks":54675,"Shared Read Blocks":0,"Shared Dirtied Blocks":0,"Shared Written Blocks":0,"Local Hit Blocks":0,"Local Read Blocks":0,"Local Dirtied Blocks":0,"Local Written Blocks":0,"Temp Read Blocks":131755,"Temp Written Blocks":131809,"I/O Read Time":0.0,"I/O Write Time":0.0,"Temp I/O Read Time":202.93,"Temp I/O Write Time":540.177,"Plans":[{"Node Type":"Hash Join","Parent Relationship":"Outer","Parallel Aware":false,"Async Capable":false,"Join Type":"Inner","Startup Cost":3395919.05,"Total Cost":4043787.03,"Plan Rows":20136,"Plan Width":12,"Actual Startup Time":16714.345,"Actual Total Time":20606.305,"Actual Rows":35044,"Actual Loops":1,"Output":["nation.n_name","order_line.ol_amount"],"Inner Unique":true,"Hash Cond":"((mod((stock.s_w_id * stock.s_i_id), 10000) = supplier.su_suppkey) AND (customer.c_nationkey = supplier.su_nationkey))","Shared Hit Blocks":54675,"Shared Read Blocks":0,"Shared Dirtied Blocks":0,"Shared Written Blocks":0,"Local Hit Blocks":0,"Local Read Blocks":0,"Local Dirtied Blocks":0,"Local Written Blocks":0,"Temp Read Blocks":131755,"Temp Written Blocks":131809,"I/O Read Time":0.0,"I/O Write Time":0.0,"Temp I/O Read Time":202.93,"Temp I/O Write Time":540.177,"Plans":[{"Node Type":"Merge Join","Parent Relationship":"Outer","Parallel Aware":false,"Async Capable":false,"Join Type":"Inner","Startup Cost":3395550.03,"Total Cost":4036583.03,"Plan Rows":1242717,"Plan Width":26,"Actual Startup Time":16710.756,"Actual Total Time":20320.791,"Actual Rows":2218175,"Actual Loops":1,"Output":["customer.c_nationkey","order_line.ol_amount","stock.s_w_id","stock.s_i_id","nation.n_name","nation.n_nationkey"],"Inner Unique":true,"Merge Cond":"((customer.c_w_id = stock.s_w_id) AND (order_line.ol_i_id = stock.s_i_id))","Shared Hit Blocks":54675,"Shared Read Blocks":0,"Shared Dirtied Blocks":0,"Shared Written Blocks":0,"Local Hit Blocks":0,"Local Read Blocks":0,"Local Dirtied Blocks":0,"Local Written Blocks":0,"Temp Read Blocks":131755,"Temp Written Blocks":131809,"I/O Read Time":0.0,"I/O Write Time":0.0,"Temp I/O Read Time":202.93,"Temp I/O Write Time":540.177,"Plans":[{"Node Type":"Sort","Parent Relationship":"Outer","Parallel Aware":false,"Async Capable":false,"Startup Cost":3395549.59,"Total Cost":3398630.13,"Plan Rows":1232214,"Plan Width":30,"Actual Startup Time":16710.695,"Actual Total Time":17304.814,"Actual Rows":2218175,"Actual Loops":1,"Output":["customer.c_w_id","customer.c_nationkey","orders.o_w_id","order_line.ol_amount","order_line.ol_w_id","order_line.ol_i_id","nation.n_name","nation.n_nationkey"],"Sort Key":["customer.c_w_id","order_line.ol_i_id"],"Sort Method":"external merge","Sort Space Used":94520,"Sort Space Type":"Disk","Shared Hit Blocks":2,"Shared Read Blocks":0,"Shared Dirtied Blocks":0,"Shared Written Blocks":0,"Local Hit Blocks":0,"Local Read Blocks":0,"Local Dirtied Blocks":0,"Local Written Blocks":0,"Temp Read Blocks":131755,"Temp Written Blocks":131809,"I/O Read Time":0.0,"I/O Write Time":0.0,"Temp I/O Read Time":202.93,"Temp I/O Write Time":540.177,"Plans":[{"Node Type":"Hash Join","Parent Relationship":"Outer","Parallel Aware":false,"Async Capable":false,"Join Type":"Inner","Startup Cost":795292.92,"Total Cost":3211925.76,"Plan Rows":1232214,"Plan Width":30,"Actual Startup Time":2740.724,"Actual Total Time":14076.39,"Actual Rows":2218175,"Actual Loops":1,"Output":["customer.c_w_id","customer.c_nationkey","orders.o_w_id","order_line.ol_amount","order_line.ol_w_id","order_line.ol_i_id","nation.n_name","nation.n_nationkey"],"Inner Unique":false,"Hash Cond":"(customer.c_nationkey = nation.n_nationkey)","Shared Hit Blocks":2,"Shared Read Blocks":0,"Shared Dirtied Blocks":0,"Shared Written Blocks":0,"Local Hit Blocks":0,"Local Read Blocks":0,"Local Dirtied Blocks":0,"Local Written Blocks":0,"Temp Read Blocks":108135,"Temp Written Blocks":108135,"I/O Read Time":0.0,"I/O Write Time":0.0,"Temp I/O Read Time":169.087,"Temp I/O Write Time":478.174,"Plans":[{"Node Type":"Hash Join","Parent Relationship":"Outer","Parallel Aware":false,"Async Capable":false,"Join Type":"Inner","Startup Cost":795289.78,"Total Cost":3176893.95,"Plan Rows":6161071,"Plan Width":18,"Actual Startup Time":2734.077,"Actual Total Time":13242.407,"Actual Rows":8568663,"Actual Loops":1,"Output":["customer.c_w_id","customer.c_nationkey","orders.o_w_id","order_line.ol_amount","order_line.ol_w_id","order_line.ol_i_id"],"Inner Unique":true,"Hash Cond":"((orders.o_c_id = customer.c_id) AND (orders.o_w_id = customer.c_w_id) AND (orders.o_d_id = customer.c_d_id))","Shared Hit Blocks":0,"Shared Read Blocks":0,"Shared Dirtied Blocks":0,"Shared Written Blocks":0,"Local Hit Blocks":0,"Local Read Blocks":0,"Local Dirtied Blocks":0,"Local Written Blocks":0,"Temp Read Blocks":108135,"Temp Written Blocks":108135,"I/O Read Time":0.0,"I/O Write Time":0.0,"Temp I/O Read Time":169.087,"Temp I/O Write Time":478.174,"Plans":[{"Node Type":"Hash Join","Parent Relationship":"Outer","Parallel Aware":false,"Async Capable":false,"Join Type":"Inner","Startup Cost":151193.84,"Total Cost":2382779.57,"Plan Rows":6161071,"Plan Width":20,"Actual Startup Time":414.565,"Actual Total Time":6661.428,"Actual Rows":8568663,"Actual Loops":1,"Output":["orders.o_c_id","orders.o_w_id","orders.o_d_id","order_line.ol_amount","order_line.ol_w_id","order_line.ol_d_id","order_line.ol_i_id"],"Inner Unique":true,"Hash Cond":"((order_line.ol_w_id = orders.o_w_id) AND (order_line.ol_d_id = orders.o_d_id) AND (order_line.ol_o_id = orders.o_id))","Shared Hit Blocks":0,"Shared Read Blocks":0,"Shared Dirtied Blocks":0,"Shared Written Blocks":0,"Local Hit Blocks":0,"Local Read Blocks":0,"Local Dirtied Blocks":0,"Local Written Blocks":0,"Temp Read Blocks":43816,"Temp Written Blocks":43816,"I/O Read Time":0.0,"I/O Write Time":0.0,"Temp I/O Read Time":69.276,"Temp I/O Write Time":188.134,"Plans":[{"Node Type":"Append","Parent Relationship":"Outer","Parallel Aware":false,"Async Capable":false,"Startup Cost":20.0,"Total Cost":1403598.82,"Plan Rows":42039468,"Plan Width":20,"Actual Startup Time":1.379,"Actual Total Time":2572.149,"Actual Rows":8620885,"Actual Loops":1,"Shared Hit Blocks":0,"Shared Read Blocks":0,"Shared Dirtied Blocks":0,"Shared Written Blocks":0,"Local Hit Blocks":0,"Local Read Blocks":0,"Local Dirtied Blocks":0,"Local Written Blocks":0,"Temp Read Blocks":0,"Temp Written Blocks":0,"I/O Read Time":0.0,"I/O Write Time":0.0,"Temp I/O Read Time":0.0,"Temp I/O Write Time":0.0,"Subplans Removed":0,"Plans":[{"Node Type":"Custom Scan","Parent Relationship":"Member","Custom Plan Provider":"columnar scan","Parallel Aware":false,"Async Capable":false,"Relation Name":"order_line","Schema":"public","Alias":"order_line","Startup Cost":20.0,"Total Cost":1072026.23,"Plan Rows":42039424,"Plan Width":20,"Actual Startup Time":1.378,"Actual Total Time":1973.314,"Actual Rows":8620885,"Actual Loops":1,"Output":["order_line.ol_amount","order_line.ol_o_id","order_line.ol_w_id","order_line.ol_d_id","order_line.ol_i_id"],"Filter":"(order_line.ol_delivery_d >= '1992-01-02 20:10:02.27764'::timestamp without time zone)","Rows Removed by Filter":0,"Rows Removed by Columnar Filter":51372876,"Rows Filtered by Bloom Filter":0,"Dictionary Rows Filtered by Bloom Filter":51372876,"Columnar cache search mode":"native","Shared Hit Blocks":0,"Shared Read Blocks":0,"Shared Dirtied Blocks":0,"Shared Written Blocks":0,"Local Hit Blocks":0,"Local Read Blocks":0,"Local Dirtied Blocks":0,"Local Written Blocks":0,"Temp Read Blocks":0,"Temp Written Blocks":0,"I/O Read Time":0.0,"I/O Write Time":0.0,"Temp I/O Read Time":0.0,"Temp I/O Write Time":0.0},{"Node Type":"Seq Scan","Parent Relationship":"Member","Parallel Aware":false,"Async Capable":false,"Relation Name":"order_line","Schema":"public","Alias":"order_line","Startup Cost":0.0,"Total Cost":4.79,"Plan Rows":44,"Plan Width":20,"Actual Startup Time":0.0,"Actual Total Time":0.0,"Actual Rows":0,"Actual Loops":0,"Output":["order_line.ol_amount","order_line.ol_o_id","order_line.ol_w_id","order_line.ol_d_id","order_line.ol_i_id"],"Filter":"(order_line.ol_delivery_d >= '1992-01-02 20:10:02.27764'::timestamp without time zone)","Rows Removed by Filter":0,"Shared Hit Blocks":0,"Shared Read Blocks":0,"Shared Dirtied Blocks":0,"Shared Written Blocks":0,"Local Hit Blocks":0,"Local Read Blocks":0,"Local Dirtied Blocks":0,"Local Written Blocks":0,"Temp Read Blocks":0,"Temp Written Blocks":0,"I/O Read Time":0.0,"I/O Write Time":0.0,"Temp I/O Read Time":0.0,"Temp I/O Write Time":0.0}]},{"Node Type":"Hash","Parent Relationship":"Inner","Parallel Aware":false,"Async Capable":false,"Startup Cost":131491.69,"Total Cost":131491.69,"Plan Rows":879323,"Plan Width":16,"Actual Startup Time":411.928,"Actual Total Time":411.935,"Actual Rows":856801,"Actual Loops":1,"Output":["orders.o_c_id","orders.o_w_id","orders.o_d_id","orders.o_id"],"Hash Buckets":262144,"Original Hash Buckets":262144,"Hash Batches":8,"Original Hash Batches":8,"Peak Memory Usage":7070,"Shared Hit Blocks":0,"Shared Read Blocks":0,"Shared Dirtied Blocks":0,"Shared Written Blocks":0,"Local Hit Blocks":0,"Local Read Blocks":0,"Local Dirtied Blocks":0,"Local Written Blocks":0,"Temp Read Blocks":0,"Temp Written Blocks":3290,"I/O Read Time":0.0,"I/O Write Time":0.0,"Temp I/O Read Time":0.0,"Temp I/O Write Time":14.251,"Plans":[{"Node Type":"Append","Parent Relationship":"Outer","Parallel Aware":false,"Async Capable":false,"Startup Cost":20.0,"Total Cost":131491.69,"Plan Rows":879323,"Plan Width":16,"Actual Startup Time":0.475,"Actual Total Time":210.559,"Actual Rows":856801,"Actual Loops":1,"Shared Hit Blocks":0,"Shared Read Blocks":0,"Shared Dirtied Blocks":0,"Shared Written Blocks":0,"Local Hit Blocks":0,"Local Read Blocks":0,"Local Dirtied Blocks":0,"Local Written Blocks":0,"Temp Read Blocks":0,"Temp Written Blocks":0,"I/O Read Time":0.0,"I/O Write Time":0.0,"Temp I/O Read Time":0.0,"Temp I/O Write Time":0.0,"Subplans Removed":0,"Plans":[{"Node Type":"Custom Scan","Parent Relationship":"Member","Custom Plan Provider":"columnar scan","Parallel Aware":false,"Async Capable":false,"Relation Name":"orders","Schema":"public","Alias":"orders","Startup Cost":20.0,"Total Cost":20684.21,"Plan Rows":879322,"Plan Width":16,"Actual Startup Time":0.475,"Actual Total Time":146.874,"Actual Rows":856801,"Actual Loops":1,"Output":["orders.o_c_id","orders.o_w_id","orders.o_d_id","orders.o_id"],"Filter":"((orders.o_entry_d < '1994-01-02 20:10:02.27764'::timestamp without time zone) AND (orders.o_entry_d >= '1993-01-02 20:10:02.27764'::timestamp without time zone))","Rows Removed by Filter":0,"Rows Removed by Columnar Filter":5143199,"Columnar cache search mode":"native","Shared Hit Blocks":0,"Shared Read Blocks":0,"Shared Dirtied Blocks":0,"Shared Written Blocks":0,"Local Hit Blocks":0,"Local Read Blocks":0,"Local Dirtied Blocks":0,"Local Written Blocks":0,"Temp Read Blocks":0,"Temp Written Blocks":0,"I/O Read Time":0.0,"I/O Write Time":0.0,"Temp I/O Read Time":0.0,"Temp I/O Write Time":0.0},{"Node Type":"Seq Scan","Parent Relationship":"Member","Parallel Aware":false,"Async Capable":false,"Relation Name":"orders","Schema":"public","Alias":"orders","Startup Cost":0.0,"Total Cost":4.01,"Plan Rows":1,"Plan Width":16,"Actual Startup Time":0.0,"Actual Total Time":0.0,"Actual Rows":0,"Actual Loops":0,"Output":["orders.o_c_id","orders.o_w_id","orders.o_d_id","orders.o_id"],"Filter":"((orders.o_entry_d < '1994-01-02 20:10:02.27764'::timestamp without time zone) AND (orders.o_entry_d >= '1993-01-02 20:10:02.27764'::timestamp without time zone))","Rows Removed by Filter":0,"Shared Hit Blocks":0,"Shared Read Blocks":0,"Shared Dirtied Blocks":0,"Shared Written Blocks":0,"Local Hit Blocks":0,"Local Read Blocks":0,"Local Dirtied Blocks":0,"Local Written Blocks":0,"Temp Read Blocks":0,"Temp Written Blocks":0,"I/O Read Time":0.0,"I/O Write Time":0.0,"Temp I/O Read Time":0.0,"Temp I/O Write Time":0.0}]}]}]},{"Node Type":"Hash","Parent Relationship":"Inner","Parallel Aware":false,"Async Capable":false,"Startup Cost":509795.49,"Total Cost":509795.49,"Plan Rows":6000140,"Plan Width":12,"Actual Startup Time":2313.474,"Actual Total Time":2313.479,"Actual Rows":6000000,"Actual Loops":1,"Output":["customer.c_id","customer.c_w_id","customer.c_d_id","customer.c_nationkey"],"Hash Buckets":262144,"Original Hash Buckets":262144,"Hash Batches":64,"Original Hash Batches":64,"Peak Memory Usage":6073,"Shared Hit Blocks":0,"Shared Read Blocks":0,"Shared Dirtied Blocks":0,"Shared Written Blocks":0,"Local Hit Blocks":0,"Local Read Blocks":0,"Local Dirtied Blocks":0,"Local Written Blocks":0,"Temp Read Blocks":0,"Temp Written Blocks":23037,"I/O Read Time":0.0,"I/O Write Time":0.0,"Temp I/O Read Time":0.0,"Temp I/O Write Time":100.689,"Plans":[{"Node Type":"Append","Parent Relationship":"Outer","Parallel Aware":false,"Async Capable":false,"Startup Cost":20.0,"Total Cost":509795.49,"Plan Rows":6000140,"Plan Width":12,"Actual Startup Time":0.012,"Actual Total Time":1307.345,"Actual Rows":6000000,"Actual Loops":1,"Shared Hit Blocks":0,"Shared Read Blocks":0,"Shared Dirtied Blocks":0,"Shared Written Blocks":0,"Local Hit Blocks":0,"Local Read Blocks":0,"Local Dirtied Blocks":0,"Local Written Blocks":0,"Temp Read Blocks":0,"Temp Written Blocks":0,"I/O Read Time":0.0,"I/O Write Time":0.0,"Temp I/O Read Time":0.0,"Temp I/O Write Time":0.0,"Subplans Removed":0,"Plans":[{"Node Type":"Custom Scan","Parent Relationship":"Member","Custom Plan Provider":"columnar scan","Parallel Aware":false,"Async Capable":false,"Relation Name":"customer","Schema":"public","Alias":"customer","Startup Cost":20.0,"Total Cost":141020.06,"Plan Rows":6000000,"Plan Width":12,"Actual Startup Time":0.012,"Actual Total Time":893.332,"Actual Rows":6000000,"Actual Loops":1,"Output":["customer.c_id","customer.c_w_id","customer.c_d_id","customer.c_nationkey"],"Rows Removed by Columnar Filter":0,"Columnar cache search mode":"native","Shared Hit Blocks":0,"Shared Read Blocks":0,"Shared Dirtied Blocks":0,"Shared Written Blocks":0,"Local Hit Blocks":0,"Local Read Blocks":0,"Local Dirtied Blocks":0,"Local Written Blocks":0,"Temp Read Blocks":0,"Temp Written Blocks":0,"I/O Read Time":0.0,"I/O Write Time":0.0,"Temp I/O Read Time":0.0,"Temp I/O Write Time":0.0},{"Node Type":"Seq Scan","Parent Relationship":"Member","Parallel Aware":false,"Async Capable":false,"Relation Name":"customer","Schema":"public","Alias":"customer","Startup Cost":0.0,"Total Cost":5.4,"Plan Rows":140,"Plan Width":12,"Actual Startup Time":0.0,"Actual Total Time":0.0,"Actual Rows":0,"Actual Loops":0,"Output":["customer.c_id","customer.c_w_id","customer.c_d_id","customer.c_nationkey"],"Shared Hit Blocks":0,"Shared Read Blocks":0,"Shared Dirtied Blocks":0,"Shared Written Blocks":0,"Local Hit Blocks":0,"Local Read Blocks":0,"Local Dirtied Blocks":0,"Local Written Blocks":0,"Temp Read Blocks":0,"Temp Written Blocks":0,"I/O Read Time":0.0,"I/O Write Time":0.0,"Temp I/O Read Time":0.0,"Temp I/O Write Time":0.0}]}]}]},{"Node Type":"Hash","Parent Relationship":"Inner","Parallel Aware":false,"Async Capable":false,"Startup Cost":2.99,"Total Cost":2.99,"Plan Rows":12,"Plan Width":12,"Actual Startup Time":0.044,"Actual Total Time":0.05,"Actual Rows":22,"Actual Loops":1,"Output":["nation.n_name","nation.n_nationkey"],"Hash Buckets":1024,"Original Hash Buckets":1024,"Hash Batches":1,"Original Hash Batches":1,"Peak Memory Usage":9,"Shared Hit Blocks":2,"Shared Read Blocks":0,"Shared Dirtied Blocks":0,"Shared Written Blocks":0,"Local Hit Blocks":0,"Local Read Blocks":0,"Local Dirtied Blocks":0,"Local Written Blocks":0,"Temp Read Blocks":0,"Temp Written Blocks":0,"I/O Read Time":0.0,"I/O Write Time":0.0,"Temp I/O Read Time":0.0,"Temp I/O Write Time":0.0,"Plans":[{"Node Type":"Hash Join","Parent Relationship":"Outer","Parallel Aware":false,"Async Capable":false,"Join Type":"Inner","Startup Cost":1.07,"Total Cost":2.99,"Plan Rows":12,"Plan Width":12,"Actual Startup Time":0.026,"Actual Total Time":0.044,"Actual Rows":22,"Actual Loops":1,"Output":["nation.n_name","nation.n_nationkey"],"Inner Unique":true,"Hash Cond":"(nation.n_regionkey = region.r_regionkey)","Shared Hit Blocks":2,"Shared Read Blocks":0,"Shared Dirtied Blocks":0,"Shared Written Blocks":0,"Local Hit Blocks":0,"Local Read Blocks":0,"Local Dirtied Blocks":0,"Local Written Blocks":0,"Temp Read Blocks":0,"Temp Written Blocks":0,"I/O Read Time":0.0,"I/O Write Time":0.0,"Temp I/O Read Time":0.0,"Temp I/O Write Time":0.0,"Plans":[{"Node Type":"Seq Scan","Parent Relationship":"Outer","Parallel Aware":false,"Async Capable":false,"Relation Name":"nation","Schema":"public","Alias":"nation","Startup Cost":0.0,"Total Cost":1.62,"Plan Rows":62,"Plan Width":16,"Actual Startup Time":0.007,"Actual Total Time":0.013,"Actual Rows":62,"Actual Loops":1,"Output":["nation.n_nationkey","nation.n_name","nation.n_regionkey","nation.n_comment"],"Shared Hit Blocks":1,"Shared Read Blocks":0,"Shared Dirtied Blocks":0,"Shared Written Blocks":0,"Local Hit Blocks":0,"Local Read Blocks":0,"Local Dirtied Blocks":0,"Local Written Blocks":0,"Temp Read Blocks":0,"Temp Written Blocks":0,"I/O Read Time":0.0,"I/O Write Time":0.0,"Temp I/O Read Time":0.0,"Temp I/O Write Time":0.0},{"Node Type":"Hash","Parent Relationship":"Inner","Parallel Aware":false,"Async Capable":false,"Startup Cost":1.06,"Total Cost":1.06,"Plan Rows":1,"Plan Width":4,"Actual Startup Time":0.009,"Actual Total Time":0.011,"Actual Rows":1,"Actual Loops":1,"Output":["region.r_regionkey"],"Hash Buckets":1024,"Original Hash Buckets":1024,"Hash Batches":1,"Original Hash Batches":1,"Peak Memory Usage":9,"Shared Hit Blocks":1,"Shared Read Blocks":0,"Shared Dirtied Blocks":0,"Shared Written Blocks":0,"Local Hit Blocks":0,"Local Read Blocks":0,"Local Dirtied Blocks":0,"Local Written Blocks":0,"Temp Read Blocks":0,"Temp Written Blocks":0,"I/O Read Time":0.0,"I/O Write Time":0.0,"Temp I/O Read Time":0.0,"Temp I/O Write Time":0.0,"Plans":[{"Node Type":"Seq Scan","Parent Relationship":"Outer","Parallel Aware":false,"Async Capable":false,"Relation Name":"region","Schema":"public","Alias":"region","Startup Cost":0.0,"Total Cost":1.06,"Plan Rows":1,"Plan Width":4,"Actual Startup Time":0.008,"Actual Total Time":0.008,"Actual Rows":1,"Actual Loops":1,"Output":["region.r_regionkey"],"Filter":"((region.r_name)::text = 'Europe'::text)","Rows Removed by Filter":4,"Shared Hit Blocks":1,"Shared Read Blocks":0,"Shared Dirtied Blocks":0,"Shared Written Blocks":0,"Local Hit Blocks":0,"Local Read Blocks":0,"Local Dirtied Blocks":0,"Local Written Blocks":0,"Temp Read Blocks":0,"Temp Written Blocks":0,"I/O Read Time":0.0,"I/O Write Time":0.0,"Temp I/O Read Time":0.0,"Temp I/O Write Time":0.0}]}]}]}]}]},{"Node Type":"Index Only Scan","Parent Relationship":"Inner","Parallel Aware":false,"Async Capable":false,"Scan Direction":"Forward","Index Name":"stock_pk","Relation Name":"stock","Schema":"public","Alias":"stock","Startup Cost":0.44,"Total Cost":519363.62,"Plan Rows":20000212,"Plan Width":6,"Actual Startup Time":0.045,"Actual Total Time":1398.531,"Actual Rows":19999994,"Actual Loops":1,"Output":["stock.s_w_id","stock.s_i_id"],"Heap Fetches":0,"Shared Hit Blocks":54673,"Shared Read Blocks":0,"Shared Dirtied Blocks":0,"Shared Written Blocks":0,"Local Hit Blocks":0,"Local Read Blocks":0,"Local Dirtied Blocks":0,"Local Written Blocks":0,"Temp Read Blocks":0,"Temp Written Blocks":0,"I/O Read Time":0.0,"I/O Write Time":0.0,"Temp I/O Read Time":0.0,"Temp I/O Write Time":0.0}]},{"Node Type":"Hash","Parent Relationship":"Inner","Parallel Aware":false,"Async Capable":false,"Startup Cost":219.01,"Total Cost":219.01,"Plan Rows":10001,"Plan Width":8,"Actual Startup Time":3.159,"Actual Total Time":3.161,"Actual Rows":10000,"Actual Loops":1,"Output":["supplier.su_suppkey","supplier.su_nationkey"],"Hash Buckets":16384,"Original Hash Buckets":16384,"Hash Batches":1,"Original Hash Batches":1,"Peak Memory Usage":519,"Shared Hit Blocks":0,"Shared Read Blocks":0,"Shared Dirtied Blocks":0,"Shared Written Blocks":0,"Local Hit Blocks":0,"Local Read Blocks":0,"Local Dirtied Blocks":0,"Local Written Blocks":0,"Temp Read Blocks":0,"Temp Written Blocks":0,"I/O Read Time":0.0,"I/O Write Time":0.0,"Temp I/O Read Time":0.0,"Temp I/O Write Time":0.0,"Plans":[{"Node Type":"Append","Parent Relationship":"Outer","Parallel Aware":false,"Async Capable":false,"Startup Cost":20.0,"Total Cost":219.01,"Plan Rows":10001,"Plan Width":8,"Actual Startup Time":0.015,"Actual Total Time":1.788,"Actual Rows":10000,"Actual Loops":1,"Shared Hit Blocks":0,"Shared Read Blocks":0,"Shared Dirtied Blocks":0,"Shared Written Blocks":0,"Local Hit Blocks":0,"Local Read Blocks":0,"Local Dirtied Blocks":0,"Local Written Blocks":0,"Temp Read Blocks":0,"Temp Written Blocks":0,"I/O Read Time":0.0,"I/O Write Time":0.0,"Temp I/O Read Time":0.0,"Temp I/O Write Time":0.0,"Subplans Removed":0,"Plans":[{"Node Type":"Custom Scan","Parent Relationship":"Member","Custom Plan Provider":"columnar scan","Parallel Aware":false,"Async Capable":false,"Relation Name":"supplier","Schema":"public","Alias":"supplier","Startup Cost":20.0,"Total Cost":215.0,"Plan Rows":10000,"Plan Width":8,"Actual Startup Time":0.014,"Actual Total Time":1.086,"Actual Rows":10000,"Actual Loops":1,"Output":["supplier.su_suppkey","supplier.su_nationkey"],"Rows Removed by Columnar Filter":0,"Columnar cache search mode":"native","Shared Hit Blocks":0,"Shared Read Blocks":0,"Shared Dirtied Blocks":0,"Shared Written Blocks":0,"Local Hit Blocks":0,"Local Read Blocks":0,"Local Dirtied Blocks":0,"Local Written Blocks":0,"Temp Read Blocks":0,"Temp Written Blocks":0,"I/O Read Time":0.0,"I/O Write Time":0.0,"Temp I/O Read Time":0.0,"Temp I/O Write Time":0.0},{"Node Type":"Seq Scan","Parent Relationship":"Member","Parallel Aware":false,"Async Capable":false,"Relation Name":"supplier","Schema":"public","Alias":"supplier","Startup Cost":0.0,"Total Cost":4.01,"Plan Rows":1,"Plan Width":8,"Actual Startup Time":0.0,"Actual Total Time":0.0,"Actual Rows":0,"Actual Loops":0,"Output":["supplier.su_suppkey","supplier.su_nationkey"],"Shared Hit Blocks":0,"Shared Read Blocks":0,"Shared Dirtied Blocks":0,"Shared Written Blocks":0,"Local Hit Blocks":0,"Local Read Blocks":0,"Local Dirtied Blocks":0,"Local Written Blocks":0,"Temp Read Blocks":0,"Temp Written Blocks":0,"I/O Read Time":0.0,"I/O Write Time":0.0,"Temp I/O Read Time":0.0,"Temp I/O Write Time":0.0}]}]}]}]}]}]},"Planning":{"Shared Hit Blocks":220,"Shared Read Blocks":0,"Shared Dirtied Blocks":0,"Shared Written Blocks":0,"Local Hit Blocks":0,"Local Read Blocks":0,"Local Dirtied Blocks":0,"Local Written Blocks":0,"Temp Read Blocks":0,"Temp Written Blocks":0,"I/O Read Time":0.0,"I/O Write Time":0.0,"Temp I/O Read Time":0.0,"Temp I/O Write Time":0.0},"Planning Time":5.482,"Triggers":[],"Execution Time":20647.548}]
[列存组合]: customer, order_line, region, stock
[{"Plan":{"Node Type":"Sort","Parallel Aware":false,"Async Capable":false,"Startup Cost":2391524.51,"Total Cost":2391524.67,"Plan Rows":62,"Plan Width":40,"Actual Startup Time":10940.771,"Actual Total Time":10940.815,"Actual Rows":11,"Actual Loops":1,"Output":["nation.n_name","(sum(order_line.ol_amount))"],"Sort Key":["(sum(order_line.ol_amount)) DESC"],"Sort Method":"quicksort","Sort Space Used":25,"Sort Space Type":"Memory","Shared Hit Blocks":44341,"Shared Read Blocks":0,"Shared Dirtied Blocks":0,"Shared Written Blocks":0,"Local Hit Blocks":0,"Local Read Blocks":0,"Local Dirtied Blocks":0,"Local Written Blocks":0,"Temp Read Blocks":67001,"Temp Written Blocks":67001,"I/O Read Time":0.0,"I/O Write Time":0.0,"Temp I/O Read Time":103.943,"Temp I/O Write Time":313.854,"Plans":[{"Node Type":"Aggregate","Strategy":"Sorted","Partial Mode":"Simple","Parent Relationship":"Outer","Parallel Aware":false,"Async Capable":false,"Startup Cost":2391370.87,"Total Cost":2391522.67,"Plan Rows":62,"Plan Width":40,"Actual Startup Time":10934.879,"Actual Total Time":10940.796,"Actual Rows":11,"Actual Loops":1,"Output":["nation.n_name","sum(order_line.ol_amount)"],"Group Key":["nation.n_name"],"Shared Hit Blocks":44341,"Shared Read Blocks":0,"Shared Dirtied Blocks":0,"Shared Written Blocks":0,"Local Hit Blocks":0,"Local Read Blocks":0,"Local Dirtied Blocks":0,"Local Written Blocks":0,"Temp Read Blocks":67001,"Temp Written Blocks":67001,"I/O Read Time":0.0,"I/O Write Time":0.0,"Temp I/O Read Time":103.943,"Temp I/O Write Time":313.854,"Plans":[{"Node Type":"Sort","Parent Relationship":"Outer","Parallel Aware":false,"Async Capable":false,"Startup Cost":2391370.87,"Total Cost":2391421.21,"Plan Rows":20136,"Plan Width":12,"Actual Startup Time":10934.44,"Actual Total Time":10936.261,"Actual Rows":35044,"Actual Loops":1,"Output":["nation.n_name","order_line.ol_amount"],"Sort Key":["nation.n_name"],"Sort Method":"quicksort","Sort Space Used":3146,"Sort Space Type":"Memory","Shared Hit Blocks":44341,"Shared Read Blocks":0,"Shared Dirtied Blocks":0,"Shared Written Blocks":0,"Local Hit Blocks":0,"Local Read Blocks":0,"Local Dirtied Blocks":0,"Local Written Blocks":0,"Temp Read Blocks":67001,"Temp Written Blocks":67001,"I/O Read Time":0.0,"I/O Write Time":0.0,"Temp I/O Read Time":103.943,"Temp I/O Write Time":313.854,"Plans":[{"Node Type":"Hash Join","Parent Relationship":"Outer","Parallel Aware":false,"Async Capable":false,"Join Type":"Inner","Startup Cost":871922.53,"Total Cost":2389931.4,"Plan Rows":20136,"Plan Width":12,"Actual Startup Time":4329.017,"Actual Total Time":10917.591,"Actual Rows":35044,"Actual Loops":1,"Output":["nation.n_name","order_line.ol_amount"],"Hash Cond":"((orders.o_c_id = customer.c_id) AND (orders.o_w_id = customer.c_w_id) AND (orders.o_d_id = customer.c_d_id) AND (supplier.su_nationkey = customer.c_nationkey))","Shared Hit Blocks":44341,"Shared Read Blocks":0,"Shared Dirtied Blocks":0,"Shared Written Blocks":0,"Local Hit Blocks":0,"Local Read Blocks":0,"Local Dirtied Blocks":0,"Local Written Blocks":0,"Temp Read Blocks":67001,"Temp Written Blocks":67001,"I/O Read Time":0.0,"I/O Write Time":0.0,"Temp I/O Read Time":103.943,"Temp I/O Write Time":313.854,"Plans":[{"Node Type":"Hash Join","Parent Relationship":"Outer","Parallel Aware":false,"Async Capable":false,"Join Type":"Inner","Startup Cost":212826.24,"Total Cost":1669084.88,"Plan Rows":1242117,"Plan Width":34,"Actual Startup Time":1816.072,"Actual Total Time":6934.902,"Actual Rows":2982388,"Actual Loops":1,"Output":["orders.o_c_id","orders.o_w_id","orders.o_d_id","order_line.ol_amount","order_line.ol_w_id","order_line.ol_d_id","stock.s_w_id","supplier.su_nationkey","nation.n_name","nation.n_nationkey"],"Hash Cond":"((order_line.ol_w_id = orders.o_w_id) AND (order_line.ol_d_id = orders.o_d_id) AND (order_line.ol_o_id = orders.o_id))","Shared Hit Blocks":44341,"Shared Read Blocks":0,"Shared Dirtied Blocks":0,"Shared Written Blocks":0,"Local Hit Blocks":0,"Local Read Blocks":0,"Local Dirtied Blocks":0,"Local Written Blocks":0,"Temp Read Blocks":23127,"Temp Written Blocks":23127,"I/O Read Time":0.0,"I/O Write Time":0.0,"Temp I/O Read Time":36.299,"Temp I/O Write Time":107.527,"Plans":[{"Node Type":"Hash Join","Parent Relationship":"Outer","Parallel Aware":false,"Async Capable":false,"Join Type":"Inner","Startup Cost":59022.58,"Total Cost":1311993.18,"Plan Rows":8467814,"Plan Width":34,"Actual Startup Time":1172.745,"Actual Total Time":4713.35,"Actual Rows":3000322,"Actual Loops":1,"Output":["order_line.ol_amount","order_line.ol_o_id","order_line.ol_w_id","order_line.ol_d_id","stock.s_w_id","supplier.su_nationkey","nation.n_name","nation.n_nationkey"],"Hash Cond":"(mod((stock.s_w_id * stock.s_i_id), 10000) = supplier.su_suppkey)","Shared Hit Blocks":219,"Shared Read Blocks":0,"Shared Dirtied Blocks":0,"Shared Written Blocks":0,"Local Hit Blocks":0,"Local Read Blocks":0,"Local Dirtied Blocks":0,"Local Written Blocks":0,"Temp Read Blocks":0,"Temp Written Blocks":0,"I/O Read Time":0.0,"I/O Write Time":0.0,"Temp I/O Read Time":0.0,"Temp I/O Write Time":0.0,"Plans":[{"Node Type":"Hash Join","Parent Relationship":"Outer","Parallel Aware":false,"Async Capable":false,"Join Type":"Inner","Startup Cost":58620.59,"Total Cost":962293.85,"Plan Rows":42339072,"Plan Width":22,"Actual Startup Time":1169.856,"Actual Total Time":3315.533,"Actual Rows":8620885,"Actual Loops":1,"Output":["order_line.ol_amount","order_line.ol_o_id","order_line.ol_w_id","order_line.ol_d_id","stock.s_w_id","stock.s_i_id"],"Hash Cond":"((order_line.ol_w_id = stock.s_w_id) AND (order_line.ol_i_id = stock.s_i_id))","Rows Removed by Bloom Filter":0,"Shared Hit Blocks":0,"Shared Read Blocks":0,"Shared Dirtied Blocks":0,"Shared Written Blocks":0,"Local Hit Blocks":0,"Local Read Blocks":0,"Local Dirtied Blocks":0,"Local Written Blocks":0,"Temp Read Blocks":0,"Temp Written Blocks":0,"I/O Read Time":0.0,"I/O Write Time":0.0,"Temp I/O Read Time":0.0,"Temp I/O Write Time":0.0,"Plans":[{"Node Type":"Append","Parent Relationship":"Outer","Parallel Aware":false,"Async Capable":false,"Startup Cost":20.0,"Total Cost":1072031.01,"Plan Rows":42039468,"Plan Width":20,"Actual Startup Time":246.403,"Actual Total Time":246.419,"Actual Rows":8620885,"Actual Loops":1,"Shared Hit Blocks":0,"Shared Read Blocks":0,"Shared Dirtied Blocks":0,"Shared Written Blocks":0,"Local Hit Blocks":0,"Local Read Blocks":0,"Local Dirtied Blocks":0,"Local Written Blocks":0,"Temp Read Blocks":0,"Temp Written Blocks":0,"I/O Read Time":0.0,"I/O Write Time":0.0,"Temp I/O Read Time":0.0,"Temp I/O Write Time":0.0,"Subplans Removed":0,"Plans":[{"Node Type":"Custom Scan","Parent Relationship":"Member","Custom Plan Provider":"columnar scan","Parallel Aware":false,"Async Capable":false,"Relation Name":"order_line","Schema":"public","Alias":"order_line","Startup Cost":20.0,"Total Cost":1072026.23,"Plan Rows":42039424,"Plan Width":20,"Actual Startup Time":246.401,"Actual Total Time":246.402,"Actual Rows":8620885,"Actual Loops":1,"Output":["order_line.ol_amount","order_line.ol_o_id","order_line.ol_w_id","order_line.ol_d_id","order_line.ol_i_id"],"Filter":"(order_line.ol_delivery_d >= '1992-01-02 20:10:02.27764'::timestamp without time zone)","Rows Removed by Filter":0,"Rows Removed by Columnar Filter":51372876,"Rows Filtered by Bloom Filter":0,"Dictionary Rows Filtered by Bloom Filter":51372876,"Columnar cache search mode":"native","Shared Hit Blocks":0,"Shared Read Blocks":0,"Shared Dirtied Blocks":0,"Shared Written Blocks":0,"Local Hit Blocks":0,"Local Read Blocks":0,"Local Dirtied Blocks":0,"Local Written Blocks":0,"Temp Read Blocks":0,"Temp Written Blocks":0,"I/O Read Time":0.0,"I/O Write Time":0.0,"Temp I/O Read Time":0.0,"Temp I/O Write Time":0.0},{"Node Type":"Seq Scan","Parent Relationship":"Member","Parallel Aware":false,"Async Capable":false,"Relation Name":"order_line","Schema":"public","Alias":"order_line","Startup Cost":0.0,"Total Cost":4.79,"Plan Rows":44,"Plan Width":20,"Actual Startup Time":0.0,"Actual Total Time":0.0,"Actual Rows":0,"Actual Loops":0,"Output":["order_line.ol_amount","order_line.ol_o_id","order_line.ol_w_id","order_line.ol_d_id","order_line.ol_i_id"],"Filter":"(order_line.ol_delivery_d >= '1992-01-02 20:10:02.27764'::timestamp without time zone)","Rows Removed by Filter":0,"Shared Hit Blocks":0,"Shared Read Blocks":0,"Shared Dirtied Blocks":0,"Shared Written Blocks":0,"Local Hit Blocks":0,"Local Read Blocks":0,"Local Dirtied Blocks":0,"Local Written Blocks":0,"Temp Read Blocks":0,"Temp Written Blocks":0,"I/O Read Time":0.0,"I/O Write Time":0.0,"Temp I/O Read Time":0.0,"Temp I/O Write Time":0.0}]},{"Node Type":"Hash","Parent Relationship":"Inner","Parallel Aware":false,"Async Capable":false,"Startup Cost":390026.22,"Total Cost":390026.22,"Plan Rows":20000212,"Plan Width":6,"Actual Rows":20000000,"Actual Loops":1,"Output":["stock.s_w_id","stock.s_i_id"],"Shared Hit Blocks":0,"Shared Read Blocks":0,"Shared Dirtied Blocks":0,"Shared Written Blocks":0,"Local Hit Blocks":0,"Local Read Blocks":0,"Local Dirtied Blocks":0,"Local Written Blocks":0,"Temp Read Blocks":0,"Temp Written Blocks":0,"I/O Read Time":0.0,"I/O Write Time":0.0,"Temp I/O Read Time":0.0,"Temp I/O Write Time":0.0,"Plans":[{"Node Type":"Append","Parent Relationship":"Outer","Parallel Aware":false,"Async Capable":false,"Startup Cost":20.0,"Total Cost":390026.22,"Plan Rows":20000212,"Plan Width":6,"Actual Startup Time":0.481,"Actual Total Time":0.484,"Actual Rows":20000000,"Actual Loops":1,"Shared Hit Blocks":0,"Shared Read Blocks":0,"Shared Dirtied Blocks":0,"Shared Written Blocks":0,"Local Hit Blocks":0,"Local Read Blocks":0,"Local Dirtied Blocks":0,"Local Written Blocks":0,"Temp Read Blocks":0,"Temp Written Blocks":0,"I/O Read Time":0.0,"I/O Write Time":0.0,"Temp I/O Read Time":0.0,"Temp I/O Write Time":0.0,"Subplans Removed":0,"Plans":[{"Node Type":"Custom Scan","Parent Relationship":"Member","Custom Plan Provider":"columnar scan","Parallel Aware":false,"Async Capable":false,"Relation Name":"stock","Schema":"public","Alias":"stock","Startup Cost":20.0,"Total Cost":390020.1,"Plan Rows":20000000,"Plan Width":6,"Actual Startup Time":0.478,"Actual Total Time":0.478,"Actual Rows":20000000,"Actual Loops":1,"Output":["stock.s_w_id","stock.s_i_id"],"Rows Removed by Columnar Filter":0,"Columnar cache search mode":"native","Shared Hit Blocks":0,"Shared Read Blocks":0,"Shared Dirtied Blocks":0,"Shared Written Blocks":0,"Local Hit Blocks":0,"Local Read Blocks":0,"Local Dirtied Blocks":0,"Local Written Blocks":0,"Temp Read Blocks":0,"Temp Written Blocks":0,"I/O Read Time":0.0,"I/O Write Time":0.0,"Temp I/O Read Time":0.0,"Temp I/O Write Time":0.0},{"Node Type":"Seq Scan","Parent Relationship":"Member","Parallel Aware":false,"Async Capable":false,"Relation Name":"stock","Schema":"public","Alias":"stock","Startup Cost":0.0,"Total Cost":6.12,"Plan Rows":212,"Plan Width":6,"Actual Startup Time":0.0,"Actual Total Time":0.0,"Actual Rows":0,"Actual Loops":0,"Output":["stock.s_w_id","stock.s_i_id"],"Shared Hit Blocks":0,"Shared Read Blocks":0,"Shared Dirtied Blocks":0,"Shared Written Blocks":0,"Local Hit Blocks":0,"Local Read Blocks":0,"Local Dirtied Blocks":0,"Local Written Blocks":0,"Temp Read Blocks":0,"Temp Written Blocks":0,"I/O Read Time":0.0,"I/O Write Time":0.0,"Temp I/O Read Time":0.0,"Temp I/O Write Time":0.0}]}]}]},{"Node Type":"Hash","Parent Relationship":"Inner","Parallel Aware":false,"Async Capable":false,"Startup Cost":376.99,"Total Cost":376.99,"Plan Rows":2000,"Plan Width":20,"Actual Startup Time":2.835,"Actual Total Time":2.847,"Actual Rows":3506,"Actual Loops":1,"Output":["supplier.su_suppkey","supplier.su_nationkey","nation.n_name","nation.n_nationkey"],"Hash Buckets":4096,"Original Hash Buckets":2048,"Hash Batches":1,"Original Hash Batches":1,"Peak Memory Usage":217,"Shared Hit Blocks":219,"Shared Read Blocks":0,"Shared Dirtied Blocks":0,"Shared Written Blocks":0,"Local Hit Blocks":0,"Local Read Blocks":0,"Local Dirtied Blocks":0,"Local Written Blocks":0,"Temp Read Blocks":0,"Temp Written Blocks":0,"I/O Read Time":0.0,"I/O Write Time":0.0,"Temp I/O Read Time":0.0,"Temp I/O Write Time":0.0,"Plans":[{"Node Type":"Hash Join","Parent Relationship":"Outer","Parallel Aware":false,"Async Capable":false,"Join Type":"Inner","Startup Cost":3.14,"Total Cost":376.99,"Plan Rows":2000,"Plan Width":20,"Actual Startup Time":0.098,"Actual Total Time":2.26,"Actual Rows":3506,"Actual Loops":1,"Output":["supplier.su_suppkey","supplier.su_nationkey","nation.n_name","nation.n_nationkey"],"Hash Cond":"(supplier.su_nationkey = nation.n_nationkey)","Shared Hit Blocks":219,"Shared Read Blocks":0,"Shared Dirtied Blocks":0,"Shared Written Blocks":0,"Local Hit Blocks":0,"Local Read Blocks":0,"Local Dirtied Blocks":0,"Local Written Blocks":0,"Temp Read Blocks":0,"Temp Written Blocks":0,"I/O Read Time":0.0,"I/O Write Time":0.0,"Temp I/O Read Time":0.0,"Temp I/O Write Time":0.0,"Plans":[{"Node Type":"Seq Scan","Parent Relationship":"Outer","Parallel Aware":false,"Async Capable":false,"Relation Name":"supplier","Schema":"public","Alias":"supplier","Startup Cost":0.0,"Total Cost":317.0,"Plan Rows":10000,"Plan Width":8,"Actual Startup Time":0.021,"Actual Total Time":0.753,"Actual Rows":10000,"Actual Loops":1,"Output":["supplier.su_suppkey","supplier.su_name","supplier.su_address","supplier.su_nationkey","supplier.su_phone","supplier.su_acctbal","supplier.su_comment"],"Shared Hit Blocks":217,"Shared Read Blocks":0,"Shared Dirtied Blocks":0,"Shared Written Blocks":0,"Local Hit Blocks":0,"Local Read Blocks":0,"Local Dirtied Blocks":0,"Local Written Blocks":0,"Temp Read Blocks":0,"Temp Written Blocks":0,"I/O Read Time":0.0,"I/O Write Time":0.0,"Temp I/O Read Time":0.0,"Temp I/O Write Time":0.0},{"Node Type":"Hash","Parent Relationship":"Inner","Parallel Aware":false,"Async Capable":false,"Startup Cost":2.99,"Total Cost":2.99,"Plan Rows":12,"Plan Width":12,"Actual Startup Time":0.064,"Actual Total Time":0.071,"Actual Rows":22,"Actual Loops":1,"Output":["nation.n_name","nation.n_nationkey"],"Hash Buckets":1024,"Original Hash Buckets":1024,"Hash Batches":1,"Original Hash Batches":1,"Peak Memory Usage":9,"Shared Hit Blocks":2,"Shared Read Blocks":0,"Shared Dirtied Blocks":0,"Shared Written Blocks":0,"Local Hit Blocks":0,"Local Read Blocks":0,"Local Dirtied Blocks":0,"Local Written Blocks":0,"Temp Read Blocks":0,"Temp Written Blocks":0,"I/O Read Time":0.0,"I/O Write Time":0.0,"Temp I/O Read Time":0.0,"Temp I/O Write Time":0.0,"Plans":[{"Node Type":"Hash Join","Parent Relationship":"Outer","Parallel Aware":false,"Async Capable":false,"Join Type":"Inner","Startup Cost":1.07,"Total Cost":2.99,"Plan Rows":12,"Plan Width":12,"Actual Startup Time":0.039,"Actual Total Time":0.057,"Actual Rows":22,"Actual Loops":1,"Output":["nation.n_name","nation.n_nationkey"],"Hash Cond":"(nation.n_regionkey = region.r_regionkey)","Shared Hit Blocks":2,"Shared Read Blocks":0,"Shared Dirtied Blocks":0,"Shared Written Blocks":0,"Local Hit Blocks":0,"Local Read Blocks":0,"Local Dirtied Blocks":0,"Local Written Blocks":0,"Temp Read Blocks":0,"Temp Written Blocks":0,"I/O Read Time":0.0,"I/O Write Time":0.0,"Temp I/O Read Time":0.0,"Temp I/O Write Time":0.0,"Plans":[{"Node Type":"Seq Scan","Parent Relationship":"Outer","Parallel Aware":false,"Async Capable":false,"Relation Name":"nation","Schema":"public","Alias":"nation","Startup Cost":0.0,"Total Cost":1.62,"Plan Rows":62,"Plan Width":16,"Actual Startup Time":0.006,"Actual Total Time":0.01,"Actual Rows":62,"Actual Loops":1,"Output":["nation.n_nationkey","nation.n_name","nation.n_regionkey","nation.n_comment"],"Shared Hit Blocks":1,"Shared Read Blocks":0,"Shared Dirtied Blocks":0,"Shared Written Blocks":0,"Local Hit Blocks":0,"Local Read Blocks":0,"Local Dirtied Blocks":0,"Local Written Blocks":0,"Temp Read Blocks":0,"Temp Written Blocks":0,"I/O Read Time":0.0,"I/O Write Time":0.0,"Temp I/O Read Time":0.0,"Temp I/O Write Time":0.0},{"Node Type":"Hash","Parent Relationship":"Inner","Parallel Aware":false,"Async Capable":false,"Startup Cost":1.06,"Total Cost":1.06,"Plan Rows":1,"Plan Width":4,"Actual Startup Time":0.018,"Actual Total Time":0.021,"Actual Rows":1,"Actual Loops":1,"Output":["region.r_regionkey"],"Hash Buckets":1024,"Original Hash Buckets":1024,"Hash Batches":1,"Original Hash Batches":1,"Peak Memory Usage":9,"Shared Hit Blocks":1,"Shared Read Blocks":0,"Shared Dirtied Blocks":0,"Shared Written Blocks":0,"Local Hit Blocks":0,"Local Read Blocks":0,"Local Dirtied Blocks":0,"Local Written Blocks":0,"Temp Read Blocks":0,"Temp Written Blocks":0,"I/O Read Time":0.0,"I/O Write Time":0.0,"Temp I/O Read Time":0.0,"Temp I/O Write Time":0.0,"Plans":[{"Node Type":"Seq Scan","Parent Relationship":"Outer","Parallel Aware":false,"Async Capable":false,"Relation Name":"region","Schema":"public","Alias":"region","Startup Cost":0.0,"Total Cost":1.06,"Plan Rows":1,"Plan Width":4,"Actual Startup Time":0.013,"Actual Total Time":0.014,"Actual Rows":1,"Actual Loops":1,"Output":["region.r_regionkey"],"Filter":"((region.r_name)::text = 'Europe'::text)","Rows Removed by Filter":4,"Shared Hit Blocks":1,"Shared Read Blocks":0,"Shared Dirtied Blocks":0,"Shared Written Blocks":0,"Local Hit Blocks":0,"Local Read Blocks":0,"Local Dirtied Blocks":0,"Local Written Blocks":0,"Temp Read Blocks":0,"Temp Written Blocks":0,"I/O Read Time":0.0,"I/O Write Time":0.0,"Temp I/O Read Time":0.0,"Temp I/O Write Time":0.0}]}]}]}]}]}]},{"Node Type":"Hash","Parent Relationship":"Inner","Parallel Aware":false,"Async Capable":false,"Startup Cost":134121.52,"Total Cost":134121.52,"Plan Rows":879322,"Plan Width":16,"Actual Startup Time":641.668,"Actual Total Time":641.669,"Actual Rows":856801,"Actual Loops":1,"Output":["orders.o_c_id","orders.o_w_id","orders.o_d_id","orders.o_id"],"Hash Buckets":262144,"Original Hash Buckets":262144,"Hash Batches":8,"Original Hash Batches":8,"Peak Memory Usage":7070,"Shared Hit Blocks":44122,"Shared Read Blocks":0,"Shared Dirtied Blocks":0,"Shared Written Blocks":0,"Local Hit Blocks":0,"Local Read Blocks":0,"Local Dirtied Blocks":0,"Local Written Blocks":0,"Temp Read Blocks":0,"Temp Written Blocks":3290,"I/O Read Time":0.0,"I/O Write Time":0.0,"Temp I/O Read Time":0.0,"Temp I/O Write Time":15.953,"Plans":[{"Node Type":"Seq Scan","Parent Relationship":"Outer","Parallel Aware":false,"Async Capable":false,"Relation Name":"orders","Schema":"public","Alias":"orders","Startup Cost":0.0,"Total Cost":134121.52,"Plan Rows":879322,"Plan Width":16,"Actual Startup Time":0.593,"Actual Total Time":442.2,"Actual Rows":856801,"Actual Loops":1,"Output":["orders.o_c_id","orders.o_w_id","orders.o_d_id","orders.o_id"],"Filter":"((orders.o_entry_d >= '1993-01-02 20:10:02.27764'::timestamp without time zone) AND (orders.o_entry_d < '1994-01-02 20:10:02.27764'::timestamp without time zone))","Rows Removed by Filter":5143199,"Shared Hit Blocks":44122,"Shared Read Blocks":0,"Shared Dirtied Blocks":0,"Shared Written Blocks":0,"Local Hit Blocks":0,"Local Read Blocks":0,"Local Dirtied Blocks":0,"Local Written Blocks":0,"Temp Read Blocks":0,"Temp Written Blocks":0,"I/O Read Time":0.0,"I/O Write Time":0.0,"Temp I/O Read Time":0.0,"Temp I/O Write Time":0.0}]}]},{"Node Type":"Hash","Parent Relationship":"Inner","Parallel Aware":false,"Async Capable":false,"Startup Cost":509795.49,"Total Cost":509795.49,"Plan Rows":6000140,"Plan Width":12,"Actual Startup Time":2385.4,"Actual Total Time":2385.403,"Actual Rows":6000000,"Actual Loops":1,"Output":["customer.c_id","customer.c_w_id","customer.c_d_id","customer.c_nationkey"],"Hash Buckets":262144,"Original Hash Buckets":262144,"Hash Batches":64,"Original Hash Batches":64,"Peak Memory Usage":6083,"Shared Hit Blocks":0,"Shared Read Blocks":0,"Shared Dirtied Blocks":0,"Shared Written Blocks":0,"Local Hit Blocks":0,"Local Read Blocks":0,"Local Dirtied Blocks":0,"Local Written Blocks":0,"Temp Read Blocks":0,"Temp Written Blocks":23035,"I/O Read Time":0.0,"I/O Write Time":0.0,"Temp I/O Read Time":0.0,"Temp I/O Write Time":109.206,"Plans":[{"Node Type":"Append","Parent Relationship":"Outer","Parallel Aware":false,"Async Capable":false,"Startup Cost":20.0,"Total Cost":509795.49,"Plan Rows":6000140,"Plan Width":12,"Actual Startup Time":0.036,"Actual Total Time":1318.564,"Actual Rows":6000000,"Actual Loops":1,"Shared Hit Blocks":0,"Shared Read Blocks":0,"Shared Dirtied Blocks":0,"Shared Written Blocks":0,"Local Hit Blocks":0,"Local Read Blocks":0,"Local Dirtied Blocks":0,"Local Written Blocks":0,"Temp Read Blocks":0,"Temp Written Blocks":0,"I/O Read Time":0.0,"I/O Write Time":0.0,"Temp I/O Read Time":0.0,"Temp I/O Write Time":0.0,"Subplans Removed":0,"Plans":[{"Node Type":"Custom Scan","Parent Relationship":"Member","Custom Plan Provider":"columnar scan","Parallel Aware":false,"Async Capable":false,"Relation Name":"customer","Schema":"public","Alias":"customer","Startup Cost":20.0,"Total Cost":141020.06,"Plan Rows":6000000,"Plan Width":12,"Actual Startup Time":0.033,"Actual Total Time":898.906,"Actual Rows":6000000,"Actual Loops":1,"Output":["customer.c_id","customer.c_w_id","customer.c_d_id","customer.c_nationkey"],"Rows Removed by Columnar Filter":0,"Columnar cache search mode":"native","Shared Hit Blocks":0,"Shared Read Blocks":0,"Shared Dirtied Blocks":0,"Shared Written Blocks":0,"Local Hit Blocks":0,"Local Read Blocks":0,"Local Dirtied Blocks":0,"Local Written Blocks":0,"Temp Read Blocks":0,"Temp Written Blocks":0,"I/O Read Time":0.0,"I/O Write Time":0.0,"Temp I/O Read Time":0.0,"Temp I/O Write Time":0.0},{"Node Type":"Seq Scan","Parent Relationship":"Member","Parallel Aware":false,"Async Capable":false,"Relation Name":"customer","Schema":"public","Alias":"customer","Startup Cost":0.0,"Total Cost":5.4,"Plan Rows":140,"Plan Width":12,"Actual Startup Time":0.0,"Actual Total Time":0.0,"Actual Rows":0,"Actual Loops":0,"Output":["customer.c_id","customer.c_w_id","customer.c_d_id","customer.c_nationkey"],"Shared Hit Blocks":0,"Shared Read Blocks":0,"Shared Dirtied Blocks":0,"Shared Written Blocks":0,"Local Hit Blocks":0,"Local Read Blocks":0,"Local Dirtied Blocks":0,"Local Written Blocks":0,"Temp Read Blocks":0,"Temp Written Blocks":0,"I/O Read Time":0.0,"I/O Write Time":0.0,"Temp I/O Read Time":0.0,"Temp I/O Write Time":0.0}]}]}]}]}]}]},"Planning":{"Shared Hit Blocks":220,"Shared Read Blocks":0,"Shared Dirtied Blocks":0,"Shared Written Blocks":0,"Local Hit Blocks":0,"Local Read Blocks":0,"Local Dirtied Blocks":0,"Local Written Blocks":0,"Temp Read Blocks":0,"Temp Written Blocks":0,"I/O Read Time":0.0,"I/O Write Time":0.0,"Temp I/O Read Time":0.0,"Temp I/O Write Time":0.0},"Planning Time":6.46,"Triggers":[],"Execution Time":10947.071}]
[列存组合]: customer, order_line, region, supplier
[{"Plan":{"Node Type":"Sort","Parallel Aware":false,"Async Capable":false,"Startup Cost":4048009.96,"Total Cost":4048010.11,"Plan Rows":62,"Plan Width":40,"Actual Startup Time":20877.262,"Actual Total Time":20877.296,"Actual Rows":11,"Actual Loops":1,"Output":["nation.n_name","(sum(order_line.ol_amount))"],"Sort Key":["(sum(order_line.ol_amount)) DESC"],"Sort Method":"quicksort","Sort Space Used":25,"Sort Space Type":"Memory","Shared Hit Blocks":98797,"Shared Read Blocks":0,"Shared Dirtied Blocks":0,"Shared Written Blocks":0,"Local Hit Blocks":0,"Local Read Blocks":0,"Local Dirtied Blocks":0,"Local Written Blocks":0,"Temp Read Blocks":131755,"Temp Written Blocks":131809,"I/O Read Time":0.0,"I/O Write Time":0.0,"Temp I/O Read Time":203.667,"Temp I/O Write Time":540.221,"Plans":[{"Node Type":"Aggregate","Strategy":"Sorted","Partial Mode":"Simple","Parent Relationship":"Outer","Parallel Aware":false,"Async Capable":false,"Startup Cost":4047856.32,"Total Cost":4048008.11,"Plan Rows":62,"Plan Width":40,"Actual Startup Time":20871.357,"Actual Total Time":20877.279,"Actual Rows":11,"Actual Loops":1,"Output":["nation.n_name","sum(order_line.ol_amount)"],"Group Key":["nation.n_name"],"Shared Hit Blocks":98797,"Shared Read Blocks":0,"Shared Dirtied Blocks":0,"Shared Written Blocks":0,"Local Hit Blocks":0,"Local Read Blocks":0,"Local Dirtied Blocks":0,"Local Written Blocks":0,"Temp Read Blocks":131755,"Temp Written Blocks":131809,"I/O Read Time":0.0,"I/O Write Time":0.0,"Temp I/O Read Time":203.667,"Temp I/O Write Time":540.221,"Plans":[{"Node Type":"Sort","Parent Relationship":"Outer","Parallel Aware":false,"Async Capable":false,"Startup Cost":4047856.32,"Total Cost":4047906.66,"Plan Rows":20136,"Plan Width":12,"Actual Startup Time":20870.921,"Actual Total Time":20872.729,"Actual Rows":35044,"Actual Loops":1,"Output":["nation.n_name","order_line.ol_amount"],"Sort Key":["nation.n_name"],"Sort Method":"quicksort","Sort Space Used":3146,"Sort Space Type":"Memory","Shared Hit Blocks":98797,"Shared Read Blocks":0,"Shared Dirtied Blocks":0,"Shared Written Blocks":0,"Local Hit Blocks":0,"Local Read Blocks":0,"Local Dirtied Blocks":0,"Local Written Blocks":0,"Temp Read Blocks":131755,"Temp Written Blocks":131809,"I/O Read Time":0.0,"I/O Write Time":0.0,"Temp I/O Read Time":203.667,"Temp I/O Write Time":540.221,"Plans":[{"Node Type":"Hash Join","Parent Relationship":"Outer","Parallel Aware":false,"Async Capable":false,"Join Type":"Inner","Startup Cost":3398548.87,"Total Cost":4046416.85,"Plan Rows":20136,"Plan Width":12,"Actual Startup Time":16955.066,"Actual Total Time":20852.328,"Actual Rows":35044,"Actual Loops":1,"Output":["nation.n_name","order_line.ol_amount"],"Inner Unique":true,"Hash Cond":"((mod((stock.s_w_id * stock.s_i_id), 10000) = supplier.su_suppkey) AND (customer.c_nationkey = supplier.su_nationkey))","Shared Hit Blocks":98797,"Shared Read Blocks":0,"Shared Dirtied Blocks":0,"Shared Written Blocks":0,"Local Hit Blocks":0,"Local Read Blocks":0,"Local Dirtied Blocks":0,"Local Written Blocks":0,"Temp Read Blocks":131755,"Temp Written Blocks":131809,"I/O Read Time":0.0,"I/O Write Time":0.0,"Temp I/O Read Time":203.667,"Temp I/O Write Time":540.221,"Plans":[{"Node Type":"Merge Join","Parent Relationship":"Outer","Parallel Aware":false,"Async Capable":false,"Join Type":"Inner","Startup Cost":3398179.84,"Total Cost":4039212.85,"Plan Rows":1242717,"Plan Width":26,"Actual Startup Time":16951.491,"Actual Total Time":20559.102,"Actual Rows":2218175,"Actual Loops":1,"Output":["customer.c_nationkey","order_line.ol_amount","stock.s_w_id","stock.s_i_id","nation.n_name","nation.n_nationkey"],"Inner Unique":true,"Merge Cond":"((customer.c_w_id = stock.s_w_id) AND (order_line.ol_i_id = stock.s_i_id))","Shared Hit Blocks":98797,"Shared Read Blocks":0,"Shared Dirtied Blocks":0,"Shared Written Blocks":0,"Local Hit Blocks":0,"Local Read Blocks":0,"Local Dirtied Blocks":0,"Local Written Blocks":0,"Temp Read Blocks":131755,"Temp Written Blocks":131809,"I/O Read Time":0.0,"I/O Write Time":0.0,"Temp I/O Read Time":203.667,"Temp I/O Write Time":540.221,"Plans":[{"Node Type":"Sort","Parent Relationship":"Outer","Parallel Aware":false,"Async Capable":false,"Startup Cost":3398179.41,"Total Cost":3401259.94,"Plan Rows":1232214,"Plan Width":30,"Actual Startup Time":16951.433,"Actual Total Time":17548.514,"Actual Rows":2218175,"Actual Loops":1,"Output":["customer.c_w_id","customer.c_nationkey","orders.o_w_id","order_line.ol_amount","order_line.ol_w_id","order_line.ol_i_id","nation.n_name","nation.n_nationkey"],"Sort Key":["customer.c_w_id","order_line.ol_i_id"],"Sort Method":"external merge","Sort Space Used":94520,"Sort Space Type":"Disk","Shared Hit Blocks":44124,"Shared Read Blocks":0,"Shared Dirtied Blocks":0,"Shared Written Blocks":0,"Local Hit Blocks":0,"Local Read Blocks":0,"Local Dirtied Blocks":0,"Local Written Blocks":0,"Temp Read Blocks":131755,"Temp Written Blocks":131809,"I/O Read Time":0.0,"I/O Write Time":0.0,"Temp I/O Read Time":203.667,"Temp I/O Write Time":540.221,"Plans":[{"Node Type":"Hash Join","Parent Relationship":"Outer","Parallel Aware":false,"Async Capable":false,"Join Type":"Inner","Startup Cost":797922.74,"Total Cost":3214555.58,"Plan Rows":1232214,"Plan Width":30,"Actual Startup Time":2983.131,"Actual Total Time":14324.769,"Actual Rows":2218175,"Actual Loops":1,"Output":["customer.c_w_id","customer.c_nationkey","orders.o_w_id","order_line.ol_amount","order_line.ol_w_id","order_line.ol_i_id","nation.n_name","nation.n_nationkey"],"Inner Unique":false,"Hash Cond":"(customer.c_nationkey = nation.n_nationkey)","Shared Hit Blocks":44124,"Shared Read Blocks":0,"Shared Dirtied Blocks":0,"Shared Written Blocks":0,"Local Hit Blocks":0,"Local Read Blocks":0,"Local Dirtied Blocks":0,"Local Written Blocks":0,"Temp Read Blocks":108135,"Temp Written Blocks":108135,"I/O Read Time":0.0,"I/O Write Time":0.0,"Temp I/O Read Time":168.508,"Temp I/O Write Time":477.874,"Plans":[{"Node Type":"Hash Join","Parent Relationship":"Outer","Parallel Aware":false,"Async Capable":false,"Join Type":"Inner","Startup Cost":797919.6,"Total Cost":3179523.77,"Plan Rows":6161071,"Plan Width":18,"Actual Startup Time":2976.47,"Actual Total Time":13490.525,"Actual Rows":8568663,"Actual Loops":1,"Output":["customer.c_w_id","customer.c_nationkey","orders.o_w_id","order_line.ol_amount","order_line.ol_w_id","order_line.ol_i_id"],"Inner Unique":true,"Hash Cond":"((orders.o_c_id = customer.c_id) AND (orders.o_w_id = customer.c_w_id) AND (orders.o_d_id = customer.c_d_id))","Shared Hit Blocks":44122,"Shared Read Blocks":0,"Shared Dirtied Blocks":0,"Shared Written Blocks":0,"Local Hit Blocks":0,"Local Read Blocks":0,"Local Dirtied Blocks":0,"Local Written Blocks":0,"Temp Read Blocks":108135,"Temp Written Blocks":108135,"I/O Read Time":0.0,"I/O Write Time":0.0,"Temp I/O Read Time":168.508,"Temp I/O Write Time":477.874,"Plans":[{"Node Type":"Hash Join","Parent Relationship":"Outer","Parallel Aware":false,"Async Capable":false,"Join Type":"Inner","Startup Cost":153823.65,"Total Cost":2385409.38,"Plan Rows":6161071,"Plan Width":20,"Actual Startup Time":640.785,"Actual Total Time":6870.404,"Actual Rows":8568663,"Actual Loops":1,"Output":["orders.o_c_id","orders.o_w_id","orders.o_d_id","order_line.ol_amount","order_line.ol_w_id","order_line.ol_d_id","order_line.ol_i_id"],"Inner Unique":true,"Hash Cond":"((order_line.ol_w_id = orders.o_w_id) AND (order_line.ol_d_id = orders.o_d_id) AND (order_line.ol_o_id = orders.o_id))","Shared Hit Blocks":44122,"Shared Read Blocks":0,"Shared Dirtied Blocks":0,"Shared Written Blocks":0,"Local Hit Blocks":0,"Local Read Blocks":0,"Local Dirtied Blocks":0,"Local Written Blocks":0,"Temp Read Blocks":43816,"Temp Written Blocks":43816,"I/O Read Time":0.0,"I/O Write Time":0.0,"Temp I/O Read Time":68.393,"Temp I/O Write Time":188.208,"Plans":[{"Node Type":"Append","Parent Relationship":"Outer","Parallel Aware":false,"Async Capable":false,"Startup Cost":20.0,"Total Cost":1403598.82,"Plan Rows":42039468,"Plan Width":20,"Actual Startup Time":1.4,"Actual Total Time":2573.682,"Actual Rows":8620885,"Actual Loops":1,"Shared Hit Blocks":0,"Shared Read Blocks":0,"Shared Dirtied Blocks":0,"Shared Written Blocks":0,"Local Hit Blocks":0,"Local Read Blocks":0,"Local Dirtied Blocks":0,"Local Written Blocks":0,"Temp Read Blocks":0,"Temp Written Blocks":0,"I/O Read Time":0.0,"I/O Write Time":0.0,"Temp I/O Read Time":0.0,"Temp I/O Write Time":0.0,"Subplans Removed":0,"Plans":[{"Node Type":"Custom Scan","Parent Relationship":"Member","Custom Plan Provider":"columnar scan","Parallel Aware":false,"Async Capable":false,"Relation Name":"order_line","Schema":"public","Alias":"order_line","Startup Cost":20.0,"Total Cost":1072026.23,"Plan Rows":42039424,"Plan Width":20,"Actual Startup Time":1.399,"Actual Total Time":1972.131,"Actual Rows":8620885,"Actual Loops":1,"Output":["order_line.ol_amount","order_line.ol_o_id","order_line.ol_w_id","order_line.ol_d_id","order_line.ol_i_id"],"Filter":"(order_line.ol_delivery_d >= '1992-01-02 20:10:02.27764'::timestamp without time zone)","Rows Removed by Filter":0,"Rows Removed by Columnar Filter":51372876,"Rows Filtered by Bloom Filter":0,"Dictionary Rows Filtered by Bloom Filter":51372876,"Columnar cache search mode":"native","Shared Hit Blocks":0,"Shared Read Blocks":0,"Shared Dirtied Blocks":0,"Shared Written Blocks":0,"Local Hit Blocks":0,"Local Read Blocks":0,"Local Dirtied Blocks":0,"Local Written Blocks":0,"Temp Read Blocks":0,"Temp Written Blocks":0,"I/O Read Time":0.0,"I/O Write Time":0.0,"Temp I/O Read Time":0.0,"Temp I/O Write Time":0.0},{"Node Type":"Seq Scan","Parent Relationship":"Member","Parallel Aware":false,"Async Capable":false,"Relation Name":"order_line","Schema":"public","Alias":"order_line","Startup Cost":0.0,"Total Cost":4.79,"Plan Rows":44,"Plan Width":20,"Actual Startup Time":0.0,"Actual Total Time":0.0,"Actual Rows":0,"Actual Loops":0,"Output":["order_line.ol_amount","order_line.ol_o_id","order_line.ol_w_id","order_line.ol_d_id","order_line.ol_i_id"],"Filter":"(order_line.ol_delivery_d >= '1992-01-02 20:10:02.27764'::timestamp without time zone)","Rows Removed by Filter":0,"Shared Hit Blocks":0,"Shared Read Blocks":0,"Shared Dirtied Blocks":0,"Shared Written Blocks":0,"Local Hit Blocks":0,"Local Read Blocks":0,"Local Dirtied Blocks":0,"Local Written Blocks":0,"Temp Read Blocks":0,"Temp Written Blocks":0,"I/O Read Time":0.0,"I/O Write Time":0.0,"Temp I/O Read Time":0.0,"Temp I/O Write Time":0.0}]},{"Node Type":"Hash","Parent Relationship":"Inner","Parallel Aware":false,"Async Capable":false,"Startup Cost":134121.52,"Total Cost":134121.52,"Plan Rows":879322,"Plan Width":16,"Actual Startup Time":638.281,"Actual Total Time":638.285,"Actual Rows":856801,"Actual Loops":1,"Output":["orders.o_c_id","orders.o_w_id","orders.o_d_id","orders.o_id"],"Hash Buckets":262144,"Original Hash Buckets":262144,"Hash Batches":8,"Original Hash Batches":8,"Peak Memory Usage":7070,"Shared Hit Blocks":44122,"Shared Read Blocks":0,"Shared Dirtied Blocks":0,"Shared Written Blocks":0,"Local Hit Blocks":0,"Local Read Blocks":0,"Local Dirtied Blocks":0,"Local Written Blocks":0,"Temp Read Blocks":0,"Temp Written Blocks":3290,"I/O Read Time":0.0,"I/O Write Time":0.0,"Temp I/O Read Time":0.0,"Temp I/O Write Time":15.095,"Plans":[{"Node Type":"Seq Scan","Parent Relationship":"Outer","Parallel Aware":false,"Async Capable":false,"Relation Name":"orders","Schema":"public","Alias":"orders","Startup Cost":0.0,"Total Cost":134121.52,"Plan Rows":879322,"Plan Width":16,"Actual Startup Time":0.59,"Actual Total Time":440.001,"Actual Rows":856801,"Actual Loops":1,"Output":["orders.o_c_id","orders.o_w_id","orders.o_d_id","orders.o_id"],"Filter":"((orders.o_entry_d >= '1993-01-02 20:10:02.27764'::timestamp without time zone) AND (orders.o_entry_d < '1994-01-02 20:10:02.27764'::timestamp without time zone))","Rows Removed by Filter":5143199,"Shared Hit Blocks":44122,"Shared Read Blocks":0,"Shared Dirtied Blocks":0,"Shared Written Blocks":0,"Local Hit Blocks":0,"Local Read Blocks":0,"Local Dirtied Blocks":0,"Local Written Blocks":0,"Temp Read Blocks":0,"Temp Written Blocks":0,"I/O Read Time":0.0,"I/O Write Time":0.0,"Temp I/O Read Time":0.0,"Temp I/O Write Time":0.0}]}]},{"Node Type":"Hash","Parent Relationship":"Inner","Parallel Aware":false,"Async Capable":false,"Startup Cost":509795.49,"Total Cost":509795.49,"Plan Rows":6000140,"Plan Width":12,"Actual Startup Time":2329.61,"Actual Total Time":2329.614,"Actual Rows":6000000,"Actual Loops":1,"Output":["customer.c_id","customer.c_w_id","customer.c_d_id","customer.c_nationkey"],"Hash Buckets":262144,"Original Hash Buckets":262144,"Hash Batches":64,"Original Hash Batches":64,"Peak Memory Usage":6073,"Shared Hit Blocks":0,"Shared Read Blocks":0,"Shared Dirtied Blocks":0,"Shared Written Blocks":0,"Local Hit Blocks":0,"Local Read Blocks":0,"Local Dirtied Blocks":0,"Local Written Blocks":0,"Temp Read Blocks":0,"Temp Written Blocks":23037,"I/O Read Time":0.0,"I/O Write Time":0.0,"Temp I/O Read Time":0.0,"Temp I/O Write Time":100.991,"Plans":[{"Node Type":"Append","Parent Relationship":"Outer","Parallel Aware":false,"Async Capable":false,"Startup Cost":20.0,"Total Cost":509795.49,"Plan Rows":6000140,"Plan Width":12,"Actual Startup Time":0.013,"Actual Total Time":1319.092,"Actual Rows":6000000,"Actual Loops":1,"Shared Hit Blocks":0,"Shared Read Blocks":0,"Shared Dirtied Blocks":0,"Shared Written Blocks":0,"Local Hit Blocks":0,"Local Read Blocks":0,"Local Dirtied Blocks":0,"Local Written Blocks":0,"Temp Read Blocks":0,"Temp Written Blocks":0,"I/O Read Time":0.0,"I/O Write Time":0.0,"Temp I/O Read Time":0.0,"Temp I/O Write Time":0.0,"Subplans Removed":0,"Plans":[{"Node Type":"Custom Scan","Parent Relationship":"Member","Custom Plan Provider":"columnar scan","Parallel Aware":false,"Async Capable":false,"Relation Name":"customer","Schema":"public","Alias":"customer","Startup Cost":20.0,"Total Cost":141020.06,"Plan Rows":6000000,"Plan Width":12,"Actual Startup Time":0.013,"Actual Total Time":895.263,"Actual Rows":6000000,"Actual Loops":1,"Output":["customer.c_id","customer.c_w_id","customer.c_d_id","customer.c_nationkey"],"Rows Removed by Columnar Filter":0,"Columnar cache search mode":"native","Shared Hit Blocks":0,"Shared Read Blocks":0,"Shared Dirtied Blocks":0,"Shared Written Blocks":0,"Local Hit Blocks":0,"Local Read Blocks":0,"Local Dirtied Blocks":0,"Local Written Blocks":0,"Temp Read Blocks":0,"Temp Written Blocks":0,"I/O Read Time":0.0,"I/O Write Time":0.0,"Temp I/O Read Time":0.0,"Temp I/O Write Time":0.0},{"Node Type":"Seq Scan","Parent Relationship":"Member","Parallel Aware":false,"Async Capable":false,"Relation Name":"customer","Schema":"public","Alias":"customer","Startup Cost":0.0,"Total Cost":5.4,"Plan Rows":140,"Plan Width":12,"Actual Startup Time":0.0,"Actual Total Time":0.0,"Actual Rows":0,"Actual Loops":0,"Output":["customer.c_id","customer.c_w_id","customer.c_d_id","customer.c_nationkey"],"Shared Hit Blocks":0,"Shared Read Blocks":0,"Shared Dirtied Blocks":0,"Shared Written Blocks":0,"Local Hit Blocks":0,"Local Read Blocks":0,"Local Dirtied Blocks":0,"Local Written Blocks":0,"Temp Read Blocks":0,"Temp Written Blocks":0,"I/O Read Time":0.0,"I/O Write Time":0.0,"Temp I/O Read Time":0.0,"Temp I/O Write Time":0.0}]}]}]},{"Node Type":"Hash","Parent Relationship":"Inner","Parallel Aware":false,"Async Capable":false,"Startup Cost":2.99,"Total Cost":2.99,"Plan Rows":12,"Plan Width":12,"Actual Startup Time":0.043,"Actual Total Time":0.048,"Actual Rows":22,"Actual Loops":1,"Output":["nation.n_name","nation.n_nationkey"],"Hash Buckets":1024,"Original Hash Buckets":1024,"Hash Batches":1,"Original Hash Batches":1,"Peak Memory Usage":9,"Shared Hit Blocks":2,"Shared Read Blocks":0,"Shared Dirtied Blocks":0,"Shared Written Blocks":0,"Local Hit Blocks":0,"Local Read Blocks":0,"Local Dirtied Blocks":0,"Local Written Blocks":0,"Temp Read Blocks":0,"Temp Written Blocks":0,"I/O Read Time":0.0,"I/O Write Time":0.0,"Temp I/O Read Time":0.0,"Temp I/O Write Time":0.0,"Plans":[{"Node Type":"Hash Join","Parent Relationship":"Outer","Parallel Aware":false,"Async Capable":false,"Join Type":"Inner","Startup Cost":1.07,"Total Cost":2.99,"Plan Rows":12,"Plan Width":12,"Actual Startup Time":0.026,"Actual Total Time":0.042,"Actual Rows":22,"Actual Loops":1,"Output":["nation.n_name","nation.n_nationkey"],"Inner Unique":true,"Hash Cond":"(nation.n_regionkey = region.r_regionkey)","Shared Hit Blocks":2,"Shared Read Blocks":0,"Shared Dirtied Blocks":0,"Shared Written Blocks":0,"Local Hit Blocks":0,"Local Read Blocks":0,"Local Dirtied Blocks":0,"Local Written Blocks":0,"Temp Read Blocks":0,"Temp Written Blocks":0,"I/O Read Time":0.0,"I/O Write Time":0.0,"Temp I/O Read Time":0.0,"Temp I/O Write Time":0.0,"Plans":[{"Node Type":"Seq Scan","Parent Relationship":"Outer","Parallel Aware":false,"Async Capable":false,"Relation Name":"nation","Schema":"public","Alias":"nation","Startup Cost":0.0,"Total Cost":1.62,"Plan Rows":62,"Plan Width":16,"Actual Startup Time":0.006,"Actual Total Time":0.01,"Actual Rows":62,"Actual Loops":1,"Output":["nation.n_nationkey","nation.n_name","nation.n_regionkey","nation.n_comment"],"Shared Hit Blocks":1,"Shared Read Blocks":0,"Shared Dirtied Blocks":0,"Shared Written Blocks":0,"Local Hit Blocks":0,"Local Read Blocks":0,"Local Dirtied Blocks":0,"Local Written Blocks":0,"Temp Read Blocks":0,"Temp Written Blocks":0,"I/O Read Time":0.0,"I/O Write Time":0.0,"Temp I/O Read Time":0.0,"Temp I/O Write Time":0.0},{"Node Type":"Hash","Parent Relationship":"Inner","Parallel Aware":false,"Async Capable":false,"Startup Cost":1.06,"Total Cost":1.06,"Plan Rows":1,"Plan Width":4,"Actual Startup Time":0.009,"Actual Total Time":0.01,"Actual Rows":1,"Actual Loops":1,"Output":["region.r_regionkey"],"Hash Buckets":1024,"Original Hash Buckets":1024,"Hash Batches":1,"Original Hash Batches":1,"Peak Memory Usage":9,"Shared Hit Blocks":1,"Shared Read Blocks":0,"Shared Dirtied Blocks":0,"Shared Written Blocks":0,"Local Hit Blocks":0,"Local Read Blocks":0,"Local Dirtied Blocks":0,"Local Written Blocks":0,"Temp Read Blocks":0,"Temp Written Blocks":0,"I/O Read Time":0.0,"I/O Write Time":0.0,"Temp I/O Read Time":0.0,"Temp I/O Write Time":0.0,"Plans":[{"Node Type":"Seq Scan","Parent Relationship":"Outer","Parallel Aware":false,"Async Capable":false,"Relation Name":"region","Schema":"public","Alias":"region","Startup Cost":0.0,"Total Cost":1.06,"Plan Rows":1,"Plan Width":4,"Actual Startup Time":0.007,"Actual Total Time":0.007,"Actual Rows":1,"Actual Loops":1,"Output":["region.r_regionkey"],"Filter":"((region.r_name)::text = 'Europe'::text)","Rows Removed by Filter":4,"Shared Hit Blocks":1,"Shared Read Blocks":0,"Shared Dirtied Blocks":0,"Shared Written Blocks":0,"Local Hit Blocks":0,"Local Read Blocks":0,"Local Dirtied Blocks":0,"Local Written Blocks":0,"Temp Read Blocks":0,"Temp Written Blocks":0,"I/O Read Time":0.0,"I/O Write Time":0.0,"Temp I/O Read Time":0.0,"Temp I/O Write Time":0.0}]}]}]}]}]},{"Node Type":"Index Only Scan","Parent Relationship":"Inner","Parallel Aware":false,"Async Capable":false,"Scan Direction":"Forward","Index Name":"stock_pk","Relation Name":"stock","Schema":"public","Alias":"stock","Startup Cost":0.44,"Total Cost":519363.62,"Plan Rows":20000212,"Plan Width":6,"Actual Startup Time":0.043,"Actual Total Time":1395.883,"Actual Rows":19999994,"Actual Loops":1,"Output":["stock.s_w_id","stock.s_i_id"],"Heap Fetches":0,"Shared Hit Blocks":54673,"Shared Read Blocks":0,"Shared Dirtied Blocks":0,"Shared Written Blocks":0,"Local Hit Blocks":0,"Local Read Blocks":0,"Local Dirtied Blocks":0,"Local Written Blocks":0,"Temp Read Blocks":0,"Temp Written Blocks":0,"I/O Read Time":0.0,"I/O Write Time":0.0,"Temp I/O Read Time":0.0,"Temp I/O Write Time":0.0}]},{"Node Type":"Hash","Parent Relationship":"Inner","Parallel Aware":false,"Async Capable":false,"Startup Cost":219.01,"Total Cost":219.01,"Plan Rows":10001,"Plan Width":8,"Actual Startup Time":3.134,"Actual Total Time":3.136,"Actual Rows":10000,"Actual Loops":1,"Output":["supplier.su_suppkey","supplier.su_nationkey"],"Hash Buckets":16384,"Original Hash Buckets":16384,"Hash Batches":1,"Original Hash Batches":1,"Peak Memory Usage":519,"Shared Hit Blocks":0,"Shared Read Blocks":0,"Shared Dirtied Blocks":0,"Shared Written Blocks":0,"Local Hit Blocks":0,"Local Read Blocks":0,"Local Dirtied Blocks":0,"Local Written Blocks":0,"Temp Read Blocks":0,"Temp Written Blocks":0,"I/O Read Time":0.0,"I/O Write Time":0.0,"Temp I/O Read Time":0.0,"Temp I/O Write Time":0.0,"Plans":[{"Node Type":"Append","Parent Relationship":"Outer","Parallel Aware":false,"Async Capable":false,"Startup Cost":20.0,"Total Cost":219.01,"Plan Rows":10001,"Plan Width":8,"Actual Startup Time":0.014,"Actual Total Time":1.783,"Actual Rows":10000,"Actual Loops":1,"Shared Hit Blocks":0,"Shared Read Blocks":0,"Shared Dirtied Blocks":0,"Shared Written Blocks":0,"Local Hit Blocks":0,"Local Read Blocks":0,"Local Dirtied Blocks":0,"Local Written Blocks":0,"Temp Read Blocks":0,"Temp Written Blocks":0,"I/O Read Time":0.0,"I/O Write Time":0.0,"Temp I/O Read Time":0.0,"Temp I/O Write Time":0.0,"Subplans Removed":0,"Plans":[{"Node Type":"Custom Scan","Parent Relationship":"Member","Custom Plan Provider":"columnar scan","Parallel Aware":false,"Async Capable":false,"Relation Name":"supplier","Schema":"public","Alias":"supplier","Startup Cost":20.0,"Total Cost":215.0,"Plan Rows":10000,"Plan Width":8,"Actual Startup Time":0.013,"Actual Total Time":1.073,"Actual Rows":10000,"Actual Loops":1,"Output":["supplier.su_suppkey","supplier.su_nationkey"],"Rows Removed by Columnar Filter":0,"Columnar cache search mode":"native","Shared Hit Blocks":0,"Shared Read Blocks":0,"Shared Dirtied Blocks":0,"Shared Written Blocks":0,"Local Hit Blocks":0,"Local Read Blocks":0,"Local Dirtied Blocks":0,"Local Written Blocks":0,"Temp Read Blocks":0,"Temp Written Blocks":0,"I/O Read Time":0.0,"I/O Write Time":0.0,"Temp I/O Read Time":0.0,"Temp I/O Write Time":0.0},{"Node Type":"Seq Scan","Parent Relationship":"Member","Parallel Aware":false,"Async Capable":false,"Relation Name":"supplier","Schema":"public","Alias":"supplier","Startup Cost":0.0,"Total Cost":4.01,"Plan Rows":1,"Plan Width":8,"Actual Startup Time":0.0,"Actual Total Time":0.0,"Actual Rows":0,"Actual Loops":0,"Output":["supplier.su_suppkey","supplier.su_nationkey"],"Shared Hit Blocks":0,"Shared Read Blocks":0,"Shared Dirtied Blocks":0,"Shared Written Blocks":0,"Local Hit Blocks":0,"Local Read Blocks":0,"Local Dirtied Blocks":0,"Local Written Blocks":0,"Temp Read Blocks":0,"Temp Written Blocks":0,"I/O Read Time":0.0,"I/O Write Time":0.0,"Temp I/O Read Time":0.0,"Temp I/O Write Time":0.0}]}]}]}]}]}]},"Planning":{"Shared Hit Blocks":220,"Shared Read Blocks":0,"Shared Dirtied Blocks":0,"Shared Written Blocks":0,"Local Hit Blocks":0,"Local Read Blocks":0,"Local Dirtied Blocks":0,"Local Written Blocks":0,"Temp Read Blocks":0,"Temp Written Blocks":0,"I/O Read Time":0.0,"I/O Write Time":0.0,"Temp I/O Read Time":0.0,"Temp I/O Write Time":0.0},"Planning Time":5.418,"Triggers":[],"Execution Time":20893.668}]
[列存组合]: customer, order_line, stock, supplier
[{"Plan":{"Node Type":"Sort","Parallel Aware":false,"Async Capable":false,"Startup Cost":2391426.54,"Total Cost":2391426.69,"Plan Rows":62,"Plan Width":40,"Actual Startup Time":10937.154,"Actual Total Time":10937.193,"Actual Rows":11,"Actual Loops":1,"Output":["nation.n_name","(sum(order_line.ol_amount))"],"Sort Key":["(sum(order_line.ol_amount)) DESC"],"Sort Method":"quicksort","Sort Space Used":25,"Sort Space Type":"Memory","Shared Hit Blocks":44124,"Shared Read Blocks":0,"Shared Dirtied Blocks":0,"Shared Written Blocks":0,"Local Hit Blocks":0,"Local Read Blocks":0,"Local Dirtied Blocks":0,"Local Written Blocks":0,"Temp Read Blocks":67001,"Temp Written Blocks":67001,"I/O Read Time":0.0,"I/O Write Time":0.0,"Temp I/O Read Time":103.916,"Temp I/O Write Time":303.674,"Plans":[{"Node Type":"Aggregate","Strategy":"Sorted","Partial Mode":"Simple","Parent Relationship":"Outer","Parallel Aware":false,"Async Capable":false,"Startup Cost":2391272.9,"Total Cost":2391424.69,"Plan Rows":62,"Plan Width":40,"Actual Startup Time":10930.923,"Actual Total Time":10937.176,"Actual Rows":11,"Actual Loops":1,"Output":["nation.n_name","sum(order_line.ol_amount)"],"Group Key":["nation.n_name"],"Shared Hit Blocks":44124,"Shared Read Blocks":0,"Shared Dirtied Blocks":0,"Shared Written Blocks":0,"Local Hit Blocks":0,"Local Read Blocks":0,"Local Dirtied Blocks":0,"Local Written Blocks":0,"Temp Read Blocks":67001,"Temp Written Blocks":67001,"I/O Read Time":0.0,"I/O Write Time":0.0,"Temp I/O Read Time":103.916,"Temp I/O Write Time":303.674,"Plans":[{"Node Type":"Sort","Parent Relationship":"Outer","Parallel Aware":false,"Async Capable":false,"Startup Cost":2391272.9,"Total Cost":2391323.24,"Plan Rows":20136,"Plan Width":12,"Actual Startup Time":10930.49,"Actual Total Time":10932.632,"Actual Rows":35044,"Actual Loops":1,"Output":["nation.n_name","order_line.ol_amount"],"Sort Key":["nation.n_name"],"Sort Method":"quicksort","Sort Space Used":3146,"Sort Space Type":"Memory","Shared Hit Blocks":44124,"Shared Read Blocks":0,"Shared Dirtied Blocks":0,"Shared Written Blocks":0,"Local Hit Blocks":0,"Local Read Blocks":0,"Local Dirtied Blocks":0,"Local Written Blocks":0,"Temp Read Blocks":67001,"Temp Written Blocks":67001,"I/O Read Time":0.0,"I/O Write Time":0.0,"Temp I/O Read Time":103.916,"Temp I/O Write Time":303.674,"Plans":[{"Node Type":"Hash Join","Parent Relationship":"Outer","Parallel Aware":false,"Async Capable":false,"Join Type":"Inner","Startup Cost":871824.55,"Total Cost":2389833.43,"Plan Rows":20136,"Plan Width":12,"Actual Startup Time":4328.685,"Actual Total Time":10913.794,"Actual Rows":35044,"Actual Loops":1,"Output":["nation.n_name","order_line.ol_amount"],"Hash Cond":"((orders.o_c_id = customer.c_id) AND (orders.o_w_id = customer.c_w_id) AND (orders.o_d_id = customer.c_d_id) AND (supplier.su_nationkey = customer.c_nationkey))","Shared Hit Blocks":44124,"Shared Read Blocks":0,"Shared Dirtied Blocks":0,"Shared Written Blocks":0,"Local Hit Blocks":0,"Local Read Blocks":0,"Local Dirtied Blocks":0,"Local Written Blocks":0,"Temp Read Blocks":67001,"Temp Written Blocks":67001,"I/O Read Time":0.0,"I/O Write Time":0.0,"Temp I/O Read Time":103.916,"Temp I/O Write Time":303.674,"Plans":[{"Node Type":"Hash Join","Parent Relationship":"Outer","Parallel Aware":false,"Async Capable":false,"Join Type":"Inner","Startup Cost":212728.26,"Total Cost":1668986.91,"Plan Rows":1242117,"Plan Width":34,"Actual Startup Time":1848.121,"Actual Total Time":6933.178,"Actual Rows":2982388,"Actual Loops":1,"Output":["orders.o_c_id","orders.o_w_id","orders.o_d_id","order_line.ol_amount","order_line.ol_w_id","order_line.ol_d_id","stock.s_w_id","supplier.su_nationkey","nation.n_name","nation.n_nationkey"],"Hash Cond":"((order_line.ol_w_id = orders.o_w_id) AND (order_line.ol_d_id = orders.o_d_id) AND (order_line.ol_o_id = orders.o_id))","Shared Hit Blocks":44124,"Shared Read Blocks":0,"Shared Dirtied Blocks":0,"Shared Written Blocks":0,"Local Hit Blocks":0,"Local Read Blocks":0,"Local Dirtied Blocks":0,"Local Written Blocks":0,"Temp Read Blocks":23127,"Temp Written Blocks":23127,"I/O Read Time":0.0,"I/O Write Time":0.0,"Temp I/O Read Time":36.253,"Temp I/O Write Time":106.336,"Plans":[{"Node Type":"Hash Join","Parent Relationship":"Outer","Parallel Aware":false,"Async Capable":false,"Join Type":"Inner","Startup Cost":58924.61,"Total Cost":1311895.2,"Plan Rows":8467814,"Plan Width":34,"Actual Startup Time":1206.203,"Actual Total Time":4709.631,"Actual Rows":3000322,"Actual Loops":1,"Output":["order_line.ol_amount","order_line.ol_o_id","order_line.ol_w_id","order_line.ol_d_id","stock.s_w_id","supplier.su_nationkey","nation.n_name","nation.n_nationkey"],"Hash Cond":"(mod((stock.s_w_id * stock.s_i_id), 10000) = supplier.su_suppkey)","Shared Hit Blocks":2,"Shared Read Blocks":0,"Shared Dirtied Blocks":0,"Shared Written Blocks":0,"Local Hit Blocks":0,"Local Read Blocks":0,"Local Dirtied Blocks":0,"Local Written Blocks":0,"Temp Read Blocks":0,"Temp Written Blocks":0,"I/O Read Time":0.0,"I/O Write Time":0.0,"Temp I/O Read Time":0.0,"Temp I/O Write Time":0.0,"Plans":[{"Node Type":"Hash Join","Parent Relationship":"Outer","Parallel Aware":false,"Async Capable":false,"Join Type":"Inner","Startup Cost":58620.59,"Total Cost":962293.85,"Plan Rows":42339072,"Plan Width":22,"Actual Startup Time":1203.561,"Actual Total Time":3314.561,"Actual Rows":8620885,"Actual Loops":1,"Output":["order_line.ol_amount","order_line.ol_o_id","order_line.ol_w_id","order_line.ol_d_id","stock.s_w_id","stock.s_i_id"],"Hash Cond":"((order_line.ol_w_id = stock.s_w_id) AND (order_line.ol_i_id = stock.s_i_id))","Rows Removed by Bloom Filter":0,"Shared Hit Blocks":0,"Shared Read Blocks":0,"Shared Dirtied Blocks":0,"Shared Written Blocks":0,"Local Hit Blocks":0,"Local Read Blocks":0,"Local Dirtied Blocks":0,"Local Written Blocks":0,"Temp Read Blocks":0,"Temp Written Blocks":0,"I/O Read Time":0.0,"I/O Write Time":0.0,"Temp I/O Read Time":0.0,"Temp I/O Write Time":0.0,"Plans":[{"Node Type":"Append","Parent Relationship":"Outer","Parallel Aware":false,"Async Capable":false,"Startup Cost":20.0,"Total Cost":1072031.01,"Plan Rows":42039468,"Plan Width":20,"Actual Startup Time":246.675,"Actual Total Time":246.687,"Actual Rows":8620885,"Actual Loops":1,"Shared Hit Blocks":0,"Shared Read Blocks":0,"Shared Dirtied Blocks":0,"Shared Written Blocks":0,"Local Hit Blocks":0,"Local Read Blocks":0,"Local Dirtied Blocks":0,"Local Written Blocks":0,"Temp Read Blocks":0,"Temp Written Blocks":0,"I/O Read Time":0.0,"I/O Write Time":0.0,"Temp I/O Read Time":0.0,"Temp I/O Write Time":0.0,"Subplans Removed":0,"Plans":[{"Node Type":"Custom Scan","Parent Relationship":"Member","Custom Plan Provider":"columnar scan","Parallel Aware":false,"Async Capable":false,"Relation Name":"order_line","Schema":"public","Alias":"order_line","Startup Cost":20.0,"Total Cost":1072026.23,"Plan Rows":42039424,"Plan Width":20,"Actual Startup Time":246.672,"Actual Total Time":246.674,"Actual Rows":8620885,"Actual Loops":1,"Output":["order_line.ol_amount","order_line.ol_o_id","order_line.ol_w_id","order_line.ol_d_id","order_line.ol_i_id"],"Filter":"(order_line.ol_delivery_d >= '1992-01-02 20:10:02.27764'::timestamp without time zone)","Rows Removed by Filter":0,"Rows Removed by Columnar Filter":51372876,"Rows Filtered by Bloom Filter":0,"Dictionary Rows Filtered by Bloom Filter":51372876,"Columnar cache search mode":"native","Shared Hit Blocks":0,"Shared Read Blocks":0,"Shared Dirtied Blocks":0,"Shared Written Blocks":0,"Local Hit Blocks":0,"Local Read Blocks":0,"Local Dirtied Blocks":0,"Local Written Blocks":0,"Temp Read Blocks":0,"Temp Written Blocks":0,"I/O Read Time":0.0,"I/O Write Time":0.0,"Temp I/O Read Time":0.0,"Temp I/O Write Time":0.0},{"Node Type":"Seq Scan","Parent Relationship":"Member","Parallel Aware":false,"Async Capable":false,"Relation Name":"order_line","Schema":"public","Alias":"order_line","Startup Cost":0.0,"Total Cost":4.79,"Plan Rows":44,"Plan Width":20,"Actual Startup Time":0.0,"Actual Total Time":0.0,"Actual Rows":0,"Actual Loops":0,"Output":["order_line.ol_amount","order_line.ol_o_id","order_line.ol_w_id","order_line.ol_d_id","order_line.ol_i_id"],"Filter":"(order_line.ol_delivery_d >= '1992-01-02 20:10:02.27764'::timestamp without time zone)","Rows Removed by Filter":0,"Shared Hit Blocks":0,"Shared Read Blocks":0,"Shared Dirtied Blocks":0,"Shared Written Blocks":0,"Local Hit Blocks":0,"Local Read Blocks":0,"Local Dirtied Blocks":0,"Local Written Blocks":0,"Temp Read Blocks":0,"Temp Written Blocks":0,"I/O Read Time":0.0,"I/O Write Time":0.0,"Temp I/O Read Time":0.0,"Temp I/O Write Time":0.0}]},{"Node Type":"Hash","Parent Relationship":"Inner","Parallel Aware":false,"Async Capable":false,"Startup Cost":390026.22,"Total Cost":390026.22,"Plan Rows":20000212,"Plan Width":6,"Actual Rows":20000000,"Actual Loops":1,"Output":["stock.s_w_id","stock.s_i_id"],"Shared Hit Blocks":0,"Shared Read Blocks":0,"Shared Dirtied Blocks":0,"Shared Written Blocks":0,"Local Hit Blocks":0,"Local Read Blocks":0,"Local Dirtied Blocks":0,"Local Written Blocks":0,"Temp Read Blocks":0,"Temp Written Blocks":0,"I/O Read Time":0.0,"I/O Write Time":0.0,"Temp I/O Read Time":0.0,"Temp I/O Write Time":0.0,"Plans":[{"Node Type":"Append","Parent Relationship":"Outer","Parallel Aware":false,"Async Capable":false,"Startup Cost":20.0,"Total Cost":390026.22,"Plan Rows":20000212,"Plan Width":6,"Actual Startup Time":0.43,"Actual Total Time":0.432,"Actual Rows":20000000,"Actual Loops":1,"Shared Hit Blocks":0,"Shared Read Blocks":0,"Shared Dirtied Blocks":0,"Shared Written Blocks":0,"Local Hit Blocks":0,"Local Read Blocks":0,"Local Dirtied Blocks":0,"Local Written Blocks":0,"Temp Read Blocks":0,"Temp Written Blocks":0,"I/O Read Time":0.0,"I/O Write Time":0.0,"Temp I/O Read Time":0.0,"Temp I/O Write Time":0.0,"Subplans Removed":0,"Plans":[{"Node Type":"Custom Scan","Parent Relationship":"Member","Custom Plan Provider":"columnar scan","Parallel Aware":false,"Async Capable":false,"Relation Name":"stock","Schema":"public","Alias":"stock","Startup Cost":20.0,"Total Cost":390020.1,"Plan Rows":20000000,"Plan Width":6,"Actual Startup Time":0.429,"Actual Total Time":0.429,"Actual Rows":20000000,"Actual Loops":1,"Output":["stock.s_w_id","stock.s_i_id"],"Rows Removed by Columnar Filter":0,"Columnar cache search mode":"native","Shared Hit Blocks":0,"Shared Read Blocks":0,"Shared Dirtied Blocks":0,"Shared Written Blocks":0,"Local Hit Blocks":0,"Local Read Blocks":0,"Local Dirtied Blocks":0,"Local Written Blocks":0,"Temp Read Blocks":0,"Temp Written Blocks":0,"I/O Read Time":0.0,"I/O Write Time":0.0,"Temp I/O Read Time":0.0,"Temp I/O Write Time":0.0},{"Node Type":"Seq Scan","Parent Relationship":"Member","Parallel Aware":false,"Async Capable":false,"Relation Name":"stock","Schema":"public","Alias":"stock","Startup Cost":0.0,"Total Cost":6.12,"Plan Rows":212,"Plan Width":6,"Actual Startup Time":0.0,"Actual Total Time":0.0,"Actual Rows":0,"Actual Loops":0,"Output":["stock.s_w_id","stock.s_i_id"],"Shared Hit Blocks":0,"Shared Read Blocks":0,"Shared Dirtied Blocks":0,"Shared Written Blocks":0,"Local Hit Blocks":0,"Local Read Blocks":0,"Local Dirtied Blocks":0,"Local Written Blocks":0,"Temp Read Blocks":0,"Temp Written Blocks":0,"I/O Read Time":0.0,"I/O Write Time":0.0,"Temp I/O Read Time":0.0,"Temp I/O Write Time":0.0}]}]}]},{"Node Type":"Hash","Parent Relationship":"Inner","Parallel Aware":false,"Async Capable":false,"Startup Cost":279.02,"Total Cost":279.02,"Plan Rows":2000,"Plan Width":20,"Actual Startup Time":2.589,"Actual Total Time":2.601,"Actual Rows":3506,"Actual Loops":1,"Output":["supplier.su_suppkey","supplier.su_nationkey","nation.n_name","nation.n_nationkey"],"Hash Buckets":4096,"Original Hash Buckets":2048,"Hash Batches":1,"Original Hash Batches":1,"Peak Memory Usage":217,"Shared Hit Blocks":2,"Shared Read Blocks":0,"Shared Dirtied Blocks":0,"Shared Written Blocks":0,"Local Hit Blocks":0,"Local Read Blocks":0,"Local Dirtied Blocks":0,"Local Written Blocks":0,"Temp Read Blocks":0,"Temp Written Blocks":0,"I/O Read Time":0.0,"I/O Write Time":0.0,"Temp I/O Read Time":0.0,"Temp I/O Write Time":0.0,"Plans":[{"Node Type":"Hash Join","Parent Relationship":"Outer","Parallel Aware":false,"Async Capable":false,"Join Type":"Inner","Startup Cost":23.14,"Total Cost":279.02,"Plan Rows":2000,"Plan Width":20,"Actual Startup Time":0.592,"Actual Total Time":2.019,"Actual Rows":3506,"Actual Loops":1,"Output":["supplier.su_suppkey","supplier.su_nationkey","nation.n_name","nation.n_nationkey"],"Hash Cond":"(supplier.su_nationkey = nation.n_nationkey)","Shared Hit Blocks":2,"Shared Read Blocks":0,"Shared Dirtied Blocks":0,"Shared Written Blocks":0,"Local Hit Blocks":0,"Local Read Blocks":0,"Local Dirtied Blocks":0,"Local Written Blocks":0,"Temp Read Blocks":0,"Temp Written Blocks":0,"I/O Read Time":0.0,"I/O Write Time":0.0,"Temp I/O Read Time":0.0,"Temp I/O Write Time":0.0,"Plans":[{"Node Type":"Append","Parent Relationship":"Outer","Parallel Aware":false,"Async Capable":false,"Startup Cost":20.0,"Total Cost":219.01,"Plan Rows":10001,"Plan Width":8,"Actual Startup Time":0.116,"Actual Total Time":0.882,"Actual Rows":3506,"Actual Loops":1,"Shared Hit Blocks":0,"Shared Read Blocks":0,"Shared Dirtied Blocks":0,"Shared Written Blocks":0,"Local Hit Blocks":0,"Local Read Blocks":0,"Local Dirtied Blocks":0,"Local Written Blocks":0,"Temp Read Blocks":0,"Temp Written Blocks":0,"I/O Read Time":0.0,"I/O Write Time":0.0,"Temp I/O Read Time":0.0,"Temp I/O Write Time":0.0,"Subplans Removed":0,"Plans":[{"Node Type":"Custom Scan","Parent Relationship":"Member","Custom Plan Provider":"columnar scan","Parallel Aware":false,"Async Capable":false,"Relation Name":"supplier","Schema":"public","Alias":"supplier","Startup Cost":20.0,"Total Cost":215.0,"Plan Rows":10000,"Plan Width":8,"Actual Startup Time":0.114,"Actual Total Time":0.626,"Actual Rows":3506,"Actual Loops":1,"Output":["supplier.su_suppkey","supplier.su_nationkey"],"Rows Removed by Columnar Filter":6494,"Rows Filtered by Bloom Filter":0,"Dictionary Rows Filtered by Bloom Filter":6494,"Columnar cache search mode":"native","Shared Hit Blocks":0,"Shared Read Blocks":0,"Shared Dirtied Blocks":0,"Shared Written Blocks":0,"Local Hit Blocks":0,"Local Read Blocks":0,"Local Dirtied Blocks":0,"Local Written Blocks":0,"Temp Read Blocks":0,"Temp Written Blocks":0,"I/O Read Time":0.0,"I/O Write Time":0.0,"Temp I/O Read Time":0.0,"Temp I/O Write Time":0.0},{"Node Type":"Seq Scan","Parent Relationship":"Member","Parallel Aware":false,"Async Capable":false,"Relation Name":"supplier","Schema":"public","Alias":"supplier","Startup Cost":0.0,"Total Cost":4.01,"Plan Rows":1,"Plan Width":8,"Actual Startup Time":0.0,"Actual Total Time":0.0,"Actual Rows":0,"Actual Loops":0,"Output":["supplier.su_suppkey","supplier.su_nationkey"],"Shared Hit Blocks":0,"Shared Read Blocks":0,"Shared Dirtied Blocks":0,"Shared Written Blocks":0,"Local Hit Blocks":0,"Local Read Blocks":0,"Local Dirtied Blocks":0,"Local Written Blocks":0,"Temp Read Blocks":0,"Temp Written Blocks":0,"I/O Read Time":0.0,"I/O Write Time":0.0,"Temp I/O Read Time":0.0,"Temp I/O Write Time":0.0}]},{"Node Type":"Hash","Parent Relationship":"Inner","Parallel Aware":false,"Async Capable":false,"Startup Cost":2.99,"Total Cost":2.99,"Plan Rows":12,"Plan Width":12,"Actual Startup Time":0.088,"Actual Total Time":0.094,"Actual Rows":22,"Actual Loops":1,"Output":["nation.n_name","nation.n_nationkey"],"Hash Buckets":1024,"Original Hash Buckets":1024,"Hash Batches":1,"Original Hash Batches":1,"Peak Memory Usage":9,"Shared Hit Blocks":2,"Shared Read Blocks":0,"Shared Dirtied Blocks":0,"Shared Written Blocks":0,"Local Hit Blocks":0,"Local Read Blocks":0,"Local Dirtied Blocks":0,"Local Written Blocks":0,"Temp Read Blocks":0,"Temp Written Blocks":0,"I/O Read Time":0.0,"I/O Write Time":0.0,"Temp I/O Read Time":0.0,"Temp I/O Write Time":0.0,"Plans":[{"Node Type":"Hash Join","Parent Relationship":"Outer","Parallel Aware":false,"Async Capable":false,"Join Type":"Inner","Startup Cost":1.07,"Total Cost":2.99,"Plan Rows":12,"Plan Width":12,"Actual Startup Time":0.067,"Actual Total Time":0.084,"Actual Rows":22,"Actual Loops":1,"Output":["nation.n_name","nation.n_nationkey"],"Hash Cond":"(nation.n_regionkey = region.r_regionkey)","Shared Hit Blocks":2,"Shared Read Blocks":0,"Shared Dirtied Blocks":0,"Shared Written Blocks":0,"Local Hit Blocks":0,"Local Read Blocks":0,"Local Dirtied Blocks":0,"Local Written Blocks":0,"Temp Read Blocks":0,"Temp Written Blocks":0,"I/O Read Time":0.0,"I/O Write Time":0.0,"Temp I/O Read Time":0.0,"Temp I/O Write Time":0.0,"Plans":[{"Node Type":"Seq Scan","Parent Relationship":"Outer","Parallel Aware":false,"Async Capable":false,"Relation Name":"nation","Schema":"public","Alias":"nation","Startup Cost":0.0,"Total Cost":1.62,"Plan Rows":62,"Plan Width":16,"Actual Startup Time":0.017,"Actual Total Time":0.021,"Actual Rows":62,"Actual Loops":1,"Output":["nation.n_nationkey","nation.n_name","nation.n_regionkey","nation.n_comment"],"Shared Hit Blocks":1,"Shared Read Blocks":0,"Shared Dirtied Blocks":0,"Shared Written Blocks":0,"Local Hit Blocks":0,"Local Read Blocks":0,"Local Dirtied Blocks":0,"Local Written Blocks":0,"Temp Read Blocks":0,"Temp Written Blocks":0,"I/O Read Time":0.0,"I/O Write Time":0.0,"Temp I/O Read Time":0.0,"Temp I/O Write Time":0.0},{"Node Type":"Hash","Parent Relationship":"Inner","Parallel Aware":false,"Async Capable":false,"Startup Cost":1.06,"Total Cost":1.06,"Plan Rows":1,"Plan Width":4,"Actual Startup Time":0.015,"Actual Total Time":0.018,"Actual Rows":1,"Actual Loops":1,"Output":["region.r_regionkey"],"Hash Buckets":1024,"Original Hash Buckets":1024,"Hash Batches":1,"Original Hash Batches":1,"Peak Memory Usage":9,"Shared Hit Blocks":1,"Shared Read Blocks":0,"Shared Dirtied Blocks":0,"Shared Written Blocks":0,"Local Hit Blocks":0,"Local Read Blocks":0,"Local Dirtied Blocks":0,"Local Written Blocks":0,"Temp Read Blocks":0,"Temp Written Blocks":0,"I/O Read Time":0.0,"I/O Write Time":0.0,"Temp I/O Read Time":0.0,"Temp I/O Write Time":0.0,"Plans":[{"Node Type":"Seq Scan","Parent Relationship":"Outer","Parallel Aware":false,"Async Capable":false,"Relation Name":"region","Schema":"public","Alias":"region","Startup Cost":0.0,"Total Cost":1.06,"Plan Rows":1,"Plan Width":4,"Actual Startup Time":0.01,"Actual Total Time":0.01,"Actual Rows":1,"Actual Loops":1,"Output":["region.r_regionkey"],"Filter":"((region.r_name)::text = 'Europe'::text)","Rows Removed by Filter":4,"Shared Hit Blocks":1,"Shared Read Blocks":0,"Shared Dirtied Blocks":0,"Shared Written Blocks":0,"Local Hit Blocks":0,"Local Read Blocks":0,"Local Dirtied Blocks":0,"Local Written Blocks":0,"Temp Read Blocks":0,"Temp Written Blocks":0,"I/O Read Time":0.0,"I/O Write Time":0.0,"Temp I/O Read Time":0.0,"Temp I/O Write Time":0.0}]}]}]}]}]}]},{"Node Type":"Hash","Parent Relationship":"Inner","Parallel Aware":false,"Async Capable":false,"Startup Cost":134121.52,"Total Cost":134121.52,"Plan Rows":879322,"Plan Width":16,"Actual Startup Time":640.422,"Actual Total Time":640.423,"Actual Rows":856801,"Actual Loops":1,"Output":["orders.o_c_id","orders.o_w_id","orders.o_d_id","orders.o_id"],"Hash Buckets":262144,"Original Hash Buckets":262144,"Hash Batches":8,"Original Hash Batches":8,"Peak Memory Usage":7070,"Shared Hit Blocks":44122,"Shared Read Blocks":0,"Shared Dirtied Blocks":0,"Shared Written Blocks":0,"Local Hit Blocks":0,"Local Read Blocks":0,"Local Dirtied Blocks":0,"Local Written Blocks":0,"Temp Read Blocks":0,"Temp Written Blocks":3290,"I/O Read Time":0.0,"I/O Write Time":0.0,"Temp I/O Read Time":0.0,"Temp I/O Write Time":15.049,"Plans":[{"Node Type":"Seq Scan","Parent Relationship":"Outer","Parallel Aware":false,"Async Capable":false,"Relation Name":"orders","Schema":"public","Alias":"orders","Startup Cost":0.0,"Total Cost":134121.52,"Plan Rows":879322,"Plan Width":16,"Actual Startup Time":0.616,"Actual Total Time":441.919,"Actual Rows":856801,"Actual Loops":1,"Output":["orders.o_c_id","orders.o_w_id","orders.o_d_id","orders.o_id"],"Filter":"((orders.o_entry_d >= '1993-01-02 20:10:02.27764'::timestamp without time zone) AND (orders.o_entry_d < '1994-01-02 20:10:02.27764'::timestamp without time zone))","Rows Removed by Filter":5143199,"Shared Hit Blocks":44122,"Shared Read Blocks":0,"Shared Dirtied Blocks":0,"Shared Written Blocks":0,"Local Hit Blocks":0,"Local Read Blocks":0,"Local Dirtied Blocks":0,"Local Written Blocks":0,"Temp Read Blocks":0,"Temp Written Blocks":0,"I/O Read Time":0.0,"I/O Write Time":0.0,"Temp I/O Read Time":0.0,"Temp I/O Write Time":0.0}]}]},{"Node Type":"Hash","Parent Relationship":"Inner","Parallel Aware":false,"Async Capable":false,"Startup Cost":509795.49,"Total Cost":509795.49,"Plan Rows":6000140,"Plan Width":12,"Actual Startup Time":2378.958,"Actual Total Time":2378.962,"Actual Rows":6000000,"Actual Loops":1,"Output":["customer.c_id","customer.c_w_id","customer.c_d_id","customer.c_nationkey"],"Hash Buckets":262144,"Original Hash Buckets":262144,"Hash Batches":64,"Original Hash Batches":64,"Peak Memory Usage":6083,"Shared Hit Blocks":0,"Shared Read Blocks":0,"Shared Dirtied Blocks":0,"Shared Written Blocks":0,"Local Hit Blocks":0,"Local Read Blocks":0,"Local Dirtied Blocks":0,"Local Written Blocks":0,"Temp Read Blocks":0,"Temp Written Blocks":23035,"I/O Read Time":0.0,"I/O Write Time":0.0,"Temp I/O Read Time":0.0,"Temp I/O Write Time":100.99,"Plans":[{"Node Type":"Append","Parent Relationship":"Outer","Parallel Aware":false,"Async Capable":false,"Startup Cost":20.0,"Total Cost":509795.49,"Plan Rows":6000140,"Plan Width":12,"Actual Startup Time":0.029,"Actual Total Time":1323.981,"Actual Rows":6000000,"Actual Loops":1,"Shared Hit Blocks":0,"Shared Read Blocks":0,"Shared Dirtied Blocks":0,"Shared Written Blocks":0,"Local Hit Blocks":0,"Local Read Blocks":0,"Local Dirtied Blocks":0,"Local Written Blocks":0,"Temp Read Blocks":0,"Temp Written Blocks":0,"I/O Read Time":0.0,"I/O Write Time":0.0,"Temp I/O Read Time":0.0,"Temp I/O Write Time":0.0,"Subplans Removed":0,"Plans":[{"Node Type":"Custom Scan","Parent Relationship":"Member","Custom Plan Provider":"columnar scan","Parallel Aware":false,"Async Capable":false,"Relation Name":"customer","Schema":"public","Alias":"customer","Startup Cost":20.0,"Total Cost":141020.06,"Plan Rows":6000000,"Plan Width":12,"Actual Startup Time":0.027,"Actual Total Time":905.173,"Actual Rows":6000000,"Actual Loops":1,"Output":["customer.c_id","customer.c_w_id","customer.c_d_id","customer.c_nationkey"],"Rows Removed by Columnar Filter":0,"Columnar cache search mode":"native","Shared Hit Blocks":0,"Shared Read Blocks":0,"Shared Dirtied Blocks":0,"Shared Written Blocks":0,"Local Hit Blocks":0,"Local Read Blocks":0,"Local Dirtied Blocks":0,"Local Written Blocks":0,"Temp Read Blocks":0,"Temp Written Blocks":0,"I/O Read Time":0.0,"I/O Write Time":0.0,"Temp I/O Read Time":0.0,"Temp I/O Write Time":0.0},{"Node Type":"Seq Scan","Parent Relationship":"Member","Parallel Aware":false,"Async Capable":false,"Relation Name":"customer","Schema":"public","Alias":"customer","Startup Cost":0.0,"Total Cost":5.4,"Plan Rows":140,"Plan Width":12,"Actual Startup Time":0.0,"Actual Total Time":0.0,"Actual Rows":0,"Actual Loops":0,"Output":["customer.c_id","customer.c_w_id","customer.c_d_id","customer.c_nationkey"],"Shared Hit Blocks":0,"Shared Read Blocks":0,"Shared Dirtied Blocks":0,"Shared Written Blocks":0,"Local Hit Blocks":0,"Local Read Blocks":0,"Local Dirtied Blocks":0,"Local Written Blocks":0,"Temp Read Blocks":0,"Temp Written Blocks":0,"I/O Read Time":0.0,"I/O Write Time":0.0,"Temp I/O Read Time":0.0,"Temp I/O Write Time":0.0}]}]}]}]}]}]},"Planning":{"Shared Hit Blocks":220,"Shared Read Blocks":0,"Shared Dirtied Blocks":0,"Shared Written Blocks":0,"Local Hit Blocks":0,"Local Read Blocks":0,"Local Dirtied Blocks":0,"Local Written Blocks":0,"Temp Read Blocks":0,"Temp Written Blocks":0,"I/O Read Time":0.0,"I/O Write Time":0.0,"Temp I/O Read Time":0.0,"Temp I/O Write Time":0.0},"Planning Time":6.564,"Triggers":[],"Execution Time":10944.03}]
[列存组合]: customer, orders, region, stock
[{"Plan":{"Node Type":"Sort","Parallel Aware":false,"Async Capable":false,"Startup Cost":4073550.09,"Total Cost":4073550.25,"Plan Rows":62,"Plan Width":40,"Actual Startup Time":33945.188,"Actual Total Time":33945.219,"Actual Rows":11,"Actual Loops":1,"Output":["nation.n_name","(sum(order_line.ol_amount))"],"Sort Key":["(sum(order_line.ol_amount)) DESC"],"Sort Method":"quicksort","Sort Space Used":25,"Sort Space Type":"Memory","Shared Hit Blocks":736640,"Shared Read Blocks":0,"Shared Dirtied Blocks":0,"Shared Written Blocks":0,"Local Hit Blocks":0,"Local Read Blocks":0,"Local Dirtied Blocks":0,"Local Written Blocks":0,"Temp Read Blocks":288611,"Temp Written Blocks":288665,"I/O Read Time":0.0,"I/O Write Time":0.0,"Temp I/O Read Time":434.447,"Temp I/O Write Time":1161.634,"Plans":[{"Node Type":"Aggregate","Strategy":"Sorted","Partial Mode":"Simple","Parent Relationship":"Outer","Parallel Aware":false,"Async Capable":false,"Startup Cost":4073396.45,"Total Cost":4073548.25,"Plan Rows":62,"Plan Width":40,"Actual Startup Time":33939.26,"Actual Total Time":33945.202,"Actual Rows":11,"Actual Loops":1,"Output":["nation.n_name","sum(order_line.ol_amount)"],"Group Key":["nation.n_name"],"Shared Hit Blocks":736640,"Shared Read Blocks":0,"Shared Dirtied Blocks":0,"Shared Written Blocks":0,"Local Hit Blocks":0,"Local Read Blocks":0,"Local Dirtied Blocks":0,"Local Written Blocks":0,"Temp Read Blocks":288611,"Temp Written Blocks":288665,"I/O Read Time":0.0,"I/O Write Time":0.0,"Temp I/O Read Time":434.447,"Temp I/O Write Time":1161.634,"Plans":[{"Node Type":"Sort","Parent Relationship":"Outer","Parallel Aware":false,"Async Capable":false,"Startup Cost":4073396.45,"Total Cost":4073446.79,"Plan Rows":20136,"Plan Width":12,"Actual Startup Time":33938.822,"Actual Total Time":33940.662,"Actual Rows":35044,"Actual Loops":1,"Output":["nation.n_name","order_line.ol_amount"],"Sort Key":["nation.n_name"],"Sort Method":"quicksort","Sort Space Used":3146,"Sort Space Type":"Memory","Shared Hit Blocks":736640,"Shared Read Blocks":0,"Shared Dirtied Blocks":0,"Shared Written Blocks":0,"Local Hit Blocks":0,"Local Read Blocks":0,"Local Dirtied Blocks":0,"Local Written Blocks":0,"Temp Read Blocks":288611,"Temp Written Blocks":288665,"I/O Read Time":0.0,"I/O Write Time":0.0,"Temp I/O Read Time":434.447,"Temp I/O Write Time":1161.634,"Plans":[{"Node Type":"Hash Join","Parent Relationship":"Outer","Parallel Aware":false,"Async Capable":false,"Join Type":"Inner","Startup Cost":3424089.0,"Total Cost":4071956.98,"Plan Rows":20136,"Plan Width":12,"Actual Startup Time":30014.868,"Actual Total Time":33918.988,"Actual Rows":35044,"Actual Loops":1,"Output":["nation.n_name","order_line.ol_amount"],"Inner Unique":true,"Hash Cond":"((mod((stock.s_w_id * stock.s_i_id), 10000) = supplier.su_suppkey) AND (customer.c_nationkey = supplier.su_nationkey))","Shared Hit Blocks":736640,"Shared Read Blocks":0,"Shared Dirtied Blocks":0,"Shared Written Blocks":0,"Local Hit Blocks":0,"Local Read Blocks":0,"Local Dirtied Blocks":0,"Local Written Blocks":0,"Temp Read Blocks":288611,"Temp Written Blocks":288665,"I/O Read Time":0.0,"I/O Write Time":0.0,"Temp I/O Read Time":434.447,"Temp I/O Write Time":1161.634,"Plans":[{"Node Type":"Merge Join","Parent Relationship":"Outer","Parallel Aware":false,"Async Capable":false,"Join Type":"Inner","Startup Cost":3423622.0,"Total Cost":4064655.01,"Plan Rows":1242717,"Plan Width":26,"Actual Startup Time":30011.844,"Actual Total Time":33638.34,"Actual Rows":2218175,"Actual Loops":1,"Output":["customer.c_nationkey","order_line.ol_amount","stock.s_w_id","stock.s_i_id","nation.n_name","nation.n_nationkey"],"Inner Unique":true,"Merge Cond":"((customer.c_w_id = stock.s_w_id) AND (order_line.ol_i_id = stock.s_i_id))","Shared Hit Blocks":736423,"Shared Read Blocks":0,"Shared Dirtied Blocks":0,"Shared Written Blocks":0,"Local Hit Blocks":0,"Local Read Blocks":0,"Local Dirtied Blocks":0,"Local Written Blocks":0,"Temp Read Blocks":288611,"Temp Written Blocks":288665,"I/O Read Time":0.0,"I/O Write Time":0.0,"Temp I/O Read Time":434.447,"Temp I/O Write Time":1161.634,"Plans":[{"Node Type":"Sort","Parent Relationship":"Outer","Parallel Aware":false,"Async Capable":false,"Startup Cost":3423621.57,"Total Cost":3426702.1,"Plan Rows":1232214,"Plan Width":30,"Actual Startup Time":30011.781,"Actual Total Time":30606.915,"Actual Rows":2218175,"Actual Loops":1,"Output":["customer.c_w_id","customer.c_nationkey","orders.o_w_id","order_line.ol_amount","order_line.ol_w_id","order_line.ol_i_id","nation.n_name","nation.n_nationkey"],"Sort Key":["customer.c_w_id","order_line.ol_i_id"],"Sort Method":"external merge","Sort Space Used":94520,"Sort Space Type":"Disk","Shared Hit Blocks":681750,"Shared Read Blocks":0,"Shared Dirtied Blocks":0,"Shared Written Blocks":0,"Local Hit Blocks":0,"Local Read Blocks":0,"Local Dirtied Blocks":0,"Local Written Blocks":0,"Temp Read Blocks":288611,"Temp Written Blocks":288665,"I/O Read Time":0.0,"I/O Write Time":0.0,"Temp I/O Read Time":434.447,"Temp I/O Write Time":1161.634,"Plans":[{"Node Type":"Hash Join","Parent Relationship":"Outer","Parallel Aware":false,"Async Capable":false,"Join Type":"Inner","Startup Cost":795272.92,"Total Cost":3239997.74,"Plan Rows":1232214,"Plan Width":30,"Actual Startup Time":2719.923,"Actual Total Time":27385.159,"Actual Rows":2218175,"Actual Loops":1,"Output":["customer.c_w_id","customer.c_nationkey","orders.o_w_id","order_line.ol_amount","order_line.ol_w_id","order_line.ol_i_id","nation.n_name","nation.n_nationkey"],"Inner Unique":false,"Hash Cond":"(customer.c_nationkey = nation.n_nationkey)","Shared Hit Blocks":681750,"Shared Read Blocks":0,"Shared Dirtied Blocks":0,"Shared Written Blocks":0,"Local Hit Blocks":0,"Local Read Blocks":0,"Local Dirtied Blocks":0,"Local Written Blocks":0,"Temp Read Blocks":264991,"Temp Written Blocks":264991,"I/O Read Time":0.0,"I/O Write Time":0.0,"Temp I/O Read Time":399.289,"Temp I/O Write Time":1099.557,"Plans":[{"Node Type":"Hash Join","Parent Relationship":"Outer","Parallel Aware":false,"Async Capable":false,"Join Type":"Inner","Startup Cost":795269.78,"Total Cost":3204965.93,"Plan Rows":6161071,"Plan Width":18,"Actual Startup Time":2712.112,"Actual Total Time":26550.301,"Actual Rows":8568663,"Actual Loops":1,"Output":["customer.c_w_id","customer.c_nationkey","orders.o_w_id","order_line.ol_amount","order_line.ol_w_id","order_line.ol_i_id"],"Inner Unique":true,"Hash Cond":"((orders.o_c_id = customer.c_id) AND (orders.o_w_id = customer.c_w_id) AND (orders.o_d_id = customer.c_d_id))","Shared Hit Blocks":681748,"Shared Read Blocks":0,"Shared Dirtied Blocks":0,"Shared Written Blocks":0,"Local Hit Blocks":0,"Local Read Blocks":0,"Local Dirtied Blocks":0,"Local Written Blocks":0,"Temp Read Blocks":264991,"Temp Written Blocks":264991,"I/O Read Time":0.0,"I/O Write Time":0.0,"Temp I/O Read Time":399.289,"Temp I/O Write Time":1099.557,"Plans":[{"Node Type":"Hash Join","Parent Relationship":"Outer","Parallel Aware":false,"Async Capable":false,"Join Type":"Inner","Startup Cost":151173.84,"Total Cost":2410851.54,"Plan Rows":6161071,"Plan Width":20,"Actual Startup Time":386.2,"Actual Total Time":19929.356,"Actual Rows":8568663,"Actual Loops":1,"Output":["orders.o_c_id","orders.o_w_id","orders.o_d_id","order_line.ol_amount","order_line.ol_w_id","order_line.ol_d_id","order_line.ol_i_id"],"Inner Unique":true,"Hash Cond":"((order_line.ol_w_id = orders.o_w_id) AND (order_line.ol_d_id = orders.o_d_id) AND (order_line.ol_o_id = orders.o_id))","Shared Hit Blocks":681748,"Shared Read Blocks":0,"Shared Dirtied Blocks":0,"Shared Written Blocks":0,"Local Hit Blocks":0,"Local Read Blocks":0,"Local Dirtied Blocks":0,"Local Written Blocks":0,"Temp Read Blocks":200672,"Temp Written Blocks":200672,"I/O Read Time":0.0,"I/O Write Time":0.0,"Temp I/O Read Time":300.111,"Temp I/O Write Time":800.434,"Plans":[{"Node Type":"Seq Scan","Parent Relationship":"Outer","Parallel Aware":false,"Async Capable":false,"Relation Name":"order_line","Schema":"public","Alias":"order_line","Startup Cost":0.0,"Total Cost":1431670.8,"Plan Rows":42039468,"Plan Width":20,"Actual Startup Time":0.006,"Actual Total Time":7319.835,"Actual Rows":42000489,"Actual Loops":1,"Output":["order_line.ol_amount","order_line.ol_o_id","order_line.ol_w_id","order_line.ol_d_id","order_line.ol_i_id"],"Filter":"(order_line.ol_delivery_d >= '1992-01-02 20:10:02.27764'::timestamp without time zone)","Rows Removed by Filter":17993272,"Shared Hit Blocks":681748,"Shared Read Blocks":0,"Shared Dirtied Blocks":0,"Shared Written Blocks":0,"Local Hit Blocks":0,"Local Read Blocks":0,"Local Dirtied Blocks":0,"Local Written Blocks":0,"Temp Read Blocks":0,"Temp Written Blocks":0,"I/O Read Time":0.0,"I/O Write Time":0.0,"Temp I/O Read Time":0.0,"Temp I/O Write Time":0.0},{"Node Type":"Hash","Parent Relationship":"Inner","Parallel Aware":false,"Async Capable":false,"Startup Cost":131491.69,"Total Cost":131491.69,"Plan Rows":879323,"Plan Width":16,"Actual Startup Time":351.483,"Actual Total Time":351.492,"Actual Rows":856801,"Actual Loops":1,"Output":["orders.o_c_id","orders.o_w_id","orders.o_d_id","orders.o_id"],"Hash Buckets":262144,"Original Hash Buckets":262144,"Hash Batches":8,"Original Hash Batches":8,"Peak Memory Usage":7070,"Shared Hit Blocks":0,"Shared Read Blocks":0,"Shared Dirtied Blocks":0,"Shared Written Blocks":0,"Local Hit Blocks":0,"Local Read Blocks":0,"Local Dirtied Blocks":0,"Local Written Blocks":0,"Temp Read Blocks":0,"Temp Written Blocks":3290,"I/O Read Time":0.0,"I/O Write Time":0.0,"Temp I/O Read Time":0.0,"Temp I/O Write Time":14.307,"Plans":[{"Node Type":"Append","Parent Relationship":"Outer","Parallel Aware":false,"Async Capable":false,"Startup Cost":20.0,"Total Cost":131491.69,"Plan Rows":879323,"Plan Width":16,"Actual Startup Time":0.482,"Actual Total Time":201.125,"Actual Rows":856801,"Actual Loops":1,"Shared Hit Blocks":0,"Shared Read Blocks":0,"Shared Dirtied Blocks":0,"Shared Written Blocks":0,"Local Hit Blocks":0,"Local Read Blocks":0,"Local Dirtied Blocks":0,"Local Written Blocks":0,"Temp Read Blocks":0,"Temp Written Blocks":0,"I/O Read Time":0.0,"I/O Write Time":0.0,"Temp I/O Read Time":0.0,"Temp I/O Write Time":0.0,"Subplans Removed":0,"Plans":[{"Node Type":"Custom Scan","Parent Relationship":"Member","Custom Plan Provider":"columnar scan","Parallel Aware":false,"Async Capable":false,"Relation Name":"orders","Schema":"public","Alias":"orders","Startup Cost":20.0,"Total Cost":20684.21,"Plan Rows":879322,"Plan Width":16,"Actual Startup Time":0.481,"Actual Total Time":140.848,"Actual Rows":856801,"Actual Loops":1,"Output":["orders.o_c_id","orders.o_w_id","orders.o_d_id","orders.o_id"],"Filter":"((orders.o_entry_d < '1994-01-02 20:10:02.27764'::timestamp without time zone) AND (orders.o_entry_d >= '1993-01-02 20:10:02.27764'::timestamp without time zone))","Rows Removed by Filter":0,"Rows Removed by Columnar Filter":5143199,"Columnar cache search mode":"native","Shared Hit Blocks":0,"Shared Read Blocks":0,"Shared Dirtied Blocks":0,"Shared Written Blocks":0,"Local Hit Blocks":0,"Local Read Blocks":0,"Local Dirtied Blocks":0,"Local Written Blocks":0,"Temp Read Blocks":0,"Temp Written Blocks":0,"I/O Read Time":0.0,"I/O Write Time":0.0,"Temp I/O Read Time":0.0,"Temp I/O Write Time":0.0},{"Node Type":"Seq Scan","Parent Relationship":"Member","Parallel Aware":false,"Async Capable":false,"Relation Name":"orders","Schema":"public","Alias":"orders","Startup Cost":0.0,"Total Cost":4.01,"Plan Rows":1,"Plan Width":16,"Actual Startup Time":0.0,"Actual Total Time":0.0,"Actual Rows":0,"Actual Loops":0,"Output":["orders.o_c_id","orders.o_w_id","orders.o_d_id","orders.o_id"],"Filter":"((orders.o_entry_d < '1994-01-02 20:10:02.27764'::timestamp without time zone) AND (orders.o_entry_d >= '1993-01-02 20:10:02.27764'::timestamp without time zone))","Rows Removed by Filter":0,"Shared Hit Blocks":0,"Shared Read Blocks":0,"Shared Dirtied Blocks":0,"Shared Written Blocks":0,"Local Hit Blocks":0,"Local Read Blocks":0,"Local Dirtied Blocks":0,"Local Written Blocks":0,"Temp Read Blocks":0,"Temp Written Blocks":0,"I/O Read Time":0.0,"I/O Write Time":0.0,"Temp I/O Read Time":0.0,"Temp I/O Write Time":0.0}]}]}]},{"Node Type":"Hash","Parent Relationship":"Inner","Parallel Aware":false,"Async Capable":false,"Startup Cost":509795.49,"Total Cost":509795.49,"Plan Rows":6000140,"Plan Width":12,"Actual Startup Time":2318.793,"Actual Total Time":2318.799,"Actual Rows":6000000,"Actual Loops":1,"Output":["customer.c_id","customer.c_w_id","customer.c_d_id","customer.c_nationkey"],"Hash Buckets":262144,"Original Hash Buckets":262144,"Hash Batches":64,"Original Hash Batches":64,"Peak Memory Usage":6073,"Shared Hit Blocks":0,"Shared Read Blocks":0,"Shared Dirtied Blocks":0,"Shared Written Blocks":0,"Local Hit Blocks":0,"Local Read Blocks":0,"Local Dirtied Blocks":0,"Local Written Blocks":0,"Temp Read Blocks":0,"Temp Written Blocks":23037,"I/O Read Time":0.0,"I/O Write Time":0.0,"Temp I/O Read Time":0.0,"Temp I/O Write Time":104.309,"Plans":[{"Node Type":"Append","Parent Relationship":"Outer","Parallel Aware":false,"Async Capable":false,"Startup Cost":20.0,"Total Cost":509795.49,"Plan Rows":6000140,"Plan Width":12,"Actual Startup Time":0.017,"Actual Total Time":1310.378,"Actual Rows":6000000,"Actual Loops":1,"Shared Hit Blocks":0,"Shared Read Blocks":0,"Shared Dirtied Blocks":0,"Shared Written Blocks":0,"Local Hit Blocks":0,"Local Read Blocks":0,"Local Dirtied Blocks":0,"Local Written Blocks":0,"Temp Read Blocks":0,"Temp Written Blocks":0,"I/O Read Time":0.0,"I/O Write Time":0.0,"Temp I/O Read Time":0.0,"Temp I/O Write Time":0.0,"Subplans Removed":0,"Plans":[{"Node Type":"Custom Scan","Parent Relationship":"Member","Custom Plan Provider":"columnar scan","Parallel Aware":false,"Async Capable":false,"Relation Name":"customer","Schema":"public","Alias":"customer","Startup Cost":20.0,"Total Cost":141020.06,"Plan Rows":6000000,"Plan Width":12,"Actual Startup Time":0.016,"Actual Total Time":896.57,"Actual Rows":6000000,"Actual Loops":1,"Output":["customer.c_id","customer.c_w_id","customer.c_d_id","customer.c_nationkey"],"Rows Removed by Columnar Filter":0,"Columnar cache search mode":"native","Shared Hit Blocks":0,"Shared Read Blocks":0,"Shared Dirtied Blocks":0,"Shared Written Blocks":0,"Local Hit Blocks":0,"Local Read Blocks":0,"Local Dirtied Blocks":0,"Local Written Blocks":0,"Temp Read Blocks":0,"Temp Written Blocks":0,"I/O Read Time":0.0,"I/O Write Time":0.0,"Temp I/O Read Time":0.0,"Temp I/O Write Time":0.0},{"Node Type":"Seq Scan","Parent Relationship":"Member","Parallel Aware":false,"Async Capable":false,"Relation Name":"customer","Schema":"public","Alias":"customer","Startup Cost":0.0,"Total Cost":5.4,"Plan Rows":140,"Plan Width":12,"Actual Startup Time":0.0,"Actual Total Time":0.0,"Actual Rows":0,"Actual Loops":0,"Output":["customer.c_id","customer.c_w_id","customer.c_d_id","customer.c_nationkey"],"Shared Hit Blocks":0,"Shared Read Blocks":0,"Shared Dirtied Blocks":0,"Shared Written Blocks":0,"Local Hit Blocks":0,"Local Read Blocks":0,"Local Dirtied Blocks":0,"Local Written Blocks":0,"Temp Read Blocks":0,"Temp Written Blocks":0,"I/O Read Time":0.0,"I/O Write Time":0.0,"Temp I/O Read Time":0.0,"Temp I/O Write Time":0.0}]}]}]},{"Node Type":"Hash","Parent Relationship":"Inner","Parallel Aware":false,"Async Capable":false,"Startup Cost":2.99,"Total Cost":2.99,"Plan Rows":12,"Plan Width":12,"Actual Startup Time":0.043,"Actual Total Time":0.048,"Actual Rows":22,"Actual Loops":1,"Output":["nation.n_name","nation.n_nationkey"],"Hash Buckets":1024,"Original Hash Buckets":1024,"Hash Batches":1,"Original Hash Batches":1,"Peak Memory Usage":9,"Shared Hit Blocks":2,"Shared Read Blocks":0,"Shared Dirtied Blocks":0,"Shared Written Blocks":0,"Local Hit Blocks":0,"Local Read Blocks":0,"Local Dirtied Blocks":0,"Local Written Blocks":0,"Temp Read Blocks":0,"Temp Written Blocks":0,"I/O Read Time":0.0,"I/O Write Time":0.0,"Temp I/O Read Time":0.0,"Temp I/O Write Time":0.0,"Plans":[{"Node Type":"Hash Join","Parent Relationship":"Outer","Parallel Aware":false,"Async Capable":false,"Join Type":"Inner","Startup Cost":1.07,"Total Cost":2.99,"Plan Rows":12,"Plan Width":12,"Actual Startup Time":0.027,"Actual Total Time":0.042,"Actual Rows":22,"Actual Loops":1,"Output":["nation.n_name","nation.n_nationkey"],"Inner Unique":true,"Hash Cond":"(nation.n_regionkey = region.r_regionkey)","Shared Hit Blocks":2,"Shared Read Blocks":0,"Shared Dirtied Blocks":0,"Shared Written Blocks":0,"Local Hit Blocks":0,"Local Read Blocks":0,"Local Dirtied Blocks":0,"Local Written Blocks":0,"Temp Read Blocks":0,"Temp Written Blocks":0,"I/O Read Time":0.0,"I/O Write Time":0.0,"Temp I/O Read Time":0.0,"Temp I/O Write Time":0.0,"Plans":[{"Node Type":"Seq Scan","Parent Relationship":"Outer","Parallel Aware":false,"Async Capable":false,"Relation Name":"nation","Schema":"public","Alias":"nation","Startup Cost":0.0,"Total Cost":1.62,"Plan Rows":62,"Plan Width":16,"Actual Startup Time":0.004,"Actual Total Time":0.008,"Actual Rows":62,"Actual Loops":1,"Output":["nation.n_nationkey","nation.n_name","nation.n_regionkey","nation.n_comment"],"Shared Hit Blocks":1,"Shared Read Blocks":0,"Shared Dirtied Blocks":0,"Shared Written Blocks":0,"Local Hit Blocks":0,"Local Read Blocks":0,"Local Dirtied Blocks":0,"Local Written Blocks":0,"Temp Read Blocks":0,"Temp Written Blocks":0,"I/O Read Time":0.0,"I/O Write Time":0.0,"Temp I/O Read Time":0.0,"Temp I/O Write Time":0.0},{"Node Type":"Hash","Parent Relationship":"Inner","Parallel Aware":false,"Async Capable":false,"Startup Cost":1.06,"Total Cost":1.06,"Plan Rows":1,"Plan Width":4,"Actual Startup Time":0.008,"Actual Total Time":0.009,"Actual Rows":1,"Actual Loops":1,"Output":["region.r_regionkey"],"Hash Buckets":1024,"Original Hash Buckets":1024,"Hash Batches":1,"Original Hash Batches":1,"Peak Memory Usage":9,"Shared Hit Blocks":1,"Shared Read Blocks":0,"Shared Dirtied Blocks":0,"Shared Written Blocks":0,"Local Hit Blocks":0,"Local Read Blocks":0,"Local Dirtied Blocks":0,"Local Written Blocks":0,"Temp Read Blocks":0,"Temp Written Blocks":0,"I/O Read Time":0.0,"I/O Write Time":0.0,"Temp I/O Read Time":0.0,"Temp I/O Write Time":0.0,"Plans":[{"Node Type":"Seq Scan","Parent Relationship":"Outer","Parallel Aware":false,"Async Capable":false,"Relation Name":"region","Schema":"public","Alias":"region","Startup Cost":0.0,"Total Cost":1.06,"Plan Rows":1,"Plan Width":4,"Actual Startup Time":0.006,"Actual Total Time":0.006,"Actual Rows":1,"Actual Loops":1,"Output":["region.r_regionkey"],"Filter":"((region.r_name)::text = 'Europe'::text)","Rows Removed by Filter":4,"Shared Hit Blocks":1,"Shared Read Blocks":0,"Shared Dirtied Blocks":0,"Shared Written Blocks":0,"Local Hit Blocks":0,"Local Read Blocks":0,"Local Dirtied Blocks":0,"Local Written Blocks":0,"Temp Read Blocks":0,"Temp Written Blocks":0,"I/O Read Time":0.0,"I/O Write Time":0.0,"Temp I/O Read Time":0.0,"Temp I/O Write Time":0.0}]}]}]}]}]},{"Node Type":"Index Only Scan","Parent Relationship":"Inner","Parallel Aware":false,"Async Capable":false,"Scan Direction":"Forward","Index Name":"stock_pk","Relation Name":"stock","Schema":"public","Alias":"stock","Startup Cost":0.44,"Total Cost":519363.62,"Plan Rows":20000212,"Plan Width":6,"Actual Startup Time":0.049,"Actual Total Time":1396.845,"Actual Rows":19999994,"Actual Loops":1,"Output":["stock.s_w_id","stock.s_i_id"],"Heap Fetches":0,"Shared Hit Blocks":54673,"Shared Read Blocks":0,"Shared Dirtied Blocks":0,"Shared Written Blocks":0,"Local Hit Blocks":0,"Local Read Blocks":0,"Local Dirtied Blocks":0,"Local Written Blocks":0,"Temp Read Blocks":0,"Temp Written Blocks":0,"I/O Read Time":0.0,"I/O Write Time":0.0,"Temp I/O Read Time":0.0,"Temp I/O Write Time":0.0}]},{"Node Type":"Hash","Parent Relationship":"Inner","Parallel Aware":false,"Async Capable":false,"Startup Cost":317.0,"Total Cost":317.0,"Plan Rows":10000,"Plan Width":8,"Actual Startup Time":2.586,"Actual Total Time":2.586,"Actual Rows":10000,"Actual Loops":1,"Output":["supplier.su_suppkey","supplier.su_nationkey"],"Hash Buckets":16384,"Original Hash Buckets":16384,"Hash Batches":1,"Original Hash Batches":1,"Peak Memory Usage":519,"Shared Hit Blocks":217,"Shared Read Blocks":0,"Shared Dirtied Blocks":0,"Shared Written Blocks":0,"Local Hit Blocks":0,"Local Read Blocks":0,"Local Dirtied Blocks":0,"Local Written Blocks":0,"Temp Read Blocks":0,"Temp Written Blocks":0,"I/O Read Time":0.0,"I/O Write Time":0.0,"Temp I/O Read Time":0.0,"Temp I/O Write Time":0.0,"Plans":[{"Node Type":"Seq Scan","Parent Relationship":"Outer","Parallel Aware":false,"Async Capable":false,"Relation Name":"supplier","Schema":"public","Alias":"supplier","Startup Cost":0.0,"Total Cost":317.0,"Plan Rows":10000,"Plan Width":8,"Actual Startup Time":0.011,"Actual Total Time":1.298,"Actual Rows":10000,"Actual Loops":1,"Output":["supplier.su_suppkey","supplier.su_nationkey"],"Shared Hit Blocks":217,"Shared Read Blocks":0,"Shared Dirtied Blocks":0,"Shared Written Blocks":0,"Local Hit Blocks":0,"Local Read Blocks":0,"Local Dirtied Blocks":0,"Local Written Blocks":0,"Temp Read Blocks":0,"Temp Written Blocks":0,"I/O Read Time":0.0,"I/O Write Time":0.0,"Temp I/O Read Time":0.0,"Temp I/O Write Time":0.0}]}]}]}]}]},"Planning":{"Shared Hit Blocks":220,"Shared Read Blocks":0,"Shared Dirtied Blocks":0,"Shared Written Blocks":0,"Local Hit Blocks":0,"Local Read Blocks":0,"Local Dirtied Blocks":0,"Local Written Blocks":0,"Temp Read Blocks":0,"Temp Written Blocks":0,"I/O Read Time":0.0,"I/O Write Time":0.0,"Temp I/O Read Time":0.0,"Temp I/O Write Time":0.0},"Planning Time":5.879,"Triggers":[],"Execution Time":33959.99}]
[列存组合]: customer, orders, region, supplier
[{"Plan":{"Node Type":"Sort","Parallel Aware":false,"Async Capable":false,"Startup Cost":4073452.12,"Total Cost":4073452.27,"Plan Rows":62,"Plan Width":40,"Actual Startup Time":33895.097,"Actual Total Time":33895.133,"Actual Rows":11,"Actual Loops":1,"Output":["nation.n_name","(sum(order_line.ol_amount))"],"Sort Key":["(sum(order_line.ol_amount)) DESC"],"Sort Method":"quicksort","Sort Space Used":25,"Sort Space Type":"Memory","Shared Hit Blocks":736423,"Shared Read Blocks":0,"Shared Dirtied Blocks":0,"Shared Written Blocks":0,"Local Hit Blocks":0,"Local Read Blocks":0,"Local Dirtied Blocks":0,"Local Written Blocks":0,"Temp Read Blocks":288611,"Temp Written Blocks":288665,"I/O Read Time":0.0,"I/O Write Time":0.0,"Temp I/O Read Time":433.482,"Temp I/O Write Time":1156.139,"Plans":[{"Node Type":"Aggregate","Strategy":"Sorted","Partial Mode":"Simple","Parent Relationship":"Outer","Parallel Aware":false,"Async Capable":false,"Startup Cost":4073298.48,"Total Cost":4073450.27,"Plan Rows":62,"Plan Width":40,"Actual Startup Time":33889.187,"Actual Total Time":33895.118,"Actual Rows":11,"Actual Loops":1,"Output":["nation.n_name","sum(order_line.ol_amount)"],"Group Key":["nation.n_name"],"Shared Hit Blocks":736423,"Shared Read Blocks":0,"Shared Dirtied Blocks":0,"Shared Written Blocks":0,"Local Hit Blocks":0,"Local Read Blocks":0,"Local Dirtied Blocks":0,"Local Written Blocks":0,"Temp Read Blocks":288611,"Temp Written Blocks":288665,"I/O Read Time":0.0,"I/O Write Time":0.0,"Temp I/O Read Time":433.482,"Temp I/O Write Time":1156.139,"Plans":[{"Node Type":"Sort","Parent Relationship":"Outer","Parallel Aware":false,"Async Capable":false,"Startup Cost":4073298.48,"Total Cost":4073348.82,"Plan Rows":20136,"Plan Width":12,"Actual Startup Time":33888.748,"Actual Total Time":33890.53,"Actual Rows":35044,"Actual Loops":1,"Output":["nation.n_name","order_line.ol_amount"],"Sort Key":["nation.n_name"],"Sort Method":"quicksort","Sort Space Used":3146,"Sort Space Type":"Memory","Shared Hit Blocks":736423,"Shared Read Blocks":0,"Shared Dirtied Blocks":0,"Shared Written Blocks":0,"Local Hit Blocks":0,"Local Read Blocks":0,"Local Dirtied Blocks":0,"Local Written Blocks":0,"Temp Read Blocks":288611,"Temp Written Blocks":288665,"I/O Read Time":0.0,"I/O Write Time":0.0,"Temp I/O Read Time":433.482,"Temp I/O Write Time":1156.139,"Plans":[{"Node Type":"Hash Join","Parent Relationship":"Outer","Parallel Aware":false,"Async Capable":false,"Join Type":"Inner","Startup Cost":3423991.03,"Total Cost":4071859.01,"Plan Rows":20136,"Plan Width":12,"Actual Startup Time":29992.334,"Actual Total Time":33869.464,"Actual Rows":35044,"Actual Loops":1,"Output":["nation.n_name","order_line.ol_amount"],"Inner Unique":true,"Hash Cond":"((mod((stock.s_w_id * stock.s_i_id), 10000) = supplier.su_suppkey) AND (customer.c_nationkey = supplier.su_nationkey))","Shared Hit Blocks":736423,"Shared Read Blocks":0,"Shared Dirtied Blocks":0,"Shared Written Blocks":0,"Local Hit Blocks":0,"Local Read Blocks":0,"Local Dirtied Blocks":0,"Local Written Blocks":0,"Temp Read Blocks":288611,"Temp Written Blocks":288665,"I/O Read Time":0.0,"I/O Write Time":0.0,"Temp I/O Read Time":433.482,"Temp I/O Write Time":1156.139,"Plans":[{"Node Type":"Merge Join","Parent Relationship":"Outer","Parallel Aware":false,"Async Capable":false,"Join Type":"Inner","Startup Cost":3423622.0,"Total Cost":4064655.01,"Plan Rows":1242717,"Plan Width":26,"Actual Startup Time":29988.726,"Actual Total Time":33586.507,"Actual Rows":2218175,"Actual Loops":1,"Output":["customer.c_nationkey","order_line.ol_amount","stock.s_w_id","stock.s_i_id","nation.n_name","nation.n_nationkey"],"Inner Unique":true,"Merge Cond":"((customer.c_w_id = stock.s_w_id) AND (order_line.ol_i_id = stock.s_i_id))","Shared Hit Blocks":736423,"Shared Read Blocks":0,"Shared Dirtied Blocks":0,"Shared Written Blocks":0,"Local Hit Blocks":0,"Local Read Blocks":0,"Local Dirtied Blocks":0,"Local Written Blocks":0,"Temp Read Blocks":288611,"Temp Written Blocks":288665,"I/O Read Time":0.0,"I/O Write Time":0.0,"Temp I/O Read Time":433.482,"Temp I/O Write Time":1156.139,"Plans":[{"Node Type":"Sort","Parent Relationship":"Outer","Parallel Aware":false,"Async Capable":false,"Startup Cost":3423621.57,"Total Cost":3426702.1,"Plan Rows":1232214,"Plan Width":30,"Actual Startup Time":29988.659,"Actual Total Time":30582.966,"Actual Rows":2218175,"Actual Loops":1,"Output":["customer.c_w_id","customer.c_nationkey","orders.o_w_id","order_line.ol_amount","order_line.ol_w_id","order_line.ol_i_id","nation.n_name","nation.n_nationkey"],"Sort Key":["customer.c_w_id","order_line.ol_i_id"],"Sort Method":"external merge","Sort Space Used":94520,"Sort Space Type":"Disk","Shared Hit Blocks":681750,"Shared Read Blocks":0,"Shared Dirtied Blocks":0,"Shared Written Blocks":0,"Local Hit Blocks":0,"Local Read Blocks":0,"Local Dirtied Blocks":0,"Local Written Blocks":0,"Temp Read Blocks":288611,"Temp Written Blocks":288665,"I/O Read Time":0.0,"I/O Write Time":0.0,"Temp I/O Read Time":433.482,"Temp I/O Write Time":1156.139,"Plans":[{"Node Type":"Hash Join","Parent Relationship":"Outer","Parallel Aware":false,"Async Capable":false,"Join Type":"Inner","Startup Cost":795272.92,"Total Cost":3239997.74,"Plan Rows":1232214,"Plan Width":30,"Actual Startup Time":2717.369,"Actual Total Time":27365.306,"Actual Rows":2218175,"Actual Loops":1,"Output":["customer.c_w_id","customer.c_nationkey","orders.o_w_id","order_line.ol_amount","order_line.ol_w_id","order_line.ol_i_id","nation.n_name","nation.n_nationkey"],"Inner Unique":false,"Hash Cond":"(customer.c_nationkey = nation.n_nationkey)","Shared Hit Blocks":681750,"Shared Read Blocks":0,"Shared Dirtied Blocks":0,"Shared Written Blocks":0,"Local Hit Blocks":0,"Local Read Blocks":0,"Local Dirtied Blocks":0,"Local Written Blocks":0,"Temp Read Blocks":264991,"Temp Written Blocks":264991,"I/O Read Time":0.0,"I/O Write Time":0.0,"Temp I/O Read Time":398.993,"Temp I/O Write Time":1093.982,"Plans":[{"Node Type":"Hash Join","Parent Relationship":"Outer","Parallel Aware":false,"Async Capable":false,"Join Type":"Inner","Startup Cost":795269.78,"Total Cost":3204965.93,"Plan Rows":6161071,"Plan Width":18,"Actual Startup Time":2709.548,"Actual Total Time":26532.474,"Actual Rows":8568663,"Actual Loops":1,"Output":["customer.c_w_id","customer.c_nationkey","orders.o_w_id","order_line.ol_amount","order_line.ol_w_id","order_line.ol_i_id"],"Inner Unique":true,"Hash Cond":"((orders.o_c_id = customer.c_id) AND (orders.o_w_id = customer.c_w_id) AND (orders.o_d_id = customer.c_d_id))","Shared Hit Blocks":681748,"Shared Read Blocks":0,"Shared Dirtied Blocks":0,"Shared Written Blocks":0,"Local Hit Blocks":0,"Local Read Blocks":0,"Local Dirtied Blocks":0,"Local Written Blocks":0,"Temp Read Blocks":264991,"Temp Written Blocks":264991,"I/O Read Time":0.0,"I/O Write Time":0.0,"Temp I/O Read Time":398.993,"Temp I/O Write Time":1093.982,"Plans":[{"Node Type":"Hash Join","Parent Relationship":"Outer","Parallel Aware":false,"Async Capable":false,"Join Type":"Inner","Startup Cost":151173.84,"Total Cost":2410851.54,"Plan Rows":6161071,"Plan Width":20,"Actual Startup Time":386.188,"Actual Total Time":19917.743,"Actual Rows":8568663,"Actual Loops":1,"Output":["orders.o_c_id","orders.o_w_id","orders.o_d_id","order_line.ol_amount","order_line.ol_w_id","order_line.ol_d_id","order_line.ol_i_id"],"Inner Unique":true,"Hash Cond":"((order_line.ol_w_id = orders.o_w_id) AND (order_line.ol_d_id = orders.o_d_id) AND (order_line.ol_o_id = orders.o_id))","Shared Hit Blocks":681748,"Shared Read Blocks":0,"Shared Dirtied Blocks":0,"Shared Written Blocks":0,"Local Hit Blocks":0,"Local Read Blocks":0,"Local Dirtied Blocks":0,"Local Written Blocks":0,"Temp Read Blocks":200672,"Temp Written Blocks":200672,"I/O Read Time":0.0,"I/O Write Time":0.0,"Temp I/O Read Time":301.204,"Temp I/O Write Time":797.215,"Plans":[{"Node Type":"Seq Scan","Parent Relationship":"Outer","Parallel Aware":false,"Async Capable":false,"Relation Name":"order_line","Schema":"public","Alias":"order_line","Startup Cost":0.0,"Total Cost":1431670.8,"Plan Rows":42039468,"Plan Width":20,"Actual Startup Time":0.006,"Actual Total Time":7301.797,"Actual Rows":42000489,"Actual Loops":1,"Output":["order_line.ol_amount","order_line.ol_o_id","order_line.ol_w_id","order_line.ol_d_id","order_line.ol_i_id"],"Filter":"(order_line.ol_delivery_d >= '1992-01-02 20:10:02.27764'::timestamp without time zone)","Rows Removed by Filter":17993272,"Shared Hit Blocks":681748,"Shared Read Blocks":0,"Shared Dirtied Blocks":0,"Shared Written Blocks":0,"Local Hit Blocks":0,"Local Read Blocks":0,"Local Dirtied Blocks":0,"Local Written Blocks":0,"Temp Read Blocks":0,"Temp Written Blocks":0,"I/O Read Time":0.0,"I/O Write Time":0.0,"Temp I/O Read Time":0.0,"Temp I/O Write Time":0.0},{"Node Type":"Hash","Parent Relationship":"Inner","Parallel Aware":false,"Async Capable":false,"Startup Cost":131491.69,"Total Cost":131491.69,"Plan Rows":879323,"Plan Width":16,"Actual Startup Time":351.745,"Actual Total Time":351.754,"Actual Rows":856801,"Actual Loops":1,"Output":["orders.o_c_id","orders.o_w_id","orders.o_d_id","orders.o_id"],"Hash Buckets":262144,"Original Hash Buckets":262144,"Hash Batches":8,"Original Hash Batches":8,"Peak Memory Usage":7070,"Shared Hit Blocks":0,"Shared Read Blocks":0,"Shared Dirtied Blocks":0,"Shared Written Blocks":0,"Local Hit Blocks":0,"Local Read Blocks":0,"Local Dirtied Blocks":0,"Local Written Blocks":0,"Temp Read Blocks":0,"Temp Written Blocks":3290,"I/O Read Time":0.0,"I/O Write Time":0.0,"Temp I/O Read Time":0.0,"Temp I/O Write Time":13.899,"Plans":[{"Node Type":"Append","Parent Relationship":"Outer","Parallel Aware":false,"Async Capable":false,"Startup Cost":20.0,"Total Cost":131491.69,"Plan Rows":879323,"Plan Width":16,"Actual Startup Time":0.517,"Actual Total Time":202.206,"Actual Rows":856801,"Actual Loops":1,"Shared Hit Blocks":0,"Shared Read Blocks":0,"Shared Dirtied Blocks":0,"Shared Written Blocks":0,"Local Hit Blocks":0,"Local Read Blocks":0,"Local Dirtied Blocks":0,"Local Written Blocks":0,"Temp Read Blocks":0,"Temp Written Blocks":0,"I/O Read Time":0.0,"I/O Write Time":0.0,"Temp I/O Read Time":0.0,"Temp I/O Write Time":0.0,"Subplans Removed":0,"Plans":[{"Node Type":"Custom Scan","Parent Relationship":"Member","Custom Plan Provider":"columnar scan","Parallel Aware":false,"Async Capable":false,"Relation Name":"orders","Schema":"public","Alias":"orders","Startup Cost":20.0,"Total Cost":20684.21,"Plan Rows":879322,"Plan Width":16,"Actual Startup Time":0.516,"Actual Total Time":139.781,"Actual Rows":856801,"Actual Loops":1,"Output":["orders.o_c_id","orders.o_w_id","orders.o_d_id","orders.o_id"],"Filter":"((orders.o_entry_d < '1994-01-02 20:10:02.27764'::timestamp without time zone) AND (orders.o_entry_d >= '1993-01-02 20:10:02.27764'::timestamp without time zone))","Rows Removed by Filter":0,"Rows Removed by Columnar Filter":5143199,"Columnar cache search mode":"native","Shared Hit Blocks":0,"Shared Read Blocks":0,"Shared Dirtied Blocks":0,"Shared Written Blocks":0,"Local Hit Blocks":0,"Local Read Blocks":0,"Local Dirtied Blocks":0,"Local Written Blocks":0,"Temp Read Blocks":0,"Temp Written Blocks":0,"I/O Read Time":0.0,"I/O Write Time":0.0,"Temp I/O Read Time":0.0,"Temp I/O Write Time":0.0},{"Node Type":"Seq Scan","Parent Relationship":"Member","Parallel Aware":false,"Async Capable":false,"Relation Name":"orders","Schema":"public","Alias":"orders","Startup Cost":0.0,"Total Cost":4.01,"Plan Rows":1,"Plan Width":16,"Actual Startup Time":0.0,"Actual Total Time":0.0,"Actual Rows":0,"Actual Loops":0,"Output":["orders.o_c_id","orders.o_w_id","orders.o_d_id","orders.o_id"],"Filter":"((orders.o_entry_d < '1994-01-02 20:10:02.27764'::timestamp without time zone) AND (orders.o_entry_d >= '1993-01-02 20:10:02.27764'::timestamp without time zone))","Rows Removed by Filter":0,"Shared Hit Blocks":0,"Shared Read Blocks":0,"Shared Dirtied Blocks":0,"Shared Written Blocks":0,"Local Hit Blocks":0,"Local Read Blocks":0,"Local Dirtied Blocks":0,"Local Written Blocks":0,"Temp Read Blocks":0,"Temp Written Blocks":0,"I/O Read Time":0.0,"I/O Write Time":0.0,"Temp I/O Read Time":0.0,"Temp I/O Write Time":0.0}]}]}]},{"Node Type":"Hash","Parent Relationship":"Inner","Parallel Aware":false,"Async Capable":false,"Startup Cost":509795.49,"Total Cost":509795.49,"Plan Rows":6000140,"Plan Width":12,"Actual Startup Time":2316.289,"Actual Total Time":2316.295,"Actual Rows":6000000,"Actual Loops":1,"Output":["customer.c_id","customer.c_w_id","customer.c_d_id","customer.c_nationkey"],"Hash Buckets":262144,"Original Hash Buckets":262144,"Hash Batches":64,"Original Hash Batches":64,"Peak Memory Usage":6073,"Shared Hit Blocks":0,"Shared Read Blocks":0,"Shared Dirtied Blocks":0,"Shared Written Blocks":0,"Local Hit Blocks":0,"Local Read Blocks":0,"Local Dirtied Blocks":0,"Local Written Blocks":0,"Temp Read Blocks":0,"Temp Written Blocks":23037,"I/O Read Time":0.0,"I/O Write Time":0.0,"Temp I/O Read Time":0.0,"Temp I/O Write Time":100.679,"Plans":[{"Node Type":"Append","Parent Relationship":"Outer","Parallel Aware":false,"Async Capable":false,"Startup Cost":20.0,"Total Cost":509795.49,"Plan Rows":6000140,"Plan Width":12,"Actual Startup Time":0.025,"Actual Total Time":1312.421,"Actual Rows":6000000,"Actual Loops":1,"Shared Hit Blocks":0,"Shared Read Blocks":0,"Shared Dirtied Blocks":0,"Shared Written Blocks":0,"Local Hit Blocks":0,"Local Read Blocks":0,"Local Dirtied Blocks":0,"Local Written Blocks":0,"Temp Read Blocks":0,"Temp Written Blocks":0,"I/O Read Time":0.0,"I/O Write Time":0.0,"Temp I/O Read Time":0.0,"Temp I/O Write Time":0.0,"Subplans Removed":0,"Plans":[{"Node Type":"Custom Scan","Parent Relationship":"Member","Custom Plan Provider":"columnar scan","Parallel Aware":false,"Async Capable":false,"Relation Name":"customer","Schema":"public","Alias":"customer","Startup Cost":20.0,"Total Cost":141020.06,"Plan Rows":6000000,"Plan Width":12,"Actual Startup Time":0.023,"Actual Total Time":896.758,"Actual Rows":6000000,"Actual Loops":1,"Output":["customer.c_id","customer.c_w_id","customer.c_d_id","customer.c_nationkey"],"Rows Removed by Columnar Filter":0,"Columnar cache search mode":"native","Shared Hit Blocks":0,"Shared Read Blocks":0,"Shared Dirtied Blocks":0,"Shared Written Blocks":0,"Local Hit Blocks":0,"Local Read Blocks":0,"Local Dirtied Blocks":0,"Local Written Blocks":0,"Temp Read Blocks":0,"Temp Written Blocks":0,"I/O Read Time":0.0,"I/O Write Time":0.0,"Temp I/O Read Time":0.0,"Temp I/O Write Time":0.0},{"Node Type":"Seq Scan","Parent Relationship":"Member","Parallel Aware":false,"Async Capable":false,"Relation Name":"customer","Schema":"public","Alias":"customer","Startup Cost":0.0,"Total Cost":5.4,"Plan Rows":140,"Plan Width":12,"Actual Startup Time":0.0,"Actual Total Time":0.0,"Actual Rows":0,"Actual Loops":0,"Output":["customer.c_id","customer.c_w_id","customer.c_d_id","customer.c_nationkey"],"Shared Hit Blocks":0,"Shared Read Blocks":0,"Shared Dirtied Blocks":0,"Shared Written Blocks":0,"Local Hit Blocks":0,"Local Read Blocks":0,"Local Dirtied Blocks":0,"Local Written Blocks":0,"Temp Read Blocks":0,"Temp Written Blocks":0,"I/O Read Time":0.0,"I/O Write Time":0.0,"Temp I/O Read Time":0.0,"Temp I/O Write Time":0.0}]}]}]},{"Node Type":"Hash","Parent Relationship":"Inner","Parallel Aware":false,"Async Capable":false,"Startup Cost":2.99,"Total Cost":2.99,"Plan Rows":12,"Plan Width":12,"Actual Startup Time":0.043,"Actual Total Time":0.048,"Actual Rows":22,"Actual Loops":1,"Output":["nation.n_name","nation.n_nationkey"],"Hash Buckets":1024,"Original Hash Buckets":1024,"Hash Batches":1,"Original Hash Batches":1,"Peak Memory Usage":9,"Shared Hit Blocks":2,"Shared Read Blocks":0,"Shared Dirtied Blocks":0,"Shared Written Blocks":0,"Local Hit Blocks":0,"Local Read Blocks":0,"Local Dirtied Blocks":0,"Local Written Blocks":0,"Temp Read Blocks":0,"Temp Written Blocks":0,"I/O Read Time":0.0,"I/O Write Time":0.0,"Temp I/O Read Time":0.0,"Temp I/O Write Time":0.0,"Plans":[{"Node Type":"Hash Join","Parent Relationship":"Outer","Parallel Aware":false,"Async Capable":false,"Join Type":"Inner","Startup Cost":1.07,"Total Cost":2.99,"Plan Rows":12,"Plan Width":12,"Actual Startup Time":0.026,"Actual Total Time":0.042,"Actual Rows":22,"Actual Loops":1,"Output":["nation.n_name","nation.n_nationkey"],"Inner Unique":true,"Hash Cond":"(nation.n_regionkey = region.r_regionkey)","Shared Hit Blocks":2,"Shared Read Blocks":0,"Shared Dirtied Blocks":0,"Shared Written Blocks":0,"Local Hit Blocks":0,"Local Read Blocks":0,"Local Dirtied Blocks":0,"Local Written Blocks":0,"Temp Read Blocks":0,"Temp Written Blocks":0,"I/O Read Time":0.0,"I/O Write Time":0.0,"Temp I/O Read Time":0.0,"Temp I/O Write Time":0.0,"Plans":[{"Node Type":"Seq Scan","Parent Relationship":"Outer","Parallel Aware":false,"Async Capable":false,"Relation Name":"nation","Schema":"public","Alias":"nation","Startup Cost":0.0,"Total Cost":1.62,"Plan Rows":62,"Plan Width":16,"Actual Startup Time":0.007,"Actual Total Time":0.011,"Actual Rows":62,"Actual Loops":1,"Output":["nation.n_nationkey","nation.n_name","nation.n_regionkey","nation.n_comment"],"Shared Hit Blocks":1,"Shared Read Blocks":0,"Shared Dirtied Blocks":0,"Shared Written Blocks":0,"Local Hit Blocks":0,"Local Read Blocks":0,"Local Dirtied Blocks":0,"Local Written Blocks":0,"Temp Read Blocks":0,"Temp Written Blocks":0,"I/O Read Time":0.0,"I/O Write Time":0.0,"Temp I/O Read Time":0.0,"Temp I/O Write Time":0.0},{"Node Type":"Hash","Parent Relationship":"Inner","Parallel Aware":false,"Async Capable":false,"Startup Cost":1.06,"Total Cost":1.06,"Plan Rows":1,"Plan Width":4,"Actual Startup Time":0.009,"Actual Total Time":0.01,"Actual Rows":1,"Actual Loops":1,"Output":["region.r_regionkey"],"Hash Buckets":1024,"Original Hash Buckets":1024,"Hash Batches":1,"Original Hash Batches":1,"Peak Memory Usage":9,"Shared Hit Blocks":1,"Shared Read Blocks":0,"Shared Dirtied Blocks":0,"Shared Written Blocks":0,"Local Hit Blocks":0,"Local Read Blocks":0,"Local Dirtied Blocks":0,"Local Written Blocks":0,"Temp Read Blocks":0,"Temp Written Blocks":0,"I/O Read Time":0.0,"I/O Write Time":0.0,"Temp I/O Read Time":0.0,"Temp I/O Write Time":0.0,"Plans":[{"Node Type":"Seq Scan","Parent Relationship":"Outer","Parallel Aware":false,"Async Capable":false,"Relation Name":"region","Schema":"public","Alias":"region","Startup Cost":0.0,"Total Cost":1.06,"Plan Rows":1,"Plan Width":4,"Actual Startup Time":0.007,"Actual Total Time":0.007,"Actual Rows":1,"Actual Loops":1,"Output":["region.r_regionkey"],"Filter":"((region.r_name)::text = 'Europe'::text)","Rows Removed by Filter":4,"Shared Hit Blocks":1,"Shared Read Blocks":0,"Shared Dirtied Blocks":0,"Shared Written Blocks":0,"Local Hit Blocks":0,"Local Read Blocks":0,"Local Dirtied Blocks":0,"Local Written Blocks":0,"Temp Read Blocks":0,"Temp Written Blocks":0,"I/O Read Time":0.0,"I/O Write Time":0.0,"Temp I/O Read Time":0.0,"Temp I/O Write Time":0.0}]}]}]}]}]},{"Node Type":"Index Only Scan","Parent Relationship":"Inner","Parallel Aware":false,"Async Capable":false,"Scan Direction":"Forward","Index Name":"stock_pk","Relation Name":"stock","Schema":"public","Alias":"stock","Startup Cost":0.44,"Total Cost":519363.62,"Plan Rows":20000212,"Plan Width":6,"Actual Startup Time":0.049,"Actual Total Time":1394.652,"Actual Rows":19999994,"Actual Loops":1,"Output":["stock.s_w_id","stock.s_i_id"],"Heap Fetches":0,"Shared Hit Blocks":54673,"Shared Read Blocks":0,"Shared Dirtied Blocks":0,"Shared Written Blocks":0,"Local Hit Blocks":0,"Local Read Blocks":0,"Local Dirtied Blocks":0,"Local Written Blocks":0,"Temp Read Blocks":0,"Temp Written Blocks":0,"I/O Read Time":0.0,"I/O Write Time":0.0,"Temp I/O Read Time":0.0,"Temp I/O Write Time":0.0}]},{"Node Type":"Hash","Parent Relationship":"Inner","Parallel Aware":false,"Async Capable":false,"Startup Cost":219.01,"Total Cost":219.01,"Plan Rows":10001,"Plan Width":8,"Actual Startup Time":3.18,"Actual Total Time":3.183,"Actual Rows":10000,"Actual Loops":1,"Output":["supplier.su_suppkey","supplier.su_nationkey"],"Hash Buckets":16384,"Original Hash Buckets":16384,"Hash Batches":1,"Original Hash Batches":1,"Peak Memory Usage":519,"Shared Hit Blocks":0,"Shared Read Blocks":0,"Shared Dirtied Blocks":0,"Shared Written Blocks":0,"Local Hit Blocks":0,"Local Read Blocks":0,"Local Dirtied Blocks":0,"Local Written Blocks":0,"Temp Read Blocks":0,"Temp Written Blocks":0,"I/O Read Time":0.0,"I/O Write Time":0.0,"Temp I/O Read Time":0.0,"Temp I/O Write Time":0.0,"Plans":[{"Node Type":"Append","Parent Relationship":"Outer","Parallel Aware":false,"Async Capable":false,"Startup Cost":20.0,"Total Cost":219.01,"Plan Rows":10001,"Plan Width":8,"Actual Startup Time":0.014,"Actual Total Time":1.889,"Actual Rows":10000,"Actual Loops":1,"Shared Hit Blocks":0,"Shared Read Blocks":0,"Shared Dirtied Blocks":0,"Shared Written Blocks":0,"Local Hit Blocks":0,"Local Read Blocks":0,"Local Dirtied Blocks":0,"Local Written Blocks":0,"Temp Read Blocks":0,"Temp Written Blocks":0,"I/O Read Time":0.0,"I/O Write Time":0.0,"Temp I/O Read Time":0.0,"Temp I/O Write Time":0.0,"Subplans Removed":0,"Plans":[{"Node Type":"Custom Scan","Parent Relationship":"Member","Custom Plan Provider":"columnar scan","Parallel Aware":false,"Async Capable":false,"Relation Name":"supplier","Schema":"public","Alias":"supplier","Startup Cost":20.0,"Total Cost":215.0,"Plan Rows":10000,"Plan Width":8,"Actual Startup Time":0.013,"Actual Total Time":1.115,"Actual Rows":10000,"Actual Loops":1,"Output":["supplier.su_suppkey","supplier.su_nationkey"],"Rows Removed by Columnar Filter":0,"Columnar cache search mode":"native","Shared Hit Blocks":0,"Shared Read Blocks":0,"Shared Dirtied Blocks":0,"Shared Written Blocks":0,"Local Hit Blocks":0,"Local Read Blocks":0,"Local Dirtied Blocks":0,"Local Written Blocks":0,"Temp Read Blocks":0,"Temp Written Blocks":0,"I/O Read Time":0.0,"I/O Write Time":0.0,"Temp I/O Read Time":0.0,"Temp I/O Write Time":0.0},{"Node Type":"Seq Scan","Parent Relationship":"Member","Parallel Aware":false,"Async Capable":false,"Relation Name":"supplier","Schema":"public","Alias":"supplier","Startup Cost":0.0,"Total Cost":4.01,"Plan Rows":1,"Plan Width":8,"Actual Startup Time":0.0,"Actual Total Time":0.0,"Actual Rows":0,"Actual Loops":0,"Output":["supplier.su_suppkey","supplier.su_nationkey"],"Shared Hit Blocks":0,"Shared Read Blocks":0,"Shared Dirtied Blocks":0,"Shared Written Blocks":0,"Local Hit Blocks":0,"Local Read Blocks":0,"Local Dirtied Blocks":0,"Local Written Blocks":0,"Temp Read Blocks":0,"Temp Written Blocks":0,"I/O Read Time":0.0,"I/O Write Time":0.0,"Temp I/O Read Time":0.0,"Temp I/O Write Time":0.0}]}]}]}]}]}]},"Planning":{"Shared Hit Blocks":220,"Shared Read Blocks":0,"Shared Dirtied Blocks":0,"Shared Written Blocks":0,"Local Hit Blocks":0,"Local Read Blocks":0,"Local Dirtied Blocks":0,"Local Written Blocks":0,"Temp Read Blocks":0,"Temp Written Blocks":0,"I/O Read Time":0.0,"I/O Write Time":0.0,"Temp I/O Read Time":0.0,"Temp I/O Write Time":0.0},"Planning Time":5.082,"Triggers":[],"Execution Time":33909.992}]
[列存组合]: customer, orders, stock, supplier
[{"Plan":{"Node Type":"Sort","Parallel Aware":false,"Async Capable":false,"Startup Cost":4073452.12,"Total Cost":4073452.27,"Plan Rows":62,"Plan Width":40,"Actual Startup Time":33978.465,"Actual Total Time":33978.499,"Actual Rows":11,"Actual Loops":1,"Output":["nation.n_name","(sum(order_line.ol_amount))"],"Sort Key":["(sum(order_line.ol_amount)) DESC"],"Sort Method":"quicksort","Sort Space Used":25,"Sort Space Type":"Memory","Shared Hit Blocks":736423,"Shared Read Blocks":0,"Shared Dirtied Blocks":0,"Shared Written Blocks":0,"Local Hit Blocks":0,"Local Read Blocks":0,"Local Dirtied Blocks":0,"Local Written Blocks":0,"Temp Read Blocks":288611,"Temp Written Blocks":288665,"I/O Read Time":0.0,"I/O Write Time":0.0,"Temp I/O Read Time":434.214,"Temp I/O Write Time":1154.157,"Plans":[{"Node Type":"Aggregate","Strategy":"Sorted","Partial Mode":"Simple","Parent Relationship":"Outer","Parallel Aware":false,"Async Capable":false,"Startup Cost":4073298.48,"Total Cost":4073450.27,"Plan Rows":62,"Plan Width":40,"Actual Startup Time":33972.576,"Actual Total Time":33978.482,"Actual Rows":11,"Actual Loops":1,"Output":["nation.n_name","sum(order_line.ol_amount)"],"Group Key":["nation.n_name"],"Shared Hit Blocks":736423,"Shared Read Blocks":0,"Shared Dirtied Blocks":0,"Shared Written Blocks":0,"Local Hit Blocks":0,"Local Read Blocks":0,"Local Dirtied Blocks":0,"Local Written Blocks":0,"Temp Read Blocks":288611,"Temp Written Blocks":288665,"I/O Read Time":0.0,"I/O Write Time":0.0,"Temp I/O Read Time":434.214,"Temp I/O Write Time":1154.157,"Plans":[{"Node Type":"Sort","Parent Relationship":"Outer","Parallel Aware":false,"Async Capable":false,"Startup Cost":4073298.48,"Total Cost":4073348.82,"Plan Rows":20136,"Plan Width":12,"Actual Startup Time":33972.137,"Actual Total Time":33973.908,"Actual Rows":35044,"Actual Loops":1,"Output":["nation.n_name","order_line.ol_amount"],"Sort Key":["nation.n_name"],"Sort Method":"quicksort","Sort Space Used":3146,"Sort Space Type":"Memory","Shared Hit Blocks":736423,"Shared Read Blocks":0,"Shared Dirtied Blocks":0,"Shared Written Blocks":0,"Local Hit Blocks":0,"Local Read Blocks":0,"Local Dirtied Blocks":0,"Local Written Blocks":0,"Temp Read Blocks":288611,"Temp Written Blocks":288665,"I/O Read Time":0.0,"I/O Write Time":0.0,"Temp I/O Read Time":434.214,"Temp I/O Write Time":1154.157,"Plans":[{"Node Type":"Hash Join","Parent Relationship":"Outer","Parallel Aware":false,"Async Capable":false,"Join Type":"Inner","Startup Cost":3423991.03,"Total Cost":4071859.01,"Plan Rows":20136,"Plan Width":12,"Actual Startup Time":30036.602,"Actual Total Time":33953.139,"Actual Rows":35044,"Actual Loops":1,"Output":["nation.n_name","order_line.ol_amount"],"Inner Unique":true,"Hash Cond":"((mod((stock.s_w_id * stock.s_i_id), 10000) = supplier.su_suppkey) AND (customer.c_nationkey = supplier.su_nationkey))","Shared Hit Blocks":736423,"Shared Read Blocks":0,"Shared Dirtied Blocks":0,"Shared Written Blocks":0,"Local Hit Blocks":0,"Local Read Blocks":0,"Local Dirtied Blocks":0,"Local Written Blocks":0,"Temp Read Blocks":288611,"Temp Written Blocks":288665,"I/O Read Time":0.0,"I/O Write Time":0.0,"Temp I/O Read Time":434.214,"Temp I/O Write Time":1154.157,"Plans":[{"Node Type":"Merge Join","Parent Relationship":"Outer","Parallel Aware":false,"Async Capable":false,"Join Type":"Inner","Startup Cost":3423622.0,"Total Cost":4064655.01,"Plan Rows":1242717,"Plan Width":26,"Actual Startup Time":30033.085,"Actual Total Time":33669.572,"Actual Rows":2218175,"Actual Loops":1,"Output":["customer.c_nationkey","order_line.ol_amount","stock.s_w_id","stock.s_i_id","nation.n_name","nation.n_nationkey"],"Inner Unique":true,"Merge Cond":"((customer.c_w_id = stock.s_w_id) AND (order_line.ol_i_id = stock.s_i_id))","Shared Hit Blocks":736423,"Shared Read Blocks":0,"Shared Dirtied Blocks":0,"Shared Written Blocks":0,"Local Hit Blocks":0,"Local Read Blocks":0,"Local Dirtied Blocks":0,"Local Written Blocks":0,"Temp Read Blocks":288611,"Temp Written Blocks":288665,"I/O Read Time":0.0,"I/O Write Time":0.0,"Temp I/O Read Time":434.214,"Temp I/O Write Time":1154.157,"Plans":[{"Node Type":"Sort","Parent Relationship":"Outer","Parallel Aware":false,"Async Capable":false,"Startup Cost":3423621.57,"Total Cost":3426702.1,"Plan Rows":1232214,"Plan Width":30,"Actual Startup Time":30033.025,"Actual Total Time":30628.222,"Actual Rows":2218175,"Actual Loops":1,"Output":["customer.c_w_id","customer.c_nationkey","orders.o_w_id","order_line.ol_amount","order_line.ol_w_id","order_line.ol_i_id","nation.n_name","nation.n_nationkey"],"Sort Key":["customer.c_w_id","order_line.ol_i_id"],"Sort Method":"external merge","Sort Space Used":94520,"Sort Space Type":"Disk","Shared Hit Blocks":681750,"Shared Read Blocks":0,"Shared Dirtied Blocks":0,"Shared Written Blocks":0,"Local Hit Blocks":0,"Local Read Blocks":0,"Local Dirtied Blocks":0,"Local Written Blocks":0,"Temp Read Blocks":288611,"Temp Written Blocks":288665,"I/O Read Time":0.0,"I/O Write Time":0.0,"Temp I/O Read Time":434.214,"Temp I/O Write Time":1154.157,"Plans":[{"Node Type":"Hash Join","Parent Relationship":"Outer","Parallel Aware":false,"Async Capable":false,"Join Type":"Inner","Startup Cost":795272.92,"Total Cost":3239997.74,"Plan Rows":1232214,"Plan Width":30,"Actual Startup Time":2712.976,"Actual Total Time":27397.765,"Actual Rows":2218175,"Actual Loops":1,"Output":["customer.c_w_id","customer.c_nationkey","orders.o_w_id","order_line.ol_amount","order_line.ol_w_id","order_line.ol_i_id","nation.n_name","nation.n_nationkey"],"Inner Unique":false,"Hash Cond":"(customer.c_nationkey = nation.n_nationkey)","Shared Hit Blocks":681750,"Shared Read Blocks":0,"Shared Dirtied Blocks":0,"Shared Written Blocks":0,"Local Hit Blocks":0,"Local Read Blocks":0,"Local Dirtied Blocks":0,"Local Written Blocks":0,"Temp Read Blocks":264991,"Temp Written Blocks":264991,"I/O Read Time":0.0,"I/O Write Time":0.0,"Temp I/O Read Time":398.485,"Temp I/O Write Time":1091.673,"Plans":[{"Node Type":"Hash Join","Parent Relationship":"Outer","Parallel Aware":false,"Async Capable":false,"Join Type":"Inner","Startup Cost":795269.78,"Total Cost":3204965.93,"Plan Rows":6161071,"Plan Width":18,"Actual Startup Time":2705.187,"Actual Total Time":26566.367,"Actual Rows":8568663,"Actual Loops":1,"Output":["customer.c_w_id","customer.c_nationkey","orders.o_w_id","order_line.ol_amount","order_line.ol_w_id","order_line.ol_i_id"],"Inner Unique":true,"Hash Cond":"((orders.o_c_id = customer.c_id) AND (orders.o_w_id = customer.c_w_id) AND (orders.o_d_id = customer.c_d_id))","Shared Hit Blocks":681748,"Shared Read Blocks":0,"Shared Dirtied Blocks":0,"Shared Written Blocks":0,"Local Hit Blocks":0,"Local Read Blocks":0,"Local Dirtied Blocks":0,"Local Written Blocks":0,"Temp Read Blocks":264991,"Temp Written Blocks":264991,"I/O Read Time":0.0,"I/O Write Time":0.0,"Temp I/O Read Time":398.485,"Temp I/O Write Time":1091.673,"Plans":[{"Node Type":"Hash Join","Parent Relationship":"Outer","Parallel Aware":false,"Async Capable":false,"Join Type":"Inner","Startup Cost":151173.84,"Total Cost":2410851.54,"Plan Rows":6161071,"Plan Width":20,"Actual Startup Time":384.167,"Actual Total Time":19930.394,"Actual Rows":8568663,"Actual Loops":1,"Output":["orders.o_c_id","orders.o_w_id","orders.o_d_id","order_line.ol_amount","order_line.ol_w_id","order_line.ol_d_id","order_line.ol_i_id"],"Inner Unique":true,"Hash Cond":"((order_line.ol_w_id = orders.o_w_id) AND (order_line.ol_d_id = orders.o_d_id) AND (order_line.ol_o_id = orders.o_id))","Shared Hit Blocks":681748,"Shared Read Blocks":0,"Shared Dirtied Blocks":0,"Shared Written Blocks":0,"Local Hit Blocks":0,"Local Read Blocks":0,"Local Dirtied Blocks":0,"Local Written Blocks":0,"Temp Read Blocks":200672,"Temp Written Blocks":200672,"I/O Read Time":0.0,"I/O Write Time":0.0,"Temp I/O Read Time":299.638,"Temp I/O Write Time":796.275,"Plans":[{"Node Type":"Seq Scan","Parent Relationship":"Outer","Parallel Aware":false,"Async Capable":false,"Relation Name":"order_line","Schema":"public","Alias":"order_line","Startup Cost":0.0,"Total Cost":1431670.8,"Plan Rows":42039468,"Plan Width":20,"Actual Startup Time":0.005,"Actual Total Time":7301.149,"Actual Rows":42000489,"Actual Loops":1,"Output":["order_line.ol_amount","order_line.ol_o_id","order_line.ol_w_id","order_line.ol_d_id","order_line.ol_i_id"],"Filter":"(order_line.ol_delivery_d >= '1992-01-02 20:10:02.27764'::timestamp without time zone)","Rows Removed by Filter":17993272,"Shared Hit Blocks":681748,"Shared Read Blocks":0,"Shared Dirtied Blocks":0,"Shared Written Blocks":0,"Local Hit Blocks":0,"Local Read Blocks":0,"Local Dirtied Blocks":0,"Local Written Blocks":0,"Temp Read Blocks":0,"Temp Written Blocks":0,"I/O Read Time":0.0,"I/O Write Time":0.0,"Temp I/O Read Time":0.0,"Temp I/O Write Time":0.0},{"Node Type":"Hash","Parent Relationship":"Inner","Parallel Aware":false,"Async Capable":false,"Startup Cost":131491.69,"Total Cost":131491.69,"Plan Rows":879323,"Plan Width":16,"Actual Startup Time":349.817,"Actual Total Time":349.826,"Actual Rows":856801,"Actual Loops":1,"Output":["orders.o_c_id","orders.o_w_id","orders.o_d_id","orders.o_id"],"Hash Buckets":262144,"Original Hash Buckets":262144,"Hash Batches":8,"Original Hash Batches":8,"Peak Memory Usage":7070,"Shared Hit Blocks":0,"Shared Read Blocks":0,"Shared Dirtied Blocks":0,"Shared Written Blocks":0,"Local Hit Blocks":0,"Local Read Blocks":0,"Local Dirtied Blocks":0,"Local Written Blocks":0,"Temp Read Blocks":0,"Temp Written Blocks":3290,"I/O Read Time":0.0,"I/O Write Time":0.0,"Temp I/O Read Time":0.0,"Temp I/O Write Time":13.766,"Plans":[{"Node Type":"Append","Parent Relationship":"Outer","Parallel Aware":false,"Async Capable":false,"Startup Cost":20.0,"Total Cost":131491.69,"Plan Rows":879323,"Plan Width":16,"Actual Startup Time":0.509,"Actual Total Time":199.333,"Actual Rows":856801,"Actual Loops":1,"Shared Hit Blocks":0,"Shared Read Blocks":0,"Shared Dirtied Blocks":0,"Shared Written Blocks":0,"Local Hit Blocks":0,"Local Read Blocks":0,"Local Dirtied Blocks":0,"Local Written Blocks":0,"Temp Read Blocks":0,"Temp Written Blocks":0,"I/O Read Time":0.0,"I/O Write Time":0.0,"Temp I/O Read Time":0.0,"Temp I/O Write Time":0.0,"Subplans Removed":0,"Plans":[{"Node Type":"Custom Scan","Parent Relationship":"Member","Custom Plan Provider":"columnar scan","Parallel Aware":false,"Async Capable":false,"Relation Name":"orders","Schema":"public","Alias":"orders","Startup Cost":20.0,"Total Cost":20684.21,"Plan Rows":879322,"Plan Width":16,"Actual Startup Time":0.508,"Actual Total Time":139.239,"Actual Rows":856801,"Actual Loops":1,"Output":["orders.o_c_id","orders.o_w_id","orders.o_d_id","orders.o_id"],"Filter":"((orders.o_entry_d < '1994-01-02 20:10:02.27764'::timestamp without time zone) AND (orders.o_entry_d >= '1993-01-02 20:10:02.27764'::timestamp without time zone))","Rows Removed by Filter":0,"Rows Removed by Columnar Filter":5143199,"Columnar cache search mode":"native","Shared Hit Blocks":0,"Shared Read Blocks":0,"Shared Dirtied Blocks":0,"Shared Written Blocks":0,"Local Hit Blocks":0,"Local Read Blocks":0,"Local Dirtied Blocks":0,"Local Written Blocks":0,"Temp Read Blocks":0,"Temp Written Blocks":0,"I/O Read Time":0.0,"I/O Write Time":0.0,"Temp I/O Read Time":0.0,"Temp I/O Write Time":0.0},{"Node Type":"Seq Scan","Parent Relationship":"Member","Parallel Aware":false,"Async Capable":false,"Relation Name":"orders","Schema":"public","Alias":"orders","Startup Cost":0.0,"Total Cost":4.01,"Plan Rows":1,"Plan Width":16,"Actual Startup Time":0.0,"Actual Total Time":0.0,"Actual Rows":0,"Actual Loops":0,"Output":["orders.o_c_id","orders.o_w_id","orders.o_d_id","orders.o_id"],"Filter":"((orders.o_entry_d < '1994-01-02 20:10:02.27764'::timestamp without time zone) AND (orders.o_entry_d >= '1993-01-02 20:10:02.27764'::timestamp without time zone))","Rows Removed by Filter":0,"Shared Hit Blocks":0,"Shared Read Blocks":0,"Shared Dirtied Blocks":0,"Shared Written Blocks":0,"Local Hit Blocks":0,"Local Read Blocks":0,"Local Dirtied Blocks":0,"Local Written Blocks":0,"Temp Read Blocks":0,"Temp Written Blocks":0,"I/O Read Time":0.0,"I/O Write Time":0.0,"Temp I/O Read Time":0.0,"Temp I/O Write Time":0.0}]}]}]},{"Node Type":"Hash","Parent Relationship":"Inner","Parallel Aware":false,"Async Capable":false,"Startup Cost":509795.49,"Total Cost":509795.49,"Plan Rows":6000140,"Plan Width":12,"Actual Startup Time":2313.97,"Actual Total Time":2313.975,"Actual Rows":6000000,"Actual Loops":1,"Output":["customer.c_id","customer.c_w_id","customer.c_d_id","customer.c_nationkey"],"Hash Buckets":262144,"Original Hash Buckets":262144,"Hash Batches":64,"Original Hash Batches":64,"Peak Memory Usage":6073,"Shared Hit Blocks":0,"Shared Read Blocks":0,"Shared Dirtied Blocks":0,"Shared Written Blocks":0,"Local Hit Blocks":0,"Local Read Blocks":0,"Local Dirtied Blocks":0,"Local Written Blocks":0,"Temp Read Blocks":0,"Temp Written Blocks":23037,"I/O Read Time":0.0,"I/O Write Time":0.0,"Temp I/O Read Time":0.0,"Temp I/O Write Time":100.994,"Plans":[{"Node Type":"Append","Parent Relationship":"Outer","Parallel Aware":false,"Async Capable":false,"Startup Cost":20.0,"Total Cost":509795.49,"Plan Rows":6000140,"Plan Width":12,"Actual Startup Time":0.027,"Actual Total Time":1308.252,"Actual Rows":6000000,"Actual Loops":1,"Shared Hit Blocks":0,"Shared Read Blocks":0,"Shared Dirtied Blocks":0,"Shared Written Blocks":0,"Local Hit Blocks":0,"Local Read Blocks":0,"Local Dirtied Blocks":0,"Local Written Blocks":0,"Temp Read Blocks":0,"Temp Written Blocks":0,"I/O Read Time":0.0,"I/O Write Time":0.0,"Temp I/O Read Time":0.0,"Temp I/O Write Time":0.0,"Subplans Removed":0,"Plans":[{"Node Type":"Custom Scan","Parent Relationship":"Member","Custom Plan Provider":"columnar scan","Parallel Aware":false,"Async Capable":false,"Relation Name":"customer","Schema":"public","Alias":"customer","Startup Cost":20.0,"Total Cost":141020.06,"Plan Rows":6000000,"Plan Width":12,"Actual Startup Time":0.026,"Actual Total Time":894.126,"Actual Rows":6000000,"Actual Loops":1,"Output":["customer.c_id","customer.c_w_id","customer.c_d_id","customer.c_nationkey"],"Rows Removed by Columnar Filter":0,"Columnar cache search mode":"native","Shared Hit Blocks":0,"Shared Read Blocks":0,"Shared Dirtied Blocks":0,"Shared Written Blocks":0,"Local Hit Blocks":0,"Local Read Blocks":0,"Local Dirtied Blocks":0,"Local Written Blocks":0,"Temp Read Blocks":0,"Temp Written Blocks":0,"I/O Read Time":0.0,"I/O Write Time":0.0,"Temp I/O Read Time":0.0,"Temp I/O Write Time":0.0},{"Node Type":"Seq Scan","Parent Relationship":"Member","Parallel Aware":false,"Async Capable":false,"Relation Name":"customer","Schema":"public","Alias":"customer","Startup Cost":0.0,"Total Cost":5.4,"Plan Rows":140,"Plan Width":12,"Actual Startup Time":0.0,"Actual Total Time":0.0,"Actual Rows":0,"Actual Loops":0,"Output":["customer.c_id","customer.c_w_id","customer.c_d_id","customer.c_nationkey"],"Shared Hit Blocks":0,"Shared Read Blocks":0,"Shared Dirtied Blocks":0,"Shared Written Blocks":0,"Local Hit Blocks":0,"Local Read Blocks":0,"Local Dirtied Blocks":0,"Local Written Blocks":0,"Temp Read Blocks":0,"Temp Written Blocks":0,"I/O Read Time":0.0,"I/O Write Time":0.0,"Temp I/O Read Time":0.0,"Temp I/O Write Time":0.0}]}]}]},{"Node Type":"Hash","Parent Relationship":"Inner","Parallel Aware":false,"Async Capable":false,"Startup Cost":2.99,"Total Cost":2.99,"Plan Rows":12,"Plan Width":12,"Actual Startup Time":0.04,"Actual Total Time":0.045,"Actual Rows":22,"Actual Loops":1,"Output":["nation.n_name","nation.n_nationkey"],"Hash Buckets":1024,"Original Hash Buckets":1024,"Hash Batches":1,"Original Hash Batches":1,"Peak Memory Usage":9,"Shared Hit Blocks":2,"Shared Read Blocks":0,"Shared Dirtied Blocks":0,"Shared Written Blocks":0,"Local Hit Blocks":0,"Local Read Blocks":0,"Local Dirtied Blocks":0,"Local Written Blocks":0,"Temp Read Blocks":0,"Temp Written Blocks":0,"I/O Read Time":0.0,"I/O Write Time":0.0,"Temp I/O Read Time":0.0,"Temp I/O Write Time":0.0,"Plans":[{"Node Type":"Hash Join","Parent Relationship":"Outer","Parallel Aware":false,"Async Capable":false,"Join Type":"Inner","Startup Cost":1.07,"Total Cost":2.99,"Plan Rows":12,"Plan Width":12,"Actual Startup Time":0.023,"Actual Total Time":0.039,"Actual Rows":22,"Actual Loops":1,"Output":["nation.n_name","nation.n_nationkey"],"Inner Unique":true,"Hash Cond":"(nation.n_regionkey = region.r_regionkey)","Shared Hit Blocks":2,"Shared Read Blocks":0,"Shared Dirtied Blocks":0,"Shared Written Blocks":0,"Local Hit Blocks":0,"Local Read Blocks":0,"Local Dirtied Blocks":0,"Local Written Blocks":0,"Temp Read Blocks":0,"Temp Written Blocks":0,"I/O Read Time":0.0,"I/O Write Time":0.0,"Temp I/O Read Time":0.0,"Temp I/O Write Time":0.0,"Plans":[{"Node Type":"Seq Scan","Parent Relationship":"Outer","Parallel Aware":false,"Async Capable":false,"Relation Name":"nation","Schema":"public","Alias":"nation","Startup Cost":0.0,"Total Cost":1.62,"Plan Rows":62,"Plan Width":16,"Actual Startup Time":0.007,"Actual Total Time":0.01,"Actual Rows":62,"Actual Loops":1,"Output":["nation.n_nationkey","nation.n_name","nation.n_regionkey","nation.n_comment"],"Shared Hit Blocks":1,"Shared Read Blocks":0,"Shared Dirtied Blocks":0,"Shared Written Blocks":0,"Local Hit Blocks":0,"Local Read Blocks":0,"Local Dirtied Blocks":0,"Local Written Blocks":0,"Temp Read Blocks":0,"Temp Written Blocks":0,"I/O Read Time":0.0,"I/O Write Time":0.0,"Temp I/O Read Time":0.0,"Temp I/O Write Time":0.0},{"Node Type":"Hash","Parent Relationship":"Inner","Parallel Aware":false,"Async Capable":false,"Startup Cost":1.06,"Total Cost":1.06,"Plan Rows":1,"Plan Width":4,"Actual Startup Time":0.008,"Actual Total Time":0.009,"Actual Rows":1,"Actual Loops":1,"Output":["region.r_regionkey"],"Hash Buckets":1024,"Original Hash Buckets":1024,"Hash Batches":1,"Original Hash Batches":1,"Peak Memory Usage":9,"Shared Hit Blocks":1,"Shared Read Blocks":0,"Shared Dirtied Blocks":0,"Shared Written Blocks":0,"Local Hit Blocks":0,"Local Read Blocks":0,"Local Dirtied Blocks":0,"Local Written Blocks":0,"Temp Read Blocks":0,"Temp Written Blocks":0,"I/O Read Time":0.0,"I/O Write Time":0.0,"Temp I/O Read Time":0.0,"Temp I/O Write Time":0.0,"Plans":[{"Node Type":"Seq Scan","Parent Relationship":"Outer","Parallel Aware":false,"Async Capable":false,"Relation Name":"region","Schema":"public","Alias":"region","Startup Cost":0.0,"Total Cost":1.06,"Plan Rows":1,"Plan Width":4,"Actual Startup Time":0.006,"Actual Total Time":0.006,"Actual Rows":1,"Actual Loops":1,"Output":["region.r_regionkey"],"Filter":"((region.r_name)::text = 'Europe'::text)","Rows Removed by Filter":4,"Shared Hit Blocks":1,"Shared Read Blocks":0,"Shared Dirtied Blocks":0,"Shared Written Blocks":0,"Local Hit Blocks":0,"Local Read Blocks":0,"Local Dirtied Blocks":0,"Local Written Blocks":0,"Temp Read Blocks":0,"Temp Written Blocks":0,"I/O Read Time":0.0,"I/O Write Time":0.0,"Temp I/O Read Time":0.0,"Temp I/O Write Time":0.0}]}]}]}]}]},{"Node Type":"Index Only Scan","Parent Relationship":"Inner","Parallel Aware":false,"Async Capable":false,"Scan Direction":"Forward","Index Name":"stock_pk","Relation Name":"stock","Schema":"public","Alias":"stock","Startup Cost":0.44,"Total Cost":519363.62,"Plan Rows":20000212,"Plan Width":6,"Actual Startup Time":0.046,"Actual Total Time":1401.947,"Actual Rows":19999994,"Actual Loops":1,"Output":["stock.s_w_id","stock.s_i_id"],"Heap Fetches":0,"Shared Hit Blocks":54673,"Shared Read Blocks":0,"Shared Dirtied Blocks":0,"Shared Written Blocks":0,"Local Hit Blocks":0,"Local Read Blocks":0,"Local Dirtied Blocks":0,"Local Written Blocks":0,"Temp Read Blocks":0,"Temp Written Blocks":0,"I/O Read Time":0.0,"I/O Write Time":0.0,"Temp I/O Read Time":0.0,"Temp I/O Write Time":0.0}]},{"Node Type":"Hash","Parent Relationship":"Inner","Parallel Aware":false,"Async Capable":false,"Startup Cost":219.01,"Total Cost":219.01,"Plan Rows":10001,"Plan Width":8,"Actual Startup Time":3.075,"Actual Total Time":3.078,"Actual Rows":10000,"Actual Loops":1,"Output":["supplier.su_suppkey","supplier.su_nationkey"],"Hash Buckets":16384,"Original Hash Buckets":16384,"Hash Batches":1,"Original Hash Batches":1,"Peak Memory Usage":519,"Shared Hit Blocks":0,"Shared Read Blocks":0,"Shared Dirtied Blocks":0,"Shared Written Blocks":0,"Local Hit Blocks":0,"Local Read Blocks":0,"Local Dirtied Blocks":0,"Local Written Blocks":0,"Temp Read Blocks":0,"Temp Written Blocks":0,"I/O Read Time":0.0,"I/O Write Time":0.0,"Temp I/O Read Time":0.0,"Temp I/O Write Time":0.0,"Plans":[{"Node Type":"Append","Parent Relationship":"Outer","Parallel Aware":false,"Async Capable":false,"Startup Cost":20.0,"Total Cost":219.01,"Plan Rows":10001,"Plan Width":8,"Actual Startup Time":0.014,"Actual Total Time":1.777,"Actual Rows":10000,"Actual Loops":1,"Shared Hit Blocks":0,"Shared Read Blocks":0,"Shared Dirtied Blocks":0,"Shared Written Blocks":0,"Local Hit Blocks":0,"Local Read Blocks":0,"Local Dirtied Blocks":0,"Local Written Blocks":0,"Temp Read Blocks":0,"Temp Written Blocks":0,"I/O Read Time":0.0,"I/O Write Time":0.0,"Temp I/O Read Time":0.0,"Temp I/O Write Time":0.0,"Subplans Removed":0,"Plans":[{"Node Type":"Custom Scan","Parent Relationship":"Member","Custom Plan Provider":"columnar scan","Parallel Aware":false,"Async Capable":false,"Relation Name":"supplier","Schema":"public","Alias":"supplier","Startup Cost":20.0,"Total Cost":215.0,"Plan Rows":10000,"Plan Width":8,"Actual Startup Time":0.012,"Actual Total Time":1.068,"Actual Rows":10000,"Actual Loops":1,"Output":["supplier.su_suppkey","supplier.su_nationkey"],"Rows Removed by Columnar Filter":0,"Columnar cache search mode":"native","Shared Hit Blocks":0,"Shared Read Blocks":0,"Shared Dirtied Blocks":0,"Shared Written Blocks":0,"Local Hit Blocks":0,"Local Read Blocks":0,"Local Dirtied Blocks":0,"Local Written Blocks":0,"Temp Read Blocks":0,"Temp Written Blocks":0,"I/O Read Time":0.0,"I/O Write Time":0.0,"Temp I/O Read Time":0.0,"Temp I/O Write Time":0.0},{"Node Type":"Seq Scan","Parent Relationship":"Member","Parallel Aware":false,"Async Capable":false,"Relation Name":"supplier","Schema":"public","Alias":"supplier","Startup Cost":0.0,"Total Cost":4.01,"Plan Rows":1,"Plan Width":8,"Actual Startup Time":0.0,"Actual Total Time":0.0,"Actual Rows":0,"Actual Loops":0,"Output":["supplier.su_suppkey","supplier.su_nationkey"],"Shared Hit Blocks":0,"Shared Read Blocks":0,"Shared Dirtied Blocks":0,"Shared Written Blocks":0,"Local Hit Blocks":0,"Local Read Blocks":0,"Local Dirtied Blocks":0,"Local Written Blocks":0,"Temp Read Blocks":0,"Temp Written Blocks":0,"I/O Read Time":0.0,"I/O Write Time":0.0,"Temp I/O Read Time":0.0,"Temp I/O Write Time":0.0}]}]}]}]}]}]},"Planning":{"Shared Hit Blocks":220,"Shared Read Blocks":0,"Shared Dirtied Blocks":0,"Shared Written Blocks":0,"Local Hit Blocks":0,"Local Read Blocks":0,"Local Dirtied Blocks":0,"Local Written Blocks":0,"Temp Read Blocks":0,"Temp Written Blocks":0,"I/O Read Time":0.0,"I/O Write Time":0.0,"Temp I/O Read Time":0.0,"Temp I/O Write Time":0.0},"Planning Time":5.86,"Triggers":[],"Execution Time":33993.139}]
[列存组合]: customer, region, stock, supplier
[{"Plan":{"Node Type":"Sort","Parallel Aware":false,"Async Capable":false,"Startup Cost":4076081.94,"Total Cost":4076082.09,"Plan Rows":62,"Plan Width":40,"Actual Startup Time":34258.137,"Actual Total Time":34258.166,"Actual Rows":11,"Actual Loops":1,"Output":["nation.n_name","(sum(order_line.ol_amount))"],"Sort Key":["(sum(order_line.ol_amount)) DESC"],"Sort Method":"quicksort","Sort Space Used":25,"Sort Space Type":"Memory","Shared Hit Blocks":780545,"Shared Read Blocks":0,"Shared Dirtied Blocks":0,"Shared Written Blocks":0,"Local Hit Blocks":0,"Local Read Blocks":0,"Local Dirtied Blocks":0,"Local Written Blocks":0,"Temp Read Blocks":288611,"Temp Written Blocks":288665,"I/O Read Time":0.0,"I/O Write Time":0.0,"Temp I/O Read Time":441.79,"Temp I/O Write Time":1166.24,"Plans":[{"Node Type":"Aggregate","Strategy":"Sorted","Partial Mode":"Simple","Parent Relationship":"Outer","Parallel Aware":false,"Async Capable":false,"Startup Cost":4075928.3,"Total Cost":4076080.09,"Plan Rows":62,"Plan Width":40,"Actual Startup Time":34252.255,"Actual Total Time":34258.148,"Actual Rows":11,"Actual Loops":1,"Output":["nation.n_name","sum(order_line.ol_amount)"],"Group Key":["nation.n_name"],"Shared Hit Blocks":780545,"Shared Read Blocks":0,"Shared Dirtied Blocks":0,"Shared Written Blocks":0,"Local Hit Blocks":0,"Local Read Blocks":0,"Local Dirtied Blocks":0,"Local Written Blocks":0,"Temp Read Blocks":288611,"Temp Written Blocks":288665,"I/O Read Time":0.0,"I/O Write Time":0.0,"Temp I/O Read Time":441.79,"Temp I/O Write Time":1166.24,"Plans":[{"Node Type":"Sort","Parent Relationship":"Outer","Parallel Aware":false,"Async Capable":false,"Startup Cost":4075928.3,"Total Cost":4075978.64,"Plan Rows":20136,"Plan Width":12,"Actual Startup Time":34251.816,"Actual Total Time":34253.623,"Actual Rows":35044,"Actual Loops":1,"Output":["nation.n_name","order_line.ol_amount"],"Sort Key":["nation.n_name"],"Sort Method":"quicksort","Sort Space Used":3146,"Sort Space Type":"Memory","Shared Hit Blocks":780545,"Shared Read Blocks":0,"Shared Dirtied Blocks":0,"Shared Written Blocks":0,"Local Hit Blocks":0,"Local Read Blocks":0,"Local Dirtied Blocks":0,"Local Written Blocks":0,"Temp Read Blocks":288611,"Temp Written Blocks":288665,"I/O Read Time":0.0,"I/O Write Time":0.0,"Temp I/O Read Time":441.79,"Temp I/O Write Time":1166.24,"Plans":[{"Node Type":"Hash Join","Parent Relationship":"Outer","Parallel Aware":false,"Async Capable":false,"Join Type":"Inner","Startup Cost":3426620.85,"Total Cost":4074488.82,"Plan Rows":20136,"Plan Width":12,"Actual Startup Time":30332.827,"Actual Total Time":34232.815,"Actual Rows":35044,"Actual Loops":1,"Output":["nation.n_name","order_line.ol_amount"],"Inner Unique":true,"Hash Cond":"((mod((stock.s_w_id * stock.s_i_id), 10000) = supplier.su_suppkey) AND (customer.c_nationkey = supplier.su_nationkey))","Shared Hit Blocks":780545,"Shared Read Blocks":0,"Shared Dirtied Blocks":0,"Shared Written Blocks":0,"Local Hit Blocks":0,"Local Read Blocks":0,"Local Dirtied Blocks":0,"Local Written Blocks":0,"Temp Read Blocks":288611,"Temp Written Blocks":288665,"I/O Read Time":0.0,"I/O Write Time":0.0,"Temp I/O Read Time":441.79,"Temp I/O Write Time":1166.24,"Plans":[{"Node Type":"Merge Join","Parent Relationship":"Outer","Parallel Aware":false,"Async Capable":false,"Join Type":"Inner","Startup Cost":3426251.82,"Total Cost":4067284.83,"Plan Rows":1242717,"Plan Width":26,"Actual Startup Time":30329.266,"Actual Total Time":33950.262,"Actual Rows":2218175,"Actual Loops":1,"Output":["customer.c_nationkey","order_line.ol_amount","stock.s_w_id","stock.s_i_id","nation.n_name","nation.n_nationkey"],"Inner Unique":true,"Merge Cond":"((customer.c_w_id = stock.s_w_id) AND (order_line.ol_i_id = stock.s_i_id))","Shared Hit Blocks":780545,"Shared Read Blocks":0,"Shared Dirtied Blocks":0,"Shared Written Blocks":0,"Local Hit Blocks":0,"Local Read Blocks":0,"Local Dirtied Blocks":0,"Local Written Blocks":0,"Temp Read Blocks":288611,"Temp Written Blocks":288665,"I/O Read Time":0.0,"I/O Write Time":0.0,"Temp I/O Read Time":441.79,"Temp I/O Write Time":1166.24,"Plans":[{"Node Type":"Sort","Parent Relationship":"Outer","Parallel Aware":false,"Async Capable":false,"Startup Cost":3426251.38,"Total Cost":3429331.92,"Plan Rows":1232214,"Plan Width":30,"Actual Startup Time":30329.201,"Actual Total Time":30926.369,"Actual Rows":2218175,"Actual Loops":1,"Output":["customer.c_w_id","customer.c_nationkey","orders.o_w_id","order_line.ol_amount","order_line.ol_w_id","order_line.ol_i_id","nation.n_name","nation.n_nationkey"],"Sort Key":["customer.c_w_id","order_line.ol_i_id"],"Sort Method":"external merge","Sort Space Used":94520,"Sort Space Type":"Disk","Shared Hit Blocks":725872,"Shared Read Blocks":0,"Shared Dirtied Blocks":0,"Shared Written Blocks":0,"Local Hit Blocks":0,"Local Read Blocks":0,"Local Dirtied Blocks":0,"Local Written Blocks":0,"Temp Read Blocks":288611,"Temp Written Blocks":288665,"I/O Read Time":0.0,"I/O Write Time":0.0,"Temp I/O Read Time":441.79,"Temp I/O Write Time":1166.24,"Plans":[{"Node Type":"Hash Join","Parent Relationship":"Outer","Parallel Aware":false,"Async Capable":false,"Join Type":"Inner","Startup Cost":797902.74,"Total Cost":3242627.55,"Plan Rows":1232214,"Plan Width":30,"Actual Startup Time":2963.555,"Actual Total Time":27698.677,"Actual Rows":2218175,"Actual Loops":1,"Output":["customer.c_w_id","customer.c_nationkey","orders.o_w_id","order_line.ol_amount","order_line.ol_w_id","order_line.ol_i_id","nation.n_name","nation.n_nationkey"],"Inner Unique":false,"Hash Cond":"(customer.c_nationkey = nation.n_nationkey)","Shared Hit Blocks":725872,"Shared Read Blocks":0,"Shared Dirtied Blocks":0,"Shared Written Blocks":0,"Local Hit Blocks":0,"Local Read Blocks":0,"Local Dirtied Blocks":0,"Local Written Blocks":0,"Temp Read Blocks":264991,"Temp Written Blocks":264991,"I/O Read Time":0.0,"I/O Write Time":0.0,"Temp I/O Read Time":405.303,"Temp I/O Write Time":1103.523,"Plans":[{"Node Type":"Hash Join","Parent Relationship":"Outer","Parallel Aware":false,"Async Capable":false,"Join Type":"Inner","Startup Cost":797899.6,"Total Cost":3207595.75,"Plan Rows":6161071,"Plan Width":18,"Actual Startup Time":2955.773,"Actual Total Time":26858.965,"Actual Rows":8568663,"Actual Loops":1,"Output":["customer.c_w_id","customer.c_nationkey","orders.o_w_id","order_line.ol_amount","order_line.ol_w_id","order_line.ol_i_id"],"Inner Unique":true,"Hash Cond":"((orders.o_c_id = customer.c_id) AND (orders.o_w_id = customer.c_w_id) AND (orders.o_d_id = customer.c_d_id))","Shared Hit Blocks":725870,"Shared Read Blocks":0,"Shared Dirtied Blocks":0,"Shared Written Blocks":0,"Local Hit Blocks":0,"Local Read Blocks":0,"Local Dirtied Blocks":0,"Local Written Blocks":0,"Temp Read Blocks":264991,"Temp Written Blocks":264991,"I/O Read Time":0.0,"I/O Write Time":0.0,"Temp I/O Read Time":405.303,"Temp I/O Write Time":1103.523,"Plans":[{"Node Type":"Hash Join","Parent Relationship":"Outer","Parallel Aware":false,"Async Capable":false,"Join Type":"Inner","Startup Cost":153803.65,"Total Cost":2413481.36,"Plan Rows":6161071,"Plan Width":20,"Actual Startup Time":629.218,"Actual Total Time":20228.982,"Actual Rows":8568663,"Actual Loops":1,"Output":["orders.o_c_id","orders.o_w_id","orders.o_d_id","order_line.ol_amount","order_line.ol_w_id","order_line.ol_d_id","order_line.ol_i_id"],"Inner Unique":true,"Hash Cond":"((order_line.ol_w_id = orders.o_w_id) AND (order_line.ol_d_id = orders.o_d_id) AND (order_line.ol_o_id = orders.o_id))","Shared Hit Blocks":725870,"Shared Read Blocks":0,"Shared Dirtied Blocks":0,"Shared Written Blocks":0,"Local Hit Blocks":0,"Local Read Blocks":0,"Local Dirtied Blocks":0,"Local Written Blocks":0,"Temp Read Blocks":200672,"Temp Written Blocks":200672,"I/O Read Time":0.0,"I/O Write Time":0.0,"Temp I/O Read Time":305.476,"Temp I/O Write Time":803.616,"Plans":[{"Node Type":"Seq Scan","Parent Relationship":"Outer","Parallel Aware":false,"Async Capable":false,"Relation Name":"order_line","Schema":"public","Alias":"order_line","Startup Cost":0.0,"Total Cost":1431670.8,"Plan Rows":42039468,"Plan Width":20,"Actual Startup Time":0.006,"Actual Total Time":7327.782,"Actual Rows":42000489,"Actual Loops":1,"Output":["order_line.ol_amount","order_line.ol_o_id","order_line.ol_w_id","order_line.ol_d_id","order_line.ol_i_id"],"Filter":"(order_line.ol_delivery_d >= '1992-01-02 20:10:02.27764'::timestamp without time zone)","Rows Removed by Filter":17993272,"Shared Hit Blocks":681748,"Shared Read Blocks":0,"Shared Dirtied Blocks":0,"Shared Written Blocks":0,"Local Hit Blocks":0,"Local Read Blocks":0,"Local Dirtied Blocks":0,"Local Written Blocks":0,"Temp Read Blocks":0,"Temp Written Blocks":0,"I/O Read Time":0.0,"I/O Write Time":0.0,"Temp I/O Read Time":0.0,"Temp I/O Write Time":0.0},{"Node Type":"Hash","Parent Relationship":"Inner","Parallel Aware":false,"Async Capable":false,"Startup Cost":134121.52,"Total Cost":134121.52,"Plan Rows":879322,"Plan Width":16,"Actual Startup Time":594.832,"Actual Total Time":594.837,"Actual Rows":856801,"Actual Loops":1,"Output":["orders.o_c_id","orders.o_w_id","orders.o_d_id","orders.o_id"],"Hash Buckets":262144,"Original Hash Buckets":262144,"Hash Batches":8,"Original Hash Batches":8,"Peak Memory Usage":7070,"Shared Hit Blocks":44122,"Shared Read Blocks":0,"Shared Dirtied Blocks":0,"Shared Written Blocks":0,"Local Hit Blocks":0,"Local Read Blocks":0,"Local Dirtied Blocks":0,"Local Written Blocks":0,"Temp Read Blocks":0,"Temp Written Blocks":3290,"I/O Read Time":0.0,"I/O Write Time":0.0,"Temp I/O Read Time":0.0,"Temp I/O Write Time":14.893,"Plans":[{"Node Type":"Seq Scan","Parent Relationship":"Outer","Parallel Aware":false,"Async Capable":false,"Relation Name":"orders","Schema":"public","Alias":"orders","Startup Cost":0.0,"Total Cost":134121.52,"Plan Rows":879322,"Plan Width":16,"Actual Startup Time":0.629,"Actual Total Time":446.566,"Actual Rows":856801,"Actual Loops":1,"Output":["orders.o_c_id","orders.o_w_id","orders.o_d_id","orders.o_id"],"Filter":"((orders.o_entry_d >= '1993-01-02 20:10:02.27764'::timestamp without time zone) AND (orders.o_entry_d < '1994-01-02 20:10:02.27764'::timestamp without time zone))","Rows Removed by Filter":5143199,"Shared Hit Blocks":44122,"Shared Read Blocks":0,"Shared Dirtied Blocks":0,"Shared Written Blocks":0,"Local Hit Blocks":0,"Local Read Blocks":0,"Local Dirtied Blocks":0,"Local Written Blocks":0,"Temp Read Blocks":0,"Temp Written Blocks":0,"I/O Read Time":0.0,"I/O Write Time":0.0,"Temp I/O Read Time":0.0,"Temp I/O Write Time":0.0}]}]},{"Node Type":"Hash","Parent Relationship":"Inner","Parallel Aware":false,"Async Capable":false,"Startup Cost":509795.49,"Total Cost":509795.49,"Plan Rows":6000140,"Plan Width":12,"Actual Startup Time":2319.495,"Actual Total Time":2319.502,"Actual Rows":6000000,"Actual Loops":1,"Output":["customer.c_id","customer.c_w_id","customer.c_d_id","customer.c_nationkey"],"Hash Buckets":262144,"Original Hash Buckets":262144,"Hash Batches":64,"Original Hash Batches":64,"Peak Memory Usage":6073,"Shared Hit Blocks":0,"Shared Read Blocks":0,"Shared Dirtied Blocks":0,"Shared Written Blocks":0,"Local Hit Blocks":0,"Local Read Blocks":0,"Local Dirtied Blocks":0,"Local Written Blocks":0,"Temp Read Blocks":0,"Temp Written Blocks":23037,"I/O Read Time":0.0,"I/O Write Time":0.0,"Temp I/O Read Time":0.0,"Temp I/O Write Time":102.067,"Plans":[{"Node Type":"Append","Parent Relationship":"Outer","Parallel Aware":false,"Async Capable":false,"Startup Cost":20.0,"Total Cost":509795.49,"Plan Rows":6000140,"Plan Width":12,"Actual Startup Time":0.041,"Actual Total Time":1313.407,"Actual Rows":6000000,"Actual Loops":1,"Shared Hit Blocks":0,"Shared Read Blocks":0,"Shared Dirtied Blocks":0,"Shared Written Blocks":0,"Local Hit Blocks":0,"Local Read Blocks":0,"Local Dirtied Blocks":0,"Local Written Blocks":0,"Temp Read Blocks":0,"Temp Written Blocks":0,"I/O Read Time":0.0,"I/O Write Time":0.0,"Temp I/O Read Time":0.0,"Temp I/O Write Time":0.0,"Subplans Removed":0,"Plans":[{"Node Type":"Custom Scan","Parent Relationship":"Member","Custom Plan Provider":"columnar scan","Parallel Aware":false,"Async Capable":false,"Relation Name":"customer","Schema":"public","Alias":"customer","Startup Cost":20.0,"Total Cost":141020.06,"Plan Rows":6000000,"Plan Width":12,"Actual Startup Time":0.039,"Actual Total Time":894.274,"Actual Rows":6000000,"Actual Loops":1,"Output":["customer.c_id","customer.c_w_id","customer.c_d_id","customer.c_nationkey"],"Rows Removed by Columnar Filter":0,"Columnar cache search mode":"native","Shared Hit Blocks":0,"Shared Read Blocks":0,"Shared Dirtied Blocks":0,"Shared Written Blocks":0,"Local Hit Blocks":0,"Local Read Blocks":0,"Local Dirtied Blocks":0,"Local Written Blocks":0,"Temp Read Blocks":0,"Temp Written Blocks":0,"I/O Read Time":0.0,"I/O Write Time":0.0,"Temp I/O Read Time":0.0,"Temp I/O Write Time":0.0},{"Node Type":"Seq Scan","Parent Relationship":"Member","Parallel Aware":false,"Async Capable":false,"Relation Name":"customer","Schema":"public","Alias":"customer","Startup Cost":0.0,"Total Cost":5.4,"Plan Rows":140,"Plan Width":12,"Actual Startup Time":0.0,"Actual Total Time":0.0,"Actual Rows":0,"Actual Loops":0,"Output":["customer.c_id","customer.c_w_id","customer.c_d_id","customer.c_nationkey"],"Shared Hit Blocks":0,"Shared Read Blocks":0,"Shared Dirtied Blocks":0,"Shared Written Blocks":0,"Local Hit Blocks":0,"Local Read Blocks":0,"Local Dirtied Blocks":0,"Local Written Blocks":0,"Temp Read Blocks":0,"Temp Written Blocks":0,"I/O Read Time":0.0,"I/O Write Time":0.0,"Temp I/O Read Time":0.0,"Temp I/O Write Time":0.0}]}]}]},{"Node Type":"Hash","Parent Relationship":"Inner","Parallel Aware":false,"Async Capable":false,"Startup Cost":2.99,"Total Cost":2.99,"Plan Rows":12,"Plan Width":12,"Actual Startup Time":0.043,"Actual Total Time":0.048,"Actual Rows":22,"Actual Loops":1,"Output":["nation.n_name","nation.n_nationkey"],"Hash Buckets":1024,"Original Hash Buckets":1024,"Hash Batches":1,"Original Hash Batches":1,"Peak Memory Usage":9,"Shared Hit Blocks":2,"Shared Read Blocks":0,"Shared Dirtied Blocks":0,"Shared Written Blocks":0,"Local Hit Blocks":0,"Local Read Blocks":0,"Local Dirtied Blocks":0,"Local Written Blocks":0,"Temp Read Blocks":0,"Temp Written Blocks":0,"I/O Read Time":0.0,"I/O Write Time":0.0,"Temp I/O Read Time":0.0,"Temp I/O Write Time":0.0,"Plans":[{"Node Type":"Hash Join","Parent Relationship":"Outer","Parallel Aware":false,"Async Capable":false,"Join Type":"Inner","Startup Cost":1.07,"Total Cost":2.99,"Plan Rows":12,"Plan Width":12,"Actual Startup Time":0.026,"Actual Total Time":0.041,"Actual Rows":22,"Actual Loops":1,"Output":["nation.n_name","nation.n_nationkey"],"Inner Unique":true,"Hash Cond":"(nation.n_regionkey = region.r_regionkey)","Shared Hit Blocks":2,"Shared Read Blocks":0,"Shared Dirtied Blocks":0,"Shared Written Blocks":0,"Local Hit Blocks":0,"Local Read Blocks":0,"Local Dirtied Blocks":0,"Local Written Blocks":0,"Temp Read Blocks":0,"Temp Written Blocks":0,"I/O Read Time":0.0,"I/O Write Time":0.0,"Temp I/O Read Time":0.0,"Temp I/O Write Time":0.0,"Plans":[{"Node Type":"Seq Scan","Parent Relationship":"Outer","Parallel Aware":false,"Async Capable":false,"Relation Name":"nation","Schema":"public","Alias":"nation","Startup Cost":0.0,"Total Cost":1.62,"Plan Rows":62,"Plan Width":16,"Actual Startup Time":0.007,"Actual Total Time":0.01,"Actual Rows":62,"Actual Loops":1,"Output":["nation.n_nationkey","nation.n_name","nation.n_regionkey","nation.n_comment"],"Shared Hit Blocks":1,"Shared Read Blocks":0,"Shared Dirtied Blocks":0,"Shared Written Blocks":0,"Local Hit Blocks":0,"Local Read Blocks":0,"Local Dirtied Blocks":0,"Local Written Blocks":0,"Temp Read Blocks":0,"Temp Written Blocks":0,"I/O Read Time":0.0,"I/O Write Time":0.0,"Temp I/O Read Time":0.0,"Temp I/O Write Time":0.0},{"Node Type":"Hash","Parent Relationship":"Inner","Parallel Aware":false,"Async Capable":false,"Startup Cost":1.06,"Total Cost":1.06,"Plan Rows":1,"Plan Width":4,"Actual Startup Time":0.009,"Actual Total Time":0.01,"Actual Rows":1,"Actual Loops":1,"Output":["region.r_regionkey"],"Hash Buckets":1024,"Original Hash Buckets":1024,"Hash Batches":1,"Original Hash Batches":1,"Peak Memory Usage":9,"Shared Hit Blocks":1,"Shared Read Blocks":0,"Shared Dirtied Blocks":0,"Shared Written Blocks":0,"Local Hit Blocks":0,"Local Read Blocks":0,"Local Dirtied Blocks":0,"Local Written Blocks":0,"Temp Read Blocks":0,"Temp Written Blocks":0,"I/O Read Time":0.0,"I/O Write Time":0.0,"Temp I/O Read Time":0.0,"Temp I/O Write Time":0.0,"Plans":[{"Node Type":"Seq Scan","Parent Relationship":"Outer","Parallel Aware":false,"Async Capable":false,"Relation Name":"region","Schema":"public","Alias":"region","Startup Cost":0.0,"Total Cost":1.06,"Plan Rows":1,"Plan Width":4,"Actual Startup Time":0.007,"Actual Total Time":0.008,"Actual Rows":1,"Actual Loops":1,"Output":["region.r_regionkey"],"Filter":"((region.r_name)::text = 'Europe'::text)","Rows Removed by Filter":4,"Shared Hit Blocks":1,"Shared Read Blocks":0,"Shared Dirtied Blocks":0,"Shared Written Blocks":0,"Local Hit Blocks":0,"Local Read Blocks":0,"Local Dirtied Blocks":0,"Local Written Blocks":0,"Temp Read Blocks":0,"Temp Written Blocks":0,"I/O Read Time":0.0,"I/O Write Time":0.0,"Temp I/O Read Time":0.0,"Temp I/O Write Time":0.0}]}]}]}]}]},{"Node Type":"Index Only Scan","Parent Relationship":"Inner","Parallel Aware":false,"Async Capable":false,"Scan Direction":"Forward","Index Name":"stock_pk","Relation Name":"stock","Schema":"public","Alias":"stock","Startup Cost":0.44,"Total Cost":519363.62,"Plan Rows":20000212,"Plan Width":6,"Actual Startup Time":0.049,"Actual Total Time":1395.341,"Actual Rows":19999994,"Actual Loops":1,"Output":["stock.s_w_id","stock.s_i_id"],"Heap Fetches":0,"Shared Hit Blocks":54673,"Shared Read Blocks":0,"Shared Dirtied Blocks":0,"Shared Written Blocks":0,"Local Hit Blocks":0,"Local Read Blocks":0,"Local Dirtied Blocks":0,"Local Written Blocks":0,"Temp Read Blocks":0,"Temp Written Blocks":0,"I/O Read Time":0.0,"I/O Write Time":0.0,"Temp I/O Read Time":0.0,"Temp I/O Write Time":0.0}]},{"Node Type":"Hash","Parent Relationship":"Inner","Parallel Aware":false,"Async Capable":false,"Startup Cost":219.01,"Total Cost":219.01,"Plan Rows":10001,"Plan Width":8,"Actual Startup Time":3.126,"Actual Total Time":3.128,"Actual Rows":10000,"Actual Loops":1,"Output":["supplier.su_suppkey","supplier.su_nationkey"],"Hash Buckets":16384,"Original Hash Buckets":16384,"Hash Batches":1,"Original Hash Batches":1,"Peak Memory Usage":519,"Shared Hit Blocks":0,"Shared Read Blocks":0,"Shared Dirtied Blocks":0,"Shared Written Blocks":0,"Local Hit Blocks":0,"Local Read Blocks":0,"Local Dirtied Blocks":0,"Local Written Blocks":0,"Temp Read Blocks":0,"Temp Written Blocks":0,"I/O Read Time":0.0,"I/O Write Time":0.0,"Temp I/O Read Time":0.0,"Temp I/O Write Time":0.0,"Plans":[{"Node Type":"Append","Parent Relationship":"Outer","Parallel Aware":false,"Async Capable":false,"Startup Cost":20.0,"Total Cost":219.01,"Plan Rows":10001,"Plan Width":8,"Actual Startup Time":0.014,"Actual Total Time":1.821,"Actual Rows":10000,"Actual Loops":1,"Shared Hit Blocks":0,"Shared Read Blocks":0,"Shared Dirtied Blocks":0,"Shared Written Blocks":0,"Local Hit Blocks":0,"Local Read Blocks":0,"Local Dirtied Blocks":0,"Local Written Blocks":0,"Temp Read Blocks":0,"Temp Written Blocks":0,"I/O Read Time":0.0,"I/O Write Time":0.0,"Temp I/O Read Time":0.0,"Temp I/O Write Time":0.0,"Subplans Removed":0,"Plans":[{"Node Type":"Custom Scan","Parent Relationship":"Member","Custom Plan Provider":"columnar scan","Parallel Aware":false,"Async Capable":false,"Relation Name":"supplier","Schema":"public","Alias":"supplier","Startup Cost":20.0,"Total Cost":215.0,"Plan Rows":10000,"Plan Width":8,"Actual Startup Time":0.013,"Actual Total Time":1.096,"Actual Rows":10000,"Actual Loops":1,"Output":["supplier.su_suppkey","supplier.su_nationkey"],"Rows Removed by Columnar Filter":0,"Columnar cache search mode":"native","Shared Hit Blocks":0,"Shared Read Blocks":0,"Shared Dirtied Blocks":0,"Shared Written Blocks":0,"Local Hit Blocks":0,"Local Read Blocks":0,"Local Dirtied Blocks":0,"Local Written Blocks":0,"Temp Read Blocks":0,"Temp Written Blocks":0,"I/O Read Time":0.0,"I/O Write Time":0.0,"Temp I/O Read Time":0.0,"Temp I/O Write Time":0.0},{"Node Type":"Seq Scan","Parent Relationship":"Member","Parallel Aware":false,"Async Capable":false,"Relation Name":"supplier","Schema":"public","Alias":"supplier","Startup Cost":0.0,"Total Cost":4.01,"Plan Rows":1,"Plan Width":8,"Actual Startup Time":0.0,"Actual Total Time":0.0,"Actual Rows":0,"Actual Loops":0,"Output":["supplier.su_suppkey","supplier.su_nationkey"],"Shared Hit Blocks":0,"Shared Read Blocks":0,"Shared Dirtied Blocks":0,"Shared Written Blocks":0,"Local Hit Blocks":0,"Local Read Blocks":0,"Local Dirtied Blocks":0,"Local Written Blocks":0,"Temp Read Blocks":0,"Temp Written Blocks":0,"I/O Read Time":0.0,"I/O Write Time":0.0,"Temp I/O Read Time":0.0,"Temp I/O Write Time":0.0}]}]}]}]}]}]},"Planning":{"Shared Hit Blocks":220,"Shared Read Blocks":0,"Shared Dirtied Blocks":0,"Shared Written Blocks":0,"Local Hit Blocks":0,"Local Read Blocks":0,"Local Dirtied Blocks":0,"Local Written Blocks":0,"Temp Read Blocks":0,"Temp Written Blocks":0,"I/O Read Time":0.0,"I/O Write Time":0.0,"Temp I/O Read Time":0.0,"Temp I/O Write Time":0.0},"Planning Time":5.771,"Triggers":[],"Execution Time":34272.78}]
[列存组合]: nation, order_line, orders, region
[{"Plan":{"Node Type":"Sort","Parallel Aware":false,"Async Capable":false,"Startup Cost":4055674.03,"Total Cost":4055674.18,"Plan Rows":62,"Plan Width":40,"Actual Startup Time":21230.525,"Actual Total Time":21230.558,"Actual Rows":11,"Actual Loops":1,"Output":["nation.n_name","(sum(order_line.ol_amount))"],"Sort Key":["(sum(order_line.ol_amount)) DESC"],"Sort Method":"quicksort","Sort Space Used":25,"Sort Space Type":"Memory","Shared Hit Blocks":514882,"Shared Read Blocks":0,"Shared Dirtied Blocks":0,"Shared Written Blocks":0,"Local Hit Blocks":0,"Local Read Blocks":0,"Local Dirtied Blocks":0,"Local Written Blocks":0,"Temp Read Blocks":131755,"Temp Written Blocks":131809,"I/O Read Time":0.0,"I/O Write Time":0.0,"Temp I/O Read Time":205.609,"Temp I/O Write Time":556.651,"Plans":[{"Node Type":"Aggregate","Strategy":"Sorted","Partial Mode":"Simple","Parent Relationship":"Outer","Parallel Aware":false,"Async Capable":false,"Startup Cost":4055520.39,"Total Cost":4055672.18,"Plan Rows":62,"Plan Width":40,"Actual Startup Time":21224.606,"Actual Total Time":21230.54,"Actual Rows":11,"Actual Loops":1,"Output":["nation.n_name","sum(order_line.ol_amount)"],"Group Key":["nation.n_name"],"Shared Hit Blocks":514882,"Shared Read Blocks":0,"Shared Dirtied Blocks":0,"Shared Written Blocks":0,"Local Hit Blocks":0,"Local Read Blocks":0,"Local Dirtied Blocks":0,"Local Written Blocks":0,"Temp Read Blocks":131755,"Temp Written Blocks":131809,"I/O Read Time":0.0,"I/O Write Time":0.0,"Temp I/O Read Time":205.609,"Temp I/O Write Time":556.651,"Plans":[{"Node Type":"Sort","Parent Relationship":"Outer","Parallel Aware":false,"Async Capable":false,"Startup Cost":4055520.39,"Total Cost":4055570.73,"Plan Rows":20136,"Plan Width":12,"Actual Startup Time":21224.167,"Actual Total Time":21226.008,"Actual Rows":35044,"Actual Loops":1,"Output":["nation.n_name","order_line.ol_amount"],"Sort Key":["nation.n_name"],"Sort Method":"quicksort","Sort Space Used":3146,"Sort Space Type":"Memory","Shared Hit Blocks":514882,"Shared Read Blocks":0,"Shared Dirtied Blocks":0,"Shared Written Blocks":0,"Local Hit Blocks":0,"Local Read Blocks":0,"Local Dirtied Blocks":0,"Local Written Blocks":0,"Temp Read Blocks":131755,"Temp Written Blocks":131809,"I/O Read Time":0.0,"I/O Write Time":0.0,"Temp I/O Read Time":205.609,"Temp I/O Write Time":556.651,"Plans":[{"Node Type":"Hash Join","Parent Relationship":"Outer","Parallel Aware":false,"Async Capable":false,"Join Type":"Inner","Startup Cost":3406212.94,"Total Cost":4054080.92,"Plan Rows":20136,"Plan Width":12,"Actual Startup Time":17271.146,"Actual Total Time":21205.03,"Actual Rows":35044,"Actual Loops":1,"Output":["nation.n_name","order_line.ol_amount"],"Inner Unique":true,"Hash Cond":"((mod((stock.s_w_id * stock.s_i_id), 10000) = supplier.su_suppkey) AND (customer.c_nationkey = supplier.su_nationkey))","Shared Hit Blocks":514882,"Shared Read Blocks":0,"Shared Dirtied Blocks":0,"Shared Written Blocks":0,"Local Hit Blocks":0,"Local Read Blocks":0,"Local Dirtied Blocks":0,"Local Written Blocks":0,"Temp Read Blocks":131755,"Temp Written Blocks":131809,"I/O Read Time":0.0,"I/O Write Time":0.0,"Temp I/O Read Time":205.609,"Temp I/O Write Time":556.651,"Plans":[{"Node Type":"Merge Join","Parent Relationship":"Outer","Parallel Aware":false,"Async Capable":false,"Join Type":"Inner","Startup Cost":3405745.94,"Total Cost":4046778.94,"Plan Rows":1242717,"Plan Width":26,"Actual Startup Time":17268.047,"Actual Total Time":20922.729,"Actual Rows":2218175,"Actual Loops":1,"Output":["customer.c_nationkey","order_line.ol_amount","stock.s_w_id","stock.s_i_id","nation.n_name","nation.n_nationkey"],"Inner Unique":true,"Merge Cond":"((customer.c_w_id = stock.s_w_id) AND (order_line.ol_i_id = stock.s_i_id))","Shared Hit Blocks":514665,"Shared Read Blocks":0,"Shared Dirtied Blocks":0,"Shared Written Blocks":0,"Local Hit Blocks":0,"Local Read Blocks":0,"Local Dirtied Blocks":0,"Local Written Blocks":0,"Temp Read Blocks":131755,"Temp Written Blocks":131809,"I/O Read Time":0.0,"I/O Write Time":0.0,"Temp I/O Read Time":205.609,"Temp I/O Write Time":556.651,"Plans":[{"Node Type":"Sort","Parent Relationship":"Outer","Parallel Aware":false,"Async Capable":false,"Startup Cost":3405745.5,"Total Cost":3408826.04,"Plan Rows":1232214,"Plan Width":30,"Actual Startup Time":17267.984,"Actual Total Time":17863.91,"Actual Rows":2218175,"Actual Loops":1,"Output":["customer.c_w_id","customer.c_nationkey","orders.o_w_id","order_line.ol_amount","order_line.ol_w_id","order_line.ol_i_id","nation.n_name","nation.n_nationkey"],"Sort Key":["customer.c_w_id","order_line.ol_i_id"],"Sort Method":"external merge","Sort Space Used":94520,"Sort Space Type":"Disk","Shared Hit Blocks":459992,"Shared Read Blocks":0,"Shared Dirtied Blocks":0,"Shared Written Blocks":0,"Local Hit Blocks":0,"Local Read Blocks":0,"Local Dirtied Blocks":0,"Local Written Blocks":0,"Temp Read Blocks":131755,"Temp Written Blocks":131809,"I/O Read Time":0.0,"I/O Write Time":0.0,"Temp I/O Read Time":205.609,"Temp I/O Write Time":556.651,"Plans":[{"Node Type":"Hash Join","Parent Relationship":"Outer","Parallel Aware":false,"Async Capable":false,"Join Type":"Inner","Startup Cost":805488.83,"Total Cost":3222121.67,"Plan Rows":1232214,"Plan Width":30,"Actual Startup Time":3254.267,"Actual Total Time":14641.214,"Actual Rows":2218175,"Actual Loops":1,"Output":["customer.c_w_id","customer.c_nationkey","orders.o_w_id","order_line.ol_amount","order_line.ol_w_id","order_line.ol_i_id","nation.n_name","nation.n_nationkey"],"Inner Unique":false,"Hash Cond":"(customer.c_nationkey = nation.n_nationkey)","Shared Hit Blocks":459992,"Shared Read Blocks":0,"Shared Dirtied Blocks":0,"Shared Written Blocks":0,"Local Hit Blocks":0,"Local Read Blocks":0,"Local Dirtied Blocks":0,"Local Written Blocks":0,"Temp Read Blocks":108135,"Temp Written Blocks":108135,"I/O Read Time":0.0,"I/O Write Time":0.0,"Temp I/O Read Time":170.906,"Temp I/O Write Time":494.196,"Plans":[{"Node Type":"Hash Join","Parent Relationship":"Outer","Parallel Aware":false,"Async Capable":false,"Join Type":"Inner","Startup Cost":805485.69,"Total Cost":3187089.86,"Plan Rows":6161071,"Plan Width":18,"Actual Startup Time":3247.538,"Actual Total Time":13807.761,"Actual Rows":8568663,"Actual Loops":1,"Output":["customer.c_w_id","customer.c_nationkey","orders.o_w_id","order_line.ol_amount","order_line.ol_w_id","order_line.ol_i_id"],"Inner Unique":true,"Hash Cond":"((orders.o_c_id = customer.c_id) AND (orders.o_w_id = customer.c_w_id) AND (orders.o_d_id = customer.c_d_id))","Shared Hit Blocks":459990,"Shared Read Blocks":0,"Shared Dirtied Blocks":0,"Shared Written Blocks":0,"Local Hit Blocks":0,"Local Read Blocks":0,"Local Dirtied Blocks":0,"Local Written Blocks":0,"Temp Read Blocks":108135,"Temp Written Blocks":108135,"I/O Read Time":0.0,"I/O Write Time":0.0,"Temp I/O Read Time":170.906,"Temp I/O Write Time":494.196,"Plans":[{"Node Type":"Hash Join","Parent Relationship":"Outer","Parallel Aware":false,"Async Capable":false,"Join Type":"Inner","Startup Cost":151193.84,"Total Cost":2382779.57,"Plan Rows":6161071,"Plan Width":20,"Actual Startup Time":413.908,"Actual Total Time":6679.783,"Actual Rows":8568663,"Actual Loops":1,"Output":["orders.o_c_id","orders.o_w_id","orders.o_d_id","order_line.ol_amount","order_line.ol_w_id","order_line.ol_d_id","order_line.ol_i_id"],"Inner Unique":true,"Hash Cond":"((order_line.ol_w_id = orders.o_w_id) AND (order_line.ol_d_id = orders.o_d_id) AND (order_line.ol_o_id = orders.o_id))","Shared Hit Blocks":0,"Shared Read Blocks":0,"Shared Dirtied Blocks":0,"Shared Written Blocks":0,"Local Hit Blocks":0,"Local Read Blocks":0,"Local Dirtied Blocks":0,"Local Written Blocks":0,"Temp Read Blocks":43816,"Temp Written Blocks":43816,"I/O Read Time":0.0,"I/O Write Time":0.0,"Temp I/O Read Time":69.509,"Temp I/O Write Time":189.275,"Plans":[{"Node Type":"Append","Parent Relationship":"Outer","Parallel Aware":false,"Async Capable":false,"Startup Cost":20.0,"Total Cost":1403598.82,"Plan Rows":42039468,"Plan Width":20,"Actual Startup Time":1.36,"Actual Total Time":2586.108,"Actual Rows":8620885,"Actual Loops":1,"Shared Hit Blocks":0,"Shared Read Blocks":0,"Shared Dirtied Blocks":0,"Shared Written Blocks":0,"Local Hit Blocks":0,"Local Read Blocks":0,"Local Dirtied Blocks":0,"Local Written Blocks":0,"Temp Read Blocks":0,"Temp Written Blocks":0,"I/O Read Time":0.0,"I/O Write Time":0.0,"Temp I/O Read Time":0.0,"Temp I/O Write Time":0.0,"Subplans Removed":0,"Plans":[{"Node Type":"Custom Scan","Parent Relationship":"Member","Custom Plan Provider":"columnar scan","Parallel Aware":false,"Async Capable":false,"Relation Name":"order_line","Schema":"public","Alias":"order_line","Startup Cost":20.0,"Total Cost":1072026.23,"Plan Rows":42039424,"Plan Width":20,"Actual Startup Time":1.359,"Actual Total Time":1986.325,"Actual Rows":8620885,"Actual Loops":1,"Output":["order_line.ol_amount","order_line.ol_o_id","order_line.ol_w_id","order_line.ol_d_id","order_line.ol_i_id"],"Filter":"(order_line.ol_delivery_d >= '1992-01-02 20:10:02.27764'::timestamp without time zone)","Rows Removed by Filter":0,"Rows Removed by Columnar Filter":51372876,"Rows Filtered by Bloom Filter":0,"Dictionary Rows Filtered by Bloom Filter":51372876,"Columnar cache search mode":"native","Shared Hit Blocks":0,"Shared Read Blocks":0,"Shared Dirtied Blocks":0,"Shared Written Blocks":0,"Local Hit Blocks":0,"Local Read Blocks":0,"Local Dirtied Blocks":0,"Local Written Blocks":0,"Temp Read Blocks":0,"Temp Written Blocks":0,"I/O Read Time":0.0,"I/O Write Time":0.0,"Temp I/O Read Time":0.0,"Temp I/O Write Time":0.0},{"Node Type":"Seq Scan","Parent Relationship":"Member","Parallel Aware":false,"Async Capable":false,"Relation Name":"order_line","Schema":"public","Alias":"order_line","Startup Cost":0.0,"Total Cost":4.79,"Plan Rows":44,"Plan Width":20,"Actual Startup Time":0.0,"Actual Total Time":0.0,"Actual Rows":0,"Actual Loops":0,"Output":["order_line.ol_amount","order_line.ol_o_id","order_line.ol_w_id","order_line.ol_d_id","order_line.ol_i_id"],"Filter":"(order_line.ol_delivery_d >= '1992-01-02 20:10:02.27764'::timestamp without time zone)","Rows Removed by Filter":0,"Shared Hit Blocks":0,"Shared Read Blocks":0,"Shared Dirtied Blocks":0,"Shared Written Blocks":0,"Local Hit Blocks":0,"Local Read Blocks":0,"Local Dirtied Blocks":0,"Local Written Blocks":0,"Temp Read Blocks":0,"Temp Written Blocks":0,"I/O Read Time":0.0,"I/O Write Time":0.0,"Temp I/O Read Time":0.0,"Temp I/O Write Time":0.0}]},{"Node Type":"Hash","Parent Relationship":"Inner","Parallel Aware":false,"Async Capable":false,"Startup Cost":131491.69,"Total Cost":131491.69,"Plan Rows":879323,"Plan Width":16,"Actual Startup Time":411.241,"Actual Total Time":411.246,"Actual Rows":856801,"Actual Loops":1,"Output":["orders.o_c_id","orders.o_w_id","orders.o_d_id","orders.o_id"],"Hash Buckets":262144,"Original Hash Buckets":262144,"Hash Batches":8,"Original Hash Batches":8,"Peak Memory Usage":7070,"Shared Hit Blocks":0,"Shared Read Blocks":0,"Shared Dirtied Blocks":0,"Shared Written Blocks":0,"Local Hit Blocks":0,"Local Read Blocks":0,"Local Dirtied Blocks":0,"Local Written Blocks":0,"Temp Read Blocks":0,"Temp Written Blocks":3290,"I/O Read Time":0.0,"I/O Write Time":0.0,"Temp I/O Read Time":0.0,"Temp I/O Write Time":14.061,"Plans":[{"Node Type":"Append","Parent Relationship":"Outer","Parallel Aware":false,"Async Capable":false,"Startup Cost":20.0,"Total Cost":131491.69,"Plan Rows":879323,"Plan Width":16,"Actual Startup Time":0.627,"Actual Total Time":210.524,"Actual Rows":856801,"Actual Loops":1,"Shared Hit Blocks":0,"Shared Read Blocks":0,"Shared Dirtied Blocks":0,"Shared Written Blocks":0,"Local Hit Blocks":0,"Local Read Blocks":0,"Local Dirtied Blocks":0,"Local Written Blocks":0,"Temp Read Blocks":0,"Temp Written Blocks":0,"I/O Read Time":0.0,"I/O Write Time":0.0,"Temp I/O Read Time":0.0,"Temp I/O Write Time":0.0,"Subplans Removed":0,"Plans":[{"Node Type":"Custom Scan","Parent Relationship":"Member","Custom Plan Provider":"columnar scan","Parallel Aware":false,"Async Capable":false,"Relation Name":"orders","Schema":"public","Alias":"orders","Startup Cost":20.0,"Total Cost":20684.21,"Plan Rows":879322,"Plan Width":16,"Actual Startup Time":0.625,"Actual Total Time":146.421,"Actual Rows":856801,"Actual Loops":1,"Output":["orders.o_c_id","orders.o_w_id","orders.o_d_id","orders.o_id"],"Filter":"((orders.o_entry_d < '1994-01-02 20:10:02.27764'::timestamp without time zone) AND (orders.o_entry_d >= '1993-01-02 20:10:02.27764'::timestamp without time zone))","Rows Removed by Filter":0,"Rows Removed by Columnar Filter":5143199,"Columnar cache search mode":"native","Shared Hit Blocks":0,"Shared Read Blocks":0,"Shared Dirtied Blocks":0,"Shared Written Blocks":0,"Local Hit Blocks":0,"Local Read Blocks":0,"Local Dirtied Blocks":0,"Local Written Blocks":0,"Temp Read Blocks":0,"Temp Written Blocks":0,"I/O Read Time":0.0,"I/O Write Time":0.0,"Temp I/O Read Time":0.0,"Temp I/O Write Time":0.0},{"Node Type":"Seq Scan","Parent Relationship":"Member","Parallel Aware":false,"Async Capable":false,"Relation Name":"orders","Schema":"public","Alias":"orders","Startup Cost":0.0,"Total Cost":4.01,"Plan Rows":1,"Plan Width":16,"Actual Startup Time":0.0,"Actual Total Time":0.0,"Actual Rows":0,"Actual Loops":0,"Output":["orders.o_c_id","orders.o_w_id","orders.o_d_id","orders.o_id"],"Filter":"((orders.o_entry_d < '1994-01-02 20:10:02.27764'::timestamp without time zone) AND (orders.o_entry_d >= '1993-01-02 20:10:02.27764'::timestamp without time zone))","Rows Removed by Filter":0,"Shared Hit Blocks":0,"Shared Read Blocks":0,"Shared Dirtied Blocks":0,"Shared Written Blocks":0,"Local Hit Blocks":0,"Local Read Blocks":0,"Local Dirtied Blocks":0,"Local Written Blocks":0,"Temp Read Blocks":0,"Temp Written Blocks":0,"I/O Read Time":0.0,"I/O Write Time":0.0,"Temp I/O Read Time":0.0,"Temp I/O Write Time":0.0}]}]}]},{"Node Type":"Hash","Parent Relationship":"Inner","Parallel Aware":false,"Async Capable":false,"Startup Cost":519991.4,"Total Cost":519991.4,"Plan Rows":6000140,"Plan Width":12,"Actual Startup Time":2827.48,"Actual Total Time":2827.482,"Actual Rows":6000000,"Actual Loops":1,"Output":["customer.c_id","customer.c_w_id","customer.c_d_id","customer.c_nationkey"],"Hash Buckets":262144,"Original Hash Buckets":262144,"Hash Batches":64,"Original Hash Batches":64,"Peak Memory Usage":6073,"Shared Hit Blocks":459990,"Shared Read Blocks":0,"Shared Dirtied Blocks":0,"Shared Written Blocks":0,"Local Hit Blocks":0,"Local Read Blocks":0,"Local Dirtied Blocks":0,"Local Written Blocks":0,"Temp Read Blocks":0,"Temp Written Blocks":23037,"I/O Read Time":0.0,"I/O Write Time":0.0,"Temp I/O Read Time":0.0,"Temp I/O Write Time":112.805,"Plans":[{"Node Type":"Seq Scan","Parent Relationship":"Outer","Parallel Aware":false,"Async Capable":false,"Relation Name":"customer","Schema":"public","Alias":"customer","Startup Cost":0.0,"Total Cost":519991.4,"Plan Rows":6000140,"Plan Width":12,"Actual Startup Time":0.011,"Actual Total Time":1825.195,"Actual Rows":6000000,"Actual Loops":1,"Output":["customer.c_id","customer.c_w_id","customer.c_d_id","customer.c_nationkey"],"Shared Hit Blocks":459990,"Shared Read Blocks":0,"Shared Dirtied Blocks":0,"Shared Written Blocks":0,"Local Hit Blocks":0,"Local Read Blocks":0,"Local Dirtied Blocks":0,"Local Written Blocks":0,"Temp Read Blocks":0,"Temp Written Blocks":0,"I/O Read Time":0.0,"I/O Write Time":0.0,"Temp I/O Read Time":0.0,"Temp I/O Write Time":0.0}]}]},{"Node Type":"Hash","Parent Relationship":"Inner","Parallel Aware":false,"Async Capable":false,"Startup Cost":2.99,"Total Cost":2.99,"Plan Rows":12,"Plan Width":12,"Actual Startup Time":0.042,"Actual Total Time":0.047,"Actual Rows":22,"Actual Loops":1,"Output":["nation.n_name","nation.n_nationkey"],"Hash Buckets":1024,"Original Hash Buckets":1024,"Hash Batches":1,"Original Hash Batches":1,"Peak Memory Usage":9,"Shared Hit Blocks":2,"Shared Read Blocks":0,"Shared Dirtied Blocks":0,"Shared Written Blocks":0,"Local Hit Blocks":0,"Local Read Blocks":0,"Local Dirtied Blocks":0,"Local Written Blocks":0,"Temp Read Blocks":0,"Temp Written Blocks":0,"I/O Read Time":0.0,"I/O Write Time":0.0,"Temp I/O Read Time":0.0,"Temp I/O Write Time":0.0,"Plans":[{"Node Type":"Hash Join","Parent Relationship":"Outer","Parallel Aware":false,"Async Capable":false,"Join Type":"Inner","Startup Cost":1.07,"Total Cost":2.99,"Plan Rows":12,"Plan Width":12,"Actual Startup Time":0.025,"Actual Total Time":0.041,"Actual Rows":22,"Actual Loops":1,"Output":["nation.n_name","nation.n_nationkey"],"Inner Unique":true,"Hash Cond":"(nation.n_regionkey = region.r_regionkey)","Shared Hit Blocks":2,"Shared Read Blocks":0,"Shared Dirtied Blocks":0,"Shared Written Blocks":0,"Local Hit Blocks":0,"Local Read Blocks":0,"Local Dirtied Blocks":0,"Local Written Blocks":0,"Temp Read Blocks":0,"Temp Written Blocks":0,"I/O Read Time":0.0,"I/O Write Time":0.0,"Temp I/O Read Time":0.0,"Temp I/O Write Time":0.0,"Plans":[{"Node Type":"Seq Scan","Parent Relationship":"Outer","Parallel Aware":false,"Async Capable":false,"Relation Name":"nation","Schema":"public","Alias":"nation","Startup Cost":0.0,"Total Cost":1.62,"Plan Rows":62,"Plan Width":16,"Actual Startup Time":0.005,"Actual Total Time":0.008,"Actual Rows":62,"Actual Loops":1,"Output":["nation.n_nationkey","nation.n_name","nation.n_regionkey","nation.n_comment"],"Shared Hit Blocks":1,"Shared Read Blocks":0,"Shared Dirtied Blocks":0,"Shared Written Blocks":0,"Local Hit Blocks":0,"Local Read Blocks":0,"Local Dirtied Blocks":0,"Local Written Blocks":0,"Temp Read Blocks":0,"Temp Written Blocks":0,"I/O Read Time":0.0,"I/O Write Time":0.0,"Temp I/O Read Time":0.0,"Temp I/O Write Time":0.0},{"Node Type":"Hash","Parent Relationship":"Inner","Parallel Aware":false,"Async Capable":false,"Startup Cost":1.06,"Total Cost":1.06,"Plan Rows":1,"Plan Width":4,"Actual Startup Time":0.008,"Actual Total Time":0.01,"Actual Rows":1,"Actual Loops":1,"Output":["region.r_regionkey"],"Hash Buckets":1024,"Original Hash Buckets":1024,"Hash Batches":1,"Original Hash Batches":1,"Peak Memory Usage":9,"Shared Hit Blocks":1,"Shared Read Blocks":0,"Shared Dirtied Blocks":0,"Shared Written Blocks":0,"Local Hit Blocks":0,"Local Read Blocks":0,"Local Dirtied Blocks":0,"Local Written Blocks":0,"Temp Read Blocks":0,"Temp Written Blocks":0,"I/O Read Time":0.0,"I/O Write Time":0.0,"Temp I/O Read Time":0.0,"Temp I/O Write Time":0.0,"Plans":[{"Node Type":"Seq Scan","Parent Relationship":"Outer","Parallel Aware":false,"Async Capable":false,"Relation Name":"region","Schema":"public","Alias":"region","Startup Cost":0.0,"Total Cost":1.06,"Plan Rows":1,"Plan Width":4,"Actual Startup Time":0.006,"Actual Total Time":0.007,"Actual Rows":1,"Actual Loops":1,"Output":["region.r_regionkey"],"Filter":"((region.r_name)::text = 'Europe'::text)","Rows Removed by Filter":4,"Shared Hit Blocks":1,"Shared Read Blocks":0,"Shared Dirtied Blocks":0,"Shared Written Blocks":0,"Local Hit Blocks":0,"Local Read Blocks":0,"Local Dirtied Blocks":0,"Local Written Blocks":0,"Temp Read Blocks":0,"Temp Written Blocks":0,"I/O Read Time":0.0,"I/O Write Time":0.0,"Temp I/O Read Time":0.0,"Temp I/O Write Time":0.0}]}]}]}]}]},{"Node Type":"Index Only Scan","Parent Relationship":"Inner","Parallel Aware":false,"Async Capable":false,"Scan Direction":"Forward","Index Name":"stock_pk","Relation Name":"stock","Schema":"public","Alias":"stock","Startup Cost":0.44,"Total Cost":519363.62,"Plan Rows":20000212,"Plan Width":6,"Actual Startup Time":0.047,"Actual Total Time":1412.782,"Actual Rows":19999994,"Actual Loops":1,"Output":["stock.s_w_id","stock.s_i_id"],"Heap Fetches":0,"Shared Hit Blocks":54673,"Shared Read Blocks":0,"Shared Dirtied Blocks":0,"Shared Written Blocks":0,"Local Hit Blocks":0,"Local Read Blocks":0,"Local Dirtied Blocks":0,"Local Written Blocks":0,"Temp Read Blocks":0,"Temp Written Blocks":0,"I/O Read Time":0.0,"I/O Write Time":0.0,"Temp I/O Read Time":0.0,"Temp I/O Write Time":0.0}]},{"Node Type":"Hash","Parent Relationship":"Inner","Parallel Aware":false,"Async Capable":false,"Startup Cost":317.0,"Total Cost":317.0,"Plan Rows":10000,"Plan Width":8,"Actual Startup Time":2.666,"Actual Total Time":2.667,"Actual Rows":10000,"Actual Loops":1,"Output":["supplier.su_suppkey","supplier.su_nationkey"],"Hash Buckets":16384,"Original Hash Buckets":16384,"Hash Batches":1,"Original Hash Batches":1,"Peak Memory Usage":519,"Shared Hit Blocks":217,"Shared Read Blocks":0,"Shared Dirtied Blocks":0,"Shared Written Blocks":0,"Local Hit Blocks":0,"Local Read Blocks":0,"Local Dirtied Blocks":0,"Local Written Blocks":0,"Temp Read Blocks":0,"Temp Written Blocks":0,"I/O Read Time":0.0,"I/O Write Time":0.0,"Temp I/O Read Time":0.0,"Temp I/O Write Time":0.0,"Plans":[{"Node Type":"Seq Scan","Parent Relationship":"Outer","Parallel Aware":false,"Async Capable":false,"Relation Name":"supplier","Schema":"public","Alias":"supplier","Startup Cost":0.0,"Total Cost":317.0,"Plan Rows":10000,"Plan Width":8,"Actual Startup Time":0.011,"Actual Total Time":1.386,"Actual Rows":10000,"Actual Loops":1,"Output":["supplier.su_suppkey","supplier.su_nationkey"],"Shared Hit Blocks":217,"Shared Read Blocks":0,"Shared Dirtied Blocks":0,"Shared Written Blocks":0,"Local Hit Blocks":0,"Local Read Blocks":0,"Local Dirtied Blocks":0,"Local Written Blocks":0,"Temp Read Blocks":0,"Temp Written Blocks":0,"I/O Read Time":0.0,"I/O Write Time":0.0,"Temp I/O Read Time":0.0,"Temp I/O Write Time":0.0}]}]}]}]}]},"Planning":{"Shared Hit Blocks":220,"Shared Read Blocks":0,"Shared Dirtied Blocks":0,"Shared Written Blocks":0,"Local Hit Blocks":0,"Local Read Blocks":0,"Local Dirtied Blocks":0,"Local Written Blocks":0,"Temp Read Blocks":0,"Temp Written Blocks":0,"I/O Read Time":0.0,"I/O Write Time":0.0,"Temp I/O Read Time":0.0,"Temp I/O Write Time":0.0},"Planning Time":5.031,"Triggers":[],"Execution Time":21246.343}]
[列存组合]: nation, order_line, orders, stock
[{"Plan":{"Node Type":"Sort","Parallel Aware":false,"Async Capable":false,"Startup Cost":2399090.61,"Total Cost":2399090.76,"Plan Rows":62,"Plan Width":40,"Actual Startup Time":11263.004,"Actual Total Time":11263.045,"Actual Rows":11,"Actual Loops":1,"Output":["nation.n_name","(sum(order_line.ol_amount))"],"Sort Key":["(sum(order_line.ol_amount)) DESC"],"Sort Method":"quicksort","Sort Space Used":25,"Sort Space Type":"Memory","Shared Hit Blocks":460209,"Shared Read Blocks":0,"Shared Dirtied Blocks":0,"Shared Written Blocks":0,"Local Hit Blocks":0,"Local Read Blocks":0,"Local Dirtied Blocks":0,"Local Written Blocks":0,"Temp Read Blocks":67001,"Temp Written Blocks":67001,"I/O Read Time":0.0,"I/O Write Time":0.0,"Temp I/O Read Time":104.43,"Temp I/O Write Time":321.007,"Plans":[{"Node Type":"Aggregate","Strategy":"Sorted","Partial Mode":"Simple","Parent Relationship":"Outer","Parallel Aware":false,"Async Capable":false,"Startup Cost":2398936.97,"Total Cost":2399088.76,"Plan Rows":62,"Plan Width":40,"Actual Startup Time":11256.877,"Actual Total Time":11263.023,"Actual Rows":11,"Actual Loops":1,"Output":["nation.n_name","sum(order_line.ol_amount)"],"Group Key":["nation.n_name"],"Shared Hit Blocks":460209,"Shared Read Blocks":0,"Shared Dirtied Blocks":0,"Shared Written Blocks":0,"Local Hit Blocks":0,"Local Read Blocks":0,"Local Dirtied Blocks":0,"Local Written Blocks":0,"Temp Read Blocks":67001,"Temp Written Blocks":67001,"I/O Read Time":0.0,"I/O Write Time":0.0,"Temp I/O Read Time":104.43,"Temp I/O Write Time":321.007,"Plans":[{"Node Type":"Sort","Parent Relationship":"Outer","Parallel Aware":false,"Async Capable":false,"Startup Cost":2398936.97,"Total Cost":2398987.31,"Plan Rows":20136,"Plan Width":12,"Actual Startup Time":11256.432,"Actual Total Time":11258.31,"Actual Rows":35044,"Actual Loops":1,"Output":["nation.n_name","order_line.ol_amount"],"Sort Key":["nation.n_name"],"Sort Method":"quicksort","Sort Space Used":3146,"Sort Space Type":"Memory","Shared Hit Blocks":460209,"Shared Read Blocks":0,"Shared Dirtied Blocks":0,"Shared Written Blocks":0,"Local Hit Blocks":0,"Local Read Blocks":0,"Local Dirtied Blocks":0,"Local Written Blocks":0,"Temp Read Blocks":67001,"Temp Written Blocks":67001,"I/O Read Time":0.0,"I/O Write Time":0.0,"Temp I/O Read Time":104.43,"Temp I/O Write Time":321.007,"Plans":[{"Node Type":"Hash Join","Parent Relationship":"Outer","Parallel Aware":false,"Async Capable":false,"Join Type":"Inner","Startup Cost":879488.62,"Total Cost":2397497.5,"Plan Rows":20136,"Plan Width":12,"Actual Startup Time":4570.869,"Actual Total Time":11239.664,"Actual Rows":35044,"Actual Loops":1,"Output":["nation.n_name","order_line.ol_amount"],"Hash Cond":"((orders.o_c_id = customer.c_id) AND (orders.o_w_id = customer.c_w_id) AND (orders.o_d_id = customer.c_d_id) AND (supplier.su_nationkey = customer.c_nationkey))","Shared Hit Blocks":460209,"Shared Read Blocks":0,"Shared Dirtied Blocks":0,"Shared Written Blocks":0,"Local Hit Blocks":0,"Local Read Blocks":0,"Local Dirtied Blocks":0,"Local Written Blocks":0,"Temp Read Blocks":67001,"Temp Written Blocks":67001,"I/O Read Time":0.0,"I/O Write Time":0.0,"Temp I/O Read Time":104.43,"Temp I/O Write Time":321.007,"Plans":[{"Node Type":"Hash Join","Parent Relationship":"Outer","Parallel Aware":false,"Async Capable":false,"Join Type":"Inner","Startup Cost":210196.42,"Total Cost":1666455.07,"Plan Rows":1242117,"Plan Width":34,"Actual Startup Time":1628.652,"Actual Total Time":6787.043,"Actual Rows":2982388,"Actual Loops":1,"Output":["orders.o_c_id","orders.o_w_id","orders.o_d_id","order_line.ol_amount","order_line.ol_w_id","order_line.ol_d_id","stock.s_w_id","supplier.su_nationkey","nation.n_name","nation.n_nationkey"],"Hash Cond":"((order_line.ol_w_id = orders.o_w_id) AND (order_line.ol_d_id = orders.o_d_id) AND (order_line.ol_o_id = orders.o_id))","Shared Hit Blocks":219,"Shared Read Blocks":0,"Shared Dirtied Blocks":0,"Shared Written Blocks":0,"Local Hit Blocks":0,"Local Read Blocks":0,"Local Dirtied Blocks":0,"Local Written Blocks":0,"Temp Read Blocks":23127,"Temp Written Blocks":23127,"I/O Read Time":0.0,"I/O Write Time":0.0,"Temp I/O Read Time":36.39,"Temp I/O Write Time":107.018,"Plans":[{"Node Type":"Hash Join","Parent Relationship":"Outer","Parallel Aware":false,"Async Capable":false,"Join Type":"Inner","Startup Cost":59022.58,"Total Cost":1311993.18,"Plan Rows":8467814,"Plan Width":34,"Actual Startup Time":1209.614,"Actual Total Time":4786.244,"Actual Rows":3000322,"Actual Loops":1,"Output":["order_line.ol_amount","order_line.ol_o_id","order_line.ol_w_id","order_line.ol_d_id","stock.s_w_id","supplier.su_nationkey","nation.n_name","nation.n_nationkey"],"Hash Cond":"(mod((stock.s_w_id * stock.s_i_id), 10000) = supplier.su_suppkey)","Shared Hit Blocks":219,"Shared Read Blocks":0,"Shared Dirtied Blocks":0,"Shared Written Blocks":0,"Local Hit Blocks":0,"Local Read Blocks":0,"Local Dirtied Blocks":0,"Local Written Blocks":0,"Temp Read Blocks":0,"Temp Written Blocks":0,"I/O Read Time":0.0,"I/O Write Time":0.0,"Temp I/O Read Time":0.0,"Temp I/O Write Time":0.0,"Plans":[{"Node Type":"Hash Join","Parent Relationship":"Outer","Parallel Aware":false,"Async Capable":false,"Join Type":"Inner","Startup Cost":58620.59,"Total Cost":962293.85,"Plan Rows":42339072,"Plan Width":22,"Actual Startup Time":1206.662,"Actual Total Time":3386.111,"Actual Rows":8620885,"Actual Loops":1,"Output":["order_line.ol_amount","order_line.ol_o_id","order_line.ol_w_id","order_line.ol_d_id","stock.s_w_id","stock.s_i_id"],"Hash Cond":"((order_line.ol_w_id = stock.s_w_id) AND (order_line.ol_i_id = stock.s_i_id))","Rows Removed by Bloom Filter":0,"Shared Hit Blocks":0,"Shared Read Blocks":0,"Shared Dirtied Blocks":0,"Shared Written Blocks":0,"Local Hit Blocks":0,"Local Read Blocks":0,"Local Dirtied Blocks":0,"Local Written Blocks":0,"Temp Read Blocks":0,"Temp Written Blocks":0,"I/O Read Time":0.0,"I/O Write Time":0.0,"Temp I/O Read Time":0.0,"Temp I/O Write Time":0.0,"Plans":[{"Node Type":"Append","Parent Relationship":"Outer","Parallel Aware":false,"Async Capable":false,"Startup Cost":20.0,"Total Cost":1072031.01,"Plan Rows":42039468,"Plan Width":20,"Actual Startup Time":250.301,"Actual Total Time":250.314,"Actual Rows":8620885,"Actual Loops":1,"Shared Hit Blocks":0,"Shared Read Blocks":0,"Shared Dirtied Blocks":0,"Shared Written Blocks":0,"Local Hit Blocks":0,"Local Read Blocks":0,"Local Dirtied Blocks":0,"Local Written Blocks":0,"Temp Read Blocks":0,"Temp Written Blocks":0,"I/O Read Time":0.0,"I/O Write Time":0.0,"Temp I/O Read Time":0.0,"Temp I/O Write Time":0.0,"Subplans Removed":0,"Plans":[{"Node Type":"Custom Scan","Parent Relationship":"Member","Custom Plan Provider":"columnar scan","Parallel Aware":false,"Async Capable":false,"Relation Name":"order_line","Schema":"public","Alias":"order_line","Startup Cost":20.0,"Total Cost":1072026.23,"Plan Rows":42039424,"Plan Width":20,"Actual Startup Time":250.298,"Actual Total Time":250.299,"Actual Rows":8620885,"Actual Loops":1,"Output":["order_line.ol_amount","order_line.ol_o_id","order_line.ol_w_id","order_line.ol_d_id","order_line.ol_i_id"],"Filter":"(order_line.ol_delivery_d >= '1992-01-02 20:10:02.27764'::timestamp without time zone)","Rows Removed by Filter":0,"Rows Removed by Columnar Filter":51372876,"Rows Filtered by Bloom Filter":0,"Dictionary Rows Filtered by Bloom Filter":51372876,"Columnar cache search mode":"native","Shared Hit Blocks":0,"Shared Read Blocks":0,"Shared Dirtied Blocks":0,"Shared Written Blocks":0,"Local Hit Blocks":0,"Local Read Blocks":0,"Local Dirtied Blocks":0,"Local Written Blocks":0,"Temp Read Blocks":0,"Temp Written Blocks":0,"I/O Read Time":0.0,"I/O Write Time":0.0,"Temp I/O Read Time":0.0,"Temp I/O Write Time":0.0},{"Node Type":"Seq Scan","Parent Relationship":"Member","Parallel Aware":false,"Async Capable":false,"Relation Name":"order_line","Schema":"public","Alias":"order_line","Startup Cost":0.0,"Total Cost":4.79,"Plan Rows":44,"Plan Width":20,"Actual Startup Time":0.0,"Actual Total Time":0.0,"Actual Rows":0,"Actual Loops":0,"Output":["order_line.ol_amount","order_line.ol_o_id","order_line.ol_w_id","order_line.ol_d_id","order_line.ol_i_id"],"Filter":"(order_line.ol_delivery_d >= '1992-01-02 20:10:02.27764'::timestamp without time zone)","Rows Removed by Filter":0,"Shared Hit Blocks":0,"Shared Read Blocks":0,"Shared Dirtied Blocks":0,"Shared Written Blocks":0,"Local Hit Blocks":0,"Local Read Blocks":0,"Local Dirtied Blocks":0,"Local Written Blocks":0,"Temp Read Blocks":0,"Temp Written Blocks":0,"I/O Read Time":0.0,"I/O Write Time":0.0,"Temp I/O Read Time":0.0,"Temp I/O Write Time":0.0}]},{"Node Type":"Hash","Parent Relationship":"Inner","Parallel Aware":false,"Async Capable":false,"Startup Cost":390026.22,"Total Cost":390026.22,"Plan Rows":20000212,"Plan Width":6,"Actual Rows":20000000,"Actual Loops":1,"Output":["stock.s_w_id","stock.s_i_id"],"Shared Hit Blocks":0,"Shared Read Blocks":0,"Shared Dirtied Blocks":0,"Shared Written Blocks":0,"Local Hit Blocks":0,"Local Read Blocks":0,"Local Dirtied Blocks":0,"Local Written Blocks":0,"Temp Read Blocks":0,"Temp Written Blocks":0,"I/O Read Time":0.0,"I/O Write Time":0.0,"Temp I/O Read Time":0.0,"Temp I/O Write Time":0.0,"Plans":[{"Node Type":"Append","Parent Relationship":"Outer","Parallel Aware":false,"Async Capable":false,"Startup Cost":20.0,"Total Cost":390026.22,"Plan Rows":20000212,"Plan Width":6,"Actual Startup Time":0.449,"Actual Total Time":0.452,"Actual Rows":20000000,"Actual Loops":1,"Shared Hit Blocks":0,"Shared Read Blocks":0,"Shared Dirtied Blocks":0,"Shared Written Blocks":0,"Local Hit Blocks":0,"Local Read Blocks":0,"Local Dirtied Blocks":0,"Local Written Blocks":0,"Temp Read Blocks":0,"Temp Written Blocks":0,"I/O Read Time":0.0,"I/O Write Time":0.0,"Temp I/O Read Time":0.0,"Temp I/O Write Time":0.0,"Subplans Removed":0,"Plans":[{"Node Type":"Custom Scan","Parent Relationship":"Member","Custom Plan Provider":"columnar scan","Parallel Aware":false,"Async Capable":false,"Relation Name":"stock","Schema":"public","Alias":"stock","Startup Cost":20.0,"Total Cost":390020.1,"Plan Rows":20000000,"Plan Width":6,"Actual Startup Time":0.449,"Actual Total Time":0.449,"Actual Rows":20000000,"Actual Loops":1,"Output":["stock.s_w_id","stock.s_i_id"],"Rows Removed by Columnar Filter":0,"Columnar cache search mode":"native","Shared Hit Blocks":0,"Shared Read Blocks":0,"Shared Dirtied Blocks":0,"Shared Written Blocks":0,"Local Hit Blocks":0,"Local Read Blocks":0,"Local Dirtied Blocks":0,"Local Written Blocks":0,"Temp Read Blocks":0,"Temp Written Blocks":0,"I/O Read Time":0.0,"I/O Write Time":0.0,"Temp I/O Read Time":0.0,"Temp I/O Write Time":0.0},{"Node Type":"Seq Scan","Parent Relationship":"Member","Parallel Aware":false,"Async Capable":false,"Relation Name":"stock","Schema":"public","Alias":"stock","Startup Cost":0.0,"Total Cost":6.12,"Plan Rows":212,"Plan Width":6,"Actual Startup Time":0.0,"Actual Total Time":0.0,"Actual Rows":0,"Actual Loops":0,"Output":["stock.s_w_id","stock.s_i_id"],"Shared Hit Blocks":0,"Shared Read Blocks":0,"Shared Dirtied Blocks":0,"Shared Written Blocks":0,"Local Hit Blocks":0,"Local Read Blocks":0,"Local Dirtied Blocks":0,"Local Written Blocks":0,"Temp Read Blocks":0,"Temp Written Blocks":0,"I/O Read Time":0.0,"I/O Write Time":0.0,"Temp I/O Read Time":0.0,"Temp I/O Write Time":0.0}]}]}]},{"Node Type":"Hash","Parent Relationship":"Inner","Parallel Aware":false,"Async Capable":false,"Startup Cost":376.99,"Total Cost":376.99,"Plan Rows":2000,"Plan Width":20,"Actual Startup Time":2.885,"Actual Total Time":2.896,"Actual Rows":3506,"Actual Loops":1,"Output":["supplier.su_suppkey","supplier.su_nationkey","nation.n_name","nation.n_nationkey"],"Hash Buckets":4096,"Original Hash Buckets":2048,"Hash Batches":1,"Original Hash Batches":1,"Peak Memory Usage":217,"Shared Hit Blocks":219,"Shared Read Blocks":0,"Shared Dirtied Blocks":0,"Shared Written Blocks":0,"Local Hit Blocks":0,"Local Read Blocks":0,"Local Dirtied Blocks":0,"Local Written Blocks":0,"Temp Read Blocks":0,"Temp Written Blocks":0,"I/O Read Time":0.0,"I/O Write Time":0.0,"Temp I/O Read Time":0.0,"Temp I/O Write Time":0.0,"Plans":[{"Node Type":"Hash Join","Parent Relationship":"Outer","Parallel Aware":false,"Async Capable":false,"Join Type":"Inner","Startup Cost":3.14,"Total Cost":376.99,"Plan Rows":2000,"Plan Width":20,"Actual Startup Time":0.078,"Actual Total Time":2.317,"Actual Rows":3506,"Actual Loops":1,"Output":["supplier.su_suppkey","supplier.su_nationkey","nation.n_name","nation.n_nationkey"],"Hash Cond":"(supplier.su_nationkey = nation.n_nationkey)","Shared Hit Blocks":219,"Shared Read Blocks":0,"Shared Dirtied Blocks":0,"Shared Written Blocks":0,"Local Hit Blocks":0,"Local Read Blocks":0,"Local Dirtied Blocks":0,"Local Written Blocks":0,"Temp Read Blocks":0,"Temp Written Blocks":0,"I/O Read Time":0.0,"I/O Write Time":0.0,"Temp I/O Read Time":0.0,"Temp I/O Write Time":0.0,"Plans":[{"Node Type":"Seq Scan","Parent Relationship":"Outer","Parallel Aware":false,"Async Capable":false,"Relation Name":"supplier","Schema":"public","Alias":"supplier","Startup Cost":0.0,"Total Cost":317.0,"Plan Rows":10000,"Plan Width":8,"Actual Startup Time":0.019,"Actual Total Time":0.83,"Actual Rows":10000,"Actual Loops":1,"Output":["supplier.su_suppkey","supplier.su_name","supplier.su_address","supplier.su_nationkey","supplier.su_phone","supplier.su_acctbal","supplier.su_comment"],"Shared Hit Blocks":217,"Shared Read Blocks":0,"Shared Dirtied Blocks":0,"Shared Written Blocks":0,"Local Hit Blocks":0,"Local Read Blocks":0,"Local Dirtied Blocks":0,"Local Written Blocks":0,"Temp Read Blocks":0,"Temp Written Blocks":0,"I/O Read Time":0.0,"I/O Write Time":0.0,"Temp I/O Read Time":0.0,"Temp I/O Write Time":0.0},{"Node Type":"Hash","Parent Relationship":"Inner","Parallel Aware":false,"Async Capable":false,"Startup Cost":2.99,"Total Cost":2.99,"Plan Rows":12,"Plan Width":12,"Actual Startup Time":0.049,"Actual Total Time":0.055,"Actual Rows":22,"Actual Loops":1,"Output":["nation.n_name","nation.n_nationkey"],"Hash Buckets":1024,"Original Hash Buckets":1024,"Hash Batches":1,"Original Hash Batches":1,"Peak Memory Usage":9,"Shared Hit Blocks":2,"Shared Read Blocks":0,"Shared Dirtied Blocks":0,"Shared Written Blocks":0,"Local Hit Blocks":0,"Local Read Blocks":0,"Local Dirtied Blocks":0,"Local Written Blocks":0,"Temp Read Blocks":0,"Temp Written Blocks":0,"I/O Read Time":0.0,"I/O Write Time":0.0,"Temp I/O Read Time":0.0,"Temp I/O Write Time":0.0,"Plans":[{"Node Type":"Hash Join","Parent Relationship":"Outer","Parallel Aware":false,"Async Capable":false,"Join Type":"Inner","Startup Cost":1.07,"Total Cost":2.99,"Plan Rows":12,"Plan Width":12,"Actual Startup Time":0.03,"Actual Total Time":0.046,"Actual Rows":22,"Actual Loops":1,"Output":["nation.n_name","nation.n_nationkey"],"Hash Cond":"(nation.n_regionkey = region.r_regionkey)","Shared Hit Blocks":2,"Shared Read Blocks":0,"Shared Dirtied Blocks":0,"Shared Written Blocks":0,"Local Hit Blocks":0,"Local Read Blocks":0,"Local Dirtied Blocks":0,"Local Written Blocks":0,"Temp Read Blocks":0,"Temp Written Blocks":0,"I/O Read Time":0.0,"I/O Write Time":0.0,"Temp I/O Read Time":0.0,"Temp I/O Write Time":0.0,"Plans":[{"Node Type":"Seq Scan","Parent Relationship":"Outer","Parallel Aware":false,"Async Capable":false,"Relation Name":"nation","Schema":"public","Alias":"nation","Startup Cost":0.0,"Total Cost":1.62,"Plan Rows":62,"Plan Width":16,"Actual Startup Time":0.005,"Actual Total Time":0.008,"Actual Rows":62,"Actual Loops":1,"Output":["nation.n_nationkey","nation.n_name","nation.n_regionkey","nation.n_comment"],"Shared Hit Blocks":1,"Shared Read Blocks":0,"Shared Dirtied Blocks":0,"Shared Written Blocks":0,"Local Hit Blocks":0,"Local Read Blocks":0,"Local Dirtied Blocks":0,"Local Written Blocks":0,"Temp Read Blocks":0,"Temp Written Blocks":0,"I/O Read Time":0.0,"I/O Write Time":0.0,"Temp I/O Read Time":0.0,"Temp I/O Write Time":0.0},{"Node Type":"Hash","Parent Relationship":"Inner","Parallel Aware":false,"Async Capable":false,"Startup Cost":1.06,"Total Cost":1.06,"Plan Rows":1,"Plan Width":4,"Actual Startup Time":0.013,"Actual Total Time":0.016,"Actual Rows":1,"Actual Loops":1,"Output":["region.r_regionkey"],"Hash Buckets":1024,"Original Hash Buckets":1024,"Hash Batches":1,"Original Hash Batches":1,"Peak Memory Usage":9,"Shared Hit Blocks":1,"Shared Read Blocks":0,"Shared Dirtied Blocks":0,"Shared Written Blocks":0,"Local Hit Blocks":0,"Local Read Blocks":0,"Local Dirtied Blocks":0,"Local Written Blocks":0,"Temp Read Blocks":0,"Temp Written Blocks":0,"I/O Read Time":0.0,"I/O Write Time":0.0,"Temp I/O Read Time":0.0,"Temp I/O Write Time":0.0,"Plans":[{"Node Type":"Seq Scan","Parent Relationship":"Outer","Parallel Aware":false,"Async Capable":false,"Relation Name":"region","Schema":"public","Alias":"region","Startup Cost":0.0,"Total Cost":1.06,"Plan Rows":1,"Plan Width":4,"Actual Startup Time":0.011,"Actual Total Time":0.012,"Actual Rows":1,"Actual Loops":1,"Output":["region.r_regionkey"],"Filter":"((region.r_name)::text = 'Europe'::text)","Rows Removed by Filter":4,"Shared Hit Blocks":1,"Shared Read Blocks":0,"Shared Dirtied Blocks":0,"Shared Written Blocks":0,"Local Hit Blocks":0,"Local Read Blocks":0,"Local Dirtied Blocks":0,"Local Written Blocks":0,"Temp Read Blocks":0,"Temp Written Blocks":0,"I/O Read Time":0.0,"I/O Write Time":0.0,"Temp I/O Read Time":0.0,"Temp I/O Write Time":0.0}]}]}]}]}]}]},{"Node Type":"Hash","Parent Relationship":"Inner","Parallel Aware":false,"Async Capable":false,"Startup Cost":131491.69,"Total Cost":131491.69,"Plan Rows":879323,"Plan Width":16,"Actual Startup Time":417.302,"Actual Total Time":417.307,"Actual Rows":856801,"Actual Loops":1,"Output":["orders.o_c_id","orders.o_w_id","orders.o_d_id","orders.o_id"],"Hash Buckets":262144,"Original Hash Buckets":262144,"Hash Batches":8,"Original Hash Batches":8,"Peak Memory Usage":7070,"Shared Hit Blocks":0,"Shared Read Blocks":0,"Shared Dirtied Blocks":0,"Shared Written Blocks":0,"Local Hit Blocks":0,"Local Read Blocks":0,"Local Dirtied Blocks":0,"Local Written Blocks":0,"Temp Read Blocks":0,"Temp Written Blocks":3290,"I/O Read Time":0.0,"I/O Write Time":0.0,"Temp I/O Read Time":0.0,"Temp I/O Write Time":15.017,"Plans":[{"Node Type":"Append","Parent Relationship":"Outer","Parallel Aware":false,"Async Capable":false,"Startup Cost":20.0,"Total Cost":131491.69,"Plan Rows":879323,"Plan Width":16,"Actual Startup Time":0.518,"Actual Total Time":211.111,"Actual Rows":856801,"Actual Loops":1,"Shared Hit Blocks":0,"Shared Read Blocks":0,"Shared Dirtied Blocks":0,"Shared Written Blocks":0,"Local Hit Blocks":0,"Local Read Blocks":0,"Local Dirtied Blocks":0,"Local Written Blocks":0,"Temp Read Blocks":0,"Temp Written Blocks":0,"I/O Read Time":0.0,"I/O Write Time":0.0,"Temp I/O Read Time":0.0,"Temp I/O Write Time":0.0,"Subplans Removed":0,"Plans":[{"Node Type":"Custom Scan","Parent Relationship":"Member","Custom Plan Provider":"columnar scan","Parallel Aware":false,"Async Capable":false,"Relation Name":"orders","Schema":"public","Alias":"orders","Startup Cost":20.0,"Total Cost":20684.21,"Plan Rows":879322,"Plan Width":16,"Actual Startup Time":0.517,"Actual Total Time":148.792,"Actual Rows":856801,"Actual Loops":1,"Output":["orders.o_c_id","orders.o_w_id","orders.o_d_id","orders.o_id"],"Filter":"((orders.o_entry_d < '1994-01-02 20:10:02.27764'::timestamp without time zone) AND (orders.o_entry_d >= '1993-01-02 20:10:02.27764'::timestamp without time zone))","Rows Removed by Filter":0,"Rows Removed by Columnar Filter":5143199,"Columnar cache search mode":"native","Shared Hit Blocks":0,"Shared Read Blocks":0,"Shared Dirtied Blocks":0,"Shared Written Blocks":0,"Local Hit Blocks":0,"Local Read Blocks":0,"Local Dirtied Blocks":0,"Local Written Blocks":0,"Temp Read Blocks":0,"Temp Written Blocks":0,"I/O Read Time":0.0,"I/O Write Time":0.0,"Temp I/O Read Time":0.0,"Temp I/O Write Time":0.0},{"Node Type":"Seq Scan","Parent Relationship":"Member","Parallel Aware":false,"Async Capable":false,"Relation Name":"orders","Schema":"public","Alias":"orders","Startup Cost":0.0,"Total Cost":4.01,"Plan Rows":1,"Plan Width":16,"Actual Startup Time":0.0,"Actual Total Time":0.0,"Actual Rows":0,"Actual Loops":0,"Output":["orders.o_c_id","orders.o_w_id","orders.o_d_id","orders.o_id"],"Filter":"((orders.o_entry_d < '1994-01-02 20:10:02.27764'::timestamp without time zone) AND (orders.o_entry_d >= '1993-01-02 20:10:02.27764'::timestamp without time zone))","Rows Removed by Filter":0,"Shared Hit Blocks":0,"Shared Read Blocks":0,"Shared Dirtied Blocks":0,"Shared Written Blocks":0,"Local Hit Blocks":0,"Local Read Blocks":0,"Local Dirtied Blocks":0,"Local Written Blocks":0,"Temp Read Blocks":0,"Temp Written Blocks":0,"I/O Read Time":0.0,"I/O Write Time":0.0,"Temp I/O Read Time":0.0,"Temp I/O Write Time":0.0}]}]}]},{"Node Type":"Hash","Parent Relationship":"Inner","Parallel Aware":false,"Async Capable":false,"Startup Cost":519991.4,"Total Cost":519991.4,"Plan Rows":6000140,"Plan Width":12,"Actual Startup Time":2839.673,"Actual Total Time":2839.674,"Actual Rows":6000000,"Actual Loops":1,"Output":["customer.c_id","customer.c_w_id","customer.c_d_id","customer.c_nationkey"],"Hash Buckets":262144,"Original Hash Buckets":262144,"Hash Batches":64,"Original Hash Batches":64,"Peak Memory Usage":6083,"Shared Hit Blocks":459990,"Shared Read Blocks":0,"Shared Dirtied Blocks":0,"Shared Written Blocks":0,"Local Hit Blocks":0,"Local Read Blocks":0,"Local Dirtied Blocks":0,"Local Written Blocks":0,"Temp Read Blocks":0,"Temp Written Blocks":23035,"I/O Read Time":0.0,"I/O Write Time":0.0,"Temp I/O Read Time":0.0,"Temp I/O Write Time":116.383,"Plans":[{"Node Type":"Seq Scan","Parent Relationship":"Outer","Parallel Aware":false,"Async Capable":false,"Relation Name":"customer","Schema":"public","Alias":"customer","Startup Cost":0.0,"Total Cost":519991.4,"Plan Rows":6000140,"Plan Width":12,"Actual Startup Time":0.02,"Actual Total Time":1792.911,"Actual Rows":6000000,"Actual Loops":1,"Output":["customer.c_id","customer.c_w_id","customer.c_d_id","customer.c_nationkey"],"Shared Hit Blocks":459990,"Shared Read Blocks":0,"Shared Dirtied Blocks":0,"Shared Written Blocks":0,"Local Hit Blocks":0,"Local Read Blocks":0,"Local Dirtied Blocks":0,"Local Written Blocks":0,"Temp Read Blocks":0,"Temp Written Blocks":0,"I/O Read Time":0.0,"I/O Write Time":0.0,"Temp I/O Read Time":0.0,"Temp I/O Write Time":0.0}]}]}]}]}]},"Planning":{"Shared Hit Blocks":220,"Shared Read Blocks":0,"Shared Dirtied Blocks":0,"Shared Written Blocks":0,"Local Hit Blocks":0,"Local Read Blocks":0,"Local Dirtied Blocks":0,"Local Written Blocks":0,"Temp Read Blocks":0,"Temp Written Blocks":0,"I/O Read Time":0.0,"I/O Write Time":0.0,"Temp I/O Read Time":0.0,"Temp I/O Write Time":0.0},"Planning Time":5.937,"Triggers":[],"Execution Time":11269.983}]
[列存组合]: nation, order_line, orders, supplier
[{"Plan":{"Node Type":"Sort","Parallel Aware":false,"Async Capable":false,"Startup Cost":4055576.05,"Total Cost":4055576.21,"Plan Rows":62,"Plan Width":40,"Actual Startup Time":21209.946,"Actual Total Time":21209.983,"Actual Rows":11,"Actual Loops":1,"Output":["nation.n_name","(sum(order_line.ol_amount))"],"Sort Key":["(sum(order_line.ol_amount)) DESC"],"Sort Method":"quicksort","Sort Space Used":25,"Sort Space Type":"Memory","Shared Hit Blocks":514665,"Shared Read Blocks":0,"Shared Dirtied Blocks":0,"Shared Written Blocks":0,"Local Hit Blocks":0,"Local Read Blocks":0,"Local Dirtied Blocks":0,"Local Written Blocks":0,"Temp Read Blocks":131755,"Temp Written Blocks":131809,"I/O Read Time":0.0,"I/O Write Time":0.0,"Temp I/O Read Time":201.828,"Temp I/O Write Time":550.988,"Plans":[{"Node Type":"Aggregate","Strategy":"Sorted","Partial Mode":"Simple","Parent Relationship":"Outer","Parallel Aware":false,"Async Capable":false,"Startup Cost":4055422.41,"Total Cost":4055574.21,"Plan Rows":62,"Plan Width":40,"Actual Startup Time":21204.064,"Actual Total Time":21209.966,"Actual Rows":11,"Actual Loops":1,"Output":["nation.n_name","sum(order_line.ol_amount)"],"Group Key":["nation.n_name"],"Shared Hit Blocks":514665,"Shared Read Blocks":0,"Shared Dirtied Blocks":0,"Shared Written Blocks":0,"Local Hit Blocks":0,"Local Read Blocks":0,"Local Dirtied Blocks":0,"Local Written Blocks":0,"Temp Read Blocks":131755,"Temp Written Blocks":131809,"I/O Read Time":0.0,"I/O Write Time":0.0,"Temp I/O Read Time":201.828,"Temp I/O Write Time":550.988,"Plans":[{"Node Type":"Sort","Parent Relationship":"Outer","Parallel Aware":false,"Async Capable":false,"Startup Cost":4055422.41,"Total Cost":4055472.75,"Plan Rows":20136,"Plan Width":12,"Actual Startup Time":21203.633,"Actual Total Time":21205.417,"Actual Rows":35044,"Actual Loops":1,"Output":["nation.n_name","order_line.ol_amount"],"Sort Key":["nation.n_name"],"Sort Method":"quicksort","Sort Space Used":3146,"Sort Space Type":"Memory","Shared Hit Blocks":514665,"Shared Read Blocks":0,"Shared Dirtied Blocks":0,"Shared Written Blocks":0,"Local Hit Blocks":0,"Local Read Blocks":0,"Local Dirtied Blocks":0,"Local Written Blocks":0,"Temp Read Blocks":131755,"Temp Written Blocks":131809,"I/O Read Time":0.0,"I/O Write Time":0.0,"Temp I/O Read Time":201.828,"Temp I/O Write Time":550.988,"Plans":[{"Node Type":"Hash Join","Parent Relationship":"Outer","Parallel Aware":false,"Async Capable":false,"Join Type":"Inner","Startup Cost":3406114.96,"Total Cost":4053982.94,"Plan Rows":20136,"Plan Width":12,"Actual Startup Time":17221.649,"Actual Total Time":21184.632,"Actual Rows":35044,"Actual Loops":1,"Output":["nation.n_name","order_line.ol_amount"],"Inner Unique":true,"Hash Cond":"((mod((stock.s_w_id * stock.s_i_id), 10000) = supplier.su_suppkey) AND (customer.c_nationkey = supplier.su_nationkey))","Shared Hit Blocks":514665,"Shared Read Blocks":0,"Shared Dirtied Blocks":0,"Shared Written Blocks":0,"Local Hit Blocks":0,"Local Read Blocks":0,"Local Dirtied Blocks":0,"Local Written Blocks":0,"Temp Read Blocks":131755,"Temp Written Blocks":131809,"I/O Read Time":0.0,"I/O Write Time":0.0,"Temp I/O Read Time":201.828,"Temp I/O Write Time":550.988,"Plans":[{"Node Type":"Merge Join","Parent Relationship":"Outer","Parallel Aware":false,"Async Capable":false,"Join Type":"Inner","Startup Cost":3405745.94,"Total Cost":4046778.94,"Plan Rows":1242717,"Plan Width":26,"Actual Startup Time":17218.039,"Actual Total Time":20890.746,"Actual Rows":2218175,"Actual Loops":1,"Output":["customer.c_nationkey","order_line.ol_amount","stock.s_w_id","stock.s_i_id","nation.n_name","nation.n_nationkey"],"Inner Unique":true,"Merge Cond":"((customer.c_w_id = stock.s_w_id) AND (order_line.ol_i_id = stock.s_i_id))","Shared Hit Blocks":514665,"Shared Read Blocks":0,"Shared Dirtied Blocks":0,"Shared Written Blocks":0,"Local Hit Blocks":0,"Local Read Blocks":0,"Local Dirtied Blocks":0,"Local Written Blocks":0,"Temp Read Blocks":131755,"Temp Written Blocks":131809,"I/O Read Time":0.0,"I/O Write Time":0.0,"Temp I/O Read Time":201.828,"Temp I/O Write Time":550.988,"Plans":[{"Node Type":"Sort","Parent Relationship":"Outer","Parallel Aware":false,"Async Capable":false,"Startup Cost":3405745.5,"Total Cost":3408826.04,"Plan Rows":1232214,"Plan Width":30,"Actual Startup Time":17217.98,"Actual Total Time":17812.744,"Actual Rows":2218175,"Actual Loops":1,"Output":["customer.c_w_id","customer.c_nationkey","orders.o_w_id","order_line.ol_amount","order_line.ol_w_id","order_line.ol_i_id","nation.n_name","nation.n_nationkey"],"Sort Key":["customer.c_w_id","order_line.ol_i_id"],"Sort Method":"external merge","Sort Space Used":94520,"Sort Space Type":"Disk","Shared Hit Blocks":459992,"Shared Read Blocks":0,"Shared Dirtied Blocks":0,"Shared Written Blocks":0,"Local Hit Blocks":0,"Local Read Blocks":0,"Local Dirtied Blocks":0,"Local Written Blocks":0,"Temp Read Blocks":131755,"Temp Written Blocks":131809,"I/O Read Time":0.0,"I/O Write Time":0.0,"Temp I/O Read Time":201.828,"Temp I/O Write Time":550.988,"Plans":[{"Node Type":"Hash Join","Parent Relationship":"Outer","Parallel Aware":false,"Async Capable":false,"Join Type":"Inner","Startup Cost":805488.83,"Total Cost":3222121.67,"Plan Rows":1232214,"Plan Width":30,"Actual Startup Time":3243.035,"Actual Total Time":14591.603,"Actual Rows":2218175,"Actual Loops":1,"Output":["customer.c_w_id","customer.c_nationkey","orders.o_w_id","order_line.ol_amount","order_line.ol_w_id","order_line.ol_i_id","nation.n_name","nation.n_nationkey"],"Inner Unique":false,"Hash Cond":"(customer.c_nationkey = nation.n_nationkey)","Shared Hit Blocks":459992,"Shared Read Blocks":0,"Shared Dirtied Blocks":0,"Shared Written Blocks":0,"Local Hit Blocks":0,"Local Read Blocks":0,"Local Dirtied Blocks":0,"Local Written Blocks":0,"Temp Read Blocks":108135,"Temp Written Blocks":108135,"I/O Read Time":0.0,"I/O Write Time":0.0,"Temp I/O Read Time":168.244,"Temp I/O Write Time":489.074,"Plans":[{"Node Type":"Hash Join","Parent Relationship":"Outer","Parallel Aware":false,"Async Capable":false,"Join Type":"Inner","Startup Cost":805485.69,"Total Cost":3187089.86,"Plan Rows":6161071,"Plan Width":18,"Actual Startup Time":3236.422,"Actual Total Time":13758.031,"Actual Rows":8568663,"Actual Loops":1,"Output":["customer.c_w_id","customer.c_nationkey","orders.o_w_id","order_line.ol_amount","order_line.ol_w_id","order_line.ol_i_id"],"Inner Unique":true,"Hash Cond":"((orders.o_c_id = customer.c_id) AND (orders.o_w_id = customer.c_w_id) AND (orders.o_d_id = customer.c_d_id))","Shared Hit Blocks":459990,"Shared Read Blocks":0,"Shared Dirtied Blocks":0,"Shared Written Blocks":0,"Local Hit Blocks":0,"Local Read Blocks":0,"Local Dirtied Blocks":0,"Local Written Blocks":0,"Temp Read Blocks":108135,"Temp Written Blocks":108135,"I/O Read Time":0.0,"I/O Write Time":0.0,"Temp I/O Read Time":168.244,"Temp I/O Write Time":489.074,"Plans":[{"Node Type":"Hash Join","Parent Relationship":"Outer","Parallel Aware":false,"Async Capable":false,"Join Type":"Inner","Startup Cost":151193.84,"Total Cost":2382779.57,"Plan Rows":6161071,"Plan Width":20,"Actual Startup Time":412.886,"Actual Total Time":6655.088,"Actual Rows":8568663,"Actual Loops":1,"Output":["orders.o_c_id","orders.o_w_id","orders.o_d_id","order_line.ol_amount","order_line.ol_w_id","order_line.ol_d_id","order_line.ol_i_id"],"Inner Unique":true,"Hash Cond":"((order_line.ol_w_id = orders.o_w_id) AND (order_line.ol_d_id = orders.o_d_id) AND (order_line.ol_o_id = orders.o_id))","Shared Hit Blocks":0,"Shared Read Blocks":0,"Shared Dirtied Blocks":0,"Shared Written Blocks":0,"Local Hit Blocks":0,"Local Read Blocks":0,"Local Dirtied Blocks":0,"Local Written Blocks":0,"Temp Read Blocks":43816,"Temp Written Blocks":43816,"I/O Read Time":0.0,"I/O Write Time":0.0,"Temp I/O Read Time":68.804,"Temp I/O Write Time":187.871,"Plans":[{"Node Type":"Append","Parent Relationship":"Outer","Parallel Aware":false,"Async Capable":false,"Startup Cost":20.0,"Total Cost":1403598.82,"Plan Rows":42039468,"Plan Width":20,"Actual Startup Time":1.364,"Actual Total Time":2575.966,"Actual Rows":8620885,"Actual Loops":1,"Shared Hit Blocks":0,"Shared Read Blocks":0,"Shared Dirtied Blocks":0,"Shared Written Blocks":0,"Local Hit Blocks":0,"Local Read Blocks":0,"Local Dirtied Blocks":0,"Local Written Blocks":0,"Temp Read Blocks":0,"Temp Written Blocks":0,"I/O Read Time":0.0,"I/O Write Time":0.0,"Temp I/O Read Time":0.0,"Temp I/O Write Time":0.0,"Subplans Removed":0,"Plans":[{"Node Type":"Custom Scan","Parent Relationship":"Member","Custom Plan Provider":"columnar scan","Parallel Aware":false,"Async Capable":false,"Relation Name":"order_line","Schema":"public","Alias":"order_line","Startup Cost":20.0,"Total Cost":1072026.23,"Plan Rows":42039424,"Plan Width":20,"Actual Startup Time":1.363,"Actual Total Time":1976.434,"Actual Rows":8620885,"Actual Loops":1,"Output":["order_line.ol_amount","order_line.ol_o_id","order_line.ol_w_id","order_line.ol_d_id","order_line.ol_i_id"],"Filter":"(order_line.ol_delivery_d >= '1992-01-02 20:10:02.27764'::timestamp without time zone)","Rows Removed by Filter":0,"Rows Removed by Columnar Filter":51372876,"Rows Filtered by Bloom Filter":0,"Dictionary Rows Filtered by Bloom Filter":51372876,"Columnar cache search mode":"native","Shared Hit Blocks":0,"Shared Read Blocks":0,"Shared Dirtied Blocks":0,"Shared Written Blocks":0,"Local Hit Blocks":0,"Local Read Blocks":0,"Local Dirtied Blocks":0,"Local Written Blocks":0,"Temp Read Blocks":0,"Temp Written Blocks":0,"I/O Read Time":0.0,"I/O Write Time":0.0,"Temp I/O Read Time":0.0,"Temp I/O Write Time":0.0},{"Node Type":"Seq Scan","Parent Relationship":"Member","Parallel Aware":false,"Async Capable":false,"Relation Name":"order_line","Schema":"public","Alias":"order_line","Startup Cost":0.0,"Total Cost":4.79,"Plan Rows":44,"Plan Width":20,"Actual Startup Time":0.0,"Actual Total Time":0.0,"Actual Rows":0,"Actual Loops":0,"Output":["order_line.ol_amount","order_line.ol_o_id","order_line.ol_w_id","order_line.ol_d_id","order_line.ol_i_id"],"Filter":"(order_line.ol_delivery_d >= '1992-01-02 20:10:02.27764'::timestamp without time zone)","Rows Removed by Filter":0,"Shared Hit Blocks":0,"Shared Read Blocks":0,"Shared Dirtied Blocks":0,"Shared Written Blocks":0,"Local Hit Blocks":0,"Local Read Blocks":0,"Local Dirtied Blocks":0,"Local Written Blocks":0,"Temp Read Blocks":0,"Temp Written Blocks":0,"I/O Read Time":0.0,"I/O Write Time":0.0,"Temp I/O Read Time":0.0,"Temp I/O Write Time":0.0}]},{"Node Type":"Hash","Parent Relationship":"Inner","Parallel Aware":false,"Async Capable":false,"Startup Cost":131491.69,"Total Cost":131491.69,"Plan Rows":879323,"Plan Width":16,"Actual Startup Time":410.431,"Actual Total Time":410.439,"Actual Rows":856801,"Actual Loops":1,"Output":["orders.o_c_id","orders.o_w_id","orders.o_d_id","orders.o_id"],"Hash Buckets":262144,"Original Hash Buckets":262144,"Hash Batches":8,"Original Hash Batches":8,"Peak Memory Usage":7070,"Shared Hit Blocks":0,"Shared Read Blocks":0,"Shared Dirtied Blocks":0,"Shared Written Blocks":0,"Local Hit Blocks":0,"Local Read Blocks":0,"Local Dirtied Blocks":0,"Local Written Blocks":0,"Temp Read Blocks":0,"Temp Written Blocks":3290,"I/O Read Time":0.0,"I/O Write Time":0.0,"Temp I/O Read Time":0.0,"Temp I/O Write Time":14.09,"Plans":[{"Node Type":"Append","Parent Relationship":"Outer","Parallel Aware":false,"Async Capable":false,"Startup Cost":20.0,"Total Cost":131491.69,"Plan Rows":879323,"Plan Width":16,"Actual Startup Time":0.55,"Actual Total Time":210.289,"Actual Rows":856801,"Actual Loops":1,"Shared Hit Blocks":0,"Shared Read Blocks":0,"Shared Dirtied Blocks":0,"Shared Written Blocks":0,"Local Hit Blocks":0,"Local Read Blocks":0,"Local Dirtied Blocks":0,"Local Written Blocks":0,"Temp Read Blocks":0,"Temp Written Blocks":0,"I/O Read Time":0.0,"I/O Write Time":0.0,"Temp I/O Read Time":0.0,"Temp I/O Write Time":0.0,"Subplans Removed":0,"Plans":[{"Node Type":"Custom Scan","Parent Relationship":"Member","Custom Plan Provider":"columnar scan","Parallel Aware":false,"Async Capable":false,"Relation Name":"orders","Schema":"public","Alias":"orders","Startup Cost":20.0,"Total Cost":20684.21,"Plan Rows":879322,"Plan Width":16,"Actual Startup Time":0.55,"Actual Total Time":145.765,"Actual Rows":856801,"Actual Loops":1,"Output":["orders.o_c_id","orders.o_w_id","orders.o_d_id","orders.o_id"],"Filter":"((orders.o_entry_d < '1994-01-02 20:10:02.27764'::timestamp without time zone) AND (orders.o_entry_d >= '1993-01-02 20:10:02.27764'::timestamp without time zone))","Rows Removed by Filter":0,"Rows Removed by Columnar Filter":5143199,"Columnar cache search mode":"native","Shared Hit Blocks":0,"Shared Read Blocks":0,"Shared Dirtied Blocks":0,"Shared Written Blocks":0,"Local Hit Blocks":0,"Local Read Blocks":0,"Local Dirtied Blocks":0,"Local Written Blocks":0,"Temp Read Blocks":0,"Temp Written Blocks":0,"I/O Read Time":0.0,"I/O Write Time":0.0,"Temp I/O Read Time":0.0,"Temp I/O Write Time":0.0},{"Node Type":"Seq Scan","Parent Relationship":"Member","Parallel Aware":false,"Async Capable":false,"Relation Name":"orders","Schema":"public","Alias":"orders","Startup Cost":0.0,"Total Cost":4.01,"Plan Rows":1,"Plan Width":16,"Actual Startup Time":0.0,"Actual Total Time":0.0,"Actual Rows":0,"Actual Loops":0,"Output":["orders.o_c_id","orders.o_w_id","orders.o_d_id","orders.o_id"],"Filter":"((orders.o_entry_d < '1994-01-02 20:10:02.27764'::timestamp without time zone) AND (orders.o_entry_d >= '1993-01-02 20:10:02.27764'::timestamp without time zone))","Rows Removed by Filter":0,"Shared Hit Blocks":0,"Shared Read Blocks":0,"Shared Dirtied Blocks":0,"Shared Written Blocks":0,"Local Hit Blocks":0,"Local Read Blocks":0,"Local Dirtied Blocks":0,"Local Written Blocks":0,"Temp Read Blocks":0,"Temp Written Blocks":0,"I/O Read Time":0.0,"I/O Write Time":0.0,"Temp I/O Read Time":0.0,"Temp I/O Write Time":0.0}]}]}]},{"Node Type":"Hash","Parent Relationship":"Inner","Parallel Aware":false,"Async Capable":false,"Startup Cost":519991.4,"Total Cost":519991.4,"Plan Rows":6000140,"Plan Width":12,"Actual Startup Time":2817.486,"Actual Total Time":2817.488,"Actual Rows":6000000,"Actual Loops":1,"Output":["customer.c_id","customer.c_w_id","customer.c_d_id","customer.c_nationkey"],"Hash Buckets":262144,"Original Hash Buckets":262144,"Hash Batches":64,"Original Hash Batches":64,"Peak Memory Usage":6073,"Shared Hit Blocks":459990,"Shared Read Blocks":0,"Shared Dirtied Blocks":0,"Shared Written Blocks":0,"Local Hit Blocks":0,"Local Read Blocks":0,"Local Dirtied Blocks":0,"Local Written Blocks":0,"Temp Read Blocks":0,"Temp Written Blocks":23037,"I/O Read Time":0.0,"I/O Write Time":0.0,"Temp I/O Read Time":0.0,"Temp I/O Write Time":112.195,"Plans":[{"Node Type":"Seq Scan","Parent Relationship":"Outer","Parallel Aware":false,"Async Capable":false,"Relation Name":"customer","Schema":"public","Alias":"customer","Startup Cost":0.0,"Total Cost":519991.4,"Plan Rows":6000140,"Plan Width":12,"Actual Startup Time":0.01,"Actual Total Time":1800.18,"Actual Rows":6000000,"Actual Loops":1,"Output":["customer.c_id","customer.c_w_id","customer.c_d_id","customer.c_nationkey"],"Shared Hit Blocks":459990,"Shared Read Blocks":0,"Shared Dirtied Blocks":0,"Shared Written Blocks":0,"Local Hit Blocks":0,"Local Read Blocks":0,"Local Dirtied Blocks":0,"Local Written Blocks":0,"Temp Read Blocks":0,"Temp Written Blocks":0,"I/O Read Time":0.0,"I/O Write Time":0.0,"Temp I/O Read Time":0.0,"Temp I/O Write Time":0.0}]}]},{"Node Type":"Hash","Parent Relationship":"Inner","Parallel Aware":false,"Async Capable":false,"Startup Cost":2.99,"Total Cost":2.99,"Plan Rows":12,"Plan Width":12,"Actual Startup Time":0.043,"Actual Total Time":0.048,"Actual Rows":22,"Actual Loops":1,"Output":["nation.n_name","nation.n_nationkey"],"Hash Buckets":1024,"Original Hash Buckets":1024,"Hash Batches":1,"Original Hash Batches":1,"Peak Memory Usage":9,"Shared Hit Blocks":2,"Shared Read Blocks":0,"Shared Dirtied Blocks":0,"Shared Written Blocks":0,"Local Hit Blocks":0,"Local Read Blocks":0,"Local Dirtied Blocks":0,"Local Written Blocks":0,"Temp Read Blocks":0,"Temp Written Blocks":0,"I/O Read Time":0.0,"I/O Write Time":0.0,"Temp I/O Read Time":0.0,"Temp I/O Write Time":0.0,"Plans":[{"Node Type":"Hash Join","Parent Relationship":"Outer","Parallel Aware":false,"Async Capable":false,"Join Type":"Inner","Startup Cost":1.07,"Total Cost":2.99,"Plan Rows":12,"Plan Width":12,"Actual Startup Time":0.026,"Actual Total Time":0.042,"Actual Rows":22,"Actual Loops":1,"Output":["nation.n_name","nation.n_nationkey"],"Inner Unique":true,"Hash Cond":"(nation.n_regionkey = region.r_regionkey)","Shared Hit Blocks":2,"Shared Read Blocks":0,"Shared Dirtied Blocks":0,"Shared Written Blocks":0,"Local Hit Blocks":0,"Local Read Blocks":0,"Local Dirtied Blocks":0,"Local Written Blocks":0,"Temp Read Blocks":0,"Temp Written Blocks":0,"I/O Read Time":0.0,"I/O Write Time":0.0,"Temp I/O Read Time":0.0,"Temp I/O Write Time":0.0,"Plans":[{"Node Type":"Seq Scan","Parent Relationship":"Outer","Parallel Aware":false,"Async Capable":false,"Relation Name":"nation","Schema":"public","Alias":"nation","Startup Cost":0.0,"Total Cost":1.62,"Plan Rows":62,"Plan Width":16,"Actual Startup Time":0.007,"Actual Total Time":0.011,"Actual Rows":62,"Actual Loops":1,"Output":["nation.n_nationkey","nation.n_name","nation.n_regionkey","nation.n_comment"],"Shared Hit Blocks":1,"Shared Read Blocks":0,"Shared Dirtied Blocks":0,"Shared Written Blocks":0,"Local Hit Blocks":0,"Local Read Blocks":0,"Local Dirtied Blocks":0,"Local Written Blocks":0,"Temp Read Blocks":0,"Temp Written Blocks":0,"I/O Read Time":0.0,"I/O Write Time":0.0,"Temp I/O Read Time":0.0,"Temp I/O Write Time":0.0},{"Node Type":"Hash","Parent Relationship":"Inner","Parallel Aware":false,"Async Capable":false,"Startup Cost":1.06,"Total Cost":1.06,"Plan Rows":1,"Plan Width":4,"Actual Startup Time":0.008,"Actual Total Time":0.01,"Actual Rows":1,"Actual Loops":1,"Output":["region.r_regionkey"],"Hash Buckets":1024,"Original Hash Buckets":1024,"Hash Batches":1,"Original Hash Batches":1,"Peak Memory Usage":9,"Shared Hit Blocks":1,"Shared Read Blocks":0,"Shared Dirtied Blocks":0,"Shared Written Blocks":0,"Local Hit Blocks":0,"Local Read Blocks":0,"Local Dirtied Blocks":0,"Local Written Blocks":0,"Temp Read Blocks":0,"Temp Written Blocks":0,"I/O Read Time":0.0,"I/O Write Time":0.0,"Temp I/O Read Time":0.0,"Temp I/O Write Time":0.0,"Plans":[{"Node Type":"Seq Scan","Parent Relationship":"Outer","Parallel Aware":false,"Async Capable":false,"Relation Name":"region","Schema":"public","Alias":"region","Startup Cost":0.0,"Total Cost":1.06,"Plan Rows":1,"Plan Width":4,"Actual Startup Time":0.006,"Actual Total Time":0.007,"Actual Rows":1,"Actual Loops":1,"Output":["region.r_regionkey"],"Filter":"((region.r_name)::text = 'Europe'::text)","Rows Removed by Filter":4,"Shared Hit Blocks":1,"Shared Read Blocks":0,"Shared Dirtied Blocks":0,"Shared Written Blocks":0,"Local Hit Blocks":0,"Local Read Blocks":0,"Local Dirtied Blocks":0,"Local Written Blocks":0,"Temp Read Blocks":0,"Temp Written Blocks":0,"I/O Read Time":0.0,"I/O Write Time":0.0,"Temp I/O Read Time":0.0,"Temp I/O Write Time":0.0}]}]}]}]}]},{"Node Type":"Index Only Scan","Parent Relationship":"Inner","Parallel Aware":false,"Async Capable":false,"Scan Direction":"Forward","Index Name":"stock_pk","Relation Name":"stock","Schema":"public","Alias":"stock","Startup Cost":0.44,"Total Cost":519363.62,"Plan Rows":20000212,"Plan Width":6,"Actual Startup Time":0.045,"Actual Total Time":1419.524,"Actual Rows":19999994,"Actual Loops":1,"Output":["stock.s_w_id","stock.s_i_id"],"Heap Fetches":0,"Shared Hit Blocks":54673,"Shared Read Blocks":0,"Shared Dirtied Blocks":0,"Shared Written Blocks":0,"Local Hit Blocks":0,"Local Read Blocks":0,"Local Dirtied Blocks":0,"Local Written Blocks":0,"Temp Read Blocks":0,"Temp Written Blocks":0,"I/O Read Time":0.0,"I/O Write Time":0.0,"Temp I/O Read Time":0.0,"Temp I/O Write Time":0.0}]},{"Node Type":"Hash","Parent Relationship":"Inner","Parallel Aware":false,"Async Capable":false,"Startup Cost":219.01,"Total Cost":219.01,"Plan Rows":10001,"Plan Width":8,"Actual Startup Time":3.165,"Actual Total Time":3.169,"Actual Rows":10000,"Actual Loops":1,"Output":["supplier.su_suppkey","supplier.su_nationkey"],"Hash Buckets":16384,"Original Hash Buckets":16384,"Hash Batches":1,"Original Hash Batches":1,"Peak Memory Usage":519,"Shared Hit Blocks":0,"Shared Read Blocks":0,"Shared Dirtied Blocks":0,"Shared Written Blocks":0,"Local Hit Blocks":0,"Local Read Blocks":0,"Local Dirtied Blocks":0,"Local Written Blocks":0,"Temp Read Blocks":0,"Temp Written Blocks":0,"I/O Read Time":0.0,"I/O Write Time":0.0,"Temp I/O Read Time":0.0,"Temp I/O Write Time":0.0,"Plans":[{"Node Type":"Append","Parent Relationship":"Outer","Parallel Aware":false,"Async Capable":false,"Startup Cost":20.0,"Total Cost":219.01,"Plan Rows":10001,"Plan Width":8,"Actual Startup Time":0.014,"Actual Total Time":1.875,"Actual Rows":10000,"Actual Loops":1,"Shared Hit Blocks":0,"Shared Read Blocks":0,"Shared Dirtied Blocks":0,"Shared Written Blocks":0,"Local Hit Blocks":0,"Local Read Blocks":0,"Local Dirtied Blocks":0,"Local Written Blocks":0,"Temp Read Blocks":0,"Temp Written Blocks":0,"I/O Read Time":0.0,"I/O Write Time":0.0,"Temp I/O Read Time":0.0,"Temp I/O Write Time":0.0,"Subplans Removed":0,"Plans":[{"Node Type":"Custom Scan","Parent Relationship":"Member","Custom Plan Provider":"columnar scan","Parallel Aware":false,"Async Capable":false,"Relation Name":"supplier","Schema":"public","Alias":"supplier","Startup Cost":20.0,"Total Cost":215.0,"Plan Rows":10000,"Plan Width":8,"Actual Startup Time":0.013,"Actual Total Time":1.163,"Actual Rows":10000,"Actual Loops":1,"Output":["supplier.su_suppkey","supplier.su_nationkey"],"Rows Removed by Columnar Filter":0,"Columnar cache search mode":"native","Shared Hit Blocks":0,"Shared Read Blocks":0,"Shared Dirtied Blocks":0,"Shared Written Blocks":0,"Local Hit Blocks":0,"Local Read Blocks":0,"Local Dirtied Blocks":0,"Local Written Blocks":0,"Temp Read Blocks":0,"Temp Written Blocks":0,"I/O Read Time":0.0,"I/O Write Time":0.0,"Temp I/O Read Time":0.0,"Temp I/O Write Time":0.0},{"Node Type":"Seq Scan","Parent Relationship":"Member","Parallel Aware":false,"Async Capable":false,"Relation Name":"supplier","Schema":"public","Alias":"supplier","Startup Cost":0.0,"Total Cost":4.01,"Plan Rows":1,"Plan Width":8,"Actual Startup Time":0.0,"Actual Total Time":0.0,"Actual Rows":0,"Actual Loops":0,"Output":["supplier.su_suppkey","supplier.su_nationkey"],"Shared Hit Blocks":0,"Shared Read Blocks":0,"Shared Dirtied Blocks":0,"Shared Written Blocks":0,"Local Hit Blocks":0,"Local Read Blocks":0,"Local Dirtied Blocks":0,"Local Written Blocks":0,"Temp Read Blocks":0,"Temp Written Blocks":0,"I/O Read Time":0.0,"I/O Write Time":0.0,"Temp I/O Read Time":0.0,"Temp I/O Write Time":0.0}]}]}]}]}]}]},"Planning":{"Shared Hit Blocks":220,"Shared Read Blocks":0,"Shared Dirtied Blocks":0,"Shared Written Blocks":0,"Local Hit Blocks":0,"Local Read Blocks":0,"Local Dirtied Blocks":0,"Local Written Blocks":0,"Temp Read Blocks":0,"Temp Written Blocks":0,"I/O Read Time":0.0,"I/O Write Time":0.0,"Temp I/O Read Time":0.0,"Temp I/O Write Time":0.0},"Planning Time":4.938,"Triggers":[],"Execution Time":21225.843}]
[列存组合]: nation, order_line, region, stock
[{"Plan":{"Node Type":"Sort","Parallel Aware":false,"Async Capable":false,"Startup Cost":2401720.42,"Total Cost":2401720.58,"Plan Rows":62,"Plan Width":40,"Actual Startup Time":11499.437,"Actual Total Time":11499.475,"Actual Rows":11,"Actual Loops":1,"Output":["nation.n_name","(sum(order_line.ol_amount))"],"Sort Key":["(sum(order_line.ol_amount)) DESC"],"Sort Method":"quicksort","Sort Space Used":25,"Sort Space Type":"Memory","Shared Hit Blocks":504331,"Shared Read Blocks":0,"Shared Dirtied Blocks":0,"Shared Written Blocks":0,"Local Hit Blocks":0,"Local Read Blocks":0,"Local Dirtied Blocks":0,"Local Written Blocks":0,"Temp Read Blocks":67001,"Temp Written Blocks":67001,"I/O Read Time":0.0,"I/O Write Time":0.0,"Temp I/O Read Time":104.831,"Temp I/O Write Time":325.0,"Plans":[{"Node Type":"Aggregate","Strategy":"Sorted","Partial Mode":"Simple","Parent Relationship":"Outer","Parallel Aware":false,"Async Capable":false,"Startup Cost":2401566.78,"Total Cost":2401718.58,"Plan Rows":62,"Plan Width":40,"Actual Startup Time":11492.996,"Actual Total Time":11499.456,"Actual Rows":11,"Actual Loops":1,"Output":["nation.n_name","sum(order_line.ol_amount)"],"Group Key":["nation.n_name"],"Shared Hit Blocks":504331,"Shared Read Blocks":0,"Shared Dirtied Blocks":0,"Shared Written Blocks":0,"Local Hit Blocks":0,"Local Read Blocks":0,"Local Dirtied Blocks":0,"Local Written Blocks":0,"Temp Read Blocks":67001,"Temp Written Blocks":67001,"I/O Read Time":0.0,"I/O Write Time":0.0,"Temp I/O Read Time":104.831,"Temp I/O Write Time":325.0,"Plans":[{"Node Type":"Sort","Parent Relationship":"Outer","Parallel Aware":false,"Async Capable":false,"Startup Cost":2401566.78,"Total Cost":2401617.12,"Plan Rows":20136,"Plan Width":12,"Actual Startup Time":11492.562,"Actual Total Time":11494.902,"Actual Rows":35044,"Actual Loops":1,"Output":["nation.n_name","order_line.ol_amount"],"Sort Key":["nation.n_name"],"Sort Method":"quicksort","Sort Space Used":3146,"Sort Space Type":"Memory","Shared Hit Blocks":504331,"Shared Read Blocks":0,"Shared Dirtied Blocks":0,"Shared Written Blocks":0,"Local Hit Blocks":0,"Local Read Blocks":0,"Local Dirtied Blocks":0,"Local Written Blocks":0,"Temp Read Blocks":67001,"Temp Written Blocks":67001,"I/O Read Time":0.0,"I/O Write Time":0.0,"Temp I/O Read Time":104.831,"Temp I/O Write Time":325.0,"Plans":[{"Node Type":"Hash Join","Parent Relationship":"Outer","Parallel Aware":false,"Async Capable":false,"Join Type":"Inner","Startup Cost":882118.44,"Total Cost":2400127.31,"Plan Rows":20136,"Plan Width":12,"Actual Startup Time":4792.122,"Actual Total Time":11475.847,"Actual Rows":35044,"Actual Loops":1,"Output":["nation.n_name","order_line.ol_amount"],"Hash Cond":"((orders.o_c_id = customer.c_id) AND (orders.o_w_id = customer.c_w_id) AND (orders.o_d_id = customer.c_d_id) AND (supplier.su_nationkey = customer.c_nationkey))","Shared Hit Blocks":504331,"Shared Read Blocks":0,"Shared Dirtied Blocks":0,"Shared Written Blocks":0,"Local Hit Blocks":0,"Local Read Blocks":0,"Local Dirtied Blocks":0,"Local Written Blocks":0,"Temp Read Blocks":67001,"Temp Written Blocks":67001,"I/O Read Time":0.0,"I/O Write Time":0.0,"Temp I/O Read Time":104.831,"Temp I/O Write Time":325.0,"Plans":[{"Node Type":"Hash Join","Parent Relationship":"Outer","Parallel Aware":false,"Async Capable":false,"Join Type":"Inner","Startup Cost":212826.24,"Total Cost":1669084.88,"Plan Rows":1242117,"Plan Width":34,"Actual Startup Time":1848.856,"Actual Total Time":7027.263,"Actual Rows":2982388,"Actual Loops":1,"Output":["orders.o_c_id","orders.o_w_id","orders.o_d_id","order_line.ol_amount","order_line.ol_w_id","order_line.ol_d_id","stock.s_w_id","supplier.su_nationkey","nation.n_name","nation.n_nationkey"],"Hash Cond":"((order_line.ol_w_id = orders.o_w_id) AND (order_line.ol_d_id = orders.o_d_id) AND (order_line.ol_o_id = orders.o_id))","Shared Hit Blocks":44341,"Shared Read Blocks":0,"Shared Dirtied Blocks":0,"Shared Written Blocks":0,"Local Hit Blocks":0,"Local Read Blocks":0,"Local Dirtied Blocks":0,"Local Written Blocks":0,"Temp Read Blocks":23127,"Temp Written Blocks":23127,"I/O Read Time":0.0,"I/O Write Time":0.0,"Temp I/O Read Time":36.318,"Temp I/O Write Time":112.395,"Plans":[{"Node Type":"Hash Join","Parent Relationship":"Outer","Parallel Aware":false,"Async Capable":false,"Join Type":"Inner","Startup Cost":59022.58,"Total Cost":1311993.18,"Plan Rows":8467814,"Plan Width":34,"Actual Startup Time":1208.203,"Actual Total Time":4794.747,"Actual Rows":3000322,"Actual Loops":1,"Output":["order_line.ol_amount","order_line.ol_o_id","order_line.ol_w_id","order_line.ol_d_id","stock.s_w_id","supplier.su_nationkey","nation.n_name","nation.n_nationkey"],"Hash Cond":"(mod((stock.s_w_id * stock.s_i_id), 10000) = supplier.su_suppkey)","Shared Hit Blocks":219,"Shared Read Blocks":0,"Shared Dirtied Blocks":0,"Shared Written Blocks":0,"Local Hit Blocks":0,"Local Read Blocks":0,"Local Dirtied Blocks":0,"Local Written Blocks":0,"Temp Read Blocks":0,"Temp Written Blocks":0,"I/O Read Time":0.0,"I/O Write Time":0.0,"Temp I/O Read Time":0.0,"Temp I/O Write Time":0.0,"Plans":[{"Node Type":"Hash Join","Parent Relationship":"Outer","Parallel Aware":false,"Async Capable":false,"Join Type":"Inner","Startup Cost":58620.59,"Total Cost":962293.85,"Plan Rows":42339072,"Plan Width":22,"Actual Startup Time":1205.221,"Actual Total Time":3387.985,"Actual Rows":8620885,"Actual Loops":1,"Output":["order_line.ol_amount","order_line.ol_o_id","order_line.ol_w_id","order_line.ol_d_id","stock.s_w_id","stock.s_i_id"],"Hash Cond":"((order_line.ol_w_id = stock.s_w_id) AND (order_line.ol_i_id = stock.s_i_id))","Rows Removed by Bloom Filter":0,"Shared Hit Blocks":0,"Shared Read Blocks":0,"Shared Dirtied Blocks":0,"Shared Written Blocks":0,"Local Hit Blocks":0,"Local Read Blocks":0,"Local Dirtied Blocks":0,"Local Written Blocks":0,"Temp Read Blocks":0,"Temp Written Blocks":0,"I/O Read Time":0.0,"I/O Write Time":0.0,"Temp I/O Read Time":0.0,"Temp I/O Write Time":0.0,"Plans":[{"Node Type":"Append","Parent Relationship":"Outer","Parallel Aware":false,"Async Capable":false,"Startup Cost":20.0,"Total Cost":1072031.01,"Plan Rows":42039468,"Plan Width":20,"Actual Startup Time":248.081,"Actual Total Time":248.096,"Actual Rows":8620885,"Actual Loops":1,"Shared Hit Blocks":0,"Shared Read Blocks":0,"Shared Dirtied Blocks":0,"Shared Written Blocks":0,"Local Hit Blocks":0,"Local Read Blocks":0,"Local Dirtied Blocks":0,"Local Written Blocks":0,"Temp Read Blocks":0,"Temp Written Blocks":0,"I/O Read Time":0.0,"I/O Write Time":0.0,"Temp I/O Read Time":0.0,"Temp I/O Write Time":0.0,"Subplans Removed":0,"Plans":[{"Node Type":"Custom Scan","Parent Relationship":"Member","Custom Plan Provider":"columnar scan","Parallel Aware":false,"Async Capable":false,"Relation Name":"order_line","Schema":"public","Alias":"order_line","Startup Cost":20.0,"Total Cost":1072026.23,"Plan Rows":42039424,"Plan Width":20,"Actual Startup Time":248.078,"Actual Total Time":248.08,"Actual Rows":8620885,"Actual Loops":1,"Output":["order_line.ol_amount","order_line.ol_o_id","order_line.ol_w_id","order_line.ol_d_id","order_line.ol_i_id"],"Filter":"(order_line.ol_delivery_d >= '1992-01-02 20:10:02.27764'::timestamp without time zone)","Rows Removed by Filter":0,"Rows Removed by Columnar Filter":51372876,"Rows Filtered by Bloom Filter":0,"Dictionary Rows Filtered by Bloom Filter":51372876,"Columnar cache search mode":"native","Shared Hit Blocks":0,"Shared Read Blocks":0,"Shared Dirtied Blocks":0,"Shared Written Blocks":0,"Local Hit Blocks":0,"Local Read Blocks":0,"Local Dirtied Blocks":0,"Local Written Blocks":0,"Temp Read Blocks":0,"Temp Written Blocks":0,"I/O Read Time":0.0,"I/O Write Time":0.0,"Temp I/O Read Time":0.0,"Temp I/O Write Time":0.0},{"Node Type":"Seq Scan","Parent Relationship":"Member","Parallel Aware":false,"Async Capable":false,"Relation Name":"order_line","Schema":"public","Alias":"order_line","Startup Cost":0.0,"Total Cost":4.79,"Plan Rows":44,"Plan Width":20,"Actual Startup Time":0.0,"Actual Total Time":0.0,"Actual Rows":0,"Actual Loops":0,"Output":["order_line.ol_amount","order_line.ol_o_id","order_line.ol_w_id","order_line.ol_d_id","order_line.ol_i_id"],"Filter":"(order_line.ol_delivery_d >= '1992-01-02 20:10:02.27764'::timestamp without time zone)","Rows Removed by Filter":0,"Shared Hit Blocks":0,"Shared Read Blocks":0,"Shared Dirtied Blocks":0,"Shared Written Blocks":0,"Local Hit Blocks":0,"Local Read Blocks":0,"Local Dirtied Blocks":0,"Local Written Blocks":0,"Temp Read Blocks":0,"Temp Written Blocks":0,"I/O Read Time":0.0,"I/O Write Time":0.0,"Temp I/O Read Time":0.0,"Temp I/O Write Time":0.0}]},{"Node Type":"Hash","Parent Relationship":"Inner","Parallel Aware":false,"Async Capable":false,"Startup Cost":390026.22,"Total Cost":390026.22,"Plan Rows":20000212,"Plan Width":6,"Actual Rows":20000000,"Actual Loops":1,"Output":["stock.s_w_id","stock.s_i_id"],"Shared Hit Blocks":0,"Shared Read Blocks":0,"Shared Dirtied Blocks":0,"Shared Written Blocks":0,"Local Hit Blocks":0,"Local Read Blocks":0,"Local Dirtied Blocks":0,"Local Written Blocks":0,"Temp Read Blocks":0,"Temp Written Blocks":0,"I/O Read Time":0.0,"I/O Write Time":0.0,"Temp I/O Read Time":0.0,"Temp I/O Write Time":0.0,"Plans":[{"Node Type":"Append","Parent Relationship":"Outer","Parallel Aware":false,"Async Capable":false,"Startup Cost":20.0,"Total Cost":390026.22,"Plan Rows":20000212,"Plan Width":6,"Actual Startup Time":0.475,"Actual Total Time":0.477,"Actual Rows":20000000,"Actual Loops":1,"Shared Hit Blocks":0,"Shared Read Blocks":0,"Shared Dirtied Blocks":0,"Shared Written Blocks":0,"Local Hit Blocks":0,"Local Read Blocks":0,"Local Dirtied Blocks":0,"Local Written Blocks":0,"Temp Read Blocks":0,"Temp Written Blocks":0,"I/O Read Time":0.0,"I/O Write Time":0.0,"Temp I/O Read Time":0.0,"Temp I/O Write Time":0.0,"Subplans Removed":0,"Plans":[{"Node Type":"Custom Scan","Parent Relationship":"Member","Custom Plan Provider":"columnar scan","Parallel Aware":false,"Async Capable":false,"Relation Name":"stock","Schema":"public","Alias":"stock","Startup Cost":20.0,"Total Cost":390020.1,"Plan Rows":20000000,"Plan Width":6,"Actual Startup Time":0.473,"Actual Total Time":0.473,"Actual Rows":20000000,"Actual Loops":1,"Output":["stock.s_w_id","stock.s_i_id"],"Rows Removed by Columnar Filter":0,"Columnar cache search mode":"native","Shared Hit Blocks":0,"Shared Read Blocks":0,"Shared Dirtied Blocks":0,"Shared Written Blocks":0,"Local Hit Blocks":0,"Local Read Blocks":0,"Local Dirtied Blocks":0,"Local Written Blocks":0,"Temp Read Blocks":0,"Temp Written Blocks":0,"I/O Read Time":0.0,"I/O Write Time":0.0,"Temp I/O Read Time":0.0,"Temp I/O Write Time":0.0},{"Node Type":"Seq Scan","Parent Relationship":"Member","Parallel Aware":false,"Async Capable":false,"Relation Name":"stock","Schema":"public","Alias":"stock","Startup Cost":0.0,"Total Cost":6.12,"Plan Rows":212,"Plan Width":6,"Actual Startup Time":0.0,"Actual Total Time":0.0,"Actual Rows":0,"Actual Loops":0,"Output":["stock.s_w_id","stock.s_i_id"],"Shared Hit Blocks":0,"Shared Read Blocks":0,"Shared Dirtied Blocks":0,"Shared Written Blocks":0,"Local Hit Blocks":0,"Local Read Blocks":0,"Local Dirtied Blocks":0,"Local Written Blocks":0,"Temp Read Blocks":0,"Temp Written Blocks":0,"I/O Read Time":0.0,"I/O Write Time":0.0,"Temp I/O Read Time":0.0,"Temp I/O Write Time":0.0}]}]}]},{"Node Type":"Hash","Parent Relationship":"Inner","Parallel Aware":false,"Async Capable":false,"Startup Cost":376.99,"Total Cost":376.99,"Plan Rows":2000,"Plan Width":20,"Actual Startup Time":2.929,"Actual Total Time":2.94,"Actual Rows":3506,"Actual Loops":1,"Output":["supplier.su_suppkey","supplier.su_nationkey","nation.n_name","nation.n_nationkey"],"Hash Buckets":4096,"Original Hash Buckets":2048,"Hash Batches":1,"Original Hash Batches":1,"Peak Memory Usage":217,"Shared Hit Blocks":219,"Shared Read Blocks":0,"Shared Dirtied Blocks":0,"Shared Written Blocks":0,"Local Hit Blocks":0,"Local Read Blocks":0,"Local Dirtied Blocks":0,"Local Written Blocks":0,"Temp Read Blocks":0,"Temp Written Blocks":0,"I/O Read Time":0.0,"I/O Write Time":0.0,"Temp I/O Read Time":0.0,"Temp I/O Write Time":0.0,"Plans":[{"Node Type":"Hash Join","Parent Relationship":"Outer","Parallel Aware":false,"Async Capable":false,"Join Type":"Inner","Startup Cost":3.14,"Total Cost":376.99,"Plan Rows":2000,"Plan Width":20,"Actual Startup Time":0.096,"Actual Total Time":2.335,"Actual Rows":3506,"Actual Loops":1,"Output":["supplier.su_suppkey","supplier.su_nationkey","nation.n_name","nation.n_nationkey"],"Hash Cond":"(supplier.su_nationkey = nation.n_nationkey)","Shared Hit Blocks":219,"Shared Read Blocks":0,"Shared Dirtied Blocks":0,"Shared Written Blocks":0,"Local Hit Blocks":0,"Local Read Blocks":0,"Local Dirtied Blocks":0,"Local Written Blocks":0,"Temp Read Blocks":0,"Temp Written Blocks":0,"I/O Read Time":0.0,"I/O Write Time":0.0,"Temp I/O Read Time":0.0,"Temp I/O Write Time":0.0,"Plans":[{"Node Type":"Seq Scan","Parent Relationship":"Outer","Parallel Aware":false,"Async Capable":false,"Relation Name":"supplier","Schema":"public","Alias":"supplier","Startup Cost":0.0,"Total Cost":317.0,"Plan Rows":10000,"Plan Width":8,"Actual Startup Time":0.02,"Actual Total Time":0.812,"Actual Rows":10000,"Actual Loops":1,"Output":["supplier.su_suppkey","supplier.su_name","supplier.su_address","supplier.su_nationkey","supplier.su_phone","supplier.su_acctbal","supplier.su_comment"],"Shared Hit Blocks":217,"Shared Read Blocks":0,"Shared Dirtied Blocks":0,"Shared Written Blocks":0,"Local Hit Blocks":0,"Local Read Blocks":0,"Local Dirtied Blocks":0,"Local Written Blocks":0,"Temp Read Blocks":0,"Temp Written Blocks":0,"I/O Read Time":0.0,"I/O Write Time":0.0,"Temp I/O Read Time":0.0,"Temp I/O Write Time":0.0},{"Node Type":"Hash","Parent Relationship":"Inner","Parallel Aware":false,"Async Capable":false,"Startup Cost":2.99,"Total Cost":2.99,"Plan Rows":12,"Plan Width":12,"Actual Startup Time":0.062,"Actual Total Time":0.067,"Actual Rows":22,"Actual Loops":1,"Output":["nation.n_name","nation.n_nationkey"],"Hash Buckets":1024,"Original Hash Buckets":1024,"Hash Batches":1,"Original Hash Batches":1,"Peak Memory Usage":9,"Shared Hit Blocks":2,"Shared Read Blocks":0,"Shared Dirtied Blocks":0,"Shared Written Blocks":0,"Local Hit Blocks":0,"Local Read Blocks":0,"Local Dirtied Blocks":0,"Local Written Blocks":0,"Temp Read Blocks":0,"Temp Written Blocks":0,"I/O Read Time":0.0,"I/O Write Time":0.0,"Temp I/O Read Time":0.0,"Temp I/O Write Time":0.0,"Plans":[{"Node Type":"Hash Join","Parent Relationship":"Outer","Parallel Aware":false,"Async Capable":false,"Join Type":"Inner","Startup Cost":1.07,"Total Cost":2.99,"Plan Rows":12,"Plan Width":12,"Actual Startup Time":0.04,"Actual Total Time":0.059,"Actual Rows":22,"Actual Loops":1,"Output":["nation.n_name","nation.n_nationkey"],"Hash Cond":"(nation.n_regionkey = region.r_regionkey)","Shared Hit Blocks":2,"Shared Read Blocks":0,"Shared Dirtied Blocks":0,"Shared Written Blocks":0,"Local Hit Blocks":0,"Local Read Blocks":0,"Local Dirtied Blocks":0,"Local Written Blocks":0,"Temp Read Blocks":0,"Temp Written Blocks":0,"I/O Read Time":0.0,"I/O Write Time":0.0,"Temp I/O Read Time":0.0,"Temp I/O Write Time":0.0,"Plans":[{"Node Type":"Seq Scan","Parent Relationship":"Outer","Parallel Aware":false,"Async Capable":false,"Relation Name":"nation","Schema":"public","Alias":"nation","Startup Cost":0.0,"Total Cost":1.62,"Plan Rows":62,"Plan Width":16,"Actual Startup Time":0.006,"Actual Total Time":0.01,"Actual Rows":62,"Actual Loops":1,"Output":["nation.n_nationkey","nation.n_name","nation.n_regionkey","nation.n_comment"],"Shared Hit Blocks":1,"Shared Read Blocks":0,"Shared Dirtied Blocks":0,"Shared Written Blocks":0,"Local Hit Blocks":0,"Local Read Blocks":0,"Local Dirtied Blocks":0,"Local Written Blocks":0,"Temp Read Blocks":0,"Temp Written Blocks":0,"I/O Read Time":0.0,"I/O Write Time":0.0,"Temp I/O Read Time":0.0,"Temp I/O Write Time":0.0},{"Node Type":"Hash","Parent Relationship":"Inner","Parallel Aware":false,"Async Capable":false,"Startup Cost":1.06,"Total Cost":1.06,"Plan Rows":1,"Plan Width":4,"Actual Startup Time":0.018,"Actual Total Time":0.021,"Actual Rows":1,"Actual Loops":1,"Output":["region.r_regionkey"],"Hash Buckets":1024,"Original Hash Buckets":1024,"Hash Batches":1,"Original Hash Batches":1,"Peak Memory Usage":9,"Shared Hit Blocks":1,"Shared Read Blocks":0,"Shared Dirtied Blocks":0,"Shared Written Blocks":0,"Local Hit Blocks":0,"Local Read Blocks":0,"Local Dirtied Blocks":0,"Local Written Blocks":0,"Temp Read Blocks":0,"Temp Written Blocks":0,"I/O Read Time":0.0,"I/O Write Time":0.0,"Temp I/O Read Time":0.0,"Temp I/O Write Time":0.0,"Plans":[{"Node Type":"Seq Scan","Parent Relationship":"Outer","Parallel Aware":false,"Async Capable":false,"Relation Name":"region","Schema":"public","Alias":"region","Startup Cost":0.0,"Total Cost":1.06,"Plan Rows":1,"Plan Width":4,"Actual Startup Time":0.013,"Actual Total Time":0.013,"Actual Rows":1,"Actual Loops":1,"Output":["region.r_regionkey"],"Filter":"((region.r_name)::text = 'Europe'::text)","Rows Removed by Filter":4,"Shared Hit Blocks":1,"Shared Read Blocks":0,"Shared Dirtied Blocks":0,"Shared Written Blocks":0,"Local Hit Blocks":0,"Local Read Blocks":0,"Local Dirtied Blocks":0,"Local Written Blocks":0,"Temp Read Blocks":0,"Temp Written Blocks":0,"I/O Read Time":0.0,"I/O Write Time":0.0,"Temp I/O Read Time":0.0,"Temp I/O Write Time":0.0}]}]}]}]}]}]},{"Node Type":"Hash","Parent Relationship":"Inner","Parallel Aware":false,"Async Capable":false,"Startup Cost":134121.52,"Total Cost":134121.52,"Plan Rows":879322,"Plan Width":16,"Actual Startup Time":639.094,"Actual Total Time":639.096,"Actual Rows":856801,"Actual Loops":1,"Output":["orders.o_c_id","orders.o_w_id","orders.o_d_id","orders.o_id"],"Hash Buckets":262144,"Original Hash Buckets":262144,"Hash Batches":8,"Original Hash Batches":8,"Peak Memory Usage":7070,"Shared Hit Blocks":44122,"Shared Read Blocks":0,"Shared Dirtied Blocks":0,"Shared Written Blocks":0,"Local Hit Blocks":0,"Local Read Blocks":0,"Local Dirtied Blocks":0,"Local Written Blocks":0,"Temp Read Blocks":0,"Temp Written Blocks":3290,"I/O Read Time":0.0,"I/O Write Time":0.0,"Temp I/O Read Time":0.0,"Temp I/O Write Time":15.857,"Plans":[{"Node Type":"Seq Scan","Parent Relationship":"Outer","Parallel Aware":false,"Async Capable":false,"Relation Name":"orders","Schema":"public","Alias":"orders","Startup Cost":0.0,"Total Cost":134121.52,"Plan Rows":879322,"Plan Width":16,"Actual Startup Time":0.609,"Actual Total Time":440.292,"Actual Rows":856801,"Actual Loops":1,"Output":["orders.o_c_id","orders.o_w_id","orders.o_d_id","orders.o_id"],"Filter":"((orders.o_entry_d >= '1993-01-02 20:10:02.27764'::timestamp without time zone) AND (orders.o_entry_d < '1994-01-02 20:10:02.27764'::timestamp without time zone))","Rows Removed by Filter":5143199,"Shared Hit Blocks":44122,"Shared Read Blocks":0,"Shared Dirtied Blocks":0,"Shared Written Blocks":0,"Local Hit Blocks":0,"Local Read Blocks":0,"Local Dirtied Blocks":0,"Local Written Blocks":0,"Temp Read Blocks":0,"Temp Written Blocks":0,"I/O Read Time":0.0,"I/O Write Time":0.0,"Temp I/O Read Time":0.0,"Temp I/O Write Time":0.0}]}]},{"Node Type":"Hash","Parent Relationship":"Inner","Parallel Aware":false,"Async Capable":false,"Startup Cost":519991.4,"Total Cost":519991.4,"Plan Rows":6000140,"Plan Width":12,"Actual Startup Time":2840.909,"Actual Total Time":2840.909,"Actual Rows":6000000,"Actual Loops":1,"Output":["customer.c_id","customer.c_w_id","customer.c_d_id","customer.c_nationkey"],"Hash Buckets":262144,"Original Hash Buckets":262144,"Hash Batches":64,"Original Hash Batches":64,"Peak Memory Usage":6083,"Shared Hit Blocks":459990,"Shared Read Blocks":0,"Shared Dirtied Blocks":0,"Shared Written Blocks":0,"Local Hit Blocks":0,"Local Read Blocks":0,"Local Dirtied Blocks":0,"Local Written Blocks":0,"Temp Read Blocks":0,"Temp Written Blocks":23035,"I/O Read Time":0.0,"I/O Write Time":0.0,"Temp I/O Read Time":0.0,"Temp I/O Write Time":115.494,"Plans":[{"Node Type":"Seq Scan","Parent Relationship":"Outer","Parallel Aware":false,"Async Capable":false,"Relation Name":"customer","Schema":"public","Alias":"customer","Startup Cost":0.0,"Total Cost":519991.4,"Plan Rows":6000140,"Plan Width":12,"Actual Startup Time":0.021,"Actual Total Time":1792.923,"Actual Rows":6000000,"Actual Loops":1,"Output":["customer.c_id","customer.c_w_id","customer.c_d_id","customer.c_nationkey"],"Shared Hit Blocks":459990,"Shared Read Blocks":0,"Shared Dirtied Blocks":0,"Shared Written Blocks":0,"Local Hit Blocks":0,"Local Read Blocks":0,"Local Dirtied Blocks":0,"Local Written Blocks":0,"Temp Read Blocks":0,"Temp Written Blocks":0,"I/O Read Time":0.0,"I/O Write Time":0.0,"Temp I/O Read Time":0.0,"Temp I/O Write Time":0.0}]}]}]}]}]},"Planning":{"Shared Hit Blocks":220,"Shared Read Blocks":0,"Shared Dirtied Blocks":0,"Shared Written Blocks":0,"Local Hit Blocks":0,"Local Read Blocks":0,"Local Dirtied Blocks":0,"Local Written Blocks":0,"Temp Read Blocks":0,"Temp Written Blocks":0,"I/O Read Time":0.0,"I/O Write Time":0.0,"Temp I/O Read Time":0.0,"Temp I/O Write Time":0.0},"Planning Time":5.669,"Triggers":[],"Execution Time":11500.501}]
[列存组合]: nation, order_line, region, supplier
[{"Plan":{"Node Type":"Sort","Parallel Aware":false,"Async Capable":false,"Startup Cost":4058205.87,"Total Cost":4058206.02,"Plan Rows":62,"Plan Width":40,"Actual Startup Time":21373.003,"Actual Total Time":21373.033,"Actual Rows":11,"Actual Loops":1,"Output":["nation.n_name","(sum(order_line.ol_amount))"],"Sort Key":["(sum(order_line.ol_amount)) DESC"],"Sort Method":"quicksort","Sort Space Used":25,"Sort Space Type":"Memory","Shared Hit Blocks":558787,"Shared Read Blocks":0,"Shared Dirtied Blocks":0,"Shared Written Blocks":0,"Local Hit Blocks":0,"Local Read Blocks":0,"Local Dirtied Blocks":0,"Local Written Blocks":0,"Temp Read Blocks":131755,"Temp Written Blocks":131809,"I/O Read Time":0.0,"I/O Write Time":0.0,"Temp I/O Read Time":204.949,"Temp I/O Write Time":553.212,"Plans":[{"Node Type":"Aggregate","Strategy":"Sorted","Partial Mode":"Simple","Parent Relationship":"Outer","Parallel Aware":false,"Async Capable":false,"Startup Cost":4058052.23,"Total Cost":4058204.02,"Plan Rows":62,"Plan Width":40,"Actual Startup Time":21367.11,"Actual Total Time":21373.017,"Actual Rows":11,"Actual Loops":1,"Output":["nation.n_name","sum(order_line.ol_amount)"],"Group Key":["nation.n_name"],"Shared Hit Blocks":558787,"Shared Read Blocks":0,"Shared Dirtied Blocks":0,"Shared Written Blocks":0,"Local Hit Blocks":0,"Local Read Blocks":0,"Local Dirtied Blocks":0,"Local Written Blocks":0,"Temp Read Blocks":131755,"Temp Written Blocks":131809,"I/O Read Time":0.0,"I/O Write Time":0.0,"Temp I/O Read Time":204.949,"Temp I/O Write Time":553.212,"Plans":[{"Node Type":"Sort","Parent Relationship":"Outer","Parallel Aware":false,"Async Capable":false,"Startup Cost":4058052.23,"Total Cost":4058102.57,"Plan Rows":20136,"Plan Width":12,"Actual Startup Time":21366.673,"Actual Total Time":21368.46,"Actual Rows":35044,"Actual Loops":1,"Output":["nation.n_name","order_line.ol_amount"],"Sort Key":["nation.n_name"],"Sort Method":"quicksort","Sort Space Used":3146,"Sort Space Type":"Memory","Shared Hit Blocks":558787,"Shared Read Blocks":0,"Shared Dirtied Blocks":0,"Shared Written Blocks":0,"Local Hit Blocks":0,"Local Read Blocks":0,"Local Dirtied Blocks":0,"Local Written Blocks":0,"Temp Read Blocks":131755,"Temp Written Blocks":131809,"I/O Read Time":0.0,"I/O Write Time":0.0,"Temp I/O Read Time":204.949,"Temp I/O Write Time":553.212,"Plans":[{"Node Type":"Hash Join","Parent Relationship":"Outer","Parallel Aware":false,"Async Capable":false,"Join Type":"Inner","Startup Cost":3408744.78,"Total Cost":4056612.76,"Plan Rows":20136,"Plan Width":12,"Actual Startup Time":17460.307,"Actual Total Time":21347.588,"Actual Rows":35044,"Actual Loops":1,"Output":["nation.n_name","order_line.ol_amount"],"Inner Unique":true,"Hash Cond":"((mod((stock.s_w_id * stock.s_i_id), 10000) = supplier.su_suppkey) AND (customer.c_nationkey = supplier.su_nationkey))","Shared Hit Blocks":558787,"Shared Read Blocks":0,"Shared Dirtied Blocks":0,"Shared Written Blocks":0,"Local Hit Blocks":0,"Local Read Blocks":0,"Local Dirtied Blocks":0,"Local Written Blocks":0,"Temp Read Blocks":131755,"Temp Written Blocks":131809,"I/O Read Time":0.0,"I/O Write Time":0.0,"Temp I/O Read Time":204.949,"Temp I/O Write Time":553.212,"Plans":[{"Node Type":"Merge Join","Parent Relationship":"Outer","Parallel Aware":false,"Async Capable":false,"Join Type":"Inner","Startup Cost":3408375.75,"Total Cost":4049408.76,"Plan Rows":1242717,"Plan Width":26,"Actual Startup Time":17456.782,"Actual Total Time":21066.501,"Actual Rows":2218175,"Actual Loops":1,"Output":["customer.c_nationkey","order_line.ol_amount","stock.s_w_id","stock.s_i_id","nation.n_name","nation.n_nationkey"],"Inner Unique":true,"Merge Cond":"((customer.c_w_id = stock.s_w_id) AND (order_line.ol_i_id = stock.s_i_id))","Shared Hit Blocks":558787,"Shared Read Blocks":0,"Shared Dirtied Blocks":0,"Shared Written Blocks":0,"Local Hit Blocks":0,"Local Read Blocks":0,"Local Dirtied Blocks":0,"Local Written Blocks":0,"Temp Read Blocks":131755,"Temp Written Blocks":131809,"I/O Read Time":0.0,"I/O Write Time":0.0,"Temp I/O Read Time":204.949,"Temp I/O Write Time":553.212,"Plans":[{"Node Type":"Sort","Parent Relationship":"Outer","Parallel Aware":false,"Async Capable":false,"Startup Cost":3408375.32,"Total Cost":3411455.85,"Plan Rows":1232214,"Plan Width":30,"Actual Startup Time":17456.719,"Actual Total Time":18051.518,"Actual Rows":2218175,"Actual Loops":1,"Output":["customer.c_w_id","customer.c_nationkey","orders.o_w_id","order_line.ol_amount","order_line.ol_w_id","order_line.ol_i_id","nation.n_name","nation.n_nationkey"],"Sort Key":["customer.c_w_id","order_line.ol_i_id"],"Sort Method":"external merge","Sort Space Used":94520,"Sort Space Type":"Disk","Shared Hit Blocks":504114,"Shared Read Blocks":0,"Shared Dirtied Blocks":0,"Shared Written Blocks":0,"Local Hit Blocks":0,"Local Read Blocks":0,"Local Dirtied Blocks":0,"Local Written Blocks":0,"Temp Read Blocks":131755,"Temp Written Blocks":131809,"I/O Read Time":0.0,"I/O Write Time":0.0,"Temp I/O Read Time":204.949,"Temp I/O Write Time":553.212,"Plans":[{"Node Type":"Hash Join","Parent Relationship":"Outer","Parallel Aware":false,"Async Capable":false,"Join Type":"Inner","Startup Cost":808118.65,"Total Cost":3224751.49,"Plan Rows":1232214,"Plan Width":30,"Actual Startup Time":3457.173,"Actual Total Time":14825.738,"Actual Rows":2218175,"Actual Loops":1,"Output":["customer.c_w_id","customer.c_nationkey","orders.o_w_id","order_line.ol_amount","order_line.ol_w_id","order_line.ol_i_id","nation.n_name","nation.n_nationkey"],"Inner Unique":false,"Hash Cond":"(customer.c_nationkey = nation.n_nationkey)","Shared Hit Blocks":504114,"Shared Read Blocks":0,"Shared Dirtied Blocks":0,"Shared Written Blocks":0,"Local Hit Blocks":0,"Local Read Blocks":0,"Local Dirtied Blocks":0,"Local Written Blocks":0,"Temp Read Blocks":108135,"Temp Written Blocks":108135,"I/O Read Time":0.0,"I/O Write Time":0.0,"Temp I/O Read Time":169.647,"Temp I/O Write Time":490.73,"Plans":[{"Node Type":"Hash Join","Parent Relationship":"Outer","Parallel Aware":false,"Async Capable":false,"Join Type":"Inner","Startup Cost":808115.51,"Total Cost":3189719.68,"Plan Rows":6161071,"Plan Width":18,"Actual Startup Time":3450.556,"Actual Total Time":13989.593,"Actual Rows":8568663,"Actual Loops":1,"Output":["customer.c_w_id","customer.c_nationkey","orders.o_w_id","order_line.ol_amount","order_line.ol_w_id","order_line.ol_i_id"],"Inner Unique":true,"Hash Cond":"((orders.o_c_id = customer.c_id) AND (orders.o_w_id = customer.c_w_id) AND (orders.o_d_id = customer.c_d_id))","Shared Hit Blocks":504112,"Shared Read Blocks":0,"Shared Dirtied Blocks":0,"Shared Written Blocks":0,"Local Hit Blocks":0,"Local Read Blocks":0,"Local Dirtied Blocks":0,"Local Written Blocks":0,"Temp Read Blocks":108135,"Temp Written Blocks":108135,"I/O Read Time":0.0,"I/O Write Time":0.0,"Temp I/O Read Time":169.647,"Temp I/O Write Time":490.73,"Plans":[{"Node Type":"Hash Join","Parent Relationship":"Outer","Parallel Aware":false,"Async Capable":false,"Join Type":"Inner","Startup Cost":153823.65,"Total Cost":2385409.38,"Plan Rows":6161071,"Plan Width":20,"Actual Startup Time":643.856,"Actual Total Time":6880.91,"Actual Rows":8568663,"Actual Loops":1,"Output":["orders.o_c_id","orders.o_w_id","orders.o_d_id","order_line.ol_amount","order_line.ol_w_id","order_line.ol_d_id","order_line.ol_i_id"],"Inner Unique":true,"Hash Cond":"((order_line.ol_w_id = orders.o_w_id) AND (order_line.ol_d_id = orders.o_d_id) AND (order_line.ol_o_id = orders.o_id))","Shared Hit Blocks":44122,"Shared Read Blocks":0,"Shared Dirtied Blocks":0,"Shared Written Blocks":0,"Local Hit Blocks":0,"Local Read Blocks":0,"Local Dirtied Blocks":0,"Local Written Blocks":0,"Temp Read Blocks":43816,"Temp Written Blocks":43816,"I/O Read Time":0.0,"I/O Write Time":0.0,"Temp I/O Read Time":68.847,"Temp I/O Write Time":188.53,"Plans":[{"Node Type":"Append","Parent Relationship":"Outer","Parallel Aware":false,"Async Capable":false,"Startup Cost":20.0,"Total Cost":1403598.82,"Plan Rows":42039468,"Plan Width":20,"Actual Startup Time":1.466,"Actual Total Time":2585.054,"Actual Rows":8620885,"Actual Loops":1,"Shared Hit Blocks":0,"Shared Read Blocks":0,"Shared Dirtied Blocks":0,"Shared Written Blocks":0,"Local Hit Blocks":0,"Local Read Blocks":0,"Local Dirtied Blocks":0,"Local Written Blocks":0,"Temp Read Blocks":0,"Temp Written Blocks":0,"I/O Read Time":0.0,"I/O Write Time":0.0,"Temp I/O Read Time":0.0,"Temp I/O Write Time":0.0,"Subplans Removed":0,"Plans":[{"Node Type":"Custom Scan","Parent Relationship":"Member","Custom Plan Provider":"columnar scan","Parallel Aware":false,"Async Capable":false,"Relation Name":"order_line","Schema":"public","Alias":"order_line","Startup Cost":20.0,"Total Cost":1072026.23,"Plan Rows":42039424,"Plan Width":20,"Actual Startup Time":1.464,"Actual Total Time":1984.265,"Actual Rows":8620885,"Actual Loops":1,"Output":["order_line.ol_amount","order_line.ol_o_id","order_line.ol_w_id","order_line.ol_d_id","order_line.ol_i_id"],"Filter":"(order_line.ol_delivery_d >= '1992-01-02 20:10:02.27764'::timestamp without time zone)","Rows Removed by Filter":0,"Rows Removed by Columnar Filter":51372876,"Rows Filtered by Bloom Filter":0,"Dictionary Rows Filtered by Bloom Filter":51372876,"Columnar cache search mode":"native","Shared Hit Blocks":0,"Shared Read Blocks":0,"Shared Dirtied Blocks":0,"Shared Written Blocks":0,"Local Hit Blocks":0,"Local Read Blocks":0,"Local Dirtied Blocks":0,"Local Written Blocks":0,"Temp Read Blocks":0,"Temp Written Blocks":0,"I/O Read Time":0.0,"I/O Write Time":0.0,"Temp I/O Read Time":0.0,"Temp I/O Write Time":0.0},{"Node Type":"Seq Scan","Parent Relationship":"Member","Parallel Aware":false,"Async Capable":false,"Relation Name":"order_line","Schema":"public","Alias":"order_line","Startup Cost":0.0,"Total Cost":4.79,"Plan Rows":44,"Plan Width":20,"Actual Startup Time":0.0,"Actual Total Time":0.0,"Actual Rows":0,"Actual Loops":0,"Output":["order_line.ol_amount","order_line.ol_o_id","order_line.ol_w_id","order_line.ol_d_id","order_line.ol_i_id"],"Filter":"(order_line.ol_delivery_d >= '1992-01-02 20:10:02.27764'::timestamp without time zone)","Rows Removed by Filter":0,"Shared Hit Blocks":0,"Shared Read Blocks":0,"Shared Dirtied Blocks":0,"Shared Written Blocks":0,"Local Hit Blocks":0,"Local Read Blocks":0,"Local Dirtied Blocks":0,"Local Written Blocks":0,"Temp Read Blocks":0,"Temp Written Blocks":0,"I/O Read Time":0.0,"I/O Write Time":0.0,"Temp I/O Read Time":0.0,"Temp I/O Write Time":0.0}]},{"Node Type":"Hash","Parent Relationship":"Inner","Parallel Aware":false,"Async Capable":false,"Startup Cost":134121.52,"Total Cost":134121.52,"Plan Rows":879322,"Plan Width":16,"Actual Startup Time":641.083,"Actual Total Time":641.086,"Actual Rows":856801,"Actual Loops":1,"Output":["orders.o_c_id","orders.o_w_id","orders.o_d_id","orders.o_id"],"Hash Buckets":262144,"Original Hash Buckets":262144,"Hash Batches":8,"Original Hash Batches":8,"Peak Memory Usage":7070,"Shared Hit Blocks":44122,"Shared Read Blocks":0,"Shared Dirtied Blocks":0,"Shared Written Blocks":0,"Local Hit Blocks":0,"Local Read Blocks":0,"Local Dirtied Blocks":0,"Local Written Blocks":0,"Temp Read Blocks":0,"Temp Written Blocks":3290,"I/O Read Time":0.0,"I/O Write Time":0.0,"Temp I/O Read Time":0.0,"Temp I/O Write Time":15.345,"Plans":[{"Node Type":"Seq Scan","Parent Relationship":"Outer","Parallel Aware":false,"Async Capable":false,"Relation Name":"orders","Schema":"public","Alias":"orders","Startup Cost":0.0,"Total Cost":134121.52,"Plan Rows":879322,"Plan Width":16,"Actual Startup Time":0.587,"Actual Total Time":443.216,"Actual Rows":856801,"Actual Loops":1,"Output":["orders.o_c_id","orders.o_w_id","orders.o_d_id","orders.o_id"],"Filter":"((orders.o_entry_d >= '1993-01-02 20:10:02.27764'::timestamp without time zone) AND (orders.o_entry_d < '1994-01-02 20:10:02.27764'::timestamp without time zone))","Rows Removed by Filter":5143199,"Shared Hit Blocks":44122,"Shared Read Blocks":0,"Shared Dirtied Blocks":0,"Shared Written Blocks":0,"Local Hit Blocks":0,"Local Read Blocks":0,"Local Dirtied Blocks":0,"Local Written Blocks":0,"Temp Read Blocks":0,"Temp Written Blocks":0,"I/O Read Time":0.0,"I/O Write Time":0.0,"Temp I/O Read Time":0.0,"Temp I/O Write Time":0.0}]}]},{"Node Type":"Hash","Parent Relationship":"Inner","Parallel Aware":false,"Async Capable":false,"Startup Cost":519991.4,"Total Cost":519991.4,"Plan Rows":6000140,"Plan Width":12,"Actual Startup Time":2800.591,"Actual Total Time":2800.593,"Actual Rows":6000000,"Actual Loops":1,"Output":["customer.c_id","customer.c_w_id","customer.c_d_id","customer.c_nationkey"],"Hash Buckets":262144,"Original Hash Buckets":262144,"Hash Batches":64,"Original Hash Batches":64,"Peak Memory Usage":6073,"Shared Hit Blocks":459990,"Shared Read Blocks":0,"Shared Dirtied Blocks":0,"Shared Written Blocks":0,"Local Hit Blocks":0,"Local Read Blocks":0,"Local Dirtied Blocks":0,"Local Written Blocks":0,"Temp Read Blocks":0,"Temp Written Blocks":23037,"I/O Read Time":0.0,"I/O Write Time":0.0,"Temp I/O Read Time":0.0,"Temp I/O Write Time":112.031,"Plans":[{"Node Type":"Seq Scan","Parent Relationship":"Outer","Parallel Aware":false,"Async Capable":false,"Relation Name":"customer","Schema":"public","Alias":"customer","Startup Cost":0.0,"Total Cost":519991.4,"Plan Rows":6000140,"Plan Width":12,"Actual Startup Time":0.008,"Actual Total Time":1798.302,"Actual Rows":6000000,"Actual Loops":1,"Output":["customer.c_id","customer.c_w_id","customer.c_d_id","customer.c_nationkey"],"Shared Hit Blocks":459990,"Shared Read Blocks":0,"Shared Dirtied Blocks":0,"Shared Written Blocks":0,"Local Hit Blocks":0,"Local Read Blocks":0,"Local Dirtied Blocks":0,"Local Written Blocks":0,"Temp Read Blocks":0,"Temp Written Blocks":0,"I/O Read Time":0.0,"I/O Write Time":0.0,"Temp I/O Read Time":0.0,"Temp I/O Write Time":0.0}]}]},{"Node Type":"Hash","Parent Relationship":"Inner","Parallel Aware":false,"Async Capable":false,"Startup Cost":2.99,"Total Cost":2.99,"Plan Rows":12,"Plan Width":12,"Actual Startup Time":0.043,"Actual Total Time":0.048,"Actual Rows":22,"Actual Loops":1,"Output":["nation.n_name","nation.n_nationkey"],"Hash Buckets":1024,"Original Hash Buckets":1024,"Hash Batches":1,"Original Hash Batches":1,"Peak Memory Usage":9,"Shared Hit Blocks":2,"Shared Read Blocks":0,"Shared Dirtied Blocks":0,"Shared Written Blocks":0,"Local Hit Blocks":0,"Local Read Blocks":0,"Local Dirtied Blocks":0,"Local Written Blocks":0,"Temp Read Blocks":0,"Temp Written Blocks":0,"I/O Read Time":0.0,"I/O Write Time":0.0,"Temp I/O Read Time":0.0,"Temp I/O Write Time":0.0,"Plans":[{"Node Type":"Hash Join","Parent Relationship":"Outer","Parallel Aware":false,"Async Capable":false,"Join Type":"Inner","Startup Cost":1.07,"Total Cost":2.99,"Plan Rows":12,"Plan Width":12,"Actual Startup Time":0.026,"Actual Total Time":0.041,"Actual Rows":22,"Actual Loops":1,"Output":["nation.n_name","nation.n_nationkey"],"Inner Unique":true,"Hash Cond":"(nation.n_regionkey = region.r_regionkey)","Shared Hit Blocks":2,"Shared Read Blocks":0,"Shared Dirtied Blocks":0,"Shared Written Blocks":0,"Local Hit Blocks":0,"Local Read Blocks":0,"Local Dirtied Blocks":0,"Local Written Blocks":0,"Temp Read Blocks":0,"Temp Written Blocks":0,"I/O Read Time":0.0,"I/O Write Time":0.0,"Temp I/O Read Time":0.0,"Temp I/O Write Time":0.0,"Plans":[{"Node Type":"Seq Scan","Parent Relationship":"Outer","Parallel Aware":false,"Async Capable":false,"Relation Name":"nation","Schema":"public","Alias":"nation","Startup Cost":0.0,"Total Cost":1.62,"Plan Rows":62,"Plan Width":16,"Actual Startup Time":0.007,"Actual Total Time":0.011,"Actual Rows":62,"Actual Loops":1,"Output":["nation.n_nationkey","nation.n_name","nation.n_regionkey","nation.n_comment"],"Shared Hit Blocks":1,"Shared Read Blocks":0,"Shared Dirtied Blocks":0,"Shared Written Blocks":0,"Local Hit Blocks":0,"Local Read Blocks":0,"Local Dirtied Blocks":0,"Local Written Blocks":0,"Temp Read Blocks":0,"Temp Written Blocks":0,"I/O Read Time":0.0,"I/O Write Time":0.0,"Temp I/O Read Time":0.0,"Temp I/O Write Time":0.0},{"Node Type":"Hash","Parent Relationship":"Inner","Parallel Aware":false,"Async Capable":false,"Startup Cost":1.06,"Total Cost":1.06,"Plan Rows":1,"Plan Width":4,"Actual Startup Time":0.009,"Actual Total Time":0.01,"Actual Rows":1,"Actual Loops":1,"Output":["region.r_regionkey"],"Hash Buckets":1024,"Original Hash Buckets":1024,"Hash Batches":1,"Original Hash Batches":1,"Peak Memory Usage":9,"Shared Hit Blocks":1,"Shared Read Blocks":0,"Shared Dirtied Blocks":0,"Shared Written Blocks":0,"Local Hit Blocks":0,"Local Read Blocks":0,"Local Dirtied Blocks":0,"Local Written Blocks":0,"Temp Read Blocks":0,"Temp Written Blocks":0,"I/O Read Time":0.0,"I/O Write Time":0.0,"Temp I/O Read Time":0.0,"Temp I/O Write Time":0.0,"Plans":[{"Node Type":"Seq Scan","Parent Relationship":"Outer","Parallel Aware":false,"Async Capable":false,"Relation Name":"region","Schema":"public","Alias":"region","Startup Cost":0.0,"Total Cost":1.06,"Plan Rows":1,"Plan Width":4,"Actual Startup Time":0.007,"Actual Total Time":0.007,"Actual Rows":1,"Actual Loops":1,"Output":["region.r_regionkey"],"Filter":"((region.r_name)::text = 'Europe'::text)","Rows Removed by Filter":4,"Shared Hit Blocks":1,"Shared Read Blocks":0,"Shared Dirtied Blocks":0,"Shared Written Blocks":0,"Local Hit Blocks":0,"Local Read Blocks":0,"Local Dirtied Blocks":0,"Local Written Blocks":0,"Temp Read Blocks":0,"Temp Written Blocks":0,"I/O Read Time":0.0,"I/O Write Time":0.0,"Temp I/O Read Time":0.0,"Temp I/O Write Time":0.0}]}]}]}]}]},{"Node Type":"Index Only Scan","Parent Relationship":"Inner","Parallel Aware":false,"Async Capable":false,"Scan Direction":"Forward","Index Name":"stock_pk","Relation Name":"stock","Schema":"public","Alias":"stock","Startup Cost":0.44,"Total Cost":519363.62,"Plan Rows":20000212,"Plan Width":6,"Actual Startup Time":0.048,"Actual Total Time":1394.858,"Actual Rows":19999994,"Actual Loops":1,"Output":["stock.s_w_id","stock.s_i_id"],"Heap Fetches":0,"Shared Hit Blocks":54673,"Shared Read Blocks":0,"Shared Dirtied Blocks":0,"Shared Written Blocks":0,"Local Hit Blocks":0,"Local Read Blocks":0,"Local Dirtied Blocks":0,"Local Written Blocks":0,"Temp Read Blocks":0,"Temp Written Blocks":0,"I/O Read Time":0.0,"I/O Write Time":0.0,"Temp I/O Read Time":0.0,"Temp I/O Write Time":0.0}]},{"Node Type":"Hash","Parent Relationship":"Inner","Parallel Aware":false,"Async Capable":false,"Startup Cost":219.01,"Total Cost":219.01,"Plan Rows":10001,"Plan Width":8,"Actual Startup Time":3.087,"Actual Total Time":3.089,"Actual Rows":10000,"Actual Loops":1,"Output":["supplier.su_suppkey","supplier.su_nationkey"],"Hash Buckets":16384,"Original Hash Buckets":16384,"Hash Batches":1,"Original Hash Batches":1,"Peak Memory Usage":519,"Shared Hit Blocks":0,"Shared Read Blocks":0,"Shared Dirtied Blocks":0,"Shared Written Blocks":0,"Local Hit Blocks":0,"Local Read Blocks":0,"Local Dirtied Blocks":0,"Local Written Blocks":0,"Temp Read Blocks":0,"Temp Written Blocks":0,"I/O Read Time":0.0,"I/O Write Time":0.0,"Temp I/O Read Time":0.0,"Temp I/O Write Time":0.0,"Plans":[{"Node Type":"Append","Parent Relationship":"Outer","Parallel Aware":false,"Async Capable":false,"Startup Cost":20.0,"Total Cost":219.01,"Plan Rows":10001,"Plan Width":8,"Actual Startup Time":0.013,"Actual Total Time":1.787,"Actual Rows":10000,"Actual Loops":1,"Shared Hit Blocks":0,"Shared Read Blocks":0,"Shared Dirtied Blocks":0,"Shared Written Blocks":0,"Local Hit Blocks":0,"Local Read Blocks":0,"Local Dirtied Blocks":0,"Local Written Blocks":0,"Temp Read Blocks":0,"Temp Written Blocks":0,"I/O Read Time":0.0,"I/O Write Time":0.0,"Temp I/O Read Time":0.0,"Temp I/O Write Time":0.0,"Subplans Removed":0,"Plans":[{"Node Type":"Custom Scan","Parent Relationship":"Member","Custom Plan Provider":"columnar scan","Parallel Aware":false,"Async Capable":false,"Relation Name":"supplier","Schema":"public","Alias":"supplier","Startup Cost":20.0,"Total Cost":215.0,"Plan Rows":10000,"Plan Width":8,"Actual Startup Time":0.012,"Actual Total Time":1.075,"Actual Rows":10000,"Actual Loops":1,"Output":["supplier.su_suppkey","supplier.su_nationkey"],"Rows Removed by Columnar Filter":0,"Columnar cache search mode":"native","Shared Hit Blocks":0,"Shared Read Blocks":0,"Shared Dirtied Blocks":0,"Shared Written Blocks":0,"Local Hit Blocks":0,"Local Read Blocks":0,"Local Dirtied Blocks":0,"Local Written Blocks":0,"Temp Read Blocks":0,"Temp Written Blocks":0,"I/O Read Time":0.0,"I/O Write Time":0.0,"Temp I/O Read Time":0.0,"Temp I/O Write Time":0.0},{"Node Type":"Seq Scan","Parent Relationship":"Member","Parallel Aware":false,"Async Capable":false,"Relation Name":"supplier","Schema":"public","Alias":"supplier","Startup Cost":0.0,"Total Cost":4.01,"Plan Rows":1,"Plan Width":8,"Actual Startup Time":0.0,"Actual Total Time":0.0,"Actual Rows":0,"Actual Loops":0,"Output":["supplier.su_suppkey","supplier.su_nationkey"],"Shared Hit Blocks":0,"Shared Read Blocks":0,"Shared Dirtied Blocks":0,"Shared Written Blocks":0,"Local Hit Blocks":0,"Local Read Blocks":0,"Local Dirtied Blocks":0,"Local Written Blocks":0,"Temp Read Blocks":0,"Temp Written Blocks":0,"I/O Read Time":0.0,"I/O Write Time":0.0,"Temp I/O Read Time":0.0,"Temp I/O Write Time":0.0}]}]}]}]}]}]},"Planning":{"Shared Hit Blocks":220,"Shared Read Blocks":0,"Shared Dirtied Blocks":0,"Shared Written Blocks":0,"Local Hit Blocks":0,"Local Read Blocks":0,"Local Dirtied Blocks":0,"Local Written Blocks":0,"Temp Read Blocks":0,"Temp Written Blocks":0,"I/O Read Time":0.0,"I/O Write Time":0.0,"Temp I/O Read Time":0.0,"Temp I/O Write Time":0.0},"Planning Time":5.005,"Triggers":[],"Execution Time":21388.702}]
[列存组合]: nation, order_line, stock, supplier
[{"Plan":{"Node Type":"Sort","Parallel Aware":false,"Async Capable":false,"Startup Cost":2401537.3,"Total Cost":2401537.45,"Plan Rows":62,"Plan Width":40,"Actual Startup Time":12364.194,"Actual Total Time":12364.239,"Actual Rows":11,"Actual Loops":1,"Output":["nation.n_name","(sum(order_line.ol_amount))"],"Sort Key":["(sum(order_line.ol_amount)) DESC"],"Sort Method":"quicksort","Sort Space Used":25,"Sort Space Type":"Memory","Shared Hit Blocks":504113,"Shared Read Blocks":0,"Shared Dirtied Blocks":0,"Shared Written Blocks":0,"Local Hit Blocks":0,"Local Read Blocks":0,"Local Dirtied Blocks":0,"Local Written Blocks":0,"Temp Read Blocks":67001,"Temp Written Blocks":67001,"I/O Read Time":0.0,"I/O Write Time":0.0,"Temp I/O Read Time":107.001,"Temp I/O Write Time":323.62,"Plans":[{"Node Type":"Aggregate","Strategy":"Sorted","Partial Mode":"Simple","Parent Relationship":"Outer","Parallel Aware":false,"Async Capable":false,"Startup Cost":2401383.66,"Total Cost":2401535.45,"Plan Rows":62,"Plan Width":40,"Actual Startup Time":12357.812,"Actual Total Time":12364.22,"Actual Rows":11,"Actual Loops":1,"Output":["nation.n_name","sum(order_line.ol_amount)"],"Group Key":["nation.n_name"],"Shared Hit Blocks":504113,"Shared Read Blocks":0,"Shared Dirtied Blocks":0,"Shared Written Blocks":0,"Local Hit Blocks":0,"Local Read Blocks":0,"Local Dirtied Blocks":0,"Local Written Blocks":0,"Temp Read Blocks":67001,"Temp Written Blocks":67001,"I/O Read Time":0.0,"I/O Write Time":0.0,"Temp I/O Read Time":107.001,"Temp I/O Write Time":323.62,"Plans":[{"Node Type":"Sort","Parent Relationship":"Outer","Parallel Aware":false,"Async Capable":false,"Startup Cost":2401383.66,"Total Cost":2401434.0,"Plan Rows":20136,"Plan Width":12,"Actual Startup Time":12357.37,"Actual Total Time":12359.314,"Actual Rows":35044,"Actual Loops":1,"Output":["nation.n_name","order_line.ol_amount"],"Sort Key":["nation.n_name"],"Sort Method":"quicksort","Sort Space Used":3146,"Sort Space Type":"Memory","Shared Hit Blocks":504113,"Shared Read Blocks":0,"Shared Dirtied Blocks":0,"Shared Written Blocks":0,"Local Hit Blocks":0,"Local Read Blocks":0,"Local Dirtied Blocks":0,"Local Written Blocks":0,"Temp Read Blocks":67001,"Temp Written Blocks":67001,"I/O Read Time":0.0,"I/O Write Time":0.0,"Temp I/O Read Time":107.001,"Temp I/O Write Time":323.62,"Plans":[{"Node Type":"Hash Join","Parent Relationship":"Outer","Parallel Aware":false,"Async Capable":false,"Join Type":"Inner","Startup Cost":881935.31,"Total Cost":2399944.19,"Plan Rows":20136,"Plan Width":12,"Actual Startup Time":5677.774,"Actual Total Time":12340.503,"Actual Rows":35044,"Actual Loops":1,"Output":["nation.n_name","order_line.ol_amount"],"Hash Cond":"((orders.o_c_id = customer.c_id) AND (orders.o_w_id = customer.c_w_id) AND (orders.o_d_id = customer.c_d_id) AND (supplier.su_nationkey = customer.c_nationkey))","Shared Hit Blocks":504113,"Shared Read Blocks":0,"Shared Dirtied Blocks":0,"Shared Written Blocks":0,"Local Hit Blocks":0,"Local Read Blocks":0,"Local Dirtied Blocks":0,"Local Written Blocks":0,"Temp Read Blocks":67001,"Temp Written Blocks":67001,"I/O Read Time":0.0,"I/O Write Time":0.0,"Temp I/O Read Time":107.001,"Temp I/O Write Time":323.62,"Plans":[{"Node Type":"Hash Join","Parent Relationship":"Outer","Parallel Aware":false,"Async Capable":false,"Join Type":"Inner","Startup Cost":212643.11,"Total Cost":1668901.76,"Plan Rows":1242117,"Plan Width":34,"Actual Startup Time":2680.121,"Actual Total Time":7870.601,"Actual Rows":2982388,"Actual Loops":1,"Output":["orders.o_c_id","orders.o_w_id","orders.o_d_id","order_line.ol_amount","order_line.ol_w_id","order_line.ol_d_id","stock.s_w_id","supplier.su_nationkey","nation.n_name","nation.n_nationkey"],"Hash Cond":"((order_line.ol_w_id = orders.o_w_id) AND (order_line.ol_d_id = orders.o_d_id) AND (order_line.ol_o_id = orders.o_id))","Shared Hit Blocks":44123,"Shared Read Blocks":0,"Shared Dirtied Blocks":0,"Shared Written Blocks":0,"Local Hit Blocks":0,"Local Read Blocks":0,"Local Dirtied Blocks":0,"Local Written Blocks":0,"Temp Read Blocks":23127,"Temp Written Blocks":23127,"I/O Read Time":0.0,"I/O Write Time":0.0,"Temp I/O Read Time":37.329,"Temp I/O Write Time":109.085,"Plans":[{"Node Type":"Hash Join","Parent Relationship":"Outer","Parallel Aware":false,"Async Capable":false,"Join Type":"Inner","Startup Cost":58839.46,"Total Cost":1311810.06,"Plan Rows":8467814,"Plan Width":34,"Actual Startup Time":1894.937,"Actual Total Time":5491.236,"Actual Rows":3000322,"Actual Loops":1,"Output":["order_line.ol_amount","order_line.ol_o_id","order_line.ol_w_id","order_line.ol_d_id","stock.s_w_id","supplier.su_nationkey","nation.n_name","nation.n_nationkey"],"Hash Cond":"(mod((stock.s_w_id * stock.s_i_id), 10000) = supplier.su_suppkey)","Shared Hit Blocks":1,"Shared Read Blocks":0,"Shared Dirtied Blocks":0,"Shared Written Blocks":0,"Local Hit Blocks":0,"Local Read Blocks":0,"Local Dirtied Blocks":0,"Local Written Blocks":0,"Temp Read Blocks":0,"Temp Written Blocks":0,"I/O Read Time":0.0,"I/O Write Time":0.0,"Temp I/O Read Time":0.0,"Temp I/O Write Time":0.0,"Plans":[{"Node Type":"Hash Join","Parent Relationship":"Outer","Parallel Aware":false,"Async Capable":false,"Join Type":"Inner","Startup Cost":58620.59,"Total Cost":962293.85,"Plan Rows":42339072,"Plan Width":22,"Actual Startup Time":1890.451,"Actual Total Time":4093.87,"Actual Rows":8620885,"Actual Loops":1,"Output":["order_line.ol_amount","order_line.ol_o_id","order_line.ol_w_id","order_line.ol_d_id","stock.s_w_id","stock.s_i_id"],"Hash Cond":"((order_line.ol_w_id = stock.s_w_id) AND (order_line.ol_i_id = stock.s_i_id))","Rows Removed by Bloom Filter":0,"Shared Hit Blocks":0,"Shared Read Blocks":0,"Shared Dirtied Blocks":0,"Shared Written Blocks":0,"Local Hit Blocks":0,"Local Read Blocks":0,"Local Dirtied Blocks":0,"Local Written Blocks":0,"Temp Read Blocks":0,"Temp Written Blocks":0,"I/O Read Time":0.0,"I/O Write Time":0.0,"Temp I/O Read Time":0.0,"Temp I/O Write Time":0.0,"Plans":[{"Node Type":"Append","Parent Relationship":"Outer","Parallel Aware":false,"Async Capable":false,"Startup Cost":20.0,"Total Cost":1072031.01,"Plan Rows":42039468,"Plan Width":20,"Actual Startup Time":248.781,"Actual Total Time":248.794,"Actual Rows":8620885,"Actual Loops":1,"Shared Hit Blocks":0,"Shared Read Blocks":0,"Shared Dirtied Blocks":0,"Shared Written Blocks":0,"Local Hit Blocks":0,"Local Read Blocks":0,"Local Dirtied Blocks":0,"Local Written Blocks":0,"Temp Read Blocks":0,"Temp Written Blocks":0,"I/O Read Time":0.0,"I/O Write Time":0.0,"Temp I/O Read Time":0.0,"Temp I/O Write Time":0.0,"Subplans Removed":0,"Plans":[{"Node Type":"Custom Scan","Parent Relationship":"Member","Custom Plan Provider":"columnar scan","Parallel Aware":false,"Async Capable":false,"Relation Name":"order_line","Schema":"public","Alias":"order_line","Startup Cost":20.0,"Total Cost":1072026.23,"Plan Rows":42039424,"Plan Width":20,"Actual Startup Time":248.779,"Actual Total Time":248.78,"Actual Rows":8620885,"Actual Loops":1,"Output":["order_line.ol_amount","order_line.ol_o_id","order_line.ol_w_id","order_line.ol_d_id","order_line.ol_i_id"],"Filter":"(order_line.ol_delivery_d >= '1992-01-02 20:10:02.27764'::timestamp without time zone)","Rows Removed by Filter":0,"Rows Removed by Columnar Filter":51372876,"Rows Filtered by Bloom Filter":0,"Dictionary Rows Filtered by Bloom Filter":51372876,"Columnar cache search mode":"native","Shared Hit Blocks":0,"Shared Read Blocks":0,"Shared Dirtied Blocks":0,"Shared Written Blocks":0,"Local Hit Blocks":0,"Local Read Blocks":0,"Local Dirtied Blocks":0,"Local Written Blocks":0,"Temp Read Blocks":0,"Temp Written Blocks":0,"I/O Read Time":0.0,"I/O Write Time":0.0,"Temp I/O Read Time":0.0,"Temp I/O Write Time":0.0},{"Node Type":"Seq Scan","Parent Relationship":"Member","Parallel Aware":false,"Async Capable":false,"Relation Name":"order_line","Schema":"public","Alias":"order_line","Startup Cost":0.0,"Total Cost":4.79,"Plan Rows":44,"Plan Width":20,"Actual Startup Time":0.0,"Actual Total Time":0.0,"Actual Rows":0,"Actual Loops":0,"Output":["order_line.ol_amount","order_line.ol_o_id","order_line.ol_w_id","order_line.ol_d_id","order_line.ol_i_id"],"Filter":"(order_line.ol_delivery_d >= '1992-01-02 20:10:02.27764'::timestamp without time zone)","Rows Removed by Filter":0,"Shared Hit Blocks":0,"Shared Read Blocks":0,"Shared Dirtied Blocks":0,"Shared Written Blocks":0,"Local Hit Blocks":0,"Local Read Blocks":0,"Local Dirtied Blocks":0,"Local Written Blocks":0,"Temp Read Blocks":0,"Temp Written Blocks":0,"I/O Read Time":0.0,"I/O Write Time":0.0,"Temp I/O Read Time":0.0,"Temp I/O Write Time":0.0}]},{"Node Type":"Hash","Parent Relationship":"Inner","Parallel Aware":false,"Async Capable":false,"Startup Cost":390026.22,"Total Cost":390026.22,"Plan Rows":20000212,"Plan Width":6,"Actual Rows":20000000,"Actual Loops":1,"Output":["stock.s_w_id","stock.s_i_id"],"Shared Hit Blocks":0,"Shared Read Blocks":0,"Shared Dirtied Blocks":0,"Shared Written Blocks":0,"Local Hit Blocks":0,"Local Read Blocks":0,"Local Dirtied Blocks":0,"Local Written Blocks":0,"Temp Read Blocks":0,"Temp Written Blocks":0,"I/O Read Time":0.0,"I/O Write Time":0.0,"Temp I/O Read Time":0.0,"Temp I/O Write Time":0.0,"Plans":[{"Node Type":"Append","Parent Relationship":"Outer","Parallel Aware":false,"Async Capable":false,"Startup Cost":20.0,"Total Cost":390026.22,"Plan Rows":20000212,"Plan Width":6,"Actual Startup Time":0.47,"Actual Total Time":0.473,"Actual Rows":20000000,"Actual Loops":1,"Shared Hit Blocks":0,"Shared Read Blocks":0,"Shared Dirtied Blocks":0,"Shared Written Blocks":0,"Local Hit Blocks":0,"Local Read Blocks":0,"Local Dirtied Blocks":0,"Local Written Blocks":0,"Temp Read Blocks":0,"Temp Written Blocks":0,"I/O Read Time":0.0,"I/O Write Time":0.0,"Temp I/O Read Time":0.0,"Temp I/O Write Time":0.0,"Subplans Removed":0,"Plans":[{"Node Type":"Custom Scan","Parent Relationship":"Member","Custom Plan Provider":"columnar scan","Parallel Aware":false,"Async Capable":false,"Relation Name":"stock","Schema":"public","Alias":"stock","Startup Cost":20.0,"Total Cost":390020.1,"Plan Rows":20000000,"Plan Width":6,"Actual Startup Time":0.469,"Actual Total Time":0.469,"Actual Rows":20000000,"Actual Loops":1,"Output":["stock.s_w_id","stock.s_i_id"],"Rows Removed by Columnar Filter":0,"Columnar cache search mode":"native","Shared Hit Blocks":0,"Shared Read Blocks":0,"Shared Dirtied Blocks":0,"Shared Written Blocks":0,"Local Hit Blocks":0,"Local Read Blocks":0,"Local Dirtied Blocks":0,"Local Written Blocks":0,"Temp Read Blocks":0,"Temp Written Blocks":0,"I/O Read Time":0.0,"I/O Write Time":0.0,"Temp I/O Read Time":0.0,"Temp I/O Write Time":0.0},{"Node Type":"Seq Scan","Parent Relationship":"Member","Parallel Aware":false,"Async Capable":false,"Relation Name":"stock","Schema":"public","Alias":"stock","Startup Cost":0.0,"Total Cost":6.12,"Plan Rows":212,"Plan Width":6,"Actual Startup Time":0.0,"Actual Total Time":0.0,"Actual Rows":0,"Actual Loops":0,"Output":["stock.s_w_id","stock.s_i_id"],"Shared Hit Blocks":0,"Shared Read Blocks":0,"Shared Dirtied Blocks":0,"Shared Written Blocks":0,"Local Hit Blocks":0,"Local Read Blocks":0,"Local Dirtied Blocks":0,"Local Written Blocks":0,"Temp Read Blocks":0,"Temp Written Blocks":0,"I/O Read Time":0.0,"I/O Write Time":0.0,"Temp I/O Read Time":0.0,"Temp I/O Write Time":0.0}]}]}]},{"Node Type":"Hash","Parent Relationship":"Inner","Parallel Aware":false,"Async Capable":false,"Startup Cost":193.87,"Total Cost":193.87,"Plan Rows":2000,"Plan Width":20,"Actual Startup Time":4.448,"Actual Total Time":4.463,"Actual Rows":3506,"Actual Loops":1,"Output":["supplier.su_suppkey","supplier.su_nationkey","nation.n_name","nation.n_nationkey"],"Hash Buckets":4096,"Original Hash Buckets":2048,"Hash Batches":1,"Original Hash Batches":1,"Peak Memory Usage":217,"Shared Hit Blocks":1,"Shared Read Blocks":0,"Shared Dirtied Blocks":0,"Shared Written Blocks":0,"Local Hit Blocks":0,"Local Read Blocks":0,"Local Dirtied Blocks":0,"Local Written Blocks":0,"Temp Read Blocks":0,"Temp Written Blocks":0,"I/O Read Time":0.0,"I/O Write Time":0.0,"Temp I/O Read Time":0.0,"Temp I/O Write Time":0.0,"Plans":[{"Node Type":"Hash Join","Parent Relationship":"Outer","Parallel Aware":false,"Async Capable":false,"Join Type":"Inner","Startup Cost":25.24,"Total Cost":193.87,"Plan Rows":2000,"Plan Width":20,"Actual Startup Time":1.98,"Actual Total Time":3.875,"Actual Rows":3506,"Actual Loops":1,"Output":["supplier.su_suppkey","supplier.su_nationkey","nation.n_name","nation.n_nationkey"],"Hash Cond":"(nation.n_regionkey = region.r_regionkey)","Shared Hit Blocks":1,"Shared Read Blocks":0,"Shared Dirtied Blocks":0,"Shared Written Blocks":0,"Local Hit Blocks":0,"Local Read Blocks":0,"Local Dirtied Blocks":0,"Local Written Blocks":0,"Temp Read Blocks":0,"Temp Written Blocks":0,"I/O Read Time":0.0,"I/O Write Time":0.0,"Temp I/O Read Time":0.0,"Temp I/O Write Time":0.0,"Plans":[{"Node Type":"Hash Join","Parent Relationship":"Outer","Parallel Aware":false,"Async Capable":false,"Join Type":"Inner","Startup Cost":24.16,"Total Cost":144.29,"Plan Rows":10000,"Plan Width":24,"Actual Startup Time":1.95,"Actual Total Time":2.678,"Actual Rows":10000,"Actual Loops":1,"Output":["supplier.su_suppkey","supplier.su_nationkey","nation.n_name","nation.n_nationkey","nation.n_regionkey"],"Hash Cond":"(supplier.su_nationkey = nation.n_nationkey)","Rows Removed by Bloom Filter":0,"Shared Hit Blocks":0,"Shared Read Blocks":0,"Shared Dirtied Blocks":0,"Shared Written Blocks":0,"Local Hit Blocks":0,"Local Read Blocks":0,"Local Dirtied Blocks":0,"Local Written Blocks":0,"Temp Read Blocks":0,"Temp Written Blocks":0,"I/O Read Time":0.0,"I/O Write Time":0.0,"Temp I/O Read Time":0.0,"Temp I/O Write Time":0.0,"Plans":[{"Node Type":"Append","Parent Relationship":"Outer","Parallel Aware":false,"Async Capable":false,"Startup Cost":20.0,"Total Cost":219.01,"Plan Rows":10001,"Plan Width":8,"Actual Startup Time":0.009,"Actual Total Time":0.012,"Actual Rows":10000,"Actual Loops":1,"Shared Hit Blocks":0,"Shared Read Blocks":0,"Shared Dirtied Blocks":0,"Shared Written Blocks":0,"Local Hit Blocks":0,"Local Read Blocks":0,"Local Dirtied Blocks":0,"Local Written Blocks":0,"Temp Read Blocks":0,"Temp Written Blocks":0,"I/O Read Time":0.0,"I/O Write Time":0.0,"Temp I/O Read Time":0.0,"Temp I/O Write Time":0.0,"Subplans Removed":0,"Plans":[{"Node Type":"Custom Scan","Parent Relationship":"Member","Custom Plan Provider":"columnar scan","Parallel Aware":false,"Async Capable":false,"Relation Name":"supplier","Schema":"public","Alias":"supplier","Startup Cost":20.0,"Total Cost":215.0,"Plan Rows":10000,"Plan Width":8,"Actual Startup Time":0.008,"Actual Total Time":0.009,"Actual Rows":10000,"Actual Loops":1,"Output":["supplier.su_suppkey","supplier.su_nationkey"],"Rows Removed by Columnar Filter":0,"Columnar cache search mode":"native","Shared Hit Blocks":0,"Shared Read Blocks":0,"Shared Dirtied Blocks":0,"Shared Written Blocks":0,"Local Hit Blocks":0,"Local Read Blocks":0,"Local Dirtied Blocks":0,"Local Written Blocks":0,"Temp Read Blocks":0,"Temp Written Blocks":0,"I/O Read Time":0.0,"I/O Write Time":0.0,"Temp I/O Read Time":0.0,"Temp I/O Write Time":0.0},{"Node Type":"Seq Scan","Parent Relationship":"Member","Parallel Aware":false,"Async Capable":false,"Relation Name":"supplier","Schema":"public","Alias":"supplier","Startup Cost":0.0,"Total Cost":4.01,"Plan Rows":1,"Plan Width":8,"Actual Startup Time":0.0,"Actual Total Time":0.0,"Actual Rows":0,"Actual Loops":0,"Output":["supplier.su_suppkey","supplier.su_nationkey"],"Shared Hit Blocks":0,"Shared Read Blocks":0,"Shared Dirtied Blocks":0,"Shared Written Blocks":0,"Local Hit Blocks":0,"Local Read Blocks":0,"Local Dirtied Blocks":0,"Local Written Blocks":0,"Temp Read Blocks":0,"Temp Written Blocks":0,"I/O Read Time":0.0,"I/O Write Time":0.0,"Temp I/O Read Time":0.0,"Temp I/O Write Time":0.0}]},{"Node Type":"Hash","Parent Relationship":"Inner","Parallel Aware":false,"Async Capable":false,"Startup Cost":25.34,"Total Cost":25.34,"Plan Rows":63,"Plan Width":16,"Actual Rows":62,"Actual Loops":1,"Output":["nation.n_name","nation.n_nationkey","nation.n_regionkey"],"Shared Hit Blocks":0,"Shared Read Blocks":0,"Shared Dirtied Blocks":0,"Shared Written Blocks":0,"Local Hit Blocks":0,"Local Read Blocks":0,"Local Dirtied Blocks":0,"Local Written Blocks":0,"Temp Read Blocks":0,"Temp Written Blocks":0,"I/O Read Time":0.0,"I/O Write Time":0.0,"Temp I/O Read Time":0.0,"Temp I/O Write Time":0.0,"Plans":[{"Node Type":"Append","Parent Relationship":"Outer","Parallel Aware":false,"Async Capable":false,"Startup Cost":20.0,"Total Cost":25.34,"Plan Rows":63,"Plan Width":16,"Actual Startup Time":0.029,"Actual Total Time":0.03,"Actual Rows":62,"Actual Loops":1,"Shared Hit Blocks":0,"Shared Read Blocks":0,"Shared Dirtied Blocks":0,"Shared Written Blocks":0,"Local Hit Blocks":0,"Local Read Blocks":0,"Local Dirtied Blocks":0,"Local Written Blocks":0,"Temp Read Blocks":0,"Temp Written Blocks":0,"I/O Read Time":0.0,"I/O Write Time":0.0,"Temp I/O Read Time":0.0,"Temp I/O Write Time":0.0,"Subplans Removed":0,"Plans":[{"Node Type":"Custom Scan","Parent Relationship":"Member","Custom Plan Provider":"columnar scan","Parallel Aware":false,"Async Capable":false,"Relation Name":"nation","Schema":"public","Alias":"nation","Startup Cost":20.0,"Total Cost":21.33,"Plan Rows":62,"Plan Width":16,"Actual Startup Time":0.027,"Actual Total Time":0.027,"Actual Rows":62,"Actual Loops":1,"Output":["nation.n_name","nation.n_nationkey","nation.n_regionkey"],"Rows Removed by Columnar Filter":0,"Columnar cache search mode":"native","Shared Hit Blocks":0,"Shared Read Blocks":0,"Shared Dirtied Blocks":0,"Shared Written Blocks":0,"Local Hit Blocks":0,"Local Read Blocks":0,"Local Dirtied Blocks":0,"Local Written Blocks":0,"Temp Read Blocks":0,"Temp Written Blocks":0,"I/O Read Time":0.0,"I/O Write Time":0.0,"Temp I/O Read Time":0.0,"Temp I/O Write Time":0.0},{"Node Type":"Seq Scan","Parent Relationship":"Member","Parallel Aware":false,"Async Capable":false,"Relation Name":"nation","Schema":"public","Alias":"nation","Startup Cost":0.0,"Total Cost":4.01,"Plan Rows":1,"Plan Width":16,"Actual Startup Time":0.0,"Actual Total Time":0.0,"Actual Rows":0,"Actual Loops":0,"Output":["nation.n_name","nation.n_nationkey","nation.n_regionkey"],"Shared Hit Blocks":0,"Shared Read Blocks":0,"Shared Dirtied Blocks":0,"Shared Written Blocks":0,"Local Hit Blocks":0,"Local Read Blocks":0,"Local Dirtied Blocks":0,"Local Written Blocks":0,"Temp Read Blocks":0,"Temp Written Blocks":0,"I/O Read Time":0.0,"I/O Write Time":0.0,"Temp I/O Read Time":0.0,"Temp I/O Write Time":0.0}]}]}]},{"Node Type":"Hash","Parent Relationship":"Inner","Parallel Aware":false,"Async Capable":false,"Startup Cost":1.06,"Total Cost":1.06,"Plan Rows":1,"Plan Width":4,"Actual Startup Time":0.017,"Actual Total Time":0.019,"Actual Rows":1,"Actual Loops":1,"Output":["region.r_regionkey"],"Hash Buckets":1024,"Original Hash Buckets":1024,"Hash Batches":1,"Original Hash Batches":1,"Peak Memory Usage":9,"Shared Hit Blocks":1,"Shared Read Blocks":0,"Shared Dirtied Blocks":0,"Shared Written Blocks":0,"Local Hit Blocks":0,"Local Read Blocks":0,"Local Dirtied Blocks":0,"Local Written Blocks":0,"Temp Read Blocks":0,"Temp Written Blocks":0,"I/O Read Time":0.0,"I/O Write Time":0.0,"Temp I/O Read Time":0.0,"Temp I/O Write Time":0.0,"Plans":[{"Node Type":"Seq Scan","Parent Relationship":"Outer","Parallel Aware":false,"Async Capable":false,"Relation Name":"region","Schema":"public","Alias":"region","Startup Cost":0.0,"Total Cost":1.06,"Plan Rows":1,"Plan Width":4,"Actual Startup Time":0.014,"Actual Total Time":0.015,"Actual Rows":1,"Actual Loops":1,"Output":["region.r_regionkey"],"Filter":"((region.r_name)::text = 'Europe'::text)","Rows Removed by Filter":4,"Shared Hit Blocks":1,"Shared Read Blocks":0,"Shared Dirtied Blocks":0,"Shared Written Blocks":0,"Local Hit Blocks":0,"Local Read Blocks":0,"Local Dirtied Blocks":0,"Local Written Blocks":0,"Temp Read Blocks":0,"Temp Written Blocks":0,"I/O Read Time":0.0,"I/O Write Time":0.0,"Temp I/O Read Time":0.0,"Temp I/O Write Time":0.0}]}]}]}]},{"Node Type":"Hash","Parent Relationship":"Inner","Parallel Aware":false,"Async Capable":false,"Startup Cost":134121.52,"Total Cost":134121.52,"Plan Rows":879322,"Plan Width":16,"Actual Startup Time":783.548,"Actual Total Time":783.551,"Actual Rows":856801,"Actual Loops":1,"Output":["orders.o_c_id","orders.o_w_id","orders.o_d_id","orders.o_id"],"Hash Buckets":262144,"Original Hash Buckets":262144,"Hash Batches":8,"Original Hash Batches":8,"Peak Memory Usage":7070,"Shared Hit Blocks":44122,"Shared Read Blocks":0,"Shared Dirtied Blocks":0,"Shared Written Blocks":0,"Local Hit Blocks":0,"Local Read Blocks":0,"Local Dirtied Blocks":0,"Local Written Blocks":0,"Temp Read Blocks":0,"Temp Written Blocks":3290,"I/O Read Time":0.0,"I/O Write Time":0.0,"Temp I/O Read Time":0.0,"Temp I/O Write Time":16.046,"Plans":[{"Node Type":"Seq Scan","Parent Relationship":"Outer","Parallel Aware":false,"Async Capable":false,"Relation Name":"orders","Schema":"public","Alias":"orders","Startup Cost":0.0,"Total Cost":134121.52,"Plan Rows":879322,"Plan Width":16,"Actual Startup Time":0.793,"Actual Total Time":568.157,"Actual Rows":856801,"Actual Loops":1,"Output":["orders.o_c_id","orders.o_w_id","orders.o_d_id","orders.o_id"],"Filter":"((orders.o_entry_d >= '1993-01-02 20:10:02.27764'::timestamp without time zone) AND (orders.o_entry_d < '1994-01-02 20:10:02.27764'::timestamp without time zone))","Rows Removed by Filter":5143199,"Shared Hit Blocks":44122,"Shared Read Blocks":0,"Shared Dirtied Blocks":0,"Shared Written Blocks":0,"Local Hit Blocks":0,"Local Read Blocks":0,"Local Dirtied Blocks":0,"Local Written Blocks":0,"Temp Read Blocks":0,"Temp Written Blocks":0,"I/O Read Time":0.0,"I/O Write Time":0.0,"Temp I/O Read Time":0.0,"Temp I/O Write Time":0.0}]}]},{"Node Type":"Hash","Parent Relationship":"Inner","Parallel Aware":false,"Async Capable":false,"Startup Cost":519991.4,"Total Cost":519991.4,"Plan Rows":6000140,"Plan Width":12,"Actual Startup Time":2832.557,"Actual Total Time":2832.557,"Actual Rows":6000000,"Actual Loops":1,"Output":["customer.c_id","customer.c_w_id","customer.c_d_id","customer.c_nationkey"],"Hash Buckets":262144,"Original Hash Buckets":262144,"Hash Batches":64,"Original Hash Batches":64,"Peak Memory Usage":6083,"Shared Hit Blocks":459990,"Shared Read Blocks":0,"Shared Dirtied Blocks":0,"Shared Written Blocks":0,"Local Hit Blocks":0,"Local Read Blocks":0,"Local Dirtied Blocks":0,"Local Written Blocks":0,"Temp Read Blocks":0,"Temp Written Blocks":23035,"I/O Read Time":0.0,"I/O Write Time":0.0,"Temp I/O Read Time":0.0,"Temp I/O Write Time":115.671,"Plans":[{"Node Type":"Seq Scan","Parent Relationship":"Outer","Parallel Aware":false,"Async Capable":false,"Relation Name":"customer","Schema":"public","Alias":"customer","Startup Cost":0.0,"Total Cost":519991.4,"Plan Rows":6000140,"Plan Width":12,"Actual Startup Time":0.028,"Actual Total Time":1775.607,"Actual Rows":6000000,"Actual Loops":1,"Output":["customer.c_id","customer.c_w_id","customer.c_d_id","customer.c_nationkey"],"Shared Hit Blocks":459990,"Shared Read Blocks":0,"Shared Dirtied Blocks":0,"Shared Written Blocks":0,"Local Hit Blocks":0,"Local Read Blocks":0,"Local Dirtied Blocks":0,"Local Written Blocks":0,"Temp Read Blocks":0,"Temp Written Blocks":0,"I/O Read Time":0.0,"I/O Write Time":0.0,"Temp I/O Read Time":0.0,"Temp I/O Write Time":0.0}]}]}]}]}]},"Planning":{"Shared Hit Blocks":220,"Shared Read Blocks":0,"Shared Dirtied Blocks":0,"Shared Written Blocks":0,"Local Hit Blocks":0,"Local Read Blocks":0,"Local Dirtied Blocks":0,"Local Written Blocks":0,"Temp Read Blocks":0,"Temp Written Blocks":0,"I/O Read Time":0.0,"I/O Write Time":0.0,"Temp I/O Read Time":0.0,"Temp I/O Write Time":0.0},"Planning Time":5.756,"Triggers":[],"Execution Time":12365.521}]
[列存组合]: nation, orders, region, stock
[{"Plan":{"Node Type":"Sort","Parallel Aware":false,"Async Capable":false,"Startup Cost":4083746.0,"Total Cost":4083746.16,"Plan Rows":62,"Plan Width":40,"Actual Startup Time":35202.006,"Actual Total Time":35202.035,"Actual Rows":11,"Actual Loops":1,"Output":["nation.n_name","(sum(order_line.ol_amount))"],"Sort Key":["(sum(order_line.ol_amount)) DESC"],"Sort Method":"quicksort","Sort Space Used":25,"Sort Space Type":"Memory","Shared Hit Blocks":1196630,"Shared Read Blocks":0,"Shared Dirtied Blocks":0,"Shared Written Blocks":0,"Local Hit Blocks":0,"Local Read Blocks":0,"Local Dirtied Blocks":0,"Local Written Blocks":0,"Temp Read Blocks":288611,"Temp Written Blocks":288665,"I/O Read Time":0.0,"I/O Write Time":0.0,"Temp I/O Read Time":458.275,"Temp I/O Write Time":1194.684,"Plans":[{"Node Type":"Aggregate","Strategy":"Sorted","Partial Mode":"Simple","Parent Relationship":"Outer","Parallel Aware":false,"Async Capable":false,"Startup Cost":4083592.36,"Total Cost":4083744.16,"Plan Rows":62,"Plan Width":40,"Actual Startup Time":35196.001,"Actual Total Time":35202.018,"Actual Rows":11,"Actual Loops":1,"Output":["nation.n_name","sum(order_line.ol_amount)"],"Group Key":["nation.n_name"],"Shared Hit Blocks":1196630,"Shared Read Blocks":0,"Shared Dirtied Blocks":0,"Shared Written Blocks":0,"Local Hit Blocks":0,"Local Read Blocks":0,"Local Dirtied Blocks":0,"Local Written Blocks":0,"Temp Read Blocks":288611,"Temp Written Blocks":288665,"I/O Read Time":0.0,"I/O Write Time":0.0,"Temp I/O Read Time":458.275,"Temp I/O Write Time":1194.684,"Plans":[{"Node Type":"Sort","Parent Relationship":"Outer","Parallel Aware":false,"Async Capable":false,"Startup Cost":4083592.36,"Total Cost":4083642.7,"Plan Rows":20136,"Plan Width":12,"Actual Startup Time":35195.557,"Actual Total Time":35197.413,"Actual Rows":35044,"Actual Loops":1,"Output":["nation.n_name","order_line.ol_amount"],"Sort Key":["nation.n_name"],"Sort Method":"quicksort","Sort Space Used":3146,"Sort Space Type":"Memory","Shared Hit Blocks":1196630,"Shared Read Blocks":0,"Shared Dirtied Blocks":0,"Shared Written Blocks":0,"Local Hit Blocks":0,"Local Read Blocks":0,"Local Dirtied Blocks":0,"Local Written Blocks":0,"Temp Read Blocks":288611,"Temp Written Blocks":288665,"I/O Read Time":0.0,"I/O Write Time":0.0,"Temp I/O Read Time":458.275,"Temp I/O Write Time":1194.684,"Plans":[{"Node Type":"Hash Join","Parent Relationship":"Outer","Parallel Aware":false,"Async Capable":false,"Join Type":"Inner","Startup Cost":3434284.91,"Total Cost":4082152.89,"Plan Rows":20136,"Plan Width":12,"Actual Startup Time":31250.621,"Actual Total Time":35176.465,"Actual Rows":35044,"Actual Loops":1,"Output":["nation.n_name","order_line.ol_amount"],"Inner Unique":true,"Hash Cond":"((mod((stock.s_w_id * stock.s_i_id), 10000) = supplier.su_suppkey) AND (customer.c_nationkey = supplier.su_nationkey))","Shared Hit Blocks":1196630,"Shared Read Blocks":0,"Shared Dirtied Blocks":0,"Shared Written Blocks":0,"Local Hit Blocks":0,"Local Read Blocks":0,"Local Dirtied Blocks":0,"Local Written Blocks":0,"Temp Read Blocks":288611,"Temp Written Blocks":288665,"I/O Read Time":0.0,"I/O Write Time":0.0,"Temp I/O Read Time":458.275,"Temp I/O Write Time":1194.684,"Plans":[{"Node Type":"Merge Join","Parent Relationship":"Outer","Parallel Aware":false,"Async Capable":false,"Join Type":"Inner","Startup Cost":3433817.91,"Total Cost":4074850.92,"Plan Rows":1242717,"Plan Width":26,"Actual Startup Time":31247.509,"Actual Total Time":34893.133,"Actual Rows":2218175,"Actual Loops":1,"Output":["customer.c_nationkey","order_line.ol_amount","stock.s_w_id","stock.s_i_id","nation.n_name","nation.n_nationkey"],"Inner Unique":true,"Merge Cond":"((customer.c_w_id = stock.s_w_id) AND (order_line.ol_i_id = stock.s_i_id))","Shared Hit Blocks":1196413,"Shared Read Blocks":0,"Shared Dirtied Blocks":0,"Shared Written Blocks":0,"Local Hit Blocks":0,"Local Read Blocks":0,"Local Dirtied Blocks":0,"Local Written Blocks":0,"Temp Read Blocks":288611,"Temp Written Blocks":288665,"I/O Read Time":0.0,"I/O Write Time":0.0,"Temp I/O Read Time":458.275,"Temp I/O Write Time":1194.684,"Plans":[{"Node Type":"Sort","Parent Relationship":"Outer","Parallel Aware":false,"Async Capable":false,"Startup Cost":3433817.48,"Total Cost":3436898.01,"Plan Rows":1232214,"Plan Width":30,"Actual Startup Time":31247.447,"Actual Total Time":31842.103,"Actual Rows":2218175,"Actual Loops":1,"Output":["customer.c_w_id","customer.c_nationkey","orders.o_w_id","order_line.ol_amount","order_line.ol_w_id","order_line.ol_i_id","nation.n_name","nation.n_nationkey"],"Sort Key":["customer.c_w_id","order_line.ol_i_id"],"Sort Method":"external merge","Sort Space Used":94520,"Sort Space Type":"Disk","Shared Hit Blocks":1141740,"Shared Read Blocks":0,"Shared Dirtied Blocks":0,"Shared Written Blocks":0,"Local Hit Blocks":0,"Local Read Blocks":0,"Local Dirtied Blocks":0,"Local Written Blocks":0,"Temp Read Blocks":288611,"Temp Written Blocks":288665,"I/O Read Time":0.0,"I/O Write Time":0.0,"Temp I/O Read Time":458.275,"Temp I/O Write Time":1194.684,"Plans":[{"Node Type":"Hash Join","Parent Relationship":"Outer","Parallel Aware":false,"Async Capable":false,"Join Type":"Inner","Startup Cost":805468.83,"Total Cost":3250193.65,"Plan Rows":1232214,"Plan Width":30,"Actual Startup Time":3177.47,"Actual Total Time":28393.155,"Actual Rows":2218175,"Actual Loops":1,"Output":["customer.c_w_id","customer.c_nationkey","orders.o_w_id","order_line.ol_amount","order_line.ol_w_id","order_line.ol_i_id","nation.n_name","nation.n_nationkey"],"Inner Unique":false,"Hash Cond":"(customer.c_nationkey = nation.n_nationkey)","Shared Hit Blocks":1141740,"Shared Read Blocks":0,"Shared Dirtied Blocks":0,"Shared Written Blocks":0,"Local Hit Blocks":0,"Local Read Blocks":0,"Local Dirtied Blocks":0,"Local Written Blocks":0,"Temp Read Blocks":264991,"Temp Written Blocks":264991,"I/O Read Time":0.0,"I/O Write Time":0.0,"Temp I/O Read Time":423.849,"Temp I/O Write Time":1125.721,"Plans":[{"Node Type":"Hash Join","Parent Relationship":"Outer","Parallel Aware":false,"Async Capable":false,"Join Type":"Inner","Startup Cost":805465.69,"Total Cost":3215161.84,"Plan Rows":6161071,"Plan Width":18,"Actual Startup Time":3169.739,"Actual Total Time":27451.388,"Actual Rows":8568663,"Actual Loops":1,"Output":["customer.c_w_id","customer.c_nationkey","orders.o_w_id","order_line.ol_amount","order_line.ol_w_id","order_line.ol_i_id"],"Inner Unique":true,"Hash Cond":"((orders.o_c_id = customer.c_id) AND (orders.o_w_id = customer.c_w_id) AND (orders.o_d_id = customer.c_d_id))","Shared Hit Blocks":1141738,"Shared Read Blocks":0,"Shared Dirtied Blocks":0,"Shared Written Blocks":0,"Local Hit Blocks":0,"Local Read Blocks":0,"Local Dirtied Blocks":0,"Local Written Blocks":0,"Temp Read Blocks":264991,"Temp Written Blocks":264991,"I/O Read Time":0.0,"I/O Write Time":0.0,"Temp I/O Read Time":423.849,"Temp I/O Write Time":1125.721,"Plans":[{"Node Type":"Hash Join","Parent Relationship":"Outer","Parallel Aware":false,"Async Capable":false,"Join Type":"Inner","Startup Cost":151173.84,"Total Cost":2410851.54,"Plan Rows":6161071,"Plan Width":20,"Actual Startup Time":392.514,"Actual Total Time":20002.521,"Actual Rows":8568663,"Actual Loops":1,"Output":["orders.o_c_id","orders.o_w_id","orders.o_d_id","order_line.ol_amount","order_line.ol_w_id","order_line.ol_d_id","order_line.ol_i_id"],"Inner Unique":true,"Hash Cond":"((order_line.ol_w_id = orders.o_w_id) AND (order_line.ol_d_id = orders.o_d_id) AND (order_line.ol_o_id = orders.o_id))","Shared Hit Blocks":681748,"Shared Read Blocks":0,"Shared Dirtied Blocks":0,"Shared Written Blocks":0,"Local Hit Blocks":0,"Local Read Blocks":0,"Local Dirtied Blocks":0,"Local Written Blocks":0,"Temp Read Blocks":200672,"Temp Written Blocks":200672,"I/O Read Time":0.0,"I/O Write Time":0.0,"Temp I/O Read Time":306.271,"Temp I/O Write Time":806.726,"Plans":[{"Node Type":"Seq Scan","Parent Relationship":"Outer","Parallel Aware":false,"Async Capable":false,"Relation Name":"order_line","Schema":"public","Alias":"order_line","Startup Cost":0.0,"Total Cost":1431670.8,"Plan Rows":42039468,"Plan Width":20,"Actual Startup Time":0.006,"Actual Total Time":7335.233,"Actual Rows":42000489,"Actual Loops":1,"Output":["order_line.ol_amount","order_line.ol_o_id","order_line.ol_w_id","order_line.ol_d_id","order_line.ol_i_id"],"Filter":"(order_line.ol_delivery_d >= '1992-01-02 20:10:02.27764'::timestamp without time zone)","Rows Removed by Filter":17993272,"Shared Hit Blocks":681748,"Shared Read Blocks":0,"Shared Dirtied Blocks":0,"Shared Written Blocks":0,"Local Hit Blocks":0,"Local Read Blocks":0,"Local Dirtied Blocks":0,"Local Written Blocks":0,"Temp Read Blocks":0,"Temp Written Blocks":0,"I/O Read Time":0.0,"I/O Write Time":0.0,"Temp I/O Read Time":0.0,"Temp I/O Write Time":0.0},{"Node Type":"Hash","Parent Relationship":"Inner","Parallel Aware":false,"Async Capable":false,"Startup Cost":131491.69,"Total Cost":131491.69,"Plan Rows":879323,"Plan Width":16,"Actual Startup Time":357.926,"Actual Total Time":357.937,"Actual Rows":856801,"Actual Loops":1,"Output":["orders.o_c_id","orders.o_w_id","orders.o_d_id","orders.o_id"],"Hash Buckets":262144,"Original Hash Buckets":262144,"Hash Batches":8,"Original Hash Batches":8,"Peak Memory Usage":7070,"Shared Hit Blocks":0,"Shared Read Blocks":0,"Shared Dirtied Blocks":0,"Shared Written Blocks":0,"Local Hit Blocks":0,"Local Read Blocks":0,"Local Dirtied Blocks":0,"Local Written Blocks":0,"Temp Read Blocks":0,"Temp Written Blocks":3290,"I/O Read Time":0.0,"I/O Write Time":0.0,"Temp I/O Read Time":0.0,"Temp I/O Write Time":14.887,"Plans":[{"Node Type":"Append","Parent Relationship":"Outer","Parallel Aware":false,"Async Capable":false,"Startup Cost":20.0,"Total Cost":131491.69,"Plan Rows":879323,"Plan Width":16,"Actual Startup Time":0.564,"Actual Total Time":202.514,"Actual Rows":856801,"Actual Loops":1,"Shared Hit Blocks":0,"Shared Read Blocks":0,"Shared Dirtied Blocks":0,"Shared Written Blocks":0,"Local Hit Blocks":0,"Local Read Blocks":0,"Local Dirtied Blocks":0,"Local Written Blocks":0,"Temp Read Blocks":0,"Temp Written Blocks":0,"I/O Read Time":0.0,"I/O Write Time":0.0,"Temp I/O Read Time":0.0,"Temp I/O Write Time":0.0,"Subplans Removed":0,"Plans":[{"Node Type":"Custom Scan","Parent Relationship":"Member","Custom Plan Provider":"columnar scan","Parallel Aware":false,"Async Capable":false,"Relation Name":"orders","Schema":"public","Alias":"orders","Startup Cost":20.0,"Total Cost":20684.21,"Plan Rows":879322,"Plan Width":16,"Actual Startup Time":0.563,"Actual Total Time":142.053,"Actual Rows":856801,"Actual Loops":1,"Output":["orders.o_c_id","orders.o_w_id","orders.o_d_id","orders.o_id"],"Filter":"((orders.o_entry_d < '1994-01-02 20:10:02.27764'::timestamp without time zone) AND (orders.o_entry_d >= '1993-01-02 20:10:02.27764'::timestamp without time zone))","Rows Removed by Filter":0,"Rows Removed by Columnar Filter":5143199,"Columnar cache search mode":"native","Shared Hit Blocks":0,"Shared Read Blocks":0,"Shared Dirtied Blocks":0,"Shared Written Blocks":0,"Local Hit Blocks":0,"Local Read Blocks":0,"Local Dirtied Blocks":0,"Local Written Blocks":0,"Temp Read Blocks":0,"Temp Written Blocks":0,"I/O Read Time":0.0,"I/O Write Time":0.0,"Temp I/O Read Time":0.0,"Temp I/O Write Time":0.0},{"Node Type":"Seq Scan","Parent Relationship":"Member","Parallel Aware":false,"Async Capable":false,"Relation Name":"orders","Schema":"public","Alias":"orders","Startup Cost":0.0,"Total Cost":4.01,"Plan Rows":1,"Plan Width":16,"Actual Startup Time":0.0,"Actual Total Time":0.0,"Actual Rows":0,"Actual Loops":0,"Output":["orders.o_c_id","orders.o_w_id","orders.o_d_id","orders.o_id"],"Filter":"((orders.o_entry_d < '1994-01-02 20:10:02.27764'::timestamp without time zone) AND (orders.o_entry_d >= '1993-01-02 20:10:02.27764'::timestamp without time zone))","Rows Removed by Filter":0,"Shared Hit Blocks":0,"Shared Read Blocks":0,"Shared Dirtied Blocks":0,"Shared Written Blocks":0,"Local Hit Blocks":0,"Local Read Blocks":0,"Local Dirtied Blocks":0,"Local Written Blocks":0,"Temp Read Blocks":0,"Temp Written Blocks":0,"I/O Read Time":0.0,"I/O Write Time":0.0,"Temp I/O Read Time":0.0,"Temp I/O Write Time":0.0}]}]}]},{"Node Type":"Hash","Parent Relationship":"Inner","Parallel Aware":false,"Async Capable":false,"Startup Cost":519991.4,"Total Cost":519991.4,"Plan Rows":6000140,"Plan Width":12,"Actual Startup Time":2770.059,"Actual Total Time":2770.061,"Actual Rows":6000000,"Actual Loops":1,"Output":["customer.c_id","customer.c_w_id","customer.c_d_id","customer.c_nationkey"],"Hash Buckets":262144,"Original Hash Buckets":262144,"Hash Batches":64,"Original Hash Batches":64,"Peak Memory Usage":6073,"Shared Hit Blocks":459990,"Shared Read Blocks":0,"Shared Dirtied Blocks":0,"Shared Written Blocks":0,"Local Hit Blocks":0,"Local Read Blocks":0,"Local Dirtied Blocks":0,"Local Written Blocks":0,"Temp Read Blocks":0,"Temp Written Blocks":23037,"I/O Read Time":0.0,"I/O Write Time":0.0,"Temp I/O Read Time":0.0,"Temp I/O Write Time":118.621,"Plans":[{"Node Type":"Seq Scan","Parent Relationship":"Outer","Parallel Aware":false,"Async Capable":false,"Relation Name":"customer","Schema":"public","Alias":"customer","Startup Cost":0.0,"Total Cost":519991.4,"Plan Rows":6000140,"Plan Width":12,"Actual Startup Time":0.01,"Actual Total Time":1754.607,"Actual Rows":6000000,"Actual Loops":1,"Output":["customer.c_id","customer.c_w_id","customer.c_d_id","customer.c_nationkey"],"Shared Hit Blocks":459990,"Shared Read Blocks":0,"Shared Dirtied Blocks":0,"Shared Written Blocks":0,"Local Hit Blocks":0,"Local Read Blocks":0,"Local Dirtied Blocks":0,"Local Written Blocks":0,"Temp Read Blocks":0,"Temp Written Blocks":0,"I/O Read Time":0.0,"I/O Write Time":0.0,"Temp I/O Read Time":0.0,"Temp I/O Write Time":0.0}]}]},{"Node Type":"Hash","Parent Relationship":"Inner","Parallel Aware":false,"Async Capable":false,"Startup Cost":2.99,"Total Cost":2.99,"Plan Rows":12,"Plan Width":12,"Actual Startup Time":0.042,"Actual Total Time":0.047,"Actual Rows":22,"Actual Loops":1,"Output":["nation.n_name","nation.n_nationkey"],"Hash Buckets":1024,"Original Hash Buckets":1024,"Hash Batches":1,"Original Hash Batches":1,"Peak Memory Usage":9,"Shared Hit Blocks":2,"Shared Read Blocks":0,"Shared Dirtied Blocks":0,"Shared Written Blocks":0,"Local Hit Blocks":0,"Local Read Blocks":0,"Local Dirtied Blocks":0,"Local Written Blocks":0,"Temp Read Blocks":0,"Temp Written Blocks":0,"I/O Read Time":0.0,"I/O Write Time":0.0,"Temp I/O Read Time":0.0,"Temp I/O Write Time":0.0,"Plans":[{"Node Type":"Hash Join","Parent Relationship":"Outer","Parallel Aware":false,"Async Capable":false,"Join Type":"Inner","Startup Cost":1.07,"Total Cost":2.99,"Plan Rows":12,"Plan Width":12,"Actual Startup Time":0.025,"Actual Total Time":0.04,"Actual Rows":22,"Actual Loops":1,"Output":["nation.n_name","nation.n_nationkey"],"Inner Unique":true,"Hash Cond":"(nation.n_regionkey = region.r_regionkey)","Shared Hit Blocks":2,"Shared Read Blocks":0,"Shared Dirtied Blocks":0,"Shared Written Blocks":0,"Local Hit Blocks":0,"Local Read Blocks":0,"Local Dirtied Blocks":0,"Local Written Blocks":0,"Temp Read Blocks":0,"Temp Written Blocks":0,"I/O Read Time":0.0,"I/O Write Time":0.0,"Temp I/O Read Time":0.0,"Temp I/O Write Time":0.0,"Plans":[{"Node Type":"Seq Scan","Parent Relationship":"Outer","Parallel Aware":false,"Async Capable":false,"Relation Name":"nation","Schema":"public","Alias":"nation","Startup Cost":0.0,"Total Cost":1.62,"Plan Rows":62,"Plan Width":16,"Actual Startup Time":0.004,"Actual Total Time":0.009,"Actual Rows":62,"Actual Loops":1,"Output":["nation.n_nationkey","nation.n_name","nation.n_regionkey","nation.n_comment"],"Shared Hit Blocks":1,"Shared Read Blocks":0,"Shared Dirtied Blocks":0,"Shared Written Blocks":0,"Local Hit Blocks":0,"Local Read Blocks":0,"Local Dirtied Blocks":0,"Local Written Blocks":0,"Temp Read Blocks":0,"Temp Written Blocks":0,"I/O Read Time":0.0,"I/O Write Time":0.0,"Temp I/O Read Time":0.0,"Temp I/O Write Time":0.0},{"Node Type":"Hash","Parent Relationship":"Inner","Parallel Aware":false,"Async Capable":false,"Startup Cost":1.06,"Total Cost":1.06,"Plan Rows":1,"Plan Width":4,"Actual Startup Time":0.009,"Actual Total Time":0.009,"Actual Rows":1,"Actual Loops":1,"Output":["region.r_regionkey"],"Hash Buckets":1024,"Original Hash Buckets":1024,"Hash Batches":1,"Original Hash Batches":1,"Peak Memory Usage":9,"Shared Hit Blocks":1,"Shared Read Blocks":0,"Shared Dirtied Blocks":0,"Shared Written Blocks":0,"Local Hit Blocks":0,"Local Read Blocks":0,"Local Dirtied Blocks":0,"Local Written Blocks":0,"Temp Read Blocks":0,"Temp Written Blocks":0,"I/O Read Time":0.0,"I/O Write Time":0.0,"Temp I/O Read Time":0.0,"Temp I/O Write Time":0.0,"Plans":[{"Node Type":"Seq Scan","Parent Relationship":"Outer","Parallel Aware":false,"Async Capable":false,"Relation Name":"region","Schema":"public","Alias":"region","Startup Cost":0.0,"Total Cost":1.06,"Plan Rows":1,"Plan Width":4,"Actual Startup Time":0.007,"Actual Total Time":0.007,"Actual Rows":1,"Actual Loops":1,"Output":["region.r_regionkey"],"Filter":"((region.r_name)::text = 'Europe'::text)","Rows Removed by Filter":4,"Shared Hit Blocks":1,"Shared Read Blocks":0,"Shared Dirtied Blocks":0,"Shared Written Blocks":0,"Local Hit Blocks":0,"Local Read Blocks":0,"Local Dirtied Blocks":0,"Local Written Blocks":0,"Temp Read Blocks":0,"Temp Written Blocks":0,"I/O Read Time":0.0,"I/O Write Time":0.0,"Temp I/O Read Time":0.0,"Temp I/O Write Time":0.0}]}]}]}]}]},{"Node Type":"Index Only Scan","Parent Relationship":"Inner","Parallel Aware":false,"Async Capable":false,"Scan Direction":"Forward","Index Name":"stock_pk","Relation Name":"stock","Schema":"public","Alias":"stock","Startup Cost":0.44,"Total Cost":519363.62,"Plan Rows":20000212,"Plan Width":6,"Actual Startup Time":0.049,"Actual Total Time":1405.719,"Actual Rows":19999994,"Actual Loops":1,"Output":["stock.s_w_id","stock.s_i_id"],"Heap Fetches":0,"Shared Hit Blocks":54673,"Shared Read Blocks":0,"Shared Dirtied Blocks":0,"Shared Written Blocks":0,"Local Hit Blocks":0,"Local Read Blocks":0,"Local Dirtied Blocks":0,"Local Written Blocks":0,"Temp Read Blocks":0,"Temp Written Blocks":0,"I/O Read Time":0.0,"I/O Write Time":0.0,"Temp I/O Read Time":0.0,"Temp I/O Write Time":0.0}]},{"Node Type":"Hash","Parent Relationship":"Inner","Parallel Aware":false,"Async Capable":false,"Startup Cost":317.0,"Total Cost":317.0,"Plan Rows":10000,"Plan Width":8,"Actual Startup Time":2.676,"Actual Total Time":2.677,"Actual Rows":10000,"Actual Loops":1,"Output":["supplier.su_suppkey","supplier.su_nationkey"],"Hash Buckets":16384,"Original Hash Buckets":16384,"Hash Batches":1,"Original Hash Batches":1,"Peak Memory Usage":519,"Shared Hit Blocks":217,"Shared Read Blocks":0,"Shared Dirtied Blocks":0,"Shared Written Blocks":0,"Local Hit Blocks":0,"Local Read Blocks":0,"Local Dirtied Blocks":0,"Local Written Blocks":0,"Temp Read Blocks":0,"Temp Written Blocks":0,"I/O Read Time":0.0,"I/O Write Time":0.0,"Temp I/O Read Time":0.0,"Temp I/O Write Time":0.0,"Plans":[{"Node Type":"Seq Scan","Parent Relationship":"Outer","Parallel Aware":false,"Async Capable":false,"Relation Name":"supplier","Schema":"public","Alias":"supplier","Startup Cost":0.0,"Total Cost":317.0,"Plan Rows":10000,"Plan Width":8,"Actual Startup Time":0.011,"Actual Total Time":1.336,"Actual Rows":10000,"Actual Loops":1,"Output":["supplier.su_suppkey","supplier.su_nationkey"],"Shared Hit Blocks":217,"Shared Read Blocks":0,"Shared Dirtied Blocks":0,"Shared Written Blocks":0,"Local Hit Blocks":0,"Local Read Blocks":0,"Local Dirtied Blocks":0,"Local Written Blocks":0,"Temp Read Blocks":0,"Temp Written Blocks":0,"I/O Read Time":0.0,"I/O Write Time":0.0,"Temp I/O Read Time":0.0,"Temp I/O Write Time":0.0}]}]}]}]}]},"Planning":{"Shared Hit Blocks":220,"Shared Read Blocks":0,"Shared Dirtied Blocks":0,"Shared Written Blocks":0,"Local Hit Blocks":0,"Local Read Blocks":0,"Local Dirtied Blocks":0,"Local Written Blocks":0,"Temp Read Blocks":0,"Temp Written Blocks":0,"I/O Read Time":0.0,"I/O Write Time":0.0,"Temp I/O Read Time":0.0,"Temp I/O Write Time":0.0},"Planning Time":5.387,"Triggers":[],"Execution Time":35216.578}]
[列存组合]: nation, orders, region, supplier
[{"Plan":{"Node Type":"Sort","Parallel Aware":false,"Async Capable":false,"Startup Cost":4083648.03,"Total Cost":4083648.18,"Plan Rows":62,"Plan Width":40,"Actual Startup Time":34487.998,"Actual Total Time":34488.027,"Actual Rows":11,"Actual Loops":1,"Output":["nation.n_name","(sum(order_line.ol_amount))"],"Sort Key":["(sum(order_line.ol_amount)) DESC"],"Sort Method":"quicksort","Sort Space Used":25,"Sort Space Type":"Memory","Shared Hit Blocks":1196413,"Shared Read Blocks":0,"Shared Dirtied Blocks":0,"Shared Written Blocks":0,"Local Hit Blocks":0,"Local Read Blocks":0,"Local Dirtied Blocks":0,"Local Written Blocks":0,"Temp Read Blocks":288611,"Temp Written Blocks":288665,"I/O Read Time":0.0,"I/O Write Time":0.0,"Temp I/O Read Time":441.237,"Temp I/O Write Time":1168.988,"Plans":[{"Node Type":"Aggregate","Strategy":"Sorted","Partial Mode":"Simple","Parent Relationship":"Outer","Parallel Aware":false,"Async Capable":false,"Startup Cost":4083494.39,"Total Cost":4083646.18,"Plan Rows":62,"Plan Width":40,"Actual Startup Time":34482.054,"Actual Total Time":34488.01,"Actual Rows":11,"Actual Loops":1,"Output":["nation.n_name","sum(order_line.ol_amount)"],"Group Key":["nation.n_name"],"Shared Hit Blocks":1196413,"Shared Read Blocks":0,"Shared Dirtied Blocks":0,"Shared Written Blocks":0,"Local Hit Blocks":0,"Local Read Blocks":0,"Local Dirtied Blocks":0,"Local Written Blocks":0,"Temp Read Blocks":288611,"Temp Written Blocks":288665,"I/O Read Time":0.0,"I/O Write Time":0.0,"Temp I/O Read Time":441.237,"Temp I/O Write Time":1168.988,"Plans":[{"Node Type":"Sort","Parent Relationship":"Outer","Parallel Aware":false,"Async Capable":false,"Startup Cost":4083494.39,"Total Cost":4083544.73,"Plan Rows":20136,"Plan Width":12,"Actual Startup Time":34481.614,"Actual Total Time":34483.439,"Actual Rows":35044,"Actual Loops":1,"Output":["nation.n_name","order_line.ol_amount"],"Sort Key":["nation.n_name"],"Sort Method":"quicksort","Sort Space Used":3146,"Sort Space Type":"Memory","Shared Hit Blocks":1196413,"Shared Read Blocks":0,"Shared Dirtied Blocks":0,"Shared Written Blocks":0,"Local Hit Blocks":0,"Local Read Blocks":0,"Local Dirtied Blocks":0,"Local Written Blocks":0,"Temp Read Blocks":288611,"Temp Written Blocks":288665,"I/O Read Time":0.0,"I/O Write Time":0.0,"Temp I/O Read Time":441.237,"Temp I/O Write Time":1168.988,"Plans":[{"Node Type":"Hash Join","Parent Relationship":"Outer","Parallel Aware":false,"Async Capable":false,"Join Type":"Inner","Startup Cost":3434186.94,"Total Cost":4082054.92,"Plan Rows":20136,"Plan Width":12,"Actual Startup Time":30554.106,"Actual Total Time":34462.322,"Actual Rows":35044,"Actual Loops":1,"Output":["nation.n_name","order_line.ol_amount"],"Inner Unique":true,"Hash Cond":"((mod((stock.s_w_id * stock.s_i_id), 10000) = supplier.su_suppkey) AND (customer.c_nationkey = supplier.su_nationkey))","Shared Hit Blocks":1196413,"Shared Read Blocks":0,"Shared Dirtied Blocks":0,"Shared Written Blocks":0,"Local Hit Blocks":0,"Local Read Blocks":0,"Local Dirtied Blocks":0,"Local Written Blocks":0,"Temp Read Blocks":288611,"Temp Written Blocks":288665,"I/O Read Time":0.0,"I/O Write Time":0.0,"Temp I/O Read Time":441.237,"Temp I/O Write Time":1168.988,"Plans":[{"Node Type":"Merge Join","Parent Relationship":"Outer","Parallel Aware":false,"Async Capable":false,"Join Type":"Inner","Startup Cost":3433817.91,"Total Cost":4074850.92,"Plan Rows":1242717,"Plan Width":26,"Actual Startup Time":30550.505,"Actual Total Time":34178.685,"Actual Rows":2218175,"Actual Loops":1,"Output":["customer.c_nationkey","order_line.ol_amount","stock.s_w_id","stock.s_i_id","nation.n_name","nation.n_nationkey"],"Inner Unique":true,"Merge Cond":"((customer.c_w_id = stock.s_w_id) AND (order_line.ol_i_id = stock.s_i_id))","Shared Hit Blocks":1196413,"Shared Read Blocks":0,"Shared Dirtied Blocks":0,"Shared Written Blocks":0,"Local Hit Blocks":0,"Local Read Blocks":0,"Local Dirtied Blocks":0,"Local Written Blocks":0,"Temp Read Blocks":288611,"Temp Written Blocks":288665,"I/O Read Time":0.0,"I/O Write Time":0.0,"Temp I/O Read Time":441.237,"Temp I/O Write Time":1168.988,"Plans":[{"Node Type":"Sort","Parent Relationship":"Outer","Parallel Aware":false,"Async Capable":false,"Startup Cost":3433817.48,"Total Cost":3436898.01,"Plan Rows":1232214,"Plan Width":30,"Actual Startup Time":30550.446,"Actual Total Time":31147.171,"Actual Rows":2218175,"Actual Loops":1,"Output":["customer.c_w_id","customer.c_nationkey","orders.o_w_id","order_line.ol_amount","order_line.ol_w_id","order_line.ol_i_id","nation.n_name","nation.n_nationkey"],"Sort Key":["customer.c_w_id","order_line.ol_i_id"],"Sort Method":"external merge","Sort Space Used":94520,"Sort Space Type":"Disk","Shared Hit Blocks":1141740,"Shared Read Blocks":0,"Shared Dirtied Blocks":0,"Shared Written Blocks":0,"Local Hit Blocks":0,"Local Read Blocks":0,"Local Dirtied Blocks":0,"Local Written Blocks":0,"Temp Read Blocks":288611,"Temp Written Blocks":288665,"I/O Read Time":0.0,"I/O Write Time":0.0,"Temp I/O Read Time":441.237,"Temp I/O Write Time":1168.988,"Plans":[{"Node Type":"Hash Join","Parent Relationship":"Outer","Parallel Aware":false,"Async Capable":false,"Join Type":"Inner","Startup Cost":805468.83,"Total Cost":3250193.65,"Plan Rows":1232214,"Plan Width":30,"Actual Startup Time":3174.072,"Actual Total Time":27926.833,"Actual Rows":2218175,"Actual Loops":1,"Output":["customer.c_w_id","customer.c_nationkey","orders.o_w_id","order_line.ol_amount","order_line.ol_w_id","order_line.ol_i_id","nation.n_name","nation.n_nationkey"],"Inner Unique":false,"Hash Cond":"(customer.c_nationkey = nation.n_nationkey)","Shared Hit Blocks":1141740,"Shared Read Blocks":0,"Shared Dirtied Blocks":0,"Shared Written Blocks":0,"Local Hit Blocks":0,"Local Read Blocks":0,"Local Dirtied Blocks":0,"Local Written Blocks":0,"Temp Read Blocks":264991,"Temp Written Blocks":264991,"I/O Read Time":0.0,"I/O Write Time":0.0,"Temp I/O Read Time":405.426,"Temp I/O Write Time":1106.338,"Plans":[{"Node Type":"Hash Join","Parent Relationship":"Outer","Parallel Aware":false,"Async Capable":false,"Join Type":"Inner","Startup Cost":805465.69,"Total Cost":3215161.84,"Plan Rows":6161071,"Plan Width":18,"Actual Startup Time":3166.333,"Actual Total Time":27090.964,"Actual Rows":8568663,"Actual Loops":1,"Output":["customer.c_w_id","customer.c_nationkey","orders.o_w_id","order_line.ol_amount","order_line.ol_w_id","order_line.ol_i_id"],"Inner Unique":true,"Hash Cond":"((orders.o_c_id = customer.c_id) AND (orders.o_w_id = customer.c_w_id) AND (orders.o_d_id = customer.c_d_id))","Shared Hit Blocks":1141738,"Shared Read Blocks":0,"Shared Dirtied Blocks":0,"Shared Written Blocks":0,"Local Hit Blocks":0,"Local Read Blocks":0,"Local Dirtied Blocks":0,"Local Written Blocks":0,"Temp Read Blocks":264991,"Temp Written Blocks":264991,"I/O Read Time":0.0,"I/O Write Time":0.0,"Temp I/O Read Time":405.426,"Temp I/O Write Time":1106.338,"Plans":[{"Node Type":"Hash Join","Parent Relationship":"Outer","Parallel Aware":false,"Async Capable":false,"Join Type":"Inner","Startup Cost":151173.84,"Total Cost":2410851.54,"Plan Rows":6161071,"Plan Width":20,"Actual Startup Time":384.71,"Actual Total Time":19994.338,"Actual Rows":8568663,"Actual Loops":1,"Output":["orders.o_c_id","orders.o_w_id","orders.o_d_id","order_line.ol_amount","order_line.ol_w_id","order_line.ol_d_id","order_line.ol_i_id"],"Inner Unique":true,"Hash Cond":"((order_line.ol_w_id = orders.o_w_id) AND (order_line.ol_d_id = orders.o_d_id) AND (order_line.ol_o_id = orders.o_id))","Shared Hit Blocks":681748,"Shared Read Blocks":0,"Shared Dirtied Blocks":0,"Shared Written Blocks":0,"Local Hit Blocks":0,"Local Read Blocks":0,"Local Dirtied Blocks":0,"Local Written Blocks":0,"Temp Read Blocks":200672,"Temp Written Blocks":200672,"I/O Read Time":0.0,"I/O Write Time":0.0,"Temp I/O Read Time":304.621,"Temp I/O Write Time":796.322,"Plans":[{"Node Type":"Seq Scan","Parent Relationship":"Outer","Parallel Aware":false,"Async Capable":false,"Relation Name":"order_line","Schema":"public","Alias":"order_line","Startup Cost":0.0,"Total Cost":1431670.8,"Plan Rows":42039468,"Plan Width":20,"Actual Startup Time":0.005,"Actual Total Time":7309.336,"Actual Rows":42000489,"Actual Loops":1,"Output":["order_line.ol_amount","order_line.ol_o_id","order_line.ol_w_id","order_line.ol_d_id","order_line.ol_i_id"],"Filter":"(order_line.ol_delivery_d >= '1992-01-02 20:10:02.27764'::timestamp without time zone)","Rows Removed by Filter":17993272,"Shared Hit Blocks":681748,"Shared Read Blocks":0,"Shared Dirtied Blocks":0,"Shared Written Blocks":0,"Local Hit Blocks":0,"Local Read Blocks":0,"Local Dirtied Blocks":0,"Local Written Blocks":0,"Temp Read Blocks":0,"Temp Written Blocks":0,"I/O Read Time":0.0,"I/O Write Time":0.0,"Temp I/O Read Time":0.0,"Temp I/O Write Time":0.0},{"Node Type":"Hash","Parent Relationship":"Inner","Parallel Aware":false,"Async Capable":false,"Startup Cost":131491.69,"Total Cost":131491.69,"Plan Rows":879323,"Plan Width":16,"Actual Startup Time":350.287,"Actual Total Time":350.297,"Actual Rows":856801,"Actual Loops":1,"Output":["orders.o_c_id","orders.o_w_id","orders.o_d_id","orders.o_id"],"Hash Buckets":262144,"Original Hash Buckets":262144,"Hash Batches":8,"Original Hash Batches":8,"Peak Memory Usage":7070,"Shared Hit Blocks":0,"Shared Read Blocks":0,"Shared Dirtied Blocks":0,"Shared Written Blocks":0,"Local Hit Blocks":0,"Local Read Blocks":0,"Local Dirtied Blocks":0,"Local Written Blocks":0,"Temp Read Blocks":0,"Temp Written Blocks":3290,"I/O Read Time":0.0,"I/O Write Time":0.0,"Temp I/O Read Time":0.0,"Temp I/O Write Time":13.99,"Plans":[{"Node Type":"Append","Parent Relationship":"Outer","Parallel Aware":false,"Async Capable":false,"Startup Cost":20.0,"Total Cost":131491.69,"Plan Rows":879323,"Plan Width":16,"Actual Startup Time":0.511,"Actual Total Time":200.351,"Actual Rows":856801,"Actual Loops":1,"Shared Hit Blocks":0,"Shared Read Blocks":0,"Shared Dirtied Blocks":0,"Shared Written Blocks":0,"Local Hit Blocks":0,"Local Read Blocks":0,"Local Dirtied Blocks":0,"Local Written Blocks":0,"Temp Read Blocks":0,"Temp Written Blocks":0,"I/O Read Time":0.0,"I/O Write Time":0.0,"Temp I/O Read Time":0.0,"Temp I/O Write Time":0.0,"Subplans Removed":0,"Plans":[{"Node Type":"Custom Scan","Parent Relationship":"Member","Custom Plan Provider":"columnar scan","Parallel Aware":false,"Async Capable":false,"Relation Name":"orders","Schema":"public","Alias":"orders","Startup Cost":20.0,"Total Cost":20684.21,"Plan Rows":879322,"Plan Width":16,"Actual Startup Time":0.51,"Actual Total Time":140.261,"Actual Rows":856801,"Actual Loops":1,"Output":["orders.o_c_id","orders.o_w_id","orders.o_d_id","orders.o_id"],"Filter":"((orders.o_entry_d < '1994-01-02 20:10:02.27764'::timestamp without time zone) AND (orders.o_entry_d >= '1993-01-02 20:10:02.27764'::timestamp without time zone))","Rows Removed by Filter":0,"Rows Removed by Columnar Filter":5143199,"Columnar cache search mode":"native","Shared Hit Blocks":0,"Shared Read Blocks":0,"Shared Dirtied Blocks":0,"Shared Written Blocks":0,"Local Hit Blocks":0,"Local Read Blocks":0,"Local Dirtied Blocks":0,"Local Written Blocks":0,"Temp Read Blocks":0,"Temp Written Blocks":0,"I/O Read Time":0.0,"I/O Write Time":0.0,"Temp I/O Read Time":0.0,"Temp I/O Write Time":0.0},{"Node Type":"Seq Scan","Parent Relationship":"Member","Parallel Aware":false,"Async Capable":false,"Relation Name":"orders","Schema":"public","Alias":"orders","Startup Cost":0.0,"Total Cost":4.01,"Plan Rows":1,"Plan Width":16,"Actual Startup Time":0.0,"Actual Total Time":0.0,"Actual Rows":0,"Actual Loops":0,"Output":["orders.o_c_id","orders.o_w_id","orders.o_d_id","orders.o_id"],"Filter":"((orders.o_entry_d < '1994-01-02 20:10:02.27764'::timestamp without time zone) AND (orders.o_entry_d >= '1993-01-02 20:10:02.27764'::timestamp without time zone))","Rows Removed by Filter":0,"Shared Hit Blocks":0,"Shared Read Blocks":0,"Shared Dirtied Blocks":0,"Shared Written Blocks":0,"Local Hit Blocks":0,"Local Read Blocks":0,"Local Dirtied Blocks":0,"Local Written Blocks":0,"Temp Read Blocks":0,"Temp Written Blocks":0,"I/O Read Time":0.0,"I/O Write Time":0.0,"Temp I/O Read Time":0.0,"Temp I/O Write Time":0.0}]}]}]},{"Node Type":"Hash","Parent Relationship":"Inner","Parallel Aware":false,"Async Capable":false,"Startup Cost":519991.4,"Total Cost":519991.4,"Plan Rows":6000140,"Plan Width":12,"Actual Startup Time":2774.606,"Actual Total Time":2774.608,"Actual Rows":6000000,"Actual Loops":1,"Output":["customer.c_id","customer.c_w_id","customer.c_d_id","customer.c_nationkey"],"Hash Buckets":262144,"Original Hash Buckets":262144,"Hash Batches":64,"Original Hash Batches":64,"Peak Memory Usage":6073,"Shared Hit Blocks":459990,"Shared Read Blocks":0,"Shared Dirtied Blocks":0,"Shared Written Blocks":0,"Local Hit Blocks":0,"Local Read Blocks":0,"Local Dirtied Blocks":0,"Local Written Blocks":0,"Temp Read Blocks":0,"Temp Written Blocks":23037,"I/O Read Time":0.0,"I/O Write Time":0.0,"Temp I/O Read Time":0.0,"Temp I/O Write Time":112.389,"Plans":[{"Node Type":"Seq Scan","Parent Relationship":"Outer","Parallel Aware":false,"Async Capable":false,"Relation Name":"customer","Schema":"public","Alias":"customer","Startup Cost":0.0,"Total Cost":519991.4,"Plan Rows":6000140,"Plan Width":12,"Actual Startup Time":0.009,"Actual Total Time":1764.931,"Actual Rows":6000000,"Actual Loops":1,"Output":["customer.c_id","customer.c_w_id","customer.c_d_id","customer.c_nationkey"],"Shared Hit Blocks":459990,"Shared Read Blocks":0,"Shared Dirtied Blocks":0,"Shared Written Blocks":0,"Local Hit Blocks":0,"Local Read Blocks":0,"Local Dirtied Blocks":0,"Local Written Blocks":0,"Temp Read Blocks":0,"Temp Written Blocks":0,"I/O Read Time":0.0,"I/O Write Time":0.0,"Temp I/O Read Time":0.0,"Temp I/O Write Time":0.0}]}]},{"Node Type":"Hash","Parent Relationship":"Inner","Parallel Aware":false,"Async Capable":false,"Startup Cost":2.99,"Total Cost":2.99,"Plan Rows":12,"Plan Width":12,"Actual Startup Time":0.043,"Actual Total Time":0.048,"Actual Rows":22,"Actual Loops":1,"Output":["nation.n_name","nation.n_nationkey"],"Hash Buckets":1024,"Original Hash Buckets":1024,"Hash Batches":1,"Original Hash Batches":1,"Peak Memory Usage":9,"Shared Hit Blocks":2,"Shared Read Blocks":0,"Shared Dirtied Blocks":0,"Shared Written Blocks":0,"Local Hit Blocks":0,"Local Read Blocks":0,"Local Dirtied Blocks":0,"Local Written Blocks":0,"Temp Read Blocks":0,"Temp Written Blocks":0,"I/O Read Time":0.0,"I/O Write Time":0.0,"Temp I/O Read Time":0.0,"Temp I/O Write Time":0.0,"Plans":[{"Node Type":"Hash Join","Parent Relationship":"Outer","Parallel Aware":false,"Async Capable":false,"Join Type":"Inner","Startup Cost":1.07,"Total Cost":2.99,"Plan Rows":12,"Plan Width":12,"Actual Startup Time":0.026,"Actual Total Time":0.041,"Actual Rows":22,"Actual Loops":1,"Output":["nation.n_name","nation.n_nationkey"],"Inner Unique":true,"Hash Cond":"(nation.n_regionkey = region.r_regionkey)","Shared Hit Blocks":2,"Shared Read Blocks":0,"Shared Dirtied Blocks":0,"Shared Written Blocks":0,"Local Hit Blocks":0,"Local Read Blocks":0,"Local Dirtied Blocks":0,"Local Written Blocks":0,"Temp Read Blocks":0,"Temp Written Blocks":0,"I/O Read Time":0.0,"I/O Write Time":0.0,"Temp I/O Read Time":0.0,"Temp I/O Write Time":0.0,"Plans":[{"Node Type":"Seq Scan","Parent Relationship":"Outer","Parallel Aware":false,"Async Capable":false,"Relation Name":"nation","Schema":"public","Alias":"nation","Startup Cost":0.0,"Total Cost":1.62,"Plan Rows":62,"Plan Width":16,"Actual Startup Time":0.007,"Actual Total Time":0.011,"Actual Rows":62,"Actual Loops":1,"Output":["nation.n_nationkey","nation.n_name","nation.n_regionkey","nation.n_comment"],"Shared Hit Blocks":1,"Shared Read Blocks":0,"Shared Dirtied Blocks":0,"Shared Written Blocks":0,"Local Hit Blocks":0,"Local Read Blocks":0,"Local Dirtied Blocks":0,"Local Written Blocks":0,"Temp Read Blocks":0,"Temp Written Blocks":0,"I/O Read Time":0.0,"I/O Write Time":0.0,"Temp I/O Read Time":0.0,"Temp I/O Write Time":0.0},{"Node Type":"Hash","Parent Relationship":"Inner","Parallel Aware":false,"Async Capable":false,"Startup Cost":1.06,"Total Cost":1.06,"Plan Rows":1,"Plan Width":4,"Actual Startup Time":0.009,"Actual Total Time":0.01,"Actual Rows":1,"Actual Loops":1,"Output":["region.r_regionkey"],"Hash Buckets":1024,"Original Hash Buckets":1024,"Hash Batches":1,"Original Hash Batches":1,"Peak Memory Usage":9,"Shared Hit Blocks":1,"Shared Read Blocks":0,"Shared Dirtied Blocks":0,"Shared Written Blocks":0,"Local Hit Blocks":0,"Local Read Blocks":0,"Local Dirtied Blocks":0,"Local Written Blocks":0,"Temp Read Blocks":0,"Temp Written Blocks":0,"I/O Read Time":0.0,"I/O Write Time":0.0,"Temp I/O Read Time":0.0,"Temp I/O Write Time":0.0,"Plans":[{"Node Type":"Seq Scan","Parent Relationship":"Outer","Parallel Aware":false,"Async Capable":false,"Relation Name":"region","Schema":"public","Alias":"region","Startup Cost":0.0,"Total Cost":1.06,"Plan Rows":1,"Plan Width":4,"Actual Startup Time":0.007,"Actual Total Time":0.007,"Actual Rows":1,"Actual Loops":1,"Output":["region.r_regionkey"],"Filter":"((region.r_name)::text = 'Europe'::text)","Rows Removed by Filter":4,"Shared Hit Blocks":1,"Shared Read Blocks":0,"Shared Dirtied Blocks":0,"Shared Written Blocks":0,"Local Hit Blocks":0,"Local Read Blocks":0,"Local Dirtied Blocks":0,"Local Written Blocks":0,"Temp Read Blocks":0,"Temp Written Blocks":0,"I/O Read Time":0.0,"I/O Write Time":0.0,"Temp I/O Read Time":0.0,"Temp I/O Write Time":0.0}]}]}]}]}]},{"Node Type":"Index Only Scan","Parent Relationship":"Inner","Parallel Aware":false,"Async Capable":false,"Scan Direction":"Forward","Index Name":"stock_pk","Relation Name":"stock","Schema":"public","Alias":"stock","Startup Cost":0.44,"Total Cost":519363.62,"Plan Rows":20000212,"Plan Width":6,"Actual Startup Time":0.045,"Actual Total Time":1395.823,"Actual Rows":19999994,"Actual Loops":1,"Output":["stock.s_w_id","stock.s_i_id"],"Heap Fetches":0,"Shared Hit Blocks":54673,"Shared Read Blocks":0,"Shared Dirtied Blocks":0,"Shared Written Blocks":0,"Local Hit Blocks":0,"Local Read Blocks":0,"Local Dirtied Blocks":0,"Local Written Blocks":0,"Temp Read Blocks":0,"Temp Written Blocks":0,"I/O Read Time":0.0,"I/O Write Time":0.0,"Temp I/O Read Time":0.0,"Temp I/O Write Time":0.0}]},{"Node Type":"Hash","Parent Relationship":"Inner","Parallel Aware":false,"Async Capable":false,"Startup Cost":219.01,"Total Cost":219.01,"Plan Rows":10001,"Plan Width":8,"Actual Startup Time":3.166,"Actual Total Time":3.168,"Actual Rows":10000,"Actual Loops":1,"Output":["supplier.su_suppkey","supplier.su_nationkey"],"Hash Buckets":16384,"Original Hash Buckets":16384,"Hash Batches":1,"Original Hash Batches":1,"Peak Memory Usage":519,"Shared Hit Blocks":0,"Shared Read Blocks":0,"Shared Dirtied Blocks":0,"Shared Written Blocks":0,"Local Hit Blocks":0,"Local Read Blocks":0,"Local Dirtied Blocks":0,"Local Written Blocks":0,"Temp Read Blocks":0,"Temp Written Blocks":0,"I/O Read Time":0.0,"I/O Write Time":0.0,"Temp I/O Read Time":0.0,"Temp I/O Write Time":0.0,"Plans":[{"Node Type":"Append","Parent Relationship":"Outer","Parallel Aware":false,"Async Capable":false,"Startup Cost":20.0,"Total Cost":219.01,"Plan Rows":10001,"Plan Width":8,"Actual Startup Time":0.014,"Actual Total Time":1.801,"Actual Rows":10000,"Actual Loops":1,"Shared Hit Blocks":0,"Shared Read Blocks":0,"Shared Dirtied Blocks":0,"Shared Written Blocks":0,"Local Hit Blocks":0,"Local Read Blocks":0,"Local Dirtied Blocks":0,"Local Written Blocks":0,"Temp Read Blocks":0,"Temp Written Blocks":0,"I/O Read Time":0.0,"I/O Write Time":0.0,"Temp I/O Read Time":0.0,"Temp I/O Write Time":0.0,"Subplans Removed":0,"Plans":[{"Node Type":"Custom Scan","Parent Relationship":"Member","Custom Plan Provider":"columnar scan","Parallel Aware":false,"Async Capable":false,"Relation Name":"supplier","Schema":"public","Alias":"supplier","Startup Cost":20.0,"Total Cost":215.0,"Plan Rows":10000,"Plan Width":8,"Actual Startup Time":0.012,"Actual Total Time":1.095,"Actual Rows":10000,"Actual Loops":1,"Output":["supplier.su_suppkey","supplier.su_nationkey"],"Rows Removed by Columnar Filter":0,"Columnar cache search mode":"native","Shared Hit Blocks":0,"Shared Read Blocks":0,"Shared Dirtied Blocks":0,"Shared Written Blocks":0,"Local Hit Blocks":0,"Local Read Blocks":0,"Local Dirtied Blocks":0,"Local Written Blocks":0,"Temp Read Blocks":0,"Temp Written Blocks":0,"I/O Read Time":0.0,"I/O Write Time":0.0,"Temp I/O Read Time":0.0,"Temp I/O Write Time":0.0},{"Node Type":"Seq Scan","Parent Relationship":"Member","Parallel Aware":false,"Async Capable":false,"Relation Name":"supplier","Schema":"public","Alias":"supplier","Startup Cost":0.0,"Total Cost":4.01,"Plan Rows":1,"Plan Width":8,"Actual Startup Time":0.0,"Actual Total Time":0.0,"Actual Rows":0,"Actual Loops":0,"Output":["supplier.su_suppkey","supplier.su_nationkey"],"Shared Hit Blocks":0,"Shared Read Blocks":0,"Shared Dirtied Blocks":0,"Shared Written Blocks":0,"Local Hit Blocks":0,"Local Read Blocks":0,"Local Dirtied Blocks":0,"Local Written Blocks":0,"Temp Read Blocks":0,"Temp Written Blocks":0,"I/O Read Time":0.0,"I/O Write Time":0.0,"Temp I/O Read Time":0.0,"Temp I/O Write Time":0.0}]}]}]}]}]}]},"Planning":{"Shared Hit Blocks":220,"Shared Read Blocks":0,"Shared Dirtied Blocks":0,"Shared Written Blocks":0,"Local Hit Blocks":0,"Local Read Blocks":0,"Local Dirtied Blocks":0,"Local Written Blocks":0,"Temp Read Blocks":0,"Temp Written Blocks":0,"I/O Read Time":0.0,"I/O Write Time":0.0,"Temp I/O Read Time":0.0,"Temp I/O Write Time":0.0},"Planning Time":4.494,"Triggers":[],"Execution Time":34502.877}]
[列存组合]: nation, orders, stock, supplier
[{"Plan":{"Node Type":"Sort","Parallel Aware":false,"Async Capable":false,"Startup Cost":4083648.03,"Total Cost":4083648.18,"Plan Rows":62,"Plan Width":40,"Actual Startup Time":34567.13,"Actual Total Time":34567.159,"Actual Rows":11,"Actual Loops":1,"Output":["nation.n_name","(sum(order_line.ol_amount))"],"Sort Key":["(sum(order_line.ol_amount)) DESC"],"Sort Method":"quicksort","Sort Space Used":25,"Sort Space Type":"Memory","Shared Hit Blocks":1196413,"Shared Read Blocks":0,"Shared Dirtied Blocks":0,"Shared Written Blocks":0,"Local Hit Blocks":0,"Local Read Blocks":0,"Local Dirtied Blocks":0,"Local Written Blocks":0,"Temp Read Blocks":288611,"Temp Written Blocks":288665,"I/O Read Time":0.0,"I/O Write Time":0.0,"Temp I/O Read Time":443.122,"Temp I/O Write Time":1173.194,"Plans":[{"Node Type":"Aggregate","Strategy":"Sorted","Partial Mode":"Simple","Parent Relationship":"Outer","Parallel Aware":false,"Async Capable":false,"Startup Cost":4083494.39,"Total Cost":4083646.18,"Plan Rows":62,"Plan Width":40,"Actual Startup Time":34561.179,"Actual Total Time":34567.142,"Actual Rows":11,"Actual Loops":1,"Output":["nation.n_name","sum(order_line.ol_amount)"],"Group Key":["nation.n_name"],"Shared Hit Blocks":1196413,"Shared Read Blocks":0,"Shared Dirtied Blocks":0,"Shared Written Blocks":0,"Local Hit Blocks":0,"Local Read Blocks":0,"Local Dirtied Blocks":0,"Local Written Blocks":0,"Temp Read Blocks":288611,"Temp Written Blocks":288665,"I/O Read Time":0.0,"I/O Write Time":0.0,"Temp I/O Read Time":443.122,"Temp I/O Write Time":1173.194,"Plans":[{"Node Type":"Sort","Parent Relationship":"Outer","Parallel Aware":false,"Async Capable":false,"Startup Cost":4083494.39,"Total Cost":4083544.73,"Plan Rows":20136,"Plan Width":12,"Actual Startup Time":34560.736,"Actual Total Time":34562.577,"Actual Rows":35044,"Actual Loops":1,"Output":["nation.n_name","order_line.ol_amount"],"Sort Key":["nation.n_name"],"Sort Method":"quicksort","Sort Space Used":3146,"Sort Space Type":"Memory","Shared Hit Blocks":1196413,"Shared Read Blocks":0,"Shared Dirtied Blocks":0,"Shared Written Blocks":0,"Local Hit Blocks":0,"Local Read Blocks":0,"Local Dirtied Blocks":0,"Local Written Blocks":0,"Temp Read Blocks":288611,"Temp Written Blocks":288665,"I/O Read Time":0.0,"I/O Write Time":0.0,"Temp I/O Read Time":443.122,"Temp I/O Write Time":1173.194,"Plans":[{"Node Type":"Hash Join","Parent Relationship":"Outer","Parallel Aware":false,"Async Capable":false,"Join Type":"Inner","Startup Cost":3434186.94,"Total Cost":4082054.92,"Plan Rows":20136,"Plan Width":12,"Actual Startup Time":30606.236,"Actual Total Time":34541.402,"Actual Rows":35044,"Actual Loops":1,"Output":["nation.n_name","order_line.ol_amount"],"Inner Unique":true,"Hash Cond":"((mod((stock.s_w_id * stock.s_i_id), 10000) = supplier.su_suppkey) AND (customer.c_nationkey = supplier.su_nationkey))","Shared Hit Blocks":1196413,"Shared Read Blocks":0,"Shared Dirtied Blocks":0,"Shared Written Blocks":0,"Local Hit Blocks":0,"Local Read Blocks":0,"Local Dirtied Blocks":0,"Local Written Blocks":0,"Temp Read Blocks":288611,"Temp Written Blocks":288665,"I/O Read Time":0.0,"I/O Write Time":0.0,"Temp I/O Read Time":443.122,"Temp I/O Write Time":1173.194,"Plans":[{"Node Type":"Merge Join","Parent Relationship":"Outer","Parallel Aware":false,"Async Capable":false,"Join Type":"Inner","Startup Cost":3433817.91,"Total Cost":4074850.92,"Plan Rows":1242717,"Plan Width":26,"Actual Startup Time":30602.558,"Actual Total Time":34258.582,"Actual Rows":2218175,"Actual Loops":1,"Output":["customer.c_nationkey","order_line.ol_amount","stock.s_w_id","stock.s_i_id","nation.n_name","nation.n_nationkey"],"Inner Unique":true,"Merge Cond":"((customer.c_w_id = stock.s_w_id) AND (order_line.ol_i_id = stock.s_i_id))","Shared Hit Blocks":1196413,"Shared Read Blocks":0,"Shared Dirtied Blocks":0,"Shared Written Blocks":0,"Local Hit Blocks":0,"Local Read Blocks":0,"Local Dirtied Blocks":0,"Local Written Blocks":0,"Temp Read Blocks":288611,"Temp Written Blocks":288665,"I/O Read Time":0.0,"I/O Write Time":0.0,"Temp I/O Read Time":443.122,"Temp I/O Write Time":1173.194,"Plans":[{"Node Type":"Sort","Parent Relationship":"Outer","Parallel Aware":false,"Async Capable":false,"Startup Cost":3433817.48,"Total Cost":3436898.01,"Plan Rows":1232214,"Plan Width":30,"Actual Startup Time":30602.498,"Actual Total Time":31198.186,"Actual Rows":2218175,"Actual Loops":1,"Output":["customer.c_w_id","customer.c_nationkey","orders.o_w_id","order_line.ol_amount","order_line.ol_w_id","order_line.ol_i_id","nation.n_name","nation.n_nationkey"],"Sort Key":["customer.c_w_id","order_line.ol_i_id"],"Sort Method":"external merge","Sort Space Used":94520,"Sort Space Type":"Disk","Shared Hit Blocks":1141740,"Shared Read Blocks":0,"Shared Dirtied Blocks":0,"Shared Written Blocks":0,"Local Hit Blocks":0,"Local Read Blocks":0,"Local Dirtied Blocks":0,"Local Written Blocks":0,"Temp Read Blocks":288611,"Temp Written Blocks":288665,"I/O Read Time":0.0,"I/O Write Time":0.0,"Temp I/O Read Time":443.122,"Temp I/O Write Time":1173.194,"Plans":[{"Node Type":"Hash Join","Parent Relationship":"Outer","Parallel Aware":false,"Async Capable":false,"Join Type":"Inner","Startup Cost":805468.83,"Total Cost":3250193.65,"Plan Rows":1232214,"Plan Width":30,"Actual Startup Time":3175.871,"Actual Total Time":27975.741,"Actual Rows":2218175,"Actual Loops":1,"Output":["customer.c_w_id","customer.c_nationkey","orders.o_w_id","order_line.ol_amount","order_line.ol_w_id","order_line.ol_i_id","nation.n_name","nation.n_nationkey"],"Inner Unique":false,"Hash Cond":"(customer.c_nationkey = nation.n_nationkey)","Shared Hit Blocks":1141740,"Shared Read Blocks":0,"Shared Dirtied Blocks":0,"Shared Written Blocks":0,"Local Hit Blocks":0,"Local Read Blocks":0,"Local Dirtied Blocks":0,"Local Written Blocks":0,"Temp Read Blocks":264991,"Temp Written Blocks":264991,"I/O Read Time":0.0,"I/O Write Time":0.0,"Temp I/O Read Time":407.109,"Temp I/O Write Time":1110.084,"Plans":[{"Node Type":"Hash Join","Parent Relationship":"Outer","Parallel Aware":false,"Async Capable":false,"Join Type":"Inner","Startup Cost":805465.69,"Total Cost":3215161.84,"Plan Rows":6161071,"Plan Width":18,"Actual Startup Time":3168.105,"Actual Total Time":27139.452,"Actual Rows":8568663,"Actual Loops":1,"Output":["customer.c_w_id","customer.c_nationkey","orders.o_w_id","order_line.ol_amount","order_line.ol_w_id","order_line.ol_i_id"],"Inner Unique":true,"Hash Cond":"((orders.o_c_id = customer.c_id) AND (orders.o_w_id = customer.c_w_id) AND (orders.o_d_id = customer.c_d_id))","Shared Hit Blocks":1141738,"Shared Read Blocks":0,"Shared Dirtied Blocks":0,"Shared Written Blocks":0,"Local Hit Blocks":0,"Local Read Blocks":0,"Local Dirtied Blocks":0,"Local Written Blocks":0,"Temp Read Blocks":264991,"Temp Written Blocks":264991,"I/O Read Time":0.0,"I/O Write Time":0.0,"Temp I/O Read Time":407.109,"Temp I/O Write Time":1110.084,"Plans":[{"Node Type":"Hash Join","Parent Relationship":"Outer","Parallel Aware":false,"Async Capable":false,"Join Type":"Inner","Startup Cost":151173.84,"Total Cost":2410851.54,"Plan Rows":6161071,"Plan Width":20,"Actual Startup Time":385.371,"Actual Total Time":20048.321,"Actual Rows":8568663,"Actual Loops":1,"Output":["orders.o_c_id","orders.o_w_id","orders.o_d_id","order_line.ol_amount","order_line.ol_w_id","order_line.ol_d_id","order_line.ol_i_id"],"Inner Unique":true,"Hash Cond":"((order_line.ol_w_id = orders.o_w_id) AND (order_line.ol_d_id = orders.o_d_id) AND (order_line.ol_o_id = orders.o_id))","Shared Hit Blocks":681748,"Shared Read Blocks":0,"Shared Dirtied Blocks":0,"Shared Written Blocks":0,"Local Hit Blocks":0,"Local Read Blocks":0,"Local Dirtied Blocks":0,"Local Written Blocks":0,"Temp Read Blocks":200672,"Temp Written Blocks":200672,"I/O Read Time":0.0,"I/O Write Time":0.0,"Temp I/O Read Time":306.874,"Temp I/O Write Time":800.026,"Plans":[{"Node Type":"Seq Scan","Parent Relationship":"Outer","Parallel Aware":false,"Async Capable":false,"Relation Name":"order_line","Schema":"public","Alias":"order_line","Startup Cost":0.0,"Total Cost":1431670.8,"Plan Rows":42039468,"Plan Width":20,"Actual Startup Time":0.005,"Actual Total Time":7332.138,"Actual Rows":42000489,"Actual Loops":1,"Output":["order_line.ol_amount","order_line.ol_o_id","order_line.ol_w_id","order_line.ol_d_id","order_line.ol_i_id"],"Filter":"(order_line.ol_delivery_d >= '1992-01-02 20:10:02.27764'::timestamp without time zone)","Rows Removed by Filter":17993272,"Shared Hit Blocks":681748,"Shared Read Blocks":0,"Shared Dirtied Blocks":0,"Shared Written Blocks":0,"Local Hit Blocks":0,"Local Read Blocks":0,"Local Dirtied Blocks":0,"Local Written Blocks":0,"Temp Read Blocks":0,"Temp Written Blocks":0,"I/O Read Time":0.0,"I/O Write Time":0.0,"Temp I/O Read Time":0.0,"Temp I/O Write Time":0.0},{"Node Type":"Hash","Parent Relationship":"Inner","Parallel Aware":false,"Async Capable":false,"Startup Cost":131491.69,"Total Cost":131491.69,"Plan Rows":879323,"Plan Width":16,"Actual Startup Time":350.949,"Actual Total Time":350.958,"Actual Rows":856801,"Actual Loops":1,"Output":["orders.o_c_id","orders.o_w_id","orders.o_d_id","orders.o_id"],"Hash Buckets":262144,"Original Hash Buckets":262144,"Hash Batches":8,"Original Hash Batches":8,"Peak Memory Usage":7070,"Shared Hit Blocks":0,"Shared Read Blocks":0,"Shared Dirtied Blocks":0,"Shared Written Blocks":0,"Local Hit Blocks":0,"Local Read Blocks":0,"Local Dirtied Blocks":0,"Local Written Blocks":0,"Temp Read Blocks":0,"Temp Written Blocks":3290,"I/O Read Time":0.0,"I/O Write Time":0.0,"Temp I/O Read Time":0.0,"Temp I/O Write Time":14.102,"Plans":[{"Node Type":"Append","Parent Relationship":"Outer","Parallel Aware":false,"Async Capable":false,"Startup Cost":20.0,"Total Cost":131491.69,"Plan Rows":879323,"Plan Width":16,"Actual Startup Time":0.527,"Actual Total Time":199.835,"Actual Rows":856801,"Actual Loops":1,"Shared Hit Blocks":0,"Shared Read Blocks":0,"Shared Dirtied Blocks":0,"Shared Written Blocks":0,"Local Hit Blocks":0,"Local Read Blocks":0,"Local Dirtied Blocks":0,"Local Written Blocks":0,"Temp Read Blocks":0,"Temp Written Blocks":0,"I/O Read Time":0.0,"I/O Write Time":0.0,"Temp I/O Read Time":0.0,"Temp I/O Write Time":0.0,"Subplans Removed":0,"Plans":[{"Node Type":"Custom Scan","Parent Relationship":"Member","Custom Plan Provider":"columnar scan","Parallel Aware":false,"Async Capable":false,"Relation Name":"orders","Schema":"public","Alias":"orders","Startup Cost":20.0,"Total Cost":20684.21,"Plan Rows":879322,"Plan Width":16,"Actual Startup Time":0.526,"Actual Total Time":139.906,"Actual Rows":856801,"Actual Loops":1,"Output":["orders.o_c_id","orders.o_w_id","orders.o_d_id","orders.o_id"],"Filter":"((orders.o_entry_d < '1994-01-02 20:10:02.27764'::timestamp without time zone) AND (orders.o_entry_d >= '1993-01-02 20:10:02.27764'::timestamp without time zone))","Rows Removed by Filter":0,"Rows Removed by Columnar Filter":5143199,"Columnar cache search mode":"native","Shared Hit Blocks":0,"Shared Read Blocks":0,"Shared Dirtied Blocks":0,"Shared Written Blocks":0,"Local Hit Blocks":0,"Local Read Blocks":0,"Local Dirtied Blocks":0,"Local Written Blocks":0,"Temp Read Blocks":0,"Temp Written Blocks":0,"I/O Read Time":0.0,"I/O Write Time":0.0,"Temp I/O Read Time":0.0,"Temp I/O Write Time":0.0},{"Node Type":"Seq Scan","Parent Relationship":"Member","Parallel Aware":false,"Async Capable":false,"Relation Name":"orders","Schema":"public","Alias":"orders","Startup Cost":0.0,"Total Cost":4.01,"Plan Rows":1,"Plan Width":16,"Actual Startup Time":0.0,"Actual Total Time":0.0,"Actual Rows":0,"Actual Loops":0,"Output":["orders.o_c_id","orders.o_w_id","orders.o_d_id","orders.o_id"],"Filter":"((orders.o_entry_d < '1994-01-02 20:10:02.27764'::timestamp without time zone) AND (orders.o_entry_d >= '1993-01-02 20:10:02.27764'::timestamp without time zone))","Rows Removed by Filter":0,"Shared Hit Blocks":0,"Shared Read Blocks":0,"Shared Dirtied Blocks":0,"Shared Written Blocks":0,"Local Hit Blocks":0,"Local Read Blocks":0,"Local Dirtied Blocks":0,"Local Written Blocks":0,"Temp Read Blocks":0,"Temp Written Blocks":0,"I/O Read Time":0.0,"I/O Write Time":0.0,"Temp I/O Read Time":0.0,"Temp I/O Write Time":0.0}]}]}]},{"Node Type":"Hash","Parent Relationship":"Inner","Parallel Aware":false,"Async Capable":false,"Startup Cost":519991.4,"Total Cost":519991.4,"Plan Rows":6000140,"Plan Width":12,"Actual Startup Time":2775.65,"Actual Total Time":2775.652,"Actual Rows":6000000,"Actual Loops":1,"Output":["customer.c_id","customer.c_w_id","customer.c_d_id","customer.c_nationkey"],"Hash Buckets":262144,"Original Hash Buckets":262144,"Hash Batches":64,"Original Hash Batches":64,"Peak Memory Usage":6073,"Shared Hit Blocks":459990,"Shared Read Blocks":0,"Shared Dirtied Blocks":0,"Shared Written Blocks":0,"Local Hit Blocks":0,"Local Read Blocks":0,"Local Dirtied Blocks":0,"Local Written Blocks":0,"Temp Read Blocks":0,"Temp Written Blocks":23037,"I/O Read Time":0.0,"I/O Write Time":0.0,"Temp I/O Read Time":0.0,"Temp I/O Write Time":112.227,"Plans":[{"Node Type":"Seq Scan","Parent Relationship":"Outer","Parallel Aware":false,"Async Capable":false,"Relation Name":"customer","Schema":"public","Alias":"customer","Startup Cost":0.0,"Total Cost":519991.4,"Plan Rows":6000140,"Plan Width":12,"Actual Startup Time":0.008,"Actual Total Time":1764.193,"Actual Rows":6000000,"Actual Loops":1,"Output":["customer.c_id","customer.c_w_id","customer.c_d_id","customer.c_nationkey"],"Shared Hit Blocks":459990,"Shared Read Blocks":0,"Shared Dirtied Blocks":0,"Shared Written Blocks":0,"Local Hit Blocks":0,"Local Read Blocks":0,"Local Dirtied Blocks":0,"Local Written Blocks":0,"Temp Read Blocks":0,"Temp Written Blocks":0,"I/O Read Time":0.0,"I/O Write Time":0.0,"Temp I/O Read Time":0.0,"Temp I/O Write Time":0.0}]}]},{"Node Type":"Hash","Parent Relationship":"Inner","Parallel Aware":false,"Async Capable":false,"Startup Cost":2.99,"Total Cost":2.99,"Plan Rows":12,"Plan Width":12,"Actual Startup Time":0.042,"Actual Total Time":0.048,"Actual Rows":22,"Actual Loops":1,"Output":["nation.n_name","nation.n_nationkey"],"Hash Buckets":1024,"Original Hash Buckets":1024,"Hash Batches":1,"Original Hash Batches":1,"Peak Memory Usage":9,"Shared Hit Blocks":2,"Shared Read Blocks":0,"Shared Dirtied Blocks":0,"Shared Written Blocks":0,"Local Hit Blocks":0,"Local Read Blocks":0,"Local Dirtied Blocks":0,"Local Written Blocks":0,"Temp Read Blocks":0,"Temp Written Blocks":0,"I/O Read Time":0.0,"I/O Write Time":0.0,"Temp I/O Read Time":0.0,"Temp I/O Write Time":0.0,"Plans":[{"Node Type":"Hash Join","Parent Relationship":"Outer","Parallel Aware":false,"Async Capable":false,"Join Type":"Inner","Startup Cost":1.07,"Total Cost":2.99,"Plan Rows":12,"Plan Width":12,"Actual Startup Time":0.026,"Actual Total Time":0.041,"Actual Rows":22,"Actual Loops":1,"Output":["nation.n_name","nation.n_nationkey"],"Inner Unique":true,"Hash Cond":"(nation.n_regionkey = region.r_regionkey)","Shared Hit Blocks":2,"Shared Read Blocks":0,"Shared Dirtied Blocks":0,"Shared Written Blocks":0,"Local Hit Blocks":0,"Local Read Blocks":0,"Local Dirtied Blocks":0,"Local Written Blocks":0,"Temp Read Blocks":0,"Temp Written Blocks":0,"I/O Read Time":0.0,"I/O Write Time":0.0,"Temp I/O Read Time":0.0,"Temp I/O Write Time":0.0,"Plans":[{"Node Type":"Seq Scan","Parent Relationship":"Outer","Parallel Aware":false,"Async Capable":false,"Relation Name":"nation","Schema":"public","Alias":"nation","Startup Cost":0.0,"Total Cost":1.62,"Plan Rows":62,"Plan Width":16,"Actual Startup Time":0.008,"Actual Total Time":0.011,"Actual Rows":62,"Actual Loops":1,"Output":["nation.n_nationkey","nation.n_name","nation.n_regionkey","nation.n_comment"],"Shared Hit Blocks":1,"Shared Read Blocks":0,"Shared Dirtied Blocks":0,"Shared Written Blocks":0,"Local Hit Blocks":0,"Local Read Blocks":0,"Local Dirtied Blocks":0,"Local Written Blocks":0,"Temp Read Blocks":0,"Temp Written Blocks":0,"I/O Read Time":0.0,"I/O Write Time":0.0,"Temp I/O Read Time":0.0,"Temp I/O Write Time":0.0},{"Node Type":"Hash","Parent Relationship":"Inner","Parallel Aware":false,"Async Capable":false,"Startup Cost":1.06,"Total Cost":1.06,"Plan Rows":1,"Plan Width":4,"Actual Startup Time":0.008,"Actual Total Time":0.01,"Actual Rows":1,"Actual Loops":1,"Output":["region.r_regionkey"],"Hash Buckets":1024,"Original Hash Buckets":1024,"Hash Batches":1,"Original Hash Batches":1,"Peak Memory Usage":9,"Shared Hit Blocks":1,"Shared Read Blocks":0,"Shared Dirtied Blocks":0,"Shared Written Blocks":0,"Local Hit Blocks":0,"Local Read Blocks":0,"Local Dirtied Blocks":0,"Local Written Blocks":0,"Temp Read Blocks":0,"Temp Written Blocks":0,"I/O Read Time":0.0,"I/O Write Time":0.0,"Temp I/O Read Time":0.0,"Temp I/O Write Time":0.0,"Plans":[{"Node Type":"Seq Scan","Parent Relationship":"Outer","Parallel Aware":false,"Async Capable":false,"Relation Name":"region","Schema":"public","Alias":"region","Startup Cost":0.0,"Total Cost":1.06,"Plan Rows":1,"Plan Width":4,"Actual Startup Time":0.006,"Actual Total Time":0.007,"Actual Rows":1,"Actual Loops":1,"Output":["region.r_regionkey"],"Filter":"((region.r_name)::text = 'Europe'::text)","Rows Removed by Filter":4,"Shared Hit Blocks":1,"Shared Read Blocks":0,"Shared Dirtied Blocks":0,"Shared Written Blocks":0,"Local Hit Blocks":0,"Local Read Blocks":0,"Local Dirtied Blocks":0,"Local Written Blocks":0,"Temp Read Blocks":0,"Temp Written Blocks":0,"I/O Read Time":0.0,"I/O Write Time":0.0,"Temp I/O Read Time":0.0,"Temp I/O Write Time":0.0}]}]}]}]}]},{"Node Type":"Index Only Scan","Parent Relationship":"Inner","Parallel Aware":false,"Async Capable":false,"Scan Direction":"Forward","Index Name":"stock_pk","Relation Name":"stock","Schema":"public","Alias":"stock","Startup Cost":0.44,"Total Cost":519363.62,"Plan Rows":20000212,"Plan Width":6,"Actual Startup Time":0.045,"Actual Total Time":1422.854,"Actual Rows":19999994,"Actual Loops":1,"Output":["stock.s_w_id","stock.s_i_id"],"Heap Fetches":0,"Shared Hit Blocks":54673,"Shared Read Blocks":0,"Shared Dirtied Blocks":0,"Shared Written Blocks":0,"Local Hit Blocks":0,"Local Read Blocks":0,"Local Dirtied Blocks":0,"Local Written Blocks":0,"Temp Read Blocks":0,"Temp Written Blocks":0,"I/O Read Time":0.0,"I/O Write Time":0.0,"Temp I/O Read Time":0.0,"Temp I/O Write Time":0.0}]},{"Node Type":"Hash","Parent Relationship":"Inner","Parallel Aware":false,"Async Capable":false,"Startup Cost":219.01,"Total Cost":219.01,"Plan Rows":10001,"Plan Width":8,"Actual Startup Time":3.241,"Actual Total Time":3.243,"Actual Rows":10000,"Actual Loops":1,"Output":["supplier.su_suppkey","supplier.su_nationkey"],"Hash Buckets":16384,"Original Hash Buckets":16384,"Hash Batches":1,"Original Hash Batches":1,"Peak Memory Usage":519,"Shared Hit Blocks":0,"Shared Read Blocks":0,"Shared Dirtied Blocks":0,"Shared Written Blocks":0,"Local Hit Blocks":0,"Local Read Blocks":0,"Local Dirtied Blocks":0,"Local Written Blocks":0,"Temp Read Blocks":0,"Temp Written Blocks":0,"I/O Read Time":0.0,"I/O Write Time":0.0,"Temp I/O Read Time":0.0,"Temp I/O Write Time":0.0,"Plans":[{"Node Type":"Append","Parent Relationship":"Outer","Parallel Aware":false,"Async Capable":false,"Startup Cost":20.0,"Total Cost":219.01,"Plan Rows":10001,"Plan Width":8,"Actual Startup Time":0.013,"Actual Total Time":1.938,"Actual Rows":10000,"Actual Loops":1,"Shared Hit Blocks":0,"Shared Read Blocks":0,"Shared Dirtied Blocks":0,"Shared Written Blocks":0,"Local Hit Blocks":0,"Local Read Blocks":0,"Local Dirtied Blocks":0,"Local Written Blocks":0,"Temp Read Blocks":0,"Temp Written Blocks":0,"I/O Read Time":0.0,"I/O Write Time":0.0,"Temp I/O Read Time":0.0,"Temp I/O Write Time":0.0,"Subplans Removed":0,"Plans":[{"Node Type":"Custom Scan","Parent Relationship":"Member","Custom Plan Provider":"columnar scan","Parallel Aware":false,"Async Capable":false,"Relation Name":"supplier","Schema":"public","Alias":"supplier","Startup Cost":20.0,"Total Cost":215.0,"Plan Rows":10000,"Plan Width":8,"Actual Startup Time":0.011,"Actual Total Time":1.226,"Actual Rows":10000,"Actual Loops":1,"Output":["supplier.su_suppkey","supplier.su_nationkey"],"Rows Removed by Columnar Filter":0,"Columnar cache search mode":"native","Shared Hit Blocks":0,"Shared Read Blocks":0,"Shared Dirtied Blocks":0,"Shared Written Blocks":0,"Local Hit Blocks":0,"Local Read Blocks":0,"Local Dirtied Blocks":0,"Local Written Blocks":0,"Temp Read Blocks":0,"Temp Written Blocks":0,"I/O Read Time":0.0,"I/O Write Time":0.0,"Temp I/O Read Time":0.0,"Temp I/O Write Time":0.0},{"Node Type":"Seq Scan","Parent Relationship":"Member","Parallel Aware":false,"Async Capable":false,"Relation Name":"supplier","Schema":"public","Alias":"supplier","Startup Cost":0.0,"Total Cost":4.01,"Plan Rows":1,"Plan Width":8,"Actual Startup Time":0.0,"Actual Total Time":0.0,"Actual Rows":0,"Actual Loops":0,"Output":["supplier.su_suppkey","supplier.su_nationkey"],"Shared Hit Blocks":0,"Shared Read Blocks":0,"Shared Dirtied Blocks":0,"Shared Written Blocks":0,"Local Hit Blocks":0,"Local Read Blocks":0,"Local Dirtied Blocks":0,"Local Written Blocks":0,"Temp Read Blocks":0,"Temp Written Blocks":0,"I/O Read Time":0.0,"I/O Write Time":0.0,"Temp I/O Read Time":0.0,"Temp I/O Write Time":0.0}]}]}]}]}]}]},"Planning":{"Shared Hit Blocks":220,"Shared Read Blocks":0,"Shared Dirtied Blocks":0,"Shared Written Blocks":0,"Local Hit Blocks":0,"Local Read Blocks":0,"Local Dirtied Blocks":0,"Local Written Blocks":0,"Temp Read Blocks":0,"Temp Written Blocks":0,"I/O Read Time":0.0,"I/O Write Time":0.0,"Temp I/O Read Time":0.0,"Temp I/O Write Time":0.0},"Planning Time":5.264,"Triggers":[],"Execution Time":34581.867}]
[列存组合]: nation, region, stock, supplier
[{"Plan":{"Node Type":"Sort","Parallel Aware":false,"Async Capable":false,"Startup Cost":4086277.85,"Total Cost":4086278.0,"Plan Rows":62,"Plan Width":40,"Actual Startup Time":34929.994,"Actual Total Time":34930.018,"Actual Rows":11,"Actual Loops":1,"Output":["nation.n_name","(sum(order_line.ol_amount))"],"Sort Key":["(sum(order_line.ol_amount)) DESC"],"Sort Method":"quicksort","Sort Space Used":25,"Sort Space Type":"Memory","Shared Hit Blocks":1240535,"Shared Read Blocks":0,"Shared Dirtied Blocks":0,"Shared Written Blocks":0,"Local Hit Blocks":0,"Local Read Blocks":0,"Local Dirtied Blocks":0,"Local Written Blocks":0,"Temp Read Blocks":288611,"Temp Written Blocks":288665,"I/O Read Time":0.0,"I/O Write Time":0.0,"Temp I/O Read Time":441.503,"Temp I/O Write Time":1180.701,"Plans":[{"Node Type":"Aggregate","Strategy":"Sorted","Partial Mode":"Simple","Parent Relationship":"Outer","Parallel Aware":false,"Async Capable":false,"Startup Cost":4086124.2,"Total Cost":4086276.0,"Plan Rows":62,"Plan Width":40,"Actual Startup Time":34923.987,"Actual Total Time":34930.001,"Actual Rows":11,"Actual Loops":1,"Output":["nation.n_name","sum(order_line.ol_amount)"],"Group Key":["nation.n_name"],"Shared Hit Blocks":1240535,"Shared Read Blocks":0,"Shared Dirtied Blocks":0,"Shared Written Blocks":0,"Local Hit Blocks":0,"Local Read Blocks":0,"Local Dirtied Blocks":0,"Local Written Blocks":0,"Temp Read Blocks":288611,"Temp Written Blocks":288665,"I/O Read Time":0.0,"I/O Write Time":0.0,"Temp I/O Read Time":441.503,"Temp I/O Write Time":1180.701,"Plans":[{"Node Type":"Sort","Parent Relationship":"Outer","Parallel Aware":false,"Async Capable":false,"Startup Cost":4086124.2,"Total Cost":4086174.54,"Plan Rows":20136,"Plan Width":12,"Actual Startup Time":34923.548,"Actual Total Time":34925.451,"Actual Rows":35044,"Actual Loops":1,"Output":["nation.n_name","order_line.ol_amount"],"Sort Key":["nation.n_name"],"Sort Method":"quicksort","Sort Space Used":3146,"Sort Space Type":"Memory","Shared Hit Blocks":1240535,"Shared Read Blocks":0,"Shared Dirtied Blocks":0,"Shared Written Blocks":0,"Local Hit Blocks":0,"Local Read Blocks":0,"Local Dirtied Blocks":0,"Local Written Blocks":0,"Temp Read Blocks":288611,"Temp Written Blocks":288665,"I/O Read Time":0.0,"I/O Write Time":0.0,"Temp I/O Read Time":441.503,"Temp I/O Write Time":1180.701,"Plans":[{"Node Type":"Hash Join","Parent Relationship":"Outer","Parallel Aware":false,"Async Capable":false,"Join Type":"Inner","Startup Cost":3436816.76,"Total Cost":4084684.73,"Plan Rows":20136,"Plan Width":12,"Actual Startup Time":30992.024,"Actual Total Time":34904.452,"Actual Rows":35044,"Actual Loops":1,"Output":["nation.n_name","order_line.ol_amount"],"Inner Unique":true,"Hash Cond":"((mod((stock.s_w_id * stock.s_i_id), 10000) = supplier.su_suppkey) AND (customer.c_nationkey = supplier.su_nationkey))","Shared Hit Blocks":1240535,"Shared Read Blocks":0,"Shared Dirtied Blocks":0,"Shared Written Blocks":0,"Local Hit Blocks":0,"Local Read Blocks":0,"Local Dirtied Blocks":0,"Local Written Blocks":0,"Temp Read Blocks":288611,"Temp Written Blocks":288665,"I/O Read Time":0.0,"I/O Write Time":0.0,"Temp I/O Read Time":441.503,"Temp I/O Write Time":1180.701,"Plans":[{"Node Type":"Merge Join","Parent Relationship":"Outer","Parallel Aware":false,"Async Capable":false,"Join Type":"Inner","Startup Cost":3436447.73,"Total Cost":4077480.74,"Plan Rows":1242717,"Plan Width":26,"Actual Startup Time":30988.099,"Actual Total Time":34621.007,"Actual Rows":2218175,"Actual Loops":1,"Output":["customer.c_nationkey","order_line.ol_amount","stock.s_w_id","stock.s_i_id","nation.n_name","nation.n_nationkey"],"Inner Unique":true,"Merge Cond":"((customer.c_w_id = stock.s_w_id) AND (order_line.ol_i_id = stock.s_i_id))","Shared Hit Blocks":1240535,"Shared Read Blocks":0,"Shared Dirtied Blocks":0,"Shared Written Blocks":0,"Local Hit Blocks":0,"Local Read Blocks":0,"Local Dirtied Blocks":0,"Local Written Blocks":0,"Temp Read Blocks":288611,"Temp Written Blocks":288665,"I/O Read Time":0.0,"I/O Write Time":0.0,"Temp I/O Read Time":441.503,"Temp I/O Write Time":1180.701,"Plans":[{"Node Type":"Sort","Parent Relationship":"Outer","Parallel Aware":false,"Async Capable":false,"Startup Cost":3436447.29,"Total Cost":3439527.83,"Plan Rows":1232214,"Plan Width":30,"Actual Startup Time":30988.037,"Actual Total Time":31586.451,"Actual Rows":2218175,"Actual Loops":1,"Output":["customer.c_w_id","customer.c_nationkey","orders.o_w_id","order_line.ol_amount","order_line.ol_w_id","order_line.ol_i_id","nation.n_name","nation.n_nationkey"],"Sort Key":["customer.c_w_id","order_line.ol_i_id"],"Sort Method":"external merge","Sort Space Used":94520,"Sort Space Type":"Disk","Shared Hit Blocks":1185862,"Shared Read Blocks":0,"Shared Dirtied Blocks":0,"Shared Written Blocks":0,"Local Hit Blocks":0,"Local Read Blocks":0,"Local Dirtied Blocks":0,"Local Written Blocks":0,"Temp Read Blocks":288611,"Temp Written Blocks":288665,"I/O Read Time":0.0,"I/O Write Time":0.0,"Temp I/O Read Time":441.503,"Temp I/O Write Time":1180.701,"Plans":[{"Node Type":"Hash Join","Parent Relationship":"Outer","Parallel Aware":false,"Async Capable":false,"Join Type":"Inner","Startup Cost":808098.65,"Total Cost":3252823.46,"Plan Rows":1232214,"Plan Width":30,"Actual Startup Time":3634.763,"Actual Total Time":28352.82,"Actual Rows":2218175,"Actual Loops":1,"Output":["customer.c_w_id","customer.c_nationkey","orders.o_w_id","order_line.ol_amount","order_line.ol_w_id","order_line.ol_i_id","nation.n_name","nation.n_nationkey"],"Inner Unique":false,"Hash Cond":"(customer.c_nationkey = nation.n_nationkey)","Shared Hit Blocks":1185862,"Shared Read Blocks":0,"Shared Dirtied Blocks":0,"Shared Written Blocks":0,"Local Hit Blocks":0,"Local Read Blocks":0,"Local Dirtied Blocks":0,"Local Written Blocks":0,"Temp Read Blocks":264991,"Temp Written Blocks":264991,"I/O Read Time":0.0,"I/O Write Time":0.0,"Temp I/O Read Time":405.57,"Temp I/O Write Time":1117.763,"Plans":[{"Node Type":"Hash Join","Parent Relationship":"Outer","Parallel Aware":false,"Async Capable":false,"Join Type":"Inner","Startup Cost":808095.51,"Total Cost":3217791.66,"Plan Rows":6161071,"Plan Width":18,"Actual Startup Time":3627.048,"Actual Total Time":27521.515,"Actual Rows":8568663,"Actual Loops":1,"Output":["customer.c_w_id","customer.c_nationkey","orders.o_w_id","order_line.ol_amount","order_line.ol_w_id","order_line.ol_i_id"],"Inner Unique":true,"Hash Cond":"((orders.o_c_id = customer.c_id) AND (orders.o_w_id = customer.c_w_id) AND (orders.o_d_id = customer.c_d_id))","Shared Hit Blocks":1185860,"Shared Read Blocks":0,"Shared Dirtied Blocks":0,"Shared Written Blocks":0,"Local Hit Blocks":0,"Local Read Blocks":0,"Local Dirtied Blocks":0,"Local Written Blocks":0,"Temp Read Blocks":264991,"Temp Written Blocks":264991,"I/O Read Time":0.0,"I/O Write Time":0.0,"Temp I/O Read Time":405.57,"Temp I/O Write Time":1117.763,"Plans":[{"Node Type":"Hash Join","Parent Relationship":"Outer","Parallel Aware":false,"Async Capable":false,"Join Type":"Inner","Startup Cost":153803.65,"Total Cost":2413481.36,"Plan Rows":6161071,"Plan Width":20,"Actual Startup Time":764.191,"Actual Total Time":20353.193,"Actual Rows":8568663,"Actual Loops":1,"Output":["orders.o_c_id","orders.o_w_id","orders.o_d_id","order_line.ol_amount","order_line.ol_w_id","order_line.ol_d_id","order_line.ol_i_id"],"Inner Unique":true,"Hash Cond":"((order_line.ol_w_id = orders.o_w_id) AND (order_line.ol_d_id = orders.o_d_id) AND (order_line.ol_o_id = orders.o_id))","Shared Hit Blocks":725870,"Shared Read Blocks":0,"Shared Dirtied Blocks":0,"Shared Written Blocks":0,"Local Hit Blocks":0,"Local Read Blocks":0,"Local Dirtied Blocks":0,"Local Written Blocks":0,"Temp Read Blocks":200672,"Temp Written Blocks":200672,"I/O Read Time":0.0,"I/O Write Time":0.0,"Temp I/O Read Time":306.375,"Temp I/O Write Time":804.414,"Plans":[{"Node Type":"Seq Scan","Parent Relationship":"Outer","Parallel Aware":false,"Async Capable":false,"Relation Name":"order_line","Schema":"public","Alias":"order_line","Startup Cost":0.0,"Total Cost":1431670.8,"Plan Rows":42039468,"Plan Width":20,"Actual Startup Time":0.005,"Actual Total Time":7329.141,"Actual Rows":42000489,"Actual Loops":1,"Output":["order_line.ol_amount","order_line.ol_o_id","order_line.ol_w_id","order_line.ol_d_id","order_line.ol_i_id"],"Filter":"(order_line.ol_delivery_d >= '1992-01-02 20:10:02.27764'::timestamp without time zone)","Rows Removed by Filter":17993272,"Shared Hit Blocks":681748,"Shared Read Blocks":0,"Shared Dirtied Blocks":0,"Shared Written Blocks":0,"Local Hit Blocks":0,"Local Read Blocks":0,"Local Dirtied Blocks":0,"Local Written Blocks":0,"Temp Read Blocks":0,"Temp Written Blocks":0,"I/O Read Time":0.0,"I/O Write Time":0.0,"Temp I/O Read Time":0.0,"Temp I/O Write Time":0.0},{"Node Type":"Hash","Parent Relationship":"Inner","Parallel Aware":false,"Async Capable":false,"Startup Cost":134121.52,"Total Cost":134121.52,"Plan Rows":879322,"Plan Width":16,"Actual Startup Time":725.242,"Actual Total Time":725.247,"Actual Rows":856801,"Actual Loops":1,"Output":["orders.o_c_id","orders.o_w_id","orders.o_d_id","orders.o_id"],"Hash Buckets":262144,"Original Hash Buckets":262144,"Hash Batches":8,"Original Hash Batches":8,"Peak Memory Usage":7070,"Shared Hit Blocks":44122,"Shared Read Blocks":0,"Shared Dirtied Blocks":0,"Shared Written Blocks":0,"Local Hit Blocks":0,"Local Read Blocks":0,"Local Dirtied Blocks":0,"Local Written Blocks":0,"Temp Read Blocks":0,"Temp Written Blocks":3290,"I/O Read Time":0.0,"I/O Write Time":0.0,"Temp I/O Read Time":0.0,"Temp I/O Write Time":15.615,"Plans":[{"Node Type":"Seq Scan","Parent Relationship":"Outer","Parallel Aware":false,"Async Capable":false,"Relation Name":"orders","Schema":"public","Alias":"orders","Startup Cost":0.0,"Total Cost":134121.52,"Plan Rows":879322,"Plan Width":16,"Actual Startup Time":0.775,"Actual Total Time":564.344,"Actual Rows":856801,"Actual Loops":1,"Output":["orders.o_c_id","orders.o_w_id","orders.o_d_id","orders.o_id"],"Filter":"((orders.o_entry_d >= '1993-01-02 20:10:02.27764'::timestamp without time zone) AND (orders.o_entry_d < '1994-01-02 20:10:02.27764'::timestamp without time zone))","Rows Removed by Filter":5143199,"Shared Hit Blocks":44122,"Shared Read Blocks":0,"Shared Dirtied Blocks":0,"Shared Written Blocks":0,"Local Hit Blocks":0,"Local Read Blocks":0,"Local Dirtied Blocks":0,"Local Written Blocks":0,"Temp Read Blocks":0,"Temp Written Blocks":0,"I/O Read Time":0.0,"I/O Write Time":0.0,"Temp I/O Read Time":0.0,"Temp I/O Write Time":0.0}]}]},{"Node Type":"Hash","Parent Relationship":"Inner","Parallel Aware":false,"Async Capable":false,"Startup Cost":519991.4,"Total Cost":519991.4,"Plan Rows":6000140,"Plan Width":12,"Actual Startup Time":2855.799,"Actual Total Time":2855.802,"Actual Rows":6000000,"Actual Loops":1,"Output":["customer.c_id","customer.c_w_id","customer.c_d_id","customer.c_nationkey"],"Hash Buckets":262144,"Original Hash Buckets":262144,"Hash Batches":64,"Original Hash Batches":64,"Peak Memory Usage":6073,"Shared Hit Blocks":459990,"Shared Read Blocks":0,"Shared Dirtied Blocks":0,"Shared Written Blocks":0,"Local Hit Blocks":0,"Local Read Blocks":0,"Local Dirtied Blocks":0,"Local Written Blocks":0,"Temp Read Blocks":0,"Temp Written Blocks":23037,"I/O Read Time":0.0,"I/O Write Time":0.0,"Temp I/O Read Time":0.0,"Temp I/O Write Time":115.81,"Plans":[{"Node Type":"Seq Scan","Parent Relationship":"Outer","Parallel Aware":false,"Async Capable":false,"Relation Name":"customer","Schema":"public","Alias":"customer","Startup Cost":0.0,"Total Cost":519991.4,"Plan Rows":6000140,"Plan Width":12,"Actual Startup Time":0.015,"Actual Total Time":1805.835,"Actual Rows":6000000,"Actual Loops":1,"Output":["customer.c_id","customer.c_w_id","customer.c_d_id","customer.c_nationkey"],"Shared Hit Blocks":459990,"Shared Read Blocks":0,"Shared Dirtied Blocks":0,"Shared Written Blocks":0,"Local Hit Blocks":0,"Local Read Blocks":0,"Local Dirtied Blocks":0,"Local Written Blocks":0,"Temp Read Blocks":0,"Temp Written Blocks":0,"I/O Read Time":0.0,"I/O Write Time":0.0,"Temp I/O Read Time":0.0,"Temp I/O Write Time":0.0}]}]},{"Node Type":"Hash","Parent Relationship":"Inner","Parallel Aware":false,"Async Capable":false,"Startup Cost":2.99,"Total Cost":2.99,"Plan Rows":12,"Plan Width":12,"Actual Startup Time":0.043,"Actual Total Time":0.047,"Actual Rows":22,"Actual Loops":1,"Output":["nation.n_name","nation.n_nationkey"],"Hash Buckets":1024,"Original Hash Buckets":1024,"Hash Batches":1,"Original Hash Batches":1,"Peak Memory Usage":9,"Shared Hit Blocks":2,"Shared Read Blocks":0,"Shared Dirtied Blocks":0,"Shared Written Blocks":0,"Local Hit Blocks":0,"Local Read Blocks":0,"Local Dirtied Blocks":0,"Local Written Blocks":0,"Temp Read Blocks":0,"Temp Written Blocks":0,"I/O Read Time":0.0,"I/O Write Time":0.0,"Temp I/O Read Time":0.0,"Temp I/O Write Time":0.0,"Plans":[{"Node Type":"Hash Join","Parent Relationship":"Outer","Parallel Aware":false,"Async Capable":false,"Join Type":"Inner","Startup Cost":1.07,"Total Cost":2.99,"Plan Rows":12,"Plan Width":12,"Actual Startup Time":0.024,"Actual Total Time":0.04,"Actual Rows":22,"Actual Loops":1,"Output":["nation.n_name","nation.n_nationkey"],"Inner Unique":true,"Hash Cond":"(nation.n_regionkey = region.r_regionkey)","Shared Hit Blocks":2,"Shared Read Blocks":0,"Shared Dirtied Blocks":0,"Shared Written Blocks":0,"Local Hit Blocks":0,"Local Read Blocks":0,"Local Dirtied Blocks":0,"Local Written Blocks":0,"Temp Read Blocks":0,"Temp Written Blocks":0,"I/O Read Time":0.0,"I/O Write Time":0.0,"Temp I/O Read Time":0.0,"Temp I/O Write Time":0.0,"Plans":[{"Node Type":"Seq Scan","Parent Relationship":"Outer","Parallel Aware":false,"Async Capable":false,"Relation Name":"nation","Schema":"public","Alias":"nation","Startup Cost":0.0,"Total Cost":1.62,"Plan Rows":62,"Plan Width":16,"Actual Startup Time":0.007,"Actual Total Time":0.012,"Actual Rows":62,"Actual Loops":1,"Output":["nation.n_nationkey","nation.n_name","nation.n_regionkey","nation.n_comment"],"Shared Hit Blocks":1,"Shared Read Blocks":0,"Shared Dirtied Blocks":0,"Shared Written Blocks":0,"Local Hit Blocks":0,"Local Read Blocks":0,"Local Dirtied Blocks":0,"Local Written Blocks":0,"Temp Read Blocks":0,"Temp Written Blocks":0,"I/O Read Time":0.0,"I/O Write Time":0.0,"Temp I/O Read Time":0.0,"Temp I/O Write Time":0.0},{"Node Type":"Hash","Parent Relationship":"Inner","Parallel Aware":false,"Async Capable":false,"Startup Cost":1.06,"Total Cost":1.06,"Plan Rows":1,"Plan Width":4,"Actual Startup Time":0.009,"Actual Total Time":0.009,"Actual Rows":1,"Actual Loops":1,"Output":["region.r_regionkey"],"Hash Buckets":1024,"Original Hash Buckets":1024,"Hash Batches":1,"Original Hash Batches":1,"Peak Memory Usage":9,"Shared Hit Blocks":1,"Shared Read Blocks":0,"Shared Dirtied Blocks":0,"Shared Written Blocks":0,"Local Hit Blocks":0,"Local Read Blocks":0,"Local Dirtied Blocks":0,"Local Written Blocks":0,"Temp Read Blocks":0,"Temp Written Blocks":0,"I/O Read Time":0.0,"I/O Write Time":0.0,"Temp I/O Read Time":0.0,"Temp I/O Write Time":0.0,"Plans":[{"Node Type":"Seq Scan","Parent Relationship":"Outer","Parallel Aware":false,"Async Capable":false,"Relation Name":"region","Schema":"public","Alias":"region","Startup Cost":0.0,"Total Cost":1.06,"Plan Rows":1,"Plan Width":4,"Actual Startup Time":0.007,"Actual Total Time":0.007,"Actual Rows":1,"Actual Loops":1,"Output":["region.r_regionkey"],"Filter":"((region.r_name)::text = 'Europe'::text)","Rows Removed by Filter":4,"Shared Hit Blocks":1,"Shared Read Blocks":0,"Shared Dirtied Blocks":0,"Shared Written Blocks":0,"Local Hit Blocks":0,"Local Read Blocks":0,"Local Dirtied Blocks":0,"Local Written Blocks":0,"Temp Read Blocks":0,"Temp Written Blocks":0,"I/O Read Time":0.0,"I/O Write Time":0.0,"Temp I/O Read Time":0.0,"Temp I/O Write Time":0.0}]}]}]}]}]},{"Node Type":"Index Only Scan","Parent Relationship":"Inner","Parallel Aware":false,"Async Capable":false,"Scan Direction":"Forward","Index Name":"stock_pk","Relation Name":"stock","Schema":"public","Alias":"stock","Startup Cost":0.44,"Total Cost":519363.62,"Plan Rows":20000212,"Plan Width":6,"Actual Startup Time":0.047,"Actual Total Time":1397.731,"Actual Rows":19999994,"Actual Loops":1,"Output":["stock.s_w_id","stock.s_i_id"],"Heap Fetches":0,"Shared Hit Blocks":54673,"Shared Read Blocks":0,"Shared Dirtied Blocks":0,"Shared Written Blocks":0,"Local Hit Blocks":0,"Local Read Blocks":0,"Local Dirtied Blocks":0,"Local Written Blocks":0,"Temp Read Blocks":0,"Temp Written Blocks":0,"I/O Read Time":0.0,"I/O Write Time":0.0,"Temp I/O Read Time":0.0,"Temp I/O Write Time":0.0}]},{"Node Type":"Hash","Parent Relationship":"Inner","Parallel Aware":false,"Async Capable":false,"Startup Cost":219.01,"Total Cost":219.01,"Plan Rows":10001,"Plan Width":8,"Actual Startup Time":3.491,"Actual Total Time":3.494,"Actual Rows":10000,"Actual Loops":1,"Output":["supplier.su_suppkey","supplier.su_nationkey"],"Hash Buckets":16384,"Original Hash Buckets":16384,"Hash Batches":1,"Original Hash Batches":1,"Peak Memory Usage":519,"Shared Hit Blocks":0,"Shared Read Blocks":0,"Shared Dirtied Blocks":0,"Shared Written Blocks":0,"Local Hit Blocks":0,"Local Read Blocks":0,"Local Dirtied Blocks":0,"Local Written Blocks":0,"Temp Read Blocks":0,"Temp Written Blocks":0,"I/O Read Time":0.0,"I/O Write Time":0.0,"Temp I/O Read Time":0.0,"Temp I/O Write Time":0.0,"Plans":[{"Node Type":"Append","Parent Relationship":"Outer","Parallel Aware":false,"Async Capable":false,"Startup Cost":20.0,"Total Cost":219.01,"Plan Rows":10001,"Plan Width":8,"Actual Startup Time":0.013,"Actual Total Time":2.062,"Actual Rows":10000,"Actual Loops":1,"Shared Hit Blocks":0,"Shared Read Blocks":0,"Shared Dirtied Blocks":0,"Shared Written Blocks":0,"Local Hit Blocks":0,"Local Read Blocks":0,"Local Dirtied Blocks":0,"Local Written Blocks":0,"Temp Read Blocks":0,"Temp Written Blocks":0,"I/O Read Time":0.0,"I/O Write Time":0.0,"Temp I/O Read Time":0.0,"Temp I/O Write Time":0.0,"Subplans Removed":0,"Plans":[{"Node Type":"Custom Scan","Parent Relationship":"Member","Custom Plan Provider":"columnar scan","Parallel Aware":false,"Async Capable":false,"Relation Name":"supplier","Schema":"public","Alias":"supplier","Startup Cost":20.0,"Total Cost":215.0,"Plan Rows":10000,"Plan Width":8,"Actual Startup Time":0.012,"Actual Total Time":1.197,"Actual Rows":10000,"Actual Loops":1,"Output":["supplier.su_suppkey","supplier.su_nationkey"],"Rows Removed by Columnar Filter":0,"Columnar cache search mode":"native","Shared Hit Blocks":0,"Shared Read Blocks":0,"Shared Dirtied Blocks":0,"Shared Written Blocks":0,"Local Hit Blocks":0,"Local Read Blocks":0,"Local Dirtied Blocks":0,"Local Written Blocks":0,"Temp Read Blocks":0,"Temp Written Blocks":0,"I/O Read Time":0.0,"I/O Write Time":0.0,"Temp I/O Read Time":0.0,"Temp I/O Write Time":0.0},{"Node Type":"Seq Scan","Parent Relationship":"Member","Parallel Aware":false,"Async Capable":false,"Relation Name":"supplier","Schema":"public","Alias":"supplier","Startup Cost":0.0,"Total Cost":4.01,"Plan Rows":1,"Plan Width":8,"Actual Startup Time":0.0,"Actual Total Time":0.0,"Actual Rows":0,"Actual Loops":0,"Output":["supplier.su_suppkey","supplier.su_nationkey"],"Shared Hit Blocks":0,"Shared Read Blocks":0,"Shared Dirtied Blocks":0,"Shared Written Blocks":0,"Local Hit Blocks":0,"Local Read Blocks":0,"Local Dirtied Blocks":0,"Local Written Blocks":0,"Temp Read Blocks":0,"Temp Written Blocks":0,"I/O Read Time":0.0,"I/O Write Time":0.0,"Temp I/O Read Time":0.0,"Temp I/O Write Time":0.0}]}]}]}]}]}]},"Planning":{"Shared Hit Blocks":220,"Shared Read Blocks":0,"Shared Dirtied Blocks":0,"Shared Written Blocks":0,"Local Hit Blocks":0,"Local Read Blocks":0,"Local Dirtied Blocks":0,"Local Written Blocks":0,"Temp Read Blocks":0,"Temp Written Blocks":0,"I/O Read Time":0.0,"I/O Write Time":0.0,"Temp I/O Read Time":0.0,"Temp I/O Write Time":0.0},"Planning Time":5.621,"Triggers":[],"Execution Time":34944.743}]
[列存组合]: order_line, orders, region, stock
[{"Plan":{"Node Type":"Sort","Parallel Aware":false,"Async Capable":false,"Startup Cost":2399090.61,"Total Cost":2399090.76,"Plan Rows":62,"Plan Width":40,"Actual Startup Time":11194.113,"Actual Total Time":11194.153,"Actual Rows":11,"Actual Loops":1,"Output":["nation.n_name","(sum(order_line.ol_amount))"],"Sort Key":["(sum(order_line.ol_amount)) DESC"],"Sort Method":"quicksort","Sort Space Used":25,"Sort Space Type":"Memory","Shared Hit Blocks":460209,"Shared Read Blocks":0,"Shared Dirtied Blocks":0,"Shared Written Blocks":0,"Local Hit Blocks":0,"Local Read Blocks":0,"Local Dirtied Blocks":0,"Local Written Blocks":0,"Temp Read Blocks":67001,"Temp Written Blocks":67001,"I/O Read Time":0.0,"I/O Write Time":0.0,"Temp I/O Read Time":104.577,"Temp I/O Write Time":317.625,"Plans":[{"Node Type":"Aggregate","Strategy":"Sorted","Partial Mode":"Simple","Parent Relationship":"Outer","Parallel Aware":false,"Async Capable":false,"Startup Cost":2398936.97,"Total Cost":2399088.76,"Plan Rows":62,"Plan Width":40,"Actual Startup Time":11188.195,"Actual Total Time":11194.133,"Actual Rows":11,"Actual Loops":1,"Output":["nation.n_name","sum(order_line.ol_amount)"],"Group Key":["nation.n_name"],"Shared Hit Blocks":460209,"Shared Read Blocks":0,"Shared Dirtied Blocks":0,"Shared Written Blocks":0,"Local Hit Blocks":0,"Local Read Blocks":0,"Local Dirtied Blocks":0,"Local Written Blocks":0,"Temp Read Blocks":67001,"Temp Written Blocks":67001,"I/O Read Time":0.0,"I/O Write Time":0.0,"Temp I/O Read Time":104.577,"Temp I/O Write Time":317.625,"Plans":[{"Node Type":"Sort","Parent Relationship":"Outer","Parallel Aware":false,"Async Capable":false,"Startup Cost":2398936.97,"Total Cost":2398987.31,"Plan Rows":20136,"Plan Width":12,"Actual Startup Time":11187.758,"Actual Total Time":11189.596,"Actual Rows":35044,"Actual Loops":1,"Output":["nation.n_name","order_line.ol_amount"],"Sort Key":["nation.n_name"],"Sort Method":"quicksort","Sort Space Used":3146,"Sort Space Type":"Memory","Shared Hit Blocks":460209,"Shared Read Blocks":0,"Shared Dirtied Blocks":0,"Shared Written Blocks":0,"Local Hit Blocks":0,"Local Read Blocks":0,"Local Dirtied Blocks":0,"Local Written Blocks":0,"Temp Read Blocks":67001,"Temp Written Blocks":67001,"I/O Read Time":0.0,"I/O Write Time":0.0,"Temp I/O Read Time":104.577,"Temp I/O Write Time":317.625,"Plans":[{"Node Type":"Hash Join","Parent Relationship":"Outer","Parallel Aware":false,"Async Capable":false,"Join Type":"Inner","Startup Cost":879488.62,"Total Cost":2397497.5,"Plan Rows":20136,"Plan Width":12,"Actual Startup Time":4567.358,"Actual Total Time":11170.501,"Actual Rows":35044,"Actual Loops":1,"Output":["nation.n_name","order_line.ol_amount"],"Hash Cond":"((orders.o_c_id = customer.c_id) AND (orders.o_w_id = customer.c_w_id) AND (orders.o_d_id = customer.c_d_id) AND (supplier.su_nationkey = customer.c_nationkey))","Shared Hit Blocks":460209,"Shared Read Blocks":0,"Shared Dirtied Blocks":0,"Shared Written Blocks":0,"Local Hit Blocks":0,"Local Read Blocks":0,"Local Dirtied Blocks":0,"Local Written Blocks":0,"Temp Read Blocks":67001,"Temp Written Blocks":67001,"I/O Read Time":0.0,"I/O Write Time":0.0,"Temp I/O Read Time":104.577,"Temp I/O Write Time":317.625,"Plans":[{"Node Type":"Hash Join","Parent Relationship":"Outer","Parallel Aware":false,"Async Capable":false,"Join Type":"Inner","Startup Cost":210196.42,"Total Cost":1666455.07,"Plan Rows":1242117,"Plan Width":34,"Actual Startup Time":1596.743,"Actual Total Time":6729.925,"Actual Rows":2982388,"Actual Loops":1,"Output":["orders.o_c_id","orders.o_w_id","orders.o_d_id","order_line.ol_amount","order_line.ol_w_id","order_line.ol_d_id","stock.s_w_id","supplier.su_nationkey","nation.n_name","nation.n_nationkey"],"Hash Cond":"((order_line.ol_w_id = orders.o_w_id) AND (order_line.ol_d_id = orders.o_d_id) AND (order_line.ol_o_id = orders.o_id))","Shared Hit Blocks":219,"Shared Read Blocks":0,"Shared Dirtied Blocks":0,"Shared Written Blocks":0,"Local Hit Blocks":0,"Local Read Blocks":0,"Local Dirtied Blocks":0,"Local Written Blocks":0,"Temp Read Blocks":23127,"Temp Written Blocks":23127,"I/O Read Time":0.0,"I/O Write Time":0.0,"Temp I/O Read Time":36.139,"Temp I/O Write Time":106.51,"Plans":[{"Node Type":"Hash Join","Parent Relationship":"Outer","Parallel Aware":false,"Async Capable":false,"Join Type":"Inner","Startup Cost":59022.58,"Total Cost":1311993.18,"Plan Rows":8467814,"Plan Width":34,"Actual Startup Time":1177.997,"Actual Total Time":4726.429,"Actual Rows":3000322,"Actual Loops":1,"Output":["order_line.ol_amount","order_line.ol_o_id","order_line.ol_w_id","order_line.ol_d_id","stock.s_w_id","supplier.su_nationkey","nation.n_name","nation.n_nationkey"],"Hash Cond":"(mod((stock.s_w_id * stock.s_i_id), 10000) = supplier.su_suppkey)","Shared Hit Blocks":219,"Shared Read Blocks":0,"Shared Dirtied Blocks":0,"Shared Written Blocks":0,"Local Hit Blocks":0,"Local Read Blocks":0,"Local Dirtied Blocks":0,"Local Written Blocks":0,"Temp Read Blocks":0,"Temp Written Blocks":0,"I/O Read Time":0.0,"I/O Write Time":0.0,"Temp I/O Read Time":0.0,"Temp I/O Write Time":0.0,"Plans":[{"Node Type":"Hash Join","Parent Relationship":"Outer","Parallel Aware":false,"Async Capable":false,"Join Type":"Inner","Startup Cost":58620.59,"Total Cost":962293.85,"Plan Rows":42339072,"Plan Width":22,"Actual Startup Time":1175.028,"Actual Total Time":3331.802,"Actual Rows":8620885,"Actual Loops":1,"Output":["order_line.ol_amount","order_line.ol_o_id","order_line.ol_w_id","order_line.ol_d_id","stock.s_w_id","stock.s_i_id"],"Hash Cond":"((order_line.ol_w_id = stock.s_w_id) AND (order_line.ol_i_id = stock.s_i_id))","Rows Removed by Bloom Filter":0,"Shared Hit Blocks":0,"Shared Read Blocks":0,"Shared Dirtied Blocks":0,"Shared Written Blocks":0,"Local Hit Blocks":0,"Local Read Blocks":0,"Local Dirtied Blocks":0,"Local Written Blocks":0,"Temp Read Blocks":0,"Temp Written Blocks":0,"I/O Read Time":0.0,"I/O Write Time":0.0,"Temp I/O Read Time":0.0,"Temp I/O Write Time":0.0,"Plans":[{"Node Type":"Append","Parent Relationship":"Outer","Parallel Aware":false,"Async Capable":false,"Startup Cost":20.0,"Total Cost":1072031.01,"Plan Rows":42039468,"Plan Width":20,"Actual Startup Time":249.333,"Actual Total Time":249.343,"Actual Rows":8620885,"Actual Loops":1,"Shared Hit Blocks":0,"Shared Read Blocks":0,"Shared Dirtied Blocks":0,"Shared Written Blocks":0,"Local Hit Blocks":0,"Local Read Blocks":0,"Local Dirtied Blocks":0,"Local Written Blocks":0,"Temp Read Blocks":0,"Temp Written Blocks":0,"I/O Read Time":0.0,"I/O Write Time":0.0,"Temp I/O Read Time":0.0,"Temp I/O Write Time":0.0,"Subplans Removed":0,"Plans":[{"Node Type":"Custom Scan","Parent Relationship":"Member","Custom Plan Provider":"columnar scan","Parallel Aware":false,"Async Capable":false,"Relation Name":"order_line","Schema":"public","Alias":"order_line","Startup Cost":20.0,"Total Cost":1072026.23,"Plan Rows":42039424,"Plan Width":20,"Actual Startup Time":249.33,"Actual Total Time":249.332,"Actual Rows":8620885,"Actual Loops":1,"Output":["order_line.ol_amount","order_line.ol_o_id","order_line.ol_w_id","order_line.ol_d_id","order_line.ol_i_id"],"Filter":"(order_line.ol_delivery_d >= '1992-01-02 20:10:02.27764'::timestamp without time zone)","Rows Removed by Filter":0,"Rows Removed by Columnar Filter":51372876,"Rows Filtered by Bloom Filter":0,"Dictionary Rows Filtered by Bloom Filter":51372876,"Columnar cache search mode":"native","Shared Hit Blocks":0,"Shared Read Blocks":0,"Shared Dirtied Blocks":0,"Shared Written Blocks":0,"Local Hit Blocks":0,"Local Read Blocks":0,"Local Dirtied Blocks":0,"Local Written Blocks":0,"Temp Read Blocks":0,"Temp Written Blocks":0,"I/O Read Time":0.0,"I/O Write Time":0.0,"Temp I/O Read Time":0.0,"Temp I/O Write Time":0.0},{"Node Type":"Seq Scan","Parent Relationship":"Member","Parallel Aware":false,"Async Capable":false,"Relation Name":"order_line","Schema":"public","Alias":"order_line","Startup Cost":0.0,"Total Cost":4.79,"Plan Rows":44,"Plan Width":20,"Actual Startup Time":0.0,"Actual Total Time":0.0,"Actual Rows":0,"Actual Loops":0,"Output":["order_line.ol_amount","order_line.ol_o_id","order_line.ol_w_id","order_line.ol_d_id","order_line.ol_i_id"],"Filter":"(order_line.ol_delivery_d >= '1992-01-02 20:10:02.27764'::timestamp without time zone)","Rows Removed by Filter":0,"Shared Hit Blocks":0,"Shared Read Blocks":0,"Shared Dirtied Blocks":0,"Shared Written Blocks":0,"Local Hit Blocks":0,"Local Read Blocks":0,"Local Dirtied Blocks":0,"Local Written Blocks":0,"Temp Read Blocks":0,"Temp Written Blocks":0,"I/O Read Time":0.0,"I/O Write Time":0.0,"Temp I/O Read Time":0.0,"Temp I/O Write Time":0.0}]},{"Node Type":"Hash","Parent Relationship":"Inner","Parallel Aware":false,"Async Capable":false,"Startup Cost":390026.22,"Total Cost":390026.22,"Plan Rows":20000212,"Plan Width":6,"Actual Rows":20000000,"Actual Loops":1,"Output":["stock.s_w_id","stock.s_i_id"],"Shared Hit Blocks":0,"Shared Read Blocks":0,"Shared Dirtied Blocks":0,"Shared Written Blocks":0,"Local Hit Blocks":0,"Local Read Blocks":0,"Local Dirtied Blocks":0,"Local Written Blocks":0,"Temp Read Blocks":0,"Temp Written Blocks":0,"I/O Read Time":0.0,"I/O Write Time":0.0,"Temp I/O Read Time":0.0,"Temp I/O Write Time":0.0,"Plans":[{"Node Type":"Append","Parent Relationship":"Outer","Parallel Aware":false,"Async Capable":false,"Startup Cost":20.0,"Total Cost":390026.22,"Plan Rows":20000212,"Plan Width":6,"Actual Startup Time":0.442,"Actual Total Time":0.443,"Actual Rows":20000000,"Actual Loops":1,"Shared Hit Blocks":0,"Shared Read Blocks":0,"Shared Dirtied Blocks":0,"Shared Written Blocks":0,"Local Hit Blocks":0,"Local Read Blocks":0,"Local Dirtied Blocks":0,"Local Written Blocks":0,"Temp Read Blocks":0,"Temp Written Blocks":0,"I/O Read Time":0.0,"I/O Write Time":0.0,"Temp I/O Read Time":0.0,"Temp I/O Write Time":0.0,"Subplans Removed":0,"Plans":[{"Node Type":"Custom Scan","Parent Relationship":"Member","Custom Plan Provider":"columnar scan","Parallel Aware":false,"Async Capable":false,"Relation Name":"stock","Schema":"public","Alias":"stock","Startup Cost":20.0,"Total Cost":390020.1,"Plan Rows":20000000,"Plan Width":6,"Actual Startup Time":0.44,"Actual Total Time":0.44,"Actual Rows":20000000,"Actual Loops":1,"Output":["stock.s_w_id","stock.s_i_id"],"Rows Removed by Columnar Filter":0,"Columnar cache search mode":"native","Shared Hit Blocks":0,"Shared Read Blocks":0,"Shared Dirtied Blocks":0,"Shared Written Blocks":0,"Local Hit Blocks":0,"Local Read Blocks":0,"Local Dirtied Blocks":0,"Local Written Blocks":0,"Temp Read Blocks":0,"Temp Written Blocks":0,"I/O Read Time":0.0,"I/O Write Time":0.0,"Temp I/O Read Time":0.0,"Temp I/O Write Time":0.0},{"Node Type":"Seq Scan","Parent Relationship":"Member","Parallel Aware":false,"Async Capable":false,"Relation Name":"stock","Schema":"public","Alias":"stock","Startup Cost":0.0,"Total Cost":6.12,"Plan Rows":212,"Plan Width":6,"Actual Startup Time":0.0,"Actual Total Time":0.0,"Actual Rows":0,"Actual Loops":0,"Output":["stock.s_w_id","stock.s_i_id"],"Shared Hit Blocks":0,"Shared Read Blocks":0,"Shared Dirtied Blocks":0,"Shared Written Blocks":0,"Local Hit Blocks":0,"Local Read Blocks":0,"Local Dirtied Blocks":0,"Local Written Blocks":0,"Temp Read Blocks":0,"Temp Written Blocks":0,"I/O Read Time":0.0,"I/O Write Time":0.0,"Temp I/O Read Time":0.0,"Temp I/O Write Time":0.0}]}]}]},{"Node Type":"Hash","Parent Relationship":"Inner","Parallel Aware":false,"Async Capable":false,"Startup Cost":376.99,"Total Cost":376.99,"Plan Rows":2000,"Plan Width":20,"Actual Startup Time":2.912,"Actual Total Time":2.924,"Actual Rows":3506,"Actual Loops":1,"Output":["supplier.su_suppkey","supplier.su_nationkey","nation.n_name","nation.n_nationkey"],"Hash Buckets":4096,"Original Hash Buckets":2048,"Hash Batches":1,"Original Hash Batches":1,"Peak Memory Usage":217,"Shared Hit Blocks":219,"Shared Read Blocks":0,"Shared Dirtied Blocks":0,"Shared Written Blocks":0,"Local Hit Blocks":0,"Local Read Blocks":0,"Local Dirtied Blocks":0,"Local Written Blocks":0,"Temp Read Blocks":0,"Temp Written Blocks":0,"I/O Read Time":0.0,"I/O Write Time":0.0,"Temp I/O Read Time":0.0,"Temp I/O Write Time":0.0,"Plans":[{"Node Type":"Hash Join","Parent Relationship":"Outer","Parallel Aware":false,"Async Capable":false,"Join Type":"Inner","Startup Cost":3.14,"Total Cost":376.99,"Plan Rows":2000,"Plan Width":20,"Actual Startup Time":0.103,"Actual Total Time":2.344,"Actual Rows":3506,"Actual Loops":1,"Output":["supplier.su_suppkey","supplier.su_nationkey","nation.n_name","nation.n_nationkey"],"Hash Cond":"(supplier.su_nationkey = nation.n_nationkey)","Shared Hit Blocks":219,"Shared Read Blocks":0,"Shared Dirtied Blocks":0,"Shared Written Blocks":0,"Local Hit Blocks":0,"Local Read Blocks":0,"Local Dirtied Blocks":0,"Local Written Blocks":0,"Temp Read Blocks":0,"Temp Written Blocks":0,"I/O Read Time":0.0,"I/O Write Time":0.0,"Temp I/O Read Time":0.0,"Temp I/O Write Time":0.0,"Plans":[{"Node Type":"Seq Scan","Parent Relationship":"Outer","Parallel Aware":false,"Async Capable":false,"Relation Name":"supplier","Schema":"public","Alias":"supplier","Startup Cost":0.0,"Total Cost":317.0,"Plan Rows":10000,"Plan Width":8,"Actual Startup Time":0.027,"Actual Total Time":0.836,"Actual Rows":10000,"Actual Loops":1,"Output":["supplier.su_suppkey","supplier.su_name","supplier.su_address","supplier.su_nationkey","supplier.su_phone","supplier.su_acctbal","supplier.su_comment"],"Shared Hit Blocks":217,"Shared Read Blocks":0,"Shared Dirtied Blocks":0,"Shared Written Blocks":0,"Local Hit Blocks":0,"Local Read Blocks":0,"Local Dirtied Blocks":0,"Local Written Blocks":0,"Temp Read Blocks":0,"Temp Written Blocks":0,"I/O Read Time":0.0,"I/O Write Time":0.0,"Temp I/O Read Time":0.0,"Temp I/O Write Time":0.0},{"Node Type":"Hash","Parent Relationship":"Inner","Parallel Aware":false,"Async Capable":false,"Startup Cost":2.99,"Total Cost":2.99,"Plan Rows":12,"Plan Width":12,"Actual Startup Time":0.062,"Actual Total Time":0.069,"Actual Rows":22,"Actual Loops":1,"Output":["nation.n_name","nation.n_nationkey"],"Hash Buckets":1024,"Original Hash Buckets":1024,"Hash Batches":1,"Original Hash Batches":1,"Peak Memory Usage":9,"Shared Hit Blocks":2,"Shared Read Blocks":0,"Shared Dirtied Blocks":0,"Shared Written Blocks":0,"Local Hit Blocks":0,"Local Read Blocks":0,"Local Dirtied Blocks":0,"Local Written Blocks":0,"Temp Read Blocks":0,"Temp Written Blocks":0,"I/O Read Time":0.0,"I/O Write Time":0.0,"Temp I/O Read Time":0.0,"Temp I/O Write Time":0.0,"Plans":[{"Node Type":"Hash Join","Parent Relationship":"Outer","Parallel Aware":false,"Async Capable":false,"Join Type":"Inner","Startup Cost":1.07,"Total Cost":2.99,"Plan Rows":12,"Plan Width":12,"Actual Startup Time":0.041,"Actual Total Time":0.059,"Actual Rows":22,"Actual Loops":1,"Output":["nation.n_name","nation.n_nationkey"],"Hash Cond":"(nation.n_regionkey = region.r_regionkey)","Shared Hit Blocks":2,"Shared Read Blocks":0,"Shared Dirtied Blocks":0,"Shared Written Blocks":0,"Local Hit Blocks":0,"Local Read Blocks":0,"Local Dirtied Blocks":0,"Local Written Blocks":0,"Temp Read Blocks":0,"Temp Written Blocks":0,"I/O Read Time":0.0,"I/O Write Time":0.0,"Temp I/O Read Time":0.0,"Temp I/O Write Time":0.0,"Plans":[{"Node Type":"Seq Scan","Parent Relationship":"Outer","Parallel Aware":false,"Async Capable":false,"Relation Name":"nation","Schema":"public","Alias":"nation","Startup Cost":0.0,"Total Cost":1.62,"Plan Rows":62,"Plan Width":16,"Actual Startup Time":0.008,"Actual Total Time":0.011,"Actual Rows":62,"Actual Loops":1,"Output":["nation.n_nationkey","nation.n_name","nation.n_regionkey","nation.n_comment"],"Shared Hit Blocks":1,"Shared Read Blocks":0,"Shared Dirtied Blocks":0,"Shared Written Blocks":0,"Local Hit Blocks":0,"Local Read Blocks":0,"Local Dirtied Blocks":0,"Local Written Blocks":0,"Temp Read Blocks":0,"Temp Written Blocks":0,"I/O Read Time":0.0,"I/O Write Time":0.0,"Temp I/O Read Time":0.0,"Temp I/O Write Time":0.0},{"Node Type":"Hash","Parent Relationship":"Inner","Parallel Aware":false,"Async Capable":false,"Startup Cost":1.06,"Total Cost":1.06,"Plan Rows":1,"Plan Width":4,"Actual Startup Time":0.019,"Actual Total Time":0.022,"Actual Rows":1,"Actual Loops":1,"Output":["region.r_regionkey"],"Hash Buckets":1024,"Original Hash Buckets":1024,"Hash Batches":1,"Original Hash Batches":1,"Peak Memory Usage":9,"Shared Hit Blocks":1,"Shared Read Blocks":0,"Shared Dirtied Blocks":0,"Shared Written Blocks":0,"Local Hit Blocks":0,"Local Read Blocks":0,"Local Dirtied Blocks":0,"Local Written Blocks":0,"Temp Read Blocks":0,"Temp Written Blocks":0,"I/O Read Time":0.0,"I/O Write Time":0.0,"Temp I/O Read Time":0.0,"Temp I/O Write Time":0.0,"Plans":[{"Node Type":"Seq Scan","Parent Relationship":"Outer","Parallel Aware":false,"Async Capable":false,"Relation Name":"region","Schema":"public","Alias":"region","Startup Cost":0.0,"Total Cost":1.06,"Plan Rows":1,"Plan Width":4,"Actual Startup Time":0.014,"Actual Total Time":0.015,"Actual Rows":1,"Actual Loops":1,"Output":["region.r_regionkey"],"Filter":"((region.r_name)::text = 'Europe'::text)","Rows Removed by Filter":4,"Shared Hit Blocks":1,"Shared Read Blocks":0,"Shared Dirtied Blocks":0,"Shared Written Blocks":0,"Local Hit Blocks":0,"Local Read Blocks":0,"Local Dirtied Blocks":0,"Local Written Blocks":0,"Temp Read Blocks":0,"Temp Written Blocks":0,"I/O Read Time":0.0,"I/O Write Time":0.0,"Temp I/O Read Time":0.0,"Temp I/O Write Time":0.0}]}]}]}]}]}]},{"Node Type":"Hash","Parent Relationship":"Inner","Parallel Aware":false,"Async Capable":false,"Startup Cost":131491.69,"Total Cost":131491.69,"Plan Rows":879323,"Plan Width":16,"Actual Startup Time":417.105,"Actual Total Time":417.11,"Actual Rows":856801,"Actual Loops":1,"Output":["orders.o_c_id","orders.o_w_id","orders.o_d_id","orders.o_id"],"Hash Buckets":262144,"Original Hash Buckets":262144,"Hash Batches":8,"Original Hash Batches":8,"Peak Memory Usage":7070,"Shared Hit Blocks":0,"Shared Read Blocks":0,"Shared Dirtied Blocks":0,"Shared Written Blocks":0,"Local Hit Blocks":0,"Local Read Blocks":0,"Local Dirtied Blocks":0,"Local Written Blocks":0,"Temp Read Blocks":0,"Temp Written Blocks":3290,"I/O Read Time":0.0,"I/O Write Time":0.0,"Temp I/O Read Time":0.0,"Temp I/O Write Time":14.913,"Plans":[{"Node Type":"Append","Parent Relationship":"Outer","Parallel Aware":false,"Async Capable":false,"Startup Cost":20.0,"Total Cost":131491.69,"Plan Rows":879323,"Plan Width":16,"Actual Startup Time":0.529,"Actual Total Time":208.293,"Actual Rows":856801,"Actual Loops":1,"Shared Hit Blocks":0,"Shared Read Blocks":0,"Shared Dirtied Blocks":0,"Shared Written Blocks":0,"Local Hit Blocks":0,"Local Read Blocks":0,"Local Dirtied Blocks":0,"Local Written Blocks":0,"Temp Read Blocks":0,"Temp Written Blocks":0,"I/O Read Time":0.0,"I/O Write Time":0.0,"Temp I/O Read Time":0.0,"Temp I/O Write Time":0.0,"Subplans Removed":0,"Plans":[{"Node Type":"Custom Scan","Parent Relationship":"Member","Custom Plan Provider":"columnar scan","Parallel Aware":false,"Async Capable":false,"Relation Name":"orders","Schema":"public","Alias":"orders","Startup Cost":20.0,"Total Cost":20684.21,"Plan Rows":879322,"Plan Width":16,"Actual Startup Time":0.527,"Actual Total Time":146.549,"Actual Rows":856801,"Actual Loops":1,"Output":["orders.o_c_id","orders.o_w_id","orders.o_d_id","orders.o_id"],"Filter":"((orders.o_entry_d < '1994-01-02 20:10:02.27764'::timestamp without time zone) AND (orders.o_entry_d >= '1993-01-02 20:10:02.27764'::timestamp without time zone))","Rows Removed by Filter":0,"Rows Removed by Columnar Filter":5143199,"Columnar cache search mode":"native","Shared Hit Blocks":0,"Shared Read Blocks":0,"Shared Dirtied Blocks":0,"Shared Written Blocks":0,"Local Hit Blocks":0,"Local Read Blocks":0,"Local Dirtied Blocks":0,"Local Written Blocks":0,"Temp Read Blocks":0,"Temp Written Blocks":0,"I/O Read Time":0.0,"I/O Write Time":0.0,"Temp I/O Read Time":0.0,"Temp I/O Write Time":0.0},{"Node Type":"Seq Scan","Parent Relationship":"Member","Parallel Aware":false,"Async Capable":false,"Relation Name":"orders","Schema":"public","Alias":"orders","Startup Cost":0.0,"Total Cost":4.01,"Plan Rows":1,"Plan Width":16,"Actual Startup Time":0.0,"Actual Total Time":0.0,"Actual Rows":0,"Actual Loops":0,"Output":["orders.o_c_id","orders.o_w_id","orders.o_d_id","orders.o_id"],"Filter":"((orders.o_entry_d < '1994-01-02 20:10:02.27764'::timestamp without time zone) AND (orders.o_entry_d >= '1993-01-02 20:10:02.27764'::timestamp without time zone))","Rows Removed by Filter":0,"Shared Hit Blocks":0,"Shared Read Blocks":0,"Shared Dirtied Blocks":0,"Shared Written Blocks":0,"Local Hit Blocks":0,"Local Read Blocks":0,"Local Dirtied Blocks":0,"Local Written Blocks":0,"Temp Read Blocks":0,"Temp Written Blocks":0,"I/O Read Time":0.0,"I/O Write Time":0.0,"Temp I/O Read Time":0.0,"Temp I/O Write Time":0.0}]}]}]},{"Node Type":"Hash","Parent Relationship":"Inner","Parallel Aware":false,"Async Capable":false,"Startup Cost":519991.4,"Total Cost":519991.4,"Plan Rows":6000140,"Plan Width":12,"Actual Startup Time":2839.863,"Actual Total Time":2839.864,"Actual Rows":6000000,"Actual Loops":1,"Output":["customer.c_id","customer.c_w_id","customer.c_d_id","customer.c_nationkey"],"Hash Buckets":262144,"Original Hash Buckets":262144,"Hash Batches":64,"Original Hash Batches":64,"Peak Memory Usage":6083,"Shared Hit Blocks":459990,"Shared Read Blocks":0,"Shared Dirtied Blocks":0,"Shared Written Blocks":0,"Local Hit Blocks":0,"Local Read Blocks":0,"Local Dirtied Blocks":0,"Local Written Blocks":0,"Temp Read Blocks":0,"Temp Written Blocks":23035,"I/O Read Time":0.0,"I/O Write Time":0.0,"Temp I/O Read Time":0.0,"Temp I/O Write Time":114.062,"Plans":[{"Node Type":"Seq Scan","Parent Relationship":"Outer","Parallel Aware":false,"Async Capable":false,"Relation Name":"customer","Schema":"public","Alias":"customer","Startup Cost":0.0,"Total Cost":519991.4,"Plan Rows":6000140,"Plan Width":12,"Actual Startup Time":0.025,"Actual Total Time":1789.757,"Actual Rows":6000000,"Actual Loops":1,"Output":["customer.c_id","customer.c_w_id","customer.c_d_id","customer.c_nationkey"],"Shared Hit Blocks":459990,"Shared Read Blocks":0,"Shared Dirtied Blocks":0,"Shared Written Blocks":0,"Local Hit Blocks":0,"Local Read Blocks":0,"Local Dirtied Blocks":0,"Local Written Blocks":0,"Temp Read Blocks":0,"Temp Written Blocks":0,"I/O Read Time":0.0,"I/O Write Time":0.0,"Temp I/O Read Time":0.0,"Temp I/O Write Time":0.0}]}]}]}]}]},"Planning":{"Shared Hit Blocks":220,"Shared Read Blocks":0,"Shared Dirtied Blocks":0,"Shared Written Blocks":0,"Local Hit Blocks":0,"Local Read Blocks":0,"Local Dirtied Blocks":0,"Local Written Blocks":0,"Temp Read Blocks":0,"Temp Written Blocks":0,"I/O Read Time":0.0,"I/O Write Time":0.0,"Temp I/O Read Time":0.0,"Temp I/O Write Time":0.0},"Planning Time":5.865,"Triggers":[],"Execution Time":11195.316}]
[列存组合]: order_line, orders, region, supplier
[{"Plan":{"Node Type":"Sort","Parallel Aware":false,"Async Capable":false,"Startup Cost":4055576.05,"Total Cost":4055576.21,"Plan Rows":62,"Plan Width":40,"Actual Startup Time":21173.951,"Actual Total Time":21173.989,"Actual Rows":11,"Actual Loops":1,"Output":["nation.n_name","(sum(order_line.ol_amount))"],"Sort Key":["(sum(order_line.ol_amount)) DESC"],"Sort Method":"quicksort","Sort Space Used":25,"Sort Space Type":"Memory","Shared Hit Blocks":514665,"Shared Read Blocks":0,"Shared Dirtied Blocks":0,"Shared Written Blocks":0,"Local Hit Blocks":0,"Local Read Blocks":0,"Local Dirtied Blocks":0,"Local Written Blocks":0,"Temp Read Blocks":131755,"Temp Written Blocks":131809,"I/O Read Time":0.0,"I/O Write Time":0.0,"Temp I/O Read Time":205.912,"Temp I/O Write Time":551.278,"Plans":[{"Node Type":"Aggregate","Strategy":"Sorted","Partial Mode":"Simple","Parent Relationship":"Outer","Parallel Aware":false,"Async Capable":false,"Startup Cost":4055422.41,"Total Cost":4055574.21,"Plan Rows":62,"Plan Width":40,"Actual Startup Time":21167.996,"Actual Total Time":21173.971,"Actual Rows":11,"Actual Loops":1,"Output":["nation.n_name","sum(order_line.ol_amount)"],"Group Key":["nation.n_name"],"Shared Hit Blocks":514665,"Shared Read Blocks":0,"Shared Dirtied Blocks":0,"Shared Written Blocks":0,"Local Hit Blocks":0,"Local Read Blocks":0,"Local Dirtied Blocks":0,"Local Written Blocks":0,"Temp Read Blocks":131755,"Temp Written Blocks":131809,"I/O Read Time":0.0,"I/O Write Time":0.0,"Temp I/O Read Time":205.912,"Temp I/O Write Time":551.278,"Plans":[{"Node Type":"Sort","Parent Relationship":"Outer","Parallel Aware":false,"Async Capable":false,"Startup Cost":4055422.41,"Total Cost":4055472.75,"Plan Rows":20136,"Plan Width":12,"Actual Startup Time":21167.557,"Actual Total Time":21169.401,"Actual Rows":35044,"Actual Loops":1,"Output":["nation.n_name","order_line.ol_amount"],"Sort Key":["nation.n_name"],"Sort Method":"quicksort","Sort Space Used":3146,"Sort Space Type":"Memory","Shared Hit Blocks":514665,"Shared Read Blocks":0,"Shared Dirtied Blocks":0,"Shared Written Blocks":0,"Local Hit Blocks":0,"Local Read Blocks":0,"Local Dirtied Blocks":0,"Local Written Blocks":0,"Temp Read Blocks":131755,"Temp Written Blocks":131809,"I/O Read Time":0.0,"I/O Write Time":0.0,"Temp I/O Read Time":205.912,"Temp I/O Write Time":551.278,"Plans":[{"Node Type":"Hash Join","Parent Relationship":"Outer","Parallel Aware":false,"Async Capable":false,"Join Type":"Inner","Startup Cost":3406114.96,"Total Cost":4053982.94,"Plan Rows":20136,"Plan Width":12,"Actual Startup Time":17241.096,"Actual Total Time":21148.79,"Actual Rows":35044,"Actual Loops":1,"Output":["nation.n_name","order_line.ol_amount"],"Inner Unique":true,"Hash Cond":"((mod((stock.s_w_id * stock.s_i_id), 10000) = supplier.su_suppkey) AND (customer.c_nationkey = supplier.su_nationkey))","Shared Hit Blocks":514665,"Shared Read Blocks":0,"Shared Dirtied Blocks":0,"Shared Written Blocks":0,"Local Hit Blocks":0,"Local Read Blocks":0,"Local Dirtied Blocks":0,"Local Written Blocks":0,"Temp Read Blocks":131755,"Temp Written Blocks":131809,"I/O Read Time":0.0,"I/O Write Time":0.0,"Temp I/O Read Time":205.912,"Temp I/O Write Time":551.278,"Plans":[{"Node Type":"Merge Join","Parent Relationship":"Outer","Parallel Aware":false,"Async Capable":false,"Join Type":"Inner","Startup Cost":3405745.94,"Total Cost":4046778.94,"Plan Rows":1242717,"Plan Width":26,"Actual Startup Time":17237.575,"Actual Total Time":20855.191,"Actual Rows":2218175,"Actual Loops":1,"Output":["customer.c_nationkey","order_line.ol_amount","stock.s_w_id","stock.s_i_id","nation.n_name","nation.n_nationkey"],"Inner Unique":true,"Merge Cond":"((customer.c_w_id = stock.s_w_id) AND (order_line.ol_i_id = stock.s_i_id))","Shared Hit Blocks":514665,"Shared Read Blocks":0,"Shared Dirtied Blocks":0,"Shared Written Blocks":0,"Local Hit Blocks":0,"Local Read Blocks":0,"Local Dirtied Blocks":0,"Local Written Blocks":0,"Temp Read Blocks":131755,"Temp Written Blocks":131809,"I/O Read Time":0.0,"I/O Write Time":0.0,"Temp I/O Read Time":205.912,"Temp I/O Write Time":551.278,"Plans":[{"Node Type":"Sort","Parent Relationship":"Outer","Parallel Aware":false,"Async Capable":false,"Startup Cost":3405745.5,"Total Cost":3408826.04,"Plan Rows":1232214,"Plan Width":30,"Actual Startup Time":17237.509,"Actual Total Time":17834.578,"Actual Rows":2218175,"Actual Loops":1,"Output":["customer.c_w_id","customer.c_nationkey","orders.o_w_id","order_line.ol_amount","order_line.ol_w_id","order_line.ol_i_id","nation.n_name","nation.n_nationkey"],"Sort Key":["customer.c_w_id","order_line.ol_i_id"],"Sort Method":"external merge","Sort Space Used":94520,"Sort Space Type":"Disk","Shared Hit Blocks":459992,"Shared Read Blocks":0,"Shared Dirtied Blocks":0,"Shared Written Blocks":0,"Local Hit Blocks":0,"Local Read Blocks":0,"Local Dirtied Blocks":0,"Local Written Blocks":0,"Temp Read Blocks":131755,"Temp Written Blocks":131809,"I/O Read Time":0.0,"I/O Write Time":0.0,"Temp I/O Read Time":205.912,"Temp I/O Write Time":551.278,"Plans":[{"Node Type":"Hash Join","Parent Relationship":"Outer","Parallel Aware":false,"Async Capable":false,"Join Type":"Inner","Startup Cost":805488.83,"Total Cost":3222121.67,"Plan Rows":1232214,"Plan Width":30,"Actual Startup Time":3244.222,"Actual Total Time":14603.915,"Actual Rows":2218175,"Actual Loops":1,"Output":["customer.c_w_id","customer.c_nationkey","orders.o_w_id","order_line.ol_amount","order_line.ol_w_id","order_line.ol_i_id","nation.n_name","nation.n_nationkey"],"Inner Unique":false,"Hash Cond":"(customer.c_nationkey = nation.n_nationkey)","Shared Hit Blocks":459992,"Shared Read Blocks":0,"Shared Dirtied Blocks":0,"Shared Written Blocks":0,"Local Hit Blocks":0,"Local Read Blocks":0,"Local Dirtied Blocks":0,"Local Written Blocks":0,"Temp Read Blocks":108135,"Temp Written Blocks":108135,"I/O Read Time":0.0,"I/O Write Time":0.0,"Temp I/O Read Time":170.516,"Temp I/O Write Time":488.955,"Plans":[{"Node Type":"Hash Join","Parent Relationship":"Outer","Parallel Aware":false,"Async Capable":false,"Join Type":"Inner","Startup Cost":805485.69,"Total Cost":3187089.86,"Plan Rows":6161071,"Plan Width":18,"Actual Startup Time":3237.622,"Actual Total Time":13769.983,"Actual Rows":8568663,"Actual Loops":1,"Output":["customer.c_w_id","customer.c_nationkey","orders.o_w_id","order_line.ol_amount","order_line.ol_w_id","order_line.ol_i_id"],"Inner Unique":true,"Hash Cond":"((orders.o_c_id = customer.c_id) AND (orders.o_w_id = customer.c_w_id) AND (orders.o_d_id = customer.c_d_id))","Shared Hit Blocks":459990,"Shared Read Blocks":0,"Shared Dirtied Blocks":0,"Shared Written Blocks":0,"Local Hit Blocks":0,"Local Read Blocks":0,"Local Dirtied Blocks":0,"Local Written Blocks":0,"Temp Read Blocks":108135,"Temp Written Blocks":108135,"I/O Read Time":0.0,"I/O Write Time":0.0,"Temp I/O Read Time":170.516,"Temp I/O Write Time":488.955,"Plans":[{"Node Type":"Hash Join","Parent Relationship":"Outer","Parallel Aware":false,"Async Capable":false,"Join Type":"Inner","Startup Cost":151193.84,"Total Cost":2382779.57,"Plan Rows":6161071,"Plan Width":20,"Actual Startup Time":413.332,"Actual Total Time":6655.987,"Actual Rows":8568663,"Actual Loops":1,"Output":["orders.o_c_id","orders.o_w_id","orders.o_d_id","order_line.ol_amount","order_line.ol_w_id","order_line.ol_d_id","order_line.ol_i_id"],"Inner Unique":true,"Hash Cond":"((order_line.ol_w_id = orders.o_w_id) AND (order_line.ol_d_id = orders.o_d_id) AND (order_line.ol_o_id = orders.o_id))","Shared Hit Blocks":0,"Shared Read Blocks":0,"Shared Dirtied Blocks":0,"Shared Written Blocks":0,"Local Hit Blocks":0,"Local Read Blocks":0,"Local Dirtied Blocks":0,"Local Written Blocks":0,"Temp Read Blocks":43816,"Temp Written Blocks":43816,"I/O Read Time":0.0,"I/O Write Time":0.0,"Temp I/O Read Time":69.587,"Temp I/O Write Time":188.475,"Plans":[{"Node Type":"Append","Parent Relationship":"Outer","Parallel Aware":false,"Async Capable":false,"Startup Cost":20.0,"Total Cost":1403598.82,"Plan Rows":42039468,"Plan Width":20,"Actual Startup Time":1.377,"Actual Total Time":2576.898,"Actual Rows":8620885,"Actual Loops":1,"Shared Hit Blocks":0,"Shared Read Blocks":0,"Shared Dirtied Blocks":0,"Shared Written Blocks":0,"Local Hit Blocks":0,"Local Read Blocks":0,"Local Dirtied Blocks":0,"Local Written Blocks":0,"Temp Read Blocks":0,"Temp Written Blocks":0,"I/O Read Time":0.0,"I/O Write Time":0.0,"Temp I/O Read Time":0.0,"Temp I/O Write Time":0.0,"Subplans Removed":0,"Plans":[{"Node Type":"Custom Scan","Parent Relationship":"Member","Custom Plan Provider":"columnar scan","Parallel Aware":false,"Async Capable":false,"Relation Name":"order_line","Schema":"public","Alias":"order_line","Startup Cost":20.0,"Total Cost":1072026.23,"Plan Rows":42039424,"Plan Width":20,"Actual Startup Time":1.376,"Actual Total Time":1976.482,"Actual Rows":8620885,"Actual Loops":1,"Output":["order_line.ol_amount","order_line.ol_o_id","order_line.ol_w_id","order_line.ol_d_id","order_line.ol_i_id"],"Filter":"(order_line.ol_delivery_d >= '1992-01-02 20:10:02.27764'::timestamp without time zone)","Rows Removed by Filter":0,"Rows Removed by Columnar Filter":51372876,"Rows Filtered by Bloom Filter":0,"Dictionary Rows Filtered by Bloom Filter":51372876,"Columnar cache search mode":"native","Shared Hit Blocks":0,"Shared Read Blocks":0,"Shared Dirtied Blocks":0,"Shared Written Blocks":0,"Local Hit Blocks":0,"Local Read Blocks":0,"Local Dirtied Blocks":0,"Local Written Blocks":0,"Temp Read Blocks":0,"Temp Written Blocks":0,"I/O Read Time":0.0,"I/O Write Time":0.0,"Temp I/O Read Time":0.0,"Temp I/O Write Time":0.0},{"Node Type":"Seq Scan","Parent Relationship":"Member","Parallel Aware":false,"Async Capable":false,"Relation Name":"order_line","Schema":"public","Alias":"order_line","Startup Cost":0.0,"Total Cost":4.79,"Plan Rows":44,"Plan Width":20,"Actual Startup Time":0.0,"Actual Total Time":0.0,"Actual Rows":0,"Actual Loops":0,"Output":["order_line.ol_amount","order_line.ol_o_id","order_line.ol_w_id","order_line.ol_d_id","order_line.ol_i_id"],"Filter":"(order_line.ol_delivery_d >= '1992-01-02 20:10:02.27764'::timestamp without time zone)","Rows Removed by Filter":0,"Shared Hit Blocks":0,"Shared Read Blocks":0,"Shared Dirtied Blocks":0,"Shared Written Blocks":0,"Local Hit Blocks":0,"Local Read Blocks":0,"Local Dirtied Blocks":0,"Local Written Blocks":0,"Temp Read Blocks":0,"Temp Written Blocks":0,"I/O Read Time":0.0,"I/O Write Time":0.0,"Temp I/O Read Time":0.0,"Temp I/O Write Time":0.0}]},{"Node Type":"Hash","Parent Relationship":"Inner","Parallel Aware":false,"Async Capable":false,"Startup Cost":131491.69,"Total Cost":131491.69,"Plan Rows":879323,"Plan Width":16,"Actual Startup Time":410.693,"Actual Total Time":410.701,"Actual Rows":856801,"Actual Loops":1,"Output":["orders.o_c_id","orders.o_w_id","orders.o_d_id","orders.o_id"],"Hash Buckets":262144,"Original Hash Buckets":262144,"Hash Batches":8,"Original Hash Batches":8,"Peak Memory Usage":7070,"Shared Hit Blocks":0,"Shared Read Blocks":0,"Shared Dirtied Blocks":0,"Shared Written Blocks":0,"Local Hit Blocks":0,"Local Read Blocks":0,"Local Dirtied Blocks":0,"Local Written Blocks":0,"Temp Read Blocks":0,"Temp Written Blocks":3290,"I/O Read Time":0.0,"I/O Write Time":0.0,"Temp I/O Read Time":0.0,"Temp I/O Write Time":14.311,"Plans":[{"Node Type":"Append","Parent Relationship":"Outer","Parallel Aware":false,"Async Capable":false,"Startup Cost":20.0,"Total Cost":131491.69,"Plan Rows":879323,"Plan Width":16,"Actual Startup Time":0.47,"Actual Total Time":209.736,"Actual Rows":856801,"Actual Loops":1,"Shared Hit Blocks":0,"Shared Read Blocks":0,"Shared Dirtied Blocks":0,"Shared Written Blocks":0,"Local Hit Blocks":0,"Local Read Blocks":0,"Local Dirtied Blocks":0,"Local Written Blocks":0,"Temp Read Blocks":0,"Temp Written Blocks":0,"I/O Read Time":0.0,"I/O Write Time":0.0,"Temp I/O Read Time":0.0,"Temp I/O Write Time":0.0,"Subplans Removed":0,"Plans":[{"Node Type":"Custom Scan","Parent Relationship":"Member","Custom Plan Provider":"columnar scan","Parallel Aware":false,"Async Capable":false,"Relation Name":"orders","Schema":"public","Alias":"orders","Startup Cost":20.0,"Total Cost":20684.21,"Plan Rows":879322,"Plan Width":16,"Actual Startup Time":0.469,"Actual Total Time":146.6,"Actual Rows":856801,"Actual Loops":1,"Output":["orders.o_c_id","orders.o_w_id","orders.o_d_id","orders.o_id"],"Filter":"((orders.o_entry_d < '1994-01-02 20:10:02.27764'::timestamp without time zone) AND (orders.o_entry_d >= '1993-01-02 20:10:02.27764'::timestamp without time zone))","Rows Removed by Filter":0,"Rows Removed by Columnar Filter":5143199,"Columnar cache search mode":"native","Shared Hit Blocks":0,"Shared Read Blocks":0,"Shared Dirtied Blocks":0,"Shared Written Blocks":0,"Local Hit Blocks":0,"Local Read Blocks":0,"Local Dirtied Blocks":0,"Local Written Blocks":0,"Temp Read Blocks":0,"Temp Written Blocks":0,"I/O Read Time":0.0,"I/O Write Time":0.0,"Temp I/O Read Time":0.0,"Temp I/O Write Time":0.0},{"Node Type":"Seq Scan","Parent Relationship":"Member","Parallel Aware":false,"Async Capable":false,"Relation Name":"orders","Schema":"public","Alias":"orders","Startup Cost":0.0,"Total Cost":4.01,"Plan Rows":1,"Plan Width":16,"Actual Startup Time":0.0,"Actual Total Time":0.0,"Actual Rows":0,"Actual Loops":0,"Output":["orders.o_c_id","orders.o_w_id","orders.o_d_id","orders.o_id"],"Filter":"((orders.o_entry_d < '1994-01-02 20:10:02.27764'::timestamp without time zone) AND (orders.o_entry_d >= '1993-01-02 20:10:02.27764'::timestamp without time zone))","Rows Removed by Filter":0,"Shared Hit Blocks":0,"Shared Read Blocks":0,"Shared Dirtied Blocks":0,"Shared Written Blocks":0,"Local Hit Blocks":0,"Local Read Blocks":0,"Local Dirtied Blocks":0,"Local Written Blocks":0,"Temp Read Blocks":0,"Temp Written Blocks":0,"I/O Read Time":0.0,"I/O Write Time":0.0,"Temp I/O Read Time":0.0,"Temp I/O Write Time":0.0}]}]}]},{"Node Type":"Hash","Parent Relationship":"Inner","Parallel Aware":false,"Async Capable":false,"Startup Cost":519991.4,"Total Cost":519991.4,"Plan Rows":6000140,"Plan Width":12,"Actual Startup Time":2818.201,"Actual Total Time":2818.203,"Actual Rows":6000000,"Actual Loops":1,"Output":["customer.c_id","customer.c_w_id","customer.c_d_id","customer.c_nationkey"],"Hash Buckets":262144,"Original Hash Buckets":262144,"Hash Batches":64,"Original Hash Batches":64,"Peak Memory Usage":6073,"Shared Hit Blocks":459990,"Shared Read Blocks":0,"Shared Dirtied Blocks":0,"Shared Written Blocks":0,"Local Hit Blocks":0,"Local Read Blocks":0,"Local Dirtied Blocks":0,"Local Written Blocks":0,"Temp Read Blocks":0,"Temp Written Blocks":23037,"I/O Read Time":0.0,"I/O Write Time":0.0,"Temp I/O Read Time":0.0,"Temp I/O Write Time":111.265,"Plans":[{"Node Type":"Seq Scan","Parent Relationship":"Outer","Parallel Aware":false,"Async Capable":false,"Relation Name":"customer","Schema":"public","Alias":"customer","Startup Cost":0.0,"Total Cost":519991.4,"Plan Rows":6000140,"Plan Width":12,"Actual Startup Time":0.011,"Actual Total Time":1823.108,"Actual Rows":6000000,"Actual Loops":1,"Output":["customer.c_id","customer.c_w_id","customer.c_d_id","customer.c_nationkey"],"Shared Hit Blocks":459990,"Shared Read Blocks":0,"Shared Dirtied Blocks":0,"Shared Written Blocks":0,"Local Hit Blocks":0,"Local Read Blocks":0,"Local Dirtied Blocks":0,"Local Written Blocks":0,"Temp Read Blocks":0,"Temp Written Blocks":0,"I/O Read Time":0.0,"I/O Write Time":0.0,"Temp I/O Read Time":0.0,"Temp I/O Write Time":0.0}]}]},{"Node Type":"Hash","Parent Relationship":"Inner","Parallel Aware":false,"Async Capable":false,"Startup Cost":2.99,"Total Cost":2.99,"Plan Rows":12,"Plan Width":12,"Actual Startup Time":0.043,"Actual Total Time":0.049,"Actual Rows":22,"Actual Loops":1,"Output":["nation.n_name","nation.n_nationkey"],"Hash Buckets":1024,"Original Hash Buckets":1024,"Hash Batches":1,"Original Hash Batches":1,"Peak Memory Usage":9,"Shared Hit Blocks":2,"Shared Read Blocks":0,"Shared Dirtied Blocks":0,"Shared Written Blocks":0,"Local Hit Blocks":0,"Local Read Blocks":0,"Local Dirtied Blocks":0,"Local Written Blocks":0,"Temp Read Blocks":0,"Temp Written Blocks":0,"I/O Read Time":0.0,"I/O Write Time":0.0,"Temp I/O Read Time":0.0,"Temp I/O Write Time":0.0,"Plans":[{"Node Type":"Hash Join","Parent Relationship":"Outer","Parallel Aware":false,"Async Capable":false,"Join Type":"Inner","Startup Cost":1.07,"Total Cost":2.99,"Plan Rows":12,"Plan Width":12,"Actual Startup Time":0.024,"Actual Total Time":0.041,"Actual Rows":22,"Actual Loops":1,"Output":["nation.n_name","nation.n_nationkey"],"Inner Unique":true,"Hash Cond":"(nation.n_regionkey = region.r_regionkey)","Shared Hit Blocks":2,"Shared Read Blocks":0,"Shared Dirtied Blocks":0,"Shared Written Blocks":0,"Local Hit Blocks":0,"Local Read Blocks":0,"Local Dirtied Blocks":0,"Local Written Blocks":0,"Temp Read Blocks":0,"Temp Written Blocks":0,"I/O Read Time":0.0,"I/O Write Time":0.0,"Temp I/O Read Time":0.0,"Temp I/O Write Time":0.0,"Plans":[{"Node Type":"Seq Scan","Parent Relationship":"Outer","Parallel Aware":false,"Async Capable":false,"Relation Name":"nation","Schema":"public","Alias":"nation","Startup Cost":0.0,"Total Cost":1.62,"Plan Rows":62,"Plan Width":16,"Actual Startup Time":0.006,"Actual Total Time":0.01,"Actual Rows":62,"Actual Loops":1,"Output":["nation.n_nationkey","nation.n_name","nation.n_regionkey","nation.n_comment"],"Shared Hit Blocks":1,"Shared Read Blocks":0,"Shared Dirtied Blocks":0,"Shared Written Blocks":0,"Local Hit Blocks":0,"Local Read Blocks":0,"Local Dirtied Blocks":0,"Local Written Blocks":0,"Temp Read Blocks":0,"Temp Written Blocks":0,"I/O Read Time":0.0,"I/O Write Time":0.0,"Temp I/O Read Time":0.0,"Temp I/O Write Time":0.0},{"Node Type":"Hash","Parent Relationship":"Inner","Parallel Aware":false,"Async Capable":false,"Startup Cost":1.06,"Total Cost":1.06,"Plan Rows":1,"Plan Width":4,"Actual Startup Time":0.008,"Actual Total Time":0.009,"Actual Rows":1,"Actual Loops":1,"Output":["region.r_regionkey"],"Hash Buckets":1024,"Original Hash Buckets":1024,"Hash Batches":1,"Original Hash Batches":1,"Peak Memory Usage":9,"Shared Hit Blocks":1,"Shared Read Blocks":0,"Shared Dirtied Blocks":0,"Shared Written Blocks":0,"Local Hit Blocks":0,"Local Read Blocks":0,"Local Dirtied Blocks":0,"Local Written Blocks":0,"Temp Read Blocks":0,"Temp Written Blocks":0,"I/O Read Time":0.0,"I/O Write Time":0.0,"Temp I/O Read Time":0.0,"Temp I/O Write Time":0.0,"Plans":[{"Node Type":"Seq Scan","Parent Relationship":"Outer","Parallel Aware":false,"Async Capable":false,"Relation Name":"region","Schema":"public","Alias":"region","Startup Cost":0.0,"Total Cost":1.06,"Plan Rows":1,"Plan Width":4,"Actual Startup Time":0.006,"Actual Total Time":0.006,"Actual Rows":1,"Actual Loops":1,"Output":["region.r_regionkey"],"Filter":"((region.r_name)::text = 'Europe'::text)","Rows Removed by Filter":4,"Shared Hit Blocks":1,"Shared Read Blocks":0,"Shared Dirtied Blocks":0,"Shared Written Blocks":0,"Local Hit Blocks":0,"Local Read Blocks":0,"Local Dirtied Blocks":0,"Local Written Blocks":0,"Temp Read Blocks":0,"Temp Written Blocks":0,"I/O Read Time":0.0,"I/O Write Time":0.0,"Temp I/O Read Time":0.0,"Temp I/O Write Time":0.0}]}]}]}]}]},{"Node Type":"Index Only Scan","Parent Relationship":"Inner","Parallel Aware":false,"Async Capable":false,"Scan Direction":"Forward","Index Name":"stock_pk","Relation Name":"stock","Schema":"public","Alias":"stock","Startup Cost":0.44,"Total Cost":519363.62,"Plan Rows":20000212,"Plan Width":6,"Actual Startup Time":0.05,"Actual Total Time":1400.509,"Actual Rows":19999994,"Actual Loops":1,"Output":["stock.s_w_id","stock.s_i_id"],"Heap Fetches":0,"Shared Hit Blocks":54673,"Shared Read Blocks":0,"Shared Dirtied Blocks":0,"Shared Written Blocks":0,"Local Hit Blocks":0,"Local Read Blocks":0,"Local Dirtied Blocks":0,"Local Written Blocks":0,"Temp Read Blocks":0,"Temp Written Blocks":0,"I/O Read Time":0.0,"I/O Write Time":0.0,"Temp I/O Read Time":0.0,"Temp I/O Write Time":0.0}]},{"Node Type":"Hash","Parent Relationship":"Inner","Parallel Aware":false,"Async Capable":false,"Startup Cost":219.01,"Total Cost":219.01,"Plan Rows":10001,"Plan Width":8,"Actual Startup Time":3.093,"Actual Total Time":3.096,"Actual Rows":10000,"Actual Loops":1,"Output":["supplier.su_suppkey","supplier.su_nationkey"],"Hash Buckets":16384,"Original Hash Buckets":16384,"Hash Batches":1,"Original Hash Batches":1,"Peak Memory Usage":519,"Shared Hit Blocks":0,"Shared Read Blocks":0,"Shared Dirtied Blocks":0,"Shared Written Blocks":0,"Local Hit Blocks":0,"Local Read Blocks":0,"Local Dirtied Blocks":0,"Local Written Blocks":0,"Temp Read Blocks":0,"Temp Written Blocks":0,"I/O Read Time":0.0,"I/O Write Time":0.0,"Temp I/O Read Time":0.0,"Temp I/O Write Time":0.0,"Plans":[{"Node Type":"Append","Parent Relationship":"Outer","Parallel Aware":false,"Async Capable":false,"Startup Cost":20.0,"Total Cost":219.01,"Plan Rows":10001,"Plan Width":8,"Actual Startup Time":0.014,"Actual Total Time":1.807,"Actual Rows":10000,"Actual Loops":1,"Shared Hit Blocks":0,"Shared Read Blocks":0,"Shared Dirtied Blocks":0,"Shared Written Blocks":0,"Local Hit Blocks":0,"Local Read Blocks":0,"Local Dirtied Blocks":0,"Local Written Blocks":0,"Temp Read Blocks":0,"Temp Written Blocks":0,"I/O Read Time":0.0,"I/O Write Time":0.0,"Temp I/O Read Time":0.0,"Temp I/O Write Time":0.0,"Subplans Removed":0,"Plans":[{"Node Type":"Custom Scan","Parent Relationship":"Member","Custom Plan Provider":"columnar scan","Parallel Aware":false,"Async Capable":false,"Relation Name":"supplier","Schema":"public","Alias":"supplier","Startup Cost":20.0,"Total Cost":215.0,"Plan Rows":10000,"Plan Width":8,"Actual Startup Time":0.013,"Actual Total Time":1.101,"Actual Rows":10000,"Actual Loops":1,"Output":["supplier.su_suppkey","supplier.su_nationkey"],"Rows Removed by Columnar Filter":0,"Columnar cache search mode":"native","Shared Hit Blocks":0,"Shared Read Blocks":0,"Shared Dirtied Blocks":0,"Shared Written Blocks":0,"Local Hit Blocks":0,"Local Read Blocks":0,"Local Dirtied Blocks":0,"Local Written Blocks":0,"Temp Read Blocks":0,"Temp Written Blocks":0,"I/O Read Time":0.0,"I/O Write Time":0.0,"Temp I/O Read Time":0.0,"Temp I/O Write Time":0.0},{"Node Type":"Seq Scan","Parent Relationship":"Member","Parallel Aware":false,"Async Capable":false,"Relation Name":"supplier","Schema":"public","Alias":"supplier","Startup Cost":0.0,"Total Cost":4.01,"Plan Rows":1,"Plan Width":8,"Actual Startup Time":0.0,"Actual Total Time":0.0,"Actual Rows":0,"Actual Loops":0,"Output":["supplier.su_suppkey","supplier.su_nationkey"],"Shared Hit Blocks":0,"Shared Read Blocks":0,"Shared Dirtied Blocks":0,"Shared Written Blocks":0,"Local Hit Blocks":0,"Local Read Blocks":0,"Local Dirtied Blocks":0,"Local Written Blocks":0,"Temp Read Blocks":0,"Temp Written Blocks":0,"I/O Read Time":0.0,"I/O Write Time":0.0,"Temp I/O Read Time":0.0,"Temp I/O Write Time":0.0}]}]}]}]}]}]},"Planning":{"Shared Hit Blocks":220,"Shared Read Blocks":0,"Shared Dirtied Blocks":0,"Shared Written Blocks":0,"Local Hit Blocks":0,"Local Read Blocks":0,"Local Dirtied Blocks":0,"Local Written Blocks":0,"Temp Read Blocks":0,"Temp Written Blocks":0,"I/O Read Time":0.0,"I/O Write Time":0.0,"Temp I/O Read Time":0.0,"Temp I/O Write Time":0.0},"Planning Time":5.039,"Triggers":[],"Execution Time":21190.44}]
[列存组合]: order_line, orders, stock, supplier
[{"Plan":{"Node Type":"Sort","Parallel Aware":false,"Async Capable":false,"Startup Cost":2398992.63,"Total Cost":2398992.79,"Plan Rows":62,"Plan Width":40,"Actual Startup Time":11243.24,"Actual Total Time":11243.287,"Actual Rows":11,"Actual Loops":1,"Output":["nation.n_name","(sum(order_line.ol_amount))"],"Sort Key":["(sum(order_line.ol_amount)) DESC"],"Sort Method":"quicksort","Sort Space Used":25,"Sort Space Type":"Memory","Shared Hit Blocks":459992,"Shared Read Blocks":0,"Shared Dirtied Blocks":0,"Shared Written Blocks":0,"Local Hit Blocks":0,"Local Read Blocks":0,"Local Dirtied Blocks":0,"Local Written Blocks":0,"Temp Read Blocks":67001,"Temp Written Blocks":67001,"I/O Read Time":0.0,"I/O Write Time":0.0,"Temp I/O Read Time":103.739,"Temp I/O Write Time":314.911,"Plans":[{"Node Type":"Aggregate","Strategy":"Sorted","Partial Mode":"Simple","Parent Relationship":"Outer","Parallel Aware":false,"Async Capable":false,"Startup Cost":2398838.99,"Total Cost":2398990.79,"Plan Rows":62,"Plan Width":40,"Actual Startup Time":11237.122,"Actual Total Time":11243.27,"Actual Rows":11,"Actual Loops":1,"Output":["nation.n_name","sum(order_line.ol_amount)"],"Group Key":["nation.n_name"],"Shared Hit Blocks":459992,"Shared Read Blocks":0,"Shared Dirtied Blocks":0,"Shared Written Blocks":0,"Local Hit Blocks":0,"Local Read Blocks":0,"Local Dirtied Blocks":0,"Local Written Blocks":0,"Temp Read Blocks":67001,"Temp Written Blocks":67001,"I/O Read Time":0.0,"I/O Write Time":0.0,"Temp I/O Read Time":103.739,"Temp I/O Write Time":314.911,"Plans":[{"Node Type":"Sort","Parent Relationship":"Outer","Parallel Aware":false,"Async Capable":false,"Startup Cost":2398838.99,"Total Cost":2398889.33,"Plan Rows":20136,"Plan Width":12,"Actual Startup Time":11236.684,"Actual Total Time":11238.677,"Actual Rows":35044,"Actual Loops":1,"Output":["nation.n_name","order_line.ol_amount"],"Sort Key":["nation.n_name"],"Sort Method":"quicksort","Sort Space Used":3146,"Sort Space Type":"Memory","Shared Hit Blocks":459992,"Shared Read Blocks":0,"Shared Dirtied Blocks":0,"Shared Written Blocks":0,"Local Hit Blocks":0,"Local Read Blocks":0,"Local Dirtied Blocks":0,"Local Written Blocks":0,"Temp Read Blocks":67001,"Temp Written Blocks":67001,"I/O Read Time":0.0,"I/O Write Time":0.0,"Temp I/O Read Time":103.739,"Temp I/O Write Time":314.911,"Plans":[{"Node Type":"Hash Join","Parent Relationship":"Outer","Parallel Aware":false,"Async Capable":false,"Join Type":"Inner","Startup Cost":879390.65,"Total Cost":2397399.52,"Plan Rows":20136,"Plan Width":12,"Actual Startup Time":4582.219,"Actual Total Time":11219.699,"Actual Rows":35044,"Actual Loops":1,"Output":["nation.n_name","order_line.ol_amount"],"Hash Cond":"((orders.o_c_id = customer.c_id) AND (orders.o_w_id = customer.c_w_id) AND (orders.o_d_id = customer.c_d_id) AND (supplier.su_nationkey = customer.c_nationkey))","Shared Hit Blocks":459992,"Shared Read Blocks":0,"Shared Dirtied Blocks":0,"Shared Written Blocks":0,"Local Hit Blocks":0,"Local Read Blocks":0,"Local Dirtied Blocks":0,"Local Written Blocks":0,"Temp Read Blocks":67001,"Temp Written Blocks":67001,"I/O Read Time":0.0,"I/O Write Time":0.0,"Temp I/O Read Time":103.739,"Temp I/O Write Time":314.911,"Plans":[{"Node Type":"Hash Join","Parent Relationship":"Outer","Parallel Aware":false,"Async Capable":false,"Join Type":"Inner","Startup Cost":210098.45,"Total Cost":1666357.09,"Plan Rows":1242117,"Plan Width":34,"Actual Startup Time":1589.936,"Actual Total Time":6754.451,"Actual Rows":2982388,"Actual Loops":1,"Output":["orders.o_c_id","orders.o_w_id","orders.o_d_id","order_line.ol_amount","order_line.ol_w_id","order_line.ol_d_id","stock.s_w_id","supplier.su_nationkey","nation.n_name","nation.n_nationkey"],"Hash Cond":"((order_line.ol_w_id = orders.o_w_id) AND (order_line.ol_d_id = orders.o_d_id) AND (order_line.ol_o_id = orders.o_id))","Shared Hit Blocks":2,"Shared Read Blocks":0,"Shared Dirtied Blocks":0,"Shared Written Blocks":0,"Local Hit Blocks":0,"Local Read Blocks":0,"Local Dirtied Blocks":0,"Local Written Blocks":0,"Temp Read Blocks":23127,"Temp Written Blocks":23127,"I/O Read Time":0.0,"I/O Write Time":0.0,"Temp I/O Read Time":36.417,"Temp I/O Write Time":106.052,"Plans":[{"Node Type":"Hash Join","Parent Relationship":"Outer","Parallel Aware":false,"Async Capable":false,"Join Type":"Inner","Startup Cost":58924.61,"Total Cost":1311895.2,"Plan Rows":8467814,"Plan Width":34,"Actual Startup Time":1177.397,"Actual Total Time":4752.181,"Actual Rows":3000322,"Actual Loops":1,"Output":["order_line.ol_amount","order_line.ol_o_id","order_line.ol_w_id","order_line.ol_d_id","stock.s_w_id","supplier.su_nationkey","nation.n_name","nation.n_nationkey"],"Hash Cond":"(mod((stock.s_w_id * stock.s_i_id), 10000) = supplier.su_suppkey)","Shared Hit Blocks":2,"Shared Read Blocks":0,"Shared Dirtied Blocks":0,"Shared Written Blocks":0,"Local Hit Blocks":0,"Local Read Blocks":0,"Local Dirtied Blocks":0,"Local Written Blocks":0,"Temp Read Blocks":0,"Temp Written Blocks":0,"I/O Read Time":0.0,"I/O Write Time":0.0,"Temp I/O Read Time":0.0,"Temp I/O Write Time":0.0,"Plans":[{"Node Type":"Hash Join","Parent Relationship":"Outer","Parallel Aware":false,"Async Capable":false,"Join Type":"Inner","Startup Cost":58620.59,"Total Cost":962293.85,"Plan Rows":42339072,"Plan Width":22,"Actual Startup Time":1174.802,"Actual Total Time":3360.207,"Actual Rows":8620885,"Actual Loops":1,"Output":["order_line.ol_amount","order_line.ol_o_id","order_line.ol_w_id","order_line.ol_d_id","stock.s_w_id","stock.s_i_id"],"Hash Cond":"((order_line.ol_w_id = stock.s_w_id) AND (order_line.ol_i_id = stock.s_i_id))","Rows Removed by Bloom Filter":0,"Shared Hit Blocks":0,"Shared Read Blocks":0,"Shared Dirtied Blocks":0,"Shared Written Blocks":0,"Local Hit Blocks":0,"Local Read Blocks":0,"Local Dirtied Blocks":0,"Local Written Blocks":0,"Temp Read Blocks":0,"Temp Written Blocks":0,"I/O Read Time":0.0,"I/O Write Time":0.0,"Temp I/O Read Time":0.0,"Temp I/O Write Time":0.0,"Plans":[{"Node Type":"Append","Parent Relationship":"Outer","Parallel Aware":false,"Async Capable":false,"Startup Cost":20.0,"Total Cost":1072031.01,"Plan Rows":42039468,"Plan Width":20,"Actual Startup Time":249.793,"Actual Total Time":249.809,"Actual Rows":8620885,"Actual Loops":1,"Shared Hit Blocks":0,"Shared Read Blocks":0,"Shared Dirtied Blocks":0,"Shared Written Blocks":0,"Local Hit Blocks":0,"Local Read Blocks":0,"Local Dirtied Blocks":0,"Local Written Blocks":0,"Temp Read Blocks":0,"Temp Written Blocks":0,"I/O Read Time":0.0,"I/O Write Time":0.0,"Temp I/O Read Time":0.0,"Temp I/O Write Time":0.0,"Subplans Removed":0,"Plans":[{"Node Type":"Custom Scan","Parent Relationship":"Member","Custom Plan Provider":"columnar scan","Parallel Aware":false,"Async Capable":false,"Relation Name":"order_line","Schema":"public","Alias":"order_line","Startup Cost":20.0,"Total Cost":1072026.23,"Plan Rows":42039424,"Plan Width":20,"Actual Startup Time":249.791,"Actual Total Time":249.793,"Actual Rows":8620885,"Actual Loops":1,"Output":["order_line.ol_amount","order_line.ol_o_id","order_line.ol_w_id","order_line.ol_d_id","order_line.ol_i_id"],"Filter":"(order_line.ol_delivery_d >= '1992-01-02 20:10:02.27764'::timestamp without time zone)","Rows Removed by Filter":0,"Rows Removed by Columnar Filter":51372876,"Rows Filtered by Bloom Filter":0,"Dictionary Rows Filtered by Bloom Filter":51372876,"Columnar cache search mode":"native","Shared Hit Blocks":0,"Shared Read Blocks":0,"Shared Dirtied Blocks":0,"Shared Written Blocks":0,"Local Hit Blocks":0,"Local Read Blocks":0,"Local Dirtied Blocks":0,"Local Written Blocks":0,"Temp Read Blocks":0,"Temp Written Blocks":0,"I/O Read Time":0.0,"I/O Write Time":0.0,"Temp I/O Read Time":0.0,"Temp I/O Write Time":0.0},{"Node Type":"Seq Scan","Parent Relationship":"Member","Parallel Aware":false,"Async Capable":false,"Relation Name":"order_line","Schema":"public","Alias":"order_line","Startup Cost":0.0,"Total Cost":4.79,"Plan Rows":44,"Plan Width":20,"Actual Startup Time":0.0,"Actual Total Time":0.0,"Actual Rows":0,"Actual Loops":0,"Output":["order_line.ol_amount","order_line.ol_o_id","order_line.ol_w_id","order_line.ol_d_id","order_line.ol_i_id"],"Filter":"(order_line.ol_delivery_d >= '1992-01-02 20:10:02.27764'::timestamp without time zone)","Rows Removed by Filter":0,"Shared Hit Blocks":0,"Shared Read Blocks":0,"Shared Dirtied Blocks":0,"Shared Written Blocks":0,"Local Hit Blocks":0,"Local Read Blocks":0,"Local Dirtied Blocks":0,"Local Written Blocks":0,"Temp Read Blocks":0,"Temp Written Blocks":0,"I/O Read Time":0.0,"I/O Write Time":0.0,"Temp I/O Read Time":0.0,"Temp I/O Write Time":0.0}]},{"Node Type":"Hash","Parent Relationship":"Inner","Parallel Aware":false,"Async Capable":false,"Startup Cost":390026.22,"Total Cost":390026.22,"Plan Rows":20000212,"Plan Width":6,"Actual Rows":20000000,"Actual Loops":1,"Output":["stock.s_w_id","stock.s_i_id"],"Shared Hit Blocks":0,"Shared Read Blocks":0,"Shared Dirtied Blocks":0,"Shared Written Blocks":0,"Local Hit Blocks":0,"Local Read Blocks":0,"Local Dirtied Blocks":0,"Local Written Blocks":0,"Temp Read Blocks":0,"Temp Written Blocks":0,"I/O Read Time":0.0,"I/O Write Time":0.0,"Temp I/O Read Time":0.0,"Temp I/O Write Time":0.0,"Plans":[{"Node Type":"Append","Parent Relationship":"Outer","Parallel Aware":false,"Async Capable":false,"Startup Cost":20.0,"Total Cost":390026.22,"Plan Rows":20000212,"Plan Width":6,"Actual Startup Time":0.441,"Actual Total Time":0.443,"Actual Rows":20000000,"Actual Loops":1,"Shared Hit Blocks":0,"Shared Read Blocks":0,"Shared Dirtied Blocks":0,"Shared Written Blocks":0,"Local Hit Blocks":0,"Local Read Blocks":0,"Local Dirtied Blocks":0,"Local Written Blocks":0,"Temp Read Blocks":0,"Temp Written Blocks":0,"I/O Read Time":0.0,"I/O Write Time":0.0,"Temp I/O Read Time":0.0,"Temp I/O Write Time":0.0,"Subplans Removed":0,"Plans":[{"Node Type":"Custom Scan","Parent Relationship":"Member","Custom Plan Provider":"columnar scan","Parallel Aware":false,"Async Capable":false,"Relation Name":"stock","Schema":"public","Alias":"stock","Startup Cost":20.0,"Total Cost":390020.1,"Plan Rows":20000000,"Plan Width":6,"Actual Startup Time":0.441,"Actual Total Time":0.441,"Actual Rows":20000000,"Actual Loops":1,"Output":["stock.s_w_id","stock.s_i_id"],"Rows Removed by Columnar Filter":0,"Columnar cache search mode":"native","Shared Hit Blocks":0,"Shared Read Blocks":0,"Shared Dirtied Blocks":0,"Shared Written Blocks":0,"Local Hit Blocks":0,"Local Read Blocks":0,"Local Dirtied Blocks":0,"Local Written Blocks":0,"Temp Read Blocks":0,"Temp Written Blocks":0,"I/O Read Time":0.0,"I/O Write Time":0.0,"Temp I/O Read Time":0.0,"Temp I/O Write Time":0.0},{"Node Type":"Seq Scan","Parent Relationship":"Member","Parallel Aware":false,"Async Capable":false,"Relation Name":"stock","Schema":"public","Alias":"stock","Startup Cost":0.0,"Total Cost":6.12,"Plan Rows":212,"Plan Width":6,"Actual Startup Time":0.0,"Actual Total Time":0.0,"Actual Rows":0,"Actual Loops":0,"Output":["stock.s_w_id","stock.s_i_id"],"Shared Hit Blocks":0,"Shared Read Blocks":0,"Shared Dirtied Blocks":0,"Shared Written Blocks":0,"Local Hit Blocks":0,"Local Read Blocks":0,"Local Dirtied Blocks":0,"Local Written Blocks":0,"Temp Read Blocks":0,"Temp Written Blocks":0,"I/O Read Time":0.0,"I/O Write Time":0.0,"Temp I/O Read Time":0.0,"Temp I/O Write Time":0.0}]}]}]},{"Node Type":"Hash","Parent Relationship":"Inner","Parallel Aware":false,"Async Capable":false,"Startup Cost":279.02,"Total Cost":279.02,"Plan Rows":2000,"Plan Width":20,"Actual Startup Time":2.561,"Actual Total Time":2.574,"Actual Rows":3506,"Actual Loops":1,"Output":["supplier.su_suppkey","supplier.su_nationkey","nation.n_name","nation.n_nationkey"],"Hash Buckets":4096,"Original Hash Buckets":2048,"Hash Batches":1,"Original Hash Batches":1,"Peak Memory Usage":217,"Shared Hit Blocks":2,"Shared Read Blocks":0,"Shared Dirtied Blocks":0,"Shared Written Blocks":0,"Local Hit Blocks":0,"Local Read Blocks":0,"Local Dirtied Blocks":0,"Local Written Blocks":0,"Temp Read Blocks":0,"Temp Written Blocks":0,"I/O Read Time":0.0,"I/O Write Time":0.0,"Temp I/O Read Time":0.0,"Temp I/O Write Time":0.0,"Plans":[{"Node Type":"Hash Join","Parent Relationship":"Outer","Parallel Aware":false,"Async Capable":false,"Join Type":"Inner","Startup Cost":23.14,"Total Cost":279.02,"Plan Rows":2000,"Plan Width":20,"Actual Startup Time":0.558,"Actual Total Time":1.979,"Actual Rows":3506,"Actual Loops":1,"Output":["supplier.su_suppkey","supplier.su_nationkey","nation.n_name","nation.n_nationkey"],"Hash Cond":"(supplier.su_nationkey = nation.n_nationkey)","Shared Hit Blocks":2,"Shared Read Blocks":0,"Shared Dirtied Blocks":0,"Shared Written Blocks":0,"Local Hit Blocks":0,"Local Read Blocks":0,"Local Dirtied Blocks":0,"Local Written Blocks":0,"Temp Read Blocks":0,"Temp Written Blocks":0,"I/O Read Time":0.0,"I/O Write Time":0.0,"Temp I/O Read Time":0.0,"Temp I/O Write Time":0.0,"Plans":[{"Node Type":"Append","Parent Relationship":"Outer","Parallel Aware":false,"Async Capable":false,"Startup Cost":20.0,"Total Cost":219.01,"Plan Rows":10001,"Plan Width":8,"Actual Startup Time":0.093,"Actual Total Time":0.851,"Actual Rows":3506,"Actual Loops":1,"Shared Hit Blocks":0,"Shared Read Blocks":0,"Shared Dirtied Blocks":0,"Shared Written Blocks":0,"Local Hit Blocks":0,"Local Read Blocks":0,"Local Dirtied Blocks":0,"Local Written Blocks":0,"Temp Read Blocks":0,"Temp Written Blocks":0,"I/O Read Time":0.0,"I/O Write Time":0.0,"Temp I/O Read Time":0.0,"Temp I/O Write Time":0.0,"Subplans Removed":0,"Plans":[{"Node Type":"Custom Scan","Parent Relationship":"Member","Custom Plan Provider":"columnar scan","Parallel Aware":false,"Async Capable":false,"Relation Name":"supplier","Schema":"public","Alias":"supplier","Startup Cost":20.0,"Total Cost":215.0,"Plan Rows":10000,"Plan Width":8,"Actual Startup Time":0.092,"Actual Total Time":0.59,"Actual Rows":3506,"Actual Loops":1,"Output":["supplier.su_suppkey","supplier.su_nationkey"],"Rows Removed by Columnar Filter":6494,"Rows Filtered by Bloom Filter":0,"Dictionary Rows Filtered by Bloom Filter":6494,"Columnar cache search mode":"native","Shared Hit Blocks":0,"Shared Read Blocks":0,"Shared Dirtied Blocks":0,"Shared Written Blocks":0,"Local Hit Blocks":0,"Local Read Blocks":0,"Local Dirtied Blocks":0,"Local Written Blocks":0,"Temp Read Blocks":0,"Temp Written Blocks":0,"I/O Read Time":0.0,"I/O Write Time":0.0,"Temp I/O Read Time":0.0,"Temp I/O Write Time":0.0},{"Node Type":"Seq Scan","Parent Relationship":"Member","Parallel Aware":false,"Async Capable":false,"Relation Name":"supplier","Schema":"public","Alias":"supplier","Startup Cost":0.0,"Total Cost":4.01,"Plan Rows":1,"Plan Width":8,"Actual Startup Time":0.0,"Actual Total Time":0.0,"Actual Rows":0,"Actual Loops":0,"Output":["supplier.su_suppkey","supplier.su_nationkey"],"Shared Hit Blocks":0,"Shared Read Blocks":0,"Shared Dirtied Blocks":0,"Shared Written Blocks":0,"Local Hit Blocks":0,"Local Read Blocks":0,"Local Dirtied Blocks":0,"Local Written Blocks":0,"Temp Read Blocks":0,"Temp Written Blocks":0,"I/O Read Time":0.0,"I/O Write Time":0.0,"Temp I/O Read Time":0.0,"Temp I/O Write Time":0.0}]},{"Node Type":"Hash","Parent Relationship":"Inner","Parallel Aware":false,"Async Capable":false,"Startup Cost":2.99,"Total Cost":2.99,"Plan Rows":12,"Plan Width":12,"Actual Startup Time":0.065,"Actual Total Time":0.071,"Actual Rows":22,"Actual Loops":1,"Output":["nation.n_name","nation.n_nationkey"],"Hash Buckets":1024,"Original Hash Buckets":1024,"Hash Batches":1,"Original Hash Batches":1,"Peak Memory Usage":9,"Shared Hit Blocks":2,"Shared Read Blocks":0,"Shared Dirtied Blocks":0,"Shared Written Blocks":0,"Local Hit Blocks":0,"Local Read Blocks":0,"Local Dirtied Blocks":0,"Local Written Blocks":0,"Temp Read Blocks":0,"Temp Written Blocks":0,"I/O Read Time":0.0,"I/O Write Time":0.0,"Temp I/O Read Time":0.0,"Temp I/O Write Time":0.0,"Plans":[{"Node Type":"Hash Join","Parent Relationship":"Outer","Parallel Aware":false,"Async Capable":false,"Join Type":"Inner","Startup Cost":1.07,"Total Cost":2.99,"Plan Rows":12,"Plan Width":12,"Actual Startup Time":0.044,"Actual Total Time":0.063,"Actual Rows":22,"Actual Loops":1,"Output":["nation.n_name","nation.n_nationkey"],"Hash Cond":"(nation.n_regionkey = region.r_regionkey)","Shared Hit Blocks":2,"Shared Read Blocks":0,"Shared Dirtied Blocks":0,"Shared Written Blocks":0,"Local Hit Blocks":0,"Local Read Blocks":0,"Local Dirtied Blocks":0,"Local Written Blocks":0,"Temp Read Blocks":0,"Temp Written Blocks":0,"I/O Read Time":0.0,"I/O Write Time":0.0,"Temp I/O Read Time":0.0,"Temp I/O Write Time":0.0,"Plans":[{"Node Type":"Seq Scan","Parent Relationship":"Outer","Parallel Aware":false,"Async Capable":false,"Relation Name":"nation","Schema":"public","Alias":"nation","Startup Cost":0.0,"Total Cost":1.62,"Plan Rows":62,"Plan Width":16,"Actual Startup Time":0.019,"Actual Total Time":0.023,"Actual Rows":62,"Actual Loops":1,"Output":["nation.n_nationkey","nation.n_name","nation.n_regionkey","nation.n_comment"],"Shared Hit Blocks":1,"Shared Read Blocks":0,"Shared Dirtied Blocks":0,"Shared Written Blocks":0,"Local Hit Blocks":0,"Local Read Blocks":0,"Local Dirtied Blocks":0,"Local Written Blocks":0,"Temp Read Blocks":0,"Temp Written Blocks":0,"I/O Read Time":0.0,"I/O Write Time":0.0,"Temp I/O Read Time":0.0,"Temp I/O Write Time":0.0},{"Node Type":"Hash","Parent Relationship":"Inner","Parallel Aware":false,"Async Capable":false,"Startup Cost":1.06,"Total Cost":1.06,"Plan Rows":1,"Plan Width":4,"Actual Startup Time":0.013,"Actual Total Time":0.015,"Actual Rows":1,"Actual Loops":1,"Output":["region.r_regionkey"],"Hash Buckets":1024,"Original Hash Buckets":1024,"Hash Batches":1,"Original Hash Batches":1,"Peak Memory Usage":9,"Shared Hit Blocks":1,"Shared Read Blocks":0,"Shared Dirtied Blocks":0,"Shared Written Blocks":0,"Local Hit Blocks":0,"Local Read Blocks":0,"Local Dirtied Blocks":0,"Local Written Blocks":0,"Temp Read Blocks":0,"Temp Written Blocks":0,"I/O Read Time":0.0,"I/O Write Time":0.0,"Temp I/O Read Time":0.0,"Temp I/O Write Time":0.0,"Plans":[{"Node Type":"Seq Scan","Parent Relationship":"Outer","Parallel Aware":false,"Async Capable":false,"Relation Name":"region","Schema":"public","Alias":"region","Startup Cost":0.0,"Total Cost":1.06,"Plan Rows":1,"Plan Width":4,"Actual Startup Time":0.01,"Actual Total Time":0.011,"Actual Rows":1,"Actual Loops":1,"Output":["region.r_regionkey"],"Filter":"((region.r_name)::text = 'Europe'::text)","Rows Removed by Filter":4,"Shared Hit Blocks":1,"Shared Read Blocks":0,"Shared Dirtied Blocks":0,"Shared Written Blocks":0,"Local Hit Blocks":0,"Local Read Blocks":0,"Local Dirtied Blocks":0,"Local Written Blocks":0,"Temp Read Blocks":0,"Temp Written Blocks":0,"I/O Read Time":0.0,"I/O Write Time":0.0,"Temp I/O Read Time":0.0,"Temp I/O Write Time":0.0}]}]}]}]}]}]},{"Node Type":"Hash","Parent Relationship":"Inner","Parallel Aware":false,"Async Capable":false,"Startup Cost":131491.69,"Total Cost":131491.69,"Plan Rows":879323,"Plan Width":16,"Actual Startup Time":410.877,"Actual Total Time":410.882,"Actual Rows":856801,"Actual Loops":1,"Output":["orders.o_c_id","orders.o_w_id","orders.o_d_id","orders.o_id"],"Hash Buckets":262144,"Original Hash Buckets":262144,"Hash Batches":8,"Original Hash Batches":8,"Peak Memory Usage":7070,"Shared Hit Blocks":0,"Shared Read Blocks":0,"Shared Dirtied Blocks":0,"Shared Written Blocks":0,"Local Hit Blocks":0,"Local Read Blocks":0,"Local Dirtied Blocks":0,"Local Written Blocks":0,"Temp Read Blocks":0,"Temp Written Blocks":3290,"I/O Read Time":0.0,"I/O Write Time":0.0,"Temp I/O Read Time":0.0,"Temp I/O Write Time":14.31,"Plans":[{"Node Type":"Append","Parent Relationship":"Outer","Parallel Aware":false,"Async Capable":false,"Startup Cost":20.0,"Total Cost":131491.69,"Plan Rows":879323,"Plan Width":16,"Actual Startup Time":0.489,"Actual Total Time":209.519,"Actual Rows":856801,"Actual Loops":1,"Shared Hit Blocks":0,"Shared Read Blocks":0,"Shared Dirtied Blocks":0,"Shared Written Blocks":0,"Local Hit Blocks":0,"Local Read Blocks":0,"Local Dirtied Blocks":0,"Local Written Blocks":0,"Temp Read Blocks":0,"Temp Written Blocks":0,"I/O Read Time":0.0,"I/O Write Time":0.0,"Temp I/O Read Time":0.0,"Temp I/O Write Time":0.0,"Subplans Removed":0,"Plans":[{"Node Type":"Custom Scan","Parent Relationship":"Member","Custom Plan Provider":"columnar scan","Parallel Aware":false,"Async Capable":false,"Relation Name":"orders","Schema":"public","Alias":"orders","Startup Cost":20.0,"Total Cost":20684.21,"Plan Rows":879322,"Plan Width":16,"Actual Startup Time":0.487,"Actual Total Time":147.159,"Actual Rows":856801,"Actual Loops":1,"Output":["orders.o_c_id","orders.o_w_id","orders.o_d_id","orders.o_id"],"Filter":"((orders.o_entry_d < '1994-01-02 20:10:02.27764'::timestamp without time zone) AND (orders.o_entry_d >= '1993-01-02 20:10:02.27764'::timestamp without time zone))","Rows Removed by Filter":0,"Rows Removed by Columnar Filter":5143199,"Columnar cache search mode":"native","Shared Hit Blocks":0,"Shared Read Blocks":0,"Shared Dirtied Blocks":0,"Shared Written Blocks":0,"Local Hit Blocks":0,"Local Read Blocks":0,"Local Dirtied Blocks":0,"Local Written Blocks":0,"Temp Read Blocks":0,"Temp Written Blocks":0,"I/O Read Time":0.0,"I/O Write Time":0.0,"Temp I/O Read Time":0.0,"Temp I/O Write Time":0.0},{"Node Type":"Seq Scan","Parent Relationship":"Member","Parallel Aware":false,"Async Capable":false,"Relation Name":"orders","Schema":"public","Alias":"orders","Startup Cost":0.0,"Total Cost":4.01,"Plan Rows":1,"Plan Width":16,"Actual Startup Time":0.0,"Actual Total Time":0.0,"Actual Rows":0,"Actual Loops":0,"Output":["orders.o_c_id","orders.o_w_id","orders.o_d_id","orders.o_id"],"Filter":"((orders.o_entry_d < '1994-01-02 20:10:02.27764'::timestamp without time zone) AND (orders.o_entry_d >= '1993-01-02 20:10:02.27764'::timestamp without time zone))","Rows Removed by Filter":0,"Shared Hit Blocks":0,"Shared Read Blocks":0,"Shared Dirtied Blocks":0,"Shared Written Blocks":0,"Local Hit Blocks":0,"Local Read Blocks":0,"Local Dirtied Blocks":0,"Local Written Blocks":0,"Temp Read Blocks":0,"Temp Written Blocks":0,"I/O Read Time":0.0,"I/O Write Time":0.0,"Temp I/O Read Time":0.0,"Temp I/O Write Time":0.0}]}]}]},{"Node Type":"Hash","Parent Relationship":"Inner","Parallel Aware":false,"Async Capable":false,"Startup Cost":519991.4,"Total Cost":519991.4,"Plan Rows":6000140,"Plan Width":12,"Actual Startup Time":2861.467,"Actual Total Time":2861.467,"Actual Rows":6000000,"Actual Loops":1,"Output":["customer.c_id","customer.c_w_id","customer.c_d_id","customer.c_nationkey"],"Hash Buckets":262144,"Original Hash Buckets":262144,"Hash Batches":64,"Original Hash Batches":64,"Peak Memory Usage":6083,"Shared Hit Blocks":459990,"Shared Read Blocks":0,"Shared Dirtied Blocks":0,"Shared Written Blocks":0,"Local Hit Blocks":0,"Local Read Blocks":0,"Local Dirtied Blocks":0,"Local Written Blocks":0,"Temp Read Blocks":0,"Temp Written Blocks":23035,"I/O Read Time":0.0,"I/O Write Time":0.0,"Temp I/O Read Time":0.0,"Temp I/O Write Time":111.799,"Plans":[{"Node Type":"Seq Scan","Parent Relationship":"Outer","Parallel Aware":false,"Async Capable":false,"Relation Name":"customer","Schema":"public","Alias":"customer","Startup Cost":0.0,"Total Cost":519991.4,"Plan Rows":6000140,"Plan Width":12,"Actual Startup Time":0.017,"Actual Total Time":1815.444,"Actual Rows":6000000,"Actual Loops":1,"Output":["customer.c_id","customer.c_w_id","customer.c_d_id","customer.c_nationkey"],"Shared Hit Blocks":459990,"Shared Read Blocks":0,"Shared Dirtied Blocks":0,"Shared Written Blocks":0,"Local Hit Blocks":0,"Local Read Blocks":0,"Local Dirtied Blocks":0,"Local Written Blocks":0,"Temp Read Blocks":0,"Temp Written Blocks":0,"I/O Read Time":0.0,"I/O Write Time":0.0,"Temp I/O Read Time":0.0,"Temp I/O Write Time":0.0}]}]}]}]}]},"Planning":{"Shared Hit Blocks":220,"Shared Read Blocks":0,"Shared Dirtied Blocks":0,"Shared Written Blocks":0,"Local Hit Blocks":0,"Local Read Blocks":0,"Local Dirtied Blocks":0,"Local Written Blocks":0,"Temp Read Blocks":0,"Temp Written Blocks":0,"I/O Read Time":0.0,"I/O Write Time":0.0,"Temp I/O Read Time":0.0,"Temp I/O Write Time":0.0},"Planning Time":5.76,"Triggers":[],"Execution Time":11244.548}]
[列存组合]: order_line, region, stock, supplier
[{"Plan":{"Node Type":"Sort","Parallel Aware":false,"Async Capable":false,"Startup Cost":2401622.45,"Total Cost":2401622.6,"Plan Rows":62,"Plan Width":40,"Actual Startup Time":11426.706,"Actual Total Time":11426.75,"Actual Rows":11,"Actual Loops":1,"Output":["nation.n_name","(sum(order_line.ol_amount))"],"Sort Key":["(sum(order_line.ol_amount)) DESC"],"Sort Method":"quicksort","Sort Space Used":25,"Sort Space Type":"Memory","Shared Hit Blocks":504114,"Shared Read Blocks":0,"Shared Dirtied Blocks":0,"Shared Written Blocks":0,"Local Hit Blocks":0,"Local Read Blocks":0,"Local Dirtied Blocks":0,"Local Written Blocks":0,"Temp Read Blocks":67001,"Temp Written Blocks":67001,"I/O Read Time":0.0,"I/O Write Time":0.0,"Temp I/O Read Time":103.858,"Temp I/O Write Time":315.853,"Plans":[{"Node Type":"Aggregate","Strategy":"Sorted","Partial Mode":"Simple","Parent Relationship":"Outer","Parallel Aware":false,"Async Capable":false,"Startup Cost":2401468.81,"Total Cost":2401620.6,"Plan Rows":62,"Plan Width":40,"Actual Startup Time":11420.779,"Actual Total Time":11426.731,"Actual Rows":11,"Actual Loops":1,"Output":["nation.n_name","sum(order_line.ol_amount)"],"Group Key":["nation.n_name"],"Shared Hit Blocks":504114,"Shared Read Blocks":0,"Shared Dirtied Blocks":0,"Shared Written Blocks":0,"Local Hit Blocks":0,"Local Read Blocks":0,"Local Dirtied Blocks":0,"Local Written Blocks":0,"Temp Read Blocks":67001,"Temp Written Blocks":67001,"I/O Read Time":0.0,"I/O Write Time":0.0,"Temp I/O Read Time":103.858,"Temp I/O Write Time":315.853,"Plans":[{"Node Type":"Sort","Parent Relationship":"Outer","Parallel Aware":false,"Async Capable":false,"Startup Cost":2401468.81,"Total Cost":2401519.15,"Plan Rows":20136,"Plan Width":12,"Actual Startup Time":11420.335,"Actual Total Time":11422.181,"Actual Rows":35044,"Actual Loops":1,"Output":["nation.n_name","order_line.ol_amount"],"Sort Key":["nation.n_name"],"Sort Method":"quicksort","Sort Space Used":3146,"Sort Space Type":"Memory","Shared Hit Blocks":504114,"Shared Read Blocks":0,"Shared Dirtied Blocks":0,"Shared Written Blocks":0,"Local Hit Blocks":0,"Local Read Blocks":0,"Local Dirtied Blocks":0,"Local Written Blocks":0,"Temp Read Blocks":67001,"Temp Written Blocks":67001,"I/O Read Time":0.0,"I/O Write Time":0.0,"Temp I/O Read Time":103.858,"Temp I/O Write Time":315.853,"Plans":[{"Node Type":"Hash Join","Parent Relationship":"Outer","Parallel Aware":false,"Async Capable":false,"Join Type":"Inner","Startup Cost":882020.46,"Total Cost":2400029.34,"Plan Rows":20136,"Plan Width":12,"Actual Startup Time":4796.377,"Actual Total Time":11403.301,"Actual Rows":35044,"Actual Loops":1,"Output":["nation.n_name","order_line.ol_amount"],"Hash Cond":"((orders.o_c_id = customer.c_id) AND (orders.o_w_id = customer.c_w_id) AND (orders.o_d_id = customer.c_d_id) AND (supplier.su_nationkey = customer.c_nationkey))","Shared Hit Blocks":504114,"Shared Read Blocks":0,"Shared Dirtied Blocks":0,"Shared Written Blocks":0,"Local Hit Blocks":0,"Local Read Blocks":0,"Local Dirtied Blocks":0,"Local Written Blocks":0,"Temp Read Blocks":67001,"Temp Written Blocks":67001,"I/O Read Time":0.0,"I/O Write Time":0.0,"Temp I/O Read Time":103.858,"Temp I/O Write Time":315.853,"Plans":[{"Node Type":"Hash Join","Parent Relationship":"Outer","Parallel Aware":false,"Async Capable":false,"Join Type":"Inner","Startup Cost":212728.26,"Total Cost":1668986.91,"Plan Rows":1242117,"Plan Width":34,"Actual Startup Time":1817.251,"Actual Total Time":6952.382,"Actual Rows":2982388,"Actual Loops":1,"Output":["orders.o_c_id","orders.o_w_id","orders.o_d_id","order_line.ol_amount","order_line.ol_w_id","order_line.ol_d_id","stock.s_w_id","supplier.su_nationkey","nation.n_name","nation.n_nationkey"],"Hash Cond":"((order_line.ol_w_id = orders.o_w_id) AND (order_line.ol_d_id = orders.o_d_id) AND (order_line.ol_o_id = orders.o_id))","Shared Hit Blocks":44124,"Shared Read Blocks":0,"Shared Dirtied Blocks":0,"Shared Written Blocks":0,"Local Hit Blocks":0,"Local Read Blocks":0,"Local Dirtied Blocks":0,"Local Written Blocks":0,"Temp Read Blocks":23127,"Temp Written Blocks":23127,"I/O Read Time":0.0,"I/O Write Time":0.0,"Temp I/O Read Time":35.86,"Temp I/O Write Time":107.465,"Plans":[{"Node Type":"Hash Join","Parent Relationship":"Outer","Parallel Aware":false,"Async Capable":false,"Join Type":"Inner","Startup Cost":58924.61,"Total Cost":1311895.2,"Plan Rows":8467814,"Plan Width":34,"Actual Startup Time":1173.527,"Actual Total Time":4723.591,"Actual Rows":3000322,"Actual Loops":1,"Output":["order_line.ol_amount","order_line.ol_o_id","order_line.ol_w_id","order_line.ol_d_id","stock.s_w_id","supplier.su_nationkey","nation.n_name","nation.n_nationkey"],"Hash Cond":"(mod((stock.s_w_id * stock.s_i_id), 10000) = supplier.su_suppkey)","Shared Hit Blocks":2,"Shared Read Blocks":0,"Shared Dirtied Blocks":0,"Shared Written Blocks":0,"Local Hit Blocks":0,"Local Read Blocks":0,"Local Dirtied Blocks":0,"Local Written Blocks":0,"Temp Read Blocks":0,"Temp Written Blocks":0,"I/O Read Time":0.0,"I/O Write Time":0.0,"Temp I/O Read Time":0.0,"Temp I/O Write Time":0.0,"Plans":[{"Node Type":"Hash Join","Parent Relationship":"Outer","Parallel Aware":false,"Async Capable":false,"Join Type":"Inner","Startup Cost":58620.59,"Total Cost":962293.85,"Plan Rows":42339072,"Plan Width":22,"Actual Startup Time":1170.881,"Actual Total Time":3329.281,"Actual Rows":8620885,"Actual Loops":1,"Output":["order_line.ol_amount","order_line.ol_o_id","order_line.ol_w_id","order_line.ol_d_id","stock.s_w_id","stock.s_i_id"],"Hash Cond":"((order_line.ol_w_id = stock.s_w_id) AND (order_line.ol_i_id = stock.s_i_id))","Rows Removed by Bloom Filter":0,"Shared Hit Blocks":0,"Shared Read Blocks":0,"Shared Dirtied Blocks":0,"Shared Written Blocks":0,"Local Hit Blocks":0,"Local Read Blocks":0,"Local Dirtied Blocks":0,"Local Written Blocks":0,"Temp Read Blocks":0,"Temp Written Blocks":0,"I/O Read Time":0.0,"I/O Write Time":0.0,"Temp I/O Read Time":0.0,"Temp I/O Write Time":0.0,"Plans":[{"Node Type":"Append","Parent Relationship":"Outer","Parallel Aware":false,"Async Capable":false,"Startup Cost":20.0,"Total Cost":1072031.01,"Plan Rows":42039468,"Plan Width":20,"Actual Startup Time":247.717,"Actual Total Time":247.73,"Actual Rows":8620885,"Actual Loops":1,"Shared Hit Blocks":0,"Shared Read Blocks":0,"Shared Dirtied Blocks":0,"Shared Written Blocks":0,"Local Hit Blocks":0,"Local Read Blocks":0,"Local Dirtied Blocks":0,"Local Written Blocks":0,"Temp Read Blocks":0,"Temp Written Blocks":0,"I/O Read Time":0.0,"I/O Write Time":0.0,"Temp I/O Read Time":0.0,"Temp I/O Write Time":0.0,"Subplans Removed":0,"Plans":[{"Node Type":"Custom Scan","Parent Relationship":"Member","Custom Plan Provider":"columnar scan","Parallel Aware":false,"Async Capable":false,"Relation Name":"order_line","Schema":"public","Alias":"order_line","Startup Cost":20.0,"Total Cost":1072026.23,"Plan Rows":42039424,"Plan Width":20,"Actual Startup Time":247.715,"Actual Total Time":247.717,"Actual Rows":8620885,"Actual Loops":1,"Output":["order_line.ol_amount","order_line.ol_o_id","order_line.ol_w_id","order_line.ol_d_id","order_line.ol_i_id"],"Filter":"(order_line.ol_delivery_d >= '1992-01-02 20:10:02.27764'::timestamp without time zone)","Rows Removed by Filter":0,"Rows Removed by Columnar Filter":51372876,"Rows Filtered by Bloom Filter":0,"Dictionary Rows Filtered by Bloom Filter":51372876,"Columnar cache search mode":"native","Shared Hit Blocks":0,"Shared Read Blocks":0,"Shared Dirtied Blocks":0,"Shared Written Blocks":0,"Local Hit Blocks":0,"Local Read Blocks":0,"Local Dirtied Blocks":0,"Local Written Blocks":0,"Temp Read Blocks":0,"Temp Written Blocks":0,"I/O Read Time":0.0,"I/O Write Time":0.0,"Temp I/O Read Time":0.0,"Temp I/O Write Time":0.0},{"Node Type":"Seq Scan","Parent Relationship":"Member","Parallel Aware":false,"Async Capable":false,"Relation Name":"order_line","Schema":"public","Alias":"order_line","Startup Cost":0.0,"Total Cost":4.79,"Plan Rows":44,"Plan Width":20,"Actual Startup Time":0.0,"Actual Total Time":0.0,"Actual Rows":0,"Actual Loops":0,"Output":["order_line.ol_amount","order_line.ol_o_id","order_line.ol_w_id","order_line.ol_d_id","order_line.ol_i_id"],"Filter":"(order_line.ol_delivery_d >= '1992-01-02 20:10:02.27764'::timestamp without time zone)","Rows Removed by Filter":0,"Shared Hit Blocks":0,"Shared Read Blocks":0,"Shared Dirtied Blocks":0,"Shared Written Blocks":0,"Local Hit Blocks":0,"Local Read Blocks":0,"Local Dirtied Blocks":0,"Local Written Blocks":0,"Temp Read Blocks":0,"Temp Written Blocks":0,"I/O Read Time":0.0,"I/O Write Time":0.0,"Temp I/O Read Time":0.0,"Temp I/O Write Time":0.0}]},{"Node Type":"Hash","Parent Relationship":"Inner","Parallel Aware":false,"Async Capable":false,"Startup Cost":390026.22,"Total Cost":390026.22,"Plan Rows":20000212,"Plan Width":6,"Actual Rows":20000000,"Actual Loops":1,"Output":["stock.s_w_id","stock.s_i_id"],"Shared Hit Blocks":0,"Shared Read Blocks":0,"Shared Dirtied Blocks":0,"Shared Written Blocks":0,"Local Hit Blocks":0,"Local Read Blocks":0,"Local Dirtied Blocks":0,"Local Written Blocks":0,"Temp Read Blocks":0,"Temp Written Blocks":0,"I/O Read Time":0.0,"I/O Write Time":0.0,"Temp I/O Read Time":0.0,"Temp I/O Write Time":0.0,"Plans":[{"Node Type":"Append","Parent Relationship":"Outer","Parallel Aware":false,"Async Capable":false,"Startup Cost":20.0,"Total Cost":390026.22,"Plan Rows":20000212,"Plan Width":6,"Actual Startup Time":0.441,"Actual Total Time":0.442,"Actual Rows":20000000,"Actual Loops":1,"Shared Hit Blocks":0,"Shared Read Blocks":0,"Shared Dirtied Blocks":0,"Shared Written Blocks":0,"Local Hit Blocks":0,"Local Read Blocks":0,"Local Dirtied Blocks":0,"Local Written Blocks":0,"Temp Read Blocks":0,"Temp Written Blocks":0,"I/O Read Time":0.0,"I/O Write Time":0.0,"Temp I/O Read Time":0.0,"Temp I/O Write Time":0.0,"Subplans Removed":0,"Plans":[{"Node Type":"Custom Scan","Parent Relationship":"Member","Custom Plan Provider":"columnar scan","Parallel Aware":false,"Async Capable":false,"Relation Name":"stock","Schema":"public","Alias":"stock","Startup Cost":20.0,"Total Cost":390020.1,"Plan Rows":20000000,"Plan Width":6,"Actual Startup Time":0.44,"Actual Total Time":0.44,"Actual Rows":20000000,"Actual Loops":1,"Output":["stock.s_w_id","stock.s_i_id"],"Rows Removed by Columnar Filter":0,"Columnar cache search mode":"native","Shared Hit Blocks":0,"Shared Read Blocks":0,"Shared Dirtied Blocks":0,"Shared Written Blocks":0,"Local Hit Blocks":0,"Local Read Blocks":0,"Local Dirtied Blocks":0,"Local Written Blocks":0,"Temp Read Blocks":0,"Temp Written Blocks":0,"I/O Read Time":0.0,"I/O Write Time":0.0,"Temp I/O Read Time":0.0,"Temp I/O Write Time":0.0},{"Node Type":"Seq Scan","Parent Relationship":"Member","Parallel Aware":false,"Async Capable":false,"Relation Name":"stock","Schema":"public","Alias":"stock","Startup Cost":0.0,"Total Cost":6.12,"Plan Rows":212,"Plan Width":6,"Actual Startup Time":0.0,"Actual Total Time":0.0,"Actual Rows":0,"Actual Loops":0,"Output":["stock.s_w_id","stock.s_i_id"],"Shared Hit Blocks":0,"Shared Read Blocks":0,"Shared Dirtied Blocks":0,"Shared Written Blocks":0,"Local Hit Blocks":0,"Local Read Blocks":0,"Local Dirtied Blocks":0,"Local Written Blocks":0,"Temp Read Blocks":0,"Temp Written Blocks":0,"I/O Read Time":0.0,"I/O Write Time":0.0,"Temp I/O Read Time":0.0,"Temp I/O Write Time":0.0}]}]}]},{"Node Type":"Hash","Parent Relationship":"Inner","Parallel Aware":false,"Async Capable":false,"Startup Cost":279.02,"Total Cost":279.02,"Plan Rows":2000,"Plan Width":20,"Actual Startup Time":2.595,"Actual Total Time":2.608,"Actual Rows":3506,"Actual Loops":1,"Output":["supplier.su_suppkey","supplier.su_nationkey","nation.n_name","nation.n_nationkey"],"Hash Buckets":4096,"Original Hash Buckets":2048,"Hash Batches":1,"Original Hash Batches":1,"Peak Memory Usage":217,"Shared Hit Blocks":2,"Shared Read Blocks":0,"Shared Dirtied Blocks":0,"Shared Written Blocks":0,"Local Hit Blocks":0,"Local Read Blocks":0,"Local Dirtied Blocks":0,"Local Written Blocks":0,"Temp Read Blocks":0,"Temp Written Blocks":0,"I/O Read Time":0.0,"I/O Write Time":0.0,"Temp I/O Read Time":0.0,"Temp I/O Write Time":0.0,"Plans":[{"Node Type":"Hash Join","Parent Relationship":"Outer","Parallel Aware":false,"Async Capable":false,"Join Type":"Inner","Startup Cost":23.14,"Total Cost":279.02,"Plan Rows":2000,"Plan Width":20,"Actual Startup Time":0.589,"Actual Total Time":2.021,"Actual Rows":3506,"Actual Loops":1,"Output":["supplier.su_suppkey","supplier.su_nationkey","nation.n_name","nation.n_nationkey"],"Hash Cond":"(supplier.su_nationkey = nation.n_nationkey)","Shared Hit Blocks":2,"Shared Read Blocks":0,"Shared Dirtied Blocks":0,"Shared Written Blocks":0,"Local Hit Blocks":0,"Local Read Blocks":0,"Local Dirtied Blocks":0,"Local Written Blocks":0,"Temp Read Blocks":0,"Temp Written Blocks":0,"I/O Read Time":0.0,"I/O Write Time":0.0,"Temp I/O Read Time":0.0,"Temp I/O Write Time":0.0,"Plans":[{"Node Type":"Append","Parent Relationship":"Outer","Parallel Aware":false,"Async Capable":false,"Startup Cost":20.0,"Total Cost":219.01,"Plan Rows":10001,"Plan Width":8,"Actual Startup Time":0.122,"Actual Total Time":0.895,"Actual Rows":3506,"Actual Loops":1,"Shared Hit Blocks":0,"Shared Read Blocks":0,"Shared Dirtied Blocks":0,"Shared Written Blocks":0,"Local Hit Blocks":0,"Local Read Blocks":0,"Local Dirtied Blocks":0,"Local Written Blocks":0,"Temp Read Blocks":0,"Temp Written Blocks":0,"I/O Read Time":0.0,"I/O Write Time":0.0,"Temp I/O Read Time":0.0,"Temp I/O Write Time":0.0,"Subplans Removed":0,"Plans":[{"Node Type":"Custom Scan","Parent Relationship":"Member","Custom Plan Provider":"columnar scan","Parallel Aware":false,"Async Capable":false,"Relation Name":"supplier","Schema":"public","Alias":"supplier","Startup Cost":20.0,"Total Cost":215.0,"Plan Rows":10000,"Plan Width":8,"Actual Startup Time":0.12,"Actual Total Time":0.637,"Actual Rows":3506,"Actual Loops":1,"Output":["supplier.su_suppkey","supplier.su_nationkey"],"Rows Removed by Columnar Filter":6494,"Rows Filtered by Bloom Filter":0,"Dictionary Rows Filtered by Bloom Filter":6494,"Columnar cache search mode":"native","Shared Hit Blocks":0,"Shared Read Blocks":0,"Shared Dirtied Blocks":0,"Shared Written Blocks":0,"Local Hit Blocks":0,"Local Read Blocks":0,"Local Dirtied Blocks":0,"Local Written Blocks":0,"Temp Read Blocks":0,"Temp Written Blocks":0,"I/O Read Time":0.0,"I/O Write Time":0.0,"Temp I/O Read Time":0.0,"Temp I/O Write Time":0.0},{"Node Type":"Seq Scan","Parent Relationship":"Member","Parallel Aware":false,"Async Capable":false,"Relation Name":"supplier","Schema":"public","Alias":"supplier","Startup Cost":0.0,"Total Cost":4.01,"Plan Rows":1,"Plan Width":8,"Actual Startup Time":0.0,"Actual Total Time":0.0,"Actual Rows":0,"Actual Loops":0,"Output":["supplier.su_suppkey","supplier.su_nationkey"],"Shared Hit Blocks":0,"Shared Read Blocks":0,"Shared Dirtied Blocks":0,"Shared Written Blocks":0,"Local Hit Blocks":0,"Local Read Blocks":0,"Local Dirtied Blocks":0,"Local Written Blocks":0,"Temp Read Blocks":0,"Temp Written Blocks":0,"I/O Read Time":0.0,"I/O Write Time":0.0,"Temp I/O Read Time":0.0,"Temp I/O Write Time":0.0}]},{"Node Type":"Hash","Parent Relationship":"Inner","Parallel Aware":false,"Async Capable":false,"Startup Cost":2.99,"Total Cost":2.99,"Plan Rows":12,"Plan Width":12,"Actual Startup Time":0.068,"Actual Total Time":0.073,"Actual Rows":22,"Actual Loops":1,"Output":["nation.n_name","nation.n_nationkey"],"Hash Buckets":1024,"Original Hash Buckets":1024,"Hash Batches":1,"Original Hash Batches":1,"Peak Memory Usage":9,"Shared Hit Blocks":2,"Shared Read Blocks":0,"Shared Dirtied Blocks":0,"Shared Written Blocks":0,"Local Hit Blocks":0,"Local Read Blocks":0,"Local Dirtied Blocks":0,"Local Written Blocks":0,"Temp Read Blocks":0,"Temp Written Blocks":0,"I/O Read Time":0.0,"I/O Write Time":0.0,"Temp I/O Read Time":0.0,"Temp I/O Write Time":0.0,"Plans":[{"Node Type":"Hash Join","Parent Relationship":"Outer","Parallel Aware":false,"Async Capable":false,"Join Type":"Inner","Startup Cost":1.07,"Total Cost":2.99,"Plan Rows":12,"Plan Width":12,"Actual Startup Time":0.045,"Actual Total Time":0.062,"Actual Rows":22,"Actual Loops":1,"Output":["nation.n_name","nation.n_nationkey"],"Hash Cond":"(nation.n_regionkey = region.r_regionkey)","Shared Hit Blocks":2,"Shared Read Blocks":0,"Shared Dirtied Blocks":0,"Shared Written Blocks":0,"Local Hit Blocks":0,"Local Read Blocks":0,"Local Dirtied Blocks":0,"Local Written Blocks":0,"Temp Read Blocks":0,"Temp Written Blocks":0,"I/O Read Time":0.0,"I/O Write Time":0.0,"Temp I/O Read Time":0.0,"Temp I/O Write Time":0.0,"Plans":[{"Node Type":"Seq Scan","Parent Relationship":"Outer","Parallel Aware":false,"Async Capable":false,"Relation Name":"nation","Schema":"public","Alias":"nation","Startup Cost":0.0,"Total Cost":1.62,"Plan Rows":62,"Plan Width":16,"Actual Startup Time":0.014,"Actual Total Time":0.019,"Actual Rows":62,"Actual Loops":1,"Output":["nation.n_nationkey","nation.n_name","nation.n_regionkey","nation.n_comment"],"Shared Hit Blocks":1,"Shared Read Blocks":0,"Shared Dirtied Blocks":0,"Shared Written Blocks":0,"Local Hit Blocks":0,"Local Read Blocks":0,"Local Dirtied Blocks":0,"Local Written Blocks":0,"Temp Read Blocks":0,"Temp Written Blocks":0,"I/O Read Time":0.0,"I/O Write Time":0.0,"Temp I/O Read Time":0.0,"Temp I/O Write Time":0.0},{"Node Type":"Hash","Parent Relationship":"Inner","Parallel Aware":false,"Async Capable":false,"Startup Cost":1.06,"Total Cost":1.06,"Plan Rows":1,"Plan Width":4,"Actual Startup Time":0.015,"Actual Total Time":0.017,"Actual Rows":1,"Actual Loops":1,"Output":["region.r_regionkey"],"Hash Buckets":1024,"Original Hash Buckets":1024,"Hash Batches":1,"Original Hash Batches":1,"Peak Memory Usage":9,"Shared Hit Blocks":1,"Shared Read Blocks":0,"Shared Dirtied Blocks":0,"Shared Written Blocks":0,"Local Hit Blocks":0,"Local Read Blocks":0,"Local Dirtied Blocks":0,"Local Written Blocks":0,"Temp Read Blocks":0,"Temp Written Blocks":0,"I/O Read Time":0.0,"I/O Write Time":0.0,"Temp I/O Read Time":0.0,"Temp I/O Write Time":0.0,"Plans":[{"Node Type":"Seq Scan","Parent Relationship":"Outer","Parallel Aware":false,"Async Capable":false,"Relation Name":"region","Schema":"public","Alias":"region","Startup Cost":0.0,"Total Cost":1.06,"Plan Rows":1,"Plan Width":4,"Actual Startup Time":0.011,"Actual Total Time":0.011,"Actual Rows":1,"Actual Loops":1,"Output":["region.r_regionkey"],"Filter":"((region.r_name)::text = 'Europe'::text)","Rows Removed by Filter":4,"Shared Hit Blocks":1,"Shared Read Blocks":0,"Shared Dirtied Blocks":0,"Shared Written Blocks":0,"Local Hit Blocks":0,"Local Read Blocks":0,"Local Dirtied Blocks":0,"Local Written Blocks":0,"Temp Read Blocks":0,"Temp Written Blocks":0,"I/O Read Time":0.0,"I/O Write Time":0.0,"Temp I/O Read Time":0.0,"Temp I/O Write Time":0.0}]}]}]}]}]}]},{"Node Type":"Hash","Parent Relationship":"Inner","Parallel Aware":false,"Async Capable":false,"Startup Cost":134121.52,"Total Cost":134121.52,"Plan Rows":879322,"Plan Width":16,"Actual Startup Time":642.166,"Actual Total Time":642.168,"Actual Rows":856801,"Actual Loops":1,"Output":["orders.o_c_id","orders.o_w_id","orders.o_d_id","orders.o_id"],"Hash Buckets":262144,"Original Hash Buckets":262144,"Hash Batches":8,"Original Hash Batches":8,"Peak Memory Usage":7070,"Shared Hit Blocks":44122,"Shared Read Blocks":0,"Shared Dirtied Blocks":0,"Shared Written Blocks":0,"Local Hit Blocks":0,"Local Read Blocks":0,"Local Dirtied Blocks":0,"Local Written Blocks":0,"Temp Read Blocks":0,"Temp Written Blocks":3290,"I/O Read Time":0.0,"I/O Write Time":0.0,"Temp I/O Read Time":0.0,"Temp I/O Write Time":15.585,"Plans":[{"Node Type":"Seq Scan","Parent Relationship":"Outer","Parallel Aware":false,"Async Capable":false,"Relation Name":"orders","Schema":"public","Alias":"orders","Startup Cost":0.0,"Total Cost":134121.52,"Plan Rows":879322,"Plan Width":16,"Actual Startup Time":0.67,"Actual Total Time":443.176,"Actual Rows":856801,"Actual Loops":1,"Output":["orders.o_c_id","orders.o_w_id","orders.o_d_id","orders.o_id"],"Filter":"((orders.o_entry_d >= '1993-01-02 20:10:02.27764'::timestamp without time zone) AND (orders.o_entry_d < '1994-01-02 20:10:02.27764'::timestamp without time zone))","Rows Removed by Filter":5143199,"Shared Hit Blocks":44122,"Shared Read Blocks":0,"Shared Dirtied Blocks":0,"Shared Written Blocks":0,"Local Hit Blocks":0,"Local Read Blocks":0,"Local Dirtied Blocks":0,"Local Written Blocks":0,"Temp Read Blocks":0,"Temp Written Blocks":0,"I/O Read Time":0.0,"I/O Write Time":0.0,"Temp I/O Read Time":0.0,"Temp I/O Write Time":0.0}]}]},{"Node Type":"Hash","Parent Relationship":"Inner","Parallel Aware":false,"Async Capable":false,"Startup Cost":519991.4,"Total Cost":519991.4,"Plan Rows":6000140,"Plan Width":12,"Actual Startup Time":2848.445,"Actual Total Time":2848.445,"Actual Rows":6000000,"Actual Loops":1,"Output":["customer.c_id","customer.c_w_id","customer.c_d_id","customer.c_nationkey"],"Hash Buckets":262144,"Original Hash Buckets":262144,"Hash Batches":64,"Original Hash Batches":64,"Peak Memory Usage":6083,"Shared Hit Blocks":459990,"Shared Read Blocks":0,"Shared Dirtied Blocks":0,"Shared Written Blocks":0,"Local Hit Blocks":0,"Local Read Blocks":0,"Local Dirtied Blocks":0,"Local Written Blocks":0,"Temp Read Blocks":0,"Temp Written Blocks":23035,"I/O Read Time":0.0,"I/O Write Time":0.0,"Temp I/O Read Time":0.0,"Temp I/O Write Time":111.503,"Plans":[{"Node Type":"Seq Scan","Parent Relationship":"Outer","Parallel Aware":false,"Async Capable":false,"Relation Name":"customer","Schema":"public","Alias":"customer","Startup Cost":0.0,"Total Cost":519991.4,"Plan Rows":6000140,"Plan Width":12,"Actual Startup Time":0.019,"Actual Total Time":1800.136,"Actual Rows":6000000,"Actual Loops":1,"Output":["customer.c_id","customer.c_w_id","customer.c_d_id","customer.c_nationkey"],"Shared Hit Blocks":459990,"Shared Read Blocks":0,"Shared Dirtied Blocks":0,"Shared Written Blocks":0,"Local Hit Blocks":0,"Local Read Blocks":0,"Local Dirtied Blocks":0,"Local Written Blocks":0,"Temp Read Blocks":0,"Temp Written Blocks":0,"I/O Read Time":0.0,"I/O Write Time":0.0,"Temp I/O Read Time":0.0,"Temp I/O Write Time":0.0}]}]}]}]}]},"Planning":{"Shared Hit Blocks":220,"Shared Read Blocks":0,"Shared Dirtied Blocks":0,"Shared Written Blocks":0,"Local Hit Blocks":0,"Local Read Blocks":0,"Local Dirtied Blocks":0,"Local Written Blocks":0,"Temp Read Blocks":0,"Temp Written Blocks":0,"I/O Read Time":0.0,"I/O Write Time":0.0,"Temp I/O Read Time":0.0,"Temp I/O Write Time":0.0},"Planning Time":5.566,"Triggers":[],"Execution Time":11428.021}]
[列存组合]: orders, region, stock, supplier
[{"Plan":{"Node Type":"Sort","Parallel Aware":false,"Async Capable":false,"Startup Cost":4083648.03,"Total Cost":4083648.18,"Plan Rows":62,"Plan Width":40,"Actual Startup Time":34579.168,"Actual Total Time":34579.199,"Actual Rows":11,"Actual Loops":1,"Output":["nation.n_name","(sum(order_line.ol_amount))"],"Sort Key":["(sum(order_line.ol_amount)) DESC"],"Sort Method":"quicksort","Sort Space Used":25,"Sort Space Type":"Memory","Shared Hit Blocks":1196413,"Shared Read Blocks":0,"Shared Dirtied Blocks":0,"Shared Written Blocks":0,"Local Hit Blocks":0,"Local Read Blocks":0,"Local Dirtied Blocks":0,"Local Written Blocks":0,"Temp Read Blocks":288611,"Temp Written Blocks":288665,"I/O Read Time":0.0,"I/O Write Time":0.0,"Temp I/O Read Time":436.502,"Temp I/O Write Time":1166.288,"Plans":[{"Node Type":"Aggregate","Strategy":"Sorted","Partial Mode":"Simple","Parent Relationship":"Outer","Parallel Aware":false,"Async Capable":false,"Startup Cost":4083494.39,"Total Cost":4083646.18,"Plan Rows":62,"Plan Width":40,"Actual Startup Time":34573.241,"Actual Total Time":34579.181,"Actual Rows":11,"Actual Loops":1,"Output":["nation.n_name","sum(order_line.ol_amount)"],"Group Key":["nation.n_name"],"Shared Hit Blocks":1196413,"Shared Read Blocks":0,"Shared Dirtied Blocks":0,"Shared Written Blocks":0,"Local Hit Blocks":0,"Local Read Blocks":0,"Local Dirtied Blocks":0,"Local Written Blocks":0,"Temp Read Blocks":288611,"Temp Written Blocks":288665,"I/O Read Time":0.0,"I/O Write Time":0.0,"Temp I/O Read Time":436.502,"Temp I/O Write Time":1166.288,"Plans":[{"Node Type":"Sort","Parent Relationship":"Outer","Parallel Aware":false,"Async Capable":false,"Startup Cost":4083494.39,"Total Cost":4083544.73,"Plan Rows":20136,"Plan Width":12,"Actual Startup Time":34572.802,"Actual Total Time":34574.606,"Actual Rows":35044,"Actual Loops":1,"Output":["nation.n_name","order_line.ol_amount"],"Sort Key":["nation.n_name"],"Sort Method":"quicksort","Sort Space Used":3146,"Sort Space Type":"Memory","Shared Hit Blocks":1196413,"Shared Read Blocks":0,"Shared Dirtied Blocks":0,"Shared Written Blocks":0,"Local Hit Blocks":0,"Local Read Blocks":0,"Local Dirtied Blocks":0,"Local Written Blocks":0,"Temp Read Blocks":288611,"Temp Written Blocks":288665,"I/O Read Time":0.0,"I/O Write Time":0.0,"Temp I/O Read Time":436.502,"Temp I/O Write Time":1166.288,"Plans":[{"Node Type":"Hash Join","Parent Relationship":"Outer","Parallel Aware":false,"Async Capable":false,"Join Type":"Inner","Startup Cost":3434186.94,"Total Cost":4082054.92,"Plan Rows":20136,"Plan Width":12,"Actual Startup Time":30642.633,"Actual Total Time":34553.758,"Actual Rows":35044,"Actual Loops":1,"Output":["nation.n_name","order_line.ol_amount"],"Inner Unique":true,"Hash Cond":"((mod((stock.s_w_id * stock.s_i_id), 10000) = supplier.su_suppkey) AND (customer.c_nationkey = supplier.su_nationkey))","Shared Hit Blocks":1196413,"Shared Read Blocks":0,"Shared Dirtied Blocks":0,"Shared Written Blocks":0,"Local Hit Blocks":0,"Local Read Blocks":0,"Local Dirtied Blocks":0,"Local Written Blocks":0,"Temp Read Blocks":288611,"Temp Written Blocks":288665,"I/O Read Time":0.0,"I/O Write Time":0.0,"Temp I/O Read Time":436.502,"Temp I/O Write Time":1166.288,"Plans":[{"Node Type":"Merge Join","Parent Relationship":"Outer","Parallel Aware":false,"Async Capable":false,"Join Type":"Inner","Startup Cost":3433817.91,"Total Cost":4074850.92,"Plan Rows":1242717,"Plan Width":26,"Actual Startup Time":30639.068,"Actual Total Time":34272.526,"Actual Rows":2218175,"Actual Loops":1,"Output":["customer.c_nationkey","order_line.ol_amount","stock.s_w_id","stock.s_i_id","nation.n_name","nation.n_nationkey"],"Inner Unique":true,"Merge Cond":"((customer.c_w_id = stock.s_w_id) AND (order_line.ol_i_id = stock.s_i_id))","Shared Hit Blocks":1196413,"Shared Read Blocks":0,"Shared Dirtied Blocks":0,"Shared Written Blocks":0,"Local Hit Blocks":0,"Local Read Blocks":0,"Local Dirtied Blocks":0,"Local Written Blocks":0,"Temp Read Blocks":288611,"Temp Written Blocks":288665,"I/O Read Time":0.0,"I/O Write Time":0.0,"Temp I/O Read Time":436.502,"Temp I/O Write Time":1166.288,"Plans":[{"Node Type":"Sort","Parent Relationship":"Outer","Parallel Aware":false,"Async Capable":false,"Startup Cost":3433817.48,"Total Cost":3436898.01,"Plan Rows":1232214,"Plan Width":30,"Actual Startup Time":30639.0,"Actual Total Time":31237.102,"Actual Rows":2218175,"Actual Loops":1,"Output":["customer.c_w_id","customer.c_nationkey","orders.o_w_id","order_line.ol_amount","order_line.ol_w_id","order_line.ol_i_id","nation.n_name","nation.n_nationkey"],"Sort Key":["customer.c_w_id","order_line.ol_i_id"],"Sort Method":"external merge","Sort Space Used":94520,"Sort Space Type":"Disk","Shared Hit Blocks":1141740,"Shared Read Blocks":0,"Shared Dirtied Blocks":0,"Shared Written Blocks":0,"Local Hit Blocks":0,"Local Read Blocks":0,"Local Dirtied Blocks":0,"Local Written Blocks":0,"Temp Read Blocks":288611,"Temp Written Blocks":288665,"I/O Read Time":0.0,"I/O Write Time":0.0,"Temp I/O Read Time":436.502,"Temp I/O Write Time":1166.288,"Plans":[{"Node Type":"Hash Join","Parent Relationship":"Outer","Parallel Aware":false,"Async Capable":false,"Join Type":"Inner","Startup Cost":805468.83,"Total Cost":3250193.65,"Plan Rows":1232214,"Plan Width":30,"Actual Startup Time":3222.331,"Actual Total Time":28000.712,"Actual Rows":2218175,"Actual Loops":1,"Output":["customer.c_w_id","customer.c_nationkey","orders.o_w_id","order_line.ol_amount","order_line.ol_w_id","order_line.ol_i_id","nation.n_name","nation.n_nationkey"],"Inner Unique":false,"Hash Cond":"(customer.c_nationkey = nation.n_nationkey)","Shared Hit Blocks":1141740,"Shared Read Blocks":0,"Shared Dirtied Blocks":0,"Shared Written Blocks":0,"Local Hit Blocks":0,"Local Read Blocks":0,"Local Dirtied Blocks":0,"Local Written Blocks":0,"Temp Read Blocks":264991,"Temp Written Blocks":264991,"I/O Read Time":0.0,"I/O Write Time":0.0,"Temp I/O Read Time":400.463,"Temp I/O Write Time":1103.552,"Plans":[{"Node Type":"Hash Join","Parent Relationship":"Outer","Parallel Aware":false,"Async Capable":false,"Join Type":"Inner","Startup Cost":805465.69,"Total Cost":3215161.84,"Plan Rows":6161071,"Plan Width":18,"Actual Startup Time":3214.568,"Actual Total Time":27150.963,"Actual Rows":8568663,"Actual Loops":1,"Output":["customer.c_w_id","customer.c_nationkey","orders.o_w_id","order_line.ol_amount","order_line.ol_w_id","order_line.ol_i_id"],"Inner Unique":true,"Hash Cond":"((orders.o_c_id = customer.c_id) AND (orders.o_w_id = customer.c_w_id) AND (orders.o_d_id = customer.c_d_id))","Shared Hit Blocks":1141738,"Shared Read Blocks":0,"Shared Dirtied Blocks":0,"Shared Written Blocks":0,"Local Hit Blocks":0,"Local Read Blocks":0,"Local Dirtied Blocks":0,"Local Written Blocks":0,"Temp Read Blocks":264991,"Temp Written Blocks":264991,"I/O Read Time":0.0,"I/O Write Time":0.0,"Temp I/O Read Time":400.463,"Temp I/O Write Time":1103.552,"Plans":[{"Node Type":"Hash Join","Parent Relationship":"Outer","Parallel Aware":false,"Async Capable":false,"Join Type":"Inner","Startup Cost":151173.84,"Total Cost":2410851.54,"Plan Rows":6161071,"Plan Width":20,"Actual Startup Time":386.893,"Actual Total Time":20013.343,"Actual Rows":8568663,"Actual Loops":1,"Output":["orders.o_c_id","orders.o_w_id","orders.o_d_id","order_line.ol_amount","order_line.ol_w_id","order_line.ol_d_id","order_line.ol_i_id"],"Inner Unique":true,"Hash Cond":"((order_line.ol_w_id = orders.o_w_id) AND (order_line.ol_d_id = orders.o_d_id) AND (order_line.ol_o_id = orders.o_id))","Shared Hit Blocks":681748,"Shared Read Blocks":0,"Shared Dirtied Blocks":0,"Shared Written Blocks":0,"Local Hit Blocks":0,"Local Read Blocks":0,"Local Dirtied Blocks":0,"Local Written Blocks":0,"Temp Read Blocks":200672,"Temp Written Blocks":200672,"I/O Read Time":0.0,"I/O Write Time":0.0,"Temp I/O Read Time":300.808,"Temp I/O Write Time":797.215,"Plans":[{"Node Type":"Seq Scan","Parent Relationship":"Outer","Parallel Aware":false,"Async Capable":false,"Relation Name":"order_line","Schema":"public","Alias":"order_line","Startup Cost":0.0,"Total Cost":1431670.8,"Plan Rows":42039468,"Plan Width":20,"Actual Startup Time":0.006,"Actual Total Time":7331.067,"Actual Rows":42000489,"Actual Loops":1,"Output":["order_line.ol_amount","order_line.ol_o_id","order_line.ol_w_id","order_line.ol_d_id","order_line.ol_i_id"],"Filter":"(order_line.ol_delivery_d >= '1992-01-02 20:10:02.27764'::timestamp without time zone)","Rows Removed by Filter":17993272,"Shared Hit Blocks":681748,"Shared Read Blocks":0,"Shared Dirtied Blocks":0,"Shared Written Blocks":0,"Local Hit Blocks":0,"Local Read Blocks":0,"Local Dirtied Blocks":0,"Local Written Blocks":0,"Temp Read Blocks":0,"Temp Written Blocks":0,"I/O Read Time":0.0,"I/O Write Time":0.0,"Temp I/O Read Time":0.0,"Temp I/O Write Time":0.0},{"Node Type":"Hash","Parent Relationship":"Inner","Parallel Aware":false,"Async Capable":false,"Startup Cost":131491.69,"Total Cost":131491.69,"Plan Rows":879323,"Plan Width":16,"Actual Startup Time":352.147,"Actual Total Time":352.156,"Actual Rows":856801,"Actual Loops":1,"Output":["orders.o_c_id","orders.o_w_id","orders.o_d_id","orders.o_id"],"Hash Buckets":262144,"Original Hash Buckets":262144,"Hash Batches":8,"Original Hash Batches":8,"Peak Memory Usage":7070,"Shared Hit Blocks":0,"Shared Read Blocks":0,"Shared Dirtied Blocks":0,"Shared Written Blocks":0,"Local Hit Blocks":0,"Local Read Blocks":0,"Local Dirtied Blocks":0,"Local Written Blocks":0,"Temp Read Blocks":0,"Temp Written Blocks":3290,"I/O Read Time":0.0,"I/O Write Time":0.0,"Temp I/O Read Time":0.0,"Temp I/O Write Time":13.92,"Plans":[{"Node Type":"Append","Parent Relationship":"Outer","Parallel Aware":false,"Async Capable":false,"Startup Cost":20.0,"Total Cost":131491.69,"Plan Rows":879323,"Plan Width":16,"Actual Startup Time":0.605,"Actual Total Time":200.501,"Actual Rows":856801,"Actual Loops":1,"Shared Hit Blocks":0,"Shared Read Blocks":0,"Shared Dirtied Blocks":0,"Shared Written Blocks":0,"Local Hit Blocks":0,"Local Read Blocks":0,"Local Dirtied Blocks":0,"Local Written Blocks":0,"Temp Read Blocks":0,"Temp Written Blocks":0,"I/O Read Time":0.0,"I/O Write Time":0.0,"Temp I/O Read Time":0.0,"Temp I/O Write Time":0.0,"Subplans Removed":0,"Plans":[{"Node Type":"Custom Scan","Parent Relationship":"Member","Custom Plan Provider":"columnar scan","Parallel Aware":false,"Async Capable":false,"Relation Name":"orders","Schema":"public","Alias":"orders","Startup Cost":20.0,"Total Cost":20684.21,"Plan Rows":879322,"Plan Width":16,"Actual Startup Time":0.604,"Actual Total Time":140.186,"Actual Rows":856801,"Actual Loops":1,"Output":["orders.o_c_id","orders.o_w_id","orders.o_d_id","orders.o_id"],"Filter":"((orders.o_entry_d < '1994-01-02 20:10:02.27764'::timestamp without time zone) AND (orders.o_entry_d >= '1993-01-02 20:10:02.27764'::timestamp without time zone))","Rows Removed by Filter":0,"Rows Removed by Columnar Filter":5143199,"Columnar cache search mode":"native","Shared Hit Blocks":0,"Shared Read Blocks":0,"Shared Dirtied Blocks":0,"Shared Written Blocks":0,"Local Hit Blocks":0,"Local Read Blocks":0,"Local Dirtied Blocks":0,"Local Written Blocks":0,"Temp Read Blocks":0,"Temp Written Blocks":0,"I/O Read Time":0.0,"I/O Write Time":0.0,"Temp I/O Read Time":0.0,"Temp I/O Write Time":0.0},{"Node Type":"Seq Scan","Parent Relationship":"Member","Parallel Aware":false,"Async Capable":false,"Relation Name":"orders","Schema":"public","Alias":"orders","Startup Cost":0.0,"Total Cost":4.01,"Plan Rows":1,"Plan Width":16,"Actual Startup Time":0.0,"Actual Total Time":0.0,"Actual Rows":0,"Actual Loops":0,"Output":["orders.o_c_id","orders.o_w_id","orders.o_d_id","orders.o_id"],"Filter":"((orders.o_entry_d < '1994-01-02 20:10:02.27764'::timestamp without time zone) AND (orders.o_entry_d >= '1993-01-02 20:10:02.27764'::timestamp without time zone))","Rows Removed by Filter":0,"Shared Hit Blocks":0,"Shared Read Blocks":0,"Shared Dirtied Blocks":0,"Shared Written Blocks":0,"Local Hit Blocks":0,"Local Read Blocks":0,"Local Dirtied Blocks":0,"Local Written Blocks":0,"Temp Read Blocks":0,"Temp Written Blocks":0,"I/O Read Time":0.0,"I/O Write Time":0.0,"Temp I/O Read Time":0.0,"Temp I/O Write Time":0.0}]}]}]},{"Node Type":"Hash","Parent Relationship":"Inner","Parallel Aware":false,"Async Capable":false,"Startup Cost":519991.4,"Total Cost":519991.4,"Plan Rows":6000140,"Plan Width":12,"Actual Startup Time":2820.658,"Actual Total Time":2820.66,"Actual Rows":6000000,"Actual Loops":1,"Output":["customer.c_id","customer.c_w_id","customer.c_d_id","customer.c_nationkey"],"Hash Buckets":262144,"Original Hash Buckets":262144,"Hash Batches":64,"Original Hash Batches":64,"Peak Memory Usage":6073,"Shared Hit Blocks":459990,"Shared Read Blocks":0,"Shared Dirtied Blocks":0,"Shared Written Blocks":0,"Local Hit Blocks":0,"Local Read Blocks":0,"Local Dirtied Blocks":0,"Local Written Blocks":0,"Temp Read Blocks":0,"Temp Written Blocks":23037,"I/O Read Time":0.0,"I/O Write Time":0.0,"Temp I/O Read Time":0.0,"Temp I/O Write Time":110.513,"Plans":[{"Node Type":"Seq Scan","Parent Relationship":"Outer","Parallel Aware":false,"Async Capable":false,"Relation Name":"customer","Schema":"public","Alias":"customer","Startup Cost":0.0,"Total Cost":519991.4,"Plan Rows":6000140,"Plan Width":12,"Actual Startup Time":0.015,"Actual Total Time":1810.588,"Actual Rows":6000000,"Actual Loops":1,"Output":["customer.c_id","customer.c_w_id","customer.c_d_id","customer.c_nationkey"],"Shared Hit Blocks":459990,"Shared Read Blocks":0,"Shared Dirtied Blocks":0,"Shared Written Blocks":0,"Local Hit Blocks":0,"Local Read Blocks":0,"Local Dirtied Blocks":0,"Local Written Blocks":0,"Temp Read Blocks":0,"Temp Written Blocks":0,"I/O Read Time":0.0,"I/O Write Time":0.0,"Temp I/O Read Time":0.0,"Temp I/O Write Time":0.0}]}]},{"Node Type":"Hash","Parent Relationship":"Inner","Parallel Aware":false,"Async Capable":false,"Startup Cost":2.99,"Total Cost":2.99,"Plan Rows":12,"Plan Width":12,"Actual Startup Time":0.045,"Actual Total Time":0.051,"Actual Rows":22,"Actual Loops":1,"Output":["nation.n_name","nation.n_nationkey"],"Hash Buckets":1024,"Original Hash Buckets":1024,"Hash Batches":1,"Original Hash Batches":1,"Peak Memory Usage":9,"Shared Hit Blocks":2,"Shared Read Blocks":0,"Shared Dirtied Blocks":0,"Shared Written Blocks":0,"Local Hit Blocks":0,"Local Read Blocks":0,"Local Dirtied Blocks":0,"Local Written Blocks":0,"Temp Read Blocks":0,"Temp Written Blocks":0,"I/O Read Time":0.0,"I/O Write Time":0.0,"Temp I/O Read Time":0.0,"Temp I/O Write Time":0.0,"Plans":[{"Node Type":"Hash Join","Parent Relationship":"Outer","Parallel Aware":false,"Async Capable":false,"Join Type":"Inner","Startup Cost":1.07,"Total Cost":2.99,"Plan Rows":12,"Plan Width":12,"Actual Startup Time":0.028,"Actual Total Time":0.043,"Actual Rows":22,"Actual Loops":1,"Output":["nation.n_name","nation.n_nationkey"],"Inner Unique":true,"Hash Cond":"(nation.n_regionkey = region.r_regionkey)","Shared Hit Blocks":2,"Shared Read Blocks":0,"Shared Dirtied Blocks":0,"Shared Written Blocks":0,"Local Hit Blocks":0,"Local Read Blocks":0,"Local Dirtied Blocks":0,"Local Written Blocks":0,"Temp Read Blocks":0,"Temp Written Blocks":0,"I/O Read Time":0.0,"I/O Write Time":0.0,"Temp I/O Read Time":0.0,"Temp I/O Write Time":0.0,"Plans":[{"Node Type":"Seq Scan","Parent Relationship":"Outer","Parallel Aware":false,"Async Capable":false,"Relation Name":"nation","Schema":"public","Alias":"nation","Startup Cost":0.0,"Total Cost":1.62,"Plan Rows":62,"Plan Width":16,"Actual Startup Time":0.007,"Actual Total Time":0.011,"Actual Rows":62,"Actual Loops":1,"Output":["nation.n_nationkey","nation.n_name","nation.n_regionkey","nation.n_comment"],"Shared Hit Blocks":1,"Shared Read Blocks":0,"Shared Dirtied Blocks":0,"Shared Written Blocks":0,"Local Hit Blocks":0,"Local Read Blocks":0,"Local Dirtied Blocks":0,"Local Written Blocks":0,"Temp Read Blocks":0,"Temp Written Blocks":0,"I/O Read Time":0.0,"I/O Write Time":0.0,"Temp I/O Read Time":0.0,"Temp I/O Write Time":0.0},{"Node Type":"Hash","Parent Relationship":"Inner","Parallel Aware":false,"Async Capable":false,"Startup Cost":1.06,"Total Cost":1.06,"Plan Rows":1,"Plan Width":4,"Actual Startup Time":0.011,"Actual Total Time":0.012,"Actual Rows":1,"Actual Loops":1,"Output":["region.r_regionkey"],"Hash Buckets":1024,"Original Hash Buckets":1024,"Hash Batches":1,"Original Hash Batches":1,"Peak Memory Usage":9,"Shared Hit Blocks":1,"Shared Read Blocks":0,"Shared Dirtied Blocks":0,"Shared Written Blocks":0,"Local Hit Blocks":0,"Local Read Blocks":0,"Local Dirtied Blocks":0,"Local Written Blocks":0,"Temp Read Blocks":0,"Temp Written Blocks":0,"I/O Read Time":0.0,"I/O Write Time":0.0,"Temp I/O Read Time":0.0,"Temp I/O Write Time":0.0,"Plans":[{"Node Type":"Seq Scan","Parent Relationship":"Outer","Parallel Aware":false,"Async Capable":false,"Relation Name":"region","Schema":"public","Alias":"region","Startup Cost":0.0,"Total Cost":1.06,"Plan Rows":1,"Plan Width":4,"Actual Startup Time":0.009,"Actual Total Time":0.009,"Actual Rows":1,"Actual Loops":1,"Output":["region.r_regionkey"],"Filter":"((region.r_name)::text = 'Europe'::text)","Rows Removed by Filter":4,"Shared Hit Blocks":1,"Shared Read Blocks":0,"Shared Dirtied Blocks":0,"Shared Written Blocks":0,"Local Hit Blocks":0,"Local Read Blocks":0,"Local Dirtied Blocks":0,"Local Written Blocks":0,"Temp Read Blocks":0,"Temp Written Blocks":0,"I/O Read Time":0.0,"I/O Write Time":0.0,"Temp I/O Read Time":0.0,"Temp I/O Write Time":0.0}]}]}]}]}]},{"Node Type":"Index Only Scan","Parent Relationship":"Inner","Parallel Aware":false,"Async Capable":false,"Scan Direction":"Forward","Index Name":"stock_pk","Relation Name":"stock","Schema":"public","Alias":"stock","Startup Cost":0.44,"Total Cost":519363.62,"Plan Rows":20000212,"Plan Width":6,"Actual Startup Time":0.053,"Actual Total Time":1397.873,"Actual Rows":19999994,"Actual Loops":1,"Output":["stock.s_w_id","stock.s_i_id"],"Heap Fetches":0,"Shared Hit Blocks":54673,"Shared Read Blocks":0,"Shared Dirtied Blocks":0,"Shared Written Blocks":0,"Local Hit Blocks":0,"Local Read Blocks":0,"Local Dirtied Blocks":0,"Local Written Blocks":0,"Temp Read Blocks":0,"Temp Written Blocks":0,"I/O Read Time":0.0,"I/O Write Time":0.0,"Temp I/O Read Time":0.0,"Temp I/O Write Time":0.0}]},{"Node Type":"Hash","Parent Relationship":"Inner","Parallel Aware":false,"Async Capable":false,"Startup Cost":219.01,"Total Cost":219.01,"Plan Rows":10001,"Plan Width":8,"Actual Startup Time":3.134,"Actual Total Time":3.136,"Actual Rows":10000,"Actual Loops":1,"Output":["supplier.su_suppkey","supplier.su_nationkey"],"Hash Buckets":16384,"Original Hash Buckets":16384,"Hash Batches":1,"Original Hash Batches":1,"Peak Memory Usage":519,"Shared Hit Blocks":0,"Shared Read Blocks":0,"Shared Dirtied Blocks":0,"Shared Written Blocks":0,"Local Hit Blocks":0,"Local Read Blocks":0,"Local Dirtied Blocks":0,"Local Written Blocks":0,"Temp Read Blocks":0,"Temp Written Blocks":0,"I/O Read Time":0.0,"I/O Write Time":0.0,"Temp I/O Read Time":0.0,"Temp I/O Write Time":0.0,"Plans":[{"Node Type":"Append","Parent Relationship":"Outer","Parallel Aware":false,"Async Capable":false,"Startup Cost":20.0,"Total Cost":219.01,"Plan Rows":10001,"Plan Width":8,"Actual Startup Time":0.014,"Actual Total Time":1.841,"Actual Rows":10000,"Actual Loops":1,"Shared Hit Blocks":0,"Shared Read Blocks":0,"Shared Dirtied Blocks":0,"Shared Written Blocks":0,"Local Hit Blocks":0,"Local Read Blocks":0,"Local Dirtied Blocks":0,"Local Written Blocks":0,"Temp Read Blocks":0,"Temp Written Blocks":0,"I/O Read Time":0.0,"I/O Write Time":0.0,"Temp I/O Read Time":0.0,"Temp I/O Write Time":0.0,"Subplans Removed":0,"Plans":[{"Node Type":"Custom Scan","Parent Relationship":"Member","Custom Plan Provider":"columnar scan","Parallel Aware":false,"Async Capable":false,"Relation Name":"supplier","Schema":"public","Alias":"supplier","Startup Cost":20.0,"Total Cost":215.0,"Plan Rows":10000,"Plan Width":8,"Actual Startup Time":0.012,"Actual Total Time":1.14,"Actual Rows":10000,"Actual Loops":1,"Output":["supplier.su_suppkey","supplier.su_nationkey"],"Rows Removed by Columnar Filter":0,"Columnar cache search mode":"native","Shared Hit Blocks":0,"Shared Read Blocks":0,"Shared Dirtied Blocks":0,"Shared Written Blocks":0,"Local Hit Blocks":0,"Local Read Blocks":0,"Local Dirtied Blocks":0,"Local Written Blocks":0,"Temp Read Blocks":0,"Temp Written Blocks":0,"I/O Read Time":0.0,"I/O Write Time":0.0,"Temp I/O Read Time":0.0,"Temp I/O Write Time":0.0},{"Node Type":"Seq Scan","Parent Relationship":"Member","Parallel Aware":false,"Async Capable":false,"Relation Name":"supplier","Schema":"public","Alias":"supplier","Startup Cost":0.0,"Total Cost":4.01,"Plan Rows":1,"Plan Width":8,"Actual Startup Time":0.0,"Actual Total Time":0.0,"Actual Rows":0,"Actual Loops":0,"Output":["supplier.su_suppkey","supplier.su_nationkey"],"Shared Hit Blocks":0,"Shared Read Blocks":0,"Shared Dirtied Blocks":0,"Shared Written Blocks":0,"Local Hit Blocks":0,"Local Read Blocks":0,"Local Dirtied Blocks":0,"Local Written Blocks":0,"Temp Read Blocks":0,"Temp Written Blocks":0,"I/O Read Time":0.0,"I/O Write Time":0.0,"Temp I/O Read Time":0.0,"Temp I/O Write Time":0.0}]}]}]}]}]}]},"Planning":{"Shared Hit Blocks":220,"Shared Read Blocks":0,"Shared Dirtied Blocks":0,"Shared Written Blocks":0,"Local Hit Blocks":0,"Local Read Blocks":0,"Local Dirtied Blocks":0,"Local Written Blocks":0,"Temp Read Blocks":0,"Temp Written Blocks":0,"I/O Read Time":0.0,"I/O Write Time":0.0,"Temp I/O Read Time":0.0,"Temp I/O Write Time":0.0},"Planning Time":5.221,"Triggers":[],"Execution Time":34593.968}]
[列存组合]: customer, nation, order_line, orders, region
[{"Plan":{"Node Type":"Sort","Parallel Aware":false,"Async Capable":false,"Startup Cost":4045478.12,"Total Cost":4045478.27,"Plan Rows":62,"Plan Width":40,"Actual Startup Time":20640.157,"Actual Total Time":20640.19,"Actual Rows":11,"Actual Loops":1,"Output":["nation.n_name","(sum(order_line.ol_amount))"],"Sort Key":["(sum(order_line.ol_amount)) DESC"],"Sort Method":"quicksort","Sort Space Used":25,"Sort Space Type":"Memory","Shared Hit Blocks":54892,"Shared Read Blocks":0,"Shared Dirtied Blocks":0,"Shared Written Blocks":0,"Local Hit Blocks":0,"Local Read Blocks":0,"Local Dirtied Blocks":0,"Local Written Blocks":0,"Temp Read Blocks":131755,"Temp Written Blocks":131809,"I/O Read Time":0.0,"I/O Write Time":0.0,"Temp I/O Read Time":202.474,"Temp I/O Write Time":540.692,"Plans":[{"Node Type":"Aggregate","Strategy":"Sorted","Partial Mode":"Simple","Parent Relationship":"Outer","Parallel Aware":false,"Async Capable":false,"Startup Cost":4045324.48,"Total Cost":4045476.27,"Plan Rows":62,"Plan Width":40,"Actual Startup Time":20634.257,"Actual Total Time":20640.172,"Actual Rows":11,"Actual Loops":1,"Output":["nation.n_name","sum(order_line.ol_amount)"],"Group Key":["nation.n_name"],"Shared Hit Blocks":54892,"Shared Read Blocks":0,"Shared Dirtied Blocks":0,"Shared Written Blocks":0,"Local Hit Blocks":0,"Local Read Blocks":0,"Local Dirtied Blocks":0,"Local Written Blocks":0,"Temp Read Blocks":131755,"Temp Written Blocks":131809,"I/O Read Time":0.0,"I/O Write Time":0.0,"Temp I/O Read Time":202.474,"Temp I/O Write Time":540.692,"Plans":[{"Node Type":"Sort","Parent Relationship":"Outer","Parallel Aware":false,"Async Capable":false,"Startup Cost":4045324.48,"Total Cost":4045374.82,"Plan Rows":20136,"Plan Width":12,"Actual Startup Time":20633.824,"Actual Total Time":20635.617,"Actual Rows":35044,"Actual Loops":1,"Output":["nation.n_name","order_line.ol_amount"],"Sort Key":["nation.n_name"],"Sort Method":"quicksort","Sort Space Used":3146,"Sort Space Type":"Memory","Shared Hit Blocks":54892,"Shared Read Blocks":0,"Shared Dirtied Blocks":0,"Shared Written Blocks":0,"Local Hit Blocks":0,"Local Read Blocks":0,"Local Dirtied Blocks":0,"Local Written Blocks":0,"Temp Read Blocks":131755,"Temp Written Blocks":131809,"I/O Read Time":0.0,"I/O Write Time":0.0,"Temp I/O Read Time":202.474,"Temp I/O Write Time":540.692,"Plans":[{"Node Type":"Hash Join","Parent Relationship":"Outer","Parallel Aware":false,"Async Capable":false,"Join Type":"Inner","Startup Cost":3396017.03,"Total Cost":4043885.01,"Plan Rows":20136,"Plan Width":12,"Actual Startup Time":16729.21,"Actual Total Time":20614.632,"Actual Rows":35044,"Actual Loops":1,"Output":["nation.n_name","order_line.ol_amount"],"Inner Unique":true,"Hash Cond":"((mod((stock.s_w_id * stock.s_i_id), 10000) = supplier.su_suppkey) AND (customer.c_nationkey = supplier.su_nationkey))","Shared Hit Blocks":54892,"Shared Read Blocks":0,"Shared Dirtied Blocks":0,"Shared Written Blocks":0,"Local Hit Blocks":0,"Local Read Blocks":0,"Local Dirtied Blocks":0,"Local Written Blocks":0,"Temp Read Blocks":131755,"Temp Written Blocks":131809,"I/O Read Time":0.0,"I/O Write Time":0.0,"Temp I/O Read Time":202.474,"Temp I/O Write Time":540.692,"Plans":[{"Node Type":"Merge Join","Parent Relationship":"Outer","Parallel Aware":false,"Async Capable":false,"Join Type":"Inner","Startup Cost":3395550.03,"Total Cost":4036583.03,"Plan Rows":1242717,"Plan Width":26,"Actual Startup Time":16726.124,"Actual Total Time":20332.667,"Actual Rows":2218175,"Actual Loops":1,"Output":["customer.c_nationkey","order_line.ol_amount","stock.s_w_id","stock.s_i_id","nation.n_name","nation.n_nationkey"],"Inner Unique":true,"Merge Cond":"((customer.c_w_id = stock.s_w_id) AND (order_line.ol_i_id = stock.s_i_id))","Shared Hit Blocks":54675,"Shared Read Blocks":0,"Shared Dirtied Blocks":0,"Shared Written Blocks":0,"Local Hit Blocks":0,"Local Read Blocks":0,"Local Dirtied Blocks":0,"Local Written Blocks":0,"Temp Read Blocks":131755,"Temp Written Blocks":131809,"I/O Read Time":0.0,"I/O Write Time":0.0,"Temp I/O Read Time":202.474,"Temp I/O Write Time":540.692,"Plans":[{"Node Type":"Sort","Parent Relationship":"Outer","Parallel Aware":false,"Async Capable":false,"Startup Cost":3395549.59,"Total Cost":3398630.13,"Plan Rows":1232214,"Plan Width":30,"Actual Startup Time":16726.064,"Actual Total Time":17321.987,"Actual Rows":2218175,"Actual Loops":1,"Output":["customer.c_w_id","customer.c_nationkey","orders.o_w_id","order_line.ol_amount","order_line.ol_w_id","order_line.ol_i_id","nation.n_name","nation.n_nationkey"],"Sort Key":["customer.c_w_id","order_line.ol_i_id"],"Sort Method":"external merge","Sort Space Used":94520,"Sort Space Type":"Disk","Shared Hit Blocks":2,"Shared Read Blocks":0,"Shared Dirtied Blocks":0,"Shared Written Blocks":0,"Local Hit Blocks":0,"Local Read Blocks":0,"Local Dirtied Blocks":0,"Local Written Blocks":0,"Temp Read Blocks":131755,"Temp Written Blocks":131809,"I/O Read Time":0.0,"I/O Write Time":0.0,"Temp I/O Read Time":202.474,"Temp I/O Write Time":540.692,"Plans":[{"Node Type":"Hash Join","Parent Relationship":"Outer","Parallel Aware":false,"Async Capable":false,"Join Type":"Inner","Startup Cost":795292.92,"Total Cost":3211925.76,"Plan Rows":1232214,"Plan Width":30,"Actual Startup Time":2738.615,"Actual Total Time":14095.24,"Actual Rows":2218175,"Actual Loops":1,"Output":["customer.c_w_id","customer.c_nationkey","orders.o_w_id","order_line.ol_amount","order_line.ol_w_id","order_line.ol_i_id","nation.n_name","nation.n_nationkey"],"Inner Unique":false,"Hash Cond":"(customer.c_nationkey = nation.n_nationkey)","Shared Hit Blocks":2,"Shared Read Blocks":0,"Shared Dirtied Blocks":0,"Shared Written Blocks":0,"Local Hit Blocks":0,"Local Read Blocks":0,"Local Dirtied Blocks":0,"Local Written Blocks":0,"Temp Read Blocks":108135,"Temp Written Blocks":108135,"I/O Read Time":0.0,"I/O Write Time":0.0,"Temp I/O Read Time":168.033,"Temp I/O Write Time":478.75,"Plans":[{"Node Type":"Hash Join","Parent Relationship":"Outer","Parallel Aware":false,"Async Capable":false,"Join Type":"Inner","Startup Cost":795289.78,"Total Cost":3176893.95,"Plan Rows":6161071,"Plan Width":18,"Actual Startup Time":2731.935,"Actual Total Time":13261.531,"Actual Rows":8568663,"Actual Loops":1,"Output":["customer.c_w_id","customer.c_nationkey","orders.o_w_id","order_line.ol_amount","order_line.ol_w_id","order_line.ol_i_id"],"Inner Unique":true,"Hash Cond":"((orders.o_c_id = customer.c_id) AND (orders.o_w_id = customer.c_w_id) AND (orders.o_d_id = customer.c_d_id))","Shared Hit Blocks":0,"Shared Read Blocks":0,"Shared Dirtied Blocks":0,"Shared Written Blocks":0,"Local Hit Blocks":0,"Local Read Blocks":0,"Local Dirtied Blocks":0,"Local Written Blocks":0,"Temp Read Blocks":108135,"Temp Written Blocks":108135,"I/O Read Time":0.0,"I/O Write Time":0.0,"Temp I/O Read Time":168.033,"Temp I/O Write Time":478.75,"Plans":[{"Node Type":"Hash Join","Parent Relationship":"Outer","Parallel Aware":false,"Async Capable":false,"Join Type":"Inner","Startup Cost":151193.84,"Total Cost":2382779.57,"Plan Rows":6161071,"Plan Width":20,"Actual Startup Time":412.033,"Actual Total Time":6667.943,"Actual Rows":8568663,"Actual Loops":1,"Output":["orders.o_c_id","orders.o_w_id","orders.o_d_id","order_line.ol_amount","order_line.ol_w_id","order_line.ol_d_id","order_line.ol_i_id"],"Inner Unique":true,"Hash Cond":"((order_line.ol_w_id = orders.o_w_id) AND (order_line.ol_d_id = orders.o_d_id) AND (order_line.ol_o_id = orders.o_id))","Shared Hit Blocks":0,"Shared Read Blocks":0,"Shared Dirtied Blocks":0,"Shared Written Blocks":0,"Local Hit Blocks":0,"Local Read Blocks":0,"Local Dirtied Blocks":0,"Local Written Blocks":0,"Temp Read Blocks":43816,"Temp Written Blocks":43816,"I/O Read Time":0.0,"I/O Write Time":0.0,"Temp I/O Read Time":67.866,"Temp I/O Write Time":187.161,"Plans":[{"Node Type":"Append","Parent Relationship":"Outer","Parallel Aware":false,"Async Capable":false,"Startup Cost":20.0,"Total Cost":1403598.82,"Plan Rows":42039468,"Plan Width":20,"Actual Startup Time":1.426,"Actual Total Time":2589.564,"Actual Rows":8620885,"Actual Loops":1,"Shared Hit Blocks":0,"Shared Read Blocks":0,"Shared Dirtied Blocks":0,"Shared Written Blocks":0,"Local Hit Blocks":0,"Local Read Blocks":0,"Local Dirtied Blocks":0,"Local Written Blocks":0,"Temp Read Blocks":0,"Temp Written Blocks":0,"I/O Read Time":0.0,"I/O Write Time":0.0,"Temp I/O Read Time":0.0,"Temp I/O Write Time":0.0,"Subplans Removed":0,"Plans":[{"Node Type":"Custom Scan","Parent Relationship":"Member","Custom Plan Provider":"columnar scan","Parallel Aware":false,"Async Capable":false,"Relation Name":"order_line","Schema":"public","Alias":"order_line","Startup Cost":20.0,"Total Cost":1072026.23,"Plan Rows":42039424,"Plan Width":20,"Actual Startup Time":1.426,"Actual Total Time":1980.145,"Actual Rows":8620885,"Actual Loops":1,"Output":["order_line.ol_amount","order_line.ol_o_id","order_line.ol_w_id","order_line.ol_d_id","order_line.ol_i_id"],"Filter":"(order_line.ol_delivery_d >= '1992-01-02 20:10:02.27764'::timestamp without time zone)","Rows Removed by Filter":0,"Rows Removed by Columnar Filter":51372876,"Rows Filtered by Bloom Filter":0,"Dictionary Rows Filtered by Bloom Filter":51372876,"Columnar cache search mode":"native","Shared Hit Blocks":0,"Shared Read Blocks":0,"Shared Dirtied Blocks":0,"Shared Written Blocks":0,"Local Hit Blocks":0,"Local Read Blocks":0,"Local Dirtied Blocks":0,"Local Written Blocks":0,"Temp Read Blocks":0,"Temp Written Blocks":0,"I/O Read Time":0.0,"I/O Write Time":0.0,"Temp I/O Read Time":0.0,"Temp I/O Write Time":0.0},{"Node Type":"Seq Scan","Parent Relationship":"Member","Parallel Aware":false,"Async Capable":false,"Relation Name":"order_line","Schema":"public","Alias":"order_line","Startup Cost":0.0,"Total Cost":4.79,"Plan Rows":44,"Plan Width":20,"Actual Startup Time":0.0,"Actual Total Time":0.0,"Actual Rows":0,"Actual Loops":0,"Output":["order_line.ol_amount","order_line.ol_o_id","order_line.ol_w_id","order_line.ol_d_id","order_line.ol_i_id"],"Filter":"(order_line.ol_delivery_d >= '1992-01-02 20:10:02.27764'::timestamp without time zone)","Rows Removed by Filter":0,"Shared Hit Blocks":0,"Shared Read Blocks":0,"Shared Dirtied Blocks":0,"Shared Written Blocks":0,"Local Hit Blocks":0,"Local Read Blocks":0,"Local Dirtied Blocks":0,"Local Written Blocks":0,"Temp Read Blocks":0,"Temp Written Blocks":0,"I/O Read Time":0.0,"I/O Write Time":0.0,"Temp I/O Read Time":0.0,"Temp I/O Write Time":0.0}]},{"Node Type":"Hash","Parent Relationship":"Inner","Parallel Aware":false,"Async Capable":false,"Startup Cost":131491.69,"Total Cost":131491.69,"Plan Rows":879323,"Plan Width":16,"Actual Startup Time":409.356,"Actual Total Time":409.362,"Actual Rows":856801,"Actual Loops":1,"Output":["orders.o_c_id","orders.o_w_id","orders.o_d_id","orders.o_id"],"Hash Buckets":262144,"Original Hash Buckets":262144,"Hash Batches":8,"Original Hash Batches":8,"Peak Memory Usage":7070,"Shared Hit Blocks":0,"Shared Read Blocks":0,"Shared Dirtied Blocks":0,"Shared Written Blocks":0,"Local Hit Blocks":0,"Local Read Blocks":0,"Local Dirtied Blocks":0,"Local Written Blocks":0,"Temp Read Blocks":0,"Temp Written Blocks":3290,"I/O Read Time":0.0,"I/O Write Time":0.0,"Temp I/O Read Time":0.0,"Temp I/O Write Time":13.95,"Plans":[{"Node Type":"Append","Parent Relationship":"Outer","Parallel Aware":false,"Async Capable":false,"Startup Cost":20.0,"Total Cost":131491.69,"Plan Rows":879323,"Plan Width":16,"Actual Startup Time":0.498,"Actual Total Time":208.018,"Actual Rows":856801,"Actual Loops":1,"Shared Hit Blocks":0,"Shared Read Blocks":0,"Shared Dirtied Blocks":0,"Shared Written Blocks":0,"Local Hit Blocks":0,"Local Read Blocks":0,"Local Dirtied Blocks":0,"Local Written Blocks":0,"Temp Read Blocks":0,"Temp Written Blocks":0,"I/O Read Time":0.0,"I/O Write Time":0.0,"Temp I/O Read Time":0.0,"Temp I/O Write Time":0.0,"Subplans Removed":0,"Plans":[{"Node Type":"Custom Scan","Parent Relationship":"Member","Custom Plan Provider":"columnar scan","Parallel Aware":false,"Async Capable":false,"Relation Name":"orders","Schema":"public","Alias":"orders","Startup Cost":20.0,"Total Cost":20684.21,"Plan Rows":879322,"Plan Width":16,"Actual Startup Time":0.496,"Actual Total Time":145.477,"Actual Rows":856801,"Actual Loops":1,"Output":["orders.o_c_id","orders.o_w_id","orders.o_d_id","orders.o_id"],"Filter":"((orders.o_entry_d < '1994-01-02 20:10:02.27764'::timestamp without time zone) AND (orders.o_entry_d >= '1993-01-02 20:10:02.27764'::timestamp without time zone))","Rows Removed by Filter":0,"Rows Removed by Columnar Filter":5143199,"Columnar cache search mode":"native","Shared Hit Blocks":0,"Shared Read Blocks":0,"Shared Dirtied Blocks":0,"Shared Written Blocks":0,"Local Hit Blocks":0,"Local Read Blocks":0,"Local Dirtied Blocks":0,"Local Written Blocks":0,"Temp Read Blocks":0,"Temp Written Blocks":0,"I/O Read Time":0.0,"I/O Write Time":0.0,"Temp I/O Read Time":0.0,"Temp I/O Write Time":0.0},{"Node Type":"Seq Scan","Parent Relationship":"Member","Parallel Aware":false,"Async Capable":false,"Relation Name":"orders","Schema":"public","Alias":"orders","Startup Cost":0.0,"Total Cost":4.01,"Plan Rows":1,"Plan Width":16,"Actual Startup Time":0.0,"Actual Total Time":0.0,"Actual Rows":0,"Actual Loops":0,"Output":["orders.o_c_id","orders.o_w_id","orders.o_d_id","orders.o_id"],"Filter":"((orders.o_entry_d < '1994-01-02 20:10:02.27764'::timestamp without time zone) AND (orders.o_entry_d >= '1993-01-02 20:10:02.27764'::timestamp without time zone))","Rows Removed by Filter":0,"Shared Hit Blocks":0,"Shared Read Blocks":0,"Shared Dirtied Blocks":0,"Shared Written Blocks":0,"Local Hit Blocks":0,"Local Read Blocks":0,"Local Dirtied Blocks":0,"Local Written Blocks":0,"Temp Read Blocks":0,"Temp Written Blocks":0,"I/O Read Time":0.0,"I/O Write Time":0.0,"Temp I/O Read Time":0.0,"Temp I/O Write Time":0.0}]}]}]},{"Node Type":"Hash","Parent Relationship":"Inner","Parallel Aware":false,"Async Capable":false,"Startup Cost":509795.49,"Total Cost":509795.49,"Plan Rows":6000140,"Plan Width":12,"Actual Startup Time":2313.784,"Actual Total Time":2313.79,"Actual Rows":6000000,"Actual Loops":1,"Output":["customer.c_id","customer.c_w_id","customer.c_d_id","customer.c_nationkey"],"Hash Buckets":262144,"Original Hash Buckets":262144,"Hash Batches":64,"Original Hash Batches":64,"Peak Memory Usage":6073,"Shared Hit Blocks":0,"Shared Read Blocks":0,"Shared Dirtied Blocks":0,"Shared Written Blocks":0,"Local Hit Blocks":0,"Local Read Blocks":0,"Local Dirtied Blocks":0,"Local Written Blocks":0,"Temp Read Blocks":0,"Temp Written Blocks":23037,"I/O Read Time":0.0,"I/O Write Time":0.0,"Temp I/O Read Time":0.0,"Temp I/O Write Time":101.925,"Plans":[{"Node Type":"Append","Parent Relationship":"Outer","Parallel Aware":false,"Async Capable":false,"Startup Cost":20.0,"Total Cost":509795.49,"Plan Rows":6000140,"Plan Width":12,"Actual Startup Time":0.012,"Actual Total Time":1308.915,"Actual Rows":6000000,"Actual Loops":1,"Shared Hit Blocks":0,"Shared Read Blocks":0,"Shared Dirtied Blocks":0,"Shared Written Blocks":0,"Local Hit Blocks":0,"Local Read Blocks":0,"Local Dirtied Blocks":0,"Local Written Blocks":0,"Temp Read Blocks":0,"Temp Written Blocks":0,"I/O Read Time":0.0,"I/O Write Time":0.0,"Temp I/O Read Time":0.0,"Temp I/O Write Time":0.0,"Subplans Removed":0,"Plans":[{"Node Type":"Custom Scan","Parent Relationship":"Member","Custom Plan Provider":"columnar scan","Parallel Aware":false,"Async Capable":false,"Relation Name":"customer","Schema":"public","Alias":"customer","Startup Cost":20.0,"Total Cost":141020.06,"Plan Rows":6000000,"Plan Width":12,"Actual Startup Time":0.012,"Actual Total Time":894.789,"Actual Rows":6000000,"Actual Loops":1,"Output":["customer.c_id","customer.c_w_id","customer.c_d_id","customer.c_nationkey"],"Rows Removed by Columnar Filter":0,"Columnar cache search mode":"native","Shared Hit Blocks":0,"Shared Read Blocks":0,"Shared Dirtied Blocks":0,"Shared Written Blocks":0,"Local Hit Blocks":0,"Local Read Blocks":0,"Local Dirtied Blocks":0,"Local Written Blocks":0,"Temp Read Blocks":0,"Temp Written Blocks":0,"I/O Read Time":0.0,"I/O Write Time":0.0,"Temp I/O Read Time":0.0,"Temp I/O Write Time":0.0},{"Node Type":"Seq Scan","Parent Relationship":"Member","Parallel Aware":false,"Async Capable":false,"Relation Name":"customer","Schema":"public","Alias":"customer","Startup Cost":0.0,"Total Cost":5.4,"Plan Rows":140,"Plan Width":12,"Actual Startup Time":0.0,"Actual Total Time":0.0,"Actual Rows":0,"Actual Loops":0,"Output":["customer.c_id","customer.c_w_id","customer.c_d_id","customer.c_nationkey"],"Shared Hit Blocks":0,"Shared Read Blocks":0,"Shared Dirtied Blocks":0,"Shared Written Blocks":0,"Local Hit Blocks":0,"Local Read Blocks":0,"Local Dirtied Blocks":0,"Local Written Blocks":0,"Temp Read Blocks":0,"Temp Written Blocks":0,"I/O Read Time":0.0,"I/O Write Time":0.0,"Temp I/O Read Time":0.0,"Temp I/O Write Time":0.0}]}]}]},{"Node Type":"Hash","Parent Relationship":"Inner","Parallel Aware":false,"Async Capable":false,"Startup Cost":2.99,"Total Cost":2.99,"Plan Rows":12,"Plan Width":12,"Actual Startup Time":0.043,"Actual Total Time":0.049,"Actual Rows":22,"Actual Loops":1,"Output":["nation.n_name","nation.n_nationkey"],"Hash Buckets":1024,"Original Hash Buckets":1024,"Hash Batches":1,"Original Hash Batches":1,"Peak Memory Usage":9,"Shared Hit Blocks":2,"Shared Read Blocks":0,"Shared Dirtied Blocks":0,"Shared Written Blocks":0,"Local Hit Blocks":0,"Local Read Blocks":0,"Local Dirtied Blocks":0,"Local Written Blocks":0,"Temp Read Blocks":0,"Temp Written Blocks":0,"I/O Read Time":0.0,"I/O Write Time":0.0,"Temp I/O Read Time":0.0,"Temp I/O Write Time":0.0,"Plans":[{"Node Type":"Hash Join","Parent Relationship":"Outer","Parallel Aware":false,"Async Capable":false,"Join Type":"Inner","Startup Cost":1.07,"Total Cost":2.99,"Plan Rows":12,"Plan Width":12,"Actual Startup Time":0.026,"Actual Total Time":0.043,"Actual Rows":22,"Actual Loops":1,"Output":["nation.n_name","nation.n_nationkey"],"Inner Unique":true,"Hash Cond":"(nation.n_regionkey = region.r_regionkey)","Shared Hit Blocks":2,"Shared Read Blocks":0,"Shared Dirtied Blocks":0,"Shared Written Blocks":0,"Local Hit Blocks":0,"Local Read Blocks":0,"Local Dirtied Blocks":0,"Local Written Blocks":0,"Temp Read Blocks":0,"Temp Written Blocks":0,"I/O Read Time":0.0,"I/O Write Time":0.0,"Temp I/O Read Time":0.0,"Temp I/O Write Time":0.0,"Plans":[{"Node Type":"Seq Scan","Parent Relationship":"Outer","Parallel Aware":false,"Async Capable":false,"Relation Name":"nation","Schema":"public","Alias":"nation","Startup Cost":0.0,"Total Cost":1.62,"Plan Rows":62,"Plan Width":16,"Actual Startup Time":0.004,"Actual Total Time":0.008,"Actual Rows":62,"Actual Loops":1,"Output":["nation.n_nationkey","nation.n_name","nation.n_regionkey","nation.n_comment"],"Shared Hit Blocks":1,"Shared Read Blocks":0,"Shared Dirtied Blocks":0,"Shared Written Blocks":0,"Local Hit Blocks":0,"Local Read Blocks":0,"Local Dirtied Blocks":0,"Local Written Blocks":0,"Temp Read Blocks":0,"Temp Written Blocks":0,"I/O Read Time":0.0,"I/O Write Time":0.0,"Temp I/O Read Time":0.0,"Temp I/O Write Time":0.0},{"Node Type":"Hash","Parent Relationship":"Inner","Parallel Aware":false,"Async Capable":false,"Startup Cost":1.06,"Total Cost":1.06,"Plan Rows":1,"Plan Width":4,"Actual Startup Time":0.009,"Actual Total Time":0.01,"Actual Rows":1,"Actual Loops":1,"Output":["region.r_regionkey"],"Hash Buckets":1024,"Original Hash Buckets":1024,"Hash Batches":1,"Original Hash Batches":1,"Peak Memory Usage":9,"Shared Hit Blocks":1,"Shared Read Blocks":0,"Shared Dirtied Blocks":0,"Shared Written Blocks":0,"Local Hit Blocks":0,"Local Read Blocks":0,"Local Dirtied Blocks":0,"Local Written Blocks":0,"Temp Read Blocks":0,"Temp Written Blocks":0,"I/O Read Time":0.0,"I/O Write Time":0.0,"Temp I/O Read Time":0.0,"Temp I/O Write Time":0.0,"Plans":[{"Node Type":"Seq Scan","Parent Relationship":"Outer","Parallel Aware":false,"Async Capable":false,"Relation Name":"region","Schema":"public","Alias":"region","Startup Cost":0.0,"Total Cost":1.06,"Plan Rows":1,"Plan Width":4,"Actual Startup Time":0.007,"Actual Total Time":0.007,"Actual Rows":1,"Actual Loops":1,"Output":["region.r_regionkey"],"Filter":"((region.r_name)::text = 'Europe'::text)","Rows Removed by Filter":4,"Shared Hit Blocks":1,"Shared Read Blocks":0,"Shared Dirtied Blocks":0,"Shared Written Blocks":0,"Local Hit Blocks":0,"Local Read Blocks":0,"Local Dirtied Blocks":0,"Local Written Blocks":0,"Temp Read Blocks":0,"Temp Written Blocks":0,"I/O Read Time":0.0,"I/O Write Time":0.0,"Temp I/O Read Time":0.0,"Temp I/O Write Time":0.0}]}]}]}]}]},{"Node Type":"Index Only Scan","Parent Relationship":"Inner","Parallel Aware":false,"Async Capable":false,"Scan Direction":"Forward","Index Name":"stock_pk","Relation Name":"stock","Schema":"public","Alias":"stock","Startup Cost":0.44,"Total Cost":519363.62,"Plan Rows":20000212,"Plan Width":6,"Actual Startup Time":0.044,"Actual Total Time":1402.847,"Actual Rows":19999994,"Actual Loops":1,"Output":["stock.s_w_id","stock.s_i_id"],"Heap Fetches":0,"Shared Hit Blocks":54673,"Shared Read Blocks":0,"Shared Dirtied Blocks":0,"Shared Written Blocks":0,"Local Hit Blocks":0,"Local Read Blocks":0,"Local Dirtied Blocks":0,"Local Written Blocks":0,"Temp Read Blocks":0,"Temp Written Blocks":0,"I/O Read Time":0.0,"I/O Write Time":0.0,"Temp I/O Read Time":0.0,"Temp I/O Write Time":0.0}]},{"Node Type":"Hash","Parent Relationship":"Inner","Parallel Aware":false,"Async Capable":false,"Startup Cost":317.0,"Total Cost":317.0,"Plan Rows":10000,"Plan Width":8,"Actual Startup Time":2.653,"Actual Total Time":2.653,"Actual Rows":10000,"Actual Loops":1,"Output":["supplier.su_suppkey","supplier.su_nationkey"],"Hash Buckets":16384,"Original Hash Buckets":16384,"Hash Batches":1,"Original Hash Batches":1,"Peak Memory Usage":519,"Shared Hit Blocks":217,"Shared Read Blocks":0,"Shared Dirtied Blocks":0,"Shared Written Blocks":0,"Local Hit Blocks":0,"Local Read Blocks":0,"Local Dirtied Blocks":0,"Local Written Blocks":0,"Temp Read Blocks":0,"Temp Written Blocks":0,"I/O Read Time":0.0,"I/O Write Time":0.0,"Temp I/O Read Time":0.0,"Temp I/O Write Time":0.0,"Plans":[{"Node Type":"Seq Scan","Parent Relationship":"Outer","Parallel Aware":false,"Async Capable":false,"Relation Name":"supplier","Schema":"public","Alias":"supplier","Startup Cost":0.0,"Total Cost":317.0,"Plan Rows":10000,"Plan Width":8,"Actual Startup Time":0.01,"Actual Total Time":1.307,"Actual Rows":10000,"Actual Loops":1,"Output":["supplier.su_suppkey","supplier.su_nationkey"],"Shared Hit Blocks":217,"Shared Read Blocks":0,"Shared Dirtied Blocks":0,"Shared Written Blocks":0,"Local Hit Blocks":0,"Local Read Blocks":0,"Local Dirtied Blocks":0,"Local Written Blocks":0,"Temp Read Blocks":0,"Temp Written Blocks":0,"I/O Read Time":0.0,"I/O Write Time":0.0,"Temp I/O Read Time":0.0,"Temp I/O Write Time":0.0}]}]}]}]}]},"Planning":{"Shared Hit Blocks":220,"Shared Read Blocks":0,"Shared Dirtied Blocks":0,"Shared Written Blocks":0,"Local Hit Blocks":0,"Local Read Blocks":0,"Local Dirtied Blocks":0,"Local Written Blocks":0,"Temp Read Blocks":0,"Temp Written Blocks":0,"I/O Read Time":0.0,"I/O Write Time":0.0,"Temp I/O Read Time":0.0,"Temp I/O Write Time":0.0},"Planning Time":5.702,"Triggers":[],"Execution Time":20655.567}]
[列存组合]: customer, nation, order_line, orders, stock
[{"Plan":{"Node Type":"Sort","Parallel Aware":false,"Async Capable":false,"Startup Cost":2388894.7,"Total Cost":2388894.85,"Plan Rows":62,"Plan Width":40,"Actual Startup Time":10789.046,"Actual Total Time":10789.092,"Actual Rows":11,"Actual Loops":1,"Output":["nation.n_name","(sum(order_line.ol_amount))"],"Sort Key":["(sum(order_line.ol_amount)) DESC"],"Sort Method":"quicksort","Sort Space Used":25,"Sort Space Type":"Memory","Shared Hit Blocks":219,"Shared Read Blocks":0,"Shared Dirtied Blocks":0,"Shared Written Blocks":0,"Local Hit Blocks":0,"Local Read Blocks":0,"Local Dirtied Blocks":0,"Local Written Blocks":0,"Temp Read Blocks":67001,"Temp Written Blocks":67001,"I/O Read Time":0.0,"I/O Write Time":0.0,"Temp I/O Read Time":104.016,"Temp I/O Write Time":309.132,"Plans":[{"Node Type":"Aggregate","Strategy":"Sorted","Partial Mode":"Simple","Parent Relationship":"Outer","Parallel Aware":false,"Async Capable":false,"Startup Cost":2388741.06,"Total Cost":2388892.85,"Plan Rows":62,"Plan Width":40,"Actual Startup Time":10782.909,"Actual Total Time":10789.073,"Actual Rows":11,"Actual Loops":1,"Output":["nation.n_name","sum(order_line.ol_amount)"],"Group Key":["nation.n_name"],"Shared Hit Blocks":219,"Shared Read Blocks":0,"Shared Dirtied Blocks":0,"Shared Written Blocks":0,"Local Hit Blocks":0,"Local Read Blocks":0,"Local Dirtied Blocks":0,"Local Written Blocks":0,"Temp Read Blocks":67001,"Temp Written Blocks":67001,"I/O Read Time":0.0,"I/O Write Time":0.0,"Temp I/O Read Time":104.016,"Temp I/O Write Time":309.132,"Plans":[{"Node Type":"Sort","Parent Relationship":"Outer","Parallel Aware":false,"Async Capable":false,"Startup Cost":2388741.06,"Total Cost":2388791.4,"Plan Rows":20136,"Plan Width":12,"Actual Startup Time":10782.456,"Actual Total Time":10784.278,"Actual Rows":35044,"Actual Loops":1,"Output":["nation.n_name","order_line.ol_amount"],"Sort Key":["nation.n_name"],"Sort Method":"quicksort","Sort Space Used":3146,"Sort Space Type":"Memory","Shared Hit Blocks":219,"Shared Read Blocks":0,"Shared Dirtied Blocks":0,"Shared Written Blocks":0,"Local Hit Blocks":0,"Local Read Blocks":0,"Local Dirtied Blocks":0,"Local Written Blocks":0,"Temp Read Blocks":67001,"Temp Written Blocks":67001,"I/O Read Time":0.0,"I/O Write Time":0.0,"Temp I/O Read Time":104.016,"Temp I/O Write Time":309.132,"Plans":[{"Node Type":"Hash Join","Parent Relationship":"Outer","Parallel Aware":false,"Async Capable":false,"Join Type":"Inner","Startup Cost":869292.71,"Total Cost":2387301.59,"Plan Rows":20136,"Plan Width":12,"Actual Startup Time":4134.949,"Actual Total Time":10765.693,"Actual Rows":35044,"Actual Loops":1,"Output":["nation.n_name","order_line.ol_amount"],"Hash Cond":"((orders.o_c_id = customer.c_id) AND (orders.o_w_id = customer.c_w_id) AND (orders.o_d_id = customer.c_d_id) AND (supplier.su_nationkey = customer.c_nationkey))","Shared Hit Blocks":219,"Shared Read Blocks":0,"Shared Dirtied Blocks":0,"Shared Written Blocks":0,"Local Hit Blocks":0,"Local Read Blocks":0,"Local Dirtied Blocks":0,"Local Written Blocks":0,"Temp Read Blocks":67001,"Temp Written Blocks":67001,"I/O Read Time":0.0,"I/O Write Time":0.0,"Temp I/O Read Time":104.016,"Temp I/O Write Time":309.132,"Plans":[{"Node Type":"Hash Join","Parent Relationship":"Outer","Parallel Aware":false,"Async Capable":false,"Join Type":"Inner","Startup Cost":210196.42,"Total Cost":1666455.07,"Plan Rows":1242117,"Plan Width":34,"Actual Startup Time":1587.839,"Actual Total Time":6743.169,"Actual Rows":2982388,"Actual Loops":1,"Output":["orders.o_c_id","orders.o_w_id","orders.o_d_id","order_line.ol_amount","order_line.ol_w_id","order_line.ol_d_id","stock.s_w_id","supplier.su_nationkey","nation.n_name","nation.n_nationkey"],"Hash Cond":"((order_line.ol_w_id = orders.o_w_id) AND (order_line.ol_d_id = orders.o_d_id) AND (order_line.ol_o_id = orders.o_id))","Shared Hit Blocks":219,"Shared Read Blocks":0,"Shared Dirtied Blocks":0,"Shared Written Blocks":0,"Local Hit Blocks":0,"Local Read Blocks":0,"Local Dirtied Blocks":0,"Local Written Blocks":0,"Temp Read Blocks":23127,"Temp Written Blocks":23127,"I/O Read Time":0.0,"I/O Write Time":0.0,"Temp I/O Read Time":36.152,"Temp I/O Write Time":107.198,"Plans":[{"Node Type":"Hash Join","Parent Relationship":"Outer","Parallel Aware":false,"Async Capable":false,"Join Type":"Inner","Startup Cost":59022.58,"Total Cost":1311993.18,"Plan Rows":8467814,"Plan Width":34,"Actual Startup Time":1175.056,"Actual Total Time":4746.631,"Actual Rows":3000322,"Actual Loops":1,"Output":["order_line.ol_amount","order_line.ol_o_id","order_line.ol_w_id","order_line.ol_d_id","stock.s_w_id","supplier.su_nationkey","nation.n_name","nation.n_nationkey"],"Hash Cond":"(mod((stock.s_w_id * stock.s_i_id), 10000) = supplier.su_suppkey)","Shared Hit Blocks":219,"Shared Read Blocks":0,"Shared Dirtied Blocks":0,"Shared Written Blocks":0,"Local Hit Blocks":0,"Local Read Blocks":0,"Local Dirtied Blocks":0,"Local Written Blocks":0,"Temp Read Blocks":0,"Temp Written Blocks":0,"I/O Read Time":0.0,"I/O Write Time":0.0,"Temp I/O Read Time":0.0,"Temp I/O Write Time":0.0,"Plans":[{"Node Type":"Hash Join","Parent Relationship":"Outer","Parallel Aware":false,"Async Capable":false,"Join Type":"Inner","Startup Cost":58620.59,"Total Cost":962293.85,"Plan Rows":42339072,"Plan Width":22,"Actual Startup Time":1172.116,"Actual Total Time":3348.125,"Actual Rows":8620885,"Actual Loops":1,"Output":["order_line.ol_amount","order_line.ol_o_id","order_line.ol_w_id","order_line.ol_d_id","stock.s_w_id","stock.s_i_id"],"Hash Cond":"((order_line.ol_w_id = stock.s_w_id) AND (order_line.ol_i_id = stock.s_i_id))","Rows Removed by Bloom Filter":0,"Shared Hit Blocks":0,"Shared Read Blocks":0,"Shared Dirtied Blocks":0,"Shared Written Blocks":0,"Local Hit Blocks":0,"Local Read Blocks":0,"Local Dirtied Blocks":0,"Local Written Blocks":0,"Temp Read Blocks":0,"Temp Written Blocks":0,"I/O Read Time":0.0,"I/O Write Time":0.0,"Temp I/O Read Time":0.0,"Temp I/O Write Time":0.0,"Plans":[{"Node Type":"Append","Parent Relationship":"Outer","Parallel Aware":false,"Async Capable":false,"Startup Cost":20.0,"Total Cost":1072031.01,"Plan Rows":42039468,"Plan Width":20,"Actual Startup Time":246.107,"Actual Total Time":246.119,"Actual Rows":8620885,"Actual Loops":1,"Shared Hit Blocks":0,"Shared Read Blocks":0,"Shared Dirtied Blocks":0,"Shared Written Blocks":0,"Local Hit Blocks":0,"Local Read Blocks":0,"Local Dirtied Blocks":0,"Local Written Blocks":0,"Temp Read Blocks":0,"Temp Written Blocks":0,"I/O Read Time":0.0,"I/O Write Time":0.0,"Temp I/O Read Time":0.0,"Temp I/O Write Time":0.0,"Subplans Removed":0,"Plans":[{"Node Type":"Custom Scan","Parent Relationship":"Member","Custom Plan Provider":"columnar scan","Parallel Aware":false,"Async Capable":false,"Relation Name":"order_line","Schema":"public","Alias":"order_line","Startup Cost":20.0,"Total Cost":1072026.23,"Plan Rows":42039424,"Plan Width":20,"Actual Startup Time":246.105,"Actual Total Time":246.106,"Actual Rows":8620885,"Actual Loops":1,"Output":["order_line.ol_amount","order_line.ol_o_id","order_line.ol_w_id","order_line.ol_d_id","order_line.ol_i_id"],"Filter":"(order_line.ol_delivery_d >= '1992-01-02 20:10:02.27764'::timestamp without time zone)","Rows Removed by Filter":0,"Rows Removed by Columnar Filter":51372876,"Rows Filtered by Bloom Filter":0,"Dictionary Rows Filtered by Bloom Filter":51372876,"Columnar cache search mode":"native","Shared Hit Blocks":0,"Shared Read Blocks":0,"Shared Dirtied Blocks":0,"Shared Written Blocks":0,"Local Hit Blocks":0,"Local Read Blocks":0,"Local Dirtied Blocks":0,"Local Written Blocks":0,"Temp Read Blocks":0,"Temp Written Blocks":0,"I/O Read Time":0.0,"I/O Write Time":0.0,"Temp I/O Read Time":0.0,"Temp I/O Write Time":0.0},{"Node Type":"Seq Scan","Parent Relationship":"Member","Parallel Aware":false,"Async Capable":false,"Relation Name":"order_line","Schema":"public","Alias":"order_line","Startup Cost":0.0,"Total Cost":4.79,"Plan Rows":44,"Plan Width":20,"Actual Startup Time":0.0,"Actual Total Time":0.0,"Actual Rows":0,"Actual Loops":0,"Output":["order_line.ol_amount","order_line.ol_o_id","order_line.ol_w_id","order_line.ol_d_id","order_line.ol_i_id"],"Filter":"(order_line.ol_delivery_d >= '1992-01-02 20:10:02.27764'::timestamp without time zone)","Rows Removed by Filter":0,"Shared Hit Blocks":0,"Shared Read Blocks":0,"Shared Dirtied Blocks":0,"Shared Written Blocks":0,"Local Hit Blocks":0,"Local Read Blocks":0,"Local Dirtied Blocks":0,"Local Written Blocks":0,"Temp Read Blocks":0,"Temp Written Blocks":0,"I/O Read Time":0.0,"I/O Write Time":0.0,"Temp I/O Read Time":0.0,"Temp I/O Write Time":0.0}]},{"Node Type":"Hash","Parent Relationship":"Inner","Parallel Aware":false,"Async Capable":false,"Startup Cost":390026.22,"Total Cost":390026.22,"Plan Rows":20000212,"Plan Width":6,"Actual Rows":20000000,"Actual Loops":1,"Output":["stock.s_w_id","stock.s_i_id"],"Shared Hit Blocks":0,"Shared Read Blocks":0,"Shared Dirtied Blocks":0,"Shared Written Blocks":0,"Local Hit Blocks":0,"Local Read Blocks":0,"Local Dirtied Blocks":0,"Local Written Blocks":0,"Temp Read Blocks":0,"Temp Written Blocks":0,"I/O Read Time":0.0,"I/O Write Time":0.0,"Temp I/O Read Time":0.0,"Temp I/O Write Time":0.0,"Plans":[{"Node Type":"Append","Parent Relationship":"Outer","Parallel Aware":false,"Async Capable":false,"Startup Cost":20.0,"Total Cost":390026.22,"Plan Rows":20000212,"Plan Width":6,"Actual Startup Time":0.436,"Actual Total Time":0.44,"Actual Rows":20000000,"Actual Loops":1,"Shared Hit Blocks":0,"Shared Read Blocks":0,"Shared Dirtied Blocks":0,"Shared Written Blocks":0,"Local Hit Blocks":0,"Local Read Blocks":0,"Local Dirtied Blocks":0,"Local Written Blocks":0,"Temp Read Blocks":0,"Temp Written Blocks":0,"I/O Read Time":0.0,"I/O Write Time":0.0,"Temp I/O Read Time":0.0,"Temp I/O Write Time":0.0,"Subplans Removed":0,"Plans":[{"Node Type":"Custom Scan","Parent Relationship":"Member","Custom Plan Provider":"columnar scan","Parallel Aware":false,"Async Capable":false,"Relation Name":"stock","Schema":"public","Alias":"stock","Startup Cost":20.0,"Total Cost":390020.1,"Plan Rows":20000000,"Plan Width":6,"Actual Startup Time":0.436,"Actual Total Time":0.436,"Actual Rows":20000000,"Actual Loops":1,"Output":["stock.s_w_id","stock.s_i_id"],"Rows Removed by Columnar Filter":0,"Columnar cache search mode":"native","Shared Hit Blocks":0,"Shared Read Blocks":0,"Shared Dirtied Blocks":0,"Shared Written Blocks":0,"Local Hit Blocks":0,"Local Read Blocks":0,"Local Dirtied Blocks":0,"Local Written Blocks":0,"Temp Read Blocks":0,"Temp Written Blocks":0,"I/O Read Time":0.0,"I/O Write Time":0.0,"Temp I/O Read Time":0.0,"Temp I/O Write Time":0.0},{"Node Type":"Seq Scan","Parent Relationship":"Member","Parallel Aware":false,"Async Capable":false,"Relation Name":"stock","Schema":"public","Alias":"stock","Startup Cost":0.0,"Total Cost":6.12,"Plan Rows":212,"Plan Width":6,"Actual Startup Time":0.0,"Actual Total Time":0.0,"Actual Rows":0,"Actual Loops":0,"Output":["stock.s_w_id","stock.s_i_id"],"Shared Hit Blocks":0,"Shared Read Blocks":0,"Shared Dirtied Blocks":0,"Shared Written Blocks":0,"Local Hit Blocks":0,"Local Read Blocks":0,"Local Dirtied Blocks":0,"Local Written Blocks":0,"Temp Read Blocks":0,"Temp Written Blocks":0,"I/O Read Time":0.0,"I/O Write Time":0.0,"Temp I/O Read Time":0.0,"Temp I/O Write Time":0.0}]}]}]},{"Node Type":"Hash","Parent Relationship":"Inner","Parallel Aware":false,"Async Capable":false,"Startup Cost":376.99,"Total Cost":376.99,"Plan Rows":2000,"Plan Width":20,"Actual Startup Time":2.909,"Actual Total Time":2.922,"Actual Rows":3506,"Actual Loops":1,"Output":["supplier.su_suppkey","supplier.su_nationkey","nation.n_name","nation.n_nationkey"],"Hash Buckets":4096,"Original Hash Buckets":2048,"Hash Batches":1,"Original Hash Batches":1,"Peak Memory Usage":217,"Shared Hit Blocks":219,"Shared Read Blocks":0,"Shared Dirtied Blocks":0,"Shared Written Blocks":0,"Local Hit Blocks":0,"Local Read Blocks":0,"Local Dirtied Blocks":0,"Local Written Blocks":0,"Temp Read Blocks":0,"Temp Written Blocks":0,"I/O Read Time":0.0,"I/O Write Time":0.0,"Temp I/O Read Time":0.0,"Temp I/O Write Time":0.0,"Plans":[{"Node Type":"Hash Join","Parent Relationship":"Outer","Parallel Aware":false,"Async Capable":false,"Join Type":"Inner","Startup Cost":3.14,"Total Cost":376.99,"Plan Rows":2000,"Plan Width":20,"Actual Startup Time":0.07,"Actual Total Time":2.345,"Actual Rows":3506,"Actual Loops":1,"Output":["supplier.su_suppkey","supplier.su_nationkey","nation.n_name","nation.n_nationkey"],"Hash Cond":"(supplier.su_nationkey = nation.n_nationkey)","Shared Hit Blocks":219,"Shared Read Blocks":0,"Shared Dirtied Blocks":0,"Shared Written Blocks":0,"Local Hit Blocks":0,"Local Read Blocks":0,"Local Dirtied Blocks":0,"Local Written Blocks":0,"Temp Read Blocks":0,"Temp Written Blocks":0,"I/O Read Time":0.0,"I/O Write Time":0.0,"Temp I/O Read Time":0.0,"Temp I/O Write Time":0.0,"Plans":[{"Node Type":"Seq Scan","Parent Relationship":"Outer","Parallel Aware":false,"Async Capable":false,"Relation Name":"supplier","Schema":"public","Alias":"supplier","Startup Cost":0.0,"Total Cost":317.0,"Plan Rows":10000,"Plan Width":8,"Actual Startup Time":0.015,"Actual Total Time":0.834,"Actual Rows":10000,"Actual Loops":1,"Output":["supplier.su_suppkey","supplier.su_name","supplier.su_address","supplier.su_nationkey","supplier.su_phone","supplier.su_acctbal","supplier.su_comment"],"Shared Hit Blocks":217,"Shared Read Blocks":0,"Shared Dirtied Blocks":0,"Shared Written Blocks":0,"Local Hit Blocks":0,"Local Read Blocks":0,"Local Dirtied Blocks":0,"Local Written Blocks":0,"Temp Read Blocks":0,"Temp Written Blocks":0,"I/O Read Time":0.0,"I/O Write Time":0.0,"Temp I/O Read Time":0.0,"Temp I/O Write Time":0.0},{"Node Type":"Hash","Parent Relationship":"Inner","Parallel Aware":false,"Async Capable":false,"Startup Cost":2.99,"Total Cost":2.99,"Plan Rows":12,"Plan Width":12,"Actual Startup Time":0.045,"Actual Total Time":0.052,"Actual Rows":22,"Actual Loops":1,"Output":["nation.n_name","nation.n_nationkey"],"Hash Buckets":1024,"Original Hash Buckets":1024,"Hash Batches":1,"Original Hash Batches":1,"Peak Memory Usage":9,"Shared Hit Blocks":2,"Shared Read Blocks":0,"Shared Dirtied Blocks":0,"Shared Written Blocks":0,"Local Hit Blocks":0,"Local Read Blocks":0,"Local Dirtied Blocks":0,"Local Written Blocks":0,"Temp Read Blocks":0,"Temp Written Blocks":0,"I/O Read Time":0.0,"I/O Write Time":0.0,"Temp I/O Read Time":0.0,"Temp I/O Write Time":0.0,"Plans":[{"Node Type":"Hash Join","Parent Relationship":"Outer","Parallel Aware":false,"Async Capable":false,"Join Type":"Inner","Startup Cost":1.07,"Total Cost":2.99,"Plan Rows":12,"Plan Width":12,"Actual Startup Time":0.028,"Actual Total Time":0.045,"Actual Rows":22,"Actual Loops":1,"Output":["nation.n_name","nation.n_nationkey"],"Hash Cond":"(nation.n_regionkey = region.r_regionkey)","Shared Hit Blocks":2,"Shared Read Blocks":0,"Shared Dirtied Blocks":0,"Shared Written Blocks":0,"Local Hit Blocks":0,"Local Read Blocks":0,"Local Dirtied Blocks":0,"Local Written Blocks":0,"Temp Read Blocks":0,"Temp Written Blocks":0,"I/O Read Time":0.0,"I/O Write Time":0.0,"Temp I/O Read Time":0.0,"Temp I/O Write Time":0.0,"Plans":[{"Node Type":"Seq Scan","Parent Relationship":"Outer","Parallel Aware":false,"Async Capable":false,"Relation Name":"nation","Schema":"public","Alias":"nation","Startup Cost":0.0,"Total Cost":1.62,"Plan Rows":62,"Plan Width":16,"Actual Startup Time":0.005,"Actual Total Time":0.008,"Actual Rows":62,"Actual Loops":1,"Output":["nation.n_nationkey","nation.n_name","nation.n_regionkey","nation.n_comment"],"Shared Hit Blocks":1,"Shared Read Blocks":0,"Shared Dirtied Blocks":0,"Shared Written Blocks":0,"Local Hit Blocks":0,"Local Read Blocks":0,"Local Dirtied Blocks":0,"Local Written Blocks":0,"Temp Read Blocks":0,"Temp Written Blocks":0,"I/O Read Time":0.0,"I/O Write Time":0.0,"Temp I/O Read Time":0.0,"Temp I/O Write Time":0.0},{"Node Type":"Hash","Parent Relationship":"Inner","Parallel Aware":false,"Async Capable":false,"Startup Cost":1.06,"Total Cost":1.06,"Plan Rows":1,"Plan Width":4,"Actual Startup Time":0.012,"Actual Total Time":0.016,"Actual Rows":1,"Actual Loops":1,"Output":["region.r_regionkey"],"Hash Buckets":1024,"Original Hash Buckets":1024,"Hash Batches":1,"Original Hash Batches":1,"Peak Memory Usage":9,"Shared Hit Blocks":1,"Shared Read Blocks":0,"Shared Dirtied Blocks":0,"Shared Written Blocks":0,"Local Hit Blocks":0,"Local Read Blocks":0,"Local Dirtied Blocks":0,"Local Written Blocks":0,"Temp Read Blocks":0,"Temp Written Blocks":0,"I/O Read Time":0.0,"I/O Write Time":0.0,"Temp I/O Read Time":0.0,"Temp I/O Write Time":0.0,"Plans":[{"Node Type":"Seq Scan","Parent Relationship":"Outer","Parallel Aware":false,"Async Capable":false,"Relation Name":"region","Schema":"public","Alias":"region","Startup Cost":0.0,"Total Cost":1.06,"Plan Rows":1,"Plan Width":4,"Actual Startup Time":0.01,"Actual Total Time":0.011,"Actual Rows":1,"Actual Loops":1,"Output":["region.r_regionkey"],"Filter":"((region.r_name)::text = 'Europe'::text)","Rows Removed by Filter":4,"Shared Hit Blocks":1,"Shared Read Blocks":0,"Shared Dirtied Blocks":0,"Shared Written Blocks":0,"Local Hit Blocks":0,"Local Read Blocks":0,"Local Dirtied Blocks":0,"Local Written Blocks":0,"Temp Read Blocks":0,"Temp Written Blocks":0,"I/O Read Time":0.0,"I/O Write Time":0.0,"Temp I/O Read Time":0.0,"Temp I/O Write Time":0.0}]}]}]}]}]}]},{"Node Type":"Hash","Parent Relationship":"Inner","Parallel Aware":false,"Async Capable":false,"Startup Cost":131491.69,"Total Cost":131491.69,"Plan Rows":879323,"Plan Width":16,"Actual Startup Time":411.243,"Actual Total Time":411.249,"Actual Rows":856801,"Actual Loops":1,"Output":["orders.o_c_id","orders.o_w_id","orders.o_d_id","orders.o_id"],"Hash Buckets":262144,"Original Hash Buckets":262144,"Hash Batches":8,"Original Hash Batches":8,"Peak Memory Usage":7070,"Shared Hit Blocks":0,"Shared Read Blocks":0,"Shared Dirtied Blocks":0,"Shared Written Blocks":0,"Local Hit Blocks":0,"Local Read Blocks":0,"Local Dirtied Blocks":0,"Local Written Blocks":0,"Temp Read Blocks":0,"Temp Written Blocks":3290,"I/O Read Time":0.0,"I/O Write Time":0.0,"Temp I/O Read Time":0.0,"Temp I/O Write Time":15.083,"Plans":[{"Node Type":"Append","Parent Relationship":"Outer","Parallel Aware":false,"Async Capable":false,"Startup Cost":20.0,"Total Cost":131491.69,"Plan Rows":879323,"Plan Width":16,"Actual Startup Time":0.512,"Actual Total Time":208.322,"Actual Rows":856801,"Actual Loops":1,"Shared Hit Blocks":0,"Shared Read Blocks":0,"Shared Dirtied Blocks":0,"Shared Written Blocks":0,"Local Hit Blocks":0,"Local Read Blocks":0,"Local Dirtied Blocks":0,"Local Written Blocks":0,"Temp Read Blocks":0,"Temp Written Blocks":0,"I/O Read Time":0.0,"I/O Write Time":0.0,"Temp I/O Read Time":0.0,"Temp I/O Write Time":0.0,"Subplans Removed":0,"Plans":[{"Node Type":"Custom Scan","Parent Relationship":"Member","Custom Plan Provider":"columnar scan","Parallel Aware":false,"Async Capable":false,"Relation Name":"orders","Schema":"public","Alias":"orders","Startup Cost":20.0,"Total Cost":20684.21,"Plan Rows":879322,"Plan Width":16,"Actual Startup Time":0.51,"Actual Total Time":145.911,"Actual Rows":856801,"Actual Loops":1,"Output":["orders.o_c_id","orders.o_w_id","orders.o_d_id","orders.o_id"],"Filter":"((orders.o_entry_d < '1994-01-02 20:10:02.27764'::timestamp without time zone) AND (orders.o_entry_d >= '1993-01-02 20:10:02.27764'::timestamp without time zone))","Rows Removed by Filter":0,"Rows Removed by Columnar Filter":5143199,"Columnar cache search mode":"native","Shared Hit Blocks":0,"Shared Read Blocks":0,"Shared Dirtied Blocks":0,"Shared Written Blocks":0,"Local Hit Blocks":0,"Local Read Blocks":0,"Local Dirtied Blocks":0,"Local Written Blocks":0,"Temp Read Blocks":0,"Temp Written Blocks":0,"I/O Read Time":0.0,"I/O Write Time":0.0,"Temp I/O Read Time":0.0,"Temp I/O Write Time":0.0},{"Node Type":"Seq Scan","Parent Relationship":"Member","Parallel Aware":false,"Async Capable":false,"Relation Name":"orders","Schema":"public","Alias":"orders","Startup Cost":0.0,"Total Cost":4.01,"Plan Rows":1,"Plan Width":16,"Actual Startup Time":0.0,"Actual Total Time":0.0,"Actual Rows":0,"Actual Loops":0,"Output":["orders.o_c_id","orders.o_w_id","orders.o_d_id","orders.o_id"],"Filter":"((orders.o_entry_d < '1994-01-02 20:10:02.27764'::timestamp without time zone) AND (orders.o_entry_d >= '1993-01-02 20:10:02.27764'::timestamp without time zone))","Rows Removed by Filter":0,"Shared Hit Blocks":0,"Shared Read Blocks":0,"Shared Dirtied Blocks":0,"Shared Written Blocks":0,"Local Hit Blocks":0,"Local Read Blocks":0,"Local Dirtied Blocks":0,"Local Written Blocks":0,"Temp Read Blocks":0,"Temp Written Blocks":0,"I/O Read Time":0.0,"I/O Write Time":0.0,"Temp I/O Read Time":0.0,"Temp I/O Write Time":0.0}]}]}]},{"Node Type":"Hash","Parent Relationship":"Inner","Parallel Aware":false,"Async Capable":false,"Startup Cost":509795.49,"Total Cost":509795.49,"Plan Rows":6000140,"Plan Width":12,"Actual Startup Time":2417.14,"Actual Total Time":2417.142,"Actual Rows":6000000,"Actual Loops":1,"Output":["customer.c_id","customer.c_w_id","customer.c_d_id","customer.c_nationkey"],"Hash Buckets":262144,"Original Hash Buckets":262144,"Hash Batches":64,"Original Hash Batches":64,"Peak Memory Usage":6083,"Shared Hit Blocks":0,"Shared Read Blocks":0,"Shared Dirtied Blocks":0,"Shared Written Blocks":0,"Local Hit Blocks":0,"Local Read Blocks":0,"Local Dirtied Blocks":0,"Local Written Blocks":0,"Temp Read Blocks":0,"Temp Written Blocks":23035,"I/O Read Time":0.0,"I/O Write Time":0.0,"Temp I/O Read Time":0.0,"Temp I/O Write Time":105.007,"Plans":[{"Node Type":"Append","Parent Relationship":"Outer","Parallel Aware":false,"Async Capable":false,"Startup Cost":20.0,"Total Cost":509795.49,"Plan Rows":6000140,"Plan Width":12,"Actual Startup Time":0.022,"Actual Total Time":1357.38,"Actual Rows":6000000,"Actual Loops":1,"Shared Hit Blocks":0,"Shared Read Blocks":0,"Shared Dirtied Blocks":0,"Shared Written Blocks":0,"Local Hit Blocks":0,"Local Read Blocks":0,"Local Dirtied Blocks":0,"Local Written Blocks":0,"Temp Read Blocks":0,"Temp Written Blocks":0,"I/O Read Time":0.0,"I/O Write Time":0.0,"Temp I/O Read Time":0.0,"Temp I/O Write Time":0.0,"Subplans Removed":0,"Plans":[{"Node Type":"Custom Scan","Parent Relationship":"Member","Custom Plan Provider":"columnar scan","Parallel Aware":false,"Async Capable":false,"Relation Name":"customer","Schema":"public","Alias":"customer","Startup Cost":20.0,"Total Cost":141020.06,"Plan Rows":6000000,"Plan Width":12,"Actual Startup Time":0.021,"Actual Total Time":909.109,"Actual Rows":6000000,"Actual Loops":1,"Output":["customer.c_id","customer.c_w_id","customer.c_d_id","customer.c_nationkey"],"Rows Removed by Columnar Filter":0,"Columnar cache search mode":"native","Shared Hit Blocks":0,"Shared Read Blocks":0,"Shared Dirtied Blocks":0,"Shared Written Blocks":0,"Local Hit Blocks":0,"Local Read Blocks":0,"Local Dirtied Blocks":0,"Local Written Blocks":0,"Temp Read Blocks":0,"Temp Written Blocks":0,"I/O Read Time":0.0,"I/O Write Time":0.0,"Temp I/O Read Time":0.0,"Temp I/O Write Time":0.0},{"Node Type":"Seq Scan","Parent Relationship":"Member","Parallel Aware":false,"Async Capable":false,"Relation Name":"customer","Schema":"public","Alias":"customer","Startup Cost":0.0,"Total Cost":5.4,"Plan Rows":140,"Plan Width":12,"Actual Startup Time":0.0,"Actual Total Time":0.0,"Actual Rows":0,"Actual Loops":0,"Output":["customer.c_id","customer.c_w_id","customer.c_d_id","customer.c_nationkey"],"Shared Hit Blocks":0,"Shared Read Blocks":0,"Shared Dirtied Blocks":0,"Shared Written Blocks":0,"Local Hit Blocks":0,"Local Read Blocks":0,"Local Dirtied Blocks":0,"Local Written Blocks":0,"Temp Read Blocks":0,"Temp Written Blocks":0,"I/O Read Time":0.0,"I/O Write Time":0.0,"Temp I/O Read Time":0.0,"Temp I/O Write Time":0.0}]}]}]}]}]}]},"Planning":{"Shared Hit Blocks":220,"Shared Read Blocks":0,"Shared Dirtied Blocks":0,"Shared Written Blocks":0,"Local Hit Blocks":0,"Local Read Blocks":0,"Local Dirtied Blocks":0,"Local Written Blocks":0,"Temp Read Blocks":0,"Temp Written Blocks":0,"I/O Read Time":0.0,"I/O Write Time":0.0,"Temp I/O Read Time":0.0,"Temp I/O Write Time":0.0},"Planning Time":6.618,"Triggers":[],"Execution Time":10794.968}]
[列存组合]: customer, nation, order_line, orders, supplier
[{"Plan":{"Node Type":"Sort","Parallel Aware":false,"Async Capable":false,"Startup Cost":4045380.14,"Total Cost":4045380.3,"Plan Rows":62,"Plan Width":40,"Actual Startup Time":20596.791,"Actual Total Time":20596.828,"Actual Rows":11,"Actual Loops":1,"Output":["nation.n_name","(sum(order_line.ol_amount))"],"Sort Key":["(sum(order_line.ol_amount)) DESC"],"Sort Method":"quicksort","Sort Space Used":25,"Sort Space Type":"Memory","Shared Hit Blocks":54675,"Shared Read Blocks":0,"Shared Dirtied Blocks":0,"Shared Written Blocks":0,"Local Hit Blocks":0,"Local Read Blocks":0,"Local Dirtied Blocks":0,"Local Written Blocks":0,"Temp Read Blocks":131755,"Temp Written Blocks":131809,"I/O Read Time":0.0,"I/O Write Time":0.0,"Temp I/O Read Time":202.144,"Temp I/O Write Time":539.404,"Plans":[{"Node Type":"Aggregate","Strategy":"Sorted","Partial Mode":"Simple","Parent Relationship":"Outer","Parallel Aware":false,"Async Capable":false,"Startup Cost":4045226.5,"Total Cost":4045378.3,"Plan Rows":62,"Plan Width":40,"Actual Startup Time":20590.864,"Actual Total Time":20596.81,"Actual Rows":11,"Actual Loops":1,"Output":["nation.n_name","sum(order_line.ol_amount)"],"Group Key":["nation.n_name"],"Shared Hit Blocks":54675,"Shared Read Blocks":0,"Shared Dirtied Blocks":0,"Shared Written Blocks":0,"Local Hit Blocks":0,"Local Read Blocks":0,"Local Dirtied Blocks":0,"Local Written Blocks":0,"Temp Read Blocks":131755,"Temp Written Blocks":131809,"I/O Read Time":0.0,"I/O Write Time":0.0,"Temp I/O Read Time":202.144,"Temp I/O Write Time":539.404,"Plans":[{"Node Type":"Sort","Parent Relationship":"Outer","Parallel Aware":false,"Async Capable":false,"Startup Cost":4045226.5,"Total Cost":4045276.84,"Plan Rows":20136,"Plan Width":12,"Actual Startup Time":20590.424,"Actual Total Time":20592.268,"Actual Rows":35044,"Actual Loops":1,"Output":["nation.n_name","order_line.ol_amount"],"Sort Key":["nation.n_name"],"Sort Method":"quicksort","Sort Space Used":3146,"Sort Space Type":"Memory","Shared Hit Blocks":54675,"Shared Read Blocks":0,"Shared Dirtied Blocks":0,"Shared Written Blocks":0,"Local Hit Blocks":0,"Local Read Blocks":0,"Local Dirtied Blocks":0,"Local Written Blocks":0,"Temp Read Blocks":131755,"Temp Written Blocks":131809,"I/O Read Time":0.0,"I/O Write Time":0.0,"Temp I/O Read Time":202.144,"Temp I/O Write Time":539.404,"Plans":[{"Node Type":"Hash Join","Parent Relationship":"Outer","Parallel Aware":false,"Async Capable":false,"Join Type":"Inner","Startup Cost":3395919.05,"Total Cost":4043787.03,"Plan Rows":20136,"Plan Width":12,"Actual Startup Time":16688.301,"Actual Total Time":20571.21,"Actual Rows":35044,"Actual Loops":1,"Output":["nation.n_name","order_line.ol_amount"],"Inner Unique":true,"Hash Cond":"((mod((stock.s_w_id * stock.s_i_id), 10000) = supplier.su_suppkey) AND (customer.c_nationkey = supplier.su_nationkey))","Shared Hit Blocks":54675,"Shared Read Blocks":0,"Shared Dirtied Blocks":0,"Shared Written Blocks":0,"Local Hit Blocks":0,"Local Read Blocks":0,"Local Dirtied Blocks":0,"Local Written Blocks":0,"Temp Read Blocks":131755,"Temp Written Blocks":131809,"I/O Read Time":0.0,"I/O Write Time":0.0,"Temp I/O Read Time":202.144,"Temp I/O Write Time":539.404,"Plans":[{"Node Type":"Merge Join","Parent Relationship":"Outer","Parallel Aware":false,"Async Capable":false,"Join Type":"Inner","Startup Cost":3395550.03,"Total Cost":4036583.03,"Plan Rows":1242717,"Plan Width":26,"Actual Startup Time":16684.582,"Actual Total Time":20284.945,"Actual Rows":2218175,"Actual Loops":1,"Output":["customer.c_nationkey","order_line.ol_amount","stock.s_w_id","stock.s_i_id","nation.n_name","nation.n_nationkey"],"Inner Unique":true,"Merge Cond":"((customer.c_w_id = stock.s_w_id) AND (order_line.ol_i_id = stock.s_i_id))","Shared Hit Blocks":54675,"Shared Read Blocks":0,"Shared Dirtied Blocks":0,"Shared Written Blocks":0,"Local Hit Blocks":0,"Local Read Blocks":0,"Local Dirtied Blocks":0,"Local Written Blocks":0,"Temp Read Blocks":131755,"Temp Written Blocks":131809,"I/O Read Time":0.0,"I/O Write Time":0.0,"Temp I/O Read Time":202.144,"Temp I/O Write Time":539.404,"Plans":[{"Node Type":"Sort","Parent Relationship":"Outer","Parallel Aware":false,"Async Capable":false,"Startup Cost":3395549.59,"Total Cost":3398630.13,"Plan Rows":1232214,"Plan Width":30,"Actual Startup Time":16684.522,"Actual Total Time":17280.281,"Actual Rows":2218175,"Actual Loops":1,"Output":["customer.c_w_id","customer.c_nationkey","orders.o_w_id","order_line.ol_amount","order_line.ol_w_id","order_line.ol_i_id","nation.n_name","nation.n_nationkey"],"Sort Key":["customer.c_w_id","order_line.ol_i_id"],"Sort Method":"external merge","Sort Space Used":94520,"Sort Space Type":"Disk","Shared Hit Blocks":2,"Shared Read Blocks":0,"Shared Dirtied Blocks":0,"Shared Written Blocks":0,"Local Hit Blocks":0,"Local Read Blocks":0,"Local Dirtied Blocks":0,"Local Written Blocks":0,"Temp Read Blocks":131755,"Temp Written Blocks":131809,"I/O Read Time":0.0,"I/O Write Time":0.0,"Temp I/O Read Time":202.144,"Temp I/O Write Time":539.404,"Plans":[{"Node Type":"Hash Join","Parent Relationship":"Outer","Parallel Aware":false,"Async Capable":false,"Join Type":"Inner","Startup Cost":795292.92,"Total Cost":3211925.76,"Plan Rows":1232214,"Plan Width":30,"Actual Startup Time":2737.982,"Actual Total Time":14057.85,"Actual Rows":2218175,"Actual Loops":1,"Output":["customer.c_w_id","customer.c_nationkey","orders.o_w_id","order_line.ol_amount","order_line.ol_w_id","order_line.ol_i_id","nation.n_name","nation.n_nationkey"],"Inner Unique":false,"Hash Cond":"(customer.c_nationkey = nation.n_nationkey)","Shared Hit Blocks":2,"Shared Read Blocks":0,"Shared Dirtied Blocks":0,"Shared Written Blocks":0,"Local Hit Blocks":0,"Local Read Blocks":0,"Local Dirtied Blocks":0,"Local Written Blocks":0,"Temp Read Blocks":108135,"Temp Written Blocks":108135,"I/O Read Time":0.0,"I/O Write Time":0.0,"Temp I/O Read Time":168.27,"Temp I/O Write Time":477.807,"Plans":[{"Node Type":"Hash Join","Parent Relationship":"Outer","Parallel Aware":false,"Async Capable":false,"Join Type":"Inner","Startup Cost":795289.78,"Total Cost":3176893.95,"Plan Rows":6161071,"Plan Width":18,"Actual Startup Time":2731.331,"Actual Total Time":13227.166,"Actual Rows":8568663,"Actual Loops":1,"Output":["customer.c_w_id","customer.c_nationkey","orders.o_w_id","order_line.ol_amount","order_line.ol_w_id","order_line.ol_i_id"],"Inner Unique":true,"Hash Cond":"((orders.o_c_id = customer.c_id) AND (orders.o_w_id = customer.c_w_id) AND (orders.o_d_id = customer.c_d_id))","Shared Hit Blocks":0,"Shared Read Blocks":0,"Shared Dirtied Blocks":0,"Shared Written Blocks":0,"Local Hit Blocks":0,"Local Read Blocks":0,"Local Dirtied Blocks":0,"Local Written Blocks":0,"Temp Read Blocks":108135,"Temp Written Blocks":108135,"I/O Read Time":0.0,"I/O Write Time":0.0,"Temp I/O Read Time":168.27,"Temp I/O Write Time":477.807,"Plans":[{"Node Type":"Hash Join","Parent Relationship":"Outer","Parallel Aware":false,"Async Capable":false,"Join Type":"Inner","Startup Cost":151193.84,"Total Cost":2382779.57,"Plan Rows":6161071,"Plan Width":20,"Actual Startup Time":411.834,"Actual Total Time":6643.999,"Actual Rows":8568663,"Actual Loops":1,"Output":["orders.o_c_id","orders.o_w_id","orders.o_d_id","order_line.ol_amount","order_line.ol_w_id","order_line.ol_d_id","order_line.ol_i_id"],"Inner Unique":true,"Hash Cond":"((order_line.ol_w_id = orders.o_w_id) AND (order_line.ol_d_id = orders.o_d_id) AND (order_line.ol_o_id = orders.o_id))","Shared Hit Blocks":0,"Shared Read Blocks":0,"Shared Dirtied Blocks":0,"Shared Written Blocks":0,"Local Hit Blocks":0,"Local Read Blocks":0,"Local Dirtied Blocks":0,"Local Written Blocks":0,"Temp Read Blocks":43816,"Temp Written Blocks":43816,"I/O Read Time":0.0,"I/O Write Time":0.0,"Temp I/O Read Time":68.542,"Temp I/O Write Time":187.923,"Plans":[{"Node Type":"Append","Parent Relationship":"Outer","Parallel Aware":false,"Async Capable":false,"Startup Cost":20.0,"Total Cost":1403598.82,"Plan Rows":42039468,"Plan Width":20,"Actual Startup Time":1.371,"Actual Total Time":2568.109,"Actual Rows":8620885,"Actual Loops":1,"Shared Hit Blocks":0,"Shared Read Blocks":0,"Shared Dirtied Blocks":0,"Shared Written Blocks":0,"Local Hit Blocks":0,"Local Read Blocks":0,"Local Dirtied Blocks":0,"Local Written Blocks":0,"Temp Read Blocks":0,"Temp Written Blocks":0,"I/O Read Time":0.0,"I/O Write Time":0.0,"Temp I/O Read Time":0.0,"Temp I/O Write Time":0.0,"Subplans Removed":0,"Plans":[{"Node Type":"Custom Scan","Parent Relationship":"Member","Custom Plan Provider":"columnar scan","Parallel Aware":false,"Async Capable":false,"Relation Name":"order_line","Schema":"public","Alias":"order_line","Startup Cost":20.0,"Total Cost":1072026.23,"Plan Rows":42039424,"Plan Width":20,"Actual Startup Time":1.37,"Actual Total Time":1969.612,"Actual Rows":8620885,"Actual Loops":1,"Output":["order_line.ol_amount","order_line.ol_o_id","order_line.ol_w_id","order_line.ol_d_id","order_line.ol_i_id"],"Filter":"(order_line.ol_delivery_d >= '1992-01-02 20:10:02.27764'::timestamp without time zone)","Rows Removed by Filter":0,"Rows Removed by Columnar Filter":51372876,"Rows Filtered by Bloom Filter":0,"Dictionary Rows Filtered by Bloom Filter":51372876,"Columnar cache search mode":"native","Shared Hit Blocks":0,"Shared Read Blocks":0,"Shared Dirtied Blocks":0,"Shared Written Blocks":0,"Local Hit Blocks":0,"Local Read Blocks":0,"Local Dirtied Blocks":0,"Local Written Blocks":0,"Temp Read Blocks":0,"Temp Written Blocks":0,"I/O Read Time":0.0,"I/O Write Time":0.0,"Temp I/O Read Time":0.0,"Temp I/O Write Time":0.0},{"Node Type":"Seq Scan","Parent Relationship":"Member","Parallel Aware":false,"Async Capable":false,"Relation Name":"order_line","Schema":"public","Alias":"order_line","Startup Cost":0.0,"Total Cost":4.79,"Plan Rows":44,"Plan Width":20,"Actual Startup Time":0.0,"Actual Total Time":0.0,"Actual Rows":0,"Actual Loops":0,"Output":["order_line.ol_amount","order_line.ol_o_id","order_line.ol_w_id","order_line.ol_d_id","order_line.ol_i_id"],"Filter":"(order_line.ol_delivery_d >= '1992-01-02 20:10:02.27764'::timestamp without time zone)","Rows Removed by Filter":0,"Shared Hit Blocks":0,"Shared Read Blocks":0,"Shared Dirtied Blocks":0,"Shared Written Blocks":0,"Local Hit Blocks":0,"Local Read Blocks":0,"Local Dirtied Blocks":0,"Local Written Blocks":0,"Temp Read Blocks":0,"Temp Written Blocks":0,"I/O Read Time":0.0,"I/O Write Time":0.0,"Temp I/O Read Time":0.0,"Temp I/O Write Time":0.0}]},{"Node Type":"Hash","Parent Relationship":"Inner","Parallel Aware":false,"Async Capable":false,"Startup Cost":131491.69,"Total Cost":131491.69,"Plan Rows":879323,"Plan Width":16,"Actual Startup Time":409.199,"Actual Total Time":409.207,"Actual Rows":856801,"Actual Loops":1,"Output":["orders.o_c_id","orders.o_w_id","orders.o_d_id","orders.o_id"],"Hash Buckets":262144,"Original Hash Buckets":262144,"Hash Batches":8,"Original Hash Batches":8,"Peak Memory Usage":7070,"Shared Hit Blocks":0,"Shared Read Blocks":0,"Shared Dirtied Blocks":0,"Shared Written Blocks":0,"Local Hit Blocks":0,"Local Read Blocks":0,"Local Dirtied Blocks":0,"Local Written Blocks":0,"Temp Read Blocks":0,"Temp Written Blocks":3290,"I/O Read Time":0.0,"I/O Write Time":0.0,"Temp I/O Read Time":0.0,"Temp I/O Write Time":14.223,"Plans":[{"Node Type":"Append","Parent Relationship":"Outer","Parallel Aware":false,"Async Capable":false,"Startup Cost":20.0,"Total Cost":131491.69,"Plan Rows":879323,"Plan Width":16,"Actual Startup Time":0.484,"Actual Total Time":208.088,"Actual Rows":856801,"Actual Loops":1,"Shared Hit Blocks":0,"Shared Read Blocks":0,"Shared Dirtied Blocks":0,"Shared Written Blocks":0,"Local Hit Blocks":0,"Local Read Blocks":0,"Local Dirtied Blocks":0,"Local Written Blocks":0,"Temp Read Blocks":0,"Temp Written Blocks":0,"I/O Read Time":0.0,"I/O Write Time":0.0,"Temp I/O Read Time":0.0,"Temp I/O Write Time":0.0,"Subplans Removed":0,"Plans":[{"Node Type":"Custom Scan","Parent Relationship":"Member","Custom Plan Provider":"columnar scan","Parallel Aware":false,"Async Capable":false,"Relation Name":"orders","Schema":"public","Alias":"orders","Startup Cost":20.0,"Total Cost":20684.21,"Plan Rows":879322,"Plan Width":16,"Actual Startup Time":0.483,"Actual Total Time":145.167,"Actual Rows":856801,"Actual Loops":1,"Output":["orders.o_c_id","orders.o_w_id","orders.o_d_id","orders.o_id"],"Filter":"((orders.o_entry_d < '1994-01-02 20:10:02.27764'::timestamp without time zone) AND (orders.o_entry_d >= '1993-01-02 20:10:02.27764'::timestamp without time zone))","Rows Removed by Filter":0,"Rows Removed by Columnar Filter":5143199,"Columnar cache search mode":"native","Shared Hit Blocks":0,"Shared Read Blocks":0,"Shared Dirtied Blocks":0,"Shared Written Blocks":0,"Local Hit Blocks":0,"Local Read Blocks":0,"Local Dirtied Blocks":0,"Local Written Blocks":0,"Temp Read Blocks":0,"Temp Written Blocks":0,"I/O Read Time":0.0,"I/O Write Time":0.0,"Temp I/O Read Time":0.0,"Temp I/O Write Time":0.0},{"Node Type":"Seq Scan","Parent Relationship":"Member","Parallel Aware":false,"Async Capable":false,"Relation Name":"orders","Schema":"public","Alias":"orders","Startup Cost":0.0,"Total Cost":4.01,"Plan Rows":1,"Plan Width":16,"Actual Startup Time":0.0,"Actual Total Time":0.0,"Actual Rows":0,"Actual Loops":0,"Output":["orders.o_c_id","orders.o_w_id","orders.o_d_id","orders.o_id"],"Filter":"((orders.o_entry_d < '1994-01-02 20:10:02.27764'::timestamp without time zone) AND (orders.o_entry_d >= '1993-01-02 20:10:02.27764'::timestamp without time zone))","Rows Removed by Filter":0,"Shared Hit Blocks":0,"Shared Read Blocks":0,"Shared Dirtied Blocks":0,"Shared Written Blocks":0,"Local Hit Blocks":0,"Local Read Blocks":0,"Local Dirtied Blocks":0,"Local Written Blocks":0,"Temp Read Blocks":0,"Temp Written Blocks":0,"I/O Read Time":0.0,"I/O Write Time":0.0,"Temp I/O Read Time":0.0,"Temp I/O Write Time":0.0}]}]}]},{"Node Type":"Hash","Parent Relationship":"Inner","Parallel Aware":false,"Async Capable":false,"Startup Cost":509795.49,"Total Cost":509795.49,"Plan Rows":6000140,"Plan Width":12,"Actual Startup Time":2313.412,"Actual Total Time":2313.418,"Actual Rows":6000000,"Actual Loops":1,"Output":["customer.c_id","customer.c_w_id","customer.c_d_id","customer.c_nationkey"],"Hash Buckets":262144,"Original Hash Buckets":262144,"Hash Batches":64,"Original Hash Batches":64,"Peak Memory Usage":6073,"Shared Hit Blocks":0,"Shared Read Blocks":0,"Shared Dirtied Blocks":0,"Shared Written Blocks":0,"Local Hit Blocks":0,"Local Read Blocks":0,"Local Dirtied Blocks":0,"Local Written Blocks":0,"Temp Read Blocks":0,"Temp Written Blocks":23037,"I/O Read Time":0.0,"I/O Write Time":0.0,"Temp I/O Read Time":0.0,"Temp I/O Write Time":100.322,"Plans":[{"Node Type":"Append","Parent Relationship":"Outer","Parallel Aware":false,"Async Capable":false,"Startup Cost":20.0,"Total Cost":509795.49,"Plan Rows":6000140,"Plan Width":12,"Actual Startup Time":0.012,"Actual Total Time":1309.361,"Actual Rows":6000000,"Actual Loops":1,"Shared Hit Blocks":0,"Shared Read Blocks":0,"Shared Dirtied Blocks":0,"Shared Written Blocks":0,"Local Hit Blocks":0,"Local Read Blocks":0,"Local Dirtied Blocks":0,"Local Written Blocks":0,"Temp Read Blocks":0,"Temp Written Blocks":0,"I/O Read Time":0.0,"I/O Write Time":0.0,"Temp I/O Read Time":0.0,"Temp I/O Write Time":0.0,"Subplans Removed":0,"Plans":[{"Node Type":"Custom Scan","Parent Relationship":"Member","Custom Plan Provider":"columnar scan","Parallel Aware":false,"Async Capable":false,"Relation Name":"customer","Schema":"public","Alias":"customer","Startup Cost":20.0,"Total Cost":141020.06,"Plan Rows":6000000,"Plan Width":12,"Actual Startup Time":0.012,"Actual Total Time":895.154,"Actual Rows":6000000,"Actual Loops":1,"Output":["customer.c_id","customer.c_w_id","customer.c_d_id","customer.c_nationkey"],"Rows Removed by Columnar Filter":0,"Columnar cache search mode":"native","Shared Hit Blocks":0,"Shared Read Blocks":0,"Shared Dirtied Blocks":0,"Shared Written Blocks":0,"Local Hit Blocks":0,"Local Read Blocks":0,"Local Dirtied Blocks":0,"Local Written Blocks":0,"Temp Read Blocks":0,"Temp Written Blocks":0,"I/O Read Time":0.0,"I/O Write Time":0.0,"Temp I/O Read Time":0.0,"Temp I/O Write Time":0.0},{"Node Type":"Seq Scan","Parent Relationship":"Member","Parallel Aware":false,"Async Capable":false,"Relation Name":"customer","Schema":"public","Alias":"customer","Startup Cost":0.0,"Total Cost":5.4,"Plan Rows":140,"Plan Width":12,"Actual Startup Time":0.0,"Actual Total Time":0.0,"Actual Rows":0,"Actual Loops":0,"Output":["customer.c_id","customer.c_w_id","customer.c_d_id","customer.c_nationkey"],"Shared Hit Blocks":0,"Shared Read Blocks":0,"Shared Dirtied Blocks":0,"Shared Written Blocks":0,"Local Hit Blocks":0,"Local Read Blocks":0,"Local Dirtied Blocks":0,"Local Written Blocks":0,"Temp Read Blocks":0,"Temp Written Blocks":0,"I/O Read Time":0.0,"I/O Write Time":0.0,"Temp I/O Read Time":0.0,"Temp I/O Write Time":0.0}]}]}]},{"Node Type":"Hash","Parent Relationship":"Inner","Parallel Aware":false,"Async Capable":false,"Startup Cost":2.99,"Total Cost":2.99,"Plan Rows":12,"Plan Width":12,"Actual Startup Time":0.041,"Actual Total Time":0.046,"Actual Rows":22,"Actual Loops":1,"Output":["nation.n_name","nation.n_nationkey"],"Hash Buckets":1024,"Original Hash Buckets":1024,"Hash Batches":1,"Original Hash Batches":1,"Peak Memory Usage":9,"Shared Hit Blocks":2,"Shared Read Blocks":0,"Shared Dirtied Blocks":0,"Shared Written Blocks":0,"Local Hit Blocks":0,"Local Read Blocks":0,"Local Dirtied Blocks":0,"Local Written Blocks":0,"Temp Read Blocks":0,"Temp Written Blocks":0,"I/O Read Time":0.0,"I/O Write Time":0.0,"Temp I/O Read Time":0.0,"Temp I/O Write Time":0.0,"Plans":[{"Node Type":"Hash Join","Parent Relationship":"Outer","Parallel Aware":false,"Async Capable":false,"Join Type":"Inner","Startup Cost":1.07,"Total Cost":2.99,"Plan Rows":12,"Plan Width":12,"Actual Startup Time":0.025,"Actual Total Time":0.04,"Actual Rows":22,"Actual Loops":1,"Output":["nation.n_name","nation.n_nationkey"],"Inner Unique":true,"Hash Cond":"(nation.n_regionkey = region.r_regionkey)","Shared Hit Blocks":2,"Shared Read Blocks":0,"Shared Dirtied Blocks":0,"Shared Written Blocks":0,"Local Hit Blocks":0,"Local Read Blocks":0,"Local Dirtied Blocks":0,"Local Written Blocks":0,"Temp Read Blocks":0,"Temp Written Blocks":0,"I/O Read Time":0.0,"I/O Write Time":0.0,"Temp I/O Read Time":0.0,"Temp I/O Write Time":0.0,"Plans":[{"Node Type":"Seq Scan","Parent Relationship":"Outer","Parallel Aware":false,"Async Capable":false,"Relation Name":"nation","Schema":"public","Alias":"nation","Startup Cost":0.0,"Total Cost":1.62,"Plan Rows":62,"Plan Width":16,"Actual Startup Time":0.007,"Actual Total Time":0.011,"Actual Rows":62,"Actual Loops":1,"Output":["nation.n_nationkey","nation.n_name","nation.n_regionkey","nation.n_comment"],"Shared Hit Blocks":1,"Shared Read Blocks":0,"Shared Dirtied Blocks":0,"Shared Written Blocks":0,"Local Hit Blocks":0,"Local Read Blocks":0,"Local Dirtied Blocks":0,"Local Written Blocks":0,"Temp Read Blocks":0,"Temp Written Blocks":0,"I/O Read Time":0.0,"I/O Write Time":0.0,"Temp I/O Read Time":0.0,"Temp I/O Write Time":0.0},{"Node Type":"Hash","Parent Relationship":"Inner","Parallel Aware":false,"Async Capable":false,"Startup Cost":1.06,"Total Cost":1.06,"Plan Rows":1,"Plan Width":4,"Actual Startup Time":0.009,"Actual Total Time":0.011,"Actual Rows":1,"Actual Loops":1,"Output":["region.r_regionkey"],"Hash Buckets":1024,"Original Hash Buckets":1024,"Hash Batches":1,"Original Hash Batches":1,"Peak Memory Usage":9,"Shared Hit Blocks":1,"Shared Read Blocks":0,"Shared Dirtied Blocks":0,"Shared Written Blocks":0,"Local Hit Blocks":0,"Local Read Blocks":0,"Local Dirtied Blocks":0,"Local Written Blocks":0,"Temp Read Blocks":0,"Temp Written Blocks":0,"I/O Read Time":0.0,"I/O Write Time":0.0,"Temp I/O Read Time":0.0,"Temp I/O Write Time":0.0,"Plans":[{"Node Type":"Seq Scan","Parent Relationship":"Outer","Parallel Aware":false,"Async Capable":false,"Relation Name":"region","Schema":"public","Alias":"region","Startup Cost":0.0,"Total Cost":1.06,"Plan Rows":1,"Plan Width":4,"Actual Startup Time":0.008,"Actual Total Time":0.008,"Actual Rows":1,"Actual Loops":1,"Output":["region.r_regionkey"],"Filter":"((region.r_name)::text = 'Europe'::text)","Rows Removed by Filter":4,"Shared Hit Blocks":1,"Shared Read Blocks":0,"Shared Dirtied Blocks":0,"Shared Written Blocks":0,"Local Hit Blocks":0,"Local Read Blocks":0,"Local Dirtied Blocks":0,"Local Written Blocks":0,"Temp Read Blocks":0,"Temp Written Blocks":0,"I/O Read Time":0.0,"I/O Write Time":0.0,"Temp I/O Read Time":0.0,"Temp I/O Write Time":0.0}]}]}]}]}]},{"Node Type":"Index Only Scan","Parent Relationship":"Inner","Parallel Aware":false,"Async Capable":false,"Scan Direction":"Forward","Index Name":"stock_pk","Relation Name":"stock","Schema":"public","Alias":"stock","Startup Cost":0.44,"Total Cost":519363.62,"Plan Rows":20000212,"Plan Width":6,"Actual Startup Time":0.044,"Actual Total Time":1395.009,"Actual Rows":19999994,"Actual Loops":1,"Output":["stock.s_w_id","stock.s_i_id"],"Heap Fetches":0,"Shared Hit Blocks":54673,"Shared Read Blocks":0,"Shared Dirtied Blocks":0,"Shared Written Blocks":0,"Local Hit Blocks":0,"Local Read Blocks":0,"Local Dirtied Blocks":0,"Local Written Blocks":0,"Temp Read Blocks":0,"Temp Written Blocks":0,"I/O Read Time":0.0,"I/O Write Time":0.0,"Temp I/O Read Time":0.0,"Temp I/O Write Time":0.0}]},{"Node Type":"Hash","Parent Relationship":"Inner","Parallel Aware":false,"Async Capable":false,"Startup Cost":219.01,"Total Cost":219.01,"Plan Rows":10001,"Plan Width":8,"Actual Startup Time":3.287,"Actual Total Time":3.288,"Actual Rows":10000,"Actual Loops":1,"Output":["supplier.su_suppkey","supplier.su_nationkey"],"Hash Buckets":16384,"Original Hash Buckets":16384,"Hash Batches":1,"Original Hash Batches":1,"Peak Memory Usage":519,"Shared Hit Blocks":0,"Shared Read Blocks":0,"Shared Dirtied Blocks":0,"Shared Written Blocks":0,"Local Hit Blocks":0,"Local Read Blocks":0,"Local Dirtied Blocks":0,"Local Written Blocks":0,"Temp Read Blocks":0,"Temp Written Blocks":0,"I/O Read Time":0.0,"I/O Write Time":0.0,"Temp I/O Read Time":0.0,"Temp I/O Write Time":0.0,"Plans":[{"Node Type":"Append","Parent Relationship":"Outer","Parallel Aware":false,"Async Capable":false,"Startup Cost":20.0,"Total Cost":219.01,"Plan Rows":10001,"Plan Width":8,"Actual Startup Time":0.014,"Actual Total Time":1.794,"Actual Rows":10000,"Actual Loops":1,"Shared Hit Blocks":0,"Shared Read Blocks":0,"Shared Dirtied Blocks":0,"Shared Written Blocks":0,"Local Hit Blocks":0,"Local Read Blocks":0,"Local Dirtied Blocks":0,"Local Written Blocks":0,"Temp Read Blocks":0,"Temp Written Blocks":0,"I/O Read Time":0.0,"I/O Write Time":0.0,"Temp I/O Read Time":0.0,"Temp I/O Write Time":0.0,"Subplans Removed":0,"Plans":[{"Node Type":"Custom Scan","Parent Relationship":"Member","Custom Plan Provider":"columnar scan","Parallel Aware":false,"Async Capable":false,"Relation Name":"supplier","Schema":"public","Alias":"supplier","Startup Cost":20.0,"Total Cost":215.0,"Plan Rows":10000,"Plan Width":8,"Actual Startup Time":0.013,"Actual Total Time":1.081,"Actual Rows":10000,"Actual Loops":1,"Output":["supplier.su_suppkey","supplier.su_nationkey"],"Rows Removed by Columnar Filter":0,"Columnar cache search mode":"native","Shared Hit Blocks":0,"Shared Read Blocks":0,"Shared Dirtied Blocks":0,"Shared Written Blocks":0,"Local Hit Blocks":0,"Local Read Blocks":0,"Local Dirtied Blocks":0,"Local Written Blocks":0,"Temp Read Blocks":0,"Temp Written Blocks":0,"I/O Read Time":0.0,"I/O Write Time":0.0,"Temp I/O Read Time":0.0,"Temp I/O Write Time":0.0},{"Node Type":"Seq Scan","Parent Relationship":"Member","Parallel Aware":false,"Async Capable":false,"Relation Name":"supplier","Schema":"public","Alias":"supplier","Startup Cost":0.0,"Total Cost":4.01,"Plan Rows":1,"Plan Width":8,"Actual Startup Time":0.0,"Actual Total Time":0.0,"Actual Rows":0,"Actual Loops":0,"Output":["supplier.su_suppkey","supplier.su_nationkey"],"Shared Hit Blocks":0,"Shared Read Blocks":0,"Shared Dirtied Blocks":0,"Shared Written Blocks":0,"Local Hit Blocks":0,"Local Read Blocks":0,"Local Dirtied Blocks":0,"Local Written Blocks":0,"Temp Read Blocks":0,"Temp Written Blocks":0,"I/O Read Time":0.0,"I/O Write Time":0.0,"Temp I/O Read Time":0.0,"Temp I/O Write Time":0.0}]}]}]}]}]}]},"Planning":{"Shared Hit Blocks":220,"Shared Read Blocks":0,"Shared Dirtied Blocks":0,"Shared Written Blocks":0,"Local Hit Blocks":0,"Local Read Blocks":0,"Local Dirtied Blocks":0,"Local Written Blocks":0,"Temp Read Blocks":0,"Temp Written Blocks":0,"I/O Read Time":0.0,"I/O Write Time":0.0,"Temp I/O Read Time":0.0,"Temp I/O Write Time":0.0},"Planning Time":5.596,"Triggers":[],"Execution Time":20612.392}]
[列存组合]: customer, nation, order_line, region, stock
[{"Plan":{"Node Type":"Sort","Parallel Aware":false,"Async Capable":false,"Startup Cost":2391524.51,"Total Cost":2391524.67,"Plan Rows":62,"Plan Width":40,"Actual Startup Time":11734.668,"Actual Total Time":11734.712,"Actual Rows":11,"Actual Loops":1,"Output":["nation.n_name","(sum(order_line.ol_amount))"],"Sort Key":["(sum(order_line.ol_amount)) DESC"],"Sort Method":"quicksort","Sort Space Used":25,"Sort Space Type":"Memory","Shared Hit Blocks":44341,"Shared Read Blocks":0,"Shared Dirtied Blocks":0,"Shared Written Blocks":0,"Local Hit Blocks":0,"Local Read Blocks":0,"Local Dirtied Blocks":0,"Local Written Blocks":0,"Temp Read Blocks":67001,"Temp Written Blocks":67001,"I/O Read Time":0.0,"I/O Write Time":0.0,"Temp I/O Read Time":103.589,"Temp I/O Write Time":309.839,"Plans":[{"Node Type":"Aggregate","Strategy":"Sorted","Partial Mode":"Simple","Parent Relationship":"Outer","Parallel Aware":false,"Async Capable":false,"Startup Cost":2391370.87,"Total Cost":2391522.67,"Plan Rows":62,"Plan Width":40,"Actual Startup Time":11728.755,"Actual Total Time":11734.694,"Actual Rows":11,"Actual Loops":1,"Output":["nation.n_name","sum(order_line.ol_amount)"],"Group Key":["nation.n_name"],"Shared Hit Blocks":44341,"Shared Read Blocks":0,"Shared Dirtied Blocks":0,"Shared Written Blocks":0,"Local Hit Blocks":0,"Local Read Blocks":0,"Local Dirtied Blocks":0,"Local Written Blocks":0,"Temp Read Blocks":67001,"Temp Written Blocks":67001,"I/O Read Time":0.0,"I/O Write Time":0.0,"Temp I/O Read Time":103.589,"Temp I/O Write Time":309.839,"Plans":[{"Node Type":"Sort","Parent Relationship":"Outer","Parallel Aware":false,"Async Capable":false,"Startup Cost":2391370.87,"Total Cost":2391421.21,"Plan Rows":20136,"Plan Width":12,"Actual Startup Time":11728.321,"Actual Total Time":11730.156,"Actual Rows":35044,"Actual Loops":1,"Output":["nation.n_name","order_line.ol_amount"],"Sort Key":["nation.n_name"],"Sort Method":"quicksort","Sort Space Used":3146,"Sort Space Type":"Memory","Shared Hit Blocks":44341,"Shared Read Blocks":0,"Shared Dirtied Blocks":0,"Shared Written Blocks":0,"Local Hit Blocks":0,"Local Read Blocks":0,"Local Dirtied Blocks":0,"Local Written Blocks":0,"Temp Read Blocks":67001,"Temp Written Blocks":67001,"I/O Read Time":0.0,"I/O Write Time":0.0,"Temp I/O Read Time":103.589,"Temp I/O Write Time":309.839,"Plans":[{"Node Type":"Hash Join","Parent Relationship":"Outer","Parallel Aware":false,"Async Capable":false,"Join Type":"Inner","Startup Cost":871922.53,"Total Cost":2389931.4,"Plan Rows":20136,"Plan Width":12,"Actual Startup Time":5029.782,"Actual Total Time":11710.56,"Actual Rows":35044,"Actual Loops":1,"Output":["nation.n_name","order_line.ol_amount"],"Hash Cond":"((orders.o_c_id = customer.c_id) AND (orders.o_w_id = customer.c_w_id) AND (orders.o_d_id = customer.c_d_id) AND (supplier.su_nationkey = customer.c_nationkey))","Shared Hit Blocks":44341,"Shared Read Blocks":0,"Shared Dirtied Blocks":0,"Shared Written Blocks":0,"Local Hit Blocks":0,"Local Read Blocks":0,"Local Dirtied Blocks":0,"Local Written Blocks":0,"Temp Read Blocks":67001,"Temp Written Blocks":67001,"I/O Read Time":0.0,"I/O Write Time":0.0,"Temp I/O Read Time":103.589,"Temp I/O Write Time":309.839,"Plans":[{"Node Type":"Hash Join","Parent Relationship":"Outer","Parallel Aware":false,"Async Capable":false,"Join Type":"Inner","Startup Cost":212826.24,"Total Cost":1669084.88,"Plan Rows":1242117,"Plan Width":34,"Actual Startup Time":2524.64,"Actual Total Time":7729.386,"Actual Rows":2982388,"Actual Loops":1,"Output":["orders.o_c_id","orders.o_w_id","orders.o_d_id","order_line.ol_amount","order_line.ol_w_id","order_line.ol_d_id","stock.s_w_id","supplier.su_nationkey","nation.n_name","nation.n_nationkey"],"Hash Cond":"((order_line.ol_w_id = orders.o_w_id) AND (order_line.ol_d_id = orders.o_d_id) AND (order_line.ol_o_id = orders.o_id))","Shared Hit Blocks":44341,"Shared Read Blocks":0,"Shared Dirtied Blocks":0,"Shared Written Blocks":0,"Local Hit Blocks":0,"Local Read Blocks":0,"Local Dirtied Blocks":0,"Local Written Blocks":0,"Temp Read Blocks":23127,"Temp Written Blocks":23127,"I/O Read Time":0.0,"I/O Write Time":0.0,"Temp I/O Read Time":36.096,"Temp I/O Write Time":107.805,"Plans":[{"Node Type":"Hash Join","Parent Relationship":"Outer","Parallel Aware":false,"Async Capable":false,"Join Type":"Inner","Startup Cost":59022.58,"Total Cost":1311993.18,"Plan Rows":8467814,"Plan Width":34,"Actual Startup Time":1876.003,"Actual Total Time":5493.647,"Actual Rows":3000322,"Actual Loops":1,"Output":["order_line.ol_amount","order_line.ol_o_id","order_line.ol_w_id","order_line.ol_d_id","stock.s_w_id","supplier.su_nationkey","nation.n_name","nation.n_nationkey"],"Hash Cond":"(mod((stock.s_w_id * stock.s_i_id), 10000) = supplier.su_suppkey)","Shared Hit Blocks":219,"Shared Read Blocks":0,"Shared Dirtied Blocks":0,"Shared Written Blocks":0,"Local Hit Blocks":0,"Local Read Blocks":0,"Local Dirtied Blocks":0,"Local Written Blocks":0,"Temp Read Blocks":0,"Temp Written Blocks":0,"I/O Read Time":0.0,"I/O Write Time":0.0,"Temp I/O Read Time":0.0,"Temp I/O Write Time":0.0,"Plans":[{"Node Type":"Hash Join","Parent Relationship":"Outer","Parallel Aware":false,"Async Capable":false,"Join Type":"Inner","Startup Cost":58620.59,"Total Cost":962293.85,"Plan Rows":42339072,"Plan Width":22,"Actual Startup Time":1873.048,"Actual Total Time":4093.39,"Actual Rows":8620885,"Actual Loops":1,"Output":["order_line.ol_amount","order_line.ol_o_id","order_line.ol_w_id","order_line.ol_d_id","stock.s_w_id","stock.s_i_id"],"Hash Cond":"((order_line.ol_w_id = stock.s_w_id) AND (order_line.ol_i_id = stock.s_i_id))","Rows Removed by Bloom Filter":0,"Shared Hit Blocks":0,"Shared Read Blocks":0,"Shared Dirtied Blocks":0,"Shared Written Blocks":0,"Local Hit Blocks":0,"Local Read Blocks":0,"Local Dirtied Blocks":0,"Local Written Blocks":0,"Temp Read Blocks":0,"Temp Written Blocks":0,"I/O Read Time":0.0,"I/O Write Time":0.0,"Temp I/O Read Time":0.0,"Temp I/O Write Time":0.0,"Plans":[{"Node Type":"Append","Parent Relationship":"Outer","Parallel Aware":false,"Async Capable":false,"Startup Cost":20.0,"Total Cost":1072031.01,"Plan Rows":42039468,"Plan Width":20,"Actual Startup Time":247.42,"Actual Total Time":247.433,"Actual Rows":8620885,"Actual Loops":1,"Shared Hit Blocks":0,"Shared Read Blocks":0,"Shared Dirtied Blocks":0,"Shared Written Blocks":0,"Local Hit Blocks":0,"Local Read Blocks":0,"Local Dirtied Blocks":0,"Local Written Blocks":0,"Temp Read Blocks":0,"Temp Written Blocks":0,"I/O Read Time":0.0,"I/O Write Time":0.0,"Temp I/O Read Time":0.0,"Temp I/O Write Time":0.0,"Subplans Removed":0,"Plans":[{"Node Type":"Custom Scan","Parent Relationship":"Member","Custom Plan Provider":"columnar scan","Parallel Aware":false,"Async Capable":false,"Relation Name":"order_line","Schema":"public","Alias":"order_line","Startup Cost":20.0,"Total Cost":1072026.23,"Plan Rows":42039424,"Plan Width":20,"Actual Startup Time":247.417,"Actual Total Time":247.419,"Actual Rows":8620885,"Actual Loops":1,"Output":["order_line.ol_amount","order_line.ol_o_id","order_line.ol_w_id","order_line.ol_d_id","order_line.ol_i_id"],"Filter":"(order_line.ol_delivery_d >= '1992-01-02 20:10:02.27764'::timestamp without time zone)","Rows Removed by Filter":0,"Rows Removed by Columnar Filter":51372876,"Rows Filtered by Bloom Filter":0,"Dictionary Rows Filtered by Bloom Filter":51372876,"Columnar cache search mode":"native","Shared Hit Blocks":0,"Shared Read Blocks":0,"Shared Dirtied Blocks":0,"Shared Written Blocks":0,"Local Hit Blocks":0,"Local Read Blocks":0,"Local Dirtied Blocks":0,"Local Written Blocks":0,"Temp Read Blocks":0,"Temp Written Blocks":0,"I/O Read Time":0.0,"I/O Write Time":0.0,"Temp I/O Read Time":0.0,"Temp I/O Write Time":0.0},{"Node Type":"Seq Scan","Parent Relationship":"Member","Parallel Aware":false,"Async Capable":false,"Relation Name":"order_line","Schema":"public","Alias":"order_line","Startup Cost":0.0,"Total Cost":4.79,"Plan Rows":44,"Plan Width":20,"Actual Startup Time":0.0,"Actual Total Time":0.0,"Actual Rows":0,"Actual Loops":0,"Output":["order_line.ol_amount","order_line.ol_o_id","order_line.ol_w_id","order_line.ol_d_id","order_line.ol_i_id"],"Filter":"(order_line.ol_delivery_d >= '1992-01-02 20:10:02.27764'::timestamp without time zone)","Rows Removed by Filter":0,"Shared Hit Blocks":0,"Shared Read Blocks":0,"Shared Dirtied Blocks":0,"Shared Written Blocks":0,"Local Hit Blocks":0,"Local Read Blocks":0,"Local Dirtied Blocks":0,"Local Written Blocks":0,"Temp Read Blocks":0,"Temp Written Blocks":0,"I/O Read Time":0.0,"I/O Write Time":0.0,"Temp I/O Read Time":0.0,"Temp I/O Write Time":0.0}]},{"Node Type":"Hash","Parent Relationship":"Inner","Parallel Aware":false,"Async Capable":false,"Startup Cost":390026.22,"Total Cost":390026.22,"Plan Rows":20000212,"Plan Width":6,"Actual Rows":20000000,"Actual Loops":1,"Output":["stock.s_w_id","stock.s_i_id"],"Shared Hit Blocks":0,"Shared Read Blocks":0,"Shared Dirtied Blocks":0,"Shared Written Blocks":0,"Local Hit Blocks":0,"Local Read Blocks":0,"Local Dirtied Blocks":0,"Local Written Blocks":0,"Temp Read Blocks":0,"Temp Written Blocks":0,"I/O Read Time":0.0,"I/O Write Time":0.0,"Temp I/O Read Time":0.0,"Temp I/O Write Time":0.0,"Plans":[{"Node Type":"Append","Parent Relationship":"Outer","Parallel Aware":false,"Async Capable":false,"Startup Cost":20.0,"Total Cost":390026.22,"Plan Rows":20000212,"Plan Width":6,"Actual Startup Time":0.45,"Actual Total Time":0.452,"Actual Rows":20000000,"Actual Loops":1,"Shared Hit Blocks":0,"Shared Read Blocks":0,"Shared Dirtied Blocks":0,"Shared Written Blocks":0,"Local Hit Blocks":0,"Local Read Blocks":0,"Local Dirtied Blocks":0,"Local Written Blocks":0,"Temp Read Blocks":0,"Temp Written Blocks":0,"I/O Read Time":0.0,"I/O Write Time":0.0,"Temp I/O Read Time":0.0,"Temp I/O Write Time":0.0,"Subplans Removed":0,"Plans":[{"Node Type":"Custom Scan","Parent Relationship":"Member","Custom Plan Provider":"columnar scan","Parallel Aware":false,"Async Capable":false,"Relation Name":"stock","Schema":"public","Alias":"stock","Startup Cost":20.0,"Total Cost":390020.1,"Plan Rows":20000000,"Plan Width":6,"Actual Startup Time":0.447,"Actual Total Time":0.448,"Actual Rows":20000000,"Actual Loops":1,"Output":["stock.s_w_id","stock.s_i_id"],"Rows Removed by Columnar Filter":0,"Columnar cache search mode":"native","Shared Hit Blocks":0,"Shared Read Blocks":0,"Shared Dirtied Blocks":0,"Shared Written Blocks":0,"Local Hit Blocks":0,"Local Read Blocks":0,"Local Dirtied Blocks":0,"Local Written Blocks":0,"Temp Read Blocks":0,"Temp Written Blocks":0,"I/O Read Time":0.0,"I/O Write Time":0.0,"Temp I/O Read Time":0.0,"Temp I/O Write Time":0.0},{"Node Type":"Seq Scan","Parent Relationship":"Member","Parallel Aware":false,"Async Capable":false,"Relation Name":"stock","Schema":"public","Alias":"stock","Startup Cost":0.0,"Total Cost":6.12,"Plan Rows":212,"Plan Width":6,"Actual Startup Time":0.0,"Actual Total Time":0.0,"Actual Rows":0,"Actual Loops":0,"Output":["stock.s_w_id","stock.s_i_id"],"Shared Hit Blocks":0,"Shared Read Blocks":0,"Shared Dirtied Blocks":0,"Shared Written Blocks":0,"Local Hit Blocks":0,"Local Read Blocks":0,"Local Dirtied Blocks":0,"Local Written Blocks":0,"Temp Read Blocks":0,"Temp Written Blocks":0,"I/O Read Time":0.0,"I/O Write Time":0.0,"Temp I/O Read Time":0.0,"Temp I/O Write Time":0.0}]}]}]},{"Node Type":"Hash","Parent Relationship":"Inner","Parallel Aware":false,"Async Capable":false,"Startup Cost":376.99,"Total Cost":376.99,"Plan Rows":2000,"Plan Width":20,"Actual Startup Time":2.885,"Actual Total Time":2.897,"Actual Rows":3506,"Actual Loops":1,"Output":["supplier.su_suppkey","supplier.su_nationkey","nation.n_name","nation.n_nationkey"],"Hash Buckets":4096,"Original Hash Buckets":2048,"Hash Batches":1,"Original Hash Batches":1,"Peak Memory Usage":217,"Shared Hit Blocks":219,"Shared Read Blocks":0,"Shared Dirtied Blocks":0,"Shared Written Blocks":0,"Local Hit Blocks":0,"Local Read Blocks":0,"Local Dirtied Blocks":0,"Local Written Blocks":0,"Temp Read Blocks":0,"Temp Written Blocks":0,"I/O Read Time":0.0,"I/O Write Time":0.0,"Temp I/O Read Time":0.0,"Temp I/O Write Time":0.0,"Plans":[{"Node Type":"Hash Join","Parent Relationship":"Outer","Parallel Aware":false,"Async Capable":false,"Join Type":"Inner","Startup Cost":3.14,"Total Cost":376.99,"Plan Rows":2000,"Plan Width":20,"Actual Startup Time":0.098,"Actual Total Time":2.309,"Actual Rows":3506,"Actual Loops":1,"Output":["supplier.su_suppkey","supplier.su_nationkey","nation.n_name","nation.n_nationkey"],"Hash Cond":"(supplier.su_nationkey = nation.n_nationkey)","Shared Hit Blocks":219,"Shared Read Blocks":0,"Shared Dirtied Blocks":0,"Shared Written Blocks":0,"Local Hit Blocks":0,"Local Read Blocks":0,"Local Dirtied Blocks":0,"Local Written Blocks":0,"Temp Read Blocks":0,"Temp Written Blocks":0,"I/O Read Time":0.0,"I/O Write Time":0.0,"Temp I/O Read Time":0.0,"Temp I/O Write Time":0.0,"Plans":[{"Node Type":"Seq Scan","Parent Relationship":"Outer","Parallel Aware":false,"Async Capable":false,"Relation Name":"supplier","Schema":"public","Alias":"supplier","Startup Cost":0.0,"Total Cost":317.0,"Plan Rows":10000,"Plan Width":8,"Actual Startup Time":0.02,"Actual Total Time":0.783,"Actual Rows":10000,"Actual Loops":1,"Output":["supplier.su_suppkey","supplier.su_name","supplier.su_address","supplier.su_nationkey","supplier.su_phone","supplier.su_acctbal","supplier.su_comment"],"Shared Hit Blocks":217,"Shared Read Blocks":0,"Shared Dirtied Blocks":0,"Shared Written Blocks":0,"Local Hit Blocks":0,"Local Read Blocks":0,"Local Dirtied Blocks":0,"Local Written Blocks":0,"Temp Read Blocks":0,"Temp Written Blocks":0,"I/O Read Time":0.0,"I/O Write Time":0.0,"Temp I/O Read Time":0.0,"Temp I/O Write Time":0.0},{"Node Type":"Hash","Parent Relationship":"Inner","Parallel Aware":false,"Async Capable":false,"Startup Cost":2.99,"Total Cost":2.99,"Plan Rows":12,"Plan Width":12,"Actual Startup Time":0.064,"Actual Total Time":0.073,"Actual Rows":22,"Actual Loops":1,"Output":["nation.n_name","nation.n_nationkey"],"Hash Buckets":1024,"Original Hash Buckets":1024,"Hash Batches":1,"Original Hash Batches":1,"Peak Memory Usage":9,"Shared Hit Blocks":2,"Shared Read Blocks":0,"Shared Dirtied Blocks":0,"Shared Written Blocks":0,"Local Hit Blocks":0,"Local Read Blocks":0,"Local Dirtied Blocks":0,"Local Written Blocks":0,"Temp Read Blocks":0,"Temp Written Blocks":0,"I/O Read Time":0.0,"I/O Write Time":0.0,"Temp I/O Read Time":0.0,"Temp I/O Write Time":0.0,"Plans":[{"Node Type":"Hash Join","Parent Relationship":"Outer","Parallel Aware":false,"Async Capable":false,"Join Type":"Inner","Startup Cost":1.07,"Total Cost":2.99,"Plan Rows":12,"Plan Width":12,"Actual Startup Time":0.045,"Actual Total Time":0.063,"Actual Rows":22,"Actual Loops":1,"Output":["nation.n_name","nation.n_nationkey"],"Hash Cond":"(nation.n_regionkey = region.r_regionkey)","Shared Hit Blocks":2,"Shared Read Blocks":0,"Shared Dirtied Blocks":0,"Shared Written Blocks":0,"Local Hit Blocks":0,"Local Read Blocks":0,"Local Dirtied Blocks":0,"Local Written Blocks":0,"Temp Read Blocks":0,"Temp Written Blocks":0,"I/O Read Time":0.0,"I/O Write Time":0.0,"Temp I/O Read Time":0.0,"Temp I/O Write Time":0.0,"Plans":[{"Node Type":"Seq Scan","Parent Relationship":"Outer","Parallel Aware":false,"Async Capable":false,"Relation Name":"nation","Schema":"public","Alias":"nation","Startup Cost":0.0,"Total Cost":1.62,"Plan Rows":62,"Plan Width":16,"Actual Startup Time":0.007,"Actual Total Time":0.012,"Actual Rows":62,"Actual Loops":1,"Output":["nation.n_nationkey","nation.n_name","nation.n_regionkey","nation.n_comment"],"Shared Hit Blocks":1,"Shared Read Blocks":0,"Shared Dirtied Blocks":0,"Shared Written Blocks":0,"Local Hit Blocks":0,"Local Read Blocks":0,"Local Dirtied Blocks":0,"Local Written Blocks":0,"Temp Read Blocks":0,"Temp Written Blocks":0,"I/O Read Time":0.0,"I/O Write Time":0.0,"Temp I/O Read Time":0.0,"Temp I/O Write Time":0.0},{"Node Type":"Hash","Parent Relationship":"Inner","Parallel Aware":false,"Async Capable":false,"Startup Cost":1.06,"Total Cost":1.06,"Plan Rows":1,"Plan Width":4,"Actual Startup Time":0.022,"Actual Total Time":0.024,"Actual Rows":1,"Actual Loops":1,"Output":["region.r_regionkey"],"Hash Buckets":1024,"Original Hash Buckets":1024,"Hash Batches":1,"Original Hash Batches":1,"Peak Memory Usage":9,"Shared Hit Blocks":1,"Shared Read Blocks":0,"Shared Dirtied Blocks":0,"Shared Written Blocks":0,"Local Hit Blocks":0,"Local Read Blocks":0,"Local Dirtied Blocks":0,"Local Written Blocks":0,"Temp Read Blocks":0,"Temp Written Blocks":0,"I/O Read Time":0.0,"I/O Write Time":0.0,"Temp I/O Read Time":0.0,"Temp I/O Write Time":0.0,"Plans":[{"Node Type":"Seq Scan","Parent Relationship":"Outer","Parallel Aware":false,"Async Capable":false,"Relation Name":"region","Schema":"public","Alias":"region","Startup Cost":0.0,"Total Cost":1.06,"Plan Rows":1,"Plan Width":4,"Actual Startup Time":0.013,"Actual Total Time":0.013,"Actual Rows":1,"Actual Loops":1,"Output":["region.r_regionkey"],"Filter":"((region.r_name)::text = 'Europe'::text)","Rows Removed by Filter":4,"Shared Hit Blocks":1,"Shared Read Blocks":0,"Shared Dirtied Blocks":0,"Shared Written Blocks":0,"Local Hit Blocks":0,"Local Read Blocks":0,"Local Dirtied Blocks":0,"Local Written Blocks":0,"Temp Read Blocks":0,"Temp Written Blocks":0,"I/O Read Time":0.0,"I/O Write Time":0.0,"Temp I/O Read Time":0.0,"Temp I/O Write Time":0.0}]}]}]}]}]}]},{"Node Type":"Hash","Parent Relationship":"Inner","Parallel Aware":false,"Async Capable":false,"Startup Cost":134121.52,"Total Cost":134121.52,"Plan Rows":879322,"Plan Width":16,"Actual Startup Time":647.218,"Actual Total Time":647.22,"Actual Rows":856801,"Actual Loops":1,"Output":["orders.o_c_id","orders.o_w_id","orders.o_d_id","orders.o_id"],"Hash Buckets":262144,"Original Hash Buckets":262144,"Hash Batches":8,"Original Hash Batches":8,"Peak Memory Usage":7070,"Shared Hit Blocks":44122,"Shared Read Blocks":0,"Shared Dirtied Blocks":0,"Shared Written Blocks":0,"Local Hit Blocks":0,"Local Read Blocks":0,"Local Dirtied Blocks":0,"Local Written Blocks":0,"Temp Read Blocks":0,"Temp Written Blocks":3290,"I/O Read Time":0.0,"I/O Write Time":0.0,"Temp I/O Read Time":0.0,"Temp I/O Write Time":16.059,"Plans":[{"Node Type":"Seq Scan","Parent Relationship":"Outer","Parallel Aware":false,"Async Capable":false,"Relation Name":"orders","Schema":"public","Alias":"orders","Startup Cost":0.0,"Total Cost":134121.52,"Plan Rows":879322,"Plan Width":16,"Actual Startup Time":0.627,"Actual Total Time":444.563,"Actual Rows":856801,"Actual Loops":1,"Output":["orders.o_c_id","orders.o_w_id","orders.o_d_id","orders.o_id"],"Filter":"((orders.o_entry_d >= '1993-01-02 20:10:02.27764'::timestamp without time zone) AND (orders.o_entry_d < '1994-01-02 20:10:02.27764'::timestamp without time zone))","Rows Removed by Filter":5143199,"Shared Hit Blocks":44122,"Shared Read Blocks":0,"Shared Dirtied Blocks":0,"Shared Written Blocks":0,"Local Hit Blocks":0,"Local Read Blocks":0,"Local Dirtied Blocks":0,"Local Written Blocks":0,"Temp Read Blocks":0,"Temp Written Blocks":0,"I/O Read Time":0.0,"I/O Write Time":0.0,"Temp I/O Read Time":0.0,"Temp I/O Write Time":0.0}]}]},{"Node Type":"Hash","Parent Relationship":"Inner","Parallel Aware":false,"Async Capable":false,"Startup Cost":509795.49,"Total Cost":509795.49,"Plan Rows":6000140,"Plan Width":12,"Actual Startup Time":2379.742,"Actual Total Time":2379.744,"Actual Rows":6000000,"Actual Loops":1,"Output":["customer.c_id","customer.c_w_id","customer.c_d_id","customer.c_nationkey"],"Hash Buckets":262144,"Original Hash Buckets":262144,"Hash Batches":64,"Original Hash Batches":64,"Peak Memory Usage":6083,"Shared Hit Blocks":0,"Shared Read Blocks":0,"Shared Dirtied Blocks":0,"Shared Written Blocks":0,"Local Hit Blocks":0,"Local Read Blocks":0,"Local Dirtied Blocks":0,"Local Written Blocks":0,"Temp Read Blocks":0,"Temp Written Blocks":23035,"I/O Read Time":0.0,"I/O Write Time":0.0,"Temp I/O Read Time":0.0,"Temp I/O Write Time":105.017,"Plans":[{"Node Type":"Append","Parent Relationship":"Outer","Parallel Aware":false,"Async Capable":false,"Startup Cost":20.0,"Total Cost":509795.49,"Plan Rows":6000140,"Plan Width":12,"Actual Startup Time":0.047,"Actual Total Time":1317.947,"Actual Rows":6000000,"Actual Loops":1,"Shared Hit Blocks":0,"Shared Read Blocks":0,"Shared Dirtied Blocks":0,"Shared Written Blocks":0,"Local Hit Blocks":0,"Local Read Blocks":0,"Local Dirtied Blocks":0,"Local Written Blocks":0,"Temp Read Blocks":0,"Temp Written Blocks":0,"I/O Read Time":0.0,"I/O Write Time":0.0,"Temp I/O Read Time":0.0,"Temp I/O Write Time":0.0,"Subplans Removed":0,"Plans":[{"Node Type":"Custom Scan","Parent Relationship":"Member","Custom Plan Provider":"columnar scan","Parallel Aware":false,"Async Capable":false,"Relation Name":"customer","Schema":"public","Alias":"customer","Startup Cost":20.0,"Total Cost":141020.06,"Plan Rows":6000000,"Plan Width":12,"Actual Startup Time":0.044,"Actual Total Time":901.214,"Actual Rows":6000000,"Actual Loops":1,"Output":["customer.c_id","customer.c_w_id","customer.c_d_id","customer.c_nationkey"],"Rows Removed by Columnar Filter":0,"Columnar cache search mode":"native","Shared Hit Blocks":0,"Shared Read Blocks":0,"Shared Dirtied Blocks":0,"Shared Written Blocks":0,"Local Hit Blocks":0,"Local Read Blocks":0,"Local Dirtied Blocks":0,"Local Written Blocks":0,"Temp Read Blocks":0,"Temp Written Blocks":0,"I/O Read Time":0.0,"I/O Write Time":0.0,"Temp I/O Read Time":0.0,"Temp I/O Write Time":0.0},{"Node Type":"Seq Scan","Parent Relationship":"Member","Parallel Aware":false,"Async Capable":false,"Relation Name":"customer","Schema":"public","Alias":"customer","Startup Cost":0.0,"Total Cost":5.4,"Plan Rows":140,"Plan Width":12,"Actual Startup Time":0.0,"Actual Total Time":0.0,"Actual Rows":0,"Actual Loops":0,"Output":["customer.c_id","customer.c_w_id","customer.c_d_id","customer.c_nationkey"],"Shared Hit Blocks":0,"Shared Read Blocks":0,"Shared Dirtied Blocks":0,"Shared Written Blocks":0,"Local Hit Blocks":0,"Local Read Blocks":0,"Local Dirtied Blocks":0,"Local Written Blocks":0,"Temp Read Blocks":0,"Temp Written Blocks":0,"I/O Read Time":0.0,"I/O Write Time":0.0,"Temp I/O Read Time":0.0,"Temp I/O Write Time":0.0}]}]}]}]}]}]},"Planning":{"Shared Hit Blocks":220,"Shared Read Blocks":0,"Shared Dirtied Blocks":0,"Shared Written Blocks":0,"Local Hit Blocks":0,"Local Read Blocks":0,"Local Dirtied Blocks":0,"Local Written Blocks":0,"Temp Read Blocks":0,"Temp Written Blocks":0,"I/O Read Time":0.0,"I/O Write Time":0.0,"Temp I/O Read Time":0.0,"Temp I/O Write Time":0.0},"Planning Time":6.543,"Triggers":[],"Execution Time":11736.558}]
[列存组合]: customer, nation, order_line, region, supplier
[{"Plan":{"Node Type":"Sort","Parallel Aware":false,"Async Capable":false,"Startup Cost":4048009.96,"Total Cost":4048010.11,"Plan Rows":62,"Plan Width":40,"Actual Startup Time":20934.533,"Actual Total Time":20934.568,"Actual Rows":11,"Actual Loops":1,"Output":["nation.n_name","(sum(order_line.ol_amount))"],"Sort Key":["(sum(order_line.ol_amount)) DESC"],"Sort Method":"quicksort","Sort Space Used":25,"Sort Space Type":"Memory","Shared Hit Blocks":98797,"Shared Read Blocks":0,"Shared Dirtied Blocks":0,"Shared Written Blocks":0,"Local Hit Blocks":0,"Local Read Blocks":0,"Local Dirtied Blocks":0,"Local Written Blocks":0,"Temp Read Blocks":131755,"Temp Written Blocks":131809,"I/O Read Time":0.0,"I/O Write Time":0.0,"Temp I/O Read Time":204.763,"Temp I/O Write Time":541.614,"Plans":[{"Node Type":"Aggregate","Strategy":"Sorted","Partial Mode":"Simple","Parent Relationship":"Outer","Parallel Aware":false,"Async Capable":false,"Startup Cost":4047856.32,"Total Cost":4048008.11,"Plan Rows":62,"Plan Width":40,"Actual Startup Time":20928.649,"Actual Total Time":20934.55,"Actual Rows":11,"Actual Loops":1,"Output":["nation.n_name","sum(order_line.ol_amount)"],"Group Key":["nation.n_name"],"Shared Hit Blocks":98797,"Shared Read Blocks":0,"Shared Dirtied Blocks":0,"Shared Written Blocks":0,"Local Hit Blocks":0,"Local Read Blocks":0,"Local Dirtied Blocks":0,"Local Written Blocks":0,"Temp Read Blocks":131755,"Temp Written Blocks":131809,"I/O Read Time":0.0,"I/O Write Time":0.0,"Temp I/O Read Time":204.763,"Temp I/O Write Time":541.614,"Plans":[{"Node Type":"Sort","Parent Relationship":"Outer","Parallel Aware":false,"Async Capable":false,"Startup Cost":4047856.32,"Total Cost":4047906.66,"Plan Rows":20136,"Plan Width":12,"Actual Startup Time":20928.216,"Actual Total Time":20930.023,"Actual Rows":35044,"Actual Loops":1,"Output":["nation.n_name","order_line.ol_amount"],"Sort Key":["nation.n_name"],"Sort Method":"quicksort","Sort Space Used":3146,"Sort Space Type":"Memory","Shared Hit Blocks":98797,"Shared Read Blocks":0,"Shared Dirtied Blocks":0,"Shared Written Blocks":0,"Local Hit Blocks":0,"Local Read Blocks":0,"Local Dirtied Blocks":0,"Local Written Blocks":0,"Temp Read Blocks":131755,"Temp Written Blocks":131809,"I/O Read Time":0.0,"I/O Write Time":0.0,"Temp I/O Read Time":204.763,"Temp I/O Write Time":541.614,"Plans":[{"Node Type":"Hash Join","Parent Relationship":"Outer","Parallel Aware":false,"Async Capable":false,"Join Type":"Inner","Startup Cost":3398548.87,"Total Cost":4046416.85,"Plan Rows":20136,"Plan Width":12,"Actual Startup Time":17017.036,"Actual Total Time":20909.251,"Actual Rows":35044,"Actual Loops":1,"Output":["nation.n_name","order_line.ol_amount"],"Inner Unique":true,"Hash Cond":"((mod((stock.s_w_id * stock.s_i_id), 10000) = supplier.su_suppkey) AND (customer.c_nationkey = supplier.su_nationkey))","Shared Hit Blocks":98797,"Shared Read Blocks":0,"Shared Dirtied Blocks":0,"Shared Written Blocks":0,"Local Hit Blocks":0,"Local Read Blocks":0,"Local Dirtied Blocks":0,"Local Written Blocks":0,"Temp Read Blocks":131755,"Temp Written Blocks":131809,"I/O Read Time":0.0,"I/O Write Time":0.0,"Temp I/O Read Time":204.763,"Temp I/O Write Time":541.614,"Plans":[{"Node Type":"Merge Join","Parent Relationship":"Outer","Parallel Aware":false,"Async Capable":false,"Join Type":"Inner","Startup Cost":3398179.84,"Total Cost":4039212.85,"Plan Rows":1242717,"Plan Width":26,"Actual Startup Time":17013.308,"Actual Total Time":20613.554,"Actual Rows":2218175,"Actual Loops":1,"Output":["customer.c_nationkey","order_line.ol_amount","stock.s_w_id","stock.s_i_id","nation.n_name","nation.n_nationkey"],"Inner Unique":true,"Merge Cond":"((customer.c_w_id = stock.s_w_id) AND (order_line.ol_i_id = stock.s_i_id))","Shared Hit Blocks":98797,"Shared Read Blocks":0,"Shared Dirtied Blocks":0,"Shared Written Blocks":0,"Local Hit Blocks":0,"Local Read Blocks":0,"Local Dirtied Blocks":0,"Local Written Blocks":0,"Temp Read Blocks":131755,"Temp Written Blocks":131809,"I/O Read Time":0.0,"I/O Write Time":0.0,"Temp I/O Read Time":204.763,"Temp I/O Write Time":541.614,"Plans":[{"Node Type":"Sort","Parent Relationship":"Outer","Parallel Aware":false,"Async Capable":false,"Startup Cost":3398179.41,"Total Cost":3401259.94,"Plan Rows":1232214,"Plan Width":30,"Actual Startup Time":17013.249,"Actual Total Time":17611.628,"Actual Rows":2218175,"Actual Loops":1,"Output":["customer.c_w_id","customer.c_nationkey","orders.o_w_id","order_line.ol_amount","order_line.ol_w_id","order_line.ol_i_id","nation.n_name","nation.n_nationkey"],"Sort Key":["customer.c_w_id","order_line.ol_i_id"],"Sort Method":"external merge","Sort Space Used":94520,"Sort Space Type":"Disk","Shared Hit Blocks":44124,"Shared Read Blocks":0,"Shared Dirtied Blocks":0,"Shared Written Blocks":0,"Local Hit Blocks":0,"Local Read Blocks":0,"Local Dirtied Blocks":0,"Local Written Blocks":0,"Temp Read Blocks":131755,"Temp Written Blocks":131809,"I/O Read Time":0.0,"I/O Write Time":0.0,"Temp I/O Read Time":204.763,"Temp I/O Write Time":541.614,"Plans":[{"Node Type":"Hash Join","Parent Relationship":"Outer","Parallel Aware":false,"Async Capable":false,"Join Type":"Inner","Startup Cost":797922.74,"Total Cost":3214555.58,"Plan Rows":1232214,"Plan Width":30,"Actual Startup Time":2983.343,"Actual Total Time":14349.545,"Actual Rows":2218175,"Actual Loops":1,"Output":["customer.c_w_id","customer.c_nationkey","orders.o_w_id","order_line.ol_amount","order_line.ol_w_id","order_line.ol_i_id","nation.n_name","nation.n_nationkey"],"Inner Unique":false,"Hash Cond":"(customer.c_nationkey = nation.n_nationkey)","Shared Hit Blocks":44124,"Shared Read Blocks":0,"Shared Dirtied Blocks":0,"Shared Written Blocks":0,"Local Hit Blocks":0,"Local Read Blocks":0,"Local Dirtied Blocks":0,"Local Written Blocks":0,"Temp Read Blocks":108135,"Temp Written Blocks":108135,"I/O Read Time":0.0,"I/O Write Time":0.0,"Temp I/O Read Time":169.865,"Temp I/O Write Time":479.005,"Plans":[{"Node Type":"Hash Join","Parent Relationship":"Outer","Parallel Aware":false,"Async Capable":false,"Join Type":"Inner","Startup Cost":797919.6,"Total Cost":3179523.77,"Plan Rows":6161071,"Plan Width":18,"Actual Startup Time":2976.705,"Actual Total Time":13512.772,"Actual Rows":8568663,"Actual Loops":1,"Output":["customer.c_w_id","customer.c_nationkey","orders.o_w_id","order_line.ol_amount","order_line.ol_w_id","order_line.ol_i_id"],"Inner Unique":true,"Hash Cond":"((orders.o_c_id = customer.c_id) AND (orders.o_w_id = customer.c_w_id) AND (orders.o_d_id = customer.c_d_id))","Shared Hit Blocks":44122,"Shared Read Blocks":0,"Shared Dirtied Blocks":0,"Shared Written Blocks":0,"Local Hit Blocks":0,"Local Read Blocks":0,"Local Dirtied Blocks":0,"Local Written Blocks":0,"Temp Read Blocks":108135,"Temp Written Blocks":108135,"I/O Read Time":0.0,"I/O Write Time":0.0,"Temp I/O Read Time":169.865,"Temp I/O Write Time":479.005,"Plans":[{"Node Type":"Hash Join","Parent Relationship":"Outer","Parallel Aware":false,"Async Capable":false,"Join Type":"Inner","Startup Cost":153823.65,"Total Cost":2385409.38,"Plan Rows":6161071,"Plan Width":20,"Actual Startup Time":640.935,"Actual Total Time":6876.571,"Actual Rows":8568663,"Actual Loops":1,"Output":["orders.o_c_id","orders.o_w_id","orders.o_d_id","order_line.ol_amount","order_line.ol_w_id","order_line.ol_d_id","order_line.ol_i_id"],"Inner Unique":true,"Hash Cond":"((order_line.ol_w_id = orders.o_w_id) AND (order_line.ol_d_id = orders.o_d_id) AND (order_line.ol_o_id = orders.o_id))","Shared Hit Blocks":44122,"Shared Read Blocks":0,"Shared Dirtied Blocks":0,"Shared Written Blocks":0,"Local Hit Blocks":0,"Local Read Blocks":0,"Local Dirtied Blocks":0,"Local Written Blocks":0,"Temp Read Blocks":43816,"Temp Written Blocks":43816,"I/O Read Time":0.0,"I/O Write Time":0.0,"Temp I/O Read Time":68.718,"Temp I/O Write Time":188.261,"Plans":[{"Node Type":"Append","Parent Relationship":"Outer","Parallel Aware":false,"Async Capable":false,"Startup Cost":20.0,"Total Cost":1403598.82,"Plan Rows":42039468,"Plan Width":20,"Actual Startup Time":1.407,"Actual Total Time":2577.955,"Actual Rows":8620885,"Actual Loops":1,"Shared Hit Blocks":0,"Shared Read Blocks":0,"Shared Dirtied Blocks":0,"Shared Written Blocks":0,"Local Hit Blocks":0,"Local Read Blocks":0,"Local Dirtied Blocks":0,"Local Written Blocks":0,"Temp Read Blocks":0,"Temp Written Blocks":0,"I/O Read Time":0.0,"I/O Write Time":0.0,"Temp I/O Read Time":0.0,"Temp I/O Write Time":0.0,"Subplans Removed":0,"Plans":[{"Node Type":"Custom Scan","Parent Relationship":"Member","Custom Plan Provider":"columnar scan","Parallel Aware":false,"Async Capable":false,"Relation Name":"order_line","Schema":"public","Alias":"order_line","Startup Cost":20.0,"Total Cost":1072026.23,"Plan Rows":42039424,"Plan Width":20,"Actual Startup Time":1.405,"Actual Total Time":1973.869,"Actual Rows":8620885,"Actual Loops":1,"Output":["order_line.ol_amount","order_line.ol_o_id","order_line.ol_w_id","order_line.ol_d_id","order_line.ol_i_id"],"Filter":"(order_line.ol_delivery_d >= '1992-01-02 20:10:02.27764'::timestamp without time zone)","Rows Removed by Filter":0,"Rows Removed by Columnar Filter":51372876,"Rows Filtered by Bloom Filter":0,"Dictionary Rows Filtered by Bloom Filter":51372876,"Columnar cache search mode":"native","Shared Hit Blocks":0,"Shared Read Blocks":0,"Shared Dirtied Blocks":0,"Shared Written Blocks":0,"Local Hit Blocks":0,"Local Read Blocks":0,"Local Dirtied Blocks":0,"Local Written Blocks":0,"Temp Read Blocks":0,"Temp Written Blocks":0,"I/O Read Time":0.0,"I/O Write Time":0.0,"Temp I/O Read Time":0.0,"Temp I/O Write Time":0.0},{"Node Type":"Seq Scan","Parent Relationship":"Member","Parallel Aware":false,"Async Capable":false,"Relation Name":"order_line","Schema":"public","Alias":"order_line","Startup Cost":0.0,"Total Cost":4.79,"Plan Rows":44,"Plan Width":20,"Actual Startup Time":0.0,"Actual Total Time":0.0,"Actual Rows":0,"Actual Loops":0,"Output":["order_line.ol_amount","order_line.ol_o_id","order_line.ol_w_id","order_line.ol_d_id","order_line.ol_i_id"],"Filter":"(order_line.ol_delivery_d >= '1992-01-02 20:10:02.27764'::timestamp without time zone)","Rows Removed by Filter":0,"Shared Hit Blocks":0,"Shared Read Blocks":0,"Shared Dirtied Blocks":0,"Shared Written Blocks":0,"Local Hit Blocks":0,"Local Read Blocks":0,"Local Dirtied Blocks":0,"Local Written Blocks":0,"Temp Read Blocks":0,"Temp Written Blocks":0,"I/O Read Time":0.0,"I/O Write Time":0.0,"Temp I/O Read Time":0.0,"Temp I/O Write Time":0.0}]},{"Node Type":"Hash","Parent Relationship":"Inner","Parallel Aware":false,"Async Capable":false,"Startup Cost":134121.52,"Total Cost":134121.52,"Plan Rows":879322,"Plan Width":16,"Actual Startup Time":638.423,"Actual Total Time":638.427,"Actual Rows":856801,"Actual Loops":1,"Output":["orders.o_c_id","orders.o_w_id","orders.o_d_id","orders.o_id"],"Hash Buckets":262144,"Original Hash Buckets":262144,"Hash Batches":8,"Original Hash Batches":8,"Peak Memory Usage":7070,"Shared Hit Blocks":44122,"Shared Read Blocks":0,"Shared Dirtied Blocks":0,"Shared Written Blocks":0,"Local Hit Blocks":0,"Local Read Blocks":0,"Local Dirtied Blocks":0,"Local Written Blocks":0,"Temp Read Blocks":0,"Temp Written Blocks":3290,"I/O Read Time":0.0,"I/O Write Time":0.0,"Temp I/O Read Time":0.0,"Temp I/O Write Time":15.123,"Plans":[{"Node Type":"Seq Scan","Parent Relationship":"Outer","Parallel Aware":false,"Async Capable":false,"Relation Name":"orders","Schema":"public","Alias":"orders","Startup Cost":0.0,"Total Cost":134121.52,"Plan Rows":879322,"Plan Width":16,"Actual Startup Time":0.59,"Actual Total Time":440.616,"Actual Rows":856801,"Actual Loops":1,"Output":["orders.o_c_id","orders.o_w_id","orders.o_d_id","orders.o_id"],"Filter":"((orders.o_entry_d >= '1993-01-02 20:10:02.27764'::timestamp without time zone) AND (orders.o_entry_d < '1994-01-02 20:10:02.27764'::timestamp without time zone))","Rows Removed by Filter":5143199,"Shared Hit Blocks":44122,"Shared Read Blocks":0,"Shared Dirtied Blocks":0,"Shared Written Blocks":0,"Local Hit Blocks":0,"Local Read Blocks":0,"Local Dirtied Blocks":0,"Local Written Blocks":0,"Temp Read Blocks":0,"Temp Written Blocks":0,"I/O Read Time":0.0,"I/O Write Time":0.0,"Temp I/O Read Time":0.0,"Temp I/O Write Time":0.0}]}]},{"Node Type":"Hash","Parent Relationship":"Inner","Parallel Aware":false,"Async Capable":false,"Startup Cost":509795.49,"Total Cost":509795.49,"Plan Rows":6000140,"Plan Width":12,"Actual Startup Time":2329.748,"Actual Total Time":2329.752,"Actual Rows":6000000,"Actual Loops":1,"Output":["customer.c_id","customer.c_w_id","customer.c_d_id","customer.c_nationkey"],"Hash Buckets":262144,"Original Hash Buckets":262144,"Hash Batches":64,"Original Hash Batches":64,"Peak Memory Usage":6073,"Shared Hit Blocks":0,"Shared Read Blocks":0,"Shared Dirtied Blocks":0,"Shared Written Blocks":0,"Local Hit Blocks":0,"Local Read Blocks":0,"Local Dirtied Blocks":0,"Local Written Blocks":0,"Temp Read Blocks":0,"Temp Written Blocks":23037,"I/O Read Time":0.0,"I/O Write Time":0.0,"Temp I/O Read Time":0.0,"Temp I/O Write Time":100.807,"Plans":[{"Node Type":"Append","Parent Relationship":"Outer","Parallel Aware":false,"Async Capable":false,"Startup Cost":20.0,"Total Cost":509795.49,"Plan Rows":6000140,"Plan Width":12,"Actual Startup Time":0.014,"Actual Total Time":1319.837,"Actual Rows":6000000,"Actual Loops":1,"Shared Hit Blocks":0,"Shared Read Blocks":0,"Shared Dirtied Blocks":0,"Shared Written Blocks":0,"Local Hit Blocks":0,"Local Read Blocks":0,"Local Dirtied Blocks":0,"Local Written Blocks":0,"Temp Read Blocks":0,"Temp Written Blocks":0,"I/O Read Time":0.0,"I/O Write Time":0.0,"Temp I/O Read Time":0.0,"Temp I/O Write Time":0.0,"Subplans Removed":0,"Plans":[{"Node Type":"Custom Scan","Parent Relationship":"Member","Custom Plan Provider":"columnar scan","Parallel Aware":false,"Async Capable":false,"Relation Name":"customer","Schema":"public","Alias":"customer","Startup Cost":20.0,"Total Cost":141020.06,"Plan Rows":6000000,"Plan Width":12,"Actual Startup Time":0.013,"Actual Total Time":894.859,"Actual Rows":6000000,"Actual Loops":1,"Output":["customer.c_id","customer.c_w_id","customer.c_d_id","customer.c_nationkey"],"Rows Removed by Columnar Filter":0,"Columnar cache search mode":"native","Shared Hit Blocks":0,"Shared Read Blocks":0,"Shared Dirtied Blocks":0,"Shared Written Blocks":0,"Local Hit Blocks":0,"Local Read Blocks":0,"Local Dirtied Blocks":0,"Local Written Blocks":0,"Temp Read Blocks":0,"Temp Written Blocks":0,"I/O Read Time":0.0,"I/O Write Time":0.0,"Temp I/O Read Time":0.0,"Temp I/O Write Time":0.0},{"Node Type":"Seq Scan","Parent Relationship":"Member","Parallel Aware":false,"Async Capable":false,"Relation Name":"customer","Schema":"public","Alias":"customer","Startup Cost":0.0,"Total Cost":5.4,"Plan Rows":140,"Plan Width":12,"Actual Startup Time":0.0,"Actual Total Time":0.0,"Actual Rows":0,"Actual Loops":0,"Output":["customer.c_id","customer.c_w_id","customer.c_d_id","customer.c_nationkey"],"Shared Hit Blocks":0,"Shared Read Blocks":0,"Shared Dirtied Blocks":0,"Shared Written Blocks":0,"Local Hit Blocks":0,"Local Read Blocks":0,"Local Dirtied Blocks":0,"Local Written Blocks":0,"Temp Read Blocks":0,"Temp Written Blocks":0,"I/O Read Time":0.0,"I/O Write Time":0.0,"Temp I/O Read Time":0.0,"Temp I/O Write Time":0.0}]}]}]},{"Node Type":"Hash","Parent Relationship":"Inner","Parallel Aware":false,"Async Capable":false,"Startup Cost":2.99,"Total Cost":2.99,"Plan Rows":12,"Plan Width":12,"Actual Startup Time":0.044,"Actual Total Time":0.049,"Actual Rows":22,"Actual Loops":1,"Output":["nation.n_name","nation.n_nationkey"],"Hash Buckets":1024,"Original Hash Buckets":1024,"Hash Batches":1,"Original Hash Batches":1,"Peak Memory Usage":9,"Shared Hit Blocks":2,"Shared Read Blocks":0,"Shared Dirtied Blocks":0,"Shared Written Blocks":0,"Local Hit Blocks":0,"Local Read Blocks":0,"Local Dirtied Blocks":0,"Local Written Blocks":0,"Temp Read Blocks":0,"Temp Written Blocks":0,"I/O Read Time":0.0,"I/O Write Time":0.0,"Temp I/O Read Time":0.0,"Temp I/O Write Time":0.0,"Plans":[{"Node Type":"Hash Join","Parent Relationship":"Outer","Parallel Aware":false,"Async Capable":false,"Join Type":"Inner","Startup Cost":1.07,"Total Cost":2.99,"Plan Rows":12,"Plan Width":12,"Actual Startup Time":0.028,"Actual Total Time":0.043,"Actual Rows":22,"Actual Loops":1,"Output":["nation.n_name","nation.n_nationkey"],"Inner Unique":true,"Hash Cond":"(nation.n_regionkey = region.r_regionkey)","Shared Hit Blocks":2,"Shared Read Blocks":0,"Shared Dirtied Blocks":0,"Shared Written Blocks":0,"Local Hit Blocks":0,"Local Read Blocks":0,"Local Dirtied Blocks":0,"Local Written Blocks":0,"Temp Read Blocks":0,"Temp Written Blocks":0,"I/O Read Time":0.0,"I/O Write Time":0.0,"Temp I/O Read Time":0.0,"Temp I/O Write Time":0.0,"Plans":[{"Node Type":"Seq Scan","Parent Relationship":"Outer","Parallel Aware":false,"Async Capable":false,"Relation Name":"nation","Schema":"public","Alias":"nation","Startup Cost":0.0,"Total Cost":1.62,"Plan Rows":62,"Plan Width":16,"Actual Startup Time":0.007,"Actual Total Time":0.011,"Actual Rows":62,"Actual Loops":1,"Output":["nation.n_nationkey","nation.n_name","nation.n_regionkey","nation.n_comment"],"Shared Hit Blocks":1,"Shared Read Blocks":0,"Shared Dirtied Blocks":0,"Shared Written Blocks":0,"Local Hit Blocks":0,"Local Read Blocks":0,"Local Dirtied Blocks":0,"Local Written Blocks":0,"Temp Read Blocks":0,"Temp Written Blocks":0,"I/O Read Time":0.0,"I/O Write Time":0.0,"Temp I/O Read Time":0.0,"Temp I/O Write Time":0.0},{"Node Type":"Hash","Parent Relationship":"Inner","Parallel Aware":false,"Async Capable":false,"Startup Cost":1.06,"Total Cost":1.06,"Plan Rows":1,"Plan Width":4,"Actual Startup Time":0.01,"Actual Total Time":0.011,"Actual Rows":1,"Actual Loops":1,"Output":["region.r_regionkey"],"Hash Buckets":1024,"Original Hash Buckets":1024,"Hash Batches":1,"Original Hash Batches":1,"Peak Memory Usage":9,"Shared Hit Blocks":1,"Shared Read Blocks":0,"Shared Dirtied Blocks":0,"Shared Written Blocks":0,"Local Hit Blocks":0,"Local Read Blocks":0,"Local Dirtied Blocks":0,"Local Written Blocks":0,"Temp Read Blocks":0,"Temp Written Blocks":0,"I/O Read Time":0.0,"I/O Write Time":0.0,"Temp I/O Read Time":0.0,"Temp I/O Write Time":0.0,"Plans":[{"Node Type":"Seq Scan","Parent Relationship":"Outer","Parallel Aware":false,"Async Capable":false,"Relation Name":"region","Schema":"public","Alias":"region","Startup Cost":0.0,"Total Cost":1.06,"Plan Rows":1,"Plan Width":4,"Actual Startup Time":0.007,"Actual Total Time":0.007,"Actual Rows":1,"Actual Loops":1,"Output":["region.r_regionkey"],"Filter":"((region.r_name)::text = 'Europe'::text)","Rows Removed by Filter":4,"Shared Hit Blocks":1,"Shared Read Blocks":0,"Shared Dirtied Blocks":0,"Shared Written Blocks":0,"Local Hit Blocks":0,"Local Read Blocks":0,"Local Dirtied Blocks":0,"Local Written Blocks":0,"Temp Read Blocks":0,"Temp Written Blocks":0,"I/O Read Time":0.0,"I/O Write Time":0.0,"Temp I/O Read Time":0.0,"Temp I/O Write Time":0.0}]}]}]}]}]},{"Node Type":"Index Only Scan","Parent Relationship":"Inner","Parallel Aware":false,"Async Capable":false,"Scan Direction":"Forward","Index Name":"stock_pk","Relation Name":"stock","Schema":"public","Alias":"stock","Startup Cost":0.44,"Total Cost":519363.62,"Plan Rows":20000212,"Plan Width":6,"Actual Startup Time":0.042,"Actual Total Time":1392.927,"Actual Rows":19999994,"Actual Loops":1,"Output":["stock.s_w_id","stock.s_i_id"],"Heap Fetches":0,"Shared Hit Blocks":54673,"Shared Read Blocks":0,"Shared Dirtied Blocks":0,"Shared Written Blocks":0,"Local Hit Blocks":0,"Local Read Blocks":0,"Local Dirtied Blocks":0,"Local Written Blocks":0,"Temp Read Blocks":0,"Temp Written Blocks":0,"I/O Read Time":0.0,"I/O Write Time":0.0,"Temp I/O Read Time":0.0,"Temp I/O Write Time":0.0}]},{"Node Type":"Hash","Parent Relationship":"Inner","Parallel Aware":false,"Async Capable":false,"Startup Cost":219.01,"Total Cost":219.01,"Plan Rows":10001,"Plan Width":8,"Actual Startup Time":3.293,"Actual Total Time":3.295,"Actual Rows":10000,"Actual Loops":1,"Output":["supplier.su_suppkey","supplier.su_nationkey"],"Hash Buckets":16384,"Original Hash Buckets":16384,"Hash Batches":1,"Original Hash Batches":1,"Peak Memory Usage":519,"Shared Hit Blocks":0,"Shared Read Blocks":0,"Shared Dirtied Blocks":0,"Shared Written Blocks":0,"Local Hit Blocks":0,"Local Read Blocks":0,"Local Dirtied Blocks":0,"Local Written Blocks":0,"Temp Read Blocks":0,"Temp Written Blocks":0,"I/O Read Time":0.0,"I/O Write Time":0.0,"Temp I/O Read Time":0.0,"Temp I/O Write Time":0.0,"Plans":[{"Node Type":"Append","Parent Relationship":"Outer","Parallel Aware":false,"Async Capable":false,"Startup Cost":20.0,"Total Cost":219.01,"Plan Rows":10001,"Plan Width":8,"Actual Startup Time":0.015,"Actual Total Time":1.983,"Actual Rows":10000,"Actual Loops":1,"Shared Hit Blocks":0,"Shared Read Blocks":0,"Shared Dirtied Blocks":0,"Shared Written Blocks":0,"Local Hit Blocks":0,"Local Read Blocks":0,"Local Dirtied Blocks":0,"Local Written Blocks":0,"Temp Read Blocks":0,"Temp Written Blocks":0,"I/O Read Time":0.0,"I/O Write Time":0.0,"Temp I/O Read Time":0.0,"Temp I/O Write Time":0.0,"Subplans Removed":0,"Plans":[{"Node Type":"Custom Scan","Parent Relationship":"Member","Custom Plan Provider":"columnar scan","Parallel Aware":false,"Async Capable":false,"Relation Name":"supplier","Schema":"public","Alias":"supplier","Startup Cost":20.0,"Total Cost":215.0,"Plan Rows":10000,"Plan Width":8,"Actual Startup Time":0.014,"Actual Total Time":1.273,"Actual Rows":10000,"Actual Loops":1,"Output":["supplier.su_suppkey","supplier.su_nationkey"],"Rows Removed by Columnar Filter":0,"Columnar cache search mode":"native","Shared Hit Blocks":0,"Shared Read Blocks":0,"Shared Dirtied Blocks":0,"Shared Written Blocks":0,"Local Hit Blocks":0,"Local Read Blocks":0,"Local Dirtied Blocks":0,"Local Written Blocks":0,"Temp Read Blocks":0,"Temp Written Blocks":0,"I/O Read Time":0.0,"I/O Write Time":0.0,"Temp I/O Read Time":0.0,"Temp I/O Write Time":0.0},{"Node Type":"Seq Scan","Parent Relationship":"Member","Parallel Aware":false,"Async Capable":false,"Relation Name":"supplier","Schema":"public","Alias":"supplier","Startup Cost":0.0,"Total Cost":4.01,"Plan Rows":1,"Plan Width":8,"Actual Startup Time":0.0,"Actual Total Time":0.0,"Actual Rows":0,"Actual Loops":0,"Output":["supplier.su_suppkey","supplier.su_nationkey"],"Shared Hit Blocks":0,"Shared Read Blocks":0,"Shared Dirtied Blocks":0,"Shared Written Blocks":0,"Local Hit Blocks":0,"Local Read Blocks":0,"Local Dirtied Blocks":0,"Local Written Blocks":0,"Temp Read Blocks":0,"Temp Written Blocks":0,"I/O Read Time":0.0,"I/O Write Time":0.0,"Temp I/O Read Time":0.0,"Temp I/O Write Time":0.0}]}]}]}]}]}]},"Planning":{"Shared Hit Blocks":220,"Shared Read Blocks":0,"Shared Dirtied Blocks":0,"Shared Written Blocks":0,"Local Hit Blocks":0,"Local Read Blocks":0,"Local Dirtied Blocks":0,"Local Written Blocks":0,"Temp Read Blocks":0,"Temp Written Blocks":0,"I/O Read Time":0.0,"I/O Write Time":0.0,"Temp I/O Read Time":0.0,"Temp I/O Write Time":0.0},"Planning Time":5.554,"Triggers":[],"Execution Time":20950.317}]
[列存组合]: customer, nation, order_line, stock, supplier
[{"Plan":{"Node Type":"Sort","Parallel Aware":false,"Async Capable":false,"Startup Cost":2391341.39,"Total Cost":2391341.54,"Plan Rows":62,"Plan Width":40,"Actual Startup Time":10929.978,"Actual Total Time":10930.009,"Actual Rows":11,"Actual Loops":1,"Output":["nation.n_name","(sum(order_line.ol_amount))"],"Sort Key":["(sum(order_line.ol_amount)) DESC"],"Sort Method":"quicksort","Sort Space Used":25,"Sort Space Type":"Memory","Shared Hit Blocks":44123,"Shared Read Blocks":0,"Shared Dirtied Blocks":0,"Shared Written Blocks":0,"Local Hit Blocks":0,"Local Read Blocks":0,"Local Dirtied Blocks":0,"Local Written Blocks":0,"Temp Read Blocks":67001,"Temp Written Blocks":67001,"I/O Read Time":0.0,"I/O Write Time":0.0,"Temp I/O Read Time":103.452,"Temp I/O Write Time":304.642,"Plans":[{"Node Type":"Aggregate","Strategy":"Sorted","Partial Mode":"Simple","Parent Relationship":"Outer","Parallel Aware":false,"Async Capable":false,"Startup Cost":2391187.75,"Total Cost":2391339.54,"Plan Rows":62,"Plan Width":40,"Actual Startup Time":10923.746,"Actual Total Time":10929.985,"Actual Rows":11,"Actual Loops":1,"Output":["nation.n_name","sum(order_line.ol_amount)"],"Group Key":["nation.n_name"],"Shared Hit Blocks":44123,"Shared Read Blocks":0,"Shared Dirtied Blocks":0,"Shared Written Blocks":0,"Local Hit Blocks":0,"Local Read Blocks":0,"Local Dirtied Blocks":0,"Local Written Blocks":0,"Temp Read Blocks":67001,"Temp Written Blocks":67001,"I/O Read Time":0.0,"I/O Write Time":0.0,"Temp I/O Read Time":103.452,"Temp I/O Write Time":304.642,"Plans":[{"Node Type":"Sort","Parent Relationship":"Outer","Parallel Aware":false,"Async Capable":false,"Startup Cost":2391187.75,"Total Cost":2391238.09,"Plan Rows":20136,"Plan Width":12,"Actual Startup Time":10923.308,"Actual Total Time":10925.119,"Actual Rows":35044,"Actual Loops":1,"Output":["nation.n_name","order_line.ol_amount"],"Sort Key":["nation.n_name"],"Sort Method":"quicksort","Sort Space Used":3146,"Sort Space Type":"Memory","Shared Hit Blocks":44123,"Shared Read Blocks":0,"Shared Dirtied Blocks":0,"Shared Written Blocks":0,"Local Hit Blocks":0,"Local Read Blocks":0,"Local Dirtied Blocks":0,"Local Written Blocks":0,"Temp Read Blocks":67001,"Temp Written Blocks":67001,"I/O Read Time":0.0,"I/O Write Time":0.0,"Temp I/O Read Time":103.452,"Temp I/O Write Time":304.642,"Plans":[{"Node Type":"Hash Join","Parent Relationship":"Outer","Parallel Aware":false,"Async Capable":false,"Join Type":"Inner","Startup Cost":871739.41,"Total Cost":2389748.28,"Plan Rows":20136,"Plan Width":12,"Actual Startup Time":4289.8,"Actual Total Time":10906.575,"Actual Rows":35044,"Actual Loops":1,"Output":["nation.n_name","order_line.ol_amount"],"Hash Cond":"((orders.o_c_id = customer.c_id) AND (orders.o_w_id = customer.c_w_id) AND (orders.o_d_id = customer.c_d_id) AND (supplier.su_nationkey = customer.c_nationkey))","Shared Hit Blocks":44123,"Shared Read Blocks":0,"Shared Dirtied Blocks":0,"Shared Written Blocks":0,"Local Hit Blocks":0,"Local Read Blocks":0,"Local Dirtied Blocks":0,"Local Written Blocks":0,"Temp Read Blocks":67001,"Temp Written Blocks":67001,"I/O Read Time":0.0,"I/O Write Time":0.0,"Temp I/O Read Time":103.452,"Temp I/O Write Time":304.642,"Plans":[{"Node Type":"Hash Join","Parent Relationship":"Outer","Parallel Aware":false,"Async Capable":false,"Join Type":"Inner","Startup Cost":212643.11,"Total Cost":1668901.76,"Plan Rows":1242117,"Plan Width":34,"Actual Startup Time":1812.376,"Actual Total Time":6922.458,"Actual Rows":2982388,"Actual Loops":1,"Output":["orders.o_c_id","orders.o_w_id","orders.o_d_id","order_line.ol_amount","order_line.ol_w_id","order_line.ol_d_id","stock.s_w_id","supplier.su_nationkey","nation.n_name","nation.n_nationkey"],"Hash Cond":"((order_line.ol_w_id = orders.o_w_id) AND (order_line.ol_d_id = orders.o_d_id) AND (order_line.ol_o_id = orders.o_id))","Shared Hit Blocks":44123,"Shared Read Blocks":0,"Shared Dirtied Blocks":0,"Shared Written Blocks":0,"Local Hit Blocks":0,"Local Read Blocks":0,"Local Dirtied Blocks":0,"Local Written Blocks":0,"Temp Read Blocks":23127,"Temp Written Blocks":23127,"I/O Read Time":0.0,"I/O Write Time":0.0,"Temp I/O Read Time":36.042,"Temp I/O Write Time":106.529,"Plans":[{"Node Type":"Hash Join","Parent Relationship":"Outer","Parallel Aware":false,"Async Capable":false,"Join Type":"Inner","Startup Cost":58839.46,"Total Cost":1311810.06,"Plan Rows":8467814,"Plan Width":34,"Actual Startup Time":1174.669,"Actual Total Time":4695.922,"Actual Rows":3000322,"Actual Loops":1,"Output":["order_line.ol_amount","order_line.ol_o_id","order_line.ol_w_id","order_line.ol_d_id","stock.s_w_id","supplier.su_nationkey","nation.n_name","nation.n_nationkey"],"Hash Cond":"(mod((stock.s_w_id * stock.s_i_id), 10000) = supplier.su_suppkey)","Shared Hit Blocks":1,"Shared Read Blocks":0,"Shared Dirtied Blocks":0,"Shared Written Blocks":0,"Local Hit Blocks":0,"Local Read Blocks":0,"Local Dirtied Blocks":0,"Local Written Blocks":0,"Temp Read Blocks":0,"Temp Written Blocks":0,"I/O Read Time":0.0,"I/O Write Time":0.0,"Temp I/O Read Time":0.0,"Temp I/O Write Time":0.0,"Plans":[{"Node Type":"Hash Join","Parent Relationship":"Outer","Parallel Aware":false,"Async Capable":false,"Join Type":"Inner","Startup Cost":58620.59,"Total Cost":962293.85,"Plan Rows":42339072,"Plan Width":22,"Actual Startup Time":1170.643,"Actual Total Time":3280.128,"Actual Rows":8620885,"Actual Loops":1,"Output":["order_line.ol_amount","order_line.ol_o_id","order_line.ol_w_id","order_line.ol_d_id","stock.s_w_id","stock.s_i_id"],"Hash Cond":"((order_line.ol_w_id = stock.s_w_id) AND (order_line.ol_i_id = stock.s_i_id))","Rows Removed by Bloom Filter":0,"Shared Hit Blocks":0,"Shared Read Blocks":0,"Shared Dirtied Blocks":0,"Shared Written Blocks":0,"Local Hit Blocks":0,"Local Read Blocks":0,"Local Dirtied Blocks":0,"Local Written Blocks":0,"Temp Read Blocks":0,"Temp Written Blocks":0,"I/O Read Time":0.0,"I/O Write Time":0.0,"Temp I/O Read Time":0.0,"Temp I/O Write Time":0.0,"Plans":[{"Node Type":"Append","Parent Relationship":"Outer","Parallel Aware":false,"Async Capable":false,"Startup Cost":20.0,"Total Cost":1072031.01,"Plan Rows":42039468,"Plan Width":20,"Actual Startup Time":246.612,"Actual Total Time":246.618,"Actual Rows":8620885,"Actual Loops":1,"Shared Hit Blocks":0,"Shared Read Blocks":0,"Shared Dirtied Blocks":0,"Shared Written Blocks":0,"Local Hit Blocks":0,"Local Read Blocks":0,"Local Dirtied Blocks":0,"Local Written Blocks":0,"Temp Read Blocks":0,"Temp Written Blocks":0,"I/O Read Time":0.0,"I/O Write Time":0.0,"Temp I/O Read Time":0.0,"Temp I/O Write Time":0.0,"Subplans Removed":0,"Plans":[{"Node Type":"Custom Scan","Parent Relationship":"Member","Custom Plan Provider":"columnar scan","Parallel Aware":false,"Async Capable":false,"Relation Name":"order_line","Schema":"public","Alias":"order_line","Startup Cost":20.0,"Total Cost":1072026.23,"Plan Rows":42039424,"Plan Width":20,"Actual Startup Time":246.61,"Actual Total Time":246.612,"Actual Rows":8620885,"Actual Loops":1,"Output":["order_line.ol_amount","order_line.ol_o_id","order_line.ol_w_id","order_line.ol_d_id","order_line.ol_i_id"],"Filter":"(order_line.ol_delivery_d >= '1992-01-02 20:10:02.27764'::timestamp without time zone)","Rows Removed by Filter":0,"Rows Removed by Columnar Filter":51372876,"Rows Filtered by Bloom Filter":0,"Dictionary Rows Filtered by Bloom Filter":51372876,"Columnar cache search mode":"native","Shared Hit Blocks":0,"Shared Read Blocks":0,"Shared Dirtied Blocks":0,"Shared Written Blocks":0,"Local Hit Blocks":0,"Local Read Blocks":0,"Local Dirtied Blocks":0,"Local Written Blocks":0,"Temp Read Blocks":0,"Temp Written Blocks":0,"I/O Read Time":0.0,"I/O Write Time":0.0,"Temp I/O Read Time":0.0,"Temp I/O Write Time":0.0},{"Node Type":"Seq Scan","Parent Relationship":"Member","Parallel Aware":false,"Async Capable":false,"Relation Name":"order_line","Schema":"public","Alias":"order_line","Startup Cost":0.0,"Total Cost":4.79,"Plan Rows":44,"Plan Width":20,"Actual Startup Time":0.0,"Actual Total Time":0.0,"Actual Rows":0,"Actual Loops":0,"Output":["order_line.ol_amount","order_line.ol_o_id","order_line.ol_w_id","order_line.ol_d_id","order_line.ol_i_id"],"Filter":"(order_line.ol_delivery_d >= '1992-01-02 20:10:02.27764'::timestamp without time zone)","Rows Removed by Filter":0,"Shared Hit Blocks":0,"Shared Read Blocks":0,"Shared Dirtied Blocks":0,"Shared Written Blocks":0,"Local Hit Blocks":0,"Local Read Blocks":0,"Local Dirtied Blocks":0,"Local Written Blocks":0,"Temp Read Blocks":0,"Temp Written Blocks":0,"I/O Read Time":0.0,"I/O Write Time":0.0,"Temp I/O Read Time":0.0,"Temp I/O Write Time":0.0}]},{"Node Type":"Hash","Parent Relationship":"Inner","Parallel Aware":false,"Async Capable":false,"Startup Cost":390026.22,"Total Cost":390026.22,"Plan Rows":20000212,"Plan Width":6,"Actual Rows":20000000,"Actual Loops":1,"Output":["stock.s_w_id","stock.s_i_id"],"Shared Hit Blocks":0,"Shared Read Blocks":0,"Shared Dirtied Blocks":0,"Shared Written Blocks":0,"Local Hit Blocks":0,"Local Read Blocks":0,"Local Dirtied Blocks":0,"Local Written Blocks":0,"Temp Read Blocks":0,"Temp Written Blocks":0,"I/O Read Time":0.0,"I/O Write Time":0.0,"Temp I/O Read Time":0.0,"Temp I/O Write Time":0.0,"Plans":[{"Node Type":"Append","Parent Relationship":"Outer","Parallel Aware":false,"Async Capable":false,"Startup Cost":20.0,"Total Cost":390026.22,"Plan Rows":20000212,"Plan Width":6,"Actual Startup Time":0.46,"Actual Total Time":0.463,"Actual Rows":20000000,"Actual Loops":1,"Shared Hit Blocks":0,"Shared Read Blocks":0,"Shared Dirtied Blocks":0,"Shared Written Blocks":0,"Local Hit Blocks":0,"Local Read Blocks":0,"Local Dirtied Blocks":0,"Local Written Blocks":0,"Temp Read Blocks":0,"Temp Written Blocks":0,"I/O Read Time":0.0,"I/O Write Time":0.0,"Temp I/O Read Time":0.0,"Temp I/O Write Time":0.0,"Subplans Removed":0,"Plans":[{"Node Type":"Custom Scan","Parent Relationship":"Member","Custom Plan Provider":"columnar scan","Parallel Aware":false,"Async Capable":false,"Relation Name":"stock","Schema":"public","Alias":"stock","Startup Cost":20.0,"Total Cost":390020.1,"Plan Rows":20000000,"Plan Width":6,"Actual Startup Time":0.46,"Actual Total Time":0.461,"Actual Rows":20000000,"Actual Loops":1,"Output":["stock.s_w_id","stock.s_i_id"],"Rows Removed by Columnar Filter":0,"Columnar cache search mode":"native","Shared Hit Blocks":0,"Shared Read Blocks":0,"Shared Dirtied Blocks":0,"Shared Written Blocks":0,"Local Hit Blocks":0,"Local Read Blocks":0,"Local Dirtied Blocks":0,"Local Written Blocks":0,"Temp Read Blocks":0,"Temp Written Blocks":0,"I/O Read Time":0.0,"I/O Write Time":0.0,"Temp I/O Read Time":0.0,"Temp I/O Write Time":0.0},{"Node Type":"Seq Scan","Parent Relationship":"Member","Parallel Aware":false,"Async Capable":false,"Relation Name":"stock","Schema":"public","Alias":"stock","Startup Cost":0.0,"Total Cost":6.12,"Plan Rows":212,"Plan Width":6,"Actual Startup Time":0.0,"Actual Total Time":0.0,"Actual Rows":0,"Actual Loops":0,"Output":["stock.s_w_id","stock.s_i_id"],"Shared Hit Blocks":0,"Shared Read Blocks":0,"Shared Dirtied Blocks":0,"Shared Written Blocks":0,"Local Hit Blocks":0,"Local Read Blocks":0,"Local Dirtied Blocks":0,"Local Written Blocks":0,"Temp Read Blocks":0,"Temp Written Blocks":0,"I/O Read Time":0.0,"I/O Write Time":0.0,"Temp I/O Read Time":0.0,"Temp I/O Write Time":0.0}]}]}]},{"Node Type":"Hash","Parent Relationship":"Inner","Parallel Aware":false,"Async Capable":false,"Startup Cost":193.87,"Total Cost":193.87,"Plan Rows":2000,"Plan Width":20,"Actual Startup Time":3.995,"Actual Total Time":4.008,"Actual Rows":3506,"Actual Loops":1,"Output":["supplier.su_suppkey","supplier.su_nationkey","nation.n_name","nation.n_nationkey"],"Hash Buckets":4096,"Original Hash Buckets":2048,"Hash Batches":1,"Original Hash Batches":1,"Peak Memory Usage":217,"Shared Hit Blocks":1,"Shared Read Blocks":0,"Shared Dirtied Blocks":0,"Shared Written Blocks":0,"Local Hit Blocks":0,"Local Read Blocks":0,"Local Dirtied Blocks":0,"Local Written Blocks":0,"Temp Read Blocks":0,"Temp Written Blocks":0,"I/O Read Time":0.0,"I/O Write Time":0.0,"Temp I/O Read Time":0.0,"Temp I/O Write Time":0.0,"Plans":[{"Node Type":"Hash Join","Parent Relationship":"Outer","Parallel Aware":false,"Async Capable":false,"Join Type":"Inner","Startup Cost":25.24,"Total Cost":193.87,"Plan Rows":2000,"Plan Width":20,"Actual Startup Time":1.768,"Actual Total Time":3.445,"Actual Rows":3506,"Actual Loops":1,"Output":["supplier.su_suppkey","supplier.su_nationkey","nation.n_name","nation.n_nationkey"],"Hash Cond":"(nation.n_regionkey = region.r_regionkey)","Shared Hit Blocks":1,"Shared Read Blocks":0,"Shared Dirtied Blocks":0,"Shared Written Blocks":0,"Local Hit Blocks":0,"Local Read Blocks":0,"Local Dirtied Blocks":0,"Local Written Blocks":0,"Temp Read Blocks":0,"Temp Written Blocks":0,"I/O Read Time":0.0,"I/O Write Time":0.0,"Temp I/O Read Time":0.0,"Temp I/O Write Time":0.0,"Plans":[{"Node Type":"Hash Join","Parent Relationship":"Outer","Parallel Aware":false,"Async Capable":false,"Join Type":"Inner","Startup Cost":24.16,"Total Cost":144.29,"Plan Rows":10000,"Plan Width":24,"Actual Startup Time":1.741,"Actual Total Time":2.387,"Actual Rows":10000,"Actual Loops":1,"Output":["supplier.su_suppkey","supplier.su_nationkey","nation.n_name","nation.n_nationkey","nation.n_regionkey"],"Hash Cond":"(supplier.su_nationkey = nation.n_nationkey)","Rows Removed by Bloom Filter":0,"Shared Hit Blocks":0,"Shared Read Blocks":0,"Shared Dirtied Blocks":0,"Shared Written Blocks":0,"Local Hit Blocks":0,"Local Read Blocks":0,"Local Dirtied Blocks":0,"Local Written Blocks":0,"Temp Read Blocks":0,"Temp Written Blocks":0,"I/O Read Time":0.0,"I/O Write Time":0.0,"Temp I/O Read Time":0.0,"Temp I/O Write Time":0.0,"Plans":[{"Node Type":"Append","Parent Relationship":"Outer","Parallel Aware":false,"Async Capable":false,"Startup Cost":20.0,"Total Cost":219.01,"Plan Rows":10001,"Plan Width":8,"Actual Startup Time":0.008,"Actual Total Time":0.011,"Actual Rows":10000,"Actual Loops":1,"Shared Hit Blocks":0,"Shared Read Blocks":0,"Shared Dirtied Blocks":0,"Shared Written Blocks":0,"Local Hit Blocks":0,"Local Read Blocks":0,"Local Dirtied Blocks":0,"Local Written Blocks":0,"Temp Read Blocks":0,"Temp Written Blocks":0,"I/O Read Time":0.0,"I/O Write Time":0.0,"Temp I/O Read Time":0.0,"Temp I/O Write Time":0.0,"Subplans Removed":0,"Plans":[{"Node Type":"Custom Scan","Parent Relationship":"Member","Custom Plan Provider":"columnar scan","Parallel Aware":false,"Async Capable":false,"Relation Name":"supplier","Schema":"public","Alias":"supplier","Startup Cost":20.0,"Total Cost":215.0,"Plan Rows":10000,"Plan Width":8,"Actual Startup Time":0.007,"Actual Total Time":0.008,"Actual Rows":10000,"Actual Loops":1,"Output":["supplier.su_suppkey","supplier.su_nationkey"],"Rows Removed by Columnar Filter":0,"Columnar cache search mode":"native","Shared Hit Blocks":0,"Shared Read Blocks":0,"Shared Dirtied Blocks":0,"Shared Written Blocks":0,"Local Hit Blocks":0,"Local Read Blocks":0,"Local Dirtied Blocks":0,"Local Written Blocks":0,"Temp Read Blocks":0,"Temp Written Blocks":0,"I/O Read Time":0.0,"I/O Write Time":0.0,"Temp I/O Read Time":0.0,"Temp I/O Write Time":0.0},{"Node Type":"Seq Scan","Parent Relationship":"Member","Parallel Aware":false,"Async Capable":false,"Relation Name":"supplier","Schema":"public","Alias":"supplier","Startup Cost":0.0,"Total Cost":4.01,"Plan Rows":1,"Plan Width":8,"Actual Startup Time":0.0,"Actual Total Time":0.0,"Actual Rows":0,"Actual Loops":0,"Output":["supplier.su_suppkey","supplier.su_nationkey"],"Shared Hit Blocks":0,"Shared Read Blocks":0,"Shared Dirtied Blocks":0,"Shared Written Blocks":0,"Local Hit Blocks":0,"Local Read Blocks":0,"Local Dirtied Blocks":0,"Local Written Blocks":0,"Temp Read Blocks":0,"Temp Written Blocks":0,"I/O Read Time":0.0,"I/O Write Time":0.0,"Temp I/O Read Time":0.0,"Temp I/O Write Time":0.0}]},{"Node Type":"Hash","Parent Relationship":"Inner","Parallel Aware":false,"Async Capable":false,"Startup Cost":25.34,"Total Cost":25.34,"Plan Rows":63,"Plan Width":16,"Actual Rows":62,"Actual Loops":1,"Output":["nation.n_name","nation.n_nationkey","nation.n_regionkey"],"Shared Hit Blocks":0,"Shared Read Blocks":0,"Shared Dirtied Blocks":0,"Shared Written Blocks":0,"Local Hit Blocks":0,"Local Read Blocks":0,"Local Dirtied Blocks":0,"Local Written Blocks":0,"Temp Read Blocks":0,"Temp Written Blocks":0,"I/O Read Time":0.0,"I/O Write Time":0.0,"Temp I/O Read Time":0.0,"Temp I/O Write Time":0.0,"Plans":[{"Node Type":"Append","Parent Relationship":"Outer","Parallel Aware":false,"Async Capable":false,"Startup Cost":20.0,"Total Cost":25.34,"Plan Rows":63,"Plan Width":16,"Actual Startup Time":0.025,"Actual Total Time":0.026,"Actual Rows":62,"Actual Loops":1,"Shared Hit Blocks":0,"Shared Read Blocks":0,"Shared Dirtied Blocks":0,"Shared Written Blocks":0,"Local Hit Blocks":0,"Local Read Blocks":0,"Local Dirtied Blocks":0,"Local Written Blocks":0,"Temp Read Blocks":0,"Temp Written Blocks":0,"I/O Read Time":0.0,"I/O Write Time":0.0,"Temp I/O Read Time":0.0,"Temp I/O Write Time":0.0,"Subplans Removed":0,"Plans":[{"Node Type":"Custom Scan","Parent Relationship":"Member","Custom Plan Provider":"columnar scan","Parallel Aware":false,"Async Capable":false,"Relation Name":"nation","Schema":"public","Alias":"nation","Startup Cost":20.0,"Total Cost":21.33,"Plan Rows":62,"Plan Width":16,"Actual Startup Time":0.023,"Actual Total Time":0.023,"Actual Rows":62,"Actual Loops":1,"Output":["nation.n_name","nation.n_nationkey","nation.n_regionkey"],"Rows Removed by Columnar Filter":0,"Columnar cache search mode":"native","Shared Hit Blocks":0,"Shared Read Blocks":0,"Shared Dirtied Blocks":0,"Shared Written Blocks":0,"Local Hit Blocks":0,"Local Read Blocks":0,"Local Dirtied Blocks":0,"Local Written Blocks":0,"Temp Read Blocks":0,"Temp Written Blocks":0,"I/O Read Time":0.0,"I/O Write Time":0.0,"Temp I/O Read Time":0.0,"Temp I/O Write Time":0.0},{"Node Type":"Seq Scan","Parent Relationship":"Member","Parallel Aware":false,"Async Capable":false,"Relation Name":"nation","Schema":"public","Alias":"nation","Startup Cost":0.0,"Total Cost":4.01,"Plan Rows":1,"Plan Width":16,"Actual Startup Time":0.0,"Actual Total Time":0.0,"Actual Rows":0,"Actual Loops":0,"Output":["nation.n_name","nation.n_nationkey","nation.n_regionkey"],"Shared Hit Blocks":0,"Shared Read Blocks":0,"Shared Dirtied Blocks":0,"Shared Written Blocks":0,"Local Hit Blocks":0,"Local Read Blocks":0,"Local Dirtied Blocks":0,"Local Written Blocks":0,"Temp Read Blocks":0,"Temp Written Blocks":0,"I/O Read Time":0.0,"I/O Write Time":0.0,"Temp I/O Read Time":0.0,"Temp I/O Write Time":0.0}]}]}]},{"Node Type":"Hash","Parent Relationship":"Inner","Parallel Aware":false,"Async Capable":false,"Startup Cost":1.06,"Total Cost":1.06,"Plan Rows":1,"Plan Width":4,"Actual Startup Time":0.015,"Actual Total Time":0.016,"Actual Rows":1,"Actual Loops":1,"Output":["region.r_regionkey"],"Hash Buckets":1024,"Original Hash Buckets":1024,"Hash Batches":1,"Original Hash Batches":1,"Peak Memory Usage":9,"Shared Hit Blocks":1,"Shared Read Blocks":0,"Shared Dirtied Blocks":0,"Shared Written Blocks":0,"Local Hit Blocks":0,"Local Read Blocks":0,"Local Dirtied Blocks":0,"Local Written Blocks":0,"Temp Read Blocks":0,"Temp Written Blocks":0,"I/O Read Time":0.0,"I/O Write Time":0.0,"Temp I/O Read Time":0.0,"Temp I/O Write Time":0.0,"Plans":[{"Node Type":"Seq Scan","Parent Relationship":"Outer","Parallel Aware":false,"Async Capable":false,"Relation Name":"region","Schema":"public","Alias":"region","Startup Cost":0.0,"Total Cost":1.06,"Plan Rows":1,"Plan Width":4,"Actual Startup Time":0.013,"Actual Total Time":0.014,"Actual Rows":1,"Actual Loops":1,"Output":["region.r_regionkey"],"Filter":"((region.r_name)::text = 'Europe'::text)","Rows Removed by Filter":4,"Shared Hit Blocks":1,"Shared Read Blocks":0,"Shared Dirtied Blocks":0,"Shared Written Blocks":0,"Local Hit Blocks":0,"Local Read Blocks":0,"Local Dirtied Blocks":0,"Local Written Blocks":0,"Temp Read Blocks":0,"Temp Written Blocks":0,"I/O Read Time":0.0,"I/O Write Time":0.0,"Temp I/O Read Time":0.0,"Temp I/O Write Time":0.0}]}]}]}]},{"Node Type":"Hash","Parent Relationship":"Inner","Parallel Aware":false,"Async Capable":false,"Startup Cost":134121.52,"Total Cost":134121.52,"Plan Rows":879322,"Plan Width":16,"Actual Startup Time":636.316,"Actual Total Time":636.317,"Actual Rows":856801,"Actual Loops":1,"Output":["orders.o_c_id","orders.o_w_id","orders.o_d_id","orders.o_id"],"Hash Buckets":262144,"Original Hash Buckets":262144,"Hash Batches":8,"Original Hash Batches":8,"Peak Memory Usage":7070,"Shared Hit Blocks":44122,"Shared Read Blocks":0,"Shared Dirtied Blocks":0,"Shared Written Blocks":0,"Local Hit Blocks":0,"Local Read Blocks":0,"Local Dirtied Blocks":0,"Local Written Blocks":0,"Temp Read Blocks":0,"Temp Written Blocks":3290,"I/O Read Time":0.0,"I/O Write Time":0.0,"Temp I/O Read Time":0.0,"Temp I/O Write Time":15.085,"Plans":[{"Node Type":"Seq Scan","Parent Relationship":"Outer","Parallel Aware":false,"Async Capable":false,"Relation Name":"orders","Schema":"public","Alias":"orders","Startup Cost":0.0,"Total Cost":134121.52,"Plan Rows":879322,"Plan Width":16,"Actual Startup Time":0.601,"Actual Total Time":439.339,"Actual Rows":856801,"Actual Loops":1,"Output":["orders.o_c_id","orders.o_w_id","orders.o_d_id","orders.o_id"],"Filter":"((orders.o_entry_d >= '1993-01-02 20:10:02.27764'::timestamp without time zone) AND (orders.o_entry_d < '1994-01-02 20:10:02.27764'::timestamp without time zone))","Rows Removed by Filter":5143199,"Shared Hit Blocks":44122,"Shared Read Blocks":0,"Shared Dirtied Blocks":0,"Shared Written Blocks":0,"Local Hit Blocks":0,"Local Read Blocks":0,"Local Dirtied Blocks":0,"Local Written Blocks":0,"Temp Read Blocks":0,"Temp Written Blocks":0,"I/O Read Time":0.0,"I/O Write Time":0.0,"Temp I/O Read Time":0.0,"Temp I/O Write Time":0.0}]}]},{"Node Type":"Hash","Parent Relationship":"Inner","Parallel Aware":false,"Async Capable":false,"Startup Cost":509795.49,"Total Cost":509795.49,"Plan Rows":6000140,"Plan Width":12,"Actual Startup Time":2370.26,"Actual Total Time":2370.261,"Actual Rows":6000000,"Actual Loops":1,"Output":["customer.c_id","customer.c_w_id","customer.c_d_id","customer.c_nationkey"],"Hash Buckets":262144,"Original Hash Buckets":262144,"Hash Batches":64,"Original Hash Batches":64,"Peak Memory Usage":6083,"Shared Hit Blocks":0,"Shared Read Blocks":0,"Shared Dirtied Blocks":0,"Shared Written Blocks":0,"Local Hit Blocks":0,"Local Read Blocks":0,"Local Dirtied Blocks":0,"Local Written Blocks":0,"Temp Read Blocks":0,"Temp Written Blocks":23035,"I/O Read Time":0.0,"I/O Write Time":0.0,"Temp I/O Read Time":0.0,"Temp I/O Write Time":101.285,"Plans":[{"Node Type":"Append","Parent Relationship":"Outer","Parallel Aware":false,"Async Capable":false,"Startup Cost":20.0,"Total Cost":509795.49,"Plan Rows":6000140,"Plan Width":12,"Actual Startup Time":0.024,"Actual Total Time":1312.402,"Actual Rows":6000000,"Actual Loops":1,"Shared Hit Blocks":0,"Shared Read Blocks":0,"Shared Dirtied Blocks":0,"Shared Written Blocks":0,"Local Hit Blocks":0,"Local Read Blocks":0,"Local Dirtied Blocks":0,"Local Written Blocks":0,"Temp Read Blocks":0,"Temp Written Blocks":0,"I/O Read Time":0.0,"I/O Write Time":0.0,"Temp I/O Read Time":0.0,"Temp I/O Write Time":0.0,"Subplans Removed":0,"Plans":[{"Node Type":"Custom Scan","Parent Relationship":"Member","Custom Plan Provider":"columnar scan","Parallel Aware":false,"Async Capable":false,"Relation Name":"customer","Schema":"public","Alias":"customer","Startup Cost":20.0,"Total Cost":141020.06,"Plan Rows":6000000,"Plan Width":12,"Actual Startup Time":0.022,"Actual Total Time":896.864,"Actual Rows":6000000,"Actual Loops":1,"Output":["customer.c_id","customer.c_w_id","customer.c_d_id","customer.c_nationkey"],"Rows Removed by Columnar Filter":0,"Columnar cache search mode":"native","Shared Hit Blocks":0,"Shared Read Blocks":0,"Shared Dirtied Blocks":0,"Shared Written Blocks":0,"Local Hit Blocks":0,"Local Read Blocks":0,"Local Dirtied Blocks":0,"Local Written Blocks":0,"Temp Read Blocks":0,"Temp Written Blocks":0,"I/O Read Time":0.0,"I/O Write Time":0.0,"Temp I/O Read Time":0.0,"Temp I/O Write Time":0.0},{"Node Type":"Seq Scan","Parent Relationship":"Member","Parallel Aware":false,"Async Capable":false,"Relation Name":"customer","Schema":"public","Alias":"customer","Startup Cost":0.0,"Total Cost":5.4,"Plan Rows":140,"Plan Width":12,"Actual Startup Time":0.0,"Actual Total Time":0.0,"Actual Rows":0,"Actual Loops":0,"Output":["customer.c_id","customer.c_w_id","customer.c_d_id","customer.c_nationkey"],"Shared Hit Blocks":0,"Shared Read Blocks":0,"Shared Dirtied Blocks":0,"Shared Written Blocks":0,"Local Hit Blocks":0,"Local Read Blocks":0,"Local Dirtied Blocks":0,"Local Written Blocks":0,"Temp Read Blocks":0,"Temp Written Blocks":0,"I/O Read Time":0.0,"I/O Write Time":0.0,"Temp I/O Read Time":0.0,"Temp I/O Write Time":0.0}]}]}]}]}]}]},"Planning":{"Shared Hit Blocks":220,"Shared Read Blocks":0,"Shared Dirtied Blocks":0,"Shared Written Blocks":0,"Local Hit Blocks":0,"Local Read Blocks":0,"Local Dirtied Blocks":0,"Local Written Blocks":0,"Temp Read Blocks":0,"Temp Written Blocks":0,"I/O Read Time":0.0,"I/O Write Time":0.0,"Temp I/O Read Time":0.0,"Temp I/O Write Time":0.0},"Planning Time":6.459,"Triggers":[],"Execution Time":10936.591}]
[列存组合]: customer, nation, orders, region, stock
[{"Plan":{"Node Type":"Sort","Parallel Aware":false,"Async Capable":false,"Startup Cost":4073550.09,"Total Cost":4073550.25,"Plan Rows":62,"Plan Width":40,"Actual Startup Time":34786.46,"Actual Total Time":34786.491,"Actual Rows":11,"Actual Loops":1,"Output":["nation.n_name","(sum(order_line.ol_amount))"],"Sort Key":["(sum(order_line.ol_amount)) DESC"],"Sort Method":"quicksort","Sort Space Used":25,"Sort Space Type":"Memory","Shared Hit Blocks":736640,"Shared Read Blocks":0,"Shared Dirtied Blocks":0,"Shared Written Blocks":0,"Local Hit Blocks":0,"Local Read Blocks":0,"Local Dirtied Blocks":0,"Local Written Blocks":0,"Temp Read Blocks":288611,"Temp Written Blocks":288665,"I/O Read Time":0.0,"I/O Write Time":0.0,"Temp I/O Read Time":455.02,"Temp I/O Write Time":1171.485,"Plans":[{"Node Type":"Aggregate","Strategy":"Sorted","Partial Mode":"Simple","Parent Relationship":"Outer","Parallel Aware":false,"Async Capable":false,"Startup Cost":4073396.45,"Total Cost":4073548.25,"Plan Rows":62,"Plan Width":40,"Actual Startup Time":34780.523,"Actual Total Time":34786.474,"Actual Rows":11,"Actual Loops":1,"Output":["nation.n_name","sum(order_line.ol_amount)"],"Group Key":["nation.n_name"],"Shared Hit Blocks":736640,"Shared Read Blocks":0,"Shared Dirtied Blocks":0,"Shared Written Blocks":0,"Local Hit Blocks":0,"Local Read Blocks":0,"Local Dirtied Blocks":0,"Local Written Blocks":0,"Temp Read Blocks":288611,"Temp Written Blocks":288665,"I/O Read Time":0.0,"I/O Write Time":0.0,"Temp I/O Read Time":455.02,"Temp I/O Write Time":1171.485,"Plans":[{"Node Type":"Sort","Parent Relationship":"Outer","Parallel Aware":false,"Async Capable":false,"Startup Cost":4073396.45,"Total Cost":4073446.79,"Plan Rows":20136,"Plan Width":12,"Actual Startup Time":34780.087,"Actual Total Time":34781.917,"Actual Rows":35044,"Actual Loops":1,"Output":["nation.n_name","order_line.ol_amount"],"Sort Key":["nation.n_name"],"Sort Method":"quicksort","Sort Space Used":3146,"Sort Space Type":"Memory","Shared Hit Blocks":736640,"Shared Read Blocks":0,"Shared Dirtied Blocks":0,"Shared Written Blocks":0,"Local Hit Blocks":0,"Local Read Blocks":0,"Local Dirtied Blocks":0,"Local Written Blocks":0,"Temp Read Blocks":288611,"Temp Written Blocks":288665,"I/O Read Time":0.0,"I/O Write Time":0.0,"Temp I/O Read Time":455.02,"Temp I/O Write Time":1171.485,"Plans":[{"Node Type":"Hash Join","Parent Relationship":"Outer","Parallel Aware":false,"Async Capable":false,"Join Type":"Inner","Startup Cost":3424089.0,"Total Cost":4071956.98,"Plan Rows":20136,"Plan Width":12,"Actual Startup Time":30865.948,"Actual Total Time":34760.851,"Actual Rows":35044,"Actual Loops":1,"Output":["nation.n_name","order_line.ol_amount"],"Inner Unique":true,"Hash Cond":"((mod((stock.s_w_id * stock.s_i_id), 10000) = supplier.su_suppkey) AND (customer.c_nationkey = supplier.su_nationkey))","Shared Hit Blocks":736640,"Shared Read Blocks":0,"Shared Dirtied Blocks":0,"Shared Written Blocks":0,"Local Hit Blocks":0,"Local Read Blocks":0,"Local Dirtied Blocks":0,"Local Written Blocks":0,"Temp Read Blocks":288611,"Temp Written Blocks":288665,"I/O Read Time":0.0,"I/O Write Time":0.0,"Temp I/O Read Time":455.02,"Temp I/O Write Time":1171.485,"Plans":[{"Node Type":"Merge Join","Parent Relationship":"Outer","Parallel Aware":false,"Async Capable":false,"Join Type":"Inner","Startup Cost":3423622.0,"Total Cost":4064655.01,"Plan Rows":1242717,"Plan Width":26,"Actual Startup Time":30862.908,"Actual Total Time":34478.217,"Actual Rows":2218175,"Actual Loops":1,"Output":["customer.c_nationkey","order_line.ol_amount","stock.s_w_id","stock.s_i_id","nation.n_name","nation.n_nationkey"],"Inner Unique":true,"Merge Cond":"((customer.c_w_id = stock.s_w_id) AND (order_line.ol_i_id = stock.s_i_id))","Shared Hit Blocks":736423,"Shared Read Blocks":0,"Shared Dirtied Blocks":0,"Shared Written Blocks":0,"Local Hit Blocks":0,"Local Read Blocks":0,"Local Dirtied Blocks":0,"Local Written Blocks":0,"Temp Read Blocks":288611,"Temp Written Blocks":288665,"I/O Read Time":0.0,"I/O Write Time":0.0,"Temp I/O Read Time":455.02,"Temp I/O Write Time":1171.485,"Plans":[{"Node Type":"Sort","Parent Relationship":"Outer","Parallel Aware":false,"Async Capable":false,"Startup Cost":3423621.57,"Total Cost":3426702.1,"Plan Rows":1232214,"Plan Width":30,"Actual Startup Time":30862.84,"Actual Total Time":31457.26,"Actual Rows":2218175,"Actual Loops":1,"Output":["customer.c_w_id","customer.c_nationkey","orders.o_w_id","order_line.ol_amount","order_line.ol_w_id","order_line.ol_i_id","nation.n_name","nation.n_nationkey"],"Sort Key":["customer.c_w_id","order_line.ol_i_id"],"Sort Method":"external merge","Sort Space Used":94520,"Sort Space Type":"Disk","Shared Hit Blocks":681750,"Shared Read Blocks":0,"Shared Dirtied Blocks":0,"Shared Written Blocks":0,"Local Hit Blocks":0,"Local Read Blocks":0,"Local Dirtied Blocks":0,"Local Written Blocks":0,"Temp Read Blocks":288611,"Temp Written Blocks":288665,"I/O Read Time":0.0,"I/O Write Time":0.0,"Temp I/O Read Time":455.02,"Temp I/O Write Time":1171.485,"Plans":[{"Node Type":"Hash Join","Parent Relationship":"Outer","Parallel Aware":false,"Async Capable":false,"Join Type":"Inner","Startup Cost":795272.92,"Total Cost":3239997.74,"Plan Rows":1232214,"Plan Width":30,"Actual Startup Time":2726.298,"Actual Total Time":28010.072,"Actual Rows":2218175,"Actual Loops":1,"Output":["customer.c_w_id","customer.c_nationkey","orders.o_w_id","order_line.ol_amount","order_line.ol_w_id","order_line.ol_i_id","nation.n_name","nation.n_nationkey"],"Inner Unique":false,"Hash Cond":"(customer.c_nationkey = nation.n_nationkey)","Shared Hit Blocks":681750,"Shared Read Blocks":0,"Shared Dirtied Blocks":0,"Shared Written Blocks":0,"Local Hit Blocks":0,"Local Read Blocks":0,"Local Dirtied Blocks":0,"Local Written Blocks":0,"Temp Read Blocks":264991,"Temp Written Blocks":264991,"I/O Read Time":0.0,"I/O Write Time":0.0,"Temp I/O Read Time":419.595,"Temp I/O Write Time":1102.673,"Plans":[{"Node Type":"Hash Join","Parent Relationship":"Outer","Parallel Aware":false,"Async Capable":false,"Join Type":"Inner","Startup Cost":795269.78,"Total Cost":3204965.93,"Plan Rows":6161071,"Plan Width":18,"Actual Startup Time":2718.417,"Actual Total Time":27072.868,"Actual Rows":8568663,"Actual Loops":1,"Output":["customer.c_w_id","customer.c_nationkey","orders.o_w_id","order_line.ol_amount","order_line.ol_w_id","order_line.ol_i_id"],"Inner Unique":true,"Hash Cond":"((orders.o_c_id = customer.c_id) AND (orders.o_w_id = customer.c_w_id) AND (orders.o_d_id = customer.c_d_id))","Shared Hit Blocks":681748,"Shared Read Blocks":0,"Shared Dirtied Blocks":0,"Shared Written Blocks":0,"Local Hit Blocks":0,"Local Read Blocks":0,"Local Dirtied Blocks":0,"Local Written Blocks":0,"Temp Read Blocks":264991,"Temp Written Blocks":264991,"I/O Read Time":0.0,"I/O Write Time":0.0,"Temp I/O Read Time":419.595,"Temp I/O Write Time":1102.673,"Plans":[{"Node Type":"Hash Join","Parent Relationship":"Outer","Parallel Aware":false,"Async Capable":false,"Join Type":"Inner","Startup Cost":151173.84,"Total Cost":2410851.54,"Plan Rows":6161071,"Plan Width":20,"Actual Startup Time":389.359,"Actual Total Time":20079.649,"Actual Rows":8568663,"Actual Loops":1,"Output":["orders.o_c_id","orders.o_w_id","orders.o_d_id","order_line.ol_amount","order_line.ol_w_id","order_line.ol_d_id","order_line.ol_i_id"],"Inner Unique":true,"Hash Cond":"((order_line.ol_w_id = orders.o_w_id) AND (order_line.ol_d_id = orders.o_d_id) AND (order_line.ol_o_id = orders.o_id))","Shared Hit Blocks":681748,"Shared Read Blocks":0,"Shared Dirtied Blocks":0,"Shared Written Blocks":0,"Local Hit Blocks":0,"Local Read Blocks":0,"Local Dirtied Blocks":0,"Local Written Blocks":0,"Temp Read Blocks":200672,"Temp Written Blocks":200672,"I/O Read Time":0.0,"I/O Write Time":0.0,"Temp I/O Read Time":301.238,"Temp I/O Write Time":801.266,"Plans":[{"Node Type":"Seq Scan","Parent Relationship":"Outer","Parallel Aware":false,"Async Capable":false,"Relation Name":"order_line","Schema":"public","Alias":"order_line","Startup Cost":0.0,"Total Cost":1431670.8,"Plan Rows":42039468,"Plan Width":20,"Actual Startup Time":0.006,"Actual Total Time":7466.047,"Actual Rows":42000489,"Actual Loops":1,"Output":["order_line.ol_amount","order_line.ol_o_id","order_line.ol_w_id","order_line.ol_d_id","order_line.ol_i_id"],"Filter":"(order_line.ol_delivery_d >= '1992-01-02 20:10:02.27764'::timestamp without time zone)","Rows Removed by Filter":17993272,"Shared Hit Blocks":681748,"Shared Read Blocks":0,"Shared Dirtied Blocks":0,"Shared Written Blocks":0,"Local Hit Blocks":0,"Local Read Blocks":0,"Local Dirtied Blocks":0,"Local Written Blocks":0,"Temp Read Blocks":0,"Temp Written Blocks":0,"I/O Read Time":0.0,"I/O Write Time":0.0,"Temp I/O Read Time":0.0,"Temp I/O Write Time":0.0},{"Node Type":"Hash","Parent Relationship":"Inner","Parallel Aware":false,"Async Capable":false,"Startup Cost":131491.69,"Total Cost":131491.69,"Plan Rows":879323,"Plan Width":16,"Actual Startup Time":354.687,"Actual Total Time":354.695,"Actual Rows":856801,"Actual Loops":1,"Output":["orders.o_c_id","orders.o_w_id","orders.o_d_id","orders.o_id"],"Hash Buckets":262144,"Original Hash Buckets":262144,"Hash Batches":8,"Original Hash Batches":8,"Peak Memory Usage":7070,"Shared Hit Blocks":0,"Shared Read Blocks":0,"Shared Dirtied Blocks":0,"Shared Written Blocks":0,"Local Hit Blocks":0,"Local Read Blocks":0,"Local Dirtied Blocks":0,"Local Written Blocks":0,"Temp Read Blocks":0,"Temp Written Blocks":3290,"I/O Read Time":0.0,"I/O Write Time":0.0,"Temp I/O Read Time":0.0,"Temp I/O Write Time":14.858,"Plans":[{"Node Type":"Append","Parent Relationship":"Outer","Parallel Aware":false,"Async Capable":false,"Startup Cost":20.0,"Total Cost":131491.69,"Plan Rows":879323,"Plan Width":16,"Actual Startup Time":0.546,"Actual Total Time":200.019,"Actual Rows":856801,"Actual Loops":1,"Shared Hit Blocks":0,"Shared Read Blocks":0,"Shared Dirtied Blocks":0,"Shared Written Blocks":0,"Local Hit Blocks":0,"Local Read Blocks":0,"Local Dirtied Blocks":0,"Local Written Blocks":0,"Temp Read Blocks":0,"Temp Written Blocks":0,"I/O Read Time":0.0,"I/O Write Time":0.0,"Temp I/O Read Time":0.0,"Temp I/O Write Time":0.0,"Subplans Removed":0,"Plans":[{"Node Type":"Custom Scan","Parent Relationship":"Member","Custom Plan Provider":"columnar scan","Parallel Aware":false,"Async Capable":false,"Relation Name":"orders","Schema":"public","Alias":"orders","Startup Cost":20.0,"Total Cost":20684.21,"Plan Rows":879322,"Plan Width":16,"Actual Startup Time":0.545,"Actual Total Time":139.69,"Actual Rows":856801,"Actual Loops":1,"Output":["orders.o_c_id","orders.o_w_id","orders.o_d_id","orders.o_id"],"Filter":"((orders.o_entry_d < '1994-01-02 20:10:02.27764'::timestamp without time zone) AND (orders.o_entry_d >= '1993-01-02 20:10:02.27764'::timestamp without time zone))","Rows Removed by Filter":0,"Rows Removed by Columnar Filter":5143199,"Columnar cache search mode":"native","Shared Hit Blocks":0,"Shared Read Blocks":0,"Shared Dirtied Blocks":0,"Shared Written Blocks":0,"Local Hit Blocks":0,"Local Read Blocks":0,"Local Dirtied Blocks":0,"Local Written Blocks":0,"Temp Read Blocks":0,"Temp Written Blocks":0,"I/O Read Time":0.0,"I/O Write Time":0.0,"Temp I/O Read Time":0.0,"Temp I/O Write Time":0.0},{"Node Type":"Seq Scan","Parent Relationship":"Member","Parallel Aware":false,"Async Capable":false,"Relation Name":"orders","Schema":"public","Alias":"orders","Startup Cost":0.0,"Total Cost":4.01,"Plan Rows":1,"Plan Width":16,"Actual Startup Time":0.0,"Actual Total Time":0.0,"Actual Rows":0,"Actual Loops":0,"Output":["orders.o_c_id","orders.o_w_id","orders.o_d_id","orders.o_id"],"Filter":"((orders.o_entry_d < '1994-01-02 20:10:02.27764'::timestamp without time zone) AND (orders.o_entry_d >= '1993-01-02 20:10:02.27764'::timestamp without time zone))","Rows Removed by Filter":0,"Shared Hit Blocks":0,"Shared Read Blocks":0,"Shared Dirtied Blocks":0,"Shared Written Blocks":0,"Local Hit Blocks":0,"Local Read Blocks":0,"Local Dirtied Blocks":0,"Local Written Blocks":0,"Temp Read Blocks":0,"Temp Written Blocks":0,"I/O Read Time":0.0,"I/O Write Time":0.0,"Temp I/O Read Time":0.0,"Temp I/O Write Time":0.0}]}]}]},{"Node Type":"Hash","Parent Relationship":"Inner","Parallel Aware":false,"Async Capable":false,"Startup Cost":509795.49,"Total Cost":509795.49,"Plan Rows":6000140,"Plan Width":12,"Actual Startup Time":2321.896,"Actual Total Time":2321.901,"Actual Rows":6000000,"Actual Loops":1,"Output":["customer.c_id","customer.c_w_id","customer.c_d_id","customer.c_nationkey"],"Hash Buckets":262144,"Original Hash Buckets":262144,"Hash Batches":64,"Original Hash Batches":64,"Peak Memory Usage":6073,"Shared Hit Blocks":0,"Shared Read Blocks":0,"Shared Dirtied Blocks":0,"Shared Written Blocks":0,"Local Hit Blocks":0,"Local Read Blocks":0,"Local Dirtied Blocks":0,"Local Written Blocks":0,"Temp Read Blocks":0,"Temp Written Blocks":23037,"I/O Read Time":0.0,"I/O Write Time":0.0,"Temp I/O Read Time":0.0,"Temp I/O Write Time":104.415,"Plans":[{"Node Type":"Append","Parent Relationship":"Outer","Parallel Aware":false,"Async Capable":false,"Startup Cost":20.0,"Total Cost":509795.49,"Plan Rows":6000140,"Plan Width":12,"Actual Startup Time":0.018,"Actual Total Time":1313.235,"Actual Rows":6000000,"Actual Loops":1,"Shared Hit Blocks":0,"Shared Read Blocks":0,"Shared Dirtied Blocks":0,"Shared Written Blocks":0,"Local Hit Blocks":0,"Local Read Blocks":0,"Local Dirtied Blocks":0,"Local Written Blocks":0,"Temp Read Blocks":0,"Temp Written Blocks":0,"I/O Read Time":0.0,"I/O Write Time":0.0,"Temp I/O Read Time":0.0,"Temp I/O Write Time":0.0,"Subplans Removed":0,"Plans":[{"Node Type":"Custom Scan","Parent Relationship":"Member","Custom Plan Provider":"columnar scan","Parallel Aware":false,"Async Capable":false,"Relation Name":"customer","Schema":"public","Alias":"customer","Startup Cost":20.0,"Total Cost":141020.06,"Plan Rows":6000000,"Plan Width":12,"Actual Startup Time":0.017,"Actual Total Time":898.416,"Actual Rows":6000000,"Actual Loops":1,"Output":["customer.c_id","customer.c_w_id","customer.c_d_id","customer.c_nationkey"],"Rows Removed by Columnar Filter":0,"Columnar cache search mode":"native","Shared Hit Blocks":0,"Shared Read Blocks":0,"Shared Dirtied Blocks":0,"Shared Written Blocks":0,"Local Hit Blocks":0,"Local Read Blocks":0,"Local Dirtied Blocks":0,"Local Written Blocks":0,"Temp Read Blocks":0,"Temp Written Blocks":0,"I/O Read Time":0.0,"I/O Write Time":0.0,"Temp I/O Read Time":0.0,"Temp I/O Write Time":0.0},{"Node Type":"Seq Scan","Parent Relationship":"Member","Parallel Aware":false,"Async Capable":false,"Relation Name":"customer","Schema":"public","Alias":"customer","Startup Cost":0.0,"Total Cost":5.4,"Plan Rows":140,"Plan Width":12,"Actual Startup Time":0.0,"Actual Total Time":0.0,"Actual Rows":0,"Actual Loops":0,"Output":["customer.c_id","customer.c_w_id","customer.c_d_id","customer.c_nationkey"],"Shared Hit Blocks":0,"Shared Read Blocks":0,"Shared Dirtied Blocks":0,"Shared Written Blocks":0,"Local Hit Blocks":0,"Local Read Blocks":0,"Local Dirtied Blocks":0,"Local Written Blocks":0,"Temp Read Blocks":0,"Temp Written Blocks":0,"I/O Read Time":0.0,"I/O Write Time":0.0,"Temp I/O Read Time":0.0,"Temp I/O Write Time":0.0}]}]}]},{"Node Type":"Hash","Parent Relationship":"Inner","Parallel Aware":false,"Async Capable":false,"Startup Cost":2.99,"Total Cost":2.99,"Plan Rows":12,"Plan Width":12,"Actual Startup Time":0.044,"Actual Total Time":0.05,"Actual Rows":22,"Actual Loops":1,"Output":["nation.n_name","nation.n_nationkey"],"Hash Buckets":1024,"Original Hash Buckets":1024,"Hash Batches":1,"Original Hash Batches":1,"Peak Memory Usage":9,"Shared Hit Blocks":2,"Shared Read Blocks":0,"Shared Dirtied Blocks":0,"Shared Written Blocks":0,"Local Hit Blocks":0,"Local Read Blocks":0,"Local Dirtied Blocks":0,"Local Written Blocks":0,"Temp Read Blocks":0,"Temp Written Blocks":0,"I/O Read Time":0.0,"I/O Write Time":0.0,"Temp I/O Read Time":0.0,"Temp I/O Write Time":0.0,"Plans":[{"Node Type":"Hash Join","Parent Relationship":"Outer","Parallel Aware":false,"Async Capable":false,"Join Type":"Inner","Startup Cost":1.07,"Total Cost":2.99,"Plan Rows":12,"Plan Width":12,"Actual Startup Time":0.027,"Actual Total Time":0.044,"Actual Rows":22,"Actual Loops":1,"Output":["nation.n_name","nation.n_nationkey"],"Inner Unique":true,"Hash Cond":"(nation.n_regionkey = region.r_regionkey)","Shared Hit Blocks":2,"Shared Read Blocks":0,"Shared Dirtied Blocks":0,"Shared Written Blocks":0,"Local Hit Blocks":0,"Local Read Blocks":0,"Local Dirtied Blocks":0,"Local Written Blocks":0,"Temp Read Blocks":0,"Temp Written Blocks":0,"I/O Read Time":0.0,"I/O Write Time":0.0,"Temp I/O Read Time":0.0,"Temp I/O Write Time":0.0,"Plans":[{"Node Type":"Seq Scan","Parent Relationship":"Outer","Parallel Aware":false,"Async Capable":false,"Relation Name":"nation","Schema":"public","Alias":"nation","Startup Cost":0.0,"Total Cost":1.62,"Plan Rows":62,"Plan Width":16,"Actual Startup Time":0.005,"Actual Total Time":0.008,"Actual Rows":62,"Actual Loops":1,"Output":["nation.n_nationkey","nation.n_name","nation.n_regionkey","nation.n_comment"],"Shared Hit Blocks":1,"Shared Read Blocks":0,"Shared Dirtied Blocks":0,"Shared Written Blocks":0,"Local Hit Blocks":0,"Local Read Blocks":0,"Local Dirtied Blocks":0,"Local Written Blocks":0,"Temp Read Blocks":0,"Temp Written Blocks":0,"I/O Read Time":0.0,"I/O Write Time":0.0,"Temp I/O Read Time":0.0,"Temp I/O Write Time":0.0},{"Node Type":"Hash","Parent Relationship":"Inner","Parallel Aware":false,"Async Capable":false,"Startup Cost":1.06,"Total Cost":1.06,"Plan Rows":1,"Plan Width":4,"Actual Startup Time":0.008,"Actual Total Time":0.01,"Actual Rows":1,"Actual Loops":1,"Output":["region.r_regionkey"],"Hash Buckets":1024,"Original Hash Buckets":1024,"Hash Batches":1,"Original Hash Batches":1,"Peak Memory Usage":9,"Shared Hit Blocks":1,"Shared Read Blocks":0,"Shared Dirtied Blocks":0,"Shared Written Blocks":0,"Local Hit Blocks":0,"Local Read Blocks":0,"Local Dirtied Blocks":0,"Local Written Blocks":0,"Temp Read Blocks":0,"Temp Written Blocks":0,"I/O Read Time":0.0,"I/O Write Time":0.0,"Temp I/O Read Time":0.0,"Temp I/O Write Time":0.0,"Plans":[{"Node Type":"Seq Scan","Parent Relationship":"Outer","Parallel Aware":false,"Async Capable":false,"Relation Name":"region","Schema":"public","Alias":"region","Startup Cost":0.0,"Total Cost":1.06,"Plan Rows":1,"Plan Width":4,"Actual Startup Time":0.006,"Actual Total Time":0.007,"Actual Rows":1,"Actual Loops":1,"Output":["region.r_regionkey"],"Filter":"((region.r_name)::text = 'Europe'::text)","Rows Removed by Filter":4,"Shared Hit Blocks":1,"Shared Read Blocks":0,"Shared Dirtied Blocks":0,"Shared Written Blocks":0,"Local Hit Blocks":0,"Local Read Blocks":0,"Local Dirtied Blocks":0,"Local Written Blocks":0,"Temp Read Blocks":0,"Temp Written Blocks":0,"I/O Read Time":0.0,"I/O Write Time":0.0,"Temp I/O Read Time":0.0,"Temp I/O Write Time":0.0}]}]}]}]}]},{"Node Type":"Index Only Scan","Parent Relationship":"Inner","Parallel Aware":false,"Async Capable":false,"Scan Direction":"Forward","Index Name":"stock_pk","Relation Name":"stock","Schema":"public","Alias":"stock","Startup Cost":0.44,"Total Cost":519363.62,"Plan Rows":20000212,"Plan Width":6,"Actual Startup Time":0.052,"Actual Total Time":1405.803,"Actual Rows":19999994,"Actual Loops":1,"Output":["stock.s_w_id","stock.s_i_id"],"Heap Fetches":0,"Shared Hit Blocks":54673,"Shared Read Blocks":0,"Shared Dirtied Blocks":0,"Shared Written Blocks":0,"Local Hit Blocks":0,"Local Read Blocks":0,"Local Dirtied Blocks":0,"Local Written Blocks":0,"Temp Read Blocks":0,"Temp Written Blocks":0,"I/O Read Time":0.0,"I/O Write Time":0.0,"Temp I/O Read Time":0.0,"Temp I/O Write Time":0.0}]},{"Node Type":"Hash","Parent Relationship":"Inner","Parallel Aware":false,"Async Capable":false,"Startup Cost":317.0,"Total Cost":317.0,"Plan Rows":10000,"Plan Width":8,"Actual Startup Time":2.6,"Actual Total Time":2.6,"Actual Rows":10000,"Actual Loops":1,"Output":["supplier.su_suppkey","supplier.su_nationkey"],"Hash Buckets":16384,"Original Hash Buckets":16384,"Hash Batches":1,"Original Hash Batches":1,"Peak Memory Usage":519,"Shared Hit Blocks":217,"Shared Read Blocks":0,"Shared Dirtied Blocks":0,"Shared Written Blocks":0,"Local Hit Blocks":0,"Local Read Blocks":0,"Local Dirtied Blocks":0,"Local Written Blocks":0,"Temp Read Blocks":0,"Temp Written Blocks":0,"I/O Read Time":0.0,"I/O Write Time":0.0,"Temp I/O Read Time":0.0,"Temp I/O Write Time":0.0,"Plans":[{"Node Type":"Seq Scan","Parent Relationship":"Outer","Parallel Aware":false,"Async Capable":false,"Relation Name":"supplier","Schema":"public","Alias":"supplier","Startup Cost":0.0,"Total Cost":317.0,"Plan Rows":10000,"Plan Width":8,"Actual Startup Time":0.012,"Actual Total Time":1.314,"Actual Rows":10000,"Actual Loops":1,"Output":["supplier.su_suppkey","supplier.su_nationkey"],"Shared Hit Blocks":217,"Shared Read Blocks":0,"Shared Dirtied Blocks":0,"Shared Written Blocks":0,"Local Hit Blocks":0,"Local Read Blocks":0,"Local Dirtied Blocks":0,"Local Written Blocks":0,"Temp Read Blocks":0,"Temp Written Blocks":0,"I/O Read Time":0.0,"I/O Write Time":0.0,"Temp I/O Read Time":0.0,"Temp I/O Write Time":0.0}]}]}]}]}]},"Planning":{"Shared Hit Blocks":220,"Shared Read Blocks":0,"Shared Dirtied Blocks":0,"Shared Written Blocks":0,"Local Hit Blocks":0,"Local Read Blocks":0,"Local Dirtied Blocks":0,"Local Written Blocks":0,"Temp Read Blocks":0,"Temp Written Blocks":0,"I/O Read Time":0.0,"I/O Write Time":0.0,"Temp I/O Read Time":0.0,"Temp I/O Write Time":0.0},"Planning Time":5.895,"Triggers":[],"Execution Time":34801.127}]
[列存组合]: customer, nation, orders, region, supplier
[{"Plan":{"Node Type":"Sort","Parallel Aware":false,"Async Capable":false,"Startup Cost":4073452.12,"Total Cost":4073452.27,"Plan Rows":62,"Plan Width":40,"Actual Startup Time":34010.252,"Actual Total Time":34010.287,"Actual Rows":11,"Actual Loops":1,"Output":["nation.n_name","(sum(order_line.ol_amount))"],"Sort Key":["(sum(order_line.ol_amount)) DESC"],"Sort Method":"quicksort","Sort Space Used":25,"Sort Space Type":"Memory","Shared Hit Blocks":736423,"Shared Read Blocks":0,"Shared Dirtied Blocks":0,"Shared Written Blocks":0,"Local Hit Blocks":0,"Local Read Blocks":0,"Local Dirtied Blocks":0,"Local Written Blocks":0,"Temp Read Blocks":288611,"Temp Written Blocks":288665,"I/O Read Time":0.0,"I/O Write Time":0.0,"Temp I/O Read Time":444.946,"Temp I/O Write Time":1168.712,"Plans":[{"Node Type":"Aggregate","Strategy":"Sorted","Partial Mode":"Simple","Parent Relationship":"Outer","Parallel Aware":false,"Async Capable":false,"Startup Cost":4073298.48,"Total Cost":4073450.27,"Plan Rows":62,"Plan Width":40,"Actual Startup Time":34004.29,"Actual Total Time":34010.27,"Actual Rows":11,"Actual Loops":1,"Output":["nation.n_name","sum(order_line.ol_amount)"],"Group Key":["nation.n_name"],"Shared Hit Blocks":736423,"Shared Read Blocks":0,"Shared Dirtied Blocks":0,"Shared Written Blocks":0,"Local Hit Blocks":0,"Local Read Blocks":0,"Local Dirtied Blocks":0,"Local Written Blocks":0,"Temp Read Blocks":288611,"Temp Written Blocks":288665,"I/O Read Time":0.0,"I/O Write Time":0.0,"Temp I/O Read Time":444.946,"Temp I/O Write Time":1168.712,"Plans":[{"Node Type":"Sort","Parent Relationship":"Outer","Parallel Aware":false,"Async Capable":false,"Startup Cost":4073298.48,"Total Cost":4073348.82,"Plan Rows":20136,"Plan Width":12,"Actual Startup Time":34003.849,"Actual Total Time":34005.658,"Actual Rows":35044,"Actual Loops":1,"Output":["nation.n_name","order_line.ol_amount"],"Sort Key":["nation.n_name"],"Sort Method":"quicksort","Sort Space Used":3146,"Sort Space Type":"Memory","Shared Hit Blocks":736423,"Shared Read Blocks":0,"Shared Dirtied Blocks":0,"Shared Written Blocks":0,"Local Hit Blocks":0,"Local Read Blocks":0,"Local Dirtied Blocks":0,"Local Written Blocks":0,"Temp Read Blocks":288611,"Temp Written Blocks":288665,"I/O Read Time":0.0,"I/O Write Time":0.0,"Temp I/O Read Time":444.946,"Temp I/O Write Time":1168.712,"Plans":[{"Node Type":"Hash Join","Parent Relationship":"Outer","Parallel Aware":false,"Async Capable":false,"Join Type":"Inner","Startup Cost":3423991.03,"Total Cost":4071859.01,"Plan Rows":20136,"Plan Width":12,"Actual Startup Time":30084.907,"Actual Total Time":33984.718,"Actual Rows":35044,"Actual Loops":1,"Output":["nation.n_name","order_line.ol_amount"],"Inner Unique":true,"Hash Cond":"((mod((stock.s_w_id * stock.s_i_id), 10000) = supplier.su_suppkey) AND (customer.c_nationkey = supplier.su_nationkey))","Shared Hit Blocks":736423,"Shared Read Blocks":0,"Shared Dirtied Blocks":0,"Shared Written Blocks":0,"Local Hit Blocks":0,"Local Read Blocks":0,"Local Dirtied Blocks":0,"Local Written Blocks":0,"Temp Read Blocks":288611,"Temp Written Blocks":288665,"I/O Read Time":0.0,"I/O Write Time":0.0,"Temp I/O Read Time":444.946,"Temp I/O Write Time":1168.712,"Plans":[{"Node Type":"Merge Join","Parent Relationship":"Outer","Parallel Aware":false,"Async Capable":false,"Join Type":"Inner","Startup Cost":3423622.0,"Total Cost":4064655.01,"Plan Rows":1242717,"Plan Width":26,"Actual Startup Time":30081.398,"Actual Total Time":33700.789,"Actual Rows":2218175,"Actual Loops":1,"Output":["customer.c_nationkey","order_line.ol_amount","stock.s_w_id","stock.s_i_id","nation.n_name","nation.n_nationkey"],"Inner Unique":true,"Merge Cond":"((customer.c_w_id = stock.s_w_id) AND (order_line.ol_i_id = stock.s_i_id))","Shared Hit Blocks":736423,"Shared Read Blocks":0,"Shared Dirtied Blocks":0,"Shared Written Blocks":0,"Local Hit Blocks":0,"Local Read Blocks":0,"Local Dirtied Blocks":0,"Local Written Blocks":0,"Temp Read Blocks":288611,"Temp Written Blocks":288665,"I/O Read Time":0.0,"I/O Write Time":0.0,"Temp I/O Read Time":444.946,"Temp I/O Write Time":1168.712,"Plans":[{"Node Type":"Sort","Parent Relationship":"Outer","Parallel Aware":false,"Async Capable":false,"Startup Cost":3423621.57,"Total Cost":3426702.1,"Plan Rows":1232214,"Plan Width":30,"Actual Startup Time":30081.34,"Actual Total Time":30677.817,"Actual Rows":2218175,"Actual Loops":1,"Output":["customer.c_w_id","customer.c_nationkey","orders.o_w_id","order_line.ol_amount","order_line.ol_w_id","order_line.ol_i_id","nation.n_name","nation.n_nationkey"],"Sort Key":["customer.c_w_id","order_line.ol_i_id"],"Sort Method":"external merge","Sort Space Used":94520,"Sort Space Type":"Disk","Shared Hit Blocks":681750,"Shared Read Blocks":0,"Shared Dirtied Blocks":0,"Shared Written Blocks":0,"Local Hit Blocks":0,"Local Read Blocks":0,"Local Dirtied Blocks":0,"Local Written Blocks":0,"Temp Read Blocks":288611,"Temp Written Blocks":288665,"I/O Read Time":0.0,"I/O Write Time":0.0,"Temp I/O Read Time":444.946,"Temp I/O Write Time":1168.712,"Plans":[{"Node Type":"Hash Join","Parent Relationship":"Outer","Parallel Aware":false,"Async Capable":false,"Join Type":"Inner","Startup Cost":795272.92,"Total Cost":3239997.74,"Plan Rows":1232214,"Plan Width":30,"Actual Startup Time":2717.851,"Actual Total Time":27446.358,"Actual Rows":2218175,"Actual Loops":1,"Output":["customer.c_w_id","customer.c_nationkey","orders.o_w_id","order_line.ol_amount","order_line.ol_w_id","order_line.ol_i_id","nation.n_name","nation.n_nationkey"],"Inner Unique":false,"Hash Cond":"(customer.c_nationkey = nation.n_nationkey)","Shared Hit Blocks":681750,"Shared Read Blocks":0,"Shared Dirtied Blocks":0,"Shared Written Blocks":0,"Local Hit Blocks":0,"Local Read Blocks":0,"Local Dirtied Blocks":0,"Local Written Blocks":0,"Temp Read Blocks":264991,"Temp Written Blocks":264991,"I/O Read Time":0.0,"I/O Write Time":0.0,"Temp I/O Read Time":408.733,"Temp I/O Write Time":1106.159,"Plans":[{"Node Type":"Hash Join","Parent Relationship":"Outer","Parallel Aware":false,"Async Capable":false,"Join Type":"Inner","Startup Cost":795269.78,"Total Cost":3204965.93,"Plan Rows":6161071,"Plan Width":18,"Actual Startup Time":2710.074,"Actual Total Time":26613.016,"Actual Rows":8568663,"Actual Loops":1,"Output":["customer.c_w_id","customer.c_nationkey","orders.o_w_id","order_line.ol_amount","order_line.ol_w_id","order_line.ol_i_id"],"Inner Unique":true,"Hash Cond":"((orders.o_c_id = customer.c_id) AND (orders.o_w_id = customer.c_w_id) AND (orders.o_d_id = customer.c_d_id))","Shared Hit Blocks":681748,"Shared Read Blocks":0,"Shared Dirtied Blocks":0,"Shared Written Blocks":0,"Local Hit Blocks":0,"Local Read Blocks":0,"Local Dirtied Blocks":0,"Local Written Blocks":0,"Temp Read Blocks":264991,"Temp Written Blocks":264991,"I/O Read Time":0.0,"I/O Write Time":0.0,"Temp I/O Read Time":408.733,"Temp I/O Write Time":1106.159,"Plans":[{"Node Type":"Hash Join","Parent Relationship":"Outer","Parallel Aware":false,"Async Capable":false,"Join Type":"Inner","Startup Cost":151173.84,"Total Cost":2410851.54,"Plan Rows":6161071,"Plan Width":20,"Actual Startup Time":384.474,"Actual Total Time":19976.645,"Actual Rows":8568663,"Actual Loops":1,"Output":["orders.o_c_id","orders.o_w_id","orders.o_d_id","order_line.ol_amount","order_line.ol_w_id","order_line.ol_d_id","order_line.ol_i_id"],"Inner Unique":true,"Hash Cond":"((order_line.ol_w_id = orders.o_w_id) AND (order_line.ol_d_id = orders.o_d_id) AND (order_line.ol_o_id = orders.o_id))","Shared Hit Blocks":681748,"Shared Read Blocks":0,"Shared Dirtied Blocks":0,"Shared Written Blocks":0,"Local Hit Blocks":0,"Local Read Blocks":0,"Local Dirtied Blocks":0,"Local Written Blocks":0,"Temp Read Blocks":200672,"Temp Written Blocks":200672,"I/O Read Time":0.0,"I/O Write Time":0.0,"Temp I/O Read Time":308.249,"Temp I/O Write Time":807.884,"Plans":[{"Node Type":"Seq Scan","Parent Relationship":"Outer","Parallel Aware":false,"Async Capable":false,"Relation Name":"order_line","Schema":"public","Alias":"order_line","Startup Cost":0.0,"Total Cost":1431670.8,"Plan Rows":42039468,"Plan Width":20,"Actual Startup Time":0.006,"Actual Total Time":7296.696,"Actual Rows":42000489,"Actual Loops":1,"Output":["order_line.ol_amount","order_line.ol_o_id","order_line.ol_w_id","order_line.ol_d_id","order_line.ol_i_id"],"Filter":"(order_line.ol_delivery_d >= '1992-01-02 20:10:02.27764'::timestamp without time zone)","Rows Removed by Filter":17993272,"Shared Hit Blocks":681748,"Shared Read Blocks":0,"Shared Dirtied Blocks":0,"Shared Written Blocks":0,"Local Hit Blocks":0,"Local Read Blocks":0,"Local Dirtied Blocks":0,"Local Written Blocks":0,"Temp Read Blocks":0,"Temp Written Blocks":0,"I/O Read Time":0.0,"I/O Write Time":0.0,"Temp I/O Read Time":0.0,"Temp I/O Write Time":0.0},{"Node Type":"Hash","Parent Relationship":"Inner","Parallel Aware":false,"Async Capable":false,"Startup Cost":131491.69,"Total Cost":131491.69,"Plan Rows":879323,"Plan Width":16,"Actual Startup Time":349.911,"Actual Total Time":349.92,"Actual Rows":856801,"Actual Loops":1,"Output":["orders.o_c_id","orders.o_w_id","orders.o_d_id","orders.o_id"],"Hash Buckets":262144,"Original Hash Buckets":262144,"Hash Batches":8,"Original Hash Batches":8,"Peak Memory Usage":7070,"Shared Hit Blocks":0,"Shared Read Blocks":0,"Shared Dirtied Blocks":0,"Shared Written Blocks":0,"Local Hit Blocks":0,"Local Read Blocks":0,"Local Dirtied Blocks":0,"Local Written Blocks":0,"Temp Read Blocks":0,"Temp Written Blocks":3290,"I/O Read Time":0.0,"I/O Write Time":0.0,"Temp I/O Read Time":0.0,"Temp I/O Write Time":13.897,"Plans":[{"Node Type":"Append","Parent Relationship":"Outer","Parallel Aware":false,"Async Capable":false,"Startup Cost":20.0,"Total Cost":131491.69,"Plan Rows":879323,"Plan Width":16,"Actual Startup Time":0.516,"Actual Total Time":200.268,"Actual Rows":856801,"Actual Loops":1,"Shared Hit Blocks":0,"Shared Read Blocks":0,"Shared Dirtied Blocks":0,"Shared Written Blocks":0,"Local Hit Blocks":0,"Local Read Blocks":0,"Local Dirtied Blocks":0,"Local Written Blocks":0,"Temp Read Blocks":0,"Temp Written Blocks":0,"I/O Read Time":0.0,"I/O Write Time":0.0,"Temp I/O Read Time":0.0,"Temp I/O Write Time":0.0,"Subplans Removed":0,"Plans":[{"Node Type":"Custom Scan","Parent Relationship":"Member","Custom Plan Provider":"columnar scan","Parallel Aware":false,"Async Capable":false,"Relation Name":"orders","Schema":"public","Alias":"orders","Startup Cost":20.0,"Total Cost":20684.21,"Plan Rows":879322,"Plan Width":16,"Actual Startup Time":0.515,"Actual Total Time":140.307,"Actual Rows":856801,"Actual Loops":1,"Output":["orders.o_c_id","orders.o_w_id","orders.o_d_id","orders.o_id"],"Filter":"((orders.o_entry_d < '1994-01-02 20:10:02.27764'::timestamp without time zone) AND (orders.o_entry_d >= '1993-01-02 20:10:02.27764'::timestamp without time zone))","Rows Removed by Filter":0,"Rows Removed by Columnar Filter":5143199,"Columnar cache search mode":"native","Shared Hit Blocks":0,"Shared Read Blocks":0,"Shared Dirtied Blocks":0,"Shared Written Blocks":0,"Local Hit Blocks":0,"Local Read Blocks":0,"Local Dirtied Blocks":0,"Local Written Blocks":0,"Temp Read Blocks":0,"Temp Written Blocks":0,"I/O Read Time":0.0,"I/O Write Time":0.0,"Temp I/O Read Time":0.0,"Temp I/O Write Time":0.0},{"Node Type":"Seq Scan","Parent Relationship":"Member","Parallel Aware":false,"Async Capable":false,"Relation Name":"orders","Schema":"public","Alias":"orders","Startup Cost":0.0,"Total Cost":4.01,"Plan Rows":1,"Plan Width":16,"Actual Startup Time":0.0,"Actual Total Time":0.0,"Actual Rows":0,"Actual Loops":0,"Output":["orders.o_c_id","orders.o_w_id","orders.o_d_id","orders.o_id"],"Filter":"((orders.o_entry_d < '1994-01-02 20:10:02.27764'::timestamp without time zone) AND (orders.o_entry_d >= '1993-01-02 20:10:02.27764'::timestamp without time zone))","Rows Removed by Filter":0,"Shared Hit Blocks":0,"Shared Read Blocks":0,"Shared Dirtied Blocks":0,"Shared Written Blocks":0,"Local Hit Blocks":0,"Local Read Blocks":0,"Local Dirtied Blocks":0,"Local Written Blocks":0,"Temp Read Blocks":0,"Temp Written Blocks":0,"I/O Read Time":0.0,"I/O Write Time":0.0,"Temp I/O Read Time":0.0,"Temp I/O Write Time":0.0}]}]}]},{"Node Type":"Hash","Parent Relationship":"Inner","Parallel Aware":false,"Async Capable":false,"Startup Cost":509795.49,"Total Cost":509795.49,"Plan Rows":6000140,"Plan Width":12,"Actual Startup Time":2318.557,"Actual Total Time":2318.563,"Actual Rows":6000000,"Actual Loops":1,"Output":["customer.c_id","customer.c_w_id","customer.c_d_id","customer.c_nationkey"],"Hash Buckets":262144,"Original Hash Buckets":262144,"Hash Batches":64,"Original Hash Batches":64,"Peak Memory Usage":6073,"Shared Hit Blocks":0,"Shared Read Blocks":0,"Shared Dirtied Blocks":0,"Shared Written Blocks":0,"Local Hit Blocks":0,"Local Read Blocks":0,"Local Dirtied Blocks":0,"Local Written Blocks":0,"Temp Read Blocks":0,"Temp Written Blocks":23037,"I/O Read Time":0.0,"I/O Write Time":0.0,"Temp I/O Read Time":0.0,"Temp I/O Write Time":101.431,"Plans":[{"Node Type":"Append","Parent Relationship":"Outer","Parallel Aware":false,"Async Capable":false,"Startup Cost":20.0,"Total Cost":509795.49,"Plan Rows":6000140,"Plan Width":12,"Actual Startup Time":0.021,"Actual Total Time":1312.645,"Actual Rows":6000000,"Actual Loops":1,"Shared Hit Blocks":0,"Shared Read Blocks":0,"Shared Dirtied Blocks":0,"Shared Written Blocks":0,"Local Hit Blocks":0,"Local Read Blocks":0,"Local Dirtied Blocks":0,"Local Written Blocks":0,"Temp Read Blocks":0,"Temp Written Blocks":0,"I/O Read Time":0.0,"I/O Write Time":0.0,"Temp I/O Read Time":0.0,"Temp I/O Write Time":0.0,"Subplans Removed":0,"Plans":[{"Node Type":"Custom Scan","Parent Relationship":"Member","Custom Plan Provider":"columnar scan","Parallel Aware":false,"Async Capable":false,"Relation Name":"customer","Schema":"public","Alias":"customer","Startup Cost":20.0,"Total Cost":141020.06,"Plan Rows":6000000,"Plan Width":12,"Actual Startup Time":0.021,"Actual Total Time":898.791,"Actual Rows":6000000,"Actual Loops":1,"Output":["customer.c_id","customer.c_w_id","customer.c_d_id","customer.c_nationkey"],"Rows Removed by Columnar Filter":0,"Columnar cache search mode":"native","Shared Hit Blocks":0,"Shared Read Blocks":0,"Shared Dirtied Blocks":0,"Shared Written Blocks":0,"Local Hit Blocks":0,"Local Read Blocks":0,"Local Dirtied Blocks":0,"Local Written Blocks":0,"Temp Read Blocks":0,"Temp Written Blocks":0,"I/O Read Time":0.0,"I/O Write Time":0.0,"Temp I/O Read Time":0.0,"Temp I/O Write Time":0.0},{"Node Type":"Seq Scan","Parent Relationship":"Member","Parallel Aware":false,"Async Capable":false,"Relation Name":"customer","Schema":"public","Alias":"customer","Startup Cost":0.0,"Total Cost":5.4,"Plan Rows":140,"Plan Width":12,"Actual Startup Time":0.0,"Actual Total Time":0.0,"Actual Rows":0,"Actual Loops":0,"Output":["customer.c_id","customer.c_w_id","customer.c_d_id","customer.c_nationkey"],"Shared Hit Blocks":0,"Shared Read Blocks":0,"Shared Dirtied Blocks":0,"Shared Written Blocks":0,"Local Hit Blocks":0,"Local Read Blocks":0,"Local Dirtied Blocks":0,"Local Written Blocks":0,"Temp Read Blocks":0,"Temp Written Blocks":0,"I/O Read Time":0.0,"I/O Write Time":0.0,"Temp I/O Read Time":0.0,"Temp I/O Write Time":0.0}]}]}]},{"Node Type":"Hash","Parent Relationship":"Inner","Parallel Aware":false,"Async Capable":false,"Startup Cost":2.99,"Total Cost":2.99,"Plan Rows":12,"Plan Width":12,"Actual Startup Time":0.044,"Actual Total Time":0.051,"Actual Rows":22,"Actual Loops":1,"Output":["nation.n_name","nation.n_nationkey"],"Hash Buckets":1024,"Original Hash Buckets":1024,"Hash Batches":1,"Original Hash Batches":1,"Peak Memory Usage":9,"Shared Hit Blocks":2,"Shared Read Blocks":0,"Shared Dirtied Blocks":0,"Shared Written Blocks":0,"Local Hit Blocks":0,"Local Read Blocks":0,"Local Dirtied Blocks":0,"Local Written Blocks":0,"Temp Read Blocks":0,"Temp Written Blocks":0,"I/O Read Time":0.0,"I/O Write Time":0.0,"Temp I/O Read Time":0.0,"Temp I/O Write Time":0.0,"Plans":[{"Node Type":"Hash Join","Parent Relationship":"Outer","Parallel Aware":false,"Async Capable":false,"Join Type":"Inner","Startup Cost":1.07,"Total Cost":2.99,"Plan Rows":12,"Plan Width":12,"Actual Startup Time":0.027,"Actual Total Time":0.045,"Actual Rows":22,"Actual Loops":1,"Output":["nation.n_name","nation.n_nationkey"],"Inner Unique":true,"Hash Cond":"(nation.n_regionkey = region.r_regionkey)","Shared Hit Blocks":2,"Shared Read Blocks":0,"Shared Dirtied Blocks":0,"Shared Written Blocks":0,"Local Hit Blocks":0,"Local Read Blocks":0,"Local Dirtied Blocks":0,"Local Written Blocks":0,"Temp Read Blocks":0,"Temp Written Blocks":0,"I/O Read Time":0.0,"I/O Write Time":0.0,"Temp I/O Read Time":0.0,"Temp I/O Write Time":0.0,"Plans":[{"Node Type":"Seq Scan","Parent Relationship":"Outer","Parallel Aware":false,"Async Capable":false,"Relation Name":"nation","Schema":"public","Alias":"nation","Startup Cost":0.0,"Total Cost":1.62,"Plan Rows":62,"Plan Width":16,"Actual Startup Time":0.008,"Actual Total Time":0.012,"Actual Rows":62,"Actual Loops":1,"Output":["nation.n_nationkey","nation.n_name","nation.n_regionkey","nation.n_comment"],"Shared Hit Blocks":1,"Shared Read Blocks":0,"Shared Dirtied Blocks":0,"Shared Written Blocks":0,"Local Hit Blocks":0,"Local Read Blocks":0,"Local Dirtied Blocks":0,"Local Written Blocks":0,"Temp Read Blocks":0,"Temp Written Blocks":0,"I/O Read Time":0.0,"I/O Write Time":0.0,"Temp I/O Read Time":0.0,"Temp I/O Write Time":0.0},{"Node Type":"Hash","Parent Relationship":"Inner","Parallel Aware":false,"Async Capable":false,"Startup Cost":1.06,"Total Cost":1.06,"Plan Rows":1,"Plan Width":4,"Actual Startup Time":0.009,"Actual Total Time":0.01,"Actual Rows":1,"Actual Loops":1,"Output":["region.r_regionkey"],"Hash Buckets":1024,"Original Hash Buckets":1024,"Hash Batches":1,"Original Hash Batches":1,"Peak Memory Usage":9,"Shared Hit Blocks":1,"Shared Read Blocks":0,"Shared Dirtied Blocks":0,"Shared Written Blocks":0,"Local Hit Blocks":0,"Local Read Blocks":0,"Local Dirtied Blocks":0,"Local Written Blocks":0,"Temp Read Blocks":0,"Temp Written Blocks":0,"I/O Read Time":0.0,"I/O Write Time":0.0,"Temp I/O Read Time":0.0,"Temp I/O Write Time":0.0,"Plans":[{"Node Type":"Seq Scan","Parent Relationship":"Outer","Parallel Aware":false,"Async Capable":false,"Relation Name":"region","Schema":"public","Alias":"region","Startup Cost":0.0,"Total Cost":1.06,"Plan Rows":1,"Plan Width":4,"Actual Startup Time":0.007,"Actual Total Time":0.008,"Actual Rows":1,"Actual Loops":1,"Output":["region.r_regionkey"],"Filter":"((region.r_name)::text = 'Europe'::text)","Rows Removed by Filter":4,"Shared Hit Blocks":1,"Shared Read Blocks":0,"Shared Dirtied Blocks":0,"Shared Written Blocks":0,"Local Hit Blocks":0,"Local Read Blocks":0,"Local Dirtied Blocks":0,"Local Written Blocks":0,"Temp Read Blocks":0,"Temp Written Blocks":0,"I/O Read Time":0.0,"I/O Write Time":0.0,"Temp I/O Read Time":0.0,"Temp I/O Write Time":0.0}]}]}]}]}]},{"Node Type":"Index Only Scan","Parent Relationship":"Inner","Parallel Aware":false,"Async Capable":false,"Scan Direction":"Forward","Index Name":"stock_pk","Relation Name":"stock","Schema":"public","Alias":"stock","Startup Cost":0.44,"Total Cost":519363.62,"Plan Rows":20000212,"Plan Width":6,"Actual Startup Time":0.043,"Actual Total Time":1400.829,"Actual Rows":19999994,"Actual Loops":1,"Output":["stock.s_w_id","stock.s_i_id"],"Heap Fetches":0,"Shared Hit Blocks":54673,"Shared Read Blocks":0,"Shared Dirtied Blocks":0,"Shared Written Blocks":0,"Local Hit Blocks":0,"Local Read Blocks":0,"Local Dirtied Blocks":0,"Local Written Blocks":0,"Temp Read Blocks":0,"Temp Written Blocks":0,"I/O Read Time":0.0,"I/O Write Time":0.0,"Temp I/O Read Time":0.0,"Temp I/O Write Time":0.0}]},{"Node Type":"Hash","Parent Relationship":"Inner","Parallel Aware":false,"Async Capable":false,"Startup Cost":219.01,"Total Cost":219.01,"Plan Rows":10001,"Plan Width":8,"Actual Startup Time":3.075,"Actual Total Time":3.077,"Actual Rows":10000,"Actual Loops":1,"Output":["supplier.su_suppkey","supplier.su_nationkey"],"Hash Buckets":16384,"Original Hash Buckets":16384,"Hash Batches":1,"Original Hash Batches":1,"Peak Memory Usage":519,"Shared Hit Blocks":0,"Shared Read Blocks":0,"Shared Dirtied Blocks":0,"Shared Written Blocks":0,"Local Hit Blocks":0,"Local Read Blocks":0,"Local Dirtied Blocks":0,"Local Written Blocks":0,"Temp Read Blocks":0,"Temp Written Blocks":0,"I/O Read Time":0.0,"I/O Write Time":0.0,"Temp I/O Read Time":0.0,"Temp I/O Write Time":0.0,"Plans":[{"Node Type":"Append","Parent Relationship":"Outer","Parallel Aware":false,"Async Capable":false,"Startup Cost":20.0,"Total Cost":219.01,"Plan Rows":10001,"Plan Width":8,"Actual Startup Time":0.014,"Actual Total Time":1.781,"Actual Rows":10000,"Actual Loops":1,"Shared Hit Blocks":0,"Shared Read Blocks":0,"Shared Dirtied Blocks":0,"Shared Written Blocks":0,"Local Hit Blocks":0,"Local Read Blocks":0,"Local Dirtied Blocks":0,"Local Written Blocks":0,"Temp Read Blocks":0,"Temp Written Blocks":0,"I/O Read Time":0.0,"I/O Write Time":0.0,"Temp I/O Read Time":0.0,"Temp I/O Write Time":0.0,"Subplans Removed":0,"Plans":[{"Node Type":"Custom Scan","Parent Relationship":"Member","Custom Plan Provider":"columnar scan","Parallel Aware":false,"Async Capable":false,"Relation Name":"supplier","Schema":"public","Alias":"supplier","Startup Cost":20.0,"Total Cost":215.0,"Plan Rows":10000,"Plan Width":8,"Actual Startup Time":0.013,"Actual Total Time":1.07,"Actual Rows":10000,"Actual Loops":1,"Output":["supplier.su_suppkey","supplier.su_nationkey"],"Rows Removed by Columnar Filter":0,"Columnar cache search mode":"native","Shared Hit Blocks":0,"Shared Read Blocks":0,"Shared Dirtied Blocks":0,"Shared Written Blocks":0,"Local Hit Blocks":0,"Local Read Blocks":0,"Local Dirtied Blocks":0,"Local Written Blocks":0,"Temp Read Blocks":0,"Temp Written Blocks":0,"I/O Read Time":0.0,"I/O Write Time":0.0,"Temp I/O Read Time":0.0,"Temp I/O Write Time":0.0},{"Node Type":"Seq Scan","Parent Relationship":"Member","Parallel Aware":false,"Async Capable":false,"Relation Name":"supplier","Schema":"public","Alias":"supplier","Startup Cost":0.0,"Total Cost":4.01,"Plan Rows":1,"Plan Width":8,"Actual Startup Time":0.0,"Actual Total Time":0.0,"Actual Rows":0,"Actual Loops":0,"Output":["supplier.su_suppkey","supplier.su_nationkey"],"Shared Hit Blocks":0,"Shared Read Blocks":0,"Shared Dirtied Blocks":0,"Shared Written Blocks":0,"Local Hit Blocks":0,"Local Read Blocks":0,"Local Dirtied Blocks":0,"Local Written Blocks":0,"Temp Read Blocks":0,"Temp Written Blocks":0,"I/O Read Time":0.0,"I/O Write Time":0.0,"Temp I/O Read Time":0.0,"Temp I/O Write Time":0.0}]}]}]}]}]}]},"Planning":{"Shared Hit Blocks":220,"Shared Read Blocks":0,"Shared Dirtied Blocks":0,"Shared Written Blocks":0,"Local Hit Blocks":0,"Local Read Blocks":0,"Local Dirtied Blocks":0,"Local Written Blocks":0,"Temp Read Blocks":0,"Temp Written Blocks":0,"I/O Read Time":0.0,"I/O Write Time":0.0,"Temp I/O Read Time":0.0,"Temp I/O Write Time":0.0},"Planning Time":5.368,"Triggers":[],"Execution Time":34025.002}]
[列存组合]: customer, nation, orders, stock, supplier
[{"Plan":{"Node Type":"Sort","Parallel Aware":false,"Async Capable":false,"Startup Cost":4073452.12,"Total Cost":4073452.27,"Plan Rows":62,"Plan Width":40,"Actual Startup Time":34162.442,"Actual Total Time":34162.477,"Actual Rows":11,"Actual Loops":1,"Output":["nation.n_name","(sum(order_line.ol_amount))"],"Sort Key":["(sum(order_line.ol_amount)) DESC"],"Sort Method":"quicksort","Sort Space Used":25,"Sort Space Type":"Memory","Shared Hit Blocks":736423,"Shared Read Blocks":0,"Shared Dirtied Blocks":0,"Shared Written Blocks":0,"Local Hit Blocks":0,"Local Read Blocks":0,"Local Dirtied Blocks":0,"Local Written Blocks":0,"Temp Read Blocks":288611,"Temp Written Blocks":288665,"I/O Read Time":0.0,"I/O Write Time":0.0,"Temp I/O Read Time":447.775,"Temp I/O Write Time":1165.944,"Plans":[{"Node Type":"Aggregate","Strategy":"Sorted","Partial Mode":"Simple","Parent Relationship":"Outer","Parallel Aware":false,"Async Capable":false,"Startup Cost":4073298.48,"Total Cost":4073450.27,"Plan Rows":62,"Plan Width":40,"Actual Startup Time":34156.515,"Actual Total Time":34162.458,"Actual Rows":11,"Actual Loops":1,"Output":["nation.n_name","sum(order_line.ol_amount)"],"Group Key":["nation.n_name"],"Shared Hit Blocks":736423,"Shared Read Blocks":0,"Shared Dirtied Blocks":0,"Shared Written Blocks":0,"Local Hit Blocks":0,"Local Read Blocks":0,"Local Dirtied Blocks":0,"Local Written Blocks":0,"Temp Read Blocks":288611,"Temp Written Blocks":288665,"I/O Read Time":0.0,"I/O Write Time":0.0,"Temp I/O Read Time":447.775,"Temp I/O Write Time":1165.944,"Plans":[{"Node Type":"Sort","Parent Relationship":"Outer","Parallel Aware":false,"Async Capable":false,"Startup Cost":4073298.48,"Total Cost":4073348.82,"Plan Rows":20136,"Plan Width":12,"Actual Startup Time":34156.081,"Actual Total Time":34157.902,"Actual Rows":35044,"Actual Loops":1,"Output":["nation.n_name","order_line.ol_amount"],"Sort Key":["nation.n_name"],"Sort Method":"quicksort","Sort Space Used":3146,"Sort Space Type":"Memory","Shared Hit Blocks":736423,"Shared Read Blocks":0,"Shared Dirtied Blocks":0,"Shared Written Blocks":0,"Local Hit Blocks":0,"Local Read Blocks":0,"Local Dirtied Blocks":0,"Local Written Blocks":0,"Temp Read Blocks":288611,"Temp Written Blocks":288665,"I/O Read Time":0.0,"I/O Write Time":0.0,"Temp I/O Read Time":447.775,"Temp I/O Write Time":1165.944,"Plans":[{"Node Type":"Hash Join","Parent Relationship":"Outer","Parallel Aware":false,"Async Capable":false,"Join Type":"Inner","Startup Cost":3423991.03,"Total Cost":4071859.01,"Plan Rows":20136,"Plan Width":12,"Actual Startup Time":30234.905,"Actual Total Time":34136.882,"Actual Rows":35044,"Actual Loops":1,"Output":["nation.n_name","order_line.ol_amount"],"Inner Unique":true,"Hash Cond":"((mod((stock.s_w_id * stock.s_i_id), 10000) = supplier.su_suppkey) AND (customer.c_nationkey = supplier.su_nationkey))","Shared Hit Blocks":736423,"Shared Read Blocks":0,"Shared Dirtied Blocks":0,"Shared Written Blocks":0,"Local Hit Blocks":0,"Local Read Blocks":0,"Local Dirtied Blocks":0,"Local Written Blocks":0,"Temp Read Blocks":288611,"Temp Written Blocks":288665,"I/O Read Time":0.0,"I/O Write Time":0.0,"Temp I/O Read Time":447.775,"Temp I/O Write Time":1165.944,"Plans":[{"Node Type":"Merge Join","Parent Relationship":"Outer","Parallel Aware":false,"Async Capable":false,"Join Type":"Inner","Startup Cost":3423622.0,"Total Cost":4064655.01,"Plan Rows":1242717,"Plan Width":26,"Actual Startup Time":30231.297,"Actual Total Time":33853.036,"Actual Rows":2218175,"Actual Loops":1,"Output":["customer.c_nationkey","order_line.ol_amount","stock.s_w_id","stock.s_i_id","nation.n_name","nation.n_nationkey"],"Inner Unique":true,"Merge Cond":"((customer.c_w_id = stock.s_w_id) AND (order_line.ol_i_id = stock.s_i_id))","Shared Hit Blocks":736423,"Shared Read Blocks":0,"Shared Dirtied Blocks":0,"Shared Written Blocks":0,"Local Hit Blocks":0,"Local Read Blocks":0,"Local Dirtied Blocks":0,"Local Written Blocks":0,"Temp Read Blocks":288611,"Temp Written Blocks":288665,"I/O Read Time":0.0,"I/O Write Time":0.0,"Temp I/O Read Time":447.775,"Temp I/O Write Time":1165.944,"Plans":[{"Node Type":"Sort","Parent Relationship":"Outer","Parallel Aware":false,"Async Capable":false,"Startup Cost":3423621.57,"Total Cost":3426702.1,"Plan Rows":1232214,"Plan Width":30,"Actual Startup Time":30231.239,"Actual Total Time":30826.979,"Actual Rows":2218175,"Actual Loops":1,"Output":["customer.c_w_id","customer.c_nationkey","orders.o_w_id","order_line.ol_amount","order_line.ol_w_id","order_line.ol_i_id","nation.n_name","nation.n_nationkey"],"Sort Key":["customer.c_w_id","order_line.ol_i_id"],"Sort Method":"external merge","Sort Space Used":94520,"Sort Space Type":"Disk","Shared Hit Blocks":681750,"Shared Read Blocks":0,"Shared Dirtied Blocks":0,"Shared Written Blocks":0,"Local Hit Blocks":0,"Local Read Blocks":0,"Local Dirtied Blocks":0,"Local Written Blocks":0,"Temp Read Blocks":288611,"Temp Written Blocks":288665,"I/O Read Time":0.0,"I/O Write Time":0.0,"Temp I/O Read Time":447.775,"Temp I/O Write Time":1165.944,"Plans":[{"Node Type":"Hash Join","Parent Relationship":"Outer","Parallel Aware":false,"Async Capable":false,"Join Type":"Inner","Startup Cost":795272.92,"Total Cost":3239997.74,"Plan Rows":1232214,"Plan Width":30,"Actual Startup Time":2712.27,"Actual Total Time":27552.171,"Actual Rows":2218175,"Actual Loops":1,"Output":["customer.c_w_id","customer.c_nationkey","orders.o_w_id","order_line.ol_amount","order_line.ol_w_id","order_line.ol_i_id","nation.n_name","nation.n_nationkey"],"Inner Unique":false,"Hash Cond":"(customer.c_nationkey = nation.n_nationkey)","Shared Hit Blocks":681750,"Shared Read Blocks":0,"Shared Dirtied Blocks":0,"Shared Written Blocks":0,"Local Hit Blocks":0,"Local Read Blocks":0,"Local Dirtied Blocks":0,"Local Written Blocks":0,"Temp Read Blocks":264991,"Temp Written Blocks":264991,"I/O Read Time":0.0,"I/O Write Time":0.0,"Temp I/O Read Time":411.807,"Temp I/O Write Time":1101.788,"Plans":[{"Node Type":"Hash Join","Parent Relationship":"Outer","Parallel Aware":false,"Async Capable":false,"Join Type":"Inner","Startup Cost":795269.78,"Total Cost":3204965.93,"Plan Rows":6161071,"Plan Width":18,"Actual Startup Time":2704.66,"Actual Total Time":26700.038,"Actual Rows":8568663,"Actual Loops":1,"Output":["customer.c_w_id","customer.c_nationkey","orders.o_w_id","order_line.ol_amount","order_line.ol_w_id","order_line.ol_i_id"],"Inner Unique":true,"Hash Cond":"((orders.o_c_id = customer.c_id) AND (orders.o_w_id = customer.c_w_id) AND (orders.o_d_id = customer.c_d_id))","Shared Hit Blocks":681748,"Shared Read Blocks":0,"Shared Dirtied Blocks":0,"Shared Written Blocks":0,"Local Hit Blocks":0,"Local Read Blocks":0,"Local Dirtied Blocks":0,"Local Written Blocks":0,"Temp Read Blocks":264991,"Temp Written Blocks":264991,"I/O Read Time":0.0,"I/O Write Time":0.0,"Temp I/O Read Time":411.807,"Temp I/O Write Time":1101.788,"Plans":[{"Node Type":"Hash Join","Parent Relationship":"Outer","Parallel Aware":false,"Async Capable":false,"Join Type":"Inner","Startup Cost":151173.84,"Total Cost":2410851.54,"Plan Rows":6161071,"Plan Width":20,"Actual Startup Time":383.454,"Actual Total Time":19989.662,"Actual Rows":8568663,"Actual Loops":1,"Output":["orders.o_c_id","orders.o_w_id","orders.o_d_id","order_line.ol_amount","order_line.ol_w_id","order_line.ol_d_id","order_line.ol_i_id"],"Inner Unique":true,"Hash Cond":"((order_line.ol_w_id = orders.o_w_id) AND (order_line.ol_d_id = orders.o_d_id) AND (order_line.ol_o_id = orders.o_id))","Shared Hit Blocks":681748,"Shared Read Blocks":0,"Shared Dirtied Blocks":0,"Shared Written Blocks":0,"Local Hit Blocks":0,"Local Read Blocks":0,"Local Dirtied Blocks":0,"Local Written Blocks":0,"Temp Read Blocks":200672,"Temp Written Blocks":200672,"I/O Read Time":0.0,"I/O Write Time":0.0,"Temp I/O Read Time":308.245,"Temp I/O Write Time":804.016,"Plans":[{"Node Type":"Seq Scan","Parent Relationship":"Outer","Parallel Aware":false,"Async Capable":false,"Relation Name":"order_line","Schema":"public","Alias":"order_line","Startup Cost":0.0,"Total Cost":1431670.8,"Plan Rows":42039468,"Plan Width":20,"Actual Startup Time":0.006,"Actual Total Time":7317.045,"Actual Rows":42000489,"Actual Loops":1,"Output":["order_line.ol_amount","order_line.ol_o_id","order_line.ol_w_id","order_line.ol_d_id","order_line.ol_i_id"],"Filter":"(order_line.ol_delivery_d >= '1992-01-02 20:10:02.27764'::timestamp without time zone)","Rows Removed by Filter":17993272,"Shared Hit Blocks":681748,"Shared Read Blocks":0,"Shared Dirtied Blocks":0,"Shared Written Blocks":0,"Local Hit Blocks":0,"Local Read Blocks":0,"Local Dirtied Blocks":0,"Local Written Blocks":0,"Temp Read Blocks":0,"Temp Written Blocks":0,"I/O Read Time":0.0,"I/O Write Time":0.0,"Temp I/O Read Time":0.0,"Temp I/O Write Time":0.0},{"Node Type":"Hash","Parent Relationship":"Inner","Parallel Aware":false,"Async Capable":false,"Startup Cost":131491.69,"Total Cost":131491.69,"Plan Rows":879323,"Plan Width":16,"Actual Startup Time":349.215,"Actual Total Time":349.223,"Actual Rows":856801,"Actual Loops":1,"Output":["orders.o_c_id","orders.o_w_id","orders.o_d_id","orders.o_id"],"Hash Buckets":262144,"Original Hash Buckets":262144,"Hash Batches":8,"Original Hash Batches":8,"Peak Memory Usage":7070,"Shared Hit Blocks":0,"Shared Read Blocks":0,"Shared Dirtied Blocks":0,"Shared Written Blocks":0,"Local Hit Blocks":0,"Local Read Blocks":0,"Local Dirtied Blocks":0,"Local Written Blocks":0,"Temp Read Blocks":0,"Temp Written Blocks":3290,"I/O Read Time":0.0,"I/O Write Time":0.0,"Temp I/O Read Time":0.0,"Temp I/O Write Time":13.97,"Plans":[{"Node Type":"Append","Parent Relationship":"Outer","Parallel Aware":false,"Async Capable":false,"Startup Cost":20.0,"Total Cost":131491.69,"Plan Rows":879323,"Plan Width":16,"Actual Startup Time":0.592,"Actual Total Time":199.524,"Actual Rows":856801,"Actual Loops":1,"Shared Hit Blocks":0,"Shared Read Blocks":0,"Shared Dirtied Blocks":0,"Shared Written Blocks":0,"Local Hit Blocks":0,"Local Read Blocks":0,"Local Dirtied Blocks":0,"Local Written Blocks":0,"Temp Read Blocks":0,"Temp Written Blocks":0,"I/O Read Time":0.0,"I/O Write Time":0.0,"Temp I/O Read Time":0.0,"Temp I/O Write Time":0.0,"Subplans Removed":0,"Plans":[{"Node Type":"Custom Scan","Parent Relationship":"Member","Custom Plan Provider":"columnar scan","Parallel Aware":false,"Async Capable":false,"Relation Name":"orders","Schema":"public","Alias":"orders","Startup Cost":20.0,"Total Cost":20684.21,"Plan Rows":879322,"Plan Width":16,"Actual Startup Time":0.592,"Actual Total Time":139.273,"Actual Rows":856801,"Actual Loops":1,"Output":["orders.o_c_id","orders.o_w_id","orders.o_d_id","orders.o_id"],"Filter":"((orders.o_entry_d < '1994-01-02 20:10:02.27764'::timestamp without time zone) AND (orders.o_entry_d >= '1993-01-02 20:10:02.27764'::timestamp without time zone))","Rows Removed by Filter":0,"Rows Removed by Columnar Filter":5143199,"Columnar cache search mode":"native","Shared Hit Blocks":0,"Shared Read Blocks":0,"Shared Dirtied Blocks":0,"Shared Written Blocks":0,"Local Hit Blocks":0,"Local Read Blocks":0,"Local Dirtied Blocks":0,"Local Written Blocks":0,"Temp Read Blocks":0,"Temp Written Blocks":0,"I/O Read Time":0.0,"I/O Write Time":0.0,"Temp I/O Read Time":0.0,"Temp I/O Write Time":0.0},{"Node Type":"Seq Scan","Parent Relationship":"Member","Parallel Aware":false,"Async Capable":false,"Relation Name":"orders","Schema":"public","Alias":"orders","Startup Cost":0.0,"Total Cost":4.01,"Plan Rows":1,"Plan Width":16,"Actual Startup Time":0.0,"Actual Total Time":0.0,"Actual Rows":0,"Actual Loops":0,"Output":["orders.o_c_id","orders.o_w_id","orders.o_d_id","orders.o_id"],"Filter":"((orders.o_entry_d < '1994-01-02 20:10:02.27764'::timestamp without time zone) AND (orders.o_entry_d >= '1993-01-02 20:10:02.27764'::timestamp without time zone))","Rows Removed by Filter":0,"Shared Hit Blocks":0,"Shared Read Blocks":0,"Shared Dirtied Blocks":0,"Shared Written Blocks":0,"Local Hit Blocks":0,"Local Read Blocks":0,"Local Dirtied Blocks":0,"Local Written Blocks":0,"Temp Read Blocks":0,"Temp Written Blocks":0,"I/O Read Time":0.0,"I/O Write Time":0.0,"Temp I/O Read Time":0.0,"Temp I/O Write Time":0.0}]}]}]},{"Node Type":"Hash","Parent Relationship":"Inner","Parallel Aware":false,"Async Capable":false,"Startup Cost":509795.49,"Total Cost":509795.49,"Plan Rows":6000140,"Plan Width":12,"Actual Startup Time":2314.37,"Actual Total Time":2314.376,"Actual Rows":6000000,"Actual Loops":1,"Output":["customer.c_id","customer.c_w_id","customer.c_d_id","customer.c_nationkey"],"Hash Buckets":262144,"Original Hash Buckets":262144,"Hash Batches":64,"Original Hash Batches":64,"Peak Memory Usage":6073,"Shared Hit Blocks":0,"Shared Read Blocks":0,"Shared Dirtied Blocks":0,"Shared Written Blocks":0,"Local Hit Blocks":0,"Local Read Blocks":0,"Local Dirtied Blocks":0,"Local Written Blocks":0,"Temp Read Blocks":0,"Temp Written Blocks":23037,"I/O Read Time":0.0,"I/O Write Time":0.0,"Temp I/O Read Time":0.0,"Temp I/O Write Time":101.053,"Plans":[{"Node Type":"Append","Parent Relationship":"Outer","Parallel Aware":false,"Async Capable":false,"Startup Cost":20.0,"Total Cost":509795.49,"Plan Rows":6000140,"Plan Width":12,"Actual Startup Time":0.016,"Actual Total Time":1309.942,"Actual Rows":6000000,"Actual Loops":1,"Shared Hit Blocks":0,"Shared Read Blocks":0,"Shared Dirtied Blocks":0,"Shared Written Blocks":0,"Local Hit Blocks":0,"Local Read Blocks":0,"Local Dirtied Blocks":0,"Local Written Blocks":0,"Temp Read Blocks":0,"Temp Written Blocks":0,"I/O Read Time":0.0,"I/O Write Time":0.0,"Temp I/O Read Time":0.0,"Temp I/O Write Time":0.0,"Subplans Removed":0,"Plans":[{"Node Type":"Custom Scan","Parent Relationship":"Member","Custom Plan Provider":"columnar scan","Parallel Aware":false,"Async Capable":false,"Relation Name":"customer","Schema":"public","Alias":"customer","Startup Cost":20.0,"Total Cost":141020.06,"Plan Rows":6000000,"Plan Width":12,"Actual Startup Time":0.015,"Actual Total Time":896.241,"Actual Rows":6000000,"Actual Loops":1,"Output":["customer.c_id","customer.c_w_id","customer.c_d_id","customer.c_nationkey"],"Rows Removed by Columnar Filter":0,"Columnar cache search mode":"native","Shared Hit Blocks":0,"Shared Read Blocks":0,"Shared Dirtied Blocks":0,"Shared Written Blocks":0,"Local Hit Blocks":0,"Local Read Blocks":0,"Local Dirtied Blocks":0,"Local Written Blocks":0,"Temp Read Blocks":0,"Temp Written Blocks":0,"I/O Read Time":0.0,"I/O Write Time":0.0,"Temp I/O Read Time":0.0,"Temp I/O Write Time":0.0},{"Node Type":"Seq Scan","Parent Relationship":"Member","Parallel Aware":false,"Async Capable":false,"Relation Name":"customer","Schema":"public","Alias":"customer","Startup Cost":0.0,"Total Cost":5.4,"Plan Rows":140,"Plan Width":12,"Actual Startup Time":0.0,"Actual Total Time":0.0,"Actual Rows":0,"Actual Loops":0,"Output":["customer.c_id","customer.c_w_id","customer.c_d_id","customer.c_nationkey"],"Shared Hit Blocks":0,"Shared Read Blocks":0,"Shared Dirtied Blocks":0,"Shared Written Blocks":0,"Local Hit Blocks":0,"Local Read Blocks":0,"Local Dirtied Blocks":0,"Local Written Blocks":0,"Temp Read Blocks":0,"Temp Written Blocks":0,"I/O Read Time":0.0,"I/O Write Time":0.0,"Temp I/O Read Time":0.0,"Temp I/O Write Time":0.0}]}]}]},{"Node Type":"Hash","Parent Relationship":"Inner","Parallel Aware":false,"Async Capable":false,"Startup Cost":2.99,"Total Cost":2.99,"Plan Rows":12,"Plan Width":12,"Actual Startup Time":0.043,"Actual Total Time":0.05,"Actual Rows":22,"Actual Loops":1,"Output":["nation.n_name","nation.n_nationkey"],"Hash Buckets":1024,"Original Hash Buckets":1024,"Hash Batches":1,"Original Hash Batches":1,"Peak Memory Usage":9,"Shared Hit Blocks":2,"Shared Read Blocks":0,"Shared Dirtied Blocks":0,"Shared Written Blocks":0,"Local Hit Blocks":0,"Local Read Blocks":0,"Local Dirtied Blocks":0,"Local Written Blocks":0,"Temp Read Blocks":0,"Temp Written Blocks":0,"I/O Read Time":0.0,"I/O Write Time":0.0,"Temp I/O Read Time":0.0,"Temp I/O Write Time":0.0,"Plans":[{"Node Type":"Hash Join","Parent Relationship":"Outer","Parallel Aware":false,"Async Capable":false,"Join Type":"Inner","Startup Cost":1.07,"Total Cost":2.99,"Plan Rows":12,"Plan Width":12,"Actual Startup Time":0.026,"Actual Total Time":0.044,"Actual Rows":22,"Actual Loops":1,"Output":["nation.n_name","nation.n_nationkey"],"Inner Unique":true,"Hash Cond":"(nation.n_regionkey = region.r_regionkey)","Shared Hit Blocks":2,"Shared Read Blocks":0,"Shared Dirtied Blocks":0,"Shared Written Blocks":0,"Local Hit Blocks":0,"Local Read Blocks":0,"Local Dirtied Blocks":0,"Local Written Blocks":0,"Temp Read Blocks":0,"Temp Written Blocks":0,"I/O Read Time":0.0,"I/O Write Time":0.0,"Temp I/O Read Time":0.0,"Temp I/O Write Time":0.0,"Plans":[{"Node Type":"Seq Scan","Parent Relationship":"Outer","Parallel Aware":false,"Async Capable":false,"Relation Name":"nation","Schema":"public","Alias":"nation","Startup Cost":0.0,"Total Cost":1.62,"Plan Rows":62,"Plan Width":16,"Actual Startup Time":0.008,"Actual Total Time":0.012,"Actual Rows":62,"Actual Loops":1,"Output":["nation.n_nationkey","nation.n_name","nation.n_regionkey","nation.n_comment"],"Shared Hit Blocks":1,"Shared Read Blocks":0,"Shared Dirtied Blocks":0,"Shared Written Blocks":0,"Local Hit Blocks":0,"Local Read Blocks":0,"Local Dirtied Blocks":0,"Local Written Blocks":0,"Temp Read Blocks":0,"Temp Written Blocks":0,"I/O Read Time":0.0,"I/O Write Time":0.0,"Temp I/O Read Time":0.0,"Temp I/O Write Time":0.0},{"Node Type":"Hash","Parent Relationship":"Inner","Parallel Aware":false,"Async Capable":false,"Startup Cost":1.06,"Total Cost":1.06,"Plan Rows":1,"Plan Width":4,"Actual Startup Time":0.009,"Actual Total Time":0.01,"Actual Rows":1,"Actual Loops":1,"Output":["region.r_regionkey"],"Hash Buckets":1024,"Original Hash Buckets":1024,"Hash Batches":1,"Original Hash Batches":1,"Peak Memory Usage":9,"Shared Hit Blocks":1,"Shared Read Blocks":0,"Shared Dirtied Blocks":0,"Shared Written Blocks":0,"Local Hit Blocks":0,"Local Read Blocks":0,"Local Dirtied Blocks":0,"Local Written Blocks":0,"Temp Read Blocks":0,"Temp Written Blocks":0,"I/O Read Time":0.0,"I/O Write Time":0.0,"Temp I/O Read Time":0.0,"Temp I/O Write Time":0.0,"Plans":[{"Node Type":"Seq Scan","Parent Relationship":"Outer","Parallel Aware":false,"Async Capable":false,"Relation Name":"region","Schema":"public","Alias":"region","Startup Cost":0.0,"Total Cost":1.06,"Plan Rows":1,"Plan Width":4,"Actual Startup Time":0.007,"Actual Total Time":0.007,"Actual Rows":1,"Actual Loops":1,"Output":["region.r_regionkey"],"Filter":"((region.r_name)::text = 'Europe'::text)","Rows Removed by Filter":4,"Shared Hit Blocks":1,"Shared Read Blocks":0,"Shared Dirtied Blocks":0,"Shared Written Blocks":0,"Local Hit Blocks":0,"Local Read Blocks":0,"Local Dirtied Blocks":0,"Local Written Blocks":0,"Temp Read Blocks":0,"Temp Written Blocks":0,"I/O Read Time":0.0,"I/O Write Time":0.0,"Temp I/O Read Time":0.0,"Temp I/O Write Time":0.0}]}]}]}]}]},{"Node Type":"Index Only Scan","Parent Relationship":"Inner","Parallel Aware":false,"Async Capable":false,"Scan Direction":"Forward","Index Name":"stock_pk","Relation Name":"stock","Schema":"public","Alias":"stock","Startup Cost":0.44,"Total Cost":519363.62,"Plan Rows":20000212,"Plan Width":6,"Actual Startup Time":0.044,"Actual Total Time":1405.661,"Actual Rows":19999994,"Actual Loops":1,"Output":["stock.s_w_id","stock.s_i_id"],"Heap Fetches":0,"Shared Hit Blocks":54673,"Shared Read Blocks":0,"Shared Dirtied Blocks":0,"Shared Written Blocks":0,"Local Hit Blocks":0,"Local Read Blocks":0,"Local Dirtied Blocks":0,"Local Written Blocks":0,"Temp Read Blocks":0,"Temp Written Blocks":0,"I/O Read Time":0.0,"I/O Write Time":0.0,"Temp I/O Read Time":0.0,"Temp I/O Write Time":0.0}]},{"Node Type":"Hash","Parent Relationship":"Inner","Parallel Aware":false,"Async Capable":false,"Startup Cost":219.01,"Total Cost":219.01,"Plan Rows":10001,"Plan Width":8,"Actual Startup Time":3.167,"Actual Total Time":3.169,"Actual Rows":10000,"Actual Loops":1,"Output":["supplier.su_suppkey","supplier.su_nationkey"],"Hash Buckets":16384,"Original Hash Buckets":16384,"Hash Batches":1,"Original Hash Batches":1,"Peak Memory Usage":519,"Shared Hit Blocks":0,"Shared Read Blocks":0,"Shared Dirtied Blocks":0,"Shared Written Blocks":0,"Local Hit Blocks":0,"Local Read Blocks":0,"Local Dirtied Blocks":0,"Local Written Blocks":0,"Temp Read Blocks":0,"Temp Written Blocks":0,"I/O Read Time":0.0,"I/O Write Time":0.0,"Temp I/O Read Time":0.0,"Temp I/O Write Time":0.0,"Plans":[{"Node Type":"Append","Parent Relationship":"Outer","Parallel Aware":false,"Async Capable":false,"Startup Cost":20.0,"Total Cost":219.01,"Plan Rows":10001,"Plan Width":8,"Actual Startup Time":0.014,"Actual Total Time":1.785,"Actual Rows":10000,"Actual Loops":1,"Shared Hit Blocks":0,"Shared Read Blocks":0,"Shared Dirtied Blocks":0,"Shared Written Blocks":0,"Local Hit Blocks":0,"Local Read Blocks":0,"Local Dirtied Blocks":0,"Local Written Blocks":0,"Temp Read Blocks":0,"Temp Written Blocks":0,"I/O Read Time":0.0,"I/O Write Time":0.0,"Temp I/O Read Time":0.0,"Temp I/O Write Time":0.0,"Subplans Removed":0,"Plans":[{"Node Type":"Custom Scan","Parent Relationship":"Member","Custom Plan Provider":"columnar scan","Parallel Aware":false,"Async Capable":false,"Relation Name":"supplier","Schema":"public","Alias":"supplier","Startup Cost":20.0,"Total Cost":215.0,"Plan Rows":10000,"Plan Width":8,"Actual Startup Time":0.013,"Actual Total Time":1.078,"Actual Rows":10000,"Actual Loops":1,"Output":["supplier.su_suppkey","supplier.su_nationkey"],"Rows Removed by Columnar Filter":0,"Columnar cache search mode":"native","Shared Hit Blocks":0,"Shared Read Blocks":0,"Shared Dirtied Blocks":0,"Shared Written Blocks":0,"Local Hit Blocks":0,"Local Read Blocks":0,"Local Dirtied Blocks":0,"Local Written Blocks":0,"Temp Read Blocks":0,"Temp Written Blocks":0,"I/O Read Time":0.0,"I/O Write Time":0.0,"Temp I/O Read Time":0.0,"Temp I/O Write Time":0.0},{"Node Type":"Seq Scan","Parent Relationship":"Member","Parallel Aware":false,"Async Capable":false,"Relation Name":"supplier","Schema":"public","Alias":"supplier","Startup Cost":0.0,"Total Cost":4.01,"Plan Rows":1,"Plan Width":8,"Actual Startup Time":0.0,"Actual Total Time":0.0,"Actual Rows":0,"Actual Loops":0,"Output":["supplier.su_suppkey","supplier.su_nationkey"],"Shared Hit Blocks":0,"Shared Read Blocks":0,"Shared Dirtied Blocks":0,"Shared Written Blocks":0,"Local Hit Blocks":0,"Local Read Blocks":0,"Local Dirtied Blocks":0,"Local Written Blocks":0,"Temp Read Blocks":0,"Temp Written Blocks":0,"I/O Read Time":0.0,"I/O Write Time":0.0,"Temp I/O Read Time":0.0,"Temp I/O Write Time":0.0}]}]}]}]}]}]},"Planning":{"Shared Hit Blocks":220,"Shared Read Blocks":0,"Shared Dirtied Blocks":0,"Shared Written Blocks":0,"Local Hit Blocks":0,"Local Read Blocks":0,"Local Dirtied Blocks":0,"Local Written Blocks":0,"Temp Read Blocks":0,"Temp Written Blocks":0,"I/O Read Time":0.0,"I/O Write Time":0.0,"Temp I/O Read Time":0.0,"Temp I/O Write Time":0.0},"Planning Time":5.853,"Triggers":[],"Execution Time":34177.228}]
[列存组合]: customer, nation, region, stock, supplier
[{"Plan":{"Node Type":"Sort","Parallel Aware":false,"Async Capable":false,"Startup Cost":4076081.94,"Total Cost":4076082.09,"Plan Rows":62,"Plan Width":40,"Actual Startup Time":34602.636,"Actual Total Time":34602.665,"Actual Rows":11,"Actual Loops":1,"Output":["nation.n_name","(sum(order_line.ol_amount))"],"Sort Key":["(sum(order_line.ol_amount)) DESC"],"Sort Method":"quicksort","Sort Space Used":25,"Sort Space Type":"Memory","Shared Hit Blocks":780545,"Shared Read Blocks":0,"Shared Dirtied Blocks":0,"Shared Written Blocks":0,"Local Hit Blocks":0,"Local Read Blocks":0,"Local Dirtied Blocks":0,"Local Written Blocks":0,"Temp Read Blocks":288611,"Temp Written Blocks":288665,"I/O Read Time":0.0,"I/O Write Time":0.0,"Temp I/O Read Time":446.63,"Temp I/O Write Time":1167.278,"Plans":[{"Node Type":"Aggregate","Strategy":"Sorted","Partial Mode":"Simple","Parent Relationship":"Outer","Parallel Aware":false,"Async Capable":false,"Startup Cost":4075928.3,"Total Cost":4076080.09,"Plan Rows":62,"Plan Width":40,"Actual Startup Time":34596.728,"Actual Total Time":34602.647,"Actual Rows":11,"Actual Loops":1,"Output":["nation.n_name","sum(order_line.ol_amount)"],"Group Key":["nation.n_name"],"Shared Hit Blocks":780545,"Shared Read Blocks":0,"Shared Dirtied Blocks":0,"Shared Written Blocks":0,"Local Hit Blocks":0,"Local Read Blocks":0,"Local Dirtied Blocks":0,"Local Written Blocks":0,"Temp Read Blocks":288611,"Temp Written Blocks":288665,"I/O Read Time":0.0,"I/O Write Time":0.0,"Temp I/O Read Time":446.63,"Temp I/O Write Time":1167.278,"Plans":[{"Node Type":"Sort","Parent Relationship":"Outer","Parallel Aware":false,"Async Capable":false,"Startup Cost":4075928.3,"Total Cost":4075978.64,"Plan Rows":20136,"Plan Width":12,"Actual Startup Time":34596.292,"Actual Total Time":34598.113,"Actual Rows":35044,"Actual Loops":1,"Output":["nation.n_name","order_line.ol_amount"],"Sort Key":["nation.n_name"],"Sort Method":"quicksort","Sort Space Used":3146,"Sort Space Type":"Memory","Shared Hit Blocks":780545,"Shared Read Blocks":0,"Shared Dirtied Blocks":0,"Shared Written Blocks":0,"Local Hit Blocks":0,"Local Read Blocks":0,"Local Dirtied Blocks":0,"Local Written Blocks":0,"Temp Read Blocks":288611,"Temp Written Blocks":288665,"I/O Read Time":0.0,"I/O Write Time":0.0,"Temp I/O Read Time":446.63,"Temp I/O Write Time":1167.278,"Plans":[{"Node Type":"Hash Join","Parent Relationship":"Outer","Parallel Aware":false,"Async Capable":false,"Join Type":"Inner","Startup Cost":3426620.85,"Total Cost":4074488.82,"Plan Rows":20136,"Plan Width":12,"Actual Startup Time":30639.047,"Actual Total Time":34577.098,"Actual Rows":35044,"Actual Loops":1,"Output":["nation.n_name","order_line.ol_amount"],"Inner Unique":true,"Hash Cond":"((mod((stock.s_w_id * stock.s_i_id), 10000) = supplier.su_suppkey) AND (customer.c_nationkey = supplier.su_nationkey))","Shared Hit Blocks":780545,"Shared Read Blocks":0,"Shared Dirtied Blocks":0,"Shared Written Blocks":0,"Local Hit Blocks":0,"Local Read Blocks":0,"Local Dirtied Blocks":0,"Local Written Blocks":0,"Temp Read Blocks":288611,"Temp Written Blocks":288665,"I/O Read Time":0.0,"I/O Write Time":0.0,"Temp I/O Read Time":446.63,"Temp I/O Write Time":1167.278,"Plans":[{"Node Type":"Merge Join","Parent Relationship":"Outer","Parallel Aware":false,"Async Capable":false,"Join Type":"Inner","Startup Cost":3426251.82,"Total Cost":4067284.83,"Plan Rows":1242717,"Plan Width":26,"Actual Startup Time":30635.396,"Actual Total Time":34293.491,"Actual Rows":2218175,"Actual Loops":1,"Output":["customer.c_nationkey","order_line.ol_amount","stock.s_w_id","stock.s_i_id","nation.n_name","nation.n_nationkey"],"Inner Unique":true,"Merge Cond":"((customer.c_w_id = stock.s_w_id) AND (order_line.ol_i_id = stock.s_i_id))","Shared Hit Blocks":780545,"Shared Read Blocks":0,"Shared Dirtied Blocks":0,"Shared Written Blocks":0,"Local Hit Blocks":0,"Local Read Blocks":0,"Local Dirtied Blocks":0,"Local Written Blocks":0,"Temp Read Blocks":288611,"Temp Written Blocks":288665,"I/O Read Time":0.0,"I/O Write Time":0.0,"Temp I/O Read Time":446.63,"Temp I/O Write Time":1167.278,"Plans":[{"Node Type":"Sort","Parent Relationship":"Outer","Parallel Aware":false,"Async Capable":false,"Startup Cost":3426251.38,"Total Cost":3429331.92,"Plan Rows":1232214,"Plan Width":30,"Actual Startup Time":30635.335,"Actual Total Time":31231.357,"Actual Rows":2218175,"Actual Loops":1,"Output":["customer.c_w_id","customer.c_nationkey","orders.o_w_id","order_line.ol_amount","order_line.ol_w_id","order_line.ol_i_id","nation.n_name","nation.n_nationkey"],"Sort Key":["customer.c_w_id","order_line.ol_i_id"],"Sort Method":"external merge","Sort Space Used":94520,"Sort Space Type":"Disk","Shared Hit Blocks":725872,"Shared Read Blocks":0,"Shared Dirtied Blocks":0,"Shared Written Blocks":0,"Local Hit Blocks":0,"Local Read Blocks":0,"Local Dirtied Blocks":0,"Local Written Blocks":0,"Temp Read Blocks":288611,"Temp Written Blocks":288665,"I/O Read Time":0.0,"I/O Write Time":0.0,"Temp I/O Read Time":446.63,"Temp I/O Write Time":1167.278,"Plans":[{"Node Type":"Hash Join","Parent Relationship":"Outer","Parallel Aware":false,"Async Capable":false,"Join Type":"Inner","Startup Cost":797902.74,"Total Cost":3242627.55,"Plan Rows":1232214,"Plan Width":30,"Actual Startup Time":2961.086,"Actual Total Time":27899.438,"Actual Rows":2218175,"Actual Loops":1,"Output":["customer.c_w_id","customer.c_nationkey","orders.o_w_id","order_line.ol_amount","order_line.ol_w_id","order_line.ol_i_id","nation.n_name","nation.n_nationkey"],"Inner Unique":false,"Hash Cond":"(customer.c_nationkey = nation.n_nationkey)","Shared Hit Blocks":725872,"Shared Read Blocks":0,"Shared Dirtied Blocks":0,"Shared Written Blocks":0,"Local Hit Blocks":0,"Local Read Blocks":0,"Local Dirtied Blocks":0,"Local Written Blocks":0,"Temp Read Blocks":264991,"Temp Written Blocks":264991,"I/O Read Time":0.0,"I/O Write Time":0.0,"Temp I/O Read Time":410.167,"Temp I/O Write Time":1100.314,"Plans":[{"Node Type":"Hash Join","Parent Relationship":"Outer","Parallel Aware":false,"Async Capable":false,"Join Type":"Inner","Startup Cost":797899.6,"Total Cost":3207595.75,"Plan Rows":6161071,"Plan Width":18,"Actual Startup Time":2953.309,"Actual Total Time":27008.192,"Actual Rows":8568663,"Actual Loops":1,"Output":["customer.c_w_id","customer.c_nationkey","orders.o_w_id","order_line.ol_amount","order_line.ol_w_id","order_line.ol_i_id"],"Inner Unique":true,"Hash Cond":"((orders.o_c_id = customer.c_id) AND (orders.o_w_id = customer.c_w_id) AND (orders.o_d_id = customer.c_d_id))","Shared Hit Blocks":725870,"Shared Read Blocks":0,"Shared Dirtied Blocks":0,"Shared Written Blocks":0,"Local Hit Blocks":0,"Local Read Blocks":0,"Local Dirtied Blocks":0,"Local Written Blocks":0,"Temp Read Blocks":264991,"Temp Written Blocks":264991,"I/O Read Time":0.0,"I/O Write Time":0.0,"Temp I/O Read Time":410.167,"Temp I/O Write Time":1100.314,"Plans":[{"Node Type":"Hash Join","Parent Relationship":"Outer","Parallel Aware":false,"Async Capable":false,"Join Type":"Inner","Startup Cost":153803.65,"Total Cost":2413481.36,"Plan Rows":6161071,"Plan Width":20,"Actual Startup Time":624.981,"Actual Total Time":20191.149,"Actual Rows":8568663,"Actual Loops":1,"Output":["orders.o_c_id","orders.o_w_id","orders.o_d_id","order_line.ol_amount","order_line.ol_w_id","order_line.ol_d_id","order_line.ol_i_id"],"Inner Unique":true,"Hash Cond":"((order_line.ol_w_id = orders.o_w_id) AND (order_line.ol_d_id = orders.o_d_id) AND (order_line.ol_o_id = orders.o_id))","Shared Hit Blocks":725870,"Shared Read Blocks":0,"Shared Dirtied Blocks":0,"Shared Written Blocks":0,"Local Hit Blocks":0,"Local Read Blocks":0,"Local Dirtied Blocks":0,"Local Written Blocks":0,"Temp Read Blocks":200672,"Temp Written Blocks":200672,"I/O Read Time":0.0,"I/O Write Time":0.0,"Temp I/O Read Time":301.855,"Temp I/O Write Time":804.764,"Plans":[{"Node Type":"Seq Scan","Parent Relationship":"Outer","Parallel Aware":false,"Async Capable":false,"Relation Name":"order_line","Schema":"public","Alias":"order_line","Startup Cost":0.0,"Total Cost":1431670.8,"Plan Rows":42039468,"Plan Width":20,"Actual Startup Time":0.005,"Actual Total Time":7312.755,"Actual Rows":42000489,"Actual Loops":1,"Output":["order_line.ol_amount","order_line.ol_o_id","order_line.ol_w_id","order_line.ol_d_id","order_line.ol_i_id"],"Filter":"(order_line.ol_delivery_d >= '1992-01-02 20:10:02.27764'::timestamp without time zone)","Rows Removed by Filter":17993272,"Shared Hit Blocks":681748,"Shared Read Blocks":0,"Shared Dirtied Blocks":0,"Shared Written Blocks":0,"Local Hit Blocks":0,"Local Read Blocks":0,"Local Dirtied Blocks":0,"Local Written Blocks":0,"Temp Read Blocks":0,"Temp Written Blocks":0,"I/O Read Time":0.0,"I/O Write Time":0.0,"Temp I/O Read Time":0.0,"Temp I/O Write Time":0.0},{"Node Type":"Hash","Parent Relationship":"Inner","Parallel Aware":false,"Async Capable":false,"Startup Cost":134121.52,"Total Cost":134121.52,"Plan Rows":879322,"Plan Width":16,"Actual Startup Time":590.922,"Actual Total Time":590.927,"Actual Rows":856801,"Actual Loops":1,"Output":["orders.o_c_id","orders.o_w_id","orders.o_d_id","orders.o_id"],"Hash Buckets":262144,"Original Hash Buckets":262144,"Hash Batches":8,"Original Hash Batches":8,"Peak Memory Usage":7070,"Shared Hit Blocks":44122,"Shared Read Blocks":0,"Shared Dirtied Blocks":0,"Shared Written Blocks":0,"Local Hit Blocks":0,"Local Read Blocks":0,"Local Dirtied Blocks":0,"Local Written Blocks":0,"Temp Read Blocks":0,"Temp Written Blocks":3290,"I/O Read Time":0.0,"I/O Write Time":0.0,"Temp I/O Read Time":0.0,"Temp I/O Write Time":14.705,"Plans":[{"Node Type":"Seq Scan","Parent Relationship":"Outer","Parallel Aware":false,"Async Capable":false,"Relation Name":"orders","Schema":"public","Alias":"orders","Startup Cost":0.0,"Total Cost":134121.52,"Plan Rows":879322,"Plan Width":16,"Actual Startup Time":0.608,"Actual Total Time":443.705,"Actual Rows":856801,"Actual Loops":1,"Output":["orders.o_c_id","orders.o_w_id","orders.o_d_id","orders.o_id"],"Filter":"((orders.o_entry_d >= '1993-01-02 20:10:02.27764'::timestamp without time zone) AND (orders.o_entry_d < '1994-01-02 20:10:02.27764'::timestamp without time zone))","Rows Removed by Filter":5143199,"Shared Hit Blocks":44122,"Shared Read Blocks":0,"Shared Dirtied Blocks":0,"Shared Written Blocks":0,"Local Hit Blocks":0,"Local Read Blocks":0,"Local Dirtied Blocks":0,"Local Written Blocks":0,"Temp Read Blocks":0,"Temp Written Blocks":0,"I/O Read Time":0.0,"I/O Write Time":0.0,"Temp I/O Read Time":0.0,"Temp I/O Write Time":0.0}]}]},{"Node Type":"Hash","Parent Relationship":"Inner","Parallel Aware":false,"Async Capable":false,"Startup Cost":509795.49,"Total Cost":509795.49,"Plan Rows":6000140,"Plan Width":12,"Actual Startup Time":2321.055,"Actual Total Time":2321.062,"Actual Rows":6000000,"Actual Loops":1,"Output":["customer.c_id","customer.c_w_id","customer.c_d_id","customer.c_nationkey"],"Hash Buckets":262144,"Original Hash Buckets":262144,"Hash Batches":64,"Original Hash Batches":64,"Peak Memory Usage":6073,"Shared Hit Blocks":0,"Shared Read Blocks":0,"Shared Dirtied Blocks":0,"Shared Written Blocks":0,"Local Hit Blocks":0,"Local Read Blocks":0,"Local Dirtied Blocks":0,"Local Written Blocks":0,"Temp Read Blocks":0,"Temp Written Blocks":23037,"I/O Read Time":0.0,"I/O Write Time":0.0,"Temp I/O Read Time":0.0,"Temp I/O Write Time":100.749,"Plans":[{"Node Type":"Append","Parent Relationship":"Outer","Parallel Aware":false,"Async Capable":false,"Startup Cost":20.0,"Total Cost":509795.49,"Plan Rows":6000140,"Plan Width":12,"Actual Startup Time":0.031,"Actual Total Time":1317.023,"Actual Rows":6000000,"Actual Loops":1,"Shared Hit Blocks":0,"Shared Read Blocks":0,"Shared Dirtied Blocks":0,"Shared Written Blocks":0,"Local Hit Blocks":0,"Local Read Blocks":0,"Local Dirtied Blocks":0,"Local Written Blocks":0,"Temp Read Blocks":0,"Temp Written Blocks":0,"I/O Read Time":0.0,"I/O Write Time":0.0,"Temp I/O Read Time":0.0,"Temp I/O Write Time":0.0,"Subplans Removed":0,"Plans":[{"Node Type":"Custom Scan","Parent Relationship":"Member","Custom Plan Provider":"columnar scan","Parallel Aware":false,"Async Capable":false,"Relation Name":"customer","Schema":"public","Alias":"customer","Startup Cost":20.0,"Total Cost":141020.06,"Plan Rows":6000000,"Plan Width":12,"Actual Startup Time":0.03,"Actual Total Time":897.59,"Actual Rows":6000000,"Actual Loops":1,"Output":["customer.c_id","customer.c_w_id","customer.c_d_id","customer.c_nationkey"],"Rows Removed by Columnar Filter":0,"Columnar cache search mode":"native","Shared Hit Blocks":0,"Shared Read Blocks":0,"Shared Dirtied Blocks":0,"Shared Written Blocks":0,"Local Hit Blocks":0,"Local Read Blocks":0,"Local Dirtied Blocks":0,"Local Written Blocks":0,"Temp Read Blocks":0,"Temp Written Blocks":0,"I/O Read Time":0.0,"I/O Write Time":0.0,"Temp I/O Read Time":0.0,"Temp I/O Write Time":0.0},{"Node Type":"Seq Scan","Parent Relationship":"Member","Parallel Aware":false,"Async Capable":false,"Relation Name":"customer","Schema":"public","Alias":"customer","Startup Cost":0.0,"Total Cost":5.4,"Plan Rows":140,"Plan Width":12,"Actual Startup Time":0.0,"Actual Total Time":0.0,"Actual Rows":0,"Actual Loops":0,"Output":["customer.c_id","customer.c_w_id","customer.c_d_id","customer.c_nationkey"],"Shared Hit Blocks":0,"Shared Read Blocks":0,"Shared Dirtied Blocks":0,"Shared Written Blocks":0,"Local Hit Blocks":0,"Local Read Blocks":0,"Local Dirtied Blocks":0,"Local Written Blocks":0,"Temp Read Blocks":0,"Temp Written Blocks":0,"I/O Read Time":0.0,"I/O Write Time":0.0,"Temp I/O Read Time":0.0,"Temp I/O Write Time":0.0}]}]}]},{"Node Type":"Hash","Parent Relationship":"Inner","Parallel Aware":false,"Async Capable":false,"Startup Cost":2.99,"Total Cost":2.99,"Plan Rows":12,"Plan Width":12,"Actual Startup Time":0.043,"Actual Total Time":0.048,"Actual Rows":22,"Actual Loops":1,"Output":["nation.n_name","nation.n_nationkey"],"Hash Buckets":1024,"Original Hash Buckets":1024,"Hash Batches":1,"Original Hash Batches":1,"Peak Memory Usage":9,"Shared Hit Blocks":2,"Shared Read Blocks":0,"Shared Dirtied Blocks":0,"Shared Written Blocks":0,"Local Hit Blocks":0,"Local Read Blocks":0,"Local Dirtied Blocks":0,"Local Written Blocks":0,"Temp Read Blocks":0,"Temp Written Blocks":0,"I/O Read Time":0.0,"I/O Write Time":0.0,"Temp I/O Read Time":0.0,"Temp I/O Write Time":0.0,"Plans":[{"Node Type":"Hash Join","Parent Relationship":"Outer","Parallel Aware":false,"Async Capable":false,"Join Type":"Inner","Startup Cost":1.07,"Total Cost":2.99,"Plan Rows":12,"Plan Width":12,"Actual Startup Time":0.026,"Actual Total Time":0.042,"Actual Rows":22,"Actual Loops":1,"Output":["nation.n_name","nation.n_nationkey"],"Inner Unique":true,"Hash Cond":"(nation.n_regionkey = region.r_regionkey)","Shared Hit Blocks":2,"Shared Read Blocks":0,"Shared Dirtied Blocks":0,"Shared Written Blocks":0,"Local Hit Blocks":0,"Local Read Blocks":0,"Local Dirtied Blocks":0,"Local Written Blocks":0,"Temp Read Blocks":0,"Temp Written Blocks":0,"I/O Read Time":0.0,"I/O Write Time":0.0,"Temp I/O Read Time":0.0,"Temp I/O Write Time":0.0,"Plans":[{"Node Type":"Seq Scan","Parent Relationship":"Outer","Parallel Aware":false,"Async Capable":false,"Relation Name":"nation","Schema":"public","Alias":"nation","Startup Cost":0.0,"Total Cost":1.62,"Plan Rows":62,"Plan Width":16,"Actual Startup Time":0.007,"Actual Total Time":0.01,"Actual Rows":62,"Actual Loops":1,"Output":["nation.n_nationkey","nation.n_name","nation.n_regionkey","nation.n_comment"],"Shared Hit Blocks":1,"Shared Read Blocks":0,"Shared Dirtied Blocks":0,"Shared Written Blocks":0,"Local Hit Blocks":0,"Local Read Blocks":0,"Local Dirtied Blocks":0,"Local Written Blocks":0,"Temp Read Blocks":0,"Temp Written Blocks":0,"I/O Read Time":0.0,"I/O Write Time":0.0,"Temp I/O Read Time":0.0,"Temp I/O Write Time":0.0},{"Node Type":"Hash","Parent Relationship":"Inner","Parallel Aware":false,"Async Capable":false,"Startup Cost":1.06,"Total Cost":1.06,"Plan Rows":1,"Plan Width":4,"Actual Startup Time":0.009,"Actual Total Time":0.01,"Actual Rows":1,"Actual Loops":1,"Output":["region.r_regionkey"],"Hash Buckets":1024,"Original Hash Buckets":1024,"Hash Batches":1,"Original Hash Batches":1,"Peak Memory Usage":9,"Shared Hit Blocks":1,"Shared Read Blocks":0,"Shared Dirtied Blocks":0,"Shared Written Blocks":0,"Local Hit Blocks":0,"Local Read Blocks":0,"Local Dirtied Blocks":0,"Local Written Blocks":0,"Temp Read Blocks":0,"Temp Written Blocks":0,"I/O Read Time":0.0,"I/O Write Time":0.0,"Temp I/O Read Time":0.0,"Temp I/O Write Time":0.0,"Plans":[{"Node Type":"Seq Scan","Parent Relationship":"Outer","Parallel Aware":false,"Async Capable":false,"Relation Name":"region","Schema":"public","Alias":"region","Startup Cost":0.0,"Total Cost":1.06,"Plan Rows":1,"Plan Width":4,"Actual Startup Time":0.007,"Actual Total Time":0.008,"Actual Rows":1,"Actual Loops":1,"Output":["region.r_regionkey"],"Filter":"((region.r_name)::text = 'Europe'::text)","Rows Removed by Filter":4,"Shared Hit Blocks":1,"Shared Read Blocks":0,"Shared Dirtied Blocks":0,"Shared Written Blocks":0,"Local Hit Blocks":0,"Local Read Blocks":0,"Local Dirtied Blocks":0,"Local Written Blocks":0,"Temp Read Blocks":0,"Temp Written Blocks":0,"I/O Read Time":0.0,"I/O Write Time":0.0,"Temp I/O Read Time":0.0,"Temp I/O Write Time":0.0}]}]}]}]}]},{"Node Type":"Index Only Scan","Parent Relationship":"Inner","Parallel Aware":false,"Async Capable":false,"Scan Direction":"Forward","Index Name":"stock_pk","Relation Name":"stock","Schema":"public","Alias":"stock","Startup Cost":0.44,"Total Cost":519363.62,"Plan Rows":20000212,"Plan Width":6,"Actual Startup Time":0.046,"Actual Total Time":1406.607,"Actual Rows":19999994,"Actual Loops":1,"Output":["stock.s_w_id","stock.s_i_id"],"Heap Fetches":0,"Shared Hit Blocks":54673,"Shared Read Blocks":0,"Shared Dirtied Blocks":0,"Shared Written Blocks":0,"Local Hit Blocks":0,"Local Read Blocks":0,"Local Dirtied Blocks":0,"Local Written Blocks":0,"Temp Read Blocks":0,"Temp Written Blocks":0,"I/O Read Time":0.0,"I/O Write Time":0.0,"Temp I/O Read Time":0.0,"Temp I/O Write Time":0.0}]},{"Node Type":"Hash","Parent Relationship":"Inner","Parallel Aware":false,"Async Capable":false,"Startup Cost":219.01,"Total Cost":219.01,"Plan Rows":10001,"Plan Width":8,"Actual Startup Time":3.213,"Actual Total Time":3.215,"Actual Rows":10000,"Actual Loops":1,"Output":["supplier.su_suppkey","supplier.su_nationkey"],"Hash Buckets":16384,"Original Hash Buckets":16384,"Hash Batches":1,"Original Hash Batches":1,"Peak Memory Usage":519,"Shared Hit Blocks":0,"Shared Read Blocks":0,"Shared Dirtied Blocks":0,"Shared Written Blocks":0,"Local Hit Blocks":0,"Local Read Blocks":0,"Local Dirtied Blocks":0,"Local Written Blocks":0,"Temp Read Blocks":0,"Temp Written Blocks":0,"I/O Read Time":0.0,"I/O Write Time":0.0,"Temp I/O Read Time":0.0,"Temp I/O Write Time":0.0,"Plans":[{"Node Type":"Append","Parent Relationship":"Outer","Parallel Aware":false,"Async Capable":false,"Startup Cost":20.0,"Total Cost":219.01,"Plan Rows":10001,"Plan Width":8,"Actual Startup Time":0.013,"Actual Total Time":1.834,"Actual Rows":10000,"Actual Loops":1,"Shared Hit Blocks":0,"Shared Read Blocks":0,"Shared Dirtied Blocks":0,"Shared Written Blocks":0,"Local Hit Blocks":0,"Local Read Blocks":0,"Local Dirtied Blocks":0,"Local Written Blocks":0,"Temp Read Blocks":0,"Temp Written Blocks":0,"I/O Read Time":0.0,"I/O Write Time":0.0,"Temp I/O Read Time":0.0,"Temp I/O Write Time":0.0,"Subplans Removed":0,"Plans":[{"Node Type":"Custom Scan","Parent Relationship":"Member","Custom Plan Provider":"columnar scan","Parallel Aware":false,"Async Capable":false,"Relation Name":"supplier","Schema":"public","Alias":"supplier","Startup Cost":20.0,"Total Cost":215.0,"Plan Rows":10000,"Plan Width":8,"Actual Startup Time":0.012,"Actual Total Time":1.112,"Actual Rows":10000,"Actual Loops":1,"Output":["supplier.su_suppkey","supplier.su_nationkey"],"Rows Removed by Columnar Filter":0,"Columnar cache search mode":"native","Shared Hit Blocks":0,"Shared Read Blocks":0,"Shared Dirtied Blocks":0,"Shared Written Blocks":0,"Local Hit Blocks":0,"Local Read Blocks":0,"Local Dirtied Blocks":0,"Local Written Blocks":0,"Temp Read Blocks":0,"Temp Written Blocks":0,"I/O Read Time":0.0,"I/O Write Time":0.0,"Temp I/O Read Time":0.0,"Temp I/O Write Time":0.0},{"Node Type":"Seq Scan","Parent Relationship":"Member","Parallel Aware":false,"Async Capable":false,"Relation Name":"supplier","Schema":"public","Alias":"supplier","Startup Cost":0.0,"Total Cost":4.01,"Plan Rows":1,"Plan Width":8,"Actual Startup Time":0.0,"Actual Total Time":0.0,"Actual Rows":0,"Actual Loops":0,"Output":["supplier.su_suppkey","supplier.su_nationkey"],"Shared Hit Blocks":0,"Shared Read Blocks":0,"Shared Dirtied Blocks":0,"Shared Written Blocks":0,"Local Hit Blocks":0,"Local Read Blocks":0,"Local Dirtied Blocks":0,"Local Written Blocks":0,"Temp Read Blocks":0,"Temp Written Blocks":0,"I/O Read Time":0.0,"I/O Write Time":0.0,"Temp I/O Read Time":0.0,"Temp I/O Write Time":0.0}]}]}]}]}]}]},"Planning":{"Shared Hit Blocks":220,"Shared Read Blocks":0,"Shared Dirtied Blocks":0,"Shared Written Blocks":0,"Local Hit Blocks":0,"Local Read Blocks":0,"Local Dirtied Blocks":0,"Local Written Blocks":0,"Temp Read Blocks":0,"Temp Written Blocks":0,"I/O Read Time":0.0,"I/O Write Time":0.0,"Temp I/O Read Time":0.0,"Temp I/O Write Time":0.0},"Planning Time":5.706,"Triggers":[],"Execution Time":34617.328}]
[列存组合]: customer, order_line, orders, region, stock
[{"Plan":{"Node Type":"Sort","Parallel Aware":false,"Async Capable":false,"Startup Cost":2388894.7,"Total Cost":2388894.85,"Plan Rows":62,"Plan Width":40,"Actual Startup Time":10787.083,"Actual Total Time":10787.128,"Actual Rows":11,"Actual Loops":1,"Output":["nation.n_name","(sum(order_line.ol_amount))"],"Sort Key":["(sum(order_line.ol_amount)) DESC"],"Sort Method":"quicksort","Sort Space Used":25,"Sort Space Type":"Memory","Shared Hit Blocks":219,"Shared Read Blocks":0,"Shared Dirtied Blocks":0,"Shared Written Blocks":0,"Local Hit Blocks":0,"Local Read Blocks":0,"Local Dirtied Blocks":0,"Local Written Blocks":0,"Temp Read Blocks":67001,"Temp Written Blocks":67001,"I/O Read Time":0.0,"I/O Write Time":0.0,"Temp I/O Read Time":106.279,"Temp I/O Write Time":311.066,"Plans":[{"Node Type":"Aggregate","Strategy":"Sorted","Partial Mode":"Simple","Parent Relationship":"Outer","Parallel Aware":false,"Async Capable":false,"Startup Cost":2388741.06,"Total Cost":2388892.85,"Plan Rows":62,"Plan Width":40,"Actual Startup Time":10780.711,"Actual Total Time":10787.107,"Actual Rows":11,"Actual Loops":1,"Output":["nation.n_name","sum(order_line.ol_amount)"],"Group Key":["nation.n_name"],"Shared Hit Blocks":219,"Shared Read Blocks":0,"Shared Dirtied Blocks":0,"Shared Written Blocks":0,"Local Hit Blocks":0,"Local Read Blocks":0,"Local Dirtied Blocks":0,"Local Written Blocks":0,"Temp Read Blocks":67001,"Temp Written Blocks":67001,"I/O Read Time":0.0,"I/O Write Time":0.0,"Temp I/O Read Time":106.279,"Temp I/O Write Time":311.066,"Plans":[{"Node Type":"Sort","Parent Relationship":"Outer","Parallel Aware":false,"Async Capable":false,"Startup Cost":2388741.06,"Total Cost":2388791.4,"Plan Rows":20136,"Plan Width":12,"Actual Startup Time":10780.255,"Actual Total Time":10782.113,"Actual Rows":35044,"Actual Loops":1,"Output":["nation.n_name","order_line.ol_amount"],"Sort Key":["nation.n_name"],"Sort Method":"quicksort","Sort Space Used":3146,"Sort Space Type":"Memory","Shared Hit Blocks":219,"Shared Read Blocks":0,"Shared Dirtied Blocks":0,"Shared Written Blocks":0,"Local Hit Blocks":0,"Local Read Blocks":0,"Local Dirtied Blocks":0,"Local Written Blocks":0,"Temp Read Blocks":67001,"Temp Written Blocks":67001,"I/O Read Time":0.0,"I/O Write Time":0.0,"Temp I/O Read Time":106.279,"Temp I/O Write Time":311.066,"Plans":[{"Node Type":"Hash Join","Parent Relationship":"Outer","Parallel Aware":false,"Async Capable":false,"Join Type":"Inner","Startup Cost":869292.71,"Total Cost":2387301.59,"Plan Rows":20136,"Plan Width":12,"Actual Startup Time":4130.423,"Actual Total Time":10763.235,"Actual Rows":35044,"Actual Loops":1,"Output":["nation.n_name","order_line.ol_amount"],"Hash Cond":"((orders.o_c_id = customer.c_id) AND (orders.o_w_id = customer.c_w_id) AND (orders.o_d_id = customer.c_d_id) AND (supplier.su_nationkey = customer.c_nationkey))","Shared Hit Blocks":219,"Shared Read Blocks":0,"Shared Dirtied Blocks":0,"Shared Written Blocks":0,"Local Hit Blocks":0,"Local Read Blocks":0,"Local Dirtied Blocks":0,"Local Written Blocks":0,"Temp Read Blocks":67001,"Temp Written Blocks":67001,"I/O Read Time":0.0,"I/O Write Time":0.0,"Temp I/O Read Time":106.279,"Temp I/O Write Time":311.066,"Plans":[{"Node Type":"Hash Join","Parent Relationship":"Outer","Parallel Aware":false,"Async Capable":false,"Join Type":"Inner","Startup Cost":210196.42,"Total Cost":1666455.07,"Plan Rows":1242117,"Plan Width":34,"Actual Startup Time":1622.238,"Actual Total Time":6745.115,"Actual Rows":2982388,"Actual Loops":1,"Output":["orders.o_c_id","orders.o_w_id","orders.o_d_id","order_line.ol_amount","order_line.ol_w_id","order_line.ol_d_id","stock.s_w_id","supplier.su_nationkey","nation.n_name","nation.n_nationkey"],"Hash Cond":"((order_line.ol_w_id = orders.o_w_id) AND (order_line.ol_d_id = orders.o_d_id) AND (order_line.ol_o_id = orders.o_id))","Shared Hit Blocks":219,"Shared Read Blocks":0,"Shared Dirtied Blocks":0,"Shared Written Blocks":0,"Local Hit Blocks":0,"Local Read Blocks":0,"Local Dirtied Blocks":0,"Local Written Blocks":0,"Temp Read Blocks":23127,"Temp Written Blocks":23127,"I/O Read Time":0.0,"I/O Write Time":0.0,"Temp I/O Read Time":36.859,"Temp I/O Write Time":107.499,"Plans":[{"Node Type":"Hash Join","Parent Relationship":"Outer","Parallel Aware":false,"Async Capable":false,"Join Type":"Inner","Startup Cost":59022.58,"Total Cost":1311993.18,"Plan Rows":8467814,"Plan Width":34,"Actual Startup Time":1204.825,"Actual Total Time":4741.456,"Actual Rows":3000322,"Actual Loops":1,"Output":["order_line.ol_amount","order_line.ol_o_id","order_line.ol_w_id","order_line.ol_d_id","stock.s_w_id","supplier.su_nationkey","nation.n_name","nation.n_nationkey"],"Hash Cond":"(mod((stock.s_w_id * stock.s_i_id), 10000) = supplier.su_suppkey)","Shared Hit Blocks":219,"Shared Read Blocks":0,"Shared Dirtied Blocks":0,"Shared Written Blocks":0,"Local Hit Blocks":0,"Local Read Blocks":0,"Local Dirtied Blocks":0,"Local Written Blocks":0,"Temp Read Blocks":0,"Temp Written Blocks":0,"I/O Read Time":0.0,"I/O Write Time":0.0,"Temp I/O Read Time":0.0,"Temp I/O Write Time":0.0,"Plans":[{"Node Type":"Hash Join","Parent Relationship":"Outer","Parallel Aware":false,"Async Capable":false,"Join Type":"Inner","Startup Cost":58620.59,"Total Cost":962293.85,"Plan Rows":42339072,"Plan Width":22,"Actual Startup Time":1201.848,"Actual Total Time":3344.616,"Actual Rows":8620885,"Actual Loops":1,"Output":["order_line.ol_amount","order_line.ol_o_id","order_line.ol_w_id","order_line.ol_d_id","stock.s_w_id","stock.s_i_id"],"Hash Cond":"((order_line.ol_w_id = stock.s_w_id) AND (order_line.ol_i_id = stock.s_i_id))","Rows Removed by Bloom Filter":0,"Shared Hit Blocks":0,"Shared Read Blocks":0,"Shared Dirtied Blocks":0,"Shared Written Blocks":0,"Local Hit Blocks":0,"Local Read Blocks":0,"Local Dirtied Blocks":0,"Local Written Blocks":0,"Temp Read Blocks":0,"Temp Written Blocks":0,"I/O Read Time":0.0,"I/O Write Time":0.0,"Temp I/O Read Time":0.0,"Temp I/O Write Time":0.0,"Plans":[{"Node Type":"Append","Parent Relationship":"Outer","Parallel Aware":false,"Async Capable":false,"Startup Cost":20.0,"Total Cost":1072031.01,"Plan Rows":42039468,"Plan Width":20,"Actual Startup Time":249.53,"Actual Total Time":249.547,"Actual Rows":8620885,"Actual Loops":1,"Shared Hit Blocks":0,"Shared Read Blocks":0,"Shared Dirtied Blocks":0,"Shared Written Blocks":0,"Local Hit Blocks":0,"Local Read Blocks":0,"Local Dirtied Blocks":0,"Local Written Blocks":0,"Temp Read Blocks":0,"Temp Written Blocks":0,"I/O Read Time":0.0,"I/O Write Time":0.0,"Temp I/O Read Time":0.0,"Temp I/O Write Time":0.0,"Subplans Removed":0,"Plans":[{"Node Type":"Custom Scan","Parent Relationship":"Member","Custom Plan Provider":"columnar scan","Parallel Aware":false,"Async Capable":false,"Relation Name":"order_line","Schema":"public","Alias":"order_line","Startup Cost":20.0,"Total Cost":1072026.23,"Plan Rows":42039424,"Plan Width":20,"Actual Startup Time":249.527,"Actual Total Time":249.529,"Actual Rows":8620885,"Actual Loops":1,"Output":["order_line.ol_amount","order_line.ol_o_id","order_line.ol_w_id","order_line.ol_d_id","order_line.ol_i_id"],"Filter":"(order_line.ol_delivery_d >= '1992-01-02 20:10:02.27764'::timestamp without time zone)","Rows Removed by Filter":0,"Rows Removed by Columnar Filter":51372876,"Rows Filtered by Bloom Filter":0,"Dictionary Rows Filtered by Bloom Filter":51372876,"Columnar cache search mode":"native","Shared Hit Blocks":0,"Shared Read Blocks":0,"Shared Dirtied Blocks":0,"Shared Written Blocks":0,"Local Hit Blocks":0,"Local Read Blocks":0,"Local Dirtied Blocks":0,"Local Written Blocks":0,"Temp Read Blocks":0,"Temp Written Blocks":0,"I/O Read Time":0.0,"I/O Write Time":0.0,"Temp I/O Read Time":0.0,"Temp I/O Write Time":0.0},{"Node Type":"Seq Scan","Parent Relationship":"Member","Parallel Aware":false,"Async Capable":false,"Relation Name":"order_line","Schema":"public","Alias":"order_line","Startup Cost":0.0,"Total Cost":4.79,"Plan Rows":44,"Plan Width":20,"Actual Startup Time":0.0,"Actual Total Time":0.0,"Actual Rows":0,"Actual Loops":0,"Output":["order_line.ol_amount","order_line.ol_o_id","order_line.ol_w_id","order_line.ol_d_id","order_line.ol_i_id"],"Filter":"(order_line.ol_delivery_d >= '1992-01-02 20:10:02.27764'::timestamp without time zone)","Rows Removed by Filter":0,"Shared Hit Blocks":0,"Shared Read Blocks":0,"Shared Dirtied Blocks":0,"Shared Written Blocks":0,"Local Hit Blocks":0,"Local Read Blocks":0,"Local Dirtied Blocks":0,"Local Written Blocks":0,"Temp Read Blocks":0,"Temp Written Blocks":0,"I/O Read Time":0.0,"I/O Write Time":0.0,"Temp I/O Read Time":0.0,"Temp I/O Write Time":0.0}]},{"Node Type":"Hash","Parent Relationship":"Inner","Parallel Aware":false,"Async Capable":false,"Startup Cost":390026.22,"Total Cost":390026.22,"Plan Rows":20000212,"Plan Width":6,"Actual Rows":20000000,"Actual Loops":1,"Output":["stock.s_w_id","stock.s_i_id"],"Shared Hit Blocks":0,"Shared Read Blocks":0,"Shared Dirtied Blocks":0,"Shared Written Blocks":0,"Local Hit Blocks":0,"Local Read Blocks":0,"Local Dirtied Blocks":0,"Local Written Blocks":0,"Temp Read Blocks":0,"Temp Written Blocks":0,"I/O Read Time":0.0,"I/O Write Time":0.0,"Temp I/O Read Time":0.0,"Temp I/O Write Time":0.0,"Plans":[{"Node Type":"Append","Parent Relationship":"Outer","Parallel Aware":false,"Async Capable":false,"Startup Cost":20.0,"Total Cost":390026.22,"Plan Rows":20000212,"Plan Width":6,"Actual Startup Time":0.433,"Actual Total Time":0.435,"Actual Rows":20000000,"Actual Loops":1,"Shared Hit Blocks":0,"Shared Read Blocks":0,"Shared Dirtied Blocks":0,"Shared Written Blocks":0,"Local Hit Blocks":0,"Local Read Blocks":0,"Local Dirtied Blocks":0,"Local Written Blocks":0,"Temp Read Blocks":0,"Temp Written Blocks":0,"I/O Read Time":0.0,"I/O Write Time":0.0,"Temp I/O Read Time":0.0,"Temp I/O Write Time":0.0,"Subplans Removed":0,"Plans":[{"Node Type":"Custom Scan","Parent Relationship":"Member","Custom Plan Provider":"columnar scan","Parallel Aware":false,"Async Capable":false,"Relation Name":"stock","Schema":"public","Alias":"stock","Startup Cost":20.0,"Total Cost":390020.1,"Plan Rows":20000000,"Plan Width":6,"Actual Startup Time":0.432,"Actual Total Time":0.432,"Actual Rows":20000000,"Actual Loops":1,"Output":["stock.s_w_id","stock.s_i_id"],"Rows Removed by Columnar Filter":0,"Columnar cache search mode":"native","Shared Hit Blocks":0,"Shared Read Blocks":0,"Shared Dirtied Blocks":0,"Shared Written Blocks":0,"Local Hit Blocks":0,"Local Read Blocks":0,"Local Dirtied Blocks":0,"Local Written Blocks":0,"Temp Read Blocks":0,"Temp Written Blocks":0,"I/O Read Time":0.0,"I/O Write Time":0.0,"Temp I/O Read Time":0.0,"Temp I/O Write Time":0.0},{"Node Type":"Seq Scan","Parent Relationship":"Member","Parallel Aware":false,"Async Capable":false,"Relation Name":"stock","Schema":"public","Alias":"stock","Startup Cost":0.0,"Total Cost":6.12,"Plan Rows":212,"Plan Width":6,"Actual Startup Time":0.0,"Actual Total Time":0.0,"Actual Rows":0,"Actual Loops":0,"Output":["stock.s_w_id","stock.s_i_id"],"Shared Hit Blocks":0,"Shared Read Blocks":0,"Shared Dirtied Blocks":0,"Shared Written Blocks":0,"Local Hit Blocks":0,"Local Read Blocks":0,"Local Dirtied Blocks":0,"Local Written Blocks":0,"Temp Read Blocks":0,"Temp Written Blocks":0,"I/O Read Time":0.0,"I/O Write Time":0.0,"Temp I/O Read Time":0.0,"Temp I/O Write Time":0.0}]}]}]},{"Node Type":"Hash","Parent Relationship":"Inner","Parallel Aware":false,"Async Capable":false,"Startup Cost":376.99,"Total Cost":376.99,"Plan Rows":2000,"Plan Width":20,"Actual Startup Time":2.916,"Actual Total Time":2.928,"Actual Rows":3506,"Actual Loops":1,"Output":["supplier.su_suppkey","supplier.su_nationkey","nation.n_name","nation.n_nationkey"],"Hash Buckets":4096,"Original Hash Buckets":2048,"Hash Batches":1,"Original Hash Batches":1,"Peak Memory Usage":217,"Shared Hit Blocks":219,"Shared Read Blocks":0,"Shared Dirtied Blocks":0,"Shared Written Blocks":0,"Local Hit Blocks":0,"Local Read Blocks":0,"Local Dirtied Blocks":0,"Local Written Blocks":0,"Temp Read Blocks":0,"Temp Written Blocks":0,"I/O Read Time":0.0,"I/O Write Time":0.0,"Temp I/O Read Time":0.0,"Temp I/O Write Time":0.0,"Plans":[{"Node Type":"Hash Join","Parent Relationship":"Outer","Parallel Aware":false,"Async Capable":false,"Join Type":"Inner","Startup Cost":3.14,"Total Cost":376.99,"Plan Rows":2000,"Plan Width":20,"Actual Startup Time":0.079,"Actual Total Time":2.331,"Actual Rows":3506,"Actual Loops":1,"Output":["supplier.su_suppkey","supplier.su_nationkey","nation.n_name","nation.n_nationkey"],"Hash Cond":"(supplier.su_nationkey = nation.n_nationkey)","Shared Hit Blocks":219,"Shared Read Blocks":0,"Shared Dirtied Blocks":0,"Shared Written Blocks":0,"Local Hit Blocks":0,"Local Read Blocks":0,"Local Dirtied Blocks":0,"Local Written Blocks":0,"Temp Read Blocks":0,"Temp Written Blocks":0,"I/O Read Time":0.0,"I/O Write Time":0.0,"Temp I/O Read Time":0.0,"Temp I/O Write Time":0.0,"Plans":[{"Node Type":"Seq Scan","Parent Relationship":"Outer","Parallel Aware":false,"Async Capable":false,"Relation Name":"supplier","Schema":"public","Alias":"supplier","Startup Cost":0.0,"Total Cost":317.0,"Plan Rows":10000,"Plan Width":8,"Actual Startup Time":0.02,"Actual Total Time":0.823,"Actual Rows":10000,"Actual Loops":1,"Output":["supplier.su_suppkey","supplier.su_name","supplier.su_address","supplier.su_nationkey","supplier.su_phone","supplier.su_acctbal","supplier.su_comment"],"Shared Hit Blocks":217,"Shared Read Blocks":0,"Shared Dirtied Blocks":0,"Shared Written Blocks":0,"Local Hit Blocks":0,"Local Read Blocks":0,"Local Dirtied Blocks":0,"Local Written Blocks":0,"Temp Read Blocks":0,"Temp Written Blocks":0,"I/O Read Time":0.0,"I/O Write Time":0.0,"Temp I/O Read Time":0.0,"Temp I/O Write Time":0.0},{"Node Type":"Hash","Parent Relationship":"Inner","Parallel Aware":false,"Async Capable":false,"Startup Cost":2.99,"Total Cost":2.99,"Plan Rows":12,"Plan Width":12,"Actual Startup Time":0.049,"Actual Total Time":0.056,"Actual Rows":22,"Actual Loops":1,"Output":["nation.n_name","nation.n_nationkey"],"Hash Buckets":1024,"Original Hash Buckets":1024,"Hash Batches":1,"Original Hash Batches":1,"Peak Memory Usage":9,"Shared Hit Blocks":2,"Shared Read Blocks":0,"Shared Dirtied Blocks":0,"Shared Written Blocks":0,"Local Hit Blocks":0,"Local Read Blocks":0,"Local Dirtied Blocks":0,"Local Written Blocks":0,"Temp Read Blocks":0,"Temp Written Blocks":0,"I/O Read Time":0.0,"I/O Write Time":0.0,"Temp I/O Read Time":0.0,"Temp I/O Write Time":0.0,"Plans":[{"Node Type":"Hash Join","Parent Relationship":"Outer","Parallel Aware":false,"Async Capable":false,"Join Type":"Inner","Startup Cost":1.07,"Total Cost":2.99,"Plan Rows":12,"Plan Width":12,"Actual Startup Time":0.031,"Actual Total Time":0.049,"Actual Rows":22,"Actual Loops":1,"Output":["nation.n_name","nation.n_nationkey"],"Hash Cond":"(nation.n_regionkey = region.r_regionkey)","Shared Hit Blocks":2,"Shared Read Blocks":0,"Shared Dirtied Blocks":0,"Shared Written Blocks":0,"Local Hit Blocks":0,"Local Read Blocks":0,"Local Dirtied Blocks":0,"Local Written Blocks":0,"Temp Read Blocks":0,"Temp Written Blocks":0,"I/O Read Time":0.0,"I/O Write Time":0.0,"Temp I/O Read Time":0.0,"Temp I/O Write Time":0.0,"Plans":[{"Node Type":"Seq Scan","Parent Relationship":"Outer","Parallel Aware":false,"Async Capable":false,"Relation Name":"nation","Schema":"public","Alias":"nation","Startup Cost":0.0,"Total Cost":1.62,"Plan Rows":62,"Plan Width":16,"Actual Startup Time":0.005,"Actual Total Time":0.01,"Actual Rows":62,"Actual Loops":1,"Output":["nation.n_nationkey","nation.n_name","nation.n_regionkey","nation.n_comment"],"Shared Hit Blocks":1,"Shared Read Blocks":0,"Shared Dirtied Blocks":0,"Shared Written Blocks":0,"Local Hit Blocks":0,"Local Read Blocks":0,"Local Dirtied Blocks":0,"Local Written Blocks":0,"Temp Read Blocks":0,"Temp Written Blocks":0,"I/O Read Time":0.0,"I/O Write Time":0.0,"Temp I/O Read Time":0.0,"Temp I/O Write Time":0.0},{"Node Type":"Hash","Parent Relationship":"Inner","Parallel Aware":false,"Async Capable":false,"Startup Cost":1.06,"Total Cost":1.06,"Plan Rows":1,"Plan Width":4,"Actual Startup Time":0.014,"Actual Total Time":0.017,"Actual Rows":1,"Actual Loops":1,"Output":["region.r_regionkey"],"Hash Buckets":1024,"Original Hash Buckets":1024,"Hash Batches":1,"Original Hash Batches":1,"Peak Memory Usage":9,"Shared Hit Blocks":1,"Shared Read Blocks":0,"Shared Dirtied Blocks":0,"Shared Written Blocks":0,"Local Hit Blocks":0,"Local Read Blocks":0,"Local Dirtied Blocks":0,"Local Written Blocks":0,"Temp Read Blocks":0,"Temp Written Blocks":0,"I/O Read Time":0.0,"I/O Write Time":0.0,"Temp I/O Read Time":0.0,"Temp I/O Write Time":0.0,"Plans":[{"Node Type":"Seq Scan","Parent Relationship":"Outer","Parallel Aware":false,"Async Capable":false,"Relation Name":"region","Schema":"public","Alias":"region","Startup Cost":0.0,"Total Cost":1.06,"Plan Rows":1,"Plan Width":4,"Actual Startup Time":0.011,"Actual Total Time":0.012,"Actual Rows":1,"Actual Loops":1,"Output":["region.r_regionkey"],"Filter":"((region.r_name)::text = 'Europe'::text)","Rows Removed by Filter":4,"Shared Hit Blocks":1,"Shared Read Blocks":0,"Shared Dirtied Blocks":0,"Shared Written Blocks":0,"Local Hit Blocks":0,"Local Read Blocks":0,"Local Dirtied Blocks":0,"Local Written Blocks":0,"Temp Read Blocks":0,"Temp Written Blocks":0,"I/O Read Time":0.0,"I/O Write Time":0.0,"Temp I/O Read Time":0.0,"Temp I/O Write Time":0.0}]}]}]}]}]}]},{"Node Type":"Hash","Parent Relationship":"Inner","Parallel Aware":false,"Async Capable":false,"Startup Cost":131491.69,"Total Cost":131491.69,"Plan Rows":879323,"Plan Width":16,"Actual Startup Time":415.748,"Actual Total Time":415.752,"Actual Rows":856801,"Actual Loops":1,"Output":["orders.o_c_id","orders.o_w_id","orders.o_d_id","orders.o_id"],"Hash Buckets":262144,"Original Hash Buckets":262144,"Hash Batches":8,"Original Hash Batches":8,"Peak Memory Usage":7070,"Shared Hit Blocks":0,"Shared Read Blocks":0,"Shared Dirtied Blocks":0,"Shared Written Blocks":0,"Local Hit Blocks":0,"Local Read Blocks":0,"Local Dirtied Blocks":0,"Local Written Blocks":0,"Temp Read Blocks":0,"Temp Written Blocks":3290,"I/O Read Time":0.0,"I/O Write Time":0.0,"Temp I/O Read Time":0.0,"Temp I/O Write Time":15.009,"Plans":[{"Node Type":"Append","Parent Relationship":"Outer","Parallel Aware":false,"Async Capable":false,"Startup Cost":20.0,"Total Cost":131491.69,"Plan Rows":879323,"Plan Width":16,"Actual Startup Time":0.51,"Actual Total Time":210.506,"Actual Rows":856801,"Actual Loops":1,"Shared Hit Blocks":0,"Shared Read Blocks":0,"Shared Dirtied Blocks":0,"Shared Written Blocks":0,"Local Hit Blocks":0,"Local Read Blocks":0,"Local Dirtied Blocks":0,"Local Written Blocks":0,"Temp Read Blocks":0,"Temp Written Blocks":0,"I/O Read Time":0.0,"I/O Write Time":0.0,"Temp I/O Read Time":0.0,"Temp I/O Write Time":0.0,"Subplans Removed":0,"Plans":[{"Node Type":"Custom Scan","Parent Relationship":"Member","Custom Plan Provider":"columnar scan","Parallel Aware":false,"Async Capable":false,"Relation Name":"orders","Schema":"public","Alias":"orders","Startup Cost":20.0,"Total Cost":20684.21,"Plan Rows":879322,"Plan Width":16,"Actual Startup Time":0.508,"Actual Total Time":147.154,"Actual Rows":856801,"Actual Loops":1,"Output":["orders.o_c_id","orders.o_w_id","orders.o_d_id","orders.o_id"],"Filter":"((orders.o_entry_d < '1994-01-02 20:10:02.27764'::timestamp without time zone) AND (orders.o_entry_d >= '1993-01-02 20:10:02.27764'::timestamp without time zone))","Rows Removed by Filter":0,"Rows Removed by Columnar Filter":5143199,"Columnar cache search mode":"native","Shared Hit Blocks":0,"Shared Read Blocks":0,"Shared Dirtied Blocks":0,"Shared Written Blocks":0,"Local Hit Blocks":0,"Local Read Blocks":0,"Local Dirtied Blocks":0,"Local Written Blocks":0,"Temp Read Blocks":0,"Temp Written Blocks":0,"I/O Read Time":0.0,"I/O Write Time":0.0,"Temp I/O Read Time":0.0,"Temp I/O Write Time":0.0},{"Node Type":"Seq Scan","Parent Relationship":"Member","Parallel Aware":false,"Async Capable":false,"Relation Name":"orders","Schema":"public","Alias":"orders","Startup Cost":0.0,"Total Cost":4.01,"Plan Rows":1,"Plan Width":16,"Actual Startup Time":0.0,"Actual Total Time":0.0,"Actual Rows":0,"Actual Loops":0,"Output":["orders.o_c_id","orders.o_w_id","orders.o_d_id","orders.o_id"],"Filter":"((orders.o_entry_d < '1994-01-02 20:10:02.27764'::timestamp without time zone) AND (orders.o_entry_d >= '1993-01-02 20:10:02.27764'::timestamp without time zone))","Rows Removed by Filter":0,"Shared Hit Blocks":0,"Shared Read Blocks":0,"Shared Dirtied Blocks":0,"Shared Written Blocks":0,"Local Hit Blocks":0,"Local Read Blocks":0,"Local Dirtied Blocks":0,"Local Written Blocks":0,"Temp Read Blocks":0,"Temp Written Blocks":0,"I/O Read Time":0.0,"I/O Write Time":0.0,"Temp I/O Read Time":0.0,"Temp I/O Write Time":0.0}]}]}]},{"Node Type":"Hash","Parent Relationship":"Inner","Parallel Aware":false,"Async Capable":false,"Startup Cost":509795.49,"Total Cost":509795.49,"Plan Rows":6000140,"Plan Width":12,"Actual Startup Time":2405.67,"Actual Total Time":2405.672,"Actual Rows":6000000,"Actual Loops":1,"Output":["customer.c_id","customer.c_w_id","customer.c_d_id","customer.c_nationkey"],"Hash Buckets":262144,"Original Hash Buckets":262144,"Hash Batches":64,"Original Hash Batches":64,"Peak Memory Usage":6083,"Shared Hit Blocks":0,"Shared Read Blocks":0,"Shared Dirtied Blocks":0,"Shared Written Blocks":0,"Local Hit Blocks":0,"Local Read Blocks":0,"Local Dirtied Blocks":0,"Local Written Blocks":0,"Temp Read Blocks":0,"Temp Written Blocks":23035,"I/O Read Time":0.0,"I/O Write Time":0.0,"Temp I/O Read Time":0.0,"Temp I/O Write Time":105.08,"Plans":[{"Node Type":"Append","Parent Relationship":"Outer","Parallel Aware":false,"Async Capable":false,"Startup Cost":20.0,"Total Cost":509795.49,"Plan Rows":6000140,"Plan Width":12,"Actual Startup Time":0.031,"Actual Total Time":1348.067,"Actual Rows":6000000,"Actual Loops":1,"Shared Hit Blocks":0,"Shared Read Blocks":0,"Shared Dirtied Blocks":0,"Shared Written Blocks":0,"Local Hit Blocks":0,"Local Read Blocks":0,"Local Dirtied Blocks":0,"Local Written Blocks":0,"Temp Read Blocks":0,"Temp Written Blocks":0,"I/O Read Time":0.0,"I/O Write Time":0.0,"Temp I/O Read Time":0.0,"Temp I/O Write Time":0.0,"Subplans Removed":0,"Plans":[{"Node Type":"Custom Scan","Parent Relationship":"Member","Custom Plan Provider":"columnar scan","Parallel Aware":false,"Async Capable":false,"Relation Name":"customer","Schema":"public","Alias":"customer","Startup Cost":20.0,"Total Cost":141020.06,"Plan Rows":6000000,"Plan Width":12,"Actual Startup Time":0.029,"Actual Total Time":900.564,"Actual Rows":6000000,"Actual Loops":1,"Output":["customer.c_id","customer.c_w_id","customer.c_d_id","customer.c_nationkey"],"Rows Removed by Columnar Filter":0,"Columnar cache search mode":"native","Shared Hit Blocks":0,"Shared Read Blocks":0,"Shared Dirtied Blocks":0,"Shared Written Blocks":0,"Local Hit Blocks":0,"Local Read Blocks":0,"Local Dirtied Blocks":0,"Local Written Blocks":0,"Temp Read Blocks":0,"Temp Written Blocks":0,"I/O Read Time":0.0,"I/O Write Time":0.0,"Temp I/O Read Time":0.0,"Temp I/O Write Time":0.0},{"Node Type":"Seq Scan","Parent Relationship":"Member","Parallel Aware":false,"Async Capable":false,"Relation Name":"customer","Schema":"public","Alias":"customer","Startup Cost":0.0,"Total Cost":5.4,"Plan Rows":140,"Plan Width":12,"Actual Startup Time":0.0,"Actual Total Time":0.0,"Actual Rows":0,"Actual Loops":0,"Output":["customer.c_id","customer.c_w_id","customer.c_d_id","customer.c_nationkey"],"Shared Hit Blocks":0,"Shared Read Blocks":0,"Shared Dirtied Blocks":0,"Shared Written Blocks":0,"Local Hit Blocks":0,"Local Read Blocks":0,"Local Dirtied Blocks":0,"Local Written Blocks":0,"Temp Read Blocks":0,"Temp Written Blocks":0,"I/O Read Time":0.0,"I/O Write Time":0.0,"Temp I/O Read Time":0.0,"Temp I/O Write Time":0.0}]}]}]}]}]}]},"Planning":{"Shared Hit Blocks":220,"Shared Read Blocks":0,"Shared Dirtied Blocks":0,"Shared Written Blocks":0,"Local Hit Blocks":0,"Local Read Blocks":0,"Local Dirtied Blocks":0,"Local Written Blocks":0,"Temp Read Blocks":0,"Temp Written Blocks":0,"I/O Read Time":0.0,"I/O Write Time":0.0,"Temp I/O Read Time":0.0,"Temp I/O Write Time":0.0},"Planning Time":6.374,"Triggers":[],"Execution Time":10787.958}]
[列存组合]: customer, order_line, orders, region, supplier
[{"Plan":{"Node Type":"Sort","Parallel Aware":false,"Async Capable":false,"Startup Cost":4045380.14,"Total Cost":4045380.3,"Plan Rows":62,"Plan Width":40,"Actual Startup Time":20691.413,"Actual Total Time":20691.451,"Actual Rows":11,"Actual Loops":1,"Output":["nation.n_name","(sum(order_line.ol_amount))"],"Sort Key":["(sum(order_line.ol_amount)) DESC"],"Sort Method":"quicksort","Sort Space Used":25,"Sort Space Type":"Memory","Shared Hit Blocks":54675,"Shared Read Blocks":0,"Shared Dirtied Blocks":0,"Shared Written Blocks":0,"Local Hit Blocks":0,"Local Read Blocks":0,"Local Dirtied Blocks":0,"Local Written Blocks":0,"Temp Read Blocks":131755,"Temp Written Blocks":131809,"I/O Read Time":0.0,"I/O Write Time":0.0,"Temp I/O Read Time":208.591,"Temp I/O Write Time":548.225,"Plans":[{"Node Type":"Aggregate","Strategy":"Sorted","Partial Mode":"Simple","Parent Relationship":"Outer","Parallel Aware":false,"Async Capable":false,"Startup Cost":4045226.5,"Total Cost":4045378.3,"Plan Rows":62,"Plan Width":40,"Actual Startup Time":20685.433,"Actual Total Time":20691.433,"Actual Rows":11,"Actual Loops":1,"Output":["nation.n_name","sum(order_line.ol_amount)"],"Group Key":["nation.n_name"],"Shared Hit Blocks":54675,"Shared Read Blocks":0,"Shared Dirtied Blocks":0,"Shared Written Blocks":0,"Local Hit Blocks":0,"Local Read Blocks":0,"Local Dirtied Blocks":0,"Local Written Blocks":0,"Temp Read Blocks":131755,"Temp Written Blocks":131809,"I/O Read Time":0.0,"I/O Write Time":0.0,"Temp I/O Read Time":208.591,"Temp I/O Write Time":548.225,"Plans":[{"Node Type":"Sort","Parent Relationship":"Outer","Parallel Aware":false,"Async Capable":false,"Startup Cost":4045226.5,"Total Cost":4045276.84,"Plan Rows":20136,"Plan Width":12,"Actual Startup Time":20684.989,"Actual Total Time":20686.881,"Actual Rows":35044,"Actual Loops":1,"Output":["nation.n_name","order_line.ol_amount"],"Sort Key":["nation.n_name"],"Sort Method":"quicksort","Sort Space Used":3146,"Sort Space Type":"Memory","Shared Hit Blocks":54675,"Shared Read Blocks":0,"Shared Dirtied Blocks":0,"Shared Written Blocks":0,"Local Hit Blocks":0,"Local Read Blocks":0,"Local Dirtied Blocks":0,"Local Written Blocks":0,"Temp Read Blocks":131755,"Temp Written Blocks":131809,"I/O Read Time":0.0,"I/O Write Time":0.0,"Temp I/O Read Time":208.591,"Temp I/O Write Time":548.225,"Plans":[{"Node Type":"Hash Join","Parent Relationship":"Outer","Parallel Aware":false,"Async Capable":false,"Join Type":"Inner","Startup Cost":3395919.05,"Total Cost":4043787.03,"Plan Rows":20136,"Plan Width":12,"Actual Startup Time":16768.479,"Actual Total Time":20666.256,"Actual Rows":35044,"Actual Loops":1,"Output":["nation.n_name","order_line.ol_amount"],"Inner Unique":true,"Hash Cond":"((mod((stock.s_w_id * stock.s_i_id), 10000) = supplier.su_suppkey) AND (customer.c_nationkey = supplier.su_nationkey))","Shared Hit Blocks":54675,"Shared Read Blocks":0,"Shared Dirtied Blocks":0,"Shared Written Blocks":0,"Local Hit Blocks":0,"Local Read Blocks":0,"Local Dirtied Blocks":0,"Local Written Blocks":0,"Temp Read Blocks":131755,"Temp Written Blocks":131809,"I/O Read Time":0.0,"I/O Write Time":0.0,"Temp I/O Read Time":208.591,"Temp I/O Write Time":548.225,"Plans":[{"Node Type":"Merge Join","Parent Relationship":"Outer","Parallel Aware":false,"Async Capable":false,"Join Type":"Inner","Startup Cost":3395550.03,"Total Cost":4036583.03,"Plan Rows":1242717,"Plan Width":26,"Actual Startup Time":16764.961,"Actual Total Time":20378.701,"Actual Rows":2218175,"Actual Loops":1,"Output":["customer.c_nationkey","order_line.ol_amount","stock.s_w_id","stock.s_i_id","nation.n_name","nation.n_nationkey"],"Inner Unique":true,"Merge Cond":"((customer.c_w_id = stock.s_w_id) AND (order_line.ol_i_id = stock.s_i_id))","Shared Hit Blocks":54675,"Shared Read Blocks":0,"Shared Dirtied Blocks":0,"Shared Written Blocks":0,"Local Hit Blocks":0,"Local Read Blocks":0,"Local Dirtied Blocks":0,"Local Written Blocks":0,"Temp Read Blocks":131755,"Temp Written Blocks":131809,"I/O Read Time":0.0,"I/O Write Time":0.0,"Temp I/O Read Time":208.591,"Temp I/O Write Time":548.225,"Plans":[{"Node Type":"Sort","Parent Relationship":"Outer","Parallel Aware":false,"Async Capable":false,"Startup Cost":3395549.59,"Total Cost":3398630.13,"Plan Rows":1232214,"Plan Width":30,"Actual Startup Time":16764.901,"Actual Total Time":17360.99,"Actual Rows":2218175,"Actual Loops":1,"Output":["customer.c_w_id","customer.c_nationkey","orders.o_w_id","order_line.ol_amount","order_line.ol_w_id","order_line.ol_i_id","nation.n_name","nation.n_nationkey"],"Sort Key":["customer.c_w_id","order_line.ol_i_id"],"Sort Method":"external merge","Sort Space Used":94520,"Sort Space Type":"Disk","Shared Hit Blocks":2,"Shared Read Blocks":0,"Shared Dirtied Blocks":0,"Shared Written Blocks":0,"Local Hit Blocks":0,"Local Read Blocks":0,"Local Dirtied Blocks":0,"Local Written Blocks":0,"Temp Read Blocks":131755,"Temp Written Blocks":131809,"I/O Read Time":0.0,"I/O Write Time":0.0,"Temp I/O Read Time":208.591,"Temp I/O Write Time":548.225,"Plans":[{"Node Type":"Hash Join","Parent Relationship":"Outer","Parallel Aware":false,"Async Capable":false,"Join Type":"Inner","Startup Cost":795292.92,"Total Cost":3211925.76,"Plan Rows":1232214,"Plan Width":30,"Actual Startup Time":2764.196,"Actual Total Time":14131.931,"Actual Rows":2218175,"Actual Loops":1,"Output":["customer.c_w_id","customer.c_nationkey","orders.o_w_id","order_line.ol_amount","order_line.ol_w_id","order_line.ol_i_id","nation.n_name","nation.n_nationkey"],"Inner Unique":false,"Hash Cond":"(customer.c_nationkey = nation.n_nationkey)","Shared Hit Blocks":2,"Shared Read Blocks":0,"Shared Dirtied Blocks":0,"Shared Written Blocks":0,"Local Hit Blocks":0,"Local Read Blocks":0,"Local Dirtied Blocks":0,"Local Written Blocks":0,"Temp Read Blocks":108135,"Temp Written Blocks":108135,"I/O Read Time":0.0,"I/O Write Time":0.0,"Temp I/O Read Time":172.882,"Temp I/O Write Time":485.007,"Plans":[{"Node Type":"Hash Join","Parent Relationship":"Outer","Parallel Aware":false,"Async Capable":false,"Join Type":"Inner","Startup Cost":795289.78,"Total Cost":3176893.95,"Plan Rows":6161071,"Plan Width":18,"Actual Startup Time":2757.509,"Actual Total Time":13298.769,"Actual Rows":8568663,"Actual Loops":1,"Output":["customer.c_w_id","customer.c_nationkey","orders.o_w_id","order_line.ol_amount","order_line.ol_w_id","order_line.ol_i_id"],"Inner Unique":true,"Hash Cond":"((orders.o_c_id = customer.c_id) AND (orders.o_w_id = customer.c_w_id) AND (orders.o_d_id = customer.c_d_id))","Shared Hit Blocks":0,"Shared Read Blocks":0,"Shared Dirtied Blocks":0,"Shared Written Blocks":0,"Local Hit Blocks":0,"Local Read Blocks":0,"Local Dirtied Blocks":0,"Local Written Blocks":0,"Temp Read Blocks":108135,"Temp Written Blocks":108135,"I/O Read Time":0.0,"I/O Write Time":0.0,"Temp I/O Read Time":172.882,"Temp I/O Write Time":485.007,"Plans":[{"Node Type":"Hash Join","Parent Relationship":"Outer","Parallel Aware":false,"Async Capable":false,"Join Type":"Inner","Startup Cost":151193.84,"Total Cost":2382779.57,"Plan Rows":6161071,"Plan Width":20,"Actual Startup Time":414.712,"Actual Total Time":6675.83,"Actual Rows":8568663,"Actual Loops":1,"Output":["orders.o_c_id","orders.o_w_id","orders.o_d_id","order_line.ol_amount","order_line.ol_w_id","order_line.ol_d_id","order_line.ol_i_id"],"Inner Unique":true,"Hash Cond":"((order_line.ol_w_id = orders.o_w_id) AND (order_line.ol_d_id = orders.o_d_id) AND (order_line.ol_o_id = orders.o_id))","Shared Hit Blocks":0,"Shared Read Blocks":0,"Shared Dirtied Blocks":0,"Shared Written Blocks":0,"Local Hit Blocks":0,"Local Read Blocks":0,"Local Dirtied Blocks":0,"Local Written Blocks":0,"Temp Read Blocks":43816,"Temp Written Blocks":43816,"I/O Read Time":0.0,"I/O Write Time":0.0,"Temp I/O Read Time":70.899,"Temp I/O Write Time":189.218,"Plans":[{"Node Type":"Append","Parent Relationship":"Outer","Parallel Aware":false,"Async Capable":false,"Startup Cost":20.0,"Total Cost":1403598.82,"Plan Rows":42039468,"Plan Width":20,"Actual Startup Time":1.37,"Actual Total Time":2574.11,"Actual Rows":8620885,"Actual Loops":1,"Shared Hit Blocks":0,"Shared Read Blocks":0,"Shared Dirtied Blocks":0,"Shared Written Blocks":0,"Local Hit Blocks":0,"Local Read Blocks":0,"Local Dirtied Blocks":0,"Local Written Blocks":0,"Temp Read Blocks":0,"Temp Written Blocks":0,"I/O Read Time":0.0,"I/O Write Time":0.0,"Temp I/O Read Time":0.0,"Temp I/O Write Time":0.0,"Subplans Removed":0,"Plans":[{"Node Type":"Custom Scan","Parent Relationship":"Member","Custom Plan Provider":"columnar scan","Parallel Aware":false,"Async Capable":false,"Relation Name":"order_line","Schema":"public","Alias":"order_line","Startup Cost":20.0,"Total Cost":1072026.23,"Plan Rows":42039424,"Plan Width":20,"Actual Startup Time":1.369,"Actual Total Time":1974.673,"Actual Rows":8620885,"Actual Loops":1,"Output":["order_line.ol_amount","order_line.ol_o_id","order_line.ol_w_id","order_line.ol_d_id","order_line.ol_i_id"],"Filter":"(order_line.ol_delivery_d >= '1992-01-02 20:10:02.27764'::timestamp without time zone)","Rows Removed by Filter":0,"Rows Removed by Columnar Filter":51372876,"Rows Filtered by Bloom Filter":0,"Dictionary Rows Filtered by Bloom Filter":51372876,"Columnar cache search mode":"native","Shared Hit Blocks":0,"Shared Read Blocks":0,"Shared Dirtied Blocks":0,"Shared Written Blocks":0,"Local Hit Blocks":0,"Local Read Blocks":0,"Local Dirtied Blocks":0,"Local Written Blocks":0,"Temp Read Blocks":0,"Temp Written Blocks":0,"I/O Read Time":0.0,"I/O Write Time":0.0,"Temp I/O Read Time":0.0,"Temp I/O Write Time":0.0},{"Node Type":"Seq Scan","Parent Relationship":"Member","Parallel Aware":false,"Async Capable":false,"Relation Name":"order_line","Schema":"public","Alias":"order_line","Startup Cost":0.0,"Total Cost":4.79,"Plan Rows":44,"Plan Width":20,"Actual Startup Time":0.0,"Actual Total Time":0.0,"Actual Rows":0,"Actual Loops":0,"Output":["order_line.ol_amount","order_line.ol_o_id","order_line.ol_w_id","order_line.ol_d_id","order_line.ol_i_id"],"Filter":"(order_line.ol_delivery_d >= '1992-01-02 20:10:02.27764'::timestamp without time zone)","Rows Removed by Filter":0,"Shared Hit Blocks":0,"Shared Read Blocks":0,"Shared Dirtied Blocks":0,"Shared Written Blocks":0,"Local Hit Blocks":0,"Local Read Blocks":0,"Local Dirtied Blocks":0,"Local Written Blocks":0,"Temp Read Blocks":0,"Temp Written Blocks":0,"I/O Read Time":0.0,"I/O Write Time":0.0,"Temp I/O Read Time":0.0,"Temp I/O Write Time":0.0}]},{"Node Type":"Hash","Parent Relationship":"Inner","Parallel Aware":false,"Async Capable":false,"Startup Cost":131491.69,"Total Cost":131491.69,"Plan Rows":879323,"Plan Width":16,"Actual Startup Time":412.042,"Actual Total Time":412.049,"Actual Rows":856801,"Actual Loops":1,"Output":["orders.o_c_id","orders.o_w_id","orders.o_d_id","orders.o_id"],"Hash Buckets":262144,"Original Hash Buckets":262144,"Hash Batches":8,"Original Hash Batches":8,"Peak Memory Usage":7070,"Shared Hit Blocks":0,"Shared Read Blocks":0,"Shared Dirtied Blocks":0,"Shared Written Blocks":0,"Local Hit Blocks":0,"Local Read Blocks":0,"Local Dirtied Blocks":0,"Local Written Blocks":0,"Temp Read Blocks":0,"Temp Written Blocks":3290,"I/O Read Time":0.0,"I/O Write Time":0.0,"Temp I/O Read Time":0.0,"Temp I/O Write Time":14.358,"Plans":[{"Node Type":"Append","Parent Relationship":"Outer","Parallel Aware":false,"Async Capable":false,"Startup Cost":20.0,"Total Cost":131491.69,"Plan Rows":879323,"Plan Width":16,"Actual Startup Time":0.481,"Actual Total Time":211.526,"Actual Rows":856801,"Actual Loops":1,"Shared Hit Blocks":0,"Shared Read Blocks":0,"Shared Dirtied Blocks":0,"Shared Written Blocks":0,"Local Hit Blocks":0,"Local Read Blocks":0,"Local Dirtied Blocks":0,"Local Written Blocks":0,"Temp Read Blocks":0,"Temp Written Blocks":0,"I/O Read Time":0.0,"I/O Write Time":0.0,"Temp I/O Read Time":0.0,"Temp I/O Write Time":0.0,"Subplans Removed":0,"Plans":[{"Node Type":"Custom Scan","Parent Relationship":"Member","Custom Plan Provider":"columnar scan","Parallel Aware":false,"Async Capable":false,"Relation Name":"orders","Schema":"public","Alias":"orders","Startup Cost":20.0,"Total Cost":20684.21,"Plan Rows":879322,"Plan Width":16,"Actual Startup Time":0.48,"Actual Total Time":146.424,"Actual Rows":856801,"Actual Loops":1,"Output":["orders.o_c_id","orders.o_w_id","orders.o_d_id","orders.o_id"],"Filter":"((orders.o_entry_d < '1994-01-02 20:10:02.27764'::timestamp without time zone) AND (orders.o_entry_d >= '1993-01-02 20:10:02.27764'::timestamp without time zone))","Rows Removed by Filter":0,"Rows Removed by Columnar Filter":5143199,"Columnar cache search mode":"native","Shared Hit Blocks":0,"Shared Read Blocks":0,"Shared Dirtied Blocks":0,"Shared Written Blocks":0,"Local Hit Blocks":0,"Local Read Blocks":0,"Local Dirtied Blocks":0,"Local Written Blocks":0,"Temp Read Blocks":0,"Temp Written Blocks":0,"I/O Read Time":0.0,"I/O Write Time":0.0,"Temp I/O Read Time":0.0,"Temp I/O Write Time":0.0},{"Node Type":"Seq Scan","Parent Relationship":"Member","Parallel Aware":false,"Async Capable":false,"Relation Name":"orders","Schema":"public","Alias":"orders","Startup Cost":0.0,"Total Cost":4.01,"Plan Rows":1,"Plan Width":16,"Actual Startup Time":0.0,"Actual Total Time":0.0,"Actual Rows":0,"Actual Loops":0,"Output":["orders.o_c_id","orders.o_w_id","orders.o_d_id","orders.o_id"],"Filter":"((orders.o_entry_d < '1994-01-02 20:10:02.27764'::timestamp without time zone) AND (orders.o_entry_d >= '1993-01-02 20:10:02.27764'::timestamp without time zone))","Rows Removed by Filter":0,"Shared Hit Blocks":0,"Shared Read Blocks":0,"Shared Dirtied Blocks":0,"Shared Written Blocks":0,"Local Hit Blocks":0,"Local Read Blocks":0,"Local Dirtied Blocks":0,"Local Written Blocks":0,"Temp Read Blocks":0,"Temp Written Blocks":0,"I/O Read Time":0.0,"I/O Write Time":0.0,"Temp I/O Read Time":0.0,"Temp I/O Write Time":0.0}]}]}]},{"Node Type":"Hash","Parent Relationship":"Inner","Parallel Aware":false,"Async Capable":false,"Startup Cost":509795.49,"Total Cost":509795.49,"Plan Rows":6000140,"Plan Width":12,"Actual Startup Time":2336.7,"Actual Total Time":2336.706,"Actual Rows":6000000,"Actual Loops":1,"Output":["customer.c_id","customer.c_w_id","customer.c_d_id","customer.c_nationkey"],"Hash Buckets":262144,"Original Hash Buckets":262144,"Hash Batches":64,"Original Hash Batches":64,"Peak Memory Usage":6073,"Shared Hit Blocks":0,"Shared Read Blocks":0,"Shared Dirtied Blocks":0,"Shared Written Blocks":0,"Local Hit Blocks":0,"Local Read Blocks":0,"Local Dirtied Blocks":0,"Local Written Blocks":0,"Temp Read Blocks":0,"Temp Written Blocks":23037,"I/O Read Time":0.0,"I/O Write Time":0.0,"Temp I/O Read Time":0.0,"Temp I/O Write Time":101.866,"Plans":[{"Node Type":"Append","Parent Relationship":"Outer","Parallel Aware":false,"Async Capable":false,"Startup Cost":20.0,"Total Cost":509795.49,"Plan Rows":6000140,"Plan Width":12,"Actual Startup Time":0.012,"Actual Total Time":1327.269,"Actual Rows":6000000,"Actual Loops":1,"Shared Hit Blocks":0,"Shared Read Blocks":0,"Shared Dirtied Blocks":0,"Shared Written Blocks":0,"Local Hit Blocks":0,"Local Read Blocks":0,"Local Dirtied Blocks":0,"Local Written Blocks":0,"Temp Read Blocks":0,"Temp Written Blocks":0,"I/O Read Time":0.0,"I/O Write Time":0.0,"Temp I/O Read Time":0.0,"Temp I/O Write Time":0.0,"Subplans Removed":0,"Plans":[{"Node Type":"Custom Scan","Parent Relationship":"Member","Custom Plan Provider":"columnar scan","Parallel Aware":false,"Async Capable":false,"Relation Name":"customer","Schema":"public","Alias":"customer","Startup Cost":20.0,"Total Cost":141020.06,"Plan Rows":6000000,"Plan Width":12,"Actual Startup Time":0.012,"Actual Total Time":906.478,"Actual Rows":6000000,"Actual Loops":1,"Output":["customer.c_id","customer.c_w_id","customer.c_d_id","customer.c_nationkey"],"Rows Removed by Columnar Filter":0,"Columnar cache search mode":"native","Shared Hit Blocks":0,"Shared Read Blocks":0,"Shared Dirtied Blocks":0,"Shared Written Blocks":0,"Local Hit Blocks":0,"Local Read Blocks":0,"Local Dirtied Blocks":0,"Local Written Blocks":0,"Temp Read Blocks":0,"Temp Written Blocks":0,"I/O Read Time":0.0,"I/O Write Time":0.0,"Temp I/O Read Time":0.0,"Temp I/O Write Time":0.0},{"Node Type":"Seq Scan","Parent Relationship":"Member","Parallel Aware":false,"Async Capable":false,"Relation Name":"customer","Schema":"public","Alias":"customer","Startup Cost":0.0,"Total Cost":5.4,"Plan Rows":140,"Plan Width":12,"Actual Startup Time":0.0,"Actual Total Time":0.0,"Actual Rows":0,"Actual Loops":0,"Output":["customer.c_id","customer.c_w_id","customer.c_d_id","customer.c_nationkey"],"Shared Hit Blocks":0,"Shared Read Blocks":0,"Shared Dirtied Blocks":0,"Shared Written Blocks":0,"Local Hit Blocks":0,"Local Read Blocks":0,"Local Dirtied Blocks":0,"Local Written Blocks":0,"Temp Read Blocks":0,"Temp Written Blocks":0,"I/O Read Time":0.0,"I/O Write Time":0.0,"Temp I/O Read Time":0.0,"Temp I/O Write Time":0.0}]}]}]},{"Node Type":"Hash","Parent Relationship":"Inner","Parallel Aware":false,"Async Capable":false,"Startup Cost":2.99,"Total Cost":2.99,"Plan Rows":12,"Plan Width":12,"Actual Startup Time":0.042,"Actual Total Time":0.048,"Actual Rows":22,"Actual Loops":1,"Output":["nation.n_name","nation.n_nationkey"],"Hash Buckets":1024,"Original Hash Buckets":1024,"Hash Batches":1,"Original Hash Batches":1,"Peak Memory Usage":9,"Shared Hit Blocks":2,"Shared Read Blocks":0,"Shared Dirtied Blocks":0,"Shared Written Blocks":0,"Local Hit Blocks":0,"Local Read Blocks":0,"Local Dirtied Blocks":0,"Local Written Blocks":0,"Temp Read Blocks":0,"Temp Written Blocks":0,"I/O Read Time":0.0,"I/O Write Time":0.0,"Temp I/O Read Time":0.0,"Temp I/O Write Time":0.0,"Plans":[{"Node Type":"Hash Join","Parent Relationship":"Outer","Parallel Aware":false,"Async Capable":false,"Join Type":"Inner","Startup Cost":1.07,"Total Cost":2.99,"Plan Rows":12,"Plan Width":12,"Actual Startup Time":0.026,"Actual Total Time":0.042,"Actual Rows":22,"Actual Loops":1,"Output":["nation.n_name","nation.n_nationkey"],"Inner Unique":true,"Hash Cond":"(nation.n_regionkey = region.r_regionkey)","Shared Hit Blocks":2,"Shared Read Blocks":0,"Shared Dirtied Blocks":0,"Shared Written Blocks":0,"Local Hit Blocks":0,"Local Read Blocks":0,"Local Dirtied Blocks":0,"Local Written Blocks":0,"Temp Read Blocks":0,"Temp Written Blocks":0,"I/O Read Time":0.0,"I/O Write Time":0.0,"Temp I/O Read Time":0.0,"Temp I/O Write Time":0.0,"Plans":[{"Node Type":"Seq Scan","Parent Relationship":"Outer","Parallel Aware":false,"Async Capable":false,"Relation Name":"nation","Schema":"public","Alias":"nation","Startup Cost":0.0,"Total Cost":1.62,"Plan Rows":62,"Plan Width":16,"Actual Startup Time":0.007,"Actual Total Time":0.011,"Actual Rows":62,"Actual Loops":1,"Output":["nation.n_nationkey","nation.n_name","nation.n_regionkey","nation.n_comment"],"Shared Hit Blocks":1,"Shared Read Blocks":0,"Shared Dirtied Blocks":0,"Shared Written Blocks":0,"Local Hit Blocks":0,"Local Read Blocks":0,"Local Dirtied Blocks":0,"Local Written Blocks":0,"Temp Read Blocks":0,"Temp Written Blocks":0,"I/O Read Time":0.0,"I/O Write Time":0.0,"Temp I/O Read Time":0.0,"Temp I/O Write Time":0.0},{"Node Type":"Hash","Parent Relationship":"Inner","Parallel Aware":false,"Async Capable":false,"Startup Cost":1.06,"Total Cost":1.06,"Plan Rows":1,"Plan Width":4,"Actual Startup Time":0.009,"Actual Total Time":0.011,"Actual Rows":1,"Actual Loops":1,"Output":["region.r_regionkey"],"Hash Buckets":1024,"Original Hash Buckets":1024,"Hash Batches":1,"Original Hash Batches":1,"Peak Memory Usage":9,"Shared Hit Blocks":1,"Shared Read Blocks":0,"Shared Dirtied Blocks":0,"Shared Written Blocks":0,"Local Hit Blocks":0,"Local Read Blocks":0,"Local Dirtied Blocks":0,"Local Written Blocks":0,"Temp Read Blocks":0,"Temp Written Blocks":0,"I/O Read Time":0.0,"I/O Write Time":0.0,"Temp I/O Read Time":0.0,"Temp I/O Write Time":0.0,"Plans":[{"Node Type":"Seq Scan","Parent Relationship":"Outer","Parallel Aware":false,"Async Capable":false,"Relation Name":"region","Schema":"public","Alias":"region","Startup Cost":0.0,"Total Cost":1.06,"Plan Rows":1,"Plan Width":4,"Actual Startup Time":0.007,"Actual Total Time":0.008,"Actual Rows":1,"Actual Loops":1,"Output":["region.r_regionkey"],"Filter":"((region.r_name)::text = 'Europe'::text)","Rows Removed by Filter":4,"Shared Hit Blocks":1,"Shared Read Blocks":0,"Shared Dirtied Blocks":0,"Shared Written Blocks":0,"Local Hit Blocks":0,"Local Read Blocks":0,"Local Dirtied Blocks":0,"Local Written Blocks":0,"Temp Read Blocks":0,"Temp Written Blocks":0,"I/O Read Time":0.0,"I/O Write Time":0.0,"Temp I/O Read Time":0.0,"Temp I/O Write Time":0.0}]}]}]}]}]},{"Node Type":"Index Only Scan","Parent Relationship":"Inner","Parallel Aware":false,"Async Capable":false,"Scan Direction":"Forward","Index Name":"stock_pk","Relation Name":"stock","Schema":"public","Alias":"stock","Startup Cost":0.44,"Total Cost":519363.62,"Plan Rows":20000212,"Plan Width":6,"Actual Startup Time":0.044,"Actual Total Time":1399.37,"Actual Rows":19999994,"Actual Loops":1,"Output":["stock.s_w_id","stock.s_i_id"],"Heap Fetches":0,"Shared Hit Blocks":54673,"Shared Read Blocks":0,"Shared Dirtied Blocks":0,"Shared Written Blocks":0,"Local Hit Blocks":0,"Local Read Blocks":0,"Local Dirtied Blocks":0,"Local Written Blocks":0,"Temp Read Blocks":0,"Temp Written Blocks":0,"I/O Read Time":0.0,"I/O Write Time":0.0,"Temp I/O Read Time":0.0,"Temp I/O Write Time":0.0}]},{"Node Type":"Hash","Parent Relationship":"Inner","Parallel Aware":false,"Async Capable":false,"Startup Cost":219.01,"Total Cost":219.01,"Plan Rows":10001,"Plan Width":8,"Actual Startup Time":3.08,"Actual Total Time":3.082,"Actual Rows":10000,"Actual Loops":1,"Output":["supplier.su_suppkey","supplier.su_nationkey"],"Hash Buckets":16384,"Original Hash Buckets":16384,"Hash Batches":1,"Original Hash Batches":1,"Peak Memory Usage":519,"Shared Hit Blocks":0,"Shared Read Blocks":0,"Shared Dirtied Blocks":0,"Shared Written Blocks":0,"Local Hit Blocks":0,"Local Read Blocks":0,"Local Dirtied Blocks":0,"Local Written Blocks":0,"Temp Read Blocks":0,"Temp Written Blocks":0,"I/O Read Time":0.0,"I/O Write Time":0.0,"Temp I/O Read Time":0.0,"Temp I/O Write Time":0.0,"Plans":[{"Node Type":"Append","Parent Relationship":"Outer","Parallel Aware":false,"Async Capable":false,"Startup Cost":20.0,"Total Cost":219.01,"Plan Rows":10001,"Plan Width":8,"Actual Startup Time":0.014,"Actual Total Time":1.787,"Actual Rows":10000,"Actual Loops":1,"Shared Hit Blocks":0,"Shared Read Blocks":0,"Shared Dirtied Blocks":0,"Shared Written Blocks":0,"Local Hit Blocks":0,"Local Read Blocks":0,"Local Dirtied Blocks":0,"Local Written Blocks":0,"Temp Read Blocks":0,"Temp Written Blocks":0,"I/O Read Time":0.0,"I/O Write Time":0.0,"Temp I/O Read Time":0.0,"Temp I/O Write Time":0.0,"Subplans Removed":0,"Plans":[{"Node Type":"Custom Scan","Parent Relationship":"Member","Custom Plan Provider":"columnar scan","Parallel Aware":false,"Async Capable":false,"Relation Name":"supplier","Schema":"public","Alias":"supplier","Startup Cost":20.0,"Total Cost":215.0,"Plan Rows":10000,"Plan Width":8,"Actual Startup Time":0.013,"Actual Total Time":1.078,"Actual Rows":10000,"Actual Loops":1,"Output":["supplier.su_suppkey","supplier.su_nationkey"],"Rows Removed by Columnar Filter":0,"Columnar cache search mode":"native","Shared Hit Blocks":0,"Shared Read Blocks":0,"Shared Dirtied Blocks":0,"Shared Written Blocks":0,"Local Hit Blocks":0,"Local Read Blocks":0,"Local Dirtied Blocks":0,"Local Written Blocks":0,"Temp Read Blocks":0,"Temp Written Blocks":0,"I/O Read Time":0.0,"I/O Write Time":0.0,"Temp I/O Read Time":0.0,"Temp I/O Write Time":0.0},{"Node Type":"Seq Scan","Parent Relationship":"Member","Parallel Aware":false,"Async Capable":false,"Relation Name":"supplier","Schema":"public","Alias":"supplier","Startup Cost":0.0,"Total Cost":4.01,"Plan Rows":1,"Plan Width":8,"Actual Startup Time":0.0,"Actual Total Time":0.0,"Actual Rows":0,"Actual Loops":0,"Output":["supplier.su_suppkey","supplier.su_nationkey"],"Shared Hit Blocks":0,"Shared Read Blocks":0,"Shared Dirtied Blocks":0,"Shared Written Blocks":0,"Local Hit Blocks":0,"Local Read Blocks":0,"Local Dirtied Blocks":0,"Local Written Blocks":0,"Temp Read Blocks":0,"Temp Written Blocks":0,"I/O Read Time":0.0,"I/O Write Time":0.0,"Temp I/O Read Time":0.0,"Temp I/O Write Time":0.0}]}]}]}]}]}]},"Planning":{"Shared Hit Blocks":220,"Shared Read Blocks":0,"Shared Dirtied Blocks":0,"Shared Written Blocks":0,"Local Hit Blocks":0,"Local Read Blocks":0,"Local Dirtied Blocks":0,"Local Written Blocks":0,"Temp Read Blocks":0,"Temp Written Blocks":0,"I/O Read Time":0.0,"I/O Write Time":0.0,"Temp I/O Read Time":0.0,"Temp I/O Write Time":0.0},"Planning Time":5.742,"Triggers":[],"Execution Time":20707.942}]
[列存组合]: customer, order_line, orders, stock, supplier
[{"Plan":{"Node Type":"Sort","Parallel Aware":false,"Async Capable":false,"Startup Cost":2388796.72,"Total Cost":2388796.88,"Plan Rows":62,"Plan Width":40,"Actual Startup Time":10750.212,"Actual Total Time":10750.242,"Actual Rows":11,"Actual Loops":1,"Output":["nation.n_name","(sum(order_line.ol_amount))"],"Sort Key":["(sum(order_line.ol_amount)) DESC"],"Sort Method":"quicksort","Sort Space Used":25,"Sort Space Type":"Memory","Shared Hit Blocks":2,"Shared Read Blocks":0,"Shared Dirtied Blocks":0,"Shared Written Blocks":0,"Local Hit Blocks":0,"Local Read Blocks":0,"Local Dirtied Blocks":0,"Local Written Blocks":0,"Temp Read Blocks":67001,"Temp Written Blocks":67001,"I/O Read Time":0.0,"I/O Write Time":0.0,"Temp I/O Read Time":105.265,"Temp I/O Write Time":306.479,"Plans":[{"Node Type":"Aggregate","Strategy":"Sorted","Partial Mode":"Simple","Parent Relationship":"Outer","Parallel Aware":false,"Async Capable":false,"Startup Cost":2388643.08,"Total Cost":2388794.88,"Plan Rows":62,"Plan Width":40,"Actual Startup Time":10744.101,"Actual Total Time":10750.222,"Actual Rows":11,"Actual Loops":1,"Output":["nation.n_name","sum(order_line.ol_amount)"],"Group Key":["nation.n_name"],"Shared Hit Blocks":2,"Shared Read Blocks":0,"Shared Dirtied Blocks":0,"Shared Written Blocks":0,"Local Hit Blocks":0,"Local Read Blocks":0,"Local Dirtied Blocks":0,"Local Written Blocks":0,"Temp Read Blocks":67001,"Temp Written Blocks":67001,"I/O Read Time":0.0,"I/O Write Time":0.0,"Temp I/O Read Time":105.265,"Temp I/O Write Time":306.479,"Plans":[{"Node Type":"Sort","Parent Relationship":"Outer","Parallel Aware":false,"Async Capable":false,"Startup Cost":2388643.08,"Total Cost":2388693.42,"Plan Rows":20136,"Plan Width":12,"Actual Startup Time":10743.666,"Actual Total Time":10745.506,"Actual Rows":35044,"Actual Loops":1,"Output":["nation.n_name","order_line.ol_amount"],"Sort Key":["nation.n_name"],"Sort Method":"quicksort","Sort Space Used":3146,"Sort Space Type":"Memory","Shared Hit Blocks":2,"Shared Read Blocks":0,"Shared Dirtied Blocks":0,"Shared Written Blocks":0,"Local Hit Blocks":0,"Local Read Blocks":0,"Local Dirtied Blocks":0,"Local Written Blocks":0,"Temp Read Blocks":67001,"Temp Written Blocks":67001,"I/O Read Time":0.0,"I/O Write Time":0.0,"Temp I/O Read Time":105.265,"Temp I/O Write Time":306.479,"Plans":[{"Node Type":"Hash Join","Parent Relationship":"Outer","Parallel Aware":false,"Async Capable":false,"Join Type":"Inner","Startup Cost":869194.74,"Total Cost":2387203.61,"Plan Rows":20136,"Plan Width":12,"Actual Startup Time":4020.05,"Actual Total Time":10726.824,"Actual Rows":35044,"Actual Loops":1,"Output":["nation.n_name","order_line.ol_amount"],"Hash Cond":"((orders.o_c_id = customer.c_id) AND (orders.o_w_id = customer.c_w_id) AND (orders.o_d_id = customer.c_d_id) AND (supplier.su_nationkey = customer.c_nationkey))","Shared Hit Blocks":2,"Shared Read Blocks":0,"Shared Dirtied Blocks":0,"Shared Written Blocks":0,"Local Hit Blocks":0,"Local Read Blocks":0,"Local Dirtied Blocks":0,"Local Written Blocks":0,"Temp Read Blocks":67001,"Temp Written Blocks":67001,"I/O Read Time":0.0,"I/O Write Time":0.0,"Temp I/O Read Time":105.265,"Temp I/O Write Time":306.479,"Plans":[{"Node Type":"Hash Join","Parent Relationship":"Outer","Parallel Aware":false,"Async Capable":false,"Join Type":"Inner","Startup Cost":210098.45,"Total Cost":1666357.09,"Plan Rows":1242117,"Plan Width":34,"Actual Startup Time":1578.735,"Actual Total Time":6736.845,"Actual Rows":2982388,"Actual Loops":1,"Output":["orders.o_c_id","orders.o_w_id","orders.o_d_id","order_line.ol_amount","order_line.ol_w_id","order_line.ol_d_id","stock.s_w_id","supplier.su_nationkey","nation.n_name","nation.n_nationkey"],"Hash Cond":"((order_line.ol_w_id = orders.o_w_id) AND (order_line.ol_d_id = orders.o_d_id) AND (order_line.ol_o_id = orders.o_id))","Shared Hit Blocks":2,"Shared Read Blocks":0,"Shared Dirtied Blocks":0,"Shared Written Blocks":0,"Local Hit Blocks":0,"Local Read Blocks":0,"Local Dirtied Blocks":0,"Local Written Blocks":0,"Temp Read Blocks":23127,"Temp Written Blocks":23127,"I/O Read Time":0.0,"I/O Write Time":0.0,"Temp I/O Read Time":36.362,"Temp I/O Write Time":106.294,"Plans":[{"Node Type":"Hash Join","Parent Relationship":"Outer","Parallel Aware":false,"Async Capable":false,"Join Type":"Inner","Startup Cost":58924.61,"Total Cost":1311895.2,"Plan Rows":8467814,"Plan Width":34,"Actual Startup Time":1171.238,"Actual Total Time":4743.781,"Actual Rows":3000322,"Actual Loops":1,"Output":["order_line.ol_amount","order_line.ol_o_id","order_line.ol_w_id","order_line.ol_d_id","stock.s_w_id","supplier.su_nationkey","nation.n_name","nation.n_nationkey"],"Hash Cond":"(mod((stock.s_w_id * stock.s_i_id), 10000) = supplier.su_suppkey)","Shared Hit Blocks":2,"Shared Read Blocks":0,"Shared Dirtied Blocks":0,"Shared Written Blocks":0,"Local Hit Blocks":0,"Local Read Blocks":0,"Local Dirtied Blocks":0,"Local Written Blocks":0,"Temp Read Blocks":0,"Temp Written Blocks":0,"I/O Read Time":0.0,"I/O Write Time":0.0,"Temp I/O Read Time":0.0,"Temp I/O Write Time":0.0,"Plans":[{"Node Type":"Hash Join","Parent Relationship":"Outer","Parallel Aware":false,"Async Capable":false,"Join Type":"Inner","Startup Cost":58620.59,"Total Cost":962293.85,"Plan Rows":42339072,"Plan Width":22,"Actual Startup Time":1168.739,"Actual Total Time":3339.179,"Actual Rows":8620885,"Actual Loops":1,"Output":["order_line.ol_amount","order_line.ol_o_id","order_line.ol_w_id","order_line.ol_d_id","stock.s_w_id","stock.s_i_id"],"Hash Cond":"((order_line.ol_w_id = stock.s_w_id) AND (order_line.ol_i_id = stock.s_i_id))","Rows Removed by Bloom Filter":0,"Shared Hit Blocks":0,"Shared Read Blocks":0,"Shared Dirtied Blocks":0,"Shared Written Blocks":0,"Local Hit Blocks":0,"Local Read Blocks":0,"Local Dirtied Blocks":0,"Local Written Blocks":0,"Temp Read Blocks":0,"Temp Written Blocks":0,"I/O Read Time":0.0,"I/O Write Time":0.0,"Temp I/O Read Time":0.0,"Temp I/O Write Time":0.0,"Plans":[{"Node Type":"Append","Parent Relationship":"Outer","Parallel Aware":false,"Async Capable":false,"Startup Cost":20.0,"Total Cost":1072031.01,"Plan Rows":42039468,"Plan Width":20,"Actual Startup Time":247.929,"Actual Total Time":247.936,"Actual Rows":8620885,"Actual Loops":1,"Shared Hit Blocks":0,"Shared Read Blocks":0,"Shared Dirtied Blocks":0,"Shared Written Blocks":0,"Local Hit Blocks":0,"Local Read Blocks":0,"Local Dirtied Blocks":0,"Local Written Blocks":0,"Temp Read Blocks":0,"Temp Written Blocks":0,"I/O Read Time":0.0,"I/O Write Time":0.0,"Temp I/O Read Time":0.0,"Temp I/O Write Time":0.0,"Subplans Removed":0,"Plans":[{"Node Type":"Custom Scan","Parent Relationship":"Member","Custom Plan Provider":"columnar scan","Parallel Aware":false,"Async Capable":false,"Relation Name":"order_line","Schema":"public","Alias":"order_line","Startup Cost":20.0,"Total Cost":1072026.23,"Plan Rows":42039424,"Plan Width":20,"Actual Startup Time":247.927,"Actual Total Time":247.929,"Actual Rows":8620885,"Actual Loops":1,"Output":["order_line.ol_amount","order_line.ol_o_id","order_line.ol_w_id","order_line.ol_d_id","order_line.ol_i_id"],"Filter":"(order_line.ol_delivery_d >= '1992-01-02 20:10:02.27764'::timestamp without time zone)","Rows Removed by Filter":0,"Rows Removed by Columnar Filter":51372876,"Rows Filtered by Bloom Filter":0,"Dictionary Rows Filtered by Bloom Filter":51372876,"Columnar cache search mode":"native","Shared Hit Blocks":0,"Shared Read Blocks":0,"Shared Dirtied Blocks":0,"Shared Written Blocks":0,"Local Hit Blocks":0,"Local Read Blocks":0,"Local Dirtied Blocks":0,"Local Written Blocks":0,"Temp Read Blocks":0,"Temp Written Blocks":0,"I/O Read Time":0.0,"I/O Write Time":0.0,"Temp I/O Read Time":0.0,"Temp I/O Write Time":0.0},{"Node Type":"Seq Scan","Parent Relationship":"Member","Parallel Aware":false,"Async Capable":false,"Relation Name":"order_line","Schema":"public","Alias":"order_line","Startup Cost":0.0,"Total Cost":4.79,"Plan Rows":44,"Plan Width":20,"Actual Startup Time":0.0,"Actual Total Time":0.0,"Actual Rows":0,"Actual Loops":0,"Output":["order_line.ol_amount","order_line.ol_o_id","order_line.ol_w_id","order_line.ol_d_id","order_line.ol_i_id"],"Filter":"(order_line.ol_delivery_d >= '1992-01-02 20:10:02.27764'::timestamp without time zone)","Rows Removed by Filter":0,"Shared Hit Blocks":0,"Shared Read Blocks":0,"Shared Dirtied Blocks":0,"Shared Written Blocks":0,"Local Hit Blocks":0,"Local Read Blocks":0,"Local Dirtied Blocks":0,"Local Written Blocks":0,"Temp Read Blocks":0,"Temp Written Blocks":0,"I/O Read Time":0.0,"I/O Write Time":0.0,"Temp I/O Read Time":0.0,"Temp I/O Write Time":0.0}]},{"Node Type":"Hash","Parent Relationship":"Inner","Parallel Aware":false,"Async Capable":false,"Startup Cost":390026.22,"Total Cost":390026.22,"Plan Rows":20000212,"Plan Width":6,"Actual Rows":20000000,"Actual Loops":1,"Output":["stock.s_w_id","stock.s_i_id"],"Shared Hit Blocks":0,"Shared Read Blocks":0,"Shared Dirtied Blocks":0,"Shared Written Blocks":0,"Local Hit Blocks":0,"Local Read Blocks":0,"Local Dirtied Blocks":0,"Local Written Blocks":0,"Temp Read Blocks":0,"Temp Written Blocks":0,"I/O Read Time":0.0,"I/O Write Time":0.0,"Temp I/O Read Time":0.0,"Temp I/O Write Time":0.0,"Plans":[{"Node Type":"Append","Parent Relationship":"Outer","Parallel Aware":false,"Async Capable":false,"Startup Cost":20.0,"Total Cost":390026.22,"Plan Rows":20000212,"Plan Width":6,"Actual Startup Time":0.425,"Actual Total Time":0.427,"Actual Rows":20000000,"Actual Loops":1,"Shared Hit Blocks":0,"Shared Read Blocks":0,"Shared Dirtied Blocks":0,"Shared Written Blocks":0,"Local Hit Blocks":0,"Local Read Blocks":0,"Local Dirtied Blocks":0,"Local Written Blocks":0,"Temp Read Blocks":0,"Temp Written Blocks":0,"I/O Read Time":0.0,"I/O Write Time":0.0,"Temp I/O Read Time":0.0,"Temp I/O Write Time":0.0,"Subplans Removed":0,"Plans":[{"Node Type":"Custom Scan","Parent Relationship":"Member","Custom Plan Provider":"columnar scan","Parallel Aware":false,"Async Capable":false,"Relation Name":"stock","Schema":"public","Alias":"stock","Startup Cost":20.0,"Total Cost":390020.1,"Plan Rows":20000000,"Plan Width":6,"Actual Startup Time":0.424,"Actual Total Time":0.424,"Actual Rows":20000000,"Actual Loops":1,"Output":["stock.s_w_id","stock.s_i_id"],"Rows Removed by Columnar Filter":0,"Columnar cache search mode":"native","Shared Hit Blocks":0,"Shared Read Blocks":0,"Shared Dirtied Blocks":0,"Shared Written Blocks":0,"Local Hit Blocks":0,"Local Read Blocks":0,"Local Dirtied Blocks":0,"Local Written Blocks":0,"Temp Read Blocks":0,"Temp Written Blocks":0,"I/O Read Time":0.0,"I/O Write Time":0.0,"Temp I/O Read Time":0.0,"Temp I/O Write Time":0.0},{"Node Type":"Seq Scan","Parent Relationship":"Member","Parallel Aware":false,"Async Capable":false,"Relation Name":"stock","Schema":"public","Alias":"stock","Startup Cost":0.0,"Total Cost":6.12,"Plan Rows":212,"Plan Width":6,"Actual Startup Time":0.0,"Actual Total Time":0.0,"Actual Rows":0,"Actual Loops":0,"Output":["stock.s_w_id","stock.s_i_id"],"Shared Hit Blocks":0,"Shared Read Blocks":0,"Shared Dirtied Blocks":0,"Shared Written Blocks":0,"Local Hit Blocks":0,"Local Read Blocks":0,"Local Dirtied Blocks":0,"Local Written Blocks":0,"Temp Read Blocks":0,"Temp Written Blocks":0,"I/O Read Time":0.0,"I/O Write Time":0.0,"Temp I/O Read Time":0.0,"Temp I/O Write Time":0.0}]}]}]},{"Node Type":"Hash","Parent Relationship":"Inner","Parallel Aware":false,"Async Capable":false,"Startup Cost":279.02,"Total Cost":279.02,"Plan Rows":2000,"Plan Width":20,"Actual Startup Time":2.467,"Actual Total Time":2.478,"Actual Rows":3506,"Actual Loops":1,"Output":["supplier.su_suppkey","supplier.su_nationkey","nation.n_name","nation.n_nationkey"],"Hash Buckets":4096,"Original Hash Buckets":2048,"Hash Batches":1,"Original Hash Batches":1,"Peak Memory Usage":217,"Shared Hit Blocks":2,"Shared Read Blocks":0,"Shared Dirtied Blocks":0,"Shared Written Blocks":0,"Local Hit Blocks":0,"Local Read Blocks":0,"Local Dirtied Blocks":0,"Local Written Blocks":0,"Temp Read Blocks":0,"Temp Written Blocks":0,"I/O Read Time":0.0,"I/O Write Time":0.0,"Temp I/O Read Time":0.0,"Temp I/O Write Time":0.0,"Plans":[{"Node Type":"Hash Join","Parent Relationship":"Outer","Parallel Aware":false,"Async Capable":false,"Join Type":"Inner","Startup Cost":23.14,"Total Cost":279.02,"Plan Rows":2000,"Plan Width":20,"Actual Startup Time":0.488,"Actual Total Time":1.897,"Actual Rows":3506,"Actual Loops":1,"Output":["supplier.su_suppkey","supplier.su_nationkey","nation.n_name","nation.n_nationkey"],"Hash Cond":"(supplier.su_nationkey = nation.n_nationkey)","Shared Hit Blocks":2,"Shared Read Blocks":0,"Shared Dirtied Blocks":0,"Shared Written Blocks":0,"Local Hit Blocks":0,"Local Read Blocks":0,"Local Dirtied Blocks":0,"Local Written Blocks":0,"Temp Read Blocks":0,"Temp Written Blocks":0,"I/O Read Time":0.0,"I/O Write Time":0.0,"Temp I/O Read Time":0.0,"Temp I/O Write Time":0.0,"Plans":[{"Node Type":"Append","Parent Relationship":"Outer","Parallel Aware":false,"Async Capable":false,"Startup Cost":20.0,"Total Cost":219.01,"Plan Rows":10001,"Plan Width":8,"Actual Startup Time":0.095,"Actual Total Time":0.854,"Actual Rows":3506,"Actual Loops":1,"Shared Hit Blocks":0,"Shared Read Blocks":0,"Shared Dirtied Blocks":0,"Shared Written Blocks":0,"Local Hit Blocks":0,"Local Read Blocks":0,"Local Dirtied Blocks":0,"Local Written Blocks":0,"Temp Read Blocks":0,"Temp Written Blocks":0,"I/O Read Time":0.0,"I/O Write Time":0.0,"Temp I/O Read Time":0.0,"Temp I/O Write Time":0.0,"Subplans Removed":0,"Plans":[{"Node Type":"Custom Scan","Parent Relationship":"Member","Custom Plan Provider":"columnar scan","Parallel Aware":false,"Async Capable":false,"Relation Name":"supplier","Schema":"public","Alias":"supplier","Startup Cost":20.0,"Total Cost":215.0,"Plan Rows":10000,"Plan Width":8,"Actual Startup Time":0.094,"Actual Total Time":0.598,"Actual Rows":3506,"Actual Loops":1,"Output":["supplier.su_suppkey","supplier.su_nationkey"],"Rows Removed by Columnar Filter":6494,"Rows Filtered by Bloom Filter":0,"Dictionary Rows Filtered by Bloom Filter":6494,"Columnar cache search mode":"native","Shared Hit Blocks":0,"Shared Read Blocks":0,"Shared Dirtied Blocks":0,"Shared Written Blocks":0,"Local Hit Blocks":0,"Local Read Blocks":0,"Local Dirtied Blocks":0,"Local Written Blocks":0,"Temp Read Blocks":0,"Temp Written Blocks":0,"I/O Read Time":0.0,"I/O Write Time":0.0,"Temp I/O Read Time":0.0,"Temp I/O Write Time":0.0},{"Node Type":"Seq Scan","Parent Relationship":"Member","Parallel Aware":false,"Async Capable":false,"Relation Name":"supplier","Schema":"public","Alias":"supplier","Startup Cost":0.0,"Total Cost":4.01,"Plan Rows":1,"Plan Width":8,"Actual Startup Time":0.0,"Actual Total Time":0.0,"Actual Rows":0,"Actual Loops":0,"Output":["supplier.su_suppkey","supplier.su_nationkey"],"Shared Hit Blocks":0,"Shared Read Blocks":0,"Shared Dirtied Blocks":0,"Shared Written Blocks":0,"Local Hit Blocks":0,"Local Read Blocks":0,"Local Dirtied Blocks":0,"Local Written Blocks":0,"Temp Read Blocks":0,"Temp Written Blocks":0,"I/O Read Time":0.0,"I/O Write Time":0.0,"Temp I/O Read Time":0.0,"Temp I/O Write Time":0.0}]},{"Node Type":"Hash","Parent Relationship":"Inner","Parallel Aware":false,"Async Capable":false,"Startup Cost":2.99,"Total Cost":2.99,"Plan Rows":12,"Plan Width":12,"Actual Startup Time":0.064,"Actual Total Time":0.068,"Actual Rows":22,"Actual Loops":1,"Output":["nation.n_name","nation.n_nationkey"],"Hash Buckets":1024,"Original Hash Buckets":1024,"Hash Batches":1,"Original Hash Batches":1,"Peak Memory Usage":9,"Shared Hit Blocks":2,"Shared Read Blocks":0,"Shared Dirtied Blocks":0,"Shared Written Blocks":0,"Local Hit Blocks":0,"Local Read Blocks":0,"Local Dirtied Blocks":0,"Local Written Blocks":0,"Temp Read Blocks":0,"Temp Written Blocks":0,"I/O Read Time":0.0,"I/O Write Time":0.0,"Temp I/O Read Time":0.0,"Temp I/O Write Time":0.0,"Plans":[{"Node Type":"Hash Join","Parent Relationship":"Outer","Parallel Aware":false,"Async Capable":false,"Join Type":"Inner","Startup Cost":1.07,"Total Cost":2.99,"Plan Rows":12,"Plan Width":12,"Actual Startup Time":0.04,"Actual Total Time":0.057,"Actual Rows":22,"Actual Loops":1,"Output":["nation.n_name","nation.n_nationkey"],"Hash Cond":"(nation.n_regionkey = region.r_regionkey)","Shared Hit Blocks":2,"Shared Read Blocks":0,"Shared Dirtied Blocks":0,"Shared Written Blocks":0,"Local Hit Blocks":0,"Local Read Blocks":0,"Local Dirtied Blocks":0,"Local Written Blocks":0,"Temp Read Blocks":0,"Temp Written Blocks":0,"I/O Read Time":0.0,"I/O Write Time":0.0,"Temp I/O Read Time":0.0,"Temp I/O Write Time":0.0,"Plans":[{"Node Type":"Seq Scan","Parent Relationship":"Outer","Parallel Aware":false,"Async Capable":false,"Relation Name":"nation","Schema":"public","Alias":"nation","Startup Cost":0.0,"Total Cost":1.62,"Plan Rows":62,"Plan Width":16,"Actual Startup Time":0.016,"Actual Total Time":0.02,"Actual Rows":62,"Actual Loops":1,"Output":["nation.n_nationkey","nation.n_name","nation.n_regionkey","nation.n_comment"],"Shared Hit Blocks":1,"Shared Read Blocks":0,"Shared Dirtied Blocks":0,"Shared Written Blocks":0,"Local Hit Blocks":0,"Local Read Blocks":0,"Local Dirtied Blocks":0,"Local Written Blocks":0,"Temp Read Blocks":0,"Temp Written Blocks":0,"I/O Read Time":0.0,"I/O Write Time":0.0,"Temp I/O Read Time":0.0,"Temp I/O Write Time":0.0},{"Node Type":"Hash","Parent Relationship":"Inner","Parallel Aware":false,"Async Capable":false,"Startup Cost":1.06,"Total Cost":1.06,"Plan Rows":1,"Plan Width":4,"Actual Startup Time":0.012,"Actual Total Time":0.013,"Actual Rows":1,"Actual Loops":1,"Output":["region.r_regionkey"],"Hash Buckets":1024,"Original Hash Buckets":1024,"Hash Batches":1,"Original Hash Batches":1,"Peak Memory Usage":9,"Shared Hit Blocks":1,"Shared Read Blocks":0,"Shared Dirtied Blocks":0,"Shared Written Blocks":0,"Local Hit Blocks":0,"Local Read Blocks":0,"Local Dirtied Blocks":0,"Local Written Blocks":0,"Temp Read Blocks":0,"Temp Written Blocks":0,"I/O Read Time":0.0,"I/O Write Time":0.0,"Temp I/O Read Time":0.0,"Temp I/O Write Time":0.0,"Plans":[{"Node Type":"Seq Scan","Parent Relationship":"Outer","Parallel Aware":false,"Async Capable":false,"Relation Name":"region","Schema":"public","Alias":"region","Startup Cost":0.0,"Total Cost":1.06,"Plan Rows":1,"Plan Width":4,"Actual Startup Time":0.01,"Actual Total Time":0.011,"Actual Rows":1,"Actual Loops":1,"Output":["region.r_regionkey"],"Filter":"((region.r_name)::text = 'Europe'::text)","Rows Removed by Filter":4,"Shared Hit Blocks":1,"Shared Read Blocks":0,"Shared Dirtied Blocks":0,"Shared Written Blocks":0,"Local Hit Blocks":0,"Local Read Blocks":0,"Local Dirtied Blocks":0,"Local Written Blocks":0,"Temp Read Blocks":0,"Temp Written Blocks":0,"I/O Read Time":0.0,"I/O Write Time":0.0,"Temp I/O Read Time":0.0,"Temp I/O Write Time":0.0}]}]}]}]}]}]},{"Node Type":"Hash","Parent Relationship":"Inner","Parallel Aware":false,"Async Capable":false,"Startup Cost":131491.69,"Total Cost":131491.69,"Plan Rows":879323,"Plan Width":16,"Actual Startup Time":405.953,"Actual Total Time":405.956,"Actual Rows":856801,"Actual Loops":1,"Output":["orders.o_c_id","orders.o_w_id","orders.o_d_id","orders.o_id"],"Hash Buckets":262144,"Original Hash Buckets":262144,"Hash Batches":8,"Original Hash Batches":8,"Peak Memory Usage":7070,"Shared Hit Blocks":0,"Shared Read Blocks":0,"Shared Dirtied Blocks":0,"Shared Written Blocks":0,"Local Hit Blocks":0,"Local Read Blocks":0,"Local Dirtied Blocks":0,"Local Written Blocks":0,"Temp Read Blocks":0,"Temp Written Blocks":3290,"I/O Read Time":0.0,"I/O Write Time":0.0,"Temp I/O Read Time":0.0,"Temp I/O Write Time":14.214,"Plans":[{"Node Type":"Append","Parent Relationship":"Outer","Parallel Aware":false,"Async Capable":false,"Startup Cost":20.0,"Total Cost":131491.69,"Plan Rows":879323,"Plan Width":16,"Actual Startup Time":0.509,"Actual Total Time":205.062,"Actual Rows":856801,"Actual Loops":1,"Shared Hit Blocks":0,"Shared Read Blocks":0,"Shared Dirtied Blocks":0,"Shared Written Blocks":0,"Local Hit Blocks":0,"Local Read Blocks":0,"Local Dirtied Blocks":0,"Local Written Blocks":0,"Temp Read Blocks":0,"Temp Written Blocks":0,"I/O Read Time":0.0,"I/O Write Time":0.0,"Temp I/O Read Time":0.0,"Temp I/O Write Time":0.0,"Subplans Removed":0,"Plans":[{"Node Type":"Custom Scan","Parent Relationship":"Member","Custom Plan Provider":"columnar scan","Parallel Aware":false,"Async Capable":false,"Relation Name":"orders","Schema":"public","Alias":"orders","Startup Cost":20.0,"Total Cost":20684.21,"Plan Rows":879322,"Plan Width":16,"Actual Startup Time":0.508,"Actual Total Time":145.37,"Actual Rows":856801,"Actual Loops":1,"Output":["orders.o_c_id","orders.o_w_id","orders.o_d_id","orders.o_id"],"Filter":"((orders.o_entry_d < '1994-01-02 20:10:02.27764'::timestamp without time zone) AND (orders.o_entry_d >= '1993-01-02 20:10:02.27764'::timestamp without time zone))","Rows Removed by Filter":0,"Rows Removed by Columnar Filter":5143199,"Columnar cache search mode":"native","Shared Hit Blocks":0,"Shared Read Blocks":0,"Shared Dirtied Blocks":0,"Shared Written Blocks":0,"Local Hit Blocks":0,"Local Read Blocks":0,"Local Dirtied Blocks":0,"Local Written Blocks":0,"Temp Read Blocks":0,"Temp Written Blocks":0,"I/O Read Time":0.0,"I/O Write Time":0.0,"Temp I/O Read Time":0.0,"Temp I/O Write Time":0.0},{"Node Type":"Seq Scan","Parent Relationship":"Member","Parallel Aware":false,"Async Capable":false,"Relation Name":"orders","Schema":"public","Alias":"orders","Startup Cost":0.0,"Total Cost":4.01,"Plan Rows":1,"Plan Width":16,"Actual Startup Time":0.0,"Actual Total Time":0.0,"Actual Rows":0,"Actual Loops":0,"Output":["orders.o_c_id","orders.o_w_id","orders.o_d_id","orders.o_id"],"Filter":"((orders.o_entry_d < '1994-01-02 20:10:02.27764'::timestamp without time zone) AND (orders.o_entry_d >= '1993-01-02 20:10:02.27764'::timestamp without time zone))","Rows Removed by Filter":0,"Shared Hit Blocks":0,"Shared Read Blocks":0,"Shared Dirtied Blocks":0,"Shared Written Blocks":0,"Local Hit Blocks":0,"Local Read Blocks":0,"Local Dirtied Blocks":0,"Local Written Blocks":0,"Temp Read Blocks":0,"Temp Written Blocks":0,"I/O Read Time":0.0,"I/O Write Time":0.0,"Temp I/O Read Time":0.0,"Temp I/O Write Time":0.0}]}]}]},{"Node Type":"Hash","Parent Relationship":"Inner","Parallel Aware":false,"Async Capable":false,"Startup Cost":509795.49,"Total Cost":509795.49,"Plan Rows":6000140,"Plan Width":12,"Actual Startup Time":2375.791,"Actual Total Time":2375.792,"Actual Rows":6000000,"Actual Loops":1,"Output":["customer.c_id","customer.c_w_id","customer.c_d_id","customer.c_nationkey"],"Hash Buckets":262144,"Original Hash Buckets":262144,"Hash Batches":64,"Original Hash Batches":64,"Peak Memory Usage":6083,"Shared Hit Blocks":0,"Shared Read Blocks":0,"Shared Dirtied Blocks":0,"Shared Written Blocks":0,"Local Hit Blocks":0,"Local Read Blocks":0,"Local Dirtied Blocks":0,"Local Written Blocks":0,"Temp Read Blocks":0,"Temp Written Blocks":23035,"I/O Read Time":0.0,"I/O Write Time":0.0,"Temp I/O Read Time":0.0,"Temp I/O Write Time":102.041,"Plans":[{"Node Type":"Append","Parent Relationship":"Outer","Parallel Aware":false,"Async Capable":false,"Startup Cost":20.0,"Total Cost":509795.49,"Plan Rows":6000140,"Plan Width":12,"Actual Startup Time":0.024,"Actual Total Time":1319.632,"Actual Rows":6000000,"Actual Loops":1,"Shared Hit Blocks":0,"Shared Read Blocks":0,"Shared Dirtied Blocks":0,"Shared Written Blocks":0,"Local Hit Blocks":0,"Local Read Blocks":0,"Local Dirtied Blocks":0,"Local Written Blocks":0,"Temp Read Blocks":0,"Temp Written Blocks":0,"I/O Read Time":0.0,"I/O Write Time":0.0,"Temp I/O Read Time":0.0,"Temp I/O Write Time":0.0,"Subplans Removed":0,"Plans":[{"Node Type":"Custom Scan","Parent Relationship":"Member","Custom Plan Provider":"columnar scan","Parallel Aware":false,"Async Capable":false,"Relation Name":"customer","Schema":"public","Alias":"customer","Startup Cost":20.0,"Total Cost":141020.06,"Plan Rows":6000000,"Plan Width":12,"Actual Startup Time":0.023,"Actual Total Time":902.867,"Actual Rows":6000000,"Actual Loops":1,"Output":["customer.c_id","customer.c_w_id","customer.c_d_id","customer.c_nationkey"],"Rows Removed by Columnar Filter":0,"Columnar cache search mode":"native","Shared Hit Blocks":0,"Shared Read Blocks":0,"Shared Dirtied Blocks":0,"Shared Written Blocks":0,"Local Hit Blocks":0,"Local Read Blocks":0,"Local Dirtied Blocks":0,"Local Written Blocks":0,"Temp Read Blocks":0,"Temp Written Blocks":0,"I/O Read Time":0.0,"I/O Write Time":0.0,"Temp I/O Read Time":0.0,"Temp I/O Write Time":0.0},{"Node Type":"Seq Scan","Parent Relationship":"Member","Parallel Aware":false,"Async Capable":false,"Relation Name":"customer","Schema":"public","Alias":"customer","Startup Cost":0.0,"Total Cost":5.4,"Plan Rows":140,"Plan Width":12,"Actual Startup Time":0.0,"Actual Total Time":0.0,"Actual Rows":0,"Actual Loops":0,"Output":["customer.c_id","customer.c_w_id","customer.c_d_id","customer.c_nationkey"],"Shared Hit Blocks":0,"Shared Read Blocks":0,"Shared Dirtied Blocks":0,"Shared Written Blocks":0,"Local Hit Blocks":0,"Local Read Blocks":0,"Local Dirtied Blocks":0,"Local Written Blocks":0,"Temp Read Blocks":0,"Temp Written Blocks":0,"I/O Read Time":0.0,"I/O Write Time":0.0,"Temp I/O Read Time":0.0,"Temp I/O Write Time":0.0}]}]}]}]}]}]},"Planning":{"Shared Hit Blocks":220,"Shared Read Blocks":0,"Shared Dirtied Blocks":0,"Shared Written Blocks":0,"Local Hit Blocks":0,"Local Read Blocks":0,"Local Dirtied Blocks":0,"Local Written Blocks":0,"Temp Read Blocks":0,"Temp Written Blocks":0,"I/O Read Time":0.0,"I/O Write Time":0.0,"Temp I/O Read Time":0.0,"Temp I/O Write Time":0.0},"Planning Time":7.781,"Triggers":[],"Execution Time":10759.52}]
[列存组合]: customer, order_line, region, stock, supplier
[{"Plan":{"Node Type":"Sort","Parallel Aware":false,"Async Capable":false,"Startup Cost":2391426.54,"Total Cost":2391426.69,"Plan Rows":62,"Plan Width":40,"Actual Startup Time":10919.659,"Actual Total Time":10919.69,"Actual Rows":11,"Actual Loops":1,"Output":["nation.n_name","(sum(order_line.ol_amount))"],"Sort Key":["(sum(order_line.ol_amount)) DESC"],"Sort Method":"quicksort","Sort Space Used":25,"Sort Space Type":"Memory","Shared Hit Blocks":44124,"Shared Read Blocks":0,"Shared Dirtied Blocks":0,"Shared Written Blocks":0,"Local Hit Blocks":0,"Local Read Blocks":0,"Local Dirtied Blocks":0,"Local Written Blocks":0,"Temp Read Blocks":67001,"Temp Written Blocks":67001,"I/O Read Time":0.0,"I/O Write Time":0.0,"Temp I/O Read Time":106.108,"Temp I/O Write Time":308.01,"Plans":[{"Node Type":"Aggregate","Strategy":"Sorted","Partial Mode":"Simple","Parent Relationship":"Outer","Parallel Aware":false,"Async Capable":false,"Startup Cost":2391272.9,"Total Cost":2391424.69,"Plan Rows":62,"Plan Width":40,"Actual Startup Time":10913.692,"Actual Total Time":10919.672,"Actual Rows":11,"Actual Loops":1,"Output":["nation.n_name","sum(order_line.ol_amount)"],"Group Key":["nation.n_name"],"Shared Hit Blocks":44124,"Shared Read Blocks":0,"Shared Dirtied Blocks":0,"Shared Written Blocks":0,"Local Hit Blocks":0,"Local Read Blocks":0,"Local Dirtied Blocks":0,"Local Written Blocks":0,"Temp Read Blocks":67001,"Temp Written Blocks":67001,"I/O Read Time":0.0,"I/O Write Time":0.0,"Temp I/O Read Time":106.108,"Temp I/O Write Time":308.01,"Plans":[{"Node Type":"Sort","Parent Relationship":"Outer","Parallel Aware":false,"Async Capable":false,"Startup Cost":2391272.9,"Total Cost":2391323.24,"Plan Rows":20136,"Plan Width":12,"Actual Startup Time":10913.249,"Actual Total Time":10915.091,"Actual Rows":35044,"Actual Loops":1,"Output":["nation.n_name","order_line.ol_amount"],"Sort Key":["nation.n_name"],"Sort Method":"quicksort","Sort Space Used":3146,"Sort Space Type":"Memory","Shared Hit Blocks":44124,"Shared Read Blocks":0,"Shared Dirtied Blocks":0,"Shared Written Blocks":0,"Local Hit Blocks":0,"Local Read Blocks":0,"Local Dirtied Blocks":0,"Local Written Blocks":0,"Temp Read Blocks":67001,"Temp Written Blocks":67001,"I/O Read Time":0.0,"I/O Write Time":0.0,"Temp I/O Read Time":106.108,"Temp I/O Write Time":308.01,"Plans":[{"Node Type":"Hash Join","Parent Relationship":"Outer","Parallel Aware":false,"Async Capable":false,"Join Type":"Inner","Startup Cost":871824.55,"Total Cost":2389833.43,"Plan Rows":20136,"Plan Width":12,"Actual Startup Time":4314.987,"Actual Total Time":10896.4,"Actual Rows":35044,"Actual Loops":1,"Output":["nation.n_name","order_line.ol_amount"],"Hash Cond":"((orders.o_c_id = customer.c_id) AND (orders.o_w_id = customer.c_w_id) AND (orders.o_d_id = customer.c_d_id) AND (supplier.su_nationkey = customer.c_nationkey))","Shared Hit Blocks":44124,"Shared Read Blocks":0,"Shared Dirtied Blocks":0,"Shared Written Blocks":0,"Local Hit Blocks":0,"Local Read Blocks":0,"Local Dirtied Blocks":0,"Local Written Blocks":0,"Temp Read Blocks":67001,"Temp Written Blocks":67001,"I/O Read Time":0.0,"I/O Write Time":0.0,"Temp I/O Read Time":106.108,"Temp I/O Write Time":308.01,"Plans":[{"Node Type":"Hash Join","Parent Relationship":"Outer","Parallel Aware":false,"Async Capable":false,"Join Type":"Inner","Startup Cost":212728.26,"Total Cost":1668986.91,"Plan Rows":1242117,"Plan Width":34,"Actual Startup Time":1799.222,"Actual Total Time":6894.101,"Actual Rows":2982388,"Actual Loops":1,"Output":["orders.o_c_id","orders.o_w_id","orders.o_d_id","order_line.ol_amount","order_line.ol_w_id","order_line.ol_d_id","stock.s_w_id","supplier.su_nationkey","nation.n_name","nation.n_nationkey"],"Hash Cond":"((order_line.ol_w_id = orders.o_w_id) AND (order_line.ol_d_id = orders.o_d_id) AND (order_line.ol_o_id = orders.o_id))","Shared Hit Blocks":44124,"Shared Read Blocks":0,"Shared Dirtied Blocks":0,"Shared Written Blocks":0,"Local Hit Blocks":0,"Local Read Blocks":0,"Local Dirtied Blocks":0,"Local Written Blocks":0,"Temp Read Blocks":23127,"Temp Written Blocks":23127,"I/O Read Time":0.0,"I/O Write Time":0.0,"Temp I/O Read Time":36.728,"Temp I/O Write Time":108.321,"Plans":[{"Node Type":"Hash Join","Parent Relationship":"Outer","Parallel Aware":false,"Async Capable":false,"Join Type":"Inner","Startup Cost":58924.61,"Total Cost":1311895.2,"Plan Rows":8467814,"Plan Width":34,"Actual Startup Time":1157.436,"Actual Total Time":4661.216,"Actual Rows":3000322,"Actual Loops":1,"Output":["order_line.ol_amount","order_line.ol_o_id","order_line.ol_w_id","order_line.ol_d_id","stock.s_w_id","supplier.su_nationkey","nation.n_name","nation.n_nationkey"],"Hash Cond":"(mod((stock.s_w_id * stock.s_i_id), 10000) = supplier.su_suppkey)","Shared Hit Blocks":2,"Shared Read Blocks":0,"Shared Dirtied Blocks":0,"Shared Written Blocks":0,"Local Hit Blocks":0,"Local Read Blocks":0,"Local Dirtied Blocks":0,"Local Written Blocks":0,"Temp Read Blocks":0,"Temp Written Blocks":0,"I/O Read Time":0.0,"I/O Write Time":0.0,"Temp I/O Read Time":0.0,"Temp I/O Write Time":0.0,"Plans":[{"Node Type":"Hash Join","Parent Relationship":"Outer","Parallel Aware":false,"Async Capable":false,"Join Type":"Inner","Startup Cost":58620.59,"Total Cost":962293.85,"Plan Rows":42339072,"Plan Width":22,"Actual Startup Time":1154.853,"Actual Total Time":3258.572,"Actual Rows":8620885,"Actual Loops":1,"Output":["order_line.ol_amount","order_line.ol_o_id","order_line.ol_w_id","order_line.ol_d_id","stock.s_w_id","stock.s_i_id"],"Hash Cond":"((order_line.ol_w_id = stock.s_w_id) AND (order_line.ol_i_id = stock.s_i_id))","Rows Removed by Bloom Filter":0,"Shared Hit Blocks":0,"Shared Read Blocks":0,"Shared Dirtied Blocks":0,"Shared Written Blocks":0,"Local Hit Blocks":0,"Local Read Blocks":0,"Local Dirtied Blocks":0,"Local Written Blocks":0,"Temp Read Blocks":0,"Temp Written Blocks":0,"I/O Read Time":0.0,"I/O Write Time":0.0,"Temp I/O Read Time":0.0,"Temp I/O Write Time":0.0,"Plans":[{"Node Type":"Append","Parent Relationship":"Outer","Parallel Aware":false,"Async Capable":false,"Startup Cost":20.0,"Total Cost":1072031.01,"Plan Rows":42039468,"Plan Width":20,"Actual Startup Time":247.693,"Actual Total Time":247.701,"Actual Rows":8620885,"Actual Loops":1,"Shared Hit Blocks":0,"Shared Read Blocks":0,"Shared Dirtied Blocks":0,"Shared Written Blocks":0,"Local Hit Blocks":0,"Local Read Blocks":0,"Local Dirtied Blocks":0,"Local Written Blocks":0,"Temp Read Blocks":0,"Temp Written Blocks":0,"I/O Read Time":0.0,"I/O Write Time":0.0,"Temp I/O Read Time":0.0,"Temp I/O Write Time":0.0,"Subplans Removed":0,"Plans":[{"Node Type":"Custom Scan","Parent Relationship":"Member","Custom Plan Provider":"columnar scan","Parallel Aware":false,"Async Capable":false,"Relation Name":"order_line","Schema":"public","Alias":"order_line","Startup Cost":20.0,"Total Cost":1072026.23,"Plan Rows":42039424,"Plan Width":20,"Actual Startup Time":247.69,"Actual Total Time":247.693,"Actual Rows":8620885,"Actual Loops":1,"Output":["order_line.ol_amount","order_line.ol_o_id","order_line.ol_w_id","order_line.ol_d_id","order_line.ol_i_id"],"Filter":"(order_line.ol_delivery_d >= '1992-01-02 20:10:02.27764'::timestamp without time zone)","Rows Removed by Filter":0,"Rows Removed by Columnar Filter":51372876,"Rows Filtered by Bloom Filter":0,"Dictionary Rows Filtered by Bloom Filter":51372876,"Columnar cache search mode":"native","Shared Hit Blocks":0,"Shared Read Blocks":0,"Shared Dirtied Blocks":0,"Shared Written Blocks":0,"Local Hit Blocks":0,"Local Read Blocks":0,"Local Dirtied Blocks":0,"Local Written Blocks":0,"Temp Read Blocks":0,"Temp Written Blocks":0,"I/O Read Time":0.0,"I/O Write Time":0.0,"Temp I/O Read Time":0.0,"Temp I/O Write Time":0.0},{"Node Type":"Seq Scan","Parent Relationship":"Member","Parallel Aware":false,"Async Capable":false,"Relation Name":"order_line","Schema":"public","Alias":"order_line","Startup Cost":0.0,"Total Cost":4.79,"Plan Rows":44,"Plan Width":20,"Actual Startup Time":0.0,"Actual Total Time":0.0,"Actual Rows":0,"Actual Loops":0,"Output":["order_line.ol_amount","order_line.ol_o_id","order_line.ol_w_id","order_line.ol_d_id","order_line.ol_i_id"],"Filter":"(order_line.ol_delivery_d >= '1992-01-02 20:10:02.27764'::timestamp without time zone)","Rows Removed by Filter":0,"Shared Hit Blocks":0,"Shared Read Blocks":0,"Shared Dirtied Blocks":0,"Shared Written Blocks":0,"Local Hit Blocks":0,"Local Read Blocks":0,"Local Dirtied Blocks":0,"Local Written Blocks":0,"Temp Read Blocks":0,"Temp Written Blocks":0,"I/O Read Time":0.0,"I/O Write Time":0.0,"Temp I/O Read Time":0.0,"Temp I/O Write Time":0.0}]},{"Node Type":"Hash","Parent Relationship":"Inner","Parallel Aware":false,"Async Capable":false,"Startup Cost":390026.22,"Total Cost":390026.22,"Plan Rows":20000212,"Plan Width":6,"Actual Rows":20000000,"Actual Loops":1,"Output":["stock.s_w_id","stock.s_i_id"],"Shared Hit Blocks":0,"Shared Read Blocks":0,"Shared Dirtied Blocks":0,"Shared Written Blocks":0,"Local Hit Blocks":0,"Local Read Blocks":0,"Local Dirtied Blocks":0,"Local Written Blocks":0,"Temp Read Blocks":0,"Temp Written Blocks":0,"I/O Read Time":0.0,"I/O Write Time":0.0,"Temp I/O Read Time":0.0,"Temp I/O Write Time":0.0,"Plans":[{"Node Type":"Append","Parent Relationship":"Outer","Parallel Aware":false,"Async Capable":false,"Startup Cost":20.0,"Total Cost":390026.22,"Plan Rows":20000212,"Plan Width":6,"Actual Startup Time":0.436,"Actual Total Time":0.438,"Actual Rows":20000000,"Actual Loops":1,"Shared Hit Blocks":0,"Shared Read Blocks":0,"Shared Dirtied Blocks":0,"Shared Written Blocks":0,"Local Hit Blocks":0,"Local Read Blocks":0,"Local Dirtied Blocks":0,"Local Written Blocks":0,"Temp Read Blocks":0,"Temp Written Blocks":0,"I/O Read Time":0.0,"I/O Write Time":0.0,"Temp I/O Read Time":0.0,"Temp I/O Write Time":0.0,"Subplans Removed":0,"Plans":[{"Node Type":"Custom Scan","Parent Relationship":"Member","Custom Plan Provider":"columnar scan","Parallel Aware":false,"Async Capable":false,"Relation Name":"stock","Schema":"public","Alias":"stock","Startup Cost":20.0,"Total Cost":390020.1,"Plan Rows":20000000,"Plan Width":6,"Actual Startup Time":0.436,"Actual Total Time":0.436,"Actual Rows":20000000,"Actual Loops":1,"Output":["stock.s_w_id","stock.s_i_id"],"Rows Removed by Columnar Filter":0,"Columnar cache search mode":"native","Shared Hit Blocks":0,"Shared Read Blocks":0,"Shared Dirtied Blocks":0,"Shared Written Blocks":0,"Local Hit Blocks":0,"Local Read Blocks":0,"Local Dirtied Blocks":0,"Local Written Blocks":0,"Temp Read Blocks":0,"Temp Written Blocks":0,"I/O Read Time":0.0,"I/O Write Time":0.0,"Temp I/O Read Time":0.0,"Temp I/O Write Time":0.0},{"Node Type":"Seq Scan","Parent Relationship":"Member","Parallel Aware":false,"Async Capable":false,"Relation Name":"stock","Schema":"public","Alias":"stock","Startup Cost":0.0,"Total Cost":6.12,"Plan Rows":212,"Plan Width":6,"Actual Startup Time":0.0,"Actual Total Time":0.0,"Actual Rows":0,"Actual Loops":0,"Output":["stock.s_w_id","stock.s_i_id"],"Shared Hit Blocks":0,"Shared Read Blocks":0,"Shared Dirtied Blocks":0,"Shared Written Blocks":0,"Local Hit Blocks":0,"Local Read Blocks":0,"Local Dirtied Blocks":0,"Local Written Blocks":0,"Temp Read Blocks":0,"Temp Written Blocks":0,"I/O Read Time":0.0,"I/O Write Time":0.0,"Temp I/O Read Time":0.0,"Temp I/O Write Time":0.0}]}]}]},{"Node Type":"Hash","Parent Relationship":"Inner","Parallel Aware":false,"Async Capable":false,"Startup Cost":279.02,"Total Cost":279.02,"Plan Rows":2000,"Plan Width":20,"Actual Startup Time":2.552,"Actual Total Time":2.564,"Actual Rows":3506,"Actual Loops":1,"Output":["supplier.su_suppkey","supplier.su_nationkey","nation.n_name","nation.n_nationkey"],"Hash Buckets":4096,"Original Hash Buckets":2048,"Hash Batches":1,"Original Hash Batches":1,"Peak Memory Usage":217,"Shared Hit Blocks":2,"Shared Read Blocks":0,"Shared Dirtied Blocks":0,"Shared Written Blocks":0,"Local Hit Blocks":0,"Local Read Blocks":0,"Local Dirtied Blocks":0,"Local Written Blocks":0,"Temp Read Blocks":0,"Temp Written Blocks":0,"I/O Read Time":0.0,"I/O Write Time":0.0,"Temp I/O Read Time":0.0,"Temp I/O Write Time":0.0,"Plans":[{"Node Type":"Hash Join","Parent Relationship":"Outer","Parallel Aware":false,"Async Capable":false,"Join Type":"Inner","Startup Cost":23.14,"Total Cost":279.02,"Plan Rows":2000,"Plan Width":20,"Actual Startup Time":0.541,"Actual Total Time":1.949,"Actual Rows":3506,"Actual Loops":1,"Output":["supplier.su_suppkey","supplier.su_nationkey","nation.n_name","nation.n_nationkey"],"Hash Cond":"(supplier.su_nationkey = nation.n_nationkey)","Shared Hit Blocks":2,"Shared Read Blocks":0,"Shared Dirtied Blocks":0,"Shared Written Blocks":0,"Local Hit Blocks":0,"Local Read Blocks":0,"Local Dirtied Blocks":0,"Local Written Blocks":0,"Temp Read Blocks":0,"Temp Written Blocks":0,"I/O Read Time":0.0,"I/O Write Time":0.0,"Temp I/O Read Time":0.0,"Temp I/O Write Time":0.0,"Plans":[{"Node Type":"Append","Parent Relationship":"Outer","Parallel Aware":false,"Async Capable":false,"Startup Cost":20.0,"Total Cost":219.01,"Plan Rows":10001,"Plan Width":8,"Actual Startup Time":0.108,"Actual Total Time":0.866,"Actual Rows":3506,"Actual Loops":1,"Shared Hit Blocks":0,"Shared Read Blocks":0,"Shared Dirtied Blocks":0,"Shared Written Blocks":0,"Local Hit Blocks":0,"Local Read Blocks":0,"Local Dirtied Blocks":0,"Local Written Blocks":0,"Temp Read Blocks":0,"Temp Written Blocks":0,"I/O Read Time":0.0,"I/O Write Time":0.0,"Temp I/O Read Time":0.0,"Temp I/O Write Time":0.0,"Subplans Removed":0,"Plans":[{"Node Type":"Custom Scan","Parent Relationship":"Member","Custom Plan Provider":"columnar scan","Parallel Aware":false,"Async Capable":false,"Relation Name":"supplier","Schema":"public","Alias":"supplier","Startup Cost":20.0,"Total Cost":215.0,"Plan Rows":10000,"Plan Width":8,"Actual Startup Time":0.106,"Actual Total Time":0.608,"Actual Rows":3506,"Actual Loops":1,"Output":["supplier.su_suppkey","supplier.su_nationkey"],"Rows Removed by Columnar Filter":6494,"Rows Filtered by Bloom Filter":0,"Dictionary Rows Filtered by Bloom Filter":6494,"Columnar cache search mode":"native","Shared Hit Blocks":0,"Shared Read Blocks":0,"Shared Dirtied Blocks":0,"Shared Written Blocks":0,"Local Hit Blocks":0,"Local Read Blocks":0,"Local Dirtied Blocks":0,"Local Written Blocks":0,"Temp Read Blocks":0,"Temp Written Blocks":0,"I/O Read Time":0.0,"I/O Write Time":0.0,"Temp I/O Read Time":0.0,"Temp I/O Write Time":0.0},{"Node Type":"Seq Scan","Parent Relationship":"Member","Parallel Aware":false,"Async Capable":false,"Relation Name":"supplier","Schema":"public","Alias":"supplier","Startup Cost":0.0,"Total Cost":4.01,"Plan Rows":1,"Plan Width":8,"Actual Startup Time":0.0,"Actual Total Time":0.0,"Actual Rows":0,"Actual Loops":0,"Output":["supplier.su_suppkey","supplier.su_nationkey"],"Shared Hit Blocks":0,"Shared Read Blocks":0,"Shared Dirtied Blocks":0,"Shared Written Blocks":0,"Local Hit Blocks":0,"Local Read Blocks":0,"Local Dirtied Blocks":0,"Local Written Blocks":0,"Temp Read Blocks":0,"Temp Written Blocks":0,"I/O Read Time":0.0,"I/O Write Time":0.0,"Temp I/O Read Time":0.0,"Temp I/O Write Time":0.0}]},{"Node Type":"Hash","Parent Relationship":"Inner","Parallel Aware":false,"Async Capable":false,"Startup Cost":2.99,"Total Cost":2.99,"Plan Rows":12,"Plan Width":12,"Actual Startup Time":0.056,"Actual Total Time":0.063,"Actual Rows":22,"Actual Loops":1,"Output":["nation.n_name","nation.n_nationkey"],"Hash Buckets":1024,"Original Hash Buckets":1024,"Hash Batches":1,"Original Hash Batches":1,"Peak Memory Usage":9,"Shared Hit Blocks":2,"Shared Read Blocks":0,"Shared Dirtied Blocks":0,"Shared Written Blocks":0,"Local Hit Blocks":0,"Local Read Blocks":0,"Local Dirtied Blocks":0,"Local Written Blocks":0,"Temp Read Blocks":0,"Temp Written Blocks":0,"I/O Read Time":0.0,"I/O Write Time":0.0,"Temp I/O Read Time":0.0,"Temp I/O Write Time":0.0,"Plans":[{"Node Type":"Hash Join","Parent Relationship":"Outer","Parallel Aware":false,"Async Capable":false,"Join Type":"Inner","Startup Cost":1.07,"Total Cost":2.99,"Plan Rows":12,"Plan Width":12,"Actual Startup Time":0.034,"Actual Total Time":0.053,"Actual Rows":22,"Actual Loops":1,"Output":["nation.n_name","nation.n_nationkey"],"Hash Cond":"(nation.n_regionkey = region.r_regionkey)","Shared Hit Blocks":2,"Shared Read Blocks":0,"Shared Dirtied Blocks":0,"Shared Written Blocks":0,"Local Hit Blocks":0,"Local Read Blocks":0,"Local Dirtied Blocks":0,"Local Written Blocks":0,"Temp Read Blocks":0,"Temp Written Blocks":0,"I/O Read Time":0.0,"I/O Write Time":0.0,"Temp I/O Read Time":0.0,"Temp I/O Write Time":0.0,"Plans":[{"Node Type":"Seq Scan","Parent Relationship":"Outer","Parallel Aware":false,"Async Capable":false,"Relation Name":"nation","Schema":"public","Alias":"nation","Startup Cost":0.0,"Total Cost":1.62,"Plan Rows":62,"Plan Width":16,"Actual Startup Time":0.011,"Actual Total Time":0.016,"Actual Rows":62,"Actual Loops":1,"Output":["nation.n_nationkey","nation.n_name","nation.n_regionkey","nation.n_comment"],"Shared Hit Blocks":1,"Shared Read Blocks":0,"Shared Dirtied Blocks":0,"Shared Written Blocks":0,"Local Hit Blocks":0,"Local Read Blocks":0,"Local Dirtied Blocks":0,"Local Written Blocks":0,"Temp Read Blocks":0,"Temp Written Blocks":0,"I/O Read Time":0.0,"I/O Write Time":0.0,"Temp I/O Read Time":0.0,"Temp I/O Write Time":0.0},{"Node Type":"Hash","Parent Relationship":"Inner","Parallel Aware":false,"Async Capable":false,"Startup Cost":1.06,"Total Cost":1.06,"Plan Rows":1,"Plan Width":4,"Actual Startup Time":0.01,"Actual Total Time":0.011,"Actual Rows":1,"Actual Loops":1,"Output":["region.r_regionkey"],"Hash Buckets":1024,"Original Hash Buckets":1024,"Hash Batches":1,"Original Hash Batches":1,"Peak Memory Usage":9,"Shared Hit Blocks":1,"Shared Read Blocks":0,"Shared Dirtied Blocks":0,"Shared Written Blocks":0,"Local Hit Blocks":0,"Local Read Blocks":0,"Local Dirtied Blocks":0,"Local Written Blocks":0,"Temp Read Blocks":0,"Temp Written Blocks":0,"I/O Read Time":0.0,"I/O Write Time":0.0,"Temp I/O Read Time":0.0,"Temp I/O Write Time":0.0,"Plans":[{"Node Type":"Seq Scan","Parent Relationship":"Outer","Parallel Aware":false,"Async Capable":false,"Relation Name":"region","Schema":"public","Alias":"region","Startup Cost":0.0,"Total Cost":1.06,"Plan Rows":1,"Plan Width":4,"Actual Startup Time":0.007,"Actual Total Time":0.008,"Actual Rows":1,"Actual Loops":1,"Output":["region.r_regionkey"],"Filter":"((region.r_name)::text = 'Europe'::text)","Rows Removed by Filter":4,"Shared Hit Blocks":1,"Shared Read Blocks":0,"Shared Dirtied Blocks":0,"Shared Written Blocks":0,"Local Hit Blocks":0,"Local Read Blocks":0,"Local Dirtied Blocks":0,"Local Written Blocks":0,"Temp Read Blocks":0,"Temp Written Blocks":0,"I/O Read Time":0.0,"I/O Write Time":0.0,"Temp I/O Read Time":0.0,"Temp I/O Write Time":0.0}]}]}]}]}]}]},{"Node Type":"Hash","Parent Relationship":"Inner","Parallel Aware":false,"Async Capable":false,"Startup Cost":134121.52,"Total Cost":134121.52,"Plan Rows":879322,"Plan Width":16,"Actual Startup Time":640.382,"Actual Total Time":640.382,"Actual Rows":856801,"Actual Loops":1,"Output":["orders.o_c_id","orders.o_w_id","orders.o_d_id","orders.o_id"],"Hash Buckets":262144,"Original Hash Buckets":262144,"Hash Batches":8,"Original Hash Batches":8,"Peak Memory Usage":7070,"Shared Hit Blocks":44122,"Shared Read Blocks":0,"Shared Dirtied Blocks":0,"Shared Written Blocks":0,"Local Hit Blocks":0,"Local Read Blocks":0,"Local Dirtied Blocks":0,"Local Written Blocks":0,"Temp Read Blocks":0,"Temp Written Blocks":3290,"I/O Read Time":0.0,"I/O Write Time":0.0,"Temp I/O Read Time":0.0,"Temp I/O Write Time":15.196,"Plans":[{"Node Type":"Seq Scan","Parent Relationship":"Outer","Parallel Aware":false,"Async Capable":false,"Relation Name":"orders","Schema":"public","Alias":"orders","Startup Cost":0.0,"Total Cost":134121.52,"Plan Rows":879322,"Plan Width":16,"Actual Startup Time":0.594,"Actual Total Time":442.251,"Actual Rows":856801,"Actual Loops":1,"Output":["orders.o_c_id","orders.o_w_id","orders.o_d_id","orders.o_id"],"Filter":"((orders.o_entry_d >= '1993-01-02 20:10:02.27764'::timestamp without time zone) AND (orders.o_entry_d < '1994-01-02 20:10:02.27764'::timestamp without time zone))","Rows Removed by Filter":5143199,"Shared Hit Blocks":44122,"Shared Read Blocks":0,"Shared Dirtied Blocks":0,"Shared Written Blocks":0,"Local Hit Blocks":0,"Local Read Blocks":0,"Local Dirtied Blocks":0,"Local Written Blocks":0,"Temp Read Blocks":0,"Temp Written Blocks":0,"I/O Read Time":0.0,"I/O Write Time":0.0,"Temp I/O Read Time":0.0,"Temp I/O Write Time":0.0}]}]},{"Node Type":"Hash","Parent Relationship":"Inner","Parallel Aware":false,"Async Capable":false,"Startup Cost":509795.49,"Total Cost":509795.49,"Plan Rows":6000140,"Plan Width":12,"Actual Startup Time":2385.214,"Actual Total Time":2385.215,"Actual Rows":6000000,"Actual Loops":1,"Output":["customer.c_id","customer.c_w_id","customer.c_d_id","customer.c_nationkey"],"Hash Buckets":262144,"Original Hash Buckets":262144,"Hash Batches":64,"Original Hash Batches":64,"Peak Memory Usage":6083,"Shared Hit Blocks":0,"Shared Read Blocks":0,"Shared Dirtied Blocks":0,"Shared Written Blocks":0,"Local Hit Blocks":0,"Local Read Blocks":0,"Local Dirtied Blocks":0,"Local Written Blocks":0,"Temp Read Blocks":0,"Temp Written Blocks":23035,"I/O Read Time":0.0,"I/O Write Time":0.0,"Temp I/O Read Time":0.0,"Temp I/O Write Time":101.835,"Plans":[{"Node Type":"Append","Parent Relationship":"Outer","Parallel Aware":false,"Async Capable":false,"Startup Cost":20.0,"Total Cost":509795.49,"Plan Rows":6000140,"Plan Width":12,"Actual Startup Time":0.022,"Actual Total Time":1322.254,"Actual Rows":6000000,"Actual Loops":1,"Shared Hit Blocks":0,"Shared Read Blocks":0,"Shared Dirtied Blocks":0,"Shared Written Blocks":0,"Local Hit Blocks":0,"Local Read Blocks":0,"Local Dirtied Blocks":0,"Local Written Blocks":0,"Temp Read Blocks":0,"Temp Written Blocks":0,"I/O Read Time":0.0,"I/O Write Time":0.0,"Temp I/O Read Time":0.0,"Temp I/O Write Time":0.0,"Subplans Removed":0,"Plans":[{"Node Type":"Custom Scan","Parent Relationship":"Member","Custom Plan Provider":"columnar scan","Parallel Aware":false,"Async Capable":false,"Relation Name":"customer","Schema":"public","Alias":"customer","Startup Cost":20.0,"Total Cost":141020.06,"Plan Rows":6000000,"Plan Width":12,"Actual Startup Time":0.021,"Actual Total Time":903.557,"Actual Rows":6000000,"Actual Loops":1,"Output":["customer.c_id","customer.c_w_id","customer.c_d_id","customer.c_nationkey"],"Rows Removed by Columnar Filter":0,"Columnar cache search mode":"native","Shared Hit Blocks":0,"Shared Read Blocks":0,"Shared Dirtied Blocks":0,"Shared Written Blocks":0,"Local Hit Blocks":0,"Local Read Blocks":0,"Local Dirtied Blocks":0,"Local Written Blocks":0,"Temp Read Blocks":0,"Temp Written Blocks":0,"I/O Read Time":0.0,"I/O Write Time":0.0,"Temp I/O Read Time":0.0,"Temp I/O Write Time":0.0},{"Node Type":"Seq Scan","Parent Relationship":"Member","Parallel Aware":false,"Async Capable":false,"Relation Name":"customer","Schema":"public","Alias":"customer","Startup Cost":0.0,"Total Cost":5.4,"Plan Rows":140,"Plan Width":12,"Actual Startup Time":0.0,"Actual Total Time":0.0,"Actual Rows":0,"Actual Loops":0,"Output":["customer.c_id","customer.c_w_id","customer.c_d_id","customer.c_nationkey"],"Shared Hit Blocks":0,"Shared Read Blocks":0,"Shared Dirtied Blocks":0,"Shared Written Blocks":0,"Local Hit Blocks":0,"Local Read Blocks":0,"Local Dirtied Blocks":0,"Local Written Blocks":0,"Temp Read Blocks":0,"Temp Written Blocks":0,"I/O Read Time":0.0,"I/O Write Time":0.0,"Temp I/O Read Time":0.0,"Temp I/O Write Time":0.0}]}]}]}]}]}]},"Planning":{"Shared Hit Blocks":220,"Shared Read Blocks":0,"Shared Dirtied Blocks":0,"Shared Written Blocks":0,"Local Hit Blocks":0,"Local Read Blocks":0,"Local Dirtied Blocks":0,"Local Written Blocks":0,"Temp Read Blocks":0,"Temp Written Blocks":0,"I/O Read Time":0.0,"I/O Write Time":0.0,"Temp I/O Read Time":0.0,"Temp I/O Write Time":0.0},"Planning Time":6.485,"Triggers":[],"Execution Time":10926.589}]
[列存组合]: customer, orders, region, stock, supplier
[{"Plan":{"Node Type":"Sort","Parallel Aware":false,"Async Capable":false,"Startup Cost":4073452.12,"Total Cost":4073452.27,"Plan Rows":62,"Plan Width":40,"Actual Startup Time":34031.245,"Actual Total Time":34031.279,"Actual Rows":11,"Actual Loops":1,"Output":["nation.n_name","(sum(order_line.ol_amount))"],"Sort Key":["(sum(order_line.ol_amount)) DESC"],"Sort Method":"quicksort","Sort Space Used":25,"Sort Space Type":"Memory","Shared Hit Blocks":736423,"Shared Read Blocks":0,"Shared Dirtied Blocks":0,"Shared Written Blocks":0,"Local Hit Blocks":0,"Local Read Blocks":0,"Local Dirtied Blocks":0,"Local Written Blocks":0,"Temp Read Blocks":288611,"Temp Written Blocks":288665,"I/O Read Time":0.0,"I/O Write Time":0.0,"Temp I/O Read Time":444.289,"Temp I/O Write Time":1176.071,"Plans":[{"Node Type":"Aggregate","Strategy":"Sorted","Partial Mode":"Simple","Parent Relationship":"Outer","Parallel Aware":false,"Async Capable":false,"Startup Cost":4073298.48,"Total Cost":4073450.27,"Plan Rows":62,"Plan Width":40,"Actual Startup Time":34025.307,"Actual Total Time":34031.262,"Actual Rows":11,"Actual Loops":1,"Output":["nation.n_name","sum(order_line.ol_amount)"],"Group Key":["nation.n_name"],"Shared Hit Blocks":736423,"Shared Read Blocks":0,"Shared Dirtied Blocks":0,"Shared Written Blocks":0,"Local Hit Blocks":0,"Local Read Blocks":0,"Local Dirtied Blocks":0,"Local Written Blocks":0,"Temp Read Blocks":288611,"Temp Written Blocks":288665,"I/O Read Time":0.0,"I/O Write Time":0.0,"Temp I/O Read Time":444.289,"Temp I/O Write Time":1176.071,"Plans":[{"Node Type":"Sort","Parent Relationship":"Outer","Parallel Aware":false,"Async Capable":false,"Startup Cost":4073298.48,"Total Cost":4073348.82,"Plan Rows":20136,"Plan Width":12,"Actual Startup Time":34024.869,"Actual Total Time":34026.684,"Actual Rows":35044,"Actual Loops":1,"Output":["nation.n_name","order_line.ol_amount"],"Sort Key":["nation.n_name"],"Sort Method":"quicksort","Sort Space Used":3146,"Sort Space Type":"Memory","Shared Hit Blocks":736423,"Shared Read Blocks":0,"Shared Dirtied Blocks":0,"Shared Written Blocks":0,"Local Hit Blocks":0,"Local Read Blocks":0,"Local Dirtied Blocks":0,"Local Written Blocks":0,"Temp Read Blocks":288611,"Temp Written Blocks":288665,"I/O Read Time":0.0,"I/O Write Time":0.0,"Temp I/O Read Time":444.289,"Temp I/O Write Time":1176.071,"Plans":[{"Node Type":"Hash Join","Parent Relationship":"Outer","Parallel Aware":false,"Async Capable":false,"Join Type":"Inner","Startup Cost":3423991.03,"Total Cost":4071859.01,"Plan Rows":20136,"Plan Width":12,"Actual Startup Time":30126.583,"Actual Total Time":34005.684,"Actual Rows":35044,"Actual Loops":1,"Output":["nation.n_name","order_line.ol_amount"],"Inner Unique":true,"Hash Cond":"((mod((stock.s_w_id * stock.s_i_id), 10000) = supplier.su_suppkey) AND (customer.c_nationkey = supplier.su_nationkey))","Shared Hit Blocks":736423,"Shared Read Blocks":0,"Shared Dirtied Blocks":0,"Shared Written Blocks":0,"Local Hit Blocks":0,"Local Read Blocks":0,"Local Dirtied Blocks":0,"Local Written Blocks":0,"Temp Read Blocks":288611,"Temp Written Blocks":288665,"I/O Read Time":0.0,"I/O Write Time":0.0,"Temp I/O Read Time":444.289,"Temp I/O Write Time":1176.071,"Plans":[{"Node Type":"Merge Join","Parent Relationship":"Outer","Parallel Aware":false,"Async Capable":false,"Join Type":"Inner","Startup Cost":3423622.0,"Total Cost":4064655.01,"Plan Rows":1242717,"Plan Width":26,"Actual Startup Time":30122.924,"Actual Total Time":33720.281,"Actual Rows":2218175,"Actual Loops":1,"Output":["customer.c_nationkey","order_line.ol_amount","stock.s_w_id","stock.s_i_id","nation.n_name","nation.n_nationkey"],"Inner Unique":true,"Merge Cond":"((customer.c_w_id = stock.s_w_id) AND (order_line.ol_i_id = stock.s_i_id))","Shared Hit Blocks":736423,"Shared Read Blocks":0,"Shared Dirtied Blocks":0,"Shared Written Blocks":0,"Local Hit Blocks":0,"Local Read Blocks":0,"Local Dirtied Blocks":0,"Local Written Blocks":0,"Temp Read Blocks":288611,"Temp Written Blocks":288665,"I/O Read Time":0.0,"I/O Write Time":0.0,"Temp I/O Read Time":444.289,"Temp I/O Write Time":1176.071,"Plans":[{"Node Type":"Sort","Parent Relationship":"Outer","Parallel Aware":false,"Async Capable":false,"Startup Cost":3423621.57,"Total Cost":3426702.1,"Plan Rows":1232214,"Plan Width":30,"Actual Startup Time":30122.867,"Actual Total Time":30719.313,"Actual Rows":2218175,"Actual Loops":1,"Output":["customer.c_w_id","customer.c_nationkey","orders.o_w_id","order_line.ol_amount","order_line.ol_w_id","order_line.ol_i_id","nation.n_name","nation.n_nationkey"],"Sort Key":["customer.c_w_id","order_line.ol_i_id"],"Sort Method":"external merge","Sort Space Used":94520,"Sort Space Type":"Disk","Shared Hit Blocks":681750,"Shared Read Blocks":0,"Shared Dirtied Blocks":0,"Shared Written Blocks":0,"Local Hit Blocks":0,"Local Read Blocks":0,"Local Dirtied Blocks":0,"Local Written Blocks":0,"Temp Read Blocks":288611,"Temp Written Blocks":288665,"I/O Read Time":0.0,"I/O Write Time":0.0,"Temp I/O Read Time":444.289,"Temp I/O Write Time":1176.071,"Plans":[{"Node Type":"Hash Join","Parent Relationship":"Outer","Parallel Aware":false,"Async Capable":false,"Join Type":"Inner","Startup Cost":795272.92,"Total Cost":3239997.74,"Plan Rows":1232214,"Plan Width":30,"Actual Startup Time":2721.542,"Actual Total Time":27491.9,"Actual Rows":2218175,"Actual Loops":1,"Output":["customer.c_w_id","customer.c_nationkey","orders.o_w_id","order_line.ol_amount","order_line.ol_w_id","order_line.ol_i_id","nation.n_name","nation.n_nationkey"],"Inner Unique":false,"Hash Cond":"(customer.c_nationkey = nation.n_nationkey)","Shared Hit Blocks":681750,"Shared Read Blocks":0,"Shared Dirtied Blocks":0,"Shared Written Blocks":0,"Local Hit Blocks":0,"Local Read Blocks":0,"Local Dirtied Blocks":0,"Local Written Blocks":0,"Temp Read Blocks":264991,"Temp Written Blocks":264991,"I/O Read Time":0.0,"I/O Write Time":0.0,"Temp I/O Read Time":407.913,"Temp I/O Write Time":1112.995,"Plans":[{"Node Type":"Hash Join","Parent Relationship":"Outer","Parallel Aware":false,"Async Capable":false,"Join Type":"Inner","Startup Cost":795269.78,"Total Cost":3204965.93,"Plan Rows":6161071,"Plan Width":18,"Actual Startup Time":2713.745,"Actual Total Time":26660.164,"Actual Rows":8568663,"Actual Loops":1,"Output":["customer.c_w_id","customer.c_nationkey","orders.o_w_id","order_line.ol_amount","order_line.ol_w_id","order_line.ol_i_id"],"Inner Unique":true,"Hash Cond":"((orders.o_c_id = customer.c_id) AND (orders.o_w_id = customer.c_w_id) AND (orders.o_d_id = customer.c_d_id))","Shared Hit Blocks":681748,"Shared Read Blocks":0,"Shared Dirtied Blocks":0,"Shared Written Blocks":0,"Local Hit Blocks":0,"Local Read Blocks":0,"Local Dirtied Blocks":0,"Local Written Blocks":0,"Temp Read Blocks":264991,"Temp Written Blocks":264991,"I/O Read Time":0.0,"I/O Write Time":0.0,"Temp I/O Read Time":407.913,"Temp I/O Write Time":1112.995,"Plans":[{"Node Type":"Hash Join","Parent Relationship":"Outer","Parallel Aware":false,"Async Capable":false,"Join Type":"Inner","Startup Cost":151173.84,"Total Cost":2410851.54,"Plan Rows":6161071,"Plan Width":20,"Actual Startup Time":386.204,"Actual Total Time":20001.058,"Actual Rows":8568663,"Actual Loops":1,"Output":["orders.o_c_id","orders.o_w_id","orders.o_d_id","order_line.ol_amount","order_line.ol_w_id","order_line.ol_d_id","order_line.ol_i_id"],"Inner Unique":true,"Hash Cond":"((order_line.ol_w_id = orders.o_w_id) AND (order_line.ol_d_id = orders.o_d_id) AND (order_line.ol_o_id = orders.o_id))","Shared Hit Blocks":681748,"Shared Read Blocks":0,"Shared Dirtied Blocks":0,"Shared Written Blocks":0,"Local Hit Blocks":0,"Local Read Blocks":0,"Local Dirtied Blocks":0,"Local Written Blocks":0,"Temp Read Blocks":200672,"Temp Written Blocks":200672,"I/O Read Time":0.0,"I/O Write Time":0.0,"Temp I/O Read Time":306.632,"Temp I/O Write Time":812.332,"Plans":[{"Node Type":"Seq Scan","Parent Relationship":"Outer","Parallel Aware":false,"Async Capable":false,"Relation Name":"order_line","Schema":"public","Alias":"order_line","Startup Cost":0.0,"Total Cost":1431670.8,"Plan Rows":42039468,"Plan Width":20,"Actual Startup Time":0.006,"Actual Total Time":7339.516,"Actual Rows":42000489,"Actual Loops":1,"Output":["order_line.ol_amount","order_line.ol_o_id","order_line.ol_w_id","order_line.ol_d_id","order_line.ol_i_id"],"Filter":"(order_line.ol_delivery_d >= '1992-01-02 20:10:02.27764'::timestamp without time zone)","Rows Removed by Filter":17993272,"Shared Hit Blocks":681748,"Shared Read Blocks":0,"Shared Dirtied Blocks":0,"Shared Written Blocks":0,"Local Hit Blocks":0,"Local Read Blocks":0,"Local Dirtied Blocks":0,"Local Written Blocks":0,"Temp Read Blocks":0,"Temp Written Blocks":0,"I/O Read Time":0.0,"I/O Write Time":0.0,"Temp I/O Read Time":0.0,"Temp I/O Write Time":0.0},{"Node Type":"Hash","Parent Relationship":"Inner","Parallel Aware":false,"Async Capable":false,"Startup Cost":131491.69,"Total Cost":131491.69,"Plan Rows":879323,"Plan Width":16,"Actual Startup Time":351.939,"Actual Total Time":351.948,"Actual Rows":856801,"Actual Loops":1,"Output":["orders.o_c_id","orders.o_w_id","orders.o_d_id","orders.o_id"],"Hash Buckets":262144,"Original Hash Buckets":262144,"Hash Batches":8,"Original Hash Batches":8,"Peak Memory Usage":7070,"Shared Hit Blocks":0,"Shared Read Blocks":0,"Shared Dirtied Blocks":0,"Shared Written Blocks":0,"Local Hit Blocks":0,"Local Read Blocks":0,"Local Dirtied Blocks":0,"Local Written Blocks":0,"Temp Read Blocks":0,"Temp Written Blocks":3290,"I/O Read Time":0.0,"I/O Write Time":0.0,"Temp I/O Read Time":0.0,"Temp I/O Write Time":14.1,"Plans":[{"Node Type":"Append","Parent Relationship":"Outer","Parallel Aware":false,"Async Capable":false,"Startup Cost":20.0,"Total Cost":131491.69,"Plan Rows":879323,"Plan Width":16,"Actual Startup Time":0.538,"Actual Total Time":200.892,"Actual Rows":856801,"Actual Loops":1,"Shared Hit Blocks":0,"Shared Read Blocks":0,"Shared Dirtied Blocks":0,"Shared Written Blocks":0,"Local Hit Blocks":0,"Local Read Blocks":0,"Local Dirtied Blocks":0,"Local Written Blocks":0,"Temp Read Blocks":0,"Temp Written Blocks":0,"I/O Read Time":0.0,"I/O Write Time":0.0,"Temp I/O Read Time":0.0,"Temp I/O Write Time":0.0,"Subplans Removed":0,"Plans":[{"Node Type":"Custom Scan","Parent Relationship":"Member","Custom Plan Provider":"columnar scan","Parallel Aware":false,"Async Capable":false,"Relation Name":"orders","Schema":"public","Alias":"orders","Startup Cost":20.0,"Total Cost":20684.21,"Plan Rows":879322,"Plan Width":16,"Actual Startup Time":0.537,"Actual Total Time":140.786,"Actual Rows":856801,"Actual Loops":1,"Output":["orders.o_c_id","orders.o_w_id","orders.o_d_id","orders.o_id"],"Filter":"((orders.o_entry_d < '1994-01-02 20:10:02.27764'::timestamp without time zone) AND (orders.o_entry_d >= '1993-01-02 20:10:02.27764'::timestamp without time zone))","Rows Removed by Filter":0,"Rows Removed by Columnar Filter":5143199,"Columnar cache search mode":"native","Shared Hit Blocks":0,"Shared Read Blocks":0,"Shared Dirtied Blocks":0,"Shared Written Blocks":0,"Local Hit Blocks":0,"Local Read Blocks":0,"Local Dirtied Blocks":0,"Local Written Blocks":0,"Temp Read Blocks":0,"Temp Written Blocks":0,"I/O Read Time":0.0,"I/O Write Time":0.0,"Temp I/O Read Time":0.0,"Temp I/O Write Time":0.0},{"Node Type":"Seq Scan","Parent Relationship":"Member","Parallel Aware":false,"Async Capable":false,"Relation Name":"orders","Schema":"public","Alias":"orders","Startup Cost":0.0,"Total Cost":4.01,"Plan Rows":1,"Plan Width":16,"Actual Startup Time":0.0,"Actual Total Time":0.0,"Actual Rows":0,"Actual Loops":0,"Output":["orders.o_c_id","orders.o_w_id","orders.o_d_id","orders.o_id"],"Filter":"((orders.o_entry_d < '1994-01-02 20:10:02.27764'::timestamp without time zone) AND (orders.o_entry_d >= '1993-01-02 20:10:02.27764'::timestamp without time zone))","Rows Removed by Filter":0,"Shared Hit Blocks":0,"Shared Read Blocks":0,"Shared Dirtied Blocks":0,"Shared Written Blocks":0,"Local Hit Blocks":0,"Local Read Blocks":0,"Local Dirtied Blocks":0,"Local Written Blocks":0,"Temp Read Blocks":0,"Temp Written Blocks":0,"I/O Read Time":0.0,"I/O Write Time":0.0,"Temp I/O Read Time":0.0,"Temp I/O Write Time":0.0}]}]}]},{"Node Type":"Hash","Parent Relationship":"Inner","Parallel Aware":false,"Async Capable":false,"Startup Cost":509795.49,"Total Cost":509795.49,"Plan Rows":6000140,"Plan Width":12,"Actual Startup Time":2320.472,"Actual Total Time":2320.477,"Actual Rows":6000000,"Actual Loops":1,"Output":["customer.c_id","customer.c_w_id","customer.c_d_id","customer.c_nationkey"],"Hash Buckets":262144,"Original Hash Buckets":262144,"Hash Batches":64,"Original Hash Batches":64,"Peak Memory Usage":6073,"Shared Hit Blocks":0,"Shared Read Blocks":0,"Shared Dirtied Blocks":0,"Shared Written Blocks":0,"Local Hit Blocks":0,"Local Read Blocks":0,"Local Dirtied Blocks":0,"Local Written Blocks":0,"Temp Read Blocks":0,"Temp Written Blocks":23037,"I/O Read Time":0.0,"I/O Write Time":0.0,"Temp I/O Read Time":0.0,"Temp I/O Write Time":101.929,"Plans":[{"Node Type":"Append","Parent Relationship":"Outer","Parallel Aware":false,"Async Capable":false,"Startup Cost":20.0,"Total Cost":509795.49,"Plan Rows":6000140,"Plan Width":12,"Actual Startup Time":0.017,"Actual Total Time":1312.873,"Actual Rows":6000000,"Actual Loops":1,"Shared Hit Blocks":0,"Shared Read Blocks":0,"Shared Dirtied Blocks":0,"Shared Written Blocks":0,"Local Hit Blocks":0,"Local Read Blocks":0,"Local Dirtied Blocks":0,"Local Written Blocks":0,"Temp Read Blocks":0,"Temp Written Blocks":0,"I/O Read Time":0.0,"I/O Write Time":0.0,"Temp I/O Read Time":0.0,"Temp I/O Write Time":0.0,"Subplans Removed":0,"Plans":[{"Node Type":"Custom Scan","Parent Relationship":"Member","Custom Plan Provider":"columnar scan","Parallel Aware":false,"Async Capable":false,"Relation Name":"customer","Schema":"public","Alias":"customer","Startup Cost":20.0,"Total Cost":141020.06,"Plan Rows":6000000,"Plan Width":12,"Actual Startup Time":0.016,"Actual Total Time":898.766,"Actual Rows":6000000,"Actual Loops":1,"Output":["customer.c_id","customer.c_w_id","customer.c_d_id","customer.c_nationkey"],"Rows Removed by Columnar Filter":0,"Columnar cache search mode":"native","Shared Hit Blocks":0,"Shared Read Blocks":0,"Shared Dirtied Blocks":0,"Shared Written Blocks":0,"Local Hit Blocks":0,"Local Read Blocks":0,"Local Dirtied Blocks":0,"Local Written Blocks":0,"Temp Read Blocks":0,"Temp Written Blocks":0,"I/O Read Time":0.0,"I/O Write Time":0.0,"Temp I/O Read Time":0.0,"Temp I/O Write Time":0.0},{"Node Type":"Seq Scan","Parent Relationship":"Member","Parallel Aware":false,"Async Capable":false,"Relation Name":"customer","Schema":"public","Alias":"customer","Startup Cost":0.0,"Total Cost":5.4,"Plan Rows":140,"Plan Width":12,"Actual Startup Time":0.0,"Actual Total Time":0.0,"Actual Rows":0,"Actual Loops":0,"Output":["customer.c_id","customer.c_w_id","customer.c_d_id","customer.c_nationkey"],"Shared Hit Blocks":0,"Shared Read Blocks":0,"Shared Dirtied Blocks":0,"Shared Written Blocks":0,"Local Hit Blocks":0,"Local Read Blocks":0,"Local Dirtied Blocks":0,"Local Written Blocks":0,"Temp Read Blocks":0,"Temp Written Blocks":0,"I/O Read Time":0.0,"I/O Write Time":0.0,"Temp I/O Read Time":0.0,"Temp I/O Write Time":0.0}]}]}]},{"Node Type":"Hash","Parent Relationship":"Inner","Parallel Aware":false,"Async Capable":false,"Startup Cost":2.99,"Total Cost":2.99,"Plan Rows":12,"Plan Width":12,"Actual Startup Time":0.041,"Actual Total Time":0.047,"Actual Rows":22,"Actual Loops":1,"Output":["nation.n_name","nation.n_nationkey"],"Hash Buckets":1024,"Original Hash Buckets":1024,"Hash Batches":1,"Original Hash Batches":1,"Peak Memory Usage":9,"Shared Hit Blocks":2,"Shared Read Blocks":0,"Shared Dirtied Blocks":0,"Shared Written Blocks":0,"Local Hit Blocks":0,"Local Read Blocks":0,"Local Dirtied Blocks":0,"Local Written Blocks":0,"Temp Read Blocks":0,"Temp Written Blocks":0,"I/O Read Time":0.0,"I/O Write Time":0.0,"Temp I/O Read Time":0.0,"Temp I/O Write Time":0.0,"Plans":[{"Node Type":"Hash Join","Parent Relationship":"Outer","Parallel Aware":false,"Async Capable":false,"Join Type":"Inner","Startup Cost":1.07,"Total Cost":2.99,"Plan Rows":12,"Plan Width":12,"Actual Startup Time":0.024,"Actual Total Time":0.041,"Actual Rows":22,"Actual Loops":1,"Output":["nation.n_name","nation.n_nationkey"],"Inner Unique":true,"Hash Cond":"(nation.n_regionkey = region.r_regionkey)","Shared Hit Blocks":2,"Shared Read Blocks":0,"Shared Dirtied Blocks":0,"Shared Written Blocks":0,"Local Hit Blocks":0,"Local Read Blocks":0,"Local Dirtied Blocks":0,"Local Written Blocks":0,"Temp Read Blocks":0,"Temp Written Blocks":0,"I/O Read Time":0.0,"I/O Write Time":0.0,"Temp I/O Read Time":0.0,"Temp I/O Write Time":0.0,"Plans":[{"Node Type":"Seq Scan","Parent Relationship":"Outer","Parallel Aware":false,"Async Capable":false,"Relation Name":"nation","Schema":"public","Alias":"nation","Startup Cost":0.0,"Total Cost":1.62,"Plan Rows":62,"Plan Width":16,"Actual Startup Time":0.008,"Actual Total Time":0.012,"Actual Rows":62,"Actual Loops":1,"Output":["nation.n_nationkey","nation.n_name","nation.n_regionkey","nation.n_comment"],"Shared Hit Blocks":1,"Shared Read Blocks":0,"Shared Dirtied Blocks":0,"Shared Written Blocks":0,"Local Hit Blocks":0,"Local Read Blocks":0,"Local Dirtied Blocks":0,"Local Written Blocks":0,"Temp Read Blocks":0,"Temp Written Blocks":0,"I/O Read Time":0.0,"I/O Write Time":0.0,"Temp I/O Read Time":0.0,"Temp I/O Write Time":0.0},{"Node Type":"Hash","Parent Relationship":"Inner","Parallel Aware":false,"Async Capable":false,"Startup Cost":1.06,"Total Cost":1.06,"Plan Rows":1,"Plan Width":4,"Actual Startup Time":0.008,"Actual Total Time":0.009,"Actual Rows":1,"Actual Loops":1,"Output":["region.r_regionkey"],"Hash Buckets":1024,"Original Hash Buckets":1024,"Hash Batches":1,"Original Hash Batches":1,"Peak Memory Usage":9,"Shared Hit Blocks":1,"Shared Read Blocks":0,"Shared Dirtied Blocks":0,"Shared Written Blocks":0,"Local Hit Blocks":0,"Local Read Blocks":0,"Local Dirtied Blocks":0,"Local Written Blocks":0,"Temp Read Blocks":0,"Temp Written Blocks":0,"I/O Read Time":0.0,"I/O Write Time":0.0,"Temp I/O Read Time":0.0,"Temp I/O Write Time":0.0,"Plans":[{"Node Type":"Seq Scan","Parent Relationship":"Outer","Parallel Aware":false,"Async Capable":false,"Relation Name":"region","Schema":"public","Alias":"region","Startup Cost":0.0,"Total Cost":1.06,"Plan Rows":1,"Plan Width":4,"Actual Startup Time":0.006,"Actual Total Time":0.007,"Actual Rows":1,"Actual Loops":1,"Output":["region.r_regionkey"],"Filter":"((region.r_name)::text = 'Europe'::text)","Rows Removed by Filter":4,"Shared Hit Blocks":1,"Shared Read Blocks":0,"Shared Dirtied Blocks":0,"Shared Written Blocks":0,"Local Hit Blocks":0,"Local Read Blocks":0,"Local Dirtied Blocks":0,"Local Written Blocks":0,"Temp Read Blocks":0,"Temp Written Blocks":0,"I/O Read Time":0.0,"I/O Write Time":0.0,"Temp I/O Read Time":0.0,"Temp I/O Write Time":0.0}]}]}]}]}]},{"Node Type":"Index Only Scan","Parent Relationship":"Inner","Parallel Aware":false,"Async Capable":false,"Scan Direction":"Forward","Index Name":"stock_pk","Relation Name":"stock","Schema":"public","Alias":"stock","Startup Cost":0.44,"Total Cost":519363.62,"Plan Rows":20000212,"Plan Width":6,"Actual Startup Time":0.043,"Actual Total Time":1390.967,"Actual Rows":19999994,"Actual Loops":1,"Output":["stock.s_w_id","stock.s_i_id"],"Heap Fetches":0,"Shared Hit Blocks":54673,"Shared Read Blocks":0,"Shared Dirtied Blocks":0,"Shared Written Blocks":0,"Local Hit Blocks":0,"Local Read Blocks":0,"Local Dirtied Blocks":0,"Local Written Blocks":0,"Temp Read Blocks":0,"Temp Written Blocks":0,"I/O Read Time":0.0,"I/O Write Time":0.0,"Temp I/O Read Time":0.0,"Temp I/O Write Time":0.0}]},{"Node Type":"Hash","Parent Relationship":"Inner","Parallel Aware":false,"Async Capable":false,"Startup Cost":219.01,"Total Cost":219.01,"Plan Rows":10001,"Plan Width":8,"Actual Startup Time":3.222,"Actual Total Time":3.225,"Actual Rows":10000,"Actual Loops":1,"Output":["supplier.su_suppkey","supplier.su_nationkey"],"Hash Buckets":16384,"Original Hash Buckets":16384,"Hash Batches":1,"Original Hash Batches":1,"Peak Memory Usage":519,"Shared Hit Blocks":0,"Shared Read Blocks":0,"Shared Dirtied Blocks":0,"Shared Written Blocks":0,"Local Hit Blocks":0,"Local Read Blocks":0,"Local Dirtied Blocks":0,"Local Written Blocks":0,"Temp Read Blocks":0,"Temp Written Blocks":0,"I/O Read Time":0.0,"I/O Write Time":0.0,"Temp I/O Read Time":0.0,"Temp I/O Write Time":0.0,"Plans":[{"Node Type":"Append","Parent Relationship":"Outer","Parallel Aware":false,"Async Capable":false,"Startup Cost":20.0,"Total Cost":219.01,"Plan Rows":10001,"Plan Width":8,"Actual Startup Time":0.013,"Actual Total Time":1.923,"Actual Rows":10000,"Actual Loops":1,"Shared Hit Blocks":0,"Shared Read Blocks":0,"Shared Dirtied Blocks":0,"Shared Written Blocks":0,"Local Hit Blocks":0,"Local Read Blocks":0,"Local Dirtied Blocks":0,"Local Written Blocks":0,"Temp Read Blocks":0,"Temp Written Blocks":0,"I/O Read Time":0.0,"I/O Write Time":0.0,"Temp I/O Read Time":0.0,"Temp I/O Write Time":0.0,"Subplans Removed":0,"Plans":[{"Node Type":"Custom Scan","Parent Relationship":"Member","Custom Plan Provider":"columnar scan","Parallel Aware":false,"Async Capable":false,"Relation Name":"supplier","Schema":"public","Alias":"supplier","Startup Cost":20.0,"Total Cost":215.0,"Plan Rows":10000,"Plan Width":8,"Actual Startup Time":0.012,"Actual Total Time":1.212,"Actual Rows":10000,"Actual Loops":1,"Output":["supplier.su_suppkey","supplier.su_nationkey"],"Rows Removed by Columnar Filter":0,"Columnar cache search mode":"native","Shared Hit Blocks":0,"Shared Read Blocks":0,"Shared Dirtied Blocks":0,"Shared Written Blocks":0,"Local Hit Blocks":0,"Local Read Blocks":0,"Local Dirtied Blocks":0,"Local Written Blocks":0,"Temp Read Blocks":0,"Temp Written Blocks":0,"I/O Read Time":0.0,"I/O Write Time":0.0,"Temp I/O Read Time":0.0,"Temp I/O Write Time":0.0},{"Node Type":"Seq Scan","Parent Relationship":"Member","Parallel Aware":false,"Async Capable":false,"Relation Name":"supplier","Schema":"public","Alias":"supplier","Startup Cost":0.0,"Total Cost":4.01,"Plan Rows":1,"Plan Width":8,"Actual Startup Time":0.0,"Actual Total Time":0.0,"Actual Rows":0,"Actual Loops":0,"Output":["supplier.su_suppkey","supplier.su_nationkey"],"Shared Hit Blocks":0,"Shared Read Blocks":0,"Shared Dirtied Blocks":0,"Shared Written Blocks":0,"Local Hit Blocks":0,"Local Read Blocks":0,"Local Dirtied Blocks":0,"Local Written Blocks":0,"Temp Read Blocks":0,"Temp Written Blocks":0,"I/O Read Time":0.0,"I/O Write Time":0.0,"Temp I/O Read Time":0.0,"Temp I/O Write Time":0.0}]}]}]}]}]}]},"Planning":{"Shared Hit Blocks":220,"Shared Read Blocks":0,"Shared Dirtied Blocks":0,"Shared Written Blocks":0,"Local Hit Blocks":0,"Local Read Blocks":0,"Local Dirtied Blocks":0,"Local Written Blocks":0,"Temp Read Blocks":0,"Temp Written Blocks":0,"I/O Read Time":0.0,"I/O Write Time":0.0,"Temp I/O Read Time":0.0,"Temp I/O Write Time":0.0},"Planning Time":5.742,"Triggers":[],"Execution Time":34046.17}]
[列存组合]: nation, order_line, orders, region, stock
[{"Plan":{"Node Type":"Sort","Parallel Aware":false,"Async Capable":false,"Startup Cost":2399090.61,"Total Cost":2399090.76,"Plan Rows":62,"Plan Width":40,"Actual Startup Time":11186.707,"Actual Total Time":11186.75,"Actual Rows":11,"Actual Loops":1,"Output":["nation.n_name","(sum(order_line.ol_amount))"],"Sort Key":["(sum(order_line.ol_amount)) DESC"],"Sort Method":"quicksort","Sort Space Used":25,"Sort Space Type":"Memory","Shared Hit Blocks":460209,"Shared Read Blocks":0,"Shared Dirtied Blocks":0,"Shared Written Blocks":0,"Local Hit Blocks":0,"Local Read Blocks":0,"Local Dirtied Blocks":0,"Local Written Blocks":0,"Temp Read Blocks":67001,"Temp Written Blocks":67001,"I/O Read Time":0.0,"I/O Write Time":0.0,"Temp I/O Read Time":105.288,"Temp I/O Write Time":323.392,"Plans":[{"Node Type":"Aggregate","Strategy":"Sorted","Partial Mode":"Simple","Parent Relationship":"Outer","Parallel Aware":false,"Async Capable":false,"Startup Cost":2398936.97,"Total Cost":2399088.76,"Plan Rows":62,"Plan Width":40,"Actual Startup Time":11180.579,"Actual Total Time":11186.731,"Actual Rows":11,"Actual Loops":1,"Output":["nation.n_name","sum(order_line.ol_amount)"],"Group Key":["nation.n_name"],"Shared Hit Blocks":460209,"Shared Read Blocks":0,"Shared Dirtied Blocks":0,"Shared Written Blocks":0,"Local Hit Blocks":0,"Local Read Blocks":0,"Local Dirtied Blocks":0,"Local Written Blocks":0,"Temp Read Blocks":67001,"Temp Written Blocks":67001,"I/O Read Time":0.0,"I/O Write Time":0.0,"Temp I/O Read Time":105.288,"Temp I/O Write Time":323.392,"Plans":[{"Node Type":"Sort","Parent Relationship":"Outer","Parallel Aware":false,"Async Capable":false,"Startup Cost":2398936.97,"Total Cost":2398987.31,"Plan Rows":20136,"Plan Width":12,"Actual Startup Time":11180.138,"Actual Total Time":11182.022,"Actual Rows":35044,"Actual Loops":1,"Output":["nation.n_name","order_line.ol_amount"],"Sort Key":["nation.n_name"],"Sort Method":"quicksort","Sort Space Used":3146,"Sort Space Type":"Memory","Shared Hit Blocks":460209,"Shared Read Blocks":0,"Shared Dirtied Blocks":0,"Shared Written Blocks":0,"Local Hit Blocks":0,"Local Read Blocks":0,"Local Dirtied Blocks":0,"Local Written Blocks":0,"Temp Read Blocks":67001,"Temp Written Blocks":67001,"I/O Read Time":0.0,"I/O Write Time":0.0,"Temp I/O Read Time":105.288,"Temp I/O Write Time":323.392,"Plans":[{"Node Type":"Hash Join","Parent Relationship":"Outer","Parallel Aware":false,"Async Capable":false,"Join Type":"Inner","Startup Cost":879488.62,"Total Cost":2397497.5,"Plan Rows":20136,"Plan Width":12,"Actual Startup Time":4484.881,"Actual Total Time":11163.28,"Actual Rows":35044,"Actual Loops":1,"Output":["nation.n_name","order_line.ol_amount"],"Hash Cond":"((orders.o_c_id = customer.c_id) AND (orders.o_w_id = customer.c_w_id) AND (orders.o_d_id = customer.c_d_id) AND (supplier.su_nationkey = customer.c_nationkey))","Shared Hit Blocks":460209,"Shared Read Blocks":0,"Shared Dirtied Blocks":0,"Shared Written Blocks":0,"Local Hit Blocks":0,"Local Read Blocks":0,"Local Dirtied Blocks":0,"Local Written Blocks":0,"Temp Read Blocks":67001,"Temp Written Blocks":67001,"I/O Read Time":0.0,"I/O Write Time":0.0,"Temp I/O Read Time":105.288,"Temp I/O Write Time":323.392,"Plans":[{"Node Type":"Hash Join","Parent Relationship":"Outer","Parallel Aware":false,"Async Capable":false,"Join Type":"Inner","Startup Cost":210196.42,"Total Cost":1666455.07,"Plan Rows":1242117,"Plan Width":34,"Actual Startup Time":1590.35,"Actual Total Time":6747.625,"Actual Rows":2982388,"Actual Loops":1,"Output":["orders.o_c_id","orders.o_w_id","orders.o_d_id","order_line.ol_amount","order_line.ol_w_id","order_line.ol_d_id","stock.s_w_id","supplier.su_nationkey","nation.n_name","nation.n_nationkey"],"Hash Cond":"((order_line.ol_w_id = orders.o_w_id) AND (order_line.ol_d_id = orders.o_d_id) AND (order_line.ol_o_id = orders.o_id))","Shared Hit Blocks":219,"Shared Read Blocks":0,"Shared Dirtied Blocks":0,"Shared Written Blocks":0,"Local Hit Blocks":0,"Local Read Blocks":0,"Local Dirtied Blocks":0,"Local Written Blocks":0,"Temp Read Blocks":23127,"Temp Written Blocks":23127,"I/O Read Time":0.0,"I/O Write Time":0.0,"Temp I/O Read Time":36.786,"Temp I/O Write Time":108.424,"Plans":[{"Node Type":"Hash Join","Parent Relationship":"Outer","Parallel Aware":false,"Async Capable":false,"Join Type":"Inner","Startup Cost":59022.58,"Total Cost":1311993.18,"Plan Rows":8467814,"Plan Width":34,"Actual Startup Time":1174.87,"Actual Total Time":4744.594,"Actual Rows":3000322,"Actual Loops":1,"Output":["order_line.ol_amount","order_line.ol_o_id","order_line.ol_w_id","order_line.ol_d_id","stock.s_w_id","supplier.su_nationkey","nation.n_name","nation.n_nationkey"],"Hash Cond":"(mod((stock.s_w_id * stock.s_i_id), 10000) = supplier.su_suppkey)","Shared Hit Blocks":219,"Shared Read Blocks":0,"Shared Dirtied Blocks":0,"Shared Written Blocks":0,"Local Hit Blocks":0,"Local Read Blocks":0,"Local Dirtied Blocks":0,"Local Written Blocks":0,"Temp Read Blocks":0,"Temp Written Blocks":0,"I/O Read Time":0.0,"I/O Write Time":0.0,"Temp I/O Read Time":0.0,"Temp I/O Write Time":0.0,"Plans":[{"Node Type":"Hash Join","Parent Relationship":"Outer","Parallel Aware":false,"Async Capable":false,"Join Type":"Inner","Startup Cost":58620.59,"Total Cost":962293.85,"Plan Rows":42339072,"Plan Width":22,"Actual Startup Time":1171.951,"Actual Total Time":3336.447,"Actual Rows":8620885,"Actual Loops":1,"Output":["order_line.ol_amount","order_line.ol_o_id","order_line.ol_w_id","order_line.ol_d_id","stock.s_w_id","stock.s_i_id"],"Hash Cond":"((order_line.ol_w_id = stock.s_w_id) AND (order_line.ol_i_id = stock.s_i_id))","Rows Removed by Bloom Filter":0,"Shared Hit Blocks":0,"Shared Read Blocks":0,"Shared Dirtied Blocks":0,"Shared Written Blocks":0,"Local Hit Blocks":0,"Local Read Blocks":0,"Local Dirtied Blocks":0,"Local Written Blocks":0,"Temp Read Blocks":0,"Temp Written Blocks":0,"I/O Read Time":0.0,"I/O Write Time":0.0,"Temp I/O Read Time":0.0,"Temp I/O Write Time":0.0,"Plans":[{"Node Type":"Append","Parent Relationship":"Outer","Parallel Aware":false,"Async Capable":false,"Startup Cost":20.0,"Total Cost":1072031.01,"Plan Rows":42039468,"Plan Width":20,"Actual Startup Time":250.125,"Actual Total Time":250.142,"Actual Rows":8620885,"Actual Loops":1,"Shared Hit Blocks":0,"Shared Read Blocks":0,"Shared Dirtied Blocks":0,"Shared Written Blocks":0,"Local Hit Blocks":0,"Local Read Blocks":0,"Local Dirtied Blocks":0,"Local Written Blocks":0,"Temp Read Blocks":0,"Temp Written Blocks":0,"I/O Read Time":0.0,"I/O Write Time":0.0,"Temp I/O Read Time":0.0,"Temp I/O Write Time":0.0,"Subplans Removed":0,"Plans":[{"Node Type":"Custom Scan","Parent Relationship":"Member","Custom Plan Provider":"columnar scan","Parallel Aware":false,"Async Capable":false,"Relation Name":"order_line","Schema":"public","Alias":"order_line","Startup Cost":20.0,"Total Cost":1072026.23,"Plan Rows":42039424,"Plan Width":20,"Actual Startup Time":250.122,"Actual Total Time":250.123,"Actual Rows":8620885,"Actual Loops":1,"Output":["order_line.ol_amount","order_line.ol_o_id","order_line.ol_w_id","order_line.ol_d_id","order_line.ol_i_id"],"Filter":"(order_line.ol_delivery_d >= '1992-01-02 20:10:02.27764'::timestamp without time zone)","Rows Removed by Filter":0,"Rows Removed by Columnar Filter":51372876,"Rows Filtered by Bloom Filter":0,"Dictionary Rows Filtered by Bloom Filter":51372876,"Columnar cache search mode":"native","Shared Hit Blocks":0,"Shared Read Blocks":0,"Shared Dirtied Blocks":0,"Shared Written Blocks":0,"Local Hit Blocks":0,"Local Read Blocks":0,"Local Dirtied Blocks":0,"Local Written Blocks":0,"Temp Read Blocks":0,"Temp Written Blocks":0,"I/O Read Time":0.0,"I/O Write Time":0.0,"Temp I/O Read Time":0.0,"Temp I/O Write Time":0.0},{"Node Type":"Seq Scan","Parent Relationship":"Member","Parallel Aware":false,"Async Capable":false,"Relation Name":"order_line","Schema":"public","Alias":"order_line","Startup Cost":0.0,"Total Cost":4.79,"Plan Rows":44,"Plan Width":20,"Actual Startup Time":0.0,"Actual Total Time":0.0,"Actual Rows":0,"Actual Loops":0,"Output":["order_line.ol_amount","order_line.ol_o_id","order_line.ol_w_id","order_line.ol_d_id","order_line.ol_i_id"],"Filter":"(order_line.ol_delivery_d >= '1992-01-02 20:10:02.27764'::timestamp without time zone)","Rows Removed by Filter":0,"Shared Hit Blocks":0,"Shared Read Blocks":0,"Shared Dirtied Blocks":0,"Shared Written Blocks":0,"Local Hit Blocks":0,"Local Read Blocks":0,"Local Dirtied Blocks":0,"Local Written Blocks":0,"Temp Read Blocks":0,"Temp Written Blocks":0,"I/O Read Time":0.0,"I/O Write Time":0.0,"Temp I/O Read Time":0.0,"Temp I/O Write Time":0.0}]},{"Node Type":"Hash","Parent Relationship":"Inner","Parallel Aware":false,"Async Capable":false,"Startup Cost":390026.22,"Total Cost":390026.22,"Plan Rows":20000212,"Plan Width":6,"Actual Rows":20000000,"Actual Loops":1,"Output":["stock.s_w_id","stock.s_i_id"],"Shared Hit Blocks":0,"Shared Read Blocks":0,"Shared Dirtied Blocks":0,"Shared Written Blocks":0,"Local Hit Blocks":0,"Local Read Blocks":0,"Local Dirtied Blocks":0,"Local Written Blocks":0,"Temp Read Blocks":0,"Temp Written Blocks":0,"I/O Read Time":0.0,"I/O Write Time":0.0,"Temp I/O Read Time":0.0,"Temp I/O Write Time":0.0,"Plans":[{"Node Type":"Append","Parent Relationship":"Outer","Parallel Aware":false,"Async Capable":false,"Startup Cost":20.0,"Total Cost":390026.22,"Plan Rows":20000212,"Plan Width":6,"Actual Startup Time":0.407,"Actual Total Time":0.41,"Actual Rows":20000000,"Actual Loops":1,"Shared Hit Blocks":0,"Shared Read Blocks":0,"Shared Dirtied Blocks":0,"Shared Written Blocks":0,"Local Hit Blocks":0,"Local Read Blocks":0,"Local Dirtied Blocks":0,"Local Written Blocks":0,"Temp Read Blocks":0,"Temp Written Blocks":0,"I/O Read Time":0.0,"I/O Write Time":0.0,"Temp I/O Read Time":0.0,"Temp I/O Write Time":0.0,"Subplans Removed":0,"Plans":[{"Node Type":"Custom Scan","Parent Relationship":"Member","Custom Plan Provider":"columnar scan","Parallel Aware":false,"Async Capable":false,"Relation Name":"stock","Schema":"public","Alias":"stock","Startup Cost":20.0,"Total Cost":390020.1,"Plan Rows":20000000,"Plan Width":6,"Actual Startup Time":0.407,"Actual Total Time":0.407,"Actual Rows":20000000,"Actual Loops":1,"Output":["stock.s_w_id","stock.s_i_id"],"Rows Removed by Columnar Filter":0,"Columnar cache search mode":"native","Shared Hit Blocks":0,"Shared Read Blocks":0,"Shared Dirtied Blocks":0,"Shared Written Blocks":0,"Local Hit Blocks":0,"Local Read Blocks":0,"Local Dirtied Blocks":0,"Local Written Blocks":0,"Temp Read Blocks":0,"Temp Written Blocks":0,"I/O Read Time":0.0,"I/O Write Time":0.0,"Temp I/O Read Time":0.0,"Temp I/O Write Time":0.0},{"Node Type":"Seq Scan","Parent Relationship":"Member","Parallel Aware":false,"Async Capable":false,"Relation Name":"stock","Schema":"public","Alias":"stock","Startup Cost":0.0,"Total Cost":6.12,"Plan Rows":212,"Plan Width":6,"Actual Startup Time":0.0,"Actual Total Time":0.0,"Actual Rows":0,"Actual Loops":0,"Output":["stock.s_w_id","stock.s_i_id"],"Shared Hit Blocks":0,"Shared Read Blocks":0,"Shared Dirtied Blocks":0,"Shared Written Blocks":0,"Local Hit Blocks":0,"Local Read Blocks":0,"Local Dirtied Blocks":0,"Local Written Blocks":0,"Temp Read Blocks":0,"Temp Written Blocks":0,"I/O Read Time":0.0,"I/O Write Time":0.0,"Temp I/O Read Time":0.0,"Temp I/O Write Time":0.0}]}]}]},{"Node Type":"Hash","Parent Relationship":"Inner","Parallel Aware":false,"Async Capable":false,"Startup Cost":376.99,"Total Cost":376.99,"Plan Rows":2000,"Plan Width":20,"Actual Startup Time":2.855,"Actual Total Time":2.867,"Actual Rows":3506,"Actual Loops":1,"Output":["supplier.su_suppkey","supplier.su_nationkey","nation.n_name","nation.n_nationkey"],"Hash Buckets":4096,"Original Hash Buckets":2048,"Hash Batches":1,"Original Hash Batches":1,"Peak Memory Usage":217,"Shared Hit Blocks":219,"Shared Read Blocks":0,"Shared Dirtied Blocks":0,"Shared Written Blocks":0,"Local Hit Blocks":0,"Local Read Blocks":0,"Local Dirtied Blocks":0,"Local Written Blocks":0,"Temp Read Blocks":0,"Temp Written Blocks":0,"I/O Read Time":0.0,"I/O Write Time":0.0,"Temp I/O Read Time":0.0,"Temp I/O Write Time":0.0,"Plans":[{"Node Type":"Hash Join","Parent Relationship":"Outer","Parallel Aware":false,"Async Capable":false,"Join Type":"Inner","Startup Cost":3.14,"Total Cost":376.99,"Plan Rows":2000,"Plan Width":20,"Actual Startup Time":0.071,"Actual Total Time":2.289,"Actual Rows":3506,"Actual Loops":1,"Output":["supplier.su_suppkey","supplier.su_nationkey","nation.n_name","nation.n_nationkey"],"Hash Cond":"(supplier.su_nationkey = nation.n_nationkey)","Shared Hit Blocks":219,"Shared Read Blocks":0,"Shared Dirtied Blocks":0,"Shared Written Blocks":0,"Local Hit Blocks":0,"Local Read Blocks":0,"Local Dirtied Blocks":0,"Local Written Blocks":0,"Temp Read Blocks":0,"Temp Written Blocks":0,"I/O Read Time":0.0,"I/O Write Time":0.0,"Temp I/O Read Time":0.0,"Temp I/O Write Time":0.0,"Plans":[{"Node Type":"Seq Scan","Parent Relationship":"Outer","Parallel Aware":false,"Async Capable":false,"Relation Name":"supplier","Schema":"public","Alias":"supplier","Startup Cost":0.0,"Total Cost":317.0,"Plan Rows":10000,"Plan Width":8,"Actual Startup Time":0.014,"Actual Total Time":0.797,"Actual Rows":10000,"Actual Loops":1,"Output":["supplier.su_suppkey","supplier.su_name","supplier.su_address","supplier.su_nationkey","supplier.su_phone","supplier.su_acctbal","supplier.su_comment"],"Shared Hit Blocks":217,"Shared Read Blocks":0,"Shared Dirtied Blocks":0,"Shared Written Blocks":0,"Local Hit Blocks":0,"Local Read Blocks":0,"Local Dirtied Blocks":0,"Local Written Blocks":0,"Temp Read Blocks":0,"Temp Written Blocks":0,"I/O Read Time":0.0,"I/O Write Time":0.0,"Temp I/O Read Time":0.0,"Temp I/O Write Time":0.0},{"Node Type":"Hash","Parent Relationship":"Inner","Parallel Aware":false,"Async Capable":false,"Startup Cost":2.99,"Total Cost":2.99,"Plan Rows":12,"Plan Width":12,"Actual Startup Time":0.047,"Actual Total Time":0.054,"Actual Rows":22,"Actual Loops":1,"Output":["nation.n_name","nation.n_nationkey"],"Hash Buckets":1024,"Original Hash Buckets":1024,"Hash Batches":1,"Original Hash Batches":1,"Peak Memory Usage":9,"Shared Hit Blocks":2,"Shared Read Blocks":0,"Shared Dirtied Blocks":0,"Shared Written Blocks":0,"Local Hit Blocks":0,"Local Read Blocks":0,"Local Dirtied Blocks":0,"Local Written Blocks":0,"Temp Read Blocks":0,"Temp Written Blocks":0,"I/O Read Time":0.0,"I/O Write Time":0.0,"Temp I/O Read Time":0.0,"Temp I/O Write Time":0.0,"Plans":[{"Node Type":"Hash Join","Parent Relationship":"Outer","Parallel Aware":false,"Async Capable":false,"Join Type":"Inner","Startup Cost":1.07,"Total Cost":2.99,"Plan Rows":12,"Plan Width":12,"Actual Startup Time":0.026,"Actual Total Time":0.047,"Actual Rows":22,"Actual Loops":1,"Output":["nation.n_name","nation.n_nationkey"],"Hash Cond":"(nation.n_regionkey = region.r_regionkey)","Shared Hit Blocks":2,"Shared Read Blocks":0,"Shared Dirtied Blocks":0,"Shared Written Blocks":0,"Local Hit Blocks":0,"Local Read Blocks":0,"Local Dirtied Blocks":0,"Local Written Blocks":0,"Temp Read Blocks":0,"Temp Written Blocks":0,"I/O Read Time":0.0,"I/O Write Time":0.0,"Temp I/O Read Time":0.0,"Temp I/O Write Time":0.0,"Plans":[{"Node Type":"Seq Scan","Parent Relationship":"Outer","Parallel Aware":false,"Async Capable":false,"Relation Name":"nation","Schema":"public","Alias":"nation","Startup Cost":0.0,"Total Cost":1.62,"Plan Rows":62,"Plan Width":16,"Actual Startup Time":0.004,"Actual Total Time":0.009,"Actual Rows":62,"Actual Loops":1,"Output":["nation.n_nationkey","nation.n_name","nation.n_regionkey","nation.n_comment"],"Shared Hit Blocks":1,"Shared Read Blocks":0,"Shared Dirtied Blocks":0,"Shared Written Blocks":0,"Local Hit Blocks":0,"Local Read Blocks":0,"Local Dirtied Blocks":0,"Local Written Blocks":0,"Temp Read Blocks":0,"Temp Written Blocks":0,"I/O Read Time":0.0,"I/O Write Time":0.0,"Temp I/O Read Time":0.0,"Temp I/O Write Time":0.0},{"Node Type":"Hash","Parent Relationship":"Inner","Parallel Aware":false,"Async Capable":false,"Startup Cost":1.06,"Total Cost":1.06,"Plan Rows":1,"Plan Width":4,"Actual Startup Time":0.011,"Actual Total Time":0.014,"Actual Rows":1,"Actual Loops":1,"Output":["region.r_regionkey"],"Hash Buckets":1024,"Original Hash Buckets":1024,"Hash Batches":1,"Original Hash Batches":1,"Peak Memory Usage":9,"Shared Hit Blocks":1,"Shared Read Blocks":0,"Shared Dirtied Blocks":0,"Shared Written Blocks":0,"Local Hit Blocks":0,"Local Read Blocks":0,"Local Dirtied Blocks":0,"Local Written Blocks":0,"Temp Read Blocks":0,"Temp Written Blocks":0,"I/O Read Time":0.0,"I/O Write Time":0.0,"Temp I/O Read Time":0.0,"Temp I/O Write Time":0.0,"Plans":[{"Node Type":"Seq Scan","Parent Relationship":"Outer","Parallel Aware":false,"Async Capable":false,"Relation Name":"region","Schema":"public","Alias":"region","Startup Cost":0.0,"Total Cost":1.06,"Plan Rows":1,"Plan Width":4,"Actual Startup Time":0.009,"Actual Total Time":0.01,"Actual Rows":1,"Actual Loops":1,"Output":["region.r_regionkey"],"Filter":"((region.r_name)::text = 'Europe'::text)","Rows Removed by Filter":4,"Shared Hit Blocks":1,"Shared Read Blocks":0,"Shared Dirtied Blocks":0,"Shared Written Blocks":0,"Local Hit Blocks":0,"Local Read Blocks":0,"Local Dirtied Blocks":0,"Local Written Blocks":0,"Temp Read Blocks":0,"Temp Written Blocks":0,"I/O Read Time":0.0,"I/O Write Time":0.0,"Temp I/O Read Time":0.0,"Temp I/O Write Time":0.0}]}]}]}]}]}]},{"Node Type":"Hash","Parent Relationship":"Inner","Parallel Aware":false,"Async Capable":false,"Startup Cost":131491.69,"Total Cost":131491.69,"Plan Rows":879323,"Plan Width":16,"Actual Startup Time":413.859,"Actual Total Time":413.862,"Actual Rows":856801,"Actual Loops":1,"Output":["orders.o_c_id","orders.o_w_id","orders.o_d_id","orders.o_id"],"Hash Buckets":262144,"Original Hash Buckets":262144,"Hash Batches":8,"Original Hash Batches":8,"Peak Memory Usage":7070,"Shared Hit Blocks":0,"Shared Read Blocks":0,"Shared Dirtied Blocks":0,"Shared Written Blocks":0,"Local Hit Blocks":0,"Local Read Blocks":0,"Local Dirtied Blocks":0,"Local Written Blocks":0,"Temp Read Blocks":0,"Temp Written Blocks":3290,"I/O Read Time":0.0,"I/O Write Time":0.0,"Temp I/O Read Time":0.0,"Temp I/O Write Time":14.989,"Plans":[{"Node Type":"Append","Parent Relationship":"Outer","Parallel Aware":false,"Async Capable":false,"Startup Cost":20.0,"Total Cost":131491.69,"Plan Rows":879323,"Plan Width":16,"Actual Startup Time":0.499,"Actual Total Time":206.979,"Actual Rows":856801,"Actual Loops":1,"Shared Hit Blocks":0,"Shared Read Blocks":0,"Shared Dirtied Blocks":0,"Shared Written Blocks":0,"Local Hit Blocks":0,"Local Read Blocks":0,"Local Dirtied Blocks":0,"Local Written Blocks":0,"Temp Read Blocks":0,"Temp Written Blocks":0,"I/O Read Time":0.0,"I/O Write Time":0.0,"Temp I/O Read Time":0.0,"Temp I/O Write Time":0.0,"Subplans Removed":0,"Plans":[{"Node Type":"Custom Scan","Parent Relationship":"Member","Custom Plan Provider":"columnar scan","Parallel Aware":false,"Async Capable":false,"Relation Name":"orders","Schema":"public","Alias":"orders","Startup Cost":20.0,"Total Cost":20684.21,"Plan Rows":879322,"Plan Width":16,"Actual Startup Time":0.498,"Actual Total Time":145.109,"Actual Rows":856801,"Actual Loops":1,"Output":["orders.o_c_id","orders.o_w_id","orders.o_d_id","orders.o_id"],"Filter":"((orders.o_entry_d < '1994-01-02 20:10:02.27764'::timestamp without time zone) AND (orders.o_entry_d >= '1993-01-02 20:10:02.27764'::timestamp without time zone))","Rows Removed by Filter":0,"Rows Removed by Columnar Filter":5143199,"Columnar cache search mode":"native","Shared Hit Blocks":0,"Shared Read Blocks":0,"Shared Dirtied Blocks":0,"Shared Written Blocks":0,"Local Hit Blocks":0,"Local Read Blocks":0,"Local Dirtied Blocks":0,"Local Written Blocks":0,"Temp Read Blocks":0,"Temp Written Blocks":0,"I/O Read Time":0.0,"I/O Write Time":0.0,"Temp I/O Read Time":0.0,"Temp I/O Write Time":0.0},{"Node Type":"Seq Scan","Parent Relationship":"Member","Parallel Aware":false,"Async Capable":false,"Relation Name":"orders","Schema":"public","Alias":"orders","Startup Cost":0.0,"Total Cost":4.01,"Plan Rows":1,"Plan Width":16,"Actual Startup Time":0.0,"Actual Total Time":0.0,"Actual Rows":0,"Actual Loops":0,"Output":["orders.o_c_id","orders.o_w_id","orders.o_d_id","orders.o_id"],"Filter":"((orders.o_entry_d < '1994-01-02 20:10:02.27764'::timestamp without time zone) AND (orders.o_entry_d >= '1993-01-02 20:10:02.27764'::timestamp without time zone))","Rows Removed by Filter":0,"Shared Hit Blocks":0,"Shared Read Blocks":0,"Shared Dirtied Blocks":0,"Shared Written Blocks":0,"Local Hit Blocks":0,"Local Read Blocks":0,"Local Dirtied Blocks":0,"Local Written Blocks":0,"Temp Read Blocks":0,"Temp Written Blocks":0,"I/O Read Time":0.0,"I/O Write Time":0.0,"Temp I/O Read Time":0.0,"Temp I/O Write Time":0.0}]}]}]},{"Node Type":"Hash","Parent Relationship":"Inner","Parallel Aware":false,"Async Capable":false,"Startup Cost":519991.4,"Total Cost":519991.4,"Plan Rows":6000140,"Plan Width":12,"Actual Startup Time":2798.785,"Actual Total Time":2798.785,"Actual Rows":6000000,"Actual Loops":1,"Output":["customer.c_id","customer.c_w_id","customer.c_d_id","customer.c_nationkey"],"Hash Buckets":262144,"Original Hash Buckets":262144,"Hash Batches":64,"Original Hash Batches":64,"Peak Memory Usage":6083,"Shared Hit Blocks":459990,"Shared Read Blocks":0,"Shared Dirtied Blocks":0,"Shared Written Blocks":0,"Local Hit Blocks":0,"Local Read Blocks":0,"Local Dirtied Blocks":0,"Local Written Blocks":0,"Temp Read Blocks":0,"Temp Written Blocks":23035,"I/O Read Time":0.0,"I/O Write Time":0.0,"Temp I/O Read Time":0.0,"Temp I/O Write Time":116.438,"Plans":[{"Node Type":"Seq Scan","Parent Relationship":"Outer","Parallel Aware":false,"Async Capable":false,"Relation Name":"customer","Schema":"public","Alias":"customer","Startup Cost":0.0,"Total Cost":519991.4,"Plan Rows":6000140,"Plan Width":12,"Actual Startup Time":0.025,"Actual Total Time":1749.711,"Actual Rows":6000000,"Actual Loops":1,"Output":["customer.c_id","customer.c_w_id","customer.c_d_id","customer.c_nationkey"],"Shared Hit Blocks":459990,"Shared Read Blocks":0,"Shared Dirtied Blocks":0,"Shared Written Blocks":0,"Local Hit Blocks":0,"Local Read Blocks":0,"Local Dirtied Blocks":0,"Local Written Blocks":0,"Temp Read Blocks":0,"Temp Written Blocks":0,"I/O Read Time":0.0,"I/O Write Time":0.0,"Temp I/O Read Time":0.0,"Temp I/O Write Time":0.0}]}]}]}]}]},"Planning":{"Shared Hit Blocks":220,"Shared Read Blocks":0,"Shared Dirtied Blocks":0,"Shared Written Blocks":0,"Local Hit Blocks":0,"Local Read Blocks":0,"Local Dirtied Blocks":0,"Local Written Blocks":0,"Temp Read Blocks":0,"Temp Written Blocks":0,"I/O Read Time":0.0,"I/O Write Time":0.0,"Temp I/O Read Time":0.0,"Temp I/O Write Time":0.0},"Planning Time":5.718,"Triggers":[],"Execution Time":11193.283}]
[列存组合]: nation, order_line, orders, region, supplier
[{"Plan":{"Node Type":"Sort","Parallel Aware":false,"Async Capable":false,"Startup Cost":4055576.05,"Total Cost":4055576.21,"Plan Rows":62,"Plan Width":40,"Actual Startup Time":21157.114,"Actual Total Time":21157.152,"Actual Rows":11,"Actual Loops":1,"Output":["nation.n_name","(sum(order_line.ol_amount))"],"Sort Key":["(sum(order_line.ol_amount)) DESC"],"Sort Method":"quicksort","Sort Space Used":25,"Sort Space Type":"Memory","Shared Hit Blocks":514665,"Shared Read Blocks":0,"Shared Dirtied Blocks":0,"Shared Written Blocks":0,"Local Hit Blocks":0,"Local Read Blocks":0,"Local Dirtied Blocks":0,"Local Written Blocks":0,"Temp Read Blocks":131755,"Temp Written Blocks":131809,"I/O Read Time":0.0,"I/O Write Time":0.0,"Temp I/O Read Time":207.597,"Temp I/O Write Time":558.147,"Plans":[{"Node Type":"Aggregate","Strategy":"Sorted","Partial Mode":"Simple","Parent Relationship":"Outer","Parallel Aware":false,"Async Capable":false,"Startup Cost":4055422.41,"Total Cost":4055574.21,"Plan Rows":62,"Plan Width":40,"Actual Startup Time":21151.189,"Actual Total Time":21157.135,"Actual Rows":11,"Actual Loops":1,"Output":["nation.n_name","sum(order_line.ol_amount)"],"Group Key":["nation.n_name"],"Shared Hit Blocks":514665,"Shared Read Blocks":0,"Shared Dirtied Blocks":0,"Shared Written Blocks":0,"Local Hit Blocks":0,"Local Read Blocks":0,"Local Dirtied Blocks":0,"Local Written Blocks":0,"Temp Read Blocks":131755,"Temp Written Blocks":131809,"I/O Read Time":0.0,"I/O Write Time":0.0,"Temp I/O Read Time":207.597,"Temp I/O Write Time":558.147,"Plans":[{"Node Type":"Sort","Parent Relationship":"Outer","Parallel Aware":false,"Async Capable":false,"Startup Cost":4055422.41,"Total Cost":4055472.75,"Plan Rows":20136,"Plan Width":12,"Actual Startup Time":21150.751,"Actual Total Time":21152.586,"Actual Rows":35044,"Actual Loops":1,"Output":["nation.n_name","order_line.ol_amount"],"Sort Key":["nation.n_name"],"Sort Method":"quicksort","Sort Space Used":3146,"Sort Space Type":"Memory","Shared Hit Blocks":514665,"Shared Read Blocks":0,"Shared Dirtied Blocks":0,"Shared Written Blocks":0,"Local Hit Blocks":0,"Local Read Blocks":0,"Local Dirtied Blocks":0,"Local Written Blocks":0,"Temp Read Blocks":131755,"Temp Written Blocks":131809,"I/O Read Time":0.0,"I/O Write Time":0.0,"Temp I/O Read Time":207.597,"Temp I/O Write Time":558.147,"Plans":[{"Node Type":"Hash Join","Parent Relationship":"Outer","Parallel Aware":false,"Async Capable":false,"Join Type":"Inner","Startup Cost":3406114.96,"Total Cost":4053982.94,"Plan Rows":20136,"Plan Width":12,"Actual Startup Time":17226.62,"Actual Total Time":21131.6,"Actual Rows":35044,"Actual Loops":1,"Output":["nation.n_name","order_line.ol_amount"],"Inner Unique":true,"Hash Cond":"((mod((stock.s_w_id * stock.s_i_id), 10000) = supplier.su_suppkey) AND (customer.c_nationkey = supplier.su_nationkey))","Shared Hit Blocks":514665,"Shared Read Blocks":0,"Shared Dirtied Blocks":0,"Shared Written Blocks":0,"Local Hit Blocks":0,"Local Read Blocks":0,"Local Dirtied Blocks":0,"Local Written Blocks":0,"Temp Read Blocks":131755,"Temp Written Blocks":131809,"I/O Read Time":0.0,"I/O Write Time":0.0,"Temp I/O Read Time":207.597,"Temp I/O Write Time":558.147,"Plans":[{"Node Type":"Merge Join","Parent Relationship":"Outer","Parallel Aware":false,"Async Capable":false,"Join Type":"Inner","Startup Cost":3405745.94,"Total Cost":4046778.94,"Plan Rows":1242717,"Plan Width":26,"Actual Startup Time":17223.097,"Actual Total Time":20841.243,"Actual Rows":2218175,"Actual Loops":1,"Output":["customer.c_nationkey","order_line.ol_amount","stock.s_w_id","stock.s_i_id","nation.n_name","nation.n_nationkey"],"Inner Unique":true,"Merge Cond":"((customer.c_w_id = stock.s_w_id) AND (order_line.ol_i_id = stock.s_i_id))","Shared Hit Blocks":514665,"Shared Read Blocks":0,"Shared Dirtied Blocks":0,"Shared Written Blocks":0,"Local Hit Blocks":0,"Local Read Blocks":0,"Local Dirtied Blocks":0,"Local Written Blocks":0,"Temp Read Blocks":131755,"Temp Written Blocks":131809,"I/O Read Time":0.0,"I/O Write Time":0.0,"Temp I/O Read Time":207.597,"Temp I/O Write Time":558.147,"Plans":[{"Node Type":"Sort","Parent Relationship":"Outer","Parallel Aware":false,"Async Capable":false,"Startup Cost":3405745.5,"Total Cost":3408826.04,"Plan Rows":1232214,"Plan Width":30,"Actual Startup Time":17223.036,"Actual Total Time":17820.093,"Actual Rows":2218175,"Actual Loops":1,"Output":["customer.c_w_id","customer.c_nationkey","orders.o_w_id","order_line.ol_amount","order_line.ol_w_id","order_line.ol_i_id","nation.n_name","nation.n_nationkey"],"Sort Key":["customer.c_w_id","order_line.ol_i_id"],"Sort Method":"external merge","Sort Space Used":94520,"Sort Space Type":"Disk","Shared Hit Blocks":459992,"Shared Read Blocks":0,"Shared Dirtied Blocks":0,"Shared Written Blocks":0,"Local Hit Blocks":0,"Local Read Blocks":0,"Local Dirtied Blocks":0,"Local Written Blocks":0,"Temp Read Blocks":131755,"Temp Written Blocks":131809,"I/O Read Time":0.0,"I/O Write Time":0.0,"Temp I/O Read Time":207.597,"Temp I/O Write Time":558.147,"Plans":[{"Node Type":"Hash Join","Parent Relationship":"Outer","Parallel Aware":false,"Async Capable":false,"Join Type":"Inner","Startup Cost":805488.83,"Total Cost":3222121.67,"Plan Rows":1232214,"Plan Width":30,"Actual Startup Time":3194.327,"Actual Total Time":14570.429,"Actual Rows":2218175,"Actual Loops":1,"Output":["customer.c_w_id","customer.c_nationkey","orders.o_w_id","order_line.ol_amount","order_line.ol_w_id","order_line.ol_i_id","nation.n_name","nation.n_nationkey"],"Inner Unique":false,"Hash Cond":"(customer.c_nationkey = nation.n_nationkey)","Shared Hit Blocks":459992,"Shared Read Blocks":0,"Shared Dirtied Blocks":0,"Shared Written Blocks":0,"Local Hit Blocks":0,"Local Read Blocks":0,"Local Dirtied Blocks":0,"Local Written Blocks":0,"Temp Read Blocks":108135,"Temp Written Blocks":108135,"I/O Read Time":0.0,"I/O Write Time":0.0,"Temp I/O Read Time":171.375,"Temp I/O Write Time":494.874,"Plans":[{"Node Type":"Hash Join","Parent Relationship":"Outer","Parallel Aware":false,"Async Capable":false,"Join Type":"Inner","Startup Cost":805485.69,"Total Cost":3187089.86,"Plan Rows":6161071,"Plan Width":18,"Actual Startup Time":3187.632,"Actual Total Time":13726.767,"Actual Rows":8568663,"Actual Loops":1,"Output":["customer.c_w_id","customer.c_nationkey","orders.o_w_id","order_line.ol_amount","order_line.ol_w_id","order_line.ol_i_id"],"Inner Unique":true,"Hash Cond":"((orders.o_c_id = customer.c_id) AND (orders.o_w_id = customer.c_w_id) AND (orders.o_d_id = customer.c_d_id))","Shared Hit Blocks":459990,"Shared Read Blocks":0,"Shared Dirtied Blocks":0,"Shared Written Blocks":0,"Local Hit Blocks":0,"Local Read Blocks":0,"Local Dirtied Blocks":0,"Local Written Blocks":0,"Temp Read Blocks":108135,"Temp Written Blocks":108135,"I/O Read Time":0.0,"I/O Write Time":0.0,"Temp I/O Read Time":171.375,"Temp I/O Write Time":494.874,"Plans":[{"Node Type":"Hash Join","Parent Relationship":"Outer","Parallel Aware":false,"Async Capable":false,"Join Type":"Inner","Startup Cost":151193.84,"Total Cost":2382779.57,"Plan Rows":6161071,"Plan Width":20,"Actual Startup Time":412.976,"Actual Total Time":6652.055,"Actual Rows":8568663,"Actual Loops":1,"Output":["orders.o_c_id","orders.o_w_id","orders.o_d_id","order_line.ol_amount","order_line.ol_w_id","order_line.ol_d_id","order_line.ol_i_id"],"Inner Unique":true,"Hash Cond":"((order_line.ol_w_id = orders.o_w_id) AND (order_line.ol_d_id = orders.o_d_id) AND (order_line.ol_o_id = orders.o_id))","Shared Hit Blocks":0,"Shared Read Blocks":0,"Shared Dirtied Blocks":0,"Shared Written Blocks":0,"Local Hit Blocks":0,"Local Read Blocks":0,"Local Dirtied Blocks":0,"Local Written Blocks":0,"Temp Read Blocks":43816,"Temp Written Blocks":43816,"I/O Read Time":0.0,"I/O Write Time":0.0,"Temp I/O Read Time":69.662,"Temp I/O Write Time":188.321,"Plans":[{"Node Type":"Append","Parent Relationship":"Outer","Parallel Aware":false,"Async Capable":false,"Startup Cost":20.0,"Total Cost":1403598.82,"Plan Rows":42039468,"Plan Width":20,"Actual Startup Time":1.415,"Actual Total Time":2572.388,"Actual Rows":8620885,"Actual Loops":1,"Shared Hit Blocks":0,"Shared Read Blocks":0,"Shared Dirtied Blocks":0,"Shared Written Blocks":0,"Local Hit Blocks":0,"Local Read Blocks":0,"Local Dirtied Blocks":0,"Local Written Blocks":0,"Temp Read Blocks":0,"Temp Written Blocks":0,"I/O Read Time":0.0,"I/O Write Time":0.0,"Temp I/O Read Time":0.0,"Temp I/O Write Time":0.0,"Subplans Removed":0,"Plans":[{"Node Type":"Custom Scan","Parent Relationship":"Member","Custom Plan Provider":"columnar scan","Parallel Aware":false,"Async Capable":false,"Relation Name":"order_line","Schema":"public","Alias":"order_line","Startup Cost":20.0,"Total Cost":1072026.23,"Plan Rows":42039424,"Plan Width":20,"Actual Startup Time":1.414,"Actual Total Time":1973.304,"Actual Rows":8620885,"Actual Loops":1,"Output":["order_line.ol_amount","order_line.ol_o_id","order_line.ol_w_id","order_line.ol_d_id","order_line.ol_i_id"],"Filter":"(order_line.ol_delivery_d >= '1992-01-02 20:10:02.27764'::timestamp without time zone)","Rows Removed by Filter":0,"Rows Removed by Columnar Filter":51372876,"Rows Filtered by Bloom Filter":0,"Dictionary Rows Filtered by Bloom Filter":51372876,"Columnar cache search mode":"native","Shared Hit Blocks":0,"Shared Read Blocks":0,"Shared Dirtied Blocks":0,"Shared Written Blocks":0,"Local Hit Blocks":0,"Local Read Blocks":0,"Local Dirtied Blocks":0,"Local Written Blocks":0,"Temp Read Blocks":0,"Temp Written Blocks":0,"I/O Read Time":0.0,"I/O Write Time":0.0,"Temp I/O Read Time":0.0,"Temp I/O Write Time":0.0},{"Node Type":"Seq Scan","Parent Relationship":"Member","Parallel Aware":false,"Async Capable":false,"Relation Name":"order_line","Schema":"public","Alias":"order_line","Startup Cost":0.0,"Total Cost":4.79,"Plan Rows":44,"Plan Width":20,"Actual Startup Time":0.0,"Actual Total Time":0.0,"Actual Rows":0,"Actual Loops":0,"Output":["order_line.ol_amount","order_line.ol_o_id","order_line.ol_w_id","order_line.ol_d_id","order_line.ol_i_id"],"Filter":"(order_line.ol_delivery_d >= '1992-01-02 20:10:02.27764'::timestamp without time zone)","Rows Removed by Filter":0,"Shared Hit Blocks":0,"Shared Read Blocks":0,"Shared Dirtied Blocks":0,"Shared Written Blocks":0,"Local Hit Blocks":0,"Local Read Blocks":0,"Local Dirtied Blocks":0,"Local Written Blocks":0,"Temp Read Blocks":0,"Temp Written Blocks":0,"I/O Read Time":0.0,"I/O Write Time":0.0,"Temp I/O Read Time":0.0,"Temp I/O Write Time":0.0}]},{"Node Type":"Hash","Parent Relationship":"Inner","Parallel Aware":false,"Async Capable":false,"Startup Cost":131491.69,"Total Cost":131491.69,"Plan Rows":879323,"Plan Width":16,"Actual Startup Time":410.457,"Actual Total Time":410.465,"Actual Rows":856801,"Actual Loops":1,"Output":["orders.o_c_id","orders.o_w_id","orders.o_d_id","orders.o_id"],"Hash Buckets":262144,"Original Hash Buckets":262144,"Hash Batches":8,"Original Hash Batches":8,"Peak Memory Usage":7070,"Shared Hit Blocks":0,"Shared Read Blocks":0,"Shared Dirtied Blocks":0,"Shared Written Blocks":0,"Local Hit Blocks":0,"Local Read Blocks":0,"Local Dirtied Blocks":0,"Local Written Blocks":0,"Temp Read Blocks":0,"Temp Written Blocks":3290,"I/O Read Time":0.0,"I/O Write Time":0.0,"Temp I/O Read Time":0.0,"Temp I/O Write Time":14.359,"Plans":[{"Node Type":"Append","Parent Relationship":"Outer","Parallel Aware":false,"Async Capable":false,"Startup Cost":20.0,"Total Cost":131491.69,"Plan Rows":879323,"Plan Width":16,"Actual Startup Time":0.504,"Actual Total Time":209.634,"Actual Rows":856801,"Actual Loops":1,"Shared Hit Blocks":0,"Shared Read Blocks":0,"Shared Dirtied Blocks":0,"Shared Written Blocks":0,"Local Hit Blocks":0,"Local Read Blocks":0,"Local Dirtied Blocks":0,"Local Written Blocks":0,"Temp Read Blocks":0,"Temp Written Blocks":0,"I/O Read Time":0.0,"I/O Write Time":0.0,"Temp I/O Read Time":0.0,"Temp I/O Write Time":0.0,"Subplans Removed":0,"Plans":[{"Node Type":"Custom Scan","Parent Relationship":"Member","Custom Plan Provider":"columnar scan","Parallel Aware":false,"Async Capable":false,"Relation Name":"orders","Schema":"public","Alias":"orders","Startup Cost":20.0,"Total Cost":20684.21,"Plan Rows":879322,"Plan Width":16,"Actual Startup Time":0.503,"Actual Total Time":145.632,"Actual Rows":856801,"Actual Loops":1,"Output":["orders.o_c_id","orders.o_w_id","orders.o_d_id","orders.o_id"],"Filter":"((orders.o_entry_d < '1994-01-02 20:10:02.27764'::timestamp without time zone) AND (orders.o_entry_d >= '1993-01-02 20:10:02.27764'::timestamp without time zone))","Rows Removed by Filter":0,"Rows Removed by Columnar Filter":5143199,"Columnar cache search mode":"native","Shared Hit Blocks":0,"Shared Read Blocks":0,"Shared Dirtied Blocks":0,"Shared Written Blocks":0,"Local Hit Blocks":0,"Local Read Blocks":0,"Local Dirtied Blocks":0,"Local Written Blocks":0,"Temp Read Blocks":0,"Temp Written Blocks":0,"I/O Read Time":0.0,"I/O Write Time":0.0,"Temp I/O Read Time":0.0,"Temp I/O Write Time":0.0},{"Node Type":"Seq Scan","Parent Relationship":"Member","Parallel Aware":false,"Async Capable":false,"Relation Name":"orders","Schema":"public","Alias":"orders","Startup Cost":0.0,"Total Cost":4.01,"Plan Rows":1,"Plan Width":16,"Actual Startup Time":0.0,"Actual Total Time":0.0,"Actual Rows":0,"Actual Loops":0,"Output":["orders.o_c_id","orders.o_w_id","orders.o_d_id","orders.o_id"],"Filter":"((orders.o_entry_d < '1994-01-02 20:10:02.27764'::timestamp without time zone) AND (orders.o_entry_d >= '1993-01-02 20:10:02.27764'::timestamp without time zone))","Rows Removed by Filter":0,"Shared Hit Blocks":0,"Shared Read Blocks":0,"Shared Dirtied Blocks":0,"Shared Written Blocks":0,"Local Hit Blocks":0,"Local Read Blocks":0,"Local Dirtied Blocks":0,"Local Written Blocks":0,"Temp Read Blocks":0,"Temp Written Blocks":0,"I/O Read Time":0.0,"I/O Write Time":0.0,"Temp I/O Read Time":0.0,"Temp I/O Write Time":0.0}]}]}]},{"Node Type":"Hash","Parent Relationship":"Inner","Parallel Aware":false,"Async Capable":false,"Startup Cost":519991.4,"Total Cost":519991.4,"Plan Rows":6000140,"Plan Width":12,"Actual Startup Time":2768.551,"Actual Total Time":2768.553,"Actual Rows":6000000,"Actual Loops":1,"Output":["customer.c_id","customer.c_w_id","customer.c_d_id","customer.c_nationkey"],"Hash Buckets":262144,"Original Hash Buckets":262144,"Hash Batches":64,"Original Hash Batches":64,"Peak Memory Usage":6073,"Shared Hit Blocks":459990,"Shared Read Blocks":0,"Shared Dirtied Blocks":0,"Shared Written Blocks":0,"Local Hit Blocks":0,"Local Read Blocks":0,"Local Dirtied Blocks":0,"Local Written Blocks":0,"Temp Read Blocks":0,"Temp Written Blocks":23037,"I/O Read Time":0.0,"I/O Write Time":0.0,"Temp I/O Read Time":0.0,"Temp I/O Write Time":112.63,"Plans":[{"Node Type":"Seq Scan","Parent Relationship":"Outer","Parallel Aware":false,"Async Capable":false,"Relation Name":"customer","Schema":"public","Alias":"customer","Startup Cost":0.0,"Total Cost":519991.4,"Plan Rows":6000140,"Plan Width":12,"Actual Startup Time":0.011,"Actual Total Time":1761.133,"Actual Rows":6000000,"Actual Loops":1,"Output":["customer.c_id","customer.c_w_id","customer.c_d_id","customer.c_nationkey"],"Shared Hit Blocks":459990,"Shared Read Blocks":0,"Shared Dirtied Blocks":0,"Shared Written Blocks":0,"Local Hit Blocks":0,"Local Read Blocks":0,"Local Dirtied Blocks":0,"Local Written Blocks":0,"Temp Read Blocks":0,"Temp Written Blocks":0,"I/O Read Time":0.0,"I/O Write Time":0.0,"Temp I/O Read Time":0.0,"Temp I/O Write Time":0.0}]}]},{"Node Type":"Hash","Parent Relationship":"Inner","Parallel Aware":false,"Async Capable":false,"Startup Cost":2.99,"Total Cost":2.99,"Plan Rows":12,"Plan Width":12,"Actual Startup Time":0.043,"Actual Total Time":0.049,"Actual Rows":22,"Actual Loops":1,"Output":["nation.n_name","nation.n_nationkey"],"Hash Buckets":1024,"Original Hash Buckets":1024,"Hash Batches":1,"Original Hash Batches":1,"Peak Memory Usage":9,"Shared Hit Blocks":2,"Shared Read Blocks":0,"Shared Dirtied Blocks":0,"Shared Written Blocks":0,"Local Hit Blocks":0,"Local Read Blocks":0,"Local Dirtied Blocks":0,"Local Written Blocks":0,"Temp Read Blocks":0,"Temp Written Blocks":0,"I/O Read Time":0.0,"I/O Write Time":0.0,"Temp I/O Read Time":0.0,"Temp I/O Write Time":0.0,"Plans":[{"Node Type":"Hash Join","Parent Relationship":"Outer","Parallel Aware":false,"Async Capable":false,"Join Type":"Inner","Startup Cost":1.07,"Total Cost":2.99,"Plan Rows":12,"Plan Width":12,"Actual Startup Time":0.026,"Actual Total Time":0.043,"Actual Rows":22,"Actual Loops":1,"Output":["nation.n_name","nation.n_nationkey"],"Inner Unique":true,"Hash Cond":"(nation.n_regionkey = region.r_regionkey)","Shared Hit Blocks":2,"Shared Read Blocks":0,"Shared Dirtied Blocks":0,"Shared Written Blocks":0,"Local Hit Blocks":0,"Local Read Blocks":0,"Local Dirtied Blocks":0,"Local Written Blocks":0,"Temp Read Blocks":0,"Temp Written Blocks":0,"I/O Read Time":0.0,"I/O Write Time":0.0,"Temp I/O Read Time":0.0,"Temp I/O Write Time":0.0,"Plans":[{"Node Type":"Seq Scan","Parent Relationship":"Outer","Parallel Aware":false,"Async Capable":false,"Relation Name":"nation","Schema":"public","Alias":"nation","Startup Cost":0.0,"Total Cost":1.62,"Plan Rows":62,"Plan Width":16,"Actual Startup Time":0.006,"Actual Total Time":0.011,"Actual Rows":62,"Actual Loops":1,"Output":["nation.n_nationkey","nation.n_name","nation.n_regionkey","nation.n_comment"],"Shared Hit Blocks":1,"Shared Read Blocks":0,"Shared Dirtied Blocks":0,"Shared Written Blocks":0,"Local Hit Blocks":0,"Local Read Blocks":0,"Local Dirtied Blocks":0,"Local Written Blocks":0,"Temp Read Blocks":0,"Temp Written Blocks":0,"I/O Read Time":0.0,"I/O Write Time":0.0,"Temp I/O Read Time":0.0,"Temp I/O Write Time":0.0},{"Node Type":"Hash","Parent Relationship":"Inner","Parallel Aware":false,"Async Capable":false,"Startup Cost":1.06,"Total Cost":1.06,"Plan Rows":1,"Plan Width":4,"Actual Startup Time":0.009,"Actual Total Time":0.01,"Actual Rows":1,"Actual Loops":1,"Output":["region.r_regionkey"],"Hash Buckets":1024,"Original Hash Buckets":1024,"Hash Batches":1,"Original Hash Batches":1,"Peak Memory Usage":9,"Shared Hit Blocks":1,"Shared Read Blocks":0,"Shared Dirtied Blocks":0,"Shared Written Blocks":0,"Local Hit Blocks":0,"Local Read Blocks":0,"Local Dirtied Blocks":0,"Local Written Blocks":0,"Temp Read Blocks":0,"Temp Written Blocks":0,"I/O Read Time":0.0,"I/O Write Time":0.0,"Temp I/O Read Time":0.0,"Temp I/O Write Time":0.0,"Plans":[{"Node Type":"Seq Scan","Parent Relationship":"Outer","Parallel Aware":false,"Async Capable":false,"Relation Name":"region","Schema":"public","Alias":"region","Startup Cost":0.0,"Total Cost":1.06,"Plan Rows":1,"Plan Width":4,"Actual Startup Time":0.007,"Actual Total Time":0.008,"Actual Rows":1,"Actual Loops":1,"Output":["region.r_regionkey"],"Filter":"((region.r_name)::text = 'Europe'::text)","Rows Removed by Filter":4,"Shared Hit Blocks":1,"Shared Read Blocks":0,"Shared Dirtied Blocks":0,"Shared Written Blocks":0,"Local Hit Blocks":0,"Local Read Blocks":0,"Local Dirtied Blocks":0,"Local Written Blocks":0,"Temp Read Blocks":0,"Temp Written Blocks":0,"I/O Read Time":0.0,"I/O Write Time":0.0,"Temp I/O Read Time":0.0,"Temp I/O Write Time":0.0}]}]}]}]}]},{"Node Type":"Index Only Scan","Parent Relationship":"Inner","Parallel Aware":false,"Async Capable":false,"Scan Direction":"Forward","Index Name":"stock_pk","Relation Name":"stock","Schema":"public","Alias":"stock","Startup Cost":0.44,"Total Cost":519363.62,"Plan Rows":20000212,"Plan Width":6,"Actual Startup Time":0.045,"Actual Total Time":1400.188,"Actual Rows":19999994,"Actual Loops":1,"Output":["stock.s_w_id","stock.s_i_id"],"Heap Fetches":0,"Shared Hit Blocks":54673,"Shared Read Blocks":0,"Shared Dirtied Blocks":0,"Shared Written Blocks":0,"Local Hit Blocks":0,"Local Read Blocks":0,"Local Dirtied Blocks":0,"Local Written Blocks":0,"Temp Read Blocks":0,"Temp Written Blocks":0,"I/O Read Time":0.0,"I/O Write Time":0.0,"Temp I/O Read Time":0.0,"Temp I/O Write Time":0.0}]},{"Node Type":"Hash","Parent Relationship":"Inner","Parallel Aware":false,"Async Capable":false,"Startup Cost":219.01,"Total Cost":219.01,"Plan Rows":10001,"Plan Width":8,"Actual Startup Time":3.095,"Actual Total Time":3.099,"Actual Rows":10000,"Actual Loops":1,"Output":["supplier.su_suppkey","supplier.su_nationkey"],"Hash Buckets":16384,"Original Hash Buckets":16384,"Hash Batches":1,"Original Hash Batches":1,"Peak Memory Usage":519,"Shared Hit Blocks":0,"Shared Read Blocks":0,"Shared Dirtied Blocks":0,"Shared Written Blocks":0,"Local Hit Blocks":0,"Local Read Blocks":0,"Local Dirtied Blocks":0,"Local Written Blocks":0,"Temp Read Blocks":0,"Temp Written Blocks":0,"I/O Read Time":0.0,"I/O Write Time":0.0,"Temp I/O Read Time":0.0,"Temp I/O Write Time":0.0,"Plans":[{"Node Type":"Append","Parent Relationship":"Outer","Parallel Aware":false,"Async Capable":false,"Startup Cost":20.0,"Total Cost":219.01,"Plan Rows":10001,"Plan Width":8,"Actual Startup Time":0.014,"Actual Total Time":1.807,"Actual Rows":10000,"Actual Loops":1,"Shared Hit Blocks":0,"Shared Read Blocks":0,"Shared Dirtied Blocks":0,"Shared Written Blocks":0,"Local Hit Blocks":0,"Local Read Blocks":0,"Local Dirtied Blocks":0,"Local Written Blocks":0,"Temp Read Blocks":0,"Temp Written Blocks":0,"I/O Read Time":0.0,"I/O Write Time":0.0,"Temp I/O Read Time":0.0,"Temp I/O Write Time":0.0,"Subplans Removed":0,"Plans":[{"Node Type":"Custom Scan","Parent Relationship":"Member","Custom Plan Provider":"columnar scan","Parallel Aware":false,"Async Capable":false,"Relation Name":"supplier","Schema":"public","Alias":"supplier","Startup Cost":20.0,"Total Cost":215.0,"Plan Rows":10000,"Plan Width":8,"Actual Startup Time":0.012,"Actual Total Time":1.097,"Actual Rows":10000,"Actual Loops":1,"Output":["supplier.su_suppkey","supplier.su_nationkey"],"Rows Removed by Columnar Filter":0,"Columnar cache search mode":"native","Shared Hit Blocks":0,"Shared Read Blocks":0,"Shared Dirtied Blocks":0,"Shared Written Blocks":0,"Local Hit Blocks":0,"Local Read Blocks":0,"Local Dirtied Blocks":0,"Local Written Blocks":0,"Temp Read Blocks":0,"Temp Written Blocks":0,"I/O Read Time":0.0,"I/O Write Time":0.0,"Temp I/O Read Time":0.0,"Temp I/O Write Time":0.0},{"Node Type":"Seq Scan","Parent Relationship":"Member","Parallel Aware":false,"Async Capable":false,"Relation Name":"supplier","Schema":"public","Alias":"supplier","Startup Cost":0.0,"Total Cost":4.01,"Plan Rows":1,"Plan Width":8,"Actual Startup Time":0.0,"Actual Total Time":0.0,"Actual Rows":0,"Actual Loops":0,"Output":["supplier.su_suppkey","supplier.su_nationkey"],"Shared Hit Blocks":0,"Shared Read Blocks":0,"Shared Dirtied Blocks":0,"Shared Written Blocks":0,"Local Hit Blocks":0,"Local Read Blocks":0,"Local Dirtied Blocks":0,"Local Written Blocks":0,"Temp Read Blocks":0,"Temp Written Blocks":0,"I/O Read Time":0.0,"I/O Write Time":0.0,"Temp I/O Read Time":0.0,"Temp I/O Write Time":0.0}]}]}]}]}]}]},"Planning":{"Shared Hit Blocks":220,"Shared Read Blocks":0,"Shared Dirtied Blocks":0,"Shared Written Blocks":0,"Local Hit Blocks":0,"Local Read Blocks":0,"Local Dirtied Blocks":0,"Local Written Blocks":0,"Temp Read Blocks":0,"Temp Written Blocks":0,"I/O Read Time":0.0,"I/O Write Time":0.0,"Temp I/O Read Time":0.0,"Temp I/O Write Time":0.0},"Planning Time":5.024,"Triggers":[],"Execution Time":21173.334}]
[列存组合]: nation, order_line, orders, stock, supplier
[{"Plan":{"Node Type":"Sort","Parallel Aware":false,"Async Capable":false,"Startup Cost":2398907.48,"Total Cost":2398907.64,"Plan Rows":62,"Plan Width":40,"Actual Startup Time":11074.057,"Actual Total Time":11074.091,"Actual Rows":11,"Actual Loops":1,"Output":["nation.n_name","(sum(order_line.ol_amount))"],"Sort Key":["(sum(order_line.ol_amount)) DESC"],"Sort Method":"quicksort","Sort Space Used":25,"Sort Space Type":"Memory","Shared Hit Blocks":459991,"Shared Read Blocks":0,"Shared Dirtied Blocks":0,"Shared Written Blocks":0,"Local Hit Blocks":0,"Local Read Blocks":0,"Local Dirtied Blocks":0,"Local Written Blocks":0,"Temp Read Blocks":67001,"Temp Written Blocks":67001,"I/O Read Time":0.0,"I/O Write Time":0.0,"Temp I/O Read Time":103.774,"Temp I/O Write Time":311.944,"Plans":[{"Node Type":"Aggregate","Strategy":"Sorted","Partial Mode":"Simple","Parent Relationship":"Outer","Parallel Aware":false,"Async Capable":false,"Startup Cost":2398753.84,"Total Cost":2398905.64,"Plan Rows":62,"Plan Width":40,"Actual Startup Time":11067.824,"Actual Total Time":11074.068,"Actual Rows":11,"Actual Loops":1,"Output":["nation.n_name","sum(order_line.ol_amount)"],"Group Key":["nation.n_name"],"Shared Hit Blocks":459991,"Shared Read Blocks":0,"Shared Dirtied Blocks":0,"Shared Written Blocks":0,"Local Hit Blocks":0,"Local Read Blocks":0,"Local Dirtied Blocks":0,"Local Written Blocks":0,"Temp Read Blocks":67001,"Temp Written Blocks":67001,"I/O Read Time":0.0,"I/O Write Time":0.0,"Temp I/O Read Time":103.774,"Temp I/O Write Time":311.944,"Plans":[{"Node Type":"Sort","Parent Relationship":"Outer","Parallel Aware":false,"Async Capable":false,"Startup Cost":2398753.84,"Total Cost":2398804.18,"Plan Rows":20136,"Plan Width":12,"Actual Startup Time":11067.391,"Actual Total Time":11069.513,"Actual Rows":35044,"Actual Loops":1,"Output":["nation.n_name","order_line.ol_amount"],"Sort Key":["nation.n_name"],"Sort Method":"quicksort","Sort Space Used":3146,"Sort Space Type":"Memory","Shared Hit Blocks":459991,"Shared Read Blocks":0,"Shared Dirtied Blocks":0,"Shared Written Blocks":0,"Local Hit Blocks":0,"Local Read Blocks":0,"Local Dirtied Blocks":0,"Local Written Blocks":0,"Temp Read Blocks":67001,"Temp Written Blocks":67001,"I/O Read Time":0.0,"I/O Write Time":0.0,"Temp I/O Read Time":103.774,"Temp I/O Write Time":311.944,"Plans":[{"Node Type":"Hash Join","Parent Relationship":"Outer","Parallel Aware":false,"Async Capable":false,"Join Type":"Inner","Startup Cost":879305.5,"Total Cost":2397314.37,"Plan Rows":20136,"Plan Width":12,"Actual Startup Time":4507.083,"Actual Total Time":11050.695,"Actual Rows":35044,"Actual Loops":1,"Output":["nation.n_name","order_line.ol_amount"],"Hash Cond":"((orders.o_c_id = customer.c_id) AND (orders.o_w_id = customer.c_w_id) AND (orders.o_d_id = customer.c_d_id) AND (supplier.su_nationkey = customer.c_nationkey))","Shared Hit Blocks":459991,"Shared Read Blocks":0,"Shared Dirtied Blocks":0,"Shared Written Blocks":0,"Local Hit Blocks":0,"Local Read Blocks":0,"Local Dirtied Blocks":0,"Local Written Blocks":0,"Temp Read Blocks":67001,"Temp Written Blocks":67001,"I/O Read Time":0.0,"I/O Write Time":0.0,"Temp I/O Read Time":103.774,"Temp I/O Write Time":311.944,"Plans":[{"Node Type":"Hash Join","Parent Relationship":"Outer","Parallel Aware":false,"Async Capable":false,"Join Type":"Inner","Startup Cost":210013.3,"Total Cost":1666271.94,"Plan Rows":1242117,"Plan Width":34,"Actual Startup Time":1586.027,"Actual Total Time":6633.098,"Actual Rows":2982388,"Actual Loops":1,"Output":["orders.o_c_id","orders.o_w_id","orders.o_d_id","order_line.ol_amount","order_line.ol_w_id","order_line.ol_d_id","stock.s_w_id","supplier.su_nationkey","nation.n_name","nation.n_nationkey"],"Hash Cond":"((order_line.ol_w_id = orders.o_w_id) AND (order_line.ol_d_id = orders.o_d_id) AND (order_line.ol_o_id = orders.o_id))","Shared Hit Blocks":1,"Shared Read Blocks":0,"Shared Dirtied Blocks":0,"Shared Written Blocks":0,"Local Hit Blocks":0,"Local Read Blocks":0,"Local Dirtied Blocks":0,"Local Written Blocks":0,"Temp Read Blocks":23127,"Temp Written Blocks":23127,"I/O Read Time":0.0,"I/O Write Time":0.0,"Temp I/O Read Time":35.957,"Temp I/O Write Time":105.559,"Plans":[{"Node Type":"Hash Join","Parent Relationship":"Outer","Parallel Aware":false,"Async Capable":false,"Join Type":"Inner","Startup Cost":58839.46,"Total Cost":1311810.06,"Plan Rows":8467814,"Plan Width":34,"Actual Startup Time":1178.106,"Actual Total Time":4648.421,"Actual Rows":3000322,"Actual Loops":1,"Output":["order_line.ol_amount","order_line.ol_o_id","order_line.ol_w_id","order_line.ol_d_id","stock.s_w_id","supplier.su_nationkey","nation.n_name","nation.n_nationkey"],"Hash Cond":"(mod((stock.s_w_id * stock.s_i_id), 10000) = supplier.su_suppkey)","Shared Hit Blocks":1,"Shared Read Blocks":0,"Shared Dirtied Blocks":0,"Shared Written Blocks":0,"Local Hit Blocks":0,"Local Read Blocks":0,"Local Dirtied Blocks":0,"Local Written Blocks":0,"Temp Read Blocks":0,"Temp Written Blocks":0,"I/O Read Time":0.0,"I/O Write Time":0.0,"Temp I/O Read Time":0.0,"Temp I/O Write Time":0.0,"Plans":[{"Node Type":"Hash Join","Parent Relationship":"Outer","Parallel Aware":false,"Async Capable":false,"Join Type":"Inner","Startup Cost":58620.59,"Total Cost":962293.85,"Plan Rows":42339072,"Plan Width":22,"Actual Startup Time":1173.797,"Actual Total Time":3250.558,"Actual Rows":8620885,"Actual Loops":1,"Output":["order_line.ol_amount","order_line.ol_o_id","order_line.ol_w_id","order_line.ol_d_id","stock.s_w_id","stock.s_i_id"],"Hash Cond":"((order_line.ol_w_id = stock.s_w_id) AND (order_line.ol_i_id = stock.s_i_id))","Rows Removed by Bloom Filter":0,"Shared Hit Blocks":0,"Shared Read Blocks":0,"Shared Dirtied Blocks":0,"Shared Written Blocks":0,"Local Hit Blocks":0,"Local Read Blocks":0,"Local Dirtied Blocks":0,"Local Written Blocks":0,"Temp Read Blocks":0,"Temp Written Blocks":0,"I/O Read Time":0.0,"I/O Write Time":0.0,"Temp I/O Read Time":0.0,"Temp I/O Write Time":0.0,"Plans":[{"Node Type":"Append","Parent Relationship":"Outer","Parallel Aware":false,"Async Capable":false,"Startup Cost":20.0,"Total Cost":1072031.01,"Plan Rows":42039468,"Plan Width":20,"Actual Startup Time":246.752,"Actual Total Time":246.76,"Actual Rows":8620885,"Actual Loops":1,"Shared Hit Blocks":0,"Shared Read Blocks":0,"Shared Dirtied Blocks":0,"Shared Written Blocks":0,"Local Hit Blocks":0,"Local Read Blocks":0,"Local Dirtied Blocks":0,"Local Written Blocks":0,"Temp Read Blocks":0,"Temp Written Blocks":0,"I/O Read Time":0.0,"I/O Write Time":0.0,"Temp I/O Read Time":0.0,"Temp I/O Write Time":0.0,"Subplans Removed":0,"Plans":[{"Node Type":"Custom Scan","Parent Relationship":"Member","Custom Plan Provider":"columnar scan","Parallel Aware":false,"Async Capable":false,"Relation Name":"order_line","Schema":"public","Alias":"order_line","Startup Cost":20.0,"Total Cost":1072026.23,"Plan Rows":42039424,"Plan Width":20,"Actual Startup Time":246.75,"Actual Total Time":246.753,"Actual Rows":8620885,"Actual Loops":1,"Output":["order_line.ol_amount","order_line.ol_o_id","order_line.ol_w_id","order_line.ol_d_id","order_line.ol_i_id"],"Filter":"(order_line.ol_delivery_d >= '1992-01-02 20:10:02.27764'::timestamp without time zone)","Rows Removed by Filter":0,"Rows Removed by Columnar Filter":51372876,"Rows Filtered by Bloom Filter":0,"Dictionary Rows Filtered by Bloom Filter":51372876,"Columnar cache search mode":"native","Shared Hit Blocks":0,"Shared Read Blocks":0,"Shared Dirtied Blocks":0,"Shared Written Blocks":0,"Local Hit Blocks":0,"Local Read Blocks":0,"Local Dirtied Blocks":0,"Local Written Blocks":0,"Temp Read Blocks":0,"Temp Written Blocks":0,"I/O Read Time":0.0,"I/O Write Time":0.0,"Temp I/O Read Time":0.0,"Temp I/O Write Time":0.0},{"Node Type":"Seq Scan","Parent Relationship":"Member","Parallel Aware":false,"Async Capable":false,"Relation Name":"order_line","Schema":"public","Alias":"order_line","Startup Cost":0.0,"Total Cost":4.79,"Plan Rows":44,"Plan Width":20,"Actual Startup Time":0.0,"Actual Total Time":0.0,"Actual Rows":0,"Actual Loops":0,"Output":["order_line.ol_amount","order_line.ol_o_id","order_line.ol_w_id","order_line.ol_d_id","order_line.ol_i_id"],"Filter":"(order_line.ol_delivery_d >= '1992-01-02 20:10:02.27764'::timestamp without time zone)","Rows Removed by Filter":0,"Shared Hit Blocks":0,"Shared Read Blocks":0,"Shared Dirtied Blocks":0,"Shared Written Blocks":0,"Local Hit Blocks":0,"Local Read Blocks":0,"Local Dirtied Blocks":0,"Local Written Blocks":0,"Temp Read Blocks":0,"Temp Written Blocks":0,"I/O Read Time":0.0,"I/O Write Time":0.0,"Temp I/O Read Time":0.0,"Temp I/O Write Time":0.0}]},{"Node Type":"Hash","Parent Relationship":"Inner","Parallel Aware":false,"Async Capable":false,"Startup Cost":390026.22,"Total Cost":390026.22,"Plan Rows":20000212,"Plan Width":6,"Actual Rows":20000000,"Actual Loops":1,"Output":["stock.s_w_id","stock.s_i_id"],"Shared Hit Blocks":0,"Shared Read Blocks":0,"Shared Dirtied Blocks":0,"Shared Written Blocks":0,"Local Hit Blocks":0,"Local Read Blocks":0,"Local Dirtied Blocks":0,"Local Written Blocks":0,"Temp Read Blocks":0,"Temp Written Blocks":0,"I/O Read Time":0.0,"I/O Write Time":0.0,"Temp I/O Read Time":0.0,"Temp I/O Write Time":0.0,"Plans":[{"Node Type":"Append","Parent Relationship":"Outer","Parallel Aware":false,"Async Capable":false,"Startup Cost":20.0,"Total Cost":390026.22,"Plan Rows":20000212,"Plan Width":6,"Actual Startup Time":0.44,"Actual Total Time":0.441,"Actual Rows":20000000,"Actual Loops":1,"Shared Hit Blocks":0,"Shared Read Blocks":0,"Shared Dirtied Blocks":0,"Shared Written Blocks":0,"Local Hit Blocks":0,"Local Read Blocks":0,"Local Dirtied Blocks":0,"Local Written Blocks":0,"Temp Read Blocks":0,"Temp Written Blocks":0,"I/O Read Time":0.0,"I/O Write Time":0.0,"Temp I/O Read Time":0.0,"Temp I/O Write Time":0.0,"Subplans Removed":0,"Plans":[{"Node Type":"Custom Scan","Parent Relationship":"Member","Custom Plan Provider":"columnar scan","Parallel Aware":false,"Async Capable":false,"Relation Name":"stock","Schema":"public","Alias":"stock","Startup Cost":20.0,"Total Cost":390020.1,"Plan Rows":20000000,"Plan Width":6,"Actual Startup Time":0.439,"Actual Total Time":0.439,"Actual Rows":20000000,"Actual Loops":1,"Output":["stock.s_w_id","stock.s_i_id"],"Rows Removed by Columnar Filter":0,"Columnar cache search mode":"native","Shared Hit Blocks":0,"Shared Read Blocks":0,"Shared Dirtied Blocks":0,"Shared Written Blocks":0,"Local Hit Blocks":0,"Local Read Blocks":0,"Local Dirtied Blocks":0,"Local Written Blocks":0,"Temp Read Blocks":0,"Temp Written Blocks":0,"I/O Read Time":0.0,"I/O Write Time":0.0,"Temp I/O Read Time":0.0,"Temp I/O Write Time":0.0},{"Node Type":"Seq Scan","Parent Relationship":"Member","Parallel Aware":false,"Async Capable":false,"Relation Name":"stock","Schema":"public","Alias":"stock","Startup Cost":0.0,"Total Cost":6.12,"Plan Rows":212,"Plan Width":6,"Actual Startup Time":0.0,"Actual Total Time":0.0,"Actual Rows":0,"Actual Loops":0,"Output":["stock.s_w_id","stock.s_i_id"],"Shared Hit Blocks":0,"Shared Read Blocks":0,"Shared Dirtied Blocks":0,"Shared Written Blocks":0,"Local Hit Blocks":0,"Local Read Blocks":0,"Local Dirtied Blocks":0,"Local Written Blocks":0,"Temp Read Blocks":0,"Temp Written Blocks":0,"I/O Read Time":0.0,"I/O Write Time":0.0,"Temp I/O Read Time":0.0,"Temp I/O Write Time":0.0}]}]}]},{"Node Type":"Hash","Parent Relationship":"Inner","Parallel Aware":false,"Async Capable":false,"Startup Cost":193.87,"Total Cost":193.87,"Plan Rows":2000,"Plan Width":20,"Actual Startup Time":4.278,"Actual Total Time":4.292,"Actual Rows":3506,"Actual Loops":1,"Output":["supplier.su_suppkey","supplier.su_nationkey","nation.n_name","nation.n_nationkey"],"Hash Buckets":4096,"Original Hash Buckets":2048,"Hash Batches":1,"Original Hash Batches":1,"Peak Memory Usage":217,"Shared Hit Blocks":1,"Shared Read Blocks":0,"Shared Dirtied Blocks":0,"Shared Written Blocks":0,"Local Hit Blocks":0,"Local Read Blocks":0,"Local Dirtied Blocks":0,"Local Written Blocks":0,"Temp Read Blocks":0,"Temp Written Blocks":0,"I/O Read Time":0.0,"I/O Write Time":0.0,"Temp I/O Read Time":0.0,"Temp I/O Write Time":0.0,"Plans":[{"Node Type":"Hash Join","Parent Relationship":"Outer","Parallel Aware":false,"Async Capable":false,"Join Type":"Inner","Startup Cost":25.24,"Total Cost":193.87,"Plan Rows":2000,"Plan Width":20,"Actual Startup Time":2.02,"Actual Total Time":3.722,"Actual Rows":3506,"Actual Loops":1,"Output":["supplier.su_suppkey","supplier.su_nationkey","nation.n_name","nation.n_nationkey"],"Hash Cond":"(nation.n_regionkey = region.r_regionkey)","Shared Hit Blocks":1,"Shared Read Blocks":0,"Shared Dirtied Blocks":0,"Shared Written Blocks":0,"Local Hit Blocks":0,"Local Read Blocks":0,"Local Dirtied Blocks":0,"Local Written Blocks":0,"Temp Read Blocks":0,"Temp Written Blocks":0,"I/O Read Time":0.0,"I/O Write Time":0.0,"Temp I/O Read Time":0.0,"Temp I/O Write Time":0.0,"Plans":[{"Node Type":"Hash Join","Parent Relationship":"Outer","Parallel Aware":false,"Async Capable":false,"Join Type":"Inner","Startup Cost":24.16,"Total Cost":144.29,"Plan Rows":10000,"Plan Width":24,"Actual Startup Time":1.983,"Actual Total Time":2.628,"Actual Rows":10000,"Actual Loops":1,"Output":["supplier.su_suppkey","supplier.su_nationkey","nation.n_name","nation.n_nationkey","nation.n_regionkey"],"Hash Cond":"(supplier.su_nationkey = nation.n_nationkey)","Rows Removed by Bloom Filter":0,"Shared Hit Blocks":0,"Shared Read Blocks":0,"Shared Dirtied Blocks":0,"Shared Written Blocks":0,"Local Hit Blocks":0,"Local Read Blocks":0,"Local Dirtied Blocks":0,"Local Written Blocks":0,"Temp Read Blocks":0,"Temp Written Blocks":0,"I/O Read Time":0.0,"I/O Write Time":0.0,"Temp I/O Read Time":0.0,"Temp I/O Write Time":0.0,"Plans":[{"Node Type":"Append","Parent Relationship":"Outer","Parallel Aware":false,"Async Capable":false,"Startup Cost":20.0,"Total Cost":219.01,"Plan Rows":10001,"Plan Width":8,"Actual Startup Time":0.008,"Actual Total Time":0.01,"Actual Rows":10000,"Actual Loops":1,"Shared Hit Blocks":0,"Shared Read Blocks":0,"Shared Dirtied Blocks":0,"Shared Written Blocks":0,"Local Hit Blocks":0,"Local Read Blocks":0,"Local Dirtied Blocks":0,"Local Written Blocks":0,"Temp Read Blocks":0,"Temp Written Blocks":0,"I/O Read Time":0.0,"I/O Write Time":0.0,"Temp I/O Read Time":0.0,"Temp I/O Write Time":0.0,"Subplans Removed":0,"Plans":[{"Node Type":"Custom Scan","Parent Relationship":"Member","Custom Plan Provider":"columnar scan","Parallel Aware":false,"Async Capable":false,"Relation Name":"supplier","Schema":"public","Alias":"supplier","Startup Cost":20.0,"Total Cost":215.0,"Plan Rows":10000,"Plan Width":8,"Actual Startup Time":0.007,"Actual Total Time":0.008,"Actual Rows":10000,"Actual Loops":1,"Output":["supplier.su_suppkey","supplier.su_nationkey"],"Rows Removed by Columnar Filter":0,"Columnar cache search mode":"native","Shared Hit Blocks":0,"Shared Read Blocks":0,"Shared Dirtied Blocks":0,"Shared Written Blocks":0,"Local Hit Blocks":0,"Local Read Blocks":0,"Local Dirtied Blocks":0,"Local Written Blocks":0,"Temp Read Blocks":0,"Temp Written Blocks":0,"I/O Read Time":0.0,"I/O Write Time":0.0,"Temp I/O Read Time":0.0,"Temp I/O Write Time":0.0},{"Node Type":"Seq Scan","Parent Relationship":"Member","Parallel Aware":false,"Async Capable":false,"Relation Name":"supplier","Schema":"public","Alias":"supplier","Startup Cost":0.0,"Total Cost":4.01,"Plan Rows":1,"Plan Width":8,"Actual Startup Time":0.0,"Actual Total Time":0.0,"Actual Rows":0,"Actual Loops":0,"Output":["supplier.su_suppkey","supplier.su_nationkey"],"Shared Hit Blocks":0,"Shared Read Blocks":0,"Shared Dirtied Blocks":0,"Shared Written Blocks":0,"Local Hit Blocks":0,"Local Read Blocks":0,"Local Dirtied Blocks":0,"Local Written Blocks":0,"Temp Read Blocks":0,"Temp Written Blocks":0,"I/O Read Time":0.0,"I/O Write Time":0.0,"Temp I/O Read Time":0.0,"Temp I/O Write Time":0.0}]},{"Node Type":"Hash","Parent Relationship":"Inner","Parallel Aware":false,"Async Capable":false,"Startup Cost":25.34,"Total Cost":25.34,"Plan Rows":63,"Plan Width":16,"Actual Rows":62,"Actual Loops":1,"Output":["nation.n_name","nation.n_nationkey","nation.n_regionkey"],"Shared Hit Blocks":0,"Shared Read Blocks":0,"Shared Dirtied Blocks":0,"Shared Written Blocks":0,"Local Hit Blocks":0,"Local Read Blocks":0,"Local Dirtied Blocks":0,"Local Written Blocks":0,"Temp Read Blocks":0,"Temp Written Blocks":0,"I/O Read Time":0.0,"I/O Write Time":0.0,"Temp I/O Read Time":0.0,"Temp I/O Write Time":0.0,"Plans":[{"Node Type":"Append","Parent Relationship":"Outer","Parallel Aware":false,"Async Capable":false,"Startup Cost":20.0,"Total Cost":25.34,"Plan Rows":63,"Plan Width":16,"Actual Startup Time":0.011,"Actual Total Time":0.013,"Actual Rows":62,"Actual Loops":1,"Shared Hit Blocks":0,"Shared Read Blocks":0,"Shared Dirtied Blocks":0,"Shared Written Blocks":0,"Local Hit Blocks":0,"Local Read Blocks":0,"Local Dirtied Blocks":0,"Local Written Blocks":0,"Temp Read Blocks":0,"Temp Written Blocks":0,"I/O Read Time":0.0,"I/O Write Time":0.0,"Temp I/O Read Time":0.0,"Temp I/O Write Time":0.0,"Subplans Removed":0,"Plans":[{"Node Type":"Custom Scan","Parent Relationship":"Member","Custom Plan Provider":"columnar scan","Parallel Aware":false,"Async Capable":false,"Relation Name":"nation","Schema":"public","Alias":"nation","Startup Cost":20.0,"Total Cost":21.33,"Plan Rows":62,"Plan Width":16,"Actual Startup Time":0.01,"Actual Total Time":0.01,"Actual Rows":62,"Actual Loops":1,"Output":["nation.n_name","nation.n_nationkey","nation.n_regionkey"],"Rows Removed by Columnar Filter":0,"Columnar cache search mode":"native","Shared Hit Blocks":0,"Shared Read Blocks":0,"Shared Dirtied Blocks":0,"Shared Written Blocks":0,"Local Hit Blocks":0,"Local Read Blocks":0,"Local Dirtied Blocks":0,"Local Written Blocks":0,"Temp Read Blocks":0,"Temp Written Blocks":0,"I/O Read Time":0.0,"I/O Write Time":0.0,"Temp I/O Read Time":0.0,"Temp I/O Write Time":0.0},{"Node Type":"Seq Scan","Parent Relationship":"Member","Parallel Aware":false,"Async Capable":false,"Relation Name":"nation","Schema":"public","Alias":"nation","Startup Cost":0.0,"Total Cost":4.01,"Plan Rows":1,"Plan Width":16,"Actual Startup Time":0.0,"Actual Total Time":0.0,"Actual Rows":0,"Actual Loops":0,"Output":["nation.n_name","nation.n_nationkey","nation.n_regionkey"],"Shared Hit Blocks":0,"Shared Read Blocks":0,"Shared Dirtied Blocks":0,"Shared Written Blocks":0,"Local Hit Blocks":0,"Local Read Blocks":0,"Local Dirtied Blocks":0,"Local Written Blocks":0,"Temp Read Blocks":0,"Temp Written Blocks":0,"I/O Read Time":0.0,"I/O Write Time":0.0,"Temp I/O Read Time":0.0,"Temp I/O Write Time":0.0}]}]}]},{"Node Type":"Hash","Parent Relationship":"Inner","Parallel Aware":false,"Async Capable":false,"Startup Cost":1.06,"Total Cost":1.06,"Plan Rows":1,"Plan Width":4,"Actual Startup Time":0.023,"Actual Total Time":0.025,"Actual Rows":1,"Actual Loops":1,"Output":["region.r_regionkey"],"Hash Buckets":1024,"Original Hash Buckets":1024,"Hash Batches":1,"Original Hash Batches":1,"Peak Memory Usage":9,"Shared Hit Blocks":1,"Shared Read Blocks":0,"Shared Dirtied Blocks":0,"Shared Written Blocks":0,"Local Hit Blocks":0,"Local Read Blocks":0,"Local Dirtied Blocks":0,"Local Written Blocks":0,"Temp Read Blocks":0,"Temp Written Blocks":0,"I/O Read Time":0.0,"I/O Write Time":0.0,"Temp I/O Read Time":0.0,"Temp I/O Write Time":0.0,"Plans":[{"Node Type":"Seq Scan","Parent Relationship":"Outer","Parallel Aware":false,"Async Capable":false,"Relation Name":"region","Schema":"public","Alias":"region","Startup Cost":0.0,"Total Cost":1.06,"Plan Rows":1,"Plan Width":4,"Actual Startup Time":0.021,"Actual Total Time":0.021,"Actual Rows":1,"Actual Loops":1,"Output":["region.r_regionkey"],"Filter":"((region.r_name)::text = 'Europe'::text)","Rows Removed by Filter":4,"Shared Hit Blocks":1,"Shared Read Blocks":0,"Shared Dirtied Blocks":0,"Shared Written Blocks":0,"Local Hit Blocks":0,"Local Read Blocks":0,"Local Dirtied Blocks":0,"Local Written Blocks":0,"Temp Read Blocks":0,"Temp Written Blocks":0,"I/O Read Time":0.0,"I/O Write Time":0.0,"Temp I/O Read Time":0.0,"Temp I/O Write Time":0.0}]}]}]}]},{"Node Type":"Hash","Parent Relationship":"Inner","Parallel Aware":false,"Async Capable":false,"Startup Cost":131491.69,"Total Cost":131491.69,"Plan Rows":879323,"Plan Width":16,"Actual Startup Time":406.789,"Actual Total Time":406.792,"Actual Rows":856801,"Actual Loops":1,"Output":["orders.o_c_id","orders.o_w_id","orders.o_d_id","orders.o_id"],"Hash Buckets":262144,"Original Hash Buckets":262144,"Hash Batches":8,"Original Hash Batches":8,"Peak Memory Usage":7070,"Shared Hit Blocks":0,"Shared Read Blocks":0,"Shared Dirtied Blocks":0,"Shared Written Blocks":0,"Local Hit Blocks":0,"Local Read Blocks":0,"Local Dirtied Blocks":0,"Local Written Blocks":0,"Temp Read Blocks":0,"Temp Written Blocks":3290,"I/O Read Time":0.0,"I/O Write Time":0.0,"Temp I/O Read Time":0.0,"Temp I/O Write Time":14.143,"Plans":[{"Node Type":"Append","Parent Relationship":"Outer","Parallel Aware":false,"Async Capable":false,"Startup Cost":20.0,"Total Cost":131491.69,"Plan Rows":879323,"Plan Width":16,"Actual Startup Time":0.511,"Actual Total Time":206.009,"Actual Rows":856801,"Actual Loops":1,"Shared Hit Blocks":0,"Shared Read Blocks":0,"Shared Dirtied Blocks":0,"Shared Written Blocks":0,"Local Hit Blocks":0,"Local Read Blocks":0,"Local Dirtied Blocks":0,"Local Written Blocks":0,"Temp Read Blocks":0,"Temp Written Blocks":0,"I/O Read Time":0.0,"I/O Write Time":0.0,"Temp I/O Read Time":0.0,"Temp I/O Write Time":0.0,"Subplans Removed":0,"Plans":[{"Node Type":"Custom Scan","Parent Relationship":"Member","Custom Plan Provider":"columnar scan","Parallel Aware":false,"Async Capable":false,"Relation Name":"orders","Schema":"public","Alias":"orders","Startup Cost":20.0,"Total Cost":20684.21,"Plan Rows":879322,"Plan Width":16,"Actual Startup Time":0.509,"Actual Total Time":145.715,"Actual Rows":856801,"Actual Loops":1,"Output":["orders.o_c_id","orders.o_w_id","orders.o_d_id","orders.o_id"],"Filter":"((orders.o_entry_d < '1994-01-02 20:10:02.27764'::timestamp without time zone) AND (orders.o_entry_d >= '1993-01-02 20:10:02.27764'::timestamp without time zone))","Rows Removed by Filter":0,"Rows Removed by Columnar Filter":5143199,"Columnar cache search mode":"native","Shared Hit Blocks":0,"Shared Read Blocks":0,"Shared Dirtied Blocks":0,"Shared Written Blocks":0,"Local Hit Blocks":0,"Local Read Blocks":0,"Local Dirtied Blocks":0,"Local Written Blocks":0,"Temp Read Blocks":0,"Temp Written Blocks":0,"I/O Read Time":0.0,"I/O Write Time":0.0,"Temp I/O Read Time":0.0,"Temp I/O Write Time":0.0},{"Node Type":"Seq Scan","Parent Relationship":"Member","Parallel Aware":false,"Async Capable":false,"Relation Name":"orders","Schema":"public","Alias":"orders","Startup Cost":0.0,"Total Cost":4.01,"Plan Rows":1,"Plan Width":16,"Actual Startup Time":0.0,"Actual Total Time":0.0,"Actual Rows":0,"Actual Loops":0,"Output":["orders.o_c_id","orders.o_w_id","orders.o_d_id","orders.o_id"],"Filter":"((orders.o_entry_d < '1994-01-02 20:10:02.27764'::timestamp without time zone) AND (orders.o_entry_d >= '1993-01-02 20:10:02.27764'::timestamp without time zone))","Rows Removed by Filter":0,"Shared Hit Blocks":0,"Shared Read Blocks":0,"Shared Dirtied Blocks":0,"Shared Written Blocks":0,"Local Hit Blocks":0,"Local Read Blocks":0,"Local Dirtied Blocks":0,"Local Written Blocks":0,"Temp Read Blocks":0,"Temp Written Blocks":0,"I/O Read Time":0.0,"I/O Write Time":0.0,"Temp I/O Read Time":0.0,"Temp I/O Write Time":0.0}]}]}]},{"Node Type":"Hash","Parent Relationship":"Inner","Parallel Aware":false,"Async Capable":false,"Startup Cost":519991.4,"Total Cost":519991.4,"Plan Rows":6000140,"Plan Width":12,"Actual Startup Time":2820.759,"Actual Total Time":2820.76,"Actual Rows":6000000,"Actual Loops":1,"Output":["customer.c_id","customer.c_w_id","customer.c_d_id","customer.c_nationkey"],"Hash Buckets":262144,"Original Hash Buckets":262144,"Hash Batches":64,"Original Hash Batches":64,"Peak Memory Usage":6083,"Shared Hit Blocks":459990,"Shared Read Blocks":0,"Shared Dirtied Blocks":0,"Shared Written Blocks":0,"Local Hit Blocks":0,"Local Read Blocks":0,"Local Dirtied Blocks":0,"Local Written Blocks":0,"Temp Read Blocks":0,"Temp Written Blocks":23035,"I/O Read Time":0.0,"I/O Write Time":0.0,"Temp I/O Read Time":0.0,"Temp I/O Write Time":110.254,"Plans":[{"Node Type":"Seq Scan","Parent Relationship":"Outer","Parallel Aware":false,"Async Capable":false,"Relation Name":"customer","Schema":"public","Alias":"customer","Startup Cost":0.0,"Total Cost":519991.4,"Plan Rows":6000140,"Plan Width":12,"Actual Startup Time":0.022,"Actual Total Time":1780.512,"Actual Rows":6000000,"Actual Loops":1,"Output":["customer.c_id","customer.c_w_id","customer.c_d_id","customer.c_nationkey"],"Shared Hit Blocks":459990,"Shared Read Blocks":0,"Shared Dirtied Blocks":0,"Shared Written Blocks":0,"Local Hit Blocks":0,"Local Read Blocks":0,"Local Dirtied Blocks":0,"Local Written Blocks":0,"Temp Read Blocks":0,"Temp Written Blocks":0,"I/O Read Time":0.0,"I/O Write Time":0.0,"Temp I/O Read Time":0.0,"Temp I/O Write Time":0.0}]}]}]}]}]},"Planning":{"Shared Hit Blocks":220,"Shared Read Blocks":0,"Shared Dirtied Blocks":0,"Shared Written Blocks":0,"Local Hit Blocks":0,"Local Read Blocks":0,"Local Dirtied Blocks":0,"Local Written Blocks":0,"Temp Read Blocks":0,"Temp Written Blocks":0,"I/O Read Time":0.0,"I/O Write Time":0.0,"Temp I/O Read Time":0.0,"Temp I/O Write Time":0.0},"Planning Time":5.798,"Triggers":[],"Execution Time":11075.106}]
[列存组合]: nation, order_line, region, stock, supplier
[{"Plan":{"Node Type":"Sort","Parallel Aware":false,"Async Capable":false,"Startup Cost":2401446.93,"Total Cost":2401447.08,"Plan Rows":62,"Plan Width":40,"Actual Startup Time":11346.095,"Actual Total Time":11346.141,"Actual Rows":11,"Actual Loops":1,"Output":["nation.n_name","(sum(order_line.ol_amount))"],"Sort Key":["(sum(order_line.ol_amount)) DESC"],"Sort Method":"quicksort","Sort Space Used":25,"Sort Space Type":"Memory","Shared Hit Blocks":504112,"Shared Read Blocks":0,"Shared Dirtied Blocks":0,"Shared Written Blocks":0,"Local Hit Blocks":0,"Local Read Blocks":0,"Local Dirtied Blocks":0,"Local Written Blocks":0,"Temp Read Blocks":67001,"Temp Written Blocks":67001,"I/O Read Time":0.0,"I/O Write Time":0.0,"Temp I/O Read Time":104.518,"Temp I/O Write Time":315.985,"Plans":[{"Node Type":"Aggregate","Strategy":"Sorted","Partial Mode":"Simple","Parent Relationship":"Outer","Parallel Aware":false,"Async Capable":false,"Startup Cost":2401293.28,"Total Cost":2401445.08,"Plan Rows":62,"Plan Width":40,"Actual Startup Time":11340.205,"Actual Total Time":11346.122,"Actual Rows":11,"Actual Loops":1,"Output":["nation.n_name","sum(order_line.ol_amount)"],"Group Key":["nation.n_name"],"Shared Hit Blocks":504112,"Shared Read Blocks":0,"Shared Dirtied Blocks":0,"Shared Written Blocks":0,"Local Hit Blocks":0,"Local Read Blocks":0,"Local Dirtied Blocks":0,"Local Written Blocks":0,"Temp Read Blocks":67001,"Temp Written Blocks":67001,"I/O Read Time":0.0,"I/O Write Time":0.0,"Temp I/O Read Time":104.518,"Temp I/O Write Time":315.985,"Plans":[{"Node Type":"Sort","Parent Relationship":"Outer","Parallel Aware":false,"Async Capable":false,"Startup Cost":2401293.28,"Total Cost":2401343.62,"Plan Rows":20136,"Plan Width":12,"Actual Startup Time":11339.77,"Actual Total Time":11341.573,"Actual Rows":35044,"Actual Loops":1,"Output":["nation.n_name","order_line.ol_amount"],"Sort Key":["nation.n_name"],"Sort Method":"quicksort","Sort Space Used":3146,"Sort Space Type":"Memory","Shared Hit Blocks":504112,"Shared Read Blocks":0,"Shared Dirtied Blocks":0,"Shared Written Blocks":0,"Local Hit Blocks":0,"Local Read Blocks":0,"Local Dirtied Blocks":0,"Local Written Blocks":0,"Temp Read Blocks":67001,"Temp Written Blocks":67001,"I/O Read Time":0.0,"I/O Write Time":0.0,"Temp I/O Read Time":104.518,"Temp I/O Write Time":315.985,"Plans":[{"Node Type":"Hash Join","Parent Relationship":"Outer","Parallel Aware":false,"Async Capable":false,"Join Type":"Inner","Startup Cost":881844.94,"Total Cost":2399853.81,"Plan Rows":20136,"Plan Width":12,"Actual Startup Time":4745.509,"Actual Total Time":11323.048,"Actual Rows":35044,"Actual Loops":1,"Output":["nation.n_name","order_line.ol_amount"],"Hash Cond":"((orders.o_c_id = customer.c_id) AND (orders.o_w_id = customer.c_w_id) AND (orders.o_d_id = customer.c_d_id) AND (supplier.su_nationkey = customer.c_nationkey))","Shared Hit Blocks":504112,"Shared Read Blocks":0,"Shared Dirtied Blocks":0,"Shared Written Blocks":0,"Local Hit Blocks":0,"Local Read Blocks":0,"Local Dirtied Blocks":0,"Local Written Blocks":0,"Temp Read Blocks":67001,"Temp Written Blocks":67001,"I/O Read Time":0.0,"I/O Write Time":0.0,"Temp I/O Read Time":104.518,"Temp I/O Write Time":315.985,"Plans":[{"Node Type":"Hash Join","Parent Relationship":"Outer","Parallel Aware":false,"Async Capable":false,"Join Type":"Inner","Startup Cost":212552.74,"Total Cost":1668811.38,"Plan Rows":1242117,"Plan Width":34,"Actual Startup Time":1810.649,"Actual Total Time":6922.466,"Actual Rows":2982388,"Actual Loops":1,"Output":["orders.o_c_id","orders.o_w_id","orders.o_d_id","order_line.ol_amount","order_line.ol_w_id","order_line.ol_d_id","stock.s_w_id","supplier.su_nationkey","nation.n_name","nation.n_nationkey"],"Hash Cond":"((order_line.ol_w_id = orders.o_w_id) AND (order_line.ol_d_id = orders.o_d_id) AND (order_line.ol_o_id = orders.o_id))","Shared Hit Blocks":44122,"Shared Read Blocks":0,"Shared Dirtied Blocks":0,"Shared Written Blocks":0,"Local Hit Blocks":0,"Local Read Blocks":0,"Local Dirtied Blocks":0,"Local Written Blocks":0,"Temp Read Blocks":23127,"Temp Written Blocks":23127,"I/O Read Time":0.0,"I/O Write Time":0.0,"Temp I/O Read Time":36.224,"Temp I/O Write Time":107.163,"Plans":[{"Node Type":"Hash Join","Parent Relationship":"Outer","Parallel Aware":false,"Async Capable":false,"Join Type":"Inner","Startup Cost":58749.09,"Total Cost":1311719.68,"Plan Rows":8467814,"Plan Width":34,"Actual Startup Time":1171.819,"Actual Total Time":4710.412,"Actual Rows":3000322,"Actual Loops":1,"Output":["order_line.ol_amount","order_line.ol_o_id","order_line.ol_w_id","order_line.ol_d_id","stock.s_w_id","supplier.su_nationkey","nation.n_name","nation.n_nationkey"],"Hash Cond":"(mod((stock.s_w_id * stock.s_i_id), 10000) = supplier.su_suppkey)","Shared Hit Blocks":0,"Shared Read Blocks":0,"Shared Dirtied Blocks":0,"Shared Written Blocks":0,"Local Hit Blocks":0,"Local Read Blocks":0,"Local Dirtied Blocks":0,"Local Written Blocks":0,"Temp Read Blocks":0,"Temp Written Blocks":0,"I/O Read Time":0.0,"I/O Write Time":0.0,"Temp I/O Read Time":0.0,"Temp I/O Write Time":0.0,"Plans":[{"Node Type":"Hash Join","Parent Relationship":"Outer","Parallel Aware":false,"Async Capable":false,"Join Type":"Inner","Startup Cost":58620.59,"Total Cost":962293.85,"Plan Rows":42339072,"Plan Width":22,"Actual Startup Time":1169.09,"Actual Total Time":3311.054,"Actual Rows":8620885,"Actual Loops":1,"Output":["order_line.ol_amount","order_line.ol_o_id","order_line.ol_w_id","order_line.ol_d_id","stock.s_w_id","stock.s_i_id"],"Hash Cond":"((order_line.ol_w_id = stock.s_w_id) AND (order_line.ol_i_id = stock.s_i_id))","Rows Removed by Bloom Filter":0,"Shared Hit Blocks":0,"Shared Read Blocks":0,"Shared Dirtied Blocks":0,"Shared Written Blocks":0,"Local Hit Blocks":0,"Local Read Blocks":0,"Local Dirtied Blocks":0,"Local Written Blocks":0,"Temp Read Blocks":0,"Temp Written Blocks":0,"I/O Read Time":0.0,"I/O Write Time":0.0,"Temp I/O Read Time":0.0,"Temp I/O Write Time":0.0,"Plans":[{"Node Type":"Append","Parent Relationship":"Outer","Parallel Aware":false,"Async Capable":false,"Startup Cost":20.0,"Total Cost":1072031.01,"Plan Rows":42039468,"Plan Width":20,"Actual Startup Time":247.642,"Actual Total Time":247.657,"Actual Rows":8620885,"Actual Loops":1,"Shared Hit Blocks":0,"Shared Read Blocks":0,"Shared Dirtied Blocks":0,"Shared Written Blocks":0,"Local Hit Blocks":0,"Local Read Blocks":0,"Local Dirtied Blocks":0,"Local Written Blocks":0,"Temp Read Blocks":0,"Temp Written Blocks":0,"I/O Read Time":0.0,"I/O Write Time":0.0,"Temp I/O Read Time":0.0,"Temp I/O Write Time":0.0,"Subplans Removed":0,"Plans":[{"Node Type":"Custom Scan","Parent Relationship":"Member","Custom Plan Provider":"columnar scan","Parallel Aware":false,"Async Capable":false,"Relation Name":"order_line","Schema":"public","Alias":"order_line","Startup Cost":20.0,"Total Cost":1072026.23,"Plan Rows":42039424,"Plan Width":20,"Actual Startup Time":247.639,"Actual Total Time":247.641,"Actual Rows":8620885,"Actual Loops":1,"Output":["order_line.ol_amount","order_line.ol_o_id","order_line.ol_w_id","order_line.ol_d_id","order_line.ol_i_id"],"Filter":"(order_line.ol_delivery_d >= '1992-01-02 20:10:02.27764'::timestamp without time zone)","Rows Removed by Filter":0,"Rows Removed by Columnar Filter":51372876,"Rows Filtered by Bloom Filter":0,"Dictionary Rows Filtered by Bloom Filter":51372876,"Columnar cache search mode":"native","Shared Hit Blocks":0,"Shared Read Blocks":0,"Shared Dirtied Blocks":0,"Shared Written Blocks":0,"Local Hit Blocks":0,"Local Read Blocks":0,"Local Dirtied Blocks":0,"Local Written Blocks":0,"Temp Read Blocks":0,"Temp Written Blocks":0,"I/O Read Time":0.0,"I/O Write Time":0.0,"Temp I/O Read Time":0.0,"Temp I/O Write Time":0.0},{"Node Type":"Seq Scan","Parent Relationship":"Member","Parallel Aware":false,"Async Capable":false,"Relation Name":"order_line","Schema":"public","Alias":"order_line","Startup Cost":0.0,"Total Cost":4.79,"Plan Rows":44,"Plan Width":20,"Actual Startup Time":0.0,"Actual Total Time":0.0,"Actual Rows":0,"Actual Loops":0,"Output":["order_line.ol_amount","order_line.ol_o_id","order_line.ol_w_id","order_line.ol_d_id","order_line.ol_i_id"],"Filter":"(order_line.ol_delivery_d >= '1992-01-02 20:10:02.27764'::timestamp without time zone)","Rows Removed by Filter":0,"Shared Hit Blocks":0,"Shared Read Blocks":0,"Shared Dirtied Blocks":0,"Shared Written Blocks":0,"Local Hit Blocks":0,"Local Read Blocks":0,"Local Dirtied Blocks":0,"Local Written Blocks":0,"Temp Read Blocks":0,"Temp Written Blocks":0,"I/O Read Time":0.0,"I/O Write Time":0.0,"Temp I/O Read Time":0.0,"Temp I/O Write Time":0.0}]},{"Node Type":"Hash","Parent Relationship":"Inner","Parallel Aware":false,"Async Capable":false,"Startup Cost":390026.22,"Total Cost":390026.22,"Plan Rows":20000212,"Plan Width":6,"Actual Rows":20000000,"Actual Loops":1,"Output":["stock.s_w_id","stock.s_i_id"],"Shared Hit Blocks":0,"Shared Read Blocks":0,"Shared Dirtied Blocks":0,"Shared Written Blocks":0,"Local Hit Blocks":0,"Local Read Blocks":0,"Local Dirtied Blocks":0,"Local Written Blocks":0,"Temp Read Blocks":0,"Temp Written Blocks":0,"I/O Read Time":0.0,"I/O Write Time":0.0,"Temp I/O Read Time":0.0,"Temp I/O Write Time":0.0,"Plans":[{"Node Type":"Append","Parent Relationship":"Outer","Parallel Aware":false,"Async Capable":false,"Startup Cost":20.0,"Total Cost":390026.22,"Plan Rows":20000212,"Plan Width":6,"Actual Startup Time":0.402,"Actual Total Time":0.404,"Actual Rows":20000000,"Actual Loops":1,"Shared Hit Blocks":0,"Shared Read Blocks":0,"Shared Dirtied Blocks":0,"Shared Written Blocks":0,"Local Hit Blocks":0,"Local Read Blocks":0,"Local Dirtied Blocks":0,"Local Written Blocks":0,"Temp Read Blocks":0,"Temp Written Blocks":0,"I/O Read Time":0.0,"I/O Write Time":0.0,"Temp I/O Read Time":0.0,"Temp I/O Write Time":0.0,"Subplans Removed":0,"Plans":[{"Node Type":"Custom Scan","Parent Relationship":"Member","Custom Plan Provider":"columnar scan","Parallel Aware":false,"Async Capable":false,"Relation Name":"stock","Schema":"public","Alias":"stock","Startup Cost":20.0,"Total Cost":390020.1,"Plan Rows":20000000,"Plan Width":6,"Actual Startup Time":0.401,"Actual Total Time":0.401,"Actual Rows":20000000,"Actual Loops":1,"Output":["stock.s_w_id","stock.s_i_id"],"Rows Removed by Columnar Filter":0,"Columnar cache search mode":"native","Shared Hit Blocks":0,"Shared Read Blocks":0,"Shared Dirtied Blocks":0,"Shared Written Blocks":0,"Local Hit Blocks":0,"Local Read Blocks":0,"Local Dirtied Blocks":0,"Local Written Blocks":0,"Temp Read Blocks":0,"Temp Written Blocks":0,"I/O Read Time":0.0,"I/O Write Time":0.0,"Temp I/O Read Time":0.0,"Temp I/O Write Time":0.0},{"Node Type":"Seq Scan","Parent Relationship":"Member","Parallel Aware":false,"Async Capable":false,"Relation Name":"stock","Schema":"public","Alias":"stock","Startup Cost":0.0,"Total Cost":6.12,"Plan Rows":212,"Plan Width":6,"Actual Startup Time":0.0,"Actual Total Time":0.0,"Actual Rows":0,"Actual Loops":0,"Output":["stock.s_w_id","stock.s_i_id"],"Shared Hit Blocks":0,"Shared Read Blocks":0,"Shared Dirtied Blocks":0,"Shared Written Blocks":0,"Local Hit Blocks":0,"Local Read Blocks":0,"Local Dirtied Blocks":0,"Local Written Blocks":0,"Temp Read Blocks":0,"Temp Written Blocks":0,"I/O Read Time":0.0,"I/O Write Time":0.0,"Temp I/O Read Time":0.0,"Temp I/O Write Time":0.0}]}]}]},{"Node Type":"Hash","Parent Relationship":"Inner","Parallel Aware":false,"Async Capable":false,"Startup Cost":103.49,"Total Cost":103.49,"Plan Rows":2000,"Plan Width":20,"Actual Startup Time":2.701,"Actual Total Time":2.718,"Actual Rows":3506,"Actual Loops":1,"Output":["supplier.su_suppkey","supplier.su_nationkey","nation.n_name","nation.n_nationkey"],"Hash Buckets":4096,"Original Hash Buckets":2048,"Hash Batches":1,"Original Hash Batches":1,"Peak Memory Usage":217,"Shared Hit Blocks":0,"Shared Read Blocks":0,"Shared Dirtied Blocks":0,"Shared Written Blocks":0,"Local Hit Blocks":0,"Local Read Blocks":0,"Local Dirtied Blocks":0,"Local Written Blocks":0,"Temp Read Blocks":0,"Temp Written Blocks":0,"I/O Read Time":0.0,"I/O Write Time":0.0,"Temp I/O Read Time":0.0,"Temp I/O Write Time":0.0,"Plans":[{"Node Type":"Hash Join","Parent Relationship":"Outer","Parallel Aware":false,"Async Capable":false,"Join Type":"Inner","Startup Cost":49.06,"Total Cost":103.49,"Plan Rows":2000,"Plan Width":20,"Actual Startup Time":1.912,"Actual Total Time":2.17,"Actual Rows":3506,"Actual Loops":1,"Output":["supplier.su_suppkey","supplier.su_nationkey","nation.n_name","nation.n_nationkey"],"Hash Cond":"(supplier.su_nationkey = nation.n_nationkey)","Rows Removed by Bloom Filter":6494,"Shared Hit Blocks":0,"Shared Read Blocks":0,"Shared Dirtied Blocks":0,"Shared Written Blocks":0,"Local Hit Blocks":0,"Local Read Blocks":0,"Local Dirtied Blocks":0,"Local Written Blocks":0,"Temp Read Blocks":0,"Temp Written Blocks":0,"I/O Read Time":0.0,"I/O Write Time":0.0,"Temp I/O Read Time":0.0,"Temp I/O Write Time":0.0,"Plans":[{"Node Type":"Append","Parent Relationship":"Outer","Parallel Aware":false,"Async Capable":false,"Startup Cost":20.0,"Total Cost":219.01,"Plan Rows":10001,"Plan Width":8,"Actual Startup Time":0.02,"Actual Total Time":0.023,"Actual Rows":10000,"Actual Loops":1,"Shared Hit Blocks":0,"Shared Read Blocks":0,"Shared Dirtied Blocks":0,"Shared Written Blocks":0,"Local Hit Blocks":0,"Local Read Blocks":0,"Local Dirtied Blocks":0,"Local Written Blocks":0,"Temp Read Blocks":0,"Temp Written Blocks":0,"I/O Read Time":0.0,"I/O Write Time":0.0,"Temp I/O Read Time":0.0,"Temp I/O Write Time":0.0,"Subplans Removed":0,"Plans":[{"Node Type":"Custom Scan","Parent Relationship":"Member","Custom Plan Provider":"columnar scan","Parallel Aware":false,"Async Capable":false,"Relation Name":"supplier","Schema":"public","Alias":"supplier","Startup Cost":20.0,"Total Cost":215.0,"Plan Rows":10000,"Plan Width":8,"Actual Startup Time":0.019,"Actual Total Time":0.02,"Actual Rows":10000,"Actual Loops":1,"Output":["supplier.su_suppkey","supplier.su_nationkey"],"Rows Removed by Columnar Filter":0,"Columnar cache search mode":"native","Shared Hit Blocks":0,"Shared Read Blocks":0,"Shared Dirtied Blocks":0,"Shared Written Blocks":0,"Local Hit Blocks":0,"Local Read Blocks":0,"Local Dirtied Blocks":0,"Local Written Blocks":0,"Temp Read Blocks":0,"Temp Written Blocks":0,"I/O Read Time":0.0,"I/O Write Time":0.0,"Temp I/O Read Time":0.0,"Temp I/O Write Time":0.0},{"Node Type":"Seq Scan","Parent Relationship":"Member","Parallel Aware":false,"Async Capable":false,"Relation Name":"supplier","Schema":"public","Alias":"supplier","Startup Cost":0.0,"Total Cost":4.01,"Plan Rows":1,"Plan Width":8,"Actual Startup Time":0.0,"Actual Total Time":0.0,"Actual Rows":0,"Actual Loops":0,"Output":["supplier.su_suppkey","supplier.su_nationkey"],"Shared Hit Blocks":0,"Shared Read Blocks":0,"Shared Dirtied Blocks":0,"Shared Written Blocks":0,"Local Hit Blocks":0,"Local Read Blocks":0,"Local Dirtied Blocks":0,"Local Written Blocks":0,"Temp Read Blocks":0,"Temp Written Blocks":0,"I/O Read Time":0.0,"I/O Write Time":0.0,"Temp I/O Read Time":0.0,"Temp I/O Write Time":0.0}]},{"Node Type":"Hash","Parent Relationship":"Inner","Parallel Aware":false,"Async Capable":false,"Startup Cost":29.1,"Total Cost":29.1,"Plan Rows":12,"Plan Width":12,"Actual Rows":22,"Actual Loops":1,"Output":["nation.n_name","nation.n_nationkey"],"Shared Hit Blocks":0,"Shared Read Blocks":0,"Shared Dirtied Blocks":0,"Shared Written Blocks":0,"Local Hit Blocks":0,"Local Read Blocks":0,"Local Dirtied Blocks":0,"Local Written Blocks":0,"Temp Read Blocks":0,"Temp Written Blocks":0,"I/O Read Time":0.0,"I/O Write Time":0.0,"Temp I/O Read Time":0.0,"Temp I/O Write Time":0.0,"Plans":[{"Node Type":"Hash Join","Parent Relationship":"Outer","Parallel Aware":false,"Async Capable":false,"Join Type":"Inner","Startup Cost":24.16,"Total Cost":29.1,"Plan Rows":12,"Plan Width":12,"Actual Startup Time":0.802,"Actual Total Time":0.81,"Actual Rows":22,"Actual Loops":1,"Output":["nation.n_name","nation.n_nationkey"],"Hash Cond":"(region.r_regionkey = nation.n_regionkey)","Rows Removed by Bloom Filter":0,"Shared Hit Blocks":0,"Shared Read Blocks":0,"Shared Dirtied Blocks":0,"Shared Written Blocks":0,"Local Hit Blocks":0,"Local Read Blocks":0,"Local Dirtied Blocks":0,"Local Written Blocks":0,"Temp Read Blocks":0,"Temp Written Blocks":0,"I/O Read Time":0.0,"I/O Write Time":0.0,"Temp I/O Read Time":0.0,"Temp I/O Write Time":0.0,"Plans":[{"Node Type":"Append","Parent Relationship":"Outer","Parallel Aware":false,"Async Capable":false,"Startup Cost":20.0,"Total Cost":24.04,"Plan Rows":2,"Plan Width":4,"Actual Startup Time":0.051,"Actual Total Time":0.053,"Actual Rows":1,"Actual Loops":1,"Shared Hit Blocks":0,"Shared Read Blocks":0,"Shared Dirtied Blocks":0,"Shared Written Blocks":0,"Local Hit Blocks":0,"Local Read Blocks":0,"Local Dirtied Blocks":0,"Local Written Blocks":0,"Temp Read Blocks":0,"Temp Written Blocks":0,"I/O Read Time":0.0,"I/O Write Time":0.0,"Temp I/O Read Time":0.0,"Temp I/O Write Time":0.0,"Subplans Removed":0,"Plans":[{"Node Type":"Custom Scan","Parent Relationship":"Member","Custom Plan Provider":"columnar scan","Parallel Aware":false,"Async Capable":false,"Relation Name":"region","Schema":"public","Alias":"region","Startup Cost":20.0,"Total Cost":20.02,"Plan Rows":1,"Plan Width":4,"Actual Startup Time":0.05,"Actual Total Time":0.05,"Actual Rows":1,"Actual Loops":1,"Output":["region.r_regionkey"],"Filter":"((region.r_name)::text = 'Europe'::text)","Rows Removed by Filter":0,"Rows Removed by Columnar Filter":4,"Columnar cache search mode":"native","Shared Hit Blocks":0,"Shared Read Blocks":0,"Shared Dirtied Blocks":0,"Shared Written Blocks":0,"Local Hit Blocks":0,"Local Read Blocks":0,"Local Dirtied Blocks":0,"Local Written Blocks":0,"Temp Read Blocks":0,"Temp Written Blocks":0,"I/O Read Time":0.0,"I/O Write Time":0.0,"Temp I/O Read Time":0.0,"Temp I/O Write Time":0.0},{"Node Type":"Seq Scan","Parent Relationship":"Member","Parallel Aware":false,"Async Capable":false,"Relation Name":"region","Schema":"public","Alias":"region","Startup Cost":0.0,"Total Cost":4.01,"Plan Rows":1,"Plan Width":4,"Actual Startup Time":0.0,"Actual Total Time":0.0,"Actual Rows":0,"Actual Loops":0,"Output":["region.r_regionkey"],"Filter":"((region.r_name)::text = 'Europe'::text)","Rows Removed by Filter":0,"Shared Hit Blocks":0,"Shared Read Blocks":0,"Shared Dirtied Blocks":0,"Shared Written Blocks":0,"Local Hit Blocks":0,"Local Read Blocks":0,"Local Dirtied Blocks":0,"Local Written Blocks":0,"Temp Read Blocks":0,"Temp Written Blocks":0,"I/O Read Time":0.0,"I/O Write Time":0.0,"Temp I/O Read Time":0.0,"Temp I/O Write Time":0.0}]},{"Node Type":"Hash","Parent Relationship":"Inner","Parallel Aware":false,"Async Capable":false,"Startup Cost":25.34,"Total Cost":25.34,"Plan Rows":63,"Plan Width":16,"Actual Rows":62,"Actual Loops":1,"Output":["nation.n_name","nation.n_nationkey","nation.n_regionkey"],"Shared Hit Blocks":0,"Shared Read Blocks":0,"Shared Dirtied Blocks":0,"Shared Written Blocks":0,"Local Hit Blocks":0,"Local Read Blocks":0,"Local Dirtied Blocks":0,"Local Written Blocks":0,"Temp Read Blocks":0,"Temp Written Blocks":0,"I/O Read Time":0.0,"I/O Write Time":0.0,"Temp I/O Read Time":0.0,"Temp I/O Write Time":0.0,"Plans":[{"Node Type":"Append","Parent Relationship":"Outer","Parallel Aware":false,"Async Capable":false,"Startup Cost":20.0,"Total Cost":25.34,"Plan Rows":63,"Plan Width":16,"Actual Startup Time":0.036,"Actual Total Time":0.038,"Actual Rows":62,"Actual Loops":1,"Shared Hit Blocks":0,"Shared Read Blocks":0,"Shared Dirtied Blocks":0,"Shared Written Blocks":0,"Local Hit Blocks":0,"Local Read Blocks":0,"Local Dirtied Blocks":0,"Local Written Blocks":0,"Temp Read Blocks":0,"Temp Written Blocks":0,"I/O Read Time":0.0,"I/O Write Time":0.0,"Temp I/O Read Time":0.0,"Temp I/O Write Time":0.0,"Subplans Removed":0,"Plans":[{"Node Type":"Custom Scan","Parent Relationship":"Member","Custom Plan Provider":"columnar scan","Parallel Aware":false,"Async Capable":false,"Relation Name":"nation","Schema":"public","Alias":"nation","Startup Cost":20.0,"Total Cost":21.33,"Plan Rows":62,"Plan Width":16,"Actual Startup Time":0.034,"Actual Total Time":0.034,"Actual Rows":62,"Actual Loops":1,"Output":["nation.n_name","nation.n_nationkey","nation.n_regionkey"],"Rows Removed by Columnar Filter":0,"Columnar cache search mode":"native","Shared Hit Blocks":0,"Shared Read Blocks":0,"Shared Dirtied Blocks":0,"Shared Written Blocks":0,"Local Hit Blocks":0,"Local Read Blocks":0,"Local Dirtied Blocks":0,"Local Written Blocks":0,"Temp Read Blocks":0,"Temp Written Blocks":0,"I/O Read Time":0.0,"I/O Write Time":0.0,"Temp I/O Read Time":0.0,"Temp I/O Write Time":0.0},{"Node Type":"Seq Scan","Parent Relationship":"Member","Parallel Aware":false,"Async Capable":false,"Relation Name":"nation","Schema":"public","Alias":"nation","Startup Cost":0.0,"Total Cost":4.01,"Plan Rows":1,"Plan Width":16,"Actual Startup Time":0.0,"Actual Total Time":0.0,"Actual Rows":0,"Actual Loops":0,"Output":["nation.n_name","nation.n_nationkey","nation.n_regionkey"],"Shared Hit Blocks":0,"Shared Read Blocks":0,"Shared Dirtied Blocks":0,"Shared Written Blocks":0,"Local Hit Blocks":0,"Local Read Blocks":0,"Local Dirtied Blocks":0,"Local Written Blocks":0,"Temp Read Blocks":0,"Temp Written Blocks":0,"I/O Read Time":0.0,"I/O Write Time":0.0,"Temp I/O Read Time":0.0,"Temp I/O Write Time":0.0}]}]}]}]}]}]}]},{"Node Type":"Hash","Parent Relationship":"Inner","Parallel Aware":false,"Async Capable":false,"Startup Cost":134121.52,"Total Cost":134121.52,"Plan Rows":879322,"Plan Width":16,"Actual Startup Time":637.752,"Actual Total Time":637.753,"Actual Rows":856801,"Actual Loops":1,"Output":["orders.o_c_id","orders.o_w_id","orders.o_d_id","orders.o_id"],"Hash Buckets":262144,"Original Hash Buckets":262144,"Hash Batches":8,"Original Hash Batches":8,"Peak Memory Usage":7070,"Shared Hit Blocks":44122,"Shared Read Blocks":0,"Shared Dirtied Blocks":0,"Shared Written Blocks":0,"Local Hit Blocks":0,"Local Read Blocks":0,"Local Dirtied Blocks":0,"Local Written Blocks":0,"Temp Read Blocks":0,"Temp Written Blocks":3290,"I/O Read Time":0.0,"I/O Write Time":0.0,"Temp I/O Read Time":0.0,"Temp I/O Write Time":14.938,"Plans":[{"Node Type":"Seq Scan","Parent Relationship":"Outer","Parallel Aware":false,"Async Capable":false,"Relation Name":"orders","Schema":"public","Alias":"orders","Startup Cost":0.0,"Total Cost":134121.52,"Plan Rows":879322,"Plan Width":16,"Actual Startup Time":0.685,"Actual Total Time":440.605,"Actual Rows":856801,"Actual Loops":1,"Output":["orders.o_c_id","orders.o_w_id","orders.o_d_id","orders.o_id"],"Filter":"((orders.o_entry_d >= '1993-01-02 20:10:02.27764'::timestamp without time zone) AND (orders.o_entry_d < '1994-01-02 20:10:02.27764'::timestamp without time zone))","Rows Removed by Filter":5143199,"Shared Hit Blocks":44122,"Shared Read Blocks":0,"Shared Dirtied Blocks":0,"Shared Written Blocks":0,"Local Hit Blocks":0,"Local Read Blocks":0,"Local Dirtied Blocks":0,"Local Written Blocks":0,"Temp Read Blocks":0,"Temp Written Blocks":0,"I/O Read Time":0.0,"I/O Write Time":0.0,"Temp I/O Read Time":0.0,"Temp I/O Write Time":0.0}]}]},{"Node Type":"Hash","Parent Relationship":"Inner","Parallel Aware":false,"Async Capable":false,"Startup Cost":519991.4,"Total Cost":519991.4,"Plan Rows":6000140,"Plan Width":12,"Actual Startup Time":2804.312,"Actual Total Time":2804.313,"Actual Rows":6000000,"Actual Loops":1,"Output":["customer.c_id","customer.c_w_id","customer.c_d_id","customer.c_nationkey"],"Hash Buckets":262144,"Original Hash Buckets":262144,"Hash Batches":64,"Original Hash Batches":64,"Peak Memory Usage":6083,"Shared Hit Blocks":459990,"Shared Read Blocks":0,"Shared Dirtied Blocks":0,"Shared Written Blocks":0,"Local Hit Blocks":0,"Local Read Blocks":0,"Local Dirtied Blocks":0,"Local Written Blocks":0,"Temp Read Blocks":0,"Temp Written Blocks":23035,"I/O Read Time":0.0,"I/O Write Time":0.0,"Temp I/O Read Time":0.0,"Temp I/O Write Time":111.543,"Plans":[{"Node Type":"Seq Scan","Parent Relationship":"Outer","Parallel Aware":false,"Async Capable":false,"Relation Name":"customer","Schema":"public","Alias":"customer","Startup Cost":0.0,"Total Cost":519991.4,"Plan Rows":6000140,"Plan Width":12,"Actual Startup Time":0.016,"Actual Total Time":1763.007,"Actual Rows":6000000,"Actual Loops":1,"Output":["customer.c_id","customer.c_w_id","customer.c_d_id","customer.c_nationkey"],"Shared Hit Blocks":459990,"Shared Read Blocks":0,"Shared Dirtied Blocks":0,"Shared Written Blocks":0,"Local Hit Blocks":0,"Local Read Blocks":0,"Local Dirtied Blocks":0,"Local Written Blocks":0,"Temp Read Blocks":0,"Temp Written Blocks":0,"I/O Read Time":0.0,"I/O Write Time":0.0,"Temp I/O Read Time":0.0,"Temp I/O Write Time":0.0}]}]}]}]}]},"Planning":{"Shared Hit Blocks":220,"Shared Read Blocks":0,"Shared Dirtied Blocks":0,"Shared Written Blocks":0,"Local Hit Blocks":0,"Local Read Blocks":0,"Local Dirtied Blocks":0,"Local Written Blocks":0,"Temp Read Blocks":0,"Temp Written Blocks":0,"I/O Read Time":0.0,"I/O Write Time":0.0,"Temp I/O Read Time":0.0,"Temp I/O Write Time":0.0},"Planning Time":5.724,"Triggers":[],"Execution Time":11347.434}]
[列存组合]: nation, orders, region, stock, supplier
[{"Plan":{"Node Type":"Sort","Parallel Aware":false,"Async Capable":false,"Startup Cost":4083648.03,"Total Cost":4083648.18,"Plan Rows":62,"Plan Width":40,"Actual Startup Time":34428.235,"Actual Total Time":34428.264,"Actual Rows":11,"Actual Loops":1,"Output":["nation.n_name","(sum(order_line.ol_amount))"],"Sort Key":["(sum(order_line.ol_amount)) DESC"],"Sort Method":"quicksort","Sort Space Used":25,"Sort Space Type":"Memory","Shared Hit Blocks":1196413,"Shared Read Blocks":0,"Shared Dirtied Blocks":0,"Shared Written Blocks":0,"Local Hit Blocks":0,"Local Read Blocks":0,"Local Dirtied Blocks":0,"Local Written Blocks":0,"Temp Read Blocks":288611,"Temp Written Blocks":288665,"I/O Read Time":0.0,"I/O Write Time":0.0,"Temp I/O Read Time":436.339,"Temp I/O Write Time":1165.889,"Plans":[{"Node Type":"Aggregate","Strategy":"Sorted","Partial Mode":"Simple","Parent Relationship":"Outer","Parallel Aware":false,"Async Capable":false,"Startup Cost":4083494.39,"Total Cost":4083646.18,"Plan Rows":62,"Plan Width":40,"Actual Startup Time":34422.328,"Actual Total Time":34428.247,"Actual Rows":11,"Actual Loops":1,"Output":["nation.n_name","sum(order_line.ol_amount)"],"Group Key":["nation.n_name"],"Shared Hit Blocks":1196413,"Shared Read Blocks":0,"Shared Dirtied Blocks":0,"Shared Written Blocks":0,"Local Hit Blocks":0,"Local Read Blocks":0,"Local Dirtied Blocks":0,"Local Written Blocks":0,"Temp Read Blocks":288611,"Temp Written Blocks":288665,"I/O Read Time":0.0,"I/O Write Time":0.0,"Temp I/O Read Time":436.339,"Temp I/O Write Time":1165.889,"Plans":[{"Node Type":"Sort","Parent Relationship":"Outer","Parallel Aware":false,"Async Capable":false,"Startup Cost":4083494.39,"Total Cost":4083544.73,"Plan Rows":20136,"Plan Width":12,"Actual Startup Time":34421.895,"Actual Total Time":34423.692,"Actual Rows":35044,"Actual Loops":1,"Output":["nation.n_name","order_line.ol_amount"],"Sort Key":["nation.n_name"],"Sort Method":"quicksort","Sort Space Used":3146,"Sort Space Type":"Memory","Shared Hit Blocks":1196413,"Shared Read Blocks":0,"Shared Dirtied Blocks":0,"Shared Written Blocks":0,"Local Hit Blocks":0,"Local Read Blocks":0,"Local Dirtied Blocks":0,"Local Written Blocks":0,"Temp Read Blocks":288611,"Temp Written Blocks":288665,"I/O Read Time":0.0,"I/O Write Time":0.0,"Temp I/O Read Time":436.339,"Temp I/O Write Time":1165.889,"Plans":[{"Node Type":"Hash Join","Parent Relationship":"Outer","Parallel Aware":false,"Async Capable":false,"Join Type":"Inner","Startup Cost":3434186.94,"Total Cost":4082054.92,"Plan Rows":20136,"Plan Width":12,"Actual Startup Time":30496.872,"Actual Total Time":34403.036,"Actual Rows":35044,"Actual Loops":1,"Output":["nation.n_name","order_line.ol_amount"],"Inner Unique":true,"Hash Cond":"((mod((stock.s_w_id * stock.s_i_id), 10000) = supplier.su_suppkey) AND (customer.c_nationkey = supplier.su_nationkey))","Shared Hit Blocks":1196413,"Shared Read Blocks":0,"Shared Dirtied Blocks":0,"Shared Written Blocks":0,"Local Hit Blocks":0,"Local Read Blocks":0,"Local Dirtied Blocks":0,"Local Written Blocks":0,"Temp Read Blocks":288611,"Temp Written Blocks":288665,"I/O Read Time":0.0,"I/O Write Time":0.0,"Temp I/O Read Time":436.339,"Temp I/O Write Time":1165.889,"Plans":[{"Node Type":"Merge Join","Parent Relationship":"Outer","Parallel Aware":false,"Async Capable":false,"Join Type":"Inner","Startup Cost":3433817.91,"Total Cost":4074850.92,"Plan Rows":1242717,"Plan Width":26,"Actual Startup Time":30493.337,"Actual Total Time":34123.595,"Actual Rows":2218175,"Actual Loops":1,"Output":["customer.c_nationkey","order_line.ol_amount","stock.s_w_id","stock.s_i_id","nation.n_name","nation.n_nationkey"],"Inner Unique":true,"Merge Cond":"((customer.c_w_id = stock.s_w_id) AND (order_line.ol_i_id = stock.s_i_id))","Shared Hit Blocks":1196413,"Shared Read Blocks":0,"Shared Dirtied Blocks":0,"Shared Written Blocks":0,"Local Hit Blocks":0,"Local Read Blocks":0,"Local Dirtied Blocks":0,"Local Written Blocks":0,"Temp Read Blocks":288611,"Temp Written Blocks":288665,"I/O Read Time":0.0,"I/O Write Time":0.0,"Temp I/O Read Time":436.339,"Temp I/O Write Time":1165.889,"Plans":[{"Node Type":"Sort","Parent Relationship":"Outer","Parallel Aware":false,"Async Capable":false,"Startup Cost":3433817.48,"Total Cost":3436898.01,"Plan Rows":1232214,"Plan Width":30,"Actual Startup Time":30493.276,"Actual Total Time":31089.123,"Actual Rows":2218175,"Actual Loops":1,"Output":["customer.c_w_id","customer.c_nationkey","orders.o_w_id","order_line.ol_amount","order_line.ol_w_id","order_line.ol_i_id","nation.n_name","nation.n_nationkey"],"Sort Key":["customer.c_w_id","order_line.ol_i_id"],"Sort Method":"external merge","Sort Space Used":94520,"Sort Space Type":"Disk","Shared Hit Blocks":1141740,"Shared Read Blocks":0,"Shared Dirtied Blocks":0,"Shared Written Blocks":0,"Local Hit Blocks":0,"Local Read Blocks":0,"Local Dirtied Blocks":0,"Local Written Blocks":0,"Temp Read Blocks":288611,"Temp Written Blocks":288665,"I/O Read Time":0.0,"I/O Write Time":0.0,"Temp I/O Read Time":436.339,"Temp I/O Write Time":1165.889,"Plans":[{"Node Type":"Hash Join","Parent Relationship":"Outer","Parallel Aware":false,"Async Capable":false,"Join Type":"Inner","Startup Cost":805468.83,"Total Cost":3250193.65,"Plan Rows":1232214,"Plan Width":30,"Actual Startup Time":3187.134,"Actual Total Time":27867.362,"Actual Rows":2218175,"Actual Loops":1,"Output":["customer.c_w_id","customer.c_nationkey","orders.o_w_id","order_line.ol_amount","order_line.ol_w_id","order_line.ol_i_id","nation.n_name","nation.n_nationkey"],"Inner Unique":false,"Hash Cond":"(customer.c_nationkey = nation.n_nationkey)","Shared Hit Blocks":1141740,"Shared Read Blocks":0,"Shared Dirtied Blocks":0,"Shared Written Blocks":0,"Local Hit Blocks":0,"Local Read Blocks":0,"Local Dirtied Blocks":0,"Local Written Blocks":0,"Temp Read Blocks":264991,"Temp Written Blocks":264991,"I/O Read Time":0.0,"I/O Write Time":0.0,"Temp I/O Read Time":400.581,"Temp I/O Write Time":1103.369,"Plans":[{"Node Type":"Hash Join","Parent Relationship":"Outer","Parallel Aware":false,"Async Capable":false,"Join Type":"Inner","Startup Cost":805465.69,"Total Cost":3215161.84,"Plan Rows":6161071,"Plan Width":18,"Actual Startup Time":3179.427,"Actual Total Time":27026.919,"Actual Rows":8568663,"Actual Loops":1,"Output":["customer.c_w_id","customer.c_nationkey","orders.o_w_id","order_line.ol_amount","order_line.ol_w_id","order_line.ol_i_id"],"Inner Unique":true,"Hash Cond":"((orders.o_c_id = customer.c_id) AND (orders.o_w_id = customer.c_w_id) AND (orders.o_d_id = customer.c_d_id))","Shared Hit Blocks":1141738,"Shared Read Blocks":0,"Shared Dirtied Blocks":0,"Shared Written Blocks":0,"Local Hit Blocks":0,"Local Read Blocks":0,"Local Dirtied Blocks":0,"Local Written Blocks":0,"Temp Read Blocks":264991,"Temp Written Blocks":264991,"I/O Read Time":0.0,"I/O Write Time":0.0,"Temp I/O Read Time":400.581,"Temp I/O Write Time":1103.369,"Plans":[{"Node Type":"Hash Join","Parent Relationship":"Outer","Parallel Aware":false,"Async Capable":false,"Join Type":"Inner","Startup Cost":151173.84,"Total Cost":2410851.54,"Plan Rows":6161071,"Plan Width":20,"Actual Startup Time":384.292,"Actual Total Time":19945.415,"Actual Rows":8568663,"Actual Loops":1,"Output":["orders.o_c_id","orders.o_w_id","orders.o_d_id","order_line.ol_amount","order_line.ol_w_id","order_line.ol_d_id","order_line.ol_i_id"],"Inner Unique":true,"Hash Cond":"((order_line.ol_w_id = orders.o_w_id) AND (order_line.ol_d_id = orders.o_d_id) AND (order_line.ol_o_id = orders.o_id))","Shared Hit Blocks":681748,"Shared Read Blocks":0,"Shared Dirtied Blocks":0,"Shared Written Blocks":0,"Local Hit Blocks":0,"Local Read Blocks":0,"Local Dirtied Blocks":0,"Local Written Blocks":0,"Temp Read Blocks":200672,"Temp Written Blocks":200672,"I/O Read Time":0.0,"I/O Write Time":0.0,"Temp I/O Read Time":301.579,"Temp I/O Write Time":798.957,"Plans":[{"Node Type":"Seq Scan","Parent Relationship":"Outer","Parallel Aware":false,"Async Capable":false,"Relation Name":"order_line","Schema":"public","Alias":"order_line","Startup Cost":0.0,"Total Cost":1431670.8,"Plan Rows":42039468,"Plan Width":20,"Actual Startup Time":0.006,"Actual Total Time":7313.58,"Actual Rows":42000489,"Actual Loops":1,"Output":["order_line.ol_amount","order_line.ol_o_id","order_line.ol_w_id","order_line.ol_d_id","order_line.ol_i_id"],"Filter":"(order_line.ol_delivery_d >= '1992-01-02 20:10:02.27764'::timestamp without time zone)","Rows Removed by Filter":17993272,"Shared Hit Blocks":681748,"Shared Read Blocks":0,"Shared Dirtied Blocks":0,"Shared Written Blocks":0,"Local Hit Blocks":0,"Local Read Blocks":0,"Local Dirtied Blocks":0,"Local Written Blocks":0,"Temp Read Blocks":0,"Temp Written Blocks":0,"I/O Read Time":0.0,"I/O Write Time":0.0,"Temp I/O Read Time":0.0,"Temp I/O Write Time":0.0},{"Node Type":"Hash","Parent Relationship":"Inner","Parallel Aware":false,"Async Capable":false,"Startup Cost":131491.69,"Total Cost":131491.69,"Plan Rows":879323,"Plan Width":16,"Actual Startup Time":349.896,"Actual Total Time":349.905,"Actual Rows":856801,"Actual Loops":1,"Output":["orders.o_c_id","orders.o_w_id","orders.o_d_id","orders.o_id"],"Hash Buckets":262144,"Original Hash Buckets":262144,"Hash Batches":8,"Original Hash Batches":8,"Peak Memory Usage":7070,"Shared Hit Blocks":0,"Shared Read Blocks":0,"Shared Dirtied Blocks":0,"Shared Written Blocks":0,"Local Hit Blocks":0,"Local Read Blocks":0,"Local Dirtied Blocks":0,"Local Written Blocks":0,"Temp Read Blocks":0,"Temp Written Blocks":3290,"I/O Read Time":0.0,"I/O Write Time":0.0,"Temp I/O Read Time":0.0,"Temp I/O Write Time":13.824,"Plans":[{"Node Type":"Append","Parent Relationship":"Outer","Parallel Aware":false,"Async Capable":false,"Startup Cost":20.0,"Total Cost":131491.69,"Plan Rows":879323,"Plan Width":16,"Actual Startup Time":0.509,"Actual Total Time":200.357,"Actual Rows":856801,"Actual Loops":1,"Shared Hit Blocks":0,"Shared Read Blocks":0,"Shared Dirtied Blocks":0,"Shared Written Blocks":0,"Local Hit Blocks":0,"Local Read Blocks":0,"Local Dirtied Blocks":0,"Local Written Blocks":0,"Temp Read Blocks":0,"Temp Written Blocks":0,"I/O Read Time":0.0,"I/O Write Time":0.0,"Temp I/O Read Time":0.0,"Temp I/O Write Time":0.0,"Subplans Removed":0,"Plans":[{"Node Type":"Custom Scan","Parent Relationship":"Member","Custom Plan Provider":"columnar scan","Parallel Aware":false,"Async Capable":false,"Relation Name":"orders","Schema":"public","Alias":"orders","Startup Cost":20.0,"Total Cost":20684.21,"Plan Rows":879322,"Plan Width":16,"Actual Startup Time":0.509,"Actual Total Time":139.869,"Actual Rows":856801,"Actual Loops":1,"Output":["orders.o_c_id","orders.o_w_id","orders.o_d_id","orders.o_id"],"Filter":"((orders.o_entry_d < '1994-01-02 20:10:02.27764'::timestamp without time zone) AND (orders.o_entry_d >= '1993-01-02 20:10:02.27764'::timestamp without time zone))","Rows Removed by Filter":0,"Rows Removed by Columnar Filter":5143199,"Columnar cache search mode":"native","Shared Hit Blocks":0,"Shared Read Blocks":0,"Shared Dirtied Blocks":0,"Shared Written Blocks":0,"Local Hit Blocks":0,"Local Read Blocks":0,"Local Dirtied Blocks":0,"Local Written Blocks":0,"Temp Read Blocks":0,"Temp Written Blocks":0,"I/O Read Time":0.0,"I/O Write Time":0.0,"Temp I/O Read Time":0.0,"Temp I/O Write Time":0.0},{"Node Type":"Seq Scan","Parent Relationship":"Member","Parallel Aware":false,"Async Capable":false,"Relation Name":"orders","Schema":"public","Alias":"orders","Startup Cost":0.0,"Total Cost":4.01,"Plan Rows":1,"Plan Width":16,"Actual Startup Time":0.0,"Actual Total Time":0.0,"Actual Rows":0,"Actual Loops":0,"Output":["orders.o_c_id","orders.o_w_id","orders.o_d_id","orders.o_id"],"Filter":"((orders.o_entry_d < '1994-01-02 20:10:02.27764'::timestamp without time zone) AND (orders.o_entry_d >= '1993-01-02 20:10:02.27764'::timestamp without time zone))","Rows Removed by Filter":0,"Shared Hit Blocks":0,"Shared Read Blocks":0,"Shared Dirtied Blocks":0,"Shared Written Blocks":0,"Local Hit Blocks":0,"Local Read Blocks":0,"Local Dirtied Blocks":0,"Local Written Blocks":0,"Temp Read Blocks":0,"Temp Written Blocks":0,"I/O Read Time":0.0,"I/O Write Time":0.0,"Temp I/O Read Time":0.0,"Temp I/O Write Time":0.0}]}]}]},{"Node Type":"Hash","Parent Relationship":"Inner","Parallel Aware":false,"Async Capable":false,"Startup Cost":519991.4,"Total Cost":519991.4,"Plan Rows":6000140,"Plan Width":12,"Actual Startup Time":2788.14,"Actual Total Time":2788.142,"Actual Rows":6000000,"Actual Loops":1,"Output":["customer.c_id","customer.c_w_id","customer.c_d_id","customer.c_nationkey"],"Hash Buckets":262144,"Original Hash Buckets":262144,"Hash Batches":64,"Original Hash Batches":64,"Peak Memory Usage":6073,"Shared Hit Blocks":459990,"Shared Read Blocks":0,"Shared Dirtied Blocks":0,"Shared Written Blocks":0,"Local Hit Blocks":0,"Local Read Blocks":0,"Local Dirtied Blocks":0,"Local Written Blocks":0,"Temp Read Blocks":0,"Temp Written Blocks":23037,"I/O Read Time":0.0,"I/O Write Time":0.0,"Temp I/O Read Time":0.0,"Temp I/O Write Time":110.215,"Plans":[{"Node Type":"Seq Scan","Parent Relationship":"Outer","Parallel Aware":false,"Async Capable":false,"Relation Name":"customer","Schema":"public","Alias":"customer","Startup Cost":0.0,"Total Cost":519991.4,"Plan Rows":6000140,"Plan Width":12,"Actual Startup Time":0.008,"Actual Total Time":1778.064,"Actual Rows":6000000,"Actual Loops":1,"Output":["customer.c_id","customer.c_w_id","customer.c_d_id","customer.c_nationkey"],"Shared Hit Blocks":459990,"Shared Read Blocks":0,"Shared Dirtied Blocks":0,"Shared Written Blocks":0,"Local Hit Blocks":0,"Local Read Blocks":0,"Local Dirtied Blocks":0,"Local Written Blocks":0,"Temp Read Blocks":0,"Temp Written Blocks":0,"I/O Read Time":0.0,"I/O Write Time":0.0,"Temp I/O Read Time":0.0,"Temp I/O Write Time":0.0}]}]},{"Node Type":"Hash","Parent Relationship":"Inner","Parallel Aware":false,"Async Capable":false,"Startup Cost":2.99,"Total Cost":2.99,"Plan Rows":12,"Plan Width":12,"Actual Startup Time":0.043,"Actual Total Time":0.048,"Actual Rows":22,"Actual Loops":1,"Output":["nation.n_name","nation.n_nationkey"],"Hash Buckets":1024,"Original Hash Buckets":1024,"Hash Batches":1,"Original Hash Batches":1,"Peak Memory Usage":9,"Shared Hit Blocks":2,"Shared Read Blocks":0,"Shared Dirtied Blocks":0,"Shared Written Blocks":0,"Local Hit Blocks":0,"Local Read Blocks":0,"Local Dirtied Blocks":0,"Local Written Blocks":0,"Temp Read Blocks":0,"Temp Written Blocks":0,"I/O Read Time":0.0,"I/O Write Time":0.0,"Temp I/O Read Time":0.0,"Temp I/O Write Time":0.0,"Plans":[{"Node Type":"Hash Join","Parent Relationship":"Outer","Parallel Aware":false,"Async Capable":false,"Join Type":"Inner","Startup Cost":1.07,"Total Cost":2.99,"Plan Rows":12,"Plan Width":12,"Actual Startup Time":0.027,"Actual Total Time":0.042,"Actual Rows":22,"Actual Loops":1,"Output":["nation.n_name","nation.n_nationkey"],"Inner Unique":true,"Hash Cond":"(nation.n_regionkey = region.r_regionkey)","Shared Hit Blocks":2,"Shared Read Blocks":0,"Shared Dirtied Blocks":0,"Shared Written Blocks":0,"Local Hit Blocks":0,"Local Read Blocks":0,"Local Dirtied Blocks":0,"Local Written Blocks":0,"Temp Read Blocks":0,"Temp Written Blocks":0,"I/O Read Time":0.0,"I/O Write Time":0.0,"Temp I/O Read Time":0.0,"Temp I/O Write Time":0.0,"Plans":[{"Node Type":"Seq Scan","Parent Relationship":"Outer","Parallel Aware":false,"Async Capable":false,"Relation Name":"nation","Schema":"public","Alias":"nation","Startup Cost":0.0,"Total Cost":1.62,"Plan Rows":62,"Plan Width":16,"Actual Startup Time":0.007,"Actual Total Time":0.011,"Actual Rows":62,"Actual Loops":1,"Output":["nation.n_nationkey","nation.n_name","nation.n_regionkey","nation.n_comment"],"Shared Hit Blocks":1,"Shared Read Blocks":0,"Shared Dirtied Blocks":0,"Shared Written Blocks":0,"Local Hit Blocks":0,"Local Read Blocks":0,"Local Dirtied Blocks":0,"Local Written Blocks":0,"Temp Read Blocks":0,"Temp Written Blocks":0,"I/O Read Time":0.0,"I/O Write Time":0.0,"Temp I/O Read Time":0.0,"Temp I/O Write Time":0.0},{"Node Type":"Hash","Parent Relationship":"Inner","Parallel Aware":false,"Async Capable":false,"Startup Cost":1.06,"Total Cost":1.06,"Plan Rows":1,"Plan Width":4,"Actual Startup Time":0.009,"Actual Total Time":0.011,"Actual Rows":1,"Actual Loops":1,"Output":["region.r_regionkey"],"Hash Buckets":1024,"Original Hash Buckets":1024,"Hash Batches":1,"Original Hash Batches":1,"Peak Memory Usage":9,"Shared Hit Blocks":1,"Shared Read Blocks":0,"Shared Dirtied Blocks":0,"Shared Written Blocks":0,"Local Hit Blocks":0,"Local Read Blocks":0,"Local Dirtied Blocks":0,"Local Written Blocks":0,"Temp Read Blocks":0,"Temp Written Blocks":0,"I/O Read Time":0.0,"I/O Write Time":0.0,"Temp I/O Read Time":0.0,"Temp I/O Write Time":0.0,"Plans":[{"Node Type":"Seq Scan","Parent Relationship":"Outer","Parallel Aware":false,"Async Capable":false,"Relation Name":"region","Schema":"public","Alias":"region","Startup Cost":0.0,"Total Cost":1.06,"Plan Rows":1,"Plan Width":4,"Actual Startup Time":0.007,"Actual Total Time":0.008,"Actual Rows":1,"Actual Loops":1,"Output":["region.r_regionkey"],"Filter":"((region.r_name)::text = 'Europe'::text)","Rows Removed by Filter":4,"Shared Hit Blocks":1,"Shared Read Blocks":0,"Shared Dirtied Blocks":0,"Shared Written Blocks":0,"Local Hit Blocks":0,"Local Read Blocks":0,"Local Dirtied Blocks":0,"Local Written Blocks":0,"Temp Read Blocks":0,"Temp Written Blocks":0,"I/O Read Time":0.0,"I/O Write Time":0.0,"Temp I/O Read Time":0.0,"Temp I/O Write Time":0.0}]}]}]}]}]},{"Node Type":"Index Only Scan","Parent Relationship":"Inner","Parallel Aware":false,"Async Capable":false,"Scan Direction":"Forward","Index Name":"stock_pk","Relation Name":"stock","Schema":"public","Alias":"stock","Startup Cost":0.44,"Total Cost":519363.62,"Plan Rows":20000212,"Plan Width":6,"Actual Startup Time":0.047,"Actual Total Time":1399.01,"Actual Rows":19999994,"Actual Loops":1,"Output":["stock.s_w_id","stock.s_i_id"],"Heap Fetches":0,"Shared Hit Blocks":54673,"Shared Read Blocks":0,"Shared Dirtied Blocks":0,"Shared Written Blocks":0,"Local Hit Blocks":0,"Local Read Blocks":0,"Local Dirtied Blocks":0,"Local Written Blocks":0,"Temp Read Blocks":0,"Temp Written Blocks":0,"I/O Read Time":0.0,"I/O Write Time":0.0,"Temp I/O Read Time":0.0,"Temp I/O Write Time":0.0}]},{"Node Type":"Hash","Parent Relationship":"Inner","Parallel Aware":false,"Async Capable":false,"Startup Cost":219.01,"Total Cost":219.01,"Plan Rows":10001,"Plan Width":8,"Actual Startup Time":3.095,"Actual Total Time":3.098,"Actual Rows":10000,"Actual Loops":1,"Output":["supplier.su_suppkey","supplier.su_nationkey"],"Hash Buckets":16384,"Original Hash Buckets":16384,"Hash Batches":1,"Original Hash Batches":1,"Peak Memory Usage":519,"Shared Hit Blocks":0,"Shared Read Blocks":0,"Shared Dirtied Blocks":0,"Shared Written Blocks":0,"Local Hit Blocks":0,"Local Read Blocks":0,"Local Dirtied Blocks":0,"Local Written Blocks":0,"Temp Read Blocks":0,"Temp Written Blocks":0,"I/O Read Time":0.0,"I/O Write Time":0.0,"Temp I/O Read Time":0.0,"Temp I/O Write Time":0.0,"Plans":[{"Node Type":"Append","Parent Relationship":"Outer","Parallel Aware":false,"Async Capable":false,"Startup Cost":20.0,"Total Cost":219.01,"Plan Rows":10001,"Plan Width":8,"Actual Startup Time":0.013,"Actual Total Time":1.796,"Actual Rows":10000,"Actual Loops":1,"Shared Hit Blocks":0,"Shared Read Blocks":0,"Shared Dirtied Blocks":0,"Shared Written Blocks":0,"Local Hit Blocks":0,"Local Read Blocks":0,"Local Dirtied Blocks":0,"Local Written Blocks":0,"Temp Read Blocks":0,"Temp Written Blocks":0,"I/O Read Time":0.0,"I/O Write Time":0.0,"Temp I/O Read Time":0.0,"Temp I/O Write Time":0.0,"Subplans Removed":0,"Plans":[{"Node Type":"Custom Scan","Parent Relationship":"Member","Custom Plan Provider":"columnar scan","Parallel Aware":false,"Async Capable":false,"Relation Name":"supplier","Schema":"public","Alias":"supplier","Startup Cost":20.0,"Total Cost":215.0,"Plan Rows":10000,"Plan Width":8,"Actual Startup Time":0.012,"Actual Total Time":1.092,"Actual Rows":10000,"Actual Loops":1,"Output":["supplier.su_suppkey","supplier.su_nationkey"],"Rows Removed by Columnar Filter":0,"Columnar cache search mode":"native","Shared Hit Blocks":0,"Shared Read Blocks":0,"Shared Dirtied Blocks":0,"Shared Written Blocks":0,"Local Hit Blocks":0,"Local Read Blocks":0,"Local Dirtied Blocks":0,"Local Written Blocks":0,"Temp Read Blocks":0,"Temp Written Blocks":0,"I/O Read Time":0.0,"I/O Write Time":0.0,"Temp I/O Read Time":0.0,"Temp I/O Write Time":0.0},{"Node Type":"Seq Scan","Parent Relationship":"Member","Parallel Aware":false,"Async Capable":false,"Relation Name":"supplier","Schema":"public","Alias":"supplier","Startup Cost":0.0,"Total Cost":4.01,"Plan Rows":1,"Plan Width":8,"Actual Startup Time":0.0,"Actual Total Time":0.0,"Actual Rows":0,"Actual Loops":0,"Output":["supplier.su_suppkey","supplier.su_nationkey"],"Shared Hit Blocks":0,"Shared Read Blocks":0,"Shared Dirtied Blocks":0,"Shared Written Blocks":0,"Local Hit Blocks":0,"Local Read Blocks":0,"Local Dirtied Blocks":0,"Local Written Blocks":0,"Temp Read Blocks":0,"Temp Written Blocks":0,"I/O Read Time":0.0,"I/O Write Time":0.0,"Temp I/O Read Time":0.0,"Temp I/O Write Time":0.0}]}]}]}]}]}]},"Planning":{"Shared Hit Blocks":220,"Shared Read Blocks":0,"Shared Dirtied Blocks":0,"Shared Written Blocks":0,"Local Hit Blocks":0,"Local Read Blocks":0,"Local Dirtied Blocks":0,"Local Written Blocks":0,"Temp Read Blocks":0,"Temp Written Blocks":0,"I/O Read Time":0.0,"I/O Write Time":0.0,"Temp I/O Read Time":0.0,"Temp I/O Write Time":0.0},"Planning Time":5.365,"Triggers":[],"Execution Time":34442.811}]
[列存组合]: order_line, orders, region, stock, supplier
[{"Plan":{"Node Type":"Sort","Parallel Aware":false,"Async Capable":false,"Startup Cost":2398992.63,"Total Cost":2398992.79,"Plan Rows":62,"Plan Width":40,"Actual Startup Time":11236.418,"Actual Total Time":11236.45,"Actual Rows":11,"Actual Loops":1,"Output":["nation.n_name","(sum(order_line.ol_amount))"],"Sort Key":["(sum(order_line.ol_amount)) DESC"],"Sort Method":"quicksort","Sort Space Used":25,"Sort Space Type":"Memory","Shared Hit Blocks":459992,"Shared Read Blocks":0,"Shared Dirtied Blocks":0,"Shared Written Blocks":0,"Local Hit Blocks":0,"Local Read Blocks":0,"Local Dirtied Blocks":0,"Local Written Blocks":0,"Temp Read Blocks":67001,"Temp Written Blocks":67001,"I/O Read Time":0.0,"I/O Write Time":0.0,"Temp I/O Read Time":103.933,"Temp I/O Write Time":314.243,"Plans":[{"Node Type":"Aggregate","Strategy":"Sorted","Partial Mode":"Simple","Parent Relationship":"Outer","Parallel Aware":false,"Async Capable":false,"Startup Cost":2398838.99,"Total Cost":2398990.79,"Plan Rows":62,"Plan Width":40,"Actual Startup Time":11230.46,"Actual Total Time":11236.432,"Actual Rows":11,"Actual Loops":1,"Output":["nation.n_name","sum(order_line.ol_amount)"],"Group Key":["nation.n_name"],"Shared Hit Blocks":459992,"Shared Read Blocks":0,"Shared Dirtied Blocks":0,"Shared Written Blocks":0,"Local Hit Blocks":0,"Local Read Blocks":0,"Local Dirtied Blocks":0,"Local Written Blocks":0,"Temp Read Blocks":67001,"Temp Written Blocks":67001,"I/O Read Time":0.0,"I/O Write Time":0.0,"Temp I/O Read Time":103.933,"Temp I/O Write Time":314.243,"Plans":[{"Node Type":"Sort","Parent Relationship":"Outer","Parallel Aware":false,"Async Capable":false,"Startup Cost":2398838.99,"Total Cost":2398889.33,"Plan Rows":20136,"Plan Width":12,"Actual Startup Time":11230.021,"Actual Total Time":11231.828,"Actual Rows":35044,"Actual Loops":1,"Output":["nation.n_name","order_line.ol_amount"],"Sort Key":["nation.n_name"],"Sort Method":"quicksort","Sort Space Used":3146,"Sort Space Type":"Memory","Shared Hit Blocks":459992,"Shared Read Blocks":0,"Shared Dirtied Blocks":0,"Shared Written Blocks":0,"Local Hit Blocks":0,"Local Read Blocks":0,"Local Dirtied Blocks":0,"Local Written Blocks":0,"Temp Read Blocks":67001,"Temp Written Blocks":67001,"I/O Read Time":0.0,"I/O Write Time":0.0,"Temp I/O Read Time":103.933,"Temp I/O Write Time":314.243,"Plans":[{"Node Type":"Hash Join","Parent Relationship":"Outer","Parallel Aware":false,"Async Capable":false,"Join Type":"Inner","Startup Cost":879390.65,"Total Cost":2397399.52,"Plan Rows":20136,"Plan Width":12,"Actual Startup Time":4559.525,"Actual Total Time":11213.375,"Actual Rows":35044,"Actual Loops":1,"Output":["nation.n_name","order_line.ol_amount"],"Hash Cond":"((orders.o_c_id = customer.c_id) AND (orders.o_w_id = customer.c_w_id) AND (orders.o_d_id = customer.c_d_id) AND (supplier.su_nationkey = customer.c_nationkey))","Shared Hit Blocks":459992,"Shared Read Blocks":0,"Shared Dirtied Blocks":0,"Shared Written Blocks":0,"Local Hit Blocks":0,"Local Read Blocks":0,"Local Dirtied Blocks":0,"Local Written Blocks":0,"Temp Read Blocks":67001,"Temp Written Blocks":67001,"I/O Read Time":0.0,"I/O Write Time":0.0,"Temp I/O Read Time":103.933,"Temp I/O Write Time":314.243,"Plans":[{"Node Type":"Hash Join","Parent Relationship":"Outer","Parallel Aware":false,"Async Capable":false,"Join Type":"Inner","Startup Cost":210098.45,"Total Cost":1666357.09,"Plan Rows":1242117,"Plan Width":34,"Actual Startup Time":1583.81,"Actual Total Time":6779.285,"Actual Rows":2982388,"Actual Loops":1,"Output":["orders.o_c_id","orders.o_w_id","orders.o_d_id","order_line.ol_amount","order_line.ol_w_id","order_line.ol_d_id","stock.s_w_id","supplier.su_nationkey","nation.n_name","nation.n_nationkey"],"Hash Cond":"((order_line.ol_w_id = orders.o_w_id) AND (order_line.ol_d_id = orders.o_d_id) AND (order_line.ol_o_id = orders.o_id))","Shared Hit Blocks":2,"Shared Read Blocks":0,"Shared Dirtied Blocks":0,"Shared Written Blocks":0,"Local Hit Blocks":0,"Local Read Blocks":0,"Local Dirtied Blocks":0,"Local Written Blocks":0,"Temp Read Blocks":23127,"Temp Written Blocks":23127,"I/O Read Time":0.0,"I/O Write Time":0.0,"Temp I/O Read Time":36.002,"Temp I/O Write Time":106.8,"Plans":[{"Node Type":"Hash Join","Parent Relationship":"Outer","Parallel Aware":false,"Async Capable":false,"Join Type":"Inner","Startup Cost":58924.61,"Total Cost":1311895.2,"Plan Rows":8467814,"Plan Width":34,"Actual Startup Time":1176.205,"Actual Total Time":4790.519,"Actual Rows":3000322,"Actual Loops":1,"Output":["order_line.ol_amount","order_line.ol_o_id","order_line.ol_w_id","order_line.ol_d_id","stock.s_w_id","supplier.su_nationkey","nation.n_name","nation.n_nationkey"],"Hash Cond":"(mod((stock.s_w_id * stock.s_i_id), 10000) = supplier.su_suppkey)","Shared Hit Blocks":2,"Shared Read Blocks":0,"Shared Dirtied Blocks":0,"Shared Written Blocks":0,"Local Hit Blocks":0,"Local Read Blocks":0,"Local Dirtied Blocks":0,"Local Written Blocks":0,"Temp Read Blocks":0,"Temp Written Blocks":0,"I/O Read Time":0.0,"I/O Write Time":0.0,"Temp I/O Read Time":0.0,"Temp I/O Write Time":0.0,"Plans":[{"Node Type":"Hash Join","Parent Relationship":"Outer","Parallel Aware":false,"Async Capable":false,"Join Type":"Inner","Startup Cost":58620.59,"Total Cost":962293.85,"Plan Rows":42339072,"Plan Width":22,"Actual Startup Time":1173.665,"Actual Total Time":3384.181,"Actual Rows":8620885,"Actual Loops":1,"Output":["order_line.ol_amount","order_line.ol_o_id","order_line.ol_w_id","order_line.ol_d_id","stock.s_w_id","stock.s_i_id"],"Hash Cond":"((order_line.ol_w_id = stock.s_w_id) AND (order_line.ol_i_id = stock.s_i_id))","Rows Removed by Bloom Filter":0,"Shared Hit Blocks":0,"Shared Read Blocks":0,"Shared Dirtied Blocks":0,"Shared Written Blocks":0,"Local Hit Blocks":0,"Local Read Blocks":0,"Local Dirtied Blocks":0,"Local Written Blocks":0,"Temp Read Blocks":0,"Temp Written Blocks":0,"I/O Read Time":0.0,"I/O Write Time":0.0,"Temp I/O Read Time":0.0,"Temp I/O Write Time":0.0,"Plans":[{"Node Type":"Append","Parent Relationship":"Outer","Parallel Aware":false,"Async Capable":false,"Startup Cost":20.0,"Total Cost":1072031.01,"Plan Rows":42039468,"Plan Width":20,"Actual Startup Time":249.111,"Actual Total Time":249.118,"Actual Rows":8620885,"Actual Loops":1,"Shared Hit Blocks":0,"Shared Read Blocks":0,"Shared Dirtied Blocks":0,"Shared Written Blocks":0,"Local Hit Blocks":0,"Local Read Blocks":0,"Local Dirtied Blocks":0,"Local Written Blocks":0,"Temp Read Blocks":0,"Temp Written Blocks":0,"I/O Read Time":0.0,"I/O Write Time":0.0,"Temp I/O Read Time":0.0,"Temp I/O Write Time":0.0,"Subplans Removed":0,"Plans":[{"Node Type":"Custom Scan","Parent Relationship":"Member","Custom Plan Provider":"columnar scan","Parallel Aware":false,"Async Capable":false,"Relation Name":"order_line","Schema":"public","Alias":"order_line","Startup Cost":20.0,"Total Cost":1072026.23,"Plan Rows":42039424,"Plan Width":20,"Actual Startup Time":249.109,"Actual Total Time":249.112,"Actual Rows":8620885,"Actual Loops":1,"Output":["order_line.ol_amount","order_line.ol_o_id","order_line.ol_w_id","order_line.ol_d_id","order_line.ol_i_id"],"Filter":"(order_line.ol_delivery_d >= '1992-01-02 20:10:02.27764'::timestamp without time zone)","Rows Removed by Filter":0,"Rows Removed by Columnar Filter":51372876,"Rows Filtered by Bloom Filter":0,"Dictionary Rows Filtered by Bloom Filter":51372876,"Columnar cache search mode":"native","Shared Hit Blocks":0,"Shared Read Blocks":0,"Shared Dirtied Blocks":0,"Shared Written Blocks":0,"Local Hit Blocks":0,"Local Read Blocks":0,"Local Dirtied Blocks":0,"Local Written Blocks":0,"Temp Read Blocks":0,"Temp Written Blocks":0,"I/O Read Time":0.0,"I/O Write Time":0.0,"Temp I/O Read Time":0.0,"Temp I/O Write Time":0.0},{"Node Type":"Seq Scan","Parent Relationship":"Member","Parallel Aware":false,"Async Capable":false,"Relation Name":"order_line","Schema":"public","Alias":"order_line","Startup Cost":0.0,"Total Cost":4.79,"Plan Rows":44,"Plan Width":20,"Actual Startup Time":0.0,"Actual Total Time":0.0,"Actual Rows":0,"Actual Loops":0,"Output":["order_line.ol_amount","order_line.ol_o_id","order_line.ol_w_id","order_line.ol_d_id","order_line.ol_i_id"],"Filter":"(order_line.ol_delivery_d >= '1992-01-02 20:10:02.27764'::timestamp without time zone)","Rows Removed by Filter":0,"Shared Hit Blocks":0,"Shared Read Blocks":0,"Shared Dirtied Blocks":0,"Shared Written Blocks":0,"Local Hit Blocks":0,"Local Read Blocks":0,"Local Dirtied Blocks":0,"Local Written Blocks":0,"Temp Read Blocks":0,"Temp Written Blocks":0,"I/O Read Time":0.0,"I/O Write Time":0.0,"Temp I/O Read Time":0.0,"Temp I/O Write Time":0.0}]},{"Node Type":"Hash","Parent Relationship":"Inner","Parallel Aware":false,"Async Capable":false,"Startup Cost":390026.22,"Total Cost":390026.22,"Plan Rows":20000212,"Plan Width":6,"Actual Rows":20000000,"Actual Loops":1,"Output":["stock.s_w_id","stock.s_i_id"],"Shared Hit Blocks":0,"Shared Read Blocks":0,"Shared Dirtied Blocks":0,"Shared Written Blocks":0,"Local Hit Blocks":0,"Local Read Blocks":0,"Local Dirtied Blocks":0,"Local Written Blocks":0,"Temp Read Blocks":0,"Temp Written Blocks":0,"I/O Read Time":0.0,"I/O Write Time":0.0,"Temp I/O Read Time":0.0,"Temp I/O Write Time":0.0,"Plans":[{"Node Type":"Append","Parent Relationship":"Outer","Parallel Aware":false,"Async Capable":false,"Startup Cost":20.0,"Total Cost":390026.22,"Plan Rows":20000212,"Plan Width":6,"Actual Startup Time":0.419,"Actual Total Time":0.421,"Actual Rows":20000000,"Actual Loops":1,"Shared Hit Blocks":0,"Shared Read Blocks":0,"Shared Dirtied Blocks":0,"Shared Written Blocks":0,"Local Hit Blocks":0,"Local Read Blocks":0,"Local Dirtied Blocks":0,"Local Written Blocks":0,"Temp Read Blocks":0,"Temp Written Blocks":0,"I/O Read Time":0.0,"I/O Write Time":0.0,"Temp I/O Read Time":0.0,"Temp I/O Write Time":0.0,"Subplans Removed":0,"Plans":[{"Node Type":"Custom Scan","Parent Relationship":"Member","Custom Plan Provider":"columnar scan","Parallel Aware":false,"Async Capable":false,"Relation Name":"stock","Schema":"public","Alias":"stock","Startup Cost":20.0,"Total Cost":390020.1,"Plan Rows":20000000,"Plan Width":6,"Actual Startup Time":0.419,"Actual Total Time":0.419,"Actual Rows":20000000,"Actual Loops":1,"Output":["stock.s_w_id","stock.s_i_id"],"Rows Removed by Columnar Filter":0,"Columnar cache search mode":"native","Shared Hit Blocks":0,"Shared Read Blocks":0,"Shared Dirtied Blocks":0,"Shared Written Blocks":0,"Local Hit Blocks":0,"Local Read Blocks":0,"Local Dirtied Blocks":0,"Local Written Blocks":0,"Temp Read Blocks":0,"Temp Written Blocks":0,"I/O Read Time":0.0,"I/O Write Time":0.0,"Temp I/O Read Time":0.0,"Temp I/O Write Time":0.0},{"Node Type":"Seq Scan","Parent Relationship":"Member","Parallel Aware":false,"Async Capable":false,"Relation Name":"stock","Schema":"public","Alias":"stock","Startup Cost":0.0,"Total Cost":6.12,"Plan Rows":212,"Plan Width":6,"Actual Startup Time":0.0,"Actual Total Time":0.0,"Actual Rows":0,"Actual Loops":0,"Output":["stock.s_w_id","stock.s_i_id"],"Shared Hit Blocks":0,"Shared Read Blocks":0,"Shared Dirtied Blocks":0,"Shared Written Blocks":0,"Local Hit Blocks":0,"Local Read Blocks":0,"Local Dirtied Blocks":0,"Local Written Blocks":0,"Temp Read Blocks":0,"Temp Written Blocks":0,"I/O Read Time":0.0,"I/O Write Time":0.0,"Temp I/O Read Time":0.0,"Temp I/O Write Time":0.0}]}]}]},{"Node Type":"Hash","Parent Relationship":"Inner","Parallel Aware":false,"Async Capable":false,"Startup Cost":279.02,"Total Cost":279.02,"Plan Rows":2000,"Plan Width":20,"Actual Startup Time":2.509,"Actual Total Time":2.523,"Actual Rows":3506,"Actual Loops":1,"Output":["supplier.su_suppkey","supplier.su_nationkey","nation.n_name","nation.n_nationkey"],"Hash Buckets":4096,"Original Hash Buckets":2048,"Hash Batches":1,"Original Hash Batches":1,"Peak Memory Usage":217,"Shared Hit Blocks":2,"Shared Read Blocks":0,"Shared Dirtied Blocks":0,"Shared Written Blocks":0,"Local Hit Blocks":0,"Local Read Blocks":0,"Local Dirtied Blocks":0,"Local Written Blocks":0,"Temp Read Blocks":0,"Temp Written Blocks":0,"I/O Read Time":0.0,"I/O Write Time":0.0,"Temp I/O Read Time":0.0,"Temp I/O Write Time":0.0,"Plans":[{"Node Type":"Hash Join","Parent Relationship":"Outer","Parallel Aware":false,"Async Capable":false,"Join Type":"Inner","Startup Cost":23.14,"Total Cost":279.02,"Plan Rows":2000,"Plan Width":20,"Actual Startup Time":0.53,"Actual Total Time":1.945,"Actual Rows":3506,"Actual Loops":1,"Output":["supplier.su_suppkey","supplier.su_nationkey","nation.n_name","nation.n_nationkey"],"Hash Cond":"(supplier.su_nationkey = nation.n_nationkey)","Shared Hit Blocks":2,"Shared Read Blocks":0,"Shared Dirtied Blocks":0,"Shared Written Blocks":0,"Local Hit Blocks":0,"Local Read Blocks":0,"Local Dirtied Blocks":0,"Local Written Blocks":0,"Temp Read Blocks":0,"Temp Written Blocks":0,"I/O Read Time":0.0,"I/O Write Time":0.0,"Temp I/O Read Time":0.0,"Temp I/O Write Time":0.0,"Plans":[{"Node Type":"Append","Parent Relationship":"Outer","Parallel Aware":false,"Async Capable":false,"Startup Cost":20.0,"Total Cost":219.01,"Plan Rows":10001,"Plan Width":8,"Actual Startup Time":0.094,"Actual Total Time":0.853,"Actual Rows":3506,"Actual Loops":1,"Shared Hit Blocks":0,"Shared Read Blocks":0,"Shared Dirtied Blocks":0,"Shared Written Blocks":0,"Local Hit Blocks":0,"Local Read Blocks":0,"Local Dirtied Blocks":0,"Local Written Blocks":0,"Temp Read Blocks":0,"Temp Written Blocks":0,"I/O Read Time":0.0,"I/O Write Time":0.0,"Temp I/O Read Time":0.0,"Temp I/O Write Time":0.0,"Subplans Removed":0,"Plans":[{"Node Type":"Custom Scan","Parent Relationship":"Member","Custom Plan Provider":"columnar scan","Parallel Aware":false,"Async Capable":false,"Relation Name":"supplier","Schema":"public","Alias":"supplier","Startup Cost":20.0,"Total Cost":215.0,"Plan Rows":10000,"Plan Width":8,"Actual Startup Time":0.094,"Actual Total Time":0.595,"Actual Rows":3506,"Actual Loops":1,"Output":["supplier.su_suppkey","supplier.su_nationkey"],"Rows Removed by Columnar Filter":6494,"Rows Filtered by Bloom Filter":0,"Dictionary Rows Filtered by Bloom Filter":6494,"Columnar cache search mode":"native","Shared Hit Blocks":0,"Shared Read Blocks":0,"Shared Dirtied Blocks":0,"Shared Written Blocks":0,"Local Hit Blocks":0,"Local Read Blocks":0,"Local Dirtied Blocks":0,"Local Written Blocks":0,"Temp Read Blocks":0,"Temp Written Blocks":0,"I/O Read Time":0.0,"I/O Write Time":0.0,"Temp I/O Read Time":0.0,"Temp I/O Write Time":0.0},{"Node Type":"Seq Scan","Parent Relationship":"Member","Parallel Aware":false,"Async Capable":false,"Relation Name":"supplier","Schema":"public","Alias":"supplier","Startup Cost":0.0,"Total Cost":4.01,"Plan Rows":1,"Plan Width":8,"Actual Startup Time":0.0,"Actual Total Time":0.0,"Actual Rows":0,"Actual Loops":0,"Output":["supplier.su_suppkey","supplier.su_nationkey"],"Shared Hit Blocks":0,"Shared Read Blocks":0,"Shared Dirtied Blocks":0,"Shared Written Blocks":0,"Local Hit Blocks":0,"Local Read Blocks":0,"Local Dirtied Blocks":0,"Local Written Blocks":0,"Temp Read Blocks":0,"Temp Written Blocks":0,"I/O Read Time":0.0,"I/O Write Time":0.0,"Temp I/O Read Time":0.0,"Temp I/O Write Time":0.0}]},{"Node Type":"Hash","Parent Relationship":"Inner","Parallel Aware":false,"Async Capable":false,"Startup Cost":2.99,"Total Cost":2.99,"Plan Rows":12,"Plan Width":12,"Actual Startup Time":0.062,"Actual Total Time":0.069,"Actual Rows":22,"Actual Loops":1,"Output":["nation.n_name","nation.n_nationkey"],"Hash Buckets":1024,"Original Hash Buckets":1024,"Hash Batches":1,"Original Hash Batches":1,"Peak Memory Usage":9,"Shared Hit Blocks":2,"Shared Read Blocks":0,"Shared Dirtied Blocks":0,"Shared Written Blocks":0,"Local Hit Blocks":0,"Local Read Blocks":0,"Local Dirtied Blocks":0,"Local Written Blocks":0,"Temp Read Blocks":0,"Temp Written Blocks":0,"I/O Read Time":0.0,"I/O Write Time":0.0,"Temp I/O Read Time":0.0,"Temp I/O Write Time":0.0,"Plans":[{"Node Type":"Hash Join","Parent Relationship":"Outer","Parallel Aware":false,"Async Capable":false,"Join Type":"Inner","Startup Cost":1.07,"Total Cost":2.99,"Plan Rows":12,"Plan Width":12,"Actual Startup Time":0.04,"Actual Total Time":0.059,"Actual Rows":22,"Actual Loops":1,"Output":["nation.n_name","nation.n_nationkey"],"Hash Cond":"(nation.n_regionkey = region.r_regionkey)","Shared Hit Blocks":2,"Shared Read Blocks":0,"Shared Dirtied Blocks":0,"Shared Written Blocks":0,"Local Hit Blocks":0,"Local Read Blocks":0,"Local Dirtied Blocks":0,"Local Written Blocks":0,"Temp Read Blocks":0,"Temp Written Blocks":0,"I/O Read Time":0.0,"I/O Write Time":0.0,"Temp I/O Read Time":0.0,"Temp I/O Write Time":0.0,"Plans":[{"Node Type":"Seq Scan","Parent Relationship":"Outer","Parallel Aware":false,"Async Capable":false,"Relation Name":"nation","Schema":"public","Alias":"nation","Startup Cost":0.0,"Total Cost":1.62,"Plan Rows":62,"Plan Width":16,"Actual Startup Time":0.016,"Actual Total Time":0.019,"Actual Rows":62,"Actual Loops":1,"Output":["nation.n_nationkey","nation.n_name","nation.n_regionkey","nation.n_comment"],"Shared Hit Blocks":1,"Shared Read Blocks":0,"Shared Dirtied Blocks":0,"Shared Written Blocks":0,"Local Hit Blocks":0,"Local Read Blocks":0,"Local Dirtied Blocks":0,"Local Written Blocks":0,"Temp Read Blocks":0,"Temp Written Blocks":0,"I/O Read Time":0.0,"I/O Write Time":0.0,"Temp I/O Read Time":0.0,"Temp I/O Write Time":0.0},{"Node Type":"Hash","Parent Relationship":"Inner","Parallel Aware":false,"Async Capable":false,"Startup Cost":1.06,"Total Cost":1.06,"Plan Rows":1,"Plan Width":4,"Actual Startup Time":0.012,"Actual Total Time":0.015,"Actual Rows":1,"Actual Loops":1,"Output":["region.r_regionkey"],"Hash Buckets":1024,"Original Hash Buckets":1024,"Hash Batches":1,"Original Hash Batches":1,"Peak Memory Usage":9,"Shared Hit Blocks":1,"Shared Read Blocks":0,"Shared Dirtied Blocks":0,"Shared Written Blocks":0,"Local Hit Blocks":0,"Local Read Blocks":0,"Local Dirtied Blocks":0,"Local Written Blocks":0,"Temp Read Blocks":0,"Temp Written Blocks":0,"I/O Read Time":0.0,"I/O Write Time":0.0,"Temp I/O Read Time":0.0,"Temp I/O Write Time":0.0,"Plans":[{"Node Type":"Seq Scan","Parent Relationship":"Outer","Parallel Aware":false,"Async Capable":false,"Relation Name":"region","Schema":"public","Alias":"region","Startup Cost":0.0,"Total Cost":1.06,"Plan Rows":1,"Plan Width":4,"Actual Startup Time":0.009,"Actual Total Time":0.01,"Actual Rows":1,"Actual Loops":1,"Output":["region.r_regionkey"],"Filter":"((region.r_name)::text = 'Europe'::text)","Rows Removed by Filter":4,"Shared Hit Blocks":1,"Shared Read Blocks":0,"Shared Dirtied Blocks":0,"Shared Written Blocks":0,"Local Hit Blocks":0,"Local Read Blocks":0,"Local Dirtied Blocks":0,"Local Written Blocks":0,"Temp Read Blocks":0,"Temp Written Blocks":0,"I/O Read Time":0.0,"I/O Write Time":0.0,"Temp I/O Read Time":0.0,"Temp I/O Write Time":0.0}]}]}]}]}]}]},{"Node Type":"Hash","Parent Relationship":"Inner","Parallel Aware":false,"Async Capable":false,"Startup Cost":131491.69,"Total Cost":131491.69,"Plan Rows":879323,"Plan Width":16,"Actual Startup Time":406.039,"Actual Total Time":406.043,"Actual Rows":856801,"Actual Loops":1,"Output":["orders.o_c_id","orders.o_w_id","orders.o_d_id","orders.o_id"],"Hash Buckets":262144,"Original Hash Buckets":262144,"Hash Batches":8,"Original Hash Batches":8,"Peak Memory Usage":7070,"Shared Hit Blocks":0,"Shared Read Blocks":0,"Shared Dirtied Blocks":0,"Shared Written Blocks":0,"Local Hit Blocks":0,"Local Read Blocks":0,"Local Dirtied Blocks":0,"Local Written Blocks":0,"Temp Read Blocks":0,"Temp Written Blocks":3290,"I/O Read Time":0.0,"I/O Write Time":0.0,"Temp I/O Read Time":0.0,"Temp I/O Write Time":14.099,"Plans":[{"Node Type":"Append","Parent Relationship":"Outer","Parallel Aware":false,"Async Capable":false,"Startup Cost":20.0,"Total Cost":131491.69,"Plan Rows":879323,"Plan Width":16,"Actual Startup Time":0.506,"Actual Total Time":205.724,"Actual Rows":856801,"Actual Loops":1,"Shared Hit Blocks":0,"Shared Read Blocks":0,"Shared Dirtied Blocks":0,"Shared Written Blocks":0,"Local Hit Blocks":0,"Local Read Blocks":0,"Local Dirtied Blocks":0,"Local Written Blocks":0,"Temp Read Blocks":0,"Temp Written Blocks":0,"I/O Read Time":0.0,"I/O Write Time":0.0,"Temp I/O Read Time":0.0,"Temp I/O Write Time":0.0,"Subplans Removed":0,"Plans":[{"Node Type":"Custom Scan","Parent Relationship":"Member","Custom Plan Provider":"columnar scan","Parallel Aware":false,"Async Capable":false,"Relation Name":"orders","Schema":"public","Alias":"orders","Startup Cost":20.0,"Total Cost":20684.21,"Plan Rows":879322,"Plan Width":16,"Actual Startup Time":0.504,"Actual Total Time":146.138,"Actual Rows":856801,"Actual Loops":1,"Output":["orders.o_c_id","orders.o_w_id","orders.o_d_id","orders.o_id"],"Filter":"((orders.o_entry_d < '1994-01-02 20:10:02.27764'::timestamp without time zone) AND (orders.o_entry_d >= '1993-01-02 20:10:02.27764'::timestamp without time zone))","Rows Removed by Filter":0,"Rows Removed by Columnar Filter":5143199,"Columnar cache search mode":"native","Shared Hit Blocks":0,"Shared Read Blocks":0,"Shared Dirtied Blocks":0,"Shared Written Blocks":0,"Local Hit Blocks":0,"Local Read Blocks":0,"Local Dirtied Blocks":0,"Local Written Blocks":0,"Temp Read Blocks":0,"Temp Written Blocks":0,"I/O Read Time":0.0,"I/O Write Time":0.0,"Temp I/O Read Time":0.0,"Temp I/O Write Time":0.0},{"Node Type":"Seq Scan","Parent Relationship":"Member","Parallel Aware":false,"Async Capable":false,"Relation Name":"orders","Schema":"public","Alias":"orders","Startup Cost":0.0,"Total Cost":4.01,"Plan Rows":1,"Plan Width":16,"Actual Startup Time":0.0,"Actual Total Time":0.0,"Actual Rows":0,"Actual Loops":0,"Output":["orders.o_c_id","orders.o_w_id","orders.o_d_id","orders.o_id"],"Filter":"((orders.o_entry_d < '1994-01-02 20:10:02.27764'::timestamp without time zone) AND (orders.o_entry_d >= '1993-01-02 20:10:02.27764'::timestamp without time zone))","Rows Removed by Filter":0,"Shared Hit Blocks":0,"Shared Read Blocks":0,"Shared Dirtied Blocks":0,"Shared Written Blocks":0,"Local Hit Blocks":0,"Local Read Blocks":0,"Local Dirtied Blocks":0,"Local Written Blocks":0,"Temp Read Blocks":0,"Temp Written Blocks":0,"I/O Read Time":0.0,"I/O Write Time":0.0,"Temp I/O Read Time":0.0,"Temp I/O Write Time":0.0}]}]}]},{"Node Type":"Hash","Parent Relationship":"Inner","Parallel Aware":false,"Async Capable":false,"Startup Cost":519991.4,"Total Cost":519991.4,"Plan Rows":6000140,"Plan Width":12,"Actual Startup Time":2845.36,"Actual Total Time":2845.361,"Actual Rows":6000000,"Actual Loops":1,"Output":["customer.c_id","customer.c_w_id","customer.c_d_id","customer.c_nationkey"],"Hash Buckets":262144,"Original Hash Buckets":262144,"Hash Batches":64,"Original Hash Batches":64,"Peak Memory Usage":6083,"Shared Hit Blocks":459990,"Shared Read Blocks":0,"Shared Dirtied Blocks":0,"Shared Written Blocks":0,"Local Hit Blocks":0,"Local Read Blocks":0,"Local Dirtied Blocks":0,"Local Written Blocks":0,"Temp Read Blocks":0,"Temp Written Blocks":23035,"I/O Read Time":0.0,"I/O Write Time":0.0,"Temp I/O Read Time":0.0,"Temp I/O Write Time":110.396,"Plans":[{"Node Type":"Seq Scan","Parent Relationship":"Outer","Parallel Aware":false,"Async Capable":false,"Relation Name":"customer","Schema":"public","Alias":"customer","Startup Cost":0.0,"Total Cost":519991.4,"Plan Rows":6000140,"Plan Width":12,"Actual Startup Time":0.017,"Actual Total Time":1803.972,"Actual Rows":6000000,"Actual Loops":1,"Output":["customer.c_id","customer.c_w_id","customer.c_d_id","customer.c_nationkey"],"Shared Hit Blocks":459990,"Shared Read Blocks":0,"Shared Dirtied Blocks":0,"Shared Written Blocks":0,"Local Hit Blocks":0,"Local Read Blocks":0,"Local Dirtied Blocks":0,"Local Written Blocks":0,"Temp Read Blocks":0,"Temp Written Blocks":0,"I/O Read Time":0.0,"I/O Write Time":0.0,"Temp I/O Read Time":0.0,"Temp I/O Write Time":0.0}]}]}]}]}]},"Planning":{"Shared Hit Blocks":220,"Shared Read Blocks":0,"Shared Dirtied Blocks":0,"Shared Written Blocks":0,"Local Hit Blocks":0,"Local Read Blocks":0,"Local Dirtied Blocks":0,"Local Written Blocks":0,"Temp Read Blocks":0,"Temp Written Blocks":0,"I/O Read Time":0.0,"I/O Write Time":0.0,"Temp I/O Read Time":0.0,"Temp I/O Write Time":0.0},"Planning Time":5.825,"Triggers":[],"Execution Time":11237.54}]
[列存组合]: customer, nation, order_line, orders, region, stock
[{"Plan":{"Node Type":"Sort","Parallel Aware":false,"Async Capable":false,"Startup Cost":2388894.7,"Total Cost":2388894.85,"Plan Rows":62,"Plan Width":40,"Actual Startup Time":10782.043,"Actual Total Time":10782.086,"Actual Rows":11,"Actual Loops":1,"Output":["nation.n_name","(sum(order_line.ol_amount))"],"Sort Key":["(sum(order_line.ol_amount)) DESC"],"Sort Method":"quicksort","Sort Space Used":25,"Sort Space Type":"Memory","Shared Hit Blocks":219,"Shared Read Blocks":0,"Shared Dirtied Blocks":0,"Shared Written Blocks":0,"Local Hit Blocks":0,"Local Read Blocks":0,"Local Dirtied Blocks":0,"Local Written Blocks":0,"Temp Read Blocks":67001,"Temp Written Blocks":67001,"I/O Read Time":0.0,"I/O Write Time":0.0,"Temp I/O Read Time":106.842,"Temp I/O Write Time":311.316,"Plans":[{"Node Type":"Aggregate","Strategy":"Sorted","Partial Mode":"Simple","Parent Relationship":"Outer","Parallel Aware":false,"Async Capable":false,"Startup Cost":2388741.06,"Total Cost":2388892.85,"Plan Rows":62,"Plan Width":40,"Actual Startup Time":10775.843,"Actual Total Time":10782.067,"Actual Rows":11,"Actual Loops":1,"Output":["nation.n_name","sum(order_line.ol_amount)"],"Group Key":["nation.n_name"],"Shared Hit Blocks":219,"Shared Read Blocks":0,"Shared Dirtied Blocks":0,"Shared Written Blocks":0,"Local Hit Blocks":0,"Local Read Blocks":0,"Local Dirtied Blocks":0,"Local Written Blocks":0,"Temp Read Blocks":67001,"Temp Written Blocks":67001,"I/O Read Time":0.0,"I/O Write Time":0.0,"Temp I/O Read Time":106.842,"Temp I/O Write Time":311.316,"Plans":[{"Node Type":"Sort","Parent Relationship":"Outer","Parallel Aware":false,"Async Capable":false,"Startup Cost":2388741.06,"Total Cost":2388791.4,"Plan Rows":20136,"Plan Width":12,"Actual Startup Time":10775.386,"Actual Total Time":10777.261,"Actual Rows":35044,"Actual Loops":1,"Output":["nation.n_name","order_line.ol_amount"],"Sort Key":["nation.n_name"],"Sort Method":"quicksort","Sort Space Used":3146,"Sort Space Type":"Memory","Shared Hit Blocks":219,"Shared Read Blocks":0,"Shared Dirtied Blocks":0,"Shared Written Blocks":0,"Local Hit Blocks":0,"Local Read Blocks":0,"Local Dirtied Blocks":0,"Local Written Blocks":0,"Temp Read Blocks":67001,"Temp Written Blocks":67001,"I/O Read Time":0.0,"I/O Write Time":0.0,"Temp I/O Read Time":106.842,"Temp I/O Write Time":311.316,"Plans":[{"Node Type":"Hash Join","Parent Relationship":"Outer","Parallel Aware":false,"Async Capable":false,"Join Type":"Inner","Startup Cost":869292.71,"Total Cost":2387301.59,"Plan Rows":20136,"Plan Width":12,"Actual Startup Time":4127.205,"Actual Total Time":10758.277,"Actual Rows":35044,"Actual Loops":1,"Output":["nation.n_name","order_line.ol_amount"],"Hash Cond":"((orders.o_c_id = customer.c_id) AND (orders.o_w_id = customer.c_w_id) AND (orders.o_d_id = customer.c_d_id) AND (supplier.su_nationkey = customer.c_nationkey))","Shared Hit Blocks":219,"Shared Read Blocks":0,"Shared Dirtied Blocks":0,"Shared Written Blocks":0,"Local Hit Blocks":0,"Local Read Blocks":0,"Local Dirtied Blocks":0,"Local Written Blocks":0,"Temp Read Blocks":67001,"Temp Written Blocks":67001,"I/O Read Time":0.0,"I/O Write Time":0.0,"Temp I/O Read Time":106.842,"Temp I/O Write Time":311.316,"Plans":[{"Node Type":"Hash Join","Parent Relationship":"Outer","Parallel Aware":false,"Async Capable":false,"Join Type":"Inner","Startup Cost":210196.42,"Total Cost":1666455.07,"Plan Rows":1242117,"Plan Width":34,"Actual Startup Time":1623.596,"Actual Total Time":6719.397,"Actual Rows":2982388,"Actual Loops":1,"Output":["orders.o_c_id","orders.o_w_id","orders.o_d_id","order_line.ol_amount","order_line.ol_w_id","order_line.ol_d_id","stock.s_w_id","supplier.su_nationkey","nation.n_name","nation.n_nationkey"],"Hash Cond":"((order_line.ol_w_id = orders.o_w_id) AND (order_line.ol_d_id = orders.o_d_id) AND (order_line.ol_o_id = orders.o_id))","Shared Hit Blocks":219,"Shared Read Blocks":0,"Shared Dirtied Blocks":0,"Shared Written Blocks":0,"Local Hit Blocks":0,"Local Read Blocks":0,"Local Dirtied Blocks":0,"Local Written Blocks":0,"Temp Read Blocks":23127,"Temp Written Blocks":23127,"I/O Read Time":0.0,"I/O Write Time":0.0,"Temp I/O Read Time":37.137,"Temp I/O Write Time":107.31,"Plans":[{"Node Type":"Hash Join","Parent Relationship":"Outer","Parallel Aware":false,"Async Capable":false,"Join Type":"Inner","Startup Cost":59022.58,"Total Cost":1311993.18,"Plan Rows":8467814,"Plan Width":34,"Actual Startup Time":1208.508,"Actual Total Time":4715.418,"Actual Rows":3000322,"Actual Loops":1,"Output":["order_line.ol_amount","order_line.ol_o_id","order_line.ol_w_id","order_line.ol_d_id","stock.s_w_id","supplier.su_nationkey","nation.n_name","nation.n_nationkey"],"Hash Cond":"(mod((stock.s_w_id * stock.s_i_id), 10000) = supplier.su_suppkey)","Shared Hit Blocks":219,"Shared Read Blocks":0,"Shared Dirtied Blocks":0,"Shared Written Blocks":0,"Local Hit Blocks":0,"Local Read Blocks":0,"Local Dirtied Blocks":0,"Local Written Blocks":0,"Temp Read Blocks":0,"Temp Written Blocks":0,"I/O Read Time":0.0,"I/O Write Time":0.0,"Temp I/O Read Time":0.0,"Temp I/O Write Time":0.0,"Plans":[{"Node Type":"Hash Join","Parent Relationship":"Outer","Parallel Aware":false,"Async Capable":false,"Join Type":"Inner","Startup Cost":58620.59,"Total Cost":962293.85,"Plan Rows":42339072,"Plan Width":22,"Actual Startup Time":1205.606,"Actual Total Time":3325.338,"Actual Rows":8620885,"Actual Loops":1,"Output":["order_line.ol_amount","order_line.ol_o_id","order_line.ol_w_id","order_line.ol_d_id","stock.s_w_id","stock.s_i_id"],"Hash Cond":"((order_line.ol_w_id = stock.s_w_id) AND (order_line.ol_i_id = stock.s_i_id))","Rows Removed by Bloom Filter":0,"Shared Hit Blocks":0,"Shared Read Blocks":0,"Shared Dirtied Blocks":0,"Shared Written Blocks":0,"Local Hit Blocks":0,"Local Read Blocks":0,"Local Dirtied Blocks":0,"Local Written Blocks":0,"Temp Read Blocks":0,"Temp Written Blocks":0,"I/O Read Time":0.0,"I/O Write Time":0.0,"Temp I/O Read Time":0.0,"Temp I/O Write Time":0.0,"Plans":[{"Node Type":"Append","Parent Relationship":"Outer","Parallel Aware":false,"Async Capable":false,"Startup Cost":20.0,"Total Cost":1072031.01,"Plan Rows":42039468,"Plan Width":20,"Actual Startup Time":249.237,"Actual Total Time":249.246,"Actual Rows":8620885,"Actual Loops":1,"Shared Hit Blocks":0,"Shared Read Blocks":0,"Shared Dirtied Blocks":0,"Shared Written Blocks":0,"Local Hit Blocks":0,"Local Read Blocks":0,"Local Dirtied Blocks":0,"Local Written Blocks":0,"Temp Read Blocks":0,"Temp Written Blocks":0,"I/O Read Time":0.0,"I/O Write Time":0.0,"Temp I/O Read Time":0.0,"Temp I/O Write Time":0.0,"Subplans Removed":0,"Plans":[{"Node Type":"Custom Scan","Parent Relationship":"Member","Custom Plan Provider":"columnar scan","Parallel Aware":false,"Async Capable":false,"Relation Name":"order_line","Schema":"public","Alias":"order_line","Startup Cost":20.0,"Total Cost":1072026.23,"Plan Rows":42039424,"Plan Width":20,"Actual Startup Time":249.235,"Actual Total Time":249.237,"Actual Rows":8620885,"Actual Loops":1,"Output":["order_line.ol_amount","order_line.ol_o_id","order_line.ol_w_id","order_line.ol_d_id","order_line.ol_i_id"],"Filter":"(order_line.ol_delivery_d >= '1992-01-02 20:10:02.27764'::timestamp without time zone)","Rows Removed by Filter":0,"Rows Removed by Columnar Filter":51372876,"Rows Filtered by Bloom Filter":0,"Dictionary Rows Filtered by Bloom Filter":51372876,"Columnar cache search mode":"native","Shared Hit Blocks":0,"Shared Read Blocks":0,"Shared Dirtied Blocks":0,"Shared Written Blocks":0,"Local Hit Blocks":0,"Local Read Blocks":0,"Local Dirtied Blocks":0,"Local Written Blocks":0,"Temp Read Blocks":0,"Temp Written Blocks":0,"I/O Read Time":0.0,"I/O Write Time":0.0,"Temp I/O Read Time":0.0,"Temp I/O Write Time":0.0},{"Node Type":"Seq Scan","Parent Relationship":"Member","Parallel Aware":false,"Async Capable":false,"Relation Name":"order_line","Schema":"public","Alias":"order_line","Startup Cost":0.0,"Total Cost":4.79,"Plan Rows":44,"Plan Width":20,"Actual Startup Time":0.0,"Actual Total Time":0.0,"Actual Rows":0,"Actual Loops":0,"Output":["order_line.ol_amount","order_line.ol_o_id","order_line.ol_w_id","order_line.ol_d_id","order_line.ol_i_id"],"Filter":"(order_line.ol_delivery_d >= '1992-01-02 20:10:02.27764'::timestamp without time zone)","Rows Removed by Filter":0,"Shared Hit Blocks":0,"Shared Read Blocks":0,"Shared Dirtied Blocks":0,"Shared Written Blocks":0,"Local Hit Blocks":0,"Local Read Blocks":0,"Local Dirtied Blocks":0,"Local Written Blocks":0,"Temp Read Blocks":0,"Temp Written Blocks":0,"I/O Read Time":0.0,"I/O Write Time":0.0,"Temp I/O Read Time":0.0,"Temp I/O Write Time":0.0}]},{"Node Type":"Hash","Parent Relationship":"Inner","Parallel Aware":false,"Async Capable":false,"Startup Cost":390026.22,"Total Cost":390026.22,"Plan Rows":20000212,"Plan Width":6,"Actual Rows":20000000,"Actual Loops":1,"Output":["stock.s_w_id","stock.s_i_id"],"Shared Hit Blocks":0,"Shared Read Blocks":0,"Shared Dirtied Blocks":0,"Shared Written Blocks":0,"Local Hit Blocks":0,"Local Read Blocks":0,"Local Dirtied Blocks":0,"Local Written Blocks":0,"Temp Read Blocks":0,"Temp Written Blocks":0,"I/O Read Time":0.0,"I/O Write Time":0.0,"Temp I/O Read Time":0.0,"Temp I/O Write Time":0.0,"Plans":[{"Node Type":"Append","Parent Relationship":"Outer","Parallel Aware":false,"Async Capable":false,"Startup Cost":20.0,"Total Cost":390026.22,"Plan Rows":20000212,"Plan Width":6,"Actual Startup Time":0.43,"Actual Total Time":0.432,"Actual Rows":20000000,"Actual Loops":1,"Shared Hit Blocks":0,"Shared Read Blocks":0,"Shared Dirtied Blocks":0,"Shared Written Blocks":0,"Local Hit Blocks":0,"Local Read Blocks":0,"Local Dirtied Blocks":0,"Local Written Blocks":0,"Temp Read Blocks":0,"Temp Written Blocks":0,"I/O Read Time":0.0,"I/O Write Time":0.0,"Temp I/O Read Time":0.0,"Temp I/O Write Time":0.0,"Subplans Removed":0,"Plans":[{"Node Type":"Custom Scan","Parent Relationship":"Member","Custom Plan Provider":"columnar scan","Parallel Aware":false,"Async Capable":false,"Relation Name":"stock","Schema":"public","Alias":"stock","Startup Cost":20.0,"Total Cost":390020.1,"Plan Rows":20000000,"Plan Width":6,"Actual Startup Time":0.429,"Actual Total Time":0.429,"Actual Rows":20000000,"Actual Loops":1,"Output":["stock.s_w_id","stock.s_i_id"],"Rows Removed by Columnar Filter":0,"Columnar cache search mode":"native","Shared Hit Blocks":0,"Shared Read Blocks":0,"Shared Dirtied Blocks":0,"Shared Written Blocks":0,"Local Hit Blocks":0,"Local Read Blocks":0,"Local Dirtied Blocks":0,"Local Written Blocks":0,"Temp Read Blocks":0,"Temp Written Blocks":0,"I/O Read Time":0.0,"I/O Write Time":0.0,"Temp I/O Read Time":0.0,"Temp I/O Write Time":0.0},{"Node Type":"Seq Scan","Parent Relationship":"Member","Parallel Aware":false,"Async Capable":false,"Relation Name":"stock","Schema":"public","Alias":"stock","Startup Cost":0.0,"Total Cost":6.12,"Plan Rows":212,"Plan Width":6,"Actual Startup Time":0.0,"Actual Total Time":0.0,"Actual Rows":0,"Actual Loops":0,"Output":["stock.s_w_id","stock.s_i_id"],"Shared Hit Blocks":0,"Shared Read Blocks":0,"Shared Dirtied Blocks":0,"Shared Written Blocks":0,"Local Hit Blocks":0,"Local Read Blocks":0,"Local Dirtied Blocks":0,"Local Written Blocks":0,"Temp Read Blocks":0,"Temp Written Blocks":0,"I/O Read Time":0.0,"I/O Write Time":0.0,"Temp I/O Read Time":0.0,"Temp I/O Write Time":0.0}]}]}]},{"Node Type":"Hash","Parent Relationship":"Inner","Parallel Aware":false,"Async Capable":false,"Startup Cost":376.99,"Total Cost":376.99,"Plan Rows":2000,"Plan Width":20,"Actual Startup Time":2.875,"Actual Total Time":2.888,"Actual Rows":3506,"Actual Loops":1,"Output":["supplier.su_suppkey","supplier.su_nationkey","nation.n_name","nation.n_nationkey"],"Hash Buckets":4096,"Original Hash Buckets":2048,"Hash Batches":1,"Original Hash Batches":1,"Peak Memory Usage":217,"Shared Hit Blocks":219,"Shared Read Blocks":0,"Shared Dirtied Blocks":0,"Shared Written Blocks":0,"Local Hit Blocks":0,"Local Read Blocks":0,"Local Dirtied Blocks":0,"Local Written Blocks":0,"Temp Read Blocks":0,"Temp Written Blocks":0,"I/O Read Time":0.0,"I/O Write Time":0.0,"Temp I/O Read Time":0.0,"Temp I/O Write Time":0.0,"Plans":[{"Node Type":"Hash Join","Parent Relationship":"Outer","Parallel Aware":false,"Async Capable":false,"Join Type":"Inner","Startup Cost":3.14,"Total Cost":376.99,"Plan Rows":2000,"Plan Width":20,"Actual Startup Time":0.077,"Actual Total Time":2.315,"Actual Rows":3506,"Actual Loops":1,"Output":["supplier.su_suppkey","supplier.su_nationkey","nation.n_name","nation.n_nationkey"],"Hash Cond":"(supplier.su_nationkey = nation.n_nationkey)","Shared Hit Blocks":219,"Shared Read Blocks":0,"Shared Dirtied Blocks":0,"Shared Written Blocks":0,"Local Hit Blocks":0,"Local Read Blocks":0,"Local Dirtied Blocks":0,"Local Written Blocks":0,"Temp Read Blocks":0,"Temp Written Blocks":0,"I/O Read Time":0.0,"I/O Write Time":0.0,"Temp I/O Read Time":0.0,"Temp I/O Write Time":0.0,"Plans":[{"Node Type":"Seq Scan","Parent Relationship":"Outer","Parallel Aware":false,"Async Capable":false,"Relation Name":"supplier","Schema":"public","Alias":"supplier","Startup Cost":0.0,"Total Cost":317.0,"Plan Rows":10000,"Plan Width":8,"Actual Startup Time":0.018,"Actual Total Time":0.824,"Actual Rows":10000,"Actual Loops":1,"Output":["supplier.su_suppkey","supplier.su_name","supplier.su_address","supplier.su_nationkey","supplier.su_phone","supplier.su_acctbal","supplier.su_comment"],"Shared Hit Blocks":217,"Shared Read Blocks":0,"Shared Dirtied Blocks":0,"Shared Written Blocks":0,"Local Hit Blocks":0,"Local Read Blocks":0,"Local Dirtied Blocks":0,"Local Written Blocks":0,"Temp Read Blocks":0,"Temp Written Blocks":0,"I/O Read Time":0.0,"I/O Write Time":0.0,"Temp I/O Read Time":0.0,"Temp I/O Write Time":0.0},{"Node Type":"Hash","Parent Relationship":"Inner","Parallel Aware":false,"Async Capable":false,"Startup Cost":2.99,"Total Cost":2.99,"Plan Rows":12,"Plan Width":12,"Actual Startup Time":0.048,"Actual Total Time":0.057,"Actual Rows":22,"Actual Loops":1,"Output":["nation.n_name","nation.n_nationkey"],"Hash Buckets":1024,"Original Hash Buckets":1024,"Hash Batches":1,"Original Hash Batches":1,"Peak Memory Usage":9,"Shared Hit Blocks":2,"Shared Read Blocks":0,"Shared Dirtied Blocks":0,"Shared Written Blocks":0,"Local Hit Blocks":0,"Local Read Blocks":0,"Local Dirtied Blocks":0,"Local Written Blocks":0,"Temp Read Blocks":0,"Temp Written Blocks":0,"I/O Read Time":0.0,"I/O Write Time":0.0,"Temp I/O Read Time":0.0,"Temp I/O Write Time":0.0,"Plans":[{"Node Type":"Hash Join","Parent Relationship":"Outer","Parallel Aware":false,"Async Capable":false,"Join Type":"Inner","Startup Cost":1.07,"Total Cost":2.99,"Plan Rows":12,"Plan Width":12,"Actual Startup Time":0.03,"Actual Total Time":0.049,"Actual Rows":22,"Actual Loops":1,"Output":["nation.n_name","nation.n_nationkey"],"Hash Cond":"(nation.n_regionkey = region.r_regionkey)","Shared Hit Blocks":2,"Shared Read Blocks":0,"Shared Dirtied Blocks":0,"Shared Written Blocks":0,"Local Hit Blocks":0,"Local Read Blocks":0,"Local Dirtied Blocks":0,"Local Written Blocks":0,"Temp Read Blocks":0,"Temp Written Blocks":0,"I/O Read Time":0.0,"I/O Write Time":0.0,"Temp I/O Read Time":0.0,"Temp I/O Write Time":0.0,"Plans":[{"Node Type":"Seq Scan","Parent Relationship":"Outer","Parallel Aware":false,"Async Capable":false,"Relation Name":"nation","Schema":"public","Alias":"nation","Startup Cost":0.0,"Total Cost":1.62,"Plan Rows":62,"Plan Width":16,"Actual Startup Time":0.006,"Actual Total Time":0.011,"Actual Rows":62,"Actual Loops":1,"Output":["nation.n_nationkey","nation.n_name","nation.n_regionkey","nation.n_comment"],"Shared Hit Blocks":1,"Shared Read Blocks":0,"Shared Dirtied Blocks":0,"Shared Written Blocks":0,"Local Hit Blocks":0,"Local Read Blocks":0,"Local Dirtied Blocks":0,"Local Written Blocks":0,"Temp Read Blocks":0,"Temp Written Blocks":0,"I/O Read Time":0.0,"I/O Write Time":0.0,"Temp I/O Read Time":0.0,"Temp I/O Write Time":0.0},{"Node Type":"Hash","Parent Relationship":"Inner","Parallel Aware":false,"Async Capable":false,"Startup Cost":1.06,"Total Cost":1.06,"Plan Rows":1,"Plan Width":4,"Actual Startup Time":0.013,"Actual Total Time":0.016,"Actual Rows":1,"Actual Loops":1,"Output":["region.r_regionkey"],"Hash Buckets":1024,"Original Hash Buckets":1024,"Hash Batches":1,"Original Hash Batches":1,"Peak Memory Usage":9,"Shared Hit Blocks":1,"Shared Read Blocks":0,"Shared Dirtied Blocks":0,"Shared Written Blocks":0,"Local Hit Blocks":0,"Local Read Blocks":0,"Local Dirtied Blocks":0,"Local Written Blocks":0,"Temp Read Blocks":0,"Temp Written Blocks":0,"I/O Read Time":0.0,"I/O Write Time":0.0,"Temp I/O Read Time":0.0,"Temp I/O Write Time":0.0,"Plans":[{"Node Type":"Seq Scan","Parent Relationship":"Outer","Parallel Aware":false,"Async Capable":false,"Relation Name":"region","Schema":"public","Alias":"region","Startup Cost":0.0,"Total Cost":1.06,"Plan Rows":1,"Plan Width":4,"Actual Startup Time":0.011,"Actual Total Time":0.011,"Actual Rows":1,"Actual Loops":1,"Output":["region.r_regionkey"],"Filter":"((region.r_name)::text = 'Europe'::text)","Rows Removed by Filter":4,"Shared Hit Blocks":1,"Shared Read Blocks":0,"Shared Dirtied Blocks":0,"Shared Written Blocks":0,"Local Hit Blocks":0,"Local Read Blocks":0,"Local Dirtied Blocks":0,"Local Written Blocks":0,"Temp Read Blocks":0,"Temp Written Blocks":0,"I/O Read Time":0.0,"I/O Write Time":0.0,"Temp I/O Read Time":0.0,"Temp I/O Write Time":0.0}]}]}]}]}]}]},{"Node Type":"Hash","Parent Relationship":"Inner","Parallel Aware":false,"Async Capable":false,"Startup Cost":131491.69,"Total Cost":131491.69,"Plan Rows":879323,"Plan Width":16,"Actual Startup Time":413.776,"Actual Total Time":413.781,"Actual Rows":856801,"Actual Loops":1,"Output":["orders.o_c_id","orders.o_w_id","orders.o_d_id","orders.o_id"],"Hash Buckets":262144,"Original Hash Buckets":262144,"Hash Batches":8,"Original Hash Batches":8,"Peak Memory Usage":7070,"Shared Hit Blocks":0,"Shared Read Blocks":0,"Shared Dirtied Blocks":0,"Shared Written Blocks":0,"Local Hit Blocks":0,"Local Read Blocks":0,"Local Dirtied Blocks":0,"Local Written Blocks":0,"Temp Read Blocks":0,"Temp Written Blocks":3290,"I/O Read Time":0.0,"I/O Write Time":0.0,"Temp I/O Read Time":0.0,"Temp I/O Write Time":14.593,"Plans":[{"Node Type":"Append","Parent Relationship":"Outer","Parallel Aware":false,"Async Capable":false,"Startup Cost":20.0,"Total Cost":131491.69,"Plan Rows":879323,"Plan Width":16,"Actual Startup Time":0.525,"Actual Total Time":209.002,"Actual Rows":856801,"Actual Loops":1,"Shared Hit Blocks":0,"Shared Read Blocks":0,"Shared Dirtied Blocks":0,"Shared Written Blocks":0,"Local Hit Blocks":0,"Local Read Blocks":0,"Local Dirtied Blocks":0,"Local Written Blocks":0,"Temp Read Blocks":0,"Temp Written Blocks":0,"I/O Read Time":0.0,"I/O Write Time":0.0,"Temp I/O Read Time":0.0,"Temp I/O Write Time":0.0,"Subplans Removed":0,"Plans":[{"Node Type":"Custom Scan","Parent Relationship":"Member","Custom Plan Provider":"columnar scan","Parallel Aware":false,"Async Capable":false,"Relation Name":"orders","Schema":"public","Alias":"orders","Startup Cost":20.0,"Total Cost":20684.21,"Plan Rows":879322,"Plan Width":16,"Actual Startup Time":0.523,"Actual Total Time":147.013,"Actual Rows":856801,"Actual Loops":1,"Output":["orders.o_c_id","orders.o_w_id","orders.o_d_id","orders.o_id"],"Filter":"((orders.o_entry_d < '1994-01-02 20:10:02.27764'::timestamp without time zone) AND (orders.o_entry_d >= '1993-01-02 20:10:02.27764'::timestamp without time zone))","Rows Removed by Filter":0,"Rows Removed by Columnar Filter":5143199,"Columnar cache search mode":"native","Shared Hit Blocks":0,"Shared Read Blocks":0,"Shared Dirtied Blocks":0,"Shared Written Blocks":0,"Local Hit Blocks":0,"Local Read Blocks":0,"Local Dirtied Blocks":0,"Local Written Blocks":0,"Temp Read Blocks":0,"Temp Written Blocks":0,"I/O Read Time":0.0,"I/O Write Time":0.0,"Temp I/O Read Time":0.0,"Temp I/O Write Time":0.0},{"Node Type":"Seq Scan","Parent Relationship":"Member","Parallel Aware":false,"Async Capable":false,"Relation Name":"orders","Schema":"public","Alias":"orders","Startup Cost":0.0,"Total Cost":4.01,"Plan Rows":1,"Plan Width":16,"Actual Startup Time":0.0,"Actual Total Time":0.0,"Actual Rows":0,"Actual Loops":0,"Output":["orders.o_c_id","orders.o_w_id","orders.o_d_id","orders.o_id"],"Filter":"((orders.o_entry_d < '1994-01-02 20:10:02.27764'::timestamp without time zone) AND (orders.o_entry_d >= '1993-01-02 20:10:02.27764'::timestamp without time zone))","Rows Removed by Filter":0,"Shared Hit Blocks":0,"Shared Read Blocks":0,"Shared Dirtied Blocks":0,"Shared Written Blocks":0,"Local Hit Blocks":0,"Local Read Blocks":0,"Local Dirtied Blocks":0,"Local Written Blocks":0,"Temp Read Blocks":0,"Temp Written Blocks":0,"I/O Read Time":0.0,"I/O Write Time":0.0,"Temp I/O Read Time":0.0,"Temp I/O Write Time":0.0}]}]}]},{"Node Type":"Hash","Parent Relationship":"Inner","Parallel Aware":false,"Async Capable":false,"Startup Cost":509795.49,"Total Cost":509795.49,"Plan Rows":6000140,"Plan Width":12,"Actual Startup Time":2411.127,"Actual Total Time":2411.13,"Actual Rows":6000000,"Actual Loops":1,"Output":["customer.c_id","customer.c_w_id","customer.c_d_id","customer.c_nationkey"],"Hash Buckets":262144,"Original Hash Buckets":262144,"Hash Batches":64,"Original Hash Batches":64,"Peak Memory Usage":6083,"Shared Hit Blocks":0,"Shared Read Blocks":0,"Shared Dirtied Blocks":0,"Shared Written Blocks":0,"Local Hit Blocks":0,"Local Read Blocks":0,"Local Dirtied Blocks":0,"Local Written Blocks":0,"Temp Read Blocks":0,"Temp Written Blocks":23035,"I/O Read Time":0.0,"I/O Write Time":0.0,"Temp I/O Read Time":0.0,"Temp I/O Write Time":105.348,"Plans":[{"Node Type":"Append","Parent Relationship":"Outer","Parallel Aware":false,"Async Capable":false,"Startup Cost":20.0,"Total Cost":509795.49,"Plan Rows":6000140,"Plan Width":12,"Actual Startup Time":0.023,"Actual Total Time":1347.82,"Actual Rows":6000000,"Actual Loops":1,"Shared Hit Blocks":0,"Shared Read Blocks":0,"Shared Dirtied Blocks":0,"Shared Written Blocks":0,"Local Hit Blocks":0,"Local Read Blocks":0,"Local Dirtied Blocks":0,"Local Written Blocks":0,"Temp Read Blocks":0,"Temp Written Blocks":0,"I/O Read Time":0.0,"I/O Write Time":0.0,"Temp I/O Read Time":0.0,"Temp I/O Write Time":0.0,"Subplans Removed":0,"Plans":[{"Node Type":"Custom Scan","Parent Relationship":"Member","Custom Plan Provider":"columnar scan","Parallel Aware":false,"Async Capable":false,"Relation Name":"customer","Schema":"public","Alias":"customer","Startup Cost":20.0,"Total Cost":141020.06,"Plan Rows":6000000,"Plan Width":12,"Actual Startup Time":0.022,"Actual Total Time":898.501,"Actual Rows":6000000,"Actual Loops":1,"Output":["customer.c_id","customer.c_w_id","customer.c_d_id","customer.c_nationkey"],"Rows Removed by Columnar Filter":0,"Columnar cache search mode":"native","Shared Hit Blocks":0,"Shared Read Blocks":0,"Shared Dirtied Blocks":0,"Shared Written Blocks":0,"Local Hit Blocks":0,"Local Read Blocks":0,"Local Dirtied Blocks":0,"Local Written Blocks":0,"Temp Read Blocks":0,"Temp Written Blocks":0,"I/O Read Time":0.0,"I/O Write Time":0.0,"Temp I/O Read Time":0.0,"Temp I/O Write Time":0.0},{"Node Type":"Seq Scan","Parent Relationship":"Member","Parallel Aware":false,"Async Capable":false,"Relation Name":"customer","Schema":"public","Alias":"customer","Startup Cost":0.0,"Total Cost":5.4,"Plan Rows":140,"Plan Width":12,"Actual Startup Time":0.0,"Actual Total Time":0.0,"Actual Rows":0,"Actual Loops":0,"Output":["customer.c_id","customer.c_w_id","customer.c_d_id","customer.c_nationkey"],"Shared Hit Blocks":0,"Shared Read Blocks":0,"Shared Dirtied Blocks":0,"Shared Written Blocks":0,"Local Hit Blocks":0,"Local Read Blocks":0,"Local Dirtied Blocks":0,"Local Written Blocks":0,"Temp Read Blocks":0,"Temp Written Blocks":0,"I/O Read Time":0.0,"I/O Write Time":0.0,"Temp I/O Read Time":0.0,"Temp I/O Write Time":0.0}]}]}]}]}]}]},"Planning":{"Shared Hit Blocks":220,"Shared Read Blocks":0,"Shared Dirtied Blocks":0,"Shared Written Blocks":0,"Local Hit Blocks":0,"Local Read Blocks":0,"Local Dirtied Blocks":0,"Local Written Blocks":0,"Temp Read Blocks":0,"Temp Written Blocks":0,"I/O Read Time":0.0,"I/O Write Time":0.0,"Temp I/O Read Time":0.0,"Temp I/O Write Time":0.0},"Planning Time":6.502,"Triggers":[],"Execution Time":10783.031}]
[列存组合]: customer, nation, order_line, orders, region, supplier
[{"Plan":{"Node Type":"Sort","Parallel Aware":false,"Async Capable":false,"Startup Cost":4045380.14,"Total Cost":4045380.3,"Plan Rows":62,"Plan Width":40,"Actual Startup Time":20690.042,"Actual Total Time":20690.08,"Actual Rows":11,"Actual Loops":1,"Output":["nation.n_name","(sum(order_line.ol_amount))"],"Sort Key":["(sum(order_line.ol_amount)) DESC"],"Sort Method":"quicksort","Sort Space Used":25,"Sort Space Type":"Memory","Shared Hit Blocks":54675,"Shared Read Blocks":0,"Shared Dirtied Blocks":0,"Shared Written Blocks":0,"Local Hit Blocks":0,"Local Read Blocks":0,"Local Dirtied Blocks":0,"Local Written Blocks":0,"Temp Read Blocks":131755,"Temp Written Blocks":131809,"I/O Read Time":0.0,"I/O Write Time":0.0,"Temp I/O Read Time":210.977,"Temp I/O Write Time":552.561,"Plans":[{"Node Type":"Aggregate","Strategy":"Sorted","Partial Mode":"Simple","Parent Relationship":"Outer","Parallel Aware":false,"Async Capable":false,"Startup Cost":4045226.5,"Total Cost":4045378.3,"Plan Rows":62,"Plan Width":40,"Actual Startup Time":20684.021,"Actual Total Time":20690.063,"Actual Rows":11,"Actual Loops":1,"Output":["nation.n_name","sum(order_line.ol_amount)"],"Group Key":["nation.n_name"],"Shared Hit Blocks":54675,"Shared Read Blocks":0,"Shared Dirtied Blocks":0,"Shared Written Blocks":0,"Local Hit Blocks":0,"Local Read Blocks":0,"Local Dirtied Blocks":0,"Local Written Blocks":0,"Temp Read Blocks":131755,"Temp Written Blocks":131809,"I/O Read Time":0.0,"I/O Write Time":0.0,"Temp I/O Read Time":210.977,"Temp I/O Write Time":552.561,"Plans":[{"Node Type":"Sort","Parent Relationship":"Outer","Parallel Aware":false,"Async Capable":false,"Startup Cost":4045226.5,"Total Cost":4045276.84,"Plan Rows":20136,"Plan Width":12,"Actual Startup Time":20683.576,"Actual Total Time":20685.505,"Actual Rows":35044,"Actual Loops":1,"Output":["nation.n_name","order_line.ol_amount"],"Sort Key":["nation.n_name"],"Sort Method":"quicksort","Sort Space Used":3146,"Sort Space Type":"Memory","Shared Hit Blocks":54675,"Shared Read Blocks":0,"Shared Dirtied Blocks":0,"Shared Written Blocks":0,"Local Hit Blocks":0,"Local Read Blocks":0,"Local Dirtied Blocks":0,"Local Written Blocks":0,"Temp Read Blocks":131755,"Temp Written Blocks":131809,"I/O Read Time":0.0,"I/O Write Time":0.0,"Temp I/O Read Time":210.977,"Temp I/O Write Time":552.561,"Plans":[{"Node Type":"Hash Join","Parent Relationship":"Outer","Parallel Aware":false,"Async Capable":false,"Join Type":"Inner","Startup Cost":3395919.05,"Total Cost":4043787.03,"Plan Rows":20136,"Plan Width":12,"Actual Startup Time":16771.534,"Actual Total Time":20664.45,"Actual Rows":35044,"Actual Loops":1,"Output":["nation.n_name","order_line.ol_amount"],"Inner Unique":true,"Hash Cond":"((mod((stock.s_w_id * stock.s_i_id), 10000) = supplier.su_suppkey) AND (customer.c_nationkey = supplier.su_nationkey))","Shared Hit Blocks":54675,"Shared Read Blocks":0,"Shared Dirtied Blocks":0,"Shared Written Blocks":0,"Local Hit Blocks":0,"Local Read Blocks":0,"Local Dirtied Blocks":0,"Local Written Blocks":0,"Temp Read Blocks":131755,"Temp Written Blocks":131809,"I/O Read Time":0.0,"I/O Write Time":0.0,"Temp I/O Read Time":210.977,"Temp I/O Write Time":552.561,"Plans":[{"Node Type":"Merge Join","Parent Relationship":"Outer","Parallel Aware":false,"Async Capable":false,"Join Type":"Inner","Startup Cost":3395550.03,"Total Cost":4036583.03,"Plan Rows":1242717,"Plan Width":26,"Actual Startup Time":16767.846,"Actual Total Time":20373.627,"Actual Rows":2218175,"Actual Loops":1,"Output":["customer.c_nationkey","order_line.ol_amount","stock.s_w_id","stock.s_i_id","nation.n_name","nation.n_nationkey"],"Inner Unique":true,"Merge Cond":"((customer.c_w_id = stock.s_w_id) AND (order_line.ol_i_id = stock.s_i_id))","Shared Hit Blocks":54675,"Shared Read Blocks":0,"Shared Dirtied Blocks":0,"Shared Written Blocks":0,"Local Hit Blocks":0,"Local Read Blocks":0,"Local Dirtied Blocks":0,"Local Written Blocks":0,"Temp Read Blocks":131755,"Temp Written Blocks":131809,"I/O Read Time":0.0,"I/O Write Time":0.0,"Temp I/O Read Time":210.977,"Temp I/O Write Time":552.561,"Plans":[{"Node Type":"Sort","Parent Relationship":"Outer","Parallel Aware":false,"Async Capable":false,"Startup Cost":3395549.59,"Total Cost":3398630.13,"Plan Rows":1232214,"Plan Width":30,"Actual Startup Time":16767.783,"Actual Total Time":17364.585,"Actual Rows":2218175,"Actual Loops":1,"Output":["customer.c_w_id","customer.c_nationkey","orders.o_w_id","order_line.ol_amount","order_line.ol_w_id","order_line.ol_i_id","nation.n_name","nation.n_nationkey"],"Sort Key":["customer.c_w_id","order_line.ol_i_id"],"Sort Method":"external merge","Sort Space Used":94520,"Sort Space Type":"Disk","Shared Hit Blocks":2,"Shared Read Blocks":0,"Shared Dirtied Blocks":0,"Shared Written Blocks":0,"Local Hit Blocks":0,"Local Read Blocks":0,"Local Dirtied Blocks":0,"Local Written Blocks":0,"Temp Read Blocks":131755,"Temp Written Blocks":131809,"I/O Read Time":0.0,"I/O Write Time":0.0,"Temp I/O Read Time":210.977,"Temp I/O Write Time":552.561,"Plans":[{"Node Type":"Hash Join","Parent Relationship":"Outer","Parallel Aware":false,"Async Capable":false,"Join Type":"Inner","Startup Cost":795292.92,"Total Cost":3211925.76,"Plan Rows":1232214,"Plan Width":30,"Actual Startup Time":2746.698,"Actual Total Time":14124.544,"Actual Rows":2218175,"Actual Loops":1,"Output":["customer.c_w_id","customer.c_nationkey","orders.o_w_id","order_line.ol_amount","order_line.ol_w_id","order_line.ol_i_id","nation.n_name","nation.n_nationkey"],"Inner Unique":false,"Hash Cond":"(customer.c_nationkey = nation.n_nationkey)","Shared Hit Blocks":2,"Shared Read Blocks":0,"Shared Dirtied Blocks":0,"Shared Written Blocks":0,"Local Hit Blocks":0,"Local Read Blocks":0,"Local Dirtied Blocks":0,"Local Written Blocks":0,"Temp Read Blocks":108135,"Temp Written Blocks":108135,"I/O Read Time":0.0,"I/O Write Time":0.0,"Temp I/O Read Time":174.5,"Temp I/O Write Time":488.605,"Plans":[{"Node Type":"Hash Join","Parent Relationship":"Outer","Parallel Aware":false,"Async Capable":false,"Join Type":"Inner","Startup Cost":795289.78,"Total Cost":3176893.95,"Plan Rows":6161071,"Plan Width":18,"Actual Startup Time":2740.037,"Actual Total Time":13291.982,"Actual Rows":8568663,"Actual Loops":1,"Output":["customer.c_w_id","customer.c_nationkey","orders.o_w_id","order_line.ol_amount","order_line.ol_w_id","order_line.ol_i_id"],"Inner Unique":true,"Hash Cond":"((orders.o_c_id = customer.c_id) AND (orders.o_w_id = customer.c_w_id) AND (orders.o_d_id = customer.c_d_id))","Shared Hit Blocks":0,"Shared Read Blocks":0,"Shared Dirtied Blocks":0,"Shared Written Blocks":0,"Local Hit Blocks":0,"Local Read Blocks":0,"Local Dirtied Blocks":0,"Local Written Blocks":0,"Temp Read Blocks":108135,"Temp Written Blocks":108135,"I/O Read Time":0.0,"I/O Write Time":0.0,"Temp I/O Read Time":174.5,"Temp I/O Write Time":488.605,"Plans":[{"Node Type":"Hash Join","Parent Relationship":"Outer","Parallel Aware":false,"Async Capable":false,"Join Type":"Inner","Startup Cost":151193.84,"Total Cost":2382779.57,"Plan Rows":6161071,"Plan Width":20,"Actual Startup Time":415.466,"Actual Total Time":6676.206,"Actual Rows":8568663,"Actual Loops":1,"Output":["orders.o_c_id","orders.o_w_id","orders.o_d_id","order_line.ol_amount","order_line.ol_w_id","order_line.ol_d_id","order_line.ol_i_id"],"Inner Unique":true,"Hash Cond":"((order_line.ol_w_id = orders.o_w_id) AND (order_line.ol_d_id = orders.o_d_id) AND (order_line.ol_o_id = orders.o_id))","Shared Hit Blocks":0,"Shared Read Blocks":0,"Shared Dirtied Blocks":0,"Shared Written Blocks":0,"Local Hit Blocks":0,"Local Read Blocks":0,"Local Dirtied Blocks":0,"Local Written Blocks":0,"Temp Read Blocks":43816,"Temp Written Blocks":43816,"I/O Read Time":0.0,"I/O Write Time":0.0,"Temp I/O Read Time":71.265,"Temp I/O Write Time":191.14,"Plans":[{"Node Type":"Append","Parent Relationship":"Outer","Parallel Aware":false,"Async Capable":false,"Startup Cost":20.0,"Total Cost":1403598.82,"Plan Rows":42039468,"Plan Width":20,"Actual Startup Time":1.375,"Actual Total Time":2574.271,"Actual Rows":8620885,"Actual Loops":1,"Shared Hit Blocks":0,"Shared Read Blocks":0,"Shared Dirtied Blocks":0,"Shared Written Blocks":0,"Local Hit Blocks":0,"Local Read Blocks":0,"Local Dirtied Blocks":0,"Local Written Blocks":0,"Temp Read Blocks":0,"Temp Written Blocks":0,"I/O Read Time":0.0,"I/O Write Time":0.0,"Temp I/O Read Time":0.0,"Temp I/O Write Time":0.0,"Subplans Removed":0,"Plans":[{"Node Type":"Custom Scan","Parent Relationship":"Member","Custom Plan Provider":"columnar scan","Parallel Aware":false,"Async Capable":false,"Relation Name":"order_line","Schema":"public","Alias":"order_line","Startup Cost":20.0,"Total Cost":1072026.23,"Plan Rows":42039424,"Plan Width":20,"Actual Startup Time":1.374,"Actual Total Time":1975.022,"Actual Rows":8620885,"Actual Loops":1,"Output":["order_line.ol_amount","order_line.ol_o_id","order_line.ol_w_id","order_line.ol_d_id","order_line.ol_i_id"],"Filter":"(order_line.ol_delivery_d >= '1992-01-02 20:10:02.27764'::timestamp without time zone)","Rows Removed by Filter":0,"Rows Removed by Columnar Filter":51372876,"Rows Filtered by Bloom Filter":0,"Dictionary Rows Filtered by Bloom Filter":51372876,"Columnar cache search mode":"native","Shared Hit Blocks":0,"Shared Read Blocks":0,"Shared Dirtied Blocks":0,"Shared Written Blocks":0,"Local Hit Blocks":0,"Local Read Blocks":0,"Local Dirtied Blocks":0,"Local Written Blocks":0,"Temp Read Blocks":0,"Temp Written Blocks":0,"I/O Read Time":0.0,"I/O Write Time":0.0,"Temp I/O Read Time":0.0,"Temp I/O Write Time":0.0},{"Node Type":"Seq Scan","Parent Relationship":"Member","Parallel Aware":false,"Async Capable":false,"Relation Name":"order_line","Schema":"public","Alias":"order_line","Startup Cost":0.0,"Total Cost":4.79,"Plan Rows":44,"Plan Width":20,"Actual Startup Time":0.0,"Actual Total Time":0.0,"Actual Rows":0,"Actual Loops":0,"Output":["order_line.ol_amount","order_line.ol_o_id","order_line.ol_w_id","order_line.ol_d_id","order_line.ol_i_id"],"Filter":"(order_line.ol_delivery_d >= '1992-01-02 20:10:02.27764'::timestamp without time zone)","Rows Removed by Filter":0,"Shared Hit Blocks":0,"Shared Read Blocks":0,"Shared Dirtied Blocks":0,"Shared Written Blocks":0,"Local Hit Blocks":0,"Local Read Blocks":0,"Local Dirtied Blocks":0,"Local Written Blocks":0,"Temp Read Blocks":0,"Temp Written Blocks":0,"I/O Read Time":0.0,"I/O Write Time":0.0,"Temp I/O Read Time":0.0,"Temp I/O Write Time":0.0}]},{"Node Type":"Hash","Parent Relationship":"Inner","Parallel Aware":false,"Async Capable":false,"Startup Cost":131491.69,"Total Cost":131491.69,"Plan Rows":879323,"Plan Width":16,"Actual Startup Time":412.823,"Actual Total Time":412.83,"Actual Rows":856801,"Actual Loops":1,"Output":["orders.o_c_id","orders.o_w_id","orders.o_d_id","orders.o_id"],"Hash Buckets":262144,"Original Hash Buckets":262144,"Hash Batches":8,"Original Hash Batches":8,"Peak Memory Usage":7070,"Shared Hit Blocks":0,"Shared Read Blocks":0,"Shared Dirtied Blocks":0,"Shared Written Blocks":0,"Local Hit Blocks":0,"Local Read Blocks":0,"Local Dirtied Blocks":0,"Local Written Blocks":0,"Temp Read Blocks":0,"Temp Written Blocks":3290,"I/O Read Time":0.0,"I/O Write Time":0.0,"Temp I/O Read Time":0.0,"Temp I/O Write Time":14.383,"Plans":[{"Node Type":"Append","Parent Relationship":"Outer","Parallel Aware":false,"Async Capable":false,"Startup Cost":20.0,"Total Cost":131491.69,"Plan Rows":879323,"Plan Width":16,"Actual Startup Time":0.49,"Actual Total Time":209.155,"Actual Rows":856801,"Actual Loops":1,"Shared Hit Blocks":0,"Shared Read Blocks":0,"Shared Dirtied Blocks":0,"Shared Written Blocks":0,"Local Hit Blocks":0,"Local Read Blocks":0,"Local Dirtied Blocks":0,"Local Written Blocks":0,"Temp Read Blocks":0,"Temp Written Blocks":0,"I/O Read Time":0.0,"I/O Write Time":0.0,"Temp I/O Read Time":0.0,"Temp I/O Write Time":0.0,"Subplans Removed":0,"Plans":[{"Node Type":"Custom Scan","Parent Relationship":"Member","Custom Plan Provider":"columnar scan","Parallel Aware":false,"Async Capable":false,"Relation Name":"orders","Schema":"public","Alias":"orders","Startup Cost":20.0,"Total Cost":20684.21,"Plan Rows":879322,"Plan Width":16,"Actual Startup Time":0.49,"Actual Total Time":146.483,"Actual Rows":856801,"Actual Loops":1,"Output":["orders.o_c_id","orders.o_w_id","orders.o_d_id","orders.o_id"],"Filter":"((orders.o_entry_d < '1994-01-02 20:10:02.27764'::timestamp without time zone) AND (orders.o_entry_d >= '1993-01-02 20:10:02.27764'::timestamp without time zone))","Rows Removed by Filter":0,"Rows Removed by Columnar Filter":5143199,"Columnar cache search mode":"native","Shared Hit Blocks":0,"Shared Read Blocks":0,"Shared Dirtied Blocks":0,"Shared Written Blocks":0,"Local Hit Blocks":0,"Local Read Blocks":0,"Local Dirtied Blocks":0,"Local Written Blocks":0,"Temp Read Blocks":0,"Temp Written Blocks":0,"I/O Read Time":0.0,"I/O Write Time":0.0,"Temp I/O Read Time":0.0,"Temp I/O Write Time":0.0},{"Node Type":"Seq Scan","Parent Relationship":"Member","Parallel Aware":false,"Async Capable":false,"Relation Name":"orders","Schema":"public","Alias":"orders","Startup Cost":0.0,"Total Cost":4.01,"Plan Rows":1,"Plan Width":16,"Actual Startup Time":0.0,"Actual Total Time":0.0,"Actual Rows":0,"Actual Loops":0,"Output":["orders.o_c_id","orders.o_w_id","orders.o_d_id","orders.o_id"],"Filter":"((orders.o_entry_d < '1994-01-02 20:10:02.27764'::timestamp without time zone) AND (orders.o_entry_d >= '1993-01-02 20:10:02.27764'::timestamp without time zone))","Rows Removed by Filter":0,"Shared Hit Blocks":0,"Shared Read Blocks":0,"Shared Dirtied Blocks":0,"Shared Written Blocks":0,"Local Hit Blocks":0,"Local Read Blocks":0,"Local Dirtied Blocks":0,"Local Written Blocks":0,"Temp Read Blocks":0,"Temp Written Blocks":0,"I/O Read Time":0.0,"I/O Write Time":0.0,"Temp I/O Read Time":0.0,"Temp I/O Write Time":0.0}]}]}]},{"Node Type":"Hash","Parent Relationship":"Inner","Parallel Aware":false,"Async Capable":false,"Startup Cost":509795.49,"Total Cost":509795.49,"Plan Rows":6000140,"Plan Width":12,"Actual Startup Time":2318.473,"Actual Total Time":2318.479,"Actual Rows":6000000,"Actual Loops":1,"Output":["customer.c_id","customer.c_w_id","customer.c_d_id","customer.c_nationkey"],"Hash Buckets":262144,"Original Hash Buckets":262144,"Hash Batches":64,"Original Hash Batches":64,"Peak Memory Usage":6073,"Shared Hit Blocks":0,"Shared Read Blocks":0,"Shared Dirtied Blocks":0,"Shared Written Blocks":0,"Local Hit Blocks":0,"Local Read Blocks":0,"Local Dirtied Blocks":0,"Local Written Blocks":0,"Temp Read Blocks":0,"Temp Written Blocks":23037,"I/O Read Time":0.0,"I/O Write Time":0.0,"Temp I/O Read Time":0.0,"Temp I/O Write Time":102.355,"Plans":[{"Node Type":"Append","Parent Relationship":"Outer","Parallel Aware":false,"Async Capable":false,"Startup Cost":20.0,"Total Cost":509795.49,"Plan Rows":6000140,"Plan Width":12,"Actual Startup Time":0.013,"Actual Total Time":1311.374,"Actual Rows":6000000,"Actual Loops":1,"Shared Hit Blocks":0,"Shared Read Blocks":0,"Shared Dirtied Blocks":0,"Shared Written Blocks":0,"Local Hit Blocks":0,"Local Read Blocks":0,"Local Dirtied Blocks":0,"Local Written Blocks":0,"Temp Read Blocks":0,"Temp Written Blocks":0,"I/O Read Time":0.0,"I/O Write Time":0.0,"Temp I/O Read Time":0.0,"Temp I/O Write Time":0.0,"Subplans Removed":0,"Plans":[{"Node Type":"Custom Scan","Parent Relationship":"Member","Custom Plan Provider":"columnar scan","Parallel Aware":false,"Async Capable":false,"Relation Name":"customer","Schema":"public","Alias":"customer","Startup Cost":20.0,"Total Cost":141020.06,"Plan Rows":6000000,"Plan Width":12,"Actual Startup Time":0.013,"Actual Total Time":895.14,"Actual Rows":6000000,"Actual Loops":1,"Output":["customer.c_id","customer.c_w_id","customer.c_d_id","customer.c_nationkey"],"Rows Removed by Columnar Filter":0,"Columnar cache search mode":"native","Shared Hit Blocks":0,"Shared Read Blocks":0,"Shared Dirtied Blocks":0,"Shared Written Blocks":0,"Local Hit Blocks":0,"Local Read Blocks":0,"Local Dirtied Blocks":0,"Local Written Blocks":0,"Temp Read Blocks":0,"Temp Written Blocks":0,"I/O Read Time":0.0,"I/O Write Time":0.0,"Temp I/O Read Time":0.0,"Temp I/O Write Time":0.0},{"Node Type":"Seq Scan","Parent Relationship":"Member","Parallel Aware":false,"Async Capable":false,"Relation Name":"customer","Schema":"public","Alias":"customer","Startup Cost":0.0,"Total Cost":5.4,"Plan Rows":140,"Plan Width":12,"Actual Startup Time":0.0,"Actual Total Time":0.0,"Actual Rows":0,"Actual Loops":0,"Output":["customer.c_id","customer.c_w_id","customer.c_d_id","customer.c_nationkey"],"Shared Hit Blocks":0,"Shared Read Blocks":0,"Shared Dirtied Blocks":0,"Shared Written Blocks":0,"Local Hit Blocks":0,"Local Read Blocks":0,"Local Dirtied Blocks":0,"Local Written Blocks":0,"Temp Read Blocks":0,"Temp Written Blocks":0,"I/O Read Time":0.0,"I/O Write Time":0.0,"Temp I/O Read Time":0.0,"Temp I/O Write Time":0.0}]}]}]},{"Node Type":"Hash","Parent Relationship":"Inner","Parallel Aware":false,"Async Capable":false,"Startup Cost":2.99,"Total Cost":2.99,"Plan Rows":12,"Plan Width":12,"Actual Startup Time":0.043,"Actual Total Time":0.049,"Actual Rows":22,"Actual Loops":1,"Output":["nation.n_name","nation.n_nationkey"],"Hash Buckets":1024,"Original Hash Buckets":1024,"Hash Batches":1,"Original Hash Batches":1,"Peak Memory Usage":9,"Shared Hit Blocks":2,"Shared Read Blocks":0,"Shared Dirtied Blocks":0,"Shared Written Blocks":0,"Local Hit Blocks":0,"Local Read Blocks":0,"Local Dirtied Blocks":0,"Local Written Blocks":0,"Temp Read Blocks":0,"Temp Written Blocks":0,"I/O Read Time":0.0,"I/O Write Time":0.0,"Temp I/O Read Time":0.0,"Temp I/O Write Time":0.0,"Plans":[{"Node Type":"Hash Join","Parent Relationship":"Outer","Parallel Aware":false,"Async Capable":false,"Join Type":"Inner","Startup Cost":1.07,"Total Cost":2.99,"Plan Rows":12,"Plan Width":12,"Actual Startup Time":0.026,"Actual Total Time":0.043,"Actual Rows":22,"Actual Loops":1,"Output":["nation.n_name","nation.n_nationkey"],"Inner Unique":true,"Hash Cond":"(nation.n_regionkey = region.r_regionkey)","Shared Hit Blocks":2,"Shared Read Blocks":0,"Shared Dirtied Blocks":0,"Shared Written Blocks":0,"Local Hit Blocks":0,"Local Read Blocks":0,"Local Dirtied Blocks":0,"Local Written Blocks":0,"Temp Read Blocks":0,"Temp Written Blocks":0,"I/O Read Time":0.0,"I/O Write Time":0.0,"Temp I/O Read Time":0.0,"Temp I/O Write Time":0.0,"Plans":[{"Node Type":"Seq Scan","Parent Relationship":"Outer","Parallel Aware":false,"Async Capable":false,"Relation Name":"nation","Schema":"public","Alias":"nation","Startup Cost":0.0,"Total Cost":1.62,"Plan Rows":62,"Plan Width":16,"Actual Startup Time":0.007,"Actual Total Time":0.013,"Actual Rows":62,"Actual Loops":1,"Output":["nation.n_nationkey","nation.n_name","nation.n_regionkey","nation.n_comment"],"Shared Hit Blocks":1,"Shared Read Blocks":0,"Shared Dirtied Blocks":0,"Shared Written Blocks":0,"Local Hit Blocks":0,"Local Read Blocks":0,"Local Dirtied Blocks":0,"Local Written Blocks":0,"Temp Read Blocks":0,"Temp Written Blocks":0,"I/O Read Time":0.0,"I/O Write Time":0.0,"Temp I/O Read Time":0.0,"Temp I/O Write Time":0.0},{"Node Type":"Hash","Parent Relationship":"Inner","Parallel Aware":false,"Async Capable":false,"Startup Cost":1.06,"Total Cost":1.06,"Plan Rows":1,"Plan Width":4,"Actual Startup Time":0.009,"Actual Total Time":0.011,"Actual Rows":1,"Actual Loops":1,"Output":["region.r_regionkey"],"Hash Buckets":1024,"Original Hash Buckets":1024,"Hash Batches":1,"Original Hash Batches":1,"Peak Memory Usage":9,"Shared Hit Blocks":1,"Shared Read Blocks":0,"Shared Dirtied Blocks":0,"Shared Written Blocks":0,"Local Hit Blocks":0,"Local Read Blocks":0,"Local Dirtied Blocks":0,"Local Written Blocks":0,"Temp Read Blocks":0,"Temp Written Blocks":0,"I/O Read Time":0.0,"I/O Write Time":0.0,"Temp I/O Read Time":0.0,"Temp I/O Write Time":0.0,"Plans":[{"Node Type":"Seq Scan","Parent Relationship":"Outer","Parallel Aware":false,"Async Capable":false,"Relation Name":"region","Schema":"public","Alias":"region","Startup Cost":0.0,"Total Cost":1.06,"Plan Rows":1,"Plan Width":4,"Actual Startup Time":0.007,"Actual Total Time":0.008,"Actual Rows":1,"Actual Loops":1,"Output":["region.r_regionkey"],"Filter":"((region.r_name)::text = 'Europe'::text)","Rows Removed by Filter":4,"Shared Hit Blocks":1,"Shared Read Blocks":0,"Shared Dirtied Blocks":0,"Shared Written Blocks":0,"Local Hit Blocks":0,"Local Read Blocks":0,"Local Dirtied Blocks":0,"Local Written Blocks":0,"Temp Read Blocks":0,"Temp Written Blocks":0,"I/O Read Time":0.0,"I/O Write Time":0.0,"Temp I/O Read Time":0.0,"Temp I/O Write Time":0.0}]}]}]}]}]},{"Node Type":"Index Only Scan","Parent Relationship":"Inner","Parallel Aware":false,"Async Capable":false,"Scan Direction":"Forward","Index Name":"stock_pk","Relation Name":"stock","Schema":"public","Alias":"stock","Startup Cost":0.44,"Total Cost":519363.62,"Plan Rows":20000212,"Plan Width":6,"Actual Startup Time":0.047,"Actual Total Time":1398.642,"Actual Rows":19999994,"Actual Loops":1,"Output":["stock.s_w_id","stock.s_i_id"],"Heap Fetches":0,"Shared Hit Blocks":54673,"Shared Read Blocks":0,"Shared Dirtied Blocks":0,"Shared Written Blocks":0,"Local Hit Blocks":0,"Local Read Blocks":0,"Local Dirtied Blocks":0,"Local Written Blocks":0,"Temp Read Blocks":0,"Temp Written Blocks":0,"I/O Read Time":0.0,"I/O Write Time":0.0,"Temp I/O Read Time":0.0,"Temp I/O Write Time":0.0}]},{"Node Type":"Hash","Parent Relationship":"Inner","Parallel Aware":false,"Async Capable":false,"Startup Cost":219.01,"Total Cost":219.01,"Plan Rows":10001,"Plan Width":8,"Actual Startup Time":3.251,"Actual Total Time":3.253,"Actual Rows":10000,"Actual Loops":1,"Output":["supplier.su_suppkey","supplier.su_nationkey"],"Hash Buckets":16384,"Original Hash Buckets":16384,"Hash Batches":1,"Original Hash Batches":1,"Peak Memory Usage":519,"Shared Hit Blocks":0,"Shared Read Blocks":0,"Shared Dirtied Blocks":0,"Shared Written Blocks":0,"Local Hit Blocks":0,"Local Read Blocks":0,"Local Dirtied Blocks":0,"Local Written Blocks":0,"Temp Read Blocks":0,"Temp Written Blocks":0,"I/O Read Time":0.0,"I/O Write Time":0.0,"Temp I/O Read Time":0.0,"Temp I/O Write Time":0.0,"Plans":[{"Node Type":"Append","Parent Relationship":"Outer","Parallel Aware":false,"Async Capable":false,"Startup Cost":20.0,"Total Cost":219.01,"Plan Rows":10001,"Plan Width":8,"Actual Startup Time":0.013,"Actual Total Time":1.952,"Actual Rows":10000,"Actual Loops":1,"Shared Hit Blocks":0,"Shared Read Blocks":0,"Shared Dirtied Blocks":0,"Shared Written Blocks":0,"Local Hit Blocks":0,"Local Read Blocks":0,"Local Dirtied Blocks":0,"Local Written Blocks":0,"Temp Read Blocks":0,"Temp Written Blocks":0,"I/O Read Time":0.0,"I/O Write Time":0.0,"Temp I/O Read Time":0.0,"Temp I/O Write Time":0.0,"Subplans Removed":0,"Plans":[{"Node Type":"Custom Scan","Parent Relationship":"Member","Custom Plan Provider":"columnar scan","Parallel Aware":false,"Async Capable":false,"Relation Name":"supplier","Schema":"public","Alias":"supplier","Startup Cost":20.0,"Total Cost":215.0,"Plan Rows":10000,"Plan Width":8,"Actual Startup Time":0.012,"Actual Total Time":1.243,"Actual Rows":10000,"Actual Loops":1,"Output":["supplier.su_suppkey","supplier.su_nationkey"],"Rows Removed by Columnar Filter":0,"Columnar cache search mode":"native","Shared Hit Blocks":0,"Shared Read Blocks":0,"Shared Dirtied Blocks":0,"Shared Written Blocks":0,"Local Hit Blocks":0,"Local Read Blocks":0,"Local Dirtied Blocks":0,"Local Written Blocks":0,"Temp Read Blocks":0,"Temp Written Blocks":0,"I/O Read Time":0.0,"I/O Write Time":0.0,"Temp I/O Read Time":0.0,"Temp I/O Write Time":0.0},{"Node Type":"Seq Scan","Parent Relationship":"Member","Parallel Aware":false,"Async Capable":false,"Relation Name":"supplier","Schema":"public","Alias":"supplier","Startup Cost":0.0,"Total Cost":4.01,"Plan Rows":1,"Plan Width":8,"Actual Startup Time":0.0,"Actual Total Time":0.0,"Actual Rows":0,"Actual Loops":0,"Output":["supplier.su_suppkey","supplier.su_nationkey"],"Shared Hit Blocks":0,"Shared Read Blocks":0,"Shared Dirtied Blocks":0,"Shared Written Blocks":0,"Local Hit Blocks":0,"Local Read Blocks":0,"Local Dirtied Blocks":0,"Local Written Blocks":0,"Temp Read Blocks":0,"Temp Written Blocks":0,"I/O Read Time":0.0,"I/O Write Time":0.0,"Temp I/O Read Time":0.0,"Temp I/O Write Time":0.0}]}]}]}]}]}]},"Planning":{"Shared Hit Blocks":220,"Shared Read Blocks":0,"Shared Dirtied Blocks":0,"Shared Written Blocks":0,"Local Hit Blocks":0,"Local Read Blocks":0,"Local Dirtied Blocks":0,"Local Written Blocks":0,"Temp Read Blocks":0,"Temp Written Blocks":0,"I/O Read Time":0.0,"I/O Write Time":0.0,"Temp I/O Read Time":0.0,"Temp I/O Write Time":0.0},"Planning Time":5.665,"Triggers":[],"Execution Time":20706.208}]
[列存组合]: customer, nation, order_line, orders, stock, supplier
[{"Plan":{"Node Type":"Sort","Parallel Aware":false,"Async Capable":false,"Startup Cost":2388711.57,"Total Cost":2388711.73,"Plan Rows":62,"Plan Width":40,"Actual Startup Time":11448.349,"Actual Total Time":11448.398,"Actual Rows":11,"Actual Loops":1,"Output":["nation.n_name","(sum(order_line.ol_amount))"],"Sort Key":["(sum(order_line.ol_amount)) DESC"],"Sort Method":"quicksort","Sort Space Used":25,"Sort Space Type":"Memory","Shared Hit Blocks":1,"Shared Read Blocks":0,"Shared Dirtied Blocks":0,"Shared Written Blocks":0,"Local Hit Blocks":0,"Local Read Blocks":0,"Local Dirtied Blocks":0,"Local Written Blocks":0,"Temp Read Blocks":67001,"Temp Written Blocks":67001,"I/O Read Time":0.0,"I/O Write Time":0.0,"Temp I/O Read Time":107.595,"Temp I/O Write Time":309.186,"Plans":[{"Node Type":"Aggregate","Strategy":"Sorted","Partial Mode":"Simple","Parent Relationship":"Outer","Parallel Aware":false,"Async Capable":false,"Startup Cost":2388557.93,"Total Cost":2388709.73,"Plan Rows":62,"Plan Width":40,"Actual Startup Time":11442.153,"Actual Total Time":11448.38,"Actual Rows":11,"Actual Loops":1,"Output":["nation.n_name","sum(order_line.ol_amount)"],"Group Key":["nation.n_name"],"Shared Hit Blocks":1,"Shared Read Blocks":0,"Shared Dirtied Blocks":0,"Shared Written Blocks":0,"Local Hit Blocks":0,"Local Read Blocks":0,"Local Dirtied Blocks":0,"Local Written Blocks":0,"Temp Read Blocks":67001,"Temp Written Blocks":67001,"I/O Read Time":0.0,"I/O Write Time":0.0,"Temp I/O Read Time":107.595,"Temp I/O Write Time":309.186,"Plans":[{"Node Type":"Sort","Parent Relationship":"Outer","Parallel Aware":false,"Async Capable":false,"Startup Cost":2388557.93,"Total Cost":2388608.27,"Plan Rows":20136,"Plan Width":12,"Actual Startup Time":11441.707,"Actual Total Time":11443.592,"Actual Rows":35044,"Actual Loops":1,"Output":["nation.n_name","order_line.ol_amount"],"Sort Key":["nation.n_name"],"Sort Method":"quicksort","Sort Space Used":3146,"Sort Space Type":"Memory","Shared Hit Blocks":1,"Shared Read Blocks":0,"Shared Dirtied Blocks":0,"Shared Written Blocks":0,"Local Hit Blocks":0,"Local Read Blocks":0,"Local Dirtied Blocks":0,"Local Written Blocks":0,"Temp Read Blocks":67001,"Temp Written Blocks":67001,"I/O Read Time":0.0,"I/O Write Time":0.0,"Temp I/O Read Time":107.595,"Temp I/O Write Time":309.186,"Plans":[{"Node Type":"Hash Join","Parent Relationship":"Outer","Parallel Aware":false,"Async Capable":false,"Join Type":"Inner","Startup Cost":869109.59,"Total Cost":2387118.46,"Plan Rows":20136,"Plan Width":12,"Actual Startup Time":4695.909,"Actual Total Time":11424.636,"Actual Rows":35044,"Actual Loops":1,"Output":["nation.n_name","order_line.ol_amount"],"Hash Cond":"((orders.o_c_id = customer.c_id) AND (orders.o_w_id = customer.c_w_id) AND (orders.o_d_id = customer.c_d_id) AND (supplier.su_nationkey = customer.c_nationkey))","Shared Hit Blocks":1,"Shared Read Blocks":0,"Shared Dirtied Blocks":0,"Shared Written Blocks":0,"Local Hit Blocks":0,"Local Read Blocks":0,"Local Dirtied Blocks":0,"Local Written Blocks":0,"Temp Read Blocks":67001,"Temp Written Blocks":67001,"I/O Read Time":0.0,"I/O Write Time":0.0,"Temp I/O Read Time":107.595,"Temp I/O Write Time":309.186,"Plans":[{"Node Type":"Hash Join","Parent Relationship":"Outer","Parallel Aware":false,"Async Capable":false,"Join Type":"Inner","Startup Cost":210013.3,"Total Cost":1666271.94,"Plan Rows":1242117,"Plan Width":34,"Actual Startup Time":2189.604,"Actual Total Time":7409.473,"Actual Rows":2982388,"Actual Loops":1,"Output":["orders.o_c_id","orders.o_w_id","orders.o_d_id","order_line.ol_amount","order_line.ol_w_id","order_line.ol_d_id","stock.s_w_id","supplier.su_nationkey","nation.n_name","nation.n_nationkey"],"Hash Cond":"((order_line.ol_w_id = orders.o_w_id) AND (order_line.ol_d_id = orders.o_d_id) AND (order_line.ol_o_id = orders.o_id))","Shared Hit Blocks":1,"Shared Read Blocks":0,"Shared Dirtied Blocks":0,"Shared Written Blocks":0,"Local Hit Blocks":0,"Local Read Blocks":0,"Local Dirtied Blocks":0,"Local Written Blocks":0,"Temp Read Blocks":23127,"Temp Written Blocks":23127,"I/O Read Time":0.0,"I/O Write Time":0.0,"Temp I/O Read Time":37.674,"Temp I/O Write Time":107.19,"Plans":[{"Node Type":"Hash Join","Parent Relationship":"Outer","Parallel Aware":false,"Async Capable":false,"Join Type":"Inner","Startup Cost":58839.46,"Total Cost":1311810.06,"Plan Rows":8467814,"Plan Width":34,"Actual Startup Time":1781.265,"Actual Total Time":5408.723,"Actual Rows":3000322,"Actual Loops":1,"Output":["order_line.ol_amount","order_line.ol_o_id","order_line.ol_w_id","order_line.ol_d_id","stock.s_w_id","supplier.su_nationkey","nation.n_name","nation.n_nationkey"],"Hash Cond":"(mod((stock.s_w_id * stock.s_i_id), 10000) = supplier.su_suppkey)","Shared Hit Blocks":1,"Shared Read Blocks":0,"Shared Dirtied Blocks":0,"Shared Written Blocks":0,"Local Hit Blocks":0,"Local Read Blocks":0,"Local Dirtied Blocks":0,"Local Written Blocks":0,"Temp Read Blocks":0,"Temp Written Blocks":0,"I/O Read Time":0.0,"I/O Write Time":0.0,"Temp I/O Read Time":0.0,"Temp I/O Write Time":0.0,"Plans":[{"Node Type":"Hash Join","Parent Relationship":"Outer","Parallel Aware":false,"Async Capable":false,"Join Type":"Inner","Startup Cost":58620.59,"Total Cost":962293.85,"Plan Rows":42339072,"Plan Width":22,"Actual Startup Time":1776.963,"Actual Total Time":3996.874,"Actual Rows":8620885,"Actual Loops":1,"Output":["order_line.ol_amount","order_line.ol_o_id","order_line.ol_w_id","order_line.ol_d_id","stock.s_w_id","stock.s_i_id"],"Hash Cond":"((order_line.ol_w_id = stock.s_w_id) AND (order_line.ol_i_id = stock.s_i_id))","Rows Removed by Bloom Filter":0,"Shared Hit Blocks":0,"Shared Read Blocks":0,"Shared Dirtied Blocks":0,"Shared Written Blocks":0,"Local Hit Blocks":0,"Local Read Blocks":0,"Local Dirtied Blocks":0,"Local Written Blocks":0,"Temp Read Blocks":0,"Temp Written Blocks":0,"I/O Read Time":0.0,"I/O Write Time":0.0,"Temp I/O Read Time":0.0,"Temp I/O Write Time":0.0,"Plans":[{"Node Type":"Append","Parent Relationship":"Outer","Parallel Aware":false,"Async Capable":false,"Startup Cost":20.0,"Total Cost":1072031.01,"Plan Rows":42039468,"Plan Width":20,"Actual Startup Time":247.538,"Actual Total Time":247.55,"Actual Rows":8620885,"Actual Loops":1,"Shared Hit Blocks":0,"Shared Read Blocks":0,"Shared Dirtied Blocks":0,"Shared Written Blocks":0,"Local Hit Blocks":0,"Local Read Blocks":0,"Local Dirtied Blocks":0,"Local Written Blocks":0,"Temp Read Blocks":0,"Temp Written Blocks":0,"I/O Read Time":0.0,"I/O Write Time":0.0,"Temp I/O Read Time":0.0,"Temp I/O Write Time":0.0,"Subplans Removed":0,"Plans":[{"Node Type":"Custom Scan","Parent Relationship":"Member","Custom Plan Provider":"columnar scan","Parallel Aware":false,"Async Capable":false,"Relation Name":"order_line","Schema":"public","Alias":"order_line","Startup Cost":20.0,"Total Cost":1072026.23,"Plan Rows":42039424,"Plan Width":20,"Actual Startup Time":247.535,"Actual Total Time":247.537,"Actual Rows":8620885,"Actual Loops":1,"Output":["order_line.ol_amount","order_line.ol_o_id","order_line.ol_w_id","order_line.ol_d_id","order_line.ol_i_id"],"Filter":"(order_line.ol_delivery_d >= '1992-01-02 20:10:02.27764'::timestamp without time zone)","Rows Removed by Filter":0,"Rows Removed by Columnar Filter":51372876,"Rows Filtered by Bloom Filter":0,"Dictionary Rows Filtered by Bloom Filter":51372876,"Columnar cache search mode":"native","Shared Hit Blocks":0,"Shared Read Blocks":0,"Shared Dirtied Blocks":0,"Shared Written Blocks":0,"Local Hit Blocks":0,"Local Read Blocks":0,"Local Dirtied Blocks":0,"Local Written Blocks":0,"Temp Read Blocks":0,"Temp Written Blocks":0,"I/O Read Time":0.0,"I/O Write Time":0.0,"Temp I/O Read Time":0.0,"Temp I/O Write Time":0.0},{"Node Type":"Seq Scan","Parent Relationship":"Member","Parallel Aware":false,"Async Capable":false,"Relation Name":"order_line","Schema":"public","Alias":"order_line","Startup Cost":0.0,"Total Cost":4.79,"Plan Rows":44,"Plan Width":20,"Actual Startup Time":0.0,"Actual Total Time":0.0,"Actual Rows":0,"Actual Loops":0,"Output":["order_line.ol_amount","order_line.ol_o_id","order_line.ol_w_id","order_line.ol_d_id","order_line.ol_i_id"],"Filter":"(order_line.ol_delivery_d >= '1992-01-02 20:10:02.27764'::timestamp without time zone)","Rows Removed by Filter":0,"Shared Hit Blocks":0,"Shared Read Blocks":0,"Shared Dirtied Blocks":0,"Shared Written Blocks":0,"Local Hit Blocks":0,"Local Read Blocks":0,"Local Dirtied Blocks":0,"Local Written Blocks":0,"Temp Read Blocks":0,"Temp Written Blocks":0,"I/O Read Time":0.0,"I/O Write Time":0.0,"Temp I/O Read Time":0.0,"Temp I/O Write Time":0.0}]},{"Node Type":"Hash","Parent Relationship":"Inner","Parallel Aware":false,"Async Capable":false,"Startup Cost":390026.22,"Total Cost":390026.22,"Plan Rows":20000212,"Plan Width":6,"Actual Rows":20000000,"Actual Loops":1,"Output":["stock.s_w_id","stock.s_i_id"],"Shared Hit Blocks":0,"Shared Read Blocks":0,"Shared Dirtied Blocks":0,"Shared Written Blocks":0,"Local Hit Blocks":0,"Local Read Blocks":0,"Local Dirtied Blocks":0,"Local Written Blocks":0,"Temp Read Blocks":0,"Temp Written Blocks":0,"I/O Read Time":0.0,"I/O Write Time":0.0,"Temp I/O Read Time":0.0,"Temp I/O Write Time":0.0,"Plans":[{"Node Type":"Append","Parent Relationship":"Outer","Parallel Aware":false,"Async Capable":false,"Startup Cost":20.0,"Total Cost":390026.22,"Plan Rows":20000212,"Plan Width":6,"Actual Startup Time":0.439,"Actual Total Time":0.44,"Actual Rows":20000000,"Actual Loops":1,"Shared Hit Blocks":0,"Shared Read Blocks":0,"Shared Dirtied Blocks":0,"Shared Written Blocks":0,"Local Hit Blocks":0,"Local Read Blocks":0,"Local Dirtied Blocks":0,"Local Written Blocks":0,"Temp Read Blocks":0,"Temp Written Blocks":0,"I/O Read Time":0.0,"I/O Write Time":0.0,"Temp I/O Read Time":0.0,"Temp I/O Write Time":0.0,"Subplans Removed":0,"Plans":[{"Node Type":"Custom Scan","Parent Relationship":"Member","Custom Plan Provider":"columnar scan","Parallel Aware":false,"Async Capable":false,"Relation Name":"stock","Schema":"public","Alias":"stock","Startup Cost":20.0,"Total Cost":390020.1,"Plan Rows":20000000,"Plan Width":6,"Actual Startup Time":0.438,"Actual Total Time":0.438,"Actual Rows":20000000,"Actual Loops":1,"Output":["stock.s_w_id","stock.s_i_id"],"Rows Removed by Columnar Filter":0,"Columnar cache search mode":"native","Shared Hit Blocks":0,"Shared Read Blocks":0,"Shared Dirtied Blocks":0,"Shared Written Blocks":0,"Local Hit Blocks":0,"Local Read Blocks":0,"Local Dirtied Blocks":0,"Local Written Blocks":0,"Temp Read Blocks":0,"Temp Written Blocks":0,"I/O Read Time":0.0,"I/O Write Time":0.0,"Temp I/O Read Time":0.0,"Temp I/O Write Time":0.0},{"Node Type":"Seq Scan","Parent Relationship":"Member","Parallel Aware":false,"Async Capable":false,"Relation Name":"stock","Schema":"public","Alias":"stock","Startup Cost":0.0,"Total Cost":6.12,"Plan Rows":212,"Plan Width":6,"Actual Startup Time":0.0,"Actual Total Time":0.0,"Actual Rows":0,"Actual Loops":0,"Output":["stock.s_w_id","stock.s_i_id"],"Shared Hit Blocks":0,"Shared Read Blocks":0,"Shared Dirtied Blocks":0,"Shared Written Blocks":0,"Local Hit Blocks":0,"Local Read Blocks":0,"Local Dirtied Blocks":0,"Local Written Blocks":0,"Temp Read Blocks":0,"Temp Written Blocks":0,"I/O Read Time":0.0,"I/O Write Time":0.0,"Temp I/O Read Time":0.0,"Temp I/O Write Time":0.0}]}]}]},{"Node Type":"Hash","Parent Relationship":"Inner","Parallel Aware":false,"Async Capable":false,"Startup Cost":193.87,"Total Cost":193.87,"Plan Rows":2000,"Plan Width":20,"Actual Startup Time":4.237,"Actual Total Time":4.252,"Actual Rows":3506,"Actual Loops":1,"Output":["supplier.su_suppkey","supplier.su_nationkey","nation.n_name","nation.n_nationkey"],"Hash Buckets":4096,"Original Hash Buckets":2048,"Hash Batches":1,"Original Hash Batches":1,"Peak Memory Usage":217,"Shared Hit Blocks":1,"Shared Read Blocks":0,"Shared Dirtied Blocks":0,"Shared Written Blocks":0,"Local Hit Blocks":0,"Local Read Blocks":0,"Local Dirtied Blocks":0,"Local Written Blocks":0,"Temp Read Blocks":0,"Temp Written Blocks":0,"I/O Read Time":0.0,"I/O Write Time":0.0,"Temp I/O Read Time":0.0,"Temp I/O Write Time":0.0,"Plans":[{"Node Type":"Hash Join","Parent Relationship":"Outer","Parallel Aware":false,"Async Capable":false,"Join Type":"Inner","Startup Cost":25.24,"Total Cost":193.87,"Plan Rows":2000,"Plan Width":20,"Actual Startup Time":1.992,"Actual Total Time":3.68,"Actual Rows":3506,"Actual Loops":1,"Output":["supplier.su_suppkey","supplier.su_nationkey","nation.n_name","nation.n_nationkey"],"Hash Cond":"(nation.n_regionkey = region.r_regionkey)","Shared Hit Blocks":1,"Shared Read Blocks":0,"Shared Dirtied Blocks":0,"Shared Written Blocks":0,"Local Hit Blocks":0,"Local Read Blocks":0,"Local Dirtied Blocks":0,"Local Written Blocks":0,"Temp Read Blocks":0,"Temp Written Blocks":0,"I/O Read Time":0.0,"I/O Write Time":0.0,"Temp I/O Read Time":0.0,"Temp I/O Write Time":0.0,"Plans":[{"Node Type":"Hash Join","Parent Relationship":"Outer","Parallel Aware":false,"Async Capable":false,"Join Type":"Inner","Startup Cost":24.16,"Total Cost":144.29,"Plan Rows":10000,"Plan Width":24,"Actual Startup Time":1.958,"Actual Total Time":2.613,"Actual Rows":10000,"Actual Loops":1,"Output":["supplier.su_suppkey","supplier.su_nationkey","nation.n_name","nation.n_nationkey","nation.n_regionkey"],"Hash Cond":"(supplier.su_nationkey = nation.n_nationkey)","Rows Removed by Bloom Filter":0,"Shared Hit Blocks":0,"Shared Read Blocks":0,"Shared Dirtied Blocks":0,"Shared Written Blocks":0,"Local Hit Blocks":0,"Local Read Blocks":0,"Local Dirtied Blocks":0,"Local Written Blocks":0,"Temp Read Blocks":0,"Temp Written Blocks":0,"I/O Read Time":0.0,"I/O Write Time":0.0,"Temp I/O Read Time":0.0,"Temp I/O Write Time":0.0,"Plans":[{"Node Type":"Append","Parent Relationship":"Outer","Parallel Aware":false,"Async Capable":false,"Startup Cost":20.0,"Total Cost":219.01,"Plan Rows":10001,"Plan Width":8,"Actual Startup Time":0.008,"Actual Total Time":0.011,"Actual Rows":10000,"Actual Loops":1,"Shared Hit Blocks":0,"Shared Read Blocks":0,"Shared Dirtied Blocks":0,"Shared Written Blocks":0,"Local Hit Blocks":0,"Local Read Blocks":0,"Local Dirtied Blocks":0,"Local Written Blocks":0,"Temp Read Blocks":0,"Temp Written Blocks":0,"I/O Read Time":0.0,"I/O Write Time":0.0,"Temp I/O Read Time":0.0,"Temp I/O Write Time":0.0,"Subplans Removed":0,"Plans":[{"Node Type":"Custom Scan","Parent Relationship":"Member","Custom Plan Provider":"columnar scan","Parallel Aware":false,"Async Capable":false,"Relation Name":"supplier","Schema":"public","Alias":"supplier","Startup Cost":20.0,"Total Cost":215.0,"Plan Rows":10000,"Plan Width":8,"Actual Startup Time":0.008,"Actual Total Time":0.009,"Actual Rows":10000,"Actual Loops":1,"Output":["supplier.su_suppkey","supplier.su_nationkey"],"Rows Removed by Columnar Filter":0,"Columnar cache search mode":"native","Shared Hit Blocks":0,"Shared Read Blocks":0,"Shared Dirtied Blocks":0,"Shared Written Blocks":0,"Local Hit Blocks":0,"Local Read Blocks":0,"Local Dirtied Blocks":0,"Local Written Blocks":0,"Temp Read Blocks":0,"Temp Written Blocks":0,"I/O Read Time":0.0,"I/O Write Time":0.0,"Temp I/O Read Time":0.0,"Temp I/O Write Time":0.0},{"Node Type":"Seq Scan","Parent Relationship":"Member","Parallel Aware":false,"Async Capable":false,"Relation Name":"supplier","Schema":"public","Alias":"supplier","Startup Cost":0.0,"Total Cost":4.01,"Plan Rows":1,"Plan Width":8,"Actual Startup Time":0.0,"Actual Total Time":0.0,"Actual Rows":0,"Actual Loops":0,"Output":["supplier.su_suppkey","supplier.su_nationkey"],"Shared Hit Blocks":0,"Shared Read Blocks":0,"Shared Dirtied Blocks":0,"Shared Written Blocks":0,"Local Hit Blocks":0,"Local Read Blocks":0,"Local Dirtied Blocks":0,"Local Written Blocks":0,"Temp Read Blocks":0,"Temp Written Blocks":0,"I/O Read Time":0.0,"I/O Write Time":0.0,"Temp I/O Read Time":0.0,"Temp I/O Write Time":0.0}]},{"Node Type":"Hash","Parent Relationship":"Inner","Parallel Aware":false,"Async Capable":false,"Startup Cost":25.34,"Total Cost":25.34,"Plan Rows":63,"Plan Width":16,"Actual Rows":62,"Actual Loops":1,"Output":["nation.n_name","nation.n_nationkey","nation.n_regionkey"],"Shared Hit Blocks":0,"Shared Read Blocks":0,"Shared Dirtied Blocks":0,"Shared Written Blocks":0,"Local Hit Blocks":0,"Local Read Blocks":0,"Local Dirtied Blocks":0,"Local Written Blocks":0,"Temp Read Blocks":0,"Temp Written Blocks":0,"I/O Read Time":0.0,"I/O Write Time":0.0,"Temp I/O Read Time":0.0,"Temp I/O Write Time":0.0,"Plans":[{"Node Type":"Append","Parent Relationship":"Outer","Parallel Aware":false,"Async Capable":false,"Startup Cost":20.0,"Total Cost":25.34,"Plan Rows":63,"Plan Width":16,"Actual Startup Time":0.012,"Actual Total Time":0.015,"Actual Rows":62,"Actual Loops":1,"Shared Hit Blocks":0,"Shared Read Blocks":0,"Shared Dirtied Blocks":0,"Shared Written Blocks":0,"Local Hit Blocks":0,"Local Read Blocks":0,"Local Dirtied Blocks":0,"Local Written Blocks":0,"Temp Read Blocks":0,"Temp Written Blocks":0,"I/O Read Time":0.0,"I/O Write Time":0.0,"Temp I/O Read Time":0.0,"Temp I/O Write Time":0.0,"Subplans Removed":0,"Plans":[{"Node Type":"Custom Scan","Parent Relationship":"Member","Custom Plan Provider":"columnar scan","Parallel Aware":false,"Async Capable":false,"Relation Name":"nation","Schema":"public","Alias":"nation","Startup Cost":20.0,"Total Cost":21.33,"Plan Rows":62,"Plan Width":16,"Actual Startup Time":0.011,"Actual Total Time":0.011,"Actual Rows":62,"Actual Loops":1,"Output":["nation.n_name","nation.n_nationkey","nation.n_regionkey"],"Rows Removed by Columnar Filter":0,"Columnar cache search mode":"native","Shared Hit Blocks":0,"Shared Read Blocks":0,"Shared Dirtied Blocks":0,"Shared Written Blocks":0,"Local Hit Blocks":0,"Local Read Blocks":0,"Local Dirtied Blocks":0,"Local Written Blocks":0,"Temp Read Blocks":0,"Temp Written Blocks":0,"I/O Read Time":0.0,"I/O Write Time":0.0,"Temp I/O Read Time":0.0,"Temp I/O Write Time":0.0},{"Node Type":"Seq Scan","Parent Relationship":"Member","Parallel Aware":false,"Async Capable":false,"Relation Name":"nation","Schema":"public","Alias":"nation","Startup Cost":0.0,"Total Cost":4.01,"Plan Rows":1,"Plan Width":16,"Actual Startup Time":0.0,"Actual Total Time":0.0,"Actual Rows":0,"Actual Loops":0,"Output":["nation.n_name","nation.n_nationkey","nation.n_regionkey"],"Shared Hit Blocks":0,"Shared Read Blocks":0,"Shared Dirtied Blocks":0,"Shared Written Blocks":0,"Local Hit Blocks":0,"Local Read Blocks":0,"Local Dirtied Blocks":0,"Local Written Blocks":0,"Temp Read Blocks":0,"Temp Written Blocks":0,"I/O Read Time":0.0,"I/O Write Time":0.0,"Temp I/O Read Time":0.0,"Temp I/O Write Time":0.0}]}]}]},{"Node Type":"Hash","Parent Relationship":"Inner","Parallel Aware":false,"Async Capable":false,"Startup Cost":1.06,"Total Cost":1.06,"Plan Rows":1,"Plan Width":4,"Actual Startup Time":0.021,"Actual Total Time":0.024,"Actual Rows":1,"Actual Loops":1,"Output":["region.r_regionkey"],"Hash Buckets":1024,"Original Hash Buckets":1024,"Hash Batches":1,"Original Hash Batches":1,"Peak Memory Usage":9,"Shared Hit Blocks":1,"Shared Read Blocks":0,"Shared Dirtied Blocks":0,"Shared Written Blocks":0,"Local Hit Blocks":0,"Local Read Blocks":0,"Local Dirtied Blocks":0,"Local Written Blocks":0,"Temp Read Blocks":0,"Temp Written Blocks":0,"I/O Read Time":0.0,"I/O Write Time":0.0,"Temp I/O Read Time":0.0,"Temp I/O Write Time":0.0,"Plans":[{"Node Type":"Seq Scan","Parent Relationship":"Outer","Parallel Aware":false,"Async Capable":false,"Relation Name":"region","Schema":"public","Alias":"region","Startup Cost":0.0,"Total Cost":1.06,"Plan Rows":1,"Plan Width":4,"Actual Startup Time":0.019,"Actual Total Time":0.02,"Actual Rows":1,"Actual Loops":1,"Output":["region.r_regionkey"],"Filter":"((region.r_name)::text = 'Europe'::text)","Rows Removed by Filter":4,"Shared Hit Blocks":1,"Shared Read Blocks":0,"Shared Dirtied Blocks":0,"Shared Written Blocks":0,"Local Hit Blocks":0,"Local Read Blocks":0,"Local Dirtied Blocks":0,"Local Written Blocks":0,"Temp Read Blocks":0,"Temp Written Blocks":0,"I/O Read Time":0.0,"I/O Write Time":0.0,"Temp I/O Read Time":0.0,"Temp I/O Write Time":0.0}]}]}]}]},{"Node Type":"Hash","Parent Relationship":"Inner","Parallel Aware":false,"Async Capable":false,"Startup Cost":131491.69,"Total Cost":131491.69,"Plan Rows":879323,"Plan Width":16,"Actual Startup Time":406.888,"Actual Total Time":406.892,"Actual Rows":856801,"Actual Loops":1,"Output":["orders.o_c_id","orders.o_w_id","orders.o_d_id","orders.o_id"],"Hash Buckets":262144,"Original Hash Buckets":262144,"Hash Batches":8,"Original Hash Batches":8,"Peak Memory Usage":7070,"Shared Hit Blocks":0,"Shared Read Blocks":0,"Shared Dirtied Blocks":0,"Shared Written Blocks":0,"Local Hit Blocks":0,"Local Read Blocks":0,"Local Dirtied Blocks":0,"Local Written Blocks":0,"Temp Read Blocks":0,"Temp Written Blocks":3290,"I/O Read Time":0.0,"I/O Write Time":0.0,"Temp I/O Read Time":0.0,"Temp I/O Write Time":14.199,"Plans":[{"Node Type":"Append","Parent Relationship":"Outer","Parallel Aware":false,"Async Capable":false,"Startup Cost":20.0,"Total Cost":131491.69,"Plan Rows":879323,"Plan Width":16,"Actual Startup Time":0.518,"Actual Total Time":205.957,"Actual Rows":856801,"Actual Loops":1,"Shared Hit Blocks":0,"Shared Read Blocks":0,"Shared Dirtied Blocks":0,"Shared Written Blocks":0,"Local Hit Blocks":0,"Local Read Blocks":0,"Local Dirtied Blocks":0,"Local Written Blocks":0,"Temp Read Blocks":0,"Temp Written Blocks":0,"I/O Read Time":0.0,"I/O Write Time":0.0,"Temp I/O Read Time":0.0,"Temp I/O Write Time":0.0,"Subplans Removed":0,"Plans":[{"Node Type":"Custom Scan","Parent Relationship":"Member","Custom Plan Provider":"columnar scan","Parallel Aware":false,"Async Capable":false,"Relation Name":"orders","Schema":"public","Alias":"orders","Startup Cost":20.0,"Total Cost":20684.21,"Plan Rows":879322,"Plan Width":16,"Actual Startup Time":0.516,"Actual Total Time":145.571,"Actual Rows":856801,"Actual Loops":1,"Output":["orders.o_c_id","orders.o_w_id","orders.o_d_id","orders.o_id"],"Filter":"((orders.o_entry_d < '1994-01-02 20:10:02.27764'::timestamp without time zone) AND (orders.o_entry_d >= '1993-01-02 20:10:02.27764'::timestamp without time zone))","Rows Removed by Filter":0,"Rows Removed by Columnar Filter":5143199,"Columnar cache search mode":"native","Shared Hit Blocks":0,"Shared Read Blocks":0,"Shared Dirtied Blocks":0,"Shared Written Blocks":0,"Local Hit Blocks":0,"Local Read Blocks":0,"Local Dirtied Blocks":0,"Local Written Blocks":0,"Temp Read Blocks":0,"Temp Written Blocks":0,"I/O Read Time":0.0,"I/O Write Time":0.0,"Temp I/O Read Time":0.0,"Temp I/O Write Time":0.0},{"Node Type":"Seq Scan","Parent Relationship":"Member","Parallel Aware":false,"Async Capable":false,"Relation Name":"orders","Schema":"public","Alias":"orders","Startup Cost":0.0,"Total Cost":4.01,"Plan Rows":1,"Plan Width":16,"Actual Startup Time":0.0,"Actual Total Time":0.0,"Actual Rows":0,"Actual Loops":0,"Output":["orders.o_c_id","orders.o_w_id","orders.o_d_id","orders.o_id"],"Filter":"((orders.o_entry_d < '1994-01-02 20:10:02.27764'::timestamp without time zone) AND (orders.o_entry_d >= '1993-01-02 20:10:02.27764'::timestamp without time zone))","Rows Removed by Filter":0,"Shared Hit Blocks":0,"Shared Read Blocks":0,"Shared Dirtied Blocks":0,"Shared Written Blocks":0,"Local Hit Blocks":0,"Local Read Blocks":0,"Local Dirtied Blocks":0,"Local Written Blocks":0,"Temp Read Blocks":0,"Temp Written Blocks":0,"I/O Read Time":0.0,"I/O Write Time":0.0,"Temp I/O Read Time":0.0,"Temp I/O Write Time":0.0}]}]}]},{"Node Type":"Hash","Parent Relationship":"Inner","Parallel Aware":false,"Async Capable":false,"Startup Cost":509795.49,"Total Cost":509795.49,"Plan Rows":6000140,"Plan Width":12,"Actual Startup Time":2385.476,"Actual Total Time":2385.48,"Actual Rows":6000000,"Actual Loops":1,"Output":["customer.c_id","customer.c_w_id","customer.c_d_id","customer.c_nationkey"],"Hash Buckets":262144,"Original Hash Buckets":262144,"Hash Batches":64,"Original Hash Batches":64,"Peak Memory Usage":6083,"Shared Hit Blocks":0,"Shared Read Blocks":0,"Shared Dirtied Blocks":0,"Shared Written Blocks":0,"Local Hit Blocks":0,"Local Read Blocks":0,"Local Dirtied Blocks":0,"Local Written Blocks":0,"Temp Read Blocks":0,"Temp Written Blocks":23035,"I/O Read Time":0.0,"I/O Write Time":0.0,"Temp I/O Read Time":0.0,"Temp I/O Write Time":103.14,"Plans":[{"Node Type":"Append","Parent Relationship":"Outer","Parallel Aware":false,"Async Capable":false,"Startup Cost":20.0,"Total Cost":509795.49,"Plan Rows":6000140,"Plan Width":12,"Actual Startup Time":0.057,"Actual Total Time":1330.559,"Actual Rows":6000000,"Actual Loops":1,"Shared Hit Blocks":0,"Shared Read Blocks":0,"Shared Dirtied Blocks":0,"Shared Written Blocks":0,"Local Hit Blocks":0,"Local Read Blocks":0,"Local Dirtied Blocks":0,"Local Written Blocks":0,"Temp Read Blocks":0,"Temp Written Blocks":0,"I/O Read Time":0.0,"I/O Write Time":0.0,"Temp I/O Read Time":0.0,"Temp I/O Write Time":0.0,"Subplans Removed":0,"Plans":[{"Node Type":"Custom Scan","Parent Relationship":"Member","Custom Plan Provider":"columnar scan","Parallel Aware":false,"Async Capable":false,"Relation Name":"customer","Schema":"public","Alias":"customer","Startup Cost":20.0,"Total Cost":141020.06,"Plan Rows":6000000,"Plan Width":12,"Actual Startup Time":0.054,"Actual Total Time":912.465,"Actual Rows":6000000,"Actual Loops":1,"Output":["customer.c_id","customer.c_w_id","customer.c_d_id","customer.c_nationkey"],"Rows Removed by Columnar Filter":0,"Columnar cache search mode":"native","Shared Hit Blocks":0,"Shared Read Blocks":0,"Shared Dirtied Blocks":0,"Shared Written Blocks":0,"Local Hit Blocks":0,"Local Read Blocks":0,"Local Dirtied Blocks":0,"Local Written Blocks":0,"Temp Read Blocks":0,"Temp Written Blocks":0,"I/O Read Time":0.0,"I/O Write Time":0.0,"Temp I/O Read Time":0.0,"Temp I/O Write Time":0.0},{"Node Type":"Seq Scan","Parent Relationship":"Member","Parallel Aware":false,"Async Capable":false,"Relation Name":"customer","Schema":"public","Alias":"customer","Startup Cost":0.0,"Total Cost":5.4,"Plan Rows":140,"Plan Width":12,"Actual Startup Time":0.0,"Actual Total Time":0.0,"Actual Rows":0,"Actual Loops":0,"Output":["customer.c_id","customer.c_w_id","customer.c_d_id","customer.c_nationkey"],"Shared Hit Blocks":0,"Shared Read Blocks":0,"Shared Dirtied Blocks":0,"Shared Written Blocks":0,"Local Hit Blocks":0,"Local Read Blocks":0,"Local Dirtied Blocks":0,"Local Written Blocks":0,"Temp Read Blocks":0,"Temp Written Blocks":0,"I/O Read Time":0.0,"I/O Write Time":0.0,"Temp I/O Read Time":0.0,"Temp I/O Write Time":0.0}]}]}]}]}]}]},"Planning":{"Shared Hit Blocks":220,"Shared Read Blocks":0,"Shared Dirtied Blocks":0,"Shared Written Blocks":0,"Local Hit Blocks":0,"Local Read Blocks":0,"Local Dirtied Blocks":0,"Local Written Blocks":0,"Temp Read Blocks":0,"Temp Written Blocks":0,"I/O Read Time":0.0,"I/O Write Time":0.0,"Temp I/O Read Time":0.0,"Temp I/O Write Time":0.0},"Planning Time":6.751,"Triggers":[],"Execution Time":11455.284}]
[列存组合]: customer, nation, order_line, region, stock, supplier
[{"Plan":{"Node Type":"Sort","Parallel Aware":false,"Async Capable":false,"Startup Cost":2391251.02,"Total Cost":2391251.17,"Plan Rows":62,"Plan Width":40,"Actual Startup Time":11002.261,"Actual Total Time":11002.311,"Actual Rows":11,"Actual Loops":1,"Output":["nation.n_name","(sum(order_line.ol_amount))"],"Sort Key":["(sum(order_line.ol_amount)) DESC"],"Sort Method":"quicksort","Sort Space Used":25,"Sort Space Type":"Memory","Shared Hit Blocks":44122,"Shared Read Blocks":0,"Shared Dirtied Blocks":0,"Shared Written Blocks":0,"Local Hit Blocks":0,"Local Read Blocks":0,"Local Dirtied Blocks":0,"Local Written Blocks":0,"Temp Read Blocks":67001,"Temp Written Blocks":67001,"I/O Read Time":0.0,"I/O Write Time":0.0,"Temp I/O Read Time":108.631,"Temp I/O Write Time":314.76,"Plans":[{"Node Type":"Aggregate","Strategy":"Sorted","Partial Mode":"Simple","Parent Relationship":"Outer","Parallel Aware":false,"Async Capable":false,"Startup Cost":2391097.37,"Total Cost":2391249.17,"Plan Rows":62,"Plan Width":40,"Actual Startup Time":10996.275,"Actual Total Time":11002.292,"Actual Rows":11,"Actual Loops":1,"Output":["nation.n_name","sum(order_line.ol_amount)"],"Group Key":["nation.n_name"],"Shared Hit Blocks":44122,"Shared Read Blocks":0,"Shared Dirtied Blocks":0,"Shared Written Blocks":0,"Local Hit Blocks":0,"Local Read Blocks":0,"Local Dirtied Blocks":0,"Local Written Blocks":0,"Temp Read Blocks":67001,"Temp Written Blocks":67001,"I/O Read Time":0.0,"I/O Write Time":0.0,"Temp I/O Read Time":108.631,"Temp I/O Write Time":314.76,"Plans":[{"Node Type":"Sort","Parent Relationship":"Outer","Parallel Aware":false,"Async Capable":false,"Startup Cost":2391097.37,"Total Cost":2391147.71,"Plan Rows":20136,"Plan Width":12,"Actual Startup Time":10995.835,"Actual Total Time":10997.719,"Actual Rows":35044,"Actual Loops":1,"Output":["nation.n_name","order_line.ol_amount"],"Sort Key":["nation.n_name"],"Sort Method":"quicksort","Sort Space Used":3146,"Sort Space Type":"Memory","Shared Hit Blocks":44122,"Shared Read Blocks":0,"Shared Dirtied Blocks":0,"Shared Written Blocks":0,"Local Hit Blocks":0,"Local Read Blocks":0,"Local Dirtied Blocks":0,"Local Written Blocks":0,"Temp Read Blocks":67001,"Temp Written Blocks":67001,"I/O Read Time":0.0,"I/O Write Time":0.0,"Temp I/O Read Time":108.631,"Temp I/O Write Time":314.76,"Plans":[{"Node Type":"Hash Join","Parent Relationship":"Outer","Parallel Aware":false,"Async Capable":false,"Join Type":"Inner","Startup Cost":871649.03,"Total Cost":2389657.9,"Plan Rows":20136,"Plan Width":12,"Actual Startup Time":4332.938,"Actual Total Time":10978.852,"Actual Rows":35044,"Actual Loops":1,"Output":["nation.n_name","order_line.ol_amount"],"Hash Cond":"((orders.o_c_id = customer.c_id) AND (orders.o_w_id = customer.c_w_id) AND (orders.o_d_id = customer.c_d_id) AND (supplier.su_nationkey = customer.c_nationkey))","Shared Hit Blocks":44122,"Shared Read Blocks":0,"Shared Dirtied Blocks":0,"Shared Written Blocks":0,"Local Hit Blocks":0,"Local Read Blocks":0,"Local Dirtied Blocks":0,"Local Written Blocks":0,"Temp Read Blocks":67001,"Temp Written Blocks":67001,"I/O Read Time":0.0,"I/O Write Time":0.0,"Temp I/O Read Time":108.631,"Temp I/O Write Time":314.76,"Plans":[{"Node Type":"Hash Join","Parent Relationship":"Outer","Parallel Aware":false,"Async Capable":false,"Join Type":"Inner","Startup Cost":212552.74,"Total Cost":1668811.38,"Plan Rows":1242117,"Plan Width":34,"Actual Startup Time":1822.623,"Actual Total Time":6930.325,"Actual Rows":2982388,"Actual Loops":1,"Output":["orders.o_c_id","orders.o_w_id","orders.o_d_id","order_line.ol_amount","order_line.ol_w_id","order_line.ol_d_id","stock.s_w_id","supplier.su_nationkey","nation.n_name","nation.n_nationkey"],"Hash Cond":"((order_line.ol_w_id = orders.o_w_id) AND (order_line.ol_d_id = orders.o_d_id) AND (order_line.ol_o_id = orders.o_id))","Shared Hit Blocks":44122,"Shared Read Blocks":0,"Shared Dirtied Blocks":0,"Shared Written Blocks":0,"Local Hit Blocks":0,"Local Read Blocks":0,"Local Dirtied Blocks":0,"Local Written Blocks":0,"Temp Read Blocks":23127,"Temp Written Blocks":23127,"I/O Read Time":0.0,"I/O Write Time":0.0,"Temp I/O Read Time":37.209,"Temp I/O Write Time":109.056,"Plans":[{"Node Type":"Hash Join","Parent Relationship":"Outer","Parallel Aware":false,"Async Capable":false,"Join Type":"Inner","Startup Cost":58749.09,"Total Cost":1311719.68,"Plan Rows":8467814,"Plan Width":34,"Actual Startup Time":1180.061,"Actual Total Time":4700.953,"Actual Rows":3000322,"Actual Loops":1,"Output":["order_line.ol_amount","order_line.ol_o_id","order_line.ol_w_id","order_line.ol_d_id","stock.s_w_id","supplier.su_nationkey","nation.n_name","nation.n_nationkey"],"Hash Cond":"(mod((stock.s_w_id * stock.s_i_id), 10000) = supplier.su_suppkey)","Shared Hit Blocks":0,"Shared Read Blocks":0,"Shared Dirtied Blocks":0,"Shared Written Blocks":0,"Local Hit Blocks":0,"Local Read Blocks":0,"Local Dirtied Blocks":0,"Local Written Blocks":0,"Temp Read Blocks":0,"Temp Written Blocks":0,"I/O Read Time":0.0,"I/O Write Time":0.0,"Temp I/O Read Time":0.0,"Temp I/O Write Time":0.0,"Plans":[{"Node Type":"Hash Join","Parent Relationship":"Outer","Parallel Aware":false,"Async Capable":false,"Join Type":"Inner","Startup Cost":58620.59,"Total Cost":962293.85,"Plan Rows":42339072,"Plan Width":22,"Actual Startup Time":1177.462,"Actual Total Time":3304.616,"Actual Rows":8620885,"Actual Loops":1,"Output":["order_line.ol_amount","order_line.ol_o_id","order_line.ol_w_id","order_line.ol_d_id","stock.s_w_id","stock.s_i_id"],"Hash Cond":"((order_line.ol_w_id = stock.s_w_id) AND (order_line.ol_i_id = stock.s_i_id))","Rows Removed by Bloom Filter":0,"Shared Hit Blocks":0,"Shared Read Blocks":0,"Shared Dirtied Blocks":0,"Shared Written Blocks":0,"Local Hit Blocks":0,"Local Read Blocks":0,"Local Dirtied Blocks":0,"Local Written Blocks":0,"Temp Read Blocks":0,"Temp Written Blocks":0,"I/O Read Time":0.0,"I/O Write Time":0.0,"Temp I/O Read Time":0.0,"Temp I/O Write Time":0.0,"Plans":[{"Node Type":"Append","Parent Relationship":"Outer","Parallel Aware":false,"Async Capable":false,"Startup Cost":20.0,"Total Cost":1072031.01,"Plan Rows":42039468,"Plan Width":20,"Actual Startup Time":248.491,"Actual Total Time":248.501,"Actual Rows":8620885,"Actual Loops":1,"Shared Hit Blocks":0,"Shared Read Blocks":0,"Shared Dirtied Blocks":0,"Shared Written Blocks":0,"Local Hit Blocks":0,"Local Read Blocks":0,"Local Dirtied Blocks":0,"Local Written Blocks":0,"Temp Read Blocks":0,"Temp Written Blocks":0,"I/O Read Time":0.0,"I/O Write Time":0.0,"Temp I/O Read Time":0.0,"Temp I/O Write Time":0.0,"Subplans Removed":0,"Plans":[{"Node Type":"Custom Scan","Parent Relationship":"Member","Custom Plan Provider":"columnar scan","Parallel Aware":false,"Async Capable":false,"Relation Name":"order_line","Schema":"public","Alias":"order_line","Startup Cost":20.0,"Total Cost":1072026.23,"Plan Rows":42039424,"Plan Width":20,"Actual Startup Time":248.489,"Actual Total Time":248.491,"Actual Rows":8620885,"Actual Loops":1,"Output":["order_line.ol_amount","order_line.ol_o_id","order_line.ol_w_id","order_line.ol_d_id","order_line.ol_i_id"],"Filter":"(order_line.ol_delivery_d >= '1992-01-02 20:10:02.27764'::timestamp without time zone)","Rows Removed by Filter":0,"Rows Removed by Columnar Filter":51372876,"Rows Filtered by Bloom Filter":0,"Dictionary Rows Filtered by Bloom Filter":51372876,"Columnar cache search mode":"native","Shared Hit Blocks":0,"Shared Read Blocks":0,"Shared Dirtied Blocks":0,"Shared Written Blocks":0,"Local Hit Blocks":0,"Local Read Blocks":0,"Local Dirtied Blocks":0,"Local Written Blocks":0,"Temp Read Blocks":0,"Temp Written Blocks":0,"I/O Read Time":0.0,"I/O Write Time":0.0,"Temp I/O Read Time":0.0,"Temp I/O Write Time":0.0},{"Node Type":"Seq Scan","Parent Relationship":"Member","Parallel Aware":false,"Async Capable":false,"Relation Name":"order_line","Schema":"public","Alias":"order_line","Startup Cost":0.0,"Total Cost":4.79,"Plan Rows":44,"Plan Width":20,"Actual Startup Time":0.0,"Actual Total Time":0.0,"Actual Rows":0,"Actual Loops":0,"Output":["order_line.ol_amount","order_line.ol_o_id","order_line.ol_w_id","order_line.ol_d_id","order_line.ol_i_id"],"Filter":"(order_line.ol_delivery_d >= '1992-01-02 20:10:02.27764'::timestamp without time zone)","Rows Removed by Filter":0,"Shared Hit Blocks":0,"Shared Read Blocks":0,"Shared Dirtied Blocks":0,"Shared Written Blocks":0,"Local Hit Blocks":0,"Local Read Blocks":0,"Local Dirtied Blocks":0,"Local Written Blocks":0,"Temp Read Blocks":0,"Temp Written Blocks":0,"I/O Read Time":0.0,"I/O Write Time":0.0,"Temp I/O Read Time":0.0,"Temp I/O Write Time":0.0}]},{"Node Type":"Hash","Parent Relationship":"Inner","Parallel Aware":false,"Async Capable":false,"Startup Cost":390026.22,"Total Cost":390026.22,"Plan Rows":20000212,"Plan Width":6,"Actual Rows":20000000,"Actual Loops":1,"Output":["stock.s_w_id","stock.s_i_id"],"Shared Hit Blocks":0,"Shared Read Blocks":0,"Shared Dirtied Blocks":0,"Shared Written Blocks":0,"Local Hit Blocks":0,"Local Read Blocks":0,"Local Dirtied Blocks":0,"Local Written Blocks":0,"Temp Read Blocks":0,"Temp Written Blocks":0,"I/O Read Time":0.0,"I/O Write Time":0.0,"Temp I/O Read Time":0.0,"Temp I/O Write Time":0.0,"Plans":[{"Node Type":"Append","Parent Relationship":"Outer","Parallel Aware":false,"Async Capable":false,"Startup Cost":20.0,"Total Cost":390026.22,"Plan Rows":20000212,"Plan Width":6,"Actual Startup Time":0.421,"Actual Total Time":0.423,"Actual Rows":20000000,"Actual Loops":1,"Shared Hit Blocks":0,"Shared Read Blocks":0,"Shared Dirtied Blocks":0,"Shared Written Blocks":0,"Local Hit Blocks":0,"Local Read Blocks":0,"Local Dirtied Blocks":0,"Local Written Blocks":0,"Temp Read Blocks":0,"Temp Written Blocks":0,"I/O Read Time":0.0,"I/O Write Time":0.0,"Temp I/O Read Time":0.0,"Temp I/O Write Time":0.0,"Subplans Removed":0,"Plans":[{"Node Type":"Custom Scan","Parent Relationship":"Member","Custom Plan Provider":"columnar scan","Parallel Aware":false,"Async Capable":false,"Relation Name":"stock","Schema":"public","Alias":"stock","Startup Cost":20.0,"Total Cost":390020.1,"Plan Rows":20000000,"Plan Width":6,"Actual Startup Time":0.42,"Actual Total Time":0.42,"Actual Rows":20000000,"Actual Loops":1,"Output":["stock.s_w_id","stock.s_i_id"],"Rows Removed by Columnar Filter":0,"Columnar cache search mode":"native","Shared Hit Blocks":0,"Shared Read Blocks":0,"Shared Dirtied Blocks":0,"Shared Written Blocks":0,"Local Hit Blocks":0,"Local Read Blocks":0,"Local Dirtied Blocks":0,"Local Written Blocks":0,"Temp Read Blocks":0,"Temp Written Blocks":0,"I/O Read Time":0.0,"I/O Write Time":0.0,"Temp I/O Read Time":0.0,"Temp I/O Write Time":0.0},{"Node Type":"Seq Scan","Parent Relationship":"Member","Parallel Aware":false,"Async Capable":false,"Relation Name":"stock","Schema":"public","Alias":"stock","Startup Cost":0.0,"Total Cost":6.12,"Plan Rows":212,"Plan Width":6,"Actual Startup Time":0.0,"Actual Total Time":0.0,"Actual Rows":0,"Actual Loops":0,"Output":["stock.s_w_id","stock.s_i_id"],"Shared Hit Blocks":0,"Shared Read Blocks":0,"Shared Dirtied Blocks":0,"Shared Written Blocks":0,"Local Hit Blocks":0,"Local Read Blocks":0,"Local Dirtied Blocks":0,"Local Written Blocks":0,"Temp Read Blocks":0,"Temp Written Blocks":0,"I/O Read Time":0.0,"I/O Write Time":0.0,"Temp I/O Read Time":0.0,"Temp I/O Write Time":0.0}]}]}]},{"Node Type":"Hash","Parent Relationship":"Inner","Parallel Aware":false,"Async Capable":false,"Startup Cost":103.49,"Total Cost":103.49,"Plan Rows":2000,"Plan Width":20,"Actual Startup Time":2.568,"Actual Total Time":2.586,"Actual Rows":3506,"Actual Loops":1,"Output":["supplier.su_suppkey","supplier.su_nationkey","nation.n_name","nation.n_nationkey"],"Hash Buckets":4096,"Original Hash Buckets":2048,"Hash Batches":1,"Original Hash Batches":1,"Peak Memory Usage":217,"Shared Hit Blocks":0,"Shared Read Blocks":0,"Shared Dirtied Blocks":0,"Shared Written Blocks":0,"Local Hit Blocks":0,"Local Read Blocks":0,"Local Dirtied Blocks":0,"Local Written Blocks":0,"Temp Read Blocks":0,"Temp Written Blocks":0,"I/O Read Time":0.0,"I/O Write Time":0.0,"Temp I/O Read Time":0.0,"Temp I/O Write Time":0.0,"Plans":[{"Node Type":"Hash Join","Parent Relationship":"Outer","Parallel Aware":false,"Async Capable":false,"Join Type":"Inner","Startup Cost":49.06,"Total Cost":103.49,"Plan Rows":2000,"Plan Width":20,"Actual Startup Time":1.767,"Actual Total Time":2.022,"Actual Rows":3506,"Actual Loops":1,"Output":["supplier.su_suppkey","supplier.su_nationkey","nation.n_name","nation.n_nationkey"],"Hash Cond":"(supplier.su_nationkey = nation.n_nationkey)","Rows Removed by Bloom Filter":6494,"Shared Hit Blocks":0,"Shared Read Blocks":0,"Shared Dirtied Blocks":0,"Shared Written Blocks":0,"Local Hit Blocks":0,"Local Read Blocks":0,"Local Dirtied Blocks":0,"Local Written Blocks":0,"Temp Read Blocks":0,"Temp Written Blocks":0,"I/O Read Time":0.0,"I/O Write Time":0.0,"Temp I/O Read Time":0.0,"Temp I/O Write Time":0.0,"Plans":[{"Node Type":"Append","Parent Relationship":"Outer","Parallel Aware":false,"Async Capable":false,"Startup Cost":20.0,"Total Cost":219.01,"Plan Rows":10001,"Plan Width":8,"Actual Startup Time":0.021,"Actual Total Time":0.024,"Actual Rows":10000,"Actual Loops":1,"Shared Hit Blocks":0,"Shared Read Blocks":0,"Shared Dirtied Blocks":0,"Shared Written Blocks":0,"Local Hit Blocks":0,"Local Read Blocks":0,"Local Dirtied Blocks":0,"Local Written Blocks":0,"Temp Read Blocks":0,"Temp Written Blocks":0,"I/O Read Time":0.0,"I/O Write Time":0.0,"Temp I/O Read Time":0.0,"Temp I/O Write Time":0.0,"Subplans Removed":0,"Plans":[{"Node Type":"Custom Scan","Parent Relationship":"Member","Custom Plan Provider":"columnar scan","Parallel Aware":false,"Async Capable":false,"Relation Name":"supplier","Schema":"public","Alias":"supplier","Startup Cost":20.0,"Total Cost":215.0,"Plan Rows":10000,"Plan Width":8,"Actual Startup Time":0.02,"Actual Total Time":0.02,"Actual Rows":10000,"Actual Loops":1,"Output":["supplier.su_suppkey","supplier.su_nationkey"],"Rows Removed by Columnar Filter":0,"Columnar cache search mode":"native","Shared Hit Blocks":0,"Shared Read Blocks":0,"Shared Dirtied Blocks":0,"Shared Written Blocks":0,"Local Hit Blocks":0,"Local Read Blocks":0,"Local Dirtied Blocks":0,"Local Written Blocks":0,"Temp Read Blocks":0,"Temp Written Blocks":0,"I/O Read Time":0.0,"I/O Write Time":0.0,"Temp I/O Read Time":0.0,"Temp I/O Write Time":0.0},{"Node Type":"Seq Scan","Parent Relationship":"Member","Parallel Aware":false,"Async Capable":false,"Relation Name":"supplier","Schema":"public","Alias":"supplier","Startup Cost":0.0,"Total Cost":4.01,"Plan Rows":1,"Plan Width":8,"Actual Startup Time":0.0,"Actual Total Time":0.0,"Actual Rows":0,"Actual Loops":0,"Output":["supplier.su_suppkey","supplier.su_nationkey"],"Shared Hit Blocks":0,"Shared Read Blocks":0,"Shared Dirtied Blocks":0,"Shared Written Blocks":0,"Local Hit Blocks":0,"Local Read Blocks":0,"Local Dirtied Blocks":0,"Local Written Blocks":0,"Temp Read Blocks":0,"Temp Written Blocks":0,"I/O Read Time":0.0,"I/O Write Time":0.0,"Temp I/O Read Time":0.0,"Temp I/O Write Time":0.0}]},{"Node Type":"Hash","Parent Relationship":"Inner","Parallel Aware":false,"Async Capable":false,"Startup Cost":29.1,"Total Cost":29.1,"Plan Rows":12,"Plan Width":12,"Actual Rows":22,"Actual Loops":1,"Output":["nation.n_name","nation.n_nationkey"],"Shared Hit Blocks":0,"Shared Read Blocks":0,"Shared Dirtied Blocks":0,"Shared Written Blocks":0,"Local Hit Blocks":0,"Local Read Blocks":0,"Local Dirtied Blocks":0,"Local Written Blocks":0,"Temp Read Blocks":0,"Temp Written Blocks":0,"I/O Read Time":0.0,"I/O Write Time":0.0,"Temp I/O Read Time":0.0,"Temp I/O Write Time":0.0,"Plans":[{"Node Type":"Hash Join","Parent Relationship":"Outer","Parallel Aware":false,"Async Capable":false,"Join Type":"Inner","Startup Cost":24.16,"Total Cost":29.1,"Plan Rows":12,"Plan Width":12,"Actual Startup Time":0.57,"Actual Total Time":0.579,"Actual Rows":22,"Actual Loops":1,"Output":["nation.n_name","nation.n_nationkey"],"Hash Cond":"(region.r_regionkey = nation.n_regionkey)","Rows Removed by Bloom Filter":0,"Shared Hit Blocks":0,"Shared Read Blocks":0,"Shared Dirtied Blocks":0,"Shared Written Blocks":0,"Local Hit Blocks":0,"Local Read Blocks":0,"Local Dirtied Blocks":0,"Local Written Blocks":0,"Temp Read Blocks":0,"Temp Written Blocks":0,"I/O Read Time":0.0,"I/O Write Time":0.0,"Temp I/O Read Time":0.0,"Temp I/O Write Time":0.0,"Plans":[{"Node Type":"Append","Parent Relationship":"Outer","Parallel Aware":false,"Async Capable":false,"Startup Cost":20.0,"Total Cost":24.04,"Plan Rows":2,"Plan Width":4,"Actual Startup Time":0.035,"Actual Total Time":0.038,"Actual Rows":1,"Actual Loops":1,"Shared Hit Blocks":0,"Shared Read Blocks":0,"Shared Dirtied Blocks":0,"Shared Written Blocks":0,"Local Hit Blocks":0,"Local Read Blocks":0,"Local Dirtied Blocks":0,"Local Written Blocks":0,"Temp Read Blocks":0,"Temp Written Blocks":0,"I/O Read Time":0.0,"I/O Write Time":0.0,"Temp I/O Read Time":0.0,"Temp I/O Write Time":0.0,"Subplans Removed":0,"Plans":[{"Node Type":"Custom Scan","Parent Relationship":"Member","Custom Plan Provider":"columnar scan","Parallel Aware":false,"Async Capable":false,"Relation Name":"region","Schema":"public","Alias":"region","Startup Cost":20.0,"Total Cost":20.02,"Plan Rows":1,"Plan Width":4,"Actual Startup Time":0.035,"Actual Total Time":0.035,"Actual Rows":1,"Actual Loops":1,"Output":["region.r_regionkey"],"Filter":"((region.r_name)::text = 'Europe'::text)","Rows Removed by Filter":0,"Rows Removed by Columnar Filter":4,"Columnar cache search mode":"native","Shared Hit Blocks":0,"Shared Read Blocks":0,"Shared Dirtied Blocks":0,"Shared Written Blocks":0,"Local Hit Blocks":0,"Local Read Blocks":0,"Local Dirtied Blocks":0,"Local Written Blocks":0,"Temp Read Blocks":0,"Temp Written Blocks":0,"I/O Read Time":0.0,"I/O Write Time":0.0,"Temp I/O Read Time":0.0,"Temp I/O Write Time":0.0},{"Node Type":"Seq Scan","Parent Relationship":"Member","Parallel Aware":false,"Async Capable":false,"Relation Name":"region","Schema":"public","Alias":"region","Startup Cost":0.0,"Total Cost":4.01,"Plan Rows":1,"Plan Width":4,"Actual Startup Time":0.0,"Actual Total Time":0.0,"Actual Rows":0,"Actual Loops":0,"Output":["region.r_regionkey"],"Filter":"((region.r_name)::text = 'Europe'::text)","Rows Removed by Filter":0,"Shared Hit Blocks":0,"Shared Read Blocks":0,"Shared Dirtied Blocks":0,"Shared Written Blocks":0,"Local Hit Blocks":0,"Local Read Blocks":0,"Local Dirtied Blocks":0,"Local Written Blocks":0,"Temp Read Blocks":0,"Temp Written Blocks":0,"I/O Read Time":0.0,"I/O Write Time":0.0,"Temp I/O Read Time":0.0,"Temp I/O Write Time":0.0}]},{"Node Type":"Hash","Parent Relationship":"Inner","Parallel Aware":false,"Async Capable":false,"Startup Cost":25.34,"Total Cost":25.34,"Plan Rows":63,"Plan Width":16,"Actual Rows":62,"Actual Loops":1,"Output":["nation.n_name","nation.n_nationkey","nation.n_regionkey"],"Shared Hit Blocks":0,"Shared Read Blocks":0,"Shared Dirtied Blocks":0,"Shared Written Blocks":0,"Local Hit Blocks":0,"Local Read Blocks":0,"Local Dirtied Blocks":0,"Local Written Blocks":0,"Temp Read Blocks":0,"Temp Written Blocks":0,"I/O Read Time":0.0,"I/O Write Time":0.0,"Temp I/O Read Time":0.0,"Temp I/O Write Time":0.0,"Plans":[{"Node Type":"Append","Parent Relationship":"Outer","Parallel Aware":false,"Async Capable":false,"Startup Cost":20.0,"Total Cost":25.34,"Plan Rows":63,"Plan Width":16,"Actual Startup Time":0.031,"Actual Total Time":0.034,"Actual Rows":62,"Actual Loops":1,"Shared Hit Blocks":0,"Shared Read Blocks":0,"Shared Dirtied Blocks":0,"Shared Written Blocks":0,"Local Hit Blocks":0,"Local Read Blocks":0,"Local Dirtied Blocks":0,"Local Written Blocks":0,"Temp Read Blocks":0,"Temp Written Blocks":0,"I/O Read Time":0.0,"I/O Write Time":0.0,"Temp I/O Read Time":0.0,"Temp I/O Write Time":0.0,"Subplans Removed":0,"Plans":[{"Node Type":"Custom Scan","Parent Relationship":"Member","Custom Plan Provider":"columnar scan","Parallel Aware":false,"Async Capable":false,"Relation Name":"nation","Schema":"public","Alias":"nation","Startup Cost":20.0,"Total Cost":21.33,"Plan Rows":62,"Plan Width":16,"Actual Startup Time":0.028,"Actual Total Time":0.03,"Actual Rows":62,"Actual Loops":1,"Output":["nation.n_name","nation.n_nationkey","nation.n_regionkey"],"Rows Removed by Columnar Filter":0,"Columnar cache search mode":"native","Shared Hit Blocks":0,"Shared Read Blocks":0,"Shared Dirtied Blocks":0,"Shared Written Blocks":0,"Local Hit Blocks":0,"Local Read Blocks":0,"Local Dirtied Blocks":0,"Local Written Blocks":0,"Temp Read Blocks":0,"Temp Written Blocks":0,"I/O Read Time":0.0,"I/O Write Time":0.0,"Temp I/O Read Time":0.0,"Temp I/O Write Time":0.0},{"Node Type":"Seq Scan","Parent Relationship":"Member","Parallel Aware":false,"Async Capable":false,"Relation Name":"nation","Schema":"public","Alias":"nation","Startup Cost":0.0,"Total Cost":4.01,"Plan Rows":1,"Plan Width":16,"Actual Startup Time":0.0,"Actual Total Time":0.0,"Actual Rows":0,"Actual Loops":0,"Output":["nation.n_name","nation.n_nationkey","nation.n_regionkey"],"Shared Hit Blocks":0,"Shared Read Blocks":0,"Shared Dirtied Blocks":0,"Shared Written Blocks":0,"Local Hit Blocks":0,"Local Read Blocks":0,"Local Dirtied Blocks":0,"Local Written Blocks":0,"Temp Read Blocks":0,"Temp Written Blocks":0,"I/O Read Time":0.0,"I/O Write Time":0.0,"Temp I/O Read Time":0.0,"Temp I/O Write Time":0.0}]}]}]}]}]}]}]},{"Node Type":"Hash","Parent Relationship":"Inner","Parallel Aware":false,"Async Capable":false,"Startup Cost":134121.52,"Total Cost":134121.52,"Plan Rows":879322,"Plan Width":16,"Actual Startup Time":640.95,"Actual Total Time":640.953,"Actual Rows":856801,"Actual Loops":1,"Output":["orders.o_c_id","orders.o_w_id","orders.o_d_id","orders.o_id"],"Hash Buckets":262144,"Original Hash Buckets":262144,"Hash Batches":8,"Original Hash Batches":8,"Peak Memory Usage":7070,"Shared Hit Blocks":44122,"Shared Read Blocks":0,"Shared Dirtied Blocks":0,"Shared Written Blocks":0,"Local Hit Blocks":0,"Local Read Blocks":0,"Local Dirtied Blocks":0,"Local Written Blocks":0,"Temp Read Blocks":0,"Temp Written Blocks":3290,"I/O Read Time":0.0,"I/O Write Time":0.0,"Temp I/O Read Time":0.0,"Temp I/O Write Time":15.471,"Plans":[{"Node Type":"Seq Scan","Parent Relationship":"Outer","Parallel Aware":false,"Async Capable":false,"Relation Name":"orders","Schema":"public","Alias":"orders","Startup Cost":0.0,"Total Cost":134121.52,"Plan Rows":879322,"Plan Width":16,"Actual Startup Time":0.604,"Actual Total Time":441.092,"Actual Rows":856801,"Actual Loops":1,"Output":["orders.o_c_id","orders.o_w_id","orders.o_d_id","orders.o_id"],"Filter":"((orders.o_entry_d >= '1993-01-02 20:10:02.27764'::timestamp without time zone) AND (orders.o_entry_d < '1994-01-02 20:10:02.27764'::timestamp without time zone))","Rows Removed by Filter":5143199,"Shared Hit Blocks":44122,"Shared Read Blocks":0,"Shared Dirtied Blocks":0,"Shared Written Blocks":0,"Local Hit Blocks":0,"Local Read Blocks":0,"Local Dirtied Blocks":0,"Local Written Blocks":0,"Temp Read Blocks":0,"Temp Written Blocks":0,"I/O Read Time":0.0,"I/O Write Time":0.0,"Temp I/O Read Time":0.0,"Temp I/O Write Time":0.0}]}]},{"Node Type":"Hash","Parent Relationship":"Inner","Parallel Aware":false,"Async Capable":false,"Startup Cost":509795.49,"Total Cost":509795.49,"Plan Rows":6000140,"Plan Width":12,"Actual Startup Time":2407.731,"Actual Total Time":2407.735,"Actual Rows":6000000,"Actual Loops":1,"Output":["customer.c_id","customer.c_w_id","customer.c_d_id","customer.c_nationkey"],"Hash Buckets":262144,"Original Hash Buckets":262144,"Hash Batches":64,"Original Hash Batches":64,"Peak Memory Usage":6083,"Shared Hit Blocks":0,"Shared Read Blocks":0,"Shared Dirtied Blocks":0,"Shared Written Blocks":0,"Local Hit Blocks":0,"Local Read Blocks":0,"Local Dirtied Blocks":0,"Local Written Blocks":0,"Temp Read Blocks":0,"Temp Written Blocks":23035,"I/O Read Time":0.0,"I/O Write Time":0.0,"Temp I/O Read Time":0.0,"Temp I/O Write Time":106.354,"Plans":[{"Node Type":"Append","Parent Relationship":"Outer","Parallel Aware":false,"Async Capable":false,"Startup Cost":20.0,"Total Cost":509795.49,"Plan Rows":6000140,"Plan Width":12,"Actual Startup Time":0.024,"Actual Total Time":1349.14,"Actual Rows":6000000,"Actual Loops":1,"Shared Hit Blocks":0,"Shared Read Blocks":0,"Shared Dirtied Blocks":0,"Shared Written Blocks":0,"Local Hit Blocks":0,"Local Read Blocks":0,"Local Dirtied Blocks":0,"Local Written Blocks":0,"Temp Read Blocks":0,"Temp Written Blocks":0,"I/O Read Time":0.0,"I/O Write Time":0.0,"Temp I/O Read Time":0.0,"Temp I/O Write Time":0.0,"Subplans Removed":0,"Plans":[{"Node Type":"Custom Scan","Parent Relationship":"Member","Custom Plan Provider":"columnar scan","Parallel Aware":false,"Async Capable":false,"Relation Name":"customer","Schema":"public","Alias":"customer","Startup Cost":20.0,"Total Cost":141020.06,"Plan Rows":6000000,"Plan Width":12,"Actual Startup Time":0.023,"Actual Total Time":927.255,"Actual Rows":6000000,"Actual Loops":1,"Output":["customer.c_id","customer.c_w_id","customer.c_d_id","customer.c_nationkey"],"Rows Removed by Columnar Filter":0,"Columnar cache search mode":"native","Shared Hit Blocks":0,"Shared Read Blocks":0,"Shared Dirtied Blocks":0,"Shared Written Blocks":0,"Local Hit Blocks":0,"Local Read Blocks":0,"Local Dirtied Blocks":0,"Local Written Blocks":0,"Temp Read Blocks":0,"Temp Written Blocks":0,"I/O Read Time":0.0,"I/O Write Time":0.0,"Temp I/O Read Time":0.0,"Temp I/O Write Time":0.0},{"Node Type":"Seq Scan","Parent Relationship":"Member","Parallel Aware":false,"Async Capable":false,"Relation Name":"customer","Schema":"public","Alias":"customer","Startup Cost":0.0,"Total Cost":5.4,"Plan Rows":140,"Plan Width":12,"Actual Startup Time":0.0,"Actual Total Time":0.0,"Actual Rows":0,"Actual Loops":0,"Output":["customer.c_id","customer.c_w_id","customer.c_d_id","customer.c_nationkey"],"Shared Hit Blocks":0,"Shared Read Blocks":0,"Shared Dirtied Blocks":0,"Shared Written Blocks":0,"Local Hit Blocks":0,"Local Read Blocks":0,"Local Dirtied Blocks":0,"Local Written Blocks":0,"Temp Read Blocks":0,"Temp Written Blocks":0,"I/O Read Time":0.0,"I/O Write Time":0.0,"Temp I/O Read Time":0.0,"Temp I/O Write Time":0.0}]}]}]}]}]}]},"Planning":{"Shared Hit Blocks":220,"Shared Read Blocks":0,"Shared Dirtied Blocks":0,"Shared Written Blocks":0,"Local Hit Blocks":0,"Local Read Blocks":0,"Local Dirtied Blocks":0,"Local Written Blocks":0,"Temp Read Blocks":0,"Temp Written Blocks":0,"I/O Read Time":0.0,"I/O Write Time":0.0,"Temp I/O Read Time":0.0,"Temp I/O Write Time":0.0},"Planning Time":6.446,"Triggers":[],"Execution Time":11009.537}]
[列存组合]: customer, nation, orders, region, stock, supplier
[{"Plan":{"Node Type":"Sort","Parallel Aware":false,"Async Capable":false,"Startup Cost":4073452.12,"Total Cost":4073452.27,"Plan Rows":62,"Plan Width":40,"Actual Startup Time":34047.74,"Actual Total Time":34047.774,"Actual Rows":11,"Actual Loops":1,"Output":["nation.n_name","(sum(order_line.ol_amount))"],"Sort Key":["(sum(order_line.ol_amount)) DESC"],"Sort Method":"quicksort","Sort Space Used":25,"Sort Space Type":"Memory","Shared Hit Blocks":736423,"Shared Read Blocks":0,"Shared Dirtied Blocks":0,"Shared Written Blocks":0,"Local Hit Blocks":0,"Local Read Blocks":0,"Local Dirtied Blocks":0,"Local Written Blocks":0,"Temp Read Blocks":288611,"Temp Written Blocks":288665,"I/O Read Time":0.0,"I/O Write Time":0.0,"Temp I/O Read Time":438.864,"Temp I/O Write Time":1168.43,"Plans":[{"Node Type":"Aggregate","Strategy":"Sorted","Partial Mode":"Simple","Parent Relationship":"Outer","Parallel Aware":false,"Async Capable":false,"Startup Cost":4073298.48,"Total Cost":4073450.27,"Plan Rows":62,"Plan Width":40,"Actual Startup Time":34041.832,"Actual Total Time":34047.757,"Actual Rows":11,"Actual Loops":1,"Output":["nation.n_name","sum(order_line.ol_amount)"],"Group Key":["nation.n_name"],"Shared Hit Blocks":736423,"Shared Read Blocks":0,"Shared Dirtied Blocks":0,"Shared Written Blocks":0,"Local Hit Blocks":0,"Local Read Blocks":0,"Local Dirtied Blocks":0,"Local Written Blocks":0,"Temp Read Blocks":288611,"Temp Written Blocks":288665,"I/O Read Time":0.0,"I/O Write Time":0.0,"Temp I/O Read Time":438.864,"Temp I/O Write Time":1168.43,"Plans":[{"Node Type":"Sort","Parent Relationship":"Outer","Parallel Aware":false,"Async Capable":false,"Startup Cost":4073298.48,"Total Cost":4073348.82,"Plan Rows":20136,"Plan Width":12,"Actual Startup Time":34041.397,"Actual Total Time":34043.195,"Actual Rows":35044,"Actual Loops":1,"Output":["nation.n_name","order_line.ol_amount"],"Sort Key":["nation.n_name"],"Sort Method":"quicksort","Sort Space Used":3146,"Sort Space Type":"Memory","Shared Hit Blocks":736423,"Shared Read Blocks":0,"Shared Dirtied Blocks":0,"Shared Written Blocks":0,"Local Hit Blocks":0,"Local Read Blocks":0,"Local Dirtied Blocks":0,"Local Written Blocks":0,"Temp Read Blocks":288611,"Temp Written Blocks":288665,"I/O Read Time":0.0,"I/O Write Time":0.0,"Temp I/O Read Time":438.864,"Temp I/O Write Time":1168.43,"Plans":[{"Node Type":"Hash Join","Parent Relationship":"Outer","Parallel Aware":false,"Async Capable":false,"Join Type":"Inner","Startup Cost":3423991.03,"Total Cost":4071859.01,"Plan Rows":20136,"Plan Width":12,"Actual Startup Time":30109.767,"Actual Total Time":34022.55,"Actual Rows":35044,"Actual Loops":1,"Output":["nation.n_name","order_line.ol_amount"],"Inner Unique":true,"Hash Cond":"((mod((stock.s_w_id * stock.s_i_id), 10000) = supplier.su_suppkey) AND (customer.c_nationkey = supplier.su_nationkey))","Shared Hit Blocks":736423,"Shared Read Blocks":0,"Shared Dirtied Blocks":0,"Shared Written Blocks":0,"Local Hit Blocks":0,"Local Read Blocks":0,"Local Dirtied Blocks":0,"Local Written Blocks":0,"Temp Read Blocks":288611,"Temp Written Blocks":288665,"I/O Read Time":0.0,"I/O Write Time":0.0,"Temp I/O Read Time":438.864,"Temp I/O Write Time":1168.43,"Plans":[{"Node Type":"Merge Join","Parent Relationship":"Outer","Parallel Aware":false,"Async Capable":false,"Join Type":"Inner","Startup Cost":3423622.0,"Total Cost":4064655.01,"Plan Rows":1242717,"Plan Width":26,"Actual Startup Time":30106.223,"Actual Total Time":33738.327,"Actual Rows":2218175,"Actual Loops":1,"Output":["customer.c_nationkey","order_line.ol_amount","stock.s_w_id","stock.s_i_id","nation.n_name","nation.n_nationkey"],"Inner Unique":true,"Merge Cond":"((customer.c_w_id = stock.s_w_id) AND (order_line.ol_i_id = stock.s_i_id))","Shared Hit Blocks":736423,"Shared Read Blocks":0,"Shared Dirtied Blocks":0,"Shared Written Blocks":0,"Local Hit Blocks":0,"Local Read Blocks":0,"Local Dirtied Blocks":0,"Local Written Blocks":0,"Temp Read Blocks":288611,"Temp Written Blocks":288665,"I/O Read Time":0.0,"I/O Write Time":0.0,"Temp I/O Read Time":438.864,"Temp I/O Write Time":1168.43,"Plans":[{"Node Type":"Sort","Parent Relationship":"Outer","Parallel Aware":false,"Async Capable":false,"Startup Cost":3423621.57,"Total Cost":3426702.1,"Plan Rows":1232214,"Plan Width":30,"Actual Startup Time":30106.159,"Actual Total Time":30702.128,"Actual Rows":2218175,"Actual Loops":1,"Output":["customer.c_w_id","customer.c_nationkey","orders.o_w_id","order_line.ol_amount","order_line.ol_w_id","order_line.ol_i_id","nation.n_name","nation.n_nationkey"],"Sort Key":["customer.c_w_id","order_line.ol_i_id"],"Sort Method":"external merge","Sort Space Used":94520,"Sort Space Type":"Disk","Shared Hit Blocks":681750,"Shared Read Blocks":0,"Shared Dirtied Blocks":0,"Shared Written Blocks":0,"Local Hit Blocks":0,"Local Read Blocks":0,"Local Dirtied Blocks":0,"Local Written Blocks":0,"Temp Read Blocks":288611,"Temp Written Blocks":288665,"I/O Read Time":0.0,"I/O Write Time":0.0,"Temp I/O Read Time":438.864,"Temp I/O Write Time":1168.43,"Plans":[{"Node Type":"Hash Join","Parent Relationship":"Outer","Parallel Aware":false,"Async Capable":false,"Join Type":"Inner","Startup Cost":795272.92,"Total Cost":3239997.74,"Plan Rows":1232214,"Plan Width":30,"Actual Startup Time":2713.815,"Actual Total Time":27463.063,"Actual Rows":2218175,"Actual Loops":1,"Output":["customer.c_w_id","customer.c_nationkey","orders.o_w_id","order_line.ol_amount","order_line.ol_w_id","order_line.ol_i_id","nation.n_name","nation.n_nationkey"],"Inner Unique":false,"Hash Cond":"(customer.c_nationkey = nation.n_nationkey)","Shared Hit Blocks":681750,"Shared Read Blocks":0,"Shared Dirtied Blocks":0,"Shared Written Blocks":0,"Local Hit Blocks":0,"Local Read Blocks":0,"Local Dirtied Blocks":0,"Local Written Blocks":0,"Temp Read Blocks":264991,"Temp Written Blocks":264991,"I/O Read Time":0.0,"I/O Write Time":0.0,"Temp I/O Read Time":402.366,"Temp I/O Write Time":1105.714,"Plans":[{"Node Type":"Hash Join","Parent Relationship":"Outer","Parallel Aware":false,"Async Capable":false,"Join Type":"Inner","Startup Cost":795269.78,"Total Cost":3204965.93,"Plan Rows":6161071,"Plan Width":18,"Actual Startup Time":2706.004,"Actual Total Time":26631.128,"Actual Rows":8568663,"Actual Loops":1,"Output":["customer.c_w_id","customer.c_nationkey","orders.o_w_id","order_line.ol_amount","order_line.ol_w_id","order_line.ol_i_id"],"Inner Unique":true,"Hash Cond":"((orders.o_c_id = customer.c_id) AND (orders.o_w_id = customer.c_w_id) AND (orders.o_d_id = customer.c_d_id))","Shared Hit Blocks":681748,"Shared Read Blocks":0,"Shared Dirtied Blocks":0,"Shared Written Blocks":0,"Local Hit Blocks":0,"Local Read Blocks":0,"Local Dirtied Blocks":0,"Local Written Blocks":0,"Temp Read Blocks":264991,"Temp Written Blocks":264991,"I/O Read Time":0.0,"I/O Write Time":0.0,"Temp I/O Read Time":402.366,"Temp I/O Write Time":1105.714,"Plans":[{"Node Type":"Hash Join","Parent Relationship":"Outer","Parallel Aware":false,"Async Capable":false,"Join Type":"Inner","Startup Cost":151173.84,"Total Cost":2410851.54,"Plan Rows":6161071,"Plan Width":20,"Actual Startup Time":383.769,"Actual Total Time":19991.716,"Actual Rows":8568663,"Actual Loops":1,"Output":["orders.o_c_id","orders.o_w_id","orders.o_d_id","order_line.ol_amount","order_line.ol_w_id","order_line.ol_d_id","order_line.ol_i_id"],"Inner Unique":true,"Hash Cond":"((order_line.ol_w_id = orders.o_w_id) AND (order_line.ol_d_id = orders.o_d_id) AND (order_line.ol_o_id = orders.o_id))","Shared Hit Blocks":681748,"Shared Read Blocks":0,"Shared Dirtied Blocks":0,"Shared Written Blocks":0,"Local Hit Blocks":0,"Local Read Blocks":0,"Local Dirtied Blocks":0,"Local Written Blocks":0,"Temp Read Blocks":200672,"Temp Written Blocks":200672,"I/O Read Time":0.0,"I/O Write Time":0.0,"Temp I/O Read Time":302.516,"Temp I/O Write Time":808.752,"Plans":[{"Node Type":"Seq Scan","Parent Relationship":"Outer","Parallel Aware":false,"Async Capable":false,"Relation Name":"order_line","Schema":"public","Alias":"order_line","Startup Cost":0.0,"Total Cost":1431670.8,"Plan Rows":42039468,"Plan Width":20,"Actual Startup Time":0.006,"Actual Total Time":7323.852,"Actual Rows":42000489,"Actual Loops":1,"Output":["order_line.ol_amount","order_line.ol_o_id","order_line.ol_w_id","order_line.ol_d_id","order_line.ol_i_id"],"Filter":"(order_line.ol_delivery_d >= '1992-01-02 20:10:02.27764'::timestamp without time zone)","Rows Removed by Filter":17993272,"Shared Hit Blocks":681748,"Shared Read Blocks":0,"Shared Dirtied Blocks":0,"Shared Written Blocks":0,"Local Hit Blocks":0,"Local Read Blocks":0,"Local Dirtied Blocks":0,"Local Written Blocks":0,"Temp Read Blocks":0,"Temp Written Blocks":0,"I/O Read Time":0.0,"I/O Write Time":0.0,"Temp I/O Read Time":0.0,"Temp I/O Write Time":0.0},{"Node Type":"Hash","Parent Relationship":"Inner","Parallel Aware":false,"Async Capable":false,"Startup Cost":131491.69,"Total Cost":131491.69,"Plan Rows":879323,"Plan Width":16,"Actual Startup Time":349.572,"Actual Total Time":349.582,"Actual Rows":856801,"Actual Loops":1,"Output":["orders.o_c_id","orders.o_w_id","orders.o_d_id","orders.o_id"],"Hash Buckets":262144,"Original Hash Buckets":262144,"Hash Batches":8,"Original Hash Batches":8,"Peak Memory Usage":7070,"Shared Hit Blocks":0,"Shared Read Blocks":0,"Shared Dirtied Blocks":0,"Shared Written Blocks":0,"Local Hit Blocks":0,"Local Read Blocks":0,"Local Dirtied Blocks":0,"Local Written Blocks":0,"Temp Read Blocks":0,"Temp Written Blocks":3290,"I/O Read Time":0.0,"I/O Write Time":0.0,"Temp I/O Read Time":0.0,"Temp I/O Write Time":13.775,"Plans":[{"Node Type":"Append","Parent Relationship":"Outer","Parallel Aware":false,"Async Capable":false,"Startup Cost":20.0,"Total Cost":131491.69,"Plan Rows":879323,"Plan Width":16,"Actual Startup Time":0.528,"Actual Total Time":200.29,"Actual Rows":856801,"Actual Loops":1,"Shared Hit Blocks":0,"Shared Read Blocks":0,"Shared Dirtied Blocks":0,"Shared Written Blocks":0,"Local Hit Blocks":0,"Local Read Blocks":0,"Local Dirtied Blocks":0,"Local Written Blocks":0,"Temp Read Blocks":0,"Temp Written Blocks":0,"I/O Read Time":0.0,"I/O Write Time":0.0,"Temp I/O Read Time":0.0,"Temp I/O Write Time":0.0,"Subplans Removed":0,"Plans":[{"Node Type":"Custom Scan","Parent Relationship":"Member","Custom Plan Provider":"columnar scan","Parallel Aware":false,"Async Capable":false,"Relation Name":"orders","Schema":"public","Alias":"orders","Startup Cost":20.0,"Total Cost":20684.21,"Plan Rows":879322,"Plan Width":16,"Actual Startup Time":0.528,"Actual Total Time":139.785,"Actual Rows":856801,"Actual Loops":1,"Output":["orders.o_c_id","orders.o_w_id","orders.o_d_id","orders.o_id"],"Filter":"((orders.o_entry_d < '1994-01-02 20:10:02.27764'::timestamp without time zone) AND (orders.o_entry_d >= '1993-01-02 20:10:02.27764'::timestamp without time zone))","Rows Removed by Filter":0,"Rows Removed by Columnar Filter":5143199,"Columnar cache search mode":"native","Shared Hit Blocks":0,"Shared Read Blocks":0,"Shared Dirtied Blocks":0,"Shared Written Blocks":0,"Local Hit Blocks":0,"Local Read Blocks":0,"Local Dirtied Blocks":0,"Local Written Blocks":0,"Temp Read Blocks":0,"Temp Written Blocks":0,"I/O Read Time":0.0,"I/O Write Time":0.0,"Temp I/O Read Time":0.0,"Temp I/O Write Time":0.0},{"Node Type":"Seq Scan","Parent Relationship":"Member","Parallel Aware":false,"Async Capable":false,"Relation Name":"orders","Schema":"public","Alias":"orders","Startup Cost":0.0,"Total Cost":4.01,"Plan Rows":1,"Plan Width":16,"Actual Startup Time":0.0,"Actual Total Time":0.0,"Actual Rows":0,"Actual Loops":0,"Output":["orders.o_c_id","orders.o_w_id","orders.o_d_id","orders.o_id"],"Filter":"((orders.o_entry_d < '1994-01-02 20:10:02.27764'::timestamp without time zone) AND (orders.o_entry_d >= '1993-01-02 20:10:02.27764'::timestamp without time zone))","Rows Removed by Filter":0,"Shared Hit Blocks":0,"Shared Read Blocks":0,"Shared Dirtied Blocks":0,"Shared Written Blocks":0,"Local Hit Blocks":0,"Local Read Blocks":0,"Local Dirtied Blocks":0,"Local Written Blocks":0,"Temp Read Blocks":0,"Temp Written Blocks":0,"I/O Read Time":0.0,"I/O Write Time":0.0,"Temp I/O Read Time":0.0,"Temp I/O Write Time":0.0}]}]}]},{"Node Type":"Hash","Parent Relationship":"Inner","Parallel Aware":false,"Async Capable":false,"Startup Cost":509795.49,"Total Cost":509795.49,"Plan Rows":6000140,"Plan Width":12,"Actual Startup Time":2315.16,"Actual Total Time":2315.166,"Actual Rows":6000000,"Actual Loops":1,"Output":["customer.c_id","customer.c_w_id","customer.c_d_id","customer.c_nationkey"],"Hash Buckets":262144,"Original Hash Buckets":262144,"Hash Batches":64,"Original Hash Batches":64,"Peak Memory Usage":6073,"Shared Hit Blocks":0,"Shared Read Blocks":0,"Shared Dirtied Blocks":0,"Shared Written Blocks":0,"Local Hit Blocks":0,"Local Read Blocks":0,"Local Dirtied Blocks":0,"Local Written Blocks":0,"Temp Read Blocks":0,"Temp Written Blocks":23037,"I/O Read Time":0.0,"I/O Write Time":0.0,"Temp I/O Read Time":0.0,"Temp I/O Write Time":101.071,"Plans":[{"Node Type":"Append","Parent Relationship":"Outer","Parallel Aware":false,"Async Capable":false,"Startup Cost":20.0,"Total Cost":509795.49,"Plan Rows":6000140,"Plan Width":12,"Actual Startup Time":0.019,"Actual Total Time":1310.941,"Actual Rows":6000000,"Actual Loops":1,"Shared Hit Blocks":0,"Shared Read Blocks":0,"Shared Dirtied Blocks":0,"Shared Written Blocks":0,"Local Hit Blocks":0,"Local Read Blocks":0,"Local Dirtied Blocks":0,"Local Written Blocks":0,"Temp Read Blocks":0,"Temp Written Blocks":0,"I/O Read Time":0.0,"I/O Write Time":0.0,"Temp I/O Read Time":0.0,"Temp I/O Write Time":0.0,"Subplans Removed":0,"Plans":[{"Node Type":"Custom Scan","Parent Relationship":"Member","Custom Plan Provider":"columnar scan","Parallel Aware":false,"Async Capable":false,"Relation Name":"customer","Schema":"public","Alias":"customer","Startup Cost":20.0,"Total Cost":141020.06,"Plan Rows":6000000,"Plan Width":12,"Actual Startup Time":0.018,"Actual Total Time":895.62,"Actual Rows":6000000,"Actual Loops":1,"Output":["customer.c_id","customer.c_w_id","customer.c_d_id","customer.c_nationkey"],"Rows Removed by Columnar Filter":0,"Columnar cache search mode":"native","Shared Hit Blocks":0,"Shared Read Blocks":0,"Shared Dirtied Blocks":0,"Shared Written Blocks":0,"Local Hit Blocks":0,"Local Read Blocks":0,"Local Dirtied Blocks":0,"Local Written Blocks":0,"Temp Read Blocks":0,"Temp Written Blocks":0,"I/O Read Time":0.0,"I/O Write Time":0.0,"Temp I/O Read Time":0.0,"Temp I/O Write Time":0.0},{"Node Type":"Seq Scan","Parent Relationship":"Member","Parallel Aware":false,"Async Capable":false,"Relation Name":"customer","Schema":"public","Alias":"customer","Startup Cost":0.0,"Total Cost":5.4,"Plan Rows":140,"Plan Width":12,"Actual Startup Time":0.0,"Actual Total Time":0.0,"Actual Rows":0,"Actual Loops":0,"Output":["customer.c_id","customer.c_w_id","customer.c_d_id","customer.c_nationkey"],"Shared Hit Blocks":0,"Shared Read Blocks":0,"Shared Dirtied Blocks":0,"Shared Written Blocks":0,"Local Hit Blocks":0,"Local Read Blocks":0,"Local Dirtied Blocks":0,"Local Written Blocks":0,"Temp Read Blocks":0,"Temp Written Blocks":0,"I/O Read Time":0.0,"I/O Write Time":0.0,"Temp I/O Read Time":0.0,"Temp I/O Write Time":0.0}]}]}]},{"Node Type":"Hash","Parent Relationship":"Inner","Parallel Aware":false,"Async Capable":false,"Startup Cost":2.99,"Total Cost":2.99,"Plan Rows":12,"Plan Width":12,"Actual Startup Time":0.041,"Actual Total Time":0.047,"Actual Rows":22,"Actual Loops":1,"Output":["nation.n_name","nation.n_nationkey"],"Hash Buckets":1024,"Original Hash Buckets":1024,"Hash Batches":1,"Original Hash Batches":1,"Peak Memory Usage":9,"Shared Hit Blocks":2,"Shared Read Blocks":0,"Shared Dirtied Blocks":0,"Shared Written Blocks":0,"Local Hit Blocks":0,"Local Read Blocks":0,"Local Dirtied Blocks":0,"Local Written Blocks":0,"Temp Read Blocks":0,"Temp Written Blocks":0,"I/O Read Time":0.0,"I/O Write Time":0.0,"Temp I/O Read Time":0.0,"Temp I/O Write Time":0.0,"Plans":[{"Node Type":"Hash Join","Parent Relationship":"Outer","Parallel Aware":false,"Async Capable":false,"Join Type":"Inner","Startup Cost":1.07,"Total Cost":2.99,"Plan Rows":12,"Plan Width":12,"Actual Startup Time":0.025,"Actual Total Time":0.041,"Actual Rows":22,"Actual Loops":1,"Output":["nation.n_name","nation.n_nationkey"],"Inner Unique":true,"Hash Cond":"(nation.n_regionkey = region.r_regionkey)","Shared Hit Blocks":2,"Shared Read Blocks":0,"Shared Dirtied Blocks":0,"Shared Written Blocks":0,"Local Hit Blocks":0,"Local Read Blocks":0,"Local Dirtied Blocks":0,"Local Written Blocks":0,"Temp Read Blocks":0,"Temp Written Blocks":0,"I/O Read Time":0.0,"I/O Write Time":0.0,"Temp I/O Read Time":0.0,"Temp I/O Write Time":0.0,"Plans":[{"Node Type":"Seq Scan","Parent Relationship":"Outer","Parallel Aware":false,"Async Capable":false,"Relation Name":"nation","Schema":"public","Alias":"nation","Startup Cost":0.0,"Total Cost":1.62,"Plan Rows":62,"Plan Width":16,"Actual Startup Time":0.008,"Actual Total Time":0.011,"Actual Rows":62,"Actual Loops":1,"Output":["nation.n_nationkey","nation.n_name","nation.n_regionkey","nation.n_comment"],"Shared Hit Blocks":1,"Shared Read Blocks":0,"Shared Dirtied Blocks":0,"Shared Written Blocks":0,"Local Hit Blocks":0,"Local Read Blocks":0,"Local Dirtied Blocks":0,"Local Written Blocks":0,"Temp Read Blocks":0,"Temp Written Blocks":0,"I/O Read Time":0.0,"I/O Write Time":0.0,"Temp I/O Read Time":0.0,"Temp I/O Write Time":0.0},{"Node Type":"Hash","Parent Relationship":"Inner","Parallel Aware":false,"Async Capable":false,"Startup Cost":1.06,"Total Cost":1.06,"Plan Rows":1,"Plan Width":4,"Actual Startup Time":0.008,"Actual Total Time":0.01,"Actual Rows":1,"Actual Loops":1,"Output":["region.r_regionkey"],"Hash Buckets":1024,"Original Hash Buckets":1024,"Hash Batches":1,"Original Hash Batches":1,"Peak Memory Usage":9,"Shared Hit Blocks":1,"Shared Read Blocks":0,"Shared Dirtied Blocks":0,"Shared Written Blocks":0,"Local Hit Blocks":0,"Local Read Blocks":0,"Local Dirtied Blocks":0,"Local Written Blocks":0,"Temp Read Blocks":0,"Temp Written Blocks":0,"I/O Read Time":0.0,"I/O Write Time":0.0,"Temp I/O Read Time":0.0,"Temp I/O Write Time":0.0,"Plans":[{"Node Type":"Seq Scan","Parent Relationship":"Outer","Parallel Aware":false,"Async Capable":false,"Relation Name":"region","Schema":"public","Alias":"region","Startup Cost":0.0,"Total Cost":1.06,"Plan Rows":1,"Plan Width":4,"Actual Startup Time":0.006,"Actual Total Time":0.007,"Actual Rows":1,"Actual Loops":1,"Output":["region.r_regionkey"],"Filter":"((region.r_name)::text = 'Europe'::text)","Rows Removed by Filter":4,"Shared Hit Blocks":1,"Shared Read Blocks":0,"Shared Dirtied Blocks":0,"Shared Written Blocks":0,"Local Hit Blocks":0,"Local Read Blocks":0,"Local Dirtied Blocks":0,"Local Written Blocks":0,"Temp Read Blocks":0,"Temp Written Blocks":0,"I/O Read Time":0.0,"I/O Write Time":0.0,"Temp I/O Read Time":0.0,"Temp I/O Write Time":0.0}]}]}]}]}]},{"Node Type":"Index Only Scan","Parent Relationship":"Inner","Parallel Aware":false,"Async Capable":false,"Scan Direction":"Forward","Index Name":"stock_pk","Relation Name":"stock","Schema":"public","Alias":"stock","Startup Cost":0.44,"Total Cost":519363.62,"Plan Rows":20000212,"Plan Width":6,"Actual Startup Time":0.049,"Actual Total Time":1406.778,"Actual Rows":19999994,"Actual Loops":1,"Output":["stock.s_w_id","stock.s_i_id"],"Heap Fetches":0,"Shared Hit Blocks":54673,"Shared Read Blocks":0,"Shared Dirtied Blocks":0,"Shared Written Blocks":0,"Local Hit Blocks":0,"Local Read Blocks":0,"Local Dirtied Blocks":0,"Local Written Blocks":0,"Temp Read Blocks":0,"Temp Written Blocks":0,"I/O Read Time":0.0,"I/O Write Time":0.0,"Temp I/O Read Time":0.0,"Temp I/O Write Time":0.0}]},{"Node Type":"Hash","Parent Relationship":"Inner","Parallel Aware":false,"Async Capable":false,"Startup Cost":219.01,"Total Cost":219.01,"Plan Rows":10001,"Plan Width":8,"Actual Startup Time":3.109,"Actual Total Time":3.112,"Actual Rows":10000,"Actual Loops":1,"Output":["supplier.su_suppkey","supplier.su_nationkey"],"Hash Buckets":16384,"Original Hash Buckets":16384,"Hash Batches":1,"Original Hash Batches":1,"Peak Memory Usage":519,"Shared Hit Blocks":0,"Shared Read Blocks":0,"Shared Dirtied Blocks":0,"Shared Written Blocks":0,"Local Hit Blocks":0,"Local Read Blocks":0,"Local Dirtied Blocks":0,"Local Written Blocks":0,"Temp Read Blocks":0,"Temp Written Blocks":0,"I/O Read Time":0.0,"I/O Write Time":0.0,"Temp I/O Read Time":0.0,"Temp I/O Write Time":0.0,"Plans":[{"Node Type":"Append","Parent Relationship":"Outer","Parallel Aware":false,"Async Capable":false,"Startup Cost":20.0,"Total Cost":219.01,"Plan Rows":10001,"Plan Width":8,"Actual Startup Time":0.013,"Actual Total Time":1.815,"Actual Rows":10000,"Actual Loops":1,"Shared Hit Blocks":0,"Shared Read Blocks":0,"Shared Dirtied Blocks":0,"Shared Written Blocks":0,"Local Hit Blocks":0,"Local Read Blocks":0,"Local Dirtied Blocks":0,"Local Written Blocks":0,"Temp Read Blocks":0,"Temp Written Blocks":0,"I/O Read Time":0.0,"I/O Write Time":0.0,"Temp I/O Read Time":0.0,"Temp I/O Write Time":0.0,"Subplans Removed":0,"Plans":[{"Node Type":"Custom Scan","Parent Relationship":"Member","Custom Plan Provider":"columnar scan","Parallel Aware":false,"Async Capable":false,"Relation Name":"supplier","Schema":"public","Alias":"supplier","Startup Cost":20.0,"Total Cost":215.0,"Plan Rows":10000,"Plan Width":8,"Actual Startup Time":0.012,"Actual Total Time":1.094,"Actual Rows":10000,"Actual Loops":1,"Output":["supplier.su_suppkey","supplier.su_nationkey"],"Rows Removed by Columnar Filter":0,"Columnar cache search mode":"native","Shared Hit Blocks":0,"Shared Read Blocks":0,"Shared Dirtied Blocks":0,"Shared Written Blocks":0,"Local Hit Blocks":0,"Local Read Blocks":0,"Local Dirtied Blocks":0,"Local Written Blocks":0,"Temp Read Blocks":0,"Temp Written Blocks":0,"I/O Read Time":0.0,"I/O Write Time":0.0,"Temp I/O Read Time":0.0,"Temp I/O Write Time":0.0},{"Node Type":"Seq Scan","Parent Relationship":"Member","Parallel Aware":false,"Async Capable":false,"Relation Name":"supplier","Schema":"public","Alias":"supplier","Startup Cost":0.0,"Total Cost":4.01,"Plan Rows":1,"Plan Width":8,"Actual Startup Time":0.0,"Actual Total Time":0.0,"Actual Rows":0,"Actual Loops":0,"Output":["supplier.su_suppkey","supplier.su_nationkey"],"Shared Hit Blocks":0,"Shared Read Blocks":0,"Shared Dirtied Blocks":0,"Shared Written Blocks":0,"Local Hit Blocks":0,"Local Read Blocks":0,"Local Dirtied Blocks":0,"Local Written Blocks":0,"Temp Read Blocks":0,"Temp Written Blocks":0,"I/O Read Time":0.0,"I/O Write Time":0.0,"Temp I/O Read Time":0.0,"Temp I/O Write Time":0.0}]}]}]}]}]}]},"Planning":{"Shared Hit Blocks":220,"Shared Read Blocks":0,"Shared Dirtied Blocks":0,"Shared Written Blocks":0,"Local Hit Blocks":0,"Local Read Blocks":0,"Local Dirtied Blocks":0,"Local Written Blocks":0,"Temp Read Blocks":0,"Temp Written Blocks":0,"I/O Read Time":0.0,"I/O Write Time":0.0,"Temp I/O Read Time":0.0,"Temp I/O Write Time":0.0},"Planning Time":5.965,"Triggers":[],"Execution Time":34062.343}]
[列存组合]: customer, order_line, orders, region, stock, supplier
[{"Plan":{"Node Type":"Sort","Parallel Aware":false,"Async Capable":false,"Startup Cost":2388796.72,"Total Cost":2388796.88,"Plan Rows":62,"Plan Width":40,"Actual Startup Time":11524.797,"Actual Total Time":11524.847,"Actual Rows":11,"Actual Loops":1,"Output":["nation.n_name","(sum(order_line.ol_amount))"],"Sort Key":["(sum(order_line.ol_amount)) DESC"],"Sort Method":"quicksort","Sort Space Used":25,"Sort Space Type":"Memory","Shared Hit Blocks":2,"Shared Read Blocks":0,"Shared Dirtied Blocks":0,"Shared Written Blocks":0,"Local Hit Blocks":0,"Local Read Blocks":0,"Local Dirtied Blocks":0,"Local Written Blocks":0,"Temp Read Blocks":67001,"Temp Written Blocks":67001,"I/O Read Time":0.0,"I/O Write Time":0.0,"Temp I/O Read Time":104.082,"Temp I/O Write Time":306.51,"Plans":[{"Node Type":"Aggregate","Strategy":"Sorted","Partial Mode":"Simple","Parent Relationship":"Outer","Parallel Aware":false,"Async Capable":false,"Startup Cost":2388643.08,"Total Cost":2388794.88,"Plan Rows":62,"Plan Width":40,"Actual Startup Time":11518.885,"Actual Total Time":11524.829,"Actual Rows":11,"Actual Loops":1,"Output":["nation.n_name","sum(order_line.ol_amount)"],"Group Key":["nation.n_name"],"Shared Hit Blocks":2,"Shared Read Blocks":0,"Shared Dirtied Blocks":0,"Shared Written Blocks":0,"Local Hit Blocks":0,"Local Read Blocks":0,"Local Dirtied Blocks":0,"Local Written Blocks":0,"Temp Read Blocks":67001,"Temp Written Blocks":67001,"I/O Read Time":0.0,"I/O Write Time":0.0,"Temp I/O Read Time":104.082,"Temp I/O Write Time":306.51,"Plans":[{"Node Type":"Sort","Parent Relationship":"Outer","Parallel Aware":false,"Async Capable":false,"Startup Cost":2388643.08,"Total Cost":2388693.42,"Plan Rows":20136,"Plan Width":12,"Actual Startup Time":11518.447,"Actual Total Time":11520.272,"Actual Rows":35044,"Actual Loops":1,"Output":["nation.n_name","order_line.ol_amount"],"Sort Key":["nation.n_name"],"Sort Method":"quicksort","Sort Space Used":3146,"Sort Space Type":"Memory","Shared Hit Blocks":2,"Shared Read Blocks":0,"Shared Dirtied Blocks":0,"Shared Written Blocks":0,"Local Hit Blocks":0,"Local Read Blocks":0,"Local Dirtied Blocks":0,"Local Written Blocks":0,"Temp Read Blocks":67001,"Temp Written Blocks":67001,"I/O Read Time":0.0,"I/O Write Time":0.0,"Temp I/O Read Time":104.082,"Temp I/O Write Time":306.51,"Plans":[{"Node Type":"Hash Join","Parent Relationship":"Outer","Parallel Aware":false,"Async Capable":false,"Join Type":"Inner","Startup Cost":869194.74,"Total Cost":2387203.61,"Plan Rows":20136,"Plan Width":12,"Actual Startup Time":4798.624,"Actual Total Time":11501.549,"Actual Rows":35044,"Actual Loops":1,"Output":["nation.n_name","order_line.ol_amount"],"Hash Cond":"((orders.o_c_id = customer.c_id) AND (orders.o_w_id = customer.c_w_id) AND (orders.o_d_id = customer.c_d_id) AND (supplier.su_nationkey = customer.c_nationkey))","Shared Hit Blocks":2,"Shared Read Blocks":0,"Shared Dirtied Blocks":0,"Shared Written Blocks":0,"Local Hit Blocks":0,"Local Read Blocks":0,"Local Dirtied Blocks":0,"Local Written Blocks":0,"Temp Read Blocks":67001,"Temp Written Blocks":67001,"I/O Read Time":0.0,"I/O Write Time":0.0,"Temp I/O Read Time":104.082,"Temp I/O Write Time":306.51,"Plans":[{"Node Type":"Hash Join","Parent Relationship":"Outer","Parallel Aware":false,"Async Capable":false,"Join Type":"Inner","Startup Cost":210098.45,"Total Cost":1666357.09,"Plan Rows":1242117,"Plan Width":34,"Actual Startup Time":2288.898,"Actual Total Time":7505.764,"Actual Rows":2982388,"Actual Loops":1,"Output":["orders.o_c_id","orders.o_w_id","orders.o_d_id","order_line.ol_amount","order_line.ol_w_id","order_line.ol_d_id","stock.s_w_id","supplier.su_nationkey","nation.n_name","nation.n_nationkey"],"Hash Cond":"((order_line.ol_w_id = orders.o_w_id) AND (order_line.ol_d_id = orders.o_d_id) AND (order_line.ol_o_id = orders.o_id))","Shared Hit Blocks":2,"Shared Read Blocks":0,"Shared Dirtied Blocks":0,"Shared Written Blocks":0,"Local Hit Blocks":0,"Local Read Blocks":0,"Local Dirtied Blocks":0,"Local Written Blocks":0,"Temp Read Blocks":23127,"Temp Written Blocks":23127,"I/O Read Time":0.0,"I/O Write Time":0.0,"Temp I/O Read Time":36.164,"Temp I/O Write Time":107.093,"Plans":[{"Node Type":"Hash Join","Parent Relationship":"Outer","Parallel Aware":false,"Async Capable":false,"Join Type":"Inner","Startup Cost":58924.61,"Total Cost":1311895.2,"Plan Rows":8467814,"Plan Width":34,"Actual Startup Time":1881.397,"Actual Total Time":5511.934,"Actual Rows":3000322,"Actual Loops":1,"Output":["order_line.ol_amount","order_line.ol_o_id","order_line.ol_w_id","order_line.ol_d_id","stock.s_w_id","supplier.su_nationkey","nation.n_name","nation.n_nationkey"],"Hash Cond":"(mod((stock.s_w_id * stock.s_i_id), 10000) = supplier.su_suppkey)","Shared Hit Blocks":2,"Shared Read Blocks":0,"Shared Dirtied Blocks":0,"Shared Written Blocks":0,"Local Hit Blocks":0,"Local Read Blocks":0,"Local Dirtied Blocks":0,"Local Written Blocks":0,"Temp Read Blocks":0,"Temp Written Blocks":0,"I/O Read Time":0.0,"I/O Write Time":0.0,"Temp I/O Read Time":0.0,"Temp I/O Write Time":0.0,"Plans":[{"Node Type":"Hash Join","Parent Relationship":"Outer","Parallel Aware":false,"Async Capable":false,"Join Type":"Inner","Startup Cost":58620.59,"Total Cost":962293.85,"Plan Rows":42339072,"Plan Width":22,"Actual Startup Time":1878.836,"Actual Total Time":4108.091,"Actual Rows":8620885,"Actual Loops":1,"Output":["order_line.ol_amount","order_line.ol_o_id","order_line.ol_w_id","order_line.ol_d_id","stock.s_w_id","stock.s_i_id"],"Hash Cond":"((order_line.ol_w_id = stock.s_w_id) AND (order_line.ol_i_id = stock.s_i_id))","Rows Removed by Bloom Filter":0,"Shared Hit Blocks":0,"Shared Read Blocks":0,"Shared Dirtied Blocks":0,"Shared Written Blocks":0,"Local Hit Blocks":0,"Local Read Blocks":0,"Local Dirtied Blocks":0,"Local Written Blocks":0,"Temp Read Blocks":0,"Temp Written Blocks":0,"I/O Read Time":0.0,"I/O Write Time":0.0,"Temp I/O Read Time":0.0,"Temp I/O Write Time":0.0,"Plans":[{"Node Type":"Append","Parent Relationship":"Outer","Parallel Aware":false,"Async Capable":false,"Startup Cost":20.0,"Total Cost":1072031.01,"Plan Rows":42039468,"Plan Width":20,"Actual Startup Time":247.478,"Actual Total Time":247.493,"Actual Rows":8620885,"Actual Loops":1,"Shared Hit Blocks":0,"Shared Read Blocks":0,"Shared Dirtied Blocks":0,"Shared Written Blocks":0,"Local Hit Blocks":0,"Local Read Blocks":0,"Local Dirtied Blocks":0,"Local Written Blocks":0,"Temp Read Blocks":0,"Temp Written Blocks":0,"I/O Read Time":0.0,"I/O Write Time":0.0,"Temp I/O Read Time":0.0,"Temp I/O Write Time":0.0,"Subplans Removed":0,"Plans":[{"Node Type":"Custom Scan","Parent Relationship":"Member","Custom Plan Provider":"columnar scan","Parallel Aware":false,"Async Capable":false,"Relation Name":"order_line","Schema":"public","Alias":"order_line","Startup Cost":20.0,"Total Cost":1072026.23,"Plan Rows":42039424,"Plan Width":20,"Actual Startup Time":247.476,"Actual Total Time":247.478,"Actual Rows":8620885,"Actual Loops":1,"Output":["order_line.ol_amount","order_line.ol_o_id","order_line.ol_w_id","order_line.ol_d_id","order_line.ol_i_id"],"Filter":"(order_line.ol_delivery_d >= '1992-01-02 20:10:02.27764'::timestamp without time zone)","Rows Removed by Filter":0,"Rows Removed by Columnar Filter":51372876,"Rows Filtered by Bloom Filter":0,"Dictionary Rows Filtered by Bloom Filter":51372876,"Columnar cache search mode":"native","Shared Hit Blocks":0,"Shared Read Blocks":0,"Shared Dirtied Blocks":0,"Shared Written Blocks":0,"Local Hit Blocks":0,"Local Read Blocks":0,"Local Dirtied Blocks":0,"Local Written Blocks":0,"Temp Read Blocks":0,"Temp Written Blocks":0,"I/O Read Time":0.0,"I/O Write Time":0.0,"Temp I/O Read Time":0.0,"Temp I/O Write Time":0.0},{"Node Type":"Seq Scan","Parent Relationship":"Member","Parallel Aware":false,"Async Capable":false,"Relation Name":"order_line","Schema":"public","Alias":"order_line","Startup Cost":0.0,"Total Cost":4.79,"Plan Rows":44,"Plan Width":20,"Actual Startup Time":0.0,"Actual Total Time":0.0,"Actual Rows":0,"Actual Loops":0,"Output":["order_line.ol_amount","order_line.ol_o_id","order_line.ol_w_id","order_line.ol_d_id","order_line.ol_i_id"],"Filter":"(order_line.ol_delivery_d >= '1992-01-02 20:10:02.27764'::timestamp without time zone)","Rows Removed by Filter":0,"Shared Hit Blocks":0,"Shared Read Blocks":0,"Shared Dirtied Blocks":0,"Shared Written Blocks":0,"Local Hit Blocks":0,"Local Read Blocks":0,"Local Dirtied Blocks":0,"Local Written Blocks":0,"Temp Read Blocks":0,"Temp Written Blocks":0,"I/O Read Time":0.0,"I/O Write Time":0.0,"Temp I/O Read Time":0.0,"Temp I/O Write Time":0.0}]},{"Node Type":"Hash","Parent Relationship":"Inner","Parallel Aware":false,"Async Capable":false,"Startup Cost":390026.22,"Total Cost":390026.22,"Plan Rows":20000212,"Plan Width":6,"Actual Rows":20000000,"Actual Loops":1,"Output":["stock.s_w_id","stock.s_i_id"],"Shared Hit Blocks":0,"Shared Read Blocks":0,"Shared Dirtied Blocks":0,"Shared Written Blocks":0,"Local Hit Blocks":0,"Local Read Blocks":0,"Local Dirtied Blocks":0,"Local Written Blocks":0,"Temp Read Blocks":0,"Temp Written Blocks":0,"I/O Read Time":0.0,"I/O Write Time":0.0,"Temp I/O Read Time":0.0,"Temp I/O Write Time":0.0,"Plans":[{"Node Type":"Append","Parent Relationship":"Outer","Parallel Aware":false,"Async Capable":false,"Startup Cost":20.0,"Total Cost":390026.22,"Plan Rows":20000212,"Plan Width":6,"Actual Startup Time":0.425,"Actual Total Time":0.427,"Actual Rows":20000000,"Actual Loops":1,"Shared Hit Blocks":0,"Shared Read Blocks":0,"Shared Dirtied Blocks":0,"Shared Written Blocks":0,"Local Hit Blocks":0,"Local Read Blocks":0,"Local Dirtied Blocks":0,"Local Written Blocks":0,"Temp Read Blocks":0,"Temp Written Blocks":0,"I/O Read Time":0.0,"I/O Write Time":0.0,"Temp I/O Read Time":0.0,"Temp I/O Write Time":0.0,"Subplans Removed":0,"Plans":[{"Node Type":"Custom Scan","Parent Relationship":"Member","Custom Plan Provider":"columnar scan","Parallel Aware":false,"Async Capable":false,"Relation Name":"stock","Schema":"public","Alias":"stock","Startup Cost":20.0,"Total Cost":390020.1,"Plan Rows":20000000,"Plan Width":6,"Actual Startup Time":0.424,"Actual Total Time":0.424,"Actual Rows":20000000,"Actual Loops":1,"Output":["stock.s_w_id","stock.s_i_id"],"Rows Removed by Columnar Filter":0,"Columnar cache search mode":"native","Shared Hit Blocks":0,"Shared Read Blocks":0,"Shared Dirtied Blocks":0,"Shared Written Blocks":0,"Local Hit Blocks":0,"Local Read Blocks":0,"Local Dirtied Blocks":0,"Local Written Blocks":0,"Temp Read Blocks":0,"Temp Written Blocks":0,"I/O Read Time":0.0,"I/O Write Time":0.0,"Temp I/O Read Time":0.0,"Temp I/O Write Time":0.0},{"Node Type":"Seq Scan","Parent Relationship":"Member","Parallel Aware":false,"Async Capable":false,"Relation Name":"stock","Schema":"public","Alias":"stock","Startup Cost":0.0,"Total Cost":6.12,"Plan Rows":212,"Plan Width":6,"Actual Startup Time":0.0,"Actual Total Time":0.0,"Actual Rows":0,"Actual Loops":0,"Output":["stock.s_w_id","stock.s_i_id"],"Shared Hit Blocks":0,"Shared Read Blocks":0,"Shared Dirtied Blocks":0,"Shared Written Blocks":0,"Local Hit Blocks":0,"Local Read Blocks":0,"Local Dirtied Blocks":0,"Local Written Blocks":0,"Temp Read Blocks":0,"Temp Written Blocks":0,"I/O Read Time":0.0,"I/O Write Time":0.0,"Temp I/O Read Time":0.0,"Temp I/O Write Time":0.0}]}]}]},{"Node Type":"Hash","Parent Relationship":"Inner","Parallel Aware":false,"Async Capable":false,"Startup Cost":279.02,"Total Cost":279.02,"Plan Rows":2000,"Plan Width":20,"Actual Startup Time":2.527,"Actual Total Time":2.541,"Actual Rows":3506,"Actual Loops":1,"Output":["supplier.su_suppkey","supplier.su_nationkey","nation.n_name","nation.n_nationkey"],"Hash Buckets":4096,"Original Hash Buckets":2048,"Hash Batches":1,"Original Hash Batches":1,"Peak Memory Usage":217,"Shared Hit Blocks":2,"Shared Read Blocks":0,"Shared Dirtied Blocks":0,"Shared Written Blocks":0,"Local Hit Blocks":0,"Local Read Blocks":0,"Local Dirtied Blocks":0,"Local Written Blocks":0,"Temp Read Blocks":0,"Temp Written Blocks":0,"I/O Read Time":0.0,"I/O Write Time":0.0,"Temp I/O Read Time":0.0,"Temp I/O Write Time":0.0,"Plans":[{"Node Type":"Hash Join","Parent Relationship":"Outer","Parallel Aware":false,"Async Capable":false,"Join Type":"Inner","Startup Cost":23.14,"Total Cost":279.02,"Plan Rows":2000,"Plan Width":20,"Actual Startup Time":0.54,"Actual Total Time":1.959,"Actual Rows":3506,"Actual Loops":1,"Output":["supplier.su_suppkey","supplier.su_nationkey","nation.n_name","nation.n_nationkey"],"Hash Cond":"(supplier.su_nationkey = nation.n_nationkey)","Shared Hit Blocks":2,"Shared Read Blocks":0,"Shared Dirtied Blocks":0,"Shared Written Blocks":0,"Local Hit Blocks":0,"Local Read Blocks":0,"Local Dirtied Blocks":0,"Local Written Blocks":0,"Temp Read Blocks":0,"Temp Written Blocks":0,"I/O Read Time":0.0,"I/O Write Time":0.0,"Temp I/O Read Time":0.0,"Temp I/O Write Time":0.0,"Plans":[{"Node Type":"Append","Parent Relationship":"Outer","Parallel Aware":false,"Async Capable":false,"Startup Cost":20.0,"Total Cost":219.01,"Plan Rows":10001,"Plan Width":8,"Actual Startup Time":0.094,"Actual Total Time":0.858,"Actual Rows":3506,"Actual Loops":1,"Shared Hit Blocks":0,"Shared Read Blocks":0,"Shared Dirtied Blocks":0,"Shared Written Blocks":0,"Local Hit Blocks":0,"Local Read Blocks":0,"Local Dirtied Blocks":0,"Local Written Blocks":0,"Temp Read Blocks":0,"Temp Written Blocks":0,"I/O Read Time":0.0,"I/O Write Time":0.0,"Temp I/O Read Time":0.0,"Temp I/O Write Time":0.0,"Subplans Removed":0,"Plans":[{"Node Type":"Custom Scan","Parent Relationship":"Member","Custom Plan Provider":"columnar scan","Parallel Aware":false,"Async Capable":false,"Relation Name":"supplier","Schema":"public","Alias":"supplier","Startup Cost":20.0,"Total Cost":215.0,"Plan Rows":10000,"Plan Width":8,"Actual Startup Time":0.094,"Actual Total Time":0.601,"Actual Rows":3506,"Actual Loops":1,"Output":["supplier.su_suppkey","supplier.su_nationkey"],"Rows Removed by Columnar Filter":6494,"Rows Filtered by Bloom Filter":0,"Dictionary Rows Filtered by Bloom Filter":6494,"Columnar cache search mode":"native","Shared Hit Blocks":0,"Shared Read Blocks":0,"Shared Dirtied Blocks":0,"Shared Written Blocks":0,"Local Hit Blocks":0,"Local Read Blocks":0,"Local Dirtied Blocks":0,"Local Written Blocks":0,"Temp Read Blocks":0,"Temp Written Blocks":0,"I/O Read Time":0.0,"I/O Write Time":0.0,"Temp I/O Read Time":0.0,"Temp I/O Write Time":0.0},{"Node Type":"Seq Scan","Parent Relationship":"Member","Parallel Aware":false,"Async Capable":false,"Relation Name":"supplier","Schema":"public","Alias":"supplier","Startup Cost":0.0,"Total Cost":4.01,"Plan Rows":1,"Plan Width":8,"Actual Startup Time":0.0,"Actual Total Time":0.0,"Actual Rows":0,"Actual Loops":0,"Output":["supplier.su_suppkey","supplier.su_nationkey"],"Shared Hit Blocks":0,"Shared Read Blocks":0,"Shared Dirtied Blocks":0,"Shared Written Blocks":0,"Local Hit Blocks":0,"Local Read Blocks":0,"Local Dirtied Blocks":0,"Local Written Blocks":0,"Temp Read Blocks":0,"Temp Written Blocks":0,"I/O Read Time":0.0,"I/O Write Time":0.0,"Temp I/O Read Time":0.0,"Temp I/O Write Time":0.0}]},{"Node Type":"Hash","Parent Relationship":"Inner","Parallel Aware":false,"Async Capable":false,"Startup Cost":2.99,"Total Cost":2.99,"Plan Rows":12,"Plan Width":12,"Actual Startup Time":0.065,"Actual Total Time":0.071,"Actual Rows":22,"Actual Loops":1,"Output":["nation.n_name","nation.n_nationkey"],"Hash Buckets":1024,"Original Hash Buckets":1024,"Hash Batches":1,"Original Hash Batches":1,"Peak Memory Usage":9,"Shared Hit Blocks":2,"Shared Read Blocks":0,"Shared Dirtied Blocks":0,"Shared Written Blocks":0,"Local Hit Blocks":0,"Local Read Blocks":0,"Local Dirtied Blocks":0,"Local Written Blocks":0,"Temp Read Blocks":0,"Temp Written Blocks":0,"I/O Read Time":0.0,"I/O Write Time":0.0,"Temp I/O Read Time":0.0,"Temp I/O Write Time":0.0,"Plans":[{"Node Type":"Hash Join","Parent Relationship":"Outer","Parallel Aware":false,"Async Capable":false,"Join Type":"Inner","Startup Cost":1.07,"Total Cost":2.99,"Plan Rows":12,"Plan Width":12,"Actual Startup Time":0.043,"Actual Total Time":0.061,"Actual Rows":22,"Actual Loops":1,"Output":["nation.n_name","nation.n_nationkey"],"Hash Cond":"(nation.n_regionkey = region.r_regionkey)","Shared Hit Blocks":2,"Shared Read Blocks":0,"Shared Dirtied Blocks":0,"Shared Written Blocks":0,"Local Hit Blocks":0,"Local Read Blocks":0,"Local Dirtied Blocks":0,"Local Written Blocks":0,"Temp Read Blocks":0,"Temp Written Blocks":0,"I/O Read Time":0.0,"I/O Write Time":0.0,"Temp I/O Read Time":0.0,"Temp I/O Write Time":0.0,"Plans":[{"Node Type":"Seq Scan","Parent Relationship":"Outer","Parallel Aware":false,"Async Capable":false,"Relation Name":"nation","Schema":"public","Alias":"nation","Startup Cost":0.0,"Total Cost":1.62,"Plan Rows":62,"Plan Width":16,"Actual Startup Time":0.017,"Actual Total Time":0.021,"Actual Rows":62,"Actual Loops":1,"Output":["nation.n_nationkey","nation.n_name","nation.n_regionkey","nation.n_comment"],"Shared Hit Blocks":1,"Shared Read Blocks":0,"Shared Dirtied Blocks":0,"Shared Written Blocks":0,"Local Hit Blocks":0,"Local Read Blocks":0,"Local Dirtied Blocks":0,"Local Written Blocks":0,"Temp Read Blocks":0,"Temp Written Blocks":0,"I/O Read Time":0.0,"I/O Write Time":0.0,"Temp I/O Read Time":0.0,"Temp I/O Write Time":0.0},{"Node Type":"Hash","Parent Relationship":"Inner","Parallel Aware":false,"Async Capable":false,"Startup Cost":1.06,"Total Cost":1.06,"Plan Rows":1,"Plan Width":4,"Actual Startup Time":0.013,"Actual Total Time":0.014,"Actual Rows":1,"Actual Loops":1,"Output":["region.r_regionkey"],"Hash Buckets":1024,"Original Hash Buckets":1024,"Hash Batches":1,"Original Hash Batches":1,"Peak Memory Usage":9,"Shared Hit Blocks":1,"Shared Read Blocks":0,"Shared Dirtied Blocks":0,"Shared Written Blocks":0,"Local Hit Blocks":0,"Local Read Blocks":0,"Local Dirtied Blocks":0,"Local Written Blocks":0,"Temp Read Blocks":0,"Temp Written Blocks":0,"I/O Read Time":0.0,"I/O Write Time":0.0,"Temp I/O Read Time":0.0,"Temp I/O Write Time":0.0,"Plans":[{"Node Type":"Seq Scan","Parent Relationship":"Outer","Parallel Aware":false,"Async Capable":false,"Relation Name":"region","Schema":"public","Alias":"region","Startup Cost":0.0,"Total Cost":1.06,"Plan Rows":1,"Plan Width":4,"Actual Startup Time":0.011,"Actual Total Time":0.011,"Actual Rows":1,"Actual Loops":1,"Output":["region.r_regionkey"],"Filter":"((region.r_name)::text = 'Europe'::text)","Rows Removed by Filter":4,"Shared Hit Blocks":1,"Shared Read Blocks":0,"Shared Dirtied Blocks":0,"Shared Written Blocks":0,"Local Hit Blocks":0,"Local Read Blocks":0,"Local Dirtied Blocks":0,"Local Written Blocks":0,"Temp Read Blocks":0,"Temp Written Blocks":0,"I/O Read Time":0.0,"I/O Write Time":0.0,"Temp I/O Read Time":0.0,"Temp I/O Write Time":0.0}]}]}]}]}]}]},{"Node Type":"Hash","Parent Relationship":"Inner","Parallel Aware":false,"Async Capable":false,"Startup Cost":131491.69,"Total Cost":131491.69,"Plan Rows":879323,"Plan Width":16,"Actual Startup Time":405.849,"Actual Total Time":405.853,"Actual Rows":856801,"Actual Loops":1,"Output":["orders.o_c_id","orders.o_w_id","orders.o_d_id","orders.o_id"],"Hash Buckets":262144,"Original Hash Buckets":262144,"Hash Batches":8,"Original Hash Batches":8,"Peak Memory Usage":7070,"Shared Hit Blocks":0,"Shared Read Blocks":0,"Shared Dirtied Blocks":0,"Shared Written Blocks":0,"Local Hit Blocks":0,"Local Read Blocks":0,"Local Dirtied Blocks":0,"Local Written Blocks":0,"Temp Read Blocks":0,"Temp Written Blocks":3290,"I/O Read Time":0.0,"I/O Write Time":0.0,"Temp I/O Read Time":0.0,"Temp I/O Write Time":14.038,"Plans":[{"Node Type":"Append","Parent Relationship":"Outer","Parallel Aware":false,"Async Capable":false,"Startup Cost":20.0,"Total Cost":131491.69,"Plan Rows":879323,"Plan Width":16,"Actual Startup Time":0.492,"Actual Total Time":205.823,"Actual Rows":856801,"Actual Loops":1,"Shared Hit Blocks":0,"Shared Read Blocks":0,"Shared Dirtied Blocks":0,"Shared Written Blocks":0,"Local Hit Blocks":0,"Local Read Blocks":0,"Local Dirtied Blocks":0,"Local Written Blocks":0,"Temp Read Blocks":0,"Temp Written Blocks":0,"I/O Read Time":0.0,"I/O Write Time":0.0,"Temp I/O Read Time":0.0,"Temp I/O Write Time":0.0,"Subplans Removed":0,"Plans":[{"Node Type":"Custom Scan","Parent Relationship":"Member","Custom Plan Provider":"columnar scan","Parallel Aware":false,"Async Capable":false,"Relation Name":"orders","Schema":"public","Alias":"orders","Startup Cost":20.0,"Total Cost":20684.21,"Plan Rows":879322,"Plan Width":16,"Actual Startup Time":0.491,"Actual Total Time":146.124,"Actual Rows":856801,"Actual Loops":1,"Output":["orders.o_c_id","orders.o_w_id","orders.o_d_id","orders.o_id"],"Filter":"((orders.o_entry_d < '1994-01-02 20:10:02.27764'::timestamp without time zone) AND (orders.o_entry_d >= '1993-01-02 20:10:02.27764'::timestamp without time zone))","Rows Removed by Filter":0,"Rows Removed by Columnar Filter":5143199,"Columnar cache search mode":"native","Shared Hit Blocks":0,"Shared Read Blocks":0,"Shared Dirtied Blocks":0,"Shared Written Blocks":0,"Local Hit Blocks":0,"Local Read Blocks":0,"Local Dirtied Blocks":0,"Local Written Blocks":0,"Temp Read Blocks":0,"Temp Written Blocks":0,"I/O Read Time":0.0,"I/O Write Time":0.0,"Temp I/O Read Time":0.0,"Temp I/O Write Time":0.0},{"Node Type":"Seq Scan","Parent Relationship":"Member","Parallel Aware":false,"Async Capable":false,"Relation Name":"orders","Schema":"public","Alias":"orders","Startup Cost":0.0,"Total Cost":4.01,"Plan Rows":1,"Plan Width":16,"Actual Startup Time":0.0,"Actual Total Time":0.0,"Actual Rows":0,"Actual Loops":0,"Output":["orders.o_c_id","orders.o_w_id","orders.o_d_id","orders.o_id"],"Filter":"((orders.o_entry_d < '1994-01-02 20:10:02.27764'::timestamp without time zone) AND (orders.o_entry_d >= '1993-01-02 20:10:02.27764'::timestamp without time zone))","Rows Removed by Filter":0,"Shared Hit Blocks":0,"Shared Read Blocks":0,"Shared Dirtied Blocks":0,"Shared Written Blocks":0,"Local Hit Blocks":0,"Local Read Blocks":0,"Local Dirtied Blocks":0,"Local Written Blocks":0,"Temp Read Blocks":0,"Temp Written Blocks":0,"I/O Read Time":0.0,"I/O Write Time":0.0,"Temp I/O Read Time":0.0,"Temp I/O Write Time":0.0}]}]}]},{"Node Type":"Hash","Parent Relationship":"Inner","Parallel Aware":false,"Async Capable":false,"Startup Cost":509795.49,"Total Cost":509795.49,"Plan Rows":6000140,"Plan Width":12,"Actual Startup Time":2384.335,"Actual Total Time":2384.337,"Actual Rows":6000000,"Actual Loops":1,"Output":["customer.c_id","customer.c_w_id","customer.c_d_id","customer.c_nationkey"],"Hash Buckets":262144,"Original Hash Buckets":262144,"Hash Batches":64,"Original Hash Batches":64,"Peak Memory Usage":6083,"Shared Hit Blocks":0,"Shared Read Blocks":0,"Shared Dirtied Blocks":0,"Shared Written Blocks":0,"Local Hit Blocks":0,"Local Read Blocks":0,"Local Dirtied Blocks":0,"Local Written Blocks":0,"Temp Read Blocks":0,"Temp Written Blocks":23035,"I/O Read Time":0.0,"I/O Write Time":0.0,"Temp I/O Read Time":0.0,"Temp I/O Write Time":101.794,"Plans":[{"Node Type":"Append","Parent Relationship":"Outer","Parallel Aware":false,"Async Capable":false,"Startup Cost":20.0,"Total Cost":509795.49,"Plan Rows":6000140,"Plan Width":12,"Actual Startup Time":0.038,"Actual Total Time":1327.128,"Actual Rows":6000000,"Actual Loops":1,"Shared Hit Blocks":0,"Shared Read Blocks":0,"Shared Dirtied Blocks":0,"Shared Written Blocks":0,"Local Hit Blocks":0,"Local Read Blocks":0,"Local Dirtied Blocks":0,"Local Written Blocks":0,"Temp Read Blocks":0,"Temp Written Blocks":0,"I/O Read Time":0.0,"I/O Write Time":0.0,"Temp I/O Read Time":0.0,"Temp I/O Write Time":0.0,"Subplans Removed":0,"Plans":[{"Node Type":"Custom Scan","Parent Relationship":"Member","Custom Plan Provider":"columnar scan","Parallel Aware":false,"Async Capable":false,"Relation Name":"customer","Schema":"public","Alias":"customer","Startup Cost":20.0,"Total Cost":141020.06,"Plan Rows":6000000,"Plan Width":12,"Actual Startup Time":0.037,"Actual Total Time":910.003,"Actual Rows":6000000,"Actual Loops":1,"Output":["customer.c_id","customer.c_w_id","customer.c_d_id","customer.c_nationkey"],"Rows Removed by Columnar Filter":0,"Columnar cache search mode":"native","Shared Hit Blocks":0,"Shared Read Blocks":0,"Shared Dirtied Blocks":0,"Shared Written Blocks":0,"Local Hit Blocks":0,"Local Read Blocks":0,"Local Dirtied Blocks":0,"Local Written Blocks":0,"Temp Read Blocks":0,"Temp Written Blocks":0,"I/O Read Time":0.0,"I/O Write Time":0.0,"Temp I/O Read Time":0.0,"Temp I/O Write Time":0.0},{"Node Type":"Seq Scan","Parent Relationship":"Member","Parallel Aware":false,"Async Capable":false,"Relation Name":"customer","Schema":"public","Alias":"customer","Startup Cost":0.0,"Total Cost":5.4,"Plan Rows":140,"Plan Width":12,"Actual Startup Time":0.0,"Actual Total Time":0.0,"Actual Rows":0,"Actual Loops":0,"Output":["customer.c_id","customer.c_w_id","customer.c_d_id","customer.c_nationkey"],"Shared Hit Blocks":0,"Shared Read Blocks":0,"Shared Dirtied Blocks":0,"Shared Written Blocks":0,"Local Hit Blocks":0,"Local Read Blocks":0,"Local Dirtied Blocks":0,"Local Written Blocks":0,"Temp Read Blocks":0,"Temp Written Blocks":0,"I/O Read Time":0.0,"I/O Write Time":0.0,"Temp I/O Read Time":0.0,"Temp I/O Write Time":0.0}]}]}]}]}]}]},"Planning":{"Shared Hit Blocks":220,"Shared Read Blocks":0,"Shared Dirtied Blocks":0,"Shared Written Blocks":0,"Local Hit Blocks":0,"Local Read Blocks":0,"Local Dirtied Blocks":0,"Local Written Blocks":0,"Temp Read Blocks":0,"Temp Written Blocks":0,"I/O Read Time":0.0,"I/O Write Time":0.0,"Temp I/O Read Time":0.0,"Temp I/O Write Time":0.0},"Planning Time":6.44,"Triggers":[],"Execution Time":11531.499}]
[列存组合]: nation, order_line, orders, region, stock, supplier
[{"Plan":{"Node Type":"Sort","Parallel Aware":false,"Async Capable":false,"Startup Cost":2398817.11,"Total Cost":2398817.26,"Plan Rows":62,"Plan Width":40,"Actual Startup Time":11242.957,"Actual Total Time":11243.002,"Actual Rows":11,"Actual Loops":1,"Output":["nation.n_name","(sum(order_line.ol_amount))"],"Sort Key":["(sum(order_line.ol_amount)) DESC"],"Sort Method":"quicksort","Sort Space Used":25,"Sort Space Type":"Memory","Shared Hit Blocks":459990,"Shared Read Blocks":0,"Shared Dirtied Blocks":0,"Shared Written Blocks":0,"Local Hit Blocks":0,"Local Read Blocks":0,"Local Dirtied Blocks":0,"Local Written Blocks":0,"Temp Read Blocks":67001,"Temp Written Blocks":67001,"I/O Read Time":0.0,"I/O Write Time":0.0,"Temp I/O Read Time":105.035,"Temp I/O Write Time":321.205,"Plans":[{"Node Type":"Aggregate","Strategy":"Sorted","Partial Mode":"Simple","Parent Relationship":"Outer","Parallel Aware":false,"Async Capable":false,"Startup Cost":2398663.47,"Total Cost":2398815.26,"Plan Rows":62,"Plan Width":40,"Actual Startup Time":11236.73,"Actual Total Time":11242.984,"Actual Rows":11,"Actual Loops":1,"Output":["nation.n_name","sum(order_line.ol_amount)"],"Group Key":["nation.n_name"],"Shared Hit Blocks":459990,"Shared Read Blocks":0,"Shared Dirtied Blocks":0,"Shared Written Blocks":0,"Local Hit Blocks":0,"Local Read Blocks":0,"Local Dirtied Blocks":0,"Local Written Blocks":0,"Temp Read Blocks":67001,"Temp Written Blocks":67001,"I/O Read Time":0.0,"I/O Write Time":0.0,"Temp I/O Read Time":105.035,"Temp I/O Write Time":321.205,"Plans":[{"Node Type":"Sort","Parent Relationship":"Outer","Parallel Aware":false,"Async Capable":false,"Startup Cost":2398663.47,"Total Cost":2398713.81,"Plan Rows":20136,"Plan Width":12,"Actual Startup Time":11236.285,"Actual Total Time":11238.369,"Actual Rows":35044,"Actual Loops":1,"Output":["nation.n_name","order_line.ol_amount"],"Sort Key":["nation.n_name"],"Sort Method":"quicksort","Sort Space Used":3146,"Sort Space Type":"Memory","Shared Hit Blocks":459990,"Shared Read Blocks":0,"Shared Dirtied Blocks":0,"Shared Written Blocks":0,"Local Hit Blocks":0,"Local Read Blocks":0,"Local Dirtied Blocks":0,"Local Written Blocks":0,"Temp Read Blocks":67001,"Temp Written Blocks":67001,"I/O Read Time":0.0,"I/O Write Time":0.0,"Temp I/O Read Time":105.035,"Temp I/O Write Time":321.205,"Plans":[{"Node Type":"Hash Join","Parent Relationship":"Outer","Parallel Aware":false,"Async Capable":false,"Join Type":"Inner","Startup Cost":879215.12,"Total Cost":2397224.0,"Plan Rows":20136,"Plan Width":12,"Actual Startup Time":4562.461,"Actual Total Time":11219.447,"Actual Rows":35044,"Actual Loops":1,"Output":["nation.n_name","order_line.ol_amount"],"Hash Cond":"((orders.o_c_id = customer.c_id) AND (orders.o_w_id = customer.c_w_id) AND (orders.o_d_id = customer.c_d_id) AND (supplier.su_nationkey = customer.c_nationkey))","Shared Hit Blocks":459990,"Shared Read Blocks":0,"Shared Dirtied Blocks":0,"Shared Written Blocks":0,"Local Hit Blocks":0,"Local Read Blocks":0,"Local Dirtied Blocks":0,"Local Written Blocks":0,"Temp Read Blocks":67001,"Temp Written Blocks":67001,"I/O Read Time":0.0,"I/O Write Time":0.0,"Temp I/O Read Time":105.035,"Temp I/O Write Time":321.205,"Plans":[{"Node Type":"Hash Join","Parent Relationship":"Outer","Parallel Aware":false,"Async Capable":false,"Join Type":"Inner","Startup Cost":209922.92,"Total Cost":1666181.57,"Plan Rows":1242117,"Plan Width":34,"Actual Startup Time":1580.682,"Actual Total Time":6769.269,"Actual Rows":2982388,"Actual Loops":1,"Output":["orders.o_c_id","orders.o_w_id","orders.o_d_id","order_line.ol_amount","order_line.ol_w_id","order_line.ol_d_id","stock.s_w_id","supplier.su_nationkey","nation.n_name","nation.n_nationkey"],"Hash Cond":"((order_line.ol_w_id = orders.o_w_id) AND (order_line.ol_d_id = orders.o_d_id) AND (order_line.ol_o_id = orders.o_id))","Shared Hit Blocks":0,"Shared Read Blocks":0,"Shared Dirtied Blocks":0,"Shared Written Blocks":0,"Local Hit Blocks":0,"Local Read Blocks":0,"Local Dirtied Blocks":0,"Local Written Blocks":0,"Temp Read Blocks":23127,"Temp Written Blocks":23127,"I/O Read Time":0.0,"I/O Write Time":0.0,"Temp I/O Read Time":36.312,"Temp I/O Write Time":110.403,"Plans":[{"Node Type":"Hash Join","Parent Relationship":"Outer","Parallel Aware":false,"Async Capable":false,"Join Type":"Inner","Startup Cost":58749.09,"Total Cost":1311719.68,"Plan Rows":8467814,"Plan Width":34,"Actual Startup Time":1173.831,"Actual Total Time":4774.632,"Actual Rows":3000322,"Actual Loops":1,"Output":["order_line.ol_amount","order_line.ol_o_id","order_line.ol_w_id","order_line.ol_d_id","stock.s_w_id","supplier.su_nationkey","nation.n_name","nation.n_nationkey"],"Hash Cond":"(mod((stock.s_w_id * stock.s_i_id), 10000) = supplier.su_suppkey)","Shared Hit Blocks":0,"Shared Read Blocks":0,"Shared Dirtied Blocks":0,"Shared Written Blocks":0,"Local Hit Blocks":0,"Local Read Blocks":0,"Local Dirtied Blocks":0,"Local Written Blocks":0,"Temp Read Blocks":0,"Temp Written Blocks":0,"I/O Read Time":0.0,"I/O Write Time":0.0,"Temp I/O Read Time":0.0,"Temp I/O Write Time":0.0,"Plans":[{"Node Type":"Hash Join","Parent Relationship":"Outer","Parallel Aware":false,"Async Capable":false,"Join Type":"Inner","Startup Cost":58620.59,"Total Cost":962293.85,"Plan Rows":42339072,"Plan Width":22,"Actual Startup Time":1171.296,"Actual Total Time":3378.327,"Actual Rows":8620885,"Actual Loops":1,"Output":["order_line.ol_amount","order_line.ol_o_id","order_line.ol_w_id","order_line.ol_d_id","stock.s_w_id","stock.s_i_id"],"Hash Cond":"((order_line.ol_w_id = stock.s_w_id) AND (order_line.ol_i_id = stock.s_i_id))","Rows Removed by Bloom Filter":0,"Shared Hit Blocks":0,"Shared Read Blocks":0,"Shared Dirtied Blocks":0,"Shared Written Blocks":0,"Local Hit Blocks":0,"Local Read Blocks":0,"Local Dirtied Blocks":0,"Local Written Blocks":0,"Temp Read Blocks":0,"Temp Written Blocks":0,"I/O Read Time":0.0,"I/O Write Time":0.0,"Temp I/O Read Time":0.0,"Temp I/O Write Time":0.0,"Plans":[{"Node Type":"Append","Parent Relationship":"Outer","Parallel Aware":false,"Async Capable":false,"Startup Cost":20.0,"Total Cost":1072031.01,"Plan Rows":42039468,"Plan Width":20,"Actual Startup Time":246.01,"Actual Total Time":246.02,"Actual Rows":8620885,"Actual Loops":1,"Shared Hit Blocks":0,"Shared Read Blocks":0,"Shared Dirtied Blocks":0,"Shared Written Blocks":0,"Local Hit Blocks":0,"Local Read Blocks":0,"Local Dirtied Blocks":0,"Local Written Blocks":0,"Temp Read Blocks":0,"Temp Written Blocks":0,"I/O Read Time":0.0,"I/O Write Time":0.0,"Temp I/O Read Time":0.0,"Temp I/O Write Time":0.0,"Subplans Removed":0,"Plans":[{"Node Type":"Custom Scan","Parent Relationship":"Member","Custom Plan Provider":"columnar scan","Parallel Aware":false,"Async Capable":false,"Relation Name":"order_line","Schema":"public","Alias":"order_line","Startup Cost":20.0,"Total Cost":1072026.23,"Plan Rows":42039424,"Plan Width":20,"Actual Startup Time":246.008,"Actual Total Time":246.01,"Actual Rows":8620885,"Actual Loops":1,"Output":["order_line.ol_amount","order_line.ol_o_id","order_line.ol_w_id","order_line.ol_d_id","order_line.ol_i_id"],"Filter":"(order_line.ol_delivery_d >= '1992-01-02 20:10:02.27764'::timestamp without time zone)","Rows Removed by Filter":0,"Rows Removed by Columnar Filter":51372876,"Rows Filtered by Bloom Filter":0,"Dictionary Rows Filtered by Bloom Filter":51372876,"Columnar cache search mode":"native","Shared Hit Blocks":0,"Shared Read Blocks":0,"Shared Dirtied Blocks":0,"Shared Written Blocks":0,"Local Hit Blocks":0,"Local Read Blocks":0,"Local Dirtied Blocks":0,"Local Written Blocks":0,"Temp Read Blocks":0,"Temp Written Blocks":0,"I/O Read Time":0.0,"I/O Write Time":0.0,"Temp I/O Read Time":0.0,"Temp I/O Write Time":0.0},{"Node Type":"Seq Scan","Parent Relationship":"Member","Parallel Aware":false,"Async Capable":false,"Relation Name":"order_line","Schema":"public","Alias":"order_line","Startup Cost":0.0,"Total Cost":4.79,"Plan Rows":44,"Plan Width":20,"Actual Startup Time":0.0,"Actual Total Time":0.0,"Actual Rows":0,"Actual Loops":0,"Output":["order_line.ol_amount","order_line.ol_o_id","order_line.ol_w_id","order_line.ol_d_id","order_line.ol_i_id"],"Filter":"(order_line.ol_delivery_d >= '1992-01-02 20:10:02.27764'::timestamp without time zone)","Rows Removed by Filter":0,"Shared Hit Blocks":0,"Shared Read Blocks":0,"Shared Dirtied Blocks":0,"Shared Written Blocks":0,"Local Hit Blocks":0,"Local Read Blocks":0,"Local Dirtied Blocks":0,"Local Written Blocks":0,"Temp Read Blocks":0,"Temp Written Blocks":0,"I/O Read Time":0.0,"I/O Write Time":0.0,"Temp I/O Read Time":0.0,"Temp I/O Write Time":0.0}]},{"Node Type":"Hash","Parent Relationship":"Inner","Parallel Aware":false,"Async Capable":false,"Startup Cost":390026.22,"Total Cost":390026.22,"Plan Rows":20000212,"Plan Width":6,"Actual Rows":20000000,"Actual Loops":1,"Output":["stock.s_w_id","stock.s_i_id"],"Shared Hit Blocks":0,"Shared Read Blocks":0,"Shared Dirtied Blocks":0,"Shared Written Blocks":0,"Local Hit Blocks":0,"Local Read Blocks":0,"Local Dirtied Blocks":0,"Local Written Blocks":0,"Temp Read Blocks":0,"Temp Written Blocks":0,"I/O Read Time":0.0,"I/O Write Time":0.0,"Temp I/O Read Time":0.0,"Temp I/O Write Time":0.0,"Plans":[{"Node Type":"Append","Parent Relationship":"Outer","Parallel Aware":false,"Async Capable":false,"Startup Cost":20.0,"Total Cost":390026.22,"Plan Rows":20000212,"Plan Width":6,"Actual Startup Time":0.403,"Actual Total Time":0.406,"Actual Rows":20000000,"Actual Loops":1,"Shared Hit Blocks":0,"Shared Read Blocks":0,"Shared Dirtied Blocks":0,"Shared Written Blocks":0,"Local Hit Blocks":0,"Local Read Blocks":0,"Local Dirtied Blocks":0,"Local Written Blocks":0,"Temp Read Blocks":0,"Temp Written Blocks":0,"I/O Read Time":0.0,"I/O Write Time":0.0,"Temp I/O Read Time":0.0,"Temp I/O Write Time":0.0,"Subplans Removed":0,"Plans":[{"Node Type":"Custom Scan","Parent Relationship":"Member","Custom Plan Provider":"columnar scan","Parallel Aware":false,"Async Capable":false,"Relation Name":"stock","Schema":"public","Alias":"stock","Startup Cost":20.0,"Total Cost":390020.1,"Plan Rows":20000000,"Plan Width":6,"Actual Startup Time":0.403,"Actual Total Time":0.403,"Actual Rows":20000000,"Actual Loops":1,"Output":["stock.s_w_id","stock.s_i_id"],"Rows Removed by Columnar Filter":0,"Columnar cache search mode":"native","Shared Hit Blocks":0,"Shared Read Blocks":0,"Shared Dirtied Blocks":0,"Shared Written Blocks":0,"Local Hit Blocks":0,"Local Read Blocks":0,"Local Dirtied Blocks":0,"Local Written Blocks":0,"Temp Read Blocks":0,"Temp Written Blocks":0,"I/O Read Time":0.0,"I/O Write Time":0.0,"Temp I/O Read Time":0.0,"Temp I/O Write Time":0.0},{"Node Type":"Seq Scan","Parent Relationship":"Member","Parallel Aware":false,"Async Capable":false,"Relation Name":"stock","Schema":"public","Alias":"stock","Startup Cost":0.0,"Total Cost":6.12,"Plan Rows":212,"Plan Width":6,"Actual Startup Time":0.0,"Actual Total Time":0.0,"Actual Rows":0,"Actual Loops":0,"Output":["stock.s_w_id","stock.s_i_id"],"Shared Hit Blocks":0,"Shared Read Blocks":0,"Shared Dirtied Blocks":0,"Shared Written Blocks":0,"Local Hit Blocks":0,"Local Read Blocks":0,"Local Dirtied Blocks":0,"Local Written Blocks":0,"Temp Read Blocks":0,"Temp Written Blocks":0,"I/O Read Time":0.0,"I/O Write Time":0.0,"Temp I/O Read Time":0.0,"Temp I/O Write Time":0.0}]}]}]},{"Node Type":"Hash","Parent Relationship":"Inner","Parallel Aware":false,"Async Capable":false,"Startup Cost":103.49,"Total Cost":103.49,"Plan Rows":2000,"Plan Width":20,"Actual Startup Time":2.504,"Actual Total Time":2.521,"Actual Rows":3506,"Actual Loops":1,"Output":["supplier.su_suppkey","supplier.su_nationkey","nation.n_name","nation.n_nationkey"],"Hash Buckets":4096,"Original Hash Buckets":2048,"Hash Batches":1,"Original Hash Batches":1,"Peak Memory Usage":217,"Shared Hit Blocks":0,"Shared Read Blocks":0,"Shared Dirtied Blocks":0,"Shared Written Blocks":0,"Local Hit Blocks":0,"Local Read Blocks":0,"Local Dirtied Blocks":0,"Local Written Blocks":0,"Temp Read Blocks":0,"Temp Written Blocks":0,"I/O Read Time":0.0,"I/O Write Time":0.0,"Temp I/O Read Time":0.0,"Temp I/O Write Time":0.0,"Plans":[{"Node Type":"Hash Join","Parent Relationship":"Outer","Parallel Aware":false,"Async Capable":false,"Join Type":"Inner","Startup Cost":49.06,"Total Cost":103.49,"Plan Rows":2000,"Plan Width":20,"Actual Startup Time":1.735,"Actual Total Time":1.982,"Actual Rows":3506,"Actual Loops":1,"Output":["supplier.su_suppkey","supplier.su_nationkey","nation.n_name","nation.n_nationkey"],"Hash Cond":"(supplier.su_nationkey = nation.n_nationkey)","Rows Removed by Bloom Filter":6494,"Shared Hit Blocks":0,"Shared Read Blocks":0,"Shared Dirtied Blocks":0,"Shared Written Blocks":0,"Local Hit Blocks":0,"Local Read Blocks":0,"Local Dirtied Blocks":0,"Local Written Blocks":0,"Temp Read Blocks":0,"Temp Written Blocks":0,"I/O Read Time":0.0,"I/O Write Time":0.0,"Temp I/O Read Time":0.0,"Temp I/O Write Time":0.0,"Plans":[{"Node Type":"Append","Parent Relationship":"Outer","Parallel Aware":false,"Async Capable":false,"Startup Cost":20.0,"Total Cost":219.01,"Plan Rows":10001,"Plan Width":8,"Actual Startup Time":0.015,"Actual Total Time":0.018,"Actual Rows":10000,"Actual Loops":1,"Shared Hit Blocks":0,"Shared Read Blocks":0,"Shared Dirtied Blocks":0,"Shared Written Blocks":0,"Local Hit Blocks":0,"Local Read Blocks":0,"Local Dirtied Blocks":0,"Local Written Blocks":0,"Temp Read Blocks":0,"Temp Written Blocks":0,"I/O Read Time":0.0,"I/O Write Time":0.0,"Temp I/O Read Time":0.0,"Temp I/O Write Time":0.0,"Subplans Removed":0,"Plans":[{"Node Type":"Custom Scan","Parent Relationship":"Member","Custom Plan Provider":"columnar scan","Parallel Aware":false,"Async Capable":false,"Relation Name":"supplier","Schema":"public","Alias":"supplier","Startup Cost":20.0,"Total Cost":215.0,"Plan Rows":10000,"Plan Width":8,"Actual Startup Time":0.014,"Actual Total Time":0.015,"Actual Rows":10000,"Actual Loops":1,"Output":["supplier.su_suppkey","supplier.su_nationkey"],"Rows Removed by Columnar Filter":0,"Columnar cache search mode":"native","Shared Hit Blocks":0,"Shared Read Blocks":0,"Shared Dirtied Blocks":0,"Shared Written Blocks":0,"Local Hit Blocks":0,"Local Read Blocks":0,"Local Dirtied Blocks":0,"Local Written Blocks":0,"Temp Read Blocks":0,"Temp Written Blocks":0,"I/O Read Time":0.0,"I/O Write Time":0.0,"Temp I/O Read Time":0.0,"Temp I/O Write Time":0.0},{"Node Type":"Seq Scan","Parent Relationship":"Member","Parallel Aware":false,"Async Capable":false,"Relation Name":"supplier","Schema":"public","Alias":"supplier","Startup Cost":0.0,"Total Cost":4.01,"Plan Rows":1,"Plan Width":8,"Actual Startup Time":0.0,"Actual Total Time":0.0,"Actual Rows":0,"Actual Loops":0,"Output":["supplier.su_suppkey","supplier.su_nationkey"],"Shared Hit Blocks":0,"Shared Read Blocks":0,"Shared Dirtied Blocks":0,"Shared Written Blocks":0,"Local Hit Blocks":0,"Local Read Blocks":0,"Local Dirtied Blocks":0,"Local Written Blocks":0,"Temp Read Blocks":0,"Temp Written Blocks":0,"I/O Read Time":0.0,"I/O Write Time":0.0,"Temp I/O Read Time":0.0,"Temp I/O Write Time":0.0}]},{"Node Type":"Hash","Parent Relationship":"Inner","Parallel Aware":false,"Async Capable":false,"Startup Cost":29.1,"Total Cost":29.1,"Plan Rows":12,"Plan Width":12,"Actual Rows":22,"Actual Loops":1,"Output":["nation.n_name","nation.n_nationkey"],"Shared Hit Blocks":0,"Shared Read Blocks":0,"Shared Dirtied Blocks":0,"Shared Written Blocks":0,"Local Hit Blocks":0,"Local Read Blocks":0,"Local Dirtied Blocks":0,"Local Written Blocks":0,"Temp Read Blocks":0,"Temp Written Blocks":0,"I/O Read Time":0.0,"I/O Write Time":0.0,"Temp I/O Read Time":0.0,"Temp I/O Write Time":0.0,"Plans":[{"Node Type":"Hash Join","Parent Relationship":"Outer","Parallel Aware":false,"Async Capable":false,"Join Type":"Inner","Startup Cost":24.16,"Total Cost":29.1,"Plan Rows":12,"Plan Width":12,"Actual Startup Time":0.596,"Actual Total Time":0.605,"Actual Rows":22,"Actual Loops":1,"Output":["nation.n_name","nation.n_nationkey"],"Hash Cond":"(region.r_regionkey = nation.n_regionkey)","Rows Removed by Bloom Filter":0,"Shared Hit Blocks":0,"Shared Read Blocks":0,"Shared Dirtied Blocks":0,"Shared Written Blocks":0,"Local Hit Blocks":0,"Local Read Blocks":0,"Local Dirtied Blocks":0,"Local Written Blocks":0,"Temp Read Blocks":0,"Temp Written Blocks":0,"I/O Read Time":0.0,"I/O Write Time":0.0,"Temp I/O Read Time":0.0,"Temp I/O Write Time":0.0,"Plans":[{"Node Type":"Append","Parent Relationship":"Outer","Parallel Aware":false,"Async Capable":false,"Startup Cost":20.0,"Total Cost":24.04,"Plan Rows":2,"Plan Width":4,"Actual Startup Time":0.017,"Actual Total Time":0.02,"Actual Rows":1,"Actual Loops":1,"Shared Hit Blocks":0,"Shared Read Blocks":0,"Shared Dirtied Blocks":0,"Shared Written Blocks":0,"Local Hit Blocks":0,"Local Read Blocks":0,"Local Dirtied Blocks":0,"Local Written Blocks":0,"Temp Read Blocks":0,"Temp Written Blocks":0,"I/O Read Time":0.0,"I/O Write Time":0.0,"Temp I/O Read Time":0.0,"Temp I/O Write Time":0.0,"Subplans Removed":0,"Plans":[{"Node Type":"Custom Scan","Parent Relationship":"Member","Custom Plan Provider":"columnar scan","Parallel Aware":false,"Async Capable":false,"Relation Name":"region","Schema":"public","Alias":"region","Startup Cost":20.0,"Total Cost":20.02,"Plan Rows":1,"Plan Width":4,"Actual Startup Time":0.016,"Actual Total Time":0.016,"Actual Rows":1,"Actual Loops":1,"Output":["region.r_regionkey"],"Filter":"((region.r_name)::text = 'Europe'::text)","Rows Removed by Filter":0,"Rows Removed by Columnar Filter":4,"Columnar cache search mode":"native","Shared Hit Blocks":0,"Shared Read Blocks":0,"Shared Dirtied Blocks":0,"Shared Written Blocks":0,"Local Hit Blocks":0,"Local Read Blocks":0,"Local Dirtied Blocks":0,"Local Written Blocks":0,"Temp Read Blocks":0,"Temp Written Blocks":0,"I/O Read Time":0.0,"I/O Write Time":0.0,"Temp I/O Read Time":0.0,"Temp I/O Write Time":0.0},{"Node Type":"Seq Scan","Parent Relationship":"Member","Parallel Aware":false,"Async Capable":false,"Relation Name":"region","Schema":"public","Alias":"region","Startup Cost":0.0,"Total Cost":4.01,"Plan Rows":1,"Plan Width":4,"Actual Startup Time":0.0,"Actual Total Time":0.0,"Actual Rows":0,"Actual Loops":0,"Output":["region.r_regionkey"],"Filter":"((region.r_name)::text = 'Europe'::text)","Rows Removed by Filter":0,"Shared Hit Blocks":0,"Shared Read Blocks":0,"Shared Dirtied Blocks":0,"Shared Written Blocks":0,"Local Hit Blocks":0,"Local Read Blocks":0,"Local Dirtied Blocks":0,"Local Written Blocks":0,"Temp Read Blocks":0,"Temp Written Blocks":0,"I/O Read Time":0.0,"I/O Write Time":0.0,"Temp I/O Read Time":0.0,"Temp I/O Write Time":0.0}]},{"Node Type":"Hash","Parent Relationship":"Inner","Parallel Aware":false,"Async Capable":false,"Startup Cost":25.34,"Total Cost":25.34,"Plan Rows":63,"Plan Width":16,"Actual Rows":62,"Actual Loops":1,"Output":["nation.n_name","nation.n_nationkey","nation.n_regionkey"],"Shared Hit Blocks":0,"Shared Read Blocks":0,"Shared Dirtied Blocks":0,"Shared Written Blocks":0,"Local Hit Blocks":0,"Local Read Blocks":0,"Local Dirtied Blocks":0,"Local Written Blocks":0,"Temp Read Blocks":0,"Temp Written Blocks":0,"I/O Read Time":0.0,"I/O Write Time":0.0,"Temp I/O Read Time":0.0,"Temp I/O Write Time":0.0,"Plans":[{"Node Type":"Append","Parent Relationship":"Outer","Parallel Aware":false,"Async Capable":false,"Startup Cost":20.0,"Total Cost":25.34,"Plan Rows":63,"Plan Width":16,"Actual Startup Time":0.014,"Actual Total Time":0.016,"Actual Rows":62,"Actual Loops":1,"Shared Hit Blocks":0,"Shared Read Blocks":0,"Shared Dirtied Blocks":0,"Shared Written Blocks":0,"Local Hit Blocks":0,"Local Read Blocks":0,"Local Dirtied Blocks":0,"Local Written Blocks":0,"Temp Read Blocks":0,"Temp Written Blocks":0,"I/O Read Time":0.0,"I/O Write Time":0.0,"Temp I/O Read Time":0.0,"Temp I/O Write Time":0.0,"Subplans Removed":0,"Plans":[{"Node Type":"Custom Scan","Parent Relationship":"Member","Custom Plan Provider":"columnar scan","Parallel Aware":false,"Async Capable":false,"Relation Name":"nation","Schema":"public","Alias":"nation","Startup Cost":20.0,"Total Cost":21.33,"Plan Rows":62,"Plan Width":16,"Actual Startup Time":0.014,"Actual Total Time":0.014,"Actual Rows":62,"Actual Loops":1,"Output":["nation.n_name","nation.n_nationkey","nation.n_regionkey"],"Rows Removed by Columnar Filter":0,"Columnar cache search mode":"native","Shared Hit Blocks":0,"Shared Read Blocks":0,"Shared Dirtied Blocks":0,"Shared Written Blocks":0,"Local Hit Blocks":0,"Local Read Blocks":0,"Local Dirtied Blocks":0,"Local Written Blocks":0,"Temp Read Blocks":0,"Temp Written Blocks":0,"I/O Read Time":0.0,"I/O Write Time":0.0,"Temp I/O Read Time":0.0,"Temp I/O Write Time":0.0},{"Node Type":"Seq Scan","Parent Relationship":"Member","Parallel Aware":false,"Async Capable":false,"Relation Name":"nation","Schema":"public","Alias":"nation","Startup Cost":0.0,"Total Cost":4.01,"Plan Rows":1,"Plan Width":16,"Actual Startup Time":0.0,"Actual Total Time":0.0,"Actual Rows":0,"Actual Loops":0,"Output":["nation.n_name","nation.n_nationkey","nation.n_regionkey"],"Shared Hit Blocks":0,"Shared Read Blocks":0,"Shared Dirtied Blocks":0,"Shared Written Blocks":0,"Local Hit Blocks":0,"Local Read Blocks":0,"Local Dirtied Blocks":0,"Local Written Blocks":0,"Temp Read Blocks":0,"Temp Written Blocks":0,"I/O Read Time":0.0,"I/O Write Time":0.0,"Temp I/O Read Time":0.0,"Temp I/O Write Time":0.0}]}]}]}]}]}]}]},{"Node Type":"Hash","Parent Relationship":"Inner","Parallel Aware":false,"Async Capable":false,"Startup Cost":131491.69,"Total Cost":131491.69,"Plan Rows":879323,"Plan Width":16,"Actual Startup Time":405.439,"Actual Total Time":405.443,"Actual Rows":856801,"Actual Loops":1,"Output":["orders.o_c_id","orders.o_w_id","orders.o_d_id","orders.o_id"],"Hash Buckets":262144,"Original Hash Buckets":262144,"Hash Batches":8,"Original Hash Batches":8,"Peak Memory Usage":7070,"Shared Hit Blocks":0,"Shared Read Blocks":0,"Shared Dirtied Blocks":0,"Shared Written Blocks":0,"Local Hit Blocks":0,"Local Read Blocks":0,"Local Dirtied Blocks":0,"Local Written Blocks":0,"Temp Read Blocks":0,"Temp Written Blocks":3290,"I/O Read Time":0.0,"I/O Write Time":0.0,"Temp I/O Read Time":0.0,"Temp I/O Write Time":14.078,"Plans":[{"Node Type":"Append","Parent Relationship":"Outer","Parallel Aware":false,"Async Capable":false,"Startup Cost":20.0,"Total Cost":131491.69,"Plan Rows":879323,"Plan Width":16,"Actual Startup Time":0.497,"Actual Total Time":205.097,"Actual Rows":856801,"Actual Loops":1,"Shared Hit Blocks":0,"Shared Read Blocks":0,"Shared Dirtied Blocks":0,"Shared Written Blocks":0,"Local Hit Blocks":0,"Local Read Blocks":0,"Local Dirtied Blocks":0,"Local Written Blocks":0,"Temp Read Blocks":0,"Temp Written Blocks":0,"I/O Read Time":0.0,"I/O Write Time":0.0,"Temp I/O Read Time":0.0,"Temp I/O Write Time":0.0,"Subplans Removed":0,"Plans":[{"Node Type":"Custom Scan","Parent Relationship":"Member","Custom Plan Provider":"columnar scan","Parallel Aware":false,"Async Capable":false,"Relation Name":"orders","Schema":"public","Alias":"orders","Startup Cost":20.0,"Total Cost":20684.21,"Plan Rows":879322,"Plan Width":16,"Actual Startup Time":0.496,"Actual Total Time":145.468,"Actual Rows":856801,"Actual Loops":1,"Output":["orders.o_c_id","orders.o_w_id","orders.o_d_id","orders.o_id"],"Filter":"((orders.o_entry_d < '1994-01-02 20:10:02.27764'::timestamp without time zone) AND (orders.o_entry_d >= '1993-01-02 20:10:02.27764'::timestamp without time zone))","Rows Removed by Filter":0,"Rows Removed by Columnar Filter":5143199,"Columnar cache search mode":"native","Shared Hit Blocks":0,"Shared Read Blocks":0,"Shared Dirtied Blocks":0,"Shared Written Blocks":0,"Local Hit Blocks":0,"Local Read Blocks":0,"Local Dirtied Blocks":0,"Local Written Blocks":0,"Temp Read Blocks":0,"Temp Written Blocks":0,"I/O Read Time":0.0,"I/O Write Time":0.0,"Temp I/O Read Time":0.0,"Temp I/O Write Time":0.0},{"Node Type":"Seq Scan","Parent Relationship":"Member","Parallel Aware":false,"Async Capable":false,"Relation Name":"orders","Schema":"public","Alias":"orders","Startup Cost":0.0,"Total Cost":4.01,"Plan Rows":1,"Plan Width":16,"Actual Startup Time":0.0,"Actual Total Time":0.0,"Actual Rows":0,"Actual Loops":0,"Output":["orders.o_c_id","orders.o_w_id","orders.o_d_id","orders.o_id"],"Filter":"((orders.o_entry_d < '1994-01-02 20:10:02.27764'::timestamp without time zone) AND (orders.o_entry_d >= '1993-01-02 20:10:02.27764'::timestamp without time zone))","Rows Removed by Filter":0,"Shared Hit Blocks":0,"Shared Read Blocks":0,"Shared Dirtied Blocks":0,"Shared Written Blocks":0,"Local Hit Blocks":0,"Local Read Blocks":0,"Local Dirtied Blocks":0,"Local Written Blocks":0,"Temp Read Blocks":0,"Temp Written Blocks":0,"I/O Read Time":0.0,"I/O Write Time":0.0,"Temp I/O Read Time":0.0,"Temp I/O Write Time":0.0}]}]}]},{"Node Type":"Hash","Parent Relationship":"Inner","Parallel Aware":false,"Async Capable":false,"Startup Cost":519991.4,"Total Cost":519991.4,"Plan Rows":6000140,"Plan Width":12,"Actual Startup Time":2852.888,"Actual Total Time":2852.889,"Actual Rows":6000000,"Actual Loops":1,"Output":["customer.c_id","customer.c_w_id","customer.c_d_id","customer.c_nationkey"],"Hash Buckets":262144,"Original Hash Buckets":262144,"Hash Batches":64,"Original Hash Batches":64,"Peak Memory Usage":6083,"Shared Hit Blocks":459990,"Shared Read Blocks":0,"Shared Dirtied Blocks":0,"Shared Written Blocks":0,"Local Hit Blocks":0,"Local Read Blocks":0,"Local Dirtied Blocks":0,"Local Written Blocks":0,"Temp Read Blocks":0,"Temp Written Blocks":23035,"I/O Read Time":0.0,"I/O Write Time":0.0,"Temp I/O Read Time":0.0,"Temp I/O Write Time":114.051,"Plans":[{"Node Type":"Seq Scan","Parent Relationship":"Outer","Parallel Aware":false,"Async Capable":false,"Relation Name":"customer","Schema":"public","Alias":"customer","Startup Cost":0.0,"Total Cost":519991.4,"Plan Rows":6000140,"Plan Width":12,"Actual Startup Time":0.016,"Actual Total Time":1796.282,"Actual Rows":6000000,"Actual Loops":1,"Output":["customer.c_id","customer.c_w_id","customer.c_d_id","customer.c_nationkey"],"Shared Hit Blocks":459990,"Shared Read Blocks":0,"Shared Dirtied Blocks":0,"Shared Written Blocks":0,"Local Hit Blocks":0,"Local Read Blocks":0,"Local Dirtied Blocks":0,"Local Written Blocks":0,"Temp Read Blocks":0,"Temp Written Blocks":0,"I/O Read Time":0.0,"I/O Write Time":0.0,"Temp I/O Read Time":0.0,"Temp I/O Write Time":0.0}]}]}]}]}]},"Planning":{"Shared Hit Blocks":220,"Shared Read Blocks":0,"Shared Dirtied Blocks":0,"Shared Written Blocks":0,"Local Hit Blocks":0,"Local Read Blocks":0,"Local Dirtied Blocks":0,"Local Written Blocks":0,"Temp Read Blocks":0,"Temp Written Blocks":0,"I/O Read Time":0.0,"I/O Write Time":0.0,"Temp I/O Read Time":0.0,"Temp I/O Write Time":0.0},"Planning Time":5.754,"Triggers":[],"Execution Time":11244.023}]
[列存组合]: customer, nation, order_line, orders, region, stock, supplier
[{"Plan":{"Node Type":"Sort","Parallel Aware":false,"Async Capable":false,"Startup Cost":2388621.2,"Total Cost":2388621.35,"Plan Rows":62,"Plan Width":40,"Actual Startup Time":10728.975,"Actual Total Time":10729.022,"Actual Rows":11,"Actual Loops":1,"Output":["nation.n_name","(sum(order_line.ol_amount))"],"Sort Key":["(sum(order_line.ol_amount)) DESC"],"Sort Method":"quicksort","Sort Space Used":25,"Sort Space Type":"Memory","Shared Hit Blocks":0,"Shared Read Blocks":0,"Shared Dirtied Blocks":0,"Shared Written Blocks":0,"Local Hit Blocks":0,"Local Read Blocks":0,"Local Dirtied Blocks":0,"Local Written Blocks":0,"Temp Read Blocks":67001,"Temp Written Blocks":67001,"I/O Read Time":0.0,"I/O Write Time":0.0,"Temp I/O Read Time":105.5,"Temp I/O Write Time":305.659,"Plans":[{"Node Type":"Aggregate","Strategy":"Sorted","Partial Mode":"Simple","Parent Relationship":"Outer","Parallel Aware":false,"Async Capable":false,"Startup Cost":2388467.56,"Total Cost":2388619.35,"Plan Rows":62,"Plan Width":40,"Actual Startup Time":10722.839,"Actual Total Time":10729.004,"Actual Rows":11,"Actual Loops":1,"Output":["nation.n_name","sum(order_line.ol_amount)"],"Group Key":["nation.n_name"],"Shared Hit Blocks":0,"Shared Read Blocks":0,"Shared Dirtied Blocks":0,"Shared Written Blocks":0,"Local Hit Blocks":0,"Local Read Blocks":0,"Local Dirtied Blocks":0,"Local Written Blocks":0,"Temp Read Blocks":67001,"Temp Written Blocks":67001,"I/O Read Time":0.0,"I/O Write Time":0.0,"Temp I/O Read Time":105.5,"Temp I/O Write Time":305.659,"Plans":[{"Node Type":"Sort","Parent Relationship":"Outer","Parallel Aware":false,"Async Capable":false,"Startup Cost":2388467.56,"Total Cost":2388517.9,"Plan Rows":20136,"Plan Width":12,"Actual Startup Time":10722.396,"Actual Total Time":10724.265,"Actual Rows":35044,"Actual Loops":1,"Output":["nation.n_name","order_line.ol_amount"],"Sort Key":["nation.n_name"],"Sort Method":"quicksort","Sort Space Used":3146,"Sort Space Type":"Memory","Shared Hit Blocks":0,"Shared Read Blocks":0,"Shared Dirtied Blocks":0,"Shared Written Blocks":0,"Local Hit Blocks":0,"Local Read Blocks":0,"Local Dirtied Blocks":0,"Local Written Blocks":0,"Temp Read Blocks":67001,"Temp Written Blocks":67001,"I/O Read Time":0.0,"I/O Write Time":0.0,"Temp I/O Read Time":105.5,"Temp I/O Write Time":305.659,"Plans":[{"Node Type":"Hash Join","Parent Relationship":"Outer","Parallel Aware":false,"Async Capable":false,"Join Type":"Inner","Startup Cost":869019.21,"Total Cost":2387028.09,"Plan Rows":20136,"Plan Width":12,"Actual Startup Time":4038.682,"Actual Total Time":10705.356,"Actual Rows":35044,"Actual Loops":1,"Output":["nation.n_name","order_line.ol_amount"],"Hash Cond":"((orders.o_c_id = customer.c_id) AND (orders.o_w_id = customer.c_w_id) AND (orders.o_d_id = customer.c_d_id) AND (supplier.su_nationkey = customer.c_nationkey))","Shared Hit Blocks":0,"Shared Read Blocks":0,"Shared Dirtied Blocks":0,"Shared Written Blocks":0,"Local Hit Blocks":0,"Local Read Blocks":0,"Local Dirtied Blocks":0,"Local Written Blocks":0,"Temp Read Blocks":67001,"Temp Written Blocks":67001,"I/O Read Time":0.0,"I/O Write Time":0.0,"Temp I/O Read Time":105.5,"Temp I/O Write Time":305.659,"Plans":[{"Node Type":"Hash Join","Parent Relationship":"Outer","Parallel Aware":false,"Async Capable":false,"Join Type":"Inner","Startup Cost":209922.92,"Total Cost":1666181.57,"Plan Rows":1242117,"Plan Width":34,"Actual Startup Time":1585.06,"Actual Total Time":6714.031,"Actual Rows":2982388,"Actual Loops":1,"Output":["orders.o_c_id","orders.o_w_id","orders.o_d_id","order_line.ol_amount","order_line.ol_w_id","order_line.ol_d_id","stock.s_w_id","supplier.su_nationkey","nation.n_name","nation.n_nationkey"],"Hash Cond":"((order_line.ol_w_id = orders.o_w_id) AND (order_line.ol_d_id = orders.o_d_id) AND (order_line.ol_o_id = orders.o_id))","Shared Hit Blocks":0,"Shared Read Blocks":0,"Shared Dirtied Blocks":0,"Shared Written Blocks":0,"Local Hit Blocks":0,"Local Read Blocks":0,"Local Dirtied Blocks":0,"Local Written Blocks":0,"Temp Read Blocks":23127,"Temp Written Blocks":23127,"I/O Read Time":0.0,"I/O Write Time":0.0,"Temp I/O Read Time":36.771,"Temp I/O Write Time":106.921,"Plans":[{"Node Type":"Hash Join","Parent Relationship":"Outer","Parallel Aware":false,"Async Capable":false,"Join Type":"Inner","Startup Cost":58749.09,"Total Cost":1311719.68,"Plan Rows":8467814,"Plan Width":34,"Actual Startup Time":1174.582,"Actual Total Time":4712.393,"Actual Rows":3000322,"Actual Loops":1,"Output":["order_line.ol_amount","order_line.ol_o_id","order_line.ol_w_id","order_line.ol_d_id","stock.s_w_id","supplier.su_nationkey","nation.n_name","nation.n_nationkey"],"Hash Cond":"(mod((stock.s_w_id * stock.s_i_id), 10000) = supplier.su_suppkey)","Shared Hit Blocks":0,"Shared Read Blocks":0,"Shared Dirtied Blocks":0,"Shared Written Blocks":0,"Local Hit Blocks":0,"Local Read Blocks":0,"Local Dirtied Blocks":0,"Local Written Blocks":0,"Temp Read Blocks":0,"Temp Written Blocks":0,"I/O Read Time":0.0,"I/O Write Time":0.0,"Temp I/O Read Time":0.0,"Temp I/O Write Time":0.0,"Plans":[{"Node Type":"Hash Join","Parent Relationship":"Outer","Parallel Aware":false,"Async Capable":false,"Join Type":"Inner","Startup Cost":58620.59,"Total Cost":962293.85,"Plan Rows":42339072,"Plan Width":22,"Actual Startup Time":1171.994,"Actual Total Time":3314.811,"Actual Rows":8620885,"Actual Loops":1,"Output":["order_line.ol_amount","order_line.ol_o_id","order_line.ol_w_id","order_line.ol_d_id","stock.s_w_id","stock.s_i_id"],"Hash Cond":"((order_line.ol_w_id = stock.s_w_id) AND (order_line.ol_i_id = stock.s_i_id))","Rows Removed by Bloom Filter":0,"Shared Hit Blocks":0,"Shared Read Blocks":0,"Shared Dirtied Blocks":0,"Shared Written Blocks":0,"Local Hit Blocks":0,"Local Read Blocks":0,"Local Dirtied Blocks":0,"Local Written Blocks":0,"Temp Read Blocks":0,"Temp Written Blocks":0,"I/O Read Time":0.0,"I/O Write Time":0.0,"Temp I/O Read Time":0.0,"Temp I/O Write Time":0.0,"Plans":[{"Node Type":"Append","Parent Relationship":"Outer","Parallel Aware":false,"Async Capable":false,"Startup Cost":20.0,"Total Cost":1072031.01,"Plan Rows":42039468,"Plan Width":20,"Actual Startup Time":248.18,"Actual Total Time":248.192,"Actual Rows":8620885,"Actual Loops":1,"Shared Hit Blocks":0,"Shared Read Blocks":0,"Shared Dirtied Blocks":0,"Shared Written Blocks":0,"Local Hit Blocks":0,"Local Read Blocks":0,"Local Dirtied Blocks":0,"Local Written Blocks":0,"Temp Read Blocks":0,"Temp Written Blocks":0,"I/O Read Time":0.0,"I/O Write Time":0.0,"Temp I/O Read Time":0.0,"Temp I/O Write Time":0.0,"Subplans Removed":0,"Plans":[{"Node Type":"Custom Scan","Parent Relationship":"Member","Custom Plan Provider":"columnar scan","Parallel Aware":false,"Async Capable":false,"Relation Name":"order_line","Schema":"public","Alias":"order_line","Startup Cost":20.0,"Total Cost":1072026.23,"Plan Rows":42039424,"Plan Width":20,"Actual Startup Time":248.179,"Actual Total Time":248.18,"Actual Rows":8620885,"Actual Loops":1,"Output":["order_line.ol_amount","order_line.ol_o_id","order_line.ol_w_id","order_line.ol_d_id","order_line.ol_i_id"],"Filter":"(order_line.ol_delivery_d >= '1992-01-02 20:10:02.27764'::timestamp without time zone)","Rows Removed by Filter":0,"Rows Removed by Columnar Filter":51372876,"Rows Filtered by Bloom Filter":0,"Dictionary Rows Filtered by Bloom Filter":51372876,"Columnar cache search mode":"native","Shared Hit Blocks":0,"Shared Read Blocks":0,"Shared Dirtied Blocks":0,"Shared Written Blocks":0,"Local Hit Blocks":0,"Local Read Blocks":0,"Local Dirtied Blocks":0,"Local Written Blocks":0,"Temp Read Blocks":0,"Temp Written Blocks":0,"I/O Read Time":0.0,"I/O Write Time":0.0,"Temp I/O Read Time":0.0,"Temp I/O Write Time":0.0},{"Node Type":"Seq Scan","Parent Relationship":"Member","Parallel Aware":false,"Async Capable":false,"Relation Name":"order_line","Schema":"public","Alias":"order_line","Startup Cost":0.0,"Total Cost":4.79,"Plan Rows":44,"Plan Width":20,"Actual Startup Time":0.0,"Actual Total Time":0.0,"Actual Rows":0,"Actual Loops":0,"Output":["order_line.ol_amount","order_line.ol_o_id","order_line.ol_w_id","order_line.ol_d_id","order_line.ol_i_id"],"Filter":"(order_line.ol_delivery_d >= '1992-01-02 20:10:02.27764'::timestamp without time zone)","Rows Removed by Filter":0,"Shared Hit Blocks":0,"Shared Read Blocks":0,"Shared Dirtied Blocks":0,"Shared Written Blocks":0,"Local Hit Blocks":0,"Local Read Blocks":0,"Local Dirtied Blocks":0,"Local Written Blocks":0,"Temp Read Blocks":0,"Temp Written Blocks":0,"I/O Read Time":0.0,"I/O Write Time":0.0,"Temp I/O Read Time":0.0,"Temp I/O Write Time":0.0}]},{"Node Type":"Hash","Parent Relationship":"Inner","Parallel Aware":false,"Async Capable":false,"Startup Cost":390026.22,"Total Cost":390026.22,"Plan Rows":20000212,"Plan Width":6,"Actual Rows":20000000,"Actual Loops":1,"Output":["stock.s_w_id","stock.s_i_id"],"Shared Hit Blocks":0,"Shared Read Blocks":0,"Shared Dirtied Blocks":0,"Shared Written Blocks":0,"Local Hit Blocks":0,"Local Read Blocks":0,"Local Dirtied Blocks":0,"Local Written Blocks":0,"Temp Read Blocks":0,"Temp Written Blocks":0,"I/O Read Time":0.0,"I/O Write Time":0.0,"Temp I/O Read Time":0.0,"Temp I/O Write Time":0.0,"Plans":[{"Node Type":"Append","Parent Relationship":"Outer","Parallel Aware":false,"Async Capable":false,"Startup Cost":20.0,"Total Cost":390026.22,"Plan Rows":20000212,"Plan Width":6,"Actual Startup Time":0.425,"Actual Total Time":0.427,"Actual Rows":20000000,"Actual Loops":1,"Shared Hit Blocks":0,"Shared Read Blocks":0,"Shared Dirtied Blocks":0,"Shared Written Blocks":0,"Local Hit Blocks":0,"Local Read Blocks":0,"Local Dirtied Blocks":0,"Local Written Blocks":0,"Temp Read Blocks":0,"Temp Written Blocks":0,"I/O Read Time":0.0,"I/O Write Time":0.0,"Temp I/O Read Time":0.0,"Temp I/O Write Time":0.0,"Subplans Removed":0,"Plans":[{"Node Type":"Custom Scan","Parent Relationship":"Member","Custom Plan Provider":"columnar scan","Parallel Aware":false,"Async Capable":false,"Relation Name":"stock","Schema":"public","Alias":"stock","Startup Cost":20.0,"Total Cost":390020.1,"Plan Rows":20000000,"Plan Width":6,"Actual Startup Time":0.424,"Actual Total Time":0.424,"Actual Rows":20000000,"Actual Loops":1,"Output":["stock.s_w_id","stock.s_i_id"],"Rows Removed by Columnar Filter":0,"Columnar cache search mode":"native","Shared Hit Blocks":0,"Shared Read Blocks":0,"Shared Dirtied Blocks":0,"Shared Written Blocks":0,"Local Hit Blocks":0,"Local Read Blocks":0,"Local Dirtied Blocks":0,"Local Written Blocks":0,"Temp Read Blocks":0,"Temp Written Blocks":0,"I/O Read Time":0.0,"I/O Write Time":0.0,"Temp I/O Read Time":0.0,"Temp I/O Write Time":0.0},{"Node Type":"Seq Scan","Parent Relationship":"Member","Parallel Aware":false,"Async Capable":false,"Relation Name":"stock","Schema":"public","Alias":"stock","Startup Cost":0.0,"Total Cost":6.12,"Plan Rows":212,"Plan Width":6,"Actual Startup Time":0.0,"Actual Total Time":0.0,"Actual Rows":0,"Actual Loops":0,"Output":["stock.s_w_id","stock.s_i_id"],"Shared Hit Blocks":0,"Shared Read Blocks":0,"Shared Dirtied Blocks":0,"Shared Written Blocks":0,"Local Hit Blocks":0,"Local Read Blocks":0,"Local Dirtied Blocks":0,"Local Written Blocks":0,"Temp Read Blocks":0,"Temp Written Blocks":0,"I/O Read Time":0.0,"I/O Write Time":0.0,"Temp I/O Read Time":0.0,"Temp I/O Write Time":0.0}]}]}]},{"Node Type":"Hash","Parent Relationship":"Inner","Parallel Aware":false,"Async Capable":false,"Startup Cost":103.49,"Total Cost":103.49,"Plan Rows":2000,"Plan Width":20,"Actual Startup Time":2.565,"Actual Total Time":2.582,"Actual Rows":3506,"Actual Loops":1,"Output":["supplier.su_suppkey","supplier.su_nationkey","nation.n_name","nation.n_nationkey"],"Hash Buckets":4096,"Original Hash Buckets":2048,"Hash Batches":1,"Original Hash Batches":1,"Peak Memory Usage":217,"Shared Hit Blocks":0,"Shared Read Blocks":0,"Shared Dirtied Blocks":0,"Shared Written Blocks":0,"Local Hit Blocks":0,"Local Read Blocks":0,"Local Dirtied Blocks":0,"Local Written Blocks":0,"Temp Read Blocks":0,"Temp Written Blocks":0,"I/O Read Time":0.0,"I/O Write Time":0.0,"Temp I/O Read Time":0.0,"Temp I/O Write Time":0.0,"Plans":[{"Node Type":"Hash Join","Parent Relationship":"Outer","Parallel Aware":false,"Async Capable":false,"Join Type":"Inner","Startup Cost":49.06,"Total Cost":103.49,"Plan Rows":2000,"Plan Width":20,"Actual Startup Time":1.791,"Actual Total Time":2.044,"Actual Rows":3506,"Actual Loops":1,"Output":["supplier.su_suppkey","supplier.su_nationkey","nation.n_name","nation.n_nationkey"],"Hash Cond":"(supplier.su_nationkey = nation.n_nationkey)","Rows Removed by Bloom Filter":6494,"Shared Hit Blocks":0,"Shared Read Blocks":0,"Shared Dirtied Blocks":0,"Shared Written Blocks":0,"Local Hit Blocks":0,"Local Read Blocks":0,"Local Dirtied Blocks":0,"Local Written Blocks":0,"Temp Read Blocks":0,"Temp Written Blocks":0,"I/O Read Time":0.0,"I/O Write Time":0.0,"Temp I/O Read Time":0.0,"Temp I/O Write Time":0.0,"Plans":[{"Node Type":"Append","Parent Relationship":"Outer","Parallel Aware":false,"Async Capable":false,"Startup Cost":20.0,"Total Cost":219.01,"Plan Rows":10001,"Plan Width":8,"Actual Startup Time":0.016,"Actual Total Time":0.019,"Actual Rows":10000,"Actual Loops":1,"Shared Hit Blocks":0,"Shared Read Blocks":0,"Shared Dirtied Blocks":0,"Shared Written Blocks":0,"Local Hit Blocks":0,"Local Read Blocks":0,"Local Dirtied Blocks":0,"Local Written Blocks":0,"Temp Read Blocks":0,"Temp Written Blocks":0,"I/O Read Time":0.0,"I/O Write Time":0.0,"Temp I/O Read Time":0.0,"Temp I/O Write Time":0.0,"Subplans Removed":0,"Plans":[{"Node Type":"Custom Scan","Parent Relationship":"Member","Custom Plan Provider":"columnar scan","Parallel Aware":false,"Async Capable":false,"Relation Name":"supplier","Schema":"public","Alias":"supplier","Startup Cost":20.0,"Total Cost":215.0,"Plan Rows":10000,"Plan Width":8,"Actual Startup Time":0.015,"Actual Total Time":0.015,"Actual Rows":10000,"Actual Loops":1,"Output":["supplier.su_suppkey","supplier.su_nationkey"],"Rows Removed by Columnar Filter":0,"Columnar cache search mode":"native","Shared Hit Blocks":0,"Shared Read Blocks":0,"Shared Dirtied Blocks":0,"Shared Written Blocks":0,"Local Hit Blocks":0,"Local Read Blocks":0,"Local Dirtied Blocks":0,"Local Written Blocks":0,"Temp Read Blocks":0,"Temp Written Blocks":0,"I/O Read Time":0.0,"I/O Write Time":0.0,"Temp I/O Read Time":0.0,"Temp I/O Write Time":0.0},{"Node Type":"Seq Scan","Parent Relationship":"Member","Parallel Aware":false,"Async Capable":false,"Relation Name":"supplier","Schema":"public","Alias":"supplier","Startup Cost":0.0,"Total Cost":4.01,"Plan Rows":1,"Plan Width":8,"Actual Startup Time":0.0,"Actual Total Time":0.0,"Actual Rows":0,"Actual Loops":0,"Output":["supplier.su_suppkey","supplier.su_nationkey"],"Shared Hit Blocks":0,"Shared Read Blocks":0,"Shared Dirtied Blocks":0,"Shared Written Blocks":0,"Local Hit Blocks":0,"Local Read Blocks":0,"Local Dirtied Blocks":0,"Local Written Blocks":0,"Temp Read Blocks":0,"Temp Written Blocks":0,"I/O Read Time":0.0,"I/O Write Time":0.0,"Temp I/O Read Time":0.0,"Temp I/O Write Time":0.0}]},{"Node Type":"Hash","Parent Relationship":"Inner","Parallel Aware":false,"Async Capable":false,"Startup Cost":29.1,"Total Cost":29.1,"Plan Rows":12,"Plan Width":12,"Actual Rows":22,"Actual Loops":1,"Output":["nation.n_name","nation.n_nationkey"],"Shared Hit Blocks":0,"Shared Read Blocks":0,"Shared Dirtied Blocks":0,"Shared Written Blocks":0,"Local Hit Blocks":0,"Local Read Blocks":0,"Local Dirtied Blocks":0,"Local Written Blocks":0,"Temp Read Blocks":0,"Temp Written Blocks":0,"I/O Read Time":0.0,"I/O Write Time":0.0,"Temp I/O Read Time":0.0,"Temp I/O Write Time":0.0,"Plans":[{"Node Type":"Hash Join","Parent Relationship":"Outer","Parallel Aware":false,"Async Capable":false,"Join Type":"Inner","Startup Cost":24.16,"Total Cost":29.1,"Plan Rows":12,"Plan Width":12,"Actual Startup Time":0.743,"Actual Total Time":0.753,"Actual Rows":22,"Actual Loops":1,"Output":["nation.n_name","nation.n_nationkey"],"Hash Cond":"(region.r_regionkey = nation.n_regionkey)","Rows Removed by Bloom Filter":0,"Shared Hit Blocks":0,"Shared Read Blocks":0,"Shared Dirtied Blocks":0,"Shared Written Blocks":0,"Local Hit Blocks":0,"Local Read Blocks":0,"Local Dirtied Blocks":0,"Local Written Blocks":0,"Temp Read Blocks":0,"Temp Written Blocks":0,"I/O Read Time":0.0,"I/O Write Time":0.0,"Temp I/O Read Time":0.0,"Temp I/O Write Time":0.0,"Plans":[{"Node Type":"Append","Parent Relationship":"Outer","Parallel Aware":false,"Async Capable":false,"Startup Cost":20.0,"Total Cost":24.04,"Plan Rows":2,"Plan Width":4,"Actual Startup Time":0.015,"Actual Total Time":0.018,"Actual Rows":1,"Actual Loops":1,"Shared Hit Blocks":0,"Shared Read Blocks":0,"Shared Dirtied Blocks":0,"Shared Written Blocks":0,"Local Hit Blocks":0,"Local Read Blocks":0,"Local Dirtied Blocks":0,"Local Written Blocks":0,"Temp Read Blocks":0,"Temp Written Blocks":0,"I/O Read Time":0.0,"I/O Write Time":0.0,"Temp I/O Read Time":0.0,"Temp I/O Write Time":0.0,"Subplans Removed":0,"Plans":[{"Node Type":"Custom Scan","Parent Relationship":"Member","Custom Plan Provider":"columnar scan","Parallel Aware":false,"Async Capable":false,"Relation Name":"region","Schema":"public","Alias":"region","Startup Cost":20.0,"Total Cost":20.02,"Plan Rows":1,"Plan Width":4,"Actual Startup Time":0.015,"Actual Total Time":0.015,"Actual Rows":1,"Actual Loops":1,"Output":["region.r_regionkey"],"Filter":"((region.r_name)::text = 'Europe'::text)","Rows Removed by Filter":0,"Rows Removed by Columnar Filter":4,"Columnar cache search mode":"native","Shared Hit Blocks":0,"Shared Read Blocks":0,"Shared Dirtied Blocks":0,"Shared Written Blocks":0,"Local Hit Blocks":0,"Local Read Blocks":0,"Local Dirtied Blocks":0,"Local Written Blocks":0,"Temp Read Blocks":0,"Temp Written Blocks":0,"I/O Read Time":0.0,"I/O Write Time":0.0,"Temp I/O Read Time":0.0,"Temp I/O Write Time":0.0},{"Node Type":"Seq Scan","Parent Relationship":"Member","Parallel Aware":false,"Async Capable":false,"Relation Name":"region","Schema":"public","Alias":"region","Startup Cost":0.0,"Total Cost":4.01,"Plan Rows":1,"Plan Width":4,"Actual Startup Time":0.0,"Actual Total Time":0.0,"Actual Rows":0,"Actual Loops":0,"Output":["region.r_regionkey"],"Filter":"((region.r_name)::text = 'Europe'::text)","Rows Removed by Filter":0,"Shared Hit Blocks":0,"Shared Read Blocks":0,"Shared Dirtied Blocks":0,"Shared Written Blocks":0,"Local Hit Blocks":0,"Local Read Blocks":0,"Local Dirtied Blocks":0,"Local Written Blocks":0,"Temp Read Blocks":0,"Temp Written Blocks":0,"I/O Read Time":0.0,"I/O Write Time":0.0,"Temp I/O Read Time":0.0,"Temp I/O Write Time":0.0}]},{"Node Type":"Hash","Parent Relationship":"Inner","Parallel Aware":false,"Async Capable":false,"Startup Cost":25.34,"Total Cost":25.34,"Plan Rows":63,"Plan Width":16,"Actual Rows":62,"Actual Loops":1,"Output":["nation.n_name","nation.n_nationkey","nation.n_regionkey"],"Shared Hit Blocks":0,"Shared Read Blocks":0,"Shared Dirtied Blocks":0,"Shared Written Blocks":0,"Local Hit Blocks":0,"Local Read Blocks":0,"Local Dirtied Blocks":0,"Local Written Blocks":0,"Temp Read Blocks":0,"Temp Written Blocks":0,"I/O Read Time":0.0,"I/O Write Time":0.0,"Temp I/O Read Time":0.0,"Temp I/O Write Time":0.0,"Plans":[{"Node Type":"Append","Parent Relationship":"Outer","Parallel Aware":false,"Async Capable":false,"Startup Cost":20.0,"Total Cost":25.34,"Plan Rows":63,"Plan Width":16,"Actual Startup Time":0.016,"Actual Total Time":0.019,"Actual Rows":62,"Actual Loops":1,"Shared Hit Blocks":0,"Shared Read Blocks":0,"Shared Dirtied Blocks":0,"Shared Written Blocks":0,"Local Hit Blocks":0,"Local Read Blocks":0,"Local Dirtied Blocks":0,"Local Written Blocks":0,"Temp Read Blocks":0,"Temp Written Blocks":0,"I/O Read Time":0.0,"I/O Write Time":0.0,"Temp I/O Read Time":0.0,"Temp I/O Write Time":0.0,"Subplans Removed":0,"Plans":[{"Node Type":"Custom Scan","Parent Relationship":"Member","Custom Plan Provider":"columnar scan","Parallel Aware":false,"Async Capable":false,"Relation Name":"nation","Schema":"public","Alias":"nation","Startup Cost":20.0,"Total Cost":21.33,"Plan Rows":62,"Plan Width":16,"Actual Startup Time":0.016,"Actual Total Time":0.016,"Actual Rows":62,"Actual Loops":1,"Output":["nation.n_name","nation.n_nationkey","nation.n_regionkey"],"Rows Removed by Columnar Filter":0,"Columnar cache search mode":"native","Shared Hit Blocks":0,"Shared Read Blocks":0,"Shared Dirtied Blocks":0,"Shared Written Blocks":0,"Local Hit Blocks":0,"Local Read Blocks":0,"Local Dirtied Blocks":0,"Local Written Blocks":0,"Temp Read Blocks":0,"Temp Written Blocks":0,"I/O Read Time":0.0,"I/O Write Time":0.0,"Temp I/O Read Time":0.0,"Temp I/O Write Time":0.0},{"Node Type":"Seq Scan","Parent Relationship":"Member","Parallel Aware":false,"Async Capable":false,"Relation Name":"nation","Schema":"public","Alias":"nation","Startup Cost":0.0,"Total Cost":4.01,"Plan Rows":1,"Plan Width":16,"Actual Startup Time":0.0,"Actual Total Time":0.0,"Actual Rows":0,"Actual Loops":0,"Output":["nation.n_name","nation.n_nationkey","nation.n_regionkey"],"Shared Hit Blocks":0,"Shared Read Blocks":0,"Shared Dirtied Blocks":0,"Shared Written Blocks":0,"Local Hit Blocks":0,"Local Read Blocks":0,"Local Dirtied Blocks":0,"Local Written Blocks":0,"Temp Read Blocks":0,"Temp Written Blocks":0,"I/O Read Time":0.0,"I/O Write Time":0.0,"Temp I/O Read Time":0.0,"Temp I/O Write Time":0.0}]}]}]}]}]}]}]},{"Node Type":"Hash","Parent Relationship":"Inner","Parallel Aware":false,"Async Capable":false,"Startup Cost":131491.69,"Total Cost":131491.69,"Plan Rows":879323,"Plan Width":16,"Actual Startup Time":409.228,"Actual Total Time":409.232,"Actual Rows":856801,"Actual Loops":1,"Output":["orders.o_c_id","orders.o_w_id","orders.o_d_id","orders.o_id"],"Hash Buckets":262144,"Original Hash Buckets":262144,"Hash Batches":8,"Original Hash Batches":8,"Peak Memory Usage":7070,"Shared Hit Blocks":0,"Shared Read Blocks":0,"Shared Dirtied Blocks":0,"Shared Written Blocks":0,"Local Hit Blocks":0,"Local Read Blocks":0,"Local Dirtied Blocks":0,"Local Written Blocks":0,"Temp Read Blocks":0,"Temp Written Blocks":3290,"I/O Read Time":0.0,"I/O Write Time":0.0,"Temp I/O Read Time":0.0,"Temp I/O Write Time":14.16,"Plans":[{"Node Type":"Append","Parent Relationship":"Outer","Parallel Aware":false,"Async Capable":false,"Startup Cost":20.0,"Total Cost":131491.69,"Plan Rows":879323,"Plan Width":16,"Actual Startup Time":0.495,"Actual Total Time":207.899,"Actual Rows":856801,"Actual Loops":1,"Shared Hit Blocks":0,"Shared Read Blocks":0,"Shared Dirtied Blocks":0,"Shared Written Blocks":0,"Local Hit Blocks":0,"Local Read Blocks":0,"Local Dirtied Blocks":0,"Local Written Blocks":0,"Temp Read Blocks":0,"Temp Written Blocks":0,"I/O Read Time":0.0,"I/O Write Time":0.0,"Temp I/O Read Time":0.0,"Temp I/O Write Time":0.0,"Subplans Removed":0,"Plans":[{"Node Type":"Custom Scan","Parent Relationship":"Member","Custom Plan Provider":"columnar scan","Parallel Aware":false,"Async Capable":false,"Relation Name":"orders","Schema":"public","Alias":"orders","Startup Cost":20.0,"Total Cost":20684.21,"Plan Rows":879322,"Plan Width":16,"Actual Startup Time":0.493,"Actual Total Time":146.744,"Actual Rows":856801,"Actual Loops":1,"Output":["orders.o_c_id","orders.o_w_id","orders.o_d_id","orders.o_id"],"Filter":"((orders.o_entry_d < '1994-01-02 20:10:02.27764'::timestamp without time zone) AND (orders.o_entry_d >= '1993-01-02 20:10:02.27764'::timestamp without time zone))","Rows Removed by Filter":0,"Rows Removed by Columnar Filter":5143199,"Columnar cache search mode":"native","Shared Hit Blocks":0,"Shared Read Blocks":0,"Shared Dirtied Blocks":0,"Shared Written Blocks":0,"Local Hit Blocks":0,"Local Read Blocks":0,"Local Dirtied Blocks":0,"Local Written Blocks":0,"Temp Read Blocks":0,"Temp Written Blocks":0,"I/O Read Time":0.0,"I/O Write Time":0.0,"Temp I/O Read Time":0.0,"Temp I/O Write Time":0.0},{"Node Type":"Seq Scan","Parent Relationship":"Member","Parallel Aware":false,"Async Capable":false,"Relation Name":"orders","Schema":"public","Alias":"orders","Startup Cost":0.0,"Total Cost":4.01,"Plan Rows":1,"Plan Width":16,"Actual Startup Time":0.0,"Actual Total Time":0.0,"Actual Rows":0,"Actual Loops":0,"Output":["orders.o_c_id","orders.o_w_id","orders.o_d_id","orders.o_id"],"Filter":"((orders.o_entry_d < '1994-01-02 20:10:02.27764'::timestamp without time zone) AND (orders.o_entry_d >= '1993-01-02 20:10:02.27764'::timestamp without time zone))","Rows Removed by Filter":0,"Shared Hit Blocks":0,"Shared Read Blocks":0,"Shared Dirtied Blocks":0,"Shared Written Blocks":0,"Local Hit Blocks":0,"Local Read Blocks":0,"Local Dirtied Blocks":0,"Local Written Blocks":0,"Temp Read Blocks":0,"Temp Written Blocks":0,"I/O Read Time":0.0,"I/O Write Time":0.0,"Temp I/O Read Time":0.0,"Temp I/O Write Time":0.0}]}]}]},{"Node Type":"Hash","Parent Relationship":"Inner","Parallel Aware":false,"Async Capable":false,"Startup Cost":509795.49,"Total Cost":509795.49,"Plan Rows":6000140,"Plan Width":12,"Actual Startup Time":2381.704,"Actual Total Time":2381.707,"Actual Rows":6000000,"Actual Loops":1,"Output":["customer.c_id","customer.c_w_id","customer.c_d_id","customer.c_nationkey"],"Hash Buckets":262144,"Original Hash Buckets":262144,"Hash Batches":64,"Original Hash Batches":64,"Peak Memory Usage":6083,"Shared Hit Blocks":0,"Shared Read Blocks":0,"Shared Dirtied Blocks":0,"Shared Written Blocks":0,"Local Hit Blocks":0,"Local Read Blocks":0,"Local Dirtied Blocks":0,"Local Written Blocks":0,"Temp Read Blocks":0,"Temp Written Blocks":23035,"I/O Read Time":0.0,"I/O Write Time":0.0,"Temp I/O Read Time":0.0,"Temp I/O Write Time":101.25,"Plans":[{"Node Type":"Append","Parent Relationship":"Outer","Parallel Aware":false,"Async Capable":false,"Startup Cost":20.0,"Total Cost":509795.49,"Plan Rows":6000140,"Plan Width":12,"Actual Startup Time":0.021,"Actual Total Time":1321.893,"Actual Rows":6000000,"Actual Loops":1,"Shared Hit Blocks":0,"Shared Read Blocks":0,"Shared Dirtied Blocks":0,"Shared Written Blocks":0,"Local Hit Blocks":0,"Local Read Blocks":0,"Local Dirtied Blocks":0,"Local Written Blocks":0,"Temp Read Blocks":0,"Temp Written Blocks":0,"I/O Read Time":0.0,"I/O Write Time":0.0,"Temp I/O Read Time":0.0,"Temp I/O Write Time":0.0,"Subplans Removed":0,"Plans":[{"Node Type":"Custom Scan","Parent Relationship":"Member","Custom Plan Provider":"columnar scan","Parallel Aware":false,"Async Capable":false,"Relation Name":"customer","Schema":"public","Alias":"customer","Startup Cost":20.0,"Total Cost":141020.06,"Plan Rows":6000000,"Plan Width":12,"Actual Startup Time":0.02,"Actual Total Time":902.651,"Actual Rows":6000000,"Actual Loops":1,"Output":["customer.c_id","customer.c_w_id","customer.c_d_id","customer.c_nationkey"],"Rows Removed by Columnar Filter":0,"Columnar cache search mode":"native","Shared Hit Blocks":0,"Shared Read Blocks":0,"Shared Dirtied Blocks":0,"Shared Written Blocks":0,"Local Hit Blocks":0,"Local Read Blocks":0,"Local Dirtied Blocks":0,"Local Written Blocks":0,"Temp Read Blocks":0,"Temp Written Blocks":0,"I/O Read Time":0.0,"I/O Write Time":0.0,"Temp I/O Read Time":0.0,"Temp I/O Write Time":0.0},{"Node Type":"Seq Scan","Parent Relationship":"Member","Parallel Aware":false,"Async Capable":false,"Relation Name":"customer","Schema":"public","Alias":"customer","Startup Cost":0.0,"Total Cost":5.4,"Plan Rows":140,"Plan Width":12,"Actual Startup Time":0.0,"Actual Total Time":0.0,"Actual Rows":0,"Actual Loops":0,"Output":["customer.c_id","customer.c_w_id","customer.c_d_id","customer.c_nationkey"],"Shared Hit Blocks":0,"Shared Read Blocks":0,"Shared Dirtied Blocks":0,"Shared Written Blocks":0,"Local Hit Blocks":0,"Local Read Blocks":0,"Local Dirtied Blocks":0,"Local Written Blocks":0,"Temp Read Blocks":0,"Temp Written Blocks":0,"I/O Read Time":0.0,"I/O Write Time":0.0,"Temp I/O Read Time":0.0,"Temp I/O Write Time":0.0}]}]}]}]}]}]},"Planning":{"Shared Hit Blocks":220,"Shared Read Blocks":0,"Shared Dirtied Blocks":0,"Shared Written Blocks":0,"Local Hit Blocks":0,"Local Read Blocks":0,"Local Dirtied Blocks":0,"Local Written Blocks":0,"Temp Read Blocks":0,"Temp Written Blocks":0,"I/O Read Time":0.0,"I/O Write Time":0.0,"Temp I/O Read Time":0.0,"Temp I/O Write Time":0.0},"Planning Time":6.791,"Triggers":[],"Execution Time":10736.01}]
