[列存组合]: 无列存
[{"Plan":{"Node Type":"Aggregate","Strategy":"Sorted","Partial Mode":"Simple","Parallel Aware":false,"Async Capable":false,"Startup Cost":3780962.37,"Total Cost":3781217.19,"Plan Rows":9266,"Plan Width":72,"Actual Startup Time":22946.718,"Actual Total Time":22949.259,"Actual Rows":6,"Actual Loops":1,"Output":["supplier.su_nationkey","customer.c_nationkey","(EXTRACT(year FROM orders.o_entry_d))","sum(order_line.ol_amount)"],"Group Key":["supplier.su_nationkey","customer.c_nationkey","(EXTRACT(year FROM orders.o_entry_d))"],"Shared Hit Blocks":1240752,"Shared Read Blocks":0,"Shared Dirtied Blocks":0,"Shared Written Blocks":0,"Local Hit Blocks":0,"Local Read Blocks":0,"Local Dirtied Blocks":0,"Local Written Blocks":0,"Temp Read Blocks":124799,"Temp Written Blocks":124817,"I/O Read Time":0.0,"I/O Write Time":0.0,"Temp I/O Read Time":189.798,"Temp I/O Write Time":543.375,"Plans":[{"Node Type":"Sort","Parent Relationship":"Outer","Parallel Aware":false,"Async Capable":false,"Startup Cost":3780962.37,"Total Cost":3780985.54,"Plan Rows":9266,"Plan Width":44,"Actual Startup Time":22946.612,"Actual Total Time":22947.133,"Actual Rows":12121,"Actual Loops":1,"Output":["supplier.su_nationkey","customer.c_nationkey","(EXTRACT(year FROM orders.o_entry_d))","order_line.ol_amount"],"Sort Key":["supplier.su_nationkey","customer.c_nationkey","(EXTRACT(year FROM orders.o_entry_d))"],"Sort Method":"quicksort","Sort Space Used":1047,"Sort Space Type":"Memory","Shared Hit Blocks":1240752,"Shared Read Blocks":0,"Shared Dirtied Blocks":0,"Shared Written Blocks":0,"Local Hit Blocks":0,"Local Read Blocks":0,"Local Dirtied Blocks":0,"Local Written Blocks":0,"Temp Read Blocks":124799,"Temp Written Blocks":124817,"I/O Read Time":0.0,"I/O Write Time":0.0,"Temp I/O Read Time":189.798,"Temp I/O Write Time":543.375,"Plans":[{"Node Type":"Merge Join","Parent Relationship":"Outer","Parallel Aware":false,"Async Capable":false,"Join Type":"Inner","Startup Cost":3771892.02,"Total Cost":3780351.85,"Plan Rows":9266,"Plan Width":44,"Actual Startup Time":22603.797,"Actual Total Time":22943.577,"Actual Rows":12121,"Actual Loops":1,"Output":["supplier.su_nationkey","customer.c_nationkey","EXTRACT(year FROM orders.o_entry_d)","order_line.ol_amount"],"Inner Unique":false,"Merge Cond":"((orders.o_c_id = customer.c_id) AND (order_line.ol_w_id = customer.c_w_id) AND (order_line.ol_d_id = customer.c_d_id))","Join Filter":"((((n1.n_name)::text = 'Germany'::text) AND ((n2.n_name)::text = 'Cambodia'::text)) OR (((n1.n_name)::text = 'Cambodia'::text) AND ((n2.n_name)::text = 'Germany'::text)))","Rows Removed by Join Filter":11453,"Shared Hit Blocks":1240752,"Shared Read Blocks":0,"Shared Dirtied Blocks":0,"Shared Written Blocks":0,"Local Hit Blocks":0,"Local Read Blocks":0,"Local Dirtied Blocks":0,"Local Written Blocks":0,"Temp Read Blocks":124799,"Temp Written Blocks":124817,"I/O Read Time":0.0,"I/O Write Time":0.0,"Temp I/O Read Time":189.798,"Temp I/O Write Time":543.375,"Plans":[{"Node Type":"Sort","Parent Relationship":"Outer","Parallel Aware":false,"Async Capable":false,"Startup Cost":3214102.73,"Total Cost":3215516.13,"Plan Rows":565362,"Plan Width":36,"Actual Startup Time":20338.568,"Actual Total Time":20510.671,"Actual Rows":485009,"Actual Loops":1,"Output":["supplier.su_nationkey","order_line.ol_amount","order_line.ol_w_id","order_line.ol_d_id","orders.o_entry_d","orders.o_w_id","orders.o_d_id","orders.o_c_id","n1.n_name"],"Sort Key":["orders.o_c_id","order_line.ol_w_id","order_line.ol_d_id"],"Sort Method":"external merge","Sort Space Used":24000,"Sort Space Type":"Disk","Shared Hit Blocks":780761,"Shared Read Blocks":0,"Shared Dirtied Blocks":0,"Shared Written Blocks":0,"Local Hit Blocks":0,"Local Read Blocks":0,"Local Dirtied Blocks":0,"Local Written Blocks":0,"Temp Read Blocks":123709,"Temp Written Blocks":123721,"I/O Read Time":0.0,"I/O Write Time":0.0,"Temp I/O Read Time":188.206,"Temp I/O Write Time":538.927,"Plans":[{"Node Type":"Hash Join","Parent Relationship":"Outer","Parallel Aware":false,"Async Capable":false,"Join Type":"Inner","Startup Cost":906075.03,"Total Cost":3144626.23,"Plan Rows":565362,"Plan Width":36,"Actual Startup Time":8528.374,"Actual Total Time":20089.615,"Actual Rows":485009,"Actual Loops":1,"Output":["supplier.su_nationkey","order_line.ol_amount","order_line.ol_w_id","order_line.ol_d_id","orders.o_entry_d","orders.o_w_id","orders.o_d_id","orders.o_c_id","n1.n_name"],"Inner Unique":true,"Hash Cond":"((order_line.ol_w_id = orders.o_w_id) AND (order_line.ol_d_id = orders.o_d_id) AND (order_line.ol_o_id = orders.o_id))","Shared Hit Blocks":780761,"Shared Read Blocks":0,"Shared Dirtied Blocks":0,"Shared Written Blocks":0,"Local Hit Blocks":0,"Local Read Blocks":0,"Local Dirtied Blocks":0,"Local Written Blocks":0,"Temp Read Blocks":120709,"Temp Written Blocks":120709,"I/O Read Time":0.0,"I/O Write Time":0.0,"Temp I/O Read Time":183.8,"Temp I/O Write Time":527.733,"Plans":[{"Node Type":"Hash Join","Parent Relationship":"Outer","Parallel Aware":false,"Async Capable":false,"Join Type":"Inner","Startup Cost":646882.76,"Total Cost":2838108.04,"Plan Rows":565705,"Plan Width":28,"Actual Startup Time":6703.466,"Actual Total Time":17585.42,"Actual Rows":485009,"Actual Loops":1,"Output":["supplier.su_nationkey","order_line.ol_amount","order_line.ol_w_id","order_line.ol_d_id","order_line.ol_o_id","n1.n_name"],"Inner Unique":false,"Hash Cond":"((order_line.ol_supply_w_id = stock.s_w_id) AND (order_line.ol_i_id = stock.s_i_id))","Shared Hit Blocks":736639,"Shared Read Blocks":0,"Shared Dirtied Blocks":0,"Shared Written Blocks":0,"Local Hit Blocks":0,"Local Read Blocks":0,"Local Dirtied Blocks":0,"Local Written Blocks":0,"Temp Read Blocks":83003,"Temp Written Blocks":83003,"I/O Read Time":0.0,"I/O Write Time":0.0,"Temp I/O Read Time":126.665,"Temp I/O Write Time":349.568,"Plans":[{"Node Type":"Seq Scan","Parent Relationship":"Outer","Parallel Aware":false,"Async Capable":false,"Relation Name":"order_line","Schema":"public","Alias":"order_line","Startup Cost":0.0,"Total Cost":1581655.36,"Plan Rows":17536869,"Plan Width":22,"Actual Startup Time":6.537,"Actual Total Time":5720.388,"Actual Rows":17139931,"Actual Loops":1,"Output":["order_line.ol_amount","order_line.ol_supply_w_id","order_line.ol_i_id","order_line.ol_w_id","order_line.ol_d_id","order_line.ol_o_id"],"Filter":"((order_line.ol_delivery_d >= '1995-01-02 20:10:02.27764'::timestamp without time zone) AND (order_line.ol_delivery_d <= '1997-01-01 20:10:02.27764'::timestamp without time zone))","Rows Removed by Filter":42853830,"Shared Hit Blocks":681748,"Shared Read Blocks":0,"Shared Dirtied Blocks":0,"Shared Written Blocks":0,"Local Hit Blocks":0,"Local Read Blocks":0,"Local Dirtied Blocks":0,"Local Written Blocks":0,"Temp Read Blocks":0,"Temp Written Blocks":0,"I/O Read Time":0.0,"I/O Write Time":0.0,"Temp I/O Read Time":0.0,"Temp I/O Write Time":0.0},{"Node Type":"Hash","Parent Relationship":"Inner","Parallel Aware":false,"Async Capable":false,"Startup Cost":633424.24,"Total Cost":633424.24,"Plan Rows":645168,"Plan Width":18,"Actual Startup Time":6696.322,"Actual Total Time":6696.332,"Actual Rows":566400,"Actual Loops":1,"Output":["supplier.su_nationkey","stock.s_w_id","stock.s_i_id","n1.n_name"],"Hash Buckets":131072,"Original Hash Buckets":131072,"Hash Batches":8,"Original Hash Batches":8,"Peak Memory Usage":4646,"Shared Hit Blocks":54891,"Shared Read Blocks":0,"Shared Dirtied Blocks":0,"Shared Written Blocks":0,"Local Hit Blocks":0,"Local Read Blocks":0,"Local Dirtied Blocks":0,"Local Written Blocks":0,"Temp Read Blocks":0,"Temp Written Blocks":2445,"I/O Read Time":0.0,"I/O Write Time":0.0,"Temp I/O Read Time":0.0,"Temp I/O Write Time":12.968,"Plans":[{"Node Type":"Hash Join","Parent Relationship":"Outer","Parallel Aware":false,"Async Capable":false,"Join Type":"Inner","Startup Cost":444.39,"Total Cost":633424.24,"Plan Rows":645168,"Plan Width":18,"Actual Startup Time":2.699,"Actual Total Time":6588.834,"Actual Rows":566400,"Actual Loops":1,"Output":["supplier.su_nationkey","stock.s_w_id","stock.s_i_id","n1.n_name"],"Inner Unique":true,"Hash Cond":"(supplier.su_nationkey = n1.n_nationkey)","Shared Hit Blocks":54891,"Shared Read Blocks":0,"Shared Dirtied Blocks":0,"Shared Written Blocks":0,"Local Hit Blocks":0,"Local Read Blocks":0,"Local Dirtied Blocks":0,"Local Written Blocks":0,"Temp Read Blocks":0,"Temp Written Blocks":0,"I/O Read Time":0.0,"I/O Write Time":0.0,"Temp I/O Read Time":0.0,"Temp I/O Write Time":0.0,"Plans":[{"Node Type":"Hash Join","Parent Relationship":"Outer","Parallel Aware":false,"Async Capable":false,"Join Type":"Inner","Startup Cost":442.44,"Total Cost":577332.98,"Plan Rows":20000212,"Plan Width":10,"Actual Startup Time":2.647,"Actual Total Time":5227.029,"Actual Rows":20000000,"Actual Loops":1,"Output":["supplier.su_nationkey","stock.s_w_id","stock.s_i_id"],"Inner Unique":true,"Hash Cond":"(mod((stock.s_w_id * stock.s_i_id), 10000) = supplier.su_suppkey)","Shared Hit Blocks":54890,"Shared Read Blocks":0,"Shared Dirtied Blocks":0,"Shared Written Blocks":0,"Local Hit Blocks":0,"Local Read Blocks":0,"Local Dirtied Blocks":0,"Local Written Blocks":0,"Temp Read Blocks":0,"Temp Written Blocks":0,"I/O Read Time":0.0,"I/O Write Time":0.0,"Temp I/O Read Time":0.0,"Temp I/O Write Time":0.0,"Plans":[{"Node Type":"Index Only Scan","Parent Relationship":"Outer","Parallel Aware":false,"Async Capable":false,"Scan Direction":"Forward","Index Name":"stock_pk","Relation Name":"stock","Schema":"public","Alias":"stock","Startup Cost":0.44,"Total Cost":519363.62,"Plan Rows":20000212,"Plan Width":6,"Actual Startup Time":0.031,"Actual Total Time":1538.504,"Actual Rows":20000000,"Actual Loops":1,"Output":["stock.s_w_id","stock.s_i_id"],"Heap Fetches":0,"Shared Hit Blocks":54673,"Shared Read Blocks":0,"Shared Dirtied Blocks":0,"Shared Written Blocks":0,"Local Hit Blocks":0,"Local Read Blocks":0,"Local Dirtied Blocks":0,"Local Written Blocks":0,"Temp Read Blocks":0,"Temp Written Blocks":0,"I/O Read Time":0.0,"I/O Write Time":0.0,"Temp I/O Read Time":0.0,"Temp I/O Write Time":0.0},{"Node Type":"Hash","Parent Relationship":"Inner","Parallel Aware":false,"Async Capable":false,"Startup Cost":317.0,"Total Cost":317.0,"Plan Rows":10000,"Plan Width":8,"Actual Startup Time":2.563,"Actual Total Time":2.564,"Actual Rows":10000,"Actual Loops":1,"Output":["supplier.su_nationkey","supplier.su_suppkey"],"Hash Buckets":16384,"Original Hash Buckets":16384,"Hash Batches":1,"Original Hash Batches":1,"Peak Memory Usage":519,"Shared Hit Blocks":217,"Shared Read Blocks":0,"Shared Dirtied Blocks":0,"Shared Written Blocks":0,"Local Hit Blocks":0,"Local Read Blocks":0,"Local Dirtied Blocks":0,"Local Written Blocks":0,"Temp Read Blocks":0,"Temp Written Blocks":0,"I/O Read Time":0.0,"I/O Write Time":0.0,"Temp I/O Read Time":0.0,"Temp I/O Write Time":0.0,"Plans":[{"Node Type":"Seq Scan","Parent Relationship":"Outer","Parallel Aware":false,"Async Capable":false,"Relation Name":"supplier","Schema":"public","Alias":"supplier","Startup Cost":0.0,"Total Cost":317.0,"Plan Rows":10000,"Plan Width":8,"Actual Startup Time":0.016,"Actual Total Time":1.311,"Actual Rows":10000,"Actual Loops":1,"Output":["supplier.su_nationkey","supplier.su_suppkey"],"Shared Hit Blocks":217,"Shared Read Blocks":0,"Shared Dirtied Blocks":0,"Shared Written Blocks":0,"Local Hit Blocks":0,"Local Read Blocks":0,"Local Dirtied Blocks":0,"Local Written Blocks":0,"Temp Read Blocks":0,"Temp Written Blocks":0,"I/O Read Time":0.0,"I/O Write Time":0.0,"Temp I/O Read Time":0.0,"Temp I/O Write Time":0.0}]}]},{"Node Type":"Hash","Parent Relationship":"Inner","Parallel Aware":false,"Async Capable":false,"Startup Cost":1.93,"Total Cost":1.93,"Plan Rows":2,"Plan Width":12,"Actual Startup Time":0.036,"Actual Total Time":0.038,"Actual Rows":2,"Actual Loops":1,"Output":["n1.n_nationkey","n1.n_name"],"Hash Buckets":1024,"Original Hash Buckets":1024,"Hash Batches":1,"Original Hash Batches":1,"Peak Memory Usage":9,"Shared Hit Blocks":1,"Shared Read Blocks":0,"Shared Dirtied Blocks":0,"Shared Written Blocks":0,"Local Hit Blocks":0,"Local Read Blocks":0,"Local Dirtied Blocks":0,"Local Written Blocks":0,"Temp Read Blocks":0,"Temp Written Blocks":0,"I/O Read Time":0.0,"I/O Write Time":0.0,"Temp I/O Read Time":0.0,"Temp I/O Write Time":0.0,"Plans":[{"Node Type":"Seq Scan","Parent Relationship":"Outer","Parallel Aware":false,"Async Capable":false,"Relation Name":"nation","Schema":"public","Alias":"n1","Startup Cost":0.0,"Total Cost":1.93,"Plan Rows":2,"Plan Width":12,"Actual Startup Time":0.017,"Actual Total Time":0.026,"Actual Rows":2,"Actual Loops":1,"Output":["n1.n_nationkey","n1.n_name"],"Filter":"(((n1.n_name)::text = 'Germany'::text) OR ((n1.n_name)::text = 'Cambodia'::text))","Rows Removed by Filter":60,"Shared Hit Blocks":1,"Shared Read Blocks":0,"Shared Dirtied Blocks":0,"Shared Written Blocks":0,"Local Hit Blocks":0,"Local Read Blocks":0,"Local Dirtied Blocks":0,"Local Written Blocks":0,"Temp Read Blocks":0,"Temp Written Blocks":0,"I/O Read Time":0.0,"I/O Write Time":0.0,"Temp I/O Read Time":0.0,"Temp I/O Write Time":0.0}]}]}]}]},{"Node Type":"Hash","Parent Relationship":"Inner","Parallel Aware":false,"Async Capable":false,"Startup Cost":119121.6,"Total Cost":119121.6,"Plan Rows":5996324,"Plan Width":24,"Actual Startup Time":1813.922,"Actual Total Time":1813.924,"Actual Rows":5995789,"Actual Loops":1,"Output":["orders.o_entry_d","orders.o_w_id","orders.o_d_id","orders.o_id","orders.o_c_id"],"Hash Buckets":131072,"Original Hash Buckets":131072,"Hash Batches":64,"Original Hash Batches":64,"Peak Memory Usage":6496,"Shared Hit Blocks":44122,"Shared Read Blocks":0,"Shared Dirtied Blocks":0,"Shared Written Blocks":0,"Local Hit Blocks":0,"Local Read Blocks":0,"Local Dirtied Blocks":0,"Local Written Blocks":0,"Temp Read Blocks":0,"Temp Written Blocks":34552,"I/O Read Time":0.0,"I/O Write Time":0.0,"Temp I/O Read Time":0.0,"Temp I/O Write Time":159.959,"Plans":[{"Node Type":"Seq Scan","Parent Relationship":"Outer","Parallel Aware":false,"Async Capable":false,"Relation Name":"orders","Schema":"public","Alias":"orders","Startup Cost":0.0,"Total Cost":119121.6,"Plan Rows":5996324,"Plan Width":24,"Actual Startup Time":0.012,"Actual Total Time":732.727,"Actual Rows":5995789,"Actual Loops":1,"Output":["orders.o_entry_d","orders.o_w_id","orders.o_d_id","orders.o_id","orders.o_c_id"],"Filter":"(orders.o_entry_d >= '1992-01-02 20:10:02.27764'::timestamp without time zone)","Rows Removed by Filter":4211,"Shared Hit Blocks":44122,"Shared Read Blocks":0,"Shared Dirtied Blocks":0,"Shared Written Blocks":0,"Local Hit Blocks":0,"Local Read Blocks":0,"Local Dirtied Blocks":0,"Local Written Blocks":0,"Temp Read Blocks":0,"Temp Written Blocks":0,"I/O Read Time":0.0,"I/O Write Time":0.0,"Temp I/O Read Time":0.0,"Temp I/O Write Time":0.0}]}]}]},{"Node Type":"Materialize","Parent Relationship":"Inner","Parallel Aware":false,"Async Capable":false,"Startup Cost":557789.1,"Total Cost":558756.87,"Plan Rows":193553,"Plan Width":20,"Actual Startup Time":2265.147,"Actual Total Time":2337.491,"Actual Rows":293066,"Actual Loops":1,"Output":["customer.c_nationkey","customer.c_id","customer.c_w_id","customer.c_d_id","n2.n_name"],"Shared Hit Blocks":459991,"Shared Read Blocks":0,"Shared Dirtied Blocks":0,"Shared Written Blocks":0,"Local Hit Blocks":0,"Local Read Blocks":0,"Local Dirtied Blocks":0,"Local Written Blocks":0,"Temp Read Blocks":1090,"Temp Written Blocks":1096,"I/O Read Time":0.0,"I/O Write Time":0.0,"Temp I/O Read Time":1.591,"Temp I/O Write Time":4.448,"Plans":[{"Node Type":"Sort","Parent Relationship":"Outer","Parallel Aware":false,"Async Capable":false,"Startup Cost":557789.1,"Total Cost":558272.98,"Plan Rows":193553,"Plan Width":20,"Actual Startup Time":2265.136,"Actual Total Time":2305.764,"Actual Rows":289967,"Actual Loops":1,"Output":["customer.c_nationkey","customer.c_id","customer.c_w_id","customer.c_d_id","n2.n_name"],"Sort Key":["customer.c_id","customer.c_w_id","customer.c_d_id"],"Sort Method":"external merge","Sort Space Used":8720,"Sort Space Type":"Disk","Shared Hit Blocks":459991,"Shared Read Blocks":0,"Shared Dirtied Blocks":0,"Shared Written Blocks":0,"Local Hit Blocks":0,"Local Read Blocks":0,"Local Dirtied Blocks":0,"Local Written Blocks":0,"Temp Read Blocks":1090,"Temp Written Blocks":1096,"I/O Read Time":0.0,"I/O Write Time":0.0,"Temp I/O Read Time":1.591,"Temp I/O Write Time":4.448,"Plans":[{"Node Type":"Hash Join","Parent Relationship":"Outer","Parallel Aware":false,"Async Capable":false,"Join Type":"Inner","Startup Cost":1.95,"Total Cost":536820.36,"Plan Rows":193553,"Plan Width":20,"Actual Startup Time":0.085,"Actual Total Time":2156.163,"Actual Rows":289972,"Actual Loops":1,"Output":["customer.c_nationkey","customer.c_id","customer.c_w_id","customer.c_d_id","n2.n_name"],"Inner Unique":true,"Hash Cond":"(customer.c_nationkey = n2.n_nationkey)","Shared Hit Blocks":459991,"Shared Read Blocks":0,"Shared Dirtied Blocks":0,"Shared Written Blocks":0,"Local Hit Blocks":0,"Local Read Blocks":0,"Local Dirtied Blocks":0,"Local Written Blocks":0,"Temp Read Blocks":0,"Temp Written Blocks":0,"I/O Read Time":0.0,"I/O Write Time":0.0,"Temp I/O Read Time":0.0,"Temp I/O Write Time":0.0,"Plans":[{"Node Type":"Seq Scan","Parent Relationship":"Outer","Parallel Aware":false,"Async Capable":false,"Relation Name":"customer","Schema":"public","Alias":"customer","Startup Cost":0.0,"Total Cost":519991.4,"Plan Rows":6000140,"Plan Width":12,"Actual Startup Time":0.024,"Actual Total Time":730.358,"Actual Rows":6000000,"Actual Loops":1,"Output":["customer.c_id","customer.c_d_id","customer.c_w_id","customer.c_nationkey","customer.c_first","customer.c_middle","customer.c_last","customer.c_street_1","customer.c_street_2","customer.c_city","customer.c_state","customer.c_zip","customer.c_phone","customer.c_since","customer.c_credit","customer.c_credit_lim","customer.c_discount","customer.c_balance","customer.c_ytd_payment","customer.c_payment_cnt","customer.c_delivery_cnt","customer.c_data"],"Shared Hit Blocks":459990,"Shared Read Blocks":0,"Shared Dirtied Blocks":0,"Shared Written Blocks":0,"Local Hit Blocks":0,"Local Read Blocks":0,"Local Dirtied Blocks":0,"Local Written Blocks":0,"Temp Read Blocks":0,"Temp Written Blocks":0,"I/O Read Time":0.0,"I/O Write Time":0.0,"Temp I/O Read Time":0.0,"Temp I/O Write Time":0.0},{"Node Type":"Hash","Parent Relationship":"Inner","Parallel Aware":false,"Async Capable":false,"Startup Cost":1.93,"Total Cost":1.93,"Plan Rows":2,"Plan Width":12,"Actual Startup Time":0.025,"Actual Total Time":0.025,"Actual Rows":2,"Actual Loops":1,"Output":["n2.n_nationkey","n2.n_name"],"Hash Buckets":1024,"Original Hash Buckets":1024,"Hash Batches":1,"Original Hash Batches":1,"Peak Memory Usage":9,"Shared Hit Blocks":1,"Shared Read Blocks":0,"Shared Dirtied Blocks":0,"Shared Written Blocks":0,"Local Hit Blocks":0,"Local Read Blocks":0,"Local Dirtied Blocks":0,"Local Written Blocks":0,"Temp Read Blocks":0,"Temp Written Blocks":0,"I/O Read Time":0.0,"I/O Write Time":0.0,"Temp I/O Read Time":0.0,"Temp I/O Write Time":0.0,"Plans":[{"Node Type":"Seq Scan","Parent Relationship":"Outer","Parallel Aware":false,"Async Capable":false,"Relation Name":"nation","Schema":"public","Alias":"n2","Startup Cost":0.0,"Total Cost":1.93,"Plan Rows":2,"Plan Width":12,"Actual Startup Time":0.015,"Actual Total Time":0.02,"Actual Rows":2,"Actual Loops":1,"Output":["n2.n_nationkey","n2.n_name"],"Filter":"(((n2.n_name)::text = 'Cambodia'::text) OR ((n2.n_name)::text = 'Germany'::text))","Rows Removed by Filter":60,"Shared Hit Blocks":1,"Shared Read Blocks":0,"Shared Dirtied Blocks":0,"Shared Written Blocks":0,"Local Hit Blocks":0,"Local Read Blocks":0,"Local Dirtied Blocks":0,"Local Written Blocks":0,"Temp Read Blocks":0,"Temp Written Blocks":0,"I/O Read Time":0.0,"I/O Write Time":0.0,"Temp I/O Read Time":0.0,"Temp I/O Write Time":0.0}]}]}]}]}]}]}]},"Planning":{"Shared Hit Blocks":154,"Shared Read Blocks":7,"Shared Dirtied Blocks":0,"Shared Written Blocks":0,"Local Hit Blocks":0,"Local Read Blocks":0,"Local Dirtied Blocks":0,"Local Written Blocks":0,"Temp Read Blocks":0,"Temp Written Blocks":0,"I/O Read Time":0.798,"I/O Write Time":0.0,"Temp I/O Read Time":0.0,"Temp I/O Write Time":0.0},"Planning Time":3.223,"Triggers":[],"Execution Time":22954.609}]
[列存组合]: customer
[{"Plan":{"Node Type":"Aggregate","Strategy":"Sorted","Partial Mode":"Simple","Parallel Aware":false,"Async Capable":false,"Startup Cost":3770766.46,"Total Cost":3771021.28,"Plan Rows":9266,"Plan Width":72,"Actual Startup Time":21609.52,"Actual Total Time":21612.07,"Actual Rows":6,"Actual Loops":1,"Output":["supplier.su_nationkey","customer.c_nationkey","(EXTRACT(year FROM orders.o_entry_d))","sum(order_line.ol_amount)"],"Group Key":["supplier.su_nationkey","customer.c_nationkey","(EXTRACT(year FROM orders.o_entry_d))"],"Shared Hit Blocks":780762,"Shared Read Blocks":0,"Shared Dirtied Blocks":0,"Shared Written Blocks":0,"Local Hit Blocks":0,"Local Read Blocks":0,"Local Dirtied Blocks":0,"Local Written Blocks":0,"Temp Read Blocks":124799,"Temp Written Blocks":124817,"I/O Read Time":0.0,"I/O Write Time":0.0,"Temp I/O Read Time":229.152,"Temp I/O Write Time":554.046,"Plans":[{"Node Type":"Sort","Parent Relationship":"Outer","Parallel Aware":false,"Async Capable":false,"Startup Cost":3770766.46,"Total Cost":3770789.63,"Plan Rows":9266,"Plan Width":44,"Actual Startup Time":21609.411,"Actual Total Time":21609.935,"Actual Rows":12121,"Actual Loops":1,"Output":["supplier.su_nationkey","customer.c_nationkey","(EXTRACT(year FROM orders.o_entry_d))","order_line.ol_amount"],"Sort Key":["supplier.su_nationkey","customer.c_nationkey","(EXTRACT(year FROM orders.o_entry_d))"],"Sort Method":"quicksort","Sort Space Used":1047,"Sort Space Type":"Memory","Shared Hit Blocks":780762,"Shared Read Blocks":0,"Shared Dirtied Blocks":0,"Shared Written Blocks":0,"Local Hit Blocks":0,"Local Read Blocks":0,"Local Dirtied Blocks":0,"Local Written Blocks":0,"Temp Read Blocks":124799,"Temp Written Blocks":124817,"I/O Read Time":0.0,"I/O Write Time":0.0,"Temp I/O Read Time":229.152,"Temp I/O Write Time":554.046,"Plans":[{"Node Type":"Merge Join","Parent Relationship":"Outer","Parallel Aware":false,"Async Capable":false,"Join Type":"Inner","Startup Cost":3761696.11,"Total Cost":3770155.94,"Plan Rows":9266,"Plan Width":44,"Actual Startup Time":21220.162,"Actual Total Time":21606.3,"Actual Rows":12121,"Actual Loops":1,"Output":["supplier.su_nationkey","customer.c_nationkey","EXTRACT(year FROM orders.o_entry_d)","order_line.ol_amount"],"Inner Unique":false,"Merge Cond":"((orders.o_c_id = customer.c_id) AND (order_line.ol_w_id = customer.c_w_id) AND (order_line.ol_d_id = customer.c_d_id))","Join Filter":"((((n1.n_name)::text = 'Germany'::text) AND ((n2.n_name)::text = 'Cambodia'::text)) OR (((n1.n_name)::text = 'Cambodia'::text) AND ((n2.n_name)::text = 'Germany'::text)))","Rows Removed by Join Filter":11453,"Shared Hit Blocks":780762,"Shared Read Blocks":0,"Shared Dirtied Blocks":0,"Shared Written Blocks":0,"Local Hit Blocks":0,"Local Read Blocks":0,"Local Dirtied Blocks":0,"Local Written Blocks":0,"Temp Read Blocks":124799,"Temp Written Blocks":124817,"I/O Read Time":0.0,"I/O Write Time":0.0,"Temp I/O Read Time":229.152,"Temp I/O Write Time":554.046,"Plans":[{"Node Type":"Sort","Parent Relationship":"Outer","Parallel Aware":false,"Async Capable":false,"Startup Cost":3214102.73,"Total Cost":3215516.13,"Plan Rows":565362,"Plan Width":36,"Actual Startup Time":20812.42,"Actual Total Time":21007.55,"Actual Rows":485009,"Actual Loops":1,"Output":["supplier.su_nationkey","order_line.ol_amount","order_line.ol_w_id","order_line.ol_d_id","orders.o_entry_d","orders.o_w_id","orders.o_d_id","orders.o_c_id","n1.n_name"],"Sort Key":["orders.o_c_id","order_line.ol_w_id","order_line.ol_d_id"],"Sort Method":"external merge","Sort Space Used":24000,"Sort Space Type":"Disk","Shared Hit Blocks":780761,"Shared Read Blocks":0,"Shared Dirtied Blocks":0,"Shared Written Blocks":0,"Local Hit Blocks":0,"Local Read Blocks":0,"Local Dirtied Blocks":0,"Local Written Blocks":0,"Temp Read Blocks":123709,"Temp Written Blocks":123721,"I/O Read Time":0.0,"I/O Write Time":0.0,"Temp I/O Read Time":227.153,"Temp I/O Write Time":546.855,"Plans":[{"Node Type":"Hash Join","Parent Relationship":"Outer","Parallel Aware":false,"Async Capable":false,"Join Type":"Inner","Startup Cost":906075.03,"Total Cost":3144626.23,"Plan Rows":565362,"Plan Width":36,"Actual Startup Time":8492.736,"Actual Total Time":20419.353,"Actual Rows":485009,"Actual Loops":1,"Output":["supplier.su_nationkey","order_line.ol_amount","order_line.ol_w_id","order_line.ol_d_id","orders.o_entry_d","orders.o_w_id","orders.o_d_id","orders.o_c_id","n1.n_name"],"Inner Unique":true,"Hash Cond":"((order_line.ol_w_id = orders.o_w_id) AND (order_line.ol_d_id = orders.o_d_id) AND (order_line.ol_o_id = orders.o_id))","Shared Hit Blocks":780761,"Shared Read Blocks":0,"Shared Dirtied Blocks":0,"Shared Written Blocks":0,"Local Hit Blocks":0,"Local Read Blocks":0,"Local Dirtied Blocks":0,"Local Written Blocks":0,"Temp Read Blocks":120709,"Temp Written Blocks":120709,"I/O Read Time":0.0,"I/O Write Time":0.0,"Temp I/O Read Time":221.604,"Temp I/O Write Time":528.693,"Plans":[{"Node Type":"Hash Join","Parent Relationship":"Outer","Parallel Aware":false,"Async Capable":false,"Join Type":"Inner","Startup Cost":646882.76,"Total Cost":2838108.04,"Plan Rows":565705,"Plan Width":28,"Actual Startup Time":6673.103,"Actual Total Time":17535.17,"Actual Rows":485009,"Actual Loops":1,"Output":["supplier.su_nationkey","order_line.ol_amount","order_line.ol_w_id","order_line.ol_d_id","order_line.ol_o_id","n1.n_name"],"Inner Unique":false,"Hash Cond":"((order_line.ol_supply_w_id = stock.s_w_id) AND (order_line.ol_i_id = stock.s_i_id))","Shared Hit Blocks":736639,"Shared Read Blocks":0,"Shared Dirtied Blocks":0,"Shared Written Blocks":0,"Local Hit Blocks":0,"Local Read Blocks":0,"Local Dirtied Blocks":0,"Local Written Blocks":0,"Temp Read Blocks":83003,"Temp Written Blocks":83003,"I/O Read Time":0.0,"I/O Write Time":0.0,"Temp I/O Read Time":126.854,"Temp I/O Write Time":349.543,"Plans":[{"Node Type":"Seq Scan","Parent Relationship":"Outer","Parallel Aware":false,"Async Capable":false,"Relation Name":"order_line","Schema":"public","Alias":"order_line","Startup Cost":0.0,"Total Cost":1581655.36,"Plan Rows":17536869,"Plan Width":22,"Actual Startup Time":6.532,"Actual Total Time":5704.223,"Actual Rows":17139931,"Actual Loops":1,"Output":["order_line.ol_amount","order_line.ol_supply_w_id","order_line.ol_i_id","order_line.ol_w_id","order_line.ol_d_id","order_line.ol_o_id"],"Filter":"((order_line.ol_delivery_d >= '1995-01-02 20:10:02.27764'::timestamp without time zone) AND (order_line.ol_delivery_d <= '1997-01-01 20:10:02.27764'::timestamp without time zone))","Rows Removed by Filter":42853830,"Shared Hit Blocks":681748,"Shared Read Blocks":0,"Shared Dirtied Blocks":0,"Shared Written Blocks":0,"Local Hit Blocks":0,"Local Read Blocks":0,"Local Dirtied Blocks":0,"Local Written Blocks":0,"Temp Read Blocks":0,"Temp Written Blocks":0,"I/O Read Time":0.0,"I/O Write Time":0.0,"Temp I/O Read Time":0.0,"Temp I/O Write Time":0.0},{"Node Type":"Hash","Parent Relationship":"Inner","Parallel Aware":false,"Async Capable":false,"Startup Cost":633424.24,"Total Cost":633424.24,"Plan Rows":645168,"Plan Width":18,"Actual Startup Time":6666.029,"Actual Total Time":6666.039,"Actual Rows":566400,"Actual Loops":1,"Output":["supplier.su_nationkey","stock.s_w_id","stock.s_i_id","n1.n_name"],"Hash Buckets":131072,"Original Hash Buckets":131072,"Hash Batches":8,"Original Hash Batches":8,"Peak Memory Usage":4646,"Shared Hit Blocks":54891,"Shared Read Blocks":0,"Shared Dirtied Blocks":0,"Shared Written Blocks":0,"Local Hit Blocks":0,"Local Read Blocks":0,"Local Dirtied Blocks":0,"Local Written Blocks":0,"Temp Read Blocks":0,"Temp Written Blocks":2445,"I/O Read Time":0.0,"I/O Write Time":0.0,"Temp I/O Read Time":0.0,"Temp I/O Write Time":12.646,"Plans":[{"Node Type":"Hash Join","Parent Relationship":"Outer","Parallel Aware":false,"Async Capable":false,"Join Type":"Inner","Startup Cost":444.39,"Total Cost":633424.24,"Plan Rows":645168,"Plan Width":18,"Actual Startup Time":2.716,"Actual Total Time":6558.077,"Actual Rows":566400,"Actual Loops":1,"Output":["supplier.su_nationkey","stock.s_w_id","stock.s_i_id","n1.n_name"],"Inner Unique":true,"Hash Cond":"(supplier.su_nationkey = n1.n_nationkey)","Shared Hit Blocks":54891,"Shared Read Blocks":0,"Shared Dirtied Blocks":0,"Shared Written Blocks":0,"Local Hit Blocks":0,"Local Read Blocks":0,"Local Dirtied Blocks":0,"Local Written Blocks":0,"Temp Read Blocks":0,"Temp Written Blocks":0,"I/O Read Time":0.0,"I/O Write Time":0.0,"Temp I/O Read Time":0.0,"Temp I/O Write Time":0.0,"Plans":[{"Node Type":"Hash Join","Parent Relationship":"Outer","Parallel Aware":false,"Async Capable":false,"Join Type":"Inner","Startup Cost":442.44,"Total Cost":577332.98,"Plan Rows":20000212,"Plan Width":10,"Actual Startup Time":2.688,"Actual Total Time":5242.143,"Actual Rows":20000000,"Actual Loops":1,"Output":["supplier.su_nationkey","stock.s_w_id","stock.s_i_id"],"Inner Unique":true,"Hash Cond":"(mod((stock.s_w_id * stock.s_i_id), 10000) = supplier.su_suppkey)","Shared Hit Blocks":54890,"Shared Read Blocks":0,"Shared Dirtied Blocks":0,"Shared Written Blocks":0,"Local Hit Blocks":0,"Local Read Blocks":0,"Local Dirtied Blocks":0,"Local Written Blocks":0,"Temp Read Blocks":0,"Temp Written Blocks":0,"I/O Read Time":0.0,"I/O Write Time":0.0,"Temp I/O Read Time":0.0,"Temp I/O Write Time":0.0,"Plans":[{"Node Type":"Index Only Scan","Parent Relationship":"Outer","Parallel Aware":false,"Async Capable":false,"Scan Direction":"Forward","Index Name":"stock_pk","Relation Name":"stock","Schema":"public","Alias":"stock","Startup Cost":0.44,"Total Cost":519363.62,"Plan Rows":20000212,"Plan Width":6,"Actual Startup Time":0.022,"Actual Total Time":1529.11,"Actual Rows":20000000,"Actual Loops":1,"Output":["stock.s_w_id","stock.s_i_id"],"Heap Fetches":0,"Shared Hit Blocks":54673,"Shared Read Blocks":0,"Shared Dirtied Blocks":0,"Shared Written Blocks":0,"Local Hit Blocks":0,"Local Read Blocks":0,"Local Dirtied Blocks":0,"Local Written Blocks":0,"Temp Read Blocks":0,"Temp Written Blocks":0,"I/O Read Time":0.0,"I/O Write Time":0.0,"Temp I/O Read Time":0.0,"Temp I/O Write Time":0.0},{"Node Type":"Hash","Parent Relationship":"Inner","Parallel Aware":false,"Async Capable":false,"Startup Cost":317.0,"Total Cost":317.0,"Plan Rows":10000,"Plan Width":8,"Actual Startup Time":2.611,"Actual Total Time":2.612,"Actual Rows":10000,"Actual Loops":1,"Output":["supplier.su_nationkey","supplier.su_suppkey"],"Hash Buckets":16384,"Original Hash Buckets":16384,"Hash Batches":1,"Original Hash Batches":1,"Peak Memory Usage":519,"Shared Hit Blocks":217,"Shared Read Blocks":0,"Shared Dirtied Blocks":0,"Shared Written Blocks":0,"Local Hit Blocks":0,"Local Read Blocks":0,"Local Dirtied Blocks":0,"Local Written Blocks":0,"Temp Read Blocks":0,"Temp Written Blocks":0,"I/O Read Time":0.0,"I/O Write Time":0.0,"Temp I/O Read Time":0.0,"Temp I/O Write Time":0.0,"Plans":[{"Node Type":"Seq Scan","Parent Relationship":"Outer","Parallel Aware":false,"Async Capable":false,"Relation Name":"supplier","Schema":"public","Alias":"supplier","Startup Cost":0.0,"Total Cost":317.0,"Plan Rows":10000,"Plan Width":8,"Actual Startup Time":0.008,"Actual Total Time":1.347,"Actual Rows":10000,"Actual Loops":1,"Output":["supplier.su_nationkey","supplier.su_suppkey"],"Shared Hit Blocks":217,"Shared Read Blocks":0,"Shared Dirtied Blocks":0,"Shared Written Blocks":0,"Local Hit Blocks":0,"Local Read Blocks":0,"Local Dirtied Blocks":0,"Local Written Blocks":0,"Temp Read Blocks":0,"Temp Written Blocks":0,"I/O Read Time":0.0,"I/O Write Time":0.0,"Temp I/O Read Time":0.0,"Temp I/O Write Time":0.0}]}]},{"Node Type":"Hash","Parent Relationship":"Inner","Parallel Aware":false,"Async Capable":false,"Startup Cost":1.93,"Total Cost":1.93,"Plan Rows":2,"Plan Width":12,"Actual Startup Time":0.018,"Actual Total Time":0.02,"Actual Rows":2,"Actual Loops":1,"Output":["n1.n_nationkey","n1.n_name"],"Hash Buckets":1024,"Original Hash Buckets":1024,"Hash Batches":1,"Original Hash Batches":1,"Peak Memory Usage":9,"Shared Hit Blocks":1,"Shared Read Blocks":0,"Shared Dirtied Blocks":0,"Shared Written Blocks":0,"Local Hit Blocks":0,"Local Read Blocks":0,"Local Dirtied Blocks":0,"Local Written Blocks":0,"Temp Read Blocks":0,"Temp Written Blocks":0,"I/O Read Time":0.0,"I/O Write Time":0.0,"Temp I/O Read Time":0.0,"Temp I/O Write Time":0.0,"Plans":[{"Node Type":"Seq Scan","Parent Relationship":"Outer","Parallel Aware":false,"Async Capable":false,"Relation Name":"nation","Schema":"public","Alias":"n1","Startup Cost":0.0,"Total Cost":1.93,"Plan Rows":2,"Plan Width":12,"Actual Startup Time":0.011,"Actual Total Time":0.016,"Actual Rows":2,"Actual Loops":1,"Output":["n1.n_nationkey","n1.n_name"],"Filter":"(((n1.n_name)::text = 'Germany'::text) OR ((n1.n_name)::text = 'Cambodia'::text))","Rows Removed by Filter":60,"Shared Hit Blocks":1,"Shared Read Blocks":0,"Shared Dirtied Blocks":0,"Shared Written Blocks":0,"Local Hit Blocks":0,"Local Read Blocks":0,"Local Dirtied Blocks":0,"Local Written Blocks":0,"Temp Read Blocks":0,"Temp Written Blocks":0,"I/O Read Time":0.0,"I/O Write Time":0.0,"Temp I/O Read Time":0.0,"Temp I/O Write Time":0.0}]}]}]}]},{"Node Type":"Hash","Parent Relationship":"Inner","Parallel Aware":false,"Async Capable":false,"Startup Cost":119121.6,"Total Cost":119121.6,"Plan Rows":5996324,"Plan Width":24,"Actual Startup Time":1808.226,"Actual Total Time":1808.227,"Actual Rows":5995789,"Actual Loops":1,"Output":["orders.o_entry_d","orders.o_w_id","orders.o_d_id","orders.o_id","orders.o_c_id"],"Hash Buckets":131072,"Original Hash Buckets":131072,"Hash Batches":64,"Original Hash Batches":64,"Peak Memory Usage":6496,"Shared Hit Blocks":44122,"Shared Read Blocks":0,"Shared Dirtied Blocks":0,"Shared Written Blocks":0,"Local Hit Blocks":0,"Local Read Blocks":0,"Local Dirtied Blocks":0,"Local Written Blocks":0,"Temp Read Blocks":0,"Temp Written Blocks":34552,"I/O Read Time":0.0,"I/O Write Time":0.0,"Temp I/O Read Time":0.0,"Temp I/O Write Time":159.086,"Plans":[{"Node Type":"Seq Scan","Parent Relationship":"Outer","Parallel Aware":false,"Async Capable":false,"Relation Name":"orders","Schema":"public","Alias":"orders","Startup Cost":0.0,"Total Cost":119121.6,"Plan Rows":5996324,"Plan Width":24,"Actual Startup Time":0.015,"Actual Total Time":729.93,"Actual Rows":5995789,"Actual Loops":1,"Output":["orders.o_entry_d","orders.o_w_id","orders.o_d_id","orders.o_id","orders.o_c_id"],"Filter":"(orders.o_entry_d >= '1992-01-02 20:10:02.27764'::timestamp without time zone)","Rows Removed by Filter":4211,"Shared Hit Blocks":44122,"Shared Read Blocks":0,"Shared Dirtied Blocks":0,"Shared Written Blocks":0,"Local Hit Blocks":0,"Local Read Blocks":0,"Local Dirtied Blocks":0,"Local Written Blocks":0,"Temp Read Blocks":0,"Temp Written Blocks":0,"I/O Read Time":0.0,"I/O Write Time":0.0,"Temp I/O Read Time":0.0,"Temp I/O Write Time":0.0}]}]}]},{"Node Type":"Materialize","Parent Relationship":"Inner","Parallel Aware":false,"Async Capable":false,"Startup Cost":547593.19,"Total Cost":548560.96,"Plan Rows":193553,"Plan Width":20,"Actual Startup Time":407.674,"Actual Total Time":489.766,"Actual Rows":293066,"Actual Loops":1,"Output":["customer.c_nationkey","customer.c_id","customer.c_w_id","customer.c_d_id","n2.n_name"],"Shared Hit Blocks":1,"Shared Read Blocks":0,"Shared Dirtied Blocks":0,"Shared Written Blocks":0,"Local Hit Blocks":0,"Local Read Blocks":0,"Local Dirtied Blocks":0,"Local Written Blocks":0,"Temp Read Blocks":1090,"Temp Written Blocks":1096,"I/O Read Time":0.0,"I/O Write Time":0.0,"Temp I/O Read Time":1.998,"Temp I/O Write Time":7.19,"Plans":[{"Node Type":"Sort","Parent Relationship":"Outer","Parallel Aware":false,"Async Capable":false,"Startup Cost":547593.19,"Total Cost":548077.07,"Plan Rows":193553,"Plan Width":20,"Actual Startup Time":407.664,"Actual Total Time":453.478,"Actual Rows":289967,"Actual Loops":1,"Output":["customer.c_nationkey","customer.c_id","customer.c_w_id","customer.c_d_id","n2.n_name"],"Sort Key":["customer.c_id","customer.c_w_id","customer.c_d_id"],"Sort Method":"external merge","Sort Space Used":8720,"Sort Space Type":"Disk","Shared Hit Blocks":1,"Shared Read Blocks":0,"Shared Dirtied Blocks":0,"Shared Written Blocks":0,"Local Hit Blocks":0,"Local Read Blocks":0,"Local Dirtied Blocks":0,"Local Written Blocks":0,"Temp Read Blocks":1090,"Temp Written Blocks":1096,"I/O Read Time":0.0,"I/O Write Time":0.0,"Temp I/O Read Time":1.998,"Temp I/O Write Time":7.19,"Plans":[{"Node Type":"Hash Join","Parent Relationship":"Outer","Parallel Aware":false,"Async Capable":false,"Join Type":"Inner","Startup Cost":21.95,"Total Cost":526624.45,"Plan Rows":193553,"Plan Width":20,"Actual Startup Time":1.136,"Actual Total Time":248.521,"Actual Rows":289972,"Actual Loops":1,"Output":["customer.c_nationkey","customer.c_id","customer.c_w_id","customer.c_d_id","n2.n_name"],"Inner Unique":true,"Hash Cond":"(customer.c_nationkey = n2.n_nationkey)","Shared Hit Blocks":1,"Shared Read Blocks":0,"Shared Dirtied Blocks":0,"Shared Written Blocks":0,"Local Hit Blocks":0,"Local Read Blocks":0,"Local Dirtied Blocks":0,"Local Written Blocks":0,"Temp Read Blocks":0,"Temp Written Blocks":0,"I/O Read Time":0.0,"I/O Write Time":0.0,"Temp I/O Read Time":0.0,"Temp I/O Write Time":0.0,"Plans":[{"Node Type":"Append","Parent Relationship":"Outer","Parallel Aware":false,"Async Capable":false,"Startup Cost":20.0,"Total Cost":509795.49,"Plan Rows":6000140,"Plan Width":12,"Actual Startup Time":0.412,"Actual Total Time":164.54,"Actual Rows":289972,"Actual Loops":1,"Shared Hit Blocks":0,"Shared Read Blocks":0,"Shared Dirtied Blocks":0,"Shared Written Blocks":0,"Local Hit Blocks":0,"Local Read Blocks":0,"Local Dirtied Blocks":0,"Local Written Blocks":0,"Temp Read Blocks":0,"Temp Written Blocks":0,"I/O Read Time":0.0,"I/O Write Time":0.0,"Temp I/O Read Time":0.0,"Temp I/O Write Time":0.0,"Subplans Removed":0,"Plans":[{"Node Type":"Custom Scan","Parent Relationship":"Member","Custom Plan Provider":"columnar scan","Parallel Aware":false,"Async Capable":false,"Relation Name":"customer","Schema":"public","Alias":"customer","Startup Cost":20.0,"Total Cost":141020.06,"Plan Rows":6000000,"Plan Width":12,"Actual Startup Time":0.41,"Actual Total Time":132.813,"Actual Rows":289972,"Actual Loops":1,"Output":["customer.c_nationkey","customer.c_id","customer.c_w_id","customer.c_d_id"],"Rows Removed by Columnar Filter":5710028,"Rows Filtered by Bloom Filter":0,"Dictionary Rows Filtered by Bloom Filter":5710028,"Columnar cache search mode":"native","Shared Hit Blocks":0,"Shared Read Blocks":0,"Shared Dirtied Blocks":0,"Shared Written Blocks":0,"Local Hit Blocks":0,"Local Read Blocks":0,"Local Dirtied Blocks":0,"Local Written Blocks":0,"Temp Read Blocks":0,"Temp Written Blocks":0,"I/O Read Time":0.0,"I/O Write Time":0.0,"Temp I/O Read Time":0.0,"Temp I/O Write Time":0.0},{"Node Type":"Seq Scan","Parent Relationship":"Member","Parallel Aware":false,"Async Capable":false,"Relation Name":"customer","Schema":"public","Alias":"customer","Startup Cost":0.0,"Total Cost":5.4,"Plan Rows":140,"Plan Width":12,"Actual Startup Time":0.0,"Actual Total Time":0.0,"Actual Rows":0,"Actual Loops":0,"Output":["customer.c_nationkey","customer.c_id","customer.c_w_id","customer.c_d_id"],"Shared Hit Blocks":0,"Shared Read Blocks":0,"Shared Dirtied Blocks":0,"Shared Written Blocks":0,"Local Hit Blocks":0,"Local Read Blocks":0,"Local Dirtied Blocks":0,"Local Written Blocks":0,"Temp Read Blocks":0,"Temp Written Blocks":0,"I/O Read Time":0.0,"I/O Write Time":0.0,"Temp I/O Read Time":0.0,"Temp I/O Write Time":0.0}]},{"Node Type":"Hash","Parent Relationship":"Inner","Parallel Aware":false,"Async Capable":false,"Startup Cost":1.93,"Total Cost":1.93,"Plan Rows":2,"Plan Width":12,"Actual Startup Time":0.075,"Actual Total Time":0.075,"Actual Rows":2,"Actual Loops":1,"Output":["n2.n_nationkey","n2.n_name"],"Hash Buckets":1024,"Original Hash Buckets":1024,"Hash Batches":1,"Original Hash Batches":1,"Peak Memory Usage":9,"Shared Hit Blocks":1,"Shared Read Blocks":0,"Shared Dirtied Blocks":0,"Shared Written Blocks":0,"Local Hit Blocks":0,"Local Read Blocks":0,"Local Dirtied Blocks":0,"Local Written Blocks":0,"Temp Read Blocks":0,"Temp Written Blocks":0,"I/O Read Time":0.0,"I/O Write Time":0.0,"Temp I/O Read Time":0.0,"Temp I/O Write Time":0.0,"Plans":[{"Node Type":"Seq Scan","Parent Relationship":"Outer","Parallel Aware":false,"Async Capable":false,"Relation Name":"nation","Schema":"public","Alias":"n2","Startup Cost":0.0,"Total Cost":1.93,"Plan Rows":2,"Plan Width":12,"Actual Startup Time":0.056,"Actual Total Time":0.064,"Actual Rows":2,"Actual Loops":1,"Output":["n2.n_nationkey","n2.n_name"],"Filter":"(((n2.n_name)::text = 'Cambodia'::text) OR ((n2.n_name)::text = 'Germany'::text))","Rows Removed by Filter":60,"Shared Hit Blocks":1,"Shared Read Blocks":0,"Shared Dirtied Blocks":0,"Shared Written Blocks":0,"Local Hit Blocks":0,"Local Read Blocks":0,"Local Dirtied Blocks":0,"Local Written Blocks":0,"Temp Read Blocks":0,"Temp Written Blocks":0,"I/O Read Time":0.0,"I/O Write Time":0.0,"Temp I/O Read Time":0.0,"Temp I/O Write Time":0.0}]}]}]}]}]}]}]},"Planning":{"Shared Hit Blocks":152,"Shared Read Blocks":0,"Shared Dirtied Blocks":0,"Shared Written Blocks":0,"Local Hit Blocks":0,"Local Read Blocks":0,"Local Dirtied Blocks":0,"Local Written Blocks":0,"Temp Read Blocks":0,"Temp Written Blocks":0,"I/O Read Time":0.0,"I/O Write Time":0.0,"Temp I/O Read Time":0.0,"Temp I/O Write Time":0.0},"Planning Time":3.09,"Triggers":[],"Execution Time":21617.267}]
[列存组合]: nation
[{"Plan":{"Node Type":"Aggregate","Strategy":"Sorted","Partial Mode":"Simple","Parallel Aware":false,"Async Capable":false,"Startup Cost":3780962.37,"Total Cost":3781217.19,"Plan Rows":9266,"Plan Width":72,"Actual Startup Time":22767.339,"Actual Total Time":22769.884,"Actual Rows":6,"Actual Loops":1,"Output":["supplier.su_nationkey","customer.c_nationkey","(EXTRACT(year FROM orders.o_entry_d))","sum(order_line.ol_amount)"],"Group Key":["supplier.su_nationkey","customer.c_nationkey","(EXTRACT(year FROM orders.o_entry_d))"],"Shared Hit Blocks":1240752,"Shared Read Blocks":0,"Shared Dirtied Blocks":0,"Shared Written Blocks":0,"Local Hit Blocks":0,"Local Read Blocks":0,"Local Dirtied Blocks":0,"Local Written Blocks":0,"Temp Read Blocks":124799,"Temp Written Blocks":124817,"I/O Read Time":0.0,"I/O Write Time":0.0,"Temp I/O Read Time":189.587,"Temp I/O Write Time":534.934,"Plans":[{"Node Type":"Sort","Parent Relationship":"Outer","Parallel Aware":false,"Async Capable":false,"Startup Cost":3780962.37,"Total Cost":3780985.54,"Plan Rows":9266,"Plan Width":44,"Actual Startup Time":22767.232,"Actual Total Time":22767.752,"Actual Rows":12121,"Actual Loops":1,"Output":["supplier.su_nationkey","customer.c_nationkey","(EXTRACT(year FROM orders.o_entry_d))","order_line.ol_amount"],"Sort Key":["supplier.su_nationkey","customer.c_nationkey","(EXTRACT(year FROM orders.o_entry_d))"],"Sort Method":"quicksort","Sort Space Used":1047,"Sort Space Type":"Memory","Shared Hit Blocks":1240752,"Shared Read Blocks":0,"Shared Dirtied Blocks":0,"Shared Written Blocks":0,"Local Hit Blocks":0,"Local Read Blocks":0,"Local Dirtied Blocks":0,"Local Written Blocks":0,"Temp Read Blocks":124799,"Temp Written Blocks":124817,"I/O Read Time":0.0,"I/O Write Time":0.0,"Temp I/O Read Time":189.587,"Temp I/O Write Time":534.934,"Plans":[{"Node Type":"Merge Join","Parent Relationship":"Outer","Parallel Aware":false,"Async Capable":false,"Join Type":"Inner","Startup Cost":3771892.02,"Total Cost":3780351.85,"Plan Rows":9266,"Plan Width":44,"Actual Startup Time":22424.004,"Actual Total Time":22764.248,"Actual Rows":12121,"Actual Loops":1,"Output":["supplier.su_nationkey","customer.c_nationkey","EXTRACT(year FROM orders.o_entry_d)","order_line.ol_amount"],"Inner Unique":false,"Merge Cond":"((orders.o_c_id = customer.c_id) AND (order_line.ol_w_id = customer.c_w_id) AND (order_line.ol_d_id = customer.c_d_id))","Join Filter":"((((n1.n_name)::text = 'Germany'::text) AND ((n2.n_name)::text = 'Cambodia'::text)) OR (((n1.n_name)::text = 'Cambodia'::text) AND ((n2.n_name)::text = 'Germany'::text)))","Rows Removed by Join Filter":11453,"Shared Hit Blocks":1240752,"Shared Read Blocks":0,"Shared Dirtied Blocks":0,"Shared Written Blocks":0,"Local Hit Blocks":0,"Local Read Blocks":0,"Local Dirtied Blocks":0,"Local Written Blocks":0,"Temp Read Blocks":124799,"Temp Written Blocks":124817,"I/O Read Time":0.0,"I/O Write Time":0.0,"Temp I/O Read Time":189.587,"Temp I/O Write Time":534.934,"Plans":[{"Node Type":"Sort","Parent Relationship":"Outer","Parallel Aware":false,"Async Capable":false,"Startup Cost":3214102.73,"Total Cost":3215516.13,"Plan Rows":565362,"Plan Width":36,"Actual Startup Time":20209.613,"Actual Total Time":20381.732,"Actual Rows":485009,"Actual Loops":1,"Output":["supplier.su_nationkey","order_line.ol_amount","order_line.ol_w_id","order_line.ol_d_id","orders.o_entry_d","orders.o_w_id","orders.o_d_id","orders.o_c_id","n1.n_name"],"Sort Key":["orders.o_c_id","order_line.ol_w_id","order_line.ol_d_id"],"Sort Method":"external merge","Sort Space Used":24000,"Sort Space Type":"Disk","Shared Hit Blocks":780761,"Shared Read Blocks":0,"Shared Dirtied Blocks":0,"Shared Written Blocks":0,"Local Hit Blocks":0,"Local Read Blocks":0,"Local Dirtied Blocks":0,"Local Written Blocks":0,"Temp Read Blocks":123709,"Temp Written Blocks":123721,"I/O Read Time":0.0,"I/O Write Time":0.0,"Temp I/O Read Time":187.953,"Temp I/O Write Time":530.62,"Plans":[{"Node Type":"Hash Join","Parent Relationship":"Outer","Parallel Aware":false,"Async Capable":false,"Join Type":"Inner","Startup Cost":906075.03,"Total Cost":3144626.23,"Plan Rows":565362,"Plan Width":36,"Actual Startup Time":8449.894,"Actual Total Time":19960.935,"Actual Rows":485009,"Actual Loops":1,"Output":["supplier.su_nationkey","order_line.ol_amount","order_line.ol_w_id","order_line.ol_d_id","orders.o_entry_d","orders.o_w_id","orders.o_d_id","orders.o_c_id","n1.n_name"],"Inner Unique":true,"Hash Cond":"((order_line.ol_w_id = orders.o_w_id) AND (order_line.ol_d_id = orders.o_d_id) AND (order_line.ol_o_id = orders.o_id))","Shared Hit Blocks":780761,"Shared Read Blocks":0,"Shared Dirtied Blocks":0,"Shared Written Blocks":0,"Local Hit Blocks":0,"Local Read Blocks":0,"Local Dirtied Blocks":0,"Local Written Blocks":0,"Temp Read Blocks":120709,"Temp Written Blocks":120709,"I/O Read Time":0.0,"I/O Write Time":0.0,"Temp I/O Read Time":183.384,"Temp I/O Write Time":519.404,"Plans":[{"Node Type":"Hash Join","Parent Relationship":"Outer","Parallel Aware":false,"Async Capable":false,"Join Type":"Inner","Startup Cost":646882.76,"Total Cost":2838108.04,"Plan Rows":565705,"Plan Width":28,"Actual Startup Time":6636.237,"Actual Total Time":17474.77,"Actual Rows":485009,"Actual Loops":1,"Output":["supplier.su_nationkey","order_line.ol_amount","order_line.ol_w_id","order_line.ol_d_id","order_line.ol_o_id","n1.n_name"],"Inner Unique":false,"Hash Cond":"((order_line.ol_supply_w_id = stock.s_w_id) AND (order_line.ol_i_id = stock.s_i_id))","Shared Hit Blocks":736639,"Shared Read Blocks":0,"Shared Dirtied Blocks":0,"Shared Written Blocks":0,"Local Hit Blocks":0,"Local Read Blocks":0,"Local Dirtied Blocks":0,"Local Written Blocks":0,"Temp Read Blocks":83003,"Temp Written Blocks":83003,"I/O Read Time":0.0,"I/O Write Time":0.0,"Temp I/O Read Time":125.367,"Temp I/O Write Time":347.767,"Plans":[{"Node Type":"Seq Scan","Parent Relationship":"Outer","Parallel Aware":false,"Async Capable":false,"Relation Name":"order_line","Schema":"public","Alias":"order_line","Startup Cost":0.0,"Total Cost":1581655.36,"Plan Rows":17536869,"Plan Width":22,"Actual Startup Time":6.501,"Actual Total Time":5698.246,"Actual Rows":17139931,"Actual Loops":1,"Output":["order_line.ol_amount","order_line.ol_supply_w_id","order_line.ol_i_id","order_line.ol_w_id","order_line.ol_d_id","order_line.ol_o_id"],"Filter":"((order_line.ol_delivery_d >= '1995-01-02 20:10:02.27764'::timestamp without time zone) AND (order_line.ol_delivery_d <= '1997-01-01 20:10:02.27764'::timestamp without time zone))","Rows Removed by Filter":42853830,"Shared Hit Blocks":681748,"Shared Read Blocks":0,"Shared Dirtied Blocks":0,"Shared Written Blocks":0,"Local Hit Blocks":0,"Local Read Blocks":0,"Local Dirtied Blocks":0,"Local Written Blocks":0,"Temp Read Blocks":0,"Temp Written Blocks":0,"I/O Read Time":0.0,"I/O Write Time":0.0,"Temp I/O Read Time":0.0,"Temp I/O Write Time":0.0},{"Node Type":"Hash","Parent Relationship":"Inner","Parallel Aware":false,"Async Capable":false,"Startup Cost":633424.24,"Total Cost":633424.24,"Plan Rows":645168,"Plan Width":18,"Actual Startup Time":6629.411,"Actual Total Time":6629.421,"Actual Rows":566400,"Actual Loops":1,"Output":["supplier.su_nationkey","stock.s_w_id","stock.s_i_id","n1.n_name"],"Hash Buckets":131072,"Original Hash Buckets":131072,"Hash Batches":8,"Original Hash Batches":8,"Peak Memory Usage":4646,"Shared Hit Blocks":54891,"Shared Read Blocks":0,"Shared Dirtied Blocks":0,"Shared Written Blocks":0,"Local Hit Blocks":0,"Local Read Blocks":0,"Local Dirtied Blocks":0,"Local Written Blocks":0,"Temp Read Blocks":0,"Temp Written Blocks":2445,"I/O Read Time":0.0,"I/O Write Time":0.0,"Temp I/O Read Time":0.0,"Temp I/O Write Time":12.702,"Plans":[{"Node Type":"Hash Join","Parent Relationship":"Outer","Parallel Aware":false,"Async Capable":false,"Join Type":"Inner","Startup Cost":444.39,"Total Cost":633424.24,"Plan Rows":645168,"Plan Width":18,"Actual Startup Time":2.481,"Actual Total Time":6523.558,"Actual Rows":566400,"Actual Loops":1,"Output":["supplier.su_nationkey","stock.s_w_id","stock.s_i_id","n1.n_name"],"Inner Unique":true,"Hash Cond":"(supplier.su_nationkey = n1.n_nationkey)","Shared Hit Blocks":54891,"Shared Read Blocks":0,"Shared Dirtied Blocks":0,"Shared Written Blocks":0,"Local Hit Blocks":0,"Local Read Blocks":0,"Local Dirtied Blocks":0,"Local Written Blocks":0,"Temp Read Blocks":0,"Temp Written Blocks":0,"I/O Read Time":0.0,"I/O Write Time":0.0,"Temp I/O Read Time":0.0,"Temp I/O Write Time":0.0,"Plans":[{"Node Type":"Hash Join","Parent Relationship":"Outer","Parallel Aware":false,"Async Capable":false,"Join Type":"Inner","Startup Cost":442.44,"Total Cost":577332.98,"Plan Rows":20000212,"Plan Width":10,"Actual Startup Time":2.454,"Actual Total Time":5207.857,"Actual Rows":20000000,"Actual Loops":1,"Output":["supplier.su_nationkey","stock.s_w_id","stock.s_i_id"],"Inner Unique":true,"Hash Cond":"(mod((stock.s_w_id * stock.s_i_id), 10000) = supplier.su_suppkey)","Shared Hit Blocks":54890,"Shared Read Blocks":0,"Shared Dirtied Blocks":0,"Shared Written Blocks":0,"Local Hit Blocks":0,"Local Read Blocks":0,"Local Dirtied Blocks":0,"Local Written Blocks":0,"Temp Read Blocks":0,"Temp Written Blocks":0,"I/O Read Time":0.0,"I/O Write Time":0.0,"Temp I/O Read Time":0.0,"Temp I/O Write Time":0.0,"Plans":[{"Node Type":"Index Only Scan","Parent Relationship":"Outer","Parallel Aware":false,"Async Capable":false,"Scan Direction":"Forward","Index Name":"stock_pk","Relation Name":"stock","Schema":"public","Alias":"stock","Startup Cost":0.44,"Total Cost":519363.62,"Plan Rows":20000212,"Plan Width":6,"Actual Startup Time":0.021,"Actual Total Time":1520.487,"Actual Rows":20000000,"Actual Loops":1,"Output":["stock.s_w_id","stock.s_i_id"],"Heap Fetches":0,"Shared Hit Blocks":54673,"Shared Read Blocks":0,"Shared Dirtied Blocks":0,"Shared Written Blocks":0,"Local Hit Blocks":0,"Local Read Blocks":0,"Local Dirtied Blocks":0,"Local Written Blocks":0,"Temp Read Blocks":0,"Temp Written Blocks":0,"I/O Read Time":0.0,"I/O Write Time":0.0,"Temp I/O Read Time":0.0,"Temp I/O Write Time":0.0},{"Node Type":"Hash","Parent Relationship":"Inner","Parallel Aware":false,"Async Capable":false,"Startup Cost":317.0,"Total Cost":317.0,"Plan Rows":10000,"Plan Width":8,"Actual Startup Time":2.384,"Actual Total Time":2.385,"Actual Rows":10000,"Actual Loops":1,"Output":["supplier.su_nationkey","supplier.su_suppkey"],"Hash Buckets":16384,"Original Hash Buckets":16384,"Hash Batches":1,"Original Hash Batches":1,"Peak Memory Usage":519,"Shared Hit Blocks":217,"Shared Read Blocks":0,"Shared Dirtied Blocks":0,"Shared Written Blocks":0,"Local Hit Blocks":0,"Local Read Blocks":0,"Local Dirtied Blocks":0,"Local Written Blocks":0,"Temp Read Blocks":0,"Temp Written Blocks":0,"I/O Read Time":0.0,"I/O Write Time":0.0,"Temp I/O Read Time":0.0,"Temp I/O Write Time":0.0,"Plans":[{"Node Type":"Seq Scan","Parent Relationship":"Outer","Parallel Aware":false,"Async Capable":false,"Relation Name":"supplier","Schema":"public","Alias":"supplier","Startup Cost":0.0,"Total Cost":317.0,"Plan Rows":10000,"Plan Width":8,"Actual Startup Time":0.007,"Actual Total Time":1.257,"Actual Rows":10000,"Actual Loops":1,"Output":["supplier.su_nationkey","supplier.su_suppkey"],"Shared Hit Blocks":217,"Shared Read Blocks":0,"Shared Dirtied Blocks":0,"Shared Written Blocks":0,"Local Hit Blocks":0,"Local Read Blocks":0,"Local Dirtied Blocks":0,"Local Written Blocks":0,"Temp Read Blocks":0,"Temp Written Blocks":0,"I/O Read Time":0.0,"I/O Write Time":0.0,"Temp I/O Read Time":0.0,"Temp I/O Write Time":0.0}]}]},{"Node Type":"Hash","Parent Relationship":"Inner","Parallel Aware":false,"Async Capable":false,"Startup Cost":1.93,"Total Cost":1.93,"Plan Rows":2,"Plan Width":12,"Actual Startup Time":0.019,"Actual Total Time":0.021,"Actual Rows":2,"Actual Loops":1,"Output":["n1.n_nationkey","n1.n_name"],"Hash Buckets":1024,"Original Hash Buckets":1024,"Hash Batches":1,"Original Hash Batches":1,"Peak Memory Usage":9,"Shared Hit Blocks":1,"Shared Read Blocks":0,"Shared Dirtied Blocks":0,"Shared Written Blocks":0,"Local Hit Blocks":0,"Local Read Blocks":0,"Local Dirtied Blocks":0,"Local Written Blocks":0,"Temp Read Blocks":0,"Temp Written Blocks":0,"I/O Read Time":0.0,"I/O Write Time":0.0,"Temp I/O Read Time":0.0,"Temp I/O Write Time":0.0,"Plans":[{"Node Type":"Seq Scan","Parent Relationship":"Outer","Parallel Aware":false,"Async Capable":false,"Relation Name":"nation","Schema":"public","Alias":"n1","Startup Cost":0.0,"Total Cost":1.93,"Plan Rows":2,"Plan Width":12,"Actual Startup Time":0.012,"Actual Total Time":0.017,"Actual Rows":2,"Actual Loops":1,"Output":["n1.n_nationkey","n1.n_name"],"Filter":"(((n1.n_name)::text = 'Germany'::text) OR ((n1.n_name)::text = 'Cambodia'::text))","Rows Removed by Filter":60,"Shared Hit Blocks":1,"Shared Read Blocks":0,"Shared Dirtied Blocks":0,"Shared Written Blocks":0,"Local Hit Blocks":0,"Local Read Blocks":0,"Local Dirtied Blocks":0,"Local Written Blocks":0,"Temp Read Blocks":0,"Temp Written Blocks":0,"I/O Read Time":0.0,"I/O Write Time":0.0,"Temp I/O Read Time":0.0,"Temp I/O Write Time":0.0}]}]}]}]},{"Node Type":"Hash","Parent Relationship":"Inner","Parallel Aware":false,"Async Capable":false,"Startup Cost":119121.6,"Total Cost":119121.6,"Plan Rows":5996324,"Plan Width":24,"Actual Startup Time":1802.65,"Actual Total Time":1802.653,"Actual Rows":5995789,"Actual Loops":1,"Output":["orders.o_entry_d","orders.o_w_id","orders.o_d_id","orders.o_id","orders.o_c_id"],"Hash Buckets":131072,"Original Hash Buckets":131072,"Hash Batches":64,"Original Hash Batches":64,"Peak Memory Usage":6496,"Shared Hit Blocks":44122,"Shared Read Blocks":0,"Shared Dirtied Blocks":0,"Shared Written Blocks":0,"Local Hit Blocks":0,"Local Read Blocks":0,"Local Dirtied Blocks":0,"Local Written Blocks":0,"Temp Read Blocks":0,"Temp Written Blocks":34552,"I/O Read Time":0.0,"I/O Write Time":0.0,"Temp I/O Read Time":0.0,"Temp I/O Write Time":153.427,"Plans":[{"Node Type":"Seq Scan","Parent Relationship":"Outer","Parallel Aware":false,"Async Capable":false,"Relation Name":"orders","Schema":"public","Alias":"orders","Startup Cost":0.0,"Total Cost":119121.6,"Plan Rows":5996324,"Plan Width":24,"Actual Startup Time":0.012,"Actual Total Time":730.244,"Actual Rows":5995789,"Actual Loops":1,"Output":["orders.o_entry_d","orders.o_w_id","orders.o_d_id","orders.o_id","orders.o_c_id"],"Filter":"(orders.o_entry_d >= '1992-01-02 20:10:02.27764'::timestamp without time zone)","Rows Removed by Filter":4211,"Shared Hit Blocks":44122,"Shared Read Blocks":0,"Shared Dirtied Blocks":0,"Shared Written Blocks":0,"Local Hit Blocks":0,"Local Read Blocks":0,"Local Dirtied Blocks":0,"Local Written Blocks":0,"Temp Read Blocks":0,"Temp Written Blocks":0,"I/O Read Time":0.0,"I/O Write Time":0.0,"Temp I/O Read Time":0.0,"Temp I/O Write Time":0.0}]}]}]},{"Node Type":"Materialize","Parent Relationship":"Inner","Parallel Aware":false,"Async Capable":false,"Startup Cost":557789.1,"Total Cost":558756.87,"Plan Rows":193553,"Plan Width":20,"Actual Startup Time":2214.318,"Actual Total Time":2286.697,"Actual Rows":293066,"Actual Loops":1,"Output":["customer.c_nationkey","customer.c_id","customer.c_w_id","customer.c_d_id","n2.n_name"],"Shared Hit Blocks":459991,"Shared Read Blocks":0,"Shared Dirtied Blocks":0,"Shared Written Blocks":0,"Local Hit Blocks":0,"Local Read Blocks":0,"Local Dirtied Blocks":0,"Local Written Blocks":0,"Temp Read Blocks":1090,"Temp Written Blocks":1096,"I/O Read Time":0.0,"I/O Write Time":0.0,"Temp I/O Read Time":1.634,"Temp I/O Write Time":4.315,"Plans":[{"Node Type":"Sort","Parent Relationship":"Outer","Parallel Aware":false,"Async Capable":false,"Startup Cost":557789.1,"Total Cost":558272.98,"Plan Rows":193553,"Plan Width":20,"Actual Startup Time":2214.309,"Actual Total Time":2255.045,"Actual Rows":289967,"Actual Loops":1,"Output":["customer.c_nationkey","customer.c_id","customer.c_w_id","customer.c_d_id","n2.n_name"],"Sort Key":["customer.c_id","customer.c_w_id","customer.c_d_id"],"Sort Method":"external merge","Sort Space Used":8720,"Sort Space Type":"Disk","Shared Hit Blocks":459991,"Shared Read Blocks":0,"Shared Dirtied Blocks":0,"Shared Written Blocks":0,"Local Hit Blocks":0,"Local Read Blocks":0,"Local Dirtied Blocks":0,"Local Written Blocks":0,"Temp Read Blocks":1090,"Temp Written Blocks":1096,"I/O Read Time":0.0,"I/O Write Time":0.0,"Temp I/O Read Time":1.634,"Temp I/O Write Time":4.315,"Plans":[{"Node Type":"Hash Join","Parent Relationship":"Outer","Parallel Aware":false,"Async Capable":false,"Join Type":"Inner","Startup Cost":1.95,"Total Cost":536820.36,"Plan Rows":193553,"Plan Width":20,"Actual Startup Time":0.083,"Actual Total Time":2104.072,"Actual Rows":289972,"Actual Loops":1,"Output":["customer.c_nationkey","customer.c_id","customer.c_w_id","customer.c_d_id","n2.n_name"],"Inner Unique":true,"Hash Cond":"(customer.c_nationkey = n2.n_nationkey)","Shared Hit Blocks":459991,"Shared Read Blocks":0,"Shared Dirtied Blocks":0,"Shared Written Blocks":0,"Local Hit Blocks":0,"Local Read Blocks":0,"Local Dirtied Blocks":0,"Local Written Blocks":0,"Temp Read Blocks":0,"Temp Written Blocks":0,"I/O Read Time":0.0,"I/O Write Time":0.0,"Temp I/O Read Time":0.0,"Temp I/O Write Time":0.0,"Plans":[{"Node Type":"Seq Scan","Parent Relationship":"Outer","Parallel Aware":false,"Async Capable":false,"Relation Name":"customer","Schema":"public","Alias":"customer","Startup Cost":0.0,"Total Cost":519991.4,"Plan Rows":6000140,"Plan Width":12,"Actual Startup Time":0.025,"Actual Total Time":719.391,"Actual Rows":6000000,"Actual Loops":1,"Output":["customer.c_id","customer.c_d_id","customer.c_w_id","customer.c_nationkey","customer.c_first","customer.c_middle","customer.c_last","customer.c_street_1","customer.c_street_2","customer.c_city","customer.c_state","customer.c_zip","customer.c_phone","customer.c_since","customer.c_credit","customer.c_credit_lim","customer.c_discount","customer.c_balance","customer.c_ytd_payment","customer.c_payment_cnt","customer.c_delivery_cnt","customer.c_data"],"Shared Hit Blocks":459990,"Shared Read Blocks":0,"Shared Dirtied Blocks":0,"Shared Written Blocks":0,"Local Hit Blocks":0,"Local Read Blocks":0,"Local Dirtied Blocks":0,"Local Written Blocks":0,"Temp Read Blocks":0,"Temp Written Blocks":0,"I/O Read Time":0.0,"I/O Write Time":0.0,"Temp I/O Read Time":0.0,"Temp I/O Write Time":0.0},{"Node Type":"Hash","Parent Relationship":"Inner","Parallel Aware":false,"Async Capable":false,"Startup Cost":1.93,"Total Cost":1.93,"Plan Rows":2,"Plan Width":12,"Actual Startup Time":0.023,"Actual Total Time":0.024,"Actual Rows":2,"Actual Loops":1,"Output":["n2.n_nationkey","n2.n_name"],"Hash Buckets":1024,"Original Hash Buckets":1024,"Hash Batches":1,"Original Hash Batches":1,"Peak Memory Usage":9,"Shared Hit Blocks":1,"Shared Read Blocks":0,"Shared Dirtied Blocks":0,"Shared Written Blocks":0,"Local Hit Blocks":0,"Local Read Blocks":0,"Local Dirtied Blocks":0,"Local Written Blocks":0,"Temp Read Blocks":0,"Temp Written Blocks":0,"I/O Read Time":0.0,"I/O Write Time":0.0,"Temp I/O Read Time":0.0,"Temp I/O Write Time":0.0,"Plans":[{"Node Type":"Seq Scan","Parent Relationship":"Outer","Parallel Aware":false,"Async Capable":false,"Relation Name":"nation","Schema":"public","Alias":"n2","Startup Cost":0.0,"Total Cost":1.93,"Plan Rows":2,"Plan Width":12,"Actual Startup Time":0.014,"Actual Total Time":0.019,"Actual Rows":2,"Actual Loops":1,"Output":["n2.n_nationkey","n2.n_name"],"Filter":"(((n2.n_name)::text = 'Cambodia'::text) OR ((n2.n_name)::text = 'Germany'::text))","Rows Removed by Filter":60,"Shared Hit Blocks":1,"Shared Read Blocks":0,"Shared Dirtied Blocks":0,"Shared Written Blocks":0,"Local Hit Blocks":0,"Local Read Blocks":0,"Local Dirtied Blocks":0,"Local Written Blocks":0,"Temp Read Blocks":0,"Temp Written Blocks":0,"I/O Read Time":0.0,"I/O Write Time":0.0,"Temp I/O Read Time":0.0,"Temp I/O Write Time":0.0}]}]}]}]}]}]}]},"Planning":{"Shared Hit Blocks":152,"Shared Read Blocks":0,"Shared Dirtied Blocks":0,"Shared Written Blocks":0,"Local Hit Blocks":0,"Local Read Blocks":0,"Local Dirtied Blocks":0,"Local Written Blocks":0,"Temp Read Blocks":0,"Temp Written Blocks":0,"I/O Read Time":0.0,"I/O Write Time":0.0,"Temp I/O Read Time":0.0,"Temp I/O Write Time":0.0},"Planning Time":2.467,"Triggers":[],"Execution Time":22775.808}]
[列存组合]: order_line
[{"Plan":{"Node Type":"Aggregate","Strategy":"Sorted","Partial Mode":"Simple","Parallel Aware":false,"Async Capable":false,"Startup Cost":3749949.52,"Total Cost":3750204.34,"Plan Rows":9266,"Plan Width":72,"Actual Startup Time":23051.428,"Actual Total Time":23053.998,"Actual Rows":6,"Actual Loops":1,"Output":["supplier.su_nationkey","customer.c_nationkey","(EXTRACT(year FROM orders.o_entry_d))","sum(order_line.ol_amount)"],"Group Key":["supplier.su_nationkey","customer.c_nationkey","(EXTRACT(year FROM orders.o_entry_d))"],"Shared Hit Blocks":559004,"Shared Read Blocks":0,"Shared Dirtied Blocks":0,"Shared Written Blocks":0,"Local Hit Blocks":0,"Local Read Blocks":0,"Local Dirtied Blocks":0,"Local Written Blocks":0,"Temp Read Blocks":123649,"Temp Written Blocks":123667,"I/O Read Time":0.0,"I/O Write Time":0.0,"Temp I/O Read Time":189.66,"Temp I/O Write Time":544.581,"Plans":[{"Node Type":"Sort","Parent Relationship":"Outer","Parallel Aware":false,"Async Capable":false,"Startup Cost":3749949.52,"Total Cost":3749972.69,"Plan Rows":9266,"Plan Width":44,"Actual Startup Time":23051.319,"Actual Total Time":23051.844,"Actual Rows":12121,"Actual Loops":1,"Output":["supplier.su_nationkey","customer.c_nationkey","(EXTRACT(year FROM orders.o_entry_d))","order_line.ol_amount"],"Sort Key":["supplier.su_nationkey","customer.c_nationkey","(EXTRACT(year FROM orders.o_entry_d))"],"Sort Method":"quicksort","Sort Space Used":1047,"Sort Space Type":"Memory","Shared Hit Blocks":559004,"Shared Read Blocks":0,"Shared Dirtied Blocks":0,"Shared Written Blocks":0,"Local Hit Blocks":0,"Local Read Blocks":0,"Local Dirtied Blocks":0,"Local Written Blocks":0,"Temp Read Blocks":123649,"Temp Written Blocks":123667,"I/O Read Time":0.0,"I/O Write Time":0.0,"Temp I/O Read Time":189.66,"Temp I/O Write Time":544.581,"Plans":[{"Node Type":"Merge Join","Parent Relationship":"Outer","Parallel Aware":false,"Async Capable":false,"Join Type":"Inner","Startup Cost":3740879.17,"Total Cost":3749339.0,"Plan Rows":9266,"Plan Width":44,"Actual Startup Time":22708.757,"Actual Total Time":23048.438,"Actual Rows":12121,"Actual Loops":1,"Output":["supplier.su_nationkey","customer.c_nationkey","EXTRACT(year FROM orders.o_entry_d)","order_line.ol_amount"],"Inner Unique":false,"Merge Cond":"((orders.o_c_id = customer.c_id) AND (order_line.ol_w_id = customer.c_w_id) AND (order_line.ol_d_id = customer.c_d_id))","Join Filter":"((((n1.n_name)::text = 'Germany'::text) AND ((n2.n_name)::text = 'Cambodia'::text)) OR (((n1.n_name)::text = 'Cambodia'::text) AND ((n2.n_name)::text = 'Germany'::text)))","Rows Removed by Join Filter":11453,"Shared Hit Blocks":559004,"Shared Read Blocks":0,"Shared Dirtied Blocks":0,"Shared Written Blocks":0,"Local Hit Blocks":0,"Local Read Blocks":0,"Local Dirtied Blocks":0,"Local Written Blocks":0,"Temp Read Blocks":123649,"Temp Written Blocks":123667,"I/O Read Time":0.0,"I/O Write Time":0.0,"Temp I/O Read Time":189.66,"Temp I/O Write Time":544.581,"Plans":[{"Node Type":"Sort","Parent Relationship":"Outer","Parallel Aware":false,"Async Capable":false,"Startup Cost":3183089.88,"Total Cost":3184503.28,"Plan Rows":565362,"Plan Width":36,"Actual Startup Time":20515.426,"Actual Total Time":20687.124,"Actual Rows":485009,"Actual Loops":1,"Output":["supplier.su_nationkey","order_line.ol_amount","order_line.ol_w_id","order_line.ol_d_id","orders.o_entry_d","orders.o_w_id","orders.o_d_id","orders.o_c_id","n1.n_name"],"Sort Key":["orders.o_c_id","order_line.ol_w_id","order_line.ol_d_id"],"Sort Method":"external merge","Sort Space Used":24000,"Sort Space Type":"Disk","Shared Hit Blocks":99013,"Shared Read Blocks":0,"Shared Dirtied Blocks":0,"Shared Written Blocks":0,"Local Hit Blocks":0,"Local Read Blocks":0,"Local Dirtied Blocks":0,"Local Written Blocks":0,"Temp Read Blocks":122559,"Temp Written Blocks":122571,"I/O Read Time":0.0,"I/O Write Time":0.0,"Temp I/O Read Time":188.06,"Temp I/O Write Time":540.298,"Plans":[{"Node Type":"Hash Join","Parent Relationship":"Outer","Parallel Aware":false,"Async Capable":false,"Join Type":"Inner","Startup Cost":906095.03,"Total Cost":3113613.38,"Plan Rows":565362,"Plan Width":36,"Actual Startup Time":8536.563,"Actual Total Time":20265.734,"Actual Rows":485009,"Actual Loops":1,"Output":["supplier.su_nationkey","order_line.ol_amount","order_line.ol_w_id","order_line.ol_d_id","orders.o_entry_d","orders.o_w_id","orders.o_d_id","orders.o_c_id","n1.n_name"],"Inner Unique":true,"Hash Cond":"((order_line.ol_w_id = orders.o_w_id) AND (order_line.ol_d_id = orders.o_d_id) AND (order_line.ol_o_id = orders.o_id))","Shared Hit Blocks":99013,"Shared Read Blocks":0,"Shared Dirtied Blocks":0,"Shared Written Blocks":0,"Local Hit Blocks":0,"Local Read Blocks":0,"Local Dirtied Blocks":0,"Local Written Blocks":0,"Temp Read Blocks":119559,"Temp Written Blocks":119559,"I/O Read Time":0.0,"I/O Write Time":0.0,"Temp I/O Read Time":183.534,"Temp I/O Write Time":529.182,"Plans":[{"Node Type":"Hash Join","Parent Relationship":"Outer","Parallel Aware":false,"Async Capable":false,"Join Type":"Inner","Startup Cost":646902.76,"Total Cost":2807095.19,"Plan Rows":565705,"Plan Width":28,"Actual Startup Time":6703.586,"Actual Total Time":17758.587,"Actual Rows":485009,"Actual Loops":1,"Output":["supplier.su_nationkey","order_line.ol_amount","order_line.ol_w_id","order_line.ol_d_id","order_line.ol_o_id","n1.n_name"],"Inner Unique":false,"Hash Cond":"((order_line.ol_supply_w_id = stock.s_w_id) AND (order_line.ol_i_id = stock.s_i_id))","Shared Hit Blocks":54891,"Shared Read Blocks":0,"Shared Dirtied Blocks":0,"Shared Written Blocks":0,"Local Hit Blocks":0,"Local Read Blocks":0,"Local Dirtied Blocks":0,"Local Written Blocks":0,"Temp Read Blocks":81853,"Temp Written Blocks":81853,"I/O Read Time":0.0,"I/O Write Time":0.0,"Temp I/O Read Time":125.183,"Temp I/O Write Time":352.066,"Plans":[{"Node Type":"Append","Parent Relationship":"Outer","Parallel Aware":false,"Async Capable":false,"Startup Cost":20.0,"Total Cost":1550642.51,"Plan Rows":17536869,"Plan Width":22,"Actual Startup Time":6.416,"Actual Total Time":5844.002,"Actual Rows":16894821,"Actual Loops":1,"Shared Hit Blocks":0,"Shared Read Blocks":0,"Shared Dirtied Blocks":0,"Shared Written Blocks":0,"Local Hit Blocks":0,"Local Read Blocks":0,"Local Dirtied Blocks":0,"Local Written Blocks":0,"Temp Read Blocks":0,"Temp Written Blocks":0,"I/O Read Time":0.0,"I/O Write Time":0.0,"Temp I/O Read Time":0.0,"Temp I/O Write Time":0.0,"Subplans Removed":0,"Plans":[{"Node Type":"Custom Scan","Parent Relationship":"Member","Custom Plan Provider":"columnar scan","Parallel Aware":false,"Async Capable":false,"Relation Name":"order_line","Schema":"public","Alias":"order_line","Startup Cost":20.0,"Total Cost":482285.56,"Plan Rows":17536851,"Plan Width":22,"Actual Startup Time":6.412,"Actual Total Time":4668.679,"Actual Rows":16894821,"Actual Loops":1,"Output":["order_line.ol_amount","order_line.ol_supply_w_id","order_line.ol_i_id","order_line.ol_w_id","order_line.ol_d_id","order_line.ol_o_id"],"Filter":"((order_line.ol_delivery_d <= '1997-01-01 20:10:02.27764'::timestamp without time zone) AND (order_line.ol_delivery_d >= '1995-01-02 20:10:02.27764'::timestamp without time zone))","Rows Removed by Filter":0,"Rows Removed by Columnar Filter":43098940,"Rows Filtered by Bloom Filter":0,"Dictionary Rows Filtered by Bloom Filter":857915,"Columnar cache search mode":"native","Shared Hit Blocks":0,"Shared Read Blocks":0,"Shared Dirtied Blocks":0,"Shared Written Blocks":0,"Local Hit Blocks":0,"Local Read Blocks":0,"Local Dirtied Blocks":0,"Local Written Blocks":0,"Temp Read Blocks":0,"Temp Written Blocks":0,"I/O Read Time":0.0,"I/O Write Time":0.0,"Temp I/O Read Time":0.0,"Temp I/O Write Time":0.0},{"Node Type":"Seq Scan","Parent Relationship":"Member","Parallel Aware":false,"Async Capable":false,"Relation Name":"order_line","Schema":"public","Alias":"order_line","Startup Cost":0.0,"Total Cost":4.95,"Plan Rows":18,"Plan Width":22,"Actual Startup Time":0.0,"Actual Total Time":0.0,"Actual Rows":0,"Actual Loops":0,"Output":["order_line.ol_amount","order_line.ol_supply_w_id","order_line.ol_i_id","order_line.ol_w_id","order_line.ol_d_id","order_line.ol_o_id"],"Filter":"((order_line.ol_delivery_d <= '1997-01-01 20:10:02.27764'::timestamp without time zone) AND (order_line.ol_delivery_d >= '1995-01-02 20:10:02.27764'::timestamp without time zone))","Rows Removed by Filter":0,"Shared Hit Blocks":0,"Shared Read Blocks":0,"Shared Dirtied Blocks":0,"Shared Written Blocks":0,"Local Hit Blocks":0,"Local Read Blocks":0,"Local Dirtied Blocks":0,"Local Written Blocks":0,"Temp Read Blocks":0,"Temp Written Blocks":0,"I/O Read Time":0.0,"I/O Write Time":0.0,"Temp I/O Read Time":0.0,"Temp I/O Write Time":0.0}]},{"Node Type":"Hash","Parent Relationship":"Inner","Parallel Aware":false,"Async Capable":false,"Startup Cost":633424.24,"Total Cost":633424.24,"Plan Rows":645168,"Plan Width":18,"Actual Startup Time":6696.188,"Actual Total Time":6696.197,"Actual Rows":566400,"Actual Loops":1,"Output":["supplier.su_nationkey","stock.s_w_id","stock.s_i_id","n1.n_name"],"Hash Buckets":131072,"Original Hash Buckets":131072,"Hash Batches":8,"Original Hash Batches":8,"Peak Memory Usage":4646,"Shared Hit Blocks":54891,"Shared Read Blocks":0,"Shared Dirtied Blocks":0,"Shared Written Blocks":0,"Local Hit Blocks":0,"Local Read Blocks":0,"Local Dirtied Blocks":0,"Local Written Blocks":0,"Temp Read Blocks":0,"Temp Written Blocks":2445,"I/O Read Time":0.0,"I/O Write Time":0.0,"Temp I/O Read Time":0.0,"Temp I/O Write Time":13.847,"Plans":[{"Node Type":"Hash Join","Parent Relationship":"Outer","Parallel Aware":false,"Async Capable":false,"Join Type":"Inner","Startup Cost":444.39,"Total Cost":633424.24,"Plan Rows":645168,"Plan Width":18,"Actual Startup Time":2.699,"Actual Total Time":6546.959,"Actual Rows":566400,"Actual Loops":1,"Output":["supplier.su_nationkey","stock.s_w_id","stock.s_i_id","n1.n_name"],"Inner Unique":true,"Hash Cond":"(supplier.su_nationkey = n1.n_nationkey)","Shared Hit Blocks":54891,"Shared Read Blocks":0,"Shared Dirtied Blocks":0,"Shared Written Blocks":0,"Local Hit Blocks":0,"Local Read Blocks":0,"Local Dirtied Blocks":0,"Local Written Blocks":0,"Temp Read Blocks":0,"Temp Written Blocks":0,"I/O Read Time":0.0,"I/O Write Time":0.0,"Temp I/O Read Time":0.0,"Temp I/O Write Time":0.0,"Plans":[{"Node Type":"Hash Join","Parent Relationship":"Outer","Parallel Aware":false,"Async Capable":false,"Join Type":"Inner","Startup Cost":442.44,"Total Cost":577332.98,"Plan Rows":20000212,"Plan Width":10,"Actual Startup Time":2.648,"Actual Total Time":5205.973,"Actual Rows":20000000,"Actual Loops":1,"Output":["supplier.su_nationkey","stock.s_w_id","stock.s_i_id"],"Inner Unique":true,"Hash Cond":"(mod((stock.s_w_id * stock.s_i_id), 10000) = supplier.su_suppkey)","Shared Hit Blocks":54890,"Shared Read Blocks":0,"Shared Dirtied Blocks":0,"Shared Written Blocks":0,"Local Hit Blocks":0,"Local Read Blocks":0,"Local Dirtied Blocks":0,"Local Written Blocks":0,"Temp Read Blocks":0,"Temp Written Blocks":0,"I/O Read Time":0.0,"I/O Write Time":0.0,"Temp I/O Read Time":0.0,"Temp I/O Write Time":0.0,"Plans":[{"Node Type":"Index Only Scan","Parent Relationship":"Outer","Parallel Aware":false,"Async Capable":false,"Scan Direction":"Forward","Index Name":"stock_pk","Relation Name":"stock","Schema":"public","Alias":"stock","Startup Cost":0.44,"Total Cost":519363.62,"Plan Rows":20000212,"Plan Width":6,"Actual Startup Time":0.029,"Actual Total Time":1529.891,"Actual Rows":20000000,"Actual Loops":1,"Output":["stock.s_w_id","stock.s_i_id"],"Heap Fetches":0,"Shared Hit Blocks":54673,"Shared Read Blocks":0,"Shared Dirtied Blocks":0,"Shared Written Blocks":0,"Local Hit Blocks":0,"Local Read Blocks":0,"Local Dirtied Blocks":0,"Local Written Blocks":0,"Temp Read Blocks":0,"Temp Written Blocks":0,"I/O Read Time":0.0,"I/O Write Time":0.0,"Temp I/O Read Time":0.0,"Temp I/O Write Time":0.0},{"Node Type":"Hash","Parent Relationship":"Inner","Parallel Aware":false,"Async Capable":false,"Startup Cost":317.0,"Total Cost":317.0,"Plan Rows":10000,"Plan Width":8,"Actual Startup Time":2.56,"Actual Total Time":2.562,"Actual Rows":10000,"Actual Loops":1,"Output":["supplier.su_nationkey","supplier.su_suppkey"],"Hash Buckets":16384,"Original Hash Buckets":16384,"Hash Batches":1,"Original Hash Batches":1,"Peak Memory Usage":519,"Shared Hit Blocks":217,"Shared Read Blocks":0,"Shared Dirtied Blocks":0,"Shared Written Blocks":0,"Local Hit Blocks":0,"Local Read Blocks":0,"Local Dirtied Blocks":0,"Local Written Blocks":0,"Temp Read Blocks":0,"Temp Written Blocks":0,"I/O Read Time":0.0,"I/O Write Time":0.0,"Temp I/O Read Time":0.0,"Temp I/O Write Time":0.0,"Plans":[{"Node Type":"Seq Scan","Parent Relationship":"Outer","Parallel Aware":false,"Async Capable":false,"Relation Name":"supplier","Schema":"public","Alias":"supplier","Startup Cost":0.0,"Total Cost":317.0,"Plan Rows":10000,"Plan Width":8,"Actual Startup Time":0.013,"Actual Total Time":1.299,"Actual Rows":10000,"Actual Loops":1,"Output":["supplier.su_nationkey","supplier.su_suppkey"],"Shared Hit Blocks":217,"Shared Read Blocks":0,"Shared Dirtied Blocks":0,"Shared Written Blocks":0,"Local Hit Blocks":0,"Local Read Blocks":0,"Local Dirtied Blocks":0,"Local Written Blocks":0,"Temp Read Blocks":0,"Temp Written Blocks":0,"I/O Read Time":0.0,"I/O Write Time":0.0,"Temp I/O Read Time":0.0,"Temp I/O Write Time":0.0}]}]},{"Node Type":"Hash","Parent Relationship":"Inner","Parallel Aware":false,"Async Capable":false,"Startup Cost":1.93,"Total Cost":1.93,"Plan Rows":2,"Plan Width":12,"Actual Startup Time":0.036,"Actual Total Time":0.037,"Actual Rows":2,"Actual Loops":1,"Output":["n1.n_nationkey","n1.n_name"],"Hash Buckets":1024,"Original Hash Buckets":1024,"Hash Batches":1,"Original Hash Batches":1,"Peak Memory Usage":9,"Shared Hit Blocks":1,"Shared Read Blocks":0,"Shared Dirtied Blocks":0,"Shared Written Blocks":0,"Local Hit Blocks":0,"Local Read Blocks":0,"Local Dirtied Blocks":0,"Local Written Blocks":0,"Temp Read Blocks":0,"Temp Written Blocks":0,"I/O Read Time":0.0,"I/O Write Time":0.0,"Temp I/O Read Time":0.0,"Temp I/O Write Time":0.0,"Plans":[{"Node Type":"Seq Scan","Parent Relationship":"Outer","Parallel Aware":false,"Async Capable":false,"Relation Name":"nation","Schema":"public","Alias":"n1","Startup Cost":0.0,"Total Cost":1.93,"Plan Rows":2,"Plan Width":12,"Actual Startup Time":0.027,"Actual Total Time":0.032,"Actual Rows":2,"Actual Loops":1,"Output":["n1.n_nationkey","n1.n_name"],"Filter":"(((n1.n_name)::text = 'Germany'::text) OR ((n1.n_name)::text = 'Cambodia'::text))","Rows Removed by Filter":60,"Shared Hit Blocks":1,"Shared Read Blocks":0,"Shared Dirtied Blocks":0,"Shared Written Blocks":0,"Local Hit Blocks":0,"Local Read Blocks":0,"Local Dirtied Blocks":0,"Local Written Blocks":0,"Temp Read Blocks":0,"Temp Written Blocks":0,"I/O Read Time":0.0,"I/O Write Time":0.0,"Temp I/O Read Time":0.0,"Temp I/O Write Time":0.0}]}]}]}]},{"Node Type":"Hash","Parent Relationship":"Inner","Parallel Aware":false,"Async Capable":false,"Startup Cost":119121.6,"Total Cost":119121.6,"Plan Rows":5996324,"Plan Width":24,"Actual Startup Time":1819.695,"Actual Total Time":1819.696,"Actual Rows":5995789,"Actual Loops":1,"Output":["orders.o_entry_d","orders.o_w_id","orders.o_d_id","orders.o_id","orders.o_c_id"],"Hash Buckets":131072,"Original Hash Buckets":131072,"Hash Batches":64,"Original Hash Batches":64,"Peak Memory Usage":6496,"Shared Hit Blocks":44122,"Shared Read Blocks":0,"Shared Dirtied Blocks":0,"Shared Written Blocks":0,"Local Hit Blocks":0,"Local Read Blocks":0,"Local Dirtied Blocks":0,"Local Written Blocks":0,"Temp Read Blocks":0,"Temp Written Blocks":34552,"I/O Read Time":0.0,"I/O Write Time":0.0,"Temp I/O Read Time":0.0,"Temp I/O Write Time":159.073,"Plans":[{"Node Type":"Seq Scan","Parent Relationship":"Outer","Parallel Aware":false,"Async Capable":false,"Relation Name":"orders","Schema":"public","Alias":"orders","Startup Cost":0.0,"Total Cost":119121.6,"Plan Rows":5996324,"Plan Width":24,"Actual Startup Time":0.014,"Actual Total Time":734.471,"Actual Rows":5995789,"Actual Loops":1,"Output":["orders.o_entry_d","orders.o_w_id","orders.o_d_id","orders.o_id","orders.o_c_id"],"Filter":"(orders.o_entry_d >= '1992-01-02 20:10:02.27764'::timestamp without time zone)","Rows Removed by Filter":4211,"Shared Hit Blocks":44122,"Shared Read Blocks":0,"Shared Dirtied Blocks":0,"Shared Written Blocks":0,"Local Hit Blocks":0,"Local Read Blocks":0,"Local Dirtied Blocks":0,"Local Written Blocks":0,"Temp Read Blocks":0,"Temp Written Blocks":0,"I/O Read Time":0.0,"I/O Write Time":0.0,"Temp I/O Read Time":0.0,"Temp I/O Write Time":0.0}]}]}]},{"Node Type":"Materialize","Parent Relationship":"Inner","Parallel Aware":false,"Async Capable":false,"Startup Cost":557789.1,"Total Cost":558756.87,"Plan Rows":193553,"Plan Width":20,"Actual Startup Time":2193.28,"Actual Total Time":2265.765,"Actual Rows":293066,"Actual Loops":1,"Output":["customer.c_nationkey","customer.c_id","customer.c_w_id","customer.c_d_id","n2.n_name"],"Shared Hit Blocks":459991,"Shared Read Blocks":0,"Shared Dirtied Blocks":0,"Shared Written Blocks":0,"Local Hit Blocks":0,"Local Read Blocks":0,"Local Dirtied Blocks":0,"Local Written Blocks":0,"Temp Read Blocks":1090,"Temp Written Blocks":1096,"I/O Read Time":0.0,"I/O Write Time":0.0,"Temp I/O Read Time":1.6,"Temp I/O Write Time":4.283,"Plans":[{"Node Type":"Sort","Parent Relationship":"Outer","Parallel Aware":false,"Async Capable":false,"Startup Cost":557789.1,"Total Cost":558272.98,"Plan Rows":193553,"Plan Width":20,"Actual Startup Time":2193.273,"Actual Total Time":2234.034,"Actual Rows":289967,"Actual Loops":1,"Output":["customer.c_nationkey","customer.c_id","customer.c_w_id","customer.c_d_id","n2.n_name"],"Sort Key":["customer.c_id","customer.c_w_id","customer.c_d_id"],"Sort Method":"external merge","Sort Space Used":8720,"Sort Space Type":"Disk","Shared Hit Blocks":459991,"Shared Read Blocks":0,"Shared Dirtied Blocks":0,"Shared Written Blocks":0,"Local Hit Blocks":0,"Local Read Blocks":0,"Local Dirtied Blocks":0,"Local Written Blocks":0,"Temp Read Blocks":1090,"Temp Written Blocks":1096,"I/O Read Time":0.0,"I/O Write Time":0.0,"Temp I/O Read Time":1.6,"Temp I/O Write Time":4.283,"Plans":[{"Node Type":"Hash Join","Parent Relationship":"Outer","Parallel Aware":false,"Async Capable":false,"Join Type":"Inner","Startup Cost":1.95,"Total Cost":536820.36,"Plan Rows":193553,"Plan Width":20,"Actual Startup Time":0.085,"Actual Total Time":2085.734,"Actual Rows":289972,"Actual Loops":1,"Output":["customer.c_nationkey","customer.c_id","customer.c_w_id","customer.c_d_id","n2.n_name"],"Inner Unique":true,"Hash Cond":"(customer.c_nationkey = n2.n_nationkey)","Shared Hit Blocks":459991,"Shared Read Blocks":0,"Shared Dirtied Blocks":0,"Shared Written Blocks":0,"Local Hit Blocks":0,"Local Read Blocks":0,"Local Dirtied Blocks":0,"Local Written Blocks":0,"Temp Read Blocks":0,"Temp Written Blocks":0,"I/O Read Time":0.0,"I/O Write Time":0.0,"Temp I/O Read Time":0.0,"Temp I/O Write Time":0.0,"Plans":[{"Node Type":"Seq Scan","Parent Relationship":"Outer","Parallel Aware":false,"Async Capable":false,"Relation Name":"customer","Schema":"public","Alias":"customer","Startup Cost":0.0,"Total Cost":519991.4,"Plan Rows":6000140,"Plan Width":12,"Actual Startup Time":0.025,"Actual Total Time":711.71,"Actual Rows":6000000,"Actual Loops":1,"Output":["customer.c_id","customer.c_d_id","customer.c_w_id","customer.c_nationkey","customer.c_first","customer.c_middle","customer.c_last","customer.c_street_1","customer.c_street_2","customer.c_city","customer.c_state","customer.c_zip","customer.c_phone","customer.c_since","customer.c_credit","customer.c_credit_lim","customer.c_discount","customer.c_balance","customer.c_ytd_payment","customer.c_payment_cnt","customer.c_delivery_cnt","customer.c_data"],"Shared Hit Blocks":459990,"Shared Read Blocks":0,"Shared Dirtied Blocks":0,"Shared Written Blocks":0,"Local Hit Blocks":0,"Local Read Blocks":0,"Local Dirtied Blocks":0,"Local Written Blocks":0,"Temp Read Blocks":0,"Temp Written Blocks":0,"I/O Read Time":0.0,"I/O Write Time":0.0,"Temp I/O Read Time":0.0,"Temp I/O Write Time":0.0},{"Node Type":"Hash","Parent Relationship":"Inner","Parallel Aware":false,"Async Capable":false,"Startup Cost":1.93,"Total Cost":1.93,"Plan Rows":2,"Plan Width":12,"Actual Startup Time":0.026,"Actual Total Time":0.026,"Actual Rows":2,"Actual Loops":1,"Output":["n2.n_nationkey","n2.n_name"],"Hash Buckets":1024,"Original Hash Buckets":1024,"Hash Batches":1,"Original Hash Batches":1,"Peak Memory Usage":9,"Shared Hit Blocks":1,"Shared Read Blocks":0,"Shared Dirtied Blocks":0,"Shared Written Blocks":0,"Local Hit Blocks":0,"Local Read Blocks":0,"Local Dirtied Blocks":0,"Local Written Blocks":0,"Temp Read Blocks":0,"Temp Written Blocks":0,"I/O Read Time":0.0,"I/O Write Time":0.0,"Temp I/O Read Time":0.0,"Temp I/O Write Time":0.0,"Plans":[{"Node Type":"Seq Scan","Parent Relationship":"Outer","Parallel Aware":false,"Async Capable":false,"Relation Name":"nation","Schema":"public","Alias":"n2","Startup Cost":0.0,"Total Cost":1.93,"Plan Rows":2,"Plan Width":12,"Actual Startup Time":0.016,"Actual Total Time":0.021,"Actual Rows":2,"Actual Loops":1,"Output":["n2.n_nationkey","n2.n_name"],"Filter":"(((n2.n_name)::text = 'Cambodia'::text) OR ((n2.n_name)::text = 'Germany'::text))","Rows Removed by Filter":60,"Shared Hit Blocks":1,"Shared Read Blocks":0,"Shared Dirtied Blocks":0,"Shared Written Blocks":0,"Local Hit Blocks":0,"Local Read Blocks":0,"Local Dirtied Blocks":0,"Local Written Blocks":0,"Temp Read Blocks":0,"Temp Written Blocks":0,"I/O Read Time":0.0,"I/O Write Time":0.0,"Temp I/O Read Time":0.0,"Temp I/O Write Time":0.0}]}]}]}]}]}]}]},"Planning":{"Shared Hit Blocks":152,"Shared Read Blocks":0,"Shared Dirtied Blocks":0,"Shared Written Blocks":0,"Local Hit Blocks":0,"Local Read Blocks":0,"Local Dirtied Blocks":0,"Local Written Blocks":0,"Temp Read Blocks":0,"Temp Written Blocks":0,"I/O Read Time":0.0,"I/O Write Time":0.0,"Temp I/O Read Time":0.0,"Temp I/O Write Time":0.0},"Planning Time":3.013,"Triggers":[],"Execution Time":23059.84}]
[列存组合]: orders
[{"Plan":{"Node Type":"Aggregate","Strategy":"Sorted","Partial Mode":"Simple","Parallel Aware":false,"Async Capable":false,"Startup Cost":3780962.37,"Total Cost":3781217.19,"Plan Rows":9266,"Plan Width":72,"Actual Startup Time":22777.157,"Actual Total Time":22779.699,"Actual Rows":6,"Actual Loops":1,"Output":["supplier.su_nationkey","customer.c_nationkey","(EXTRACT(year FROM orders.o_entry_d))","sum(order_line.ol_amount)"],"Group Key":["supplier.su_nationkey","customer.c_nationkey","(EXTRACT(year FROM orders.o_entry_d))"],"Shared Hit Blocks":1240752,"Shared Read Blocks":0,"Shared Dirtied Blocks":0,"Shared Written Blocks":0,"Local Hit Blocks":0,"Local Read Blocks":0,"Local Dirtied Blocks":0,"Local Written Blocks":0,"Temp Read Blocks":124799,"Temp Written Blocks":124817,"I/O Read Time":0.0,"I/O Write Time":0.0,"Temp I/O Read Time":190.33,"Temp I/O Write Time":534.849,"Plans":[{"Node Type":"Sort","Parent Relationship":"Outer","Parallel Aware":false,"Async Capable":false,"Startup Cost":3780962.37,"Total Cost":3780985.54,"Plan Rows":9266,"Plan Width":44,"Actual Startup Time":22777.051,"Actual Total Time":22777.572,"Actual Rows":12121,"Actual Loops":1,"Output":["supplier.su_nationkey","customer.c_nationkey","(EXTRACT(year FROM orders.o_entry_d))","order_line.ol_amount"],"Sort Key":["supplier.su_nationkey","customer.c_nationkey","(EXTRACT(year FROM orders.o_entry_d))"],"Sort Method":"quicksort","Sort Space Used":1047,"Sort Space Type":"Memory","Shared Hit Blocks":1240752,"Shared Read Blocks":0,"Shared Dirtied Blocks":0,"Shared Written Blocks":0,"Local Hit Blocks":0,"Local Read Blocks":0,"Local Dirtied Blocks":0,"Local Written Blocks":0,"Temp Read Blocks":124799,"Temp Written Blocks":124817,"I/O Read Time":0.0,"I/O Write Time":0.0,"Temp I/O Read Time":190.33,"Temp I/O Write Time":534.849,"Plans":[{"Node Type":"Merge Join","Parent Relationship":"Outer","Parallel Aware":false,"Async Capable":false,"Join Type":"Inner","Startup Cost":3771892.02,"Total Cost":3780351.85,"Plan Rows":9266,"Plan Width":44,"Actual Startup Time":22433.924,"Actual Total Time":22774.059,"Actual Rows":12121,"Actual Loops":1,"Output":["supplier.su_nationkey","customer.c_nationkey","EXTRACT(year FROM orders.o_entry_d)","order_line.ol_amount"],"Inner Unique":false,"Merge Cond":"((orders.o_c_id = customer.c_id) AND (order_line.ol_w_id = customer.c_w_id) AND (order_line.ol_d_id = customer.c_d_id))","Join Filter":"((((n1.n_name)::text = 'Germany'::text) AND ((n2.n_name)::text = 'Cambodia'::text)) OR (((n1.n_name)::text = 'Cambodia'::text) AND ((n2.n_name)::text = 'Germany'::text)))","Rows Removed by Join Filter":11453,"Shared Hit Blocks":1240752,"Shared Read Blocks":0,"Shared Dirtied Blocks":0,"Shared Written Blocks":0,"Local Hit Blocks":0,"Local Read Blocks":0,"Local Dirtied Blocks":0,"Local Written Blocks":0,"Temp Read Blocks":124799,"Temp Written Blocks":124817,"I/O Read Time":0.0,"I/O Write Time":0.0,"Temp I/O Read Time":190.33,"Temp I/O Write Time":534.849,"Plans":[{"Node Type":"Sort","Parent Relationship":"Outer","Parallel Aware":false,"Async Capable":false,"Startup Cost":3214102.73,"Total Cost":3215516.13,"Plan Rows":565362,"Plan Width":36,"Actual Startup Time":20224.659,"Actual Total Time":20396.588,"Actual Rows":485009,"Actual Loops":1,"Output":["supplier.su_nationkey","order_line.ol_amount","order_line.ol_w_id","order_line.ol_d_id","orders.o_entry_d","orders.o_w_id","orders.o_d_id","orders.o_c_id","n1.n_name"],"Sort Key":["orders.o_c_id","order_line.ol_w_id","order_line.ol_d_id"],"Sort Method":"external merge","Sort Space Used":24000,"Sort Space Type":"Disk","Shared Hit Blocks":780761,"Shared Read Blocks":0,"Shared Dirtied Blocks":0,"Shared Written Blocks":0,"Local Hit Blocks":0,"Local Read Blocks":0,"Local Dirtied Blocks":0,"Local Written Blocks":0,"Temp Read Blocks":123709,"Temp Written Blocks":123721,"I/O Read Time":0.0,"I/O Write Time":0.0,"Temp I/O Read Time":188.767,"Temp I/O Write Time":530.577,"Plans":[{"Node Type":"Hash Join","Parent Relationship":"Outer","Parallel Aware":false,"Async Capable":false,"Join Type":"Inner","Startup Cost":906075.03,"Total Cost":3144626.23,"Plan Rows":565362,"Plan Width":36,"Actual Startup Time":8458.954,"Actual Total Time":19977.016,"Actual Rows":485009,"Actual Loops":1,"Output":["supplier.su_nationkey","order_line.ol_amount","order_line.ol_w_id","order_line.ol_d_id","orders.o_entry_d","orders.o_w_id","orders.o_d_id","orders.o_c_id","n1.n_name"],"Inner Unique":true,"Hash Cond":"((order_line.ol_w_id = orders.o_w_id) AND (order_line.ol_d_id = orders.o_d_id) AND (order_line.ol_o_id = orders.o_id))","Shared Hit Blocks":780761,"Shared Read Blocks":0,"Shared Dirtied Blocks":0,"Shared Written Blocks":0,"Local Hit Blocks":0,"Local Read Blocks":0,"Local Dirtied Blocks":0,"Local Written Blocks":0,"Temp Read Blocks":120709,"Temp Written Blocks":120709,"I/O Read Time":0.0,"I/O Write Time":0.0,"Temp I/O Read Time":184.165,"Temp I/O Write Time":519.465,"Plans":[{"Node Type":"Hash Join","Parent Relationship":"Outer","Parallel Aware":false,"Async Capable":false,"Join Type":"Inner","Startup Cost":646882.76,"Total Cost":2838108.04,"Plan Rows":565705,"Plan Width":28,"Actual Startup Time":6640.955,"Actual Total Time":17483.405,"Actual Rows":485009,"Actual Loops":1,"Output":["supplier.su_nationkey","order_line.ol_amount","order_line.ol_w_id","order_line.ol_d_id","order_line.ol_o_id","n1.n_name"],"Inner Unique":false,"Hash Cond":"((order_line.ol_supply_w_id = stock.s_w_id) AND (order_line.ol_i_id = stock.s_i_id))","Shared Hit Blocks":736639,"Shared Read Blocks":0,"Shared Dirtied Blocks":0,"Shared Written Blocks":0,"Local Hit Blocks":0,"Local Read Blocks":0,"Local Dirtied Blocks":0,"Local Written Blocks":0,"Temp Read Blocks":83003,"Temp Written Blocks":83003,"I/O Read Time":0.0,"I/O Write Time":0.0,"Temp I/O Read Time":126.631,"Temp I/O Write Time":346.73,"Plans":[{"Node Type":"Seq Scan","Parent Relationship":"Outer","Parallel Aware":false,"Async Capable":false,"Relation Name":"order_line","Schema":"public","Alias":"order_line","Startup Cost":0.0,"Total Cost":1581655.36,"Plan Rows":17536869,"Plan Width":22,"Actual Startup Time":6.496,"Actual Total Time":5716.965,"Actual Rows":17139931,"Actual Loops":1,"Output":["order_line.ol_amount","order_line.ol_supply_w_id","order_line.ol_i_id","order_line.ol_w_id","order_line.ol_d_id","order_line.ol_o_id"],"Filter":"((order_line.ol_delivery_d >= '1995-01-02 20:10:02.27764'::timestamp without time zone) AND (order_line.ol_delivery_d <= '1997-01-01 20:10:02.27764'::timestamp without time zone))","Rows Removed by Filter":42853830,"Shared Hit Blocks":681748,"Shared Read Blocks":0,"Shared Dirtied Blocks":0,"Shared Written Blocks":0,"Local Hit Blocks":0,"Local Read Blocks":0,"Local Dirtied Blocks":0,"Local Written Blocks":0,"Temp Read Blocks":0,"Temp Written Blocks":0,"I/O Read Time":0.0,"I/O Write Time":0.0,"Temp I/O Read Time":0.0,"Temp I/O Write Time":0.0},{"Node Type":"Hash","Parent Relationship":"Inner","Parallel Aware":false,"Async Capable":false,"Startup Cost":633424.24,"Total Cost":633424.24,"Plan Rows":645168,"Plan Width":18,"Actual Startup Time":6633.891,"Actual Total Time":6633.901,"Actual Rows":566400,"Actual Loops":1,"Output":["supplier.su_nationkey","stock.s_w_id","stock.s_i_id","n1.n_name"],"Hash Buckets":131072,"Original Hash Buckets":131072,"Hash Batches":8,"Original Hash Batches":8,"Peak Memory Usage":4646,"Shared Hit Blocks":54891,"Shared Read Blocks":0,"Shared Dirtied Blocks":0,"Shared Written Blocks":0,"Local Hit Blocks":0,"Local Read Blocks":0,"Local Dirtied Blocks":0,"Local Written Blocks":0,"Temp Read Blocks":0,"Temp Written Blocks":2445,"I/O Read Time":0.0,"I/O Write Time":0.0,"Temp I/O Read Time":0.0,"Temp I/O Write Time":13.58,"Plans":[{"Node Type":"Hash Join","Parent Relationship":"Outer","Parallel Aware":false,"Async Capable":false,"Join Type":"Inner","Startup Cost":444.39,"Total Cost":633424.24,"Plan Rows":645168,"Plan Width":18,"Actual Startup Time":2.613,"Actual Total Time":6527.231,"Actual Rows":566400,"Actual Loops":1,"Output":["supplier.su_nationkey","stock.s_w_id","stock.s_i_id","n1.n_name"],"Inner Unique":true,"Hash Cond":"(supplier.su_nationkey = n1.n_nationkey)","Shared Hit Blocks":54891,"Shared Read Blocks":0,"Shared Dirtied Blocks":0,"Shared Written Blocks":0,"Local Hit Blocks":0,"Local Read Blocks":0,"Local Dirtied Blocks":0,"Local Written Blocks":0,"Temp Read Blocks":0,"Temp Written Blocks":0,"I/O Read Time":0.0,"I/O Write Time":0.0,"Temp I/O Read Time":0.0,"Temp I/O Write Time":0.0,"Plans":[{"Node Type":"Hash Join","Parent Relationship":"Outer","Parallel Aware":false,"Async Capable":false,"Join Type":"Inner","Startup Cost":442.44,"Total Cost":577332.98,"Plan Rows":20000212,"Plan Width":10,"Actual Startup Time":2.57,"Actual Total Time":5209.933,"Actual Rows":20000000,"Actual Loops":1,"Output":["supplier.su_nationkey","stock.s_w_id","stock.s_i_id"],"Inner Unique":true,"Hash Cond":"(mod((stock.s_w_id * stock.s_i_id), 10000) = supplier.su_suppkey)","Shared Hit Blocks":54890,"Shared Read Blocks":0,"Shared Dirtied Blocks":0,"Shared Written Blocks":0,"Local Hit Blocks":0,"Local Read Blocks":0,"Local Dirtied Blocks":0,"Local Written Blocks":0,"Temp Read Blocks":0,"Temp Written Blocks":0,"I/O Read Time":0.0,"I/O Write Time":0.0,"Temp I/O Read Time":0.0,"Temp I/O Write Time":0.0,"Plans":[{"Node Type":"Index Only Scan","Parent Relationship":"Outer","Parallel Aware":false,"Async Capable":false,"Scan Direction":"Forward","Index Name":"stock_pk","Relation Name":"stock","Schema":"public","Alias":"stock","Startup Cost":0.44,"Total Cost":519363.62,"Plan Rows":20000212,"Plan Width":6,"Actual Startup Time":0.033,"Actual Total Time":1522.796,"Actual Rows":20000000,"Actual Loops":1,"Output":["stock.s_w_id","stock.s_i_id"],"Heap Fetches":0,"Shared Hit Blocks":54673,"Shared Read Blocks":0,"Shared Dirtied Blocks":0,"Shared Written Blocks":0,"Local Hit Blocks":0,"Local Read Blocks":0,"Local Dirtied Blocks":0,"Local Written Blocks":0,"Temp Read Blocks":0,"Temp Written Blocks":0,"I/O Read Time":0.0,"I/O Write Time":0.0,"Temp I/O Read Time":0.0,"Temp I/O Write Time":0.0},{"Node Type":"Hash","Parent Relationship":"Inner","Parallel Aware":false,"Async Capable":false,"Startup Cost":317.0,"Total Cost":317.0,"Plan Rows":10000,"Plan Width":8,"Actual Startup Time":2.483,"Actual Total Time":2.484,"Actual Rows":10000,"Actual Loops":1,"Output":["supplier.su_nationkey","supplier.su_suppkey"],"Hash Buckets":16384,"Original Hash Buckets":16384,"Hash Batches":1,"Original Hash Batches":1,"Peak Memory Usage":519,"Shared Hit Blocks":217,"Shared Read Blocks":0,"Shared Dirtied Blocks":0,"Shared Written Blocks":0,"Local Hit Blocks":0,"Local Read Blocks":0,"Local Dirtied Blocks":0,"Local Written Blocks":0,"Temp Read Blocks":0,"Temp Written Blocks":0,"I/O Read Time":0.0,"I/O Write Time":0.0,"Temp I/O Read Time":0.0,"Temp I/O Write Time":0.0,"Plans":[{"Node Type":"Seq Scan","Parent Relationship":"Outer","Parallel Aware":false,"Async Capable":false,"Relation Name":"supplier","Schema":"public","Alias":"supplier","Startup Cost":0.0,"Total Cost":317.0,"Plan Rows":10000,"Plan Width":8,"Actual Startup Time":0.015,"Actual Total Time":1.283,"Actual Rows":10000,"Actual Loops":1,"Output":["supplier.su_nationkey","supplier.su_suppkey"],"Shared Hit Blocks":217,"Shared Read Blocks":0,"Shared Dirtied Blocks":0,"Shared Written Blocks":0,"Local Hit Blocks":0,"Local Read Blocks":0,"Local Dirtied Blocks":0,"Local Written Blocks":0,"Temp Read Blocks":0,"Temp Written Blocks":0,"I/O Read Time":0.0,"I/O Write Time":0.0,"Temp I/O Read Time":0.0,"Temp I/O Write Time":0.0}]}]},{"Node Type":"Hash","Parent Relationship":"Inner","Parallel Aware":false,"Async Capable":false,"Startup Cost":1.93,"Total Cost":1.93,"Plan Rows":2,"Plan Width":12,"Actual Startup Time":0.029,"Actual Total Time":0.031,"Actual Rows":2,"Actual Loops":1,"Output":["n1.n_nationkey","n1.n_name"],"Hash Buckets":1024,"Original Hash Buckets":1024,"Hash Batches":1,"Original Hash Batches":1,"Peak Memory Usage":9,"Shared Hit Blocks":1,"Shared Read Blocks":0,"Shared Dirtied Blocks":0,"Shared Written Blocks":0,"Local Hit Blocks":0,"Local Read Blocks":0,"Local Dirtied Blocks":0,"Local Written Blocks":0,"Temp Read Blocks":0,"Temp Written Blocks":0,"I/O Read Time":0.0,"I/O Write Time":0.0,"Temp I/O Read Time":0.0,"Temp I/O Write Time":0.0,"Plans":[{"Node Type":"Seq Scan","Parent Relationship":"Outer","Parallel Aware":false,"Async Capable":false,"Relation Name":"nation","Schema":"public","Alias":"n1","Startup Cost":0.0,"Total Cost":1.93,"Plan Rows":2,"Plan Width":12,"Actual Startup Time":0.019,"Actual Total Time":0.025,"Actual Rows":2,"Actual Loops":1,"Output":["n1.n_nationkey","n1.n_name"],"Filter":"(((n1.n_name)::text = 'Germany'::text) OR ((n1.n_name)::text = 'Cambodia'::text))","Rows Removed by Filter":60,"Shared Hit Blocks":1,"Shared Read Blocks":0,"Shared Dirtied Blocks":0,"Shared Written Blocks":0,"Local Hit Blocks":0,"Local Read Blocks":0,"Local Dirtied Blocks":0,"Local Written Blocks":0,"Temp Read Blocks":0,"Temp Written Blocks":0,"I/O Read Time":0.0,"I/O Write Time":0.0,"Temp I/O Read Time":0.0,"Temp I/O Write Time":0.0}]}]}]}]},{"Node Type":"Hash","Parent Relationship":"Inner","Parallel Aware":false,"Async Capable":false,"Startup Cost":119121.6,"Total Cost":119121.6,"Plan Rows":5996324,"Plan Width":24,"Actual Startup Time":1806.986,"Actual Total Time":1806.989,"Actual Rows":5995789,"Actual Loops":1,"Output":["orders.o_entry_d","orders.o_w_id","orders.o_d_id","orders.o_id","orders.o_c_id"],"Hash Buckets":131072,"Original Hash Buckets":131072,"Hash Batches":64,"Original Hash Batches":64,"Peak Memory Usage":6496,"Shared Hit Blocks":44122,"Shared Read Blocks":0,"Shared Dirtied Blocks":0,"Shared Written Blocks":0,"Local Hit Blocks":0,"Local Read Blocks":0,"Local Dirtied Blocks":0,"Local Written Blocks":0,"Temp Read Blocks":0,"Temp Written Blocks":34552,"I/O Read Time":0.0,"I/O Write Time":0.0,"Temp I/O Read Time":0.0,"Temp I/O Write Time":154.685,"Plans":[{"Node Type":"Seq Scan","Parent Relationship":"Outer","Parallel Aware":false,"Async Capable":false,"Relation Name":"orders","Schema":"public","Alias":"orders","Startup Cost":0.0,"Total Cost":119121.6,"Plan Rows":5996324,"Plan Width":24,"Actual Startup Time":0.015,"Actual Total Time":731.539,"Actual Rows":5995789,"Actual Loops":1,"Output":["orders.o_entry_d","orders.o_w_id","orders.o_d_id","orders.o_id","orders.o_c_id"],"Filter":"(orders.o_entry_d >= '1992-01-02 20:10:02.27764'::timestamp without time zone)","Rows Removed by Filter":4211,"Shared Hit Blocks":44122,"Shared Read Blocks":0,"Shared Dirtied Blocks":0,"Shared Written Blocks":0,"Local Hit Blocks":0,"Local Read Blocks":0,"Local Dirtied Blocks":0,"Local Written Blocks":0,"Temp Read Blocks":0,"Temp Written Blocks":0,"I/O Read Time":0.0,"I/O Write Time":0.0,"Temp I/O Read Time":0.0,"Temp I/O Write Time":0.0}]}]}]},{"Node Type":"Materialize","Parent Relationship":"Inner","Parallel Aware":false,"Async Capable":false,"Startup Cost":557789.1,"Total Cost":558756.87,"Plan Rows":193553,"Plan Width":20,"Actual Startup Time":2209.192,"Actual Total Time":2281.523,"Actual Rows":293066,"Actual Loops":1,"Output":["customer.c_nationkey","customer.c_id","customer.c_w_id","customer.c_d_id","n2.n_name"],"Shared Hit Blocks":459991,"Shared Read Blocks":0,"Shared Dirtied Blocks":0,"Shared Written Blocks":0,"Local Hit Blocks":0,"Local Read Blocks":0,"Local Dirtied Blocks":0,"Local Written Blocks":0,"Temp Read Blocks":1090,"Temp Written Blocks":1096,"I/O Read Time":0.0,"I/O Write Time":0.0,"Temp I/O Read Time":1.563,"Temp I/O Write Time":4.272,"Plans":[{"Node Type":"Sort","Parent Relationship":"Outer","Parallel Aware":false,"Async Capable":false,"Startup Cost":557789.1,"Total Cost":558272.98,"Plan Rows":193553,"Plan Width":20,"Actual Startup Time":2209.183,"Actual Total Time":2249.849,"Actual Rows":289967,"Actual Loops":1,"Output":["customer.c_nationkey","customer.c_id","customer.c_w_id","customer.c_d_id","n2.n_name"],"Sort Key":["customer.c_id","customer.c_w_id","customer.c_d_id"],"Sort Method":"external merge","Sort Space Used":8720,"Sort Space Type":"Disk","Shared Hit Blocks":459991,"Shared Read Blocks":0,"Shared Dirtied Blocks":0,"Shared Written Blocks":0,"Local Hit Blocks":0,"Local Read Blocks":0,"Local Dirtied Blocks":0,"Local Written Blocks":0,"Temp Read Blocks":1090,"Temp Written Blocks":1096,"I/O Read Time":0.0,"I/O Write Time":0.0,"Temp I/O Read Time":1.563,"Temp I/O Write Time":4.272,"Plans":[{"Node Type":"Hash Join","Parent Relationship":"Outer","Parallel Aware":false,"Async Capable":false,"Join Type":"Inner","Startup Cost":1.95,"Total Cost":536820.36,"Plan Rows":193553,"Plan Width":20,"Actual Startup Time":0.082,"Actual Total Time":2098.679,"Actual Rows":289972,"Actual Loops":1,"Output":["customer.c_nationkey","customer.c_id","customer.c_w_id","customer.c_d_id","n2.n_name"],"Inner Unique":true,"Hash Cond":"(customer.c_nationkey = n2.n_nationkey)","Shared Hit Blocks":459991,"Shared Read Blocks":0,"Shared Dirtied Blocks":0,"Shared Written Blocks":0,"Local Hit Blocks":0,"Local Read Blocks":0,"Local Dirtied Blocks":0,"Local Written Blocks":0,"Temp Read Blocks":0,"Temp Written Blocks":0,"I/O Read Time":0.0,"I/O Write Time":0.0,"Temp I/O Read Time":0.0,"Temp I/O Write Time":0.0,"Plans":[{"Node Type":"Seq Scan","Parent Relationship":"Outer","Parallel Aware":false,"Async Capable":false,"Relation Name":"customer","Schema":"public","Alias":"customer","Startup Cost":0.0,"Total Cost":519991.4,"Plan Rows":6000140,"Plan Width":12,"Actual Startup Time":0.021,"Actual Total Time":716.148,"Actual Rows":6000000,"Actual Loops":1,"Output":["customer.c_id","customer.c_d_id","customer.c_w_id","customer.c_nationkey","customer.c_first","customer.c_middle","customer.c_last","customer.c_street_1","customer.c_street_2","customer.c_city","customer.c_state","customer.c_zip","customer.c_phone","customer.c_since","customer.c_credit","customer.c_credit_lim","customer.c_discount","customer.c_balance","customer.c_ytd_payment","customer.c_payment_cnt","customer.c_delivery_cnt","customer.c_data"],"Shared Hit Blocks":459990,"Shared Read Blocks":0,"Shared Dirtied Blocks":0,"Shared Written Blocks":0,"Local Hit Blocks":0,"Local Read Blocks":0,"Local Dirtied Blocks":0,"Local Written Blocks":0,"Temp Read Blocks":0,"Temp Written Blocks":0,"I/O Read Time":0.0,"I/O Write Time":0.0,"Temp I/O Read Time":0.0,"Temp I/O Write Time":0.0},{"Node Type":"Hash","Parent Relationship":"Inner","Parallel Aware":false,"Async Capable":false,"Startup Cost":1.93,"Total Cost":1.93,"Plan Rows":2,"Plan Width":12,"Actual Startup Time":0.024,"Actual Total Time":0.024,"Actual Rows":2,"Actual Loops":1,"Output":["n2.n_nationkey","n2.n_name"],"Hash Buckets":1024,"Original Hash Buckets":1024,"Hash Batches":1,"Original Hash Batches":1,"Peak Memory Usage":9,"Shared Hit Blocks":1,"Shared Read Blocks":0,"Shared Dirtied Blocks":0,"Shared Written Blocks":0,"Local Hit Blocks":0,"Local Read Blocks":0,"Local Dirtied Blocks":0,"Local Written Blocks":0,"Temp Read Blocks":0,"Temp Written Blocks":0,"I/O Read Time":0.0,"I/O Write Time":0.0,"Temp I/O Read Time":0.0,"Temp I/O Write Time":0.0,"Plans":[{"Node Type":"Seq Scan","Parent Relationship":"Outer","Parallel Aware":false,"Async Capable":false,"Relation Name":"nation","Schema":"public","Alias":"n2","Startup Cost":0.0,"Total Cost":1.93,"Plan Rows":2,"Plan Width":12,"Actual Startup Time":0.015,"Actual Total Time":0.02,"Actual Rows":2,"Actual Loops":1,"Output":["n2.n_nationkey","n2.n_name"],"Filter":"(((n2.n_name)::text = 'Cambodia'::text) OR ((n2.n_name)::text = 'Germany'::text))","Rows Removed by Filter":60,"Shared Hit Blocks":1,"Shared Read Blocks":0,"Shared Dirtied Blocks":0,"Shared Written Blocks":0,"Local Hit Blocks":0,"Local Read Blocks":0,"Local Dirtied Blocks":0,"Local Written Blocks":0,"Temp Read Blocks":0,"Temp Written Blocks":0,"I/O Read Time":0.0,"I/O Write Time":0.0,"Temp I/O Read Time":0.0,"Temp I/O Write Time":0.0}]}]}]}]}]}]}]},"Planning":{"Shared Hit Blocks":152,"Shared Read Blocks":0,"Shared Dirtied Blocks":0,"Shared Written Blocks":0,"Local Hit Blocks":0,"Local Read Blocks":0,"Local Dirtied Blocks":0,"Local Written Blocks":0,"Temp Read Blocks":0,"Temp Written Blocks":0,"I/O Read Time":0.0,"I/O Write Time":0.0,"Temp I/O Read Time":0.0,"Temp I/O Write Time":0.0},"Planning Time":2.437,"Triggers":[],"Execution Time":22785.117}]
[列存组合]: stock
[{"Plan":{"Node Type":"Aggregate","Strategy":"Sorted","Partial Mode":"Simple","Parallel Aware":false,"Async Capable":false,"Startup Cost":3780962.37,"Total Cost":3781217.19,"Plan Rows":9266,"Plan Width":72,"Actual Startup Time":23863.223,"Actual Total Time":23865.776,"Actual Rows":6,"Actual Loops":1,"Output":["supplier.su_nationkey","customer.c_nationkey","(EXTRACT(year FROM orders.o_entry_d))","sum(order_line.ol_amount)"],"Group Key":["supplier.su_nationkey","customer.c_nationkey","(EXTRACT(year FROM orders.o_entry_d))"],"Shared Hit Blocks":1240752,"Shared Read Blocks":0,"Shared Dirtied Blocks":0,"Shared Written Blocks":0,"Local Hit Blocks":0,"Local Read Blocks":0,"Local Dirtied Blocks":0,"Local Written Blocks":0,"Temp Read Blocks":124799,"Temp Written Blocks":124817,"I/O Read Time":0.0,"I/O Write Time":0.0,"Temp I/O Read Time":230.35,"Temp I/O Write Time":551.464,"Plans":[{"Node Type":"Sort","Parent Relationship":"Outer","Parallel Aware":false,"Async Capable":false,"Startup Cost":3780962.37,"Total Cost":3780985.54,"Plan Rows":9266,"Plan Width":44,"Actual Startup Time":23863.113,"Actual Total Time":23863.641,"Actual Rows":12121,"Actual Loops":1,"Output":["supplier.su_nationkey","customer.c_nationkey","(EXTRACT(year FROM orders.o_entry_d))","order_line.ol_amount"],"Sort Key":["supplier.su_nationkey","customer.c_nationkey","(EXTRACT(year FROM orders.o_entry_d))"],"Sort Method":"quicksort","Sort Space Used":1047,"Sort Space Type":"Memory","Shared Hit Blocks":1240752,"Shared Read Blocks":0,"Shared Dirtied Blocks":0,"Shared Written Blocks":0,"Local Hit Blocks":0,"Local Read Blocks":0,"Local Dirtied Blocks":0,"Local Written Blocks":0,"Temp Read Blocks":124799,"Temp Written Blocks":124817,"I/O Read Time":0.0,"I/O Write Time":0.0,"Temp I/O Read Time":230.35,"Temp I/O Write Time":551.464,"Plans":[{"Node Type":"Merge Join","Parent Relationship":"Outer","Parallel Aware":false,"Async Capable":false,"Join Type":"Inner","Startup Cost":3771892.02,"Total Cost":3780351.85,"Plan Rows":9266,"Plan Width":44,"Actual Startup Time":23520.242,"Actual Total Time":23860.093,"Actual Rows":12121,"Actual Loops":1,"Output":["supplier.su_nationkey","customer.c_nationkey","EXTRACT(year FROM orders.o_entry_d)","order_line.ol_amount"],"Inner Unique":false,"Merge Cond":"((orders.o_c_id = customer.c_id) AND (order_line.ol_w_id = customer.c_w_id) AND (order_line.ol_d_id = customer.c_d_id))","Join Filter":"((((n1.n_name)::text = 'Germany'::text) AND ((n2.n_name)::text = 'Cambodia'::text)) OR (((n1.n_name)::text = 'Cambodia'::text) AND ((n2.n_name)::text = 'Germany'::text)))","Rows Removed by Join Filter":11453,"Shared Hit Blocks":1240752,"Shared Read Blocks":0,"Shared Dirtied Blocks":0,"Shared Written Blocks":0,"Local Hit Blocks":0,"Local Read Blocks":0,"Local Dirtied Blocks":0,"Local Written Blocks":0,"Temp Read Blocks":124799,"Temp Written Blocks":124817,"I/O Read Time":0.0,"I/O Write Time":0.0,"Temp I/O Read Time":230.35,"Temp I/O Write Time":551.464,"Plans":[{"Node Type":"Sort","Parent Relationship":"Outer","Parallel Aware":false,"Async Capable":false,"Startup Cost":3214102.73,"Total Cost":3215516.13,"Plan Rows":565362,"Plan Width":36,"Actual Startup Time":20799.599,"Actual Total Time":20971.511,"Actual Rows":485009,"Actual Loops":1,"Output":["supplier.su_nationkey","order_line.ol_amount","order_line.ol_w_id","order_line.ol_d_id","orders.o_entry_d","orders.o_w_id","orders.o_d_id","orders.o_c_id","n1.n_name"],"Sort Key":["orders.o_c_id","order_line.ol_w_id","order_line.ol_d_id"],"Sort Method":"external merge","Sort Space Used":24000,"Sort Space Type":"Disk","Shared Hit Blocks":780761,"Shared Read Blocks":0,"Shared Dirtied Blocks":0,"Shared Written Blocks":0,"Local Hit Blocks":0,"Local Read Blocks":0,"Local Dirtied Blocks":0,"Local Written Blocks":0,"Temp Read Blocks":123709,"Temp Written Blocks":123721,"I/O Read Time":0.0,"I/O Write Time":0.0,"Temp I/O Read Time":228.695,"Temp I/O Write Time":545.77,"Plans":[{"Node Type":"Hash Join","Parent Relationship":"Outer","Parallel Aware":false,"Async Capable":false,"Join Type":"Inner","Startup Cost":906075.03,"Total Cost":3144626.23,"Plan Rows":565362,"Plan Width":36,"Actual Startup Time":8469.576,"Actual Total Time":20400.506,"Actual Rows":485009,"Actual Loops":1,"Output":["supplier.su_nationkey","order_line.ol_amount","order_line.ol_w_id","order_line.ol_d_id","orders.o_entry_d","orders.o_w_id","orders.o_d_id","orders.o_c_id","n1.n_name"],"Inner Unique":true,"Hash Cond":"((order_line.ol_w_id = orders.o_w_id) AND (order_line.ol_d_id = orders.o_d_id) AND (order_line.ol_o_id = orders.o_id))","Shared Hit Blocks":780761,"Shared Read Blocks":0,"Shared Dirtied Blocks":0,"Shared Written Blocks":0,"Local Hit Blocks":0,"Local Read Blocks":0,"Local Dirtied Blocks":0,"Local Written Blocks":0,"Temp Read Blocks":120709,"Temp Written Blocks":120709,"I/O Read Time":0.0,"I/O Write Time":0.0,"Temp I/O Read Time":224.062,"Temp I/O Write Time":527.469,"Plans":[{"Node Type":"Hash Join","Parent Relationship":"Outer","Parallel Aware":false,"Async Capable":false,"Join Type":"Inner","Startup Cost":646882.76,"Total Cost":2838108.04,"Plan Rows":565705,"Plan Width":28,"Actual Startup Time":6648.337,"Actual Total Time":17474.554,"Actual Rows":485009,"Actual Loops":1,"Output":["supplier.su_nationkey","order_line.ol_amount","order_line.ol_w_id","order_line.ol_d_id","order_line.ol_o_id","n1.n_name"],"Inner Unique":false,"Hash Cond":"((order_line.ol_supply_w_id = stock.s_w_id) AND (order_line.ol_i_id = stock.s_i_id))","Shared Hit Blocks":736639,"Shared Read Blocks":0,"Shared Dirtied Blocks":0,"Shared Written Blocks":0,"Local Hit Blocks":0,"Local Read Blocks":0,"Local Dirtied Blocks":0,"Local Written Blocks":0,"Temp Read Blocks":83003,"Temp Written Blocks":83003,"I/O Read Time":0.0,"I/O Write Time":0.0,"Temp I/O Read Time":127.15,"Temp I/O Write Time":349.108,"Plans":[{"Node Type":"Seq Scan","Parent Relationship":"Outer","Parallel Aware":false,"Async Capable":false,"Relation Name":"order_line","Schema":"public","Alias":"order_line","Startup Cost":0.0,"Total Cost":1581655.36,"Plan Rows":17536869,"Plan Width":22,"Actual Startup Time":6.49,"Actual Total Time":5684.49,"Actual Rows":17139931,"Actual Loops":1,"Output":["order_line.ol_amount","order_line.ol_supply_w_id","order_line.ol_i_id","order_line.ol_w_id","order_line.ol_d_id","order_line.ol_o_id"],"Filter":"((order_line.ol_delivery_d >= '1995-01-02 20:10:02.27764'::timestamp without time zone) AND (order_line.ol_delivery_d <= '1997-01-01 20:10:02.27764'::timestamp without time zone))","Rows Removed by Filter":42853830,"Shared Hit Blocks":681748,"Shared Read Blocks":0,"Shared Dirtied Blocks":0,"Shared Written Blocks":0,"Local Hit Blocks":0,"Local Read Blocks":0,"Local Dirtied Blocks":0,"Local Written Blocks":0,"Temp Read Blocks":0,"Temp Written Blocks":0,"I/O Read Time":0.0,"I/O Write Time":0.0,"Temp I/O Read Time":0.0,"Temp I/O Write Time":0.0},{"Node Type":"Hash","Parent Relationship":"Inner","Parallel Aware":false,"Async Capable":false,"Startup Cost":633424.24,"Total Cost":633424.24,"Plan Rows":645168,"Plan Width":18,"Actual Startup Time":6641.29,"Actual Total Time":6641.3,"Actual Rows":566400,"Actual Loops":1,"Output":["supplier.su_nationkey","stock.s_w_id","stock.s_i_id","n1.n_name"],"Hash Buckets":131072,"Original Hash Buckets":131072,"Hash Batches":8,"Original Hash Batches":8,"Peak Memory Usage":4646,"Shared Hit Blocks":54891,"Shared Read Blocks":0,"Shared Dirtied Blocks":0,"Shared Written Blocks":0,"Local Hit Blocks":0,"Local Read Blocks":0,"Local Dirtied Blocks":0,"Local Written Blocks":0,"Temp Read Blocks":0,"Temp Written Blocks":2445,"I/O Read Time":0.0,"I/O Write Time":0.0,"Temp I/O Read Time":0.0,"Temp I/O Write Time":12.728,"Plans":[{"Node Type":"Hash Join","Parent Relationship":"Outer","Parallel Aware":false,"Async Capable":false,"Join Type":"Inner","Startup Cost":444.39,"Total Cost":633424.24,"Plan Rows":645168,"Plan Width":18,"Actual Startup Time":2.616,"Actual Total Time":6534.837,"Actual Rows":566400,"Actual Loops":1,"Output":["supplier.su_nationkey","stock.s_w_id","stock.s_i_id","n1.n_name"],"Inner Unique":true,"Hash Cond":"(supplier.su_nationkey = n1.n_nationkey)","Shared Hit Blocks":54891,"Shared Read Blocks":0,"Shared Dirtied Blocks":0,"Shared Written Blocks":0,"Local Hit Blocks":0,"Local Read Blocks":0,"Local Dirtied Blocks":0,"Local Written Blocks":0,"Temp Read Blocks":0,"Temp Written Blocks":0,"I/O Read Time":0.0,"I/O Write Time":0.0,"Temp I/O Read Time":0.0,"Temp I/O Write Time":0.0,"Plans":[{"Node Type":"Hash Join","Parent Relationship":"Outer","Parallel Aware":false,"Async Capable":false,"Join Type":"Inner","Startup Cost":442.44,"Total Cost":577332.98,"Plan Rows":20000212,"Plan Width":10,"Actual Startup Time":2.577,"Actual Total Time":5210.461,"Actual Rows":20000000,"Actual Loops":1,"Output":["supplier.su_nationkey","stock.s_w_id","stock.s_i_id"],"Inner Unique":true,"Hash Cond":"(mod((stock.s_w_id * stock.s_i_id), 10000) = supplier.su_suppkey)","Shared Hit Blocks":54890,"Shared Read Blocks":0,"Shared Dirtied Blocks":0,"Shared Written Blocks":0,"Local Hit Blocks":0,"Local Read Blocks":0,"Local Dirtied Blocks":0,"Local Written Blocks":0,"Temp Read Blocks":0,"Temp Written Blocks":0,"I/O Read Time":0.0,"I/O Write Time":0.0,"Temp I/O Read Time":0.0,"Temp I/O Write Time":0.0,"Plans":[{"Node Type":"Index Only Scan","Parent Relationship":"Outer","Parallel Aware":false,"Async Capable":false,"Scan Direction":"Forward","Index Name":"stock_pk","Relation Name":"stock","Schema":"public","Alias":"stock","Startup Cost":0.44,"Total Cost":519363.62,"Plan Rows":20000212,"Plan Width":6,"Actual Startup Time":0.03,"Actual Total Time":1520.72,"Actual Rows":20000000,"Actual Loops":1,"Output":["stock.s_w_id","stock.s_i_id"],"Heap Fetches":0,"Shared Hit Blocks":54673,"Shared Read Blocks":0,"Shared Dirtied Blocks":0,"Shared Written Blocks":0,"Local Hit Blocks":0,"Local Read Blocks":0,"Local Dirtied Blocks":0,"Local Written Blocks":0,"Temp Read Blocks":0,"Temp Written Blocks":0,"I/O Read Time":0.0,"I/O Write Time":0.0,"Temp I/O Read Time":0.0,"Temp I/O Write Time":0.0},{"Node Type":"Hash","Parent Relationship":"Inner","Parallel Aware":false,"Async Capable":false,"Startup Cost":317.0,"Total Cost":317.0,"Plan Rows":10000,"Plan Width":8,"Actual Startup Time":2.492,"Actual Total Time":2.493,"Actual Rows":10000,"Actual Loops":1,"Output":["supplier.su_nationkey","supplier.su_suppkey"],"Hash Buckets":16384,"Original Hash Buckets":16384,"Hash Batches":1,"Original Hash Batches":1,"Peak Memory Usage":519,"Shared Hit Blocks":217,"Shared Read Blocks":0,"Shared Dirtied Blocks":0,"Shared Written Blocks":0,"Local Hit Blocks":0,"Local Read Blocks":0,"Local Dirtied Blocks":0,"Local Written Blocks":0,"Temp Read Blocks":0,"Temp Written Blocks":0,"I/O Read Time":0.0,"I/O Write Time":0.0,"Temp I/O Read Time":0.0,"Temp I/O Write Time":0.0,"Plans":[{"Node Type":"Seq Scan","Parent Relationship":"Outer","Parallel Aware":false,"Async Capable":false,"Relation Name":"supplier","Schema":"public","Alias":"supplier","Startup Cost":0.0,"Total Cost":317.0,"Plan Rows":10000,"Plan Width":8,"Actual Startup Time":0.014,"Actual Total Time":1.292,"Actual Rows":10000,"Actual Loops":1,"Output":["supplier.su_nationkey","supplier.su_suppkey"],"Shared Hit Blocks":217,"Shared Read Blocks":0,"Shared Dirtied Blocks":0,"Shared Written Blocks":0,"Local Hit Blocks":0,"Local Read Blocks":0,"Local Dirtied Blocks":0,"Local Written Blocks":0,"Temp Read Blocks":0,"Temp Written Blocks":0,"I/O Read Time":0.0,"I/O Write Time":0.0,"Temp I/O Read Time":0.0,"Temp I/O Write Time":0.0}]}]},{"Node Type":"Hash","Parent Relationship":"Inner","Parallel Aware":false,"Async Capable":false,"Startup Cost":1.93,"Total Cost":1.93,"Plan Rows":2,"Plan Width":12,"Actual Startup Time":0.027,"Actual Total Time":0.028,"Actual Rows":2,"Actual Loops":1,"Output":["n1.n_nationkey","n1.n_name"],"Hash Buckets":1024,"Original Hash Buckets":1024,"Hash Batches":1,"Original Hash Batches":1,"Peak Memory Usage":9,"Shared Hit Blocks":1,"Shared Read Blocks":0,"Shared Dirtied Blocks":0,"Shared Written Blocks":0,"Local Hit Blocks":0,"Local Read Blocks":0,"Local Dirtied Blocks":0,"Local Written Blocks":0,"Temp Read Blocks":0,"Temp Written Blocks":0,"I/O Read Time":0.0,"I/O Write Time":0.0,"Temp I/O Read Time":0.0,"Temp I/O Write Time":0.0,"Plans":[{"Node Type":"Seq Scan","Parent Relationship":"Outer","Parallel Aware":false,"Async Capable":false,"Relation Name":"nation","Schema":"public","Alias":"n1","Startup Cost":0.0,"Total Cost":1.93,"Plan Rows":2,"Plan Width":12,"Actual Startup Time":0.017,"Actual Total Time":0.022,"Actual Rows":2,"Actual Loops":1,"Output":["n1.n_nationkey","n1.n_name"],"Filter":"(((n1.n_name)::text = 'Germany'::text) OR ((n1.n_name)::text = 'Cambodia'::text))","Rows Removed by Filter":60,"Shared Hit Blocks":1,"Shared Read Blocks":0,"Shared Dirtied Blocks":0,"Shared Written Blocks":0,"Local Hit Blocks":0,"Local Read Blocks":0,"Local Dirtied Blocks":0,"Local Written Blocks":0,"Temp Read Blocks":0,"Temp Written Blocks":0,"I/O Read Time":0.0,"I/O Write Time":0.0,"Temp I/O Read Time":0.0,"Temp I/O Write Time":0.0}]}]}]}]},{"Node Type":"Hash","Parent Relationship":"Inner","Parallel Aware":false,"Async Capable":false,"Startup Cost":119121.6,"Total Cost":119121.6,"Plan Rows":5996324,"Plan Width":24,"Actual Startup Time":1810.271,"Actual Total Time":1810.273,"Actual Rows":5995789,"Actual Loops":1,"Output":["orders.o_entry_d","orders.o_w_id","orders.o_d_id","orders.o_id","orders.o_c_id"],"Hash Buckets":131072,"Original Hash Buckets":131072,"Hash Batches":64,"Original Hash Batches":64,"Peak Memory Usage":6496,"Shared Hit Blocks":44122,"Shared Read Blocks":0,"Shared Dirtied Blocks":0,"Shared Written Blocks":0,"Local Hit Blocks":0,"Local Read Blocks":0,"Local Dirtied Blocks":0,"Local Written Blocks":0,"Temp Read Blocks":0,"Temp Written Blocks":34552,"I/O Read Time":0.0,"I/O Write Time":0.0,"Temp I/O Read Time":0.0,"Temp I/O Write Time":158.954,"Plans":[{"Node Type":"Seq Scan","Parent Relationship":"Outer","Parallel Aware":false,"Async Capable":false,"Relation Name":"orders","Schema":"public","Alias":"orders","Startup Cost":0.0,"Total Cost":119121.6,"Plan Rows":5996324,"Plan Width":24,"Actual Startup Time":0.015,"Actual Total Time":730.696,"Actual Rows":5995789,"Actual Loops":1,"Output":["orders.o_entry_d","orders.o_w_id","orders.o_d_id","orders.o_id","orders.o_c_id"],"Filter":"(orders.o_entry_d >= '1992-01-02 20:10:02.27764'::timestamp without time zone)","Rows Removed by Filter":4211,"Shared Hit Blocks":44122,"Shared Read Blocks":0,"Shared Dirtied Blocks":0,"Shared Written Blocks":0,"Local Hit Blocks":0,"Local Read Blocks":0,"Local Dirtied Blocks":0,"Local Written Blocks":0,"Temp Read Blocks":0,"Temp Written Blocks":0,"I/O Read Time":0.0,"I/O Write Time":0.0,"Temp I/O Read Time":0.0,"Temp I/O Write Time":0.0}]}]}]},{"Node Type":"Materialize","Parent Relationship":"Inner","Parallel Aware":false,"Async Capable":false,"Startup Cost":557789.1,"Total Cost":558756.87,"Plan Rows":193553,"Plan Width":20,"Actual Startup Time":2720.567,"Actual Total Time":2793.068,"Actual Rows":293066,"Actual Loops":1,"Output":["customer.c_nationkey","customer.c_id","customer.c_w_id","customer.c_d_id","n2.n_name"],"Shared Hit Blocks":459991,"Shared Read Blocks":0,"Shared Dirtied Blocks":0,"Shared Written Blocks":0,"Local Hit Blocks":0,"Local Read Blocks":0,"Local Dirtied Blocks":0,"Local Written Blocks":0,"Temp Read Blocks":1090,"Temp Written Blocks":1096,"I/O Read Time":0.0,"I/O Write Time":0.0,"Temp I/O Read Time":1.655,"Temp I/O Write Time":5.694,"Plans":[{"Node Type":"Sort","Parent Relationship":"Outer","Parallel Aware":false,"Async Capable":false,"Startup Cost":557789.1,"Total Cost":558272.98,"Plan Rows":193553,"Plan Width":20,"Actual Startup Time":2720.556,"Actual Total Time":2761.293,"Actual Rows":289967,"Actual Loops":1,"Output":["customer.c_nationkey","customer.c_id","customer.c_w_id","customer.c_d_id","n2.n_name"],"Sort Key":["customer.c_id","customer.c_w_id","customer.c_d_id"],"Sort Method":"external merge","Sort Space Used":8720,"Sort Space Type":"Disk","Shared Hit Blocks":459991,"Shared Read Blocks":0,"Shared Dirtied Blocks":0,"Shared Written Blocks":0,"Local Hit Blocks":0,"Local Read Blocks":0,"Local Dirtied Blocks":0,"Local Written Blocks":0,"Temp Read Blocks":1090,"Temp Written Blocks":1096,"I/O Read Time":0.0,"I/O Write Time":0.0,"Temp I/O Read Time":1.655,"Temp I/O Write Time":5.694,"Plans":[{"Node Type":"Hash Join","Parent Relationship":"Outer","Parallel Aware":false,"Async Capable":false,"Join Type":"Inner","Startup Cost":1.95,"Total Cost":536820.36,"Plan Rows":193553,"Plan Width":20,"Actual Startup Time":0.119,"Actual Total Time":2573.131,"Actual Rows":289972,"Actual Loops":1,"Output":["customer.c_nationkey","customer.c_id","customer.c_w_id","customer.c_d_id","n2.n_name"],"Inner Unique":true,"Hash Cond":"(customer.c_nationkey = n2.n_nationkey)","Shared Hit Blocks":459991,"Shared Read Blocks":0,"Shared Dirtied Blocks":0,"Shared Written Blocks":0,"Local Hit Blocks":0,"Local Read Blocks":0,"Local Dirtied Blocks":0,"Local Written Blocks":0,"Temp Read Blocks":0,"Temp Written Blocks":0,"I/O Read Time":0.0,"I/O Write Time":0.0,"Temp I/O Read Time":0.0,"Temp I/O Write Time":0.0,"Plans":[{"Node Type":"Seq Scan","Parent Relationship":"Outer","Parallel Aware":false,"Async Capable":false,"Relation Name":"customer","Schema":"public","Alias":"customer","Startup Cost":0.0,"Total Cost":519991.4,"Plan Rows":6000140,"Plan Width":12,"Actual Startup Time":0.033,"Actual Total Time":917.233,"Actual Rows":6000000,"Actual Loops":1,"Output":["customer.c_id","customer.c_d_id","customer.c_w_id","customer.c_nationkey","customer.c_first","customer.c_middle","customer.c_last","customer.c_street_1","customer.c_street_2","customer.c_city","customer.c_state","customer.c_zip","customer.c_phone","customer.c_since","customer.c_credit","customer.c_credit_lim","customer.c_discount","customer.c_balance","customer.c_ytd_payment","customer.c_payment_cnt","customer.c_delivery_cnt","customer.c_data"],"Shared Hit Blocks":459990,"Shared Read Blocks":0,"Shared Dirtied Blocks":0,"Shared Written Blocks":0,"Local Hit Blocks":0,"Local Read Blocks":0,"Local Dirtied Blocks":0,"Local Written Blocks":0,"Temp Read Blocks":0,"Temp Written Blocks":0,"I/O Read Time":0.0,"I/O Write Time":0.0,"Temp I/O Read Time":0.0,"Temp I/O Write Time":0.0},{"Node Type":"Hash","Parent Relationship":"Inner","Parallel Aware":false,"Async Capable":false,"Startup Cost":1.93,"Total Cost":1.93,"Plan Rows":2,"Plan Width":12,"Actual Startup Time":0.035,"Actual Total Time":0.035,"Actual Rows":2,"Actual Loops":1,"Output":["n2.n_nationkey","n2.n_name"],"Hash Buckets":1024,"Original Hash Buckets":1024,"Hash Batches":1,"Original Hash Batches":1,"Peak Memory Usage":9,"Shared Hit Blocks":1,"Shared Read Blocks":0,"Shared Dirtied Blocks":0,"Shared Written Blocks":0,"Local Hit Blocks":0,"Local Read Blocks":0,"Local Dirtied Blocks":0,"Local Written Blocks":0,"Temp Read Blocks":0,"Temp Written Blocks":0,"I/O Read Time":0.0,"I/O Write Time":0.0,"Temp I/O Read Time":0.0,"Temp I/O Write Time":0.0,"Plans":[{"Node Type":"Seq Scan","Parent Relationship":"Outer","Parallel Aware":false,"Async Capable":false,"Relation Name":"nation","Schema":"public","Alias":"n2","Startup Cost":0.0,"Total Cost":1.93,"Plan Rows":2,"Plan Width":12,"Actual Startup Time":0.021,"Actual Total Time":0.029,"Actual Rows":2,"Actual Loops":1,"Output":["n2.n_nationkey","n2.n_name"],"Filter":"(((n2.n_name)::text = 'Cambodia'::text) OR ((n2.n_name)::text = 'Germany'::text))","Rows Removed by Filter":60,"Shared Hit Blocks":1,"Shared Read Blocks":0,"Shared Dirtied Blocks":0,"Shared Written Blocks":0,"Local Hit Blocks":0,"Local Read Blocks":0,"Local Dirtied Blocks":0,"Local Written Blocks":0,"Temp Read Blocks":0,"Temp Written Blocks":0,"I/O Read Time":0.0,"I/O Write Time":0.0,"Temp I/O Read Time":0.0,"Temp I/O Write Time":0.0}]}]}]}]}]}]}]},"Planning":{"Shared Hit Blocks":152,"Shared Read Blocks":0,"Shared Dirtied Blocks":0,"Shared Written Blocks":0,"Local Hit Blocks":0,"Local Read Blocks":0,"Local Dirtied Blocks":0,"Local Written Blocks":0,"Temp Read Blocks":0,"Temp Written Blocks":0,"I/O Read Time":0.0,"I/O Write Time":0.0,"Temp I/O Read Time":0.0,"Temp I/O Write Time":0.0},"Planning Time":3.263,"Triggers":[],"Execution Time":23871.135}]
[列存组合]: supplier
[{"Plan":{"Node Type":"Aggregate","Strategy":"Sorted","Partial Mode":"Simple","Parallel Aware":false,"Async Capable":false,"Startup Cost":3780864.39,"Total Cost":3781119.21,"Plan Rows":9266,"Plan Width":72,"Actual Startup Time":22953.165,"Actual Total Time":22955.722,"Actual Rows":6,"Actual Loops":1,"Output":["supplier.su_nationkey","customer.c_nationkey","(EXTRACT(year FROM orders.o_entry_d))","sum(order_line.ol_amount)"],"Group Key":["supplier.su_nationkey","customer.c_nationkey","(EXTRACT(year FROM orders.o_entry_d))"],"Shared Hit Blocks":1240535,"Shared Read Blocks":0,"Shared Dirtied Blocks":0,"Shared Written Blocks":0,"Local Hit Blocks":0,"Local Read Blocks":0,"Local Dirtied Blocks":0,"Local Written Blocks":0,"Temp Read Blocks":124799,"Temp Written Blocks":124817,"I/O Read Time":0.0,"I/O Write Time":0.0,"Temp I/O Read Time":195.346,"Temp I/O Write Time":545.638,"Plans":[{"Node Type":"Sort","Parent Relationship":"Outer","Parallel Aware":false,"Async Capable":false,"Startup Cost":3780864.39,"Total Cost":3780887.56,"Plan Rows":9266,"Plan Width":44,"Actual Startup Time":22953.055,"Actual Total Time":22953.588,"Actual Rows":12121,"Actual Loops":1,"Output":["supplier.su_nationkey","customer.c_nationkey","(EXTRACT(year FROM orders.o_entry_d))","order_line.ol_amount"],"Sort Key":["supplier.su_nationkey","customer.c_nationkey","(EXTRACT(year FROM orders.o_entry_d))"],"Sort Method":"quicksort","Sort Space Used":1047,"Sort Space Type":"Memory","Shared Hit Blocks":1240535,"Shared Read Blocks":0,"Shared Dirtied Blocks":0,"Shared Written Blocks":0,"Local Hit Blocks":0,"Local Read Blocks":0,"Local Dirtied Blocks":0,"Local Written Blocks":0,"Temp Read Blocks":124799,"Temp Written Blocks":124817,"I/O Read Time":0.0,"I/O Write Time":0.0,"Temp I/O Read Time":195.346,"Temp I/O Write Time":545.638,"Plans":[{"Node Type":"Merge Join","Parent Relationship":"Outer","Parallel Aware":false,"Async Capable":false,"Join Type":"Inner","Startup Cost":3771794.04,"Total Cost":3780253.87,"Plan Rows":9266,"Plan Width":44,"Actual Startup Time":22606.715,"Actual Total Time":22950.051,"Actual Rows":12121,"Actual Loops":1,"Output":["supplier.su_nationkey","customer.c_nationkey","EXTRACT(year FROM orders.o_entry_d)","order_line.ol_amount"],"Inner Unique":false,"Merge Cond":"((orders.o_c_id = customer.c_id) AND (order_line.ol_w_id = customer.c_w_id) AND (order_line.ol_d_id = customer.c_d_id))","Join Filter":"((((n1.n_name)::text = 'Germany'::text) AND ((n2.n_name)::text = 'Cambodia'::text)) OR (((n1.n_name)::text = 'Cambodia'::text) AND ((n2.n_name)::text = 'Germany'::text)))","Rows Removed by Join Filter":11453,"Shared Hit Blocks":1240535,"Shared Read Blocks":0,"Shared Dirtied Blocks":0,"Shared Written Blocks":0,"Local Hit Blocks":0,"Local Read Blocks":0,"Local Dirtied Blocks":0,"Local Written Blocks":0,"Temp Read Blocks":124799,"Temp Written Blocks":124817,"I/O Read Time":0.0,"I/O Write Time":0.0,"Temp I/O Read Time":195.346,"Temp I/O Write Time":545.638,"Plans":[{"Node Type":"Sort","Parent Relationship":"Outer","Parallel Aware":false,"Async Capable":false,"Startup Cost":3214004.75,"Total Cost":3215418.15,"Plan Rows":565362,"Plan Width":36,"Actual Startup Time":20402.334,"Actual Total Time":20574.826,"Actual Rows":485009,"Actual Loops":1,"Output":["supplier.su_nationkey","order_line.ol_amount","order_line.ol_w_id","order_line.ol_d_id","orders.o_entry_d","orders.o_w_id","orders.o_d_id","orders.o_c_id","n1.n_name"],"Sort Key":["orders.o_c_id","order_line.ol_w_id","order_line.ol_d_id"],"Sort Method":"external merge","Sort Space Used":24000,"Sort Space Type":"Disk","Shared Hit Blocks":780544,"Shared Read Blocks":0,"Shared Dirtied Blocks":0,"Shared Written Blocks":0,"Local Hit Blocks":0,"Local Read Blocks":0,"Local Dirtied Blocks":0,"Local Written Blocks":0,"Temp Read Blocks":123709,"Temp Written Blocks":123721,"I/O Read Time":0.0,"I/O Write Time":0.0,"Temp I/O Read Time":193.704,"Temp I/O Write Time":541.371,"Plans":[{"Node Type":"Hash Join","Parent Relationship":"Outer","Parallel Aware":false,"Async Capable":false,"Join Type":"Inner","Startup Cost":905977.05,"Total Cost":3144528.26,"Plan Rows":565362,"Plan Width":36,"Actual Startup Time":8523.521,"Actual Total Time":20153.017,"Actual Rows":485009,"Actual Loops":1,"Output":["supplier.su_nationkey","order_line.ol_amount","order_line.ol_w_id","order_line.ol_d_id","orders.o_entry_d","orders.o_w_id","orders.o_d_id","orders.o_c_id","n1.n_name"],"Inner Unique":true,"Hash Cond":"((order_line.ol_w_id = orders.o_w_id) AND (order_line.ol_d_id = orders.o_d_id) AND (order_line.ol_o_id = orders.o_id))","Shared Hit Blocks":780544,"Shared Read Blocks":0,"Shared Dirtied Blocks":0,"Shared Written Blocks":0,"Local Hit Blocks":0,"Local Read Blocks":0,"Local Dirtied Blocks":0,"Local Written Blocks":0,"Temp Read Blocks":120709,"Temp Written Blocks":120709,"I/O Read Time":0.0,"I/O Write Time":0.0,"Temp I/O Read Time":189.064,"Temp I/O Write Time":529.892,"Plans":[{"Node Type":"Hash Join","Parent Relationship":"Outer","Parallel Aware":false,"Async Capable":false,"Join Type":"Inner","Startup Cost":646784.78,"Total Cost":2838010.06,"Plan Rows":565705,"Plan Width":28,"Actual Startup Time":6708.2,"Actual Total Time":17645.861,"Actual Rows":485009,"Actual Loops":1,"Output":["supplier.su_nationkey","order_line.ol_amount","order_line.ol_w_id","order_line.ol_d_id","order_line.ol_o_id","n1.n_name"],"Inner Unique":false,"Hash Cond":"((order_line.ol_supply_w_id = stock.s_w_id) AND (order_line.ol_i_id = stock.s_i_id))","Shared Hit Blocks":736422,"Shared Read Blocks":0,"Shared Dirtied Blocks":0,"Shared Written Blocks":0,"Local Hit Blocks":0,"Local Read Blocks":0,"Local Dirtied Blocks":0,"Local Written Blocks":0,"Temp Read Blocks":83003,"Temp Written Blocks":83003,"I/O Read Time":0.0,"I/O Write Time":0.0,"Temp I/O Read Time":129.742,"Temp I/O Write Time":353.793,"Plans":[{"Node Type":"Seq Scan","Parent Relationship":"Outer","Parallel Aware":false,"Async Capable":false,"Relation Name":"order_line","Schema":"public","Alias":"order_line","Startup Cost":0.0,"Total Cost":1581655.36,"Plan Rows":17536869,"Plan Width":22,"Actual Startup Time":6.531,"Actual Total Time":5725.979,"Actual Rows":17139931,"Actual Loops":1,"Output":["order_line.ol_amount","order_line.ol_supply_w_id","order_line.ol_i_id","order_line.ol_w_id","order_line.ol_d_id","order_line.ol_o_id"],"Filter":"((order_line.ol_delivery_d >= '1995-01-02 20:10:02.27764'::timestamp without time zone) AND (order_line.ol_delivery_d <= '1997-01-01 20:10:02.27764'::timestamp without time zone))","Rows Removed by Filter":42853830,"Shared Hit Blocks":681748,"Shared Read Blocks":0,"Shared Dirtied Blocks":0,"Shared Written Blocks":0,"Local Hit Blocks":0,"Local Read Blocks":0,"Local Dirtied Blocks":0,"Local Written Blocks":0,"Temp Read Blocks":0,"Temp Written Blocks":0,"I/O Read Time":0.0,"I/O Write Time":0.0,"Temp I/O Read Time":0.0,"Temp I/O Write Time":0.0},{"Node Type":"Hash","Parent Relationship":"Inner","Parallel Aware":false,"Async Capable":false,"Startup Cost":633326.26,"Total Cost":633326.26,"Plan Rows":645168,"Plan Width":18,"Actual Startup Time":6701.139,"Actual Total Time":6701.155,"Actual Rows":566400,"Actual Loops":1,"Output":["supplier.su_nationkey","stock.s_w_id","stock.s_i_id","n1.n_name"],"Hash Buckets":131072,"Original Hash Buckets":131072,"Hash Batches":8,"Original Hash Batches":8,"Peak Memory Usage":4646,"Shared Hit Blocks":54674,"Shared Read Blocks":0,"Shared Dirtied Blocks":0,"Shared Written Blocks":0,"Local Hit Blocks":0,"Local Read Blocks":0,"Local Dirtied Blocks":0,"Local Written Blocks":0,"Temp Read Blocks":0,"Temp Written Blocks":2445,"I/O Read Time":0.0,"I/O Write Time":0.0,"Temp I/O Read Time":0.0,"Temp I/O Write Time":13.193,"Plans":[{"Node Type":"Hash Join","Parent Relationship":"Outer","Parallel Aware":false,"Async Capable":false,"Join Type":"Inner","Startup Cost":346.42,"Total Cost":633326.26,"Plan Rows":645168,"Plan Width":18,"Actual Startup Time":3.108,"Actual Total Time":6592.975,"Actual Rows":566400,"Actual Loops":1,"Output":["supplier.su_nationkey","stock.s_w_id","stock.s_i_id","n1.n_name"],"Inner Unique":true,"Hash Cond":"(supplier.su_nationkey = n1.n_nationkey)","Shared Hit Blocks":54674,"Shared Read Blocks":0,"Shared Dirtied Blocks":0,"Shared Written Blocks":0,"Local Hit Blocks":0,"Local Read Blocks":0,"Local Dirtied Blocks":0,"Local Written Blocks":0,"Temp Read Blocks":0,"Temp Written Blocks":0,"I/O Read Time":0.0,"I/O Write Time":0.0,"Temp I/O Read Time":0.0,"Temp I/O Write Time":0.0,"Plans":[{"Node Type":"Hash Join","Parent Relationship":"Outer","Parallel Aware":false,"Async Capable":false,"Join Type":"Inner","Startup Cost":344.46,"Total Cost":577235.0,"Plan Rows":20000212,"Plan Width":10,"Actual Startup Time":3.083,"Actual Total Time":5184.412,"Actual Rows":20000000,"Actual Loops":1,"Output":["supplier.su_nationkey","stock.s_w_id","stock.s_i_id"],"Inner Unique":true,"Hash Cond":"(mod((stock.s_w_id * stock.s_i_id), 10000) = supplier.su_suppkey)","Shared Hit Blocks":54673,"Shared Read Blocks":0,"Shared Dirtied Blocks":0,"Shared Written Blocks":0,"Local Hit Blocks":0,"Local Read Blocks":0,"Local Dirtied Blocks":0,"Local Written Blocks":0,"Temp Read Blocks":0,"Temp Written Blocks":0,"I/O Read Time":0.0,"I/O Write Time":0.0,"Temp I/O Read Time":0.0,"Temp I/O Write Time":0.0,"Plans":[{"Node Type":"Index Only Scan","Parent Relationship":"Outer","Parallel Aware":false,"Async Capable":false,"Scan Direction":"Forward","Index Name":"stock_pk","Relation Name":"stock","Schema":"public","Alias":"stock","Startup Cost":0.44,"Total Cost":519363.62,"Plan Rows":20000212,"Plan Width":6,"Actual Startup Time":0.02,"Actual Total Time":1517.695,"Actual Rows":20000000,"Actual Loops":1,"Output":["stock.s_w_id","stock.s_i_id"],"Heap Fetches":0,"Shared Hit Blocks":54673,"Shared Read Blocks":0,"Shared Dirtied Blocks":0,"Shared Written Blocks":0,"Local Hit Blocks":0,"Local Read Blocks":0,"Local Dirtied Blocks":0,"Local Written Blocks":0,"Temp Read Blocks":0,"Temp Written Blocks":0,"I/O Read Time":0.0,"I/O Write Time":0.0,"Temp I/O Read Time":0.0,"Temp I/O Write Time":0.0},{"Node Type":"Hash","Parent Relationship":"Inner","Parallel Aware":false,"Async Capable":false,"Startup Cost":219.01,"Total Cost":219.01,"Plan Rows":10001,"Plan Width":8,"Actual Startup Time":3.013,"Actual Total Time":3.018,"Actual Rows":10000,"Actual Loops":1,"Output":["supplier.su_nationkey","supplier.su_suppkey"],"Hash Buckets":16384,"Original Hash Buckets":16384,"Hash Batches":1,"Original Hash Batches":1,"Peak Memory Usage":519,"Shared Hit Blocks":0,"Shared Read Blocks":0,"Shared Dirtied Blocks":0,"Shared Written Blocks":0,"Local Hit Blocks":0,"Local Read Blocks":0,"Local Dirtied Blocks":0,"Local Written Blocks":0,"Temp Read Blocks":0,"Temp Written Blocks":0,"I/O Read Time":0.0,"I/O Write Time":0.0,"Temp I/O Read Time":0.0,"Temp I/O Write Time":0.0,"Plans":[{"Node Type":"Append","Parent Relationship":"Outer","Parallel Aware":false,"Async Capable":false,"Startup Cost":20.0,"Total Cost":219.01,"Plan Rows":10001,"Plan Width":8,"Actual Startup Time":0.032,"Actual Total Time":1.813,"Actual Rows":10000,"Actual Loops":1,"Shared Hit Blocks":0,"Shared Read Blocks":0,"Shared Dirtied Blocks":0,"Shared Written Blocks":0,"Local Hit Blocks":0,"Local Read Blocks":0,"Local Dirtied Blocks":0,"Local Written Blocks":0,"Temp Read Blocks":0,"Temp Written Blocks":0,"I/O Read Time":0.0,"I/O Write Time":0.0,"Temp I/O Read Time":0.0,"Temp I/O Write Time":0.0,"Subplans Removed":0,"Plans":[{"Node Type":"Custom Scan","Parent Relationship":"Member","Custom Plan Provider":"columnar scan","Parallel Aware":false,"Async Capable":false,"Relation Name":"supplier","Schema":"public","Alias":"supplier","Startup Cost":20.0,"Total Cost":215.0,"Plan Rows":10000,"Plan Width":8,"Actual Startup Time":0.031,"Actual Total Time":1.1,"Actual Rows":10000,"Actual Loops":1,"Output":["supplier.su_nationkey","supplier.su_suppkey"],"Rows Removed by Columnar Filter":0,"Columnar cache search mode":"native","Shared Hit Blocks":0,"Shared Read Blocks":0,"Shared Dirtied Blocks":0,"Shared Written Blocks":0,"Local Hit Blocks":0,"Local Read Blocks":0,"Local Dirtied Blocks":0,"Local Written Blocks":0,"Temp Read Blocks":0,"Temp Written Blocks":0,"I/O Read Time":0.0,"I/O Write Time":0.0,"Temp I/O Read Time":0.0,"Temp I/O Write Time":0.0},{"Node Type":"Seq Scan","Parent Relationship":"Member","Parallel Aware":false,"Async Capable":false,"Relation Name":"supplier","Schema":"public","Alias":"supplier","Startup Cost":0.0,"Total Cost":4.01,"Plan Rows":1,"Plan Width":8,"Actual Startup Time":0.0,"Actual Total Time":0.0,"Actual Rows":0,"Actual Loops":0,"Output":["supplier.su_nationkey","supplier.su_suppkey"],"Shared Hit Blocks":0,"Shared Read Blocks":0,"Shared Dirtied Blocks":0,"Shared Written Blocks":0,"Local Hit Blocks":0,"Local Read Blocks":0,"Local Dirtied Blocks":0,"Local Written Blocks":0,"Temp Read Blocks":0,"Temp Written Blocks":0,"I/O Read Time":0.0,"I/O Write Time":0.0,"Temp I/O Read Time":0.0,"Temp I/O Write Time":0.0}]}]}]},{"Node Type":"Hash","Parent Relationship":"Inner","Parallel Aware":false,"Async Capable":false,"Startup Cost":1.93,"Total Cost":1.93,"Plan Rows":2,"Plan Width":12,"Actual Startup Time":0.018,"Actual Total Time":0.019,"Actual Rows":2,"Actual Loops":1,"Output":["n1.n_nationkey","n1.n_name"],"Hash Buckets":1024,"Original Hash Buckets":1024,"Hash Batches":1,"Original Hash Batches":1,"Peak Memory Usage":9,"Shared Hit Blocks":1,"Shared Read Blocks":0,"Shared Dirtied Blocks":0,"Shared Written Blocks":0,"Local Hit Blocks":0,"Local Read Blocks":0,"Local Dirtied Blocks":0,"Local Written Blocks":0,"Temp Read Blocks":0,"Temp Written Blocks":0,"I/O Read Time":0.0,"I/O Write Time":0.0,"Temp I/O Read Time":0.0,"Temp I/O Write Time":0.0,"Plans":[{"Node Type":"Seq Scan","Parent Relationship":"Outer","Parallel Aware":false,"Async Capable":false,"Relation Name":"nation","Schema":"public","Alias":"n1","Startup Cost":0.0,"Total Cost":1.93,"Plan Rows":2,"Plan Width":12,"Actual Startup Time":0.011,"Actual Total Time":0.015,"Actual Rows":2,"Actual Loops":1,"Output":["n1.n_nationkey","n1.n_name"],"Filter":"(((n1.n_name)::text = 'Germany'::text) OR ((n1.n_name)::text = 'Cambodia'::text))","Rows Removed by Filter":60,"Shared Hit Blocks":1,"Shared Read Blocks":0,"Shared Dirtied Blocks":0,"Shared Written Blocks":0,"Local Hit Blocks":0,"Local Read Blocks":0,"Local Dirtied Blocks":0,"Local Written Blocks":0,"Temp Read Blocks":0,"Temp Written Blocks":0,"I/O Read Time":0.0,"I/O Write Time":0.0,"Temp I/O Read Time":0.0,"Temp I/O Write Time":0.0}]}]}]}]},{"Node Type":"Hash","Parent Relationship":"Inner","Parallel Aware":false,"Async Capable":false,"Startup Cost":119121.6,"Total Cost":119121.6,"Plan Rows":5996324,"Plan Width":24,"Actual Startup Time":1804.527,"Actual Total Time":1804.531,"Actual Rows":5995789,"Actual Loops":1,"Output":["orders.o_entry_d","orders.o_w_id","orders.o_d_id","orders.o_id","orders.o_c_id"],"Hash Buckets":131072,"Original Hash Buckets":131072,"Hash Batches":64,"Original Hash Batches":64,"Peak Memory Usage":6496,"Shared Hit Blocks":44122,"Shared Read Blocks":0,"Shared Dirtied Blocks":0,"Shared Written Blocks":0,"Local Hit Blocks":0,"Local Read Blocks":0,"Local Dirtied Blocks":0,"Local Written Blocks":0,"Temp Read Blocks":0,"Temp Written Blocks":34552,"I/O Read Time":0.0,"I/O Write Time":0.0,"Temp I/O Read Time":0.0,"Temp I/O Write Time":157.221,"Plans":[{"Node Type":"Seq Scan","Parent Relationship":"Outer","Parallel Aware":false,"Async Capable":false,"Relation Name":"orders","Schema":"public","Alias":"orders","Startup Cost":0.0,"Total Cost":119121.6,"Plan Rows":5996324,"Plan Width":24,"Actual Startup Time":0.012,"Actual Total Time":730.55,"Actual Rows":5995789,"Actual Loops":1,"Output":["orders.o_entry_d","orders.o_w_id","orders.o_d_id","orders.o_id","orders.o_c_id"],"Filter":"(orders.o_entry_d >= '1992-01-02 20:10:02.27764'::timestamp without time zone)","Rows Removed by Filter":4211,"Shared Hit Blocks":44122,"Shared Read Blocks":0,"Shared Dirtied Blocks":0,"Shared Written Blocks":0,"Local Hit Blocks":0,"Local Read Blocks":0,"Local Dirtied Blocks":0,"Local Written Blocks":0,"Temp Read Blocks":0,"Temp Written Blocks":0,"I/O Read Time":0.0,"I/O Write Time":0.0,"Temp I/O Read Time":0.0,"Temp I/O Write Time":0.0}]}]}]},{"Node Type":"Materialize","Parent Relationship":"Inner","Parallel Aware":false,"Async Capable":false,"Startup Cost":557789.1,"Total Cost":558756.87,"Plan Rows":193553,"Plan Width":20,"Actual Startup Time":2204.306,"Actual Total Time":2278.075,"Actual Rows":293066,"Actual Loops":1,"Output":["customer.c_nationkey","customer.c_id","customer.c_w_id","customer.c_d_id","n2.n_name"],"Shared Hit Blocks":459991,"Shared Read Blocks":0,"Shared Dirtied Blocks":0,"Shared Written Blocks":0,"Local Hit Blocks":0,"Local Read Blocks":0,"Local Dirtied Blocks":0,"Local Written Blocks":0,"Temp Read Blocks":1090,"Temp Written Blocks":1096,"I/O Read Time":0.0,"I/O Write Time":0.0,"Temp I/O Read Time":1.642,"Temp I/O Write Time":4.267,"Plans":[{"Node Type":"Sort","Parent Relationship":"Outer","Parallel Aware":false,"Async Capable":false,"Startup Cost":557789.1,"Total Cost":558272.98,"Plan Rows":193553,"Plan Width":20,"Actual Startup Time":2204.294,"Actual Total Time":2245.242,"Actual Rows":289967,"Actual Loops":1,"Output":["customer.c_nationkey","customer.c_id","customer.c_w_id","customer.c_d_id","n2.n_name"],"Sort Key":["customer.c_id","customer.c_w_id","customer.c_d_id"],"Sort Method":"external merge","Sort Space Used":8720,"Sort Space Type":"Disk","Shared Hit Blocks":459991,"Shared Read Blocks":0,"Shared Dirtied Blocks":0,"Shared Written Blocks":0,"Local Hit Blocks":0,"Local Read Blocks":0,"Local Dirtied Blocks":0,"Local Written Blocks":0,"Temp Read Blocks":1090,"Temp Written Blocks":1096,"I/O Read Time":0.0,"I/O Write Time":0.0,"Temp I/O Read Time":1.642,"Temp I/O Write Time":4.267,"Plans":[{"Node Type":"Hash Join","Parent Relationship":"Outer","Parallel Aware":false,"Async Capable":false,"Join Type":"Inner","Startup Cost":1.95,"Total Cost":536820.36,"Plan Rows":193553,"Plan Width":20,"Actual Startup Time":0.085,"Actual Total Time":2095.115,"Actual Rows":289972,"Actual Loops":1,"Output":["customer.c_nationkey","customer.c_id","customer.c_w_id","customer.c_d_id","n2.n_name"],"Inner Unique":true,"Hash Cond":"(customer.c_nationkey = n2.n_nationkey)","Shared Hit Blocks":459991,"Shared Read Blocks":0,"Shared Dirtied Blocks":0,"Shared Written Blocks":0,"Local Hit Blocks":0,"Local Read Blocks":0,"Local Dirtied Blocks":0,"Local Written Blocks":0,"Temp Read Blocks":0,"Temp Written Blocks":0,"I/O Read Time":0.0,"I/O Write Time":0.0,"Temp I/O Read Time":0.0,"Temp I/O Write Time":0.0,"Plans":[{"Node Type":"Seq Scan","Parent Relationship":"Outer","Parallel Aware":false,"Async Capable":false,"Relation Name":"customer","Schema":"public","Alias":"customer","Startup Cost":0.0,"Total Cost":519991.4,"Plan Rows":6000140,"Plan Width":12,"Actual Startup Time":0.025,"Actual Total Time":716.381,"Actual Rows":6000000,"Actual Loops":1,"Output":["customer.c_id","customer.c_d_id","customer.c_w_id","customer.c_nationkey","customer.c_first","customer.c_middle","customer.c_last","customer.c_street_1","customer.c_street_2","customer.c_city","customer.c_state","customer.c_zip","customer.c_phone","customer.c_since","customer.c_credit","customer.c_credit_lim","customer.c_discount","customer.c_balance","customer.c_ytd_payment","customer.c_payment_cnt","customer.c_delivery_cnt","customer.c_data"],"Shared Hit Blocks":459990,"Shared Read Blocks":0,"Shared Dirtied Blocks":0,"Shared Written Blocks":0,"Local Hit Blocks":0,"Local Read Blocks":0,"Local Dirtied Blocks":0,"Local Written Blocks":0,"Temp Read Blocks":0,"Temp Written Blocks":0,"I/O Read Time":0.0,"I/O Write Time":0.0,"Temp I/O Read Time":0.0,"Temp I/O Write Time":0.0},{"Node Type":"Hash","Parent Relationship":"Inner","Parallel Aware":false,"Async Capable":false,"Startup Cost":1.93,"Total Cost":1.93,"Plan Rows":2,"Plan Width":12,"Actual Startup Time":0.025,"Actual Total Time":0.026,"Actual Rows":2,"Actual Loops":1,"Output":["n2.n_nationkey","n2.n_name"],"Hash Buckets":1024,"Original Hash Buckets":1024,"Hash Batches":1,"Original Hash Batches":1,"Peak Memory Usage":9,"Shared Hit Blocks":1,"Shared Read Blocks":0,"Shared Dirtied Blocks":0,"Shared Written Blocks":0,"Local Hit Blocks":0,"Local Read Blocks":0,"Local Dirtied Blocks":0,"Local Written Blocks":0,"Temp Read Blocks":0,"Temp Written Blocks":0,"I/O Read Time":0.0,"I/O Write Time":0.0,"Temp I/O Read Time":0.0,"Temp I/O Write Time":0.0,"Plans":[{"Node Type":"Seq Scan","Parent Relationship":"Outer","Parallel Aware":false,"Async Capable":false,"Relation Name":"nation","Schema":"public","Alias":"n2","Startup Cost":0.0,"Total Cost":1.93,"Plan Rows":2,"Plan Width":12,"Actual Startup Time":0.015,"Actual Total Time":0.02,"Actual Rows":2,"Actual Loops":1,"Output":["n2.n_nationkey","n2.n_name"],"Filter":"(((n2.n_name)::text = 'Cambodia'::text) OR ((n2.n_name)::text = 'Germany'::text))","Rows Removed by Filter":60,"Shared Hit Blocks":1,"Shared Read Blocks":0,"Shared Dirtied Blocks":0,"Shared Written Blocks":0,"Local Hit Blocks":0,"Local Read Blocks":0,"Local Dirtied Blocks":0,"Local Written Blocks":0,"Temp Read Blocks":0,"Temp Written Blocks":0,"I/O Read Time":0.0,"I/O Write Time":0.0,"Temp I/O Read Time":0.0,"Temp I/O Write Time":0.0}]}]}]}]}]}]}]},"Planning":{"Shared Hit Blocks":152,"Shared Read Blocks":0,"Shared Dirtied Blocks":0,"Shared Written Blocks":0,"Local Hit Blocks":0,"Local Read Blocks":0,"Local Dirtied Blocks":0,"Local Written Blocks":0,"Temp Read Blocks":0,"Temp Written Blocks":0,"I/O Read Time":0.0,"I/O Write Time":0.0,"Temp I/O Read Time":0.0,"Temp I/O Write Time":0.0},"Planning Time":2.398,"Triggers":[],"Execution Time":22961.779}]
[列存组合]: customer, nation
[{"Plan":{"Node Type":"Aggregate","Strategy":"Sorted","Partial Mode":"Simple","Parallel Aware":false,"Async Capable":false,"Startup Cost":3269534.3,"Total Cost":3269789.11,"Plan Rows":9266,"Plan Width":72,"Actual Startup Time":20906.446,"Actual Total Time":20909.033,"Actual Rows":6,"Actual Loops":1,"Output":["supplier.su_nationkey","customer.c_nationkey","(EXTRACT(year FROM orders.o_entry_d))","sum(order_line.ol_amount)"],"Group Key":["supplier.su_nationkey","customer.c_nationkey","(EXTRACT(year FROM orders.o_entry_d))"],"Shared Hit Blocks":780761,"Shared Read Blocks":0,"Shared Dirtied Blocks":0,"Shared Written Blocks":0,"Local Hit Blocks":0,"Local Read Blocks":0,"Local Dirtied Blocks":0,"Local Written Blocks":0,"Temp Read Blocks":124799,"Temp Written Blocks":124817,"I/O Read Time":0.0,"I/O Write Time":0.0,"Temp I/O Read Time":195.141,"Temp I/O Write Time":550.056,"Plans":[{"Node Type":"Sort","Parent Relationship":"Outer","Parallel Aware":false,"Async Capable":false,"Startup Cost":3269534.3,"Total Cost":3269557.46,"Plan Rows":9266,"Plan Width":44,"Actual Startup Time":20906.335,"Actual Total Time":20906.891,"Actual Rows":12121,"Actual Loops":1,"Output":["supplier.su_nationkey","customer.c_nationkey","(EXTRACT(year FROM orders.o_entry_d))","order_line.ol_amount"],"Sort Key":["supplier.su_nationkey","customer.c_nationkey","(EXTRACT(year FROM orders.o_entry_d))"],"Sort Method":"quicksort","Sort Space Used":1047,"Sort Space Type":"Memory","Shared Hit Blocks":780761,"Shared Read Blocks":0,"Shared Dirtied Blocks":0,"Shared Written Blocks":0,"Local Hit Blocks":0,"Local Read Blocks":0,"Local Dirtied Blocks":0,"Local Written Blocks":0,"Temp Read Blocks":124799,"Temp Written Blocks":124817,"I/O Read Time":0.0,"I/O Write Time":0.0,"Temp I/O Read Time":195.141,"Temp I/O Write Time":550.056,"Plans":[{"Node Type":"Merge Join","Parent Relationship":"Outer","Parallel Aware":false,"Async Capable":false,"Join Type":"Inner","Startup Cost":3260463.95,"Total Cost":3268923.78,"Plan Rows":9266,"Plan Width":44,"Actual Startup Time":20563.697,"Actual Total Time":20903.356,"Actual Rows":12121,"Actual Loops":1,"Output":["supplier.su_nationkey","customer.c_nationkey","EXTRACT(year FROM orders.o_entry_d)","order_line.ol_amount"],"Merge Cond":"((orders.o_c_id = customer.c_id) AND (order_line.ol_w_id = customer.c_w_id) AND (order_line.ol_d_id = customer.c_d_id))","Join Filter":"((((n1.n_name)::text = 'Germany'::text) AND ((n2.n_name)::text = 'Cambodia'::text)) OR (((n1.n_name)::text = 'Cambodia'::text) AND ((n2.n_name)::text = 'Germany'::text)))","Rows Removed by Join Filter":11453,"Shared Hit Blocks":780761,"Shared Read Blocks":0,"Shared Dirtied Blocks":0,"Shared Written Blocks":0,"Local Hit Blocks":0,"Local Read Blocks":0,"Local Dirtied Blocks":0,"Local Written Blocks":0,"Temp Read Blocks":124799,"Temp Written Blocks":124817,"I/O Read Time":0.0,"I/O Write Time":0.0,"Temp I/O Read Time":195.141,"Temp I/O Write Time":550.056,"Plans":[{"Node Type":"Sort","Parent Relationship":"Outer","Parallel Aware":false,"Async Capable":false,"Startup Cost":3214102.73,"Total Cost":3215516.13,"Plan Rows":565362,"Plan Width":36,"Actual Startup Time":20333.843,"Actual Total Time":20505.268,"Actual Rows":485009,"Actual Loops":1,"Output":["supplier.su_nationkey","order_line.ol_amount","order_line.ol_w_id","order_line.ol_d_id","orders.o_entry_d","orders.o_w_id","orders.o_d_id","orders.o_c_id","n1.n_name"],"Sort Key":["orders.o_c_id","order_line.ol_w_id","order_line.ol_d_id"],"Sort Method":"external merge","Sort Space Used":24000,"Sort Space Type":"Disk","Shared Hit Blocks":780761,"Shared Read Blocks":0,"Shared Dirtied Blocks":0,"Shared Written Blocks":0,"Local Hit Blocks":0,"Local Read Blocks":0,"Local Dirtied Blocks":0,"Local Written Blocks":0,"Temp Read Blocks":123709,"Temp Written Blocks":123721,"I/O Read Time":0.0,"I/O Write Time":0.0,"Temp I/O Read Time":193.746,"Temp I/O Write Time":545.649,"Plans":[{"Node Type":"Hash Join","Parent Relationship":"Outer","Parallel Aware":false,"Async Capable":false,"Join Type":"Inner","Startup Cost":906075.03,"Total Cost":3144626.23,"Plan Rows":565362,"Plan Width":36,"Actual Startup Time":8470.91,"Actual Total Time":20083.834,"Actual Rows":485009,"Actual Loops":1,"Output":["supplier.su_nationkey","order_line.ol_amount","order_line.ol_w_id","order_line.ol_d_id","orders.o_entry_d","orders.o_w_id","orders.o_d_id","orders.o_c_id","n1.n_name"],"Hash Cond":"((order_line.ol_w_id = orders.o_w_id) AND (order_line.ol_d_id = orders.o_d_id) AND (order_line.ol_o_id = orders.o_id))","Shared Hit Blocks":780761,"Shared Read Blocks":0,"Shared Dirtied Blocks":0,"Shared Written Blocks":0,"Local Hit Blocks":0,"Local Read Blocks":0,"Local Dirtied Blocks":0,"Local Written Blocks":0,"Temp Read Blocks":120709,"Temp Written Blocks":120709,"I/O Read Time":0.0,"I/O Write Time":0.0,"Temp I/O Read Time":189.391,"Temp I/O Write Time":534.387,"Plans":[{"Node Type":"Hash Join","Parent Relationship":"Outer","Parallel Aware":false,"Async Capable":false,"Join Type":"Inner","Startup Cost":646882.76,"Total Cost":2838108.04,"Plan Rows":565705,"Plan Width":28,"Actual Startup Time":6652.694,"Actual Total Time":17574.289,"Actual Rows":485009,"Actual Loops":1,"Output":["supplier.su_nationkey","order_line.ol_amount","order_line.ol_w_id","order_line.ol_d_id","order_line.ol_o_id","n1.n_name"],"Hash Cond":"((order_line.ol_supply_w_id = stock.s_w_id) AND (order_line.ol_i_id = stock.s_i_id))","Shared Hit Blocks":736639,"Shared Read Blocks":0,"Shared Dirtied Blocks":0,"Shared Written Blocks":0,"Local Hit Blocks":0,"Local Read Blocks":0,"Local Dirtied Blocks":0,"Local Written Blocks":0,"Temp Read Blocks":83003,"Temp Written Blocks":83003,"I/O Read Time":0.0,"I/O Write Time":0.0,"Temp I/O Read Time":130.299,"Temp I/O Write Time":359.135,"Plans":[{"Node Type":"Seq Scan","Parent Relationship":"Outer","Parallel Aware":false,"Async Capable":false,"Relation Name":"order_line","Schema":"public","Alias":"order_line","Startup Cost":0.0,"Total Cost":1581655.36,"Plan Rows":17536869,"Plan Width":22,"Actual Startup Time":6.527,"Actual Total Time":5696.54,"Actual Rows":17139931,"Actual Loops":1,"Output":["order_line.ol_amount","order_line.ol_supply_w_id","order_line.ol_i_id","order_line.ol_w_id","order_line.ol_d_id","order_line.ol_o_id"],"Filter":"((order_line.ol_delivery_d >= '1995-01-02 20:10:02.27764'::timestamp without time zone) AND (order_line.ol_delivery_d <= '1997-01-01 20:10:02.27764'::timestamp without time zone))","Rows Removed by Filter":42853830,"Shared Hit Blocks":681748,"Shared Read Blocks":0,"Shared Dirtied Blocks":0,"Shared Written Blocks":0,"Local Hit Blocks":0,"Local Read Blocks":0,"Local Dirtied Blocks":0,"Local Written Blocks":0,"Temp Read Blocks":0,"Temp Written Blocks":0,"I/O Read Time":0.0,"I/O Write Time":0.0,"Temp I/O Read Time":0.0,"Temp I/O Write Time":0.0},{"Node Type":"Hash","Parent Relationship":"Inner","Parallel Aware":false,"Async Capable":false,"Startup Cost":633424.24,"Total Cost":633424.24,"Plan Rows":645168,"Plan Width":18,"Actual Startup Time":6645.841,"Actual Total Time":6645.851,"Actual Rows":566400,"Actual Loops":1,"Output":["supplier.su_nationkey","stock.s_w_id","stock.s_i_id","n1.n_name"],"Hash Buckets":131072,"Original Hash Buckets":131072,"Hash Batches":8,"Original Hash Batches":8,"Peak Memory Usage":4646,"Shared Hit Blocks":54891,"Shared Read Blocks":0,"Shared Dirtied Blocks":0,"Shared Written Blocks":0,"Local Hit Blocks":0,"Local Read Blocks":0,"Local Dirtied Blocks":0,"Local Written Blocks":0,"Temp Read Blocks":0,"Temp Written Blocks":2445,"I/O Read Time":0.0,"I/O Write Time":0.0,"Temp I/O Read Time":0.0,"Temp I/O Write Time":13.371,"Plans":[{"Node Type":"Hash Join","Parent Relationship":"Outer","Parallel Aware":false,"Async Capable":false,"Join Type":"Inner","Startup Cost":444.39,"Total Cost":633424.24,"Plan Rows":645168,"Plan Width":18,"Actual Startup Time":2.608,"Actual Total Time":6537.498,"Actual Rows":566400,"Actual Loops":1,"Output":["supplier.su_nationkey","stock.s_w_id","stock.s_i_id","n1.n_name"],"Hash Cond":"(supplier.su_nationkey = n1.n_nationkey)","Shared Hit Blocks":54891,"Shared Read Blocks":0,"Shared Dirtied Blocks":0,"Shared Written Blocks":0,"Local Hit Blocks":0,"Local Read Blocks":0,"Local Dirtied Blocks":0,"Local Written Blocks":0,"Temp Read Blocks":0,"Temp Written Blocks":0,"I/O Read Time":0.0,"I/O Write Time":0.0,"Temp I/O Read Time":0.0,"Temp I/O Write Time":0.0,"Plans":[{"Node Type":"Hash Join","Parent Relationship":"Outer","Parallel Aware":false,"Async Capable":false,"Join Type":"Inner","Startup Cost":442.44,"Total Cost":577332.98,"Plan Rows":20000212,"Plan Width":10,"Actual Startup Time":2.577,"Actual Total Time":5233.349,"Actual Rows":20000000,"Actual Loops":1,"Output":["supplier.su_nationkey","stock.s_w_id","stock.s_i_id"],"Hash Cond":"(mod((stock.s_w_id * stock.s_i_id), 10000) = supplier.su_suppkey)","Shared Hit Blocks":54890,"Shared Read Blocks":0,"Shared Dirtied Blocks":0,"Shared Written Blocks":0,"Local Hit Blocks":0,"Local Read Blocks":0,"Local Dirtied Blocks":0,"Local Written Blocks":0,"Temp Read Blocks":0,"Temp Written Blocks":0,"I/O Read Time":0.0,"I/O Write Time":0.0,"Temp I/O Read Time":0.0,"Temp I/O Write Time":0.0,"Plans":[{"Node Type":"Index Only Scan","Parent Relationship":"Outer","Parallel Aware":false,"Async Capable":false,"Scan Direction":"Forward","Index Name":"stock_pk","Relation Name":"stock","Schema":"public","Alias":"stock","Startup Cost":0.44,"Total Cost":519363.62,"Plan Rows":20000212,"Plan Width":6,"Actual Startup Time":0.019,"Actual Total Time":1532.454,"Actual Rows":20000000,"Actual Loops":1,"Output":["stock.s_w_id","stock.s_i_id"],"Heap Fetches":0,"Shared Hit Blocks":54673,"Shared Read Blocks":0,"Shared Dirtied Blocks":0,"Shared Written Blocks":0,"Local Hit Blocks":0,"Local Read Blocks":0,"Local Dirtied Blocks":0,"Local Written Blocks":0,"Temp Read Blocks":0,"Temp Written Blocks":0,"I/O Read Time":0.0,"I/O Write Time":0.0,"Temp I/O Read Time":0.0,"Temp I/O Write Time":0.0},{"Node Type":"Hash","Parent Relationship":"Inner","Parallel Aware":false,"Async Capable":false,"Startup Cost":317.0,"Total Cost":317.0,"Plan Rows":10000,"Plan Width":8,"Actual Startup Time":2.509,"Actual Total Time":2.511,"Actual Rows":10000,"Actual Loops":1,"Output":["supplier.su_nationkey","supplier.su_suppkey"],"Hash Buckets":16384,"Original Hash Buckets":16384,"Hash Batches":1,"Original Hash Batches":1,"Peak Memory Usage":519,"Shared Hit Blocks":217,"Shared Read Blocks":0,"Shared Dirtied Blocks":0,"Shared Written Blocks":0,"Local Hit Blocks":0,"Local Read Blocks":0,"Local Dirtied Blocks":0,"Local Written Blocks":0,"Temp Read Blocks":0,"Temp Written Blocks":0,"I/O Read Time":0.0,"I/O Write Time":0.0,"Temp I/O Read Time":0.0,"Temp I/O Write Time":0.0,"Plans":[{"Node Type":"Seq Scan","Parent Relationship":"Outer","Parallel Aware":false,"Async Capable":false,"Relation Name":"supplier","Schema":"public","Alias":"supplier","Startup Cost":0.0,"Total Cost":317.0,"Plan Rows":10000,"Plan Width":8,"Actual Startup Time":0.006,"Actual Total Time":1.285,"Actual Rows":10000,"Actual Loops":1,"Output":["supplier.su_nationkey","supplier.su_suppkey"],"Shared Hit Blocks":217,"Shared Read Blocks":0,"Shared Dirtied Blocks":0,"Shared Written Blocks":0,"Local Hit Blocks":0,"Local Read Blocks":0,"Local Dirtied Blocks":0,"Local Written Blocks":0,"Temp Read Blocks":0,"Temp Written Blocks":0,"I/O Read Time":0.0,"I/O Write Time":0.0,"Temp I/O Read Time":0.0,"Temp I/O Write Time":0.0}]}]},{"Node Type":"Hash","Parent Relationship":"Inner","Parallel Aware":false,"Async Capable":false,"Startup Cost":1.93,"Total Cost":1.93,"Plan Rows":2,"Plan Width":12,"Actual Startup Time":0.019,"Actual Total Time":0.021,"Actual Rows":2,"Actual Loops":1,"Output":["n1.n_nationkey","n1.n_name"],"Hash Buckets":1024,"Original Hash Buckets":1024,"Hash Batches":1,"Original Hash Batches":1,"Peak Memory Usage":9,"Shared Hit Blocks":1,"Shared Read Blocks":0,"Shared Dirtied Blocks":0,"Shared Written Blocks":0,"Local Hit Blocks":0,"Local Read Blocks":0,"Local Dirtied Blocks":0,"Local Written Blocks":0,"Temp Read Blocks":0,"Temp Written Blocks":0,"I/O Read Time":0.0,"I/O Write Time":0.0,"Temp I/O Read Time":0.0,"Temp I/O Write Time":0.0,"Plans":[{"Node Type":"Seq Scan","Parent Relationship":"Outer","Parallel Aware":false,"Async Capable":false,"Relation Name":"nation","Schema":"public","Alias":"n1","Startup Cost":0.0,"Total Cost":1.93,"Plan Rows":2,"Plan Width":12,"Actual Startup Time":0.013,"Actual Total Time":0.018,"Actual Rows":2,"Actual Loops":1,"Output":["n1.n_nationkey","n1.n_name"],"Filter":"(((n1.n_name)::text = 'Germany'::text) OR ((n1.n_name)::text = 'Cambodia'::text))","Rows Removed by Filter":60,"Shared Hit Blocks":1,"Shared Read Blocks":0,"Shared Dirtied Blocks":0,"Shared Written Blocks":0,"Local Hit Blocks":0,"Local Read Blocks":0,"Local Dirtied Blocks":0,"Local Written Blocks":0,"Temp Read Blocks":0,"Temp Written Blocks":0,"I/O Read Time":0.0,"I/O Write Time":0.0,"Temp I/O Read Time":0.0,"Temp I/O Write Time":0.0}]}]}]}]},{"Node Type":"Hash","Parent Relationship":"Inner","Parallel Aware":false,"Async Capable":false,"Startup Cost":119121.6,"Total Cost":119121.6,"Plan Rows":5996324,"Plan Width":24,"Actual Startup Time":1807.052,"Actual Total Time":1807.052,"Actual Rows":5995789,"Actual Loops":1,"Output":["orders.o_entry_d","orders.o_w_id","orders.o_d_id","orders.o_id","orders.o_c_id"],"Hash Buckets":131072,"Original Hash Buckets":131072,"Hash Batches":64,"Original Hash Batches":64,"Peak Memory Usage":6496,"Shared Hit Blocks":44122,"Shared Read Blocks":0,"Shared Dirtied Blocks":0,"Shared Written Blocks":0,"Local Hit Blocks":0,"Local Read Blocks":0,"Local Dirtied Blocks":0,"Local Written Blocks":0,"Temp Read Blocks":0,"Temp Written Blocks":34552,"I/O Read Time":0.0,"I/O Write Time":0.0,"Temp I/O Read Time":0.0,"Temp I/O Write Time":156.224,"Plans":[{"Node Type":"Seq Scan","Parent Relationship":"Outer","Parallel Aware":false,"Async Capable":false,"Relation Name":"orders","Schema":"public","Alias":"orders","Startup Cost":0.0,"Total Cost":119121.6,"Plan Rows":5996324,"Plan Width":24,"Actual Startup Time":0.015,"Actual Total Time":730.605,"Actual Rows":5995789,"Actual Loops":1,"Output":["orders.o_entry_d","orders.o_w_id","orders.o_d_id","orders.o_id","orders.o_c_id"],"Filter":"(orders.o_entry_d >= '1992-01-02 20:10:02.27764'::timestamp without time zone)","Rows Removed by Filter":4211,"Shared Hit Blocks":44122,"Shared Read Blocks":0,"Shared Dirtied Blocks":0,"Shared Written Blocks":0,"Local Hit Blocks":0,"Local Read Blocks":0,"Local Dirtied Blocks":0,"Local Written Blocks":0,"Temp Read Blocks":0,"Temp Written Blocks":0,"I/O Read Time":0.0,"I/O Write Time":0.0,"Temp I/O Read Time":0.0,"Temp I/O Write Time":0.0}]}]}]},{"Node Type":"Materialize","Parent Relationship":"Inner","Parallel Aware":false,"Async Capable":false,"Startup Cost":46361.03,"Total Cost":47328.79,"Plan Rows":193553,"Plan Width":20,"Actual Startup Time":229.813,"Actual Total Time":301.949,"Actual Rows":293066,"Actual Loops":1,"Output":["customer.c_nationkey","customer.c_id","customer.c_w_id","customer.c_d_id","n2.n_name"],"Shared Hit Blocks":0,"Shared Read Blocks":0,"Shared Dirtied Blocks":0,"Shared Written Blocks":0,"Local Hit Blocks":0,"Local Read Blocks":0,"Local Dirtied Blocks":0,"Local Written Blocks":0,"Temp Read Blocks":1090,"Temp Written Blocks":1096,"I/O Read Time":0.0,"I/O Write Time":0.0,"Temp I/O Read Time":1.395,"Temp I/O Write Time":4.407,"Plans":[{"Node Type":"Sort","Parent Relationship":"Outer","Parallel Aware":false,"Async Capable":false,"Startup Cost":46361.03,"Total Cost":46844.91,"Plan Rows":193553,"Plan Width":20,"Actual Startup Time":229.806,"Actual Total Time":270.368,"Actual Rows":289967,"Actual Loops":1,"Output":["customer.c_nationkey","customer.c_id","customer.c_w_id","customer.c_d_id","n2.n_name"],"Sort Key":["customer.c_id","customer.c_w_id","customer.c_d_id"],"Sort Method":"external merge","Sort Space Used":8720,"Sort Space Type":"Disk","Shared Hit Blocks":0,"Shared Read Blocks":0,"Shared Dirtied Blocks":0,"Shared Written Blocks":0,"Local Hit Blocks":0,"Local Read Blocks":0,"Local Dirtied Blocks":0,"Local Written Blocks":0,"Temp Read Blocks":1090,"Temp Written Blocks":1096,"I/O Read Time":0.0,"I/O Write Time":0.0,"Temp I/O Read Time":1.395,"Temp I/O Write Time":4.407,"Plans":[{"Node Type":"Hash Join","Parent Relationship":"Outer","Parallel Aware":false,"Async Capable":false,"Join Type":"Inner","Startup Cost":44.04,"Total Cost":25392.28,"Plan Rows":193553,"Plan Width":20,"Actual Startup Time":26.246,"Actual Total Time":133.097,"Actual Rows":289972,"Actual Loops":1,"Output":["customer.c_nationkey","customer.c_id","customer.c_w_id","customer.c_d_id","n2.n_name"],"Hash Cond":"(customer.c_nationkey = n2.n_nationkey)","Rows Removed by Bloom Filter":18000190,"Shared Hit Blocks":0,"Shared Read Blocks":0,"Shared Dirtied Blocks":0,"Shared Written Blocks":0,"Local Hit Blocks":0,"Local Read Blocks":0,"Local Dirtied Blocks":0,"Local Written Blocks":0,"Temp Read Blocks":0,"Temp Written Blocks":0,"I/O Read Time":0.0,"I/O Write Time":0.0,"Temp I/O Read Time":0.0,"Temp I/O Write Time":0.0,"Plans":[{"Node Type":"Append","Parent Relationship":"Outer","Parallel Aware":false,"Async Capable":false,"Startup Cost":20.0,"Total Cost":141025.46,"Plan Rows":6000140,"Plan Width":12,"Actual Startup Time":0.253,"Actual Total Time":0.254,"Actual Rows":6000000,"Actual Loops":1,"Shared Hit Blocks":0,"Shared Read Blocks":0,"Shared Dirtied Blocks":0,"Shared Written Blocks":0,"Local Hit Blocks":0,"Local Read Blocks":0,"Local Dirtied Blocks":0,"Local Written Blocks":0,"Temp Read Blocks":0,"Temp Written Blocks":0,"I/O Read Time":0.0,"I/O Write Time":0.0,"Temp I/O Read Time":0.0,"Temp I/O Write Time":0.0,"Subplans Removed":0,"Plans":[{"Node Type":"Custom Scan","Parent Relationship":"Member","Custom Plan Provider":"columnar scan","Parallel Aware":false,"Async Capable":false,"Relation Name":"customer","Schema":"public","Alias":"customer","Startup Cost":20.0,"Total Cost":141020.06,"Plan Rows":6000000,"Plan Width":12,"Actual Startup Time":0.252,"Actual Total Time":0.253,"Actual Rows":6000000,"Actual Loops":1,"Output":["customer.c_nationkey","customer.c_id","customer.c_w_id","customer.c_d_id"],"Rows Removed by Columnar Filter":0,"Columnar cache search mode":"native","Shared Hit Blocks":0,"Shared Read Blocks":0,"Shared Dirtied Blocks":0,"Shared Written Blocks":0,"Local Hit Blocks":0,"Local Read Blocks":0,"Local Dirtied Blocks":0,"Local Written Blocks":0,"Temp Read Blocks":0,"Temp Written Blocks":0,"I/O Read Time":0.0,"I/O Write Time":0.0,"Temp I/O Read Time":0.0,"Temp I/O Write Time":0.0},{"Node Type":"Seq Scan","Parent Relationship":"Member","Parallel Aware":false,"Async Capable":false,"Relation Name":"customer","Schema":"public","Alias":"customer","Startup Cost":0.0,"Total Cost":5.4,"Plan Rows":140,"Plan Width":12,"Actual Startup Time":0.0,"Actual Total Time":0.0,"Actual Rows":0,"Actual Loops":0,"Output":["customer.c_nationkey","customer.c_id","customer.c_w_id","customer.c_d_id"],"Shared Hit Blocks":0,"Shared Read Blocks":0,"Shared Dirtied Blocks":0,"Shared Written Blocks":0,"Local Hit Blocks":0,"Local Read Blocks":0,"Local Dirtied Blocks":0,"Local Written Blocks":0,"Temp Read Blocks":0,"Temp Written Blocks":0,"I/O Read Time":0.0,"I/O Write Time":0.0,"Temp I/O Read Time":0.0,"Temp I/O Write Time":0.0}]},{"Node Type":"Hash","Parent Relationship":"Inner","Parallel Aware":false,"Async Capable":false,"Startup Cost":24.07,"Total Cost":24.07,"Plan Rows":3,"Plan Width":12,"Actual Rows":2,"Actual Loops":1,"Output":["n2.n_nationkey","n2.n_name"],"Shared Hit Blocks":0,"Shared Read Blocks":0,"Shared Dirtied Blocks":0,"Shared Written Blocks":0,"Local Hit Blocks":0,"Local Read Blocks":0,"Local Dirtied Blocks":0,"Local Written Blocks":0,"Temp Read Blocks":0,"Temp Written Blocks":0,"I/O Read Time":0.0,"I/O Write Time":0.0,"Temp I/O Read Time":0.0,"Temp I/O Write Time":0.0,"Plans":[{"Node Type":"Append","Parent Relationship":"Outer","Parallel Aware":false,"Async Capable":false,"Startup Cost":20.0,"Total Cost":24.07,"Plan Rows":3,"Plan Width":12,"Actual Startup Time":0.09,"Actual Total Time":0.091,"Actual Rows":2,"Actual Loops":1,"Shared Hit Blocks":0,"Shared Read Blocks":0,"Shared Dirtied Blocks":0,"Shared Written Blocks":0,"Local Hit Blocks":0,"Local Read Blocks":0,"Local Dirtied Blocks":0,"Local Written Blocks":0,"Temp Read Blocks":0,"Temp Written Blocks":0,"I/O Read Time":0.0,"I/O Write Time":0.0,"Temp I/O Read Time":0.0,"Temp I/O Write Time":0.0,"Subplans Removed":0,"Plans":[{"Node Type":"Custom Scan","Parent Relationship":"Member","Custom Plan Provider":"columnar scan","Parallel Aware":false,"Async Capable":false,"Relation Name":"nation","Schema":"public","Alias":"n2","Startup Cost":20.0,"Total Cost":20.05,"Plan Rows":2,"Plan Width":12,"Actual Startup Time":0.087,"Actual Total Time":0.087,"Actual Rows":2,"Actual Loops":1,"Output":["n2.n_nationkey","n2.n_name"],"Filter":"(((n2.n_name)::text = 'Cambodia'::text) OR ((n2.n_name)::text = 'Germany'::text))","Rows Removed by Filter":0,"Rows Removed by Columnar Filter":60,"Columnar cache search mode":"native","Shared Hit Blocks":0,"Shared Read Blocks":0,"Shared Dirtied Blocks":0,"Shared Written Blocks":0,"Local Hit Blocks":0,"Local Read Blocks":0,"Local Dirtied Blocks":0,"Local Written Blocks":0,"Temp Read Blocks":0,"Temp Written Blocks":0,"I/O Read Time":0.0,"I/O Write Time":0.0,"Temp I/O Read Time":0.0,"Temp I/O Write Time":0.0},{"Node Type":"Seq Scan","Parent Relationship":"Member","Parallel Aware":false,"Async Capable":false,"Relation Name":"nation","Schema":"public","Alias":"n2","Startup Cost":0.0,"Total Cost":4.01,"Plan Rows":1,"Plan Width":12,"Actual Startup Time":0.0,"Actual Total Time":0.0,"Actual Rows":0,"Actual Loops":0,"Output":["n2.n_nationkey","n2.n_name"],"Filter":"(((n2.n_name)::text = 'Cambodia'::text) OR ((n2.n_name)::text = 'Germany'::text))","Rows Removed by Filter":0,"Shared Hit Blocks":0,"Shared Read Blocks":0,"Shared Dirtied Blocks":0,"Shared Written Blocks":0,"Local Hit Blocks":0,"Local Read Blocks":0,"Local Dirtied Blocks":0,"Local Written Blocks":0,"Temp Read Blocks":0,"Temp Written Blocks":0,"I/O Read Time":0.0,"I/O Write Time":0.0,"Temp I/O Read Time":0.0,"Temp I/O Write Time":0.0}]}]}]}]}]}]}]}]},"Planning":{"Shared Hit Blocks":152,"Shared Read Blocks":0,"Shared Dirtied Blocks":0,"Shared Written Blocks":0,"Local Hit Blocks":0,"Local Read Blocks":0,"Local Dirtied Blocks":0,"Local Written Blocks":0,"Temp Read Blocks":0,"Temp Written Blocks":0,"I/O Read Time":0.0,"I/O Write Time":0.0,"Temp I/O Read Time":0.0,"Temp I/O Write Time":0.0},"Planning Time":3.104,"Triggers":[],"Execution Time":20922.116}]
[列存组合]: customer, order_line
[{"Plan":{"Node Type":"Aggregate","Strategy":"Sorted","Partial Mode":"Simple","Parallel Aware":false,"Async Capable":false,"Startup Cost":3739753.61,"Total Cost":3740008.43,"Plan Rows":9266,"Plan Width":72,"Actual Startup Time":21905.546,"Actual Total Time":21908.093,"Actual Rows":6,"Actual Loops":1,"Output":["supplier.su_nationkey","customer.c_nationkey","(EXTRACT(year FROM orders.o_entry_d))","sum(order_line.ol_amount)"],"Group Key":["supplier.su_nationkey","customer.c_nationkey","(EXTRACT(year FROM orders.o_entry_d))"],"Shared Hit Blocks":99014,"Shared Read Blocks":0,"Shared Dirtied Blocks":0,"Shared Written Blocks":0,"Local Hit Blocks":0,"Local Read Blocks":0,"Local Dirtied Blocks":0,"Local Written Blocks":0,"Temp Read Blocks":123649,"Temp Written Blocks":123667,"I/O Read Time":0.0,"I/O Write Time":0.0,"Temp I/O Read Time":232.511,"Temp I/O Write Time":563.014,"Plans":[{"Node Type":"Sort","Parent Relationship":"Outer","Parallel Aware":false,"Async Capable":false,"Startup Cost":3739753.61,"Total Cost":3739776.78,"Plan Rows":9266,"Plan Width":44,"Actual Startup Time":21905.439,"Actual Total Time":21905.959,"Actual Rows":12121,"Actual Loops":1,"Output":["supplier.su_nationkey","customer.c_nationkey","(EXTRACT(year FROM orders.o_entry_d))","order_line.ol_amount"],"Sort Key":["supplier.su_nationkey","customer.c_nationkey","(EXTRACT(year FROM orders.o_entry_d))"],"Sort Method":"quicksort","Sort Space Used":1047,"Sort Space Type":"Memory","Shared Hit Blocks":99014,"Shared Read Blocks":0,"Shared Dirtied Blocks":0,"Shared Written Blocks":0,"Local Hit Blocks":0,"Local Read Blocks":0,"Local Dirtied Blocks":0,"Local Written Blocks":0,"Temp Read Blocks":123649,"Temp Written Blocks":123667,"I/O Read Time":0.0,"I/O Write Time":0.0,"Temp I/O Read Time":232.511,"Temp I/O Write Time":563.014,"Plans":[{"Node Type":"Merge Join","Parent Relationship":"Outer","Parallel Aware":false,"Async Capable":false,"Join Type":"Inner","Startup Cost":3730683.26,"Total Cost":3739143.09,"Plan Rows":9266,"Plan Width":44,"Actual Startup Time":21520.085,"Actual Total Time":21902.383,"Actual Rows":12121,"Actual Loops":1,"Output":["supplier.su_nationkey","customer.c_nationkey","EXTRACT(year FROM orders.o_entry_d)","order_line.ol_amount"],"Inner Unique":false,"Merge Cond":"((orders.o_c_id = customer.c_id) AND (order_line.ol_w_id = customer.c_w_id) AND (order_line.ol_d_id = customer.c_d_id))","Join Filter":"((((n1.n_name)::text = 'Germany'::text) AND ((n2.n_name)::text = 'Cambodia'::text)) OR (((n1.n_name)::text = 'Cambodia'::text) AND ((n2.n_name)::text = 'Germany'::text)))","Rows Removed by Join Filter":11453,"Shared Hit Blocks":99014,"Shared Read Blocks":0,"Shared Dirtied Blocks":0,"Shared Written Blocks":0,"Local Hit Blocks":0,"Local Read Blocks":0,"Local Dirtied Blocks":0,"Local Written Blocks":0,"Temp Read Blocks":123649,"Temp Written Blocks":123667,"I/O Read Time":0.0,"I/O Write Time":0.0,"Temp I/O Read Time":232.511,"Temp I/O Write Time":563.014,"Plans":[{"Node Type":"Sort","Parent Relationship":"Outer","Parallel Aware":false,"Async Capable":false,"Startup Cost":3183089.88,"Total Cost":3184503.28,"Plan Rows":565362,"Plan Width":36,"Actual Startup Time":21116.608,"Actual Total Time":21308.648,"Actual Rows":485009,"Actual Loops":1,"Output":["supplier.su_nationkey","order_line.ol_amount","order_line.ol_w_id","order_line.ol_d_id","orders.o_entry_d","orders.o_w_id","orders.o_d_id","orders.o_c_id","n1.n_name"],"Sort Key":["orders.o_c_id","order_line.ol_w_id","order_line.ol_d_id"],"Sort Method":"external merge","Sort Space Used":24000,"Sort Space Type":"Disk","Shared Hit Blocks":99013,"Shared Read Blocks":0,"Shared Dirtied Blocks":0,"Shared Written Blocks":0,"Local Hit Blocks":0,"Local Read Blocks":0,"Local Dirtied Blocks":0,"Local Written Blocks":0,"Temp Read Blocks":122559,"Temp Written Blocks":122571,"I/O Read Time":0.0,"I/O Write Time":0.0,"Temp I/O Read Time":230.828,"Temp I/O Write Time":556.364,"Plans":[{"Node Type":"Hash Join","Parent Relationship":"Outer","Parallel Aware":false,"Async Capable":false,"Join Type":"Inner","Startup Cost":906095.03,"Total Cost":3113613.38,"Plan Rows":565362,"Plan Width":36,"Actual Startup Time":8640.165,"Actual Total Time":20721.435,"Actual Rows":485009,"Actual Loops":1,"Output":["supplier.su_nationkey","order_line.ol_amount","order_line.ol_w_id","order_line.ol_d_id","orders.o_entry_d","orders.o_w_id","orders.o_d_id","orders.o_c_id","n1.n_name"],"Inner Unique":true,"Hash Cond":"((order_line.ol_w_id = orders.o_w_id) AND (order_line.ol_d_id = orders.o_d_id) AND (order_line.ol_o_id = orders.o_id))","Shared Hit Blocks":99013,"Shared Read Blocks":0,"Shared Dirtied Blocks":0,"Shared Written Blocks":0,"Local Hit Blocks":0,"Local Read Blocks":0,"Local Dirtied Blocks":0,"Local Written Blocks":0,"Temp Read Blocks":119559,"Temp Written Blocks":119559,"I/O Read Time":0.0,"I/O Write Time":0.0,"Temp I/O Read Time":225.626,"Temp I/O Write Time":538.038,"Plans":[{"Node Type":"Hash Join","Parent Relationship":"Outer","Parallel Aware":false,"Async Capable":false,"Join Type":"Inner","Startup Cost":646902.76,"Total Cost":2807095.19,"Plan Rows":565705,"Plan Width":28,"Actual Startup Time":6813.457,"Actual Total Time":17809.509,"Actual Rows":485009,"Actual Loops":1,"Output":["supplier.su_nationkey","order_line.ol_amount","order_line.ol_w_id","order_line.ol_d_id","order_line.ol_o_id","n1.n_name"],"Inner Unique":false,"Hash Cond":"((order_line.ol_supply_w_id = stock.s_w_id) AND (order_line.ol_i_id = stock.s_i_id))","Shared Hit Blocks":54891,"Shared Read Blocks":0,"Shared Dirtied Blocks":0,"Shared Written Blocks":0,"Local Hit Blocks":0,"Local Read Blocks":0,"Local Dirtied Blocks":0,"Local Written Blocks":0,"Temp Read Blocks":81853,"Temp Written Blocks":81853,"I/O Read Time":0.0,"I/O Write Time":0.0,"Temp I/O Read Time":127.703,"Temp I/O Write Time":358.036,"Plans":[{"Node Type":"Append","Parent Relationship":"Outer","Parallel Aware":false,"Async Capable":false,"Startup Cost":20.0,"Total Cost":1550642.51,"Plan Rows":17536869,"Plan Width":22,"Actual Startup Time":6.333,"Actual Total Time":5763.356,"Actual Rows":16894821,"Actual Loops":1,"Shared Hit Blocks":0,"Shared Read Blocks":0,"Shared Dirtied Blocks":0,"Shared Written Blocks":0,"Local Hit Blocks":0,"Local Read Blocks":0,"Local Dirtied Blocks":0,"Local Written Blocks":0,"Temp Read Blocks":0,"Temp Written Blocks":0,"I/O Read Time":0.0,"I/O Write Time":0.0,"Temp I/O Read Time":0.0,"Temp I/O Write Time":0.0,"Subplans Removed":0,"Plans":[{"Node Type":"Custom Scan","Parent Relationship":"Member","Custom Plan Provider":"columnar scan","Parallel Aware":false,"Async Capable":false,"Relation Name":"order_line","Schema":"public","Alias":"order_line","Startup Cost":20.0,"Total Cost":482285.56,"Plan Rows":17536851,"Plan Width":22,"Actual Startup Time":6.33,"Actual Total Time":4581.352,"Actual Rows":16894821,"Actual Loops":1,"Output":["order_line.ol_amount","order_line.ol_supply_w_id","order_line.ol_i_id","order_line.ol_w_id","order_line.ol_d_id","order_line.ol_o_id"],"Filter":"((order_line.ol_delivery_d <= '1997-01-01 20:10:02.27764'::timestamp without time zone) AND (order_line.ol_delivery_d >= '1995-01-02 20:10:02.27764'::timestamp without time zone))","Rows Removed by Filter":0,"Rows Removed by Columnar Filter":43098940,"Rows Filtered by Bloom Filter":0,"Dictionary Rows Filtered by Bloom Filter":857915,"Columnar cache search mode":"native","Shared Hit Blocks":0,"Shared Read Blocks":0,"Shared Dirtied Blocks":0,"Shared Written Blocks":0,"Local Hit Blocks":0,"Local Read Blocks":0,"Local Dirtied Blocks":0,"Local Written Blocks":0,"Temp Read Blocks":0,"Temp Written Blocks":0,"I/O Read Time":0.0,"I/O Write Time":0.0,"Temp I/O Read Time":0.0,"Temp I/O Write Time":0.0},{"Node Type":"Seq Scan","Parent Relationship":"Member","Parallel Aware":false,"Async Capable":false,"Relation Name":"order_line","Schema":"public","Alias":"order_line","Startup Cost":0.0,"Total Cost":4.95,"Plan Rows":18,"Plan Width":22,"Actual Startup Time":0.0,"Actual Total Time":0.0,"Actual Rows":0,"Actual Loops":0,"Output":["order_line.ol_amount","order_line.ol_supply_w_id","order_line.ol_i_id","order_line.ol_w_id","order_line.ol_d_id","order_line.ol_o_id"],"Filter":"((order_line.ol_delivery_d <= '1997-01-01 20:10:02.27764'::timestamp without time zone) AND (order_line.ol_delivery_d >= '1995-01-02 20:10:02.27764'::timestamp without time zone))","Rows Removed by Filter":0,"Shared Hit Blocks":0,"Shared Read Blocks":0,"Shared Dirtied Blocks":0,"Shared Written Blocks":0,"Local Hit Blocks":0,"Local Read Blocks":0,"Local Dirtied Blocks":0,"Local Written Blocks":0,"Temp Read Blocks":0,"Temp Written Blocks":0,"I/O Read Time":0.0,"I/O Write Time":0.0,"Temp I/O Read Time":0.0,"Temp I/O Write Time":0.0}]},{"Node Type":"Hash","Parent Relationship":"Inner","Parallel Aware":false,"Async Capable":false,"Startup Cost":633424.24,"Total Cost":633424.24,"Plan Rows":645168,"Plan Width":18,"Actual Startup Time":6806.233,"Actual Total Time":6806.244,"Actual Rows":566400,"Actual Loops":1,"Output":["supplier.su_nationkey","stock.s_w_id","stock.s_i_id","n1.n_name"],"Hash Buckets":131072,"Original Hash Buckets":131072,"Hash Batches":8,"Original Hash Batches":8,"Peak Memory Usage":4646,"Shared Hit Blocks":54891,"Shared Read Blocks":0,"Shared Dirtied Blocks":0,"Shared Written Blocks":0,"Local Hit Blocks":0,"Local Read Blocks":0,"Local Dirtied Blocks":0,"Local Written Blocks":0,"Temp Read Blocks":0,"Temp Written Blocks":2445,"I/O Read Time":0.0,"I/O Write Time":0.0,"Temp I/O Read Time":0.0,"Temp I/O Write Time":14.359,"Plans":[{"Node Type":"Hash Join","Parent Relationship":"Outer","Parallel Aware":false,"Async Capable":false,"Join Type":"Inner","Startup Cost":444.39,"Total Cost":633424.24,"Plan Rows":645168,"Plan Width":18,"Actual Startup Time":2.577,"Actual Total Time":6651.075,"Actual Rows":566400,"Actual Loops":1,"Output":["supplier.su_nationkey","stock.s_w_id","stock.s_i_id","n1.n_name"],"Inner Unique":true,"Hash Cond":"(supplier.su_nationkey = n1.n_nationkey)","Shared Hit Blocks":54891,"Shared Read Blocks":0,"Shared Dirtied Blocks":0,"Shared Written Blocks":0,"Local Hit Blocks":0,"Local Read Blocks":0,"Local Dirtied Blocks":0,"Local Written Blocks":0,"Temp Read Blocks":0,"Temp Written Blocks":0,"I/O Read Time":0.0,"I/O Write Time":0.0,"Temp I/O Read Time":0.0,"Temp I/O Write Time":0.0,"Plans":[{"Node Type":"Hash Join","Parent Relationship":"Outer","Parallel Aware":false,"Async Capable":false,"Join Type":"Inner","Startup Cost":442.44,"Total Cost":577332.98,"Plan Rows":20000212,"Plan Width":10,"Actual Startup Time":2.542,"Actual Total Time":5310.977,"Actual Rows":20000000,"Actual Loops":1,"Output":["supplier.su_nationkey","stock.s_w_id","stock.s_i_id"],"Inner Unique":true,"Hash Cond":"(mod((stock.s_w_id * stock.s_i_id), 10000) = supplier.su_suppkey)","Shared Hit Blocks":54890,"Shared Read Blocks":0,"Shared Dirtied Blocks":0,"Shared Written Blocks":0,"Local Hit Blocks":0,"Local Read Blocks":0,"Local Dirtied Blocks":0,"Local Written Blocks":0,"Temp Read Blocks":0,"Temp Written Blocks":0,"I/O Read Time":0.0,"I/O Write Time":0.0,"Temp I/O Read Time":0.0,"Temp I/O Write Time":0.0,"Plans":[{"Node Type":"Index Only Scan","Parent Relationship":"Outer","Parallel Aware":false,"Async Capable":false,"Scan Direction":"Forward","Index Name":"stock_pk","Relation Name":"stock","Schema":"public","Alias":"stock","Startup Cost":0.44,"Total Cost":519363.62,"Plan Rows":20000212,"Plan Width":6,"Actual Startup Time":0.024,"Actual Total Time":1540.554,"Actual Rows":20000000,"Actual Loops":1,"Output":["stock.s_w_id","stock.s_i_id"],"Heap Fetches":0,"Shared Hit Blocks":54673,"Shared Read Blocks":0,"Shared Dirtied Blocks":0,"Shared Written Blocks":0,"Local Hit Blocks":0,"Local Read Blocks":0,"Local Dirtied Blocks":0,"Local Written Blocks":0,"Temp Read Blocks":0,"Temp Written Blocks":0,"I/O Read Time":0.0,"I/O Write Time":0.0,"Temp I/O Read Time":0.0,"Temp I/O Write Time":0.0},{"Node Type":"Hash","Parent Relationship":"Inner","Parallel Aware":false,"Async Capable":false,"Startup Cost":317.0,"Total Cost":317.0,"Plan Rows":10000,"Plan Width":8,"Actual Startup Time":2.448,"Actual Total Time":2.451,"Actual Rows":10000,"Actual Loops":1,"Output":["supplier.su_nationkey","supplier.su_suppkey"],"Hash Buckets":16384,"Original Hash Buckets":16384,"Hash Batches":1,"Original Hash Batches":1,"Peak Memory Usage":519,"Shared Hit Blocks":217,"Shared Read Blocks":0,"Shared Dirtied Blocks":0,"Shared Written Blocks":0,"Local Hit Blocks":0,"Local Read Blocks":0,"Local Dirtied Blocks":0,"Local Written Blocks":0,"Temp Read Blocks":0,"Temp Written Blocks":0,"I/O Read Time":0.0,"I/O Write Time":0.0,"Temp I/O Read Time":0.0,"Temp I/O Write Time":0.0,"Plans":[{"Node Type":"Seq Scan","Parent Relationship":"Outer","Parallel Aware":false,"Async Capable":false,"Relation Name":"supplier","Schema":"public","Alias":"supplier","Startup Cost":0.0,"Total Cost":317.0,"Plan Rows":10000,"Plan Width":8,"Actual Startup Time":0.007,"Actual Total Time":1.246,"Actual Rows":10000,"Actual Loops":1,"Output":["supplier.su_nationkey","supplier.su_suppkey"],"Shared Hit Blocks":217,"Shared Read Blocks":0,"Shared Dirtied Blocks":0,"Shared Written Blocks":0,"Local Hit Blocks":0,"Local Read Blocks":0,"Local Dirtied Blocks":0,"Local Written Blocks":0,"Temp Read Blocks":0,"Temp Written Blocks":0,"I/O Read Time":0.0,"I/O Write Time":0.0,"Temp I/O Read Time":0.0,"Temp I/O Write Time":0.0}]}]},{"Node Type":"Hash","Parent Relationship":"Inner","Parallel Aware":false,"Async Capable":false,"Startup Cost":1.93,"Total Cost":1.93,"Plan Rows":2,"Plan Width":12,"Actual Startup Time":0.024,"Actual Total Time":0.025,"Actual Rows":2,"Actual Loops":1,"Output":["n1.n_nationkey","n1.n_name"],"Hash Buckets":1024,"Original Hash Buckets":1024,"Hash Batches":1,"Original Hash Batches":1,"Peak Memory Usage":9,"Shared Hit Blocks":1,"Shared Read Blocks":0,"Shared Dirtied Blocks":0,"Shared Written Blocks":0,"Local Hit Blocks":0,"Local Read Blocks":0,"Local Dirtied Blocks":0,"Local Written Blocks":0,"Temp Read Blocks":0,"Temp Written Blocks":0,"I/O Read Time":0.0,"I/O Write Time":0.0,"Temp I/O Read Time":0.0,"Temp I/O Write Time":0.0,"Plans":[{"Node Type":"Seq Scan","Parent Relationship":"Outer","Parallel Aware":false,"Async Capable":false,"Relation Name":"nation","Schema":"public","Alias":"n1","Startup Cost":0.0,"Total Cost":1.93,"Plan Rows":2,"Plan Width":12,"Actual Startup Time":0.016,"Actual Total Time":0.02,"Actual Rows":2,"Actual Loops":1,"Output":["n1.n_nationkey","n1.n_name"],"Filter":"(((n1.n_name)::text = 'Germany'::text) OR ((n1.n_name)::text = 'Cambodia'::text))","Rows Removed by Filter":60,"Shared Hit Blocks":1,"Shared Read Blocks":0,"Shared Dirtied Blocks":0,"Shared Written Blocks":0,"Local Hit Blocks":0,"Local Read Blocks":0,"Local Dirtied Blocks":0,"Local Written Blocks":0,"Temp Read Blocks":0,"Temp Written Blocks":0,"I/O Read Time":0.0,"I/O Write Time":0.0,"Temp I/O Read Time":0.0,"Temp I/O Write Time":0.0}]}]}]}]},{"Node Type":"Hash","Parent Relationship":"Inner","Parallel Aware":false,"Async Capable":false,"Startup Cost":119121.6,"Total Cost":119121.6,"Plan Rows":5996324,"Plan Width":24,"Actual Startup Time":1813.407,"Actual Total Time":1813.408,"Actual Rows":5995789,"Actual Loops":1,"Output":["orders.o_entry_d","orders.o_w_id","orders.o_d_id","orders.o_id","orders.o_c_id"],"Hash Buckets":131072,"Original Hash Buckets":131072,"Hash Batches":64,"Original Hash Batches":64,"Peak Memory Usage":6496,"Shared Hit Blocks":44122,"Shared Read Blocks":0,"Shared Dirtied Blocks":0,"Shared Written Blocks":0,"Local Hit Blocks":0,"Local Read Blocks":0,"Local Dirtied Blocks":0,"Local Written Blocks":0,"Temp Read Blocks":0,"Temp Written Blocks":34552,"I/O Read Time":0.0,"I/O Write Time":0.0,"Temp I/O Read Time":0.0,"Temp I/O Write Time":160.47,"Plans":[{"Node Type":"Seq Scan","Parent Relationship":"Outer","Parallel Aware":false,"Async Capable":false,"Relation Name":"orders","Schema":"public","Alias":"orders","Startup Cost":0.0,"Total Cost":119121.6,"Plan Rows":5996324,"Plan Width":24,"Actual Startup Time":0.015,"Actual Total Time":734.485,"Actual Rows":5995789,"Actual Loops":1,"Output":["orders.o_entry_d","orders.o_w_id","orders.o_d_id","orders.o_id","orders.o_c_id"],"Filter":"(orders.o_entry_d >= '1992-01-02 20:10:02.27764'::timestamp without time zone)","Rows Removed by Filter":4211,"Shared Hit Blocks":44122,"Shared Read Blocks":0,"Shared Dirtied Blocks":0,"Shared Written Blocks":0,"Local Hit Blocks":0,"Local Read Blocks":0,"Local Dirtied Blocks":0,"Local Written Blocks":0,"Temp Read Blocks":0,"Temp Written Blocks":0,"I/O Read Time":0.0,"I/O Write Time":0.0,"Temp I/O Read Time":0.0,"Temp I/O Write Time":0.0}]}]}]},{"Node Type":"Materialize","Parent Relationship":"Inner","Parallel Aware":false,"Async Capable":false,"Startup Cost":547593.19,"Total Cost":548560.96,"Plan Rows":193553,"Plan Width":20,"Actual Startup Time":403.419,"Actual Total Time":486.056,"Actual Rows":293066,"Actual Loops":1,"Output":["customer.c_nationkey","customer.c_id","customer.c_w_id","customer.c_d_id","n2.n_name"],"Shared Hit Blocks":1,"Shared Read Blocks":0,"Shared Dirtied Blocks":0,"Shared Written Blocks":0,"Local Hit Blocks":0,"Local Read Blocks":0,"Local Dirtied Blocks":0,"Local Written Blocks":0,"Temp Read Blocks":1090,"Temp Written Blocks":1096,"I/O Read Time":0.0,"I/O Write Time":0.0,"Temp I/O Read Time":1.683,"Temp I/O Write Time":6.65,"Plans":[{"Node Type":"Sort","Parent Relationship":"Outer","Parallel Aware":false,"Async Capable":false,"Startup Cost":547593.19,"Total Cost":548077.07,"Plan Rows":193553,"Plan Width":20,"Actual Startup Time":403.407,"Actual Total Time":450.065,"Actual Rows":289967,"Actual Loops":1,"Output":["customer.c_nationkey","customer.c_id","customer.c_w_id","customer.c_d_id","n2.n_name"],"Sort Key":["customer.c_id","customer.c_w_id","customer.c_d_id"],"Sort Method":"external merge","Sort Space Used":8720,"Sort Space Type":"Disk","Shared Hit Blocks":1,"Shared Read Blocks":0,"Shared Dirtied Blocks":0,"Shared Written Blocks":0,"Local Hit Blocks":0,"Local Read Blocks":0,"Local Dirtied Blocks":0,"Local Written Blocks":0,"Temp Read Blocks":1090,"Temp Written Blocks":1096,"I/O Read Time":0.0,"I/O Write Time":0.0,"Temp I/O Read Time":1.683,"Temp I/O Write Time":6.65,"Plans":[{"Node Type":"Hash Join","Parent Relationship":"Outer","Parallel Aware":false,"Async Capable":false,"Join Type":"Inner","Startup Cost":21.95,"Total Cost":526624.45,"Plan Rows":193553,"Plan Width":20,"Actual Startup Time":1.24,"Actual Total Time":249.087,"Actual Rows":289972,"Actual Loops":1,"Output":["customer.c_nationkey","customer.c_id","customer.c_w_id","customer.c_d_id","n2.n_name"],"Inner Unique":true,"Hash Cond":"(customer.c_nationkey = n2.n_nationkey)","Shared Hit Blocks":1,"Shared Read Blocks":0,"Shared Dirtied Blocks":0,"Shared Written Blocks":0,"Local Hit Blocks":0,"Local Read Blocks":0,"Local Dirtied Blocks":0,"Local Written Blocks":0,"Temp Read Blocks":0,"Temp Written Blocks":0,"I/O Read Time":0.0,"I/O Write Time":0.0,"Temp I/O Read Time":0.0,"Temp I/O Write Time":0.0,"Plans":[{"Node Type":"Append","Parent Relationship":"Outer","Parallel Aware":false,"Async Capable":false,"Startup Cost":20.0,"Total Cost":509795.49,"Plan Rows":6000140,"Plan Width":12,"Actual Startup Time":0.418,"Actual Total Time":164.85,"Actual Rows":289972,"Actual Loops":1,"Shared Hit Blocks":0,"Shared Read Blocks":0,"Shared Dirtied Blocks":0,"Shared Written Blocks":0,"Local Hit Blocks":0,"Local Read Blocks":0,"Local Dirtied Blocks":0,"Local Written Blocks":0,"Temp Read Blocks":0,"Temp Written Blocks":0,"I/O Read Time":0.0,"I/O Write Time":0.0,"Temp I/O Read Time":0.0,"Temp I/O Write Time":0.0,"Subplans Removed":0,"Plans":[{"Node Type":"Custom Scan","Parent Relationship":"Member","Custom Plan Provider":"columnar scan","Parallel Aware":false,"Async Capable":false,"Relation Name":"customer","Schema":"public","Alias":"customer","Startup Cost":20.0,"Total Cost":141020.06,"Plan Rows":6000000,"Plan Width":12,"Actual Startup Time":0.414,"Actual Total Time":133.172,"Actual Rows":289972,"Actual Loops":1,"Output":["customer.c_nationkey","customer.c_id","customer.c_w_id","customer.c_d_id"],"Rows Removed by Columnar Filter":5710028,"Rows Filtered by Bloom Filter":0,"Dictionary Rows Filtered by Bloom Filter":5710028,"Columnar cache search mode":"native","Shared Hit Blocks":0,"Shared Read Blocks":0,"Shared Dirtied Blocks":0,"Shared Written Blocks":0,"Local Hit Blocks":0,"Local Read Blocks":0,"Local Dirtied Blocks":0,"Local Written Blocks":0,"Temp Read Blocks":0,"Temp Written Blocks":0,"I/O Read Time":0.0,"I/O Write Time":0.0,"Temp I/O Read Time":0.0,"Temp I/O Write Time":0.0},{"Node Type":"Seq Scan","Parent Relationship":"Member","Parallel Aware":false,"Async Capable":false,"Relation Name":"customer","Schema":"public","Alias":"customer","Startup Cost":0.0,"Total Cost":5.4,"Plan Rows":140,"Plan Width":12,"Actual Startup Time":0.0,"Actual Total Time":0.0,"Actual Rows":0,"Actual Loops":0,"Output":["customer.c_nationkey","customer.c_id","customer.c_w_id","customer.c_d_id"],"Shared Hit Blocks":0,"Shared Read Blocks":0,"Shared Dirtied Blocks":0,"Shared Written Blocks":0,"Local Hit Blocks":0,"Local Read Blocks":0,"Local Dirtied Blocks":0,"Local Written Blocks":0,"Temp Read Blocks":0,"Temp Written Blocks":0,"I/O Read Time":0.0,"I/O Write Time":0.0,"Temp I/O Read Time":0.0,"Temp I/O Write Time":0.0}]},{"Node Type":"Hash","Parent Relationship":"Inner","Parallel Aware":false,"Async Capable":false,"Startup Cost":1.93,"Total Cost":1.93,"Plan Rows":2,"Plan Width":12,"Actual Startup Time":0.078,"Actual Total Time":0.078,"Actual Rows":2,"Actual Loops":1,"Output":["n2.n_nationkey","n2.n_name"],"Hash Buckets":1024,"Original Hash Buckets":1024,"Hash Batches":1,"Original Hash Batches":1,"Peak Memory Usage":9,"Shared Hit Blocks":1,"Shared Read Blocks":0,"Shared Dirtied Blocks":0,"Shared Written Blocks":0,"Local Hit Blocks":0,"Local Read Blocks":0,"Local Dirtied Blocks":0,"Local Written Blocks":0,"Temp Read Blocks":0,"Temp Written Blocks":0,"I/O Read Time":0.0,"I/O Write Time":0.0,"Temp I/O Read Time":0.0,"Temp I/O Write Time":0.0,"Plans":[{"Node Type":"Seq Scan","Parent Relationship":"Outer","Parallel Aware":false,"Async Capable":false,"Relation Name":"nation","Schema":"public","Alias":"n2","Startup Cost":0.0,"Total Cost":1.93,"Plan Rows":2,"Plan Width":12,"Actual Startup Time":0.058,"Actual Total Time":0.066,"Actual Rows":2,"Actual Loops":1,"Output":["n2.n_nationkey","n2.n_name"],"Filter":"(((n2.n_name)::text = 'Cambodia'::text) OR ((n2.n_name)::text = 'Germany'::text))","Rows Removed by Filter":60,"Shared Hit Blocks":1,"Shared Read Blocks":0,"Shared Dirtied Blocks":0,"Shared Written Blocks":0,"Local Hit Blocks":0,"Local Read Blocks":0,"Local Dirtied Blocks":0,"Local Written Blocks":0,"Temp Read Blocks":0,"Temp Written Blocks":0,"I/O Read Time":0.0,"I/O Write Time":0.0,"Temp I/O Read Time":0.0,"Temp I/O Write Time":0.0}]}]}]}]}]}]}]},"Planning":{"Shared Hit Blocks":152,"Shared Read Blocks":0,"Shared Dirtied Blocks":0,"Shared Written Blocks":0,"Local Hit Blocks":0,"Local Read Blocks":0,"Local Dirtied Blocks":0,"Local Written Blocks":0,"Temp Read Blocks":0,"Temp Written Blocks":0,"I/O Read Time":0.0,"I/O Write Time":0.0,"Temp I/O Read Time":0.0,"Temp I/O Write Time":0.0},"Planning Time":3.534,"Triggers":[],"Execution Time":21913.002}]
[列存组合]: customer, orders
[{"Plan":{"Node Type":"Aggregate","Strategy":"Sorted","Partial Mode":"Simple","Parallel Aware":false,"Async Capable":false,"Startup Cost":3770766.46,"Total Cost":3771021.28,"Plan Rows":9266,"Plan Width":72,"Actual Startup Time":20888.585,"Actual Total Time":20891.13,"Actual Rows":6,"Actual Loops":1,"Output":["supplier.su_nationkey","customer.c_nationkey","(EXTRACT(year FROM orders.o_entry_d))","sum(order_line.ol_amount)"],"Group Key":["supplier.su_nationkey","customer.c_nationkey","(EXTRACT(year FROM orders.o_entry_d))"],"Shared Hit Blocks":780762,"Shared Read Blocks":0,"Shared Dirtied Blocks":0,"Shared Written Blocks":0,"Local Hit Blocks":0,"Local Read Blocks":0,"Local Dirtied Blocks":0,"Local Written Blocks":0,"Temp Read Blocks":124799,"Temp Written Blocks":124817,"I/O Read Time":0.0,"I/O Write Time":0.0,"Temp I/O Read Time":188.501,"Temp I/O Write Time":539.163,"Plans":[{"Node Type":"Sort","Parent Relationship":"Outer","Parallel Aware":false,"Async Capable":false,"Startup Cost":3770766.46,"Total Cost":3770789.63,"Plan Rows":9266,"Plan Width":44,"Actual Startup Time":20888.477,"Actual Total Time":20888.991,"Actual Rows":12121,"Actual Loops":1,"Output":["supplier.su_nationkey","customer.c_nationkey","(EXTRACT(year FROM orders.o_entry_d))","order_line.ol_amount"],"Sort Key":["supplier.su_nationkey","customer.c_nationkey","(EXTRACT(year FROM orders.o_entry_d))"],"Sort Method":"quicksort","Sort Space Used":1047,"Sort Space Type":"Memory","Shared Hit Blocks":780762,"Shared Read Blocks":0,"Shared Dirtied Blocks":0,"Shared Written Blocks":0,"Local Hit Blocks":0,"Local Read Blocks":0,"Local Dirtied Blocks":0,"Local Written Blocks":0,"Temp Read Blocks":124799,"Temp Written Blocks":124817,"I/O Read Time":0.0,"I/O Write Time":0.0,"Temp I/O Read Time":188.501,"Temp I/O Write Time":539.163,"Plans":[{"Node Type":"Merge Join","Parent Relationship":"Outer","Parallel Aware":false,"Async Capable":false,"Join Type":"Inner","Startup Cost":3761696.11,"Total Cost":3770155.94,"Plan Rows":9266,"Plan Width":44,"Actual Startup Time":20547.067,"Actual Total Time":20885.537,"Actual Rows":12121,"Actual Loops":1,"Output":["supplier.su_nationkey","customer.c_nationkey","EXTRACT(year FROM orders.o_entry_d)","order_line.ol_amount"],"Inner Unique":false,"Merge Cond":"((orders.o_c_id = customer.c_id) AND (order_line.ol_w_id = customer.c_w_id) AND (order_line.ol_d_id = customer.c_d_id))","Join Filter":"((((n1.n_name)::text = 'Germany'::text) AND ((n2.n_name)::text = 'Cambodia'::text)) OR (((n1.n_name)::text = 'Cambodia'::text) AND ((n2.n_name)::text = 'Germany'::text)))","Rows Removed by Join Filter":11453,"Shared Hit Blocks":780762,"Shared Read Blocks":0,"Shared Dirtied Blocks":0,"Shared Written Blocks":0,"Local Hit Blocks":0,"Local Read Blocks":0,"Local Dirtied Blocks":0,"Local Written Blocks":0,"Temp Read Blocks":124799,"Temp Written Blocks":124817,"I/O Read Time":0.0,"I/O Write Time":0.0,"Temp I/O Read Time":188.501,"Temp I/O Write Time":539.163,"Plans":[{"Node Type":"Sort","Parent Relationship":"Outer","Parallel Aware":false,"Async Capable":false,"Startup Cost":3214102.73,"Total Cost":3215516.13,"Plan Rows":565362,"Plan Width":36,"Actual Startup Time":20287.528,"Actual Total Time":20458.682,"Actual Rows":485009,"Actual Loops":1,"Output":["supplier.su_nationkey","order_line.ol_amount","order_line.ol_w_id","order_line.ol_d_id","orders.o_entry_d","orders.o_w_id","orders.o_d_id","orders.o_c_id","n1.n_name"],"Sort Key":["orders.o_c_id","order_line.ol_w_id","order_line.ol_d_id"],"Sort Method":"external merge","Sort Space Used":24000,"Sort Space Type":"Disk","Shared Hit Blocks":780761,"Shared Read Blocks":0,"Shared Dirtied Blocks":0,"Shared Written Blocks":0,"Local Hit Blocks":0,"Local Read Blocks":0,"Local Dirtied Blocks":0,"Local Written Blocks":0,"Temp Read Blocks":123709,"Temp Written Blocks":123721,"I/O Read Time":0.0,"I/O Write Time":0.0,"Temp I/O Read Time":187.035,"Temp I/O Write Time":534.808,"Plans":[{"Node Type":"Hash Join","Parent Relationship":"Outer","Parallel Aware":false,"Async Capable":false,"Join Type":"Inner","Startup Cost":906075.03,"Total Cost":3144626.23,"Plan Rows":565362,"Plan Width":36,"Actual Startup Time":8458.102,"Actual Total Time":20037.36,"Actual Rows":485009,"Actual Loops":1,"Output":["supplier.su_nationkey","order_line.ol_amount","order_line.ol_w_id","order_line.ol_d_id","orders.o_entry_d","orders.o_w_id","orders.o_d_id","orders.o_c_id","n1.n_name"],"Inner Unique":true,"Hash Cond":"((order_line.ol_w_id = orders.o_w_id) AND (order_line.ol_d_id = orders.o_d_id) AND (order_line.ol_o_id = orders.o_id))","Shared Hit Blocks":780761,"Shared Read Blocks":0,"Shared Dirtied Blocks":0,"Shared Written Blocks":0,"Local Hit Blocks":0,"Local Read Blocks":0,"Local Dirtied Blocks":0,"Local Written Blocks":0,"Temp Read Blocks":120709,"Temp Written Blocks":120709,"I/O Read Time":0.0,"I/O Write Time":0.0,"Temp I/O Read Time":182.785,"Temp I/O Write Time":523.512,"Plans":[{"Node Type":"Hash Join","Parent Relationship":"Outer","Parallel Aware":false,"Async Capable":false,"Join Type":"Inner","Startup Cost":646882.76,"Total Cost":2838108.04,"Plan Rows":565705,"Plan Width":28,"Actual Startup Time":6635.951,"Actual Total Time":17530.656,"Actual Rows":485009,"Actual Loops":1,"Output":["supplier.su_nationkey","order_line.ol_amount","order_line.ol_w_id","order_line.ol_d_id","order_line.ol_o_id","n1.n_name"],"Inner Unique":false,"Hash Cond":"((order_line.ol_supply_w_id = stock.s_w_id) AND (order_line.ol_i_id = stock.s_i_id))","Shared Hit Blocks":736639,"Shared Read Blocks":0,"Shared Dirtied Blocks":0,"Shared Written Blocks":0,"Local Hit Blocks":0,"Local Read Blocks":0,"Local Dirtied Blocks":0,"Local Written Blocks":0,"Temp Read Blocks":83003,"Temp Written Blocks":83003,"I/O Read Time":0.0,"I/O Write Time":0.0,"Temp I/O Read Time":125.044,"Temp I/O Write Time":345.77,"Plans":[{"Node Type":"Seq Scan","Parent Relationship":"Outer","Parallel Aware":false,"Async Capable":false,"Relation Name":"order_line","Schema":"public","Alias":"order_line","Startup Cost":0.0,"Total Cost":1581655.36,"Plan Rows":17536869,"Plan Width":22,"Actual Startup Time":6.545,"Actual Total Time":5725.467,"Actual Rows":17139931,"Actual Loops":1,"Output":["order_line.ol_amount","order_line.ol_supply_w_id","order_line.ol_i_id","order_line.ol_w_id","order_line.ol_d_id","order_line.ol_o_id"],"Filter":"((order_line.ol_delivery_d >= '1995-01-02 20:10:02.27764'::timestamp without time zone) AND (order_line.ol_delivery_d <= '1997-01-01 20:10:02.27764'::timestamp without time zone))","Rows Removed by Filter":42853830,"Shared Hit Blocks":681748,"Shared Read Blocks":0,"Shared Dirtied Blocks":0,"Shared Written Blocks":0,"Local Hit Blocks":0,"Local Read Blocks":0,"Local Dirtied Blocks":0,"Local Written Blocks":0,"Temp Read Blocks":0,"Temp Written Blocks":0,"I/O Read Time":0.0,"I/O Write Time":0.0,"Temp I/O Read Time":0.0,"Temp I/O Write Time":0.0},{"Node Type":"Hash","Parent Relationship":"Inner","Parallel Aware":false,"Async Capable":false,"Startup Cost":633424.24,"Total Cost":633424.24,"Plan Rows":645168,"Plan Width":18,"Actual Startup Time":6628.848,"Actual Total Time":6628.856,"Actual Rows":566400,"Actual Loops":1,"Output":["supplier.su_nationkey","stock.s_w_id","stock.s_i_id","n1.n_name"],"Hash Buckets":131072,"Original Hash Buckets":131072,"Hash Batches":8,"Original Hash Batches":8,"Peak Memory Usage":4646,"Shared Hit Blocks":54891,"Shared Read Blocks":0,"Shared Dirtied Blocks":0,"Shared Written Blocks":0,"Local Hit Blocks":0,"Local Read Blocks":0,"Local Dirtied Blocks":0,"Local Written Blocks":0,"Temp Read Blocks":0,"Temp Written Blocks":2445,"I/O Read Time":0.0,"I/O Write Time":0.0,"Temp I/O Read Time":0.0,"Temp I/O Write Time":12.897,"Plans":[{"Node Type":"Hash Join","Parent Relationship":"Outer","Parallel Aware":false,"Async Capable":false,"Join Type":"Inner","Startup Cost":444.39,"Total Cost":633424.24,"Plan Rows":645168,"Plan Width":18,"Actual Startup Time":2.689,"Actual Total Time":6521.389,"Actual Rows":566400,"Actual Loops":1,"Output":["supplier.su_nationkey","stock.s_w_id","stock.s_i_id","n1.n_name"],"Inner Unique":true,"Hash Cond":"(supplier.su_nationkey = n1.n_nationkey)","Shared Hit Blocks":54891,"Shared Read Blocks":0,"Shared Dirtied Blocks":0,"Shared Written Blocks":0,"Local Hit Blocks":0,"Local Read Blocks":0,"Local Dirtied Blocks":0,"Local Written Blocks":0,"Temp Read Blocks":0,"Temp Written Blocks":0,"I/O Read Time":0.0,"I/O Write Time":0.0,"Temp I/O Read Time":0.0,"Temp I/O Write Time":0.0,"Plans":[{"Node Type":"Hash Join","Parent Relationship":"Outer","Parallel Aware":false,"Async Capable":false,"Join Type":"Inner","Startup Cost":442.44,"Total Cost":577332.98,"Plan Rows":20000212,"Plan Width":10,"Actual Startup Time":2.648,"Actual Total Time":5213.89,"Actual Rows":20000000,"Actual Loops":1,"Output":["supplier.su_nationkey","stock.s_w_id","stock.s_i_id"],"Inner Unique":true,"Hash Cond":"(mod((stock.s_w_id * stock.s_i_id), 10000) = supplier.su_suppkey)","Shared Hit Blocks":54890,"Shared Read Blocks":0,"Shared Dirtied Blocks":0,"Shared Written Blocks":0,"Local Hit Blocks":0,"Local Read Blocks":0,"Local Dirtied Blocks":0,"Local Written Blocks":0,"Temp Read Blocks":0,"Temp Written Blocks":0,"I/O Read Time":0.0,"I/O Write Time":0.0,"Temp I/O Read Time":0.0,"Temp I/O Write Time":0.0,"Plans":[{"Node Type":"Index Only Scan","Parent Relationship":"Outer","Parallel Aware":false,"Async Capable":false,"Scan Direction":"Forward","Index Name":"stock_pk","Relation Name":"stock","Schema":"public","Alias":"stock","Startup Cost":0.44,"Total Cost":519363.62,"Plan Rows":20000212,"Plan Width":6,"Actual Startup Time":0.029,"Actual Total Time":1529.67,"Actual Rows":20000000,"Actual Loops":1,"Output":["stock.s_w_id","stock.s_i_id"],"Heap Fetches":0,"Shared Hit Blocks":54673,"Shared Read Blocks":0,"Shared Dirtied Blocks":0,"Shared Written Blocks":0,"Local Hit Blocks":0,"Local Read Blocks":0,"Local Dirtied Blocks":0,"Local Written Blocks":0,"Temp Read Blocks":0,"Temp Written Blocks":0,"I/O Read Time":0.0,"I/O Write Time":0.0,"Temp I/O Read Time":0.0,"Temp I/O Write Time":0.0},{"Node Type":"Hash","Parent Relationship":"Inner","Parallel Aware":false,"Async Capable":false,"Startup Cost":317.0,"Total Cost":317.0,"Plan Rows":10000,"Plan Width":8,"Actual Startup Time":2.56,"Actual Total Time":2.561,"Actual Rows":10000,"Actual Loops":1,"Output":["supplier.su_nationkey","supplier.su_suppkey"],"Hash Buckets":16384,"Original Hash Buckets":16384,"Hash Batches":1,"Original Hash Batches":1,"Peak Memory Usage":519,"Shared Hit Blocks":217,"Shared Read Blocks":0,"Shared Dirtied Blocks":0,"Shared Written Blocks":0,"Local Hit Blocks":0,"Local Read Blocks":0,"Local Dirtied Blocks":0,"Local Written Blocks":0,"Temp Read Blocks":0,"Temp Written Blocks":0,"I/O Read Time":0.0,"I/O Write Time":0.0,"Temp I/O Read Time":0.0,"Temp I/O Write Time":0.0,"Plans":[{"Node Type":"Seq Scan","Parent Relationship":"Outer","Parallel Aware":false,"Async Capable":false,"Relation Name":"supplier","Schema":"public","Alias":"supplier","Startup Cost":0.0,"Total Cost":317.0,"Plan Rows":10000,"Plan Width":8,"Actual Startup Time":0.014,"Actual Total Time":1.326,"Actual Rows":10000,"Actual Loops":1,"Output":["supplier.su_nationkey","supplier.su_suppkey"],"Shared Hit Blocks":217,"Shared Read Blocks":0,"Shared Dirtied Blocks":0,"Shared Written Blocks":0,"Local Hit Blocks":0,"Local Read Blocks":0,"Local Dirtied Blocks":0,"Local Written Blocks":0,"Temp Read Blocks":0,"Temp Written Blocks":0,"I/O Read Time":0.0,"I/O Write Time":0.0,"Temp I/O Read Time":0.0,"Temp I/O Write Time":0.0}]}]},{"Node Type":"Hash","Parent Relationship":"Inner","Parallel Aware":false,"Async Capable":false,"Startup Cost":1.93,"Total Cost":1.93,"Plan Rows":2,"Plan Width":12,"Actual Startup Time":0.027,"Actual Total Time":0.029,"Actual Rows":2,"Actual Loops":1,"Output":["n1.n_nationkey","n1.n_name"],"Hash Buckets":1024,"Original Hash Buckets":1024,"Hash Batches":1,"Original Hash Batches":1,"Peak Memory Usage":9,"Shared Hit Blocks":1,"Shared Read Blocks":0,"Shared Dirtied Blocks":0,"Shared Written Blocks":0,"Local Hit Blocks":0,"Local Read Blocks":0,"Local Dirtied Blocks":0,"Local Written Blocks":0,"Temp Read Blocks":0,"Temp Written Blocks":0,"I/O Read Time":0.0,"I/O Write Time":0.0,"Temp I/O Read Time":0.0,"Temp I/O Write Time":0.0,"Plans":[{"Node Type":"Seq Scan","Parent Relationship":"Outer","Parallel Aware":false,"Async Capable":false,"Relation Name":"nation","Schema":"public","Alias":"n1","Startup Cost":0.0,"Total Cost":1.93,"Plan Rows":2,"Plan Width":12,"Actual Startup Time":0.017,"Actual Total Time":0.021,"Actual Rows":2,"Actual Loops":1,"Output":["n1.n_nationkey","n1.n_name"],"Filter":"(((n1.n_name)::text = 'Germany'::text) OR ((n1.n_name)::text = 'Cambodia'::text))","Rows Removed by Filter":60,"Shared Hit Blocks":1,"Shared Read Blocks":0,"Shared Dirtied Blocks":0,"Shared Written Blocks":0,"Local Hit Blocks":0,"Local Read Blocks":0,"Local Dirtied Blocks":0,"Local Written Blocks":0,"Temp Read Blocks":0,"Temp Written Blocks":0,"I/O Read Time":0.0,"I/O Write Time":0.0,"Temp I/O Read Time":0.0,"Temp I/O Write Time":0.0}]}]}]}]},{"Node Type":"Hash","Parent Relationship":"Inner","Parallel Aware":false,"Async Capable":false,"Startup Cost":119121.6,"Total Cost":119121.6,"Plan Rows":5996324,"Plan Width":24,"Actual Startup Time":1811.195,"Actual Total Time":1811.196,"Actual Rows":5995789,"Actual Loops":1,"Output":["orders.o_entry_d","orders.o_w_id","orders.o_d_id","orders.o_id","orders.o_c_id"],"Hash Buckets":131072,"Original Hash Buckets":131072,"Hash Batches":64,"Original Hash Batches":64,"Peak Memory Usage":6496,"Shared Hit Blocks":44122,"Shared Read Blocks":0,"Shared Dirtied Blocks":0,"Shared Written Blocks":0,"Local Hit Blocks":0,"Local Read Blocks":0,"Local Dirtied Blocks":0,"Local Written Blocks":0,"Temp Read Blocks":0,"Temp Written Blocks":34552,"I/O Read Time":0.0,"I/O Write Time":0.0,"Temp I/O Read Time":0.0,"Temp I/O Write Time":159.119,"Plans":[{"Node Type":"Seq Scan","Parent Relationship":"Outer","Parallel Aware":false,"Async Capable":false,"Relation Name":"orders","Schema":"public","Alias":"orders","Startup Cost":0.0,"Total Cost":119121.6,"Plan Rows":5996324,"Plan Width":24,"Actual Startup Time":0.015,"Actual Total Time":731.363,"Actual Rows":5995789,"Actual Loops":1,"Output":["orders.o_entry_d","orders.o_w_id","orders.o_d_id","orders.o_id","orders.o_c_id"],"Filter":"(orders.o_entry_d >= '1992-01-02 20:10:02.27764'::timestamp without time zone)","Rows Removed by Filter":4211,"Shared Hit Blocks":44122,"Shared Read Blocks":0,"Shared Dirtied Blocks":0,"Shared Written Blocks":0,"Local Hit Blocks":0,"Local Read Blocks":0,"Local Dirtied Blocks":0,"Local Written Blocks":0,"Temp Read Blocks":0,"Temp Written Blocks":0,"I/O Read Time":0.0,"I/O Write Time":0.0,"Temp I/O Read Time":0.0,"Temp I/O Write Time":0.0}]}]}]},{"Node Type":"Materialize","Parent Relationship":"Inner","Parallel Aware":false,"Async Capable":false,"Startup Cost":547593.19,"Total Cost":548560.96,"Plan Rows":193553,"Plan Width":20,"Actual Startup Time":259.495,"Actual Total Time":331.263,"Actual Rows":293066,"Actual Loops":1,"Output":["customer.c_nationkey","customer.c_id","customer.c_w_id","customer.c_d_id","n2.n_name"],"Shared Hit Blocks":1,"Shared Read Blocks":0,"Shared Dirtied Blocks":0,"Shared Written Blocks":0,"Local Hit Blocks":0,"Local Read Blocks":0,"Local Dirtied Blocks":0,"Local Written Blocks":0,"Temp Read Blocks":1090,"Temp Written Blocks":1096,"I/O Read Time":0.0,"I/O Write Time":0.0,"Temp I/O Read Time":1.466,"Temp I/O Write Time":4.355,"Plans":[{"Node Type":"Sort","Parent Relationship":"Outer","Parallel Aware":false,"Async Capable":false,"Startup Cost":547593.19,"Total Cost":548077.07,"Plan Rows":193553,"Plan Width":20,"Actual Startup Time":259.488,"Actual Total Time":299.788,"Actual Rows":289967,"Actual Loops":1,"Output":["customer.c_nationkey","customer.c_id","customer.c_w_id","customer.c_d_id","n2.n_name"],"Sort Key":["customer.c_id","customer.c_w_id","customer.c_d_id"],"Sort Method":"external merge","Sort Space Used":8720,"Sort Space Type":"Disk","Shared Hit Blocks":1,"Shared Read Blocks":0,"Shared Dirtied Blocks":0,"Shared Written Blocks":0,"Local Hit Blocks":0,"Local Read Blocks":0,"Local Dirtied Blocks":0,"Local Written Blocks":0,"Temp Read Blocks":1090,"Temp Written Blocks":1096,"I/O Read Time":0.0,"I/O Write Time":0.0,"Temp I/O Read Time":1.466,"Temp I/O Write Time":4.355,"Plans":[{"Node Type":"Hash Join","Parent Relationship":"Outer","Parallel Aware":false,"Async Capable":false,"Join Type":"Inner","Startup Cost":21.95,"Total Cost":526624.45,"Plan Rows":193553,"Plan Width":20,"Actual Startup Time":0.433,"Actual Total Time":159.694,"Actual Rows":289972,"Actual Loops":1,"Output":["customer.c_nationkey","customer.c_id","customer.c_w_id","customer.c_d_id","n2.n_name"],"Inner Unique":true,"Hash Cond":"(customer.c_nationkey = n2.n_nationkey)","Shared Hit Blocks":1,"Shared Read Blocks":0,"Shared Dirtied Blocks":0,"Shared Written Blocks":0,"Local Hit Blocks":0,"Local Read Blocks":0,"Local Dirtied Blocks":0,"Local Written Blocks":0,"Temp Read Blocks":0,"Temp Written Blocks":0,"I/O Read Time":0.0,"I/O Write Time":0.0,"Temp I/O Read Time":0.0,"Temp I/O Write Time":0.0,"Plans":[{"Node Type":"Append","Parent Relationship":"Outer","Parallel Aware":false,"Async Capable":false,"Startup Cost":20.0,"Total Cost":509795.49,"Plan Rows":6000140,"Plan Width":12,"Actual Startup Time":0.274,"Actual Total Time":105.819,"Actual Rows":289972,"Actual Loops":1,"Shared Hit Blocks":0,"Shared Read Blocks":0,"Shared Dirtied Blocks":0,"Shared Written Blocks":0,"Local Hit Blocks":0,"Local Read Blocks":0,"Local Dirtied Blocks":0,"Local Written Blocks":0,"Temp Read Blocks":0,"Temp Written Blocks":0,"I/O Read Time":0.0,"I/O Write Time":0.0,"Temp I/O Read Time":0.0,"Temp I/O Write Time":0.0,"Subplans Removed":0,"Plans":[{"Node Type":"Custom Scan","Parent Relationship":"Member","Custom Plan Provider":"columnar scan","Parallel Aware":false,"Async Capable":false,"Relation Name":"customer","Schema":"public","Alias":"customer","Startup Cost":20.0,"Total Cost":141020.06,"Plan Rows":6000000,"Plan Width":12,"Actual Startup Time":0.273,"Actual Total Time":85.453,"Actual Rows":289972,"Actual Loops":1,"Output":["customer.c_nationkey","customer.c_id","customer.c_w_id","customer.c_d_id"],"Rows Removed by Columnar Filter":5710028,"Rows Filtered by Bloom Filter":0,"Dictionary Rows Filtered by Bloom Filter":5710028,"Columnar cache search mode":"native","Shared Hit Blocks":0,"Shared Read Blocks":0,"Shared Dirtied Blocks":0,"Shared Written Blocks":0,"Local Hit Blocks":0,"Local Read Blocks":0,"Local Dirtied Blocks":0,"Local Written Blocks":0,"Temp Read Blocks":0,"Temp Written Blocks":0,"I/O Read Time":0.0,"I/O Write Time":0.0,"Temp I/O Read Time":0.0,"Temp I/O Write Time":0.0},{"Node Type":"Seq Scan","Parent Relationship":"Member","Parallel Aware":false,"Async Capable":false,"Relation Name":"customer","Schema":"public","Alias":"customer","Startup Cost":0.0,"Total Cost":5.4,"Plan Rows":140,"Plan Width":12,"Actual Startup Time":0.0,"Actual Total Time":0.0,"Actual Rows":0,"Actual Loops":0,"Output":["customer.c_nationkey","customer.c_id","customer.c_w_id","customer.c_d_id"],"Shared Hit Blocks":0,"Shared Read Blocks":0,"Shared Dirtied Blocks":0,"Shared Written Blocks":0,"Local Hit Blocks":0,"Local Read Blocks":0,"Local Dirtied Blocks":0,"Local Written Blocks":0,"Temp Read Blocks":0,"Temp Written Blocks":0,"I/O Read Time":0.0,"I/O Write Time":0.0,"Temp I/O Read Time":0.0,"Temp I/O Write Time":0.0}]},{"Node Type":"Hash","Parent Relationship":"Inner","Parallel Aware":false,"Async Capable":false,"Startup Cost":1.93,"Total Cost":1.93,"Plan Rows":2,"Plan Width":12,"Actual Startup Time":0.044,"Actual Total Time":0.044,"Actual Rows":2,"Actual Loops":1,"Output":["n2.n_nationkey","n2.n_name"],"Hash Buckets":1024,"Original Hash Buckets":1024,"Hash Batches":1,"Original Hash Batches":1,"Peak Memory Usage":9,"Shared Hit Blocks":1,"Shared Read Blocks":0,"Shared Dirtied Blocks":0,"Shared Written Blocks":0,"Local Hit Blocks":0,"Local Read Blocks":0,"Local Dirtied Blocks":0,"Local Written Blocks":0,"Temp Read Blocks":0,"Temp Written Blocks":0,"I/O Read Time":0.0,"I/O Write Time":0.0,"Temp I/O Read Time":0.0,"Temp I/O Write Time":0.0,"Plans":[{"Node Type":"Seq Scan","Parent Relationship":"Outer","Parallel Aware":false,"Async Capable":false,"Relation Name":"nation","Schema":"public","Alias":"n2","Startup Cost":0.0,"Total Cost":1.93,"Plan Rows":2,"Plan Width":12,"Actual Startup Time":0.032,"Actual Total Time":0.037,"Actual Rows":2,"Actual Loops":1,"Output":["n2.n_nationkey","n2.n_name"],"Filter":"(((n2.n_name)::text = 'Cambodia'::text) OR ((n2.n_name)::text = 'Germany'::text))","Rows Removed by Filter":60,"Shared Hit Blocks":1,"Shared Read Blocks":0,"Shared Dirtied Blocks":0,"Shared Written Blocks":0,"Local Hit Blocks":0,"Local Read Blocks":0,"Local Dirtied Blocks":0,"Local Written Blocks":0,"Temp Read Blocks":0,"Temp Written Blocks":0,"I/O Read Time":0.0,"I/O Write Time":0.0,"Temp I/O Read Time":0.0,"Temp I/O Write Time":0.0}]}]}]}]}]}]}]},"Planning":{"Shared Hit Blocks":152,"Shared Read Blocks":0,"Shared Dirtied Blocks":0,"Shared Written Blocks":0,"Local Hit Blocks":0,"Local Read Blocks":0,"Local Dirtied Blocks":0,"Local Written Blocks":0,"Temp Read Blocks":0,"Temp Written Blocks":0,"I/O Read Time":0.0,"I/O Write Time":0.0,"Temp I/O Read Time":0.0,"Temp I/O Write Time":0.0},"Planning Time":3.241,"Triggers":[],"Execution Time":20902.886}]
[列存组合]: customer, stock
[{"Plan":{"Node Type":"Aggregate","Strategy":"Sorted","Partial Mode":"Simple","Parallel Aware":false,"Async Capable":false,"Startup Cost":3770766.46,"Total Cost":3771021.28,"Plan Rows":9266,"Plan Width":72,"Actual Startup Time":20889.305,"Actual Total Time":20891.848,"Actual Rows":6,"Actual Loops":1,"Output":["supplier.su_nationkey","customer.c_nationkey","(EXTRACT(year FROM orders.o_entry_d))","sum(order_line.ol_amount)"],"Group Key":["supplier.su_nationkey","customer.c_nationkey","(EXTRACT(year FROM orders.o_entry_d))"],"Shared Hit Blocks":780762,"Shared Read Blocks":0,"Shared Dirtied Blocks":0,"Shared Written Blocks":0,"Local Hit Blocks":0,"Local Read Blocks":0,"Local Dirtied Blocks":0,"Local Written Blocks":0,"Temp Read Blocks":124799,"Temp Written Blocks":124817,"I/O Read Time":0.0,"I/O Write Time":0.0,"Temp I/O Read Time":193.387,"Temp I/O Write Time":545.859,"Plans":[{"Node Type":"Sort","Parent Relationship":"Outer","Parallel Aware":false,"Async Capable":false,"Startup Cost":3770766.46,"Total Cost":3770789.63,"Plan Rows":9266,"Plan Width":44,"Actual Startup Time":20889.197,"Actual Total Time":20889.712,"Actual Rows":12121,"Actual Loops":1,"Output":["supplier.su_nationkey","customer.c_nationkey","(EXTRACT(year FROM orders.o_entry_d))","order_line.ol_amount"],"Sort Key":["supplier.su_nationkey","customer.c_nationkey","(EXTRACT(year FROM orders.o_entry_d))"],"Sort Method":"quicksort","Sort Space Used":1047,"Sort Space Type":"Memory","Shared Hit Blocks":780762,"Shared Read Blocks":0,"Shared Dirtied Blocks":0,"Shared Written Blocks":0,"Local Hit Blocks":0,"Local Read Blocks":0,"Local Dirtied Blocks":0,"Local Written Blocks":0,"Temp Read Blocks":124799,"Temp Written Blocks":124817,"I/O Read Time":0.0,"I/O Write Time":0.0,"Temp I/O Read Time":193.387,"Temp I/O Write Time":545.859,"Plans":[{"Node Type":"Merge Join","Parent Relationship":"Outer","Parallel Aware":false,"Async Capable":false,"Join Type":"Inner","Startup Cost":3761696.11,"Total Cost":3770155.94,"Plan Rows":9266,"Plan Width":44,"Actual Startup Time":20546.389,"Actual Total Time":20886.266,"Actual Rows":12121,"Actual Loops":1,"Output":["supplier.su_nationkey","customer.c_nationkey","EXTRACT(year FROM orders.o_entry_d)","order_line.ol_amount"],"Inner Unique":false,"Merge Cond":"((orders.o_c_id = customer.c_id) AND (order_line.ol_w_id = customer.c_w_id) AND (order_line.ol_d_id = customer.c_d_id))","Join Filter":"((((n1.n_name)::text = 'Germany'::text) AND ((n2.n_name)::text = 'Cambodia'::text)) OR (((n1.n_name)::text = 'Cambodia'::text) AND ((n2.n_name)::text = 'Germany'::text)))","Rows Removed by Join Filter":11453,"Shared Hit Blocks":780762,"Shared Read Blocks":0,"Shared Dirtied Blocks":0,"Shared Written Blocks":0,"Local Hit Blocks":0,"Local Read Blocks":0,"Local Dirtied Blocks":0,"Local Written Blocks":0,"Temp Read Blocks":124799,"Temp Written Blocks":124817,"I/O Read Time":0.0,"I/O Write Time":0.0,"Temp I/O Read Time":193.387,"Temp I/O Write Time":545.859,"Plans":[{"Node Type":"Sort","Parent Relationship":"Outer","Parallel Aware":false,"Async Capable":false,"Startup Cost":3214102.73,"Total Cost":3215516.13,"Plan Rows":565362,"Plan Width":36,"Actual Startup Time":20286.19,"Actual Total Time":20458.029,"Actual Rows":485009,"Actual Loops":1,"Output":["supplier.su_nationkey","order_line.ol_amount","order_line.ol_w_id","order_line.ol_d_id","orders.o_entry_d","orders.o_w_id","orders.o_d_id","orders.o_c_id","n1.n_name"],"Sort Key":["orders.o_c_id","order_line.ol_w_id","order_line.ol_d_id"],"Sort Method":"external merge","Sort Space Used":24000,"Sort Space Type":"Disk","Shared Hit Blocks":780761,"Shared Read Blocks":0,"Shared Dirtied Blocks":0,"Shared Written Blocks":0,"Local Hit Blocks":0,"Local Read Blocks":0,"Local Dirtied Blocks":0,"Local Written Blocks":0,"Temp Read Blocks":123709,"Temp Written Blocks":123721,"I/O Read Time":0.0,"I/O Write Time":0.0,"Temp I/O Read Time":191.96,"Temp I/O Write Time":541.632,"Plans":[{"Node Type":"Hash Join","Parent Relationship":"Outer","Parallel Aware":false,"Async Capable":false,"Join Type":"Inner","Startup Cost":906075.03,"Total Cost":3144626.23,"Plan Rows":565362,"Plan Width":36,"Actual Startup Time":8461.846,"Actual Total Time":20036.531,"Actual Rows":485009,"Actual Loops":1,"Output":["supplier.su_nationkey","order_line.ol_amount","order_line.ol_w_id","order_line.ol_d_id","orders.o_entry_d","orders.o_w_id","orders.o_d_id","orders.o_c_id","n1.n_name"],"Inner Unique":true,"Hash Cond":"((order_line.ol_w_id = orders.o_w_id) AND (order_line.ol_d_id = orders.o_d_id) AND (order_line.ol_o_id = orders.o_id))","Shared Hit Blocks":780761,"Shared Read Blocks":0,"Shared Dirtied Blocks":0,"Shared Written Blocks":0,"Local Hit Blocks":0,"Local Read Blocks":0,"Local Dirtied Blocks":0,"Local Written Blocks":0,"Temp Read Blocks":120709,"Temp Written Blocks":120709,"I/O Read Time":0.0,"I/O Write Time":0.0,"Temp I/O Read Time":187.724,"Temp I/O Write Time":530.463,"Plans":[{"Node Type":"Hash Join","Parent Relationship":"Outer","Parallel Aware":false,"Async Capable":false,"Join Type":"Inner","Startup Cost":646882.76,"Total Cost":2838108.04,"Plan Rows":565705,"Plan Width":28,"Actual Startup Time":6637.618,"Actual Total Time":17526.118,"Actual Rows":485009,"Actual Loops":1,"Output":["supplier.su_nationkey","order_line.ol_amount","order_line.ol_w_id","order_line.ol_d_id","order_line.ol_o_id","n1.n_name"],"Inner Unique":false,"Hash Cond":"((order_line.ol_supply_w_id = stock.s_w_id) AND (order_line.ol_i_id = stock.s_i_id))","Shared Hit Blocks":736639,"Shared Read Blocks":0,"Shared Dirtied Blocks":0,"Shared Written Blocks":0,"Local Hit Blocks":0,"Local Read Blocks":0,"Local Dirtied Blocks":0,"Local Written Blocks":0,"Temp Read Blocks":83003,"Temp Written Blocks":83003,"I/O Read Time":0.0,"I/O Write Time":0.0,"Temp I/O Read Time":128.273,"Temp I/O Write Time":351.226,"Plans":[{"Node Type":"Seq Scan","Parent Relationship":"Outer","Parallel Aware":false,"Async Capable":false,"Relation Name":"order_line","Schema":"public","Alias":"order_line","Startup Cost":0.0,"Total Cost":1581655.36,"Plan Rows":17536869,"Plan Width":22,"Actual Startup Time":6.537,"Actual Total Time":5716.629,"Actual Rows":17139931,"Actual Loops":1,"Output":["order_line.ol_amount","order_line.ol_supply_w_id","order_line.ol_i_id","order_line.ol_w_id","order_line.ol_d_id","order_line.ol_o_id"],"Filter":"((order_line.ol_delivery_d >= '1995-01-02 20:10:02.27764'::timestamp without time zone) AND (order_line.ol_delivery_d <= '1997-01-01 20:10:02.27764'::timestamp without time zone))","Rows Removed by Filter":42853830,"Shared Hit Blocks":681748,"Shared Read Blocks":0,"Shared Dirtied Blocks":0,"Shared Written Blocks":0,"Local Hit Blocks":0,"Local Read Blocks":0,"Local Dirtied Blocks":0,"Local Written Blocks":0,"Temp Read Blocks":0,"Temp Written Blocks":0,"I/O Read Time":0.0,"I/O Write Time":0.0,"Temp I/O Read Time":0.0,"Temp I/O Write Time":0.0},{"Node Type":"Hash","Parent Relationship":"Inner","Parallel Aware":false,"Async Capable":false,"Startup Cost":633424.24,"Total Cost":633424.24,"Plan Rows":645168,"Plan Width":18,"Actual Startup Time":6630.507,"Actual Total Time":6630.515,"Actual Rows":566400,"Actual Loops":1,"Output":["supplier.su_nationkey","stock.s_w_id","stock.s_i_id","n1.n_name"],"Hash Buckets":131072,"Original Hash Buckets":131072,"Hash Batches":8,"Original Hash Batches":8,"Peak Memory Usage":4646,"Shared Hit Blocks":54891,"Shared Read Blocks":0,"Shared Dirtied Blocks":0,"Shared Written Blocks":0,"Local Hit Blocks":0,"Local Read Blocks":0,"Local Dirtied Blocks":0,"Local Written Blocks":0,"Temp Read Blocks":0,"Temp Written Blocks":2445,"I/O Read Time":0.0,"I/O Write Time":0.0,"Temp I/O Read Time":0.0,"Temp I/O Write Time":12.951,"Plans":[{"Node Type":"Hash Join","Parent Relationship":"Outer","Parallel Aware":false,"Async Capable":false,"Join Type":"Inner","Startup Cost":444.39,"Total Cost":633424.24,"Plan Rows":645168,"Plan Width":18,"Actual Startup Time":2.636,"Actual Total Time":6523.488,"Actual Rows":566400,"Actual Loops":1,"Output":["supplier.su_nationkey","stock.s_w_id","stock.s_i_id","n1.n_name"],"Inner Unique":true,"Hash Cond":"(supplier.su_nationkey = n1.n_nationkey)","Shared Hit Blocks":54891,"Shared Read Blocks":0,"Shared Dirtied Blocks":0,"Shared Written Blocks":0,"Local Hit Blocks":0,"Local Read Blocks":0,"Local Dirtied Blocks":0,"Local Written Blocks":0,"Temp Read Blocks":0,"Temp Written Blocks":0,"I/O Read Time":0.0,"I/O Write Time":0.0,"Temp I/O Read Time":0.0,"Temp I/O Write Time":0.0,"Plans":[{"Node Type":"Hash Join","Parent Relationship":"Outer","Parallel Aware":false,"Async Capable":false,"Join Type":"Inner","Startup Cost":442.44,"Total Cost":577332.98,"Plan Rows":20000212,"Plan Width":10,"Actual Startup Time":2.598,"Actual Total Time":5208.989,"Actual Rows":20000000,"Actual Loops":1,"Output":["supplier.su_nationkey","stock.s_w_id","stock.s_i_id"],"Inner Unique":true,"Hash Cond":"(mod((stock.s_w_id * stock.s_i_id), 10000) = supplier.su_suppkey)","Shared Hit Blocks":54890,"Shared Read Blocks":0,"Shared Dirtied Blocks":0,"Shared Written Blocks":0,"Local Hit Blocks":0,"Local Read Blocks":0,"Local Dirtied Blocks":0,"Local Written Blocks":0,"Temp Read Blocks":0,"Temp Written Blocks":0,"I/O Read Time":0.0,"I/O Write Time":0.0,"Temp I/O Read Time":0.0,"Temp I/O Write Time":0.0,"Plans":[{"Node Type":"Index Only Scan","Parent Relationship":"Outer","Parallel Aware":false,"Async Capable":false,"Scan Direction":"Forward","Index Name":"stock_pk","Relation Name":"stock","Schema":"public","Alias":"stock","Startup Cost":0.44,"Total Cost":519363.62,"Plan Rows":20000212,"Plan Width":6,"Actual Startup Time":0.028,"Actual Total Time":1521.093,"Actual Rows":20000000,"Actual Loops":1,"Output":["stock.s_w_id","stock.s_i_id"],"Heap Fetches":0,"Shared Hit Blocks":54673,"Shared Read Blocks":0,"Shared Dirtied Blocks":0,"Shared Written Blocks":0,"Local Hit Blocks":0,"Local Read Blocks":0,"Local Dirtied Blocks":0,"Local Written Blocks":0,"Temp Read Blocks":0,"Temp Written Blocks":0,"I/O Read Time":0.0,"I/O Write Time":0.0,"Temp I/O Read Time":0.0,"Temp I/O Write Time":0.0},{"Node Type":"Hash","Parent Relationship":"Inner","Parallel Aware":false,"Async Capable":false,"Startup Cost":317.0,"Total Cost":317.0,"Plan Rows":10000,"Plan Width":8,"Actual Startup Time":2.514,"Actual Total Time":2.516,"Actual Rows":10000,"Actual Loops":1,"Output":["supplier.su_nationkey","supplier.su_suppkey"],"Hash Buckets":16384,"Original Hash Buckets":16384,"Hash Batches":1,"Original Hash Batches":1,"Peak Memory Usage":519,"Shared Hit Blocks":217,"Shared Read Blocks":0,"Shared Dirtied Blocks":0,"Shared Written Blocks":0,"Local Hit Blocks":0,"Local Read Blocks":0,"Local Dirtied Blocks":0,"Local Written Blocks":0,"Temp Read Blocks":0,"Temp Written Blocks":0,"I/O Read Time":0.0,"I/O Write Time":0.0,"Temp I/O Read Time":0.0,"Temp I/O Write Time":0.0,"Plans":[{"Node Type":"Seq Scan","Parent Relationship":"Outer","Parallel Aware":false,"Async Capable":false,"Relation Name":"supplier","Schema":"public","Alias":"supplier","Startup Cost":0.0,"Total Cost":317.0,"Plan Rows":10000,"Plan Width":8,"Actual Startup Time":0.014,"Actual Total Time":1.292,"Actual Rows":10000,"Actual Loops":1,"Output":["supplier.su_nationkey","supplier.su_suppkey"],"Shared Hit Blocks":217,"Shared Read Blocks":0,"Shared Dirtied Blocks":0,"Shared Written Blocks":0,"Local Hit Blocks":0,"Local Read Blocks":0,"Local Dirtied Blocks":0,"Local Written Blocks":0,"Temp Read Blocks":0,"Temp Written Blocks":0,"I/O Read Time":0.0,"I/O Write Time":0.0,"Temp I/O Read Time":0.0,"Temp I/O Write Time":0.0}]}]},{"Node Type":"Hash","Parent Relationship":"Inner","Parallel Aware":false,"Async Capable":false,"Startup Cost":1.93,"Total Cost":1.93,"Plan Rows":2,"Plan Width":12,"Actual Startup Time":0.024,"Actual Total Time":0.026,"Actual Rows":2,"Actual Loops":1,"Output":["n1.n_nationkey","n1.n_name"],"Hash Buckets":1024,"Original Hash Buckets":1024,"Hash Batches":1,"Original Hash Batches":1,"Peak Memory Usage":9,"Shared Hit Blocks":1,"Shared Read Blocks":0,"Shared Dirtied Blocks":0,"Shared Written Blocks":0,"Local Hit Blocks":0,"Local Read Blocks":0,"Local Dirtied Blocks":0,"Local Written Blocks":0,"Temp Read Blocks":0,"Temp Written Blocks":0,"I/O Read Time":0.0,"I/O Write Time":0.0,"Temp I/O Read Time":0.0,"Temp I/O Write Time":0.0,"Plans":[{"Node Type":"Seq Scan","Parent Relationship":"Outer","Parallel Aware":false,"Async Capable":false,"Relation Name":"nation","Schema":"public","Alias":"n1","Startup Cost":0.0,"Total Cost":1.93,"Plan Rows":2,"Plan Width":12,"Actual Startup Time":0.016,"Actual Total Time":0.021,"Actual Rows":2,"Actual Loops":1,"Output":["n1.n_nationkey","n1.n_name"],"Filter":"(((n1.n_name)::text = 'Germany'::text) OR ((n1.n_name)::text = 'Cambodia'::text))","Rows Removed by Filter":60,"Shared Hit Blocks":1,"Shared Read Blocks":0,"Shared Dirtied Blocks":0,"Shared Written Blocks":0,"Local Hit Blocks":0,"Local Read Blocks":0,"Local Dirtied Blocks":0,"Local Written Blocks":0,"Temp Read Blocks":0,"Temp Written Blocks":0,"I/O Read Time":0.0,"I/O Write Time":0.0,"Temp I/O Read Time":0.0,"Temp I/O Write Time":0.0}]}]}]}]},{"Node Type":"Hash","Parent Relationship":"Inner","Parallel Aware":false,"Async Capable":false,"Startup Cost":119121.6,"Total Cost":119121.6,"Plan Rows":5996324,"Plan Width":24,"Actual Startup Time":1813.26,"Actual Total Time":1813.26,"Actual Rows":5995789,"Actual Loops":1,"Output":["orders.o_entry_d","orders.o_w_id","orders.o_d_id","orders.o_id","orders.o_c_id"],"Hash Buckets":131072,"Original Hash Buckets":131072,"Hash Batches":64,"Original Hash Batches":64,"Peak Memory Usage":6496,"Shared Hit Blocks":44122,"Shared Read Blocks":0,"Shared Dirtied Blocks":0,"Shared Written Blocks":0,"Local Hit Blocks":0,"Local Read Blocks":0,"Local Dirtied Blocks":0,"Local Written Blocks":0,"Temp Read Blocks":0,"Temp Written Blocks":34552,"I/O Read Time":0.0,"I/O Write Time":0.0,"Temp I/O Read Time":0.0,"Temp I/O Write Time":160.68,"Plans":[{"Node Type":"Seq Scan","Parent Relationship":"Outer","Parallel Aware":false,"Async Capable":false,"Relation Name":"orders","Schema":"public","Alias":"orders","Startup Cost":0.0,"Total Cost":119121.6,"Plan Rows":5996324,"Plan Width":24,"Actual Startup Time":0.016,"Actual Total Time":732.55,"Actual Rows":5995789,"Actual Loops":1,"Output":["orders.o_entry_d","orders.o_w_id","orders.o_d_id","orders.o_id","orders.o_c_id"],"Filter":"(orders.o_entry_d >= '1992-01-02 20:10:02.27764'::timestamp without time zone)","Rows Removed by Filter":4211,"Shared Hit Blocks":44122,"Shared Read Blocks":0,"Shared Dirtied Blocks":0,"Shared Written Blocks":0,"Local Hit Blocks":0,"Local Read Blocks":0,"Local Dirtied Blocks":0,"Local Written Blocks":0,"Temp Read Blocks":0,"Temp Written Blocks":0,"I/O Read Time":0.0,"I/O Write Time":0.0,"Temp I/O Read Time":0.0,"Temp I/O Write Time":0.0}]}]}]},{"Node Type":"Materialize","Parent Relationship":"Inner","Parallel Aware":false,"Async Capable":false,"Startup Cost":547593.19,"Total Cost":548560.96,"Plan Rows":193553,"Plan Width":20,"Actual Startup Time":260.157,"Actual Total Time":332.218,"Actual Rows":293066,"Actual Loops":1,"Output":["customer.c_nationkey","customer.c_id","customer.c_w_id","customer.c_d_id","n2.n_name"],"Shared Hit Blocks":1,"Shared Read Blocks":0,"Shared Dirtied Blocks":0,"Shared Written Blocks":0,"Local Hit Blocks":0,"Local Read Blocks":0,"Local Dirtied Blocks":0,"Local Written Blocks":0,"Temp Read Blocks":1090,"Temp Written Blocks":1096,"I/O Read Time":0.0,"I/O Write Time":0.0,"Temp I/O Read Time":1.426,"Temp I/O Write Time":4.226,"Plans":[{"Node Type":"Sort","Parent Relationship":"Outer","Parallel Aware":false,"Async Capable":false,"Startup Cost":547593.19,"Total Cost":548077.07,"Plan Rows":193553,"Plan Width":20,"Actual Startup Time":260.15,"Actual Total Time":300.588,"Actual Rows":289967,"Actual Loops":1,"Output":["customer.c_nationkey","customer.c_id","customer.c_w_id","customer.c_d_id","n2.n_name"],"Sort Key":["customer.c_id","customer.c_w_id","customer.c_d_id"],"Sort Method":"external merge","Sort Space Used":8720,"Sort Space Type":"Disk","Shared Hit Blocks":1,"Shared Read Blocks":0,"Shared Dirtied Blocks":0,"Shared Written Blocks":0,"Local Hit Blocks":0,"Local Read Blocks":0,"Local Dirtied Blocks":0,"Local Written Blocks":0,"Temp Read Blocks":1090,"Temp Written Blocks":1096,"I/O Read Time":0.0,"I/O Write Time":0.0,"Temp I/O Read Time":1.426,"Temp I/O Write Time":4.226,"Plans":[{"Node Type":"Hash Join","Parent Relationship":"Outer","Parallel Aware":false,"Async Capable":false,"Join Type":"Inner","Startup Cost":21.95,"Total Cost":526624.45,"Plan Rows":193553,"Plan Width":20,"Actual Startup Time":0.696,"Actual Total Time":160.653,"Actual Rows":289972,"Actual Loops":1,"Output":["customer.c_nationkey","customer.c_id","customer.c_w_id","customer.c_d_id","n2.n_name"],"Inner Unique":true,"Hash Cond":"(customer.c_nationkey = n2.n_nationkey)","Shared Hit Blocks":1,"Shared Read Blocks":0,"Shared Dirtied Blocks":0,"Shared Written Blocks":0,"Local Hit Blocks":0,"Local Read Blocks":0,"Local Dirtied Blocks":0,"Local Written Blocks":0,"Temp Read Blocks":0,"Temp Written Blocks":0,"I/O Read Time":0.0,"I/O Write Time":0.0,"Temp I/O Read Time":0.0,"Temp I/O Write Time":0.0,"Plans":[{"Node Type":"Append","Parent Relationship":"Outer","Parallel Aware":false,"Async Capable":false,"Startup Cost":20.0,"Total Cost":509795.49,"Plan Rows":6000140,"Plan Width":12,"Actual Startup Time":0.265,"Actual Total Time":106.522,"Actual Rows":289972,"Actual Loops":1,"Shared Hit Blocks":0,"Shared Read Blocks":0,"Shared Dirtied Blocks":0,"Shared Written Blocks":0,"Local Hit Blocks":0,"Local Read Blocks":0,"Local Dirtied Blocks":0,"Local Written Blocks":0,"Temp Read Blocks":0,"Temp Written Blocks":0,"I/O Read Time":0.0,"I/O Write Time":0.0,"Temp I/O Read Time":0.0,"Temp I/O Write Time":0.0,"Subplans Removed":0,"Plans":[{"Node Type":"Custom Scan","Parent Relationship":"Member","Custom Plan Provider":"columnar scan","Parallel Aware":false,"Async Capable":false,"Relation Name":"customer","Schema":"public","Alias":"customer","Startup Cost":20.0,"Total Cost":141020.06,"Plan Rows":6000000,"Plan Width":12,"Actual Startup Time":0.264,"Actual Total Time":85.85,"Actual Rows":289972,"Actual Loops":1,"Output":["customer.c_nationkey","customer.c_id","customer.c_w_id","customer.c_d_id"],"Rows Removed by Columnar Filter":5710028,"Rows Filtered by Bloom Filter":0,"Dictionary Rows Filtered by Bloom Filter":5710028,"Columnar cache search mode":"native","Shared Hit Blocks":0,"Shared Read Blocks":0,"Shared Dirtied Blocks":0,"Shared Written Blocks":0,"Local Hit Blocks":0,"Local Read Blocks":0,"Local Dirtied Blocks":0,"Local Written Blocks":0,"Temp Read Blocks":0,"Temp Written Blocks":0,"I/O Read Time":0.0,"I/O Write Time":0.0,"Temp I/O Read Time":0.0,"Temp I/O Write Time":0.0},{"Node Type":"Seq Scan","Parent Relationship":"Member","Parallel Aware":false,"Async Capable":false,"Relation Name":"customer","Schema":"public","Alias":"customer","Startup Cost":0.0,"Total Cost":5.4,"Plan Rows":140,"Plan Width":12,"Actual Startup Time":0.0,"Actual Total Time":0.0,"Actual Rows":0,"Actual Loops":0,"Output":["customer.c_nationkey","customer.c_id","customer.c_w_id","customer.c_d_id"],"Shared Hit Blocks":0,"Shared Read Blocks":0,"Shared Dirtied Blocks":0,"Shared Written Blocks":0,"Local Hit Blocks":0,"Local Read Blocks":0,"Local Dirtied Blocks":0,"Local Written Blocks":0,"Temp Read Blocks":0,"Temp Written Blocks":0,"I/O Read Time":0.0,"I/O Write Time":0.0,"Temp I/O Read Time":0.0,"Temp I/O Write Time":0.0}]},{"Node Type":"Hash","Parent Relationship":"Inner","Parallel Aware":false,"Async Capable":false,"Startup Cost":1.93,"Total Cost":1.93,"Plan Rows":2,"Plan Width":12,"Actual Startup Time":0.044,"Actual Total Time":0.045,"Actual Rows":2,"Actual Loops":1,"Output":["n2.n_nationkey","n2.n_name"],"Hash Buckets":1024,"Original Hash Buckets":1024,"Hash Batches":1,"Original Hash Batches":1,"Peak Memory Usage":9,"Shared Hit Blocks":1,"Shared Read Blocks":0,"Shared Dirtied Blocks":0,"Shared Written Blocks":0,"Local Hit Blocks":0,"Local Read Blocks":0,"Local Dirtied Blocks":0,"Local Written Blocks":0,"Temp Read Blocks":0,"Temp Written Blocks":0,"I/O Read Time":0.0,"I/O Write Time":0.0,"Temp I/O Read Time":0.0,"Temp I/O Write Time":0.0,"Plans":[{"Node Type":"Seq Scan","Parent Relationship":"Outer","Parallel Aware":false,"Async Capable":false,"Relation Name":"nation","Schema":"public","Alias":"n2","Startup Cost":0.0,"Total Cost":1.93,"Plan Rows":2,"Plan Width":12,"Actual Startup Time":0.033,"Actual Total Time":0.038,"Actual Rows":2,"Actual Loops":1,"Output":["n2.n_nationkey","n2.n_name"],"Filter":"(((n2.n_name)::text = 'Cambodia'::text) OR ((n2.n_name)::text = 'Germany'::text))","Rows Removed by Filter":60,"Shared Hit Blocks":1,"Shared Read Blocks":0,"Shared Dirtied Blocks":0,"Shared Written Blocks":0,"Local Hit Blocks":0,"Local Read Blocks":0,"Local Dirtied Blocks":0,"Local Written Blocks":0,"Temp Read Blocks":0,"Temp Written Blocks":0,"I/O Read Time":0.0,"I/O Write Time":0.0,"Temp I/O Read Time":0.0,"Temp I/O Write Time":0.0}]}]}]}]}]}]}]},"Planning":{"Shared Hit Blocks":152,"Shared Read Blocks":0,"Shared Dirtied Blocks":0,"Shared Written Blocks":0,"Local Hit Blocks":0,"Local Read Blocks":0,"Local Dirtied Blocks":0,"Local Written Blocks":0,"Temp Read Blocks":0,"Temp Written Blocks":0,"I/O Read Time":0.0,"I/O Write Time":0.0,"Temp I/O Read Time":0.0,"Temp I/O Write Time":0.0},"Planning Time":3.899,"Triggers":[],"Execution Time":20903.666}]
[列存组合]: customer, supplier
[{"Plan":{"Node Type":"Aggregate","Strategy":"Sorted","Partial Mode":"Simple","Parallel Aware":false,"Async Capable":false,"Startup Cost":3770668.48,"Total Cost":3770923.3,"Plan Rows":9266,"Plan Width":72,"Actual Startup Time":20982.386,"Actual Total Time":20984.962,"Actual Rows":6,"Actual Loops":1,"Output":["supplier.su_nationkey","customer.c_nationkey","(EXTRACT(year FROM orders.o_entry_d))","sum(order_line.ol_amount)"],"Group Key":["supplier.su_nationkey","customer.c_nationkey","(EXTRACT(year FROM orders.o_entry_d))"],"Shared Hit Blocks":780545,"Shared Read Blocks":0,"Shared Dirtied Blocks":0,"Shared Written Blocks":0,"Local Hit Blocks":0,"Local Read Blocks":0,"Local Dirtied Blocks":0,"Local Written Blocks":0,"Temp Read Blocks":124799,"Temp Written Blocks":124817,"I/O Read Time":0.0,"I/O Write Time":0.0,"Temp I/O Read Time":193.269,"Temp I/O Write Time":539.75,"Plans":[{"Node Type":"Sort","Parent Relationship":"Outer","Parallel Aware":false,"Async Capable":false,"Startup Cost":3770668.48,"Total Cost":3770691.65,"Plan Rows":9266,"Plan Width":44,"Actual Startup Time":20982.279,"Actual Total Time":20982.803,"Actual Rows":12121,"Actual Loops":1,"Output":["supplier.su_nationkey","customer.c_nationkey","(EXTRACT(year FROM orders.o_entry_d))","order_line.ol_amount"],"Sort Key":["supplier.su_nationkey","customer.c_nationkey","(EXTRACT(year FROM orders.o_entry_d))"],"Sort Method":"quicksort","Sort Space Used":1047,"Sort Space Type":"Memory","Shared Hit Blocks":780545,"Shared Read Blocks":0,"Shared Dirtied Blocks":0,"Shared Written Blocks":0,"Local Hit Blocks":0,"Local Read Blocks":0,"Local Dirtied Blocks":0,"Local Written Blocks":0,"Temp Read Blocks":124799,"Temp Written Blocks":124817,"I/O Read Time":0.0,"I/O Write Time":0.0,"Temp I/O Read Time":193.269,"Temp I/O Write Time":539.75,"Plans":[{"Node Type":"Merge Join","Parent Relationship":"Outer","Parallel Aware":false,"Async Capable":false,"Join Type":"Inner","Startup Cost":3761598.13,"Total Cost":3770057.96,"Plan Rows":9266,"Plan Width":44,"Actual Startup Time":20637.393,"Actual Total Time":20979.417,"Actual Rows":12121,"Actual Loops":1,"Output":["supplier.su_nationkey","customer.c_nationkey","EXTRACT(year FROM orders.o_entry_d)","order_line.ol_amount"],"Inner Unique":false,"Merge Cond":"((orders.o_c_id = customer.c_id) AND (order_line.ol_w_id = customer.c_w_id) AND (order_line.ol_d_id = customer.c_d_id))","Join Filter":"((((n1.n_name)::text = 'Germany'::text) AND ((n2.n_name)::text = 'Cambodia'::text)) OR (((n1.n_name)::text = 'Cambodia'::text) AND ((n2.n_name)::text = 'Germany'::text)))","Rows Removed by Join Filter":11453,"Shared Hit Blocks":780545,"Shared Read Blocks":0,"Shared Dirtied Blocks":0,"Shared Written Blocks":0,"Local Hit Blocks":0,"Local Read Blocks":0,"Local Dirtied Blocks":0,"Local Written Blocks":0,"Temp Read Blocks":124799,"Temp Written Blocks":124817,"I/O Read Time":0.0,"I/O Write Time":0.0,"Temp I/O Read Time":193.269,"Temp I/O Write Time":539.75,"Plans":[{"Node Type":"Sort","Parent Relationship":"Outer","Parallel Aware":false,"Async Capable":false,"Startup Cost":3214004.75,"Total Cost":3215418.15,"Plan Rows":565362,"Plan Width":36,"Actual Startup Time":20377.769,"Actual Total Time":20549.176,"Actual Rows":485009,"Actual Loops":1,"Output":["supplier.su_nationkey","order_line.ol_amount","order_line.ol_w_id","order_line.ol_d_id","orders.o_entry_d","orders.o_w_id","orders.o_d_id","orders.o_c_id","n1.n_name"],"Sort Key":["orders.o_c_id","order_line.ol_w_id","order_line.ol_d_id"],"Sort Method":"external merge","Sort Space Used":24000,"Sort Space Type":"Disk","Shared Hit Blocks":780544,"Shared Read Blocks":0,"Shared Dirtied Blocks":0,"Shared Written Blocks":0,"Local Hit Blocks":0,"Local Read Blocks":0,"Local Dirtied Blocks":0,"Local Written Blocks":0,"Temp Read Blocks":123709,"Temp Written Blocks":123721,"I/O Read Time":0.0,"I/O Write Time":0.0,"Temp I/O Read Time":191.82,"Temp I/O Write Time":535.438,"Plans":[{"Node Type":"Hash Join","Parent Relationship":"Outer","Parallel Aware":false,"Async Capable":false,"Join Type":"Inner","Startup Cost":905977.05,"Total Cost":3144528.26,"Plan Rows":565362,"Plan Width":36,"Actual Startup Time":8542.027,"Actual Total Time":20128.896,"Actual Rows":485009,"Actual Loops":1,"Output":["supplier.su_nationkey","order_line.ol_amount","order_line.ol_w_id","order_line.ol_d_id","orders.o_entry_d","orders.o_w_id","orders.o_d_id","orders.o_c_id","n1.n_name"],"Inner Unique":true,"Hash Cond":"((order_line.ol_w_id = orders.o_w_id) AND (order_line.ol_d_id = orders.o_d_id) AND (order_line.ol_o_id = orders.o_id))","Shared Hit Blocks":780544,"Shared Read Blocks":0,"Shared Dirtied Blocks":0,"Shared Written Blocks":0,"Local Hit Blocks":0,"Local Read Blocks":0,"Local Dirtied Blocks":0,"Local Written Blocks":0,"Temp Read Blocks":120709,"Temp Written Blocks":120709,"I/O Read Time":0.0,"I/O Write Time":0.0,"Temp I/O Read Time":187.37,"Temp I/O Write Time":524.164,"Plans":[{"Node Type":"Hash Join","Parent Relationship":"Outer","Parallel Aware":false,"Async Capable":false,"Join Type":"Inner","Startup Cost":646784.78,"Total Cost":2838010.06,"Plan Rows":565705,"Plan Width":28,"Actual Startup Time":6725.325,"Actual Total Time":17625.354,"Actual Rows":485009,"Actual Loops":1,"Output":["supplier.su_nationkey","order_line.ol_amount","order_line.ol_w_id","order_line.ol_d_id","order_line.ol_o_id","n1.n_name"],"Inner Unique":false,"Hash Cond":"((order_line.ol_supply_w_id = stock.s_w_id) AND (order_line.ol_i_id = stock.s_i_id))","Shared Hit Blocks":736422,"Shared Read Blocks":0,"Shared Dirtied Blocks":0,"Shared Written Blocks":0,"Local Hit Blocks":0,"Local Read Blocks":0,"Local Dirtied Blocks":0,"Local Written Blocks":0,"Temp Read Blocks":83003,"Temp Written Blocks":83003,"I/O Read Time":0.0,"I/O Write Time":0.0,"Temp I/O Read Time":128.014,"Temp I/O Write Time":350.497,"Plans":[{"Node Type":"Seq Scan","Parent Relationship":"Outer","Parallel Aware":false,"Async Capable":false,"Relation Name":"order_line","Schema":"public","Alias":"order_line","Startup Cost":0.0,"Total Cost":1581655.36,"Plan Rows":17536869,"Plan Width":22,"Actual Startup Time":6.538,"Actual Total Time":5716.192,"Actual Rows":17139931,"Actual Loops":1,"Output":["order_line.ol_amount","order_line.ol_supply_w_id","order_line.ol_i_id","order_line.ol_w_id","order_line.ol_d_id","order_line.ol_o_id"],"Filter":"((order_line.ol_delivery_d >= '1995-01-02 20:10:02.27764'::timestamp without time zone) AND (order_line.ol_delivery_d <= '1997-01-01 20:10:02.27764'::timestamp without time zone))","Rows Removed by Filter":42853830,"Shared Hit Blocks":681748,"Shared Read Blocks":0,"Shared Dirtied Blocks":0,"Shared Written Blocks":0,"Local Hit Blocks":0,"Local Read Blocks":0,"Local Dirtied Blocks":0,"Local Written Blocks":0,"Temp Read Blocks":0,"Temp Written Blocks":0,"I/O Read Time":0.0,"I/O Write Time":0.0,"Temp I/O Read Time":0.0,"Temp I/O Write Time":0.0},{"Node Type":"Hash","Parent Relationship":"Inner","Parallel Aware":false,"Async Capable":false,"Startup Cost":633326.26,"Total Cost":633326.26,"Plan Rows":645168,"Plan Width":18,"Actual Startup Time":6718.232,"Actual Total Time":6718.245,"Actual Rows":566400,"Actual Loops":1,"Output":["supplier.su_nationkey","stock.s_w_id","stock.s_i_id","n1.n_name"],"Hash Buckets":131072,"Original Hash Buckets":131072,"Hash Batches":8,"Original Hash Batches":8,"Peak Memory Usage":4646,"Shared Hit Blocks":54674,"Shared Read Blocks":0,"Shared Dirtied Blocks":0,"Shared Written Blocks":0,"Local Hit Blocks":0,"Local Read Blocks":0,"Local Dirtied Blocks":0,"Local Written Blocks":0,"Temp Read Blocks":0,"Temp Written Blocks":2445,"I/O Read Time":0.0,"I/O Write Time":0.0,"Temp I/O Read Time":0.0,"Temp I/O Write Time":12.982,"Plans":[{"Node Type":"Hash Join","Parent Relationship":"Outer","Parallel Aware":false,"Async Capable":false,"Join Type":"Inner","Startup Cost":346.42,"Total Cost":633326.26,"Plan Rows":645168,"Plan Width":18,"Actual Startup Time":3.174,"Actual Total Time":6610.881,"Actual Rows":566400,"Actual Loops":1,"Output":["supplier.su_nationkey","stock.s_w_id","stock.s_i_id","n1.n_name"],"Inner Unique":true,"Hash Cond":"(supplier.su_nationkey = n1.n_nationkey)","Shared Hit Blocks":54674,"Shared Read Blocks":0,"Shared Dirtied Blocks":0,"Shared Written Blocks":0,"Local Hit Blocks":0,"Local Read Blocks":0,"Local Dirtied Blocks":0,"Local Written Blocks":0,"Temp Read Blocks":0,"Temp Written Blocks":0,"I/O Read Time":0.0,"I/O Write Time":0.0,"Temp I/O Read Time":0.0,"Temp I/O Write Time":0.0,"Plans":[{"Node Type":"Hash Join","Parent Relationship":"Outer","Parallel Aware":false,"Async Capable":false,"Join Type":"Inner","Startup Cost":344.46,"Total Cost":577235.0,"Plan Rows":20000212,"Plan Width":10,"Actual Startup Time":3.132,"Actual Total Time":5188.92,"Actual Rows":20000000,"Actual Loops":1,"Output":["supplier.su_nationkey","stock.s_w_id","stock.s_i_id"],"Inner Unique":true,"Hash Cond":"(mod((stock.s_w_id * stock.s_i_id), 10000) = supplier.su_suppkey)","Shared Hit Blocks":54673,"Shared Read Blocks":0,"Shared Dirtied Blocks":0,"Shared Written Blocks":0,"Local Hit Blocks":0,"Local Read Blocks":0,"Local Dirtied Blocks":0,"Local Written Blocks":0,"Temp Read Blocks":0,"Temp Written Blocks":0,"I/O Read Time":0.0,"I/O Write Time":0.0,"Temp I/O Read Time":0.0,"Temp I/O Write Time":0.0,"Plans":[{"Node Type":"Index Only Scan","Parent Relationship":"Outer","Parallel Aware":false,"Async Capable":false,"Scan Direction":"Forward","Index Name":"stock_pk","Relation Name":"stock","Schema":"public","Alias":"stock","Startup Cost":0.44,"Total Cost":519363.62,"Plan Rows":20000212,"Plan Width":6,"Actual Startup Time":0.028,"Actual Total Time":1519.218,"Actual Rows":20000000,"Actual Loops":1,"Output":["stock.s_w_id","stock.s_i_id"],"Heap Fetches":0,"Shared Hit Blocks":54673,"Shared Read Blocks":0,"Shared Dirtied Blocks":0,"Shared Written Blocks":0,"Local Hit Blocks":0,"Local Read Blocks":0,"Local Dirtied Blocks":0,"Local Written Blocks":0,"Temp Read Blocks":0,"Temp Written Blocks":0,"I/O Read Time":0.0,"I/O Write Time":0.0,"Temp I/O Read Time":0.0,"Temp I/O Write Time":0.0},{"Node Type":"Hash","Parent Relationship":"Inner","Parallel Aware":false,"Async Capable":false,"Startup Cost":219.01,"Total Cost":219.01,"Plan Rows":10001,"Plan Width":8,"Actual Startup Time":3.052,"Actual Total Time":3.055,"Actual Rows":10000,"Actual Loops":1,"Output":["supplier.su_nationkey","supplier.su_suppkey"],"Hash Buckets":16384,"Original Hash Buckets":16384,"Hash Batches":1,"Original Hash Batches":1,"Peak Memory Usage":519,"Shared Hit Blocks":0,"Shared Read Blocks":0,"Shared Dirtied Blocks":0,"Shared Written Blocks":0,"Local Hit Blocks":0,"Local Read Blocks":0,"Local Dirtied Blocks":0,"Local Written Blocks":0,"Temp Read Blocks":0,"Temp Written Blocks":0,"I/O Read Time":0.0,"I/O Write Time":0.0,"Temp I/O Read Time":0.0,"Temp I/O Write Time":0.0,"Plans":[{"Node Type":"Append","Parent Relationship":"Outer","Parallel Aware":false,"Async Capable":false,"Startup Cost":20.0,"Total Cost":219.01,"Plan Rows":10001,"Plan Width":8,"Actual Startup Time":0.034,"Actual Total Time":1.823,"Actual Rows":10000,"Actual Loops":1,"Shared Hit Blocks":0,"Shared Read Blocks":0,"Shared Dirtied Blocks":0,"Shared Written Blocks":0,"Local Hit Blocks":0,"Local Read Blocks":0,"Local Dirtied Blocks":0,"Local Written Blocks":0,"Temp Read Blocks":0,"Temp Written Blocks":0,"I/O Read Time":0.0,"I/O Write Time":0.0,"Temp I/O Read Time":0.0,"Temp I/O Write Time":0.0,"Subplans Removed":0,"Plans":[{"Node Type":"Custom Scan","Parent Relationship":"Member","Custom Plan Provider":"columnar scan","Parallel Aware":false,"Async Capable":false,"Relation Name":"supplier","Schema":"public","Alias":"supplier","Startup Cost":20.0,"Total Cost":215.0,"Plan Rows":10000,"Plan Width":8,"Actual Startup Time":0.033,"Actual Total Time":1.111,"Actual Rows":10000,"Actual Loops":1,"Output":["supplier.su_nationkey","supplier.su_suppkey"],"Rows Removed by Columnar Filter":0,"Columnar cache search mode":"native","Shared Hit Blocks":0,"Shared Read Blocks":0,"Shared Dirtied Blocks":0,"Shared Written Blocks":0,"Local Hit Blocks":0,"Local Read Blocks":0,"Local Dirtied Blocks":0,"Local Written Blocks":0,"Temp Read Blocks":0,"Temp Written Blocks":0,"I/O Read Time":0.0,"I/O Write Time":0.0,"Temp I/O Read Time":0.0,"Temp I/O Write Time":0.0},{"Node Type":"Seq Scan","Parent Relationship":"Member","Parallel Aware":false,"Async Capable":false,"Relation Name":"supplier","Schema":"public","Alias":"supplier","Startup Cost":0.0,"Total Cost":4.01,"Plan Rows":1,"Plan Width":8,"Actual Startup Time":0.0,"Actual Total Time":0.0,"Actual Rows":0,"Actual Loops":0,"Output":["supplier.su_nationkey","supplier.su_suppkey"],"Shared Hit Blocks":0,"Shared Read Blocks":0,"Shared Dirtied Blocks":0,"Shared Written Blocks":0,"Local Hit Blocks":0,"Local Read Blocks":0,"Local Dirtied Blocks":0,"Local Written Blocks":0,"Temp Read Blocks":0,"Temp Written Blocks":0,"I/O Read Time":0.0,"I/O Write Time":0.0,"Temp I/O Read Time":0.0,"Temp I/O Write Time":0.0}]}]}]},{"Node Type":"Hash","Parent Relationship":"Inner","Parallel Aware":false,"Async Capable":false,"Startup Cost":1.93,"Total Cost":1.93,"Plan Rows":2,"Plan Width":12,"Actual Startup Time":0.026,"Actual Total Time":0.026,"Actual Rows":2,"Actual Loops":1,"Output":["n1.n_nationkey","n1.n_name"],"Hash Buckets":1024,"Original Hash Buckets":1024,"Hash Batches":1,"Original Hash Batches":1,"Peak Memory Usage":9,"Shared Hit Blocks":1,"Shared Read Blocks":0,"Shared Dirtied Blocks":0,"Shared Written Blocks":0,"Local Hit Blocks":0,"Local Read Blocks":0,"Local Dirtied Blocks":0,"Local Written Blocks":0,"Temp Read Blocks":0,"Temp Written Blocks":0,"I/O Read Time":0.0,"I/O Write Time":0.0,"Temp I/O Read Time":0.0,"Temp I/O Write Time":0.0,"Plans":[{"Node Type":"Seq Scan","Parent Relationship":"Outer","Parallel Aware":false,"Async Capable":false,"Relation Name":"nation","Schema":"public","Alias":"n1","Startup Cost":0.0,"Total Cost":1.93,"Plan Rows":2,"Plan Width":12,"Actual Startup Time":0.016,"Actual Total Time":0.021,"Actual Rows":2,"Actual Loops":1,"Output":["n1.n_nationkey","n1.n_name"],"Filter":"(((n1.n_name)::text = 'Germany'::text) OR ((n1.n_name)::text = 'Cambodia'::text))","Rows Removed by Filter":60,"Shared Hit Blocks":1,"Shared Read Blocks":0,"Shared Dirtied Blocks":0,"Shared Written Blocks":0,"Local Hit Blocks":0,"Local Read Blocks":0,"Local Dirtied Blocks":0,"Local Written Blocks":0,"Temp Read Blocks":0,"Temp Written Blocks":0,"I/O Read Time":0.0,"I/O Write Time":0.0,"Temp I/O Read Time":0.0,"Temp I/O Write Time":0.0}]}]}]}]},{"Node Type":"Hash","Parent Relationship":"Inner","Parallel Aware":false,"Async Capable":false,"Startup Cost":119121.6,"Total Cost":119121.6,"Plan Rows":5996324,"Plan Width":24,"Actual Startup Time":1805.697,"Actual Total Time":1805.697,"Actual Rows":5995789,"Actual Loops":1,"Output":["orders.o_entry_d","orders.o_w_id","orders.o_d_id","orders.o_id","orders.o_c_id"],"Hash Buckets":131072,"Original Hash Buckets":131072,"Hash Batches":64,"Original Hash Batches":64,"Peak Memory Usage":6496,"Shared Hit Blocks":44122,"Shared Read Blocks":0,"Shared Dirtied Blocks":0,"Shared Written Blocks":0,"Local Hit Blocks":0,"Local Read Blocks":0,"Local Dirtied Blocks":0,"Local Written Blocks":0,"Temp Read Blocks":0,"Temp Written Blocks":34552,"I/O Read Time":0.0,"I/O Write Time":0.0,"Temp I/O Read Time":0.0,"Temp I/O Write Time":154.884,"Plans":[{"Node Type":"Seq Scan","Parent Relationship":"Outer","Parallel Aware":false,"Async Capable":false,"Relation Name":"orders","Schema":"public","Alias":"orders","Startup Cost":0.0,"Total Cost":119121.6,"Plan Rows":5996324,"Plan Width":24,"Actual Startup Time":0.015,"Actual Total Time":732.098,"Actual Rows":5995789,"Actual Loops":1,"Output":["orders.o_entry_d","orders.o_w_id","orders.o_d_id","orders.o_id","orders.o_c_id"],"Filter":"(orders.o_entry_d >= '1992-01-02 20:10:02.27764'::timestamp without time zone)","Rows Removed by Filter":4211,"Shared Hit Blocks":44122,"Shared Read Blocks":0,"Shared Dirtied Blocks":0,"Shared Written Blocks":0,"Local Hit Blocks":0,"Local Read Blocks":0,"Local Dirtied Blocks":0,"Local Written Blocks":0,"Temp Read Blocks":0,"Temp Written Blocks":0,"I/O Read Time":0.0,"I/O Write Time":0.0,"Temp I/O Read Time":0.0,"Temp I/O Write Time":0.0}]}]}]},{"Node Type":"Materialize","Parent Relationship":"Inner","Parallel Aware":false,"Async Capable":false,"Startup Cost":547593.19,"Total Cost":548560.96,"Plan Rows":193553,"Plan Width":20,"Actual Startup Time":259.582,"Actual Total Time":331.869,"Actual Rows":293066,"Actual Loops":1,"Output":["customer.c_nationkey","customer.c_id","customer.c_w_id","customer.c_d_id","n2.n_name"],"Shared Hit Blocks":1,"Shared Read Blocks":0,"Shared Dirtied Blocks":0,"Shared Written Blocks":0,"Local Hit Blocks":0,"Local Read Blocks":0,"Local Dirtied Blocks":0,"Local Written Blocks":0,"Temp Read Blocks":1090,"Temp Written Blocks":1096,"I/O Read Time":0.0,"I/O Write Time":0.0,"Temp I/O Read Time":1.449,"Temp I/O Write Time":4.312,"Plans":[{"Node Type":"Sort","Parent Relationship":"Outer","Parallel Aware":false,"Async Capable":false,"Startup Cost":547593.19,"Total Cost":548077.07,"Plan Rows":193553,"Plan Width":20,"Actual Startup Time":259.575,"Actual Total Time":300.154,"Actual Rows":289967,"Actual Loops":1,"Output":["customer.c_nationkey","customer.c_id","customer.c_w_id","customer.c_d_id","n2.n_name"],"Sort Key":["customer.c_id","customer.c_w_id","customer.c_d_id"],"Sort Method":"external merge","Sort Space Used":8720,"Sort Space Type":"Disk","Shared Hit Blocks":1,"Shared Read Blocks":0,"Shared Dirtied Blocks":0,"Shared Written Blocks":0,"Local Hit Blocks":0,"Local Read Blocks":0,"Local Dirtied Blocks":0,"Local Written Blocks":0,"Temp Read Blocks":1090,"Temp Written Blocks":1096,"I/O Read Time":0.0,"I/O Write Time":0.0,"Temp I/O Read Time":1.449,"Temp I/O Write Time":4.312,"Plans":[{"Node Type":"Hash Join","Parent Relationship":"Outer","Parallel Aware":false,"Async Capable":false,"Join Type":"Inner","Startup Cost":21.95,"Total Cost":526624.45,"Plan Rows":193553,"Plan Width":20,"Actual Startup Time":0.44,"Actual Total Time":159.789,"Actual Rows":289972,"Actual Loops":1,"Output":["customer.c_nationkey","customer.c_id","customer.c_w_id","customer.c_d_id","n2.n_name"],"Inner Unique":true,"Hash Cond":"(customer.c_nationkey = n2.n_nationkey)","Shared Hit Blocks":1,"Shared Read Blocks":0,"Shared Dirtied Blocks":0,"Shared Written Blocks":0,"Local Hit Blocks":0,"Local Read Blocks":0,"Local Dirtied Blocks":0,"Local Written Blocks":0,"Temp Read Blocks":0,"Temp Written Blocks":0,"I/O Read Time":0.0,"I/O Write Time":0.0,"Temp I/O Read Time":0.0,"Temp I/O Write Time":0.0,"Plans":[{"Node Type":"Append","Parent Relationship":"Outer","Parallel Aware":false,"Async Capable":false,"Startup Cost":20.0,"Total Cost":509795.49,"Plan Rows":6000140,"Plan Width":12,"Actual Startup Time":0.281,"Actual Total Time":106.186,"Actual Rows":289972,"Actual Loops":1,"Shared Hit Blocks":0,"Shared Read Blocks":0,"Shared Dirtied Blocks":0,"Shared Written Blocks":0,"Local Hit Blocks":0,"Local Read Blocks":0,"Local Dirtied Blocks":0,"Local Written Blocks":0,"Temp Read Blocks":0,"Temp Written Blocks":0,"I/O Read Time":0.0,"I/O Write Time":0.0,"Temp I/O Read Time":0.0,"Temp I/O Write Time":0.0,"Subplans Removed":0,"Plans":[{"Node Type":"Custom Scan","Parent Relationship":"Member","Custom Plan Provider":"columnar scan","Parallel Aware":false,"Async Capable":false,"Relation Name":"customer","Schema":"public","Alias":"customer","Startup Cost":20.0,"Total Cost":141020.06,"Plan Rows":6000000,"Plan Width":12,"Actual Startup Time":0.278,"Actual Total Time":85.696,"Actual Rows":289972,"Actual Loops":1,"Output":["customer.c_nationkey","customer.c_id","customer.c_w_id","customer.c_d_id"],"Rows Removed by Columnar Filter":5710028,"Rows Filtered by Bloom Filter":0,"Dictionary Rows Filtered by Bloom Filter":5710028,"Columnar cache search mode":"native","Shared Hit Blocks":0,"Shared Read Blocks":0,"Shared Dirtied Blocks":0,"Shared Written Blocks":0,"Local Hit Blocks":0,"Local Read Blocks":0,"Local Dirtied Blocks":0,"Local Written Blocks":0,"Temp Read Blocks":0,"Temp Written Blocks":0,"I/O Read Time":0.0,"I/O Write Time":0.0,"Temp I/O Read Time":0.0,"Temp I/O Write Time":0.0},{"Node Type":"Seq Scan","Parent Relationship":"Member","Parallel Aware":false,"Async Capable":false,"Relation Name":"customer","Schema":"public","Alias":"customer","Startup Cost":0.0,"Total Cost":5.4,"Plan Rows":140,"Plan Width":12,"Actual Startup Time":0.0,"Actual Total Time":0.0,"Actual Rows":0,"Actual Loops":0,"Output":["customer.c_nationkey","customer.c_id","customer.c_w_id","customer.c_d_id"],"Shared Hit Blocks":0,"Shared Read Blocks":0,"Shared Dirtied Blocks":0,"Shared Written Blocks":0,"Local Hit Blocks":0,"Local Read Blocks":0,"Local Dirtied Blocks":0,"Local Written Blocks":0,"Temp Read Blocks":0,"Temp Written Blocks":0,"I/O Read Time":0.0,"I/O Write Time":0.0,"Temp I/O Read Time":0.0,"Temp I/O Write Time":0.0}]},{"Node Type":"Hash","Parent Relationship":"Inner","Parallel Aware":false,"Async Capable":false,"Startup Cost":1.93,"Total Cost":1.93,"Plan Rows":2,"Plan Width":12,"Actual Startup Time":0.045,"Actual Total Time":0.046,"Actual Rows":2,"Actual Loops":1,"Output":["n2.n_nationkey","n2.n_name"],"Hash Buckets":1024,"Original Hash Buckets":1024,"Hash Batches":1,"Original Hash Batches":1,"Peak Memory Usage":9,"Shared Hit Blocks":1,"Shared Read Blocks":0,"Shared Dirtied Blocks":0,"Shared Written Blocks":0,"Local Hit Blocks":0,"Local Read Blocks":0,"Local Dirtied Blocks":0,"Local Written Blocks":0,"Temp Read Blocks":0,"Temp Written Blocks":0,"I/O Read Time":0.0,"I/O Write Time":0.0,"Temp I/O Read Time":0.0,"Temp I/O Write Time":0.0,"Plans":[{"Node Type":"Seq Scan","Parent Relationship":"Outer","Parallel Aware":false,"Async Capable":false,"Relation Name":"nation","Schema":"public","Alias":"n2","Startup Cost":0.0,"Total Cost":1.93,"Plan Rows":2,"Plan Width":12,"Actual Startup Time":0.033,"Actual Total Time":0.038,"Actual Rows":2,"Actual Loops":1,"Output":["n2.n_nationkey","n2.n_name"],"Filter":"(((n2.n_name)::text = 'Cambodia'::text) OR ((n2.n_name)::text = 'Germany'::text))","Rows Removed by Filter":60,"Shared Hit Blocks":1,"Shared Read Blocks":0,"Shared Dirtied Blocks":0,"Shared Written Blocks":0,"Local Hit Blocks":0,"Local Read Blocks":0,"Local Dirtied Blocks":0,"Local Written Blocks":0,"Temp Read Blocks":0,"Temp Written Blocks":0,"I/O Read Time":0.0,"I/O Write Time":0.0,"Temp I/O Read Time":0.0,"Temp I/O Write Time":0.0}]}]}]}]}]}]}]},"Planning":{"Shared Hit Blocks":152,"Shared Read Blocks":0,"Shared Dirtied Blocks":0,"Shared Written Blocks":0,"Local Hit Blocks":0,"Local Read Blocks":0,"Local Dirtied Blocks":0,"Local Written Blocks":0,"Temp Read Blocks":0,"Temp Written Blocks":0,"I/O Read Time":0.0,"I/O Write Time":0.0,"Temp I/O Read Time":0.0,"Temp I/O Write Time":0.0},"Planning Time":3.087,"Triggers":[],"Execution Time":20997.981}]
[列存组合]: nation, order_line
[{"Plan":{"Node Type":"Aggregate","Strategy":"Sorted","Partial Mode":"Simple","Parallel Aware":false,"Async Capable":false,"Startup Cost":3749949.52,"Total Cost":3750204.34,"Plan Rows":9266,"Plan Width":72,"Actual Startup Time":23031.085,"Actual Total Time":23033.678,"Actual Rows":6,"Actual Loops":1,"Output":["supplier.su_nationkey","customer.c_nationkey","(EXTRACT(year FROM orders.o_entry_d))","sum(order_line.ol_amount)"],"Group Key":["supplier.su_nationkey","customer.c_nationkey","(EXTRACT(year FROM orders.o_entry_d))"],"Shared Hit Blocks":559004,"Shared Read Blocks":0,"Shared Dirtied Blocks":0,"Shared Written Blocks":0,"Local Hit Blocks":0,"Local Read Blocks":0,"Local Dirtied Blocks":0,"Local Written Blocks":0,"Temp Read Blocks":123649,"Temp Written Blocks":123667,"I/O Read Time":0.0,"I/O Write Time":0.0,"Temp I/O Read Time":185.908,"Temp I/O Write Time":544.598,"Plans":[{"Node Type":"Sort","Parent Relationship":"Outer","Parallel Aware":false,"Async Capable":false,"Startup Cost":3749949.52,"Total Cost":3749972.69,"Plan Rows":9266,"Plan Width":44,"Actual Startup Time":23030.975,"Actual Total Time":23031.524,"Actual Rows":12121,"Actual Loops":1,"Output":["supplier.su_nationkey","customer.c_nationkey","(EXTRACT(year FROM orders.o_entry_d))","order_line.ol_amount"],"Sort Key":["supplier.su_nationkey","customer.c_nationkey","(EXTRACT(year FROM orders.o_entry_d))"],"Sort Method":"quicksort","Sort Space Used":1047,"Sort Space Type":"Memory","Shared Hit Blocks":559004,"Shared Read Blocks":0,"Shared Dirtied Blocks":0,"Shared Written Blocks":0,"Local Hit Blocks":0,"Local Read Blocks":0,"Local Dirtied Blocks":0,"Local Written Blocks":0,"Temp Read Blocks":123649,"Temp Written Blocks":123667,"I/O Read Time":0.0,"I/O Write Time":0.0,"Temp I/O Read Time":185.908,"Temp I/O Write Time":544.598,"Plans":[{"Node Type":"Merge Join","Parent Relationship":"Outer","Parallel Aware":false,"Async Capable":false,"Join Type":"Inner","Startup Cost":3740879.17,"Total Cost":3749339.0,"Plan Rows":9266,"Plan Width":44,"Actual Startup Time":22688.057,"Actual Total Time":23027.905,"Actual Rows":12121,"Actual Loops":1,"Output":["supplier.su_nationkey","customer.c_nationkey","EXTRACT(year FROM orders.o_entry_d)","order_line.ol_amount"],"Inner Unique":false,"Merge Cond":"((orders.o_c_id = customer.c_id) AND (order_line.ol_w_id = customer.c_w_id) AND (order_line.ol_d_id = customer.c_d_id))","Join Filter":"((((n1.n_name)::text = 'Germany'::text) AND ((n2.n_name)::text = 'Cambodia'::text)) OR (((n1.n_name)::text = 'Cambodia'::text) AND ((n2.n_name)::text = 'Germany'::text)))","Rows Removed by Join Filter":11453,"Shared Hit Blocks":559004,"Shared Read Blocks":0,"Shared Dirtied Blocks":0,"Shared Written Blocks":0,"Local Hit Blocks":0,"Local Read Blocks":0,"Local Dirtied Blocks":0,"Local Written Blocks":0,"Temp Read Blocks":123649,"Temp Written Blocks":123667,"I/O Read Time":0.0,"I/O Write Time":0.0,"Temp I/O Read Time":185.908,"Temp I/O Write Time":544.598,"Plans":[{"Node Type":"Sort","Parent Relationship":"Outer","Parallel Aware":false,"Async Capable":false,"Startup Cost":3183089.88,"Total Cost":3184503.28,"Plan Rows":565362,"Plan Width":36,"Actual Startup Time":20452.612,"Actual Total Time":20624.434,"Actual Rows":485009,"Actual Loops":1,"Output":["supplier.su_nationkey","order_line.ol_amount","order_line.ol_w_id","order_line.ol_d_id","orders.o_entry_d","orders.o_w_id","orders.o_d_id","orders.o_c_id","n1.n_name"],"Sort Key":["orders.o_c_id","order_line.ol_w_id","order_line.ol_d_id"],"Sort Method":"external merge","Sort Space Used":24000,"Sort Space Type":"Disk","Shared Hit Blocks":99013,"Shared Read Blocks":0,"Shared Dirtied Blocks":0,"Shared Written Blocks":0,"Local Hit Blocks":0,"Local Read Blocks":0,"Local Dirtied Blocks":0,"Local Written Blocks":0,"Temp Read Blocks":122559,"Temp Written Blocks":122571,"I/O Read Time":0.0,"I/O Write Time":0.0,"Temp I/O Read Time":184.27,"Temp I/O Write Time":539.985,"Plans":[{"Node Type":"Hash Join","Parent Relationship":"Outer","Parallel Aware":false,"Async Capable":false,"Join Type":"Inner","Startup Cost":906095.03,"Total Cost":3113613.38,"Plan Rows":565362,"Plan Width":36,"Actual Startup Time":8584.295,"Actual Total Time":20205.23,"Actual Rows":485009,"Actual Loops":1,"Output":["supplier.su_nationkey","order_line.ol_amount","order_line.ol_w_id","order_line.ol_d_id","orders.o_entry_d","orders.o_w_id","orders.o_d_id","orders.o_c_id","n1.n_name"],"Inner Unique":true,"Hash Cond":"((order_line.ol_w_id = orders.o_w_id) AND (order_line.ol_d_id = orders.o_d_id) AND (order_line.ol_o_id = orders.o_id))","Shared Hit Blocks":99013,"Shared Read Blocks":0,"Shared Dirtied Blocks":0,"Shared Written Blocks":0,"Local Hit Blocks":0,"Local Read Blocks":0,"Local Dirtied Blocks":0,"Local Written Blocks":0,"Temp Read Blocks":119559,"Temp Written Blocks":119559,"I/O Read Time":0.0,"I/O Write Time":0.0,"Temp I/O Read Time":180.059,"Temp I/O Write Time":528.869,"Plans":[{"Node Type":"Hash Join","Parent Relationship":"Outer","Parallel Aware":false,"Async Capable":false,"Join Type":"Inner","Startup Cost":646902.76,"Total Cost":2807095.19,"Plan Rows":565705,"Plan Width":28,"Actual Startup Time":6752.511,"Actual Total Time":17708.751,"Actual Rows":485009,"Actual Loops":1,"Output":["supplier.su_nationkey","order_line.ol_amount","order_line.ol_w_id","order_line.ol_d_id","order_line.ol_o_id","n1.n_name"],"Inner Unique":false,"Hash Cond":"((order_line.ol_supply_w_id = stock.s_w_id) AND (order_line.ol_i_id = stock.s_i_id))","Shared Hit Blocks":54891,"Shared Read Blocks":0,"Shared Dirtied Blocks":0,"Shared Written Blocks":0,"Local Hit Blocks":0,"Local Read Blocks":0,"Local Dirtied Blocks":0,"Local Written Blocks":0,"Temp Read Blocks":81853,"Temp Written Blocks":81853,"I/O Read Time":0.0,"I/O Write Time":0.0,"Temp I/O Read Time":122.916,"Temp I/O Write Time":351.919,"Plans":[{"Node Type":"Append","Parent Relationship":"Outer","Parallel Aware":false,"Async Capable":false,"Startup Cost":20.0,"Total Cost":1550642.51,"Plan Rows":17536869,"Plan Width":22,"Actual Startup Time":6.395,"Actual Total Time":5764.449,"Actual Rows":16894821,"Actual Loops":1,"Shared Hit Blocks":0,"Shared Read Blocks":0,"Shared Dirtied Blocks":0,"Shared Written Blocks":0,"Local Hit Blocks":0,"Local Read Blocks":0,"Local Dirtied Blocks":0,"Local Written Blocks":0,"Temp Read Blocks":0,"Temp Written Blocks":0,"I/O Read Time":0.0,"I/O Write Time":0.0,"Temp I/O Read Time":0.0,"Temp I/O Write Time":0.0,"Subplans Removed":0,"Plans":[{"Node Type":"Custom Scan","Parent Relationship":"Member","Custom Plan Provider":"columnar scan","Parallel Aware":false,"Async Capable":false,"Relation Name":"order_line","Schema":"public","Alias":"order_line","Startup Cost":20.0,"Total Cost":482285.56,"Plan Rows":17536851,"Plan Width":22,"Actual Startup Time":6.392,"Actual Total Time":4588.246,"Actual Rows":16894821,"Actual Loops":1,"Output":["order_line.ol_amount","order_line.ol_supply_w_id","order_line.ol_i_id","order_line.ol_w_id","order_line.ol_d_id","order_line.ol_o_id"],"Filter":"((order_line.ol_delivery_d <= '1997-01-01 20:10:02.27764'::timestamp without time zone) AND (order_line.ol_delivery_d >= '1995-01-02 20:10:02.27764'::timestamp without time zone))","Rows Removed by Filter":0,"Rows Removed by Columnar Filter":43098940,"Rows Filtered by Bloom Filter":0,"Dictionary Rows Filtered by Bloom Filter":857915,"Columnar cache search mode":"native","Shared Hit Blocks":0,"Shared Read Blocks":0,"Shared Dirtied Blocks":0,"Shared Written Blocks":0,"Local Hit Blocks":0,"Local Read Blocks":0,"Local Dirtied Blocks":0,"Local Written Blocks":0,"Temp Read Blocks":0,"Temp Written Blocks":0,"I/O Read Time":0.0,"I/O Write Time":0.0,"Temp I/O Read Time":0.0,"Temp I/O Write Time":0.0},{"Node Type":"Seq Scan","Parent Relationship":"Member","Parallel Aware":false,"Async Capable":false,"Relation Name":"order_line","Schema":"public","Alias":"order_line","Startup Cost":0.0,"Total Cost":4.95,"Plan Rows":18,"Plan Width":22,"Actual Startup Time":0.0,"Actual Total Time":0.0,"Actual Rows":0,"Actual Loops":0,"Output":["order_line.ol_amount","order_line.ol_supply_w_id","order_line.ol_i_id","order_line.ol_w_id","order_line.ol_d_id","order_line.ol_o_id"],"Filter":"((order_line.ol_delivery_d <= '1997-01-01 20:10:02.27764'::timestamp without time zone) AND (order_line.ol_delivery_d >= '1995-01-02 20:10:02.27764'::timestamp without time zone))","Rows Removed by Filter":0,"Shared Hit Blocks":0,"Shared Read Blocks":0,"Shared Dirtied Blocks":0,"Shared Written Blocks":0,"Local Hit Blocks":0,"Local Read Blocks":0,"Local Dirtied Blocks":0,"Local Written Blocks":0,"Temp Read Blocks":0,"Temp Written Blocks":0,"I/O Read Time":0.0,"I/O Write Time":0.0,"Temp I/O Read Time":0.0,"Temp I/O Write Time":0.0}]},{"Node Type":"Hash","Parent Relationship":"Inner","Parallel Aware":false,"Async Capable":false,"Startup Cost":633424.24,"Total Cost":633424.24,"Plan Rows":645168,"Plan Width":18,"Actual Startup Time":6745.237,"Actual Total Time":6745.247,"Actual Rows":566400,"Actual Loops":1,"Output":["supplier.su_nationkey","stock.s_w_id","stock.s_i_id","n1.n_name"],"Hash Buckets":131072,"Original Hash Buckets":131072,"Hash Batches":8,"Original Hash Batches":8,"Peak Memory Usage":4646,"Shared Hit Blocks":54891,"Shared Read Blocks":0,"Shared Dirtied Blocks":0,"Shared Written Blocks":0,"Local Hit Blocks":0,"Local Read Blocks":0,"Local Dirtied Blocks":0,"Local Written Blocks":0,"Temp Read Blocks":0,"Temp Written Blocks":2445,"I/O Read Time":0.0,"I/O Write Time":0.0,"Temp I/O Read Time":0.0,"Temp I/O Write Time":13.945,"Plans":[{"Node Type":"Hash Join","Parent Relationship":"Outer","Parallel Aware":false,"Async Capable":false,"Join Type":"Inner","Startup Cost":444.39,"Total Cost":633424.24,"Plan Rows":645168,"Plan Width":18,"Actual Startup Time":2.605,"Actual Total Time":6594.792,"Actual Rows":566400,"Actual Loops":1,"Output":["supplier.su_nationkey","stock.s_w_id","stock.s_i_id","n1.n_name"],"Inner Unique":true,"Hash Cond":"(supplier.su_nationkey = n1.n_nationkey)","Shared Hit Blocks":54891,"Shared Read Blocks":0,"Shared Dirtied Blocks":0,"Shared Written Blocks":0,"Local Hit Blocks":0,"Local Read Blocks":0,"Local Dirtied Blocks":0,"Local Written Blocks":0,"Temp Read Blocks":0,"Temp Written Blocks":0,"I/O Read Time":0.0,"I/O Write Time":0.0,"Temp I/O Read Time":0.0,"Temp I/O Write Time":0.0,"Plans":[{"Node Type":"Hash Join","Parent Relationship":"Outer","Parallel Aware":false,"Async Capable":false,"Join Type":"Inner","Startup Cost":442.44,"Total Cost":577332.98,"Plan Rows":20000212,"Plan Width":10,"Actual Startup Time":2.557,"Actual Total Time":5217.105,"Actual Rows":20000000,"Actual Loops":1,"Output":["supplier.su_nationkey","stock.s_w_id","stock.s_i_id"],"Inner Unique":true,"Hash Cond":"(mod((stock.s_w_id * stock.s_i_id), 10000) = supplier.su_suppkey)","Shared Hit Blocks":54890,"Shared Read Blocks":0,"Shared Dirtied Blocks":0,"Shared Written Blocks":0,"Local Hit Blocks":0,"Local Read Blocks":0,"Local Dirtied Blocks":0,"Local Written Blocks":0,"Temp Read Blocks":0,"Temp Written Blocks":0,"I/O Read Time":0.0,"I/O Write Time":0.0,"Temp I/O Read Time":0.0,"Temp I/O Write Time":0.0,"Plans":[{"Node Type":"Index Only Scan","Parent Relationship":"Outer","Parallel Aware":false,"Async Capable":false,"Scan Direction":"Forward","Index Name":"stock_pk","Relation Name":"stock","Schema":"public","Alias":"stock","Startup Cost":0.44,"Total Cost":519363.62,"Plan Rows":20000212,"Plan Width":6,"Actual Startup Time":0.031,"Actual Total Time":1531.056,"Actual Rows":20000000,"Actual Loops":1,"Output":["stock.s_w_id","stock.s_i_id"],"Heap Fetches":0,"Shared Hit Blocks":54673,"Shared Read Blocks":0,"Shared Dirtied Blocks":0,"Shared Written Blocks":0,"Local Hit Blocks":0,"Local Read Blocks":0,"Local Dirtied Blocks":0,"Local Written Blocks":0,"Temp Read Blocks":0,"Temp Written Blocks":0,"I/O Read Time":0.0,"I/O Write Time":0.0,"Temp I/O Read Time":0.0,"Temp I/O Write Time":0.0},{"Node Type":"Hash","Parent Relationship":"Inner","Parallel Aware":false,"Async Capable":false,"Startup Cost":317.0,"Total Cost":317.0,"Plan Rows":10000,"Plan Width":8,"Actual Startup Time":2.472,"Actual Total Time":2.474,"Actual Rows":10000,"Actual Loops":1,"Output":["supplier.su_nationkey","supplier.su_suppkey"],"Hash Buckets":16384,"Original Hash Buckets":16384,"Hash Batches":1,"Original Hash Batches":1,"Peak Memory Usage":519,"Shared Hit Blocks":217,"Shared Read Blocks":0,"Shared Dirtied Blocks":0,"Shared Written Blocks":0,"Local Hit Blocks":0,"Local Read Blocks":0,"Local Dirtied Blocks":0,"Local Written Blocks":0,"Temp Read Blocks":0,"Temp Written Blocks":0,"I/O Read Time":0.0,"I/O Write Time":0.0,"Temp I/O Read Time":0.0,"Temp I/O Write Time":0.0,"Plans":[{"Node Type":"Seq Scan","Parent Relationship":"Outer","Parallel Aware":false,"Async Capable":false,"Relation Name":"supplier","Schema":"public","Alias":"supplier","Startup Cost":0.0,"Total Cost":317.0,"Plan Rows":10000,"Plan Width":8,"Actual Startup Time":0.012,"Actual Total Time":1.269,"Actual Rows":10000,"Actual Loops":1,"Output":["supplier.su_nationkey","supplier.su_suppkey"],"Shared Hit Blocks":217,"Shared Read Blocks":0,"Shared Dirtied Blocks":0,"Shared Written Blocks":0,"Local Hit Blocks":0,"Local Read Blocks":0,"Local Dirtied Blocks":0,"Local Written Blocks":0,"Temp Read Blocks":0,"Temp Written Blocks":0,"I/O Read Time":0.0,"I/O Write Time":0.0,"Temp I/O Read Time":0.0,"Temp I/O Write Time":0.0}]}]},{"Node Type":"Hash","Parent Relationship":"Inner","Parallel Aware":false,"Async Capable":false,"Startup Cost":1.93,"Total Cost":1.93,"Plan Rows":2,"Plan Width":12,"Actual Startup Time":0.035,"Actual Total Time":0.036,"Actual Rows":2,"Actual Loops":1,"Output":["n1.n_nationkey","n1.n_name"],"Hash Buckets":1024,"Original Hash Buckets":1024,"Hash Batches":1,"Original Hash Batches":1,"Peak Memory Usage":9,"Shared Hit Blocks":1,"Shared Read Blocks":0,"Shared Dirtied Blocks":0,"Shared Written Blocks":0,"Local Hit Blocks":0,"Local Read Blocks":0,"Local Dirtied Blocks":0,"Local Written Blocks":0,"Temp Read Blocks":0,"Temp Written Blocks":0,"I/O Read Time":0.0,"I/O Write Time":0.0,"Temp I/O Read Time":0.0,"Temp I/O Write Time":0.0,"Plans":[{"Node Type":"Seq Scan","Parent Relationship":"Outer","Parallel Aware":false,"Async Capable":false,"Relation Name":"nation","Schema":"public","Alias":"n1","Startup Cost":0.0,"Total Cost":1.93,"Plan Rows":2,"Plan Width":12,"Actual Startup Time":0.025,"Actual Total Time":0.03,"Actual Rows":2,"Actual Loops":1,"Output":["n1.n_nationkey","n1.n_name"],"Filter":"(((n1.n_name)::text = 'Germany'::text) OR ((n1.n_name)::text = 'Cambodia'::text))","Rows Removed by Filter":60,"Shared Hit Blocks":1,"Shared Read Blocks":0,"Shared Dirtied Blocks":0,"Shared Written Blocks":0,"Local Hit Blocks":0,"Local Read Blocks":0,"Local Dirtied Blocks":0,"Local Written Blocks":0,"Temp Read Blocks":0,"Temp Written Blocks":0,"I/O Read Time":0.0,"I/O Write Time":0.0,"Temp I/O Read Time":0.0,"Temp I/O Write Time":0.0}]}]}]}]},{"Node Type":"Hash","Parent Relationship":"Inner","Parallel Aware":false,"Async Capable":false,"Startup Cost":119121.6,"Total Cost":119121.6,"Plan Rows":5996324,"Plan Width":24,"Actual Startup Time":1818.973,"Actual Total Time":1818.975,"Actual Rows":5995789,"Actual Loops":1,"Output":["orders.o_entry_d","orders.o_w_id","orders.o_d_id","orders.o_id","orders.o_c_id"],"Hash Buckets":131072,"Original Hash Buckets":131072,"Hash Batches":64,"Original Hash Batches":64,"Peak Memory Usage":6496,"Shared Hit Blocks":44122,"Shared Read Blocks":0,"Shared Dirtied Blocks":0,"Shared Written Blocks":0,"Local Hit Blocks":0,"Local Read Blocks":0,"Local Dirtied Blocks":0,"Local Written Blocks":0,"Temp Read Blocks":0,"Temp Written Blocks":34552,"I/O Read Time":0.0,"I/O Write Time":0.0,"Temp I/O Read Time":0.0,"Temp I/O Write Time":158.858,"Plans":[{"Node Type":"Seq Scan","Parent Relationship":"Outer","Parallel Aware":false,"Async Capable":false,"Relation Name":"orders","Schema":"public","Alias":"orders","Startup Cost":0.0,"Total Cost":119121.6,"Plan Rows":5996324,"Plan Width":24,"Actual Startup Time":0.016,"Actual Total Time":734.961,"Actual Rows":5995789,"Actual Loops":1,"Output":["orders.o_entry_d","orders.o_w_id","orders.o_d_id","orders.o_id","orders.o_c_id"],"Filter":"(orders.o_entry_d >= '1992-01-02 20:10:02.27764'::timestamp without time zone)","Rows Removed by Filter":4211,"Shared Hit Blocks":44122,"Shared Read Blocks":0,"Shared Dirtied Blocks":0,"Shared Written Blocks":0,"Local Hit Blocks":0,"Local Read Blocks":0,"Local Dirtied Blocks":0,"Local Written Blocks":0,"Temp Read Blocks":0,"Temp Written Blocks":0,"I/O Read Time":0.0,"I/O Write Time":0.0,"Temp I/O Read Time":0.0,"Temp I/O Write Time":0.0}]}]}]},{"Node Type":"Materialize","Parent Relationship":"Inner","Parallel Aware":false,"Async Capable":false,"Startup Cost":557789.1,"Total Cost":558756.87,"Plan Rows":193553,"Plan Width":20,"Actual Startup Time":2235.373,"Actual Total Time":2307.79,"Actual Rows":293066,"Actual Loops":1,"Output":["customer.c_nationkey","customer.c_id","customer.c_w_id","customer.c_d_id","n2.n_name"],"Shared Hit Blocks":459991,"Shared Read Blocks":0,"Shared Dirtied Blocks":0,"Shared Written Blocks":0,"Local Hit Blocks":0,"Local Read Blocks":0,"Local Dirtied Blocks":0,"Local Written Blocks":0,"Temp Read Blocks":1090,"Temp Written Blocks":1096,"I/O Read Time":0.0,"I/O Write Time":0.0,"Temp I/O Read Time":1.638,"Temp I/O Write Time":4.613,"Plans":[{"Node Type":"Sort","Parent Relationship":"Outer","Parallel Aware":false,"Async Capable":false,"Startup Cost":557789.1,"Total Cost":558272.98,"Plan Rows":193553,"Plan Width":20,"Actual Startup Time":2235.364,"Actual Total Time":2276.136,"Actual Rows":289967,"Actual Loops":1,"Output":["customer.c_nationkey","customer.c_id","customer.c_w_id","customer.c_d_id","n2.n_name"],"Sort Key":["customer.c_id","customer.c_w_id","customer.c_d_id"],"Sort Method":"external merge","Sort Space Used":8720,"Sort Space Type":"Disk","Shared Hit Blocks":459991,"Shared Read Blocks":0,"Shared Dirtied Blocks":0,"Shared Written Blocks":0,"Local Hit Blocks":0,"Local Read Blocks":0,"Local Dirtied Blocks":0,"Local Written Blocks":0,"Temp Read Blocks":1090,"Temp Written Blocks":1096,"I/O Read Time":0.0,"I/O Write Time":0.0,"Temp I/O Read Time":1.638,"Temp I/O Write Time":4.613,"Plans":[{"Node Type":"Hash Join","Parent Relationship":"Outer","Parallel Aware":false,"Async Capable":false,"Join Type":"Inner","Startup Cost":1.95,"Total Cost":536820.36,"Plan Rows":193553,"Plan Width":20,"Actual Startup Time":0.085,"Actual Total Time":2125.375,"Actual Rows":289972,"Actual Loops":1,"Output":["customer.c_nationkey","customer.c_id","customer.c_w_id","customer.c_d_id","n2.n_name"],"Inner Unique":true,"Hash Cond":"(customer.c_nationkey = n2.n_nationkey)","Shared Hit Blocks":459991,"Shared Read Blocks":0,"Shared Dirtied Blocks":0,"Shared Written Blocks":0,"Local Hit Blocks":0,"Local Read Blocks":0,"Local Dirtied Blocks":0,"Local Written Blocks":0,"Temp Read Blocks":0,"Temp Written Blocks":0,"I/O Read Time":0.0,"I/O Write Time":0.0,"Temp I/O Read Time":0.0,"Temp I/O Write Time":0.0,"Plans":[{"Node Type":"Seq Scan","Parent Relationship":"Outer","Parallel Aware":false,"Async Capable":false,"Relation Name":"customer","Schema":"public","Alias":"customer","Startup Cost":0.0,"Total Cost":519991.4,"Plan Rows":6000140,"Plan Width":12,"Actual Startup Time":0.025,"Actual Total Time":719.748,"Actual Rows":6000000,"Actual Loops":1,"Output":["customer.c_id","customer.c_d_id","customer.c_w_id","customer.c_nationkey","customer.c_first","customer.c_middle","customer.c_last","customer.c_street_1","customer.c_street_2","customer.c_city","customer.c_state","customer.c_zip","customer.c_phone","customer.c_since","customer.c_credit","customer.c_credit_lim","customer.c_discount","customer.c_balance","customer.c_ytd_payment","customer.c_payment_cnt","customer.c_delivery_cnt","customer.c_data"],"Shared Hit Blocks":459990,"Shared Read Blocks":0,"Shared Dirtied Blocks":0,"Shared Written Blocks":0,"Local Hit Blocks":0,"Local Read Blocks":0,"Local Dirtied Blocks":0,"Local Written Blocks":0,"Temp Read Blocks":0,"Temp Written Blocks":0,"I/O Read Time":0.0,"I/O Write Time":0.0,"Temp I/O Read Time":0.0,"Temp I/O Write Time":0.0},{"Node Type":"Hash","Parent Relationship":"Inner","Parallel Aware":false,"Async Capable":false,"Startup Cost":1.93,"Total Cost":1.93,"Plan Rows":2,"Plan Width":12,"Actual Startup Time":0.024,"Actual Total Time":0.025,"Actual Rows":2,"Actual Loops":1,"Output":["n2.n_nationkey","n2.n_name"],"Hash Buckets":1024,"Original Hash Buckets":1024,"Hash Batches":1,"Original Hash Batches":1,"Peak Memory Usage":9,"Shared Hit Blocks":1,"Shared Read Blocks":0,"Shared Dirtied Blocks":0,"Shared Written Blocks":0,"Local Hit Blocks":0,"Local Read Blocks":0,"Local Dirtied Blocks":0,"Local Written Blocks":0,"Temp Read Blocks":0,"Temp Written Blocks":0,"I/O Read Time":0.0,"I/O Write Time":0.0,"Temp I/O Read Time":0.0,"Temp I/O Write Time":0.0,"Plans":[{"Node Type":"Seq Scan","Parent Relationship":"Outer","Parallel Aware":false,"Async Capable":false,"Relation Name":"nation","Schema":"public","Alias":"n2","Startup Cost":0.0,"Total Cost":1.93,"Plan Rows":2,"Plan Width":12,"Actual Startup Time":0.015,"Actual Total Time":0.02,"Actual Rows":2,"Actual Loops":1,"Output":["n2.n_nationkey","n2.n_name"],"Filter":"(((n2.n_name)::text = 'Cambodia'::text) OR ((n2.n_name)::text = 'Germany'::text))","Rows Removed by Filter":60,"Shared Hit Blocks":1,"Shared Read Blocks":0,"Shared Dirtied Blocks":0,"Shared Written Blocks":0,"Local Hit Blocks":0,"Local Read Blocks":0,"Local Dirtied Blocks":0,"Local Written Blocks":0,"Temp Read Blocks":0,"Temp Written Blocks":0,"I/O Read Time":0.0,"I/O Write Time":0.0,"Temp I/O Read Time":0.0,"Temp I/O Write Time":0.0}]}]}]}]}]}]}]},"Planning":{"Shared Hit Blocks":152,"Shared Read Blocks":0,"Shared Dirtied Blocks":0,"Shared Written Blocks":0,"Local Hit Blocks":0,"Local Read Blocks":0,"Local Dirtied Blocks":0,"Local Written Blocks":0,"Temp Read Blocks":0,"Temp Written Blocks":0,"I/O Read Time":0.0,"I/O Write Time":0.0,"Temp I/O Read Time":0.0,"Temp I/O Write Time":0.0},"Planning Time":3.148,"Triggers":[],"Execution Time":23039.028}]
[列存组合]: nation, orders
[{"Plan":{"Node Type":"Aggregate","Strategy":"Sorted","Partial Mode":"Simple","Parallel Aware":false,"Async Capable":false,"Startup Cost":3780962.37,"Total Cost":3781217.19,"Plan Rows":9266,"Plan Width":72,"Actual Startup Time":22783.131,"Actual Total Time":22785.666,"Actual Rows":6,"Actual Loops":1,"Output":["supplier.su_nationkey","customer.c_nationkey","(EXTRACT(year FROM orders.o_entry_d))","sum(order_line.ol_amount)"],"Group Key":["supplier.su_nationkey","customer.c_nationkey","(EXTRACT(year FROM orders.o_entry_d))"],"Shared Hit Blocks":1240752,"Shared Read Blocks":0,"Shared Dirtied Blocks":0,"Shared Written Blocks":0,"Local Hit Blocks":0,"Local Read Blocks":0,"Local Dirtied Blocks":0,"Local Written Blocks":0,"Temp Read Blocks":124799,"Temp Written Blocks":124817,"I/O Read Time":0.0,"I/O Write Time":0.0,"Temp I/O Read Time":188.119,"Temp I/O Write Time":532.783,"Plans":[{"Node Type":"Sort","Parent Relationship":"Outer","Parallel Aware":false,"Async Capable":false,"Startup Cost":3780962.37,"Total Cost":3780985.54,"Plan Rows":9266,"Plan Width":44,"Actual Startup Time":22783.025,"Actual Total Time":22783.543,"Actual Rows":12121,"Actual Loops":1,"Output":["supplier.su_nationkey","customer.c_nationkey","(EXTRACT(year FROM orders.o_entry_d))","order_line.ol_amount"],"Sort Key":["supplier.su_nationkey","customer.c_nationkey","(EXTRACT(year FROM orders.o_entry_d))"],"Sort Method":"quicksort","Sort Space Used":1047,"Sort Space Type":"Memory","Shared Hit Blocks":1240752,"Shared Read Blocks":0,"Shared Dirtied Blocks":0,"Shared Written Blocks":0,"Local Hit Blocks":0,"Local Read Blocks":0,"Local Dirtied Blocks":0,"Local Written Blocks":0,"Temp Read Blocks":124799,"Temp Written Blocks":124817,"I/O Read Time":0.0,"I/O Write Time":0.0,"Temp I/O Read Time":188.119,"Temp I/O Write Time":532.783,"Plans":[{"Node Type":"Merge Join","Parent Relationship":"Outer","Parallel Aware":false,"Async Capable":false,"Join Type":"Inner","Startup Cost":3771892.02,"Total Cost":3780351.85,"Plan Rows":9266,"Plan Width":44,"Actual Startup Time":22439.04,"Actual Total Time":22780.0,"Actual Rows":12121,"Actual Loops":1,"Output":["supplier.su_nationkey","customer.c_nationkey","EXTRACT(year FROM orders.o_entry_d)","order_line.ol_amount"],"Inner Unique":false,"Merge Cond":"((orders.o_c_id = customer.c_id) AND (order_line.ol_w_id = customer.c_w_id) AND (order_line.ol_d_id = customer.c_d_id))","Join Filter":"((((n1.n_name)::text = 'Germany'::text) AND ((n2.n_name)::text = 'Cambodia'::text)) OR (((n1.n_name)::text = 'Cambodia'::text) AND ((n2.n_name)::text = 'Germany'::text)))","Rows Removed by Join Filter":11453,"Shared Hit Blocks":1240752,"Shared Read Blocks":0,"Shared Dirtied Blocks":0,"Shared Written Blocks":0,"Local Hit Blocks":0,"Local Read Blocks":0,"Local Dirtied Blocks":0,"Local Written Blocks":0,"Temp Read Blocks":124799,"Temp Written Blocks":124817,"I/O Read Time":0.0,"I/O Write Time":0.0,"Temp I/O Read Time":188.119,"Temp I/O Write Time":532.783,"Plans":[{"Node Type":"Sort","Parent Relationship":"Outer","Parallel Aware":false,"Async Capable":false,"Startup Cost":3214102.73,"Total Cost":3215516.13,"Plan Rows":565362,"Plan Width":36,"Actual Startup Time":20203.669,"Actual Total Time":20375.458,"Actual Rows":485009,"Actual Loops":1,"Output":["supplier.su_nationkey","order_line.ol_amount","order_line.ol_w_id","order_line.ol_d_id","orders.o_entry_d","orders.o_w_id","orders.o_d_id","orders.o_c_id","n1.n_name"],"Sort Key":["orders.o_c_id","order_line.ol_w_id","order_line.ol_d_id"],"Sort Method":"external merge","Sort Space Used":24000,"Sort Space Type":"Disk","Shared Hit Blocks":780761,"Shared Read Blocks":0,"Shared Dirtied Blocks":0,"Shared Written Blocks":0,"Local Hit Blocks":0,"Local Read Blocks":0,"Local Dirtied Blocks":0,"Local Written Blocks":0,"Temp Read Blocks":123709,"Temp Written Blocks":123721,"I/O Read Time":0.0,"I/O Write Time":0.0,"Temp I/O Read Time":186.52,"Temp I/O Write Time":528.504,"Plans":[{"Node Type":"Hash Join","Parent Relationship":"Outer","Parallel Aware":false,"Async Capable":false,"Join Type":"Inner","Startup Cost":906075.03,"Total Cost":3144626.23,"Plan Rows":565362,"Plan Width":36,"Actual Startup Time":8436.737,"Actual Total Time":19954.727,"Actual Rows":485009,"Actual Loops":1,"Output":["supplier.su_nationkey","order_line.ol_amount","order_line.ol_w_id","order_line.ol_d_id","orders.o_entry_d","orders.o_w_id","orders.o_d_id","orders.o_c_id","n1.n_name"],"Inner Unique":true,"Hash Cond":"((order_line.ol_w_id = orders.o_w_id) AND (order_line.ol_d_id = orders.o_d_id) AND (order_line.ol_o_id = orders.o_id))","Shared Hit Blocks":780761,"Shared Read Blocks":0,"Shared Dirtied Blocks":0,"Shared Written Blocks":0,"Local Hit Blocks":0,"Local Read Blocks":0,"Local Dirtied Blocks":0,"Local Written Blocks":0,"Temp Read Blocks":120709,"Temp Written Blocks":120709,"I/O Read Time":0.0,"I/O Write Time":0.0,"Temp I/O Read Time":182.175,"Temp I/O Write Time":517.397,"Plans":[{"Node Type":"Hash Join","Parent Relationship":"Outer","Parallel Aware":false,"Async Capable":false,"Join Type":"Inner","Startup Cost":646882.76,"Total Cost":2838108.04,"Plan Rows":565705,"Plan Width":28,"Actual Startup Time":6619.731,"Actual Total Time":17465.475,"Actual Rows":485009,"Actual Loops":1,"Output":["supplier.su_nationkey","order_line.ol_amount","order_line.ol_w_id","order_line.ol_d_id","order_line.ol_o_id","n1.n_name"],"Inner Unique":false,"Hash Cond":"((order_line.ol_supply_w_id = stock.s_w_id) AND (order_line.ol_i_id = stock.s_i_id))","Shared Hit Blocks":736639,"Shared Read Blocks":0,"Shared Dirtied Blocks":0,"Shared Written Blocks":0,"Local Hit Blocks":0,"Local Read Blocks":0,"Local Dirtied Blocks":0,"Local Written Blocks":0,"Temp Read Blocks":83003,"Temp Written Blocks":83003,"I/O Read Time":0.0,"I/O Write Time":0.0,"Temp I/O Read Time":125.21,"Temp I/O Write Time":345.495,"Plans":[{"Node Type":"Seq Scan","Parent Relationship":"Outer","Parallel Aware":false,"Async Capable":false,"Relation Name":"order_line","Schema":"public","Alias":"order_line","Startup Cost":0.0,"Total Cost":1581655.36,"Plan Rows":17536869,"Plan Width":22,"Actual Startup Time":6.519,"Actual Total Time":5722.814,"Actual Rows":17139931,"Actual Loops":1,"Output":["order_line.ol_amount","order_line.ol_supply_w_id","order_line.ol_i_id","order_line.ol_w_id","order_line.ol_d_id","order_line.ol_o_id"],"Filter":"((order_line.ol_delivery_d >= '1995-01-02 20:10:02.27764'::timestamp without time zone) AND (order_line.ol_delivery_d <= '1997-01-01 20:10:02.27764'::timestamp without time zone))","Rows Removed by Filter":42853830,"Shared Hit Blocks":681748,"Shared Read Blocks":0,"Shared Dirtied Blocks":0,"Shared Written Blocks":0,"Local Hit Blocks":0,"Local Read Blocks":0,"Local Dirtied Blocks":0,"Local Written Blocks":0,"Temp Read Blocks":0,"Temp Written Blocks":0,"I/O Read Time":0.0,"I/O Write Time":0.0,"Temp I/O Read Time":0.0,"Temp I/O Write Time":0.0},{"Node Type":"Hash","Parent Relationship":"Inner","Parallel Aware":false,"Async Capable":false,"Startup Cost":633424.24,"Total Cost":633424.24,"Plan Rows":645168,"Plan Width":18,"Actual Startup Time":6612.638,"Actual Total Time":6612.648,"Actual Rows":566400,"Actual Loops":1,"Output":["supplier.su_nationkey","stock.s_w_id","stock.s_i_id","n1.n_name"],"Hash Buckets":131072,"Original Hash Buckets":131072,"Hash Batches":8,"Original Hash Batches":8,"Peak Memory Usage":4646,"Shared Hit Blocks":54891,"Shared Read Blocks":0,"Shared Dirtied Blocks":0,"Shared Written Blocks":0,"Local Hit Blocks":0,"Local Read Blocks":0,"Local Dirtied Blocks":0,"Local Written Blocks":0,"Temp Read Blocks":0,"Temp Written Blocks":2445,"I/O Read Time":0.0,"I/O Write Time":0.0,"Temp I/O Read Time":0.0,"Temp I/O Write Time":12.455,"Plans":[{"Node Type":"Hash Join","Parent Relationship":"Outer","Parallel Aware":false,"Async Capable":false,"Join Type":"Inner","Startup Cost":444.39,"Total Cost":633424.24,"Plan Rows":645168,"Plan Width":18,"Actual Startup Time":2.592,"Actual Total Time":6506.904,"Actual Rows":566400,"Actual Loops":1,"Output":["supplier.su_nationkey","stock.s_w_id","stock.s_i_id","n1.n_name"],"Inner Unique":true,"Hash Cond":"(supplier.su_nationkey = n1.n_nationkey)","Shared Hit Blocks":54891,"Shared Read Blocks":0,"Shared Dirtied Blocks":0,"Shared Written Blocks":0,"Local Hit Blocks":0,"Local Read Blocks":0,"Local Dirtied Blocks":0,"Local Written Blocks":0,"Temp Read Blocks":0,"Temp Written Blocks":0,"I/O Read Time":0.0,"I/O Write Time":0.0,"Temp I/O Read Time":0.0,"Temp I/O Write Time":0.0,"Plans":[{"Node Type":"Hash Join","Parent Relationship":"Outer","Parallel Aware":false,"Async Capable":false,"Join Type":"Inner","Startup Cost":442.44,"Total Cost":577332.98,"Plan Rows":20000212,"Plan Width":10,"Actual Startup Time":2.549,"Actual Total Time":5207.286,"Actual Rows":20000000,"Actual Loops":1,"Output":["supplier.su_nationkey","stock.s_w_id","stock.s_i_id"],"Inner Unique":true,"Hash Cond":"(mod((stock.s_w_id * stock.s_i_id), 10000) = supplier.su_suppkey)","Shared Hit Blocks":54890,"Shared Read Blocks":0,"Shared Dirtied Blocks":0,"Shared Written Blocks":0,"Local Hit Blocks":0,"Local Read Blocks":0,"Local Dirtied Blocks":0,"Local Written Blocks":0,"Temp Read Blocks":0,"Temp Written Blocks":0,"I/O Read Time":0.0,"I/O Write Time":0.0,"Temp I/O Read Time":0.0,"Temp I/O Write Time":0.0,"Plans":[{"Node Type":"Index Only Scan","Parent Relationship":"Outer","Parallel Aware":false,"Async Capable":false,"Scan Direction":"Forward","Index Name":"stock_pk","Relation Name":"stock","Schema":"public","Alias":"stock","Startup Cost":0.44,"Total Cost":519363.62,"Plan Rows":20000212,"Plan Width":6,"Actual Startup Time":0.03,"Actual Total Time":1520.074,"Actual Rows":20000000,"Actual Loops":1,"Output":["stock.s_w_id","stock.s_i_id"],"Heap Fetches":0,"Shared Hit Blocks":54673,"Shared Read Blocks":0,"Shared Dirtied Blocks":0,"Shared Written Blocks":0,"Local Hit Blocks":0,"Local Read Blocks":0,"Local Dirtied Blocks":0,"Local Written Blocks":0,"Temp Read Blocks":0,"Temp Written Blocks":0,"I/O Read Time":0.0,"I/O Write Time":0.0,"Temp I/O Read Time":0.0,"Temp I/O Write Time":0.0},{"Node Type":"Hash","Parent Relationship":"Inner","Parallel Aware":false,"Async Capable":false,"Startup Cost":317.0,"Total Cost":317.0,"Plan Rows":10000,"Plan Width":8,"Actual Startup Time":2.464,"Actual Total Time":2.464,"Actual Rows":10000,"Actual Loops":1,"Output":["supplier.su_nationkey","supplier.su_suppkey"],"Hash Buckets":16384,"Original Hash Buckets":16384,"Hash Batches":1,"Original Hash Batches":1,"Peak Memory Usage":519,"Shared Hit Blocks":217,"Shared Read Blocks":0,"Shared Dirtied Blocks":0,"Shared Written Blocks":0,"Local Hit Blocks":0,"Local Read Blocks":0,"Local Dirtied Blocks":0,"Local Written Blocks":0,"Temp Read Blocks":0,"Temp Written Blocks":0,"I/O Read Time":0.0,"I/O Write Time":0.0,"Temp I/O Read Time":0.0,"Temp I/O Write Time":0.0,"Plans":[{"Node Type":"Seq Scan","Parent Relationship":"Outer","Parallel Aware":false,"Async Capable":false,"Relation Name":"supplier","Schema":"public","Alias":"supplier","Startup Cost":0.0,"Total Cost":317.0,"Plan Rows":10000,"Plan Width":8,"Actual Startup Time":0.015,"Actual Total Time":1.263,"Actual Rows":10000,"Actual Loops":1,"Output":["supplier.su_nationkey","supplier.su_suppkey"],"Shared Hit Blocks":217,"Shared Read Blocks":0,"Shared Dirtied Blocks":0,"Shared Written Blocks":0,"Local Hit Blocks":0,"Local Read Blocks":0,"Local Dirtied Blocks":0,"Local Written Blocks":0,"Temp Read Blocks":0,"Temp Written Blocks":0,"I/O Read Time":0.0,"I/O Write Time":0.0,"Temp I/O Read Time":0.0,"Temp I/O Write Time":0.0}]}]},{"Node Type":"Hash","Parent Relationship":"Inner","Parallel Aware":false,"Async Capable":false,"Startup Cost":1.93,"Total Cost":1.93,"Plan Rows":2,"Plan Width":12,"Actual Startup Time":0.029,"Actual Total Time":0.031,"Actual Rows":2,"Actual Loops":1,"Output":["n1.n_nationkey","n1.n_name"],"Hash Buckets":1024,"Original Hash Buckets":1024,"Hash Batches":1,"Original Hash Batches":1,"Peak Memory Usage":9,"Shared Hit Blocks":1,"Shared Read Blocks":0,"Shared Dirtied Blocks":0,"Shared Written Blocks":0,"Local Hit Blocks":0,"Local Read Blocks":0,"Local Dirtied Blocks":0,"Local Written Blocks":0,"Temp Read Blocks":0,"Temp Written Blocks":0,"I/O Read Time":0.0,"I/O Write Time":0.0,"Temp I/O Read Time":0.0,"Temp I/O Write Time":0.0,"Plans":[{"Node Type":"Seq Scan","Parent Relationship":"Outer","Parallel Aware":false,"Async Capable":false,"Relation Name":"nation","Schema":"public","Alias":"n1","Startup Cost":0.0,"Total Cost":1.93,"Plan Rows":2,"Plan Width":12,"Actual Startup Time":0.019,"Actual Total Time":0.024,"Actual Rows":2,"Actual Loops":1,"Output":["n1.n_nationkey","n1.n_name"],"Filter":"(((n1.n_name)::text = 'Germany'::text) OR ((n1.n_name)::text = 'Cambodia'::text))","Rows Removed by Filter":60,"Shared Hit Blocks":1,"Shared Read Blocks":0,"Shared Dirtied Blocks":0,"Shared Written Blocks":0,"Local Hit Blocks":0,"Local Read Blocks":0,"Local Dirtied Blocks":0,"Local Written Blocks":0,"Temp Read Blocks":0,"Temp Written Blocks":0,"I/O Read Time":0.0,"I/O Write Time":0.0,"Temp I/O Read Time":0.0,"Temp I/O Write Time":0.0}]}]}]}]},{"Node Type":"Hash","Parent Relationship":"Inner","Parallel Aware":false,"Async Capable":false,"Startup Cost":119121.6,"Total Cost":119121.6,"Plan Rows":5996324,"Plan Width":24,"Actual Startup Time":1805.913,"Actual Total Time":1805.914,"Actual Rows":5995789,"Actual Loops":1,"Output":["orders.o_entry_d","orders.o_w_id","orders.o_d_id","orders.o_id","orders.o_c_id"],"Hash Buckets":131072,"Original Hash Buckets":131072,"Hash Batches":64,"Original Hash Batches":64,"Peak Memory Usage":6496,"Shared Hit Blocks":44122,"Shared Read Blocks":0,"Shared Dirtied Blocks":0,"Shared Written Blocks":0,"Local Hit Blocks":0,"Local Read Blocks":0,"Local Dirtied Blocks":0,"Local Written Blocks":0,"Temp Read Blocks":0,"Temp Written Blocks":34552,"I/O Read Time":0.0,"I/O Write Time":0.0,"Temp I/O Read Time":0.0,"Temp I/O Write Time":153.861,"Plans":[{"Node Type":"Seq Scan","Parent Relationship":"Outer","Parallel Aware":false,"Async Capable":false,"Relation Name":"orders","Schema":"public","Alias":"orders","Startup Cost":0.0,"Total Cost":119121.6,"Plan Rows":5996324,"Plan Width":24,"Actual Startup Time":0.014,"Actual Total Time":730.223,"Actual Rows":5995789,"Actual Loops":1,"Output":["orders.o_entry_d","orders.o_w_id","orders.o_d_id","orders.o_id","orders.o_c_id"],"Filter":"(orders.o_entry_d >= '1992-01-02 20:10:02.27764'::timestamp without time zone)","Rows Removed by Filter":4211,"Shared Hit Blocks":44122,"Shared Read Blocks":0,"Shared Dirtied Blocks":0,"Shared Written Blocks":0,"Local Hit Blocks":0,"Local Read Blocks":0,"Local Dirtied Blocks":0,"Local Written Blocks":0,"Temp Read Blocks":0,"Temp Written Blocks":0,"I/O Read Time":0.0,"I/O Write Time":0.0,"Temp I/O Read Time":0.0,"Temp I/O Write Time":0.0}]}]}]},{"Node Type":"Materialize","Parent Relationship":"Inner","Parallel Aware":false,"Async Capable":false,"Startup Cost":557789.1,"Total Cost":558756.87,"Plan Rows":193553,"Plan Width":20,"Actual Startup Time":2235.322,"Actual Total Time":2308.046,"Actual Rows":293066,"Actual Loops":1,"Output":["customer.c_nationkey","customer.c_id","customer.c_w_id","customer.c_d_id","n2.n_name"],"Shared Hit Blocks":459991,"Shared Read Blocks":0,"Shared Dirtied Blocks":0,"Shared Written Blocks":0,"Local Hit Blocks":0,"Local Read Blocks":0,"Local Dirtied Blocks":0,"Local Written Blocks":0,"Temp Read Blocks":1090,"Temp Written Blocks":1096,"I/O Read Time":0.0,"I/O Write Time":0.0,"Temp I/O Read Time":1.599,"Temp I/O Write Time":4.28,"Plans":[{"Node Type":"Sort","Parent Relationship":"Outer","Parallel Aware":false,"Async Capable":false,"Startup Cost":557789.1,"Total Cost":558272.98,"Plan Rows":193553,"Plan Width":20,"Actual Startup Time":2235.315,"Actual Total Time":2276.191,"Actual Rows":289967,"Actual Loops":1,"Output":["customer.c_nationkey","customer.c_id","customer.c_w_id","customer.c_d_id","n2.n_name"],"Sort Key":["customer.c_id","customer.c_w_id","customer.c_d_id"],"Sort Method":"external merge","Sort Space Used":8720,"Sort Space Type":"Disk","Shared Hit Blocks":459991,"Shared Read Blocks":0,"Shared Dirtied Blocks":0,"Shared Written Blocks":0,"Local Hit Blocks":0,"Local Read Blocks":0,"Local Dirtied Blocks":0,"Local Written Blocks":0,"Temp Read Blocks":1090,"Temp Written Blocks":1096,"I/O Read Time":0.0,"I/O Write Time":0.0,"Temp I/O Read Time":1.599,"Temp I/O Write Time":4.28,"Plans":[{"Node Type":"Hash Join","Parent Relationship":"Outer","Parallel Aware":false,"Async Capable":false,"Join Type":"Inner","Startup Cost":1.95,"Total Cost":536820.36,"Plan Rows":193553,"Plan Width":20,"Actual Startup Time":0.083,"Actual Total Time":2125.475,"Actual Rows":289972,"Actual Loops":1,"Output":["customer.c_nationkey","customer.c_id","customer.c_w_id","customer.c_d_id","n2.n_name"],"Inner Unique":true,"Hash Cond":"(customer.c_nationkey = n2.n_nationkey)","Shared Hit Blocks":459991,"Shared Read Blocks":0,"Shared Dirtied Blocks":0,"Shared Written Blocks":0,"Local Hit Blocks":0,"Local Read Blocks":0,"Local Dirtied Blocks":0,"Local Written Blocks":0,"Temp Read Blocks":0,"Temp Written Blocks":0,"I/O Read Time":0.0,"I/O Write Time":0.0,"Temp I/O Read Time":0.0,"Temp I/O Write Time":0.0,"Plans":[{"Node Type":"Seq Scan","Parent Relationship":"Outer","Parallel Aware":false,"Async Capable":false,"Relation Name":"customer","Schema":"public","Alias":"customer","Startup Cost":0.0,"Total Cost":519991.4,"Plan Rows":6000140,"Plan Width":12,"Actual Startup Time":0.024,"Actual Total Time":721.737,"Actual Rows":6000000,"Actual Loops":1,"Output":["customer.c_id","customer.c_d_id","customer.c_w_id","customer.c_nationkey","customer.c_first","customer.c_middle","customer.c_last","customer.c_street_1","customer.c_street_2","customer.c_city","customer.c_state","customer.c_zip","customer.c_phone","customer.c_since","customer.c_credit","customer.c_credit_lim","customer.c_discount","customer.c_balance","customer.c_ytd_payment","customer.c_payment_cnt","customer.c_delivery_cnt","customer.c_data"],"Shared Hit Blocks":459990,"Shared Read Blocks":0,"Shared Dirtied Blocks":0,"Shared Written Blocks":0,"Local Hit Blocks":0,"Local Read Blocks":0,"Local Dirtied Blocks":0,"Local Written Blocks":0,"Temp Read Blocks":0,"Temp Written Blocks":0,"I/O Read Time":0.0,"I/O Write Time":0.0,"Temp I/O Read Time":0.0,"Temp I/O Write Time":0.0},{"Node Type":"Hash","Parent Relationship":"Inner","Parallel Aware":false,"Async Capable":false,"Startup Cost":1.93,"Total Cost":1.93,"Plan Rows":2,"Plan Width":12,"Actual Startup Time":0.024,"Actual Total Time":0.024,"Actual Rows":2,"Actual Loops":1,"Output":["n2.n_nationkey","n2.n_name"],"Hash Buckets":1024,"Original Hash Buckets":1024,"Hash Batches":1,"Original Hash Batches":1,"Peak Memory Usage":9,"Shared Hit Blocks":1,"Shared Read Blocks":0,"Shared Dirtied Blocks":0,"Shared Written Blocks":0,"Local Hit Blocks":0,"Local Read Blocks":0,"Local Dirtied Blocks":0,"Local Written Blocks":0,"Temp Read Blocks":0,"Temp Written Blocks":0,"I/O Read Time":0.0,"I/O Write Time":0.0,"Temp I/O Read Time":0.0,"Temp I/O Write Time":0.0,"Plans":[{"Node Type":"Seq Scan","Parent Relationship":"Outer","Parallel Aware":false,"Async Capable":false,"Relation Name":"nation","Schema":"public","Alias":"n2","Startup Cost":0.0,"Total Cost":1.93,"Plan Rows":2,"Plan Width":12,"Actual Startup Time":0.014,"Actual Total Time":0.019,"Actual Rows":2,"Actual Loops":1,"Output":["n2.n_nationkey","n2.n_name"],"Filter":"(((n2.n_name)::text = 'Cambodia'::text) OR ((n2.n_name)::text = 'Germany'::text))","Rows Removed by Filter":60,"Shared Hit Blocks":1,"Shared Read Blocks":0,"Shared Dirtied Blocks":0,"Shared Written Blocks":0,"Local Hit Blocks":0,"Local Read Blocks":0,"Local Dirtied Blocks":0,"Local Written Blocks":0,"Temp Read Blocks":0,"Temp Written Blocks":0,"I/O Read Time":0.0,"I/O Write Time":0.0,"Temp I/O Read Time":0.0,"Temp I/O Write Time":0.0}]}]}]}]}]}]}]},"Planning":{"Shared Hit Blocks":152,"Shared Read Blocks":0,"Shared Dirtied Blocks":0,"Shared Written Blocks":0,"Local Hit Blocks":0,"Local Read Blocks":0,"Local Dirtied Blocks":0,"Local Written Blocks":0,"Temp Read Blocks":0,"Temp Written Blocks":0,"I/O Read Time":0.0,"I/O Write Time":0.0,"Temp I/O Read Time":0.0,"Temp I/O Write Time":0.0},"Planning Time":2.488,"Triggers":[],"Execution Time":22791.006}]
[列存组合]: nation, stock
[{"Plan":{"Node Type":"Aggregate","Strategy":"Sorted","Partial Mode":"Simple","Parallel Aware":false,"Async Capable":false,"Startup Cost":3780962.37,"Total Cost":3781217.19,"Plan Rows":9266,"Plan Width":72,"Actual Startup Time":22811.194,"Actual Total Time":22813.733,"Actual Rows":6,"Actual Loops":1,"Output":["supplier.su_nationkey","customer.c_nationkey","(EXTRACT(year FROM orders.o_entry_d))","sum(order_line.ol_amount)"],"Group Key":["supplier.su_nationkey","customer.c_nationkey","(EXTRACT(year FROM orders.o_entry_d))"],"Shared Hit Blocks":1240752,"Shared Read Blocks":0,"Shared Dirtied Blocks":0,"Shared Written Blocks":0,"Local Hit Blocks":0,"Local Read Blocks":0,"Local Dirtied Blocks":0,"Local Written Blocks":0,"Temp Read Blocks":124799,"Temp Written Blocks":124817,"I/O Read Time":0.0,"I/O Write Time":0.0,"Temp I/O Read Time":192.707,"Temp I/O Write Time":538.766,"Plans":[{"Node Type":"Sort","Parent Relationship":"Outer","Parallel Aware":false,"Async Capable":false,"Startup Cost":3780962.37,"Total Cost":3780985.54,"Plan Rows":9266,"Plan Width":44,"Actual Startup Time":22811.083,"Actual Total Time":22811.608,"Actual Rows":12121,"Actual Loops":1,"Output":["supplier.su_nationkey","customer.c_nationkey","(EXTRACT(year FROM orders.o_entry_d))","order_line.ol_amount"],"Sort Key":["supplier.su_nationkey","customer.c_nationkey","(EXTRACT(year FROM orders.o_entry_d))"],"Sort Method":"quicksort","Sort Space Used":1047,"Sort Space Type":"Memory","Shared Hit Blocks":1240752,"Shared Read Blocks":0,"Shared Dirtied Blocks":0,"Shared Written Blocks":0,"Local Hit Blocks":0,"Local Read Blocks":0,"Local Dirtied Blocks":0,"Local Written Blocks":0,"Temp Read Blocks":124799,"Temp Written Blocks":124817,"I/O Read Time":0.0,"I/O Write Time":0.0,"Temp I/O Read Time":192.707,"Temp I/O Write Time":538.766,"Plans":[{"Node Type":"Merge Join","Parent Relationship":"Outer","Parallel Aware":false,"Async Capable":false,"Join Type":"Inner","Startup Cost":3771892.02,"Total Cost":3780351.85,"Plan Rows":9266,"Plan Width":44,"Actual Startup Time":22467.29,"Actual Total Time":22807.987,"Actual Rows":12121,"Actual Loops":1,"Output":["supplier.su_nationkey","customer.c_nationkey","EXTRACT(year FROM orders.o_entry_d)","order_line.ol_amount"],"Inner Unique":false,"Merge Cond":"((orders.o_c_id = customer.c_id) AND (order_line.ol_w_id = customer.c_w_id) AND (order_line.ol_d_id = customer.c_d_id))","Join Filter":"((((n1.n_name)::text = 'Germany'::text) AND ((n2.n_name)::text = 'Cambodia'::text)) OR (((n1.n_name)::text = 'Cambodia'::text) AND ((n2.n_name)::text = 'Germany'::text)))","Rows Removed by Join Filter":11453,"Shared Hit Blocks":1240752,"Shared Read Blocks":0,"Shared Dirtied Blocks":0,"Shared Written Blocks":0,"Local Hit Blocks":0,"Local Read Blocks":0,"Local Dirtied Blocks":0,"Local Written Blocks":0,"Temp Read Blocks":124799,"Temp Written Blocks":124817,"I/O Read Time":0.0,"I/O Write Time":0.0,"Temp I/O Read Time":192.707,"Temp I/O Write Time":538.766,"Plans":[{"Node Type":"Sort","Parent Relationship":"Outer","Parallel Aware":false,"Async Capable":false,"Startup Cost":3214102.73,"Total Cost":3215516.13,"Plan Rows":565362,"Plan Width":36,"Actual Startup Time":20274.276,"Actual Total Time":20446.229,"Actual Rows":485009,"Actual Loops":1,"Output":["supplier.su_nationkey","order_line.ol_amount","order_line.ol_w_id","order_line.ol_d_id","orders.o_entry_d","orders.o_w_id","orders.o_d_id","orders.o_c_id","n1.n_name"],"Sort Key":["orders.o_c_id","order_line.ol_w_id","order_line.ol_d_id"],"Sort Method":"external merge","Sort Space Used":24000,"Sort Space Type":"Disk","Shared Hit Blocks":780761,"Shared Read Blocks":0,"Shared Dirtied Blocks":0,"Shared Written Blocks":0,"Local Hit Blocks":0,"Local Read Blocks":0,"Local Dirtied Blocks":0,"Local Written Blocks":0,"Temp Read Blocks":123709,"Temp Written Blocks":123721,"I/O Read Time":0.0,"I/O Write Time":0.0,"Temp I/O Read Time":191.069,"Temp I/O Write Time":534.228,"Plans":[{"Node Type":"Hash Join","Parent Relationship":"Outer","Parallel Aware":false,"Async Capable":false,"Join Type":"Inner","Startup Cost":906075.03,"Total Cost":3144626.23,"Plan Rows":565362,"Plan Width":36,"Actual Startup Time":8464.915,"Actual Total Time":20012.044,"Actual Rows":485009,"Actual Loops":1,"Output":["supplier.su_nationkey","order_line.ol_amount","order_line.ol_w_id","order_line.ol_d_id","orders.o_entry_d","orders.o_w_id","orders.o_d_id","orders.o_c_id","n1.n_name"],"Inner Unique":true,"Hash Cond":"((order_line.ol_w_id = orders.o_w_id) AND (order_line.ol_d_id = orders.o_d_id) AND (order_line.ol_o_id = orders.o_id))","Shared Hit Blocks":780761,"Shared Read Blocks":0,"Shared Dirtied Blocks":0,"Shared Written Blocks":0,"Local Hit Blocks":0,"Local Read Blocks":0,"Local Dirtied Blocks":0,"Local Written Blocks":0,"Temp Read Blocks":120709,"Temp Written Blocks":120709,"I/O Read Time":0.0,"I/O Write Time":0.0,"Temp I/O Read Time":186.692,"Temp I/O Write Time":522.559,"Plans":[{"Node Type":"Hash Join","Parent Relationship":"Outer","Parallel Aware":false,"Async Capable":false,"Join Type":"Inner","Startup Cost":646882.76,"Total Cost":2838108.04,"Plan Rows":565705,"Plan Width":28,"Actual Startup Time":6646.232,"Actual Total Time":17479.959,"Actual Rows":485009,"Actual Loops":1,"Output":["supplier.su_nationkey","order_line.ol_amount","order_line.ol_w_id","order_line.ol_d_id","order_line.ol_o_id","n1.n_name"],"Inner Unique":false,"Hash Cond":"((order_line.ol_supply_w_id = stock.s_w_id) AND (order_line.ol_i_id = stock.s_i_id))","Shared Hit Blocks":736639,"Shared Read Blocks":0,"Shared Dirtied Blocks":0,"Shared Written Blocks":0,"Local Hit Blocks":0,"Local Read Blocks":0,"Local Dirtied Blocks":0,"Local Written Blocks":0,"Temp Read Blocks":83003,"Temp Written Blocks":83003,"I/O Read Time":0.0,"I/O Write Time":0.0,"Temp I/O Read Time":126.039,"Temp I/O Write Time":345.63,"Plans":[{"Node Type":"Seq Scan","Parent Relationship":"Outer","Parallel Aware":false,"Async Capable":false,"Relation Name":"order_line","Schema":"public","Alias":"order_line","Startup Cost":0.0,"Total Cost":1581655.36,"Plan Rows":17536869,"Plan Width":22,"Actual Startup Time":6.522,"Actual Total Time":5698.695,"Actual Rows":17139931,"Actual Loops":1,"Output":["order_line.ol_amount","order_line.ol_supply_w_id","order_line.ol_i_id","order_line.ol_w_id","order_line.ol_d_id","order_line.ol_o_id"],"Filter":"((order_line.ol_delivery_d >= '1995-01-02 20:10:02.27764'::timestamp without time zone) AND (order_line.ol_delivery_d <= '1997-01-01 20:10:02.27764'::timestamp without time zone))","Rows Removed by Filter":42853830,"Shared Hit Blocks":681748,"Shared Read Blocks":0,"Shared Dirtied Blocks":0,"Shared Written Blocks":0,"Local Hit Blocks":0,"Local Read Blocks":0,"Local Dirtied Blocks":0,"Local Written Blocks":0,"Temp Read Blocks":0,"Temp Written Blocks":0,"I/O Read Time":0.0,"I/O Write Time":0.0,"Temp I/O Read Time":0.0,"Temp I/O Write Time":0.0},{"Node Type":"Hash","Parent Relationship":"Inner","Parallel Aware":false,"Async Capable":false,"Startup Cost":633424.24,"Total Cost":633424.24,"Plan Rows":645168,"Plan Width":18,"Actual Startup Time":6639.172,"Actual Total Time":6639.182,"Actual Rows":566400,"Actual Loops":1,"Output":["supplier.su_nationkey","stock.s_w_id","stock.s_i_id","n1.n_name"],"Hash Buckets":131072,"Original Hash Buckets":131072,"Hash Batches":8,"Original Hash Batches":8,"Peak Memory Usage":4646,"Shared Hit Blocks":54891,"Shared Read Blocks":0,"Shared Dirtied Blocks":0,"Shared Written Blocks":0,"Local Hit Blocks":0,"Local Read Blocks":0,"Local Dirtied Blocks":0,"Local Written Blocks":0,"Temp Read Blocks":0,"Temp Written Blocks":2445,"I/O Read Time":0.0,"I/O Write Time":0.0,"Temp I/O Read Time":0.0,"Temp I/O Write Time":12.754,"Plans":[{"Node Type":"Hash Join","Parent Relationship":"Outer","Parallel Aware":false,"Async Capable":false,"Join Type":"Inner","Startup Cost":444.39,"Total Cost":633424.24,"Plan Rows":645168,"Plan Width":18,"Actual Startup Time":2.597,"Actual Total Time":6532.931,"Actual Rows":566400,"Actual Loops":1,"Output":["supplier.su_nationkey","stock.s_w_id","stock.s_i_id","n1.n_name"],"Inner Unique":true,"Hash Cond":"(supplier.su_nationkey = n1.n_nationkey)","Shared Hit Blocks":54891,"Shared Read Blocks":0,"Shared Dirtied Blocks":0,"Shared Written Blocks":0,"Local Hit Blocks":0,"Local Read Blocks":0,"Local Dirtied Blocks":0,"Local Written Blocks":0,"Temp Read Blocks":0,"Temp Written Blocks":0,"I/O Read Time":0.0,"I/O Write Time":0.0,"Temp I/O Read Time":0.0,"Temp I/O Write Time":0.0,"Plans":[{"Node Type":"Hash Join","Parent Relationship":"Outer","Parallel Aware":false,"Async Capable":false,"Join Type":"Inner","Startup Cost":442.44,"Total Cost":577332.98,"Plan Rows":20000212,"Plan Width":10,"Actual Startup Time":2.567,"Actual Total Time":5204.847,"Actual Rows":20000000,"Actual Loops":1,"Output":["supplier.su_nationkey","stock.s_w_id","stock.s_i_id"],"Inner Unique":true,"Hash Cond":"(mod((stock.s_w_id * stock.s_i_id), 10000) = supplier.su_suppkey)","Shared Hit Blocks":54890,"Shared Read Blocks":0,"Shared Dirtied Blocks":0,"Shared Written Blocks":0,"Local Hit Blocks":0,"Local Read Blocks":0,"Local Dirtied Blocks":0,"Local Written Blocks":0,"Temp Read Blocks":0,"Temp Written Blocks":0,"I/O Read Time":0.0,"I/O Write Time":0.0,"Temp I/O Read Time":0.0,"Temp I/O Write Time":0.0,"Plans":[{"Node Type":"Index Only Scan","Parent Relationship":"Outer","Parallel Aware":false,"Async Capable":false,"Scan Direction":"Forward","Index Name":"stock_pk","Relation Name":"stock","Schema":"public","Alias":"stock","Startup Cost":0.44,"Total Cost":519363.62,"Plan Rows":20000212,"Plan Width":6,"Actual Startup Time":0.022,"Actual Total Time":1519.867,"Actual Rows":20000000,"Actual Loops":1,"Output":["stock.s_w_id","stock.s_i_id"],"Heap Fetches":0,"Shared Hit Blocks":54673,"Shared Read Blocks":0,"Shared Dirtied Blocks":0,"Shared Written Blocks":0,"Local Hit Blocks":0,"Local Read Blocks":0,"Local Dirtied Blocks":0,"Local Written Blocks":0,"Temp Read Blocks":0,"Temp Written Blocks":0,"I/O Read Time":0.0,"I/O Write Time":0.0,"Temp I/O Read Time":0.0,"Temp I/O Write Time":0.0},{"Node Type":"Hash","Parent Relationship":"Inner","Parallel Aware":false,"Async Capable":false,"Startup Cost":317.0,"Total Cost":317.0,"Plan Rows":10000,"Plan Width":8,"Actual Startup Time":2.494,"Actual Total Time":2.494,"Actual Rows":10000,"Actual Loops":1,"Output":["supplier.su_nationkey","supplier.su_suppkey"],"Hash Buckets":16384,"Original Hash Buckets":16384,"Hash Batches":1,"Original Hash Batches":1,"Peak Memory Usage":519,"Shared Hit Blocks":217,"Shared Read Blocks":0,"Shared Dirtied Blocks":0,"Shared Written Blocks":0,"Local Hit Blocks":0,"Local Read Blocks":0,"Local Dirtied Blocks":0,"Local Written Blocks":0,"Temp Read Blocks":0,"Temp Written Blocks":0,"I/O Read Time":0.0,"I/O Write Time":0.0,"Temp I/O Read Time":0.0,"Temp I/O Write Time":0.0,"Plans":[{"Node Type":"Seq Scan","Parent Relationship":"Outer","Parallel Aware":false,"Async Capable":false,"Relation Name":"supplier","Schema":"public","Alias":"supplier","Startup Cost":0.0,"Total Cost":317.0,"Plan Rows":10000,"Plan Width":8,"Actual Startup Time":0.008,"Actual Total Time":1.28,"Actual Rows":10000,"Actual Loops":1,"Output":["supplier.su_nationkey","supplier.su_suppkey"],"Shared Hit Blocks":217,"Shared Read Blocks":0,"Shared Dirtied Blocks":0,"Shared Written Blocks":0,"Local Hit Blocks":0,"Local Read Blocks":0,"Local Dirtied Blocks":0,"Local Written Blocks":0,"Temp Read Blocks":0,"Temp Written Blocks":0,"I/O Read Time":0.0,"I/O Write Time":0.0,"Temp I/O Read Time":0.0,"Temp I/O Write Time":0.0}]}]},{"Node Type":"Hash","Parent Relationship":"Inner","Parallel Aware":false,"Async Capable":false,"Startup Cost":1.93,"Total Cost":1.93,"Plan Rows":2,"Plan Width":12,"Actual Startup Time":0.019,"Actual Total Time":0.022,"Actual Rows":2,"Actual Loops":1,"Output":["n1.n_nationkey","n1.n_name"],"Hash Buckets":1024,"Original Hash Buckets":1024,"Hash Batches":1,"Original Hash Batches":1,"Peak Memory Usage":9,"Shared Hit Blocks":1,"Shared Read Blocks":0,"Shared Dirtied Blocks":0,"Shared Written Blocks":0,"Local Hit Blocks":0,"Local Read Blocks":0,"Local Dirtied Blocks":0,"Local Written Blocks":0,"Temp Read Blocks":0,"Temp Written Blocks":0,"I/O Read Time":0.0,"I/O Write Time":0.0,"Temp I/O Read Time":0.0,"Temp I/O Write Time":0.0,"Plans":[{"Node Type":"Seq Scan","Parent Relationship":"Outer","Parallel Aware":false,"Async Capable":false,"Relation Name":"nation","Schema":"public","Alias":"n1","Startup Cost":0.0,"Total Cost":1.93,"Plan Rows":2,"Plan Width":12,"Actual Startup Time":0.011,"Actual Total Time":0.017,"Actual Rows":2,"Actual Loops":1,"Output":["n1.n_nationkey","n1.n_name"],"Filter":"(((n1.n_name)::text = 'Germany'::text) OR ((n1.n_name)::text = 'Cambodia'::text))","Rows Removed by Filter":60,"Shared Hit Blocks":1,"Shared Read Blocks":0,"Shared Dirtied Blocks":0,"Shared Written Blocks":0,"Local Hit Blocks":0,"Local Read Blocks":0,"Local Dirtied Blocks":0,"Local Written Blocks":0,"Temp Read Blocks":0,"Temp Written Blocks":0,"I/O Read Time":0.0,"I/O Write Time":0.0,"Temp I/O Read Time":0.0,"Temp I/O Write Time":0.0}]}]}]}]},{"Node Type":"Hash","Parent Relationship":"Inner","Parallel Aware":false,"Async Capable":false,"Startup Cost":119121.6,"Total Cost":119121.6,"Plan Rows":5996324,"Plan Width":24,"Actual Startup Time":1807.675,"Actual Total Time":1807.678,"Actual Rows":5995789,"Actual Loops":1,"Output":["orders.o_entry_d","orders.o_w_id","orders.o_d_id","orders.o_id","orders.o_c_id"],"Hash Buckets":131072,"Original Hash Buckets":131072,"Hash Batches":64,"Original Hash Batches":64,"Peak Memory Usage":6496,"Shared Hit Blocks":44122,"Shared Read Blocks":0,"Shared Dirtied Blocks":0,"Shared Written Blocks":0,"Local Hit Blocks":0,"Local Read Blocks":0,"Local Dirtied Blocks":0,"Local Written Blocks":0,"Temp Read Blocks":0,"Temp Written Blocks":34552,"I/O Read Time":0.0,"I/O Write Time":0.0,"Temp I/O Read Time":0.0,"Temp I/O Write Time":158.691,"Plans":[{"Node Type":"Seq Scan","Parent Relationship":"Outer","Parallel Aware":false,"Async Capable":false,"Relation Name":"orders","Schema":"public","Alias":"orders","Startup Cost":0.0,"Total Cost":119121.6,"Plan Rows":5996324,"Plan Width":24,"Actual Startup Time":0.015,"Actual Total Time":729.279,"Actual Rows":5995789,"Actual Loops":1,"Output":["orders.o_entry_d","orders.o_w_id","orders.o_d_id","orders.o_id","orders.o_c_id"],"Filter":"(orders.o_entry_d >= '1992-01-02 20:10:02.27764'::timestamp without time zone)","Rows Removed by Filter":4211,"Shared Hit Blocks":44122,"Shared Read Blocks":0,"Shared Dirtied Blocks":0,"Shared Written Blocks":0,"Local Hit Blocks":0,"Local Read Blocks":0,"Local Dirtied Blocks":0,"Local Written Blocks":0,"Temp Read Blocks":0,"Temp Written Blocks":0,"I/O Read Time":0.0,"I/O Write Time":0.0,"Temp I/O Read Time":0.0,"Temp I/O Write Time":0.0}]}]}]},{"Node Type":"Materialize","Parent Relationship":"Inner","Parallel Aware":false,"Async Capable":false,"Startup Cost":557789.1,"Total Cost":558756.87,"Plan Rows":193553,"Plan Width":20,"Actual Startup Time":2192.941,"Actual Total Time":2265.607,"Actual Rows":293066,"Actual Loops":1,"Output":["customer.c_nationkey","customer.c_id","customer.c_w_id","customer.c_d_id","n2.n_name"],"Shared Hit Blocks":459991,"Shared Read Blocks":0,"Shared Dirtied Blocks":0,"Shared Written Blocks":0,"Local Hit Blocks":0,"Local Read Blocks":0,"Local Dirtied Blocks":0,"Local Written Blocks":0,"Temp Read Blocks":1090,"Temp Written Blocks":1096,"I/O Read Time":0.0,"I/O Write Time":0.0,"Temp I/O Read Time":1.638,"Temp I/O Write Time":4.537,"Plans":[{"Node Type":"Sort","Parent Relationship":"Outer","Parallel Aware":false,"Async Capable":false,"Startup Cost":557789.1,"Total Cost":558272.98,"Plan Rows":193553,"Plan Width":20,"Actual Startup Time":2192.932,"Actual Total Time":2233.563,"Actual Rows":289967,"Actual Loops":1,"Output":["customer.c_nationkey","customer.c_id","customer.c_w_id","customer.c_d_id","n2.n_name"],"Sort Key":["customer.c_id","customer.c_w_id","customer.c_d_id"],"Sort Method":"external merge","Sort Space Used":8720,"Sort Space Type":"Disk","Shared Hit Blocks":459991,"Shared Read Blocks":0,"Shared Dirtied Blocks":0,"Shared Written Blocks":0,"Local Hit Blocks":0,"Local Read Blocks":0,"Local Dirtied Blocks":0,"Local Written Blocks":0,"Temp Read Blocks":1090,"Temp Written Blocks":1096,"I/O Read Time":0.0,"I/O Write Time":0.0,"Temp I/O Read Time":1.638,"Temp I/O Write Time":4.537,"Plans":[{"Node Type":"Hash Join","Parent Relationship":"Outer","Parallel Aware":false,"Async Capable":false,"Join Type":"Inner","Startup Cost":1.95,"Total Cost":536820.36,"Plan Rows":193553,"Plan Width":20,"Actual Startup Time":0.085,"Actual Total Time":2080.676,"Actual Rows":289972,"Actual Loops":1,"Output":["customer.c_nationkey","customer.c_id","customer.c_w_id","customer.c_d_id","n2.n_name"],"Inner Unique":true,"Hash Cond":"(customer.c_nationkey = n2.n_nationkey)","Shared Hit Blocks":459991,"Shared Read Blocks":0,"Shared Dirtied Blocks":0,"Shared Written Blocks":0,"Local Hit Blocks":0,"Local Read Blocks":0,"Local Dirtied Blocks":0,"Local Written Blocks":0,"Temp Read Blocks":0,"Temp Written Blocks":0,"I/O Read Time":0.0,"I/O Write Time":0.0,"Temp I/O Read Time":0.0,"Temp I/O Write Time":0.0,"Plans":[{"Node Type":"Seq Scan","Parent Relationship":"Outer","Parallel Aware":false,"Async Capable":false,"Relation Name":"customer","Schema":"public","Alias":"customer","Startup Cost":0.0,"Total Cost":519991.4,"Plan Rows":6000140,"Plan Width":12,"Actual Startup Time":0.023,"Actual Total Time":710.097,"Actual Rows":6000000,"Actual Loops":1,"Output":["customer.c_id","customer.c_d_id","customer.c_w_id","customer.c_nationkey","customer.c_first","customer.c_middle","customer.c_last","customer.c_street_1","customer.c_street_2","customer.c_city","customer.c_state","customer.c_zip","customer.c_phone","customer.c_since","customer.c_credit","customer.c_credit_lim","customer.c_discount","customer.c_balance","customer.c_ytd_payment","customer.c_payment_cnt","customer.c_delivery_cnt","customer.c_data"],"Shared Hit Blocks":459990,"Shared Read Blocks":0,"Shared Dirtied Blocks":0,"Shared Written Blocks":0,"Local Hit Blocks":0,"Local Read Blocks":0,"Local Dirtied Blocks":0,"Local Written Blocks":0,"Temp Read Blocks":0,"Temp Written Blocks":0,"I/O Read Time":0.0,"I/O Write Time":0.0,"Temp I/O Read Time":0.0,"Temp I/O Write Time":0.0},{"Node Type":"Hash","Parent Relationship":"Inner","Parallel Aware":false,"Async Capable":false,"Startup Cost":1.93,"Total Cost":1.93,"Plan Rows":2,"Plan Width":12,"Actual Startup Time":0.025,"Actual Total Time":0.025,"Actual Rows":2,"Actual Loops":1,"Output":["n2.n_nationkey","n2.n_name"],"Hash Buckets":1024,"Original Hash Buckets":1024,"Hash Batches":1,"Original Hash Batches":1,"Peak Memory Usage":9,"Shared Hit Blocks":1,"Shared Read Blocks":0,"Shared Dirtied Blocks":0,"Shared Written Blocks":0,"Local Hit Blocks":0,"Local Read Blocks":0,"Local Dirtied Blocks":0,"Local Written Blocks":0,"Temp Read Blocks":0,"Temp Written Blocks":0,"I/O Read Time":0.0,"I/O Write Time":0.0,"Temp I/O Read Time":0.0,"Temp I/O Write Time":0.0,"Plans":[{"Node Type":"Seq Scan","Parent Relationship":"Outer","Parallel Aware":false,"Async Capable":false,"Relation Name":"nation","Schema":"public","Alias":"n2","Startup Cost":0.0,"Total Cost":1.93,"Plan Rows":2,"Plan Width":12,"Actual Startup Time":0.015,"Actual Total Time":0.02,"Actual Rows":2,"Actual Loops":1,"Output":["n2.n_nationkey","n2.n_name"],"Filter":"(((n2.n_name)::text = 'Cambodia'::text) OR ((n2.n_name)::text = 'Germany'::text))","Rows Removed by Filter":60,"Shared Hit Blocks":1,"Shared Read Blocks":0,"Shared Dirtied Blocks":0,"Shared Written Blocks":0,"Local Hit Blocks":0,"Local Read Blocks":0,"Local Dirtied Blocks":0,"Local Written Blocks":0,"Temp Read Blocks":0,"Temp Written Blocks":0,"I/O Read Time":0.0,"I/O Write Time":0.0,"Temp I/O Read Time":0.0,"Temp I/O Write Time":0.0}]}]}]}]}]}]}]},"Planning":{"Shared Hit Blocks":152,"Shared Read Blocks":0,"Shared Dirtied Blocks":0,"Shared Written Blocks":0,"Local Hit Blocks":0,"Local Read Blocks":0,"Local Dirtied Blocks":0,"Local Written Blocks":0,"Temp Read Blocks":0,"Temp Written Blocks":0,"I/O Read Time":0.0,"I/O Write Time":0.0,"Temp I/O Read Time":0.0,"Temp I/O Write Time":0.0},"Planning Time":3.301,"Triggers":[],"Execution Time":22819.016}]
[列存组合]: nation, supplier
[{"Plan":{"Node Type":"Aggregate","Strategy":"Sorted","Partial Mode":"Simple","Parallel Aware":false,"Async Capable":false,"Startup Cost":3780864.39,"Total Cost":3781119.21,"Plan Rows":9266,"Plan Width":72,"Actual Startup Time":22969.161,"Actual Total Time":22971.722,"Actual Rows":6,"Actual Loops":1,"Output":["supplier.su_nationkey","customer.c_nationkey","(EXTRACT(year FROM orders.o_entry_d))","sum(order_line.ol_amount)"],"Group Key":["supplier.su_nationkey","customer.c_nationkey","(EXTRACT(year FROM orders.o_entry_d))"],"Shared Hit Blocks":1240535,"Shared Read Blocks":0,"Shared Dirtied Blocks":0,"Shared Written Blocks":0,"Local Hit Blocks":0,"Local Read Blocks":0,"Local Dirtied Blocks":0,"Local Written Blocks":0,"Temp Read Blocks":124799,"Temp Written Blocks":124817,"I/O Read Time":0.0,"I/O Write Time":0.0,"Temp I/O Read Time":191.075,"Temp I/O Write Time":538.511,"Plans":[{"Node Type":"Sort","Parent Relationship":"Outer","Parallel Aware":false,"Async Capable":false,"Startup Cost":3780864.39,"Total Cost":3780887.56,"Plan Rows":9266,"Plan Width":44,"Actual Startup Time":22969.05,"Actual Total Time":22969.584,"Actual Rows":12121,"Actual Loops":1,"Output":["supplier.su_nationkey","customer.c_nationkey","(EXTRACT(year FROM orders.o_entry_d))","order_line.ol_amount"],"Sort Key":["supplier.su_nationkey","customer.c_nationkey","(EXTRACT(year FROM orders.o_entry_d))"],"Sort Method":"quicksort","Sort Space Used":1047,"Sort Space Type":"Memory","Shared Hit Blocks":1240535,"Shared Read Blocks":0,"Shared Dirtied Blocks":0,"Shared Written Blocks":0,"Local Hit Blocks":0,"Local Read Blocks":0,"Local Dirtied Blocks":0,"Local Written Blocks":0,"Temp Read Blocks":124799,"Temp Written Blocks":124817,"I/O Read Time":0.0,"I/O Write Time":0.0,"Temp I/O Read Time":191.075,"Temp I/O Write Time":538.511,"Plans":[{"Node Type":"Merge Join","Parent Relationship":"Outer","Parallel Aware":false,"Async Capable":false,"Join Type":"Inner","Startup Cost":3771794.04,"Total Cost":3780253.87,"Plan Rows":9266,"Plan Width":44,"Actual Startup Time":22623.783,"Actual Total Time":22965.947,"Actual Rows":12121,"Actual Loops":1,"Output":["supplier.su_nationkey","customer.c_nationkey","EXTRACT(year FROM orders.o_entry_d)","order_line.ol_amount"],"Inner Unique":false,"Merge Cond":"((orders.o_c_id = customer.c_id) AND (order_line.ol_w_id = customer.c_w_id) AND (order_line.ol_d_id = customer.c_d_id))","Join Filter":"((((n1.n_name)::text = 'Germany'::text) AND ((n2.n_name)::text = 'Cambodia'::text)) OR (((n1.n_name)::text = 'Cambodia'::text) AND ((n2.n_name)::text = 'Germany'::text)))","Rows Removed by Join Filter":11453,"Shared Hit Blocks":1240535,"Shared Read Blocks":0,"Shared Dirtied Blocks":0,"Shared Written Blocks":0,"Local Hit Blocks":0,"Local Read Blocks":0,"Local Dirtied Blocks":0,"Local Written Blocks":0,"Temp Read Blocks":124799,"Temp Written Blocks":124817,"I/O Read Time":0.0,"I/O Write Time":0.0,"Temp I/O Read Time":191.075,"Temp I/O Write Time":538.511,"Plans":[{"Node Type":"Sort","Parent Relationship":"Outer","Parallel Aware":false,"Async Capable":false,"Startup Cost":3214004.75,"Total Cost":3215418.15,"Plan Rows":565362,"Plan Width":36,"Actual Startup Time":20344.082,"Actual Total Time":20515.952,"Actual Rows":485009,"Actual Loops":1,"Output":["supplier.su_nationkey","order_line.ol_amount","order_line.ol_w_id","order_line.ol_d_id","orders.o_entry_d","orders.o_w_id","orders.o_d_id","orders.o_c_id","n1.n_name"],"Sort Key":["orders.o_c_id","order_line.ol_w_id","order_line.ol_d_id"],"Sort Method":"external merge","Sort Space Used":24000,"Sort Space Type":"Disk","Shared Hit Blocks":780544,"Shared Read Blocks":0,"Shared Dirtied Blocks":0,"Shared Written Blocks":0,"Local Hit Blocks":0,"Local Read Blocks":0,"Local Dirtied Blocks":0,"Local Written Blocks":0,"Temp Read Blocks":123709,"Temp Written Blocks":123721,"I/O Read Time":0.0,"I/O Write Time":0.0,"Temp I/O Read Time":189.42,"Temp I/O Write Time":534.006,"Plans":[{"Node Type":"Hash Join","Parent Relationship":"Outer","Parallel Aware":false,"Async Capable":false,"Join Type":"Inner","Startup Cost":905977.05,"Total Cost":3144528.26,"Plan Rows":565362,"Plan Width":36,"Actual Startup Time":8520.734,"Actual Total Time":20093.668,"Actual Rows":485009,"Actual Loops":1,"Output":["supplier.su_nationkey","order_line.ol_amount","order_line.ol_w_id","order_line.ol_d_id","orders.o_entry_d","orders.o_w_id","orders.o_d_id","orders.o_c_id","n1.n_name"],"Inner Unique":true,"Hash Cond":"((order_line.ol_w_id = orders.o_w_id) AND (order_line.ol_d_id = orders.o_d_id) AND (order_line.ol_o_id = orders.o_id))","Shared Hit Blocks":780544,"Shared Read Blocks":0,"Shared Dirtied Blocks":0,"Shared Written Blocks":0,"Local Hit Blocks":0,"Local Read Blocks":0,"Local Dirtied Blocks":0,"Local Written Blocks":0,"Temp Read Blocks":120709,"Temp Written Blocks":120709,"I/O Read Time":0.0,"I/O Write Time":0.0,"Temp I/O Read Time":184.906,"Temp I/O Write Time":522.664,"Plans":[{"Node Type":"Hash Join","Parent Relationship":"Outer","Parallel Aware":false,"Async Capable":false,"Join Type":"Inner","Startup Cost":646784.78,"Total Cost":2838010.06,"Plan Rows":565705,"Plan Width":28,"Actual Startup Time":6707.497,"Actual Total Time":17596.906,"Actual Rows":485009,"Actual Loops":1,"Output":["supplier.su_nationkey","order_line.ol_amount","order_line.ol_w_id","order_line.ol_d_id","order_line.ol_o_id","n1.n_name"],"Inner Unique":false,"Hash Cond":"((order_line.ol_supply_w_id = stock.s_w_id) AND (order_line.ol_i_id = stock.s_i_id))","Shared Hit Blocks":736422,"Shared Read Blocks":0,"Shared Dirtied Blocks":0,"Shared Written Blocks":0,"Local Hit Blocks":0,"Local Read Blocks":0,"Local Dirtied Blocks":0,"Local Written Blocks":0,"Temp Read Blocks":83003,"Temp Written Blocks":83003,"I/O Read Time":0.0,"I/O Write Time":0.0,"Temp I/O Read Time":127.741,"Temp I/O Write Time":349.08,"Plans":[{"Node Type":"Seq Scan","Parent Relationship":"Outer","Parallel Aware":false,"Async Capable":false,"Relation Name":"order_line","Schema":"public","Alias":"order_line","Startup Cost":0.0,"Total Cost":1581655.36,"Plan Rows":17536869,"Plan Width":22,"Actual Startup Time":6.548,"Actual Total Time":5712.452,"Actual Rows":17139931,"Actual Loops":1,"Output":["order_line.ol_amount","order_line.ol_supply_w_id","order_line.ol_i_id","order_line.ol_w_id","order_line.ol_d_id","order_line.ol_o_id"],"Filter":"((order_line.ol_delivery_d >= '1995-01-02 20:10:02.27764'::timestamp without time zone) AND (order_line.ol_delivery_d <= '1997-01-01 20:10:02.27764'::timestamp without time zone))","Rows Removed by Filter":42853830,"Shared Hit Blocks":681748,"Shared Read Blocks":0,"Shared Dirtied Blocks":0,"Shared Written Blocks":0,"Local Hit Blocks":0,"Local Read Blocks":0,"Local Dirtied Blocks":0,"Local Written Blocks":0,"Temp Read Blocks":0,"Temp Written Blocks":0,"I/O Read Time":0.0,"I/O Write Time":0.0,"Temp I/O Read Time":0.0,"Temp I/O Write Time":0.0},{"Node Type":"Hash","Parent Relationship":"Inner","Parallel Aware":false,"Async Capable":false,"Startup Cost":633326.26,"Total Cost":633326.26,"Plan Rows":645168,"Plan Width":18,"Actual Startup Time":6700.392,"Actual Total Time":6700.409,"Actual Rows":566400,"Actual Loops":1,"Output":["supplier.su_nationkey","stock.s_w_id","stock.s_i_id","n1.n_name"],"Hash Buckets":131072,"Original Hash Buckets":131072,"Hash Batches":8,"Original Hash Batches":8,"Peak Memory Usage":4646,"Shared Hit Blocks":54674,"Shared Read Blocks":0,"Shared Dirtied Blocks":0,"Shared Written Blocks":0,"Local Hit Blocks":0,"Local Read Blocks":0,"Local Dirtied Blocks":0,"Local Written Blocks":0,"Temp Read Blocks":0,"Temp Written Blocks":2445,"I/O Read Time":0.0,"I/O Write Time":0.0,"Temp I/O Read Time":0.0,"Temp I/O Write Time":13.261,"Plans":[{"Node Type":"Hash Join","Parent Relationship":"Outer","Parallel Aware":false,"Async Capable":false,"Join Type":"Inner","Startup Cost":346.42,"Total Cost":633326.26,"Plan Rows":645168,"Plan Width":18,"Actual Startup Time":3.148,"Actual Total Time":6592.629,"Actual Rows":566400,"Actual Loops":1,"Output":["supplier.su_nationkey","stock.s_w_id","stock.s_i_id","n1.n_name"],"Inner Unique":true,"Hash Cond":"(supplier.su_nationkey = n1.n_nationkey)","Shared Hit Blocks":54674,"Shared Read Blocks":0,"Shared Dirtied Blocks":0,"Shared Written Blocks":0,"Local Hit Blocks":0,"Local Read Blocks":0,"Local Dirtied Blocks":0,"Local Written Blocks":0,"Temp Read Blocks":0,"Temp Written Blocks":0,"I/O Read Time":0.0,"I/O Write Time":0.0,"Temp I/O Read Time":0.0,"Temp I/O Write Time":0.0,"Plans":[{"Node Type":"Hash Join","Parent Relationship":"Outer","Parallel Aware":false,"Async Capable":false,"Join Type":"Inner","Startup Cost":344.46,"Total Cost":577235.0,"Plan Rows":20000212,"Plan Width":10,"Actual Startup Time":3.106,"Actual Total Time":5185.927,"Actual Rows":20000000,"Actual Loops":1,"Output":["supplier.su_nationkey","stock.s_w_id","stock.s_i_id"],"Inner Unique":true,"Hash Cond":"(mod((stock.s_w_id * stock.s_i_id), 10000) = supplier.su_suppkey)","Shared Hit Blocks":54673,"Shared Read Blocks":0,"Shared Dirtied Blocks":0,"Shared Written Blocks":0,"Local Hit Blocks":0,"Local Read Blocks":0,"Local Dirtied Blocks":0,"Local Written Blocks":0,"Temp Read Blocks":0,"Temp Written Blocks":0,"I/O Read Time":0.0,"I/O Write Time":0.0,"Temp I/O Read Time":0.0,"Temp I/O Write Time":0.0,"Plans":[{"Node Type":"Index Only Scan","Parent Relationship":"Outer","Parallel Aware":false,"Async Capable":false,"Scan Direction":"Forward","Index Name":"stock_pk","Relation Name":"stock","Schema":"public","Alias":"stock","Startup Cost":0.44,"Total Cost":519363.62,"Plan Rows":20000212,"Plan Width":6,"Actual Startup Time":0.029,"Actual Total Time":1516.885,"Actual Rows":20000000,"Actual Loops":1,"Output":["stock.s_w_id","stock.s_i_id"],"Heap Fetches":0,"Shared Hit Blocks":54673,"Shared Read Blocks":0,"Shared Dirtied Blocks":0,"Shared Written Blocks":0,"Local Hit Blocks":0,"Local Read Blocks":0,"Local Dirtied Blocks":0,"Local Written Blocks":0,"Temp Read Blocks":0,"Temp Written Blocks":0,"I/O Read Time":0.0,"I/O Write Time":0.0,"Temp I/O Read Time":0.0,"Temp I/O Write Time":0.0},{"Node Type":"Hash","Parent Relationship":"Inner","Parallel Aware":false,"Async Capable":false,"Startup Cost":219.01,"Total Cost":219.01,"Plan Rows":10001,"Plan Width":8,"Actual Startup Time":3.024,"Actual Total Time":3.03,"Actual Rows":10000,"Actual Loops":1,"Output":["supplier.su_nationkey","supplier.su_suppkey"],"Hash Buckets":16384,"Original Hash Buckets":16384,"Hash Batches":1,"Original Hash Batches":1,"Peak Memory Usage":519,"Shared Hit Blocks":0,"Shared Read Blocks":0,"Shared Dirtied Blocks":0,"Shared Written Blocks":0,"Local Hit Blocks":0,"Local Read Blocks":0,"Local Dirtied Blocks":0,"Local Written Blocks":0,"Temp Read Blocks":0,"Temp Written Blocks":0,"I/O Read Time":0.0,"I/O Write Time":0.0,"Temp I/O Read Time":0.0,"Temp I/O Write Time":0.0,"Plans":[{"Node Type":"Append","Parent Relationship":"Outer","Parallel Aware":false,"Async Capable":false,"Startup Cost":20.0,"Total Cost":219.01,"Plan Rows":10001,"Plan Width":8,"Actual Startup Time":0.033,"Actual Total Time":1.806,"Actual Rows":10000,"Actual Loops":1,"Shared Hit Blocks":0,"Shared Read Blocks":0,"Shared Dirtied Blocks":0,"Shared Written Blocks":0,"Local Hit Blocks":0,"Local Read Blocks":0,"Local Dirtied Blocks":0,"Local Written Blocks":0,"Temp Read Blocks":0,"Temp Written Blocks":0,"I/O Read Time":0.0,"I/O Write Time":0.0,"Temp I/O Read Time":0.0,"Temp I/O Write Time":0.0,"Subplans Removed":0,"Plans":[{"Node Type":"Custom Scan","Parent Relationship":"Member","Custom Plan Provider":"columnar scan","Parallel Aware":false,"Async Capable":false,"Relation Name":"supplier","Schema":"public","Alias":"supplier","Startup Cost":20.0,"Total Cost":215.0,"Plan Rows":10000,"Plan Width":8,"Actual Startup Time":0.031,"Actual Total Time":1.103,"Actual Rows":10000,"Actual Loops":1,"Output":["supplier.su_nationkey","supplier.su_suppkey"],"Rows Removed by Columnar Filter":0,"Columnar cache search mode":"native","Shared Hit Blocks":0,"Shared Read Blocks":0,"Shared Dirtied Blocks":0,"Shared Written Blocks":0,"Local Hit Blocks":0,"Local Read Blocks":0,"Local Dirtied Blocks":0,"Local Written Blocks":0,"Temp Read Blocks":0,"Temp Written Blocks":0,"I/O Read Time":0.0,"I/O Write Time":0.0,"Temp I/O Read Time":0.0,"Temp I/O Write Time":0.0},{"Node Type":"Seq Scan","Parent Relationship":"Member","Parallel Aware":false,"Async Capable":false,"Relation Name":"supplier","Schema":"public","Alias":"supplier","Startup Cost":0.0,"Total Cost":4.01,"Plan Rows":1,"Plan Width":8,"Actual Startup Time":0.0,"Actual Total Time":0.0,"Actual Rows":0,"Actual Loops":0,"Output":["supplier.su_nationkey","supplier.su_suppkey"],"Shared Hit Blocks":0,"Shared Read Blocks":0,"Shared Dirtied Blocks":0,"Shared Written Blocks":0,"Local Hit Blocks":0,"Local Read Blocks":0,"Local Dirtied Blocks":0,"Local Written Blocks":0,"Temp Read Blocks":0,"Temp Written Blocks":0,"I/O Read Time":0.0,"I/O Write Time":0.0,"Temp I/O Read Time":0.0,"Temp I/O Write Time":0.0}]}]}]},{"Node Type":"Hash","Parent Relationship":"Inner","Parallel Aware":false,"Async Capable":false,"Startup Cost":1.93,"Total Cost":1.93,"Plan Rows":2,"Plan Width":12,"Actual Startup Time":0.028,"Actual Total Time":0.03,"Actual Rows":2,"Actual Loops":1,"Output":["n1.n_nationkey","n1.n_name"],"Hash Buckets":1024,"Original Hash Buckets":1024,"Hash Batches":1,"Original Hash Batches":1,"Peak Memory Usage":9,"Shared Hit Blocks":1,"Shared Read Blocks":0,"Shared Dirtied Blocks":0,"Shared Written Blocks":0,"Local Hit Blocks":0,"Local Read Blocks":0,"Local Dirtied Blocks":0,"Local Written Blocks":0,"Temp Read Blocks":0,"Temp Written Blocks":0,"I/O Read Time":0.0,"I/O Write Time":0.0,"Temp I/O Read Time":0.0,"Temp I/O Write Time":0.0,"Plans":[{"Node Type":"Seq Scan","Parent Relationship":"Outer","Parallel Aware":false,"Async Capable":false,"Relation Name":"nation","Schema":"public","Alias":"n1","Startup Cost":0.0,"Total Cost":1.93,"Plan Rows":2,"Plan Width":12,"Actual Startup Time":0.018,"Actual Total Time":0.023,"Actual Rows":2,"Actual Loops":1,"Output":["n1.n_nationkey","n1.n_name"],"Filter":"(((n1.n_name)::text = 'Germany'::text) OR ((n1.n_name)::text = 'Cambodia'::text))","Rows Removed by Filter":60,"Shared Hit Blocks":1,"Shared Read Blocks":0,"Shared Dirtied Blocks":0,"Shared Written Blocks":0,"Local Hit Blocks":0,"Local Read Blocks":0,"Local Dirtied Blocks":0,"Local Written Blocks":0,"Temp Read Blocks":0,"Temp Written Blocks":0,"I/O Read Time":0.0,"I/O Write Time":0.0,"Temp I/O Read Time":0.0,"Temp I/O Write Time":0.0}]}]}]}]},{"Node Type":"Hash","Parent Relationship":"Inner","Parallel Aware":false,"Async Capable":false,"Startup Cost":119121.6,"Total Cost":119121.6,"Plan Rows":5996324,"Plan Width":24,"Actual Startup Time":1802.296,"Actual Total Time":1802.298,"Actual Rows":5995789,"Actual Loops":1,"Output":["orders.o_entry_d","orders.o_w_id","orders.o_d_id","orders.o_id","orders.o_c_id"],"Hash Buckets":131072,"Original Hash Buckets":131072,"Hash Batches":64,"Original Hash Batches":64,"Peak Memory Usage":6496,"Shared Hit Blocks":44122,"Shared Read Blocks":0,"Shared Dirtied Blocks":0,"Shared Written Blocks":0,"Local Hit Blocks":0,"Local Read Blocks":0,"Local Dirtied Blocks":0,"Local Written Blocks":0,"Temp Read Blocks":0,"Temp Written Blocks":34552,"I/O Read Time":0.0,"I/O Write Time":0.0,"Temp I/O Read Time":0.0,"Temp I/O Write Time":154.927,"Plans":[{"Node Type":"Seq Scan","Parent Relationship":"Outer","Parallel Aware":false,"Async Capable":false,"Relation Name":"orders","Schema":"public","Alias":"orders","Startup Cost":0.0,"Total Cost":119121.6,"Plan Rows":5996324,"Plan Width":24,"Actual Startup Time":0.013,"Actual Total Time":730.283,"Actual Rows":5995789,"Actual Loops":1,"Output":["orders.o_entry_d","orders.o_w_id","orders.o_d_id","orders.o_id","orders.o_c_id"],"Filter":"(orders.o_entry_d >= '1992-01-02 20:10:02.27764'::timestamp without time zone)","Rows Removed by Filter":4211,"Shared Hit Blocks":44122,"Shared Read Blocks":0,"Shared Dirtied Blocks":0,"Shared Written Blocks":0,"Local Hit Blocks":0,"Local Read Blocks":0,"Local Dirtied Blocks":0,"Local Written Blocks":0,"Temp Read Blocks":0,"Temp Written Blocks":0,"I/O Read Time":0.0,"I/O Write Time":0.0,"Temp I/O Read Time":0.0,"Temp I/O Write Time":0.0}]}]}]},{"Node Type":"Materialize","Parent Relationship":"Inner","Parallel Aware":false,"Async Capable":false,"Startup Cost":557789.1,"Total Cost":558756.87,"Plan Rows":193553,"Plan Width":20,"Actual Startup Time":2279.628,"Actual Total Time":2353.124,"Actual Rows":293066,"Actual Loops":1,"Output":["customer.c_nationkey","customer.c_id","customer.c_w_id","customer.c_d_id","n2.n_name"],"Shared Hit Blocks":459991,"Shared Read Blocks":0,"Shared Dirtied Blocks":0,"Shared Written Blocks":0,"Local Hit Blocks":0,"Local Read Blocks":0,"Local Dirtied Blocks":0,"Local Written Blocks":0,"Temp Read Blocks":1090,"Temp Written Blocks":1096,"I/O Read Time":0.0,"I/O Write Time":0.0,"Temp I/O Read Time":1.655,"Temp I/O Write Time":4.505,"Plans":[{"Node Type":"Sort","Parent Relationship":"Outer","Parallel Aware":false,"Async Capable":false,"Startup Cost":557789.1,"Total Cost":558272.98,"Plan Rows":193553,"Plan Width":20,"Actual Startup Time":2279.616,"Actual Total Time":2320.678,"Actual Rows":289967,"Actual Loops":1,"Output":["customer.c_nationkey","customer.c_id","customer.c_w_id","customer.c_d_id","n2.n_name"],"Sort Key":["customer.c_id","customer.c_w_id","customer.c_d_id"],"Sort Method":"external merge","Sort Space Used":8720,"Sort Space Type":"Disk","Shared Hit Blocks":459991,"Shared Read Blocks":0,"Shared Dirtied Blocks":0,"Shared Written Blocks":0,"Local Hit Blocks":0,"Local Read Blocks":0,"Local Dirtied Blocks":0,"Local Written Blocks":0,"Temp Read Blocks":1090,"Temp Written Blocks":1096,"I/O Read Time":0.0,"I/O Write Time":0.0,"Temp I/O Read Time":1.655,"Temp I/O Write Time":4.505,"Plans":[{"Node Type":"Hash Join","Parent Relationship":"Outer","Parallel Aware":false,"Async Capable":false,"Join Type":"Inner","Startup Cost":1.95,"Total Cost":536820.36,"Plan Rows":193553,"Plan Width":20,"Actual Startup Time":0.086,"Actual Total Time":2169.215,"Actual Rows":289972,"Actual Loops":1,"Output":["customer.c_nationkey","customer.c_id","customer.c_w_id","customer.c_d_id","n2.n_name"],"Inner Unique":true,"Hash Cond":"(customer.c_nationkey = n2.n_nationkey)","Shared Hit Blocks":459991,"Shared Read Blocks":0,"Shared Dirtied Blocks":0,"Shared Written Blocks":0,"Local Hit Blocks":0,"Local Read Blocks":0,"Local Dirtied Blocks":0,"Local Written Blocks":0,"Temp Read Blocks":0,"Temp Written Blocks":0,"I/O Read Time":0.0,"I/O Write Time":0.0,"Temp I/O Read Time":0.0,"Temp I/O Write Time":0.0,"Plans":[{"Node Type":"Seq Scan","Parent Relationship":"Outer","Parallel Aware":false,"Async Capable":false,"Relation Name":"customer","Schema":"public","Alias":"customer","Startup Cost":0.0,"Total Cost":519991.4,"Plan Rows":6000140,"Plan Width":12,"Actual Startup Time":0.026,"Actual Total Time":733.751,"Actual Rows":6000000,"Actual Loops":1,"Output":["customer.c_id","customer.c_d_id","customer.c_w_id","customer.c_nationkey","customer.c_first","customer.c_middle","customer.c_last","customer.c_street_1","customer.c_street_2","customer.c_city","customer.c_state","customer.c_zip","customer.c_phone","customer.c_since","customer.c_credit","customer.c_credit_lim","customer.c_discount","customer.c_balance","customer.c_ytd_payment","customer.c_payment_cnt","customer.c_delivery_cnt","customer.c_data"],"Shared Hit Blocks":459990,"Shared Read Blocks":0,"Shared Dirtied Blocks":0,"Shared Written Blocks":0,"Local Hit Blocks":0,"Local Read Blocks":0,"Local Dirtied Blocks":0,"Local Written Blocks":0,"Temp Read Blocks":0,"Temp Written Blocks":0,"I/O Read Time":0.0,"I/O Write Time":0.0,"Temp I/O Read Time":0.0,"Temp I/O Write Time":0.0},{"Node Type":"Hash","Parent Relationship":"Inner","Parallel Aware":false,"Async Capable":false,"Startup Cost":1.93,"Total Cost":1.93,"Plan Rows":2,"Plan Width":12,"Actual Startup Time":0.026,"Actual Total Time":0.027,"Actual Rows":2,"Actual Loops":1,"Output":["n2.n_nationkey","n2.n_name"],"Hash Buckets":1024,"Original Hash Buckets":1024,"Hash Batches":1,"Original Hash Batches":1,"Peak Memory Usage":9,"Shared Hit Blocks":1,"Shared Read Blocks":0,"Shared Dirtied Blocks":0,"Shared Written Blocks":0,"Local Hit Blocks":0,"Local Read Blocks":0,"Local Dirtied Blocks":0,"Local Written Blocks":0,"Temp Read Blocks":0,"Temp Written Blocks":0,"I/O Read Time":0.0,"I/O Write Time":0.0,"Temp I/O Read Time":0.0,"Temp I/O Write Time":0.0,"Plans":[{"Node Type":"Seq Scan","Parent Relationship":"Outer","Parallel Aware":false,"Async Capable":false,"Relation Name":"nation","Schema":"public","Alias":"n2","Startup Cost":0.0,"Total Cost":1.93,"Plan Rows":2,"Plan Width":12,"Actual Startup Time":0.015,"Actual Total Time":0.02,"Actual Rows":2,"Actual Loops":1,"Output":["n2.n_nationkey","n2.n_name"],"Filter":"(((n2.n_name)::text = 'Cambodia'::text) OR ((n2.n_name)::text = 'Germany'::text))","Rows Removed by Filter":60,"Shared Hit Blocks":1,"Shared Read Blocks":0,"Shared Dirtied Blocks":0,"Shared Written Blocks":0,"Local Hit Blocks":0,"Local Read Blocks":0,"Local Dirtied Blocks":0,"Local Written Blocks":0,"Temp Read Blocks":0,"Temp Written Blocks":0,"I/O Read Time":0.0,"I/O Write Time":0.0,"Temp I/O Read Time":0.0,"Temp I/O Write Time":0.0}]}]}]}]}]}]}]},"Planning":{"Shared Hit Blocks":152,"Shared Read Blocks":0,"Shared Dirtied Blocks":0,"Shared Written Blocks":0,"Local Hit Blocks":0,"Local Read Blocks":0,"Local Dirtied Blocks":0,"Local Written Blocks":0,"Temp Read Blocks":0,"Temp Written Blocks":0,"I/O Read Time":0.0,"I/O Write Time":0.0,"Temp I/O Read Time":0.0,"Temp I/O Write Time":0.0},"Planning Time":2.349,"Triggers":[],"Execution Time":22977.026}]
[列存组合]: order_line, orders
[{"Plan":{"Node Type":"Aggregate","Strategy":"Sorted","Partial Mode":"Simple","Parallel Aware":false,"Async Capable":false,"Startup Cost":2368514.1,"Total Cost":2368768.92,"Plan Rows":9266,"Plan Width":72,"Actual Startup Time":24175.771,"Actual Total Time":24178.36,"Actual Rows":6,"Actual Loops":1,"Output":["supplier.su_nationkey","customer.c_nationkey","(EXTRACT(year FROM orders.o_entry_d))","sum(order_line.ol_amount)"],"Group Key":["supplier.su_nationkey","customer.c_nationkey","(EXTRACT(year FROM orders.o_entry_d))"],"Shared Hit Blocks":514882,"Shared Read Blocks":0,"Shared Dirtied Blocks":0,"Shared Written Blocks":0,"Local Hit Blocks":0,"Local Read Blocks":0,"Local Dirtied Blocks":0,"Local Written Blocks":0,"Temp Read Blocks":136107,"Temp Written Blocks":136107,"I/O Read Time":0.0,"I/O Write Time":0.0,"Temp I/O Read Time":210.248,"Temp I/O Write Time":630.64,"Plans":[{"Node Type":"Sort","Parent Relationship":"Outer","Parallel Aware":false,"Async Capable":false,"Startup Cost":2368514.1,"Total Cost":2368537.27,"Plan Rows":9266,"Plan Width":44,"Actual Startup Time":24175.662,"Actual Total Time":24176.199,"Actual Rows":12121,"Actual Loops":1,"Output":["supplier.su_nationkey","customer.c_nationkey","(EXTRACT(year FROM orders.o_entry_d))","order_line.ol_amount"],"Sort Key":["supplier.su_nationkey","customer.c_nationkey","(EXTRACT(year FROM orders.o_entry_d))"],"Sort Method":"quicksort","Sort Space Used":1047,"Sort Space Type":"Memory","Shared Hit Blocks":514882,"Shared Read Blocks":0,"Shared Dirtied Blocks":0,"Shared Written Blocks":0,"Local Hit Blocks":0,"Local Read Blocks":0,"Local Dirtied Blocks":0,"Local Written Blocks":0,"Temp Read Blocks":136107,"Temp Written Blocks":136107,"I/O Read Time":0.0,"I/O Write Time":0.0,"Temp I/O Read Time":210.248,"Temp I/O Write Time":630.64,"Plans":[{"Node Type":"Hash Join","Parent Relationship":"Outer","Parallel Aware":false,"Async Capable":false,"Join Type":"Inner","Startup Cost":1321715.88,"Total Cost":2367903.58,"Plan Rows":9266,"Plan Width":44,"Actual Startup Time":11226.251,"Actual Total Time":24172.038,"Actual Rows":12121,"Actual Loops":1,"Output":["supplier.su_nationkey","customer.c_nationkey","EXTRACT(year FROM orders.o_entry_d)","order_line.ol_amount"],"Hash Cond":"((order_line.ol_supply_w_id = stock.s_w_id) AND (order_line.ol_i_id = stock.s_i_id))","Join Filter":"((((n1.n_name)::text = 'Germany'::text) AND ((n2.n_name)::text = 'Cambodia'::text)) OR (((n1.n_name)::text = 'Cambodia'::text) AND ((n2.n_name)::text = 'Germany'::text)))","Rows Removed by Join Filter":11453,"Shared Hit Blocks":514882,"Shared Read Blocks":0,"Shared Dirtied Blocks":0,"Shared Written Blocks":0,"Local Hit Blocks":0,"Local Read Blocks":0,"Local Dirtied Blocks":0,"Local Written Blocks":0,"Temp Read Blocks":136107,"Temp Written Blocks":136107,"I/O Read Time":0.0,"I/O Write Time":0.0,"Temp I/O Read Time":210.248,"Temp I/O Write Time":630.64,"Plans":[{"Node Type":"Hash Join","Parent Relationship":"Outer","Parallel Aware":false,"Async Capable":false,"Join Type":"Inner","Startup Cost":674833.13,"Total Cost":1696398.67,"Plan Rows":565362,"Plan Width":30,"Actual Startup Time":4406.095,"Actual Total Time":17196.111,"Actual Rows":818159,"Actual Loops":1,"Output":["order_line.ol_amount","order_line.ol_supply_w_id","order_line.ol_i_id","orders.o_entry_d","customer.c_nationkey","n2.n_name"],"Hash Cond":"(customer.c_nationkey = n2.n_nationkey)","Shared Hit Blocks":459991,"Shared Read Blocks":0,"Shared Dirtied Blocks":0,"Shared Written Blocks":0,"Local Hit Blocks":0,"Local Read Blocks":0,"Local Dirtied Blocks":0,"Local Written Blocks":0,"Temp Read Blocks":128697,"Temp Written Blocks":128697,"I/O Read Time":0.0,"I/O Write Time":0.0,"Temp I/O Read Time":198.839,"Temp I/O Write Time":592.536,"Plans":[{"Node Type":"Hash Join","Parent Relationship":"Outer","Parallel Aware":false,"Async Capable":false,"Join Type":"Inner","Startup Cost":674831.17,"Total Cost":1647245.57,"Plan Rows":17526218,"Plan Width":22,"Actual Startup Time":4404.903,"Actual Total Time":15977.351,"Actual Rows":16894821,"Actual Loops":1,"Output":["order_line.ol_amount","order_line.ol_supply_w_id","order_line.ol_i_id","orders.o_entry_d","customer.c_nationkey"],"Hash Cond":"((order_line.ol_w_id = customer.c_w_id) AND (order_line.ol_d_id = customer.c_d_id) AND (orders.o_c_id = customer.c_id))","Shared Hit Blocks":459990,"Shared Read Blocks":0,"Shared Dirtied Blocks":0,"Shared Written Blocks":0,"Local Hit Blocks":0,"Local Read Blocks":0,"Local Dirtied Blocks":0,"Local Written Blocks":0,"Temp Read Blocks":128697,"Temp Written Blocks":128697,"I/O Read Time":0.0,"I/O Write Time":0.0,"Temp I/O Read Time":198.839,"Temp I/O Write Time":592.536,"Plans":[{"Node Type":"Hash Join","Parent Relationship":"Outer","Parallel Aware":false,"Async Capable":false,"Join Type":"Inner","Startup Cost":20539.32,"Total Cost":586018.71,"Plan Rows":17526218,"Plan Width":30,"Actual Startup Time":1561.482,"Actual Total Time":4910.994,"Actual Rows":16894821,"Actual Loops":1,"Output":["order_line.ol_amount","order_line.ol_supply_w_id","order_line.ol_i_id","order_line.ol_w_id","order_line.ol_d_id","orders.o_entry_d","orders.o_w_id","orders.o_d_id","orders.o_c_id"],"Hash Cond":"((order_line.ol_w_id = orders.o_w_id) AND (order_line.ol_d_id = orders.o_d_id) AND (order_line.ol_o_id = orders.o_id))","Rows Removed by Bloom Filter":0,"Shared Hit Blocks":0,"Shared Read Blocks":0,"Shared Dirtied Blocks":0,"Shared Written Blocks":0,"Local Hit Blocks":0,"Local Read Blocks":0,"Local Dirtied Blocks":0,"Local Written Blocks":0,"Temp Read Blocks":0,"Temp Written Blocks":0,"I/O Read Time":0.0,"I/O Write Time":0.0,"Temp I/O Read Time":0.0,"Temp I/O Write Time":0.0,"Plans":[{"Node Type":"Append","Parent Relationship":"Outer","Parallel Aware":false,"Async Capable":false,"Startup Cost":20.0,"Total Cost":482290.51,"Plan Rows":17536869,"Plan Width":22,"Actual Startup Time":1021.006,"Actual Total Time":1021.015,"Actual Rows":16894821,"Actual Loops":1,"Shared Hit Blocks":0,"Shared Read Blocks":0,"Shared Dirtied Blocks":0,"Shared Written Blocks":0,"Local Hit Blocks":0,"Local Read Blocks":0,"Local Dirtied Blocks":0,"Local Written Blocks":0,"Temp Read Blocks":0,"Temp Written Blocks":0,"I/O Read Time":0.0,"I/O Write Time":0.0,"Temp I/O Read Time":0.0,"Temp I/O Write Time":0.0,"Subplans Removed":0,"Plans":[{"Node Type":"Custom Scan","Parent Relationship":"Member","Custom Plan Provider":"columnar scan","Parallel Aware":false,"Async Capable":false,"Relation Name":"order_line","Schema":"public","Alias":"order_line","Startup Cost":20.0,"Total Cost":482285.56,"Plan Rows":17536851,"Plan Width":22,"Actual Startup Time":1021.001,"Actual Total Time":1021.003,"Actual Rows":16894821,"Actual Loops":1,"Output":["order_line.ol_amount","order_line.ol_supply_w_id","order_line.ol_i_id","order_line.ol_w_id","order_line.ol_d_id","order_line.ol_o_id"],"Filter":"((order_line.ol_delivery_d <= '1997-01-01 20:10:02.27764'::timestamp without time zone) AND (order_line.ol_delivery_d >= '1995-01-02 20:10:02.27764'::timestamp without time zone))","Rows Removed by Filter":0,"Rows Removed by Columnar Filter":43098940,"Rows Filtered by Bloom Filter":0,"Dictionary Rows Filtered by Bloom Filter":857915,"Columnar cache search mode":"native","Shared Hit Blocks":0,"Shared Read Blocks":0,"Shared Dirtied Blocks":0,"Shared Written Blocks":0,"Local Hit Blocks":0,"Local Read Blocks":0,"Local Dirtied Blocks":0,"Local Written Blocks":0,"Temp Read Blocks":0,"Temp Written Blocks":0,"I/O Read Time":0.0,"I/O Write Time":0.0,"Temp I/O Read Time":0.0,"Temp I/O Write Time":0.0},{"Node Type":"Seq Scan","Parent Relationship":"Member","Parallel Aware":false,"Async Capable":false,"Relation Name":"order_line","Schema":"public","Alias":"order_line","Startup Cost":0.0,"Total Cost":4.95,"Plan Rows":18,"Plan Width":22,"Actual Startup Time":0.0,"Actual Total Time":0.0,"Actual Rows":0,"Actual Loops":0,"Output":["order_line.ol_amount","order_line.ol_supply_w_id","order_line.ol_i_id","order_line.ol_w_id","order_line.ol_d_id","order_line.ol_o_id"],"Filter":"((order_line.ol_delivery_d <= '1997-01-01 20:10:02.27764'::timestamp without time zone) AND (order_line.ol_delivery_d >= '1995-01-02 20:10:02.27764'::timestamp without time zone))","Rows Removed by Filter":0,"Shared Hit Blocks":0,"Shared Read Blocks":0,"Shared Dirtied Blocks":0,"Shared Written Blocks":0,"Local Hit Blocks":0,"Local Read Blocks":0,"Local Dirtied Blocks":0,"Local Written Blocks":0,"Temp Read Blocks":0,"Temp Written Blocks":0,"I/O Read Time":0.0,"I/O Write Time":0.0,"Temp I/O Read Time":0.0,"Temp I/O Write Time":0.0}]},{"Node Type":"Hash","Parent Relationship":"Inner","Parallel Aware":false,"Async Capable":false,"Startup Cost":152930.34,"Total Cost":152930.34,"Plan Rows":5996325,"Plan Width":24,"Actual Rows":5995789,"Actual Loops":1,"Output":["orders.o_entry_d","orders.o_w_id","orders.o_d_id","orders.o_id","orders.o_c_id"],"Shared Hit Blocks":0,"Shared Read Blocks":0,"Shared Dirtied Blocks":0,"Shared Written Blocks":0,"Local Hit Blocks":0,"Local Read Blocks":0,"Local Dirtied Blocks":0,"Local Written Blocks":0,"Temp Read Blocks":0,"Temp Written Blocks":0,"I/O Read Time":0.0,"I/O Write Time":0.0,"Temp I/O Read Time":0.0,"Temp I/O Write Time":0.0,"Plans":[{"Node Type":"Append","Parent Relationship":"Outer","Parallel Aware":false,"Async Capable":false,"Startup Cost":20.0,"Total Cost":152930.34,"Plan Rows":5996325,"Plan Width":24,"Actual Startup Time":3.226,"Actual Total Time":3.23,"Actual Rows":5995789,"Actual Loops":1,"Shared Hit Blocks":0,"Shared Read Blocks":0,"Shared Dirtied Blocks":0,"Shared Written Blocks":0,"Local Hit Blocks":0,"Local Read Blocks":0,"Local Dirtied Blocks":0,"Local Written Blocks":0,"Temp Read Blocks":0,"Temp Written Blocks":0,"I/O Read Time":0.0,"I/O Write Time":0.0,"Temp I/O Read Time":0.0,"Temp I/O Write Time":0.0,"Subplans Removed":0,"Plans":[{"Node Type":"Custom Scan","Parent Relationship":"Member","Custom Plan Provider":"columnar scan","Parallel Aware":false,"Async Capable":false,"Relation Name":"orders","Schema":"public","Alias":"orders","Startup Cost":20.0,"Total Cost":152926.32,"Plan Rows":5996324,"Plan Width":24,"Actual Startup Time":3.223,"Actual Total Time":3.223,"Actual Rows":5995789,"Actual Loops":1,"Output":["orders.o_entry_d","orders.o_w_id","orders.o_d_id","orders.o_id","orders.o_c_id"],"Filter":"(orders.o_entry_d >= '1992-01-02 20:10:02.27764'::timestamp without time zone)","Rows Removed by Filter":0,"Rows Removed by Columnar Filter":4211,"Columnar cache search mode":"native","Shared Hit Blocks":0,"Shared Read Blocks":0,"Shared Dirtied Blocks":0,"Shared Written Blocks":0,"Local Hit Blocks":0,"Local Read Blocks":0,"Local Dirtied Blocks":0,"Local Written Blocks":0,"Temp Read Blocks":0,"Temp Written Blocks":0,"I/O Read Time":0.0,"I/O Write Time":0.0,"Temp I/O Read Time":0.0,"Temp I/O Write Time":0.0},{"Node Type":"Seq Scan","Parent Relationship":"Member","Parallel Aware":false,"Async Capable":false,"Relation Name":"orders","Schema":"public","Alias":"orders","Startup Cost":0.0,"Total Cost":4.01,"Plan Rows":1,"Plan Width":24,"Actual Startup Time":0.0,"Actual Total Time":0.0,"Actual Rows":0,"Actual Loops":0,"Output":["orders.o_entry_d","orders.o_w_id","orders.o_d_id","orders.o_id","orders.o_c_id"],"Filter":"(orders.o_entry_d >= '1992-01-02 20:10:02.27764'::timestamp without time zone)","Rows Removed by Filter":0,"Shared Hit Blocks":0,"Shared Read Blocks":0,"Shared Dirtied Blocks":0,"Shared Written Blocks":0,"Local Hit Blocks":0,"Local Read Blocks":0,"Local Dirtied Blocks":0,"Local Written Blocks":0,"Temp Read Blocks":0,"Temp Written Blocks":0,"I/O Read Time":0.0,"I/O Write Time":0.0,"Temp I/O Read Time":0.0,"Temp I/O Write Time":0.0}]}]}]},{"Node Type":"Hash","Parent Relationship":"Inner","Parallel Aware":false,"Async Capable":false,"Startup Cost":519991.4,"Total Cost":519991.4,"Plan Rows":6000140,"Plan Width":12,"Actual Startup Time":2842.253,"Actual Total Time":2842.254,"Actual Rows":6000000,"Actual Loops":1,"Output":["customer.c_nationkey","customer.c_id","customer.c_w_id","customer.c_d_id"],"Hash Buckets":262144,"Original Hash Buckets":262144,"Hash Batches":64,"Original Hash Batches":64,"Peak Memory Usage":6082,"Shared Hit Blocks":459990,"Shared Read Blocks":0,"Shared Dirtied Blocks":0,"Shared Written Blocks":0,"Local Hit Blocks":0,"Local Read Blocks":0,"Local Dirtied Blocks":0,"Local Written Blocks":0,"Temp Read Blocks":0,"Temp Written Blocks":23040,"I/O Read Time":0.0,"I/O Write Time":0.0,"Temp I/O Read Time":0.0,"Temp I/O Write Time":117.168,"Plans":[{"Node Type":"Seq Scan","Parent Relationship":"Outer","Parallel Aware":false,"Async Capable":false,"Relation Name":"customer","Schema":"public","Alias":"customer","Startup Cost":0.0,"Total Cost":519991.4,"Plan Rows":6000140,"Plan Width":12,"Actual Startup Time":0.034,"Actual Total Time":1832.113,"Actual Rows":6000000,"Actual Loops":1,"Output":["customer.c_nationkey","customer.c_id","customer.c_w_id","customer.c_d_id"],"Shared Hit Blocks":459990,"Shared Read Blocks":0,"Shared Dirtied Blocks":0,"Shared Written Blocks":0,"Local Hit Blocks":0,"Local Read Blocks":0,"Local Dirtied Blocks":0,"Local Written Blocks":0,"Temp Read Blocks":0,"Temp Written Blocks":0,"I/O Read Time":0.0,"I/O Write Time":0.0,"Temp I/O Read Time":0.0,"Temp I/O Write Time":0.0}]}]},{"Node Type":"Hash","Parent Relationship":"Inner","Parallel Aware":false,"Async Capable":false,"Startup Cost":1.93,"Total Cost":1.93,"Plan Rows":2,"Plan Width":12,"Actual Startup Time":0.033,"Actual Total Time":0.034,"Actual Rows":2,"Actual Loops":1,"Output":["n2.n_nationkey","n2.n_name"],"Hash Buckets":1024,"Original Hash Buckets":1024,"Hash Batches":1,"Original Hash Batches":1,"Peak Memory Usage":9,"Shared Hit Blocks":1,"Shared Read Blocks":0,"Shared Dirtied Blocks":0,"Shared Written Blocks":0,"Local Hit Blocks":0,"Local Read Blocks":0,"Local Dirtied Blocks":0,"Local Written Blocks":0,"Temp Read Blocks":0,"Temp Written Blocks":0,"I/O Read Time":0.0,"I/O Write Time":0.0,"Temp I/O Read Time":0.0,"Temp I/O Write Time":0.0,"Plans":[{"Node Type":"Seq Scan","Parent Relationship":"Outer","Parallel Aware":false,"Async Capable":false,"Relation Name":"nation","Schema":"public","Alias":"n2","Startup Cost":0.0,"Total Cost":1.93,"Plan Rows":2,"Plan Width":12,"Actual Startup Time":0.024,"Actual Total Time":0.029,"Actual Rows":2,"Actual Loops":1,"Output":["n2.n_nationkey","n2.n_name"],"Filter":"(((n2.n_name)::text = 'Cambodia'::text) OR ((n2.n_name)::text = 'Germany'::text))","Rows Removed by Filter":60,"Shared Hit Blocks":1,"Shared Read Blocks":0,"Shared Dirtied Blocks":0,"Shared Written Blocks":0,"Local Hit Blocks":0,"Local Read Blocks":0,"Local Dirtied Blocks":0,"Local Written Blocks":0,"Temp Read Blocks":0,"Temp Written Blocks":0,"I/O Read Time":0.0,"I/O Write Time":0.0,"Temp I/O Read Time":0.0,"Temp I/O Write Time":0.0}]}]},{"Node Type":"Hash","Parent Relationship":"Inner","Parallel Aware":false,"Async Capable":false,"Startup Cost":633424.24,"Total Cost":633424.24,"Plan Rows":645168,"Plan Width":18,"Actual Startup Time":6647.444,"Actual Total Time":6647.454,"Actual Rows":566400,"Actual Loops":1,"Output":["supplier.su_nationkey","stock.s_w_id","stock.s_i_id","n1.n_name"],"Hash Buckets":131072,"Original Hash Buckets":131072,"Hash Batches":8,"Original Hash Batches":8,"Peak Memory Usage":4646,"Shared Hit Blocks":54891,"Shared Read Blocks":0,"Shared Dirtied Blocks":0,"Shared Written Blocks":0,"Local Hit Blocks":0,"Local Read Blocks":0,"Local Dirtied Blocks":0,"Local Written Blocks":0,"Temp Read Blocks":0,"Temp Written Blocks":2445,"I/O Read Time":0.0,"I/O Write Time":0.0,"Temp I/O Read Time":0.0,"Temp I/O Write Time":14.095,"Plans":[{"Node Type":"Hash Join","Parent Relationship":"Outer","Parallel Aware":false,"Async Capable":false,"Join Type":"Inner","Startup Cost":444.39,"Total Cost":633424.24,"Plan Rows":645168,"Plan Width":18,"Actual Startup Time":2.679,"Actual Total Time":6493.139,"Actual Rows":566400,"Actual Loops":1,"Output":["supplier.su_nationkey","stock.s_w_id","stock.s_i_id","n1.n_name"],"Hash Cond":"(supplier.su_nationkey = n1.n_nationkey)","Shared Hit Blocks":54891,"Shared Read Blocks":0,"Shared Dirtied Blocks":0,"Shared Written Blocks":0,"Local Hit Blocks":0,"Local Read Blocks":0,"Local Dirtied Blocks":0,"Local Written Blocks":0,"Temp Read Blocks":0,"Temp Written Blocks":0,"I/O Read Time":0.0,"I/O Write Time":0.0,"Temp I/O Read Time":0.0,"Temp I/O Write Time":0.0,"Plans":[{"Node Type":"Hash Join","Parent Relationship":"Outer","Parallel Aware":false,"Async Capable":false,"Join Type":"Inner","Startup Cost":442.44,"Total Cost":577332.98,"Plan Rows":20000212,"Plan Width":10,"Actual Startup Time":2.642,"Actual Total Time":5151.216,"Actual Rows":20000000,"Actual Loops":1,"Output":["supplier.su_nationkey","stock.s_w_id","stock.s_i_id"],"Hash Cond":"(mod((stock.s_w_id * stock.s_i_id), 10000) = supplier.su_suppkey)","Shared Hit Blocks":54890,"Shared Read Blocks":0,"Shared Dirtied Blocks":0,"Shared Written Blocks":0,"Local Hit Blocks":0,"Local Read Blocks":0,"Local Dirtied Blocks":0,"Local Written Blocks":0,"Temp Read Blocks":0,"Temp Written Blocks":0,"I/O Read Time":0.0,"I/O Write Time":0.0,"Temp I/O Read Time":0.0,"Temp I/O Write Time":0.0,"Plans":[{"Node Type":"Index Only Scan","Parent Relationship":"Outer","Parallel Aware":false,"Async Capable":false,"Scan Direction":"Forward","Index Name":"stock_pk","Relation Name":"stock","Schema":"public","Alias":"stock","Startup Cost":0.44,"Total Cost":519363.62,"Plan Rows":20000212,"Plan Width":6,"Actual Startup Time":0.014,"Actual Total Time":1526.841,"Actual Rows":20000000,"Actual Loops":1,"Output":["stock.s_w_id","stock.s_i_id"],"Heap Fetches":0,"Shared Hit Blocks":54673,"Shared Read Blocks":0,"Shared Dirtied Blocks":0,"Shared Written Blocks":0,"Local Hit Blocks":0,"Local Read Blocks":0,"Local Dirtied Blocks":0,"Local Written Blocks":0,"Temp Read Blocks":0,"Temp Written Blocks":0,"I/O Read Time":0.0,"I/O Write Time":0.0,"Temp I/O Read Time":0.0,"Temp I/O Write Time":0.0},{"Node Type":"Hash","Parent Relationship":"Inner","Parallel Aware":false,"Async Capable":false,"Startup Cost":317.0,"Total Cost":317.0,"Plan Rows":10000,"Plan Width":8,"Actual Startup Time":2.579,"Actual Total Time":2.579,"Actual Rows":10000,"Actual Loops":1,"Output":["supplier.su_nationkey","supplier.su_suppkey"],"Hash Buckets":16384,"Original Hash Buckets":16384,"Hash Batches":1,"Original Hash Batches":1,"Peak Memory Usage":519,"Shared Hit Blocks":217,"Shared Read Blocks":0,"Shared Dirtied Blocks":0,"Shared Written Blocks":0,"Local Hit Blocks":0,"Local Read Blocks":0,"Local Dirtied Blocks":0,"Local Written Blocks":0,"Temp Read Blocks":0,"Temp Written Blocks":0,"I/O Read Time":0.0,"I/O Write Time":0.0,"Temp I/O Read Time":0.0,"Temp I/O Write Time":0.0,"Plans":[{"Node Type":"Seq Scan","Parent Relationship":"Outer","Parallel Aware":false,"Async Capable":false,"Relation Name":"supplier","Schema":"public","Alias":"supplier","Startup Cost":0.0,"Total Cost":317.0,"Plan Rows":10000,"Plan Width":8,"Actual Startup Time":0.005,"Actual Total Time":1.343,"Actual Rows":10000,"Actual Loops":1,"Output":["supplier.su_nationkey","supplier.su_suppkey"],"Shared Hit Blocks":217,"Shared Read Blocks":0,"Shared Dirtied Blocks":0,"Shared Written Blocks":0,"Local Hit Blocks":0,"Local Read Blocks":0,"Local Dirtied Blocks":0,"Local Written Blocks":0,"Temp Read Blocks":0,"Temp Written Blocks":0,"I/O Read Time":0.0,"I/O Write Time":0.0,"Temp I/O Read Time":0.0,"Temp I/O Write Time":0.0}]}]},{"Node Type":"Hash","Parent Relationship":"Inner","Parallel Aware":false,"Async Capable":false,"Startup Cost":1.93,"Total Cost":1.93,"Plan Rows":2,"Plan Width":12,"Actual Startup Time":0.026,"Actual Total Time":0.028,"Actual Rows":2,"Actual Loops":1,"Output":["n1.n_nationkey","n1.n_name"],"Hash Buckets":1024,"Original Hash Buckets":1024,"Hash Batches":1,"Original Hash Batches":1,"Peak Memory Usage":9,"Shared Hit Blocks":1,"Shared Read Blocks":0,"Shared Dirtied Blocks":0,"Shared Written Blocks":0,"Local Hit Blocks":0,"Local Read Blocks":0,"Local Dirtied Blocks":0,"Local Written Blocks":0,"Temp Read Blocks":0,"Temp Written Blocks":0,"I/O Read Time":0.0,"I/O Write Time":0.0,"Temp I/O Read Time":0.0,"Temp I/O Write Time":0.0,"Plans":[{"Node Type":"Seq Scan","Parent Relationship":"Outer","Parallel Aware":false,"Async Capable":false,"Relation Name":"nation","Schema":"public","Alias":"n1","Startup Cost":0.0,"Total Cost":1.93,"Plan Rows":2,"Plan Width":12,"Actual Startup Time":0.017,"Actual Total Time":0.022,"Actual Rows":2,"Actual Loops":1,"Output":["n1.n_nationkey","n1.n_name"],"Filter":"(((n1.n_name)::text = 'Germany'::text) OR ((n1.n_name)::text = 'Cambodia'::text))","Rows Removed by Filter":60,"Shared Hit Blocks":1,"Shared Read Blocks":0,"Shared Dirtied Blocks":0,"Shared Written Blocks":0,"Local Hit Blocks":0,"Local Read Blocks":0,"Local Dirtied Blocks":0,"Local Written Blocks":0,"Temp Read Blocks":0,"Temp Written Blocks":0,"I/O Read Time":0.0,"I/O Write Time":0.0,"Temp I/O Read Time":0.0,"Temp I/O Write Time":0.0}]}]}]}]}]}]},"Planning":{"Shared Hit Blocks":152,"Shared Read Blocks":0,"Shared Dirtied Blocks":0,"Shared Written Blocks":0,"Local Hit Blocks":0,"Local Read Blocks":0,"Local Dirtied Blocks":0,"Local Written Blocks":0,"Temp Read Blocks":0,"Temp Written Blocks":0,"I/O Read Time":0.0,"I/O Write Time":0.0,"Temp I/O Read Time":0.0,"Temp I/O Write Time":0.0},"Planning Time":3.048,"Triggers":[],"Execution Time":24183.602}]
[列存组合]: order_line, stock
[{"Plan":{"Node Type":"Aggregate","Strategy":"Sorted","Partial Mode":"Simple","Parallel Aware":false,"Async Capable":false,"Startup Cost":2139204.78,"Total Cost":2139459.6,"Plan Rows":9266,"Plan Width":72,"Actual Startup Time":15408.338,"Actual Total Time":15410.891,"Actual Rows":6,"Actual Loops":1,"Output":["supplier.su_nationkey","customer.c_nationkey","(EXTRACT(year FROM orders.o_entry_d))","sum(order_line.ol_amount)"],"Group Key":["supplier.su_nationkey","customer.c_nationkey","(EXTRACT(year FROM orders.o_entry_d))"],"Shared Hit Blocks":504331,"Shared Read Blocks":0,"Shared Dirtied Blocks":0,"Shared Written Blocks":0,"Local Hit Blocks":0,"Local Read Blocks":0,"Local Dirtied Blocks":0,"Local Written Blocks":0,"Temp Read Blocks":41796,"Temp Written Blocks":41814,"I/O Read Time":0.0,"I/O Write Time":0.0,"Temp I/O Read Time":65.791,"Temp I/O Write Time":206.286,"Plans":[{"Node Type":"Sort","Parent Relationship":"Outer","Parallel Aware":false,"Async Capable":false,"Startup Cost":2139204.78,"Total Cost":2139227.95,"Plan Rows":9266,"Plan Width":44,"Actual Startup Time":15408.227,"Actual Total Time":15408.761,"Actual Rows":12121,"Actual Loops":1,"Output":["supplier.su_nationkey","customer.c_nationkey","(EXTRACT(year FROM orders.o_entry_d))","order_line.ol_amount"],"Sort Key":["supplier.su_nationkey","customer.c_nationkey","(EXTRACT(year FROM orders.o_entry_d))"],"Sort Method":"quicksort","Sort Space Used":1047,"Sort Space Type":"Memory","Shared Hit Blocks":504331,"Shared Read Blocks":0,"Shared Dirtied Blocks":0,"Shared Written Blocks":0,"Local Hit Blocks":0,"Local Read Blocks":0,"Local Dirtied Blocks":0,"Local Written Blocks":0,"Temp Read Blocks":41796,"Temp Written Blocks":41814,"I/O Read Time":0.0,"I/O Write Time":0.0,"Temp I/O Read Time":65.791,"Temp I/O Write Time":206.286,"Plans":[{"Node Type":"Merge Join","Parent Relationship":"Outer","Parallel Aware":false,"Async Capable":false,"Join Type":"Inner","Startup Cost":2130134.43,"Total Cost":2138594.26,"Plan Rows":9266,"Plan Width":44,"Actual Startup Time":15064.819,"Actual Total Time":15405.122,"Actual Rows":12121,"Actual Loops":1,"Output":["supplier.su_nationkey","customer.c_nationkey","EXTRACT(year FROM orders.o_entry_d)","order_line.ol_amount"],"Merge Cond":"((orders.o_c_id = customer.c_id) AND (order_line.ol_w_id = customer.c_w_id) AND (order_line.ol_d_id = customer.c_d_id))","Join Filter":"((((n1.n_name)::text = 'Germany'::text) AND ((n2.n_name)::text = 'Cambodia'::text)) OR (((n1.n_name)::text = 'Cambodia'::text) AND ((n2.n_name)::text = 'Germany'::text)))","Rows Removed by Join Filter":11453,"Shared Hit Blocks":504331,"Shared Read Blocks":0,"Shared Dirtied Blocks":0,"Shared Written Blocks":0,"Local Hit Blocks":0,"Local Read Blocks":0,"Local Dirtied Blocks":0,"Local Written Blocks":0,"Temp Read Blocks":41796,"Temp Written Blocks":41814,"I/O Read Time":0.0,"I/O Write Time":0.0,"Temp I/O Read Time":65.791,"Temp I/O Write Time":206.286,"Plans":[{"Node Type":"Sort","Parent Relationship":"Outer","Parallel Aware":false,"Async Capable":false,"Startup Cost":1572345.14,"Total Cost":1573758.54,"Plan Rows":565362,"Plan Width":36,"Actual Startup Time":12828.862,"Actual Total Time":13000.342,"Actual Rows":485009,"Actual Loops":1,"Output":["supplier.su_nationkey","order_line.ol_amount","order_line.ol_w_id","order_line.ol_d_id","orders.o_entry_d","orders.o_w_id","orders.o_d_id","orders.o_c_id","n1.n_name"],"Sort Key":["orders.o_c_id","order_line.ol_w_id","order_line.ol_d_id"],"Sort Method":"external merge","Sort Space Used":24000,"Sort Space Type":"Disk","Shared Hit Blocks":44340,"Shared Read Blocks":0,"Shared Dirtied Blocks":0,"Shared Written Blocks":0,"Local Hit Blocks":0,"Local Read Blocks":0,"Local Dirtied Blocks":0,"Local Written Blocks":0,"Temp Read Blocks":40706,"Temp Written Blocks":40718,"I/O Read Time":0.0,"I/O Write Time":0.0,"Temp I/O Read Time":64.134,"Temp I/O Write Time":201.764,"Plans":[{"Node Type":"Hash Join","Parent Relationship":"Outer","Parallel Aware":false,"Async Capable":false,"Join Type":"Inner","Startup Cost":318256.82,"Total Cost":1502868.65,"Plan Rows":565362,"Plan Width":36,"Actual Startup Time":2975.204,"Actual Total Time":12579.844,"Actual Rows":485009,"Actual Loops":1,"Output":["supplier.su_nationkey","order_line.ol_amount","order_line.ol_w_id","order_line.ol_d_id","orders.o_entry_d","orders.o_w_id","orders.o_d_id","orders.o_c_id","n1.n_name"],"Hash Cond":"((order_line.ol_w_id = orders.o_w_id) AND (order_line.ol_d_id = orders.o_d_id) AND (order_line.ol_o_id = orders.o_id))","Shared Hit Blocks":44340,"Shared Read Blocks":0,"Shared Dirtied Blocks":0,"Shared Written Blocks":0,"Local Hit Blocks":0,"Local Read Blocks":0,"Local Dirtied Blocks":0,"Local Written Blocks":0,"Temp Read Blocks":37706,"Temp Written Blocks":37706,"I/O Read Time":0.0,"I/O Write Time":0.0,"Temp I/O Read Time":59.542,"Temp I/O Write Time":190.325,"Plans":[{"Node Type":"Hash Join","Parent Relationship":"Outer","Parallel Aware":false,"Async Capable":false,"Join Type":"Inner","Startup Cost":59064.55,"Total Cost":1196350.45,"Plan Rows":565705,"Plan Width":28,"Actual Startup Time":952.261,"Actual Total Time":9875.561,"Actual Rows":485009,"Actual Loops":1,"Output":["supplier.su_nationkey","order_line.ol_amount","order_line.ol_w_id","order_line.ol_d_id","order_line.ol_o_id","n1.n_name"],"Hash Cond":"(supplier.su_nationkey = n1.n_nationkey)","Shared Hit Blocks":218,"Shared Read Blocks":0,"Shared Dirtied Blocks":0,"Shared Written Blocks":0,"Local Hit Blocks":0,"Local Read Blocks":0,"Local Dirtied Blocks":0,"Local Written Blocks":0,"Temp Read Blocks":0,"Temp Written Blocks":0,"I/O Read Time":0.0,"I/O Write Time":0.0,"Temp I/O Read Time":0.0,"Temp I/O Write Time":0.0,"Plans":[{"Node Type":"Hash Join","Parent Relationship":"Outer","Parallel Aware":false,"Async Capable":false,"Join Type":"Inner","Startup Cost":59062.59,"Total Cost":1147167.47,"Plan Rows":17536869,"Plan Width":20,"Actual Startup Time":952.069,"Actual Total Time":8646.735,"Actual Rows":17139931,"Actual Loops":1,"Output":["supplier.su_nationkey","order_line.ol_amount","order_line.ol_w_id","order_line.ol_d_id","order_line.ol_o_id"],"Hash Cond":"(mod((stock.s_w_id * stock.s_i_id), 10000) = supplier.su_suppkey)","Shared Hit Blocks":217,"Shared Read Blocks":0,"Shared Dirtied Blocks":0,"Shared Written Blocks":0,"Local Hit Blocks":0,"Local Read Blocks":0,"Local Dirtied Blocks":0,"Local Written Blocks":0,"Temp Read Blocks":0,"Temp Written Blocks":0,"I/O Read Time":0.0,"I/O Write Time":0.0,"Temp I/O Read Time":0.0,"Temp I/O Write Time":0.0,"Plans":[{"Node Type":"Hash Join","Parent Relationship":"Outer","Parallel Aware":false,"Async Capable":false,"Join Type":"Inner","Startup Cost":58620.59,"Total Cost":1096283.52,"Plan Rows":17536869,"Plan Width":22,"Actual Startup Time":949.503,"Actual Total Time":5234.817,"Actual Rows":17139931,"Actual Loops":1,"Output":["stock.s_w_id","stock.s_i_id","order_line.ol_amount","order_line.ol_w_id","order_line.ol_d_id","order_line.ol_o_id"],"Hash Cond":"((order_line.ol_supply_w_id = stock.s_w_id) AND (order_line.ol_i_id = stock.s_i_id))","Rows Removed by Bloom Filter":0,"Shared Hit Blocks":0,"Shared Read Blocks":0,"Shared Dirtied Blocks":0,"Shared Written Blocks":0,"Local Hit Blocks":0,"Local Read Blocks":0,"Local Dirtied Blocks":0,"Local Written Blocks":0,"Temp Read Blocks":0,"Temp Written Blocks":0,"I/O Read Time":0.0,"I/O Write Time":0.0,"Temp I/O Read Time":0.0,"Temp I/O Write Time":0.0,"Plans":[{"Node Type":"Append","Parent Relationship":"Outer","Parallel Aware":false,"Async Capable":false,"Startup Cost":20.0,"Total Cost":482290.51,"Plan Rows":17536869,"Plan Width":22,"Actual Startup Time":26.655,"Actual Total Time":26.667,"Actual Rows":17139931,"Actual Loops":1,"Shared Hit Blocks":0,"Shared Read Blocks":0,"Shared Dirtied Blocks":0,"Shared Written Blocks":0,"Local Hit Blocks":0,"Local Read Blocks":0,"Local Dirtied Blocks":0,"Local Written Blocks":0,"Temp Read Blocks":0,"Temp Written Blocks":0,"I/O Read Time":0.0,"I/O Write Time":0.0,"Temp I/O Read Time":0.0,"Temp I/O Write Time":0.0,"Subplans Removed":0,"Plans":[{"Node Type":"Custom Scan","Parent Relationship":"Member","Custom Plan Provider":"columnar scan","Parallel Aware":false,"Async Capable":false,"Relation Name":"order_line","Schema":"public","Alias":"order_line","Startup Cost":20.0,"Total Cost":482285.56,"Plan Rows":17536851,"Plan Width":22,"Actual Startup Time":26.653,"Actual Total Time":26.655,"Actual Rows":17139931,"Actual Loops":1,"Output":["order_line.ol_amount","order_line.ol_supply_w_id","order_line.ol_i_id","order_line.ol_w_id","order_line.ol_d_id","order_line.ol_o_id"],"Filter":"((order_line.ol_delivery_d <= '1997-01-01 20:10:02.27764'::timestamp without time zone) AND (order_line.ol_delivery_d >= '1995-01-02 20:10:02.27764'::timestamp without time zone))","Rows Removed by Filter":0,"Rows Removed by Columnar Filter":42853830,"Columnar cache search mode":"native","Shared Hit Blocks":0,"Shared Read Blocks":0,"Shared Dirtied Blocks":0,"Shared Written Blocks":0,"Local Hit Blocks":0,"Local Read Blocks":0,"Local Dirtied Blocks":0,"Local Written Blocks":0,"Temp Read Blocks":0,"Temp Written Blocks":0,"I/O Read Time":0.0,"I/O Write Time":0.0,"Temp I/O Read Time":0.0,"Temp I/O Write Time":0.0},{"Node Type":"Seq Scan","Parent Relationship":"Member","Parallel Aware":false,"Async Capable":false,"Relation Name":"order_line","Schema":"public","Alias":"order_line","Startup Cost":0.0,"Total Cost":4.95,"Plan Rows":18,"Plan Width":22,"Actual Startup Time":0.0,"Actual Total Time":0.0,"Actual Rows":0,"Actual Loops":0,"Output":["order_line.ol_amount","order_line.ol_supply_w_id","order_line.ol_i_id","order_line.ol_w_id","order_line.ol_d_id","order_line.ol_o_id"],"Filter":"((order_line.ol_delivery_d <= '1997-01-01 20:10:02.27764'::timestamp without time zone) AND (order_line.ol_delivery_d >= '1995-01-02 20:10:02.27764'::timestamp without time zone))","Rows Removed by Filter":0,"Shared Hit Blocks":0,"Shared Read Blocks":0,"Shared Dirtied Blocks":0,"Shared Written Blocks":0,"Local Hit Blocks":0,"Local Read Blocks":0,"Local Dirtied Blocks":0,"Local Written Blocks":0,"Temp Read Blocks":0,"Temp Written Blocks":0,"I/O Read Time":0.0,"I/O Write Time":0.0,"Temp I/O Read Time":0.0,"Temp I/O Write Time":0.0}]},{"Node Type":"Hash","Parent Relationship":"Inner","Parallel Aware":false,"Async Capable":false,"Startup Cost":390026.22,"Total Cost":390026.22,"Plan Rows":20000212,"Plan Width":6,"Actual Rows":20000000,"Actual Loops":1,"Output":["stock.s_w_id","stock.s_i_id"],"Shared Hit Blocks":0,"Shared Read Blocks":0,"Shared Dirtied Blocks":0,"Shared Written Blocks":0,"Local Hit Blocks":0,"Local Read Blocks":0,"Local Dirtied Blocks":0,"Local Written Blocks":0,"Temp Read Blocks":0,"Temp Written Blocks":0,"I/O Read Time":0.0,"I/O Write Time":0.0,"Temp I/O Read Time":0.0,"Temp I/O Write Time":0.0,"Plans":[{"Node Type":"Append","Parent Relationship":"Outer","Parallel Aware":false,"Async Capable":false,"Startup Cost":20.0,"Total Cost":390026.22,"Plan Rows":20000212,"Plan Width":6,"Actual Startup Time":0.392,"Actual Total Time":0.393,"Actual Rows":20000000,"Actual Loops":1,"Shared Hit Blocks":0,"Shared Read Blocks":0,"Shared Dirtied Blocks":0,"Shared Written Blocks":0,"Local Hit Blocks":0,"Local Read Blocks":0,"Local Dirtied Blocks":0,"Local Written Blocks":0,"Temp Read Blocks":0,"Temp Written Blocks":0,"I/O Read Time":0.0,"I/O Write Time":0.0,"Temp I/O Read Time":0.0,"Temp I/O Write Time":0.0,"Subplans Removed":0,"Plans":[{"Node Type":"Custom Scan","Parent Relationship":"Member","Custom Plan Provider":"columnar scan","Parallel Aware":false,"Async Capable":false,"Relation Name":"stock","Schema":"public","Alias":"stock","Startup Cost":20.0,"Total Cost":390020.1,"Plan Rows":20000000,"Plan Width":6,"Actual Startup Time":0.39,"Actual Total Time":0.391,"Actual Rows":20000000,"Actual Loops":1,"Output":["stock.s_w_id","stock.s_i_id"],"Rows Removed by Columnar Filter":0,"Columnar cache search mode":"native","Shared Hit Blocks":0,"Shared Read Blocks":0,"Shared Dirtied Blocks":0,"Shared Written Blocks":0,"Local Hit Blocks":0,"Local Read Blocks":0,"Local Dirtied Blocks":0,"Local Written Blocks":0,"Temp Read Blocks":0,"Temp Written Blocks":0,"I/O Read Time":0.0,"I/O Write Time":0.0,"Temp I/O Read Time":0.0,"Temp I/O Write Time":0.0},{"Node Type":"Seq Scan","Parent Relationship":"Member","Parallel Aware":false,"Async Capable":false,"Relation Name":"stock","Schema":"public","Alias":"stock","Startup Cost":0.0,"Total Cost":6.12,"Plan Rows":212,"Plan Width":6,"Actual Startup Time":0.0,"Actual Total Time":0.0,"Actual Rows":0,"Actual Loops":0,"Output":["stock.s_w_id","stock.s_i_id"],"Shared Hit Blocks":0,"Shared Read Blocks":0,"Shared Dirtied Blocks":0,"Shared Written Blocks":0,"Local Hit Blocks":0,"Local Read Blocks":0,"Local Dirtied Blocks":0,"Local Written Blocks":0,"Temp Read Blocks":0,"Temp Written Blocks":0,"I/O Read Time":0.0,"I/O Write Time":0.0,"Temp I/O Read Time":0.0,"Temp I/O Write Time":0.0}]}]}]},{"Node Type":"Hash","Parent Relationship":"Inner","Parallel Aware":false,"Async Capable":false,"Startup Cost":317.0,"Total Cost":317.0,"Plan Rows":10000,"Plan Width":8,"Actual Startup Time":2.504,"Actual Total Time":2.504,"Actual Rows":10000,"Actual Loops":1,"Output":["supplier.su_nationkey","supplier.su_suppkey"],"Hash Buckets":16384,"Original Hash Buckets":16384,"Hash Batches":1,"Original Hash Batches":1,"Peak Memory Usage":519,"Shared Hit Blocks":217,"Shared Read Blocks":0,"Shared Dirtied Blocks":0,"Shared Written Blocks":0,"Local Hit Blocks":0,"Local Read Blocks":0,"Local Dirtied Blocks":0,"Local Written Blocks":0,"Temp Read Blocks":0,"Temp Written Blocks":0,"I/O Read Time":0.0,"I/O Write Time":0.0,"Temp I/O Read Time":0.0,"Temp I/O Write Time":0.0,"Plans":[{"Node Type":"Seq Scan","Parent Relationship":"Outer","Parallel Aware":false,"Async Capable":false,"Relation Name":"supplier","Schema":"public","Alias":"supplier","Startup Cost":0.0,"Total Cost":317.0,"Plan Rows":10000,"Plan Width":8,"Actual Startup Time":0.006,"Actual Total Time":1.291,"Actual Rows":10000,"Actual Loops":1,"Output":["supplier.su_nationkey","supplier.su_suppkey"],"Shared Hit Blocks":217,"Shared Read Blocks":0,"Shared Dirtied Blocks":0,"Shared Written Blocks":0,"Local Hit Blocks":0,"Local Read Blocks":0,"Local Dirtied Blocks":0,"Local Written Blocks":0,"Temp Read Blocks":0,"Temp Written Blocks":0,"I/O Read Time":0.0,"I/O Write Time":0.0,"Temp I/O Read Time":0.0,"Temp I/O Write Time":0.0}]}]},{"Node Type":"Hash","Parent Relationship":"Inner","Parallel Aware":false,"Async Capable":false,"Startup Cost":1.93,"Total Cost":1.93,"Plan Rows":2,"Plan Width":12,"Actual Startup Time":0.027,"Actual Total Time":0.029,"Actual Rows":2,"Actual Loops":1,"Output":["n1.n_nationkey","n1.n_name"],"Hash Buckets":1024,"Original Hash Buckets":1024,"Hash Batches":1,"Original Hash Batches":1,"Peak Memory Usage":9,"Shared Hit Blocks":1,"Shared Read Blocks":0,"Shared Dirtied Blocks":0,"Shared Written Blocks":0,"Local Hit Blocks":0,"Local Read Blocks":0,"Local Dirtied Blocks":0,"Local Written Blocks":0,"Temp Read Blocks":0,"Temp Written Blocks":0,"I/O Read Time":0.0,"I/O Write Time":0.0,"Temp I/O Read Time":0.0,"Temp I/O Write Time":0.0,"Plans":[{"Node Type":"Seq Scan","Parent Relationship":"Outer","Parallel Aware":false,"Async Capable":false,"Relation Name":"nation","Schema":"public","Alias":"n1","Startup Cost":0.0,"Total Cost":1.93,"Plan Rows":2,"Plan Width":12,"Actual Startup Time":0.017,"Actual Total Time":0.023,"Actual Rows":2,"Actual Loops":1,"Output":["n1.n_nationkey","n1.n_name"],"Filter":"(((n1.n_name)::text = 'Germany'::text) OR ((n1.n_name)::text = 'Cambodia'::text))","Rows Removed by Filter":60,"Shared Hit Blocks":1,"Shared Read Blocks":0,"Shared Dirtied Blocks":0,"Shared Written Blocks":0,"Local Hit Blocks":0,"Local Read Blocks":0,"Local Dirtied Blocks":0,"Local Written Blocks":0,"Temp Read Blocks":0,"Temp Written Blocks":0,"I/O Read Time":0.0,"I/O Write Time":0.0,"Temp I/O Read Time":0.0,"Temp I/O Write Time":0.0}]}]},{"Node Type":"Hash","Parent Relationship":"Inner","Parallel Aware":false,"Async Capable":false,"Startup Cost":119121.6,"Total Cost":119121.6,"Plan Rows":5996324,"Plan Width":24,"Actual Startup Time":2021.473,"Actual Total Time":2021.475,"Actual Rows":5995789,"Actual Loops":1,"Output":["orders.o_entry_d","orders.o_w_id","orders.o_d_id","orders.o_id","orders.o_c_id"],"Hash Buckets":131072,"Original Hash Buckets":131072,"Hash Batches":64,"Original Hash Batches":64,"Peak Memory Usage":6496,"Shared Hit Blocks":44122,"Shared Read Blocks":0,"Shared Dirtied Blocks":0,"Shared Written Blocks":0,"Local Hit Blocks":0,"Local Read Blocks":0,"Local Dirtied Blocks":0,"Local Written Blocks":0,"Temp Read Blocks":0,"Temp Written Blocks":34552,"I/O Read Time":0.0,"I/O Write Time":0.0,"Temp I/O Read Time":0.0,"Temp I/O Write Time":169.431,"Plans":[{"Node Type":"Seq Scan","Parent Relationship":"Outer","Parallel Aware":false,"Async Capable":false,"Relation Name":"orders","Schema":"public","Alias":"orders","Startup Cost":0.0,"Total Cost":119121.6,"Plan Rows":5996324,"Plan Width":24,"Actual Startup Time":0.021,"Actual Total Time":828.199,"Actual Rows":5995789,"Actual Loops":1,"Output":["orders.o_entry_d","orders.o_w_id","orders.o_d_id","orders.o_id","orders.o_c_id"],"Filter":"(orders.o_entry_d >= '1992-01-02 20:10:02.27764'::timestamp without time zone)","Rows Removed by Filter":4211,"Shared Hit Blocks":44122,"Shared Read Blocks":0,"Shared Dirtied Blocks":0,"Shared Written Blocks":0,"Local Hit Blocks":0,"Local Read Blocks":0,"Local Dirtied Blocks":0,"Local Written Blocks":0,"Temp Read Blocks":0,"Temp Written Blocks":0,"I/O Read Time":0.0,"I/O Write Time":0.0,"Temp I/O Read Time":0.0,"Temp I/O Write Time":0.0}]}]}]},{"Node Type":"Materialize","Parent Relationship":"Inner","Parallel Aware":false,"Async Capable":false,"Startup Cost":557789.1,"Total Cost":558756.87,"Plan Rows":193553,"Plan Width":20,"Actual Startup Time":2235.887,"Actual Total Time":2308.918,"Actual Rows":293066,"Actual Loops":1,"Output":["customer.c_nationkey","customer.c_id","customer.c_w_id","customer.c_d_id","n2.n_name"],"Shared Hit Blocks":459991,"Shared Read Blocks":0,"Shared Dirtied Blocks":0,"Shared Written Blocks":0,"Local Hit Blocks":0,"Local Read Blocks":0,"Local Dirtied Blocks":0,"Local Written Blocks":0,"Temp Read Blocks":1090,"Temp Written Blocks":1096,"I/O Read Time":0.0,"I/O Write Time":0.0,"Temp I/O Read Time":1.657,"Temp I/O Write Time":4.522,"Plans":[{"Node Type":"Sort","Parent Relationship":"Outer","Parallel Aware":false,"Async Capable":false,"Startup Cost":557789.1,"Total Cost":558272.98,"Plan Rows":193553,"Plan Width":20,"Actual Startup Time":2235.876,"Actual Total Time":2276.315,"Actual Rows":289967,"Actual Loops":1,"Output":["customer.c_nationkey","customer.c_id","customer.c_w_id","customer.c_d_id","n2.n_name"],"Sort Key":["customer.c_id","customer.c_w_id","customer.c_d_id"],"Sort Method":"external merge","Sort Space Used":8720,"Sort Space Type":"Disk","Shared Hit Blocks":459991,"Shared Read Blocks":0,"Shared Dirtied Blocks":0,"Shared Written Blocks":0,"Local Hit Blocks":0,"Local Read Blocks":0,"Local Dirtied Blocks":0,"Local Written Blocks":0,"Temp Read Blocks":1090,"Temp Written Blocks":1096,"I/O Read Time":0.0,"I/O Write Time":0.0,"Temp I/O Read Time":1.657,"Temp I/O Write Time":4.522,"Plans":[{"Node Type":"Hash Join","Parent Relationship":"Outer","Parallel Aware":false,"Async Capable":false,"Join Type":"Inner","Startup Cost":1.95,"Total Cost":536820.36,"Plan Rows":193553,"Plan Width":20,"Actual Startup Time":0.086,"Actual Total Time":2125.473,"Actual Rows":289972,"Actual Loops":1,"Output":["customer.c_nationkey","customer.c_id","customer.c_w_id","customer.c_d_id","n2.n_name"],"Hash Cond":"(customer.c_nationkey = n2.n_nationkey)","Shared Hit Blocks":459991,"Shared Read Blocks":0,"Shared Dirtied Blocks":0,"Shared Written Blocks":0,"Local Hit Blocks":0,"Local Read Blocks":0,"Local Dirtied Blocks":0,"Local Written Blocks":0,"Temp Read Blocks":0,"Temp Written Blocks":0,"I/O Read Time":0.0,"I/O Write Time":0.0,"Temp I/O Read Time":0.0,"Temp I/O Write Time":0.0,"Plans":[{"Node Type":"Seq Scan","Parent Relationship":"Outer","Parallel Aware":false,"Async Capable":false,"Relation Name":"customer","Schema":"public","Alias":"customer","Startup Cost":0.0,"Total Cost":519991.4,"Plan Rows":6000140,"Plan Width":12,"Actual Startup Time":0.025,"Actual Total Time":705.412,"Actual Rows":6000000,"Actual Loops":1,"Output":["customer.c_id","customer.c_d_id","customer.c_w_id","customer.c_nationkey","customer.c_first","customer.c_middle","customer.c_last","customer.c_street_1","customer.c_street_2","customer.c_city","customer.c_state","customer.c_zip","customer.c_phone","customer.c_since","customer.c_credit","customer.c_credit_lim","customer.c_discount","customer.c_balance","customer.c_ytd_payment","customer.c_payment_cnt","customer.c_delivery_cnt","customer.c_data"],"Shared Hit Blocks":459990,"Shared Read Blocks":0,"Shared Dirtied Blocks":0,"Shared Written Blocks":0,"Local Hit Blocks":0,"Local Read Blocks":0,"Local Dirtied Blocks":0,"Local Written Blocks":0,"Temp Read Blocks":0,"Temp Written Blocks":0,"I/O Read Time":0.0,"I/O Write Time":0.0,"Temp I/O Read Time":0.0,"Temp I/O Write Time":0.0},{"Node Type":"Hash","Parent Relationship":"Inner","Parallel Aware":false,"Async Capable":false,"Startup Cost":1.93,"Total Cost":1.93,"Plan Rows":2,"Plan Width":12,"Actual Startup Time":0.025,"Actual Total Time":0.026,"Actual Rows":2,"Actual Loops":1,"Output":["n2.n_nationkey","n2.n_name"],"Hash Buckets":1024,"Original Hash Buckets":1024,"Hash Batches":1,"Original Hash Batches":1,"Peak Memory Usage":9,"Shared Hit Blocks":1,"Shared Read Blocks":0,"Shared Dirtied Blocks":0,"Shared Written Blocks":0,"Local Hit Blocks":0,"Local Read Blocks":0,"Local Dirtied Blocks":0,"Local Written Blocks":0,"Temp Read Blocks":0,"Temp Written Blocks":0,"I/O Read Time":0.0,"I/O Write Time":0.0,"Temp I/O Read Time":0.0,"Temp I/O Write Time":0.0,"Plans":[{"Node Type":"Seq Scan","Parent Relationship":"Outer","Parallel Aware":false,"Async Capable":false,"Relation Name":"nation","Schema":"public","Alias":"n2","Startup Cost":0.0,"Total Cost":1.93,"Plan Rows":2,"Plan Width":12,"Actual Startup Time":0.016,"Actual Total Time":0.021,"Actual Rows":2,"Actual Loops":1,"Output":["n2.n_nationkey","n2.n_name"],"Filter":"(((n2.n_name)::text = 'Cambodia'::text) OR ((n2.n_name)::text = 'Germany'::text))","Rows Removed by Filter":60,"Shared Hit Blocks":1,"Shared Read Blocks":0,"Shared Dirtied Blocks":0,"Shared Written Blocks":0,"Local Hit Blocks":0,"Local Read Blocks":0,"Local Dirtied Blocks":0,"Local Written Blocks":0,"Temp Read Blocks":0,"Temp Written Blocks":0,"I/O Read Time":0.0,"I/O Write Time":0.0,"Temp I/O Read Time":0.0,"Temp I/O Write Time":0.0}]}]}]}]}]}]}]},"Planning":{"Shared Hit Blocks":152,"Shared Read Blocks":0,"Shared Dirtied Blocks":0,"Shared Written Blocks":0,"Local Hit Blocks":0,"Local Read Blocks":0,"Local Dirtied Blocks":0,"Local Written Blocks":0,"Temp Read Blocks":0,"Temp Written Blocks":0,"I/O Read Time":0.0,"I/O Write Time":0.0,"Temp I/O Read Time":0.0,"Temp I/O Write Time":0.0},"Planning Time":3.931,"Triggers":[],"Execution Time":15417.057}]
[列存组合]: order_line, supplier
[{"Plan":{"Node Type":"Aggregate","Strategy":"Sorted","Partial Mode":"Simple","Parallel Aware":false,"Async Capable":false,"Startup Cost":3749851.54,"Total Cost":3750106.36,"Plan Rows":9266,"Plan Width":72,"Actual Startup Time":23110.942,"Actual Total Time":23113.527,"Actual Rows":6,"Actual Loops":1,"Output":["supplier.su_nationkey","customer.c_nationkey","(EXTRACT(year FROM orders.o_entry_d))","sum(order_line.ol_amount)"],"Group Key":["supplier.su_nationkey","customer.c_nationkey","(EXTRACT(year FROM orders.o_entry_d))"],"Shared Hit Blocks":558787,"Shared Read Blocks":0,"Shared Dirtied Blocks":0,"Shared Written Blocks":0,"Local Hit Blocks":0,"Local Read Blocks":0,"Local Dirtied Blocks":0,"Local Written Blocks":0,"Temp Read Blocks":123649,"Temp Written Blocks":123667,"I/O Read Time":0.0,"I/O Write Time":0.0,"Temp I/O Read Time":190.739,"Temp I/O Write Time":544.71,"Plans":[{"Node Type":"Sort","Parent Relationship":"Outer","Parallel Aware":false,"Async Capable":false,"Startup Cost":3749851.54,"Total Cost":3749874.71,"Plan Rows":9266,"Plan Width":44,"Actual Startup Time":23110.833,"Actual Total Time":23111.377,"Actual Rows":12121,"Actual Loops":1,"Output":["supplier.su_nationkey","customer.c_nationkey","(EXTRACT(year FROM orders.o_entry_d))","order_line.ol_amount"],"Sort Key":["supplier.su_nationkey","customer.c_nationkey","(EXTRACT(year FROM orders.o_entry_d))"],"Sort Method":"quicksort","Sort Space Used":1047,"Sort Space Type":"Memory","Shared Hit Blocks":558787,"Shared Read Blocks":0,"Shared Dirtied Blocks":0,"Shared Written Blocks":0,"Local Hit Blocks":0,"Local Read Blocks":0,"Local Dirtied Blocks":0,"Local Written Blocks":0,"Temp Read Blocks":123649,"Temp Written Blocks":123667,"I/O Read Time":0.0,"I/O Write Time":0.0,"Temp I/O Read Time":190.739,"Temp I/O Write Time":544.71,"Plans":[{"Node Type":"Merge Join","Parent Relationship":"Outer","Parallel Aware":false,"Async Capable":false,"Join Type":"Inner","Startup Cost":3740781.19,"Total Cost":3749241.02,"Plan Rows":9266,"Plan Width":44,"Actual Startup Time":22766.4,"Actual Total Time":23107.926,"Actual Rows":12121,"Actual Loops":1,"Output":["supplier.su_nationkey","customer.c_nationkey","EXTRACT(year FROM orders.o_entry_d)","order_line.ol_amount"],"Inner Unique":false,"Merge Cond":"((orders.o_c_id = customer.c_id) AND (order_line.ol_w_id = customer.c_w_id) AND (order_line.ol_d_id = customer.c_d_id))","Join Filter":"((((n1.n_name)::text = 'Germany'::text) AND ((n2.n_name)::text = 'Cambodia'::text)) OR (((n1.n_name)::text = 'Cambodia'::text) AND ((n2.n_name)::text = 'Germany'::text)))","Rows Removed by Join Filter":11453,"Shared Hit Blocks":558787,"Shared Read Blocks":0,"Shared Dirtied Blocks":0,"Shared Written Blocks":0,"Local Hit Blocks":0,"Local Read Blocks":0,"Local Dirtied Blocks":0,"Local Written Blocks":0,"Temp Read Blocks":123649,"Temp Written Blocks":123667,"I/O Read Time":0.0,"I/O Write Time":0.0,"Temp I/O Read Time":190.739,"Temp I/O Write Time":544.71,"Plans":[{"Node Type":"Sort","Parent Relationship":"Outer","Parallel Aware":false,"Async Capable":false,"Startup Cost":3182991.9,"Total Cost":3184405.3,"Plan Rows":565362,"Plan Width":36,"Actual Startup Time":20486.163,"Actual Total Time":20658.552,"Actual Rows":485009,"Actual Loops":1,"Output":["supplier.su_nationkey","order_line.ol_amount","order_line.ol_w_id","order_line.ol_d_id","orders.o_entry_d","orders.o_w_id","orders.o_d_id","orders.o_c_id","n1.n_name"],"Sort Key":["orders.o_c_id","order_line.ol_w_id","order_line.ol_d_id"],"Sort Method":"external merge","Sort Space Used":24000,"Sort Space Type":"Disk","Shared Hit Blocks":98796,"Shared Read Blocks":0,"Shared Dirtied Blocks":0,"Shared Written Blocks":0,"Local Hit Blocks":0,"Local Read Blocks":0,"Local Dirtied Blocks":0,"Local Written Blocks":0,"Temp Read Blocks":122559,"Temp Written Blocks":122571,"I/O Read Time":0.0,"I/O Write Time":0.0,"Temp I/O Read Time":189.08,"Temp I/O Write Time":540.194,"Plans":[{"Node Type":"Hash Join","Parent Relationship":"Outer","Parallel Aware":false,"Async Capable":false,"Join Type":"Inner","Startup Cost":905997.05,"Total Cost":3113515.41,"Plan Rows":565362,"Plan Width":36,"Actual Startup Time":8517.09,"Actual Total Time":20237.122,"Actual Rows":485009,"Actual Loops":1,"Output":["supplier.su_nationkey","order_line.ol_amount","order_line.ol_w_id","order_line.ol_d_id","orders.o_entry_d","orders.o_w_id","orders.o_d_id","orders.o_c_id","n1.n_name"],"Inner Unique":true,"Hash Cond":"((order_line.ol_w_id = orders.o_w_id) AND (order_line.ol_d_id = orders.o_d_id) AND (order_line.ol_o_id = orders.o_id))","Shared Hit Blocks":98796,"Shared Read Blocks":0,"Shared Dirtied Blocks":0,"Shared Written Blocks":0,"Local Hit Blocks":0,"Local Read Blocks":0,"Local Dirtied Blocks":0,"Local Written Blocks":0,"Temp Read Blocks":119559,"Temp Written Blocks":119559,"I/O Read Time":0.0,"I/O Write Time":0.0,"Temp I/O Read Time":184.384,"Temp I/O Write Time":528.876,"Plans":[{"Node Type":"Hash Join","Parent Relationship":"Outer","Parallel Aware":false,"Async Capable":false,"Join Type":"Inner","Startup Cost":646804.78,"Total Cost":2806997.21,"Plan Rows":565705,"Plan Width":28,"Actual Startup Time":6694.787,"Actual Total Time":17730.048,"Actual Rows":485009,"Actual Loops":1,"Output":["supplier.su_nationkey","order_line.ol_amount","order_line.ol_w_id","order_line.ol_d_id","order_line.ol_o_id","n1.n_name"],"Inner Unique":false,"Hash Cond":"((order_line.ol_supply_w_id = stock.s_w_id) AND (order_line.ol_i_id = stock.s_i_id))","Shared Hit Blocks":54674,"Shared Read Blocks":0,"Shared Dirtied Blocks":0,"Shared Written Blocks":0,"Local Hit Blocks":0,"Local Read Blocks":0,"Local Dirtied Blocks":0,"Local Written Blocks":0,"Temp Read Blocks":81853,"Temp Written Blocks":81853,"I/O Read Time":0.0,"I/O Write Time":0.0,"Temp I/O Read Time":126.405,"Temp I/O Write Time":354.2,"Plans":[{"Node Type":"Append","Parent Relationship":"Outer","Parallel Aware":false,"Async Capable":false,"Startup Cost":20.0,"Total Cost":1550642.51,"Plan Rows":17536869,"Plan Width":22,"Actual Startup Time":6.271,"Actual Total Time":5810.741,"Actual Rows":16894821,"Actual Loops":1,"Shared Hit Blocks":0,"Shared Read Blocks":0,"Shared Dirtied Blocks":0,"Shared Written Blocks":0,"Local Hit Blocks":0,"Local Read Blocks":0,"Local Dirtied Blocks":0,"Local Written Blocks":0,"Temp Read Blocks":0,"Temp Written Blocks":0,"I/O Read Time":0.0,"I/O Write Time":0.0,"Temp I/O Read Time":0.0,"Temp I/O Write Time":0.0,"Subplans Removed":0,"Plans":[{"Node Type":"Custom Scan","Parent Relationship":"Member","Custom Plan Provider":"columnar scan","Parallel Aware":false,"Async Capable":false,"Relation Name":"order_line","Schema":"public","Alias":"order_line","Startup Cost":20.0,"Total Cost":482285.56,"Plan Rows":17536851,"Plan Width":22,"Actual Startup Time":6.267,"Actual Total Time":4627.307,"Actual Rows":16894821,"Actual Loops":1,"Output":["order_line.ol_amount","order_line.ol_supply_w_id","order_line.ol_i_id","order_line.ol_w_id","order_line.ol_d_id","order_line.ol_o_id"],"Filter":"((order_line.ol_delivery_d <= '1997-01-01 20:10:02.27764'::timestamp without time zone) AND (order_line.ol_delivery_d >= '1995-01-02 20:10:02.27764'::timestamp without time zone))","Rows Removed by Filter":0,"Rows Removed by Columnar Filter":43098940,"Rows Filtered by Bloom Filter":0,"Dictionary Rows Filtered by Bloom Filter":857915,"Columnar cache search mode":"native","Shared Hit Blocks":0,"Shared Read Blocks":0,"Shared Dirtied Blocks":0,"Shared Written Blocks":0,"Local Hit Blocks":0,"Local Read Blocks":0,"Local Dirtied Blocks":0,"Local Written Blocks":0,"Temp Read Blocks":0,"Temp Written Blocks":0,"I/O Read Time":0.0,"I/O Write Time":0.0,"Temp I/O Read Time":0.0,"Temp I/O Write Time":0.0},{"Node Type":"Seq Scan","Parent Relationship":"Member","Parallel Aware":false,"Async Capable":false,"Relation Name":"order_line","Schema":"public","Alias":"order_line","Startup Cost":0.0,"Total Cost":4.95,"Plan Rows":18,"Plan Width":22,"Actual Startup Time":0.0,"Actual Total Time":0.0,"Actual Rows":0,"Actual Loops":0,"Output":["order_line.ol_amount","order_line.ol_supply_w_id","order_line.ol_i_id","order_line.ol_w_id","order_line.ol_d_id","order_line.ol_o_id"],"Filter":"((order_line.ol_delivery_d <= '1997-01-01 20:10:02.27764'::timestamp without time zone) AND (order_line.ol_delivery_d >= '1995-01-02 20:10:02.27764'::timestamp without time zone))","Rows Removed by Filter":0,"Shared Hit Blocks":0,"Shared Read Blocks":0,"Shared Dirtied Blocks":0,"Shared Written Blocks":0,"Local Hit Blocks":0,"Local Read Blocks":0,"Local Dirtied Blocks":0,"Local Written Blocks":0,"Temp Read Blocks":0,"Temp Written Blocks":0,"I/O Read Time":0.0,"I/O Write Time":0.0,"Temp I/O Read Time":0.0,"Temp I/O Write Time":0.0}]},{"Node Type":"Hash","Parent Relationship":"Inner","Parallel Aware":false,"Async Capable":false,"Startup Cost":633326.26,"Total Cost":633326.26,"Plan Rows":645168,"Plan Width":18,"Actual Startup Time":6687.505,"Actual Total Time":6687.518,"Actual Rows":566400,"Actual Loops":1,"Output":["supplier.su_nationkey","stock.s_w_id","stock.s_i_id","n1.n_name"],"Hash Buckets":131072,"Original Hash Buckets":131072,"Hash Batches":8,"Original Hash Batches":8,"Peak Memory Usage":4646,"Shared Hit Blocks":54674,"Shared Read Blocks":0,"Shared Dirtied Blocks":0,"Shared Written Blocks":0,"Local Hit Blocks":0,"Local Read Blocks":0,"Local Dirtied Blocks":0,"Local Written Blocks":0,"Temp Read Blocks":0,"Temp Written Blocks":2445,"I/O Read Time":0.0,"I/O Write Time":0.0,"Temp I/O Read Time":0.0,"Temp I/O Write Time":14.031,"Plans":[{"Node Type":"Hash Join","Parent Relationship":"Outer","Parallel Aware":false,"Async Capable":false,"Join Type":"Inner","Startup Cost":346.42,"Total Cost":633326.26,"Plan Rows":645168,"Plan Width":18,"Actual Startup Time":3.199,"Actual Total Time":6534.286,"Actual Rows":566400,"Actual Loops":1,"Output":["supplier.su_nationkey","stock.s_w_id","stock.s_i_id","n1.n_name"],"Inner Unique":true,"Hash Cond":"(supplier.su_nationkey = n1.n_nationkey)","Shared Hit Blocks":54674,"Shared Read Blocks":0,"Shared Dirtied Blocks":0,"Shared Written Blocks":0,"Local Hit Blocks":0,"Local Read Blocks":0,"Local Dirtied Blocks":0,"Local Written Blocks":0,"Temp Read Blocks":0,"Temp Written Blocks":0,"I/O Read Time":0.0,"I/O Write Time":0.0,"Temp I/O Read Time":0.0,"Temp I/O Write Time":0.0,"Plans":[{"Node Type":"Hash Join","Parent Relationship":"Outer","Parallel Aware":false,"Async Capable":false,"Join Type":"Inner","Startup Cost":344.46,"Total Cost":577235.0,"Plan Rows":20000212,"Plan Width":10,"Actual Startup Time":3.148,"Actual Total Time":5190.821,"Actual Rows":20000000,"Actual Loops":1,"Output":["supplier.su_nationkey","stock.s_w_id","stock.s_i_id"],"Inner Unique":true,"Hash Cond":"(mod((stock.s_w_id * stock.s_i_id), 10000) = supplier.su_suppkey)","Shared Hit Blocks":54673,"Shared Read Blocks":0,"Shared Dirtied Blocks":0,"Shared Written Blocks":0,"Local Hit Blocks":0,"Local Read Blocks":0,"Local Dirtied Blocks":0,"Local Written Blocks":0,"Temp Read Blocks":0,"Temp Written Blocks":0,"I/O Read Time":0.0,"I/O Write Time":0.0,"Temp I/O Read Time":0.0,"Temp I/O Write Time":0.0,"Plans":[{"Node Type":"Index Only Scan","Parent Relationship":"Outer","Parallel Aware":false,"Async Capable":false,"Scan Direction":"Forward","Index Name":"stock_pk","Relation Name":"stock","Schema":"public","Alias":"stock","Startup Cost":0.44,"Total Cost":519363.62,"Plan Rows":20000212,"Plan Width":6,"Actual Startup Time":0.033,"Actual Total Time":1537.477,"Actual Rows":20000000,"Actual Loops":1,"Output":["stock.s_w_id","stock.s_i_id"],"Heap Fetches":0,"Shared Hit Blocks":54673,"Shared Read Blocks":0,"Shared Dirtied Blocks":0,"Shared Written Blocks":0,"Local Hit Blocks":0,"Local Read Blocks":0,"Local Dirtied Blocks":0,"Local Written Blocks":0,"Temp Read Blocks":0,"Temp Written Blocks":0,"I/O Read Time":0.0,"I/O Write Time":0.0,"Temp I/O Read Time":0.0,"Temp I/O Write Time":0.0},{"Node Type":"Hash","Parent Relationship":"Inner","Parallel Aware":false,"Async Capable":false,"Startup Cost":219.01,"Total Cost":219.01,"Plan Rows":10001,"Plan Width":8,"Actual Startup Time":3.064,"Actual Total Time":3.067,"Actual Rows":10000,"Actual Loops":1,"Output":["supplier.su_nationkey","supplier.su_suppkey"],"Hash Buckets":16384,"Original Hash Buckets":16384,"Hash Batches":1,"Original Hash Batches":1,"Peak Memory Usage":519,"Shared Hit Blocks":0,"Shared Read Blocks":0,"Shared Dirtied Blocks":0,"Shared Written Blocks":0,"Local Hit Blocks":0,"Local Read Blocks":0,"Local Dirtied Blocks":0,"Local Written Blocks":0,"Temp Read Blocks":0,"Temp Written Blocks":0,"I/O Read Time":0.0,"I/O Write Time":0.0,"Temp I/O Read Time":0.0,"Temp I/O Write Time":0.0,"Plans":[{"Node Type":"Append","Parent Relationship":"Outer","Parallel Aware":false,"Async Capable":false,"Startup Cost":20.0,"Total Cost":219.01,"Plan Rows":10001,"Plan Width":8,"Actual Startup Time":0.033,"Actual Total Time":1.841,"Actual Rows":10000,"Actual Loops":1,"Shared Hit Blocks":0,"Shared Read Blocks":0,"Shared Dirtied Blocks":0,"Shared Written Blocks":0,"Local Hit Blocks":0,"Local Read Blocks":0,"Local Dirtied Blocks":0,"Local Written Blocks":0,"Temp Read Blocks":0,"Temp Written Blocks":0,"I/O Read Time":0.0,"I/O Write Time":0.0,"Temp I/O Read Time":0.0,"Temp I/O Write Time":0.0,"Subplans Removed":0,"Plans":[{"Node Type":"Custom Scan","Parent Relationship":"Member","Custom Plan Provider":"columnar scan","Parallel Aware":false,"Async Capable":false,"Relation Name":"supplier","Schema":"public","Alias":"supplier","Startup Cost":20.0,"Total Cost":215.0,"Plan Rows":10000,"Plan Width":8,"Actual Startup Time":0.031,"Actual Total Time":1.125,"Actual Rows":10000,"Actual Loops":1,"Output":["supplier.su_nationkey","supplier.su_suppkey"],"Rows Removed by Columnar Filter":0,"Columnar cache search mode":"native","Shared Hit Blocks":0,"Shared Read Blocks":0,"Shared Dirtied Blocks":0,"Shared Written Blocks":0,"Local Hit Blocks":0,"Local Read Blocks":0,"Local Dirtied Blocks":0,"Local Written Blocks":0,"Temp Read Blocks":0,"Temp Written Blocks":0,"I/O Read Time":0.0,"I/O Write Time":0.0,"Temp I/O Read Time":0.0,"Temp I/O Write Time":0.0},{"Node Type":"Seq Scan","Parent Relationship":"Member","Parallel Aware":false,"Async Capable":false,"Relation Name":"supplier","Schema":"public","Alias":"supplier","Startup Cost":0.0,"Total Cost":4.01,"Plan Rows":1,"Plan Width":8,"Actual Startup Time":0.0,"Actual Total Time":0.0,"Actual Rows":0,"Actual Loops":0,"Output":["supplier.su_nationkey","supplier.su_suppkey"],"Shared Hit Blocks":0,"Shared Read Blocks":0,"Shared Dirtied Blocks":0,"Shared Written Blocks":0,"Local Hit Blocks":0,"Local Read Blocks":0,"Local Dirtied Blocks":0,"Local Written Blocks":0,"Temp Read Blocks":0,"Temp Written Blocks":0,"I/O Read Time":0.0,"I/O Write Time":0.0,"Temp I/O Read Time":0.0,"Temp I/O Write Time":0.0}]}]}]},{"Node Type":"Hash","Parent Relationship":"Inner","Parallel Aware":false,"Async Capable":false,"Startup Cost":1.93,"Total Cost":1.93,"Plan Rows":2,"Plan Width":12,"Actual Startup Time":0.037,"Actual Total Time":0.039,"Actual Rows":2,"Actual Loops":1,"Output":["n1.n_nationkey","n1.n_name"],"Hash Buckets":1024,"Original Hash Buckets":1024,"Hash Batches":1,"Original Hash Batches":1,"Peak Memory Usage":9,"Shared Hit Blocks":1,"Shared Read Blocks":0,"Shared Dirtied Blocks":0,"Shared Written Blocks":0,"Local Hit Blocks":0,"Local Read Blocks":0,"Local Dirtied Blocks":0,"Local Written Blocks":0,"Temp Read Blocks":0,"Temp Written Blocks":0,"I/O Read Time":0.0,"I/O Write Time":0.0,"Temp I/O Read Time":0.0,"Temp I/O Write Time":0.0,"Plans":[{"Node Type":"Seq Scan","Parent Relationship":"Outer","Parallel Aware":false,"Async Capable":false,"Relation Name":"nation","Schema":"public","Alias":"n1","Startup Cost":0.0,"Total Cost":1.93,"Plan Rows":2,"Plan Width":12,"Actual Startup Time":0.026,"Actual Total Time":0.031,"Actual Rows":2,"Actual Loops":1,"Output":["n1.n_nationkey","n1.n_name"],"Filter":"(((n1.n_name)::text = 'Germany'::text) OR ((n1.n_name)::text = 'Cambodia'::text))","Rows Removed by Filter":60,"Shared Hit Blocks":1,"Shared Read Blocks":0,"Shared Dirtied Blocks":0,"Shared Written Blocks":0,"Local Hit Blocks":0,"Local Read Blocks":0,"Local Dirtied Blocks":0,"Local Written Blocks":0,"Temp Read Blocks":0,"Temp Written Blocks":0,"I/O Read Time":0.0,"I/O Write Time":0.0,"Temp I/O Read Time":0.0,"Temp I/O Write Time":0.0}]}]}]}]},{"Node Type":"Hash","Parent Relationship":"Inner","Parallel Aware":false,"Async Capable":false,"Startup Cost":119121.6,"Total Cost":119121.6,"Plan Rows":5996324,"Plan Width":24,"Actual Startup Time":1809.337,"Actual Total Time":1809.34,"Actual Rows":5995789,"Actual Loops":1,"Output":["orders.o_entry_d","orders.o_w_id","orders.o_d_id","orders.o_id","orders.o_c_id"],"Hash Buckets":131072,"Original Hash Buckets":131072,"Hash Batches":64,"Original Hash Batches":64,"Peak Memory Usage":6496,"Shared Hit Blocks":44122,"Shared Read Blocks":0,"Shared Dirtied Blocks":0,"Shared Written Blocks":0,"Local Hit Blocks":0,"Local Read Blocks":0,"Local Dirtied Blocks":0,"Local Written Blocks":0,"Temp Read Blocks":0,"Temp Written Blocks":34552,"I/O Read Time":0.0,"I/O Write Time":0.0,"Temp I/O Read Time":0.0,"Temp I/O Write Time":156.308,"Plans":[{"Node Type":"Seq Scan","Parent Relationship":"Outer","Parallel Aware":false,"Async Capable":false,"Relation Name":"orders","Schema":"public","Alias":"orders","Startup Cost":0.0,"Total Cost":119121.6,"Plan Rows":5996324,"Plan Width":24,"Actual Startup Time":0.014,"Actual Total Time":735.079,"Actual Rows":5995789,"Actual Loops":1,"Output":["orders.o_entry_d","orders.o_w_id","orders.o_d_id","orders.o_id","orders.o_c_id"],"Filter":"(orders.o_entry_d >= '1992-01-02 20:10:02.27764'::timestamp without time zone)","Rows Removed by Filter":4211,"Shared Hit Blocks":44122,"Shared Read Blocks":0,"Shared Dirtied Blocks":0,"Shared Written Blocks":0,"Local Hit Blocks":0,"Local Read Blocks":0,"Local Dirtied Blocks":0,"Local Written Blocks":0,"Temp Read Blocks":0,"Temp Written Blocks":0,"I/O Read Time":0.0,"I/O Write Time":0.0,"Temp I/O Read Time":0.0,"Temp I/O Write Time":0.0}]}]}]},{"Node Type":"Materialize","Parent Relationship":"Inner","Parallel Aware":false,"Async Capable":false,"Startup Cost":557789.1,"Total Cost":558756.87,"Plan Rows":193553,"Plan Width":20,"Actual Startup Time":2280.162,"Actual Total Time":2352.569,"Actual Rows":293066,"Actual Loops":1,"Output":["customer.c_nationkey","customer.c_id","customer.c_w_id","customer.c_d_id","n2.n_name"],"Shared Hit Blocks":459991,"Shared Read Blocks":0,"Shared Dirtied Blocks":0,"Shared Written Blocks":0,"Local Hit Blocks":0,"Local Read Blocks":0,"Local Dirtied Blocks":0,"Local Written Blocks":0,"Temp Read Blocks":1090,"Temp Written Blocks":1096,"I/O Read Time":0.0,"I/O Write Time":0.0,"Temp I/O Read Time":1.659,"Temp I/O Write Time":4.517,"Plans":[{"Node Type":"Sort","Parent Relationship":"Outer","Parallel Aware":false,"Async Capable":false,"Startup Cost":557789.1,"Total Cost":558272.98,"Plan Rows":193553,"Plan Width":20,"Actual Startup Time":2280.151,"Actual Total Time":2320.888,"Actual Rows":289967,"Actual Loops":1,"Output":["customer.c_nationkey","customer.c_id","customer.c_w_id","customer.c_d_id","n2.n_name"],"Sort Key":["customer.c_id","customer.c_w_id","customer.c_d_id"],"Sort Method":"external merge","Sort Space Used":8720,"Sort Space Type":"Disk","Shared Hit Blocks":459991,"Shared Read Blocks":0,"Shared Dirtied Blocks":0,"Shared Written Blocks":0,"Local Hit Blocks":0,"Local Read Blocks":0,"Local Dirtied Blocks":0,"Local Written Blocks":0,"Temp Read Blocks":1090,"Temp Written Blocks":1096,"I/O Read Time":0.0,"I/O Write Time":0.0,"Temp I/O Read Time":1.659,"Temp I/O Write Time":4.517,"Plans":[{"Node Type":"Hash Join","Parent Relationship":"Outer","Parallel Aware":false,"Async Capable":false,"Join Type":"Inner","Startup Cost":1.95,"Total Cost":536820.36,"Plan Rows":193553,"Plan Width":20,"Actual Startup Time":0.085,"Actual Total Time":2171.628,"Actual Rows":289972,"Actual Loops":1,"Output":["customer.c_nationkey","customer.c_id","customer.c_w_id","customer.c_d_id","n2.n_name"],"Inner Unique":true,"Hash Cond":"(customer.c_nationkey = n2.n_nationkey)","Shared Hit Blocks":459991,"Shared Read Blocks":0,"Shared Dirtied Blocks":0,"Shared Written Blocks":0,"Local Hit Blocks":0,"Local Read Blocks":0,"Local Dirtied Blocks":0,"Local Written Blocks":0,"Temp Read Blocks":0,"Temp Written Blocks":0,"I/O Read Time":0.0,"I/O Write Time":0.0,"Temp I/O Read Time":0.0,"Temp I/O Write Time":0.0,"Plans":[{"Node Type":"Seq Scan","Parent Relationship":"Outer","Parallel Aware":false,"Async Capable":false,"Relation Name":"customer","Schema":"public","Alias":"customer","Startup Cost":0.0,"Total Cost":519991.4,"Plan Rows":6000140,"Plan Width":12,"Actual Startup Time":0.023,"Actual Total Time":731.07,"Actual Rows":6000000,"Actual Loops":1,"Output":["customer.c_id","customer.c_d_id","customer.c_w_id","customer.c_nationkey","customer.c_first","customer.c_middle","customer.c_last","customer.c_street_1","customer.c_street_2","customer.c_city","customer.c_state","customer.c_zip","customer.c_phone","customer.c_since","customer.c_credit","customer.c_credit_lim","customer.c_discount","customer.c_balance","customer.c_ytd_payment","customer.c_payment_cnt","customer.c_delivery_cnt","customer.c_data"],"Shared Hit Blocks":459990,"Shared Read Blocks":0,"Shared Dirtied Blocks":0,"Shared Written Blocks":0,"Local Hit Blocks":0,"Local Read Blocks":0,"Local Dirtied Blocks":0,"Local Written Blocks":0,"Temp Read Blocks":0,"Temp Written Blocks":0,"I/O Read Time":0.0,"I/O Write Time":0.0,"Temp I/O Read Time":0.0,"Temp I/O Write Time":0.0},{"Node Type":"Hash","Parent Relationship":"Inner","Parallel Aware":false,"Async Capable":false,"Startup Cost":1.93,"Total Cost":1.93,"Plan Rows":2,"Plan Width":12,"Actual Startup Time":0.026,"Actual Total Time":0.028,"Actual Rows":2,"Actual Loops":1,"Output":["n2.n_nationkey","n2.n_name"],"Hash Buckets":1024,"Original Hash Buckets":1024,"Hash Batches":1,"Original Hash Batches":1,"Peak Memory Usage":9,"Shared Hit Blocks":1,"Shared Read Blocks":0,"Shared Dirtied Blocks":0,"Shared Written Blocks":0,"Local Hit Blocks":0,"Local Read Blocks":0,"Local Dirtied Blocks":0,"Local Written Blocks":0,"Temp Read Blocks":0,"Temp Written Blocks":0,"I/O Read Time":0.0,"I/O Write Time":0.0,"Temp I/O Read Time":0.0,"Temp I/O Write Time":0.0,"Plans":[{"Node Type":"Seq Scan","Parent Relationship":"Outer","Parallel Aware":false,"Async Capable":false,"Relation Name":"nation","Schema":"public","Alias":"n2","Startup Cost":0.0,"Total Cost":1.93,"Plan Rows":2,"Plan Width":12,"Actual Startup Time":0.016,"Actual Total Time":0.02,"Actual Rows":2,"Actual Loops":1,"Output":["n2.n_nationkey","n2.n_name"],"Filter":"(((n2.n_name)::text = 'Cambodia'::text) OR ((n2.n_name)::text = 'Germany'::text))","Rows Removed by Filter":60,"Shared Hit Blocks":1,"Shared Read Blocks":0,"Shared Dirtied Blocks":0,"Shared Written Blocks":0,"Local Hit Blocks":0,"Local Read Blocks":0,"Local Dirtied Blocks":0,"Local Written Blocks":0,"Temp Read Blocks":0,"Temp Written Blocks":0,"I/O Read Time":0.0,"I/O Write Time":0.0,"Temp I/O Read Time":0.0,"Temp I/O Write Time":0.0}]}]}]}]}]}]}]},"Planning":{"Shared Hit Blocks":152,"Shared Read Blocks":0,"Shared Dirtied Blocks":0,"Shared Written Blocks":0,"Local Hit Blocks":0,"Local Read Blocks":0,"Local Dirtied Blocks":0,"Local Written Blocks":0,"Temp Read Blocks":0,"Temp Written Blocks":0,"I/O Read Time":0.0,"I/O Write Time":0.0,"Temp I/O Read Time":0.0,"Temp I/O Write Time":0.0},"Planning Time":3.055,"Triggers":[],"Execution Time":23118.941}]
[列存组合]: orders, stock
[{"Plan":{"Node Type":"Aggregate","Strategy":"Sorted","Partial Mode":"Simple","Parallel Aware":false,"Async Capable":false,"Startup Cost":3780962.37,"Total Cost":3781217.19,"Plan Rows":9266,"Plan Width":72,"Actual Startup Time":22859.142,"Actual Total Time":22861.692,"Actual Rows":6,"Actual Loops":1,"Output":["supplier.su_nationkey","customer.c_nationkey","(EXTRACT(year FROM orders.o_entry_d))","sum(order_line.ol_amount)"],"Group Key":["supplier.su_nationkey","customer.c_nationkey","(EXTRACT(year FROM orders.o_entry_d))"],"Shared Hit Blocks":1240752,"Shared Read Blocks":0,"Shared Dirtied Blocks":0,"Shared Written Blocks":0,"Local Hit Blocks":0,"Local Read Blocks":0,"Local Dirtied Blocks":0,"Local Written Blocks":0,"Temp Read Blocks":124799,"Temp Written Blocks":124817,"I/O Read Time":0.0,"I/O Write Time":0.0,"Temp I/O Read Time":191.667,"Temp I/O Write Time":541.106,"Plans":[{"Node Type":"Sort","Parent Relationship":"Outer","Parallel Aware":false,"Async Capable":false,"Startup Cost":3780962.37,"Total Cost":3780985.54,"Plan Rows":9266,"Plan Width":44,"Actual Startup Time":22859.03,"Actual Total Time":22859.56,"Actual Rows":12121,"Actual Loops":1,"Output":["supplier.su_nationkey","customer.c_nationkey","(EXTRACT(year FROM orders.o_entry_d))","order_line.ol_amount"],"Sort Key":["supplier.su_nationkey","customer.c_nationkey","(EXTRACT(year FROM orders.o_entry_d))"],"Sort Method":"quicksort","Sort Space Used":1047,"Sort Space Type":"Memory","Shared Hit Blocks":1240752,"Shared Read Blocks":0,"Shared Dirtied Blocks":0,"Shared Written Blocks":0,"Local Hit Blocks":0,"Local Read Blocks":0,"Local Dirtied Blocks":0,"Local Written Blocks":0,"Temp Read Blocks":124799,"Temp Written Blocks":124817,"I/O Read Time":0.0,"I/O Write Time":0.0,"Temp I/O Read Time":191.667,"Temp I/O Write Time":541.106,"Plans":[{"Node Type":"Merge Join","Parent Relationship":"Outer","Parallel Aware":false,"Async Capable":false,"Join Type":"Inner","Startup Cost":3771892.02,"Total Cost":3780351.85,"Plan Rows":9266,"Plan Width":44,"Actual Startup Time":22515.54,"Actual Total Time":22855.992,"Actual Rows":12121,"Actual Loops":1,"Output":["supplier.su_nationkey","customer.c_nationkey","EXTRACT(year FROM orders.o_entry_d)","order_line.ol_amount"],"Inner Unique":false,"Merge Cond":"((orders.o_c_id = customer.c_id) AND (order_line.ol_w_id = customer.c_w_id) AND (order_line.ol_d_id = customer.c_d_id))","Join Filter":"((((n1.n_name)::text = 'Germany'::text) AND ((n2.n_name)::text = 'Cambodia'::text)) OR (((n1.n_name)::text = 'Cambodia'::text) AND ((n2.n_name)::text = 'Germany'::text)))","Rows Removed by Join Filter":11453,"Shared Hit Blocks":1240752,"Shared Read Blocks":0,"Shared Dirtied Blocks":0,"Shared Written Blocks":0,"Local Hit Blocks":0,"Local Read Blocks":0,"Local Dirtied Blocks":0,"Local Written Blocks":0,"Temp Read Blocks":124799,"Temp Written Blocks":124817,"I/O Read Time":0.0,"I/O Write Time":0.0,"Temp I/O Read Time":191.667,"Temp I/O Write Time":541.106,"Plans":[{"Node Type":"Sort","Parent Relationship":"Outer","Parallel Aware":false,"Async Capable":false,"Startup Cost":3214102.73,"Total Cost":3215516.13,"Plan Rows":565362,"Plan Width":36,"Actual Startup Time":20281.191,"Actual Total Time":20453.659,"Actual Rows":485009,"Actual Loops":1,"Output":["supplier.su_nationkey","order_line.ol_amount","order_line.ol_w_id","order_line.ol_d_id","orders.o_entry_d","orders.o_w_id","orders.o_d_id","orders.o_c_id","n1.n_name"],"Sort Key":["orders.o_c_id","order_line.ol_w_id","order_line.ol_d_id"],"Sort Method":"external merge","Sort Space Used":24000,"Sort Space Type":"Disk","Shared Hit Blocks":780761,"Shared Read Blocks":0,"Shared Dirtied Blocks":0,"Shared Written Blocks":0,"Local Hit Blocks":0,"Local Read Blocks":0,"Local Dirtied Blocks":0,"Local Written Blocks":0,"Temp Read Blocks":123709,"Temp Written Blocks":123721,"I/O Read Time":0.0,"I/O Write Time":0.0,"Temp I/O Read Time":190.066,"Temp I/O Write Time":536.581,"Plans":[{"Node Type":"Hash Join","Parent Relationship":"Outer","Parallel Aware":false,"Async Capable":false,"Join Type":"Inner","Startup Cost":906075.03,"Total Cost":3144626.23,"Plan Rows":565362,"Plan Width":36,"Actual Startup Time":8476.746,"Actual Total Time":20033.398,"Actual Rows":485009,"Actual Loops":1,"Output":["supplier.su_nationkey","order_line.ol_amount","order_line.ol_w_id","order_line.ol_d_id","orders.o_entry_d","orders.o_w_id","orders.o_d_id","orders.o_c_id","n1.n_name"],"Inner Unique":true,"Hash Cond":"((order_line.ol_w_id = orders.o_w_id) AND (order_line.ol_d_id = orders.o_d_id) AND (order_line.ol_o_id = orders.o_id))","Shared Hit Blocks":780761,"Shared Read Blocks":0,"Shared Dirtied Blocks":0,"Shared Written Blocks":0,"Local Hit Blocks":0,"Local Read Blocks":0,"Local Dirtied Blocks":0,"Local Written Blocks":0,"Temp Read Blocks":120709,"Temp Written Blocks":120709,"I/O Read Time":0.0,"I/O Write Time":0.0,"Temp I/O Read Time":185.584,"Temp I/O Write Time":525.453,"Plans":[{"Node Type":"Hash Join","Parent Relationship":"Outer","Parallel Aware":false,"Async Capable":false,"Join Type":"Inner","Startup Cost":646882.76,"Total Cost":2838108.04,"Plan Rows":565705,"Plan Width":28,"Actual Startup Time":6655.866,"Actual Total Time":17536.703,"Actual Rows":485009,"Actual Loops":1,"Output":["supplier.su_nationkey","order_line.ol_amount","order_line.ol_w_id","order_line.ol_d_id","order_line.ol_o_id","n1.n_name"],"Inner Unique":false,"Hash Cond":"((order_line.ol_supply_w_id = stock.s_w_id) AND (order_line.ol_i_id = stock.s_i_id))","Shared Hit Blocks":736639,"Shared Read Blocks":0,"Shared Dirtied Blocks":0,"Shared Written Blocks":0,"Local Hit Blocks":0,"Local Read Blocks":0,"Local Dirtied Blocks":0,"Local Written Blocks":0,"Temp Read Blocks":83003,"Temp Written Blocks":83003,"I/O Read Time":0.0,"I/O Write Time":0.0,"Temp I/O Read Time":126.207,"Temp I/O Write Time":348.485,"Plans":[{"Node Type":"Seq Scan","Parent Relationship":"Outer","Parallel Aware":false,"Async Capable":false,"Relation Name":"order_line","Schema":"public","Alias":"order_line","Startup Cost":0.0,"Total Cost":1581655.36,"Plan Rows":17536869,"Plan Width":22,"Actual Startup Time":7.276,"Actual Total Time":5731.426,"Actual Rows":17139931,"Actual Loops":1,"Output":["order_line.ol_amount","order_line.ol_supply_w_id","order_line.ol_i_id","order_line.ol_w_id","order_line.ol_d_id","order_line.ol_o_id"],"Filter":"((order_line.ol_delivery_d >= '1995-01-02 20:10:02.27764'::timestamp without time zone) AND (order_line.ol_delivery_d <= '1997-01-01 20:10:02.27764'::timestamp without time zone))","Rows Removed by Filter":42853830,"Shared Hit Blocks":681748,"Shared Read Blocks":0,"Shared Dirtied Blocks":0,"Shared Written Blocks":0,"Local Hit Blocks":0,"Local Read Blocks":0,"Local Dirtied Blocks":0,"Local Written Blocks":0,"Temp Read Blocks":0,"Temp Written Blocks":0,"I/O Read Time":0.0,"I/O Write Time":0.0,"Temp I/O Read Time":0.0,"Temp I/O Write Time":0.0},{"Node Type":"Hash","Parent Relationship":"Inner","Parallel Aware":false,"Async Capable":false,"Startup Cost":633424.24,"Total Cost":633424.24,"Plan Rows":645168,"Plan Width":18,"Actual Startup Time":6647.931,"Actual Total Time":6647.94,"Actual Rows":566400,"Actual Loops":1,"Output":["supplier.su_nationkey","stock.s_w_id","stock.s_i_id","n1.n_name"],"Hash Buckets":131072,"Original Hash Buckets":131072,"Hash Batches":8,"Original Hash Batches":8,"Peak Memory Usage":4646,"Shared Hit Blocks":54891,"Shared Read Blocks":0,"Shared Dirtied Blocks":0,"Shared Written Blocks":0,"Local Hit Blocks":0,"Local Read Blocks":0,"Local Dirtied Blocks":0,"Local Written Blocks":0,"Temp Read Blocks":0,"Temp Written Blocks":2445,"I/O Read Time":0.0,"I/O Write Time":0.0,"Temp I/O Read Time":0.0,"Temp I/O Write Time":12.59,"Plans":[{"Node Type":"Hash Join","Parent Relationship":"Outer","Parallel Aware":false,"Async Capable":false,"Join Type":"Inner","Startup Cost":444.39,"Total Cost":633424.24,"Plan Rows":645168,"Plan Width":18,"Actual Startup Time":2.639,"Actual Total Time":6541.443,"Actual Rows":566400,"Actual Loops":1,"Output":["supplier.su_nationkey","stock.s_w_id","stock.s_i_id","n1.n_name"],"Inner Unique":true,"Hash Cond":"(supplier.su_nationkey = n1.n_nationkey)","Shared Hit Blocks":54891,"Shared Read Blocks":0,"Shared Dirtied Blocks":0,"Shared Written Blocks":0,"Local Hit Blocks":0,"Local Read Blocks":0,"Local Dirtied Blocks":0,"Local Written Blocks":0,"Temp Read Blocks":0,"Temp Written Blocks":0,"I/O Read Time":0.0,"I/O Write Time":0.0,"Temp I/O Read Time":0.0,"Temp I/O Write Time":0.0,"Plans":[{"Node Type":"Hash Join","Parent Relationship":"Outer","Parallel Aware":false,"Async Capable":false,"Join Type":"Inner","Startup Cost":442.44,"Total Cost":577332.98,"Plan Rows":20000212,"Plan Width":10,"Actual Startup Time":2.591,"Actual Total Time":5205.722,"Actual Rows":20000000,"Actual Loops":1,"Output":["supplier.su_nationkey","stock.s_w_id","stock.s_i_id"],"Inner Unique":true,"Hash Cond":"(mod((stock.s_w_id * stock.s_i_id), 10000) = supplier.su_suppkey)","Shared Hit Blocks":54890,"Shared Read Blocks":0,"Shared Dirtied Blocks":0,"Shared Written Blocks":0,"Local Hit Blocks":0,"Local Read Blocks":0,"Local Dirtied Blocks":0,"Local Written Blocks":0,"Temp Read Blocks":0,"Temp Written Blocks":0,"I/O Read Time":0.0,"I/O Write Time":0.0,"Temp I/O Read Time":0.0,"Temp I/O Write Time":0.0,"Plans":[{"Node Type":"Index Only Scan","Parent Relationship":"Outer","Parallel Aware":false,"Async Capable":false,"Scan Direction":"Forward","Index Name":"stock_pk","Relation Name":"stock","Schema":"public","Alias":"stock","Startup Cost":0.44,"Total Cost":519363.62,"Plan Rows":20000212,"Plan Width":6,"Actual Startup Time":0.036,"Actual Total Time":1518.409,"Actual Rows":20000000,"Actual Loops":1,"Output":["stock.s_w_id","stock.s_i_id"],"Heap Fetches":0,"Shared Hit Blocks":54673,"Shared Read Blocks":0,"Shared Dirtied Blocks":0,"Shared Written Blocks":0,"Local Hit Blocks":0,"Local Read Blocks":0,"Local Dirtied Blocks":0,"Local Written Blocks":0,"Temp Read Blocks":0,"Temp Written Blocks":0,"I/O Read Time":0.0,"I/O Write Time":0.0,"Temp I/O Read Time":0.0,"Temp I/O Write Time":0.0},{"Node Type":"Hash","Parent Relationship":"Inner","Parallel Aware":false,"Async Capable":false,"Startup Cost":317.0,"Total Cost":317.0,"Plan Rows":10000,"Plan Width":8,"Actual Startup Time":2.504,"Actual Total Time":2.505,"Actual Rows":10000,"Actual Loops":1,"Output":["supplier.su_nationkey","supplier.su_suppkey"],"Hash Buckets":16384,"Original Hash Buckets":16384,"Hash Batches":1,"Original Hash Batches":1,"Peak Memory Usage":519,"Shared Hit Blocks":217,"Shared Read Blocks":0,"Shared Dirtied Blocks":0,"Shared Written Blocks":0,"Local Hit Blocks":0,"Local Read Blocks":0,"Local Dirtied Blocks":0,"Local Written Blocks":0,"Temp Read Blocks":0,"Temp Written Blocks":0,"I/O Read Time":0.0,"I/O Write Time":0.0,"Temp I/O Read Time":0.0,"Temp I/O Write Time":0.0,"Plans":[{"Node Type":"Seq Scan","Parent Relationship":"Outer","Parallel Aware":false,"Async Capable":false,"Relation Name":"supplier","Schema":"public","Alias":"supplier","Startup Cost":0.0,"Total Cost":317.0,"Plan Rows":10000,"Plan Width":8,"Actual Startup Time":0.017,"Actual Total Time":1.278,"Actual Rows":10000,"Actual Loops":1,"Output":["supplier.su_nationkey","supplier.su_suppkey"],"Shared Hit Blocks":217,"Shared Read Blocks":0,"Shared Dirtied Blocks":0,"Shared Written Blocks":0,"Local Hit Blocks":0,"Local Read Blocks":0,"Local Dirtied Blocks":0,"Local Written Blocks":0,"Temp Read Blocks":0,"Temp Written Blocks":0,"I/O Read Time":0.0,"I/O Write Time":0.0,"Temp I/O Read Time":0.0,"Temp I/O Write Time":0.0}]}]},{"Node Type":"Hash","Parent Relationship":"Inner","Parallel Aware":false,"Async Capable":false,"Startup Cost":1.93,"Total Cost":1.93,"Plan Rows":2,"Plan Width":12,"Actual Startup Time":0.03,"Actual Total Time":0.032,"Actual Rows":2,"Actual Loops":1,"Output":["n1.n_nationkey","n1.n_name"],"Hash Buckets":1024,"Original Hash Buckets":1024,"Hash Batches":1,"Original Hash Batches":1,"Peak Memory Usage":9,"Shared Hit Blocks":1,"Shared Read Blocks":0,"Shared Dirtied Blocks":0,"Shared Written Blocks":0,"Local Hit Blocks":0,"Local Read Blocks":0,"Local Dirtied Blocks":0,"Local Written Blocks":0,"Temp Read Blocks":0,"Temp Written Blocks":0,"I/O Read Time":0.0,"I/O Write Time":0.0,"Temp I/O Read Time":0.0,"Temp I/O Write Time":0.0,"Plans":[{"Node Type":"Seq Scan","Parent Relationship":"Outer","Parallel Aware":false,"Async Capable":false,"Relation Name":"nation","Schema":"public","Alias":"n1","Startup Cost":0.0,"Total Cost":1.93,"Plan Rows":2,"Plan Width":12,"Actual Startup Time":0.02,"Actual Total Time":0.025,"Actual Rows":2,"Actual Loops":1,"Output":["n1.n_nationkey","n1.n_name"],"Filter":"(((n1.n_name)::text = 'Germany'::text) OR ((n1.n_name)::text = 'Cambodia'::text))","Rows Removed by Filter":60,"Shared Hit Blocks":1,"Shared Read Blocks":0,"Shared Dirtied Blocks":0,"Shared Written Blocks":0,"Local Hit Blocks":0,"Local Read Blocks":0,"Local Dirtied Blocks":0,"Local Written Blocks":0,"Temp Read Blocks":0,"Temp Written Blocks":0,"I/O Read Time":0.0,"I/O Write Time":0.0,"Temp I/O Read Time":0.0,"Temp I/O Write Time":0.0}]}]}]}]},{"Node Type":"Hash","Parent Relationship":"Inner","Parallel Aware":false,"Async Capable":false,"Startup Cost":119121.6,"Total Cost":119121.6,"Plan Rows":5996324,"Plan Width":24,"Actual Startup Time":1809.92,"Actual Total Time":1809.923,"Actual Rows":5995789,"Actual Loops":1,"Output":["orders.o_entry_d","orders.o_w_id","orders.o_d_id","orders.o_id","orders.o_c_id"],"Hash Buckets":131072,"Original Hash Buckets":131072,"Hash Batches":64,"Original Hash Batches":64,"Peak Memory Usage":6496,"Shared Hit Blocks":44122,"Shared Read Blocks":0,"Shared Dirtied Blocks":0,"Shared Written Blocks":0,"Local Hit Blocks":0,"Local Read Blocks":0,"Local Dirtied Blocks":0,"Local Written Blocks":0,"Temp Read Blocks":0,"Temp Written Blocks":34552,"I/O Read Time":0.0,"I/O Write Time":0.0,"Temp I/O Read Time":0.0,"Temp I/O Write Time":158.989,"Plans":[{"Node Type":"Seq Scan","Parent Relationship":"Outer","Parallel Aware":false,"Async Capable":false,"Relation Name":"orders","Schema":"public","Alias":"orders","Startup Cost":0.0,"Total Cost":119121.6,"Plan Rows":5996324,"Plan Width":24,"Actual Startup Time":0.016,"Actual Total Time":730.115,"Actual Rows":5995789,"Actual Loops":1,"Output":["orders.o_entry_d","orders.o_w_id","orders.o_d_id","orders.o_id","orders.o_c_id"],"Filter":"(orders.o_entry_d >= '1992-01-02 20:10:02.27764'::timestamp without time zone)","Rows Removed by Filter":4211,"Shared Hit Blocks":44122,"Shared Read Blocks":0,"Shared Dirtied Blocks":0,"Shared Written Blocks":0,"Local Hit Blocks":0,"Local Read Blocks":0,"Local Dirtied Blocks":0,"Local Written Blocks":0,"Temp Read Blocks":0,"Temp Written Blocks":0,"I/O Read Time":0.0,"I/O Write Time":0.0,"Temp I/O Read Time":0.0,"Temp I/O Write Time":0.0}]}]}]},{"Node Type":"Materialize","Parent Relationship":"Inner","Parallel Aware":false,"Async Capable":false,"Startup Cost":557789.1,"Total Cost":558756.87,"Plan Rows":193553,"Plan Width":20,"Actual Startup Time":2234.303,"Actual Total Time":2306.64,"Actual Rows":293066,"Actual Loops":1,"Output":["customer.c_nationkey","customer.c_id","customer.c_w_id","customer.c_d_id","n2.n_name"],"Shared Hit Blocks":459991,"Shared Read Blocks":0,"Shared Dirtied Blocks":0,"Shared Written Blocks":0,"Local Hit Blocks":0,"Local Read Blocks":0,"Local Dirtied Blocks":0,"Local Written Blocks":0,"Temp Read Blocks":1090,"Temp Written Blocks":1096,"I/O Read Time":0.0,"I/O Write Time":0.0,"Temp I/O Read Time":1.601,"Temp I/O Write Time":4.525,"Plans":[{"Node Type":"Sort","Parent Relationship":"Outer","Parallel Aware":false,"Async Capable":false,"Startup Cost":557789.1,"Total Cost":558272.98,"Plan Rows":193553,"Plan Width":20,"Actual Startup Time":2234.294,"Actual Total Time":2274.937,"Actual Rows":289967,"Actual Loops":1,"Output":["customer.c_nationkey","customer.c_id","customer.c_w_id","customer.c_d_id","n2.n_name"],"Sort Key":["customer.c_id","customer.c_w_id","customer.c_d_id"],"Sort Method":"external merge","Sort Space Used":8720,"Sort Space Type":"Disk","Shared Hit Blocks":459991,"Shared Read Blocks":0,"Shared Dirtied Blocks":0,"Shared Written Blocks":0,"Local Hit Blocks":0,"Local Read Blocks":0,"Local Dirtied Blocks":0,"Local Written Blocks":0,"Temp Read Blocks":1090,"Temp Written Blocks":1096,"I/O Read Time":0.0,"I/O Write Time":0.0,"Temp I/O Read Time":1.601,"Temp I/O Write Time":4.525,"Plans":[{"Node Type":"Hash Join","Parent Relationship":"Outer","Parallel Aware":false,"Async Capable":false,"Join Type":"Inner","Startup Cost":1.95,"Total Cost":536820.36,"Plan Rows":193553,"Plan Width":20,"Actual Startup Time":0.085,"Actual Total Time":2124.451,"Actual Rows":289972,"Actual Loops":1,"Output":["customer.c_nationkey","customer.c_id","customer.c_w_id","customer.c_d_id","n2.n_name"],"Inner Unique":true,"Hash Cond":"(customer.c_nationkey = n2.n_nationkey)","Shared Hit Blocks":459991,"Shared Read Blocks":0,"Shared Dirtied Blocks":0,"Shared Written Blocks":0,"Local Hit Blocks":0,"Local Read Blocks":0,"Local Dirtied Blocks":0,"Local Written Blocks":0,"Temp Read Blocks":0,"Temp Written Blocks":0,"I/O Read Time":0.0,"I/O Write Time":0.0,"Temp I/O Read Time":0.0,"Temp I/O Write Time":0.0,"Plans":[{"Node Type":"Seq Scan","Parent Relationship":"Outer","Parallel Aware":false,"Async Capable":false,"Relation Name":"customer","Schema":"public","Alias":"customer","Startup Cost":0.0,"Total Cost":519991.4,"Plan Rows":6000140,"Plan Width":12,"Actual Startup Time":0.024,"Actual Total Time":714.755,"Actual Rows":6000000,"Actual Loops":1,"Output":["customer.c_id","customer.c_d_id","customer.c_w_id","customer.c_nationkey","customer.c_first","customer.c_middle","customer.c_last","customer.c_street_1","customer.c_street_2","customer.c_city","customer.c_state","customer.c_zip","customer.c_phone","customer.c_since","customer.c_credit","customer.c_credit_lim","customer.c_discount","customer.c_balance","customer.c_ytd_payment","customer.c_payment_cnt","customer.c_delivery_cnt","customer.c_data"],"Shared Hit Blocks":459990,"Shared Read Blocks":0,"Shared Dirtied Blocks":0,"Shared Written Blocks":0,"Local Hit Blocks":0,"Local Read Blocks":0,"Local Dirtied Blocks":0,"Local Written Blocks":0,"Temp Read Blocks":0,"Temp Written Blocks":0,"I/O Read Time":0.0,"I/O Write Time":0.0,"Temp I/O Read Time":0.0,"Temp I/O Write Time":0.0},{"Node Type":"Hash","Parent Relationship":"Inner","Parallel Aware":false,"Async Capable":false,"Startup Cost":1.93,"Total Cost":1.93,"Plan Rows":2,"Plan Width":12,"Actual Startup Time":0.025,"Actual Total Time":0.026,"Actual Rows":2,"Actual Loops":1,"Output":["n2.n_nationkey","n2.n_name"],"Hash Buckets":1024,"Original Hash Buckets":1024,"Hash Batches":1,"Original Hash Batches":1,"Peak Memory Usage":9,"Shared Hit Blocks":1,"Shared Read Blocks":0,"Shared Dirtied Blocks":0,"Shared Written Blocks":0,"Local Hit Blocks":0,"Local Read Blocks":0,"Local Dirtied Blocks":0,"Local Written Blocks":0,"Temp Read Blocks":0,"Temp Written Blocks":0,"I/O Read Time":0.0,"I/O Write Time":0.0,"Temp I/O Read Time":0.0,"Temp I/O Write Time":0.0,"Plans":[{"Node Type":"Seq Scan","Parent Relationship":"Outer","Parallel Aware":false,"Async Capable":false,"Relation Name":"nation","Schema":"public","Alias":"n2","Startup Cost":0.0,"Total Cost":1.93,"Plan Rows":2,"Plan Width":12,"Actual Startup Time":0.015,"Actual Total Time":0.02,"Actual Rows":2,"Actual Loops":1,"Output":["n2.n_nationkey","n2.n_name"],"Filter":"(((n2.n_name)::text = 'Cambodia'::text) OR ((n2.n_name)::text = 'Germany'::text))","Rows Removed by Filter":60,"Shared Hit Blocks":1,"Shared Read Blocks":0,"Shared Dirtied Blocks":0,"Shared Written Blocks":0,"Local Hit Blocks":0,"Local Read Blocks":0,"Local Dirtied Blocks":0,"Local Written Blocks":0,"Temp Read Blocks":0,"Temp Written Blocks":0,"I/O Read Time":0.0,"I/O Write Time":0.0,"Temp I/O Read Time":0.0,"Temp I/O Write Time":0.0}]}]}]}]}]}]}]},"Planning":{"Shared Hit Blocks":152,"Shared Read Blocks":0,"Shared Dirtied Blocks":0,"Shared Written Blocks":0,"Local Hit Blocks":0,"Local Read Blocks":0,"Local Dirtied Blocks":0,"Local Written Blocks":0,"Temp Read Blocks":0,"Temp Written Blocks":0,"I/O Read Time":0.0,"I/O Write Time":0.0,"Temp I/O Read Time":0.0,"Temp I/O Write Time":0.0},"Planning Time":3.322,"Triggers":[],"Execution Time":22867.081}]
[列存组合]: orders, supplier
[{"Plan":{"Node Type":"Aggregate","Strategy":"Sorted","Partial Mode":"Simple","Parallel Aware":false,"Async Capable":false,"Startup Cost":3780864.39,"Total Cost":3781119.21,"Plan Rows":9266,"Plan Width":72,"Actual Startup Time":23064.756,"Actual Total Time":23067.305,"Actual Rows":6,"Actual Loops":1,"Output":["supplier.su_nationkey","customer.c_nationkey","(EXTRACT(year FROM orders.o_entry_d))","sum(order_line.ol_amount)"],"Group Key":["supplier.su_nationkey","customer.c_nationkey","(EXTRACT(year FROM orders.o_entry_d))"],"Shared Hit Blocks":1240535,"Shared Read Blocks":0,"Shared Dirtied Blocks":0,"Shared Written Blocks":0,"Local Hit Blocks":0,"Local Read Blocks":0,"Local Dirtied Blocks":0,"Local Written Blocks":0,"Temp Read Blocks":124799,"Temp Written Blocks":124817,"I/O Read Time":0.0,"I/O Write Time":0.0,"Temp I/O Read Time":206.274,"Temp I/O Write Time":537.193,"Plans":[{"Node Type":"Sort","Parent Relationship":"Outer","Parallel Aware":false,"Async Capable":false,"Startup Cost":3780864.39,"Total Cost":3780887.56,"Plan Rows":9266,"Plan Width":44,"Actual Startup Time":23064.644,"Actual Total Time":23065.174,"Actual Rows":12121,"Actual Loops":1,"Output":["supplier.su_nationkey","customer.c_nationkey","(EXTRACT(year FROM orders.o_entry_d))","order_line.ol_amount"],"Sort Key":["supplier.su_nationkey","customer.c_nationkey","(EXTRACT(year FROM orders.o_entry_d))"],"Sort Method":"quicksort","Sort Space Used":1047,"Sort Space Type":"Memory","Shared Hit Blocks":1240535,"Shared Read Blocks":0,"Shared Dirtied Blocks":0,"Shared Written Blocks":0,"Local Hit Blocks":0,"Local Read Blocks":0,"Local Dirtied Blocks":0,"Local Written Blocks":0,"Temp Read Blocks":124799,"Temp Written Blocks":124817,"I/O Read Time":0.0,"I/O Write Time":0.0,"Temp I/O Read Time":206.274,"Temp I/O Write Time":537.193,"Plans":[{"Node Type":"Merge Join","Parent Relationship":"Outer","Parallel Aware":false,"Async Capable":false,"Join Type":"Inner","Startup Cost":3771794.04,"Total Cost":3780253.87,"Plan Rows":9266,"Plan Width":44,"Actual Startup Time":22719.411,"Actual Total Time":23061.719,"Actual Rows":12121,"Actual Loops":1,"Output":["supplier.su_nationkey","customer.c_nationkey","EXTRACT(year FROM orders.o_entry_d)","order_line.ol_amount"],"Inner Unique":false,"Merge Cond":"((orders.o_c_id = customer.c_id) AND (order_line.ol_w_id = customer.c_w_id) AND (order_line.ol_d_id = customer.c_d_id))","Join Filter":"((((n1.n_name)::text = 'Germany'::text) AND ((n2.n_name)::text = 'Cambodia'::text)) OR (((n1.n_name)::text = 'Cambodia'::text) AND ((n2.n_name)::text = 'Germany'::text)))","Rows Removed by Join Filter":11453,"Shared Hit Blocks":1240535,"Shared Read Blocks":0,"Shared Dirtied Blocks":0,"Shared Written Blocks":0,"Local Hit Blocks":0,"Local Read Blocks":0,"Local Dirtied Blocks":0,"Local Written Blocks":0,"Temp Read Blocks":124799,"Temp Written Blocks":124817,"I/O Read Time":0.0,"I/O Write Time":0.0,"Temp I/O Read Time":206.274,"Temp I/O Write Time":537.193,"Plans":[{"Node Type":"Sort","Parent Relationship":"Outer","Parallel Aware":false,"Async Capable":false,"Startup Cost":3214004.75,"Total Cost":3215418.15,"Plan Rows":565362,"Plan Width":36,"Actual Startup Time":20504.413,"Actual Total Time":20676.778,"Actual Rows":485009,"Actual Loops":1,"Output":["supplier.su_nationkey","order_line.ol_amount","order_line.ol_w_id","order_line.ol_d_id","orders.o_entry_d","orders.o_w_id","orders.o_d_id","orders.o_c_id","n1.n_name"],"Sort Key":["orders.o_c_id","order_line.ol_w_id","order_line.ol_d_id"],"Sort Method":"external merge","Sort Space Used":24000,"Sort Space Type":"Disk","Shared Hit Blocks":780544,"Shared Read Blocks":0,"Shared Dirtied Blocks":0,"Shared Written Blocks":0,"Local Hit Blocks":0,"Local Read Blocks":0,"Local Dirtied Blocks":0,"Local Written Blocks":0,"Temp Read Blocks":123709,"Temp Written Blocks":123721,"I/O Read Time":0.0,"I/O Write Time":0.0,"Temp I/O Read Time":204.66,"Temp I/O Write Time":532.558,"Plans":[{"Node Type":"Hash Join","Parent Relationship":"Outer","Parallel Aware":false,"Async Capable":false,"Join Type":"Inner","Startup Cost":905977.05,"Total Cost":3144528.26,"Plan Rows":565362,"Plan Width":36,"Actual Startup Time":8527.097,"Actual Total Time":20196.265,"Actual Rows":485009,"Actual Loops":1,"Output":["supplier.su_nationkey","order_line.ol_amount","order_line.ol_w_id","order_line.ol_d_id","orders.o_entry_d","orders.o_w_id","orders.o_d_id","orders.o_c_id","n1.n_name"],"Inner Unique":true,"Hash Cond":"((order_line.ol_w_id = orders.o_w_id) AND (order_line.ol_d_id = orders.o_d_id) AND (order_line.ol_o_id = orders.o_id))","Shared Hit Blocks":780544,"Shared Read Blocks":0,"Shared Dirtied Blocks":0,"Shared Written Blocks":0,"Local Hit Blocks":0,"Local Read Blocks":0,"Local Dirtied Blocks":0,"Local Written Blocks":0,"Temp Read Blocks":120709,"Temp Written Blocks":120709,"I/O Read Time":0.0,"I/O Write Time":0.0,"Temp I/O Read Time":200.325,"Temp I/O Write Time":518.561,"Plans":[{"Node Type":"Hash Join","Parent Relationship":"Outer","Parallel Aware":false,"Async Capable":false,"Join Type":"Inner","Startup Cost":646784.78,"Total Cost":2838010.06,"Plan Rows":565705,"Plan Width":28,"Actual Startup Time":6714.615,"Actual Total Time":17549.196,"Actual Rows":485009,"Actual Loops":1,"Output":["supplier.su_nationkey","order_line.ol_amount","order_line.ol_w_id","order_line.ol_d_id","order_line.ol_o_id","n1.n_name"],"Inner Unique":false,"Hash Cond":"((order_line.ol_supply_w_id = stock.s_w_id) AND (order_line.ol_i_id = stock.s_i_id))","Shared Hit Blocks":736422,"Shared Read Blocks":0,"Shared Dirtied Blocks":0,"Shared Written Blocks":0,"Local Hit Blocks":0,"Local Read Blocks":0,"Local Dirtied Blocks":0,"Local Written Blocks":0,"Temp Read Blocks":83003,"Temp Written Blocks":83003,"I/O Read Time":0.0,"I/O Write Time":0.0,"Temp I/O Read Time":125.653,"Temp I/O Write Time":346.8,"Plans":[{"Node Type":"Seq Scan","Parent Relationship":"Outer","Parallel Aware":false,"Async Capable":false,"Relation Name":"order_line","Schema":"public","Alias":"order_line","Startup Cost":0.0,"Total Cost":1581655.36,"Plan Rows":17536869,"Plan Width":22,"Actual Startup Time":6.55,"Actual Total Time":5695.691,"Actual Rows":17139931,"Actual Loops":1,"Output":["order_line.ol_amount","order_line.ol_supply_w_id","order_line.ol_i_id","order_line.ol_w_id","order_line.ol_d_id","order_line.ol_o_id"],"Filter":"((order_line.ol_delivery_d >= '1995-01-02 20:10:02.27764'::timestamp without time zone) AND (order_line.ol_delivery_d <= '1997-01-01 20:10:02.27764'::timestamp without time zone))","Rows Removed by Filter":42853830,"Shared Hit Blocks":681748,"Shared Read Blocks":0,"Shared Dirtied Blocks":0,"Shared Written Blocks":0,"Local Hit Blocks":0,"Local Read Blocks":0,"Local Dirtied Blocks":0,"Local Written Blocks":0,"Temp Read Blocks":0,"Temp Written Blocks":0,"I/O Read Time":0.0,"I/O Write Time":0.0,"Temp I/O Read Time":0.0,"Temp I/O Write Time":0.0},{"Node Type":"Hash","Parent Relationship":"Inner","Parallel Aware":false,"Async Capable":false,"Startup Cost":633326.26,"Total Cost":633326.26,"Plan Rows":645168,"Plan Width":18,"Actual Startup Time":6707.244,"Actual Total Time":6707.258,"Actual Rows":566400,"Actual Loops":1,"Output":["supplier.su_nationkey","stock.s_w_id","stock.s_i_id","n1.n_name"],"Hash Buckets":131072,"Original Hash Buckets":131072,"Hash Batches":8,"Original Hash Batches":8,"Peak Memory Usage":4646,"Shared Hit Blocks":54674,"Shared Read Blocks":0,"Shared Dirtied Blocks":0,"Shared Written Blocks":0,"Local Hit Blocks":0,"Local Read Blocks":0,"Local Dirtied Blocks":0,"Local Written Blocks":0,"Temp Read Blocks":0,"Temp Written Blocks":2445,"I/O Read Time":0.0,"I/O Write Time":0.0,"Temp I/O Read Time":0.0,"Temp I/O Write Time":13.297,"Plans":[{"Node Type":"Hash Join","Parent Relationship":"Outer","Parallel Aware":false,"Async Capable":false,"Join Type":"Inner","Startup Cost":346.42,"Total Cost":633326.26,"Plan Rows":645168,"Plan Width":18,"Actual Startup Time":3.141,"Actual Total Time":6600.206,"Actual Rows":566400,"Actual Loops":1,"Output":["supplier.su_nationkey","stock.s_w_id","stock.s_i_id","n1.n_name"],"Inner Unique":true,"Hash Cond":"(supplier.su_nationkey = n1.n_nationkey)","Shared Hit Blocks":54674,"Shared Read Blocks":0,"Shared Dirtied Blocks":0,"Shared Written Blocks":0,"Local Hit Blocks":0,"Local Read Blocks":0,"Local Dirtied Blocks":0,"Local Written Blocks":0,"Temp Read Blocks":0,"Temp Written Blocks":0,"I/O Read Time":0.0,"I/O Write Time":0.0,"Temp I/O Read Time":0.0,"Temp I/O Write Time":0.0,"Plans":[{"Node Type":"Hash Join","Parent Relationship":"Outer","Parallel Aware":false,"Async Capable":false,"Join Type":"Inner","Startup Cost":344.46,"Total Cost":577235.0,"Plan Rows":20000212,"Plan Width":10,"Actual Startup Time":3.1,"Actual Total Time":5196.195,"Actual Rows":20000000,"Actual Loops":1,"Output":["supplier.su_nationkey","stock.s_w_id","stock.s_i_id"],"Inner Unique":true,"Hash Cond":"(mod((stock.s_w_id * stock.s_i_id), 10000) = supplier.su_suppkey)","Shared Hit Blocks":54673,"Shared Read Blocks":0,"Shared Dirtied Blocks":0,"Shared Written Blocks":0,"Local Hit Blocks":0,"Local Read Blocks":0,"Local Dirtied Blocks":0,"Local Written Blocks":0,"Temp Read Blocks":0,"Temp Written Blocks":0,"I/O Read Time":0.0,"I/O Write Time":0.0,"Temp I/O Read Time":0.0,"Temp I/O Write Time":0.0,"Plans":[{"Node Type":"Index Only Scan","Parent Relationship":"Outer","Parallel Aware":false,"Async Capable":false,"Scan Direction":"Forward","Index Name":"stock_pk","Relation Name":"stock","Schema":"public","Alias":"stock","Startup Cost":0.44,"Total Cost":519363.62,"Plan Rows":20000212,"Plan Width":6,"Actual Startup Time":0.031,"Actual Total Time":1517.813,"Actual Rows":20000000,"Actual Loops":1,"Output":["stock.s_w_id","stock.s_i_id"],"Heap Fetches":0,"Shared Hit Blocks":54673,"Shared Read Blocks":0,"Shared Dirtied Blocks":0,"Shared Written Blocks":0,"Local Hit Blocks":0,"Local Read Blocks":0,"Local Dirtied Blocks":0,"Local Written Blocks":0,"Temp Read Blocks":0,"Temp Written Blocks":0,"I/O Read Time":0.0,"I/O Write Time":0.0,"Temp I/O Read Time":0.0,"Temp I/O Write Time":0.0},{"Node Type":"Hash","Parent Relationship":"Inner","Parallel Aware":false,"Async Capable":false,"Startup Cost":219.01,"Total Cost":219.01,"Plan Rows":10001,"Plan Width":8,"Actual Startup Time":3.017,"Actual Total Time":3.023,"Actual Rows":10000,"Actual Loops":1,"Output":["supplier.su_nationkey","supplier.su_suppkey"],"Hash Buckets":16384,"Original Hash Buckets":16384,"Hash Batches":1,"Original Hash Batches":1,"Peak Memory Usage":519,"Shared Hit Blocks":0,"Shared Read Blocks":0,"Shared Dirtied Blocks":0,"Shared Written Blocks":0,"Local Hit Blocks":0,"Local Read Blocks":0,"Local Dirtied Blocks":0,"Local Written Blocks":0,"Temp Read Blocks":0,"Temp Written Blocks":0,"I/O Read Time":0.0,"I/O Write Time":0.0,"Temp I/O Read Time":0.0,"Temp I/O Write Time":0.0,"Plans":[{"Node Type":"Append","Parent Relationship":"Outer","Parallel Aware":false,"Async Capable":false,"Startup Cost":20.0,"Total Cost":219.01,"Plan Rows":10001,"Plan Width":8,"Actual Startup Time":0.033,"Actual Total Time":1.81,"Actual Rows":10000,"Actual Loops":1,"Shared Hit Blocks":0,"Shared Read Blocks":0,"Shared Dirtied Blocks":0,"Shared Written Blocks":0,"Local Hit Blocks":0,"Local Read Blocks":0,"Local Dirtied Blocks":0,"Local Written Blocks":0,"Temp Read Blocks":0,"Temp Written Blocks":0,"I/O Read Time":0.0,"I/O Write Time":0.0,"Temp I/O Read Time":0.0,"Temp I/O Write Time":0.0,"Subplans Removed":0,"Plans":[{"Node Type":"Custom Scan","Parent Relationship":"Member","Custom Plan Provider":"columnar scan","Parallel Aware":false,"Async Capable":false,"Relation Name":"supplier","Schema":"public","Alias":"supplier","Startup Cost":20.0,"Total Cost":215.0,"Plan Rows":10000,"Plan Width":8,"Actual Startup Time":0.031,"Actual Total Time":1.111,"Actual Rows":10000,"Actual Loops":1,"Output":["supplier.su_nationkey","supplier.su_suppkey"],"Rows Removed by Columnar Filter":0,"Columnar cache search mode":"native","Shared Hit Blocks":0,"Shared Read Blocks":0,"Shared Dirtied Blocks":0,"Shared Written Blocks":0,"Local Hit Blocks":0,"Local Read Blocks":0,"Local Dirtied Blocks":0,"Local Written Blocks":0,"Temp Read Blocks":0,"Temp Written Blocks":0,"I/O Read Time":0.0,"I/O Write Time":0.0,"Temp I/O Read Time":0.0,"Temp I/O Write Time":0.0},{"Node Type":"Seq Scan","Parent Relationship":"Member","Parallel Aware":false,"Async Capable":false,"Relation Name":"supplier","Schema":"public","Alias":"supplier","Startup Cost":0.0,"Total Cost":4.01,"Plan Rows":1,"Plan Width":8,"Actual Startup Time":0.0,"Actual Total Time":0.0,"Actual Rows":0,"Actual Loops":0,"Output":["supplier.su_nationkey","supplier.su_suppkey"],"Shared Hit Blocks":0,"Shared Read Blocks":0,"Shared Dirtied Blocks":0,"Shared Written Blocks":0,"Local Hit Blocks":0,"Local Read Blocks":0,"Local Dirtied Blocks":0,"Local Written Blocks":0,"Temp Read Blocks":0,"Temp Written Blocks":0,"I/O Read Time":0.0,"I/O Write Time":0.0,"Temp I/O Read Time":0.0,"Temp I/O Write Time":0.0}]}]}]},{"Node Type":"Hash","Parent Relationship":"Inner","Parallel Aware":false,"Async Capable":false,"Startup Cost":1.93,"Total Cost":1.93,"Plan Rows":2,"Plan Width":12,"Actual Startup Time":0.028,"Actual Total Time":0.029,"Actual Rows":2,"Actual Loops":1,"Output":["n1.n_nationkey","n1.n_name"],"Hash Buckets":1024,"Original Hash Buckets":1024,"Hash Batches":1,"Original Hash Batches":1,"Peak Memory Usage":9,"Shared Hit Blocks":1,"Shared Read Blocks":0,"Shared Dirtied Blocks":0,"Shared Written Blocks":0,"Local Hit Blocks":0,"Local Read Blocks":0,"Local Dirtied Blocks":0,"Local Written Blocks":0,"Temp Read Blocks":0,"Temp Written Blocks":0,"I/O Read Time":0.0,"I/O Write Time":0.0,"Temp I/O Read Time":0.0,"Temp I/O Write Time":0.0,"Plans":[{"Node Type":"Seq Scan","Parent Relationship":"Outer","Parallel Aware":false,"Async Capable":false,"Relation Name":"nation","Schema":"public","Alias":"n1","Startup Cost":0.0,"Total Cost":1.93,"Plan Rows":2,"Plan Width":12,"Actual Startup Time":0.018,"Actual Total Time":0.023,"Actual Rows":2,"Actual Loops":1,"Output":["n1.n_nationkey","n1.n_name"],"Filter":"(((n1.n_name)::text = 'Germany'::text) OR ((n1.n_name)::text = 'Cambodia'::text))","Rows Removed by Filter":60,"Shared Hit Blocks":1,"Shared Read Blocks":0,"Shared Dirtied Blocks":0,"Shared Written Blocks":0,"Local Hit Blocks":0,"Local Read Blocks":0,"Local Dirtied Blocks":0,"Local Written Blocks":0,"Temp Read Blocks":0,"Temp Written Blocks":0,"I/O Read Time":0.0,"I/O Write Time":0.0,"Temp I/O Read Time":0.0,"Temp I/O Write Time":0.0}]}]}]}]},{"Node Type":"Hash","Parent Relationship":"Inner","Parallel Aware":false,"Async Capable":false,"Startup Cost":119121.6,"Total Cost":119121.6,"Plan Rows":5996324,"Plan Width":24,"Actual Startup Time":1801.627,"Actual Total Time":1801.629,"Actual Rows":5995789,"Actual Loops":1,"Output":["orders.o_entry_d","orders.o_w_id","orders.o_d_id","orders.o_id","orders.o_c_id"],"Hash Buckets":131072,"Original Hash Buckets":131072,"Hash Batches":64,"Original Hash Batches":64,"Peak Memory Usage":6496,"Shared Hit Blocks":44122,"Shared Read Blocks":0,"Shared Dirtied Blocks":0,"Shared Written Blocks":0,"Local Hit Blocks":0,"Local Read Blocks":0,"Local Dirtied Blocks":0,"Local Written Blocks":0,"Temp Read Blocks":0,"Temp Written Blocks":34552,"I/O Read Time":0.0,"I/O Write Time":0.0,"Temp I/O Read Time":0.0,"Temp I/O Write Time":153.507,"Plans":[{"Node Type":"Seq Scan","Parent Relationship":"Outer","Parallel Aware":false,"Async Capable":false,"Relation Name":"orders","Schema":"public","Alias":"orders","Startup Cost":0.0,"Total Cost":119121.6,"Plan Rows":5996324,"Plan Width":24,"Actual Startup Time":0.015,"Actual Total Time":731.228,"Actual Rows":5995789,"Actual Loops":1,"Output":["orders.o_entry_d","orders.o_w_id","orders.o_d_id","orders.o_id","orders.o_c_id"],"Filter":"(orders.o_entry_d >= '1992-01-02 20:10:02.27764'::timestamp without time zone)","Rows Removed by Filter":4211,"Shared Hit Blocks":44122,"Shared Read Blocks":0,"Shared Dirtied Blocks":0,"Shared Written Blocks":0,"Local Hit Blocks":0,"Local Read Blocks":0,"Local Dirtied Blocks":0,"Local Written Blocks":0,"Temp Read Blocks":0,"Temp Written Blocks":0,"I/O Read Time":0.0,"I/O Write Time":0.0,"Temp I/O Read Time":0.0,"Temp I/O Write Time":0.0}]}]}]},{"Node Type":"Materialize","Parent Relationship":"Inner","Parallel Aware":false,"Async Capable":false,"Startup Cost":557789.1,"Total Cost":558756.87,"Plan Rows":193553,"Plan Width":20,"Actual Startup Time":2214.927,"Actual Total Time":2288.684,"Actual Rows":293066,"Actual Loops":1,"Output":["customer.c_nationkey","customer.c_id","customer.c_w_id","customer.c_d_id","n2.n_name"],"Shared Hit Blocks":459991,"Shared Read Blocks":0,"Shared Dirtied Blocks":0,"Shared Written Blocks":0,"Local Hit Blocks":0,"Local Read Blocks":0,"Local Dirtied Blocks":0,"Local Written Blocks":0,"Temp Read Blocks":1090,"Temp Written Blocks":1096,"I/O Read Time":0.0,"I/O Write Time":0.0,"Temp I/O Read Time":1.614,"Temp I/O Write Time":4.635,"Plans":[{"Node Type":"Sort","Parent Relationship":"Outer","Parallel Aware":false,"Async Capable":false,"Startup Cost":557789.1,"Total Cost":558272.98,"Plan Rows":193553,"Plan Width":20,"Actual Startup Time":2214.915,"Actual Total Time":2255.4,"Actual Rows":289967,"Actual Loops":1,"Output":["customer.c_nationkey","customer.c_id","customer.c_w_id","customer.c_d_id","n2.n_name"],"Sort Key":["customer.c_id","customer.c_w_id","customer.c_d_id"],"Sort Method":"external merge","Sort Space Used":8720,"Sort Space Type":"Disk","Shared Hit Blocks":459991,"Shared Read Blocks":0,"Shared Dirtied Blocks":0,"Shared Written Blocks":0,"Local Hit Blocks":0,"Local Read Blocks":0,"Local Dirtied Blocks":0,"Local Written Blocks":0,"Temp Read Blocks":1090,"Temp Written Blocks":1096,"I/O Read Time":0.0,"I/O Write Time":0.0,"Temp I/O Read Time":1.614,"Temp I/O Write Time":4.635,"Plans":[{"Node Type":"Hash Join","Parent Relationship":"Outer","Parallel Aware":false,"Async Capable":false,"Join Type":"Inner","Startup Cost":1.95,"Total Cost":536820.36,"Plan Rows":193553,"Plan Width":20,"Actual Startup Time":0.086,"Actual Total Time":2104.746,"Actual Rows":289972,"Actual Loops":1,"Output":["customer.c_nationkey","customer.c_id","customer.c_w_id","customer.c_d_id","n2.n_name"],"Inner Unique":true,"Hash Cond":"(customer.c_nationkey = n2.n_nationkey)","Shared Hit Blocks":459991,"Shared Read Blocks":0,"Shared Dirtied Blocks":0,"Shared Written Blocks":0,"Local Hit Blocks":0,"Local Read Blocks":0,"Local Dirtied Blocks":0,"Local Written Blocks":0,"Temp Read Blocks":0,"Temp Written Blocks":0,"I/O Read Time":0.0,"I/O Write Time":0.0,"Temp I/O Read Time":0.0,"Temp I/O Write Time":0.0,"Plans":[{"Node Type":"Seq Scan","Parent Relationship":"Outer","Parallel Aware":false,"Async Capable":false,"Relation Name":"customer","Schema":"public","Alias":"customer","Startup Cost":0.0,"Total Cost":519991.4,"Plan Rows":6000140,"Plan Width":12,"Actual Startup Time":0.025,"Actual Total Time":714.147,"Actual Rows":6000000,"Actual Loops":1,"Output":["customer.c_id","customer.c_d_id","customer.c_w_id","customer.c_nationkey","customer.c_first","customer.c_middle","customer.c_last","customer.c_street_1","customer.c_street_2","customer.c_city","customer.c_state","customer.c_zip","customer.c_phone","customer.c_since","customer.c_credit","customer.c_credit_lim","customer.c_discount","customer.c_balance","customer.c_ytd_payment","customer.c_payment_cnt","customer.c_delivery_cnt","customer.c_data"],"Shared Hit Blocks":459990,"Shared Read Blocks":0,"Shared Dirtied Blocks":0,"Shared Written Blocks":0,"Local Hit Blocks":0,"Local Read Blocks":0,"Local Dirtied Blocks":0,"Local Written Blocks":0,"Temp Read Blocks":0,"Temp Written Blocks":0,"I/O Read Time":0.0,"I/O Write Time":0.0,"Temp I/O Read Time":0.0,"Temp I/O Write Time":0.0},{"Node Type":"Hash","Parent Relationship":"Inner","Parallel Aware":false,"Async Capable":false,"Startup Cost":1.93,"Total Cost":1.93,"Plan Rows":2,"Plan Width":12,"Actual Startup Time":0.026,"Actual Total Time":0.027,"Actual Rows":2,"Actual Loops":1,"Output":["n2.n_nationkey","n2.n_name"],"Hash Buckets":1024,"Original Hash Buckets":1024,"Hash Batches":1,"Original Hash Batches":1,"Peak Memory Usage":9,"Shared Hit Blocks":1,"Shared Read Blocks":0,"Shared Dirtied Blocks":0,"Shared Written Blocks":0,"Local Hit Blocks":0,"Local Read Blocks":0,"Local Dirtied Blocks":0,"Local Written Blocks":0,"Temp Read Blocks":0,"Temp Written Blocks":0,"I/O Read Time":0.0,"I/O Write Time":0.0,"Temp I/O Read Time":0.0,"Temp I/O Write Time":0.0,"Plans":[{"Node Type":"Seq Scan","Parent Relationship":"Outer","Parallel Aware":false,"Async Capable":false,"Relation Name":"nation","Schema":"public","Alias":"n2","Startup Cost":0.0,"Total Cost":1.93,"Plan Rows":2,"Plan Width":12,"Actual Startup Time":0.016,"Actual Total Time":0.021,"Actual Rows":2,"Actual Loops":1,"Output":["n2.n_nationkey","n2.n_name"],"Filter":"(((n2.n_name)::text = 'Cambodia'::text) OR ((n2.n_name)::text = 'Germany'::text))","Rows Removed by Filter":60,"Shared Hit Blocks":1,"Shared Read Blocks":0,"Shared Dirtied Blocks":0,"Shared Written Blocks":0,"Local Hit Blocks":0,"Local Read Blocks":0,"Local Dirtied Blocks":0,"Local Written Blocks":0,"Temp Read Blocks":0,"Temp Written Blocks":0,"I/O Read Time":0.0,"I/O Write Time":0.0,"Temp I/O Read Time":0.0,"Temp I/O Write Time":0.0}]}]}]}]}]}]}]},"Planning":{"Shared Hit Blocks":152,"Shared Read Blocks":0,"Shared Dirtied Blocks":0,"Shared Written Blocks":0,"Local Hit Blocks":0,"Local Read Blocks":0,"Local Dirtied Blocks":0,"Local Written Blocks":0,"Temp Read Blocks":0,"Temp Written Blocks":0,"I/O Read Time":0.0,"I/O Write Time":0.0,"Temp I/O Read Time":0.0,"Temp I/O Write Time":0.0},"Planning Time":2.479,"Triggers":[],"Execution Time":23072.704}]
[列存组合]: stock, supplier
[{"Plan":{"Node Type":"Aggregate","Strategy":"Sorted","Partial Mode":"Simple","Parallel Aware":false,"Async Capable":false,"Startup Cost":3780864.39,"Total Cost":3781119.21,"Plan Rows":9266,"Plan Width":72,"Actual Startup Time":22919.777,"Actual Total Time":22922.362,"Actual Rows":6,"Actual Loops":1,"Output":["supplier.su_nationkey","customer.c_nationkey","(EXTRACT(year FROM orders.o_entry_d))","sum(order_line.ol_amount)"],"Group Key":["supplier.su_nationkey","customer.c_nationkey","(EXTRACT(year FROM orders.o_entry_d))"],"Shared Hit Blocks":1240535,"Shared Read Blocks":0,"Shared Dirtied Blocks":0,"Shared Written Blocks":0,"Local Hit Blocks":0,"Local Read Blocks":0,"Local Dirtied Blocks":0,"Local Written Blocks":0,"Temp Read Blocks":124799,"Temp Written Blocks":124817,"I/O Read Time":0.0,"I/O Write Time":0.0,"Temp I/O Read Time":188.649,"Temp I/O Write Time":533.256,"Plans":[{"Node Type":"Sort","Parent Relationship":"Outer","Parallel Aware":false,"Async Capable":false,"Startup Cost":3780864.39,"Total Cost":3780887.56,"Plan Rows":9266,"Plan Width":44,"Actual Startup Time":22919.668,"Actual Total Time":22920.205,"Actual Rows":12121,"Actual Loops":1,"Output":["supplier.su_nationkey","customer.c_nationkey","(EXTRACT(year FROM orders.o_entry_d))","order_line.ol_amount"],"Sort Key":["supplier.su_nationkey","customer.c_nationkey","(EXTRACT(year FROM orders.o_entry_d))"],"Sort Method":"quicksort","Sort Space Used":1047,"Sort Space Type":"Memory","Shared Hit Blocks":1240535,"Shared Read Blocks":0,"Shared Dirtied Blocks":0,"Shared Written Blocks":0,"Local Hit Blocks":0,"Local Read Blocks":0,"Local Dirtied Blocks":0,"Local Written Blocks":0,"Temp Read Blocks":124799,"Temp Written Blocks":124817,"I/O Read Time":0.0,"I/O Write Time":0.0,"Temp I/O Read Time":188.649,"Temp I/O Write Time":533.256,"Plans":[{"Node Type":"Merge Join","Parent Relationship":"Outer","Parallel Aware":false,"Async Capable":false,"Join Type":"Inner","Startup Cost":3771794.04,"Total Cost":3780253.87,"Plan Rows":9266,"Plan Width":44,"Actual Startup Time":22574.944,"Actual Total Time":22916.787,"Actual Rows":12121,"Actual Loops":1,"Output":["supplier.su_nationkey","customer.c_nationkey","EXTRACT(year FROM orders.o_entry_d)","order_line.ol_amount"],"Inner Unique":false,"Merge Cond":"((orders.o_c_id = customer.c_id) AND (order_line.ol_w_id = customer.c_w_id) AND (order_line.ol_d_id = customer.c_d_id))","Join Filter":"((((n1.n_name)::text = 'Germany'::text) AND ((n2.n_name)::text = 'Cambodia'::text)) OR (((n1.n_name)::text = 'Cambodia'::text) AND ((n2.n_name)::text = 'Germany'::text)))","Rows Removed by Join Filter":11453,"Shared Hit Blocks":1240535,"Shared Read Blocks":0,"Shared Dirtied Blocks":0,"Shared Written Blocks":0,"Local Hit Blocks":0,"Local Read Blocks":0,"Local Dirtied Blocks":0,"Local Written Blocks":0,"Temp Read Blocks":124799,"Temp Written Blocks":124817,"I/O Read Time":0.0,"I/O Write Time":0.0,"Temp I/O Read Time":188.649,"Temp I/O Write Time":533.256,"Plans":[{"Node Type":"Sort","Parent Relationship":"Outer","Parallel Aware":false,"Async Capable":false,"Startup Cost":3214004.75,"Total Cost":3215418.15,"Plan Rows":565362,"Plan Width":36,"Actual Startup Time":20352.04,"Actual Total Time":20523.898,"Actual Rows":485009,"Actual Loops":1,"Output":["supplier.su_nationkey","order_line.ol_amount","order_line.ol_w_id","order_line.ol_d_id","orders.o_entry_d","orders.o_w_id","orders.o_d_id","orders.o_c_id","n1.n_name"],"Sort Key":["orders.o_c_id","order_line.ol_w_id","order_line.ol_d_id"],"Sort Method":"external merge","Sort Space Used":24000,"Sort Space Type":"Disk","Shared Hit Blocks":780544,"Shared Read Blocks":0,"Shared Dirtied Blocks":0,"Shared Written Blocks":0,"Local Hit Blocks":0,"Local Read Blocks":0,"Local Dirtied Blocks":0,"Local Written Blocks":0,"Temp Read Blocks":123709,"Temp Written Blocks":123721,"I/O Read Time":0.0,"I/O Write Time":0.0,"Temp I/O Read Time":187.046,"Temp I/O Write Time":528.81,"Plans":[{"Node Type":"Hash Join","Parent Relationship":"Outer","Parallel Aware":false,"Async Capable":false,"Join Type":"Inner","Startup Cost":905977.05,"Total Cost":3144528.26,"Plan Rows":565362,"Plan Width":36,"Actual Startup Time":8620.655,"Actual Total Time":20103.142,"Actual Rows":485009,"Actual Loops":1,"Output":["supplier.su_nationkey","order_line.ol_amount","order_line.ol_w_id","order_line.ol_d_id","orders.o_entry_d","orders.o_w_id","orders.o_d_id","orders.o_c_id","n1.n_name"],"Inner Unique":true,"Hash Cond":"((order_line.ol_w_id = orders.o_w_id) AND (order_line.ol_d_id = orders.o_d_id) AND (order_line.ol_o_id = orders.o_id))","Shared Hit Blocks":780544,"Shared Read Blocks":0,"Shared Dirtied Blocks":0,"Shared Written Blocks":0,"Local Hit Blocks":0,"Local Read Blocks":0,"Local Dirtied Blocks":0,"Local Written Blocks":0,"Temp Read Blocks":120709,"Temp Written Blocks":120709,"I/O Read Time":0.0,"I/O Write Time":0.0,"Temp I/O Read Time":182.535,"Temp I/O Write Time":517.57,"Plans":[{"Node Type":"Hash Join","Parent Relationship":"Outer","Parallel Aware":false,"Async Capable":false,"Join Type":"Inner","Startup Cost":646784.78,"Total Cost":2838010.06,"Plan Rows":565705,"Plan Width":28,"Actual Startup Time":6810.206,"Actual Total Time":17628.153,"Actual Rows":485009,"Actual Loops":1,"Output":["supplier.su_nationkey","order_line.ol_amount","order_line.ol_w_id","order_line.ol_d_id","order_line.ol_o_id","n1.n_name"],"Inner Unique":false,"Hash Cond":"((order_line.ol_supply_w_id = stock.s_w_id) AND (order_line.ol_i_id = stock.s_i_id))","Shared Hit Blocks":736422,"Shared Read Blocks":0,"Shared Dirtied Blocks":0,"Shared Written Blocks":0,"Local Hit Blocks":0,"Local Read Blocks":0,"Local Dirtied Blocks":0,"Local Written Blocks":0,"Temp Read Blocks":83003,"Temp Written Blocks":83003,"I/O Read Time":0.0,"I/O Write Time":0.0,"Temp I/O Read Time":125.294,"Temp I/O Write Time":347.142,"Plans":[{"Node Type":"Seq Scan","Parent Relationship":"Outer","Parallel Aware":false,"Async Capable":false,"Relation Name":"order_line","Schema":"public","Alias":"order_line","Startup Cost":0.0,"Total Cost":1581655.36,"Plan Rows":17536869,"Plan Width":22,"Actual Startup Time":6.56,"Actual Total Time":5697.017,"Actual Rows":17139931,"Actual Loops":1,"Output":["order_line.ol_amount","order_line.ol_supply_w_id","order_line.ol_i_id","order_line.ol_w_id","order_line.ol_d_id","order_line.ol_o_id"],"Filter":"((order_line.ol_delivery_d >= '1995-01-02 20:10:02.27764'::timestamp without time zone) AND (order_line.ol_delivery_d <= '1997-01-01 20:10:02.27764'::timestamp without time zone))","Rows Removed by Filter":42853830,"Shared Hit Blocks":681748,"Shared Read Blocks":0,"Shared Dirtied Blocks":0,"Shared Written Blocks":0,"Local Hit Blocks":0,"Local Read Blocks":0,"Local Dirtied Blocks":0,"Local Written Blocks":0,"Temp Read Blocks":0,"Temp Written Blocks":0,"I/O Read Time":0.0,"I/O Write Time":0.0,"Temp I/O Read Time":0.0,"Temp I/O Write Time":0.0},{"Node Type":"Hash","Parent Relationship":"Inner","Parallel Aware":false,"Async Capable":false,"Startup Cost":633326.26,"Total Cost":633326.26,"Plan Rows":645168,"Plan Width":18,"Actual Startup Time":6803.016,"Actual Total Time":6803.031,"Actual Rows":566400,"Actual Loops":1,"Output":["supplier.su_nationkey","stock.s_w_id","stock.s_i_id","n1.n_name"],"Hash Buckets":131072,"Original Hash Buckets":131072,"Hash Batches":8,"Original Hash Batches":8,"Peak Memory Usage":4646,"Shared Hit Blocks":54674,"Shared Read Blocks":0,"Shared Dirtied Blocks":0,"Shared Written Blocks":0,"Local Hit Blocks":0,"Local Read Blocks":0,"Local Dirtied Blocks":0,"Local Written Blocks":0,"Temp Read Blocks":0,"Temp Written Blocks":2445,"I/O Read Time":0.0,"I/O Write Time":0.0,"Temp I/O Read Time":0.0,"Temp I/O Write Time":12.564,"Plans":[{"Node Type":"Hash Join","Parent Relationship":"Outer","Parallel Aware":false,"Async Capable":false,"Join Type":"Inner","Startup Cost":346.42,"Total Cost":633326.26,"Plan Rows":645168,"Plan Width":18,"Actual Startup Time":3.139,"Actual Total Time":6696.337,"Actual Rows":566400,"Actual Loops":1,"Output":["supplier.su_nationkey","stock.s_w_id","stock.s_i_id","n1.n_name"],"Inner Unique":true,"Hash Cond":"(supplier.su_nationkey = n1.n_nationkey)","Shared Hit Blocks":54674,"Shared Read Blocks":0,"Shared Dirtied Blocks":0,"Shared Written Blocks":0,"Local Hit Blocks":0,"Local Read Blocks":0,"Local Dirtied Blocks":0,"Local Written Blocks":0,"Temp Read Blocks":0,"Temp Written Blocks":0,"I/O Read Time":0.0,"I/O Write Time":0.0,"Temp I/O Read Time":0.0,"Temp I/O Write Time":0.0,"Plans":[{"Node Type":"Hash Join","Parent Relationship":"Outer","Parallel Aware":false,"Async Capable":false,"Join Type":"Inner","Startup Cost":344.46,"Total Cost":577235.0,"Plan Rows":20000212,"Plan Width":10,"Actual Startup Time":3.098,"Actual Total Time":5287.837,"Actual Rows":20000000,"Actual Loops":1,"Output":["supplier.su_nationkey","stock.s_w_id","stock.s_i_id"],"Inner Unique":true,"Hash Cond":"(mod((stock.s_w_id * stock.s_i_id), 10000) = supplier.su_suppkey)","Shared Hit Blocks":54673,"Shared Read Blocks":0,"Shared Dirtied Blocks":0,"Shared Written Blocks":0,"Local Hit Blocks":0,"Local Read Blocks":0,"Local Dirtied Blocks":0,"Local Written Blocks":0,"Temp Read Blocks":0,"Temp Written Blocks":0,"I/O Read Time":0.0,"I/O Write Time":0.0,"Temp I/O Read Time":0.0,"Temp I/O Write Time":0.0,"Plans":[{"Node Type":"Index Only Scan","Parent Relationship":"Outer","Parallel Aware":false,"Async Capable":false,"Scan Direction":"Forward","Index Name":"stock_pk","Relation Name":"stock","Schema":"public","Alias":"stock","Startup Cost":0.44,"Total Cost":519363.62,"Plan Rows":20000212,"Plan Width":6,"Actual Startup Time":0.032,"Actual Total Time":1517.471,"Actual Rows":20000000,"Actual Loops":1,"Output":["stock.s_w_id","stock.s_i_id"],"Heap Fetches":0,"Shared Hit Blocks":54673,"Shared Read Blocks":0,"Shared Dirtied Blocks":0,"Shared Written Blocks":0,"Local Hit Blocks":0,"Local Read Blocks":0,"Local Dirtied Blocks":0,"Local Written Blocks":0,"Temp Read Blocks":0,"Temp Written Blocks":0,"I/O Read Time":0.0,"I/O Write Time":0.0,"Temp I/O Read Time":0.0,"Temp I/O Write Time":0.0},{"Node Type":"Hash","Parent Relationship":"Inner","Parallel Aware":false,"Async Capable":false,"Startup Cost":219.01,"Total Cost":219.01,"Plan Rows":10001,"Plan Width":8,"Actual Startup Time":3.016,"Actual Total Time":3.021,"Actual Rows":10000,"Actual Loops":1,"Output":["supplier.su_nationkey","supplier.su_suppkey"],"Hash Buckets":16384,"Original Hash Buckets":16384,"Hash Batches":1,"Original Hash Batches":1,"Peak Memory Usage":519,"Shared Hit Blocks":0,"Shared Read Blocks":0,"Shared Dirtied Blocks":0,"Shared Written Blocks":0,"Local Hit Blocks":0,"Local Read Blocks":0,"Local Dirtied Blocks":0,"Local Written Blocks":0,"Temp Read Blocks":0,"Temp Written Blocks":0,"I/O Read Time":0.0,"I/O Write Time":0.0,"Temp I/O Read Time":0.0,"Temp I/O Write Time":0.0,"Plans":[{"Node Type":"Append","Parent Relationship":"Outer","Parallel Aware":false,"Async Capable":false,"Startup Cost":20.0,"Total Cost":219.01,"Plan Rows":10001,"Plan Width":8,"Actual Startup Time":0.035,"Actual Total Time":1.81,"Actual Rows":10000,"Actual Loops":1,"Shared Hit Blocks":0,"Shared Read Blocks":0,"Shared Dirtied Blocks":0,"Shared Written Blocks":0,"Local Hit Blocks":0,"Local Read Blocks":0,"Local Dirtied Blocks":0,"Local Written Blocks":0,"Temp Read Blocks":0,"Temp Written Blocks":0,"I/O Read Time":0.0,"I/O Write Time":0.0,"Temp I/O Read Time":0.0,"Temp I/O Write Time":0.0,"Subplans Removed":0,"Plans":[{"Node Type":"Custom Scan","Parent Relationship":"Member","Custom Plan Provider":"columnar scan","Parallel Aware":false,"Async Capable":false,"Relation Name":"supplier","Schema":"public","Alias":"supplier","Startup Cost":20.0,"Total Cost":215.0,"Plan Rows":10000,"Plan Width":8,"Actual Startup Time":0.033,"Actual Total Time":1.105,"Actual Rows":10000,"Actual Loops":1,"Output":["supplier.su_nationkey","supplier.su_suppkey"],"Rows Removed by Columnar Filter":0,"Columnar cache search mode":"native","Shared Hit Blocks":0,"Shared Read Blocks":0,"Shared Dirtied Blocks":0,"Shared Written Blocks":0,"Local Hit Blocks":0,"Local Read Blocks":0,"Local Dirtied Blocks":0,"Local Written Blocks":0,"Temp Read Blocks":0,"Temp Written Blocks":0,"I/O Read Time":0.0,"I/O Write Time":0.0,"Temp I/O Read Time":0.0,"Temp I/O Write Time":0.0},{"Node Type":"Seq Scan","Parent Relationship":"Member","Parallel Aware":false,"Async Capable":false,"Relation Name":"supplier","Schema":"public","Alias":"supplier","Startup Cost":0.0,"Total Cost":4.01,"Plan Rows":1,"Plan Width":8,"Actual Startup Time":0.0,"Actual Total Time":0.0,"Actual Rows":0,"Actual Loops":0,"Output":["supplier.su_nationkey","supplier.su_suppkey"],"Shared Hit Blocks":0,"Shared Read Blocks":0,"Shared Dirtied Blocks":0,"Shared Written Blocks":0,"Local Hit Blocks":0,"Local Read Blocks":0,"Local Dirtied Blocks":0,"Local Written Blocks":0,"Temp Read Blocks":0,"Temp Written Blocks":0,"I/O Read Time":0.0,"I/O Write Time":0.0,"Temp I/O Read Time":0.0,"Temp I/O Write Time":0.0}]}]}]},{"Node Type":"Hash","Parent Relationship":"Inner","Parallel Aware":false,"Async Capable":false,"Startup Cost":1.93,"Total Cost":1.93,"Plan Rows":2,"Plan Width":12,"Actual Startup Time":0.028,"Actual Total Time":0.029,"Actual Rows":2,"Actual Loops":1,"Output":["n1.n_nationkey","n1.n_name"],"Hash Buckets":1024,"Original Hash Buckets":1024,"Hash Batches":1,"Original Hash Batches":1,"Peak Memory Usage":9,"Shared Hit Blocks":1,"Shared Read Blocks":0,"Shared Dirtied Blocks":0,"Shared Written Blocks":0,"Local Hit Blocks":0,"Local Read Blocks":0,"Local Dirtied Blocks":0,"Local Written Blocks":0,"Temp Read Blocks":0,"Temp Written Blocks":0,"I/O Read Time":0.0,"I/O Write Time":0.0,"Temp I/O Read Time":0.0,"Temp I/O Write Time":0.0,"Plans":[{"Node Type":"Seq Scan","Parent Relationship":"Outer","Parallel Aware":false,"Async Capable":false,"Relation Name":"nation","Schema":"public","Alias":"n1","Startup Cost":0.0,"Total Cost":1.93,"Plan Rows":2,"Plan Width":12,"Actual Startup Time":0.017,"Actual Total Time":0.022,"Actual Rows":2,"Actual Loops":1,"Output":["n1.n_nationkey","n1.n_name"],"Filter":"(((n1.n_name)::text = 'Germany'::text) OR ((n1.n_name)::text = 'Cambodia'::text))","Rows Removed by Filter":60,"Shared Hit Blocks":1,"Shared Read Blocks":0,"Shared Dirtied Blocks":0,"Shared Written Blocks":0,"Local Hit Blocks":0,"Local Read Blocks":0,"Local Dirtied Blocks":0,"Local Written Blocks":0,"Temp Read Blocks":0,"Temp Written Blocks":0,"I/O Read Time":0.0,"I/O Write Time":0.0,"Temp I/O Read Time":0.0,"Temp I/O Write Time":0.0}]}]}]}]},{"Node Type":"Hash","Parent Relationship":"Inner","Parallel Aware":false,"Async Capable":false,"Startup Cost":119121.6,"Total Cost":119121.6,"Plan Rows":5996324,"Plan Width":24,"Actual Startup Time":1799.618,"Actual Total Time":1799.621,"Actual Rows":5995789,"Actual Loops":1,"Output":["orders.o_entry_d","orders.o_w_id","orders.o_d_id","orders.o_id","orders.o_c_id"],"Hash Buckets":131072,"Original Hash Buckets":131072,"Hash Batches":64,"Original Hash Batches":64,"Peak Memory Usage":6496,"Shared Hit Blocks":44122,"Shared Read Blocks":0,"Shared Dirtied Blocks":0,"Shared Written Blocks":0,"Local Hit Blocks":0,"Local Read Blocks":0,"Local Dirtied Blocks":0,"Local Written Blocks":0,"Temp Read Blocks":0,"Temp Written Blocks":34552,"I/O Read Time":0.0,"I/O Write Time":0.0,"Temp I/O Read Time":0.0,"Temp I/O Write Time":152.557,"Plans":[{"Node Type":"Seq Scan","Parent Relationship":"Outer","Parallel Aware":false,"Async Capable":false,"Relation Name":"orders","Schema":"public","Alias":"orders","Startup Cost":0.0,"Total Cost":119121.6,"Plan Rows":5996324,"Plan Width":24,"Actual Startup Time":0.015,"Actual Total Time":729.877,"Actual Rows":5995789,"Actual Loops":1,"Output":["orders.o_entry_d","orders.o_w_id","orders.o_d_id","orders.o_id","orders.o_c_id"],"Filter":"(orders.o_entry_d >= '1992-01-02 20:10:02.27764'::timestamp without time zone)","Rows Removed by Filter":4211,"Shared Hit Blocks":44122,"Shared Read Blocks":0,"Shared Dirtied Blocks":0,"Shared Written Blocks":0,"Local Hit Blocks":0,"Local Read Blocks":0,"Local Dirtied Blocks":0,"Local Written Blocks":0,"Temp Read Blocks":0,"Temp Written Blocks":0,"I/O Read Time":0.0,"I/O Write Time":0.0,"Temp I/O Read Time":0.0,"Temp I/O Write Time":0.0}]}]}]},{"Node Type":"Materialize","Parent Relationship":"Inner","Parallel Aware":false,"Async Capable":false,"Startup Cost":557789.1,"Total Cost":558756.87,"Plan Rows":193553,"Plan Width":20,"Actual Startup Time":2222.832,"Actual Total Time":2296.531,"Actual Rows":293066,"Actual Loops":1,"Output":["customer.c_nationkey","customer.c_id","customer.c_w_id","customer.c_d_id","n2.n_name"],"Shared Hit Blocks":459991,"Shared Read Blocks":0,"Shared Dirtied Blocks":0,"Shared Written Blocks":0,"Local Hit Blocks":0,"Local Read Blocks":0,"Local Dirtied Blocks":0,"Local Written Blocks":0,"Temp Read Blocks":1090,"Temp Written Blocks":1096,"I/O Read Time":0.0,"I/O Write Time":0.0,"Temp I/O Read Time":1.603,"Temp I/O Write Time":4.446,"Plans":[{"Node Type":"Sort","Parent Relationship":"Outer","Parallel Aware":false,"Async Capable":false,"Startup Cost":557789.1,"Total Cost":558272.98,"Plan Rows":193553,"Plan Width":20,"Actual Startup Time":2222.821,"Actual Total Time":2263.298,"Actual Rows":289967,"Actual Loops":1,"Output":["customer.c_nationkey","customer.c_id","customer.c_w_id","customer.c_d_id","n2.n_name"],"Sort Key":["customer.c_id","customer.c_w_id","customer.c_d_id"],"Sort Method":"external merge","Sort Space Used":8720,"Sort Space Type":"Disk","Shared Hit Blocks":459991,"Shared Read Blocks":0,"Shared Dirtied Blocks":0,"Shared Written Blocks":0,"Local Hit Blocks":0,"Local Read Blocks":0,"Local Dirtied Blocks":0,"Local Written Blocks":0,"Temp Read Blocks":1090,"Temp Written Blocks":1096,"I/O Read Time":0.0,"I/O Write Time":0.0,"Temp I/O Read Time":1.603,"Temp I/O Write Time":4.446,"Plans":[{"Node Type":"Hash Join","Parent Relationship":"Outer","Parallel Aware":false,"Async Capable":false,"Join Type":"Inner","Startup Cost":1.95,"Total Cost":536820.36,"Plan Rows":193553,"Plan Width":20,"Actual Startup Time":0.09,"Actual Total Time":2115.621,"Actual Rows":289972,"Actual Loops":1,"Output":["customer.c_nationkey","customer.c_id","customer.c_w_id","customer.c_d_id","n2.n_name"],"Inner Unique":true,"Hash Cond":"(customer.c_nationkey = n2.n_nationkey)","Shared Hit Blocks":459991,"Shared Read Blocks":0,"Shared Dirtied Blocks":0,"Shared Written Blocks":0,"Local Hit Blocks":0,"Local Read Blocks":0,"Local Dirtied Blocks":0,"Local Written Blocks":0,"Temp Read Blocks":0,"Temp Written Blocks":0,"I/O Read Time":0.0,"I/O Write Time":0.0,"Temp I/O Read Time":0.0,"Temp I/O Write Time":0.0,"Plans":[{"Node Type":"Seq Scan","Parent Relationship":"Outer","Parallel Aware":false,"Async Capable":false,"Relation Name":"customer","Schema":"public","Alias":"customer","Startup Cost":0.0,"Total Cost":519991.4,"Plan Rows":6000140,"Plan Width":12,"Actual Startup Time":0.023,"Actual Total Time":718.585,"Actual Rows":6000000,"Actual Loops":1,"Output":["customer.c_id","customer.c_d_id","customer.c_w_id","customer.c_nationkey","customer.c_first","customer.c_middle","customer.c_last","customer.c_street_1","customer.c_street_2","customer.c_city","customer.c_state","customer.c_zip","customer.c_phone","customer.c_since","customer.c_credit","customer.c_credit_lim","customer.c_discount","customer.c_balance","customer.c_ytd_payment","customer.c_payment_cnt","customer.c_delivery_cnt","customer.c_data"],"Shared Hit Blocks":459990,"Shared Read Blocks":0,"Shared Dirtied Blocks":0,"Shared Written Blocks":0,"Local Hit Blocks":0,"Local Read Blocks":0,"Local Dirtied Blocks":0,"Local Written Blocks":0,"Temp Read Blocks":0,"Temp Written Blocks":0,"I/O Read Time":0.0,"I/O Write Time":0.0,"Temp I/O Read Time":0.0,"Temp I/O Write Time":0.0},{"Node Type":"Hash","Parent Relationship":"Inner","Parallel Aware":false,"Async Capable":false,"Startup Cost":1.93,"Total Cost":1.93,"Plan Rows":2,"Plan Width":12,"Actual Startup Time":0.03,"Actual Total Time":0.032,"Actual Rows":2,"Actual Loops":1,"Output":["n2.n_nationkey","n2.n_name"],"Hash Buckets":1024,"Original Hash Buckets":1024,"Hash Batches":1,"Original Hash Batches":1,"Peak Memory Usage":9,"Shared Hit Blocks":1,"Shared Read Blocks":0,"Shared Dirtied Blocks":0,"Shared Written Blocks":0,"Local Hit Blocks":0,"Local Read Blocks":0,"Local Dirtied Blocks":0,"Local Written Blocks":0,"Temp Read Blocks":0,"Temp Written Blocks":0,"I/O Read Time":0.0,"I/O Write Time":0.0,"Temp I/O Read Time":0.0,"Temp I/O Write Time":0.0,"Plans":[{"Node Type":"Seq Scan","Parent Relationship":"Outer","Parallel Aware":false,"Async Capable":false,"Relation Name":"nation","Schema":"public","Alias":"n2","Startup Cost":0.0,"Total Cost":1.93,"Plan Rows":2,"Plan Width":12,"Actual Startup Time":0.014,"Actual Total Time":0.023,"Actual Rows":2,"Actual Loops":1,"Output":["n2.n_nationkey","n2.n_name"],"Filter":"(((n2.n_name)::text = 'Cambodia'::text) OR ((n2.n_name)::text = 'Germany'::text))","Rows Removed by Filter":60,"Shared Hit Blocks":1,"Shared Read Blocks":0,"Shared Dirtied Blocks":0,"Shared Written Blocks":0,"Local Hit Blocks":0,"Local Read Blocks":0,"Local Dirtied Blocks":0,"Local Written Blocks":0,"Temp Read Blocks":0,"Temp Written Blocks":0,"I/O Read Time":0.0,"I/O Write Time":0.0,"Temp I/O Read Time":0.0,"Temp I/O Write Time":0.0}]}]}]}]}]}]}]},"Planning":{"Shared Hit Blocks":152,"Shared Read Blocks":0,"Shared Dirtied Blocks":0,"Shared Written Blocks":0,"Local Hit Blocks":0,"Local Read Blocks":0,"Local Dirtied Blocks":0,"Local Written Blocks":0,"Temp Read Blocks":0,"Temp Written Blocks":0,"I/O Read Time":0.0,"I/O Write Time":0.0,"Temp I/O Read Time":0.0,"Temp I/O Write Time":0.0},"Planning Time":3.295,"Triggers":[],"Execution Time":22927.713}]
[列存组合]: customer, nation, order_line
[{"Plan":{"Node Type":"Aggregate","Strategy":"Sorted","Partial Mode":"Simple","Parallel Aware":false,"Async Capable":false,"Startup Cost":3238521.45,"Total Cost":3238776.26,"Plan Rows":9266,"Plan Width":72,"Actual Startup Time":20991.926,"Actual Total Time":20994.491,"Actual Rows":6,"Actual Loops":1,"Output":["supplier.su_nationkey","customer.c_nationkey","(EXTRACT(year FROM orders.o_entry_d))","sum(order_line.ol_amount)"],"Group Key":["supplier.su_nationkey","customer.c_nationkey","(EXTRACT(year FROM orders.o_entry_d))"],"Shared Hit Blocks":99013,"Shared Read Blocks":0,"Shared Dirtied Blocks":0,"Shared Written Blocks":0,"Local Hit Blocks":0,"Local Read Blocks":0,"Local Dirtied Blocks":0,"Local Written Blocks":0,"Temp Read Blocks":123649,"Temp Written Blocks":123667,"I/O Read Time":0.0,"I/O Write Time":0.0,"Temp I/O Read Time":186.123,"Temp I/O Write Time":541.173,"Plans":[{"Node Type":"Sort","Parent Relationship":"Outer","Parallel Aware":false,"Async Capable":false,"Startup Cost":3238521.45,"Total Cost":3238544.61,"Plan Rows":9266,"Plan Width":44,"Actual Startup Time":20991.819,"Actual Total Time":20992.347,"Actual Rows":12121,"Actual Loops":1,"Output":["supplier.su_nationkey","customer.c_nationkey","(EXTRACT(year FROM orders.o_entry_d))","order_line.ol_amount"],"Sort Key":["supplier.su_nationkey","customer.c_nationkey","(EXTRACT(year FROM orders.o_entry_d))"],"Sort Method":"quicksort","Sort Space Used":1047,"Sort Space Type":"Memory","Shared Hit Blocks":99013,"Shared Read Blocks":0,"Shared Dirtied Blocks":0,"Shared Written Blocks":0,"Local Hit Blocks":0,"Local Read Blocks":0,"Local Dirtied Blocks":0,"Local Written Blocks":0,"Temp Read Blocks":123649,"Temp Written Blocks":123667,"I/O Read Time":0.0,"I/O Write Time":0.0,"Temp I/O Read Time":186.123,"Temp I/O Write Time":541.173,"Plans":[{"Node Type":"Merge Join","Parent Relationship":"Outer","Parallel Aware":false,"Async Capable":false,"Join Type":"Inner","Startup Cost":3229451.09,"Total Cost":3237910.92,"Plan Rows":9266,"Plan Width":44,"Actual Startup Time":20648.07,"Actual Total Time":20988.909,"Actual Rows":12121,"Actual Loops":1,"Output":["supplier.su_nationkey","customer.c_nationkey","EXTRACT(year FROM orders.o_entry_d)","order_line.ol_amount"],"Merge Cond":"((orders.o_c_id = customer.c_id) AND (order_line.ol_w_id = customer.c_w_id) AND (order_line.ol_d_id = customer.c_d_id))","Join Filter":"((((n1.n_name)::text = 'Germany'::text) AND ((n2.n_name)::text = 'Cambodia'::text)) OR (((n1.n_name)::text = 'Cambodia'::text) AND ((n2.n_name)::text = 'Germany'::text)))","Rows Removed by Join Filter":11453,"Shared Hit Blocks":99013,"Shared Read Blocks":0,"Shared Dirtied Blocks":0,"Shared Written Blocks":0,"Local Hit Blocks":0,"Local Read Blocks":0,"Local Dirtied Blocks":0,"Local Written Blocks":0,"Temp Read Blocks":123649,"Temp Written Blocks":123667,"I/O Read Time":0.0,"I/O Write Time":0.0,"Temp I/O Read Time":186.123,"Temp I/O Write Time":541.173,"Plans":[{"Node Type":"Sort","Parent Relationship":"Outer","Parallel Aware":false,"Async Capable":false,"Startup Cost":3183089.88,"Total Cost":3184503.28,"Plan Rows":565362,"Plan Width":36,"Actual Startup Time":20419.211,"Actual Total Time":20590.569,"Actual Rows":485009,"Actual Loops":1,"Output":["supplier.su_nationkey","order_line.ol_amount","order_line.ol_w_id","order_line.ol_d_id","orders.o_entry_d","orders.o_w_id","orders.o_d_id","orders.o_c_id","n1.n_name"],"Sort Key":["orders.o_c_id","order_line.ol_w_id","order_line.ol_d_id"],"Sort Method":"external merge","Sort Space Used":24000,"Sort Space Type":"Disk","Shared Hit Blocks":99013,"Shared Read Blocks":0,"Shared Dirtied Blocks":0,"Shared Written Blocks":0,"Local Hit Blocks":0,"Local Read Blocks":0,"Local Dirtied Blocks":0,"Local Written Blocks":0,"Temp Read Blocks":122559,"Temp Written Blocks":122571,"I/O Read Time":0.0,"I/O Write Time":0.0,"Temp I/O Read Time":184.786,"Temp I/O Write Time":536.807,"Plans":[{"Node Type":"Hash Join","Parent Relationship":"Outer","Parallel Aware":false,"Async Capable":false,"Join Type":"Inner","Startup Cost":906095.03,"Total Cost":3113613.38,"Plan Rows":565362,"Plan Width":36,"Actual Startup Time":8569.593,"Actual Total Time":20172.928,"Actual Rows":485009,"Actual Loops":1,"Output":["supplier.su_nationkey","order_line.ol_amount","order_line.ol_w_id","order_line.ol_d_id","orders.o_entry_d","orders.o_w_id","orders.o_d_id","orders.o_c_id","n1.n_name"],"Hash Cond":"((order_line.ol_w_id = orders.o_w_id) AND (order_line.ol_d_id = orders.o_d_id) AND (order_line.ol_o_id = orders.o_id))","Shared Hit Blocks":99013,"Shared Read Blocks":0,"Shared Dirtied Blocks":0,"Shared Written Blocks":0,"Local Hit Blocks":0,"Local Read Blocks":0,"Local Dirtied Blocks":0,"Local Written Blocks":0,"Temp Read Blocks":119559,"Temp Written Blocks":119559,"I/O Read Time":0.0,"I/O Write Time":0.0,"Temp I/O Read Time":180.735,"Temp I/O Write Time":525.746,"Plans":[{"Node Type":"Hash Join","Parent Relationship":"Outer","Parallel Aware":false,"Async Capable":false,"Join Type":"Inner","Startup Cost":646902.76,"Total Cost":2807095.19,"Plan Rows":565705,"Plan Width":28,"Actual Startup Time":6743.685,"Actual Total Time":17685.515,"Actual Rows":485009,"Actual Loops":1,"Output":["supplier.su_nationkey","order_line.ol_amount","order_line.ol_w_id","order_line.ol_d_id","order_line.ol_o_id","n1.n_name"],"Hash Cond":"((order_line.ol_supply_w_id = stock.s_w_id) AND (order_line.ol_i_id = stock.s_i_id))","Shared Hit Blocks":54891,"Shared Read Blocks":0,"Shared Dirtied Blocks":0,"Shared Written Blocks":0,"Local Hit Blocks":0,"Local Read Blocks":0,"Local Dirtied Blocks":0,"Local Written Blocks":0,"Temp Read Blocks":81853,"Temp Written Blocks":81853,"I/O Read Time":0.0,"I/O Write Time":0.0,"Temp I/O Read Time":124.492,"Temp I/O Write Time":349.927,"Plans":[{"Node Type":"Append","Parent Relationship":"Outer","Parallel Aware":false,"Async Capable":false,"Startup Cost":20.0,"Total Cost":1550642.51,"Plan Rows":17536869,"Plan Width":22,"Actual Startup Time":6.762,"Actual Total Time":5774.858,"Actual Rows":16894821,"Actual Loops":1,"Shared Hit Blocks":0,"Shared Read Blocks":0,"Shared Dirtied Blocks":0,"Shared Written Blocks":0,"Local Hit Blocks":0,"Local Read Blocks":0,"Local Dirtied Blocks":0,"Local Written Blocks":0,"Temp Read Blocks":0,"Temp Written Blocks":0,"I/O Read Time":0.0,"I/O Write Time":0.0,"Temp I/O Read Time":0.0,"Temp I/O Write Time":0.0,"Subplans Removed":0,"Plans":[{"Node Type":"Custom Scan","Parent Relationship":"Member","Custom Plan Provider":"columnar scan","Parallel Aware":false,"Async Capable":false,"Relation Name":"order_line","Schema":"public","Alias":"order_line","Startup Cost":20.0,"Total Cost":482285.56,"Plan Rows":17536851,"Plan Width":22,"Actual Startup Time":6.758,"Actual Total Time":4599.716,"Actual Rows":16894821,"Actual Loops":1,"Output":["order_line.ol_amount","order_line.ol_supply_w_id","order_line.ol_i_id","order_line.ol_w_id","order_line.ol_d_id","order_line.ol_o_id"],"Filter":"((order_line.ol_delivery_d <= '1997-01-01 20:10:02.27764'::timestamp without time zone) AND (order_line.ol_delivery_d >= '1995-01-02 20:10:02.27764'::timestamp without time zone))","Rows Removed by Filter":0,"Rows Removed by Columnar Filter":43098940,"Rows Filtered by Bloom Filter":0,"Dictionary Rows Filtered by Bloom Filter":857915,"Columnar cache search mode":"native","Shared Hit Blocks":0,"Shared Read Blocks":0,"Shared Dirtied Blocks":0,"Shared Written Blocks":0,"Local Hit Blocks":0,"Local Read Blocks":0,"Local Dirtied Blocks":0,"Local Written Blocks":0,"Temp Read Blocks":0,"Temp Written Blocks":0,"I/O Read Time":0.0,"I/O Write Time":0.0,"Temp I/O Read Time":0.0,"Temp I/O Write Time":0.0},{"Node Type":"Seq Scan","Parent Relationship":"Member","Parallel Aware":false,"Async Capable":false,"Relation Name":"order_line","Schema":"public","Alias":"order_line","Startup Cost":0.0,"Total Cost":4.95,"Plan Rows":18,"Plan Width":22,"Actual Startup Time":0.0,"Actual Total Time":0.0,"Actual Rows":0,"Actual Loops":0,"Output":["order_line.ol_amount","order_line.ol_supply_w_id","order_line.ol_i_id","order_line.ol_w_id","order_line.ol_d_id","order_line.ol_o_id"],"Filter":"((order_line.ol_delivery_d <= '1997-01-01 20:10:02.27764'::timestamp without time zone) AND (order_line.ol_delivery_d >= '1995-01-02 20:10:02.27764'::timestamp without time zone))","Rows Removed by Filter":0,"Shared Hit Blocks":0,"Shared Read Blocks":0,"Shared Dirtied Blocks":0,"Shared Written Blocks":0,"Local Hit Blocks":0,"Local Read Blocks":0,"Local Dirtied Blocks":0,"Local Written Blocks":0,"Temp Read Blocks":0,"Temp Written Blocks":0,"I/O Read Time":0.0,"I/O Write Time":0.0,"Temp I/O Read Time":0.0,"Temp I/O Write Time":0.0}]},{"Node Type":"Hash","Parent Relationship":"Inner","Parallel Aware":false,"Async Capable":false,"Startup Cost":633424.24,"Total Cost":633424.24,"Plan Rows":645168,"Plan Width":18,"Actual Startup Time":6735.962,"Actual Total Time":6735.973,"Actual Rows":566400,"Actual Loops":1,"Output":["supplier.su_nationkey","stock.s_w_id","stock.s_i_id","n1.n_name"],"Hash Buckets":131072,"Original Hash Buckets":131072,"Hash Batches":8,"Original Hash Batches":8,"Peak Memory Usage":4646,"Shared Hit Blocks":54891,"Shared Read Blocks":0,"Shared Dirtied Blocks":0,"Shared Written Blocks":0,"Local Hit Blocks":0,"Local Read Blocks":0,"Local Dirtied Blocks":0,"Local Written Blocks":0,"Temp Read Blocks":0,"Temp Written Blocks":2445,"I/O Read Time":0.0,"I/O Write Time":0.0,"Temp I/O Read Time":0.0,"Temp I/O Write Time":13.422,"Plans":[{"Node Type":"Hash Join","Parent Relationship":"Outer","Parallel Aware":false,"Async Capable":false,"Join Type":"Inner","Startup Cost":444.39,"Total Cost":633424.24,"Plan Rows":645168,"Plan Width":18,"Actual Startup Time":2.66,"Actual Total Time":6585.189,"Actual Rows":566400,"Actual Loops":1,"Output":["supplier.su_nationkey","stock.s_w_id","stock.s_i_id","n1.n_name"],"Hash Cond":"(supplier.su_nationkey = n1.n_nationkey)","Shared Hit Blocks":54891,"Shared Read Blocks":0,"Shared Dirtied Blocks":0,"Shared Written Blocks":0,"Local Hit Blocks":0,"Local Read Blocks":0,"Local Dirtied Blocks":0,"Local Written Blocks":0,"Temp Read Blocks":0,"Temp Written Blocks":0,"I/O Read Time":0.0,"I/O Write Time":0.0,"Temp I/O Read Time":0.0,"Temp I/O Write Time":0.0,"Plans":[{"Node Type":"Hash Join","Parent Relationship":"Outer","Parallel Aware":false,"Async Capable":false,"Join Type":"Inner","Startup Cost":442.44,"Total Cost":577332.98,"Plan Rows":20000212,"Plan Width":10,"Actual Startup Time":2.611,"Actual Total Time":5240.523,"Actual Rows":20000000,"Actual Loops":1,"Output":["supplier.su_nationkey","stock.s_w_id","stock.s_i_id"],"Hash Cond":"(mod((stock.s_w_id * stock.s_i_id), 10000) = supplier.su_suppkey)","Shared Hit Blocks":54890,"Shared Read Blocks":0,"Shared Dirtied Blocks":0,"Shared Written Blocks":0,"Local Hit Blocks":0,"Local Read Blocks":0,"Local Dirtied Blocks":0,"Local Written Blocks":0,"Temp Read Blocks":0,"Temp Written Blocks":0,"I/O Read Time":0.0,"I/O Write Time":0.0,"Temp I/O Read Time":0.0,"Temp I/O Write Time":0.0,"Plans":[{"Node Type":"Index Only Scan","Parent Relationship":"Outer","Parallel Aware":false,"Async Capable":false,"Scan Direction":"Forward","Index Name":"stock_pk","Relation Name":"stock","Schema":"public","Alias":"stock","Startup Cost":0.44,"Total Cost":519363.62,"Plan Rows":20000212,"Plan Width":6,"Actual Startup Time":0.031,"Actual Total Time":1541.401,"Actual Rows":20000000,"Actual Loops":1,"Output":["stock.s_w_id","stock.s_i_id"],"Heap Fetches":0,"Shared Hit Blocks":54673,"Shared Read Blocks":0,"Shared Dirtied Blocks":0,"Shared Written Blocks":0,"Local Hit Blocks":0,"Local Read Blocks":0,"Local Dirtied Blocks":0,"Local Written Blocks":0,"Temp Read Blocks":0,"Temp Written Blocks":0,"I/O Read Time":0.0,"I/O Write Time":0.0,"Temp I/O Read Time":0.0,"Temp I/O Write Time":0.0},{"Node Type":"Hash","Parent Relationship":"Inner","Parallel Aware":false,"Async Capable":false,"Startup Cost":317.0,"Total Cost":317.0,"Plan Rows":10000,"Plan Width":8,"Actual Startup Time":2.527,"Actual Total Time":2.528,"Actual Rows":10000,"Actual Loops":1,"Output":["supplier.su_nationkey","supplier.su_suppkey"],"Hash Buckets":16384,"Original Hash Buckets":16384,"Hash Batches":1,"Original Hash Batches":1,"Peak Memory Usage":519,"Shared Hit Blocks":217,"Shared Read Blocks":0,"Shared Dirtied Blocks":0,"Shared Written Blocks":0,"Local Hit Blocks":0,"Local Read Blocks":0,"Local Dirtied Blocks":0,"Local Written Blocks":0,"Temp Read Blocks":0,"Temp Written Blocks":0,"I/O Read Time":0.0,"I/O Write Time":0.0,"Temp I/O Read Time":0.0,"Temp I/O Write Time":0.0,"Plans":[{"Node Type":"Seq Scan","Parent Relationship":"Outer","Parallel Aware":false,"Async Capable":false,"Relation Name":"supplier","Schema":"public","Alias":"supplier","Startup Cost":0.0,"Total Cost":317.0,"Plan Rows":10000,"Plan Width":8,"Actual Startup Time":0.012,"Actual Total Time":1.285,"Actual Rows":10000,"Actual Loops":1,"Output":["supplier.su_nationkey","supplier.su_suppkey"],"Shared Hit Blocks":217,"Shared Read Blocks":0,"Shared Dirtied Blocks":0,"Shared Written Blocks":0,"Local Hit Blocks":0,"Local Read Blocks":0,"Local Dirtied Blocks":0,"Local Written Blocks":0,"Temp Read Blocks":0,"Temp Written Blocks":0,"I/O Read Time":0.0,"I/O Write Time":0.0,"Temp I/O Read Time":0.0,"Temp I/O Write Time":0.0}]}]},{"Node Type":"Hash","Parent Relationship":"Inner","Parallel Aware":false,"Async Capable":false,"Startup Cost":1.93,"Total Cost":1.93,"Plan Rows":2,"Plan Width":12,"Actual Startup Time":0.035,"Actual Total Time":0.038,"Actual Rows":2,"Actual Loops":1,"Output":["n1.n_nationkey","n1.n_name"],"Hash Buckets":1024,"Original Hash Buckets":1024,"Hash Batches":1,"Original Hash Batches":1,"Peak Memory Usage":9,"Shared Hit Blocks":1,"Shared Read Blocks":0,"Shared Dirtied Blocks":0,"Shared Written Blocks":0,"Local Hit Blocks":0,"Local Read Blocks":0,"Local Dirtied Blocks":0,"Local Written Blocks":0,"Temp Read Blocks":0,"Temp Written Blocks":0,"I/O Read Time":0.0,"I/O Write Time":0.0,"Temp I/O Read Time":0.0,"Temp I/O Write Time":0.0,"Plans":[{"Node Type":"Seq Scan","Parent Relationship":"Outer","Parallel Aware":false,"Async Capable":false,"Relation Name":"nation","Schema":"public","Alias":"n1","Startup Cost":0.0,"Total Cost":1.93,"Plan Rows":2,"Plan Width":12,"Actual Startup Time":0.027,"Actual Total Time":0.032,"Actual Rows":2,"Actual Loops":1,"Output":["n1.n_nationkey","n1.n_name"],"Filter":"(((n1.n_name)::text = 'Germany'::text) OR ((n1.n_name)::text = 'Cambodia'::text))","Rows Removed by Filter":60,"Shared Hit Blocks":1,"Shared Read Blocks":0,"Shared Dirtied Blocks":0,"Shared Written Blocks":0,"Local Hit Blocks":0,"Local Read Blocks":0,"Local Dirtied Blocks":0,"Local Written Blocks":0,"Temp Read Blocks":0,"Temp Written Blocks":0,"I/O Read Time":0.0,"I/O Write Time":0.0,"Temp I/O Read Time":0.0,"Temp I/O Write Time":0.0}]}]}]}]},{"Node Type":"Hash","Parent Relationship":"Inner","Parallel Aware":false,"Async Capable":false,"Startup Cost":119121.6,"Total Cost":119121.6,"Plan Rows":5996324,"Plan Width":24,"Actual Startup Time":1813.198,"Actual Total Time":1813.199,"Actual Rows":5995789,"Actual Loops":1,"Output":["orders.o_entry_d","orders.o_w_id","orders.o_d_id","orders.o_id","orders.o_c_id"],"Hash Buckets":131072,"Original Hash Buckets":131072,"Hash Batches":64,"Original Hash Batches":64,"Peak Memory Usage":6496,"Shared Hit Blocks":44122,"Shared Read Blocks":0,"Shared Dirtied Blocks":0,"Shared Written Blocks":0,"Local Hit Blocks":0,"Local Read Blocks":0,"Local Dirtied Blocks":0,"Local Written Blocks":0,"Temp Read Blocks":0,"Temp Written Blocks":34552,"I/O Read Time":0.0,"I/O Write Time":0.0,"Temp I/O Read Time":0.0,"Temp I/O Write Time":157.885,"Plans":[{"Node Type":"Seq Scan","Parent Relationship":"Outer","Parallel Aware":false,"Async Capable":false,"Relation Name":"orders","Schema":"public","Alias":"orders","Startup Cost":0.0,"Total Cost":119121.6,"Plan Rows":5996324,"Plan Width":24,"Actual Startup Time":0.016,"Actual Total Time":733.351,"Actual Rows":5995789,"Actual Loops":1,"Output":["orders.o_entry_d","orders.o_w_id","orders.o_d_id","orders.o_id","orders.o_c_id"],"Filter":"(orders.o_entry_d >= '1992-01-02 20:10:02.27764'::timestamp without time zone)","Rows Removed by Filter":4211,"Shared Hit Blocks":44122,"Shared Read Blocks":0,"Shared Dirtied Blocks":0,"Shared Written Blocks":0,"Local Hit Blocks":0,"Local Read Blocks":0,"Local Dirtied Blocks":0,"Local Written Blocks":0,"Temp Read Blocks":0,"Temp Written Blocks":0,"I/O Read Time":0.0,"I/O Write Time":0.0,"Temp I/O Read Time":0.0,"Temp I/O Write Time":0.0}]}]}]},{"Node Type":"Materialize","Parent Relationship":"Inner","Parallel Aware":false,"Async Capable":false,"Startup Cost":46361.03,"Total Cost":47328.79,"Plan Rows":193553,"Plan Width":20,"Actual Startup Time":228.819,"Actual Total Time":301.568,"Actual Rows":293066,"Actual Loops":1,"Output":["customer.c_nationkey","customer.c_id","customer.c_w_id","customer.c_d_id","n2.n_name"],"Shared Hit Blocks":0,"Shared Read Blocks":0,"Shared Dirtied Blocks":0,"Shared Written Blocks":0,"Local Hit Blocks":0,"Local Read Blocks":0,"Local Dirtied Blocks":0,"Local Written Blocks":0,"Temp Read Blocks":1090,"Temp Written Blocks":1096,"I/O Read Time":0.0,"I/O Write Time":0.0,"Temp I/O Read Time":1.337,"Temp I/O Write Time":4.367,"Plans":[{"Node Type":"Sort","Parent Relationship":"Outer","Parallel Aware":false,"Async Capable":false,"Startup Cost":46361.03,"Total Cost":46844.91,"Plan Rows":193553,"Plan Width":20,"Actual Startup Time":228.813,"Actual Total Time":269.607,"Actual Rows":289967,"Actual Loops":1,"Output":["customer.c_nationkey","customer.c_id","customer.c_w_id","customer.c_d_id","n2.n_name"],"Sort Key":["customer.c_id","customer.c_w_id","customer.c_d_id"],"Sort Method":"external merge","Sort Space Used":8720,"Sort Space Type":"Disk","Shared Hit Blocks":0,"Shared Read Blocks":0,"Shared Dirtied Blocks":0,"Shared Written Blocks":0,"Local Hit Blocks":0,"Local Read Blocks":0,"Local Dirtied Blocks":0,"Local Written Blocks":0,"Temp Read Blocks":1090,"Temp Written Blocks":1096,"I/O Read Time":0.0,"I/O Write Time":0.0,"Temp I/O Read Time":1.337,"Temp I/O Write Time":4.367,"Plans":[{"Node Type":"Hash Join","Parent Relationship":"Outer","Parallel Aware":false,"Async Capable":false,"Join Type":"Inner","Startup Cost":44.04,"Total Cost":25392.28,"Plan Rows":193553,"Plan Width":20,"Actual Startup Time":26.162,"Actual Total Time":132.833,"Actual Rows":289972,"Actual Loops":1,"Output":["customer.c_nationkey","customer.c_id","customer.c_w_id","customer.c_d_id","n2.n_name"],"Hash Cond":"(customer.c_nationkey = n2.n_nationkey)","Rows Removed by Bloom Filter":18000190,"Shared Hit Blocks":0,"Shared Read Blocks":0,"Shared Dirtied Blocks":0,"Shared Written Blocks":0,"Local Hit Blocks":0,"Local Read Blocks":0,"Local Dirtied Blocks":0,"Local Written Blocks":0,"Temp Read Blocks":0,"Temp Written Blocks":0,"I/O Read Time":0.0,"I/O Write Time":0.0,"Temp I/O Read Time":0.0,"Temp I/O Write Time":0.0,"Plans":[{"Node Type":"Append","Parent Relationship":"Outer","Parallel Aware":false,"Async Capable":false,"Startup Cost":20.0,"Total Cost":141025.46,"Plan Rows":6000140,"Plan Width":12,"Actual Startup Time":0.253,"Actual Total Time":0.253,"Actual Rows":6000000,"Actual Loops":1,"Shared Hit Blocks":0,"Shared Read Blocks":0,"Shared Dirtied Blocks":0,"Shared Written Blocks":0,"Local Hit Blocks":0,"Local Read Blocks":0,"Local Dirtied Blocks":0,"Local Written Blocks":0,"Temp Read Blocks":0,"Temp Written Blocks":0,"I/O Read Time":0.0,"I/O Write Time":0.0,"Temp I/O Read Time":0.0,"Temp I/O Write Time":0.0,"Subplans Removed":0,"Plans":[{"Node Type":"Custom Scan","Parent Relationship":"Member","Custom Plan Provider":"columnar scan","Parallel Aware":false,"Async Capable":false,"Relation Name":"customer","Schema":"public","Alias":"customer","Startup Cost":20.0,"Total Cost":141020.06,"Plan Rows":6000000,"Plan Width":12,"Actual Startup Time":0.251,"Actual Total Time":0.252,"Actual Rows":6000000,"Actual Loops":1,"Output":["customer.c_nationkey","customer.c_id","customer.c_w_id","customer.c_d_id"],"Rows Removed by Columnar Filter":0,"Columnar cache search mode":"native","Shared Hit Blocks":0,"Shared Read Blocks":0,"Shared Dirtied Blocks":0,"Shared Written Blocks":0,"Local Hit Blocks":0,"Local Read Blocks":0,"Local Dirtied Blocks":0,"Local Written Blocks":0,"Temp Read Blocks":0,"Temp Written Blocks":0,"I/O Read Time":0.0,"I/O Write Time":0.0,"Temp I/O Read Time":0.0,"Temp I/O Write Time":0.0},{"Node Type":"Seq Scan","Parent Relationship":"Member","Parallel Aware":false,"Async Capable":false,"Relation Name":"customer","Schema":"public","Alias":"customer","Startup Cost":0.0,"Total Cost":5.4,"Plan Rows":140,"Plan Width":12,"Actual Startup Time":0.0,"Actual Total Time":0.0,"Actual Rows":0,"Actual Loops":0,"Output":["customer.c_nationkey","customer.c_id","customer.c_w_id","customer.c_d_id"],"Shared Hit Blocks":0,"Shared Read Blocks":0,"Shared Dirtied Blocks":0,"Shared Written Blocks":0,"Local Hit Blocks":0,"Local Read Blocks":0,"Local Dirtied Blocks":0,"Local Written Blocks":0,"Temp Read Blocks":0,"Temp Written Blocks":0,"I/O Read Time":0.0,"I/O Write Time":0.0,"Temp I/O Read Time":0.0,"Temp I/O Write Time":0.0}]},{"Node Type":"Hash","Parent Relationship":"Inner","Parallel Aware":false,"Async Capable":false,"Startup Cost":24.07,"Total Cost":24.07,"Plan Rows":3,"Plan Width":12,"Actual Rows":2,"Actual Loops":1,"Output":["n2.n_nationkey","n2.n_name"],"Shared Hit Blocks":0,"Shared Read Blocks":0,"Shared Dirtied Blocks":0,"Shared Written Blocks":0,"Local Hit Blocks":0,"Local Read Blocks":0,"Local Dirtied Blocks":0,"Local Written Blocks":0,"Temp Read Blocks":0,"Temp Written Blocks":0,"I/O Read Time":0.0,"I/O Write Time":0.0,"Temp I/O Read Time":0.0,"Temp I/O Write Time":0.0,"Plans":[{"Node Type":"Append","Parent Relationship":"Outer","Parallel Aware":false,"Async Capable":false,"Startup Cost":20.0,"Total Cost":24.07,"Plan Rows":3,"Plan Width":12,"Actual Startup Time":0.087,"Actual Total Time":0.089,"Actual Rows":2,"Actual Loops":1,"Shared Hit Blocks":0,"Shared Read Blocks":0,"Shared Dirtied Blocks":0,"Shared Written Blocks":0,"Local Hit Blocks":0,"Local Read Blocks":0,"Local Dirtied Blocks":0,"Local Written Blocks":0,"Temp Read Blocks":0,"Temp Written Blocks":0,"I/O Read Time":0.0,"I/O Write Time":0.0,"Temp I/O Read Time":0.0,"Temp I/O Write Time":0.0,"Subplans Removed":0,"Plans":[{"Node Type":"Custom Scan","Parent Relationship":"Member","Custom Plan Provider":"columnar scan","Parallel Aware":false,"Async Capable":false,"Relation Name":"nation","Schema":"public","Alias":"n2","Startup Cost":20.0,"Total Cost":20.05,"Plan Rows":2,"Plan Width":12,"Actual Startup Time":0.084,"Actual Total Time":0.085,"Actual Rows":2,"Actual Loops":1,"Output":["n2.n_nationkey","n2.n_name"],"Filter":"(((n2.n_name)::text = 'Cambodia'::text) OR ((n2.n_name)::text = 'Germany'::text))","Rows Removed by Filter":0,"Rows Removed by Columnar Filter":60,"Columnar cache search mode":"native","Shared Hit Blocks":0,"Shared Read Blocks":0,"Shared Dirtied Blocks":0,"Shared Written Blocks":0,"Local Hit Blocks":0,"Local Read Blocks":0,"Local Dirtied Blocks":0,"Local Written Blocks":0,"Temp Read Blocks":0,"Temp Written Blocks":0,"I/O Read Time":0.0,"I/O Write Time":0.0,"Temp I/O Read Time":0.0,"Temp I/O Write Time":0.0},{"Node Type":"Seq Scan","Parent Relationship":"Member","Parallel Aware":false,"Async Capable":false,"Relation Name":"nation","Schema":"public","Alias":"n2","Startup Cost":0.0,"Total Cost":4.01,"Plan Rows":1,"Plan Width":12,"Actual Startup Time":0.0,"Actual Total Time":0.0,"Actual Rows":0,"Actual Loops":0,"Output":["n2.n_nationkey","n2.n_name"],"Filter":"(((n2.n_name)::text = 'Cambodia'::text) OR ((n2.n_name)::text = 'Germany'::text))","Rows Removed by Filter":0,"Shared Hit Blocks":0,"Shared Read Blocks":0,"Shared Dirtied Blocks":0,"Shared Written Blocks":0,"Local Hit Blocks":0,"Local Read Blocks":0,"Local Dirtied Blocks":0,"Local Written Blocks":0,"Temp Read Blocks":0,"Temp Written Blocks":0,"I/O Read Time":0.0,"I/O Write Time":0.0,"Temp I/O Read Time":0.0,"Temp I/O Write Time":0.0}]}]}]}]}]}]}]}]},"Planning":{"Shared Hit Blocks":152,"Shared Read Blocks":0,"Shared Dirtied Blocks":0,"Shared Written Blocks":0,"Local Hit Blocks":0,"Local Read Blocks":0,"Local Dirtied Blocks":0,"Local Written Blocks":0,"Temp Read Blocks":0,"Temp Written Blocks":0,"I/O Read Time":0.0,"I/O Write Time":0.0,"Temp I/O Read Time":0.0,"Temp I/O Write Time":0.0},"Planning Time":3.603,"Triggers":[],"Execution Time":21006.947}]
[列存组合]: customer, nation, orders
[{"Plan":{"Node Type":"Aggregate","Strategy":"Sorted","Partial Mode":"Simple","Parallel Aware":false,"Async Capable":false,"Startup Cost":3269534.3,"Total Cost":3269789.11,"Plan Rows":9266,"Plan Width":72,"Actual Startup Time":21579.79,"Actual Total Time":21582.347,"Actual Rows":6,"Actual Loops":1,"Output":["supplier.su_nationkey","customer.c_nationkey","(EXTRACT(year FROM orders.o_entry_d))","sum(order_line.ol_amount)"],"Group Key":["supplier.su_nationkey","customer.c_nationkey","(EXTRACT(year FROM orders.o_entry_d))"],"Shared Hit Blocks":780761,"Shared Read Blocks":0,"Shared Dirtied Blocks":0,"Shared Written Blocks":0,"Local Hit Blocks":0,"Local Read Blocks":0,"Local Dirtied Blocks":0,"Local Written Blocks":0,"Temp Read Blocks":124799,"Temp Written Blocks":124817,"I/O Read Time":0.0,"I/O Write Time":0.0,"Temp I/O Read Time":231.536,"Temp I/O Write Time":543.54,"Plans":[{"Node Type":"Sort","Parent Relationship":"Outer","Parallel Aware":false,"Async Capable":false,"Startup Cost":3269534.3,"Total Cost":3269557.46,"Plan Rows":9266,"Plan Width":44,"Actual Startup Time":21579.681,"Actual Total Time":21580.21,"Actual Rows":12121,"Actual Loops":1,"Output":["supplier.su_nationkey","customer.c_nationkey","(EXTRACT(year FROM orders.o_entry_d))","order_line.ol_amount"],"Sort Key":["supplier.su_nationkey","customer.c_nationkey","(EXTRACT(year FROM orders.o_entry_d))"],"Sort Method":"quicksort","Sort Space Used":1047,"Sort Space Type":"Memory","Shared Hit Blocks":780761,"Shared Read Blocks":0,"Shared Dirtied Blocks":0,"Shared Written Blocks":0,"Local Hit Blocks":0,"Local Read Blocks":0,"Local Dirtied Blocks":0,"Local Written Blocks":0,"Temp Read Blocks":124799,"Temp Written Blocks":124817,"I/O Read Time":0.0,"I/O Write Time":0.0,"Temp I/O Read Time":231.536,"Temp I/O Write Time":543.54,"Plans":[{"Node Type":"Merge Join","Parent Relationship":"Outer","Parallel Aware":false,"Async Capable":false,"Join Type":"Inner","Startup Cost":3260463.95,"Total Cost":3268923.78,"Plan Rows":9266,"Plan Width":44,"Actual Startup Time":21132.707,"Actual Total Time":21576.237,"Actual Rows":12121,"Actual Loops":1,"Output":["supplier.su_nationkey","customer.c_nationkey","EXTRACT(year FROM orders.o_entry_d)","order_line.ol_amount"],"Merge Cond":"((orders.o_c_id = customer.c_id) AND (order_line.ol_w_id = customer.c_w_id) AND (order_line.ol_d_id = customer.c_d_id))","Join Filter":"((((n1.n_name)::text = 'Germany'::text) AND ((n2.n_name)::text = 'Cambodia'::text)) OR (((n1.n_name)::text = 'Cambodia'::text) AND ((n2.n_name)::text = 'Germany'::text)))","Rows Removed by Join Filter":11453,"Shared Hit Blocks":780761,"Shared Read Blocks":0,"Shared Dirtied Blocks":0,"Shared Written Blocks":0,"Local Hit Blocks":0,"Local Read Blocks":0,"Local Dirtied Blocks":0,"Local Written Blocks":0,"Temp Read Blocks":124799,"Temp Written Blocks":124817,"I/O Read Time":0.0,"I/O Write Time":0.0,"Temp I/O Read Time":231.536,"Temp I/O Write Time":543.54,"Plans":[{"Node Type":"Sort","Parent Relationship":"Outer","Parallel Aware":false,"Async Capable":false,"Startup Cost":3214102.73,"Total Cost":3215516.13,"Plan Rows":565362,"Plan Width":36,"Actual Startup Time":20835.703,"Actual Total Time":21060.053,"Actual Rows":485009,"Actual Loops":1,"Output":["supplier.su_nationkey","order_line.ol_amount","order_line.ol_w_id","order_line.ol_d_id","orders.o_entry_d","orders.o_w_id","orders.o_d_id","orders.o_c_id","n1.n_name"],"Sort Key":["orders.o_c_id","order_line.ol_w_id","order_line.ol_d_id"],"Sort Method":"external merge","Sort Space Used":24000,"Sort Space Type":"Disk","Shared Hit Blocks":780761,"Shared Read Blocks":0,"Shared Dirtied Blocks":0,"Shared Written Blocks":0,"Local Hit Blocks":0,"Local Read Blocks":0,"Local Dirtied Blocks":0,"Local Written Blocks":0,"Temp Read Blocks":123709,"Temp Written Blocks":123721,"I/O Read Time":0.0,"I/O Write Time":0.0,"Temp I/O Read Time":229.196,"Temp I/O Write Time":536.033,"Plans":[{"Node Type":"Hash Join","Parent Relationship":"Outer","Parallel Aware":false,"Async Capable":false,"Join Type":"Inner","Startup Cost":906075.03,"Total Cost":3144626.23,"Plan Rows":565362,"Plan Width":36,"Actual Startup Time":8510.459,"Actual Total Time":20439.16,"Actual Rows":485009,"Actual Loops":1,"Output":["supplier.su_nationkey","order_line.ol_amount","order_line.ol_w_id","order_line.ol_d_id","orders.o_entry_d","orders.o_w_id","orders.o_d_id","orders.o_c_id","n1.n_name"],"Hash Cond":"((order_line.ol_w_id = orders.o_w_id) AND (order_line.ol_d_id = orders.o_d_id) AND (order_line.ol_o_id = orders.o_id))","Shared Hit Blocks":780761,"Shared Read Blocks":0,"Shared Dirtied Blocks":0,"Shared Written Blocks":0,"Local Hit Blocks":0,"Local Read Blocks":0,"Local Dirtied Blocks":0,"Local Written Blocks":0,"Temp Read Blocks":120709,"Temp Written Blocks":120709,"I/O Read Time":0.0,"I/O Write Time":0.0,"Temp I/O Read Time":222.497,"Temp I/O Write Time":517.441,"Plans":[{"Node Type":"Hash Join","Parent Relationship":"Outer","Parallel Aware":false,"Async Capable":false,"Join Type":"Inner","Startup Cost":646882.76,"Total Cost":2838108.04,"Plan Rows":565705,"Plan Width":28,"Actual Startup Time":6695.892,"Actual Total Time":17531.461,"Actual Rows":485009,"Actual Loops":1,"Output":["supplier.su_nationkey","order_line.ol_amount","order_line.ol_w_id","order_line.ol_d_id","order_line.ol_o_id","n1.n_name"],"Hash Cond":"((order_line.ol_supply_w_id = stock.s_w_id) AND (order_line.ol_i_id = stock.s_i_id))","Shared Hit Blocks":736639,"Shared Read Blocks":0,"Shared Dirtied Blocks":0,"Shared Written Blocks":0,"Local Hit Blocks":0,"Local Read Blocks":0,"Local Dirtied Blocks":0,"Local Written Blocks":0,"Temp Read Blocks":83003,"Temp Written Blocks":83003,"I/O Read Time":0.0,"I/O Write Time":0.0,"Temp I/O Read Time":123.349,"Temp I/O Write Time":344.359,"Plans":[{"Node Type":"Seq Scan","Parent Relationship":"Outer","Parallel Aware":false,"Async Capable":false,"Relation Name":"order_line","Schema":"public","Alias":"order_line","Startup Cost":0.0,"Total Cost":1581655.36,"Plan Rows":17536869,"Plan Width":22,"Actual Startup Time":6.524,"Actual Total Time":5713.974,"Actual Rows":17139931,"Actual Loops":1,"Output":["order_line.ol_amount","order_line.ol_supply_w_id","order_line.ol_i_id","order_line.ol_w_id","order_line.ol_d_id","order_line.ol_o_id"],"Filter":"((order_line.ol_delivery_d >= '1995-01-02 20:10:02.27764'::timestamp without time zone) AND (order_line.ol_delivery_d <= '1997-01-01 20:10:02.27764'::timestamp without time zone))","Rows Removed by Filter":42853830,"Shared Hit Blocks":681748,"Shared Read Blocks":0,"Shared Dirtied Blocks":0,"Shared Written Blocks":0,"Local Hit Blocks":0,"Local Read Blocks":0,"Local Dirtied Blocks":0,"Local Written Blocks":0,"Temp Read Blocks":0,"Temp Written Blocks":0,"I/O Read Time":0.0,"I/O Write Time":0.0,"Temp I/O Read Time":0.0,"Temp I/O Write Time":0.0},{"Node Type":"Hash","Parent Relationship":"Inner","Parallel Aware":false,"Async Capable":false,"Startup Cost":633424.24,"Total Cost":633424.24,"Plan Rows":645168,"Plan Width":18,"Actual Startup Time":6688.792,"Actual Total Time":6688.801,"Actual Rows":566400,"Actual Loops":1,"Output":["supplier.su_nationkey","stock.s_w_id","stock.s_i_id","n1.n_name"],"Hash Buckets":131072,"Original Hash Buckets":131072,"Hash Batches":8,"Original Hash Batches":8,"Peak Memory Usage":4646,"Shared Hit Blocks":54891,"Shared Read Blocks":0,"Shared Dirtied Blocks":0,"Shared Written Blocks":0,"Local Hit Blocks":0,"Local Read Blocks":0,"Local Dirtied Blocks":0,"Local Written Blocks":0,"Temp Read Blocks":0,"Temp Written Blocks":2445,"I/O Read Time":0.0,"I/O Write Time":0.0,"Temp I/O Read Time":0.0,"Temp I/O Write Time":12.638,"Plans":[{"Node Type":"Hash Join","Parent Relationship":"Outer","Parallel Aware":false,"Async Capable":false,"Join Type":"Inner","Startup Cost":444.39,"Total Cost":633424.24,"Plan Rows":645168,"Plan Width":18,"Actual Startup Time":2.633,"Actual Total Time":6582.082,"Actual Rows":566400,"Actual Loops":1,"Output":["supplier.su_nationkey","stock.s_w_id","stock.s_i_id","n1.n_name"],"Hash Cond":"(supplier.su_nationkey = n1.n_nationkey)","Shared Hit Blocks":54891,"Shared Read Blocks":0,"Shared Dirtied Blocks":0,"Shared Written Blocks":0,"Local Hit Blocks":0,"Local Read Blocks":0,"Local Dirtied Blocks":0,"Local Written Blocks":0,"Temp Read Blocks":0,"Temp Written Blocks":0,"I/O Read Time":0.0,"I/O Write Time":0.0,"Temp I/O Read Time":0.0,"Temp I/O Write Time":0.0,"Plans":[{"Node Type":"Hash Join","Parent Relationship":"Outer","Parallel Aware":false,"Async Capable":false,"Join Type":"Inner","Startup Cost":442.44,"Total Cost":577332.98,"Plan Rows":20000212,"Plan Width":10,"Actual Startup Time":2.591,"Actual Total Time":5283.842,"Actual Rows":20000000,"Actual Loops":1,"Output":["supplier.su_nationkey","stock.s_w_id","stock.s_i_id"],"Hash Cond":"(mod((stock.s_w_id * stock.s_i_id), 10000) = supplier.su_suppkey)","Shared Hit Blocks":54890,"Shared Read Blocks":0,"Shared Dirtied Blocks":0,"Shared Written Blocks":0,"Local Hit Blocks":0,"Local Read Blocks":0,"Local Dirtied Blocks":0,"Local Written Blocks":0,"Temp Read Blocks":0,"Temp Written Blocks":0,"I/O Read Time":0.0,"I/O Write Time":0.0,"Temp I/O Read Time":0.0,"Temp I/O Write Time":0.0,"Plans":[{"Node Type":"Index Only Scan","Parent Relationship":"Outer","Parallel Aware":false,"Async Capable":false,"Scan Direction":"Forward","Index Name":"stock_pk","Relation Name":"stock","Schema":"public","Alias":"stock","Startup Cost":0.44,"Total Cost":519363.62,"Plan Rows":20000212,"Plan Width":6,"Actual Startup Time":0.034,"Actual Total Time":1558.724,"Actual Rows":20000000,"Actual Loops":1,"Output":["stock.s_w_id","stock.s_i_id"],"Heap Fetches":0,"Shared Hit Blocks":54673,"Shared Read Blocks":0,"Shared Dirtied Blocks":0,"Shared Written Blocks":0,"Local Hit Blocks":0,"Local Read Blocks":0,"Local Dirtied Blocks":0,"Local Written Blocks":0,"Temp Read Blocks":0,"Temp Written Blocks":0,"I/O Read Time":0.0,"I/O Write Time":0.0,"Temp I/O Read Time":0.0,"Temp I/O Write Time":0.0},{"Node Type":"Hash","Parent Relationship":"Inner","Parallel Aware":false,"Async Capable":false,"Startup Cost":317.0,"Total Cost":317.0,"Plan Rows":10000,"Plan Width":8,"Actual Startup Time":2.503,"Actual Total Time":2.504,"Actual Rows":10000,"Actual Loops":1,"Output":["supplier.su_nationkey","supplier.su_suppkey"],"Hash Buckets":16384,"Original Hash Buckets":16384,"Hash Batches":1,"Original Hash Batches":1,"Peak Memory Usage":519,"Shared Hit Blocks":217,"Shared Read Blocks":0,"Shared Dirtied Blocks":0,"Shared Written Blocks":0,"Local Hit Blocks":0,"Local Read Blocks":0,"Local Dirtied Blocks":0,"Local Written Blocks":0,"Temp Read Blocks":0,"Temp Written Blocks":0,"I/O Read Time":0.0,"I/O Write Time":0.0,"Temp I/O Read Time":0.0,"Temp I/O Write Time":0.0,"Plans":[{"Node Type":"Seq Scan","Parent Relationship":"Outer","Parallel Aware":false,"Async Capable":false,"Relation Name":"supplier","Schema":"public","Alias":"supplier","Startup Cost":0.0,"Total Cost":317.0,"Plan Rows":10000,"Plan Width":8,"Actual Startup Time":0.014,"Actual Total Time":1.29,"Actual Rows":10000,"Actual Loops":1,"Output":["supplier.su_nationkey","supplier.su_suppkey"],"Shared Hit Blocks":217,"Shared Read Blocks":0,"Shared Dirtied Blocks":0,"Shared Written Blocks":0,"Local Hit Blocks":0,"Local Read Blocks":0,"Local Dirtied Blocks":0,"Local Written Blocks":0,"Temp Read Blocks":0,"Temp Written Blocks":0,"I/O Read Time":0.0,"I/O Write Time":0.0,"Temp I/O Read Time":0.0,"Temp I/O Write Time":0.0}]}]},{"Node Type":"Hash","Parent Relationship":"Inner","Parallel Aware":false,"Async Capable":false,"Startup Cost":1.93,"Total Cost":1.93,"Plan Rows":2,"Plan Width":12,"Actual Startup Time":0.028,"Actual Total Time":0.03,"Actual Rows":2,"Actual Loops":1,"Output":["n1.n_nationkey","n1.n_name"],"Hash Buckets":1024,"Original Hash Buckets":1024,"Hash Batches":1,"Original Hash Batches":1,"Peak Memory Usage":9,"Shared Hit Blocks":1,"Shared Read Blocks":0,"Shared Dirtied Blocks":0,"Shared Written Blocks":0,"Local Hit Blocks":0,"Local Read Blocks":0,"Local Dirtied Blocks":0,"Local Written Blocks":0,"Temp Read Blocks":0,"Temp Written Blocks":0,"I/O Read Time":0.0,"I/O Write Time":0.0,"Temp I/O Read Time":0.0,"Temp I/O Write Time":0.0,"Plans":[{"Node Type":"Seq Scan","Parent Relationship":"Outer","Parallel Aware":false,"Async Capable":false,"Relation Name":"nation","Schema":"public","Alias":"n1","Startup Cost":0.0,"Total Cost":1.93,"Plan Rows":2,"Plan Width":12,"Actual Startup Time":0.019,"Actual Total Time":0.024,"Actual Rows":2,"Actual Loops":1,"Output":["n1.n_nationkey","n1.n_name"],"Filter":"(((n1.n_name)::text = 'Germany'::text) OR ((n1.n_name)::text = 'Cambodia'::text))","Rows Removed by Filter":60,"Shared Hit Blocks":1,"Shared Read Blocks":0,"Shared Dirtied Blocks":0,"Shared Written Blocks":0,"Local Hit Blocks":0,"Local Read Blocks":0,"Local Dirtied Blocks":0,"Local Written Blocks":0,"Temp Read Blocks":0,"Temp Written Blocks":0,"I/O Read Time":0.0,"I/O Write Time":0.0,"Temp I/O Read Time":0.0,"Temp I/O Write Time":0.0}]}]}]}]},{"Node Type":"Hash","Parent Relationship":"Inner","Parallel Aware":false,"Async Capable":false,"Startup Cost":119121.6,"Total Cost":119121.6,"Plan Rows":5996324,"Plan Width":24,"Actual Startup Time":1803.727,"Actual Total Time":1803.727,"Actual Rows":5995789,"Actual Loops":1,"Output":["orders.o_entry_d","orders.o_w_id","orders.o_d_id","orders.o_id","orders.o_c_id"],"Hash Buckets":131072,"Original Hash Buckets":131072,"Hash Batches":64,"Original Hash Batches":64,"Peak Memory Usage":6496,"Shared Hit Blocks":44122,"Shared Read Blocks":0,"Shared Dirtied Blocks":0,"Shared Written Blocks":0,"Local Hit Blocks":0,"Local Read Blocks":0,"Local Dirtied Blocks":0,"Local Written Blocks":0,"Temp Read Blocks":0,"Temp Written Blocks":34552,"I/O Read Time":0.0,"I/O Write Time":0.0,"Temp I/O Read Time":0.0,"Temp I/O Write Time":153.818,"Plans":[{"Node Type":"Seq Scan","Parent Relationship":"Outer","Parallel Aware":false,"Async Capable":false,"Relation Name":"orders","Schema":"public","Alias":"orders","Startup Cost":0.0,"Total Cost":119121.6,"Plan Rows":5996324,"Plan Width":24,"Actual Startup Time":0.015,"Actual Total Time":730.286,"Actual Rows":5995789,"Actual Loops":1,"Output":["orders.o_entry_d","orders.o_w_id","orders.o_d_id","orders.o_id","orders.o_c_id"],"Filter":"(orders.o_entry_d >= '1992-01-02 20:10:02.27764'::timestamp without time zone)","Rows Removed by Filter":4211,"Shared Hit Blocks":44122,"Shared Read Blocks":0,"Shared Dirtied Blocks":0,"Shared Written Blocks":0,"Local Hit Blocks":0,"Local Read Blocks":0,"Local Dirtied Blocks":0,"Local Written Blocks":0,"Temp Read Blocks":0,"Temp Written Blocks":0,"I/O Read Time":0.0,"I/O Write Time":0.0,"Temp I/O Read Time":0.0,"Temp I/O Write Time":0.0}]}]}]},{"Node Type":"Materialize","Parent Relationship":"Inner","Parallel Aware":false,"Async Capable":false,"Startup Cost":46361.03,"Total Cost":47328.79,"Plan Rows":193553,"Plan Width":20,"Actual Startup Time":296.939,"Actual Total Time":391.194,"Actual Rows":293066,"Actual Loops":1,"Output":["customer.c_nationkey","customer.c_id","customer.c_w_id","customer.c_d_id","n2.n_name"],"Shared Hit Blocks":0,"Shared Read Blocks":0,"Shared Dirtied Blocks":0,"Shared Written Blocks":0,"Local Hit Blocks":0,"Local Read Blocks":0,"Local Dirtied Blocks":0,"Local Written Blocks":0,"Temp Read Blocks":1090,"Temp Written Blocks":1096,"I/O Read Time":0.0,"I/O Write Time":0.0,"Temp I/O Read Time":2.341,"Temp I/O Write Time":7.507,"Plans":[{"Node Type":"Sort","Parent Relationship":"Outer","Parallel Aware":false,"Async Capable":false,"Startup Cost":46361.03,"Total Cost":46844.91,"Plan Rows":193553,"Plan Width":20,"Actual Startup Time":296.928,"Actual Total Time":350.067,"Actual Rows":289967,"Actual Loops":1,"Output":["customer.c_nationkey","customer.c_id","customer.c_w_id","customer.c_d_id","n2.n_name"],"Sort Key":["customer.c_id","customer.c_w_id","customer.c_d_id"],"Sort Method":"external merge","Sort Space Used":8720,"Sort Space Type":"Disk","Shared Hit Blocks":0,"Shared Read Blocks":0,"Shared Dirtied Blocks":0,"Shared Written Blocks":0,"Local Hit Blocks":0,"Local Read Blocks":0,"Local Dirtied Blocks":0,"Local Written Blocks":0,"Temp Read Blocks":1090,"Temp Written Blocks":1096,"I/O Read Time":0.0,"I/O Write Time":0.0,"Temp I/O Read Time":2.341,"Temp I/O Write Time":7.507,"Plans":[{"Node Type":"Hash Join","Parent Relationship":"Outer","Parallel Aware":false,"Async Capable":false,"Join Type":"Inner","Startup Cost":44.04,"Total Cost":25392.28,"Plan Rows":193553,"Plan Width":20,"Actual Startup Time":26.709,"Actual Total Time":144.164,"Actual Rows":289972,"Actual Loops":1,"Output":["customer.c_nationkey","customer.c_id","customer.c_w_id","customer.c_d_id","n2.n_name"],"Hash Cond":"(customer.c_nationkey = n2.n_nationkey)","Rows Removed by Bloom Filter":18000190,"Shared Hit Blocks":0,"Shared Read Blocks":0,"Shared Dirtied Blocks":0,"Shared Written Blocks":0,"Local Hit Blocks":0,"Local Read Blocks":0,"Local Dirtied Blocks":0,"Local Written Blocks":0,"Temp Read Blocks":0,"Temp Written Blocks":0,"I/O Read Time":0.0,"I/O Write Time":0.0,"Temp I/O Read Time":0.0,"Temp I/O Write Time":0.0,"Plans":[{"Node Type":"Append","Parent Relationship":"Outer","Parallel Aware":false,"Async Capable":false,"Startup Cost":20.0,"Total Cost":141025.46,"Plan Rows":6000140,"Plan Width":12,"Actual Startup Time":0.452,"Actual Total Time":0.454,"Actual Rows":6000000,"Actual Loops":1,"Shared Hit Blocks":0,"Shared Read Blocks":0,"Shared Dirtied Blocks":0,"Shared Written Blocks":0,"Local Hit Blocks":0,"Local Read Blocks":0,"Local Dirtied Blocks":0,"Local Written Blocks":0,"Temp Read Blocks":0,"Temp Written Blocks":0,"I/O Read Time":0.0,"I/O Write Time":0.0,"Temp I/O Read Time":0.0,"Temp I/O Write Time":0.0,"Subplans Removed":0,"Plans":[{"Node Type":"Custom Scan","Parent Relationship":"Member","Custom Plan Provider":"columnar scan","Parallel Aware":false,"Async Capable":false,"Relation Name":"customer","Schema":"public","Alias":"customer","Startup Cost":20.0,"Total Cost":141020.06,"Plan Rows":6000000,"Plan Width":12,"Actual Startup Time":0.451,"Actual Total Time":0.452,"Actual Rows":6000000,"Actual Loops":1,"Output":["customer.c_nationkey","customer.c_id","customer.c_w_id","customer.c_d_id"],"Rows Removed by Columnar Filter":0,"Columnar cache search mode":"native","Shared Hit Blocks":0,"Shared Read Blocks":0,"Shared Dirtied Blocks":0,"Shared Written Blocks":0,"Local Hit Blocks":0,"Local Read Blocks":0,"Local Dirtied Blocks":0,"Local Written Blocks":0,"Temp Read Blocks":0,"Temp Written Blocks":0,"I/O Read Time":0.0,"I/O Write Time":0.0,"Temp I/O Read Time":0.0,"Temp I/O Write Time":0.0},{"Node Type":"Seq Scan","Parent Relationship":"Member","Parallel Aware":false,"Async Capable":false,"Relation Name":"customer","Schema":"public","Alias":"customer","Startup Cost":0.0,"Total Cost":5.4,"Plan Rows":140,"Plan Width":12,"Actual Startup Time":0.0,"Actual Total Time":0.0,"Actual Rows":0,"Actual Loops":0,"Output":["customer.c_nationkey","customer.c_id","customer.c_w_id","customer.c_d_id"],"Shared Hit Blocks":0,"Shared Read Blocks":0,"Shared Dirtied Blocks":0,"Shared Written Blocks":0,"Local Hit Blocks":0,"Local Read Blocks":0,"Local Dirtied Blocks":0,"Local Written Blocks":0,"Temp Read Blocks":0,"Temp Written Blocks":0,"I/O Read Time":0.0,"I/O Write Time":0.0,"Temp I/O Read Time":0.0,"Temp I/O Write Time":0.0}]},{"Node Type":"Hash","Parent Relationship":"Inner","Parallel Aware":false,"Async Capable":false,"Startup Cost":24.07,"Total Cost":24.07,"Plan Rows":3,"Plan Width":12,"Actual Rows":2,"Actual Loops":1,"Output":["n2.n_nationkey","n2.n_name"],"Shared Hit Blocks":0,"Shared Read Blocks":0,"Shared Dirtied Blocks":0,"Shared Written Blocks":0,"Local Hit Blocks":0,"Local Read Blocks":0,"Local Dirtied Blocks":0,"Local Written Blocks":0,"Temp Read Blocks":0,"Temp Written Blocks":0,"I/O Read Time":0.0,"I/O Write Time":0.0,"Temp I/O Read Time":0.0,"Temp I/O Write Time":0.0,"Plans":[{"Node Type":"Append","Parent Relationship":"Outer","Parallel Aware":false,"Async Capable":false,"Startup Cost":20.0,"Total Cost":24.07,"Plan Rows":3,"Plan Width":12,"Actual Startup Time":0.151,"Actual Total Time":0.152,"Actual Rows":2,"Actual Loops":1,"Shared Hit Blocks":0,"Shared Read Blocks":0,"Shared Dirtied Blocks":0,"Shared Written Blocks":0,"Local Hit Blocks":0,"Local Read Blocks":0,"Local Dirtied Blocks":0,"Local Written Blocks":0,"Temp Read Blocks":0,"Temp Written Blocks":0,"I/O Read Time":0.0,"I/O Write Time":0.0,"Temp I/O Read Time":0.0,"Temp I/O Write Time":0.0,"Subplans Removed":0,"Plans":[{"Node Type":"Custom Scan","Parent Relationship":"Member","Custom Plan Provider":"columnar scan","Parallel Aware":false,"Async Capable":false,"Relation Name":"nation","Schema":"public","Alias":"n2","Startup Cost":20.0,"Total Cost":20.05,"Plan Rows":2,"Plan Width":12,"Actual Startup Time":0.146,"Actual Total Time":0.146,"Actual Rows":2,"Actual Loops":1,"Output":["n2.n_nationkey","n2.n_name"],"Filter":"(((n2.n_name)::text = 'Cambodia'::text) OR ((n2.n_name)::text = 'Germany'::text))","Rows Removed by Filter":0,"Rows Removed by Columnar Filter":60,"Columnar cache search mode":"native","Shared Hit Blocks":0,"Shared Read Blocks":0,"Shared Dirtied Blocks":0,"Shared Written Blocks":0,"Local Hit Blocks":0,"Local Read Blocks":0,"Local Dirtied Blocks":0,"Local Written Blocks":0,"Temp Read Blocks":0,"Temp Written Blocks":0,"I/O Read Time":0.0,"I/O Write Time":0.0,"Temp I/O Read Time":0.0,"Temp I/O Write Time":0.0},{"Node Type":"Seq Scan","Parent Relationship":"Member","Parallel Aware":false,"Async Capable":false,"Relation Name":"nation","Schema":"public","Alias":"n2","Startup Cost":0.0,"Total Cost":4.01,"Plan Rows":1,"Plan Width":12,"Actual Startup Time":0.0,"Actual Total Time":0.0,"Actual Rows":0,"Actual Loops":0,"Output":["n2.n_nationkey","n2.n_name"],"Filter":"(((n2.n_name)::text = 'Cambodia'::text) OR ((n2.n_name)::text = 'Germany'::text))","Rows Removed by Filter":0,"Shared Hit Blocks":0,"Shared Read Blocks":0,"Shared Dirtied Blocks":0,"Shared Written Blocks":0,"Local Hit Blocks":0,"Local Read Blocks":0,"Local Dirtied Blocks":0,"Local Written Blocks":0,"Temp Read Blocks":0,"Temp Written Blocks":0,"I/O Read Time":0.0,"I/O Write Time":0.0,"Temp I/O Read Time":0.0,"Temp I/O Write Time":0.0}]}]}]}]}]}]}]}]},"Planning":{"Shared Hit Blocks":152,"Shared Read Blocks":0,"Shared Dirtied Blocks":0,"Shared Written Blocks":0,"Local Hit Blocks":0,"Local Read Blocks":0,"Local Dirtied Blocks":0,"Local Written Blocks":0,"Temp Read Blocks":0,"Temp Written Blocks":0,"I/O Read Time":0.0,"I/O Write Time":0.0,"Temp I/O Read Time":0.0,"Temp I/O Write Time":0.0},"Planning Time":3.172,"Triggers":[],"Execution Time":21587.178}]
[列存组合]: customer, nation, stock
[{"Plan":{"Node Type":"Aggregate","Strategy":"Sorted","Partial Mode":"Simple","Parallel Aware":false,"Async Capable":false,"Startup Cost":3269534.3,"Total Cost":3269789.11,"Plan Rows":9266,"Plan Width":72,"Actual Startup Time":20933.332,"Actual Total Time":20935.895,"Actual Rows":6,"Actual Loops":1,"Output":["supplier.su_nationkey","customer.c_nationkey","(EXTRACT(year FROM orders.o_entry_d))","sum(order_line.ol_amount)"],"Group Key":["supplier.su_nationkey","customer.c_nationkey","(EXTRACT(year FROM orders.o_entry_d))"],"Shared Hit Blocks":780761,"Shared Read Blocks":0,"Shared Dirtied Blocks":0,"Shared Written Blocks":0,"Local Hit Blocks":0,"Local Read Blocks":0,"Local Dirtied Blocks":0,"Local Written Blocks":0,"Temp Read Blocks":124799,"Temp Written Blocks":124817,"I/O Read Time":0.0,"I/O Write Time":0.0,"Temp I/O Read Time":192.212,"Temp I/O Write Time":545.496,"Plans":[{"Node Type":"Sort","Parent Relationship":"Outer","Parallel Aware":false,"Async Capable":false,"Startup Cost":3269534.3,"Total Cost":3269557.46,"Plan Rows":9266,"Plan Width":44,"Actual Startup Time":20933.222,"Actual Total Time":20933.753,"Actual Rows":12121,"Actual Loops":1,"Output":["supplier.su_nationkey","customer.c_nationkey","(EXTRACT(year FROM orders.o_entry_d))","order_line.ol_amount"],"Sort Key":["supplier.su_nationkey","customer.c_nationkey","(EXTRACT(year FROM orders.o_entry_d))"],"Sort Method":"quicksort","Sort Space Used":1047,"Sort Space Type":"Memory","Shared Hit Blocks":780761,"Shared Read Blocks":0,"Shared Dirtied Blocks":0,"Shared Written Blocks":0,"Local Hit Blocks":0,"Local Read Blocks":0,"Local Dirtied Blocks":0,"Local Written Blocks":0,"Temp Read Blocks":124799,"Temp Written Blocks":124817,"I/O Read Time":0.0,"I/O Write Time":0.0,"Temp I/O Read Time":192.212,"Temp I/O Write Time":545.496,"Plans":[{"Node Type":"Merge Join","Parent Relationship":"Outer","Parallel Aware":false,"Async Capable":false,"Join Type":"Inner","Startup Cost":3260463.95,"Total Cost":3268923.78,"Plan Rows":9266,"Plan Width":44,"Actual Startup Time":20591.153,"Actual Total Time":20930.371,"Actual Rows":12121,"Actual Loops":1,"Output":["supplier.su_nationkey","customer.c_nationkey","EXTRACT(year FROM orders.o_entry_d)","order_line.ol_amount"],"Merge Cond":"((orders.o_c_id = customer.c_id) AND (order_line.ol_w_id = customer.c_w_id) AND (order_line.ol_d_id = customer.c_d_id))","Join Filter":"((((n1.n_name)::text = 'Germany'::text) AND ((n2.n_name)::text = 'Cambodia'::text)) OR (((n1.n_name)::text = 'Cambodia'::text) AND ((n2.n_name)::text = 'Germany'::text)))","Rows Removed by Join Filter":11453,"Shared Hit Blocks":780761,"Shared Read Blocks":0,"Shared Dirtied Blocks":0,"Shared Written Blocks":0,"Local Hit Blocks":0,"Local Read Blocks":0,"Local Dirtied Blocks":0,"Local Written Blocks":0,"Temp Read Blocks":124799,"Temp Written Blocks":124817,"I/O Read Time":0.0,"I/O Write Time":0.0,"Temp I/O Read Time":192.212,"Temp I/O Write Time":545.496,"Plans":[{"Node Type":"Sort","Parent Relationship":"Outer","Parallel Aware":false,"Async Capable":false,"Startup Cost":3214102.73,"Total Cost":3215516.13,"Plan Rows":565362,"Plan Width":36,"Actual Startup Time":20367.497,"Actual Total Time":20538.894,"Actual Rows":485009,"Actual Loops":1,"Output":["supplier.su_nationkey","order_line.ol_amount","order_line.ol_w_id","order_line.ol_d_id","orders.o_entry_d","orders.o_w_id","orders.o_d_id","orders.o_c_id","n1.n_name"],"Sort Key":["orders.o_c_id","order_line.ol_w_id","order_line.ol_d_id"],"Sort Method":"external merge","Sort Space Used":24000,"Sort Space Type":"Disk","Shared Hit Blocks":780761,"Shared Read Blocks":0,"Shared Dirtied Blocks":0,"Shared Written Blocks":0,"Local Hit Blocks":0,"Local Read Blocks":0,"Local Dirtied Blocks":0,"Local Written Blocks":0,"Temp Read Blocks":123709,"Temp Written Blocks":123721,"I/O Read Time":0.0,"I/O Write Time":0.0,"Temp I/O Read Time":190.83,"Temp I/O Write Time":541.106,"Plans":[{"Node Type":"Hash Join","Parent Relationship":"Outer","Parallel Aware":false,"Async Capable":false,"Join Type":"Inner","Startup Cost":906075.03,"Total Cost":3144626.23,"Plan Rows":565362,"Plan Width":36,"Actual Startup Time":8576.377,"Actual Total Time":20118.042,"Actual Rows":485009,"Actual Loops":1,"Output":["supplier.su_nationkey","order_line.ol_amount","order_line.ol_w_id","order_line.ol_d_id","orders.o_entry_d","orders.o_w_id","orders.o_d_id","orders.o_c_id","n1.n_name"],"Hash Cond":"((order_line.ol_w_id = orders.o_w_id) AND (order_line.ol_d_id = orders.o_d_id) AND (order_line.ol_o_id = orders.o_id))","Shared Hit Blocks":780761,"Shared Read Blocks":0,"Shared Dirtied Blocks":0,"Shared Written Blocks":0,"Local Hit Blocks":0,"Local Read Blocks":0,"Local Dirtied Blocks":0,"Local Written Blocks":0,"Temp Read Blocks":120709,"Temp Written Blocks":120709,"I/O Read Time":0.0,"I/O Write Time":0.0,"Temp I/O Read Time":186.536,"Temp I/O Write Time":529.865,"Plans":[{"Node Type":"Hash Join","Parent Relationship":"Outer","Parallel Aware":false,"Async Capable":false,"Join Type":"Inner","Startup Cost":646882.76,"Total Cost":2838108.04,"Plan Rows":565705,"Plan Width":28,"Actual Startup Time":6753.75,"Actual Total Time":17610.569,"Actual Rows":485009,"Actual Loops":1,"Output":["supplier.su_nationkey","order_line.ol_amount","order_line.ol_w_id","order_line.ol_d_id","order_line.ol_o_id","n1.n_name"],"Hash Cond":"((order_line.ol_supply_w_id = stock.s_w_id) AND (order_line.ol_i_id = stock.s_i_id))","Shared Hit Blocks":736639,"Shared Read Blocks":0,"Shared Dirtied Blocks":0,"Shared Written Blocks":0,"Local Hit Blocks":0,"Local Read Blocks":0,"Local Dirtied Blocks":0,"Local Written Blocks":0,"Temp Read Blocks":83003,"Temp Written Blocks":83003,"I/O Read Time":0.0,"I/O Write Time":0.0,"Temp I/O Read Time":128.062,"Temp I/O Write Time":350.383,"Plans":[{"Node Type":"Seq Scan","Parent Relationship":"Outer","Parallel Aware":false,"Async Capable":false,"Relation Name":"order_line","Schema":"public","Alias":"order_line","Startup Cost":0.0,"Total Cost":1581655.36,"Plan Rows":17536869,"Plan Width":22,"Actual Startup Time":6.527,"Actual Total Time":5689.633,"Actual Rows":17139931,"Actual Loops":1,"Output":["order_line.ol_amount","order_line.ol_supply_w_id","order_line.ol_i_id","order_line.ol_w_id","order_line.ol_d_id","order_line.ol_o_id"],"Filter":"((order_line.ol_delivery_d >= '1995-01-02 20:10:02.27764'::timestamp without time zone) AND (order_line.ol_delivery_d <= '1997-01-01 20:10:02.27764'::timestamp without time zone))","Rows Removed by Filter":42853830,"Shared Hit Blocks":681748,"Shared Read Blocks":0,"Shared Dirtied Blocks":0,"Shared Written Blocks":0,"Local Hit Blocks":0,"Local Read Blocks":0,"Local Dirtied Blocks":0,"Local Written Blocks":0,"Temp Read Blocks":0,"Temp Written Blocks":0,"I/O Read Time":0.0,"I/O Write Time":0.0,"Temp I/O Read Time":0.0,"Temp I/O Write Time":0.0},{"Node Type":"Hash","Parent Relationship":"Inner","Parallel Aware":false,"Async Capable":false,"Startup Cost":633424.24,"Total Cost":633424.24,"Plan Rows":645168,"Plan Width":18,"Actual Startup Time":6746.908,"Actual Total Time":6746.92,"Actual Rows":566400,"Actual Loops":1,"Output":["supplier.su_nationkey","stock.s_w_id","stock.s_i_id","n1.n_name"],"Hash Buckets":131072,"Original Hash Buckets":131072,"Hash Batches":8,"Original Hash Batches":8,"Peak Memory Usage":4646,"Shared Hit Blocks":54891,"Shared Read Blocks":0,"Shared Dirtied Blocks":0,"Shared Written Blocks":0,"Local Hit Blocks":0,"Local Read Blocks":0,"Local Dirtied Blocks":0,"Local Written Blocks":0,"Temp Read Blocks":0,"Temp Written Blocks":2445,"I/O Read Time":0.0,"I/O Write Time":0.0,"Temp I/O Read Time":0.0,"Temp I/O Write Time":13.213,"Plans":[{"Node Type":"Hash Join","Parent Relationship":"Outer","Parallel Aware":false,"Async Capable":false,"Join Type":"Inner","Startup Cost":444.39,"Total Cost":633424.24,"Plan Rows":645168,"Plan Width":18,"Actual Startup Time":2.636,"Actual Total Time":6639.634,"Actual Rows":566400,"Actual Loops":1,"Output":["supplier.su_nationkey","stock.s_w_id","stock.s_i_id","n1.n_name"],"Hash Cond":"(supplier.su_nationkey = n1.n_nationkey)","Shared Hit Blocks":54891,"Shared Read Blocks":0,"Shared Dirtied Blocks":0,"Shared Written Blocks":0,"Local Hit Blocks":0,"Local Read Blocks":0,"Local Dirtied Blocks":0,"Local Written Blocks":0,"Temp Read Blocks":0,"Temp Written Blocks":0,"I/O Read Time":0.0,"I/O Write Time":0.0,"Temp I/O Read Time":0.0,"Temp I/O Write Time":0.0,"Plans":[{"Node Type":"Hash Join","Parent Relationship":"Outer","Parallel Aware":false,"Async Capable":false,"Join Type":"Inner","Startup Cost":442.44,"Total Cost":577332.98,"Plan Rows":20000212,"Plan Width":10,"Actual Startup Time":2.603,"Actual Total Time":5267.889,"Actual Rows":20000000,"Actual Loops":1,"Output":["supplier.su_nationkey","stock.s_w_id","stock.s_i_id"],"Hash Cond":"(mod((stock.s_w_id * stock.s_i_id), 10000) = supplier.su_suppkey)","Shared Hit Blocks":54890,"Shared Read Blocks":0,"Shared Dirtied Blocks":0,"Shared Written Blocks":0,"Local Hit Blocks":0,"Local Read Blocks":0,"Local Dirtied Blocks":0,"Local Written Blocks":0,"Temp Read Blocks":0,"Temp Written Blocks":0,"I/O Read Time":0.0,"I/O Write Time":0.0,"Temp I/O Read Time":0.0,"Temp I/O Write Time":0.0,"Plans":[{"Node Type":"Index Only Scan","Parent Relationship":"Outer","Parallel Aware":false,"Async Capable":false,"Scan Direction":"Forward","Index Name":"stock_pk","Relation Name":"stock","Schema":"public","Alias":"stock","Startup Cost":0.44,"Total Cost":519363.62,"Plan Rows":20000212,"Plan Width":6,"Actual Startup Time":0.02,"Actual Total Time":1532.902,"Actual Rows":20000000,"Actual Loops":1,"Output":["stock.s_w_id","stock.s_i_id"],"Heap Fetches":0,"Shared Hit Blocks":54673,"Shared Read Blocks":0,"Shared Dirtied Blocks":0,"Shared Written Blocks":0,"Local Hit Blocks":0,"Local Read Blocks":0,"Local Dirtied Blocks":0,"Local Written Blocks":0,"Temp Read Blocks":0,"Temp Written Blocks":0,"I/O Read Time":0.0,"I/O Write Time":0.0,"Temp I/O Read Time":0.0,"Temp I/O Write Time":0.0},{"Node Type":"Hash","Parent Relationship":"Inner","Parallel Aware":false,"Async Capable":false,"Startup Cost":317.0,"Total Cost":317.0,"Plan Rows":10000,"Plan Width":8,"Actual Startup Time":2.531,"Actual Total Time":2.533,"Actual Rows":10000,"Actual Loops":1,"Output":["supplier.su_nationkey","supplier.su_suppkey"],"Hash Buckets":16384,"Original Hash Buckets":16384,"Hash Batches":1,"Original Hash Batches":1,"Peak Memory Usage":519,"Shared Hit Blocks":217,"Shared Read Blocks":0,"Shared Dirtied Blocks":0,"Shared Written Blocks":0,"Local Hit Blocks":0,"Local Read Blocks":0,"Local Dirtied Blocks":0,"Local Written Blocks":0,"Temp Read Blocks":0,"Temp Written Blocks":0,"I/O Read Time":0.0,"I/O Write Time":0.0,"Temp I/O Read Time":0.0,"Temp I/O Write Time":0.0,"Plans":[{"Node Type":"Seq Scan","Parent Relationship":"Outer","Parallel Aware":false,"Async Capable":false,"Relation Name":"supplier","Schema":"public","Alias":"supplier","Startup Cost":0.0,"Total Cost":317.0,"Plan Rows":10000,"Plan Width":8,"Actual Startup Time":0.007,"Actual Total Time":1.297,"Actual Rows":10000,"Actual Loops":1,"Output":["supplier.su_nationkey","supplier.su_suppkey"],"Shared Hit Blocks":217,"Shared Read Blocks":0,"Shared Dirtied Blocks":0,"Shared Written Blocks":0,"Local Hit Blocks":0,"Local Read Blocks":0,"Local Dirtied Blocks":0,"Local Written Blocks":0,"Temp Read Blocks":0,"Temp Written Blocks":0,"I/O Read Time":0.0,"I/O Write Time":0.0,"Temp I/O Read Time":0.0,"Temp I/O Write Time":0.0}]}]},{"Node Type":"Hash","Parent Relationship":"Inner","Parallel Aware":false,"Async Capable":false,"Startup Cost":1.93,"Total Cost":1.93,"Plan Rows":2,"Plan Width":12,"Actual Startup Time":0.021,"Actual Total Time":0.023,"Actual Rows":2,"Actual Loops":1,"Output":["n1.n_nationkey","n1.n_name"],"Hash Buckets":1024,"Original Hash Buckets":1024,"Hash Batches":1,"Original Hash Batches":1,"Peak Memory Usage":9,"Shared Hit Blocks":1,"Shared Read Blocks":0,"Shared Dirtied Blocks":0,"Shared Written Blocks":0,"Local Hit Blocks":0,"Local Read Blocks":0,"Local Dirtied Blocks":0,"Local Written Blocks":0,"Temp Read Blocks":0,"Temp Written Blocks":0,"I/O Read Time":0.0,"I/O Write Time":0.0,"Temp I/O Read Time":0.0,"Temp I/O Write Time":0.0,"Plans":[{"Node Type":"Seq Scan","Parent Relationship":"Outer","Parallel Aware":false,"Async Capable":false,"Relation Name":"nation","Schema":"public","Alias":"n1","Startup Cost":0.0,"Total Cost":1.93,"Plan Rows":2,"Plan Width":12,"Actual Startup Time":0.012,"Actual Total Time":0.017,"Actual Rows":2,"Actual Loops":1,"Output":["n1.n_nationkey","n1.n_name"],"Filter":"(((n1.n_name)::text = 'Germany'::text) OR ((n1.n_name)::text = 'Cambodia'::text))","Rows Removed by Filter":60,"Shared Hit Blocks":1,"Shared Read Blocks":0,"Shared Dirtied Blocks":0,"Shared Written Blocks":0,"Local Hit Blocks":0,"Local Read Blocks":0,"Local Dirtied Blocks":0,"Local Written Blocks":0,"Temp Read Blocks":0,"Temp Written Blocks":0,"I/O Read Time":0.0,"I/O Write Time":0.0,"Temp I/O Read Time":0.0,"Temp I/O Write Time":0.0}]}]}]}]},{"Node Type":"Hash","Parent Relationship":"Inner","Parallel Aware":false,"Async Capable":false,"Startup Cost":119121.6,"Total Cost":119121.6,"Plan Rows":5996324,"Plan Width":24,"Actual Startup Time":1811.614,"Actual Total Time":1811.614,"Actual Rows":5995789,"Actual Loops":1,"Output":["orders.o_entry_d","orders.o_w_id","orders.o_d_id","orders.o_id","orders.o_c_id"],"Hash Buckets":131072,"Original Hash Buckets":131072,"Hash Batches":64,"Original Hash Batches":64,"Peak Memory Usage":6496,"Shared Hit Blocks":44122,"Shared Read Blocks":0,"Shared Dirtied Blocks":0,"Shared Written Blocks":0,"Local Hit Blocks":0,"Local Read Blocks":0,"Local Dirtied Blocks":0,"Local Written Blocks":0,"Temp Read Blocks":0,"Temp Written Blocks":34552,"I/O Read Time":0.0,"I/O Write Time":0.0,"Temp I/O Read Time":0.0,"Temp I/O Write Time":160.709,"Plans":[{"Node Type":"Seq Scan","Parent Relationship":"Outer","Parallel Aware":false,"Async Capable":false,"Relation Name":"orders","Schema":"public","Alias":"orders","Startup Cost":0.0,"Total Cost":119121.6,"Plan Rows":5996324,"Plan Width":24,"Actual Startup Time":0.016,"Actual Total Time":731.226,"Actual Rows":5995789,"Actual Loops":1,"Output":["orders.o_entry_d","orders.o_w_id","orders.o_d_id","orders.o_id","orders.o_c_id"],"Filter":"(orders.o_entry_d >= '1992-01-02 20:10:02.27764'::timestamp without time zone)","Rows Removed by Filter":4211,"Shared Hit Blocks":44122,"Shared Read Blocks":0,"Shared Dirtied Blocks":0,"Shared Written Blocks":0,"Local Hit Blocks":0,"Local Read Blocks":0,"Local Dirtied Blocks":0,"Local Written Blocks":0,"Temp Read Blocks":0,"Temp Written Blocks":0,"I/O Read Time":0.0,"I/O Write Time":0.0,"Temp I/O Read Time":0.0,"Temp I/O Write Time":0.0}]}]}]},{"Node Type":"Materialize","Parent Relationship":"Inner","Parallel Aware":false,"Async Capable":false,"Startup Cost":46361.03,"Total Cost":47328.79,"Plan Rows":193553,"Plan Width":20,"Actual Startup Time":223.617,"Actual Total Time":295.77,"Actual Rows":293066,"Actual Loops":1,"Output":["customer.c_nationkey","customer.c_id","customer.c_w_id","customer.c_d_id","n2.n_name"],"Shared Hit Blocks":0,"Shared Read Blocks":0,"Shared Dirtied Blocks":0,"Shared Written Blocks":0,"Local Hit Blocks":0,"Local Read Blocks":0,"Local Dirtied Blocks":0,"Local Written Blocks":0,"Temp Read Blocks":1090,"Temp Written Blocks":1096,"I/O Read Time":0.0,"I/O Write Time":0.0,"Temp I/O Read Time":1.382,"Temp I/O Write Time":4.39,"Plans":[{"Node Type":"Sort","Parent Relationship":"Outer","Parallel Aware":false,"Async Capable":false,"Startup Cost":46361.03,"Total Cost":46844.91,"Plan Rows":193553,"Plan Width":20,"Actual Startup Time":223.611,"Actual Total Time":264.195,"Actual Rows":289967,"Actual Loops":1,"Output":["customer.c_nationkey","customer.c_id","customer.c_w_id","customer.c_d_id","n2.n_name"],"Sort Key":["customer.c_id","customer.c_w_id","customer.c_d_id"],"Sort Method":"external merge","Sort Space Used":8720,"Sort Space Type":"Disk","Shared Hit Blocks":0,"Shared Read Blocks":0,"Shared Dirtied Blocks":0,"Shared Written Blocks":0,"Local Hit Blocks":0,"Local Read Blocks":0,"Local Dirtied Blocks":0,"Local Written Blocks":0,"Temp Read Blocks":1090,"Temp Written Blocks":1096,"I/O Read Time":0.0,"I/O Write Time":0.0,"Temp I/O Read Time":1.382,"Temp I/O Write Time":4.39,"Plans":[{"Node Type":"Hash Join","Parent Relationship":"Outer","Parallel Aware":false,"Async Capable":false,"Join Type":"Inner","Startup Cost":44.04,"Total Cost":25392.28,"Plan Rows":193553,"Plan Width":20,"Actual Startup Time":26.615,"Actual Total Time":127.88,"Actual Rows":289972,"Actual Loops":1,"Output":["customer.c_nationkey","customer.c_id","customer.c_w_id","customer.c_d_id","n2.n_name"],"Hash Cond":"(customer.c_nationkey = n2.n_nationkey)","Rows Removed by Bloom Filter":18000190,"Shared Hit Blocks":0,"Shared Read Blocks":0,"Shared Dirtied Blocks":0,"Shared Written Blocks":0,"Local Hit Blocks":0,"Local Read Blocks":0,"Local Dirtied Blocks":0,"Local Written Blocks":0,"Temp Read Blocks":0,"Temp Written Blocks":0,"I/O Read Time":0.0,"I/O Write Time":0.0,"Temp I/O Read Time":0.0,"Temp I/O Write Time":0.0,"Plans":[{"Node Type":"Append","Parent Relationship":"Outer","Parallel Aware":false,"Async Capable":false,"Startup Cost":20.0,"Total Cost":141025.46,"Plan Rows":6000140,"Plan Width":12,"Actual Startup Time":0.26,"Actual Total Time":0.262,"Actual Rows":6000000,"Actual Loops":1,"Shared Hit Blocks":0,"Shared Read Blocks":0,"Shared Dirtied Blocks":0,"Shared Written Blocks":0,"Local Hit Blocks":0,"Local Read Blocks":0,"Local Dirtied Blocks":0,"Local Written Blocks":0,"Temp Read Blocks":0,"Temp Written Blocks":0,"I/O Read Time":0.0,"I/O Write Time":0.0,"Temp I/O Read Time":0.0,"Temp I/O Write Time":0.0,"Subplans Removed":0,"Plans":[{"Node Type":"Custom Scan","Parent Relationship":"Member","Custom Plan Provider":"columnar scan","Parallel Aware":false,"Async Capable":false,"Relation Name":"customer","Schema":"public","Alias":"customer","Startup Cost":20.0,"Total Cost":141020.06,"Plan Rows":6000000,"Plan Width":12,"Actual Startup Time":0.259,"Actual Total Time":0.26,"Actual Rows":6000000,"Actual Loops":1,"Output":["customer.c_nationkey","customer.c_id","customer.c_w_id","customer.c_d_id"],"Rows Removed by Columnar Filter":0,"Columnar cache search mode":"native","Shared Hit Blocks":0,"Shared Read Blocks":0,"Shared Dirtied Blocks":0,"Shared Written Blocks":0,"Local Hit Blocks":0,"Local Read Blocks":0,"Local Dirtied Blocks":0,"Local Written Blocks":0,"Temp Read Blocks":0,"Temp Written Blocks":0,"I/O Read Time":0.0,"I/O Write Time":0.0,"Temp I/O Read Time":0.0,"Temp I/O Write Time":0.0},{"Node Type":"Seq Scan","Parent Relationship":"Member","Parallel Aware":false,"Async Capable":false,"Relation Name":"customer","Schema":"public","Alias":"customer","Startup Cost":0.0,"Total Cost":5.4,"Plan Rows":140,"Plan Width":12,"Actual Startup Time":0.0,"Actual Total Time":0.0,"Actual Rows":0,"Actual Loops":0,"Output":["customer.c_nationkey","customer.c_id","customer.c_w_id","customer.c_d_id"],"Shared Hit Blocks":0,"Shared Read Blocks":0,"Shared Dirtied Blocks":0,"Shared Written Blocks":0,"Local Hit Blocks":0,"Local Read Blocks":0,"Local Dirtied Blocks":0,"Local Written Blocks":0,"Temp Read Blocks":0,"Temp Written Blocks":0,"I/O Read Time":0.0,"I/O Write Time":0.0,"Temp I/O Read Time":0.0,"Temp I/O Write Time":0.0}]},{"Node Type":"Hash","Parent Relationship":"Inner","Parallel Aware":false,"Async Capable":false,"Startup Cost":24.07,"Total Cost":24.07,"Plan Rows":3,"Plan Width":12,"Actual Rows":2,"Actual Loops":1,"Output":["n2.n_nationkey","n2.n_name"],"Shared Hit Blocks":0,"Shared Read Blocks":0,"Shared Dirtied Blocks":0,"Shared Written Blocks":0,"Local Hit Blocks":0,"Local Read Blocks":0,"Local Dirtied Blocks":0,"Local Written Blocks":0,"Temp Read Blocks":0,"Temp Written Blocks":0,"I/O Read Time":0.0,"I/O Write Time":0.0,"Temp I/O Read Time":0.0,"Temp I/O Write Time":0.0,"Plans":[{"Node Type":"Append","Parent Relationship":"Outer","Parallel Aware":false,"Async Capable":false,"Startup Cost":20.0,"Total Cost":24.07,"Plan Rows":3,"Plan Width":12,"Actual Startup Time":0.089,"Actual Total Time":0.089,"Actual Rows":2,"Actual Loops":1,"Shared Hit Blocks":0,"Shared Read Blocks":0,"Shared Dirtied Blocks":0,"Shared Written Blocks":0,"Local Hit Blocks":0,"Local Read Blocks":0,"Local Dirtied Blocks":0,"Local Written Blocks":0,"Temp Read Blocks":0,"Temp Written Blocks":0,"I/O Read Time":0.0,"I/O Write Time":0.0,"Temp I/O Read Time":0.0,"Temp I/O Write Time":0.0,"Subplans Removed":0,"Plans":[{"Node Type":"Custom Scan","Parent Relationship":"Member","Custom Plan Provider":"columnar scan","Parallel Aware":false,"Async Capable":false,"Relation Name":"nation","Schema":"public","Alias":"n2","Startup Cost":20.0,"Total Cost":20.05,"Plan Rows":2,"Plan Width":12,"Actual Startup Time":0.085,"Actual Total Time":0.085,"Actual Rows":2,"Actual Loops":1,"Output":["n2.n_nationkey","n2.n_name"],"Filter":"(((n2.n_name)::text = 'Cambodia'::text) OR ((n2.n_name)::text = 'Germany'::text))","Rows Removed by Filter":0,"Rows Removed by Columnar Filter":60,"Columnar cache search mode":"native","Shared Hit Blocks":0,"Shared Read Blocks":0,"Shared Dirtied Blocks":0,"Shared Written Blocks":0,"Local Hit Blocks":0,"Local Read Blocks":0,"Local Dirtied Blocks":0,"Local Written Blocks":0,"Temp Read Blocks":0,"Temp Written Blocks":0,"I/O Read Time":0.0,"I/O Write Time":0.0,"Temp I/O Read Time":0.0,"Temp I/O Write Time":0.0},{"Node Type":"Seq Scan","Parent Relationship":"Member","Parallel Aware":false,"Async Capable":false,"Relation Name":"nation","Schema":"public","Alias":"n2","Startup Cost":0.0,"Total Cost":4.01,"Plan Rows":1,"Plan Width":12,"Actual Startup Time":0.0,"Actual Total Time":0.0,"Actual Rows":0,"Actual Loops":0,"Output":["n2.n_nationkey","n2.n_name"],"Filter":"(((n2.n_name)::text = 'Cambodia'::text) OR ((n2.n_name)::text = 'Germany'::text))","Rows Removed by Filter":0,"Shared Hit Blocks":0,"Shared Read Blocks":0,"Shared Dirtied Blocks":0,"Shared Written Blocks":0,"Local Hit Blocks":0,"Local Read Blocks":0,"Local Dirtied Blocks":0,"Local Written Blocks":0,"Temp Read Blocks":0,"Temp Written Blocks":0,"I/O Read Time":0.0,"I/O Write Time":0.0,"Temp I/O Read Time":0.0,"Temp I/O Write Time":0.0}]}]}]}]}]}]}]}]},"Planning":{"Shared Hit Blocks":152,"Shared Read Blocks":0,"Shared Dirtied Blocks":0,"Shared Written Blocks":0,"Local Hit Blocks":0,"Local Read Blocks":0,"Local Dirtied Blocks":0,"Local Written Blocks":0,"Temp Read Blocks":0,"Temp Written Blocks":0,"I/O Read Time":0.0,"I/O Write Time":0.0,"Temp I/O Read Time":0.0,"Temp I/O Write Time":0.0},"Planning Time":3.856,"Triggers":[],"Execution Time":20940.833}]
[列存组合]: customer, nation, supplier
[{"Plan":{"Node Type":"Aggregate","Strategy":"Sorted","Partial Mode":"Simple","Parallel Aware":false,"Async Capable":false,"Startup Cost":3269436.32,"Total Cost":3269691.14,"Plan Rows":9266,"Plan Width":72,"Actual Startup Time":20967.775,"Actual Total Time":20970.365,"Actual Rows":6,"Actual Loops":1,"Output":["supplier.su_nationkey","customer.c_nationkey","(EXTRACT(year FROM orders.o_entry_d))","sum(order_line.ol_amount)"],"Group Key":["supplier.su_nationkey","customer.c_nationkey","(EXTRACT(year FROM orders.o_entry_d))"],"Shared Hit Blocks":780544,"Shared Read Blocks":0,"Shared Dirtied Blocks":0,"Shared Written Blocks":0,"Local Hit Blocks":0,"Local Read Blocks":0,"Local Dirtied Blocks":0,"Local Written Blocks":0,"Temp Read Blocks":124799,"Temp Written Blocks":124817,"I/O Read Time":0.0,"I/O Write Time":0.0,"Temp I/O Read Time":189.674,"Temp I/O Write Time":540.785,"Plans":[{"Node Type":"Sort","Parent Relationship":"Outer","Parallel Aware":false,"Async Capable":false,"Startup Cost":3269436.32,"Total Cost":3269459.49,"Plan Rows":9266,"Plan Width":44,"Actual Startup Time":20967.664,"Actual Total Time":20968.206,"Actual Rows":12121,"Actual Loops":1,"Output":["supplier.su_nationkey","customer.c_nationkey","(EXTRACT(year FROM orders.o_entry_d))","order_line.ol_amount"],"Sort Key":["supplier.su_nationkey","customer.c_nationkey","(EXTRACT(year FROM orders.o_entry_d))"],"Sort Method":"quicksort","Sort Space Used":1047,"Sort Space Type":"Memory","Shared Hit Blocks":780544,"Shared Read Blocks":0,"Shared Dirtied Blocks":0,"Shared Written Blocks":0,"Local Hit Blocks":0,"Local Read Blocks":0,"Local Dirtied Blocks":0,"Local Written Blocks":0,"Temp Read Blocks":124799,"Temp Written Blocks":124817,"I/O Read Time":0.0,"I/O Write Time":0.0,"Temp I/O Read Time":189.674,"Temp I/O Write Time":540.785,"Plans":[{"Node Type":"Merge Join","Parent Relationship":"Outer","Parallel Aware":false,"Async Capable":false,"Join Type":"Inner","Startup Cost":3260365.97,"Total Cost":3268825.8,"Plan Rows":9266,"Plan Width":44,"Actual Startup Time":20625.511,"Actual Total Time":20964.777,"Actual Rows":12121,"Actual Loops":1,"Output":["supplier.su_nationkey","customer.c_nationkey","EXTRACT(year FROM orders.o_entry_d)","order_line.ol_amount"],"Merge Cond":"((orders.o_c_id = customer.c_id) AND (order_line.ol_w_id = customer.c_w_id) AND (order_line.ol_d_id = customer.c_d_id))","Join Filter":"((((n1.n_name)::text = 'Germany'::text) AND ((n2.n_name)::text = 'Cambodia'::text)) OR (((n1.n_name)::text = 'Cambodia'::text) AND ((n2.n_name)::text = 'Germany'::text)))","Rows Removed by Join Filter":11453,"Shared Hit Blocks":780544,"Shared Read Blocks":0,"Shared Dirtied Blocks":0,"Shared Written Blocks":0,"Local Hit Blocks":0,"Local Read Blocks":0,"Local Dirtied Blocks":0,"Local Written Blocks":0,"Temp Read Blocks":124799,"Temp Written Blocks":124817,"I/O Read Time":0.0,"I/O Write Time":0.0,"Temp I/O Read Time":189.674,"Temp I/O Write Time":540.785,"Plans":[{"Node Type":"Sort","Parent Relationship":"Outer","Parallel Aware":false,"Async Capable":false,"Startup Cost":3214004.75,"Total Cost":3215418.15,"Plan Rows":565362,"Plan Width":36,"Actual Startup Time":20398.195,"Actual Total Time":20569.297,"Actual Rows":485009,"Actual Loops":1,"Output":["supplier.su_nationkey","order_line.ol_amount","order_line.ol_w_id","order_line.ol_d_id","orders.o_entry_d","orders.o_w_id","orders.o_d_id","orders.o_c_id","n1.n_name"],"Sort Key":["orders.o_c_id","order_line.ol_w_id","order_line.ol_d_id"],"Sort Method":"external merge","Sort Space Used":24000,"Sort Space Type":"Disk","Shared Hit Blocks":780544,"Shared Read Blocks":0,"Shared Dirtied Blocks":0,"Shared Written Blocks":0,"Local Hit Blocks":0,"Local Read Blocks":0,"Local Dirtied Blocks":0,"Local Written Blocks":0,"Temp Read Blocks":123709,"Temp Written Blocks":123721,"I/O Read Time":0.0,"I/O Write Time":0.0,"Temp I/O Read Time":188.264,"Temp I/O Write Time":536.437,"Plans":[{"Node Type":"Hash Join","Parent Relationship":"Outer","Parallel Aware":false,"Async Capable":false,"Join Type":"Inner","Startup Cost":905977.05,"Total Cost":3144528.26,"Plan Rows":565362,"Plan Width":36,"Actual Startup Time":8556.874,"Actual Total Time":20149.532,"Actual Rows":485009,"Actual Loops":1,"Output":["supplier.su_nationkey","order_line.ol_amount","order_line.ol_w_id","order_line.ol_d_id","orders.o_entry_d","orders.o_w_id","orders.o_d_id","orders.o_c_id","n1.n_name"],"Hash Cond":"((order_line.ol_w_id = orders.o_w_id) AND (order_line.ol_d_id = orders.o_d_id) AND (order_line.ol_o_id = orders.o_id))","Shared Hit Blocks":780544,"Shared Read Blocks":0,"Shared Dirtied Blocks":0,"Shared Written Blocks":0,"Local Hit Blocks":0,"Local Read Blocks":0,"Local Dirtied Blocks":0,"Local Written Blocks":0,"Temp Read Blocks":120709,"Temp Written Blocks":120709,"I/O Read Time":0.0,"I/O Write Time":0.0,"Temp I/O Read Time":184.04,"Temp I/O Write Time":525.194,"Plans":[{"Node Type":"Hash Join","Parent Relationship":"Outer","Parallel Aware":false,"Async Capable":false,"Join Type":"Inner","Startup Cost":646784.78,"Total Cost":2838010.06,"Plan Rows":565705,"Plan Width":28,"Actual Startup Time":6741.8,"Actual Total Time":17650.276,"Actual Rows":485009,"Actual Loops":1,"Output":["supplier.su_nationkey","order_line.ol_amount","order_line.ol_w_id","order_line.ol_d_id","order_line.ol_o_id","n1.n_name"],"Hash Cond":"((order_line.ol_supply_w_id = stock.s_w_id) AND (order_line.ol_i_id = stock.s_i_id))","Shared Hit Blocks":736422,"Shared Read Blocks":0,"Shared Dirtied Blocks":0,"Shared Written Blocks":0,"Local Hit Blocks":0,"Local Read Blocks":0,"Local Dirtied Blocks":0,"Local Written Blocks":0,"Temp Read Blocks":83003,"Temp Written Blocks":83003,"I/O Read Time":0.0,"I/O Write Time":0.0,"Temp I/O Read Time":126.319,"Temp I/O Write Time":350.652,"Plans":[{"Node Type":"Seq Scan","Parent Relationship":"Outer","Parallel Aware":false,"Async Capable":false,"Relation Name":"order_line","Schema":"public","Alias":"order_line","Startup Cost":0.0,"Total Cost":1581655.36,"Plan Rows":17536869,"Plan Width":22,"Actual Startup Time":6.492,"Actual Total Time":5699.509,"Actual Rows":17139931,"Actual Loops":1,"Output":["order_line.ol_amount","order_line.ol_supply_w_id","order_line.ol_i_id","order_line.ol_w_id","order_line.ol_d_id","order_line.ol_o_id"],"Filter":"((order_line.ol_delivery_d >= '1995-01-02 20:10:02.27764'::timestamp without time zone) AND (order_line.ol_delivery_d <= '1997-01-01 20:10:02.27764'::timestamp without time zone))","Rows Removed by Filter":42853830,"Shared Hit Blocks":681748,"Shared Read Blocks":0,"Shared Dirtied Blocks":0,"Shared Written Blocks":0,"Local Hit Blocks":0,"Local Read Blocks":0,"Local Dirtied Blocks":0,"Local Written Blocks":0,"Temp Read Blocks":0,"Temp Written Blocks":0,"I/O Read Time":0.0,"I/O Write Time":0.0,"Temp I/O Read Time":0.0,"Temp I/O Write Time":0.0},{"Node Type":"Hash","Parent Relationship":"Inner","Parallel Aware":false,"Async Capable":false,"Startup Cost":633326.26,"Total Cost":633326.26,"Plan Rows":645168,"Plan Width":18,"Actual Startup Time":6734.776,"Actual Total Time":6734.791,"Actual Rows":566400,"Actual Loops":1,"Output":["supplier.su_nationkey","stock.s_w_id","stock.s_i_id","n1.n_name"],"Hash Buckets":131072,"Original Hash Buckets":131072,"Hash Batches":8,"Original Hash Batches":8,"Peak Memory Usage":4646,"Shared Hit Blocks":54674,"Shared Read Blocks":0,"Shared Dirtied Blocks":0,"Shared Written Blocks":0,"Local Hit Blocks":0,"Local Read Blocks":0,"Local Dirtied Blocks":0,"Local Written Blocks":0,"Temp Read Blocks":0,"Temp Written Blocks":2445,"I/O Read Time":0.0,"I/O Write Time":0.0,"Temp I/O Read Time":0.0,"Temp I/O Write Time":13.129,"Plans":[{"Node Type":"Hash Join","Parent Relationship":"Outer","Parallel Aware":false,"Async Capable":false,"Join Type":"Inner","Startup Cost":346.42,"Total Cost":633326.26,"Plan Rows":645168,"Plan Width":18,"Actual Startup Time":3.073,"Actual Total Time":6625.708,"Actual Rows":566400,"Actual Loops":1,"Output":["supplier.su_nationkey","stock.s_w_id","stock.s_i_id","n1.n_name"],"Hash Cond":"(supplier.su_nationkey = n1.n_nationkey)","Shared Hit Blocks":54674,"Shared Read Blocks":0,"Shared Dirtied Blocks":0,"Shared Written Blocks":0,"Local Hit Blocks":0,"Local Read Blocks":0,"Local Dirtied Blocks":0,"Local Written Blocks":0,"Temp Read Blocks":0,"Temp Written Blocks":0,"I/O Read Time":0.0,"I/O Write Time":0.0,"Temp I/O Read Time":0.0,"Temp I/O Write Time":0.0,"Plans":[{"Node Type":"Hash Join","Parent Relationship":"Outer","Parallel Aware":false,"Async Capable":false,"Join Type":"Inner","Startup Cost":344.46,"Total Cost":577235.0,"Plan Rows":20000212,"Plan Width":10,"Actual Startup Time":3.046,"Actual Total Time":5206.073,"Actual Rows":20000000,"Actual Loops":1,"Output":["supplier.su_nationkey","stock.s_w_id","stock.s_i_id"],"Hash Cond":"(mod((stock.s_w_id * stock.s_i_id), 10000) = supplier.su_suppkey)","Shared Hit Blocks":54673,"Shared Read Blocks":0,"Shared Dirtied Blocks":0,"Shared Written Blocks":0,"Local Hit Blocks":0,"Local Read Blocks":0,"Local Dirtied Blocks":0,"Local Written Blocks":0,"Temp Read Blocks":0,"Temp Written Blocks":0,"I/O Read Time":0.0,"I/O Write Time":0.0,"Temp I/O Read Time":0.0,"Temp I/O Write Time":0.0,"Plans":[{"Node Type":"Index Only Scan","Parent Relationship":"Outer","Parallel Aware":false,"Async Capable":false,"Scan Direction":"Forward","Index Name":"stock_pk","Relation Name":"stock","Schema":"public","Alias":"stock","Startup Cost":0.44,"Total Cost":519363.62,"Plan Rows":20000212,"Plan Width":6,"Actual Startup Time":0.02,"Actual Total Time":1525.976,"Actual Rows":20000000,"Actual Loops":1,"Output":["stock.s_w_id","stock.s_i_id"],"Heap Fetches":0,"Shared Hit Blocks":54673,"Shared Read Blocks":0,"Shared Dirtied Blocks":0,"Shared Written Blocks":0,"Local Hit Blocks":0,"Local Read Blocks":0,"Local Dirtied Blocks":0,"Local Written Blocks":0,"Temp Read Blocks":0,"Temp Written Blocks":0,"I/O Read Time":0.0,"I/O Write Time":0.0,"Temp I/O Read Time":0.0,"Temp I/O Write Time":0.0},{"Node Type":"Hash","Parent Relationship":"Inner","Parallel Aware":false,"Async Capable":false,"Startup Cost":219.01,"Total Cost":219.01,"Plan Rows":10001,"Plan Width":8,"Actual Startup Time":2.973,"Actual Total Time":2.977,"Actual Rows":10000,"Actual Loops":1,"Output":["supplier.su_nationkey","supplier.su_suppkey"],"Hash Buckets":16384,"Original Hash Buckets":16384,"Hash Batches":1,"Original Hash Batches":1,"Peak Memory Usage":519,"Shared Hit Blocks":0,"Shared Read Blocks":0,"Shared Dirtied Blocks":0,"Shared Written Blocks":0,"Local Hit Blocks":0,"Local Read Blocks":0,"Local Dirtied Blocks":0,"Local Written Blocks":0,"Temp Read Blocks":0,"Temp Written Blocks":0,"I/O Read Time":0.0,"I/O Write Time":0.0,"Temp I/O Read Time":0.0,"Temp I/O Write Time":0.0,"Plans":[{"Node Type":"Append","Parent Relationship":"Outer","Parallel Aware":false,"Async Capable":false,"Startup Cost":20.0,"Total Cost":219.01,"Plan Rows":10001,"Plan Width":8,"Actual Startup Time":0.028,"Actual Total Time":1.798,"Actual Rows":10000,"Actual Loops":1,"Shared Hit Blocks":0,"Shared Read Blocks":0,"Shared Dirtied Blocks":0,"Shared Written Blocks":0,"Local Hit Blocks":0,"Local Read Blocks":0,"Local Dirtied Blocks":0,"Local Written Blocks":0,"Temp Read Blocks":0,"Temp Written Blocks":0,"I/O Read Time":0.0,"I/O Write Time":0.0,"Temp I/O Read Time":0.0,"Temp I/O Write Time":0.0,"Subplans Removed":0,"Plans":[{"Node Type":"Custom Scan","Parent Relationship":"Member","Custom Plan Provider":"columnar scan","Parallel Aware":false,"Async Capable":false,"Relation Name":"supplier","Schema":"public","Alias":"supplier","Startup Cost":20.0,"Total Cost":215.0,"Plan Rows":10000,"Plan Width":8,"Actual Startup Time":0.026,"Actual Total Time":1.096,"Actual Rows":10000,"Actual Loops":1,"Output":["supplier.su_nationkey","supplier.su_suppkey"],"Rows Removed by Columnar Filter":0,"Columnar cache search mode":"native","Shared Hit Blocks":0,"Shared Read Blocks":0,"Shared Dirtied Blocks":0,"Shared Written Blocks":0,"Local Hit Blocks":0,"Local Read Blocks":0,"Local Dirtied Blocks":0,"Local Written Blocks":0,"Temp Read Blocks":0,"Temp Written Blocks":0,"I/O Read Time":0.0,"I/O Write Time":0.0,"Temp I/O Read Time":0.0,"Temp I/O Write Time":0.0},{"Node Type":"Seq Scan","Parent Relationship":"Member","Parallel Aware":false,"Async Capable":false,"Relation Name":"supplier","Schema":"public","Alias":"supplier","Startup Cost":0.0,"Total Cost":4.01,"Plan Rows":1,"Plan Width":8,"Actual Startup Time":0.0,"Actual Total Time":0.0,"Actual Rows":0,"Actual Loops":0,"Output":["supplier.su_nationkey","supplier.su_suppkey"],"Shared Hit Blocks":0,"Shared Read Blocks":0,"Shared Dirtied Blocks":0,"Shared Written Blocks":0,"Local Hit Blocks":0,"Local Read Blocks":0,"Local Dirtied Blocks":0,"Local Written Blocks":0,"Temp Read Blocks":0,"Temp Written Blocks":0,"I/O Read Time":0.0,"I/O Write Time":0.0,"Temp I/O Read Time":0.0,"Temp I/O Write Time":0.0}]}]}]},{"Node Type":"Hash","Parent Relationship":"Inner","Parallel Aware":false,"Async Capable":false,"Startup Cost":1.93,"Total Cost":1.93,"Plan Rows":2,"Plan Width":12,"Actual Startup Time":0.017,"Actual Total Time":0.02,"Actual Rows":2,"Actual Loops":1,"Output":["n1.n_nationkey","n1.n_name"],"Hash Buckets":1024,"Original Hash Buckets":1024,"Hash Batches":1,"Original Hash Batches":1,"Peak Memory Usage":9,"Shared Hit Blocks":1,"Shared Read Blocks":0,"Shared Dirtied Blocks":0,"Shared Written Blocks":0,"Local Hit Blocks":0,"Local Read Blocks":0,"Local Dirtied Blocks":0,"Local Written Blocks":0,"Temp Read Blocks":0,"Temp Written Blocks":0,"I/O Read Time":0.0,"I/O Write Time":0.0,"Temp I/O Read Time":0.0,"Temp I/O Write Time":0.0,"Plans":[{"Node Type":"Seq Scan","Parent Relationship":"Outer","Parallel Aware":false,"Async Capable":false,"Relation Name":"nation","Schema":"public","Alias":"n1","Startup Cost":0.0,"Total Cost":1.93,"Plan Rows":2,"Plan Width":12,"Actual Startup Time":0.01,"Actual Total Time":0.016,"Actual Rows":2,"Actual Loops":1,"Output":["n1.n_nationkey","n1.n_name"],"Filter":"(((n1.n_name)::text = 'Germany'::text) OR ((n1.n_name)::text = 'Cambodia'::text))","Rows Removed by Filter":60,"Shared Hit Blocks":1,"Shared Read Blocks":0,"Shared Dirtied Blocks":0,"Shared Written Blocks":0,"Local Hit Blocks":0,"Local Read Blocks":0,"Local Dirtied Blocks":0,"Local Written Blocks":0,"Temp Read Blocks":0,"Temp Written Blocks":0,"I/O Read Time":0.0,"I/O Write Time":0.0,"Temp I/O Read Time":0.0,"Temp I/O Write Time":0.0}]}]}]}]},{"Node Type":"Hash","Parent Relationship":"Inner","Parallel Aware":false,"Async Capable":false,"Startup Cost":119121.6,"Total Cost":119121.6,"Plan Rows":5996324,"Plan Width":24,"Actual Startup Time":1804.185,"Actual Total Time":1804.185,"Actual Rows":5995789,"Actual Loops":1,"Output":["orders.o_entry_d","orders.o_w_id","orders.o_d_id","orders.o_id","orders.o_c_id"],"Hash Buckets":131072,"Original Hash Buckets":131072,"Hash Batches":64,"Original Hash Batches":64,"Peak Memory Usage":6496,"Shared Hit Blocks":44122,"Shared Read Blocks":0,"Shared Dirtied Blocks":0,"Shared Written Blocks":0,"Local Hit Blocks":0,"Local Read Blocks":0,"Local Dirtied Blocks":0,"Local Written Blocks":0,"Temp Read Blocks":0,"Temp Written Blocks":34552,"I/O Read Time":0.0,"I/O Write Time":0.0,"Temp I/O Read Time":0.0,"Temp I/O Write Time":155.728,"Plans":[{"Node Type":"Seq Scan","Parent Relationship":"Outer","Parallel Aware":false,"Async Capable":false,"Relation Name":"orders","Schema":"public","Alias":"orders","Startup Cost":0.0,"Total Cost":119121.6,"Plan Rows":5996324,"Plan Width":24,"Actual Startup Time":0.013,"Actual Total Time":732.407,"Actual Rows":5995789,"Actual Loops":1,"Output":["orders.o_entry_d","orders.o_w_id","orders.o_d_id","orders.o_id","orders.o_c_id"],"Filter":"(orders.o_entry_d >= '1992-01-02 20:10:02.27764'::timestamp without time zone)","Rows Removed by Filter":4211,"Shared Hit Blocks":44122,"Shared Read Blocks":0,"Shared Dirtied Blocks":0,"Shared Written Blocks":0,"Local Hit Blocks":0,"Local Read Blocks":0,"Local Dirtied Blocks":0,"Local Written Blocks":0,"Temp Read Blocks":0,"Temp Written Blocks":0,"I/O Read Time":0.0,"I/O Write Time":0.0,"Temp I/O Read Time":0.0,"Temp I/O Write Time":0.0}]}]}]},{"Node Type":"Materialize","Parent Relationship":"Inner","Parallel Aware":false,"Async Capable":false,"Startup Cost":46361.03,"Total Cost":47328.79,"Plan Rows":193553,"Plan Width":20,"Actual Startup Time":227.276,"Actual Total Time":299.516,"Actual Rows":293066,"Actual Loops":1,"Output":["customer.c_nationkey","customer.c_id","customer.c_w_id","customer.c_d_id","n2.n_name"],"Shared Hit Blocks":0,"Shared Read Blocks":0,"Shared Dirtied Blocks":0,"Shared Written Blocks":0,"Local Hit Blocks":0,"Local Read Blocks":0,"Local Dirtied Blocks":0,"Local Written Blocks":0,"Temp Read Blocks":1090,"Temp Written Blocks":1096,"I/O Read Time":0.0,"I/O Write Time":0.0,"Temp I/O Read Time":1.409,"Temp I/O Write Time":4.348,"Plans":[{"Node Type":"Sort","Parent Relationship":"Outer","Parallel Aware":false,"Async Capable":false,"Startup Cost":46361.03,"Total Cost":46844.91,"Plan Rows":193553,"Plan Width":20,"Actual Startup Time":227.269,"Actual Total Time":267.666,"Actual Rows":289967,"Actual Loops":1,"Output":["customer.c_nationkey","customer.c_id","customer.c_w_id","customer.c_d_id","n2.n_name"],"Sort Key":["customer.c_id","customer.c_w_id","customer.c_d_id"],"Sort Method":"external merge","Sort Space Used":8720,"Sort Space Type":"Disk","Shared Hit Blocks":0,"Shared Read Blocks":0,"Shared Dirtied Blocks":0,"Shared Written Blocks":0,"Local Hit Blocks":0,"Local Read Blocks":0,"Local Dirtied Blocks":0,"Local Written Blocks":0,"Temp Read Blocks":1090,"Temp Written Blocks":1096,"I/O Read Time":0.0,"I/O Write Time":0.0,"Temp I/O Read Time":1.409,"Temp I/O Write Time":4.348,"Plans":[{"Node Type":"Hash Join","Parent Relationship":"Outer","Parallel Aware":false,"Async Capable":false,"Join Type":"Inner","Startup Cost":44.04,"Total Cost":25392.28,"Plan Rows":193553,"Plan Width":20,"Actual Startup Time":26.131,"Actual Total Time":131.576,"Actual Rows":289972,"Actual Loops":1,"Output":["customer.c_nationkey","customer.c_id","customer.c_w_id","customer.c_d_id","n2.n_name"],"Hash Cond":"(customer.c_nationkey = n2.n_nationkey)","Rows Removed by Bloom Filter":18000190,"Shared Hit Blocks":0,"Shared Read Blocks":0,"Shared Dirtied Blocks":0,"Shared Written Blocks":0,"Local Hit Blocks":0,"Local Read Blocks":0,"Local Dirtied Blocks":0,"Local Written Blocks":0,"Temp Read Blocks":0,"Temp Written Blocks":0,"I/O Read Time":0.0,"I/O Write Time":0.0,"Temp I/O Read Time":0.0,"Temp I/O Write Time":0.0,"Plans":[{"Node Type":"Append","Parent Relationship":"Outer","Parallel Aware":false,"Async Capable":false,"Startup Cost":20.0,"Total Cost":141025.46,"Plan Rows":6000140,"Plan Width":12,"Actual Startup Time":0.261,"Actual Total Time":0.262,"Actual Rows":6000000,"Actual Loops":1,"Shared Hit Blocks":0,"Shared Read Blocks":0,"Shared Dirtied Blocks":0,"Shared Written Blocks":0,"Local Hit Blocks":0,"Local Read Blocks":0,"Local Dirtied Blocks":0,"Local Written Blocks":0,"Temp Read Blocks":0,"Temp Written Blocks":0,"I/O Read Time":0.0,"I/O Write Time":0.0,"Temp I/O Read Time":0.0,"Temp I/O Write Time":0.0,"Subplans Removed":0,"Plans":[{"Node Type":"Custom Scan","Parent Relationship":"Member","Custom Plan Provider":"columnar scan","Parallel Aware":false,"Async Capable":false,"Relation Name":"customer","Schema":"public","Alias":"customer","Startup Cost":20.0,"Total Cost":141020.06,"Plan Rows":6000000,"Plan Width":12,"Actual Startup Time":0.259,"Actual Total Time":0.26,"Actual Rows":6000000,"Actual Loops":1,"Output":["customer.c_nationkey","customer.c_id","customer.c_w_id","customer.c_d_id"],"Rows Removed by Columnar Filter":0,"Columnar cache search mode":"native","Shared Hit Blocks":0,"Shared Read Blocks":0,"Shared Dirtied Blocks":0,"Shared Written Blocks":0,"Local Hit Blocks":0,"Local Read Blocks":0,"Local Dirtied Blocks":0,"Local Written Blocks":0,"Temp Read Blocks":0,"Temp Written Blocks":0,"I/O Read Time":0.0,"I/O Write Time":0.0,"Temp I/O Read Time":0.0,"Temp I/O Write Time":0.0},{"Node Type":"Seq Scan","Parent Relationship":"Member","Parallel Aware":false,"Async Capable":false,"Relation Name":"customer","Schema":"public","Alias":"customer","Startup Cost":0.0,"Total Cost":5.4,"Plan Rows":140,"Plan Width":12,"Actual Startup Time":0.0,"Actual Total Time":0.0,"Actual Rows":0,"Actual Loops":0,"Output":["customer.c_nationkey","customer.c_id","customer.c_w_id","customer.c_d_id"],"Shared Hit Blocks":0,"Shared Read Blocks":0,"Shared Dirtied Blocks":0,"Shared Written Blocks":0,"Local Hit Blocks":0,"Local Read Blocks":0,"Local Dirtied Blocks":0,"Local Written Blocks":0,"Temp Read Blocks":0,"Temp Written Blocks":0,"I/O Read Time":0.0,"I/O Write Time":0.0,"Temp I/O Read Time":0.0,"Temp I/O Write Time":0.0}]},{"Node Type":"Hash","Parent Relationship":"Inner","Parallel Aware":false,"Async Capable":false,"Startup Cost":24.07,"Total Cost":24.07,"Plan Rows":3,"Plan Width":12,"Actual Rows":2,"Actual Loops":1,"Output":["n2.n_nationkey","n2.n_name"],"Shared Hit Blocks":0,"Shared Read Blocks":0,"Shared Dirtied Blocks":0,"Shared Written Blocks":0,"Local Hit Blocks":0,"Local Read Blocks":0,"Local Dirtied Blocks":0,"Local Written Blocks":0,"Temp Read Blocks":0,"Temp Written Blocks":0,"I/O Read Time":0.0,"I/O Write Time":0.0,"Temp I/O Read Time":0.0,"Temp I/O Write Time":0.0,"Plans":[{"Node Type":"Append","Parent Relationship":"Outer","Parallel Aware":false,"Async Capable":false,"Startup Cost":20.0,"Total Cost":24.07,"Plan Rows":3,"Plan Width":12,"Actual Startup Time":0.09,"Actual Total Time":0.09,"Actual Rows":2,"Actual Loops":1,"Shared Hit Blocks":0,"Shared Read Blocks":0,"Shared Dirtied Blocks":0,"Shared Written Blocks":0,"Local Hit Blocks":0,"Local Read Blocks":0,"Local Dirtied Blocks":0,"Local Written Blocks":0,"Temp Read Blocks":0,"Temp Written Blocks":0,"I/O Read Time":0.0,"I/O Write Time":0.0,"Temp I/O Read Time":0.0,"Temp I/O Write Time":0.0,"Subplans Removed":0,"Plans":[{"Node Type":"Custom Scan","Parent Relationship":"Member","Custom Plan Provider":"columnar scan","Parallel Aware":false,"Async Capable":false,"Relation Name":"nation","Schema":"public","Alias":"n2","Startup Cost":20.0,"Total Cost":20.05,"Plan Rows":2,"Plan Width":12,"Actual Startup Time":0.087,"Actual Total Time":0.087,"Actual Rows":2,"Actual Loops":1,"Output":["n2.n_nationkey","n2.n_name"],"Filter":"(((n2.n_name)::text = 'Cambodia'::text) OR ((n2.n_name)::text = 'Germany'::text))","Rows Removed by Filter":0,"Rows Removed by Columnar Filter":60,"Columnar cache search mode":"native","Shared Hit Blocks":0,"Shared Read Blocks":0,"Shared Dirtied Blocks":0,"Shared Written Blocks":0,"Local Hit Blocks":0,"Local Read Blocks":0,"Local Dirtied Blocks":0,"Local Written Blocks":0,"Temp Read Blocks":0,"Temp Written Blocks":0,"I/O Read Time":0.0,"I/O Write Time":0.0,"Temp I/O Read Time":0.0,"Temp I/O Write Time":0.0},{"Node Type":"Seq Scan","Parent Relationship":"Member","Parallel Aware":false,"Async Capable":false,"Relation Name":"nation","Schema":"public","Alias":"n2","Startup Cost":0.0,"Total Cost":4.01,"Plan Rows":1,"Plan Width":12,"Actual Startup Time":0.0,"Actual Total Time":0.0,"Actual Rows":0,"Actual Loops":0,"Output":["n2.n_nationkey","n2.n_name"],"Filter":"(((n2.n_name)::text = 'Cambodia'::text) OR ((n2.n_name)::text = 'Germany'::text))","Rows Removed by Filter":0,"Shared Hit Blocks":0,"Shared Read Blocks":0,"Shared Dirtied Blocks":0,"Shared Written Blocks":0,"Local Hit Blocks":0,"Local Read Blocks":0,"Local Dirtied Blocks":0,"Local Written Blocks":0,"Temp Read Blocks":0,"Temp Written Blocks":0,"I/O Read Time":0.0,"I/O Write Time":0.0,"Temp I/O Read Time":0.0,"Temp I/O Write Time":0.0}]}]}]}]}]}]}]}]},"Planning":{"Shared Hit Blocks":152,"Shared Read Blocks":0,"Shared Dirtied Blocks":0,"Shared Written Blocks":0,"Local Hit Blocks":0,"Local Read Blocks":0,"Local Dirtied Blocks":0,"Local Written Blocks":0,"Temp Read Blocks":0,"Temp Written Blocks":0,"I/O Read Time":0.0,"I/O Write Time":0.0,"Temp I/O Read Time":0.0,"Temp I/O Write Time":0.0},"Planning Time":3.152,"Triggers":[],"Execution Time":20975.385}]
[列存组合]: customer, order_line, orders
[{"Plan":{"Node Type":"Aggregate","Strategy":"Sorted","Partial Mode":"Simple","Parallel Aware":false,"Async Capable":false,"Startup Cost":1522326.58,"Total Cost":1522581.39,"Plan Rows":9266,"Plan Width":72,"Actual Startup Time":16886.365,"Actual Total Time":16890.341,"Actual Rows":6,"Actual Loops":1,"Output":["supplier.su_nationkey","customer.c_nationkey","(EXTRACT(year FROM orders.o_entry_d))","sum(order_line.ol_amount)"],"Group Key":["supplier.su_nationkey","customer.c_nationkey","(EXTRACT(year FROM orders.o_entry_d))"],"Shared Hit Blocks":54892,"Shared Read Blocks":0,"Shared Dirtied Blocks":0,"Shared Written Blocks":0,"Local Hit Blocks":0,"Local Read Blocks":0,"Local Dirtied Blocks":0,"Local Written Blocks":0,"Temp Read Blocks":7410,"Temp Written Blocks":7410,"I/O Read Time":0.0,"I/O Write Time":0.0,"Temp I/O Read Time":19.603,"Temp I/O Write Time":66.286,"Plans":[{"Node Type":"Sort","Parent Relationship":"Outer","Parallel Aware":false,"Async Capable":false,"Startup Cost":1522326.58,"Total Cost":1522349.74,"Plan Rows":9266,"Plan Width":44,"Actual Startup Time":16886.194,"Actual Total Time":16887.025,"Actual Rows":12121,"Actual Loops":1,"Output":["supplier.su_nationkey","customer.c_nationkey","(EXTRACT(year FROM orders.o_entry_d))","order_line.ol_amount"],"Sort Key":["supplier.su_nationkey","customer.c_nationkey","(EXTRACT(year FROM orders.o_entry_d))"],"Sort Method":"quicksort","Sort Space Used":1047,"Sort Space Type":"Memory","Shared Hit Blocks":54892,"Shared Read Blocks":0,"Shared Dirtied Blocks":0,"Shared Written Blocks":0,"Local Hit Blocks":0,"Local Read Blocks":0,"Local Dirtied Blocks":0,"Local Written Blocks":0,"Temp Read Blocks":7410,"Temp Written Blocks":7410,"I/O Read Time":0.0,"I/O Write Time":0.0,"Temp I/O Read Time":19.603,"Temp I/O Write Time":66.286,"Plans":[{"Node Type":"Hash Join","Parent Relationship":"Outer","Parallel Aware":false,"Async Capable":false,"Join Type":"Inner","Startup Cost":687937.78,"Total Cost":1521716.05,"Plan Rows":9266,"Plan Width":44,"Actual Startup Time":8605.889,"Actual Total Time":16880.072,"Actual Rows":12121,"Actual Loops":1,"Output":["supplier.su_nationkey","customer.c_nationkey","EXTRACT(year FROM orders.o_entry_d)","order_line.ol_amount"],"Hash Cond":"((order_line.ol_supply_w_id = stock.s_w_id) AND (order_line.ol_i_id = stock.s_i_id))","Join Filter":"((((n1.n_name)::text = 'Germany'::text) AND ((n2.n_name)::text = 'Cambodia'::text)) OR (((n1.n_name)::text = 'Cambodia'::text) AND ((n2.n_name)::text = 'Germany'::text)))","Rows Removed by Join Filter":11453,"Shared Hit Blocks":54892,"Shared Read Blocks":0,"Shared Dirtied Blocks":0,"Shared Written Blocks":0,"Local Hit Blocks":0,"Local Read Blocks":0,"Local Dirtied Blocks":0,"Local Written Blocks":0,"Temp Read Blocks":7410,"Temp Written Blocks":7410,"I/O Read Time":0.0,"I/O Write Time":0.0,"Temp I/O Read Time":19.603,"Temp I/O Write Time":66.286,"Plans":[{"Node Type":"Hash Join","Parent Relationship":"Outer","Parallel Aware":false,"Async Capable":false,"Join Type":"Inner","Startup Cost":41055.03,"Total Cost":850211.15,"Plan Rows":565362,"Plan Width":30,"Actual Startup Time":1936.404,"Actual Total Time":9638.905,"Actual Rows":818159,"Actual Loops":1,"Output":["order_line.ol_amount","order_line.ol_supply_w_id","order_line.ol_i_id","orders.o_entry_d","customer.c_nationkey","n2.n_name"],"Hash Cond":"(customer.c_nationkey = n2.n_nationkey)","Shared Hit Blocks":1,"Shared Read Blocks":0,"Shared Dirtied Blocks":0,"Shared Written Blocks":0,"Local Hit Blocks":0,"Local Read Blocks":0,"Local Dirtied Blocks":0,"Local Written Blocks":0,"Temp Read Blocks":0,"Temp Written Blocks":0,"I/O Read Time":0.0,"I/O Write Time":0.0,"Temp I/O Read Time":0.0,"Temp I/O Write Time":0.0,"Plans":[{"Node Type":"Hash Join","Parent Relationship":"Outer","Parallel Aware":false,"Async Capable":false,"Join Type":"Inner","Startup Cost":41053.07,"Total Cost":801058.04,"Plan Rows":17526218,"Plan Width":22,"Actual Startup Time":1936.1,"Actual Total Time":7487.704,"Actual Rows":16894821,"Actual Loops":1,"Output":["order_line.ol_amount","order_line.ol_supply_w_id","order_line.ol_i_id","orders.o_entry_d","customer.c_nationkey"],"Hash Cond":"((order_line.ol_w_id = customer.c_w_id) AND (order_line.ol_d_id = customer.c_d_id) AND (orders.o_c_id = customer.c_id))","Rows Removed by Bloom Filter":0,"Shared Hit Blocks":0,"Shared Read Blocks":0,"Shared Dirtied Blocks":0,"Shared Written Blocks":0,"Local Hit Blocks":0,"Local Read Blocks":0,"Local Dirtied Blocks":0,"Local Written Blocks":0,"Temp Read Blocks":0,"Temp Written Blocks":0,"I/O Read Time":0.0,"I/O Write Time":0.0,"Temp I/O Read Time":0.0,"Temp I/O Write Time":0.0,"Plans":[{"Node Type":"Hash Join","Parent Relationship":"Outer","Parallel Aware":false,"Async Capable":false,"Join Type":"Inner","Startup Cost":20539.32,"Total Cost":586018.71,"Plan Rows":17526218,"Plan Width":30,"Actual Startup Time":1053.382,"Actual Total Time":1053.406,"Actual Rows":0,"Actual Loops":1,"Output":["order_line.ol_amount","order_line.ol_supply_w_id","order_line.ol_i_id","order_line.ol_w_id","order_line.ol_d_id","orders.o_entry_d","orders.o_w_id","orders.o_d_id","orders.o_c_id"],"Hash Cond":"((order_line.ol_w_id = orders.o_w_id) AND (order_line.ol_d_id = orders.o_d_id) AND (order_line.ol_o_id = orders.o_id))","Rows Removed by Bloom Filter":0,"Shared Hit Blocks":0,"Shared Read Blocks":0,"Shared Dirtied Blocks":0,"Shared Written Blocks":0,"Local Hit Blocks":0,"Local Read Blocks":0,"Local Dirtied Blocks":0,"Local Written Blocks":0,"Temp Read Blocks":0,"Temp Written Blocks":0,"I/O Read Time":0.0,"I/O Write Time":0.0,"Temp I/O Read Time":0.0,"Temp I/O Write Time":0.0,"Plans":[{"Node Type":"Append","Parent Relationship":"Outer","Parallel Aware":false,"Async Capable":false,"Startup Cost":20.0,"Total Cost":482290.51,"Plan Rows":17536869,"Plan Width":22,"Actual Startup Time":1050.092,"Actual Total Time":1050.103,"Actual Rows":16894821,"Actual Loops":1,"Shared Hit Blocks":0,"Shared Read Blocks":0,"Shared Dirtied Blocks":0,"Shared Written Blocks":0,"Local Hit Blocks":0,"Local Read Blocks":0,"Local Dirtied Blocks":0,"Local Written Blocks":0,"Temp Read Blocks":0,"Temp Written Blocks":0,"I/O Read Time":0.0,"I/O Write Time":0.0,"Temp I/O Read Time":0.0,"Temp I/O Write Time":0.0,"Subplans Removed":0,"Plans":[{"Node Type":"Custom Scan","Parent Relationship":"Member","Custom Plan Provider":"columnar scan","Parallel Aware":false,"Async Capable":false,"Relation Name":"order_line","Schema":"public","Alias":"order_line","Startup Cost":20.0,"Total Cost":482285.56,"Plan Rows":17536851,"Plan Width":22,"Actual Startup Time":1050.088,"Actual Total Time":1050.092,"Actual Rows":16894821,"Actual Loops":1,"Output":["order_line.ol_amount","order_line.ol_supply_w_id","order_line.ol_i_id","order_line.ol_w_id","order_line.ol_d_id","order_line.ol_o_id"],"Filter":"((order_line.ol_delivery_d <= '1997-01-01 20:10:02.27764'::timestamp without time zone) AND (order_line.ol_delivery_d >= '1995-01-02 20:10:02.27764'::timestamp without time zone))","Rows Removed by Filter":0,"Rows Removed by Columnar Filter":43098940,"Rows Filtered by Bloom Filter":0,"Dictionary Rows Filtered by Bloom Filter":857915,"Columnar cache search mode":"native","Shared Hit Blocks":0,"Shared Read Blocks":0,"Shared Dirtied Blocks":0,"Shared Written Blocks":0,"Local Hit Blocks":0,"Local Read Blocks":0,"Local Dirtied Blocks":0,"Local Written Blocks":0,"Temp Read Blocks":0,"Temp Written Blocks":0,"I/O Read Time":0.0,"I/O Write Time":0.0,"Temp I/O Read Time":0.0,"Temp I/O Write Time":0.0},{"Node Type":"Seq Scan","Parent Relationship":"Member","Parallel Aware":false,"Async Capable":false,"Relation Name":"order_line","Schema":"public","Alias":"order_line","Startup Cost":0.0,"Total Cost":4.95,"Plan Rows":18,"Plan Width":22,"Actual Startup Time":0.0,"Actual Total Time":0.0,"Actual Rows":0,"Actual Loops":0,"Output":["order_line.ol_amount","order_line.ol_supply_w_id","order_line.ol_i_id","order_line.ol_w_id","order_line.ol_d_id","order_line.ol_o_id"],"Filter":"((order_line.ol_delivery_d <= '1997-01-01 20:10:02.27764'::timestamp without time zone) AND (order_line.ol_delivery_d >= '1995-01-02 20:10:02.27764'::timestamp without time zone))","Rows Removed by Filter":0,"Shared Hit Blocks":0,"Shared Read Blocks":0,"Shared Dirtied Blocks":0,"Shared Written Blocks":0,"Local Hit Blocks":0,"Local Read Blocks":0,"Local Dirtied Blocks":0,"Local Written Blocks":0,"Temp Read Blocks":0,"Temp Written Blocks":0,"I/O Read Time":0.0,"I/O Write Time":0.0,"Temp I/O Read Time":0.0,"Temp I/O Write Time":0.0}]},{"Node Type":"Hash","Parent Relationship":"Inner","Parallel Aware":false,"Async Capable":false,"Startup Cost":152930.34,"Total Cost":152930.34,"Plan Rows":5996325,"Plan Width":24,"Actual Rows":5995789,"Actual Loops":1,"Output":["orders.o_entry_d","orders.o_w_id","orders.o_d_id","orders.o_id","orders.o_c_id"],"Shared Hit Blocks":0,"Shared Read Blocks":0,"Shared Dirtied Blocks":0,"Shared Written Blocks":0,"Local Hit Blocks":0,"Local Read Blocks":0,"Local Dirtied Blocks":0,"Local Written Blocks":0,"Temp Read Blocks":0,"Temp Written Blocks":0,"I/O Read Time":0.0,"I/O Write Time":0.0,"Temp I/O Read Time":0.0,"Temp I/O Write Time":0.0,"Plans":[{"Node Type":"Append","Parent Relationship":"Outer","Parallel Aware":false,"Async Capable":false,"Startup Cost":20.0,"Total Cost":152930.34,"Plan Rows":5996325,"Plan Width":24,"Actual Startup Time":3.132,"Actual Total Time":3.138,"Actual Rows":5995789,"Actual Loops":1,"Shared Hit Blocks":0,"Shared Read Blocks":0,"Shared Dirtied Blocks":0,"Shared Written Blocks":0,"Local Hit Blocks":0,"Local Read Blocks":0,"Local Dirtied Blocks":0,"Local Written Blocks":0,"Temp Read Blocks":0,"Temp Written Blocks":0,"I/O Read Time":0.0,"I/O Write Time":0.0,"Temp I/O Read Time":0.0,"Temp I/O Write Time":0.0,"Subplans Removed":0,"Plans":[{"Node Type":"Custom Scan","Parent Relationship":"Member","Custom Plan Provider":"columnar scan","Parallel Aware":false,"Async Capable":false,"Relation Name":"orders","Schema":"public","Alias":"orders","Startup Cost":20.0,"Total Cost":152926.32,"Plan Rows":5996324,"Plan Width":24,"Actual Startup Time":3.13,"Actual Total Time":3.13,"Actual Rows":5995789,"Actual Loops":1,"Output":["orders.o_entry_d","orders.o_w_id","orders.o_d_id","orders.o_id","orders.o_c_id"],"Filter":"(orders.o_entry_d >= '1992-01-02 20:10:02.27764'::timestamp without time zone)","Rows Removed by Filter":0,"Rows Removed by Columnar Filter":4211,"Columnar cache search mode":"native","Shared Hit Blocks":0,"Shared Read Blocks":0,"Shared Dirtied Blocks":0,"Shared Written Blocks":0,"Local Hit Blocks":0,"Local Read Blocks":0,"Local Dirtied Blocks":0,"Local Written Blocks":0,"Temp Read Blocks":0,"Temp Written Blocks":0,"I/O Read Time":0.0,"I/O Write Time":0.0,"Temp I/O Read Time":0.0,"Temp I/O Write Time":0.0},{"Node Type":"Seq Scan","Parent Relationship":"Member","Parallel Aware":false,"Async Capable":false,"Relation Name":"orders","Schema":"public","Alias":"orders","Startup Cost":0.0,"Total Cost":4.01,"Plan Rows":1,"Plan Width":24,"Actual Startup Time":0.0,"Actual Total Time":0.0,"Actual Rows":0,"Actual Loops":0,"Output":["orders.o_entry_d","orders.o_w_id","orders.o_d_id","orders.o_id","orders.o_c_id"],"Filter":"(orders.o_entry_d >= '1992-01-02 20:10:02.27764'::timestamp without time zone)","Rows Removed by Filter":0,"Shared Hit Blocks":0,"Shared Read Blocks":0,"Shared Dirtied Blocks":0,"Shared Written Blocks":0,"Local Hit Blocks":0,"Local Read Blocks":0,"Local Dirtied Blocks":0,"Local Written Blocks":0,"Temp Read Blocks":0,"Temp Written Blocks":0,"I/O Read Time":0.0,"I/O Write Time":0.0,"Temp I/O Read Time":0.0,"Temp I/O Write Time":0.0}]}]}]},{"Node Type":"Hash","Parent Relationship":"Inner","Parallel Aware":false,"Async Capable":false,"Startup Cost":141025.46,"Total Cost":141025.46,"Plan Rows":6000140,"Plan Width":12,"Actual Rows":6000000,"Actual Loops":1,"Output":["customer.c_nationkey","customer.c_id","customer.c_w_id","customer.c_d_id"],"Shared Hit Blocks":0,"Shared Read Blocks":0,"Shared Dirtied Blocks":0,"Shared Written Blocks":0,"Local Hit Blocks":0,"Local Read Blocks":0,"Local Dirtied Blocks":0,"Local Written Blocks":0,"Temp Read Blocks":0,"Temp Written Blocks":0,"I/O Read Time":0.0,"I/O Write Time":0.0,"Temp I/O Read Time":0.0,"Temp I/O Write Time":0.0,"Plans":[{"Node Type":"Append","Parent Relationship":"Outer","Parallel Aware":false,"Async Capable":false,"Startup Cost":20.0,"Total Cost":141025.46,"Plan Rows":6000140,"Plan Width":12,"Actual Startup Time":0.285,"Actual Total Time":0.29,"Actual Rows":6000000,"Actual Loops":1,"Shared Hit Blocks":0,"Shared Read Blocks":0,"Shared Dirtied Blocks":0,"Shared Written Blocks":0,"Local Hit Blocks":0,"Local Read Blocks":0,"Local Dirtied Blocks":0,"Local Written Blocks":0,"Temp Read Blocks":0,"Temp Written Blocks":0,"I/O Read Time":0.0,"I/O Write Time":0.0,"Temp I/O Read Time":0.0,"Temp I/O Write Time":0.0,"Subplans Removed":0,"Plans":[{"Node Type":"Custom Scan","Parent Relationship":"Member","Custom Plan Provider":"columnar scan","Parallel Aware":false,"Async Capable":false,"Relation Name":"customer","Schema":"public","Alias":"customer","Startup Cost":20.0,"Total Cost":141020.06,"Plan Rows":6000000,"Plan Width":12,"Actual Startup Time":0.282,"Actual Total Time":0.284,"Actual Rows":6000000,"Actual Loops":1,"Output":["customer.c_nationkey","customer.c_id","customer.c_w_id","customer.c_d_id"],"Rows Removed by Columnar Filter":0,"Columnar cache search mode":"native","Shared Hit Blocks":0,"Shared Read Blocks":0,"Shared Dirtied Blocks":0,"Shared Written Blocks":0,"Local Hit Blocks":0,"Local Read Blocks":0,"Local Dirtied Blocks":0,"Local Written Blocks":0,"Temp Read Blocks":0,"Temp Written Blocks":0,"I/O Read Time":0.0,"I/O Write Time":0.0,"Temp I/O Read Time":0.0,"Temp I/O Write Time":0.0},{"Node Type":"Seq Scan","Parent Relationship":"Member","Parallel Aware":false,"Async Capable":false,"Relation Name":"customer","Schema":"public","Alias":"customer","Startup Cost":0.0,"Total Cost":5.4,"Plan Rows":140,"Plan Width":12,"Actual Startup Time":0.0,"Actual Total Time":0.0,"Actual Rows":0,"Actual Loops":0,"Output":["customer.c_nationkey","customer.c_id","customer.c_w_id","customer.c_d_id"],"Shared Hit Blocks":0,"Shared Read Blocks":0,"Shared Dirtied Blocks":0,"Shared Written Blocks":0,"Local Hit Blocks":0,"Local Read Blocks":0,"Local Dirtied Blocks":0,"Local Written Blocks":0,"Temp Read Blocks":0,"Temp Written Blocks":0,"I/O Read Time":0.0,"I/O Write Time":0.0,"Temp I/O Read Time":0.0,"Temp I/O Write Time":0.0}]}]}]},{"Node Type":"Hash","Parent Relationship":"Inner","Parallel Aware":false,"Async Capable":false,"Startup Cost":1.93,"Total Cost":1.93,"Plan Rows":2,"Plan Width":12,"Actual Startup Time":0.032,"Actual Total Time":0.035,"Actual Rows":2,"Actual Loops":1,"Output":["n2.n_nationkey","n2.n_name"],"Hash Buckets":1024,"Original Hash Buckets":1024,"Hash Batches":1,"Original Hash Batches":1,"Peak Memory Usage":9,"Shared Hit Blocks":1,"Shared Read Blocks":0,"Shared Dirtied Blocks":0,"Shared Written Blocks":0,"Local Hit Blocks":0,"Local Read Blocks":0,"Local Dirtied Blocks":0,"Local Written Blocks":0,"Temp Read Blocks":0,"Temp Written Blocks":0,"I/O Read Time":0.0,"I/O Write Time":0.0,"Temp I/O Read Time":0.0,"Temp I/O Write Time":0.0,"Plans":[{"Node Type":"Seq Scan","Parent Relationship":"Outer","Parallel Aware":false,"Async Capable":false,"Relation Name":"nation","Schema":"public","Alias":"n2","Startup Cost":0.0,"Total Cost":1.93,"Plan Rows":2,"Plan Width":12,"Actual Startup Time":0.023,"Actual Total Time":0.028,"Actual Rows":2,"Actual Loops":1,"Output":["n2.n_nationkey","n2.n_name"],"Filter":"(((n2.n_name)::text = 'Cambodia'::text) OR ((n2.n_name)::text = 'Germany'::text))","Rows Removed by Filter":60,"Shared Hit Blocks":1,"Shared Read Blocks":0,"Shared Dirtied Blocks":0,"Shared Written Blocks":0,"Local Hit Blocks":0,"Local Read Blocks":0,"Local Dirtied Blocks":0,"Local Written Blocks":0,"Temp Read Blocks":0,"Temp Written Blocks":0,"I/O Read Time":0.0,"I/O Write Time":0.0,"Temp I/O Read Time":0.0,"Temp I/O Write Time":0.0}]}]},{"Node Type":"Hash","Parent Relationship":"Inner","Parallel Aware":false,"Async Capable":false,"Startup Cost":633424.24,"Total Cost":633424.24,"Plan Rows":645168,"Plan Width":18,"Actual Startup Time":6665.314,"Actual Total Time":6665.327,"Actual Rows":566400,"Actual Loops":1,"Output":["supplier.su_nationkey","stock.s_w_id","stock.s_i_id","n1.n_name"],"Hash Buckets":131072,"Original Hash Buckets":131072,"Hash Batches":8,"Original Hash Batches":8,"Peak Memory Usage":4646,"Shared Hit Blocks":54891,"Shared Read Blocks":0,"Shared Dirtied Blocks":0,"Shared Written Blocks":0,"Local Hit Blocks":0,"Local Read Blocks":0,"Local Dirtied Blocks":0,"Local Written Blocks":0,"Temp Read Blocks":0,"Temp Written Blocks":2445,"I/O Read Time":0.0,"I/O Write Time":0.0,"Temp I/O Read Time":0.0,"Temp I/O Write Time":14.357,"Plans":[{"Node Type":"Hash Join","Parent Relationship":"Outer","Parallel Aware":false,"Async Capable":false,"Join Type":"Inner","Startup Cost":444.39,"Total Cost":633424.24,"Plan Rows":645168,"Plan Width":18,"Actual Startup Time":3.844,"Actual Total Time":6515.989,"Actual Rows":566400,"Actual Loops":1,"Output":["supplier.su_nationkey","stock.s_w_id","stock.s_i_id","n1.n_name"],"Hash Cond":"(supplier.su_nationkey = n1.n_nationkey)","Shared Hit Blocks":54891,"Shared Read Blocks":0,"Shared Dirtied Blocks":0,"Shared Written Blocks":0,"Local Hit Blocks":0,"Local Read Blocks":0,"Local Dirtied Blocks":0,"Local Written Blocks":0,"Temp Read Blocks":0,"Temp Written Blocks":0,"I/O Read Time":0.0,"I/O Write Time":0.0,"Temp I/O Read Time":0.0,"Temp I/O Write Time":0.0,"Plans":[{"Node Type":"Hash Join","Parent Relationship":"Outer","Parallel Aware":false,"Async Capable":false,"Join Type":"Inner","Startup Cost":442.44,"Total Cost":577332.98,"Plan Rows":20000212,"Plan Width":10,"Actual Startup Time":3.797,"Actual Total Time":5172.324,"Actual Rows":20000000,"Actual Loops":1,"Output":["supplier.su_nationkey","stock.s_w_id","stock.s_i_id"],"Hash Cond":"(mod((stock.s_w_id * stock.s_i_id), 10000) = supplier.su_suppkey)","Shared Hit Blocks":54890,"Shared Read Blocks":0,"Shared Dirtied Blocks":0,"Shared Written Blocks":0,"Local Hit Blocks":0,"Local Read Blocks":0,"Local Dirtied Blocks":0,"Local Written Blocks":0,"Temp Read Blocks":0,"Temp Written Blocks":0,"I/O Read Time":0.0,"I/O Write Time":0.0,"Temp I/O Read Time":0.0,"Temp I/O Write Time":0.0,"Plans":[{"Node Type":"Index Only Scan","Parent Relationship":"Outer","Parallel Aware":false,"Async Capable":false,"Scan Direction":"Forward","Index Name":"stock_pk","Relation Name":"stock","Schema":"public","Alias":"stock","Startup Cost":0.44,"Total Cost":519363.62,"Plan Rows":20000212,"Plan Width":6,"Actual Startup Time":0.016,"Actual Total Time":1531.262,"Actual Rows":20000000,"Actual Loops":1,"Output":["stock.s_w_id","stock.s_i_id"],"Heap Fetches":0,"Shared Hit Blocks":54673,"Shared Read Blocks":0,"Shared Dirtied Blocks":0,"Shared Written Blocks":0,"Local Hit Blocks":0,"Local Read Blocks":0,"Local Dirtied Blocks":0,"Local Written Blocks":0,"Temp Read Blocks":0,"Temp Written Blocks":0,"I/O Read Time":0.0,"I/O Write Time":0.0,"Temp I/O Read Time":0.0,"Temp I/O Write Time":0.0},{"Node Type":"Hash","Parent Relationship":"Inner","Parallel Aware":false,"Async Capable":false,"Startup Cost":317.0,"Total Cost":317.0,"Plan Rows":10000,"Plan Width":8,"Actual Startup Time":3.714,"Actual Total Time":3.717,"Actual Rows":10000,"Actual Loops":1,"Output":["supplier.su_nationkey","supplier.su_suppkey"],"Hash Buckets":16384,"Original Hash Buckets":16384,"Hash Batches":1,"Original Hash Batches":1,"Peak Memory Usage":519,"Shared Hit Blocks":217,"Shared Read Blocks":0,"Shared Dirtied Blocks":0,"Shared Written Blocks":0,"Local Hit Blocks":0,"Local Read Blocks":0,"Local Dirtied Blocks":0,"Local Written Blocks":0,"Temp Read Blocks":0,"Temp Written Blocks":0,"I/O Read Time":0.0,"I/O Write Time":0.0,"Temp I/O Read Time":0.0,"Temp I/O Write Time":0.0,"Plans":[{"Node Type":"Seq Scan","Parent Relationship":"Outer","Parallel Aware":false,"Async Capable":false,"Relation Name":"supplier","Schema":"public","Alias":"supplier","Startup Cost":0.0,"Total Cost":317.0,"Plan Rows":10000,"Plan Width":8,"Actual Startup Time":0.007,"Actual Total Time":1.833,"Actual Rows":10000,"Actual Loops":1,"Output":["supplier.su_nationkey","supplier.su_suppkey"],"Shared Hit Blocks":217,"Shared Read Blocks":0,"Shared Dirtied Blocks":0,"Shared Written Blocks":0,"Local Hit Blocks":0,"Local Read Blocks":0,"Local Dirtied Blocks":0,"Local Written Blocks":0,"Temp Read Blocks":0,"Temp Written Blocks":0,"I/O Read Time":0.0,"I/O Write Time":0.0,"Temp I/O Read Time":0.0,"Temp I/O Write Time":0.0}]}]},{"Node Type":"Hash","Parent Relationship":"Inner","Parallel Aware":false,"Async Capable":false,"Startup Cost":1.93,"Total Cost":1.93,"Plan Rows":2,"Plan Width":12,"Actual Startup Time":0.033,"Actual Total Time":0.034,"Actual Rows":2,"Actual Loops":1,"Output":["n1.n_nationkey","n1.n_name"],"Hash Buckets":1024,"Original Hash Buckets":1024,"Hash Batches":1,"Original Hash Batches":1,"Peak Memory Usage":9,"Shared Hit Blocks":1,"Shared Read Blocks":0,"Shared Dirtied Blocks":0,"Shared Written Blocks":0,"Local Hit Blocks":0,"Local Read Blocks":0,"Local Dirtied Blocks":0,"Local Written Blocks":0,"Temp Read Blocks":0,"Temp Written Blocks":0,"I/O Read Time":0.0,"I/O Write Time":0.0,"Temp I/O Read Time":0.0,"Temp I/O Write Time":0.0,"Plans":[{"Node Type":"Seq Scan","Parent Relationship":"Outer","Parallel Aware":false,"Async Capable":false,"Relation Name":"nation","Schema":"public","Alias":"n1","Startup Cost":0.0,"Total Cost":1.93,"Plan Rows":2,"Plan Width":12,"Actual Startup Time":0.021,"Actual Total Time":0.028,"Actual Rows":2,"Actual Loops":1,"Output":["n1.n_nationkey","n1.n_name"],"Filter":"(((n1.n_name)::text = 'Germany'::text) OR ((n1.n_name)::text = 'Cambodia'::text))","Rows Removed by Filter":60,"Shared Hit Blocks":1,"Shared Read Blocks":0,"Shared Dirtied Blocks":0,"Shared Written Blocks":0,"Local Hit Blocks":0,"Local Read Blocks":0,"Local Dirtied Blocks":0,"Local Written Blocks":0,"Temp Read Blocks":0,"Temp Written Blocks":0,"I/O Read Time":0.0,"I/O Write Time":0.0,"Temp I/O Read Time":0.0,"Temp I/O Write Time":0.0}]}]}]}]}]}]},"Planning":{"Shared Hit Blocks":152,"Shared Read Blocks":0,"Shared Dirtied Blocks":0,"Shared Written Blocks":0,"Local Hit Blocks":0,"Local Read Blocks":0,"Local Dirtied Blocks":0,"Local Written Blocks":0,"Temp Read Blocks":0,"Temp Written Blocks":0,"I/O Read Time":0.0,"I/O Write Time":0.0,"Temp I/O Read Time":0.0,"Temp I/O Write Time":0.0},"Planning Time":4.988,"Triggers":[],"Execution Time":16891.847}]
[列存组合]: customer, order_line, stock
[{"Plan":{"Node Type":"Aggregate","Strategy":"Sorted","Partial Mode":"Simple","Parallel Aware":false,"Async Capable":false,"Startup Cost":2129008.87,"Total Cost":2129263.69,"Plan Rows":9266,"Plan Width":72,"Actual Startup Time":13171.783,"Actual Total Time":13174.327,"Actual Rows":6,"Actual Loops":1,"Output":["supplier.su_nationkey","customer.c_nationkey","(EXTRACT(year FROM orders.o_entry_d))","sum(order_line.ol_amount)"],"Group Key":["supplier.su_nationkey","customer.c_nationkey","(EXTRACT(year FROM orders.o_entry_d))"],"Shared Hit Blocks":44341,"Shared Read Blocks":0,"Shared Dirtied Blocks":0,"Shared Written Blocks":0,"Local Hit Blocks":0,"Local Read Blocks":0,"Local Dirtied Blocks":0,"Local Written Blocks":0,"Temp Read Blocks":41796,"Temp Written Blocks":41814,"I/O Read Time":0.0,"I/O Write Time":0.0,"Temp I/O Read Time":63.443,"Temp I/O Write Time":194.505,"Plans":[{"Node Type":"Sort","Parent Relationship":"Outer","Parallel Aware":false,"Async Capable":false,"Startup Cost":2129008.87,"Total Cost":2129032.04,"Plan Rows":9266,"Plan Width":44,"Actual Startup Time":13171.675,"Actual Total Time":13172.199,"Actual Rows":12121,"Actual Loops":1,"Output":["supplier.su_nationkey","customer.c_nationkey","(EXTRACT(year FROM orders.o_entry_d))","order_line.ol_amount"],"Sort Key":["supplier.su_nationkey","customer.c_nationkey","(EXTRACT(year FROM orders.o_entry_d))"],"Sort Method":"quicksort","Sort Space Used":1047,"Sort Space Type":"Memory","Shared Hit Blocks":44341,"Shared Read Blocks":0,"Shared Dirtied Blocks":0,"Shared Written Blocks":0,"Local Hit Blocks":0,"Local Read Blocks":0,"Local Dirtied Blocks":0,"Local Written Blocks":0,"Temp Read Blocks":41796,"Temp Written Blocks":41814,"I/O Read Time":0.0,"I/O Write Time":0.0,"Temp I/O Read Time":63.443,"Temp I/O Write Time":194.505,"Plans":[{"Node Type":"Merge Join","Parent Relationship":"Outer","Parallel Aware":false,"Async Capable":false,"Join Type":"Inner","Startup Cost":2119938.52,"Total Cost":2128398.35,"Plan Rows":9266,"Plan Width":44,"Actual Startup Time":12828.922,"Actual Total Time":13168.794,"Actual Rows":12121,"Actual Loops":1,"Output":["supplier.su_nationkey","customer.c_nationkey","EXTRACT(year FROM orders.o_entry_d)","order_line.ol_amount"],"Merge Cond":"((orders.o_c_id = customer.c_id) AND (order_line.ol_w_id = customer.c_w_id) AND (order_line.ol_d_id = customer.c_d_id))","Join Filter":"((((n1.n_name)::text = 'Germany'::text) AND ((n2.n_name)::text = 'Cambodia'::text)) OR (((n1.n_name)::text = 'Cambodia'::text) AND ((n2.n_name)::text = 'Germany'::text)))","Rows Removed by Join Filter":11453,"Shared Hit Blocks":44341,"Shared Read Blocks":0,"Shared Dirtied Blocks":0,"Shared Written Blocks":0,"Local Hit Blocks":0,"Local Read Blocks":0,"Local Dirtied Blocks":0,"Local Written Blocks":0,"Temp Read Blocks":41796,"Temp Written Blocks":41814,"I/O Read Time":0.0,"I/O Write Time":0.0,"Temp I/O Read Time":63.443,"Temp I/O Write Time":194.505,"Plans":[{"Node Type":"Sort","Parent Relationship":"Outer","Parallel Aware":false,"Async Capable":false,"Startup Cost":1572345.14,"Total Cost":1573758.54,"Plan Rows":565362,"Plan Width":36,"Actual Startup Time":12569.749,"Actual Total Time":12740.11,"Actual Rows":485009,"Actual Loops":1,"Output":["supplier.su_nationkey","order_line.ol_amount","order_line.ol_w_id","order_line.ol_d_id","orders.o_entry_d","orders.o_w_id","orders.o_d_id","orders.o_c_id","n1.n_name"],"Sort Key":["orders.o_c_id","order_line.ol_w_id","order_line.ol_d_id"],"Sort Method":"external merge","Sort Space Used":24000,"Sort Space Type":"Disk","Shared Hit Blocks":44340,"Shared Read Blocks":0,"Shared Dirtied Blocks":0,"Shared Written Blocks":0,"Local Hit Blocks":0,"Local Read Blocks":0,"Local Dirtied Blocks":0,"Local Written Blocks":0,"Temp Read Blocks":40706,"Temp Written Blocks":40718,"I/O Read Time":0.0,"I/O Write Time":0.0,"Temp I/O Read Time":62.057,"Temp I/O Write Time":190.308,"Plans":[{"Node Type":"Hash Join","Parent Relationship":"Outer","Parallel Aware":false,"Async Capable":false,"Join Type":"Inner","Startup Cost":318256.82,"Total Cost":1502868.65,"Plan Rows":565362,"Plan Width":36,"Actual Startup Time":2712.671,"Actual Total Time":12322.397,"Actual Rows":485009,"Actual Loops":1,"Output":["supplier.su_nationkey","order_line.ol_amount","order_line.ol_w_id","order_line.ol_d_id","orders.o_entry_d","orders.o_w_id","orders.o_d_id","orders.o_c_id","n1.n_name"],"Hash Cond":"((order_line.ol_w_id = orders.o_w_id) AND (order_line.ol_d_id = orders.o_d_id) AND (order_line.ol_o_id = orders.o_id))","Shared Hit Blocks":44340,"Shared Read Blocks":0,"Shared Dirtied Blocks":0,"Shared Written Blocks":0,"Local Hit Blocks":0,"Local Read Blocks":0,"Local Dirtied Blocks":0,"Local Written Blocks":0,"Temp Read Blocks":37706,"Temp Written Blocks":37706,"I/O Read Time":0.0,"I/O Write Time":0.0,"Temp I/O Read Time":57.842,"Temp I/O Write Time":179.036,"Plans":[{"Node Type":"Hash Join","Parent Relationship":"Outer","Parallel Aware":false,"Async Capable":false,"Join Type":"Inner","Startup Cost":59064.55,"Total Cost":1196350.45,"Plan Rows":565705,"Plan Width":28,"Actual Startup Time":897.088,"Actual Total Time":9839.714,"Actual Rows":485009,"Actual Loops":1,"Output":["supplier.su_nationkey","order_line.ol_amount","order_line.ol_w_id","order_line.ol_d_id","order_line.ol_o_id","n1.n_name"],"Hash Cond":"(supplier.su_nationkey = n1.n_nationkey)","Shared Hit Blocks":218,"Shared Read Blocks":0,"Shared Dirtied Blocks":0,"Shared Written Blocks":0,"Local Hit Blocks":0,"Local Read Blocks":0,"Local Dirtied Blocks":0,"Local Written Blocks":0,"Temp Read Blocks":0,"Temp Written Blocks":0,"I/O Read Time":0.0,"I/O Write Time":0.0,"Temp I/O Read Time":0.0,"Temp I/O Write Time":0.0,"Plans":[{"Node Type":"Hash Join","Parent Relationship":"Outer","Parallel Aware":false,"Async Capable":false,"Join Type":"Inner","Startup Cost":59062.59,"Total Cost":1147167.47,"Plan Rows":17536869,"Plan Width":20,"Actual Startup Time":896.934,"Actual Total Time":8565.86,"Actual Rows":17139931,"Actual Loops":1,"Output":["supplier.su_nationkey","order_line.ol_amount","order_line.ol_w_id","order_line.ol_d_id","order_line.ol_o_id"],"Hash Cond":"(mod((stock.s_w_id * stock.s_i_id), 10000) = supplier.su_suppkey)","Shared Hit Blocks":217,"Shared Read Blocks":0,"Shared Dirtied Blocks":0,"Shared Written Blocks":0,"Local Hit Blocks":0,"Local Read Blocks":0,"Local Dirtied Blocks":0,"Local Written Blocks":0,"Temp Read Blocks":0,"Temp Written Blocks":0,"I/O Read Time":0.0,"I/O Write Time":0.0,"Temp I/O Read Time":0.0,"Temp I/O Write Time":0.0,"Plans":[{"Node Type":"Hash Join","Parent Relationship":"Outer","Parallel Aware":false,"Async Capable":false,"Join Type":"Inner","Startup Cost":58620.59,"Total Cost":1096283.52,"Plan Rows":17536869,"Plan Width":22,"Actual Startup Time":894.368,"Actual Total Time":5124.174,"Actual Rows":17139931,"Actual Loops":1,"Output":["stock.s_w_id","stock.s_i_id","order_line.ol_amount","order_line.ol_w_id","order_line.ol_d_id","order_line.ol_o_id"],"Hash Cond":"((order_line.ol_supply_w_id = stock.s_w_id) AND (order_line.ol_i_id = stock.s_i_id))","Rows Removed by Bloom Filter":0,"Shared Hit Blocks":0,"Shared Read Blocks":0,"Shared Dirtied Blocks":0,"Shared Written Blocks":0,"Local Hit Blocks":0,"Local Read Blocks":0,"Local Dirtied Blocks":0,"Local Written Blocks":0,"Temp Read Blocks":0,"Temp Written Blocks":0,"I/O Read Time":0.0,"I/O Write Time":0.0,"Temp I/O Read Time":0.0,"Temp I/O Write Time":0.0,"Plans":[{"Node Type":"Append","Parent Relationship":"Outer","Parallel Aware":false,"Async Capable":false,"Startup Cost":20.0,"Total Cost":482290.51,"Plan Rows":17536869,"Plan Width":22,"Actual Startup Time":25.355,"Actual Total Time":25.362,"Actual Rows":17139931,"Actual Loops":1,"Shared Hit Blocks":0,"Shared Read Blocks":0,"Shared Dirtied Blocks":0,"Shared Written Blocks":0,"Local Hit Blocks":0,"Local Read Blocks":0,"Local Dirtied Blocks":0,"Local Written Blocks":0,"Temp Read Blocks":0,"Temp Written Blocks":0,"I/O Read Time":0.0,"I/O Write Time":0.0,"Temp I/O Read Time":0.0,"Temp I/O Write Time":0.0,"Subplans Removed":0,"Plans":[{"Node Type":"Custom Scan","Parent Relationship":"Member","Custom Plan Provider":"columnar scan","Parallel Aware":false,"Async Capable":false,"Relation Name":"order_line","Schema":"public","Alias":"order_line","Startup Cost":20.0,"Total Cost":482285.56,"Plan Rows":17536851,"Plan Width":22,"Actual Startup Time":25.353,"Actual Total Time":25.354,"Actual Rows":17139931,"Actual Loops":1,"Output":["order_line.ol_amount","order_line.ol_supply_w_id","order_line.ol_i_id","order_line.ol_w_id","order_line.ol_d_id","order_line.ol_o_id"],"Filter":"((order_line.ol_delivery_d <= '1997-01-01 20:10:02.27764'::timestamp without time zone) AND (order_line.ol_delivery_d >= '1995-01-02 20:10:02.27764'::timestamp without time zone))","Rows Removed by Filter":0,"Rows Removed by Columnar Filter":42853830,"Columnar cache search mode":"native","Shared Hit Blocks":0,"Shared Read Blocks":0,"Shared Dirtied Blocks":0,"Shared Written Blocks":0,"Local Hit Blocks":0,"Local Read Blocks":0,"Local Dirtied Blocks":0,"Local Written Blocks":0,"Temp Read Blocks":0,"Temp Written Blocks":0,"I/O Read Time":0.0,"I/O Write Time":0.0,"Temp I/O Read Time":0.0,"Temp I/O Write Time":0.0},{"Node Type":"Seq Scan","Parent Relationship":"Member","Parallel Aware":false,"Async Capable":false,"Relation Name":"order_line","Schema":"public","Alias":"order_line","Startup Cost":0.0,"Total Cost":4.95,"Plan Rows":18,"Plan Width":22,"Actual Startup Time":0.0,"Actual Total Time":0.0,"Actual Rows":0,"Actual Loops":0,"Output":["order_line.ol_amount","order_line.ol_supply_w_id","order_line.ol_i_id","order_line.ol_w_id","order_line.ol_d_id","order_line.ol_o_id"],"Filter":"((order_line.ol_delivery_d <= '1997-01-01 20:10:02.27764'::timestamp without time zone) AND (order_line.ol_delivery_d >= '1995-01-02 20:10:02.27764'::timestamp without time zone))","Rows Removed by Filter":0,"Shared Hit Blocks":0,"Shared Read Blocks":0,"Shared Dirtied Blocks":0,"Shared Written Blocks":0,"Local Hit Blocks":0,"Local Read Blocks":0,"Local Dirtied Blocks":0,"Local Written Blocks":0,"Temp Read Blocks":0,"Temp Written Blocks":0,"I/O Read Time":0.0,"I/O Write Time":0.0,"Temp I/O Read Time":0.0,"Temp I/O Write Time":0.0}]},{"Node Type":"Hash","Parent Relationship":"Inner","Parallel Aware":false,"Async Capable":false,"Startup Cost":390026.22,"Total Cost":390026.22,"Plan Rows":20000212,"Plan Width":6,"Actual Rows":20000000,"Actual Loops":1,"Output":["stock.s_w_id","stock.s_i_id"],"Shared Hit Blocks":0,"Shared Read Blocks":0,"Shared Dirtied Blocks":0,"Shared Written Blocks":0,"Local Hit Blocks":0,"Local Read Blocks":0,"Local Dirtied Blocks":0,"Local Written Blocks":0,"Temp Read Blocks":0,"Temp Written Blocks":0,"I/O Read Time":0.0,"I/O Write Time":0.0,"Temp I/O Read Time":0.0,"Temp I/O Write Time":0.0,"Plans":[{"Node Type":"Append","Parent Relationship":"Outer","Parallel Aware":false,"Async Capable":false,"Startup Cost":20.0,"Total Cost":390026.22,"Plan Rows":20000212,"Plan Width":6,"Actual Startup Time":0.362,"Actual Total Time":0.363,"Actual Rows":20000000,"Actual Loops":1,"Shared Hit Blocks":0,"Shared Read Blocks":0,"Shared Dirtied Blocks":0,"Shared Written Blocks":0,"Local Hit Blocks":0,"Local Read Blocks":0,"Local Dirtied Blocks":0,"Local Written Blocks":0,"Temp Read Blocks":0,"Temp Written Blocks":0,"I/O Read Time":0.0,"I/O Write Time":0.0,"Temp I/O Read Time":0.0,"Temp I/O Write Time":0.0,"Subplans Removed":0,"Plans":[{"Node Type":"Custom Scan","Parent Relationship":"Member","Custom Plan Provider":"columnar scan","Parallel Aware":false,"Async Capable":false,"Relation Name":"stock","Schema":"public","Alias":"stock","Startup Cost":20.0,"Total Cost":390020.1,"Plan Rows":20000000,"Plan Width":6,"Actual Startup Time":0.36,"Actual Total Time":0.361,"Actual Rows":20000000,"Actual Loops":1,"Output":["stock.s_w_id","stock.s_i_id"],"Rows Removed by Columnar Filter":0,"Columnar cache search mode":"native","Shared Hit Blocks":0,"Shared Read Blocks":0,"Shared Dirtied Blocks":0,"Shared Written Blocks":0,"Local Hit Blocks":0,"Local Read Blocks":0,"Local Dirtied Blocks":0,"Local Written Blocks":0,"Temp Read Blocks":0,"Temp Written Blocks":0,"I/O Read Time":0.0,"I/O Write Time":0.0,"Temp I/O Read Time":0.0,"Temp I/O Write Time":0.0},{"Node Type":"Seq Scan","Parent Relationship":"Member","Parallel Aware":false,"Async Capable":false,"Relation Name":"stock","Schema":"public","Alias":"stock","Startup Cost":0.0,"Total Cost":6.12,"Plan Rows":212,"Plan Width":6,"Actual Startup Time":0.0,"Actual Total Time":0.0,"Actual Rows":0,"Actual Loops":0,"Output":["stock.s_w_id","stock.s_i_id"],"Shared Hit Blocks":0,"Shared Read Blocks":0,"Shared Dirtied Blocks":0,"Shared Written Blocks":0,"Local Hit Blocks":0,"Local Read Blocks":0,"Local Dirtied Blocks":0,"Local Written Blocks":0,"Temp Read Blocks":0,"Temp Written Blocks":0,"I/O Read Time":0.0,"I/O Write Time":0.0,"Temp I/O Read Time":0.0,"Temp I/O Write Time":0.0}]}]}]},{"Node Type":"Hash","Parent Relationship":"Inner","Parallel Aware":false,"Async Capable":false,"Startup Cost":317.0,"Total Cost":317.0,"Plan Rows":10000,"Plan Width":8,"Actual Startup Time":2.502,"Actual Total Time":2.504,"Actual Rows":10000,"Actual Loops":1,"Output":["supplier.su_nationkey","supplier.su_suppkey"],"Hash Buckets":16384,"Original Hash Buckets":16384,"Hash Batches":1,"Original Hash Batches":1,"Peak Memory Usage":519,"Shared Hit Blocks":217,"Shared Read Blocks":0,"Shared Dirtied Blocks":0,"Shared Written Blocks":0,"Local Hit Blocks":0,"Local Read Blocks":0,"Local Dirtied Blocks":0,"Local Written Blocks":0,"Temp Read Blocks":0,"Temp Written Blocks":0,"I/O Read Time":0.0,"I/O Write Time":0.0,"Temp I/O Read Time":0.0,"Temp I/O Write Time":0.0,"Plans":[{"Node Type":"Seq Scan","Parent Relationship":"Outer","Parallel Aware":false,"Async Capable":false,"Relation Name":"supplier","Schema":"public","Alias":"supplier","Startup Cost":0.0,"Total Cost":317.0,"Plan Rows":10000,"Plan Width":8,"Actual Startup Time":0.005,"Actual Total Time":1.29,"Actual Rows":10000,"Actual Loops":1,"Output":["supplier.su_nationkey","supplier.su_suppkey"],"Shared Hit Blocks":217,"Shared Read Blocks":0,"Shared Dirtied Blocks":0,"Shared Written Blocks":0,"Local Hit Blocks":0,"Local Read Blocks":0,"Local Dirtied Blocks":0,"Local Written Blocks":0,"Temp Read Blocks":0,"Temp Written Blocks":0,"I/O Read Time":0.0,"I/O Write Time":0.0,"Temp I/O Read Time":0.0,"Temp I/O Write Time":0.0}]}]},{"Node Type":"Hash","Parent Relationship":"Inner","Parallel Aware":false,"Async Capable":false,"Startup Cost":1.93,"Total Cost":1.93,"Plan Rows":2,"Plan Width":12,"Actual Startup Time":0.024,"Actual Total Time":0.026,"Actual Rows":2,"Actual Loops":1,"Output":["n1.n_nationkey","n1.n_name"],"Hash Buckets":1024,"Original Hash Buckets":1024,"Hash Batches":1,"Original Hash Batches":1,"Peak Memory Usage":9,"Shared Hit Blocks":1,"Shared Read Blocks":0,"Shared Dirtied Blocks":0,"Shared Written Blocks":0,"Local Hit Blocks":0,"Local Read Blocks":0,"Local Dirtied Blocks":0,"Local Written Blocks":0,"Temp Read Blocks":0,"Temp Written Blocks":0,"I/O Read Time":0.0,"I/O Write Time":0.0,"Temp I/O Read Time":0.0,"Temp I/O Write Time":0.0,"Plans":[{"Node Type":"Seq Scan","Parent Relationship":"Outer","Parallel Aware":false,"Async Capable":false,"Relation Name":"nation","Schema":"public","Alias":"n1","Startup Cost":0.0,"Total Cost":1.93,"Plan Rows":2,"Plan Width":12,"Actual Startup Time":0.015,"Actual Total Time":0.02,"Actual Rows":2,"Actual Loops":1,"Output":["n1.n_nationkey","n1.n_name"],"Filter":"(((n1.n_name)::text = 'Germany'::text) OR ((n1.n_name)::text = 'Cambodia'::text))","Rows Removed by Filter":60,"Shared Hit Blocks":1,"Shared Read Blocks":0,"Shared Dirtied Blocks":0,"Shared Written Blocks":0,"Local Hit Blocks":0,"Local Read Blocks":0,"Local Dirtied Blocks":0,"Local Written Blocks":0,"Temp Read Blocks":0,"Temp Written Blocks":0,"I/O Read Time":0.0,"I/O Write Time":0.0,"Temp I/O Read Time":0.0,"Temp I/O Write Time":0.0}]}]},{"Node Type":"Hash","Parent Relationship":"Inner","Parallel Aware":false,"Async Capable":false,"Startup Cost":119121.6,"Total Cost":119121.6,"Plan Rows":5996324,"Plan Width":24,"Actual Startup Time":1814.165,"Actual Total Time":1814.167,"Actual Rows":5995789,"Actual Loops":1,"Output":["orders.o_entry_d","orders.o_w_id","orders.o_d_id","orders.o_id","orders.o_c_id"],"Hash Buckets":131072,"Original Hash Buckets":131072,"Hash Batches":64,"Original Hash Batches":64,"Peak Memory Usage":6496,"Shared Hit Blocks":44122,"Shared Read Blocks":0,"Shared Dirtied Blocks":0,"Shared Written Blocks":0,"Local Hit Blocks":0,"Local Read Blocks":0,"Local Dirtied Blocks":0,"Local Written Blocks":0,"Temp Read Blocks":0,"Temp Written Blocks":34552,"I/O Read Time":0.0,"I/O Write Time":0.0,"Temp I/O Read Time":0.0,"Temp I/O Write Time":158.425,"Plans":[{"Node Type":"Seq Scan","Parent Relationship":"Outer","Parallel Aware":false,"Async Capable":false,"Relation Name":"orders","Schema":"public","Alias":"orders","Startup Cost":0.0,"Total Cost":119121.6,"Plan Rows":5996324,"Plan Width":24,"Actual Startup Time":0.022,"Actual Total Time":734.056,"Actual Rows":5995789,"Actual Loops":1,"Output":["orders.o_entry_d","orders.o_w_id","orders.o_d_id","orders.o_id","orders.o_c_id"],"Filter":"(orders.o_entry_d >= '1992-01-02 20:10:02.27764'::timestamp without time zone)","Rows Removed by Filter":4211,"Shared Hit Blocks":44122,"Shared Read Blocks":0,"Shared Dirtied Blocks":0,"Shared Written Blocks":0,"Local Hit Blocks":0,"Local Read Blocks":0,"Local Dirtied Blocks":0,"Local Written Blocks":0,"Temp Read Blocks":0,"Temp Written Blocks":0,"I/O Read Time":0.0,"I/O Write Time":0.0,"Temp I/O Read Time":0.0,"Temp I/O Write Time":0.0}]}]}]},{"Node Type":"Materialize","Parent Relationship":"Inner","Parallel Aware":false,"Async Capable":false,"Startup Cost":547593.19,"Total Cost":548560.96,"Plan Rows":193553,"Plan Width":20,"Actual Startup Time":259.133,"Actual Total Time":332.064,"Actual Rows":293066,"Actual Loops":1,"Output":["customer.c_nationkey","customer.c_id","customer.c_w_id","customer.c_d_id","n2.n_name"],"Shared Hit Blocks":1,"Shared Read Blocks":0,"Shared Dirtied Blocks":0,"Shared Written Blocks":0,"Local Hit Blocks":0,"Local Read Blocks":0,"Local Dirtied Blocks":0,"Local Written Blocks":0,"Temp Read Blocks":1090,"Temp Written Blocks":1096,"I/O Read Time":0.0,"I/O Write Time":0.0,"Temp I/O Read Time":1.385,"Temp I/O Write Time":4.197,"Plans":[{"Node Type":"Sort","Parent Relationship":"Outer","Parallel Aware":false,"Async Capable":false,"Startup Cost":547593.19,"Total Cost":548077.07,"Plan Rows":193553,"Plan Width":20,"Actual Startup Time":259.126,"Actual Total Time":299.424,"Actual Rows":289967,"Actual Loops":1,"Output":["customer.c_nationkey","customer.c_id","customer.c_w_id","customer.c_d_id","n2.n_name"],"Sort Key":["customer.c_id","customer.c_w_id","customer.c_d_id"],"Sort Method":"external merge","Sort Space Used":8720,"Sort Space Type":"Disk","Shared Hit Blocks":1,"Shared Read Blocks":0,"Shared Dirtied Blocks":0,"Shared Written Blocks":0,"Local Hit Blocks":0,"Local Read Blocks":0,"Local Dirtied Blocks":0,"Local Written Blocks":0,"Temp Read Blocks":1090,"Temp Written Blocks":1096,"I/O Read Time":0.0,"I/O Write Time":0.0,"Temp I/O Read Time":1.385,"Temp I/O Write Time":4.197,"Plans":[{"Node Type":"Hash Join","Parent Relationship":"Outer","Parallel Aware":false,"Async Capable":false,"Join Type":"Inner","Startup Cost":21.95,"Total Cost":526624.45,"Plan Rows":193553,"Plan Width":20,"Actual Startup Time":0.428,"Actual Total Time":160.282,"Actual Rows":289972,"Actual Loops":1,"Output":["customer.c_nationkey","customer.c_id","customer.c_w_id","customer.c_d_id","n2.n_name"],"Hash Cond":"(customer.c_nationkey = n2.n_nationkey)","Shared Hit Blocks":1,"Shared Read Blocks":0,"Shared Dirtied Blocks":0,"Shared Written Blocks":0,"Local Hit Blocks":0,"Local Read Blocks":0,"Local Dirtied Blocks":0,"Local Written Blocks":0,"Temp Read Blocks":0,"Temp Written Blocks":0,"I/O Read Time":0.0,"I/O Write Time":0.0,"Temp I/O Read Time":0.0,"Temp I/O Write Time":0.0,"Plans":[{"Node Type":"Append","Parent Relationship":"Outer","Parallel Aware":false,"Async Capable":false,"Startup Cost":20.0,"Total Cost":509795.49,"Plan Rows":6000140,"Plan Width":12,"Actual Startup Time":0.266,"Actual Total Time":106.206,"Actual Rows":289972,"Actual Loops":1,"Shared Hit Blocks":0,"Shared Read Blocks":0,"Shared Dirtied Blocks":0,"Shared Written Blocks":0,"Local Hit Blocks":0,"Local Read Blocks":0,"Local Dirtied Blocks":0,"Local Written Blocks":0,"Temp Read Blocks":0,"Temp Written Blocks":0,"I/O Read Time":0.0,"I/O Write Time":0.0,"Temp I/O Read Time":0.0,"Temp I/O Write Time":0.0,"Subplans Removed":0,"Plans":[{"Node Type":"Custom Scan","Parent Relationship":"Member","Custom Plan Provider":"columnar scan","Parallel Aware":false,"Async Capable":false,"Relation Name":"customer","Schema":"public","Alias":"customer","Startup Cost":20.0,"Total Cost":141020.06,"Plan Rows":6000000,"Plan Width":12,"Actual Startup Time":0.262,"Actual Total Time":85.66,"Actual Rows":289972,"Actual Loops":1,"Output":["customer.c_nationkey","customer.c_id","customer.c_w_id","customer.c_d_id"],"Rows Removed by Columnar Filter":5710028,"Rows Filtered by Bloom Filter":0,"Dictionary Rows Filtered by Bloom Filter":5710028,"Columnar cache search mode":"native","Shared Hit Blocks":0,"Shared Read Blocks":0,"Shared Dirtied Blocks":0,"Shared Written Blocks":0,"Local Hit Blocks":0,"Local Read Blocks":0,"Local Dirtied Blocks":0,"Local Written Blocks":0,"Temp Read Blocks":0,"Temp Written Blocks":0,"I/O Read Time":0.0,"I/O Write Time":0.0,"Temp I/O Read Time":0.0,"Temp I/O Write Time":0.0},{"Node Type":"Seq Scan","Parent Relationship":"Member","Parallel Aware":false,"Async Capable":false,"Relation Name":"customer","Schema":"public","Alias":"customer","Startup Cost":0.0,"Total Cost":5.4,"Plan Rows":140,"Plan Width":12,"Actual Startup Time":0.0,"Actual Total Time":0.0,"Actual Rows":0,"Actual Loops":0,"Output":["customer.c_nationkey","customer.c_id","customer.c_w_id","customer.c_d_id"],"Shared Hit Blocks":0,"Shared Read Blocks":0,"Shared Dirtied Blocks":0,"Shared Written Blocks":0,"Local Hit Blocks":0,"Local Read Blocks":0,"Local Dirtied Blocks":0,"Local Written Blocks":0,"Temp Read Blocks":0,"Temp Written Blocks":0,"I/O Read Time":0.0,"I/O Write Time":0.0,"Temp I/O Read Time":0.0,"Temp I/O Write Time":0.0}]},{"Node Type":"Hash","Parent Relationship":"Inner","Parallel Aware":false,"Async Capable":false,"Startup Cost":1.93,"Total Cost":1.93,"Plan Rows":2,"Plan Width":12,"Actual Startup Time":0.045,"Actual Total Time":0.045,"Actual Rows":2,"Actual Loops":1,"Output":["n2.n_nationkey","n2.n_name"],"Hash Buckets":1024,"Original Hash Buckets":1024,"Hash Batches":1,"Original Hash Batches":1,"Peak Memory Usage":9,"Shared Hit Blocks":1,"Shared Read Blocks":0,"Shared Dirtied Blocks":0,"Shared Written Blocks":0,"Local Hit Blocks":0,"Local Read Blocks":0,"Local Dirtied Blocks":0,"Local Written Blocks":0,"Temp Read Blocks":0,"Temp Written Blocks":0,"I/O Read Time":0.0,"I/O Write Time":0.0,"Temp I/O Read Time":0.0,"Temp I/O Write Time":0.0,"Plans":[{"Node Type":"Seq Scan","Parent Relationship":"Outer","Parallel Aware":false,"Async Capable":false,"Relation Name":"nation","Schema":"public","Alias":"n2","Startup Cost":0.0,"Total Cost":1.93,"Plan Rows":2,"Plan Width":12,"Actual Startup Time":0.033,"Actual Total Time":0.038,"Actual Rows":2,"Actual Loops":1,"Output":["n2.n_nationkey","n2.n_name"],"Filter":"(((n2.n_name)::text = 'Cambodia'::text) OR ((n2.n_name)::text = 'Germany'::text))","Rows Removed by Filter":60,"Shared Hit Blocks":1,"Shared Read Blocks":0,"Shared Dirtied Blocks":0,"Shared Written Blocks":0,"Local Hit Blocks":0,"Local Read Blocks":0,"Local Dirtied Blocks":0,"Local Written Blocks":0,"Temp Read Blocks":0,"Temp Written Blocks":0,"I/O Read Time":0.0,"I/O Write Time":0.0,"Temp I/O Read Time":0.0,"Temp I/O Write Time":0.0}]}]}]}]}]}]}]},"Planning":{"Shared Hit Blocks":152,"Shared Read Blocks":0,"Shared Dirtied Blocks":0,"Shared Written Blocks":0,"Local Hit Blocks":0,"Local Read Blocks":0,"Local Dirtied Blocks":0,"Local Written Blocks":0,"Temp Read Blocks":0,"Temp Written Blocks":0,"I/O Read Time":0.0,"I/O Write Time":0.0,"Temp I/O Read Time":0.0,"Temp I/O Write Time":0.0},"Planning Time":4.328,"Triggers":[],"Execution Time":13187.62}]
[列存组合]: customer, order_line, supplier
[{"Plan":{"Node Type":"Aggregate","Strategy":"Sorted","Partial Mode":"Simple","Parallel Aware":false,"Async Capable":false,"Startup Cost":3739655.63,"Total Cost":3739910.45,"Plan Rows":9266,"Plan Width":72,"Actual Startup Time":20880.014,"Actual Total Time":20882.632,"Actual Rows":6,"Actual Loops":1,"Output":["supplier.su_nationkey","customer.c_nationkey","(EXTRACT(year FROM orders.o_entry_d))","sum(order_line.ol_amount)"],"Group Key":["supplier.su_nationkey","customer.c_nationkey","(EXTRACT(year FROM orders.o_entry_d))"],"Shared Hit Blocks":98797,"Shared Read Blocks":0,"Shared Dirtied Blocks":0,"Shared Written Blocks":0,"Local Hit Blocks":0,"Local Read Blocks":0,"Local Dirtied Blocks":0,"Local Written Blocks":0,"Temp Read Blocks":123649,"Temp Written Blocks":123667,"I/O Read Time":0.0,"I/O Write Time":0.0,"Temp I/O Read Time":186.314,"Temp I/O Write Time":535.15,"Plans":[{"Node Type":"Sort","Parent Relationship":"Outer","Parallel Aware":false,"Async Capable":false,"Startup Cost":3739655.63,"Total Cost":3739678.8,"Plan Rows":9266,"Plan Width":44,"Actual Startup Time":20879.904,"Actual Total Time":20880.447,"Actual Rows":12121,"Actual Loops":1,"Output":["supplier.su_nationkey","customer.c_nationkey","(EXTRACT(year FROM orders.o_entry_d))","order_line.ol_amount"],"Sort Key":["supplier.su_nationkey","customer.c_nationkey","(EXTRACT(year FROM orders.o_entry_d))"],"Sort Method":"quicksort","Sort Space Used":1047,"Sort Space Type":"Memory","Shared Hit Blocks":98797,"Shared Read Blocks":0,"Shared Dirtied Blocks":0,"Shared Written Blocks":0,"Local Hit Blocks":0,"Local Read Blocks":0,"Local Dirtied Blocks":0,"Local Written Blocks":0,"Temp Read Blocks":123649,"Temp Written Blocks":123667,"I/O Read Time":0.0,"I/O Write Time":0.0,"Temp I/O Read Time":186.314,"Temp I/O Write Time":535.15,"Plans":[{"Node Type":"Merge Join","Parent Relationship":"Outer","Parallel Aware":false,"Async Capable":false,"Join Type":"Inner","Startup Cost":3730585.28,"Total Cost":3739045.11,"Plan Rows":9266,"Plan Width":44,"Actual Startup Time":20536.17,"Actual Total Time":20876.949,"Actual Rows":12121,"Actual Loops":1,"Output":["supplier.su_nationkey","customer.c_nationkey","EXTRACT(year FROM orders.o_entry_d)","order_line.ol_amount"],"Inner Unique":false,"Merge Cond":"((orders.o_c_id = customer.c_id) AND (order_line.ol_w_id = customer.c_w_id) AND (order_line.ol_d_id = customer.c_d_id))","Join Filter":"((((n1.n_name)::text = 'Germany'::text) AND ((n2.n_name)::text = 'Cambodia'::text)) OR (((n1.n_name)::text = 'Cambodia'::text) AND ((n2.n_name)::text = 'Germany'::text)))","Rows Removed by Join Filter":11453,"Shared Hit Blocks":98797,"Shared Read Blocks":0,"Shared Dirtied Blocks":0,"Shared Written Blocks":0,"Local Hit Blocks":0,"Local Read Blocks":0,"Local Dirtied Blocks":0,"Local Written Blocks":0,"Temp Read Blocks":123649,"Temp Written Blocks":123667,"I/O Read Time":0.0,"I/O Write Time":0.0,"Temp I/O Read Time":186.314,"Temp I/O Write Time":535.15,"Plans":[{"Node Type":"Sort","Parent Relationship":"Outer","Parallel Aware":false,"Async Capable":false,"Startup Cost":3182991.9,"Total Cost":3184405.3,"Plan Rows":565362,"Plan Width":36,"Actual Startup Time":20277.763,"Actual Total Time":20448.945,"Actual Rows":485009,"Actual Loops":1,"Output":["supplier.su_nationkey","order_line.ol_amount","order_line.ol_w_id","order_line.ol_d_id","orders.o_entry_d","orders.o_w_id","orders.o_d_id","orders.o_c_id","n1.n_name"],"Sort Key":["orders.o_c_id","order_line.ol_w_id","order_line.ol_d_id"],"Sort Method":"external merge","Sort Space Used":24000,"Sort Space Type":"Disk","Shared Hit Blocks":98796,"Shared Read Blocks":0,"Shared Dirtied Blocks":0,"Shared Written Blocks":0,"Local Hit Blocks":0,"Local Read Blocks":0,"Local Dirtied Blocks":0,"Local Written Blocks":0,"Temp Read Blocks":122559,"Temp Written Blocks":122571,"I/O Read Time":0.0,"I/O Write Time":0.0,"Temp I/O Read Time":184.892,"Temp I/O Write Time":530.916,"Plans":[{"Node Type":"Hash Join","Parent Relationship":"Outer","Parallel Aware":false,"Async Capable":false,"Join Type":"Inner","Startup Cost":905997.05,"Total Cost":3113515.41,"Plan Rows":565362,"Plan Width":36,"Actual Startup Time":8488.104,"Actual Total Time":20028.914,"Actual Rows":485009,"Actual Loops":1,"Output":["supplier.su_nationkey","order_line.ol_amount","order_line.ol_w_id","order_line.ol_d_id","orders.o_entry_d","orders.o_w_id","orders.o_d_id","orders.o_c_id","n1.n_name"],"Inner Unique":true,"Hash Cond":"((order_line.ol_w_id = orders.o_w_id) AND (order_line.ol_d_id = orders.o_d_id) AND (order_line.ol_o_id = orders.o_id))","Shared Hit Blocks":98796,"Shared Read Blocks":0,"Shared Dirtied Blocks":0,"Shared Written Blocks":0,"Local Hit Blocks":0,"Local Read Blocks":0,"Local Dirtied Blocks":0,"Local Written Blocks":0,"Temp Read Blocks":119559,"Temp Written Blocks":119559,"I/O Read Time":0.0,"I/O Write Time":0.0,"Temp I/O Read Time":180.548,"Temp I/O Write Time":519.726,"Plans":[{"Node Type":"Hash Join","Parent Relationship":"Outer","Parallel Aware":false,"Async Capable":false,"Join Type":"Inner","Startup Cost":646804.78,"Total Cost":2806997.21,"Plan Rows":565705,"Plan Width":28,"Actual Startup Time":6671.14,"Actual Total Time":17542.748,"Actual Rows":485009,"Actual Loops":1,"Output":["supplier.su_nationkey","order_line.ol_amount","order_line.ol_w_id","order_line.ol_d_id","order_line.ol_o_id","n1.n_name"],"Inner Unique":false,"Hash Cond":"((order_line.ol_supply_w_id = stock.s_w_id) AND (order_line.ol_i_id = stock.s_i_id))","Shared Hit Blocks":54674,"Shared Read Blocks":0,"Shared Dirtied Blocks":0,"Shared Written Blocks":0,"Local Hit Blocks":0,"Local Read Blocks":0,"Local Dirtied Blocks":0,"Local Written Blocks":0,"Temp Read Blocks":81853,"Temp Written Blocks":81853,"I/O Read Time":0.0,"I/O Write Time":0.0,"Temp I/O Read Time":123.027,"Temp I/O Write Time":348.802,"Plans":[{"Node Type":"Append","Parent Relationship":"Outer","Parallel Aware":false,"Async Capable":false,"Startup Cost":20.0,"Total Cost":1550642.51,"Plan Rows":17536869,"Plan Width":22,"Actual Startup Time":6.249,"Actual Total Time":5701.519,"Actual Rows":16894821,"Actual Loops":1,"Shared Hit Blocks":0,"Shared Read Blocks":0,"Shared Dirtied Blocks":0,"Shared Written Blocks":0,"Local Hit Blocks":0,"Local Read Blocks":0,"Local Dirtied Blocks":0,"Local Written Blocks":0,"Temp Read Blocks":0,"Temp Written Blocks":0,"I/O Read Time":0.0,"I/O Write Time":0.0,"Temp I/O Read Time":0.0,"Temp I/O Write Time":0.0,"Subplans Removed":0,"Plans":[{"Node Type":"Custom Scan","Parent Relationship":"Member","Custom Plan Provider":"columnar scan","Parallel Aware":false,"Async Capable":false,"Relation Name":"order_line","Schema":"public","Alias":"order_line","Startup Cost":20.0,"Total Cost":482285.56,"Plan Rows":17536851,"Plan Width":22,"Actual Startup Time":6.246,"Actual Total Time":4525.148,"Actual Rows":16894821,"Actual Loops":1,"Output":["order_line.ol_amount","order_line.ol_supply_w_id","order_line.ol_i_id","order_line.ol_w_id","order_line.ol_d_id","order_line.ol_o_id"],"Filter":"((order_line.ol_delivery_d <= '1997-01-01 20:10:02.27764'::timestamp without time zone) AND (order_line.ol_delivery_d >= '1995-01-02 20:10:02.27764'::timestamp without time zone))","Rows Removed by Filter":0,"Rows Removed by Columnar Filter":43098940,"Rows Filtered by Bloom Filter":0,"Dictionary Rows Filtered by Bloom Filter":857915,"Columnar cache search mode":"native","Shared Hit Blocks":0,"Shared Read Blocks":0,"Shared Dirtied Blocks":0,"Shared Written Blocks":0,"Local Hit Blocks":0,"Local Read Blocks":0,"Local Dirtied Blocks":0,"Local Written Blocks":0,"Temp Read Blocks":0,"Temp Written Blocks":0,"I/O Read Time":0.0,"I/O Write Time":0.0,"Temp I/O Read Time":0.0,"Temp I/O Write Time":0.0},{"Node Type":"Seq Scan","Parent Relationship":"Member","Parallel Aware":false,"Async Capable":false,"Relation Name":"order_line","Schema":"public","Alias":"order_line","Startup Cost":0.0,"Total Cost":4.95,"Plan Rows":18,"Plan Width":22,"Actual Startup Time":0.0,"Actual Total Time":0.0,"Actual Rows":0,"Actual Loops":0,"Output":["order_line.ol_amount","order_line.ol_supply_w_id","order_line.ol_i_id","order_line.ol_w_id","order_line.ol_d_id","order_line.ol_o_id"],"Filter":"((order_line.ol_delivery_d <= '1997-01-01 20:10:02.27764'::timestamp without time zone) AND (order_line.ol_delivery_d >= '1995-01-02 20:10:02.27764'::timestamp without time zone))","Rows Removed by Filter":0,"Shared Hit Blocks":0,"Shared Read Blocks":0,"Shared Dirtied Blocks":0,"Shared Written Blocks":0,"Local Hit Blocks":0,"Local Read Blocks":0,"Local Dirtied Blocks":0,"Local Written Blocks":0,"Temp Read Blocks":0,"Temp Written Blocks":0,"I/O Read Time":0.0,"I/O Write Time":0.0,"Temp I/O Read Time":0.0,"Temp I/O Write Time":0.0}]},{"Node Type":"Hash","Parent Relationship":"Inner","Parallel Aware":false,"Async Capable":false,"Startup Cost":633326.26,"Total Cost":633326.26,"Plan Rows":645168,"Plan Width":18,"Actual Startup Time":6663.831,"Actual Total Time":6663.842,"Actual Rows":566400,"Actual Loops":1,"Output":["supplier.su_nationkey","stock.s_w_id","stock.s_i_id","n1.n_name"],"Hash Buckets":131072,"Original Hash Buckets":131072,"Hash Batches":8,"Original Hash Batches":8,"Peak Memory Usage":4646,"Shared Hit Blocks":54674,"Shared Read Blocks":0,"Shared Dirtied Blocks":0,"Shared Written Blocks":0,"Local Hit Blocks":0,"Local Read Blocks":0,"Local Dirtied Blocks":0,"Local Written Blocks":0,"Temp Read Blocks":0,"Temp Written Blocks":2445,"I/O Read Time":0.0,"I/O Write Time":0.0,"Temp I/O Read Time":0.0,"Temp I/O Write Time":13.751,"Plans":[{"Node Type":"Hash Join","Parent Relationship":"Outer","Parallel Aware":false,"Async Capable":false,"Join Type":"Inner","Startup Cost":346.42,"Total Cost":633326.26,"Plan Rows":645168,"Plan Width":18,"Actual Startup Time":3.276,"Actual Total Time":6512.66,"Actual Rows":566400,"Actual Loops":1,"Output":["supplier.su_nationkey","stock.s_w_id","stock.s_i_id","n1.n_name"],"Inner Unique":true,"Hash Cond":"(supplier.su_nationkey = n1.n_nationkey)","Shared Hit Blocks":54674,"Shared Read Blocks":0,"Shared Dirtied Blocks":0,"Shared Written Blocks":0,"Local Hit Blocks":0,"Local Read Blocks":0,"Local Dirtied Blocks":0,"Local Written Blocks":0,"Temp Read Blocks":0,"Temp Written Blocks":0,"I/O Read Time":0.0,"I/O Write Time":0.0,"Temp I/O Read Time":0.0,"Temp I/O Write Time":0.0,"Plans":[{"Node Type":"Hash Join","Parent Relationship":"Outer","Parallel Aware":false,"Async Capable":false,"Join Type":"Inner","Startup Cost":344.46,"Total Cost":577235.0,"Plan Rows":20000212,"Plan Width":10,"Actual Startup Time":3.229,"Actual Total Time":5174.451,"Actual Rows":20000000,"Actual Loops":1,"Output":["supplier.su_nationkey","stock.s_w_id","stock.s_i_id"],"Inner Unique":true,"Hash Cond":"(mod((stock.s_w_id * stock.s_i_id), 10000) = supplier.su_suppkey)","Shared Hit Blocks":54673,"Shared Read Blocks":0,"Shared Dirtied Blocks":0,"Shared Written Blocks":0,"Local Hit Blocks":0,"Local Read Blocks":0,"Local Dirtied Blocks":0,"Local Written Blocks":0,"Temp Read Blocks":0,"Temp Written Blocks":0,"I/O Read Time":0.0,"I/O Write Time":0.0,"Temp I/O Read Time":0.0,"Temp I/O Write Time":0.0,"Plans":[{"Node Type":"Index Only Scan","Parent Relationship":"Outer","Parallel Aware":false,"Async Capable":false,"Scan Direction":"Forward","Index Name":"stock_pk","Relation Name":"stock","Schema":"public","Alias":"stock","Startup Cost":0.44,"Total Cost":519363.62,"Plan Rows":20000212,"Plan Width":6,"Actual Startup Time":0.031,"Actual Total Time":1529.64,"Actual Rows":20000000,"Actual Loops":1,"Output":["stock.s_w_id","stock.s_i_id"],"Heap Fetches":0,"Shared Hit Blocks":54673,"Shared Read Blocks":0,"Shared Dirtied Blocks":0,"Shared Written Blocks":0,"Local Hit Blocks":0,"Local Read Blocks":0,"Local Dirtied Blocks":0,"Local Written Blocks":0,"Temp Read Blocks":0,"Temp Written Blocks":0,"I/O Read Time":0.0,"I/O Write Time":0.0,"Temp I/O Read Time":0.0,"Temp I/O Write Time":0.0},{"Node Type":"Hash","Parent Relationship":"Inner","Parallel Aware":false,"Async Capable":false,"Startup Cost":219.01,"Total Cost":219.01,"Plan Rows":10001,"Plan Width":8,"Actual Startup Time":3.143,"Actual Total Time":3.147,"Actual Rows":10000,"Actual Loops":1,"Output":["supplier.su_nationkey","supplier.su_suppkey"],"Hash Buckets":16384,"Original Hash Buckets":16384,"Hash Batches":1,"Original Hash Batches":1,"Peak Memory Usage":519,"Shared Hit Blocks":0,"Shared Read Blocks":0,"Shared Dirtied Blocks":0,"Shared Written Blocks":0,"Local Hit Blocks":0,"Local Read Blocks":0,"Local Dirtied Blocks":0,"Local Written Blocks":0,"Temp Read Blocks":0,"Temp Written Blocks":0,"I/O Read Time":0.0,"I/O Write Time":0.0,"Temp I/O Read Time":0.0,"Temp I/O Write Time":0.0,"Plans":[{"Node Type":"Append","Parent Relationship":"Outer","Parallel Aware":false,"Async Capable":false,"Startup Cost":20.0,"Total Cost":219.01,"Plan Rows":10001,"Plan Width":8,"Actual Startup Time":0.032,"Actual Total Time":1.792,"Actual Rows":10000,"Actual Loops":1,"Shared Hit Blocks":0,"Shared Read Blocks":0,"Shared Dirtied Blocks":0,"Shared Written Blocks":0,"Local Hit Blocks":0,"Local Read Blocks":0,"Local Dirtied Blocks":0,"Local Written Blocks":0,"Temp Read Blocks":0,"Temp Written Blocks":0,"I/O Read Time":0.0,"I/O Write Time":0.0,"Temp I/O Read Time":0.0,"Temp I/O Write Time":0.0,"Subplans Removed":0,"Plans":[{"Node Type":"Custom Scan","Parent Relationship":"Member","Custom Plan Provider":"columnar scan","Parallel Aware":false,"Async Capable":false,"Relation Name":"supplier","Schema":"public","Alias":"supplier","Startup Cost":20.0,"Total Cost":215.0,"Plan Rows":10000,"Plan Width":8,"Actual Startup Time":0.029,"Actual Total Time":1.097,"Actual Rows":10000,"Actual Loops":1,"Output":["supplier.su_nationkey","supplier.su_suppkey"],"Rows Removed by Columnar Filter":0,"Columnar cache search mode":"native","Shared Hit Blocks":0,"Shared Read Blocks":0,"Shared Dirtied Blocks":0,"Shared Written Blocks":0,"Local Hit Blocks":0,"Local Read Blocks":0,"Local Dirtied Blocks":0,"Local Written Blocks":0,"Temp Read Blocks":0,"Temp Written Blocks":0,"I/O Read Time":0.0,"I/O Write Time":0.0,"Temp I/O Read Time":0.0,"Temp I/O Write Time":0.0},{"Node Type":"Seq Scan","Parent Relationship":"Member","Parallel Aware":false,"Async Capable":false,"Relation Name":"supplier","Schema":"public","Alias":"supplier","Startup Cost":0.0,"Total Cost":4.01,"Plan Rows":1,"Plan Width":8,"Actual Startup Time":0.0,"Actual Total Time":0.0,"Actual Rows":0,"Actual Loops":0,"Output":["supplier.su_nationkey","supplier.su_suppkey"],"Shared Hit Blocks":0,"Shared Read Blocks":0,"Shared Dirtied Blocks":0,"Shared Written Blocks":0,"Local Hit Blocks":0,"Local Read Blocks":0,"Local Dirtied Blocks":0,"Local Written Blocks":0,"Temp Read Blocks":0,"Temp Written Blocks":0,"I/O Read Time":0.0,"I/O Write Time":0.0,"Temp I/O Read Time":0.0,"Temp I/O Write Time":0.0}]}]}]},{"Node Type":"Hash","Parent Relationship":"Inner","Parallel Aware":false,"Async Capable":false,"Startup Cost":1.93,"Total Cost":1.93,"Plan Rows":2,"Plan Width":12,"Actual Startup Time":0.032,"Actual Total Time":0.034,"Actual Rows":2,"Actual Loops":1,"Output":["n1.n_nationkey","n1.n_name"],"Hash Buckets":1024,"Original Hash Buckets":1024,"Hash Batches":1,"Original Hash Batches":1,"Peak Memory Usage":9,"Shared Hit Blocks":1,"Shared Read Blocks":0,"Shared Dirtied Blocks":0,"Shared Written Blocks":0,"Local Hit Blocks":0,"Local Read Blocks":0,"Local Dirtied Blocks":0,"Local Written Blocks":0,"Temp Read Blocks":0,"Temp Written Blocks":0,"I/O Read Time":0.0,"I/O Write Time":0.0,"Temp I/O Read Time":0.0,"Temp I/O Write Time":0.0,"Plans":[{"Node Type":"Seq Scan","Parent Relationship":"Outer","Parallel Aware":false,"Async Capable":false,"Relation Name":"nation","Schema":"public","Alias":"n1","Startup Cost":0.0,"Total Cost":1.93,"Plan Rows":2,"Plan Width":12,"Actual Startup Time":0.024,"Actual Total Time":0.029,"Actual Rows":2,"Actual Loops":1,"Output":["n1.n_nationkey","n1.n_name"],"Filter":"(((n1.n_name)::text = 'Germany'::text) OR ((n1.n_name)::text = 'Cambodia'::text))","Rows Removed by Filter":60,"Shared Hit Blocks":1,"Shared Read Blocks":0,"Shared Dirtied Blocks":0,"Shared Written Blocks":0,"Local Hit Blocks":0,"Local Read Blocks":0,"Local Dirtied Blocks":0,"Local Written Blocks":0,"Temp Read Blocks":0,"Temp Written Blocks":0,"I/O Read Time":0.0,"I/O Write Time":0.0,"Temp I/O Read Time":0.0,"Temp I/O Write Time":0.0}]}]}]}]},{"Node Type":"Hash","Parent Relationship":"Inner","Parallel Aware":false,"Async Capable":false,"Startup Cost":119121.6,"Total Cost":119121.6,"Plan Rows":5996324,"Plan Width":24,"Actual Startup Time":1804.343,"Actual Total Time":1804.344,"Actual Rows":5995789,"Actual Loops":1,"Output":["orders.o_entry_d","orders.o_w_id","orders.o_d_id","orders.o_id","orders.o_c_id"],"Hash Buckets":131072,"Original Hash Buckets":131072,"Hash Batches":64,"Original Hash Batches":64,"Peak Memory Usage":6496,"Shared Hit Blocks":44122,"Shared Read Blocks":0,"Shared Dirtied Blocks":0,"Shared Written Blocks":0,"Local Hit Blocks":0,"Local Read Blocks":0,"Local Dirtied Blocks":0,"Local Written Blocks":0,"Temp Read Blocks":0,"Temp Written Blocks":34552,"I/O Read Time":0.0,"I/O Write Time":0.0,"Temp I/O Read Time":0.0,"Temp I/O Write Time":152.993,"Plans":[{"Node Type":"Seq Scan","Parent Relationship":"Outer","Parallel Aware":false,"Async Capable":false,"Relation Name":"orders","Schema":"public","Alias":"orders","Startup Cost":0.0,"Total Cost":119121.6,"Plan Rows":5996324,"Plan Width":24,"Actual Startup Time":0.013,"Actual Total Time":733.127,"Actual Rows":5995789,"Actual Loops":1,"Output":["orders.o_entry_d","orders.o_w_id","orders.o_d_id","orders.o_id","orders.o_c_id"],"Filter":"(orders.o_entry_d >= '1992-01-02 20:10:02.27764'::timestamp without time zone)","Rows Removed by Filter":4211,"Shared Hit Blocks":44122,"Shared Read Blocks":0,"Shared Dirtied Blocks":0,"Shared Written Blocks":0,"Local Hit Blocks":0,"Local Read Blocks":0,"Local Dirtied Blocks":0,"Local Written Blocks":0,"Temp Read Blocks":0,"Temp Written Blocks":0,"I/O Read Time":0.0,"I/O Write Time":0.0,"Temp I/O Read Time":0.0,"Temp I/O Write Time":0.0}]}]}]},{"Node Type":"Materialize","Parent Relationship":"Inner","Parallel Aware":false,"Async Capable":false,"Startup Cost":547593.19,"Total Cost":548560.96,"Plan Rows":193553,"Plan Width":20,"Actual Startup Time":258.359,"Actual Total Time":330.945,"Actual Rows":293066,"Actual Loops":1,"Output":["customer.c_nationkey","customer.c_id","customer.c_w_id","customer.c_d_id","n2.n_name"],"Shared Hit Blocks":1,"Shared Read Blocks":0,"Shared Dirtied Blocks":0,"Shared Written Blocks":0,"Local Hit Blocks":0,"Local Read Blocks":0,"Local Dirtied Blocks":0,"Local Written Blocks":0,"Temp Read Blocks":1090,"Temp Written Blocks":1096,"I/O Read Time":0.0,"I/O Write Time":0.0,"Temp I/O Read Time":1.422,"Temp I/O Write Time":4.235,"Plans":[{"Node Type":"Sort","Parent Relationship":"Outer","Parallel Aware":false,"Async Capable":false,"Startup Cost":547593.19,"Total Cost":548077.07,"Plan Rows":193553,"Plan Width":20,"Actual Startup Time":258.353,"Actual Total Time":298.67,"Actual Rows":289967,"Actual Loops":1,"Output":["customer.c_nationkey","customer.c_id","customer.c_w_id","customer.c_d_id","n2.n_name"],"Sort Key":["customer.c_id","customer.c_w_id","customer.c_d_id"],"Sort Method":"external merge","Sort Space Used":8720,"Sort Space Type":"Disk","Shared Hit Blocks":1,"Shared Read Blocks":0,"Shared Dirtied Blocks":0,"Shared Written Blocks":0,"Local Hit Blocks":0,"Local Read Blocks":0,"Local Dirtied Blocks":0,"Local Written Blocks":0,"Temp Read Blocks":1090,"Temp Written Blocks":1096,"I/O Read Time":0.0,"I/O Write Time":0.0,"Temp I/O Read Time":1.422,"Temp I/O Write Time":4.235,"Plans":[{"Node Type":"Hash Join","Parent Relationship":"Outer","Parallel Aware":false,"Async Capable":false,"Join Type":"Inner","Startup Cost":21.95,"Total Cost":526624.45,"Plan Rows":193553,"Plan Width":20,"Actual Startup Time":0.528,"Actual Total Time":159.508,"Actual Rows":289972,"Actual Loops":1,"Output":["customer.c_nationkey","customer.c_id","customer.c_w_id","customer.c_d_id","n2.n_name"],"Inner Unique":true,"Hash Cond":"(customer.c_nationkey = n2.n_nationkey)","Shared Hit Blocks":1,"Shared Read Blocks":0,"Shared Dirtied Blocks":0,"Shared Written Blocks":0,"Local Hit Blocks":0,"Local Read Blocks":0,"Local Dirtied Blocks":0,"Local Written Blocks":0,"Temp Read Blocks":0,"Temp Written Blocks":0,"I/O Read Time":0.0,"I/O Write Time":0.0,"Temp I/O Read Time":0.0,"Temp I/O Write Time":0.0,"Plans":[{"Node Type":"Append","Parent Relationship":"Outer","Parallel Aware":false,"Async Capable":false,"Startup Cost":20.0,"Total Cost":509795.49,"Plan Rows":6000140,"Plan Width":12,"Actual Startup Time":0.262,"Actual Total Time":105.627,"Actual Rows":289972,"Actual Loops":1,"Shared Hit Blocks":0,"Shared Read Blocks":0,"Shared Dirtied Blocks":0,"Shared Written Blocks":0,"Local Hit Blocks":0,"Local Read Blocks":0,"Local Dirtied Blocks":0,"Local Written Blocks":0,"Temp Read Blocks":0,"Temp Written Blocks":0,"I/O Read Time":0.0,"I/O Write Time":0.0,"Temp I/O Read Time":0.0,"Temp I/O Write Time":0.0,"Subplans Removed":0,"Plans":[{"Node Type":"Custom Scan","Parent Relationship":"Member","Custom Plan Provider":"columnar scan","Parallel Aware":false,"Async Capable":false,"Relation Name":"customer","Schema":"public","Alias":"customer","Startup Cost":20.0,"Total Cost":141020.06,"Plan Rows":6000000,"Plan Width":12,"Actual Startup Time":0.261,"Actual Total Time":85.202,"Actual Rows":289972,"Actual Loops":1,"Output":["customer.c_nationkey","customer.c_id","customer.c_w_id","customer.c_d_id"],"Rows Removed by Columnar Filter":5710028,"Rows Filtered by Bloom Filter":0,"Dictionary Rows Filtered by Bloom Filter":5710028,"Columnar cache search mode":"native","Shared Hit Blocks":0,"Shared Read Blocks":0,"Shared Dirtied Blocks":0,"Shared Written Blocks":0,"Local Hit Blocks":0,"Local Read Blocks":0,"Local Dirtied Blocks":0,"Local Written Blocks":0,"Temp Read Blocks":0,"Temp Written Blocks":0,"I/O Read Time":0.0,"I/O Write Time":0.0,"Temp I/O Read Time":0.0,"Temp I/O Write Time":0.0},{"Node Type":"Seq Scan","Parent Relationship":"Member","Parallel Aware":false,"Async Capable":false,"Relation Name":"customer","Schema":"public","Alias":"customer","Startup Cost":0.0,"Total Cost":5.4,"Plan Rows":140,"Plan Width":12,"Actual Startup Time":0.0,"Actual Total Time":0.0,"Actual Rows":0,"Actual Loops":0,"Output":["customer.c_nationkey","customer.c_id","customer.c_w_id","customer.c_d_id"],"Shared Hit Blocks":0,"Shared Read Blocks":0,"Shared Dirtied Blocks":0,"Shared Written Blocks":0,"Local Hit Blocks":0,"Local Read Blocks":0,"Local Dirtied Blocks":0,"Local Written Blocks":0,"Temp Read Blocks":0,"Temp Written Blocks":0,"I/O Read Time":0.0,"I/O Write Time":0.0,"Temp I/O Read Time":0.0,"Temp I/O Write Time":0.0}]},{"Node Type":"Hash","Parent Relationship":"Inner","Parallel Aware":false,"Async Capable":false,"Startup Cost":1.93,"Total Cost":1.93,"Plan Rows":2,"Plan Width":12,"Actual Startup Time":0.044,"Actual Total Time":0.044,"Actual Rows":2,"Actual Loops":1,"Output":["n2.n_nationkey","n2.n_name"],"Hash Buckets":1024,"Original Hash Buckets":1024,"Hash Batches":1,"Original Hash Batches":1,"Peak Memory Usage":9,"Shared Hit Blocks":1,"Shared Read Blocks":0,"Shared Dirtied Blocks":0,"Shared Written Blocks":0,"Local Hit Blocks":0,"Local Read Blocks":0,"Local Dirtied Blocks":0,"Local Written Blocks":0,"Temp Read Blocks":0,"Temp Written Blocks":0,"I/O Read Time":0.0,"I/O Write Time":0.0,"Temp I/O Read Time":0.0,"Temp I/O Write Time":0.0,"Plans":[{"Node Type":"Seq Scan","Parent Relationship":"Outer","Parallel Aware":false,"Async Capable":false,"Relation Name":"nation","Schema":"public","Alias":"n2","Startup Cost":0.0,"Total Cost":1.93,"Plan Rows":2,"Plan Width":12,"Actual Startup Time":0.032,"Actual Total Time":0.037,"Actual Rows":2,"Actual Loops":1,"Output":["n2.n_nationkey","n2.n_name"],"Filter":"(((n2.n_name)::text = 'Cambodia'::text) OR ((n2.n_name)::text = 'Germany'::text))","Rows Removed by Filter":60,"Shared Hit Blocks":1,"Shared Read Blocks":0,"Shared Dirtied Blocks":0,"Shared Written Blocks":0,"Local Hit Blocks":0,"Local Read Blocks":0,"Local Dirtied Blocks":0,"Local Written Blocks":0,"Temp Read Blocks":0,"Temp Written Blocks":0,"I/O Read Time":0.0,"I/O Write Time":0.0,"Temp I/O Read Time":0.0,"Temp I/O Write Time":0.0}]}]}]}]}]}]}]},"Planning":{"Shared Hit Blocks":152,"Shared Read Blocks":0,"Shared Dirtied Blocks":0,"Shared Written Blocks":0,"Local Hit Blocks":0,"Local Read Blocks":0,"Local Dirtied Blocks":0,"Local Written Blocks":0,"Temp Read Blocks":0,"Temp Written Blocks":0,"I/O Read Time":0.0,"I/O Write Time":0.0,"Temp I/O Read Time":0.0,"Temp I/O Write Time":0.0},"Planning Time":3.606,"Triggers":[],"Execution Time":20887.552}]
[列存组合]: customer, orders, stock
[{"Plan":{"Node Type":"Aggregate","Strategy":"Sorted","Partial Mode":"Simple","Parallel Aware":false,"Async Capable":false,"Startup Cost":3770766.46,"Total Cost":3771021.28,"Plan Rows":9266,"Plan Width":72,"Actual Startup Time":20814.508,"Actual Total Time":20817.062,"Actual Rows":6,"Actual Loops":1,"Output":["supplier.su_nationkey","customer.c_nationkey","(EXTRACT(year FROM orders.o_entry_d))","sum(order_line.ol_amount)"],"Group Key":["supplier.su_nationkey","customer.c_nationkey","(EXTRACT(year FROM orders.o_entry_d))"],"Shared Hit Blocks":780762,"Shared Read Blocks":0,"Shared Dirtied Blocks":0,"Shared Written Blocks":0,"Local Hit Blocks":0,"Local Read Blocks":0,"Local Dirtied Blocks":0,"Local Written Blocks":0,"Temp Read Blocks":124799,"Temp Written Blocks":124817,"I/O Read Time":0.0,"I/O Write Time":0.0,"Temp I/O Read Time":187.193,"Temp I/O Write Time":535.737,"Plans":[{"Node Type":"Sort","Parent Relationship":"Outer","Parallel Aware":false,"Async Capable":false,"Startup Cost":3770766.46,"Total Cost":3770789.63,"Plan Rows":9266,"Plan Width":44,"Actual Startup Time":20814.399,"Actual Total Time":20814.922,"Actual Rows":12121,"Actual Loops":1,"Output":["supplier.su_nationkey","customer.c_nationkey","(EXTRACT(year FROM orders.o_entry_d))","order_line.ol_amount"],"Sort Key":["supplier.su_nationkey","customer.c_nationkey","(EXTRACT(year FROM orders.o_entry_d))"],"Sort Method":"quicksort","Sort Space Used":1047,"Sort Space Type":"Memory","Shared Hit Blocks":780762,"Shared Read Blocks":0,"Shared Dirtied Blocks":0,"Shared Written Blocks":0,"Local Hit Blocks":0,"Local Read Blocks":0,"Local Dirtied Blocks":0,"Local Written Blocks":0,"Temp Read Blocks":124799,"Temp Written Blocks":124817,"I/O Read Time":0.0,"I/O Write Time":0.0,"Temp I/O Read Time":187.193,"Temp I/O Write Time":535.737,"Plans":[{"Node Type":"Merge Join","Parent Relationship":"Outer","Parallel Aware":false,"Async Capable":false,"Join Type":"Inner","Startup Cost":3761696.11,"Total Cost":3770155.94,"Plan Rows":9266,"Plan Width":44,"Actual Startup Time":20471.397,"Actual Total Time":20811.41,"Actual Rows":12121,"Actual Loops":1,"Output":["supplier.su_nationkey","customer.c_nationkey","EXTRACT(year FROM orders.o_entry_d)","order_line.ol_amount"],"Inner Unique":false,"Merge Cond":"((orders.o_c_id = customer.c_id) AND (order_line.ol_w_id = customer.c_w_id) AND (order_line.ol_d_id = customer.c_d_id))","Join Filter":"((((n1.n_name)::text = 'Germany'::text) AND ((n2.n_name)::text = 'Cambodia'::text)) OR (((n1.n_name)::text = 'Cambodia'::text) AND ((n2.n_name)::text = 'Germany'::text)))","Rows Removed by Join Filter":11453,"Shared Hit Blocks":780762,"Shared Read Blocks":0,"Shared Dirtied Blocks":0,"Shared Written Blocks":0,"Local Hit Blocks":0,"Local Read Blocks":0,"Local Dirtied Blocks":0,"Local Written Blocks":0,"Temp Read Blocks":124799,"Temp Written Blocks":124817,"I/O Read Time":0.0,"I/O Write Time":0.0,"Temp I/O Read Time":187.193,"Temp I/O Write Time":535.737,"Plans":[{"Node Type":"Sort","Parent Relationship":"Outer","Parallel Aware":false,"Async Capable":false,"Startup Cost":3214102.73,"Total Cost":3215516.13,"Plan Rows":565362,"Plan Width":36,"Actual Startup Time":20210.93,"Actual Total Time":20383.121,"Actual Rows":485009,"Actual Loops":1,"Output":["supplier.su_nationkey","order_line.ol_amount","order_line.ol_w_id","order_line.ol_d_id","orders.o_entry_d","orders.o_w_id","orders.o_d_id","orders.o_c_id","n1.n_name"],"Sort Key":["orders.o_c_id","order_line.ol_w_id","order_line.ol_d_id"],"Sort Method":"external merge","Sort Space Used":24000,"Sort Space Type":"Disk","Shared Hit Blocks":780761,"Shared Read Blocks":0,"Shared Dirtied Blocks":0,"Shared Written Blocks":0,"Local Hit Blocks":0,"Local Read Blocks":0,"Local Dirtied Blocks":0,"Local Written Blocks":0,"Temp Read Blocks":123709,"Temp Written Blocks":123721,"I/O Read Time":0.0,"I/O Write Time":0.0,"Temp I/O Read Time":185.782,"Temp I/O Write Time":531.582,"Plans":[{"Node Type":"Hash Join","Parent Relationship":"Outer","Parallel Aware":false,"Async Capable":false,"Join Type":"Inner","Startup Cost":906075.03,"Total Cost":3144626.23,"Plan Rows":565362,"Plan Width":36,"Actual Startup Time":8462.207,"Actual Total Time":19962.919,"Actual Rows":485009,"Actual Loops":1,"Output":["supplier.su_nationkey","order_line.ol_amount","order_line.ol_w_id","order_line.ol_d_id","orders.o_entry_d","orders.o_w_id","orders.o_d_id","orders.o_c_id","n1.n_name"],"Inner Unique":true,"Hash Cond":"((order_line.ol_w_id = orders.o_w_id) AND (order_line.ol_d_id = orders.o_d_id) AND (order_line.ol_o_id = orders.o_id))","Shared Hit Blocks":780761,"Shared Read Blocks":0,"Shared Dirtied Blocks":0,"Shared Written Blocks":0,"Local Hit Blocks":0,"Local Read Blocks":0,"Local Dirtied Blocks":0,"Local Written Blocks":0,"Temp Read Blocks":120709,"Temp Written Blocks":120709,"I/O Read Time":0.0,"I/O Write Time":0.0,"Temp I/O Read Time":181.517,"Temp I/O Write Time":520.461,"Plans":[{"Node Type":"Hash Join","Parent Relationship":"Outer","Parallel Aware":false,"Async Capable":false,"Join Type":"Inner","Startup Cost":646882.76,"Total Cost":2838108.04,"Plan Rows":565705,"Plan Width":28,"Actual Startup Time":6637.972,"Actual Total Time":17471.448,"Actual Rows":485009,"Actual Loops":1,"Output":["supplier.su_nationkey","order_line.ol_amount","order_line.ol_w_id","order_line.ol_d_id","order_line.ol_o_id","n1.n_name"],"Inner Unique":false,"Hash Cond":"((order_line.ol_supply_w_id = stock.s_w_id) AND (order_line.ol_i_id = stock.s_i_id))","Shared Hit Blocks":736639,"Shared Read Blocks":0,"Shared Dirtied Blocks":0,"Shared Written Blocks":0,"Local Hit Blocks":0,"Local Read Blocks":0,"Local Dirtied Blocks":0,"Local Written Blocks":0,"Temp Read Blocks":83003,"Temp Written Blocks":83003,"I/O Read Time":0.0,"I/O Write Time":0.0,"Temp I/O Read Time":123.924,"Temp I/O Write Time":344.391,"Plans":[{"Node Type":"Seq Scan","Parent Relationship":"Outer","Parallel Aware":false,"Async Capable":false,"Relation Name":"order_line","Schema":"public","Alias":"order_line","Startup Cost":0.0,"Total Cost":1581655.36,"Plan Rows":17536869,"Plan Width":22,"Actual Startup Time":6.456,"Actual Total Time":5715.65,"Actual Rows":17139931,"Actual Loops":1,"Output":["order_line.ol_amount","order_line.ol_supply_w_id","order_line.ol_i_id","order_line.ol_w_id","order_line.ol_d_id","order_line.ol_o_id"],"Filter":"((order_line.ol_delivery_d >= '1995-01-02 20:10:02.27764'::timestamp without time zone) AND (order_line.ol_delivery_d <= '1997-01-01 20:10:02.27764'::timestamp without time zone))","Rows Removed by Filter":42853830,"Shared Hit Blocks":681748,"Shared Read Blocks":0,"Shared Dirtied Blocks":0,"Shared Written Blocks":0,"Local Hit Blocks":0,"Local Read Blocks":0,"Local Dirtied Blocks":0,"Local Written Blocks":0,"Temp Read Blocks":0,"Temp Written Blocks":0,"I/O Read Time":0.0,"I/O Write Time":0.0,"Temp I/O Read Time":0.0,"Temp I/O Write Time":0.0},{"Node Type":"Hash","Parent Relationship":"Inner","Parallel Aware":false,"Async Capable":false,"Startup Cost":633424.24,"Total Cost":633424.24,"Plan Rows":645168,"Plan Width":18,"Actual Startup Time":6630.873,"Actual Total Time":6630.883,"Actual Rows":566400,"Actual Loops":1,"Output":["supplier.su_nationkey","stock.s_w_id","stock.s_i_id","n1.n_name"],"Hash Buckets":131072,"Original Hash Buckets":131072,"Hash Batches":8,"Original Hash Batches":8,"Peak Memory Usage":4646,"Shared Hit Blocks":54891,"Shared Read Blocks":0,"Shared Dirtied Blocks":0,"Shared Written Blocks":0,"Local Hit Blocks":0,"Local Read Blocks":0,"Local Dirtied Blocks":0,"Local Written Blocks":0,"Temp Read Blocks":0,"Temp Written Blocks":2445,"I/O Read Time":0.0,"I/O Write Time":0.0,"Temp I/O Read Time":0.0,"Temp I/O Write Time":12.829,"Plans":[{"Node Type":"Hash Join","Parent Relationship":"Outer","Parallel Aware":false,"Async Capable":false,"Join Type":"Inner","Startup Cost":444.39,"Total Cost":633424.24,"Plan Rows":645168,"Plan Width":18,"Actual Startup Time":2.647,"Actual Total Time":6523.928,"Actual Rows":566400,"Actual Loops":1,"Output":["supplier.su_nationkey","stock.s_w_id","stock.s_i_id","n1.n_name"],"Inner Unique":true,"Hash Cond":"(supplier.su_nationkey = n1.n_nationkey)","Shared Hit Blocks":54891,"Shared Read Blocks":0,"Shared Dirtied Blocks":0,"Shared Written Blocks":0,"Local Hit Blocks":0,"Local Read Blocks":0,"Local Dirtied Blocks":0,"Local Written Blocks":0,"Temp Read Blocks":0,"Temp Written Blocks":0,"I/O Read Time":0.0,"I/O Write Time":0.0,"Temp I/O Read Time":0.0,"Temp I/O Write Time":0.0,"Plans":[{"Node Type":"Hash Join","Parent Relationship":"Outer","Parallel Aware":false,"Async Capable":false,"Join Type":"Inner","Startup Cost":442.44,"Total Cost":577332.98,"Plan Rows":20000212,"Plan Width":10,"Actual Startup Time":2.608,"Actual Total Time":5213.992,"Actual Rows":20000000,"Actual Loops":1,"Output":["supplier.su_nationkey","stock.s_w_id","stock.s_i_id"],"Inner Unique":true,"Hash Cond":"(mod((stock.s_w_id * stock.s_i_id), 10000) = supplier.su_suppkey)","Shared Hit Blocks":54890,"Shared Read Blocks":0,"Shared Dirtied Blocks":0,"Shared Written Blocks":0,"Local Hit Blocks":0,"Local Read Blocks":0,"Local Dirtied Blocks":0,"Local Written Blocks":0,"Temp Read Blocks":0,"Temp Written Blocks":0,"I/O Read Time":0.0,"I/O Write Time":0.0,"Temp I/O Read Time":0.0,"Temp I/O Write Time":0.0,"Plans":[{"Node Type":"Index Only Scan","Parent Relationship":"Outer","Parallel Aware":false,"Async Capable":false,"Scan Direction":"Forward","Index Name":"stock_pk","Relation Name":"stock","Schema":"public","Alias":"stock","Startup Cost":0.44,"Total Cost":519363.62,"Plan Rows":20000212,"Plan Width":6,"Actual Startup Time":0.03,"Actual Total Time":1517.476,"Actual Rows":20000000,"Actual Loops":1,"Output":["stock.s_w_id","stock.s_i_id"],"Heap Fetches":0,"Shared Hit Blocks":54673,"Shared Read Blocks":0,"Shared Dirtied Blocks":0,"Shared Written Blocks":0,"Local Hit Blocks":0,"Local Read Blocks":0,"Local Dirtied Blocks":0,"Local Written Blocks":0,"Temp Read Blocks":0,"Temp Written Blocks":0,"I/O Read Time":0.0,"I/O Write Time":0.0,"Temp I/O Read Time":0.0,"Temp I/O Write Time":0.0},{"Node Type":"Hash","Parent Relationship":"Inner","Parallel Aware":false,"Async Capable":false,"Startup Cost":317.0,"Total Cost":317.0,"Plan Rows":10000,"Plan Width":8,"Actual Startup Time":2.524,"Actual Total Time":2.525,"Actual Rows":10000,"Actual Loops":1,"Output":["supplier.su_nationkey","supplier.su_suppkey"],"Hash Buckets":16384,"Original Hash Buckets":16384,"Hash Batches":1,"Original Hash Batches":1,"Peak Memory Usage":519,"Shared Hit Blocks":217,"Shared Read Blocks":0,"Shared Dirtied Blocks":0,"Shared Written Blocks":0,"Local Hit Blocks":0,"Local Read Blocks":0,"Local Dirtied Blocks":0,"Local Written Blocks":0,"Temp Read Blocks":0,"Temp Written Blocks":0,"I/O Read Time":0.0,"I/O Write Time":0.0,"Temp I/O Read Time":0.0,"Temp I/O Write Time":0.0,"Plans":[{"Node Type":"Seq Scan","Parent Relationship":"Outer","Parallel Aware":false,"Async Capable":false,"Relation Name":"supplier","Schema":"public","Alias":"supplier","Startup Cost":0.0,"Total Cost":317.0,"Plan Rows":10000,"Plan Width":8,"Actual Startup Time":0.015,"Actual Total Time":1.285,"Actual Rows":10000,"Actual Loops":1,"Output":["supplier.su_nationkey","supplier.su_suppkey"],"Shared Hit Blocks":217,"Shared Read Blocks":0,"Shared Dirtied Blocks":0,"Shared Written Blocks":0,"Local Hit Blocks":0,"Local Read Blocks":0,"Local Dirtied Blocks":0,"Local Written Blocks":0,"Temp Read Blocks":0,"Temp Written Blocks":0,"I/O Read Time":0.0,"I/O Write Time":0.0,"Temp I/O Read Time":0.0,"Temp I/O Write Time":0.0}]}]},{"Node Type":"Hash","Parent Relationship":"Inner","Parallel Aware":false,"Async Capable":false,"Startup Cost":1.93,"Total Cost":1.93,"Plan Rows":2,"Plan Width":12,"Actual Startup Time":0.026,"Actual Total Time":0.027,"Actual Rows":2,"Actual Loops":1,"Output":["n1.n_nationkey","n1.n_name"],"Hash Buckets":1024,"Original Hash Buckets":1024,"Hash Batches":1,"Original Hash Batches":1,"Peak Memory Usage":9,"Shared Hit Blocks":1,"Shared Read Blocks":0,"Shared Dirtied Blocks":0,"Shared Written Blocks":0,"Local Hit Blocks":0,"Local Read Blocks":0,"Local Dirtied Blocks":0,"Local Written Blocks":0,"Temp Read Blocks":0,"Temp Written Blocks":0,"I/O Read Time":0.0,"I/O Write Time":0.0,"Temp I/O Read Time":0.0,"Temp I/O Write Time":0.0,"Plans":[{"Node Type":"Seq Scan","Parent Relationship":"Outer","Parallel Aware":false,"Async Capable":false,"Relation Name":"nation","Schema":"public","Alias":"n1","Startup Cost":0.0,"Total Cost":1.93,"Plan Rows":2,"Plan Width":12,"Actual Startup Time":0.018,"Actual Total Time":0.023,"Actual Rows":2,"Actual Loops":1,"Output":["n1.n_nationkey","n1.n_name"],"Filter":"(((n1.n_name)::text = 'Germany'::text) OR ((n1.n_name)::text = 'Cambodia'::text))","Rows Removed by Filter":60,"Shared Hit Blocks":1,"Shared Read Blocks":0,"Shared Dirtied Blocks":0,"Shared Written Blocks":0,"Local Hit Blocks":0,"Local Read Blocks":0,"Local Dirtied Blocks":0,"Local Written Blocks":0,"Temp Read Blocks":0,"Temp Written Blocks":0,"I/O Read Time":0.0,"I/O Write Time":0.0,"Temp I/O Read Time":0.0,"Temp I/O Write Time":0.0}]}]}]}]},{"Node Type":"Hash","Parent Relationship":"Inner","Parallel Aware":false,"Async Capable":false,"Startup Cost":119121.6,"Total Cost":119121.6,"Plan Rows":5996324,"Plan Width":24,"Actual Startup Time":1813.129,"Actual Total Time":1813.132,"Actual Rows":5995789,"Actual Loops":1,"Output":["orders.o_entry_d","orders.o_w_id","orders.o_d_id","orders.o_id","orders.o_c_id"],"Hash Buckets":131072,"Original Hash Buckets":131072,"Hash Batches":64,"Original Hash Batches":64,"Peak Memory Usage":6496,"Shared Hit Blocks":44122,"Shared Read Blocks":0,"Shared Dirtied Blocks":0,"Shared Written Blocks":0,"Local Hit Blocks":0,"Local Read Blocks":0,"Local Dirtied Blocks":0,"Local Written Blocks":0,"Temp Read Blocks":0,"Temp Written Blocks":34552,"I/O Read Time":0.0,"I/O Write Time":0.0,"Temp I/O Read Time":0.0,"Temp I/O Write Time":158.166,"Plans":[{"Node Type":"Seq Scan","Parent Relationship":"Outer","Parallel Aware":false,"Async Capable":false,"Relation Name":"orders","Schema":"public","Alias":"orders","Startup Cost":0.0,"Total Cost":119121.6,"Plan Rows":5996324,"Plan Width":24,"Actual Startup Time":0.015,"Actual Total Time":731.122,"Actual Rows":5995789,"Actual Loops":1,"Output":["orders.o_entry_d","orders.o_w_id","orders.o_d_id","orders.o_id","orders.o_c_id"],"Filter":"(orders.o_entry_d >= '1992-01-02 20:10:02.27764'::timestamp without time zone)","Rows Removed by Filter":4211,"Shared Hit Blocks":44122,"Shared Read Blocks":0,"Shared Dirtied Blocks":0,"Shared Written Blocks":0,"Local Hit Blocks":0,"Local Read Blocks":0,"Local Dirtied Blocks":0,"Local Written Blocks":0,"Temp Read Blocks":0,"Temp Written Blocks":0,"I/O Read Time":0.0,"I/O Write Time":0.0,"Temp I/O Read Time":0.0,"Temp I/O Write Time":0.0}]}]}]},{"Node Type":"Materialize","Parent Relationship":"Inner","Parallel Aware":false,"Async Capable":false,"Startup Cost":547593.19,"Total Cost":548560.96,"Plan Rows":193553,"Plan Width":20,"Actual Startup Time":260.399,"Actual Total Time":332.296,"Actual Rows":293066,"Actual Loops":1,"Output":["customer.c_nationkey","customer.c_id","customer.c_w_id","customer.c_d_id","n2.n_name"],"Shared Hit Blocks":1,"Shared Read Blocks":0,"Shared Dirtied Blocks":0,"Shared Written Blocks":0,"Local Hit Blocks":0,"Local Read Blocks":0,"Local Dirtied Blocks":0,"Local Written Blocks":0,"Temp Read Blocks":1090,"Temp Written Blocks":1096,"I/O Read Time":0.0,"I/O Write Time":0.0,"Temp I/O Read Time":1.411,"Temp I/O Write Time":4.155,"Plans":[{"Node Type":"Sort","Parent Relationship":"Outer","Parallel Aware":false,"Async Capable":false,"Startup Cost":547593.19,"Total Cost":548077.07,"Plan Rows":193553,"Plan Width":20,"Actual Startup Time":260.391,"Actual Total Time":300.694,"Actual Rows":289967,"Actual Loops":1,"Output":["customer.c_nationkey","customer.c_id","customer.c_w_id","customer.c_d_id","n2.n_name"],"Sort Key":["customer.c_id","customer.c_w_id","customer.c_d_id"],"Sort Method":"external merge","Sort Space Used":8720,"Sort Space Type":"Disk","Shared Hit Blocks":1,"Shared Read Blocks":0,"Shared Dirtied Blocks":0,"Shared Written Blocks":0,"Local Hit Blocks":0,"Local Read Blocks":0,"Local Dirtied Blocks":0,"Local Written Blocks":0,"Temp Read Blocks":1090,"Temp Written Blocks":1096,"I/O Read Time":0.0,"I/O Write Time":0.0,"Temp I/O Read Time":1.411,"Temp I/O Write Time":4.155,"Plans":[{"Node Type":"Hash Join","Parent Relationship":"Outer","Parallel Aware":false,"Async Capable":false,"Join Type":"Inner","Startup Cost":21.95,"Total Cost":526624.45,"Plan Rows":193553,"Plan Width":20,"Actual Startup Time":0.439,"Actual Total Time":160.427,"Actual Rows":289972,"Actual Loops":1,"Output":["customer.c_nationkey","customer.c_id","customer.c_w_id","customer.c_d_id","n2.n_name"],"Inner Unique":true,"Hash Cond":"(customer.c_nationkey = n2.n_nationkey)","Shared Hit Blocks":1,"Shared Read Blocks":0,"Shared Dirtied Blocks":0,"Shared Written Blocks":0,"Local Hit Blocks":0,"Local Read Blocks":0,"Local Dirtied Blocks":0,"Local Written Blocks":0,"Temp Read Blocks":0,"Temp Written Blocks":0,"I/O Read Time":0.0,"I/O Write Time":0.0,"Temp I/O Read Time":0.0,"Temp I/O Write Time":0.0,"Plans":[{"Node Type":"Append","Parent Relationship":"Outer","Parallel Aware":false,"Async Capable":false,"Startup Cost":20.0,"Total Cost":509795.49,"Plan Rows":6000140,"Plan Width":12,"Actual Startup Time":0.285,"Actual Total Time":106.588,"Actual Rows":289972,"Actual Loops":1,"Shared Hit Blocks":0,"Shared Read Blocks":0,"Shared Dirtied Blocks":0,"Shared Written Blocks":0,"Local Hit Blocks":0,"Local Read Blocks":0,"Local Dirtied Blocks":0,"Local Written Blocks":0,"Temp Read Blocks":0,"Temp Written Blocks":0,"I/O Read Time":0.0,"I/O Write Time":0.0,"Temp I/O Read Time":0.0,"Temp I/O Write Time":0.0,"Subplans Removed":0,"Plans":[{"Node Type":"Custom Scan","Parent Relationship":"Member","Custom Plan Provider":"columnar scan","Parallel Aware":false,"Async Capable":false,"Relation Name":"customer","Schema":"public","Alias":"customer","Startup Cost":20.0,"Total Cost":141020.06,"Plan Rows":6000000,"Plan Width":12,"Actual Startup Time":0.283,"Actual Total Time":86.259,"Actual Rows":289972,"Actual Loops":1,"Output":["customer.c_nationkey","customer.c_id","customer.c_w_id","customer.c_d_id"],"Rows Removed by Columnar Filter":5710028,"Rows Filtered by Bloom Filter":0,"Dictionary Rows Filtered by Bloom Filter":5710028,"Columnar cache search mode":"native","Shared Hit Blocks":0,"Shared Read Blocks":0,"Shared Dirtied Blocks":0,"Shared Written Blocks":0,"Local Hit Blocks":0,"Local Read Blocks":0,"Local Dirtied Blocks":0,"Local Written Blocks":0,"Temp Read Blocks":0,"Temp Written Blocks":0,"I/O Read Time":0.0,"I/O Write Time":0.0,"Temp I/O Read Time":0.0,"Temp I/O Write Time":0.0},{"Node Type":"Seq Scan","Parent Relationship":"Member","Parallel Aware":false,"Async Capable":false,"Relation Name":"customer","Schema":"public","Alias":"customer","Startup Cost":0.0,"Total Cost":5.4,"Plan Rows":140,"Plan Width":12,"Actual Startup Time":0.0,"Actual Total Time":0.0,"Actual Rows":0,"Actual Loops":0,"Output":["customer.c_nationkey","customer.c_id","customer.c_w_id","customer.c_d_id"],"Shared Hit Blocks":0,"Shared Read Blocks":0,"Shared Dirtied Blocks":0,"Shared Written Blocks":0,"Local Hit Blocks":0,"Local Read Blocks":0,"Local Dirtied Blocks":0,"Local Written Blocks":0,"Temp Read Blocks":0,"Temp Written Blocks":0,"I/O Read Time":0.0,"I/O Write Time":0.0,"Temp I/O Read Time":0.0,"Temp I/O Write Time":0.0}]},{"Node Type":"Hash","Parent Relationship":"Inner","Parallel Aware":false,"Async Capable":false,"Startup Cost":1.93,"Total Cost":1.93,"Plan Rows":2,"Plan Width":12,"Actual Startup Time":0.043,"Actual Total Time":0.044,"Actual Rows":2,"Actual Loops":1,"Output":["n2.n_nationkey","n2.n_name"],"Hash Buckets":1024,"Original Hash Buckets":1024,"Hash Batches":1,"Original Hash Batches":1,"Peak Memory Usage":9,"Shared Hit Blocks":1,"Shared Read Blocks":0,"Shared Dirtied Blocks":0,"Shared Written Blocks":0,"Local Hit Blocks":0,"Local Read Blocks":0,"Local Dirtied Blocks":0,"Local Written Blocks":0,"Temp Read Blocks":0,"Temp Written Blocks":0,"I/O Read Time":0.0,"I/O Write Time":0.0,"Temp I/O Read Time":0.0,"Temp I/O Write Time":0.0,"Plans":[{"Node Type":"Seq Scan","Parent Relationship":"Outer","Parallel Aware":false,"Async Capable":false,"Relation Name":"nation","Schema":"public","Alias":"n2","Startup Cost":0.0,"Total Cost":1.93,"Plan Rows":2,"Plan Width":12,"Actual Startup Time":0.032,"Actual Total Time":0.037,"Actual Rows":2,"Actual Loops":1,"Output":["n2.n_nationkey","n2.n_name"],"Filter":"(((n2.n_name)::text = 'Cambodia'::text) OR ((n2.n_name)::text = 'Germany'::text))","Rows Removed by Filter":60,"Shared Hit Blocks":1,"Shared Read Blocks":0,"Shared Dirtied Blocks":0,"Shared Written Blocks":0,"Local Hit Blocks":0,"Local Read Blocks":0,"Local Dirtied Blocks":0,"Local Written Blocks":0,"Temp Read Blocks":0,"Temp Written Blocks":0,"I/O Read Time":0.0,"I/O Write Time":0.0,"Temp I/O Read Time":0.0,"Temp I/O Write Time":0.0}]}]}]}]}]}]}]},"Planning":{"Shared Hit Blocks":152,"Shared Read Blocks":0,"Shared Dirtied Blocks":0,"Shared Written Blocks":0,"Local Hit Blocks":0,"Local Read Blocks":0,"Local Dirtied Blocks":0,"Local Written Blocks":0,"Temp Read Blocks":0,"Temp Written Blocks":0,"I/O Read Time":0.0,"I/O Write Time":0.0,"Temp I/O Read Time":0.0,"Temp I/O Write Time":0.0},"Planning Time":3.957,"Triggers":[],"Execution Time":20822.442}]
[列存组合]: customer, orders, supplier
[{"Plan":{"Node Type":"Aggregate","Strategy":"Sorted","Partial Mode":"Simple","Parallel Aware":false,"Async Capable":false,"Startup Cost":3770668.48,"Total Cost":3770923.3,"Plan Rows":9266,"Plan Width":72,"Actual Startup Time":20813.235,"Actual Total Time":20815.817,"Actual Rows":6,"Actual Loops":1,"Output":["supplier.su_nationkey","customer.c_nationkey","(EXTRACT(year FROM orders.o_entry_d))","sum(order_line.ol_amount)"],"Group Key":["supplier.su_nationkey","customer.c_nationkey","(EXTRACT(year FROM orders.o_entry_d))"],"Shared Hit Blocks":780545,"Shared Read Blocks":0,"Shared Dirtied Blocks":0,"Shared Written Blocks":0,"Local Hit Blocks":0,"Local Read Blocks":0,"Local Dirtied Blocks":0,"Local Written Blocks":0,"Temp Read Blocks":124799,"Temp Written Blocks":124817,"I/O Read Time":0.0,"I/O Write Time":0.0,"Temp I/O Read Time":186.337,"Temp I/O Write Time":533.777,"Plans":[{"Node Type":"Sort","Parent Relationship":"Outer","Parallel Aware":false,"Async Capable":false,"Startup Cost":3770668.48,"Total Cost":3770691.65,"Plan Rows":9266,"Plan Width":44,"Actual Startup Time":20813.126,"Actual Total Time":20813.657,"Actual Rows":12121,"Actual Loops":1,"Output":["supplier.su_nationkey","customer.c_nationkey","(EXTRACT(year FROM orders.o_entry_d))","order_line.ol_amount"],"Sort Key":["supplier.su_nationkey","customer.c_nationkey","(EXTRACT(year FROM orders.o_entry_d))"],"Sort Method":"quicksort","Sort Space Used":1047,"Sort Space Type":"Memory","Shared Hit Blocks":780545,"Shared Read Blocks":0,"Shared Dirtied Blocks":0,"Shared Written Blocks":0,"Local Hit Blocks":0,"Local Read Blocks":0,"Local Dirtied Blocks":0,"Local Written Blocks":0,"Temp Read Blocks":124799,"Temp Written Blocks":124817,"I/O Read Time":0.0,"I/O Write Time":0.0,"Temp I/O Read Time":186.337,"Temp I/O Write Time":533.777,"Plans":[{"Node Type":"Merge Join","Parent Relationship":"Outer","Parallel Aware":false,"Async Capable":false,"Join Type":"Inner","Startup Cost":3761598.13,"Total Cost":3770057.96,"Plan Rows":9266,"Plan Width":44,"Actual Startup Time":20469.537,"Actual Total Time":20810.245,"Actual Rows":12121,"Actual Loops":1,"Output":["supplier.su_nationkey","customer.c_nationkey","EXTRACT(year FROM orders.o_entry_d)","order_line.ol_amount"],"Inner Unique":false,"Merge Cond":"((orders.o_c_id = customer.c_id) AND (order_line.ol_w_id = customer.c_w_id) AND (order_line.ol_d_id = customer.c_d_id))","Join Filter":"((((n1.n_name)::text = 'Germany'::text) AND ((n2.n_name)::text = 'Cambodia'::text)) OR (((n1.n_name)::text = 'Cambodia'::text) AND ((n2.n_name)::text = 'Germany'::text)))","Rows Removed by Join Filter":11453,"Shared Hit Blocks":780545,"Shared Read Blocks":0,"Shared Dirtied Blocks":0,"Shared Written Blocks":0,"Local Hit Blocks":0,"Local Read Blocks":0,"Local Dirtied Blocks":0,"Local Written Blocks":0,"Temp Read Blocks":124799,"Temp Written Blocks":124817,"I/O Read Time":0.0,"I/O Write Time":0.0,"Temp I/O Read Time":186.337,"Temp I/O Write Time":533.777,"Plans":[{"Node Type":"Sort","Parent Relationship":"Outer","Parallel Aware":false,"Async Capable":false,"Startup Cost":3214004.75,"Total Cost":3215418.15,"Plan Rows":565362,"Plan Width":36,"Actual Startup Time":20210.499,"Actual Total Time":20381.141,"Actual Rows":485009,"Actual Loops":1,"Output":["supplier.su_nationkey","order_line.ol_amount","order_line.ol_w_id","order_line.ol_d_id","orders.o_entry_d","orders.o_w_id","orders.o_d_id","orders.o_c_id","n1.n_name"],"Sort Key":["orders.o_c_id","order_line.ol_w_id","order_line.ol_d_id"],"Sort Method":"external merge","Sort Space Used":24000,"Sort Space Type":"Disk","Shared Hit Blocks":780544,"Shared Read Blocks":0,"Shared Dirtied Blocks":0,"Shared Written Blocks":0,"Local Hit Blocks":0,"Local Read Blocks":0,"Local Dirtied Blocks":0,"Local Written Blocks":0,"Temp Read Blocks":123709,"Temp Written Blocks":123721,"I/O Read Time":0.0,"I/O Write Time":0.0,"Temp I/O Read Time":184.922,"Temp I/O Write Time":529.487,"Plans":[{"Node Type":"Hash Join","Parent Relationship":"Outer","Parallel Aware":false,"Async Capable":false,"Join Type":"Inner","Startup Cost":905977.05,"Total Cost":3144528.26,"Plan Rows":565362,"Plan Width":36,"Actual Startup Time":8490.394,"Actual Total Time":19962.319,"Actual Rows":485009,"Actual Loops":1,"Output":["supplier.su_nationkey","order_line.ol_amount","order_line.ol_w_id","order_line.ol_d_id","orders.o_entry_d","orders.o_w_id","orders.o_d_id","orders.o_c_id","n1.n_name"],"Inner Unique":true,"Hash Cond":"((order_line.ol_w_id = orders.o_w_id) AND (order_line.ol_d_id = orders.o_d_id) AND (order_line.ol_o_id = orders.o_id))","Shared Hit Blocks":780544,"Shared Read Blocks":0,"Shared Dirtied Blocks":0,"Shared Written Blocks":0,"Local Hit Blocks":0,"Local Read Blocks":0,"Local Dirtied Blocks":0,"Local Written Blocks":0,"Temp Read Blocks":120709,"Temp Written Blocks":120709,"I/O Read Time":0.0,"I/O Write Time":0.0,"Temp I/O Read Time":180.795,"Temp I/O Write Time":518.294,"Plans":[{"Node Type":"Hash Join","Parent Relationship":"Outer","Parallel Aware":false,"Async Capable":false,"Join Type":"Inner","Startup Cost":646784.78,"Total Cost":2838010.06,"Plan Rows":565705,"Plan Width":28,"Actual Startup Time":6680.783,"Actual Total Time":17482.348,"Actual Rows":485009,"Actual Loops":1,"Output":["supplier.su_nationkey","order_line.ol_amount","order_line.ol_w_id","order_line.ol_d_id","order_line.ol_o_id","n1.n_name"],"Inner Unique":false,"Hash Cond":"((order_line.ol_supply_w_id = stock.s_w_id) AND (order_line.ol_i_id = stock.s_i_id))","Shared Hit Blocks":736422,"Shared Read Blocks":0,"Shared Dirtied Blocks":0,"Shared Written Blocks":0,"Local Hit Blocks":0,"Local Read Blocks":0,"Local Dirtied Blocks":0,"Local Written Blocks":0,"Temp Read Blocks":83003,"Temp Written Blocks":83003,"I/O Read Time":0.0,"I/O Write Time":0.0,"Temp I/O Read Time":124.751,"Temp I/O Write Time":346.409,"Plans":[{"Node Type":"Seq Scan","Parent Relationship":"Outer","Parallel Aware":false,"Async Capable":false,"Relation Name":"order_line","Schema":"public","Alias":"order_line","Startup Cost":0.0,"Total Cost":1581655.36,"Plan Rows":17536869,"Plan Width":22,"Actual Startup Time":6.499,"Actual Total Time":5681.009,"Actual Rows":17139931,"Actual Loops":1,"Output":["order_line.ol_amount","order_line.ol_supply_w_id","order_line.ol_i_id","order_line.ol_w_id","order_line.ol_d_id","order_line.ol_o_id"],"Filter":"((order_line.ol_delivery_d >= '1995-01-02 20:10:02.27764'::timestamp without time zone) AND (order_line.ol_delivery_d <= '1997-01-01 20:10:02.27764'::timestamp without time zone))","Rows Removed by Filter":42853830,"Shared Hit Blocks":681748,"Shared Read Blocks":0,"Shared Dirtied Blocks":0,"Shared Written Blocks":0,"Local Hit Blocks":0,"Local Read Blocks":0,"Local Dirtied Blocks":0,"Local Written Blocks":0,"Temp Read Blocks":0,"Temp Written Blocks":0,"I/O Read Time":0.0,"I/O Write Time":0.0,"Temp I/O Read Time":0.0,"Temp I/O Write Time":0.0},{"Node Type":"Hash","Parent Relationship":"Inner","Parallel Aware":false,"Async Capable":false,"Startup Cost":633326.26,"Total Cost":633326.26,"Plan Rows":645168,"Plan Width":18,"Actual Startup Time":6673.699,"Actual Total Time":6673.712,"Actual Rows":566400,"Actual Loops":1,"Output":["supplier.su_nationkey","stock.s_w_id","stock.s_i_id","n1.n_name"],"Hash Buckets":131072,"Original Hash Buckets":131072,"Hash Batches":8,"Original Hash Batches":8,"Peak Memory Usage":4646,"Shared Hit Blocks":54674,"Shared Read Blocks":0,"Shared Dirtied Blocks":0,"Shared Written Blocks":0,"Local Hit Blocks":0,"Local Read Blocks":0,"Local Dirtied Blocks":0,"Local Written Blocks":0,"Temp Read Blocks":0,"Temp Written Blocks":2445,"I/O Read Time":0.0,"I/O Write Time":0.0,"Temp I/O Read Time":0.0,"Temp I/O Write Time":13.038,"Plans":[{"Node Type":"Hash Join","Parent Relationship":"Outer","Parallel Aware":false,"Async Capable":false,"Join Type":"Inner","Startup Cost":346.42,"Total Cost":633326.26,"Plan Rows":645168,"Plan Width":18,"Actual Startup Time":3.137,"Actual Total Time":6565.699,"Actual Rows":566400,"Actual Loops":1,"Output":["supplier.su_nationkey","stock.s_w_id","stock.s_i_id","n1.n_name"],"Inner Unique":true,"Hash Cond":"(supplier.su_nationkey = n1.n_nationkey)","Shared Hit Blocks":54674,"Shared Read Blocks":0,"Shared Dirtied Blocks":0,"Shared Written Blocks":0,"Local Hit Blocks":0,"Local Read Blocks":0,"Local Dirtied Blocks":0,"Local Written Blocks":0,"Temp Read Blocks":0,"Temp Written Blocks":0,"I/O Read Time":0.0,"I/O Write Time":0.0,"Temp I/O Read Time":0.0,"Temp I/O Write Time":0.0,"Plans":[{"Node Type":"Hash Join","Parent Relationship":"Outer","Parallel Aware":false,"Async Capable":false,"Join Type":"Inner","Startup Cost":344.46,"Total Cost":577235.0,"Plan Rows":20000212,"Plan Width":10,"Actual Startup Time":3.106,"Actual Total Time":5183.729,"Actual Rows":20000000,"Actual Loops":1,"Output":["supplier.su_nationkey","stock.s_w_id","stock.s_i_id"],"Inner Unique":true,"Hash Cond":"(mod((stock.s_w_id * stock.s_i_id), 10000) = supplier.su_suppkey)","Shared Hit Blocks":54673,"Shared Read Blocks":0,"Shared Dirtied Blocks":0,"Shared Written Blocks":0,"Local Hit Blocks":0,"Local Read Blocks":0,"Local Dirtied Blocks":0,"Local Written Blocks":0,"Temp Read Blocks":0,"Temp Written Blocks":0,"I/O Read Time":0.0,"I/O Write Time":0.0,"Temp I/O Read Time":0.0,"Temp I/O Write Time":0.0,"Plans":[{"Node Type":"Index Only Scan","Parent Relationship":"Outer","Parallel Aware":false,"Async Capable":false,"Scan Direction":"Forward","Index Name":"stock_pk","Relation Name":"stock","Schema":"public","Alias":"stock","Startup Cost":0.44,"Total Cost":519363.62,"Plan Rows":20000212,"Plan Width":6,"Actual Startup Time":0.021,"Actual Total Time":1515.466,"Actual Rows":20000000,"Actual Loops":1,"Output":["stock.s_w_id","stock.s_i_id"],"Heap Fetches":0,"Shared Hit Blocks":54673,"Shared Read Blocks":0,"Shared Dirtied Blocks":0,"Shared Written Blocks":0,"Local Hit Blocks":0,"Local Read Blocks":0,"Local Dirtied Blocks":0,"Local Written Blocks":0,"Temp Read Blocks":0,"Temp Written Blocks":0,"I/O Read Time":0.0,"I/O Write Time":0.0,"Temp I/O Read Time":0.0,"Temp I/O Write Time":0.0},{"Node Type":"Hash","Parent Relationship":"Inner","Parallel Aware":false,"Async Capable":false,"Startup Cost":219.01,"Total Cost":219.01,"Plan Rows":10001,"Plan Width":8,"Actual Startup Time":3.034,"Actual Total Time":3.037,"Actual Rows":10000,"Actual Loops":1,"Output":["supplier.su_nationkey","supplier.su_suppkey"],"Hash Buckets":16384,"Original Hash Buckets":16384,"Hash Batches":1,"Original Hash Batches":1,"Peak Memory Usage":519,"Shared Hit Blocks":0,"Shared Read Blocks":0,"Shared Dirtied Blocks":0,"Shared Written Blocks":0,"Local Hit Blocks":0,"Local Read Blocks":0,"Local Dirtied Blocks":0,"Local Written Blocks":0,"Temp Read Blocks":0,"Temp Written Blocks":0,"I/O Read Time":0.0,"I/O Write Time":0.0,"Temp I/O Read Time":0.0,"Temp I/O Write Time":0.0,"Plans":[{"Node Type":"Append","Parent Relationship":"Outer","Parallel Aware":false,"Async Capable":false,"Startup Cost":20.0,"Total Cost":219.01,"Plan Rows":10001,"Plan Width":8,"Actual Startup Time":0.027,"Actual Total Time":1.797,"Actual Rows":10000,"Actual Loops":1,"Shared Hit Blocks":0,"Shared Read Blocks":0,"Shared Dirtied Blocks":0,"Shared Written Blocks":0,"Local Hit Blocks":0,"Local Read Blocks":0,"Local Dirtied Blocks":0,"Local Written Blocks":0,"Temp Read Blocks":0,"Temp Written Blocks":0,"I/O Read Time":0.0,"I/O Write Time":0.0,"Temp I/O Read Time":0.0,"Temp I/O Write Time":0.0,"Subplans Removed":0,"Plans":[{"Node Type":"Custom Scan","Parent Relationship":"Member","Custom Plan Provider":"columnar scan","Parallel Aware":false,"Async Capable":false,"Relation Name":"supplier","Schema":"public","Alias":"supplier","Startup Cost":20.0,"Total Cost":215.0,"Plan Rows":10000,"Plan Width":8,"Actual Startup Time":0.024,"Actual Total Time":1.084,"Actual Rows":10000,"Actual Loops":1,"Output":["supplier.su_nationkey","supplier.su_suppkey"],"Rows Removed by Columnar Filter":0,"Columnar cache search mode":"native","Shared Hit Blocks":0,"Shared Read Blocks":0,"Shared Dirtied Blocks":0,"Shared Written Blocks":0,"Local Hit Blocks":0,"Local Read Blocks":0,"Local Dirtied Blocks":0,"Local Written Blocks":0,"Temp Read Blocks":0,"Temp Written Blocks":0,"I/O Read Time":0.0,"I/O Write Time":0.0,"Temp I/O Read Time":0.0,"Temp I/O Write Time":0.0},{"Node Type":"Seq Scan","Parent Relationship":"Member","Parallel Aware":false,"Async Capable":false,"Relation Name":"supplier","Schema":"public","Alias":"supplier","Startup Cost":0.0,"Total Cost":4.01,"Plan Rows":1,"Plan Width":8,"Actual Startup Time":0.0,"Actual Total Time":0.0,"Actual Rows":0,"Actual Loops":0,"Output":["supplier.su_nationkey","supplier.su_suppkey"],"Shared Hit Blocks":0,"Shared Read Blocks":0,"Shared Dirtied Blocks":0,"Shared Written Blocks":0,"Local Hit Blocks":0,"Local Read Blocks":0,"Local Dirtied Blocks":0,"Local Written Blocks":0,"Temp Read Blocks":0,"Temp Written Blocks":0,"I/O Read Time":0.0,"I/O Write Time":0.0,"Temp I/O Read Time":0.0,"Temp I/O Write Time":0.0}]}]}]},{"Node Type":"Hash","Parent Relationship":"Inner","Parallel Aware":false,"Async Capable":false,"Startup Cost":1.93,"Total Cost":1.93,"Plan Rows":2,"Plan Width":12,"Actual Startup Time":0.018,"Actual Total Time":0.019,"Actual Rows":2,"Actual Loops":1,"Output":["n1.n_nationkey","n1.n_name"],"Hash Buckets":1024,"Original Hash Buckets":1024,"Hash Batches":1,"Original Hash Batches":1,"Peak Memory Usage":9,"Shared Hit Blocks":1,"Shared Read Blocks":0,"Shared Dirtied Blocks":0,"Shared Written Blocks":0,"Local Hit Blocks":0,"Local Read Blocks":0,"Local Dirtied Blocks":0,"Local Written Blocks":0,"Temp Read Blocks":0,"Temp Written Blocks":0,"I/O Read Time":0.0,"I/O Write Time":0.0,"Temp I/O Read Time":0.0,"Temp I/O Write Time":0.0,"Plans":[{"Node Type":"Seq Scan","Parent Relationship":"Outer","Parallel Aware":false,"Async Capable":false,"Relation Name":"nation","Schema":"public","Alias":"n1","Startup Cost":0.0,"Total Cost":1.93,"Plan Rows":2,"Plan Width":12,"Actual Startup Time":0.011,"Actual Total Time":0.016,"Actual Rows":2,"Actual Loops":1,"Output":["n1.n_nationkey","n1.n_name"],"Filter":"(((n1.n_name)::text = 'Germany'::text) OR ((n1.n_name)::text = 'Cambodia'::text))","Rows Removed by Filter":60,"Shared Hit Blocks":1,"Shared Read Blocks":0,"Shared Dirtied Blocks":0,"Shared Written Blocks":0,"Local Hit Blocks":0,"Local Read Blocks":0,"Local Dirtied Blocks":0,"Local Written Blocks":0,"Temp Read Blocks":0,"Temp Written Blocks":0,"I/O Read Time":0.0,"I/O Write Time":0.0,"Temp I/O Read Time":0.0,"Temp I/O Write Time":0.0}]}]}]}]},{"Node Type":"Hash","Parent Relationship":"Inner","Parallel Aware":false,"Async Capable":false,"Startup Cost":119121.6,"Total Cost":119121.6,"Plan Rows":5996324,"Plan Width":24,"Actual Startup Time":1798.856,"Actual Total Time":1798.857,"Actual Rows":5995789,"Actual Loops":1,"Output":["orders.o_entry_d","orders.o_w_id","orders.o_d_id","orders.o_id","orders.o_c_id"],"Hash Buckets":131072,"Original Hash Buckets":131072,"Hash Batches":64,"Original Hash Batches":64,"Peak Memory Usage":6496,"Shared Hit Blocks":44122,"Shared Read Blocks":0,"Shared Dirtied Blocks":0,"Shared Written Blocks":0,"Local Hit Blocks":0,"Local Read Blocks":0,"Local Dirtied Blocks":0,"Local Written Blocks":0,"Temp Read Blocks":0,"Temp Written Blocks":34552,"I/O Read Time":0.0,"I/O Write Time":0.0,"Temp I/O Read Time":0.0,"Temp I/O Write Time":153.63,"Plans":[{"Node Type":"Seq Scan","Parent Relationship":"Outer","Parallel Aware":false,"Async Capable":false,"Relation Name":"orders","Schema":"public","Alias":"orders","Startup Cost":0.0,"Total Cost":119121.6,"Plan Rows":5996324,"Plan Width":24,"Actual Startup Time":0.014,"Actual Total Time":729.502,"Actual Rows":5995789,"Actual Loops":1,"Output":["orders.o_entry_d","orders.o_w_id","orders.o_d_id","orders.o_id","orders.o_c_id"],"Filter":"(orders.o_entry_d >= '1992-01-02 20:10:02.27764'::timestamp without time zone)","Rows Removed by Filter":4211,"Shared Hit Blocks":44122,"Shared Read Blocks":0,"Shared Dirtied Blocks":0,"Shared Written Blocks":0,"Local Hit Blocks":0,"Local Read Blocks":0,"Local Dirtied Blocks":0,"Local Written Blocks":0,"Temp Read Blocks":0,"Temp Written Blocks":0,"I/O Read Time":0.0,"I/O Write Time":0.0,"Temp I/O Read Time":0.0,"Temp I/O Write Time":0.0}]}]}]},{"Node Type":"Materialize","Parent Relationship":"Inner","Parallel Aware":false,"Async Capable":false,"Startup Cost":547593.19,"Total Cost":548560.96,"Plan Rows":193553,"Plan Width":20,"Actual Startup Time":258.996,"Actual Total Time":331.105,"Actual Rows":293066,"Actual Loops":1,"Output":["customer.c_nationkey","customer.c_id","customer.c_w_id","customer.c_d_id","n2.n_name"],"Shared Hit Blocks":1,"Shared Read Blocks":0,"Shared Dirtied Blocks":0,"Shared Written Blocks":0,"Local Hit Blocks":0,"Local Read Blocks":0,"Local Dirtied Blocks":0,"Local Written Blocks":0,"Temp Read Blocks":1090,"Temp Written Blocks":1096,"I/O Read Time":0.0,"I/O Write Time":0.0,"Temp I/O Read Time":1.414,"Temp I/O Write Time":4.29,"Plans":[{"Node Type":"Sort","Parent Relationship":"Outer","Parallel Aware":false,"Async Capable":false,"Startup Cost":547593.19,"Total Cost":548077.07,"Plan Rows":193553,"Plan Width":20,"Actual Startup Time":258.989,"Actual Total Time":299.413,"Actual Rows":289967,"Actual Loops":1,"Output":["customer.c_nationkey","customer.c_id","customer.c_w_id","customer.c_d_id","n2.n_name"],"Sort Key":["customer.c_id","customer.c_w_id","customer.c_d_id"],"Sort Method":"external merge","Sort Space Used":8720,"Sort Space Type":"Disk","Shared Hit Blocks":1,"Shared Read Blocks":0,"Shared Dirtied Blocks":0,"Shared Written Blocks":0,"Local Hit Blocks":0,"Local Read Blocks":0,"Local Dirtied Blocks":0,"Local Written Blocks":0,"Temp Read Blocks":1090,"Temp Written Blocks":1096,"I/O Read Time":0.0,"I/O Write Time":0.0,"Temp I/O Read Time":1.414,"Temp I/O Write Time":4.29,"Plans":[{"Node Type":"Hash Join","Parent Relationship":"Outer","Parallel Aware":false,"Async Capable":false,"Join Type":"Inner","Startup Cost":21.95,"Total Cost":526624.45,"Plan Rows":193553,"Plan Width":20,"Actual Startup Time":0.453,"Actual Total Time":159.725,"Actual Rows":289972,"Actual Loops":1,"Output":["customer.c_nationkey","customer.c_id","customer.c_w_id","customer.c_d_id","n2.n_name"],"Inner Unique":true,"Hash Cond":"(customer.c_nationkey = n2.n_nationkey)","Shared Hit Blocks":1,"Shared Read Blocks":0,"Shared Dirtied Blocks":0,"Shared Written Blocks":0,"Local Hit Blocks":0,"Local Read Blocks":0,"Local Dirtied Blocks":0,"Local Written Blocks":0,"Temp Read Blocks":0,"Temp Written Blocks":0,"I/O Read Time":0.0,"I/O Write Time":0.0,"Temp I/O Read Time":0.0,"Temp I/O Write Time":0.0,"Plans":[{"Node Type":"Append","Parent Relationship":"Outer","Parallel Aware":false,"Async Capable":false,"Startup Cost":20.0,"Total Cost":509795.49,"Plan Rows":6000140,"Plan Width":12,"Actual Startup Time":0.271,"Actual Total Time":106.167,"Actual Rows":289972,"Actual Loops":1,"Shared Hit Blocks":0,"Shared Read Blocks":0,"Shared Dirtied Blocks":0,"Shared Written Blocks":0,"Local Hit Blocks":0,"Local Read Blocks":0,"Local Dirtied Blocks":0,"Local Written Blocks":0,"Temp Read Blocks":0,"Temp Written Blocks":0,"I/O Read Time":0.0,"I/O Write Time":0.0,"Temp I/O Read Time":0.0,"Temp I/O Write Time":0.0,"Subplans Removed":0,"Plans":[{"Node Type":"Custom Scan","Parent Relationship":"Member","Custom Plan Provider":"columnar scan","Parallel Aware":false,"Async Capable":false,"Relation Name":"customer","Schema":"public","Alias":"customer","Startup Cost":20.0,"Total Cost":141020.06,"Plan Rows":6000000,"Plan Width":12,"Actual Startup Time":0.269,"Actual Total Time":85.525,"Actual Rows":289972,"Actual Loops":1,"Output":["customer.c_nationkey","customer.c_id","customer.c_w_id","customer.c_d_id"],"Rows Removed by Columnar Filter":5710028,"Rows Filtered by Bloom Filter":0,"Dictionary Rows Filtered by Bloom Filter":5710028,"Columnar cache search mode":"native","Shared Hit Blocks":0,"Shared Read Blocks":0,"Shared Dirtied Blocks":0,"Shared Written Blocks":0,"Local Hit Blocks":0,"Local Read Blocks":0,"Local Dirtied Blocks":0,"Local Written Blocks":0,"Temp Read Blocks":0,"Temp Written Blocks":0,"I/O Read Time":0.0,"I/O Write Time":0.0,"Temp I/O Read Time":0.0,"Temp I/O Write Time":0.0},{"Node Type":"Seq Scan","Parent Relationship":"Member","Parallel Aware":false,"Async Capable":false,"Relation Name":"customer","Schema":"public","Alias":"customer","Startup Cost":0.0,"Total Cost":5.4,"Plan Rows":140,"Plan Width":12,"Actual Startup Time":0.0,"Actual Total Time":0.0,"Actual Rows":0,"Actual Loops":0,"Output":["customer.c_nationkey","customer.c_id","customer.c_w_id","customer.c_d_id"],"Shared Hit Blocks":0,"Shared Read Blocks":0,"Shared Dirtied Blocks":0,"Shared Written Blocks":0,"Local Hit Blocks":0,"Local Read Blocks":0,"Local Dirtied Blocks":0,"Local Written Blocks":0,"Temp Read Blocks":0,"Temp Written Blocks":0,"I/O Read Time":0.0,"I/O Write Time":0.0,"Temp I/O Read Time":0.0,"Temp I/O Write Time":0.0}]},{"Node Type":"Hash","Parent Relationship":"Inner","Parallel Aware":false,"Async Capable":false,"Startup Cost":1.93,"Total Cost":1.93,"Plan Rows":2,"Plan Width":12,"Actual Startup Time":0.045,"Actual Total Time":0.045,"Actual Rows":2,"Actual Loops":1,"Output":["n2.n_nationkey","n2.n_name"],"Hash Buckets":1024,"Original Hash Buckets":1024,"Hash Batches":1,"Original Hash Batches":1,"Peak Memory Usage":9,"Shared Hit Blocks":1,"Shared Read Blocks":0,"Shared Dirtied Blocks":0,"Shared Written Blocks":0,"Local Hit Blocks":0,"Local Read Blocks":0,"Local Dirtied Blocks":0,"Local Written Blocks":0,"Temp Read Blocks":0,"Temp Written Blocks":0,"I/O Read Time":0.0,"I/O Write Time":0.0,"Temp I/O Read Time":0.0,"Temp I/O Write Time":0.0,"Plans":[{"Node Type":"Seq Scan","Parent Relationship":"Outer","Parallel Aware":false,"Async Capable":false,"Relation Name":"nation","Schema":"public","Alias":"n2","Startup Cost":0.0,"Total Cost":1.93,"Plan Rows":2,"Plan Width":12,"Actual Startup Time":0.032,"Actual Total Time":0.037,"Actual Rows":2,"Actual Loops":1,"Output":["n2.n_nationkey","n2.n_name"],"Filter":"(((n2.n_name)::text = 'Cambodia'::text) OR ((n2.n_name)::text = 'Germany'::text))","Rows Removed by Filter":60,"Shared Hit Blocks":1,"Shared Read Blocks":0,"Shared Dirtied Blocks":0,"Shared Written Blocks":0,"Local Hit Blocks":0,"Local Read Blocks":0,"Local Dirtied Blocks":0,"Local Written Blocks":0,"Temp Read Blocks":0,"Temp Written Blocks":0,"I/O Read Time":0.0,"I/O Write Time":0.0,"Temp I/O Read Time":0.0,"Temp I/O Write Time":0.0}]}]}]}]}]}]}]},"Planning":{"Shared Hit Blocks":152,"Shared Read Blocks":0,"Shared Dirtied Blocks":0,"Shared Written Blocks":0,"Local Hit Blocks":0,"Local Read Blocks":0,"Local Dirtied Blocks":0,"Local Written Blocks":0,"Temp Read Blocks":0,"Temp Written Blocks":0,"I/O Read Time":0.0,"I/O Write Time":0.0,"Temp I/O Read Time":0.0,"Temp I/O Write Time":0.0},"Planning Time":3.216,"Triggers":[],"Execution Time":20820.844}]
[列存组合]: customer, stock, supplier
[{"Plan":{"Node Type":"Aggregate","Strategy":"Sorted","Partial Mode":"Simple","Parallel Aware":false,"Async Capable":false,"Startup Cost":3770668.48,"Total Cost":3770923.3,"Plan Rows":9266,"Plan Width":72,"Actual Startup Time":20881.76,"Actual Total Time":20884.329,"Actual Rows":6,"Actual Loops":1,"Output":["supplier.su_nationkey","customer.c_nationkey","(EXTRACT(year FROM orders.o_entry_d))","sum(order_line.ol_amount)"],"Group Key":["supplier.su_nationkey","customer.c_nationkey","(EXTRACT(year FROM orders.o_entry_d))"],"Shared Hit Blocks":780545,"Shared Read Blocks":0,"Shared Dirtied Blocks":0,"Shared Written Blocks":0,"Local Hit Blocks":0,"Local Read Blocks":0,"Local Dirtied Blocks":0,"Local Written Blocks":0,"Temp Read Blocks":124799,"Temp Written Blocks":124817,"I/O Read Time":0.0,"I/O Write Time":0.0,"Temp I/O Read Time":189.78,"Temp I/O Write Time":534.59,"Plans":[{"Node Type":"Sort","Parent Relationship":"Outer","Parallel Aware":false,"Async Capable":false,"Startup Cost":3770668.48,"Total Cost":3770691.65,"Plan Rows":9266,"Plan Width":44,"Actual Startup Time":20881.652,"Actual Total Time":20882.175,"Actual Rows":12121,"Actual Loops":1,"Output":["supplier.su_nationkey","customer.c_nationkey","(EXTRACT(year FROM orders.o_entry_d))","order_line.ol_amount"],"Sort Key":["supplier.su_nationkey","customer.c_nationkey","(EXTRACT(year FROM orders.o_entry_d))"],"Sort Method":"quicksort","Sort Space Used":1047,"Sort Space Type":"Memory","Shared Hit Blocks":780545,"Shared Read Blocks":0,"Shared Dirtied Blocks":0,"Shared Written Blocks":0,"Local Hit Blocks":0,"Local Read Blocks":0,"Local Dirtied Blocks":0,"Local Written Blocks":0,"Temp Read Blocks":124799,"Temp Written Blocks":124817,"I/O Read Time":0.0,"I/O Write Time":0.0,"Temp I/O Read Time":189.78,"Temp I/O Write Time":534.59,"Plans":[{"Node Type":"Merge Join","Parent Relationship":"Outer","Parallel Aware":false,"Async Capable":false,"Join Type":"Inner","Startup Cost":3761598.13,"Total Cost":3770057.96,"Plan Rows":9266,"Plan Width":44,"Actual Startup Time":20538.011,"Actual Total Time":20878.676,"Actual Rows":12121,"Actual Loops":1,"Output":["supplier.su_nationkey","customer.c_nationkey","EXTRACT(year FROM orders.o_entry_d)","order_line.ol_amount"],"Inner Unique":false,"Merge Cond":"((orders.o_c_id = customer.c_id) AND (order_line.ol_w_id = customer.c_w_id) AND (order_line.ol_d_id = customer.c_d_id))","Join Filter":"((((n1.n_name)::text = 'Germany'::text) AND ((n2.n_name)::text = 'Cambodia'::text)) OR (((n1.n_name)::text = 'Cambodia'::text) AND ((n2.n_name)::text = 'Germany'::text)))","Rows Removed by Join Filter":11453,"Shared Hit Blocks":780545,"Shared Read Blocks":0,"Shared Dirtied Blocks":0,"Shared Written Blocks":0,"Local Hit Blocks":0,"Local Read Blocks":0,"Local Dirtied Blocks":0,"Local Written Blocks":0,"Temp Read Blocks":124799,"Temp Written Blocks":124817,"I/O Read Time":0.0,"I/O Write Time":0.0,"Temp I/O Read Time":189.78,"Temp I/O Write Time":534.59,"Plans":[{"Node Type":"Sort","Parent Relationship":"Outer","Parallel Aware":false,"Async Capable":false,"Startup Cost":3214004.75,"Total Cost":3215418.15,"Plan Rows":565362,"Plan Width":36,"Actual Startup Time":20279.386,"Actual Total Time":20450.652,"Actual Rows":485009,"Actual Loops":1,"Output":["supplier.su_nationkey","order_line.ol_amount","order_line.ol_w_id","order_line.ol_d_id","orders.o_entry_d","orders.o_w_id","orders.o_d_id","orders.o_c_id","n1.n_name"],"Sort Key":["orders.o_c_id","order_line.ol_w_id","order_line.ol_d_id"],"Sort Method":"external merge","Sort Space Used":24000,"Sort Space Type":"Disk","Shared Hit Blocks":780544,"Shared Read Blocks":0,"Shared Dirtied Blocks":0,"Shared Written Blocks":0,"Local Hit Blocks":0,"Local Read Blocks":0,"Local Dirtied Blocks":0,"Local Written Blocks":0,"Temp Read Blocks":123709,"Temp Written Blocks":123721,"I/O Read Time":0.0,"I/O Write Time":0.0,"Temp I/O Read Time":188.357,"Temp I/O Write Time":530.207,"Plans":[{"Node Type":"Hash Join","Parent Relationship":"Outer","Parallel Aware":false,"Async Capable":false,"Join Type":"Inner","Startup Cost":905977.05,"Total Cost":3144528.26,"Plan Rows":565362,"Plan Width":36,"Actual Startup Time":8522.691,"Actual Total Time":20032.251,"Actual Rows":485009,"Actual Loops":1,"Output":["supplier.su_nationkey","order_line.ol_amount","order_line.ol_w_id","order_line.ol_d_id","orders.o_entry_d","orders.o_w_id","orders.o_d_id","orders.o_c_id","n1.n_name"],"Inner Unique":true,"Hash Cond":"((order_line.ol_w_id = orders.o_w_id) AND (order_line.ol_d_id = orders.o_d_id) AND (order_line.ol_o_id = orders.o_id))","Shared Hit Blocks":780544,"Shared Read Blocks":0,"Shared Dirtied Blocks":0,"Shared Written Blocks":0,"Local Hit Blocks":0,"Local Read Blocks":0,"Local Dirtied Blocks":0,"Local Written Blocks":0,"Temp Read Blocks":120709,"Temp Written Blocks":120709,"I/O Read Time":0.0,"I/O Write Time":0.0,"Temp I/O Read Time":183.962,"Temp I/O Write Time":519.085,"Plans":[{"Node Type":"Hash Join","Parent Relationship":"Outer","Parallel Aware":false,"Async Capable":false,"Join Type":"Inner","Startup Cost":646784.78,"Total Cost":2838010.06,"Plan Rows":565705,"Plan Width":28,"Actual Startup Time":6712.678,"Actual Total Time":17553.569,"Actual Rows":485009,"Actual Loops":1,"Output":["supplier.su_nationkey","order_line.ol_amount","order_line.ol_w_id","order_line.ol_d_id","order_line.ol_o_id","n1.n_name"],"Inner Unique":false,"Hash Cond":"((order_line.ol_supply_w_id = stock.s_w_id) AND (order_line.ol_i_id = stock.s_i_id))","Shared Hit Blocks":736422,"Shared Read Blocks":0,"Shared Dirtied Blocks":0,"Shared Written Blocks":0,"Local Hit Blocks":0,"Local Read Blocks":0,"Local Dirtied Blocks":0,"Local Written Blocks":0,"Temp Read Blocks":83003,"Temp Written Blocks":83003,"I/O Read Time":0.0,"I/O Write Time":0.0,"Temp I/O Read Time":126.176,"Temp I/O Write Time":347.924,"Plans":[{"Node Type":"Seq Scan","Parent Relationship":"Outer","Parallel Aware":false,"Async Capable":false,"Relation Name":"order_line","Schema":"public","Alias":"order_line","Startup Cost":0.0,"Total Cost":1581655.36,"Plan Rows":17536869,"Plan Width":22,"Actual Startup Time":6.503,"Actual Total Time":5689.387,"Actual Rows":17139931,"Actual Loops":1,"Output":["order_line.ol_amount","order_line.ol_supply_w_id","order_line.ol_i_id","order_line.ol_w_id","order_line.ol_d_id","order_line.ol_o_id"],"Filter":"((order_line.ol_delivery_d >= '1995-01-02 20:10:02.27764'::timestamp without time zone) AND (order_line.ol_delivery_d <= '1997-01-01 20:10:02.27764'::timestamp without time zone))","Rows Removed by Filter":42853830,"Shared Hit Blocks":681748,"Shared Read Blocks":0,"Shared Dirtied Blocks":0,"Shared Written Blocks":0,"Local Hit Blocks":0,"Local Read Blocks":0,"Local Dirtied Blocks":0,"Local Written Blocks":0,"Temp Read Blocks":0,"Temp Written Blocks":0,"I/O Read Time":0.0,"I/O Write Time":0.0,"Temp I/O Read Time":0.0,"Temp I/O Write Time":0.0},{"Node Type":"Hash","Parent Relationship":"Inner","Parallel Aware":false,"Async Capable":false,"Startup Cost":633326.26,"Total Cost":633326.26,"Plan Rows":645168,"Plan Width":18,"Actual Startup Time":6705.561,"Actual Total Time":6705.574,"Actual Rows":566400,"Actual Loops":1,"Output":["supplier.su_nationkey","stock.s_w_id","stock.s_i_id","n1.n_name"],"Hash Buckets":131072,"Original Hash Buckets":131072,"Hash Batches":8,"Original Hash Batches":8,"Peak Memory Usage":4646,"Shared Hit Blocks":54674,"Shared Read Blocks":0,"Shared Dirtied Blocks":0,"Shared Written Blocks":0,"Local Hit Blocks":0,"Local Read Blocks":0,"Local Dirtied Blocks":0,"Local Written Blocks":0,"Temp Read Blocks":0,"Temp Written Blocks":2445,"I/O Read Time":0.0,"I/O Write Time":0.0,"Temp I/O Read Time":0.0,"Temp I/O Write Time":12.667,"Plans":[{"Node Type":"Hash Join","Parent Relationship":"Outer","Parallel Aware":false,"Async Capable":false,"Join Type":"Inner","Startup Cost":346.42,"Total Cost":633326.26,"Plan Rows":645168,"Plan Width":18,"Actual Startup Time":3.233,"Actual Total Time":6598.734,"Actual Rows":566400,"Actual Loops":1,"Output":["supplier.su_nationkey","stock.s_w_id","stock.s_i_id","n1.n_name"],"Inner Unique":true,"Hash Cond":"(supplier.su_nationkey = n1.n_nationkey)","Shared Hit Blocks":54674,"Shared Read Blocks":0,"Shared Dirtied Blocks":0,"Shared Written Blocks":0,"Local Hit Blocks":0,"Local Read Blocks":0,"Local Dirtied Blocks":0,"Local Written Blocks":0,"Temp Read Blocks":0,"Temp Written Blocks":0,"I/O Read Time":0.0,"I/O Write Time":0.0,"Temp I/O Read Time":0.0,"Temp I/O Write Time":0.0,"Plans":[{"Node Type":"Hash Join","Parent Relationship":"Outer","Parallel Aware":false,"Async Capable":false,"Join Type":"Inner","Startup Cost":344.46,"Total Cost":577235.0,"Plan Rows":20000212,"Plan Width":10,"Actual Startup Time":3.191,"Actual Total Time":5197.45,"Actual Rows":20000000,"Actual Loops":1,"Output":["supplier.su_nationkey","stock.s_w_id","stock.s_i_id"],"Inner Unique":true,"Hash Cond":"(mod((stock.s_w_id * stock.s_i_id), 10000) = supplier.su_suppkey)","Shared Hit Blocks":54673,"Shared Read Blocks":0,"Shared Dirtied Blocks":0,"Shared Written Blocks":0,"Local Hit Blocks":0,"Local Read Blocks":0,"Local Dirtied Blocks":0,"Local Written Blocks":0,"Temp Read Blocks":0,"Temp Written Blocks":0,"I/O Read Time":0.0,"I/O Write Time":0.0,"Temp I/O Read Time":0.0,"Temp I/O Write Time":0.0,"Plans":[{"Node Type":"Index Only Scan","Parent Relationship":"Outer","Parallel Aware":false,"Async Capable":false,"Scan Direction":"Forward","Index Name":"stock_pk","Relation Name":"stock","Schema":"public","Alias":"stock","Startup Cost":0.44,"Total Cost":519363.62,"Plan Rows":20000212,"Plan Width":6,"Actual Startup Time":0.031,"Actual Total Time":1522.518,"Actual Rows":20000000,"Actual Loops":1,"Output":["stock.s_w_id","stock.s_i_id"],"Heap Fetches":0,"Shared Hit Blocks":54673,"Shared Read Blocks":0,"Shared Dirtied Blocks":0,"Shared Written Blocks":0,"Local Hit Blocks":0,"Local Read Blocks":0,"Local Dirtied Blocks":0,"Local Written Blocks":0,"Temp Read Blocks":0,"Temp Written Blocks":0,"I/O Read Time":0.0,"I/O Write Time":0.0,"Temp I/O Read Time":0.0,"Temp I/O Write Time":0.0},{"Node Type":"Hash","Parent Relationship":"Inner","Parallel Aware":false,"Async Capable":false,"Startup Cost":219.01,"Total Cost":219.01,"Plan Rows":10001,"Plan Width":8,"Actual Startup Time":3.108,"Actual Total Time":3.111,"Actual Rows":10000,"Actual Loops":1,"Output":["supplier.su_nationkey","supplier.su_suppkey"],"Hash Buckets":16384,"Original Hash Buckets":16384,"Hash Batches":1,"Original Hash Batches":1,"Peak Memory Usage":519,"Shared Hit Blocks":0,"Shared Read Blocks":0,"Shared Dirtied Blocks":0,"Shared Written Blocks":0,"Local Hit Blocks":0,"Local Read Blocks":0,"Local Dirtied Blocks":0,"Local Written Blocks":0,"Temp Read Blocks":0,"Temp Written Blocks":0,"I/O Read Time":0.0,"I/O Write Time":0.0,"Temp I/O Read Time":0.0,"Temp I/O Write Time":0.0,"Plans":[{"Node Type":"Append","Parent Relationship":"Outer","Parallel Aware":false,"Async Capable":false,"Startup Cost":20.0,"Total Cost":219.01,"Plan Rows":10001,"Plan Width":8,"Actual Startup Time":0.039,"Actual Total Time":1.83,"Actual Rows":10000,"Actual Loops":1,"Shared Hit Blocks":0,"Shared Read Blocks":0,"Shared Dirtied Blocks":0,"Shared Written Blocks":0,"Local Hit Blocks":0,"Local Read Blocks":0,"Local Dirtied Blocks":0,"Local Written Blocks":0,"Temp Read Blocks":0,"Temp Written Blocks":0,"I/O Read Time":0.0,"I/O Write Time":0.0,"Temp I/O Read Time":0.0,"Temp I/O Write Time":0.0,"Subplans Removed":0,"Plans":[{"Node Type":"Custom Scan","Parent Relationship":"Member","Custom Plan Provider":"columnar scan","Parallel Aware":false,"Async Capable":false,"Relation Name":"supplier","Schema":"public","Alias":"supplier","Startup Cost":20.0,"Total Cost":215.0,"Plan Rows":10000,"Plan Width":8,"Actual Startup Time":0.036,"Actual Total Time":1.122,"Actual Rows":10000,"Actual Loops":1,"Output":["supplier.su_nationkey","supplier.su_suppkey"],"Rows Removed by Columnar Filter":0,"Columnar cache search mode":"native","Shared Hit Blocks":0,"Shared Read Blocks":0,"Shared Dirtied Blocks":0,"Shared Written Blocks":0,"Local Hit Blocks":0,"Local Read Blocks":0,"Local Dirtied Blocks":0,"Local Written Blocks":0,"Temp Read Blocks":0,"Temp Written Blocks":0,"I/O Read Time":0.0,"I/O Write Time":0.0,"Temp I/O Read Time":0.0,"Temp I/O Write Time":0.0},{"Node Type":"Seq Scan","Parent Relationship":"Member","Parallel Aware":false,"Async Capable":false,"Relation Name":"supplier","Schema":"public","Alias":"supplier","Startup Cost":0.0,"Total Cost":4.01,"Plan Rows":1,"Plan Width":8,"Actual Startup Time":0.0,"Actual Total Time":0.0,"Actual Rows":0,"Actual Loops":0,"Output":["supplier.su_nationkey","supplier.su_suppkey"],"Shared Hit Blocks":0,"Shared Read Blocks":0,"Shared Dirtied Blocks":0,"Shared Written Blocks":0,"Local Hit Blocks":0,"Local Read Blocks":0,"Local Dirtied Blocks":0,"Local Written Blocks":0,"Temp Read Blocks":0,"Temp Written Blocks":0,"I/O Read Time":0.0,"I/O Write Time":0.0,"Temp I/O Read Time":0.0,"Temp I/O Write Time":0.0}]}]}]},{"Node Type":"Hash","Parent Relationship":"Inner","Parallel Aware":false,"Async Capable":false,"Startup Cost":1.93,"Total Cost":1.93,"Plan Rows":2,"Plan Width":12,"Actual Startup Time":0.027,"Actual Total Time":0.028,"Actual Rows":2,"Actual Loops":1,"Output":["n1.n_nationkey","n1.n_name"],"Hash Buckets":1024,"Original Hash Buckets":1024,"Hash Batches":1,"Original Hash Batches":1,"Peak Memory Usage":9,"Shared Hit Blocks":1,"Shared Read Blocks":0,"Shared Dirtied Blocks":0,"Shared Written Blocks":0,"Local Hit Blocks":0,"Local Read Blocks":0,"Local Dirtied Blocks":0,"Local Written Blocks":0,"Temp Read Blocks":0,"Temp Written Blocks":0,"I/O Read Time":0.0,"I/O Write Time":0.0,"Temp I/O Read Time":0.0,"Temp I/O Write Time":0.0,"Plans":[{"Node Type":"Seq Scan","Parent Relationship":"Outer","Parallel Aware":false,"Async Capable":false,"Relation Name":"nation","Schema":"public","Alias":"n1","Startup Cost":0.0,"Total Cost":1.93,"Plan Rows":2,"Plan Width":12,"Actual Startup Time":0.017,"Actual Total Time":0.022,"Actual Rows":2,"Actual Loops":1,"Output":["n1.n_nationkey","n1.n_name"],"Filter":"(((n1.n_name)::text = 'Germany'::text) OR ((n1.n_name)::text = 'Cambodia'::text))","Rows Removed by Filter":60,"Shared Hit Blocks":1,"Shared Read Blocks":0,"Shared Dirtied Blocks":0,"Shared Written Blocks":0,"Local Hit Blocks":0,"Local Read Blocks":0,"Local Dirtied Blocks":0,"Local Written Blocks":0,"Temp Read Blocks":0,"Temp Written Blocks":0,"I/O Read Time":0.0,"I/O Write Time":0.0,"Temp I/O Read Time":0.0,"Temp I/O Write Time":0.0}]}]}]}]},{"Node Type":"Hash","Parent Relationship":"Inner","Parallel Aware":false,"Async Capable":false,"Startup Cost":119121.6,"Total Cost":119121.6,"Plan Rows":5996324,"Plan Width":24,"Actual Startup Time":1799.298,"Actual Total Time":1799.298,"Actual Rows":5995789,"Actual Loops":1,"Output":["orders.o_entry_d","orders.o_w_id","orders.o_d_id","orders.o_id","orders.o_c_id"],"Hash Buckets":131072,"Original Hash Buckets":131072,"Hash Batches":64,"Original Hash Batches":64,"Peak Memory Usage":6496,"Shared Hit Blocks":44122,"Shared Read Blocks":0,"Shared Dirtied Blocks":0,"Shared Written Blocks":0,"Local Hit Blocks":0,"Local Read Blocks":0,"Local Dirtied Blocks":0,"Local Written Blocks":0,"Temp Read Blocks":0,"Temp Written Blocks":34552,"I/O Read Time":0.0,"I/O Write Time":0.0,"Temp I/O Read Time":0.0,"Temp I/O Write Time":153.209,"Plans":[{"Node Type":"Seq Scan","Parent Relationship":"Outer","Parallel Aware":false,"Async Capable":false,"Relation Name":"orders","Schema":"public","Alias":"orders","Startup Cost":0.0,"Total Cost":119121.6,"Plan Rows":5996324,"Plan Width":24,"Actual Startup Time":0.014,"Actual Total Time":730.211,"Actual Rows":5995789,"Actual Loops":1,"Output":["orders.o_entry_d","orders.o_w_id","orders.o_d_id","orders.o_id","orders.o_c_id"],"Filter":"(orders.o_entry_d >= '1992-01-02 20:10:02.27764'::timestamp without time zone)","Rows Removed by Filter":4211,"Shared Hit Blocks":44122,"Shared Read Blocks":0,"Shared Dirtied Blocks":0,"Shared Written Blocks":0,"Local Hit Blocks":0,"Local Read Blocks":0,"Local Dirtied Blocks":0,"Local Written Blocks":0,"Temp Read Blocks":0,"Temp Written Blocks":0,"I/O Read Time":0.0,"I/O Write Time":0.0,"Temp I/O Read Time":0.0,"Temp I/O Write Time":0.0}]}]}]},{"Node Type":"Materialize","Parent Relationship":"Inner","Parallel Aware":false,"Async Capable":false,"Startup Cost":547593.19,"Total Cost":548560.96,"Plan Rows":193553,"Plan Width":20,"Actual Startup Time":258.583,"Actual Total Time":330.773,"Actual Rows":293066,"Actual Loops":1,"Output":["customer.c_nationkey","customer.c_id","customer.c_w_id","customer.c_d_id","n2.n_name"],"Shared Hit Blocks":1,"Shared Read Blocks":0,"Shared Dirtied Blocks":0,"Shared Written Blocks":0,"Local Hit Blocks":0,"Local Read Blocks":0,"Local Dirtied Blocks":0,"Local Written Blocks":0,"Temp Read Blocks":1090,"Temp Written Blocks":1096,"I/O Read Time":0.0,"I/O Write Time":0.0,"Temp I/O Read Time":1.423,"Temp I/O Write Time":4.383,"Plans":[{"Node Type":"Sort","Parent Relationship":"Outer","Parallel Aware":false,"Async Capable":false,"Startup Cost":547593.19,"Total Cost":548077.07,"Plan Rows":193553,"Plan Width":20,"Actual Startup Time":258.576,"Actual Total Time":299.102,"Actual Rows":289967,"Actual Loops":1,"Output":["customer.c_nationkey","customer.c_id","customer.c_w_id","customer.c_d_id","n2.n_name"],"Sort Key":["customer.c_id","customer.c_w_id","customer.c_d_id"],"Sort Method":"external merge","Sort Space Used":8720,"Sort Space Type":"Disk","Shared Hit Blocks":1,"Shared Read Blocks":0,"Shared Dirtied Blocks":0,"Shared Written Blocks":0,"Local Hit Blocks":0,"Local Read Blocks":0,"Local Dirtied Blocks":0,"Local Written Blocks":0,"Temp Read Blocks":1090,"Temp Written Blocks":1096,"I/O Read Time":0.0,"I/O Write Time":0.0,"Temp I/O Read Time":1.423,"Temp I/O Write Time":4.383,"Plans":[{"Node Type":"Hash Join","Parent Relationship":"Outer","Parallel Aware":false,"Async Capable":false,"Join Type":"Inner","Startup Cost":21.95,"Total Cost":526624.45,"Plan Rows":193553,"Plan Width":20,"Actual Startup Time":0.427,"Actual Total Time":159.5,"Actual Rows":289972,"Actual Loops":1,"Output":["customer.c_nationkey","customer.c_id","customer.c_w_id","customer.c_d_id","n2.n_name"],"Inner Unique":true,"Hash Cond":"(customer.c_nationkey = n2.n_nationkey)","Shared Hit Blocks":1,"Shared Read Blocks":0,"Shared Dirtied Blocks":0,"Shared Written Blocks":0,"Local Hit Blocks":0,"Local Read Blocks":0,"Local Dirtied Blocks":0,"Local Written Blocks":0,"Temp Read Blocks":0,"Temp Written Blocks":0,"I/O Read Time":0.0,"I/O Write Time":0.0,"Temp I/O Read Time":0.0,"Temp I/O Write Time":0.0,"Plans":[{"Node Type":"Append","Parent Relationship":"Outer","Parallel Aware":false,"Async Capable":false,"Startup Cost":20.0,"Total Cost":509795.49,"Plan Rows":6000140,"Plan Width":12,"Actual Startup Time":0.266,"Actual Total Time":105.953,"Actual Rows":289972,"Actual Loops":1,"Shared Hit Blocks":0,"Shared Read Blocks":0,"Shared Dirtied Blocks":0,"Shared Written Blocks":0,"Local Hit Blocks":0,"Local Read Blocks":0,"Local Dirtied Blocks":0,"Local Written Blocks":0,"Temp Read Blocks":0,"Temp Written Blocks":0,"I/O Read Time":0.0,"I/O Write Time":0.0,"Temp I/O Read Time":0.0,"Temp I/O Write Time":0.0,"Subplans Removed":0,"Plans":[{"Node Type":"Custom Scan","Parent Relationship":"Member","Custom Plan Provider":"columnar scan","Parallel Aware":false,"Async Capable":false,"Relation Name":"customer","Schema":"public","Alias":"customer","Startup Cost":20.0,"Total Cost":141020.06,"Plan Rows":6000000,"Plan Width":12,"Actual Startup Time":0.263,"Actual Total Time":85.472,"Actual Rows":289972,"Actual Loops":1,"Output":["customer.c_nationkey","customer.c_id","customer.c_w_id","customer.c_d_id"],"Rows Removed by Columnar Filter":5710028,"Rows Filtered by Bloom Filter":0,"Dictionary Rows Filtered by Bloom Filter":5710028,"Columnar cache search mode":"native","Shared Hit Blocks":0,"Shared Read Blocks":0,"Shared Dirtied Blocks":0,"Shared Written Blocks":0,"Local Hit Blocks":0,"Local Read Blocks":0,"Local Dirtied Blocks":0,"Local Written Blocks":0,"Temp Read Blocks":0,"Temp Written Blocks":0,"I/O Read Time":0.0,"I/O Write Time":0.0,"Temp I/O Read Time":0.0,"Temp I/O Write Time":0.0},{"Node Type":"Seq Scan","Parent Relationship":"Member","Parallel Aware":false,"Async Capable":false,"Relation Name":"customer","Schema":"public","Alias":"customer","Startup Cost":0.0,"Total Cost":5.4,"Plan Rows":140,"Plan Width":12,"Actual Startup Time":0.0,"Actual Total Time":0.0,"Actual Rows":0,"Actual Loops":0,"Output":["customer.c_nationkey","customer.c_id","customer.c_w_id","customer.c_d_id"],"Shared Hit Blocks":0,"Shared Read Blocks":0,"Shared Dirtied Blocks":0,"Shared Written Blocks":0,"Local Hit Blocks":0,"Local Read Blocks":0,"Local Dirtied Blocks":0,"Local Written Blocks":0,"Temp Read Blocks":0,"Temp Written Blocks":0,"I/O Read Time":0.0,"I/O Write Time":0.0,"Temp I/O Read Time":0.0,"Temp I/O Write Time":0.0}]},{"Node Type":"Hash","Parent Relationship":"Inner","Parallel Aware":false,"Async Capable":false,"Startup Cost":1.93,"Total Cost":1.93,"Plan Rows":2,"Plan Width":12,"Actual Startup Time":0.048,"Actual Total Time":0.048,"Actual Rows":2,"Actual Loops":1,"Output":["n2.n_nationkey","n2.n_name"],"Hash Buckets":1024,"Original Hash Buckets":1024,"Hash Batches":1,"Original Hash Batches":1,"Peak Memory Usage":9,"Shared Hit Blocks":1,"Shared Read Blocks":0,"Shared Dirtied Blocks":0,"Shared Written Blocks":0,"Local Hit Blocks":0,"Local Read Blocks":0,"Local Dirtied Blocks":0,"Local Written Blocks":0,"Temp Read Blocks":0,"Temp Written Blocks":0,"I/O Read Time":0.0,"I/O Write Time":0.0,"Temp I/O Read Time":0.0,"Temp I/O Write Time":0.0,"Plans":[{"Node Type":"Seq Scan","Parent Relationship":"Outer","Parallel Aware":false,"Async Capable":false,"Relation Name":"nation","Schema":"public","Alias":"n2","Startup Cost":0.0,"Total Cost":1.93,"Plan Rows":2,"Plan Width":12,"Actual Startup Time":0.036,"Actual Total Time":0.041,"Actual Rows":2,"Actual Loops":1,"Output":["n2.n_nationkey","n2.n_name"],"Filter":"(((n2.n_name)::text = 'Cambodia'::text) OR ((n2.n_name)::text = 'Germany'::text))","Rows Removed by Filter":60,"Shared Hit Blocks":1,"Shared Read Blocks":0,"Shared Dirtied Blocks":0,"Shared Written Blocks":0,"Local Hit Blocks":0,"Local Read Blocks":0,"Local Dirtied Blocks":0,"Local Written Blocks":0,"Temp Read Blocks":0,"Temp Written Blocks":0,"I/O Read Time":0.0,"I/O Write Time":0.0,"Temp I/O Read Time":0.0,"Temp I/O Write Time":0.0}]}]}]}]}]}]}]},"Planning":{"Shared Hit Blocks":152,"Shared Read Blocks":0,"Shared Dirtied Blocks":0,"Shared Written Blocks":0,"Local Hit Blocks":0,"Local Read Blocks":0,"Local Dirtied Blocks":0,"Local Written Blocks":0,"Temp Read Blocks":0,"Temp Written Blocks":0,"I/O Read Time":0.0,"I/O Write Time":0.0,"Temp I/O Read Time":0.0,"Temp I/O Write Time":0.0},"Planning Time":4.016,"Triggers":[],"Execution Time":20889.155}]
[列存组合]: nation, order_line, orders
[{"Plan":{"Node Type":"Aggregate","Strategy":"Sorted","Partial Mode":"Simple","Parallel Aware":false,"Async Capable":false,"Startup Cost":2368514.1,"Total Cost":2368768.92,"Plan Rows":9266,"Plan Width":72,"Actual Startup Time":24254.504,"Actual Total Time":24258.536,"Actual Rows":6,"Actual Loops":1,"Output":["supplier.su_nationkey","customer.c_nationkey","(EXTRACT(year FROM orders.o_entry_d))","sum(order_line.ol_amount)"],"Group Key":["supplier.su_nationkey","customer.c_nationkey","(EXTRACT(year FROM orders.o_entry_d))"],"Shared Hit Blocks":514882,"Shared Read Blocks":0,"Shared Dirtied Blocks":0,"Shared Written Blocks":0,"Local Hit Blocks":0,"Local Read Blocks":0,"Local Dirtied Blocks":0,"Local Written Blocks":0,"Temp Read Blocks":136107,"Temp Written Blocks":136107,"I/O Read Time":0.0,"I/O Write Time":0.0,"Temp I/O Read Time":214.356,"Temp I/O Write Time":626.619,"Plans":[{"Node Type":"Sort","Parent Relationship":"Outer","Parallel Aware":false,"Async Capable":false,"Startup Cost":2368514.1,"Total Cost":2368537.27,"Plan Rows":9266,"Plan Width":44,"Actual Startup Time":24254.34,"Actual Total Time":24255.188,"Actual Rows":12121,"Actual Loops":1,"Output":["supplier.su_nationkey","customer.c_nationkey","(EXTRACT(year FROM orders.o_entry_d))","order_line.ol_amount"],"Sort Key":["supplier.su_nationkey","customer.c_nationkey","(EXTRACT(year FROM orders.o_entry_d))"],"Sort Method":"quicksort","Sort Space Used":1047,"Sort Space Type":"Memory","Shared Hit Blocks":514882,"Shared Read Blocks":0,"Shared Dirtied Blocks":0,"Shared Written Blocks":0,"Local Hit Blocks":0,"Local Read Blocks":0,"Local Dirtied Blocks":0,"Local Written Blocks":0,"Temp Read Blocks":136107,"Temp Written Blocks":136107,"I/O Read Time":0.0,"I/O Write Time":0.0,"Temp I/O Read Time":214.356,"Temp I/O Write Time":626.619,"Plans":[{"Node Type":"Hash Join","Parent Relationship":"Outer","Parallel Aware":false,"Async Capable":false,"Join Type":"Inner","Startup Cost":1321715.88,"Total Cost":2367903.58,"Plan Rows":9266,"Plan Width":44,"Actual Startup Time":11163.046,"Actual Total Time":24246.085,"Actual Rows":12121,"Actual Loops":1,"Output":["supplier.su_nationkey","customer.c_nationkey","EXTRACT(year FROM orders.o_entry_d)","order_line.ol_amount"],"Hash Cond":"((order_line.ol_supply_w_id = stock.s_w_id) AND (order_line.ol_i_id = stock.s_i_id))","Join Filter":"((((n1.n_name)::text = 'Germany'::text) AND ((n2.n_name)::text = 'Cambodia'::text)) OR (((n1.n_name)::text = 'Cambodia'::text) AND ((n2.n_name)::text = 'Germany'::text)))","Rows Removed by Join Filter":11453,"Shared Hit Blocks":514882,"Shared Read Blocks":0,"Shared Dirtied Blocks":0,"Shared Written Blocks":0,"Local Hit Blocks":0,"Local Read Blocks":0,"Local Dirtied Blocks":0,"Local Written Blocks":0,"Temp Read Blocks":136107,"Temp Written Blocks":136107,"I/O Read Time":0.0,"I/O Write Time":0.0,"Temp I/O Read Time":214.356,"Temp I/O Write Time":626.619,"Plans":[{"Node Type":"Hash Join","Parent Relationship":"Outer","Parallel Aware":false,"Async Capable":false,"Join Type":"Inner","Startup Cost":674833.13,"Total Cost":1696398.67,"Plan Rows":565362,"Plan Width":30,"Actual Startup Time":4290.037,"Actual Total Time":17196.119,"Actual Rows":818159,"Actual Loops":1,"Output":["order_line.ol_amount","order_line.ol_supply_w_id","order_line.ol_i_id","orders.o_entry_d","customer.c_nationkey","n2.n_name"],"Hash Cond":"(customer.c_nationkey = n2.n_nationkey)","Shared Hit Blocks":459991,"Shared Read Blocks":0,"Shared Dirtied Blocks":0,"Shared Written Blocks":0,"Local Hit Blocks":0,"Local Read Blocks":0,"Local Dirtied Blocks":0,"Local Written Blocks":0,"Temp Read Blocks":128697,"Temp Written Blocks":128697,"I/O Read Time":0.0,"I/O Write Time":0.0,"Temp I/O Read Time":199.602,"Temp I/O Write Time":588.84,"Plans":[{"Node Type":"Hash Join","Parent Relationship":"Outer","Parallel Aware":false,"Async Capable":false,"Join Type":"Inner","Startup Cost":674831.17,"Total Cost":1647245.57,"Plan Rows":17526218,"Plan Width":22,"Actual Startup Time":4288.908,"Actual Total Time":15981.05,"Actual Rows":16894821,"Actual Loops":1,"Output":["order_line.ol_amount","order_line.ol_supply_w_id","order_line.ol_i_id","orders.o_entry_d","customer.c_nationkey"],"Hash Cond":"((order_line.ol_w_id = customer.c_w_id) AND (order_line.ol_d_id = customer.c_d_id) AND (orders.o_c_id = customer.c_id))","Shared Hit Blocks":459990,"Shared Read Blocks":0,"Shared Dirtied Blocks":0,"Shared Written Blocks":0,"Local Hit Blocks":0,"Local Read Blocks":0,"Local Dirtied Blocks":0,"Local Written Blocks":0,"Temp Read Blocks":128697,"Temp Written Blocks":128697,"I/O Read Time":0.0,"I/O Write Time":0.0,"Temp I/O Read Time":199.602,"Temp I/O Write Time":588.84,"Plans":[{"Node Type":"Hash Join","Parent Relationship":"Outer","Parallel Aware":false,"Async Capable":false,"Join Type":"Inner","Startup Cost":20539.32,"Total Cost":586018.71,"Plan Rows":17526218,"Plan Width":30,"Actual Startup Time":1558.059,"Actual Total Time":5028.938,"Actual Rows":16894821,"Actual Loops":1,"Output":["order_line.ol_amount","order_line.ol_supply_w_id","order_line.ol_i_id","order_line.ol_w_id","order_line.ol_d_id","orders.o_entry_d","orders.o_w_id","orders.o_d_id","orders.o_c_id"],"Hash Cond":"((order_line.ol_w_id = orders.o_w_id) AND (order_line.ol_d_id = orders.o_d_id) AND (order_line.ol_o_id = orders.o_id))","Rows Removed by Bloom Filter":0,"Shared Hit Blocks":0,"Shared Read Blocks":0,"Shared Dirtied Blocks":0,"Shared Written Blocks":0,"Local Hit Blocks":0,"Local Read Blocks":0,"Local Dirtied Blocks":0,"Local Written Blocks":0,"Temp Read Blocks":0,"Temp Written Blocks":0,"I/O Read Time":0.0,"I/O Write Time":0.0,"Temp I/O Read Time":0.0,"Temp I/O Write Time":0.0,"Plans":[{"Node Type":"Append","Parent Relationship":"Outer","Parallel Aware":false,"Async Capable":false,"Startup Cost":20.0,"Total Cost":482290.51,"Plan Rows":17536869,"Plan Width":22,"Actual Startup Time":1016.211,"Actual Total Time":1016.228,"Actual Rows":16894821,"Actual Loops":1,"Shared Hit Blocks":0,"Shared Read Blocks":0,"Shared Dirtied Blocks":0,"Shared Written Blocks":0,"Local Hit Blocks":0,"Local Read Blocks":0,"Local Dirtied Blocks":0,"Local Written Blocks":0,"Temp Read Blocks":0,"Temp Written Blocks":0,"I/O Read Time":0.0,"I/O Write Time":0.0,"Temp I/O Read Time":0.0,"Temp I/O Write Time":0.0,"Subplans Removed":0,"Plans":[{"Node Type":"Custom Scan","Parent Relationship":"Member","Custom Plan Provider":"columnar scan","Parallel Aware":false,"Async Capable":false,"Relation Name":"order_line","Schema":"public","Alias":"order_line","Startup Cost":20.0,"Total Cost":482285.56,"Plan Rows":17536851,"Plan Width":22,"Actual Startup Time":1016.208,"Actual Total Time":1016.21,"Actual Rows":16894821,"Actual Loops":1,"Output":["order_line.ol_amount","order_line.ol_supply_w_id","order_line.ol_i_id","order_line.ol_w_id","order_line.ol_d_id","order_line.ol_o_id"],"Filter":"((order_line.ol_delivery_d <= '1997-01-01 20:10:02.27764'::timestamp without time zone) AND (order_line.ol_delivery_d >= '1995-01-02 20:10:02.27764'::timestamp without time zone))","Rows Removed by Filter":0,"Rows Removed by Columnar Filter":43098940,"Rows Filtered by Bloom Filter":0,"Dictionary Rows Filtered by Bloom Filter":857915,"Columnar cache search mode":"native","Shared Hit Blocks":0,"Shared Read Blocks":0,"Shared Dirtied Blocks":0,"Shared Written Blocks":0,"Local Hit Blocks":0,"Local Read Blocks":0,"Local Dirtied Blocks":0,"Local Written Blocks":0,"Temp Read Blocks":0,"Temp Written Blocks":0,"I/O Read Time":0.0,"I/O Write Time":0.0,"Temp I/O Read Time":0.0,"Temp I/O Write Time":0.0},{"Node Type":"Seq Scan","Parent Relationship":"Member","Parallel Aware":false,"Async Capable":false,"Relation Name":"order_line","Schema":"public","Alias":"order_line","Startup Cost":0.0,"Total Cost":4.95,"Plan Rows":18,"Plan Width":22,"Actual Startup Time":0.0,"Actual Total Time":0.0,"Actual Rows":0,"Actual Loops":0,"Output":["order_line.ol_amount","order_line.ol_supply_w_id","order_line.ol_i_id","order_line.ol_w_id","order_line.ol_d_id","order_line.ol_o_id"],"Filter":"((order_line.ol_delivery_d <= '1997-01-01 20:10:02.27764'::timestamp without time zone) AND (order_line.ol_delivery_d >= '1995-01-02 20:10:02.27764'::timestamp without time zone))","Rows Removed by Filter":0,"Shared Hit Blocks":0,"Shared Read Blocks":0,"Shared Dirtied Blocks":0,"Shared Written Blocks":0,"Local Hit Blocks":0,"Local Read Blocks":0,"Local Dirtied Blocks":0,"Local Written Blocks":0,"Temp Read Blocks":0,"Temp Written Blocks":0,"I/O Read Time":0.0,"I/O Write Time":0.0,"Temp I/O Read Time":0.0,"Temp I/O Write Time":0.0}]},{"Node Type":"Hash","Parent Relationship":"Inner","Parallel Aware":false,"Async Capable":false,"Startup Cost":152930.34,"Total Cost":152930.34,"Plan Rows":5996325,"Plan Width":24,"Actual Rows":5995789,"Actual Loops":1,"Output":["orders.o_entry_d","orders.o_w_id","orders.o_d_id","orders.o_id","orders.o_c_id"],"Shared Hit Blocks":0,"Shared Read Blocks":0,"Shared Dirtied Blocks":0,"Shared Written Blocks":0,"Local Hit Blocks":0,"Local Read Blocks":0,"Local Dirtied Blocks":0,"Local Written Blocks":0,"Temp Read Blocks":0,"Temp Written Blocks":0,"I/O Read Time":0.0,"I/O Write Time":0.0,"Temp I/O Read Time":0.0,"Temp I/O Write Time":0.0,"Plans":[{"Node Type":"Append","Parent Relationship":"Outer","Parallel Aware":false,"Async Capable":false,"Startup Cost":20.0,"Total Cost":152930.34,"Plan Rows":5996325,"Plan Width":24,"Actual Startup Time":3.148,"Actual Total Time":3.153,"Actual Rows":5995789,"Actual Loops":1,"Shared Hit Blocks":0,"Shared Read Blocks":0,"Shared Dirtied Blocks":0,"Shared Written Blocks":0,"Local Hit Blocks":0,"Local Read Blocks":0,"Local Dirtied Blocks":0,"Local Written Blocks":0,"Temp Read Blocks":0,"Temp Written Blocks":0,"I/O Read Time":0.0,"I/O Write Time":0.0,"Temp I/O Read Time":0.0,"Temp I/O Write Time":0.0,"Subplans Removed":0,"Plans":[{"Node Type":"Custom Scan","Parent Relationship":"Member","Custom Plan Provider":"columnar scan","Parallel Aware":false,"Async Capable":false,"Relation Name":"orders","Schema":"public","Alias":"orders","Startup Cost":20.0,"Total Cost":152926.32,"Plan Rows":5996324,"Plan Width":24,"Actual Startup Time":3.145,"Actual Total Time":3.145,"Actual Rows":5995789,"Actual Loops":1,"Output":["orders.o_entry_d","orders.o_w_id","orders.o_d_id","orders.o_id","orders.o_c_id"],"Filter":"(orders.o_entry_d >= '1992-01-02 20:10:02.27764'::timestamp without time zone)","Rows Removed by Filter":0,"Rows Removed by Columnar Filter":4211,"Columnar cache search mode":"native","Shared Hit Blocks":0,"Shared Read Blocks":0,"Shared Dirtied Blocks":0,"Shared Written Blocks":0,"Local Hit Blocks":0,"Local Read Blocks":0,"Local Dirtied Blocks":0,"Local Written Blocks":0,"Temp Read Blocks":0,"Temp Written Blocks":0,"I/O Read Time":0.0,"I/O Write Time":0.0,"Temp I/O Read Time":0.0,"Temp I/O Write Time":0.0},{"Node Type":"Seq Scan","Parent Relationship":"Member","Parallel Aware":false,"Async Capable":false,"Relation Name":"orders","Schema":"public","Alias":"orders","Startup Cost":0.0,"Total Cost":4.01,"Plan Rows":1,"Plan Width":24,"Actual Startup Time":0.0,"Actual Total Time":0.0,"Actual Rows":0,"Actual Loops":0,"Output":["orders.o_entry_d","orders.o_w_id","orders.o_d_id","orders.o_id","orders.o_c_id"],"Filter":"(orders.o_entry_d >= '1992-01-02 20:10:02.27764'::timestamp without time zone)","Rows Removed by Filter":0,"Shared Hit Blocks":0,"Shared Read Blocks":0,"Shared Dirtied Blocks":0,"Shared Written Blocks":0,"Local Hit Blocks":0,"Local Read Blocks":0,"Local Dirtied Blocks":0,"Local Written Blocks":0,"Temp Read Blocks":0,"Temp Written Blocks":0,"I/O Read Time":0.0,"I/O Write Time":0.0,"Temp I/O Read Time":0.0,"Temp I/O Write Time":0.0}]}]}]},{"Node Type":"Hash","Parent Relationship":"Inner","Parallel Aware":false,"Async Capable":false,"Startup Cost":519991.4,"Total Cost":519991.4,"Plan Rows":6000140,"Plan Width":12,"Actual Startup Time":2729.19,"Actual Total Time":2729.192,"Actual Rows":6000000,"Actual Loops":1,"Output":["customer.c_nationkey","customer.c_id","customer.c_w_id","customer.c_d_id"],"Hash Buckets":262144,"Original Hash Buckets":262144,"Hash Batches":64,"Original Hash Batches":64,"Peak Memory Usage":6082,"Shared Hit Blocks":459990,"Shared Read Blocks":0,"Shared Dirtied Blocks":0,"Shared Written Blocks":0,"Local Hit Blocks":0,"Local Read Blocks":0,"Local Dirtied Blocks":0,"Local Written Blocks":0,"Temp Read Blocks":0,"Temp Written Blocks":23040,"I/O Read Time":0.0,"I/O Write Time":0.0,"Temp I/O Read Time":0.0,"Temp I/O Write Time":114.18,"Plans":[{"Node Type":"Seq Scan","Parent Relationship":"Outer","Parallel Aware":false,"Async Capable":false,"Relation Name":"customer","Schema":"public","Alias":"customer","Startup Cost":0.0,"Total Cost":519991.4,"Plan Rows":6000140,"Plan Width":12,"Actual Startup Time":0.033,"Actual Total Time":1720.768,"Actual Rows":6000000,"Actual Loops":1,"Output":["customer.c_nationkey","customer.c_id","customer.c_w_id","customer.c_d_id"],"Shared Hit Blocks":459990,"Shared Read Blocks":0,"Shared Dirtied Blocks":0,"Shared Written Blocks":0,"Local Hit Blocks":0,"Local Read Blocks":0,"Local Dirtied Blocks":0,"Local Written Blocks":0,"Temp Read Blocks":0,"Temp Written Blocks":0,"I/O Read Time":0.0,"I/O Write Time":0.0,"Temp I/O Read Time":0.0,"Temp I/O Write Time":0.0}]}]},{"Node Type":"Hash","Parent Relationship":"Inner","Parallel Aware":false,"Async Capable":false,"Startup Cost":1.93,"Total Cost":1.93,"Plan Rows":2,"Plan Width":12,"Actual Startup Time":0.031,"Actual Total Time":0.031,"Actual Rows":2,"Actual Loops":1,"Output":["n2.n_nationkey","n2.n_name"],"Hash Buckets":1024,"Original Hash Buckets":1024,"Hash Batches":1,"Original Hash Batches":1,"Peak Memory Usage":9,"Shared Hit Blocks":1,"Shared Read Blocks":0,"Shared Dirtied Blocks":0,"Shared Written Blocks":0,"Local Hit Blocks":0,"Local Read Blocks":0,"Local Dirtied Blocks":0,"Local Written Blocks":0,"Temp Read Blocks":0,"Temp Written Blocks":0,"I/O Read Time":0.0,"I/O Write Time":0.0,"Temp I/O Read Time":0.0,"Temp I/O Write Time":0.0,"Plans":[{"Node Type":"Seq Scan","Parent Relationship":"Outer","Parallel Aware":false,"Async Capable":false,"Relation Name":"nation","Schema":"public","Alias":"n2","Startup Cost":0.0,"Total Cost":1.93,"Plan Rows":2,"Plan Width":12,"Actual Startup Time":0.021,"Actual Total Time":0.026,"Actual Rows":2,"Actual Loops":1,"Output":["n2.n_nationkey","n2.n_name"],"Filter":"(((n2.n_name)::text = 'Cambodia'::text) OR ((n2.n_name)::text = 'Germany'::text))","Rows Removed by Filter":60,"Shared Hit Blocks":1,"Shared Read Blocks":0,"Shared Dirtied Blocks":0,"Shared Written Blocks":0,"Local Hit Blocks":0,"Local Read Blocks":0,"Local Dirtied Blocks":0,"Local Written Blocks":0,"Temp Read Blocks":0,"Temp Written Blocks":0,"I/O Read Time":0.0,"I/O Write Time":0.0,"Temp I/O Read Time":0.0,"Temp I/O Write Time":0.0}]}]},{"Node Type":"Hash","Parent Relationship":"Inner","Parallel Aware":false,"Async Capable":false,"Startup Cost":633424.24,"Total Cost":633424.24,"Plan Rows":645168,"Plan Width":18,"Actual Startup Time":6661.034,"Actual Total Time":6661.048,"Actual Rows":566400,"Actual Loops":1,"Output":["supplier.su_nationkey","stock.s_w_id","stock.s_i_id","n1.n_name"],"Hash Buckets":131072,"Original Hash Buckets":131072,"Hash Batches":8,"Original Hash Batches":8,"Peak Memory Usage":4646,"Shared Hit Blocks":54891,"Shared Read Blocks":0,"Shared Dirtied Blocks":0,"Shared Written Blocks":0,"Local Hit Blocks":0,"Local Read Blocks":0,"Local Dirtied Blocks":0,"Local Written Blocks":0,"Temp Read Blocks":0,"Temp Written Blocks":2445,"I/O Read Time":0.0,"I/O Write Time":0.0,"Temp I/O Read Time":0.0,"Temp I/O Write Time":13.93,"Plans":[{"Node Type":"Hash Join","Parent Relationship":"Outer","Parallel Aware":false,"Async Capable":false,"Join Type":"Inner","Startup Cost":444.39,"Total Cost":633424.24,"Plan Rows":645168,"Plan Width":18,"Actual Startup Time":2.619,"Actual Total Time":6508.581,"Actual Rows":566400,"Actual Loops":1,"Output":["supplier.su_nationkey","stock.s_w_id","stock.s_i_id","n1.n_name"],"Hash Cond":"(supplier.su_nationkey = n1.n_nationkey)","Shared Hit Blocks":54891,"Shared Read Blocks":0,"Shared Dirtied Blocks":0,"Shared Written Blocks":0,"Local Hit Blocks":0,"Local Read Blocks":0,"Local Dirtied Blocks":0,"Local Written Blocks":0,"Temp Read Blocks":0,"Temp Written Blocks":0,"I/O Read Time":0.0,"I/O Write Time":0.0,"Temp I/O Read Time":0.0,"Temp I/O Write Time":0.0,"Plans":[{"Node Type":"Hash Join","Parent Relationship":"Outer","Parallel Aware":false,"Async Capable":false,"Join Type":"Inner","Startup Cost":442.44,"Total Cost":577332.98,"Plan Rows":20000212,"Plan Width":10,"Actual Startup Time":2.583,"Actual Total Time":5148.239,"Actual Rows":20000000,"Actual Loops":1,"Output":["supplier.su_nationkey","stock.s_w_id","stock.s_i_id"],"Hash Cond":"(mod((stock.s_w_id * stock.s_i_id), 10000) = supplier.su_suppkey)","Shared Hit Blocks":54890,"Shared Read Blocks":0,"Shared Dirtied Blocks":0,"Shared Written Blocks":0,"Local Hit Blocks":0,"Local Read Blocks":0,"Local Dirtied Blocks":0,"Local Written Blocks":0,"Temp Read Blocks":0,"Temp Written Blocks":0,"I/O Read Time":0.0,"I/O Write Time":0.0,"Temp I/O Read Time":0.0,"Temp I/O Write Time":0.0,"Plans":[{"Node Type":"Index Only Scan","Parent Relationship":"Outer","Parallel Aware":false,"Async Capable":false,"Scan Direction":"Forward","Index Name":"stock_pk","Relation Name":"stock","Schema":"public","Alias":"stock","Startup Cost":0.44,"Total Cost":519363.62,"Plan Rows":20000212,"Plan Width":6,"Actual Startup Time":0.013,"Actual Total Time":1524.221,"Actual Rows":20000000,"Actual Loops":1,"Output":["stock.s_w_id","stock.s_i_id"],"Heap Fetches":0,"Shared Hit Blocks":54673,"Shared Read Blocks":0,"Shared Dirtied Blocks":0,"Shared Written Blocks":0,"Local Hit Blocks":0,"Local Read Blocks":0,"Local Dirtied Blocks":0,"Local Written Blocks":0,"Temp Read Blocks":0,"Temp Written Blocks":0,"I/O Read Time":0.0,"I/O Write Time":0.0,"Temp I/O Read Time":0.0,"Temp I/O Write Time":0.0},{"Node Type":"Hash","Parent Relationship":"Inner","Parallel Aware":false,"Async Capable":false,"Startup Cost":317.0,"Total Cost":317.0,"Plan Rows":10000,"Plan Width":8,"Actual Startup Time":2.525,"Actual Total Time":2.527,"Actual Rows":10000,"Actual Loops":1,"Output":["supplier.su_nationkey","supplier.su_suppkey"],"Hash Buckets":16384,"Original Hash Buckets":16384,"Hash Batches":1,"Original Hash Batches":1,"Peak Memory Usage":519,"Shared Hit Blocks":217,"Shared Read Blocks":0,"Shared Dirtied Blocks":0,"Shared Written Blocks":0,"Local Hit Blocks":0,"Local Read Blocks":0,"Local Dirtied Blocks":0,"Local Written Blocks":0,"Temp Read Blocks":0,"Temp Written Blocks":0,"I/O Read Time":0.0,"I/O Write Time":0.0,"Temp I/O Read Time":0.0,"Temp I/O Write Time":0.0,"Plans":[{"Node Type":"Seq Scan","Parent Relationship":"Outer","Parallel Aware":false,"Async Capable":false,"Relation Name":"supplier","Schema":"public","Alias":"supplier","Startup Cost":0.0,"Total Cost":317.0,"Plan Rows":10000,"Plan Width":8,"Actual Startup Time":0.005,"Actual Total Time":1.306,"Actual Rows":10000,"Actual Loops":1,"Output":["supplier.su_nationkey","supplier.su_suppkey"],"Shared Hit Blocks":217,"Shared Read Blocks":0,"Shared Dirtied Blocks":0,"Shared Written Blocks":0,"Local Hit Blocks":0,"Local Read Blocks":0,"Local Dirtied Blocks":0,"Local Written Blocks":0,"Temp Read Blocks":0,"Temp Written Blocks":0,"I/O Read Time":0.0,"I/O Write Time":0.0,"Temp I/O Read Time":0.0,"Temp I/O Write Time":0.0}]}]},{"Node Type":"Hash","Parent Relationship":"Inner","Parallel Aware":false,"Async Capable":false,"Startup Cost":1.93,"Total Cost":1.93,"Plan Rows":2,"Plan Width":12,"Actual Startup Time":0.025,"Actual Total Time":0.028,"Actual Rows":2,"Actual Loops":1,"Output":["n1.n_nationkey","n1.n_name"],"Hash Buckets":1024,"Original Hash Buckets":1024,"Hash Batches":1,"Original Hash Batches":1,"Peak Memory Usage":9,"Shared Hit Blocks":1,"Shared Read Blocks":0,"Shared Dirtied Blocks":0,"Shared Written Blocks":0,"Local Hit Blocks":0,"Local Read Blocks":0,"Local Dirtied Blocks":0,"Local Written Blocks":0,"Temp Read Blocks":0,"Temp Written Blocks":0,"I/O Read Time":0.0,"I/O Write Time":0.0,"Temp I/O Read Time":0.0,"Temp I/O Write Time":0.0,"Plans":[{"Node Type":"Seq Scan","Parent Relationship":"Outer","Parallel Aware":false,"Async Capable":false,"Relation Name":"nation","Schema":"public","Alias":"n1","Startup Cost":0.0,"Total Cost":1.93,"Plan Rows":2,"Plan Width":12,"Actual Startup Time":0.016,"Actual Total Time":0.021,"Actual Rows":2,"Actual Loops":1,"Output":["n1.n_nationkey","n1.n_name"],"Filter":"(((n1.n_name)::text = 'Germany'::text) OR ((n1.n_name)::text = 'Cambodia'::text))","Rows Removed by Filter":60,"Shared Hit Blocks":1,"Shared Read Blocks":0,"Shared Dirtied Blocks":0,"Shared Written Blocks":0,"Local Hit Blocks":0,"Local Read Blocks":0,"Local Dirtied Blocks":0,"Local Written Blocks":0,"Temp Read Blocks":0,"Temp Written Blocks":0,"I/O Read Time":0.0,"I/O Write Time":0.0,"Temp I/O Read Time":0.0,"Temp I/O Write Time":0.0}]}]}]}]}]}]},"Planning":{"Shared Hit Blocks":152,"Shared Read Blocks":0,"Shared Dirtied Blocks":0,"Shared Written Blocks":0,"Local Hit Blocks":0,"Local Read Blocks":0,"Local Dirtied Blocks":0,"Local Written Blocks":0,"Temp Read Blocks":0,"Temp Written Blocks":0,"I/O Read Time":0.0,"I/O Write Time":0.0,"Temp I/O Read Time":0.0,"Temp I/O Write Time":0.0},"Planning Time":3.084,"Triggers":[],"Execution Time":24267.289}]
[列存组合]: nation, order_line, stock
[{"Plan":{"Node Type":"Aggregate","Strategy":"Sorted","Partial Mode":"Simple","Parallel Aware":false,"Async Capable":false,"Startup Cost":2139204.78,"Total Cost":2139459.6,"Plan Rows":9266,"Plan Width":72,"Actual Startup Time":14913.386,"Actual Total Time":14915.941,"Actual Rows":6,"Actual Loops":1,"Output":["supplier.su_nationkey","customer.c_nationkey","(EXTRACT(year FROM orders.o_entry_d))","sum(order_line.ol_amount)"],"Group Key":["supplier.su_nationkey","customer.c_nationkey","(EXTRACT(year FROM orders.o_entry_d))"],"Shared Hit Blocks":504331,"Shared Read Blocks":0,"Shared Dirtied Blocks":0,"Shared Written Blocks":0,"Local Hit Blocks":0,"Local Read Blocks":0,"Local Dirtied Blocks":0,"Local Written Blocks":0,"Temp Read Blocks":41796,"Temp Written Blocks":41814,"I/O Read Time":0.0,"I/O Write Time":0.0,"Temp I/O Read Time":64.107,"Temp I/O Write Time":195.952,"Plans":[{"Node Type":"Sort","Parent Relationship":"Outer","Parallel Aware":false,"Async Capable":false,"Startup Cost":2139204.78,"Total Cost":2139227.95,"Plan Rows":9266,"Plan Width":44,"Actual Startup Time":14913.278,"Actual Total Time":14913.812,"Actual Rows":12121,"Actual Loops":1,"Output":["supplier.su_nationkey","customer.c_nationkey","(EXTRACT(year FROM orders.o_entry_d))","order_line.ol_amount"],"Sort Key":["supplier.su_nationkey","customer.c_nationkey","(EXTRACT(year FROM orders.o_entry_d))"],"Sort Method":"quicksort","Sort Space Used":1047,"Sort Space Type":"Memory","Shared Hit Blocks":504331,"Shared Read Blocks":0,"Shared Dirtied Blocks":0,"Shared Written Blocks":0,"Local Hit Blocks":0,"Local Read Blocks":0,"Local Dirtied Blocks":0,"Local Written Blocks":0,"Temp Read Blocks":41796,"Temp Written Blocks":41814,"I/O Read Time":0.0,"I/O Write Time":0.0,"Temp I/O Read Time":64.107,"Temp I/O Write Time":195.952,"Plans":[{"Node Type":"Merge Join","Parent Relationship":"Outer","Parallel Aware":false,"Async Capable":false,"Join Type":"Inner","Startup Cost":2130134.43,"Total Cost":2138594.26,"Plan Rows":9266,"Plan Width":44,"Actual Startup Time":14569.609,"Actual Total Time":14909.733,"Actual Rows":12121,"Actual Loops":1,"Output":["supplier.su_nationkey","customer.c_nationkey","EXTRACT(year FROM orders.o_entry_d)","order_line.ol_amount"],"Merge Cond":"((orders.o_c_id = customer.c_id) AND (order_line.ol_w_id = customer.c_w_id) AND (order_line.ol_d_id = customer.c_d_id))","Join Filter":"((((n1.n_name)::text = 'Germany'::text) AND ((n2.n_name)::text = 'Cambodia'::text)) OR (((n1.n_name)::text = 'Cambodia'::text) AND ((n2.n_name)::text = 'Germany'::text)))","Rows Removed by Join Filter":11453,"Shared Hit Blocks":504331,"Shared Read Blocks":0,"Shared Dirtied Blocks":0,"Shared Written Blocks":0,"Local Hit Blocks":0,"Local Read Blocks":0,"Local Dirtied Blocks":0,"Local Written Blocks":0,"Temp Read Blocks":41796,"Temp Written Blocks":41814,"I/O Read Time":0.0,"I/O Write Time":0.0,"Temp I/O Read Time":64.107,"Temp I/O Write Time":195.952,"Plans":[{"Node Type":"Sort","Parent Relationship":"Outer","Parallel Aware":false,"Async Capable":false,"Startup Cost":1572345.14,"Total Cost":1573758.54,"Plan Rows":565362,"Plan Width":36,"Actual Startup Time":12375.971,"Actual Total Time":12547.259,"Actual Rows":485009,"Actual Loops":1,"Output":["supplier.su_nationkey","order_line.ol_amount","order_line.ol_w_id","order_line.ol_d_id","orders.o_entry_d","orders.o_w_id","orders.o_d_id","orders.o_c_id","n1.n_name"],"Sort Key":["orders.o_c_id","order_line.ol_w_id","order_line.ol_d_id"],"Sort Method":"external merge","Sort Space Used":24000,"Sort Space Type":"Disk","Shared Hit Blocks":44340,"Shared Read Blocks":0,"Shared Dirtied Blocks":0,"Shared Written Blocks":0,"Local Hit Blocks":0,"Local Read Blocks":0,"Local Dirtied Blocks":0,"Local Written Blocks":0,"Temp Read Blocks":40706,"Temp Written Blocks":40718,"I/O Read Time":0.0,"I/O Write Time":0.0,"Temp I/O Read Time":62.497,"Temp I/O Write Time":191.401,"Plans":[{"Node Type":"Hash Join","Parent Relationship":"Outer","Parallel Aware":false,"Async Capable":false,"Join Type":"Inner","Startup Cost":318256.82,"Total Cost":1502868.65,"Plan Rows":565362,"Plan Width":36,"Actual Startup Time":2703.592,"Actual Total Time":12128.373,"Actual Rows":485009,"Actual Loops":1,"Output":["supplier.su_nationkey","order_line.ol_amount","order_line.ol_w_id","order_line.ol_d_id","orders.o_entry_d","orders.o_w_id","orders.o_d_id","orders.o_c_id","n1.n_name"],"Hash Cond":"((order_line.ol_w_id = orders.o_w_id) AND (order_line.ol_d_id = orders.o_d_id) AND (order_line.ol_o_id = orders.o_id))","Shared Hit Blocks":44340,"Shared Read Blocks":0,"Shared Dirtied Blocks":0,"Shared Written Blocks":0,"Local Hit Blocks":0,"Local Read Blocks":0,"Local Dirtied Blocks":0,"Local Written Blocks":0,"Temp Read Blocks":37706,"Temp Written Blocks":37706,"I/O Read Time":0.0,"I/O Write Time":0.0,"Temp I/O Read Time":58.113,"Temp I/O Write Time":180.03,"Plans":[{"Node Type":"Hash Join","Parent Relationship":"Outer","Parallel Aware":false,"Async Capable":false,"Join Type":"Inner","Startup Cost":59064.55,"Total Cost":1196350.45,"Plan Rows":565705,"Plan Width":28,"Actual Startup Time":895.275,"Actual Total Time":9656.449,"Actual Rows":485009,"Actual Loops":1,"Output":["supplier.su_nationkey","order_line.ol_amount","order_line.ol_w_id","order_line.ol_d_id","order_line.ol_o_id","n1.n_name"],"Hash Cond":"(supplier.su_nationkey = n1.n_nationkey)","Shared Hit Blocks":218,"Shared Read Blocks":0,"Shared Dirtied Blocks":0,"Shared Written Blocks":0,"Local Hit Blocks":0,"Local Read Blocks":0,"Local Dirtied Blocks":0,"Local Written Blocks":0,"Temp Read Blocks":0,"Temp Written Blocks":0,"I/O Read Time":0.0,"I/O Write Time":0.0,"Temp I/O Read Time":0.0,"Temp I/O Write Time":0.0,"Plans":[{"Node Type":"Hash Join","Parent Relationship":"Outer","Parallel Aware":false,"Async Capable":false,"Join Type":"Inner","Startup Cost":59062.59,"Total Cost":1147167.47,"Plan Rows":17536869,"Plan Width":20,"Actual Startup Time":895.119,"Actual Total Time":8400.465,"Actual Rows":17139931,"Actual Loops":1,"Output":["supplier.su_nationkey","order_line.ol_amount","order_line.ol_w_id","order_line.ol_d_id","order_line.ol_o_id"],"Hash Cond":"(mod((stock.s_w_id * stock.s_i_id), 10000) = supplier.su_suppkey)","Shared Hit Blocks":217,"Shared Read Blocks":0,"Shared Dirtied Blocks":0,"Shared Written Blocks":0,"Local Hit Blocks":0,"Local Read Blocks":0,"Local Dirtied Blocks":0,"Local Written Blocks":0,"Temp Read Blocks":0,"Temp Written Blocks":0,"I/O Read Time":0.0,"I/O Write Time":0.0,"Temp I/O Read Time":0.0,"Temp I/O Write Time":0.0,"Plans":[{"Node Type":"Hash Join","Parent Relationship":"Outer","Parallel Aware":false,"Async Capable":false,"Join Type":"Inner","Startup Cost":58620.59,"Total Cost":1096283.52,"Plan Rows":17536869,"Plan Width":22,"Actual Startup Time":892.562,"Actual Total Time":5043.996,"Actual Rows":17139931,"Actual Loops":1,"Output":["stock.s_w_id","stock.s_i_id","order_line.ol_amount","order_line.ol_w_id","order_line.ol_d_id","order_line.ol_o_id"],"Hash Cond":"((order_line.ol_supply_w_id = stock.s_w_id) AND (order_line.ol_i_id = stock.s_i_id))","Rows Removed by Bloom Filter":0,"Shared Hit Blocks":0,"Shared Read Blocks":0,"Shared Dirtied Blocks":0,"Shared Written Blocks":0,"Local Hit Blocks":0,"Local Read Blocks":0,"Local Dirtied Blocks":0,"Local Written Blocks":0,"Temp Read Blocks":0,"Temp Written Blocks":0,"I/O Read Time":0.0,"I/O Write Time":0.0,"Temp I/O Read Time":0.0,"Temp I/O Write Time":0.0,"Plans":[{"Node Type":"Append","Parent Relationship":"Outer","Parallel Aware":false,"Async Capable":false,"Startup Cost":20.0,"Total Cost":482290.51,"Plan Rows":17536869,"Plan Width":22,"Actual Startup Time":26.147,"Actual Total Time":26.159,"Actual Rows":17139931,"Actual Loops":1,"Shared Hit Blocks":0,"Shared Read Blocks":0,"Shared Dirtied Blocks":0,"Shared Written Blocks":0,"Local Hit Blocks":0,"Local Read Blocks":0,"Local Dirtied Blocks":0,"Local Written Blocks":0,"Temp Read Blocks":0,"Temp Written Blocks":0,"I/O Read Time":0.0,"I/O Write Time":0.0,"Temp I/O Read Time":0.0,"Temp I/O Write Time":0.0,"Subplans Removed":0,"Plans":[{"Node Type":"Custom Scan","Parent Relationship":"Member","Custom Plan Provider":"columnar scan","Parallel Aware":false,"Async Capable":false,"Relation Name":"order_line","Schema":"public","Alias":"order_line","Startup Cost":20.0,"Total Cost":482285.56,"Plan Rows":17536851,"Plan Width":22,"Actual Startup Time":26.145,"Actual Total Time":26.147,"Actual Rows":17139931,"Actual Loops":1,"Output":["order_line.ol_amount","order_line.ol_supply_w_id","order_line.ol_i_id","order_line.ol_w_id","order_line.ol_d_id","order_line.ol_o_id"],"Filter":"((order_line.ol_delivery_d <= '1997-01-01 20:10:02.27764'::timestamp without time zone) AND (order_line.ol_delivery_d >= '1995-01-02 20:10:02.27764'::timestamp without time zone))","Rows Removed by Filter":0,"Rows Removed by Columnar Filter":42853830,"Columnar cache search mode":"native","Shared Hit Blocks":0,"Shared Read Blocks":0,"Shared Dirtied Blocks":0,"Shared Written Blocks":0,"Local Hit Blocks":0,"Local Read Blocks":0,"Local Dirtied Blocks":0,"Local Written Blocks":0,"Temp Read Blocks":0,"Temp Written Blocks":0,"I/O Read Time":0.0,"I/O Write Time":0.0,"Temp I/O Read Time":0.0,"Temp I/O Write Time":0.0},{"Node Type":"Seq Scan","Parent Relationship":"Member","Parallel Aware":false,"Async Capable":false,"Relation Name":"order_line","Schema":"public","Alias":"order_line","Startup Cost":0.0,"Total Cost":4.95,"Plan Rows":18,"Plan Width":22,"Actual Startup Time":0.0,"Actual Total Time":0.0,"Actual Rows":0,"Actual Loops":0,"Output":["order_line.ol_amount","order_line.ol_supply_w_id","order_line.ol_i_id","order_line.ol_w_id","order_line.ol_d_id","order_line.ol_o_id"],"Filter":"((order_line.ol_delivery_d <= '1997-01-01 20:10:02.27764'::timestamp without time zone) AND (order_line.ol_delivery_d >= '1995-01-02 20:10:02.27764'::timestamp without time zone))","Rows Removed by Filter":0,"Shared Hit Blocks":0,"Shared Read Blocks":0,"Shared Dirtied Blocks":0,"Shared Written Blocks":0,"Local Hit Blocks":0,"Local Read Blocks":0,"Local Dirtied Blocks":0,"Local Written Blocks":0,"Temp Read Blocks":0,"Temp Written Blocks":0,"I/O Read Time":0.0,"I/O Write Time":0.0,"Temp I/O Read Time":0.0,"Temp I/O Write Time":0.0}]},{"Node Type":"Hash","Parent Relationship":"Inner","Parallel Aware":false,"Async Capable":false,"Startup Cost":390026.22,"Total Cost":390026.22,"Plan Rows":20000212,"Plan Width":6,"Actual Rows":20000000,"Actual Loops":1,"Output":["stock.s_w_id","stock.s_i_id"],"Shared Hit Blocks":0,"Shared Read Blocks":0,"Shared Dirtied Blocks":0,"Shared Written Blocks":0,"Local Hit Blocks":0,"Local Read Blocks":0,"Local Dirtied Blocks":0,"Local Written Blocks":0,"Temp Read Blocks":0,"Temp Written Blocks":0,"I/O Read Time":0.0,"I/O Write Time":0.0,"Temp I/O Read Time":0.0,"Temp I/O Write Time":0.0,"Plans":[{"Node Type":"Append","Parent Relationship":"Outer","Parallel Aware":false,"Async Capable":false,"Startup Cost":20.0,"Total Cost":390026.22,"Plan Rows":20000212,"Plan Width":6,"Actual Startup Time":0.368,"Actual Total Time":0.369,"Actual Rows":20000000,"Actual Loops":1,"Shared Hit Blocks":0,"Shared Read Blocks":0,"Shared Dirtied Blocks":0,"Shared Written Blocks":0,"Local Hit Blocks":0,"Local Read Blocks":0,"Local Dirtied Blocks":0,"Local Written Blocks":0,"Temp Read Blocks":0,"Temp Written Blocks":0,"I/O Read Time":0.0,"I/O Write Time":0.0,"Temp I/O Read Time":0.0,"Temp I/O Write Time":0.0,"Subplans Removed":0,"Plans":[{"Node Type":"Custom Scan","Parent Relationship":"Member","Custom Plan Provider":"columnar scan","Parallel Aware":false,"Async Capable":false,"Relation Name":"stock","Schema":"public","Alias":"stock","Startup Cost":20.0,"Total Cost":390020.1,"Plan Rows":20000000,"Plan Width":6,"Actual Startup Time":0.366,"Actual Total Time":0.367,"Actual Rows":20000000,"Actual Loops":1,"Output":["stock.s_w_id","stock.s_i_id"],"Rows Removed by Columnar Filter":0,"Columnar cache search mode":"native","Shared Hit Blocks":0,"Shared Read Blocks":0,"Shared Dirtied Blocks":0,"Shared Written Blocks":0,"Local Hit Blocks":0,"Local Read Blocks":0,"Local Dirtied Blocks":0,"Local Written Blocks":0,"Temp Read Blocks":0,"Temp Written Blocks":0,"I/O Read Time":0.0,"I/O Write Time":0.0,"Temp I/O Read Time":0.0,"Temp I/O Write Time":0.0},{"Node Type":"Seq Scan","Parent Relationship":"Member","Parallel Aware":false,"Async Capable":false,"Relation Name":"stock","Schema":"public","Alias":"stock","Startup Cost":0.0,"Total Cost":6.12,"Plan Rows":212,"Plan Width":6,"Actual Startup Time":0.0,"Actual Total Time":0.0,"Actual Rows":0,"Actual Loops":0,"Output":["stock.s_w_id","stock.s_i_id"],"Shared Hit Blocks":0,"Shared Read Blocks":0,"Shared Dirtied Blocks":0,"Shared Written Blocks":0,"Local Hit Blocks":0,"Local Read Blocks":0,"Local Dirtied Blocks":0,"Local Written Blocks":0,"Temp Read Blocks":0,"Temp Written Blocks":0,"I/O Read Time":0.0,"I/O Write Time":0.0,"Temp I/O Read Time":0.0,"Temp I/O Write Time":0.0}]}]}]},{"Node Type":"Hash","Parent Relationship":"Inner","Parallel Aware":false,"Async Capable":false,"Startup Cost":317.0,"Total Cost":317.0,"Plan Rows":10000,"Plan Width":8,"Actual Startup Time":2.494,"Actual Total Time":2.494,"Actual Rows":10000,"Actual Loops":1,"Output":["supplier.su_nationkey","supplier.su_suppkey"],"Hash Buckets":16384,"Original Hash Buckets":16384,"Hash Batches":1,"Original Hash Batches":1,"Peak Memory Usage":519,"Shared Hit Blocks":217,"Shared Read Blocks":0,"Shared Dirtied Blocks":0,"Shared Written Blocks":0,"Local Hit Blocks":0,"Local Read Blocks":0,"Local Dirtied Blocks":0,"Local Written Blocks":0,"Temp Read Blocks":0,"Temp Written Blocks":0,"I/O Read Time":0.0,"I/O Write Time":0.0,"Temp I/O Read Time":0.0,"Temp I/O Write Time":0.0,"Plans":[{"Node Type":"Seq Scan","Parent Relationship":"Outer","Parallel Aware":false,"Async Capable":false,"Relation Name":"supplier","Schema":"public","Alias":"supplier","Startup Cost":0.0,"Total Cost":317.0,"Plan Rows":10000,"Plan Width":8,"Actual Startup Time":0.006,"Actual Total Time":1.277,"Actual Rows":10000,"Actual Loops":1,"Output":["supplier.su_nationkey","supplier.su_suppkey"],"Shared Hit Blocks":217,"Shared Read Blocks":0,"Shared Dirtied Blocks":0,"Shared Written Blocks":0,"Local Hit Blocks":0,"Local Read Blocks":0,"Local Dirtied Blocks":0,"Local Written Blocks":0,"Temp Read Blocks":0,"Temp Written Blocks":0,"I/O Read Time":0.0,"I/O Write Time":0.0,"Temp I/O Read Time":0.0,"Temp I/O Write Time":0.0}]}]},{"Node Type":"Hash","Parent Relationship":"Inner","Parallel Aware":false,"Async Capable":false,"Startup Cost":1.93,"Total Cost":1.93,"Plan Rows":2,"Plan Width":12,"Actual Startup Time":0.024,"Actual Total Time":0.026,"Actual Rows":2,"Actual Loops":1,"Output":["n1.n_nationkey","n1.n_name"],"Hash Buckets":1024,"Original Hash Buckets":1024,"Hash Batches":1,"Original Hash Batches":1,"Peak Memory Usage":9,"Shared Hit Blocks":1,"Shared Read Blocks":0,"Shared Dirtied Blocks":0,"Shared Written Blocks":0,"Local Hit Blocks":0,"Local Read Blocks":0,"Local Dirtied Blocks":0,"Local Written Blocks":0,"Temp Read Blocks":0,"Temp Written Blocks":0,"I/O Read Time":0.0,"I/O Write Time":0.0,"Temp I/O Read Time":0.0,"Temp I/O Write Time":0.0,"Plans":[{"Node Type":"Seq Scan","Parent Relationship":"Outer","Parallel Aware":false,"Async Capable":false,"Relation Name":"nation","Schema":"public","Alias":"n1","Startup Cost":0.0,"Total Cost":1.93,"Plan Rows":2,"Plan Width":12,"Actual Startup Time":0.015,"Actual Total Time":0.02,"Actual Rows":2,"Actual Loops":1,"Output":["n1.n_nationkey","n1.n_name"],"Filter":"(((n1.n_name)::text = 'Germany'::text) OR ((n1.n_name)::text = 'Cambodia'::text))","Rows Removed by Filter":60,"Shared Hit Blocks":1,"Shared Read Blocks":0,"Shared Dirtied Blocks":0,"Shared Written Blocks":0,"Local Hit Blocks":0,"Local Read Blocks":0,"Local Dirtied Blocks":0,"Local Written Blocks":0,"Temp Read Blocks":0,"Temp Written Blocks":0,"I/O Read Time":0.0,"I/O Write Time":0.0,"Temp I/O Read Time":0.0,"Temp I/O Write Time":0.0}]}]},{"Node Type":"Hash","Parent Relationship":"Inner","Parallel Aware":false,"Async Capable":false,"Startup Cost":119121.6,"Total Cost":119121.6,"Plan Rows":5996324,"Plan Width":24,"Actual Startup Time":1807.086,"Actual Total Time":1807.087,"Actual Rows":5995789,"Actual Loops":1,"Output":["orders.o_entry_d","orders.o_w_id","orders.o_d_id","orders.o_id","orders.o_c_id"],"Hash Buckets":131072,"Original Hash Buckets":131072,"Hash Batches":64,"Original Hash Batches":64,"Peak Memory Usage":6496,"Shared Hit Blocks":44122,"Shared Read Blocks":0,"Shared Dirtied Blocks":0,"Shared Written Blocks":0,"Local Hit Blocks":0,"Local Read Blocks":0,"Local Dirtied Blocks":0,"Local Written Blocks":0,"Temp Read Blocks":0,"Temp Written Blocks":34552,"I/O Read Time":0.0,"I/O Write Time":0.0,"Temp I/O Read Time":0.0,"Temp I/O Write Time":159.613,"Plans":[{"Node Type":"Seq Scan","Parent Relationship":"Outer","Parallel Aware":false,"Async Capable":false,"Relation Name":"orders","Schema":"public","Alias":"orders","Startup Cost":0.0,"Total Cost":119121.6,"Plan Rows":5996324,"Plan Width":24,"Actual Startup Time":0.023,"Actual Total Time":728.982,"Actual Rows":5995789,"Actual Loops":1,"Output":["orders.o_entry_d","orders.o_w_id","orders.o_d_id","orders.o_id","orders.o_c_id"],"Filter":"(orders.o_entry_d >= '1992-01-02 20:10:02.27764'::timestamp without time zone)","Rows Removed by Filter":4211,"Shared Hit Blocks":44122,"Shared Read Blocks":0,"Shared Dirtied Blocks":0,"Shared Written Blocks":0,"Local Hit Blocks":0,"Local Read Blocks":0,"Local Dirtied Blocks":0,"Local Written Blocks":0,"Temp Read Blocks":0,"Temp Written Blocks":0,"I/O Read Time":0.0,"I/O Write Time":0.0,"Temp I/O Read Time":0.0,"Temp I/O Write Time":0.0}]}]}]},{"Node Type":"Materialize","Parent Relationship":"Inner","Parallel Aware":false,"Async Capable":false,"Startup Cost":557789.1,"Total Cost":558756.87,"Plan Rows":193553,"Plan Width":20,"Actual Startup Time":2193.569,"Actual Total Time":2266.683,"Actual Rows":293066,"Actual Loops":1,"Output":["customer.c_nationkey","customer.c_id","customer.c_w_id","customer.c_d_id","n2.n_name"],"Shared Hit Blocks":459991,"Shared Read Blocks":0,"Shared Dirtied Blocks":0,"Shared Written Blocks":0,"Local Hit Blocks":0,"Local Read Blocks":0,"Local Dirtied Blocks":0,"Local Written Blocks":0,"Temp Read Blocks":1090,"Temp Written Blocks":1096,"I/O Read Time":0.0,"I/O Write Time":0.0,"Temp I/O Read Time":1.61,"Temp I/O Write Time":4.55,"Plans":[{"Node Type":"Sort","Parent Relationship":"Outer","Parallel Aware":false,"Async Capable":false,"Startup Cost":557789.1,"Total Cost":558272.98,"Plan Rows":193553,"Plan Width":20,"Actual Startup Time":2193.559,"Actual Total Time":2233.959,"Actual Rows":289967,"Actual Loops":1,"Output":["customer.c_nationkey","customer.c_id","customer.c_w_id","customer.c_d_id","n2.n_name"],"Sort Key":["customer.c_id","customer.c_w_id","customer.c_d_id"],"Sort Method":"external merge","Sort Space Used":8720,"Sort Space Type":"Disk","Shared Hit Blocks":459991,"Shared Read Blocks":0,"Shared Dirtied Blocks":0,"Shared Written Blocks":0,"Local Hit Blocks":0,"Local Read Blocks":0,"Local Dirtied Blocks":0,"Local Written Blocks":0,"Temp Read Blocks":1090,"Temp Written Blocks":1096,"I/O Read Time":0.0,"I/O Write Time":0.0,"Temp I/O Read Time":1.61,"Temp I/O Write Time":4.55,"Plans":[{"Node Type":"Hash Join","Parent Relationship":"Outer","Parallel Aware":false,"Async Capable":false,"Join Type":"Inner","Startup Cost":1.95,"Total Cost":536820.36,"Plan Rows":193553,"Plan Width":20,"Actual Startup Time":0.086,"Actual Total Time":2084.513,"Actual Rows":289972,"Actual Loops":1,"Output":["customer.c_nationkey","customer.c_id","customer.c_w_id","customer.c_d_id","n2.n_name"],"Hash Cond":"(customer.c_nationkey = n2.n_nationkey)","Shared Hit Blocks":459991,"Shared Read Blocks":0,"Shared Dirtied Blocks":0,"Shared Written Blocks":0,"Local Hit Blocks":0,"Local Read Blocks":0,"Local Dirtied Blocks":0,"Local Written Blocks":0,"Temp Read Blocks":0,"Temp Written Blocks":0,"I/O Read Time":0.0,"I/O Write Time":0.0,"Temp I/O Read Time":0.0,"Temp I/O Write Time":0.0,"Plans":[{"Node Type":"Seq Scan","Parent Relationship":"Outer","Parallel Aware":false,"Async Capable":false,"Relation Name":"customer","Schema":"public","Alias":"customer","Startup Cost":0.0,"Total Cost":519991.4,"Plan Rows":6000140,"Plan Width":12,"Actual Startup Time":0.026,"Actual Total Time":696.876,"Actual Rows":6000000,"Actual Loops":1,"Output":["customer.c_id","customer.c_d_id","customer.c_w_id","customer.c_nationkey","customer.c_first","customer.c_middle","customer.c_last","customer.c_street_1","customer.c_street_2","customer.c_city","customer.c_state","customer.c_zip","customer.c_phone","customer.c_since","customer.c_credit","customer.c_credit_lim","customer.c_discount","customer.c_balance","customer.c_ytd_payment","customer.c_payment_cnt","customer.c_delivery_cnt","customer.c_data"],"Shared Hit Blocks":459990,"Shared Read Blocks":0,"Shared Dirtied Blocks":0,"Shared Written Blocks":0,"Local Hit Blocks":0,"Local Read Blocks":0,"Local Dirtied Blocks":0,"Local Written Blocks":0,"Temp Read Blocks":0,"Temp Written Blocks":0,"I/O Read Time":0.0,"I/O Write Time":0.0,"Temp I/O Read Time":0.0,"Temp I/O Write Time":0.0},{"Node Type":"Hash","Parent Relationship":"Inner","Parallel Aware":false,"Async Capable":false,"Startup Cost":1.93,"Total Cost":1.93,"Plan Rows":2,"Plan Width":12,"Actual Startup Time":0.024,"Actual Total Time":0.025,"Actual Rows":2,"Actual Loops":1,"Output":["n2.n_nationkey","n2.n_name"],"Hash Buckets":1024,"Original Hash Buckets":1024,"Hash Batches":1,"Original Hash Batches":1,"Peak Memory Usage":9,"Shared Hit Blocks":1,"Shared Read Blocks":0,"Shared Dirtied Blocks":0,"Shared Written Blocks":0,"Local Hit Blocks":0,"Local Read Blocks":0,"Local Dirtied Blocks":0,"Local Written Blocks":0,"Temp Read Blocks":0,"Temp Written Blocks":0,"I/O Read Time":0.0,"I/O Write Time":0.0,"Temp I/O Read Time":0.0,"Temp I/O Write Time":0.0,"Plans":[{"Node Type":"Seq Scan","Parent Relationship":"Outer","Parallel Aware":false,"Async Capable":false,"Relation Name":"nation","Schema":"public","Alias":"n2","Startup Cost":0.0,"Total Cost":1.93,"Plan Rows":2,"Plan Width":12,"Actual Startup Time":0.015,"Actual Total Time":0.02,"Actual Rows":2,"Actual Loops":1,"Output":["n2.n_nationkey","n2.n_name"],"Filter":"(((n2.n_name)::text = 'Cambodia'::text) OR ((n2.n_name)::text = 'Germany'::text))","Rows Removed by Filter":60,"Shared Hit Blocks":1,"Shared Read Blocks":0,"Shared Dirtied Blocks":0,"Shared Written Blocks":0,"Local Hit Blocks":0,"Local Read Blocks":0,"Local Dirtied Blocks":0,"Local Written Blocks":0,"Temp Read Blocks":0,"Temp Written Blocks":0,"I/O Read Time":0.0,"I/O Write Time":0.0,"Temp I/O Read Time":0.0,"Temp I/O Write Time":0.0}]}]}]}]}]}]}]},"Planning":{"Shared Hit Blocks":152,"Shared Read Blocks":0,"Shared Dirtied Blocks":0,"Shared Written Blocks":0,"Local Hit Blocks":0,"Local Read Blocks":0,"Local Dirtied Blocks":0,"Local Written Blocks":0,"Temp Read Blocks":0,"Temp Written Blocks":0,"I/O Read Time":0.0,"I/O Write Time":0.0,"Temp I/O Read Time":0.0,"Temp I/O Write Time":0.0},"Planning Time":3.793,"Triggers":[],"Execution Time":14921.977}]
[列存组合]: nation, order_line, supplier
[{"Plan":{"Node Type":"Aggregate","Strategy":"Sorted","Partial Mode":"Simple","Parallel Aware":false,"Async Capable":false,"Startup Cost":3749851.54,"Total Cost":3750106.36,"Plan Rows":9266,"Plan Width":72,"Actual Startup Time":23773.639,"Actual Total Time":23776.222,"Actual Rows":6,"Actual Loops":1,"Output":["supplier.su_nationkey","customer.c_nationkey","(EXTRACT(year FROM orders.o_entry_d))","sum(order_line.ol_amount)"],"Group Key":["supplier.su_nationkey","customer.c_nationkey","(EXTRACT(year FROM orders.o_entry_d))"],"Shared Hit Blocks":558787,"Shared Read Blocks":0,"Shared Dirtied Blocks":0,"Shared Written Blocks":0,"Local Hit Blocks":0,"Local Read Blocks":0,"Local Dirtied Blocks":0,"Local Written Blocks":0,"Temp Read Blocks":123649,"Temp Written Blocks":123667,"I/O Read Time":0.0,"I/O Write Time":0.0,"Temp I/O Read Time":224.153,"Temp I/O Write Time":545.224,"Plans":[{"Node Type":"Sort","Parent Relationship":"Outer","Parallel Aware":false,"Async Capable":false,"Startup Cost":3749851.54,"Total Cost":3749874.71,"Plan Rows":9266,"Plan Width":44,"Actual Startup Time":23773.528,"Actual Total Time":23774.069,"Actual Rows":12121,"Actual Loops":1,"Output":["supplier.su_nationkey","customer.c_nationkey","(EXTRACT(year FROM orders.o_entry_d))","order_line.ol_amount"],"Sort Key":["supplier.su_nationkey","customer.c_nationkey","(EXTRACT(year FROM orders.o_entry_d))"],"Sort Method":"quicksort","Sort Space Used":1047,"Sort Space Type":"Memory","Shared Hit Blocks":558787,"Shared Read Blocks":0,"Shared Dirtied Blocks":0,"Shared Written Blocks":0,"Local Hit Blocks":0,"Local Read Blocks":0,"Local Dirtied Blocks":0,"Local Written Blocks":0,"Temp Read Blocks":123649,"Temp Written Blocks":123667,"I/O Read Time":0.0,"I/O Write Time":0.0,"Temp I/O Read Time":224.153,"Temp I/O Write Time":545.224,"Plans":[{"Node Type":"Merge Join","Parent Relationship":"Outer","Parallel Aware":false,"Async Capable":false,"Join Type":"Inner","Startup Cost":3740781.19,"Total Cost":3749241.02,"Plan Rows":9266,"Plan Width":44,"Actual Startup Time":23427.278,"Actual Total Time":23770.47,"Actual Rows":12121,"Actual Loops":1,"Output":["supplier.su_nationkey","customer.c_nationkey","EXTRACT(year FROM orders.o_entry_d)","order_line.ol_amount"],"Inner Unique":false,"Merge Cond":"((orders.o_c_id = customer.c_id) AND (order_line.ol_w_id = customer.c_w_id) AND (order_line.ol_d_id = customer.c_d_id))","Join Filter":"((((n1.n_name)::text = 'Germany'::text) AND ((n2.n_name)::text = 'Cambodia'::text)) OR (((n1.n_name)::text = 'Cambodia'::text) AND ((n2.n_name)::text = 'Germany'::text)))","Rows Removed by Join Filter":11453,"Shared Hit Blocks":558787,"Shared Read Blocks":0,"Shared Dirtied Blocks":0,"Shared Written Blocks":0,"Local Hit Blocks":0,"Local Read Blocks":0,"Local Dirtied Blocks":0,"Local Written Blocks":0,"Temp Read Blocks":123649,"Temp Written Blocks":123667,"I/O Read Time":0.0,"I/O Write Time":0.0,"Temp I/O Read Time":224.153,"Temp I/O Write Time":545.224,"Plans":[{"Node Type":"Sort","Parent Relationship":"Outer","Parallel Aware":false,"Async Capable":false,"Startup Cost":3182991.9,"Total Cost":3184405.3,"Plan Rows":565362,"Plan Width":36,"Actual Startup Time":20943.234,"Actual Total Time":21115.676,"Actual Rows":485009,"Actual Loops":1,"Output":["supplier.su_nationkey","order_line.ol_amount","order_line.ol_w_id","order_line.ol_d_id","orders.o_entry_d","orders.o_w_id","orders.o_d_id","orders.o_c_id","n1.n_name"],"Sort Key":["orders.o_c_id","order_line.ol_w_id","order_line.ol_d_id"],"Sort Method":"external merge","Sort Space Used":24000,"Sort Space Type":"Disk","Shared Hit Blocks":98796,"Shared Read Blocks":0,"Shared Dirtied Blocks":0,"Shared Written Blocks":0,"Local Hit Blocks":0,"Local Read Blocks":0,"Local Dirtied Blocks":0,"Local Written Blocks":0,"Temp Read Blocks":122559,"Temp Written Blocks":122571,"I/O Read Time":0.0,"I/O Write Time":0.0,"Temp I/O Read Time":222.517,"Temp I/O Write Time":540.594,"Plans":[{"Node Type":"Hash Join","Parent Relationship":"Outer","Parallel Aware":false,"Async Capable":false,"Join Type":"Inner","Startup Cost":905997.05,"Total Cost":3113515.41,"Plan Rows":565362,"Plan Width":36,"Actual Startup Time":8509.165,"Actual Total Time":20550.621,"Actual Rows":485009,"Actual Loops":1,"Output":["supplier.su_nationkey","order_line.ol_amount","order_line.ol_w_id","order_line.ol_d_id","orders.o_entry_d","orders.o_w_id","orders.o_d_id","orders.o_c_id","n1.n_name"],"Inner Unique":true,"Hash Cond":"((order_line.ol_w_id = orders.o_w_id) AND (order_line.ol_d_id = orders.o_d_id) AND (order_line.ol_o_id = orders.o_id))","Shared Hit Blocks":98796,"Shared Read Blocks":0,"Shared Dirtied Blocks":0,"Shared Written Blocks":0,"Local Hit Blocks":0,"Local Read Blocks":0,"Local Dirtied Blocks":0,"Local Written Blocks":0,"Temp Read Blocks":119559,"Temp Written Blocks":119559,"I/O Read Time":0.0,"I/O Write Time":0.0,"Temp I/O Read Time":217.469,"Temp I/O Write Time":522.655,"Plans":[{"Node Type":"Hash Join","Parent Relationship":"Outer","Parallel Aware":false,"Async Capable":false,"Join Type":"Inner","Startup Cost":646804.78,"Total Cost":2806997.21,"Plan Rows":565705,"Plan Width":28,"Actual Startup Time":6691.926,"Actual Total Time":17680.633,"Actual Rows":485009,"Actual Loops":1,"Output":["supplier.su_nationkey","order_line.ol_amount","order_line.ol_w_id","order_line.ol_d_id","order_line.ol_o_id","n1.n_name"],"Inner Unique":false,"Hash Cond":"((order_line.ol_supply_w_id = stock.s_w_id) AND (order_line.ol_i_id = stock.s_i_id))","Shared Hit Blocks":54674,"Shared Read Blocks":0,"Shared Dirtied Blocks":0,"Shared Written Blocks":0,"Local Hit Blocks":0,"Local Read Blocks":0,"Local Dirtied Blocks":0,"Local Written Blocks":0,"Temp Read Blocks":81853,"Temp Written Blocks":81853,"I/O Read Time":0.0,"I/O Write Time":0.0,"Temp I/O Read Time":124.829,"Temp I/O Write Time":350.736,"Plans":[{"Node Type":"Append","Parent Relationship":"Outer","Parallel Aware":false,"Async Capable":false,"Startup Cost":20.0,"Total Cost":1550642.51,"Plan Rows":17536869,"Plan Width":22,"Actual Startup Time":6.176,"Actual Total Time":5828.713,"Actual Rows":16894821,"Actual Loops":1,"Shared Hit Blocks":0,"Shared Read Blocks":0,"Shared Dirtied Blocks":0,"Shared Written Blocks":0,"Local Hit Blocks":0,"Local Read Blocks":0,"Local Dirtied Blocks":0,"Local Written Blocks":0,"Temp Read Blocks":0,"Temp Written Blocks":0,"I/O Read Time":0.0,"I/O Write Time":0.0,"Temp I/O Read Time":0.0,"Temp I/O Write Time":0.0,"Subplans Removed":0,"Plans":[{"Node Type":"Custom Scan","Parent Relationship":"Member","Custom Plan Provider":"columnar scan","Parallel Aware":false,"Async Capable":false,"Relation Name":"order_line","Schema":"public","Alias":"order_line","Startup Cost":20.0,"Total Cost":482285.56,"Plan Rows":17536851,"Plan Width":22,"Actual Startup Time":6.172,"Actual Total Time":4647.104,"Actual Rows":16894821,"Actual Loops":1,"Output":["order_line.ol_amount","order_line.ol_supply_w_id","order_line.ol_i_id","order_line.ol_w_id","order_line.ol_d_id","order_line.ol_o_id"],"Filter":"((order_line.ol_delivery_d <= '1997-01-01 20:10:02.27764'::timestamp without time zone) AND (order_line.ol_delivery_d >= '1995-01-02 20:10:02.27764'::timestamp without time zone))","Rows Removed by Filter":0,"Rows Removed by Columnar Filter":43098940,"Rows Filtered by Bloom Filter":0,"Dictionary Rows Filtered by Bloom Filter":857915,"Columnar cache search mode":"native","Shared Hit Blocks":0,"Shared Read Blocks":0,"Shared Dirtied Blocks":0,"Shared Written Blocks":0,"Local Hit Blocks":0,"Local Read Blocks":0,"Local Dirtied Blocks":0,"Local Written Blocks":0,"Temp Read Blocks":0,"Temp Written Blocks":0,"I/O Read Time":0.0,"I/O Write Time":0.0,"Temp I/O Read Time":0.0,"Temp I/O Write Time":0.0},{"Node Type":"Seq Scan","Parent Relationship":"Member","Parallel Aware":false,"Async Capable":false,"Relation Name":"order_line","Schema":"public","Alias":"order_line","Startup Cost":0.0,"Total Cost":4.95,"Plan Rows":18,"Plan Width":22,"Actual Startup Time":0.0,"Actual Total Time":0.0,"Actual Rows":0,"Actual Loops":0,"Output":["order_line.ol_amount","order_line.ol_supply_w_id","order_line.ol_i_id","order_line.ol_w_id","order_line.ol_d_id","order_line.ol_o_id"],"Filter":"((order_line.ol_delivery_d <= '1997-01-01 20:10:02.27764'::timestamp without time zone) AND (order_line.ol_delivery_d >= '1995-01-02 20:10:02.27764'::timestamp without time zone))","Rows Removed by Filter":0,"Shared Hit Blocks":0,"Shared Read Blocks":0,"Shared Dirtied Blocks":0,"Shared Written Blocks":0,"Local Hit Blocks":0,"Local Read Blocks":0,"Local Dirtied Blocks":0,"Local Written Blocks":0,"Temp Read Blocks":0,"Temp Written Blocks":0,"I/O Read Time":0.0,"I/O Write Time":0.0,"Temp I/O Read Time":0.0,"Temp I/O Write Time":0.0}]},{"Node Type":"Hash","Parent Relationship":"Inner","Parallel Aware":false,"Async Capable":false,"Startup Cost":633326.26,"Total Cost":633326.26,"Plan Rows":645168,"Plan Width":18,"Actual Startup Time":6684.754,"Actual Total Time":6684.767,"Actual Rows":566400,"Actual Loops":1,"Output":["supplier.su_nationkey","stock.s_w_id","stock.s_i_id","n1.n_name"],"Hash Buckets":131072,"Original Hash Buckets":131072,"Hash Batches":8,"Original Hash Batches":8,"Peak Memory Usage":4646,"Shared Hit Blocks":54674,"Shared Read Blocks":0,"Shared Dirtied Blocks":0,"Shared Written Blocks":0,"Local Hit Blocks":0,"Local Read Blocks":0,"Local Dirtied Blocks":0,"Local Written Blocks":0,"Temp Read Blocks":0,"Temp Written Blocks":2445,"I/O Read Time":0.0,"I/O Write Time":0.0,"Temp I/O Read Time":0.0,"Temp I/O Write Time":13.553,"Plans":[{"Node Type":"Hash Join","Parent Relationship":"Outer","Parallel Aware":false,"Async Capable":false,"Join Type":"Inner","Startup Cost":346.42,"Total Cost":633326.26,"Plan Rows":645168,"Plan Width":18,"Actual Startup Time":3.176,"Actual Total Time":6535.423,"Actual Rows":566400,"Actual Loops":1,"Output":["supplier.su_nationkey","stock.s_w_id","stock.s_i_id","n1.n_name"],"Inner Unique":true,"Hash Cond":"(supplier.su_nationkey = n1.n_nationkey)","Shared Hit Blocks":54674,"Shared Read Blocks":0,"Shared Dirtied Blocks":0,"Shared Written Blocks":0,"Local Hit Blocks":0,"Local Read Blocks":0,"Local Dirtied Blocks":0,"Local Written Blocks":0,"Temp Read Blocks":0,"Temp Written Blocks":0,"I/O Read Time":0.0,"I/O Write Time":0.0,"Temp I/O Read Time":0.0,"Temp I/O Write Time":0.0,"Plans":[{"Node Type":"Hash Join","Parent Relationship":"Outer","Parallel Aware":false,"Async Capable":false,"Join Type":"Inner","Startup Cost":344.46,"Total Cost":577235.0,"Plan Rows":20000212,"Plan Width":10,"Actual Startup Time":3.125,"Actual Total Time":5202.88,"Actual Rows":20000000,"Actual Loops":1,"Output":["supplier.su_nationkey","stock.s_w_id","stock.s_i_id"],"Inner Unique":true,"Hash Cond":"(mod((stock.s_w_id * stock.s_i_id), 10000) = supplier.su_suppkey)","Shared Hit Blocks":54673,"Shared Read Blocks":0,"Shared Dirtied Blocks":0,"Shared Written Blocks":0,"Local Hit Blocks":0,"Local Read Blocks":0,"Local Dirtied Blocks":0,"Local Written Blocks":0,"Temp Read Blocks":0,"Temp Written Blocks":0,"I/O Read Time":0.0,"I/O Write Time":0.0,"Temp I/O Read Time":0.0,"Temp I/O Write Time":0.0,"Plans":[{"Node Type":"Index Only Scan","Parent Relationship":"Outer","Parallel Aware":false,"Async Capable":false,"Scan Direction":"Forward","Index Name":"stock_pk","Relation Name":"stock","Schema":"public","Alias":"stock","Startup Cost":0.44,"Total Cost":519363.62,"Plan Rows":20000212,"Plan Width":6,"Actual Startup Time":0.035,"Actual Total Time":1537.951,"Actual Rows":20000000,"Actual Loops":1,"Output":["stock.s_w_id","stock.s_i_id"],"Heap Fetches":0,"Shared Hit Blocks":54673,"Shared Read Blocks":0,"Shared Dirtied Blocks":0,"Shared Written Blocks":0,"Local Hit Blocks":0,"Local Read Blocks":0,"Local Dirtied Blocks":0,"Local Written Blocks":0,"Temp Read Blocks":0,"Temp Written Blocks":0,"I/O Read Time":0.0,"I/O Write Time":0.0,"Temp I/O Read Time":0.0,"Temp I/O Write Time":0.0},{"Node Type":"Hash","Parent Relationship":"Inner","Parallel Aware":false,"Async Capable":false,"Startup Cost":219.01,"Total Cost":219.01,"Plan Rows":10001,"Plan Width":8,"Actual Startup Time":3.038,"Actual Total Time":3.041,"Actual Rows":10000,"Actual Loops":1,"Output":["supplier.su_nationkey","supplier.su_suppkey"],"Hash Buckets":16384,"Original Hash Buckets":16384,"Hash Batches":1,"Original Hash Batches":1,"Peak Memory Usage":519,"Shared Hit Blocks":0,"Shared Read Blocks":0,"Shared Dirtied Blocks":0,"Shared Written Blocks":0,"Local Hit Blocks":0,"Local Read Blocks":0,"Local Dirtied Blocks":0,"Local Written Blocks":0,"Temp Read Blocks":0,"Temp Written Blocks":0,"I/O Read Time":0.0,"I/O Write Time":0.0,"Temp I/O Read Time":0.0,"Temp I/O Write Time":0.0,"Plans":[{"Node Type":"Append","Parent Relationship":"Outer","Parallel Aware":false,"Async Capable":false,"Startup Cost":20.0,"Total Cost":219.01,"Plan Rows":10001,"Plan Width":8,"Actual Startup Time":0.036,"Actual Total Time":1.822,"Actual Rows":10000,"Actual Loops":1,"Shared Hit Blocks":0,"Shared Read Blocks":0,"Shared Dirtied Blocks":0,"Shared Written Blocks":0,"Local Hit Blocks":0,"Local Read Blocks":0,"Local Dirtied Blocks":0,"Local Written Blocks":0,"Temp Read Blocks":0,"Temp Written Blocks":0,"I/O Read Time":0.0,"I/O Write Time":0.0,"Temp I/O Read Time":0.0,"Temp I/O Write Time":0.0,"Subplans Removed":0,"Plans":[{"Node Type":"Custom Scan","Parent Relationship":"Member","Custom Plan Provider":"columnar scan","Parallel Aware":false,"Async Capable":false,"Relation Name":"supplier","Schema":"public","Alias":"supplier","Startup Cost":20.0,"Total Cost":215.0,"Plan Rows":10000,"Plan Width":8,"Actual Startup Time":0.034,"Actual Total Time":1.117,"Actual Rows":10000,"Actual Loops":1,"Output":["supplier.su_nationkey","supplier.su_suppkey"],"Rows Removed by Columnar Filter":0,"Columnar cache search mode":"native","Shared Hit Blocks":0,"Shared Read Blocks":0,"Shared Dirtied Blocks":0,"Shared Written Blocks":0,"Local Hit Blocks":0,"Local Read Blocks":0,"Local Dirtied Blocks":0,"Local Written Blocks":0,"Temp Read Blocks":0,"Temp Written Blocks":0,"I/O Read Time":0.0,"I/O Write Time":0.0,"Temp I/O Read Time":0.0,"Temp I/O Write Time":0.0},{"Node Type":"Seq Scan","Parent Relationship":"Member","Parallel Aware":false,"Async Capable":false,"Relation Name":"supplier","Schema":"public","Alias":"supplier","Startup Cost":0.0,"Total Cost":4.01,"Plan Rows":1,"Plan Width":8,"Actual Startup Time":0.0,"Actual Total Time":0.0,"Actual Rows":0,"Actual Loops":0,"Output":["supplier.su_nationkey","supplier.su_suppkey"],"Shared Hit Blocks":0,"Shared Read Blocks":0,"Shared Dirtied Blocks":0,"Shared Written Blocks":0,"Local Hit Blocks":0,"Local Read Blocks":0,"Local Dirtied Blocks":0,"Local Written Blocks":0,"Temp Read Blocks":0,"Temp Written Blocks":0,"I/O Read Time":0.0,"I/O Write Time":0.0,"Temp I/O Read Time":0.0,"Temp I/O Write Time":0.0}]}]}]},{"Node Type":"Hash","Parent Relationship":"Inner","Parallel Aware":false,"Async Capable":false,"Startup Cost":1.93,"Total Cost":1.93,"Plan Rows":2,"Plan Width":12,"Actual Startup Time":0.036,"Actual Total Time":0.039,"Actual Rows":2,"Actual Loops":1,"Output":["n1.n_nationkey","n1.n_name"],"Hash Buckets":1024,"Original Hash Buckets":1024,"Hash Batches":1,"Original Hash Batches":1,"Peak Memory Usage":9,"Shared Hit Blocks":1,"Shared Read Blocks":0,"Shared Dirtied Blocks":0,"Shared Written Blocks":0,"Local Hit Blocks":0,"Local Read Blocks":0,"Local Dirtied Blocks":0,"Local Written Blocks":0,"Temp Read Blocks":0,"Temp Written Blocks":0,"I/O Read Time":0.0,"I/O Write Time":0.0,"Temp I/O Read Time":0.0,"Temp I/O Write Time":0.0,"Plans":[{"Node Type":"Seq Scan","Parent Relationship":"Outer","Parallel Aware":false,"Async Capable":false,"Relation Name":"nation","Schema":"public","Alias":"n1","Startup Cost":0.0,"Total Cost":1.93,"Plan Rows":2,"Plan Width":12,"Actual Startup Time":0.026,"Actual Total Time":0.031,"Actual Rows":2,"Actual Loops":1,"Output":["n1.n_nationkey","n1.n_name"],"Filter":"(((n1.n_name)::text = 'Germany'::text) OR ((n1.n_name)::text = 'Cambodia'::text))","Rows Removed by Filter":60,"Shared Hit Blocks":1,"Shared Read Blocks":0,"Shared Dirtied Blocks":0,"Shared Written Blocks":0,"Local Hit Blocks":0,"Local Read Blocks":0,"Local Dirtied Blocks":0,"Local Written Blocks":0,"Temp Read Blocks":0,"Temp Written Blocks":0,"I/O Read Time":0.0,"I/O Write Time":0.0,"Temp I/O Read Time":0.0,"Temp I/O Write Time":0.0}]}]}]}]},{"Node Type":"Hash","Parent Relationship":"Inner","Parallel Aware":false,"Async Capable":false,"Startup Cost":119121.6,"Total Cost":119121.6,"Plan Rows":5996324,"Plan Width":24,"Actual Startup Time":1803.878,"Actual Total Time":1803.88,"Actual Rows":5995789,"Actual Loops":1,"Output":["orders.o_entry_d","orders.o_w_id","orders.o_d_id","orders.o_id","orders.o_c_id"],"Hash Buckets":131072,"Original Hash Buckets":131072,"Hash Batches":64,"Original Hash Batches":64,"Peak Memory Usage":6496,"Shared Hit Blocks":44122,"Shared Read Blocks":0,"Shared Dirtied Blocks":0,"Shared Written Blocks":0,"Local Hit Blocks":0,"Local Read Blocks":0,"Local Dirtied Blocks":0,"Local Written Blocks":0,"Temp Read Blocks":0,"Temp Written Blocks":34552,"I/O Read Time":0.0,"I/O Write Time":0.0,"Temp I/O Read Time":0.0,"Temp I/O Write Time":153.093,"Plans":[{"Node Type":"Seq Scan","Parent Relationship":"Outer","Parallel Aware":false,"Async Capable":false,"Relation Name":"orders","Schema":"public","Alias":"orders","Startup Cost":0.0,"Total Cost":119121.6,"Plan Rows":5996324,"Plan Width":24,"Actual Startup Time":0.016,"Actual Total Time":732.796,"Actual Rows":5995789,"Actual Loops":1,"Output":["orders.o_entry_d","orders.o_w_id","orders.o_d_id","orders.o_id","orders.o_c_id"],"Filter":"(orders.o_entry_d >= '1992-01-02 20:10:02.27764'::timestamp without time zone)","Rows Removed by Filter":4211,"Shared Hit Blocks":44122,"Shared Read Blocks":0,"Shared Dirtied Blocks":0,"Shared Written Blocks":0,"Local Hit Blocks":0,"Local Read Blocks":0,"Local Dirtied Blocks":0,"Local Written Blocks":0,"Temp Read Blocks":0,"Temp Written Blocks":0,"I/O Read Time":0.0,"I/O Write Time":0.0,"Temp I/O Read Time":0.0,"Temp I/O Write Time":0.0}]}]}]},{"Node Type":"Materialize","Parent Relationship":"Inner","Parallel Aware":false,"Async Capable":false,"Startup Cost":557789.1,"Total Cost":558756.87,"Plan Rows":193553,"Plan Width":20,"Actual Startup Time":2483.963,"Actual Total Time":2557.407,"Actual Rows":293066,"Actual Loops":1,"Output":["customer.c_nationkey","customer.c_id","customer.c_w_id","customer.c_d_id","n2.n_name"],"Shared Hit Blocks":459991,"Shared Read Blocks":0,"Shared Dirtied Blocks":0,"Shared Written Blocks":0,"Local Hit Blocks":0,"Local Read Blocks":0,"Local Dirtied Blocks":0,"Local Written Blocks":0,"Temp Read Blocks":1090,"Temp Written Blocks":1096,"I/O Read Time":0.0,"I/O Write Time":0.0,"Temp I/O Read Time":1.636,"Temp I/O Write Time":4.63,"Plans":[{"Node Type":"Sort","Parent Relationship":"Outer","Parallel Aware":false,"Async Capable":false,"Startup Cost":557789.1,"Total Cost":558272.98,"Plan Rows":193553,"Plan Width":20,"Actual Startup Time":2483.947,"Actual Total Time":2525.365,"Actual Rows":289967,"Actual Loops":1,"Output":["customer.c_nationkey","customer.c_id","customer.c_w_id","customer.c_d_id","n2.n_name"],"Sort Key":["customer.c_id","customer.c_w_id","customer.c_d_id"],"Sort Method":"external merge","Sort Space Used":8720,"Sort Space Type":"Disk","Shared Hit Blocks":459991,"Shared Read Blocks":0,"Shared Dirtied Blocks":0,"Shared Written Blocks":0,"Local Hit Blocks":0,"Local Read Blocks":0,"Local Dirtied Blocks":0,"Local Written Blocks":0,"Temp Read Blocks":1090,"Temp Written Blocks":1096,"I/O Read Time":0.0,"I/O Write Time":0.0,"Temp I/O Read Time":1.636,"Temp I/O Write Time":4.63,"Plans":[{"Node Type":"Hash Join","Parent Relationship":"Outer","Parallel Aware":false,"Async Capable":false,"Join Type":"Inner","Startup Cost":1.95,"Total Cost":536820.36,"Plan Rows":193553,"Plan Width":20,"Actual Startup Time":0.158,"Actual Total Time":2367.301,"Actual Rows":289972,"Actual Loops":1,"Output":["customer.c_nationkey","customer.c_id","customer.c_w_id","customer.c_d_id","n2.n_name"],"Inner Unique":true,"Hash Cond":"(customer.c_nationkey = n2.n_nationkey)","Shared Hit Blocks":459991,"Shared Read Blocks":0,"Shared Dirtied Blocks":0,"Shared Written Blocks":0,"Local Hit Blocks":0,"Local Read Blocks":0,"Local Dirtied Blocks":0,"Local Written Blocks":0,"Temp Read Blocks":0,"Temp Written Blocks":0,"I/O Read Time":0.0,"I/O Write Time":0.0,"Temp I/O Read Time":0.0,"Temp I/O Write Time":0.0,"Plans":[{"Node Type":"Seq Scan","Parent Relationship":"Outer","Parallel Aware":false,"Async Capable":false,"Relation Name":"customer","Schema":"public","Alias":"customer","Startup Cost":0.0,"Total Cost":519991.4,"Plan Rows":6000140,"Plan Width":12,"Actual Startup Time":0.042,"Actual Total Time":797.641,"Actual Rows":6000000,"Actual Loops":1,"Output":["customer.c_id","customer.c_d_id","customer.c_w_id","customer.c_nationkey","customer.c_first","customer.c_middle","customer.c_last","customer.c_street_1","customer.c_street_2","customer.c_city","customer.c_state","customer.c_zip","customer.c_phone","customer.c_since","customer.c_credit","customer.c_credit_lim","customer.c_discount","customer.c_balance","customer.c_ytd_payment","customer.c_payment_cnt","customer.c_delivery_cnt","customer.c_data"],"Shared Hit Blocks":459990,"Shared Read Blocks":0,"Shared Dirtied Blocks":0,"Shared Written Blocks":0,"Local Hit Blocks":0,"Local Read Blocks":0,"Local Dirtied Blocks":0,"Local Written Blocks":0,"Temp Read Blocks":0,"Temp Written Blocks":0,"I/O Read Time":0.0,"I/O Write Time":0.0,"Temp I/O Read Time":0.0,"Temp I/O Write Time":0.0},{"Node Type":"Hash","Parent Relationship":"Inner","Parallel Aware":false,"Async Capable":false,"Startup Cost":1.93,"Total Cost":1.93,"Plan Rows":2,"Plan Width":12,"Actual Startup Time":0.055,"Actual Total Time":0.057,"Actual Rows":2,"Actual Loops":1,"Output":["n2.n_nationkey","n2.n_name"],"Hash Buckets":1024,"Original Hash Buckets":1024,"Hash Batches":1,"Original Hash Batches":1,"Peak Memory Usage":9,"Shared Hit Blocks":1,"Shared Read Blocks":0,"Shared Dirtied Blocks":0,"Shared Written Blocks":0,"Local Hit Blocks":0,"Local Read Blocks":0,"Local Dirtied Blocks":0,"Local Written Blocks":0,"Temp Read Blocks":0,"Temp Written Blocks":0,"I/O Read Time":0.0,"I/O Write Time":0.0,"Temp I/O Read Time":0.0,"Temp I/O Write Time":0.0,"Plans":[{"Node Type":"Seq Scan","Parent Relationship":"Outer","Parallel Aware":false,"Async Capable":false,"Relation Name":"nation","Schema":"public","Alias":"n2","Startup Cost":0.0,"Total Cost":1.93,"Plan Rows":2,"Plan Width":12,"Actual Startup Time":0.026,"Actual Total Time":0.041,"Actual Rows":2,"Actual Loops":1,"Output":["n2.n_nationkey","n2.n_name"],"Filter":"(((n2.n_name)::text = 'Cambodia'::text) OR ((n2.n_name)::text = 'Germany'::text))","Rows Removed by Filter":60,"Shared Hit Blocks":1,"Shared Read Blocks":0,"Shared Dirtied Blocks":0,"Shared Written Blocks":0,"Local Hit Blocks":0,"Local Read Blocks":0,"Local Dirtied Blocks":0,"Local Written Blocks":0,"Temp Read Blocks":0,"Temp Written Blocks":0,"I/O Read Time":0.0,"I/O Write Time":0.0,"Temp I/O Read Time":0.0,"Temp I/O Write Time":0.0}]}]}]}]}]}]}]},"Planning":{"Shared Hit Blocks":152,"Shared Read Blocks":0,"Shared Dirtied Blocks":0,"Shared Written Blocks":0,"Local Hit Blocks":0,"Local Read Blocks":0,"Local Dirtied Blocks":0,"Local Written Blocks":0,"Temp Read Blocks":0,"Temp Written Blocks":0,"I/O Read Time":0.0,"I/O Write Time":0.0,"Temp I/O Read Time":0.0,"Temp I/O Write Time":0.0},"Planning Time":3.073,"Triggers":[],"Execution Time":23781.598}]
[列存组合]: nation, orders, stock
[{"Plan":{"Node Type":"Aggregate","Strategy":"Sorted","Partial Mode":"Simple","Parallel Aware":false,"Async Capable":false,"Startup Cost":3780962.37,"Total Cost":3781217.19,"Plan Rows":9266,"Plan Width":72,"Actual Startup Time":23254.317,"Actual Total Time":23256.876,"Actual Rows":6,"Actual Loops":1,"Output":["supplier.su_nationkey","customer.c_nationkey","(EXTRACT(year FROM orders.o_entry_d))","sum(order_line.ol_amount)"],"Group Key":["supplier.su_nationkey","customer.c_nationkey","(EXTRACT(year FROM orders.o_entry_d))"],"Shared Hit Blocks":1240752,"Shared Read Blocks":0,"Shared Dirtied Blocks":0,"Shared Written Blocks":0,"Local Hit Blocks":0,"Local Read Blocks":0,"Local Dirtied Blocks":0,"Local Written Blocks":0,"Temp Read Blocks":124799,"Temp Written Blocks":124817,"I/O Read Time":0.0,"I/O Write Time":0.0,"Temp I/O Read Time":216.72,"Temp I/O Write Time":552.567,"Plans":[{"Node Type":"Sort","Parent Relationship":"Outer","Parallel Aware":false,"Async Capable":false,"Startup Cost":3780962.37,"Total Cost":3780985.54,"Plan Rows":9266,"Plan Width":44,"Actual Startup Time":23254.209,"Actual Total Time":23254.74,"Actual Rows":12121,"Actual Loops":1,"Output":["supplier.su_nationkey","customer.c_nationkey","(EXTRACT(year FROM orders.o_entry_d))","order_line.ol_amount"],"Sort Key":["supplier.su_nationkey","customer.c_nationkey","(EXTRACT(year FROM orders.o_entry_d))"],"Sort Method":"quicksort","Sort Space Used":1047,"Sort Space Type":"Memory","Shared Hit Blocks":1240752,"Shared Read Blocks":0,"Shared Dirtied Blocks":0,"Shared Written Blocks":0,"Local Hit Blocks":0,"Local Read Blocks":0,"Local Dirtied Blocks":0,"Local Written Blocks":0,"Temp Read Blocks":124799,"Temp Written Blocks":124817,"I/O Read Time":0.0,"I/O Write Time":0.0,"Temp I/O Read Time":216.72,"Temp I/O Write Time":552.567,"Plans":[{"Node Type":"Merge Join","Parent Relationship":"Outer","Parallel Aware":false,"Async Capable":false,"Join Type":"Inner","Startup Cost":3771892.02,"Total Cost":3780351.85,"Plan Rows":9266,"Plan Width":44,"Actual Startup Time":22911.371,"Actual Total Time":23251.115,"Actual Rows":12121,"Actual Loops":1,"Output":["supplier.su_nationkey","customer.c_nationkey","EXTRACT(year FROM orders.o_entry_d)","order_line.ol_amount"],"Inner Unique":false,"Merge Cond":"((orders.o_c_id = customer.c_id) AND (order_line.ol_w_id = customer.c_w_id) AND (order_line.ol_d_id = customer.c_d_id))","Join Filter":"((((n1.n_name)::text = 'Germany'::text) AND ((n2.n_name)::text = 'Cambodia'::text)) OR (((n1.n_name)::text = 'Cambodia'::text) AND ((n2.n_name)::text = 'Germany'::text)))","Rows Removed by Join Filter":11453,"Shared Hit Blocks":1240752,"Shared Read Blocks":0,"Shared Dirtied Blocks":0,"Shared Written Blocks":0,"Local Hit Blocks":0,"Local Read Blocks":0,"Local Dirtied Blocks":0,"Local Written Blocks":0,"Temp Read Blocks":124799,"Temp Written Blocks":124817,"I/O Read Time":0.0,"I/O Write Time":0.0,"Temp I/O Read Time":216.72,"Temp I/O Write Time":552.567,"Plans":[{"Node Type":"Sort","Parent Relationship":"Outer","Parallel Aware":false,"Async Capable":false,"Startup Cost":3214102.73,"Total Cost":3215516.13,"Plan Rows":565362,"Plan Width":36,"Actual Startup Time":20671.826,"Actual Total Time":20843.711,"Actual Rows":485009,"Actual Loops":1,"Output":["supplier.su_nationkey","order_line.ol_amount","order_line.ol_w_id","order_line.ol_d_id","orders.o_entry_d","orders.o_w_id","orders.o_d_id","orders.o_c_id","n1.n_name"],"Sort Key":["orders.o_c_id","order_line.ol_w_id","order_line.ol_d_id"],"Sort Method":"external merge","Sort Space Used":24000,"Sort Space Type":"Disk","Shared Hit Blocks":780761,"Shared Read Blocks":0,"Shared Dirtied Blocks":0,"Shared Written Blocks":0,"Local Hit Blocks":0,"Local Read Blocks":0,"Local Dirtied Blocks":0,"Local Written Blocks":0,"Temp Read Blocks":123709,"Temp Written Blocks":123721,"I/O Read Time":0.0,"I/O Write Time":0.0,"Temp I/O Read Time":215.101,"Temp I/O Write Time":548.07,"Plans":[{"Node Type":"Hash Join","Parent Relationship":"Outer","Parallel Aware":false,"Async Capable":false,"Join Type":"Inner","Startup Cost":906075.03,"Total Cost":3144626.23,"Plan Rows":565362,"Plan Width":36,"Actual Startup Time":8454.49,"Actual Total Time":20303.667,"Actual Rows":485009,"Actual Loops":1,"Output":["supplier.su_nationkey","order_line.ol_amount","order_line.ol_w_id","order_line.ol_d_id","orders.o_entry_d","orders.o_w_id","orders.o_d_id","orders.o_c_id","n1.n_name"],"Inner Unique":true,"Hash Cond":"((order_line.ol_w_id = orders.o_w_id) AND (order_line.ol_d_id = orders.o_d_id) AND (order_line.ol_o_id = orders.o_id))","Shared Hit Blocks":780761,"Shared Read Blocks":0,"Shared Dirtied Blocks":0,"Shared Written Blocks":0,"Local Hit Blocks":0,"Local Read Blocks":0,"Local Dirtied Blocks":0,"Local Written Blocks":0,"Temp Read Blocks":120709,"Temp Written Blocks":120709,"I/O Read Time":0.0,"I/O Write Time":0.0,"Temp I/O Read Time":210.671,"Temp I/O Write Time":531.934,"Plans":[{"Node Type":"Hash Join","Parent Relationship":"Outer","Parallel Aware":false,"Async Capable":false,"Join Type":"Inner","Startup Cost":646882.76,"Total Cost":2838108.04,"Plan Rows":565705,"Plan Width":28,"Actual Startup Time":6631.776,"Actual Total Time":17534.368,"Actual Rows":485009,"Actual Loops":1,"Output":["supplier.su_nationkey","order_line.ol_amount","order_line.ol_w_id","order_line.ol_d_id","order_line.ol_o_id","n1.n_name"],"Inner Unique":false,"Hash Cond":"((order_line.ol_supply_w_id = stock.s_w_id) AND (order_line.ol_i_id = stock.s_i_id))","Shared Hit Blocks":736639,"Shared Read Blocks":0,"Shared Dirtied Blocks":0,"Shared Written Blocks":0,"Local Hit Blocks":0,"Local Read Blocks":0,"Local Dirtied Blocks":0,"Local Written Blocks":0,"Temp Read Blocks":83003,"Temp Written Blocks":83003,"I/O Read Time":0.0,"I/O Write Time":0.0,"Temp I/O Read Time":129.54,"Temp I/O Write Time":352.917,"Plans":[{"Node Type":"Seq Scan","Parent Relationship":"Outer","Parallel Aware":false,"Async Capable":false,"Relation Name":"order_line","Schema":"public","Alias":"order_line","Startup Cost":0.0,"Total Cost":1581655.36,"Plan Rows":17536869,"Plan Width":22,"Actual Startup Time":6.531,"Actual Total Time":5724.989,"Actual Rows":17139931,"Actual Loops":1,"Output":["order_line.ol_amount","order_line.ol_supply_w_id","order_line.ol_i_id","order_line.ol_w_id","order_line.ol_d_id","order_line.ol_o_id"],"Filter":"((order_line.ol_delivery_d >= '1995-01-02 20:10:02.27764'::timestamp without time zone) AND (order_line.ol_delivery_d <= '1997-01-01 20:10:02.27764'::timestamp without time zone))","Rows Removed by Filter":42853830,"Shared Hit Blocks":681748,"Shared Read Blocks":0,"Shared Dirtied Blocks":0,"Shared Written Blocks":0,"Local Hit Blocks":0,"Local Read Blocks":0,"Local Dirtied Blocks":0,"Local Written Blocks":0,"Temp Read Blocks":0,"Temp Written Blocks":0,"I/O Read Time":0.0,"I/O Write Time":0.0,"Temp I/O Read Time":0.0,"Temp I/O Write Time":0.0},{"Node Type":"Hash","Parent Relationship":"Inner","Parallel Aware":false,"Async Capable":false,"Startup Cost":633424.24,"Total Cost":633424.24,"Plan Rows":645168,"Plan Width":18,"Actual Startup Time":6624.603,"Actual Total Time":6624.615,"Actual Rows":566400,"Actual Loops":1,"Output":["supplier.su_nationkey","stock.s_w_id","stock.s_i_id","n1.n_name"],"Hash Buckets":131072,"Original Hash Buckets":131072,"Hash Batches":8,"Original Hash Batches":8,"Peak Memory Usage":4646,"Shared Hit Blocks":54891,"Shared Read Blocks":0,"Shared Dirtied Blocks":0,"Shared Written Blocks":0,"Local Hit Blocks":0,"Local Read Blocks":0,"Local Dirtied Blocks":0,"Local Written Blocks":0,"Temp Read Blocks":0,"Temp Written Blocks":2445,"I/O Read Time":0.0,"I/O Write Time":0.0,"Temp I/O Read Time":0.0,"Temp I/O Write Time":13.052,"Plans":[{"Node Type":"Hash Join","Parent Relationship":"Outer","Parallel Aware":false,"Async Capable":false,"Join Type":"Inner","Startup Cost":444.39,"Total Cost":633424.24,"Plan Rows":645168,"Plan Width":18,"Actual Startup Time":2.619,"Actual Total Time":6518.074,"Actual Rows":566400,"Actual Loops":1,"Output":["supplier.su_nationkey","stock.s_w_id","stock.s_i_id","n1.n_name"],"Inner Unique":true,"Hash Cond":"(supplier.su_nationkey = n1.n_nationkey)","Shared Hit Blocks":54891,"Shared Read Blocks":0,"Shared Dirtied Blocks":0,"Shared Written Blocks":0,"Local Hit Blocks":0,"Local Read Blocks":0,"Local Dirtied Blocks":0,"Local Written Blocks":0,"Temp Read Blocks":0,"Temp Written Blocks":0,"I/O Read Time":0.0,"I/O Write Time":0.0,"Temp I/O Read Time":0.0,"Temp I/O Write Time":0.0,"Plans":[{"Node Type":"Hash Join","Parent Relationship":"Outer","Parallel Aware":false,"Async Capable":false,"Join Type":"Inner","Startup Cost":442.44,"Total Cost":577332.98,"Plan Rows":20000212,"Plan Width":10,"Actual Startup Time":2.587,"Actual Total Time":5208.926,"Actual Rows":20000000,"Actual Loops":1,"Output":["supplier.su_nationkey","stock.s_w_id","stock.s_i_id"],"Inner Unique":true,"Hash Cond":"(mod((stock.s_w_id * stock.s_i_id), 10000) = supplier.su_suppkey)","Shared Hit Blocks":54890,"Shared Read Blocks":0,"Shared Dirtied Blocks":0,"Shared Written Blocks":0,"Local Hit Blocks":0,"Local Read Blocks":0,"Local Dirtied Blocks":0,"Local Written Blocks":0,"Temp Read Blocks":0,"Temp Written Blocks":0,"I/O Read Time":0.0,"I/O Write Time":0.0,"Temp I/O Read Time":0.0,"Temp I/O Write Time":0.0,"Plans":[{"Node Type":"Index Only Scan","Parent Relationship":"Outer","Parallel Aware":false,"Async Capable":false,"Scan Direction":"Forward","Index Name":"stock_pk","Relation Name":"stock","Schema":"public","Alias":"stock","Startup Cost":0.44,"Total Cost":519363.62,"Plan Rows":20000212,"Plan Width":6,"Actual Startup Time":0.021,"Actual Total Time":1519.201,"Actual Rows":20000000,"Actual Loops":1,"Output":["stock.s_w_id","stock.s_i_id"],"Heap Fetches":0,"Shared Hit Blocks":54673,"Shared Read Blocks":0,"Shared Dirtied Blocks":0,"Shared Written Blocks":0,"Local Hit Blocks":0,"Local Read Blocks":0,"Local Dirtied Blocks":0,"Local Written Blocks":0,"Temp Read Blocks":0,"Temp Written Blocks":0,"I/O Read Time":0.0,"I/O Write Time":0.0,"Temp I/O Read Time":0.0,"Temp I/O Write Time":0.0},{"Node Type":"Hash","Parent Relationship":"Inner","Parallel Aware":false,"Async Capable":false,"Startup Cost":317.0,"Total Cost":317.0,"Plan Rows":10000,"Plan Width":8,"Actual Startup Time":2.499,"Actual Total Time":2.501,"Actual Rows":10000,"Actual Loops":1,"Output":["supplier.su_nationkey","supplier.su_suppkey"],"Hash Buckets":16384,"Original Hash Buckets":16384,"Hash Batches":1,"Original Hash Batches":1,"Peak Memory Usage":519,"Shared Hit Blocks":217,"Shared Read Blocks":0,"Shared Dirtied Blocks":0,"Shared Written Blocks":0,"Local Hit Blocks":0,"Local Read Blocks":0,"Local Dirtied Blocks":0,"Local Written Blocks":0,"Temp Read Blocks":0,"Temp Written Blocks":0,"I/O Read Time":0.0,"I/O Write Time":0.0,"Temp I/O Read Time":0.0,"Temp I/O Write Time":0.0,"Plans":[{"Node Type":"Seq Scan","Parent Relationship":"Outer","Parallel Aware":false,"Async Capable":false,"Relation Name":"supplier","Schema":"public","Alias":"supplier","Startup Cost":0.0,"Total Cost":317.0,"Plan Rows":10000,"Plan Width":8,"Actual Startup Time":0.009,"Actual Total Time":1.283,"Actual Rows":10000,"Actual Loops":1,"Output":["supplier.su_nationkey","supplier.su_suppkey"],"Shared Hit Blocks":217,"Shared Read Blocks":0,"Shared Dirtied Blocks":0,"Shared Written Blocks":0,"Local Hit Blocks":0,"Local Read Blocks":0,"Local Dirtied Blocks":0,"Local Written Blocks":0,"Temp Read Blocks":0,"Temp Written Blocks":0,"I/O Read Time":0.0,"I/O Write Time":0.0,"Temp I/O Read Time":0.0,"Temp I/O Write Time":0.0}]}]},{"Node Type":"Hash","Parent Relationship":"Inner","Parallel Aware":false,"Async Capable":false,"Startup Cost":1.93,"Total Cost":1.93,"Plan Rows":2,"Plan Width":12,"Actual Startup Time":0.02,"Actual Total Time":0.023,"Actual Rows":2,"Actual Loops":1,"Output":["n1.n_nationkey","n1.n_name"],"Hash Buckets":1024,"Original Hash Buckets":1024,"Hash Batches":1,"Original Hash Batches":1,"Peak Memory Usage":9,"Shared Hit Blocks":1,"Shared Read Blocks":0,"Shared Dirtied Blocks":0,"Shared Written Blocks":0,"Local Hit Blocks":0,"Local Read Blocks":0,"Local Dirtied Blocks":0,"Local Written Blocks":0,"Temp Read Blocks":0,"Temp Written Blocks":0,"I/O Read Time":0.0,"I/O Write Time":0.0,"Temp I/O Read Time":0.0,"Temp I/O Write Time":0.0,"Plans":[{"Node Type":"Seq Scan","Parent Relationship":"Outer","Parallel Aware":false,"Async Capable":false,"Relation Name":"nation","Schema":"public","Alias":"n1","Startup Cost":0.0,"Total Cost":1.93,"Plan Rows":2,"Plan Width":12,"Actual Startup Time":0.012,"Actual Total Time":0.016,"Actual Rows":2,"Actual Loops":1,"Output":["n1.n_nationkey","n1.n_name"],"Filter":"(((n1.n_name)::text = 'Germany'::text) OR ((n1.n_name)::text = 'Cambodia'::text))","Rows Removed by Filter":60,"Shared Hit Blocks":1,"Shared Read Blocks":0,"Shared Dirtied Blocks":0,"Shared Written Blocks":0,"Local Hit Blocks":0,"Local Read Blocks":0,"Local Dirtied Blocks":0,"Local Written Blocks":0,"Temp Read Blocks":0,"Temp Written Blocks":0,"I/O Read Time":0.0,"I/O Write Time":0.0,"Temp I/O Read Time":0.0,"Temp I/O Write Time":0.0}]}]}]}]},{"Node Type":"Hash","Parent Relationship":"Inner","Parallel Aware":false,"Async Capable":false,"Startup Cost":119121.6,"Total Cost":119121.6,"Plan Rows":5996324,"Plan Width":24,"Actual Startup Time":1811.127,"Actual Total Time":1811.131,"Actual Rows":5995789,"Actual Loops":1,"Output":["orders.o_entry_d","orders.o_w_id","orders.o_d_id","orders.o_id","orders.o_c_id"],"Hash Buckets":131072,"Original Hash Buckets":131072,"Hash Batches":64,"Original Hash Batches":64,"Peak Memory Usage":6496,"Shared Hit Blocks":44122,"Shared Read Blocks":0,"Shared Dirtied Blocks":0,"Shared Written Blocks":0,"Local Hit Blocks":0,"Local Read Blocks":0,"Local Dirtied Blocks":0,"Local Written Blocks":0,"Temp Read Blocks":0,"Temp Written Blocks":34552,"I/O Read Time":0.0,"I/O Write Time":0.0,"Temp I/O Read Time":0.0,"Temp I/O Write Time":160.169,"Plans":[{"Node Type":"Seq Scan","Parent Relationship":"Outer","Parallel Aware":false,"Async Capable":false,"Relation Name":"orders","Schema":"public","Alias":"orders","Startup Cost":0.0,"Total Cost":119121.6,"Plan Rows":5996324,"Plan Width":24,"Actual Startup Time":0.016,"Actual Total Time":731.685,"Actual Rows":5995789,"Actual Loops":1,"Output":["orders.o_entry_d","orders.o_w_id","orders.o_d_id","orders.o_id","orders.o_c_id"],"Filter":"(orders.o_entry_d >= '1992-01-02 20:10:02.27764'::timestamp without time zone)","Rows Removed by Filter":4211,"Shared Hit Blocks":44122,"Shared Read Blocks":0,"Shared Dirtied Blocks":0,"Shared Written Blocks":0,"Local Hit Blocks":0,"Local Read Blocks":0,"Local Dirtied Blocks":0,"Local Written Blocks":0,"Temp Read Blocks":0,"Temp Written Blocks":0,"I/O Read Time":0.0,"I/O Write Time":0.0,"Temp I/O Read Time":0.0,"Temp I/O Write Time":0.0}]}]}]},{"Node Type":"Materialize","Parent Relationship":"Inner","Parallel Aware":false,"Async Capable":false,"Startup Cost":557789.1,"Total Cost":558756.87,"Plan Rows":193553,"Plan Width":20,"Actual Startup Time":2239.473,"Actual Total Time":2311.653,"Actual Rows":293066,"Actual Loops":1,"Output":["customer.c_nationkey","customer.c_id","customer.c_w_id","customer.c_d_id","n2.n_name"],"Shared Hit Blocks":459991,"Shared Read Blocks":0,"Shared Dirtied Blocks":0,"Shared Written Blocks":0,"Local Hit Blocks":0,"Local Read Blocks":0,"Local Dirtied Blocks":0,"Local Written Blocks":0,"Temp Read Blocks":1090,"Temp Written Blocks":1096,"I/O Read Time":0.0,"I/O Write Time":0.0,"Temp I/O Read Time":1.62,"Temp I/O Write Time":4.497,"Plans":[{"Node Type":"Sort","Parent Relationship":"Outer","Parallel Aware":false,"Async Capable":false,"Startup Cost":557789.1,"Total Cost":558272.98,"Plan Rows":193553,"Plan Width":20,"Actual Startup Time":2239.463,"Actual Total Time":2279.975,"Actual Rows":289967,"Actual Loops":1,"Output":["customer.c_nationkey","customer.c_id","customer.c_w_id","customer.c_d_id","n2.n_name"],"Sort Key":["customer.c_id","customer.c_w_id","customer.c_d_id"],"Sort Method":"external merge","Sort Space Used":8720,"Sort Space Type":"Disk","Shared Hit Blocks":459991,"Shared Read Blocks":0,"Shared Dirtied Blocks":0,"Shared Written Blocks":0,"Local Hit Blocks":0,"Local Read Blocks":0,"Local Dirtied Blocks":0,"Local Written Blocks":0,"Temp Read Blocks":1090,"Temp Written Blocks":1096,"I/O Read Time":0.0,"I/O Write Time":0.0,"Temp I/O Read Time":1.62,"Temp I/O Write Time":4.497,"Plans":[{"Node Type":"Hash Join","Parent Relationship":"Outer","Parallel Aware":false,"Async Capable":false,"Join Type":"Inner","Startup Cost":1.95,"Total Cost":536820.36,"Plan Rows":193553,"Plan Width":20,"Actual Startup Time":0.093,"Actual Total Time":2127.764,"Actual Rows":289972,"Actual Loops":1,"Output":["customer.c_nationkey","customer.c_id","customer.c_w_id","customer.c_d_id","n2.n_name"],"Inner Unique":true,"Hash Cond":"(customer.c_nationkey = n2.n_nationkey)","Shared Hit Blocks":459991,"Shared Read Blocks":0,"Shared Dirtied Blocks":0,"Shared Written Blocks":0,"Local Hit Blocks":0,"Local Read Blocks":0,"Local Dirtied Blocks":0,"Local Written Blocks":0,"Temp Read Blocks":0,"Temp Written Blocks":0,"I/O Read Time":0.0,"I/O Write Time":0.0,"Temp I/O Read Time":0.0,"Temp I/O Write Time":0.0,"Plans":[{"Node Type":"Seq Scan","Parent Relationship":"Outer","Parallel Aware":false,"Async Capable":false,"Relation Name":"customer","Schema":"public","Alias":"customer","Startup Cost":0.0,"Total Cost":519991.4,"Plan Rows":6000140,"Plan Width":12,"Actual Startup Time":0.025,"Actual Total Time":718.07,"Actual Rows":6000000,"Actual Loops":1,"Output":["customer.c_id","customer.c_d_id","customer.c_w_id","customer.c_nationkey","customer.c_first","customer.c_middle","customer.c_last","customer.c_street_1","customer.c_street_2","customer.c_city","customer.c_state","customer.c_zip","customer.c_phone","customer.c_since","customer.c_credit","customer.c_credit_lim","customer.c_discount","customer.c_balance","customer.c_ytd_payment","customer.c_payment_cnt","customer.c_delivery_cnt","customer.c_data"],"Shared Hit Blocks":459990,"Shared Read Blocks":0,"Shared Dirtied Blocks":0,"Shared Written Blocks":0,"Local Hit Blocks":0,"Local Read Blocks":0,"Local Dirtied Blocks":0,"Local Written Blocks":0,"Temp Read Blocks":0,"Temp Written Blocks":0,"I/O Read Time":0.0,"I/O Write Time":0.0,"Temp I/O Read Time":0.0,"Temp I/O Write Time":0.0},{"Node Type":"Hash","Parent Relationship":"Inner","Parallel Aware":false,"Async Capable":false,"Startup Cost":1.93,"Total Cost":1.93,"Plan Rows":2,"Plan Width":12,"Actual Startup Time":0.027,"Actual Total Time":0.028,"Actual Rows":2,"Actual Loops":1,"Output":["n2.n_nationkey","n2.n_name"],"Hash Buckets":1024,"Original Hash Buckets":1024,"Hash Batches":1,"Original Hash Batches":1,"Peak Memory Usage":9,"Shared Hit Blocks":1,"Shared Read Blocks":0,"Shared Dirtied Blocks":0,"Shared Written Blocks":0,"Local Hit Blocks":0,"Local Read Blocks":0,"Local Dirtied Blocks":0,"Local Written Blocks":0,"Temp Read Blocks":0,"Temp Written Blocks":0,"I/O Read Time":0.0,"I/O Write Time":0.0,"Temp I/O Read Time":0.0,"Temp I/O Write Time":0.0,"Plans":[{"Node Type":"Seq Scan","Parent Relationship":"Outer","Parallel Aware":false,"Async Capable":false,"Relation Name":"nation","Schema":"public","Alias":"n2","Startup Cost":0.0,"Total Cost":1.93,"Plan Rows":2,"Plan Width":12,"Actual Startup Time":0.017,"Actual Total Time":0.022,"Actual Rows":2,"Actual Loops":1,"Output":["n2.n_nationkey","n2.n_name"],"Filter":"(((n2.n_name)::text = 'Cambodia'::text) OR ((n2.n_name)::text = 'Germany'::text))","Rows Removed by Filter":60,"Shared Hit Blocks":1,"Shared Read Blocks":0,"Shared Dirtied Blocks":0,"Shared Written Blocks":0,"Local Hit Blocks":0,"Local Read Blocks":0,"Local Dirtied Blocks":0,"Local Written Blocks":0,"Temp Read Blocks":0,"Temp Written Blocks":0,"I/O Read Time":0.0,"I/O Write Time":0.0,"Temp I/O Read Time":0.0,"Temp I/O Write Time":0.0}]}]}]}]}]}]}]},"Planning":{"Shared Hit Blocks":152,"Shared Read Blocks":0,"Shared Dirtied Blocks":0,"Shared Written Blocks":0,"Local Hit Blocks":0,"Local Read Blocks":0,"Local Dirtied Blocks":0,"Local Written Blocks":0,"Temp Read Blocks":0,"Temp Written Blocks":0,"I/O Read Time":0.0,"I/O Write Time":0.0,"Temp I/O Read Time":0.0,"Temp I/O Write Time":0.0},"Planning Time":3.408,"Triggers":[],"Execution Time":23262.305}]
[列存组合]: nation, orders, supplier
[{"Plan":{"Node Type":"Aggregate","Strategy":"Sorted","Partial Mode":"Simple","Parallel Aware":false,"Async Capable":false,"Startup Cost":3780864.39,"Total Cost":3781119.21,"Plan Rows":9266,"Plan Width":72,"Actual Startup Time":22816.364,"Actual Total Time":22818.922,"Actual Rows":6,"Actual Loops":1,"Output":["supplier.su_nationkey","customer.c_nationkey","(EXTRACT(year FROM orders.o_entry_d))","sum(order_line.ol_amount)"],"Group Key":["supplier.su_nationkey","customer.c_nationkey","(EXTRACT(year FROM orders.o_entry_d))"],"Shared Hit Blocks":1240535,"Shared Read Blocks":0,"Shared Dirtied Blocks":0,"Shared Written Blocks":0,"Local Hit Blocks":0,"Local Read Blocks":0,"Local Dirtied Blocks":0,"Local Written Blocks":0,"Temp Read Blocks":124799,"Temp Written Blocks":124817,"I/O Read Time":0.0,"I/O Write Time":0.0,"Temp I/O Read Time":187.082,"Temp I/O Write Time":536.533,"Plans":[{"Node Type":"Sort","Parent Relationship":"Outer","Parallel Aware":false,"Async Capable":false,"Startup Cost":3780864.39,"Total Cost":3780887.56,"Plan Rows":9266,"Plan Width":44,"Actual Startup Time":22816.255,"Actual Total Time":22816.788,"Actual Rows":12121,"Actual Loops":1,"Output":["supplier.su_nationkey","customer.c_nationkey","(EXTRACT(year FROM orders.o_entry_d))","order_line.ol_amount"],"Sort Key":["supplier.su_nationkey","customer.c_nationkey","(EXTRACT(year FROM orders.o_entry_d))"],"Sort Method":"quicksort","Sort Space Used":1047,"Sort Space Type":"Memory","Shared Hit Blocks":1240535,"Shared Read Blocks":0,"Shared Dirtied Blocks":0,"Shared Written Blocks":0,"Local Hit Blocks":0,"Local Read Blocks":0,"Local Dirtied Blocks":0,"Local Written Blocks":0,"Temp Read Blocks":124799,"Temp Written Blocks":124817,"I/O Read Time":0.0,"I/O Write Time":0.0,"Temp I/O Read Time":187.082,"Temp I/O Write Time":536.533,"Plans":[{"Node Type":"Merge Join","Parent Relationship":"Outer","Parallel Aware":false,"Async Capable":false,"Join Type":"Inner","Startup Cost":3771794.04,"Total Cost":3780253.87,"Plan Rows":9266,"Plan Width":44,"Actual Startup Time":22471.058,"Actual Total Time":22813.141,"Actual Rows":12121,"Actual Loops":1,"Output":["supplier.su_nationkey","customer.c_nationkey","EXTRACT(year FROM orders.o_entry_d)","order_line.ol_amount"],"Inner Unique":false,"Merge Cond":"((orders.o_c_id = customer.c_id) AND (order_line.ol_w_id = customer.c_w_id) AND (order_line.ol_d_id = customer.c_d_id))","Join Filter":"((((n1.n_name)::text = 'Germany'::text) AND ((n2.n_name)::text = 'Cambodia'::text)) OR (((n1.n_name)::text = 'Cambodia'::text) AND ((n2.n_name)::text = 'Germany'::text)))","Rows Removed by Join Filter":11453,"Shared Hit Blocks":1240535,"Shared Read Blocks":0,"Shared Dirtied Blocks":0,"Shared Written Blocks":0,"Local Hit Blocks":0,"Local Read Blocks":0,"Local Dirtied Blocks":0,"Local Written Blocks":0,"Temp Read Blocks":124799,"Temp Written Blocks":124817,"I/O Read Time":0.0,"I/O Write Time":0.0,"Temp I/O Read Time":187.082,"Temp I/O Write Time":536.533,"Plans":[{"Node Type":"Sort","Parent Relationship":"Outer","Parallel Aware":false,"Async Capable":false,"Startup Cost":3214004.75,"Total Cost":3215418.15,"Plan Rows":565362,"Plan Width":36,"Actual Startup Time":20224.141,"Actual Total Time":20395.803,"Actual Rows":485009,"Actual Loops":1,"Output":["supplier.su_nationkey","order_line.ol_amount","order_line.ol_w_id","order_line.ol_d_id","orders.o_entry_d","orders.o_w_id","orders.o_d_id","orders.o_c_id","n1.n_name"],"Sort Key":["orders.o_c_id","order_line.ol_w_id","order_line.ol_d_id"],"Sort Method":"external merge","Sort Space Used":24000,"Sort Space Type":"Disk","Shared Hit Blocks":780544,"Shared Read Blocks":0,"Shared Dirtied Blocks":0,"Shared Written Blocks":0,"Local Hit Blocks":0,"Local Read Blocks":0,"Local Dirtied Blocks":0,"Local Written Blocks":0,"Temp Read Blocks":123709,"Temp Written Blocks":123721,"I/O Read Time":0.0,"I/O Write Time":0.0,"Temp I/O Read Time":185.456,"Temp I/O Write Time":532.046,"Plans":[{"Node Type":"Hash Join","Parent Relationship":"Outer","Parallel Aware":false,"Async Capable":false,"Join Type":"Inner","Startup Cost":905977.05,"Total Cost":3144528.26,"Plan Rows":565362,"Plan Width":36,"Actual Startup Time":8492.501,"Actual Total Time":19975.874,"Actual Rows":485009,"Actual Loops":1,"Output":["supplier.su_nationkey","order_line.ol_amount","order_line.ol_w_id","order_line.ol_d_id","orders.o_entry_d","orders.o_w_id","orders.o_d_id","orders.o_c_id","n1.n_name"],"Inner Unique":true,"Hash Cond":"((order_line.ol_w_id = orders.o_w_id) AND (order_line.ol_d_id = orders.o_d_id) AND (order_line.ol_o_id = orders.o_id))","Shared Hit Blocks":780544,"Shared Read Blocks":0,"Shared Dirtied Blocks":0,"Shared Written Blocks":0,"Local Hit Blocks":0,"Local Read Blocks":0,"Local Dirtied Blocks":0,"Local Written Blocks":0,"Temp Read Blocks":120709,"Temp Written Blocks":120709,"I/O Read Time":0.0,"I/O Write Time":0.0,"Temp I/O Read Time":181.205,"Temp I/O Write Time":520.835,"Plans":[{"Node Type":"Hash Join","Parent Relationship":"Outer","Parallel Aware":false,"Async Capable":false,"Join Type":"Inner","Startup Cost":646784.78,"Total Cost":2838010.06,"Plan Rows":565705,"Plan Width":28,"Actual Startup Time":6676.284,"Actual Total Time":17491.221,"Actual Rows":485009,"Actual Loops":1,"Output":["supplier.su_nationkey","order_line.ol_amount","order_line.ol_w_id","order_line.ol_d_id","order_line.ol_o_id","n1.n_name"],"Inner Unique":false,"Hash Cond":"((order_line.ol_supply_w_id = stock.s_w_id) AND (order_line.ol_i_id = stock.s_i_id))","Shared Hit Blocks":736422,"Shared Read Blocks":0,"Shared Dirtied Blocks":0,"Shared Written Blocks":0,"Local Hit Blocks":0,"Local Read Blocks":0,"Local Dirtied Blocks":0,"Local Written Blocks":0,"Temp Read Blocks":83003,"Temp Written Blocks":83003,"I/O Read Time":0.0,"I/O Write Time":0.0,"Temp I/O Read Time":124.448,"Temp I/O Write Time":345.677,"Plans":[{"Node Type":"Seq Scan","Parent Relationship":"Outer","Parallel Aware":false,"Async Capable":false,"Relation Name":"order_line","Schema":"public","Alias":"order_line","Startup Cost":0.0,"Total Cost":1581655.36,"Plan Rows":17536869,"Plan Width":22,"Actual Startup Time":6.482,"Actual Total Time":5696.166,"Actual Rows":17139931,"Actual Loops":1,"Output":["order_line.ol_amount","order_line.ol_supply_w_id","order_line.ol_i_id","order_line.ol_w_id","order_line.ol_d_id","order_line.ol_o_id"],"Filter":"((order_line.ol_delivery_d >= '1995-01-02 20:10:02.27764'::timestamp without time zone) AND (order_line.ol_delivery_d <= '1997-01-01 20:10:02.27764'::timestamp without time zone))","Rows Removed by Filter":42853830,"Shared Hit Blocks":681748,"Shared Read Blocks":0,"Shared Dirtied Blocks":0,"Shared Written Blocks":0,"Local Hit Blocks":0,"Local Read Blocks":0,"Local Dirtied Blocks":0,"Local Written Blocks":0,"Temp Read Blocks":0,"Temp Written Blocks":0,"I/O Read Time":0.0,"I/O Write Time":0.0,"Temp I/O Read Time":0.0,"Temp I/O Write Time":0.0},{"Node Type":"Hash","Parent Relationship":"Inner","Parallel Aware":false,"Async Capable":false,"Startup Cost":633326.26,"Total Cost":633326.26,"Plan Rows":645168,"Plan Width":18,"Actual Startup Time":6669.138,"Actual Total Time":6669.153,"Actual Rows":566400,"Actual Loops":1,"Output":["supplier.su_nationkey","stock.s_w_id","stock.s_i_id","n1.n_name"],"Hash Buckets":131072,"Original Hash Buckets":131072,"Hash Batches":8,"Original Hash Batches":8,"Peak Memory Usage":4646,"Shared Hit Blocks":54674,"Shared Read Blocks":0,"Shared Dirtied Blocks":0,"Shared Written Blocks":0,"Local Hit Blocks":0,"Local Read Blocks":0,"Local Dirtied Blocks":0,"Local Written Blocks":0,"Temp Read Blocks":0,"Temp Written Blocks":2445,"I/O Read Time":0.0,"I/O Write Time":0.0,"Temp I/O Read Time":0.0,"Temp I/O Write Time":13.503,"Plans":[{"Node Type":"Hash Join","Parent Relationship":"Outer","Parallel Aware":false,"Async Capable":false,"Join Type":"Inner","Startup Cost":346.42,"Total Cost":633326.26,"Plan Rows":645168,"Plan Width":18,"Actual Startup Time":3.12,"Actual Total Time":6561.062,"Actual Rows":566400,"Actual Loops":1,"Output":["supplier.su_nationkey","stock.s_w_id","stock.s_i_id","n1.n_name"],"Inner Unique":true,"Hash Cond":"(supplier.su_nationkey = n1.n_nationkey)","Shared Hit Blocks":54674,"Shared Read Blocks":0,"Shared Dirtied Blocks":0,"Shared Written Blocks":0,"Local Hit Blocks":0,"Local Read Blocks":0,"Local Dirtied Blocks":0,"Local Written Blocks":0,"Temp Read Blocks":0,"Temp Written Blocks":0,"I/O Read Time":0.0,"I/O Write Time":0.0,"Temp I/O Read Time":0.0,"Temp I/O Write Time":0.0,"Plans":[{"Node Type":"Hash Join","Parent Relationship":"Outer","Parallel Aware":false,"Async Capable":false,"Join Type":"Inner","Startup Cost":344.46,"Total Cost":577235.0,"Plan Rows":20000212,"Plan Width":10,"Actual Startup Time":3.089,"Actual Total Time":5185.653,"Actual Rows":20000000,"Actual Loops":1,"Output":["supplier.su_nationkey","stock.s_w_id","stock.s_i_id"],"Inner Unique":true,"Hash Cond":"(mod((stock.s_w_id * stock.s_i_id), 10000) = supplier.su_suppkey)","Shared Hit Blocks":54673,"Shared Read Blocks":0,"Shared Dirtied Blocks":0,"Shared Written Blocks":0,"Local Hit Blocks":0,"Local Read Blocks":0,"Local Dirtied Blocks":0,"Local Written Blocks":0,"Temp Read Blocks":0,"Temp Written Blocks":0,"I/O Read Time":0.0,"I/O Write Time":0.0,"Temp I/O Read Time":0.0,"Temp I/O Write Time":0.0,"Plans":[{"Node Type":"Index Only Scan","Parent Relationship":"Outer","Parallel Aware":false,"Async Capable":false,"Scan Direction":"Forward","Index Name":"stock_pk","Relation Name":"stock","Schema":"public","Alias":"stock","Startup Cost":0.44,"Total Cost":519363.62,"Plan Rows":20000212,"Plan Width":6,"Actual Startup Time":0.02,"Actual Total Time":1517.122,"Actual Rows":20000000,"Actual Loops":1,"Output":["stock.s_w_id","stock.s_i_id"],"Heap Fetches":0,"Shared Hit Blocks":54673,"Shared Read Blocks":0,"Shared Dirtied Blocks":0,"Shared Written Blocks":0,"Local Hit Blocks":0,"Local Read Blocks":0,"Local Dirtied Blocks":0,"Local Written Blocks":0,"Temp Read Blocks":0,"Temp Written Blocks":0,"I/O Read Time":0.0,"I/O Write Time":0.0,"Temp I/O Read Time":0.0,"Temp I/O Write Time":0.0},{"Node Type":"Hash","Parent Relationship":"Inner","Parallel Aware":false,"Async Capable":false,"Startup Cost":219.01,"Total Cost":219.01,"Plan Rows":10001,"Plan Width":8,"Actual Startup Time":3.019,"Actual Total Time":3.025,"Actual Rows":10000,"Actual Loops":1,"Output":["supplier.su_nationkey","supplier.su_suppkey"],"Hash Buckets":16384,"Original Hash Buckets":16384,"Hash Batches":1,"Original Hash Batches":1,"Peak Memory Usage":519,"Shared Hit Blocks":0,"Shared Read Blocks":0,"Shared Dirtied Blocks":0,"Shared Written Blocks":0,"Local Hit Blocks":0,"Local Read Blocks":0,"Local Dirtied Blocks":0,"Local Written Blocks":0,"Temp Read Blocks":0,"Temp Written Blocks":0,"I/O Read Time":0.0,"I/O Write Time":0.0,"Temp I/O Read Time":0.0,"Temp I/O Write Time":0.0,"Plans":[{"Node Type":"Append","Parent Relationship":"Outer","Parallel Aware":false,"Async Capable":false,"Startup Cost":20.0,"Total Cost":219.01,"Plan Rows":10001,"Plan Width":8,"Actual Startup Time":0.027,"Actual Total Time":1.819,"Actual Rows":10000,"Actual Loops":1,"Shared Hit Blocks":0,"Shared Read Blocks":0,"Shared Dirtied Blocks":0,"Shared Written Blocks":0,"Local Hit Blocks":0,"Local Read Blocks":0,"Local Dirtied Blocks":0,"Local Written Blocks":0,"Temp Read Blocks":0,"Temp Written Blocks":0,"I/O Read Time":0.0,"I/O Write Time":0.0,"Temp I/O Read Time":0.0,"Temp I/O Write Time":0.0,"Subplans Removed":0,"Plans":[{"Node Type":"Custom Scan","Parent Relationship":"Member","Custom Plan Provider":"columnar scan","Parallel Aware":false,"Async Capable":false,"Relation Name":"supplier","Schema":"public","Alias":"supplier","Startup Cost":20.0,"Total Cost":215.0,"Plan Rows":10000,"Plan Width":8,"Actual Startup Time":0.025,"Actual Total Time":1.113,"Actual Rows":10000,"Actual Loops":1,"Output":["supplier.su_nationkey","supplier.su_suppkey"],"Rows Removed by Columnar Filter":0,"Columnar cache search mode":"native","Shared Hit Blocks":0,"Shared Read Blocks":0,"Shared Dirtied Blocks":0,"Shared Written Blocks":0,"Local Hit Blocks":0,"Local Read Blocks":0,"Local Dirtied Blocks":0,"Local Written Blocks":0,"Temp Read Blocks":0,"Temp Written Blocks":0,"I/O Read Time":0.0,"I/O Write Time":0.0,"Temp I/O Read Time":0.0,"Temp I/O Write Time":0.0},{"Node Type":"Seq Scan","Parent Relationship":"Member","Parallel Aware":false,"Async Capable":false,"Relation Name":"supplier","Schema":"public","Alias":"supplier","Startup Cost":0.0,"Total Cost":4.01,"Plan Rows":1,"Plan Width":8,"Actual Startup Time":0.0,"Actual Total Time":0.0,"Actual Rows":0,"Actual Loops":0,"Output":["supplier.su_nationkey","supplier.su_suppkey"],"Shared Hit Blocks":0,"Shared Read Blocks":0,"Shared Dirtied Blocks":0,"Shared Written Blocks":0,"Local Hit Blocks":0,"Local Read Blocks":0,"Local Dirtied Blocks":0,"Local Written Blocks":0,"Temp Read Blocks":0,"Temp Written Blocks":0,"I/O Read Time":0.0,"I/O Write Time":0.0,"Temp I/O Read Time":0.0,"Temp I/O Write Time":0.0}]}]}]},{"Node Type":"Hash","Parent Relationship":"Inner","Parallel Aware":false,"Async Capable":false,"Startup Cost":1.93,"Total Cost":1.93,"Plan Rows":2,"Plan Width":12,"Actual Startup Time":0.02,"Actual Total Time":0.021,"Actual Rows":2,"Actual Loops":1,"Output":["n1.n_nationkey","n1.n_name"],"Hash Buckets":1024,"Original Hash Buckets":1024,"Hash Batches":1,"Original Hash Batches":1,"Peak Memory Usage":9,"Shared Hit Blocks":1,"Shared Read Blocks":0,"Shared Dirtied Blocks":0,"Shared Written Blocks":0,"Local Hit Blocks":0,"Local Read Blocks":0,"Local Dirtied Blocks":0,"Local Written Blocks":0,"Temp Read Blocks":0,"Temp Written Blocks":0,"I/O Read Time":0.0,"I/O Write Time":0.0,"Temp I/O Read Time":0.0,"Temp I/O Write Time":0.0,"Plans":[{"Node Type":"Seq Scan","Parent Relationship":"Outer","Parallel Aware":false,"Async Capable":false,"Relation Name":"nation","Schema":"public","Alias":"n1","Startup Cost":0.0,"Total Cost":1.93,"Plan Rows":2,"Plan Width":12,"Actual Startup Time":0.012,"Actual Total Time":0.017,"Actual Rows":2,"Actual Loops":1,"Output":["n1.n_nationkey","n1.n_name"],"Filter":"(((n1.n_name)::text = 'Germany'::text) OR ((n1.n_name)::text = 'Cambodia'::text))","Rows Removed by Filter":60,"Shared Hit Blocks":1,"Shared Read Blocks":0,"Shared Dirtied Blocks":0,"Shared Written Blocks":0,"Local Hit Blocks":0,"Local Read Blocks":0,"Local Dirtied Blocks":0,"Local Written Blocks":0,"Temp Read Blocks":0,"Temp Written Blocks":0,"I/O Read Time":0.0,"I/O Write Time":0.0,"Temp I/O Read Time":0.0,"Temp I/O Write Time":0.0}]}]}]}]},{"Node Type":"Hash","Parent Relationship":"Inner","Parallel Aware":false,"Async Capable":false,"Startup Cost":119121.6,"Total Cost":119121.6,"Plan Rows":5996324,"Plan Width":24,"Actual Startup Time":1805.181,"Actual Total Time":1805.183,"Actual Rows":5995789,"Actual Loops":1,"Output":["orders.o_entry_d","orders.o_w_id","orders.o_d_id","orders.o_id","orders.o_c_id"],"Hash Buckets":131072,"Original Hash Buckets":131072,"Hash Batches":64,"Original Hash Batches":64,"Peak Memory Usage":6496,"Shared Hit Blocks":44122,"Shared Read Blocks":0,"Shared Dirtied Blocks":0,"Shared Written Blocks":0,"Local Hit Blocks":0,"Local Read Blocks":0,"Local Dirtied Blocks":0,"Local Written Blocks":0,"Temp Read Blocks":0,"Temp Written Blocks":34552,"I/O Read Time":0.0,"I/O Write Time":0.0,"Temp I/O Read Time":0.0,"Temp I/O Write Time":157.157,"Plans":[{"Node Type":"Seq Scan","Parent Relationship":"Outer","Parallel Aware":false,"Async Capable":false,"Relation Name":"orders","Schema":"public","Alias":"orders","Startup Cost":0.0,"Total Cost":119121.6,"Plan Rows":5996324,"Plan Width":24,"Actual Startup Time":0.014,"Actual Total Time":732.176,"Actual Rows":5995789,"Actual Loops":1,"Output":["orders.o_entry_d","orders.o_w_id","orders.o_d_id","orders.o_id","orders.o_c_id"],"Filter":"(orders.o_entry_d >= '1992-01-02 20:10:02.27764'::timestamp without time zone)","Rows Removed by Filter":4211,"Shared Hit Blocks":44122,"Shared Read Blocks":0,"Shared Dirtied Blocks":0,"Shared Written Blocks":0,"Local Hit Blocks":0,"Local Read Blocks":0,"Local Dirtied Blocks":0,"Local Written Blocks":0,"Temp Read Blocks":0,"Temp Written Blocks":0,"I/O Read Time":0.0,"I/O Write Time":0.0,"Temp I/O Read Time":0.0,"Temp I/O Write Time":0.0}]}]}]},{"Node Type":"Materialize","Parent Relationship":"Inner","Parallel Aware":false,"Async Capable":false,"Startup Cost":557789.1,"Total Cost":558756.87,"Plan Rows":193553,"Plan Width":20,"Actual Startup Time":2246.845,"Actual Total Time":2320.881,"Actual Rows":293066,"Actual Loops":1,"Output":["customer.c_nationkey","customer.c_id","customer.c_w_id","customer.c_d_id","n2.n_name"],"Shared Hit Blocks":459991,"Shared Read Blocks":0,"Shared Dirtied Blocks":0,"Shared Written Blocks":0,"Local Hit Blocks":0,"Local Read Blocks":0,"Local Dirtied Blocks":0,"Local Written Blocks":0,"Temp Read Blocks":1090,"Temp Written Blocks":1096,"I/O Read Time":0.0,"I/O Write Time":0.0,"Temp I/O Read Time":1.626,"Temp I/O Write Time":4.487,"Plans":[{"Node Type":"Sort","Parent Relationship":"Outer","Parallel Aware":false,"Async Capable":false,"Startup Cost":557789.1,"Total Cost":558272.98,"Plan Rows":193553,"Plan Width":20,"Actual Startup Time":2246.834,"Actual Total Time":2287.596,"Actual Rows":289967,"Actual Loops":1,"Output":["customer.c_nationkey","customer.c_id","customer.c_w_id","customer.c_d_id","n2.n_name"],"Sort Key":["customer.c_id","customer.c_w_id","customer.c_d_id"],"Sort Method":"external merge","Sort Space Used":8720,"Sort Space Type":"Disk","Shared Hit Blocks":459991,"Shared Read Blocks":0,"Shared Dirtied Blocks":0,"Shared Written Blocks":0,"Local Hit Blocks":0,"Local Read Blocks":0,"Local Dirtied Blocks":0,"Local Written Blocks":0,"Temp Read Blocks":1090,"Temp Written Blocks":1096,"I/O Read Time":0.0,"I/O Write Time":0.0,"Temp I/O Read Time":1.626,"Temp I/O Write Time":4.487,"Plans":[{"Node Type":"Hash Join","Parent Relationship":"Outer","Parallel Aware":false,"Async Capable":false,"Join Type":"Inner","Startup Cost":1.95,"Total Cost":536820.36,"Plan Rows":193553,"Plan Width":20,"Actual Startup Time":0.08,"Actual Total Time":2137.032,"Actual Rows":289972,"Actual Loops":1,"Output":["customer.c_nationkey","customer.c_id","customer.c_w_id","customer.c_d_id","n2.n_name"],"Inner Unique":true,"Hash Cond":"(customer.c_nationkey = n2.n_nationkey)","Shared Hit Blocks":459991,"Shared Read Blocks":0,"Shared Dirtied Blocks":0,"Shared Written Blocks":0,"Local Hit Blocks":0,"Local Read Blocks":0,"Local Dirtied Blocks":0,"Local Written Blocks":0,"Temp Read Blocks":0,"Temp Written Blocks":0,"I/O Read Time":0.0,"I/O Write Time":0.0,"Temp I/O Read Time":0.0,"Temp I/O Write Time":0.0,"Plans":[{"Node Type":"Seq Scan","Parent Relationship":"Outer","Parallel Aware":false,"Async Capable":false,"Relation Name":"customer","Schema":"public","Alias":"customer","Startup Cost":0.0,"Total Cost":519991.4,"Plan Rows":6000140,"Plan Width":12,"Actual Startup Time":0.022,"Actual Total Time":719.995,"Actual Rows":6000000,"Actual Loops":1,"Output":["customer.c_id","customer.c_d_id","customer.c_w_id","customer.c_nationkey","customer.c_first","customer.c_middle","customer.c_last","customer.c_street_1","customer.c_street_2","customer.c_city","customer.c_state","customer.c_zip","customer.c_phone","customer.c_since","customer.c_credit","customer.c_credit_lim","customer.c_discount","customer.c_balance","customer.c_ytd_payment","customer.c_payment_cnt","customer.c_delivery_cnt","customer.c_data"],"Shared Hit Blocks":459990,"Shared Read Blocks":0,"Shared Dirtied Blocks":0,"Shared Written Blocks":0,"Local Hit Blocks":0,"Local Read Blocks":0,"Local Dirtied Blocks":0,"Local Written Blocks":0,"Temp Read Blocks":0,"Temp Written Blocks":0,"I/O Read Time":0.0,"I/O Write Time":0.0,"Temp I/O Read Time":0.0,"Temp I/O Write Time":0.0},{"Node Type":"Hash","Parent Relationship":"Inner","Parallel Aware":false,"Async Capable":false,"Startup Cost":1.93,"Total Cost":1.93,"Plan Rows":2,"Plan Width":12,"Actual Startup Time":0.024,"Actual Total Time":0.026,"Actual Rows":2,"Actual Loops":1,"Output":["n2.n_nationkey","n2.n_name"],"Hash Buckets":1024,"Original Hash Buckets":1024,"Hash Batches":1,"Original Hash Batches":1,"Peak Memory Usage":9,"Shared Hit Blocks":1,"Shared Read Blocks":0,"Shared Dirtied Blocks":0,"Shared Written Blocks":0,"Local Hit Blocks":0,"Local Read Blocks":0,"Local Dirtied Blocks":0,"Local Written Blocks":0,"Temp Read Blocks":0,"Temp Written Blocks":0,"I/O Read Time":0.0,"I/O Write Time":0.0,"Temp I/O Read Time":0.0,"Temp I/O Write Time":0.0,"Plans":[{"Node Type":"Seq Scan","Parent Relationship":"Outer","Parallel Aware":false,"Async Capable":false,"Relation Name":"nation","Schema":"public","Alias":"n2","Startup Cost":0.0,"Total Cost":1.93,"Plan Rows":2,"Plan Width":12,"Actual Startup Time":0.014,"Actual Total Time":0.019,"Actual Rows":2,"Actual Loops":1,"Output":["n2.n_nationkey","n2.n_name"],"Filter":"(((n2.n_name)::text = 'Cambodia'::text) OR ((n2.n_name)::text = 'Germany'::text))","Rows Removed by Filter":60,"Shared Hit Blocks":1,"Shared Read Blocks":0,"Shared Dirtied Blocks":0,"Shared Written Blocks":0,"Local Hit Blocks":0,"Local Read Blocks":0,"Local Dirtied Blocks":0,"Local Written Blocks":0,"Temp Read Blocks":0,"Temp Written Blocks":0,"I/O Read Time":0.0,"I/O Write Time":0.0,"Temp I/O Read Time":0.0,"Temp I/O Write Time":0.0}]}]}]}]}]}]}]},"Planning":{"Shared Hit Blocks":152,"Shared Read Blocks":0,"Shared Dirtied Blocks":0,"Shared Written Blocks":0,"Local Hit Blocks":0,"Local Read Blocks":0,"Local Dirtied Blocks":0,"Local Written Blocks":0,"Temp Read Blocks":0,"Temp Written Blocks":0,"I/O Read Time":0.0,"I/O Write Time":0.0,"Temp I/O Read Time":0.0,"Temp I/O Write Time":0.0},"Planning Time":2.605,"Triggers":[],"Execution Time":22824.293}]
[列存组合]: nation, stock, supplier
[{"Plan":{"Node Type":"Aggregate","Strategy":"Sorted","Partial Mode":"Simple","Parallel Aware":false,"Async Capable":false,"Startup Cost":3780864.39,"Total Cost":3781119.21,"Plan Rows":9266,"Plan Width":72,"Actual Startup Time":22953.484,"Actual Total Time":22956.048,"Actual Rows":6,"Actual Loops":1,"Output":["supplier.su_nationkey","customer.c_nationkey","(EXTRACT(year FROM orders.o_entry_d))","sum(order_line.ol_amount)"],"Group Key":["supplier.su_nationkey","customer.c_nationkey","(EXTRACT(year FROM orders.o_entry_d))"],"Shared Hit Blocks":1240535,"Shared Read Blocks":0,"Shared Dirtied Blocks":0,"Shared Written Blocks":0,"Local Hit Blocks":0,"Local Read Blocks":0,"Local Dirtied Blocks":0,"Local Written Blocks":0,"Temp Read Blocks":124799,"Temp Written Blocks":124817,"I/O Read Time":0.0,"I/O Write Time":0.0,"Temp I/O Read Time":189.277,"Temp I/O Write Time":536.292,"Plans":[{"Node Type":"Sort","Parent Relationship":"Outer","Parallel Aware":false,"Async Capable":false,"Startup Cost":3780864.39,"Total Cost":3780887.56,"Plan Rows":9266,"Plan Width":44,"Actual Startup Time":22953.376,"Actual Total Time":22953.91,"Actual Rows":12121,"Actual Loops":1,"Output":["supplier.su_nationkey","customer.c_nationkey","(EXTRACT(year FROM orders.o_entry_d))","order_line.ol_amount"],"Sort Key":["supplier.su_nationkey","customer.c_nationkey","(EXTRACT(year FROM orders.o_entry_d))"],"Sort Method":"quicksort","Sort Space Used":1047,"Sort Space Type":"Memory","Shared Hit Blocks":1240535,"Shared Read Blocks":0,"Shared Dirtied Blocks":0,"Shared Written Blocks":0,"Local Hit Blocks":0,"Local Read Blocks":0,"Local Dirtied Blocks":0,"Local Written Blocks":0,"Temp Read Blocks":124799,"Temp Written Blocks":124817,"I/O Read Time":0.0,"I/O Write Time":0.0,"Temp I/O Read Time":189.277,"Temp I/O Write Time":536.292,"Plans":[{"Node Type":"Merge Join","Parent Relationship":"Outer","Parallel Aware":false,"Async Capable":false,"Join Type":"Inner","Startup Cost":3771794.04,"Total Cost":3780253.87,"Plan Rows":9266,"Plan Width":44,"Actual Startup Time":22608.683,"Actual Total Time":22950.282,"Actual Rows":12121,"Actual Loops":1,"Output":["supplier.su_nationkey","customer.c_nationkey","EXTRACT(year FROM orders.o_entry_d)","order_line.ol_amount"],"Inner Unique":false,"Merge Cond":"((orders.o_c_id = customer.c_id) AND (order_line.ol_w_id = customer.c_w_id) AND (order_line.ol_d_id = customer.c_d_id))","Join Filter":"((((n1.n_name)::text = 'Germany'::text) AND ((n2.n_name)::text = 'Cambodia'::text)) OR (((n1.n_name)::text = 'Cambodia'::text) AND ((n2.n_name)::text = 'Germany'::text)))","Rows Removed by Join Filter":11453,"Shared Hit Blocks":1240535,"Shared Read Blocks":0,"Shared Dirtied Blocks":0,"Shared Written Blocks":0,"Local Hit Blocks":0,"Local Read Blocks":0,"Local Dirtied Blocks":0,"Local Written Blocks":0,"Temp Read Blocks":124799,"Temp Written Blocks":124817,"I/O Read Time":0.0,"I/O Write Time":0.0,"Temp I/O Read Time":189.277,"Temp I/O Write Time":536.292,"Plans":[{"Node Type":"Sort","Parent Relationship":"Outer","Parallel Aware":false,"Async Capable":false,"Startup Cost":3214004.75,"Total Cost":3215418.15,"Plan Rows":565362,"Plan Width":36,"Actual Startup Time":20358.351,"Actual Total Time":20530.473,"Actual Rows":485009,"Actual Loops":1,"Output":["supplier.su_nationkey","order_line.ol_amount","order_line.ol_w_id","order_line.ol_d_id","orders.o_entry_d","orders.o_w_id","orders.o_d_id","orders.o_c_id","n1.n_name"],"Sort Key":["orders.o_c_id","order_line.ol_w_id","order_line.ol_d_id"],"Sort Method":"external merge","Sort Space Used":24000,"Sort Space Type":"Disk","Shared Hit Blocks":780544,"Shared Read Blocks":0,"Shared Dirtied Blocks":0,"Shared Written Blocks":0,"Local Hit Blocks":0,"Local Read Blocks":0,"Local Dirtied Blocks":0,"Local Written Blocks":0,"Temp Read Blocks":123709,"Temp Written Blocks":123721,"I/O Read Time":0.0,"I/O Write Time":0.0,"Temp I/O Read Time":187.695,"Temp I/O Write Time":531.952,"Plans":[{"Node Type":"Hash Join","Parent Relationship":"Outer","Parallel Aware":false,"Async Capable":false,"Join Type":"Inner","Startup Cost":905977.05,"Total Cost":3144528.26,"Plan Rows":565362,"Plan Width":36,"Actual Startup Time":8592.265,"Actual Total Time":20110.921,"Actual Rows":485009,"Actual Loops":1,"Output":["supplier.su_nationkey","order_line.ol_amount","order_line.ol_w_id","order_line.ol_d_id","orders.o_entry_d","orders.o_w_id","orders.o_d_id","orders.o_c_id","n1.n_name"],"Inner Unique":true,"Hash Cond":"((order_line.ol_w_id = orders.o_w_id) AND (order_line.ol_d_id = orders.o_d_id) AND (order_line.ol_o_id = orders.o_id))","Shared Hit Blocks":780544,"Shared Read Blocks":0,"Shared Dirtied Blocks":0,"Shared Written Blocks":0,"Local Hit Blocks":0,"Local Read Blocks":0,"Local Dirtied Blocks":0,"Local Written Blocks":0,"Temp Read Blocks":120709,"Temp Written Blocks":120709,"I/O Read Time":0.0,"I/O Write Time":0.0,"Temp I/O Read Time":183.158,"Temp I/O Write Time":520.833,"Plans":[{"Node Type":"Hash Join","Parent Relationship":"Outer","Parallel Aware":false,"Async Capable":false,"Join Type":"Inner","Startup Cost":646784.78,"Total Cost":2838010.06,"Plan Rows":565705,"Plan Width":28,"Actual Startup Time":6777.069,"Actual Total Time":17626.355,"Actual Rows":485009,"Actual Loops":1,"Output":["supplier.su_nationkey","order_line.ol_amount","order_line.ol_w_id","order_line.ol_d_id","order_line.ol_o_id","n1.n_name"],"Inner Unique":false,"Hash Cond":"((order_line.ol_supply_w_id = stock.s_w_id) AND (order_line.ol_i_id = stock.s_i_id))","Shared Hit Blocks":736422,"Shared Read Blocks":0,"Shared Dirtied Blocks":0,"Shared Written Blocks":0,"Local Hit Blocks":0,"Local Read Blocks":0,"Local Dirtied Blocks":0,"Local Written Blocks":0,"Temp Read Blocks":83003,"Temp Written Blocks":83003,"I/O Read Time":0.0,"I/O Write Time":0.0,"Temp I/O Read Time":125.341,"Temp I/O Write Time":348.881,"Plans":[{"Node Type":"Seq Scan","Parent Relationship":"Outer","Parallel Aware":false,"Async Capable":false,"Relation Name":"order_line","Schema":"public","Alias":"order_line","Startup Cost":0.0,"Total Cost":1581655.36,"Plan Rows":17536869,"Plan Width":22,"Actual Startup Time":6.545,"Actual Total Time":5702.363,"Actual Rows":17139931,"Actual Loops":1,"Output":["order_line.ol_amount","order_line.ol_supply_w_id","order_line.ol_i_id","order_line.ol_w_id","order_line.ol_d_id","order_line.ol_o_id"],"Filter":"((order_line.ol_delivery_d >= '1995-01-02 20:10:02.27764'::timestamp without time zone) AND (order_line.ol_delivery_d <= '1997-01-01 20:10:02.27764'::timestamp without time zone))","Rows Removed by Filter":42853830,"Shared Hit Blocks":681748,"Shared Read Blocks":0,"Shared Dirtied Blocks":0,"Shared Written Blocks":0,"Local Hit Blocks":0,"Local Read Blocks":0,"Local Dirtied Blocks":0,"Local Written Blocks":0,"Temp Read Blocks":0,"Temp Written Blocks":0,"I/O Read Time":0.0,"I/O Write Time":0.0,"Temp I/O Read Time":0.0,"Temp I/O Write Time":0.0},{"Node Type":"Hash","Parent Relationship":"Inner","Parallel Aware":false,"Async Capable":false,"Startup Cost":633326.26,"Total Cost":633326.26,"Plan Rows":645168,"Plan Width":18,"Actual Startup Time":6769.919,"Actual Total Time":6769.935,"Actual Rows":566400,"Actual Loops":1,"Output":["supplier.su_nationkey","stock.s_w_id","stock.s_i_id","n1.n_name"],"Hash Buckets":131072,"Original Hash Buckets":131072,"Hash Batches":8,"Original Hash Batches":8,"Peak Memory Usage":4646,"Shared Hit Blocks":54674,"Shared Read Blocks":0,"Shared Dirtied Blocks":0,"Shared Written Blocks":0,"Local Hit Blocks":0,"Local Read Blocks":0,"Local Dirtied Blocks":0,"Local Written Blocks":0,"Temp Read Blocks":0,"Temp Written Blocks":2445,"I/O Read Time":0.0,"I/O Write Time":0.0,"Temp I/O Read Time":0.0,"Temp I/O Write Time":12.951,"Plans":[{"Node Type":"Hash Join","Parent Relationship":"Outer","Parallel Aware":false,"Async Capable":false,"Join Type":"Inner","Startup Cost":346.42,"Total Cost":633326.26,"Plan Rows":645168,"Plan Width":18,"Actual Startup Time":3.131,"Actual Total Time":6662.21,"Actual Rows":566400,"Actual Loops":1,"Output":["supplier.su_nationkey","stock.s_w_id","stock.s_i_id","n1.n_name"],"Inner Unique":true,"Hash Cond":"(supplier.su_nationkey = n1.n_nationkey)","Shared Hit Blocks":54674,"Shared Read Blocks":0,"Shared Dirtied Blocks":0,"Shared Written Blocks":0,"Local Hit Blocks":0,"Local Read Blocks":0,"Local Dirtied Blocks":0,"Local Written Blocks":0,"Temp Read Blocks":0,"Temp Written Blocks":0,"I/O Read Time":0.0,"I/O Write Time":0.0,"Temp I/O Read Time":0.0,"Temp I/O Write Time":0.0,"Plans":[{"Node Type":"Hash Join","Parent Relationship":"Outer","Parallel Aware":false,"Async Capable":false,"Join Type":"Inner","Startup Cost":344.46,"Total Cost":577235.0,"Plan Rows":20000212,"Plan Width":10,"Actual Startup Time":3.088,"Actual Total Time":5277.546,"Actual Rows":20000000,"Actual Loops":1,"Output":["supplier.su_nationkey","stock.s_w_id","stock.s_i_id"],"Inner Unique":true,"Hash Cond":"(mod((stock.s_w_id * stock.s_i_id), 10000) = supplier.su_suppkey)","Shared Hit Blocks":54673,"Shared Read Blocks":0,"Shared Dirtied Blocks":0,"Shared Written Blocks":0,"Local Hit Blocks":0,"Local Read Blocks":0,"Local Dirtied Blocks":0,"Local Written Blocks":0,"Temp Read Blocks":0,"Temp Written Blocks":0,"I/O Read Time":0.0,"I/O Write Time":0.0,"Temp I/O Read Time":0.0,"Temp I/O Write Time":0.0,"Plans":[{"Node Type":"Index Only Scan","Parent Relationship":"Outer","Parallel Aware":false,"Async Capable":false,"Scan Direction":"Forward","Index Name":"stock_pk","Relation Name":"stock","Schema":"public","Alias":"stock","Startup Cost":0.44,"Total Cost":519363.62,"Plan Rows":20000212,"Plan Width":6,"Actual Startup Time":0.031,"Actual Total Time":1519.133,"Actual Rows":20000000,"Actual Loops":1,"Output":["stock.s_w_id","stock.s_i_id"],"Heap Fetches":0,"Shared Hit Blocks":54673,"Shared Read Blocks":0,"Shared Dirtied Blocks":0,"Shared Written Blocks":0,"Local Hit Blocks":0,"Local Read Blocks":0,"Local Dirtied Blocks":0,"Local Written Blocks":0,"Temp Read Blocks":0,"Temp Written Blocks":0,"I/O Read Time":0.0,"I/O Write Time":0.0,"Temp I/O Read Time":0.0,"Temp I/O Write Time":0.0},{"Node Type":"Hash","Parent Relationship":"Inner","Parallel Aware":false,"Async Capable":false,"Startup Cost":219.01,"Total Cost":219.01,"Plan Rows":10001,"Plan Width":8,"Actual Startup Time":3.001,"Actual Total Time":3.006,"Actual Rows":10000,"Actual Loops":1,"Output":["supplier.su_nationkey","supplier.su_suppkey"],"Hash Buckets":16384,"Original Hash Buckets":16384,"Hash Batches":1,"Original Hash Batches":1,"Peak Memory Usage":519,"Shared Hit Blocks":0,"Shared Read Blocks":0,"Shared Dirtied Blocks":0,"Shared Written Blocks":0,"Local Hit Blocks":0,"Local Read Blocks":0,"Local Dirtied Blocks":0,"Local Written Blocks":0,"Temp Read Blocks":0,"Temp Written Blocks":0,"I/O Read Time":0.0,"I/O Write Time":0.0,"Temp I/O Read Time":0.0,"Temp I/O Write Time":0.0,"Plans":[{"Node Type":"Append","Parent Relationship":"Outer","Parallel Aware":false,"Async Capable":false,"Startup Cost":20.0,"Total Cost":219.01,"Plan Rows":10001,"Plan Width":8,"Actual Startup Time":0.032,"Actual Total Time":1.783,"Actual Rows":10000,"Actual Loops":1,"Shared Hit Blocks":0,"Shared Read Blocks":0,"Shared Dirtied Blocks":0,"Shared Written Blocks":0,"Local Hit Blocks":0,"Local Read Blocks":0,"Local Dirtied Blocks":0,"Local Written Blocks":0,"Temp Read Blocks":0,"Temp Written Blocks":0,"I/O Read Time":0.0,"I/O Write Time":0.0,"Temp I/O Read Time":0.0,"Temp I/O Write Time":0.0,"Subplans Removed":0,"Plans":[{"Node Type":"Custom Scan","Parent Relationship":"Member","Custom Plan Provider":"columnar scan","Parallel Aware":false,"Async Capable":false,"Relation Name":"supplier","Schema":"public","Alias":"supplier","Startup Cost":20.0,"Total Cost":215.0,"Plan Rows":10000,"Plan Width":8,"Actual Startup Time":0.03,"Actual Total Time":1.083,"Actual Rows":10000,"Actual Loops":1,"Output":["supplier.su_nationkey","supplier.su_suppkey"],"Rows Removed by Columnar Filter":0,"Columnar cache search mode":"native","Shared Hit Blocks":0,"Shared Read Blocks":0,"Shared Dirtied Blocks":0,"Shared Written Blocks":0,"Local Hit Blocks":0,"Local Read Blocks":0,"Local Dirtied Blocks":0,"Local Written Blocks":0,"Temp Read Blocks":0,"Temp Written Blocks":0,"I/O Read Time":0.0,"I/O Write Time":0.0,"Temp I/O Read Time":0.0,"Temp I/O Write Time":0.0},{"Node Type":"Seq Scan","Parent Relationship":"Member","Parallel Aware":false,"Async Capable":false,"Relation Name":"supplier","Schema":"public","Alias":"supplier","Startup Cost":0.0,"Total Cost":4.01,"Plan Rows":1,"Plan Width":8,"Actual Startup Time":0.0,"Actual Total Time":0.0,"Actual Rows":0,"Actual Loops":0,"Output":["supplier.su_nationkey","supplier.su_suppkey"],"Shared Hit Blocks":0,"Shared Read Blocks":0,"Shared Dirtied Blocks":0,"Shared Written Blocks":0,"Local Hit Blocks":0,"Local Read Blocks":0,"Local Dirtied Blocks":0,"Local Written Blocks":0,"Temp Read Blocks":0,"Temp Written Blocks":0,"I/O Read Time":0.0,"I/O Write Time":0.0,"Temp I/O Read Time":0.0,"Temp I/O Write Time":0.0}]}]}]},{"Node Type":"Hash","Parent Relationship":"Inner","Parallel Aware":false,"Async Capable":false,"Startup Cost":1.93,"Total Cost":1.93,"Plan Rows":2,"Plan Width":12,"Actual Startup Time":0.029,"Actual Total Time":0.031,"Actual Rows":2,"Actual Loops":1,"Output":["n1.n_nationkey","n1.n_name"],"Hash Buckets":1024,"Original Hash Buckets":1024,"Hash Batches":1,"Original Hash Batches":1,"Peak Memory Usage":9,"Shared Hit Blocks":1,"Shared Read Blocks":0,"Shared Dirtied Blocks":0,"Shared Written Blocks":0,"Local Hit Blocks":0,"Local Read Blocks":0,"Local Dirtied Blocks":0,"Local Written Blocks":0,"Temp Read Blocks":0,"Temp Written Blocks":0,"I/O Read Time":0.0,"I/O Write Time":0.0,"Temp I/O Read Time":0.0,"Temp I/O Write Time":0.0,"Plans":[{"Node Type":"Seq Scan","Parent Relationship":"Outer","Parallel Aware":false,"Async Capable":false,"Relation Name":"nation","Schema":"public","Alias":"n1","Startup Cost":0.0,"Total Cost":1.93,"Plan Rows":2,"Plan Width":12,"Actual Startup Time":0.019,"Actual Total Time":0.024,"Actual Rows":2,"Actual Loops":1,"Output":["n1.n_nationkey","n1.n_name"],"Filter":"(((n1.n_name)::text = 'Germany'::text) OR ((n1.n_name)::text = 'Cambodia'::text))","Rows Removed by Filter":60,"Shared Hit Blocks":1,"Shared Read Blocks":0,"Shared Dirtied Blocks":0,"Shared Written Blocks":0,"Local Hit Blocks":0,"Local Read Blocks":0,"Local Dirtied Blocks":0,"Local Written Blocks":0,"Temp Read Blocks":0,"Temp Written Blocks":0,"I/O Read Time":0.0,"I/O Write Time":0.0,"Temp I/O Read Time":0.0,"Temp I/O Write Time":0.0}]}]}]}]},{"Node Type":"Hash","Parent Relationship":"Inner","Parallel Aware":false,"Async Capable":false,"Startup Cost":119121.6,"Total Cost":119121.6,"Plan Rows":5996324,"Plan Width":24,"Actual Startup Time":1804.309,"Actual Total Time":1804.312,"Actual Rows":5995789,"Actual Loops":1,"Output":["orders.o_entry_d","orders.o_w_id","orders.o_d_id","orders.o_id","orders.o_c_id"],"Hash Buckets":131072,"Original Hash Buckets":131072,"Hash Batches":64,"Original Hash Batches":64,"Peak Memory Usage":6496,"Shared Hit Blocks":44122,"Shared Read Blocks":0,"Shared Dirtied Blocks":0,"Shared Written Blocks":0,"Local Hit Blocks":0,"Local Read Blocks":0,"Local Dirtied Blocks":0,"Local Written Blocks":0,"Temp Read Blocks":0,"Temp Written Blocks":34552,"I/O Read Time":0.0,"I/O Write Time":0.0,"Temp I/O Read Time":0.0,"Temp I/O Write Time":153.684,"Plans":[{"Node Type":"Seq Scan","Parent Relationship":"Outer","Parallel Aware":false,"Async Capable":false,"Relation Name":"orders","Schema":"public","Alias":"orders","Startup Cost":0.0,"Total Cost":119121.6,"Plan Rows":5996324,"Plan Width":24,"Actual Startup Time":0.014,"Actual Total Time":734.65,"Actual Rows":5995789,"Actual Loops":1,"Output":["orders.o_entry_d","orders.o_w_id","orders.o_d_id","orders.o_id","orders.o_c_id"],"Filter":"(orders.o_entry_d >= '1992-01-02 20:10:02.27764'::timestamp without time zone)","Rows Removed by Filter":4211,"Shared Hit Blocks":44122,"Shared Read Blocks":0,"Shared Dirtied Blocks":0,"Shared Written Blocks":0,"Local Hit Blocks":0,"Local Read Blocks":0,"Local Dirtied Blocks":0,"Local Written Blocks":0,"Temp Read Blocks":0,"Temp Written Blocks":0,"I/O Read Time":0.0,"I/O Write Time":0.0,"Temp I/O Read Time":0.0,"Temp I/O Write Time":0.0}]}]}]},{"Node Type":"Materialize","Parent Relationship":"Inner","Parallel Aware":false,"Async Capable":false,"Startup Cost":557789.1,"Total Cost":558756.87,"Plan Rows":193553,"Plan Width":20,"Actual Startup Time":2250.26,"Actual Total Time":2323.314,"Actual Rows":293066,"Actual Loops":1,"Output":["customer.c_nationkey","customer.c_id","customer.c_w_id","customer.c_d_id","n2.n_name"],"Shared Hit Blocks":459991,"Shared Read Blocks":0,"Shared Dirtied Blocks":0,"Shared Written Blocks":0,"Local Hit Blocks":0,"Local Read Blocks":0,"Local Dirtied Blocks":0,"Local Written Blocks":0,"Temp Read Blocks":1090,"Temp Written Blocks":1096,"I/O Read Time":0.0,"I/O Write Time":0.0,"Temp I/O Read Time":1.582,"Temp I/O Write Time":4.341,"Plans":[{"Node Type":"Sort","Parent Relationship":"Outer","Parallel Aware":false,"Async Capable":false,"Startup Cost":557789.1,"Total Cost":558272.98,"Plan Rows":193553,"Plan Width":20,"Actual Startup Time":2250.248,"Actual Total Time":2290.584,"Actual Rows":289967,"Actual Loops":1,"Output":["customer.c_nationkey","customer.c_id","customer.c_w_id","customer.c_d_id","n2.n_name"],"Sort Key":["customer.c_id","customer.c_w_id","customer.c_d_id"],"Sort Method":"external merge","Sort Space Used":8720,"Sort Space Type":"Disk","Shared Hit Blocks":459991,"Shared Read Blocks":0,"Shared Dirtied Blocks":0,"Shared Written Blocks":0,"Local Hit Blocks":0,"Local Read Blocks":0,"Local Dirtied Blocks":0,"Local Written Blocks":0,"Temp Read Blocks":1090,"Temp Written Blocks":1096,"I/O Read Time":0.0,"I/O Write Time":0.0,"Temp I/O Read Time":1.582,"Temp I/O Write Time":4.341,"Plans":[{"Node Type":"Hash Join","Parent Relationship":"Outer","Parallel Aware":false,"Async Capable":false,"Join Type":"Inner","Startup Cost":1.95,"Total Cost":536820.36,"Plan Rows":193553,"Plan Width":20,"Actual Startup Time":0.083,"Actual Total Time":2140.354,"Actual Rows":289972,"Actual Loops":1,"Output":["customer.c_nationkey","customer.c_id","customer.c_w_id","customer.c_d_id","n2.n_name"],"Inner Unique":true,"Hash Cond":"(customer.c_nationkey = n2.n_nationkey)","Shared Hit Blocks":459991,"Shared Read Blocks":0,"Shared Dirtied Blocks":0,"Shared Written Blocks":0,"Local Hit Blocks":0,"Local Read Blocks":0,"Local Dirtied Blocks":0,"Local Written Blocks":0,"Temp Read Blocks":0,"Temp Written Blocks":0,"I/O Read Time":0.0,"I/O Write Time":0.0,"Temp I/O Read Time":0.0,"Temp I/O Write Time":0.0,"Plans":[{"Node Type":"Seq Scan","Parent Relationship":"Outer","Parallel Aware":false,"Async Capable":false,"Relation Name":"customer","Schema":"public","Alias":"customer","Startup Cost":0.0,"Total Cost":519991.4,"Plan Rows":6000140,"Plan Width":12,"Actual Startup Time":0.023,"Actual Total Time":722.548,"Actual Rows":6000000,"Actual Loops":1,"Output":["customer.c_id","customer.c_d_id","customer.c_w_id","customer.c_nationkey","customer.c_first","customer.c_middle","customer.c_last","customer.c_street_1","customer.c_street_2","customer.c_city","customer.c_state","customer.c_zip","customer.c_phone","customer.c_since","customer.c_credit","customer.c_credit_lim","customer.c_discount","customer.c_balance","customer.c_ytd_payment","customer.c_payment_cnt","customer.c_delivery_cnt","customer.c_data"],"Shared Hit Blocks":459990,"Shared Read Blocks":0,"Shared Dirtied Blocks":0,"Shared Written Blocks":0,"Local Hit Blocks":0,"Local Read Blocks":0,"Local Dirtied Blocks":0,"Local Written Blocks":0,"Temp Read Blocks":0,"Temp Written Blocks":0,"I/O Read Time":0.0,"I/O Write Time":0.0,"Temp I/O Read Time":0.0,"Temp I/O Write Time":0.0},{"Node Type":"Hash","Parent Relationship":"Inner","Parallel Aware":false,"Async Capable":false,"Startup Cost":1.93,"Total Cost":1.93,"Plan Rows":2,"Plan Width":12,"Actual Startup Time":0.025,"Actual Total Time":0.026,"Actual Rows":2,"Actual Loops":1,"Output":["n2.n_nationkey","n2.n_name"],"Hash Buckets":1024,"Original Hash Buckets":1024,"Hash Batches":1,"Original Hash Batches":1,"Peak Memory Usage":9,"Shared Hit Blocks":1,"Shared Read Blocks":0,"Shared Dirtied Blocks":0,"Shared Written Blocks":0,"Local Hit Blocks":0,"Local Read Blocks":0,"Local Dirtied Blocks":0,"Local Written Blocks":0,"Temp Read Blocks":0,"Temp Written Blocks":0,"I/O Read Time":0.0,"I/O Write Time":0.0,"Temp I/O Read Time":0.0,"Temp I/O Write Time":0.0,"Plans":[{"Node Type":"Seq Scan","Parent Relationship":"Outer","Parallel Aware":false,"Async Capable":false,"Relation Name":"nation","Schema":"public","Alias":"n2","Startup Cost":0.0,"Total Cost":1.93,"Plan Rows":2,"Plan Width":12,"Actual Startup Time":0.014,"Actual Total Time":0.019,"Actual Rows":2,"Actual Loops":1,"Output":["n2.n_nationkey","n2.n_name"],"Filter":"(((n2.n_name)::text = 'Cambodia'::text) OR ((n2.n_name)::text = 'Germany'::text))","Rows Removed by Filter":60,"Shared Hit Blocks":1,"Shared Read Blocks":0,"Shared Dirtied Blocks":0,"Shared Written Blocks":0,"Local Hit Blocks":0,"Local Read Blocks":0,"Local Dirtied Blocks":0,"Local Written Blocks":0,"Temp Read Blocks":0,"Temp Written Blocks":0,"I/O Read Time":0.0,"I/O Write Time":0.0,"Temp I/O Read Time":0.0,"Temp I/O Write Time":0.0}]}]}]}]}]}]}]},"Planning":{"Shared Hit Blocks":152,"Shared Read Blocks":0,"Shared Dirtied Blocks":0,"Shared Written Blocks":0,"Local Hit Blocks":0,"Local Read Blocks":0,"Local Dirtied Blocks":0,"Local Written Blocks":0,"Temp Read Blocks":0,"Temp Written Blocks":0,"I/O Read Time":0.0,"I/O Write Time":0.0,"Temp I/O Read Time":0.0,"Temp I/O Write Time":0.0},"Planning Time":3.315,"Triggers":[],"Execution Time":22961.879}]
[列存组合]: order_line, orders, stock
[{"Plan":{"Node Type":"Aggregate","Strategy":"Sorted","Partial Mode":"Simple","Parallel Aware":false,"Async Capable":false,"Startup Cost":2139204.78,"Total Cost":2139459.6,"Plan Rows":9266,"Plan Width":72,"Actual Startup Time":15117.445,"Actual Total Time":15119.99,"Actual Rows":6,"Actual Loops":1,"Output":["supplier.su_nationkey","customer.c_nationkey","(EXTRACT(year FROM orders.o_entry_d))","sum(order_line.ol_amount)"],"Group Key":["supplier.su_nationkey","customer.c_nationkey","(EXTRACT(year FROM orders.o_entry_d))"],"Shared Hit Blocks":504331,"Shared Read Blocks":0,"Shared Dirtied Blocks":0,"Shared Written Blocks":0,"Local Hit Blocks":0,"Local Read Blocks":0,"Local Dirtied Blocks":0,"Local Written Blocks":0,"Temp Read Blocks":41796,"Temp Written Blocks":41814,"I/O Read Time":0.0,"I/O Write Time":0.0,"Temp I/O Read Time":63.918,"Temp I/O Write Time":194.574,"Plans":[{"Node Type":"Sort","Parent Relationship":"Outer","Parallel Aware":false,"Async Capable":false,"Startup Cost":2139204.78,"Total Cost":2139227.95,"Plan Rows":9266,"Plan Width":44,"Actual Startup Time":15117.337,"Actual Total Time":15117.866,"Actual Rows":12121,"Actual Loops":1,"Output":["supplier.su_nationkey","customer.c_nationkey","(EXTRACT(year FROM orders.o_entry_d))","order_line.ol_amount"],"Sort Key":["supplier.su_nationkey","customer.c_nationkey","(EXTRACT(year FROM orders.o_entry_d))"],"Sort Method":"quicksort","Sort Space Used":1047,"Sort Space Type":"Memory","Shared Hit Blocks":504331,"Shared Read Blocks":0,"Shared Dirtied Blocks":0,"Shared Written Blocks":0,"Local Hit Blocks":0,"Local Read Blocks":0,"Local Dirtied Blocks":0,"Local Written Blocks":0,"Temp Read Blocks":41796,"Temp Written Blocks":41814,"I/O Read Time":0.0,"I/O Write Time":0.0,"Temp I/O Read Time":63.918,"Temp I/O Write Time":194.574,"Plans":[{"Node Type":"Merge Join","Parent Relationship":"Outer","Parallel Aware":false,"Async Capable":false,"Join Type":"Inner","Startup Cost":2130134.43,"Total Cost":2138594.26,"Plan Rows":9266,"Plan Width":44,"Actual Startup Time":14773.788,"Actual Total Time":15114.224,"Actual Rows":12121,"Actual Loops":1,"Output":["supplier.su_nationkey","customer.c_nationkey","EXTRACT(year FROM orders.o_entry_d)","order_line.ol_amount"],"Merge Cond":"((orders.o_c_id = customer.c_id) AND (order_line.ol_w_id = customer.c_w_id) AND (order_line.ol_d_id = customer.c_d_id))","Join Filter":"((((n1.n_name)::text = 'Germany'::text) AND ((n2.n_name)::text = 'Cambodia'::text)) OR (((n1.n_name)::text = 'Cambodia'::text) AND ((n2.n_name)::text = 'Germany'::text)))","Rows Removed by Join Filter":11453,"Shared Hit Blocks":504331,"Shared Read Blocks":0,"Shared Dirtied Blocks":0,"Shared Written Blocks":0,"Local Hit Blocks":0,"Local Read Blocks":0,"Local Dirtied Blocks":0,"Local Written Blocks":0,"Temp Read Blocks":41796,"Temp Written Blocks":41814,"I/O Read Time":0.0,"I/O Write Time":0.0,"Temp I/O Read Time":63.918,"Temp I/O Write Time":194.574,"Plans":[{"Node Type":"Sort","Parent Relationship":"Outer","Parallel Aware":false,"Async Capable":false,"Startup Cost":1572345.14,"Total Cost":1573758.54,"Plan Rows":565362,"Plan Width":36,"Actual Startup Time":12545.596,"Actual Total Time":12716.894,"Actual Rows":485009,"Actual Loops":1,"Output":["supplier.su_nationkey","order_line.ol_amount","order_line.ol_w_id","order_line.ol_d_id","orders.o_entry_d","orders.o_w_id","orders.o_d_id","orders.o_c_id","n1.n_name"],"Sort Key":["orders.o_c_id","order_line.ol_w_id","order_line.ol_d_id"],"Sort Method":"external merge","Sort Space Used":24000,"Sort Space Type":"Disk","Shared Hit Blocks":44340,"Shared Read Blocks":0,"Shared Dirtied Blocks":0,"Shared Written Blocks":0,"Local Hit Blocks":0,"Local Read Blocks":0,"Local Dirtied Blocks":0,"Local Written Blocks":0,"Temp Read Blocks":40706,"Temp Written Blocks":40718,"I/O Read Time":0.0,"I/O Write Time":0.0,"Temp I/O Read Time":62.352,"Temp I/O Write Time":190.234,"Plans":[{"Node Type":"Hash Join","Parent Relationship":"Outer","Parallel Aware":false,"Async Capable":false,"Join Type":"Inner","Startup Cost":318256.82,"Total Cost":1502868.65,"Plan Rows":565362,"Plan Width":36,"Actual Startup Time":2770.151,"Actual Total Time":12298.993,"Actual Rows":485009,"Actual Loops":1,"Output":["supplier.su_nationkey","order_line.ol_amount","order_line.ol_w_id","order_line.ol_d_id","orders.o_entry_d","orders.o_w_id","orders.o_d_id","orders.o_c_id","n1.n_name"],"Hash Cond":"((order_line.ol_w_id = orders.o_w_id) AND (order_line.ol_d_id = orders.o_d_id) AND (order_line.ol_o_id = orders.o_id))","Shared Hit Blocks":44340,"Shared Read Blocks":0,"Shared Dirtied Blocks":0,"Shared Written Blocks":0,"Local Hit Blocks":0,"Local Read Blocks":0,"Local Dirtied Blocks":0,"Local Written Blocks":0,"Temp Read Blocks":37706,"Temp Written Blocks":37706,"I/O Read Time":0.0,"I/O Write Time":0.0,"Temp I/O Read Time":58.018,"Temp I/O Write Time":179.006,"Plans":[{"Node Type":"Hash Join","Parent Relationship":"Outer","Parallel Aware":false,"Async Capable":false,"Join Type":"Inner","Startup Cost":59064.55,"Total Cost":1196350.45,"Plan Rows":565705,"Plan Width":28,"Actual Startup Time":957.37,"Actual Total Time":9822.228,"Actual Rows":485009,"Actual Loops":1,"Output":["supplier.su_nationkey","order_line.ol_amount","order_line.ol_w_id","order_line.ol_d_id","order_line.ol_o_id","n1.n_name"],"Hash Cond":"(supplier.su_nationkey = n1.n_nationkey)","Shared Hit Blocks":218,"Shared Read Blocks":0,"Shared Dirtied Blocks":0,"Shared Written Blocks":0,"Local Hit Blocks":0,"Local Read Blocks":0,"Local Dirtied Blocks":0,"Local Written Blocks":0,"Temp Read Blocks":0,"Temp Written Blocks":0,"I/O Read Time":0.0,"I/O Write Time":0.0,"Temp I/O Read Time":0.0,"Temp I/O Write Time":0.0,"Plans":[{"Node Type":"Hash Join","Parent Relationship":"Outer","Parallel Aware":false,"Async Capable":false,"Join Type":"Inner","Startup Cost":59062.59,"Total Cost":1147167.47,"Plan Rows":17536869,"Plan Width":20,"Actual Startup Time":957.274,"Actual Total Time":8570.552,"Actual Rows":17139931,"Actual Loops":1,"Output":["supplier.su_nationkey","order_line.ol_amount","order_line.ol_w_id","order_line.ol_d_id","order_line.ol_o_id"],"Hash Cond":"(mod((stock.s_w_id * stock.s_i_id), 10000) = supplier.su_suppkey)","Shared Hit Blocks":217,"Shared Read Blocks":0,"Shared Dirtied Blocks":0,"Shared Written Blocks":0,"Local Hit Blocks":0,"Local Read Blocks":0,"Local Dirtied Blocks":0,"Local Written Blocks":0,"Temp Read Blocks":0,"Temp Written Blocks":0,"I/O Read Time":0.0,"I/O Write Time":0.0,"Temp I/O Read Time":0.0,"Temp I/O Write Time":0.0,"Plans":[{"Node Type":"Hash Join","Parent Relationship":"Outer","Parallel Aware":false,"Async Capable":false,"Join Type":"Inner","Startup Cost":58620.59,"Total Cost":1096283.52,"Plan Rows":17536869,"Plan Width":22,"Actual Startup Time":954.713,"Actual Total Time":5216.105,"Actual Rows":17139931,"Actual Loops":1,"Output":["stock.s_w_id","stock.s_i_id","order_line.ol_amount","order_line.ol_w_id","order_line.ol_d_id","order_line.ol_o_id"],"Hash Cond":"((order_line.ol_supply_w_id = stock.s_w_id) AND (order_line.ol_i_id = stock.s_i_id))","Rows Removed by Bloom Filter":0,"Shared Hit Blocks":0,"Shared Read Blocks":0,"Shared Dirtied Blocks":0,"Shared Written Blocks":0,"Local Hit Blocks":0,"Local Read Blocks":0,"Local Dirtied Blocks":0,"Local Written Blocks":0,"Temp Read Blocks":0,"Temp Written Blocks":0,"I/O Read Time":0.0,"I/O Write Time":0.0,"Temp I/O Read Time":0.0,"Temp I/O Write Time":0.0,"Plans":[{"Node Type":"Append","Parent Relationship":"Outer","Parallel Aware":false,"Async Capable":false,"Startup Cost":20.0,"Total Cost":482290.51,"Plan Rows":17536869,"Plan Width":22,"Actual Startup Time":27.626,"Actual Total Time":27.634,"Actual Rows":17139931,"Actual Loops":1,"Shared Hit Blocks":0,"Shared Read Blocks":0,"Shared Dirtied Blocks":0,"Shared Written Blocks":0,"Local Hit Blocks":0,"Local Read Blocks":0,"Local Dirtied Blocks":0,"Local Written Blocks":0,"Temp Read Blocks":0,"Temp Written Blocks":0,"I/O Read Time":0.0,"I/O Write Time":0.0,"Temp I/O Read Time":0.0,"Temp I/O Write Time":0.0,"Subplans Removed":0,"Plans":[{"Node Type":"Custom Scan","Parent Relationship":"Member","Custom Plan Provider":"columnar scan","Parallel Aware":false,"Async Capable":false,"Relation Name":"order_line","Schema":"public","Alias":"order_line","Startup Cost":20.0,"Total Cost":482285.56,"Plan Rows":17536851,"Plan Width":22,"Actual Startup Time":27.624,"Actual Total Time":27.626,"Actual Rows":17139931,"Actual Loops":1,"Output":["order_line.ol_amount","order_line.ol_supply_w_id","order_line.ol_i_id","order_line.ol_w_id","order_line.ol_d_id","order_line.ol_o_id"],"Filter":"((order_line.ol_delivery_d <= '1997-01-01 20:10:02.27764'::timestamp without time zone) AND (order_line.ol_delivery_d >= '1995-01-02 20:10:02.27764'::timestamp without time zone))","Rows Removed by Filter":0,"Rows Removed by Columnar Filter":42853830,"Columnar cache search mode":"native","Shared Hit Blocks":0,"Shared Read Blocks":0,"Shared Dirtied Blocks":0,"Shared Written Blocks":0,"Local Hit Blocks":0,"Local Read Blocks":0,"Local Dirtied Blocks":0,"Local Written Blocks":0,"Temp Read Blocks":0,"Temp Written Blocks":0,"I/O Read Time":0.0,"I/O Write Time":0.0,"Temp I/O Read Time":0.0,"Temp I/O Write Time":0.0},{"Node Type":"Seq Scan","Parent Relationship":"Member","Parallel Aware":false,"Async Capable":false,"Relation Name":"order_line","Schema":"public","Alias":"order_line","Startup Cost":0.0,"Total Cost":4.95,"Plan Rows":18,"Plan Width":22,"Actual Startup Time":0.0,"Actual Total Time":0.0,"Actual Rows":0,"Actual Loops":0,"Output":["order_line.ol_amount","order_line.ol_supply_w_id","order_line.ol_i_id","order_line.ol_w_id","order_line.ol_d_id","order_line.ol_o_id"],"Filter":"((order_line.ol_delivery_d <= '1997-01-01 20:10:02.27764'::timestamp without time zone) AND (order_line.ol_delivery_d >= '1995-01-02 20:10:02.27764'::timestamp without time zone))","Rows Removed by Filter":0,"Shared Hit Blocks":0,"Shared Read Blocks":0,"Shared Dirtied Blocks":0,"Shared Written Blocks":0,"Local Hit Blocks":0,"Local Read Blocks":0,"Local Dirtied Blocks":0,"Local Written Blocks":0,"Temp Read Blocks":0,"Temp Written Blocks":0,"I/O Read Time":0.0,"I/O Write Time":0.0,"Temp I/O Read Time":0.0,"Temp I/O Write Time":0.0}]},{"Node Type":"Hash","Parent Relationship":"Inner","Parallel Aware":false,"Async Capable":false,"Startup Cost":390026.22,"Total Cost":390026.22,"Plan Rows":20000212,"Plan Width":6,"Actual Rows":20000000,"Actual Loops":1,"Output":["stock.s_w_id","stock.s_i_id"],"Shared Hit Blocks":0,"Shared Read Blocks":0,"Shared Dirtied Blocks":0,"Shared Written Blocks":0,"Local Hit Blocks":0,"Local Read Blocks":0,"Local Dirtied Blocks":0,"Local Written Blocks":0,"Temp Read Blocks":0,"Temp Written Blocks":0,"I/O Read Time":0.0,"I/O Write Time":0.0,"Temp I/O Read Time":0.0,"Temp I/O Write Time":0.0,"Plans":[{"Node Type":"Append","Parent Relationship":"Outer","Parallel Aware":false,"Async Capable":false,"Startup Cost":20.0,"Total Cost":390026.22,"Plan Rows":20000212,"Plan Width":6,"Actual Startup Time":0.368,"Actual Total Time":0.37,"Actual Rows":20000000,"Actual Loops":1,"Shared Hit Blocks":0,"Shared Read Blocks":0,"Shared Dirtied Blocks":0,"Shared Written Blocks":0,"Local Hit Blocks":0,"Local Read Blocks":0,"Local Dirtied Blocks":0,"Local Written Blocks":0,"Temp Read Blocks":0,"Temp Written Blocks":0,"I/O Read Time":0.0,"I/O Write Time":0.0,"Temp I/O Read Time":0.0,"Temp I/O Write Time":0.0,"Subplans Removed":0,"Plans":[{"Node Type":"Custom Scan","Parent Relationship":"Member","Custom Plan Provider":"columnar scan","Parallel Aware":false,"Async Capable":false,"Relation Name":"stock","Schema":"public","Alias":"stock","Startup Cost":20.0,"Total Cost":390020.1,"Plan Rows":20000000,"Plan Width":6,"Actual Startup Time":0.366,"Actual Total Time":0.367,"Actual Rows":20000000,"Actual Loops":1,"Output":["stock.s_w_id","stock.s_i_id"],"Rows Removed by Columnar Filter":0,"Columnar cache search mode":"native","Shared Hit Blocks":0,"Shared Read Blocks":0,"Shared Dirtied Blocks":0,"Shared Written Blocks":0,"Local Hit Blocks":0,"Local Read Blocks":0,"Local Dirtied Blocks":0,"Local Written Blocks":0,"Temp Read Blocks":0,"Temp Written Blocks":0,"I/O Read Time":0.0,"I/O Write Time":0.0,"Temp I/O Read Time":0.0,"Temp I/O Write Time":0.0},{"Node Type":"Seq Scan","Parent Relationship":"Member","Parallel Aware":false,"Async Capable":false,"Relation Name":"stock","Schema":"public","Alias":"stock","Startup Cost":0.0,"Total Cost":6.12,"Plan Rows":212,"Plan Width":6,"Actual Startup Time":0.0,"Actual Total Time":0.0,"Actual Rows":0,"Actual Loops":0,"Output":["stock.s_w_id","stock.s_i_id"],"Shared Hit Blocks":0,"Shared Read Blocks":0,"Shared Dirtied Blocks":0,"Shared Written Blocks":0,"Local Hit Blocks":0,"Local Read Blocks":0,"Local Dirtied Blocks":0,"Local Written Blocks":0,"Temp Read Blocks":0,"Temp Written Blocks":0,"I/O Read Time":0.0,"I/O Write Time":0.0,"Temp I/O Read Time":0.0,"Temp I/O Write Time":0.0}]}]}]},{"Node Type":"Hash","Parent Relationship":"Inner","Parallel Aware":false,"Async Capable":false,"Startup Cost":317.0,"Total Cost":317.0,"Plan Rows":10000,"Plan Width":8,"Actual Startup Time":2.51,"Actual Total Time":2.511,"Actual Rows":10000,"Actual Loops":1,"Output":["supplier.su_nationkey","supplier.su_suppkey"],"Hash Buckets":16384,"Original Hash Buckets":16384,"Hash Batches":1,"Original Hash Batches":1,"Peak Memory Usage":519,"Shared Hit Blocks":217,"Shared Read Blocks":0,"Shared Dirtied Blocks":0,"Shared Written Blocks":0,"Local Hit Blocks":0,"Local Read Blocks":0,"Local Dirtied Blocks":0,"Local Written Blocks":0,"Temp Read Blocks":0,"Temp Written Blocks":0,"I/O Read Time":0.0,"I/O Write Time":0.0,"Temp I/O Read Time":0.0,"Temp I/O Write Time":0.0,"Plans":[{"Node Type":"Seq Scan","Parent Relationship":"Outer","Parallel Aware":false,"Async Capable":false,"Relation Name":"supplier","Schema":"public","Alias":"supplier","Startup Cost":0.0,"Total Cost":317.0,"Plan Rows":10000,"Plan Width":8,"Actual Startup Time":0.006,"Actual Total Time":1.285,"Actual Rows":10000,"Actual Loops":1,"Output":["supplier.su_nationkey","supplier.su_suppkey"],"Shared Hit Blocks":217,"Shared Read Blocks":0,"Shared Dirtied Blocks":0,"Shared Written Blocks":0,"Local Hit Blocks":0,"Local Read Blocks":0,"Local Dirtied Blocks":0,"Local Written Blocks":0,"Temp Read Blocks":0,"Temp Written Blocks":0,"I/O Read Time":0.0,"I/O Write Time":0.0,"Temp I/O Read Time":0.0,"Temp I/O Write Time":0.0}]}]},{"Node Type":"Hash","Parent Relationship":"Inner","Parallel Aware":false,"Async Capable":false,"Startup Cost":1.93,"Total Cost":1.93,"Plan Rows":2,"Plan Width":12,"Actual Startup Time":0.024,"Actual Total Time":0.025,"Actual Rows":2,"Actual Loops":1,"Output":["n1.n_nationkey","n1.n_name"],"Hash Buckets":1024,"Original Hash Buckets":1024,"Hash Batches":1,"Original Hash Batches":1,"Peak Memory Usage":9,"Shared Hit Blocks":1,"Shared Read Blocks":0,"Shared Dirtied Blocks":0,"Shared Written Blocks":0,"Local Hit Blocks":0,"Local Read Blocks":0,"Local Dirtied Blocks":0,"Local Written Blocks":0,"Temp Read Blocks":0,"Temp Written Blocks":0,"I/O Read Time":0.0,"I/O Write Time":0.0,"Temp I/O Read Time":0.0,"Temp I/O Write Time":0.0,"Plans":[{"Node Type":"Seq Scan","Parent Relationship":"Outer","Parallel Aware":false,"Async Capable":false,"Relation Name":"nation","Schema":"public","Alias":"n1","Startup Cost":0.0,"Total Cost":1.93,"Plan Rows":2,"Plan Width":12,"Actual Startup Time":0.014,"Actual Total Time":0.019,"Actual Rows":2,"Actual Loops":1,"Output":["n1.n_nationkey","n1.n_name"],"Filter":"(((n1.n_name)::text = 'Germany'::text) OR ((n1.n_name)::text = 'Cambodia'::text))","Rows Removed by Filter":60,"Shared Hit Blocks":1,"Shared Read Blocks":0,"Shared Dirtied Blocks":0,"Shared Written Blocks":0,"Local Hit Blocks":0,"Local Read Blocks":0,"Local Dirtied Blocks":0,"Local Written Blocks":0,"Temp Read Blocks":0,"Temp Written Blocks":0,"I/O Read Time":0.0,"I/O Write Time":0.0,"Temp I/O Read Time":0.0,"Temp I/O Write Time":0.0}]}]},{"Node Type":"Hash","Parent Relationship":"Inner","Parallel Aware":false,"Async Capable":false,"Startup Cost":119121.6,"Total Cost":119121.6,"Plan Rows":5996324,"Plan Width":24,"Actual Startup Time":1811.421,"Actual Total Time":1811.424,"Actual Rows":5995789,"Actual Loops":1,"Output":["orders.o_entry_d","orders.o_w_id","orders.o_d_id","orders.o_id","orders.o_c_id"],"Hash Buckets":131072,"Original Hash Buckets":131072,"Hash Batches":64,"Original Hash Batches":64,"Peak Memory Usage":6496,"Shared Hit Blocks":44122,"Shared Read Blocks":0,"Shared Dirtied Blocks":0,"Shared Written Blocks":0,"Local Hit Blocks":0,"Local Read Blocks":0,"Local Dirtied Blocks":0,"Local Written Blocks":0,"Temp Read Blocks":0,"Temp Written Blocks":34552,"I/O Read Time":0.0,"I/O Write Time":0.0,"Temp I/O Read Time":0.0,"Temp I/O Write Time":158.489,"Plans":[{"Node Type":"Seq Scan","Parent Relationship":"Outer","Parallel Aware":false,"Async Capable":false,"Relation Name":"orders","Schema":"public","Alias":"orders","Startup Cost":0.0,"Total Cost":119121.6,"Plan Rows":5996324,"Plan Width":24,"Actual Startup Time":0.021,"Actual Total Time":732.461,"Actual Rows":5995789,"Actual Loops":1,"Output":["orders.o_entry_d","orders.o_w_id","orders.o_d_id","orders.o_id","orders.o_c_id"],"Filter":"(orders.o_entry_d >= '1992-01-02 20:10:02.27764'::timestamp without time zone)","Rows Removed by Filter":4211,"Shared Hit Blocks":44122,"Shared Read Blocks":0,"Shared Dirtied Blocks":0,"Shared Written Blocks":0,"Local Hit Blocks":0,"Local Read Blocks":0,"Local Dirtied Blocks":0,"Local Written Blocks":0,"Temp Read Blocks":0,"Temp Written Blocks":0,"I/O Read Time":0.0,"I/O Write Time":0.0,"Temp I/O Read Time":0.0,"Temp I/O Write Time":0.0}]}]}]},{"Node Type":"Materialize","Parent Relationship":"Inner","Parallel Aware":false,"Async Capable":false,"Startup Cost":557789.1,"Total Cost":558756.87,"Plan Rows":193553,"Plan Width":20,"Actual Startup Time":2228.115,"Actual Total Time":2301.242,"Actual Rows":293066,"Actual Loops":1,"Output":["customer.c_nationkey","customer.c_id","customer.c_w_id","customer.c_d_id","n2.n_name"],"Shared Hit Blocks":459991,"Shared Read Blocks":0,"Shared Dirtied Blocks":0,"Shared Written Blocks":0,"Local Hit Blocks":0,"Local Read Blocks":0,"Local Dirtied Blocks":0,"Local Written Blocks":0,"Temp Read Blocks":1090,"Temp Written Blocks":1096,"I/O Read Time":0.0,"I/O Write Time":0.0,"Temp I/O Read Time":1.566,"Temp I/O Write Time":4.34,"Plans":[{"Node Type":"Sort","Parent Relationship":"Outer","Parallel Aware":false,"Async Capable":false,"Startup Cost":557789.1,"Total Cost":558272.98,"Plan Rows":193553,"Plan Width":20,"Actual Startup Time":2228.104,"Actual Total Time":2268.488,"Actual Rows":289967,"Actual Loops":1,"Output":["customer.c_nationkey","customer.c_id","customer.c_w_id","customer.c_d_id","n2.n_name"],"Sort Key":["customer.c_id","customer.c_w_id","customer.c_d_id"],"Sort Method":"external merge","Sort Space Used":8720,"Sort Space Type":"Disk","Shared Hit Blocks":459991,"Shared Read Blocks":0,"Shared Dirtied Blocks":0,"Shared Written Blocks":0,"Local Hit Blocks":0,"Local Read Blocks":0,"Local Dirtied Blocks":0,"Local Written Blocks":0,"Temp Read Blocks":1090,"Temp Written Blocks":1096,"I/O Read Time":0.0,"I/O Write Time":0.0,"Temp I/O Read Time":1.566,"Temp I/O Write Time":4.34,"Plans":[{"Node Type":"Hash Join","Parent Relationship":"Outer","Parallel Aware":false,"Async Capable":false,"Join Type":"Inner","Startup Cost":1.95,"Total Cost":536820.36,"Plan Rows":193553,"Plan Width":20,"Actual Startup Time":0.088,"Actual Total Time":2118.586,"Actual Rows":289972,"Actual Loops":1,"Output":["customer.c_nationkey","customer.c_id","customer.c_w_id","customer.c_d_id","n2.n_name"],"Hash Cond":"(customer.c_nationkey = n2.n_nationkey)","Shared Hit Blocks":459991,"Shared Read Blocks":0,"Shared Dirtied Blocks":0,"Shared Written Blocks":0,"Local Hit Blocks":0,"Local Read Blocks":0,"Local Dirtied Blocks":0,"Local Written Blocks":0,"Temp Read Blocks":0,"Temp Written Blocks":0,"I/O Read Time":0.0,"I/O Write Time":0.0,"Temp I/O Read Time":0.0,"Temp I/O Write Time":0.0,"Plans":[{"Node Type":"Seq Scan","Parent Relationship":"Outer","Parallel Aware":false,"Async Capable":false,"Relation Name":"customer","Schema":"public","Alias":"customer","Startup Cost":0.0,"Total Cost":519991.4,"Plan Rows":6000140,"Plan Width":12,"Actual Startup Time":0.027,"Actual Total Time":707.423,"Actual Rows":6000000,"Actual Loops":1,"Output":["customer.c_id","customer.c_d_id","customer.c_w_id","customer.c_nationkey","customer.c_first","customer.c_middle","customer.c_last","customer.c_street_1","customer.c_street_2","customer.c_city","customer.c_state","customer.c_zip","customer.c_phone","customer.c_since","customer.c_credit","customer.c_credit_lim","customer.c_discount","customer.c_balance","customer.c_ytd_payment","customer.c_payment_cnt","customer.c_delivery_cnt","customer.c_data"],"Shared Hit Blocks":459990,"Shared Read Blocks":0,"Shared Dirtied Blocks":0,"Shared Written Blocks":0,"Local Hit Blocks":0,"Local Read Blocks":0,"Local Dirtied Blocks":0,"Local Written Blocks":0,"Temp Read Blocks":0,"Temp Written Blocks":0,"I/O Read Time":0.0,"I/O Write Time":0.0,"Temp I/O Read Time":0.0,"Temp I/O Write Time":0.0},{"Node Type":"Hash","Parent Relationship":"Inner","Parallel Aware":false,"Async Capable":false,"Startup Cost":1.93,"Total Cost":1.93,"Plan Rows":2,"Plan Width":12,"Actual Startup Time":0.026,"Actual Total Time":0.026,"Actual Rows":2,"Actual Loops":1,"Output":["n2.n_nationkey","n2.n_name"],"Hash Buckets":1024,"Original Hash Buckets":1024,"Hash Batches":1,"Original Hash Batches":1,"Peak Memory Usage":9,"Shared Hit Blocks":1,"Shared Read Blocks":0,"Shared Dirtied Blocks":0,"Shared Written Blocks":0,"Local Hit Blocks":0,"Local Read Blocks":0,"Local Dirtied Blocks":0,"Local Written Blocks":0,"Temp Read Blocks":0,"Temp Written Blocks":0,"I/O Read Time":0.0,"I/O Write Time":0.0,"Temp I/O Read Time":0.0,"Temp I/O Write Time":0.0,"Plans":[{"Node Type":"Seq Scan","Parent Relationship":"Outer","Parallel Aware":false,"Async Capable":false,"Relation Name":"nation","Schema":"public","Alias":"n2","Startup Cost":0.0,"Total Cost":1.93,"Plan Rows":2,"Plan Width":12,"Actual Startup Time":0.016,"Actual Total Time":0.021,"Actual Rows":2,"Actual Loops":1,"Output":["n2.n_nationkey","n2.n_name"],"Filter":"(((n2.n_name)::text = 'Cambodia'::text) OR ((n2.n_name)::text = 'Germany'::text))","Rows Removed by Filter":60,"Shared Hit Blocks":1,"Shared Read Blocks":0,"Shared Dirtied Blocks":0,"Shared Written Blocks":0,"Local Hit Blocks":0,"Local Read Blocks":0,"Local Dirtied Blocks":0,"Local Written Blocks":0,"Temp Read Blocks":0,"Temp Written Blocks":0,"I/O Read Time":0.0,"I/O Write Time":0.0,"Temp I/O Read Time":0.0,"Temp I/O Write Time":0.0}]}]}]}]}]}]}]},"Planning":{"Shared Hit Blocks":152,"Shared Read Blocks":0,"Shared Dirtied Blocks":0,"Shared Written Blocks":0,"Local Hit Blocks":0,"Local Read Blocks":0,"Local Dirtied Blocks":0,"Local Written Blocks":0,"Temp Read Blocks":0,"Temp Written Blocks":0,"I/O Read Time":0.0,"I/O Write Time":0.0,"Temp I/O Read Time":0.0,"Temp I/O Write Time":0.0},"Planning Time":3.82,"Triggers":[],"Execution Time":15126.584}]
[列存组合]: order_line, orders, supplier
[{"Plan":{"Node Type":"Aggregate","Strategy":"Sorted","Partial Mode":"Simple","Parallel Aware":false,"Async Capable":false,"Startup Cost":2368416.12,"Total Cost":2368670.94,"Plan Rows":9266,"Plan Width":72,"Actual Startup Time":24101.582,"Actual Total Time":24104.147,"Actual Rows":6,"Actual Loops":1,"Output":["supplier.su_nationkey","customer.c_nationkey","(EXTRACT(year FROM orders.o_entry_d))","sum(order_line.ol_amount)"],"Group Key":["supplier.su_nationkey","customer.c_nationkey","(EXTRACT(year FROM orders.o_entry_d))"],"Shared Hit Blocks":514665,"Shared Read Blocks":0,"Shared Dirtied Blocks":0,"Shared Written Blocks":0,"Local Hit Blocks":0,"Local Read Blocks":0,"Local Dirtied Blocks":0,"Local Written Blocks":0,"Temp Read Blocks":136107,"Temp Written Blocks":136107,"I/O Read Time":0.0,"I/O Write Time":0.0,"Temp I/O Read Time":207.052,"Temp I/O Write Time":619.626,"Plans":[{"Node Type":"Sort","Parent Relationship":"Outer","Parallel Aware":false,"Async Capable":false,"Startup Cost":2368416.12,"Total Cost":2368439.29,"Plan Rows":9266,"Plan Width":44,"Actual Startup Time":24101.472,"Actual Total Time":24102.016,"Actual Rows":12121,"Actual Loops":1,"Output":["supplier.su_nationkey","customer.c_nationkey","(EXTRACT(year FROM orders.o_entry_d))","order_line.ol_amount"],"Sort Key":["supplier.su_nationkey","customer.c_nationkey","(EXTRACT(year FROM orders.o_entry_d))"],"Sort Method":"quicksort","Sort Space Used":1047,"Sort Space Type":"Memory","Shared Hit Blocks":514665,"Shared Read Blocks":0,"Shared Dirtied Blocks":0,"Shared Written Blocks":0,"Local Hit Blocks":0,"Local Read Blocks":0,"Local Dirtied Blocks":0,"Local Written Blocks":0,"Temp Read Blocks":136107,"Temp Written Blocks":136107,"I/O Read Time":0.0,"I/O Write Time":0.0,"Temp I/O Read Time":207.052,"Temp I/O Write Time":619.626,"Plans":[{"Node Type":"Hash Join","Parent Relationship":"Outer","Parallel Aware":false,"Async Capable":false,"Join Type":"Inner","Startup Cost":1321617.91,"Total Cost":2367805.6,"Plan Rows":9266,"Plan Width":44,"Actual Startup Time":11222.731,"Actual Total Time":24097.875,"Actual Rows":12121,"Actual Loops":1,"Output":["supplier.su_nationkey","customer.c_nationkey","EXTRACT(year FROM orders.o_entry_d)","order_line.ol_amount"],"Hash Cond":"((order_line.ol_supply_w_id = stock.s_w_id) AND (order_line.ol_i_id = stock.s_i_id))","Join Filter":"((((n1.n_name)::text = 'Germany'::text) AND ((n2.n_name)::text = 'Cambodia'::text)) OR (((n1.n_name)::text = 'Cambodia'::text) AND ((n2.n_name)::text = 'Germany'::text)))","Rows Removed by Join Filter":11453,"Shared Hit Blocks":514665,"Shared Read Blocks":0,"Shared Dirtied Blocks":0,"Shared Written Blocks":0,"Local Hit Blocks":0,"Local Read Blocks":0,"Local Dirtied Blocks":0,"Local Written Blocks":0,"Temp Read Blocks":136107,"Temp Written Blocks":136107,"I/O Read Time":0.0,"I/O Write Time":0.0,"Temp I/O Read Time":207.052,"Temp I/O Write Time":619.626,"Plans":[{"Node Type":"Hash Join","Parent Relationship":"Outer","Parallel Aware":false,"Async Capable":false,"Join Type":"Inner","Startup Cost":674833.13,"Total Cost":1696398.67,"Plan Rows":565362,"Plan Width":30,"Actual Startup Time":4382.973,"Actual Total Time":17101.978,"Actual Rows":818159,"Actual Loops":1,"Output":["order_line.ol_amount","order_line.ol_supply_w_id","order_line.ol_i_id","orders.o_entry_d","customer.c_nationkey","n2.n_name"],"Hash Cond":"(customer.c_nationkey = n2.n_nationkey)","Shared Hit Blocks":459991,"Shared Read Blocks":0,"Shared Dirtied Blocks":0,"Shared Written Blocks":0,"Local Hit Blocks":0,"Local Read Blocks":0,"Local Dirtied Blocks":0,"Local Written Blocks":0,"Temp Read Blocks":128697,"Temp Written Blocks":128697,"I/O Read Time":0.0,"I/O Write Time":0.0,"Temp I/O Read Time":195.828,"Temp I/O Write Time":582.49,"Plans":[{"Node Type":"Hash Join","Parent Relationship":"Outer","Parallel Aware":false,"Async Capable":false,"Join Type":"Inner","Startup Cost":674831.17,"Total Cost":1647245.57,"Plan Rows":17526218,"Plan Width":22,"Actual Startup Time":4381.847,"Actual Total Time":15896.02,"Actual Rows":16894821,"Actual Loops":1,"Output":["order_line.ol_amount","order_line.ol_supply_w_id","order_line.ol_i_id","orders.o_entry_d","customer.c_nationkey"],"Hash Cond":"((order_line.ol_w_id = customer.c_w_id) AND (order_line.ol_d_id = customer.c_d_id) AND (orders.o_c_id = customer.c_id))","Shared Hit Blocks":459990,"Shared Read Blocks":0,"Shared Dirtied Blocks":0,"Shared Written Blocks":0,"Local Hit Blocks":0,"Local Read Blocks":0,"Local Dirtied Blocks":0,"Local Written Blocks":0,"Temp Read Blocks":128697,"Temp Written Blocks":128697,"I/O Read Time":0.0,"I/O Write Time":0.0,"Temp I/O Read Time":195.828,"Temp I/O Write Time":582.49,"Plans":[{"Node Type":"Hash Join","Parent Relationship":"Outer","Parallel Aware":false,"Async Capable":false,"Join Type":"Inner","Startup Cost":20539.32,"Total Cost":586018.71,"Plan Rows":17526218,"Plan Width":30,"Actual Startup Time":1592.996,"Actual Total Time":4908.216,"Actual Rows":16894821,"Actual Loops":1,"Output":["order_line.ol_amount","order_line.ol_supply_w_id","order_line.ol_i_id","order_line.ol_w_id","order_line.ol_d_id","orders.o_entry_d","orders.o_w_id","orders.o_d_id","orders.o_c_id"],"Hash Cond":"((order_line.ol_w_id = orders.o_w_id) AND (order_line.ol_d_id = orders.o_d_id) AND (order_line.ol_o_id = orders.o_id))","Rows Removed by Bloom Filter":0,"Shared Hit Blocks":0,"Shared Read Blocks":0,"Shared Dirtied Blocks":0,"Shared Written Blocks":0,"Local Hit Blocks":0,"Local Read Blocks":0,"Local Dirtied Blocks":0,"Local Written Blocks":0,"Temp Read Blocks":0,"Temp Written Blocks":0,"I/O Read Time":0.0,"I/O Write Time":0.0,"Temp I/O Read Time":0.0,"Temp I/O Write Time":0.0,"Plans":[{"Node Type":"Append","Parent Relationship":"Outer","Parallel Aware":false,"Async Capable":false,"Startup Cost":20.0,"Total Cost":482290.51,"Plan Rows":17536869,"Plan Width":22,"Actual Startup Time":1064.004,"Actual Total Time":1064.012,"Actual Rows":16894821,"Actual Loops":1,"Shared Hit Blocks":0,"Shared Read Blocks":0,"Shared Dirtied Blocks":0,"Shared Written Blocks":0,"Local Hit Blocks":0,"Local Read Blocks":0,"Local Dirtied Blocks":0,"Local Written Blocks":0,"Temp Read Blocks":0,"Temp Written Blocks":0,"I/O Read Time":0.0,"I/O Write Time":0.0,"Temp I/O Read Time":0.0,"Temp I/O Write Time":0.0,"Subplans Removed":0,"Plans":[{"Node Type":"Custom Scan","Parent Relationship":"Member","Custom Plan Provider":"columnar scan","Parallel Aware":false,"Async Capable":false,"Relation Name":"order_line","Schema":"public","Alias":"order_line","Startup Cost":20.0,"Total Cost":482285.56,"Plan Rows":17536851,"Plan Width":22,"Actual Startup Time":1064.0,"Actual Total Time":1064.002,"Actual Rows":16894821,"Actual Loops":1,"Output":["order_line.ol_amount","order_line.ol_supply_w_id","order_line.ol_i_id","order_line.ol_w_id","order_line.ol_d_id","order_line.ol_o_id"],"Filter":"((order_line.ol_delivery_d <= '1997-01-01 20:10:02.27764'::timestamp without time zone) AND (order_line.ol_delivery_d >= '1995-01-02 20:10:02.27764'::timestamp without time zone))","Rows Removed by Filter":0,"Rows Removed by Columnar Filter":43098940,"Rows Filtered by Bloom Filter":0,"Dictionary Rows Filtered by Bloom Filter":857915,"Columnar cache search mode":"native","Shared Hit Blocks":0,"Shared Read Blocks":0,"Shared Dirtied Blocks":0,"Shared Written Blocks":0,"Local Hit Blocks":0,"Local Read Blocks":0,"Local Dirtied Blocks":0,"Local Written Blocks":0,"Temp Read Blocks":0,"Temp Written Blocks":0,"I/O Read Time":0.0,"I/O Write Time":0.0,"Temp I/O Read Time":0.0,"Temp I/O Write Time":0.0},{"Node Type":"Seq Scan","Parent Relationship":"Member","Parallel Aware":false,"Async Capable":false,"Relation Name":"order_line","Schema":"public","Alias":"order_line","Startup Cost":0.0,"Total Cost":4.95,"Plan Rows":18,"Plan Width":22,"Actual Startup Time":0.0,"Actual Total Time":0.0,"Actual Rows":0,"Actual Loops":0,"Output":["order_line.ol_amount","order_line.ol_supply_w_id","order_line.ol_i_id","order_line.ol_w_id","order_line.ol_d_id","order_line.ol_o_id"],"Filter":"((order_line.ol_delivery_d <= '1997-01-01 20:10:02.27764'::timestamp without time zone) AND (order_line.ol_delivery_d >= '1995-01-02 20:10:02.27764'::timestamp without time zone))","Rows Removed by Filter":0,"Shared Hit Blocks":0,"Shared Read Blocks":0,"Shared Dirtied Blocks":0,"Shared Written Blocks":0,"Local Hit Blocks":0,"Local Read Blocks":0,"Local Dirtied Blocks":0,"Local Written Blocks":0,"Temp Read Blocks":0,"Temp Written Blocks":0,"I/O Read Time":0.0,"I/O Write Time":0.0,"Temp I/O Read Time":0.0,"Temp I/O Write Time":0.0}]},{"Node Type":"Hash","Parent Relationship":"Inner","Parallel Aware":false,"Async Capable":false,"Startup Cost":152930.34,"Total Cost":152930.34,"Plan Rows":5996325,"Plan Width":24,"Actual Rows":5995789,"Actual Loops":1,"Output":["orders.o_entry_d","orders.o_w_id","orders.o_d_id","orders.o_id","orders.o_c_id"],"Shared Hit Blocks":0,"Shared Read Blocks":0,"Shared Dirtied Blocks":0,"Shared Written Blocks":0,"Local Hit Blocks":0,"Local Read Blocks":0,"Local Dirtied Blocks":0,"Local Written Blocks":0,"Temp Read Blocks":0,"Temp Written Blocks":0,"I/O Read Time":0.0,"I/O Write Time":0.0,"Temp I/O Read Time":0.0,"Temp I/O Write Time":0.0,"Plans":[{"Node Type":"Append","Parent Relationship":"Outer","Parallel Aware":false,"Async Capable":false,"Startup Cost":20.0,"Total Cost":152930.34,"Plan Rows":5996325,"Plan Width":24,"Actual Startup Time":3.137,"Actual Total Time":3.141,"Actual Rows":5995789,"Actual Loops":1,"Shared Hit Blocks":0,"Shared Read Blocks":0,"Shared Dirtied Blocks":0,"Shared Written Blocks":0,"Local Hit Blocks":0,"Local Read Blocks":0,"Local Dirtied Blocks":0,"Local Written Blocks":0,"Temp Read Blocks":0,"Temp Written Blocks":0,"I/O Read Time":0.0,"I/O Write Time":0.0,"Temp I/O Read Time":0.0,"Temp I/O Write Time":0.0,"Subplans Removed":0,"Plans":[{"Node Type":"Custom Scan","Parent Relationship":"Member","Custom Plan Provider":"columnar scan","Parallel Aware":false,"Async Capable":false,"Relation Name":"orders","Schema":"public","Alias":"orders","Startup Cost":20.0,"Total Cost":152926.32,"Plan Rows":5996324,"Plan Width":24,"Actual Startup Time":3.134,"Actual Total Time":3.134,"Actual Rows":5995789,"Actual Loops":1,"Output":["orders.o_entry_d","orders.o_w_id","orders.o_d_id","orders.o_id","orders.o_c_id"],"Filter":"(orders.o_entry_d >= '1992-01-02 20:10:02.27764'::timestamp without time zone)","Rows Removed by Filter":0,"Rows Removed by Columnar Filter":4211,"Columnar cache search mode":"native","Shared Hit Blocks":0,"Shared Read Blocks":0,"Shared Dirtied Blocks":0,"Shared Written Blocks":0,"Local Hit Blocks":0,"Local Read Blocks":0,"Local Dirtied Blocks":0,"Local Written Blocks":0,"Temp Read Blocks":0,"Temp Written Blocks":0,"I/O Read Time":0.0,"I/O Write Time":0.0,"Temp I/O Read Time":0.0,"Temp I/O Write Time":0.0},{"Node Type":"Seq Scan","Parent Relationship":"Member","Parallel Aware":false,"Async Capable":false,"Relation Name":"orders","Schema":"public","Alias":"orders","Startup Cost":0.0,"Total Cost":4.01,"Plan Rows":1,"Plan Width":24,"Actual Startup Time":0.0,"Actual Total Time":0.0,"Actual Rows":0,"Actual Loops":0,"Output":["orders.o_entry_d","orders.o_w_id","orders.o_d_id","orders.o_id","orders.o_c_id"],"Filter":"(orders.o_entry_d >= '1992-01-02 20:10:02.27764'::timestamp without time zone)","Rows Removed by Filter":0,"Shared Hit Blocks":0,"Shared Read Blocks":0,"Shared Dirtied Blocks":0,"Shared Written Blocks":0,"Local Hit Blocks":0,"Local Read Blocks":0,"Local Dirtied Blocks":0,"Local Written Blocks":0,"Temp Read Blocks":0,"Temp Written Blocks":0,"I/O Read Time":0.0,"I/O Write Time":0.0,"Temp I/O Read Time":0.0,"Temp I/O Write Time":0.0}]}]}]},{"Node Type":"Hash","Parent Relationship":"Inner","Parallel Aware":false,"Async Capable":false,"Startup Cost":519991.4,"Total Cost":519991.4,"Plan Rows":6000140,"Plan Width":12,"Actual Startup Time":2787.382,"Actual Total Time":2787.385,"Actual Rows":6000000,"Actual Loops":1,"Output":["customer.c_nationkey","customer.c_id","customer.c_w_id","customer.c_d_id"],"Hash Buckets":262144,"Original Hash Buckets":262144,"Hash Batches":64,"Original Hash Batches":64,"Peak Memory Usage":6082,"Shared Hit Blocks":459990,"Shared Read Blocks":0,"Shared Dirtied Blocks":0,"Shared Written Blocks":0,"Local Hit Blocks":0,"Local Read Blocks":0,"Local Dirtied Blocks":0,"Local Written Blocks":0,"Temp Read Blocks":0,"Temp Written Blocks":23040,"I/O Read Time":0.0,"I/O Write Time":0.0,"Temp I/O Read Time":0.0,"Temp I/O Write Time":112.863,"Plans":[{"Node Type":"Seq Scan","Parent Relationship":"Outer","Parallel Aware":false,"Async Capable":false,"Relation Name":"customer","Schema":"public","Alias":"customer","Startup Cost":0.0,"Total Cost":519991.4,"Plan Rows":6000140,"Plan Width":12,"Actual Startup Time":0.023,"Actual Total Time":1787.545,"Actual Rows":6000000,"Actual Loops":1,"Output":["customer.c_nationkey","customer.c_id","customer.c_w_id","customer.c_d_id"],"Shared Hit Blocks":459990,"Shared Read Blocks":0,"Shared Dirtied Blocks":0,"Shared Written Blocks":0,"Local Hit Blocks":0,"Local Read Blocks":0,"Local Dirtied Blocks":0,"Local Written Blocks":0,"Temp Read Blocks":0,"Temp Written Blocks":0,"I/O Read Time":0.0,"I/O Write Time":0.0,"Temp I/O Read Time":0.0,"Temp I/O Write Time":0.0}]}]},{"Node Type":"Hash","Parent Relationship":"Inner","Parallel Aware":false,"Async Capable":false,"Startup Cost":1.93,"Total Cost":1.93,"Plan Rows":2,"Plan Width":12,"Actual Startup Time":0.031,"Actual Total Time":0.032,"Actual Rows":2,"Actual Loops":1,"Output":["n2.n_nationkey","n2.n_name"],"Hash Buckets":1024,"Original Hash Buckets":1024,"Hash Batches":1,"Original Hash Batches":1,"Peak Memory Usage":9,"Shared Hit Blocks":1,"Shared Read Blocks":0,"Shared Dirtied Blocks":0,"Shared Written Blocks":0,"Local Hit Blocks":0,"Local Read Blocks":0,"Local Dirtied Blocks":0,"Local Written Blocks":0,"Temp Read Blocks":0,"Temp Written Blocks":0,"I/O Read Time":0.0,"I/O Write Time":0.0,"Temp I/O Read Time":0.0,"Temp I/O Write Time":0.0,"Plans":[{"Node Type":"Seq Scan","Parent Relationship":"Outer","Parallel Aware":false,"Async Capable":false,"Relation Name":"nation","Schema":"public","Alias":"n2","Startup Cost":0.0,"Total Cost":1.93,"Plan Rows":2,"Plan Width":12,"Actual Startup Time":0.021,"Actual Total Time":0.026,"Actual Rows":2,"Actual Loops":1,"Output":["n2.n_nationkey","n2.n_name"],"Filter":"(((n2.n_name)::text = 'Cambodia'::text) OR ((n2.n_name)::text = 'Germany'::text))","Rows Removed by Filter":60,"Shared Hit Blocks":1,"Shared Read Blocks":0,"Shared Dirtied Blocks":0,"Shared Written Blocks":0,"Local Hit Blocks":0,"Local Read Blocks":0,"Local Dirtied Blocks":0,"Local Written Blocks":0,"Temp Read Blocks":0,"Temp Written Blocks":0,"I/O Read Time":0.0,"I/O Write Time":0.0,"Temp I/O Read Time":0.0,"Temp I/O Write Time":0.0}]}]},{"Node Type":"Hash","Parent Relationship":"Inner","Parallel Aware":false,"Async Capable":false,"Startup Cost":633326.26,"Total Cost":633326.26,"Plan Rows":645168,"Plan Width":18,"Actual Startup Time":6667.531,"Actual Total Time":6667.546,"Actual Rows":566400,"Actual Loops":1,"Output":["supplier.su_nationkey","stock.s_w_id","stock.s_i_id","n1.n_name"],"Hash Buckets":131072,"Original Hash Buckets":131072,"Hash Batches":8,"Original Hash Batches":8,"Peak Memory Usage":4646,"Shared Hit Blocks":54674,"Shared Read Blocks":0,"Shared Dirtied Blocks":0,"Shared Written Blocks":0,"Local Hit Blocks":0,"Local Read Blocks":0,"Local Dirtied Blocks":0,"Local Written Blocks":0,"Temp Read Blocks":0,"Temp Written Blocks":2445,"I/O Read Time":0.0,"I/O Write Time":0.0,"Temp I/O Read Time":0.0,"Temp I/O Write Time":13.805,"Plans":[{"Node Type":"Hash Join","Parent Relationship":"Outer","Parallel Aware":false,"Async Capable":false,"Join Type":"Inner","Startup Cost":346.42,"Total Cost":633326.26,"Plan Rows":645168,"Plan Width":18,"Actual Startup Time":3.233,"Actual Total Time":6519.232,"Actual Rows":566400,"Actual Loops":1,"Output":["supplier.su_nationkey","stock.s_w_id","stock.s_i_id","n1.n_name"],"Hash Cond":"(supplier.su_nationkey = n1.n_nationkey)","Shared Hit Blocks":54674,"Shared Read Blocks":0,"Shared Dirtied Blocks":0,"Shared Written Blocks":0,"Local Hit Blocks":0,"Local Read Blocks":0,"Local Dirtied Blocks":0,"Local Written Blocks":0,"Temp Read Blocks":0,"Temp Written Blocks":0,"I/O Read Time":0.0,"I/O Write Time":0.0,"Temp I/O Read Time":0.0,"Temp I/O Write Time":0.0,"Plans":[{"Node Type":"Hash Join","Parent Relationship":"Outer","Parallel Aware":false,"Async Capable":false,"Join Type":"Inner","Startup Cost":344.46,"Total Cost":577235.0,"Plan Rows":20000212,"Plan Width":10,"Actual Startup Time":3.201,"Actual Total Time":5192.185,"Actual Rows":20000000,"Actual Loops":1,"Output":["supplier.su_nationkey","stock.s_w_id","stock.s_i_id"],"Hash Cond":"(mod((stock.s_w_id * stock.s_i_id), 10000) = supplier.su_suppkey)","Shared Hit Blocks":54673,"Shared Read Blocks":0,"Shared Dirtied Blocks":0,"Shared Written Blocks":0,"Local Hit Blocks":0,"Local Read Blocks":0,"Local Dirtied Blocks":0,"Local Written Blocks":0,"Temp Read Blocks":0,"Temp Written Blocks":0,"I/O Read Time":0.0,"I/O Write Time":0.0,"Temp I/O Read Time":0.0,"Temp I/O Write Time":0.0,"Plans":[{"Node Type":"Index Only Scan","Parent Relationship":"Outer","Parallel Aware":false,"Async Capable":false,"Scan Direction":"Forward","Index Name":"stock_pk","Relation Name":"stock","Schema":"public","Alias":"stock","Startup Cost":0.44,"Total Cost":519363.62,"Plan Rows":20000212,"Plan Width":6,"Actual Startup Time":0.012,"Actual Total Time":1523.496,"Actual Rows":20000000,"Actual Loops":1,"Output":["stock.s_w_id","stock.s_i_id"],"Heap Fetches":0,"Shared Hit Blocks":54673,"Shared Read Blocks":0,"Shared Dirtied Blocks":0,"Shared Written Blocks":0,"Local Hit Blocks":0,"Local Read Blocks":0,"Local Dirtied Blocks":0,"Local Written Blocks":0,"Temp Read Blocks":0,"Temp Written Blocks":0,"I/O Read Time":0.0,"I/O Write Time":0.0,"Temp I/O Read Time":0.0,"Temp I/O Write Time":0.0},{"Node Type":"Hash","Parent Relationship":"Inner","Parallel Aware":false,"Async Capable":false,"Startup Cost":219.01,"Total Cost":219.01,"Plan Rows":10001,"Plan Width":8,"Actual Startup Time":3.139,"Actual Total Time":3.143,"Actual Rows":10000,"Actual Loops":1,"Output":["supplier.su_nationkey","supplier.su_suppkey"],"Hash Buckets":16384,"Original Hash Buckets":16384,"Hash Batches":1,"Original Hash Batches":1,"Peak Memory Usage":519,"Shared Hit Blocks":0,"Shared Read Blocks":0,"Shared Dirtied Blocks":0,"Shared Written Blocks":0,"Local Hit Blocks":0,"Local Read Blocks":0,"Local Dirtied Blocks":0,"Local Written Blocks":0,"Temp Read Blocks":0,"Temp Written Blocks":0,"I/O Read Time":0.0,"I/O Write Time":0.0,"Temp I/O Read Time":0.0,"Temp I/O Write Time":0.0,"Plans":[{"Node Type":"Append","Parent Relationship":"Outer","Parallel Aware":false,"Async Capable":false,"Startup Cost":20.0,"Total Cost":219.01,"Plan Rows":10001,"Plan Width":8,"Actual Startup Time":0.013,"Actual Total Time":1.844,"Actual Rows":10000,"Actual Loops":1,"Shared Hit Blocks":0,"Shared Read Blocks":0,"Shared Dirtied Blocks":0,"Shared Written Blocks":0,"Local Hit Blocks":0,"Local Read Blocks":0,"Local Dirtied Blocks":0,"Local Written Blocks":0,"Temp Read Blocks":0,"Temp Written Blocks":0,"I/O Read Time":0.0,"I/O Write Time":0.0,"Temp I/O Read Time":0.0,"Temp I/O Write Time":0.0,"Subplans Removed":0,"Plans":[{"Node Type":"Custom Scan","Parent Relationship":"Member","Custom Plan Provider":"columnar scan","Parallel Aware":false,"Async Capable":false,"Relation Name":"supplier","Schema":"public","Alias":"supplier","Startup Cost":20.0,"Total Cost":215.0,"Plan Rows":10000,"Plan Width":8,"Actual Startup Time":0.011,"Actual Total Time":1.117,"Actual Rows":10000,"Actual Loops":1,"Output":["supplier.su_nationkey","supplier.su_suppkey"],"Rows Removed by Columnar Filter":0,"Columnar cache search mode":"native","Shared Hit Blocks":0,"Shared Read Blocks":0,"Shared Dirtied Blocks":0,"Shared Written Blocks":0,"Local Hit Blocks":0,"Local Read Blocks":0,"Local Dirtied Blocks":0,"Local Written Blocks":0,"Temp Read Blocks":0,"Temp Written Blocks":0,"I/O Read Time":0.0,"I/O Write Time":0.0,"Temp I/O Read Time":0.0,"Temp I/O Write Time":0.0},{"Node Type":"Seq Scan","Parent Relationship":"Member","Parallel Aware":false,"Async Capable":false,"Relation Name":"supplier","Schema":"public","Alias":"supplier","Startup Cost":0.0,"Total Cost":4.01,"Plan Rows":1,"Plan Width":8,"Actual Startup Time":0.0,"Actual Total Time":0.0,"Actual Rows":0,"Actual Loops":0,"Output":["supplier.su_nationkey","supplier.su_suppkey"],"Shared Hit Blocks":0,"Shared Read Blocks":0,"Shared Dirtied Blocks":0,"Shared Written Blocks":0,"Local Hit Blocks":0,"Local Read Blocks":0,"Local Dirtied Blocks":0,"Local Written Blocks":0,"Temp Read Blocks":0,"Temp Written Blocks":0,"I/O Read Time":0.0,"I/O Write Time":0.0,"Temp I/O Read Time":0.0,"Temp I/O Write Time":0.0}]}]}]},{"Node Type":"Hash","Parent Relationship":"Inner","Parallel Aware":false,"Async Capable":false,"Startup Cost":1.93,"Total Cost":1.93,"Plan Rows":2,"Plan Width":12,"Actual Startup Time":0.023,"Actual Total Time":0.025,"Actual Rows":2,"Actual Loops":1,"Output":["n1.n_nationkey","n1.n_name"],"Hash Buckets":1024,"Original Hash Buckets":1024,"Hash Batches":1,"Original Hash Batches":1,"Peak Memory Usage":9,"Shared Hit Blocks":1,"Shared Read Blocks":0,"Shared Dirtied Blocks":0,"Shared Written Blocks":0,"Local Hit Blocks":0,"Local Read Blocks":0,"Local Dirtied Blocks":0,"Local Written Blocks":0,"Temp Read Blocks":0,"Temp Written Blocks":0,"I/O Read Time":0.0,"I/O Write Time":0.0,"Temp I/O Read Time":0.0,"Temp I/O Write Time":0.0,"Plans":[{"Node Type":"Seq Scan","Parent Relationship":"Outer","Parallel Aware":false,"Async Capable":false,"Relation Name":"nation","Schema":"public","Alias":"n1","Startup Cost":0.0,"Total Cost":1.93,"Plan Rows":2,"Plan Width":12,"Actual Startup Time":0.014,"Actual Total Time":0.019,"Actual Rows":2,"Actual Loops":1,"Output":["n1.n_nationkey","n1.n_name"],"Filter":"(((n1.n_name)::text = 'Germany'::text) OR ((n1.n_name)::text = 'Cambodia'::text))","Rows Removed by Filter":60,"Shared Hit Blocks":1,"Shared Read Blocks":0,"Shared Dirtied Blocks":0,"Shared Written Blocks":0,"Local Hit Blocks":0,"Local Read Blocks":0,"Local Dirtied Blocks":0,"Local Written Blocks":0,"Temp Read Blocks":0,"Temp Written Blocks":0,"I/O Read Time":0.0,"I/O Write Time":0.0,"Temp I/O Read Time":0.0,"Temp I/O Write Time":0.0}]}]}]}]}]}]},"Planning":{"Shared Hit Blocks":152,"Shared Read Blocks":0,"Shared Dirtied Blocks":0,"Shared Written Blocks":0,"Local Hit Blocks":0,"Local Read Blocks":0,"Local Dirtied Blocks":0,"Local Written Blocks":0,"Temp Read Blocks":0,"Temp Written Blocks":0,"I/O Read Time":0.0,"I/O Write Time":0.0,"Temp I/O Read Time":0.0,"Temp I/O Write Time":0.0},"Planning Time":3.13,"Triggers":[],"Execution Time":24105.038}]
[列存组合]: order_line, stock, supplier
[{"Plan":{"Node Type":"Aggregate","Strategy":"Sorted","Partial Mode":"Simple","Parallel Aware":false,"Async Capable":false,"Startup Cost":2139106.81,"Total Cost":2139361.62,"Plan Rows":9266,"Plan Width":72,"Actual Startup Time":15104.589,"Actual Total Time":15107.237,"Actual Rows":6,"Actual Loops":1,"Output":["supplier.su_nationkey","customer.c_nationkey","(EXTRACT(year FROM orders.o_entry_d))","sum(order_line.ol_amount)"],"Group Key":["supplier.su_nationkey","customer.c_nationkey","(EXTRACT(year FROM orders.o_entry_d))"],"Shared Hit Blocks":504114,"Shared Read Blocks":0,"Shared Dirtied Blocks":0,"Shared Written Blocks":0,"Local Hit Blocks":0,"Local Read Blocks":0,"Local Dirtied Blocks":0,"Local Written Blocks":0,"Temp Read Blocks":41796,"Temp Written Blocks":41814,"I/O Read Time":0.0,"I/O Write Time":0.0,"Temp I/O Read Time":63.619,"Temp I/O Write Time":189.798,"Plans":[{"Node Type":"Sort","Parent Relationship":"Outer","Parallel Aware":false,"Async Capable":false,"Startup Cost":2139106.81,"Total Cost":2139129.97,"Plan Rows":9266,"Plan Width":44,"Actual Startup Time":15104.476,"Actual Total Time":15105.014,"Actual Rows":12121,"Actual Loops":1,"Output":["supplier.su_nationkey","customer.c_nationkey","(EXTRACT(year FROM orders.o_entry_d))","order_line.ol_amount"],"Sort Key":["supplier.su_nationkey","customer.c_nationkey","(EXTRACT(year FROM orders.o_entry_d))"],"Sort Method":"quicksort","Sort Space Used":1047,"Sort Space Type":"Memory","Shared Hit Blocks":504114,"Shared Read Blocks":0,"Shared Dirtied Blocks":0,"Shared Written Blocks":0,"Local Hit Blocks":0,"Local Read Blocks":0,"Local Dirtied Blocks":0,"Local Written Blocks":0,"Temp Read Blocks":41796,"Temp Written Blocks":41814,"I/O Read Time":0.0,"I/O Write Time":0.0,"Temp I/O Read Time":63.619,"Temp I/O Write Time":189.798,"Plans":[{"Node Type":"Merge Join","Parent Relationship":"Outer","Parallel Aware":false,"Async Capable":false,"Join Type":"Inner","Startup Cost":2130036.45,"Total Cost":2138496.28,"Plan Rows":9266,"Plan Width":44,"Actual Startup Time":14761.737,"Actual Total Time":15101.37,"Actual Rows":12121,"Actual Loops":1,"Output":["supplier.su_nationkey","customer.c_nationkey","EXTRACT(year FROM orders.o_entry_d)","order_line.ol_amount"],"Merge Cond":"((orders.o_c_id = customer.c_id) AND (order_line.ol_w_id = customer.c_w_id) AND (order_line.ol_d_id = customer.c_d_id))","Join Filter":"((((n1.n_name)::text = 'Germany'::text) AND ((n2.n_name)::text = 'Cambodia'::text)) OR (((n1.n_name)::text = 'Cambodia'::text) AND ((n2.n_name)::text = 'Germany'::text)))","Rows Removed by Join Filter":11453,"Shared Hit Blocks":504114,"Shared Read Blocks":0,"Shared Dirtied Blocks":0,"Shared Written Blocks":0,"Local Hit Blocks":0,"Local Read Blocks":0,"Local Dirtied Blocks":0,"Local Written Blocks":0,"Temp Read Blocks":41796,"Temp Written Blocks":41814,"I/O Read Time":0.0,"I/O Write Time":0.0,"Temp I/O Read Time":63.619,"Temp I/O Write Time":189.798,"Plans":[{"Node Type":"Sort","Parent Relationship":"Outer","Parallel Aware":false,"Async Capable":false,"Startup Cost":1572247.16,"Total Cost":1573660.56,"Plan Rows":565362,"Plan Width":36,"Actual Startup Time":12552.02,"Actual Total Time":12723.688,"Actual Rows":485009,"Actual Loops":1,"Output":["supplier.su_nationkey","order_line.ol_amount","order_line.ol_w_id","order_line.ol_d_id","orders.o_entry_d","orders.o_w_id","orders.o_d_id","orders.o_c_id","n1.n_name"],"Sort Key":["orders.o_c_id","order_line.ol_w_id","order_line.ol_d_id"],"Sort Method":"external merge","Sort Space Used":24000,"Sort Space Type":"Disk","Shared Hit Blocks":44123,"Shared Read Blocks":0,"Shared Dirtied Blocks":0,"Shared Written Blocks":0,"Local Hit Blocks":0,"Local Read Blocks":0,"Local Dirtied Blocks":0,"Local Written Blocks":0,"Temp Read Blocks":40706,"Temp Written Blocks":40718,"I/O Read Time":0.0,"I/O Write Time":0.0,"Temp I/O Read Time":62.014,"Temp I/O Write Time":185.461,"Plans":[{"Node Type":"Hash Join","Parent Relationship":"Outer","Parallel Aware":false,"Async Capable":false,"Join Type":"Inner","Startup Cost":318158.84,"Total Cost":1502770.67,"Plan Rows":565362,"Plan Width":36,"Actual Startup Time":2771.944,"Actual Total Time":12305.095,"Actual Rows":485009,"Actual Loops":1,"Output":["supplier.su_nationkey","order_line.ol_amount","order_line.ol_w_id","order_line.ol_d_id","orders.o_entry_d","orders.o_w_id","orders.o_d_id","orders.o_c_id","n1.n_name"],"Hash Cond":"((order_line.ol_w_id = orders.o_w_id) AND (order_line.ol_d_id = orders.o_d_id) AND (order_line.ol_o_id = orders.o_id))","Shared Hit Blocks":44123,"Shared Read Blocks":0,"Shared Dirtied Blocks":0,"Shared Written Blocks":0,"Local Hit Blocks":0,"Local Read Blocks":0,"Local Dirtied Blocks":0,"Local Written Blocks":0,"Temp Read Blocks":37706,"Temp Written Blocks":37706,"I/O Read Time":0.0,"I/O Write Time":0.0,"Temp I/O Read Time":57.454,"Temp I/O Write Time":174.188,"Plans":[{"Node Type":"Hash Join","Parent Relationship":"Outer","Parallel Aware":false,"Async Capable":false,"Join Type":"Inner","Startup Cost":58966.57,"Total Cost":1196252.47,"Plan Rows":565705,"Plan Width":28,"Actual Startup Time":951.686,"Actual Total Time":9814.76,"Actual Rows":485009,"Actual Loops":1,"Output":["supplier.su_nationkey","order_line.ol_amount","order_line.ol_w_id","order_line.ol_d_id","order_line.ol_o_id","n1.n_name"],"Hash Cond":"(supplier.su_nationkey = n1.n_nationkey)","Shared Hit Blocks":1,"Shared Read Blocks":0,"Shared Dirtied Blocks":0,"Shared Written Blocks":0,"Local Hit Blocks":0,"Local Read Blocks":0,"Local Dirtied Blocks":0,"Local Written Blocks":0,"Temp Read Blocks":0,"Temp Written Blocks":0,"I/O Read Time":0.0,"I/O Write Time":0.0,"Temp I/O Read Time":0.0,"Temp I/O Write Time":0.0,"Plans":[{"Node Type":"Hash Join","Parent Relationship":"Outer","Parallel Aware":false,"Async Capable":false,"Join Type":"Inner","Startup Cost":58964.62,"Total Cost":1147069.5,"Plan Rows":17536869,"Plan Width":20,"Actual Startup Time":951.535,"Actual Total Time":8608.633,"Actual Rows":17139931,"Actual Loops":1,"Output":["supplier.su_nationkey","order_line.ol_amount","order_line.ol_w_id","order_line.ol_d_id","order_line.ol_o_id"],"Hash Cond":"(mod((stock.s_w_id * stock.s_i_id), 10000) = supplier.su_suppkey)","Shared Hit Blocks":0,"Shared Read Blocks":0,"Shared Dirtied Blocks":0,"Shared Written Blocks":0,"Local Hit Blocks":0,"Local Read Blocks":0,"Local Dirtied Blocks":0,"Local Written Blocks":0,"Temp Read Blocks":0,"Temp Written Blocks":0,"I/O Read Time":0.0,"I/O Write Time":0.0,"Temp I/O Read Time":0.0,"Temp I/O Write Time":0.0,"Plans":[{"Node Type":"Hash Join","Parent Relationship":"Outer","Parallel Aware":false,"Async Capable":false,"Join Type":"Inner","Startup Cost":58620.59,"Total Cost":1096283.52,"Plan Rows":17536869,"Plan Width":22,"Actual Startup Time":948.467,"Actual Total Time":5223.609,"Actual Rows":17139931,"Actual Loops":1,"Output":["stock.s_w_id","stock.s_i_id","order_line.ol_amount","order_line.ol_w_id","order_line.ol_d_id","order_line.ol_o_id"],"Hash Cond":"((order_line.ol_supply_w_id = stock.s_w_id) AND (order_line.ol_i_id = stock.s_i_id))","Rows Removed by Bloom Filter":0,"Shared Hit Blocks":0,"Shared Read Blocks":0,"Shared Dirtied Blocks":0,"Shared Written Blocks":0,"Local Hit Blocks":0,"Local Read Blocks":0,"Local Dirtied Blocks":0,"Local Written Blocks":0,"Temp Read Blocks":0,"Temp Written Blocks":0,"I/O Read Time":0.0,"I/O Write Time":0.0,"Temp I/O Read Time":0.0,"Temp I/O Write Time":0.0,"Plans":[{"Node Type":"Append","Parent Relationship":"Outer","Parallel Aware":false,"Async Capable":false,"Startup Cost":20.0,"Total Cost":482290.51,"Plan Rows":17536869,"Plan Width":22,"Actual Startup Time":27.813,"Actual Total Time":27.822,"Actual Rows":17139931,"Actual Loops":1,"Shared Hit Blocks":0,"Shared Read Blocks":0,"Shared Dirtied Blocks":0,"Shared Written Blocks":0,"Local Hit Blocks":0,"Local Read Blocks":0,"Local Dirtied Blocks":0,"Local Written Blocks":0,"Temp Read Blocks":0,"Temp Written Blocks":0,"I/O Read Time":0.0,"I/O Write Time":0.0,"Temp I/O Read Time":0.0,"Temp I/O Write Time":0.0,"Subplans Removed":0,"Plans":[{"Node Type":"Custom Scan","Parent Relationship":"Member","Custom Plan Provider":"columnar scan","Parallel Aware":false,"Async Capable":false,"Relation Name":"order_line","Schema":"public","Alias":"order_line","Startup Cost":20.0,"Total Cost":482285.56,"Plan Rows":17536851,"Plan Width":22,"Actual Startup Time":27.811,"Actual Total Time":27.813,"Actual Rows":17139931,"Actual Loops":1,"Output":["order_line.ol_amount","order_line.ol_supply_w_id","order_line.ol_i_id","order_line.ol_w_id","order_line.ol_d_id","order_line.ol_o_id"],"Filter":"((order_line.ol_delivery_d <= '1997-01-01 20:10:02.27764'::timestamp without time zone) AND (order_line.ol_delivery_d >= '1995-01-02 20:10:02.27764'::timestamp without time zone))","Rows Removed by Filter":0,"Rows Removed by Columnar Filter":42853830,"Columnar cache search mode":"native","Shared Hit Blocks":0,"Shared Read Blocks":0,"Shared Dirtied Blocks":0,"Shared Written Blocks":0,"Local Hit Blocks":0,"Local Read Blocks":0,"Local Dirtied Blocks":0,"Local Written Blocks":0,"Temp Read Blocks":0,"Temp Written Blocks":0,"I/O Read Time":0.0,"I/O Write Time":0.0,"Temp I/O Read Time":0.0,"Temp I/O Write Time":0.0},{"Node Type":"Seq Scan","Parent Relationship":"Member","Parallel Aware":false,"Async Capable":false,"Relation Name":"order_line","Schema":"public","Alias":"order_line","Startup Cost":0.0,"Total Cost":4.95,"Plan Rows":18,"Plan Width":22,"Actual Startup Time":0.0,"Actual Total Time":0.0,"Actual Rows":0,"Actual Loops":0,"Output":["order_line.ol_amount","order_line.ol_supply_w_id","order_line.ol_i_id","order_line.ol_w_id","order_line.ol_d_id","order_line.ol_o_id"],"Filter":"((order_line.ol_delivery_d <= '1997-01-01 20:10:02.27764'::timestamp without time zone) AND (order_line.ol_delivery_d >= '1995-01-02 20:10:02.27764'::timestamp without time zone))","Rows Removed by Filter":0,"Shared Hit Blocks":0,"Shared Read Blocks":0,"Shared Dirtied Blocks":0,"Shared Written Blocks":0,"Local Hit Blocks":0,"Local Read Blocks":0,"Local Dirtied Blocks":0,"Local Written Blocks":0,"Temp Read Blocks":0,"Temp Written Blocks":0,"I/O Read Time":0.0,"I/O Write Time":0.0,"Temp I/O Read Time":0.0,"Temp I/O Write Time":0.0}]},{"Node Type":"Hash","Parent Relationship":"Inner","Parallel Aware":false,"Async Capable":false,"Startup Cost":390026.22,"Total Cost":390026.22,"Plan Rows":20000212,"Plan Width":6,"Actual Rows":20000000,"Actual Loops":1,"Output":["stock.s_w_id","stock.s_i_id"],"Shared Hit Blocks":0,"Shared Read Blocks":0,"Shared Dirtied Blocks":0,"Shared Written Blocks":0,"Local Hit Blocks":0,"Local Read Blocks":0,"Local Dirtied Blocks":0,"Local Written Blocks":0,"Temp Read Blocks":0,"Temp Written Blocks":0,"I/O Read Time":0.0,"I/O Write Time":0.0,"Temp I/O Read Time":0.0,"Temp I/O Write Time":0.0,"Plans":[{"Node Type":"Append","Parent Relationship":"Outer","Parallel Aware":false,"Async Capable":false,"Startup Cost":20.0,"Total Cost":390026.22,"Plan Rows":20000212,"Plan Width":6,"Actual Startup Time":0.357,"Actual Total Time":0.359,"Actual Rows":20000000,"Actual Loops":1,"Shared Hit Blocks":0,"Shared Read Blocks":0,"Shared Dirtied Blocks":0,"Shared Written Blocks":0,"Local Hit Blocks":0,"Local Read Blocks":0,"Local Dirtied Blocks":0,"Local Written Blocks":0,"Temp Read Blocks":0,"Temp Written Blocks":0,"I/O Read Time":0.0,"I/O Write Time":0.0,"Temp I/O Read Time":0.0,"Temp I/O Write Time":0.0,"Subplans Removed":0,"Plans":[{"Node Type":"Custom Scan","Parent Relationship":"Member","Custom Plan Provider":"columnar scan","Parallel Aware":false,"Async Capable":false,"Relation Name":"stock","Schema":"public","Alias":"stock","Startup Cost":20.0,"Total Cost":390020.1,"Plan Rows":20000000,"Plan Width":6,"Actual Startup Time":0.357,"Actual Total Time":0.358,"Actual Rows":20000000,"Actual Loops":1,"Output":["stock.s_w_id","stock.s_i_id"],"Rows Removed by Columnar Filter":0,"Columnar cache search mode":"native","Shared Hit Blocks":0,"Shared Read Blocks":0,"Shared Dirtied Blocks":0,"Shared Written Blocks":0,"Local Hit Blocks":0,"Local Read Blocks":0,"Local Dirtied Blocks":0,"Local Written Blocks":0,"Temp Read Blocks":0,"Temp Written Blocks":0,"I/O Read Time":0.0,"I/O Write Time":0.0,"Temp I/O Read Time":0.0,"Temp I/O Write Time":0.0},{"Node Type":"Seq Scan","Parent Relationship":"Member","Parallel Aware":false,"Async Capable":false,"Relation Name":"stock","Schema":"public","Alias":"stock","Startup Cost":0.0,"Total Cost":6.12,"Plan Rows":212,"Plan Width":6,"Actual Startup Time":0.0,"Actual Total Time":0.0,"Actual Rows":0,"Actual Loops":0,"Output":["stock.s_w_id","stock.s_i_id"],"Shared Hit Blocks":0,"Shared Read Blocks":0,"Shared Dirtied Blocks":0,"Shared Written Blocks":0,"Local Hit Blocks":0,"Local Read Blocks":0,"Local Dirtied Blocks":0,"Local Written Blocks":0,"Temp Read Blocks":0,"Temp Written Blocks":0,"I/O Read Time":0.0,"I/O Write Time":0.0,"Temp I/O Read Time":0.0,"Temp I/O Write Time":0.0}]}]}]},{"Node Type":"Hash","Parent Relationship":"Inner","Parallel Aware":false,"Async Capable":false,"Startup Cost":219.01,"Total Cost":219.01,"Plan Rows":10001,"Plan Width":8,"Actual Startup Time":3.008,"Actual Total Time":3.011,"Actual Rows":10000,"Actual Loops":1,"Output":["supplier.su_nationkey","supplier.su_suppkey"],"Hash Buckets":16384,"Original Hash Buckets":16384,"Hash Batches":1,"Original Hash Batches":1,"Peak Memory Usage":519,"Shared Hit Blocks":0,"Shared Read Blocks":0,"Shared Dirtied Blocks":0,"Shared Written Blocks":0,"Local Hit Blocks":0,"Local Read Blocks":0,"Local Dirtied Blocks":0,"Local Written Blocks":0,"Temp Read Blocks":0,"Temp Written Blocks":0,"I/O Read Time":0.0,"I/O Write Time":0.0,"Temp I/O Read Time":0.0,"Temp I/O Write Time":0.0,"Plans":[{"Node Type":"Append","Parent Relationship":"Outer","Parallel Aware":false,"Async Capable":false,"Startup Cost":20.0,"Total Cost":219.01,"Plan Rows":10001,"Plan Width":8,"Actual Startup Time":0.011,"Actual Total Time":1.777,"Actual Rows":10000,"Actual Loops":1,"Shared Hit Blocks":0,"Shared Read Blocks":0,"Shared Dirtied Blocks":0,"Shared Written Blocks":0,"Local Hit Blocks":0,"Local Read Blocks":0,"Local Dirtied Blocks":0,"Local Written Blocks":0,"Temp Read Blocks":0,"Temp Written Blocks":0,"I/O Read Time":0.0,"I/O Write Time":0.0,"Temp I/O Read Time":0.0,"Temp I/O Write Time":0.0,"Subplans Removed":0,"Plans":[{"Node Type":"Custom Scan","Parent Relationship":"Member","Custom Plan Provider":"columnar scan","Parallel Aware":false,"Async Capable":false,"Relation Name":"supplier","Schema":"public","Alias":"supplier","Startup Cost":20.0,"Total Cost":215.0,"Plan Rows":10000,"Plan Width":8,"Actual Startup Time":0.01,"Actual Total Time":1.067,"Actual Rows":10000,"Actual Loops":1,"Output":["supplier.su_nationkey","supplier.su_suppkey"],"Rows Removed by Columnar Filter":0,"Columnar cache search mode":"native","Shared Hit Blocks":0,"Shared Read Blocks":0,"Shared Dirtied Blocks":0,"Shared Written Blocks":0,"Local Hit Blocks":0,"Local Read Blocks":0,"Local Dirtied Blocks":0,"Local Written Blocks":0,"Temp Read Blocks":0,"Temp Written Blocks":0,"I/O Read Time":0.0,"I/O Write Time":0.0,"Temp I/O Read Time":0.0,"Temp I/O Write Time":0.0},{"Node Type":"Seq Scan","Parent Relationship":"Member","Parallel Aware":false,"Async Capable":false,"Relation Name":"supplier","Schema":"public","Alias":"supplier","Startup Cost":0.0,"Total Cost":4.01,"Plan Rows":1,"Plan Width":8,"Actual Startup Time":0.0,"Actual Total Time":0.0,"Actual Rows":0,"Actual Loops":0,"Output":["supplier.su_nationkey","supplier.su_suppkey"],"Shared Hit Blocks":0,"Shared Read Blocks":0,"Shared Dirtied Blocks":0,"Shared Written Blocks":0,"Local Hit Blocks":0,"Local Read Blocks":0,"Local Dirtied Blocks":0,"Local Written Blocks":0,"Temp Read Blocks":0,"Temp Written Blocks":0,"I/O Read Time":0.0,"I/O Write Time":0.0,"Temp I/O Read Time":0.0,"Temp I/O Write Time":0.0}]}]}]},{"Node Type":"Hash","Parent Relationship":"Inner","Parallel Aware":false,"Async Capable":false,"Startup Cost":1.93,"Total Cost":1.93,"Plan Rows":2,"Plan Width":12,"Actual Startup Time":0.022,"Actual Total Time":0.024,"Actual Rows":2,"Actual Loops":1,"Output":["n1.n_nationkey","n1.n_name"],"Hash Buckets":1024,"Original Hash Buckets":1024,"Hash Batches":1,"Original Hash Batches":1,"Peak Memory Usage":9,"Shared Hit Blocks":1,"Shared Read Blocks":0,"Shared Dirtied Blocks":0,"Shared Written Blocks":0,"Local Hit Blocks":0,"Local Read Blocks":0,"Local Dirtied Blocks":0,"Local Written Blocks":0,"Temp Read Blocks":0,"Temp Written Blocks":0,"I/O Read Time":0.0,"I/O Write Time":0.0,"Temp I/O Read Time":0.0,"Temp I/O Write Time":0.0,"Plans":[{"Node Type":"Seq Scan","Parent Relationship":"Outer","Parallel Aware":false,"Async Capable":false,"Relation Name":"nation","Schema":"public","Alias":"n1","Startup Cost":0.0,"Total Cost":1.93,"Plan Rows":2,"Plan Width":12,"Actual Startup Time":0.013,"Actual Total Time":0.018,"Actual Rows":2,"Actual Loops":1,"Output":["n1.n_nationkey","n1.n_name"],"Filter":"(((n1.n_name)::text = 'Germany'::text) OR ((n1.n_name)::text = 'Cambodia'::text))","Rows Removed by Filter":60,"Shared Hit Blocks":1,"Shared Read Blocks":0,"Shared Dirtied Blocks":0,"Shared Written Blocks":0,"Local Hit Blocks":0,"Local Read Blocks":0,"Local Dirtied Blocks":0,"Local Written Blocks":0,"Temp Read Blocks":0,"Temp Written Blocks":0,"I/O Read Time":0.0,"I/O Write Time":0.0,"Temp I/O Read Time":0.0,"Temp I/O Write Time":0.0}]}]},{"Node Type":"Hash","Parent Relationship":"Inner","Parallel Aware":false,"Async Capable":false,"Startup Cost":119121.6,"Total Cost":119121.6,"Plan Rows":5996324,"Plan Width":24,"Actual Startup Time":1818.869,"Actual Total Time":1818.871,"Actual Rows":5995789,"Actual Loops":1,"Output":["orders.o_entry_d","orders.o_w_id","orders.o_d_id","orders.o_id","orders.o_c_id"],"Hash Buckets":131072,"Original Hash Buckets":131072,"Hash Batches":64,"Original Hash Batches":64,"Peak Memory Usage":6496,"Shared Hit Blocks":44122,"Shared Read Blocks":0,"Shared Dirtied Blocks":0,"Shared Written Blocks":0,"Local Hit Blocks":0,"Local Read Blocks":0,"Local Dirtied Blocks":0,"Local Written Blocks":0,"Temp Read Blocks":0,"Temp Written Blocks":34552,"I/O Read Time":0.0,"I/O Write Time":0.0,"Temp I/O Read Time":0.0,"Temp I/O Write Time":153.928,"Plans":[{"Node Type":"Seq Scan","Parent Relationship":"Outer","Parallel Aware":false,"Async Capable":false,"Relation Name":"orders","Schema":"public","Alias":"orders","Startup Cost":0.0,"Total Cost":119121.6,"Plan Rows":5996324,"Plan Width":24,"Actual Startup Time":0.03,"Actual Total Time":733.525,"Actual Rows":5995789,"Actual Loops":1,"Output":["orders.o_entry_d","orders.o_w_id","orders.o_d_id","orders.o_id","orders.o_c_id"],"Filter":"(orders.o_entry_d >= '1992-01-02 20:10:02.27764'::timestamp without time zone)","Rows Removed by Filter":4211,"Shared Hit Blocks":44122,"Shared Read Blocks":0,"Shared Dirtied Blocks":0,"Shared Written Blocks":0,"Local Hit Blocks":0,"Local Read Blocks":0,"Local Dirtied Blocks":0,"Local Written Blocks":0,"Temp Read Blocks":0,"Temp Written Blocks":0,"I/O Read Time":0.0,"I/O Write Time":0.0,"Temp I/O Read Time":0.0,"Temp I/O Write Time":0.0}]}]}]},{"Node Type":"Materialize","Parent Relationship":"Inner","Parallel Aware":false,"Async Capable":false,"Startup Cost":557789.1,"Total Cost":558756.87,"Plan Rows":193553,"Plan Width":20,"Actual Startup Time":2209.643,"Actual Total Time":2281.582,"Actual Rows":293066,"Actual Loops":1,"Output":["customer.c_nationkey","customer.c_id","customer.c_w_id","customer.c_d_id","n2.n_name"],"Shared Hit Blocks":459991,"Shared Read Blocks":0,"Shared Dirtied Blocks":0,"Shared Written Blocks":0,"Local Hit Blocks":0,"Local Read Blocks":0,"Local Dirtied Blocks":0,"Local Written Blocks":0,"Temp Read Blocks":1090,"Temp Written Blocks":1096,"I/O Read Time":0.0,"I/O Write Time":0.0,"Temp I/O Read Time":1.605,"Temp I/O Write Time":4.337,"Plans":[{"Node Type":"Sort","Parent Relationship":"Outer","Parallel Aware":false,"Async Capable":false,"Startup Cost":557789.1,"Total Cost":558272.98,"Plan Rows":193553,"Plan Width":20,"Actual Startup Time":2209.634,"Actual Total Time":2249.945,"Actual Rows":289967,"Actual Loops":1,"Output":["customer.c_nationkey","customer.c_id","customer.c_w_id","customer.c_d_id","n2.n_name"],"Sort Key":["customer.c_id","customer.c_w_id","customer.c_d_id"],"Sort Method":"external merge","Sort Space Used":8720,"Sort Space Type":"Disk","Shared Hit Blocks":459991,"Shared Read Blocks":0,"Shared Dirtied Blocks":0,"Shared Written Blocks":0,"Local Hit Blocks":0,"Local Read Blocks":0,"Local Dirtied Blocks":0,"Local Written Blocks":0,"Temp Read Blocks":1090,"Temp Written Blocks":1096,"I/O Read Time":0.0,"I/O Write Time":0.0,"Temp I/O Read Time":1.605,"Temp I/O Write Time":4.337,"Plans":[{"Node Type":"Hash Join","Parent Relationship":"Outer","Parallel Aware":false,"Async Capable":false,"Join Type":"Inner","Startup Cost":1.95,"Total Cost":536820.36,"Plan Rows":193553,"Plan Width":20,"Actual Startup Time":0.087,"Actual Total Time":2098.191,"Actual Rows":289972,"Actual Loops":1,"Output":["customer.c_nationkey","customer.c_id","customer.c_w_id","customer.c_d_id","n2.n_name"],"Hash Cond":"(customer.c_nationkey = n2.n_nationkey)","Shared Hit Blocks":459991,"Shared Read Blocks":0,"Shared Dirtied Blocks":0,"Shared Written Blocks":0,"Local Hit Blocks":0,"Local Read Blocks":0,"Local Dirtied Blocks":0,"Local Written Blocks":0,"Temp Read Blocks":0,"Temp Written Blocks":0,"I/O Read Time":0.0,"I/O Write Time":0.0,"Temp I/O Read Time":0.0,"Temp I/O Write Time":0.0,"Plans":[{"Node Type":"Seq Scan","Parent Relationship":"Outer","Parallel Aware":false,"Async Capable":false,"Relation Name":"customer","Schema":"public","Alias":"customer","Startup Cost":0.0,"Total Cost":519991.4,"Plan Rows":6000140,"Plan Width":12,"Actual Startup Time":0.025,"Actual Total Time":702.699,"Actual Rows":6000000,"Actual Loops":1,"Output":["customer.c_id","customer.c_d_id","customer.c_w_id","customer.c_nationkey","customer.c_first","customer.c_middle","customer.c_last","customer.c_street_1","customer.c_street_2","customer.c_city","customer.c_state","customer.c_zip","customer.c_phone","customer.c_since","customer.c_credit","customer.c_credit_lim","customer.c_discount","customer.c_balance","customer.c_ytd_payment","customer.c_payment_cnt","customer.c_delivery_cnt","customer.c_data"],"Shared Hit Blocks":459990,"Shared Read Blocks":0,"Shared Dirtied Blocks":0,"Shared Written Blocks":0,"Local Hit Blocks":0,"Local Read Blocks":0,"Local Dirtied Blocks":0,"Local Written Blocks":0,"Temp Read Blocks":0,"Temp Written Blocks":0,"I/O Read Time":0.0,"I/O Write Time":0.0,"Temp I/O Read Time":0.0,"Temp I/O Write Time":0.0},{"Node Type":"Hash","Parent Relationship":"Inner","Parallel Aware":false,"Async Capable":false,"Startup Cost":1.93,"Total Cost":1.93,"Plan Rows":2,"Plan Width":12,"Actual Startup Time":0.026,"Actual Total Time":0.026,"Actual Rows":2,"Actual Loops":1,"Output":["n2.n_nationkey","n2.n_name"],"Hash Buckets":1024,"Original Hash Buckets":1024,"Hash Batches":1,"Original Hash Batches":1,"Peak Memory Usage":9,"Shared Hit Blocks":1,"Shared Read Blocks":0,"Shared Dirtied Blocks":0,"Shared Written Blocks":0,"Local Hit Blocks":0,"Local Read Blocks":0,"Local Dirtied Blocks":0,"Local Written Blocks":0,"Temp Read Blocks":0,"Temp Written Blocks":0,"I/O Read Time":0.0,"I/O Write Time":0.0,"Temp I/O Read Time":0.0,"Temp I/O Write Time":0.0,"Plans":[{"Node Type":"Seq Scan","Parent Relationship":"Outer","Parallel Aware":false,"Async Capable":false,"Relation Name":"nation","Schema":"public","Alias":"n2","Startup Cost":0.0,"Total Cost":1.93,"Plan Rows":2,"Plan Width":12,"Actual Startup Time":0.016,"Actual Total Time":0.021,"Actual Rows":2,"Actual Loops":1,"Output":["n2.n_nationkey","n2.n_name"],"Filter":"(((n2.n_name)::text = 'Cambodia'::text) OR ((n2.n_name)::text = 'Germany'::text))","Rows Removed by Filter":60,"Shared Hit Blocks":1,"Shared Read Blocks":0,"Shared Dirtied Blocks":0,"Shared Written Blocks":0,"Local Hit Blocks":0,"Local Read Blocks":0,"Local Dirtied Blocks":0,"Local Written Blocks":0,"Temp Read Blocks":0,"Temp Written Blocks":0,"I/O Read Time":0.0,"I/O Write Time":0.0,"Temp I/O Read Time":0.0,"Temp I/O Write Time":0.0}]}]}]}]}]}]}]},"Planning":{"Shared Hit Blocks":152,"Shared Read Blocks":0,"Shared Dirtied Blocks":0,"Shared Written Blocks":0,"Local Hit Blocks":0,"Local Read Blocks":0,"Local Dirtied Blocks":0,"Local Written Blocks":0,"Temp Read Blocks":0,"Temp Written Blocks":0,"I/O Read Time":0.0,"I/O Write Time":0.0,"Temp I/O Read Time":0.0,"Temp I/O Write Time":0.0},"Planning Time":3.726,"Triggers":[],"Execution Time":15113.828}]
[列存组合]: orders, stock, supplier
[{"Plan":{"Node Type":"Aggregate","Strategy":"Sorted","Partial Mode":"Simple","Parallel Aware":false,"Async Capable":false,"Startup Cost":3780864.39,"Total Cost":3781119.21,"Plan Rows":9266,"Plan Width":72,"Actual Startup Time":22844.409,"Actual Total Time":22846.972,"Actual Rows":6,"Actual Loops":1,"Output":["supplier.su_nationkey","customer.c_nationkey","(EXTRACT(year FROM orders.o_entry_d))","sum(order_line.ol_amount)"],"Group Key":["supplier.su_nationkey","customer.c_nationkey","(EXTRACT(year FROM orders.o_entry_d))"],"Shared Hit Blocks":1240535,"Shared Read Blocks":0,"Shared Dirtied Blocks":0,"Shared Written Blocks":0,"Local Hit Blocks":0,"Local Read Blocks":0,"Local Dirtied Blocks":0,"Local Written Blocks":0,"Temp Read Blocks":124799,"Temp Written Blocks":124817,"I/O Read Time":0.0,"I/O Write Time":0.0,"Temp I/O Read Time":188.883,"Temp I/O Write Time":532.483,"Plans":[{"Node Type":"Sort","Parent Relationship":"Outer","Parallel Aware":false,"Async Capable":false,"Startup Cost":3780864.39,"Total Cost":3780887.56,"Plan Rows":9266,"Plan Width":44,"Actual Startup Time":22844.3,"Actual Total Time":22844.836,"Actual Rows":12121,"Actual Loops":1,"Output":["supplier.su_nationkey","customer.c_nationkey","(EXTRACT(year FROM orders.o_entry_d))","order_line.ol_amount"],"Sort Key":["supplier.su_nationkey","customer.c_nationkey","(EXTRACT(year FROM orders.o_entry_d))"],"Sort Method":"quicksort","Sort Space Used":1047,"Sort Space Type":"Memory","Shared Hit Blocks":1240535,"Shared Read Blocks":0,"Shared Dirtied Blocks":0,"Shared Written Blocks":0,"Local Hit Blocks":0,"Local Read Blocks":0,"Local Dirtied Blocks":0,"Local Written Blocks":0,"Temp Read Blocks":124799,"Temp Written Blocks":124817,"I/O Read Time":0.0,"I/O Write Time":0.0,"Temp I/O Read Time":188.883,"Temp I/O Write Time":532.483,"Plans":[{"Node Type":"Merge Join","Parent Relationship":"Outer","Parallel Aware":false,"Async Capable":false,"Join Type":"Inner","Startup Cost":3771794.04,"Total Cost":3780253.87,"Plan Rows":9266,"Plan Width":44,"Actual Startup Time":22499.08,"Actual Total Time":22841.22,"Actual Rows":12121,"Actual Loops":1,"Output":["supplier.su_nationkey","customer.c_nationkey","EXTRACT(year FROM orders.o_entry_d)","order_line.ol_amount"],"Inner Unique":false,"Merge Cond":"((orders.o_c_id = customer.c_id) AND (order_line.ol_w_id = customer.c_w_id) AND (order_line.ol_d_id = customer.c_d_id))","Join Filter":"((((n1.n_name)::text = 'Germany'::text) AND ((n2.n_name)::text = 'Cambodia'::text)) OR (((n1.n_name)::text = 'Cambodia'::text) AND ((n2.n_name)::text = 'Germany'::text)))","Rows Removed by Join Filter":11453,"Shared Hit Blocks":1240535,"Shared Read Blocks":0,"Shared Dirtied Blocks":0,"Shared Written Blocks":0,"Local Hit Blocks":0,"Local Read Blocks":0,"Local Dirtied Blocks":0,"Local Written Blocks":0,"Temp Read Blocks":124799,"Temp Written Blocks":124817,"I/O Read Time":0.0,"I/O Write Time":0.0,"Temp I/O Read Time":188.883,"Temp I/O Write Time":532.483,"Plans":[{"Node Type":"Sort","Parent Relationship":"Outer","Parallel Aware":false,"Async Capable":false,"Startup Cost":3214004.75,"Total Cost":3215418.15,"Plan Rows":565362,"Plan Width":36,"Actual Startup Time":20251.654,"Actual Total Time":20424.22,"Actual Rows":485009,"Actual Loops":1,"Output":["supplier.su_nationkey","order_line.ol_amount","order_line.ol_w_id","order_line.ol_d_id","orders.o_entry_d","orders.o_w_id","orders.o_d_id","orders.o_c_id","n1.n_name"],"Sort Key":["orders.o_c_id","order_line.ol_w_id","order_line.ol_d_id"],"Sort Method":"external merge","Sort Space Used":24000,"Sort Space Type":"Disk","Shared Hit Blocks":780544,"Shared Read Blocks":0,"Shared Dirtied Blocks":0,"Shared Written Blocks":0,"Local Hit Blocks":0,"Local Read Blocks":0,"Local Dirtied Blocks":0,"Local Written Blocks":0,"Temp Read Blocks":123709,"Temp Written Blocks":123721,"I/O Read Time":0.0,"I/O Write Time":0.0,"Temp I/O Read Time":187.264,"Temp I/O Write Time":527.959,"Plans":[{"Node Type":"Hash Join","Parent Relationship":"Outer","Parallel Aware":false,"Async Capable":false,"Join Type":"Inner","Startup Cost":905977.05,"Total Cost":3144528.26,"Plan Rows":565362,"Plan Width":36,"Actual Startup Time":8494.602,"Actual Total Time":20004.963,"Actual Rows":485009,"Actual Loops":1,"Output":["supplier.su_nationkey","order_line.ol_amount","order_line.ol_w_id","order_line.ol_d_id","orders.o_entry_d","orders.o_w_id","orders.o_d_id","orders.o_c_id","n1.n_name"],"Inner Unique":true,"Hash Cond":"((order_line.ol_w_id = orders.o_w_id) AND (order_line.ol_d_id = orders.o_d_id) AND (order_line.ol_o_id = orders.o_id))","Shared Hit Blocks":780544,"Shared Read Blocks":0,"Shared Dirtied Blocks":0,"Shared Written Blocks":0,"Local Hit Blocks":0,"Local Read Blocks":0,"Local Dirtied Blocks":0,"Local Written Blocks":0,"Temp Read Blocks":120709,"Temp Written Blocks":120709,"I/O Read Time":0.0,"I/O Write Time":0.0,"Temp I/O Read Time":182.759,"Temp I/O Write Time":516.786,"Plans":[{"Node Type":"Hash Join","Parent Relationship":"Outer","Parallel Aware":false,"Async Capable":false,"Join Type":"Inner","Startup Cost":646784.78,"Total Cost":2838010.06,"Plan Rows":565705,"Plan Width":28,"Actual Startup Time":6682.378,"Actual Total Time":17524.325,"Actual Rows":485009,"Actual Loops":1,"Output":["supplier.su_nationkey","order_line.ol_amount","order_line.ol_w_id","order_line.ol_d_id","order_line.ol_o_id","n1.n_name"],"Inner Unique":false,"Hash Cond":"((order_line.ol_supply_w_id = stock.s_w_id) AND (order_line.ol_i_id = stock.s_i_id))","Shared Hit Blocks":736422,"Shared Read Blocks":0,"Shared Dirtied Blocks":0,"Shared Written Blocks":0,"Local Hit Blocks":0,"Local Read Blocks":0,"Local Dirtied Blocks":0,"Local Written Blocks":0,"Temp Read Blocks":83003,"Temp Written Blocks":83003,"I/O Read Time":0.0,"I/O Write Time":0.0,"Temp I/O Read Time":125.278,"Temp I/O Write Time":345.649,"Plans":[{"Node Type":"Seq Scan","Parent Relationship":"Outer","Parallel Aware":false,"Async Capable":false,"Relation Name":"order_line","Schema":"public","Alias":"order_line","Startup Cost":0.0,"Total Cost":1581655.36,"Plan Rows":17536869,"Plan Width":22,"Actual Startup Time":6.548,"Actual Total Time":5725.279,"Actual Rows":17139931,"Actual Loops":1,"Output":["order_line.ol_amount","order_line.ol_supply_w_id","order_line.ol_i_id","order_line.ol_w_id","order_line.ol_d_id","order_line.ol_o_id"],"Filter":"((order_line.ol_delivery_d >= '1995-01-02 20:10:02.27764'::timestamp without time zone) AND (order_line.ol_delivery_d <= '1997-01-01 20:10:02.27764'::timestamp without time zone))","Rows Removed by Filter":42853830,"Shared Hit Blocks":681748,"Shared Read Blocks":0,"Shared Dirtied Blocks":0,"Shared Written Blocks":0,"Local Hit Blocks":0,"Local Read Blocks":0,"Local Dirtied Blocks":0,"Local Written Blocks":0,"Temp Read Blocks":0,"Temp Written Blocks":0,"I/O Read Time":0.0,"I/O Write Time":0.0,"Temp I/O Read Time":0.0,"Temp I/O Write Time":0.0},{"Node Type":"Hash","Parent Relationship":"Inner","Parallel Aware":false,"Async Capable":false,"Startup Cost":633326.26,"Total Cost":633326.26,"Plan Rows":645168,"Plan Width":18,"Actual Startup Time":6675.215,"Actual Total Time":6675.232,"Actual Rows":566400,"Actual Loops":1,"Output":["supplier.su_nationkey","stock.s_w_id","stock.s_i_id","n1.n_name"],"Hash Buckets":131072,"Original Hash Buckets":131072,"Hash Batches":8,"Original Hash Batches":8,"Peak Memory Usage":4646,"Shared Hit Blocks":54674,"Shared Read Blocks":0,"Shared Dirtied Blocks":0,"Shared Written Blocks":0,"Local Hit Blocks":0,"Local Read Blocks":0,"Local Dirtied Blocks":0,"Local Written Blocks":0,"Temp Read Blocks":0,"Temp Written Blocks":2445,"I/O Read Time":0.0,"I/O Write Time":0.0,"Temp I/O Read Time":0.0,"Temp I/O Write Time":12.651,"Plans":[{"Node Type":"Hash Join","Parent Relationship":"Outer","Parallel Aware":false,"Async Capable":false,"Join Type":"Inner","Startup Cost":346.42,"Total Cost":633326.26,"Plan Rows":645168,"Plan Width":18,"Actual Startup Time":3.132,"Actual Total Time":6568.995,"Actual Rows":566400,"Actual Loops":1,"Output":["supplier.su_nationkey","stock.s_w_id","stock.s_i_id","n1.n_name"],"Inner Unique":true,"Hash Cond":"(supplier.su_nationkey = n1.n_nationkey)","Shared Hit Blocks":54674,"Shared Read Blocks":0,"Shared Dirtied Blocks":0,"Shared Written Blocks":0,"Local Hit Blocks":0,"Local Read Blocks":0,"Local Dirtied Blocks":0,"Local Written Blocks":0,"Temp Read Blocks":0,"Temp Written Blocks":0,"I/O Read Time":0.0,"I/O Write Time":0.0,"Temp I/O Read Time":0.0,"Temp I/O Write Time":0.0,"Plans":[{"Node Type":"Hash Join","Parent Relationship":"Outer","Parallel Aware":false,"Async Capable":false,"Join Type":"Inner","Startup Cost":344.46,"Total Cost":577235.0,"Plan Rows":20000212,"Plan Width":10,"Actual Startup Time":3.091,"Actual Total Time":5191.125,"Actual Rows":20000000,"Actual Loops":1,"Output":["supplier.su_nationkey","stock.s_w_id","stock.s_i_id"],"Inner Unique":true,"Hash Cond":"(mod((stock.s_w_id * stock.s_i_id), 10000) = supplier.su_suppkey)","Shared Hit Blocks":54673,"Shared Read Blocks":0,"Shared Dirtied Blocks":0,"Shared Written Blocks":0,"Local Hit Blocks":0,"Local Read Blocks":0,"Local Dirtied Blocks":0,"Local Written Blocks":0,"Temp Read Blocks":0,"Temp Written Blocks":0,"I/O Read Time":0.0,"I/O Write Time":0.0,"Temp I/O Read Time":0.0,"Temp I/O Write Time":0.0,"Plans":[{"Node Type":"Index Only Scan","Parent Relationship":"Outer","Parallel Aware":false,"Async Capable":false,"Scan Direction":"Forward","Index Name":"stock_pk","Relation Name":"stock","Schema":"public","Alias":"stock","Startup Cost":0.44,"Total Cost":519363.62,"Plan Rows":20000212,"Plan Width":6,"Actual Startup Time":0.03,"Actual Total Time":1523.41,"Actual Rows":20000000,"Actual Loops":1,"Output":["stock.s_w_id","stock.s_i_id"],"Heap Fetches":0,"Shared Hit Blocks":54673,"Shared Read Blocks":0,"Shared Dirtied Blocks":0,"Shared Written Blocks":0,"Local Hit Blocks":0,"Local Read Blocks":0,"Local Dirtied Blocks":0,"Local Written Blocks":0,"Temp Read Blocks":0,"Temp Written Blocks":0,"I/O Read Time":0.0,"I/O Write Time":0.0,"Temp I/O Read Time":0.0,"Temp I/O Write Time":0.0},{"Node Type":"Hash","Parent Relationship":"Inner","Parallel Aware":false,"Async Capable":false,"Startup Cost":219.01,"Total Cost":219.01,"Plan Rows":10001,"Plan Width":8,"Actual Startup Time":3.008,"Actual Total Time":3.013,"Actual Rows":10000,"Actual Loops":1,"Output":["supplier.su_nationkey","supplier.su_suppkey"],"Hash Buckets":16384,"Original Hash Buckets":16384,"Hash Batches":1,"Original Hash Batches":1,"Peak Memory Usage":519,"Shared Hit Blocks":0,"Shared Read Blocks":0,"Shared Dirtied Blocks":0,"Shared Written Blocks":0,"Local Hit Blocks":0,"Local Read Blocks":0,"Local Dirtied Blocks":0,"Local Written Blocks":0,"Temp Read Blocks":0,"Temp Written Blocks":0,"I/O Read Time":0.0,"I/O Write Time":0.0,"Temp I/O Read Time":0.0,"Temp I/O Write Time":0.0,"Plans":[{"Node Type":"Append","Parent Relationship":"Outer","Parallel Aware":false,"Async Capable":false,"Startup Cost":20.0,"Total Cost":219.01,"Plan Rows":10001,"Plan Width":8,"Actual Startup Time":0.038,"Actual Total Time":1.799,"Actual Rows":10000,"Actual Loops":1,"Shared Hit Blocks":0,"Shared Read Blocks":0,"Shared Dirtied Blocks":0,"Shared Written Blocks":0,"Local Hit Blocks":0,"Local Read Blocks":0,"Local Dirtied Blocks":0,"Local Written Blocks":0,"Temp Read Blocks":0,"Temp Written Blocks":0,"I/O Read Time":0.0,"I/O Write Time":0.0,"Temp I/O Read Time":0.0,"Temp I/O Write Time":0.0,"Subplans Removed":0,"Plans":[{"Node Type":"Custom Scan","Parent Relationship":"Member","Custom Plan Provider":"columnar scan","Parallel Aware":false,"Async Capable":false,"Relation Name":"supplier","Schema":"public","Alias":"supplier","Startup Cost":20.0,"Total Cost":215.0,"Plan Rows":10000,"Plan Width":8,"Actual Startup Time":0.036,"Actual Total Time":1.096,"Actual Rows":10000,"Actual Loops":1,"Output":["supplier.su_nationkey","supplier.su_suppkey"],"Rows Removed by Columnar Filter":0,"Columnar cache search mode":"native","Shared Hit Blocks":0,"Shared Read Blocks":0,"Shared Dirtied Blocks":0,"Shared Written Blocks":0,"Local Hit Blocks":0,"Local Read Blocks":0,"Local Dirtied Blocks":0,"Local Written Blocks":0,"Temp Read Blocks":0,"Temp Written Blocks":0,"I/O Read Time":0.0,"I/O Write Time":0.0,"Temp I/O Read Time":0.0,"Temp I/O Write Time":0.0},{"Node Type":"Seq Scan","Parent Relationship":"Member","Parallel Aware":false,"Async Capable":false,"Relation Name":"supplier","Schema":"public","Alias":"supplier","Startup Cost":0.0,"Total Cost":4.01,"Plan Rows":1,"Plan Width":8,"Actual Startup Time":0.0,"Actual Total Time":0.0,"Actual Rows":0,"Actual Loops":0,"Output":["supplier.su_nationkey","supplier.su_suppkey"],"Shared Hit Blocks":0,"Shared Read Blocks":0,"Shared Dirtied Blocks":0,"Shared Written Blocks":0,"Local Hit Blocks":0,"Local Read Blocks":0,"Local Dirtied Blocks":0,"Local Written Blocks":0,"Temp Read Blocks":0,"Temp Written Blocks":0,"I/O Read Time":0.0,"I/O Write Time":0.0,"Temp I/O Read Time":0.0,"Temp I/O Write Time":0.0}]}]}]},{"Node Type":"Hash","Parent Relationship":"Inner","Parallel Aware":false,"Async Capable":false,"Startup Cost":1.93,"Total Cost":1.93,"Plan Rows":2,"Plan Width":12,"Actual Startup Time":0.027,"Actual Total Time":0.028,"Actual Rows":2,"Actual Loops":1,"Output":["n1.n_nationkey","n1.n_name"],"Hash Buckets":1024,"Original Hash Buckets":1024,"Hash Batches":1,"Original Hash Batches":1,"Peak Memory Usage":9,"Shared Hit Blocks":1,"Shared Read Blocks":0,"Shared Dirtied Blocks":0,"Shared Written Blocks":0,"Local Hit Blocks":0,"Local Read Blocks":0,"Local Dirtied Blocks":0,"Local Written Blocks":0,"Temp Read Blocks":0,"Temp Written Blocks":0,"I/O Read Time":0.0,"I/O Write Time":0.0,"Temp I/O Read Time":0.0,"Temp I/O Write Time":0.0,"Plans":[{"Node Type":"Seq Scan","Parent Relationship":"Outer","Parallel Aware":false,"Async Capable":false,"Relation Name":"nation","Schema":"public","Alias":"n1","Startup Cost":0.0,"Total Cost":1.93,"Plan Rows":2,"Plan Width":12,"Actual Startup Time":0.017,"Actual Total Time":0.021,"Actual Rows":2,"Actual Loops":1,"Output":["n1.n_nationkey","n1.n_name"],"Filter":"(((n1.n_name)::text = 'Germany'::text) OR ((n1.n_name)::text = 'Cambodia'::text))","Rows Removed by Filter":60,"Shared Hit Blocks":1,"Shared Read Blocks":0,"Shared Dirtied Blocks":0,"Shared Written Blocks":0,"Local Hit Blocks":0,"Local Read Blocks":0,"Local Dirtied Blocks":0,"Local Written Blocks":0,"Temp Read Blocks":0,"Temp Written Blocks":0,"I/O Read Time":0.0,"I/O Write Time":0.0,"Temp I/O Read Time":0.0,"Temp I/O Write Time":0.0}]}]}]}]},{"Node Type":"Hash","Parent Relationship":"Inner","Parallel Aware":false,"Async Capable":false,"Startup Cost":119121.6,"Total Cost":119121.6,"Plan Rows":5996324,"Plan Width":24,"Actual Startup Time":1801.506,"Actual Total Time":1801.509,"Actual Rows":5995789,"Actual Loops":1,"Output":["orders.o_entry_d","orders.o_w_id","orders.o_d_id","orders.o_id","orders.o_c_id"],"Hash Buckets":131072,"Original Hash Buckets":131072,"Hash Batches":64,"Original Hash Batches":64,"Peak Memory Usage":6496,"Shared Hit Blocks":44122,"Shared Read Blocks":0,"Shared Dirtied Blocks":0,"Shared Written Blocks":0,"Local Hit Blocks":0,"Local Read Blocks":0,"Local Dirtied Blocks":0,"Local Written Blocks":0,"Temp Read Blocks":0,"Temp Written Blocks":34552,"I/O Read Time":0.0,"I/O Write Time":0.0,"Temp I/O Read Time":0.0,"Temp I/O Write Time":153.24,"Plans":[{"Node Type":"Seq Scan","Parent Relationship":"Outer","Parallel Aware":false,"Async Capable":false,"Relation Name":"orders","Schema":"public","Alias":"orders","Startup Cost":0.0,"Total Cost":119121.6,"Plan Rows":5996324,"Plan Width":24,"Actual Startup Time":0.014,"Actual Total Time":730.853,"Actual Rows":5995789,"Actual Loops":1,"Output":["orders.o_entry_d","orders.o_w_id","orders.o_d_id","orders.o_id","orders.o_c_id"],"Filter":"(orders.o_entry_d >= '1992-01-02 20:10:02.27764'::timestamp without time zone)","Rows Removed by Filter":4211,"Shared Hit Blocks":44122,"Shared Read Blocks":0,"Shared Dirtied Blocks":0,"Shared Written Blocks":0,"Local Hit Blocks":0,"Local Read Blocks":0,"Local Dirtied Blocks":0,"Local Written Blocks":0,"Temp Read Blocks":0,"Temp Written Blocks":0,"I/O Read Time":0.0,"I/O Write Time":0.0,"Temp I/O Read Time":0.0,"Temp I/O Write Time":0.0}]}]}]},{"Node Type":"Materialize","Parent Relationship":"Inner","Parallel Aware":false,"Async Capable":false,"Startup Cost":557789.1,"Total Cost":558756.87,"Plan Rows":193553,"Plan Width":20,"Actual Startup Time":2247.353,"Actual Total Time":2320.561,"Actual Rows":293066,"Actual Loops":1,"Output":["customer.c_nationkey","customer.c_id","customer.c_w_id","customer.c_d_id","n2.n_name"],"Shared Hit Blocks":459991,"Shared Read Blocks":0,"Shared Dirtied Blocks":0,"Shared Written Blocks":0,"Local Hit Blocks":0,"Local Read Blocks":0,"Local Dirtied Blocks":0,"Local Written Blocks":0,"Temp Read Blocks":1090,"Temp Written Blocks":1096,"I/O Read Time":0.0,"I/O Write Time":0.0,"Temp I/O Read Time":1.619,"Temp I/O Write Time":4.524,"Plans":[{"Node Type":"Sort","Parent Relationship":"Outer","Parallel Aware":false,"Async Capable":false,"Startup Cost":557789.1,"Total Cost":558272.98,"Plan Rows":193553,"Plan Width":20,"Actual Startup Time":2247.342,"Actual Total Time":2287.781,"Actual Rows":289967,"Actual Loops":1,"Output":["customer.c_nationkey","customer.c_id","customer.c_w_id","customer.c_d_id","n2.n_name"],"Sort Key":["customer.c_id","customer.c_w_id","customer.c_d_id"],"Sort Method":"external merge","Sort Space Used":8720,"Sort Space Type":"Disk","Shared Hit Blocks":459991,"Shared Read Blocks":0,"Shared Dirtied Blocks":0,"Shared Written Blocks":0,"Local Hit Blocks":0,"Local Read Blocks":0,"Local Dirtied Blocks":0,"Local Written Blocks":0,"Temp Read Blocks":1090,"Temp Written Blocks":1096,"I/O Read Time":0.0,"I/O Write Time":0.0,"Temp I/O Read Time":1.619,"Temp I/O Write Time":4.524,"Plans":[{"Node Type":"Hash Join","Parent Relationship":"Outer","Parallel Aware":false,"Async Capable":false,"Join Type":"Inner","Startup Cost":1.95,"Total Cost":536820.36,"Plan Rows":193553,"Plan Width":20,"Actual Startup Time":0.084,"Actual Total Time":2137.27,"Actual Rows":289972,"Actual Loops":1,"Output":["customer.c_nationkey","customer.c_id","customer.c_w_id","customer.c_d_id","n2.n_name"],"Inner Unique":true,"Hash Cond":"(customer.c_nationkey = n2.n_nationkey)","Shared Hit Blocks":459991,"Shared Read Blocks":0,"Shared Dirtied Blocks":0,"Shared Written Blocks":0,"Local Hit Blocks":0,"Local Read Blocks":0,"Local Dirtied Blocks":0,"Local Written Blocks":0,"Temp Read Blocks":0,"Temp Written Blocks":0,"I/O Read Time":0.0,"I/O Write Time":0.0,"Temp I/O Read Time":0.0,"Temp I/O Write Time":0.0,"Plans":[{"Node Type":"Seq Scan","Parent Relationship":"Outer","Parallel Aware":false,"Async Capable":false,"Relation Name":"customer","Schema":"public","Alias":"customer","Startup Cost":0.0,"Total Cost":519991.4,"Plan Rows":6000140,"Plan Width":12,"Actual Startup Time":0.023,"Actual Total Time":721.253,"Actual Rows":6000000,"Actual Loops":1,"Output":["customer.c_id","customer.c_d_id","customer.c_w_id","customer.c_nationkey","customer.c_first","customer.c_middle","customer.c_last","customer.c_street_1","customer.c_street_2","customer.c_city","customer.c_state","customer.c_zip","customer.c_phone","customer.c_since","customer.c_credit","customer.c_credit_lim","customer.c_discount","customer.c_balance","customer.c_ytd_payment","customer.c_payment_cnt","customer.c_delivery_cnt","customer.c_data"],"Shared Hit Blocks":459990,"Shared Read Blocks":0,"Shared Dirtied Blocks":0,"Shared Written Blocks":0,"Local Hit Blocks":0,"Local Read Blocks":0,"Local Dirtied Blocks":0,"Local Written Blocks":0,"Temp Read Blocks":0,"Temp Written Blocks":0,"I/O Read Time":0.0,"I/O Write Time":0.0,"Temp I/O Read Time":0.0,"Temp I/O Write Time":0.0},{"Node Type":"Hash","Parent Relationship":"Inner","Parallel Aware":false,"Async Capable":false,"Startup Cost":1.93,"Total Cost":1.93,"Plan Rows":2,"Plan Width":12,"Actual Startup Time":0.026,"Actual Total Time":0.027,"Actual Rows":2,"Actual Loops":1,"Output":["n2.n_nationkey","n2.n_name"],"Hash Buckets":1024,"Original Hash Buckets":1024,"Hash Batches":1,"Original Hash Batches":1,"Peak Memory Usage":9,"Shared Hit Blocks":1,"Shared Read Blocks":0,"Shared Dirtied Blocks":0,"Shared Written Blocks":0,"Local Hit Blocks":0,"Local Read Blocks":0,"Local Dirtied Blocks":0,"Local Written Blocks":0,"Temp Read Blocks":0,"Temp Written Blocks":0,"I/O Read Time":0.0,"I/O Write Time":0.0,"Temp I/O Read Time":0.0,"Temp I/O Write Time":0.0,"Plans":[{"Node Type":"Seq Scan","Parent Relationship":"Outer","Parallel Aware":false,"Async Capable":false,"Relation Name":"nation","Schema":"public","Alias":"n2","Startup Cost":0.0,"Total Cost":1.93,"Plan Rows":2,"Plan Width":12,"Actual Startup Time":0.015,"Actual Total Time":0.021,"Actual Rows":2,"Actual Loops":1,"Output":["n2.n_nationkey","n2.n_name"],"Filter":"(((n2.n_name)::text = 'Cambodia'::text) OR ((n2.n_name)::text = 'Germany'::text))","Rows Removed by Filter":60,"Shared Hit Blocks":1,"Shared Read Blocks":0,"Shared Dirtied Blocks":0,"Shared Written Blocks":0,"Local Hit Blocks":0,"Local Read Blocks":0,"Local Dirtied Blocks":0,"Local Written Blocks":0,"Temp Read Blocks":0,"Temp Written Blocks":0,"I/O Read Time":0.0,"I/O Write Time":0.0,"Temp I/O Read Time":0.0,"Temp I/O Write Time":0.0}]}]}]}]}]}]}]},"Planning":{"Shared Hit Blocks":152,"Shared Read Blocks":0,"Shared Dirtied Blocks":0,"Shared Written Blocks":0,"Local Hit Blocks":0,"Local Read Blocks":0,"Local Dirtied Blocks":0,"Local Written Blocks":0,"Temp Read Blocks":0,"Temp Written Blocks":0,"I/O Read Time":0.0,"I/O Write Time":0.0,"Temp I/O Read Time":0.0,"Temp I/O Write Time":0.0},"Planning Time":3.32,"Triggers":[],"Execution Time":22852.329}]
[列存组合]: customer, nation, order_line, orders
[{"Plan":{"Node Type":"Aggregate","Strategy":"Sorted","Partial Mode":"Simple","Parallel Aware":false,"Async Capable":false,"Startup Cost":1406563.38,"Total Cost":1406818.19,"Plan Rows":9266,"Plan Width":72,"Actual Startup Time":11854.307,"Actual Total Time":11859.232,"Actual Rows":6,"Actual Loops":1,"Output":["supplier.su_nationkey","customer.c_nationkey","(EXTRACT(year FROM orders.o_entry_d))","sum(order_line.ol_amount)"],"Group Key":["supplier.su_nationkey","customer.c_nationkey","(EXTRACT(year FROM orders.o_entry_d))"],"Shared Hit Blocks":54891,"Shared Read Blocks":0,"Shared Dirtied Blocks":0,"Shared Written Blocks":0,"Local Hit Blocks":0,"Local Read Blocks":0,"Local Dirtied Blocks":0,"Local Written Blocks":0,"Temp Read Blocks":7410,"Temp Written Blocks":7410,"I/O Read Time":0.0,"I/O Write Time":0.0,"Temp I/O Read Time":15.082,"Temp I/O Write Time":47.843,"Plans":[{"Node Type":"Sort","Parent Relationship":"Outer","Parallel Aware":false,"Async Capable":false,"Startup Cost":1406563.38,"Total Cost":1406586.54,"Plan Rows":9266,"Plan Width":44,"Actual Startup Time":11854.107,"Actual Total Time":11855.12,"Actual Rows":12121,"Actual Loops":1,"Output":["supplier.su_nationkey","customer.c_nationkey","(EXTRACT(year FROM orders.o_entry_d))","order_line.ol_amount"],"Sort Key":["supplier.su_nationkey","customer.c_nationkey","(EXTRACT(year FROM orders.o_entry_d))"],"Sort Method":"quicksort","Sort Space Used":1047,"Sort Space Type":"Memory","Shared Hit Blocks":54891,"Shared Read Blocks":0,"Shared Dirtied Blocks":0,"Shared Written Blocks":0,"Local Hit Blocks":0,"Local Read Blocks":0,"Local Dirtied Blocks":0,"Local Written Blocks":0,"Temp Read Blocks":7410,"Temp Written Blocks":7410,"I/O Read Time":0.0,"I/O Write Time":0.0,"Temp I/O Read Time":15.082,"Temp I/O Write Time":47.843,"Plans":[{"Node Type":"Hash Join","Parent Relationship":"Outer","Parallel Aware":false,"Async Capable":false,"Join Type":"Inner","Startup Cost":687959.86,"Total Cost":1405952.85,"Plan Rows":9266,"Plan Width":44,"Actual Startup Time":9353.813,"Actual Total Time":11848.341,"Actual Rows":12121,"Actual Loops":1,"Output":["supplier.su_nationkey","customer.c_nationkey","EXTRACT(year FROM orders.o_entry_d)","order_line.ol_amount"],"Hash Cond":"((order_line.ol_supply_w_id = stock.s_w_id) AND (order_line.ol_i_id = stock.s_i_id))","Join Filter":"((((n1.n_name)::text = 'Germany'::text) AND ((n2.n_name)::text = 'Cambodia'::text)) OR (((n1.n_name)::text = 'Cambodia'::text) AND ((n2.n_name)::text = 'Germany'::text)))","Rows Removed by Join Filter":11453,"Shared Hit Blocks":54891,"Shared Read Blocks":0,"Shared Dirtied Blocks":0,"Shared Written Blocks":0,"Local Hit Blocks":0,"Local Read Blocks":0,"Local Dirtied Blocks":0,"Local Written Blocks":0,"Temp Read Blocks":7410,"Temp Written Blocks":7410,"I/O Read Time":0.0,"I/O Write Time":0.0,"Temp I/O Read Time":15.082,"Temp I/O Write Time":47.843,"Plans":[{"Node Type":"Hash Join","Parent Relationship":"Outer","Parallel Aware":false,"Async Capable":false,"Join Type":"Inner","Startup Cost":41077.11,"Total Cost":734447.95,"Plan Rows":565362,"Plan Width":30,"Actual Startup Time":2724.315,"Actual Total Time":4726.108,"Actual Rows":818159,"Actual Loops":1,"Output":["order_line.ol_amount","order_line.ol_supply_w_id","order_line.ol_i_id","orders.o_entry_d","customer.c_nationkey","n2.n_name"],"Hash Cond":"(customer.c_nationkey = n2.n_nationkey)","Rows Removed by Bloom Filter":112628563,"Shared Hit Blocks":0,"Shared Read Blocks":0,"Shared Dirtied Blocks":0,"Shared Written Blocks":0,"Local Hit Blocks":0,"Local Read Blocks":0,"Local Dirtied Blocks":0,"Local Written Blocks":0,"Temp Read Blocks":0,"Temp Written Blocks":0,"I/O Read Time":0.0,"I/O Write Time":0.0,"Temp I/O Read Time":0.0,"Temp I/O Write Time":0.0,"Plans":[{"Node Type":"Hash Join","Parent Relationship":"Outer","Parallel Aware":false,"Async Capable":false,"Join Type":"Inner","Startup Cost":41053.07,"Total Cost":801058.04,"Plan Rows":17526218,"Plan Width":22,"Actual Startup Time":1088.502,"Actual Total Time":1088.513,"Actual Rows":0,"Actual Loops":1,"Output":["order_line.ol_amount","order_line.ol_supply_w_id","order_line.ol_i_id","orders.o_entry_d","customer.c_nationkey"],"Hash Cond":"((order_line.ol_w_id = customer.c_w_id) AND (order_line.ol_d_id = customer.c_d_id) AND (orders.o_c_id = customer.c_id))","Rows Removed by Bloom Filter":0,"Shared Hit Blocks":0,"Shared Read Blocks":0,"Shared Dirtied Blocks":0,"Shared Written Blocks":0,"Local Hit Blocks":0,"Local Read Blocks":0,"Local Dirtied Blocks":0,"Local Written Blocks":0,"Temp Read Blocks":0,"Temp Written Blocks":0,"I/O Read Time":0.0,"I/O Write Time":0.0,"Temp I/O Read Time":0.0,"Temp I/O Write Time":0.0,"Plans":[{"Node Type":"Hash Join","Parent Relationship":"Outer","Parallel Aware":false,"Async Capable":false,"Join Type":"Inner","Startup Cost":20539.32,"Total Cost":586018.71,"Plan Rows":17526218,"Plan Width":30,"Actual Startup Time":1088.133,"Actual Total Time":1088.141,"Actual Rows":0,"Actual Loops":1,"Output":["order_line.ol_amount","order_line.ol_supply_w_id","order_line.ol_i_id","order_line.ol_w_id","order_line.ol_d_id","orders.o_entry_d","orders.o_w_id","orders.o_d_id","orders.o_c_id"],"Hash Cond":"((order_line.ol_w_id = orders.o_w_id) AND (order_line.ol_d_id = orders.o_d_id) AND (order_line.ol_o_id = orders.o_id))","Rows Removed by Bloom Filter":0,"Shared Hit Blocks":0,"Shared Read Blocks":0,"Shared Dirtied Blocks":0,"Shared Written Blocks":0,"Local Hit Blocks":0,"Local Read Blocks":0,"Local Dirtied Blocks":0,"Local Written Blocks":0,"Temp Read Blocks":0,"Temp Written Blocks":0,"I/O Read Time":0.0,"I/O Write Time":0.0,"Temp I/O Read Time":0.0,"Temp I/O Write Time":0.0,"Plans":[{"Node Type":"Append","Parent Relationship":"Outer","Parallel Aware":false,"Async Capable":false,"Startup Cost":20.0,"Total Cost":482290.51,"Plan Rows":17536869,"Plan Width":22,"Actual Startup Time":1084.755,"Actual Total Time":1084.758,"Actual Rows":16894821,"Actual Loops":1,"Shared Hit Blocks":0,"Shared Read Blocks":0,"Shared Dirtied Blocks":0,"Shared Written Blocks":0,"Local Hit Blocks":0,"Local Read Blocks":0,"Local Dirtied Blocks":0,"Local Written Blocks":0,"Temp Read Blocks":0,"Temp Written Blocks":0,"I/O Read Time":0.0,"I/O Write Time":0.0,"Temp I/O Read Time":0.0,"Temp I/O Write Time":0.0,"Subplans Removed":0,"Plans":[{"Node Type":"Custom Scan","Parent Relationship":"Member","Custom Plan Provider":"columnar scan","Parallel Aware":false,"Async Capable":false,"Relation Name":"order_line","Schema":"public","Alias":"order_line","Startup Cost":20.0,"Total Cost":482285.56,"Plan Rows":17536851,"Plan Width":22,"Actual Startup Time":1084.751,"Actual Total Time":1084.752,"Actual Rows":16894821,"Actual Loops":1,"Output":["order_line.ol_amount","order_line.ol_supply_w_id","order_line.ol_i_id","order_line.ol_w_id","order_line.ol_d_id","order_line.ol_o_id"],"Filter":"((order_line.ol_delivery_d <= '1997-01-01 20:10:02.27764'::timestamp without time zone) AND (order_line.ol_delivery_d >= '1995-01-02 20:10:02.27764'::timestamp without time zone))","Rows Removed by Filter":0,"Rows Removed by Columnar Filter":43098940,"Rows Filtered by Bloom Filter":0,"Dictionary Rows Filtered by Bloom Filter":857915,"Columnar cache search mode":"native","Shared Hit Blocks":0,"Shared Read Blocks":0,"Shared Dirtied Blocks":0,"Shared Written Blocks":0,"Local Hit Blocks":0,"Local Read Blocks":0,"Local Dirtied Blocks":0,"Local Written Blocks":0,"Temp Read Blocks":0,"Temp Written Blocks":0,"I/O Read Time":0.0,"I/O Write Time":0.0,"Temp I/O Read Time":0.0,"Temp I/O Write Time":0.0},{"Node Type":"Seq Scan","Parent Relationship":"Member","Parallel Aware":false,"Async Capable":false,"Relation Name":"order_line","Schema":"public","Alias":"order_line","Startup Cost":0.0,"Total Cost":4.95,"Plan Rows":18,"Plan Width":22,"Actual Startup Time":0.0,"Actual Total Time":0.0,"Actual Rows":0,"Actual Loops":0,"Output":["order_line.ol_amount","order_line.ol_supply_w_id","order_line.ol_i_id","order_line.ol_w_id","order_line.ol_d_id","order_line.ol_o_id"],"Filter":"((order_line.ol_delivery_d <= '1997-01-01 20:10:02.27764'::timestamp without time zone) AND (order_line.ol_delivery_d >= '1995-01-02 20:10:02.27764'::timestamp without time zone))","Rows Removed by Filter":0,"Shared Hit Blocks":0,"Shared Read Blocks":0,"Shared Dirtied Blocks":0,"Shared Written Blocks":0,"Local Hit Blocks":0,"Local Read Blocks":0,"Local Dirtied Blocks":0,"Local Written Blocks":0,"Temp Read Blocks":0,"Temp Written Blocks":0,"I/O Read Time":0.0,"I/O Write Time":0.0,"Temp I/O Read Time":0.0,"Temp I/O Write Time":0.0}]},{"Node Type":"Hash","Parent Relationship":"Inner","Parallel Aware":false,"Async Capable":false,"Startup Cost":152930.34,"Total Cost":152930.34,"Plan Rows":5996325,"Plan Width":24,"Actual Rows":5995789,"Actual Loops":1,"Output":["orders.o_entry_d","orders.o_w_id","orders.o_d_id","orders.o_id","orders.o_c_id"],"Shared Hit Blocks":0,"Shared Read Blocks":0,"Shared Dirtied Blocks":0,"Shared Written Blocks":0,"Local Hit Blocks":0,"Local Read Blocks":0,"Local Dirtied Blocks":0,"Local Written Blocks":0,"Temp Read Blocks":0,"Temp Written Blocks":0,"I/O Read Time":0.0,"I/O Write Time":0.0,"Temp I/O Read Time":0.0,"Temp I/O Write Time":0.0,"Plans":[{"Node Type":"Append","Parent Relationship":"Outer","Parallel Aware":false,"Async Capable":false,"Startup Cost":20.0,"Total Cost":152930.34,"Plan Rows":5996325,"Plan Width":24,"Actual Startup Time":3.089,"Actual Total Time":3.093,"Actual Rows":5995789,"Actual Loops":1,"Shared Hit Blocks":0,"Shared Read Blocks":0,"Shared Dirtied Blocks":0,"Shared Written Blocks":0,"Local Hit Blocks":0,"Local Read Blocks":0,"Local Dirtied Blocks":0,"Local Written Blocks":0,"Temp Read Blocks":0,"Temp Written Blocks":0,"I/O Read Time":0.0,"I/O Write Time":0.0,"Temp I/O Read Time":0.0,"Temp I/O Write Time":0.0,"Subplans Removed":0,"Plans":[{"Node Type":"Custom Scan","Parent Relationship":"Member","Custom Plan Provider":"columnar scan","Parallel Aware":false,"Async Capable":false,"Relation Name":"orders","Schema":"public","Alias":"orders","Startup Cost":20.0,"Total Cost":152926.32,"Plan Rows":5996324,"Plan Width":24,"Actual Startup Time":3.087,"Actual Total Time":3.087,"Actual Rows":5995789,"Actual Loops":1,"Output":["orders.o_entry_d","orders.o_w_id","orders.o_d_id","orders.o_id","orders.o_c_id"],"Filter":"(orders.o_entry_d >= '1992-01-02 20:10:02.27764'::timestamp without time zone)","Rows Removed by Filter":0,"Rows Removed by Columnar Filter":4211,"Columnar cache search mode":"native","Shared Hit Blocks":0,"Shared Read Blocks":0,"Shared Dirtied Blocks":0,"Shared Written Blocks":0,"Local Hit Blocks":0,"Local Read Blocks":0,"Local Dirtied Blocks":0,"Local Written Blocks":0,"Temp Read Blocks":0,"Temp Written Blocks":0,"I/O Read Time":0.0,"I/O Write Time":0.0,"Temp I/O Read Time":0.0,"Temp I/O Write Time":0.0},{"Node Type":"Seq Scan","Parent Relationship":"Member","Parallel Aware":false,"Async Capable":false,"Relation Name":"orders","Schema":"public","Alias":"orders","Startup Cost":0.0,"Total Cost":4.01,"Plan Rows":1,"Plan Width":24,"Actual Startup Time":0.0,"Actual Total Time":0.0,"Actual Rows":0,"Actual Loops":0,"Output":["orders.o_entry_d","orders.o_w_id","orders.o_d_id","orders.o_id","orders.o_c_id"],"Filter":"(orders.o_entry_d >= '1992-01-02 20:10:02.27764'::timestamp without time zone)","Rows Removed by Filter":0,"Shared Hit Blocks":0,"Shared Read Blocks":0,"Shared Dirtied Blocks":0,"Shared Written Blocks":0,"Local Hit Blocks":0,"Local Read Blocks":0,"Local Dirtied Blocks":0,"Local Written Blocks":0,"Temp Read Blocks":0,"Temp Written Blocks":0,"I/O Read Time":0.0,"I/O Write Time":0.0,"Temp I/O Read Time":0.0,"Temp I/O Write Time":0.0}]}]}]},{"Node Type":"Hash","Parent Relationship":"Inner","Parallel Aware":false,"Async Capable":false,"Startup Cost":141025.46,"Total Cost":141025.46,"Plan Rows":6000140,"Plan Width":12,"Actual Rows":6000000,"Actual Loops":1,"Output":["customer.c_nationkey","customer.c_id","customer.c_w_id","customer.c_d_id"],"Shared Hit Blocks":0,"Shared Read Blocks":0,"Shared Dirtied Blocks":0,"Shared Written Blocks":0,"Local Hit Blocks":0,"Local Read Blocks":0,"Local Dirtied Blocks":0,"Local Written Blocks":0,"Temp Read Blocks":0,"Temp Written Blocks":0,"I/O Read Time":0.0,"I/O Write Time":0.0,"Temp I/O Read Time":0.0,"Temp I/O Write Time":0.0,"Plans":[{"Node Type":"Append","Parent Relationship":"Outer","Parallel Aware":false,"Async Capable":false,"Startup Cost":20.0,"Total Cost":141025.46,"Plan Rows":6000140,"Plan Width":12,"Actual Startup Time":0.265,"Actual Total Time":0.267,"Actual Rows":6000000,"Actual Loops":1,"Shared Hit Blocks":0,"Shared Read Blocks":0,"Shared Dirtied Blocks":0,"Shared Written Blocks":0,"Local Hit Blocks":0,"Local Read Blocks":0,"Local Dirtied Blocks":0,"Local Written Blocks":0,"Temp Read Blocks":0,"Temp Written Blocks":0,"I/O Read Time":0.0,"I/O Write Time":0.0,"Temp I/O Read Time":0.0,"Temp I/O Write Time":0.0,"Subplans Removed":0,"Plans":[{"Node Type":"Custom Scan","Parent Relationship":"Member","Custom Plan Provider":"columnar scan","Parallel Aware":false,"Async Capable":false,"Relation Name":"customer","Schema":"public","Alias":"customer","Startup Cost":20.0,"Total Cost":141020.06,"Plan Rows":6000000,"Plan Width":12,"Actual Startup Time":0.264,"Actual Total Time":0.264,"Actual Rows":6000000,"Actual Loops":1,"Output":["customer.c_nationkey","customer.c_id","customer.c_w_id","customer.c_d_id"],"Rows Removed by Columnar Filter":0,"Columnar cache search mode":"native","Shared Hit Blocks":0,"Shared Read Blocks":0,"Shared Dirtied Blocks":0,"Shared Written Blocks":0,"Local Hit Blocks":0,"Local Read Blocks":0,"Local Dirtied Blocks":0,"Local Written Blocks":0,"Temp Read Blocks":0,"Temp Written Blocks":0,"I/O Read Time":0.0,"I/O Write Time":0.0,"Temp I/O Read Time":0.0,"Temp I/O Write Time":0.0},{"Node Type":"Seq Scan","Parent Relationship":"Member","Parallel Aware":false,"Async Capable":false,"Relation Name":"customer","Schema":"public","Alias":"customer","Startup Cost":0.0,"Total Cost":5.4,"Plan Rows":140,"Plan Width":12,"Actual Startup Time":0.0,"Actual Total Time":0.0,"Actual Rows":0,"Actual Loops":0,"Output":["customer.c_nationkey","customer.c_id","customer.c_w_id","customer.c_d_id"],"Shared Hit Blocks":0,"Shared Read Blocks":0,"Shared Dirtied Blocks":0,"Shared Written Blocks":0,"Local Hit Blocks":0,"Local Read Blocks":0,"Local Dirtied Blocks":0,"Local Written Blocks":0,"Temp Read Blocks":0,"Temp Written Blocks":0,"I/O Read Time":0.0,"I/O Write Time":0.0,"Temp I/O Read Time":0.0,"Temp I/O Write Time":0.0}]}]}]},{"Node Type":"Hash","Parent Relationship":"Inner","Parallel Aware":false,"Async Capable":false,"Startup Cost":24.07,"Total Cost":24.07,"Plan Rows":3,"Plan Width":12,"Actual Rows":2,"Actual Loops":1,"Output":["n2.n_nationkey","n2.n_name"],"Shared Hit Blocks":0,"Shared Read Blocks":0,"Shared Dirtied Blocks":0,"Shared Written Blocks":0,"Local Hit Blocks":0,"Local Read Blocks":0,"Local Dirtied Blocks":0,"Local Written Blocks":0,"Temp Read Blocks":0,"Temp Written Blocks":0,"I/O Read Time":0.0,"I/O Write Time":0.0,"Temp I/O Read Time":0.0,"Temp I/O Write Time":0.0,"Plans":[{"Node Type":"Append","Parent Relationship":"Outer","Parallel Aware":false,"Async Capable":false,"Startup Cost":20.0,"Total Cost":24.07,"Plan Rows":3,"Plan Width":12,"Actual Startup Time":0.094,"Actual Total Time":0.097,"Actual Rows":2,"Actual Loops":1,"Shared Hit Blocks":0,"Shared Read Blocks":0,"Shared Dirtied Blocks":0,"Shared Written Blocks":0,"Local Hit Blocks":0,"Local Read Blocks":0,"Local Dirtied Blocks":0,"Local Written Blocks":0,"Temp Read Blocks":0,"Temp Written Blocks":0,"I/O Read Time":0.0,"I/O Write Time":0.0,"Temp I/O Read Time":0.0,"Temp I/O Write Time":0.0,"Subplans Removed":0,"Plans":[{"Node Type":"Custom Scan","Parent Relationship":"Member","Custom Plan Provider":"columnar scan","Parallel Aware":false,"Async Capable":false,"Relation Name":"nation","Schema":"public","Alias":"n2","Startup Cost":20.0,"Total Cost":20.05,"Plan Rows":2,"Plan Width":12,"Actual Startup Time":0.091,"Actual Total Time":0.092,"Actual Rows":2,"Actual Loops":1,"Output":["n2.n_nationkey","n2.n_name"],"Filter":"(((n2.n_name)::text = 'Cambodia'::text) OR ((n2.n_name)::text = 'Germany'::text))","Rows Removed by Filter":0,"Rows Removed by Columnar Filter":60,"Columnar cache search mode":"native","Shared Hit Blocks":0,"Shared Read Blocks":0,"Shared Dirtied Blocks":0,"Shared Written Blocks":0,"Local Hit Blocks":0,"Local Read Blocks":0,"Local Dirtied Blocks":0,"Local Written Blocks":0,"Temp Read Blocks":0,"Temp Written Blocks":0,"I/O Read Time":0.0,"I/O Write Time":0.0,"Temp I/O Read Time":0.0,"Temp I/O Write Time":0.0},{"Node Type":"Seq Scan","Parent Relationship":"Member","Parallel Aware":false,"Async Capable":false,"Relation Name":"nation","Schema":"public","Alias":"n2","Startup Cost":0.0,"Total Cost":4.01,"Plan Rows":1,"Plan Width":12,"Actual Startup Time":0.0,"Actual Total Time":0.0,"Actual Rows":0,"Actual Loops":0,"Output":["n2.n_nationkey","n2.n_name"],"Filter":"(((n2.n_name)::text = 'Cambodia'::text) OR ((n2.n_name)::text = 'Germany'::text))","Rows Removed by Filter":0,"Shared Hit Blocks":0,"Shared Read Blocks":0,"Shared Dirtied Blocks":0,"Shared Written Blocks":0,"Local Hit Blocks":0,"Local Read Blocks":0,"Local Dirtied Blocks":0,"Local Written Blocks":0,"Temp Read Blocks":0,"Temp Written Blocks":0,"I/O Read Time":0.0,"I/O Write Time":0.0,"Temp I/O Read Time":0.0,"Temp I/O Write Time":0.0}]}]}]},{"Node Type":"Hash","Parent Relationship":"Inner","Parallel Aware":false,"Async Capable":false,"Startup Cost":633424.24,"Total Cost":633424.24,"Plan Rows":645168,"Plan Width":18,"Actual Startup Time":6627.697,"Actual Total Time":6627.708,"Actual Rows":566400,"Actual Loops":1,"Output":["supplier.su_nationkey","stock.s_w_id","stock.s_i_id","n1.n_name"],"Hash Buckets":131072,"Original Hash Buckets":131072,"Hash Batches":8,"Original Hash Batches":8,"Peak Memory Usage":4646,"Shared Hit Blocks":54891,"Shared Read Blocks":0,"Shared Dirtied Blocks":0,"Shared Written Blocks":0,"Local Hit Blocks":0,"Local Read Blocks":0,"Local Dirtied Blocks":0,"Local Written Blocks":0,"Temp Read Blocks":0,"Temp Written Blocks":2445,"I/O Read Time":0.0,"I/O Write Time":0.0,"Temp I/O Read Time":0.0,"Temp I/O Write Time":13.533,"Plans":[{"Node Type":"Hash Join","Parent Relationship":"Outer","Parallel Aware":false,"Async Capable":false,"Join Type":"Inner","Startup Cost":444.39,"Total Cost":633424.24,"Plan Rows":645168,"Plan Width":18,"Actual Startup Time":2.668,"Actual Total Time":6477.472,"Actual Rows":566400,"Actual Loops":1,"Output":["supplier.su_nationkey","stock.s_w_id","stock.s_i_id","n1.n_name"],"Hash Cond":"(supplier.su_nationkey = n1.n_nationkey)","Shared Hit Blocks":54891,"Shared Read Blocks":0,"Shared Dirtied Blocks":0,"Shared Written Blocks":0,"Local Hit Blocks":0,"Local Read Blocks":0,"Local Dirtied Blocks":0,"Local Written Blocks":0,"Temp Read Blocks":0,"Temp Written Blocks":0,"I/O Read Time":0.0,"I/O Write Time":0.0,"Temp I/O Read Time":0.0,"Temp I/O Write Time":0.0,"Plans":[{"Node Type":"Hash Join","Parent Relationship":"Outer","Parallel Aware":false,"Async Capable":false,"Join Type":"Inner","Startup Cost":442.44,"Total Cost":577332.98,"Plan Rows":20000212,"Plan Width":10,"Actual Startup Time":2.633,"Actual Total Time":5157.117,"Actual Rows":20000000,"Actual Loops":1,"Output":["supplier.su_nationkey","stock.s_w_id","stock.s_i_id"],"Hash Cond":"(mod((stock.s_w_id * stock.s_i_id), 10000) = supplier.su_suppkey)","Shared Hit Blocks":54890,"Shared Read Blocks":0,"Shared Dirtied Blocks":0,"Shared Written Blocks":0,"Local Hit Blocks":0,"Local Read Blocks":0,"Local Dirtied Blocks":0,"Local Written Blocks":0,"Temp Read Blocks":0,"Temp Written Blocks":0,"I/O Read Time":0.0,"I/O Write Time":0.0,"Temp I/O Read Time":0.0,"Temp I/O Write Time":0.0,"Plans":[{"Node Type":"Index Only Scan","Parent Relationship":"Outer","Parallel Aware":false,"Async Capable":false,"Scan Direction":"Forward","Index Name":"stock_pk","Relation Name":"stock","Schema":"public","Alias":"stock","Startup Cost":0.44,"Total Cost":519363.62,"Plan Rows":20000212,"Plan Width":6,"Actual Startup Time":0.013,"Actual Total Time":1531.065,"Actual Rows":20000000,"Actual Loops":1,"Output":["stock.s_w_id","stock.s_i_id"],"Heap Fetches":0,"Shared Hit Blocks":54673,"Shared Read Blocks":0,"Shared Dirtied Blocks":0,"Shared Written Blocks":0,"Local Hit Blocks":0,"Local Read Blocks":0,"Local Dirtied Blocks":0,"Local Written Blocks":0,"Temp Read Blocks":0,"Temp Written Blocks":0,"I/O Read Time":0.0,"I/O Write Time":0.0,"Temp I/O Read Time":0.0,"Temp I/O Write Time":0.0},{"Node Type":"Hash","Parent Relationship":"Inner","Parallel Aware":false,"Async Capable":false,"Startup Cost":317.0,"Total Cost":317.0,"Plan Rows":10000,"Plan Width":8,"Actual Startup Time":2.569,"Actual Total Time":2.57,"Actual Rows":10000,"Actual Loops":1,"Output":["supplier.su_nationkey","supplier.su_suppkey"],"Hash Buckets":16384,"Original Hash Buckets":16384,"Hash Batches":1,"Original Hash Batches":1,"Peak Memory Usage":519,"Shared Hit Blocks":217,"Shared Read Blocks":0,"Shared Dirtied Blocks":0,"Shared Written Blocks":0,"Local Hit Blocks":0,"Local Read Blocks":0,"Local Dirtied Blocks":0,"Local Written Blocks":0,"Temp Read Blocks":0,"Temp Written Blocks":0,"I/O Read Time":0.0,"I/O Write Time":0.0,"Temp I/O Read Time":0.0,"Temp I/O Write Time":0.0,"Plans":[{"Node Type":"Seq Scan","Parent Relationship":"Outer","Parallel Aware":false,"Async Capable":false,"Relation Name":"supplier","Schema":"public","Alias":"supplier","Startup Cost":0.0,"Total Cost":317.0,"Plan Rows":10000,"Plan Width":8,"Actual Startup Time":0.005,"Actual Total Time":1.268,"Actual Rows":10000,"Actual Loops":1,"Output":["supplier.su_nationkey","supplier.su_suppkey"],"Shared Hit Blocks":217,"Shared Read Blocks":0,"Shared Dirtied Blocks":0,"Shared Written Blocks":0,"Local Hit Blocks":0,"Local Read Blocks":0,"Local Dirtied Blocks":0,"Local Written Blocks":0,"Temp Read Blocks":0,"Temp Written Blocks":0,"I/O Read Time":0.0,"I/O Write Time":0.0,"Temp I/O Read Time":0.0,"Temp I/O Write Time":0.0}]}]},{"Node Type":"Hash","Parent Relationship":"Inner","Parallel Aware":false,"Async Capable":false,"Startup Cost":1.93,"Total Cost":1.93,"Plan Rows":2,"Plan Width":12,"Actual Startup Time":0.026,"Actual Total Time":0.027,"Actual Rows":2,"Actual Loops":1,"Output":["n1.n_nationkey","n1.n_name"],"Hash Buckets":1024,"Original Hash Buckets":1024,"Hash Batches":1,"Original Hash Batches":1,"Peak Memory Usage":9,"Shared Hit Blocks":1,"Shared Read Blocks":0,"Shared Dirtied Blocks":0,"Shared Written Blocks":0,"Local Hit Blocks":0,"Local Read Blocks":0,"Local Dirtied Blocks":0,"Local Written Blocks":0,"Temp Read Blocks":0,"Temp Written Blocks":0,"I/O Read Time":0.0,"I/O Write Time":0.0,"Temp I/O Read Time":0.0,"Temp I/O Write Time":0.0,"Plans":[{"Node Type":"Seq Scan","Parent Relationship":"Outer","Parallel Aware":false,"Async Capable":false,"Relation Name":"nation","Schema":"public","Alias":"n1","Startup Cost":0.0,"Total Cost":1.93,"Plan Rows":2,"Plan Width":12,"Actual Startup Time":0.016,"Actual Total Time":0.022,"Actual Rows":2,"Actual Loops":1,"Output":["n1.n_nationkey","n1.n_name"],"Filter":"(((n1.n_name)::text = 'Germany'::text) OR ((n1.n_name)::text = 'Cambodia'::text))","Rows Removed by Filter":60,"Shared Hit Blocks":1,"Shared Read Blocks":0,"Shared Dirtied Blocks":0,"Shared Written Blocks":0,"Local Hit Blocks":0,"Local Read Blocks":0,"Local Dirtied Blocks":0,"Local Written Blocks":0,"Temp Read Blocks":0,"Temp Written Blocks":0,"I/O Read Time":0.0,"I/O Write Time":0.0,"Temp I/O Read Time":0.0,"Temp I/O Write Time":0.0}]}]}]}]}]}]},"Planning":{"Shared Hit Blocks":152,"Shared Read Blocks":0,"Shared Dirtied Blocks":0,"Shared Written Blocks":0,"Local Hit Blocks":0,"Local Read Blocks":0,"Local Dirtied Blocks":0,"Local Written Blocks":0,"Temp Read Blocks":0,"Temp Written Blocks":0,"I/O Read Time":0.0,"I/O Write Time":0.0,"Temp I/O Read Time":0.0,"Temp I/O Write Time":0.0},"Planning Time":3.742,"Triggers":[],"Execution Time":11860.133}]
[列存组合]: customer, nation, order_line, stock
[{"Plan":{"Node Type":"Aggregate","Strategy":"Sorted","Partial Mode":"Simple","Parallel Aware":false,"Async Capable":false,"Startup Cost":1627776.71,"Total Cost":1628031.53,"Plan Rows":9266,"Plan Width":72,"Actual Startup Time":12995.146,"Actual Total Time":12997.719,"Actual Rows":6,"Actual Loops":1,"Output":["supplier.su_nationkey","customer.c_nationkey","(EXTRACT(year FROM orders.o_entry_d))","sum(order_line.ol_amount)"],"Group Key":["supplier.su_nationkey","customer.c_nationkey","(EXTRACT(year FROM orders.o_entry_d))"],"Shared Hit Blocks":44340,"Shared Read Blocks":0,"Shared Dirtied Blocks":0,"Shared Written Blocks":0,"Local Hit Blocks":0,"Local Read Blocks":0,"Local Dirtied Blocks":0,"Local Written Blocks":0,"Temp Read Blocks":41796,"Temp Written Blocks":41814,"I/O Read Time":0.0,"I/O Write Time":0.0,"Temp I/O Read Time":63.224,"Temp I/O Write Time":195.148,"Plans":[{"Node Type":"Sort","Parent Relationship":"Outer","Parallel Aware":false,"Async Capable":false,"Startup Cost":1627776.71,"Total Cost":1627799.88,"Plan Rows":9266,"Plan Width":44,"Actual Startup Time":12995.036,"Actual Total Time":12995.56,"Actual Rows":12121,"Actual Loops":1,"Output":["supplier.su_nationkey","customer.c_nationkey","(EXTRACT(year FROM orders.o_entry_d))","order_line.ol_amount"],"Sort Key":["supplier.su_nationkey","customer.c_nationkey","(EXTRACT(year FROM orders.o_entry_d))"],"Sort Method":"quicksort","Sort Space Used":1047,"Sort Space Type":"Memory","Shared Hit Blocks":44340,"Shared Read Blocks":0,"Shared Dirtied Blocks":0,"Shared Written Blocks":0,"Local Hit Blocks":0,"Local Read Blocks":0,"Local Dirtied Blocks":0,"Local Written Blocks":0,"Temp Read Blocks":41796,"Temp Written Blocks":41814,"I/O Read Time":0.0,"I/O Write Time":0.0,"Temp I/O Read Time":63.224,"Temp I/O Write Time":195.148,"Plans":[{"Node Type":"Merge Join","Parent Relationship":"Outer","Parallel Aware":false,"Async Capable":false,"Join Type":"Inner","Startup Cost":1618706.36,"Total Cost":1627166.19,"Plan Rows":9266,"Plan Width":44,"Actual Startup Time":12650.928,"Actual Total Time":12992.129,"Actual Rows":12121,"Actual Loops":1,"Output":["supplier.su_nationkey","customer.c_nationkey","EXTRACT(year FROM orders.o_entry_d)","order_line.ol_amount"],"Merge Cond":"((orders.o_c_id = customer.c_id) AND (order_line.ol_w_id = customer.c_w_id) AND (order_line.ol_d_id = customer.c_d_id))","Join Filter":"((((n1.n_name)::text = 'Germany'::text) AND ((n2.n_name)::text = 'Cambodia'::text)) OR (((n1.n_name)::text = 'Cambodia'::text) AND ((n2.n_name)::text = 'Germany'::text)))","Rows Removed by Join Filter":11453,"Shared Hit Blocks":44340,"Shared Read Blocks":0,"Shared Dirtied Blocks":0,"Shared Written Blocks":0,"Local Hit Blocks":0,"Local Read Blocks":0,"Local Dirtied Blocks":0,"Local Written Blocks":0,"Temp Read Blocks":41796,"Temp Written Blocks":41814,"I/O Read Time":0.0,"I/O Write Time":0.0,"Temp I/O Read Time":63.224,"Temp I/O Write Time":195.148,"Plans":[{"Node Type":"Sort","Parent Relationship":"Outer","Parallel Aware":false,"Async Capable":false,"Startup Cost":1572345.14,"Total Cost":1573758.54,"Plan Rows":565362,"Plan Width":36,"Actual Startup Time":12425.816,"Actual Total Time":12596.323,"Actual Rows":485009,"Actual Loops":1,"Output":["supplier.su_nationkey","order_line.ol_amount","order_line.ol_w_id","order_line.ol_d_id","orders.o_entry_d","orders.o_w_id","orders.o_d_id","orders.o_c_id","n1.n_name"],"Sort Key":["orders.o_c_id","order_line.ol_w_id","order_line.ol_d_id"],"Sort Method":"external merge","Sort Space Used":24000,"Sort Space Type":"Disk","Shared Hit Blocks":44340,"Shared Read Blocks":0,"Shared Dirtied Blocks":0,"Shared Written Blocks":0,"Local Hit Blocks":0,"Local Read Blocks":0,"Local Dirtied Blocks":0,"Local Written Blocks":0,"Temp Read Blocks":40706,"Temp Written Blocks":40718,"I/O Read Time":0.0,"I/O Write Time":0.0,"Temp I/O Read Time":61.888,"Temp I/O Write Time":190.932,"Plans":[{"Node Type":"Hash Join","Parent Relationship":"Outer","Parallel Aware":false,"Async Capable":false,"Join Type":"Inner","Startup Cost":318256.82,"Total Cost":1502868.65,"Plan Rows":565362,"Plan Width":36,"Actual Startup Time":2726.438,"Actual Total Time":12178.073,"Actual Rows":485009,"Actual Loops":1,"Output":["supplier.su_nationkey","order_line.ol_amount","order_line.ol_w_id","order_line.ol_d_id","orders.o_entry_d","orders.o_w_id","orders.o_d_id","orders.o_c_id","n1.n_name"],"Hash Cond":"((order_line.ol_w_id = orders.o_w_id) AND (order_line.ol_d_id = orders.o_d_id) AND (order_line.ol_o_id = orders.o_id))","Shared Hit Blocks":44340,"Shared Read Blocks":0,"Shared Dirtied Blocks":0,"Shared Written Blocks":0,"Local Hit Blocks":0,"Local Read Blocks":0,"Local Dirtied Blocks":0,"Local Written Blocks":0,"Temp Read Blocks":37706,"Temp Written Blocks":37706,"I/O Read Time":0.0,"I/O Write Time":0.0,"Temp I/O Read Time":57.717,"Temp I/O Write Time":179.67,"Plans":[{"Node Type":"Hash Join","Parent Relationship":"Outer","Parallel Aware":false,"Async Capable":false,"Join Type":"Inner","Startup Cost":59064.55,"Total Cost":1196350.45,"Plan Rows":565705,"Plan Width":28,"Actual Startup Time":895.995,"Actual Total Time":9675.29,"Actual Rows":485009,"Actual Loops":1,"Output":["supplier.su_nationkey","order_line.ol_amount","order_line.ol_w_id","order_line.ol_d_id","order_line.ol_o_id","n1.n_name"],"Hash Cond":"(supplier.su_nationkey = n1.n_nationkey)","Shared Hit Blocks":218,"Shared Read Blocks":0,"Shared Dirtied Blocks":0,"Shared Written Blocks":0,"Local Hit Blocks":0,"Local Read Blocks":0,"Local Dirtied Blocks":0,"Local Written Blocks":0,"Temp Read Blocks":0,"Temp Written Blocks":0,"I/O Read Time":0.0,"I/O Write Time":0.0,"Temp I/O Read Time":0.0,"Temp I/O Write Time":0.0,"Plans":[{"Node Type":"Hash Join","Parent Relationship":"Outer","Parallel Aware":false,"Async Capable":false,"Join Type":"Inner","Startup Cost":59062.59,"Total Cost":1147167.47,"Plan Rows":17536869,"Plan Width":20,"Actual Startup Time":895.835,"Actual Total Time":8447.892,"Actual Rows":17139931,"Actual Loops":1,"Output":["supplier.su_nationkey","order_line.ol_amount","order_line.ol_w_id","order_line.ol_d_id","order_line.ol_o_id"],"Hash Cond":"(mod((stock.s_w_id * stock.s_i_id), 10000) = supplier.su_suppkey)","Shared Hit Blocks":217,"Shared Read Blocks":0,"Shared Dirtied Blocks":0,"Shared Written Blocks":0,"Local Hit Blocks":0,"Local Read Blocks":0,"Local Dirtied Blocks":0,"Local Written Blocks":0,"Temp Read Blocks":0,"Temp Written Blocks":0,"I/O Read Time":0.0,"I/O Write Time":0.0,"Temp I/O Read Time":0.0,"Temp I/O Write Time":0.0,"Plans":[{"Node Type":"Hash Join","Parent Relationship":"Outer","Parallel Aware":false,"Async Capable":false,"Join Type":"Inner","Startup Cost":58620.59,"Total Cost":1096283.52,"Plan Rows":17536869,"Plan Width":22,"Actual Startup Time":893.057,"Actual Total Time":5083.229,"Actual Rows":17139931,"Actual Loops":1,"Output":["stock.s_w_id","stock.s_i_id","order_line.ol_amount","order_line.ol_w_id","order_line.ol_d_id","order_line.ol_o_id"],"Hash Cond":"((order_line.ol_supply_w_id = stock.s_w_id) AND (order_line.ol_i_id = stock.s_i_id))","Rows Removed by Bloom Filter":0,"Shared Hit Blocks":0,"Shared Read Blocks":0,"Shared Dirtied Blocks":0,"Shared Written Blocks":0,"Local Hit Blocks":0,"Local Read Blocks":0,"Local Dirtied Blocks":0,"Local Written Blocks":0,"Temp Read Blocks":0,"Temp Written Blocks":0,"I/O Read Time":0.0,"I/O Write Time":0.0,"Temp I/O Read Time":0.0,"Temp I/O Write Time":0.0,"Plans":[{"Node Type":"Append","Parent Relationship":"Outer","Parallel Aware":false,"Async Capable":false,"Startup Cost":20.0,"Total Cost":482290.51,"Plan Rows":17536869,"Plan Width":22,"Actual Startup Time":27.759,"Actual Total Time":27.766,"Actual Rows":17139931,"Actual Loops":1,"Shared Hit Blocks":0,"Shared Read Blocks":0,"Shared Dirtied Blocks":0,"Shared Written Blocks":0,"Local Hit Blocks":0,"Local Read Blocks":0,"Local Dirtied Blocks":0,"Local Written Blocks":0,"Temp Read Blocks":0,"Temp Written Blocks":0,"I/O Read Time":0.0,"I/O Write Time":0.0,"Temp I/O Read Time":0.0,"Temp I/O Write Time":0.0,"Subplans Removed":0,"Plans":[{"Node Type":"Custom Scan","Parent Relationship":"Member","Custom Plan Provider":"columnar scan","Parallel Aware":false,"Async Capable":false,"Relation Name":"order_line","Schema":"public","Alias":"order_line","Startup Cost":20.0,"Total Cost":482285.56,"Plan Rows":17536851,"Plan Width":22,"Actual Startup Time":27.757,"Actual Total Time":27.759,"Actual Rows":17139931,"Actual Loops":1,"Output":["order_line.ol_amount","order_line.ol_supply_w_id","order_line.ol_i_id","order_line.ol_w_id","order_line.ol_d_id","order_line.ol_o_id"],"Filter":"((order_line.ol_delivery_d <= '1997-01-01 20:10:02.27764'::timestamp without time zone) AND (order_line.ol_delivery_d >= '1995-01-02 20:10:02.27764'::timestamp without time zone))","Rows Removed by Filter":0,"Rows Removed by Columnar Filter":42853830,"Columnar cache search mode":"native","Shared Hit Blocks":0,"Shared Read Blocks":0,"Shared Dirtied Blocks":0,"Shared Written Blocks":0,"Local Hit Blocks":0,"Local Read Blocks":0,"Local Dirtied Blocks":0,"Local Written Blocks":0,"Temp Read Blocks":0,"Temp Written Blocks":0,"I/O Read Time":0.0,"I/O Write Time":0.0,"Temp I/O Read Time":0.0,"Temp I/O Write Time":0.0},{"Node Type":"Seq Scan","Parent Relationship":"Member","Parallel Aware":false,"Async Capable":false,"Relation Name":"order_line","Schema":"public","Alias":"order_line","Startup Cost":0.0,"Total Cost":4.95,"Plan Rows":18,"Plan Width":22,"Actual Startup Time":0.0,"Actual Total Time":0.0,"Actual Rows":0,"Actual Loops":0,"Output":["order_line.ol_amount","order_line.ol_supply_w_id","order_line.ol_i_id","order_line.ol_w_id","order_line.ol_d_id","order_line.ol_o_id"],"Filter":"((order_line.ol_delivery_d <= '1997-01-01 20:10:02.27764'::timestamp without time zone) AND (order_line.ol_delivery_d >= '1995-01-02 20:10:02.27764'::timestamp without time zone))","Rows Removed by Filter":0,"Shared Hit Blocks":0,"Shared Read Blocks":0,"Shared Dirtied Blocks":0,"Shared Written Blocks":0,"Local Hit Blocks":0,"Local Read Blocks":0,"Local Dirtied Blocks":0,"Local Written Blocks":0,"Temp Read Blocks":0,"Temp Written Blocks":0,"I/O Read Time":0.0,"I/O Write Time":0.0,"Temp I/O Read Time":0.0,"Temp I/O Write Time":0.0}]},{"Node Type":"Hash","Parent Relationship":"Inner","Parallel Aware":false,"Async Capable":false,"Startup Cost":390026.22,"Total Cost":390026.22,"Plan Rows":20000212,"Plan Width":6,"Actual Rows":20000000,"Actual Loops":1,"Output":["stock.s_w_id","stock.s_i_id"],"Shared Hit Blocks":0,"Shared Read Blocks":0,"Shared Dirtied Blocks":0,"Shared Written Blocks":0,"Local Hit Blocks":0,"Local Read Blocks":0,"Local Dirtied Blocks":0,"Local Written Blocks":0,"Temp Read Blocks":0,"Temp Written Blocks":0,"I/O Read Time":0.0,"I/O Write Time":0.0,"Temp I/O Read Time":0.0,"Temp I/O Write Time":0.0,"Plans":[{"Node Type":"Append","Parent Relationship":"Outer","Parallel Aware":false,"Async Capable":false,"Startup Cost":20.0,"Total Cost":390026.22,"Plan Rows":20000212,"Plan Width":6,"Actual Startup Time":0.399,"Actual Total Time":0.401,"Actual Rows":20000000,"Actual Loops":1,"Shared Hit Blocks":0,"Shared Read Blocks":0,"Shared Dirtied Blocks":0,"Shared Written Blocks":0,"Local Hit Blocks":0,"Local Read Blocks":0,"Local Dirtied Blocks":0,"Local Written Blocks":0,"Temp Read Blocks":0,"Temp Written Blocks":0,"I/O Read Time":0.0,"I/O Write Time":0.0,"Temp I/O Read Time":0.0,"Temp I/O Write Time":0.0,"Subplans Removed":0,"Plans":[{"Node Type":"Custom Scan","Parent Relationship":"Member","Custom Plan Provider":"columnar scan","Parallel Aware":false,"Async Capable":false,"Relation Name":"stock","Schema":"public","Alias":"stock","Startup Cost":20.0,"Total Cost":390020.1,"Plan Rows":20000000,"Plan Width":6,"Actual Startup Time":0.398,"Actual Total Time":0.398,"Actual Rows":20000000,"Actual Loops":1,"Output":["stock.s_w_id","stock.s_i_id"],"Rows Removed by Columnar Filter":0,"Columnar cache search mode":"native","Shared Hit Blocks":0,"Shared Read Blocks":0,"Shared Dirtied Blocks":0,"Shared Written Blocks":0,"Local Hit Blocks":0,"Local Read Blocks":0,"Local Dirtied Blocks":0,"Local Written Blocks":0,"Temp Read Blocks":0,"Temp Written Blocks":0,"I/O Read Time":0.0,"I/O Write Time":0.0,"Temp I/O Read Time":0.0,"Temp I/O Write Time":0.0},{"Node Type":"Seq Scan","Parent Relationship":"Member","Parallel Aware":false,"Async Capable":false,"Relation Name":"stock","Schema":"public","Alias":"stock","Startup Cost":0.0,"Total Cost":6.12,"Plan Rows":212,"Plan Width":6,"Actual Startup Time":0.0,"Actual Total Time":0.0,"Actual Rows":0,"Actual Loops":0,"Output":["stock.s_w_id","stock.s_i_id"],"Shared Hit Blocks":0,"Shared Read Blocks":0,"Shared Dirtied Blocks":0,"Shared Written Blocks":0,"Local Hit Blocks":0,"Local Read Blocks":0,"Local Dirtied Blocks":0,"Local Written Blocks":0,"Temp Read Blocks":0,"Temp Written Blocks":0,"I/O Read Time":0.0,"I/O Write Time":0.0,"Temp I/O Read Time":0.0,"Temp I/O Write Time":0.0}]}]}]},{"Node Type":"Hash","Parent Relationship":"Inner","Parallel Aware":false,"Async Capable":false,"Startup Cost":317.0,"Total Cost":317.0,"Plan Rows":10000,"Plan Width":8,"Actual Startup Time":2.689,"Actual Total Time":2.69,"Actual Rows":10000,"Actual Loops":1,"Output":["supplier.su_nationkey","supplier.su_suppkey"],"Hash Buckets":16384,"Original Hash Buckets":16384,"Hash Batches":1,"Original Hash Batches":1,"Peak Memory Usage":519,"Shared Hit Blocks":217,"Shared Read Blocks":0,"Shared Dirtied Blocks":0,"Shared Written Blocks":0,"Local Hit Blocks":0,"Local Read Blocks":0,"Local Dirtied Blocks":0,"Local Written Blocks":0,"Temp Read Blocks":0,"Temp Written Blocks":0,"I/O Read Time":0.0,"I/O Write Time":0.0,"Temp I/O Read Time":0.0,"Temp I/O Write Time":0.0,"Plans":[{"Node Type":"Seq Scan","Parent Relationship":"Outer","Parallel Aware":false,"Async Capable":false,"Relation Name":"supplier","Schema":"public","Alias":"supplier","Startup Cost":0.0,"Total Cost":317.0,"Plan Rows":10000,"Plan Width":8,"Actual Startup Time":0.005,"Actual Total Time":1.367,"Actual Rows":10000,"Actual Loops":1,"Output":["supplier.su_nationkey","supplier.su_suppkey"],"Shared Hit Blocks":217,"Shared Read Blocks":0,"Shared Dirtied Blocks":0,"Shared Written Blocks":0,"Local Hit Blocks":0,"Local Read Blocks":0,"Local Dirtied Blocks":0,"Local Written Blocks":0,"Temp Read Blocks":0,"Temp Written Blocks":0,"I/O Read Time":0.0,"I/O Write Time":0.0,"Temp I/O Read Time":0.0,"Temp I/O Write Time":0.0}]}]},{"Node Type":"Hash","Parent Relationship":"Inner","Parallel Aware":false,"Async Capable":false,"Startup Cost":1.93,"Total Cost":1.93,"Plan Rows":2,"Plan Width":12,"Actual Startup Time":0.028,"Actual Total Time":0.029,"Actual Rows":2,"Actual Loops":1,"Output":["n1.n_nationkey","n1.n_name"],"Hash Buckets":1024,"Original Hash Buckets":1024,"Hash Batches":1,"Original Hash Batches":1,"Peak Memory Usage":9,"Shared Hit Blocks":1,"Shared Read Blocks":0,"Shared Dirtied Blocks":0,"Shared Written Blocks":0,"Local Hit Blocks":0,"Local Read Blocks":0,"Local Dirtied Blocks":0,"Local Written Blocks":0,"Temp Read Blocks":0,"Temp Written Blocks":0,"I/O Read Time":0.0,"I/O Write Time":0.0,"Temp I/O Read Time":0.0,"Temp I/O Write Time":0.0,"Plans":[{"Node Type":"Seq Scan","Parent Relationship":"Outer","Parallel Aware":false,"Async Capable":false,"Relation Name":"nation","Schema":"public","Alias":"n1","Startup Cost":0.0,"Total Cost":1.93,"Plan Rows":2,"Plan Width":12,"Actual Startup Time":0.018,"Actual Total Time":0.023,"Actual Rows":2,"Actual Loops":1,"Output":["n1.n_nationkey","n1.n_name"],"Filter":"(((n1.n_name)::text = 'Germany'::text) OR ((n1.n_name)::text = 'Cambodia'::text))","Rows Removed by Filter":60,"Shared Hit Blocks":1,"Shared Read Blocks":0,"Shared Dirtied Blocks":0,"Shared Written Blocks":0,"Local Hit Blocks":0,"Local Read Blocks":0,"Local Dirtied Blocks":0,"Local Written Blocks":0,"Temp Read Blocks":0,"Temp Written Blocks":0,"I/O Read Time":0.0,"I/O Write Time":0.0,"Temp I/O Read Time":0.0,"Temp I/O Write Time":0.0}]}]},{"Node Type":"Hash","Parent Relationship":"Inner","Parallel Aware":false,"Async Capable":false,"Startup Cost":119121.6,"Total Cost":119121.6,"Plan Rows":5996324,"Plan Width":24,"Actual Startup Time":1828.98,"Actual Total Time":1828.98,"Actual Rows":5995789,"Actual Loops":1,"Output":["orders.o_entry_d","orders.o_w_id","orders.o_d_id","orders.o_id","orders.o_c_id"],"Hash Buckets":131072,"Original Hash Buckets":131072,"Hash Batches":64,"Original Hash Batches":64,"Peak Memory Usage":6496,"Shared Hit Blocks":44122,"Shared Read Blocks":0,"Shared Dirtied Blocks":0,"Shared Written Blocks":0,"Local Hit Blocks":0,"Local Read Blocks":0,"Local Dirtied Blocks":0,"Local Written Blocks":0,"Temp Read Blocks":0,"Temp Written Blocks":34552,"I/O Read Time":0.0,"I/O Write Time":0.0,"Temp I/O Read Time":0.0,"Temp I/O Write Time":159.619,"Plans":[{"Node Type":"Seq Scan","Parent Relationship":"Outer","Parallel Aware":false,"Async Capable":false,"Relation Name":"orders","Schema":"public","Alias":"orders","Startup Cost":0.0,"Total Cost":119121.6,"Plan Rows":5996324,"Plan Width":24,"Actual Startup Time":0.024,"Actual Total Time":740.221,"Actual Rows":5995789,"Actual Loops":1,"Output":["orders.o_entry_d","orders.o_w_id","orders.o_d_id","orders.o_id","orders.o_c_id"],"Filter":"(orders.o_entry_d >= '1992-01-02 20:10:02.27764'::timestamp without time zone)","Rows Removed by Filter":4211,"Shared Hit Blocks":44122,"Shared Read Blocks":0,"Shared Dirtied Blocks":0,"Shared Written Blocks":0,"Local Hit Blocks":0,"Local Read Blocks":0,"Local Dirtied Blocks":0,"Local Written Blocks":0,"Temp Read Blocks":0,"Temp Written Blocks":0,"I/O Read Time":0.0,"I/O Write Time":0.0,"Temp I/O Read Time":0.0,"Temp I/O Write Time":0.0}]}]}]},{"Node Type":"Materialize","Parent Relationship":"Inner","Parallel Aware":false,"Async Capable":false,"Startup Cost":46361.03,"Total Cost":47328.79,"Plan Rows":193553,"Plan Width":20,"Actual Startup Time":225.073,"Actual Total Time":298.339,"Actual Rows":293066,"Actual Loops":1,"Output":["customer.c_nationkey","customer.c_id","customer.c_w_id","customer.c_d_id","n2.n_name"],"Shared Hit Blocks":0,"Shared Read Blocks":0,"Shared Dirtied Blocks":0,"Shared Written Blocks":0,"Local Hit Blocks":0,"Local Read Blocks":0,"Local Dirtied Blocks":0,"Local Written Blocks":0,"Temp Read Blocks":1090,"Temp Written Blocks":1096,"I/O Read Time":0.0,"I/O Write Time":0.0,"Temp I/O Read Time":1.336,"Temp I/O Write Time":4.217,"Plans":[{"Node Type":"Sort","Parent Relationship":"Outer","Parallel Aware":false,"Async Capable":false,"Startup Cost":46361.03,"Total Cost":46844.91,"Plan Rows":193553,"Plan Width":20,"Actual Startup Time":225.067,"Actual Total Time":265.314,"Actual Rows":289967,"Actual Loops":1,"Output":["customer.c_nationkey","customer.c_id","customer.c_w_id","customer.c_d_id","n2.n_name"],"Sort Key":["customer.c_id","customer.c_w_id","customer.c_d_id"],"Sort Method":"external merge","Sort Space Used":8720,"Sort Space Type":"Disk","Shared Hit Blocks":0,"Shared Read Blocks":0,"Shared Dirtied Blocks":0,"Shared Written Blocks":0,"Local Hit Blocks":0,"Local Read Blocks":0,"Local Dirtied Blocks":0,"Local Written Blocks":0,"Temp Read Blocks":1090,"Temp Written Blocks":1096,"I/O Read Time":0.0,"I/O Write Time":0.0,"Temp I/O Read Time":1.336,"Temp I/O Write Time":4.217,"Plans":[{"Node Type":"Hash Join","Parent Relationship":"Outer","Parallel Aware":false,"Async Capable":false,"Join Type":"Inner","Startup Cost":44.04,"Total Cost":25392.28,"Plan Rows":193553,"Plan Width":20,"Actual Startup Time":26.163,"Actual Total Time":129.441,"Actual Rows":289972,"Actual Loops":1,"Output":["customer.c_nationkey","customer.c_id","customer.c_w_id","customer.c_d_id","n2.n_name"],"Hash Cond":"(customer.c_nationkey = n2.n_nationkey)","Rows Removed by Bloom Filter":18000190,"Shared Hit Blocks":0,"Shared Read Blocks":0,"Shared Dirtied Blocks":0,"Shared Written Blocks":0,"Local Hit Blocks":0,"Local Read Blocks":0,"Local Dirtied Blocks":0,"Local Written Blocks":0,"Temp Read Blocks":0,"Temp Written Blocks":0,"I/O Read Time":0.0,"I/O Write Time":0.0,"Temp I/O Read Time":0.0,"Temp I/O Write Time":0.0,"Plans":[{"Node Type":"Append","Parent Relationship":"Outer","Parallel Aware":false,"Async Capable":false,"Startup Cost":20.0,"Total Cost":141025.46,"Plan Rows":6000140,"Plan Width":12,"Actual Startup Time":0.267,"Actual Total Time":0.268,"Actual Rows":6000000,"Actual Loops":1,"Shared Hit Blocks":0,"Shared Read Blocks":0,"Shared Dirtied Blocks":0,"Shared Written Blocks":0,"Local Hit Blocks":0,"Local Read Blocks":0,"Local Dirtied Blocks":0,"Local Written Blocks":0,"Temp Read Blocks":0,"Temp Written Blocks":0,"I/O Read Time":0.0,"I/O Write Time":0.0,"Temp I/O Read Time":0.0,"Temp I/O Write Time":0.0,"Subplans Removed":0,"Plans":[{"Node Type":"Custom Scan","Parent Relationship":"Member","Custom Plan Provider":"columnar scan","Parallel Aware":false,"Async Capable":false,"Relation Name":"customer","Schema":"public","Alias":"customer","Startup Cost":20.0,"Total Cost":141020.06,"Plan Rows":6000000,"Plan Width":12,"Actual Startup Time":0.264,"Actual Total Time":0.265,"Actual Rows":6000000,"Actual Loops":1,"Output":["customer.c_nationkey","customer.c_id","customer.c_w_id","customer.c_d_id"],"Rows Removed by Columnar Filter":0,"Columnar cache search mode":"native","Shared Hit Blocks":0,"Shared Read Blocks":0,"Shared Dirtied Blocks":0,"Shared Written Blocks":0,"Local Hit Blocks":0,"Local Read Blocks":0,"Local Dirtied Blocks":0,"Local Written Blocks":0,"Temp Read Blocks":0,"Temp Written Blocks":0,"I/O Read Time":0.0,"I/O Write Time":0.0,"Temp I/O Read Time":0.0,"Temp I/O Write Time":0.0},{"Node Type":"Seq Scan","Parent Relationship":"Member","Parallel Aware":false,"Async Capable":false,"Relation Name":"customer","Schema":"public","Alias":"customer","Startup Cost":0.0,"Total Cost":5.4,"Plan Rows":140,"Plan Width":12,"Actual Startup Time":0.0,"Actual Total Time":0.0,"Actual Rows":0,"Actual Loops":0,"Output":["customer.c_nationkey","customer.c_id","customer.c_w_id","customer.c_d_id"],"Shared Hit Blocks":0,"Shared Read Blocks":0,"Shared Dirtied Blocks":0,"Shared Written Blocks":0,"Local Hit Blocks":0,"Local Read Blocks":0,"Local Dirtied Blocks":0,"Local Written Blocks":0,"Temp Read Blocks":0,"Temp Written Blocks":0,"I/O Read Time":0.0,"I/O Write Time":0.0,"Temp I/O Read Time":0.0,"Temp I/O Write Time":0.0}]},{"Node Type":"Hash","Parent Relationship":"Inner","Parallel Aware":false,"Async Capable":false,"Startup Cost":24.07,"Total Cost":24.07,"Plan Rows":3,"Plan Width":12,"Actual Rows":2,"Actual Loops":1,"Output":["n2.n_nationkey","n2.n_name"],"Shared Hit Blocks":0,"Shared Read Blocks":0,"Shared Dirtied Blocks":0,"Shared Written Blocks":0,"Local Hit Blocks":0,"Local Read Blocks":0,"Local Dirtied Blocks":0,"Local Written Blocks":0,"Temp Read Blocks":0,"Temp Written Blocks":0,"I/O Read Time":0.0,"I/O Write Time":0.0,"Temp I/O Read Time":0.0,"Temp I/O Write Time":0.0,"Plans":[{"Node Type":"Append","Parent Relationship":"Outer","Parallel Aware":false,"Async Capable":false,"Startup Cost":20.0,"Total Cost":24.07,"Plan Rows":3,"Plan Width":12,"Actual Startup Time":0.09,"Actual Total Time":0.091,"Actual Rows":2,"Actual Loops":1,"Shared Hit Blocks":0,"Shared Read Blocks":0,"Shared Dirtied Blocks":0,"Shared Written Blocks":0,"Local Hit Blocks":0,"Local Read Blocks":0,"Local Dirtied Blocks":0,"Local Written Blocks":0,"Temp Read Blocks":0,"Temp Written Blocks":0,"I/O Read Time":0.0,"I/O Write Time":0.0,"Temp I/O Read Time":0.0,"Temp I/O Write Time":0.0,"Subplans Removed":0,"Plans":[{"Node Type":"Custom Scan","Parent Relationship":"Member","Custom Plan Provider":"columnar scan","Parallel Aware":false,"Async Capable":false,"Relation Name":"nation","Schema":"public","Alias":"n2","Startup Cost":20.0,"Total Cost":20.05,"Plan Rows":2,"Plan Width":12,"Actual Startup Time":0.087,"Actual Total Time":0.087,"Actual Rows":2,"Actual Loops":1,"Output":["n2.n_nationkey","n2.n_name"],"Filter":"(((n2.n_name)::text = 'Cambodia'::text) OR ((n2.n_name)::text = 'Germany'::text))","Rows Removed by Filter":0,"Rows Removed by Columnar Filter":60,"Columnar cache search mode":"native","Shared Hit Blocks":0,"Shared Read Blocks":0,"Shared Dirtied Blocks":0,"Shared Written Blocks":0,"Local Hit Blocks":0,"Local Read Blocks":0,"Local Dirtied Blocks":0,"Local Written Blocks":0,"Temp Read Blocks":0,"Temp Written Blocks":0,"I/O Read Time":0.0,"I/O Write Time":0.0,"Temp I/O Read Time":0.0,"Temp I/O Write Time":0.0},{"Node Type":"Seq Scan","Parent Relationship":"Member","Parallel Aware":false,"Async Capable":false,"Relation Name":"nation","Schema":"public","Alias":"n2","Startup Cost":0.0,"Total Cost":4.01,"Plan Rows":1,"Plan Width":12,"Actual Startup Time":0.0,"Actual Total Time":0.0,"Actual Rows":0,"Actual Loops":0,"Output":["n2.n_nationkey","n2.n_name"],"Filter":"(((n2.n_name)::text = 'Cambodia'::text) OR ((n2.n_name)::text = 'Germany'::text))","Rows Removed by Filter":0,"Shared Hit Blocks":0,"Shared Read Blocks":0,"Shared Dirtied Blocks":0,"Shared Written Blocks":0,"Local Hit Blocks":0,"Local Read Blocks":0,"Local Dirtied Blocks":0,"Local Written Blocks":0,"Temp Read Blocks":0,"Temp Written Blocks":0,"I/O Read Time":0.0,"I/O Write Time":0.0,"Temp I/O Read Time":0.0,"Temp I/O Write Time":0.0}]}]}]}]}]}]}]}]},"Planning":{"Shared Hit Blocks":152,"Shared Read Blocks":0,"Shared Dirtied Blocks":0,"Shared Written Blocks":0,"Local Hit Blocks":0,"Local Read Blocks":0,"Local Dirtied Blocks":0,"Local Written Blocks":0,"Temp Read Blocks":0,"Temp Written Blocks":0,"I/O Read Time":0.0,"I/O Write Time":0.0,"Temp I/O Read Time":0.0,"Temp I/O Write Time":0.0},"Planning Time":4.652,"Triggers":[],"Execution Time":13010.692}]
[列存组合]: customer, nation, order_line, supplier
[{"Plan":{"Node Type":"Aggregate","Strategy":"Sorted","Partial Mode":"Simple","Parallel Aware":false,"Async Capable":false,"Startup Cost":3238423.47,"Total Cost":3238678.29,"Plan Rows":9266,"Plan Width":72,"Actual Startup Time":20835.297,"Actual Total Time":20837.867,"Actual Rows":6,"Actual Loops":1,"Output":["supplier.su_nationkey","customer.c_nationkey","(EXTRACT(year FROM orders.o_entry_d))","sum(order_line.ol_amount)"],"Group Key":["supplier.su_nationkey","customer.c_nationkey","(EXTRACT(year FROM orders.o_entry_d))"],"Shared Hit Blocks":98796,"Shared Read Blocks":0,"Shared Dirtied Blocks":0,"Shared Written Blocks":0,"Local Hit Blocks":0,"Local Read Blocks":0,"Local Dirtied Blocks":0,"Local Written Blocks":0,"Temp Read Blocks":123649,"Temp Written Blocks":123667,"I/O Read Time":0.0,"I/O Write Time":0.0,"Temp I/O Read Time":187.115,"Temp I/O Write Time":537.742,"Plans":[{"Node Type":"Sort","Parent Relationship":"Outer","Parallel Aware":false,"Async Capable":false,"Startup Cost":3238423.47,"Total Cost":3238446.64,"Plan Rows":9266,"Plan Width":44,"Actual Startup Time":20835.189,"Actual Total Time":20835.72,"Actual Rows":12121,"Actual Loops":1,"Output":["supplier.su_nationkey","customer.c_nationkey","(EXTRACT(year FROM orders.o_entry_d))","order_line.ol_amount"],"Sort Key":["supplier.su_nationkey","customer.c_nationkey","(EXTRACT(year FROM orders.o_entry_d))"],"Sort Method":"quicksort","Sort Space Used":1047,"Sort Space Type":"Memory","Shared Hit Blocks":98796,"Shared Read Blocks":0,"Shared Dirtied Blocks":0,"Shared Written Blocks":0,"Local Hit Blocks":0,"Local Read Blocks":0,"Local Dirtied Blocks":0,"Local Written Blocks":0,"Temp Read Blocks":123649,"Temp Written Blocks":123667,"I/O Read Time":0.0,"I/O Write Time":0.0,"Temp I/O Read Time":187.115,"Temp I/O Write Time":537.742,"Plans":[{"Node Type":"Merge Join","Parent Relationship":"Outer","Parallel Aware":false,"Async Capable":false,"Join Type":"Inner","Startup Cost":3229353.12,"Total Cost":3237812.95,"Plan Rows":9266,"Plan Width":44,"Actual Startup Time":20491.222,"Actual Total Time":20832.263,"Actual Rows":12121,"Actual Loops":1,"Output":["supplier.su_nationkey","customer.c_nationkey","EXTRACT(year FROM orders.o_entry_d)","order_line.ol_amount"],"Merge Cond":"((orders.o_c_id = customer.c_id) AND (order_line.ol_w_id = customer.c_w_id) AND (order_line.ol_d_id = customer.c_d_id))","Join Filter":"((((n1.n_name)::text = 'Germany'::text) AND ((n2.n_name)::text = 'Cambodia'::text)) OR (((n1.n_name)::text = 'Cambodia'::text) AND ((n2.n_name)::text = 'Germany'::text)))","Rows Removed by Join Filter":11453,"Shared Hit Blocks":98796,"Shared Read Blocks":0,"Shared Dirtied Blocks":0,"Shared Written Blocks":0,"Local Hit Blocks":0,"Local Read Blocks":0,"Local Dirtied Blocks":0,"Local Written Blocks":0,"Temp Read Blocks":123649,"Temp Written Blocks":123667,"I/O Read Time":0.0,"I/O Write Time":0.0,"Temp I/O Read Time":187.115,"Temp I/O Write Time":537.742,"Plans":[{"Node Type":"Sort","Parent Relationship":"Outer","Parallel Aware":false,"Async Capable":false,"Startup Cost":3182991.9,"Total Cost":3184405.3,"Plan Rows":565362,"Plan Width":36,"Actual Startup Time":20264.893,"Actual Total Time":20436.315,"Actual Rows":485009,"Actual Loops":1,"Output":["supplier.su_nationkey","order_line.ol_amount","order_line.ol_w_id","order_line.ol_d_id","orders.o_entry_d","orders.o_w_id","orders.o_d_id","orders.o_c_id","n1.n_name"],"Sort Key":["orders.o_c_id","order_line.ol_w_id","order_line.ol_d_id"],"Sort Method":"external merge","Sort Space Used":24000,"Sort Space Type":"Disk","Shared Hit Blocks":98796,"Shared Read Blocks":0,"Shared Dirtied Blocks":0,"Shared Written Blocks":0,"Local Hit Blocks":0,"Local Read Blocks":0,"Local Dirtied Blocks":0,"Local Written Blocks":0,"Temp Read Blocks":122559,"Temp Written Blocks":122571,"I/O Read Time":0.0,"I/O Write Time":0.0,"Temp I/O Read Time":185.767,"Temp I/O Write Time":533.555,"Plans":[{"Node Type":"Hash Join","Parent Relationship":"Outer","Parallel Aware":false,"Async Capable":false,"Join Type":"Inner","Startup Cost":905997.05,"Total Cost":3113515.41,"Plan Rows":565362,"Plan Width":36,"Actual Startup Time":8471.427,"Actual Total Time":20017.301,"Actual Rows":485009,"Actual Loops":1,"Output":["supplier.su_nationkey","order_line.ol_amount","order_line.ol_w_id","order_line.ol_d_id","orders.o_entry_d","orders.o_w_id","orders.o_d_id","orders.o_c_id","n1.n_name"],"Hash Cond":"((order_line.ol_w_id = orders.o_w_id) AND (order_line.ol_d_id = orders.o_d_id) AND (order_line.ol_o_id = orders.o_id))","Shared Hit Blocks":98796,"Shared Read Blocks":0,"Shared Dirtied Blocks":0,"Shared Written Blocks":0,"Local Hit Blocks":0,"Local Read Blocks":0,"Local Dirtied Blocks":0,"Local Written Blocks":0,"Temp Read Blocks":119559,"Temp Written Blocks":119559,"I/O Read Time":0.0,"I/O Write Time":0.0,"Temp I/O Read Time":181.446,"Temp I/O Write Time":522.432,"Plans":[{"Node Type":"Hash Join","Parent Relationship":"Outer","Parallel Aware":false,"Async Capable":false,"Join Type":"Inner","Startup Cost":646804.78,"Total Cost":2806997.21,"Plan Rows":565705,"Plan Width":28,"Actual Startup Time":6655.15,"Actual Total Time":17526.599,"Actual Rows":485009,"Actual Loops":1,"Output":["supplier.su_nationkey","order_line.ol_amount","order_line.ol_w_id","order_line.ol_d_id","order_line.ol_o_id","n1.n_name"],"Hash Cond":"((order_line.ol_supply_w_id = stock.s_w_id) AND (order_line.ol_i_id = stock.s_i_id))","Shared Hit Blocks":54674,"Shared Read Blocks":0,"Shared Dirtied Blocks":0,"Shared Written Blocks":0,"Local Hit Blocks":0,"Local Read Blocks":0,"Local Dirtied Blocks":0,"Local Written Blocks":0,"Temp Read Blocks":81853,"Temp Written Blocks":81853,"I/O Read Time":0.0,"I/O Write Time":0.0,"Temp I/O Read Time":123.669,"Temp I/O Write Time":350.441,"Plans":[{"Node Type":"Append","Parent Relationship":"Outer","Parallel Aware":false,"Async Capable":false,"Startup Cost":20.0,"Total Cost":1550642.51,"Plan Rows":17536869,"Plan Width":22,"Actual Startup Time":6.17,"Actual Total Time":5713.787,"Actual Rows":16894821,"Actual Loops":1,"Shared Hit Blocks":0,"Shared Read Blocks":0,"Shared Dirtied Blocks":0,"Shared Written Blocks":0,"Local Hit Blocks":0,"Local Read Blocks":0,"Local Dirtied Blocks":0,"Local Written Blocks":0,"Temp Read Blocks":0,"Temp Written Blocks":0,"I/O Read Time":0.0,"I/O Write Time":0.0,"Temp I/O Read Time":0.0,"Temp I/O Write Time":0.0,"Subplans Removed":0,"Plans":[{"Node Type":"Custom Scan","Parent Relationship":"Member","Custom Plan Provider":"columnar scan","Parallel Aware":false,"Async Capable":false,"Relation Name":"order_line","Schema":"public","Alias":"order_line","Startup Cost":20.0,"Total Cost":482285.56,"Plan Rows":17536851,"Plan Width":22,"Actual Startup Time":6.167,"Actual Total Time":4532.254,"Actual Rows":16894821,"Actual Loops":1,"Output":["order_line.ol_amount","order_line.ol_supply_w_id","order_line.ol_i_id","order_line.ol_w_id","order_line.ol_d_id","order_line.ol_o_id"],"Filter":"((order_line.ol_delivery_d <= '1997-01-01 20:10:02.27764'::timestamp without time zone) AND (order_line.ol_delivery_d >= '1995-01-02 20:10:02.27764'::timestamp without time zone))","Rows Removed by Filter":0,"Rows Removed by Columnar Filter":43098940,"Rows Filtered by Bloom Filter":0,"Dictionary Rows Filtered by Bloom Filter":857915,"Columnar cache search mode":"native","Shared Hit Blocks":0,"Shared Read Blocks":0,"Shared Dirtied Blocks":0,"Shared Written Blocks":0,"Local Hit Blocks":0,"Local Read Blocks":0,"Local Dirtied Blocks":0,"Local Written Blocks":0,"Temp Read Blocks":0,"Temp Written Blocks":0,"I/O Read Time":0.0,"I/O Write Time":0.0,"Temp I/O Read Time":0.0,"Temp I/O Write Time":0.0},{"Node Type":"Seq Scan","Parent Relationship":"Member","Parallel Aware":false,"Async Capable":false,"Relation Name":"order_line","Schema":"public","Alias":"order_line","Startup Cost":0.0,"Total Cost":4.95,"Plan Rows":18,"Plan Width":22,"Actual Startup Time":0.0,"Actual Total Time":0.0,"Actual Rows":0,"Actual Loops":0,"Output":["order_line.ol_amount","order_line.ol_supply_w_id","order_line.ol_i_id","order_line.ol_w_id","order_line.ol_d_id","order_line.ol_o_id"],"Filter":"((order_line.ol_delivery_d <= '1997-01-01 20:10:02.27764'::timestamp without time zone) AND (order_line.ol_delivery_d >= '1995-01-02 20:10:02.27764'::timestamp without time zone))","Rows Removed by Filter":0,"Shared Hit Blocks":0,"Shared Read Blocks":0,"Shared Dirtied Blocks":0,"Shared Written Blocks":0,"Local Hit Blocks":0,"Local Read Blocks":0,"Local Dirtied Blocks":0,"Local Written Blocks":0,"Temp Read Blocks":0,"Temp Written Blocks":0,"I/O Read Time":0.0,"I/O Write Time":0.0,"Temp I/O Read Time":0.0,"Temp I/O Write Time":0.0}]},{"Node Type":"Hash","Parent Relationship":"Inner","Parallel Aware":false,"Async Capable":false,"Startup Cost":633326.26,"Total Cost":633326.26,"Plan Rows":645168,"Plan Width":18,"Actual Startup Time":6647.921,"Actual Total Time":6647.932,"Actual Rows":566400,"Actual Loops":1,"Output":["supplier.su_nationkey","stock.s_w_id","stock.s_i_id","n1.n_name"],"Hash Buckets":131072,"Original Hash Buckets":131072,"Hash Batches":8,"Original Hash Batches":8,"Peak Memory Usage":4646,"Shared Hit Blocks":54674,"Shared Read Blocks":0,"Shared Dirtied Blocks":0,"Shared Written Blocks":0,"Local Hit Blocks":0,"Local Read Blocks":0,"Local Dirtied Blocks":0,"Local Written Blocks":0,"Temp Read Blocks":0,"Temp Written Blocks":2445,"I/O Read Time":0.0,"I/O Write Time":0.0,"Temp I/O Read Time":0.0,"Temp I/O Write Time":13.424,"Plans":[{"Node Type":"Hash Join","Parent Relationship":"Outer","Parallel Aware":false,"Async Capable":false,"Join Type":"Inner","Startup Cost":346.42,"Total Cost":633326.26,"Plan Rows":645168,"Plan Width":18,"Actual Startup Time":3.206,"Actual Total Time":6497.724,"Actual Rows":566400,"Actual Loops":1,"Output":["supplier.su_nationkey","stock.s_w_id","stock.s_i_id","n1.n_name"],"Hash Cond":"(supplier.su_nationkey = n1.n_nationkey)","Shared Hit Blocks":54674,"Shared Read Blocks":0,"Shared Dirtied Blocks":0,"Shared Written Blocks":0,"Local Hit Blocks":0,"Local Read Blocks":0,"Local Dirtied Blocks":0,"Local Written Blocks":0,"Temp Read Blocks":0,"Temp Written Blocks":0,"I/O Read Time":0.0,"I/O Write Time":0.0,"Temp I/O Read Time":0.0,"Temp I/O Write Time":0.0,"Plans":[{"Node Type":"Hash Join","Parent Relationship":"Outer","Parallel Aware":false,"Async Capable":false,"Join Type":"Inner","Startup Cost":344.46,"Total Cost":577235.0,"Plan Rows":20000212,"Plan Width":10,"Actual Startup Time":3.149,"Actual Total Time":5165.368,"Actual Rows":20000000,"Actual Loops":1,"Output":["supplier.su_nationkey","stock.s_w_id","stock.s_i_id"],"Hash Cond":"(mod((stock.s_w_id * stock.s_i_id), 10000) = supplier.su_suppkey)","Shared Hit Blocks":54673,"Shared Read Blocks":0,"Shared Dirtied Blocks":0,"Shared Written Blocks":0,"Local Hit Blocks":0,"Local Read Blocks":0,"Local Dirtied Blocks":0,"Local Written Blocks":0,"Temp Read Blocks":0,"Temp Written Blocks":0,"I/O Read Time":0.0,"I/O Write Time":0.0,"Temp I/O Read Time":0.0,"Temp I/O Write Time":0.0,"Plans":[{"Node Type":"Index Only Scan","Parent Relationship":"Outer","Parallel Aware":false,"Async Capable":false,"Scan Direction":"Forward","Index Name":"stock_pk","Relation Name":"stock","Schema":"public","Alias":"stock","Startup Cost":0.44,"Total Cost":519363.62,"Plan Rows":20000212,"Plan Width":6,"Actual Startup Time":0.031,"Actual Total Time":1526.804,"Actual Rows":20000000,"Actual Loops":1,"Output":["stock.s_w_id","stock.s_i_id"],"Heap Fetches":0,"Shared Hit Blocks":54673,"Shared Read Blocks":0,"Shared Dirtied Blocks":0,"Shared Written Blocks":0,"Local Hit Blocks":0,"Local Read Blocks":0,"Local Dirtied Blocks":0,"Local Written Blocks":0,"Temp Read Blocks":0,"Temp Written Blocks":0,"I/O Read Time":0.0,"I/O Write Time":0.0,"Temp I/O Read Time":0.0,"Temp I/O Write Time":0.0},{"Node Type":"Hash","Parent Relationship":"Inner","Parallel Aware":false,"Async Capable":false,"Startup Cost":219.01,"Total Cost":219.01,"Plan Rows":10001,"Plan Width":8,"Actual Startup Time":3.065,"Actual Total Time":3.068,"Actual Rows":10000,"Actual Loops":1,"Output":["supplier.su_nationkey","supplier.su_suppkey"],"Hash Buckets":16384,"Original Hash Buckets":16384,"Hash Batches":1,"Original Hash Batches":1,"Peak Memory Usage":519,"Shared Hit Blocks":0,"Shared Read Blocks":0,"Shared Dirtied Blocks":0,"Shared Written Blocks":0,"Local Hit Blocks":0,"Local Read Blocks":0,"Local Dirtied Blocks":0,"Local Written Blocks":0,"Temp Read Blocks":0,"Temp Written Blocks":0,"I/O Read Time":0.0,"I/O Write Time":0.0,"Temp I/O Read Time":0.0,"Temp I/O Write Time":0.0,"Plans":[{"Node Type":"Append","Parent Relationship":"Outer","Parallel Aware":false,"Async Capable":false,"Startup Cost":20.0,"Total Cost":219.01,"Plan Rows":10001,"Plan Width":8,"Actual Startup Time":0.032,"Actual Total Time":1.813,"Actual Rows":10000,"Actual Loops":1,"Shared Hit Blocks":0,"Shared Read Blocks":0,"Shared Dirtied Blocks":0,"Shared Written Blocks":0,"Local Hit Blocks":0,"Local Read Blocks":0,"Local Dirtied Blocks":0,"Local Written Blocks":0,"Temp Read Blocks":0,"Temp Written Blocks":0,"I/O Read Time":0.0,"I/O Write Time":0.0,"Temp I/O Read Time":0.0,"Temp I/O Write Time":0.0,"Subplans Removed":0,"Plans":[{"Node Type":"Custom Scan","Parent Relationship":"Member","Custom Plan Provider":"columnar scan","Parallel Aware":false,"Async Capable":false,"Relation Name":"supplier","Schema":"public","Alias":"supplier","Startup Cost":20.0,"Total Cost":215.0,"Plan Rows":10000,"Plan Width":8,"Actual Startup Time":0.03,"Actual Total Time":1.109,"Actual Rows":10000,"Actual Loops":1,"Output":["supplier.su_nationkey","supplier.su_suppkey"],"Rows Removed by Columnar Filter":0,"Columnar cache search mode":"native","Shared Hit Blocks":0,"Shared Read Blocks":0,"Shared Dirtied Blocks":0,"Shared Written Blocks":0,"Local Hit Blocks":0,"Local Read Blocks":0,"Local Dirtied Blocks":0,"Local Written Blocks":0,"Temp Read Blocks":0,"Temp Written Blocks":0,"I/O Read Time":0.0,"I/O Write Time":0.0,"Temp I/O Read Time":0.0,"Temp I/O Write Time":0.0},{"Node Type":"Seq Scan","Parent Relationship":"Member","Parallel Aware":false,"Async Capable":false,"Relation Name":"supplier","Schema":"public","Alias":"supplier","Startup Cost":0.0,"Total Cost":4.01,"Plan Rows":1,"Plan Width":8,"Actual Startup Time":0.0,"Actual Total Time":0.0,"Actual Rows":0,"Actual Loops":0,"Output":["supplier.su_nationkey","supplier.su_suppkey"],"Shared Hit Blocks":0,"Shared Read Blocks":0,"Shared Dirtied Blocks":0,"Shared Written Blocks":0,"Local Hit Blocks":0,"Local Read Blocks":0,"Local Dirtied Blocks":0,"Local Written Blocks":0,"Temp Read Blocks":0,"Temp Written Blocks":0,"I/O Read Time":0.0,"I/O Write Time":0.0,"Temp I/O Read Time":0.0,"Temp I/O Write Time":0.0}]}]}]},{"Node Type":"Hash","Parent Relationship":"Inner","Parallel Aware":false,"Async Capable":false,"Startup Cost":1.93,"Total Cost":1.93,"Plan Rows":2,"Plan Width":12,"Actual Startup Time":0.042,"Actual Total Time":0.043,"Actual Rows":2,"Actual Loops":1,"Output":["n1.n_nationkey","n1.n_name"],"Hash Buckets":1024,"Original Hash Buckets":1024,"Hash Batches":1,"Original Hash Batches":1,"Peak Memory Usage":9,"Shared Hit Blocks":1,"Shared Read Blocks":0,"Shared Dirtied Blocks":0,"Shared Written Blocks":0,"Local Hit Blocks":0,"Local Read Blocks":0,"Local Dirtied Blocks":0,"Local Written Blocks":0,"Temp Read Blocks":0,"Temp Written Blocks":0,"I/O Read Time":0.0,"I/O Write Time":0.0,"Temp I/O Read Time":0.0,"Temp I/O Write Time":0.0,"Plans":[{"Node Type":"Seq Scan","Parent Relationship":"Outer","Parallel Aware":false,"Async Capable":false,"Relation Name":"nation","Schema":"public","Alias":"n1","Startup Cost":0.0,"Total Cost":1.93,"Plan Rows":2,"Plan Width":12,"Actual Startup Time":0.027,"Actual Total Time":0.036,"Actual Rows":2,"Actual Loops":1,"Output":["n1.n_nationkey","n1.n_name"],"Filter":"(((n1.n_name)::text = 'Germany'::text) OR ((n1.n_name)::text = 'Cambodia'::text))","Rows Removed by Filter":60,"Shared Hit Blocks":1,"Shared Read Blocks":0,"Shared Dirtied Blocks":0,"Shared Written Blocks":0,"Local Hit Blocks":0,"Local Read Blocks":0,"Local Dirtied Blocks":0,"Local Written Blocks":0,"Temp Read Blocks":0,"Temp Written Blocks":0,"I/O Read Time":0.0,"I/O Write Time":0.0,"Temp I/O Read Time":0.0,"Temp I/O Write Time":0.0}]}]}]}]},{"Node Type":"Hash","Parent Relationship":"Inner","Parallel Aware":false,"Async Capable":false,"Startup Cost":119121.6,"Total Cost":119121.6,"Plan Rows":5996324,"Plan Width":24,"Actual Startup Time":1803.638,"Actual Total Time":1803.639,"Actual Rows":5995789,"Actual Loops":1,"Output":["orders.o_entry_d","orders.o_w_id","orders.o_d_id","orders.o_id","orders.o_c_id"],"Hash Buckets":131072,"Original Hash Buckets":131072,"Hash Batches":64,"Original Hash Batches":64,"Peak Memory Usage":6496,"Shared Hit Blocks":44122,"Shared Read Blocks":0,"Shared Dirtied Blocks":0,"Shared Written Blocks":0,"Local Hit Blocks":0,"Local Read Blocks":0,"Local Dirtied Blocks":0,"Local Written Blocks":0,"Temp Read Blocks":0,"Temp Written Blocks":34552,"I/O Read Time":0.0,"I/O Write Time":0.0,"Temp I/O Read Time":0.0,"Temp I/O Write Time":153.073,"Plans":[{"Node Type":"Seq Scan","Parent Relationship":"Outer","Parallel Aware":false,"Async Capable":false,"Relation Name":"orders","Schema":"public","Alias":"orders","Startup Cost":0.0,"Total Cost":119121.6,"Plan Rows":5996324,"Plan Width":24,"Actual Startup Time":0.013,"Actual Total Time":732.369,"Actual Rows":5995789,"Actual Loops":1,"Output":["orders.o_entry_d","orders.o_w_id","orders.o_d_id","orders.o_id","orders.o_c_id"],"Filter":"(orders.o_entry_d >= '1992-01-02 20:10:02.27764'::timestamp without time zone)","Rows Removed by Filter":4211,"Shared Hit Blocks":44122,"Shared Read Blocks":0,"Shared Dirtied Blocks":0,"Shared Written Blocks":0,"Local Hit Blocks":0,"Local Read Blocks":0,"Local Dirtied Blocks":0,"Local Written Blocks":0,"Temp Read Blocks":0,"Temp Written Blocks":0,"I/O Read Time":0.0,"I/O Write Time":0.0,"Temp I/O Read Time":0.0,"Temp I/O Write Time":0.0}]}]}]},{"Node Type":"Materialize","Parent Relationship":"Inner","Parallel Aware":false,"Async Capable":false,"Startup Cost":46361.03,"Total Cost":47328.79,"Plan Rows":193553,"Plan Width":20,"Actual Startup Time":226.286,"Actual Total Time":299.026,"Actual Rows":293066,"Actual Loops":1,"Output":["customer.c_nationkey","customer.c_id","customer.c_w_id","customer.c_d_id","n2.n_name"],"Shared Hit Blocks":0,"Shared Read Blocks":0,"Shared Dirtied Blocks":0,"Shared Written Blocks":0,"Local Hit Blocks":0,"Local Read Blocks":0,"Local Dirtied Blocks":0,"Local Written Blocks":0,"Temp Read Blocks":1090,"Temp Written Blocks":1096,"I/O Read Time":0.0,"I/O Write Time":0.0,"Temp I/O Read Time":1.348,"Temp I/O Write Time":4.187,"Plans":[{"Node Type":"Sort","Parent Relationship":"Outer","Parallel Aware":false,"Async Capable":false,"Startup Cost":46361.03,"Total Cost":46844.91,"Plan Rows":193553,"Plan Width":20,"Actual Startup Time":226.28,"Actual Total Time":266.575,"Actual Rows":289967,"Actual Loops":1,"Output":["customer.c_nationkey","customer.c_id","customer.c_w_id","customer.c_d_id","n2.n_name"],"Sort Key":["customer.c_id","customer.c_w_id","customer.c_d_id"],"Sort Method":"external merge","Sort Space Used":8720,"Sort Space Type":"Disk","Shared Hit Blocks":0,"Shared Read Blocks":0,"Shared Dirtied Blocks":0,"Shared Written Blocks":0,"Local Hit Blocks":0,"Local Read Blocks":0,"Local Dirtied Blocks":0,"Local Written Blocks":0,"Temp Read Blocks":1090,"Temp Written Blocks":1096,"I/O Read Time":0.0,"I/O Write Time":0.0,"Temp I/O Read Time":1.348,"Temp I/O Write Time":4.187,"Plans":[{"Node Type":"Hash Join","Parent Relationship":"Outer","Parallel Aware":false,"Async Capable":false,"Join Type":"Inner","Startup Cost":44.04,"Total Cost":25392.28,"Plan Rows":193553,"Plan Width":20,"Actual Startup Time":26.03,"Actual Total Time":131.013,"Actual Rows":289972,"Actual Loops":1,"Output":["customer.c_nationkey","customer.c_id","customer.c_w_id","customer.c_d_id","n2.n_name"],"Hash Cond":"(customer.c_nationkey = n2.n_nationkey)","Rows Removed by Bloom Filter":18000190,"Shared Hit Blocks":0,"Shared Read Blocks":0,"Shared Dirtied Blocks":0,"Shared Written Blocks":0,"Local Hit Blocks":0,"Local Read Blocks":0,"Local Dirtied Blocks":0,"Local Written Blocks":0,"Temp Read Blocks":0,"Temp Written Blocks":0,"I/O Read Time":0.0,"I/O Write Time":0.0,"Temp I/O Read Time":0.0,"Temp I/O Write Time":0.0,"Plans":[{"Node Type":"Append","Parent Relationship":"Outer","Parallel Aware":false,"Async Capable":false,"Startup Cost":20.0,"Total Cost":141025.46,"Plan Rows":6000140,"Plan Width":12,"Actual Startup Time":0.254,"Actual Total Time":0.255,"Actual Rows":6000000,"Actual Loops":1,"Shared Hit Blocks":0,"Shared Read Blocks":0,"Shared Dirtied Blocks":0,"Shared Written Blocks":0,"Local Hit Blocks":0,"Local Read Blocks":0,"Local Dirtied Blocks":0,"Local Written Blocks":0,"Temp Read Blocks":0,"Temp Written Blocks":0,"I/O Read Time":0.0,"I/O Write Time":0.0,"Temp I/O Read Time":0.0,"Temp I/O Write Time":0.0,"Subplans Removed":0,"Plans":[{"Node Type":"Custom Scan","Parent Relationship":"Member","Custom Plan Provider":"columnar scan","Parallel Aware":false,"Async Capable":false,"Relation Name":"customer","Schema":"public","Alias":"customer","Startup Cost":20.0,"Total Cost":141020.06,"Plan Rows":6000000,"Plan Width":12,"Actual Startup Time":0.252,"Actual Total Time":0.252,"Actual Rows":6000000,"Actual Loops":1,"Output":["customer.c_nationkey","customer.c_id","customer.c_w_id","customer.c_d_id"],"Rows Removed by Columnar Filter":0,"Columnar cache search mode":"native","Shared Hit Blocks":0,"Shared Read Blocks":0,"Shared Dirtied Blocks":0,"Shared Written Blocks":0,"Local Hit Blocks":0,"Local Read Blocks":0,"Local Dirtied Blocks":0,"Local Written Blocks":0,"Temp Read Blocks":0,"Temp Written Blocks":0,"I/O Read Time":0.0,"I/O Write Time":0.0,"Temp I/O Read Time":0.0,"Temp I/O Write Time":0.0},{"Node Type":"Seq Scan","Parent Relationship":"Member","Parallel Aware":false,"Async Capable":false,"Relation Name":"customer","Schema":"public","Alias":"customer","Startup Cost":0.0,"Total Cost":5.4,"Plan Rows":140,"Plan Width":12,"Actual Startup Time":0.0,"Actual Total Time":0.0,"Actual Rows":0,"Actual Loops":0,"Output":["customer.c_nationkey","customer.c_id","customer.c_w_id","customer.c_d_id"],"Shared Hit Blocks":0,"Shared Read Blocks":0,"Shared Dirtied Blocks":0,"Shared Written Blocks":0,"Local Hit Blocks":0,"Local Read Blocks":0,"Local Dirtied Blocks":0,"Local Written Blocks":0,"Temp Read Blocks":0,"Temp Written Blocks":0,"I/O Read Time":0.0,"I/O Write Time":0.0,"Temp I/O Read Time":0.0,"Temp I/O Write Time":0.0}]},{"Node Type":"Hash","Parent Relationship":"Inner","Parallel Aware":false,"Async Capable":false,"Startup Cost":24.07,"Total Cost":24.07,"Plan Rows":3,"Plan Width":12,"Actual Rows":2,"Actual Loops":1,"Output":["n2.n_nationkey","n2.n_name"],"Shared Hit Blocks":0,"Shared Read Blocks":0,"Shared Dirtied Blocks":0,"Shared Written Blocks":0,"Local Hit Blocks":0,"Local Read Blocks":0,"Local Dirtied Blocks":0,"Local Written Blocks":0,"Temp Read Blocks":0,"Temp Written Blocks":0,"I/O Read Time":0.0,"I/O Write Time":0.0,"Temp I/O Read Time":0.0,"Temp I/O Write Time":0.0,"Plans":[{"Node Type":"Append","Parent Relationship":"Outer","Parallel Aware":false,"Async Capable":false,"Startup Cost":20.0,"Total Cost":24.07,"Plan Rows":3,"Plan Width":12,"Actual Startup Time":0.085,"Actual Total Time":0.086,"Actual Rows":2,"Actual Loops":1,"Shared Hit Blocks":0,"Shared Read Blocks":0,"Shared Dirtied Blocks":0,"Shared Written Blocks":0,"Local Hit Blocks":0,"Local Read Blocks":0,"Local Dirtied Blocks":0,"Local Written Blocks":0,"Temp Read Blocks":0,"Temp Written Blocks":0,"I/O Read Time":0.0,"I/O Write Time":0.0,"Temp I/O Read Time":0.0,"Temp I/O Write Time":0.0,"Subplans Removed":0,"Plans":[{"Node Type":"Custom Scan","Parent Relationship":"Member","Custom Plan Provider":"columnar scan","Parallel Aware":false,"Async Capable":false,"Relation Name":"nation","Schema":"public","Alias":"n2","Startup Cost":20.0,"Total Cost":20.05,"Plan Rows":2,"Plan Width":12,"Actual Startup Time":0.083,"Actual Total Time":0.083,"Actual Rows":2,"Actual Loops":1,"Output":["n2.n_nationkey","n2.n_name"],"Filter":"(((n2.n_name)::text = 'Cambodia'::text) OR ((n2.n_name)::text = 'Germany'::text))","Rows Removed by Filter":0,"Rows Removed by Columnar Filter":60,"Columnar cache search mode":"native","Shared Hit Blocks":0,"Shared Read Blocks":0,"Shared Dirtied Blocks":0,"Shared Written Blocks":0,"Local Hit Blocks":0,"Local Read Blocks":0,"Local Dirtied Blocks":0,"Local Written Blocks":0,"Temp Read Blocks":0,"Temp Written Blocks":0,"I/O Read Time":0.0,"I/O Write Time":0.0,"Temp I/O Read Time":0.0,"Temp I/O Write Time":0.0},{"Node Type":"Seq Scan","Parent Relationship":"Member","Parallel Aware":false,"Async Capable":false,"Relation Name":"nation","Schema":"public","Alias":"n2","Startup Cost":0.0,"Total Cost":4.01,"Plan Rows":1,"Plan Width":12,"Actual Startup Time":0.0,"Actual Total Time":0.0,"Actual Rows":0,"Actual Loops":0,"Output":["n2.n_nationkey","n2.n_name"],"Filter":"(((n2.n_name)::text = 'Cambodia'::text) OR ((n2.n_name)::text = 'Germany'::text))","Rows Removed by Filter":0,"Shared Hit Blocks":0,"Shared Read Blocks":0,"Shared Dirtied Blocks":0,"Shared Written Blocks":0,"Local Hit Blocks":0,"Local Read Blocks":0,"Local Dirtied Blocks":0,"Local Written Blocks":0,"Temp Read Blocks":0,"Temp Written Blocks":0,"I/O Read Time":0.0,"I/O Write Time":0.0,"Temp I/O Read Time":0.0,"Temp I/O Write Time":0.0}]}]}]}]}]}]}]}]},"Planning":{"Shared Hit Blocks":152,"Shared Read Blocks":0,"Shared Dirtied Blocks":0,"Shared Written Blocks":0,"Local Hit Blocks":0,"Local Read Blocks":0,"Local Dirtied Blocks":0,"Local Written Blocks":0,"Temp Read Blocks":0,"Temp Written Blocks":0,"I/O Read Time":0.0,"I/O Write Time":0.0,"Temp I/O Read Time":0.0,"Temp I/O Write Time":0.0},"Planning Time":3.651,"Triggers":[],"Execution Time":20843.101}]
[列存组合]: customer, nation, orders, stock
[{"Plan":{"Node Type":"Aggregate","Strategy":"Sorted","Partial Mode":"Simple","Parallel Aware":false,"Async Capable":false,"Startup Cost":3269534.3,"Total Cost":3269789.11,"Plan Rows":9266,"Plan Width":72,"Actual Startup Time":20832.464,"Actual Total Time":20835.027,"Actual Rows":6,"Actual Loops":1,"Output":["supplier.su_nationkey","customer.c_nationkey","(EXTRACT(year FROM orders.o_entry_d))","sum(order_line.ol_amount)"],"Group Key":["supplier.su_nationkey","customer.c_nationkey","(EXTRACT(year FROM orders.o_entry_d))"],"Shared Hit Blocks":780761,"Shared Read Blocks":0,"Shared Dirtied Blocks":0,"Shared Written Blocks":0,"Local Hit Blocks":0,"Local Read Blocks":0,"Local Dirtied Blocks":0,"Local Written Blocks":0,"Temp Read Blocks":124799,"Temp Written Blocks":124817,"I/O Read Time":0.0,"I/O Write Time":0.0,"Temp I/O Read Time":188.215,"Temp I/O Write Time":539.33,"Plans":[{"Node Type":"Sort","Parent Relationship":"Outer","Parallel Aware":false,"Async Capable":false,"Startup Cost":3269534.3,"Total Cost":3269557.46,"Plan Rows":9266,"Plan Width":44,"Actual Startup Time":20832.356,"Actual Total Time":20832.889,"Actual Rows":12121,"Actual Loops":1,"Output":["supplier.su_nationkey","customer.c_nationkey","(EXTRACT(year FROM orders.o_entry_d))","order_line.ol_amount"],"Sort Key":["supplier.su_nationkey","customer.c_nationkey","(EXTRACT(year FROM orders.o_entry_d))"],"Sort Method":"quicksort","Sort Space Used":1047,"Sort Space Type":"Memory","Shared Hit Blocks":780761,"Shared Read Blocks":0,"Shared Dirtied Blocks":0,"Shared Written Blocks":0,"Local Hit Blocks":0,"Local Read Blocks":0,"Local Dirtied Blocks":0,"Local Written Blocks":0,"Temp Read Blocks":124799,"Temp Written Blocks":124817,"I/O Read Time":0.0,"I/O Write Time":0.0,"Temp I/O Read Time":188.215,"Temp I/O Write Time":539.33,"Plans":[{"Node Type":"Merge Join","Parent Relationship":"Outer","Parallel Aware":false,"Async Capable":false,"Join Type":"Inner","Startup Cost":3260463.95,"Total Cost":3268923.78,"Plan Rows":9266,"Plan Width":44,"Actual Startup Time":20490.516,"Actual Total Time":20829.442,"Actual Rows":12121,"Actual Loops":1,"Output":["supplier.su_nationkey","customer.c_nationkey","EXTRACT(year FROM orders.o_entry_d)","order_line.ol_amount"],"Merge Cond":"((orders.o_c_id = customer.c_id) AND (order_line.ol_w_id = customer.c_w_id) AND (order_line.ol_d_id = customer.c_d_id))","Join Filter":"((((n1.n_name)::text = 'Germany'::text) AND ((n2.n_name)::text = 'Cambodia'::text)) OR (((n1.n_name)::text = 'Cambodia'::text) AND ((n2.n_name)::text = 'Germany'::text)))","Rows Removed by Join Filter":11453,"Shared Hit Blocks":780761,"Shared Read Blocks":0,"Shared Dirtied Blocks":0,"Shared Written Blocks":0,"Local Hit Blocks":0,"Local Read Blocks":0,"Local Dirtied Blocks":0,"Local Written Blocks":0,"Temp Read Blocks":124799,"Temp Written Blocks":124817,"I/O Read Time":0.0,"I/O Write Time":0.0,"Temp I/O Read Time":188.215,"Temp I/O Write Time":539.33,"Plans":[{"Node Type":"Sort","Parent Relationship":"Outer","Parallel Aware":false,"Async Capable":false,"Startup Cost":3214102.73,"Total Cost":3215516.13,"Plan Rows":565362,"Plan Width":36,"Actual Startup Time":20263.68,"Actual Total Time":20434.75,"Actual Rows":485009,"Actual Loops":1,"Output":["supplier.su_nationkey","order_line.ol_amount","order_line.ol_w_id","order_line.ol_d_id","orders.o_entry_d","orders.o_w_id","orders.o_d_id","orders.o_c_id","n1.n_name"],"Sort Key":["orders.o_c_id","order_line.ol_w_id","order_line.ol_d_id"],"Sort Method":"external merge","Sort Space Used":24000,"Sort Space Type":"Disk","Shared Hit Blocks":780761,"Shared Read Blocks":0,"Shared Dirtied Blocks":0,"Shared Written Blocks":0,"Local Hit Blocks":0,"Local Read Blocks":0,"Local Dirtied Blocks":0,"Local Written Blocks":0,"Temp Read Blocks":123709,"Temp Written Blocks":123721,"I/O Read Time":0.0,"I/O Write Time":0.0,"Temp I/O Read Time":186.884,"Temp I/O Write Time":534.968,"Plans":[{"Node Type":"Hash Join","Parent Relationship":"Outer","Parallel Aware":false,"Async Capable":false,"Join Type":"Inner","Startup Cost":906075.03,"Total Cost":3144626.23,"Plan Rows":565362,"Plan Width":36,"Actual Startup Time":8503.392,"Actual Total Time":20015.981,"Actual Rows":485009,"Actual Loops":1,"Output":["supplier.su_nationkey","order_line.ol_amount","order_line.ol_w_id","order_line.ol_d_id","orders.o_entry_d","orders.o_w_id","orders.o_d_id","orders.o_c_id","n1.n_name"],"Hash Cond":"((order_line.ol_w_id = orders.o_w_id) AND (order_line.ol_d_id = orders.o_d_id) AND (order_line.ol_o_id = orders.o_id))","Shared Hit Blocks":780761,"Shared Read Blocks":0,"Shared Dirtied Blocks":0,"Shared Written Blocks":0,"Local Hit Blocks":0,"Local Read Blocks":0,"Local Dirtied Blocks":0,"Local Written Blocks":0,"Temp Read Blocks":120709,"Temp Written Blocks":120709,"I/O Read Time":0.0,"I/O Write Time":0.0,"Temp I/O Read Time":182.725,"Temp I/O Write Time":523.902,"Plans":[{"Node Type":"Hash Join","Parent Relationship":"Outer","Parallel Aware":false,"Async Capable":false,"Join Type":"Inner","Startup Cost":646882.76,"Total Cost":2838108.04,"Plan Rows":565705,"Plan Width":28,"Actual Startup Time":6684.089,"Actual Total Time":17526.606,"Actual Rows":485009,"Actual Loops":1,"Output":["supplier.su_nationkey","order_line.ol_amount","order_line.ol_w_id","order_line.ol_d_id","order_line.ol_o_id","n1.n_name"],"Hash Cond":"((order_line.ol_supply_w_id = stock.s_w_id) AND (order_line.ol_i_id = stock.s_i_id))","Shared Hit Blocks":736639,"Shared Read Blocks":0,"Shared Dirtied Blocks":0,"Shared Written Blocks":0,"Local Hit Blocks":0,"Local Read Blocks":0,"Local Dirtied Blocks":0,"Local Written Blocks":0,"Temp Read Blocks":83003,"Temp Written Blocks":83003,"I/O Read Time":0.0,"I/O Write Time":0.0,"Temp I/O Read Time":125.017,"Temp I/O Write Time":347.598,"Plans":[{"Node Type":"Seq Scan","Parent Relationship":"Outer","Parallel Aware":false,"Async Capable":false,"Relation Name":"order_line","Schema":"public","Alias":"order_line","Startup Cost":0.0,"Total Cost":1581655.36,"Plan Rows":17536869,"Plan Width":22,"Actual Startup Time":6.47,"Actual Total Time":5716.645,"Actual Rows":17139931,"Actual Loops":1,"Output":["order_line.ol_amount","order_line.ol_supply_w_id","order_line.ol_i_id","order_line.ol_w_id","order_line.ol_d_id","order_line.ol_o_id"],"Filter":"((order_line.ol_delivery_d >= '1995-01-02 20:10:02.27764'::timestamp without time zone) AND (order_line.ol_delivery_d <= '1997-01-01 20:10:02.27764'::timestamp without time zone))","Rows Removed by Filter":42853830,"Shared Hit Blocks":681748,"Shared Read Blocks":0,"Shared Dirtied Blocks":0,"Shared Written Blocks":0,"Local Hit Blocks":0,"Local Read Blocks":0,"Local Dirtied Blocks":0,"Local Written Blocks":0,"Temp Read Blocks":0,"Temp Written Blocks":0,"I/O Read Time":0.0,"I/O Write Time":0.0,"Temp I/O Read Time":0.0,"Temp I/O Write Time":0.0},{"Node Type":"Hash","Parent Relationship":"Inner","Parallel Aware":false,"Async Capable":false,"Startup Cost":633424.24,"Total Cost":633424.24,"Plan Rows":645168,"Plan Width":18,"Actual Startup Time":6677.041,"Actual Total Time":6677.052,"Actual Rows":566400,"Actual Loops":1,"Output":["supplier.su_nationkey","stock.s_w_id","stock.s_i_id","n1.n_name"],"Hash Buckets":131072,"Original Hash Buckets":131072,"Hash Batches":8,"Original Hash Batches":8,"Peak Memory Usage":4646,"Shared Hit Blocks":54891,"Shared Read Blocks":0,"Shared Dirtied Blocks":0,"Shared Written Blocks":0,"Local Hit Blocks":0,"Local Read Blocks":0,"Local Dirtied Blocks":0,"Local Written Blocks":0,"Temp Read Blocks":0,"Temp Written Blocks":2445,"I/O Read Time":0.0,"I/O Write Time":0.0,"Temp I/O Read Time":0.0,"Temp I/O Write Time":12.701,"Plans":[{"Node Type":"Hash Join","Parent Relationship":"Outer","Parallel Aware":false,"Async Capable":false,"Join Type":"Inner","Startup Cost":444.39,"Total Cost":633424.24,"Plan Rows":645168,"Plan Width":18,"Actual Startup Time":2.759,"Actual Total Time":6569.336,"Actual Rows":566400,"Actual Loops":1,"Output":["supplier.su_nationkey","stock.s_w_id","stock.s_i_id","n1.n_name"],"Hash Cond":"(supplier.su_nationkey = n1.n_nationkey)","Shared Hit Blocks":54891,"Shared Read Blocks":0,"Shared Dirtied Blocks":0,"Shared Written Blocks":0,"Local Hit Blocks":0,"Local Read Blocks":0,"Local Dirtied Blocks":0,"Local Written Blocks":0,"Temp Read Blocks":0,"Temp Written Blocks":0,"I/O Read Time":0.0,"I/O Write Time":0.0,"Temp I/O Read Time":0.0,"Temp I/O Write Time":0.0,"Plans":[{"Node Type":"Hash Join","Parent Relationship":"Outer","Parallel Aware":false,"Async Capable":false,"Join Type":"Inner","Startup Cost":442.44,"Total Cost":577332.98,"Plan Rows":20000212,"Plan Width":10,"Actual Startup Time":2.719,"Actual Total Time":5248.222,"Actual Rows":20000000,"Actual Loops":1,"Output":["supplier.su_nationkey","stock.s_w_id","stock.s_i_id"],"Hash Cond":"(mod((stock.s_w_id * stock.s_i_id), 10000) = supplier.su_suppkey)","Shared Hit Blocks":54890,"Shared Read Blocks":0,"Shared Dirtied Blocks":0,"Shared Written Blocks":0,"Local Hit Blocks":0,"Local Read Blocks":0,"Local Dirtied Blocks":0,"Local Written Blocks":0,"Temp Read Blocks":0,"Temp Written Blocks":0,"I/O Read Time":0.0,"I/O Write Time":0.0,"Temp I/O Read Time":0.0,"Temp I/O Write Time":0.0,"Plans":[{"Node Type":"Index Only Scan","Parent Relationship":"Outer","Parallel Aware":false,"Async Capable":false,"Scan Direction":"Forward","Index Name":"stock_pk","Relation Name":"stock","Schema":"public","Alias":"stock","Startup Cost":0.44,"Total Cost":519363.62,"Plan Rows":20000212,"Plan Width":6,"Actual Startup Time":0.032,"Actual Total Time":1543.743,"Actual Rows":20000000,"Actual Loops":1,"Output":["stock.s_w_id","stock.s_i_id"],"Heap Fetches":0,"Shared Hit Blocks":54673,"Shared Read Blocks":0,"Shared Dirtied Blocks":0,"Shared Written Blocks":0,"Local Hit Blocks":0,"Local Read Blocks":0,"Local Dirtied Blocks":0,"Local Written Blocks":0,"Temp Read Blocks":0,"Temp Written Blocks":0,"I/O Read Time":0.0,"I/O Write Time":0.0,"Temp I/O Read Time":0.0,"Temp I/O Write Time":0.0},{"Node Type":"Hash","Parent Relationship":"Inner","Parallel Aware":false,"Async Capable":false,"Startup Cost":317.0,"Total Cost":317.0,"Plan Rows":10000,"Plan Width":8,"Actual Startup Time":2.636,"Actual Total Time":2.636,"Actual Rows":10000,"Actual Loops":1,"Output":["supplier.su_nationkey","supplier.su_suppkey"],"Hash Buckets":16384,"Original Hash Buckets":16384,"Hash Batches":1,"Original Hash Batches":1,"Peak Memory Usage":519,"Shared Hit Blocks":217,"Shared Read Blocks":0,"Shared Dirtied Blocks":0,"Shared Written Blocks":0,"Local Hit Blocks":0,"Local Read Blocks":0,"Local Dirtied Blocks":0,"Local Written Blocks":0,"Temp Read Blocks":0,"Temp Written Blocks":0,"I/O Read Time":0.0,"I/O Write Time":0.0,"Temp I/O Read Time":0.0,"Temp I/O Write Time":0.0,"Plans":[{"Node Type":"Seq Scan","Parent Relationship":"Outer","Parallel Aware":false,"Async Capable":false,"Relation Name":"supplier","Schema":"public","Alias":"supplier","Startup Cost":0.0,"Total Cost":317.0,"Plan Rows":10000,"Plan Width":8,"Actual Startup Time":0.014,"Actual Total Time":1.294,"Actual Rows":10000,"Actual Loops":1,"Output":["supplier.su_nationkey","supplier.su_suppkey"],"Shared Hit Blocks":217,"Shared Read Blocks":0,"Shared Dirtied Blocks":0,"Shared Written Blocks":0,"Local Hit Blocks":0,"Local Read Blocks":0,"Local Dirtied Blocks":0,"Local Written Blocks":0,"Temp Read Blocks":0,"Temp Written Blocks":0,"I/O Read Time":0.0,"I/O Write Time":0.0,"Temp I/O Read Time":0.0,"Temp I/O Write Time":0.0}]}]},{"Node Type":"Hash","Parent Relationship":"Inner","Parallel Aware":false,"Async Capable":false,"Startup Cost":1.93,"Total Cost":1.93,"Plan Rows":2,"Plan Width":12,"Actual Startup Time":0.026,"Actual Total Time":0.028,"Actual Rows":2,"Actual Loops":1,"Output":["n1.n_nationkey","n1.n_name"],"Hash Buckets":1024,"Original Hash Buckets":1024,"Hash Batches":1,"Original Hash Batches":1,"Peak Memory Usage":9,"Shared Hit Blocks":1,"Shared Read Blocks":0,"Shared Dirtied Blocks":0,"Shared Written Blocks":0,"Local Hit Blocks":0,"Local Read Blocks":0,"Local Dirtied Blocks":0,"Local Written Blocks":0,"Temp Read Blocks":0,"Temp Written Blocks":0,"I/O Read Time":0.0,"I/O Write Time":0.0,"Temp I/O Read Time":0.0,"Temp I/O Write Time":0.0,"Plans":[{"Node Type":"Seq Scan","Parent Relationship":"Outer","Parallel Aware":false,"Async Capable":false,"Relation Name":"nation","Schema":"public","Alias":"n1","Startup Cost":0.0,"Total Cost":1.93,"Plan Rows":2,"Plan Width":12,"Actual Startup Time":0.017,"Actual Total Time":0.022,"Actual Rows":2,"Actual Loops":1,"Output":["n1.n_nationkey","n1.n_name"],"Filter":"(((n1.n_name)::text = 'Germany'::text) OR ((n1.n_name)::text = 'Cambodia'::text))","Rows Removed by Filter":60,"Shared Hit Blocks":1,"Shared Read Blocks":0,"Shared Dirtied Blocks":0,"Shared Written Blocks":0,"Local Hit Blocks":0,"Local Read Blocks":0,"Local Dirtied Blocks":0,"Local Written Blocks":0,"Temp Read Blocks":0,"Temp Written Blocks":0,"I/O Read Time":0.0,"I/O Write Time":0.0,"Temp I/O Read Time":0.0,"Temp I/O Write Time":0.0}]}]}]}]},{"Node Type":"Hash","Parent Relationship":"Inner","Parallel Aware":false,"Async Capable":false,"Startup Cost":119121.6,"Total Cost":119121.6,"Plan Rows":5996324,"Plan Width":24,"Actual Startup Time":1807.968,"Actual Total Time":1807.968,"Actual Rows":5995789,"Actual Loops":1,"Output":["orders.o_entry_d","orders.o_w_id","orders.o_d_id","orders.o_id","orders.o_c_id"],"Hash Buckets":131072,"Original Hash Buckets":131072,"Hash Batches":64,"Original Hash Batches":64,"Peak Memory Usage":6496,"Shared Hit Blocks":44122,"Shared Read Blocks":0,"Shared Dirtied Blocks":0,"Shared Written Blocks":0,"Local Hit Blocks":0,"Local Read Blocks":0,"Local Dirtied Blocks":0,"Local Written Blocks":0,"Temp Read Blocks":0,"Temp Written Blocks":34552,"I/O Read Time":0.0,"I/O Write Time":0.0,"Temp I/O Read Time":0.0,"Temp I/O Write Time":158.426,"Plans":[{"Node Type":"Seq Scan","Parent Relationship":"Outer","Parallel Aware":false,"Async Capable":false,"Relation Name":"orders","Schema":"public","Alias":"orders","Startup Cost":0.0,"Total Cost":119121.6,"Plan Rows":5996324,"Plan Width":24,"Actual Startup Time":0.015,"Actual Total Time":730.502,"Actual Rows":5995789,"Actual Loops":1,"Output":["orders.o_entry_d","orders.o_w_id","orders.o_d_id","orders.o_id","orders.o_c_id"],"Filter":"(orders.o_entry_d >= '1992-01-02 20:10:02.27764'::timestamp without time zone)","Rows Removed by Filter":4211,"Shared Hit Blocks":44122,"Shared Read Blocks":0,"Shared Dirtied Blocks":0,"Shared Written Blocks":0,"Local Hit Blocks":0,"Local Read Blocks":0,"Local Dirtied Blocks":0,"Local Written Blocks":0,"Temp Read Blocks":0,"Temp Written Blocks":0,"I/O Read Time":0.0,"I/O Write Time":0.0,"Temp I/O Read Time":0.0,"Temp I/O Write Time":0.0}]}]}]},{"Node Type":"Materialize","Parent Relationship":"Inner","Parallel Aware":false,"Async Capable":false,"Startup Cost":46361.03,"Total Cost":47328.79,"Plan Rows":193553,"Plan Width":20,"Actual Startup Time":226.797,"Actual Total Time":298.75,"Actual Rows":293066,"Actual Loops":1,"Output":["customer.c_nationkey","customer.c_id","customer.c_w_id","customer.c_d_id","n2.n_name"],"Shared Hit Blocks":0,"Shared Read Blocks":0,"Shared Dirtied Blocks":0,"Shared Written Blocks":0,"Local Hit Blocks":0,"Local Read Blocks":0,"Local Dirtied Blocks":0,"Local Written Blocks":0,"Temp Read Blocks":1090,"Temp Written Blocks":1096,"I/O Read Time":0.0,"I/O Write Time":0.0,"Temp I/O Read Time":1.331,"Temp I/O Write Time":4.362,"Plans":[{"Node Type":"Sort","Parent Relationship":"Outer","Parallel Aware":false,"Async Capable":false,"Startup Cost":46361.03,"Total Cost":46844.91,"Plan Rows":193553,"Plan Width":20,"Actual Startup Time":226.79,"Actual Total Time":267.176,"Actual Rows":289967,"Actual Loops":1,"Output":["customer.c_nationkey","customer.c_id","customer.c_w_id","customer.c_d_id","n2.n_name"],"Sort Key":["customer.c_id","customer.c_w_id","customer.c_d_id"],"Sort Method":"external merge","Sort Space Used":8720,"Sort Space Type":"Disk","Shared Hit Blocks":0,"Shared Read Blocks":0,"Shared Dirtied Blocks":0,"Shared Written Blocks":0,"Local Hit Blocks":0,"Local Read Blocks":0,"Local Dirtied Blocks":0,"Local Written Blocks":0,"Temp Read Blocks":1090,"Temp Written Blocks":1096,"I/O Read Time":0.0,"I/O Write Time":0.0,"Temp I/O Read Time":1.331,"Temp I/O Write Time":4.362,"Plans":[{"Node Type":"Hash Join","Parent Relationship":"Outer","Parallel Aware":false,"Async Capable":false,"Join Type":"Inner","Startup Cost":44.04,"Total Cost":25392.28,"Plan Rows":193553,"Plan Width":20,"Actual Startup Time":26.291,"Actual Total Time":131.136,"Actual Rows":289972,"Actual Loops":1,"Output":["customer.c_nationkey","customer.c_id","customer.c_w_id","customer.c_d_id","n2.n_name"],"Hash Cond":"(customer.c_nationkey = n2.n_nationkey)","Rows Removed by Bloom Filter":18000190,"Shared Hit Blocks":0,"Shared Read Blocks":0,"Shared Dirtied Blocks":0,"Shared Written Blocks":0,"Local Hit Blocks":0,"Local Read Blocks":0,"Local Dirtied Blocks":0,"Local Written Blocks":0,"Temp Read Blocks":0,"Temp Written Blocks":0,"I/O Read Time":0.0,"I/O Write Time":0.0,"Temp I/O Read Time":0.0,"Temp I/O Write Time":0.0,"Plans":[{"Node Type":"Append","Parent Relationship":"Outer","Parallel Aware":false,"Async Capable":false,"Startup Cost":20.0,"Total Cost":141025.46,"Plan Rows":6000140,"Plan Width":12,"Actual Startup Time":0.266,"Actual Total Time":0.268,"Actual Rows":6000000,"Actual Loops":1,"Shared Hit Blocks":0,"Shared Read Blocks":0,"Shared Dirtied Blocks":0,"Shared Written Blocks":0,"Local Hit Blocks":0,"Local Read Blocks":0,"Local Dirtied Blocks":0,"Local Written Blocks":0,"Temp Read Blocks":0,"Temp Written Blocks":0,"I/O Read Time":0.0,"I/O Write Time":0.0,"Temp I/O Read Time":0.0,"Temp I/O Write Time":0.0,"Subplans Removed":0,"Plans":[{"Node Type":"Custom Scan","Parent Relationship":"Member","Custom Plan Provider":"columnar scan","Parallel Aware":false,"Async Capable":false,"Relation Name":"customer","Schema":"public","Alias":"customer","Startup Cost":20.0,"Total Cost":141020.06,"Plan Rows":6000000,"Plan Width":12,"Actual Startup Time":0.265,"Actual Total Time":0.266,"Actual Rows":6000000,"Actual Loops":1,"Output":["customer.c_nationkey","customer.c_id","customer.c_w_id","customer.c_d_id"],"Rows Removed by Columnar Filter":0,"Columnar cache search mode":"native","Shared Hit Blocks":0,"Shared Read Blocks":0,"Shared Dirtied Blocks":0,"Shared Written Blocks":0,"Local Hit Blocks":0,"Local Read Blocks":0,"Local Dirtied Blocks":0,"Local Written Blocks":0,"Temp Read Blocks":0,"Temp Written Blocks":0,"I/O Read Time":0.0,"I/O Write Time":0.0,"Temp I/O Read Time":0.0,"Temp I/O Write Time":0.0},{"Node Type":"Seq Scan","Parent Relationship":"Member","Parallel Aware":false,"Async Capable":false,"Relation Name":"customer","Schema":"public","Alias":"customer","Startup Cost":0.0,"Total Cost":5.4,"Plan Rows":140,"Plan Width":12,"Actual Startup Time":0.0,"Actual Total Time":0.0,"Actual Rows":0,"Actual Loops":0,"Output":["customer.c_nationkey","customer.c_id","customer.c_w_id","customer.c_d_id"],"Shared Hit Blocks":0,"Shared Read Blocks":0,"Shared Dirtied Blocks":0,"Shared Written Blocks":0,"Local Hit Blocks":0,"Local Read Blocks":0,"Local Dirtied Blocks":0,"Local Written Blocks":0,"Temp Read Blocks":0,"Temp Written Blocks":0,"I/O Read Time":0.0,"I/O Write Time":0.0,"Temp I/O Read Time":0.0,"Temp I/O Write Time":0.0}]},{"Node Type":"Hash","Parent Relationship":"Inner","Parallel Aware":false,"Async Capable":false,"Startup Cost":24.07,"Total Cost":24.07,"Plan Rows":3,"Plan Width":12,"Actual Rows":2,"Actual Loops":1,"Output":["n2.n_nationkey","n2.n_name"],"Shared Hit Blocks":0,"Shared Read Blocks":0,"Shared Dirtied Blocks":0,"Shared Written Blocks":0,"Local Hit Blocks":0,"Local Read Blocks":0,"Local Dirtied Blocks":0,"Local Written Blocks":0,"Temp Read Blocks":0,"Temp Written Blocks":0,"I/O Read Time":0.0,"I/O Write Time":0.0,"Temp I/O Read Time":0.0,"Temp I/O Write Time":0.0,"Plans":[{"Node Type":"Append","Parent Relationship":"Outer","Parallel Aware":false,"Async Capable":false,"Startup Cost":20.0,"Total Cost":24.07,"Plan Rows":3,"Plan Width":12,"Actual Startup Time":0.11,"Actual Total Time":0.111,"Actual Rows":2,"Actual Loops":1,"Shared Hit Blocks":0,"Shared Read Blocks":0,"Shared Dirtied Blocks":0,"Shared Written Blocks":0,"Local Hit Blocks":0,"Local Read Blocks":0,"Local Dirtied Blocks":0,"Local Written Blocks":0,"Temp Read Blocks":0,"Temp Written Blocks":0,"I/O Read Time":0.0,"I/O Write Time":0.0,"Temp I/O Read Time":0.0,"Temp I/O Write Time":0.0,"Subplans Removed":0,"Plans":[{"Node Type":"Custom Scan","Parent Relationship":"Member","Custom Plan Provider":"columnar scan","Parallel Aware":false,"Async Capable":false,"Relation Name":"nation","Schema":"public","Alias":"n2","Startup Cost":20.0,"Total Cost":20.05,"Plan Rows":2,"Plan Width":12,"Actual Startup Time":0.107,"Actual Total Time":0.107,"Actual Rows":2,"Actual Loops":1,"Output":["n2.n_nationkey","n2.n_name"],"Filter":"(((n2.n_name)::text = 'Cambodia'::text) OR ((n2.n_name)::text = 'Germany'::text))","Rows Removed by Filter":0,"Rows Removed by Columnar Filter":60,"Columnar cache search mode":"native","Shared Hit Blocks":0,"Shared Read Blocks":0,"Shared Dirtied Blocks":0,"Shared Written Blocks":0,"Local Hit Blocks":0,"Local Read Blocks":0,"Local Dirtied Blocks":0,"Local Written Blocks":0,"Temp Read Blocks":0,"Temp Written Blocks":0,"I/O Read Time":0.0,"I/O Write Time":0.0,"Temp I/O Read Time":0.0,"Temp I/O Write Time":0.0},{"Node Type":"Seq Scan","Parent Relationship":"Member","Parallel Aware":false,"Async Capable":false,"Relation Name":"nation","Schema":"public","Alias":"n2","Startup Cost":0.0,"Total Cost":4.01,"Plan Rows":1,"Plan Width":12,"Actual Startup Time":0.0,"Actual Total Time":0.0,"Actual Rows":0,"Actual Loops":0,"Output":["n2.n_nationkey","n2.n_name"],"Filter":"(((n2.n_name)::text = 'Cambodia'::text) OR ((n2.n_name)::text = 'Germany'::text))","Rows Removed by Filter":0,"Shared Hit Blocks":0,"Shared Read Blocks":0,"Shared Dirtied Blocks":0,"Shared Written Blocks":0,"Local Hit Blocks":0,"Local Read Blocks":0,"Local Dirtied Blocks":0,"Local Written Blocks":0,"Temp Read Blocks":0,"Temp Written Blocks":0,"I/O Read Time":0.0,"I/O Write Time":0.0,"Temp I/O Read Time":0.0,"Temp I/O Write Time":0.0}]}]}]}]}]}]}]}]},"Planning":{"Shared Hit Blocks":152,"Shared Read Blocks":0,"Shared Dirtied Blocks":0,"Shared Written Blocks":0,"Local Hit Blocks":0,"Local Read Blocks":0,"Local Dirtied Blocks":0,"Local Written Blocks":0,"Temp Read Blocks":0,"Temp Written Blocks":0,"I/O Read Time":0.0,"I/O Write Time":0.0,"Temp I/O Read Time":0.0,"Temp I/O Write Time":0.0},"Planning Time":4.078,"Triggers":[],"Execution Time":20839.926}]
[列存组合]: customer, nation, orders, supplier
[{"Plan":{"Node Type":"Aggregate","Strategy":"Sorted","Partial Mode":"Simple","Parallel Aware":false,"Async Capable":false,"Startup Cost":3269436.32,"Total Cost":3269691.14,"Plan Rows":9266,"Plan Width":72,"Actual Startup Time":20801.737,"Actual Total Time":20804.319,"Actual Rows":6,"Actual Loops":1,"Output":["supplier.su_nationkey","customer.c_nationkey","(EXTRACT(year FROM orders.o_entry_d))","sum(order_line.ol_amount)"],"Group Key":["supplier.su_nationkey","customer.c_nationkey","(EXTRACT(year FROM orders.o_entry_d))"],"Shared Hit Blocks":780544,"Shared Read Blocks":0,"Shared Dirtied Blocks":0,"Shared Written Blocks":0,"Local Hit Blocks":0,"Local Read Blocks":0,"Local Dirtied Blocks":0,"Local Written Blocks":0,"Temp Read Blocks":124799,"Temp Written Blocks":124817,"I/O Read Time":0.0,"I/O Write Time":0.0,"Temp I/O Read Time":188.256,"Temp I/O Write Time":533.065,"Plans":[{"Node Type":"Sort","Parent Relationship":"Outer","Parallel Aware":false,"Async Capable":false,"Startup Cost":3269436.32,"Total Cost":3269459.49,"Plan Rows":9266,"Plan Width":44,"Actual Startup Time":20801.63,"Actual Total Time":20802.168,"Actual Rows":12121,"Actual Loops":1,"Output":["supplier.su_nationkey","customer.c_nationkey","(EXTRACT(year FROM orders.o_entry_d))","order_line.ol_amount"],"Sort Key":["supplier.su_nationkey","customer.c_nationkey","(EXTRACT(year FROM orders.o_entry_d))"],"Sort Method":"quicksort","Sort Space Used":1047,"Sort Space Type":"Memory","Shared Hit Blocks":780544,"Shared Read Blocks":0,"Shared Dirtied Blocks":0,"Shared Written Blocks":0,"Local Hit Blocks":0,"Local Read Blocks":0,"Local Dirtied Blocks":0,"Local Written Blocks":0,"Temp Read Blocks":124799,"Temp Written Blocks":124817,"I/O Read Time":0.0,"I/O Write Time":0.0,"Temp I/O Read Time":188.256,"Temp I/O Write Time":533.065,"Plans":[{"Node Type":"Merge Join","Parent Relationship":"Outer","Parallel Aware":false,"Async Capable":false,"Join Type":"Inner","Startup Cost":3260365.97,"Total Cost":3268825.8,"Plan Rows":9266,"Plan Width":44,"Actual Startup Time":20459.526,"Actual Total Time":20798.703,"Actual Rows":12121,"Actual Loops":1,"Output":["supplier.su_nationkey","customer.c_nationkey","EXTRACT(year FROM orders.o_entry_d)","order_line.ol_amount"],"Merge Cond":"((orders.o_c_id = customer.c_id) AND (order_line.ol_w_id = customer.c_w_id) AND (order_line.ol_d_id = customer.c_d_id))","Join Filter":"((((n1.n_name)::text = 'Germany'::text) AND ((n2.n_name)::text = 'Cambodia'::text)) OR (((n1.n_name)::text = 'Cambodia'::text) AND ((n2.n_name)::text = 'Germany'::text)))","Rows Removed by Join Filter":11453,"Shared Hit Blocks":780544,"Shared Read Blocks":0,"Shared Dirtied Blocks":0,"Shared Written Blocks":0,"Local Hit Blocks":0,"Local Read Blocks":0,"Local Dirtied Blocks":0,"Local Written Blocks":0,"Temp Read Blocks":124799,"Temp Written Blocks":124817,"I/O Read Time":0.0,"I/O Write Time":0.0,"Temp I/O Read Time":188.256,"Temp I/O Write Time":533.065,"Plans":[{"Node Type":"Sort","Parent Relationship":"Outer","Parallel Aware":false,"Async Capable":false,"Startup Cost":3214004.75,"Total Cost":3215418.15,"Plan Rows":565362,"Plan Width":36,"Actual Startup Time":20235.292,"Actual Total Time":20406.703,"Actual Rows":485009,"Actual Loops":1,"Output":["supplier.su_nationkey","order_line.ol_amount","order_line.ol_w_id","order_line.ol_d_id","orders.o_entry_d","orders.o_w_id","orders.o_d_id","orders.o_c_id","n1.n_name"],"Sort Key":["orders.o_c_id","order_line.ol_w_id","order_line.ol_d_id"],"Sort Method":"external merge","Sort Space Used":24000,"Sort Space Type":"Disk","Shared Hit Blocks":780544,"Shared Read Blocks":0,"Shared Dirtied Blocks":0,"Shared Written Blocks":0,"Local Hit Blocks":0,"Local Read Blocks":0,"Local Dirtied Blocks":0,"Local Written Blocks":0,"Temp Read Blocks":123709,"Temp Written Blocks":123721,"I/O Read Time":0.0,"I/O Write Time":0.0,"Temp I/O Read Time":186.915,"Temp I/O Write Time":528.836,"Plans":[{"Node Type":"Hash Join","Parent Relationship":"Outer","Parallel Aware":false,"Async Capable":false,"Join Type":"Inner","Startup Cost":905977.05,"Total Cost":3144528.26,"Plan Rows":565362,"Plan Width":36,"Actual Startup Time":8500.482,"Actual Total Time":19986.781,"Actual Rows":485009,"Actual Loops":1,"Output":["supplier.su_nationkey","order_line.ol_amount","order_line.ol_w_id","order_line.ol_d_id","orders.o_entry_d","orders.o_w_id","orders.o_d_id","orders.o_c_id","n1.n_name"],"Hash Cond":"((order_line.ol_w_id = orders.o_w_id) AND (order_line.ol_d_id = orders.o_d_id) AND (order_line.ol_o_id = orders.o_id))","Shared Hit Blocks":780544,"Shared Read Blocks":0,"Shared Dirtied Blocks":0,"Shared Written Blocks":0,"Local Hit Blocks":0,"Local Read Blocks":0,"Local Dirtied Blocks":0,"Local Written Blocks":0,"Temp Read Blocks":120709,"Temp Written Blocks":120709,"I/O Read Time":0.0,"I/O Write Time":0.0,"Temp I/O Read Time":182.693,"Temp I/O Write Time":517.672,"Plans":[{"Node Type":"Hash Join","Parent Relationship":"Outer","Parallel Aware":false,"Async Capable":false,"Join Type":"Inner","Startup Cost":646784.78,"Total Cost":2838010.06,"Plan Rows":565705,"Plan Width":28,"Actual Startup Time":6686.88,"Actual Total Time":17503.701,"Actual Rows":485009,"Actual Loops":1,"Output":["supplier.su_nationkey","order_line.ol_amount","order_line.ol_w_id","order_line.ol_d_id","order_line.ol_o_id","n1.n_name"],"Hash Cond":"((order_line.ol_supply_w_id = stock.s_w_id) AND (order_line.ol_i_id = stock.s_i_id))","Shared Hit Blocks":736422,"Shared Read Blocks":0,"Shared Dirtied Blocks":0,"Shared Written Blocks":0,"Local Hit Blocks":0,"Local Read Blocks":0,"Local Dirtied Blocks":0,"Local Written Blocks":0,"Temp Read Blocks":83003,"Temp Written Blocks":83003,"I/O Read Time":0.0,"I/O Write Time":0.0,"Temp I/O Read Time":125.077,"Temp I/O Write Time":346.636,"Plans":[{"Node Type":"Seq Scan","Parent Relationship":"Outer","Parallel Aware":false,"Async Capable":false,"Relation Name":"order_line","Schema":"public","Alias":"order_line","Startup Cost":0.0,"Total Cost":1581655.36,"Plan Rows":17536869,"Plan Width":22,"Actual Startup Time":6.527,"Actual Total Time":5690.497,"Actual Rows":17139931,"Actual Loops":1,"Output":["order_line.ol_amount","order_line.ol_supply_w_id","order_line.ol_i_id","order_line.ol_w_id","order_line.ol_d_id","order_line.ol_o_id"],"Filter":"((order_line.ol_delivery_d >= '1995-01-02 20:10:02.27764'::timestamp without time zone) AND (order_line.ol_delivery_d <= '1997-01-01 20:10:02.27764'::timestamp without time zone))","Rows Removed by Filter":42853830,"Shared Hit Blocks":681748,"Shared Read Blocks":0,"Shared Dirtied Blocks":0,"Shared Written Blocks":0,"Local Hit Blocks":0,"Local Read Blocks":0,"Local Dirtied Blocks":0,"Local Written Blocks":0,"Temp Read Blocks":0,"Temp Written Blocks":0,"I/O Read Time":0.0,"I/O Write Time":0.0,"Temp I/O Read Time":0.0,"Temp I/O Write Time":0.0},{"Node Type":"Hash","Parent Relationship":"Inner","Parallel Aware":false,"Async Capable":false,"Startup Cost":633326.26,"Total Cost":633326.26,"Plan Rows":645168,"Plan Width":18,"Actual Startup Time":6679.72,"Actual Total Time":6679.736,"Actual Rows":566400,"Actual Loops":1,"Output":["supplier.su_nationkey","stock.s_w_id","stock.s_i_id","n1.n_name"],"Hash Buckets":131072,"Original Hash Buckets":131072,"Hash Batches":8,"Original Hash Batches":8,"Peak Memory Usage":4646,"Shared Hit Blocks":54674,"Shared Read Blocks":0,"Shared Dirtied Blocks":0,"Shared Written Blocks":0,"Local Hit Blocks":0,"Local Read Blocks":0,"Local Dirtied Blocks":0,"Local Written Blocks":0,"Temp Read Blocks":0,"Temp Written Blocks":2445,"I/O Read Time":0.0,"I/O Write Time":0.0,"Temp I/O Read Time":0.0,"Temp I/O Write Time":12.921,"Plans":[{"Node Type":"Hash Join","Parent Relationship":"Outer","Parallel Aware":false,"Async Capable":false,"Join Type":"Inner","Startup Cost":346.42,"Total Cost":633326.26,"Plan Rows":645168,"Plan Width":18,"Actual Startup Time":3.256,"Actual Total Time":6572.589,"Actual Rows":566400,"Actual Loops":1,"Output":["supplier.su_nationkey","stock.s_w_id","stock.s_i_id","n1.n_name"],"Hash Cond":"(supplier.su_nationkey = n1.n_nationkey)","Shared Hit Blocks":54674,"Shared Read Blocks":0,"Shared Dirtied Blocks":0,"Shared Written Blocks":0,"Local Hit Blocks":0,"Local Read Blocks":0,"Local Dirtied Blocks":0,"Local Written Blocks":0,"Temp Read Blocks":0,"Temp Written Blocks":0,"I/O Read Time":0.0,"I/O Write Time":0.0,"Temp I/O Read Time":0.0,"Temp I/O Write Time":0.0,"Plans":[{"Node Type":"Hash Join","Parent Relationship":"Outer","Parallel Aware":false,"Async Capable":false,"Join Type":"Inner","Startup Cost":344.46,"Total Cost":577235.0,"Plan Rows":20000212,"Plan Width":10,"Actual Startup Time":3.216,"Actual Total Time":5193.87,"Actual Rows":20000000,"Actual Loops":1,"Output":["supplier.su_nationkey","stock.s_w_id","stock.s_i_id"],"Hash Cond":"(mod((stock.s_w_id * stock.s_i_id), 10000) = supplier.su_suppkey)","Shared Hit Blocks":54673,"Shared Read Blocks":0,"Shared Dirtied Blocks":0,"Shared Written Blocks":0,"Local Hit Blocks":0,"Local Read Blocks":0,"Local Dirtied Blocks":0,"Local Written Blocks":0,"Temp Read Blocks":0,"Temp Written Blocks":0,"I/O Read Time":0.0,"I/O Write Time":0.0,"Temp I/O Read Time":0.0,"Temp I/O Write Time":0.0,"Plans":[{"Node Type":"Index Only Scan","Parent Relationship":"Outer","Parallel Aware":false,"Async Capable":false,"Scan Direction":"Forward","Index Name":"stock_pk","Relation Name":"stock","Schema":"public","Alias":"stock","Startup Cost":0.44,"Total Cost":519363.62,"Plan Rows":20000212,"Plan Width":6,"Actual Startup Time":0.028,"Actual Total Time":1522.731,"Actual Rows":20000000,"Actual Loops":1,"Output":["stock.s_w_id","stock.s_i_id"],"Heap Fetches":0,"Shared Hit Blocks":54673,"Shared Read Blocks":0,"Shared Dirtied Blocks":0,"Shared Written Blocks":0,"Local Hit Blocks":0,"Local Read Blocks":0,"Local Dirtied Blocks":0,"Local Written Blocks":0,"Temp Read Blocks":0,"Temp Written Blocks":0,"I/O Read Time":0.0,"I/O Write Time":0.0,"Temp I/O Read Time":0.0,"Temp I/O Write Time":0.0},{"Node Type":"Hash","Parent Relationship":"Inner","Parallel Aware":false,"Async Capable":false,"Startup Cost":219.01,"Total Cost":219.01,"Plan Rows":10001,"Plan Width":8,"Actual Startup Time":3.134,"Actual Total Time":3.139,"Actual Rows":10000,"Actual Loops":1,"Output":["supplier.su_nationkey","supplier.su_suppkey"],"Hash Buckets":16384,"Original Hash Buckets":16384,"Hash Batches":1,"Original Hash Batches":1,"Peak Memory Usage":519,"Shared Hit Blocks":0,"Shared Read Blocks":0,"Shared Dirtied Blocks":0,"Shared Written Blocks":0,"Local Hit Blocks":0,"Local Read Blocks":0,"Local Dirtied Blocks":0,"Local Written Blocks":0,"Temp Read Blocks":0,"Temp Written Blocks":0,"I/O Read Time":0.0,"I/O Write Time":0.0,"Temp I/O Read Time":0.0,"Temp I/O Write Time":0.0,"Plans":[{"Node Type":"Append","Parent Relationship":"Outer","Parallel Aware":false,"Async Capable":false,"Startup Cost":20.0,"Total Cost":219.01,"Plan Rows":10001,"Plan Width":8,"Actual Startup Time":0.036,"Actual Total Time":1.809,"Actual Rows":10000,"Actual Loops":1,"Shared Hit Blocks":0,"Shared Read Blocks":0,"Shared Dirtied Blocks":0,"Shared Written Blocks":0,"Local Hit Blocks":0,"Local Read Blocks":0,"Local Dirtied Blocks":0,"Local Written Blocks":0,"Temp Read Blocks":0,"Temp Written Blocks":0,"I/O Read Time":0.0,"I/O Write Time":0.0,"Temp I/O Read Time":0.0,"Temp I/O Write Time":0.0,"Subplans Removed":0,"Plans":[{"Node Type":"Custom Scan","Parent Relationship":"Member","Custom Plan Provider":"columnar scan","Parallel Aware":false,"Async Capable":false,"Relation Name":"supplier","Schema":"public","Alias":"supplier","Startup Cost":20.0,"Total Cost":215.0,"Plan Rows":10000,"Plan Width":8,"Actual Startup Time":0.033,"Actual Total Time":1.107,"Actual Rows":10000,"Actual Loops":1,"Output":["supplier.su_nationkey","supplier.su_suppkey"],"Rows Removed by Columnar Filter":0,"Columnar cache search mode":"native","Shared Hit Blocks":0,"Shared Read Blocks":0,"Shared Dirtied Blocks":0,"Shared Written Blocks":0,"Local Hit Blocks":0,"Local Read Blocks":0,"Local Dirtied Blocks":0,"Local Written Blocks":0,"Temp Read Blocks":0,"Temp Written Blocks":0,"I/O Read Time":0.0,"I/O Write Time":0.0,"Temp I/O Read Time":0.0,"Temp I/O Write Time":0.0},{"Node Type":"Seq Scan","Parent Relationship":"Member","Parallel Aware":false,"Async Capable":false,"Relation Name":"supplier","Schema":"public","Alias":"supplier","Startup Cost":0.0,"Total Cost":4.01,"Plan Rows":1,"Plan Width":8,"Actual Startup Time":0.0,"Actual Total Time":0.0,"Actual Rows":0,"Actual Loops":0,"Output":["supplier.su_nationkey","supplier.su_suppkey"],"Shared Hit Blocks":0,"Shared Read Blocks":0,"Shared Dirtied Blocks":0,"Shared Written Blocks":0,"Local Hit Blocks":0,"Local Read Blocks":0,"Local Dirtied Blocks":0,"Local Written Blocks":0,"Temp Read Blocks":0,"Temp Written Blocks":0,"I/O Read Time":0.0,"I/O Write Time":0.0,"Temp I/O Read Time":0.0,"Temp I/O Write Time":0.0}]}]}]},{"Node Type":"Hash","Parent Relationship":"Inner","Parallel Aware":false,"Async Capable":false,"Startup Cost":1.93,"Total Cost":1.93,"Plan Rows":2,"Plan Width":12,"Actual Startup Time":0.026,"Actual Total Time":0.028,"Actual Rows":2,"Actual Loops":1,"Output":["n1.n_nationkey","n1.n_name"],"Hash Buckets":1024,"Original Hash Buckets":1024,"Hash Batches":1,"Original Hash Batches":1,"Peak Memory Usage":9,"Shared Hit Blocks":1,"Shared Read Blocks":0,"Shared Dirtied Blocks":0,"Shared Written Blocks":0,"Local Hit Blocks":0,"Local Read Blocks":0,"Local Dirtied Blocks":0,"Local Written Blocks":0,"Temp Read Blocks":0,"Temp Written Blocks":0,"I/O Read Time":0.0,"I/O Write Time":0.0,"Temp I/O Read Time":0.0,"Temp I/O Write Time":0.0,"Plans":[{"Node Type":"Seq Scan","Parent Relationship":"Outer","Parallel Aware":false,"Async Capable":false,"Relation Name":"nation","Schema":"public","Alias":"n1","Startup Cost":0.0,"Total Cost":1.93,"Plan Rows":2,"Plan Width":12,"Actual Startup Time":0.015,"Actual Total Time":0.021,"Actual Rows":2,"Actual Loops":1,"Output":["n1.n_nationkey","n1.n_name"],"Filter":"(((n1.n_name)::text = 'Germany'::text) OR ((n1.n_name)::text = 'Cambodia'::text))","Rows Removed by Filter":60,"Shared Hit Blocks":1,"Shared Read Blocks":0,"Shared Dirtied Blocks":0,"Shared Written Blocks":0,"Local Hit Blocks":0,"Local Read Blocks":0,"Local Dirtied Blocks":0,"Local Written Blocks":0,"Temp Read Blocks":0,"Temp Written Blocks":0,"I/O Read Time":0.0,"I/O Write Time":0.0,"Temp I/O Read Time":0.0,"Temp I/O Write Time":0.0}]}]}]}]},{"Node Type":"Hash","Parent Relationship":"Inner","Parallel Aware":false,"Async Capable":false,"Startup Cost":119121.6,"Total Cost":119121.6,"Plan Rows":5996324,"Plan Width":24,"Actual Startup Time":1802.596,"Actual Total Time":1802.596,"Actual Rows":5995789,"Actual Loops":1,"Output":["orders.o_entry_d","orders.o_w_id","orders.o_d_id","orders.o_id","orders.o_c_id"],"Hash Buckets":131072,"Original Hash Buckets":131072,"Hash Batches":64,"Original Hash Batches":64,"Peak Memory Usage":6496,"Shared Hit Blocks":44122,"Shared Read Blocks":0,"Shared Dirtied Blocks":0,"Shared Written Blocks":0,"Local Hit Blocks":0,"Local Read Blocks":0,"Local Dirtied Blocks":0,"Local Written Blocks":0,"Temp Read Blocks":0,"Temp Written Blocks":34552,"I/O Read Time":0.0,"I/O Write Time":0.0,"Temp I/O Read Time":0.0,"Temp I/O Write Time":153.001,"Plans":[{"Node Type":"Seq Scan","Parent Relationship":"Outer","Parallel Aware":false,"Async Capable":false,"Relation Name":"orders","Schema":"public","Alias":"orders","Startup Cost":0.0,"Total Cost":119121.6,"Plan Rows":5996324,"Plan Width":24,"Actual Startup Time":0.014,"Actual Total Time":732.623,"Actual Rows":5995789,"Actual Loops":1,"Output":["orders.o_entry_d","orders.o_w_id","orders.o_d_id","orders.o_id","orders.o_c_id"],"Filter":"(orders.o_entry_d >= '1992-01-02 20:10:02.27764'::timestamp without time zone)","Rows Removed by Filter":4211,"Shared Hit Blocks":44122,"Shared Read Blocks":0,"Shared Dirtied Blocks":0,"Shared Written Blocks":0,"Local Hit Blocks":0,"Local Read Blocks":0,"Local Dirtied Blocks":0,"Local Written Blocks":0,"Temp Read Blocks":0,"Temp Written Blocks":0,"I/O Read Time":0.0,"I/O Write Time":0.0,"Temp I/O Read Time":0.0,"Temp I/O Write Time":0.0}]}]}]},{"Node Type":"Materialize","Parent Relationship":"Inner","Parallel Aware":false,"Async Capable":false,"Startup Cost":46361.03,"Total Cost":47328.79,"Plan Rows":193553,"Plan Width":20,"Actual Startup Time":224.194,"Actual Total Time":296.141,"Actual Rows":293066,"Actual Loops":1,"Output":["customer.c_nationkey","customer.c_id","customer.c_w_id","customer.c_d_id","n2.n_name"],"Shared Hit Blocks":0,"Shared Read Blocks":0,"Shared Dirtied Blocks":0,"Shared Written Blocks":0,"Local Hit Blocks":0,"Local Read Blocks":0,"Local Dirtied Blocks":0,"Local Written Blocks":0,"Temp Read Blocks":1090,"Temp Written Blocks":1096,"I/O Read Time":0.0,"I/O Write Time":0.0,"Temp I/O Read Time":1.341,"Temp I/O Write Time":4.229,"Plans":[{"Node Type":"Sort","Parent Relationship":"Outer","Parallel Aware":false,"Async Capable":false,"Startup Cost":46361.03,"Total Cost":46844.91,"Plan Rows":193553,"Plan Width":20,"Actual Startup Time":224.186,"Actual Total Time":264.446,"Actual Rows":289967,"Actual Loops":1,"Output":["customer.c_nationkey","customer.c_id","customer.c_w_id","customer.c_d_id","n2.n_name"],"Sort Key":["customer.c_id","customer.c_w_id","customer.c_d_id"],"Sort Method":"external merge","Sort Space Used":8720,"Sort Space Type":"Disk","Shared Hit Blocks":0,"Shared Read Blocks":0,"Shared Dirtied Blocks":0,"Shared Written Blocks":0,"Local Hit Blocks":0,"Local Read Blocks":0,"Local Dirtied Blocks":0,"Local Written Blocks":0,"Temp Read Blocks":1090,"Temp Written Blocks":1096,"I/O Read Time":0.0,"I/O Write Time":0.0,"Temp I/O Read Time":1.341,"Temp I/O Write Time":4.229,"Plans":[{"Node Type":"Hash Join","Parent Relationship":"Outer","Parallel Aware":false,"Async Capable":false,"Join Type":"Inner","Startup Cost":44.04,"Total Cost":25392.28,"Plan Rows":193553,"Plan Width":20,"Actual Startup Time":26.118,"Actual Total Time":129.138,"Actual Rows":289972,"Actual Loops":1,"Output":["customer.c_nationkey","customer.c_id","customer.c_w_id","customer.c_d_id","n2.n_name"],"Hash Cond":"(customer.c_nationkey = n2.n_nationkey)","Rows Removed by Bloom Filter":18000190,"Shared Hit Blocks":0,"Shared Read Blocks":0,"Shared Dirtied Blocks":0,"Shared Written Blocks":0,"Local Hit Blocks":0,"Local Read Blocks":0,"Local Dirtied Blocks":0,"Local Written Blocks":0,"Temp Read Blocks":0,"Temp Written Blocks":0,"I/O Read Time":0.0,"I/O Write Time":0.0,"Temp I/O Read Time":0.0,"Temp I/O Write Time":0.0,"Plans":[{"Node Type":"Append","Parent Relationship":"Outer","Parallel Aware":false,"Async Capable":false,"Startup Cost":20.0,"Total Cost":141025.46,"Plan Rows":6000140,"Plan Width":12,"Actual Startup Time":0.281,"Actual Total Time":0.282,"Actual Rows":6000000,"Actual Loops":1,"Shared Hit Blocks":0,"Shared Read Blocks":0,"Shared Dirtied Blocks":0,"Shared Written Blocks":0,"Local Hit Blocks":0,"Local Read Blocks":0,"Local Dirtied Blocks":0,"Local Written Blocks":0,"Temp Read Blocks":0,"Temp Written Blocks":0,"I/O Read Time":0.0,"I/O Write Time":0.0,"Temp I/O Read Time":0.0,"Temp I/O Write Time":0.0,"Subplans Removed":0,"Plans":[{"Node Type":"Custom Scan","Parent Relationship":"Member","Custom Plan Provider":"columnar scan","Parallel Aware":false,"Async Capable":false,"Relation Name":"customer","Schema":"public","Alias":"customer","Startup Cost":20.0,"Total Cost":141020.06,"Plan Rows":6000000,"Plan Width":12,"Actual Startup Time":0.28,"Actual Total Time":0.28,"Actual Rows":6000000,"Actual Loops":1,"Output":["customer.c_nationkey","customer.c_id","customer.c_w_id","customer.c_d_id"],"Rows Removed by Columnar Filter":0,"Columnar cache search mode":"native","Shared Hit Blocks":0,"Shared Read Blocks":0,"Shared Dirtied Blocks":0,"Shared Written Blocks":0,"Local Hit Blocks":0,"Local Read Blocks":0,"Local Dirtied Blocks":0,"Local Written Blocks":0,"Temp Read Blocks":0,"Temp Written Blocks":0,"I/O Read Time":0.0,"I/O Write Time":0.0,"Temp I/O Read Time":0.0,"Temp I/O Write Time":0.0},{"Node Type":"Seq Scan","Parent Relationship":"Member","Parallel Aware":false,"Async Capable":false,"Relation Name":"customer","Schema":"public","Alias":"customer","Startup Cost":0.0,"Total Cost":5.4,"Plan Rows":140,"Plan Width":12,"Actual Startup Time":0.0,"Actual Total Time":0.0,"Actual Rows":0,"Actual Loops":0,"Output":["customer.c_nationkey","customer.c_id","customer.c_w_id","customer.c_d_id"],"Shared Hit Blocks":0,"Shared Read Blocks":0,"Shared Dirtied Blocks":0,"Shared Written Blocks":0,"Local Hit Blocks":0,"Local Read Blocks":0,"Local Dirtied Blocks":0,"Local Written Blocks":0,"Temp Read Blocks":0,"Temp Written Blocks":0,"I/O Read Time":0.0,"I/O Write Time":0.0,"Temp I/O Read Time":0.0,"Temp I/O Write Time":0.0}]},{"Node Type":"Hash","Parent Relationship":"Inner","Parallel Aware":false,"Async Capable":false,"Startup Cost":24.07,"Total Cost":24.07,"Plan Rows":3,"Plan Width":12,"Actual Rows":2,"Actual Loops":1,"Output":["n2.n_nationkey","n2.n_name"],"Shared Hit Blocks":0,"Shared Read Blocks":0,"Shared Dirtied Blocks":0,"Shared Written Blocks":0,"Local Hit Blocks":0,"Local Read Blocks":0,"Local Dirtied Blocks":0,"Local Written Blocks":0,"Temp Read Blocks":0,"Temp Written Blocks":0,"I/O Read Time":0.0,"I/O Write Time":0.0,"Temp I/O Read Time":0.0,"Temp I/O Write Time":0.0,"Plans":[{"Node Type":"Append","Parent Relationship":"Outer","Parallel Aware":false,"Async Capable":false,"Startup Cost":20.0,"Total Cost":24.07,"Plan Rows":3,"Plan Width":12,"Actual Startup Time":0.087,"Actual Total Time":0.088,"Actual Rows":2,"Actual Loops":1,"Shared Hit Blocks":0,"Shared Read Blocks":0,"Shared Dirtied Blocks":0,"Shared Written Blocks":0,"Local Hit Blocks":0,"Local Read Blocks":0,"Local Dirtied Blocks":0,"Local Written Blocks":0,"Temp Read Blocks":0,"Temp Written Blocks":0,"I/O Read Time":0.0,"I/O Write Time":0.0,"Temp I/O Read Time":0.0,"Temp I/O Write Time":0.0,"Subplans Removed":0,"Plans":[{"Node Type":"Custom Scan","Parent Relationship":"Member","Custom Plan Provider":"columnar scan","Parallel Aware":false,"Async Capable":false,"Relation Name":"nation","Schema":"public","Alias":"n2","Startup Cost":20.0,"Total Cost":20.05,"Plan Rows":2,"Plan Width":12,"Actual Startup Time":0.085,"Actual Total Time":0.085,"Actual Rows":2,"Actual Loops":1,"Output":["n2.n_nationkey","n2.n_name"],"Filter":"(((n2.n_name)::text = 'Cambodia'::text) OR ((n2.n_name)::text = 'Germany'::text))","Rows Removed by Filter":0,"Rows Removed by Columnar Filter":60,"Columnar cache search mode":"native","Shared Hit Blocks":0,"Shared Read Blocks":0,"Shared Dirtied Blocks":0,"Shared Written Blocks":0,"Local Hit Blocks":0,"Local Read Blocks":0,"Local Dirtied Blocks":0,"Local Written Blocks":0,"Temp Read Blocks":0,"Temp Written Blocks":0,"I/O Read Time":0.0,"I/O Write Time":0.0,"Temp I/O Read Time":0.0,"Temp I/O Write Time":0.0},{"Node Type":"Seq Scan","Parent Relationship":"Member","Parallel Aware":false,"Async Capable":false,"Relation Name":"nation","Schema":"public","Alias":"n2","Startup Cost":0.0,"Total Cost":4.01,"Plan Rows":1,"Plan Width":12,"Actual Startup Time":0.0,"Actual Total Time":0.0,"Actual Rows":0,"Actual Loops":0,"Output":["n2.n_nationkey","n2.n_name"],"Filter":"(((n2.n_name)::text = 'Cambodia'::text) OR ((n2.n_name)::text = 'Germany'::text))","Rows Removed by Filter":0,"Shared Hit Blocks":0,"Shared Read Blocks":0,"Shared Dirtied Blocks":0,"Shared Written Blocks":0,"Local Hit Blocks":0,"Local Read Blocks":0,"Local Dirtied Blocks":0,"Local Written Blocks":0,"Temp Read Blocks":0,"Temp Written Blocks":0,"I/O Read Time":0.0,"I/O Write Time":0.0,"Temp I/O Read Time":0.0,"Temp I/O Write Time":0.0}]}]}]}]}]}]}]}]},"Planning":{"Shared Hit Blocks":152,"Shared Read Blocks":0,"Shared Dirtied Blocks":0,"Shared Written Blocks":0,"Local Hit Blocks":0,"Local Read Blocks":0,"Local Dirtied Blocks":0,"Local Written Blocks":0,"Temp Read Blocks":0,"Temp Written Blocks":0,"I/O Read Time":0.0,"I/O Write Time":0.0,"Temp I/O Read Time":0.0,"Temp I/O Write Time":0.0},"Planning Time":3.193,"Triggers":[],"Execution Time":20809.695}]
[列存组合]: customer, nation, stock, supplier
[{"Plan":{"Node Type":"Aggregate","Strategy":"Sorted","Partial Mode":"Simple","Parallel Aware":false,"Async Capable":false,"Startup Cost":3269436.32,"Total Cost":3269691.14,"Plan Rows":9266,"Plan Width":72,"Actual Startup Time":20822.28,"Actual Total Time":20824.866,"Actual Rows":6,"Actual Loops":1,"Output":["supplier.su_nationkey","customer.c_nationkey","(EXTRACT(year FROM orders.o_entry_d))","sum(order_line.ol_amount)"],"Group Key":["supplier.su_nationkey","customer.c_nationkey","(EXTRACT(year FROM orders.o_entry_d))"],"Shared Hit Blocks":780544,"Shared Read Blocks":0,"Shared Dirtied Blocks":0,"Shared Written Blocks":0,"Local Hit Blocks":0,"Local Read Blocks":0,"Local Dirtied Blocks":0,"Local Written Blocks":0,"Temp Read Blocks":124799,"Temp Written Blocks":124817,"I/O Read Time":0.0,"I/O Write Time":0.0,"Temp I/O Read Time":183.829,"Temp I/O Write Time":531.597,"Plans":[{"Node Type":"Sort","Parent Relationship":"Outer","Parallel Aware":false,"Async Capable":false,"Startup Cost":3269436.32,"Total Cost":3269459.49,"Plan Rows":9266,"Plan Width":44,"Actual Startup Time":20822.172,"Actual Total Time":20822.715,"Actual Rows":12121,"Actual Loops":1,"Output":["supplier.su_nationkey","customer.c_nationkey","(EXTRACT(year FROM orders.o_entry_d))","order_line.ol_amount"],"Sort Key":["supplier.su_nationkey","customer.c_nationkey","(EXTRACT(year FROM orders.o_entry_d))"],"Sort Method":"quicksort","Sort Space Used":1047,"Sort Space Type":"Memory","Shared Hit Blocks":780544,"Shared Read Blocks":0,"Shared Dirtied Blocks":0,"Shared Written Blocks":0,"Local Hit Blocks":0,"Local Read Blocks":0,"Local Dirtied Blocks":0,"Local Written Blocks":0,"Temp Read Blocks":124799,"Temp Written Blocks":124817,"I/O Read Time":0.0,"I/O Write Time":0.0,"Temp I/O Read Time":183.829,"Temp I/O Write Time":531.597,"Plans":[{"Node Type":"Merge Join","Parent Relationship":"Outer","Parallel Aware":false,"Async Capable":false,"Join Type":"Inner","Startup Cost":3260365.97,"Total Cost":3268825.8,"Plan Rows":9266,"Plan Width":44,"Actual Startup Time":20480.044,"Actual Total Time":20819.147,"Actual Rows":12121,"Actual Loops":1,"Output":["supplier.su_nationkey","customer.c_nationkey","EXTRACT(year FROM orders.o_entry_d)","order_line.ol_amount"],"Merge Cond":"((orders.o_c_id = customer.c_id) AND (order_line.ol_w_id = customer.c_w_id) AND (order_line.ol_d_id = customer.c_d_id))","Join Filter":"((((n1.n_name)::text = 'Germany'::text) AND ((n2.n_name)::text = 'Cambodia'::text)) OR (((n1.n_name)::text = 'Cambodia'::text) AND ((n2.n_name)::text = 'Germany'::text)))","Rows Removed by Join Filter":11453,"Shared Hit Blocks":780544,"Shared Read Blocks":0,"Shared Dirtied Blocks":0,"Shared Written Blocks":0,"Local Hit Blocks":0,"Local Read Blocks":0,"Local Dirtied Blocks":0,"Local Written Blocks":0,"Temp Read Blocks":124799,"Temp Written Blocks":124817,"I/O Read Time":0.0,"I/O Write Time":0.0,"Temp I/O Read Time":183.829,"Temp I/O Write Time":531.597,"Plans":[{"Node Type":"Sort","Parent Relationship":"Outer","Parallel Aware":false,"Async Capable":false,"Startup Cost":3214004.75,"Total Cost":3215418.15,"Plan Rows":565362,"Plan Width":36,"Actual Startup Time":20252.775,"Actual Total Time":20423.943,"Actual Rows":485009,"Actual Loops":1,"Output":["supplier.su_nationkey","order_line.ol_amount","order_line.ol_w_id","order_line.ol_d_id","orders.o_entry_d","orders.o_w_id","orders.o_d_id","orders.o_c_id","n1.n_name"],"Sort Key":["orders.o_c_id","order_line.ol_w_id","order_line.ol_d_id"],"Sort Method":"external merge","Sort Space Used":24000,"Sort Space Type":"Disk","Shared Hit Blocks":780544,"Shared Read Blocks":0,"Shared Dirtied Blocks":0,"Shared Written Blocks":0,"Local Hit Blocks":0,"Local Read Blocks":0,"Local Dirtied Blocks":0,"Local Written Blocks":0,"Temp Read Blocks":123709,"Temp Written Blocks":123721,"I/O Read Time":0.0,"I/O Write Time":0.0,"Temp I/O Read Time":182.401,"Temp I/O Write Time":527.116,"Plans":[{"Node Type":"Hash Join","Parent Relationship":"Outer","Parallel Aware":false,"Async Capable":false,"Join Type":"Inner","Startup Cost":905977.05,"Total Cost":3144528.26,"Plan Rows":565362,"Plan Width":36,"Actual Startup Time":8540.744,"Actual Total Time":20003.912,"Actual Rows":485009,"Actual Loops":1,"Output":["supplier.su_nationkey","order_line.ol_amount","order_line.ol_w_id","order_line.ol_d_id","orders.o_entry_d","orders.o_w_id","orders.o_d_id","orders.o_c_id","n1.n_name"],"Hash Cond":"((order_line.ol_w_id = orders.o_w_id) AND (order_line.ol_d_id = orders.o_d_id) AND (order_line.ol_o_id = orders.o_id))","Shared Hit Blocks":780544,"Shared Read Blocks":0,"Shared Dirtied Blocks":0,"Shared Written Blocks":0,"Local Hit Blocks":0,"Local Read Blocks":0,"Local Dirtied Blocks":0,"Local Written Blocks":0,"Temp Read Blocks":120709,"Temp Written Blocks":120709,"I/O Read Time":0.0,"I/O Write Time":0.0,"Temp I/O Read Time":178.205,"Temp I/O Write Time":515.913,"Plans":[{"Node Type":"Hash Join","Parent Relationship":"Outer","Parallel Aware":false,"Async Capable":false,"Join Type":"Inner","Startup Cost":646784.78,"Total Cost":2838010.06,"Plan Rows":565705,"Plan Width":28,"Actual Startup Time":6729.904,"Actual Total Time":17527.409,"Actual Rows":485009,"Actual Loops":1,"Output":["supplier.su_nationkey","order_line.ol_amount","order_line.ol_w_id","order_line.ol_d_id","order_line.ol_o_id","n1.n_name"],"Hash Cond":"((order_line.ol_supply_w_id = stock.s_w_id) AND (order_line.ol_i_id = stock.s_i_id))","Shared Hit Blocks":736422,"Shared Read Blocks":0,"Shared Dirtied Blocks":0,"Shared Written Blocks":0,"Local Hit Blocks":0,"Local Read Blocks":0,"Local Dirtied Blocks":0,"Local Written Blocks":0,"Temp Read Blocks":83003,"Temp Written Blocks":83003,"I/O Read Time":0.0,"I/O Write Time":0.0,"Temp I/O Read Time":123.043,"Temp I/O Write Time":345.232,"Plans":[{"Node Type":"Seq Scan","Parent Relationship":"Outer","Parallel Aware":false,"Async Capable":false,"Relation Name":"order_line","Schema":"public","Alias":"order_line","Startup Cost":0.0,"Total Cost":1581655.36,"Plan Rows":17536869,"Plan Width":22,"Actual Startup Time":6.498,"Actual Total Time":5687.694,"Actual Rows":17139931,"Actual Loops":1,"Output":["order_line.ol_amount","order_line.ol_supply_w_id","order_line.ol_i_id","order_line.ol_w_id","order_line.ol_d_id","order_line.ol_o_id"],"Filter":"((order_line.ol_delivery_d >= '1995-01-02 20:10:02.27764'::timestamp without time zone) AND (order_line.ol_delivery_d <= '1997-01-01 20:10:02.27764'::timestamp without time zone))","Rows Removed by Filter":42853830,"Shared Hit Blocks":681748,"Shared Read Blocks":0,"Shared Dirtied Blocks":0,"Shared Written Blocks":0,"Local Hit Blocks":0,"Local Read Blocks":0,"Local Dirtied Blocks":0,"Local Written Blocks":0,"Temp Read Blocks":0,"Temp Written Blocks":0,"I/O Read Time":0.0,"I/O Write Time":0.0,"Temp I/O Read Time":0.0,"Temp I/O Write Time":0.0},{"Node Type":"Hash","Parent Relationship":"Inner","Parallel Aware":false,"Async Capable":false,"Startup Cost":633326.26,"Total Cost":633326.26,"Plan Rows":645168,"Plan Width":18,"Actual Startup Time":6722.792,"Actual Total Time":6722.811,"Actual Rows":566400,"Actual Loops":1,"Output":["supplier.su_nationkey","stock.s_w_id","stock.s_i_id","n1.n_name"],"Hash Buckets":131072,"Original Hash Buckets":131072,"Hash Batches":8,"Original Hash Batches":8,"Peak Memory Usage":4646,"Shared Hit Blocks":54674,"Shared Read Blocks":0,"Shared Dirtied Blocks":0,"Shared Written Blocks":0,"Local Hit Blocks":0,"Local Read Blocks":0,"Local Dirtied Blocks":0,"Local Written Blocks":0,"Temp Read Blocks":0,"Temp Written Blocks":2445,"I/O Read Time":0.0,"I/O Write Time":0.0,"Temp I/O Read Time":0.0,"Temp I/O Write Time":12.646,"Plans":[{"Node Type":"Hash Join","Parent Relationship":"Outer","Parallel Aware":false,"Async Capable":false,"Join Type":"Inner","Startup Cost":346.42,"Total Cost":633326.26,"Plan Rows":645168,"Plan Width":18,"Actual Startup Time":3.175,"Actual Total Time":6615.442,"Actual Rows":566400,"Actual Loops":1,"Output":["supplier.su_nationkey","stock.s_w_id","stock.s_i_id","n1.n_name"],"Hash Cond":"(supplier.su_nationkey = n1.n_nationkey)","Shared Hit Blocks":54674,"Shared Read Blocks":0,"Shared Dirtied Blocks":0,"Shared Written Blocks":0,"Local Hit Blocks":0,"Local Read Blocks":0,"Local Dirtied Blocks":0,"Local Written Blocks":0,"Temp Read Blocks":0,"Temp Written Blocks":0,"I/O Read Time":0.0,"I/O Write Time":0.0,"Temp I/O Read Time":0.0,"Temp I/O Write Time":0.0,"Plans":[{"Node Type":"Hash Join","Parent Relationship":"Outer","Parallel Aware":false,"Async Capable":false,"Join Type":"Inner","Startup Cost":344.46,"Total Cost":577235.0,"Plan Rows":20000212,"Plan Width":10,"Actual Startup Time":3.119,"Actual Total Time":5201.954,"Actual Rows":20000000,"Actual Loops":1,"Output":["supplier.su_nationkey","stock.s_w_id","stock.s_i_id"],"Hash Cond":"(mod((stock.s_w_id * stock.s_i_id), 10000) = supplier.su_suppkey)","Shared Hit Blocks":54673,"Shared Read Blocks":0,"Shared Dirtied Blocks":0,"Shared Written Blocks":0,"Local Hit Blocks":0,"Local Read Blocks":0,"Local Dirtied Blocks":0,"Local Written Blocks":0,"Temp Read Blocks":0,"Temp Written Blocks":0,"I/O Read Time":0.0,"I/O Write Time":0.0,"Temp I/O Read Time":0.0,"Temp I/O Write Time":0.0,"Plans":[{"Node Type":"Index Only Scan","Parent Relationship":"Outer","Parallel Aware":false,"Async Capable":false,"Scan Direction":"Forward","Index Name":"stock_pk","Relation Name":"stock","Schema":"public","Alias":"stock","Startup Cost":0.44,"Total Cost":519363.62,"Plan Rows":20000212,"Plan Width":6,"Actual Startup Time":0.033,"Actual Total Time":1526.103,"Actual Rows":20000000,"Actual Loops":1,"Output":["stock.s_w_id","stock.s_i_id"],"Heap Fetches":0,"Shared Hit Blocks":54673,"Shared Read Blocks":0,"Shared Dirtied Blocks":0,"Shared Written Blocks":0,"Local Hit Blocks":0,"Local Read Blocks":0,"Local Dirtied Blocks":0,"Local Written Blocks":0,"Temp Read Blocks":0,"Temp Written Blocks":0,"I/O Read Time":0.0,"I/O Write Time":0.0,"Temp I/O Read Time":0.0,"Temp I/O Write Time":0.0},{"Node Type":"Hash","Parent Relationship":"Inner","Parallel Aware":false,"Async Capable":false,"Startup Cost":219.01,"Total Cost":219.01,"Plan Rows":10001,"Plan Width":8,"Actual Startup Time":3.034,"Actual Total Time":3.039,"Actual Rows":10000,"Actual Loops":1,"Output":["supplier.su_nationkey","supplier.su_suppkey"],"Hash Buckets":16384,"Original Hash Buckets":16384,"Hash Batches":1,"Original Hash Batches":1,"Peak Memory Usage":519,"Shared Hit Blocks":0,"Shared Read Blocks":0,"Shared Dirtied Blocks":0,"Shared Written Blocks":0,"Local Hit Blocks":0,"Local Read Blocks":0,"Local Dirtied Blocks":0,"Local Written Blocks":0,"Temp Read Blocks":0,"Temp Written Blocks":0,"I/O Read Time":0.0,"I/O Write Time":0.0,"Temp I/O Read Time":0.0,"Temp I/O Write Time":0.0,"Plans":[{"Node Type":"Append","Parent Relationship":"Outer","Parallel Aware":false,"Async Capable":false,"Startup Cost":20.0,"Total Cost":219.01,"Plan Rows":10001,"Plan Width":8,"Actual Startup Time":0.039,"Actual Total Time":1.814,"Actual Rows":10000,"Actual Loops":1,"Shared Hit Blocks":0,"Shared Read Blocks":0,"Shared Dirtied Blocks":0,"Shared Written Blocks":0,"Local Hit Blocks":0,"Local Read Blocks":0,"Local Dirtied Blocks":0,"Local Written Blocks":0,"Temp Read Blocks":0,"Temp Written Blocks":0,"I/O Read Time":0.0,"I/O Write Time":0.0,"Temp I/O Read Time":0.0,"Temp I/O Write Time":0.0,"Subplans Removed":0,"Plans":[{"Node Type":"Custom Scan","Parent Relationship":"Member","Custom Plan Provider":"columnar scan","Parallel Aware":false,"Async Capable":false,"Relation Name":"supplier","Schema":"public","Alias":"supplier","Startup Cost":20.0,"Total Cost":215.0,"Plan Rows":10000,"Plan Width":8,"Actual Startup Time":0.037,"Actual Total Time":1.106,"Actual Rows":10000,"Actual Loops":1,"Output":["supplier.su_nationkey","supplier.su_suppkey"],"Rows Removed by Columnar Filter":0,"Columnar cache search mode":"native","Shared Hit Blocks":0,"Shared Read Blocks":0,"Shared Dirtied Blocks":0,"Shared Written Blocks":0,"Local Hit Blocks":0,"Local Read Blocks":0,"Local Dirtied Blocks":0,"Local Written Blocks":0,"Temp Read Blocks":0,"Temp Written Blocks":0,"I/O Read Time":0.0,"I/O Write Time":0.0,"Temp I/O Read Time":0.0,"Temp I/O Write Time":0.0},{"Node Type":"Seq Scan","Parent Relationship":"Member","Parallel Aware":false,"Async Capable":false,"Relation Name":"supplier","Schema":"public","Alias":"supplier","Startup Cost":0.0,"Total Cost":4.01,"Plan Rows":1,"Plan Width":8,"Actual Startup Time":0.0,"Actual Total Time":0.0,"Actual Rows":0,"Actual Loops":0,"Output":["supplier.su_nationkey","supplier.su_suppkey"],"Shared Hit Blocks":0,"Shared Read Blocks":0,"Shared Dirtied Blocks":0,"Shared Written Blocks":0,"Local Hit Blocks":0,"Local Read Blocks":0,"Local Dirtied Blocks":0,"Local Written Blocks":0,"Temp Read Blocks":0,"Temp Written Blocks":0,"I/O Read Time":0.0,"I/O Write Time":0.0,"Temp I/O Read Time":0.0,"Temp I/O Write Time":0.0}]}]}]},{"Node Type":"Hash","Parent Relationship":"Inner","Parallel Aware":false,"Async Capable":false,"Startup Cost":1.93,"Total Cost":1.93,"Plan Rows":2,"Plan Width":12,"Actual Startup Time":0.039,"Actual Total Time":0.044,"Actual Rows":2,"Actual Loops":1,"Output":["n1.n_nationkey","n1.n_name"],"Hash Buckets":1024,"Original Hash Buckets":1024,"Hash Batches":1,"Original Hash Batches":1,"Peak Memory Usage":9,"Shared Hit Blocks":1,"Shared Read Blocks":0,"Shared Dirtied Blocks":0,"Shared Written Blocks":0,"Local Hit Blocks":0,"Local Read Blocks":0,"Local Dirtied Blocks":0,"Local Written Blocks":0,"Temp Read Blocks":0,"Temp Written Blocks":0,"I/O Read Time":0.0,"I/O Write Time":0.0,"Temp I/O Read Time":0.0,"Temp I/O Write Time":0.0,"Plans":[{"Node Type":"Seq Scan","Parent Relationship":"Outer","Parallel Aware":false,"Async Capable":false,"Relation Name":"nation","Schema":"public","Alias":"n1","Startup Cost":0.0,"Total Cost":1.93,"Plan Rows":2,"Plan Width":12,"Actual Startup Time":0.018,"Actual Total Time":0.029,"Actual Rows":2,"Actual Loops":1,"Output":["n1.n_nationkey","n1.n_name"],"Filter":"(((n1.n_name)::text = 'Germany'::text) OR ((n1.n_name)::text = 'Cambodia'::text))","Rows Removed by Filter":60,"Shared Hit Blocks":1,"Shared Read Blocks":0,"Shared Dirtied Blocks":0,"Shared Written Blocks":0,"Local Hit Blocks":0,"Local Read Blocks":0,"Local Dirtied Blocks":0,"Local Written Blocks":0,"Temp Read Blocks":0,"Temp Written Blocks":0,"I/O Read Time":0.0,"I/O Write Time":0.0,"Temp I/O Read Time":0.0,"Temp I/O Write Time":0.0}]}]}]}]},{"Node Type":"Hash","Parent Relationship":"Inner","Parallel Aware":false,"Async Capable":false,"Startup Cost":119121.6,"Total Cost":119121.6,"Plan Rows":5996324,"Plan Width":24,"Actual Startup Time":1799.963,"Actual Total Time":1799.963,"Actual Rows":5995789,"Actual Loops":1,"Output":["orders.o_entry_d","orders.o_w_id","orders.o_d_id","orders.o_id","orders.o_c_id"],"Hash Buckets":131072,"Original Hash Buckets":131072,"Hash Batches":64,"Original Hash Batches":64,"Peak Memory Usage":6496,"Shared Hit Blocks":44122,"Shared Read Blocks":0,"Shared Dirtied Blocks":0,"Shared Written Blocks":0,"Local Hit Blocks":0,"Local Read Blocks":0,"Local Dirtied Blocks":0,"Local Written Blocks":0,"Temp Read Blocks":0,"Temp Written Blocks":34552,"I/O Read Time":0.0,"I/O Write Time":0.0,"Temp I/O Read Time":0.0,"Temp I/O Write Time":152.723,"Plans":[{"Node Type":"Seq Scan","Parent Relationship":"Outer","Parallel Aware":false,"Async Capable":false,"Relation Name":"orders","Schema":"public","Alias":"orders","Startup Cost":0.0,"Total Cost":119121.6,"Plan Rows":5996324,"Plan Width":24,"Actual Startup Time":0.014,"Actual Total Time":731.346,"Actual Rows":5995789,"Actual Loops":1,"Output":["orders.o_entry_d","orders.o_w_id","orders.o_d_id","orders.o_id","orders.o_c_id"],"Filter":"(orders.o_entry_d >= '1992-01-02 20:10:02.27764'::timestamp without time zone)","Rows Removed by Filter":4211,"Shared Hit Blocks":44122,"Shared Read Blocks":0,"Shared Dirtied Blocks":0,"Shared Written Blocks":0,"Local Hit Blocks":0,"Local Read Blocks":0,"Local Dirtied Blocks":0,"Local Written Blocks":0,"Temp Read Blocks":0,"Temp Written Blocks":0,"I/O Read Time":0.0,"I/O Write Time":0.0,"Temp I/O Read Time":0.0,"Temp I/O Write Time":0.0}]}]}]},{"Node Type":"Materialize","Parent Relationship":"Inner","Parallel Aware":false,"Async Capable":false,"Startup Cost":46361.03,"Total Cost":47328.79,"Plan Rows":193553,"Plan Width":20,"Actual Startup Time":227.23,"Actual Total Time":299.373,"Actual Rows":293066,"Actual Loops":1,"Output":["customer.c_nationkey","customer.c_id","customer.c_w_id","customer.c_d_id","n2.n_name"],"Shared Hit Blocks":0,"Shared Read Blocks":0,"Shared Dirtied Blocks":0,"Shared Written Blocks":0,"Local Hit Blocks":0,"Local Read Blocks":0,"Local Dirtied Blocks":0,"Local Written Blocks":0,"Temp Read Blocks":1090,"Temp Written Blocks":1096,"I/O Read Time":0.0,"I/O Write Time":0.0,"Temp I/O Read Time":1.429,"Temp I/O Write Time":4.481,"Plans":[{"Node Type":"Sort","Parent Relationship":"Outer","Parallel Aware":false,"Async Capable":false,"Startup Cost":46361.03,"Total Cost":46844.91,"Plan Rows":193553,"Plan Width":20,"Actual Startup Time":227.223,"Actual Total Time":267.642,"Actual Rows":289967,"Actual Loops":1,"Output":["customer.c_nationkey","customer.c_id","customer.c_w_id","customer.c_d_id","n2.n_name"],"Sort Key":["customer.c_id","customer.c_w_id","customer.c_d_id"],"Sort Method":"external merge","Sort Space Used":8720,"Sort Space Type":"Disk","Shared Hit Blocks":0,"Shared Read Blocks":0,"Shared Dirtied Blocks":0,"Shared Written Blocks":0,"Local Hit Blocks":0,"Local Read Blocks":0,"Local Dirtied Blocks":0,"Local Written Blocks":0,"Temp Read Blocks":1090,"Temp Written Blocks":1096,"I/O Read Time":0.0,"I/O Write Time":0.0,"Temp I/O Read Time":1.429,"Temp I/O Write Time":4.481,"Plans":[{"Node Type":"Hash Join","Parent Relationship":"Outer","Parallel Aware":false,"Async Capable":false,"Join Type":"Inner","Startup Cost":44.04,"Total Cost":25392.28,"Plan Rows":193553,"Plan Width":20,"Actual Startup Time":26.274,"Actual Total Time":129.565,"Actual Rows":289972,"Actual Loops":1,"Output":["customer.c_nationkey","customer.c_id","customer.c_w_id","customer.c_d_id","n2.n_name"],"Hash Cond":"(customer.c_nationkey = n2.n_nationkey)","Rows Removed by Bloom Filter":18000190,"Shared Hit Blocks":0,"Shared Read Blocks":0,"Shared Dirtied Blocks":0,"Shared Written Blocks":0,"Local Hit Blocks":0,"Local Read Blocks":0,"Local Dirtied Blocks":0,"Local Written Blocks":0,"Temp Read Blocks":0,"Temp Written Blocks":0,"I/O Read Time":0.0,"I/O Write Time":0.0,"Temp I/O Read Time":0.0,"Temp I/O Write Time":0.0,"Plans":[{"Node Type":"Append","Parent Relationship":"Outer","Parallel Aware":false,"Async Capable":false,"Startup Cost":20.0,"Total Cost":141025.46,"Plan Rows":6000140,"Plan Width":12,"Actual Startup Time":0.263,"Actual Total Time":0.264,"Actual Rows":6000000,"Actual Loops":1,"Shared Hit Blocks":0,"Shared Read Blocks":0,"Shared Dirtied Blocks":0,"Shared Written Blocks":0,"Local Hit Blocks":0,"Local Read Blocks":0,"Local Dirtied Blocks":0,"Local Written Blocks":0,"Temp Read Blocks":0,"Temp Written Blocks":0,"I/O Read Time":0.0,"I/O Write Time":0.0,"Temp I/O Read Time":0.0,"Temp I/O Write Time":0.0,"Subplans Removed":0,"Plans":[{"Node Type":"Custom Scan","Parent Relationship":"Member","Custom Plan Provider":"columnar scan","Parallel Aware":false,"Async Capable":false,"Relation Name":"customer","Schema":"public","Alias":"customer","Startup Cost":20.0,"Total Cost":141020.06,"Plan Rows":6000000,"Plan Width":12,"Actual Startup Time":0.262,"Actual Total Time":0.262,"Actual Rows":6000000,"Actual Loops":1,"Output":["customer.c_nationkey","customer.c_id","customer.c_w_id","customer.c_d_id"],"Rows Removed by Columnar Filter":0,"Columnar cache search mode":"native","Shared Hit Blocks":0,"Shared Read Blocks":0,"Shared Dirtied Blocks":0,"Shared Written Blocks":0,"Local Hit Blocks":0,"Local Read Blocks":0,"Local Dirtied Blocks":0,"Local Written Blocks":0,"Temp Read Blocks":0,"Temp Written Blocks":0,"I/O Read Time":0.0,"I/O Write Time":0.0,"Temp I/O Read Time":0.0,"Temp I/O Write Time":0.0},{"Node Type":"Seq Scan","Parent Relationship":"Member","Parallel Aware":false,"Async Capable":false,"Relation Name":"customer","Schema":"public","Alias":"customer","Startup Cost":0.0,"Total Cost":5.4,"Plan Rows":140,"Plan Width":12,"Actual Startup Time":0.0,"Actual Total Time":0.0,"Actual Rows":0,"Actual Loops":0,"Output":["customer.c_nationkey","customer.c_id","customer.c_w_id","customer.c_d_id"],"Shared Hit Blocks":0,"Shared Read Blocks":0,"Shared Dirtied Blocks":0,"Shared Written Blocks":0,"Local Hit Blocks":0,"Local Read Blocks":0,"Local Dirtied Blocks":0,"Local Written Blocks":0,"Temp Read Blocks":0,"Temp Written Blocks":0,"I/O Read Time":0.0,"I/O Write Time":0.0,"Temp I/O Read Time":0.0,"Temp I/O Write Time":0.0}]},{"Node Type":"Hash","Parent Relationship":"Inner","Parallel Aware":false,"Async Capable":false,"Startup Cost":24.07,"Total Cost":24.07,"Plan Rows":3,"Plan Width":12,"Actual Rows":2,"Actual Loops":1,"Output":["n2.n_nationkey","n2.n_name"],"Shared Hit Blocks":0,"Shared Read Blocks":0,"Shared Dirtied Blocks":0,"Shared Written Blocks":0,"Local Hit Blocks":0,"Local Read Blocks":0,"Local Dirtied Blocks":0,"Local Written Blocks":0,"Temp Read Blocks":0,"Temp Written Blocks":0,"I/O Read Time":0.0,"I/O Write Time":0.0,"Temp I/O Read Time":0.0,"Temp I/O Write Time":0.0,"Plans":[{"Node Type":"Append","Parent Relationship":"Outer","Parallel Aware":false,"Async Capable":false,"Startup Cost":20.0,"Total Cost":24.07,"Plan Rows":3,"Plan Width":12,"Actual Startup Time":0.095,"Actual Total Time":0.095,"Actual Rows":2,"Actual Loops":1,"Shared Hit Blocks":0,"Shared Read Blocks":0,"Shared Dirtied Blocks":0,"Shared Written Blocks":0,"Local Hit Blocks":0,"Local Read Blocks":0,"Local Dirtied Blocks":0,"Local Written Blocks":0,"Temp Read Blocks":0,"Temp Written Blocks":0,"I/O Read Time":0.0,"I/O Write Time":0.0,"Temp I/O Read Time":0.0,"Temp I/O Write Time":0.0,"Subplans Removed":0,"Plans":[{"Node Type":"Custom Scan","Parent Relationship":"Member","Custom Plan Provider":"columnar scan","Parallel Aware":false,"Async Capable":false,"Relation Name":"nation","Schema":"public","Alias":"n2","Startup Cost":20.0,"Total Cost":20.05,"Plan Rows":2,"Plan Width":12,"Actual Startup Time":0.092,"Actual Total Time":0.092,"Actual Rows":2,"Actual Loops":1,"Output":["n2.n_nationkey","n2.n_name"],"Filter":"(((n2.n_name)::text = 'Cambodia'::text) OR ((n2.n_name)::text = 'Germany'::text))","Rows Removed by Filter":0,"Rows Removed by Columnar Filter":60,"Columnar cache search mode":"native","Shared Hit Blocks":0,"Shared Read Blocks":0,"Shared Dirtied Blocks":0,"Shared Written Blocks":0,"Local Hit Blocks":0,"Local Read Blocks":0,"Local Dirtied Blocks":0,"Local Written Blocks":0,"Temp Read Blocks":0,"Temp Written Blocks":0,"I/O Read Time":0.0,"I/O Write Time":0.0,"Temp I/O Read Time":0.0,"Temp I/O Write Time":0.0},{"Node Type":"Seq Scan","Parent Relationship":"Member","Parallel Aware":false,"Async Capable":false,"Relation Name":"nation","Schema":"public","Alias":"n2","Startup Cost":0.0,"Total Cost":4.01,"Plan Rows":1,"Plan Width":12,"Actual Startup Time":0.0,"Actual Total Time":0.0,"Actual Rows":0,"Actual Loops":0,"Output":["n2.n_nationkey","n2.n_name"],"Filter":"(((n2.n_name)::text = 'Cambodia'::text) OR ((n2.n_name)::text = 'Germany'::text))","Rows Removed by Filter":0,"Shared Hit Blocks":0,"Shared Read Blocks":0,"Shared Dirtied Blocks":0,"Shared Written Blocks":0,"Local Hit Blocks":0,"Local Read Blocks":0,"Local Dirtied Blocks":0,"Local Written Blocks":0,"Temp Read Blocks":0,"Temp Written Blocks":0,"I/O Read Time":0.0,"I/O Write Time":0.0,"Temp I/O Read Time":0.0,"Temp I/O Write Time":0.0}]}]}]}]}]}]}]}]},"Planning":{"Shared Hit Blocks":152,"Shared Read Blocks":0,"Shared Dirtied Blocks":0,"Shared Written Blocks":0,"Local Hit Blocks":0,"Local Read Blocks":0,"Local Dirtied Blocks":0,"Local Written Blocks":0,"Temp Read Blocks":0,"Temp Written Blocks":0,"I/O Read Time":0.0,"I/O Write Time":0.0,"Temp I/O Read Time":0.0,"Temp I/O Write Time":0.0},"Planning Time":3.942,"Triggers":[],"Execution Time":20830.024}]
[列存组合]: customer, order_line, orders, stock
[{"Plan":{"Node Type":"Aggregate","Strategy":"Sorted","Partial Mode":"Simple","Parallel Aware":false,"Async Capable":false,"Startup Cost":1522326.58,"Total Cost":1522581.39,"Plan Rows":9266,"Plan Width":72,"Actual Startup Time":17106.429,"Actual Total Time":17110.441,"Actual Rows":6,"Actual Loops":1,"Output":["supplier.su_nationkey","customer.c_nationkey","(EXTRACT(year FROM orders.o_entry_d))","sum(order_line.ol_amount)"],"Group Key":["supplier.su_nationkey","customer.c_nationkey","(EXTRACT(year FROM orders.o_entry_d))"],"Shared Hit Blocks":54892,"Shared Read Blocks":0,"Shared Dirtied Blocks":0,"Shared Written Blocks":0,"Local Hit Blocks":0,"Local Read Blocks":0,"Local Dirtied Blocks":0,"Local Written Blocks":0,"Temp Read Blocks":7410,"Temp Written Blocks":7410,"I/O Read Time":0.0,"I/O Write Time":0.0,"Temp I/O Read Time":19.45,"Temp I/O Write Time":67.171,"Plans":[{"Node Type":"Sort","Parent Relationship":"Outer","Parallel Aware":false,"Async Capable":false,"Startup Cost":1522326.58,"Total Cost":1522349.74,"Plan Rows":9266,"Plan Width":44,"Actual Startup Time":17106.258,"Actual Total Time":17107.113,"Actual Rows":12121,"Actual Loops":1,"Output":["supplier.su_nationkey","customer.c_nationkey","(EXTRACT(year FROM orders.o_entry_d))","order_line.ol_amount"],"Sort Key":["supplier.su_nationkey","customer.c_nationkey","(EXTRACT(year FROM orders.o_entry_d))"],"Sort Method":"quicksort","Sort Space Used":1047,"Sort Space Type":"Memory","Shared Hit Blocks":54892,"Shared Read Blocks":0,"Shared Dirtied Blocks":0,"Shared Written Blocks":0,"Local Hit Blocks":0,"Local Read Blocks":0,"Local Dirtied Blocks":0,"Local Written Blocks":0,"Temp Read Blocks":7410,"Temp Written Blocks":7410,"I/O Read Time":0.0,"I/O Write Time":0.0,"Temp I/O Read Time":19.45,"Temp I/O Write Time":67.171,"Plans":[{"Node Type":"Hash Join","Parent Relationship":"Outer","Parallel Aware":false,"Async Capable":false,"Join Type":"Inner","Startup Cost":687937.78,"Total Cost":1521716.05,"Plan Rows":9266,"Plan Width":44,"Actual Startup Time":8538.337,"Actual Total Time":17100.079,"Actual Rows":12121,"Actual Loops":1,"Output":["supplier.su_nationkey","customer.c_nationkey","EXTRACT(year FROM orders.o_entry_d)","order_line.ol_amount"],"Hash Cond":"((order_line.ol_supply_w_id = stock.s_w_id) AND (order_line.ol_i_id = stock.s_i_id))","Join Filter":"((((n1.n_name)::text = 'Germany'::text) AND ((n2.n_name)::text = 'Cambodia'::text)) OR (((n1.n_name)::text = 'Cambodia'::text) AND ((n2.n_name)::text = 'Germany'::text)))","Rows Removed by Join Filter":11453,"Shared Hit Blocks":54892,"Shared Read Blocks":0,"Shared Dirtied Blocks":0,"Shared Written Blocks":0,"Local Hit Blocks":0,"Local Read Blocks":0,"Local Dirtied Blocks":0,"Local Written Blocks":0,"Temp Read Blocks":7410,"Temp Written Blocks":7410,"I/O Read Time":0.0,"I/O Write Time":0.0,"Temp I/O Read Time":19.45,"Temp I/O Write Time":67.171,"Plans":[{"Node Type":"Hash Join","Parent Relationship":"Outer","Parallel Aware":false,"Async Capable":false,"Join Type":"Inner","Startup Cost":41055.03,"Total Cost":850211.15,"Plan Rows":565362,"Plan Width":30,"Actual Startup Time":1925.964,"Actual Total Time":9908.066,"Actual Rows":818159,"Actual Loops":1,"Output":["order_line.ol_amount","order_line.ol_supply_w_id","order_line.ol_i_id","orders.o_entry_d","customer.c_nationkey","n2.n_name"],"Hash Cond":"(customer.c_nationkey = n2.n_nationkey)","Shared Hit Blocks":1,"Shared Read Blocks":0,"Shared Dirtied Blocks":0,"Shared Written Blocks":0,"Local Hit Blocks":0,"Local Read Blocks":0,"Local Dirtied Blocks":0,"Local Written Blocks":0,"Temp Read Blocks":0,"Temp Written Blocks":0,"I/O Read Time":0.0,"I/O Write Time":0.0,"Temp I/O Read Time":0.0,"Temp I/O Write Time":0.0,"Plans":[{"Node Type":"Hash Join","Parent Relationship":"Outer","Parallel Aware":false,"Async Capable":false,"Join Type":"Inner","Startup Cost":41053.07,"Total Cost":801058.04,"Plan Rows":17526218,"Plan Width":22,"Actual Startup Time":1925.635,"Actual Total Time":7673.694,"Actual Rows":16894821,"Actual Loops":1,"Output":["order_line.ol_amount","order_line.ol_supply_w_id","order_line.ol_i_id","orders.o_entry_d","customer.c_nationkey"],"Hash Cond":"((order_line.ol_w_id = customer.c_w_id) AND (order_line.ol_d_id = customer.c_d_id) AND (orders.o_c_id = customer.c_id))","Rows Removed by Bloom Filter":0,"Shared Hit Blocks":0,"Shared Read Blocks":0,"Shared Dirtied Blocks":0,"Shared Written Blocks":0,"Local Hit Blocks":0,"Local Read Blocks":0,"Local Dirtied Blocks":0,"Local Written Blocks":0,"Temp Read Blocks":0,"Temp Written Blocks":0,"I/O Read Time":0.0,"I/O Write Time":0.0,"Temp I/O Read Time":0.0,"Temp I/O Write Time":0.0,"Plans":[{"Node Type":"Hash Join","Parent Relationship":"Outer","Parallel Aware":false,"Async Capable":false,"Join Type":"Inner","Startup Cost":20539.32,"Total Cost":586018.71,"Plan Rows":17526218,"Plan Width":30,"Actual Startup Time":1050.829,"Actual Total Time":1050.857,"Actual Rows":0,"Actual Loops":1,"Output":["order_line.ol_amount","order_line.ol_supply_w_id","order_line.ol_i_id","order_line.ol_w_id","order_line.ol_d_id","orders.o_entry_d","orders.o_w_id","orders.o_d_id","orders.o_c_id"],"Hash Cond":"((order_line.ol_w_id = orders.o_w_id) AND (order_line.ol_d_id = orders.o_d_id) AND (order_line.ol_o_id = orders.o_id))","Rows Removed by Bloom Filter":0,"Shared Hit Blocks":0,"Shared Read Blocks":0,"Shared Dirtied Blocks":0,"Shared Written Blocks":0,"Local Hit Blocks":0,"Local Read Blocks":0,"Local Dirtied Blocks":0,"Local Written Blocks":0,"Temp Read Blocks":0,"Temp Written Blocks":0,"I/O Read Time":0.0,"I/O Write Time":0.0,"Temp I/O Read Time":0.0,"Temp I/O Write Time":0.0,"Plans":[{"Node Type":"Append","Parent Relationship":"Outer","Parallel Aware":false,"Async Capable":false,"Startup Cost":20.0,"Total Cost":482290.51,"Plan Rows":17536869,"Plan Width":22,"Actual Startup Time":1047.406,"Actual Total Time":1047.419,"Actual Rows":16894821,"Actual Loops":1,"Shared Hit Blocks":0,"Shared Read Blocks":0,"Shared Dirtied Blocks":0,"Shared Written Blocks":0,"Local Hit Blocks":0,"Local Read Blocks":0,"Local Dirtied Blocks":0,"Local Written Blocks":0,"Temp Read Blocks":0,"Temp Written Blocks":0,"I/O Read Time":0.0,"I/O Write Time":0.0,"Temp I/O Read Time":0.0,"Temp I/O Write Time":0.0,"Subplans Removed":0,"Plans":[{"Node Type":"Custom Scan","Parent Relationship":"Member","Custom Plan Provider":"columnar scan","Parallel Aware":false,"Async Capable":false,"Relation Name":"order_line","Schema":"public","Alias":"order_line","Startup Cost":20.0,"Total Cost":482285.56,"Plan Rows":17536851,"Plan Width":22,"Actual Startup Time":1047.401,"Actual Total Time":1047.405,"Actual Rows":16894821,"Actual Loops":1,"Output":["order_line.ol_amount","order_line.ol_supply_w_id","order_line.ol_i_id","order_line.ol_w_id","order_line.ol_d_id","order_line.ol_o_id"],"Filter":"((order_line.ol_delivery_d <= '1997-01-01 20:10:02.27764'::timestamp without time zone) AND (order_line.ol_delivery_d >= '1995-01-02 20:10:02.27764'::timestamp without time zone))","Rows Removed by Filter":0,"Rows Removed by Columnar Filter":43098940,"Rows Filtered by Bloom Filter":0,"Dictionary Rows Filtered by Bloom Filter":857915,"Columnar cache search mode":"native","Shared Hit Blocks":0,"Shared Read Blocks":0,"Shared Dirtied Blocks":0,"Shared Written Blocks":0,"Local Hit Blocks":0,"Local Read Blocks":0,"Local Dirtied Blocks":0,"Local Written Blocks":0,"Temp Read Blocks":0,"Temp Written Blocks":0,"I/O Read Time":0.0,"I/O Write Time":0.0,"Temp I/O Read Time":0.0,"Temp I/O Write Time":0.0},{"Node Type":"Seq Scan","Parent Relationship":"Member","Parallel Aware":false,"Async Capable":false,"Relation Name":"order_line","Schema":"public","Alias":"order_line","Startup Cost":0.0,"Total Cost":4.95,"Plan Rows":18,"Plan Width":22,"Actual Startup Time":0.0,"Actual Total Time":0.0,"Actual Rows":0,"Actual Loops":0,"Output":["order_line.ol_amount","order_line.ol_supply_w_id","order_line.ol_i_id","order_line.ol_w_id","order_line.ol_d_id","order_line.ol_o_id"],"Filter":"((order_line.ol_delivery_d <= '1997-01-01 20:10:02.27764'::timestamp without time zone) AND (order_line.ol_delivery_d >= '1995-01-02 20:10:02.27764'::timestamp without time zone))","Rows Removed by Filter":0,"Shared Hit Blocks":0,"Shared Read Blocks":0,"Shared Dirtied Blocks":0,"Shared Written Blocks":0,"Local Hit Blocks":0,"Local Read Blocks":0,"Local Dirtied Blocks":0,"Local Written Blocks":0,"Temp Read Blocks":0,"Temp Written Blocks":0,"I/O Read Time":0.0,"I/O Write Time":0.0,"Temp I/O Read Time":0.0,"Temp I/O Write Time":0.0}]},{"Node Type":"Hash","Parent Relationship":"Inner","Parallel Aware":false,"Async Capable":false,"Startup Cost":152930.34,"Total Cost":152930.34,"Plan Rows":5996325,"Plan Width":24,"Actual Rows":5995789,"Actual Loops":1,"Output":["orders.o_entry_d","orders.o_w_id","orders.o_d_id","orders.o_id","orders.o_c_id"],"Shared Hit Blocks":0,"Shared Read Blocks":0,"Shared Dirtied Blocks":0,"Shared Written Blocks":0,"Local Hit Blocks":0,"Local Read Blocks":0,"Local Dirtied Blocks":0,"Local Written Blocks":0,"Temp Read Blocks":0,"Temp Written Blocks":0,"I/O Read Time":0.0,"I/O Write Time":0.0,"Temp I/O Read Time":0.0,"Temp I/O Write Time":0.0,"Plans":[{"Node Type":"Append","Parent Relationship":"Outer","Parallel Aware":false,"Async Capable":false,"Startup Cost":20.0,"Total Cost":152930.34,"Plan Rows":5996325,"Plan Width":24,"Actual Startup Time":3.124,"Actual Total Time":3.134,"Actual Rows":5995789,"Actual Loops":1,"Shared Hit Blocks":0,"Shared Read Blocks":0,"Shared Dirtied Blocks":0,"Shared Written Blocks":0,"Local Hit Blocks":0,"Local Read Blocks":0,"Local Dirtied Blocks":0,"Local Written Blocks":0,"Temp Read Blocks":0,"Temp Written Blocks":0,"I/O Read Time":0.0,"I/O Write Time":0.0,"Temp I/O Read Time":0.0,"Temp I/O Write Time":0.0,"Subplans Removed":0,"Plans":[{"Node Type":"Custom Scan","Parent Relationship":"Member","Custom Plan Provider":"columnar scan","Parallel Aware":false,"Async Capable":false,"Relation Name":"orders","Schema":"public","Alias":"orders","Startup Cost":20.0,"Total Cost":152926.32,"Plan Rows":5996324,"Plan Width":24,"Actual Startup Time":3.122,"Actual Total Time":3.122,"Actual Rows":5995789,"Actual Loops":1,"Output":["orders.o_entry_d","orders.o_w_id","orders.o_d_id","orders.o_id","orders.o_c_id"],"Filter":"(orders.o_entry_d >= '1992-01-02 20:10:02.27764'::timestamp without time zone)","Rows Removed by Filter":0,"Rows Removed by Columnar Filter":4211,"Columnar cache search mode":"native","Shared Hit Blocks":0,"Shared Read Blocks":0,"Shared Dirtied Blocks":0,"Shared Written Blocks":0,"Local Hit Blocks":0,"Local Read Blocks":0,"Local Dirtied Blocks":0,"Local Written Blocks":0,"Temp Read Blocks":0,"Temp Written Blocks":0,"I/O Read Time":0.0,"I/O Write Time":0.0,"Temp I/O Read Time":0.0,"Temp I/O Write Time":0.0},{"Node Type":"Seq Scan","Parent Relationship":"Member","Parallel Aware":false,"Async Capable":false,"Relation Name":"orders","Schema":"public","Alias":"orders","Startup Cost":0.0,"Total Cost":4.01,"Plan Rows":1,"Plan Width":24,"Actual Startup Time":0.0,"Actual Total Time":0.0,"Actual Rows":0,"Actual Loops":0,"Output":["orders.o_entry_d","orders.o_w_id","orders.o_d_id","orders.o_id","orders.o_c_id"],"Filter":"(orders.o_entry_d >= '1992-01-02 20:10:02.27764'::timestamp without time zone)","Rows Removed by Filter":0,"Shared Hit Blocks":0,"Shared Read Blocks":0,"Shared Dirtied Blocks":0,"Shared Written Blocks":0,"Local Hit Blocks":0,"Local Read Blocks":0,"Local Dirtied Blocks":0,"Local Written Blocks":0,"Temp Read Blocks":0,"Temp Written Blocks":0,"I/O Read Time":0.0,"I/O Write Time":0.0,"Temp I/O Read Time":0.0,"Temp I/O Write Time":0.0}]}]}]},{"Node Type":"Hash","Parent Relationship":"Inner","Parallel Aware":false,"Async Capable":false,"Startup Cost":141025.46,"Total Cost":141025.46,"Plan Rows":6000140,"Plan Width":12,"Actual Rows":6000000,"Actual Loops":1,"Output":["customer.c_nationkey","customer.c_id","customer.c_w_id","customer.c_d_id"],"Shared Hit Blocks":0,"Shared Read Blocks":0,"Shared Dirtied Blocks":0,"Shared Written Blocks":0,"Local Hit Blocks":0,"Local Read Blocks":0,"Local Dirtied Blocks":0,"Local Written Blocks":0,"Temp Read Blocks":0,"Temp Written Blocks":0,"I/O Read Time":0.0,"I/O Write Time":0.0,"Temp I/O Read Time":0.0,"Temp I/O Write Time":0.0,"Plans":[{"Node Type":"Append","Parent Relationship":"Outer","Parallel Aware":false,"Async Capable":false,"Startup Cost":20.0,"Total Cost":141025.46,"Plan Rows":6000140,"Plan Width":12,"Actual Startup Time":0.319,"Actual Total Time":0.325,"Actual Rows":6000000,"Actual Loops":1,"Shared Hit Blocks":0,"Shared Read Blocks":0,"Shared Dirtied Blocks":0,"Shared Written Blocks":0,"Local Hit Blocks":0,"Local Read Blocks":0,"Local Dirtied Blocks":0,"Local Written Blocks":0,"Temp Read Blocks":0,"Temp Written Blocks":0,"I/O Read Time":0.0,"I/O Write Time":0.0,"Temp I/O Read Time":0.0,"Temp I/O Write Time":0.0,"Subplans Removed":0,"Plans":[{"Node Type":"Custom Scan","Parent Relationship":"Member","Custom Plan Provider":"columnar scan","Parallel Aware":false,"Async Capable":false,"Relation Name":"customer","Schema":"public","Alias":"customer","Startup Cost":20.0,"Total Cost":141020.06,"Plan Rows":6000000,"Plan Width":12,"Actual Startup Time":0.317,"Actual Total Time":0.319,"Actual Rows":6000000,"Actual Loops":1,"Output":["customer.c_nationkey","customer.c_id","customer.c_w_id","customer.c_d_id"],"Rows Removed by Columnar Filter":0,"Columnar cache search mode":"native","Shared Hit Blocks":0,"Shared Read Blocks":0,"Shared Dirtied Blocks":0,"Shared Written Blocks":0,"Local Hit Blocks":0,"Local Read Blocks":0,"Local Dirtied Blocks":0,"Local Written Blocks":0,"Temp Read Blocks":0,"Temp Written Blocks":0,"I/O Read Time":0.0,"I/O Write Time":0.0,"Temp I/O Read Time":0.0,"Temp I/O Write Time":0.0},{"Node Type":"Seq Scan","Parent Relationship":"Member","Parallel Aware":false,"Async Capable":false,"Relation Name":"customer","Schema":"public","Alias":"customer","Startup Cost":0.0,"Total Cost":5.4,"Plan Rows":140,"Plan Width":12,"Actual Startup Time":0.0,"Actual Total Time":0.0,"Actual Rows":0,"Actual Loops":0,"Output":["customer.c_nationkey","customer.c_id","customer.c_w_id","customer.c_d_id"],"Shared Hit Blocks":0,"Shared Read Blocks":0,"Shared Dirtied Blocks":0,"Shared Written Blocks":0,"Local Hit Blocks":0,"Local Read Blocks":0,"Local Dirtied Blocks":0,"Local Written Blocks":0,"Temp Read Blocks":0,"Temp Written Blocks":0,"I/O Read Time":0.0,"I/O Write Time":0.0,"Temp I/O Read Time":0.0,"Temp I/O Write Time":0.0}]}]}]},{"Node Type":"Hash","Parent Relationship":"Inner","Parallel Aware":false,"Async Capable":false,"Startup Cost":1.93,"Total Cost":1.93,"Plan Rows":2,"Plan Width":12,"Actual Startup Time":0.035,"Actual Total Time":0.037,"Actual Rows":2,"Actual Loops":1,"Output":["n2.n_nationkey","n2.n_name"],"Hash Buckets":1024,"Original Hash Buckets":1024,"Hash Batches":1,"Original Hash Batches":1,"Peak Memory Usage":9,"Shared Hit Blocks":1,"Shared Read Blocks":0,"Shared Dirtied Blocks":0,"Shared Written Blocks":0,"Local Hit Blocks":0,"Local Read Blocks":0,"Local Dirtied Blocks":0,"Local Written Blocks":0,"Temp Read Blocks":0,"Temp Written Blocks":0,"I/O Read Time":0.0,"I/O Write Time":0.0,"Temp I/O Read Time":0.0,"Temp I/O Write Time":0.0,"Plans":[{"Node Type":"Seq Scan","Parent Relationship":"Outer","Parallel Aware":false,"Async Capable":false,"Relation Name":"nation","Schema":"public","Alias":"n2","Startup Cost":0.0,"Total Cost":1.93,"Plan Rows":2,"Plan Width":12,"Actual Startup Time":0.025,"Actual Total Time":0.03,"Actual Rows":2,"Actual Loops":1,"Output":["n2.n_nationkey","n2.n_name"],"Filter":"(((n2.n_name)::text = 'Cambodia'::text) OR ((n2.n_name)::text = 'Germany'::text))","Rows Removed by Filter":60,"Shared Hit Blocks":1,"Shared Read Blocks":0,"Shared Dirtied Blocks":0,"Shared Written Blocks":0,"Local Hit Blocks":0,"Local Read Blocks":0,"Local Dirtied Blocks":0,"Local Written Blocks":0,"Temp Read Blocks":0,"Temp Written Blocks":0,"I/O Read Time":0.0,"I/O Write Time":0.0,"Temp I/O Read Time":0.0,"Temp I/O Write Time":0.0}]}]},{"Node Type":"Hash","Parent Relationship":"Inner","Parallel Aware":false,"Async Capable":false,"Startup Cost":633424.24,"Total Cost":633424.24,"Plan Rows":645168,"Plan Width":18,"Actual Startup Time":6608.246,"Actual Total Time":6608.26,"Actual Rows":566400,"Actual Loops":1,"Output":["supplier.su_nationkey","stock.s_w_id","stock.s_i_id","n1.n_name"],"Hash Buckets":131072,"Original Hash Buckets":131072,"Hash Batches":8,"Original Hash Batches":8,"Peak Memory Usage":4646,"Shared Hit Blocks":54891,"Shared Read Blocks":0,"Shared Dirtied Blocks":0,"Shared Written Blocks":0,"Local Hit Blocks":0,"Local Read Blocks":0,"Local Dirtied Blocks":0,"Local Written Blocks":0,"Temp Read Blocks":0,"Temp Written Blocks":2445,"I/O Read Time":0.0,"I/O Write Time":0.0,"Temp I/O Read Time":0.0,"Temp I/O Write Time":13.956,"Plans":[{"Node Type":"Hash Join","Parent Relationship":"Outer","Parallel Aware":false,"Async Capable":false,"Join Type":"Inner","Startup Cost":444.39,"Total Cost":633424.24,"Plan Rows":645168,"Plan Width":18,"Actual Startup Time":2.597,"Actual Total Time":6460.191,"Actual Rows":566400,"Actual Loops":1,"Output":["supplier.su_nationkey","stock.s_w_id","stock.s_i_id","n1.n_name"],"Hash Cond":"(supplier.su_nationkey = n1.n_nationkey)","Shared Hit Blocks":54891,"Shared Read Blocks":0,"Shared Dirtied Blocks":0,"Shared Written Blocks":0,"Local Hit Blocks":0,"Local Read Blocks":0,"Local Dirtied Blocks":0,"Local Written Blocks":0,"Temp Read Blocks":0,"Temp Written Blocks":0,"I/O Read Time":0.0,"I/O Write Time":0.0,"Temp I/O Read Time":0.0,"Temp I/O Write Time":0.0,"Plans":[{"Node Type":"Hash Join","Parent Relationship":"Outer","Parallel Aware":false,"Async Capable":false,"Join Type":"Inner","Startup Cost":442.44,"Total Cost":577332.98,"Plan Rows":20000212,"Plan Width":10,"Actual Startup Time":2.561,"Actual Total Time":5145.757,"Actual Rows":20000000,"Actual Loops":1,"Output":["supplier.su_nationkey","stock.s_w_id","stock.s_i_id"],"Hash Cond":"(mod((stock.s_w_id * stock.s_i_id), 10000) = supplier.su_suppkey)","Shared Hit Blocks":54890,"Shared Read Blocks":0,"Shared Dirtied Blocks":0,"Shared Written Blocks":0,"Local Hit Blocks":0,"Local Read Blocks":0,"Local Dirtied Blocks":0,"Local Written Blocks":0,"Temp Read Blocks":0,"Temp Written Blocks":0,"I/O Read Time":0.0,"I/O Write Time":0.0,"Temp I/O Read Time":0.0,"Temp I/O Write Time":0.0,"Plans":[{"Node Type":"Index Only Scan","Parent Relationship":"Outer","Parallel Aware":false,"Async Capable":false,"Scan Direction":"Forward","Index Name":"stock_pk","Relation Name":"stock","Schema":"public","Alias":"stock","Startup Cost":0.44,"Total Cost":519363.62,"Plan Rows":20000212,"Plan Width":6,"Actual Startup Time":0.013,"Actual Total Time":1528.433,"Actual Rows":20000000,"Actual Loops":1,"Output":["stock.s_w_id","stock.s_i_id"],"Heap Fetches":0,"Shared Hit Blocks":54673,"Shared Read Blocks":0,"Shared Dirtied Blocks":0,"Shared Written Blocks":0,"Local Hit Blocks":0,"Local Read Blocks":0,"Local Dirtied Blocks":0,"Local Written Blocks":0,"Temp Read Blocks":0,"Temp Written Blocks":0,"I/O Read Time":0.0,"I/O Write Time":0.0,"Temp I/O Read Time":0.0,"Temp I/O Write Time":0.0},{"Node Type":"Hash","Parent Relationship":"Inner","Parallel Aware":false,"Async Capable":false,"Startup Cost":317.0,"Total Cost":317.0,"Plan Rows":10000,"Plan Width":8,"Actual Startup Time":2.507,"Actual Total Time":2.511,"Actual Rows":10000,"Actual Loops":1,"Output":["supplier.su_nationkey","supplier.su_suppkey"],"Hash Buckets":16384,"Original Hash Buckets":16384,"Hash Batches":1,"Original Hash Batches":1,"Peak Memory Usage":519,"Shared Hit Blocks":217,"Shared Read Blocks":0,"Shared Dirtied Blocks":0,"Shared Written Blocks":0,"Local Hit Blocks":0,"Local Read Blocks":0,"Local Dirtied Blocks":0,"Local Written Blocks":0,"Temp Read Blocks":0,"Temp Written Blocks":0,"I/O Read Time":0.0,"I/O Write Time":0.0,"Temp I/O Read Time":0.0,"Temp I/O Write Time":0.0,"Plans":[{"Node Type":"Seq Scan","Parent Relationship":"Outer","Parallel Aware":false,"Async Capable":false,"Relation Name":"supplier","Schema":"public","Alias":"supplier","Startup Cost":0.0,"Total Cost":317.0,"Plan Rows":10000,"Plan Width":8,"Actual Startup Time":0.006,"Actual Total Time":1.29,"Actual Rows":10000,"Actual Loops":1,"Output":["supplier.su_nationkey","supplier.su_suppkey"],"Shared Hit Blocks":217,"Shared Read Blocks":0,"Shared Dirtied Blocks":0,"Shared Written Blocks":0,"Local Hit Blocks":0,"Local Read Blocks":0,"Local Dirtied Blocks":0,"Local Written Blocks":0,"Temp Read Blocks":0,"Temp Written Blocks":0,"I/O Read Time":0.0,"I/O Write Time":0.0,"Temp I/O Read Time":0.0,"Temp I/O Write Time":0.0}]}]},{"Node Type":"Hash","Parent Relationship":"Inner","Parallel Aware":false,"Async Capable":false,"Startup Cost":1.93,"Total Cost":1.93,"Plan Rows":2,"Plan Width":12,"Actual Startup Time":0.026,"Actual Total Time":0.027,"Actual Rows":2,"Actual Loops":1,"Output":["n1.n_nationkey","n1.n_name"],"Hash Buckets":1024,"Original Hash Buckets":1024,"Hash Batches":1,"Original Hash Batches":1,"Peak Memory Usage":9,"Shared Hit Blocks":1,"Shared Read Blocks":0,"Shared Dirtied Blocks":0,"Shared Written Blocks":0,"Local Hit Blocks":0,"Local Read Blocks":0,"Local Dirtied Blocks":0,"Local Written Blocks":0,"Temp Read Blocks":0,"Temp Written Blocks":0,"I/O Read Time":0.0,"I/O Write Time":0.0,"Temp I/O Read Time":0.0,"Temp I/O Write Time":0.0,"Plans":[{"Node Type":"Seq Scan","Parent Relationship":"Outer","Parallel Aware":false,"Async Capable":false,"Relation Name":"nation","Schema":"public","Alias":"n1","Startup Cost":0.0,"Total Cost":1.93,"Plan Rows":2,"Plan Width":12,"Actual Startup Time":0.016,"Actual Total Time":0.021,"Actual Rows":2,"Actual Loops":1,"Output":["n1.n_nationkey","n1.n_name"],"Filter":"(((n1.n_name)::text = 'Germany'::text) OR ((n1.n_name)::text = 'Cambodia'::text))","Rows Removed by Filter":60,"Shared Hit Blocks":1,"Shared Read Blocks":0,"Shared Dirtied Blocks":0,"Shared Written Blocks":0,"Local Hit Blocks":0,"Local Read Blocks":0,"Local Dirtied Blocks":0,"Local Written Blocks":0,"Temp Read Blocks":0,"Temp Written Blocks":0,"I/O Read Time":0.0,"I/O Write Time":0.0,"Temp I/O Read Time":0.0,"Temp I/O Write Time":0.0}]}]}]}]}]}]},"Planning":{"Shared Hit Blocks":152,"Shared Read Blocks":0,"Shared Dirtied Blocks":0,"Shared Written Blocks":0,"Local Hit Blocks":0,"Local Read Blocks":0,"Local Dirtied Blocks":0,"Local Written Blocks":0,"Temp Read Blocks":0,"Temp Written Blocks":0,"I/O Read Time":0.0,"I/O Write Time":0.0,"Temp I/O Read Time":0.0,"Temp I/O Write Time":0.0},"Planning Time":4.402,"Triggers":[],"Execution Time":17112.337}]
[列存组合]: customer, order_line, orders, supplier
[{"Plan":{"Node Type":"Aggregate","Strategy":"Sorted","Partial Mode":"Simple","Parallel Aware":false,"Async Capable":false,"Startup Cost":1522228.6,"Total Cost":1522483.41,"Plan Rows":9266,"Plan Width":72,"Actual Startup Time":17139.135,"Actual Total Time":17143.295,"Actual Rows":6,"Actual Loops":1,"Output":["supplier.su_nationkey","customer.c_nationkey","(EXTRACT(year FROM orders.o_entry_d))","sum(order_line.ol_amount)"],"Group Key":["supplier.su_nationkey","customer.c_nationkey","(EXTRACT(year FROM orders.o_entry_d))"],"Shared Hit Blocks":54675,"Shared Read Blocks":0,"Shared Dirtied Blocks":0,"Shared Written Blocks":0,"Local Hit Blocks":0,"Local Read Blocks":0,"Local Dirtied Blocks":0,"Local Written Blocks":0,"Temp Read Blocks":7410,"Temp Written Blocks":7410,"I/O Read Time":0.0,"I/O Write Time":0.0,"Temp I/O Read Time":19.728,"Temp I/O Write Time":65.172,"Plans":[{"Node Type":"Sort","Parent Relationship":"Outer","Parallel Aware":false,"Async Capable":false,"Startup Cost":1522228.6,"Total Cost":1522251.76,"Plan Rows":9266,"Plan Width":44,"Actual Startup Time":17138.961,"Actual Total Time":17139.826,"Actual Rows":12121,"Actual Loops":1,"Output":["supplier.su_nationkey","customer.c_nationkey","(EXTRACT(year FROM orders.o_entry_d))","order_line.ol_amount"],"Sort Key":["supplier.su_nationkey","customer.c_nationkey","(EXTRACT(year FROM orders.o_entry_d))"],"Sort Method":"quicksort","Sort Space Used":1047,"Sort Space Type":"Memory","Shared Hit Blocks":54675,"Shared Read Blocks":0,"Shared Dirtied Blocks":0,"Shared Written Blocks":0,"Local Hit Blocks":0,"Local Read Blocks":0,"Local Dirtied Blocks":0,"Local Written Blocks":0,"Temp Read Blocks":7410,"Temp Written Blocks":7410,"I/O Read Time":0.0,"I/O Write Time":0.0,"Temp I/O Read Time":19.728,"Temp I/O Write Time":65.172,"Plans":[{"Node Type":"Hash Join","Parent Relationship":"Outer","Parallel Aware":false,"Async Capable":false,"Join Type":"Inner","Startup Cost":687839.81,"Total Cost":1521618.07,"Plan Rows":9266,"Plan Width":44,"Actual Startup Time":8580.906,"Actual Total Time":17132.856,"Actual Rows":12121,"Actual Loops":1,"Output":["supplier.su_nationkey","customer.c_nationkey","EXTRACT(year FROM orders.o_entry_d)","order_line.ol_amount"],"Hash Cond":"((order_line.ol_supply_w_id = stock.s_w_id) AND (order_line.ol_i_id = stock.s_i_id))","Join Filter":"((((n1.n_name)::text = 'Germany'::text) AND ((n2.n_name)::text = 'Cambodia'::text)) OR (((n1.n_name)::text = 'Cambodia'::text) AND ((n2.n_name)::text = 'Germany'::text)))","Rows Removed by Join Filter":11453,"Shared Hit Blocks":54675,"Shared Read Blocks":0,"Shared Dirtied Blocks":0,"Shared Written Blocks":0,"Local Hit Blocks":0,"Local Read Blocks":0,"Local Dirtied Blocks":0,"Local Written Blocks":0,"Temp Read Blocks":7410,"Temp Written Blocks":7410,"I/O Read Time":0.0,"I/O Write Time":0.0,"Temp I/O Read Time":19.728,"Temp I/O Write Time":65.172,"Plans":[{"Node Type":"Hash Join","Parent Relationship":"Outer","Parallel Aware":false,"Async Capable":false,"Join Type":"Inner","Startup Cost":41055.03,"Total Cost":850211.15,"Plan Rows":565362,"Plan Width":30,"Actual Startup Time":1961.111,"Actual Total Time":9933.074,"Actual Rows":818159,"Actual Loops":1,"Output":["order_line.ol_amount","order_line.ol_supply_w_id","order_line.ol_i_id","orders.o_entry_d","customer.c_nationkey","n2.n_name"],"Hash Cond":"(customer.c_nationkey = n2.n_nationkey)","Shared Hit Blocks":1,"Shared Read Blocks":0,"Shared Dirtied Blocks":0,"Shared Written Blocks":0,"Local Hit Blocks":0,"Local Read Blocks":0,"Local Dirtied Blocks":0,"Local Written Blocks":0,"Temp Read Blocks":0,"Temp Written Blocks":0,"I/O Read Time":0.0,"I/O Write Time":0.0,"Temp I/O Read Time":0.0,"Temp I/O Write Time":0.0,"Plans":[{"Node Type":"Hash Join","Parent Relationship":"Outer","Parallel Aware":false,"Async Capable":false,"Join Type":"Inner","Startup Cost":41053.07,"Total Cost":801058.04,"Plan Rows":17526218,"Plan Width":22,"Actual Startup Time":1960.794,"Actual Total Time":7696.725,"Actual Rows":16894821,"Actual Loops":1,"Output":["order_line.ol_amount","order_line.ol_supply_w_id","order_line.ol_i_id","orders.o_entry_d","customer.c_nationkey"],"Hash Cond":"((order_line.ol_w_id = customer.c_w_id) AND (order_line.ol_d_id = customer.c_d_id) AND (orders.o_c_id = customer.c_id))","Rows Removed by Bloom Filter":0,"Shared Hit Blocks":0,"Shared Read Blocks":0,"Shared Dirtied Blocks":0,"Shared Written Blocks":0,"Local Hit Blocks":0,"Local Read Blocks":0,"Local Dirtied Blocks":0,"Local Written Blocks":0,"Temp Read Blocks":0,"Temp Written Blocks":0,"I/O Read Time":0.0,"I/O Write Time":0.0,"Temp I/O Read Time":0.0,"Temp I/O Write Time":0.0,"Plans":[{"Node Type":"Hash Join","Parent Relationship":"Outer","Parallel Aware":false,"Async Capable":false,"Join Type":"Inner","Startup Cost":20539.32,"Total Cost":586018.71,"Plan Rows":17526218,"Plan Width":30,"Actual Startup Time":1052.582,"Actual Total Time":1052.611,"Actual Rows":0,"Actual Loops":1,"Output":["order_line.ol_amount","order_line.ol_supply_w_id","order_line.ol_i_id","order_line.ol_w_id","order_line.ol_d_id","orders.o_entry_d","orders.o_w_id","orders.o_d_id","orders.o_c_id"],"Hash Cond":"((order_line.ol_w_id = orders.o_w_id) AND (order_line.ol_d_id = orders.o_d_id) AND (order_line.ol_o_id = orders.o_id))","Rows Removed by Bloom Filter":0,"Shared Hit Blocks":0,"Shared Read Blocks":0,"Shared Dirtied Blocks":0,"Shared Written Blocks":0,"Local Hit Blocks":0,"Local Read Blocks":0,"Local Dirtied Blocks":0,"Local Written Blocks":0,"Temp Read Blocks":0,"Temp Written Blocks":0,"I/O Read Time":0.0,"I/O Write Time":0.0,"Temp I/O Read Time":0.0,"Temp I/O Write Time":0.0,"Plans":[{"Node Type":"Append","Parent Relationship":"Outer","Parallel Aware":false,"Async Capable":false,"Startup Cost":20.0,"Total Cost":482290.51,"Plan Rows":17536869,"Plan Width":22,"Actual Startup Time":1049.336,"Actual Total Time":1049.348,"Actual Rows":16894821,"Actual Loops":1,"Shared Hit Blocks":0,"Shared Read Blocks":0,"Shared Dirtied Blocks":0,"Shared Written Blocks":0,"Local Hit Blocks":0,"Local Read Blocks":0,"Local Dirtied Blocks":0,"Local Written Blocks":0,"Temp Read Blocks":0,"Temp Written Blocks":0,"I/O Read Time":0.0,"I/O Write Time":0.0,"Temp I/O Read Time":0.0,"Temp I/O Write Time":0.0,"Subplans Removed":0,"Plans":[{"Node Type":"Custom Scan","Parent Relationship":"Member","Custom Plan Provider":"columnar scan","Parallel Aware":false,"Async Capable":false,"Relation Name":"order_line","Schema":"public","Alias":"order_line","Startup Cost":20.0,"Total Cost":482285.56,"Plan Rows":17536851,"Plan Width":22,"Actual Startup Time":1049.332,"Actual Total Time":1049.335,"Actual Rows":16894821,"Actual Loops":1,"Output":["order_line.ol_amount","order_line.ol_supply_w_id","order_line.ol_i_id","order_line.ol_w_id","order_line.ol_d_id","order_line.ol_o_id"],"Filter":"((order_line.ol_delivery_d <= '1997-01-01 20:10:02.27764'::timestamp without time zone) AND (order_line.ol_delivery_d >= '1995-01-02 20:10:02.27764'::timestamp without time zone))","Rows Removed by Filter":0,"Rows Removed by Columnar Filter":43098940,"Rows Filtered by Bloom Filter":0,"Dictionary Rows Filtered by Bloom Filter":857915,"Columnar cache search mode":"native","Shared Hit Blocks":0,"Shared Read Blocks":0,"Shared Dirtied Blocks":0,"Shared Written Blocks":0,"Local Hit Blocks":0,"Local Read Blocks":0,"Local Dirtied Blocks":0,"Local Written Blocks":0,"Temp Read Blocks":0,"Temp Written Blocks":0,"I/O Read Time":0.0,"I/O Write Time":0.0,"Temp I/O Read Time":0.0,"Temp I/O Write Time":0.0},{"Node Type":"Seq Scan","Parent Relationship":"Member","Parallel Aware":false,"Async Capable":false,"Relation Name":"order_line","Schema":"public","Alias":"order_line","Startup Cost":0.0,"Total Cost":4.95,"Plan Rows":18,"Plan Width":22,"Actual Startup Time":0.0,"Actual Total Time":0.0,"Actual Rows":0,"Actual Loops":0,"Output":["order_line.ol_amount","order_line.ol_supply_w_id","order_line.ol_i_id","order_line.ol_w_id","order_line.ol_d_id","order_line.ol_o_id"],"Filter":"((order_line.ol_delivery_d <= '1997-01-01 20:10:02.27764'::timestamp without time zone) AND (order_line.ol_delivery_d >= '1995-01-02 20:10:02.27764'::timestamp without time zone))","Rows Removed by Filter":0,"Shared Hit Blocks":0,"Shared Read Blocks":0,"Shared Dirtied Blocks":0,"Shared Written Blocks":0,"Local Hit Blocks":0,"Local Read Blocks":0,"Local Dirtied Blocks":0,"Local Written Blocks":0,"Temp Read Blocks":0,"Temp Written Blocks":0,"I/O Read Time":0.0,"I/O Write Time":0.0,"Temp I/O Read Time":0.0,"Temp I/O Write Time":0.0}]},{"Node Type":"Hash","Parent Relationship":"Inner","Parallel Aware":false,"Async Capable":false,"Startup Cost":152930.34,"Total Cost":152930.34,"Plan Rows":5996325,"Plan Width":24,"Actual Rows":5995789,"Actual Loops":1,"Output":["orders.o_entry_d","orders.o_w_id","orders.o_d_id","orders.o_id","orders.o_c_id"],"Shared Hit Blocks":0,"Shared Read Blocks":0,"Shared Dirtied Blocks":0,"Shared Written Blocks":0,"Local Hit Blocks":0,"Local Read Blocks":0,"Local Dirtied Blocks":0,"Local Written Blocks":0,"Temp Read Blocks":0,"Temp Written Blocks":0,"I/O Read Time":0.0,"I/O Write Time":0.0,"Temp I/O Read Time":0.0,"Temp I/O Write Time":0.0,"Plans":[{"Node Type":"Append","Parent Relationship":"Outer","Parallel Aware":false,"Async Capable":false,"Startup Cost":20.0,"Total Cost":152930.34,"Plan Rows":5996325,"Plan Width":24,"Actual Startup Time":3.113,"Actual Total Time":3.124,"Actual Rows":5995789,"Actual Loops":1,"Shared Hit Blocks":0,"Shared Read Blocks":0,"Shared Dirtied Blocks":0,"Shared Written Blocks":0,"Local Hit Blocks":0,"Local Read Blocks":0,"Local Dirtied Blocks":0,"Local Written Blocks":0,"Temp Read Blocks":0,"Temp Written Blocks":0,"I/O Read Time":0.0,"I/O Write Time":0.0,"Temp I/O Read Time":0.0,"Temp I/O Write Time":0.0,"Subplans Removed":0,"Plans":[{"Node Type":"Custom Scan","Parent Relationship":"Member","Custom Plan Provider":"columnar scan","Parallel Aware":false,"Async Capable":false,"Relation Name":"orders","Schema":"public","Alias":"orders","Startup Cost":20.0,"Total Cost":152926.32,"Plan Rows":5996324,"Plan Width":24,"Actual Startup Time":3.111,"Actual Total Time":3.113,"Actual Rows":5995789,"Actual Loops":1,"Output":["orders.o_entry_d","orders.o_w_id","orders.o_d_id","orders.o_id","orders.o_c_id"],"Filter":"(orders.o_entry_d >= '1992-01-02 20:10:02.27764'::timestamp without time zone)","Rows Removed by Filter":0,"Rows Removed by Columnar Filter":4211,"Columnar cache search mode":"native","Shared Hit Blocks":0,"Shared Read Blocks":0,"Shared Dirtied Blocks":0,"Shared Written Blocks":0,"Local Hit Blocks":0,"Local Read Blocks":0,"Local Dirtied Blocks":0,"Local Written Blocks":0,"Temp Read Blocks":0,"Temp Written Blocks":0,"I/O Read Time":0.0,"I/O Write Time":0.0,"Temp I/O Read Time":0.0,"Temp I/O Write Time":0.0},{"Node Type":"Seq Scan","Parent Relationship":"Member","Parallel Aware":false,"Async Capable":false,"Relation Name":"orders","Schema":"public","Alias":"orders","Startup Cost":0.0,"Total Cost":4.01,"Plan Rows":1,"Plan Width":24,"Actual Startup Time":0.0,"Actual Total Time":0.0,"Actual Rows":0,"Actual Loops":0,"Output":["orders.o_entry_d","orders.o_w_id","orders.o_d_id","orders.o_id","orders.o_c_id"],"Filter":"(orders.o_entry_d >= '1992-01-02 20:10:02.27764'::timestamp without time zone)","Rows Removed by Filter":0,"Shared Hit Blocks":0,"Shared Read Blocks":0,"Shared Dirtied Blocks":0,"Shared Written Blocks":0,"Local Hit Blocks":0,"Local Read Blocks":0,"Local Dirtied Blocks":0,"Local Written Blocks":0,"Temp Read Blocks":0,"Temp Written Blocks":0,"I/O Read Time":0.0,"I/O Write Time":0.0,"Temp I/O Read Time":0.0,"Temp I/O Write Time":0.0}]}]}]},{"Node Type":"Hash","Parent Relationship":"Inner","Parallel Aware":false,"Async Capable":false,"Startup Cost":141025.46,"Total Cost":141025.46,"Plan Rows":6000140,"Plan Width":12,"Actual Rows":6000000,"Actual Loops":1,"Output":["customer.c_nationkey","customer.c_id","customer.c_w_id","customer.c_d_id"],"Shared Hit Blocks":0,"Shared Read Blocks":0,"Shared Dirtied Blocks":0,"Shared Written Blocks":0,"Local Hit Blocks":0,"Local Read Blocks":0,"Local Dirtied Blocks":0,"Local Written Blocks":0,"Temp Read Blocks":0,"Temp Written Blocks":0,"I/O Read Time":0.0,"I/O Write Time":0.0,"Temp I/O Read Time":0.0,"Temp I/O Write Time":0.0,"Plans":[{"Node Type":"Append","Parent Relationship":"Outer","Parallel Aware":false,"Async Capable":false,"Startup Cost":20.0,"Total Cost":141025.46,"Plan Rows":6000140,"Plan Width":12,"Actual Startup Time":0.292,"Actual Total Time":0.297,"Actual Rows":6000000,"Actual Loops":1,"Shared Hit Blocks":0,"Shared Read Blocks":0,"Shared Dirtied Blocks":0,"Shared Written Blocks":0,"Local Hit Blocks":0,"Local Read Blocks":0,"Local Dirtied Blocks":0,"Local Written Blocks":0,"Temp Read Blocks":0,"Temp Written Blocks":0,"I/O Read Time":0.0,"I/O Write Time":0.0,"Temp I/O Read Time":0.0,"Temp I/O Write Time":0.0,"Subplans Removed":0,"Plans":[{"Node Type":"Custom Scan","Parent Relationship":"Member","Custom Plan Provider":"columnar scan","Parallel Aware":false,"Async Capable":false,"Relation Name":"customer","Schema":"public","Alias":"customer","Startup Cost":20.0,"Total Cost":141020.06,"Plan Rows":6000000,"Plan Width":12,"Actual Startup Time":0.29,"Actual Total Time":0.292,"Actual Rows":6000000,"Actual Loops":1,"Output":["customer.c_nationkey","customer.c_id","customer.c_w_id","customer.c_d_id"],"Rows Removed by Columnar Filter":0,"Columnar cache search mode":"native","Shared Hit Blocks":0,"Shared Read Blocks":0,"Shared Dirtied Blocks":0,"Shared Written Blocks":0,"Local Hit Blocks":0,"Local Read Blocks":0,"Local Dirtied Blocks":0,"Local Written Blocks":0,"Temp Read Blocks":0,"Temp Written Blocks":0,"I/O Read Time":0.0,"I/O Write Time":0.0,"Temp I/O Read Time":0.0,"Temp I/O Write Time":0.0},{"Node Type":"Seq Scan","Parent Relationship":"Member","Parallel Aware":false,"Async Capable":false,"Relation Name":"customer","Schema":"public","Alias":"customer","Startup Cost":0.0,"Total Cost":5.4,"Plan Rows":140,"Plan Width":12,"Actual Startup Time":0.0,"Actual Total Time":0.0,"Actual Rows":0,"Actual Loops":0,"Output":["customer.c_nationkey","customer.c_id","customer.c_w_id","customer.c_d_id"],"Shared Hit Blocks":0,"Shared Read Blocks":0,"Shared Dirtied Blocks":0,"Shared Written Blocks":0,"Local Hit Blocks":0,"Local Read Blocks":0,"Local Dirtied Blocks":0,"Local Written Blocks":0,"Temp Read Blocks":0,"Temp Written Blocks":0,"I/O Read Time":0.0,"I/O Write Time":0.0,"Temp I/O Read Time":0.0,"Temp I/O Write Time":0.0}]}]}]},{"Node Type":"Hash","Parent Relationship":"Inner","Parallel Aware":false,"Async Capable":false,"Startup Cost":1.93,"Total Cost":1.93,"Plan Rows":2,"Plan Width":12,"Actual Startup Time":0.038,"Actual Total Time":0.041,"Actual Rows":2,"Actual Loops":1,"Output":["n2.n_nationkey","n2.n_name"],"Hash Buckets":1024,"Original Hash Buckets":1024,"Hash Batches":1,"Original Hash Batches":1,"Peak Memory Usage":9,"Shared Hit Blocks":1,"Shared Read Blocks":0,"Shared Dirtied Blocks":0,"Shared Written Blocks":0,"Local Hit Blocks":0,"Local Read Blocks":0,"Local Dirtied Blocks":0,"Local Written Blocks":0,"Temp Read Blocks":0,"Temp Written Blocks":0,"I/O Read Time":0.0,"I/O Write Time":0.0,"Temp I/O Read Time":0.0,"Temp I/O Write Time":0.0,"Plans":[{"Node Type":"Seq Scan","Parent Relationship":"Outer","Parallel Aware":false,"Async Capable":false,"Relation Name":"nation","Schema":"public","Alias":"n2","Startup Cost":0.0,"Total Cost":1.93,"Plan Rows":2,"Plan Width":12,"Actual Startup Time":0.024,"Actual Total Time":0.033,"Actual Rows":2,"Actual Loops":1,"Output":["n2.n_nationkey","n2.n_name"],"Filter":"(((n2.n_name)::text = 'Cambodia'::text) OR ((n2.n_name)::text = 'Germany'::text))","Rows Removed by Filter":60,"Shared Hit Blocks":1,"Shared Read Blocks":0,"Shared Dirtied Blocks":0,"Shared Written Blocks":0,"Local Hit Blocks":0,"Local Read Blocks":0,"Local Dirtied Blocks":0,"Local Written Blocks":0,"Temp Read Blocks":0,"Temp Written Blocks":0,"I/O Read Time":0.0,"I/O Write Time":0.0,"Temp I/O Read Time":0.0,"Temp I/O Write Time":0.0}]}]},{"Node Type":"Hash","Parent Relationship":"Inner","Parallel Aware":false,"Async Capable":false,"Startup Cost":633326.26,"Total Cost":633326.26,"Plan Rows":645168,"Plan Width":18,"Actual Startup Time":6615.878,"Actual Total Time":6615.896,"Actual Rows":566400,"Actual Loops":1,"Output":["supplier.su_nationkey","stock.s_w_id","stock.s_i_id","n1.n_name"],"Hash Buckets":131072,"Original Hash Buckets":131072,"Hash Batches":8,"Original Hash Batches":8,"Peak Memory Usage":4646,"Shared Hit Blocks":54674,"Shared Read Blocks":0,"Shared Dirtied Blocks":0,"Shared Written Blocks":0,"Local Hit Blocks":0,"Local Read Blocks":0,"Local Dirtied Blocks":0,"Local Written Blocks":0,"Temp Read Blocks":0,"Temp Written Blocks":2445,"I/O Read Time":0.0,"I/O Write Time":0.0,"Temp I/O Read Time":0.0,"Temp I/O Write Time":13.825,"Plans":[{"Node Type":"Hash Join","Parent Relationship":"Outer","Parallel Aware":false,"Async Capable":false,"Join Type":"Inner","Startup Cost":346.42,"Total Cost":633326.26,"Plan Rows":645168,"Plan Width":18,"Actual Startup Time":3.137,"Actual Total Time":6466.51,"Actual Rows":566400,"Actual Loops":1,"Output":["supplier.su_nationkey","stock.s_w_id","stock.s_i_id","n1.n_name"],"Hash Cond":"(supplier.su_nationkey = n1.n_nationkey)","Shared Hit Blocks":54674,"Shared Read Blocks":0,"Shared Dirtied Blocks":0,"Shared Written Blocks":0,"Local Hit Blocks":0,"Local Read Blocks":0,"Local Dirtied Blocks":0,"Local Written Blocks":0,"Temp Read Blocks":0,"Temp Written Blocks":0,"I/O Read Time":0.0,"I/O Write Time":0.0,"Temp I/O Read Time":0.0,"Temp I/O Write Time":0.0,"Plans":[{"Node Type":"Hash Join","Parent Relationship":"Outer","Parallel Aware":false,"Async Capable":false,"Join Type":"Inner","Startup Cost":344.46,"Total Cost":577235.0,"Plan Rows":20000212,"Plan Width":10,"Actual Startup Time":3.104,"Actual Total Time":5157.617,"Actual Rows":20000000,"Actual Loops":1,"Output":["supplier.su_nationkey","stock.s_w_id","stock.s_i_id"],"Hash Cond":"(mod((stock.s_w_id * stock.s_i_id), 10000) = supplier.su_suppkey)","Shared Hit Blocks":54673,"Shared Read Blocks":0,"Shared Dirtied Blocks":0,"Shared Written Blocks":0,"Local Hit Blocks":0,"Local Read Blocks":0,"Local Dirtied Blocks":0,"Local Written Blocks":0,"Temp Read Blocks":0,"Temp Written Blocks":0,"I/O Read Time":0.0,"I/O Write Time":0.0,"Temp I/O Read Time":0.0,"Temp I/O Write Time":0.0,"Plans":[{"Node Type":"Index Only Scan","Parent Relationship":"Outer","Parallel Aware":false,"Async Capable":false,"Scan Direction":"Forward","Index Name":"stock_pk","Relation Name":"stock","Schema":"public","Alias":"stock","Startup Cost":0.44,"Total Cost":519363.62,"Plan Rows":20000212,"Plan Width":6,"Actual Startup Time":0.016,"Actual Total Time":1532.802,"Actual Rows":20000000,"Actual Loops":1,"Output":["stock.s_w_id","stock.s_i_id"],"Heap Fetches":0,"Shared Hit Blocks":54673,"Shared Read Blocks":0,"Shared Dirtied Blocks":0,"Shared Written Blocks":0,"Local Hit Blocks":0,"Local Read Blocks":0,"Local Dirtied Blocks":0,"Local Written Blocks":0,"Temp Read Blocks":0,"Temp Written Blocks":0,"I/O Read Time":0.0,"I/O Write Time":0.0,"Temp I/O Read Time":0.0,"Temp I/O Write Time":0.0},{"Node Type":"Hash","Parent Relationship":"Inner","Parallel Aware":false,"Async Capable":false,"Startup Cost":219.01,"Total Cost":219.01,"Plan Rows":10001,"Plan Width":8,"Actual Startup Time":3.041,"Actual Total Time":3.049,"Actual Rows":10000,"Actual Loops":1,"Output":["supplier.su_nationkey","supplier.su_suppkey"],"Hash Buckets":16384,"Original Hash Buckets":16384,"Hash Batches":1,"Original Hash Batches":1,"Peak Memory Usage":519,"Shared Hit Blocks":0,"Shared Read Blocks":0,"Shared Dirtied Blocks":0,"Shared Written Blocks":0,"Local Hit Blocks":0,"Local Read Blocks":0,"Local Dirtied Blocks":0,"Local Written Blocks":0,"Temp Read Blocks":0,"Temp Written Blocks":0,"I/O Read Time":0.0,"I/O Write Time":0.0,"Temp I/O Read Time":0.0,"Temp I/O Write Time":0.0,"Plans":[{"Node Type":"Append","Parent Relationship":"Outer","Parallel Aware":false,"Async Capable":false,"Startup Cost":20.0,"Total Cost":219.01,"Plan Rows":10001,"Plan Width":8,"Actual Startup Time":0.013,"Actual Total Time":1.837,"Actual Rows":10000,"Actual Loops":1,"Shared Hit Blocks":0,"Shared Read Blocks":0,"Shared Dirtied Blocks":0,"Shared Written Blocks":0,"Local Hit Blocks":0,"Local Read Blocks":0,"Local Dirtied Blocks":0,"Local Written Blocks":0,"Temp Read Blocks":0,"Temp Written Blocks":0,"I/O Read Time":0.0,"I/O Write Time":0.0,"Temp I/O Read Time":0.0,"Temp I/O Write Time":0.0,"Subplans Removed":0,"Plans":[{"Node Type":"Custom Scan","Parent Relationship":"Member","Custom Plan Provider":"columnar scan","Parallel Aware":false,"Async Capable":false,"Relation Name":"supplier","Schema":"public","Alias":"supplier","Startup Cost":20.0,"Total Cost":215.0,"Plan Rows":10000,"Plan Width":8,"Actual Startup Time":0.012,"Actual Total Time":1.114,"Actual Rows":10000,"Actual Loops":1,"Output":["supplier.su_nationkey","supplier.su_suppkey"],"Rows Removed by Columnar Filter":0,"Columnar cache search mode":"native","Shared Hit Blocks":0,"Shared Read Blocks":0,"Shared Dirtied Blocks":0,"Shared Written Blocks":0,"Local Hit Blocks":0,"Local Read Blocks":0,"Local Dirtied Blocks":0,"Local Written Blocks":0,"Temp Read Blocks":0,"Temp Written Blocks":0,"I/O Read Time":0.0,"I/O Write Time":0.0,"Temp I/O Read Time":0.0,"Temp I/O Write Time":0.0},{"Node Type":"Seq Scan","Parent Relationship":"Member","Parallel Aware":false,"Async Capable":false,"Relation Name":"supplier","Schema":"public","Alias":"supplier","Startup Cost":0.0,"Total Cost":4.01,"Plan Rows":1,"Plan Width":8,"Actual Startup Time":0.0,"Actual Total Time":0.0,"Actual Rows":0,"Actual Loops":0,"Output":["supplier.su_nationkey","supplier.su_suppkey"],"Shared Hit Blocks":0,"Shared Read Blocks":0,"Shared Dirtied Blocks":0,"Shared Written Blocks":0,"Local Hit Blocks":0,"Local Read Blocks":0,"Local Dirtied Blocks":0,"Local Written Blocks":0,"Temp Read Blocks":0,"Temp Written Blocks":0,"I/O Read Time":0.0,"I/O Write Time":0.0,"Temp I/O Read Time":0.0,"Temp I/O Write Time":0.0}]}]}]},{"Node Type":"Hash","Parent Relationship":"Inner","Parallel Aware":false,"Async Capable":false,"Startup Cost":1.93,"Total Cost":1.93,"Plan Rows":2,"Plan Width":12,"Actual Startup Time":0.024,"Actual Total Time":0.025,"Actual Rows":2,"Actual Loops":1,"Output":["n1.n_nationkey","n1.n_name"],"Hash Buckets":1024,"Original Hash Buckets":1024,"Hash Batches":1,"Original Hash Batches":1,"Peak Memory Usage":9,"Shared Hit Blocks":1,"Shared Read Blocks":0,"Shared Dirtied Blocks":0,"Shared Written Blocks":0,"Local Hit Blocks":0,"Local Read Blocks":0,"Local Dirtied Blocks":0,"Local Written Blocks":0,"Temp Read Blocks":0,"Temp Written Blocks":0,"I/O Read Time":0.0,"I/O Write Time":0.0,"Temp I/O Read Time":0.0,"Temp I/O Write Time":0.0,"Plans":[{"Node Type":"Seq Scan","Parent Relationship":"Outer","Parallel Aware":false,"Async Capable":false,"Relation Name":"nation","Schema":"public","Alias":"n1","Startup Cost":0.0,"Total Cost":1.93,"Plan Rows":2,"Plan Width":12,"Actual Startup Time":0.015,"Actual Total Time":0.02,"Actual Rows":2,"Actual Loops":1,"Output":["n1.n_nationkey","n1.n_name"],"Filter":"(((n1.n_name)::text = 'Germany'::text) OR ((n1.n_name)::text = 'Cambodia'::text))","Rows Removed by Filter":60,"Shared Hit Blocks":1,"Shared Read Blocks":0,"Shared Dirtied Blocks":0,"Shared Written Blocks":0,"Local Hit Blocks":0,"Local Read Blocks":0,"Local Dirtied Blocks":0,"Local Written Blocks":0,"Temp Read Blocks":0,"Temp Written Blocks":0,"I/O Read Time":0.0,"I/O Write Time":0.0,"Temp I/O Read Time":0.0,"Temp I/O Write Time":0.0}]}]}]}]}]}]},"Planning":{"Shared Hit Blocks":152,"Shared Read Blocks":0,"Shared Dirtied Blocks":0,"Shared Written Blocks":0,"Local Hit Blocks":0,"Local Read Blocks":0,"Local Dirtied Blocks":0,"Local Written Blocks":0,"Temp Read Blocks":0,"Temp Written Blocks":0,"I/O Read Time":0.0,"I/O Write Time":0.0,"Temp I/O Read Time":0.0,"Temp I/O Write Time":0.0},"Planning Time":3.62,"Triggers":[],"Execution Time":17144.765}]
[列存组合]: customer, order_line, stock, supplier
[{"Plan":{"Node Type":"Aggregate","Strategy":"Sorted","Partial Mode":"Simple","Parallel Aware":false,"Async Capable":false,"Startup Cost":2128910.9,"Total Cost":2129165.71,"Plan Rows":9266,"Plan Width":72,"Actual Startup Time":13104.624,"Actual Total Time":13107.181,"Actual Rows":6,"Actual Loops":1,"Output":["supplier.su_nationkey","customer.c_nationkey","(EXTRACT(year FROM orders.o_entry_d))","sum(order_line.ol_amount)"],"Group Key":["supplier.su_nationkey","customer.c_nationkey","(EXTRACT(year FROM orders.o_entry_d))"],"Shared Hit Blocks":44124,"Shared Read Blocks":0,"Shared Dirtied Blocks":0,"Shared Written Blocks":0,"Local Hit Blocks":0,"Local Read Blocks":0,"Local Dirtied Blocks":0,"Local Written Blocks":0,"Temp Read Blocks":41796,"Temp Written Blocks":41814,"I/O Read Time":0.0,"I/O Write Time":0.0,"Temp I/O Read Time":63.422,"Temp I/O Write Time":192.391,"Plans":[{"Node Type":"Sort","Parent Relationship":"Outer","Parallel Aware":false,"Async Capable":false,"Startup Cost":2128910.9,"Total Cost":2128934.06,"Plan Rows":9266,"Plan Width":44,"Actual Startup Time":13104.516,"Actual Total Time":13105.042,"Actual Rows":12121,"Actual Loops":1,"Output":["supplier.su_nationkey","customer.c_nationkey","(EXTRACT(year FROM orders.o_entry_d))","order_line.ol_amount"],"Sort Key":["supplier.su_nationkey","customer.c_nationkey","(EXTRACT(year FROM orders.o_entry_d))"],"Sort Method":"quicksort","Sort Space Used":1047,"Sort Space Type":"Memory","Shared Hit Blocks":44124,"Shared Read Blocks":0,"Shared Dirtied Blocks":0,"Shared Written Blocks":0,"Local Hit Blocks":0,"Local Read Blocks":0,"Local Dirtied Blocks":0,"Local Written Blocks":0,"Temp Read Blocks":41796,"Temp Written Blocks":41814,"I/O Read Time":0.0,"I/O Write Time":0.0,"Temp I/O Read Time":63.422,"Temp I/O Write Time":192.391,"Plans":[{"Node Type":"Merge Join","Parent Relationship":"Outer","Parallel Aware":false,"Async Capable":false,"Join Type":"Inner","Startup Cost":2119840.54,"Total Cost":2128300.37,"Plan Rows":9266,"Plan Width":44,"Actual Startup Time":12762.816,"Actual Total Time":13101.526,"Actual Rows":12121,"Actual Loops":1,"Output":["supplier.su_nationkey","customer.c_nationkey","EXTRACT(year FROM orders.o_entry_d)","order_line.ol_amount"],"Merge Cond":"((orders.o_c_id = customer.c_id) AND (order_line.ol_w_id = customer.c_w_id) AND (order_line.ol_d_id = customer.c_d_id))","Join Filter":"((((n1.n_name)::text = 'Germany'::text) AND ((n2.n_name)::text = 'Cambodia'::text)) OR (((n1.n_name)::text = 'Cambodia'::text) AND ((n2.n_name)::text = 'Germany'::text)))","Rows Removed by Join Filter":11453,"Shared Hit Blocks":44124,"Shared Read Blocks":0,"Shared Dirtied Blocks":0,"Shared Written Blocks":0,"Local Hit Blocks":0,"Local Read Blocks":0,"Local Dirtied Blocks":0,"Local Written Blocks":0,"Temp Read Blocks":41796,"Temp Written Blocks":41814,"I/O Read Time":0.0,"I/O Write Time":0.0,"Temp I/O Read Time":63.422,"Temp I/O Write Time":192.391,"Plans":[{"Node Type":"Sort","Parent Relationship":"Outer","Parallel Aware":false,"Async Capable":false,"Startup Cost":1572247.16,"Total Cost":1573660.56,"Plan Rows":565362,"Plan Width":36,"Actual Startup Time":12502.846,"Actual Total Time":12673.852,"Actual Rows":485009,"Actual Loops":1,"Output":["supplier.su_nationkey","order_line.ol_amount","order_line.ol_w_id","order_line.ol_d_id","orders.o_entry_d","orders.o_w_id","orders.o_d_id","orders.o_c_id","n1.n_name"],"Sort Key":["orders.o_c_id","order_line.ol_w_id","order_line.ol_d_id"],"Sort Method":"external merge","Sort Space Used":24000,"Sort Space Type":"Disk","Shared Hit Blocks":44123,"Shared Read Blocks":0,"Shared Dirtied Blocks":0,"Shared Written Blocks":0,"Local Hit Blocks":0,"Local Read Blocks":0,"Local Dirtied Blocks":0,"Local Written Blocks":0,"Temp Read Blocks":40706,"Temp Written Blocks":40718,"I/O Read Time":0.0,"I/O Write Time":0.0,"Temp I/O Read Time":62.011,"Temp I/O Write Time":188.175,"Plans":[{"Node Type":"Hash Join","Parent Relationship":"Outer","Parallel Aware":false,"Async Capable":false,"Join Type":"Inner","Startup Cost":318158.84,"Total Cost":1502770.67,"Plan Rows":565362,"Plan Width":36,"Actual Startup Time":2774.283,"Actual Total Time":12254.203,"Actual Rows":485009,"Actual Loops":1,"Output":["supplier.su_nationkey","order_line.ol_amount","order_line.ol_w_id","order_line.ol_d_id","orders.o_entry_d","orders.o_w_id","orders.o_d_id","orders.o_c_id","n1.n_name"],"Hash Cond":"((order_line.ol_w_id = orders.o_w_id) AND (order_line.ol_d_id = orders.o_d_id) AND (order_line.ol_o_id = orders.o_id))","Shared Hit Blocks":44123,"Shared Read Blocks":0,"Shared Dirtied Blocks":0,"Shared Written Blocks":0,"Local Hit Blocks":0,"Local Read Blocks":0,"Local Dirtied Blocks":0,"Local Written Blocks":0,"Temp Read Blocks":37706,"Temp Written Blocks":37706,"I/O Read Time":0.0,"I/O Write Time":0.0,"Temp I/O Read Time":57.574,"Temp I/O Write Time":176.748,"Plans":[{"Node Type":"Hash Join","Parent Relationship":"Outer","Parallel Aware":false,"Async Capable":false,"Join Type":"Inner","Startup Cost":58966.57,"Total Cost":1196252.47,"Plan Rows":565705,"Plan Width":28,"Actual Startup Time":952.256,"Actual Total Time":9750.522,"Actual Rows":485009,"Actual Loops":1,"Output":["supplier.su_nationkey","order_line.ol_amount","order_line.ol_w_id","order_line.ol_d_id","order_line.ol_o_id","n1.n_name"],"Hash Cond":"(supplier.su_nationkey = n1.n_nationkey)","Shared Hit Blocks":1,"Shared Read Blocks":0,"Shared Dirtied Blocks":0,"Shared Written Blocks":0,"Local Hit Blocks":0,"Local Read Blocks":0,"Local Dirtied Blocks":0,"Local Written Blocks":0,"Temp Read Blocks":0,"Temp Written Blocks":0,"I/O Read Time":0.0,"I/O Write Time":0.0,"Temp I/O Read Time":0.0,"Temp I/O Write Time":0.0,"Plans":[{"Node Type":"Hash Join","Parent Relationship":"Outer","Parallel Aware":false,"Async Capable":false,"Join Type":"Inner","Startup Cost":58964.62,"Total Cost":1147069.5,"Plan Rows":17536869,"Plan Width":20,"Actual Startup Time":952.093,"Actual Total Time":8535.377,"Actual Rows":17139931,"Actual Loops":1,"Output":["supplier.su_nationkey","order_line.ol_amount","order_line.ol_w_id","order_line.ol_d_id","order_line.ol_o_id"],"Hash Cond":"(mod((stock.s_w_id * stock.s_i_id), 10000) = supplier.su_suppkey)","Shared Hit Blocks":0,"Shared Read Blocks":0,"Shared Dirtied Blocks":0,"Shared Written Blocks":0,"Local Hit Blocks":0,"Local Read Blocks":0,"Local Dirtied Blocks":0,"Local Written Blocks":0,"Temp Read Blocks":0,"Temp Written Blocks":0,"I/O Read Time":0.0,"I/O Write Time":0.0,"Temp I/O Read Time":0.0,"Temp I/O Write Time":0.0,"Plans":[{"Node Type":"Hash Join","Parent Relationship":"Outer","Parallel Aware":false,"Async Capable":false,"Join Type":"Inner","Startup Cost":58620.59,"Total Cost":1096283.52,"Plan Rows":17536869,"Plan Width":22,"Actual Startup Time":948.953,"Actual Total Time":5154.877,"Actual Rows":17139931,"Actual Loops":1,"Output":["stock.s_w_id","stock.s_i_id","order_line.ol_amount","order_line.ol_w_id","order_line.ol_d_id","order_line.ol_o_id"],"Hash Cond":"((order_line.ol_supply_w_id = stock.s_w_id) AND (order_line.ol_i_id = stock.s_i_id))","Rows Removed by Bloom Filter":0,"Shared Hit Blocks":0,"Shared Read Blocks":0,"Shared Dirtied Blocks":0,"Shared Written Blocks":0,"Local Hit Blocks":0,"Local Read Blocks":0,"Local Dirtied Blocks":0,"Local Written Blocks":0,"Temp Read Blocks":0,"Temp Written Blocks":0,"I/O Read Time":0.0,"I/O Write Time":0.0,"Temp I/O Read Time":0.0,"Temp I/O Write Time":0.0,"Plans":[{"Node Type":"Append","Parent Relationship":"Outer","Parallel Aware":false,"Async Capable":false,"Startup Cost":20.0,"Total Cost":482290.51,"Plan Rows":17536869,"Plan Width":22,"Actual Startup Time":25.757,"Actual Total Time":25.763,"Actual Rows":17139931,"Actual Loops":1,"Shared Hit Blocks":0,"Shared Read Blocks":0,"Shared Dirtied Blocks":0,"Shared Written Blocks":0,"Local Hit Blocks":0,"Local Read Blocks":0,"Local Dirtied Blocks":0,"Local Written Blocks":0,"Temp Read Blocks":0,"Temp Written Blocks":0,"I/O Read Time":0.0,"I/O Write Time":0.0,"Temp I/O Read Time":0.0,"Temp I/O Write Time":0.0,"Subplans Removed":0,"Plans":[{"Node Type":"Custom Scan","Parent Relationship":"Member","Custom Plan Provider":"columnar scan","Parallel Aware":false,"Async Capable":false,"Relation Name":"order_line","Schema":"public","Alias":"order_line","Startup Cost":20.0,"Total Cost":482285.56,"Plan Rows":17536851,"Plan Width":22,"Actual Startup Time":25.755,"Actual Total Time":25.756,"Actual Rows":17139931,"Actual Loops":1,"Output":["order_line.ol_amount","order_line.ol_supply_w_id","order_line.ol_i_id","order_line.ol_w_id","order_line.ol_d_id","order_line.ol_o_id"],"Filter":"((order_line.ol_delivery_d <= '1997-01-01 20:10:02.27764'::timestamp without time zone) AND (order_line.ol_delivery_d >= '1995-01-02 20:10:02.27764'::timestamp without time zone))","Rows Removed by Filter":0,"Rows Removed by Columnar Filter":42853830,"Columnar cache search mode":"native","Shared Hit Blocks":0,"Shared Read Blocks":0,"Shared Dirtied Blocks":0,"Shared Written Blocks":0,"Local Hit Blocks":0,"Local Read Blocks":0,"Local Dirtied Blocks":0,"Local Written Blocks":0,"Temp Read Blocks":0,"Temp Written Blocks":0,"I/O Read Time":0.0,"I/O Write Time":0.0,"Temp I/O Read Time":0.0,"Temp I/O Write Time":0.0},{"Node Type":"Seq Scan","Parent Relationship":"Member","Parallel Aware":false,"Async Capable":false,"Relation Name":"order_line","Schema":"public","Alias":"order_line","Startup Cost":0.0,"Total Cost":4.95,"Plan Rows":18,"Plan Width":22,"Actual Startup Time":0.0,"Actual Total Time":0.0,"Actual Rows":0,"Actual Loops":0,"Output":["order_line.ol_amount","order_line.ol_supply_w_id","order_line.ol_i_id","order_line.ol_w_id","order_line.ol_d_id","order_line.ol_o_id"],"Filter":"((order_line.ol_delivery_d <= '1997-01-01 20:10:02.27764'::timestamp without time zone) AND (order_line.ol_delivery_d >= '1995-01-02 20:10:02.27764'::timestamp without time zone))","Rows Removed by Filter":0,"Shared Hit Blocks":0,"Shared Read Blocks":0,"Shared Dirtied Blocks":0,"Shared Written Blocks":0,"Local Hit Blocks":0,"Local Read Blocks":0,"Local Dirtied Blocks":0,"Local Written Blocks":0,"Temp Read Blocks":0,"Temp Written Blocks":0,"I/O Read Time":0.0,"I/O Write Time":0.0,"Temp I/O Read Time":0.0,"Temp I/O Write Time":0.0}]},{"Node Type":"Hash","Parent Relationship":"Inner","Parallel Aware":false,"Async Capable":false,"Startup Cost":390026.22,"Total Cost":390026.22,"Plan Rows":20000212,"Plan Width":6,"Actual Rows":20000000,"Actual Loops":1,"Output":["stock.s_w_id","stock.s_i_id"],"Shared Hit Blocks":0,"Shared Read Blocks":0,"Shared Dirtied Blocks":0,"Shared Written Blocks":0,"Local Hit Blocks":0,"Local Read Blocks":0,"Local Dirtied Blocks":0,"Local Written Blocks":0,"Temp Read Blocks":0,"Temp Written Blocks":0,"I/O Read Time":0.0,"I/O Write Time":0.0,"Temp I/O Read Time":0.0,"Temp I/O Write Time":0.0,"Plans":[{"Node Type":"Append","Parent Relationship":"Outer","Parallel Aware":false,"Async Capable":false,"Startup Cost":20.0,"Total Cost":390026.22,"Plan Rows":20000212,"Plan Width":6,"Actual Startup Time":0.394,"Actual Total Time":0.397,"Actual Rows":20000000,"Actual Loops":1,"Shared Hit Blocks":0,"Shared Read Blocks":0,"Shared Dirtied Blocks":0,"Shared Written Blocks":0,"Local Hit Blocks":0,"Local Read Blocks":0,"Local Dirtied Blocks":0,"Local Written Blocks":0,"Temp Read Blocks":0,"Temp Written Blocks":0,"I/O Read Time":0.0,"I/O Write Time":0.0,"Temp I/O Read Time":0.0,"Temp I/O Write Time":0.0,"Subplans Removed":0,"Plans":[{"Node Type":"Custom Scan","Parent Relationship":"Member","Custom Plan Provider":"columnar scan","Parallel Aware":false,"Async Capable":false,"Relation Name":"stock","Schema":"public","Alias":"stock","Startup Cost":20.0,"Total Cost":390020.1,"Plan Rows":20000000,"Plan Width":6,"Actual Startup Time":0.394,"Actual Total Time":0.395,"Actual Rows":20000000,"Actual Loops":1,"Output":["stock.s_w_id","stock.s_i_id"],"Rows Removed by Columnar Filter":0,"Columnar cache search mode":"native","Shared Hit Blocks":0,"Shared Read Blocks":0,"Shared Dirtied Blocks":0,"Shared Written Blocks":0,"Local Hit Blocks":0,"Local Read Blocks":0,"Local Dirtied Blocks":0,"Local Written Blocks":0,"Temp Read Blocks":0,"Temp Written Blocks":0,"I/O Read Time":0.0,"I/O Write Time":0.0,"Temp I/O Read Time":0.0,"Temp I/O Write Time":0.0},{"Node Type":"Seq Scan","Parent Relationship":"Member","Parallel Aware":false,"Async Capable":false,"Relation Name":"stock","Schema":"public","Alias":"stock","Startup Cost":0.0,"Total Cost":6.12,"Plan Rows":212,"Plan Width":6,"Actual Startup Time":0.0,"Actual Total Time":0.0,"Actual Rows":0,"Actual Loops":0,"Output":["stock.s_w_id","stock.s_i_id"],"Shared Hit Blocks":0,"Shared Read Blocks":0,"Shared Dirtied Blocks":0,"Shared Written Blocks":0,"Local Hit Blocks":0,"Local Read Blocks":0,"Local Dirtied Blocks":0,"Local Written Blocks":0,"Temp Read Blocks":0,"Temp Written Blocks":0,"I/O Read Time":0.0,"I/O Write Time":0.0,"Temp I/O Read Time":0.0,"Temp I/O Write Time":0.0}]}]}]},{"Node Type":"Hash","Parent Relationship":"Inner","Parallel Aware":false,"Async Capable":false,"Startup Cost":219.01,"Total Cost":219.01,"Plan Rows":10001,"Plan Width":8,"Actual Startup Time":3.068,"Actual Total Time":3.071,"Actual Rows":10000,"Actual Loops":1,"Output":["supplier.su_nationkey","supplier.su_suppkey"],"Hash Buckets":16384,"Original Hash Buckets":16384,"Hash Batches":1,"Original Hash Batches":1,"Peak Memory Usage":519,"Shared Hit Blocks":0,"Shared Read Blocks":0,"Shared Dirtied Blocks":0,"Shared Written Blocks":0,"Local Hit Blocks":0,"Local Read Blocks":0,"Local Dirtied Blocks":0,"Local Written Blocks":0,"Temp Read Blocks":0,"Temp Written Blocks":0,"I/O Read Time":0.0,"I/O Write Time":0.0,"Temp I/O Read Time":0.0,"Temp I/O Write Time":0.0,"Plans":[{"Node Type":"Append","Parent Relationship":"Outer","Parallel Aware":false,"Async Capable":false,"Startup Cost":20.0,"Total Cost":219.01,"Plan Rows":10001,"Plan Width":8,"Actual Startup Time":0.012,"Actual Total Time":1.859,"Actual Rows":10000,"Actual Loops":1,"Shared Hit Blocks":0,"Shared Read Blocks":0,"Shared Dirtied Blocks":0,"Shared Written Blocks":0,"Local Hit Blocks":0,"Local Read Blocks":0,"Local Dirtied Blocks":0,"Local Written Blocks":0,"Temp Read Blocks":0,"Temp Written Blocks":0,"I/O Read Time":0.0,"I/O Write Time":0.0,"Temp I/O Read Time":0.0,"Temp I/O Write Time":0.0,"Subplans Removed":0,"Plans":[{"Node Type":"Custom Scan","Parent Relationship":"Member","Custom Plan Provider":"columnar scan","Parallel Aware":false,"Async Capable":false,"Relation Name":"supplier","Schema":"public","Alias":"supplier","Startup Cost":20.0,"Total Cost":215.0,"Plan Rows":10000,"Plan Width":8,"Actual Startup Time":0.011,"Actual Total Time":1.065,"Actual Rows":10000,"Actual Loops":1,"Output":["supplier.su_nationkey","supplier.su_suppkey"],"Rows Removed by Columnar Filter":0,"Columnar cache search mode":"native","Shared Hit Blocks":0,"Shared Read Blocks":0,"Shared Dirtied Blocks":0,"Shared Written Blocks":0,"Local Hit Blocks":0,"Local Read Blocks":0,"Local Dirtied Blocks":0,"Local Written Blocks":0,"Temp Read Blocks":0,"Temp Written Blocks":0,"I/O Read Time":0.0,"I/O Write Time":0.0,"Temp I/O Read Time":0.0,"Temp I/O Write Time":0.0},{"Node Type":"Seq Scan","Parent Relationship":"Member","Parallel Aware":false,"Async Capable":false,"Relation Name":"supplier","Schema":"public","Alias":"supplier","Startup Cost":0.0,"Total Cost":4.01,"Plan Rows":1,"Plan Width":8,"Actual Startup Time":0.0,"Actual Total Time":0.0,"Actual Rows":0,"Actual Loops":0,"Output":["supplier.su_nationkey","supplier.su_suppkey"],"Shared Hit Blocks":0,"Shared Read Blocks":0,"Shared Dirtied Blocks":0,"Shared Written Blocks":0,"Local Hit Blocks":0,"Local Read Blocks":0,"Local Dirtied Blocks":0,"Local Written Blocks":0,"Temp Read Blocks":0,"Temp Written Blocks":0,"I/O Read Time":0.0,"I/O Write Time":0.0,"Temp I/O Read Time":0.0,"Temp I/O Write Time":0.0}]}]}]},{"Node Type":"Hash","Parent Relationship":"Inner","Parallel Aware":false,"Async Capable":false,"Startup Cost":1.93,"Total Cost":1.93,"Plan Rows":2,"Plan Width":12,"Actual Startup Time":0.025,"Actual Total Time":0.026,"Actual Rows":2,"Actual Loops":1,"Output":["n1.n_nationkey","n1.n_name"],"Hash Buckets":1024,"Original Hash Buckets":1024,"Hash Batches":1,"Original Hash Batches":1,"Peak Memory Usage":9,"Shared Hit Blocks":1,"Shared Read Blocks":0,"Shared Dirtied Blocks":0,"Shared Written Blocks":0,"Local Hit Blocks":0,"Local Read Blocks":0,"Local Dirtied Blocks":0,"Local Written Blocks":0,"Temp Read Blocks":0,"Temp Written Blocks":0,"I/O Read Time":0.0,"I/O Write Time":0.0,"Temp I/O Read Time":0.0,"Temp I/O Write Time":0.0,"Plans":[{"Node Type":"Seq Scan","Parent Relationship":"Outer","Parallel Aware":false,"Async Capable":false,"Relation Name":"nation","Schema":"public","Alias":"n1","Startup Cost":0.0,"Total Cost":1.93,"Plan Rows":2,"Plan Width":12,"Actual Startup Time":0.015,"Actual Total Time":0.021,"Actual Rows":2,"Actual Loops":1,"Output":["n1.n_nationkey","n1.n_name"],"Filter":"(((n1.n_name)::text = 'Germany'::text) OR ((n1.n_name)::text = 'Cambodia'::text))","Rows Removed by Filter":60,"Shared Hit Blocks":1,"Shared Read Blocks":0,"Shared Dirtied Blocks":0,"Shared Written Blocks":0,"Local Hit Blocks":0,"Local Read Blocks":0,"Local Dirtied Blocks":0,"Local Written Blocks":0,"Temp Read Blocks":0,"Temp Written Blocks":0,"I/O Read Time":0.0,"I/O Write Time":0.0,"Temp I/O Read Time":0.0,"Temp I/O Write Time":0.0}]}]},{"Node Type":"Hash","Parent Relationship":"Inner","Parallel Aware":false,"Async Capable":false,"Startup Cost":119121.6,"Total Cost":119121.6,"Plan Rows":5996324,"Plan Width":24,"Actual Startup Time":1820.393,"Actual Total Time":1820.394,"Actual Rows":5995789,"Actual Loops":1,"Output":["orders.o_entry_d","orders.o_w_id","orders.o_d_id","orders.o_id","orders.o_c_id"],"Hash Buckets":131072,"Original Hash Buckets":131072,"Hash Batches":64,"Original Hash Batches":64,"Peak Memory Usage":6496,"Shared Hit Blocks":44122,"Shared Read Blocks":0,"Shared Dirtied Blocks":0,"Shared Written Blocks":0,"Local Hit Blocks":0,"Local Read Blocks":0,"Local Dirtied Blocks":0,"Local Written Blocks":0,"Temp Read Blocks":0,"Temp Written Blocks":34552,"I/O Read Time":0.0,"I/O Write Time":0.0,"Temp I/O Read Time":0.0,"Temp I/O Write Time":155.801,"Plans":[{"Node Type":"Seq Scan","Parent Relationship":"Outer","Parallel Aware":false,"Async Capable":false,"Relation Name":"orders","Schema":"public","Alias":"orders","Startup Cost":0.0,"Total Cost":119121.6,"Plan Rows":5996324,"Plan Width":24,"Actual Startup Time":0.022,"Actual Total Time":728.127,"Actual Rows":5995789,"Actual Loops":1,"Output":["orders.o_entry_d","orders.o_w_id","orders.o_d_id","orders.o_id","orders.o_c_id"],"Filter":"(orders.o_entry_d >= '1992-01-02 20:10:02.27764'::timestamp without time zone)","Rows Removed by Filter":4211,"Shared Hit Blocks":44122,"Shared Read Blocks":0,"Shared Dirtied Blocks":0,"Shared Written Blocks":0,"Local Hit Blocks":0,"Local Read Blocks":0,"Local Dirtied Blocks":0,"Local Written Blocks":0,"Temp Read Blocks":0,"Temp Written Blocks":0,"I/O Read Time":0.0,"I/O Write Time":0.0,"Temp I/O Read Time":0.0,"Temp I/O Write Time":0.0}]}]}]},{"Node Type":"Materialize","Parent Relationship":"Inner","Parallel Aware":false,"Async Capable":false,"Startup Cost":547593.19,"Total Cost":548560.96,"Plan Rows":193553,"Plan Width":20,"Actual Startup Time":259.929,"Actual Total Time":331.981,"Actual Rows":293066,"Actual Loops":1,"Output":["customer.c_nationkey","customer.c_id","customer.c_w_id","customer.c_d_id","n2.n_name"],"Shared Hit Blocks":1,"Shared Read Blocks":0,"Shared Dirtied Blocks":0,"Shared Written Blocks":0,"Local Hit Blocks":0,"Local Read Blocks":0,"Local Dirtied Blocks":0,"Local Written Blocks":0,"Temp Read Blocks":1090,"Temp Written Blocks":1096,"I/O Read Time":0.0,"I/O Write Time":0.0,"Temp I/O Read Time":1.411,"Temp I/O Write Time":4.216,"Plans":[{"Node Type":"Sort","Parent Relationship":"Outer","Parallel Aware":false,"Async Capable":false,"Startup Cost":547593.19,"Total Cost":548077.07,"Plan Rows":193553,"Plan Width":20,"Actual Startup Time":259.921,"Actual Total Time":300.242,"Actual Rows":289967,"Actual Loops":1,"Output":["customer.c_nationkey","customer.c_id","customer.c_w_id","customer.c_d_id","n2.n_name"],"Sort Key":["customer.c_id","customer.c_w_id","customer.c_d_id"],"Sort Method":"external merge","Sort Space Used":8720,"Sort Space Type":"Disk","Shared Hit Blocks":1,"Shared Read Blocks":0,"Shared Dirtied Blocks":0,"Shared Written Blocks":0,"Local Hit Blocks":0,"Local Read Blocks":0,"Local Dirtied Blocks":0,"Local Written Blocks":0,"Temp Read Blocks":1090,"Temp Written Blocks":1096,"I/O Read Time":0.0,"I/O Write Time":0.0,"Temp I/O Read Time":1.411,"Temp I/O Write Time":4.216,"Plans":[{"Node Type":"Hash Join","Parent Relationship":"Outer","Parallel Aware":false,"Async Capable":false,"Join Type":"Inner","Startup Cost":21.95,"Total Cost":526624.45,"Plan Rows":193553,"Plan Width":20,"Actual Startup Time":0.427,"Actual Total Time":160.888,"Actual Rows":289972,"Actual Loops":1,"Output":["customer.c_nationkey","customer.c_id","customer.c_w_id","customer.c_d_id","n2.n_name"],"Hash Cond":"(customer.c_nationkey = n2.n_nationkey)","Shared Hit Blocks":1,"Shared Read Blocks":0,"Shared Dirtied Blocks":0,"Shared Written Blocks":0,"Local Hit Blocks":0,"Local Read Blocks":0,"Local Dirtied Blocks":0,"Local Written Blocks":0,"Temp Read Blocks":0,"Temp Written Blocks":0,"I/O Read Time":0.0,"I/O Write Time":0.0,"Temp I/O Read Time":0.0,"Temp I/O Write Time":0.0,"Plans":[{"Node Type":"Append","Parent Relationship":"Outer","Parallel Aware":false,"Async Capable":false,"Startup Cost":20.0,"Total Cost":509795.49,"Plan Rows":6000140,"Plan Width":12,"Actual Startup Time":0.262,"Actual Total Time":106.287,"Actual Rows":289972,"Actual Loops":1,"Shared Hit Blocks":0,"Shared Read Blocks":0,"Shared Dirtied Blocks":0,"Shared Written Blocks":0,"Local Hit Blocks":0,"Local Read Blocks":0,"Local Dirtied Blocks":0,"Local Written Blocks":0,"Temp Read Blocks":0,"Temp Written Blocks":0,"I/O Read Time":0.0,"I/O Write Time":0.0,"Temp I/O Read Time":0.0,"Temp I/O Write Time":0.0,"Subplans Removed":0,"Plans":[{"Node Type":"Custom Scan","Parent Relationship":"Member","Custom Plan Provider":"columnar scan","Parallel Aware":false,"Async Capable":false,"Relation Name":"customer","Schema":"public","Alias":"customer","Startup Cost":20.0,"Total Cost":141020.06,"Plan Rows":6000000,"Plan Width":12,"Actual Startup Time":0.26,"Actual Total Time":85.886,"Actual Rows":289972,"Actual Loops":1,"Output":["customer.c_nationkey","customer.c_id","customer.c_w_id","customer.c_d_id"],"Rows Removed by Columnar Filter":5710028,"Rows Filtered by Bloom Filter":0,"Dictionary Rows Filtered by Bloom Filter":5710028,"Columnar cache search mode":"native","Shared Hit Blocks":0,"Shared Read Blocks":0,"Shared Dirtied Blocks":0,"Shared Written Blocks":0,"Local Hit Blocks":0,"Local Read Blocks":0,"Local Dirtied Blocks":0,"Local Written Blocks":0,"Temp Read Blocks":0,"Temp Written Blocks":0,"I/O Read Time":0.0,"I/O Write Time":0.0,"Temp I/O Read Time":0.0,"Temp I/O Write Time":0.0},{"Node Type":"Seq Scan","Parent Relationship":"Member","Parallel Aware":false,"Async Capable":false,"Relation Name":"customer","Schema":"public","Alias":"customer","Startup Cost":0.0,"Total Cost":5.4,"Plan Rows":140,"Plan Width":12,"Actual Startup Time":0.0,"Actual Total Time":0.0,"Actual Rows":0,"Actual Loops":0,"Output":["customer.c_nationkey","customer.c_id","customer.c_w_id","customer.c_d_id"],"Shared Hit Blocks":0,"Shared Read Blocks":0,"Shared Dirtied Blocks":0,"Shared Written Blocks":0,"Local Hit Blocks":0,"Local Read Blocks":0,"Local Dirtied Blocks":0,"Local Written Blocks":0,"Temp Read Blocks":0,"Temp Written Blocks":0,"I/O Read Time":0.0,"I/O Write Time":0.0,"Temp I/O Read Time":0.0,"Temp I/O Write Time":0.0}]},{"Node Type":"Hash","Parent Relationship":"Inner","Parallel Aware":false,"Async Capable":false,"Startup Cost":1.93,"Total Cost":1.93,"Plan Rows":2,"Plan Width":12,"Actual Startup Time":0.048,"Actual Total Time":0.048,"Actual Rows":2,"Actual Loops":1,"Output":["n2.n_nationkey","n2.n_name"],"Hash Buckets":1024,"Original Hash Buckets":1024,"Hash Batches":1,"Original Hash Batches":1,"Peak Memory Usage":9,"Shared Hit Blocks":1,"Shared Read Blocks":0,"Shared Dirtied Blocks":0,"Shared Written Blocks":0,"Local Hit Blocks":0,"Local Read Blocks":0,"Local Dirtied Blocks":0,"Local Written Blocks":0,"Temp Read Blocks":0,"Temp Written Blocks":0,"I/O Read Time":0.0,"I/O Write Time":0.0,"Temp I/O Read Time":0.0,"Temp I/O Write Time":0.0,"Plans":[{"Node Type":"Seq Scan","Parent Relationship":"Outer","Parallel Aware":false,"Async Capable":false,"Relation Name":"nation","Schema":"public","Alias":"n2","Startup Cost":0.0,"Total Cost":1.93,"Plan Rows":2,"Plan Width":12,"Actual Startup Time":0.035,"Actual Total Time":0.041,"Actual Rows":2,"Actual Loops":1,"Output":["n2.n_nationkey","n2.n_name"],"Filter":"(((n2.n_name)::text = 'Cambodia'::text) OR ((n2.n_name)::text = 'Germany'::text))","Rows Removed by Filter":60,"Shared Hit Blocks":1,"Shared Read Blocks":0,"Shared Dirtied Blocks":0,"Shared Written Blocks":0,"Local Hit Blocks":0,"Local Read Blocks":0,"Local Dirtied Blocks":0,"Local Written Blocks":0,"Temp Read Blocks":0,"Temp Written Blocks":0,"I/O Read Time":0.0,"I/O Write Time":0.0,"Temp I/O Read Time":0.0,"Temp I/O Write Time":0.0}]}]}]}]}]}]}]},"Planning":{"Shared Hit Blocks":152,"Shared Read Blocks":0,"Shared Dirtied Blocks":0,"Shared Written Blocks":0,"Local Hit Blocks":0,"Local Read Blocks":0,"Local Dirtied Blocks":0,"Local Written Blocks":0,"Temp Read Blocks":0,"Temp Written Blocks":0,"I/O Read Time":0.0,"I/O Write Time":0.0,"Temp I/O Read Time":0.0,"Temp I/O Write Time":0.0},"Planning Time":4.36,"Triggers":[],"Execution Time":13121.577}]
[列存组合]: customer, orders, stock, supplier
[{"Plan":{"Node Type":"Aggregate","Strategy":"Sorted","Partial Mode":"Simple","Parallel Aware":false,"Async Capable":false,"Startup Cost":3770668.48,"Total Cost":3770923.3,"Plan Rows":9266,"Plan Width":72,"Actual Startup Time":21610.926,"Actual Total Time":21613.502,"Actual Rows":6,"Actual Loops":1,"Output":["supplier.su_nationkey","customer.c_nationkey","(EXTRACT(year FROM orders.o_entry_d))","sum(order_line.ol_amount)"],"Group Key":["supplier.su_nationkey","customer.c_nationkey","(EXTRACT(year FROM orders.o_entry_d))"],"Shared Hit Blocks":780545,"Shared Read Blocks":0,"Shared Dirtied Blocks":0,"Shared Written Blocks":0,"Local Hit Blocks":0,"Local Read Blocks":0,"Local Dirtied Blocks":0,"Local Written Blocks":0,"Temp Read Blocks":124799,"Temp Written Blocks":124817,"I/O Read Time":0.0,"I/O Write Time":0.0,"Temp I/O Read Time":223.298,"Temp I/O Write Time":550.578,"Plans":[{"Node Type":"Sort","Parent Relationship":"Outer","Parallel Aware":false,"Async Capable":false,"Startup Cost":3770668.48,"Total Cost":3770691.65,"Plan Rows":9266,"Plan Width":44,"Actual Startup Time":21610.819,"Actual Total Time":21611.347,"Actual Rows":12121,"Actual Loops":1,"Output":["supplier.su_nationkey","customer.c_nationkey","(EXTRACT(year FROM orders.o_entry_d))","order_line.ol_amount"],"Sort Key":["supplier.su_nationkey","customer.c_nationkey","(EXTRACT(year FROM orders.o_entry_d))"],"Sort Method":"quicksort","Sort Space Used":1047,"Sort Space Type":"Memory","Shared Hit Blocks":780545,"Shared Read Blocks":0,"Shared Dirtied Blocks":0,"Shared Written Blocks":0,"Local Hit Blocks":0,"Local Read Blocks":0,"Local Dirtied Blocks":0,"Local Written Blocks":0,"Temp Read Blocks":124799,"Temp Written Blocks":124817,"I/O Read Time":0.0,"I/O Write Time":0.0,"Temp I/O Read Time":223.298,"Temp I/O Write Time":550.578,"Plans":[{"Node Type":"Merge Join","Parent Relationship":"Outer","Parallel Aware":false,"Async Capable":false,"Join Type":"Inner","Startup Cost":3761598.13,"Total Cost":3770057.96,"Plan Rows":9266,"Plan Width":44,"Actual Startup Time":21204.747,"Actual Total Time":21607.548,"Actual Rows":12121,"Actual Loops":1,"Output":["supplier.su_nationkey","customer.c_nationkey","EXTRACT(year FROM orders.o_entry_d)","order_line.ol_amount"],"Inner Unique":false,"Merge Cond":"((orders.o_c_id = customer.c_id) AND (order_line.ol_w_id = customer.c_w_id) AND (order_line.ol_d_id = customer.c_d_id))","Join Filter":"((((n1.n_name)::text = 'Germany'::text) AND ((n2.n_name)::text = 'Cambodia'::text)) OR (((n1.n_name)::text = 'Cambodia'::text) AND ((n2.n_name)::text = 'Germany'::text)))","Rows Removed by Join Filter":11453,"Shared Hit Blocks":780545,"Shared Read Blocks":0,"Shared Dirtied Blocks":0,"Shared Written Blocks":0,"Local Hit Blocks":0,"Local Read Blocks":0,"Local Dirtied Blocks":0,"Local Written Blocks":0,"Temp Read Blocks":124799,"Temp Written Blocks":124817,"I/O Read Time":0.0,"I/O Write Time":0.0,"Temp I/O Read Time":223.298,"Temp I/O Write Time":550.578,"Plans":[{"Node Type":"Sort","Parent Relationship":"Outer","Parallel Aware":false,"Async Capable":false,"Startup Cost":3214004.75,"Total Cost":3215418.15,"Plan Rows":565362,"Plan Width":36,"Actual Startup Time":20796.996,"Actual Total Time":20999.504,"Actual Rows":485009,"Actual Loops":1,"Output":["supplier.su_nationkey","order_line.ol_amount","order_line.ol_w_id","order_line.ol_d_id","orders.o_entry_d","orders.o_w_id","orders.o_d_id","orders.o_c_id","n1.n_name"],"Sort Key":["orders.o_c_id","order_line.ol_w_id","order_line.ol_d_id"],"Sort Method":"external merge","Sort Space Used":24000,"Sort Space Type":"Disk","Shared Hit Blocks":780544,"Shared Read Blocks":0,"Shared Dirtied Blocks":0,"Shared Written Blocks":0,"Local Hit Blocks":0,"Local Read Blocks":0,"Local Dirtied Blocks":0,"Local Written Blocks":0,"Temp Read Blocks":123709,"Temp Written Blocks":123721,"I/O Read Time":0.0,"I/O Write Time":0.0,"Temp I/O Read Time":221.265,"Temp I/O Write Time":543.407,"Plans":[{"Node Type":"Hash Join","Parent Relationship":"Outer","Parallel Aware":false,"Async Capable":false,"Join Type":"Inner","Startup Cost":905977.05,"Total Cost":3144528.26,"Plan Rows":565362,"Plan Width":36,"Actual Startup Time":8525.869,"Actual Total Time":20409.765,"Actual Rows":485009,"Actual Loops":1,"Output":["supplier.su_nationkey","order_line.ol_amount","order_line.ol_w_id","order_line.ol_d_id","orders.o_entry_d","orders.o_w_id","orders.o_d_id","orders.o_c_id","n1.n_name"],"Inner Unique":true,"Hash Cond":"((order_line.ol_w_id = orders.o_w_id) AND (order_line.ol_d_id = orders.o_d_id) AND (order_line.ol_o_id = orders.o_id))","Shared Hit Blocks":780544,"Shared Read Blocks":0,"Shared Dirtied Blocks":0,"Shared Written Blocks":0,"Local Hit Blocks":0,"Local Read Blocks":0,"Local Dirtied Blocks":0,"Local Written Blocks":0,"Temp Read Blocks":120709,"Temp Written Blocks":120709,"I/O Read Time":0.0,"I/O Write Time":0.0,"Temp I/O Read Time":215.288,"Temp I/O Write Time":525.779,"Plans":[{"Node Type":"Hash Join","Parent Relationship":"Outer","Parallel Aware":false,"Async Capable":false,"Join Type":"Inner","Startup Cost":646784.78,"Total Cost":2838010.06,"Plan Rows":565705,"Plan Width":28,"Actual Startup Time":6713.614,"Actual Total Time":17587.794,"Actual Rows":485009,"Actual Loops":1,"Output":["supplier.su_nationkey","order_line.ol_amount","order_line.ol_w_id","order_line.ol_d_id","order_line.ol_o_id","n1.n_name"],"Inner Unique":false,"Hash Cond":"((order_line.ol_supply_w_id = stock.s_w_id) AND (order_line.ol_i_id = stock.s_i_id))","Shared Hit Blocks":736422,"Shared Read Blocks":0,"Shared Dirtied Blocks":0,"Shared Written Blocks":0,"Local Hit Blocks":0,"Local Read Blocks":0,"Local Dirtied Blocks":0,"Local Written Blocks":0,"Temp Read Blocks":83003,"Temp Written Blocks":83003,"I/O Read Time":0.0,"I/O Write Time":0.0,"Temp I/O Read Time":127.32,"Temp I/O Write Time":350.916,"Plans":[{"Node Type":"Seq Scan","Parent Relationship":"Outer","Parallel Aware":false,"Async Capable":false,"Relation Name":"order_line","Schema":"public","Alias":"order_line","Startup Cost":0.0,"Total Cost":1581655.36,"Plan Rows":17536869,"Plan Width":22,"Actual Startup Time":6.489,"Actual Total Time":5715.892,"Actual Rows":17139931,"Actual Loops":1,"Output":["order_line.ol_amount","order_line.ol_supply_w_id","order_line.ol_i_id","order_line.ol_w_id","order_line.ol_d_id","order_line.ol_o_id"],"Filter":"((order_line.ol_delivery_d >= '1995-01-02 20:10:02.27764'::timestamp without time zone) AND (order_line.ol_delivery_d <= '1997-01-01 20:10:02.27764'::timestamp without time zone))","Rows Removed by Filter":42853830,"Shared Hit Blocks":681748,"Shared Read Blocks":0,"Shared Dirtied Blocks":0,"Shared Written Blocks":0,"Local Hit Blocks":0,"Local Read Blocks":0,"Local Dirtied Blocks":0,"Local Written Blocks":0,"Temp Read Blocks":0,"Temp Written Blocks":0,"I/O Read Time":0.0,"I/O Write Time":0.0,"Temp I/O Read Time":0.0,"Temp I/O Write Time":0.0},{"Node Type":"Hash","Parent Relationship":"Inner","Parallel Aware":false,"Async Capable":false,"Startup Cost":633326.26,"Total Cost":633326.26,"Plan Rows":645168,"Plan Width":18,"Actual Startup Time":6706.555,"Actual Total Time":6706.568,"Actual Rows":566400,"Actual Loops":1,"Output":["supplier.su_nationkey","stock.s_w_id","stock.s_i_id","n1.n_name"],"Hash Buckets":131072,"Original Hash Buckets":131072,"Hash Batches":8,"Original Hash Batches":8,"Peak Memory Usage":4646,"Shared Hit Blocks":54674,"Shared Read Blocks":0,"Shared Dirtied Blocks":0,"Shared Written Blocks":0,"Local Hit Blocks":0,"Local Read Blocks":0,"Local Dirtied Blocks":0,"Local Written Blocks":0,"Temp Read Blocks":0,"Temp Written Blocks":2445,"I/O Read Time":0.0,"I/O Write Time":0.0,"Temp I/O Read Time":0.0,"Temp I/O Write Time":12.798,"Plans":[{"Node Type":"Hash Join","Parent Relationship":"Outer","Parallel Aware":false,"Async Capable":false,"Join Type":"Inner","Startup Cost":346.42,"Total Cost":633326.26,"Plan Rows":645168,"Plan Width":18,"Actual Startup Time":3.157,"Actual Total Time":6598.193,"Actual Rows":566400,"Actual Loops":1,"Output":["supplier.su_nationkey","stock.s_w_id","stock.s_i_id","n1.n_name"],"Inner Unique":true,"Hash Cond":"(supplier.su_nationkey = n1.n_nationkey)","Shared Hit Blocks":54674,"Shared Read Blocks":0,"Shared Dirtied Blocks":0,"Shared Written Blocks":0,"Local Hit Blocks":0,"Local Read Blocks":0,"Local Dirtied Blocks":0,"Local Written Blocks":0,"Temp Read Blocks":0,"Temp Written Blocks":0,"I/O Read Time":0.0,"I/O Write Time":0.0,"Temp I/O Read Time":0.0,"Temp I/O Write Time":0.0,"Plans":[{"Node Type":"Hash Join","Parent Relationship":"Outer","Parallel Aware":false,"Async Capable":false,"Join Type":"Inner","Startup Cost":344.46,"Total Cost":577235.0,"Plan Rows":20000212,"Plan Width":10,"Actual Startup Time":3.122,"Actual Total Time":5200.087,"Actual Rows":20000000,"Actual Loops":1,"Output":["supplier.su_nationkey","stock.s_w_id","stock.s_i_id"],"Inner Unique":true,"Hash Cond":"(mod((stock.s_w_id * stock.s_i_id), 10000) = supplier.su_suppkey)","Shared Hit Blocks":54673,"Shared Read Blocks":0,"Shared Dirtied Blocks":0,"Shared Written Blocks":0,"Local Hit Blocks":0,"Local Read Blocks":0,"Local Dirtied Blocks":0,"Local Written Blocks":0,"Temp Read Blocks":0,"Temp Written Blocks":0,"I/O Read Time":0.0,"I/O Write Time":0.0,"Temp I/O Read Time":0.0,"Temp I/O Write Time":0.0,"Plans":[{"Node Type":"Index Only Scan","Parent Relationship":"Outer","Parallel Aware":false,"Async Capable":false,"Scan Direction":"Forward","Index Name":"stock_pk","Relation Name":"stock","Schema":"public","Alias":"stock","Startup Cost":0.44,"Total Cost":519363.62,"Plan Rows":20000212,"Plan Width":6,"Actual Startup Time":0.02,"Actual Total Time":1527.668,"Actual Rows":20000000,"Actual Loops":1,"Output":["stock.s_w_id","stock.s_i_id"],"Heap Fetches":0,"Shared Hit Blocks":54673,"Shared Read Blocks":0,"Shared Dirtied Blocks":0,"Shared Written Blocks":0,"Local Hit Blocks":0,"Local Read Blocks":0,"Local Dirtied Blocks":0,"Local Written Blocks":0,"Temp Read Blocks":0,"Temp Written Blocks":0,"I/O Read Time":0.0,"I/O Write Time":0.0,"Temp I/O Read Time":0.0,"Temp I/O Write Time":0.0},{"Node Type":"Hash","Parent Relationship":"Inner","Parallel Aware":false,"Async Capable":false,"Startup Cost":219.01,"Total Cost":219.01,"Plan Rows":10001,"Plan Width":8,"Actual Startup Time":3.05,"Actual Total Time":3.053,"Actual Rows":10000,"Actual Loops":1,"Output":["supplier.su_nationkey","supplier.su_suppkey"],"Hash Buckets":16384,"Original Hash Buckets":16384,"Hash Batches":1,"Original Hash Batches":1,"Peak Memory Usage":519,"Shared Hit Blocks":0,"Shared Read Blocks":0,"Shared Dirtied Blocks":0,"Shared Written Blocks":0,"Local Hit Blocks":0,"Local Read Blocks":0,"Local Dirtied Blocks":0,"Local Written Blocks":0,"Temp Read Blocks":0,"Temp Written Blocks":0,"I/O Read Time":0.0,"I/O Write Time":0.0,"Temp I/O Read Time":0.0,"Temp I/O Write Time":0.0,"Plans":[{"Node Type":"Append","Parent Relationship":"Outer","Parallel Aware":false,"Async Capable":false,"Startup Cost":20.0,"Total Cost":219.01,"Plan Rows":10001,"Plan Width":8,"Actual Startup Time":0.027,"Actual Total Time":1.759,"Actual Rows":10000,"Actual Loops":1,"Shared Hit Blocks":0,"Shared Read Blocks":0,"Shared Dirtied Blocks":0,"Shared Written Blocks":0,"Local Hit Blocks":0,"Local Read Blocks":0,"Local Dirtied Blocks":0,"Local Written Blocks":0,"Temp Read Blocks":0,"Temp Written Blocks":0,"I/O Read Time":0.0,"I/O Write Time":0.0,"Temp I/O Read Time":0.0,"Temp I/O Write Time":0.0,"Subplans Removed":0,"Plans":[{"Node Type":"Custom Scan","Parent Relationship":"Member","Custom Plan Provider":"columnar scan","Parallel Aware":false,"Async Capable":false,"Relation Name":"supplier","Schema":"public","Alias":"supplier","Startup Cost":20.0,"Total Cost":215.0,"Plan Rows":10000,"Plan Width":8,"Actual Startup Time":0.025,"Actual Total Time":1.072,"Actual Rows":10000,"Actual Loops":1,"Output":["supplier.su_nationkey","supplier.su_suppkey"],"Rows Removed by Columnar Filter":0,"Columnar cache search mode":"native","Shared Hit Blocks":0,"Shared Read Blocks":0,"Shared Dirtied Blocks":0,"Shared Written Blocks":0,"Local Hit Blocks":0,"Local Read Blocks":0,"Local Dirtied Blocks":0,"Local Written Blocks":0,"Temp Read Blocks":0,"Temp Written Blocks":0,"I/O Read Time":0.0,"I/O Write Time":0.0,"Temp I/O Read Time":0.0,"Temp I/O Write Time":0.0},{"Node Type":"Seq Scan","Parent Relationship":"Member","Parallel Aware":false,"Async Capable":false,"Relation Name":"supplier","Schema":"public","Alias":"supplier","Startup Cost":0.0,"Total Cost":4.01,"Plan Rows":1,"Plan Width":8,"Actual Startup Time":0.0,"Actual Total Time":0.0,"Actual Rows":0,"Actual Loops":0,"Output":["supplier.su_nationkey","supplier.su_suppkey"],"Shared Hit Blocks":0,"Shared Read Blocks":0,"Shared Dirtied Blocks":0,"Shared Written Blocks":0,"Local Hit Blocks":0,"Local Read Blocks":0,"Local Dirtied Blocks":0,"Local Written Blocks":0,"Temp Read Blocks":0,"Temp Written Blocks":0,"I/O Read Time":0.0,"I/O Write Time":0.0,"Temp I/O Read Time":0.0,"Temp I/O Write Time":0.0}]}]}]},{"Node Type":"Hash","Parent Relationship":"Inner","Parallel Aware":false,"Async Capable":false,"Startup Cost":1.93,"Total Cost":1.93,"Plan Rows":2,"Plan Width":12,"Actual Startup Time":0.024,"Actual Total Time":0.026,"Actual Rows":2,"Actual Loops":1,"Output":["n1.n_nationkey","n1.n_name"],"Hash Buckets":1024,"Original Hash Buckets":1024,"Hash Batches":1,"Original Hash Batches":1,"Peak Memory Usage":9,"Shared Hit Blocks":1,"Shared Read Blocks":0,"Shared Dirtied Blocks":0,"Shared Written Blocks":0,"Local Hit Blocks":0,"Local Read Blocks":0,"Local Dirtied Blocks":0,"Local Written Blocks":0,"Temp Read Blocks":0,"Temp Written Blocks":0,"I/O Read Time":0.0,"I/O Write Time":0.0,"Temp I/O Read Time":0.0,"Temp I/O Write Time":0.0,"Plans":[{"Node Type":"Seq Scan","Parent Relationship":"Outer","Parallel Aware":false,"Async Capable":false,"Relation Name":"nation","Schema":"public","Alias":"n1","Startup Cost":0.0,"Total Cost":1.93,"Plan Rows":2,"Plan Width":12,"Actual Startup Time":0.01,"Actual Total Time":0.019,"Actual Rows":2,"Actual Loops":1,"Output":["n1.n_nationkey","n1.n_name"],"Filter":"(((n1.n_name)::text = 'Germany'::text) OR ((n1.n_name)::text = 'Cambodia'::text))","Rows Removed by Filter":60,"Shared Hit Blocks":1,"Shared Read Blocks":0,"Shared Dirtied Blocks":0,"Shared Written Blocks":0,"Local Hit Blocks":0,"Local Read Blocks":0,"Local Dirtied Blocks":0,"Local Written Blocks":0,"Temp Read Blocks":0,"Temp Written Blocks":0,"I/O Read Time":0.0,"I/O Write Time":0.0,"Temp I/O Read Time":0.0,"Temp I/O Write Time":0.0}]}]}]}]},{"Node Type":"Hash","Parent Relationship":"Inner","Parallel Aware":false,"Async Capable":false,"Startup Cost":119121.6,"Total Cost":119121.6,"Plan Rows":5996324,"Plan Width":24,"Actual Startup Time":1801.261,"Actual Total Time":1801.262,"Actual Rows":5995789,"Actual Loops":1,"Output":["orders.o_entry_d","orders.o_w_id","orders.o_d_id","orders.o_id","orders.o_c_id"],"Hash Buckets":131072,"Original Hash Buckets":131072,"Hash Batches":64,"Original Hash Batches":64,"Peak Memory Usage":6496,"Shared Hit Blocks":44122,"Shared Read Blocks":0,"Shared Dirtied Blocks":0,"Shared Written Blocks":0,"Local Hit Blocks":0,"Local Read Blocks":0,"Local Dirtied Blocks":0,"Local Written Blocks":0,"Temp Read Blocks":0,"Temp Written Blocks":34552,"I/O Read Time":0.0,"I/O Write Time":0.0,"Temp I/O Read Time":0.0,"Temp I/O Write Time":155.905,"Plans":[{"Node Type":"Seq Scan","Parent Relationship":"Outer","Parallel Aware":false,"Async Capable":false,"Relation Name":"orders","Schema":"public","Alias":"orders","Startup Cost":0.0,"Total Cost":119121.6,"Plan Rows":5996324,"Plan Width":24,"Actual Startup Time":0.015,"Actual Total Time":729.076,"Actual Rows":5995789,"Actual Loops":1,"Output":["orders.o_entry_d","orders.o_w_id","orders.o_d_id","orders.o_id","orders.o_c_id"],"Filter":"(orders.o_entry_d >= '1992-01-02 20:10:02.27764'::timestamp without time zone)","Rows Removed by Filter":4211,"Shared Hit Blocks":44122,"Shared Read Blocks":0,"Shared Dirtied Blocks":0,"Shared Written Blocks":0,"Local Hit Blocks":0,"Local Read Blocks":0,"Local Dirtied Blocks":0,"Local Written Blocks":0,"Temp Read Blocks":0,"Temp Written Blocks":0,"I/O Read Time":0.0,"I/O Write Time":0.0,"Temp I/O Read Time":0.0,"Temp I/O Write Time":0.0}]}]}]},{"Node Type":"Materialize","Parent Relationship":"Inner","Parallel Aware":false,"Async Capable":false,"Startup Cost":547593.19,"Total Cost":548560.96,"Plan Rows":193553,"Plan Width":20,"Actual Startup Time":407.683,"Actual Total Time":493.021,"Actual Rows":293066,"Actual Loops":1,"Output":["customer.c_nationkey","customer.c_id","customer.c_w_id","customer.c_d_id","n2.n_name"],"Shared Hit Blocks":1,"Shared Read Blocks":0,"Shared Dirtied Blocks":0,"Shared Written Blocks":0,"Local Hit Blocks":0,"Local Read Blocks":0,"Local Dirtied Blocks":0,"Local Written Blocks":0,"Temp Read Blocks":1090,"Temp Written Blocks":1096,"I/O Read Time":0.0,"I/O Write Time":0.0,"Temp I/O Read Time":2.033,"Temp I/O Write Time":7.171,"Plans":[{"Node Type":"Sort","Parent Relationship":"Outer","Parallel Aware":false,"Async Capable":false,"Startup Cost":547593.19,"Total Cost":548077.07,"Plan Rows":193553,"Plan Width":20,"Actual Startup Time":407.667,"Actual Total Time":455.559,"Actual Rows":289967,"Actual Loops":1,"Output":["customer.c_nationkey","customer.c_id","customer.c_w_id","customer.c_d_id","n2.n_name"],"Sort Key":["customer.c_id","customer.c_w_id","customer.c_d_id"],"Sort Method":"external merge","Sort Space Used":8720,"Sort Space Type":"Disk","Shared Hit Blocks":1,"Shared Read Blocks":0,"Shared Dirtied Blocks":0,"Shared Written Blocks":0,"Local Hit Blocks":0,"Local Read Blocks":0,"Local Dirtied Blocks":0,"Local Written Blocks":0,"Temp Read Blocks":1090,"Temp Written Blocks":1096,"I/O Read Time":0.0,"I/O Write Time":0.0,"Temp I/O Read Time":2.033,"Temp I/O Write Time":7.171,"Plans":[{"Node Type":"Hash Join","Parent Relationship":"Outer","Parallel Aware":false,"Async Capable":false,"Join Type":"Inner","Startup Cost":21.95,"Total Cost":526624.45,"Plan Rows":193553,"Plan Width":20,"Actual Startup Time":1.129,"Actual Total Time":249.886,"Actual Rows":289972,"Actual Loops":1,"Output":["customer.c_nationkey","customer.c_id","customer.c_w_id","customer.c_d_id","n2.n_name"],"Inner Unique":true,"Hash Cond":"(customer.c_nationkey = n2.n_nationkey)","Shared Hit Blocks":1,"Shared Read Blocks":0,"Shared Dirtied Blocks":0,"Shared Written Blocks":0,"Local Hit Blocks":0,"Local Read Blocks":0,"Local Dirtied Blocks":0,"Local Written Blocks":0,"Temp Read Blocks":0,"Temp Written Blocks":0,"I/O Read Time":0.0,"I/O Write Time":0.0,"Temp I/O Read Time":0.0,"Temp I/O Write Time":0.0,"Plans":[{"Node Type":"Append","Parent Relationship":"Outer","Parallel Aware":false,"Async Capable":false,"Startup Cost":20.0,"Total Cost":509795.49,"Plan Rows":6000140,"Plan Width":12,"Actual Startup Time":0.412,"Actual Total Time":165.498,"Actual Rows":289972,"Actual Loops":1,"Shared Hit Blocks":0,"Shared Read Blocks":0,"Shared Dirtied Blocks":0,"Shared Written Blocks":0,"Local Hit Blocks":0,"Local Read Blocks":0,"Local Dirtied Blocks":0,"Local Written Blocks":0,"Temp Read Blocks":0,"Temp Written Blocks":0,"I/O Read Time":0.0,"I/O Write Time":0.0,"Temp I/O Read Time":0.0,"Temp I/O Write Time":0.0,"Subplans Removed":0,"Plans":[{"Node Type":"Custom Scan","Parent Relationship":"Member","Custom Plan Provider":"columnar scan","Parallel Aware":false,"Async Capable":false,"Relation Name":"customer","Schema":"public","Alias":"customer","Startup Cost":20.0,"Total Cost":141020.06,"Plan Rows":6000000,"Plan Width":12,"Actual Startup Time":0.408,"Actual Total Time":133.572,"Actual Rows":289972,"Actual Loops":1,"Output":["customer.c_nationkey","customer.c_id","customer.c_w_id","customer.c_d_id"],"Rows Removed by Columnar Filter":5710028,"Rows Filtered by Bloom Filter":0,"Dictionary Rows Filtered by Bloom Filter":5710028,"Columnar cache search mode":"native","Shared Hit Blocks":0,"Shared Read Blocks":0,"Shared Dirtied Blocks":0,"Shared Written Blocks":0,"Local Hit Blocks":0,"Local Read Blocks":0,"Local Dirtied Blocks":0,"Local Written Blocks":0,"Temp Read Blocks":0,"Temp Written Blocks":0,"I/O Read Time":0.0,"I/O Write Time":0.0,"Temp I/O Read Time":0.0,"Temp I/O Write Time":0.0},{"Node Type":"Seq Scan","Parent Relationship":"Member","Parallel Aware":false,"Async Capable":false,"Relation Name":"customer","Schema":"public","Alias":"customer","Startup Cost":0.0,"Total Cost":5.4,"Plan Rows":140,"Plan Width":12,"Actual Startup Time":0.0,"Actual Total Time":0.0,"Actual Rows":0,"Actual Loops":0,"Output":["customer.c_nationkey","customer.c_id","customer.c_w_id","customer.c_d_id"],"Shared Hit Blocks":0,"Shared Read Blocks":0,"Shared Dirtied Blocks":0,"Shared Written Blocks":0,"Local Hit Blocks":0,"Local Read Blocks":0,"Local Dirtied Blocks":0,"Local Written Blocks":0,"Temp Read Blocks":0,"Temp Written Blocks":0,"I/O Read Time":0.0,"I/O Write Time":0.0,"Temp I/O Read Time":0.0,"Temp I/O Write Time":0.0}]},{"Node Type":"Hash","Parent Relationship":"Inner","Parallel Aware":false,"Async Capable":false,"Startup Cost":1.93,"Total Cost":1.93,"Plan Rows":2,"Plan Width":12,"Actual Startup Time":0.077,"Actual Total Time":0.077,"Actual Rows":2,"Actual Loops":1,"Output":["n2.n_nationkey","n2.n_name"],"Hash Buckets":1024,"Original Hash Buckets":1024,"Hash Batches":1,"Original Hash Batches":1,"Peak Memory Usage":9,"Shared Hit Blocks":1,"Shared Read Blocks":0,"Shared Dirtied Blocks":0,"Shared Written Blocks":0,"Local Hit Blocks":0,"Local Read Blocks":0,"Local Dirtied Blocks":0,"Local Written Blocks":0,"Temp Read Blocks":0,"Temp Written Blocks":0,"I/O Read Time":0.0,"I/O Write Time":0.0,"Temp I/O Read Time":0.0,"Temp I/O Write Time":0.0,"Plans":[{"Node Type":"Seq Scan","Parent Relationship":"Outer","Parallel Aware":false,"Async Capable":false,"Relation Name":"nation","Schema":"public","Alias":"n2","Startup Cost":0.0,"Total Cost":1.93,"Plan Rows":2,"Plan Width":12,"Actual Startup Time":0.056,"Actual Total Time":0.065,"Actual Rows":2,"Actual Loops":1,"Output":["n2.n_nationkey","n2.n_name"],"Filter":"(((n2.n_name)::text = 'Cambodia'::text) OR ((n2.n_name)::text = 'Germany'::text))","Rows Removed by Filter":60,"Shared Hit Blocks":1,"Shared Read Blocks":0,"Shared Dirtied Blocks":0,"Shared Written Blocks":0,"Local Hit Blocks":0,"Local Read Blocks":0,"Local Dirtied Blocks":0,"Local Written Blocks":0,"Temp Read Blocks":0,"Temp Written Blocks":0,"I/O Read Time":0.0,"I/O Write Time":0.0,"Temp I/O Read Time":0.0,"Temp I/O Write Time":0.0}]}]}]}]}]}]}]},"Planning":{"Shared Hit Blocks":152,"Shared Read Blocks":0,"Shared Dirtied Blocks":0,"Shared Written Blocks":0,"Local Hit Blocks":0,"Local Read Blocks":0,"Local Dirtied Blocks":0,"Local Written Blocks":0,"Temp Read Blocks":0,"Temp Written Blocks":0,"I/O Read Time":0.0,"I/O Write Time":0.0,"Temp I/O Read Time":0.0,"Temp I/O Write Time":0.0},"Planning Time":3.886,"Triggers":[],"Execution Time":21618.702}]
[列存组合]: nation, order_line, orders, stock
[{"Plan":{"Node Type":"Aggregate","Strategy":"Sorted","Partial Mode":"Simple","Parallel Aware":false,"Async Capable":false,"Startup Cost":2139204.78,"Total Cost":2139459.6,"Plan Rows":9266,"Plan Width":72,"Actual Startup Time":14994.708,"Actual Total Time":14997.269,"Actual Rows":6,"Actual Loops":1,"Output":["supplier.su_nationkey","customer.c_nationkey","(EXTRACT(year FROM orders.o_entry_d))","sum(order_line.ol_amount)"],"Group Key":["supplier.su_nationkey","customer.c_nationkey","(EXTRACT(year FROM orders.o_entry_d))"],"Shared Hit Blocks":504331,"Shared Read Blocks":0,"Shared Dirtied Blocks":0,"Shared Written Blocks":0,"Local Hit Blocks":0,"Local Read Blocks":0,"Local Dirtied Blocks":0,"Local Written Blocks":0,"Temp Read Blocks":41796,"Temp Written Blocks":41814,"I/O Read Time":0.0,"I/O Write Time":0.0,"Temp I/O Read Time":63.13,"Temp I/O Write Time":195.151,"Plans":[{"Node Type":"Sort","Parent Relationship":"Outer","Parallel Aware":false,"Async Capable":false,"Startup Cost":2139204.78,"Total Cost":2139227.95,"Plan Rows":9266,"Plan Width":44,"Actual Startup Time":14994.6,"Actual Total Time":14995.133,"Actual Rows":12121,"Actual Loops":1,"Output":["supplier.su_nationkey","customer.c_nationkey","(EXTRACT(year FROM orders.o_entry_d))","order_line.ol_amount"],"Sort Key":["supplier.su_nationkey","customer.c_nationkey","(EXTRACT(year FROM orders.o_entry_d))"],"Sort Method":"quicksort","Sort Space Used":1047,"Sort Space Type":"Memory","Shared Hit Blocks":504331,"Shared Read Blocks":0,"Shared Dirtied Blocks":0,"Shared Written Blocks":0,"Local Hit Blocks":0,"Local Read Blocks":0,"Local Dirtied Blocks":0,"Local Written Blocks":0,"Temp Read Blocks":41796,"Temp Written Blocks":41814,"I/O Read Time":0.0,"I/O Write Time":0.0,"Temp I/O Read Time":63.13,"Temp I/O Write Time":195.151,"Plans":[{"Node Type":"Merge Join","Parent Relationship":"Outer","Parallel Aware":false,"Async Capable":false,"Join Type":"Inner","Startup Cost":2130134.43,"Total Cost":2138594.26,"Plan Rows":9266,"Plan Width":44,"Actual Startup Time":14651.2,"Actual Total Time":14991.487,"Actual Rows":12121,"Actual Loops":1,"Output":["supplier.su_nationkey","customer.c_nationkey","EXTRACT(year FROM orders.o_entry_d)","order_line.ol_amount"],"Merge Cond":"((orders.o_c_id = customer.c_id) AND (order_line.ol_w_id = customer.c_w_id) AND (order_line.ol_d_id = customer.c_d_id))","Join Filter":"((((n1.n_name)::text = 'Germany'::text) AND ((n2.n_name)::text = 'Cambodia'::text)) OR (((n1.n_name)::text = 'Cambodia'::text) AND ((n2.n_name)::text = 'Germany'::text)))","Rows Removed by Join Filter":11453,"Shared Hit Blocks":504331,"Shared Read Blocks":0,"Shared Dirtied Blocks":0,"Shared Written Blocks":0,"Local Hit Blocks":0,"Local Read Blocks":0,"Local Dirtied Blocks":0,"Local Written Blocks":0,"Temp Read Blocks":41796,"Temp Written Blocks":41814,"I/O Read Time":0.0,"I/O Write Time":0.0,"Temp I/O Read Time":63.13,"Temp I/O Write Time":195.151,"Plans":[{"Node Type":"Sort","Parent Relationship":"Outer","Parallel Aware":false,"Async Capable":false,"Startup Cost":1572345.14,"Total Cost":1573758.54,"Plan Rows":565362,"Plan Width":36,"Actual Startup Time":12456.017,"Actual Total Time":12627.138,"Actual Rows":485009,"Actual Loops":1,"Output":["supplier.su_nationkey","order_line.ol_amount","order_line.ol_w_id","order_line.ol_d_id","orders.o_entry_d","orders.o_w_id","orders.o_d_id","orders.o_c_id","n1.n_name"],"Sort Key":["orders.o_c_id","order_line.ol_w_id","order_line.ol_d_id"],"Sort Method":"external merge","Sort Space Used":24000,"Sort Space Type":"Disk","Shared Hit Blocks":44340,"Shared Read Blocks":0,"Shared Dirtied Blocks":0,"Shared Written Blocks":0,"Local Hit Blocks":0,"Local Read Blocks":0,"Local Dirtied Blocks":0,"Local Written Blocks":0,"Temp Read Blocks":40706,"Temp Written Blocks":40718,"I/O Read Time":0.0,"I/O Write Time":0.0,"Temp I/O Read Time":61.531,"Temp I/O Write Time":190.826,"Plans":[{"Node Type":"Hash Join","Parent Relationship":"Outer","Parallel Aware":false,"Async Capable":false,"Join Type":"Inner","Startup Cost":318256.82,"Total Cost":1502868.65,"Plan Rows":565362,"Plan Width":36,"Actual Startup Time":2757.995,"Actual Total Time":12209.103,"Actual Rows":485009,"Actual Loops":1,"Output":["supplier.su_nationkey","order_line.ol_amount","order_line.ol_w_id","order_line.ol_d_id","orders.o_entry_d","orders.o_w_id","orders.o_d_id","orders.o_c_id","n1.n_name"],"Hash Cond":"((order_line.ol_w_id = orders.o_w_id) AND (order_line.ol_d_id = orders.o_d_id) AND (order_line.ol_o_id = orders.o_id))","Shared Hit Blocks":44340,"Shared Read Blocks":0,"Shared Dirtied Blocks":0,"Shared Written Blocks":0,"Local Hit Blocks":0,"Local Read Blocks":0,"Local Dirtied Blocks":0,"Local Written Blocks":0,"Temp Read Blocks":37706,"Temp Written Blocks":37706,"I/O Read Time":0.0,"I/O Write Time":0.0,"Temp I/O Read Time":57.203,"Temp I/O Write Time":179.542,"Plans":[{"Node Type":"Hash Join","Parent Relationship":"Outer","Parallel Aware":false,"Async Capable":false,"Join Type":"Inner","Startup Cost":59064.55,"Total Cost":1196350.45,"Plan Rows":565705,"Plan Width":28,"Actual Startup Time":939.386,"Actual Total Time":9724.892,"Actual Rows":485009,"Actual Loops":1,"Output":["supplier.su_nationkey","order_line.ol_amount","order_line.ol_w_id","order_line.ol_d_id","order_line.ol_o_id","n1.n_name"],"Hash Cond":"(supplier.su_nationkey = n1.n_nationkey)","Shared Hit Blocks":218,"Shared Read Blocks":0,"Shared Dirtied Blocks":0,"Shared Written Blocks":0,"Local Hit Blocks":0,"Local Read Blocks":0,"Local Dirtied Blocks":0,"Local Written Blocks":0,"Temp Read Blocks":0,"Temp Written Blocks":0,"I/O Read Time":0.0,"I/O Write Time":0.0,"Temp I/O Read Time":0.0,"Temp I/O Write Time":0.0,"Plans":[{"Node Type":"Hash Join","Parent Relationship":"Outer","Parallel Aware":false,"Async Capable":false,"Join Type":"Inner","Startup Cost":59062.59,"Total Cost":1147167.47,"Plan Rows":17536869,"Plan Width":20,"Actual Startup Time":939.23,"Actual Total Time":8506.641,"Actual Rows":17139931,"Actual Loops":1,"Output":["supplier.su_nationkey","order_line.ol_amount","order_line.ol_w_id","order_line.ol_d_id","order_line.ol_o_id"],"Hash Cond":"(mod((stock.s_w_id * stock.s_i_id), 10000) = supplier.su_suppkey)","Shared Hit Blocks":217,"Shared Read Blocks":0,"Shared Dirtied Blocks":0,"Shared Written Blocks":0,"Local Hit Blocks":0,"Local Read Blocks":0,"Local Dirtied Blocks":0,"Local Written Blocks":0,"Temp Read Blocks":0,"Temp Written Blocks":0,"I/O Read Time":0.0,"I/O Write Time":0.0,"Temp I/O Read Time":0.0,"Temp I/O Write Time":0.0,"Plans":[{"Node Type":"Hash Join","Parent Relationship":"Outer","Parallel Aware":false,"Async Capable":false,"Join Type":"Inner","Startup Cost":58620.59,"Total Cost":1096283.52,"Plan Rows":17536869,"Plan Width":22,"Actual Startup Time":936.614,"Actual Total Time":5142.286,"Actual Rows":17139931,"Actual Loops":1,"Output":["stock.s_w_id","stock.s_i_id","order_line.ol_amount","order_line.ol_w_id","order_line.ol_d_id","order_line.ol_o_id"],"Hash Cond":"((order_line.ol_supply_w_id = stock.s_w_id) AND (order_line.ol_i_id = stock.s_i_id))","Rows Removed by Bloom Filter":0,"Shared Hit Blocks":0,"Shared Read Blocks":0,"Shared Dirtied Blocks":0,"Shared Written Blocks":0,"Local Hit Blocks":0,"Local Read Blocks":0,"Local Dirtied Blocks":0,"Local Written Blocks":0,"Temp Read Blocks":0,"Temp Written Blocks":0,"I/O Read Time":0.0,"I/O Write Time":0.0,"Temp I/O Read Time":0.0,"Temp I/O Write Time":0.0,"Plans":[{"Node Type":"Append","Parent Relationship":"Outer","Parallel Aware":false,"Async Capable":false,"Startup Cost":20.0,"Total Cost":482290.51,"Plan Rows":17536869,"Plan Width":22,"Actual Startup Time":26.503,"Actual Total Time":26.511,"Actual Rows":17139931,"Actual Loops":1,"Shared Hit Blocks":0,"Shared Read Blocks":0,"Shared Dirtied Blocks":0,"Shared Written Blocks":0,"Local Hit Blocks":0,"Local Read Blocks":0,"Local Dirtied Blocks":0,"Local Written Blocks":0,"Temp Read Blocks":0,"Temp Written Blocks":0,"I/O Read Time":0.0,"I/O Write Time":0.0,"Temp I/O Read Time":0.0,"Temp I/O Write Time":0.0,"Subplans Removed":0,"Plans":[{"Node Type":"Custom Scan","Parent Relationship":"Member","Custom Plan Provider":"columnar scan","Parallel Aware":false,"Async Capable":false,"Relation Name":"order_line","Schema":"public","Alias":"order_line","Startup Cost":20.0,"Total Cost":482285.56,"Plan Rows":17536851,"Plan Width":22,"Actual Startup Time":26.501,"Actual Total Time":26.503,"Actual Rows":17139931,"Actual Loops":1,"Output":["order_line.ol_amount","order_line.ol_supply_w_id","order_line.ol_i_id","order_line.ol_w_id","order_line.ol_d_id","order_line.ol_o_id"],"Filter":"((order_line.ol_delivery_d <= '1997-01-01 20:10:02.27764'::timestamp without time zone) AND (order_line.ol_delivery_d >= '1995-01-02 20:10:02.27764'::timestamp without time zone))","Rows Removed by Filter":0,"Rows Removed by Columnar Filter":42853830,"Columnar cache search mode":"native","Shared Hit Blocks":0,"Shared Read Blocks":0,"Shared Dirtied Blocks":0,"Shared Written Blocks":0,"Local Hit Blocks":0,"Local Read Blocks":0,"Local Dirtied Blocks":0,"Local Written Blocks":0,"Temp Read Blocks":0,"Temp Written Blocks":0,"I/O Read Time":0.0,"I/O Write Time":0.0,"Temp I/O Read Time":0.0,"Temp I/O Write Time":0.0},{"Node Type":"Seq Scan","Parent Relationship":"Member","Parallel Aware":false,"Async Capable":false,"Relation Name":"order_line","Schema":"public","Alias":"order_line","Startup Cost":0.0,"Total Cost":4.95,"Plan Rows":18,"Plan Width":22,"Actual Startup Time":0.0,"Actual Total Time":0.0,"Actual Rows":0,"Actual Loops":0,"Output":["order_line.ol_amount","order_line.ol_supply_w_id","order_line.ol_i_id","order_line.ol_w_id","order_line.ol_d_id","order_line.ol_o_id"],"Filter":"((order_line.ol_delivery_d <= '1997-01-01 20:10:02.27764'::timestamp without time zone) AND (order_line.ol_delivery_d >= '1995-01-02 20:10:02.27764'::timestamp without time zone))","Rows Removed by Filter":0,"Shared Hit Blocks":0,"Shared Read Blocks":0,"Shared Dirtied Blocks":0,"Shared Written Blocks":0,"Local Hit Blocks":0,"Local Read Blocks":0,"Local Dirtied Blocks":0,"Local Written Blocks":0,"Temp Read Blocks":0,"Temp Written Blocks":0,"I/O Read Time":0.0,"I/O Write Time":0.0,"Temp I/O Read Time":0.0,"Temp I/O Write Time":0.0}]},{"Node Type":"Hash","Parent Relationship":"Inner","Parallel Aware":false,"Async Capable":false,"Startup Cost":390026.22,"Total Cost":390026.22,"Plan Rows":20000212,"Plan Width":6,"Actual Rows":20000000,"Actual Loops":1,"Output":["stock.s_w_id","stock.s_i_id"],"Shared Hit Blocks":0,"Shared Read Blocks":0,"Shared Dirtied Blocks":0,"Shared Written Blocks":0,"Local Hit Blocks":0,"Local Read Blocks":0,"Local Dirtied Blocks":0,"Local Written Blocks":0,"Temp Read Blocks":0,"Temp Written Blocks":0,"I/O Read Time":0.0,"I/O Write Time":0.0,"Temp I/O Read Time":0.0,"Temp I/O Write Time":0.0,"Plans":[{"Node Type":"Append","Parent Relationship":"Outer","Parallel Aware":false,"Async Capable":false,"Startup Cost":20.0,"Total Cost":390026.22,"Plan Rows":20000212,"Plan Width":6,"Actual Startup Time":0.37,"Actual Total Time":0.372,"Actual Rows":20000000,"Actual Loops":1,"Shared Hit Blocks":0,"Shared Read Blocks":0,"Shared Dirtied Blocks":0,"Shared Written Blocks":0,"Local Hit Blocks":0,"Local Read Blocks":0,"Local Dirtied Blocks":0,"Local Written Blocks":0,"Temp Read Blocks":0,"Temp Written Blocks":0,"I/O Read Time":0.0,"I/O Write Time":0.0,"Temp I/O Read Time":0.0,"Temp I/O Write Time":0.0,"Subplans Removed":0,"Plans":[{"Node Type":"Custom Scan","Parent Relationship":"Member","Custom Plan Provider":"columnar scan","Parallel Aware":false,"Async Capable":false,"Relation Name":"stock","Schema":"public","Alias":"stock","Startup Cost":20.0,"Total Cost":390020.1,"Plan Rows":20000000,"Plan Width":6,"Actual Startup Time":0.368,"Actual Total Time":0.369,"Actual Rows":20000000,"Actual Loops":1,"Output":["stock.s_w_id","stock.s_i_id"],"Rows Removed by Columnar Filter":0,"Columnar cache search mode":"native","Shared Hit Blocks":0,"Shared Read Blocks":0,"Shared Dirtied Blocks":0,"Shared Written Blocks":0,"Local Hit Blocks":0,"Local Read Blocks":0,"Local Dirtied Blocks":0,"Local Written Blocks":0,"Temp Read Blocks":0,"Temp Written Blocks":0,"I/O Read Time":0.0,"I/O Write Time":0.0,"Temp I/O Read Time":0.0,"Temp I/O Write Time":0.0},{"Node Type":"Seq Scan","Parent Relationship":"Member","Parallel Aware":false,"Async Capable":false,"Relation Name":"stock","Schema":"public","Alias":"stock","Startup Cost":0.0,"Total Cost":6.12,"Plan Rows":212,"Plan Width":6,"Actual Startup Time":0.0,"Actual Total Time":0.0,"Actual Rows":0,"Actual Loops":0,"Output":["stock.s_w_id","stock.s_i_id"],"Shared Hit Blocks":0,"Shared Read Blocks":0,"Shared Dirtied Blocks":0,"Shared Written Blocks":0,"Local Hit Blocks":0,"Local Read Blocks":0,"Local Dirtied Blocks":0,"Local Written Blocks":0,"Temp Read Blocks":0,"Temp Written Blocks":0,"I/O Read Time":0.0,"I/O Write Time":0.0,"Temp I/O Read Time":0.0,"Temp I/O Write Time":0.0}]}]}]},{"Node Type":"Hash","Parent Relationship":"Inner","Parallel Aware":false,"Async Capable":false,"Startup Cost":317.0,"Total Cost":317.0,"Plan Rows":10000,"Plan Width":8,"Actual Startup Time":2.557,"Actual Total Time":2.558,"Actual Rows":10000,"Actual Loops":1,"Output":["supplier.su_nationkey","supplier.su_suppkey"],"Hash Buckets":16384,"Original Hash Buckets":16384,"Hash Batches":1,"Original Hash Batches":1,"Peak Memory Usage":519,"Shared Hit Blocks":217,"Shared Read Blocks":0,"Shared Dirtied Blocks":0,"Shared Written Blocks":0,"Local Hit Blocks":0,"Local Read Blocks":0,"Local Dirtied Blocks":0,"Local Written Blocks":0,"Temp Read Blocks":0,"Temp Written Blocks":0,"I/O Read Time":0.0,"I/O Write Time":0.0,"Temp I/O Read Time":0.0,"Temp I/O Write Time":0.0,"Plans":[{"Node Type":"Seq Scan","Parent Relationship":"Outer","Parallel Aware":false,"Async Capable":false,"Relation Name":"supplier","Schema":"public","Alias":"supplier","Startup Cost":0.0,"Total Cost":317.0,"Plan Rows":10000,"Plan Width":8,"Actual Startup Time":0.006,"Actual Total Time":1.292,"Actual Rows":10000,"Actual Loops":1,"Output":["supplier.su_nationkey","supplier.su_suppkey"],"Shared Hit Blocks":217,"Shared Read Blocks":0,"Shared Dirtied Blocks":0,"Shared Written Blocks":0,"Local Hit Blocks":0,"Local Read Blocks":0,"Local Dirtied Blocks":0,"Local Written Blocks":0,"Temp Read Blocks":0,"Temp Written Blocks":0,"I/O Read Time":0.0,"I/O Write Time":0.0,"Temp I/O Read Time":0.0,"Temp I/O Write Time":0.0}]}]},{"Node Type":"Hash","Parent Relationship":"Inner","Parallel Aware":false,"Async Capable":false,"Startup Cost":1.93,"Total Cost":1.93,"Plan Rows":2,"Plan Width":12,"Actual Startup Time":0.026,"Actual Total Time":0.027,"Actual Rows":2,"Actual Loops":1,"Output":["n1.n_nationkey","n1.n_name"],"Hash Buckets":1024,"Original Hash Buckets":1024,"Hash Batches":1,"Original Hash Batches":1,"Peak Memory Usage":9,"Shared Hit Blocks":1,"Shared Read Blocks":0,"Shared Dirtied Blocks":0,"Shared Written Blocks":0,"Local Hit Blocks":0,"Local Read Blocks":0,"Local Dirtied Blocks":0,"Local Written Blocks":0,"Temp Read Blocks":0,"Temp Written Blocks":0,"I/O Read Time":0.0,"I/O Write Time":0.0,"Temp I/O Read Time":0.0,"Temp I/O Write Time":0.0,"Plans":[{"Node Type":"Seq Scan","Parent Relationship":"Outer","Parallel Aware":false,"Async Capable":false,"Relation Name":"nation","Schema":"public","Alias":"n1","Startup Cost":0.0,"Total Cost":1.93,"Plan Rows":2,"Plan Width":12,"Actual Startup Time":0.016,"Actual Total Time":0.021,"Actual Rows":2,"Actual Loops":1,"Output":["n1.n_nationkey","n1.n_name"],"Filter":"(((n1.n_name)::text = 'Germany'::text) OR ((n1.n_name)::text = 'Cambodia'::text))","Rows Removed by Filter":60,"Shared Hit Blocks":1,"Shared Read Blocks":0,"Shared Dirtied Blocks":0,"Shared Written Blocks":0,"Local Hit Blocks":0,"Local Read Blocks":0,"Local Dirtied Blocks":0,"Local Written Blocks":0,"Temp Read Blocks":0,"Temp Written Blocks":0,"I/O Read Time":0.0,"I/O Write Time":0.0,"Temp I/O Read Time":0.0,"Temp I/O Write Time":0.0}]}]},{"Node Type":"Hash","Parent Relationship":"Inner","Parallel Aware":false,"Async Capable":false,"Startup Cost":119121.6,"Total Cost":119121.6,"Plan Rows":5996324,"Plan Width":24,"Actual Startup Time":1817.2,"Actual Total Time":1817.202,"Actual Rows":5995789,"Actual Loops":1,"Output":["orders.o_entry_d","orders.o_w_id","orders.o_d_id","orders.o_id","orders.o_c_id"],"Hash Buckets":131072,"Original Hash Buckets":131072,"Hash Batches":64,"Original Hash Batches":64,"Peak Memory Usage":6496,"Shared Hit Blocks":44122,"Shared Read Blocks":0,"Shared Dirtied Blocks":0,"Shared Written Blocks":0,"Local Hit Blocks":0,"Local Read Blocks":0,"Local Dirtied Blocks":0,"Local Written Blocks":0,"Temp Read Blocks":0,"Temp Written Blocks":34552,"I/O Read Time":0.0,"I/O Write Time":0.0,"Temp I/O Read Time":0.0,"Temp I/O Write Time":159.28,"Plans":[{"Node Type":"Seq Scan","Parent Relationship":"Outer","Parallel Aware":false,"Async Capable":false,"Relation Name":"orders","Schema":"public","Alias":"orders","Startup Cost":0.0,"Total Cost":119121.6,"Plan Rows":5996324,"Plan Width":24,"Actual Startup Time":0.022,"Actual Total Time":731.563,"Actual Rows":5995789,"Actual Loops":1,"Output":["orders.o_entry_d","orders.o_w_id","orders.o_d_id","orders.o_id","orders.o_c_id"],"Filter":"(orders.o_entry_d >= '1992-01-02 20:10:02.27764'::timestamp without time zone)","Rows Removed by Filter":4211,"Shared Hit Blocks":44122,"Shared Read Blocks":0,"Shared Dirtied Blocks":0,"Shared Written Blocks":0,"Local Hit Blocks":0,"Local Read Blocks":0,"Local Dirtied Blocks":0,"Local Written Blocks":0,"Temp Read Blocks":0,"Temp Written Blocks":0,"I/O Read Time":0.0,"I/O Write Time":0.0,"Temp I/O Read Time":0.0,"Temp I/O Write Time":0.0}]}]}]},{"Node Type":"Materialize","Parent Relationship":"Inner","Parallel Aware":false,"Async Capable":false,"Startup Cost":557789.1,"Total Cost":558756.87,"Plan Rows":193553,"Plan Width":20,"Actual Startup Time":2195.112,"Actual Total Time":2268.489,"Actual Rows":293066,"Actual Loops":1,"Output":["customer.c_nationkey","customer.c_id","customer.c_w_id","customer.c_d_id","n2.n_name"],"Shared Hit Blocks":459991,"Shared Read Blocks":0,"Shared Dirtied Blocks":0,"Shared Written Blocks":0,"Local Hit Blocks":0,"Local Read Blocks":0,"Local Dirtied Blocks":0,"Local Written Blocks":0,"Temp Read Blocks":1090,"Temp Written Blocks":1096,"I/O Read Time":0.0,"I/O Write Time":0.0,"Temp I/O Read Time":1.598,"Temp I/O Write Time":4.325,"Plans":[{"Node Type":"Sort","Parent Relationship":"Outer","Parallel Aware":false,"Async Capable":false,"Startup Cost":557789.1,"Total Cost":558272.98,"Plan Rows":193553,"Plan Width":20,"Actual Startup Time":2195.101,"Actual Total Time":2235.575,"Actual Rows":289967,"Actual Loops":1,"Output":["customer.c_nationkey","customer.c_id","customer.c_w_id","customer.c_d_id","n2.n_name"],"Sort Key":["customer.c_id","customer.c_w_id","customer.c_d_id"],"Sort Method":"external merge","Sort Space Used":8720,"Sort Space Type":"Disk","Shared Hit Blocks":459991,"Shared Read Blocks":0,"Shared Dirtied Blocks":0,"Shared Written Blocks":0,"Local Hit Blocks":0,"Local Read Blocks":0,"Local Dirtied Blocks":0,"Local Written Blocks":0,"Temp Read Blocks":1090,"Temp Written Blocks":1096,"I/O Read Time":0.0,"I/O Write Time":0.0,"Temp I/O Read Time":1.598,"Temp I/O Write Time":4.325,"Plans":[{"Node Type":"Hash Join","Parent Relationship":"Outer","Parallel Aware":false,"Async Capable":false,"Join Type":"Inner","Startup Cost":1.95,"Total Cost":536820.36,"Plan Rows":193553,"Plan Width":20,"Actual Startup Time":0.092,"Actual Total Time":2085.28,"Actual Rows":289972,"Actual Loops":1,"Output":["customer.c_nationkey","customer.c_id","customer.c_w_id","customer.c_d_id","n2.n_name"],"Hash Cond":"(customer.c_nationkey = n2.n_nationkey)","Shared Hit Blocks":459991,"Shared Read Blocks":0,"Shared Dirtied Blocks":0,"Shared Written Blocks":0,"Local Hit Blocks":0,"Local Read Blocks":0,"Local Dirtied Blocks":0,"Local Written Blocks":0,"Temp Read Blocks":0,"Temp Written Blocks":0,"I/O Read Time":0.0,"I/O Write Time":0.0,"Temp I/O Read Time":0.0,"Temp I/O Write Time":0.0,"Plans":[{"Node Type":"Seq Scan","Parent Relationship":"Outer","Parallel Aware":false,"Async Capable":false,"Relation Name":"customer","Schema":"public","Alias":"customer","Startup Cost":0.0,"Total Cost":519991.4,"Plan Rows":6000140,"Plan Width":12,"Actual Startup Time":0.027,"Actual Total Time":704.113,"Actual Rows":6000000,"Actual Loops":1,"Output":["customer.c_id","customer.c_d_id","customer.c_w_id","customer.c_nationkey","customer.c_first","customer.c_middle","customer.c_last","customer.c_street_1","customer.c_street_2","customer.c_city","customer.c_state","customer.c_zip","customer.c_phone","customer.c_since","customer.c_credit","customer.c_credit_lim","customer.c_discount","customer.c_balance","customer.c_ytd_payment","customer.c_payment_cnt","customer.c_delivery_cnt","customer.c_data"],"Shared Hit Blocks":459990,"Shared Read Blocks":0,"Shared Dirtied Blocks":0,"Shared Written Blocks":0,"Local Hit Blocks":0,"Local Read Blocks":0,"Local Dirtied Blocks":0,"Local Written Blocks":0,"Temp Read Blocks":0,"Temp Written Blocks":0,"I/O Read Time":0.0,"I/O Write Time":0.0,"Temp I/O Read Time":0.0,"Temp I/O Write Time":0.0},{"Node Type":"Hash","Parent Relationship":"Inner","Parallel Aware":false,"Async Capable":false,"Startup Cost":1.93,"Total Cost":1.93,"Plan Rows":2,"Plan Width":12,"Actual Startup Time":0.029,"Actual Total Time":0.03,"Actual Rows":2,"Actual Loops":1,"Output":["n2.n_nationkey","n2.n_name"],"Hash Buckets":1024,"Original Hash Buckets":1024,"Hash Batches":1,"Original Hash Batches":1,"Peak Memory Usage":9,"Shared Hit Blocks":1,"Shared Read Blocks":0,"Shared Dirtied Blocks":0,"Shared Written Blocks":0,"Local Hit Blocks":0,"Local Read Blocks":0,"Local Dirtied Blocks":0,"Local Written Blocks":0,"Temp Read Blocks":0,"Temp Written Blocks":0,"I/O Read Time":0.0,"I/O Write Time":0.0,"Temp I/O Read Time":0.0,"Temp I/O Write Time":0.0,"Plans":[{"Node Type":"Seq Scan","Parent Relationship":"Outer","Parallel Aware":false,"Async Capable":false,"Relation Name":"nation","Schema":"public","Alias":"n2","Startup Cost":0.0,"Total Cost":1.93,"Plan Rows":2,"Plan Width":12,"Actual Startup Time":0.016,"Actual Total Time":0.025,"Actual Rows":2,"Actual Loops":1,"Output":["n2.n_nationkey","n2.n_name"],"Filter":"(((n2.n_name)::text = 'Cambodia'::text) OR ((n2.n_name)::text = 'Germany'::text))","Rows Removed by Filter":60,"Shared Hit Blocks":1,"Shared Read Blocks":0,"Shared Dirtied Blocks":0,"Shared Written Blocks":0,"Local Hit Blocks":0,"Local Read Blocks":0,"Local Dirtied Blocks":0,"Local Written Blocks":0,"Temp Read Blocks":0,"Temp Written Blocks":0,"I/O Read Time":0.0,"I/O Write Time":0.0,"Temp I/O Read Time":0.0,"Temp I/O Write Time":0.0}]}]}]}]}]}]}]},"Planning":{"Shared Hit Blocks":152,"Shared Read Blocks":0,"Shared Dirtied Blocks":0,"Shared Written Blocks":0,"Local Hit Blocks":0,"Local Read Blocks":0,"Local Dirtied Blocks":0,"Local Written Blocks":0,"Temp Read Blocks":0,"Temp Written Blocks":0,"I/O Read Time":0.0,"I/O Write Time":0.0,"Temp I/O Read Time":0.0,"Temp I/O Write Time":0.0},"Planning Time":3.934,"Triggers":[],"Execution Time":15009.182}]
[列存组合]: nation, order_line, orders, supplier
[{"Plan":{"Node Type":"Aggregate","Strategy":"Sorted","Partial Mode":"Simple","Parallel Aware":false,"Async Capable":false,"Startup Cost":2368416.12,"Total Cost":2368670.94,"Plan Rows":9266,"Plan Width":72,"Actual Startup Time":24398.136,"Actual Total Time":24400.695,"Actual Rows":6,"Actual Loops":1,"Output":["supplier.su_nationkey","customer.c_nationkey","(EXTRACT(year FROM orders.o_entry_d))","sum(order_line.ol_amount)"],"Group Key":["supplier.su_nationkey","customer.c_nationkey","(EXTRACT(year FROM orders.o_entry_d))"],"Shared Hit Blocks":514665,"Shared Read Blocks":0,"Shared Dirtied Blocks":0,"Shared Written Blocks":0,"Local Hit Blocks":0,"Local Read Blocks":0,"Local Dirtied Blocks":0,"Local Written Blocks":0,"Temp Read Blocks":136107,"Temp Written Blocks":136107,"I/O Read Time":0.0,"I/O Write Time":0.0,"Temp I/O Read Time":207.204,"Temp I/O Write Time":629.387,"Plans":[{"Node Type":"Sort","Parent Relationship":"Outer","Parallel Aware":false,"Async Capable":false,"Startup Cost":2368416.12,"Total Cost":2368439.29,"Plan Rows":9266,"Plan Width":44,"Actual Startup Time":24398.025,"Actual Total Time":24398.563,"Actual Rows":12121,"Actual Loops":1,"Output":["supplier.su_nationkey","customer.c_nationkey","(EXTRACT(year FROM orders.o_entry_d))","order_line.ol_amount"],"Sort Key":["supplier.su_nationkey","customer.c_nationkey","(EXTRACT(year FROM orders.o_entry_d))"],"Sort Method":"quicksort","Sort Space Used":1047,"Sort Space Type":"Memory","Shared Hit Blocks":514665,"Shared Read Blocks":0,"Shared Dirtied Blocks":0,"Shared Written Blocks":0,"Local Hit Blocks":0,"Local Read Blocks":0,"Local Dirtied Blocks":0,"Local Written Blocks":0,"Temp Read Blocks":136107,"Temp Written Blocks":136107,"I/O Read Time":0.0,"I/O Write Time":0.0,"Temp I/O Read Time":207.204,"Temp I/O Write Time":629.387,"Plans":[{"Node Type":"Hash Join","Parent Relationship":"Outer","Parallel Aware":false,"Async Capable":false,"Join Type":"Inner","Startup Cost":1321617.91,"Total Cost":2367805.6,"Plan Rows":9266,"Plan Width":44,"Actual Startup Time":11326.684,"Actual Total Time":24394.393,"Actual Rows":12121,"Actual Loops":1,"Output":["supplier.su_nationkey","customer.c_nationkey","EXTRACT(year FROM orders.o_entry_d)","order_line.ol_amount"],"Hash Cond":"((order_line.ol_supply_w_id = stock.s_w_id) AND (order_line.ol_i_id = stock.s_i_id))","Join Filter":"((((n1.n_name)::text = 'Germany'::text) AND ((n2.n_name)::text = 'Cambodia'::text)) OR (((n1.n_name)::text = 'Cambodia'::text) AND ((n2.n_name)::text = 'Germany'::text)))","Rows Removed by Join Filter":11453,"Shared Hit Blocks":514665,"Shared Read Blocks":0,"Shared Dirtied Blocks":0,"Shared Written Blocks":0,"Local Hit Blocks":0,"Local Read Blocks":0,"Local Dirtied Blocks":0,"Local Written Blocks":0,"Temp Read Blocks":136107,"Temp Written Blocks":136107,"I/O Read Time":0.0,"I/O Write Time":0.0,"Temp I/O Read Time":207.204,"Temp I/O Write Time":629.387,"Plans":[{"Node Type":"Hash Join","Parent Relationship":"Outer","Parallel Aware":false,"Async Capable":false,"Join Type":"Inner","Startup Cost":674833.13,"Total Cost":1696398.67,"Plan Rows":565362,"Plan Width":30,"Actual Startup Time":4396.077,"Actual Total Time":17372.37,"Actual Rows":818159,"Actual Loops":1,"Output":["order_line.ol_amount","order_line.ol_supply_w_id","order_line.ol_i_id","orders.o_entry_d","customer.c_nationkey","n2.n_name"],"Hash Cond":"(customer.c_nationkey = n2.n_nationkey)","Shared Hit Blocks":459991,"Shared Read Blocks":0,"Shared Dirtied Blocks":0,"Shared Written Blocks":0,"Local Hit Blocks":0,"Local Read Blocks":0,"Local Dirtied Blocks":0,"Local Written Blocks":0,"Temp Read Blocks":128697,"Temp Written Blocks":128697,"I/O Read Time":0.0,"I/O Write Time":0.0,"Temp I/O Read Time":196.003,"Temp I/O Write Time":592.432,"Plans":[{"Node Type":"Hash Join","Parent Relationship":"Outer","Parallel Aware":false,"Async Capable":false,"Join Type":"Inner","Startup Cost":674831.17,"Total Cost":1647245.57,"Plan Rows":17526218,"Plan Width":22,"Actual Startup Time":4394.917,"Actual Total Time":16158.887,"Actual Rows":16894821,"Actual Loops":1,"Output":["order_line.ol_amount","order_line.ol_supply_w_id","order_line.ol_i_id","orders.o_entry_d","customer.c_nationkey"],"Hash Cond":"((order_line.ol_w_id = customer.c_w_id) AND (order_line.ol_d_id = customer.c_d_id) AND (orders.o_c_id = customer.c_id))","Shared Hit Blocks":459990,"Shared Read Blocks":0,"Shared Dirtied Blocks":0,"Shared Written Blocks":0,"Local Hit Blocks":0,"Local Read Blocks":0,"Local Dirtied Blocks":0,"Local Written Blocks":0,"Temp Read Blocks":128697,"Temp Written Blocks":128697,"I/O Read Time":0.0,"I/O Write Time":0.0,"Temp I/O Read Time":196.003,"Temp I/O Write Time":592.432,"Plans":[{"Node Type":"Hash Join","Parent Relationship":"Outer","Parallel Aware":false,"Async Capable":false,"Join Type":"Inner","Startup Cost":20539.32,"Total Cost":586018.71,"Plan Rows":17526218,"Plan Width":30,"Actual Startup Time":1612.217,"Actual Total Time":5120.392,"Actual Rows":16894821,"Actual Loops":1,"Output":["order_line.ol_amount","order_line.ol_supply_w_id","order_line.ol_i_id","order_line.ol_w_id","order_line.ol_d_id","orders.o_entry_d","orders.o_w_id","orders.o_d_id","orders.o_c_id"],"Hash Cond":"((order_line.ol_w_id = orders.o_w_id) AND (order_line.ol_d_id = orders.o_d_id) AND (order_line.ol_o_id = orders.o_id))","Rows Removed by Bloom Filter":0,"Shared Hit Blocks":0,"Shared Read Blocks":0,"Shared Dirtied Blocks":0,"Shared Written Blocks":0,"Local Hit Blocks":0,"Local Read Blocks":0,"Local Dirtied Blocks":0,"Local Written Blocks":0,"Temp Read Blocks":0,"Temp Written Blocks":0,"I/O Read Time":0.0,"I/O Write Time":0.0,"Temp I/O Read Time":0.0,"Temp I/O Write Time":0.0,"Plans":[{"Node Type":"Append","Parent Relationship":"Outer","Parallel Aware":false,"Async Capable":false,"Startup Cost":20.0,"Total Cost":482290.51,"Plan Rows":17536869,"Plan Width":22,"Actual Startup Time":1066.387,"Actual Total Time":1066.395,"Actual Rows":16894821,"Actual Loops":1,"Shared Hit Blocks":0,"Shared Read Blocks":0,"Shared Dirtied Blocks":0,"Shared Written Blocks":0,"Local Hit Blocks":0,"Local Read Blocks":0,"Local Dirtied Blocks":0,"Local Written Blocks":0,"Temp Read Blocks":0,"Temp Written Blocks":0,"I/O Read Time":0.0,"I/O Write Time":0.0,"Temp I/O Read Time":0.0,"Temp I/O Write Time":0.0,"Subplans Removed":0,"Plans":[{"Node Type":"Custom Scan","Parent Relationship":"Member","Custom Plan Provider":"columnar scan","Parallel Aware":false,"Async Capable":false,"Relation Name":"order_line","Schema":"public","Alias":"order_line","Startup Cost":20.0,"Total Cost":482285.56,"Plan Rows":17536851,"Plan Width":22,"Actual Startup Time":1066.382,"Actual Total Time":1066.384,"Actual Rows":16894821,"Actual Loops":1,"Output":["order_line.ol_amount","order_line.ol_supply_w_id","order_line.ol_i_id","order_line.ol_w_id","order_line.ol_d_id","order_line.ol_o_id"],"Filter":"((order_line.ol_delivery_d <= '1997-01-01 20:10:02.27764'::timestamp without time zone) AND (order_line.ol_delivery_d >= '1995-01-02 20:10:02.27764'::timestamp without time zone))","Rows Removed by Filter":0,"Rows Removed by Columnar Filter":43098940,"Rows Filtered by Bloom Filter":0,"Dictionary Rows Filtered by Bloom Filter":857915,"Columnar cache search mode":"native","Shared Hit Blocks":0,"Shared Read Blocks":0,"Shared Dirtied Blocks":0,"Shared Written Blocks":0,"Local Hit Blocks":0,"Local Read Blocks":0,"Local Dirtied Blocks":0,"Local Written Blocks":0,"Temp Read Blocks":0,"Temp Written Blocks":0,"I/O Read Time":0.0,"I/O Write Time":0.0,"Temp I/O Read Time":0.0,"Temp I/O Write Time":0.0},{"Node Type":"Seq Scan","Parent Relationship":"Member","Parallel Aware":false,"Async Capable":false,"Relation Name":"order_line","Schema":"public","Alias":"order_line","Startup Cost":0.0,"Total Cost":4.95,"Plan Rows":18,"Plan Width":22,"Actual Startup Time":0.0,"Actual Total Time":0.0,"Actual Rows":0,"Actual Loops":0,"Output":["order_line.ol_amount","order_line.ol_supply_w_id","order_line.ol_i_id","order_line.ol_w_id","order_line.ol_d_id","order_line.ol_o_id"],"Filter":"((order_line.ol_delivery_d <= '1997-01-01 20:10:02.27764'::timestamp without time zone) AND (order_line.ol_delivery_d >= '1995-01-02 20:10:02.27764'::timestamp without time zone))","Rows Removed by Filter":0,"Shared Hit Blocks":0,"Shared Read Blocks":0,"Shared Dirtied Blocks":0,"Shared Written Blocks":0,"Local Hit Blocks":0,"Local Read Blocks":0,"Local Dirtied Blocks":0,"Local Written Blocks":0,"Temp Read Blocks":0,"Temp Written Blocks":0,"I/O Read Time":0.0,"I/O Write Time":0.0,"Temp I/O Read Time":0.0,"Temp I/O Write Time":0.0}]},{"Node Type":"Hash","Parent Relationship":"Inner","Parallel Aware":false,"Async Capable":false,"Startup Cost":152930.34,"Total Cost":152930.34,"Plan Rows":5996325,"Plan Width":24,"Actual Rows":5995789,"Actual Loops":1,"Output":["orders.o_entry_d","orders.o_w_id","orders.o_d_id","orders.o_id","orders.o_c_id"],"Shared Hit Blocks":0,"Shared Read Blocks":0,"Shared Dirtied Blocks":0,"Shared Written Blocks":0,"Local Hit Blocks":0,"Local Read Blocks":0,"Local Dirtied Blocks":0,"Local Written Blocks":0,"Temp Read Blocks":0,"Temp Written Blocks":0,"I/O Read Time":0.0,"I/O Write Time":0.0,"Temp I/O Read Time":0.0,"Temp I/O Write Time":0.0,"Plans":[{"Node Type":"Append","Parent Relationship":"Outer","Parallel Aware":false,"Async Capable":false,"Startup Cost":20.0,"Total Cost":152930.34,"Plan Rows":5996325,"Plan Width":24,"Actual Startup Time":3.178,"Actual Total Time":3.182,"Actual Rows":5995789,"Actual Loops":1,"Shared Hit Blocks":0,"Shared Read Blocks":0,"Shared Dirtied Blocks":0,"Shared Written Blocks":0,"Local Hit Blocks":0,"Local Read Blocks":0,"Local Dirtied Blocks":0,"Local Written Blocks":0,"Temp Read Blocks":0,"Temp Written Blocks":0,"I/O Read Time":0.0,"I/O Write Time":0.0,"Temp I/O Read Time":0.0,"Temp I/O Write Time":0.0,"Subplans Removed":0,"Plans":[{"Node Type":"Custom Scan","Parent Relationship":"Member","Custom Plan Provider":"columnar scan","Parallel Aware":false,"Async Capable":false,"Relation Name":"orders","Schema":"public","Alias":"orders","Startup Cost":20.0,"Total Cost":152926.32,"Plan Rows":5996324,"Plan Width":24,"Actual Startup Time":3.175,"Actual Total Time":3.175,"Actual Rows":5995789,"Actual Loops":1,"Output":["orders.o_entry_d","orders.o_w_id","orders.o_d_id","orders.o_id","orders.o_c_id"],"Filter":"(orders.o_entry_d >= '1992-01-02 20:10:02.27764'::timestamp without time zone)","Rows Removed by Filter":0,"Rows Removed by Columnar Filter":4211,"Columnar cache search mode":"native","Shared Hit Blocks":0,"Shared Read Blocks":0,"Shared Dirtied Blocks":0,"Shared Written Blocks":0,"Local Hit Blocks":0,"Local Read Blocks":0,"Local Dirtied Blocks":0,"Local Written Blocks":0,"Temp Read Blocks":0,"Temp Written Blocks":0,"I/O Read Time":0.0,"I/O Write Time":0.0,"Temp I/O Read Time":0.0,"Temp I/O Write Time":0.0},{"Node Type":"Seq Scan","Parent Relationship":"Member","Parallel Aware":false,"Async Capable":false,"Relation Name":"orders","Schema":"public","Alias":"orders","Startup Cost":0.0,"Total Cost":4.01,"Plan Rows":1,"Plan Width":24,"Actual Startup Time":0.0,"Actual Total Time":0.0,"Actual Rows":0,"Actual Loops":0,"Output":["orders.o_entry_d","orders.o_w_id","orders.o_d_id","orders.o_id","orders.o_c_id"],"Filter":"(orders.o_entry_d >= '1992-01-02 20:10:02.27764'::timestamp without time zone)","Rows Removed by Filter":0,"Shared Hit Blocks":0,"Shared Read Blocks":0,"Shared Dirtied Blocks":0,"Shared Written Blocks":0,"Local Hit Blocks":0,"Local Read Blocks":0,"Local Dirtied Blocks":0,"Local Written Blocks":0,"Temp Read Blocks":0,"Temp Written Blocks":0,"I/O Read Time":0.0,"I/O Write Time":0.0,"Temp I/O Read Time":0.0,"Temp I/O Write Time":0.0}]}]}]},{"Node Type":"Hash","Parent Relationship":"Inner","Parallel Aware":false,"Async Capable":false,"Startup Cost":519991.4,"Total Cost":519991.4,"Plan Rows":6000140,"Plan Width":12,"Actual Startup Time":2781.583,"Actual Total Time":2781.584,"Actual Rows":6000000,"Actual Loops":1,"Output":["customer.c_nationkey","customer.c_id","customer.c_w_id","customer.c_d_id"],"Hash Buckets":262144,"Original Hash Buckets":262144,"Hash Batches":64,"Original Hash Batches":64,"Peak Memory Usage":6082,"Shared Hit Blocks":459990,"Shared Read Blocks":0,"Shared Dirtied Blocks":0,"Shared Written Blocks":0,"Local Hit Blocks":0,"Local Read Blocks":0,"Local Dirtied Blocks":0,"Local Written Blocks":0,"Temp Read Blocks":0,"Temp Written Blocks":23040,"I/O Read Time":0.0,"I/O Write Time":0.0,"Temp I/O Read Time":0.0,"Temp I/O Write Time":114.688,"Plans":[{"Node Type":"Seq Scan","Parent Relationship":"Outer","Parallel Aware":false,"Async Capable":false,"Relation Name":"customer","Schema":"public","Alias":"customer","Startup Cost":0.0,"Total Cost":519991.4,"Plan Rows":6000140,"Plan Width":12,"Actual Startup Time":0.03,"Actual Total Time":1779.953,"Actual Rows":6000000,"Actual Loops":1,"Output":["customer.c_nationkey","customer.c_id","customer.c_w_id","customer.c_d_id"],"Shared Hit Blocks":459990,"Shared Read Blocks":0,"Shared Dirtied Blocks":0,"Shared Written Blocks":0,"Local Hit Blocks":0,"Local Read Blocks":0,"Local Dirtied Blocks":0,"Local Written Blocks":0,"Temp Read Blocks":0,"Temp Written Blocks":0,"I/O Read Time":0.0,"I/O Write Time":0.0,"Temp I/O Read Time":0.0,"Temp I/O Write Time":0.0}]}]},{"Node Type":"Hash","Parent Relationship":"Inner","Parallel Aware":false,"Async Capable":false,"Startup Cost":1.93,"Total Cost":1.93,"Plan Rows":2,"Plan Width":12,"Actual Startup Time":0.034,"Actual Total Time":0.034,"Actual Rows":2,"Actual Loops":1,"Output":["n2.n_nationkey","n2.n_name"],"Hash Buckets":1024,"Original Hash Buckets":1024,"Hash Batches":1,"Original Hash Batches":1,"Peak Memory Usage":9,"Shared Hit Blocks":1,"Shared Read Blocks":0,"Shared Dirtied Blocks":0,"Shared Written Blocks":0,"Local Hit Blocks":0,"Local Read Blocks":0,"Local Dirtied Blocks":0,"Local Written Blocks":0,"Temp Read Blocks":0,"Temp Written Blocks":0,"I/O Read Time":0.0,"I/O Write Time":0.0,"Temp I/O Read Time":0.0,"Temp I/O Write Time":0.0,"Plans":[{"Node Type":"Seq Scan","Parent Relationship":"Outer","Parallel Aware":false,"Async Capable":false,"Relation Name":"nation","Schema":"public","Alias":"n2","Startup Cost":0.0,"Total Cost":1.93,"Plan Rows":2,"Plan Width":12,"Actual Startup Time":0.024,"Actual Total Time":0.029,"Actual Rows":2,"Actual Loops":1,"Output":["n2.n_nationkey","n2.n_name"],"Filter":"(((n2.n_name)::text = 'Cambodia'::text) OR ((n2.n_name)::text = 'Germany'::text))","Rows Removed by Filter":60,"Shared Hit Blocks":1,"Shared Read Blocks":0,"Shared Dirtied Blocks":0,"Shared Written Blocks":0,"Local Hit Blocks":0,"Local Read Blocks":0,"Local Dirtied Blocks":0,"Local Written Blocks":0,"Temp Read Blocks":0,"Temp Written Blocks":0,"I/O Read Time":0.0,"I/O Write Time":0.0,"Temp I/O Read Time":0.0,"Temp I/O Write Time":0.0}]}]},{"Node Type":"Hash","Parent Relationship":"Inner","Parallel Aware":false,"Async Capable":false,"Startup Cost":633326.26,"Total Cost":633326.26,"Plan Rows":645168,"Plan Width":18,"Actual Startup Time":6694.671,"Actual Total Time":6694.683,"Actual Rows":566400,"Actual Loops":1,"Output":["supplier.su_nationkey","stock.s_w_id","stock.s_i_id","n1.n_name"],"Hash Buckets":131072,"Original Hash Buckets":131072,"Hash Batches":8,"Original Hash Batches":8,"Peak Memory Usage":4646,"Shared Hit Blocks":54674,"Shared Read Blocks":0,"Shared Dirtied Blocks":0,"Shared Written Blocks":0,"Local Hit Blocks":0,"Local Read Blocks":0,"Local Dirtied Blocks":0,"Local Written Blocks":0,"Temp Read Blocks":0,"Temp Written Blocks":2445,"I/O Read Time":0.0,"I/O Write Time":0.0,"Temp I/O Read Time":0.0,"Temp I/O Write Time":13.588,"Plans":[{"Node Type":"Hash Join","Parent Relationship":"Outer","Parallel Aware":false,"Async Capable":false,"Join Type":"Inner","Startup Cost":346.42,"Total Cost":633326.26,"Plan Rows":645168,"Plan Width":18,"Actual Startup Time":3.202,"Actual Total Time":6546.059,"Actual Rows":566400,"Actual Loops":1,"Output":["supplier.su_nationkey","stock.s_w_id","stock.s_i_id","n1.n_name"],"Hash Cond":"(supplier.su_nationkey = n1.n_nationkey)","Shared Hit Blocks":54674,"Shared Read Blocks":0,"Shared Dirtied Blocks":0,"Shared Written Blocks":0,"Local Hit Blocks":0,"Local Read Blocks":0,"Local Dirtied Blocks":0,"Local Written Blocks":0,"Temp Read Blocks":0,"Temp Written Blocks":0,"I/O Read Time":0.0,"I/O Write Time":0.0,"Temp I/O Read Time":0.0,"Temp I/O Write Time":0.0,"Plans":[{"Node Type":"Hash Join","Parent Relationship":"Outer","Parallel Aware":false,"Async Capable":false,"Join Type":"Inner","Startup Cost":344.46,"Total Cost":577235.0,"Plan Rows":20000212,"Plan Width":10,"Actual Startup Time":3.166,"Actual Total Time":5186.123,"Actual Rows":20000000,"Actual Loops":1,"Output":["supplier.su_nationkey","stock.s_w_id","stock.s_i_id"],"Hash Cond":"(mod((stock.s_w_id * stock.s_i_id), 10000) = supplier.su_suppkey)","Shared Hit Blocks":54673,"Shared Read Blocks":0,"Shared Dirtied Blocks":0,"Shared Written Blocks":0,"Local Hit Blocks":0,"Local Read Blocks":0,"Local Dirtied Blocks":0,"Local Written Blocks":0,"Temp Read Blocks":0,"Temp Written Blocks":0,"I/O Read Time":0.0,"I/O Write Time":0.0,"Temp I/O Read Time":0.0,"Temp I/O Write Time":0.0,"Plans":[{"Node Type":"Index Only Scan","Parent Relationship":"Outer","Parallel Aware":false,"Async Capable":false,"Scan Direction":"Forward","Index Name":"stock_pk","Relation Name":"stock","Schema":"public","Alias":"stock","Startup Cost":0.44,"Total Cost":519363.62,"Plan Rows":20000212,"Plan Width":6,"Actual Startup Time":0.013,"Actual Total Time":1526.315,"Actual Rows":20000000,"Actual Loops":1,"Output":["stock.s_w_id","stock.s_i_id"],"Heap Fetches":0,"Shared Hit Blocks":54673,"Shared Read Blocks":0,"Shared Dirtied Blocks":0,"Shared Written Blocks":0,"Local Hit Blocks":0,"Local Read Blocks":0,"Local Dirtied Blocks":0,"Local Written Blocks":0,"Temp Read Blocks":0,"Temp Written Blocks":0,"I/O Read Time":0.0,"I/O Write Time":0.0,"Temp I/O Read Time":0.0,"Temp I/O Write Time":0.0},{"Node Type":"Hash","Parent Relationship":"Inner","Parallel Aware":false,"Async Capable":false,"Startup Cost":219.01,"Total Cost":219.01,"Plan Rows":10001,"Plan Width":8,"Actual Startup Time":3.101,"Actual Total Time":3.105,"Actual Rows":10000,"Actual Loops":1,"Output":["supplier.su_nationkey","supplier.su_suppkey"],"Hash Buckets":16384,"Original Hash Buckets":16384,"Hash Batches":1,"Original Hash Batches":1,"Peak Memory Usage":519,"Shared Hit Blocks":0,"Shared Read Blocks":0,"Shared Dirtied Blocks":0,"Shared Written Blocks":0,"Local Hit Blocks":0,"Local Read Blocks":0,"Local Dirtied Blocks":0,"Local Written Blocks":0,"Temp Read Blocks":0,"Temp Written Blocks":0,"I/O Read Time":0.0,"I/O Write Time":0.0,"Temp I/O Read Time":0.0,"Temp I/O Write Time":0.0,"Plans":[{"Node Type":"Append","Parent Relationship":"Outer","Parallel Aware":false,"Async Capable":false,"Startup Cost":20.0,"Total Cost":219.01,"Plan Rows":10001,"Plan Width":8,"Actual Startup Time":0.013,"Actual Total Time":1.831,"Actual Rows":10000,"Actual Loops":1,"Shared Hit Blocks":0,"Shared Read Blocks":0,"Shared Dirtied Blocks":0,"Shared Written Blocks":0,"Local Hit Blocks":0,"Local Read Blocks":0,"Local Dirtied Blocks":0,"Local Written Blocks":0,"Temp Read Blocks":0,"Temp Written Blocks":0,"I/O Read Time":0.0,"I/O Write Time":0.0,"Temp I/O Read Time":0.0,"Temp I/O Write Time":0.0,"Subplans Removed":0,"Plans":[{"Node Type":"Custom Scan","Parent Relationship":"Member","Custom Plan Provider":"columnar scan","Parallel Aware":false,"Async Capable":false,"Relation Name":"supplier","Schema":"public","Alias":"supplier","Startup Cost":20.0,"Total Cost":215.0,"Plan Rows":10000,"Plan Width":8,"Actual Startup Time":0.011,"Actual Total Time":1.099,"Actual Rows":10000,"Actual Loops":1,"Output":["supplier.su_nationkey","supplier.su_suppkey"],"Rows Removed by Columnar Filter":0,"Columnar cache search mode":"native","Shared Hit Blocks":0,"Shared Read Blocks":0,"Shared Dirtied Blocks":0,"Shared Written Blocks":0,"Local Hit Blocks":0,"Local Read Blocks":0,"Local Dirtied Blocks":0,"Local Written Blocks":0,"Temp Read Blocks":0,"Temp Written Blocks":0,"I/O Read Time":0.0,"I/O Write Time":0.0,"Temp I/O Read Time":0.0,"Temp I/O Write Time":0.0},{"Node Type":"Seq Scan","Parent Relationship":"Member","Parallel Aware":false,"Async Capable":false,"Relation Name":"supplier","Schema":"public","Alias":"supplier","Startup Cost":0.0,"Total Cost":4.01,"Plan Rows":1,"Plan Width":8,"Actual Startup Time":0.0,"Actual Total Time":0.0,"Actual Rows":0,"Actual Loops":0,"Output":["supplier.su_nationkey","supplier.su_suppkey"],"Shared Hit Blocks":0,"Shared Read Blocks":0,"Shared Dirtied Blocks":0,"Shared Written Blocks":0,"Local Hit Blocks":0,"Local Read Blocks":0,"Local Dirtied Blocks":0,"Local Written Blocks":0,"Temp Read Blocks":0,"Temp Written Blocks":0,"I/O Read Time":0.0,"I/O Write Time":0.0,"Temp I/O Read Time":0.0,"Temp I/O Write Time":0.0}]}]}]},{"Node Type":"Hash","Parent Relationship":"Inner","Parallel Aware":false,"Async Capable":false,"Startup Cost":1.93,"Total Cost":1.93,"Plan Rows":2,"Plan Width":12,"Actual Startup Time":0.025,"Actual Total Time":0.027,"Actual Rows":2,"Actual Loops":1,"Output":["n1.n_nationkey","n1.n_name"],"Hash Buckets":1024,"Original Hash Buckets":1024,"Hash Batches":1,"Original Hash Batches":1,"Peak Memory Usage":9,"Shared Hit Blocks":1,"Shared Read Blocks":0,"Shared Dirtied Blocks":0,"Shared Written Blocks":0,"Local Hit Blocks":0,"Local Read Blocks":0,"Local Dirtied Blocks":0,"Local Written Blocks":0,"Temp Read Blocks":0,"Temp Written Blocks":0,"I/O Read Time":0.0,"I/O Write Time":0.0,"Temp I/O Read Time":0.0,"Temp I/O Write Time":0.0,"Plans":[{"Node Type":"Seq Scan","Parent Relationship":"Outer","Parallel Aware":false,"Async Capable":false,"Relation Name":"nation","Schema":"public","Alias":"n1","Startup Cost":0.0,"Total Cost":1.93,"Plan Rows":2,"Plan Width":12,"Actual Startup Time":0.015,"Actual Total Time":0.02,"Actual Rows":2,"Actual Loops":1,"Output":["n1.n_nationkey","n1.n_name"],"Filter":"(((n1.n_name)::text = 'Germany'::text) OR ((n1.n_name)::text = 'Cambodia'::text))","Rows Removed by Filter":60,"Shared Hit Blocks":1,"Shared Read Blocks":0,"Shared Dirtied Blocks":0,"Shared Written Blocks":0,"Local Hit Blocks":0,"Local Read Blocks":0,"Local Dirtied Blocks":0,"Local Written Blocks":0,"Temp Read Blocks":0,"Temp Written Blocks":0,"I/O Read Time":0.0,"I/O Write Time":0.0,"Temp I/O Read Time":0.0,"Temp I/O Write Time":0.0}]}]}]}]}]}]},"Planning":{"Shared Hit Blocks":152,"Shared Read Blocks":0,"Shared Dirtied Blocks":0,"Shared Written Blocks":0,"Local Hit Blocks":0,"Local Read Blocks":0,"Local Dirtied Blocks":0,"Local Written Blocks":0,"Temp Read Blocks":0,"Temp Written Blocks":0,"I/O Read Time":0.0,"I/O Write Time":0.0,"Temp I/O Read Time":0.0,"Temp I/O Write Time":0.0},"Planning Time":3.118,"Triggers":[],"Execution Time":24401.461}]
[列存组合]: nation, order_line, stock, supplier
[{"Plan":{"Node Type":"Aggregate","Strategy":"Sorted","Partial Mode":"Simple","Parallel Aware":false,"Async Capable":false,"Startup Cost":2139106.81,"Total Cost":2139361.62,"Plan Rows":9266,"Plan Width":72,"Actual Startup Time":15786.224,"Actual Total Time":15788.889,"Actual Rows":6,"Actual Loops":1,"Output":["supplier.su_nationkey","customer.c_nationkey","(EXTRACT(year FROM orders.o_entry_d))","sum(order_line.ol_amount)"],"Group Key":["supplier.su_nationkey","customer.c_nationkey","(EXTRACT(year FROM orders.o_entry_d))"],"Shared Hit Blocks":504114,"Shared Read Blocks":0,"Shared Dirtied Blocks":0,"Shared Written Blocks":0,"Local Hit Blocks":0,"Local Read Blocks":0,"Local Dirtied Blocks":0,"Local Written Blocks":0,"Temp Read Blocks":41796,"Temp Written Blocks":41814,"I/O Read Time":0.0,"I/O Write Time":0.0,"Temp I/O Read Time":63.664,"Temp I/O Write Time":190.953,"Plans":[{"Node Type":"Sort","Parent Relationship":"Outer","Parallel Aware":false,"Async Capable":false,"Startup Cost":2139106.81,"Total Cost":2139129.97,"Plan Rows":9266,"Plan Width":44,"Actual Startup Time":15786.112,"Actual Total Time":15786.659,"Actual Rows":12121,"Actual Loops":1,"Output":["supplier.su_nationkey","customer.c_nationkey","(EXTRACT(year FROM orders.o_entry_d))","order_line.ol_amount"],"Sort Key":["supplier.su_nationkey","customer.c_nationkey","(EXTRACT(year FROM orders.o_entry_d))"],"Sort Method":"quicksort","Sort Space Used":1047,"Sort Space Type":"Memory","Shared Hit Blocks":504114,"Shared Read Blocks":0,"Shared Dirtied Blocks":0,"Shared Written Blocks":0,"Local Hit Blocks":0,"Local Read Blocks":0,"Local Dirtied Blocks":0,"Local Written Blocks":0,"Temp Read Blocks":41796,"Temp Written Blocks":41814,"I/O Read Time":0.0,"I/O Write Time":0.0,"Temp I/O Read Time":63.664,"Temp I/O Write Time":190.953,"Plans":[{"Node Type":"Merge Join","Parent Relationship":"Outer","Parallel Aware":false,"Async Capable":false,"Join Type":"Inner","Startup Cost":2130036.45,"Total Cost":2138496.28,"Plan Rows":9266,"Plan Width":44,"Actual Startup Time":15443.193,"Actual Total Time":15783.029,"Actual Rows":12121,"Actual Loops":1,"Output":["supplier.su_nationkey","customer.c_nationkey","EXTRACT(year FROM orders.o_entry_d)","order_line.ol_amount"],"Merge Cond":"((orders.o_c_id = customer.c_id) AND (order_line.ol_w_id = customer.c_w_id) AND (order_line.ol_d_id = customer.c_d_id))","Join Filter":"((((n1.n_name)::text = 'Germany'::text) AND ((n2.n_name)::text = 'Cambodia'::text)) OR (((n1.n_name)::text = 'Cambodia'::text) AND ((n2.n_name)::text = 'Germany'::text)))","Rows Removed by Join Filter":11453,"Shared Hit Blocks":504114,"Shared Read Blocks":0,"Shared Dirtied Blocks":0,"Shared Written Blocks":0,"Local Hit Blocks":0,"Local Read Blocks":0,"Local Dirtied Blocks":0,"Local Written Blocks":0,"Temp Read Blocks":41796,"Temp Written Blocks":41814,"I/O Read Time":0.0,"I/O Write Time":0.0,"Temp I/O Read Time":63.664,"Temp I/O Write Time":190.953,"Plans":[{"Node Type":"Sort","Parent Relationship":"Outer","Parallel Aware":false,"Async Capable":false,"Startup Cost":1572247.16,"Total Cost":1573660.56,"Plan Rows":565362,"Plan Width":36,"Actual Startup Time":13246.174,"Actual Total Time":13417.724,"Actual Rows":485009,"Actual Loops":1,"Output":["supplier.su_nationkey","order_line.ol_amount","order_line.ol_w_id","order_line.ol_d_id","orders.o_entry_d","orders.o_w_id","orders.o_d_id","orders.o_c_id","n1.n_name"],"Sort Key":["orders.o_c_id","order_line.ol_w_id","order_line.ol_d_id"],"Sort Method":"external merge","Sort Space Used":24000,"Sort Space Type":"Disk","Shared Hit Blocks":44123,"Shared Read Blocks":0,"Shared Dirtied Blocks":0,"Shared Written Blocks":0,"Local Hit Blocks":0,"Local Read Blocks":0,"Local Dirtied Blocks":0,"Local Written Blocks":0,"Temp Read Blocks":40706,"Temp Written Blocks":40718,"I/O Read Time":0.0,"I/O Write Time":0.0,"Temp I/O Read Time":62.076,"Temp I/O Write Time":186.644,"Plans":[{"Node Type":"Hash Join","Parent Relationship":"Outer","Parallel Aware":false,"Async Capable":false,"Join Type":"Inner","Startup Cost":318158.84,"Total Cost":1502770.67,"Plan Rows":565362,"Plan Width":36,"Actual Startup Time":3453.456,"Actual Total Time":12999.198,"Actual Rows":485009,"Actual Loops":1,"Output":["supplier.su_nationkey","order_line.ol_amount","order_line.ol_w_id","order_line.ol_d_id","orders.o_entry_d","orders.o_w_id","orders.o_d_id","orders.o_c_id","n1.n_name"],"Hash Cond":"((order_line.ol_w_id = orders.o_w_id) AND (order_line.ol_d_id = orders.o_d_id) AND (order_line.ol_o_id = orders.o_id))","Shared Hit Blocks":44123,"Shared Read Blocks":0,"Shared Dirtied Blocks":0,"Shared Written Blocks":0,"Local Hit Blocks":0,"Local Read Blocks":0,"Local Dirtied Blocks":0,"Local Written Blocks":0,"Temp Read Blocks":37706,"Temp Written Blocks":37706,"I/O Read Time":0.0,"I/O Write Time":0.0,"Temp I/O Read Time":57.597,"Temp I/O Write Time":175.348,"Plans":[{"Node Type":"Hash Join","Parent Relationship":"Outer","Parallel Aware":false,"Async Capable":false,"Join Type":"Inner","Startup Cost":58966.57,"Total Cost":1196252.47,"Plan Rows":565705,"Plan Width":28,"Actual Startup Time":1623.044,"Actual Total Time":10501.9,"Actual Rows":485009,"Actual Loops":1,"Output":["supplier.su_nationkey","order_line.ol_amount","order_line.ol_w_id","order_line.ol_d_id","order_line.ol_o_id","n1.n_name"],"Hash Cond":"(supplier.su_nationkey = n1.n_nationkey)","Shared Hit Blocks":1,"Shared Read Blocks":0,"Shared Dirtied Blocks":0,"Shared Written Blocks":0,"Local Hit Blocks":0,"Local Read Blocks":0,"Local Dirtied Blocks":0,"Local Written Blocks":0,"Temp Read Blocks":0,"Temp Written Blocks":0,"I/O Read Time":0.0,"I/O Write Time":0.0,"Temp I/O Read Time":0.0,"Temp I/O Write Time":0.0,"Plans":[{"Node Type":"Hash Join","Parent Relationship":"Outer","Parallel Aware":false,"Async Capable":false,"Join Type":"Inner","Startup Cost":58964.62,"Total Cost":1147069.5,"Plan Rows":17536869,"Plan Width":20,"Actual Startup Time":1622.875,"Actual Total Time":9292.455,"Actual Rows":17139931,"Actual Loops":1,"Output":["supplier.su_nationkey","order_line.ol_amount","order_line.ol_w_id","order_line.ol_d_id","order_line.ol_o_id"],"Hash Cond":"(mod((stock.s_w_id * stock.s_i_id), 10000) = supplier.su_suppkey)","Shared Hit Blocks":0,"Shared Read Blocks":0,"Shared Dirtied Blocks":0,"Shared Written Blocks":0,"Local Hit Blocks":0,"Local Read Blocks":0,"Local Dirtied Blocks":0,"Local Written Blocks":0,"Temp Read Blocks":0,"Temp Written Blocks":0,"I/O Read Time":0.0,"I/O Write Time":0.0,"Temp I/O Read Time":0.0,"Temp I/O Write Time":0.0,"Plans":[{"Node Type":"Hash Join","Parent Relationship":"Outer","Parallel Aware":false,"Async Capable":false,"Join Type":"Inner","Startup Cost":58620.59,"Total Cost":1096283.52,"Plan Rows":17536869,"Plan Width":22,"Actual Startup Time":1619.742,"Actual Total Time":5893.326,"Actual Rows":17139931,"Actual Loops":1,"Output":["stock.s_w_id","stock.s_i_id","order_line.ol_amount","order_line.ol_w_id","order_line.ol_d_id","order_line.ol_o_id"],"Hash Cond":"((order_line.ol_supply_w_id = stock.s_w_id) AND (order_line.ol_i_id = stock.s_i_id))","Rows Removed by Bloom Filter":0,"Shared Hit Blocks":0,"Shared Read Blocks":0,"Shared Dirtied Blocks":0,"Shared Written Blocks":0,"Local Hit Blocks":0,"Local Read Blocks":0,"Local Dirtied Blocks":0,"Local Written Blocks":0,"Temp Read Blocks":0,"Temp Written Blocks":0,"I/O Read Time":0.0,"I/O Write Time":0.0,"Temp I/O Read Time":0.0,"Temp I/O Write Time":0.0,"Plans":[{"Node Type":"Append","Parent Relationship":"Outer","Parallel Aware":false,"Async Capable":false,"Startup Cost":20.0,"Total Cost":482290.51,"Plan Rows":17536869,"Plan Width":22,"Actual Startup Time":27.452,"Actual Total Time":27.461,"Actual Rows":17139931,"Actual Loops":1,"Shared Hit Blocks":0,"Shared Read Blocks":0,"Shared Dirtied Blocks":0,"Shared Written Blocks":0,"Local Hit Blocks":0,"Local Read Blocks":0,"Local Dirtied Blocks":0,"Local Written Blocks":0,"Temp Read Blocks":0,"Temp Written Blocks":0,"I/O Read Time":0.0,"I/O Write Time":0.0,"Temp I/O Read Time":0.0,"Temp I/O Write Time":0.0,"Subplans Removed":0,"Plans":[{"Node Type":"Custom Scan","Parent Relationship":"Member","Custom Plan Provider":"columnar scan","Parallel Aware":false,"Async Capable":false,"Relation Name":"order_line","Schema":"public","Alias":"order_line","Startup Cost":20.0,"Total Cost":482285.56,"Plan Rows":17536851,"Plan Width":22,"Actual Startup Time":27.45,"Actual Total Time":27.452,"Actual Rows":17139931,"Actual Loops":1,"Output":["order_line.ol_amount","order_line.ol_supply_w_id","order_line.ol_i_id","order_line.ol_w_id","order_line.ol_d_id","order_line.ol_o_id"],"Filter":"((order_line.ol_delivery_d <= '1997-01-01 20:10:02.27764'::timestamp without time zone) AND (order_line.ol_delivery_d >= '1995-01-02 20:10:02.27764'::timestamp without time zone))","Rows Removed by Filter":0,"Rows Removed by Columnar Filter":42853830,"Columnar cache search mode":"native","Shared Hit Blocks":0,"Shared Read Blocks":0,"Shared Dirtied Blocks":0,"Shared Written Blocks":0,"Local Hit Blocks":0,"Local Read Blocks":0,"Local Dirtied Blocks":0,"Local Written Blocks":0,"Temp Read Blocks":0,"Temp Written Blocks":0,"I/O Read Time":0.0,"I/O Write Time":0.0,"Temp I/O Read Time":0.0,"Temp I/O Write Time":0.0},{"Node Type":"Seq Scan","Parent Relationship":"Member","Parallel Aware":false,"Async Capable":false,"Relation Name":"order_line","Schema":"public","Alias":"order_line","Startup Cost":0.0,"Total Cost":4.95,"Plan Rows":18,"Plan Width":22,"Actual Startup Time":0.0,"Actual Total Time":0.0,"Actual Rows":0,"Actual Loops":0,"Output":["order_line.ol_amount","order_line.ol_supply_w_id","order_line.ol_i_id","order_line.ol_w_id","order_line.ol_d_id","order_line.ol_o_id"],"Filter":"((order_line.ol_delivery_d <= '1997-01-01 20:10:02.27764'::timestamp without time zone) AND (order_line.ol_delivery_d >= '1995-01-02 20:10:02.27764'::timestamp without time zone))","Rows Removed by Filter":0,"Shared Hit Blocks":0,"Shared Read Blocks":0,"Shared Dirtied Blocks":0,"Shared Written Blocks":0,"Local Hit Blocks":0,"Local Read Blocks":0,"Local Dirtied Blocks":0,"Local Written Blocks":0,"Temp Read Blocks":0,"Temp Written Blocks":0,"I/O Read Time":0.0,"I/O Write Time":0.0,"Temp I/O Read Time":0.0,"Temp I/O Write Time":0.0}]},{"Node Type":"Hash","Parent Relationship":"Inner","Parallel Aware":false,"Async Capable":false,"Startup Cost":390026.22,"Total Cost":390026.22,"Plan Rows":20000212,"Plan Width":6,"Actual Rows":20000000,"Actual Loops":1,"Output":["stock.s_w_id","stock.s_i_id"],"Shared Hit Blocks":0,"Shared Read Blocks":0,"Shared Dirtied Blocks":0,"Shared Written Blocks":0,"Local Hit Blocks":0,"Local Read Blocks":0,"Local Dirtied Blocks":0,"Local Written Blocks":0,"Temp Read Blocks":0,"Temp Written Blocks":0,"I/O Read Time":0.0,"I/O Write Time":0.0,"Temp I/O Read Time":0.0,"Temp I/O Write Time":0.0,"Plans":[{"Node Type":"Append","Parent Relationship":"Outer","Parallel Aware":false,"Async Capable":false,"Startup Cost":20.0,"Total Cost":390026.22,"Plan Rows":20000212,"Plan Width":6,"Actual Startup Time":0.371,"Actual Total Time":0.373,"Actual Rows":20000000,"Actual Loops":1,"Shared Hit Blocks":0,"Shared Read Blocks":0,"Shared Dirtied Blocks":0,"Shared Written Blocks":0,"Local Hit Blocks":0,"Local Read Blocks":0,"Local Dirtied Blocks":0,"Local Written Blocks":0,"Temp Read Blocks":0,"Temp Written Blocks":0,"I/O Read Time":0.0,"I/O Write Time":0.0,"Temp I/O Read Time":0.0,"Temp I/O Write Time":0.0,"Subplans Removed":0,"Plans":[{"Node Type":"Custom Scan","Parent Relationship":"Member","Custom Plan Provider":"columnar scan","Parallel Aware":false,"Async Capable":false,"Relation Name":"stock","Schema":"public","Alias":"stock","Startup Cost":20.0,"Total Cost":390020.1,"Plan Rows":20000000,"Plan Width":6,"Actual Startup Time":0.371,"Actual Total Time":0.372,"Actual Rows":20000000,"Actual Loops":1,"Output":["stock.s_w_id","stock.s_i_id"],"Rows Removed by Columnar Filter":0,"Columnar cache search mode":"native","Shared Hit Blocks":0,"Shared Read Blocks":0,"Shared Dirtied Blocks":0,"Shared Written Blocks":0,"Local Hit Blocks":0,"Local Read Blocks":0,"Local Dirtied Blocks":0,"Local Written Blocks":0,"Temp Read Blocks":0,"Temp Written Blocks":0,"I/O Read Time":0.0,"I/O Write Time":0.0,"Temp I/O Read Time":0.0,"Temp I/O Write Time":0.0},{"Node Type":"Seq Scan","Parent Relationship":"Member","Parallel Aware":false,"Async Capable":false,"Relation Name":"stock","Schema":"public","Alias":"stock","Startup Cost":0.0,"Total Cost":6.12,"Plan Rows":212,"Plan Width":6,"Actual Startup Time":0.0,"Actual Total Time":0.0,"Actual Rows":0,"Actual Loops":0,"Output":["stock.s_w_id","stock.s_i_id"],"Shared Hit Blocks":0,"Shared Read Blocks":0,"Shared Dirtied Blocks":0,"Shared Written Blocks":0,"Local Hit Blocks":0,"Local Read Blocks":0,"Local Dirtied Blocks":0,"Local Written Blocks":0,"Temp Read Blocks":0,"Temp Written Blocks":0,"I/O Read Time":0.0,"I/O Write Time":0.0,"Temp I/O Read Time":0.0,"Temp I/O Write Time":0.0}]}]}]},{"Node Type":"Hash","Parent Relationship":"Inner","Parallel Aware":false,"Async Capable":false,"Startup Cost":219.01,"Total Cost":219.01,"Plan Rows":10001,"Plan Width":8,"Actual Startup Time":3.07,"Actual Total Time":3.072,"Actual Rows":10000,"Actual Loops":1,"Output":["supplier.su_nationkey","supplier.su_suppkey"],"Hash Buckets":16384,"Original Hash Buckets":16384,"Hash Batches":1,"Original Hash Batches":1,"Peak Memory Usage":519,"Shared Hit Blocks":0,"Shared Read Blocks":0,"Shared Dirtied Blocks":0,"Shared Written Blocks":0,"Local Hit Blocks":0,"Local Read Blocks":0,"Local Dirtied Blocks":0,"Local Written Blocks":0,"Temp Read Blocks":0,"Temp Written Blocks":0,"I/O Read Time":0.0,"I/O Write Time":0.0,"Temp I/O Read Time":0.0,"Temp I/O Write Time":0.0,"Plans":[{"Node Type":"Append","Parent Relationship":"Outer","Parallel Aware":false,"Async Capable":false,"Startup Cost":20.0,"Total Cost":219.01,"Plan Rows":10001,"Plan Width":8,"Actual Startup Time":0.013,"Actual Total Time":1.86,"Actual Rows":10000,"Actual Loops":1,"Shared Hit Blocks":0,"Shared Read Blocks":0,"Shared Dirtied Blocks":0,"Shared Written Blocks":0,"Local Hit Blocks":0,"Local Read Blocks":0,"Local Dirtied Blocks":0,"Local Written Blocks":0,"Temp Read Blocks":0,"Temp Written Blocks":0,"I/O Read Time":0.0,"I/O Write Time":0.0,"Temp I/O Read Time":0.0,"Temp I/O Write Time":0.0,"Subplans Removed":0,"Plans":[{"Node Type":"Custom Scan","Parent Relationship":"Member","Custom Plan Provider":"columnar scan","Parallel Aware":false,"Async Capable":false,"Relation Name":"supplier","Schema":"public","Alias":"supplier","Startup Cost":20.0,"Total Cost":215.0,"Plan Rows":10000,"Plan Width":8,"Actual Startup Time":0.011,"Actual Total Time":1.081,"Actual Rows":10000,"Actual Loops":1,"Output":["supplier.su_nationkey","supplier.su_suppkey"],"Rows Removed by Columnar Filter":0,"Columnar cache search mode":"native","Shared Hit Blocks":0,"Shared Read Blocks":0,"Shared Dirtied Blocks":0,"Shared Written Blocks":0,"Local Hit Blocks":0,"Local Read Blocks":0,"Local Dirtied Blocks":0,"Local Written Blocks":0,"Temp Read Blocks":0,"Temp Written Blocks":0,"I/O Read Time":0.0,"I/O Write Time":0.0,"Temp I/O Read Time":0.0,"Temp I/O Write Time":0.0},{"Node Type":"Seq Scan","Parent Relationship":"Member","Parallel Aware":false,"Async Capable":false,"Relation Name":"supplier","Schema":"public","Alias":"supplier","Startup Cost":0.0,"Total Cost":4.01,"Plan Rows":1,"Plan Width":8,"Actual Startup Time":0.0,"Actual Total Time":0.0,"Actual Rows":0,"Actual Loops":0,"Output":["supplier.su_nationkey","supplier.su_suppkey"],"Shared Hit Blocks":0,"Shared Read Blocks":0,"Shared Dirtied Blocks":0,"Shared Written Blocks":0,"Local Hit Blocks":0,"Local Read Blocks":0,"Local Dirtied Blocks":0,"Local Written Blocks":0,"Temp Read Blocks":0,"Temp Written Blocks":0,"I/O Read Time":0.0,"I/O Write Time":0.0,"Temp I/O Read Time":0.0,"Temp I/O Write Time":0.0}]}]}]},{"Node Type":"Hash","Parent Relationship":"Inner","Parallel Aware":false,"Async Capable":false,"Startup Cost":1.93,"Total Cost":1.93,"Plan Rows":2,"Plan Width":12,"Actual Startup Time":0.024,"Actual Total Time":0.025,"Actual Rows":2,"Actual Loops":1,"Output":["n1.n_nationkey","n1.n_name"],"Hash Buckets":1024,"Original Hash Buckets":1024,"Hash Batches":1,"Original Hash Batches":1,"Peak Memory Usage":9,"Shared Hit Blocks":1,"Shared Read Blocks":0,"Shared Dirtied Blocks":0,"Shared Written Blocks":0,"Local Hit Blocks":0,"Local Read Blocks":0,"Local Dirtied Blocks":0,"Local Written Blocks":0,"Temp Read Blocks":0,"Temp Written Blocks":0,"I/O Read Time":0.0,"I/O Write Time":0.0,"Temp I/O Read Time":0.0,"Temp I/O Write Time":0.0,"Plans":[{"Node Type":"Seq Scan","Parent Relationship":"Outer","Parallel Aware":false,"Async Capable":false,"Relation Name":"nation","Schema":"public","Alias":"n1","Startup Cost":0.0,"Total Cost":1.93,"Plan Rows":2,"Plan Width":12,"Actual Startup Time":0.015,"Actual Total Time":0.02,"Actual Rows":2,"Actual Loops":1,"Output":["n1.n_nationkey","n1.n_name"],"Filter":"(((n1.n_name)::text = 'Germany'::text) OR ((n1.n_name)::text = 'Cambodia'::text))","Rows Removed by Filter":60,"Shared Hit Blocks":1,"Shared Read Blocks":0,"Shared Dirtied Blocks":0,"Shared Written Blocks":0,"Local Hit Blocks":0,"Local Read Blocks":0,"Local Dirtied Blocks":0,"Local Written Blocks":0,"Temp Read Blocks":0,"Temp Written Blocks":0,"I/O Read Time":0.0,"I/O Write Time":0.0,"Temp I/O Read Time":0.0,"Temp I/O Write Time":0.0}]}]},{"Node Type":"Hash","Parent Relationship":"Inner","Parallel Aware":false,"Async Capable":false,"Startup Cost":119121.6,"Total Cost":119121.6,"Plan Rows":5996324,"Plan Width":24,"Actual Startup Time":1828.936,"Actual Total Time":1828.938,"Actual Rows":5995789,"Actual Loops":1,"Output":["orders.o_entry_d","orders.o_w_id","orders.o_d_id","orders.o_id","orders.o_c_id"],"Hash Buckets":131072,"Original Hash Buckets":131072,"Hash Batches":64,"Original Hash Batches":64,"Peak Memory Usage":6496,"Shared Hit Blocks":44122,"Shared Read Blocks":0,"Shared Dirtied Blocks":0,"Shared Written Blocks":0,"Local Hit Blocks":0,"Local Read Blocks":0,"Local Dirtied Blocks":0,"Local Written Blocks":0,"Temp Read Blocks":0,"Temp Written Blocks":34552,"I/O Read Time":0.0,"I/O Write Time":0.0,"Temp I/O Read Time":0.0,"Temp I/O Write Time":155.337,"Plans":[{"Node Type":"Seq Scan","Parent Relationship":"Outer","Parallel Aware":false,"Async Capable":false,"Relation Name":"orders","Schema":"public","Alias":"orders","Startup Cost":0.0,"Total Cost":119121.6,"Plan Rows":5996324,"Plan Width":24,"Actual Startup Time":0.033,"Actual Total Time":736.361,"Actual Rows":5995789,"Actual Loops":1,"Output":["orders.o_entry_d","orders.o_w_id","orders.o_d_id","orders.o_id","orders.o_c_id"],"Filter":"(orders.o_entry_d >= '1992-01-02 20:10:02.27764'::timestamp without time zone)","Rows Removed by Filter":4211,"Shared Hit Blocks":44122,"Shared Read Blocks":0,"Shared Dirtied Blocks":0,"Shared Written Blocks":0,"Local Hit Blocks":0,"Local Read Blocks":0,"Local Dirtied Blocks":0,"Local Written Blocks":0,"Temp Read Blocks":0,"Temp Written Blocks":0,"I/O Read Time":0.0,"I/O Write Time":0.0,"Temp I/O Read Time":0.0,"Temp I/O Write Time":0.0}]}]}]},{"Node Type":"Materialize","Parent Relationship":"Inner","Parallel Aware":false,"Async Capable":false,"Startup Cost":557789.1,"Total Cost":558756.87,"Plan Rows":193553,"Plan Width":20,"Actual Startup Time":2196.948,"Actual Total Time":2269.13,"Actual Rows":293066,"Actual Loops":1,"Output":["customer.c_nationkey","customer.c_id","customer.c_w_id","customer.c_d_id","n2.n_name"],"Shared Hit Blocks":459991,"Shared Read Blocks":0,"Shared Dirtied Blocks":0,"Shared Written Blocks":0,"Local Hit Blocks":0,"Local Read Blocks":0,"Local Dirtied Blocks":0,"Local Written Blocks":0,"Temp Read Blocks":1090,"Temp Written Blocks":1096,"I/O Read Time":0.0,"I/O Write Time":0.0,"Temp I/O Read Time":1.588,"Temp I/O Write Time":4.309,"Plans":[{"Node Type":"Sort","Parent Relationship":"Outer","Parallel Aware":false,"Async Capable":false,"Startup Cost":557789.1,"Total Cost":558272.98,"Plan Rows":193553,"Plan Width":20,"Actual Startup Time":2196.939,"Actual Total Time":2237.551,"Actual Rows":289967,"Actual Loops":1,"Output":["customer.c_nationkey","customer.c_id","customer.c_w_id","customer.c_d_id","n2.n_name"],"Sort Key":["customer.c_id","customer.c_w_id","customer.c_d_id"],"Sort Method":"external merge","Sort Space Used":8720,"Sort Space Type":"Disk","Shared Hit Blocks":459991,"Shared Read Blocks":0,"Shared Dirtied Blocks":0,"Shared Written Blocks":0,"Local Hit Blocks":0,"Local Read Blocks":0,"Local Dirtied Blocks":0,"Local Written Blocks":0,"Temp Read Blocks":1090,"Temp Written Blocks":1096,"I/O Read Time":0.0,"I/O Write Time":0.0,"Temp I/O Read Time":1.588,"Temp I/O Write Time":4.309,"Plans":[{"Node Type":"Hash Join","Parent Relationship":"Outer","Parallel Aware":false,"Async Capable":false,"Join Type":"Inner","Startup Cost":1.95,"Total Cost":536820.36,"Plan Rows":193553,"Plan Width":20,"Actual Startup Time":0.09,"Actual Total Time":2088.129,"Actual Rows":289972,"Actual Loops":1,"Output":["customer.c_nationkey","customer.c_id","customer.c_w_id","customer.c_d_id","n2.n_name"],"Hash Cond":"(customer.c_nationkey = n2.n_nationkey)","Shared Hit Blocks":459991,"Shared Read Blocks":0,"Shared Dirtied Blocks":0,"Shared Written Blocks":0,"Local Hit Blocks":0,"Local Read Blocks":0,"Local Dirtied Blocks":0,"Local Written Blocks":0,"Temp Read Blocks":0,"Temp Written Blocks":0,"I/O Read Time":0.0,"I/O Write Time":0.0,"Temp I/O Read Time":0.0,"Temp I/O Write Time":0.0,"Plans":[{"Node Type":"Seq Scan","Parent Relationship":"Outer","Parallel Aware":false,"Async Capable":false,"Relation Name":"customer","Schema":"public","Alias":"customer","Startup Cost":0.0,"Total Cost":519991.4,"Plan Rows":6000140,"Plan Width":12,"Actual Startup Time":0.026,"Actual Total Time":702.872,"Actual Rows":6000000,"Actual Loops":1,"Output":["customer.c_id","customer.c_d_id","customer.c_w_id","customer.c_nationkey","customer.c_first","customer.c_middle","customer.c_last","customer.c_street_1","customer.c_street_2","customer.c_city","customer.c_state","customer.c_zip","customer.c_phone","customer.c_since","customer.c_credit","customer.c_credit_lim","customer.c_discount","customer.c_balance","customer.c_ytd_payment","customer.c_payment_cnt","customer.c_delivery_cnt","customer.c_data"],"Shared Hit Blocks":459990,"Shared Read Blocks":0,"Shared Dirtied Blocks":0,"Shared Written Blocks":0,"Local Hit Blocks":0,"Local Read Blocks":0,"Local Dirtied Blocks":0,"Local Written Blocks":0,"Temp Read Blocks":0,"Temp Written Blocks":0,"I/O Read Time":0.0,"I/O Write Time":0.0,"Temp I/O Read Time":0.0,"Temp I/O Write Time":0.0},{"Node Type":"Hash","Parent Relationship":"Inner","Parallel Aware":false,"Async Capable":false,"Startup Cost":1.93,"Total Cost":1.93,"Plan Rows":2,"Plan Width":12,"Actual Startup Time":0.026,"Actual Total Time":0.027,"Actual Rows":2,"Actual Loops":1,"Output":["n2.n_nationkey","n2.n_name"],"Hash Buckets":1024,"Original Hash Buckets":1024,"Hash Batches":1,"Original Hash Batches":1,"Peak Memory Usage":9,"Shared Hit Blocks":1,"Shared Read Blocks":0,"Shared Dirtied Blocks":0,"Shared Written Blocks":0,"Local Hit Blocks":0,"Local Read Blocks":0,"Local Dirtied Blocks":0,"Local Written Blocks":0,"Temp Read Blocks":0,"Temp Written Blocks":0,"I/O Read Time":0.0,"I/O Write Time":0.0,"Temp I/O Read Time":0.0,"Temp I/O Write Time":0.0,"Plans":[{"Node Type":"Seq Scan","Parent Relationship":"Outer","Parallel Aware":false,"Async Capable":false,"Relation Name":"nation","Schema":"public","Alias":"n2","Startup Cost":0.0,"Total Cost":1.93,"Plan Rows":2,"Plan Width":12,"Actual Startup Time":0.017,"Actual Total Time":0.022,"Actual Rows":2,"Actual Loops":1,"Output":["n2.n_nationkey","n2.n_name"],"Filter":"(((n2.n_name)::text = 'Cambodia'::text) OR ((n2.n_name)::text = 'Germany'::text))","Rows Removed by Filter":60,"Shared Hit Blocks":1,"Shared Read Blocks":0,"Shared Dirtied Blocks":0,"Shared Written Blocks":0,"Local Hit Blocks":0,"Local Read Blocks":0,"Local Dirtied Blocks":0,"Local Written Blocks":0,"Temp Read Blocks":0,"Temp Written Blocks":0,"I/O Read Time":0.0,"I/O Write Time":0.0,"Temp I/O Read Time":0.0,"Temp I/O Write Time":0.0}]}]}]}]}]}]}]},"Planning":{"Shared Hit Blocks":152,"Shared Read Blocks":0,"Shared Dirtied Blocks":0,"Shared Written Blocks":0,"Local Hit Blocks":0,"Local Read Blocks":0,"Local Dirtied Blocks":0,"Local Written Blocks":0,"Temp Read Blocks":0,"Temp Written Blocks":0,"I/O Read Time":0.0,"I/O Write Time":0.0,"Temp I/O Read Time":0.0,"Temp I/O Write Time":0.0},"Planning Time":3.863,"Triggers":[],"Execution Time":15795.742}]
[列存组合]: nation, orders, stock, supplier
[{"Plan":{"Node Type":"Aggregate","Strategy":"Sorted","Partial Mode":"Simple","Parallel Aware":false,"Async Capable":false,"Startup Cost":3780864.39,"Total Cost":3781119.21,"Plan Rows":9266,"Plan Width":72,"Actual Startup Time":22953.365,"Actual Total Time":22955.926,"Actual Rows":6,"Actual Loops":1,"Output":["supplier.su_nationkey","customer.c_nationkey","(EXTRACT(year FROM orders.o_entry_d))","sum(order_line.ol_amount)"],"Group Key":["supplier.su_nationkey","customer.c_nationkey","(EXTRACT(year FROM orders.o_entry_d))"],"Shared Hit Blocks":1240535,"Shared Read Blocks":0,"Shared Dirtied Blocks":0,"Shared Written Blocks":0,"Local Hit Blocks":0,"Local Read Blocks":0,"Local Dirtied Blocks":0,"Local Written Blocks":0,"Temp Read Blocks":124799,"Temp Written Blocks":124817,"I/O Read Time":0.0,"I/O Write Time":0.0,"Temp I/O Read Time":190.541,"Temp I/O Write Time":536.786,"Plans":[{"Node Type":"Sort","Parent Relationship":"Outer","Parallel Aware":false,"Async Capable":false,"Startup Cost":3780864.39,"Total Cost":3780887.56,"Plan Rows":9266,"Plan Width":44,"Actual Startup Time":22953.257,"Actual Total Time":22953.791,"Actual Rows":12121,"Actual Loops":1,"Output":["supplier.su_nationkey","customer.c_nationkey","(EXTRACT(year FROM orders.o_entry_d))","order_line.ol_amount"],"Sort Key":["supplier.su_nationkey","customer.c_nationkey","(EXTRACT(year FROM orders.o_entry_d))"],"Sort Method":"quicksort","Sort Space Used":1047,"Sort Space Type":"Memory","Shared Hit Blocks":1240535,"Shared Read Blocks":0,"Shared Dirtied Blocks":0,"Shared Written Blocks":0,"Local Hit Blocks":0,"Local Read Blocks":0,"Local Dirtied Blocks":0,"Local Written Blocks":0,"Temp Read Blocks":124799,"Temp Written Blocks":124817,"I/O Read Time":0.0,"I/O Write Time":0.0,"Temp I/O Read Time":190.541,"Temp I/O Write Time":536.786,"Plans":[{"Node Type":"Merge Join","Parent Relationship":"Outer","Parallel Aware":false,"Async Capable":false,"Join Type":"Inner","Startup Cost":3771794.04,"Total Cost":3780253.87,"Plan Rows":9266,"Plan Width":44,"Actual Startup Time":22604.901,"Actual Total Time":22950.006,"Actual Rows":12121,"Actual Loops":1,"Output":["supplier.su_nationkey","customer.c_nationkey","EXTRACT(year FROM orders.o_entry_d)","order_line.ol_amount"],"Inner Unique":false,"Merge Cond":"((orders.o_c_id = customer.c_id) AND (order_line.ol_w_id = customer.c_w_id) AND (order_line.ol_d_id = customer.c_d_id))","Join Filter":"((((n1.n_name)::text = 'Germany'::text) AND ((n2.n_name)::text = 'Cambodia'::text)) OR (((n1.n_name)::text = 'Cambodia'::text) AND ((n2.n_name)::text = 'Germany'::text)))","Rows Removed by Join Filter":11453,"Shared Hit Blocks":1240535,"Shared Read Blocks":0,"Shared Dirtied Blocks":0,"Shared Written Blocks":0,"Local Hit Blocks":0,"Local Read Blocks":0,"Local Dirtied Blocks":0,"Local Written Blocks":0,"Temp Read Blocks":124799,"Temp Written Blocks":124817,"I/O Read Time":0.0,"I/O Write Time":0.0,"Temp I/O Read Time":190.541,"Temp I/O Write Time":536.786,"Plans":[{"Node Type":"Sort","Parent Relationship":"Outer","Parallel Aware":false,"Async Capable":false,"Startup Cost":3214004.75,"Total Cost":3215418.15,"Plan Rows":565362,"Plan Width":36,"Actual Startup Time":20328.92,"Actual Total Time":20503.018,"Actual Rows":485009,"Actual Loops":1,"Output":["supplier.su_nationkey","order_line.ol_amount","order_line.ol_w_id","order_line.ol_d_id","orders.o_entry_d","orders.o_w_id","orders.o_d_id","orders.o_c_id","n1.n_name"],"Sort Key":["orders.o_c_id","order_line.ol_w_id","order_line.ol_d_id"],"Sort Method":"external merge","Sort Space Used":24000,"Sort Space Type":"Disk","Shared Hit Blocks":780544,"Shared Read Blocks":0,"Shared Dirtied Blocks":0,"Shared Written Blocks":0,"Local Hit Blocks":0,"Local Read Blocks":0,"Local Dirtied Blocks":0,"Local Written Blocks":0,"Temp Read Blocks":123709,"Temp Written Blocks":123721,"I/O Read Time":0.0,"I/O Write Time":0.0,"Temp I/O Read Time":188.93,"Temp I/O Write Time":532.237,"Plans":[{"Node Type":"Hash Join","Parent Relationship":"Outer","Parallel Aware":false,"Async Capable":false,"Join Type":"Inner","Startup Cost":905977.05,"Total Cost":3144528.26,"Plan Rows":565362,"Plan Width":36,"Actual Startup Time":8535.766,"Actual Total Time":20081.444,"Actual Rows":485009,"Actual Loops":1,"Output":["supplier.su_nationkey","order_line.ol_amount","order_line.ol_w_id","order_line.ol_d_id","orders.o_entry_d","orders.o_w_id","orders.o_d_id","orders.o_c_id","n1.n_name"],"Inner Unique":true,"Hash Cond":"((order_line.ol_w_id = orders.o_w_id) AND (order_line.ol_d_id = orders.o_d_id) AND (order_line.ol_o_id = orders.o_id))","Shared Hit Blocks":780544,"Shared Read Blocks":0,"Shared Dirtied Blocks":0,"Shared Written Blocks":0,"Local Hit Blocks":0,"Local Read Blocks":0,"Local Dirtied Blocks":0,"Local Written Blocks":0,"Temp Read Blocks":120709,"Temp Written Blocks":120709,"I/O Read Time":0.0,"I/O Write Time":0.0,"Temp I/O Read Time":184.405,"Temp I/O Write Time":521.035,"Plans":[{"Node Type":"Hash Join","Parent Relationship":"Outer","Parallel Aware":false,"Async Capable":false,"Join Type":"Inner","Startup Cost":646784.78,"Total Cost":2838010.06,"Plan Rows":565705,"Plan Width":28,"Actual Startup Time":6722.364,"Actual Total Time":17591.03,"Actual Rows":485009,"Actual Loops":1,"Output":["supplier.su_nationkey","order_line.ol_amount","order_line.ol_w_id","order_line.ol_d_id","order_line.ol_o_id","n1.n_name"],"Inner Unique":false,"Hash Cond":"((order_line.ol_supply_w_id = stock.s_w_id) AND (order_line.ol_i_id = stock.s_i_id))","Shared Hit Blocks":736422,"Shared Read Blocks":0,"Shared Dirtied Blocks":0,"Shared Written Blocks":0,"Local Hit Blocks":0,"Local Read Blocks":0,"Local Dirtied Blocks":0,"Local Written Blocks":0,"Temp Read Blocks":83003,"Temp Written Blocks":83003,"I/O Read Time":0.0,"I/O Write Time":0.0,"Temp I/O Read Time":127.004,"Temp I/O Write Time":348.704,"Plans":[{"Node Type":"Seq Scan","Parent Relationship":"Outer","Parallel Aware":false,"Async Capable":false,"Relation Name":"order_line","Schema":"public","Alias":"order_line","Startup Cost":0.0,"Total Cost":1581655.36,"Plan Rows":17536869,"Plan Width":22,"Actual Startup Time":6.526,"Actual Total Time":5725.247,"Actual Rows":17139931,"Actual Loops":1,"Output":["order_line.ol_amount","order_line.ol_supply_w_id","order_line.ol_i_id","order_line.ol_w_id","order_line.ol_d_id","order_line.ol_o_id"],"Filter":"((order_line.ol_delivery_d >= '1995-01-02 20:10:02.27764'::timestamp without time zone) AND (order_line.ol_delivery_d <= '1997-01-01 20:10:02.27764'::timestamp without time zone))","Rows Removed by Filter":42853830,"Shared Hit Blocks":681748,"Shared Read Blocks":0,"Shared Dirtied Blocks":0,"Shared Written Blocks":0,"Local Hit Blocks":0,"Local Read Blocks":0,"Local Dirtied Blocks":0,"Local Written Blocks":0,"Temp Read Blocks":0,"Temp Written Blocks":0,"I/O Read Time":0.0,"I/O Write Time":0.0,"Temp I/O Read Time":0.0,"Temp I/O Write Time":0.0},{"Node Type":"Hash","Parent Relationship":"Inner","Parallel Aware":false,"Async Capable":false,"Startup Cost":633326.26,"Total Cost":633326.26,"Plan Rows":645168,"Plan Width":18,"Actual Startup Time":6715.208,"Actual Total Time":6715.224,"Actual Rows":566400,"Actual Loops":1,"Output":["supplier.su_nationkey","stock.s_w_id","stock.s_i_id","n1.n_name"],"Hash Buckets":131072,"Original Hash Buckets":131072,"Hash Batches":8,"Original Hash Batches":8,"Peak Memory Usage":4646,"Shared Hit Blocks":54674,"Shared Read Blocks":0,"Shared Dirtied Blocks":0,"Shared Written Blocks":0,"Local Hit Blocks":0,"Local Read Blocks":0,"Local Dirtied Blocks":0,"Local Written Blocks":0,"Temp Read Blocks":0,"Temp Written Blocks":2445,"I/O Read Time":0.0,"I/O Write Time":0.0,"Temp I/O Read Time":0.0,"Temp I/O Write Time":12.795,"Plans":[{"Node Type":"Hash Join","Parent Relationship":"Outer","Parallel Aware":false,"Async Capable":false,"Join Type":"Inner","Startup Cost":346.42,"Total Cost":633326.26,"Plan Rows":645168,"Plan Width":18,"Actual Startup Time":3.144,"Actual Total Time":6607.906,"Actual Rows":566400,"Actual Loops":1,"Output":["supplier.su_nationkey","stock.s_w_id","stock.s_i_id","n1.n_name"],"Inner Unique":true,"Hash Cond":"(supplier.su_nationkey = n1.n_nationkey)","Shared Hit Blocks":54674,"Shared Read Blocks":0,"Shared Dirtied Blocks":0,"Shared Written Blocks":0,"Local Hit Blocks":0,"Local Read Blocks":0,"Local Dirtied Blocks":0,"Local Written Blocks":0,"Temp Read Blocks":0,"Temp Written Blocks":0,"I/O Read Time":0.0,"I/O Write Time":0.0,"Temp I/O Read Time":0.0,"Temp I/O Write Time":0.0,"Plans":[{"Node Type":"Hash Join","Parent Relationship":"Outer","Parallel Aware":false,"Async Capable":false,"Join Type":"Inner","Startup Cost":344.46,"Total Cost":577235.0,"Plan Rows":20000212,"Plan Width":10,"Actual Startup Time":3.101,"Actual Total Time":5186.577,"Actual Rows":20000000,"Actual Loops":1,"Output":["supplier.su_nationkey","stock.s_w_id","stock.s_i_id"],"Inner Unique":true,"Hash Cond":"(mod((stock.s_w_id * stock.s_i_id), 10000) = supplier.su_suppkey)","Shared Hit Blocks":54673,"Shared Read Blocks":0,"Shared Dirtied Blocks":0,"Shared Written Blocks":0,"Local Hit Blocks":0,"Local Read Blocks":0,"Local Dirtied Blocks":0,"Local Written Blocks":0,"Temp Read Blocks":0,"Temp Written Blocks":0,"I/O Read Time":0.0,"I/O Write Time":0.0,"Temp I/O Read Time":0.0,"Temp I/O Write Time":0.0,"Plans":[{"Node Type":"Index Only Scan","Parent Relationship":"Outer","Parallel Aware":false,"Async Capable":false,"Scan Direction":"Forward","Index Name":"stock_pk","Relation Name":"stock","Schema":"public","Alias":"stock","Startup Cost":0.44,"Total Cost":519363.62,"Plan Rows":20000212,"Plan Width":6,"Actual Startup Time":0.033,"Actual Total Time":1523.166,"Actual Rows":20000000,"Actual Loops":1,"Output":["stock.s_w_id","stock.s_i_id"],"Heap Fetches":0,"Shared Hit Blocks":54673,"Shared Read Blocks":0,"Shared Dirtied Blocks":0,"Shared Written Blocks":0,"Local Hit Blocks":0,"Local Read Blocks":0,"Local Dirtied Blocks":0,"Local Written Blocks":0,"Temp Read Blocks":0,"Temp Written Blocks":0,"I/O Read Time":0.0,"I/O Write Time":0.0,"Temp I/O Read Time":0.0,"Temp I/O Write Time":0.0},{"Node Type":"Hash","Parent Relationship":"Inner","Parallel Aware":false,"Async Capable":false,"Startup Cost":219.01,"Total Cost":219.01,"Plan Rows":10001,"Plan Width":8,"Actual Startup Time":3.014,"Actual Total Time":3.019,"Actual Rows":10000,"Actual Loops":1,"Output":["supplier.su_nationkey","supplier.su_suppkey"],"Hash Buckets":16384,"Original Hash Buckets":16384,"Hash Batches":1,"Original Hash Batches":1,"Peak Memory Usage":519,"Shared Hit Blocks":0,"Shared Read Blocks":0,"Shared Dirtied Blocks":0,"Shared Written Blocks":0,"Local Hit Blocks":0,"Local Read Blocks":0,"Local Dirtied Blocks":0,"Local Written Blocks":0,"Temp Read Blocks":0,"Temp Written Blocks":0,"I/O Read Time":0.0,"I/O Write Time":0.0,"Temp I/O Read Time":0.0,"Temp I/O Write Time":0.0,"Plans":[{"Node Type":"Append","Parent Relationship":"Outer","Parallel Aware":false,"Async Capable":false,"Startup Cost":20.0,"Total Cost":219.01,"Plan Rows":10001,"Plan Width":8,"Actual Startup Time":0.041,"Actual Total Time":1.807,"Actual Rows":10000,"Actual Loops":1,"Shared Hit Blocks":0,"Shared Read Blocks":0,"Shared Dirtied Blocks":0,"Shared Written Blocks":0,"Local Hit Blocks":0,"Local Read Blocks":0,"Local Dirtied Blocks":0,"Local Written Blocks":0,"Temp Read Blocks":0,"Temp Written Blocks":0,"I/O Read Time":0.0,"I/O Write Time":0.0,"Temp I/O Read Time":0.0,"Temp I/O Write Time":0.0,"Subplans Removed":0,"Plans":[{"Node Type":"Custom Scan","Parent Relationship":"Member","Custom Plan Provider":"columnar scan","Parallel Aware":false,"Async Capable":false,"Relation Name":"supplier","Schema":"public","Alias":"supplier","Startup Cost":20.0,"Total Cost":215.0,"Plan Rows":10000,"Plan Width":8,"Actual Startup Time":0.039,"Actual Total Time":1.109,"Actual Rows":10000,"Actual Loops":1,"Output":["supplier.su_nationkey","supplier.su_suppkey"],"Rows Removed by Columnar Filter":0,"Columnar cache search mode":"native","Shared Hit Blocks":0,"Shared Read Blocks":0,"Shared Dirtied Blocks":0,"Shared Written Blocks":0,"Local Hit Blocks":0,"Local Read Blocks":0,"Local Dirtied Blocks":0,"Local Written Blocks":0,"Temp Read Blocks":0,"Temp Written Blocks":0,"I/O Read Time":0.0,"I/O Write Time":0.0,"Temp I/O Read Time":0.0,"Temp I/O Write Time":0.0},{"Node Type":"Seq Scan","Parent Relationship":"Member","Parallel Aware":false,"Async Capable":false,"Relation Name":"supplier","Schema":"public","Alias":"supplier","Startup Cost":0.0,"Total Cost":4.01,"Plan Rows":1,"Plan Width":8,"Actual Startup Time":0.0,"Actual Total Time":0.0,"Actual Rows":0,"Actual Loops":0,"Output":["supplier.su_nationkey","supplier.su_suppkey"],"Shared Hit Blocks":0,"Shared Read Blocks":0,"Shared Dirtied Blocks":0,"Shared Written Blocks":0,"Local Hit Blocks":0,"Local Read Blocks":0,"Local Dirtied Blocks":0,"Local Written Blocks":0,"Temp Read Blocks":0,"Temp Written Blocks":0,"I/O Read Time":0.0,"I/O Write Time":0.0,"Temp I/O Read Time":0.0,"Temp I/O Write Time":0.0}]}]}]},{"Node Type":"Hash","Parent Relationship":"Inner","Parallel Aware":false,"Async Capable":false,"Startup Cost":1.93,"Total Cost":1.93,"Plan Rows":2,"Plan Width":12,"Actual Startup Time":0.029,"Actual Total Time":0.03,"Actual Rows":2,"Actual Loops":1,"Output":["n1.n_nationkey","n1.n_name"],"Hash Buckets":1024,"Original Hash Buckets":1024,"Hash Batches":1,"Original Hash Batches":1,"Peak Memory Usage":9,"Shared Hit Blocks":1,"Shared Read Blocks":0,"Shared Dirtied Blocks":0,"Shared Written Blocks":0,"Local Hit Blocks":0,"Local Read Blocks":0,"Local Dirtied Blocks":0,"Local Written Blocks":0,"Temp Read Blocks":0,"Temp Written Blocks":0,"I/O Read Time":0.0,"I/O Write Time":0.0,"Temp I/O Read Time":0.0,"Temp I/O Write Time":0.0,"Plans":[{"Node Type":"Seq Scan","Parent Relationship":"Outer","Parallel Aware":false,"Async Capable":false,"Relation Name":"nation","Schema":"public","Alias":"n1","Startup Cost":0.0,"Total Cost":1.93,"Plan Rows":2,"Plan Width":12,"Actual Startup Time":0.018,"Actual Total Time":0.023,"Actual Rows":2,"Actual Loops":1,"Output":["n1.n_nationkey","n1.n_name"],"Filter":"(((n1.n_name)::text = 'Germany'::text) OR ((n1.n_name)::text = 'Cambodia'::text))","Rows Removed by Filter":60,"Shared Hit Blocks":1,"Shared Read Blocks":0,"Shared Dirtied Blocks":0,"Shared Written Blocks":0,"Local Hit Blocks":0,"Local Read Blocks":0,"Local Dirtied Blocks":0,"Local Written Blocks":0,"Temp Read Blocks":0,"Temp Written Blocks":0,"I/O Read Time":0.0,"I/O Write Time":0.0,"Temp I/O Read Time":0.0,"Temp I/O Write Time":0.0}]}]}]}]},{"Node Type":"Hash","Parent Relationship":"Inner","Parallel Aware":false,"Async Capable":false,"Startup Cost":119121.6,"Total Cost":119121.6,"Plan Rows":5996324,"Plan Width":24,"Actual Startup Time":1802.285,"Actual Total Time":1802.287,"Actual Rows":5995789,"Actual Loops":1,"Output":["orders.o_entry_d","orders.o_w_id","orders.o_d_id","orders.o_id","orders.o_c_id"],"Hash Buckets":131072,"Original Hash Buckets":131072,"Hash Batches":64,"Original Hash Batches":64,"Peak Memory Usage":6496,"Shared Hit Blocks":44122,"Shared Read Blocks":0,"Shared Dirtied Blocks":0,"Shared Written Blocks":0,"Local Hit Blocks":0,"Local Read Blocks":0,"Local Dirtied Blocks":0,"Local Written Blocks":0,"Temp Read Blocks":0,"Temp Written Blocks":34552,"I/O Read Time":0.0,"I/O Write Time":0.0,"Temp I/O Read Time":0.0,"Temp I/O Write Time":154.068,"Plans":[{"Node Type":"Seq Scan","Parent Relationship":"Outer","Parallel Aware":false,"Async Capable":false,"Relation Name":"orders","Schema":"public","Alias":"orders","Startup Cost":0.0,"Total Cost":119121.6,"Plan Rows":5996324,"Plan Width":24,"Actual Startup Time":0.015,"Actual Total Time":731.328,"Actual Rows":5995789,"Actual Loops":1,"Output":["orders.o_entry_d","orders.o_w_id","orders.o_d_id","orders.o_id","orders.o_c_id"],"Filter":"(orders.o_entry_d >= '1992-01-02 20:10:02.27764'::timestamp without time zone)","Rows Removed by Filter":4211,"Shared Hit Blocks":44122,"Shared Read Blocks":0,"Shared Dirtied Blocks":0,"Shared Written Blocks":0,"Local Hit Blocks":0,"Local Read Blocks":0,"Local Dirtied Blocks":0,"Local Written Blocks":0,"Temp Read Blocks":0,"Temp Written Blocks":0,"I/O Read Time":0.0,"I/O Write Time":0.0,"Temp I/O Read Time":0.0,"Temp I/O Write Time":0.0}]}]}]},{"Node Type":"Materialize","Parent Relationship":"Inner","Parallel Aware":false,"Async Capable":false,"Startup Cost":557789.1,"Total Cost":558756.87,"Plan Rows":193553,"Plan Width":20,"Actual Startup Time":2275.907,"Actual Total Time":2350.088,"Actual Rows":293066,"Actual Loops":1,"Output":["customer.c_nationkey","customer.c_id","customer.c_w_id","customer.c_d_id","n2.n_name"],"Shared Hit Blocks":459991,"Shared Read Blocks":0,"Shared Dirtied Blocks":0,"Shared Written Blocks":0,"Local Hit Blocks":0,"Local Read Blocks":0,"Local Dirtied Blocks":0,"Local Written Blocks":0,"Temp Read Blocks":1090,"Temp Written Blocks":1096,"I/O Read Time":0.0,"I/O Write Time":0.0,"Temp I/O Read Time":1.611,"Temp I/O Write Time":4.549,"Plans":[{"Node Type":"Sort","Parent Relationship":"Outer","Parallel Aware":false,"Async Capable":false,"Startup Cost":557789.1,"Total Cost":558272.98,"Plan Rows":193553,"Plan Width":20,"Actual Startup Time":2275.896,"Actual Total Time":2316.983,"Actual Rows":289967,"Actual Loops":1,"Output":["customer.c_nationkey","customer.c_id","customer.c_w_id","customer.c_d_id","n2.n_name"],"Sort Key":["customer.c_id","customer.c_w_id","customer.c_d_id"],"Sort Method":"external merge","Sort Space Used":8720,"Sort Space Type":"Disk","Shared Hit Blocks":459991,"Shared Read Blocks":0,"Shared Dirtied Blocks":0,"Shared Written Blocks":0,"Local Hit Blocks":0,"Local Read Blocks":0,"Local Dirtied Blocks":0,"Local Written Blocks":0,"Temp Read Blocks":1090,"Temp Written Blocks":1096,"I/O Read Time":0.0,"I/O Write Time":0.0,"Temp I/O Read Time":1.611,"Temp I/O Write Time":4.549,"Plans":[{"Node Type":"Hash Join","Parent Relationship":"Outer","Parallel Aware":false,"Async Capable":false,"Join Type":"Inner","Startup Cost":1.95,"Total Cost":536820.36,"Plan Rows":193553,"Plan Width":20,"Actual Startup Time":0.088,"Actual Total Time":2165.009,"Actual Rows":289972,"Actual Loops":1,"Output":["customer.c_nationkey","customer.c_id","customer.c_w_id","customer.c_d_id","n2.n_name"],"Inner Unique":true,"Hash Cond":"(customer.c_nationkey = n2.n_nationkey)","Shared Hit Blocks":459991,"Shared Read Blocks":0,"Shared Dirtied Blocks":0,"Shared Written Blocks":0,"Local Hit Blocks":0,"Local Read Blocks":0,"Local Dirtied Blocks":0,"Local Written Blocks":0,"Temp Read Blocks":0,"Temp Written Blocks":0,"I/O Read Time":0.0,"I/O Write Time":0.0,"Temp I/O Read Time":0.0,"Temp I/O Write Time":0.0,"Plans":[{"Node Type":"Seq Scan","Parent Relationship":"Outer","Parallel Aware":false,"Async Capable":false,"Relation Name":"customer","Schema":"public","Alias":"customer","Startup Cost":0.0,"Total Cost":519991.4,"Plan Rows":6000140,"Plan Width":12,"Actual Startup Time":0.025,"Actual Total Time":728.068,"Actual Rows":6000000,"Actual Loops":1,"Output":["customer.c_id","customer.c_d_id","customer.c_w_id","customer.c_nationkey","customer.c_first","customer.c_middle","customer.c_last","customer.c_street_1","customer.c_street_2","customer.c_city","customer.c_state","customer.c_zip","customer.c_phone","customer.c_since","customer.c_credit","customer.c_credit_lim","customer.c_discount","customer.c_balance","customer.c_ytd_payment","customer.c_payment_cnt","customer.c_delivery_cnt","customer.c_data"],"Shared Hit Blocks":459990,"Shared Read Blocks":0,"Shared Dirtied Blocks":0,"Shared Written Blocks":0,"Local Hit Blocks":0,"Local Read Blocks":0,"Local Dirtied Blocks":0,"Local Written Blocks":0,"Temp Read Blocks":0,"Temp Written Blocks":0,"I/O Read Time":0.0,"I/O Write Time":0.0,"Temp I/O Read Time":0.0,"Temp I/O Write Time":0.0},{"Node Type":"Hash","Parent Relationship":"Inner","Parallel Aware":false,"Async Capable":false,"Startup Cost":1.93,"Total Cost":1.93,"Plan Rows":2,"Plan Width":12,"Actual Startup Time":0.027,"Actual Total Time":0.029,"Actual Rows":2,"Actual Loops":1,"Output":["n2.n_nationkey","n2.n_name"],"Hash Buckets":1024,"Original Hash Buckets":1024,"Hash Batches":1,"Original Hash Batches":1,"Peak Memory Usage":9,"Shared Hit Blocks":1,"Shared Read Blocks":0,"Shared Dirtied Blocks":0,"Shared Written Blocks":0,"Local Hit Blocks":0,"Local Read Blocks":0,"Local Dirtied Blocks":0,"Local Written Blocks":0,"Temp Read Blocks":0,"Temp Written Blocks":0,"I/O Read Time":0.0,"I/O Write Time":0.0,"Temp I/O Read Time":0.0,"Temp I/O Write Time":0.0,"Plans":[{"Node Type":"Seq Scan","Parent Relationship":"Outer","Parallel Aware":false,"Async Capable":false,"Relation Name":"nation","Schema":"public","Alias":"n2","Startup Cost":0.0,"Total Cost":1.93,"Plan Rows":2,"Plan Width":12,"Actual Startup Time":0.017,"Actual Total Time":0.022,"Actual Rows":2,"Actual Loops":1,"Output":["n2.n_nationkey","n2.n_name"],"Filter":"(((n2.n_name)::text = 'Cambodia'::text) OR ((n2.n_name)::text = 'Germany'::text))","Rows Removed by Filter":60,"Shared Hit Blocks":1,"Shared Read Blocks":0,"Shared Dirtied Blocks":0,"Shared Written Blocks":0,"Local Hit Blocks":0,"Local Read Blocks":0,"Local Dirtied Blocks":0,"Local Written Blocks":0,"Temp Read Blocks":0,"Temp Written Blocks":0,"I/O Read Time":0.0,"I/O Write Time":0.0,"Temp I/O Read Time":0.0,"Temp I/O Write Time":0.0}]}]}]}]}]}]}]},"Planning":{"Shared Hit Blocks":152,"Shared Read Blocks":0,"Shared Dirtied Blocks":0,"Shared Written Blocks":0,"Local Hit Blocks":0,"Local Read Blocks":0,"Local Dirtied Blocks":0,"Local Written Blocks":0,"Temp Read Blocks":0,"Temp Written Blocks":0,"I/O Read Time":0.0,"I/O Write Time":0.0,"Temp I/O Read Time":0.0,"Temp I/O Write Time":0.0},"Planning Time":3.481,"Triggers":[],"Execution Time":22964.045}]
[列存组合]: order_line, orders, stock, supplier
[{"Plan":{"Node Type":"Aggregate","Strategy":"Sorted","Partial Mode":"Simple","Parallel Aware":false,"Async Capable":false,"Startup Cost":2139106.81,"Total Cost":2139361.62,"Plan Rows":9266,"Plan Width":72,"Actual Startup Time":15086.682,"Actual Total Time":15089.324,"Actual Rows":6,"Actual Loops":1,"Output":["supplier.su_nationkey","customer.c_nationkey","(EXTRACT(year FROM orders.o_entry_d))","sum(order_line.ol_amount)"],"Group Key":["supplier.su_nationkey","customer.c_nationkey","(EXTRACT(year FROM orders.o_entry_d))"],"Shared Hit Blocks":504114,"Shared Read Blocks":0,"Shared Dirtied Blocks":0,"Shared Written Blocks":0,"Local Hit Blocks":0,"Local Read Blocks":0,"Local Dirtied Blocks":0,"Local Written Blocks":0,"Temp Read Blocks":41796,"Temp Written Blocks":41814,"I/O Read Time":0.0,"I/O Write Time":0.0,"Temp I/O Read Time":63.856,"Temp I/O Write Time":190.469,"Plans":[{"Node Type":"Sort","Parent Relationship":"Outer","Parallel Aware":false,"Async Capable":false,"Startup Cost":2139106.81,"Total Cost":2139129.97,"Plan Rows":9266,"Plan Width":44,"Actual Startup Time":15086.57,"Actual Total Time":15087.114,"Actual Rows":12121,"Actual Loops":1,"Output":["supplier.su_nationkey","customer.c_nationkey","(EXTRACT(year FROM orders.o_entry_d))","order_line.ol_amount"],"Sort Key":["supplier.su_nationkey","customer.c_nationkey","(EXTRACT(year FROM orders.o_entry_d))"],"Sort Method":"quicksort","Sort Space Used":1047,"Sort Space Type":"Memory","Shared Hit Blocks":504114,"Shared Read Blocks":0,"Shared Dirtied Blocks":0,"Shared Written Blocks":0,"Local Hit Blocks":0,"Local Read Blocks":0,"Local Dirtied Blocks":0,"Local Written Blocks":0,"Temp Read Blocks":41796,"Temp Written Blocks":41814,"I/O Read Time":0.0,"I/O Write Time":0.0,"Temp I/O Read Time":63.856,"Temp I/O Write Time":190.469,"Plans":[{"Node Type":"Merge Join","Parent Relationship":"Outer","Parallel Aware":false,"Async Capable":false,"Join Type":"Inner","Startup Cost":2130036.45,"Total Cost":2138496.28,"Plan Rows":9266,"Plan Width":44,"Actual Startup Time":14743.526,"Actual Total Time":15083.468,"Actual Rows":12121,"Actual Loops":1,"Output":["supplier.su_nationkey","customer.c_nationkey","EXTRACT(year FROM orders.o_entry_d)","order_line.ol_amount"],"Merge Cond":"((orders.o_c_id = customer.c_id) AND (order_line.ol_w_id = customer.c_w_id) AND (order_line.ol_d_id = customer.c_d_id))","Join Filter":"((((n1.n_name)::text = 'Germany'::text) AND ((n2.n_name)::text = 'Cambodia'::text)) OR (((n1.n_name)::text = 'Cambodia'::text) AND ((n2.n_name)::text = 'Germany'::text)))","Rows Removed by Join Filter":11453,"Shared Hit Blocks":504114,"Shared Read Blocks":0,"Shared Dirtied Blocks":0,"Shared Written Blocks":0,"Local Hit Blocks":0,"Local Read Blocks":0,"Local Dirtied Blocks":0,"Local Written Blocks":0,"Temp Read Blocks":41796,"Temp Written Blocks":41814,"I/O Read Time":0.0,"I/O Write Time":0.0,"Temp I/O Read Time":63.856,"Temp I/O Write Time":190.469,"Plans":[{"Node Type":"Sort","Parent Relationship":"Outer","Parallel Aware":false,"Async Capable":false,"Startup Cost":1572247.16,"Total Cost":1573660.56,"Plan Rows":565362,"Plan Width":36,"Actual Startup Time":12494.49,"Actual Total Time":12666.519,"Actual Rows":485009,"Actual Loops":1,"Output":["supplier.su_nationkey","order_line.ol_amount","order_line.ol_w_id","order_line.ol_d_id","orders.o_entry_d","orders.o_w_id","orders.o_d_id","orders.o_c_id","n1.n_name"],"Sort Key":["orders.o_c_id","order_line.ol_w_id","order_line.ol_d_id"],"Sort Method":"external merge","Sort Space Used":24000,"Sort Space Type":"Disk","Shared Hit Blocks":44123,"Shared Read Blocks":0,"Shared Dirtied Blocks":0,"Shared Written Blocks":0,"Local Hit Blocks":0,"Local Read Blocks":0,"Local Dirtied Blocks":0,"Local Written Blocks":0,"Temp Read Blocks":40706,"Temp Written Blocks":40718,"I/O Read Time":0.0,"I/O Write Time":0.0,"Temp I/O Read Time":62.265,"Temp I/O Write Time":186.173,"Plans":[{"Node Type":"Hash Join","Parent Relationship":"Outer","Parallel Aware":false,"Async Capable":false,"Join Type":"Inner","Startup Cost":318158.84,"Total Cost":1502770.67,"Plan Rows":565362,"Plan Width":36,"Actual Startup Time":2779.325,"Actual Total Time":12245.235,"Actual Rows":485009,"Actual Loops":1,"Output":["supplier.su_nationkey","order_line.ol_amount","order_line.ol_w_id","order_line.ol_d_id","orders.o_entry_d","orders.o_w_id","orders.o_d_id","orders.o_c_id","n1.n_name"],"Hash Cond":"((order_line.ol_w_id = orders.o_w_id) AND (order_line.ol_d_id = orders.o_d_id) AND (order_line.ol_o_id = orders.o_id))","Shared Hit Blocks":44123,"Shared Read Blocks":0,"Shared Dirtied Blocks":0,"Shared Written Blocks":0,"Local Hit Blocks":0,"Local Read Blocks":0,"Local Dirtied Blocks":0,"Local Written Blocks":0,"Temp Read Blocks":37706,"Temp Written Blocks":37706,"I/O Read Time":0.0,"I/O Write Time":0.0,"Temp I/O Read Time":57.726,"Temp I/O Write Time":173.926,"Plans":[{"Node Type":"Hash Join","Parent Relationship":"Outer","Parallel Aware":false,"Async Capable":false,"Join Type":"Inner","Startup Cost":58966.57,"Total Cost":1196252.47,"Plan Rows":565705,"Plan Width":28,"Actual Startup Time":953.34,"Actual Total Time":9745.713,"Actual Rows":485009,"Actual Loops":1,"Output":["supplier.su_nationkey","order_line.ol_amount","order_line.ol_w_id","order_line.ol_d_id","order_line.ol_o_id","n1.n_name"],"Hash Cond":"(supplier.su_nationkey = n1.n_nationkey)","Shared Hit Blocks":1,"Shared Read Blocks":0,"Shared Dirtied Blocks":0,"Shared Written Blocks":0,"Local Hit Blocks":0,"Local Read Blocks":0,"Local Dirtied Blocks":0,"Local Written Blocks":0,"Temp Read Blocks":0,"Temp Written Blocks":0,"I/O Read Time":0.0,"I/O Write Time":0.0,"Temp I/O Read Time":0.0,"Temp I/O Write Time":0.0,"Plans":[{"Node Type":"Hash Join","Parent Relationship":"Outer","Parallel Aware":false,"Async Capable":false,"Join Type":"Inner","Startup Cost":58964.62,"Total Cost":1147069.5,"Plan Rows":17536869,"Plan Width":20,"Actual Startup Time":953.179,"Actual Total Time":8523.009,"Actual Rows":17139931,"Actual Loops":1,"Output":["supplier.su_nationkey","order_line.ol_amount","order_line.ol_w_id","order_line.ol_d_id","order_line.ol_o_id"],"Hash Cond":"(mod((stock.s_w_id * stock.s_i_id), 10000) = supplier.su_suppkey)","Shared Hit Blocks":0,"Shared Read Blocks":0,"Shared Dirtied Blocks":0,"Shared Written Blocks":0,"Local Hit Blocks":0,"Local Read Blocks":0,"Local Dirtied Blocks":0,"Local Written Blocks":0,"Temp Read Blocks":0,"Temp Written Blocks":0,"I/O Read Time":0.0,"I/O Write Time":0.0,"Temp I/O Read Time":0.0,"Temp I/O Write Time":0.0,"Plans":[{"Node Type":"Hash Join","Parent Relationship":"Outer","Parallel Aware":false,"Async Capable":false,"Join Type":"Inner","Startup Cost":58620.59,"Total Cost":1096283.52,"Plan Rows":17536869,"Plan Width":22,"Actual Startup Time":950.083,"Actual Total Time":5148.693,"Actual Rows":17139931,"Actual Loops":1,"Output":["stock.s_w_id","stock.s_i_id","order_line.ol_amount","order_line.ol_w_id","order_line.ol_d_id","order_line.ol_o_id"],"Hash Cond":"((order_line.ol_supply_w_id = stock.s_w_id) AND (order_line.ol_i_id = stock.s_i_id))","Rows Removed by Bloom Filter":0,"Shared Hit Blocks":0,"Shared Read Blocks":0,"Shared Dirtied Blocks":0,"Shared Written Blocks":0,"Local Hit Blocks":0,"Local Read Blocks":0,"Local Dirtied Blocks":0,"Local Written Blocks":0,"Temp Read Blocks":0,"Temp Written Blocks":0,"I/O Read Time":0.0,"I/O Write Time":0.0,"Temp I/O Read Time":0.0,"Temp I/O Write Time":0.0,"Plans":[{"Node Type":"Append","Parent Relationship":"Outer","Parallel Aware":false,"Async Capable":false,"Startup Cost":20.0,"Total Cost":482290.51,"Plan Rows":17536869,"Plan Width":22,"Actual Startup Time":28.096,"Actual Total Time":28.105,"Actual Rows":17139931,"Actual Loops":1,"Shared Hit Blocks":0,"Shared Read Blocks":0,"Shared Dirtied Blocks":0,"Shared Written Blocks":0,"Local Hit Blocks":0,"Local Read Blocks":0,"Local Dirtied Blocks":0,"Local Written Blocks":0,"Temp Read Blocks":0,"Temp Written Blocks":0,"I/O Read Time":0.0,"I/O Write Time":0.0,"Temp I/O Read Time":0.0,"Temp I/O Write Time":0.0,"Subplans Removed":0,"Plans":[{"Node Type":"Custom Scan","Parent Relationship":"Member","Custom Plan Provider":"columnar scan","Parallel Aware":false,"Async Capable":false,"Relation Name":"order_line","Schema":"public","Alias":"order_line","Startup Cost":20.0,"Total Cost":482285.56,"Plan Rows":17536851,"Plan Width":22,"Actual Startup Time":28.095,"Actual Total Time":28.096,"Actual Rows":17139931,"Actual Loops":1,"Output":["order_line.ol_amount","order_line.ol_supply_w_id","order_line.ol_i_id","order_line.ol_w_id","order_line.ol_d_id","order_line.ol_o_id"],"Filter":"((order_line.ol_delivery_d <= '1997-01-01 20:10:02.27764'::timestamp without time zone) AND (order_line.ol_delivery_d >= '1995-01-02 20:10:02.27764'::timestamp without time zone))","Rows Removed by Filter":0,"Rows Removed by Columnar Filter":42853830,"Columnar cache search mode":"native","Shared Hit Blocks":0,"Shared Read Blocks":0,"Shared Dirtied Blocks":0,"Shared Written Blocks":0,"Local Hit Blocks":0,"Local Read Blocks":0,"Local Dirtied Blocks":0,"Local Written Blocks":0,"Temp Read Blocks":0,"Temp Written Blocks":0,"I/O Read Time":0.0,"I/O Write Time":0.0,"Temp I/O Read Time":0.0,"Temp I/O Write Time":0.0},{"Node Type":"Seq Scan","Parent Relationship":"Member","Parallel Aware":false,"Async Capable":false,"Relation Name":"order_line","Schema":"public","Alias":"order_line","Startup Cost":0.0,"Total Cost":4.95,"Plan Rows":18,"Plan Width":22,"Actual Startup Time":0.0,"Actual Total Time":0.0,"Actual Rows":0,"Actual Loops":0,"Output":["order_line.ol_amount","order_line.ol_supply_w_id","order_line.ol_i_id","order_line.ol_w_id","order_line.ol_d_id","order_line.ol_o_id"],"Filter":"((order_line.ol_delivery_d <= '1997-01-01 20:10:02.27764'::timestamp without time zone) AND (order_line.ol_delivery_d >= '1995-01-02 20:10:02.27764'::timestamp without time zone))","Rows Removed by Filter":0,"Shared Hit Blocks":0,"Shared Read Blocks":0,"Shared Dirtied Blocks":0,"Shared Written Blocks":0,"Local Hit Blocks":0,"Local Read Blocks":0,"Local Dirtied Blocks":0,"Local Written Blocks":0,"Temp Read Blocks":0,"Temp Written Blocks":0,"I/O Read Time":0.0,"I/O Write Time":0.0,"Temp I/O Read Time":0.0,"Temp I/O Write Time":0.0}]},{"Node Type":"Hash","Parent Relationship":"Inner","Parallel Aware":false,"Async Capable":false,"Startup Cost":390026.22,"Total Cost":390026.22,"Plan Rows":20000212,"Plan Width":6,"Actual Rows":20000000,"Actual Loops":1,"Output":["stock.s_w_id","stock.s_i_id"],"Shared Hit Blocks":0,"Shared Read Blocks":0,"Shared Dirtied Blocks":0,"Shared Written Blocks":0,"Local Hit Blocks":0,"Local Read Blocks":0,"Local Dirtied Blocks":0,"Local Written Blocks":0,"Temp Read Blocks":0,"Temp Written Blocks":0,"I/O Read Time":0.0,"I/O Write Time":0.0,"Temp I/O Read Time":0.0,"Temp I/O Write Time":0.0,"Plans":[{"Node Type":"Append","Parent Relationship":"Outer","Parallel Aware":false,"Async Capable":false,"Startup Cost":20.0,"Total Cost":390026.22,"Plan Rows":20000212,"Plan Width":6,"Actual Startup Time":0.378,"Actual Total Time":0.381,"Actual Rows":20000000,"Actual Loops":1,"Shared Hit Blocks":0,"Shared Read Blocks":0,"Shared Dirtied Blocks":0,"Shared Written Blocks":0,"Local Hit Blocks":0,"Local Read Blocks":0,"Local Dirtied Blocks":0,"Local Written Blocks":0,"Temp Read Blocks":0,"Temp Written Blocks":0,"I/O Read Time":0.0,"I/O Write Time":0.0,"Temp I/O Read Time":0.0,"Temp I/O Write Time":0.0,"Subplans Removed":0,"Plans":[{"Node Type":"Custom Scan","Parent Relationship":"Member","Custom Plan Provider":"columnar scan","Parallel Aware":false,"Async Capable":false,"Relation Name":"stock","Schema":"public","Alias":"stock","Startup Cost":20.0,"Total Cost":390020.1,"Plan Rows":20000000,"Plan Width":6,"Actual Startup Time":0.378,"Actual Total Time":0.38,"Actual Rows":20000000,"Actual Loops":1,"Output":["stock.s_w_id","stock.s_i_id"],"Rows Removed by Columnar Filter":0,"Columnar cache search mode":"native","Shared Hit Blocks":0,"Shared Read Blocks":0,"Shared Dirtied Blocks":0,"Shared Written Blocks":0,"Local Hit Blocks":0,"Local Read Blocks":0,"Local Dirtied Blocks":0,"Local Written Blocks":0,"Temp Read Blocks":0,"Temp Written Blocks":0,"I/O Read Time":0.0,"I/O Write Time":0.0,"Temp I/O Read Time":0.0,"Temp I/O Write Time":0.0},{"Node Type":"Seq Scan","Parent Relationship":"Member","Parallel Aware":false,"Async Capable":false,"Relation Name":"stock","Schema":"public","Alias":"stock","Startup Cost":0.0,"Total Cost":6.12,"Plan Rows":212,"Plan Width":6,"Actual Startup Time":0.0,"Actual Total Time":0.0,"Actual Rows":0,"Actual Loops":0,"Output":["stock.s_w_id","stock.s_i_id"],"Shared Hit Blocks":0,"Shared Read Blocks":0,"Shared Dirtied Blocks":0,"Shared Written Blocks":0,"Local Hit Blocks":0,"Local Read Blocks":0,"Local Dirtied Blocks":0,"Local Written Blocks":0,"Temp Read Blocks":0,"Temp Written Blocks":0,"I/O Read Time":0.0,"I/O Write Time":0.0,"Temp I/O Read Time":0.0,"Temp I/O Write Time":0.0}]}]}]},{"Node Type":"Hash","Parent Relationship":"Inner","Parallel Aware":false,"Async Capable":false,"Startup Cost":219.01,"Total Cost":219.01,"Plan Rows":10001,"Plan Width":8,"Actual Startup Time":3.036,"Actual Total Time":3.04,"Actual Rows":10000,"Actual Loops":1,"Output":["supplier.su_nationkey","supplier.su_suppkey"],"Hash Buckets":16384,"Original Hash Buckets":16384,"Hash Batches":1,"Original Hash Batches":1,"Peak Memory Usage":519,"Shared Hit Blocks":0,"Shared Read Blocks":0,"Shared Dirtied Blocks":0,"Shared Written Blocks":0,"Local Hit Blocks":0,"Local Read Blocks":0,"Local Dirtied Blocks":0,"Local Written Blocks":0,"Temp Read Blocks":0,"Temp Written Blocks":0,"I/O Read Time":0.0,"I/O Write Time":0.0,"Temp I/O Read Time":0.0,"Temp I/O Write Time":0.0,"Plans":[{"Node Type":"Append","Parent Relationship":"Outer","Parallel Aware":false,"Async Capable":false,"Startup Cost":20.0,"Total Cost":219.01,"Plan Rows":10001,"Plan Width":8,"Actual Startup Time":0.012,"Actual Total Time":1.776,"Actual Rows":10000,"Actual Loops":1,"Shared Hit Blocks":0,"Shared Read Blocks":0,"Shared Dirtied Blocks":0,"Shared Written Blocks":0,"Local Hit Blocks":0,"Local Read Blocks":0,"Local Dirtied Blocks":0,"Local Written Blocks":0,"Temp Read Blocks":0,"Temp Written Blocks":0,"I/O Read Time":0.0,"I/O Write Time":0.0,"Temp I/O Read Time":0.0,"Temp I/O Write Time":0.0,"Subplans Removed":0,"Plans":[{"Node Type":"Custom Scan","Parent Relationship":"Member","Custom Plan Provider":"columnar scan","Parallel Aware":false,"Async Capable":false,"Relation Name":"supplier","Schema":"public","Alias":"supplier","Startup Cost":20.0,"Total Cost":215.0,"Plan Rows":10000,"Plan Width":8,"Actual Startup Time":0.011,"Actual Total Time":1.063,"Actual Rows":10000,"Actual Loops":1,"Output":["supplier.su_nationkey","supplier.su_suppkey"],"Rows Removed by Columnar Filter":0,"Columnar cache search mode":"native","Shared Hit Blocks":0,"Shared Read Blocks":0,"Shared Dirtied Blocks":0,"Shared Written Blocks":0,"Local Hit Blocks":0,"Local Read Blocks":0,"Local Dirtied Blocks":0,"Local Written Blocks":0,"Temp Read Blocks":0,"Temp Written Blocks":0,"I/O Read Time":0.0,"I/O Write Time":0.0,"Temp I/O Read Time":0.0,"Temp I/O Write Time":0.0},{"Node Type":"Seq Scan","Parent Relationship":"Member","Parallel Aware":false,"Async Capable":false,"Relation Name":"supplier","Schema":"public","Alias":"supplier","Startup Cost":0.0,"Total Cost":4.01,"Plan Rows":1,"Plan Width":8,"Actual Startup Time":0.0,"Actual Total Time":0.0,"Actual Rows":0,"Actual Loops":0,"Output":["supplier.su_nationkey","supplier.su_suppkey"],"Shared Hit Blocks":0,"Shared Read Blocks":0,"Shared Dirtied Blocks":0,"Shared Written Blocks":0,"Local Hit Blocks":0,"Local Read Blocks":0,"Local Dirtied Blocks":0,"Local Written Blocks":0,"Temp Read Blocks":0,"Temp Written Blocks":0,"I/O Read Time":0.0,"I/O Write Time":0.0,"Temp I/O Read Time":0.0,"Temp I/O Write Time":0.0}]}]}]},{"Node Type":"Hash","Parent Relationship":"Inner","Parallel Aware":false,"Async Capable":false,"Startup Cost":1.93,"Total Cost":1.93,"Plan Rows":2,"Plan Width":12,"Actual Startup Time":0.029,"Actual Total Time":0.031,"Actual Rows":2,"Actual Loops":1,"Output":["n1.n_nationkey","n1.n_name"],"Hash Buckets":1024,"Original Hash Buckets":1024,"Hash Batches":1,"Original Hash Batches":1,"Peak Memory Usage":9,"Shared Hit Blocks":1,"Shared Read Blocks":0,"Shared Dirtied Blocks":0,"Shared Written Blocks":0,"Local Hit Blocks":0,"Local Read Blocks":0,"Local Dirtied Blocks":0,"Local Written Blocks":0,"Temp Read Blocks":0,"Temp Written Blocks":0,"I/O Read Time":0.0,"I/O Write Time":0.0,"Temp I/O Read Time":0.0,"Temp I/O Write Time":0.0,"Plans":[{"Node Type":"Seq Scan","Parent Relationship":"Outer","Parallel Aware":false,"Async Capable":false,"Relation Name":"nation","Schema":"public","Alias":"n1","Startup Cost":0.0,"Total Cost":1.93,"Plan Rows":2,"Plan Width":12,"Actual Startup Time":0.019,"Actual Total Time":0.025,"Actual Rows":2,"Actual Loops":1,"Output":["n1.n_nationkey","n1.n_name"],"Filter":"(((n1.n_name)::text = 'Germany'::text) OR ((n1.n_name)::text = 'Cambodia'::text))","Rows Removed by Filter":60,"Shared Hit Blocks":1,"Shared Read Blocks":0,"Shared Dirtied Blocks":0,"Shared Written Blocks":0,"Local Hit Blocks":0,"Local Read Blocks":0,"Local Dirtied Blocks":0,"Local Written Blocks":0,"Temp Read Blocks":0,"Temp Written Blocks":0,"I/O Read Time":0.0,"I/O Write Time":0.0,"Temp I/O Read Time":0.0,"Temp I/O Write Time":0.0}]}]},{"Node Type":"Hash","Parent Relationship":"Inner","Parallel Aware":false,"Async Capable":false,"Startup Cost":119121.6,"Total Cost":119121.6,"Plan Rows":5996324,"Plan Width":24,"Actual Startup Time":1824.59,"Actual Total Time":1824.591,"Actual Rows":5995789,"Actual Loops":1,"Output":["orders.o_entry_d","orders.o_w_id","orders.o_d_id","orders.o_id","orders.o_c_id"],"Hash Buckets":131072,"Original Hash Buckets":131072,"Hash Batches":64,"Original Hash Batches":64,"Peak Memory Usage":6496,"Shared Hit Blocks":44122,"Shared Read Blocks":0,"Shared Dirtied Blocks":0,"Shared Written Blocks":0,"Local Hit Blocks":0,"Local Read Blocks":0,"Local Dirtied Blocks":0,"Local Written Blocks":0,"Temp Read Blocks":0,"Temp Written Blocks":34552,"I/O Read Time":0.0,"I/O Write Time":0.0,"Temp I/O Read Time":0.0,"Temp I/O Write Time":153.919,"Plans":[{"Node Type":"Seq Scan","Parent Relationship":"Outer","Parallel Aware":false,"Async Capable":false,"Relation Name":"orders","Schema":"public","Alias":"orders","Startup Cost":0.0,"Total Cost":119121.6,"Plan Rows":5996324,"Plan Width":24,"Actual Startup Time":0.024,"Actual Total Time":737.529,"Actual Rows":5995789,"Actual Loops":1,"Output":["orders.o_entry_d","orders.o_w_id","orders.o_d_id","orders.o_id","orders.o_c_id"],"Filter":"(orders.o_entry_d >= '1992-01-02 20:10:02.27764'::timestamp without time zone)","Rows Removed by Filter":4211,"Shared Hit Blocks":44122,"Shared Read Blocks":0,"Shared Dirtied Blocks":0,"Shared Written Blocks":0,"Local Hit Blocks":0,"Local Read Blocks":0,"Local Dirtied Blocks":0,"Local Written Blocks":0,"Temp Read Blocks":0,"Temp Written Blocks":0,"I/O Read Time":0.0,"I/O Write Time":0.0,"Temp I/O Read Time":0.0,"Temp I/O Write Time":0.0}]}]}]},{"Node Type":"Materialize","Parent Relationship":"Inner","Parallel Aware":false,"Async Capable":false,"Startup Cost":557789.1,"Total Cost":558756.87,"Plan Rows":193553,"Plan Width":20,"Actual Startup Time":2248.965,"Actual Total Time":2321.013,"Actual Rows":293066,"Actual Loops":1,"Output":["customer.c_nationkey","customer.c_id","customer.c_w_id","customer.c_d_id","n2.n_name"],"Shared Hit Blocks":459991,"Shared Read Blocks":0,"Shared Dirtied Blocks":0,"Shared Written Blocks":0,"Local Hit Blocks":0,"Local Read Blocks":0,"Local Dirtied Blocks":0,"Local Written Blocks":0,"Temp Read Blocks":1090,"Temp Written Blocks":1096,"I/O Read Time":0.0,"I/O Write Time":0.0,"Temp I/O Read Time":1.591,"Temp I/O Write Time":4.296,"Plans":[{"Node Type":"Sort","Parent Relationship":"Outer","Parallel Aware":false,"Async Capable":false,"Startup Cost":557789.1,"Total Cost":558272.98,"Plan Rows":193553,"Plan Width":20,"Actual Startup Time":2248.956,"Actual Total Time":2289.446,"Actual Rows":289967,"Actual Loops":1,"Output":["customer.c_nationkey","customer.c_id","customer.c_w_id","customer.c_d_id","n2.n_name"],"Sort Key":["customer.c_id","customer.c_w_id","customer.c_d_id"],"Sort Method":"external merge","Sort Space Used":8720,"Sort Space Type":"Disk","Shared Hit Blocks":459991,"Shared Read Blocks":0,"Shared Dirtied Blocks":0,"Shared Written Blocks":0,"Local Hit Blocks":0,"Local Read Blocks":0,"Local Dirtied Blocks":0,"Local Written Blocks":0,"Temp Read Blocks":1090,"Temp Written Blocks":1096,"I/O Read Time":0.0,"I/O Write Time":0.0,"Temp I/O Read Time":1.591,"Temp I/O Write Time":4.296,"Plans":[{"Node Type":"Hash Join","Parent Relationship":"Outer","Parallel Aware":false,"Async Capable":false,"Join Type":"Inner","Startup Cost":1.95,"Total Cost":536820.36,"Plan Rows":193553,"Plan Width":20,"Actual Startup Time":0.09,"Actual Total Time":2138.914,"Actual Rows":289972,"Actual Loops":1,"Output":["customer.c_nationkey","customer.c_id","customer.c_w_id","customer.c_d_id","n2.n_name"],"Hash Cond":"(customer.c_nationkey = n2.n_nationkey)","Shared Hit Blocks":459991,"Shared Read Blocks":0,"Shared Dirtied Blocks":0,"Shared Written Blocks":0,"Local Hit Blocks":0,"Local Read Blocks":0,"Local Dirtied Blocks":0,"Local Written Blocks":0,"Temp Read Blocks":0,"Temp Written Blocks":0,"I/O Read Time":0.0,"I/O Write Time":0.0,"Temp I/O Read Time":0.0,"Temp I/O Write Time":0.0,"Plans":[{"Node Type":"Seq Scan","Parent Relationship":"Outer","Parallel Aware":false,"Async Capable":false,"Relation Name":"customer","Schema":"public","Alias":"customer","Startup Cost":0.0,"Total Cost":519991.4,"Plan Rows":6000140,"Plan Width":12,"Actual Startup Time":0.024,"Actual Total Time":710.356,"Actual Rows":6000000,"Actual Loops":1,"Output":["customer.c_id","customer.c_d_id","customer.c_w_id","customer.c_nationkey","customer.c_first","customer.c_middle","customer.c_last","customer.c_street_1","customer.c_street_2","customer.c_city","customer.c_state","customer.c_zip","customer.c_phone","customer.c_since","customer.c_credit","customer.c_credit_lim","customer.c_discount","customer.c_balance","customer.c_ytd_payment","customer.c_payment_cnt","customer.c_delivery_cnt","customer.c_data"],"Shared Hit Blocks":459990,"Shared Read Blocks":0,"Shared Dirtied Blocks":0,"Shared Written Blocks":0,"Local Hit Blocks":0,"Local Read Blocks":0,"Local Dirtied Blocks":0,"Local Written Blocks":0,"Temp Read Blocks":0,"Temp Written Blocks":0,"I/O Read Time":0.0,"I/O Write Time":0.0,"Temp I/O Read Time":0.0,"Temp I/O Write Time":0.0},{"Node Type":"Hash","Parent Relationship":"Inner","Parallel Aware":false,"Async Capable":false,"Startup Cost":1.93,"Total Cost":1.93,"Plan Rows":2,"Plan Width":12,"Actual Startup Time":0.028,"Actual Total Time":0.029,"Actual Rows":2,"Actual Loops":1,"Output":["n2.n_nationkey","n2.n_name"],"Hash Buckets":1024,"Original Hash Buckets":1024,"Hash Batches":1,"Original Hash Batches":1,"Peak Memory Usage":9,"Shared Hit Blocks":1,"Shared Read Blocks":0,"Shared Dirtied Blocks":0,"Shared Written Blocks":0,"Local Hit Blocks":0,"Local Read Blocks":0,"Local Dirtied Blocks":0,"Local Written Blocks":0,"Temp Read Blocks":0,"Temp Written Blocks":0,"I/O Read Time":0.0,"I/O Write Time":0.0,"Temp I/O Read Time":0.0,"Temp I/O Write Time":0.0,"Plans":[{"Node Type":"Seq Scan","Parent Relationship":"Outer","Parallel Aware":false,"Async Capable":false,"Relation Name":"nation","Schema":"public","Alias":"n2","Startup Cost":0.0,"Total Cost":1.93,"Plan Rows":2,"Plan Width":12,"Actual Startup Time":0.017,"Actual Total Time":0.023,"Actual Rows":2,"Actual Loops":1,"Output":["n2.n_nationkey","n2.n_name"],"Filter":"(((n2.n_name)::text = 'Cambodia'::text) OR ((n2.n_name)::text = 'Germany'::text))","Rows Removed by Filter":60,"Shared Hit Blocks":1,"Shared Read Blocks":0,"Shared Dirtied Blocks":0,"Shared Written Blocks":0,"Local Hit Blocks":0,"Local Read Blocks":0,"Local Dirtied Blocks":0,"Local Written Blocks":0,"Temp Read Blocks":0,"Temp Written Blocks":0,"I/O Read Time":0.0,"I/O Write Time":0.0,"Temp I/O Read Time":0.0,"Temp I/O Write Time":0.0}]}]}]}]}]}]}]},"Planning":{"Shared Hit Blocks":152,"Shared Read Blocks":0,"Shared Dirtied Blocks":0,"Shared Written Blocks":0,"Local Hit Blocks":0,"Local Read Blocks":0,"Local Dirtied Blocks":0,"Local Written Blocks":0,"Temp Read Blocks":0,"Temp Written Blocks":0,"I/O Read Time":0.0,"I/O Write Time":0.0,"Temp I/O Read Time":0.0,"Temp I/O Write Time":0.0},"Planning Time":3.853,"Triggers":[],"Execution Time":15095.994}]
[列存组合]: customer, nation, order_line, orders, stock
[{"Plan":{"Node Type":"Aggregate","Strategy":"Sorted","Partial Mode":"Simple","Parallel Aware":false,"Async Capable":false,"Startup Cost":1054392.81,"Total Cost":1054647.63,"Plan Rows":9266,"Plan Width":72,"Actual Startup Time":4080.34,"Actual Total Time":4084.42,"Actual Rows":6,"Actual Loops":1,"Output":["supplier.su_nationkey","customer.c_nationkey","(EXTRACT(year FROM orders.o_entry_d))","sum(order_line.ol_amount)"],"Group Key":["supplier.su_nationkey","customer.c_nationkey","(EXTRACT(year FROM orders.o_entry_d))"],"Shared Hit Blocks":218,"Shared Read Blocks":0,"Shared Dirtied Blocks":0,"Shared Written Blocks":0,"Local Hit Blocks":0,"Local Read Blocks":0,"Local Dirtied Blocks":0,"Local Written Blocks":0,"Temp Read Blocks":0,"Temp Written Blocks":0,"I/O Read Time":0.0,"I/O Write Time":0.0,"Temp I/O Read Time":0.0,"Temp I/O Write Time":0.0,"Plans":[{"Node Type":"Sort","Parent Relationship":"Outer","Parallel Aware":false,"Async Capable":false,"Startup Cost":1054392.81,"Total Cost":1054415.98,"Plan Rows":9266,"Plan Width":44,"Actual Startup Time":4080.17,"Actual Total Time":4081.047,"Actual Rows":12121,"Actual Loops":1,"Output":["supplier.su_nationkey","customer.c_nationkey","(EXTRACT(year FROM orders.o_entry_d))","order_line.ol_amount"],"Sort Key":["supplier.su_nationkey","customer.c_nationkey","(EXTRACT(year FROM orders.o_entry_d))"],"Sort Method":"quicksort","Sort Space Used":1047,"Sort Space Type":"Memory","Shared Hit Blocks":218,"Shared Read Blocks":0,"Shared Dirtied Blocks":0,"Shared Written Blocks":0,"Local Hit Blocks":0,"Local Read Blocks":0,"Local Dirtied Blocks":0,"Local Written Blocks":0,"Temp Read Blocks":0,"Temp Written Blocks":0,"I/O Read Time":0.0,"I/O Write Time":0.0,"Temp I/O Read Time":0.0,"Temp I/O Write Time":0.0,"Plans":[{"Node Type":"Hash Join","Parent Relationship":"Outer","Parallel Aware":false,"Async Capable":false,"Join Type":"Inner","Startup Cost":100121.66,"Total Cost":1053782.29,"Plan Rows":9266,"Plan Width":44,"Actual Startup Time":2322.39,"Actual Total Time":4074.985,"Actual Rows":12121,"Actual Loops":1,"Output":["supplier.su_nationkey","customer.c_nationkey","EXTRACT(year FROM orders.o_entry_d)","order_line.ol_amount"],"Hash Cond":"(supplier.su_nationkey = n1.n_nationkey)","Join Filter":"((((n1.n_name)::text = 'Germany'::text) AND ((n2.n_name)::text = 'Cambodia'::text)) OR (((n1.n_name)::text = 'Cambodia'::text) AND ((n2.n_name)::text = 'Germany'::text)))","Rows Removed by Join Filter":11453,"Shared Hit Blocks":218,"Shared Read Blocks":0,"Shared Dirtied Blocks":0,"Shared Written Blocks":0,"Local Hit Blocks":0,"Local Read Blocks":0,"Local Dirtied Blocks":0,"Local Written Blocks":0,"Temp Read Blocks":0,"Temp Written Blocks":0,"I/O Read Time":0.0,"I/O Write Time":0.0,"Temp I/O Read Time":0.0,"Temp I/O Write Time":0.0,"Plans":[{"Node Type":"Hash Join","Parent Relationship":"Outer","Parallel Aware":false,"Async Capable":false,"Join Type":"Inner","Startup Cost":100119.7,"Total Cost":1052272.99,"Plan Rows":565362,"Plan Width":28,"Actual Startup Time":2321.807,"Actual Total Time":3982.295,"Actual Rows":829909,"Actual Loops":1,"Output":["supplier.su_nationkey","order_line.ol_amount","orders.o_entry_d","customer.c_nationkey","n2.n_name"],"Hash Cond":"(mod((stock.s_w_id * stock.s_i_id), 10000) = supplier.su_suppkey)","Shared Hit Blocks":217,"Shared Read Blocks":0,"Shared Dirtied Blocks":0,"Shared Written Blocks":0,"Local Hit Blocks":0,"Local Read Blocks":0,"Local Dirtied Blocks":0,"Local Written Blocks":0,"Temp Read Blocks":0,"Temp Written Blocks":0,"I/O Read Time":0.0,"I/O Write Time":0.0,"Temp I/O Read Time":0.0,"Temp I/O Write Time":0.0,"Plans":[{"Node Type":"Hash Join","Parent Relationship":"Outer","Parallel Aware":false,"Async Capable":false,"Join Type":"Inner","Startup Cost":99677.7,"Total Cost":1050204.81,"Plan Rows":565362,"Plan Width":30,"Actual Startup Time":2319.165,"Actual Total Time":3730.239,"Actual Rows":829909,"Actual Loops":1,"Output":["stock.s_w_id","stock.s_i_id","order_line.ol_amount","orders.o_entry_d","customer.c_nationkey","n2.n_name"],"Hash Cond":"((order_line.ol_supply_w_id = stock.s_w_id) AND (order_line.ol_i_id = stock.s_i_id))","Rows Removed by Bloom Filter":0,"Shared Hit Blocks":0,"Shared Read Blocks":0,"Shared Dirtied Blocks":0,"Shared Written Blocks":0,"Local Hit Blocks":0,"Local Read Blocks":0,"Local Dirtied Blocks":0,"Local Written Blocks":0,"Temp Read Blocks":0,"Temp Written Blocks":0,"I/O Read Time":0.0,"I/O Write Time":0.0,"Temp I/O Read Time":0.0,"Temp I/O Write Time":0.0,"Plans":[{"Node Type":"Hash Join","Parent Relationship":"Outer","Parallel Aware":false,"Async Capable":false,"Join Type":"Inner","Startup Cost":41077.11,"Total Cost":734447.95,"Plan Rows":565362,"Plan Width":30,"Actual Startup Time":31.835,"Actual Total Time":31.873,"Actual Rows":0,"Actual Loops":1,"Output":["order_line.ol_amount","order_line.ol_supply_w_id","order_line.ol_i_id","orders.o_entry_d","customer.c_nationkey","n2.n_name"],"Hash Cond":"(customer.c_nationkey = n2.n_nationkey)","Rows Removed by Bloom Filter":0,"Shared Hit Blocks":0,"Shared Read Blocks":0,"Shared Dirtied Blocks":0,"Shared Written Blocks":0,"Local Hit Blocks":0,"Local Read Blocks":0,"Local Dirtied Blocks":0,"Local Written Blocks":0,"Temp Read Blocks":0,"Temp Written Blocks":0,"I/O Read Time":0.0,"I/O Write Time":0.0,"Temp I/O Read Time":0.0,"Temp I/O Write Time":0.0,"Plans":[{"Node Type":"Hash Join","Parent Relationship":"Outer","Parallel Aware":false,"Async Capable":false,"Join Type":"Inner","Startup Cost":41053.07,"Total Cost":801058.04,"Plan Rows":17526218,"Plan Width":22,"Actual Startup Time":31.798,"Actual Total Time":31.828,"Actual Rows":0,"Actual Loops":1,"Output":["order_line.ol_amount","order_line.ol_supply_w_id","order_line.ol_i_id","orders.o_entry_d","customer.c_nationkey"],"Hash Cond":"((order_line.ol_w_id = customer.c_w_id) AND (order_line.ol_d_id = customer.c_d_id) AND (orders.o_c_id = customer.c_id))","Rows Removed by Bloom Filter":0,"Shared Hit Blocks":0,"Shared Read Blocks":0,"Shared Dirtied Blocks":0,"Shared Written Blocks":0,"Local Hit Blocks":0,"Local Read Blocks":0,"Local Dirtied Blocks":0,"Local Written Blocks":0,"Temp Read Blocks":0,"Temp Written Blocks":0,"I/O Read Time":0.0,"I/O Write Time":0.0,"Temp I/O Read Time":0.0,"Temp I/O Write Time":0.0,"Plans":[{"Node Type":"Hash Join","Parent Relationship":"Outer","Parallel Aware":false,"Async Capable":false,"Join Type":"Inner","Startup Cost":20539.32,"Total Cost":586018.71,"Plan Rows":17526218,"Plan Width":30,"Actual Startup Time":31.518,"Actual Total Time":31.537,"Actual Rows":0,"Actual Loops":1,"Output":["order_line.ol_amount","order_line.ol_supply_w_id","order_line.ol_i_id","order_line.ol_w_id","order_line.ol_d_id","orders.o_entry_d","orders.o_w_id","orders.o_d_id","orders.o_c_id"],"Hash Cond":"((order_line.ol_w_id = orders.o_w_id) AND (order_line.ol_d_id = orders.o_d_id) AND (order_line.ol_o_id = orders.o_id))","Rows Removed by Bloom Filter":0,"Shared Hit Blocks":0,"Shared Read Blocks":0,"Shared Dirtied Blocks":0,"Shared Written Blocks":0,"Local Hit Blocks":0,"Local Read Blocks":0,"Local Dirtied Blocks":0,"Local Written Blocks":0,"Temp Read Blocks":0,"Temp Written Blocks":0,"I/O Read Time":0.0,"I/O Write Time":0.0,"Temp I/O Read Time":0.0,"Temp I/O Write Time":0.0,"Plans":[{"Node Type":"Append","Parent Relationship":"Outer","Parallel Aware":false,"Async Capable":false,"Startup Cost":20.0,"Total Cost":482290.51,"Plan Rows":17536869,"Plan Width":22,"Actual Startup Time":28.175,"Actual Total Time":28.181,"Actual Rows":17139931,"Actual Loops":1,"Shared Hit Blocks":0,"Shared Read Blocks":0,"Shared Dirtied Blocks":0,"Shared Written Blocks":0,"Local Hit Blocks":0,"Local Read Blocks":0,"Local Dirtied Blocks":0,"Local Written Blocks":0,"Temp Read Blocks":0,"Temp Written Blocks":0,"I/O Read Time":0.0,"I/O Write Time":0.0,"Temp I/O Read Time":0.0,"Temp I/O Write Time":0.0,"Subplans Removed":0,"Plans":[{"Node Type":"Custom Scan","Parent Relationship":"Member","Custom Plan Provider":"columnar scan","Parallel Aware":false,"Async Capable":false,"Relation Name":"order_line","Schema":"public","Alias":"order_line","Startup Cost":20.0,"Total Cost":482285.56,"Plan Rows":17536851,"Plan Width":22,"Actual Startup Time":28.173,"Actual Total Time":28.175,"Actual Rows":17139931,"Actual Loops":1,"Output":["order_line.ol_amount","order_line.ol_supply_w_id","order_line.ol_i_id","order_line.ol_w_id","order_line.ol_d_id","order_line.ol_o_id"],"Filter":"((order_line.ol_delivery_d <= '1997-01-01 20:10:02.27764'::timestamp without time zone) AND (order_line.ol_delivery_d >= '1995-01-02 20:10:02.27764'::timestamp without time zone))","Rows Removed by Filter":0,"Rows Removed by Columnar Filter":42853830,"Columnar cache search mode":"native","Shared Hit Blocks":0,"Shared Read Blocks":0,"Shared Dirtied Blocks":0,"Shared Written Blocks":0,"Local Hit Blocks":0,"Local Read Blocks":0,"Local Dirtied Blocks":0,"Local Written Blocks":0,"Temp Read Blocks":0,"Temp Written Blocks":0,"I/O Read Time":0.0,"I/O Write Time":0.0,"Temp I/O Read Time":0.0,"Temp I/O Write Time":0.0},{"Node Type":"Seq Scan","Parent Relationship":"Member","Parallel Aware":false,"Async Capable":false,"Relation Name":"order_line","Schema":"public","Alias":"order_line","Startup Cost":0.0,"Total Cost":4.95,"Plan Rows":18,"Plan Width":22,"Actual Startup Time":0.0,"Actual Total Time":0.0,"Actual Rows":0,"Actual Loops":0,"Output":["order_line.ol_amount","order_line.ol_supply_w_id","order_line.ol_i_id","order_line.ol_w_id","order_line.ol_d_id","order_line.ol_o_id"],"Filter":"((order_line.ol_delivery_d <= '1997-01-01 20:10:02.27764'::timestamp without time zone) AND (order_line.ol_delivery_d >= '1995-01-02 20:10:02.27764'::timestamp without time zone))","Rows Removed by Filter":0,"Shared Hit Blocks":0,"Shared Read Blocks":0,"Shared Dirtied Blocks":0,"Shared Written Blocks":0,"Local Hit Blocks":0,"Local Read Blocks":0,"Local Dirtied Blocks":0,"Local Written Blocks":0,"Temp Read Blocks":0,"Temp Written Blocks":0,"I/O Read Time":0.0,"I/O Write Time":0.0,"Temp I/O Read Time":0.0,"Temp I/O Write Time":0.0}]},{"Node Type":"Hash","Parent Relationship":"Inner","Parallel Aware":false,"Async Capable":false,"Startup Cost":152930.34,"Total Cost":152930.34,"Plan Rows":5996325,"Plan Width":24,"Actual Rows":5995789,"Actual Loops":1,"Output":["orders.o_entry_d","orders.o_w_id","orders.o_d_id","orders.o_id","orders.o_c_id"],"Shared Hit Blocks":0,"Shared Read Blocks":0,"Shared Dirtied Blocks":0,"Shared Written Blocks":0,"Local Hit Blocks":0,"Local Read Blocks":0,"Local Dirtied Blocks":0,"Local Written Blocks":0,"Temp Read Blocks":0,"Temp Written Blocks":0,"I/O Read Time":0.0,"I/O Write Time":0.0,"Temp I/O Read Time":0.0,"Temp I/O Write Time":0.0,"Plans":[{"Node Type":"Append","Parent Relationship":"Outer","Parallel Aware":false,"Async Capable":false,"Startup Cost":20.0,"Total Cost":152930.34,"Plan Rows":5996325,"Plan Width":24,"Actual Startup Time":3.218,"Actual Total Time":3.224,"Actual Rows":5995789,"Actual Loops":1,"Shared Hit Blocks":0,"Shared Read Blocks":0,"Shared Dirtied Blocks":0,"Shared Written Blocks":0,"Local Hit Blocks":0,"Local Read Blocks":0,"Local Dirtied Blocks":0,"Local Written Blocks":0,"Temp Read Blocks":0,"Temp Written Blocks":0,"I/O Read Time":0.0,"I/O Write Time":0.0,"Temp I/O Read Time":0.0,"Temp I/O Write Time":0.0,"Subplans Removed":0,"Plans":[{"Node Type":"Custom Scan","Parent Relationship":"Member","Custom Plan Provider":"columnar scan","Parallel Aware":false,"Async Capable":false,"Relation Name":"orders","Schema":"public","Alias":"orders","Startup Cost":20.0,"Total Cost":152926.32,"Plan Rows":5996324,"Plan Width":24,"Actual Startup Time":3.217,"Actual Total Time":3.22,"Actual Rows":5995789,"Actual Loops":1,"Output":["orders.o_entry_d","orders.o_w_id","orders.o_d_id","orders.o_id","orders.o_c_id"],"Filter":"(orders.o_entry_d >= '1992-01-02 20:10:02.27764'::timestamp without time zone)","Rows Removed by Filter":0,"Rows Removed by Columnar Filter":4211,"Columnar cache search mode":"native","Shared Hit Blocks":0,"Shared Read Blocks":0,"Shared Dirtied Blocks":0,"Shared Written Blocks":0,"Local Hit Blocks":0,"Local Read Blocks":0,"Local Dirtied Blocks":0,"Local Written Blocks":0,"Temp Read Blocks":0,"Temp Written Blocks":0,"I/O Read Time":0.0,"I/O Write Time":0.0,"Temp I/O Read Time":0.0,"Temp I/O Write Time":0.0},{"Node Type":"Seq Scan","Parent Relationship":"Member","Parallel Aware":false,"Async Capable":false,"Relation Name":"orders","Schema":"public","Alias":"orders","Startup Cost":0.0,"Total Cost":4.01,"Plan Rows":1,"Plan Width":24,"Actual Startup Time":0.0,"Actual Total Time":0.0,"Actual Rows":0,"Actual Loops":0,"Output":["orders.o_entry_d","orders.o_w_id","orders.o_d_id","orders.o_id","orders.o_c_id"],"Filter":"(orders.o_entry_d >= '1992-01-02 20:10:02.27764'::timestamp without time zone)","Rows Removed by Filter":0,"Shared Hit Blocks":0,"Shared Read Blocks":0,"Shared Dirtied Blocks":0,"Shared Written Blocks":0,"Local Hit Blocks":0,"Local Read Blocks":0,"Local Dirtied Blocks":0,"Local Written Blocks":0,"Temp Read Blocks":0,"Temp Written Blocks":0,"I/O Read Time":0.0,"I/O Write Time":0.0,"Temp I/O Read Time":0.0,"Temp I/O Write Time":0.0}]}]}]},{"Node Type":"Hash","Parent Relationship":"Inner","Parallel Aware":false,"Async Capable":false,"Startup Cost":141025.46,"Total Cost":141025.46,"Plan Rows":6000140,"Plan Width":12,"Actual Rows":6000000,"Actual Loops":1,"Output":["customer.c_nationkey","customer.c_id","customer.c_w_id","customer.c_d_id"],"Shared Hit Blocks":0,"Shared Read Blocks":0,"Shared Dirtied Blocks":0,"Shared Written Blocks":0,"Local Hit Blocks":0,"Local Read Blocks":0,"Local Dirtied Blocks":0,"Local Written Blocks":0,"Temp Read Blocks":0,"Temp Written Blocks":0,"I/O Read Time":0.0,"I/O Write Time":0.0,"Temp I/O Read Time":0.0,"Temp I/O Write Time":0.0,"Plans":[{"Node Type":"Append","Parent Relationship":"Outer","Parallel Aware":false,"Async Capable":false,"Startup Cost":20.0,"Total Cost":141025.46,"Plan Rows":6000140,"Plan Width":12,"Actual Startup Time":0.2,"Actual Total Time":0.204,"Actual Rows":6000000,"Actual Loops":1,"Shared Hit Blocks":0,"Shared Read Blocks":0,"Shared Dirtied Blocks":0,"Shared Written Blocks":0,"Local Hit Blocks":0,"Local Read Blocks":0,"Local Dirtied Blocks":0,"Local Written Blocks":0,"Temp Read Blocks":0,"Temp Written Blocks":0,"I/O Read Time":0.0,"I/O Write Time":0.0,"Temp I/O Read Time":0.0,"Temp I/O Write Time":0.0,"Subplans Removed":0,"Plans":[{"Node Type":"Custom Scan","Parent Relationship":"Member","Custom Plan Provider":"columnar scan","Parallel Aware":false,"Async Capable":false,"Relation Name":"customer","Schema":"public","Alias":"customer","Startup Cost":20.0,"Total Cost":141020.06,"Plan Rows":6000000,"Plan Width":12,"Actual Startup Time":0.199,"Actual Total Time":0.199,"Actual Rows":6000000,"Actual Loops":1,"Output":["customer.c_nationkey","customer.c_id","customer.c_w_id","customer.c_d_id"],"Rows Removed by Columnar Filter":0,"Columnar cache search mode":"native","Shared Hit Blocks":0,"Shared Read Blocks":0,"Shared Dirtied Blocks":0,"Shared Written Blocks":0,"Local Hit Blocks":0,"Local Read Blocks":0,"Local Dirtied Blocks":0,"Local Written Blocks":0,"Temp Read Blocks":0,"Temp Written Blocks":0,"I/O Read Time":0.0,"I/O Write Time":0.0,"Temp I/O Read Time":0.0,"Temp I/O Write Time":0.0},{"Node Type":"Seq Scan","Parent Relationship":"Member","Parallel Aware":false,"Async Capable":false,"Relation Name":"customer","Schema":"public","Alias":"customer","Startup Cost":0.0,"Total Cost":5.4,"Plan Rows":140,"Plan Width":12,"Actual Startup Time":0.0,"Actual Total Time":0.0,"Actual Rows":0,"Actual Loops":0,"Output":["customer.c_nationkey","customer.c_id","customer.c_w_id","customer.c_d_id"],"Shared Hit Blocks":0,"Shared Read Blocks":0,"Shared Dirtied Blocks":0,"Shared Written Blocks":0,"Local Hit Blocks":0,"Local Read Blocks":0,"Local Dirtied Blocks":0,"Local Written Blocks":0,"Temp Read Blocks":0,"Temp Written Blocks":0,"I/O Read Time":0.0,"I/O Write Time":0.0,"Temp I/O Read Time":0.0,"Temp I/O Write Time":0.0}]}]}]},{"Node Type":"Hash","Parent Relationship":"Inner","Parallel Aware":false,"Async Capable":false,"Startup Cost":24.07,"Total Cost":24.07,"Plan Rows":3,"Plan Width":12,"Actual Rows":2,"Actual Loops":1,"Output":["n2.n_nationkey","n2.n_name"],"Shared Hit Blocks":0,"Shared Read Blocks":0,"Shared Dirtied Blocks":0,"Shared Written Blocks":0,"Local Hit Blocks":0,"Local Read Blocks":0,"Local Dirtied Blocks":0,"Local Written Blocks":0,"Temp Read Blocks":0,"Temp Written Blocks":0,"I/O Read Time":0.0,"I/O Write Time":0.0,"Temp I/O Read Time":0.0,"Temp I/O Write Time":0.0,"Plans":[{"Node Type":"Append","Parent Relationship":"Outer","Parallel Aware":false,"Async Capable":false,"Startup Cost":20.0,"Total Cost":24.07,"Plan Rows":3,"Plan Width":12,"Actual Startup Time":0.028,"Actual Total Time":0.03,"Actual Rows":2,"Actual Loops":1,"Shared Hit Blocks":0,"Shared Read Blocks":0,"Shared Dirtied Blocks":0,"Shared Written Blocks":0,"Local Hit Blocks":0,"Local Read Blocks":0,"Local Dirtied Blocks":0,"Local Written Blocks":0,"Temp Read Blocks":0,"Temp Written Blocks":0,"I/O Read Time":0.0,"I/O Write Time":0.0,"Temp I/O Read Time":0.0,"Temp I/O Write Time":0.0,"Subplans Removed":0,"Plans":[{"Node Type":"Custom Scan","Parent Relationship":"Member","Custom Plan Provider":"columnar scan","Parallel Aware":false,"Async Capable":false,"Relation Name":"nation","Schema":"public","Alias":"n2","Startup Cost":20.0,"Total Cost":20.05,"Plan Rows":2,"Plan Width":12,"Actual Startup Time":0.028,"Actual Total Time":0.028,"Actual Rows":2,"Actual Loops":1,"Output":["n2.n_nationkey","n2.n_name"],"Filter":"(((n2.n_name)::text = 'Cambodia'::text) OR ((n2.n_name)::text = 'Germany'::text))","Rows Removed by Filter":0,"Rows Removed by Columnar Filter":60,"Columnar cache search mode":"native","Shared Hit Blocks":0,"Shared Read Blocks":0,"Shared Dirtied Blocks":0,"Shared Written Blocks":0,"Local Hit Blocks":0,"Local Read Blocks":0,"Local Dirtied Blocks":0,"Local Written Blocks":0,"Temp Read Blocks":0,"Temp Written Blocks":0,"I/O Read Time":0.0,"I/O Write Time":0.0,"Temp I/O Read Time":0.0,"Temp I/O Write Time":0.0},{"Node Type":"Seq Scan","Parent Relationship":"Member","Parallel Aware":false,"Async Capable":false,"Relation Name":"nation","Schema":"public","Alias":"n2","Startup Cost":0.0,"Total Cost":4.01,"Plan Rows":1,"Plan Width":12,"Actual Startup Time":0.0,"Actual Total Time":0.0,"Actual Rows":0,"Actual Loops":0,"Output":["n2.n_nationkey","n2.n_name"],"Filter":"(((n2.n_name)::text = 'Cambodia'::text) OR ((n2.n_name)::text = 'Germany'::text))","Rows Removed by Filter":0,"Shared Hit Blocks":0,"Shared Read Blocks":0,"Shared Dirtied Blocks":0,"Shared Written Blocks":0,"Local Hit Blocks":0,"Local Read Blocks":0,"Local Dirtied Blocks":0,"Local Written Blocks":0,"Temp Read Blocks":0,"Temp Written Blocks":0,"I/O Read Time":0.0,"I/O Write Time":0.0,"Temp I/O Read Time":0.0,"Temp I/O Write Time":0.0}]}]}]},{"Node Type":"Hash","Parent Relationship":"Inner","Parallel Aware":false,"Async Capable":false,"Startup Cost":390026.22,"Total Cost":390026.22,"Plan Rows":20000212,"Plan Width":6,"Actual Rows":20000000,"Actual Loops":1,"Output":["stock.s_w_id","stock.s_i_id"],"Shared Hit Blocks":0,"Shared Read Blocks":0,"Shared Dirtied Blocks":0,"Shared Written Blocks":0,"Local Hit Blocks":0,"Local Read Blocks":0,"Local Dirtied Blocks":0,"Local Written Blocks":0,"Temp Read Blocks":0,"Temp Written Blocks":0,"I/O Read Time":0.0,"I/O Write Time":0.0,"Temp I/O Read Time":0.0,"Temp I/O Write Time":0.0,"Plans":[{"Node Type":"Append","Parent Relationship":"Outer","Parallel Aware":false,"Async Capable":false,"Startup Cost":20.0,"Total Cost":390026.22,"Plan Rows":20000212,"Plan Width":6,"Actual Startup Time":0.402,"Actual Total Time":0.404,"Actual Rows":20000000,"Actual Loops":1,"Shared Hit Blocks":0,"Shared Read Blocks":0,"Shared Dirtied Blocks":0,"Shared Written Blocks":0,"Local Hit Blocks":0,"Local Read Blocks":0,"Local Dirtied Blocks":0,"Local Written Blocks":0,"Temp Read Blocks":0,"Temp Written Blocks":0,"I/O Read Time":0.0,"I/O Write Time":0.0,"Temp I/O Read Time":0.0,"Temp I/O Write Time":0.0,"Subplans Removed":0,"Plans":[{"Node Type":"Custom Scan","Parent Relationship":"Member","Custom Plan Provider":"columnar scan","Parallel Aware":false,"Async Capable":false,"Relation Name":"stock","Schema":"public","Alias":"stock","Startup Cost":20.0,"Total Cost":390020.1,"Plan Rows":20000000,"Plan Width":6,"Actual Startup Time":0.4,"Actual Total Time":0.4,"Actual Rows":20000000,"Actual Loops":1,"Output":["stock.s_w_id","stock.s_i_id"],"Rows Removed by Columnar Filter":0,"Columnar cache search mode":"native","Shared Hit Blocks":0,"Shared Read Blocks":0,"Shared Dirtied Blocks":0,"Shared Written Blocks":0,"Local Hit Blocks":0,"Local Read Blocks":0,"Local Dirtied Blocks":0,"Local Written Blocks":0,"Temp Read Blocks":0,"Temp Written Blocks":0,"I/O Read Time":0.0,"I/O Write Time":0.0,"Temp I/O Read Time":0.0,"Temp I/O Write Time":0.0},{"Node Type":"Seq Scan","Parent Relationship":"Member","Parallel Aware":false,"Async Capable":false,"Relation Name":"stock","Schema":"public","Alias":"stock","Startup Cost":0.0,"Total Cost":6.12,"Plan Rows":212,"Plan Width":6,"Actual Startup Time":0.0,"Actual Total Time":0.0,"Actual Rows":0,"Actual Loops":0,"Output":["stock.s_w_id","stock.s_i_id"],"Shared Hit Blocks":0,"Shared Read Blocks":0,"Shared Dirtied Blocks":0,"Shared Written Blocks":0,"Local Hit Blocks":0,"Local Read Blocks":0,"Local Dirtied Blocks":0,"Local Written Blocks":0,"Temp Read Blocks":0,"Temp Written Blocks":0,"I/O Read Time":0.0,"I/O Write Time":0.0,"Temp I/O Read Time":0.0,"Temp I/O Write Time":0.0}]}]}]},{"Node Type":"Hash","Parent Relationship":"Inner","Parallel Aware":false,"Async Capable":false,"Startup Cost":317.0,"Total Cost":317.0,"Plan Rows":10000,"Plan Width":8,"Actual Startup Time":2.548,"Actual Total Time":2.549,"Actual Rows":10000,"Actual Loops":1,"Output":["supplier.su_nationkey","supplier.su_suppkey"],"Hash Buckets":16384,"Original Hash Buckets":16384,"Hash Batches":1,"Original Hash Batches":1,"Peak Memory Usage":519,"Shared Hit Blocks":217,"Shared Read Blocks":0,"Shared Dirtied Blocks":0,"Shared Written Blocks":0,"Local Hit Blocks":0,"Local Read Blocks":0,"Local Dirtied Blocks":0,"Local Written Blocks":0,"Temp Read Blocks":0,"Temp Written Blocks":0,"I/O Read Time":0.0,"I/O Write Time":0.0,"Temp I/O Read Time":0.0,"Temp I/O Write Time":0.0,"Plans":[{"Node Type":"Seq Scan","Parent Relationship":"Outer","Parallel Aware":false,"Async Capable":false,"Relation Name":"supplier","Schema":"public","Alias":"supplier","Startup Cost":0.0,"Total Cost":317.0,"Plan Rows":10000,"Plan Width":8,"Actual Startup Time":0.005,"Actual Total Time":1.298,"Actual Rows":10000,"Actual Loops":1,"Output":["supplier.su_nationkey","supplier.su_suppkey"],"Shared Hit Blocks":217,"Shared Read Blocks":0,"Shared Dirtied Blocks":0,"Shared Written Blocks":0,"Local Hit Blocks":0,"Local Read Blocks":0,"Local Dirtied Blocks":0,"Local Written Blocks":0,"Temp Read Blocks":0,"Temp Written Blocks":0,"I/O Read Time":0.0,"I/O Write Time":0.0,"Temp I/O Read Time":0.0,"Temp I/O Write Time":0.0}]}]},{"Node Type":"Hash","Parent Relationship":"Inner","Parallel Aware":false,"Async Capable":false,"Startup Cost":1.93,"Total Cost":1.93,"Plan Rows":2,"Plan Width":12,"Actual Startup Time":0.027,"Actual Total Time":0.028,"Actual Rows":2,"Actual Loops":1,"Output":["n1.n_nationkey","n1.n_name"],"Hash Buckets":1024,"Original Hash Buckets":1024,"Hash Batches":1,"Original Hash Batches":1,"Peak Memory Usage":9,"Shared Hit Blocks":1,"Shared Read Blocks":0,"Shared Dirtied Blocks":0,"Shared Written Blocks":0,"Local Hit Blocks":0,"Local Read Blocks":0,"Local Dirtied Blocks":0,"Local Written Blocks":0,"Temp Read Blocks":0,"Temp Written Blocks":0,"I/O Read Time":0.0,"I/O Write Time":0.0,"Temp I/O Read Time":0.0,"Temp I/O Write Time":0.0,"Plans":[{"Node Type":"Seq Scan","Parent Relationship":"Outer","Parallel Aware":false,"Async Capable":false,"Relation Name":"nation","Schema":"public","Alias":"n1","Startup Cost":0.0,"Total Cost":1.93,"Plan Rows":2,"Plan Width":12,"Actual Startup Time":0.018,"Actual Total Time":0.023,"Actual Rows":2,"Actual Loops":1,"Output":["n1.n_nationkey","n1.n_name"],"Filter":"(((n1.n_name)::text = 'Germany'::text) OR ((n1.n_name)::text = 'Cambodia'::text))","Rows Removed by Filter":60,"Shared Hit Blocks":1,"Shared Read Blocks":0,"Shared Dirtied Blocks":0,"Shared Written Blocks":0,"Local Hit Blocks":0,"Local Read Blocks":0,"Local Dirtied Blocks":0,"Local Written Blocks":0,"Temp Read Blocks":0,"Temp Written Blocks":0,"I/O Read Time":0.0,"I/O Write Time":0.0,"Temp I/O Read Time":0.0,"Temp I/O Write Time":0.0}]}]}]}]},"Planning":{"Shared Hit Blocks":152,"Shared Read Blocks":0,"Shared Dirtied Blocks":0,"Shared Written Blocks":0,"Local Hit Blocks":0,"Local Read Blocks":0,"Local Dirtied Blocks":0,"Local Written Blocks":0,"Temp Read Blocks":0,"Temp Written Blocks":0,"I/O Read Time":0.0,"I/O Write Time":0.0,"Temp I/O Read Time":0.0,"Temp I/O Write Time":0.0},"Planning Time":4.59,"Triggers":[],"Execution Time":4085.427}]
[列存组合]: customer, nation, order_line, orders, supplier
[{"Plan":{"Node Type":"Aggregate","Strategy":"Sorted","Partial Mode":"Simple","Parallel Aware":false,"Async Capable":false,"Startup Cost":1406465.4,"Total Cost":1406720.22,"Plan Rows":9266,"Plan Width":72,"Actual Startup Time":10477.7,"Actual Total Time":10480.233,"Actual Rows":6,"Actual Loops":1,"Output":["supplier.su_nationkey","customer.c_nationkey","(EXTRACT(year FROM orders.o_entry_d))","sum(order_line.ol_amount)"],"Group Key":["supplier.su_nationkey","customer.c_nationkey","(EXTRACT(year FROM orders.o_entry_d))"],"Shared Hit Blocks":54674,"Shared Read Blocks":0,"Shared Dirtied Blocks":0,"Shared Written Blocks":0,"Local Hit Blocks":0,"Local Read Blocks":0,"Local Dirtied Blocks":0,"Local Written Blocks":0,"Temp Read Blocks":7410,"Temp Written Blocks":7410,"I/O Read Time":0.0,"I/O Write Time":0.0,"Temp I/O Read Time":11.361,"Temp I/O Write Time":49.017,"Plans":[{"Node Type":"Sort","Parent Relationship":"Outer","Parallel Aware":false,"Async Capable":false,"Startup Cost":1406465.4,"Total Cost":1406488.57,"Plan Rows":9266,"Plan Width":44,"Actual Startup Time":10477.591,"Actual Total Time":10478.102,"Actual Rows":12121,"Actual Loops":1,"Output":["supplier.su_nationkey","customer.c_nationkey","(EXTRACT(year FROM orders.o_entry_d))","order_line.ol_amount"],"Sort Key":["supplier.su_nationkey","customer.c_nationkey","(EXTRACT(year FROM orders.o_entry_d))"],"Sort Method":"quicksort","Sort Space Used":1047,"Sort Space Type":"Memory","Shared Hit Blocks":54674,"Shared Read Blocks":0,"Shared Dirtied Blocks":0,"Shared Written Blocks":0,"Local Hit Blocks":0,"Local Read Blocks":0,"Local Dirtied Blocks":0,"Local Written Blocks":0,"Temp Read Blocks":7410,"Temp Written Blocks":7410,"I/O Read Time":0.0,"I/O Write Time":0.0,"Temp I/O Read Time":11.361,"Temp I/O Write Time":49.017,"Plans":[{"Node Type":"Hash Join","Parent Relationship":"Outer","Parallel Aware":false,"Async Capable":false,"Join Type":"Inner","Startup Cost":687861.89,"Total Cost":1405854.88,"Plan Rows":9266,"Plan Width":44,"Actual Startup Time":8626.158,"Actual Total Time":10473.864,"Actual Rows":12121,"Actual Loops":1,"Output":["supplier.su_nationkey","customer.c_nationkey","EXTRACT(year FROM orders.o_entry_d)","order_line.ol_amount"],"Hash Cond":"((order_line.ol_supply_w_id = stock.s_w_id) AND (order_line.ol_i_id = stock.s_i_id))","Join Filter":"((((n1.n_name)::text = 'Germany'::text) AND ((n2.n_name)::text = 'Cambodia'::text)) OR (((n1.n_name)::text = 'Cambodia'::text) AND ((n2.n_name)::text = 'Germany'::text)))","Rows Removed by Join Filter":11453,"Shared Hit Blocks":54674,"Shared Read Blocks":0,"Shared Dirtied Blocks":0,"Shared Written Blocks":0,"Local Hit Blocks":0,"Local Read Blocks":0,"Local Dirtied Blocks":0,"Local Written Blocks":0,"Temp Read Blocks":7410,"Temp Written Blocks":7410,"I/O Read Time":0.0,"I/O Write Time":0.0,"Temp I/O Read Time":11.361,"Temp I/O Write Time":49.017,"Plans":[{"Node Type":"Hash Join","Parent Relationship":"Outer","Parallel Aware":false,"Async Capable":false,"Join Type":"Inner","Startup Cost":41077.11,"Total Cost":734447.95,"Plan Rows":565362,"Plan Width":30,"Actual Startup Time":1979.741,"Actual Total Time":3407.969,"Actual Rows":818159,"Actual Loops":1,"Output":["order_line.ol_amount","order_line.ol_supply_w_id","order_line.ol_i_id","orders.o_entry_d","customer.c_nationkey","n2.n_name"],"Hash Cond":"(customer.c_nationkey = n2.n_nationkey)","Rows Removed by Bloom Filter":112628563,"Shared Hit Blocks":0,"Shared Read Blocks":0,"Shared Dirtied Blocks":0,"Shared Written Blocks":0,"Local Hit Blocks":0,"Local Read Blocks":0,"Local Dirtied Blocks":0,"Local Written Blocks":0,"Temp Read Blocks":0,"Temp Written Blocks":0,"I/O Read Time":0.0,"I/O Write Time":0.0,"Temp I/O Read Time":0.0,"Temp I/O Write Time":0.0,"Plans":[{"Node Type":"Hash Join","Parent Relationship":"Outer","Parallel Aware":false,"Async Capable":false,"Join Type":"Inner","Startup Cost":41053.07,"Total Cost":801058.04,"Plan Rows":17526218,"Plan Width":22,"Actual Startup Time":1056.774,"Actual Total Time":1056.78,"Actual Rows":0,"Actual Loops":1,"Output":["order_line.ol_amount","order_line.ol_supply_w_id","order_line.ol_i_id","orders.o_entry_d","customer.c_nationkey"],"Hash Cond":"((order_line.ol_w_id = customer.c_w_id) AND (order_line.ol_d_id = customer.c_d_id) AND (orders.o_c_id = customer.c_id))","Rows Removed by Bloom Filter":0,"Shared Hit Blocks":0,"Shared Read Blocks":0,"Shared Dirtied Blocks":0,"Shared Written Blocks":0,"Local Hit Blocks":0,"Local Read Blocks":0,"Local Dirtied Blocks":0,"Local Written Blocks":0,"Temp Read Blocks":0,"Temp Written Blocks":0,"I/O Read Time":0.0,"I/O Write Time":0.0,"Temp I/O Read Time":0.0,"Temp I/O Write Time":0.0,"Plans":[{"Node Type":"Hash Join","Parent Relationship":"Outer","Parallel Aware":false,"Async Capable":false,"Join Type":"Inner","Startup Cost":20539.32,"Total Cost":586018.71,"Plan Rows":17526218,"Plan Width":30,"Actual Startup Time":1056.405,"Actual Total Time":1056.41,"Actual Rows":0,"Actual Loops":1,"Output":["order_line.ol_amount","order_line.ol_supply_w_id","order_line.ol_i_id","order_line.ol_w_id","order_line.ol_d_id","orders.o_entry_d","orders.o_w_id","orders.o_d_id","orders.o_c_id"],"Hash Cond":"((order_line.ol_w_id = orders.o_w_id) AND (order_line.ol_d_id = orders.o_d_id) AND (order_line.ol_o_id = orders.o_id))","Rows Removed by Bloom Filter":0,"Shared Hit Blocks":0,"Shared Read Blocks":0,"Shared Dirtied Blocks":0,"Shared Written Blocks":0,"Local Hit Blocks":0,"Local Read Blocks":0,"Local Dirtied Blocks":0,"Local Written Blocks":0,"Temp Read Blocks":0,"Temp Written Blocks":0,"I/O Read Time":0.0,"I/O Write Time":0.0,"Temp I/O Read Time":0.0,"Temp I/O Write Time":0.0,"Plans":[{"Node Type":"Append","Parent Relationship":"Outer","Parallel Aware":false,"Async Capable":false,"Startup Cost":20.0,"Total Cost":482290.51,"Plan Rows":17536869,"Plan Width":22,"Actual Startup Time":1053.134,"Actual Total Time":1053.136,"Actual Rows":16894821,"Actual Loops":1,"Shared Hit Blocks":0,"Shared Read Blocks":0,"Shared Dirtied Blocks":0,"Shared Written Blocks":0,"Local Hit Blocks":0,"Local Read Blocks":0,"Local Dirtied Blocks":0,"Local Written Blocks":0,"Temp Read Blocks":0,"Temp Written Blocks":0,"I/O Read Time":0.0,"I/O Write Time":0.0,"Temp I/O Read Time":0.0,"Temp I/O Write Time":0.0,"Subplans Removed":0,"Plans":[{"Node Type":"Custom Scan","Parent Relationship":"Member","Custom Plan Provider":"columnar scan","Parallel Aware":false,"Async Capable":false,"Relation Name":"order_line","Schema":"public","Alias":"order_line","Startup Cost":20.0,"Total Cost":482285.56,"Plan Rows":17536851,"Plan Width":22,"Actual Startup Time":1053.13,"Actual Total Time":1053.131,"Actual Rows":16894821,"Actual Loops":1,"Output":["order_line.ol_amount","order_line.ol_supply_w_id","order_line.ol_i_id","order_line.ol_w_id","order_line.ol_d_id","order_line.ol_o_id"],"Filter":"((order_line.ol_delivery_d <= '1997-01-01 20:10:02.27764'::timestamp without time zone) AND (order_line.ol_delivery_d >= '1995-01-02 20:10:02.27764'::timestamp without time zone))","Rows Removed by Filter":0,"Rows Removed by Columnar Filter":43098940,"Rows Filtered by Bloom Filter":0,"Dictionary Rows Filtered by Bloom Filter":857915,"Columnar cache search mode":"native","Shared Hit Blocks":0,"Shared Read Blocks":0,"Shared Dirtied Blocks":0,"Shared Written Blocks":0,"Local Hit Blocks":0,"Local Read Blocks":0,"Local Dirtied Blocks":0,"Local Written Blocks":0,"Temp Read Blocks":0,"Temp Written Blocks":0,"I/O Read Time":0.0,"I/O Write Time":0.0,"Temp I/O Read Time":0.0,"Temp I/O Write Time":0.0},{"Node Type":"Seq Scan","Parent Relationship":"Member","Parallel Aware":false,"Async Capable":false,"Relation Name":"order_line","Schema":"public","Alias":"order_line","Startup Cost":0.0,"Total Cost":4.95,"Plan Rows":18,"Plan Width":22,"Actual Startup Time":0.0,"Actual Total Time":0.0,"Actual Rows":0,"Actual Loops":0,"Output":["order_line.ol_amount","order_line.ol_supply_w_id","order_line.ol_i_id","order_line.ol_w_id","order_line.ol_d_id","order_line.ol_o_id"],"Filter":"((order_line.ol_delivery_d <= '1997-01-01 20:10:02.27764'::timestamp without time zone) AND (order_line.ol_delivery_d >= '1995-01-02 20:10:02.27764'::timestamp without time zone))","Rows Removed by Filter":0,"Shared Hit Blocks":0,"Shared Read Blocks":0,"Shared Dirtied Blocks":0,"Shared Written Blocks":0,"Local Hit Blocks":0,"Local Read Blocks":0,"Local Dirtied Blocks":0,"Local Written Blocks":0,"Temp Read Blocks":0,"Temp Written Blocks":0,"I/O Read Time":0.0,"I/O Write Time":0.0,"Temp I/O Read Time":0.0,"Temp I/O Write Time":0.0}]},{"Node Type":"Hash","Parent Relationship":"Inner","Parallel Aware":false,"Async Capable":false,"Startup Cost":152930.34,"Total Cost":152930.34,"Plan Rows":5996325,"Plan Width":24,"Actual Rows":5995789,"Actual Loops":1,"Output":["orders.o_entry_d","orders.o_w_id","orders.o_d_id","orders.o_id","orders.o_c_id"],"Shared Hit Blocks":0,"Shared Read Blocks":0,"Shared Dirtied Blocks":0,"Shared Written Blocks":0,"Local Hit Blocks":0,"Local Read Blocks":0,"Local Dirtied Blocks":0,"Local Written Blocks":0,"Temp Read Blocks":0,"Temp Written Blocks":0,"I/O Read Time":0.0,"I/O Write Time":0.0,"Temp I/O Read Time":0.0,"Temp I/O Write Time":0.0,"Plans":[{"Node Type":"Append","Parent Relationship":"Outer","Parallel Aware":false,"Async Capable":false,"Startup Cost":20.0,"Total Cost":152930.34,"Plan Rows":5996325,"Plan Width":24,"Actual Startup Time":3.129,"Actual Total Time":3.131,"Actual Rows":5995789,"Actual Loops":1,"Shared Hit Blocks":0,"Shared Read Blocks":0,"Shared Dirtied Blocks":0,"Shared Written Blocks":0,"Local Hit Blocks":0,"Local Read Blocks":0,"Local Dirtied Blocks":0,"Local Written Blocks":0,"Temp Read Blocks":0,"Temp Written Blocks":0,"I/O Read Time":0.0,"I/O Write Time":0.0,"Temp I/O Read Time":0.0,"Temp I/O Write Time":0.0,"Subplans Removed":0,"Plans":[{"Node Type":"Custom Scan","Parent Relationship":"Member","Custom Plan Provider":"columnar scan","Parallel Aware":false,"Async Capable":false,"Relation Name":"orders","Schema":"public","Alias":"orders","Startup Cost":20.0,"Total Cost":152926.32,"Plan Rows":5996324,"Plan Width":24,"Actual Startup Time":3.128,"Actual Total Time":3.128,"Actual Rows":5995789,"Actual Loops":1,"Output":["orders.o_entry_d","orders.o_w_id","orders.o_d_id","orders.o_id","orders.o_c_id"],"Filter":"(orders.o_entry_d >= '1992-01-02 20:10:02.27764'::timestamp without time zone)","Rows Removed by Filter":0,"Rows Removed by Columnar Filter":4211,"Columnar cache search mode":"native","Shared Hit Blocks":0,"Shared Read Blocks":0,"Shared Dirtied Blocks":0,"Shared Written Blocks":0,"Local Hit Blocks":0,"Local Read Blocks":0,"Local Dirtied Blocks":0,"Local Written Blocks":0,"Temp Read Blocks":0,"Temp Written Blocks":0,"I/O Read Time":0.0,"I/O Write Time":0.0,"Temp I/O Read Time":0.0,"Temp I/O Write Time":0.0},{"Node Type":"Seq Scan","Parent Relationship":"Member","Parallel Aware":false,"Async Capable":false,"Relation Name":"orders","Schema":"public","Alias":"orders","Startup Cost":0.0,"Total Cost":4.01,"Plan Rows":1,"Plan Width":24,"Actual Startup Time":0.0,"Actual Total Time":0.0,"Actual Rows":0,"Actual Loops":0,"Output":["orders.o_entry_d","orders.o_w_id","orders.o_d_id","orders.o_id","orders.o_c_id"],"Filter":"(orders.o_entry_d >= '1992-01-02 20:10:02.27764'::timestamp without time zone)","Rows Removed by Filter":0,"Shared Hit Blocks":0,"Shared Read Blocks":0,"Shared Dirtied Blocks":0,"Shared Written Blocks":0,"Local Hit Blocks":0,"Local Read Blocks":0,"Local Dirtied Blocks":0,"Local Written Blocks":0,"Temp Read Blocks":0,"Temp Written Blocks":0,"I/O Read Time":0.0,"I/O Write Time":0.0,"Temp I/O Read Time":0.0,"Temp I/O Write Time":0.0}]}]}]},{"Node Type":"Hash","Parent Relationship":"Inner","Parallel Aware":false,"Async Capable":false,"Startup Cost":141025.46,"Total Cost":141025.46,"Plan Rows":6000140,"Plan Width":12,"Actual Rows":6000000,"Actual Loops":1,"Output":["customer.c_nationkey","customer.c_id","customer.c_w_id","customer.c_d_id"],"Shared Hit Blocks":0,"Shared Read Blocks":0,"Shared Dirtied Blocks":0,"Shared Written Blocks":0,"Local Hit Blocks":0,"Local Read Blocks":0,"Local Dirtied Blocks":0,"Local Written Blocks":0,"Temp Read Blocks":0,"Temp Written Blocks":0,"I/O Read Time":0.0,"I/O Write Time":0.0,"Temp I/O Read Time":0.0,"Temp I/O Write Time":0.0,"Plans":[{"Node Type":"Append","Parent Relationship":"Outer","Parallel Aware":false,"Async Capable":false,"Startup Cost":20.0,"Total Cost":141025.46,"Plan Rows":6000140,"Plan Width":12,"Actual Startup Time":0.27,"Actual Total Time":0.27,"Actual Rows":6000000,"Actual Loops":1,"Shared Hit Blocks":0,"Shared Read Blocks":0,"Shared Dirtied Blocks":0,"Shared Written Blocks":0,"Local Hit Blocks":0,"Local Read Blocks":0,"Local Dirtied Blocks":0,"Local Written Blocks":0,"Temp Read Blocks":0,"Temp Written Blocks":0,"I/O Read Time":0.0,"I/O Write Time":0.0,"Temp I/O Read Time":0.0,"Temp I/O Write Time":0.0,"Subplans Removed":0,"Plans":[{"Node Type":"Custom Scan","Parent Relationship":"Member","Custom Plan Provider":"columnar scan","Parallel Aware":false,"Async Capable":false,"Relation Name":"customer","Schema":"public","Alias":"customer","Startup Cost":20.0,"Total Cost":141020.06,"Plan Rows":6000000,"Plan Width":12,"Actual Startup Time":0.269,"Actual Total Time":0.269,"Actual Rows":6000000,"Actual Loops":1,"Output":["customer.c_nationkey","customer.c_id","customer.c_w_id","customer.c_d_id"],"Rows Removed by Columnar Filter":0,"Columnar cache search mode":"native","Shared Hit Blocks":0,"Shared Read Blocks":0,"Shared Dirtied Blocks":0,"Shared Written Blocks":0,"Local Hit Blocks":0,"Local Read Blocks":0,"Local Dirtied Blocks":0,"Local Written Blocks":0,"Temp Read Blocks":0,"Temp Written Blocks":0,"I/O Read Time":0.0,"I/O Write Time":0.0,"Temp I/O Read Time":0.0,"Temp I/O Write Time":0.0},{"Node Type":"Seq Scan","Parent Relationship":"Member","Parallel Aware":false,"Async Capable":false,"Relation Name":"customer","Schema":"public","Alias":"customer","Startup Cost":0.0,"Total Cost":5.4,"Plan Rows":140,"Plan Width":12,"Actual Startup Time":0.0,"Actual Total Time":0.0,"Actual Rows":0,"Actual Loops":0,"Output":["customer.c_nationkey","customer.c_id","customer.c_w_id","customer.c_d_id"],"Shared Hit Blocks":0,"Shared Read Blocks":0,"Shared Dirtied Blocks":0,"Shared Written Blocks":0,"Local Hit Blocks":0,"Local Read Blocks":0,"Local Dirtied Blocks":0,"Local Written Blocks":0,"Temp Read Blocks":0,"Temp Written Blocks":0,"I/O Read Time":0.0,"I/O Write Time":0.0,"Temp I/O Read Time":0.0,"Temp I/O Write Time":0.0}]}]}]},{"Node Type":"Hash","Parent Relationship":"Inner","Parallel Aware":false,"Async Capable":false,"Startup Cost":24.07,"Total Cost":24.07,"Plan Rows":3,"Plan Width":12,"Actual Rows":2,"Actual Loops":1,"Output":["n2.n_nationkey","n2.n_name"],"Shared Hit Blocks":0,"Shared Read Blocks":0,"Shared Dirtied Blocks":0,"Shared Written Blocks":0,"Local Hit Blocks":0,"Local Read Blocks":0,"Local Dirtied Blocks":0,"Local Written Blocks":0,"Temp Read Blocks":0,"Temp Written Blocks":0,"I/O Read Time":0.0,"I/O Write Time":0.0,"Temp I/O Read Time":0.0,"Temp I/O Write Time":0.0,"Plans":[{"Node Type":"Append","Parent Relationship":"Outer","Parallel Aware":false,"Async Capable":false,"Startup Cost":20.0,"Total Cost":24.07,"Plan Rows":3,"Plan Width":12,"Actual Startup Time":0.097,"Actual Total Time":0.097,"Actual Rows":2,"Actual Loops":1,"Shared Hit Blocks":0,"Shared Read Blocks":0,"Shared Dirtied Blocks":0,"Shared Written Blocks":0,"Local Hit Blocks":0,"Local Read Blocks":0,"Local Dirtied Blocks":0,"Local Written Blocks":0,"Temp Read Blocks":0,"Temp Written Blocks":0,"I/O Read Time":0.0,"I/O Write Time":0.0,"Temp I/O Read Time":0.0,"Temp I/O Write Time":0.0,"Subplans Removed":0,"Plans":[{"Node Type":"Custom Scan","Parent Relationship":"Member","Custom Plan Provider":"columnar scan","Parallel Aware":false,"Async Capable":false,"Relation Name":"nation","Schema":"public","Alias":"n2","Startup Cost":20.0,"Total Cost":20.05,"Plan Rows":2,"Plan Width":12,"Actual Startup Time":0.093,"Actual Total Time":0.093,"Actual Rows":2,"Actual Loops":1,"Output":["n2.n_nationkey","n2.n_name"],"Filter":"(((n2.n_name)::text = 'Cambodia'::text) OR ((n2.n_name)::text = 'Germany'::text))","Rows Removed by Filter":0,"Rows Removed by Columnar Filter":60,"Columnar cache search mode":"native","Shared Hit Blocks":0,"Shared Read Blocks":0,"Shared Dirtied Blocks":0,"Shared Written Blocks":0,"Local Hit Blocks":0,"Local Read Blocks":0,"Local Dirtied Blocks":0,"Local Written Blocks":0,"Temp Read Blocks":0,"Temp Written Blocks":0,"I/O Read Time":0.0,"I/O Write Time":0.0,"Temp I/O Read Time":0.0,"Temp I/O Write Time":0.0},{"Node Type":"Seq Scan","Parent Relationship":"Member","Parallel Aware":false,"Async Capable":false,"Relation Name":"nation","Schema":"public","Alias":"n2","Startup Cost":0.0,"Total Cost":4.01,"Plan Rows":1,"Plan Width":12,"Actual Startup Time":0.0,"Actual Total Time":0.0,"Actual Rows":0,"Actual Loops":0,"Output":["n2.n_nationkey","n2.n_name"],"Filter":"(((n2.n_name)::text = 'Cambodia'::text) OR ((n2.n_name)::text = 'Germany'::text))","Rows Removed by Filter":0,"Shared Hit Blocks":0,"Shared Read Blocks":0,"Shared Dirtied Blocks":0,"Shared Written Blocks":0,"Local Hit Blocks":0,"Local Read Blocks":0,"Local Dirtied Blocks":0,"Local Written Blocks":0,"Temp Read Blocks":0,"Temp Written Blocks":0,"I/O Read Time":0.0,"I/O Write Time":0.0,"Temp I/O Read Time":0.0,"Temp I/O Write Time":0.0}]}]}]},{"Node Type":"Hash","Parent Relationship":"Inner","Parallel Aware":false,"Async Capable":false,"Startup Cost":633326.26,"Total Cost":633326.26,"Plan Rows":645168,"Plan Width":18,"Actual Startup Time":6644.839,"Actual Total Time":6644.843,"Actual Rows":566400,"Actual Loops":1,"Output":["supplier.su_nationkey","stock.s_w_id","stock.s_i_id","n1.n_name"],"Hash Buckets":131072,"Original Hash Buckets":131072,"Hash Batches":8,"Original Hash Batches":8,"Peak Memory Usage":4646,"Shared Hit Blocks":54674,"Shared Read Blocks":0,"Shared Dirtied Blocks":0,"Shared Written Blocks":0,"Local Hit Blocks":0,"Local Read Blocks":0,"Local Dirtied Blocks":0,"Local Written Blocks":0,"Temp Read Blocks":0,"Temp Written Blocks":2445,"I/O Read Time":0.0,"I/O Write Time":0.0,"Temp I/O Read Time":0.0,"Temp I/O Write Time":13.967,"Plans":[{"Node Type":"Hash Join","Parent Relationship":"Outer","Parallel Aware":false,"Async Capable":false,"Join Type":"Inner","Startup Cost":346.42,"Total Cost":633326.26,"Plan Rows":645168,"Plan Width":18,"Actual Startup Time":3.174,"Actual Total Time":6494.901,"Actual Rows":566400,"Actual Loops":1,"Output":["supplier.su_nationkey","stock.s_w_id","stock.s_i_id","n1.n_name"],"Hash Cond":"(supplier.su_nationkey = n1.n_nationkey)","Shared Hit Blocks":54674,"Shared Read Blocks":0,"Shared Dirtied Blocks":0,"Shared Written Blocks":0,"Local Hit Blocks":0,"Local Read Blocks":0,"Local Dirtied Blocks":0,"Local Written Blocks":0,"Temp Read Blocks":0,"Temp Written Blocks":0,"I/O Read Time":0.0,"I/O Write Time":0.0,"Temp I/O Read Time":0.0,"Temp I/O Write Time":0.0,"Plans":[{"Node Type":"Hash Join","Parent Relationship":"Outer","Parallel Aware":false,"Async Capable":false,"Join Type":"Inner","Startup Cost":344.46,"Total Cost":577235.0,"Plan Rows":20000212,"Plan Width":10,"Actual Startup Time":3.141,"Actual Total Time":5175.432,"Actual Rows":20000000,"Actual Loops":1,"Output":["supplier.su_nationkey","stock.s_w_id","stock.s_i_id"],"Hash Cond":"(mod((stock.s_w_id * stock.s_i_id), 10000) = supplier.su_suppkey)","Shared Hit Blocks":54673,"Shared Read Blocks":0,"Shared Dirtied Blocks":0,"Shared Written Blocks":0,"Local Hit Blocks":0,"Local Read Blocks":0,"Local Dirtied Blocks":0,"Local Written Blocks":0,"Temp Read Blocks":0,"Temp Written Blocks":0,"I/O Read Time":0.0,"I/O Write Time":0.0,"Temp I/O Read Time":0.0,"Temp I/O Write Time":0.0,"Plans":[{"Node Type":"Index Only Scan","Parent Relationship":"Outer","Parallel Aware":false,"Async Capable":false,"Scan Direction":"Forward","Index Name":"stock_pk","Relation Name":"stock","Schema":"public","Alias":"stock","Startup Cost":0.44,"Total Cost":519363.62,"Plan Rows":20000212,"Plan Width":6,"Actual Startup Time":0.013,"Actual Total Time":1532.6,"Actual Rows":20000000,"Actual Loops":1,"Output":["stock.s_w_id","stock.s_i_id"],"Heap Fetches":0,"Shared Hit Blocks":54673,"Shared Read Blocks":0,"Shared Dirtied Blocks":0,"Shared Written Blocks":0,"Local Hit Blocks":0,"Local Read Blocks":0,"Local Dirtied Blocks":0,"Local Written Blocks":0,"Temp Read Blocks":0,"Temp Written Blocks":0,"I/O Read Time":0.0,"I/O Write Time":0.0,"Temp I/O Read Time":0.0,"Temp I/O Write Time":0.0},{"Node Type":"Hash","Parent Relationship":"Inner","Parallel Aware":false,"Async Capable":false,"Startup Cost":219.01,"Total Cost":219.01,"Plan Rows":10001,"Plan Width":8,"Actual Startup Time":3.077,"Actual Total Time":3.079,"Actual Rows":10000,"Actual Loops":1,"Output":["supplier.su_nationkey","supplier.su_suppkey"],"Hash Buckets":16384,"Original Hash Buckets":16384,"Hash Batches":1,"Original Hash Batches":1,"Peak Memory Usage":519,"Shared Hit Blocks":0,"Shared Read Blocks":0,"Shared Dirtied Blocks":0,"Shared Written Blocks":0,"Local Hit Blocks":0,"Local Read Blocks":0,"Local Dirtied Blocks":0,"Local Written Blocks":0,"Temp Read Blocks":0,"Temp Written Blocks":0,"I/O Read Time":0.0,"I/O Write Time":0.0,"Temp I/O Read Time":0.0,"Temp I/O Write Time":0.0,"Plans":[{"Node Type":"Append","Parent Relationship":"Outer","Parallel Aware":false,"Async Capable":false,"Startup Cost":20.0,"Total Cost":219.01,"Plan Rows":10001,"Plan Width":8,"Actual Startup Time":0.013,"Actual Total Time":1.848,"Actual Rows":10000,"Actual Loops":1,"Shared Hit Blocks":0,"Shared Read Blocks":0,"Shared Dirtied Blocks":0,"Shared Written Blocks":0,"Local Hit Blocks":0,"Local Read Blocks":0,"Local Dirtied Blocks":0,"Local Written Blocks":0,"Temp Read Blocks":0,"Temp Written Blocks":0,"I/O Read Time":0.0,"I/O Write Time":0.0,"Temp I/O Read Time":0.0,"Temp I/O Write Time":0.0,"Subplans Removed":0,"Plans":[{"Node Type":"Custom Scan","Parent Relationship":"Member","Custom Plan Provider":"columnar scan","Parallel Aware":false,"Async Capable":false,"Relation Name":"supplier","Schema":"public","Alias":"supplier","Startup Cost":20.0,"Total Cost":215.0,"Plan Rows":10000,"Plan Width":8,"Actual Startup Time":0.012,"Actual Total Time":1.091,"Actual Rows":10000,"Actual Loops":1,"Output":["supplier.su_nationkey","supplier.su_suppkey"],"Rows Removed by Columnar Filter":0,"Columnar cache search mode":"native","Shared Hit Blocks":0,"Shared Read Blocks":0,"Shared Dirtied Blocks":0,"Shared Written Blocks":0,"Local Hit Blocks":0,"Local Read Blocks":0,"Local Dirtied Blocks":0,"Local Written Blocks":0,"Temp Read Blocks":0,"Temp Written Blocks":0,"I/O Read Time":0.0,"I/O Write Time":0.0,"Temp I/O Read Time":0.0,"Temp I/O Write Time":0.0},{"Node Type":"Seq Scan","Parent Relationship":"Member","Parallel Aware":false,"Async Capable":false,"Relation Name":"supplier","Schema":"public","Alias":"supplier","Startup Cost":0.0,"Total Cost":4.01,"Plan Rows":1,"Plan Width":8,"Actual Startup Time":0.0,"Actual Total Time":0.0,"Actual Rows":0,"Actual Loops":0,"Output":["supplier.su_nationkey","supplier.su_suppkey"],"Shared Hit Blocks":0,"Shared Read Blocks":0,"Shared Dirtied Blocks":0,"Shared Written Blocks":0,"Local Hit Blocks":0,"Local Read Blocks":0,"Local Dirtied Blocks":0,"Local Written Blocks":0,"Temp Read Blocks":0,"Temp Written Blocks":0,"I/O Read Time":0.0,"I/O Write Time":0.0,"Temp I/O Read Time":0.0,"Temp I/O Write Time":0.0}]}]}]},{"Node Type":"Hash","Parent Relationship":"Inner","Parallel Aware":false,"Async Capable":false,"Startup Cost":1.93,"Total Cost":1.93,"Plan Rows":2,"Plan Width":12,"Actual Startup Time":0.024,"Actual Total Time":0.024,"Actual Rows":2,"Actual Loops":1,"Output":["n1.n_nationkey","n1.n_name"],"Hash Buckets":1024,"Original Hash Buckets":1024,"Hash Batches":1,"Original Hash Batches":1,"Peak Memory Usage":9,"Shared Hit Blocks":1,"Shared Read Blocks":0,"Shared Dirtied Blocks":0,"Shared Written Blocks":0,"Local Hit Blocks":0,"Local Read Blocks":0,"Local Dirtied Blocks":0,"Local Written Blocks":0,"Temp Read Blocks":0,"Temp Written Blocks":0,"I/O Read Time":0.0,"I/O Write Time":0.0,"Temp I/O Read Time":0.0,"Temp I/O Write Time":0.0,"Plans":[{"Node Type":"Seq Scan","Parent Relationship":"Outer","Parallel Aware":false,"Async Capable":false,"Relation Name":"nation","Schema":"public","Alias":"n1","Startup Cost":0.0,"Total Cost":1.93,"Plan Rows":2,"Plan Width":12,"Actual Startup Time":0.014,"Actual Total Time":0.02,"Actual Rows":2,"Actual Loops":1,"Output":["n1.n_nationkey","n1.n_name"],"Filter":"(((n1.n_name)::text = 'Germany'::text) OR ((n1.n_name)::text = 'Cambodia'::text))","Rows Removed by Filter":60,"Shared Hit Blocks":1,"Shared Read Blocks":0,"Shared Dirtied Blocks":0,"Shared Written Blocks":0,"Local Hit Blocks":0,"Local Read Blocks":0,"Local Dirtied Blocks":0,"Local Written Blocks":0,"Temp Read Blocks":0,"Temp Written Blocks":0,"I/O Read Time":0.0,"I/O Write Time":0.0,"Temp I/O Read Time":0.0,"Temp I/O Write Time":0.0}]}]}]}]}]}]},"Planning":{"Shared Hit Blocks":152,"Shared Read Blocks":0,"Shared Dirtied Blocks":0,"Shared Written Blocks":0,"Local Hit Blocks":0,"Local Read Blocks":0,"Local Dirtied Blocks":0,"Local Written Blocks":0,"Temp Read Blocks":0,"Temp Written Blocks":0,"I/O Read Time":0.0,"I/O Write Time":0.0,"Temp I/O Read Time":0.0,"Temp I/O Write Time":0.0},"Planning Time":3.866,"Triggers":[],"Execution Time":10489.472}]
[列存组合]: customer, nation, order_line, stock, supplier
[{"Plan":{"Node Type":"Aggregate","Strategy":"Sorted","Partial Mode":"Simple","Parallel Aware":false,"Async Capable":false,"Startup Cost":1627678.73,"Total Cost":1627933.55,"Plan Rows":9266,"Plan Width":72,"Actual Startup Time":13039.082,"Actual Total Time":13041.629,"Actual Rows":6,"Actual Loops":1,"Output":["supplier.su_nationkey","customer.c_nationkey","(EXTRACT(year FROM orders.o_entry_d))","sum(order_line.ol_amount)"],"Group Key":["supplier.su_nationkey","customer.c_nationkey","(EXTRACT(year FROM orders.o_entry_d))"],"Shared Hit Blocks":44123,"Shared Read Blocks":0,"Shared Dirtied Blocks":0,"Shared Written Blocks":0,"Local Hit Blocks":0,"Local Read Blocks":0,"Local Dirtied Blocks":0,"Local Written Blocks":0,"Temp Read Blocks":41796,"Temp Written Blocks":41814,"I/O Read Time":0.0,"I/O Write Time":0.0,"Temp I/O Read Time":62.934,"Temp I/O Write Time":190.404,"Plans":[{"Node Type":"Sort","Parent Relationship":"Outer","Parallel Aware":false,"Async Capable":false,"Startup Cost":1627678.73,"Total Cost":1627701.9,"Plan Rows":9266,"Plan Width":44,"Actual Startup Time":13038.975,"Actual Total Time":13039.495,"Actual Rows":12121,"Actual Loops":1,"Output":["supplier.su_nationkey","customer.c_nationkey","(EXTRACT(year FROM orders.o_entry_d))","order_line.ol_amount"],"Sort Key":["supplier.su_nationkey","customer.c_nationkey","(EXTRACT(year FROM orders.o_entry_d))"],"Sort Method":"quicksort","Sort Space Used":1047,"Sort Space Type":"Memory","Shared Hit Blocks":44123,"Shared Read Blocks":0,"Shared Dirtied Blocks":0,"Shared Written Blocks":0,"Local Hit Blocks":0,"Local Read Blocks":0,"Local Dirtied Blocks":0,"Local Written Blocks":0,"Temp Read Blocks":41796,"Temp Written Blocks":41814,"I/O Read Time":0.0,"I/O Write Time":0.0,"Temp I/O Read Time":62.934,"Temp I/O Write Time":190.404,"Plans":[{"Node Type":"Merge Join","Parent Relationship":"Outer","Parallel Aware":false,"Async Capable":false,"Join Type":"Inner","Startup Cost":1618608.38,"Total Cost":1627068.21,"Plan Rows":9266,"Plan Width":44,"Actual Startup Time":12697.671,"Actual Total Time":13035.977,"Actual Rows":12121,"Actual Loops":1,"Output":["supplier.su_nationkey","customer.c_nationkey","EXTRACT(year FROM orders.o_entry_d)","order_line.ol_amount"],"Merge Cond":"((orders.o_c_id = customer.c_id) AND (order_line.ol_w_id = customer.c_w_id) AND (order_line.ol_d_id = customer.c_d_id))","Join Filter":"((((n1.n_name)::text = 'Germany'::text) AND ((n2.n_name)::text = 'Cambodia'::text)) OR (((n1.n_name)::text = 'Cambodia'::text) AND ((n2.n_name)::text = 'Germany'::text)))","Rows Removed by Join Filter":11453,"Shared Hit Blocks":44123,"Shared Read Blocks":0,"Shared Dirtied Blocks":0,"Shared Written Blocks":0,"Local Hit Blocks":0,"Local Read Blocks":0,"Local Dirtied Blocks":0,"Local Written Blocks":0,"Temp Read Blocks":41796,"Temp Written Blocks":41814,"I/O Read Time":0.0,"I/O Write Time":0.0,"Temp I/O Read Time":62.934,"Temp I/O Write Time":190.404,"Plans":[{"Node Type":"Sort","Parent Relationship":"Outer","Parallel Aware":false,"Async Capable":false,"Startup Cost":1572247.16,"Total Cost":1573660.56,"Plan Rows":565362,"Plan Width":36,"Actual Startup Time":12468.787,"Actual Total Time":12639.19,"Actual Rows":485009,"Actual Loops":1,"Output":["supplier.su_nationkey","order_line.ol_amount","order_line.ol_w_id","order_line.ol_d_id","orders.o_entry_d","orders.o_w_id","orders.o_d_id","orders.o_c_id","n1.n_name"],"Sort Key":["orders.o_c_id","order_line.ol_w_id","order_line.ol_d_id"],"Sort Method":"external merge","Sort Space Used":24000,"Sort Space Type":"Disk","Shared Hit Blocks":44123,"Shared Read Blocks":0,"Shared Dirtied Blocks":0,"Shared Written Blocks":0,"Local Hit Blocks":0,"Local Read Blocks":0,"Local Dirtied Blocks":0,"Local Written Blocks":0,"Temp Read Blocks":40706,"Temp Written Blocks":40718,"I/O Read Time":0.0,"I/O Write Time":0.0,"Temp I/O Read Time":61.597,"Temp I/O Write Time":186.169,"Plans":[{"Node Type":"Hash Join","Parent Relationship":"Outer","Parallel Aware":false,"Async Capable":false,"Join Type":"Inner","Startup Cost":318158.84,"Total Cost":1502770.67,"Plan Rows":565362,"Plan Width":36,"Actual Startup Time":2714.823,"Actual Total Time":12221.65,"Actual Rows":485009,"Actual Loops":1,"Output":["supplier.su_nationkey","order_line.ol_amount","order_line.ol_w_id","order_line.ol_d_id","orders.o_entry_d","orders.o_w_id","orders.o_d_id","orders.o_c_id","n1.n_name"],"Hash Cond":"((order_line.ol_w_id = orders.o_w_id) AND (order_line.ol_d_id = orders.o_d_id) AND (order_line.ol_o_id = orders.o_id))","Shared Hit Blocks":44123,"Shared Read Blocks":0,"Shared Dirtied Blocks":0,"Shared Written Blocks":0,"Local Hit Blocks":0,"Local Read Blocks":0,"Local Dirtied Blocks":0,"Local Written Blocks":0,"Temp Read Blocks":37706,"Temp Written Blocks":37706,"I/O Read Time":0.0,"I/O Write Time":0.0,"Temp I/O Read Time":57.355,"Temp I/O Write Time":174.883,"Plans":[{"Node Type":"Hash Join","Parent Relationship":"Outer","Parallel Aware":false,"Async Capable":false,"Join Type":"Inner","Startup Cost":58966.57,"Total Cost":1196252.47,"Plan Rows":565705,"Plan Width":28,"Actual Startup Time":891.241,"Actual Total Time":9723.777,"Actual Rows":485009,"Actual Loops":1,"Output":["supplier.su_nationkey","order_line.ol_amount","order_line.ol_w_id","order_line.ol_d_id","order_line.ol_o_id","n1.n_name"],"Hash Cond":"(supplier.su_nationkey = n1.n_nationkey)","Shared Hit Blocks":1,"Shared Read Blocks":0,"Shared Dirtied Blocks":0,"Shared Written Blocks":0,"Local Hit Blocks":0,"Local Read Blocks":0,"Local Dirtied Blocks":0,"Local Written Blocks":0,"Temp Read Blocks":0,"Temp Written Blocks":0,"I/O Read Time":0.0,"I/O Write Time":0.0,"Temp I/O Read Time":0.0,"Temp I/O Write Time":0.0,"Plans":[{"Node Type":"Hash Join","Parent Relationship":"Outer","Parallel Aware":false,"Async Capable":false,"Join Type":"Inner","Startup Cost":58964.62,"Total Cost":1147069.5,"Plan Rows":17536869,"Plan Width":20,"Actual Startup Time":891.064,"Actual Total Time":8503.514,"Actual Rows":17139931,"Actual Loops":1,"Output":["supplier.su_nationkey","order_line.ol_amount","order_line.ol_w_id","order_line.ol_d_id","order_line.ol_o_id"],"Hash Cond":"(mod((stock.s_w_id * stock.s_i_id), 10000) = supplier.su_suppkey)","Shared Hit Blocks":0,"Shared Read Blocks":0,"Shared Dirtied Blocks":0,"Shared Written Blocks":0,"Local Hit Blocks":0,"Local Read Blocks":0,"Local Dirtied Blocks":0,"Local Written Blocks":0,"Temp Read Blocks":0,"Temp Written Blocks":0,"I/O Read Time":0.0,"I/O Write Time":0.0,"Temp I/O Read Time":0.0,"Temp I/O Write Time":0.0,"Plans":[{"Node Type":"Hash Join","Parent Relationship":"Outer","Parallel Aware":false,"Async Capable":false,"Join Type":"Inner","Startup Cost":58620.59,"Total Cost":1096283.52,"Plan Rows":17536869,"Plan Width":22,"Actual Startup Time":887.924,"Actual Total Time":5112.42,"Actual Rows":17139931,"Actual Loops":1,"Output":["stock.s_w_id","stock.s_i_id","order_line.ol_amount","order_line.ol_w_id","order_line.ol_d_id","order_line.ol_o_id"],"Hash Cond":"((order_line.ol_supply_w_id = stock.s_w_id) AND (order_line.ol_i_id = stock.s_i_id))","Rows Removed by Bloom Filter":0,"Shared Hit Blocks":0,"Shared Read Blocks":0,"Shared Dirtied Blocks":0,"Shared Written Blocks":0,"Local Hit Blocks":0,"Local Read Blocks":0,"Local Dirtied Blocks":0,"Local Written Blocks":0,"Temp Read Blocks":0,"Temp Written Blocks":0,"I/O Read Time":0.0,"I/O Write Time":0.0,"Temp I/O Read Time":0.0,"Temp I/O Write Time":0.0,"Plans":[{"Node Type":"Append","Parent Relationship":"Outer","Parallel Aware":false,"Async Capable":false,"Startup Cost":20.0,"Total Cost":482290.51,"Plan Rows":17536869,"Plan Width":22,"Actual Startup Time":24.421,"Actual Total Time":24.427,"Actual Rows":17139931,"Actual Loops":1,"Shared Hit Blocks":0,"Shared Read Blocks":0,"Shared Dirtied Blocks":0,"Shared Written Blocks":0,"Local Hit Blocks":0,"Local Read Blocks":0,"Local Dirtied Blocks":0,"Local Written Blocks":0,"Temp Read Blocks":0,"Temp Written Blocks":0,"I/O Read Time":0.0,"I/O Write Time":0.0,"Temp I/O Read Time":0.0,"Temp I/O Write Time":0.0,"Subplans Removed":0,"Plans":[{"Node Type":"Custom Scan","Parent Relationship":"Member","Custom Plan Provider":"columnar scan","Parallel Aware":false,"Async Capable":false,"Relation Name":"order_line","Schema":"public","Alias":"order_line","Startup Cost":20.0,"Total Cost":482285.56,"Plan Rows":17536851,"Plan Width":22,"Actual Startup Time":24.42,"Actual Total Time":24.422,"Actual Rows":17139931,"Actual Loops":1,"Output":["order_line.ol_amount","order_line.ol_supply_w_id","order_line.ol_i_id","order_line.ol_w_id","order_line.ol_d_id","order_line.ol_o_id"],"Filter":"((order_line.ol_delivery_d <= '1997-01-01 20:10:02.27764'::timestamp without time zone) AND (order_line.ol_delivery_d >= '1995-01-02 20:10:02.27764'::timestamp without time zone))","Rows Removed by Filter":0,"Rows Removed by Columnar Filter":42853830,"Columnar cache search mode":"native","Shared Hit Blocks":0,"Shared Read Blocks":0,"Shared Dirtied Blocks":0,"Shared Written Blocks":0,"Local Hit Blocks":0,"Local Read Blocks":0,"Local Dirtied Blocks":0,"Local Written Blocks":0,"Temp Read Blocks":0,"Temp Written Blocks":0,"I/O Read Time":0.0,"I/O Write Time":0.0,"Temp I/O Read Time":0.0,"Temp I/O Write Time":0.0},{"Node Type":"Seq Scan","Parent Relationship":"Member","Parallel Aware":false,"Async Capable":false,"Relation Name":"order_line","Schema":"public","Alias":"order_line","Startup Cost":0.0,"Total Cost":4.95,"Plan Rows":18,"Plan Width":22,"Actual Startup Time":0.0,"Actual Total Time":0.0,"Actual Rows":0,"Actual Loops":0,"Output":["order_line.ol_amount","order_line.ol_supply_w_id","order_line.ol_i_id","order_line.ol_w_id","order_line.ol_d_id","order_line.ol_o_id"],"Filter":"((order_line.ol_delivery_d <= '1997-01-01 20:10:02.27764'::timestamp without time zone) AND (order_line.ol_delivery_d >= '1995-01-02 20:10:02.27764'::timestamp without time zone))","Rows Removed by Filter":0,"Shared Hit Blocks":0,"Shared Read Blocks":0,"Shared Dirtied Blocks":0,"Shared Written Blocks":0,"Local Hit Blocks":0,"Local Read Blocks":0,"Local Dirtied Blocks":0,"Local Written Blocks":0,"Temp Read Blocks":0,"Temp Written Blocks":0,"I/O Read Time":0.0,"I/O Write Time":0.0,"Temp I/O Read Time":0.0,"Temp I/O Write Time":0.0}]},{"Node Type":"Hash","Parent Relationship":"Inner","Parallel Aware":false,"Async Capable":false,"Startup Cost":390026.22,"Total Cost":390026.22,"Plan Rows":20000212,"Plan Width":6,"Actual Rows":20000000,"Actual Loops":1,"Output":["stock.s_w_id","stock.s_i_id"],"Shared Hit Blocks":0,"Shared Read Blocks":0,"Shared Dirtied Blocks":0,"Shared Written Blocks":0,"Local Hit Blocks":0,"Local Read Blocks":0,"Local Dirtied Blocks":0,"Local Written Blocks":0,"Temp Read Blocks":0,"Temp Written Blocks":0,"I/O Read Time":0.0,"I/O Write Time":0.0,"Temp I/O Read Time":0.0,"Temp I/O Write Time":0.0,"Plans":[{"Node Type":"Append","Parent Relationship":"Outer","Parallel Aware":false,"Async Capable":false,"Startup Cost":20.0,"Total Cost":390026.22,"Plan Rows":20000212,"Plan Width":6,"Actual Startup Time":0.377,"Actual Total Time":0.379,"Actual Rows":20000000,"Actual Loops":1,"Shared Hit Blocks":0,"Shared Read Blocks":0,"Shared Dirtied Blocks":0,"Shared Written Blocks":0,"Local Hit Blocks":0,"Local Read Blocks":0,"Local Dirtied Blocks":0,"Local Written Blocks":0,"Temp Read Blocks":0,"Temp Written Blocks":0,"I/O Read Time":0.0,"I/O Write Time":0.0,"Temp I/O Read Time":0.0,"Temp I/O Write Time":0.0,"Subplans Removed":0,"Plans":[{"Node Type":"Custom Scan","Parent Relationship":"Member","Custom Plan Provider":"columnar scan","Parallel Aware":false,"Async Capable":false,"Relation Name":"stock","Schema":"public","Alias":"stock","Startup Cost":20.0,"Total Cost":390020.1,"Plan Rows":20000000,"Plan Width":6,"Actual Startup Time":0.377,"Actual Total Time":0.378,"Actual Rows":20000000,"Actual Loops":1,"Output":["stock.s_w_id","stock.s_i_id"],"Rows Removed by Columnar Filter":0,"Columnar cache search mode":"native","Shared Hit Blocks":0,"Shared Read Blocks":0,"Shared Dirtied Blocks":0,"Shared Written Blocks":0,"Local Hit Blocks":0,"Local Read Blocks":0,"Local Dirtied Blocks":0,"Local Written Blocks":0,"Temp Read Blocks":0,"Temp Written Blocks":0,"I/O Read Time":0.0,"I/O Write Time":0.0,"Temp I/O Read Time":0.0,"Temp I/O Write Time":0.0},{"Node Type":"Seq Scan","Parent Relationship":"Member","Parallel Aware":false,"Async Capable":false,"Relation Name":"stock","Schema":"public","Alias":"stock","Startup Cost":0.0,"Total Cost":6.12,"Plan Rows":212,"Plan Width":6,"Actual Startup Time":0.0,"Actual Total Time":0.0,"Actual Rows":0,"Actual Loops":0,"Output":["stock.s_w_id","stock.s_i_id"],"Shared Hit Blocks":0,"Shared Read Blocks":0,"Shared Dirtied Blocks":0,"Shared Written Blocks":0,"Local Hit Blocks":0,"Local Read Blocks":0,"Local Dirtied Blocks":0,"Local Written Blocks":0,"Temp Read Blocks":0,"Temp Written Blocks":0,"I/O Read Time":0.0,"I/O Write Time":0.0,"Temp I/O Read Time":0.0,"Temp I/O Write Time":0.0}]}]}]},{"Node Type":"Hash","Parent Relationship":"Inner","Parallel Aware":false,"Async Capable":false,"Startup Cost":219.01,"Total Cost":219.01,"Plan Rows":10001,"Plan Width":8,"Actual Startup Time":3.08,"Actual Total Time":3.081,"Actual Rows":10000,"Actual Loops":1,"Output":["supplier.su_nationkey","supplier.su_suppkey"],"Hash Buckets":16384,"Original Hash Buckets":16384,"Hash Batches":1,"Original Hash Batches":1,"Peak Memory Usage":519,"Shared Hit Blocks":0,"Shared Read Blocks":0,"Shared Dirtied Blocks":0,"Shared Written Blocks":0,"Local Hit Blocks":0,"Local Read Blocks":0,"Local Dirtied Blocks":0,"Local Written Blocks":0,"Temp Read Blocks":0,"Temp Written Blocks":0,"I/O Read Time":0.0,"I/O Write Time":0.0,"Temp I/O Read Time":0.0,"Temp I/O Write Time":0.0,"Plans":[{"Node Type":"Append","Parent Relationship":"Outer","Parallel Aware":false,"Async Capable":false,"Startup Cost":20.0,"Total Cost":219.01,"Plan Rows":10001,"Plan Width":8,"Actual Startup Time":0.012,"Actual Total Time":1.863,"Actual Rows":10000,"Actual Loops":1,"Shared Hit Blocks":0,"Shared Read Blocks":0,"Shared Dirtied Blocks":0,"Shared Written Blocks":0,"Local Hit Blocks":0,"Local Read Blocks":0,"Local Dirtied Blocks":0,"Local Written Blocks":0,"Temp Read Blocks":0,"Temp Written Blocks":0,"I/O Read Time":0.0,"I/O Write Time":0.0,"Temp I/O Read Time":0.0,"Temp I/O Write Time":0.0,"Subplans Removed":0,"Plans":[{"Node Type":"Custom Scan","Parent Relationship":"Member","Custom Plan Provider":"columnar scan","Parallel Aware":false,"Async Capable":false,"Relation Name":"supplier","Schema":"public","Alias":"supplier","Startup Cost":20.0,"Total Cost":215.0,"Plan Rows":10000,"Plan Width":8,"Actual Startup Time":0.01,"Actual Total Time":1.151,"Actual Rows":10000,"Actual Loops":1,"Output":["supplier.su_nationkey","supplier.su_suppkey"],"Rows Removed by Columnar Filter":0,"Columnar cache search mode":"native","Shared Hit Blocks":0,"Shared Read Blocks":0,"Shared Dirtied Blocks":0,"Shared Written Blocks":0,"Local Hit Blocks":0,"Local Read Blocks":0,"Local Dirtied Blocks":0,"Local Written Blocks":0,"Temp Read Blocks":0,"Temp Written Blocks":0,"I/O Read Time":0.0,"I/O Write Time":0.0,"Temp I/O Read Time":0.0,"Temp I/O Write Time":0.0},{"Node Type":"Seq Scan","Parent Relationship":"Member","Parallel Aware":false,"Async Capable":false,"Relation Name":"supplier","Schema":"public","Alias":"supplier","Startup Cost":0.0,"Total Cost":4.01,"Plan Rows":1,"Plan Width":8,"Actual Startup Time":0.0,"Actual Total Time":0.0,"Actual Rows":0,"Actual Loops":0,"Output":["supplier.su_nationkey","supplier.su_suppkey"],"Shared Hit Blocks":0,"Shared Read Blocks":0,"Shared Dirtied Blocks":0,"Shared Written Blocks":0,"Local Hit Blocks":0,"Local Read Blocks":0,"Local Dirtied Blocks":0,"Local Written Blocks":0,"Temp Read Blocks":0,"Temp Written Blocks":0,"I/O Read Time":0.0,"I/O Write Time":0.0,"Temp I/O Read Time":0.0,"Temp I/O Write Time":0.0}]}]}]},{"Node Type":"Hash","Parent Relationship":"Inner","Parallel Aware":false,"Async Capable":false,"Startup Cost":1.93,"Total Cost":1.93,"Plan Rows":2,"Plan Width":12,"Actual Startup Time":0.024,"Actual Total Time":0.025,"Actual Rows":2,"Actual Loops":1,"Output":["n1.n_nationkey","n1.n_name"],"Hash Buckets":1024,"Original Hash Buckets":1024,"Hash Batches":1,"Original Hash Batches":1,"Peak Memory Usage":9,"Shared Hit Blocks":1,"Shared Read Blocks":0,"Shared Dirtied Blocks":0,"Shared Written Blocks":0,"Local Hit Blocks":0,"Local Read Blocks":0,"Local Dirtied Blocks":0,"Local Written Blocks":0,"Temp Read Blocks":0,"Temp Written Blocks":0,"I/O Read Time":0.0,"I/O Write Time":0.0,"Temp I/O Read Time":0.0,"Temp I/O Write Time":0.0,"Plans":[{"Node Type":"Seq Scan","Parent Relationship":"Outer","Parallel Aware":false,"Async Capable":false,"Relation Name":"nation","Schema":"public","Alias":"n1","Startup Cost":0.0,"Total Cost":1.93,"Plan Rows":2,"Plan Width":12,"Actual Startup Time":0.015,"Actual Total Time":0.02,"Actual Rows":2,"Actual Loops":1,"Output":["n1.n_nationkey","n1.n_name"],"Filter":"(((n1.n_name)::text = 'Germany'::text) OR ((n1.n_name)::text = 'Cambodia'::text))","Rows Removed by Filter":60,"Shared Hit Blocks":1,"Shared Read Blocks":0,"Shared Dirtied Blocks":0,"Shared Written Blocks":0,"Local Hit Blocks":0,"Local Read Blocks":0,"Local Dirtied Blocks":0,"Local Written Blocks":0,"Temp Read Blocks":0,"Temp Written Blocks":0,"I/O Read Time":0.0,"I/O Write Time":0.0,"Temp I/O Read Time":0.0,"Temp I/O Write Time":0.0}]}]},{"Node Type":"Hash","Parent Relationship":"Inner","Parallel Aware":false,"Async Capable":false,"Startup Cost":119121.6,"Total Cost":119121.6,"Plan Rows":5996324,"Plan Width":24,"Actual Startup Time":1822.204,"Actual Total Time":1822.204,"Actual Rows":5995789,"Actual Loops":1,"Output":["orders.o_entry_d","orders.o_w_id","orders.o_d_id","orders.o_id","orders.o_c_id"],"Hash Buckets":131072,"Original Hash Buckets":131072,"Hash Batches":64,"Original Hash Batches":64,"Peak Memory Usage":6496,"Shared Hit Blocks":44122,"Shared Read Blocks":0,"Shared Dirtied Blocks":0,"Shared Written Blocks":0,"Local Hit Blocks":0,"Local Read Blocks":0,"Local Dirtied Blocks":0,"Local Written Blocks":0,"Temp Read Blocks":0,"Temp Written Blocks":34552,"I/O Read Time":0.0,"I/O Write Time":0.0,"Temp I/O Read Time":0.0,"Temp I/O Write Time":154.546,"Plans":[{"Node Type":"Seq Scan","Parent Relationship":"Outer","Parallel Aware":false,"Async Capable":false,"Relation Name":"orders","Schema":"public","Alias":"orders","Startup Cost":0.0,"Total Cost":119121.6,"Plan Rows":5996324,"Plan Width":24,"Actual Startup Time":0.021,"Actual Total Time":737.67,"Actual Rows":5995789,"Actual Loops":1,"Output":["orders.o_entry_d","orders.o_w_id","orders.o_d_id","orders.o_id","orders.o_c_id"],"Filter":"(orders.o_entry_d >= '1992-01-02 20:10:02.27764'::timestamp without time zone)","Rows Removed by Filter":4211,"Shared Hit Blocks":44122,"Shared Read Blocks":0,"Shared Dirtied Blocks":0,"Shared Written Blocks":0,"Local Hit Blocks":0,"Local Read Blocks":0,"Local Dirtied Blocks":0,"Local Written Blocks":0,"Temp Read Blocks":0,"Temp Written Blocks":0,"I/O Read Time":0.0,"I/O Write Time":0.0,"Temp I/O Read Time":0.0,"Temp I/O Write Time":0.0}]}]}]},{"Node Type":"Materialize","Parent Relationship":"Inner","Parallel Aware":false,"Async Capable":false,"Startup Cost":46361.03,"Total Cost":47328.79,"Plan Rows":193553,"Plan Width":20,"Actual Startup Time":228.844,"Actual Total Time":300.875,"Actual Rows":293066,"Actual Loops":1,"Output":["customer.c_nationkey","customer.c_id","customer.c_w_id","customer.c_d_id","n2.n_name"],"Shared Hit Blocks":0,"Shared Read Blocks":0,"Shared Dirtied Blocks":0,"Shared Written Blocks":0,"Local Hit Blocks":0,"Local Read Blocks":0,"Local Dirtied Blocks":0,"Local Written Blocks":0,"Temp Read Blocks":1090,"Temp Written Blocks":1096,"I/O Read Time":0.0,"I/O Write Time":0.0,"Temp I/O Read Time":1.337,"Temp I/O Write Time":4.235,"Plans":[{"Node Type":"Sort","Parent Relationship":"Outer","Parallel Aware":false,"Async Capable":false,"Startup Cost":46361.03,"Total Cost":46844.91,"Plan Rows":193553,"Plan Width":20,"Actual Startup Time":228.837,"Actual Total Time":269.18,"Actual Rows":289967,"Actual Loops":1,"Output":["customer.c_nationkey","customer.c_id","customer.c_w_id","customer.c_d_id","n2.n_name"],"Sort Key":["customer.c_id","customer.c_w_id","customer.c_d_id"],"Sort Method":"external merge","Sort Space Used":8720,"Sort Space Type":"Disk","Shared Hit Blocks":0,"Shared Read Blocks":0,"Shared Dirtied Blocks":0,"Shared Written Blocks":0,"Local Hit Blocks":0,"Local Read Blocks":0,"Local Dirtied Blocks":0,"Local Written Blocks":0,"Temp Read Blocks":1090,"Temp Written Blocks":1096,"I/O Read Time":0.0,"I/O Write Time":0.0,"Temp I/O Read Time":1.337,"Temp I/O Write Time":4.235,"Plans":[{"Node Type":"Hash Join","Parent Relationship":"Outer","Parallel Aware":false,"Async Capable":false,"Join Type":"Inner","Startup Cost":44.04,"Total Cost":25392.28,"Plan Rows":193553,"Plan Width":20,"Actual Startup Time":26.042,"Actual Total Time":133.322,"Actual Rows":289972,"Actual Loops":1,"Output":["customer.c_nationkey","customer.c_id","customer.c_w_id","customer.c_d_id","n2.n_name"],"Hash Cond":"(customer.c_nationkey = n2.n_nationkey)","Rows Removed by Bloom Filter":18000190,"Shared Hit Blocks":0,"Shared Read Blocks":0,"Shared Dirtied Blocks":0,"Shared Written Blocks":0,"Local Hit Blocks":0,"Local Read Blocks":0,"Local Dirtied Blocks":0,"Local Written Blocks":0,"Temp Read Blocks":0,"Temp Written Blocks":0,"I/O Read Time":0.0,"I/O Write Time":0.0,"Temp I/O Read Time":0.0,"Temp I/O Write Time":0.0,"Plans":[{"Node Type":"Append","Parent Relationship":"Outer","Parallel Aware":false,"Async Capable":false,"Startup Cost":20.0,"Total Cost":141025.46,"Plan Rows":6000140,"Plan Width":12,"Actual Startup Time":0.27,"Actual Total Time":0.271,"Actual Rows":6000000,"Actual Loops":1,"Shared Hit Blocks":0,"Shared Read Blocks":0,"Shared Dirtied Blocks":0,"Shared Written Blocks":0,"Local Hit Blocks":0,"Local Read Blocks":0,"Local Dirtied Blocks":0,"Local Written Blocks":0,"Temp Read Blocks":0,"Temp Written Blocks":0,"I/O Read Time":0.0,"I/O Write Time":0.0,"Temp I/O Read Time":0.0,"Temp I/O Write Time":0.0,"Subplans Removed":0,"Plans":[{"Node Type":"Custom Scan","Parent Relationship":"Member","Custom Plan Provider":"columnar scan","Parallel Aware":false,"Async Capable":false,"Relation Name":"customer","Schema":"public","Alias":"customer","Startup Cost":20.0,"Total Cost":141020.06,"Plan Rows":6000000,"Plan Width":12,"Actual Startup Time":0.269,"Actual Total Time":0.27,"Actual Rows":6000000,"Actual Loops":1,"Output":["customer.c_nationkey","customer.c_id","customer.c_w_id","customer.c_d_id"],"Rows Removed by Columnar Filter":0,"Columnar cache search mode":"native","Shared Hit Blocks":0,"Shared Read Blocks":0,"Shared Dirtied Blocks":0,"Shared Written Blocks":0,"Local Hit Blocks":0,"Local Read Blocks":0,"Local Dirtied Blocks":0,"Local Written Blocks":0,"Temp Read Blocks":0,"Temp Written Blocks":0,"I/O Read Time":0.0,"I/O Write Time":0.0,"Temp I/O Read Time":0.0,"Temp I/O Write Time":0.0},{"Node Type":"Seq Scan","Parent Relationship":"Member","Parallel Aware":false,"Async Capable":false,"Relation Name":"customer","Schema":"public","Alias":"customer","Startup Cost":0.0,"Total Cost":5.4,"Plan Rows":140,"Plan Width":12,"Actual Startup Time":0.0,"Actual Total Time":0.0,"Actual Rows":0,"Actual Loops":0,"Output":["customer.c_nationkey","customer.c_id","customer.c_w_id","customer.c_d_id"],"Shared Hit Blocks":0,"Shared Read Blocks":0,"Shared Dirtied Blocks":0,"Shared Written Blocks":0,"Local Hit Blocks":0,"Local Read Blocks":0,"Local Dirtied Blocks":0,"Local Written Blocks":0,"Temp Read Blocks":0,"Temp Written Blocks":0,"I/O Read Time":0.0,"I/O Write Time":0.0,"Temp I/O Read Time":0.0,"Temp I/O Write Time":0.0}]},{"Node Type":"Hash","Parent Relationship":"Inner","Parallel Aware":false,"Async Capable":false,"Startup Cost":24.07,"Total Cost":24.07,"Plan Rows":3,"Plan Width":12,"Actual Rows":2,"Actual Loops":1,"Output":["n2.n_nationkey","n2.n_name"],"Shared Hit Blocks":0,"Shared Read Blocks":0,"Shared Dirtied Blocks":0,"Shared Written Blocks":0,"Local Hit Blocks":0,"Local Read Blocks":0,"Local Dirtied Blocks":0,"Local Written Blocks":0,"Temp Read Blocks":0,"Temp Written Blocks":0,"I/O Read Time":0.0,"I/O Write Time":0.0,"Temp I/O Read Time":0.0,"Temp I/O Write Time":0.0,"Plans":[{"Node Type":"Append","Parent Relationship":"Outer","Parallel Aware":false,"Async Capable":false,"Startup Cost":20.0,"Total Cost":24.07,"Plan Rows":3,"Plan Width":12,"Actual Startup Time":0.091,"Actual Total Time":0.092,"Actual Rows":2,"Actual Loops":1,"Shared Hit Blocks":0,"Shared Read Blocks":0,"Shared Dirtied Blocks":0,"Shared Written Blocks":0,"Local Hit Blocks":0,"Local Read Blocks":0,"Local Dirtied Blocks":0,"Local Written Blocks":0,"Temp Read Blocks":0,"Temp Written Blocks":0,"I/O Read Time":0.0,"I/O Write Time":0.0,"Temp I/O Read Time":0.0,"Temp I/O Write Time":0.0,"Subplans Removed":0,"Plans":[{"Node Type":"Custom Scan","Parent Relationship":"Member","Custom Plan Provider":"columnar scan","Parallel Aware":false,"Async Capable":false,"Relation Name":"nation","Schema":"public","Alias":"n2","Startup Cost":20.0,"Total Cost":20.05,"Plan Rows":2,"Plan Width":12,"Actual Startup Time":0.089,"Actual Total Time":0.089,"Actual Rows":2,"Actual Loops":1,"Output":["n2.n_nationkey","n2.n_name"],"Filter":"(((n2.n_name)::text = 'Cambodia'::text) OR ((n2.n_name)::text = 'Germany'::text))","Rows Removed by Filter":0,"Rows Removed by Columnar Filter":60,"Columnar cache search mode":"native","Shared Hit Blocks":0,"Shared Read Blocks":0,"Shared Dirtied Blocks":0,"Shared Written Blocks":0,"Local Hit Blocks":0,"Local Read Blocks":0,"Local Dirtied Blocks":0,"Local Written Blocks":0,"Temp Read Blocks":0,"Temp Written Blocks":0,"I/O Read Time":0.0,"I/O Write Time":0.0,"Temp I/O Read Time":0.0,"Temp I/O Write Time":0.0},{"Node Type":"Seq Scan","Parent Relationship":"Member","Parallel Aware":false,"Async Capable":false,"Relation Name":"nation","Schema":"public","Alias":"n2","Startup Cost":0.0,"Total Cost":4.01,"Plan Rows":1,"Plan Width":12,"Actual Startup Time":0.0,"Actual Total Time":0.0,"Actual Rows":0,"Actual Loops":0,"Output":["n2.n_nationkey","n2.n_name"],"Filter":"(((n2.n_name)::text = 'Cambodia'::text) OR ((n2.n_name)::text = 'Germany'::text))","Rows Removed by Filter":0,"Shared Hit Blocks":0,"Shared Read Blocks":0,"Shared Dirtied Blocks":0,"Shared Written Blocks":0,"Local Hit Blocks":0,"Local Read Blocks":0,"Local Dirtied Blocks":0,"Local Written Blocks":0,"Temp Read Blocks":0,"Temp Written Blocks":0,"I/O Read Time":0.0,"I/O Write Time":0.0,"Temp I/O Read Time":0.0,"Temp I/O Write Time":0.0}]}]}]}]}]}]}]}]},"Planning":{"Shared Hit Blocks":152,"Shared Read Blocks":0,"Shared Dirtied Blocks":0,"Shared Written Blocks":0,"Local Hit Blocks":0,"Local Read Blocks":0,"Local Dirtied Blocks":0,"Local Written Blocks":0,"Temp Read Blocks":0,"Temp Written Blocks":0,"I/O Read Time":0.0,"I/O Write Time":0.0,"Temp I/O Read Time":0.0,"Temp I/O Write Time":0.0},"Planning Time":4.484,"Triggers":[],"Execution Time":13055.843}]
[列存组合]: customer, nation, orders, stock, supplier
[{"Plan":{"Node Type":"Aggregate","Strategy":"Sorted","Partial Mode":"Simple","Parallel Aware":false,"Async Capable":false,"Startup Cost":3269436.32,"Total Cost":3269691.14,"Plan Rows":9266,"Plan Width":72,"Actual Startup Time":20873.8,"Actual Total Time":20876.379,"Actual Rows":6,"Actual Loops":1,"Output":["supplier.su_nationkey","customer.c_nationkey","(EXTRACT(year FROM orders.o_entry_d))","sum(order_line.ol_amount)"],"Group Key":["supplier.su_nationkey","customer.c_nationkey","(EXTRACT(year FROM orders.o_entry_d))"],"Shared Hit Blocks":780544,"Shared Read Blocks":0,"Shared Dirtied Blocks":0,"Shared Written Blocks":0,"Local Hit Blocks":0,"Local Read Blocks":0,"Local Dirtied Blocks":0,"Local Written Blocks":0,"Temp Read Blocks":124799,"Temp Written Blocks":124817,"I/O Read Time":0.0,"I/O Write Time":0.0,"Temp I/O Read Time":188.922,"Temp I/O Write Time":536.864,"Plans":[{"Node Type":"Sort","Parent Relationship":"Outer","Parallel Aware":false,"Async Capable":false,"Startup Cost":3269436.32,"Total Cost":3269459.49,"Plan Rows":9266,"Plan Width":44,"Actual Startup Time":20873.688,"Actual Total Time":20874.228,"Actual Rows":12121,"Actual Loops":1,"Output":["supplier.su_nationkey","customer.c_nationkey","(EXTRACT(year FROM orders.o_entry_d))","order_line.ol_amount"],"Sort Key":["supplier.su_nationkey","customer.c_nationkey","(EXTRACT(year FROM orders.o_entry_d))"],"Sort Method":"quicksort","Sort Space Used":1047,"Sort Space Type":"Memory","Shared Hit Blocks":780544,"Shared Read Blocks":0,"Shared Dirtied Blocks":0,"Shared Written Blocks":0,"Local Hit Blocks":0,"Local Read Blocks":0,"Local Dirtied Blocks":0,"Local Written Blocks":0,"Temp Read Blocks":124799,"Temp Written Blocks":124817,"I/O Read Time":0.0,"I/O Write Time":0.0,"Temp I/O Read Time":188.922,"Temp I/O Write Time":536.864,"Plans":[{"Node Type":"Merge Join","Parent Relationship":"Outer","Parallel Aware":false,"Async Capable":false,"Join Type":"Inner","Startup Cost":3260365.97,"Total Cost":3268825.8,"Plan Rows":9266,"Plan Width":44,"Actual Startup Time":20531.442,"Actual Total Time":20870.716,"Actual Rows":12121,"Actual Loops":1,"Output":["supplier.su_nationkey","customer.c_nationkey","EXTRACT(year FROM orders.o_entry_d)","order_line.ol_amount"],"Merge Cond":"((orders.o_c_id = customer.c_id) AND (order_line.ol_w_id = customer.c_w_id) AND (order_line.ol_d_id = customer.c_d_id))","Join Filter":"((((n1.n_name)::text = 'Germany'::text) AND ((n2.n_name)::text = 'Cambodia'::text)) OR (((n1.n_name)::text = 'Cambodia'::text) AND ((n2.n_name)::text = 'Germany'::text)))","Rows Removed by Join Filter":11453,"Shared Hit Blocks":780544,"Shared Read Blocks":0,"Shared Dirtied Blocks":0,"Shared Written Blocks":0,"Local Hit Blocks":0,"Local Read Blocks":0,"Local Dirtied Blocks":0,"Local Written Blocks":0,"Temp Read Blocks":124799,"Temp Written Blocks":124817,"I/O Read Time":0.0,"I/O Write Time":0.0,"Temp I/O Read Time":188.922,"Temp I/O Write Time":536.864,"Plans":[{"Node Type":"Sort","Parent Relationship":"Outer","Parallel Aware":false,"Async Capable":false,"Startup Cost":3214004.75,"Total Cost":3215418.15,"Plan Rows":565362,"Plan Width":36,"Actual Startup Time":20303.121,"Actual Total Time":20474.404,"Actual Rows":485009,"Actual Loops":1,"Output":["supplier.su_nationkey","order_line.ol_amount","order_line.ol_w_id","order_line.ol_d_id","orders.o_entry_d","orders.o_w_id","orders.o_d_id","orders.o_c_id","n1.n_name"],"Sort Key":["orders.o_c_id","order_line.ol_w_id","order_line.ol_d_id"],"Sort Method":"external merge","Sort Space Used":24000,"Sort Space Type":"Disk","Shared Hit Blocks":780544,"Shared Read Blocks":0,"Shared Dirtied Blocks":0,"Shared Written Blocks":0,"Local Hit Blocks":0,"Local Read Blocks":0,"Local Dirtied Blocks":0,"Local Written Blocks":0,"Temp Read Blocks":123709,"Temp Written Blocks":123721,"I/O Read Time":0.0,"I/O Write Time":0.0,"Temp I/O Read Time":187.581,"Temp I/O Write Time":532.605,"Plans":[{"Node Type":"Hash Join","Parent Relationship":"Outer","Parallel Aware":false,"Async Capable":false,"Join Type":"Inner","Startup Cost":905977.05,"Total Cost":3144528.26,"Plan Rows":565362,"Plan Width":36,"Actual Startup Time":8530.157,"Actual Total Time":20054.666,"Actual Rows":485009,"Actual Loops":1,"Output":["supplier.su_nationkey","order_line.ol_amount","order_line.ol_w_id","order_line.ol_d_id","orders.o_entry_d","orders.o_w_id","orders.o_d_id","orders.o_c_id","n1.n_name"],"Hash Cond":"((order_line.ol_w_id = orders.o_w_id) AND (order_line.ol_d_id = orders.o_d_id) AND (order_line.ol_o_id = orders.o_id))","Shared Hit Blocks":780544,"Shared Read Blocks":0,"Shared Dirtied Blocks":0,"Shared Written Blocks":0,"Local Hit Blocks":0,"Local Read Blocks":0,"Local Dirtied Blocks":0,"Local Written Blocks":0,"Temp Read Blocks":120709,"Temp Written Blocks":120709,"I/O Read Time":0.0,"I/O Write Time":0.0,"Temp I/O Read Time":183.307,"Temp I/O Write Time":521.449,"Plans":[{"Node Type":"Hash Join","Parent Relationship":"Outer","Parallel Aware":false,"Async Capable":false,"Join Type":"Inner","Startup Cost":646784.78,"Total Cost":2838010.06,"Plan Rows":565705,"Plan Width":28,"Actual Startup Time":6716.657,"Actual Total Time":17562.939,"Actual Rows":485009,"Actual Loops":1,"Output":["supplier.su_nationkey","order_line.ol_amount","order_line.ol_w_id","order_line.ol_d_id","order_line.ol_o_id","n1.n_name"],"Hash Cond":"((order_line.ol_supply_w_id = stock.s_w_id) AND (order_line.ol_i_id = stock.s_i_id))","Shared Hit Blocks":736422,"Shared Read Blocks":0,"Shared Dirtied Blocks":0,"Shared Written Blocks":0,"Local Hit Blocks":0,"Local Read Blocks":0,"Local Dirtied Blocks":0,"Local Written Blocks":0,"Temp Read Blocks":83003,"Temp Written Blocks":83003,"I/O Read Time":0.0,"I/O Write Time":0.0,"Temp I/O Read Time":125.448,"Temp I/O Write Time":348.715,"Plans":[{"Node Type":"Seq Scan","Parent Relationship":"Outer","Parallel Aware":false,"Async Capable":false,"Relation Name":"order_line","Schema":"public","Alias":"order_line","Startup Cost":0.0,"Total Cost":1581655.36,"Plan Rows":17536869,"Plan Width":22,"Actual Startup Time":6.506,"Actual Total Time":5712.883,"Actual Rows":17139931,"Actual Loops":1,"Output":["order_line.ol_amount","order_line.ol_supply_w_id","order_line.ol_i_id","order_line.ol_w_id","order_line.ol_d_id","order_line.ol_o_id"],"Filter":"((order_line.ol_delivery_d >= '1995-01-02 20:10:02.27764'::timestamp without time zone) AND (order_line.ol_delivery_d <= '1997-01-01 20:10:02.27764'::timestamp without time zone))","Rows Removed by Filter":42853830,"Shared Hit Blocks":681748,"Shared Read Blocks":0,"Shared Dirtied Blocks":0,"Shared Written Blocks":0,"Local Hit Blocks":0,"Local Read Blocks":0,"Local Dirtied Blocks":0,"Local Written Blocks":0,"Temp Read Blocks":0,"Temp Written Blocks":0,"I/O Read Time":0.0,"I/O Write Time":0.0,"Temp I/O Read Time":0.0,"Temp I/O Write Time":0.0},{"Node Type":"Hash","Parent Relationship":"Inner","Parallel Aware":false,"Async Capable":false,"Startup Cost":633326.26,"Total Cost":633326.26,"Plan Rows":645168,"Plan Width":18,"Actual Startup Time":6709.561,"Actual Total Time":6709.576,"Actual Rows":566400,"Actual Loops":1,"Output":["supplier.su_nationkey","stock.s_w_id","stock.s_i_id","n1.n_name"],"Hash Buckets":131072,"Original Hash Buckets":131072,"Hash Batches":8,"Original Hash Batches":8,"Peak Memory Usage":4646,"Shared Hit Blocks":54674,"Shared Read Blocks":0,"Shared Dirtied Blocks":0,"Shared Written Blocks":0,"Local Hit Blocks":0,"Local Read Blocks":0,"Local Dirtied Blocks":0,"Local Written Blocks":0,"Temp Read Blocks":0,"Temp Written Blocks":2445,"I/O Read Time":0.0,"I/O Write Time":0.0,"Temp I/O Read Time":0.0,"Temp I/O Write Time":13.095,"Plans":[{"Node Type":"Hash Join","Parent Relationship":"Outer","Parallel Aware":false,"Async Capable":false,"Join Type":"Inner","Startup Cost":346.42,"Total Cost":633326.26,"Plan Rows":645168,"Plan Width":18,"Actual Startup Time":3.162,"Actual Total Time":6601.087,"Actual Rows":566400,"Actual Loops":1,"Output":["supplier.su_nationkey","stock.s_w_id","stock.s_i_id","n1.n_name"],"Hash Cond":"(supplier.su_nationkey = n1.n_nationkey)","Shared Hit Blocks":54674,"Shared Read Blocks":0,"Shared Dirtied Blocks":0,"Shared Written Blocks":0,"Local Hit Blocks":0,"Local Read Blocks":0,"Local Dirtied Blocks":0,"Local Written Blocks":0,"Temp Read Blocks":0,"Temp Written Blocks":0,"I/O Read Time":0.0,"I/O Write Time":0.0,"Temp I/O Read Time":0.0,"Temp I/O Write Time":0.0,"Plans":[{"Node Type":"Hash Join","Parent Relationship":"Outer","Parallel Aware":false,"Async Capable":false,"Join Type":"Inner","Startup Cost":344.46,"Total Cost":577235.0,"Plan Rows":20000212,"Plan Width":10,"Actual Startup Time":3.123,"Actual Total Time":5195.647,"Actual Rows":20000000,"Actual Loops":1,"Output":["supplier.su_nationkey","stock.s_w_id","stock.s_i_id"],"Hash Cond":"(mod((stock.s_w_id * stock.s_i_id), 10000) = supplier.su_suppkey)","Shared Hit Blocks":54673,"Shared Read Blocks":0,"Shared Dirtied Blocks":0,"Shared Written Blocks":0,"Local Hit Blocks":0,"Local Read Blocks":0,"Local Dirtied Blocks":0,"Local Written Blocks":0,"Temp Read Blocks":0,"Temp Written Blocks":0,"I/O Read Time":0.0,"I/O Write Time":0.0,"Temp I/O Read Time":0.0,"Temp I/O Write Time":0.0,"Plans":[{"Node Type":"Index Only Scan","Parent Relationship":"Outer","Parallel Aware":false,"Async Capable":false,"Scan Direction":"Forward","Index Name":"stock_pk","Relation Name":"stock","Schema":"public","Alias":"stock","Startup Cost":0.44,"Total Cost":519363.62,"Plan Rows":20000212,"Plan Width":6,"Actual Startup Time":0.02,"Actual Total Time":1519.475,"Actual Rows":20000000,"Actual Loops":1,"Output":["stock.s_w_id","stock.s_i_id"],"Heap Fetches":0,"Shared Hit Blocks":54673,"Shared Read Blocks":0,"Shared Dirtied Blocks":0,"Shared Written Blocks":0,"Local Hit Blocks":0,"Local Read Blocks":0,"Local Dirtied Blocks":0,"Local Written Blocks":0,"Temp Read Blocks":0,"Temp Written Blocks":0,"I/O Read Time":0.0,"I/O Write Time":0.0,"Temp I/O Read Time":0.0,"Temp I/O Write Time":0.0},{"Node Type":"Hash","Parent Relationship":"Inner","Parallel Aware":false,"Async Capable":false,"Startup Cost":219.01,"Total Cost":219.01,"Plan Rows":10001,"Plan Width":8,"Actual Startup Time":3.053,"Actual Total Time":3.057,"Actual Rows":10000,"Actual Loops":1,"Output":["supplier.su_nationkey","supplier.su_suppkey"],"Hash Buckets":16384,"Original Hash Buckets":16384,"Hash Batches":1,"Original Hash Batches":1,"Peak Memory Usage":519,"Shared Hit Blocks":0,"Shared Read Blocks":0,"Shared Dirtied Blocks":0,"Shared Written Blocks":0,"Local Hit Blocks":0,"Local Read Blocks":0,"Local Dirtied Blocks":0,"Local Written Blocks":0,"Temp Read Blocks":0,"Temp Written Blocks":0,"I/O Read Time":0.0,"I/O Write Time":0.0,"Temp I/O Read Time":0.0,"Temp I/O Write Time":0.0,"Plans":[{"Node Type":"Append","Parent Relationship":"Outer","Parallel Aware":false,"Async Capable":false,"Startup Cost":20.0,"Total Cost":219.01,"Plan Rows":10001,"Plan Width":8,"Actual Startup Time":0.026,"Actual Total Time":1.769,"Actual Rows":10000,"Actual Loops":1,"Shared Hit Blocks":0,"Shared Read Blocks":0,"Shared Dirtied Blocks":0,"Shared Written Blocks":0,"Local Hit Blocks":0,"Local Read Blocks":0,"Local Dirtied Blocks":0,"Local Written Blocks":0,"Temp Read Blocks":0,"Temp Written Blocks":0,"I/O Read Time":0.0,"I/O Write Time":0.0,"Temp I/O Read Time":0.0,"Temp I/O Write Time":0.0,"Subplans Removed":0,"Plans":[{"Node Type":"Custom Scan","Parent Relationship":"Member","Custom Plan Provider":"columnar scan","Parallel Aware":false,"Async Capable":false,"Relation Name":"supplier","Schema":"public","Alias":"supplier","Startup Cost":20.0,"Total Cost":215.0,"Plan Rows":10000,"Plan Width":8,"Actual Startup Time":0.024,"Actual Total Time":1.08,"Actual Rows":10000,"Actual Loops":1,"Output":["supplier.su_nationkey","supplier.su_suppkey"],"Rows Removed by Columnar Filter":0,"Columnar cache search mode":"native","Shared Hit Blocks":0,"Shared Read Blocks":0,"Shared Dirtied Blocks":0,"Shared Written Blocks":0,"Local Hit Blocks":0,"Local Read Blocks":0,"Local Dirtied Blocks":0,"Local Written Blocks":0,"Temp Read Blocks":0,"Temp Written Blocks":0,"I/O Read Time":0.0,"I/O Write Time":0.0,"Temp I/O Read Time":0.0,"Temp I/O Write Time":0.0},{"Node Type":"Seq Scan","Parent Relationship":"Member","Parallel Aware":false,"Async Capable":false,"Relation Name":"supplier","Schema":"public","Alias":"supplier","Startup Cost":0.0,"Total Cost":4.01,"Plan Rows":1,"Plan Width":8,"Actual Startup Time":0.0,"Actual Total Time":0.0,"Actual Rows":0,"Actual Loops":0,"Output":["supplier.su_nationkey","supplier.su_suppkey"],"Shared Hit Blocks":0,"Shared Read Blocks":0,"Shared Dirtied Blocks":0,"Shared Written Blocks":0,"Local Hit Blocks":0,"Local Read Blocks":0,"Local Dirtied Blocks":0,"Local Written Blocks":0,"Temp Read Blocks":0,"Temp Written Blocks":0,"I/O Read Time":0.0,"I/O Write Time":0.0,"Temp I/O Read Time":0.0,"Temp I/O Write Time":0.0}]}]}]},{"Node Type":"Hash","Parent Relationship":"Inner","Parallel Aware":false,"Async Capable":false,"Startup Cost":1.93,"Total Cost":1.93,"Plan Rows":2,"Plan Width":12,"Actual Startup Time":0.028,"Actual Total Time":0.029,"Actual Rows":2,"Actual Loops":1,"Output":["n1.n_nationkey","n1.n_name"],"Hash Buckets":1024,"Original Hash Buckets":1024,"Hash Batches":1,"Original Hash Batches":1,"Peak Memory Usage":9,"Shared Hit Blocks":1,"Shared Read Blocks":0,"Shared Dirtied Blocks":0,"Shared Written Blocks":0,"Local Hit Blocks":0,"Local Read Blocks":0,"Local Dirtied Blocks":0,"Local Written Blocks":0,"Temp Read Blocks":0,"Temp Written Blocks":0,"I/O Read Time":0.0,"I/O Write Time":0.0,"Temp I/O Read Time":0.0,"Temp I/O Write Time":0.0,"Plans":[{"Node Type":"Seq Scan","Parent Relationship":"Outer","Parallel Aware":false,"Async Capable":false,"Relation Name":"nation","Schema":"public","Alias":"n1","Startup Cost":0.0,"Total Cost":1.93,"Plan Rows":2,"Plan Width":12,"Actual Startup Time":0.012,"Actual Total Time":0.023,"Actual Rows":2,"Actual Loops":1,"Output":["n1.n_nationkey","n1.n_name"],"Filter":"(((n1.n_name)::text = 'Germany'::text) OR ((n1.n_name)::text = 'Cambodia'::text))","Rows Removed by Filter":60,"Shared Hit Blocks":1,"Shared Read Blocks":0,"Shared Dirtied Blocks":0,"Shared Written Blocks":0,"Local Hit Blocks":0,"Local Read Blocks":0,"Local Dirtied Blocks":0,"Local Written Blocks":0,"Temp Read Blocks":0,"Temp Written Blocks":0,"I/O Read Time":0.0,"I/O Write Time":0.0,"Temp I/O Read Time":0.0,"Temp I/O Write Time":0.0}]}]}]}]},{"Node Type":"Hash","Parent Relationship":"Inner","Parallel Aware":false,"Async Capable":false,"Startup Cost":119121.6,"Total Cost":119121.6,"Plan Rows":5996324,"Plan Width":24,"Actual Startup Time":1802.446,"Actual Total Time":1802.446,"Actual Rows":5995789,"Actual Loops":1,"Output":["orders.o_entry_d","orders.o_w_id","orders.o_d_id","orders.o_id","orders.o_c_id"],"Hash Buckets":131072,"Original Hash Buckets":131072,"Hash Batches":64,"Original Hash Batches":64,"Peak Memory Usage":6496,"Shared Hit Blocks":44122,"Shared Read Blocks":0,"Shared Dirtied Blocks":0,"Shared Written Blocks":0,"Local Hit Blocks":0,"Local Read Blocks":0,"Local Dirtied Blocks":0,"Local Written Blocks":0,"Temp Read Blocks":0,"Temp Written Blocks":34552,"I/O Read Time":0.0,"I/O Write Time":0.0,"Temp I/O Read Time":0.0,"Temp I/O Write Time":154.42,"Plans":[{"Node Type":"Seq Scan","Parent Relationship":"Outer","Parallel Aware":false,"Async Capable":false,"Relation Name":"orders","Schema":"public","Alias":"orders","Startup Cost":0.0,"Total Cost":119121.6,"Plan Rows":5996324,"Plan Width":24,"Actual Startup Time":0.014,"Actual Total Time":732.0,"Actual Rows":5995789,"Actual Loops":1,"Output":["orders.o_entry_d","orders.o_w_id","orders.o_d_id","orders.o_id","orders.o_c_id"],"Filter":"(orders.o_entry_d >= '1992-01-02 20:10:02.27764'::timestamp without time zone)","Rows Removed by Filter":4211,"Shared Hit Blocks":44122,"Shared Read Blocks":0,"Shared Dirtied Blocks":0,"Shared Written Blocks":0,"Local Hit Blocks":0,"Local Read Blocks":0,"Local Dirtied Blocks":0,"Local Written Blocks":0,"Temp Read Blocks":0,"Temp Written Blocks":0,"I/O Read Time":0.0,"I/O Write Time":0.0,"Temp I/O Read Time":0.0,"Temp I/O Write Time":0.0}]}]}]},{"Node Type":"Materialize","Parent Relationship":"Inner","Parallel Aware":false,"Async Capable":false,"Startup Cost":46361.03,"Total Cost":47328.79,"Plan Rows":193553,"Plan Width":20,"Actual Startup Time":228.281,"Actual Total Time":300.307,"Actual Rows":293066,"Actual Loops":1,"Output":["customer.c_nationkey","customer.c_id","customer.c_w_id","customer.c_d_id","n2.n_name"],"Shared Hit Blocks":0,"Shared Read Blocks":0,"Shared Dirtied Blocks":0,"Shared Written Blocks":0,"Local Hit Blocks":0,"Local Read Blocks":0,"Local Dirtied Blocks":0,"Local Written Blocks":0,"Temp Read Blocks":1090,"Temp Written Blocks":1096,"I/O Read Time":0.0,"I/O Write Time":0.0,"Temp I/O Read Time":1.341,"Temp I/O Write Time":4.259,"Plans":[{"Node Type":"Sort","Parent Relationship":"Outer","Parallel Aware":false,"Async Capable":false,"Startup Cost":46361.03,"Total Cost":46844.91,"Plan Rows":193553,"Plan Width":20,"Actual Startup Time":228.271,"Actual Total Time":268.554,"Actual Rows":289967,"Actual Loops":1,"Output":["customer.c_nationkey","customer.c_id","customer.c_w_id","customer.c_d_id","n2.n_name"],"Sort Key":["customer.c_id","customer.c_w_id","customer.c_d_id"],"Sort Method":"external merge","Sort Space Used":8720,"Sort Space Type":"Disk","Shared Hit Blocks":0,"Shared Read Blocks":0,"Shared Dirtied Blocks":0,"Shared Written Blocks":0,"Local Hit Blocks":0,"Local Read Blocks":0,"Local Dirtied Blocks":0,"Local Written Blocks":0,"Temp Read Blocks":1090,"Temp Written Blocks":1096,"I/O Read Time":0.0,"I/O Write Time":0.0,"Temp I/O Read Time":1.341,"Temp I/O Write Time":4.259,"Plans":[{"Node Type":"Hash Join","Parent Relationship":"Outer","Parallel Aware":false,"Async Capable":false,"Join Type":"Inner","Startup Cost":44.04,"Total Cost":25392.28,"Plan Rows":193553,"Plan Width":20,"Actual Startup Time":26.724,"Actual Total Time":132.807,"Actual Rows":289972,"Actual Loops":1,"Output":["customer.c_nationkey","customer.c_id","customer.c_w_id","customer.c_d_id","n2.n_name"],"Hash Cond":"(customer.c_nationkey = n2.n_nationkey)","Rows Removed by Bloom Filter":18000190,"Shared Hit Blocks":0,"Shared Read Blocks":0,"Shared Dirtied Blocks":0,"Shared Written Blocks":0,"Local Hit Blocks":0,"Local Read Blocks":0,"Local Dirtied Blocks":0,"Local Written Blocks":0,"Temp Read Blocks":0,"Temp Written Blocks":0,"I/O Read Time":0.0,"I/O Write Time":0.0,"Temp I/O Read Time":0.0,"Temp I/O Write Time":0.0,"Plans":[{"Node Type":"Append","Parent Relationship":"Outer","Parallel Aware":false,"Async Capable":false,"Startup Cost":20.0,"Total Cost":141025.46,"Plan Rows":6000140,"Plan Width":12,"Actual Startup Time":0.268,"Actual Total Time":0.268,"Actual Rows":6000000,"Actual Loops":1,"Shared Hit Blocks":0,"Shared Read Blocks":0,"Shared Dirtied Blocks":0,"Shared Written Blocks":0,"Local Hit Blocks":0,"Local Read Blocks":0,"Local Dirtied Blocks":0,"Local Written Blocks":0,"Temp Read Blocks":0,"Temp Written Blocks":0,"I/O Read Time":0.0,"I/O Write Time":0.0,"Temp I/O Read Time":0.0,"Temp I/O Write Time":0.0,"Subplans Removed":0,"Plans":[{"Node Type":"Custom Scan","Parent Relationship":"Member","Custom Plan Provider":"columnar scan","Parallel Aware":false,"Async Capable":false,"Relation Name":"customer","Schema":"public","Alias":"customer","Startup Cost":20.0,"Total Cost":141020.06,"Plan Rows":6000000,"Plan Width":12,"Actual Startup Time":0.267,"Actual Total Time":0.267,"Actual Rows":6000000,"Actual Loops":1,"Output":["customer.c_nationkey","customer.c_id","customer.c_w_id","customer.c_d_id"],"Rows Removed by Columnar Filter":0,"Columnar cache search mode":"native","Shared Hit Blocks":0,"Shared Read Blocks":0,"Shared Dirtied Blocks":0,"Shared Written Blocks":0,"Local Hit Blocks":0,"Local Read Blocks":0,"Local Dirtied Blocks":0,"Local Written Blocks":0,"Temp Read Blocks":0,"Temp Written Blocks":0,"I/O Read Time":0.0,"I/O Write Time":0.0,"Temp I/O Read Time":0.0,"Temp I/O Write Time":0.0},{"Node Type":"Seq Scan","Parent Relationship":"Member","Parallel Aware":false,"Async Capable":false,"Relation Name":"customer","Schema":"public","Alias":"customer","Startup Cost":0.0,"Total Cost":5.4,"Plan Rows":140,"Plan Width":12,"Actual Startup Time":0.0,"Actual Total Time":0.0,"Actual Rows":0,"Actual Loops":0,"Output":["customer.c_nationkey","customer.c_id","customer.c_w_id","customer.c_d_id"],"Shared Hit Blocks":0,"Shared Read Blocks":0,"Shared Dirtied Blocks":0,"Shared Written Blocks":0,"Local Hit Blocks":0,"Local Read Blocks":0,"Local Dirtied Blocks":0,"Local Written Blocks":0,"Temp Read Blocks":0,"Temp Written Blocks":0,"I/O Read Time":0.0,"I/O Write Time":0.0,"Temp I/O Read Time":0.0,"Temp I/O Write Time":0.0}]},{"Node Type":"Hash","Parent Relationship":"Inner","Parallel Aware":false,"Async Capable":false,"Startup Cost":24.07,"Total Cost":24.07,"Plan Rows":3,"Plan Width":12,"Actual Rows":2,"Actual Loops":1,"Output":["n2.n_nationkey","n2.n_name"],"Shared Hit Blocks":0,"Shared Read Blocks":0,"Shared Dirtied Blocks":0,"Shared Written Blocks":0,"Local Hit Blocks":0,"Local Read Blocks":0,"Local Dirtied Blocks":0,"Local Written Blocks":0,"Temp Read Blocks":0,"Temp Written Blocks":0,"I/O Read Time":0.0,"I/O Write Time":0.0,"Temp I/O Read Time":0.0,"Temp I/O Write Time":0.0,"Plans":[{"Node Type":"Append","Parent Relationship":"Outer","Parallel Aware":false,"Async Capable":false,"Startup Cost":20.0,"Total Cost":24.07,"Plan Rows":3,"Plan Width":12,"Actual Startup Time":0.09,"Actual Total Time":0.091,"Actual Rows":2,"Actual Loops":1,"Shared Hit Blocks":0,"Shared Read Blocks":0,"Shared Dirtied Blocks":0,"Shared Written Blocks":0,"Local Hit Blocks":0,"Local Read Blocks":0,"Local Dirtied Blocks":0,"Local Written Blocks":0,"Temp Read Blocks":0,"Temp Written Blocks":0,"I/O Read Time":0.0,"I/O Write Time":0.0,"Temp I/O Read Time":0.0,"Temp I/O Write Time":0.0,"Subplans Removed":0,"Plans":[{"Node Type":"Custom Scan","Parent Relationship":"Member","Custom Plan Provider":"columnar scan","Parallel Aware":false,"Async Capable":false,"Relation Name":"nation","Schema":"public","Alias":"n2","Startup Cost":20.0,"Total Cost":20.05,"Plan Rows":2,"Plan Width":12,"Actual Startup Time":0.088,"Actual Total Time":0.088,"Actual Rows":2,"Actual Loops":1,"Output":["n2.n_nationkey","n2.n_name"],"Filter":"(((n2.n_name)::text = 'Cambodia'::text) OR ((n2.n_name)::text = 'Germany'::text))","Rows Removed by Filter":0,"Rows Removed by Columnar Filter":60,"Columnar cache search mode":"native","Shared Hit Blocks":0,"Shared Read Blocks":0,"Shared Dirtied Blocks":0,"Shared Written Blocks":0,"Local Hit Blocks":0,"Local Read Blocks":0,"Local Dirtied Blocks":0,"Local Written Blocks":0,"Temp Read Blocks":0,"Temp Written Blocks":0,"I/O Read Time":0.0,"I/O Write Time":0.0,"Temp I/O Read Time":0.0,"Temp I/O Write Time":0.0},{"Node Type":"Seq Scan","Parent Relationship":"Member","Parallel Aware":false,"Async Capable":false,"Relation Name":"nation","Schema":"public","Alias":"n2","Startup Cost":0.0,"Total Cost":4.01,"Plan Rows":1,"Plan Width":12,"Actual Startup Time":0.0,"Actual Total Time":0.0,"Actual Rows":0,"Actual Loops":0,"Output":["n2.n_nationkey","n2.n_name"],"Filter":"(((n2.n_name)::text = 'Cambodia'::text) OR ((n2.n_name)::text = 'Germany'::text))","Rows Removed by Filter":0,"Shared Hit Blocks":0,"Shared Read Blocks":0,"Shared Dirtied Blocks":0,"Shared Written Blocks":0,"Local Hit Blocks":0,"Local Read Blocks":0,"Local Dirtied Blocks":0,"Local Written Blocks":0,"Temp Read Blocks":0,"Temp Written Blocks":0,"I/O Read Time":0.0,"I/O Write Time":0.0,"Temp I/O Read Time":0.0,"Temp I/O Write Time":0.0}]}]}]}]}]}]}]}]},"Planning":{"Shared Hit Blocks":152,"Shared Read Blocks":0,"Shared Dirtied Blocks":0,"Shared Written Blocks":0,"Local Hit Blocks":0,"Local Read Blocks":0,"Local Dirtied Blocks":0,"Local Written Blocks":0,"Temp Read Blocks":0,"Temp Written Blocks":0,"I/O Read Time":0.0,"I/O Write Time":0.0,"Temp I/O Read Time":0.0,"Temp I/O Write Time":0.0},"Planning Time":3.99,"Triggers":[],"Execution Time":20881.768}]
[列存组合]: customer, order_line, orders, stock, supplier
[{"Plan":{"Node Type":"Aggregate","Strategy":"Sorted","Partial Mode":"Simple","Parallel Aware":false,"Async Capable":false,"Startup Cost":1522228.6,"Total Cost":1522483.41,"Plan Rows":9266,"Plan Width":72,"Actual Startup Time":16967.787,"Actual Total Time":16971.922,"Actual Rows":6,"Actual Loops":1,"Output":["supplier.su_nationkey","customer.c_nationkey","(EXTRACT(year FROM orders.o_entry_d))","sum(order_line.ol_amount)"],"Group Key":["supplier.su_nationkey","customer.c_nationkey","(EXTRACT(year FROM orders.o_entry_d))"],"Shared Hit Blocks":54675,"Shared Read Blocks":0,"Shared Dirtied Blocks":0,"Shared Written Blocks":0,"Local Hit Blocks":0,"Local Read Blocks":0,"Local Dirtied Blocks":0,"Local Written Blocks":0,"Temp Read Blocks":7410,"Temp Written Blocks":7410,"I/O Read Time":0.0,"I/O Write Time":0.0,"Temp I/O Read Time":19.724,"Temp I/O Write Time":65.089,"Plans":[{"Node Type":"Sort","Parent Relationship":"Outer","Parallel Aware":false,"Async Capable":false,"Startup Cost":1522228.6,"Total Cost":1522251.76,"Plan Rows":9266,"Plan Width":44,"Actual Startup Time":16967.612,"Actual Total Time":16968.462,"Actual Rows":12121,"Actual Loops":1,"Output":["supplier.su_nationkey","customer.c_nationkey","(EXTRACT(year FROM orders.o_entry_d))","order_line.ol_amount"],"Sort Key":["supplier.su_nationkey","customer.c_nationkey","(EXTRACT(year FROM orders.o_entry_d))"],"Sort Method":"quicksort","Sort Space Used":1047,"Sort Space Type":"Memory","Shared Hit Blocks":54675,"Shared Read Blocks":0,"Shared Dirtied Blocks":0,"Shared Written Blocks":0,"Local Hit Blocks":0,"Local Read Blocks":0,"Local Dirtied Blocks":0,"Local Written Blocks":0,"Temp Read Blocks":7410,"Temp Written Blocks":7410,"I/O Read Time":0.0,"I/O Write Time":0.0,"Temp I/O Read Time":19.724,"Temp I/O Write Time":65.089,"Plans":[{"Node Type":"Hash Join","Parent Relationship":"Outer","Parallel Aware":false,"Async Capable":false,"Join Type":"Inner","Startup Cost":687839.81,"Total Cost":1521618.07,"Plan Rows":9266,"Plan Width":44,"Actual Startup Time":8564.043,"Actual Total Time":16961.403,"Actual Rows":12121,"Actual Loops":1,"Output":["supplier.su_nationkey","customer.c_nationkey","EXTRACT(year FROM orders.o_entry_d)","order_line.ol_amount"],"Hash Cond":"((order_line.ol_supply_w_id = stock.s_w_id) AND (order_line.ol_i_id = stock.s_i_id))","Join Filter":"((((n1.n_name)::text = 'Germany'::text) AND ((n2.n_name)::text = 'Cambodia'::text)) OR (((n1.n_name)::text = 'Cambodia'::text) AND ((n2.n_name)::text = 'Germany'::text)))","Rows Removed by Join Filter":11453,"Shared Hit Blocks":54675,"Shared Read Blocks":0,"Shared Dirtied Blocks":0,"Shared Written Blocks":0,"Local Hit Blocks":0,"Local Read Blocks":0,"Local Dirtied Blocks":0,"Local Written Blocks":0,"Temp Read Blocks":7410,"Temp Written Blocks":7410,"I/O Read Time":0.0,"I/O Write Time":0.0,"Temp I/O Read Time":19.724,"Temp I/O Write Time":65.089,"Plans":[{"Node Type":"Hash Join","Parent Relationship":"Outer","Parallel Aware":false,"Async Capable":false,"Join Type":"Inner","Startup Cost":41055.03,"Total Cost":850211.15,"Plan Rows":565362,"Plan Width":30,"Actual Startup Time":1931.407,"Actual Total Time":9747.844,"Actual Rows":818159,"Actual Loops":1,"Output":["order_line.ol_amount","order_line.ol_supply_w_id","order_line.ol_i_id","orders.o_entry_d","customer.c_nationkey","n2.n_name"],"Hash Cond":"(customer.c_nationkey = n2.n_nationkey)","Shared Hit Blocks":1,"Shared Read Blocks":0,"Shared Dirtied Blocks":0,"Shared Written Blocks":0,"Local Hit Blocks":0,"Local Read Blocks":0,"Local Dirtied Blocks":0,"Local Written Blocks":0,"Temp Read Blocks":0,"Temp Written Blocks":0,"I/O Read Time":0.0,"I/O Write Time":0.0,"Temp I/O Read Time":0.0,"Temp I/O Write Time":0.0,"Plans":[{"Node Type":"Hash Join","Parent Relationship":"Outer","Parallel Aware":false,"Async Capable":false,"Join Type":"Inner","Startup Cost":41053.07,"Total Cost":801058.04,"Plan Rows":17526218,"Plan Width":22,"Actual Startup Time":1931.108,"Actual Total Time":7540.04,"Actual Rows":16894821,"Actual Loops":1,"Output":["order_line.ol_amount","order_line.ol_supply_w_id","order_line.ol_i_id","orders.o_entry_d","customer.c_nationkey"],"Hash Cond":"((order_line.ol_w_id = customer.c_w_id) AND (order_line.ol_d_id = customer.c_d_id) AND (orders.o_c_id = customer.c_id))","Rows Removed by Bloom Filter":0,"Shared Hit Blocks":0,"Shared Read Blocks":0,"Shared Dirtied Blocks":0,"Shared Written Blocks":0,"Local Hit Blocks":0,"Local Read Blocks":0,"Local Dirtied Blocks":0,"Local Written Blocks":0,"Temp Read Blocks":0,"Temp Written Blocks":0,"I/O Read Time":0.0,"I/O Write Time":0.0,"Temp I/O Read Time":0.0,"Temp I/O Write Time":0.0,"Plans":[{"Node Type":"Hash Join","Parent Relationship":"Outer","Parallel Aware":false,"Async Capable":false,"Join Type":"Inner","Startup Cost":20539.32,"Total Cost":586018.71,"Plan Rows":17526218,"Plan Width":30,"Actual Startup Time":1056.008,"Actual Total Time":1056.032,"Actual Rows":0,"Actual Loops":1,"Output":["order_line.ol_amount","order_line.ol_supply_w_id","order_line.ol_i_id","order_line.ol_w_id","order_line.ol_d_id","orders.o_entry_d","orders.o_w_id","orders.o_d_id","orders.o_c_id"],"Hash Cond":"((order_line.ol_w_id = orders.o_w_id) AND (order_line.ol_d_id = orders.o_d_id) AND (order_line.ol_o_id = orders.o_id))","Rows Removed by Bloom Filter":0,"Shared Hit Blocks":0,"Shared Read Blocks":0,"Shared Dirtied Blocks":0,"Shared Written Blocks":0,"Local Hit Blocks":0,"Local Read Blocks":0,"Local Dirtied Blocks":0,"Local Written Blocks":0,"Temp Read Blocks":0,"Temp Written Blocks":0,"I/O Read Time":0.0,"I/O Write Time":0.0,"Temp I/O Read Time":0.0,"Temp I/O Write Time":0.0,"Plans":[{"Node Type":"Append","Parent Relationship":"Outer","Parallel Aware":false,"Async Capable":false,"Startup Cost":20.0,"Total Cost":482290.51,"Plan Rows":17536869,"Plan Width":22,"Actual Startup Time":1052.773,"Actual Total Time":1052.784,"Actual Rows":16894821,"Actual Loops":1,"Shared Hit Blocks":0,"Shared Read Blocks":0,"Shared Dirtied Blocks":0,"Shared Written Blocks":0,"Local Hit Blocks":0,"Local Read Blocks":0,"Local Dirtied Blocks":0,"Local Written Blocks":0,"Temp Read Blocks":0,"Temp Written Blocks":0,"I/O Read Time":0.0,"I/O Write Time":0.0,"Temp I/O Read Time":0.0,"Temp I/O Write Time":0.0,"Subplans Removed":0,"Plans":[{"Node Type":"Custom Scan","Parent Relationship":"Member","Custom Plan Provider":"columnar scan","Parallel Aware":false,"Async Capable":false,"Relation Name":"order_line","Schema":"public","Alias":"order_line","Startup Cost":20.0,"Total Cost":482285.56,"Plan Rows":17536851,"Plan Width":22,"Actual Startup Time":1052.77,"Actual Total Time":1052.773,"Actual Rows":16894821,"Actual Loops":1,"Output":["order_line.ol_amount","order_line.ol_supply_w_id","order_line.ol_i_id","order_line.ol_w_id","order_line.ol_d_id","order_line.ol_o_id"],"Filter":"((order_line.ol_delivery_d <= '1997-01-01 20:10:02.27764'::timestamp without time zone) AND (order_line.ol_delivery_d >= '1995-01-02 20:10:02.27764'::timestamp without time zone))","Rows Removed by Filter":0,"Rows Removed by Columnar Filter":43098940,"Rows Filtered by Bloom Filter":0,"Dictionary Rows Filtered by Bloom Filter":857915,"Columnar cache search mode":"native","Shared Hit Blocks":0,"Shared Read Blocks":0,"Shared Dirtied Blocks":0,"Shared Written Blocks":0,"Local Hit Blocks":0,"Local Read Blocks":0,"Local Dirtied Blocks":0,"Local Written Blocks":0,"Temp Read Blocks":0,"Temp Written Blocks":0,"I/O Read Time":0.0,"I/O Write Time":0.0,"Temp I/O Read Time":0.0,"Temp I/O Write Time":0.0},{"Node Type":"Seq Scan","Parent Relationship":"Member","Parallel Aware":false,"Async Capable":false,"Relation Name":"order_line","Schema":"public","Alias":"order_line","Startup Cost":0.0,"Total Cost":4.95,"Plan Rows":18,"Plan Width":22,"Actual Startup Time":0.0,"Actual Total Time":0.0,"Actual Rows":0,"Actual Loops":0,"Output":["order_line.ol_amount","order_line.ol_supply_w_id","order_line.ol_i_id","order_line.ol_w_id","order_line.ol_d_id","order_line.ol_o_id"],"Filter":"((order_line.ol_delivery_d <= '1997-01-01 20:10:02.27764'::timestamp without time zone) AND (order_line.ol_delivery_d >= '1995-01-02 20:10:02.27764'::timestamp without time zone))","Rows Removed by Filter":0,"Shared Hit Blocks":0,"Shared Read Blocks":0,"Shared Dirtied Blocks":0,"Shared Written Blocks":0,"Local Hit Blocks":0,"Local Read Blocks":0,"Local Dirtied Blocks":0,"Local Written Blocks":0,"Temp Read Blocks":0,"Temp Written Blocks":0,"I/O Read Time":0.0,"I/O Write Time":0.0,"Temp I/O Read Time":0.0,"Temp I/O Write Time":0.0}]},{"Node Type":"Hash","Parent Relationship":"Inner","Parallel Aware":false,"Async Capable":false,"Startup Cost":152930.34,"Total Cost":152930.34,"Plan Rows":5996325,"Plan Width":24,"Actual Rows":5995789,"Actual Loops":1,"Output":["orders.o_entry_d","orders.o_w_id","orders.o_d_id","orders.o_id","orders.o_c_id"],"Shared Hit Blocks":0,"Shared Read Blocks":0,"Shared Dirtied Blocks":0,"Shared Written Blocks":0,"Local Hit Blocks":0,"Local Read Blocks":0,"Local Dirtied Blocks":0,"Local Written Blocks":0,"Temp Read Blocks":0,"Temp Written Blocks":0,"I/O Read Time":0.0,"I/O Write Time":0.0,"Temp I/O Read Time":0.0,"Temp I/O Write Time":0.0,"Plans":[{"Node Type":"Append","Parent Relationship":"Outer","Parallel Aware":false,"Async Capable":false,"Startup Cost":20.0,"Total Cost":152930.34,"Plan Rows":5996325,"Plan Width":24,"Actual Startup Time":3.098,"Actual Total Time":3.104,"Actual Rows":5995789,"Actual Loops":1,"Shared Hit Blocks":0,"Shared Read Blocks":0,"Shared Dirtied Blocks":0,"Shared Written Blocks":0,"Local Hit Blocks":0,"Local Read Blocks":0,"Local Dirtied Blocks":0,"Local Written Blocks":0,"Temp Read Blocks":0,"Temp Written Blocks":0,"I/O Read Time":0.0,"I/O Write Time":0.0,"Temp I/O Read Time":0.0,"Temp I/O Write Time":0.0,"Subplans Removed":0,"Plans":[{"Node Type":"Custom Scan","Parent Relationship":"Member","Custom Plan Provider":"columnar scan","Parallel Aware":false,"Async Capable":false,"Relation Name":"orders","Schema":"public","Alias":"orders","Startup Cost":20.0,"Total Cost":152926.32,"Plan Rows":5996324,"Plan Width":24,"Actual Startup Time":3.096,"Actual Total Time":3.098,"Actual Rows":5995789,"Actual Loops":1,"Output":["orders.o_entry_d","orders.o_w_id","orders.o_d_id","orders.o_id","orders.o_c_id"],"Filter":"(orders.o_entry_d >= '1992-01-02 20:10:02.27764'::timestamp without time zone)","Rows Removed by Filter":0,"Rows Removed by Columnar Filter":4211,"Columnar cache search mode":"native","Shared Hit Blocks":0,"Shared Read Blocks":0,"Shared Dirtied Blocks":0,"Shared Written Blocks":0,"Local Hit Blocks":0,"Local Read Blocks":0,"Local Dirtied Blocks":0,"Local Written Blocks":0,"Temp Read Blocks":0,"Temp Written Blocks":0,"I/O Read Time":0.0,"I/O Write Time":0.0,"Temp I/O Read Time":0.0,"Temp I/O Write Time":0.0},{"Node Type":"Seq Scan","Parent Relationship":"Member","Parallel Aware":false,"Async Capable":false,"Relation Name":"orders","Schema":"public","Alias":"orders","Startup Cost":0.0,"Total Cost":4.01,"Plan Rows":1,"Plan Width":24,"Actual Startup Time":0.0,"Actual Total Time":0.0,"Actual Rows":0,"Actual Loops":0,"Output":["orders.o_entry_d","orders.o_w_id","orders.o_d_id","orders.o_id","orders.o_c_id"],"Filter":"(orders.o_entry_d >= '1992-01-02 20:10:02.27764'::timestamp without time zone)","Rows Removed by Filter":0,"Shared Hit Blocks":0,"Shared Read Blocks":0,"Shared Dirtied Blocks":0,"Shared Written Blocks":0,"Local Hit Blocks":0,"Local Read Blocks":0,"Local Dirtied Blocks":0,"Local Written Blocks":0,"Temp Read Blocks":0,"Temp Written Blocks":0,"I/O Read Time":0.0,"I/O Write Time":0.0,"Temp I/O Read Time":0.0,"Temp I/O Write Time":0.0}]}]}]},{"Node Type":"Hash","Parent Relationship":"Inner","Parallel Aware":false,"Async Capable":false,"Startup Cost":141025.46,"Total Cost":141025.46,"Plan Rows":6000140,"Plan Width":12,"Actual Rows":6000000,"Actual Loops":1,"Output":["customer.c_nationkey","customer.c_id","customer.c_w_id","customer.c_d_id"],"Shared Hit Blocks":0,"Shared Read Blocks":0,"Shared Dirtied Blocks":0,"Shared Written Blocks":0,"Local Hit Blocks":0,"Local Read Blocks":0,"Local Dirtied Blocks":0,"Local Written Blocks":0,"Temp Read Blocks":0,"Temp Written Blocks":0,"I/O Read Time":0.0,"I/O Write Time":0.0,"Temp I/O Read Time":0.0,"Temp I/O Write Time":0.0,"Plans":[{"Node Type":"Append","Parent Relationship":"Outer","Parallel Aware":false,"Async Capable":false,"Startup Cost":20.0,"Total Cost":141025.46,"Plan Rows":6000140,"Plan Width":12,"Actual Startup Time":0.283,"Actual Total Time":0.287,"Actual Rows":6000000,"Actual Loops":1,"Shared Hit Blocks":0,"Shared Read Blocks":0,"Shared Dirtied Blocks":0,"Shared Written Blocks":0,"Local Hit Blocks":0,"Local Read Blocks":0,"Local Dirtied Blocks":0,"Local Written Blocks":0,"Temp Read Blocks":0,"Temp Written Blocks":0,"I/O Read Time":0.0,"I/O Write Time":0.0,"Temp I/O Read Time":0.0,"Temp I/O Write Time":0.0,"Subplans Removed":0,"Plans":[{"Node Type":"Custom Scan","Parent Relationship":"Member","Custom Plan Provider":"columnar scan","Parallel Aware":false,"Async Capable":false,"Relation Name":"customer","Schema":"public","Alias":"customer","Startup Cost":20.0,"Total Cost":141020.06,"Plan Rows":6000000,"Plan Width":12,"Actual Startup Time":0.281,"Actual Total Time":0.282,"Actual Rows":6000000,"Actual Loops":1,"Output":["customer.c_nationkey","customer.c_id","customer.c_w_id","customer.c_d_id"],"Rows Removed by Columnar Filter":0,"Columnar cache search mode":"native","Shared Hit Blocks":0,"Shared Read Blocks":0,"Shared Dirtied Blocks":0,"Shared Written Blocks":0,"Local Hit Blocks":0,"Local Read Blocks":0,"Local Dirtied Blocks":0,"Local Written Blocks":0,"Temp Read Blocks":0,"Temp Written Blocks":0,"I/O Read Time":0.0,"I/O Write Time":0.0,"Temp I/O Read Time":0.0,"Temp I/O Write Time":0.0},{"Node Type":"Seq Scan","Parent Relationship":"Member","Parallel Aware":false,"Async Capable":false,"Relation Name":"customer","Schema":"public","Alias":"customer","Startup Cost":0.0,"Total Cost":5.4,"Plan Rows":140,"Plan Width":12,"Actual Startup Time":0.0,"Actual Total Time":0.0,"Actual Rows":0,"Actual Loops":0,"Output":["customer.c_nationkey","customer.c_id","customer.c_w_id","customer.c_d_id"],"Shared Hit Blocks":0,"Shared Read Blocks":0,"Shared Dirtied Blocks":0,"Shared Written Blocks":0,"Local Hit Blocks":0,"Local Read Blocks":0,"Local Dirtied Blocks":0,"Local Written Blocks":0,"Temp Read Blocks":0,"Temp Written Blocks":0,"I/O Read Time":0.0,"I/O Write Time":0.0,"Temp I/O Read Time":0.0,"Temp I/O Write Time":0.0}]}]}]},{"Node Type":"Hash","Parent Relationship":"Inner","Parallel Aware":false,"Async Capable":false,"Startup Cost":1.93,"Total Cost":1.93,"Plan Rows":2,"Plan Width":12,"Actual Startup Time":0.033,"Actual Total Time":0.036,"Actual Rows":2,"Actual Loops":1,"Output":["n2.n_nationkey","n2.n_name"],"Hash Buckets":1024,"Original Hash Buckets":1024,"Hash Batches":1,"Original Hash Batches":1,"Peak Memory Usage":9,"Shared Hit Blocks":1,"Shared Read Blocks":0,"Shared Dirtied Blocks":0,"Shared Written Blocks":0,"Local Hit Blocks":0,"Local Read Blocks":0,"Local Dirtied Blocks":0,"Local Written Blocks":0,"Temp Read Blocks":0,"Temp Written Blocks":0,"I/O Read Time":0.0,"I/O Write Time":0.0,"Temp I/O Read Time":0.0,"Temp I/O Write Time":0.0,"Plans":[{"Node Type":"Seq Scan","Parent Relationship":"Outer","Parallel Aware":false,"Async Capable":false,"Relation Name":"nation","Schema":"public","Alias":"n2","Startup Cost":0.0,"Total Cost":1.93,"Plan Rows":2,"Plan Width":12,"Actual Startup Time":0.024,"Actual Total Time":0.029,"Actual Rows":2,"Actual Loops":1,"Output":["n2.n_nationkey","n2.n_name"],"Filter":"(((n2.n_name)::text = 'Cambodia'::text) OR ((n2.n_name)::text = 'Germany'::text))","Rows Removed by Filter":60,"Shared Hit Blocks":1,"Shared Read Blocks":0,"Shared Dirtied Blocks":0,"Shared Written Blocks":0,"Local Hit Blocks":0,"Local Read Blocks":0,"Local Dirtied Blocks":0,"Local Written Blocks":0,"Temp Read Blocks":0,"Temp Written Blocks":0,"I/O Read Time":0.0,"I/O Write Time":0.0,"Temp I/O Read Time":0.0,"Temp I/O Write Time":0.0}]}]},{"Node Type":"Hash","Parent Relationship":"Inner","Parallel Aware":false,"Async Capable":false,"Startup Cost":633326.26,"Total Cost":633326.26,"Plan Rows":645168,"Plan Width":18,"Actual Startup Time":6628.56,"Actual Total Time":6628.578,"Actual Rows":566400,"Actual Loops":1,"Output":["supplier.su_nationkey","stock.s_w_id","stock.s_i_id","n1.n_name"],"Hash Buckets":131072,"Original Hash Buckets":131072,"Hash Batches":8,"Original Hash Batches":8,"Peak Memory Usage":4646,"Shared Hit Blocks":54674,"Shared Read Blocks":0,"Shared Dirtied Blocks":0,"Shared Written Blocks":0,"Local Hit Blocks":0,"Local Read Blocks":0,"Local Dirtied Blocks":0,"Local Written Blocks":0,"Temp Read Blocks":0,"Temp Written Blocks":2445,"I/O Read Time":0.0,"I/O Write Time":0.0,"Temp I/O Read Time":0.0,"Temp I/O Write Time":13.905,"Plans":[{"Node Type":"Hash Join","Parent Relationship":"Outer","Parallel Aware":false,"Async Capable":false,"Join Type":"Inner","Startup Cost":346.42,"Total Cost":633326.26,"Plan Rows":645168,"Plan Width":18,"Actual Startup Time":3.137,"Actual Total Time":6478.399,"Actual Rows":566400,"Actual Loops":1,"Output":["supplier.su_nationkey","stock.s_w_id","stock.s_i_id","n1.n_name"],"Hash Cond":"(supplier.su_nationkey = n1.n_nationkey)","Shared Hit Blocks":54674,"Shared Read Blocks":0,"Shared Dirtied Blocks":0,"Shared Written Blocks":0,"Local Hit Blocks":0,"Local Read Blocks":0,"Local Dirtied Blocks":0,"Local Written Blocks":0,"Temp Read Blocks":0,"Temp Written Blocks":0,"I/O Read Time":0.0,"I/O Write Time":0.0,"Temp I/O Read Time":0.0,"Temp I/O Write Time":0.0,"Plans":[{"Node Type":"Hash Join","Parent Relationship":"Outer","Parallel Aware":false,"Async Capable":false,"Join Type":"Inner","Startup Cost":344.46,"Total Cost":577235.0,"Plan Rows":20000212,"Plan Width":10,"Actual Startup Time":3.104,"Actual Total Time":5146.95,"Actual Rows":20000000,"Actual Loops":1,"Output":["supplier.su_nationkey","stock.s_w_id","stock.s_i_id"],"Hash Cond":"(mod((stock.s_w_id * stock.s_i_id), 10000) = supplier.su_suppkey)","Shared Hit Blocks":54673,"Shared Read Blocks":0,"Shared Dirtied Blocks":0,"Shared Written Blocks":0,"Local Hit Blocks":0,"Local Read Blocks":0,"Local Dirtied Blocks":0,"Local Written Blocks":0,"Temp Read Blocks":0,"Temp Written Blocks":0,"I/O Read Time":0.0,"I/O Write Time":0.0,"Temp I/O Read Time":0.0,"Temp I/O Write Time":0.0,"Plans":[{"Node Type":"Index Only Scan","Parent Relationship":"Outer","Parallel Aware":false,"Async Capable":false,"Scan Direction":"Forward","Index Name":"stock_pk","Relation Name":"stock","Schema":"public","Alias":"stock","Startup Cost":0.44,"Total Cost":519363.62,"Plan Rows":20000212,"Plan Width":6,"Actual Startup Time":0.011,"Actual Total Time":1525.504,"Actual Rows":20000000,"Actual Loops":1,"Output":["stock.s_w_id","stock.s_i_id"],"Heap Fetches":0,"Shared Hit Blocks":54673,"Shared Read Blocks":0,"Shared Dirtied Blocks":0,"Shared Written Blocks":0,"Local Hit Blocks":0,"Local Read Blocks":0,"Local Dirtied Blocks":0,"Local Written Blocks":0,"Temp Read Blocks":0,"Temp Written Blocks":0,"I/O Read Time":0.0,"I/O Write Time":0.0,"Temp I/O Read Time":0.0,"Temp I/O Write Time":0.0},{"Node Type":"Hash","Parent Relationship":"Inner","Parallel Aware":false,"Async Capable":false,"Startup Cost":219.01,"Total Cost":219.01,"Plan Rows":10001,"Plan Width":8,"Actual Startup Time":3.045,"Actual Total Time":3.052,"Actual Rows":10000,"Actual Loops":1,"Output":["supplier.su_nationkey","supplier.su_suppkey"],"Hash Buckets":16384,"Original Hash Buckets":16384,"Hash Batches":1,"Original Hash Batches":1,"Peak Memory Usage":519,"Shared Hit Blocks":0,"Shared Read Blocks":0,"Shared Dirtied Blocks":0,"Shared Written Blocks":0,"Local Hit Blocks":0,"Local Read Blocks":0,"Local Dirtied Blocks":0,"Local Written Blocks":0,"Temp Read Blocks":0,"Temp Written Blocks":0,"I/O Read Time":0.0,"I/O Write Time":0.0,"Temp I/O Read Time":0.0,"Temp I/O Write Time":0.0,"Plans":[{"Node Type":"Append","Parent Relationship":"Outer","Parallel Aware":false,"Async Capable":false,"Startup Cost":20.0,"Total Cost":219.01,"Plan Rows":10001,"Plan Width":8,"Actual Startup Time":0.014,"Actual Total Time":1.836,"Actual Rows":10000,"Actual Loops":1,"Shared Hit Blocks":0,"Shared Read Blocks":0,"Shared Dirtied Blocks":0,"Shared Written Blocks":0,"Local Hit Blocks":0,"Local Read Blocks":0,"Local Dirtied Blocks":0,"Local Written Blocks":0,"Temp Read Blocks":0,"Temp Written Blocks":0,"I/O Read Time":0.0,"I/O Write Time":0.0,"Temp I/O Read Time":0.0,"Temp I/O Write Time":0.0,"Subplans Removed":0,"Plans":[{"Node Type":"Custom Scan","Parent Relationship":"Member","Custom Plan Provider":"columnar scan","Parallel Aware":false,"Async Capable":false,"Relation Name":"supplier","Schema":"public","Alias":"supplier","Startup Cost":20.0,"Total Cost":215.0,"Plan Rows":10000,"Plan Width":8,"Actual Startup Time":0.013,"Actual Total Time":1.102,"Actual Rows":10000,"Actual Loops":1,"Output":["supplier.su_nationkey","supplier.su_suppkey"],"Rows Removed by Columnar Filter":0,"Columnar cache search mode":"native","Shared Hit Blocks":0,"Shared Read Blocks":0,"Shared Dirtied Blocks":0,"Shared Written Blocks":0,"Local Hit Blocks":0,"Local Read Blocks":0,"Local Dirtied Blocks":0,"Local Written Blocks":0,"Temp Read Blocks":0,"Temp Written Blocks":0,"I/O Read Time":0.0,"I/O Write Time":0.0,"Temp I/O Read Time":0.0,"Temp I/O Write Time":0.0},{"Node Type":"Seq Scan","Parent Relationship":"Member","Parallel Aware":false,"Async Capable":false,"Relation Name":"supplier","Schema":"public","Alias":"supplier","Startup Cost":0.0,"Total Cost":4.01,"Plan Rows":1,"Plan Width":8,"Actual Startup Time":0.0,"Actual Total Time":0.0,"Actual Rows":0,"Actual Loops":0,"Output":["supplier.su_nationkey","supplier.su_suppkey"],"Shared Hit Blocks":0,"Shared Read Blocks":0,"Shared Dirtied Blocks":0,"Shared Written Blocks":0,"Local Hit Blocks":0,"Local Read Blocks":0,"Local Dirtied Blocks":0,"Local Written Blocks":0,"Temp Read Blocks":0,"Temp Written Blocks":0,"I/O Read Time":0.0,"I/O Write Time":0.0,"Temp I/O Read Time":0.0,"Temp I/O Write Time":0.0}]}]}]},{"Node Type":"Hash","Parent Relationship":"Inner","Parallel Aware":false,"Async Capable":false,"Startup Cost":1.93,"Total Cost":1.93,"Plan Rows":2,"Plan Width":12,"Actual Startup Time":0.024,"Actual Total Time":0.025,"Actual Rows":2,"Actual Loops":1,"Output":["n1.n_nationkey","n1.n_name"],"Hash Buckets":1024,"Original Hash Buckets":1024,"Hash Batches":1,"Original Hash Batches":1,"Peak Memory Usage":9,"Shared Hit Blocks":1,"Shared Read Blocks":0,"Shared Dirtied Blocks":0,"Shared Written Blocks":0,"Local Hit Blocks":0,"Local Read Blocks":0,"Local Dirtied Blocks":0,"Local Written Blocks":0,"Temp Read Blocks":0,"Temp Written Blocks":0,"I/O Read Time":0.0,"I/O Write Time":0.0,"Temp I/O Read Time":0.0,"Temp I/O Write Time":0.0,"Plans":[{"Node Type":"Seq Scan","Parent Relationship":"Outer","Parallel Aware":false,"Async Capable":false,"Relation Name":"nation","Schema":"public","Alias":"n1","Startup Cost":0.0,"Total Cost":1.93,"Plan Rows":2,"Plan Width":12,"Actual Startup Time":0.014,"Actual Total Time":0.02,"Actual Rows":2,"Actual Loops":1,"Output":["n1.n_nationkey","n1.n_name"],"Filter":"(((n1.n_name)::text = 'Germany'::text) OR ((n1.n_name)::text = 'Cambodia'::text))","Rows Removed by Filter":60,"Shared Hit Blocks":1,"Shared Read Blocks":0,"Shared Dirtied Blocks":0,"Shared Written Blocks":0,"Local Hit Blocks":0,"Local Read Blocks":0,"Local Dirtied Blocks":0,"Local Written Blocks":0,"Temp Read Blocks":0,"Temp Written Blocks":0,"I/O Read Time":0.0,"I/O Write Time":0.0,"Temp I/O Read Time":0.0,"Temp I/O Write Time":0.0}]}]}]}]}]}]},"Planning":{"Shared Hit Blocks":152,"Shared Read Blocks":0,"Shared Dirtied Blocks":0,"Shared Written Blocks":0,"Local Hit Blocks":0,"Local Read Blocks":0,"Local Dirtied Blocks":0,"Local Written Blocks":0,"Temp Read Blocks":0,"Temp Written Blocks":0,"I/O Read Time":0.0,"I/O Write Time":0.0,"Temp I/O Read Time":0.0,"Temp I/O Write Time":0.0},"Planning Time":4.511,"Triggers":[],"Execution Time":16973.769}]
[列存组合]: nation, order_line, orders, stock, supplier
[{"Plan":{"Node Type":"Aggregate","Strategy":"Sorted","Partial Mode":"Simple","Parallel Aware":false,"Async Capable":false,"Startup Cost":2139106.81,"Total Cost":2139361.62,"Plan Rows":9266,"Plan Width":72,"Actual Startup Time":15172.744,"Actual Total Time":15175.381,"Actual Rows":6,"Actual Loops":1,"Output":["supplier.su_nationkey","customer.c_nationkey","(EXTRACT(year FROM orders.o_entry_d))","sum(order_line.ol_amount)"],"Group Key":["supplier.su_nationkey","customer.c_nationkey","(EXTRACT(year FROM orders.o_entry_d))"],"Shared Hit Blocks":504114,"Shared Read Blocks":0,"Shared Dirtied Blocks":0,"Shared Written Blocks":0,"Local Hit Blocks":0,"Local Read Blocks":0,"Local Dirtied Blocks":0,"Local Written Blocks":0,"Temp Read Blocks":41796,"Temp Written Blocks":41814,"I/O Read Time":0.0,"I/O Write Time":0.0,"Temp I/O Read Time":64.122,"Temp I/O Write Time":190.467,"Plans":[{"Node Type":"Sort","Parent Relationship":"Outer","Parallel Aware":false,"Async Capable":false,"Startup Cost":2139106.81,"Total Cost":2139129.97,"Plan Rows":9266,"Plan Width":44,"Actual Startup Time":15172.632,"Actual Total Time":15173.169,"Actual Rows":12121,"Actual Loops":1,"Output":["supplier.su_nationkey","customer.c_nationkey","(EXTRACT(year FROM orders.o_entry_d))","order_line.ol_amount"],"Sort Key":["supplier.su_nationkey","customer.c_nationkey","(EXTRACT(year FROM orders.o_entry_d))"],"Sort Method":"quicksort","Sort Space Used":1047,"Sort Space Type":"Memory","Shared Hit Blocks":504114,"Shared Read Blocks":0,"Shared Dirtied Blocks":0,"Shared Written Blocks":0,"Local Hit Blocks":0,"Local Read Blocks":0,"Local Dirtied Blocks":0,"Local Written Blocks":0,"Temp Read Blocks":41796,"Temp Written Blocks":41814,"I/O Read Time":0.0,"I/O Write Time":0.0,"Temp I/O Read Time":64.122,"Temp I/O Write Time":190.467,"Plans":[{"Node Type":"Merge Join","Parent Relationship":"Outer","Parallel Aware":false,"Async Capable":false,"Join Type":"Inner","Startup Cost":2130036.45,"Total Cost":2138496.28,"Plan Rows":9266,"Plan Width":44,"Actual Startup Time":14829.258,"Actual Total Time":15169.505,"Actual Rows":12121,"Actual Loops":1,"Output":["supplier.su_nationkey","customer.c_nationkey","EXTRACT(year FROM orders.o_entry_d)","order_line.ol_amount"],"Merge Cond":"((orders.o_c_id = customer.c_id) AND (order_line.ol_w_id = customer.c_w_id) AND (order_line.ol_d_id = customer.c_d_id))","Join Filter":"((((n1.n_name)::text = 'Germany'::text) AND ((n2.n_name)::text = 'Cambodia'::text)) OR (((n1.n_name)::text = 'Cambodia'::text) AND ((n2.n_name)::text = 'Germany'::text)))","Rows Removed by Join Filter":11453,"Shared Hit Blocks":504114,"Shared Read Blocks":0,"Shared Dirtied Blocks":0,"Shared Written Blocks":0,"Local Hit Blocks":0,"Local Read Blocks":0,"Local Dirtied Blocks":0,"Local Written Blocks":0,"Temp Read Blocks":41796,"Temp Written Blocks":41814,"I/O Read Time":0.0,"I/O Write Time":0.0,"Temp I/O Read Time":64.122,"Temp I/O Write Time":190.467,"Plans":[{"Node Type":"Sort","Parent Relationship":"Outer","Parallel Aware":false,"Async Capable":false,"Startup Cost":1572247.16,"Total Cost":1573660.56,"Plan Rows":565362,"Plan Width":36,"Actual Startup Time":12582.55,"Actual Total Time":12753.932,"Actual Rows":485009,"Actual Loops":1,"Output":["supplier.su_nationkey","order_line.ol_amount","order_line.ol_w_id","order_line.ol_d_id","orders.o_entry_d","orders.o_w_id","orders.o_d_id","orders.o_c_id","n1.n_name"],"Sort Key":["orders.o_c_id","order_line.ol_w_id","order_line.ol_d_id"],"Sort Method":"external merge","Sort Space Used":24000,"Sort Space Type":"Disk","Shared Hit Blocks":44123,"Shared Read Blocks":0,"Shared Dirtied Blocks":0,"Shared Written Blocks":0,"Local Hit Blocks":0,"Local Read Blocks":0,"Local Dirtied Blocks":0,"Local Written Blocks":0,"Temp Read Blocks":40706,"Temp Written Blocks":40718,"I/O Read Time":0.0,"I/O Write Time":0.0,"Temp I/O Read Time":62.503,"Temp I/O Write Time":186.011,"Plans":[{"Node Type":"Hash Join","Parent Relationship":"Outer","Parallel Aware":false,"Async Capable":false,"Join Type":"Inner","Startup Cost":318158.84,"Total Cost":1502770.67,"Plan Rows":565362,"Plan Width":36,"Actual Startup Time":2777.777,"Actual Total Time":12335.006,"Actual Rows":485009,"Actual Loops":1,"Output":["supplier.su_nationkey","order_line.ol_amount","order_line.ol_w_id","order_line.ol_d_id","orders.o_entry_d","orders.o_w_id","orders.o_d_id","orders.o_c_id","n1.n_name"],"Hash Cond":"((order_line.ol_w_id = orders.o_w_id) AND (order_line.ol_d_id = orders.o_d_id) AND (order_line.ol_o_id = orders.o_id))","Shared Hit Blocks":44123,"Shared Read Blocks":0,"Shared Dirtied Blocks":0,"Shared Written Blocks":0,"Local Hit Blocks":0,"Local Read Blocks":0,"Local Dirtied Blocks":0,"Local Written Blocks":0,"Temp Read Blocks":37706,"Temp Written Blocks":37706,"I/O Read Time":0.0,"I/O Write Time":0.0,"Temp I/O Read Time":57.974,"Temp I/O Write Time":174.723,"Plans":[{"Node Type":"Hash Join","Parent Relationship":"Outer","Parallel Aware":false,"Async Capable":false,"Join Type":"Inner","Startup Cost":58966.57,"Total Cost":1196252.47,"Plan Rows":565705,"Plan Width":28,"Actual Startup Time":956.443,"Actual Total Time":9839.956,"Actual Rows":485009,"Actual Loops":1,"Output":["supplier.su_nationkey","order_line.ol_amount","order_line.ol_w_id","order_line.ol_d_id","order_line.ol_o_id","n1.n_name"],"Hash Cond":"(supplier.su_nationkey = n1.n_nationkey)","Shared Hit Blocks":1,"Shared Read Blocks":0,"Shared Dirtied Blocks":0,"Shared Written Blocks":0,"Local Hit Blocks":0,"Local Read Blocks":0,"Local Dirtied Blocks":0,"Local Written Blocks":0,"Temp Read Blocks":0,"Temp Written Blocks":0,"I/O Read Time":0.0,"I/O Write Time":0.0,"Temp I/O Read Time":0.0,"Temp I/O Write Time":0.0,"Plans":[{"Node Type":"Hash Join","Parent Relationship":"Outer","Parallel Aware":false,"Async Capable":false,"Join Type":"Inner","Startup Cost":58964.62,"Total Cost":1147069.5,"Plan Rows":17536869,"Plan Width":20,"Actual Startup Time":956.367,"Actual Total Time":8611.684,"Actual Rows":17139931,"Actual Loops":1,"Output":["supplier.su_nationkey","order_line.ol_amount","order_line.ol_w_id","order_line.ol_d_id","order_line.ol_o_id"],"Hash Cond":"(mod((stock.s_w_id * stock.s_i_id), 10000) = supplier.su_suppkey)","Shared Hit Blocks":0,"Shared Read Blocks":0,"Shared Dirtied Blocks":0,"Shared Written Blocks":0,"Local Hit Blocks":0,"Local Read Blocks":0,"Local Dirtied Blocks":0,"Local Written Blocks":0,"Temp Read Blocks":0,"Temp Written Blocks":0,"I/O Read Time":0.0,"I/O Write Time":0.0,"Temp I/O Read Time":0.0,"Temp I/O Write Time":0.0,"Plans":[{"Node Type":"Hash Join","Parent Relationship":"Outer","Parallel Aware":false,"Async Capable":false,"Join Type":"Inner","Startup Cost":58620.59,"Total Cost":1096283.52,"Plan Rows":17536869,"Plan Width":22,"Actual Startup Time":953.275,"Actual Total Time":5233.448,"Actual Rows":17139931,"Actual Loops":1,"Output":["stock.s_w_id","stock.s_i_id","order_line.ol_amount","order_line.ol_w_id","order_line.ol_d_id","order_line.ol_o_id"],"Hash Cond":"((order_line.ol_supply_w_id = stock.s_w_id) AND (order_line.ol_i_id = stock.s_i_id))","Rows Removed by Bloom Filter":0,"Shared Hit Blocks":0,"Shared Read Blocks":0,"Shared Dirtied Blocks":0,"Shared Written Blocks":0,"Local Hit Blocks":0,"Local Read Blocks":0,"Local Dirtied Blocks":0,"Local Written Blocks":0,"Temp Read Blocks":0,"Temp Written Blocks":0,"I/O Read Time":0.0,"I/O Write Time":0.0,"Temp I/O Read Time":0.0,"Temp I/O Write Time":0.0,"Plans":[{"Node Type":"Append","Parent Relationship":"Outer","Parallel Aware":false,"Async Capable":false,"Startup Cost":20.0,"Total Cost":482290.51,"Plan Rows":17536869,"Plan Width":22,"Actual Startup Time":27.335,"Actual Total Time":27.342,"Actual Rows":17139931,"Actual Loops":1,"Shared Hit Blocks":0,"Shared Read Blocks":0,"Shared Dirtied Blocks":0,"Shared Written Blocks":0,"Local Hit Blocks":0,"Local Read Blocks":0,"Local Dirtied Blocks":0,"Local Written Blocks":0,"Temp Read Blocks":0,"Temp Written Blocks":0,"I/O Read Time":0.0,"I/O Write Time":0.0,"Temp I/O Read Time":0.0,"Temp I/O Write Time":0.0,"Subplans Removed":0,"Plans":[{"Node Type":"Custom Scan","Parent Relationship":"Member","Custom Plan Provider":"columnar scan","Parallel Aware":false,"Async Capable":false,"Relation Name":"order_line","Schema":"public","Alias":"order_line","Startup Cost":20.0,"Total Cost":482285.56,"Plan Rows":17536851,"Plan Width":22,"Actual Startup Time":27.333,"Actual Total Time":27.336,"Actual Rows":17139931,"Actual Loops":1,"Output":["order_line.ol_amount","order_line.ol_supply_w_id","order_line.ol_i_id","order_line.ol_w_id","order_line.ol_d_id","order_line.ol_o_id"],"Filter":"((order_line.ol_delivery_d <= '1997-01-01 20:10:02.27764'::timestamp without time zone) AND (order_line.ol_delivery_d >= '1995-01-02 20:10:02.27764'::timestamp without time zone))","Rows Removed by Filter":0,"Rows Removed by Columnar Filter":42853830,"Columnar cache search mode":"native","Shared Hit Blocks":0,"Shared Read Blocks":0,"Shared Dirtied Blocks":0,"Shared Written Blocks":0,"Local Hit Blocks":0,"Local Read Blocks":0,"Local Dirtied Blocks":0,"Local Written Blocks":0,"Temp Read Blocks":0,"Temp Written Blocks":0,"I/O Read Time":0.0,"I/O Write Time":0.0,"Temp I/O Read Time":0.0,"Temp I/O Write Time":0.0},{"Node Type":"Seq Scan","Parent Relationship":"Member","Parallel Aware":false,"Async Capable":false,"Relation Name":"order_line","Schema":"public","Alias":"order_line","Startup Cost":0.0,"Total Cost":4.95,"Plan Rows":18,"Plan Width":22,"Actual Startup Time":0.0,"Actual Total Time":0.0,"Actual Rows":0,"Actual Loops":0,"Output":["order_line.ol_amount","order_line.ol_supply_w_id","order_line.ol_i_id","order_line.ol_w_id","order_line.ol_d_id","order_line.ol_o_id"],"Filter":"((order_line.ol_delivery_d <= '1997-01-01 20:10:02.27764'::timestamp without time zone) AND (order_line.ol_delivery_d >= '1995-01-02 20:10:02.27764'::timestamp without time zone))","Rows Removed by Filter":0,"Shared Hit Blocks":0,"Shared Read Blocks":0,"Shared Dirtied Blocks":0,"Shared Written Blocks":0,"Local Hit Blocks":0,"Local Read Blocks":0,"Local Dirtied Blocks":0,"Local Written Blocks":0,"Temp Read Blocks":0,"Temp Written Blocks":0,"I/O Read Time":0.0,"I/O Write Time":0.0,"Temp I/O Read Time":0.0,"Temp I/O Write Time":0.0}]},{"Node Type":"Hash","Parent Relationship":"Inner","Parallel Aware":false,"Async Capable":false,"Startup Cost":390026.22,"Total Cost":390026.22,"Plan Rows":20000212,"Plan Width":6,"Actual Rows":20000000,"Actual Loops":1,"Output":["stock.s_w_id","stock.s_i_id"],"Shared Hit Blocks":0,"Shared Read Blocks":0,"Shared Dirtied Blocks":0,"Shared Written Blocks":0,"Local Hit Blocks":0,"Local Read Blocks":0,"Local Dirtied Blocks":0,"Local Written Blocks":0,"Temp Read Blocks":0,"Temp Written Blocks":0,"I/O Read Time":0.0,"I/O Write Time":0.0,"Temp I/O Read Time":0.0,"Temp I/O Write Time":0.0,"Plans":[{"Node Type":"Append","Parent Relationship":"Outer","Parallel Aware":false,"Async Capable":false,"Startup Cost":20.0,"Total Cost":390026.22,"Plan Rows":20000212,"Plan Width":6,"Actual Startup Time":0.373,"Actual Total Time":0.375,"Actual Rows":20000000,"Actual Loops":1,"Shared Hit Blocks":0,"Shared Read Blocks":0,"Shared Dirtied Blocks":0,"Shared Written Blocks":0,"Local Hit Blocks":0,"Local Read Blocks":0,"Local Dirtied Blocks":0,"Local Written Blocks":0,"Temp Read Blocks":0,"Temp Written Blocks":0,"I/O Read Time":0.0,"I/O Write Time":0.0,"Temp I/O Read Time":0.0,"Temp I/O Write Time":0.0,"Subplans Removed":0,"Plans":[{"Node Type":"Custom Scan","Parent Relationship":"Member","Custom Plan Provider":"columnar scan","Parallel Aware":false,"Async Capable":false,"Relation Name":"stock","Schema":"public","Alias":"stock","Startup Cost":20.0,"Total Cost":390020.1,"Plan Rows":20000000,"Plan Width":6,"Actual Startup Time":0.373,"Actual Total Time":0.374,"Actual Rows":20000000,"Actual Loops":1,"Output":["stock.s_w_id","stock.s_i_id"],"Rows Removed by Columnar Filter":0,"Columnar cache search mode":"native","Shared Hit Blocks":0,"Shared Read Blocks":0,"Shared Dirtied Blocks":0,"Shared Written Blocks":0,"Local Hit Blocks":0,"Local Read Blocks":0,"Local Dirtied Blocks":0,"Local Written Blocks":0,"Temp Read Blocks":0,"Temp Written Blocks":0,"I/O Read Time":0.0,"I/O Write Time":0.0,"Temp I/O Read Time":0.0,"Temp I/O Write Time":0.0},{"Node Type":"Seq Scan","Parent Relationship":"Member","Parallel Aware":false,"Async Capable":false,"Relation Name":"stock","Schema":"public","Alias":"stock","Startup Cost":0.0,"Total Cost":6.12,"Plan Rows":212,"Plan Width":6,"Actual Startup Time":0.0,"Actual Total Time":0.0,"Actual Rows":0,"Actual Loops":0,"Output":["stock.s_w_id","stock.s_i_id"],"Shared Hit Blocks":0,"Shared Read Blocks":0,"Shared Dirtied Blocks":0,"Shared Written Blocks":0,"Local Hit Blocks":0,"Local Read Blocks":0,"Local Dirtied Blocks":0,"Local Written Blocks":0,"Temp Read Blocks":0,"Temp Written Blocks":0,"I/O Read Time":0.0,"I/O Write Time":0.0,"Temp I/O Read Time":0.0,"Temp I/O Write Time":0.0}]}]}]},{"Node Type":"Hash","Parent Relationship":"Inner","Parallel Aware":false,"Async Capable":false,"Startup Cost":219.01,"Total Cost":219.01,"Plan Rows":10001,"Plan Width":8,"Actual Startup Time":3.038,"Actual Total Time":3.04,"Actual Rows":10000,"Actual Loops":1,"Output":["supplier.su_nationkey","supplier.su_suppkey"],"Hash Buckets":16384,"Original Hash Buckets":16384,"Hash Batches":1,"Original Hash Batches":1,"Peak Memory Usage":519,"Shared Hit Blocks":0,"Shared Read Blocks":0,"Shared Dirtied Blocks":0,"Shared Written Blocks":0,"Local Hit Blocks":0,"Local Read Blocks":0,"Local Dirtied Blocks":0,"Local Written Blocks":0,"Temp Read Blocks":0,"Temp Written Blocks":0,"I/O Read Time":0.0,"I/O Write Time":0.0,"Temp I/O Read Time":0.0,"Temp I/O Write Time":0.0,"Plans":[{"Node Type":"Append","Parent Relationship":"Outer","Parallel Aware":false,"Async Capable":false,"Startup Cost":20.0,"Total Cost":219.01,"Plan Rows":10001,"Plan Width":8,"Actual Startup Time":0.012,"Actual Total Time":1.827,"Actual Rows":10000,"Actual Loops":1,"Shared Hit Blocks":0,"Shared Read Blocks":0,"Shared Dirtied Blocks":0,"Shared Written Blocks":0,"Local Hit Blocks":0,"Local Read Blocks":0,"Local Dirtied Blocks":0,"Local Written Blocks":0,"Temp Read Blocks":0,"Temp Written Blocks":0,"I/O Read Time":0.0,"I/O Write Time":0.0,"Temp I/O Read Time":0.0,"Temp I/O Write Time":0.0,"Subplans Removed":0,"Plans":[{"Node Type":"Custom Scan","Parent Relationship":"Member","Custom Plan Provider":"columnar scan","Parallel Aware":false,"Async Capable":false,"Relation Name":"supplier","Schema":"public","Alias":"supplier","Startup Cost":20.0,"Total Cost":215.0,"Plan Rows":10000,"Plan Width":8,"Actual Startup Time":0.011,"Actual Total Time":1.092,"Actual Rows":10000,"Actual Loops":1,"Output":["supplier.su_nationkey","supplier.su_suppkey"],"Rows Removed by Columnar Filter":0,"Columnar cache search mode":"native","Shared Hit Blocks":0,"Shared Read Blocks":0,"Shared Dirtied Blocks":0,"Shared Written Blocks":0,"Local Hit Blocks":0,"Local Read Blocks":0,"Local Dirtied Blocks":0,"Local Written Blocks":0,"Temp Read Blocks":0,"Temp Written Blocks":0,"I/O Read Time":0.0,"I/O Write Time":0.0,"Temp I/O Read Time":0.0,"Temp I/O Write Time":0.0},{"Node Type":"Seq Scan","Parent Relationship":"Member","Parallel Aware":false,"Async Capable":false,"Relation Name":"supplier","Schema":"public","Alias":"supplier","Startup Cost":0.0,"Total Cost":4.01,"Plan Rows":1,"Plan Width":8,"Actual Startup Time":0.0,"Actual Total Time":0.0,"Actual Rows":0,"Actual Loops":0,"Output":["supplier.su_nationkey","supplier.su_suppkey"],"Shared Hit Blocks":0,"Shared Read Blocks":0,"Shared Dirtied Blocks":0,"Shared Written Blocks":0,"Local Hit Blocks":0,"Local Read Blocks":0,"Local Dirtied Blocks":0,"Local Written Blocks":0,"Temp Read Blocks":0,"Temp Written Blocks":0,"I/O Read Time":0.0,"I/O Write Time":0.0,"Temp I/O Read Time":0.0,"Temp I/O Write Time":0.0}]}]}]},{"Node Type":"Hash","Parent Relationship":"Inner","Parallel Aware":false,"Async Capable":false,"Startup Cost":1.93,"Total Cost":1.93,"Plan Rows":2,"Plan Width":12,"Actual Startup Time":0.023,"Actual Total Time":0.025,"Actual Rows":2,"Actual Loops":1,"Output":["n1.n_nationkey","n1.n_name"],"Hash Buckets":1024,"Original Hash Buckets":1024,"Hash Batches":1,"Original Hash Batches":1,"Peak Memory Usage":9,"Shared Hit Blocks":1,"Shared Read Blocks":0,"Shared Dirtied Blocks":0,"Shared Written Blocks":0,"Local Hit Blocks":0,"Local Read Blocks":0,"Local Dirtied Blocks":0,"Local Written Blocks":0,"Temp Read Blocks":0,"Temp Written Blocks":0,"I/O Read Time":0.0,"I/O Write Time":0.0,"Temp I/O Read Time":0.0,"Temp I/O Write Time":0.0,"Plans":[{"Node Type":"Seq Scan","Parent Relationship":"Outer","Parallel Aware":false,"Async Capable":false,"Relation Name":"nation","Schema":"public","Alias":"n1","Startup Cost":0.0,"Total Cost":1.93,"Plan Rows":2,"Plan Width":12,"Actual Startup Time":0.014,"Actual Total Time":0.019,"Actual Rows":2,"Actual Loops":1,"Output":["n1.n_nationkey","n1.n_name"],"Filter":"(((n1.n_name)::text = 'Germany'::text) OR ((n1.n_name)::text = 'Cambodia'::text))","Rows Removed by Filter":60,"Shared Hit Blocks":1,"Shared Read Blocks":0,"Shared Dirtied Blocks":0,"Shared Written Blocks":0,"Local Hit Blocks":0,"Local Read Blocks":0,"Local Dirtied Blocks":0,"Local Written Blocks":0,"Temp Read Blocks":0,"Temp Written Blocks":0,"I/O Read Time":0.0,"I/O Write Time":0.0,"Temp I/O Read Time":0.0,"Temp I/O Write Time":0.0}]}]},{"Node Type":"Hash","Parent Relationship":"Inner","Parallel Aware":false,"Async Capable":false,"Startup Cost":119121.6,"Total Cost":119121.6,"Plan Rows":5996324,"Plan Width":24,"Actual Startup Time":1820.168,"Actual Total Time":1820.169,"Actual Rows":5995789,"Actual Loops":1,"Output":["orders.o_entry_d","orders.o_w_id","orders.o_d_id","orders.o_id","orders.o_c_id"],"Hash Buckets":131072,"Original Hash Buckets":131072,"Hash Batches":64,"Original Hash Batches":64,"Peak Memory Usage":6496,"Shared Hit Blocks":44122,"Shared Read Blocks":0,"Shared Dirtied Blocks":0,"Shared Written Blocks":0,"Local Hit Blocks":0,"Local Read Blocks":0,"Local Dirtied Blocks":0,"Local Written Blocks":0,"Temp Read Blocks":0,"Temp Written Blocks":34552,"I/O Read Time":0.0,"I/O Write Time":0.0,"Temp I/O Read Time":0.0,"Temp I/O Write Time":154.429,"Plans":[{"Node Type":"Seq Scan","Parent Relationship":"Outer","Parallel Aware":false,"Async Capable":false,"Relation Name":"orders","Schema":"public","Alias":"orders","Startup Cost":0.0,"Total Cost":119121.6,"Plan Rows":5996324,"Plan Width":24,"Actual Startup Time":0.021,"Actual Total Time":731.394,"Actual Rows":5995789,"Actual Loops":1,"Output":["orders.o_entry_d","orders.o_w_id","orders.o_d_id","orders.o_id","orders.o_c_id"],"Filter":"(orders.o_entry_d >= '1992-01-02 20:10:02.27764'::timestamp without time zone)","Rows Removed by Filter":4211,"Shared Hit Blocks":44122,"Shared Read Blocks":0,"Shared Dirtied Blocks":0,"Shared Written Blocks":0,"Local Hit Blocks":0,"Local Read Blocks":0,"Local Dirtied Blocks":0,"Local Written Blocks":0,"Temp Read Blocks":0,"Temp Written Blocks":0,"I/O Read Time":0.0,"I/O Write Time":0.0,"Temp I/O Read Time":0.0,"Temp I/O Write Time":0.0}]}]}]},{"Node Type":"Materialize","Parent Relationship":"Inner","Parallel Aware":false,"Async Capable":false,"Startup Cost":557789.1,"Total Cost":558756.87,"Plan Rows":193553,"Plan Width":20,"Actual Startup Time":2246.635,"Actual Total Time":2319.384,"Actual Rows":293066,"Actual Loops":1,"Output":["customer.c_nationkey","customer.c_id","customer.c_w_id","customer.c_d_id","n2.n_name"],"Shared Hit Blocks":459991,"Shared Read Blocks":0,"Shared Dirtied Blocks":0,"Shared Written Blocks":0,"Local Hit Blocks":0,"Local Read Blocks":0,"Local Dirtied Blocks":0,"Local Written Blocks":0,"Temp Read Blocks":1090,"Temp Written Blocks":1096,"I/O Read Time":0.0,"I/O Write Time":0.0,"Temp I/O Read Time":1.62,"Temp I/O Write Time":4.456,"Plans":[{"Node Type":"Sort","Parent Relationship":"Outer","Parallel Aware":false,"Async Capable":false,"Startup Cost":557789.1,"Total Cost":558272.98,"Plan Rows":193553,"Plan Width":20,"Actual Startup Time":2246.624,"Actual Total Time":2287.003,"Actual Rows":289967,"Actual Loops":1,"Output":["customer.c_nationkey","customer.c_id","customer.c_w_id","customer.c_d_id","n2.n_name"],"Sort Key":["customer.c_id","customer.c_w_id","customer.c_d_id"],"Sort Method":"external merge","Sort Space Used":8720,"Sort Space Type":"Disk","Shared Hit Blocks":459991,"Shared Read Blocks":0,"Shared Dirtied Blocks":0,"Shared Written Blocks":0,"Local Hit Blocks":0,"Local Read Blocks":0,"Local Dirtied Blocks":0,"Local Written Blocks":0,"Temp Read Blocks":1090,"Temp Written Blocks":1096,"I/O Read Time":0.0,"I/O Write Time":0.0,"Temp I/O Read Time":1.62,"Temp I/O Write Time":4.456,"Plans":[{"Node Type":"Hash Join","Parent Relationship":"Outer","Parallel Aware":false,"Async Capable":false,"Join Type":"Inner","Startup Cost":1.95,"Total Cost":536820.36,"Plan Rows":193553,"Plan Width":20,"Actual Startup Time":0.088,"Actual Total Time":2137.722,"Actual Rows":289972,"Actual Loops":1,"Output":["customer.c_nationkey","customer.c_id","customer.c_w_id","customer.c_d_id","n2.n_name"],"Hash Cond":"(customer.c_nationkey = n2.n_nationkey)","Shared Hit Blocks":459991,"Shared Read Blocks":0,"Shared Dirtied Blocks":0,"Shared Written Blocks":0,"Local Hit Blocks":0,"Local Read Blocks":0,"Local Dirtied Blocks":0,"Local Written Blocks":0,"Temp Read Blocks":0,"Temp Written Blocks":0,"I/O Read Time":0.0,"I/O Write Time":0.0,"Temp I/O Read Time":0.0,"Temp I/O Write Time":0.0,"Plans":[{"Node Type":"Seq Scan","Parent Relationship":"Outer","Parallel Aware":false,"Async Capable":false,"Relation Name":"customer","Schema":"public","Alias":"customer","Startup Cost":0.0,"Total Cost":519991.4,"Plan Rows":6000140,"Plan Width":12,"Actual Startup Time":0.026,"Actual Total Time":708.818,"Actual Rows":6000000,"Actual Loops":1,"Output":["customer.c_id","customer.c_d_id","customer.c_w_id","customer.c_nationkey","customer.c_first","customer.c_middle","customer.c_last","customer.c_street_1","customer.c_street_2","customer.c_city","customer.c_state","customer.c_zip","customer.c_phone","customer.c_since","customer.c_credit","customer.c_credit_lim","customer.c_discount","customer.c_balance","customer.c_ytd_payment","customer.c_payment_cnt","customer.c_delivery_cnt","customer.c_data"],"Shared Hit Blocks":459990,"Shared Read Blocks":0,"Shared Dirtied Blocks":0,"Shared Written Blocks":0,"Local Hit Blocks":0,"Local Read Blocks":0,"Local Dirtied Blocks":0,"Local Written Blocks":0,"Temp Read Blocks":0,"Temp Written Blocks":0,"I/O Read Time":0.0,"I/O Write Time":0.0,"Temp I/O Read Time":0.0,"Temp I/O Write Time":0.0},{"Node Type":"Hash","Parent Relationship":"Inner","Parallel Aware":false,"Async Capable":false,"Startup Cost":1.93,"Total Cost":1.93,"Plan Rows":2,"Plan Width":12,"Actual Startup Time":0.026,"Actual Total Time":0.027,"Actual Rows":2,"Actual Loops":1,"Output":["n2.n_nationkey","n2.n_name"],"Hash Buckets":1024,"Original Hash Buckets":1024,"Hash Batches":1,"Original Hash Batches":1,"Peak Memory Usage":9,"Shared Hit Blocks":1,"Shared Read Blocks":0,"Shared Dirtied Blocks":0,"Shared Written Blocks":0,"Local Hit Blocks":0,"Local Read Blocks":0,"Local Dirtied Blocks":0,"Local Written Blocks":0,"Temp Read Blocks":0,"Temp Written Blocks":0,"I/O Read Time":0.0,"I/O Write Time":0.0,"Temp I/O Read Time":0.0,"Temp I/O Write Time":0.0,"Plans":[{"Node Type":"Seq Scan","Parent Relationship":"Outer","Parallel Aware":false,"Async Capable":false,"Relation Name":"nation","Schema":"public","Alias":"n2","Startup Cost":0.0,"Total Cost":1.93,"Plan Rows":2,"Plan Width":12,"Actual Startup Time":0.017,"Actual Total Time":0.022,"Actual Rows":2,"Actual Loops":1,"Output":["n2.n_nationkey","n2.n_name"],"Filter":"(((n2.n_name)::text = 'Cambodia'::text) OR ((n2.n_name)::text = 'Germany'::text))","Rows Removed by Filter":60,"Shared Hit Blocks":1,"Shared Read Blocks":0,"Shared Dirtied Blocks":0,"Shared Written Blocks":0,"Local Hit Blocks":0,"Local Read Blocks":0,"Local Dirtied Blocks":0,"Local Written Blocks":0,"Temp Read Blocks":0,"Temp Written Blocks":0,"I/O Read Time":0.0,"I/O Write Time":0.0,"Temp I/O Read Time":0.0,"Temp I/O Write Time":0.0}]}]}]}]}]}]}]},"Planning":{"Shared Hit Blocks":152,"Shared Read Blocks":0,"Shared Dirtied Blocks":0,"Shared Written Blocks":0,"Local Hit Blocks":0,"Local Read Blocks":0,"Local Dirtied Blocks":0,"Local Written Blocks":0,"Temp Read Blocks":0,"Temp Written Blocks":0,"I/O Read Time":0.0,"I/O Write Time":0.0,"Temp I/O Read Time":0.0,"Temp I/O Write Time":0.0},"Planning Time":3.878,"Triggers":[],"Execution Time":15181.962}]
[列存组合]: customer, nation, order_line, orders, stock, supplier
[{"Plan":{"Node Type":"Aggregate","Strategy":"Sorted","Partial Mode":"Simple","Parallel Aware":false,"Async Capable":false,"Startup Cost":1054294.84,"Total Cost":1054549.65,"Plan Rows":9266,"Plan Width":72,"Actual Startup Time":4026.225,"Actual Total Time":4030.181,"Actual Rows":6,"Actual Loops":1,"Output":["supplier.su_nationkey","customer.c_nationkey","(EXTRACT(year FROM orders.o_entry_d))","sum(order_line.ol_amount)"],"Group Key":["supplier.su_nationkey","customer.c_nationkey","(EXTRACT(year FROM orders.o_entry_d))"],"Shared Hit Blocks":1,"Shared Read Blocks":0,"Shared Dirtied Blocks":0,"Shared Written Blocks":0,"Local Hit Blocks":0,"Local Read Blocks":0,"Local Dirtied Blocks":0,"Local Written Blocks":0,"Temp Read Blocks":0,"Temp Written Blocks":0,"I/O Read Time":0.0,"I/O Write Time":0.0,"Temp I/O Read Time":0.0,"Temp I/O Write Time":0.0,"Plans":[{"Node Type":"Sort","Parent Relationship":"Outer","Parallel Aware":false,"Async Capable":false,"Startup Cost":1054294.84,"Total Cost":1054318.0,"Plan Rows":9266,"Plan Width":44,"Actual Startup Time":4026.06,"Actual Total Time":4026.879,"Actual Rows":12121,"Actual Loops":1,"Output":["supplier.su_nationkey","customer.c_nationkey","(EXTRACT(year FROM orders.o_entry_d))","order_line.ol_amount"],"Sort Key":["supplier.su_nationkey","customer.c_nationkey","(EXTRACT(year FROM orders.o_entry_d))"],"Sort Method":"quicksort","Sort Space Used":1047,"Sort Space Type":"Memory","Shared Hit Blocks":1,"Shared Read Blocks":0,"Shared Dirtied Blocks":0,"Shared Written Blocks":0,"Local Hit Blocks":0,"Local Read Blocks":0,"Local Dirtied Blocks":0,"Local Written Blocks":0,"Temp Read Blocks":0,"Temp Written Blocks":0,"I/O Read Time":0.0,"I/O Write Time":0.0,"Temp I/O Read Time":0.0,"Temp I/O Write Time":0.0,"Plans":[{"Node Type":"Hash Join","Parent Relationship":"Outer","Parallel Aware":false,"Async Capable":false,"Join Type":"Inner","Startup Cost":100023.68,"Total Cost":1053684.31,"Plan Rows":9266,"Plan Width":44,"Actual Startup Time":2318.722,"Actual Total Time":4021.228,"Actual Rows":12121,"Actual Loops":1,"Output":["supplier.su_nationkey","customer.c_nationkey","EXTRACT(year FROM orders.o_entry_d)","order_line.ol_amount"],"Hash Cond":"(supplier.su_nationkey = n1.n_nationkey)","Join Filter":"((((n1.n_name)::text = 'Germany'::text) AND ((n2.n_name)::text = 'Cambodia'::text)) OR (((n1.n_name)::text = 'Cambodia'::text) AND ((n2.n_name)::text = 'Germany'::text)))","Rows Removed by Join Filter":11453,"Shared Hit Blocks":1,"Shared Read Blocks":0,"Shared Dirtied Blocks":0,"Shared Written Blocks":0,"Local Hit Blocks":0,"Local Read Blocks":0,"Local Dirtied Blocks":0,"Local Written Blocks":0,"Temp Read Blocks":0,"Temp Written Blocks":0,"I/O Read Time":0.0,"I/O Write Time":0.0,"Temp I/O Read Time":0.0,"Temp I/O Write Time":0.0,"Plans":[{"Node Type":"Hash Join","Parent Relationship":"Outer","Parallel Aware":false,"Async Capable":false,"Join Type":"Inner","Startup Cost":100021.72,"Total Cost":1052175.01,"Plan Rows":565362,"Plan Width":28,"Actual Startup Time":2318.149,"Actual Total Time":3935.245,"Actual Rows":829909,"Actual Loops":1,"Output":["supplier.su_nationkey","order_line.ol_amount","orders.o_entry_d","customer.c_nationkey","n2.n_name"],"Hash Cond":"(mod((stock.s_w_id * stock.s_i_id), 10000) = supplier.su_suppkey)","Shared Hit Blocks":0,"Shared Read Blocks":0,"Shared Dirtied Blocks":0,"Shared Written Blocks":0,"Local Hit Blocks":0,"Local Read Blocks":0,"Local Dirtied Blocks":0,"Local Written Blocks":0,"Temp Read Blocks":0,"Temp Written Blocks":0,"I/O Read Time":0.0,"I/O Write Time":0.0,"Temp I/O Read Time":0.0,"Temp I/O Write Time":0.0,"Plans":[{"Node Type":"Hash Join","Parent Relationship":"Outer","Parallel Aware":false,"Async Capable":false,"Join Type":"Inner","Startup Cost":99677.7,"Total Cost":1050204.81,"Plan Rows":565362,"Plan Width":30,"Actual Startup Time":2315.03,"Actual Total Time":3705.131,"Actual Rows":829909,"Actual Loops":1,"Output":["stock.s_w_id","stock.s_i_id","order_line.ol_amount","orders.o_entry_d","customer.c_nationkey","n2.n_name"],"Hash Cond":"((order_line.ol_supply_w_id = stock.s_w_id) AND (order_line.ol_i_id = stock.s_i_id))","Rows Removed by Bloom Filter":0,"Shared Hit Blocks":0,"Shared Read Blocks":0,"Shared Dirtied Blocks":0,"Shared Written Blocks":0,"Local Hit Blocks":0,"Local Read Blocks":0,"Local Dirtied Blocks":0,"Local Written Blocks":0,"Temp Read Blocks":0,"Temp Written Blocks":0,"I/O Read Time":0.0,"I/O Write Time":0.0,"Temp I/O Read Time":0.0,"Temp I/O Write Time":0.0,"Plans":[{"Node Type":"Hash Join","Parent Relationship":"Outer","Parallel Aware":false,"Async Capable":false,"Join Type":"Inner","Startup Cost":41077.11,"Total Cost":734447.95,"Plan Rows":565362,"Plan Width":30,"Actual Startup Time":30.325,"Actual Total Time":30.364,"Actual Rows":0,"Actual Loops":1,"Output":["order_line.ol_amount","order_line.ol_supply_w_id","order_line.ol_i_id","orders.o_entry_d","customer.c_nationkey","n2.n_name"],"Hash Cond":"(customer.c_nationkey = n2.n_nationkey)","Rows Removed by Bloom Filter":0,"Shared Hit Blocks":0,"Shared Read Blocks":0,"Shared Dirtied Blocks":0,"Shared Written Blocks":0,"Local Hit Blocks":0,"Local Read Blocks":0,"Local Dirtied Blocks":0,"Local Written Blocks":0,"Temp Read Blocks":0,"Temp Written Blocks":0,"I/O Read Time":0.0,"I/O Write Time":0.0,"Temp I/O Read Time":0.0,"Temp I/O Write Time":0.0,"Plans":[{"Node Type":"Hash Join","Parent Relationship":"Outer","Parallel Aware":false,"Async Capable":false,"Join Type":"Inner","Startup Cost":41053.07,"Total Cost":801058.04,"Plan Rows":17526218,"Plan Width":22,"Actual Startup Time":30.295,"Actual Total Time":30.326,"Actual Rows":0,"Actual Loops":1,"Output":["order_line.ol_amount","order_line.ol_supply_w_id","order_line.ol_i_id","orders.o_entry_d","customer.c_nationkey"],"Hash Cond":"((order_line.ol_w_id = customer.c_w_id) AND (order_line.ol_d_id = customer.c_d_id) AND (orders.o_c_id = customer.c_id))","Rows Removed by Bloom Filter":0,"Shared Hit Blocks":0,"Shared Read Blocks":0,"Shared Dirtied Blocks":0,"Shared Written Blocks":0,"Local Hit Blocks":0,"Local Read Blocks":0,"Local Dirtied Blocks":0,"Local Written Blocks":0,"Temp Read Blocks":0,"Temp Written Blocks":0,"I/O Read Time":0.0,"I/O Write Time":0.0,"Temp I/O Read Time":0.0,"Temp I/O Write Time":0.0,"Plans":[{"Node Type":"Hash Join","Parent Relationship":"Outer","Parallel Aware":false,"Async Capable":false,"Join Type":"Inner","Startup Cost":20539.32,"Total Cost":586018.71,"Plan Rows":17526218,"Plan Width":30,"Actual Startup Time":30.004,"Actual Total Time":30.025,"Actual Rows":0,"Actual Loops":1,"Output":["order_line.ol_amount","order_line.ol_supply_w_id","order_line.ol_i_id","order_line.ol_w_id","order_line.ol_d_id","orders.o_entry_d","orders.o_w_id","orders.o_d_id","orders.o_c_id"],"Hash Cond":"((order_line.ol_w_id = orders.o_w_id) AND (order_line.ol_d_id = orders.o_d_id) AND (order_line.ol_o_id = orders.o_id))","Rows Removed by Bloom Filter":0,"Shared Hit Blocks":0,"Shared Read Blocks":0,"Shared Dirtied Blocks":0,"Shared Written Blocks":0,"Local Hit Blocks":0,"Local Read Blocks":0,"Local Dirtied Blocks":0,"Local Written Blocks":0,"Temp Read Blocks":0,"Temp Written Blocks":0,"I/O Read Time":0.0,"I/O Write Time":0.0,"Temp I/O Read Time":0.0,"Temp I/O Write Time":0.0,"Plans":[{"Node Type":"Append","Parent Relationship":"Outer","Parallel Aware":false,"Async Capable":false,"Startup Cost":20.0,"Total Cost":482290.51,"Plan Rows":17536869,"Plan Width":22,"Actual Startup Time":26.77,"Actual Total Time":26.777,"Actual Rows":17139931,"Actual Loops":1,"Shared Hit Blocks":0,"Shared Read Blocks":0,"Shared Dirtied Blocks":0,"Shared Written Blocks":0,"Local Hit Blocks":0,"Local Read Blocks":0,"Local Dirtied Blocks":0,"Local Written Blocks":0,"Temp Read Blocks":0,"Temp Written Blocks":0,"I/O Read Time":0.0,"I/O Write Time":0.0,"Temp I/O Read Time":0.0,"Temp I/O Write Time":0.0,"Subplans Removed":0,"Plans":[{"Node Type":"Custom Scan","Parent Relationship":"Member","Custom Plan Provider":"columnar scan","Parallel Aware":false,"Async Capable":false,"Relation Name":"order_line","Schema":"public","Alias":"order_line","Startup Cost":20.0,"Total Cost":482285.56,"Plan Rows":17536851,"Plan Width":22,"Actual Startup Time":26.768,"Actual Total Time":26.77,"Actual Rows":17139931,"Actual Loops":1,"Output":["order_line.ol_amount","order_line.ol_supply_w_id","order_line.ol_i_id","order_line.ol_w_id","order_line.ol_d_id","order_line.ol_o_id"],"Filter":"((order_line.ol_delivery_d <= '1997-01-01 20:10:02.27764'::timestamp without time zone) AND (order_line.ol_delivery_d >= '1995-01-02 20:10:02.27764'::timestamp without time zone))","Rows Removed by Filter":0,"Rows Removed by Columnar Filter":42853830,"Columnar cache search mode":"native","Shared Hit Blocks":0,"Shared Read Blocks":0,"Shared Dirtied Blocks":0,"Shared Written Blocks":0,"Local Hit Blocks":0,"Local Read Blocks":0,"Local Dirtied Blocks":0,"Local Written Blocks":0,"Temp Read Blocks":0,"Temp Written Blocks":0,"I/O Read Time":0.0,"I/O Write Time":0.0,"Temp I/O Read Time":0.0,"Temp I/O Write Time":0.0},{"Node Type":"Seq Scan","Parent Relationship":"Member","Parallel Aware":false,"Async Capable":false,"Relation Name":"order_line","Schema":"public","Alias":"order_line","Startup Cost":0.0,"Total Cost":4.95,"Plan Rows":18,"Plan Width":22,"Actual Startup Time":0.0,"Actual Total Time":0.0,"Actual Rows":0,"Actual Loops":0,"Output":["order_line.ol_amount","order_line.ol_supply_w_id","order_line.ol_i_id","order_line.ol_w_id","order_line.ol_d_id","order_line.ol_o_id"],"Filter":"((order_line.ol_delivery_d <= '1997-01-01 20:10:02.27764'::timestamp without time zone) AND (order_line.ol_delivery_d >= '1995-01-02 20:10:02.27764'::timestamp without time zone))","Rows Removed by Filter":0,"Shared Hit Blocks":0,"Shared Read Blocks":0,"Shared Dirtied Blocks":0,"Shared Written Blocks":0,"Local Hit Blocks":0,"Local Read Blocks":0,"Local Dirtied Blocks":0,"Local Written Blocks":0,"Temp Read Blocks":0,"Temp Written Blocks":0,"I/O Read Time":0.0,"I/O Write Time":0.0,"Temp I/O Read Time":0.0,"Temp I/O Write Time":0.0}]},{"Node Type":"Hash","Parent Relationship":"Inner","Parallel Aware":false,"Async Capable":false,"Startup Cost":152930.34,"Total Cost":152930.34,"Plan Rows":5996325,"Plan Width":24,"Actual Rows":5995789,"Actual Loops":1,"Output":["orders.o_entry_d","orders.o_w_id","orders.o_d_id","orders.o_id","orders.o_c_id"],"Shared Hit Blocks":0,"Shared Read Blocks":0,"Shared Dirtied Blocks":0,"Shared Written Blocks":0,"Local Hit Blocks":0,"Local Read Blocks":0,"Local Dirtied Blocks":0,"Local Written Blocks":0,"Temp Read Blocks":0,"Temp Written Blocks":0,"I/O Read Time":0.0,"I/O Write Time":0.0,"Temp I/O Read Time":0.0,"Temp I/O Write Time":0.0,"Plans":[{"Node Type":"Append","Parent Relationship":"Outer","Parallel Aware":false,"Async Capable":false,"Startup Cost":20.0,"Total Cost":152930.34,"Plan Rows":5996325,"Plan Width":24,"Actual Startup Time":3.103,"Actual Total Time":3.108,"Actual Rows":5995789,"Actual Loops":1,"Shared Hit Blocks":0,"Shared Read Blocks":0,"Shared Dirtied Blocks":0,"Shared Written Blocks":0,"Local Hit Blocks":0,"Local Read Blocks":0,"Local Dirtied Blocks":0,"Local Written Blocks":0,"Temp Read Blocks":0,"Temp Written Blocks":0,"I/O Read Time":0.0,"I/O Write Time":0.0,"Temp I/O Read Time":0.0,"Temp I/O Write Time":0.0,"Subplans Removed":0,"Plans":[{"Node Type":"Custom Scan","Parent Relationship":"Member","Custom Plan Provider":"columnar scan","Parallel Aware":false,"Async Capable":false,"Relation Name":"orders","Schema":"public","Alias":"orders","Startup Cost":20.0,"Total Cost":152926.32,"Plan Rows":5996324,"Plan Width":24,"Actual Startup Time":3.103,"Actual Total Time":3.104,"Actual Rows":5995789,"Actual Loops":1,"Output":["orders.o_entry_d","orders.o_w_id","orders.o_d_id","orders.o_id","orders.o_c_id"],"Filter":"(orders.o_entry_d >= '1992-01-02 20:10:02.27764'::timestamp without time zone)","Rows Removed by Filter":0,"Rows Removed by Columnar Filter":4211,"Columnar cache search mode":"native","Shared Hit Blocks":0,"Shared Read Blocks":0,"Shared Dirtied Blocks":0,"Shared Written Blocks":0,"Local Hit Blocks":0,"Local Read Blocks":0,"Local Dirtied Blocks":0,"Local Written Blocks":0,"Temp Read Blocks":0,"Temp Written Blocks":0,"I/O Read Time":0.0,"I/O Write Time":0.0,"Temp I/O Read Time":0.0,"Temp I/O Write Time":0.0},{"Node Type":"Seq Scan","Parent Relationship":"Member","Parallel Aware":false,"Async Capable":false,"Relation Name":"orders","Schema":"public","Alias":"orders","Startup Cost":0.0,"Total Cost":4.01,"Plan Rows":1,"Plan Width":24,"Actual Startup Time":0.0,"Actual Total Time":0.0,"Actual Rows":0,"Actual Loops":0,"Output":["orders.o_entry_d","orders.o_w_id","orders.o_d_id","orders.o_id","orders.o_c_id"],"Filter":"(orders.o_entry_d >= '1992-01-02 20:10:02.27764'::timestamp without time zone)","Rows Removed by Filter":0,"Shared Hit Blocks":0,"Shared Read Blocks":0,"Shared Dirtied Blocks":0,"Shared Written Blocks":0,"Local Hit Blocks":0,"Local Read Blocks":0,"Local Dirtied Blocks":0,"Local Written Blocks":0,"Temp Read Blocks":0,"Temp Written Blocks":0,"I/O Read Time":0.0,"I/O Write Time":0.0,"Temp I/O Read Time":0.0,"Temp I/O Write Time":0.0}]}]}]},{"Node Type":"Hash","Parent Relationship":"Inner","Parallel Aware":false,"Async Capable":false,"Startup Cost":141025.46,"Total Cost":141025.46,"Plan Rows":6000140,"Plan Width":12,"Actual Rows":6000000,"Actual Loops":1,"Output":["customer.c_nationkey","customer.c_id","customer.c_w_id","customer.c_d_id"],"Shared Hit Blocks":0,"Shared Read Blocks":0,"Shared Dirtied Blocks":0,"Shared Written Blocks":0,"Local Hit Blocks":0,"Local Read Blocks":0,"Local Dirtied Blocks":0,"Local Written Blocks":0,"Temp Read Blocks":0,"Temp Written Blocks":0,"I/O Read Time":0.0,"I/O Write Time":0.0,"Temp I/O Read Time":0.0,"Temp I/O Write Time":0.0,"Plans":[{"Node Type":"Append","Parent Relationship":"Outer","Parallel Aware":false,"Async Capable":false,"Startup Cost":20.0,"Total Cost":141025.46,"Plan Rows":6000140,"Plan Width":12,"Actual Startup Time":0.216,"Actual Total Time":0.221,"Actual Rows":6000000,"Actual Loops":1,"Shared Hit Blocks":0,"Shared Read Blocks":0,"Shared Dirtied Blocks":0,"Shared Written Blocks":0,"Local Hit Blocks":0,"Local Read Blocks":0,"Local Dirtied Blocks":0,"Local Written Blocks":0,"Temp Read Blocks":0,"Temp Written Blocks":0,"I/O Read Time":0.0,"I/O Write Time":0.0,"Temp I/O Read Time":0.0,"Temp I/O Write Time":0.0,"Subplans Removed":0,"Plans":[{"Node Type":"Custom Scan","Parent Relationship":"Member","Custom Plan Provider":"columnar scan","Parallel Aware":false,"Async Capable":false,"Relation Name":"customer","Schema":"public","Alias":"customer","Startup Cost":20.0,"Total Cost":141020.06,"Plan Rows":6000000,"Plan Width":12,"Actual Startup Time":0.215,"Actual Total Time":0.216,"Actual Rows":6000000,"Actual Loops":1,"Output":["customer.c_nationkey","customer.c_id","customer.c_w_id","customer.c_d_id"],"Rows Removed by Columnar Filter":0,"Columnar cache search mode":"native","Shared Hit Blocks":0,"Shared Read Blocks":0,"Shared Dirtied Blocks":0,"Shared Written Blocks":0,"Local Hit Blocks":0,"Local Read Blocks":0,"Local Dirtied Blocks":0,"Local Written Blocks":0,"Temp Read Blocks":0,"Temp Written Blocks":0,"I/O Read Time":0.0,"I/O Write Time":0.0,"Temp I/O Read Time":0.0,"Temp I/O Write Time":0.0},{"Node Type":"Seq Scan","Parent Relationship":"Member","Parallel Aware":false,"Async Capable":false,"Relation Name":"customer","Schema":"public","Alias":"customer","Startup Cost":0.0,"Total Cost":5.4,"Plan Rows":140,"Plan Width":12,"Actual Startup Time":0.0,"Actual Total Time":0.0,"Actual Rows":0,"Actual Loops":0,"Output":["customer.c_nationkey","customer.c_id","customer.c_w_id","customer.c_d_id"],"Shared Hit Blocks":0,"Shared Read Blocks":0,"Shared Dirtied Blocks":0,"Shared Written Blocks":0,"Local Hit Blocks":0,"Local Read Blocks":0,"Local Dirtied Blocks":0,"Local Written Blocks":0,"Temp Read Blocks":0,"Temp Written Blocks":0,"I/O Read Time":0.0,"I/O Write Time":0.0,"Temp I/O Read Time":0.0,"Temp I/O Write Time":0.0}]}]}]},{"Node Type":"Hash","Parent Relationship":"Inner","Parallel Aware":false,"Async Capable":false,"Startup Cost":24.07,"Total Cost":24.07,"Plan Rows":3,"Plan Width":12,"Actual Rows":2,"Actual Loops":1,"Output":["n2.n_nationkey","n2.n_name"],"Shared Hit Blocks":0,"Shared Read Blocks":0,"Shared Dirtied Blocks":0,"Shared Written Blocks":0,"Local Hit Blocks":0,"Local Read Blocks":0,"Local Dirtied Blocks":0,"Local Written Blocks":0,"Temp Read Blocks":0,"Temp Written Blocks":0,"I/O Read Time":0.0,"I/O Write Time":0.0,"Temp I/O Read Time":0.0,"Temp I/O Write Time":0.0,"Plans":[{"Node Type":"Append","Parent Relationship":"Outer","Parallel Aware":false,"Async Capable":false,"Startup Cost":20.0,"Total Cost":24.07,"Plan Rows":3,"Plan Width":12,"Actual Startup Time":0.022,"Actual Total Time":0.025,"Actual Rows":2,"Actual Loops":1,"Shared Hit Blocks":0,"Shared Read Blocks":0,"Shared Dirtied Blocks":0,"Shared Written Blocks":0,"Local Hit Blocks":0,"Local Read Blocks":0,"Local Dirtied Blocks":0,"Local Written Blocks":0,"Temp Read Blocks":0,"Temp Written Blocks":0,"I/O Read Time":0.0,"I/O Write Time":0.0,"Temp I/O Read Time":0.0,"Temp I/O Write Time":0.0,"Subplans Removed":0,"Plans":[{"Node Type":"Custom Scan","Parent Relationship":"Member","Custom Plan Provider":"columnar scan","Parallel Aware":false,"Async Capable":false,"Relation Name":"nation","Schema":"public","Alias":"n2","Startup Cost":20.0,"Total Cost":20.05,"Plan Rows":2,"Plan Width":12,"Actual Startup Time":0.022,"Actual Total Time":0.022,"Actual Rows":2,"Actual Loops":1,"Output":["n2.n_nationkey","n2.n_name"],"Filter":"(((n2.n_name)::text = 'Cambodia'::text) OR ((n2.n_name)::text = 'Germany'::text))","Rows Removed by Filter":0,"Rows Removed by Columnar Filter":60,"Columnar cache search mode":"native","Shared Hit Blocks":0,"Shared Read Blocks":0,"Shared Dirtied Blocks":0,"Shared Written Blocks":0,"Local Hit Blocks":0,"Local Read Blocks":0,"Local Dirtied Blocks":0,"Local Written Blocks":0,"Temp Read Blocks":0,"Temp Written Blocks":0,"I/O Read Time":0.0,"I/O Write Time":0.0,"Temp I/O Read Time":0.0,"Temp I/O Write Time":0.0},{"Node Type":"Seq Scan","Parent Relationship":"Member","Parallel Aware":false,"Async Capable":false,"Relation Name":"nation","Schema":"public","Alias":"n2","Startup Cost":0.0,"Total Cost":4.01,"Plan Rows":1,"Plan Width":12,"Actual Startup Time":0.0,"Actual Total Time":0.0,"Actual Rows":0,"Actual Loops":0,"Output":["n2.n_nationkey","n2.n_name"],"Filter":"(((n2.n_name)::text = 'Cambodia'::text) OR ((n2.n_name)::text = 'Germany'::text))","Rows Removed by Filter":0,"Shared Hit Blocks":0,"Shared Read Blocks":0,"Shared Dirtied Blocks":0,"Shared Written Blocks":0,"Local Hit Blocks":0,"Local Read Blocks":0,"Local Dirtied Blocks":0,"Local Written Blocks":0,"Temp Read Blocks":0,"Temp Written Blocks":0,"I/O Read Time":0.0,"I/O Write Time":0.0,"Temp I/O Read Time":0.0,"Temp I/O Write Time":0.0}]}]}]},{"Node Type":"Hash","Parent Relationship":"Inner","Parallel Aware":false,"Async Capable":false,"Startup Cost":390026.22,"Total Cost":390026.22,"Plan Rows":20000212,"Plan Width":6,"Actual Rows":20000000,"Actual Loops":1,"Output":["stock.s_w_id","stock.s_i_id"],"Shared Hit Blocks":0,"Shared Read Blocks":0,"Shared Dirtied Blocks":0,"Shared Written Blocks":0,"Local Hit Blocks":0,"Local Read Blocks":0,"Local Dirtied Blocks":0,"Local Written Blocks":0,"Temp Read Blocks":0,"Temp Written Blocks":0,"I/O Read Time":0.0,"I/O Write Time":0.0,"Temp I/O Read Time":0.0,"Temp I/O Write Time":0.0,"Plans":[{"Node Type":"Append","Parent Relationship":"Outer","Parallel Aware":false,"Async Capable":false,"Startup Cost":20.0,"Total Cost":390026.22,"Plan Rows":20000212,"Plan Width":6,"Actual Startup Time":0.385,"Actual Total Time":0.387,"Actual Rows":20000000,"Actual Loops":1,"Shared Hit Blocks":0,"Shared Read Blocks":0,"Shared Dirtied Blocks":0,"Shared Written Blocks":0,"Local Hit Blocks":0,"Local Read Blocks":0,"Local Dirtied Blocks":0,"Local Written Blocks":0,"Temp Read Blocks":0,"Temp Written Blocks":0,"I/O Read Time":0.0,"I/O Write Time":0.0,"Temp I/O Read Time":0.0,"Temp I/O Write Time":0.0,"Subplans Removed":0,"Plans":[{"Node Type":"Custom Scan","Parent Relationship":"Member","Custom Plan Provider":"columnar scan","Parallel Aware":false,"Async Capable":false,"Relation Name":"stock","Schema":"public","Alias":"stock","Startup Cost":20.0,"Total Cost":390020.1,"Plan Rows":20000000,"Plan Width":6,"Actual Startup Time":0.384,"Actual Total Time":0.384,"Actual Rows":20000000,"Actual Loops":1,"Output":["stock.s_w_id","stock.s_i_id"],"Rows Removed by Columnar Filter":0,"Columnar cache search mode":"native","Shared Hit Blocks":0,"Shared Read Blocks":0,"Shared Dirtied Blocks":0,"Shared Written Blocks":0,"Local Hit Blocks":0,"Local Read Blocks":0,"Local Dirtied Blocks":0,"Local Written Blocks":0,"Temp Read Blocks":0,"Temp Written Blocks":0,"I/O Read Time":0.0,"I/O Write Time":0.0,"Temp I/O Read Time":0.0,"Temp I/O Write Time":0.0},{"Node Type":"Seq Scan","Parent Relationship":"Member","Parallel Aware":false,"Async Capable":false,"Relation Name":"stock","Schema":"public","Alias":"stock","Startup Cost":0.0,"Total Cost":6.12,"Plan Rows":212,"Plan Width":6,"Actual Startup Time":0.0,"Actual Total Time":0.0,"Actual Rows":0,"Actual Loops":0,"Output":["stock.s_w_id","stock.s_i_id"],"Shared Hit Blocks":0,"Shared Read Blocks":0,"Shared Dirtied Blocks":0,"Shared Written Blocks":0,"Local Hit Blocks":0,"Local Read Blocks":0,"Local Dirtied Blocks":0,"Local Written Blocks":0,"Temp Read Blocks":0,"Temp Written Blocks":0,"I/O Read Time":0.0,"I/O Write Time":0.0,"Temp I/O Read Time":0.0,"Temp I/O Write Time":0.0}]}]}]},{"Node Type":"Hash","Parent Relationship":"Inner","Parallel Aware":false,"Async Capable":false,"Startup Cost":219.01,"Total Cost":219.01,"Plan Rows":10001,"Plan Width":8,"Actual Startup Time":3.025,"Actual Total Time":3.029,"Actual Rows":10000,"Actual Loops":1,"Output":["supplier.su_nationkey","supplier.su_suppkey"],"Hash Buckets":16384,"Original Hash Buckets":16384,"Hash Batches":1,"Original Hash Batches":1,"Peak Memory Usage":519,"Shared Hit Blocks":0,"Shared Read Blocks":0,"Shared Dirtied Blocks":0,"Shared Written Blocks":0,"Local Hit Blocks":0,"Local Read Blocks":0,"Local Dirtied Blocks":0,"Local Written Blocks":0,"Temp Read Blocks":0,"Temp Written Blocks":0,"I/O Read Time":0.0,"I/O Write Time":0.0,"Temp I/O Read Time":0.0,"Temp I/O Write Time":0.0,"Plans":[{"Node Type":"Append","Parent Relationship":"Outer","Parallel Aware":false,"Async Capable":false,"Startup Cost":20.0,"Total Cost":219.01,"Plan Rows":10001,"Plan Width":8,"Actual Startup Time":0.01,"Actual Total Time":1.824,"Actual Rows":10000,"Actual Loops":1,"Shared Hit Blocks":0,"Shared Read Blocks":0,"Shared Dirtied Blocks":0,"Shared Written Blocks":0,"Local Hit Blocks":0,"Local Read Blocks":0,"Local Dirtied Blocks":0,"Local Written Blocks":0,"Temp Read Blocks":0,"Temp Written Blocks":0,"I/O Read Time":0.0,"I/O Write Time":0.0,"Temp I/O Read Time":0.0,"Temp I/O Write Time":0.0,"Subplans Removed":0,"Plans":[{"Node Type":"Custom Scan","Parent Relationship":"Member","Custom Plan Provider":"columnar scan","Parallel Aware":false,"Async Capable":false,"Relation Name":"supplier","Schema":"public","Alias":"supplier","Startup Cost":20.0,"Total Cost":215.0,"Plan Rows":10000,"Plan Width":8,"Actual Startup Time":0.009,"Actual Total Time":1.108,"Actual Rows":10000,"Actual Loops":1,"Output":["supplier.su_nationkey","supplier.su_suppkey"],"Rows Removed by Columnar Filter":0,"Columnar cache search mode":"native","Shared Hit Blocks":0,"Shared Read Blocks":0,"Shared Dirtied Blocks":0,"Shared Written Blocks":0,"Local Hit Blocks":0,"Local Read Blocks":0,"Local Dirtied Blocks":0,"Local Written Blocks":0,"Temp Read Blocks":0,"Temp Written Blocks":0,"I/O Read Time":0.0,"I/O Write Time":0.0,"Temp I/O Read Time":0.0,"Temp I/O Write Time":0.0},{"Node Type":"Seq Scan","Parent Relationship":"Member","Parallel Aware":false,"Async Capable":false,"Relation Name":"supplier","Schema":"public","Alias":"supplier","Startup Cost":0.0,"Total Cost":4.01,"Plan Rows":1,"Plan Width":8,"Actual Startup Time":0.0,"Actual Total Time":0.0,"Actual Rows":0,"Actual Loops":0,"Output":["supplier.su_nationkey","supplier.su_suppkey"],"Shared Hit Blocks":0,"Shared Read Blocks":0,"Shared Dirtied Blocks":0,"Shared Written Blocks":0,"Local Hit Blocks":0,"Local Read Blocks":0,"Local Dirtied Blocks":0,"Local Written Blocks":0,"Temp Read Blocks":0,"Temp Written Blocks":0,"I/O Read Time":0.0,"I/O Write Time":0.0,"Temp I/O Read Time":0.0,"Temp I/O Write Time":0.0}]}]}]},{"Node Type":"Hash","Parent Relationship":"Inner","Parallel Aware":false,"Async Capable":false,"Startup Cost":1.93,"Total Cost":1.93,"Plan Rows":2,"Plan Width":12,"Actual Startup Time":0.024,"Actual Total Time":0.025,"Actual Rows":2,"Actual Loops":1,"Output":["n1.n_nationkey","n1.n_name"],"Hash Buckets":1024,"Original Hash Buckets":1024,"Hash Batches":1,"Original Hash Batches":1,"Peak Memory Usage":9,"Shared Hit Blocks":1,"Shared Read Blocks":0,"Shared Dirtied Blocks":0,"Shared Written Blocks":0,"Local Hit Blocks":0,"Local Read Blocks":0,"Local Dirtied Blocks":0,"Local Written Blocks":0,"Temp Read Blocks":0,"Temp Written Blocks":0,"I/O Read Time":0.0,"I/O Write Time":0.0,"Temp I/O Read Time":0.0,"Temp I/O Write Time":0.0,"Plans":[{"Node Type":"Seq Scan","Parent Relationship":"Outer","Parallel Aware":false,"Async Capable":false,"Relation Name":"nation","Schema":"public","Alias":"n1","Startup Cost":0.0,"Total Cost":1.93,"Plan Rows":2,"Plan Width":12,"Actual Startup Time":0.014,"Actual Total Time":0.019,"Actual Rows":2,"Actual Loops":1,"Output":["n1.n_nationkey","n1.n_name"],"Filter":"(((n1.n_name)::text = 'Germany'::text) OR ((n1.n_name)::text = 'Cambodia'::text))","Rows Removed by Filter":60,"Shared Hit Blocks":1,"Shared Read Blocks":0,"Shared Dirtied Blocks":0,"Shared Written Blocks":0,"Local Hit Blocks":0,"Local Read Blocks":0,"Local Dirtied Blocks":0,"Local Written Blocks":0,"Temp Read Blocks":0,"Temp Written Blocks":0,"I/O Read Time":0.0,"I/O Write Time":0.0,"Temp I/O Read Time":0.0,"Temp I/O Write Time":0.0}]}]}]}]},"Planning":{"Shared Hit Blocks":152,"Shared Read Blocks":0,"Shared Dirtied Blocks":0,"Shared Written Blocks":0,"Local Hit Blocks":0,"Local Read Blocks":0,"Local Dirtied Blocks":0,"Local Written Blocks":0,"Temp Read Blocks":0,"Temp Written Blocks":0,"I/O Read Time":0.0,"I/O Write Time":0.0,"Temp I/O Read Time":0.0,"Temp I/O Write Time":0.0},"Planning Time":4.532,"Triggers":[],"Execution Time":4031.189}]
