[列存组合]: 无列存
[{"Plan":{"Node Type":"Limit","Parallel Aware":false,"Async Capable":false,"Startup Cost":3285441.16,"Total Cost":3285443.66,"Plan Rows":1000,"Plan Width":89,"Actual Startup Time":25094.709,"Actual Total Time":25094.832,"Actual Rows":1000,"Actual Loops":1,"Output":["customer.c_id","customer.c_last","(sum(order_line.ol_amount))","customer.c_city","customer.c_phone","nation.n_name"],"Shared Hit Blocks":1185935,"Shared Read Blocks":0,"Shared Dirtied Blocks":0,"Shared Written Blocks":0,"Local Hit Blocks":0,"Local Read Blocks":0,"Local Dirtied Blocks":0,"Local Written Blocks":0,"Temp Read Blocks":218391,"Temp Written Blocks":218459,"I/O Read Time":0.0,"I/O Write Time":0.0,"Temp I/O Read Time":319.4,"Temp I/O Write Time":866.66,"Plans":[{"Node Type":"Sort","Parent Relationship":"Outer","Parallel Aware":false,"Async Capable":false,"Startup Cost":3285441.16,"Total Cost":3286744.41,"Plan Rows":521302,"Plan Width":89,"Actual Startup Time":25094.707,"Actual Total Time":25094.756,"Actual Rows":1000,"Actual Loops":1,"Output":["customer.c_id","customer.c_last","(sum(order_line.ol_amount))","customer.c_city","customer.c_phone","nation.n_name"],"Sort Key":["(sum(order_line.ol_amount)) DESC"],"Sort Method":"top-N heapsort","Sort Space Used":189,"Sort Space Type":"Memory","Shared Hit Blocks":1185935,"Shared Read Blocks":0,"Shared Dirtied Blocks":0,"Shared Written Blocks":0,"Local Hit Blocks":0,"Local Read Blocks":0,"Local Dirtied Blocks":0,"Local Written Blocks":0,"Temp Read Blocks":218391,"Temp Written Blocks":218459,"I/O Read Time":0.0,"I/O Write Time":0.0,"Temp I/O Read Time":319.4,"Temp I/O Write Time":866.66,"Plans":[{"Node Type":"Aggregate","Strategy":"Sorted","Partial Mode":"Simple","Parent Relationship":"Outer","Parallel Aware":false,"Async Capable":false,"Startup Cost":3241219.67,"Total Cost":3256858.73,"Plan Rows":521302,"Plan Width":89,"Actual Startup Time":23881.591,"Actual Total Time":25045.281,"Actual Rows":215962,"Actual Loops":1,"Output":["customer.c_id","customer.c_last","sum(order_line.ol_amount)","customer.c_city","customer.c_phone","nation.n_name"],"Group Key":["customer.c_id","customer.c_last","customer.c_city","customer.c_phone","nation.n_name"],"Shared Hit Blocks":1185935,"Shared Read Blocks":0,"Shared Dirtied Blocks":0,"Shared Written Blocks":0,"Local Hit Blocks":0,"Local Read Blocks":0,"Local Dirtied Blocks":0,"Local Written Blocks":0,"Temp Read Blocks":218391,"Temp Written Blocks":218459,"I/O Read Time":0.0,"I/O Write Time":0.0,"Temp I/O Read Time":319.4,"Temp I/O Write Time":866.66,"Plans":[{"Node Type":"Sort","Parent Relationship":"Outer","Parallel Aware":false,"Async Capable":false,"Startup Cost":3241219.67,"Total Cost":3242522.92,"Plan Rows":521302,"Plan Width":61,"Actual Startup Time":23881.565,"Actual Total Time":24462.972,"Actual Rows":2159576,"Actual Loops":1,"Output":["customer.c_id","customer.c_last","customer.c_city","customer.c_phone","nation.n_name","order_line.ol_amount"],"Sort Key":["customer.c_id","customer.c_last","customer.c_city","customer.c_phone","nation.n_name"],"Sort Method":"external merge","Sort Space Used":150424,"Sort Space Type":"Disk","Shared Hit Blocks":1185935,"Shared Read Blocks":0,"Shared Dirtied Blocks":0,"Shared Written Blocks":0,"Local Hit Blocks":0,"Local Read Blocks":0,"Local Dirtied Blocks":0,"Local Written Blocks":0,"Temp Read Blocks":218391,"Temp Written Blocks":218459,"I/O Read Time":0.0,"I/O Write Time":0.0,"Temp I/O Read Time":319.4,"Temp I/O Write Time":866.66,"Plans":[{"Node Type":"Nested Loop","Parent Relationship":"Outer","Parallel Aware":false,"Async Capable":false,"Join Type":"Inner","Startup Cost":828784.59,"Total Cost":3172117.46,"Plan Rows":521302,"Plan Width":61,"Actual Startup Time":4320.96,"Actual Total Time":22319.539,"Actual Rows":2159576,"Actual Loops":1,"Output":["customer.c_id","customer.c_last","customer.c_city","customer.c_phone","nation.n_name","order_line.ol_amount"],"Inner Unique":true,"Shared Hit Blocks":1185932,"Shared Read Blocks":0,"Shared Dirtied Blocks":0,"Shared Written Blocks":0,"Local Hit Blocks":0,"Local Read Blocks":0,"Local Dirtied Blocks":0,"Local Written Blocks":0,"Temp Read Blocks":180790,"Temp Written Blocks":180790,"I/O Read Time":0.0,"I/O Write Time":0.0,"Temp I/O Read Time":264.463,"Temp I/O Write Time":769.323,"Plans":[{"Node Type":"Hash Join","Parent Relationship":"Outer","Parallel Aware":false,"Async Capable":false,"Join Type":"Inner","Startup Cost":828784.44,"Total Cost":3159128.34,"Plan Rows":521302,"Plan Width":57,"Actual Startup Time":4320.92,"Actual Total Time":21621.081,"Actual Rows":2159576,"Actual Loops":1,"Output":["customer.c_id","customer.c_last","customer.c_city","customer.c_phone","customer.c_nationkey","order_line.ol_amount"],"Inner Unique":true,"Hash Cond":"((orders.o_c_id = customer.c_id) AND (orders.o_w_id = customer.c_w_id) AND (orders.o_d_id = customer.c_d_id))","Shared Hit Blocks":1185860,"Shared Read Blocks":0,"Shared Dirtied Blocks":0,"Shared Written Blocks":0,"Local Hit Blocks":0,"Local Read Blocks":0,"Local Dirtied Blocks":0,"Local Written Blocks":0,"Temp Read Blocks":180790,"Temp Written Blocks":180790,"I/O Read Time":0.0,"I/O Write Time":0.0,"Temp I/O Read Time":264.463,"Temp I/O Write Time":769.323,"Plans":[{"Node Type":"Hash Join","Parent Relationship":"Outer","Parallel Aware":false,"Async Capable":false,"Join Type":"Inner","Startup Cost":139335.59,"Total Cost":2396027.23,"Plan Rows":521302,"Plan Width":16,"Actual Startup Time":487.009,"Actual Total Time":16262.978,"Actual Rows":2159576,"Actual Loops":1,"Output":["orders.o_c_id","orders.o_w_id","orders.o_d_id","order_line.ol_amount","order_line.ol_w_id","order_line.ol_d_id"],"Inner Unique":true,"Hash Cond":"((order_line.ol_w_id = orders.o_w_id) AND (order_line.ol_d_id = orders.o_d_id) AND (order_line.ol_o_id = orders.o_id))","Join Filter":"(orders.o_entry_d <= order_line.ol_delivery_d)","Rows Removed by Join Filter":0,"Shared Hit Blocks":725870,"Shared Read Blocks":0,"Shared Dirtied Blocks":0,"Shared Written Blocks":0,"Local Hit Blocks":0,"Local Read Blocks":0,"Local Dirtied Blocks":0,"Local Written Blocks":0,"Temp Read Blocks":113419,"Temp Written Blocks":113419,"I/O Read Time":0.0,"I/O Write Time":0.0,"Temp I/O Read Time":161.665,"Temp I/O Write Time":438.465,"Plans":[{"Node Type":"Seq Scan","Parent Relationship":"Outer","Parallel Aware":false,"Async Capable":false,"Relation Name":"order_line","Schema":"public","Alias":"order_line","Startup Cost":0.0,"Total Cost":1431670.8,"Plan Rows":42039468,"Plan Width":24,"Actual Startup Time":0.008,"Actual Total Time":7394.803,"Actual Rows":42000489,"Actual Loops":1,"Output":["order_line.ol_amount","order_line.ol_w_id","order_line.ol_d_id","order_line.ol_o_id","order_line.ol_delivery_d"],"Filter":"(order_line.ol_delivery_d >= '1992-01-02 20:10:02.27764'::timestamp without time zone)","Rows Removed by Filter":17993272,"Shared Hit Blocks":681748,"Shared Read Blocks":0,"Shared Dirtied Blocks":0,"Shared Written Blocks":0,"Local Hit Blocks":0,"Local Read Blocks":0,"Local Dirtied Blocks":0,"Local Written Blocks":0,"Temp Read Blocks":0,"Temp Written Blocks":0,"I/O Read Time":0.0,"I/O Write Time":0.0,"Temp I/O Read Time":0.0,"Temp I/O Write Time":0.0},{"Node Type":"Hash","Parent Relationship":"Inner","Parallel Aware":false,"Async Capable":false,"Startup Cost":134121.52,"Total Cost":134121.52,"Plan Rows":223204,"Plan Width":24,"Actual Startup Time":434.368,"Actual Total Time":434.372,"Actual Rows":215962,"Actual Loops":1,"Output":["orders.o_c_id","orders.o_w_id","orders.o_d_id","orders.o_id","orders.o_entry_d"],"Hash Buckets":131072,"Original Hash Buckets":131072,"Hash Batches":2,"Original Hash Batches":2,"Peak Memory Usage":6929,"Shared Hit Blocks":44122,"Shared Read Blocks":0,"Shared Dirtied Blocks":0,"Shared Written Blocks":0,"Local Hit Blocks":0,"Local Read Blocks":0,"Local Dirtied Blocks":0,"Local Written Blocks":0,"Temp Read Blocks":0,"Temp Written Blocks":580,"I/O Read Time":0.0,"I/O Write Time":0.0,"Temp I/O Read Time":0.0,"Temp I/O Write Time":2.985,"Plans":[{"Node Type":"Seq Scan","Parent Relationship":"Outer","Parallel Aware":false,"Async Capable":false,"Relation Name":"orders","Schema":"public","Alias":"orders","Startup Cost":0.0,"Total Cost":134121.52,"Plan Rows":223204,"Plan Width":24,"Actual Startup Time":0.941,"Actual Total Time":392.075,"Actual Rows":215962,"Actual Loops":1,"Output":["orders.o_c_id","orders.o_w_id","orders.o_d_id","orders.o_id","orders.o_entry_d"],"Filter":"((orders.o_entry_d >= '1993-07-02 20:10:02.27764'::timestamp without time zone) AND (orders.o_entry_d < '1993-10-02 20:10:02.27764'::timestamp without time zone))","Rows Removed by Filter":5784038,"Shared Hit Blocks":44122,"Shared Read Blocks":0,"Shared Dirtied Blocks":0,"Shared Written Blocks":0,"Local Hit Blocks":0,"Local Read Blocks":0,"Local Dirtied Blocks":0,"Local Written Blocks":0,"Temp Read Blocks":0,"Temp Written Blocks":0,"I/O Read Time":0.0,"I/O Write Time":0.0,"Temp I/O Read Time":0.0,"Temp I/O Write Time":0.0}]}]},{"Node Type":"Hash","Parent Relationship":"Inner","Parallel Aware":false,"Async Capable":false,"Startup Cost":519991.4,"Total Cost":519991.4,"Plan Rows":6000140,"Plan Width":57,"Actual Startup Time":3810.287,"Actual Total Time":3810.287,"Actual Rows":6000000,"Actual Loops":1,"Output":["customer.c_id","customer.c_last","customer.c_city","customer.c_phone","customer.c_w_id","customer.c_d_id","customer.c_nationkey"],"Hash Buckets":131072,"Original Hash Buckets":131072,"Hash Batches":128,"Original Hash Batches":128,"Peak Memory Usage":5209,"Shared Hit Blocks":459990,"Shared Read Blocks":0,"Shared Dirtied Blocks":0,"Shared Written Blocks":0,"Local Hit Blocks":0,"Local Read Blocks":0,"Local Dirtied Blocks":0,"Local Written Blocks":0,"Temp Read Blocks":0,"Temp Written Blocks":57760,"I/O Read Time":0.0,"I/O Write Time":0.0,"Temp I/O Read Time":0.0,"Temp I/O Write Time":277.94,"Plans":[{"Node Type":"Seq Scan","Parent Relationship":"Outer","Parallel Aware":false,"Async Capable":false,"Relation Name":"customer","Schema":"public","Alias":"customer","Startup Cost":0.0,"Total Cost":519991.4,"Plan Rows":6000140,"Plan Width":57,"Actual Startup Time":0.008,"Actual Total Time":2382.639,"Actual Rows":6000000,"Actual Loops":1,"Output":["customer.c_id","customer.c_last","customer.c_city","customer.c_phone","customer.c_w_id","customer.c_d_id","customer.c_nationkey"],"Shared Hit Blocks":459990,"Shared Read Blocks":0,"Shared Dirtied Blocks":0,"Shared Written Blocks":0,"Local Hit Blocks":0,"Local Read Blocks":0,"Local Dirtied Blocks":0,"Local Written Blocks":0,"Temp Read Blocks":0,"Temp Written Blocks":0,"I/O Read Time":0.0,"I/O Write Time":0.0,"Temp I/O Read Time":0.0,"Temp I/O Write Time":0.0}]}]},{"Node Type":"Memoize","Parent Relationship":"Inner","Parallel Aware":false,"Async Capable":false,"Startup Cost":0.15,"Total Cost":2.17,"Plan Rows":1,"Plan Width":12,"Actual Startup Time":0.0,"Actual Total Time":0.0,"Actual Rows":1,"Actual Loops":2159576,"Output":["nation.n_name","nation.n_nationkey"],"Cache Key":"customer.c_nationkey","Cache Mode":"logical","Cache Hits":2159540,"Cache Misses":36,"Cache Evictions":0,"Cache Overflows":0,"Peak Memory Usage":4,"Shared Hit Blocks":72,"Shared Read Blocks":0,"Shared Dirtied Blocks":0,"Shared Written Blocks":0,"Local Hit Blocks":0,"Local Read Blocks":0,"Local Dirtied Blocks":0,"Local Written Blocks":0,"Temp Read Blocks":0,"Temp Written Blocks":0,"I/O Read Time":0.0,"I/O Write Time":0.0,"Temp I/O Read Time":0.0,"Temp I/O Write Time":0.0,"Plans":[{"Node Type":"Index Scan","Parent Relationship":"Outer","Parallel Aware":false,"Async Capable":false,"Scan Direction":"Forward","Index Name":"nation_pk","Relation Name":"nation","Schema":"public","Alias":"nation","Startup Cost":0.14,"Total Cost":2.16,"Plan Rows":1,"Plan Width":12,"Actual Startup Time":0.005,"Actual Total Time":0.005,"Actual Rows":1,"Actual Loops":36,"Output":["nation.n_name","nation.n_nationkey"],"Index Cond":"(nation.n_nationkey = customer.c_nationkey)","Rows Removed by Index Recheck":0,"Shared Hit Blocks":72,"Shared Read Blocks":0,"Shared Dirtied Blocks":0,"Shared Written Blocks":0,"Local Hit Blocks":0,"Local Read Blocks":0,"Local Dirtied Blocks":0,"Local Written Blocks":0,"Temp Read Blocks":0,"Temp Written Blocks":0,"I/O Read Time":0.0,"I/O Write Time":0.0,"Temp I/O Read Time":0.0,"Temp I/O Write Time":0.0}]}]}]}]}]}]},"Planning":{"Shared Hit Blocks":93,"Shared Read Blocks":0,"Shared Dirtied Blocks":3,"Shared Written Blocks":0,"Local Hit Blocks":0,"Local Read Blocks":0,"Local Dirtied Blocks":0,"Local Written Blocks":0,"Temp Read Blocks":0,"Temp Written Blocks":0,"I/O Read Time":0.0,"I/O Write Time":0.0,"Temp I/O Read Time":0.0,"Temp I/O Write Time":0.0},"Planning Time":0.876,"Triggers":[],"Execution Time":25124.678}]
[列存组合]: customer
[{"Plan":{"Node Type":"Limit","Parallel Aware":false,"Async Capable":false,"Startup Cost":3275245.25,"Total Cost":3275247.75,"Plan Rows":1000,"Plan Width":89,"Actual Startup Time":23908.606,"Actual Total Time":23908.729,"Actual Rows":1000,"Actual Loops":1,"Output":["customer.c_id","customer.c_last","(sum(order_line.ol_amount))","customer.c_city","customer.c_phone","nation.n_name"],"Shared Hit Blocks":725942,"Shared Read Blocks":0,"Shared Dirtied Blocks":0,"Shared Written Blocks":0,"Local Hit Blocks":0,"Local Read Blocks":0,"Local Dirtied Blocks":0,"Local Written Blocks":0,"Temp Read Blocks":195437,"Temp Written Blocks":195505,"I/O Read Time":0.0,"I/O Write Time":0.0,"Temp I/O Read Time":291.375,"Temp I/O Write Time":767.84,"Plans":[{"Node Type":"Sort","Parent Relationship":"Outer","Parallel Aware":false,"Async Capable":false,"Startup Cost":3275245.25,"Total Cost":3276548.5,"Plan Rows":521302,"Plan Width":89,"Actual Startup Time":23908.604,"Actual Total Time":23908.662,"Actual Rows":1000,"Actual Loops":1,"Output":["customer.c_id","customer.c_last","(sum(order_line.ol_amount))","customer.c_city","customer.c_phone","nation.n_name"],"Sort Key":["(sum(order_line.ol_amount)) DESC"],"Sort Method":"top-N heapsort","Sort Space Used":189,"Sort Space Type":"Memory","Shared Hit Blocks":725942,"Shared Read Blocks":0,"Shared Dirtied Blocks":0,"Shared Written Blocks":0,"Local Hit Blocks":0,"Local Read Blocks":0,"Local Dirtied Blocks":0,"Local Written Blocks":0,"Temp Read Blocks":195437,"Temp Written Blocks":195505,"I/O Read Time":0.0,"I/O Write Time":0.0,"Temp I/O Read Time":291.375,"Temp I/O Write Time":767.84,"Plans":[{"Node Type":"Aggregate","Strategy":"Sorted","Partial Mode":"Simple","Parent Relationship":"Outer","Parallel Aware":false,"Async Capable":false,"Startup Cost":3231023.76,"Total Cost":3246662.82,"Plan Rows":521302,"Plan Width":89,"Actual Startup Time":22691.336,"Actual Total Time":23858.623,"Actual Rows":215962,"Actual Loops":1,"Output":["customer.c_id","customer.c_last","sum(order_line.ol_amount)","customer.c_city","customer.c_phone","nation.n_name"],"Group Key":["customer.c_id","customer.c_last","customer.c_city","customer.c_phone","nation.n_name"],"Shared Hit Blocks":725942,"Shared Read Blocks":0,"Shared Dirtied Blocks":0,"Shared Written Blocks":0,"Local Hit Blocks":0,"Local Read Blocks":0,"Local Dirtied Blocks":0,"Local Written Blocks":0,"Temp Read Blocks":195437,"Temp Written Blocks":195505,"I/O Read Time":0.0,"I/O Write Time":0.0,"Temp I/O Read Time":291.375,"Temp I/O Write Time":767.84,"Plans":[{"Node Type":"Sort","Parent Relationship":"Outer","Parallel Aware":false,"Async Capable":false,"Startup Cost":3231023.76,"Total Cost":3232327.01,"Plan Rows":521302,"Plan Width":61,"Actual Startup Time":22691.305,"Actual Total Time":23274.35,"Actual Rows":2159576,"Actual Loops":1,"Output":["customer.c_id","customer.c_last","customer.c_city","customer.c_phone","nation.n_name","order_line.ol_amount"],"Sort Key":["customer.c_id","customer.c_last","customer.c_city","customer.c_phone","nation.n_name"],"Sort Method":"external merge","Sort Space Used":150424,"Sort Space Type":"Disk","Shared Hit Blocks":725942,"Shared Read Blocks":0,"Shared Dirtied Blocks":0,"Shared Written Blocks":0,"Local Hit Blocks":0,"Local Read Blocks":0,"Local Dirtied Blocks":0,"Local Written Blocks":0,"Temp Read Blocks":195437,"Temp Written Blocks":195505,"I/O Read Time":0.0,"I/O Write Time":0.0,"Temp I/O Read Time":291.375,"Temp I/O Write Time":767.84,"Plans":[{"Node Type":"Nested Loop","Parent Relationship":"Outer","Parallel Aware":false,"Async Capable":false,"Join Type":"Inner","Startup Cost":818588.68,"Total Cost":3161921.55,"Plan Rows":521302,"Plan Width":61,"Actual Startup Time":2773.137,"Actual Total Time":21070.862,"Actual Rows":2159576,"Actual Loops":1,"Output":["customer.c_id","customer.c_last","customer.c_city","customer.c_phone","nation.n_name","order_line.ol_amount"],"Inner Unique":true,"Shared Hit Blocks":725942,"Shared Read Blocks":0,"Shared Dirtied Blocks":0,"Shared Written Blocks":0,"Local Hit Blocks":0,"Local Read Blocks":0,"Local Dirtied Blocks":0,"Local Written Blocks":0,"Temp Read Blocks":157836,"Temp Written Blocks":157836,"I/O Read Time":0.0,"I/O Write Time":0.0,"Temp I/O Read Time":235.245,"Temp I/O Write Time":669.885,"Plans":[{"Node Type":"Hash Join","Parent Relationship":"Outer","Parallel Aware":false,"Async Capable":false,"Join Type":"Inner","Startup Cost":818588.53,"Total Cost":3148932.43,"Plan Rows":521302,"Plan Width":57,"Actual Startup Time":2773.096,"Actual Total Time":20349.676,"Actual Rows":2159576,"Actual Loops":1,"Output":["customer.c_id","customer.c_last","customer.c_city","customer.c_phone","customer.c_nationkey","order_line.ol_amount"],"Inner Unique":true,"Hash Cond":"((orders.o_c_id = customer.c_id) AND (orders.o_w_id = customer.c_w_id) AND (orders.o_d_id = customer.c_d_id))","Shared Hit Blocks":725870,"Shared Read Blocks":0,"Shared Dirtied Blocks":0,"Shared Written Blocks":0,"Local Hit Blocks":0,"Local Read Blocks":0,"Local Dirtied Blocks":0,"Local Written Blocks":0,"Temp Read Blocks":157836,"Temp Written Blocks":157836,"I/O Read Time":0.0,"I/O Write Time":0.0,"Temp I/O Read Time":235.245,"Temp I/O Write Time":669.885,"Plans":[{"Node Type":"Hash Join","Parent Relationship":"Outer","Parallel Aware":false,"Async Capable":false,"Join Type":"Inner","Startup Cost":139335.59,"Total Cost":2396027.23,"Plan Rows":521302,"Plan Width":16,"Actual Startup Time":488.22,"Actual Total Time":16145.354,"Actual Rows":2159576,"Actual Loops":1,"Output":["orders.o_c_id","orders.o_w_id","orders.o_d_id","order_line.ol_amount","order_line.ol_w_id","order_line.ol_d_id"],"Inner Unique":true,"Hash Cond":"((order_line.ol_w_id = orders.o_w_id) AND (order_line.ol_d_id = orders.o_d_id) AND (order_line.ol_o_id = orders.o_id))","Join Filter":"(orders.o_entry_d <= order_line.ol_delivery_d)","Rows Removed by Join Filter":0,"Shared Hit Blocks":725870,"Shared Read Blocks":0,"Shared Dirtied Blocks":0,"Shared Written Blocks":0,"Local Hit Blocks":0,"Local Read Blocks":0,"Local Dirtied Blocks":0,"Local Written Blocks":0,"Temp Read Blocks":113419,"Temp Written Blocks":113419,"I/O Read Time":0.0,"I/O Write Time":0.0,"Temp I/O Read Time":166.091,"Temp I/O Write Time":448.606,"Plans":[{"Node Type":"Seq Scan","Parent Relationship":"Outer","Parallel Aware":false,"Async Capable":false,"Relation Name":"order_line","Schema":"public","Alias":"order_line","Startup Cost":0.0,"Total Cost":1431670.8,"Plan Rows":42039468,"Plan Width":24,"Actual Startup Time":0.011,"Actual Total Time":7320.429,"Actual Rows":42000489,"Actual Loops":1,"Output":["order_line.ol_amount","order_line.ol_w_id","order_line.ol_d_id","order_line.ol_o_id","order_line.ol_delivery_d"],"Filter":"(order_line.ol_delivery_d >= '1992-01-02 20:10:02.27764'::timestamp without time zone)","Rows Removed by Filter":17993272,"Shared Hit Blocks":681748,"Shared Read Blocks":0,"Shared Dirtied Blocks":0,"Shared Written Blocks":0,"Local Hit Blocks":0,"Local Read Blocks":0,"Local Dirtied Blocks":0,"Local Written Blocks":0,"Temp Read Blocks":0,"Temp Written Blocks":0,"I/O Read Time":0.0,"I/O Write Time":0.0,"Temp I/O Read Time":0.0,"Temp I/O Write Time":0.0},{"Node Type":"Hash","Parent Relationship":"Inner","Parallel Aware":false,"Async Capable":false,"Startup Cost":134121.52,"Total Cost":134121.52,"Plan Rows":223204,"Plan Width":24,"Actual Startup Time":435.573,"Actual Total Time":435.577,"Actual Rows":215962,"Actual Loops":1,"Output":["orders.o_c_id","orders.o_w_id","orders.o_d_id","orders.o_id","orders.o_entry_d"],"Hash Buckets":131072,"Original Hash Buckets":131072,"Hash Batches":2,"Original Hash Batches":2,"Peak Memory Usage":6929,"Shared Hit Blocks":44122,"Shared Read Blocks":0,"Shared Dirtied Blocks":0,"Shared Written Blocks":0,"Local Hit Blocks":0,"Local Read Blocks":0,"Local Dirtied Blocks":0,"Local Written Blocks":0,"Temp Read Blocks":0,"Temp Written Blocks":580,"I/O Read Time":0.0,"I/O Write Time":0.0,"Temp I/O Read Time":0.0,"Temp I/O Write Time":3.026,"Plans":[{"Node Type":"Seq Scan","Parent Relationship":"Outer","Parallel Aware":false,"Async Capable":false,"Relation Name":"orders","Schema":"public","Alias":"orders","Startup Cost":0.0,"Total Cost":134121.52,"Plan Rows":223204,"Plan Width":24,"Actual Startup Time":0.974,"Actual Total Time":393.165,"Actual Rows":215962,"Actual Loops":1,"Output":["orders.o_c_id","orders.o_w_id","orders.o_d_id","orders.o_id","orders.o_entry_d"],"Filter":"((orders.o_entry_d >= '1993-07-02 20:10:02.27764'::timestamp without time zone) AND (orders.o_entry_d < '1993-10-02 20:10:02.27764'::timestamp without time zone))","Rows Removed by Filter":5784038,"Shared Hit Blocks":44122,"Shared Read Blocks":0,"Shared Dirtied Blocks":0,"Shared Written Blocks":0,"Local Hit Blocks":0,"Local Read Blocks":0,"Local Dirtied Blocks":0,"Local Written Blocks":0,"Temp Read Blocks":0,"Temp Written Blocks":0,"I/O Read Time":0.0,"I/O Write Time":0.0,"Temp I/O Read Time":0.0,"Temp I/O Write Time":0.0}]}]},{"Node Type":"Hash","Parent Relationship":"Inner","Parallel Aware":false,"Async Capable":false,"Startup Cost":509795.49,"Total Cost":509795.49,"Plan Rows":6000140,"Plan Width":57,"Actual Startup Time":2282.428,"Actual Total Time":2282.436,"Actual Rows":6000000,"Actual Loops":1,"Output":["customer.c_id","customer.c_last","customer.c_city","customer.c_phone","customer.c_w_id","customer.c_d_id","customer.c_nationkey"],"Hash Buckets":65536,"Original Hash Buckets":65536,"Hash Batches":128,"Original Hash Batches":128,"Peak Memory Usage":3461,"Shared Hit Blocks":0,"Shared Read Blocks":0,"Shared Dirtied Blocks":0,"Shared Written Blocks":0,"Local Hit Blocks":0,"Local Read Blocks":0,"Local Dirtied Blocks":0,"Local Written Blocks":0,"Temp Read Blocks":0,"Temp Written Blocks":34816,"I/O Read Time":0.0,"I/O Write Time":0.0,"Temp I/O Read Time":0.0,"Temp I/O Write Time":169.553,"Plans":[{"Node Type":"Append","Parent Relationship":"Outer","Parallel Aware":false,"Async Capable":false,"Startup Cost":20.0,"Total Cost":509795.49,"Plan Rows":6000140,"Plan Width":57,"Actual Startup Time":0.031,"Actual Total Time":1112.385,"Actual Rows":6000000,"Actual Loops":1,"Shared Hit Blocks":0,"Shared Read Blocks":0,"Shared Dirtied Blocks":0,"Shared Written Blocks":0,"Local Hit Blocks":0,"Local Read Blocks":0,"Local Dirtied Blocks":0,"Local Written Blocks":0,"Temp Read Blocks":0,"Temp Written Blocks":0,"I/O Read Time":0.0,"I/O Write Time":0.0,"Temp I/O Read Time":0.0,"Temp I/O Write Time":0.0,"Subplans Removed":0,"Plans":[{"Node Type":"Custom Scan","Parent Relationship":"Member","Custom Plan Provider":"columnar scan","Parallel Aware":false,"Async Capable":false,"Relation Name":"customer","Schema":"public","Alias":"customer","Startup Cost":20.0,"Total Cost":203420.06,"Plan Rows":6000000,"Plan Width":57,"Actual Startup Time":0.029,"Actual Total Time":697.977,"Actual Rows":6000000,"Actual Loops":1,"Output":["customer.c_id","customer.c_last","customer.c_city","customer.c_phone","customer.c_w_id","customer.c_d_id","customer.c_nationkey"],"Rows Removed by Columnar Filter":0,"Columnar projection mode":"late materialization","Columnar cache search mode":"native","Shared Hit Blocks":0,"Shared Read Blocks":0,"Shared Dirtied Blocks":0,"Shared Written Blocks":0,"Local Hit Blocks":0,"Local Read Blocks":0,"Local Dirtied Blocks":0,"Local Written Blocks":0,"Temp Read Blocks":0,"Temp Written Blocks":0,"I/O Read Time":0.0,"I/O Write Time":0.0,"Temp I/O Read Time":0.0,"Temp I/O Write Time":0.0},{"Node Type":"Seq Scan","Parent Relationship":"Member","Parallel Aware":false,"Async Capable":false,"Relation Name":"customer","Schema":"public","Alias":"customer","Startup Cost":0.0,"Total Cost":5.4,"Plan Rows":140,"Plan Width":57,"Actual Startup Time":0.0,"Actual Total Time":0.0,"Actual Rows":0,"Actual Loops":0,"Output":["customer.c_id","customer.c_last","customer.c_city","customer.c_phone","customer.c_w_id","customer.c_d_id","customer.c_nationkey"],"Shared Hit Blocks":0,"Shared Read Blocks":0,"Shared Dirtied Blocks":0,"Shared Written Blocks":0,"Local Hit Blocks":0,"Local Read Blocks":0,"Local Dirtied Blocks":0,"Local Written Blocks":0,"Temp Read Blocks":0,"Temp Written Blocks":0,"I/O Read Time":0.0,"I/O Write Time":0.0,"Temp I/O Read Time":0.0,"Temp I/O Write Time":0.0}]}]}]},{"Node Type":"Memoize","Parent Relationship":"Inner","Parallel Aware":false,"Async Capable":false,"Startup Cost":0.15,"Total Cost":2.17,"Plan Rows":1,"Plan Width":12,"Actual Startup Time":0.0,"Actual Total Time":0.0,"Actual Rows":1,"Actual Loops":2159576,"Output":["nation.n_name","nation.n_nationkey"],"Cache Key":"customer.c_nationkey","Cache Mode":"logical","Cache Hits":2159540,"Cache Misses":36,"Cache Evictions":0,"Cache Overflows":0,"Peak Memory Usage":4,"Shared Hit Blocks":72,"Shared Read Blocks":0,"Shared Dirtied Blocks":0,"Shared Written Blocks":0,"Local Hit Blocks":0,"Local Read Blocks":0,"Local Dirtied Blocks":0,"Local Written Blocks":0,"Temp Read Blocks":0,"Temp Written Blocks":0,"I/O Read Time":0.0,"I/O Write Time":0.0,"Temp I/O Read Time":0.0,"Temp I/O Write Time":0.0,"Plans":[{"Node Type":"Index Scan","Parent Relationship":"Outer","Parallel Aware":false,"Async Capable":false,"Scan Direction":"Forward","Index Name":"nation_pk","Relation Name":"nation","Schema":"public","Alias":"nation","Startup Cost":0.14,"Total Cost":2.16,"Plan Rows":1,"Plan Width":12,"Actual Startup Time":0.004,"Actual Total Time":0.004,"Actual Rows":1,"Actual Loops":36,"Output":["nation.n_name","nation.n_nationkey"],"Index Cond":"(nation.n_nationkey = customer.c_nationkey)","Rows Removed by Index Recheck":0,"Shared Hit Blocks":72,"Shared Read Blocks":0,"Shared Dirtied Blocks":0,"Shared Written Blocks":0,"Local Hit Blocks":0,"Local Read Blocks":0,"Local Dirtied Blocks":0,"Local Written Blocks":0,"Temp Read Blocks":0,"Temp Written Blocks":0,"I/O Read Time":0.0,"I/O Write Time":0.0,"Temp I/O Read Time":0.0,"Temp I/O Write Time":0.0}]}]}]}]}]}]},"Planning":{"Shared Hit Blocks":72,"Shared Read Blocks":0,"Shared Dirtied Blocks":0,"Shared Written Blocks":0,"Local Hit Blocks":0,"Local Read Blocks":0,"Local Dirtied Blocks":0,"Local Written Blocks":0,"Temp Read Blocks":0,"Temp Written Blocks":0,"I/O Read Time":0.0,"I/O Write Time":0.0,"Temp I/O Read Time":0.0,"Temp I/O Write Time":0.0},"Planning Time":1.553,"Triggers":[],"Execution Time":23933.097}]
[列存组合]: nation
[{"Plan":{"Node Type":"Limit","Parallel Aware":false,"Async Capable":false,"Startup Cost":3285441.16,"Total Cost":3285443.66,"Plan Rows":1000,"Plan Width":89,"Actual Startup Time":24993.501,"Actual Total Time":24993.623,"Actual Rows":1000,"Actual Loops":1,"Output":["customer.c_id","customer.c_last","(sum(order_line.ol_amount))","customer.c_city","customer.c_phone","nation.n_name"],"Shared Hit Blocks":1185932,"Shared Read Blocks":0,"Shared Dirtied Blocks":0,"Shared Written Blocks":0,"Local Hit Blocks":0,"Local Read Blocks":0,"Local Dirtied Blocks":0,"Local Written Blocks":0,"Temp Read Blocks":218391,"Temp Written Blocks":218459,"I/O Read Time":0.0,"I/O Write Time":0.0,"Temp I/O Read Time":322.417,"Temp I/O Write Time":864.868,"Plans":[{"Node Type":"Sort","Parent Relationship":"Outer","Parallel Aware":false,"Async Capable":false,"Startup Cost":3285441.16,"Total Cost":3286744.41,"Plan Rows":521302,"Plan Width":89,"Actual Startup Time":24993.499,"Actual Total Time":24993.547,"Actual Rows":1000,"Actual Loops":1,"Output":["customer.c_id","customer.c_last","(sum(order_line.ol_amount))","customer.c_city","customer.c_phone","nation.n_name"],"Sort Key":["(sum(order_line.ol_amount)) DESC"],"Sort Method":"top-N heapsort","Sort Space Used":189,"Sort Space Type":"Memory","Shared Hit Blocks":1185932,"Shared Read Blocks":0,"Shared Dirtied Blocks":0,"Shared Written Blocks":0,"Local Hit Blocks":0,"Local Read Blocks":0,"Local Dirtied Blocks":0,"Local Written Blocks":0,"Temp Read Blocks":218391,"Temp Written Blocks":218459,"I/O Read Time":0.0,"I/O Write Time":0.0,"Temp I/O Read Time":322.417,"Temp I/O Write Time":864.868,"Plans":[{"Node Type":"Aggregate","Strategy":"Sorted","Partial Mode":"Simple","Parent Relationship":"Outer","Parallel Aware":false,"Async Capable":false,"Startup Cost":3241219.67,"Total Cost":3256858.73,"Plan Rows":521302,"Plan Width":89,"Actual Startup Time":23782.628,"Actual Total Time":24944.059,"Actual Rows":215962,"Actual Loops":1,"Output":["customer.c_id","customer.c_last","sum(order_line.ol_amount)","customer.c_city","customer.c_phone","nation.n_name"],"Group Key":["customer.c_id","customer.c_last","customer.c_city","customer.c_phone","nation.n_name"],"Shared Hit Blocks":1185932,"Shared Read Blocks":0,"Shared Dirtied Blocks":0,"Shared Written Blocks":0,"Local Hit Blocks":0,"Local Read Blocks":0,"Local Dirtied Blocks":0,"Local Written Blocks":0,"Temp Read Blocks":218391,"Temp Written Blocks":218459,"I/O Read Time":0.0,"I/O Write Time":0.0,"Temp I/O Read Time":322.417,"Temp I/O Write Time":864.868,"Plans":[{"Node Type":"Sort","Parent Relationship":"Outer","Parallel Aware":false,"Async Capable":false,"Startup Cost":3241219.67,"Total Cost":3242522.92,"Plan Rows":521302,"Plan Width":61,"Actual Startup Time":23782.602,"Actual Total Time":24360.859,"Actual Rows":2159576,"Actual Loops":1,"Output":["customer.c_id","customer.c_last","customer.c_city","customer.c_phone","nation.n_name","order_line.ol_amount"],"Sort Key":["customer.c_id","customer.c_last","customer.c_city","customer.c_phone","nation.n_name"],"Sort Method":"external merge","Sort Space Used":150424,"Sort Space Type":"Disk","Shared Hit Blocks":1185932,"Shared Read Blocks":0,"Shared Dirtied Blocks":0,"Shared Written Blocks":0,"Local Hit Blocks":0,"Local Read Blocks":0,"Local Dirtied Blocks":0,"Local Written Blocks":0,"Temp Read Blocks":218391,"Temp Written Blocks":218459,"I/O Read Time":0.0,"I/O Write Time":0.0,"Temp I/O Read Time":322.417,"Temp I/O Write Time":864.868,"Plans":[{"Node Type":"Nested Loop","Parent Relationship":"Outer","Parallel Aware":false,"Async Capable":false,"Join Type":"Inner","Startup Cost":828784.59,"Total Cost":3172117.46,"Plan Rows":521302,"Plan Width":61,"Actual Startup Time":4321.2,"Actual Total Time":22220.005,"Actual Rows":2159576,"Actual Loops":1,"Output":["customer.c_id","customer.c_last","customer.c_city","customer.c_phone","nation.n_name","order_line.ol_amount"],"Inner Unique":true,"Shared Hit Blocks":1185932,"Shared Read Blocks":0,"Shared Dirtied Blocks":0,"Shared Written Blocks":0,"Local Hit Blocks":0,"Local Read Blocks":0,"Local Dirtied Blocks":0,"Local Written Blocks":0,"Temp Read Blocks":180790,"Temp Written Blocks":180790,"I/O Read Time":0.0,"I/O Write Time":0.0,"Temp I/O Read Time":266.233,"Temp I/O Write Time":767.494,"Plans":[{"Node Type":"Hash Join","Parent Relationship":"Outer","Parallel Aware":false,"Async Capable":false,"Join Type":"Inner","Startup Cost":828784.44,"Total Cost":3159128.34,"Plan Rows":521302,"Plan Width":57,"Actual Startup Time":4321.157,"Actual Total Time":21525.161,"Actual Rows":2159576,"Actual Loops":1,"Output":["customer.c_id","customer.c_last","customer.c_city","customer.c_phone","customer.c_nationkey","order_line.ol_amount"],"Inner Unique":true,"Hash Cond":"((orders.o_c_id = customer.c_id) AND (orders.o_w_id = customer.c_w_id) AND (orders.o_d_id = customer.c_d_id))","Shared Hit Blocks":1185860,"Shared Read Blocks":0,"Shared Dirtied Blocks":0,"Shared Written Blocks":0,"Local Hit Blocks":0,"Local Read Blocks":0,"Local Dirtied Blocks":0,"Local Written Blocks":0,"Temp Read Blocks":180790,"Temp Written Blocks":180790,"I/O Read Time":0.0,"I/O Write Time":0.0,"Temp I/O Read Time":266.233,"Temp I/O Write Time":767.494,"Plans":[{"Node Type":"Hash Join","Parent Relationship":"Outer","Parallel Aware":false,"Async Capable":false,"Join Type":"Inner","Startup Cost":139335.59,"Total Cost":2396027.23,"Plan Rows":521302,"Plan Width":16,"Actual Startup Time":490.075,"Actual Total Time":16157.201,"Actual Rows":2159576,"Actual Loops":1,"Output":["orders.o_c_id","orders.o_w_id","orders.o_d_id","order_line.ol_amount","order_line.ol_w_id","order_line.ol_d_id"],"Inner Unique":true,"Hash Cond":"((order_line.ol_w_id = orders.o_w_id) AND (order_line.ol_d_id = orders.o_d_id) AND (order_line.ol_o_id = orders.o_id))","Join Filter":"(orders.o_entry_d <= order_line.ol_delivery_d)","Rows Removed by Join Filter":0,"Shared Hit Blocks":725870,"Shared Read Blocks":0,"Shared Dirtied Blocks":0,"Shared Written Blocks":0,"Local Hit Blocks":0,"Local Read Blocks":0,"Local Dirtied Blocks":0,"Local Written Blocks":0,"Temp Read Blocks":113419,"Temp Written Blocks":113419,"I/O Read Time":0.0,"I/O Write Time":0.0,"Temp I/O Read Time":162.687,"Temp I/O Write Time":438.63,"Plans":[{"Node Type":"Seq Scan","Parent Relationship":"Outer","Parallel Aware":false,"Async Capable":false,"Relation Name":"order_line","Schema":"public","Alias":"order_line","Startup Cost":0.0,"Total Cost":1431670.8,"Plan Rows":42039468,"Plan Width":24,"Actual Startup Time":0.022,"Actual Total Time":7317.068,"Actual Rows":42000489,"Actual Loops":1,"Output":["order_line.ol_amount","order_line.ol_w_id","order_line.ol_d_id","order_line.ol_o_id","order_line.ol_delivery_d"],"Filter":"(order_line.ol_delivery_d >= '1992-01-02 20:10:02.27764'::timestamp without time zone)","Rows Removed by Filter":17993272,"Shared Hit Blocks":681748,"Shared Read Blocks":0,"Shared Dirtied Blocks":0,"Shared Written Blocks":0,"Local Hit Blocks":0,"Local Read Blocks":0,"Local Dirtied Blocks":0,"Local Written Blocks":0,"Temp Read Blocks":0,"Temp Written Blocks":0,"I/O Read Time":0.0,"I/O Write Time":0.0,"Temp I/O Read Time":0.0,"Temp I/O Write Time":0.0},{"Node Type":"Hash","Parent Relationship":"Inner","Parallel Aware":false,"Async Capable":false,"Startup Cost":134121.52,"Total Cost":134121.52,"Plan Rows":223204,"Plan Width":24,"Actual Startup Time":437.284,"Actual Total Time":437.289,"Actual Rows":215962,"Actual Loops":1,"Output":["orders.o_c_id","orders.o_w_id","orders.o_d_id","orders.o_id","orders.o_entry_d"],"Hash Buckets":131072,"Original Hash Buckets":131072,"Hash Batches":2,"Original Hash Batches":2,"Peak Memory Usage":6929,"Shared Hit Blocks":44122,"Shared Read Blocks":0,"Shared Dirtied Blocks":0,"Shared Written Blocks":0,"Local Hit Blocks":0,"Local Read Blocks":0,"Local Dirtied Blocks":0,"Local Written Blocks":0,"Temp Read Blocks":0,"Temp Written Blocks":580,"I/O Read Time":0.0,"I/O Write Time":0.0,"Temp I/O Read Time":0.0,"Temp I/O Write Time":2.959,"Plans":[{"Node Type":"Seq Scan","Parent Relationship":"Outer","Parallel Aware":false,"Async Capable":false,"Relation Name":"orders","Schema":"public","Alias":"orders","Startup Cost":0.0,"Total Cost":134121.52,"Plan Rows":223204,"Plan Width":24,"Actual Startup Time":0.977,"Actual Total Time":395.542,"Actual Rows":215962,"Actual Loops":1,"Output":["orders.o_c_id","orders.o_w_id","orders.o_d_id","orders.o_id","orders.o_entry_d"],"Filter":"((orders.o_entry_d >= '1993-07-02 20:10:02.27764'::timestamp without time zone) AND (orders.o_entry_d < '1993-10-02 20:10:02.27764'::timestamp without time zone))","Rows Removed by Filter":5784038,"Shared Hit Blocks":44122,"Shared Read Blocks":0,"Shared Dirtied Blocks":0,"Shared Written Blocks":0,"Local Hit Blocks":0,"Local Read Blocks":0,"Local Dirtied Blocks":0,"Local Written Blocks":0,"Temp Read Blocks":0,"Temp Written Blocks":0,"I/O Read Time":0.0,"I/O Write Time":0.0,"Temp I/O Read Time":0.0,"Temp I/O Write Time":0.0}]}]},{"Node Type":"Hash","Parent Relationship":"Inner","Parallel Aware":false,"Async Capable":false,"Startup Cost":519991.4,"Total Cost":519991.4,"Plan Rows":6000140,"Plan Width":57,"Actual Startup Time":3816.933,"Actual Total Time":3816.934,"Actual Rows":6000000,"Actual Loops":1,"Output":["customer.c_id","customer.c_last","customer.c_city","customer.c_phone","customer.c_w_id","customer.c_d_id","customer.c_nationkey"],"Hash Buckets":131072,"Original Hash Buckets":131072,"Hash Batches":128,"Original Hash Batches":128,"Peak Memory Usage":5209,"Shared Hit Blocks":459990,"Shared Read Blocks":0,"Shared Dirtied Blocks":0,"Shared Written Blocks":0,"Local Hit Blocks":0,"Local Read Blocks":0,"Local Dirtied Blocks":0,"Local Written Blocks":0,"Temp Read Blocks":0,"Temp Written Blocks":57760,"I/O Read Time":0.0,"I/O Write Time":0.0,"Temp I/O Read Time":0.0,"Temp I/O Write Time":277.015,"Plans":[{"Node Type":"Seq Scan","Parent Relationship":"Outer","Parallel Aware":false,"Async Capable":false,"Relation Name":"customer","Schema":"public","Alias":"customer","Startup Cost":0.0,"Total Cost":519991.4,"Plan Rows":6000140,"Plan Width":57,"Actual Startup Time":0.01,"Actual Total Time":2397.693,"Actual Rows":6000000,"Actual Loops":1,"Output":["customer.c_id","customer.c_last","customer.c_city","customer.c_phone","customer.c_w_id","customer.c_d_id","customer.c_nationkey"],"Shared Hit Blocks":459990,"Shared Read Blocks":0,"Shared Dirtied Blocks":0,"Shared Written Blocks":0,"Local Hit Blocks":0,"Local Read Blocks":0,"Local Dirtied Blocks":0,"Local Written Blocks":0,"Temp Read Blocks":0,"Temp Written Blocks":0,"I/O Read Time":0.0,"I/O Write Time":0.0,"Temp I/O Read Time":0.0,"Temp I/O Write Time":0.0}]}]},{"Node Type":"Memoize","Parent Relationship":"Inner","Parallel Aware":false,"Async Capable":false,"Startup Cost":0.15,"Total Cost":2.17,"Plan Rows":1,"Plan Width":12,"Actual Startup Time":0.0,"Actual Total Time":0.0,"Actual Rows":1,"Actual Loops":2159576,"Output":["nation.n_name","nation.n_nationkey"],"Cache Key":"customer.c_nationkey","Cache Mode":"logical","Cache Hits":2159540,"Cache Misses":36,"Cache Evictions":0,"Cache Overflows":0,"Peak Memory Usage":4,"Shared Hit Blocks":72,"Shared Read Blocks":0,"Shared Dirtied Blocks":0,"Shared Written Blocks":0,"Local Hit Blocks":0,"Local Read Blocks":0,"Local Dirtied Blocks":0,"Local Written Blocks":0,"Temp Read Blocks":0,"Temp Written Blocks":0,"I/O Read Time":0.0,"I/O Write Time":0.0,"Temp I/O Read Time":0.0,"Temp I/O Write Time":0.0,"Plans":[{"Node Type":"Index Scan","Parent Relationship":"Outer","Parallel Aware":false,"Async Capable":false,"Scan Direction":"Forward","Index Name":"nation_pk","Relation Name":"nation","Schema":"public","Alias":"nation","Startup Cost":0.14,"Total Cost":2.16,"Plan Rows":1,"Plan Width":12,"Actual Startup Time":0.004,"Actual Total Time":0.004,"Actual Rows":1,"Actual Loops":36,"Output":["nation.n_name","nation.n_nationkey"],"Index Cond":"(nation.n_nationkey = customer.c_nationkey)","Rows Removed by Index Recheck":0,"Shared Hit Blocks":72,"Shared Read Blocks":0,"Shared Dirtied Blocks":0,"Shared Written Blocks":0,"Local Hit Blocks":0,"Local Read Blocks":0,"Local Dirtied Blocks":0,"Local Written Blocks":0,"Temp Read Blocks":0,"Temp Written Blocks":0,"I/O Read Time":0.0,"I/O Write Time":0.0,"Temp I/O Read Time":0.0,"Temp I/O Write Time":0.0}]}]}]}]}]}]},"Planning":{"Shared Hit Blocks":72,"Shared Read Blocks":0,"Shared Dirtied Blocks":0,"Shared Written Blocks":0,"Local Hit Blocks":0,"Local Read Blocks":0,"Local Dirtied Blocks":0,"Local Written Blocks":0,"Temp Read Blocks":0,"Temp Written Blocks":0,"I/O Read Time":0.0,"I/O Write Time":0.0,"Temp I/O Read Time":0.0,"Temp I/O Write Time":0.0},"Planning Time":0.974,"Triggers":[],"Execution Time":25017.501}]
[列存组合]: order_line
[{"Plan":{"Node Type":"Limit","Parallel Aware":false,"Async Capable":false,"Startup Cost":3257369.18,"Total Cost":3257371.68,"Plan Rows":1000,"Plan Width":89,"Actual Startup Time":10923.948,"Actual Total Time":10924.076,"Actual Rows":1000,"Actual Loops":1,"Output":["customer.c_id","customer.c_last","(sum(order_line.ol_amount))","customer.c_city","customer.c_phone","nation.n_name"],"Shared Hit Blocks":504184,"Shared Read Blocks":0,"Shared Dirtied Blocks":0,"Shared Written Blocks":0,"Local Hit Blocks":0,"Local Read Blocks":0,"Local Dirtied Blocks":0,"Local Written Blocks":0,"Temp Read Blocks":111563,"Temp Written Blocks":111631,"I/O Read Time":0.0,"I/O Write Time":0.0,"Temp I/O Read Time":170.706,"Temp I/O Write Time":455.605,"Plans":[{"Node Type":"Sort","Parent Relationship":"Outer","Parallel Aware":false,"Async Capable":false,"Startup Cost":3257369.18,"Total Cost":3258672.43,"Plan Rows":521302,"Plan Width":89,"Actual Startup Time":10923.945,"Actual Total Time":10924.007,"Actual Rows":1000,"Actual Loops":1,"Output":["customer.c_id","customer.c_last","(sum(order_line.ol_amount))","customer.c_city","customer.c_phone","nation.n_name"],"Sort Key":["(sum(order_line.ol_amount)) DESC"],"Sort Method":"top-N heapsort","Sort Space Used":189,"Sort Space Type":"Memory","Shared Hit Blocks":504184,"Shared Read Blocks":0,"Shared Dirtied Blocks":0,"Shared Written Blocks":0,"Local Hit Blocks":0,"Local Read Blocks":0,"Local Dirtied Blocks":0,"Local Written Blocks":0,"Temp Read Blocks":111563,"Temp Written Blocks":111631,"I/O Read Time":0.0,"I/O Write Time":0.0,"Temp I/O Read Time":170.706,"Temp I/O Write Time":455.605,"Plans":[{"Node Type":"Aggregate","Strategy":"Sorted","Partial Mode":"Simple","Parent Relationship":"Outer","Parallel Aware":false,"Async Capable":false,"Startup Cost":3213147.69,"Total Cost":3228786.75,"Plan Rows":521302,"Plan Width":89,"Actual Startup Time":9711.262,"Actual Total Time":10874.635,"Actual Rows":215962,"Actual Loops":1,"Output":["customer.c_id","customer.c_last","sum(order_line.ol_amount)","customer.c_city","customer.c_phone","nation.n_name"],"Group Key":["customer.c_id","customer.c_last","customer.c_city","customer.c_phone","nation.n_name"],"Shared Hit Blocks":504184,"Shared Read Blocks":0,"Shared Dirtied Blocks":0,"Shared Written Blocks":0,"Local Hit Blocks":0,"Local Read Blocks":0,"Local Dirtied Blocks":0,"Local Written Blocks":0,"Temp Read Blocks":111563,"Temp Written Blocks":111631,"I/O Read Time":0.0,"I/O Write Time":0.0,"Temp I/O Read Time":170.706,"Temp I/O Write Time":455.605,"Plans":[{"Node Type":"Sort","Parent Relationship":"Outer","Parallel Aware":false,"Async Capable":false,"Startup Cost":3213147.69,"Total Cost":3214450.95,"Plan Rows":521302,"Plan Width":61,"Actual Startup Time":9711.234,"Actual Total Time":10290.683,"Actual Rows":2159576,"Actual Loops":1,"Output":["customer.c_id","customer.c_last","customer.c_city","customer.c_phone","nation.n_name","order_line.ol_amount"],"Sort Key":["customer.c_id","customer.c_last","customer.c_city","customer.c_phone","nation.n_name"],"Sort Method":"external merge","Sort Space Used":150424,"Sort Space Type":"Disk","Shared Hit Blocks":504184,"Shared Read Blocks":0,"Shared Dirtied Blocks":0,"Shared Written Blocks":0,"Local Hit Blocks":0,"Local Read Blocks":0,"Local Dirtied Blocks":0,"Local Written Blocks":0,"Temp Read Blocks":111563,"Temp Written Blocks":111631,"I/O Read Time":0.0,"I/O Write Time":0.0,"Temp I/O Read Time":170.706,"Temp I/O Write Time":455.605,"Plans":[{"Node Type":"Nested Loop","Parent Relationship":"Outer","Parallel Aware":false,"Async Capable":false,"Join Type":"Inner","Startup Cost":828804.59,"Total Cost":3144045.48,"Plan Rows":521302,"Plan Width":61,"Actual Startup Time":4273.624,"Actual Total Time":8150.712,"Actual Rows":2159576,"Actual Loops":1,"Output":["customer.c_id","customer.c_last","customer.c_city","customer.c_phone","nation.n_name","order_line.ol_amount"],"Inner Unique":true,"Shared Hit Blocks":504184,"Shared Read Blocks":0,"Shared Dirtied Blocks":0,"Shared Written Blocks":0,"Local Hit Blocks":0,"Local Read Blocks":0,"Local Dirtied Blocks":0,"Local Written Blocks":0,"Temp Read Blocks":73962,"Temp Written Blocks":73962,"I/O Read Time":0.0,"I/O Write Time":0.0,"Temp I/O Read Time":114.396,"Temp I/O Write Time":357.336,"Plans":[{"Node Type":"Hash Join","Parent Relationship":"Outer","Parallel Aware":false,"Async Capable":false,"Join Type":"Inner","Startup Cost":828804.44,"Total Cost":3131056.36,"Plan Rows":521302,"Plan Width":57,"Actual Startup Time":4273.58,"Actual Total Time":7452.272,"Actual Rows":2159576,"Actual Loops":1,"Output":["customer.c_id","customer.c_last","customer.c_city","customer.c_phone","customer.c_nationkey","order_line.ol_amount"],"Inner Unique":true,"Hash Cond":"((orders.o_c_id = customer.c_id) AND (orders.o_w_id = customer.c_w_id) AND (orders.o_d_id = customer.c_d_id))","Shared Hit Blocks":504112,"Shared Read Blocks":0,"Shared Dirtied Blocks":0,"Shared Written Blocks":0,"Local Hit Blocks":0,"Local Read Blocks":0,"Local Dirtied Blocks":0,"Local Written Blocks":0,"Temp Read Blocks":73962,"Temp Written Blocks":73962,"I/O Read Time":0.0,"I/O Write Time":0.0,"Temp I/O Read Time":114.396,"Temp I/O Write Time":357.336,"Plans":[{"Node Type":"Hash Join","Parent Relationship":"Outer","Parallel Aware":false,"Async Capable":false,"Join Type":"Inner","Startup Cost":139355.59,"Total Cost":2367955.26,"Plan Rows":521302,"Plan Width":16,"Actual Startup Time":458.863,"Actual Total Time":2113.112,"Actual Rows":2159576,"Actual Loops":1,"Output":["orders.o_c_id","orders.o_w_id","orders.o_d_id","order_line.ol_amount","order_line.ol_w_id","order_line.ol_d_id"],"Inner Unique":true,"Hash Cond":"((order_line.ol_w_id = orders.o_w_id) AND (order_line.ol_d_id = orders.o_d_id) AND (order_line.ol_o_id = orders.o_id))","Join Filter":"(orders.o_entry_d <= order_line.ol_delivery_d)","Rows Removed by Join Filter":0,"Shared Hit Blocks":44122,"Shared Read Blocks":0,"Shared Dirtied Blocks":0,"Shared Written Blocks":0,"Local Hit Blocks":0,"Local Read Blocks":0,"Local Dirtied Blocks":0,"Local Written Blocks":0,"Temp Read Blocks":6591,"Temp Written Blocks":6591,"I/O Read Time":0.0,"I/O Write Time":0.0,"Temp I/O Read Time":10.192,"Temp I/O Write Time":28.454,"Plans":[{"Node Type":"Append","Parent Relationship":"Outer","Parallel Aware":false,"Async Capable":false,"Startup Cost":20.0,"Total Cost":1403598.82,"Plan Rows":42039468,"Plan Width":24,"Actual Startup Time":1.471,"Actual Total Time":831.981,"Actual Rows":2240029,"Actual Loops":1,"Shared Hit Blocks":0,"Shared Read Blocks":0,"Shared Dirtied Blocks":0,"Shared Written Blocks":0,"Local Hit Blocks":0,"Local Read Blocks":0,"Local Dirtied Blocks":0,"Local Written Blocks":0,"Temp Read Blocks":0,"Temp Written Blocks":0,"I/O Read Time":0.0,"I/O Write Time":0.0,"Temp I/O Read Time":0.0,"Temp I/O Write Time":0.0,"Subplans Removed":0,"Plans":[{"Node Type":"Custom Scan","Parent Relationship":"Member","Custom Plan Provider":"columnar scan","Parallel Aware":false,"Async Capable":false,"Relation Name":"order_line","Schema":"public","Alias":"order_line","Startup Cost":20.0,"Total Cost":1072026.23,"Plan Rows":42039424,"Plan Width":24,"Actual Startup Time":1.47,"Actual Total Time":658.728,"Actual Rows":2240029,"Actual Loops":1,"Output":["order_line.ol_amount","order_line.ol_w_id","order_line.ol_d_id","order_line.ol_o_id","order_line.ol_delivery_d"],"Filter":"(order_line.ol_delivery_d >= '1992-01-02 20:10:02.27764'::timestamp without time zone)","Rows Removed by Filter":0,"Rows Removed by Columnar Filter":57753732,"Rows Filtered by Bloom Filter":0,"Dictionary Rows Filtered by Bloom Filter":57753732,"Columnar cache search mode":"native","Shared Hit Blocks":0,"Shared Read Blocks":0,"Shared Dirtied Blocks":0,"Shared Written Blocks":0,"Local Hit Blocks":0,"Local Read Blocks":0,"Local Dirtied Blocks":0,"Local Written Blocks":0,"Temp Read Blocks":0,"Temp Written Blocks":0,"I/O Read Time":0.0,"I/O Write Time":0.0,"Temp I/O Read Time":0.0,"Temp I/O Write Time":0.0},{"Node Type":"Seq Scan","Parent Relationship":"Member","Parallel Aware":false,"Async Capable":false,"Relation Name":"order_line","Schema":"public","Alias":"order_line","Startup Cost":0.0,"Total Cost":4.79,"Plan Rows":44,"Plan Width":24,"Actual Startup Time":0.0,"Actual Total Time":0.0,"Actual Rows":0,"Actual Loops":0,"Output":["order_line.ol_amount","order_line.ol_w_id","order_line.ol_d_id","order_line.ol_o_id","order_line.ol_delivery_d"],"Filter":"(order_line.ol_delivery_d >= '1992-01-02 20:10:02.27764'::timestamp without time zone)","Rows Removed by Filter":0,"Shared Hit Blocks":0,"Shared Read Blocks":0,"Shared Dirtied Blocks":0,"Shared Written Blocks":0,"Local Hit Blocks":0,"Local Read Blocks":0,"Local Dirtied Blocks":0,"Local Written Blocks":0,"Temp Read Blocks":0,"Temp Written Blocks":0,"I/O Read Time":0.0,"I/O Write Time":0.0,"Temp I/O Read Time":0.0,"Temp I/O Write Time":0.0}]},{"Node Type":"Hash","Parent Relationship":"Inner","Parallel Aware":false,"Async Capable":false,"Startup Cost":134121.52,"Total Cost":134121.52,"Plan Rows":223204,"Plan Width":24,"Actual Startup Time":456.397,"Actual Total Time":456.399,"Actual Rows":215962,"Actual Loops":1,"Output":["orders.o_c_id","orders.o_w_id","orders.o_d_id","orders.o_id","orders.o_entry_d"],"Hash Buckets":131072,"Original Hash Buckets":131072,"Hash Batches":2,"Original Hash Batches":2,"Peak Memory Usage":6929,"Shared Hit Blocks":44122,"Shared Read Blocks":0,"Shared Dirtied Blocks":0,"Shared Written Blocks":0,"Local Hit Blocks":0,"Local Read Blocks":0,"Local Dirtied Blocks":0,"Local Written Blocks":0,"Temp Read Blocks":0,"Temp Written Blocks":580,"I/O Read Time":0.0,"I/O Write Time":0.0,"Temp I/O Read Time":0.0,"Temp I/O Write Time":3.135,"Plans":[{"Node Type":"Seq Scan","Parent Relationship":"Outer","Parallel Aware":false,"Async Capable":false,"Relation Name":"orders","Schema":"public","Alias":"orders","Startup Cost":0.0,"Total Cost":134121.52,"Plan Rows":223204,"Plan Width":24,"Actual Startup Time":1.006,"Actual Total Time":399.308,"Actual Rows":215962,"Actual Loops":1,"Output":["orders.o_c_id","orders.o_w_id","orders.o_d_id","orders.o_id","orders.o_entry_d"],"Filter":"((orders.o_entry_d >= '1993-07-02 20:10:02.27764'::timestamp without time zone) AND (orders.o_entry_d < '1993-10-02 20:10:02.27764'::timestamp without time zone))","Rows Removed by Filter":5784038,"Shared Hit Blocks":44122,"Shared Read Blocks":0,"Shared Dirtied Blocks":0,"Shared Written Blocks":0,"Local Hit Blocks":0,"Local Read Blocks":0,"Local Dirtied Blocks":0,"Local Written Blocks":0,"Temp Read Blocks":0,"Temp Written Blocks":0,"I/O Read Time":0.0,"I/O Write Time":0.0,"Temp I/O Read Time":0.0,"Temp I/O Write Time":0.0}]}]},{"Node Type":"Hash","Parent Relationship":"Inner","Parallel Aware":false,"Async Capable":false,"Startup Cost":519991.4,"Total Cost":519991.4,"Plan Rows":6000140,"Plan Width":57,"Actual Startup Time":3807.696,"Actual Total Time":3807.699,"Actual Rows":6000000,"Actual Loops":1,"Output":["customer.c_id","customer.c_last","customer.c_city","customer.c_phone","customer.c_w_id","customer.c_d_id","customer.c_nationkey"],"Hash Buckets":131072,"Original Hash Buckets":131072,"Hash Batches":128,"Original Hash Batches":128,"Peak Memory Usage":5209,"Shared Hit Blocks":459990,"Shared Read Blocks":0,"Shared Dirtied Blocks":0,"Shared Written Blocks":0,"Local Hit Blocks":0,"Local Read Blocks":0,"Local Dirtied Blocks":0,"Local Written Blocks":0,"Temp Read Blocks":0,"Temp Written Blocks":57760,"I/O Read Time":0.0,"I/O Write Time":0.0,"Temp I/O Read Time":0.0,"Temp I/O Write Time":282.804,"Plans":[{"Node Type":"Seq Scan","Parent Relationship":"Outer","Parallel Aware":false,"Async Capable":false,"Relation Name":"customer","Schema":"public","Alias":"customer","Startup Cost":0.0,"Total Cost":519991.4,"Plan Rows":6000140,"Plan Width":57,"Actual Startup Time":0.009,"Actual Total Time":2376.638,"Actual Rows":6000000,"Actual Loops":1,"Output":["customer.c_id","customer.c_last","customer.c_city","customer.c_phone","customer.c_w_id","customer.c_d_id","customer.c_nationkey"],"Shared Hit Blocks":459990,"Shared Read Blocks":0,"Shared Dirtied Blocks":0,"Shared Written Blocks":0,"Local Hit Blocks":0,"Local Read Blocks":0,"Local Dirtied Blocks":0,"Local Written Blocks":0,"Temp Read Blocks":0,"Temp Written Blocks":0,"I/O Read Time":0.0,"I/O Write Time":0.0,"Temp I/O Read Time":0.0,"Temp I/O Write Time":0.0}]}]},{"Node Type":"Memoize","Parent Relationship":"Inner","Parallel Aware":false,"Async Capable":false,"Startup Cost":0.15,"Total Cost":2.17,"Plan Rows":1,"Plan Width":12,"Actual Startup Time":0.0,"Actual Total Time":0.0,"Actual Rows":1,"Actual Loops":2159576,"Output":["nation.n_name","nation.n_nationkey"],"Cache Key":"customer.c_nationkey","Cache Mode":"logical","Cache Hits":2159540,"Cache Misses":36,"Cache Evictions":0,"Cache Overflows":0,"Peak Memory Usage":4,"Shared Hit Blocks":72,"Shared Read Blocks":0,"Shared Dirtied Blocks":0,"Shared Written Blocks":0,"Local Hit Blocks":0,"Local Read Blocks":0,"Local Dirtied Blocks":0,"Local Written Blocks":0,"Temp Read Blocks":0,"Temp Written Blocks":0,"I/O Read Time":0.0,"I/O Write Time":0.0,"Temp I/O Read Time":0.0,"Temp I/O Write Time":0.0,"Plans":[{"Node Type":"Index Scan","Parent Relationship":"Outer","Parallel Aware":false,"Async Capable":false,"Scan Direction":"Forward","Index Name":"nation_pk","Relation Name":"nation","Schema":"public","Alias":"nation","Startup Cost":0.14,"Total Cost":2.16,"Plan Rows":1,"Plan Width":12,"Actual Startup Time":0.003,"Actual Total Time":0.003,"Actual Rows":1,"Actual Loops":36,"Output":["nation.n_name","nation.n_nationkey"],"Index Cond":"(nation.n_nationkey = customer.c_nationkey)","Rows Removed by Index Recheck":0,"Shared Hit Blocks":72,"Shared Read Blocks":0,"Shared Dirtied Blocks":0,"Shared Written Blocks":0,"Local Hit Blocks":0,"Local Read Blocks":0,"Local Dirtied Blocks":0,"Local Written Blocks":0,"Temp Read Blocks":0,"Temp Written Blocks":0,"I/O Read Time":0.0,"I/O Write Time":0.0,"Temp I/O Read Time":0.0,"Temp I/O Write Time":0.0}]}]}]}]}]}]},"Planning":{"Shared Hit Blocks":72,"Shared Read Blocks":0,"Shared Dirtied Blocks":0,"Shared Written Blocks":0,"Local Hit Blocks":0,"Local Read Blocks":0,"Local Dirtied Blocks":0,"Local Written Blocks":0,"Temp Read Blocks":0,"Temp Written Blocks":0,"I/O Read Time":0.0,"I/O Write Time":0.0,"Temp I/O Read Time":0.0,"Temp I/O Write Time":0.0},"Planning Time":1.555,"Triggers":[],"Execution Time":10948.789}]
[列存组合]: orders
[{"Plan":{"Node Type":"Limit","Parallel Aware":false,"Async Capable":false,"Startup Cost":3265636.85,"Total Cost":3265639.35,"Plan Rows":1000,"Plan Width":89,"Actual Startup Time":24688.343,"Actual Total Time":24688.463,"Actual Rows":1000,"Actual Loops":1,"Output":["customer.c_id","customer.c_last","(sum(order_line.ol_amount))","customer.c_city","customer.c_phone","nation.n_name"],"Shared Hit Blocks":1141810,"Shared Read Blocks":0,"Shared Dirtied Blocks":0,"Shared Written Blocks":0,"Local Hit Blocks":0,"Local Read Blocks":0,"Local Dirtied Blocks":0,"Local Written Blocks":0,"Temp Read Blocks":218391,"Temp Written Blocks":218459,"I/O Read Time":0.0,"I/O Write Time":0.0,"Temp I/O Read Time":318.683,"Temp I/O Write Time":864.082,"Plans":[{"Node Type":"Sort","Parent Relationship":"Outer","Parallel Aware":false,"Async Capable":false,"Startup Cost":3265636.85,"Total Cost":3266940.11,"Plan Rows":521302,"Plan Width":89,"Actual Startup Time":24688.342,"Actual Total Time":24688.397,"Actual Rows":1000,"Actual Loops":1,"Output":["customer.c_id","customer.c_last","(sum(order_line.ol_amount))","customer.c_city","customer.c_phone","nation.n_name"],"Sort Key":["(sum(order_line.ol_amount)) DESC"],"Sort Method":"top-N heapsort","Sort Space Used":189,"Sort Space Type":"Memory","Shared Hit Blocks":1141810,"Shared Read Blocks":0,"Shared Dirtied Blocks":0,"Shared Written Blocks":0,"Local Hit Blocks":0,"Local Read Blocks":0,"Local Dirtied Blocks":0,"Local Written Blocks":0,"Temp Read Blocks":218391,"Temp Written Blocks":218459,"I/O Read Time":0.0,"I/O Write Time":0.0,"Temp I/O Read Time":318.683,"Temp I/O Write Time":864.082,"Plans":[{"Node Type":"Aggregate","Strategy":"Sorted","Partial Mode":"Simple","Parent Relationship":"Outer","Parallel Aware":false,"Async Capable":false,"Startup Cost":3221415.37,"Total Cost":3237054.43,"Plan Rows":521302,"Plan Width":89,"Actual Startup Time":23476.896,"Actual Total Time":24639.008,"Actual Rows":215962,"Actual Loops":1,"Output":["customer.c_id","customer.c_last","sum(order_line.ol_amount)","customer.c_city","customer.c_phone","nation.n_name"],"Group Key":["customer.c_id","customer.c_last","customer.c_city","customer.c_phone","nation.n_name"],"Shared Hit Blocks":1141810,"Shared Read Blocks":0,"Shared Dirtied Blocks":0,"Shared Written Blocks":0,"Local Hit Blocks":0,"Local Read Blocks":0,"Local Dirtied Blocks":0,"Local Written Blocks":0,"Temp Read Blocks":218391,"Temp Written Blocks":218459,"I/O Read Time":0.0,"I/O Write Time":0.0,"Temp I/O Read Time":318.683,"Temp I/O Write Time":864.082,"Plans":[{"Node Type":"Sort","Parent Relationship":"Outer","Parallel Aware":false,"Async Capable":false,"Startup Cost":3221415.37,"Total Cost":3222718.62,"Plan Rows":521302,"Plan Width":61,"Actual Startup Time":23476.868,"Actual Total Time":24055.41,"Actual Rows":2159576,"Actual Loops":1,"Output":["customer.c_id","customer.c_last","customer.c_city","customer.c_phone","nation.n_name","order_line.ol_amount"],"Sort Key":["customer.c_id","customer.c_last","customer.c_city","customer.c_phone","nation.n_name"],"Sort Method":"external merge","Sort Space Used":150424,"Sort Space Type":"Disk","Shared Hit Blocks":1141810,"Shared Read Blocks":0,"Shared Dirtied Blocks":0,"Shared Written Blocks":0,"Local Hit Blocks":0,"Local Read Blocks":0,"Local Dirtied Blocks":0,"Local Written Blocks":0,"Temp Read Blocks":218391,"Temp Written Blocks":218459,"I/O Read Time":0.0,"I/O Write Time":0.0,"Temp I/O Read Time":318.683,"Temp I/O Write Time":864.082,"Plans":[{"Node Type":"Nested Loop","Parent Relationship":"Outer","Parallel Aware":false,"Async Capable":false,"Join Type":"Inner","Startup Cost":808980.29,"Total Cost":3152313.15,"Plan Rows":521302,"Plan Width":61,"Actual Startup Time":4018.91,"Actual Total Time":21910.552,"Actual Rows":2159576,"Actual Loops":1,"Output":["customer.c_id","customer.c_last","customer.c_city","customer.c_phone","nation.n_name","order_line.ol_amount"],"Inner Unique":true,"Shared Hit Blocks":1141810,"Shared Read Blocks":0,"Shared Dirtied Blocks":0,"Shared Written Blocks":0,"Local Hit Blocks":0,"Local Read Blocks":0,"Local Dirtied Blocks":0,"Local Written Blocks":0,"Temp Read Blocks":180790,"Temp Written Blocks":180790,"I/O Read Time":0.0,"I/O Write Time":0.0,"Temp I/O Read Time":262.868,"Temp I/O Write Time":766.606,"Plans":[{"Node Type":"Hash Join","Parent Relationship":"Outer","Parallel Aware":false,"Async Capable":false,"Join Type":"Inner","Startup Cost":808980.14,"Total Cost":3139324.03,"Plan Rows":521302,"Plan Width":57,"Actual Startup Time":4018.866,"Actual Total Time":21219.588,"Actual Rows":2159576,"Actual Loops":1,"Output":["customer.c_id","customer.c_last","customer.c_city","customer.c_phone","customer.c_nationkey","order_line.ol_amount"],"Inner Unique":true,"Hash Cond":"((orders.o_c_id = customer.c_id) AND (orders.o_w_id = customer.c_w_id) AND (orders.o_d_id = customer.c_d_id))","Shared Hit Blocks":1141738,"Shared Read Blocks":0,"Shared Dirtied Blocks":0,"Shared Written Blocks":0,"Local Hit Blocks":0,"Local Read Blocks":0,"Local Dirtied Blocks":0,"Local Written Blocks":0,"Temp Read Blocks":180790,"Temp Written Blocks":180790,"I/O Read Time":0.0,"I/O Write Time":0.0,"Temp I/O Read Time":262.868,"Temp I/O Write Time":766.606,"Plans":[{"Node Type":"Hash Join","Parent Relationship":"Outer","Parallel Aware":false,"Async Capable":false,"Join Type":"Inner","Startup Cost":119531.29,"Total Cost":2376222.93,"Plan Rows":521302,"Plan Width":16,"Actual Startup Time":157.777,"Actual Total Time":15834.304,"Actual Rows":2159576,"Actual Loops":1,"Output":["orders.o_c_id","orders.o_w_id","orders.o_d_id","order_line.ol_amount","order_line.ol_w_id","order_line.ol_d_id"],"Inner Unique":true,"Hash Cond":"((order_line.ol_w_id = orders.o_w_id) AND (order_line.ol_d_id = orders.o_d_id) AND (order_line.ol_o_id = orders.o_id))","Join Filter":"(orders.o_entry_d <= order_line.ol_delivery_d)","Rows Removed by Join Filter":0,"Shared Hit Blocks":681748,"Shared Read Blocks":0,"Shared Dirtied Blocks":0,"Shared Written Blocks":0,"Local Hit Blocks":0,"Local Read Blocks":0,"Local Dirtied Blocks":0,"Local Written Blocks":0,"Temp Read Blocks":113419,"Temp Written Blocks":113419,"I/O Read Time":0.0,"I/O Write Time":0.0,"Temp I/O Read Time":160.359,"Temp I/O Write Time":435.836,"Plans":[{"Node Type":"Seq Scan","Parent Relationship":"Outer","Parallel Aware":false,"Async Capable":false,"Relation Name":"order_line","Schema":"public","Alias":"order_line","Startup Cost":0.0,"Total Cost":1431670.8,"Plan Rows":42039468,"Plan Width":24,"Actual Startup Time":0.01,"Actual Total Time":7324.228,"Actual Rows":42000489,"Actual Loops":1,"Output":["order_line.ol_amount","order_line.ol_w_id","order_line.ol_d_id","order_line.ol_o_id","order_line.ol_delivery_d"],"Filter":"(order_line.ol_delivery_d >= '1992-01-02 20:10:02.27764'::timestamp without time zone)","Rows Removed by Filter":17993272,"Shared Hit Blocks":681748,"Shared Read Blocks":0,"Shared Dirtied Blocks":0,"Shared Written Blocks":0,"Local Hit Blocks":0,"Local Read Blocks":0,"Local Dirtied Blocks":0,"Local Written Blocks":0,"Temp Read Blocks":0,"Temp Written Blocks":0,"I/O Read Time":0.0,"I/O Write Time":0.0,"Temp I/O Read Time":0.0,"Temp I/O Write Time":0.0},{"Node Type":"Hash","Parent Relationship":"Inner","Parallel Aware":false,"Async Capable":false,"Startup Cost":114317.2,"Total Cost":114317.2,"Plan Rows":223205,"Plan Width":24,"Actual Startup Time":104.815,"Actual Total Time":104.823,"Actual Rows":215962,"Actual Loops":1,"Output":["orders.o_c_id","orders.o_w_id","orders.o_d_id","orders.o_id","orders.o_entry_d"],"Hash Buckets":131072,"Original Hash Buckets":131072,"Hash Batches":2,"Original Hash Batches":2,"Peak Memory Usage":6929,"Shared Hit Blocks":0,"Shared Read Blocks":0,"Shared Dirtied Blocks":0,"Shared Written Blocks":0,"Local Hit Blocks":0,"Local Read Blocks":0,"Local Dirtied Blocks":0,"Local Written Blocks":0,"Temp Read Blocks":0,"Temp Written Blocks":580,"I/O Read Time":0.0,"I/O Write Time":0.0,"Temp I/O Read Time":0.0,"Temp I/O Write Time":2.5,"Plans":[{"Node Type":"Append","Parent Relationship":"Outer","Parallel Aware":false,"Async Capable":false,"Startup Cost":20.0,"Total Cost":114317.2,"Plan Rows":223205,"Plan Width":24,"Actual Startup Time":0.487,"Actual Total Time":63.145,"Actual Rows":215962,"Actual Loops":1,"Shared Hit Blocks":0,"Shared Read Blocks":0,"Shared Dirtied Blocks":0,"Shared Written Blocks":0,"Local Hit Blocks":0,"Local Read Blocks":0,"Local Dirtied Blocks":0,"Local Written Blocks":0,"Temp Read Blocks":0,"Temp Written Blocks":0,"I/O Read Time":0.0,"I/O Write Time":0.0,"Temp I/O Read Time":0.0,"Temp I/O Write Time":0.0,"Subplans Removed":0,"Plans":[{"Node Type":"Custom Scan","Parent Relationship":"Member","Custom Plan Provider":"columnar scan","Parallel Aware":false,"Async Capable":false,"Relation Name":"orders","Schema":"public","Alias":"orders","Startup Cost":20.0,"Total Cost":5711.85,"Plan Rows":223204,"Plan Width":24,"Actual Startup Time":0.485,"Actual Total Time":47.038,"Actual Rows":215962,"Actual Loops":1,"Output":["orders.o_c_id","orders.o_w_id","orders.o_d_id","orders.o_id","orders.o_entry_d"],"Filter":"((orders.o_entry_d < '1993-10-02 20:10:02.27764'::timestamp without time zone) AND (orders.o_entry_d >= '1993-07-02 20:10:02.27764'::timestamp without time zone))","Rows Removed by Filter":0,"Rows Removed by Columnar Filter":5784038,"Columnar cache search mode":"native","Shared Hit Blocks":0,"Shared Read Blocks":0,"Shared Dirtied Blocks":0,"Shared Written Blocks":0,"Local Hit Blocks":0,"Local Read Blocks":0,"Local Dirtied Blocks":0,"Local Written Blocks":0,"Temp Read Blocks":0,"Temp Written Blocks":0,"I/O Read Time":0.0,"I/O Write Time":0.0,"Temp I/O Read Time":0.0,"Temp I/O Write Time":0.0},{"Node Type":"Seq Scan","Parent Relationship":"Member","Parallel Aware":false,"Async Capable":false,"Relation Name":"orders","Schema":"public","Alias":"orders","Startup Cost":0.0,"Total Cost":4.01,"Plan Rows":1,"Plan Width":24,"Actual Startup Time":0.0,"Actual Total Time":0.0,"Actual Rows":0,"Actual Loops":0,"Output":["orders.o_c_id","orders.o_w_id","orders.o_d_id","orders.o_id","orders.o_entry_d"],"Filter":"((orders.o_entry_d < '1993-10-02 20:10:02.27764'::timestamp without time zone) AND (orders.o_entry_d >= '1993-07-02 20:10:02.27764'::timestamp without time zone))","Rows Removed by Filter":0,"Shared Hit Blocks":0,"Shared Read Blocks":0,"Shared Dirtied Blocks":0,"Shared Written Blocks":0,"Local Hit Blocks":0,"Local Read Blocks":0,"Local Dirtied Blocks":0,"Local Written Blocks":0,"Temp Read Blocks":0,"Temp Written Blocks":0,"I/O Read Time":0.0,"I/O Write Time":0.0,"Temp I/O Read Time":0.0,"Temp I/O Write Time":0.0}]}]}]},{"Node Type":"Hash","Parent Relationship":"Inner","Parallel Aware":false,"Async Capable":false,"Startup Cost":519991.4,"Total Cost":519991.4,"Plan Rows":6000140,"Plan Width":57,"Actual Startup Time":3846.791,"Actual Total Time":3846.793,"Actual Rows":6000000,"Actual Loops":1,"Output":["customer.c_id","customer.c_last","customer.c_city","customer.c_phone","customer.c_w_id","customer.c_d_id","customer.c_nationkey"],"Hash Buckets":131072,"Original Hash Buckets":131072,"Hash Batches":128,"Original Hash Batches":128,"Peak Memory Usage":5209,"Shared Hit Blocks":459990,"Shared Read Blocks":0,"Shared Dirtied Blocks":0,"Shared Written Blocks":0,"Local Hit Blocks":0,"Local Read Blocks":0,"Local Dirtied Blocks":0,"Local Written Blocks":0,"Temp Read Blocks":0,"Temp Written Blocks":57760,"I/O Read Time":0.0,"I/O Write Time":0.0,"Temp I/O Read Time":0.0,"Temp I/O Write Time":279.262,"Plans":[{"Node Type":"Seq Scan","Parent Relationship":"Outer","Parallel Aware":false,"Async Capable":false,"Relation Name":"customer","Schema":"public","Alias":"customer","Startup Cost":0.0,"Total Cost":519991.4,"Plan Rows":6000140,"Plan Width":57,"Actual Startup Time":0.011,"Actual Total Time":2427.804,"Actual Rows":6000000,"Actual Loops":1,"Output":["customer.c_id","customer.c_last","customer.c_city","customer.c_phone","customer.c_w_id","customer.c_d_id","customer.c_nationkey"],"Shared Hit Blocks":459990,"Shared Read Blocks":0,"Shared Dirtied Blocks":0,"Shared Written Blocks":0,"Local Hit Blocks":0,"Local Read Blocks":0,"Local Dirtied Blocks":0,"Local Written Blocks":0,"Temp Read Blocks":0,"Temp Written Blocks":0,"I/O Read Time":0.0,"I/O Write Time":0.0,"Temp I/O Read Time":0.0,"Temp I/O Write Time":0.0}]}]},{"Node Type":"Memoize","Parent Relationship":"Inner","Parallel Aware":false,"Async Capable":false,"Startup Cost":0.15,"Total Cost":2.17,"Plan Rows":1,"Plan Width":12,"Actual Startup Time":0.0,"Actual Total Time":0.0,"Actual Rows":1,"Actual Loops":2159576,"Output":["nation.n_name","nation.n_nationkey"],"Cache Key":"customer.c_nationkey","Cache Mode":"logical","Cache Hits":2159540,"Cache Misses":36,"Cache Evictions":0,"Cache Overflows":0,"Peak Memory Usage":4,"Shared Hit Blocks":72,"Shared Read Blocks":0,"Shared Dirtied Blocks":0,"Shared Written Blocks":0,"Local Hit Blocks":0,"Local Read Blocks":0,"Local Dirtied Blocks":0,"Local Written Blocks":0,"Temp Read Blocks":0,"Temp Written Blocks":0,"I/O Read Time":0.0,"I/O Write Time":0.0,"Temp I/O Read Time":0.0,"Temp I/O Write Time":0.0,"Plans":[{"Node Type":"Index Scan","Parent Relationship":"Outer","Parallel Aware":false,"Async Capable":false,"Scan Direction":"Forward","Index Name":"nation_pk","Relation Name":"nation","Schema":"public","Alias":"nation","Startup Cost":0.14,"Total Cost":2.16,"Plan Rows":1,"Plan Width":12,"Actual Startup Time":0.004,"Actual Total Time":0.004,"Actual Rows":1,"Actual Loops":36,"Output":["nation.n_name","nation.n_nationkey"],"Index Cond":"(nation.n_nationkey = customer.c_nationkey)","Rows Removed by Index Recheck":0,"Shared Hit Blocks":72,"Shared Read Blocks":0,"Shared Dirtied Blocks":0,"Shared Written Blocks":0,"Local Hit Blocks":0,"Local Read Blocks":0,"Local Dirtied Blocks":0,"Local Written Blocks":0,"Temp Read Blocks":0,"Temp Written Blocks":0,"I/O Read Time":0.0,"I/O Write Time":0.0,"Temp I/O Read Time":0.0,"Temp I/O Write Time":0.0}]}]}]}]}]}]},"Planning":{"Shared Hit Blocks":72,"Shared Read Blocks":0,"Shared Dirtied Blocks":0,"Shared Written Blocks":0,"Local Hit Blocks":0,"Local Read Blocks":0,"Local Dirtied Blocks":0,"Local Written Blocks":0,"Temp Read Blocks":0,"Temp Written Blocks":0,"I/O Read Time":0.0,"I/O Write Time":0.0,"Temp I/O Read Time":0.0,"Temp I/O Write Time":0.0},"Planning Time":1.136,"Triggers":[],"Execution Time":24711.908}]
[列存组合]: customer, nation
[{"Plan":{"Node Type":"Limit","Parallel Aware":false,"Async Capable":false,"Startup Cost":3275245.25,"Total Cost":3275247.75,"Plan Rows":1000,"Plan Width":89,"Actual Startup Time":23918.342,"Actual Total Time":23918.465,"Actual Rows":1000,"Actual Loops":1,"Output":["customer.c_id","customer.c_last","(sum(order_line.ol_amount))","customer.c_city","customer.c_phone","nation.n_name"],"Shared Hit Blocks":725942,"Shared Read Blocks":0,"Shared Dirtied Blocks":0,"Shared Written Blocks":0,"Local Hit Blocks":0,"Local Read Blocks":0,"Local Dirtied Blocks":0,"Local Written Blocks":0,"Temp Read Blocks":195437,"Temp Written Blocks":195505,"I/O Read Time":0.0,"I/O Write Time":0.0,"Temp I/O Read Time":287.851,"Temp I/O Write Time":751.965,"Plans":[{"Node Type":"Sort","Parent Relationship":"Outer","Parallel Aware":false,"Async Capable":false,"Startup Cost":3275245.25,"Total Cost":3276548.5,"Plan Rows":521302,"Plan Width":89,"Actual Startup Time":23918.34,"Actual Total Time":23918.398,"Actual Rows":1000,"Actual Loops":1,"Output":["customer.c_id","customer.c_last","(sum(order_line.ol_amount))","customer.c_city","customer.c_phone","nation.n_name"],"Sort Key":["(sum(order_line.ol_amount)) DESC"],"Sort Method":"top-N heapsort","Sort Space Used":189,"Sort Space Type":"Memory","Shared Hit Blocks":725942,"Shared Read Blocks":0,"Shared Dirtied Blocks":0,"Shared Written Blocks":0,"Local Hit Blocks":0,"Local Read Blocks":0,"Local Dirtied Blocks":0,"Local Written Blocks":0,"Temp Read Blocks":195437,"Temp Written Blocks":195505,"I/O Read Time":0.0,"I/O Write Time":0.0,"Temp I/O Read Time":287.851,"Temp I/O Write Time":751.965,"Plans":[{"Node Type":"Aggregate","Strategy":"Sorted","Partial Mode":"Simple","Parent Relationship":"Outer","Parallel Aware":false,"Async Capable":false,"Startup Cost":3231023.76,"Total Cost":3246662.82,"Plan Rows":521302,"Plan Width":89,"Actual Startup Time":22700.349,"Actual Total Time":23868.962,"Actual Rows":215962,"Actual Loops":1,"Output":["customer.c_id","customer.c_last","sum(order_line.ol_amount)","customer.c_city","customer.c_phone","nation.n_name"],"Group Key":["customer.c_id","customer.c_last","customer.c_city","customer.c_phone","nation.n_name"],"Shared Hit Blocks":725942,"Shared Read Blocks":0,"Shared Dirtied Blocks":0,"Shared Written Blocks":0,"Local Hit Blocks":0,"Local Read Blocks":0,"Local Dirtied Blocks":0,"Local Written Blocks":0,"Temp Read Blocks":195437,"Temp Written Blocks":195505,"I/O Read Time":0.0,"I/O Write Time":0.0,"Temp I/O Read Time":287.851,"Temp I/O Write Time":751.965,"Plans":[{"Node Type":"Sort","Parent Relationship":"Outer","Parallel Aware":false,"Async Capable":false,"Startup Cost":3231023.76,"Total Cost":3232327.01,"Plan Rows":521302,"Plan Width":61,"Actual Startup Time":22700.323,"Actual Total Time":23283.001,"Actual Rows":2159576,"Actual Loops":1,"Output":["customer.c_id","customer.c_last","customer.c_city","customer.c_phone","nation.n_name","order_line.ol_amount"],"Sort Key":["customer.c_id","customer.c_last","customer.c_city","customer.c_phone","nation.n_name"],"Sort Method":"external merge","Sort Space Used":150424,"Sort Space Type":"Disk","Shared Hit Blocks":725942,"Shared Read Blocks":0,"Shared Dirtied Blocks":0,"Shared Written Blocks":0,"Local Hit Blocks":0,"Local Read Blocks":0,"Local Dirtied Blocks":0,"Local Written Blocks":0,"Temp Read Blocks":195437,"Temp Written Blocks":195505,"I/O Read Time":0.0,"I/O Write Time":0.0,"Temp I/O Read Time":287.851,"Temp I/O Write Time":751.965,"Plans":[{"Node Type":"Nested Loop","Parent Relationship":"Outer","Parallel Aware":false,"Async Capable":false,"Join Type":"Inner","Startup Cost":818588.68,"Total Cost":3161921.55,"Plan Rows":521302,"Plan Width":61,"Actual Startup Time":2765.809,"Actual Total Time":21078.877,"Actual Rows":2159576,"Actual Loops":1,"Output":["customer.c_id","customer.c_last","customer.c_city","customer.c_phone","nation.n_name","order_line.ol_amount"],"Inner Unique":true,"Shared Hit Blocks":725942,"Shared Read Blocks":0,"Shared Dirtied Blocks":0,"Shared Written Blocks":0,"Local Hit Blocks":0,"Local Read Blocks":0,"Local Dirtied Blocks":0,"Local Written Blocks":0,"Temp Read Blocks":157836,"Temp Written Blocks":157836,"I/O Read Time":0.0,"I/O Write Time":0.0,"Temp I/O Read Time":232.071,"Temp I/O Write Time":654.166,"Plans":[{"Node Type":"Hash Join","Parent Relationship":"Outer","Parallel Aware":false,"Async Capable":false,"Join Type":"Inner","Startup Cost":818588.53,"Total Cost":3148932.43,"Plan Rows":521302,"Plan Width":57,"Actual Startup Time":2765.771,"Actual Total Time":20359.53,"Actual Rows":2159576,"Actual Loops":1,"Output":["customer.c_id","customer.c_last","customer.c_city","customer.c_phone","customer.c_nationkey","order_line.ol_amount"],"Inner Unique":true,"Hash Cond":"((orders.o_c_id = customer.c_id) AND (orders.o_w_id = customer.c_w_id) AND (orders.o_d_id = customer.c_d_id))","Shared Hit Blocks":725870,"Shared Read Blocks":0,"Shared Dirtied Blocks":0,"Shared Written Blocks":0,"Local Hit Blocks":0,"Local Read Blocks":0,"Local Dirtied Blocks":0,"Local Written Blocks":0,"Temp Read Blocks":157836,"Temp Written Blocks":157836,"I/O Read Time":0.0,"I/O Write Time":0.0,"Temp I/O Read Time":232.071,"Temp I/O Write Time":654.166,"Plans":[{"Node Type":"Hash Join","Parent Relationship":"Outer","Parallel Aware":false,"Async Capable":false,"Join Type":"Inner","Startup Cost":139335.59,"Total Cost":2396027.23,"Plan Rows":521302,"Plan Width":16,"Actual Startup Time":488.024,"Actual Total Time":16154.359,"Actual Rows":2159576,"Actual Loops":1,"Output":["orders.o_c_id","orders.o_w_id","orders.o_d_id","order_line.ol_amount","order_line.ol_w_id","order_line.ol_d_id"],"Inner Unique":true,"Hash Cond":"((order_line.ol_w_id = orders.o_w_id) AND (order_line.ol_d_id = orders.o_d_id) AND (order_line.ol_o_id = orders.o_id))","Join Filter":"(orders.o_entry_d <= order_line.ol_delivery_d)","Rows Removed by Join Filter":0,"Shared Hit Blocks":725870,"Shared Read Blocks":0,"Shared Dirtied Blocks":0,"Shared Written Blocks":0,"Local Hit Blocks":0,"Local Read Blocks":0,"Local Dirtied Blocks":0,"Local Written Blocks":0,"Temp Read Blocks":113419,"Temp Written Blocks":113419,"I/O Read Time":0.0,"I/O Write Time":0.0,"Temp I/O Read Time":163.101,"Temp I/O Write Time":438.933,"Plans":[{"Node Type":"Seq Scan","Parent Relationship":"Outer","Parallel Aware":false,"Async Capable":false,"Relation Name":"order_line","Schema":"public","Alias":"order_line","Startup Cost":0.0,"Total Cost":1431670.8,"Plan Rows":42039468,"Plan Width":24,"Actual Startup Time":0.012,"Actual Total Time":7302.612,"Actual Rows":42000489,"Actual Loops":1,"Output":["order_line.ol_amount","order_line.ol_w_id","order_line.ol_d_id","order_line.ol_o_id","order_line.ol_delivery_d"],"Filter":"(order_line.ol_delivery_d >= '1992-01-02 20:10:02.27764'::timestamp without time zone)","Rows Removed by Filter":17993272,"Shared Hit Blocks":681748,"Shared Read Blocks":0,"Shared Dirtied Blocks":0,"Shared Written Blocks":0,"Local Hit Blocks":0,"Local Read Blocks":0,"Local Dirtied Blocks":0,"Local Written Blocks":0,"Temp Read Blocks":0,"Temp Written Blocks":0,"I/O Read Time":0.0,"I/O Write Time":0.0,"Temp I/O Read Time":0.0,"Temp I/O Write Time":0.0},{"Node Type":"Hash","Parent Relationship":"Inner","Parallel Aware":false,"Async Capable":false,"Startup Cost":134121.52,"Total Cost":134121.52,"Plan Rows":223204,"Plan Width":24,"Actual Startup Time":435.391,"Actual Total Time":435.396,"Actual Rows":215962,"Actual Loops":1,"Output":["orders.o_c_id","orders.o_w_id","orders.o_d_id","orders.o_id","orders.o_entry_d"],"Hash Buckets":131072,"Original Hash Buckets":131072,"Hash Batches":2,"Original Hash Batches":2,"Peak Memory Usage":6929,"Shared Hit Blocks":44122,"Shared Read Blocks":0,"Shared Dirtied Blocks":0,"Shared Written Blocks":0,"Local Hit Blocks":0,"Local Read Blocks":0,"Local Dirtied Blocks":0,"Local Written Blocks":0,"Temp Read Blocks":0,"Temp Written Blocks":580,"I/O Read Time":0.0,"I/O Write Time":0.0,"Temp I/O Read Time":0.0,"Temp I/O Write Time":3.045,"Plans":[{"Node Type":"Seq Scan","Parent Relationship":"Outer","Parallel Aware":false,"Async Capable":false,"Relation Name":"orders","Schema":"public","Alias":"orders","Startup Cost":0.0,"Total Cost":134121.52,"Plan Rows":223204,"Plan Width":24,"Actual Startup Time":0.974,"Actual Total Time":393.611,"Actual Rows":215962,"Actual Loops":1,"Output":["orders.o_c_id","orders.o_w_id","orders.o_d_id","orders.o_id","orders.o_entry_d"],"Filter":"((orders.o_entry_d >= '1993-07-02 20:10:02.27764'::timestamp without time zone) AND (orders.o_entry_d < '1993-10-02 20:10:02.27764'::timestamp without time zone))","Rows Removed by Filter":5784038,"Shared Hit Blocks":44122,"Shared Read Blocks":0,"Shared Dirtied Blocks":0,"Shared Written Blocks":0,"Local Hit Blocks":0,"Local Read Blocks":0,"Local Dirtied Blocks":0,"Local Written Blocks":0,"Temp Read Blocks":0,"Temp Written Blocks":0,"I/O Read Time":0.0,"I/O Write Time":0.0,"Temp I/O Read Time":0.0,"Temp I/O Write Time":0.0}]}]},{"Node Type":"Hash","Parent Relationship":"Inner","Parallel Aware":false,"Async Capable":false,"Startup Cost":509795.49,"Total Cost":509795.49,"Plan Rows":6000140,"Plan Width":57,"Actual Startup Time":2275.308,"Actual Total Time":2275.316,"Actual Rows":6000000,"Actual Loops":1,"Output":["customer.c_id","customer.c_last","customer.c_city","customer.c_phone","customer.c_w_id","customer.c_d_id","customer.c_nationkey"],"Hash Buckets":65536,"Original Hash Buckets":65536,"Hash Batches":128,"Original Hash Batches":128,"Peak Memory Usage":3461,"Shared Hit Blocks":0,"Shared Read Blocks":0,"Shared Dirtied Blocks":0,"Shared Written Blocks":0,"Local Hit Blocks":0,"Local Read Blocks":0,"Local Dirtied Blocks":0,"Local Written Blocks":0,"Temp Read Blocks":0,"Temp Written Blocks":34816,"I/O Read Time":0.0,"I/O Write Time":0.0,"Temp I/O Read Time":0.0,"Temp I/O Write Time":163.629,"Plans":[{"Node Type":"Append","Parent Relationship":"Outer","Parallel Aware":false,"Async Capable":false,"Startup Cost":20.0,"Total Cost":509795.49,"Plan Rows":6000140,"Plan Width":57,"Actual Startup Time":0.029,"Actual Total Time":1110.117,"Actual Rows":6000000,"Actual Loops":1,"Shared Hit Blocks":0,"Shared Read Blocks":0,"Shared Dirtied Blocks":0,"Shared Written Blocks":0,"Local Hit Blocks":0,"Local Read Blocks":0,"Local Dirtied Blocks":0,"Local Written Blocks":0,"Temp Read Blocks":0,"Temp Written Blocks":0,"I/O Read Time":0.0,"I/O Write Time":0.0,"Temp I/O Read Time":0.0,"Temp I/O Write Time":0.0,"Subplans Removed":0,"Plans":[{"Node Type":"Custom Scan","Parent Relationship":"Member","Custom Plan Provider":"columnar scan","Parallel Aware":false,"Async Capable":false,"Relation Name":"customer","Schema":"public","Alias":"customer","Startup Cost":20.0,"Total Cost":203420.06,"Plan Rows":6000000,"Plan Width":57,"Actual Startup Time":0.028,"Actual Total Time":696.57,"Actual Rows":6000000,"Actual Loops":1,"Output":["customer.c_id","customer.c_last","customer.c_city","customer.c_phone","customer.c_w_id","customer.c_d_id","customer.c_nationkey"],"Rows Removed by Columnar Filter":0,"Columnar projection mode":"late materialization","Columnar cache search mode":"native","Shared Hit Blocks":0,"Shared Read Blocks":0,"Shared Dirtied Blocks":0,"Shared Written Blocks":0,"Local Hit Blocks":0,"Local Read Blocks":0,"Local Dirtied Blocks":0,"Local Written Blocks":0,"Temp Read Blocks":0,"Temp Written Blocks":0,"I/O Read Time":0.0,"I/O Write Time":0.0,"Temp I/O Read Time":0.0,"Temp I/O Write Time":0.0},{"Node Type":"Seq Scan","Parent Relationship":"Member","Parallel Aware":false,"Async Capable":false,"Relation Name":"customer","Schema":"public","Alias":"customer","Startup Cost":0.0,"Total Cost":5.4,"Plan Rows":140,"Plan Width":57,"Actual Startup Time":0.0,"Actual Total Time":0.0,"Actual Rows":0,"Actual Loops":0,"Output":["customer.c_id","customer.c_last","customer.c_city","customer.c_phone","customer.c_w_id","customer.c_d_id","customer.c_nationkey"],"Shared Hit Blocks":0,"Shared Read Blocks":0,"Shared Dirtied Blocks":0,"Shared Written Blocks":0,"Local Hit Blocks":0,"Local Read Blocks":0,"Local Dirtied Blocks":0,"Local Written Blocks":0,"Temp Read Blocks":0,"Temp Written Blocks":0,"I/O Read Time":0.0,"I/O Write Time":0.0,"Temp I/O Read Time":0.0,"Temp I/O Write Time":0.0}]}]}]},{"Node Type":"Memoize","Parent Relationship":"Inner","Parallel Aware":false,"Async Capable":false,"Startup Cost":0.15,"Total Cost":2.17,"Plan Rows":1,"Plan Width":12,"Actual Startup Time":0.0,"Actual Total Time":0.0,"Actual Rows":1,"Actual Loops":2159576,"Output":["nation.n_name","nation.n_nationkey"],"Cache Key":"customer.c_nationkey","Cache Mode":"logical","Cache Hits":2159540,"Cache Misses":36,"Cache Evictions":0,"Cache Overflows":0,"Peak Memory Usage":4,"Shared Hit Blocks":72,"Shared Read Blocks":0,"Shared Dirtied Blocks":0,"Shared Written Blocks":0,"Local Hit Blocks":0,"Local Read Blocks":0,"Local Dirtied Blocks":0,"Local Written Blocks":0,"Temp Read Blocks":0,"Temp Written Blocks":0,"I/O Read Time":0.0,"I/O Write Time":0.0,"Temp I/O Read Time":0.0,"Temp I/O Write Time":0.0,"Plans":[{"Node Type":"Index Scan","Parent Relationship":"Outer","Parallel Aware":false,"Async Capable":false,"Scan Direction":"Forward","Index Name":"nation_pk","Relation Name":"nation","Schema":"public","Alias":"nation","Startup Cost":0.14,"Total Cost":2.16,"Plan Rows":1,"Plan Width":12,"Actual Startup Time":0.004,"Actual Total Time":0.004,"Actual Rows":1,"Actual Loops":36,"Output":["nation.n_name","nation.n_nationkey"],"Index Cond":"(nation.n_nationkey = customer.c_nationkey)","Rows Removed by Index Recheck":0,"Shared Hit Blocks":72,"Shared Read Blocks":0,"Shared Dirtied Blocks":0,"Shared Written Blocks":0,"Local Hit Blocks":0,"Local Read Blocks":0,"Local Dirtied Blocks":0,"Local Written Blocks":0,"Temp Read Blocks":0,"Temp Written Blocks":0,"I/O Read Time":0.0,"I/O Write Time":0.0,"Temp I/O Read Time":0.0,"Temp I/O Write Time":0.0}]}]}]}]}]}]},"Planning":{"Shared Hit Blocks":72,"Shared Read Blocks":0,"Shared Dirtied Blocks":0,"Shared Written Blocks":0,"Local Hit Blocks":0,"Local Read Blocks":0,"Local Dirtied Blocks":0,"Local Written Blocks":0,"Temp Read Blocks":0,"Temp Written Blocks":0,"I/O Read Time":0.0,"I/O Write Time":0.0,"Temp I/O Read Time":0.0,"Temp I/O Write Time":0.0},"Planning Time":1.664,"Triggers":[],"Execution Time":23942.611}]
[列存组合]: customer, order_line
[{"Plan":{"Node Type":"Limit","Parallel Aware":false,"Async Capable":false,"Startup Cost":3247173.27,"Total Cost":3247175.77,"Plan Rows":1000,"Plan Width":89,"Actual Startup Time":9895.372,"Actual Total Time":9895.5,"Actual Rows":1000,"Actual Loops":1,"Output":["customer.c_id","customer.c_last","(sum(order_line.ol_amount))","customer.c_city","customer.c_phone","nation.n_name"],"Shared Hit Blocks":44194,"Shared Read Blocks":0,"Shared Dirtied Blocks":0,"Shared Written Blocks":0,"Local Hit Blocks":0,"Local Read Blocks":0,"Local Dirtied Blocks":0,"Local Written Blocks":0,"Temp Read Blocks":88609,"Temp Written Blocks":88677,"I/O Read Time":0.0,"I/O Write Time":0.0,"Temp I/O Read Time":137.672,"Temp I/O Write Time":340.017,"Plans":[{"Node Type":"Sort","Parent Relationship":"Outer","Parallel Aware":false,"Async Capable":false,"Startup Cost":3247173.27,"Total Cost":3248476.52,"Plan Rows":521302,"Plan Width":89,"Actual Startup Time":9895.37,"Actual Total Time":9895.431,"Actual Rows":1000,"Actual Loops":1,"Output":["customer.c_id","customer.c_last","(sum(order_line.ol_amount))","customer.c_city","customer.c_phone","nation.n_name"],"Sort Key":["(sum(order_line.ol_amount)) DESC"],"Sort Method":"top-N heapsort","Sort Space Used":189,"Sort Space Type":"Memory","Shared Hit Blocks":44194,"Shared Read Blocks":0,"Shared Dirtied Blocks":0,"Shared Written Blocks":0,"Local Hit Blocks":0,"Local Read Blocks":0,"Local Dirtied Blocks":0,"Local Written Blocks":0,"Temp Read Blocks":88609,"Temp Written Blocks":88677,"I/O Read Time":0.0,"I/O Write Time":0.0,"Temp I/O Read Time":137.672,"Temp I/O Write Time":340.017,"Plans":[{"Node Type":"Aggregate","Strategy":"Sorted","Partial Mode":"Simple","Parent Relationship":"Outer","Parallel Aware":false,"Async Capable":false,"Startup Cost":3202951.78,"Total Cost":3218590.84,"Plan Rows":521302,"Plan Width":89,"Actual Startup Time":8676.509,"Actual Total Time":9845.143,"Actual Rows":215962,"Actual Loops":1,"Output":["customer.c_id","customer.c_last","sum(order_line.ol_amount)","customer.c_city","customer.c_phone","nation.n_name"],"Group Key":["customer.c_id","customer.c_last","customer.c_city","customer.c_phone","nation.n_name"],"Shared Hit Blocks":44194,"Shared Read Blocks":0,"Shared Dirtied Blocks":0,"Shared Written Blocks":0,"Local Hit Blocks":0,"Local Read Blocks":0,"Local Dirtied Blocks":0,"Local Written Blocks":0,"Temp Read Blocks":88609,"Temp Written Blocks":88677,"I/O Read Time":0.0,"I/O Write Time":0.0,"Temp I/O Read Time":137.672,"Temp I/O Write Time":340.017,"Plans":[{"Node Type":"Sort","Parent Relationship":"Outer","Parallel Aware":false,"Async Capable":false,"Startup Cost":3202951.78,"Total Cost":3204255.04,"Plan Rows":521302,"Plan Width":61,"Actual Startup Time":8676.483,"Actual Total Time":9261.781,"Actual Rows":2159576,"Actual Loops":1,"Output":["customer.c_id","customer.c_last","customer.c_city","customer.c_phone","nation.n_name","order_line.ol_amount"],"Sort Key":["customer.c_id","customer.c_last","customer.c_city","customer.c_phone","nation.n_name"],"Sort Method":"external merge","Sort Space Used":150424,"Sort Space Type":"Disk","Shared Hit Blocks":44194,"Shared Read Blocks":0,"Shared Dirtied Blocks":0,"Shared Written Blocks":0,"Local Hit Blocks":0,"Local Read Blocks":0,"Local Dirtied Blocks":0,"Local Written Blocks":0,"Temp Read Blocks":88609,"Temp Written Blocks":88677,"I/O Read Time":0.0,"I/O Write Time":0.0,"Temp I/O Read Time":137.672,"Temp I/O Write Time":340.017,"Plans":[{"Node Type":"Nested Loop","Parent Relationship":"Outer","Parallel Aware":false,"Async Capable":false,"Join Type":"Inner","Startup Cost":818608.68,"Total Cost":3133849.57,"Plan Rows":521302,"Plan Width":61,"Actual Startup Time":2767.873,"Actual Total Time":7062.114,"Actual Rows":2159576,"Actual Loops":1,"Output":["customer.c_id","customer.c_last","customer.c_city","customer.c_phone","nation.n_name","order_line.ol_amount"],"Inner Unique":true,"Shared Hit Blocks":44194,"Shared Read Blocks":0,"Shared Dirtied Blocks":0,"Shared Written Blocks":0,"Local Hit Blocks":0,"Local Read Blocks":0,"Local Dirtied Blocks":0,"Local Written Blocks":0,"Temp Read Blocks":51008,"Temp Written Blocks":51008,"I/O Read Time":0.0,"I/O Write Time":0.0,"Temp I/O Read Time":80.62,"Temp I/O Write Time":241.732,"Plans":[{"Node Type":"Hash Join","Parent Relationship":"Outer","Parallel Aware":false,"Async Capable":false,"Join Type":"Inner","Startup Cost":818608.53,"Total Cost":3120860.45,"Plan Rows":521302,"Plan Width":57,"Actual Startup Time":2767.826,"Actual Total Time":6343.602,"Actual Rows":2159576,"Actual Loops":1,"Output":["customer.c_id","customer.c_last","customer.c_city","customer.c_phone","customer.c_nationkey","order_line.ol_amount"],"Inner Unique":true,"Hash Cond":"((orders.o_c_id = customer.c_id) AND (orders.o_w_id = customer.c_w_id) AND (orders.o_d_id = customer.c_d_id))","Shared Hit Blocks":44122,"Shared Read Blocks":0,"Shared Dirtied Blocks":0,"Shared Written Blocks":0,"Local Hit Blocks":0,"Local Read Blocks":0,"Local Dirtied Blocks":0,"Local Written Blocks":0,"Temp Read Blocks":51008,"Temp Written Blocks":51008,"I/O Read Time":0.0,"I/O Write Time":0.0,"Temp I/O Read Time":80.62,"Temp I/O Write Time":241.732,"Plans":[{"Node Type":"Hash Join","Parent Relationship":"Outer","Parallel Aware":false,"Async Capable":false,"Join Type":"Inner","Startup Cost":139355.59,"Total Cost":2367955.26,"Plan Rows":521302,"Plan Width":16,"Actual Startup Time":461.495,"Actual Total Time":2101.535,"Actual Rows":2159576,"Actual Loops":1,"Output":["orders.o_c_id","orders.o_w_id","orders.o_d_id","order_line.ol_amount","order_line.ol_w_id","order_line.ol_d_id"],"Inner Unique":true,"Hash Cond":"((order_line.ol_w_id = orders.o_w_id) AND (order_line.ol_d_id = orders.o_d_id) AND (order_line.ol_o_id = orders.o_id))","Join Filter":"(orders.o_entry_d <= order_line.ol_delivery_d)","Rows Removed by Join Filter":0,"Shared Hit Blocks":44122,"Shared Read Blocks":0,"Shared Dirtied Blocks":0,"Shared Written Blocks":0,"Local Hit Blocks":0,"Local Read Blocks":0,"Local Dirtied Blocks":0,"Local Written Blocks":0,"Temp Read Blocks":6591,"Temp Written Blocks":6591,"I/O Read Time":0.0,"I/O Write Time":0.0,"Temp I/O Read Time":10.356,"Temp I/O Write Time":28.209,"Plans":[{"Node Type":"Append","Parent Relationship":"Outer","Parallel Aware":false,"Async Capable":false,"Startup Cost":20.0,"Total Cost":1403598.82,"Plan Rows":42039468,"Plan Width":24,"Actual Startup Time":1.469,"Actual Total Time":816.877,"Actual Rows":2240029,"Actual Loops":1,"Shared Hit Blocks":0,"Shared Read Blocks":0,"Shared Dirtied Blocks":0,"Shared Written Blocks":0,"Local Hit Blocks":0,"Local Read Blocks":0,"Local Dirtied Blocks":0,"Local Written Blocks":0,"Temp Read Blocks":0,"Temp Written Blocks":0,"I/O Read Time":0.0,"I/O Write Time":0.0,"Temp I/O Read Time":0.0,"Temp I/O Write Time":0.0,"Subplans Removed":0,"Plans":[{"Node Type":"Custom Scan","Parent Relationship":"Member","Custom Plan Provider":"columnar scan","Parallel Aware":false,"Async Capable":false,"Relation Name":"order_line","Schema":"public","Alias":"order_line","Startup Cost":20.0,"Total Cost":1072026.23,"Plan Rows":42039424,"Plan Width":24,"Actual Startup Time":1.467,"Actual Total Time":656.018,"Actual Rows":2240029,"Actual Loops":1,"Output":["order_line.ol_amount","order_line.ol_w_id","order_line.ol_d_id","order_line.ol_o_id","order_line.ol_delivery_d"],"Filter":"(order_line.ol_delivery_d >= '1992-01-02 20:10:02.27764'::timestamp without time zone)","Rows Removed by Filter":0,"Rows Removed by Columnar Filter":57753732,"Rows Filtered by Bloom Filter":0,"Dictionary Rows Filtered by Bloom Filter":57753732,"Columnar cache search mode":"native","Shared Hit Blocks":0,"Shared Read Blocks":0,"Shared Dirtied Blocks":0,"Shared Written Blocks":0,"Local Hit Blocks":0,"Local Read Blocks":0,"Local Dirtied Blocks":0,"Local Written Blocks":0,"Temp Read Blocks":0,"Temp Written Blocks":0,"I/O Read Time":0.0,"I/O Write Time":0.0,"Temp I/O Read Time":0.0,"Temp I/O Write Time":0.0},{"Node Type":"Seq Scan","Parent Relationship":"Member","Parallel Aware":false,"Async Capable":false,"Relation Name":"order_line","Schema":"public","Alias":"order_line","Startup Cost":0.0,"Total Cost":4.79,"Plan Rows":44,"Plan Width":24,"Actual Startup Time":0.0,"Actual Total Time":0.0,"Actual Rows":0,"Actual Loops":0,"Output":["order_line.ol_amount","order_line.ol_w_id","order_line.ol_d_id","order_line.ol_o_id","order_line.ol_delivery_d"],"Filter":"(order_line.ol_delivery_d >= '1992-01-02 20:10:02.27764'::timestamp without time zone)","Rows Removed by Filter":0,"Shared Hit Blocks":0,"Shared Read Blocks":0,"Shared Dirtied Blocks":0,"Shared Written Blocks":0,"Local Hit Blocks":0,"Local Read Blocks":0,"Local Dirtied Blocks":0,"Local Written Blocks":0,"Temp Read Blocks":0,"Temp Written Blocks":0,"I/O Read Time":0.0,"I/O Write Time":0.0,"Temp I/O Read Time":0.0,"Temp I/O Write Time":0.0}]},{"Node Type":"Hash","Parent Relationship":"Inner","Parallel Aware":false,"Async Capable":false,"Startup Cost":134121.52,"Total Cost":134121.52,"Plan Rows":223204,"Plan Width":24,"Actual Startup Time":459.061,"Actual Total Time":459.065,"Actual Rows":215962,"Actual Loops":1,"Output":["orders.o_c_id","orders.o_w_id","orders.o_d_id","orders.o_id","orders.o_entry_d"],"Hash Buckets":131072,"Original Hash Buckets":131072,"Hash Batches":2,"Original Hash Batches":2,"Peak Memory Usage":6929,"Shared Hit Blocks":44122,"Shared Read Blocks":0,"Shared Dirtied Blocks":0,"Shared Written Blocks":0,"Local Hit Blocks":0,"Local Read Blocks":0,"Local Dirtied Blocks":0,"Local Written Blocks":0,"Temp Read Blocks":0,"Temp Written Blocks":580,"I/O Read Time":0.0,"I/O Write Time":0.0,"Temp I/O Read Time":0.0,"Temp I/O Write Time":3.12,"Plans":[{"Node Type":"Seq Scan","Parent Relationship":"Outer","Parallel Aware":false,"Async Capable":false,"Relation Name":"orders","Schema":"public","Alias":"orders","Startup Cost":0.0,"Total Cost":134121.52,"Plan Rows":223204,"Plan Width":24,"Actual Startup Time":1.019,"Actual Total Time":400.086,"Actual Rows":215962,"Actual Loops":1,"Output":["orders.o_c_id","orders.o_w_id","orders.o_d_id","orders.o_id","orders.o_entry_d"],"Filter":"((orders.o_entry_d >= '1993-07-02 20:10:02.27764'::timestamp without time zone) AND (orders.o_entry_d < '1993-10-02 20:10:02.27764'::timestamp without time zone))","Rows Removed by Filter":5784038,"Shared Hit Blocks":44122,"Shared Read Blocks":0,"Shared Dirtied Blocks":0,"Shared Written Blocks":0,"Local Hit Blocks":0,"Local Read Blocks":0,"Local Dirtied Blocks":0,"Local Written Blocks":0,"Temp Read Blocks":0,"Temp Written Blocks":0,"I/O Read Time":0.0,"I/O Write Time":0.0,"Temp I/O Read Time":0.0,"Temp I/O Write Time":0.0}]}]},{"Node Type":"Hash","Parent Relationship":"Inner","Parallel Aware":false,"Async Capable":false,"Startup Cost":509795.49,"Total Cost":509795.49,"Plan Rows":6000140,"Plan Width":57,"Actual Startup Time":2304.923,"Actual Total Time":2304.929,"Actual Rows":6000000,"Actual Loops":1,"Output":["customer.c_id","customer.c_last","customer.c_city","customer.c_phone","customer.c_w_id","customer.c_d_id","customer.c_nationkey"],"Hash Buckets":65536,"Original Hash Buckets":65536,"Hash Batches":128,"Original Hash Batches":128,"Peak Memory Usage":3461,"Shared Hit Blocks":0,"Shared Read Blocks":0,"Shared Dirtied Blocks":0,"Shared Written Blocks":0,"Local Hit Blocks":0,"Local Read Blocks":0,"Local Dirtied Blocks":0,"Local Written Blocks":0,"Temp Read Blocks":0,"Temp Written Blocks":34816,"I/O Read Time":0.0,"I/O Write Time":0.0,"Temp I/O Read Time":0.0,"Temp I/O Write Time":167.932,"Plans":[{"Node Type":"Append","Parent Relationship":"Outer","Parallel Aware":false,"Async Capable":false,"Startup Cost":20.0,"Total Cost":509795.49,"Plan Rows":6000140,"Plan Width":57,"Actual Startup Time":0.012,"Actual Total Time":1131.368,"Actual Rows":6000000,"Actual Loops":1,"Shared Hit Blocks":0,"Shared Read Blocks":0,"Shared Dirtied Blocks":0,"Shared Written Blocks":0,"Local Hit Blocks":0,"Local Read Blocks":0,"Local Dirtied Blocks":0,"Local Written Blocks":0,"Temp Read Blocks":0,"Temp Written Blocks":0,"I/O Read Time":0.0,"I/O Write Time":0.0,"Temp I/O Read Time":0.0,"Temp I/O Write Time":0.0,"Subplans Removed":0,"Plans":[{"Node Type":"Custom Scan","Parent Relationship":"Member","Custom Plan Provider":"columnar scan","Parallel Aware":false,"Async Capable":false,"Relation Name":"customer","Schema":"public","Alias":"customer","Startup Cost":20.0,"Total Cost":203420.06,"Plan Rows":6000000,"Plan Width":57,"Actual Startup Time":0.012,"Actual Total Time":699.068,"Actual Rows":6000000,"Actual Loops":1,"Output":["customer.c_id","customer.c_last","customer.c_city","customer.c_phone","customer.c_w_id","customer.c_d_id","customer.c_nationkey"],"Rows Removed by Columnar Filter":0,"Columnar projection mode":"late materialization","Columnar cache search mode":"native","Shared Hit Blocks":0,"Shared Read Blocks":0,"Shared Dirtied Blocks":0,"Shared Written Blocks":0,"Local Hit Blocks":0,"Local Read Blocks":0,"Local Dirtied Blocks":0,"Local Written Blocks":0,"Temp Read Blocks":0,"Temp Written Blocks":0,"I/O Read Time":0.0,"I/O Write Time":0.0,"Temp I/O Read Time":0.0,"Temp I/O Write Time":0.0},{"Node Type":"Seq Scan","Parent Relationship":"Member","Parallel Aware":false,"Async Capable":false,"Relation Name":"customer","Schema":"public","Alias":"customer","Startup Cost":0.0,"Total Cost":5.4,"Plan Rows":140,"Plan Width":57,"Actual Startup Time":0.0,"Actual Total Time":0.0,"Actual Rows":0,"Actual Loops":0,"Output":["customer.c_id","customer.c_last","customer.c_city","customer.c_phone","customer.c_w_id","customer.c_d_id","customer.c_nationkey"],"Shared Hit Blocks":0,"Shared Read Blocks":0,"Shared Dirtied Blocks":0,"Shared Written Blocks":0,"Local Hit Blocks":0,"Local Read Blocks":0,"Local Dirtied Blocks":0,"Local Written Blocks":0,"Temp Read Blocks":0,"Temp Written Blocks":0,"I/O Read Time":0.0,"I/O Write Time":0.0,"Temp I/O Read Time":0.0,"Temp I/O Write Time":0.0}]}]}]},{"Node Type":"Memoize","Parent Relationship":"Inner","Parallel Aware":false,"Async Capable":false,"Startup Cost":0.15,"Total Cost":2.17,"Plan Rows":1,"Plan Width":12,"Actual Startup Time":0.0,"Actual Total Time":0.0,"Actual Rows":1,"Actual Loops":2159576,"Output":["nation.n_name","nation.n_nationkey"],"Cache Key":"customer.c_nationkey","Cache Mode":"logical","Cache Hits":2159540,"Cache Misses":36,"Cache Evictions":0,"Cache Overflows":0,"Peak Memory Usage":4,"Shared Hit Blocks":72,"Shared Read Blocks":0,"Shared Dirtied Blocks":0,"Shared Written Blocks":0,"Local Hit Blocks":0,"Local Read Blocks":0,"Local Dirtied Blocks":0,"Local Written Blocks":0,"Temp Read Blocks":0,"Temp Written Blocks":0,"I/O Read Time":0.0,"I/O Write Time":0.0,"Temp I/O Read Time":0.0,"Temp I/O Write Time":0.0,"Plans":[{"Node Type":"Index Scan","Parent Relationship":"Outer","Parallel Aware":false,"Async Capable":false,"Scan Direction":"Forward","Index Name":"nation_pk","Relation Name":"nation","Schema":"public","Alias":"nation","Startup Cost":0.14,"Total Cost":2.16,"Plan Rows":1,"Plan Width":12,"Actual Startup Time":0.003,"Actual Total Time":0.003,"Actual Rows":1,"Actual Loops":36,"Output":["nation.n_name","nation.n_nationkey"],"Index Cond":"(nation.n_nationkey = customer.c_nationkey)","Rows Removed by Index Recheck":0,"Shared Hit Blocks":72,"Shared Read Blocks":0,"Shared Dirtied Blocks":0,"Shared Written Blocks":0,"Local Hit Blocks":0,"Local Read Blocks":0,"Local Dirtied Blocks":0,"Local Written Blocks":0,"Temp Read Blocks":0,"Temp Written Blocks":0,"I/O Read Time":0.0,"I/O Write Time":0.0,"Temp I/O Read Time":0.0,"Temp I/O Write Time":0.0}]}]}]}]}]}]},"Planning":{"Shared Hit Blocks":72,"Shared Read Blocks":0,"Shared Dirtied Blocks":0,"Shared Written Blocks":0,"Local Hit Blocks":0,"Local Read Blocks":0,"Local Dirtied Blocks":0,"Local Written Blocks":0,"Temp Read Blocks":0,"Temp Written Blocks":0,"I/O Read Time":0.0,"I/O Write Time":0.0,"Temp I/O Read Time":0.0,"Temp I/O Write Time":0.0},"Planning Time":2.126,"Triggers":[],"Execution Time":9920.201}]
[列存组合]: customer, orders
[{"Plan":{"Node Type":"Limit","Parallel Aware":false,"Async Capable":false,"Startup Cost":3255440.94,"Total Cost":3255443.44,"Plan Rows":1000,"Plan Width":89,"Actual Startup Time":23653.356,"Actual Total Time":23653.483,"Actual Rows":1000,"Actual Loops":1,"Output":["customer.c_id","customer.c_last","(sum(order_line.ol_amount))","customer.c_city","customer.c_phone","nation.n_name"],"Shared Hit Blocks":681820,"Shared Read Blocks":0,"Shared Dirtied Blocks":0,"Shared Written Blocks":0,"Local Hit Blocks":0,"Local Read Blocks":0,"Local Dirtied Blocks":0,"Local Written Blocks":0,"Temp Read Blocks":195437,"Temp Written Blocks":195505,"I/O Read Time":0.0,"I/O Write Time":0.0,"Temp I/O Read Time":285.552,"Temp I/O Write Time":754.283,"Plans":[{"Node Type":"Sort","Parent Relationship":"Outer","Parallel Aware":false,"Async Capable":false,"Startup Cost":3255440.94,"Total Cost":3256744.2,"Plan Rows":521302,"Plan Width":89,"Actual Startup Time":23653.353,"Actual Total Time":23653.415,"Actual Rows":1000,"Actual Loops":1,"Output":["customer.c_id","customer.c_last","(sum(order_line.ol_amount))","customer.c_city","customer.c_phone","nation.n_name"],"Sort Key":["(sum(order_line.ol_amount)) DESC"],"Sort Method":"top-N heapsort","Sort Space Used":189,"Sort Space Type":"Memory","Shared Hit Blocks":681820,"Shared Read Blocks":0,"Shared Dirtied Blocks":0,"Shared Written Blocks":0,"Local Hit Blocks":0,"Local Read Blocks":0,"Local Dirtied Blocks":0,"Local Written Blocks":0,"Temp Read Blocks":195437,"Temp Written Blocks":195505,"I/O Read Time":0.0,"I/O Write Time":0.0,"Temp I/O Read Time":285.552,"Temp I/O Write Time":754.283,"Plans":[{"Node Type":"Aggregate","Strategy":"Sorted","Partial Mode":"Simple","Parent Relationship":"Outer","Parallel Aware":false,"Async Capable":false,"Startup Cost":3211219.46,"Total Cost":3226858.52,"Plan Rows":521302,"Plan Width":89,"Actual Startup Time":22436.245,"Actual Total Time":23604.068,"Actual Rows":215962,"Actual Loops":1,"Output":["customer.c_id","customer.c_last","sum(order_line.ol_amount)","customer.c_city","customer.c_phone","nation.n_name"],"Group Key":["customer.c_id","customer.c_last","customer.c_city","customer.c_phone","nation.n_name"],"Shared Hit Blocks":681820,"Shared Read Blocks":0,"Shared Dirtied Blocks":0,"Shared Written Blocks":0,"Local Hit Blocks":0,"Local Read Blocks":0,"Local Dirtied Blocks":0,"Local Written Blocks":0,"Temp Read Blocks":195437,"Temp Written Blocks":195505,"I/O Read Time":0.0,"I/O Write Time":0.0,"Temp I/O Read Time":285.552,"Temp I/O Write Time":754.283,"Plans":[{"Node Type":"Sort","Parent Relationship":"Outer","Parallel Aware":false,"Async Capable":false,"Startup Cost":3211219.46,"Total Cost":3212522.71,"Plan Rows":521302,"Plan Width":61,"Actual Startup Time":22436.221,"Actual Total Time":23019.319,"Actual Rows":2159576,"Actual Loops":1,"Output":["customer.c_id","customer.c_last","customer.c_city","customer.c_phone","nation.n_name","order_line.ol_amount"],"Sort Key":["customer.c_id","customer.c_last","customer.c_city","customer.c_phone","nation.n_name"],"Sort Method":"external merge","Sort Space Used":150424,"Sort Space Type":"Disk","Shared Hit Blocks":681820,"Shared Read Blocks":0,"Shared Dirtied Blocks":0,"Shared Written Blocks":0,"Local Hit Blocks":0,"Local Read Blocks":0,"Local Dirtied Blocks":0,"Local Written Blocks":0,"Temp Read Blocks":195437,"Temp Written Blocks":195505,"I/O Read Time":0.0,"I/O Write Time":0.0,"Temp I/O Read Time":285.552,"Temp I/O Write Time":754.283,"Plans":[{"Node Type":"Nested Loop","Parent Relationship":"Outer","Parallel Aware":false,"Async Capable":false,"Join Type":"Inner","Startup Cost":798784.38,"Total Cost":3142117.25,"Plan Rows":521302,"Plan Width":61,"Actual Startup Time":2471.619,"Actual Total Time":20821.467,"Actual Rows":2159576,"Actual Loops":1,"Output":["customer.c_id","customer.c_last","customer.c_city","customer.c_phone","nation.n_name","order_line.ol_amount"],"Inner Unique":true,"Shared Hit Blocks":681820,"Shared Read Blocks":0,"Shared Dirtied Blocks":0,"Shared Written Blocks":0,"Local Hit Blocks":0,"Local Read Blocks":0,"Local Dirtied Blocks":0,"Local Written Blocks":0,"Temp Read Blocks":157836,"Temp Written Blocks":157836,"I/O Read Time":0.0,"I/O Write Time":0.0,"Temp I/O Read Time":230.563,"Temp I/O Write Time":656.473,"Plans":[{"Node Type":"Hash Join","Parent Relationship":"Outer","Parallel Aware":false,"Async Capable":false,"Join Type":"Inner","Startup Cost":798784.23,"Total Cost":3129128.12,"Plan Rows":521302,"Plan Width":57,"Actual Startup Time":2471.578,"Actual Total Time":20108.043,"Actual Rows":2159576,"Actual Loops":1,"Output":["customer.c_id","customer.c_last","customer.c_city","customer.c_phone","customer.c_nationkey","order_line.ol_amount"],"Inner Unique":true,"Hash Cond":"((orders.o_c_id = customer.c_id) AND (orders.o_w_id = customer.c_w_id) AND (orders.o_d_id = customer.c_d_id))","Shared Hit Blocks":681748,"Shared Read Blocks":0,"Shared Dirtied Blocks":0,"Shared Written Blocks":0,"Local Hit Blocks":0,"Local Read Blocks":0,"Local Dirtied Blocks":0,"Local Written Blocks":0,"Temp Read Blocks":157836,"Temp Written Blocks":157836,"I/O Read Time":0.0,"I/O Write Time":0.0,"Temp I/O Read Time":230.563,"Temp I/O Write Time":656.473,"Plans":[{"Node Type":"Hash Join","Parent Relationship":"Outer","Parallel Aware":false,"Async Capable":false,"Join Type":"Inner","Startup Cost":119531.29,"Total Cost":2376222.93,"Plan Rows":521302,"Plan Width":16,"Actual Startup Time":157.604,"Actual Total Time":15867.599,"Actual Rows":2159576,"Actual Loops":1,"Output":["orders.o_c_id","orders.o_w_id","orders.o_d_id","order_line.ol_amount","order_line.ol_w_id","order_line.ol_d_id"],"Inner Unique":true,"Hash Cond":"((order_line.ol_w_id = orders.o_w_id) AND (order_line.ol_d_id = orders.o_d_id) AND (order_line.ol_o_id = orders.o_id))","Join Filter":"(orders.o_entry_d <= order_line.ol_delivery_d)","Rows Removed by Join Filter":0,"Shared Hit Blocks":681748,"Shared Read Blocks":0,"Shared Dirtied Blocks":0,"Shared Written Blocks":0,"Local Hit Blocks":0,"Local Read Blocks":0,"Local Dirtied Blocks":0,"Local Written Blocks":0,"Temp Read Blocks":113419,"Temp Written Blocks":113419,"I/O Read Time":0.0,"I/O Write Time":0.0,"Temp I/O Read Time":162.648,"Temp I/O Write Time":440.722,"Plans":[{"Node Type":"Seq Scan","Parent Relationship":"Outer","Parallel Aware":false,"Async Capable":false,"Relation Name":"order_line","Schema":"public","Alias":"order_line","Startup Cost":0.0,"Total Cost":1431670.8,"Plan Rows":42039468,"Plan Width":24,"Actual Startup Time":0.012,"Actual Total Time":7356.238,"Actual Rows":42000489,"Actual Loops":1,"Output":["order_line.ol_amount","order_line.ol_w_id","order_line.ol_d_id","order_line.ol_o_id","order_line.ol_delivery_d"],"Filter":"(order_line.ol_delivery_d >= '1992-01-02 20:10:02.27764'::timestamp without time zone)","Rows Removed by Filter":17993272,"Shared Hit Blocks":681748,"Shared Read Blocks":0,"Shared Dirtied Blocks":0,"Shared Written Blocks":0,"Local Hit Blocks":0,"Local Read Blocks":0,"Local Dirtied Blocks":0,"Local Written Blocks":0,"Temp Read Blocks":0,"Temp Written Blocks":0,"I/O Read Time":0.0,"I/O Write Time":0.0,"Temp I/O Read Time":0.0,"Temp I/O Write Time":0.0},{"Node Type":"Hash","Parent Relationship":"Inner","Parallel Aware":false,"Async Capable":false,"Startup Cost":114317.2,"Total Cost":114317.2,"Plan Rows":223205,"Plan Width":24,"Actual Startup Time":104.74,"Actual Total Time":104.749,"Actual Rows":215962,"Actual Loops":1,"Output":["orders.o_c_id","orders.o_w_id","orders.o_d_id","orders.o_id","orders.o_entry_d"],"Hash Buckets":131072,"Original Hash Buckets":131072,"Hash Batches":2,"Original Hash Batches":2,"Peak Memory Usage":6929,"Shared Hit Blocks":0,"Shared Read Blocks":0,"Shared Dirtied Blocks":0,"Shared Written Blocks":0,"Local Hit Blocks":0,"Local Read Blocks":0,"Local Dirtied Blocks":0,"Local Written Blocks":0,"Temp Read Blocks":0,"Temp Written Blocks":580,"I/O Read Time":0.0,"I/O Write Time":0.0,"Temp I/O Read Time":0.0,"Temp I/O Write Time":2.479,"Plans":[{"Node Type":"Append","Parent Relationship":"Outer","Parallel Aware":false,"Async Capable":false,"Startup Cost":20.0,"Total Cost":114317.2,"Plan Rows":223205,"Plan Width":24,"Actual Startup Time":0.485,"Actual Total Time":62.82,"Actual Rows":215962,"Actual Loops":1,"Shared Hit Blocks":0,"Shared Read Blocks":0,"Shared Dirtied Blocks":0,"Shared Written Blocks":0,"Local Hit Blocks":0,"Local Read Blocks":0,"Local Dirtied Blocks":0,"Local Written Blocks":0,"Temp Read Blocks":0,"Temp Written Blocks":0,"I/O Read Time":0.0,"I/O Write Time":0.0,"Temp I/O Read Time":0.0,"Temp I/O Write Time":0.0,"Subplans Removed":0,"Plans":[{"Node Type":"Custom Scan","Parent Relationship":"Member","Custom Plan Provider":"columnar scan","Parallel Aware":false,"Async Capable":false,"Relation Name":"orders","Schema":"public","Alias":"orders","Startup Cost":20.0,"Total Cost":5711.85,"Plan Rows":223204,"Plan Width":24,"Actual Startup Time":0.483,"Actual Total Time":46.791,"Actual Rows":215962,"Actual Loops":1,"Output":["orders.o_c_id","orders.o_w_id","orders.o_d_id","orders.o_id","orders.o_entry_d"],"Filter":"((orders.o_entry_d < '1993-10-02 20:10:02.27764'::timestamp without time zone) AND (orders.o_entry_d >= '1993-07-02 20:10:02.27764'::timestamp without time zone))","Rows Removed by Filter":0,"Rows Removed by Columnar Filter":5784038,"Columnar cache search mode":"native","Shared Hit Blocks":0,"Shared Read Blocks":0,"Shared Dirtied Blocks":0,"Shared Written Blocks":0,"Local Hit Blocks":0,"Local Read Blocks":0,"Local Dirtied Blocks":0,"Local Written Blocks":0,"Temp Read Blocks":0,"Temp Written Blocks":0,"I/O Read Time":0.0,"I/O Write Time":0.0,"Temp I/O Read Time":0.0,"Temp I/O Write Time":0.0},{"Node Type":"Seq Scan","Parent Relationship":"Member","Parallel Aware":false,"Async Capable":false,"Relation Name":"orders","Schema":"public","Alias":"orders","Startup Cost":0.0,"Total Cost":4.01,"Plan Rows":1,"Plan Width":24,"Actual Startup Time":0.0,"Actual Total Time":0.0,"Actual Rows":0,"Actual Loops":0,"Output":["orders.o_c_id","orders.o_w_id","orders.o_d_id","orders.o_id","orders.o_entry_d"],"Filter":"((orders.o_entry_d < '1993-10-02 20:10:02.27764'::timestamp without time zone) AND (orders.o_entry_d >= '1993-07-02 20:10:02.27764'::timestamp without time zone))","Rows Removed by Filter":0,"Shared Hit Blocks":0,"Shared Read Blocks":0,"Shared Dirtied Blocks":0,"Shared Written Blocks":0,"Local Hit Blocks":0,"Local Read Blocks":0,"Local Dirtied Blocks":0,"Local Written Blocks":0,"Temp Read Blocks":0,"Temp Written Blocks":0,"I/O Read Time":0.0,"I/O Write Time":0.0,"Temp I/O Read Time":0.0,"Temp I/O Write Time":0.0}]}]}]},{"Node Type":"Hash","Parent Relationship":"Inner","Parallel Aware":false,"Async Capable":false,"Startup Cost":509795.49,"Total Cost":509795.49,"Plan Rows":6000140,"Plan Width":57,"Actual Startup Time":2311.42,"Actual Total Time":2311.426,"Actual Rows":6000000,"Actual Loops":1,"Output":["customer.c_id","customer.c_last","customer.c_city","customer.c_phone","customer.c_w_id","customer.c_d_id","customer.c_nationkey"],"Hash Buckets":65536,"Original Hash Buckets":65536,"Hash Batches":128,"Original Hash Batches":128,"Peak Memory Usage":3461,"Shared Hit Blocks":0,"Shared Read Blocks":0,"Shared Dirtied Blocks":0,"Shared Written Blocks":0,"Local Hit Blocks":0,"Local Read Blocks":0,"Local Dirtied Blocks":0,"Local Written Blocks":0,"Temp Read Blocks":0,"Temp Written Blocks":34816,"I/O Read Time":0.0,"I/O Write Time":0.0,"Temp I/O Read Time":0.0,"Temp I/O Write Time":164.789,"Plans":[{"Node Type":"Append","Parent Relationship":"Outer","Parallel Aware":false,"Async Capable":false,"Startup Cost":20.0,"Total Cost":509795.49,"Plan Rows":6000140,"Plan Width":57,"Actual Startup Time":0.016,"Actual Total Time":1140.855,"Actual Rows":6000000,"Actual Loops":1,"Shared Hit Blocks":0,"Shared Read Blocks":0,"Shared Dirtied Blocks":0,"Shared Written Blocks":0,"Local Hit Blocks":0,"Local Read Blocks":0,"Local Dirtied Blocks":0,"Local Written Blocks":0,"Temp Read Blocks":0,"Temp Written Blocks":0,"I/O Read Time":0.0,"I/O Write Time":0.0,"Temp I/O Read Time":0.0,"Temp I/O Write Time":0.0,"Subplans Removed":0,"Plans":[{"Node Type":"Custom Scan","Parent Relationship":"Member","Custom Plan Provider":"columnar scan","Parallel Aware":false,"Async Capable":false,"Relation Name":"customer","Schema":"public","Alias":"customer","Startup Cost":20.0,"Total Cost":203420.06,"Plan Rows":6000000,"Plan Width":57,"Actual Startup Time":0.016,"Actual Total Time":695.881,"Actual Rows":6000000,"Actual Loops":1,"Output":["customer.c_id","customer.c_last","customer.c_city","customer.c_phone","customer.c_w_id","customer.c_d_id","customer.c_nationkey"],"Rows Removed by Columnar Filter":0,"Columnar projection mode":"late materialization","Columnar cache search mode":"native","Shared Hit Blocks":0,"Shared Read Blocks":0,"Shared Dirtied Blocks":0,"Shared Written Blocks":0,"Local Hit Blocks":0,"Local Read Blocks":0,"Local Dirtied Blocks":0,"Local Written Blocks":0,"Temp Read Blocks":0,"Temp Written Blocks":0,"I/O Read Time":0.0,"I/O Write Time":0.0,"Temp I/O Read Time":0.0,"Temp I/O Write Time":0.0},{"Node Type":"Seq Scan","Parent Relationship":"Member","Parallel Aware":false,"Async Capable":false,"Relation Name":"customer","Schema":"public","Alias":"customer","Startup Cost":0.0,"Total Cost":5.4,"Plan Rows":140,"Plan Width":57,"Actual Startup Time":0.0,"Actual Total Time":0.0,"Actual Rows":0,"Actual Loops":0,"Output":["customer.c_id","customer.c_last","customer.c_city","customer.c_phone","customer.c_w_id","customer.c_d_id","customer.c_nationkey"],"Shared Hit Blocks":0,"Shared Read Blocks":0,"Shared Dirtied Blocks":0,"Shared Written Blocks":0,"Local Hit Blocks":0,"Local Read Blocks":0,"Local Dirtied Blocks":0,"Local Written Blocks":0,"Temp Read Blocks":0,"Temp Written Blocks":0,"I/O Read Time":0.0,"I/O Write Time":0.0,"Temp I/O Read Time":0.0,"Temp I/O Write Time":0.0}]}]}]},{"Node Type":"Memoize","Parent Relationship":"Inner","Parallel Aware":false,"Async Capable":false,"Startup Cost":0.15,"Total Cost":2.17,"Plan Rows":1,"Plan Width":12,"Actual Startup Time":0.0,"Actual Total Time":0.0,"Actual Rows":1,"Actual Loops":2159576,"Output":["nation.n_name","nation.n_nationkey"],"Cache Key":"customer.c_nationkey","Cache Mode":"logical","Cache Hits":2159540,"Cache Misses":36,"Cache Evictions":0,"Cache Overflows":0,"Peak Memory Usage":4,"Shared Hit Blocks":72,"Shared Read Blocks":0,"Shared Dirtied Blocks":0,"Shared Written Blocks":0,"Local Hit Blocks":0,"Local Read Blocks":0,"Local Dirtied Blocks":0,"Local Written Blocks":0,"Temp Read Blocks":0,"Temp Written Blocks":0,"I/O Read Time":0.0,"I/O Write Time":0.0,"Temp I/O Read Time":0.0,"Temp I/O Write Time":0.0,"Plans":[{"Node Type":"Index Scan","Parent Relationship":"Outer","Parallel Aware":false,"Async Capable":false,"Scan Direction":"Forward","Index Name":"nation_pk","Relation Name":"nation","Schema":"public","Alias":"nation","Startup Cost":0.14,"Total Cost":2.16,"Plan Rows":1,"Plan Width":12,"Actual Startup Time":0.005,"Actual Total Time":0.005,"Actual Rows":1,"Actual Loops":36,"Output":["nation.n_name","nation.n_nationkey"],"Index Cond":"(nation.n_nationkey = customer.c_nationkey)","Rows Removed by Index Recheck":0,"Shared Hit Blocks":72,"Shared Read Blocks":0,"Shared Dirtied Blocks":0,"Shared Written Blocks":0,"Local Hit Blocks":0,"Local Read Blocks":0,"Local Dirtied Blocks":0,"Local Written Blocks":0,"Temp Read Blocks":0,"Temp Written Blocks":0,"I/O Read Time":0.0,"I/O Write Time":0.0,"Temp I/O Read Time":0.0,"Temp I/O Write Time":0.0}]}]}]}]}]}]},"Planning":{"Shared Hit Blocks":72,"Shared Read Blocks":0,"Shared Dirtied Blocks":0,"Shared Written Blocks":0,"Local Hit Blocks":0,"Local Read Blocks":0,"Local Dirtied Blocks":0,"Local Written Blocks":0,"Temp Read Blocks":0,"Temp Written Blocks":0,"I/O Read Time":0.0,"I/O Write Time":0.0,"Temp I/O Read Time":0.0,"Temp I/O Write Time":0.0},"Planning Time":1.921,"Triggers":[],"Execution Time":23676.997}]
[列存组合]: nation, order_line
[{"Plan":{"Node Type":"Limit","Parallel Aware":false,"Async Capable":false,"Startup Cost":3257369.18,"Total Cost":3257371.68,"Plan Rows":1000,"Plan Width":89,"Actual Startup Time":10913.592,"Actual Total Time":10913.716,"Actual Rows":1000,"Actual Loops":1,"Output":["customer.c_id","customer.c_last","(sum(order_line.ol_amount))","customer.c_city","customer.c_phone","nation.n_name"],"Shared Hit Blocks":504184,"Shared Read Blocks":0,"Shared Dirtied Blocks":0,"Shared Written Blocks":0,"Local Hit Blocks":0,"Local Read Blocks":0,"Local Dirtied Blocks":0,"Local Written Blocks":0,"Temp Read Blocks":111563,"Temp Written Blocks":111631,"I/O Read Time":0.0,"I/O Write Time":0.0,"Temp I/O Read Time":163.621,"Temp I/O Write Time":455.065,"Plans":[{"Node Type":"Sort","Parent Relationship":"Outer","Parallel Aware":false,"Async Capable":false,"Startup Cost":3257369.18,"Total Cost":3258672.43,"Plan Rows":521302,"Plan Width":89,"Actual Startup Time":10913.589,"Actual Total Time":10913.647,"Actual Rows":1000,"Actual Loops":1,"Output":["customer.c_id","customer.c_last","(sum(order_line.ol_amount))","customer.c_city","customer.c_phone","nation.n_name"],"Sort Key":["(sum(order_line.ol_amount)) DESC"],"Sort Method":"top-N heapsort","Sort Space Used":189,"Sort Space Type":"Memory","Shared Hit Blocks":504184,"Shared Read Blocks":0,"Shared Dirtied Blocks":0,"Shared Written Blocks":0,"Local Hit Blocks":0,"Local Read Blocks":0,"Local Dirtied Blocks":0,"Local Written Blocks":0,"Temp Read Blocks":111563,"Temp Written Blocks":111631,"I/O Read Time":0.0,"I/O Write Time":0.0,"Temp I/O Read Time":163.621,"Temp I/O Write Time":455.065,"Plans":[{"Node Type":"Aggregate","Strategy":"Sorted","Partial Mode":"Simple","Parent Relationship":"Outer","Parallel Aware":false,"Async Capable":false,"Startup Cost":3213147.69,"Total Cost":3228786.75,"Plan Rows":521302,"Plan Width":89,"Actual Startup Time":9701.401,"Actual Total Time":10864.191,"Actual Rows":215962,"Actual Loops":1,"Output":["customer.c_id","customer.c_last","sum(order_line.ol_amount)","customer.c_city","customer.c_phone","nation.n_name"],"Group Key":["customer.c_id","customer.c_last","customer.c_city","customer.c_phone","nation.n_name"],"Shared Hit Blocks":504184,"Shared Read Blocks":0,"Shared Dirtied Blocks":0,"Shared Written Blocks":0,"Local Hit Blocks":0,"Local Read Blocks":0,"Local Dirtied Blocks":0,"Local Written Blocks":0,"Temp Read Blocks":111563,"Temp Written Blocks":111631,"I/O Read Time":0.0,"I/O Write Time":0.0,"Temp I/O Read Time":163.621,"Temp I/O Write Time":455.065,"Plans":[{"Node Type":"Sort","Parent Relationship":"Outer","Parallel Aware":false,"Async Capable":false,"Startup Cost":3213147.69,"Total Cost":3214450.95,"Plan Rows":521302,"Plan Width":61,"Actual Startup Time":9701.372,"Actual Total Time":10280.314,"Actual Rows":2159576,"Actual Loops":1,"Output":["customer.c_id","customer.c_last","customer.c_city","customer.c_phone","nation.n_name","order_line.ol_amount"],"Sort Key":["customer.c_id","customer.c_last","customer.c_city","customer.c_phone","nation.n_name"],"Sort Method":"external merge","Sort Space Used":150424,"Sort Space Type":"Disk","Shared Hit Blocks":504184,"Shared Read Blocks":0,"Shared Dirtied Blocks":0,"Shared Written Blocks":0,"Local Hit Blocks":0,"Local Read Blocks":0,"Local Dirtied Blocks":0,"Local Written Blocks":0,"Temp Read Blocks":111563,"Temp Written Blocks":111631,"I/O Read Time":0.0,"I/O Write Time":0.0,"Temp I/O Read Time":163.621,"Temp I/O Write Time":455.065,"Plans":[{"Node Type":"Nested Loop","Parent Relationship":"Outer","Parallel Aware":false,"Async Capable":false,"Join Type":"Inner","Startup Cost":828804.59,"Total Cost":3144045.48,"Plan Rows":521302,"Plan Width":61,"Actual Startup Time":4280.314,"Actual Total Time":8142.858,"Actual Rows":2159576,"Actual Loops":1,"Output":["customer.c_id","customer.c_last","customer.c_city","customer.c_phone","nation.n_name","order_line.ol_amount"],"Inner Unique":true,"Shared Hit Blocks":504184,"Shared Read Blocks":0,"Shared Dirtied Blocks":0,"Shared Written Blocks":0,"Local Hit Blocks":0,"Local Read Blocks":0,"Local Dirtied Blocks":0,"Local Written Blocks":0,"Temp Read Blocks":73962,"Temp Written Blocks":73962,"I/O Read Time":0.0,"I/O Write Time":0.0,"Temp I/O Read Time":110.473,"Temp I/O Write Time":357.643,"Plans":[{"Node Type":"Hash Join","Parent Relationship":"Outer","Parallel Aware":false,"Async Capable":false,"Join Type":"Inner","Startup Cost":828804.44,"Total Cost":3131056.36,"Plan Rows":521302,"Plan Width":57,"Actual Startup Time":4280.267,"Actual Total Time":7445.43,"Actual Rows":2159576,"Actual Loops":1,"Output":["customer.c_id","customer.c_last","customer.c_city","customer.c_phone","customer.c_nationkey","order_line.ol_amount"],"Inner Unique":true,"Hash Cond":"((orders.o_c_id = customer.c_id) AND (orders.o_w_id = customer.c_w_id) AND (orders.o_d_id = customer.c_d_id))","Shared Hit Blocks":504112,"Shared Read Blocks":0,"Shared Dirtied Blocks":0,"Shared Written Blocks":0,"Local Hit Blocks":0,"Local Read Blocks":0,"Local Dirtied Blocks":0,"Local Written Blocks":0,"Temp Read Blocks":73962,"Temp Written Blocks":73962,"I/O Read Time":0.0,"I/O Write Time":0.0,"Temp I/O Read Time":110.473,"Temp I/O Write Time":357.643,"Plans":[{"Node Type":"Hash Join","Parent Relationship":"Outer","Parallel Aware":false,"Async Capable":false,"Join Type":"Inner","Startup Cost":139355.59,"Total Cost":2367955.26,"Plan Rows":521302,"Plan Width":16,"Actual Startup Time":456.741,"Actual Total Time":2096.143,"Actual Rows":2159576,"Actual Loops":1,"Output":["orders.o_c_id","orders.o_w_id","orders.o_d_id","order_line.ol_amount","order_line.ol_w_id","order_line.ol_d_id"],"Inner Unique":true,"Hash Cond":"((order_line.ol_w_id = orders.o_w_id) AND (order_line.ol_d_id = orders.o_d_id) AND (order_line.ol_o_id = orders.o_id))","Join Filter":"(orders.o_entry_d <= order_line.ol_delivery_d)","Rows Removed by Join Filter":0,"Shared Hit Blocks":44122,"Shared Read Blocks":0,"Shared Dirtied Blocks":0,"Shared Written Blocks":0,"Local Hit Blocks":0,"Local Read Blocks":0,"Local Dirtied Blocks":0,"Local Written Blocks":0,"Temp Read Blocks":6591,"Temp Written Blocks":6591,"I/O Read Time":0.0,"I/O Write Time":0.0,"Temp I/O Read Time":10.079,"Temp I/O Write Time":27.995,"Plans":[{"Node Type":"Append","Parent Relationship":"Outer","Parallel Aware":false,"Async Capable":false,"Startup Cost":20.0,"Total Cost":1403598.82,"Plan Rows":42039468,"Plan Width":24,"Actual Startup Time":1.47,"Actual Total Time":818.468,"Actual Rows":2240029,"Actual Loops":1,"Shared Hit Blocks":0,"Shared Read Blocks":0,"Shared Dirtied Blocks":0,"Shared Written Blocks":0,"Local Hit Blocks":0,"Local Read Blocks":0,"Local Dirtied Blocks":0,"Local Written Blocks":0,"Temp Read Blocks":0,"Temp Written Blocks":0,"I/O Read Time":0.0,"I/O Write Time":0.0,"Temp I/O Read Time":0.0,"Temp I/O Write Time":0.0,"Subplans Removed":0,"Plans":[{"Node Type":"Custom Scan","Parent Relationship":"Member","Custom Plan Provider":"columnar scan","Parallel Aware":false,"Async Capable":false,"Relation Name":"order_line","Schema":"public","Alias":"order_line","Startup Cost":20.0,"Total Cost":1072026.23,"Plan Rows":42039424,"Plan Width":24,"Actual Startup Time":1.468,"Actual Total Time":657.944,"Actual Rows":2240029,"Actual Loops":1,"Output":["order_line.ol_amount","order_line.ol_w_id","order_line.ol_d_id","order_line.ol_o_id","order_line.ol_delivery_d"],"Filter":"(order_line.ol_delivery_d >= '1992-01-02 20:10:02.27764'::timestamp without time zone)","Rows Removed by Filter":0,"Rows Removed by Columnar Filter":57753732,"Rows Filtered by Bloom Filter":0,"Dictionary Rows Filtered by Bloom Filter":57753732,"Columnar cache search mode":"native","Shared Hit Blocks":0,"Shared Read Blocks":0,"Shared Dirtied Blocks":0,"Shared Written Blocks":0,"Local Hit Blocks":0,"Local Read Blocks":0,"Local Dirtied Blocks":0,"Local Written Blocks":0,"Temp Read Blocks":0,"Temp Written Blocks":0,"I/O Read Time":0.0,"I/O Write Time":0.0,"Temp I/O Read Time":0.0,"Temp I/O Write Time":0.0},{"Node Type":"Seq Scan","Parent Relationship":"Member","Parallel Aware":false,"Async Capable":false,"Relation Name":"order_line","Schema":"public","Alias":"order_line","Startup Cost":0.0,"Total Cost":4.79,"Plan Rows":44,"Plan Width":24,"Actual Startup Time":0.0,"Actual Total Time":0.0,"Actual Rows":0,"Actual Loops":0,"Output":["order_line.ol_amount","order_line.ol_w_id","order_line.ol_d_id","order_line.ol_o_id","order_line.ol_delivery_d"],"Filter":"(order_line.ol_delivery_d >= '1992-01-02 20:10:02.27764'::timestamp without time zone)","Rows Removed by Filter":0,"Shared Hit Blocks":0,"Shared Read Blocks":0,"Shared Dirtied Blocks":0,"Shared Written Blocks":0,"Local Hit Blocks":0,"Local Read Blocks":0,"Local Dirtied Blocks":0,"Local Written Blocks":0,"Temp Read Blocks":0,"Temp Written Blocks":0,"I/O Read Time":0.0,"I/O Write Time":0.0,"Temp I/O Read Time":0.0,"Temp I/O Write Time":0.0}]},{"Node Type":"Hash","Parent Relationship":"Inner","Parallel Aware":false,"Async Capable":false,"Startup Cost":134121.52,"Total Cost":134121.52,"Plan Rows":223204,"Plan Width":24,"Actual Startup Time":454.328,"Actual Total Time":454.331,"Actual Rows":215962,"Actual Loops":1,"Output":["orders.o_c_id","orders.o_w_id","orders.o_d_id","orders.o_id","orders.o_entry_d"],"Hash Buckets":131072,"Original Hash Buckets":131072,"Hash Batches":2,"Original Hash Batches":2,"Peak Memory Usage":6929,"Shared Hit Blocks":44122,"Shared Read Blocks":0,"Shared Dirtied Blocks":0,"Shared Written Blocks":0,"Local Hit Blocks":0,"Local Read Blocks":0,"Local Dirtied Blocks":0,"Local Written Blocks":0,"Temp Read Blocks":0,"Temp Written Blocks":580,"I/O Read Time":0.0,"I/O Write Time":0.0,"Temp I/O Read Time":0.0,"Temp I/O Write Time":3.115,"Plans":[{"Node Type":"Seq Scan","Parent Relationship":"Outer","Parallel Aware":false,"Async Capable":false,"Relation Name":"orders","Schema":"public","Alias":"orders","Startup Cost":0.0,"Total Cost":134121.52,"Plan Rows":223204,"Plan Width":24,"Actual Startup Time":0.973,"Actual Total Time":397.253,"Actual Rows":215962,"Actual Loops":1,"Output":["orders.o_c_id","orders.o_w_id","orders.o_d_id","orders.o_id","orders.o_entry_d"],"Filter":"((orders.o_entry_d >= '1993-07-02 20:10:02.27764'::timestamp without time zone) AND (orders.o_entry_d < '1993-10-02 20:10:02.27764'::timestamp without time zone))","Rows Removed by Filter":5784038,"Shared Hit Blocks":44122,"Shared Read Blocks":0,"Shared Dirtied Blocks":0,"Shared Written Blocks":0,"Local Hit Blocks":0,"Local Read Blocks":0,"Local Dirtied Blocks":0,"Local Written Blocks":0,"Temp Read Blocks":0,"Temp Written Blocks":0,"I/O Read Time":0.0,"I/O Write Time":0.0,"Temp I/O Read Time":0.0,"Temp I/O Write Time":0.0}]}]},{"Node Type":"Hash","Parent Relationship":"Inner","Parallel Aware":false,"Async Capable":false,"Startup Cost":519991.4,"Total Cost":519991.4,"Plan Rows":6000140,"Plan Width":57,"Actual Startup Time":3816.477,"Actual Total Time":3816.48,"Actual Rows":6000000,"Actual Loops":1,"Output":["customer.c_id","customer.c_last","customer.c_city","customer.c_phone","customer.c_w_id","customer.c_d_id","customer.c_nationkey"],"Hash Buckets":131072,"Original Hash Buckets":131072,"Hash Batches":128,"Original Hash Batches":128,"Peak Memory Usage":5209,"Shared Hit Blocks":459990,"Shared Read Blocks":0,"Shared Dirtied Blocks":0,"Shared Written Blocks":0,"Local Hit Blocks":0,"Local Read Blocks":0,"Local Dirtied Blocks":0,"Local Written Blocks":0,"Temp Read Blocks":0,"Temp Written Blocks":57760,"I/O Read Time":0.0,"I/O Write Time":0.0,"Temp I/O Read Time":0.0,"Temp I/O Write Time":283.744,"Plans":[{"Node Type":"Seq Scan","Parent Relationship":"Outer","Parallel Aware":false,"Async Capable":false,"Relation Name":"customer","Schema":"public","Alias":"customer","Startup Cost":0.0,"Total Cost":519991.4,"Plan Rows":6000140,"Plan Width":57,"Actual Startup Time":0.009,"Actual Total Time":2382.251,"Actual Rows":6000000,"Actual Loops":1,"Output":["customer.c_id","customer.c_last","customer.c_city","customer.c_phone","customer.c_w_id","customer.c_d_id","customer.c_nationkey"],"Shared Hit Blocks":459990,"Shared Read Blocks":0,"Shared Dirtied Blocks":0,"Shared Written Blocks":0,"Local Hit Blocks":0,"Local Read Blocks":0,"Local Dirtied Blocks":0,"Local Written Blocks":0,"Temp Read Blocks":0,"Temp Written Blocks":0,"I/O Read Time":0.0,"I/O Write Time":0.0,"Temp I/O Read Time":0.0,"Temp I/O Write Time":0.0}]}]},{"Node Type":"Memoize","Parent Relationship":"Inner","Parallel Aware":false,"Async Capable":false,"Startup Cost":0.15,"Total Cost":2.17,"Plan Rows":1,"Plan Width":12,"Actual Startup Time":0.0,"Actual Total Time":0.0,"Actual Rows":1,"Actual Loops":2159576,"Output":["nation.n_name","nation.n_nationkey"],"Cache Key":"customer.c_nationkey","Cache Mode":"logical","Cache Hits":2159540,"Cache Misses":36,"Cache Evictions":0,"Cache Overflows":0,"Peak Memory Usage":4,"Shared Hit Blocks":72,"Shared Read Blocks":0,"Shared Dirtied Blocks":0,"Shared Written Blocks":0,"Local Hit Blocks":0,"Local Read Blocks":0,"Local Dirtied Blocks":0,"Local Written Blocks":0,"Temp Read Blocks":0,"Temp Written Blocks":0,"I/O Read Time":0.0,"I/O Write Time":0.0,"Temp I/O Read Time":0.0,"Temp I/O Write Time":0.0,"Plans":[{"Node Type":"Index Scan","Parent Relationship":"Outer","Parallel Aware":false,"Async Capable":false,"Scan Direction":"Forward","Index Name":"nation_pk","Relation Name":"nation","Schema":"public","Alias":"nation","Startup Cost":0.14,"Total Cost":2.16,"Plan Rows":1,"Plan Width":12,"Actual Startup Time":0.003,"Actual Total Time":0.003,"Actual Rows":1,"Actual Loops":36,"Output":["nation.n_name","nation.n_nationkey"],"Index Cond":"(nation.n_nationkey = customer.c_nationkey)","Rows Removed by Index Recheck":0,"Shared Hit Blocks":72,"Shared Read Blocks":0,"Shared Dirtied Blocks":0,"Shared Written Blocks":0,"Local Hit Blocks":0,"Local Read Blocks":0,"Local Dirtied Blocks":0,"Local Written Blocks":0,"Temp Read Blocks":0,"Temp Written Blocks":0,"I/O Read Time":0.0,"I/O Write Time":0.0,"Temp I/O Read Time":0.0,"Temp I/O Write Time":0.0}]}]}]}]}]}]},"Planning":{"Shared Hit Blocks":72,"Shared Read Blocks":0,"Shared Dirtied Blocks":0,"Shared Written Blocks":0,"Local Hit Blocks":0,"Local Read Blocks":0,"Local Dirtied Blocks":0,"Local Written Blocks":0,"Temp Read Blocks":0,"Temp Written Blocks":0,"I/O Read Time":0.0,"I/O Write Time":0.0,"Temp I/O Read Time":0.0,"Temp I/O Write Time":0.0},"Planning Time":1.546,"Triggers":[],"Execution Time":10938.315}]
[列存组合]: nation, orders
[{"Plan":{"Node Type":"Limit","Parallel Aware":false,"Async Capable":false,"Startup Cost":3265636.85,"Total Cost":3265639.35,"Plan Rows":1000,"Plan Width":89,"Actual Startup Time":24654.172,"Actual Total Time":24654.291,"Actual Rows":1000,"Actual Loops":1,"Output":["customer.c_id","customer.c_last","(sum(order_line.ol_amount))","customer.c_city","customer.c_phone","nation.n_name"],"Shared Hit Blocks":1141810,"Shared Read Blocks":0,"Shared Dirtied Blocks":0,"Shared Written Blocks":0,"Local Hit Blocks":0,"Local Read Blocks":0,"Local Dirtied Blocks":0,"Local Written Blocks":0,"Temp Read Blocks":218391,"Temp Written Blocks":218459,"I/O Read Time":0.0,"I/O Write Time":0.0,"Temp I/O Read Time":323.988,"Temp I/O Write Time":874.579,"Plans":[{"Node Type":"Sort","Parent Relationship":"Outer","Parallel Aware":false,"Async Capable":false,"Startup Cost":3265636.85,"Total Cost":3266940.11,"Plan Rows":521302,"Plan Width":89,"Actual Startup Time":24654.17,"Actual Total Time":24654.224,"Actual Rows":1000,"Actual Loops":1,"Output":["customer.c_id","customer.c_last","(sum(order_line.ol_amount))","customer.c_city","customer.c_phone","nation.n_name"],"Sort Key":["(sum(order_line.ol_amount)) DESC"],"Sort Method":"top-N heapsort","Sort Space Used":189,"Sort Space Type":"Memory","Shared Hit Blocks":1141810,"Shared Read Blocks":0,"Shared Dirtied Blocks":0,"Shared Written Blocks":0,"Local Hit Blocks":0,"Local Read Blocks":0,"Local Dirtied Blocks":0,"Local Written Blocks":0,"Temp Read Blocks":218391,"Temp Written Blocks":218459,"I/O Read Time":0.0,"I/O Write Time":0.0,"Temp I/O Read Time":323.988,"Temp I/O Write Time":874.579,"Plans":[{"Node Type":"Aggregate","Strategy":"Sorted","Partial Mode":"Simple","Parent Relationship":"Outer","Parallel Aware":false,"Async Capable":false,"Startup Cost":3221415.37,"Total Cost":3237054.43,"Plan Rows":521302,"Plan Width":89,"Actual Startup Time":23441.792,"Actual Total Time":24604.8,"Actual Rows":215962,"Actual Loops":1,"Output":["customer.c_id","customer.c_last","sum(order_line.ol_amount)","customer.c_city","customer.c_phone","nation.n_name"],"Group Key":["customer.c_id","customer.c_last","customer.c_city","customer.c_phone","nation.n_name"],"Shared Hit Blocks":1141810,"Shared Read Blocks":0,"Shared Dirtied Blocks":0,"Shared Written Blocks":0,"Local Hit Blocks":0,"Local Read Blocks":0,"Local Dirtied Blocks":0,"Local Written Blocks":0,"Temp Read Blocks":218391,"Temp Written Blocks":218459,"I/O Read Time":0.0,"I/O Write Time":0.0,"Temp I/O Read Time":323.988,"Temp I/O Write Time":874.579,"Plans":[{"Node Type":"Sort","Parent Relationship":"Outer","Parallel Aware":false,"Async Capable":false,"Startup Cost":3221415.37,"Total Cost":3222718.62,"Plan Rows":521302,"Plan Width":61,"Actual Startup Time":23441.765,"Actual Total Time":24021.185,"Actual Rows":2159576,"Actual Loops":1,"Output":["customer.c_id","customer.c_last","customer.c_city","customer.c_phone","nation.n_name","order_line.ol_amount"],"Sort Key":["customer.c_id","customer.c_last","customer.c_city","customer.c_phone","nation.n_name"],"Sort Method":"external merge","Sort Space Used":150424,"Sort Space Type":"Disk","Shared Hit Blocks":1141810,"Shared Read Blocks":0,"Shared Dirtied Blocks":0,"Shared Written Blocks":0,"Local Hit Blocks":0,"Local Read Blocks":0,"Local Dirtied Blocks":0,"Local Written Blocks":0,"Temp Read Blocks":218391,"Temp Written Blocks":218459,"I/O Read Time":0.0,"I/O Write Time":0.0,"Temp I/O Read Time":323.988,"Temp I/O Write Time":874.579,"Plans":[{"Node Type":"Nested Loop","Parent Relationship":"Outer","Parallel Aware":false,"Async Capable":false,"Join Type":"Inner","Startup Cost":808980.29,"Total Cost":3152313.15,"Plan Rows":521302,"Plan Width":61,"Actual Startup Time":3942.172,"Actual Total Time":21873.757,"Actual Rows":2159576,"Actual Loops":1,"Output":["customer.c_id","customer.c_last","customer.c_city","customer.c_phone","nation.n_name","order_line.ol_amount"],"Inner Unique":true,"Shared Hit Blocks":1141810,"Shared Read Blocks":0,"Shared Dirtied Blocks":0,"Shared Written Blocks":0,"Local Hit Blocks":0,"Local Read Blocks":0,"Local Dirtied Blocks":0,"Local Written Blocks":0,"Temp Read Blocks":180790,"Temp Written Blocks":180790,"I/O Read Time":0.0,"I/O Write Time":0.0,"Temp I/O Read Time":267.009,"Temp I/O Write Time":775.247,"Plans":[{"Node Type":"Hash Join","Parent Relationship":"Outer","Parallel Aware":false,"Async Capable":false,"Join Type":"Inner","Startup Cost":808980.14,"Total Cost":3139324.03,"Plan Rows":521302,"Plan Width":57,"Actual Startup Time":3942.129,"Actual Total Time":21184.688,"Actual Rows":2159576,"Actual Loops":1,"Output":["customer.c_id","customer.c_last","customer.c_city","customer.c_phone","customer.c_nationkey","order_line.ol_amount"],"Inner Unique":true,"Hash Cond":"((orders.o_c_id = customer.c_id) AND (orders.o_w_id = customer.c_w_id) AND (orders.o_d_id = customer.c_d_id))","Shared Hit Blocks":1141738,"Shared Read Blocks":0,"Shared Dirtied Blocks":0,"Shared Written Blocks":0,"Local Hit Blocks":0,"Local Read Blocks":0,"Local Dirtied Blocks":0,"Local Written Blocks":0,"Temp Read Blocks":180790,"Temp Written Blocks":180790,"I/O Read Time":0.0,"I/O Write Time":0.0,"Temp I/O Read Time":267.009,"Temp I/O Write Time":775.247,"Plans":[{"Node Type":"Hash Join","Parent Relationship":"Outer","Parallel Aware":false,"Async Capable":false,"Join Type":"Inner","Startup Cost":119531.29,"Total Cost":2376222.93,"Plan Rows":521302,"Plan Width":16,"Actual Startup Time":157.834,"Actual Total Time":15854.904,"Actual Rows":2159576,"Actual Loops":1,"Output":["orders.o_c_id","orders.o_w_id","orders.o_d_id","order_line.ol_amount","order_line.ol_w_id","order_line.ol_d_id"],"Inner Unique":true,"Hash Cond":"((order_line.ol_w_id = orders.o_w_id) AND (order_line.ol_d_id = orders.o_d_id) AND (order_line.ol_o_id = orders.o_id))","Join Filter":"(orders.o_entry_d <= order_line.ol_delivery_d)","Rows Removed by Join Filter":0,"Shared Hit Blocks":681748,"Shared Read Blocks":0,"Shared Dirtied Blocks":0,"Shared Written Blocks":0,"Local Hit Blocks":0,"Local Read Blocks":0,"Local Dirtied Blocks":0,"Local Written Blocks":0,"Temp Read Blocks":113419,"Temp Written Blocks":113419,"I/O Read Time":0.0,"I/O Write Time":0.0,"Temp I/O Read Time":162.624,"Temp I/O Write Time":440.217,"Plans":[{"Node Type":"Seq Scan","Parent Relationship":"Outer","Parallel Aware":false,"Async Capable":false,"Relation Name":"order_line","Schema":"public","Alias":"order_line","Startup Cost":0.0,"Total Cost":1431670.8,"Plan Rows":42039468,"Plan Width":24,"Actual Startup Time":0.01,"Actual Total Time":7323.55,"Actual Rows":42000489,"Actual Loops":1,"Output":["order_line.ol_amount","order_line.ol_w_id","order_line.ol_d_id","order_line.ol_o_id","order_line.ol_delivery_d"],"Filter":"(order_line.ol_delivery_d >= '1992-01-02 20:10:02.27764'::timestamp without time zone)","Rows Removed by Filter":17993272,"Shared Hit Blocks":681748,"Shared Read Blocks":0,"Shared Dirtied Blocks":0,"Shared Written Blocks":0,"Local Hit Blocks":0,"Local Read Blocks":0,"Local Dirtied Blocks":0,"Local Written Blocks":0,"Temp Read Blocks":0,"Temp Written Blocks":0,"I/O Read Time":0.0,"I/O Write Time":0.0,"Temp I/O Read Time":0.0,"Temp I/O Write Time":0.0},{"Node Type":"Hash","Parent Relationship":"Inner","Parallel Aware":false,"Async Capable":false,"Startup Cost":114317.2,"Total Cost":114317.2,"Plan Rows":223205,"Plan Width":24,"Actual Startup Time":104.849,"Actual Total Time":104.855,"Actual Rows":215962,"Actual Loops":1,"Output":["orders.o_c_id","orders.o_w_id","orders.o_d_id","orders.o_id","orders.o_entry_d"],"Hash Buckets":131072,"Original Hash Buckets":131072,"Hash Batches":2,"Original Hash Batches":2,"Peak Memory Usage":6929,"Shared Hit Blocks":0,"Shared Read Blocks":0,"Shared Dirtied Blocks":0,"Shared Written Blocks":0,"Local Hit Blocks":0,"Local Read Blocks":0,"Local Dirtied Blocks":0,"Local Written Blocks":0,"Temp Read Blocks":0,"Temp Written Blocks":580,"I/O Read Time":0.0,"I/O Write Time":0.0,"Temp I/O Read Time":0.0,"Temp I/O Write Time":2.533,"Plans":[{"Node Type":"Append","Parent Relationship":"Outer","Parallel Aware":false,"Async Capable":false,"Startup Cost":20.0,"Total Cost":114317.2,"Plan Rows":223205,"Plan Width":24,"Actual Startup Time":0.499,"Actual Total Time":62.805,"Actual Rows":215962,"Actual Loops":1,"Shared Hit Blocks":0,"Shared Read Blocks":0,"Shared Dirtied Blocks":0,"Shared Written Blocks":0,"Local Hit Blocks":0,"Local Read Blocks":0,"Local Dirtied Blocks":0,"Local Written Blocks":0,"Temp Read Blocks":0,"Temp Written Blocks":0,"I/O Read Time":0.0,"I/O Write Time":0.0,"Temp I/O Read Time":0.0,"Temp I/O Write Time":0.0,"Subplans Removed":0,"Plans":[{"Node Type":"Custom Scan","Parent Relationship":"Member","Custom Plan Provider":"columnar scan","Parallel Aware":false,"Async Capable":false,"Relation Name":"orders","Schema":"public","Alias":"orders","Startup Cost":20.0,"Total Cost":5711.85,"Plan Rows":223204,"Plan Width":24,"Actual Startup Time":0.498,"Actual Total Time":46.843,"Actual Rows":215962,"Actual Loops":1,"Output":["orders.o_c_id","orders.o_w_id","orders.o_d_id","orders.o_id","orders.o_entry_d"],"Filter":"((orders.o_entry_d < '1993-10-02 20:10:02.27764'::timestamp without time zone) AND (orders.o_entry_d >= '1993-07-02 20:10:02.27764'::timestamp without time zone))","Rows Removed by Filter":0,"Rows Removed by Columnar Filter":5784038,"Columnar cache search mode":"native","Shared Hit Blocks":0,"Shared Read Blocks":0,"Shared Dirtied Blocks":0,"Shared Written Blocks":0,"Local Hit Blocks":0,"Local Read Blocks":0,"Local Dirtied Blocks":0,"Local Written Blocks":0,"Temp Read Blocks":0,"Temp Written Blocks":0,"I/O Read Time":0.0,"I/O Write Time":0.0,"Temp I/O Read Time":0.0,"Temp I/O Write Time":0.0},{"Node Type":"Seq Scan","Parent Relationship":"Member","Parallel Aware":false,"Async Capable":false,"Relation Name":"orders","Schema":"public","Alias":"orders","Startup Cost":0.0,"Total Cost":4.01,"Plan Rows":1,"Plan Width":24,"Actual Startup Time":0.0,"Actual Total Time":0.0,"Actual Rows":0,"Actual Loops":0,"Output":["orders.o_c_id","orders.o_w_id","orders.o_d_id","orders.o_id","orders.o_entry_d"],"Filter":"((orders.o_entry_d < '1993-10-02 20:10:02.27764'::timestamp without time zone) AND (orders.o_entry_d >= '1993-07-02 20:10:02.27764'::timestamp without time zone))","Rows Removed by Filter":0,"Shared Hit Blocks":0,"Shared Read Blocks":0,"Shared Dirtied Blocks":0,"Shared Written Blocks":0,"Local Hit Blocks":0,"Local Read Blocks":0,"Local Dirtied Blocks":0,"Local Written Blocks":0,"Temp Read Blocks":0,"Temp Written Blocks":0,"I/O Read Time":0.0,"I/O Write Time":0.0,"Temp I/O Read Time":0.0,"Temp I/O Write Time":0.0}]}]}]},{"Node Type":"Hash","Parent Relationship":"Inner","Parallel Aware":false,"Async Capable":false,"Startup Cost":519991.4,"Total Cost":519991.4,"Plan Rows":6000140,"Plan Width":57,"Actual Startup Time":3770.091,"Actual Total Time":3770.093,"Actual Rows":6000000,"Actual Loops":1,"Output":["customer.c_id","customer.c_last","customer.c_city","customer.c_phone","customer.c_w_id","customer.c_d_id","customer.c_nationkey"],"Hash Buckets":131072,"Original Hash Buckets":131072,"Hash Batches":128,"Original Hash Batches":128,"Peak Memory Usage":5209,"Shared Hit Blocks":459990,"Shared Read Blocks":0,"Shared Dirtied Blocks":0,"Shared Written Blocks":0,"Local Hit Blocks":0,"Local Read Blocks":0,"Local Dirtied Blocks":0,"Local Written Blocks":0,"Temp Read Blocks":0,"Temp Written Blocks":57760,"I/O Read Time":0.0,"I/O Write Time":0.0,"Temp I/O Read Time":0.0,"Temp I/O Write Time":282.376,"Plans":[{"Node Type":"Seq Scan","Parent Relationship":"Outer","Parallel Aware":false,"Async Capable":false,"Relation Name":"customer","Schema":"public","Alias":"customer","Startup Cost":0.0,"Total Cost":519991.4,"Plan Rows":6000140,"Plan Width":57,"Actual Startup Time":0.01,"Actual Total Time":2350.915,"Actual Rows":6000000,"Actual Loops":1,"Output":["customer.c_id","customer.c_last","customer.c_city","customer.c_phone","customer.c_w_id","customer.c_d_id","customer.c_nationkey"],"Shared Hit Blocks":459990,"Shared Read Blocks":0,"Shared Dirtied Blocks":0,"Shared Written Blocks":0,"Local Hit Blocks":0,"Local Read Blocks":0,"Local Dirtied Blocks":0,"Local Written Blocks":0,"Temp Read Blocks":0,"Temp Written Blocks":0,"I/O Read Time":0.0,"I/O Write Time":0.0,"Temp I/O Read Time":0.0,"Temp I/O Write Time":0.0}]}]},{"Node Type":"Memoize","Parent Relationship":"Inner","Parallel Aware":false,"Async Capable":false,"Startup Cost":0.15,"Total Cost":2.17,"Plan Rows":1,"Plan Width":12,"Actual Startup Time":0.0,"Actual Total Time":0.0,"Actual Rows":1,"Actual Loops":2159576,"Output":["nation.n_name","nation.n_nationkey"],"Cache Key":"customer.c_nationkey","Cache Mode":"logical","Cache Hits":2159540,"Cache Misses":36,"Cache Evictions":0,"Cache Overflows":0,"Peak Memory Usage":4,"Shared Hit Blocks":72,"Shared Read Blocks":0,"Shared Dirtied Blocks":0,"Shared Written Blocks":0,"Local Hit Blocks":0,"Local Read Blocks":0,"Local Dirtied Blocks":0,"Local Written Blocks":0,"Temp Read Blocks":0,"Temp Written Blocks":0,"I/O Read Time":0.0,"I/O Write Time":0.0,"Temp I/O Read Time":0.0,"Temp I/O Write Time":0.0,"Plans":[{"Node Type":"Index Scan","Parent Relationship":"Outer","Parallel Aware":false,"Async Capable":false,"Scan Direction":"Forward","Index Name":"nation_pk","Relation Name":"nation","Schema":"public","Alias":"nation","Startup Cost":0.14,"Total Cost":2.16,"Plan Rows":1,"Plan Width":12,"Actual Startup Time":0.005,"Actual Total Time":0.005,"Actual Rows":1,"Actual Loops":36,"Output":["nation.n_name","nation.n_nationkey"],"Index Cond":"(nation.n_nationkey = customer.c_nationkey)","Rows Removed by Index Recheck":0,"Shared Hit Blocks":72,"Shared Read Blocks":0,"Shared Dirtied Blocks":0,"Shared Written Blocks":0,"Local Hit Blocks":0,"Local Read Blocks":0,"Local Dirtied Blocks":0,"Local Written Blocks":0,"Temp Read Blocks":0,"Temp Written Blocks":0,"I/O Read Time":0.0,"I/O Write Time":0.0,"Temp I/O Read Time":0.0,"Temp I/O Write Time":0.0}]}]}]}]}]}]},"Planning":{"Shared Hit Blocks":72,"Shared Read Blocks":0,"Shared Dirtied Blocks":0,"Shared Written Blocks":0,"Local Hit Blocks":0,"Local Read Blocks":0,"Local Dirtied Blocks":0,"Local Written Blocks":0,"Temp Read Blocks":0,"Temp Written Blocks":0,"I/O Read Time":0.0,"I/O Write Time":0.0,"Temp I/O Read Time":0.0,"Temp I/O Write Time":0.0},"Planning Time":1.124,"Triggers":[],"Execution Time":24677.791}]
[列存组合]: order_line, orders
[{"Plan":{"Node Type":"Limit","Parallel Aware":false,"Async Capable":false,"Startup Cost":3237564.88,"Total Cost":3237567.38,"Plan Rows":1000,"Plan Width":89,"Actual Startup Time":10527.763,"Actual Total Time":10527.882,"Actual Rows":1000,"Actual Loops":1,"Output":["customer.c_id","customer.c_last","(sum(order_line.ol_amount))","customer.c_city","customer.c_phone","nation.n_name"],"Shared Hit Blocks":460062,"Shared Read Blocks":0,"Shared Dirtied Blocks":0,"Shared Written Blocks":0,"Local Hit Blocks":0,"Local Read Blocks":0,"Local Dirtied Blocks":0,"Local Written Blocks":0,"Temp Read Blocks":111563,"Temp Written Blocks":111631,"I/O Read Time":0.0,"I/O Write Time":0.0,"Temp I/O Read Time":168.342,"Temp I/O Write Time":460.302,"Plans":[{"Node Type":"Sort","Parent Relationship":"Outer","Parallel Aware":false,"Async Capable":false,"Startup Cost":3237564.88,"Total Cost":3238868.13,"Plan Rows":521302,"Plan Width":89,"Actual Startup Time":10527.76,"Actual Total Time":10527.813,"Actual Rows":1000,"Actual Loops":1,"Output":["customer.c_id","customer.c_last","(sum(order_line.ol_amount))","customer.c_city","customer.c_phone","nation.n_name"],"Sort Key":["(sum(order_line.ol_amount)) DESC"],"Sort Method":"top-N heapsort","Sort Space Used":189,"Sort Space Type":"Memory","Shared Hit Blocks":460062,"Shared Read Blocks":0,"Shared Dirtied Blocks":0,"Shared Written Blocks":0,"Local Hit Blocks":0,"Local Read Blocks":0,"Local Dirtied Blocks":0,"Local Written Blocks":0,"Temp Read Blocks":111563,"Temp Written Blocks":111631,"I/O Read Time":0.0,"I/O Write Time":0.0,"Temp I/O Read Time":168.342,"Temp I/O Write Time":460.302,"Plans":[{"Node Type":"Aggregate","Strategy":"Sorted","Partial Mode":"Simple","Parent Relationship":"Outer","Parallel Aware":false,"Async Capable":false,"Startup Cost":3193343.39,"Total Cost":3208982.45,"Plan Rows":521302,"Plan Width":89,"Actual Startup Time":9316.952,"Actual Total Time":10478.381,"Actual Rows":215962,"Actual Loops":1,"Output":["customer.c_id","customer.c_last","sum(order_line.ol_amount)","customer.c_city","customer.c_phone","nation.n_name"],"Group Key":["customer.c_id","customer.c_last","customer.c_city","customer.c_phone","nation.n_name"],"Shared Hit Blocks":460062,"Shared Read Blocks":0,"Shared Dirtied Blocks":0,"Shared Written Blocks":0,"Local Hit Blocks":0,"Local Read Blocks":0,"Local Dirtied Blocks":0,"Local Written Blocks":0,"Temp Read Blocks":111563,"Temp Written Blocks":111631,"I/O Read Time":0.0,"I/O Write Time":0.0,"Temp I/O Read Time":168.342,"Temp I/O Write Time":460.302,"Plans":[{"Node Type":"Sort","Parent Relationship":"Outer","Parallel Aware":false,"Async Capable":false,"Startup Cost":3193343.39,"Total Cost":3194646.65,"Plan Rows":521302,"Plan Width":61,"Actual Startup Time":9316.924,"Actual Total Time":9894.159,"Actual Rows":2159576,"Actual Loops":1,"Output":["customer.c_id","customer.c_last","customer.c_city","customer.c_phone","nation.n_name","order_line.ol_amount"],"Sort Key":["customer.c_id","customer.c_last","customer.c_city","customer.c_phone","nation.n_name"],"Sort Method":"external merge","Sort Space Used":150424,"Sort Space Type":"Disk","Shared Hit Blocks":460062,"Shared Read Blocks":0,"Shared Dirtied Blocks":0,"Shared Written Blocks":0,"Local Hit Blocks":0,"Local Read Blocks":0,"Local Dirtied Blocks":0,"Local Written Blocks":0,"Temp Read Blocks":111563,"Temp Written Blocks":111631,"I/O Read Time":0.0,"I/O Write Time":0.0,"Temp I/O Read Time":168.342,"Temp I/O Write Time":460.302,"Plans":[{"Node Type":"Nested Loop","Parent Relationship":"Outer","Parallel Aware":false,"Async Capable":false,"Join Type":"Inner","Startup Cost":809000.29,"Total Cost":3124241.18,"Plan Rows":521302,"Plan Width":61,"Actual Startup Time":3868.994,"Actual Total Time":7750.274,"Actual Rows":2159576,"Actual Loops":1,"Output":["customer.c_id","customer.c_last","customer.c_city","customer.c_phone","nation.n_name","order_line.ol_amount"],"Inner Unique":true,"Shared Hit Blocks":460062,"Shared Read Blocks":0,"Shared Dirtied Blocks":0,"Shared Written Blocks":0,"Local Hit Blocks":0,"Local Read Blocks":0,"Local Dirtied Blocks":0,"Local Written Blocks":0,"Temp Read Blocks":73962,"Temp Written Blocks":73962,"I/O Read Time":0.0,"I/O Write Time":0.0,"Temp I/O Read Time":113.358,"Temp I/O Write Time":361.769,"Plans":[{"Node Type":"Hash Join","Parent Relationship":"Outer","Parallel Aware":false,"Async Capable":false,"Join Type":"Inner","Startup Cost":809000.14,"Total Cost":3111252.06,"Plan Rows":521302,"Plan Width":57,"Actual Startup Time":3868.955,"Actual Total Time":7047.183,"Actual Rows":2159576,"Actual Loops":1,"Output":["customer.c_id","customer.c_last","customer.c_city","customer.c_phone","customer.c_nationkey","order_line.ol_amount"],"Inner Unique":true,"Hash Cond":"((orders.o_c_id = customer.c_id) AND (orders.o_w_id = customer.c_w_id) AND (orders.o_d_id = customer.c_d_id))","Shared Hit Blocks":459990,"Shared Read Blocks":0,"Shared Dirtied Blocks":0,"Shared Written Blocks":0,"Local Hit Blocks":0,"Local Read Blocks":0,"Local Dirtied Blocks":0,"Local Written Blocks":0,"Temp Read Blocks":73962,"Temp Written Blocks":73962,"I/O Read Time":0.0,"I/O Write Time":0.0,"Temp I/O Read Time":113.358,"Temp I/O Write Time":361.769,"Plans":[{"Node Type":"Hash Join","Parent Relationship":"Outer","Parallel Aware":false,"Async Capable":false,"Join Type":"Inner","Startup Cost":119551.29,"Total Cost":2348150.95,"Plan Rows":521302,"Plan Width":16,"Actual Startup Time":122.899,"Actual Total Time":1762.046,"Actual Rows":2159576,"Actual Loops":1,"Output":["orders.o_c_id","orders.o_w_id","orders.o_d_id","order_line.ol_amount","order_line.ol_w_id","order_line.ol_d_id"],"Inner Unique":true,"Hash Cond":"((order_line.ol_w_id = orders.o_w_id) AND (order_line.ol_d_id = orders.o_d_id) AND (order_line.ol_o_id = orders.o_id))","Join Filter":"(orders.o_entry_d <= order_line.ol_delivery_d)","Rows Removed by Join Filter":0,"Shared Hit Blocks":0,"Shared Read Blocks":0,"Shared Dirtied Blocks":0,"Shared Written Blocks":0,"Local Hit Blocks":0,"Local Read Blocks":0,"Local Dirtied Blocks":0,"Local Written Blocks":0,"Temp Read Blocks":6591,"Temp Written Blocks":6591,"I/O Read Time":0.0,"I/O Write Time":0.0,"Temp I/O Read Time":10.406,"Temp I/O Write Time":27.837,"Plans":[{"Node Type":"Append","Parent Relationship":"Outer","Parallel Aware":false,"Async Capable":false,"Startup Cost":20.0,"Total Cost":1403598.82,"Plan Rows":42039468,"Plan Width":24,"Actual Startup Time":1.439,"Actual Total Time":818.945,"Actual Rows":2240029,"Actual Loops":1,"Shared Hit Blocks":0,"Shared Read Blocks":0,"Shared Dirtied Blocks":0,"Shared Written Blocks":0,"Local Hit Blocks":0,"Local Read Blocks":0,"Local Dirtied Blocks":0,"Local Written Blocks":0,"Temp Read Blocks":0,"Temp Written Blocks":0,"I/O Read Time":0.0,"I/O Write Time":0.0,"Temp I/O Read Time":0.0,"Temp I/O Write Time":0.0,"Subplans Removed":0,"Plans":[{"Node Type":"Custom Scan","Parent Relationship":"Member","Custom Plan Provider":"columnar scan","Parallel Aware":false,"Async Capable":false,"Relation Name":"order_line","Schema":"public","Alias":"order_line","Startup Cost":20.0,"Total Cost":1072026.23,"Plan Rows":42039424,"Plan Width":24,"Actual Startup Time":1.438,"Actual Total Time":659.103,"Actual Rows":2240029,"Actual Loops":1,"Output":["order_line.ol_amount","order_line.ol_w_id","order_line.ol_d_id","order_line.ol_o_id","order_line.ol_delivery_d"],"Filter":"(order_line.ol_delivery_d >= '1992-01-02 20:10:02.27764'::timestamp without time zone)","Rows Removed by Filter":0,"Rows Removed by Columnar Filter":57753732,"Rows Filtered by Bloom Filter":0,"Dictionary Rows Filtered by Bloom Filter":57753732,"Columnar cache search mode":"native","Shared Hit Blocks":0,"Shared Read Blocks":0,"Shared Dirtied Blocks":0,"Shared Written Blocks":0,"Local Hit Blocks":0,"Local Read Blocks":0,"Local Dirtied Blocks":0,"Local Written Blocks":0,"Temp Read Blocks":0,"Temp Written Blocks":0,"I/O Read Time":0.0,"I/O Write Time":0.0,"Temp I/O Read Time":0.0,"Temp I/O Write Time":0.0},{"Node Type":"Seq Scan","Parent Relationship":"Member","Parallel Aware":false,"Async Capable":false,"Relation Name":"order_line","Schema":"public","Alias":"order_line","Startup Cost":0.0,"Total Cost":4.79,"Plan Rows":44,"Plan Width":24,"Actual Startup Time":0.0,"Actual Total Time":0.0,"Actual Rows":0,"Actual Loops":0,"Output":["order_line.ol_amount","order_line.ol_w_id","order_line.ol_d_id","order_line.ol_o_id","order_line.ol_delivery_d"],"Filter":"(order_line.ol_delivery_d >= '1992-01-02 20:10:02.27764'::timestamp without time zone)","Rows Removed by Filter":0,"Shared Hit Blocks":0,"Shared Read Blocks":0,"Shared Dirtied Blocks":0,"Shared Written Blocks":0,"Local Hit Blocks":0,"Local Read Blocks":0,"Local Dirtied Blocks":0,"Local Written Blocks":0,"Temp Read Blocks":0,"Temp Written Blocks":0,"I/O Read Time":0.0,"I/O Write Time":0.0,"Temp I/O Read Time":0.0,"Temp I/O Write Time":0.0}]},{"Node Type":"Hash","Parent Relationship":"Inner","Parallel Aware":false,"Async Capable":false,"Startup Cost":114317.2,"Total Cost":114317.2,"Plan Rows":223205,"Plan Width":24,"Actual Startup Time":120.522,"Actual Total Time":120.527,"Actual Rows":215962,"Actual Loops":1,"Output":["orders.o_c_id","orders.o_w_id","orders.o_d_id","orders.o_id","orders.o_entry_d"],"Hash Buckets":131072,"Original Hash Buckets":131072,"Hash Batches":2,"Original Hash Batches":2,"Peak Memory Usage":6929,"Shared Hit Blocks":0,"Shared Read Blocks":0,"Shared Dirtied Blocks":0,"Shared Written Blocks":0,"Local Hit Blocks":0,"Local Read Blocks":0,"Local Dirtied Blocks":0,"Local Written Blocks":0,"Temp Read Blocks":0,"Temp Written Blocks":580,"I/O Read Time":0.0,"I/O Write Time":0.0,"Temp I/O Read Time":0.0,"Temp I/O Write Time":2.614,"Plans":[{"Node Type":"Append","Parent Relationship":"Outer","Parallel Aware":false,"Async Capable":false,"Startup Cost":20.0,"Total Cost":114317.2,"Plan Rows":223205,"Plan Width":24,"Actual Startup Time":0.519,"Actual Total Time":63.626,"Actual Rows":215962,"Actual Loops":1,"Shared Hit Blocks":0,"Shared Read Blocks":0,"Shared Dirtied Blocks":0,"Shared Written Blocks":0,"Local Hit Blocks":0,"Local Read Blocks":0,"Local Dirtied Blocks":0,"Local Written Blocks":0,"Temp Read Blocks":0,"Temp Written Blocks":0,"I/O Read Time":0.0,"I/O Write Time":0.0,"Temp I/O Read Time":0.0,"Temp I/O Write Time":0.0,"Subplans Removed":0,"Plans":[{"Node Type":"Custom Scan","Parent Relationship":"Member","Custom Plan Provider":"columnar scan","Parallel Aware":false,"Async Capable":false,"Relation Name":"orders","Schema":"public","Alias":"orders","Startup Cost":20.0,"Total Cost":5711.85,"Plan Rows":223204,"Plan Width":24,"Actual Startup Time":0.517,"Actual Total Time":48.045,"Actual Rows":215962,"Actual Loops":1,"Output":["orders.o_c_id","orders.o_w_id","orders.o_d_id","orders.o_id","orders.o_entry_d"],"Filter":"((orders.o_entry_d < '1993-10-02 20:10:02.27764'::timestamp without time zone) AND (orders.o_entry_d >= '1993-07-02 20:10:02.27764'::timestamp without time zone))","Rows Removed by Filter":0,"Rows Removed by Columnar Filter":5784038,"Columnar cache search mode":"native","Shared Hit Blocks":0,"Shared Read Blocks":0,"Shared Dirtied Blocks":0,"Shared Written Blocks":0,"Local Hit Blocks":0,"Local Read Blocks":0,"Local Dirtied Blocks":0,"Local Written Blocks":0,"Temp Read Blocks":0,"Temp Written Blocks":0,"I/O Read Time":0.0,"I/O Write Time":0.0,"Temp I/O Read Time":0.0,"Temp I/O Write Time":0.0},{"Node Type":"Seq Scan","Parent Relationship":"Member","Parallel Aware":false,"Async Capable":false,"Relation Name":"orders","Schema":"public","Alias":"orders","Startup Cost":0.0,"Total Cost":4.01,"Plan Rows":1,"Plan Width":24,"Actual Startup Time":0.0,"Actual Total Time":0.0,"Actual Rows":0,"Actual Loops":0,"Output":["orders.o_c_id","orders.o_w_id","orders.o_d_id","orders.o_id","orders.o_entry_d"],"Filter":"((orders.o_entry_d < '1993-10-02 20:10:02.27764'::timestamp without time zone) AND (orders.o_entry_d >= '1993-07-02 20:10:02.27764'::timestamp without time zone))","Rows Removed by Filter":0,"Shared Hit Blocks":0,"Shared Read Blocks":0,"Shared Dirtied Blocks":0,"Shared Written Blocks":0,"Local Hit Blocks":0,"Local Read Blocks":0,"Local Dirtied Blocks":0,"Local Written Blocks":0,"Temp Read Blocks":0,"Temp Written Blocks":0,"I/O Read Time":0.0,"I/O Write Time":0.0,"Temp I/O Read Time":0.0,"Temp I/O Write Time":0.0}]}]}]},{"Node Type":"Hash","Parent Relationship":"Inner","Parallel Aware":false,"Async Capable":false,"Startup Cost":519991.4,"Total Cost":519991.4,"Plan Rows":6000140,"Plan Width":57,"Actual Startup Time":3739.106,"Actual Total Time":3739.107,"Actual Rows":6000000,"Actual Loops":1,"Output":["customer.c_id","customer.c_last","customer.c_city","customer.c_phone","customer.c_w_id","customer.c_d_id","customer.c_nationkey"],"Hash Buckets":131072,"Original Hash Buckets":131072,"Hash Batches":128,"Original Hash Batches":128,"Peak Memory Usage":5209,"Shared Hit Blocks":459990,"Shared Read Blocks":0,"Shared Dirtied Blocks":0,"Shared Written Blocks":0,"Local Hit Blocks":0,"Local Read Blocks":0,"Local Dirtied Blocks":0,"Local Written Blocks":0,"Temp Read Blocks":0,"Temp Written Blocks":57760,"I/O Read Time":0.0,"I/O Write Time":0.0,"Temp I/O Read Time":0.0,"Temp I/O Write Time":287.707,"Plans":[{"Node Type":"Seq Scan","Parent Relationship":"Outer","Parallel Aware":false,"Async Capable":false,"Relation Name":"customer","Schema":"public","Alias":"customer","Startup Cost":0.0,"Total Cost":519991.4,"Plan Rows":6000140,"Plan Width":57,"Actual Startup Time":0.013,"Actual Total Time":2315.99,"Actual Rows":6000000,"Actual Loops":1,"Output":["customer.c_id","customer.c_last","customer.c_city","customer.c_phone","customer.c_w_id","customer.c_d_id","customer.c_nationkey"],"Shared Hit Blocks":459990,"Shared Read Blocks":0,"Shared Dirtied Blocks":0,"Shared Written Blocks":0,"Local Hit Blocks":0,"Local Read Blocks":0,"Local Dirtied Blocks":0,"Local Written Blocks":0,"Temp Read Blocks":0,"Temp Written Blocks":0,"I/O Read Time":0.0,"I/O Write Time":0.0,"Temp I/O Read Time":0.0,"Temp I/O Write Time":0.0}]}]},{"Node Type":"Memoize","Parent Relationship":"Inner","Parallel Aware":false,"Async Capable":false,"Startup Cost":0.15,"Total Cost":2.17,"Plan Rows":1,"Plan Width":12,"Actual Startup Time":0.0,"Actual Total Time":0.0,"Actual Rows":1,"Actual Loops":2159576,"Output":["nation.n_name","nation.n_nationkey"],"Cache Key":"customer.c_nationkey","Cache Mode":"logical","Cache Hits":2159540,"Cache Misses":36,"Cache Evictions":0,"Cache Overflows":0,"Peak Memory Usage":4,"Shared Hit Blocks":72,"Shared Read Blocks":0,"Shared Dirtied Blocks":0,"Shared Written Blocks":0,"Local Hit Blocks":0,"Local Read Blocks":0,"Local Dirtied Blocks":0,"Local Written Blocks":0,"Temp Read Blocks":0,"Temp Written Blocks":0,"I/O Read Time":0.0,"I/O Write Time":0.0,"Temp I/O Read Time":0.0,"Temp I/O Write Time":0.0,"Plans":[{"Node Type":"Index Scan","Parent Relationship":"Outer","Parallel Aware":false,"Async Capable":false,"Scan Direction":"Forward","Index Name":"nation_pk","Relation Name":"nation","Schema":"public","Alias":"nation","Startup Cost":0.14,"Total Cost":2.16,"Plan Rows":1,"Plan Width":12,"Actual Startup Time":0.003,"Actual Total Time":0.003,"Actual Rows":1,"Actual Loops":36,"Output":["nation.n_name","nation.n_nationkey"],"Index Cond":"(nation.n_nationkey = customer.c_nationkey)","Rows Removed by Index Recheck":0,"Shared Hit Blocks":72,"Shared Read Blocks":0,"Shared Dirtied Blocks":0,"Shared Written Blocks":0,"Local Hit Blocks":0,"Local Read Blocks":0,"Local Dirtied Blocks":0,"Local Written Blocks":0,"Temp Read Blocks":0,"Temp Written Blocks":0,"I/O Read Time":0.0,"I/O Write Time":0.0,"Temp I/O Read Time":0.0,"Temp I/O Write Time":0.0}]}]}]}]}]}]},"Planning":{"Shared Hit Blocks":72,"Shared Read Blocks":0,"Shared Dirtied Blocks":0,"Shared Written Blocks":0,"Local Hit Blocks":0,"Local Read Blocks":0,"Local Dirtied Blocks":0,"Local Written Blocks":0,"Temp Read Blocks":0,"Temp Written Blocks":0,"I/O Read Time":0.0,"I/O Write Time":0.0,"Temp I/O Read Time":0.0,"Temp I/O Write Time":0.0},"Planning Time":1.662,"Triggers":[],"Execution Time":10552.498}]
[列存组合]: customer, nation, order_line
[{"Plan":{"Node Type":"Limit","Parallel Aware":false,"Async Capable":false,"Startup Cost":3247173.27,"Total Cost":3247175.77,"Plan Rows":1000,"Plan Width":89,"Actual Startup Time":9957.414,"Actual Total Time":9957.533,"Actual Rows":1000,"Actual Loops":1,"Output":["customer.c_id","customer.c_last","(sum(order_line.ol_amount))","customer.c_city","customer.c_phone","nation.n_name"],"Shared Hit Blocks":44194,"Shared Read Blocks":0,"Shared Dirtied Blocks":0,"Shared Written Blocks":0,"Local Hit Blocks":0,"Local Read Blocks":0,"Local Dirtied Blocks":0,"Local Written Blocks":0,"Temp Read Blocks":88609,"Temp Written Blocks":88677,"I/O Read Time":0.0,"I/O Write Time":0.0,"Temp I/O Read Time":140.73,"Temp I/O Write Time":350.254,"Plans":[{"Node Type":"Sort","Parent Relationship":"Outer","Parallel Aware":false,"Async Capable":false,"Startup Cost":3247173.27,"Total Cost":3248476.52,"Plan Rows":521302,"Plan Width":89,"Actual Startup Time":9957.411,"Actual Total Time":9957.463,"Actual Rows":1000,"Actual Loops":1,"Output":["customer.c_id","customer.c_last","(sum(order_line.ol_amount))","customer.c_city","customer.c_phone","nation.n_name"],"Sort Key":["(sum(order_line.ol_amount)) DESC"],"Sort Method":"top-N heapsort","Sort Space Used":189,"Sort Space Type":"Memory","Shared Hit Blocks":44194,"Shared Read Blocks":0,"Shared Dirtied Blocks":0,"Shared Written Blocks":0,"Local Hit Blocks":0,"Local Read Blocks":0,"Local Dirtied Blocks":0,"Local Written Blocks":0,"Temp Read Blocks":88609,"Temp Written Blocks":88677,"I/O Read Time":0.0,"I/O Write Time":0.0,"Temp I/O Read Time":140.73,"Temp I/O Write Time":350.254,"Plans":[{"Node Type":"Aggregate","Strategy":"Sorted","Partial Mode":"Simple","Parent Relationship":"Outer","Parallel Aware":false,"Async Capable":false,"Startup Cost":3202951.78,"Total Cost":3218590.84,"Plan Rows":521302,"Plan Width":89,"Actual Startup Time":8740.988,"Actual Total Time":9908.115,"Actual Rows":215962,"Actual Loops":1,"Output":["customer.c_id","customer.c_last","sum(order_line.ol_amount)","customer.c_city","customer.c_phone","nation.n_name"],"Group Key":["customer.c_id","customer.c_last","customer.c_city","customer.c_phone","nation.n_name"],"Shared Hit Blocks":44194,"Shared Read Blocks":0,"Shared Dirtied Blocks":0,"Shared Written Blocks":0,"Local Hit Blocks":0,"Local Read Blocks":0,"Local Dirtied Blocks":0,"Local Written Blocks":0,"Temp Read Blocks":88609,"Temp Written Blocks":88677,"I/O Read Time":0.0,"I/O Write Time":0.0,"Temp I/O Read Time":140.73,"Temp I/O Write Time":350.254,"Plans":[{"Node Type":"Sort","Parent Relationship":"Outer","Parallel Aware":false,"Async Capable":false,"Startup Cost":3202951.78,"Total Cost":3204255.04,"Plan Rows":521302,"Plan Width":61,"Actual Startup Time":8740.962,"Actual Total Time":9324.969,"Actual Rows":2159576,"Actual Loops":1,"Output":["customer.c_id","customer.c_last","customer.c_city","customer.c_phone","nation.n_name","order_line.ol_amount"],"Sort Key":["customer.c_id","customer.c_last","customer.c_city","customer.c_phone","nation.n_name"],"Sort Method":"external merge","Sort Space Used":150424,"Sort Space Type":"Disk","Shared Hit Blocks":44194,"Shared Read Blocks":0,"Shared Dirtied Blocks":0,"Shared Written Blocks":0,"Local Hit Blocks":0,"Local Read Blocks":0,"Local Dirtied Blocks":0,"Local Written Blocks":0,"Temp Read Blocks":88609,"Temp Written Blocks":88677,"I/O Read Time":0.0,"I/O Write Time":0.0,"Temp I/O Read Time":140.73,"Temp I/O Write Time":350.254,"Plans":[{"Node Type":"Nested Loop","Parent Relationship":"Outer","Parallel Aware":false,"Async Capable":false,"Join Type":"Inner","Startup Cost":818608.68,"Total Cost":3133849.57,"Plan Rows":521302,"Plan Width":61,"Actual Startup Time":2786.349,"Actual Total Time":7113.288,"Actual Rows":2159576,"Actual Loops":1,"Output":["customer.c_id","customer.c_last","customer.c_city","customer.c_phone","nation.n_name","order_line.ol_amount"],"Inner Unique":true,"Shared Hit Blocks":44194,"Shared Read Blocks":0,"Shared Dirtied Blocks":0,"Shared Written Blocks":0,"Local Hit Blocks":0,"Local Read Blocks":0,"Local Dirtied Blocks":0,"Local Written Blocks":0,"Temp Read Blocks":51008,"Temp Written Blocks":51008,"I/O Read Time":0.0,"I/O Write Time":0.0,"Temp I/O Read Time":82.733,"Temp I/O Write Time":250.139,"Plans":[{"Node Type":"Hash Join","Parent Relationship":"Outer","Parallel Aware":false,"Async Capable":false,"Join Type":"Inner","Startup Cost":818608.53,"Total Cost":3120860.45,"Plan Rows":521302,"Plan Width":57,"Actual Startup Time":2786.301,"Actual Total Time":6391.684,"Actual Rows":2159576,"Actual Loops":1,"Output":["customer.c_id","customer.c_last","customer.c_city","customer.c_phone","customer.c_nationkey","order_line.ol_amount"],"Inner Unique":true,"Hash Cond":"((orders.o_c_id = customer.c_id) AND (orders.o_w_id = customer.c_w_id) AND (orders.o_d_id = customer.c_d_id))","Shared Hit Blocks":44122,"Shared Read Blocks":0,"Shared Dirtied Blocks":0,"Shared Written Blocks":0,"Local Hit Blocks":0,"Local Read Blocks":0,"Local Dirtied Blocks":0,"Local Written Blocks":0,"Temp Read Blocks":51008,"Temp Written Blocks":51008,"I/O Read Time":0.0,"I/O Write Time":0.0,"Temp I/O Read Time":82.733,"Temp I/O Write Time":250.139,"Plans":[{"Node Type":"Hash Join","Parent Relationship":"Outer","Parallel Aware":false,"Async Capable":false,"Join Type":"Inner","Startup Cost":139355.59,"Total Cost":2367955.26,"Plan Rows":521302,"Plan Width":16,"Actual Startup Time":465.954,"Actual Total Time":2118.293,"Actual Rows":2159576,"Actual Loops":1,"Output":["orders.o_c_id","orders.o_w_id","orders.o_d_id","order_line.ol_amount","order_line.ol_w_id","order_line.ol_d_id"],"Inner Unique":true,"Hash Cond":"((order_line.ol_w_id = orders.o_w_id) AND (order_line.ol_d_id = orders.o_d_id) AND (order_line.ol_o_id = orders.o_id))","Join Filter":"(orders.o_entry_d <= order_line.ol_delivery_d)","Rows Removed by Join Filter":0,"Shared Hit Blocks":44122,"Shared Read Blocks":0,"Shared Dirtied Blocks":0,"Shared Written Blocks":0,"Local Hit Blocks":0,"Local Read Blocks":0,"Local Dirtied Blocks":0,"Local Written Blocks":0,"Temp Read Blocks":6591,"Temp Written Blocks":6591,"I/O Read Time":0.0,"I/O Write Time":0.0,"Temp I/O Read Time":11.069,"Temp I/O Write Time":28.983,"Plans":[{"Node Type":"Append","Parent Relationship":"Outer","Parallel Aware":false,"Async Capable":false,"Startup Cost":20.0,"Total Cost":1403598.82,"Plan Rows":42039468,"Plan Width":24,"Actual Startup Time":1.529,"Actual Total Time":826.04,"Actual Rows":2240029,"Actual Loops":1,"Shared Hit Blocks":0,"Shared Read Blocks":0,"Shared Dirtied Blocks":0,"Shared Written Blocks":0,"Local Hit Blocks":0,"Local Read Blocks":0,"Local Dirtied Blocks":0,"Local Written Blocks":0,"Temp Read Blocks":0,"Temp Written Blocks":0,"I/O Read Time":0.0,"I/O Write Time":0.0,"Temp I/O Read Time":0.0,"Temp I/O Write Time":0.0,"Subplans Removed":0,"Plans":[{"Node Type":"Custom Scan","Parent Relationship":"Member","Custom Plan Provider":"columnar scan","Parallel Aware":false,"Async Capable":false,"Relation Name":"order_line","Schema":"public","Alias":"order_line","Startup Cost":20.0,"Total Cost":1072026.23,"Plan Rows":42039424,"Plan Width":24,"Actual Startup Time":1.528,"Actual Total Time":662.049,"Actual Rows":2240029,"Actual Loops":1,"Output":["order_line.ol_amount","order_line.ol_w_id","order_line.ol_d_id","order_line.ol_o_id","order_line.ol_delivery_d"],"Filter":"(order_line.ol_delivery_d >= '1992-01-02 20:10:02.27764'::timestamp without time zone)","Rows Removed by Filter":0,"Rows Removed by Columnar Filter":57753732,"Rows Filtered by Bloom Filter":0,"Dictionary Rows Filtered by Bloom Filter":57753732,"Columnar cache search mode":"native","Shared Hit Blocks":0,"Shared Read Blocks":0,"Shared Dirtied Blocks":0,"Shared Written Blocks":0,"Local Hit Blocks":0,"Local Read Blocks":0,"Local Dirtied Blocks":0,"Local Written Blocks":0,"Temp Read Blocks":0,"Temp Written Blocks":0,"I/O Read Time":0.0,"I/O Write Time":0.0,"Temp I/O Read Time":0.0,"Temp I/O Write Time":0.0},{"Node Type":"Seq Scan","Parent Relationship":"Member","Parallel Aware":false,"Async Capable":false,"Relation Name":"order_line","Schema":"public","Alias":"order_line","Startup Cost":0.0,"Total Cost":4.79,"Plan Rows":44,"Plan Width":24,"Actual Startup Time":0.0,"Actual Total Time":0.0,"Actual Rows":0,"Actual Loops":0,"Output":["order_line.ol_amount","order_line.ol_w_id","order_line.ol_d_id","order_line.ol_o_id","order_line.ol_delivery_d"],"Filter":"(order_line.ol_delivery_d >= '1992-01-02 20:10:02.27764'::timestamp without time zone)","Rows Removed by Filter":0,"Shared Hit Blocks":0,"Shared Read Blocks":0,"Shared Dirtied Blocks":0,"Shared Written Blocks":0,"Local Hit Blocks":0,"Local Read Blocks":0,"Local Dirtied Blocks":0,"Local Written Blocks":0,"Temp Read Blocks":0,"Temp Written Blocks":0,"I/O Read Time":0.0,"I/O Write Time":0.0,"Temp I/O Read Time":0.0,"Temp I/O Write Time":0.0}]},{"Node Type":"Hash","Parent Relationship":"Inner","Parallel Aware":false,"Async Capable":false,"Startup Cost":134121.52,"Total Cost":134121.52,"Plan Rows":223204,"Plan Width":24,"Actual Startup Time":463.404,"Actual Total Time":463.406,"Actual Rows":215962,"Actual Loops":1,"Output":["orders.o_c_id","orders.o_w_id","orders.o_d_id","orders.o_id","orders.o_entry_d"],"Hash Buckets":131072,"Original Hash Buckets":131072,"Hash Batches":2,"Original Hash Batches":2,"Peak Memory Usage":6929,"Shared Hit Blocks":44122,"Shared Read Blocks":0,"Shared Dirtied Blocks":0,"Shared Written Blocks":0,"Local Hit Blocks":0,"Local Read Blocks":0,"Local Dirtied Blocks":0,"Local Written Blocks":0,"Temp Read Blocks":0,"Temp Written Blocks":580,"I/O Read Time":0.0,"I/O Write Time":0.0,"Temp I/O Read Time":0.0,"Temp I/O Write Time":3.617,"Plans":[{"Node Type":"Seq Scan","Parent Relationship":"Outer","Parallel Aware":false,"Async Capable":false,"Relation Name":"orders","Schema":"public","Alias":"orders","Startup Cost":0.0,"Total Cost":134121.52,"Plan Rows":223204,"Plan Width":24,"Actual Startup Time":0.943,"Actual Total Time":401.044,"Actual Rows":215962,"Actual Loops":1,"Output":["orders.o_c_id","orders.o_w_id","orders.o_d_id","orders.o_id","orders.o_entry_d"],"Filter":"((orders.o_entry_d >= '1993-07-02 20:10:02.27764'::timestamp without time zone) AND (orders.o_entry_d < '1993-10-02 20:10:02.27764'::timestamp without time zone))","Rows Removed by Filter":5784038,"Shared Hit Blocks":44122,"Shared Read Blocks":0,"Shared Dirtied Blocks":0,"Shared Written Blocks":0,"Local Hit Blocks":0,"Local Read Blocks":0,"Local Dirtied Blocks":0,"Local Written Blocks":0,"Temp Read Blocks":0,"Temp Written Blocks":0,"I/O Read Time":0.0,"I/O Write Time":0.0,"Temp I/O Read Time":0.0,"Temp I/O Write Time":0.0}]}]},{"Node Type":"Hash","Parent Relationship":"Inner","Parallel Aware":false,"Async Capable":false,"Startup Cost":509795.49,"Total Cost":509795.49,"Plan Rows":6000140,"Plan Width":57,"Actual Startup Time":2318.901,"Actual Total Time":2318.904,"Actual Rows":6000000,"Actual Loops":1,"Output":["customer.c_id","customer.c_last","customer.c_city","customer.c_phone","customer.c_w_id","customer.c_d_id","customer.c_nationkey"],"Hash Buckets":65536,"Original Hash Buckets":65536,"Hash Batches":128,"Original Hash Batches":128,"Peak Memory Usage":3461,"Shared Hit Blocks":0,"Shared Read Blocks":0,"Shared Dirtied Blocks":0,"Shared Written Blocks":0,"Local Hit Blocks":0,"Local Read Blocks":0,"Local Dirtied Blocks":0,"Local Written Blocks":0,"Temp Read Blocks":0,"Temp Written Blocks":34816,"I/O Read Time":0.0,"I/O Write Time":0.0,"Temp I/O Read Time":0.0,"Temp I/O Write Time":174.102,"Plans":[{"Node Type":"Append","Parent Relationship":"Outer","Parallel Aware":false,"Async Capable":false,"Startup Cost":20.0,"Total Cost":509795.49,"Plan Rows":6000140,"Plan Width":57,"Actual Startup Time":0.014,"Actual Total Time":1140.067,"Actual Rows":6000000,"Actual Loops":1,"Shared Hit Blocks":0,"Shared Read Blocks":0,"Shared Dirtied Blocks":0,"Shared Written Blocks":0,"Local Hit Blocks":0,"Local Read Blocks":0,"Local Dirtied Blocks":0,"Local Written Blocks":0,"Temp Read Blocks":0,"Temp Written Blocks":0,"I/O Read Time":0.0,"I/O Write Time":0.0,"Temp I/O Read Time":0.0,"Temp I/O Write Time":0.0,"Subplans Removed":0,"Plans":[{"Node Type":"Custom Scan","Parent Relationship":"Member","Custom Plan Provider":"columnar scan","Parallel Aware":false,"Async Capable":false,"Relation Name":"customer","Schema":"public","Alias":"customer","Startup Cost":20.0,"Total Cost":203420.06,"Plan Rows":6000000,"Plan Width":57,"Actual Startup Time":0.013,"Actual Total Time":698.715,"Actual Rows":6000000,"Actual Loops":1,"Output":["customer.c_id","customer.c_last","customer.c_city","customer.c_phone","customer.c_w_id","customer.c_d_id","customer.c_nationkey"],"Rows Removed by Columnar Filter":0,"Columnar projection mode":"late materialization","Columnar cache search mode":"native","Shared Hit Blocks":0,"Shared Read Blocks":0,"Shared Dirtied Blocks":0,"Shared Written Blocks":0,"Local Hit Blocks":0,"Local Read Blocks":0,"Local Dirtied Blocks":0,"Local Written Blocks":0,"Temp Read Blocks":0,"Temp Written Blocks":0,"I/O Read Time":0.0,"I/O Write Time":0.0,"Temp I/O Read Time":0.0,"Temp I/O Write Time":0.0},{"Node Type":"Seq Scan","Parent Relationship":"Member","Parallel Aware":false,"Async Capable":false,"Relation Name":"customer","Schema":"public","Alias":"customer","Startup Cost":0.0,"Total Cost":5.4,"Plan Rows":140,"Plan Width":57,"Actual Startup Time":0.0,"Actual Total Time":0.0,"Actual Rows":0,"Actual Loops":0,"Output":["customer.c_id","customer.c_last","customer.c_city","customer.c_phone","customer.c_w_id","customer.c_d_id","customer.c_nationkey"],"Shared Hit Blocks":0,"Shared Read Blocks":0,"Shared Dirtied Blocks":0,"Shared Written Blocks":0,"Local Hit Blocks":0,"Local Read Blocks":0,"Local Dirtied Blocks":0,"Local Written Blocks":0,"Temp Read Blocks":0,"Temp Written Blocks":0,"I/O Read Time":0.0,"I/O Write Time":0.0,"Temp I/O Read Time":0.0,"Temp I/O Write Time":0.0}]}]}]},{"Node Type":"Memoize","Parent Relationship":"Inner","Parallel Aware":false,"Async Capable":false,"Startup Cost":0.15,"Total Cost":2.17,"Plan Rows":1,"Plan Width":12,"Actual Startup Time":0.0,"Actual Total Time":0.0,"Actual Rows":1,"Actual Loops":2159576,"Output":["nation.n_name","nation.n_nationkey"],"Cache Key":"customer.c_nationkey","Cache Mode":"logical","Cache Hits":2159540,"Cache Misses":36,"Cache Evictions":0,"Cache Overflows":0,"Peak Memory Usage":4,"Shared Hit Blocks":72,"Shared Read Blocks":0,"Shared Dirtied Blocks":0,"Shared Written Blocks":0,"Local Hit Blocks":0,"Local Read Blocks":0,"Local Dirtied Blocks":0,"Local Written Blocks":0,"Temp Read Blocks":0,"Temp Written Blocks":0,"I/O Read Time":0.0,"I/O Write Time":0.0,"Temp I/O Read Time":0.0,"Temp I/O Write Time":0.0,"Plans":[{"Node Type":"Index Scan","Parent Relationship":"Outer","Parallel Aware":false,"Async Capable":false,"Scan Direction":"Forward","Index Name":"nation_pk","Relation Name":"nation","Schema":"public","Alias":"nation","Startup Cost":0.14,"Total Cost":2.16,"Plan Rows":1,"Plan Width":12,"Actual Startup Time":0.003,"Actual Total Time":0.003,"Actual Rows":1,"Actual Loops":36,"Output":["nation.n_name","nation.n_nationkey"],"Index Cond":"(nation.n_nationkey = customer.c_nationkey)","Rows Removed by Index Recheck":0,"Shared Hit Blocks":72,"Shared Read Blocks":0,"Shared Dirtied Blocks":0,"Shared Written Blocks":0,"Local Hit Blocks":0,"Local Read Blocks":0,"Local Dirtied Blocks":0,"Local Written Blocks":0,"Temp Read Blocks":0,"Temp Written Blocks":0,"I/O Read Time":0.0,"I/O Write Time":0.0,"Temp I/O Read Time":0.0,"Temp I/O Write Time":0.0}]}]}]}]}]}]},"Planning":{"Shared Hit Blocks":72,"Shared Read Blocks":0,"Shared Dirtied Blocks":0,"Shared Written Blocks":0,"Local Hit Blocks":0,"Local Read Blocks":0,"Local Dirtied Blocks":0,"Local Written Blocks":0,"Temp Read Blocks":0,"Temp Written Blocks":0,"I/O Read Time":0.0,"I/O Write Time":0.0,"Temp I/O Read Time":0.0,"Temp I/O Write Time":0.0},"Planning Time":2.058,"Triggers":[],"Execution Time":9989.542}]
[列存组合]: customer, nation, orders
[{"Plan":{"Node Type":"Limit","Parallel Aware":false,"Async Capable":false,"Startup Cost":3255440.94,"Total Cost":3255443.44,"Plan Rows":1000,"Plan Width":89,"Actual Startup Time":23725.628,"Actual Total Time":23725.746,"Actual Rows":1000,"Actual Loops":1,"Output":["customer.c_id","customer.c_last","(sum(order_line.ol_amount))","customer.c_city","customer.c_phone","nation.n_name"],"Shared Hit Blocks":681820,"Shared Read Blocks":0,"Shared Dirtied Blocks":0,"Shared Written Blocks":0,"Local Hit Blocks":0,"Local Read Blocks":0,"Local Dirtied Blocks":0,"Local Written Blocks":0,"Temp Read Blocks":195437,"Temp Written Blocks":195505,"I/O Read Time":0.0,"I/O Write Time":0.0,"Temp I/O Read Time":292.975,"Temp I/O Write Time":764.641,"Plans":[{"Node Type":"Sort","Parent Relationship":"Outer","Parallel Aware":false,"Async Capable":false,"Startup Cost":3255440.94,"Total Cost":3256744.2,"Plan Rows":521302,"Plan Width":89,"Actual Startup Time":23725.625,"Actual Total Time":23725.677,"Actual Rows":1000,"Actual Loops":1,"Output":["customer.c_id","customer.c_last","(sum(order_line.ol_amount))","customer.c_city","customer.c_phone","nation.n_name"],"Sort Key":["(sum(order_line.ol_amount)) DESC"],"Sort Method":"top-N heapsort","Sort Space Used":189,"Sort Space Type":"Memory","Shared Hit Blocks":681820,"Shared Read Blocks":0,"Shared Dirtied Blocks":0,"Shared Written Blocks":0,"Local Hit Blocks":0,"Local Read Blocks":0,"Local Dirtied Blocks":0,"Local Written Blocks":0,"Temp Read Blocks":195437,"Temp Written Blocks":195505,"I/O Read Time":0.0,"I/O Write Time":0.0,"Temp I/O Read Time":292.975,"Temp I/O Write Time":764.641,"Plans":[{"Node Type":"Aggregate","Strategy":"Sorted","Partial Mode":"Simple","Parent Relationship":"Outer","Parallel Aware":false,"Async Capable":false,"Startup Cost":3211219.46,"Total Cost":3226858.52,"Plan Rows":521302,"Plan Width":89,"Actual Startup Time":22504.487,"Actual Total Time":23676.367,"Actual Rows":215962,"Actual Loops":1,"Output":["customer.c_id","customer.c_last","sum(order_line.ol_amount)","customer.c_city","customer.c_phone","nation.n_name"],"Group Key":["customer.c_id","customer.c_last","customer.c_city","customer.c_phone","nation.n_name"],"Shared Hit Blocks":681820,"Shared Read Blocks":0,"Shared Dirtied Blocks":0,"Shared Written Blocks":0,"Local Hit Blocks":0,"Local Read Blocks":0,"Local Dirtied Blocks":0,"Local Written Blocks":0,"Temp Read Blocks":195437,"Temp Written Blocks":195505,"I/O Read Time":0.0,"I/O Write Time":0.0,"Temp I/O Read Time":292.975,"Temp I/O Write Time":764.641,"Plans":[{"Node Type":"Sort","Parent Relationship":"Outer","Parallel Aware":false,"Async Capable":false,"Startup Cost":3211219.46,"Total Cost":3212522.71,"Plan Rows":521302,"Plan Width":61,"Actual Startup Time":22504.461,"Actual Total Time":23093.484,"Actual Rows":2159576,"Actual Loops":1,"Output":["customer.c_id","customer.c_last","customer.c_city","customer.c_phone","nation.n_name","order_line.ol_amount"],"Sort Key":["customer.c_id","customer.c_last","customer.c_city","customer.c_phone","nation.n_name"],"Sort Method":"external merge","Sort Space Used":150424,"Sort Space Type":"Disk","Shared Hit Blocks":681820,"Shared Read Blocks":0,"Shared Dirtied Blocks":0,"Shared Written Blocks":0,"Local Hit Blocks":0,"Local Read Blocks":0,"Local Dirtied Blocks":0,"Local Written Blocks":0,"Temp Read Blocks":195437,"Temp Written Blocks":195505,"I/O Read Time":0.0,"I/O Write Time":0.0,"Temp I/O Read Time":292.975,"Temp I/O Write Time":764.641,"Plans":[{"Node Type":"Nested Loop","Parent Relationship":"Outer","Parallel Aware":false,"Async Capable":false,"Join Type":"Inner","Startup Cost":798784.38,"Total Cost":3142117.25,"Plan Rows":521302,"Plan Width":61,"Actual Startup Time":2468.07,"Actual Total Time":20880.821,"Actual Rows":2159576,"Actual Loops":1,"Output":["customer.c_id","customer.c_last","customer.c_city","customer.c_phone","nation.n_name","order_line.ol_amount"],"Inner Unique":true,"Shared Hit Blocks":681820,"Shared Read Blocks":0,"Shared Dirtied Blocks":0,"Shared Written Blocks":0,"Local Hit Blocks":0,"Local Read Blocks":0,"Local Dirtied Blocks":0,"Local Written Blocks":0,"Temp Read Blocks":157836,"Temp Written Blocks":157836,"I/O Read Time":0.0,"I/O Write Time":0.0,"Temp I/O Read Time":234.804,"Temp I/O Write Time":664.381,"Plans":[{"Node Type":"Hash Join","Parent Relationship":"Outer","Parallel Aware":false,"Async Capable":false,"Join Type":"Inner","Startup Cost":798784.23,"Total Cost":3129128.12,"Plan Rows":521302,"Plan Width":57,"Actual Startup Time":2468.034,"Actual Total Time":20166.533,"Actual Rows":2159576,"Actual Loops":1,"Output":["customer.c_id","customer.c_last","customer.c_city","customer.c_phone","customer.c_nationkey","order_line.ol_amount"],"Inner Unique":true,"Hash Cond":"((orders.o_c_id = customer.c_id) AND (orders.o_w_id = customer.c_w_id) AND (orders.o_d_id = customer.c_d_id))","Shared Hit Blocks":681748,"Shared Read Blocks":0,"Shared Dirtied Blocks":0,"Shared Written Blocks":0,"Local Hit Blocks":0,"Local Read Blocks":0,"Local Dirtied Blocks":0,"Local Written Blocks":0,"Temp Read Blocks":157836,"Temp Written Blocks":157836,"I/O Read Time":0.0,"I/O Write Time":0.0,"Temp I/O Read Time":234.804,"Temp I/O Write Time":664.381,"Plans":[{"Node Type":"Hash Join","Parent Relationship":"Outer","Parallel Aware":false,"Async Capable":false,"Join Type":"Inner","Startup Cost":119531.29,"Total Cost":2376222.93,"Plan Rows":521302,"Plan Width":16,"Actual Startup Time":158.083,"Actual Total Time":15910.498,"Actual Rows":2159576,"Actual Loops":1,"Output":["orders.o_c_id","orders.o_w_id","orders.o_d_id","order_line.ol_amount","order_line.ol_w_id","order_line.ol_d_id"],"Inner Unique":true,"Hash Cond":"((order_line.ol_w_id = orders.o_w_id) AND (order_line.ol_d_id = orders.o_d_id) AND (order_line.ol_o_id = orders.o_id))","Join Filter":"(orders.o_entry_d <= order_line.ol_delivery_d)","Rows Removed by Join Filter":0,"Shared Hit Blocks":681748,"Shared Read Blocks":0,"Shared Dirtied Blocks":0,"Shared Written Blocks":0,"Local Hit Blocks":0,"Local Read Blocks":0,"Local Dirtied Blocks":0,"Local Written Blocks":0,"Temp Read Blocks":113419,"Temp Written Blocks":113419,"I/O Read Time":0.0,"I/O Write Time":0.0,"Temp I/O Read Time":163.632,"Temp I/O Write Time":442.914,"Plans":[{"Node Type":"Seq Scan","Parent Relationship":"Outer","Parallel Aware":false,"Async Capable":false,"Relation Name":"order_line","Schema":"public","Alias":"order_line","Startup Cost":0.0,"Total Cost":1431670.8,"Plan Rows":42039468,"Plan Width":24,"Actual Startup Time":0.012,"Actual Total Time":7340.164,"Actual Rows":42000489,"Actual Loops":1,"Output":["order_line.ol_amount","order_line.ol_w_id","order_line.ol_d_id","order_line.ol_o_id","order_line.ol_delivery_d"],"Filter":"(order_line.ol_delivery_d >= '1992-01-02 20:10:02.27764'::timestamp without time zone)","Rows Removed by Filter":17993272,"Shared Hit Blocks":681748,"Shared Read Blocks":0,"Shared Dirtied Blocks":0,"Shared Written Blocks":0,"Local Hit Blocks":0,"Local Read Blocks":0,"Local Dirtied Blocks":0,"Local Written Blocks":0,"Temp Read Blocks":0,"Temp Written Blocks":0,"I/O Read Time":0.0,"I/O Write Time":0.0,"Temp I/O Read Time":0.0,"Temp I/O Write Time":0.0},{"Node Type":"Hash","Parent Relationship":"Inner","Parallel Aware":false,"Async Capable":false,"Startup Cost":114317.2,"Total Cost":114317.2,"Plan Rows":223205,"Plan Width":24,"Actual Startup Time":104.871,"Actual Total Time":104.879,"Actual Rows":215962,"Actual Loops":1,"Output":["orders.o_c_id","orders.o_w_id","orders.o_d_id","orders.o_id","orders.o_entry_d"],"Hash Buckets":131072,"Original Hash Buckets":131072,"Hash Batches":2,"Original Hash Batches":2,"Peak Memory Usage":6929,"Shared Hit Blocks":0,"Shared Read Blocks":0,"Shared Dirtied Blocks":0,"Shared Written Blocks":0,"Local Hit Blocks":0,"Local Read Blocks":0,"Local Dirtied Blocks":0,"Local Written Blocks":0,"Temp Read Blocks":0,"Temp Written Blocks":580,"I/O Read Time":0.0,"I/O Write Time":0.0,"Temp I/O Read Time":0.0,"Temp I/O Write Time":2.553,"Plans":[{"Node Type":"Append","Parent Relationship":"Outer","Parallel Aware":false,"Async Capable":false,"Startup Cost":20.0,"Total Cost":114317.2,"Plan Rows":223205,"Plan Width":24,"Actual Startup Time":0.493,"Actual Total Time":62.277,"Actual Rows":215962,"Actual Loops":1,"Shared Hit Blocks":0,"Shared Read Blocks":0,"Shared Dirtied Blocks":0,"Shared Written Blocks":0,"Local Hit Blocks":0,"Local Read Blocks":0,"Local Dirtied Blocks":0,"Local Written Blocks":0,"Temp Read Blocks":0,"Temp Written Blocks":0,"I/O Read Time":0.0,"I/O Write Time":0.0,"Temp I/O Read Time":0.0,"Temp I/O Write Time":0.0,"Subplans Removed":0,"Plans":[{"Node Type":"Custom Scan","Parent Relationship":"Member","Custom Plan Provider":"columnar scan","Parallel Aware":false,"Async Capable":false,"Relation Name":"orders","Schema":"public","Alias":"orders","Startup Cost":20.0,"Total Cost":5711.85,"Plan Rows":223204,"Plan Width":24,"Actual Startup Time":0.492,"Actual Total Time":46.243,"Actual Rows":215962,"Actual Loops":1,"Output":["orders.o_c_id","orders.o_w_id","orders.o_d_id","orders.o_id","orders.o_entry_d"],"Filter":"((orders.o_entry_d < '1993-10-02 20:10:02.27764'::timestamp without time zone) AND (orders.o_entry_d >= '1993-07-02 20:10:02.27764'::timestamp without time zone))","Rows Removed by Filter":0,"Rows Removed by Columnar Filter":5784038,"Columnar cache search mode":"native","Shared Hit Blocks":0,"Shared Read Blocks":0,"Shared Dirtied Blocks":0,"Shared Written Blocks":0,"Local Hit Blocks":0,"Local Read Blocks":0,"Local Dirtied Blocks":0,"Local Written Blocks":0,"Temp Read Blocks":0,"Temp Written Blocks":0,"I/O Read Time":0.0,"I/O Write Time":0.0,"Temp I/O Read Time":0.0,"Temp I/O Write Time":0.0},{"Node Type":"Seq Scan","Parent Relationship":"Member","Parallel Aware":false,"Async Capable":false,"Relation Name":"orders","Schema":"public","Alias":"orders","Startup Cost":0.0,"Total Cost":4.01,"Plan Rows":1,"Plan Width":24,"Actual Startup Time":0.0,"Actual Total Time":0.0,"Actual Rows":0,"Actual Loops":0,"Output":["orders.o_c_id","orders.o_w_id","orders.o_d_id","orders.o_id","orders.o_entry_d"],"Filter":"((orders.o_entry_d < '1993-10-02 20:10:02.27764'::timestamp without time zone) AND (orders.o_entry_d >= '1993-07-02 20:10:02.27764'::timestamp without time zone))","Rows Removed by Filter":0,"Shared Hit Blocks":0,"Shared Read Blocks":0,"Shared Dirtied Blocks":0,"Shared Written Blocks":0,"Local Hit Blocks":0,"Local Read Blocks":0,"Local Dirtied Blocks":0,"Local Written Blocks":0,"Temp Read Blocks":0,"Temp Written Blocks":0,"I/O Read Time":0.0,"I/O Write Time":0.0,"Temp I/O Read Time":0.0,"Temp I/O Write Time":0.0}]}]}]},{"Node Type":"Hash","Parent Relationship":"Inner","Parallel Aware":false,"Async Capable":false,"Startup Cost":509795.49,"Total Cost":509795.49,"Plan Rows":6000140,"Plan Width":57,"Actual Startup Time":2307.384,"Actual Total Time":2307.387,"Actual Rows":6000000,"Actual Loops":1,"Output":["customer.c_id","customer.c_last","customer.c_city","customer.c_phone","customer.c_w_id","customer.c_d_id","customer.c_nationkey"],"Hash Buckets":65536,"Original Hash Buckets":65536,"Hash Batches":128,"Original Hash Batches":128,"Peak Memory Usage":3461,"Shared Hit Blocks":0,"Shared Read Blocks":0,"Shared Dirtied Blocks":0,"Shared Written Blocks":0,"Local Hit Blocks":0,"Local Read Blocks":0,"Local Dirtied Blocks":0,"Local Written Blocks":0,"Temp Read Blocks":0,"Temp Written Blocks":34816,"I/O Read Time":0.0,"I/O Write Time":0.0,"Temp I/O Read Time":0.0,"Temp I/O Write Time":168.334,"Plans":[{"Node Type":"Append","Parent Relationship":"Outer","Parallel Aware":false,"Async Capable":false,"Startup Cost":20.0,"Total Cost":509795.49,"Plan Rows":6000140,"Plan Width":57,"Actual Startup Time":0.017,"Actual Total Time":1131.139,"Actual Rows":6000000,"Actual Loops":1,"Shared Hit Blocks":0,"Shared Read Blocks":0,"Shared Dirtied Blocks":0,"Shared Written Blocks":0,"Local Hit Blocks":0,"Local Read Blocks":0,"Local Dirtied Blocks":0,"Local Written Blocks":0,"Temp Read Blocks":0,"Temp Written Blocks":0,"I/O Read Time":0.0,"I/O Write Time":0.0,"Temp I/O Read Time":0.0,"Temp I/O Write Time":0.0,"Subplans Removed":0,"Plans":[{"Node Type":"Custom Scan","Parent Relationship":"Member","Custom Plan Provider":"columnar scan","Parallel Aware":false,"Async Capable":false,"Relation Name":"customer","Schema":"public","Alias":"customer","Startup Cost":20.0,"Total Cost":203420.06,"Plan Rows":6000000,"Plan Width":57,"Actual Startup Time":0.016,"Actual Total Time":697.928,"Actual Rows":6000000,"Actual Loops":1,"Output":["customer.c_id","customer.c_last","customer.c_city","customer.c_phone","customer.c_w_id","customer.c_d_id","customer.c_nationkey"],"Rows Removed by Columnar Filter":0,"Columnar projection mode":"late materialization","Columnar cache search mode":"native","Shared Hit Blocks":0,"Shared Read Blocks":0,"Shared Dirtied Blocks":0,"Shared Written Blocks":0,"Local Hit Blocks":0,"Local Read Blocks":0,"Local Dirtied Blocks":0,"Local Written Blocks":0,"Temp Read Blocks":0,"Temp Written Blocks":0,"I/O Read Time":0.0,"I/O Write Time":0.0,"Temp I/O Read Time":0.0,"Temp I/O Write Time":0.0},{"Node Type":"Seq Scan","Parent Relationship":"Member","Parallel Aware":false,"Async Capable":false,"Relation Name":"customer","Schema":"public","Alias":"customer","Startup Cost":0.0,"Total Cost":5.4,"Plan Rows":140,"Plan Width":57,"Actual Startup Time":0.0,"Actual Total Time":0.0,"Actual Rows":0,"Actual Loops":0,"Output":["customer.c_id","customer.c_last","customer.c_city","customer.c_phone","customer.c_w_id","customer.c_d_id","customer.c_nationkey"],"Shared Hit Blocks":0,"Shared Read Blocks":0,"Shared Dirtied Blocks":0,"Shared Written Blocks":0,"Local Hit Blocks":0,"Local Read Blocks":0,"Local Dirtied Blocks":0,"Local Written Blocks":0,"Temp Read Blocks":0,"Temp Written Blocks":0,"I/O Read Time":0.0,"I/O Write Time":0.0,"Temp I/O Read Time":0.0,"Temp I/O Write Time":0.0}]}]}]},{"Node Type":"Memoize","Parent Relationship":"Inner","Parallel Aware":false,"Async Capable":false,"Startup Cost":0.15,"Total Cost":2.17,"Plan Rows":1,"Plan Width":12,"Actual Startup Time":0.0,"Actual Total Time":0.0,"Actual Rows":1,"Actual Loops":2159576,"Output":["nation.n_name","nation.n_nationkey"],"Cache Key":"customer.c_nationkey","Cache Mode":"logical","Cache Hits":2159540,"Cache Misses":36,"Cache Evictions":0,"Cache Overflows":0,"Peak Memory Usage":4,"Shared Hit Blocks":72,"Shared Read Blocks":0,"Shared Dirtied Blocks":0,"Shared Written Blocks":0,"Local Hit Blocks":0,"Local Read Blocks":0,"Local Dirtied Blocks":0,"Local Written Blocks":0,"Temp Read Blocks":0,"Temp Written Blocks":0,"I/O Read Time":0.0,"I/O Write Time":0.0,"Temp I/O Read Time":0.0,"Temp I/O Write Time":0.0,"Plans":[{"Node Type":"Index Scan","Parent Relationship":"Outer","Parallel Aware":false,"Async Capable":false,"Scan Direction":"Forward","Index Name":"nation_pk","Relation Name":"nation","Schema":"public","Alias":"nation","Startup Cost":0.14,"Total Cost":2.16,"Plan Rows":1,"Plan Width":12,"Actual Startup Time":0.004,"Actual Total Time":0.004,"Actual Rows":1,"Actual Loops":36,"Output":["nation.n_name","nation.n_nationkey"],"Index Cond":"(nation.n_nationkey = customer.c_nationkey)","Rows Removed by Index Recheck":0,"Shared Hit Blocks":72,"Shared Read Blocks":0,"Shared Dirtied Blocks":0,"Shared Written Blocks":0,"Local Hit Blocks":0,"Local Read Blocks":0,"Local Dirtied Blocks":0,"Local Written Blocks":0,"Temp Read Blocks":0,"Temp Written Blocks":0,"I/O Read Time":0.0,"I/O Write Time":0.0,"Temp I/O Read Time":0.0,"Temp I/O Write Time":0.0}]}]}]}]}]}]},"Planning":{"Shared Hit Blocks":72,"Shared Read Blocks":0,"Shared Dirtied Blocks":0,"Shared Written Blocks":0,"Local Hit Blocks":0,"Local Read Blocks":0,"Local Dirtied Blocks":0,"Local Written Blocks":0,"Temp Read Blocks":0,"Temp Written Blocks":0,"I/O Read Time":0.0,"I/O Write Time":0.0,"Temp I/O Read Time":0.0,"Temp I/O Write Time":0.0},"Planning Time":1.706,"Triggers":[],"Execution Time":23749.771}]
[列存组合]: customer, order_line, orders
[{"Plan":{"Node Type":"Limit","Parallel Aware":false,"Async Capable":false,"Startup Cost":3227368.97,"Total Cost":3227371.47,"Plan Rows":1000,"Plan Width":89,"Actual Startup Time":9525.425,"Actual Total Time":9525.547,"Actual Rows":1000,"Actual Loops":1,"Output":["customer.c_id","customer.c_last","(sum(order_line.ol_amount))","customer.c_city","customer.c_phone","nation.n_name"],"Shared Hit Blocks":72,"Shared Read Blocks":0,"Shared Dirtied Blocks":0,"Shared Written Blocks":0,"Local Hit Blocks":0,"Local Read Blocks":0,"Local Dirtied Blocks":0,"Local Written Blocks":0,"Temp Read Blocks":88609,"Temp Written Blocks":88677,"I/O Read Time":0.0,"I/O Write Time":0.0,"Temp I/O Read Time":136.812,"Temp I/O Write Time":337.907,"Plans":[{"Node Type":"Sort","Parent Relationship":"Outer","Parallel Aware":false,"Async Capable":false,"Startup Cost":3227368.97,"Total Cost":3228672.22,"Plan Rows":521302,"Plan Width":89,"Actual Startup Time":9525.423,"Actual Total Time":9525.478,"Actual Rows":1000,"Actual Loops":1,"Output":["customer.c_id","customer.c_last","(sum(order_line.ol_amount))","customer.c_city","customer.c_phone","nation.n_name"],"Sort Key":["(sum(order_line.ol_amount)) DESC"],"Sort Method":"top-N heapsort","Sort Space Used":189,"Sort Space Type":"Memory","Shared Hit Blocks":72,"Shared Read Blocks":0,"Shared Dirtied Blocks":0,"Shared Written Blocks":0,"Local Hit Blocks":0,"Local Read Blocks":0,"Local Dirtied Blocks":0,"Local Written Blocks":0,"Temp Read Blocks":88609,"Temp Written Blocks":88677,"I/O Read Time":0.0,"I/O Write Time":0.0,"Temp I/O Read Time":136.812,"Temp I/O Write Time":337.907,"Plans":[{"Node Type":"Aggregate","Strategy":"Sorted","Partial Mode":"Simple","Parent Relationship":"Outer","Parallel Aware":false,"Async Capable":false,"Startup Cost":3183147.48,"Total Cost":3198786.54,"Plan Rows":521302,"Plan Width":89,"Actual Startup Time":8307.724,"Actual Total Time":9476.287,"Actual Rows":215962,"Actual Loops":1,"Output":["customer.c_id","customer.c_last","sum(order_line.ol_amount)","customer.c_city","customer.c_phone","nation.n_name"],"Group Key":["customer.c_id","customer.c_last","customer.c_city","customer.c_phone","nation.n_name"],"Shared Hit Blocks":72,"Shared Read Blocks":0,"Shared Dirtied Blocks":0,"Shared Written Blocks":0,"Local Hit Blocks":0,"Local Read Blocks":0,"Local Dirtied Blocks":0,"Local Written Blocks":0,"Temp Read Blocks":88609,"Temp Written Blocks":88677,"I/O Read Time":0.0,"I/O Write Time":0.0,"Temp I/O Read Time":136.812,"Temp I/O Write Time":337.907,"Plans":[{"Node Type":"Sort","Parent Relationship":"Outer","Parallel Aware":false,"Async Capable":false,"Startup Cost":3183147.48,"Total Cost":3184450.74,"Plan Rows":521302,"Plan Width":61,"Actual Startup Time":8307.694,"Actual Total Time":8892.316,"Actual Rows":2159576,"Actual Loops":1,"Output":["customer.c_id","customer.c_last","customer.c_city","customer.c_phone","nation.n_name","order_line.ol_amount"],"Sort Key":["customer.c_id","customer.c_last","customer.c_city","customer.c_phone","nation.n_name"],"Sort Method":"external merge","Sort Space Used":150424,"Sort Space Type":"Disk","Shared Hit Blocks":72,"Shared Read Blocks":0,"Shared Dirtied Blocks":0,"Shared Written Blocks":0,"Local Hit Blocks":0,"Local Read Blocks":0,"Local Dirtied Blocks":0,"Local Written Blocks":0,"Temp Read Blocks":88609,"Temp Written Blocks":88677,"I/O Read Time":0.0,"I/O Write Time":0.0,"Temp I/O Read Time":136.812,"Temp I/O Write Time":337.907,"Plans":[{"Node Type":"Nested Loop","Parent Relationship":"Outer","Parallel Aware":false,"Async Capable":false,"Join Type":"Inner","Startup Cost":798804.38,"Total Cost":3114045.27,"Plan Rows":521302,"Plan Width":61,"Actual Startup Time":2402.115,"Actual Total Time":6684.35,"Actual Rows":2159576,"Actual Loops":1,"Output":["customer.c_id","customer.c_last","customer.c_city","customer.c_phone","nation.n_name","order_line.ol_amount"],"Inner Unique":true,"Shared Hit Blocks":72,"Shared Read Blocks":0,"Shared Dirtied Blocks":0,"Shared Written Blocks":0,"Local Hit Blocks":0,"Local Read Blocks":0,"Local Dirtied Blocks":0,"Local Written Blocks":0,"Temp Read Blocks":51008,"Temp Written Blocks":51008,"I/O Read Time":0.0,"I/O Write Time":0.0,"Temp I/O Read Time":80.318,"Temp I/O Write Time":238.78,"Plans":[{"Node Type":"Hash Join","Parent Relationship":"Outer","Parallel Aware":false,"Async Capable":false,"Join Type":"Inner","Startup Cost":798804.23,"Total Cost":3101056.15,"Plan Rows":521302,"Plan Width":57,"Actual Startup Time":2402.069,"Actual Total Time":5965.49,"Actual Rows":2159576,"Actual Loops":1,"Output":["customer.c_id","customer.c_last","customer.c_city","customer.c_phone","customer.c_nationkey","order_line.ol_amount"],"Inner Unique":true,"Hash Cond":"((orders.o_c_id = customer.c_id) AND (orders.o_w_id = customer.c_w_id) AND (orders.o_d_id = customer.c_d_id))","Shared Hit Blocks":0,"Shared Read Blocks":0,"Shared Dirtied Blocks":0,"Shared Written Blocks":0,"Local Hit Blocks":0,"Local Read Blocks":0,"Local Dirtied Blocks":0,"Local Written Blocks":0,"Temp Read Blocks":51008,"Temp Written Blocks":51008,"I/O Read Time":0.0,"I/O Write Time":0.0,"Temp I/O Read Time":80.318,"Temp I/O Write Time":238.78,"Plans":[{"Node Type":"Hash Join","Parent Relationship":"Outer","Parallel Aware":false,"Async Capable":false,"Join Type":"Inner","Startup Cost":119551.29,"Total Cost":2348150.95,"Plan Rows":521302,"Plan Width":16,"Actual Startup Time":123.08,"Actual Total Time":1758.943,"Actual Rows":2159576,"Actual Loops":1,"Output":["orders.o_c_id","orders.o_w_id","orders.o_d_id","order_line.ol_amount","order_line.ol_w_id","order_line.ol_d_id"],"Inner Unique":true,"Hash Cond":"((order_line.ol_w_id = orders.o_w_id) AND (order_line.ol_d_id = orders.o_d_id) AND (order_line.ol_o_id = orders.o_id))","Join Filter":"(orders.o_entry_d <= order_line.ol_delivery_d)","Rows Removed by Join Filter":0,"Shared Hit Blocks":0,"Shared Read Blocks":0,"Shared Dirtied Blocks":0,"Shared Written Blocks":0,"Local Hit Blocks":0,"Local Read Blocks":0,"Local Dirtied Blocks":0,"Local Written Blocks":0,"Temp Read Blocks":6591,"Temp Written Blocks":6591,"I/O Read Time":0.0,"I/O Write Time":0.0,"Temp I/O Read Time":10.303,"Temp I/O Write Time":26.906,"Plans":[{"Node Type":"Append","Parent Relationship":"Outer","Parallel Aware":false,"Async Capable":false,"Startup Cost":20.0,"Total Cost":1403598.82,"Plan Rows":42039468,"Plan Width":24,"Actual Startup Time":1.429,"Actual Total Time":816.093,"Actual Rows":2240029,"Actual Loops":1,"Shared Hit Blocks":0,"Shared Read Blocks":0,"Shared Dirtied Blocks":0,"Shared Written Blocks":0,"Local Hit Blocks":0,"Local Read Blocks":0,"Local Dirtied Blocks":0,"Local Written Blocks":0,"Temp Read Blocks":0,"Temp Written Blocks":0,"I/O Read Time":0.0,"I/O Write Time":0.0,"Temp I/O Read Time":0.0,"Temp I/O Write Time":0.0,"Subplans Removed":0,"Plans":[{"Node Type":"Custom Scan","Parent Relationship":"Member","Custom Plan Provider":"columnar scan","Parallel Aware":false,"Async Capable":false,"Relation Name":"order_line","Schema":"public","Alias":"order_line","Startup Cost":20.0,"Total Cost":1072026.23,"Plan Rows":42039424,"Plan Width":24,"Actual Startup Time":1.428,"Actual Total Time":656.884,"Actual Rows":2240029,"Actual Loops":1,"Output":["order_line.ol_amount","order_line.ol_w_id","order_line.ol_d_id","order_line.ol_o_id","order_line.ol_delivery_d"],"Filter":"(order_line.ol_delivery_d >= '1992-01-02 20:10:02.27764'::timestamp without time zone)","Rows Removed by Filter":0,"Rows Removed by Columnar Filter":57753732,"Rows Filtered by Bloom Filter":0,"Dictionary Rows Filtered by Bloom Filter":57753732,"Columnar cache search mode":"native","Shared Hit Blocks":0,"Shared Read Blocks":0,"Shared Dirtied Blocks":0,"Shared Written Blocks":0,"Local Hit Blocks":0,"Local Read Blocks":0,"Local Dirtied Blocks":0,"Local Written Blocks":0,"Temp Read Blocks":0,"Temp Written Blocks":0,"I/O Read Time":0.0,"I/O Write Time":0.0,"Temp I/O Read Time":0.0,"Temp I/O Write Time":0.0},{"Node Type":"Seq Scan","Parent Relationship":"Member","Parallel Aware":false,"Async Capable":false,"Relation Name":"order_line","Schema":"public","Alias":"order_line","Startup Cost":0.0,"Total Cost":4.79,"Plan Rows":44,"Plan Width":24,"Actual Startup Time":0.0,"Actual Total Time":0.0,"Actual Rows":0,"Actual Loops":0,"Output":["order_line.ol_amount","order_line.ol_w_id","order_line.ol_d_id","order_line.ol_o_id","order_line.ol_delivery_d"],"Filter":"(order_line.ol_delivery_d >= '1992-01-02 20:10:02.27764'::timestamp without time zone)","Rows Removed by Filter":0,"Shared Hit Blocks":0,"Shared Read Blocks":0,"Shared Dirtied Blocks":0,"Shared Written Blocks":0,"Local Hit Blocks":0,"Local Read Blocks":0,"Local Dirtied Blocks":0,"Local Written Blocks":0,"Temp Read Blocks":0,"Temp Written Blocks":0,"I/O Read Time":0.0,"I/O Write Time":0.0,"Temp I/O Read Time":0.0,"Temp I/O Write Time":0.0}]},{"Node Type":"Hash","Parent Relationship":"Inner","Parallel Aware":false,"Async Capable":false,"Startup Cost":114317.2,"Total Cost":114317.2,"Plan Rows":223205,"Plan Width":24,"Actual Startup Time":120.777,"Actual Total Time":120.783,"Actual Rows":215962,"Actual Loops":1,"Output":["orders.o_c_id","orders.o_w_id","orders.o_d_id","orders.o_id","orders.o_entry_d"],"Hash Buckets":131072,"Original Hash Buckets":131072,"Hash Batches":2,"Original Hash Batches":2,"Peak Memory Usage":6929,"Shared Hit Blocks":0,"Shared Read Blocks":0,"Shared Dirtied Blocks":0,"Shared Written Blocks":0,"Local Hit Blocks":0,"Local Read Blocks":0,"Local Dirtied Blocks":0,"Local Written Blocks":0,"Temp Read Blocks":0,"Temp Written Blocks":580,"I/O Read Time":0.0,"I/O Write Time":0.0,"Temp I/O Read Time":0.0,"Temp I/O Write Time":2.554,"Plans":[{"Node Type":"Append","Parent Relationship":"Outer","Parallel Aware":false,"Async Capable":false,"Startup Cost":20.0,"Total Cost":114317.2,"Plan Rows":223205,"Plan Width":24,"Actual Startup Time":0.52,"Actual Total Time":63.562,"Actual Rows":215962,"Actual Loops":1,"Shared Hit Blocks":0,"Shared Read Blocks":0,"Shared Dirtied Blocks":0,"Shared Written Blocks":0,"Local Hit Blocks":0,"Local Read Blocks":0,"Local Dirtied Blocks":0,"Local Written Blocks":0,"Temp Read Blocks":0,"Temp Written Blocks":0,"I/O Read Time":0.0,"I/O Write Time":0.0,"Temp I/O Read Time":0.0,"Temp I/O Write Time":0.0,"Subplans Removed":0,"Plans":[{"Node Type":"Custom Scan","Parent Relationship":"Member","Custom Plan Provider":"columnar scan","Parallel Aware":false,"Async Capable":false,"Relation Name":"orders","Schema":"public","Alias":"orders","Startup Cost":20.0,"Total Cost":5711.85,"Plan Rows":223204,"Plan Width":24,"Actual Startup Time":0.519,"Actual Total Time":47.834,"Actual Rows":215962,"Actual Loops":1,"Output":["orders.o_c_id","orders.o_w_id","orders.o_d_id","orders.o_id","orders.o_entry_d"],"Filter":"((orders.o_entry_d < '1993-10-02 20:10:02.27764'::timestamp without time zone) AND (orders.o_entry_d >= '1993-07-02 20:10:02.27764'::timestamp without time zone))","Rows Removed by Filter":0,"Rows Removed by Columnar Filter":5784038,"Columnar cache search mode":"native","Shared Hit Blocks":0,"Shared Read Blocks":0,"Shared Dirtied Blocks":0,"Shared Written Blocks":0,"Local Hit Blocks":0,"Local Read Blocks":0,"Local Dirtied Blocks":0,"Local Written Blocks":0,"Temp Read Blocks":0,"Temp Written Blocks":0,"I/O Read Time":0.0,"I/O Write Time":0.0,"Temp I/O Read Time":0.0,"Temp I/O Write Time":0.0},{"Node Type":"Seq Scan","Parent Relationship":"Member","Parallel Aware":false,"Async Capable":false,"Relation Name":"orders","Schema":"public","Alias":"orders","Startup Cost":0.0,"Total Cost":4.01,"Plan Rows":1,"Plan Width":24,"Actual Startup Time":0.0,"Actual Total Time":0.0,"Actual Rows":0,"Actual Loops":0,"Output":["orders.o_c_id","orders.o_w_id","orders.o_d_id","orders.o_id","orders.o_entry_d"],"Filter":"((orders.o_entry_d < '1993-10-02 20:10:02.27764'::timestamp without time zone) AND (orders.o_entry_d >= '1993-07-02 20:10:02.27764'::timestamp without time zone))","Rows Removed by Filter":0,"Shared Hit Blocks":0,"Shared Read Blocks":0,"Shared Dirtied Blocks":0,"Shared Written Blocks":0,"Local Hit Blocks":0,"Local Read Blocks":0,"Local Dirtied Blocks":0,"Local Written Blocks":0,"Temp Read Blocks":0,"Temp Written Blocks":0,"I/O Read Time":0.0,"I/O Write Time":0.0,"Temp I/O Read Time":0.0,"Temp I/O Write Time":0.0}]}]}]},{"Node Type":"Hash","Parent Relationship":"Inner","Parallel Aware":false,"Async Capable":false,"Startup Cost":509795.49,"Total Cost":509795.49,"Plan Rows":6000140,"Plan Width":57,"Actual Startup Time":2277.607,"Actual Total Time":2277.608,"Actual Rows":6000000,"Actual Loops":1,"Output":["customer.c_id","customer.c_last","customer.c_city","customer.c_phone","customer.c_w_id","customer.c_d_id","customer.c_nationkey"],"Hash Buckets":65536,"Original Hash Buckets":65536,"Hash Batches":128,"Original Hash Batches":128,"Peak Memory Usage":3461,"Shared Hit Blocks":0,"Shared Read Blocks":0,"Shared Dirtied Blocks":0,"Shared Written Blocks":0,"Local Hit Blocks":0,"Local Read Blocks":0,"Local Dirtied Blocks":0,"Local Written Blocks":0,"Temp Read Blocks":0,"Temp Written Blocks":34816,"I/O Read Time":0.0,"I/O Write Time":0.0,"Temp I/O Read Time":0.0,"Temp I/O Write Time":165.825,"Plans":[{"Node Type":"Append","Parent Relationship":"Outer","Parallel Aware":false,"Async Capable":false,"Startup Cost":20.0,"Total Cost":509795.49,"Plan Rows":6000140,"Plan Width":57,"Actual Startup Time":0.012,"Actual Total Time":1104.597,"Actual Rows":6000000,"Actual Loops":1,"Shared Hit Blocks":0,"Shared Read Blocks":0,"Shared Dirtied Blocks":0,"Shared Written Blocks":0,"Local Hit Blocks":0,"Local Read Blocks":0,"Local Dirtied Blocks":0,"Local Written Blocks":0,"Temp Read Blocks":0,"Temp Written Blocks":0,"I/O Read Time":0.0,"I/O Write Time":0.0,"Temp I/O Read Time":0.0,"Temp I/O Write Time":0.0,"Subplans Removed":0,"Plans":[{"Node Type":"Custom Scan","Parent Relationship":"Member","Custom Plan Provider":"columnar scan","Parallel Aware":false,"Async Capable":false,"Relation Name":"customer","Schema":"public","Alias":"customer","Startup Cost":20.0,"Total Cost":203420.06,"Plan Rows":6000000,"Plan Width":57,"Actual Startup Time":0.011,"Actual Total Time":694.176,"Actual Rows":6000000,"Actual Loops":1,"Output":["customer.c_id","customer.c_last","customer.c_city","customer.c_phone","customer.c_w_id","customer.c_d_id","customer.c_nationkey"],"Rows Removed by Columnar Filter":0,"Columnar projection mode":"late materialization","Columnar cache search mode":"native","Shared Hit Blocks":0,"Shared Read Blocks":0,"Shared Dirtied Blocks":0,"Shared Written Blocks":0,"Local Hit Blocks":0,"Local Read Blocks":0,"Local Dirtied Blocks":0,"Local Written Blocks":0,"Temp Read Blocks":0,"Temp Written Blocks":0,"I/O Read Time":0.0,"I/O Write Time":0.0,"Temp I/O Read Time":0.0,"Temp I/O Write Time":0.0},{"Node Type":"Seq Scan","Parent Relationship":"Member","Parallel Aware":false,"Async Capable":false,"Relation Name":"customer","Schema":"public","Alias":"customer","Startup Cost":0.0,"Total Cost":5.4,"Plan Rows":140,"Plan Width":57,"Actual Startup Time":0.0,"Actual Total Time":0.0,"Actual Rows":0,"Actual Loops":0,"Output":["customer.c_id","customer.c_last","customer.c_city","customer.c_phone","customer.c_w_id","customer.c_d_id","customer.c_nationkey"],"Shared Hit Blocks":0,"Shared Read Blocks":0,"Shared Dirtied Blocks":0,"Shared Written Blocks":0,"Local Hit Blocks":0,"Local Read Blocks":0,"Local Dirtied Blocks":0,"Local Written Blocks":0,"Temp Read Blocks":0,"Temp Written Blocks":0,"I/O Read Time":0.0,"I/O Write Time":0.0,"Temp I/O Read Time":0.0,"Temp I/O Write Time":0.0}]}]}]},{"Node Type":"Memoize","Parent Relationship":"Inner","Parallel Aware":false,"Async Capable":false,"Startup Cost":0.15,"Total Cost":2.17,"Plan Rows":1,"Plan Width":12,"Actual Startup Time":0.0,"Actual Total Time":0.0,"Actual Rows":1,"Actual Loops":2159576,"Output":["nation.n_name","nation.n_nationkey"],"Cache Key":"customer.c_nationkey","Cache Mode":"logical","Cache Hits":2159540,"Cache Misses":36,"Cache Evictions":0,"Cache Overflows":0,"Peak Memory Usage":4,"Shared Hit Blocks":72,"Shared Read Blocks":0,"Shared Dirtied Blocks":0,"Shared Written Blocks":0,"Local Hit Blocks":0,"Local Read Blocks":0,"Local Dirtied Blocks":0,"Local Written Blocks":0,"Temp Read Blocks":0,"Temp Written Blocks":0,"I/O Read Time":0.0,"I/O Write Time":0.0,"Temp I/O Read Time":0.0,"Temp I/O Write Time":0.0,"Plans":[{"Node Type":"Index Scan","Parent Relationship":"Outer","Parallel Aware":false,"Async Capable":false,"Scan Direction":"Forward","Index Name":"nation_pk","Relation Name":"nation","Schema":"public","Alias":"nation","Startup Cost":0.14,"Total Cost":2.16,"Plan Rows":1,"Plan Width":12,"Actual Startup Time":0.003,"Actual Total Time":0.003,"Actual Rows":1,"Actual Loops":36,"Output":["nation.n_name","nation.n_nationkey"],"Index Cond":"(nation.n_nationkey = customer.c_nationkey)","Rows Removed by Index Recheck":0,"Shared Hit Blocks":72,"Shared Read Blocks":0,"Shared Dirtied Blocks":0,"Shared Written Blocks":0,"Local Hit Blocks":0,"Local Read Blocks":0,"Local Dirtied Blocks":0,"Local Written Blocks":0,"Temp Read Blocks":0,"Temp Written Blocks":0,"I/O Read Time":0.0,"I/O Write Time":0.0,"Temp I/O Read Time":0.0,"Temp I/O Write Time":0.0}]}]}]}]}]}]},"Planning":{"Shared Hit Blocks":72,"Shared Read Blocks":0,"Shared Dirtied Blocks":0,"Shared Written Blocks":0,"Local Hit Blocks":0,"Local Read Blocks":0,"Local Dirtied Blocks":0,"Local Written Blocks":0,"Temp Read Blocks":0,"Temp Written Blocks":0,"I/O Read Time":0.0,"I/O Write Time":0.0,"Temp I/O Read Time":0.0,"Temp I/O Write Time":0.0},"Planning Time":2.261,"Triggers":[],"Execution Time":9550.259}]
[列存组合]: nation, order_line, orders
[{"Plan":{"Node Type":"Limit","Parallel Aware":false,"Async Capable":false,"Startup Cost":3237564.88,"Total Cost":3237567.38,"Plan Rows":1000,"Plan Width":89,"Actual Startup Time":10560.352,"Actual Total Time":10560.469,"Actual Rows":1000,"Actual Loops":1,"Output":["customer.c_id","customer.c_last","(sum(order_line.ol_amount))","customer.c_city","customer.c_phone","nation.n_name"],"Shared Hit Blocks":460062,"Shared Read Blocks":0,"Shared Dirtied Blocks":0,"Shared Written Blocks":0,"Local Hit Blocks":0,"Local Read Blocks":0,"Local Dirtied Blocks":0,"Local Written Blocks":0,"Temp Read Blocks":111563,"Temp Written Blocks":111631,"I/O Read Time":0.0,"I/O Write Time":0.0,"Temp I/O Read Time":169.496,"Temp I/O Write Time":454.579,"Plans":[{"Node Type":"Sort","Parent Relationship":"Outer","Parallel Aware":false,"Async Capable":false,"Startup Cost":3237564.88,"Total Cost":3238868.13,"Plan Rows":521302,"Plan Width":89,"Actual Startup Time":10560.348,"Actual Total Time":10560.4,"Actual Rows":1000,"Actual Loops":1,"Output":["customer.c_id","customer.c_last","(sum(order_line.ol_amount))","customer.c_city","customer.c_phone","nation.n_name"],"Sort Key":["(sum(order_line.ol_amount)) DESC"],"Sort Method":"top-N heapsort","Sort Space Used":189,"Sort Space Type":"Memory","Shared Hit Blocks":460062,"Shared Read Blocks":0,"Shared Dirtied Blocks":0,"Shared Written Blocks":0,"Local Hit Blocks":0,"Local Read Blocks":0,"Local Dirtied Blocks":0,"Local Written Blocks":0,"Temp Read Blocks":111563,"Temp Written Blocks":111631,"I/O Read Time":0.0,"I/O Write Time":0.0,"Temp I/O Read Time":169.496,"Temp I/O Write Time":454.579,"Plans":[{"Node Type":"Aggregate","Strategy":"Sorted","Partial Mode":"Simple","Parent Relationship":"Outer","Parallel Aware":false,"Async Capable":false,"Startup Cost":3193343.39,"Total Cost":3208982.45,"Plan Rows":521302,"Plan Width":89,"Actual Startup Time":9350.535,"Actual Total Time":10511.066,"Actual Rows":215962,"Actual Loops":1,"Output":["customer.c_id","customer.c_last","sum(order_line.ol_amount)","customer.c_city","customer.c_phone","nation.n_name"],"Group Key":["customer.c_id","customer.c_last","customer.c_city","customer.c_phone","nation.n_name"],"Shared Hit Blocks":460062,"Shared Read Blocks":0,"Shared Dirtied Blocks":0,"Shared Written Blocks":0,"Local Hit Blocks":0,"Local Read Blocks":0,"Local Dirtied Blocks":0,"Local Written Blocks":0,"Temp Read Blocks":111563,"Temp Written Blocks":111631,"I/O Read Time":0.0,"I/O Write Time":0.0,"Temp I/O Read Time":169.496,"Temp I/O Write Time":454.579,"Plans":[{"Node Type":"Sort","Parent Relationship":"Outer","Parallel Aware":false,"Async Capable":false,"Startup Cost":3193343.39,"Total Cost":3194646.65,"Plan Rows":521302,"Plan Width":61,"Actual Startup Time":9350.508,"Actual Total Time":9927.576,"Actual Rows":2159576,"Actual Loops":1,"Output":["customer.c_id","customer.c_last","customer.c_city","customer.c_phone","nation.n_name","order_line.ol_amount"],"Sort Key":["customer.c_id","customer.c_last","customer.c_city","customer.c_phone","nation.n_name"],"Sort Method":"external merge","Sort Space Used":150424,"Sort Space Type":"Disk","Shared Hit Blocks":460062,"Shared Read Blocks":0,"Shared Dirtied Blocks":0,"Shared Written Blocks":0,"Local Hit Blocks":0,"Local Read Blocks":0,"Local Dirtied Blocks":0,"Local Written Blocks":0,"Temp Read Blocks":111563,"Temp Written Blocks":111631,"I/O Read Time":0.0,"I/O Write Time":0.0,"Temp I/O Read Time":169.496,"Temp I/O Write Time":454.579,"Plans":[{"Node Type":"Nested Loop","Parent Relationship":"Outer","Parallel Aware":false,"Async Capable":false,"Join Type":"Inner","Startup Cost":809000.29,"Total Cost":3124241.18,"Plan Rows":521302,"Plan Width":61,"Actual Startup Time":3897.388,"Actual Total Time":7780.033,"Actual Rows":2159576,"Actual Loops":1,"Output":["customer.c_id","customer.c_last","customer.c_city","customer.c_phone","nation.n_name","order_line.ol_amount"],"Inner Unique":true,"Shared Hit Blocks":460062,"Shared Read Blocks":0,"Shared Dirtied Blocks":0,"Shared Written Blocks":0,"Local Hit Blocks":0,"Local Read Blocks":0,"Local Dirtied Blocks":0,"Local Written Blocks":0,"Temp Read Blocks":73962,"Temp Written Blocks":73962,"I/O Read Time":0.0,"I/O Write Time":0.0,"Temp I/O Read Time":113.285,"Temp I/O Write Time":355.934,"Plans":[{"Node Type":"Hash Join","Parent Relationship":"Outer","Parallel Aware":false,"Async Capable":false,"Join Type":"Inner","Startup Cost":809000.14,"Total Cost":3111252.06,"Plan Rows":521302,"Plan Width":57,"Actual Startup Time":3897.349,"Actual Total Time":7074.102,"Actual Rows":2159576,"Actual Loops":1,"Output":["customer.c_id","customer.c_last","customer.c_city","customer.c_phone","customer.c_nationkey","order_line.ol_amount"],"Inner Unique":true,"Hash Cond":"((orders.o_c_id = customer.c_id) AND (orders.o_w_id = customer.c_w_id) AND (orders.o_d_id = customer.c_d_id))","Shared Hit Blocks":459990,"Shared Read Blocks":0,"Shared Dirtied Blocks":0,"Shared Written Blocks":0,"Local Hit Blocks":0,"Local Read Blocks":0,"Local Dirtied Blocks":0,"Local Written Blocks":0,"Temp Read Blocks":73962,"Temp Written Blocks":73962,"I/O Read Time":0.0,"I/O Write Time":0.0,"Temp I/O Read Time":113.285,"Temp I/O Write Time":355.934,"Plans":[{"Node Type":"Hash Join","Parent Relationship":"Outer","Parallel Aware":false,"Async Capable":false,"Join Type":"Inner","Startup Cost":119551.29,"Total Cost":2348150.95,"Plan Rows":521302,"Plan Width":16,"Actual Startup Time":122.873,"Actual Total Time":1758.896,"Actual Rows":2159576,"Actual Loops":1,"Output":["orders.o_c_id","orders.o_w_id","orders.o_d_id","order_line.ol_amount","order_line.ol_w_id","order_line.ol_d_id"],"Inner Unique":true,"Hash Cond":"((order_line.ol_w_id = orders.o_w_id) AND (order_line.ol_d_id = orders.o_d_id) AND (order_line.ol_o_id = orders.o_id))","Join Filter":"(orders.o_entry_d <= order_line.ol_delivery_d)","Rows Removed by Join Filter":0,"Shared Hit Blocks":0,"Shared Read Blocks":0,"Shared Dirtied Blocks":0,"Shared Written Blocks":0,"Local Hit Blocks":0,"Local Read Blocks":0,"Local Dirtied Blocks":0,"Local Written Blocks":0,"Temp Read Blocks":6591,"Temp Written Blocks":6591,"I/O Read Time":0.0,"I/O Write Time":0.0,"Temp I/O Read Time":10.256,"Temp I/O Write Time":27.524,"Plans":[{"Node Type":"Append","Parent Relationship":"Outer","Parallel Aware":false,"Async Capable":false,"Startup Cost":20.0,"Total Cost":1403598.82,"Plan Rows":42039468,"Plan Width":24,"Actual Startup Time":1.435,"Actual Total Time":817.822,"Actual Rows":2240029,"Actual Loops":1,"Shared Hit Blocks":0,"Shared Read Blocks":0,"Shared Dirtied Blocks":0,"Shared Written Blocks":0,"Local Hit Blocks":0,"Local Read Blocks":0,"Local Dirtied Blocks":0,"Local Written Blocks":0,"Temp Read Blocks":0,"Temp Written Blocks":0,"I/O Read Time":0.0,"I/O Write Time":0.0,"Temp I/O Read Time":0.0,"Temp I/O Write Time":0.0,"Subplans Removed":0,"Plans":[{"Node Type":"Custom Scan","Parent Relationship":"Member","Custom Plan Provider":"columnar scan","Parallel Aware":false,"Async Capable":false,"Relation Name":"order_line","Schema":"public","Alias":"order_line","Startup Cost":20.0,"Total Cost":1072026.23,"Plan Rows":42039424,"Plan Width":24,"Actual Startup Time":1.434,"Actual Total Time":659.256,"Actual Rows":2240029,"Actual Loops":1,"Output":["order_line.ol_amount","order_line.ol_w_id","order_line.ol_d_id","order_line.ol_o_id","order_line.ol_delivery_d"],"Filter":"(order_line.ol_delivery_d >= '1992-01-02 20:10:02.27764'::timestamp without time zone)","Rows Removed by Filter":0,"Rows Removed by Columnar Filter":57753732,"Rows Filtered by Bloom Filter":0,"Dictionary Rows Filtered by Bloom Filter":57753732,"Columnar cache search mode":"native","Shared Hit Blocks":0,"Shared Read Blocks":0,"Shared Dirtied Blocks":0,"Shared Written Blocks":0,"Local Hit Blocks":0,"Local Read Blocks":0,"Local Dirtied Blocks":0,"Local Written Blocks":0,"Temp Read Blocks":0,"Temp Written Blocks":0,"I/O Read Time":0.0,"I/O Write Time":0.0,"Temp I/O Read Time":0.0,"Temp I/O Write Time":0.0},{"Node Type":"Seq Scan","Parent Relationship":"Member","Parallel Aware":false,"Async Capable":false,"Relation Name":"order_line","Schema":"public","Alias":"order_line","Startup Cost":0.0,"Total Cost":4.79,"Plan Rows":44,"Plan Width":24,"Actual Startup Time":0.0,"Actual Total Time":0.0,"Actual Rows":0,"Actual Loops":0,"Output":["order_line.ol_amount","order_line.ol_w_id","order_line.ol_d_id","order_line.ol_o_id","order_line.ol_delivery_d"],"Filter":"(order_line.ol_delivery_d >= '1992-01-02 20:10:02.27764'::timestamp without time zone)","Rows Removed by Filter":0,"Shared Hit Blocks":0,"Shared Read Blocks":0,"Shared Dirtied Blocks":0,"Shared Written Blocks":0,"Local Hit Blocks":0,"Local Read Blocks":0,"Local Dirtied Blocks":0,"Local Written Blocks":0,"Temp Read Blocks":0,"Temp Written Blocks":0,"I/O Read Time":0.0,"I/O Write Time":0.0,"Temp I/O Read Time":0.0,"Temp I/O Write Time":0.0}]},{"Node Type":"Hash","Parent Relationship":"Inner","Parallel Aware":false,"Async Capable":false,"Startup Cost":114317.2,"Total Cost":114317.2,"Plan Rows":223205,"Plan Width":24,"Actual Startup Time":120.504,"Actual Total Time":120.509,"Actual Rows":215962,"Actual Loops":1,"Output":["orders.o_c_id","orders.o_w_id","orders.o_d_id","orders.o_id","orders.o_entry_d"],"Hash Buckets":131072,"Original Hash Buckets":131072,"Hash Batches":2,"Original Hash Batches":2,"Peak Memory Usage":6929,"Shared Hit Blocks":0,"Shared Read Blocks":0,"Shared Dirtied Blocks":0,"Shared Written Blocks":0,"Local Hit Blocks":0,"Local Read Blocks":0,"Local Dirtied Blocks":0,"Local Written Blocks":0,"Temp Read Blocks":0,"Temp Written Blocks":580,"I/O Read Time":0.0,"I/O Write Time":0.0,"Temp I/O Read Time":0.0,"Temp I/O Write Time":2.531,"Plans":[{"Node Type":"Append","Parent Relationship":"Outer","Parallel Aware":false,"Async Capable":false,"Startup Cost":20.0,"Total Cost":114317.2,"Plan Rows":223205,"Plan Width":24,"Actual Startup Time":0.518,"Actual Total Time":63.813,"Actual Rows":215962,"Actual Loops":1,"Shared Hit Blocks":0,"Shared Read Blocks":0,"Shared Dirtied Blocks":0,"Shared Written Blocks":0,"Local Hit Blocks":0,"Local Read Blocks":0,"Local Dirtied Blocks":0,"Local Written Blocks":0,"Temp Read Blocks":0,"Temp Written Blocks":0,"I/O Read Time":0.0,"I/O Write Time":0.0,"Temp I/O Read Time":0.0,"Temp I/O Write Time":0.0,"Subplans Removed":0,"Plans":[{"Node Type":"Custom Scan","Parent Relationship":"Member","Custom Plan Provider":"columnar scan","Parallel Aware":false,"Async Capable":false,"Relation Name":"orders","Schema":"public","Alias":"orders","Startup Cost":20.0,"Total Cost":5711.85,"Plan Rows":223204,"Plan Width":24,"Actual Startup Time":0.516,"Actual Total Time":48.249,"Actual Rows":215962,"Actual Loops":1,"Output":["orders.o_c_id","orders.o_w_id","orders.o_d_id","orders.o_id","orders.o_entry_d"],"Filter":"((orders.o_entry_d < '1993-10-02 20:10:02.27764'::timestamp without time zone) AND (orders.o_entry_d >= '1993-07-02 20:10:02.27764'::timestamp without time zone))","Rows Removed by Filter":0,"Rows Removed by Columnar Filter":5784038,"Columnar cache search mode":"native","Shared Hit Blocks":0,"Shared Read Blocks":0,"Shared Dirtied Blocks":0,"Shared Written Blocks":0,"Local Hit Blocks":0,"Local Read Blocks":0,"Local Dirtied Blocks":0,"Local Written Blocks":0,"Temp Read Blocks":0,"Temp Written Blocks":0,"I/O Read Time":0.0,"I/O Write Time":0.0,"Temp I/O Read Time":0.0,"Temp I/O Write Time":0.0},{"Node Type":"Seq Scan","Parent Relationship":"Member","Parallel Aware":false,"Async Capable":false,"Relation Name":"orders","Schema":"public","Alias":"orders","Startup Cost":0.0,"Total Cost":4.01,"Plan Rows":1,"Plan Width":24,"Actual Startup Time":0.0,"Actual Total Time":0.0,"Actual Rows":0,"Actual Loops":0,"Output":["orders.o_c_id","orders.o_w_id","orders.o_d_id","orders.o_id","orders.o_entry_d"],"Filter":"((orders.o_entry_d < '1993-10-02 20:10:02.27764'::timestamp without time zone) AND (orders.o_entry_d >= '1993-07-02 20:10:02.27764'::timestamp without time zone))","Rows Removed by Filter":0,"Shared Hit Blocks":0,"Shared Read Blocks":0,"Shared Dirtied Blocks":0,"Shared Written Blocks":0,"Local Hit Blocks":0,"Local Read Blocks":0,"Local Dirtied Blocks":0,"Local Written Blocks":0,"Temp Read Blocks":0,"Temp Written Blocks":0,"I/O Read Time":0.0,"I/O Write Time":0.0,"Temp I/O Read Time":0.0,"Temp I/O Write Time":0.0}]}]}]},{"Node Type":"Hash","Parent Relationship":"Inner","Parallel Aware":false,"Async Capable":false,"Startup Cost":519991.4,"Total Cost":519991.4,"Plan Rows":6000140,"Plan Width":57,"Actual Startup Time":3767.487,"Actual Total Time":3767.488,"Actual Rows":6000000,"Actual Loops":1,"Output":["customer.c_id","customer.c_last","customer.c_city","customer.c_phone","customer.c_w_id","customer.c_d_id","customer.c_nationkey"],"Hash Buckets":131072,"Original Hash Buckets":131072,"Hash Batches":128,"Original Hash Batches":128,"Peak Memory Usage":5209,"Shared Hit Blocks":459990,"Shared Read Blocks":0,"Shared Dirtied Blocks":0,"Shared Written Blocks":0,"Local Hit Blocks":0,"Local Read Blocks":0,"Local Dirtied Blocks":0,"Local Written Blocks":0,"Temp Read Blocks":0,"Temp Written Blocks":57760,"I/O Read Time":0.0,"I/O Write Time":0.0,"Temp I/O Read Time":0.0,"Temp I/O Write Time":282.352,"Plans":[{"Node Type":"Seq Scan","Parent Relationship":"Outer","Parallel Aware":false,"Async Capable":false,"Relation Name":"customer","Schema":"public","Alias":"customer","Startup Cost":0.0,"Total Cost":519991.4,"Plan Rows":6000140,"Plan Width":57,"Actual Startup Time":0.014,"Actual Total Time":2341.182,"Actual Rows":6000000,"Actual Loops":1,"Output":["customer.c_id","customer.c_last","customer.c_city","customer.c_phone","customer.c_w_id","customer.c_d_id","customer.c_nationkey"],"Shared Hit Blocks":459990,"Shared Read Blocks":0,"Shared Dirtied Blocks":0,"Shared Written Blocks":0,"Local Hit Blocks":0,"Local Read Blocks":0,"Local Dirtied Blocks":0,"Local Written Blocks":0,"Temp Read Blocks":0,"Temp Written Blocks":0,"I/O Read Time":0.0,"I/O Write Time":0.0,"Temp I/O Read Time":0.0,"Temp I/O Write Time":0.0}]}]},{"Node Type":"Memoize","Parent Relationship":"Inner","Parallel Aware":false,"Async Capable":false,"Startup Cost":0.15,"Total Cost":2.17,"Plan Rows":1,"Plan Width":12,"Actual Startup Time":0.0,"Actual Total Time":0.0,"Actual Rows":1,"Actual Loops":2159576,"Output":["nation.n_name","nation.n_nationkey"],"Cache Key":"customer.c_nationkey","Cache Mode":"logical","Cache Hits":2159540,"Cache Misses":36,"Cache Evictions":0,"Cache Overflows":0,"Peak Memory Usage":4,"Shared Hit Blocks":72,"Shared Read Blocks":0,"Shared Dirtied Blocks":0,"Shared Written Blocks":0,"Local Hit Blocks":0,"Local Read Blocks":0,"Local Dirtied Blocks":0,"Local Written Blocks":0,"Temp Read Blocks":0,"Temp Written Blocks":0,"I/O Read Time":0.0,"I/O Write Time":0.0,"Temp I/O Read Time":0.0,"Temp I/O Write Time":0.0,"Plans":[{"Node Type":"Index Scan","Parent Relationship":"Outer","Parallel Aware":false,"Async Capable":false,"Scan Direction":"Forward","Index Name":"nation_pk","Relation Name":"nation","Schema":"public","Alias":"nation","Startup Cost":0.14,"Total Cost":2.16,"Plan Rows":1,"Plan Width":12,"Actual Startup Time":0.003,"Actual Total Time":0.003,"Actual Rows":1,"Actual Loops":36,"Output":["nation.n_name","nation.n_nationkey"],"Index Cond":"(nation.n_nationkey = customer.c_nationkey)","Rows Removed by Index Recheck":0,"Shared Hit Blocks":72,"Shared Read Blocks":0,"Shared Dirtied Blocks":0,"Shared Written Blocks":0,"Local Hit Blocks":0,"Local Read Blocks":0,"Local Dirtied Blocks":0,"Local Written Blocks":0,"Temp Read Blocks":0,"Temp Written Blocks":0,"I/O Read Time":0.0,"I/O Write Time":0.0,"Temp I/O Read Time":0.0,"Temp I/O Write Time":0.0}]}]}]}]}]}]},"Planning":{"Shared Hit Blocks":72,"Shared Read Blocks":0,"Shared Dirtied Blocks":0,"Shared Written Blocks":0,"Local Hit Blocks":0,"Local Read Blocks":0,"Local Dirtied Blocks":0,"Local Written Blocks":0,"Temp Read Blocks":0,"Temp Written Blocks":0,"I/O Read Time":0.0,"I/O Write Time":0.0,"Temp I/O Read Time":0.0,"Temp I/O Write Time":0.0},"Planning Time":1.772,"Triggers":[],"Execution Time":10584.1}]
[列存组合]: customer, nation, order_line, orders
[{"Plan":{"Node Type":"Limit","Parallel Aware":false,"Async Capable":false,"Startup Cost":3227368.97,"Total Cost":3227371.47,"Plan Rows":1000,"Plan Width":89,"Actual Startup Time":9557.412,"Actual Total Time":9557.541,"Actual Rows":1000,"Actual Loops":1,"Output":["customer.c_id","customer.c_last","(sum(order_line.ol_amount))","customer.c_city","customer.c_phone","nation.n_name"],"Shared Hit Blocks":72,"Shared Read Blocks":0,"Shared Dirtied Blocks":0,"Shared Written Blocks":0,"Local Hit Blocks":0,"Local Read Blocks":0,"Local Dirtied Blocks":0,"Local Written Blocks":0,"Temp Read Blocks":88609,"Temp Written Blocks":88677,"I/O Read Time":0.0,"I/O Write Time":0.0,"Temp I/O Read Time":137.834,"Temp I/O Write Time":340.6,"Plans":[{"Node Type":"Sort","Parent Relationship":"Outer","Parallel Aware":false,"Async Capable":false,"Startup Cost":3227368.97,"Total Cost":3228672.22,"Plan Rows":521302,"Plan Width":89,"Actual Startup Time":9557.41,"Actual Total Time":9557.473,"Actual Rows":1000,"Actual Loops":1,"Output":["customer.c_id","customer.c_last","(sum(order_line.ol_amount))","customer.c_city","customer.c_phone","nation.n_name"],"Sort Key":["(sum(order_line.ol_amount)) DESC"],"Sort Method":"top-N heapsort","Sort Space Used":189,"Sort Space Type":"Memory","Shared Hit Blocks":72,"Shared Read Blocks":0,"Shared Dirtied Blocks":0,"Shared Written Blocks":0,"Local Hit Blocks":0,"Local Read Blocks":0,"Local Dirtied Blocks":0,"Local Written Blocks":0,"Temp Read Blocks":88609,"Temp Written Blocks":88677,"I/O Read Time":0.0,"I/O Write Time":0.0,"Temp I/O Read Time":137.834,"Temp I/O Write Time":340.6,"Plans":[{"Node Type":"Aggregate","Strategy":"Sorted","Partial Mode":"Simple","Parent Relationship":"Outer","Parallel Aware":false,"Async Capable":false,"Startup Cost":3183147.48,"Total Cost":3198786.54,"Plan Rows":521302,"Plan Width":89,"Actual Startup Time":8337.292,"Actual Total Time":9507.823,"Actual Rows":215962,"Actual Loops":1,"Output":["customer.c_id","customer.c_last","sum(order_line.ol_amount)","customer.c_city","customer.c_phone","nation.n_name"],"Group Key":["customer.c_id","customer.c_last","customer.c_city","customer.c_phone","nation.n_name"],"Shared Hit Blocks":72,"Shared Read Blocks":0,"Shared Dirtied Blocks":0,"Shared Written Blocks":0,"Local Hit Blocks":0,"Local Read Blocks":0,"Local Dirtied Blocks":0,"Local Written Blocks":0,"Temp Read Blocks":88609,"Temp Written Blocks":88677,"I/O Read Time":0.0,"I/O Write Time":0.0,"Temp I/O Read Time":137.834,"Temp I/O Write Time":340.6,"Plans":[{"Node Type":"Sort","Parent Relationship":"Outer","Parallel Aware":false,"Async Capable":false,"Startup Cost":3183147.48,"Total Cost":3184450.74,"Plan Rows":521302,"Plan Width":61,"Actual Startup Time":8337.264,"Actual Total Time":8922.752,"Actual Rows":2159576,"Actual Loops":1,"Output":["customer.c_id","customer.c_last","customer.c_city","customer.c_phone","nation.n_name","order_line.ol_amount"],"Sort Key":["customer.c_id","customer.c_last","customer.c_city","customer.c_phone","nation.n_name"],"Sort Method":"external merge","Sort Space Used":150424,"Sort Space Type":"Disk","Shared Hit Blocks":72,"Shared Read Blocks":0,"Shared Dirtied Blocks":0,"Shared Written Blocks":0,"Local Hit Blocks":0,"Local Read Blocks":0,"Local Dirtied Blocks":0,"Local Written Blocks":0,"Temp Read Blocks":88609,"Temp Written Blocks":88677,"I/O Read Time":0.0,"I/O Write Time":0.0,"Temp I/O Read Time":137.834,"Temp I/O Write Time":340.6,"Plans":[{"Node Type":"Nested Loop","Parent Relationship":"Outer","Parallel Aware":false,"Async Capable":false,"Join Type":"Inner","Startup Cost":798804.38,"Total Cost":3114045.27,"Plan Rows":521302,"Plan Width":61,"Actual Startup Time":2419.491,"Actual Total Time":6710.579,"Actual Rows":2159576,"Actual Loops":1,"Output":["customer.c_id","customer.c_last","customer.c_city","customer.c_phone","nation.n_name","order_line.ol_amount"],"Inner Unique":true,"Shared Hit Blocks":72,"Shared Read Blocks":0,"Shared Dirtied Blocks":0,"Shared Written Blocks":0,"Local Hit Blocks":0,"Local Read Blocks":0,"Local Dirtied Blocks":0,"Local Written Blocks":0,"Temp Read Blocks":51008,"Temp Written Blocks":51008,"I/O Read Time":0.0,"I/O Write Time":0.0,"Temp I/O Read Time":80.787,"Temp I/O Write Time":241.24,"Plans":[{"Node Type":"Hash Join","Parent Relationship":"Outer","Parallel Aware":false,"Async Capable":false,"Join Type":"Inner","Startup Cost":798804.23,"Total Cost":3101056.15,"Plan Rows":521302,"Plan Width":57,"Actual Startup Time":2419.441,"Actual Total Time":5992.007,"Actual Rows":2159576,"Actual Loops":1,"Output":["customer.c_id","customer.c_last","customer.c_city","customer.c_phone","customer.c_nationkey","order_line.ol_amount"],"Inner Unique":true,"Hash Cond":"((orders.o_c_id = customer.c_id) AND (orders.o_w_id = customer.c_w_id) AND (orders.o_d_id = customer.c_d_id))","Shared Hit Blocks":0,"Shared Read Blocks":0,"Shared Dirtied Blocks":0,"Shared Written Blocks":0,"Local Hit Blocks":0,"Local Read Blocks":0,"Local Dirtied Blocks":0,"Local Written Blocks":0,"Temp Read Blocks":51008,"Temp Written Blocks":51008,"I/O Read Time":0.0,"I/O Write Time":0.0,"Temp I/O Read Time":80.787,"Temp I/O Write Time":241.24,"Plans":[{"Node Type":"Hash Join","Parent Relationship":"Outer","Parallel Aware":false,"Async Capable":false,"Join Type":"Inner","Startup Cost":119551.29,"Total Cost":2348150.95,"Plan Rows":521302,"Plan Width":16,"Actual Startup Time":122.916,"Actual Total Time":1761.693,"Actual Rows":2159576,"Actual Loops":1,"Output":["orders.o_c_id","orders.o_w_id","orders.o_d_id","order_line.ol_amount","order_line.ol_w_id","order_line.ol_d_id"],"Inner Unique":true,"Hash Cond":"((order_line.ol_w_id = orders.o_w_id) AND (order_line.ol_d_id = orders.o_d_id) AND (order_line.ol_o_id = orders.o_id))","Join Filter":"(orders.o_entry_d <= order_line.ol_delivery_d)","Rows Removed by Join Filter":0,"Shared Hit Blocks":0,"Shared Read Blocks":0,"Shared Dirtied Blocks":0,"Shared Written Blocks":0,"Local Hit Blocks":0,"Local Read Blocks":0,"Local Dirtied Blocks":0,"Local Written Blocks":0,"Temp Read Blocks":6591,"Temp Written Blocks":6591,"I/O Read Time":0.0,"I/O Write Time":0.0,"Temp I/O Read Time":10.407,"Temp I/O Write Time":28.095,"Plans":[{"Node Type":"Append","Parent Relationship":"Outer","Parallel Aware":false,"Async Capable":false,"Startup Cost":20.0,"Total Cost":1403598.82,"Plan Rows":42039468,"Plan Width":24,"Actual Startup Time":1.436,"Actual Total Time":817.807,"Actual Rows":2240029,"Actual Loops":1,"Shared Hit Blocks":0,"Shared Read Blocks":0,"Shared Dirtied Blocks":0,"Shared Written Blocks":0,"Local Hit Blocks":0,"Local Read Blocks":0,"Local Dirtied Blocks":0,"Local Written Blocks":0,"Temp Read Blocks":0,"Temp Written Blocks":0,"I/O Read Time":0.0,"I/O Write Time":0.0,"Temp I/O Read Time":0.0,"Temp I/O Write Time":0.0,"Subplans Removed":0,"Plans":[{"Node Type":"Custom Scan","Parent Relationship":"Member","Custom Plan Provider":"columnar scan","Parallel Aware":false,"Async Capable":false,"Relation Name":"order_line","Schema":"public","Alias":"order_line","Startup Cost":20.0,"Total Cost":1072026.23,"Plan Rows":42039424,"Plan Width":24,"Actual Startup Time":1.435,"Actual Total Time":658.071,"Actual Rows":2240029,"Actual Loops":1,"Output":["order_line.ol_amount","order_line.ol_w_id","order_line.ol_d_id","order_line.ol_o_id","order_line.ol_delivery_d"],"Filter":"(order_line.ol_delivery_d >= '1992-01-02 20:10:02.27764'::timestamp without time zone)","Rows Removed by Filter":0,"Rows Removed by Columnar Filter":57753732,"Rows Filtered by Bloom Filter":0,"Dictionary Rows Filtered by Bloom Filter":57753732,"Columnar cache search mode":"native","Shared Hit Blocks":0,"Shared Read Blocks":0,"Shared Dirtied Blocks":0,"Shared Written Blocks":0,"Local Hit Blocks":0,"Local Read Blocks":0,"Local Dirtied Blocks":0,"Local Written Blocks":0,"Temp Read Blocks":0,"Temp Written Blocks":0,"I/O Read Time":0.0,"I/O Write Time":0.0,"Temp I/O Read Time":0.0,"Temp I/O Write Time":0.0},{"Node Type":"Seq Scan","Parent Relationship":"Member","Parallel Aware":false,"Async Capable":false,"Relation Name":"order_line","Schema":"public","Alias":"order_line","Startup Cost":0.0,"Total Cost":4.79,"Plan Rows":44,"Plan Width":24,"Actual Startup Time":0.0,"Actual Total Time":0.0,"Actual Rows":0,"Actual Loops":0,"Output":["order_line.ol_amount","order_line.ol_w_id","order_line.ol_d_id","order_line.ol_o_id","order_line.ol_delivery_d"],"Filter":"(order_line.ol_delivery_d >= '1992-01-02 20:10:02.27764'::timestamp without time zone)","Rows Removed by Filter":0,"Shared Hit Blocks":0,"Shared Read Blocks":0,"Shared Dirtied Blocks":0,"Shared Written Blocks":0,"Local Hit Blocks":0,"Local Read Blocks":0,"Local Dirtied Blocks":0,"Local Written Blocks":0,"Temp Read Blocks":0,"Temp Written Blocks":0,"I/O Read Time":0.0,"I/O Write Time":0.0,"Temp I/O Read Time":0.0,"Temp I/O Write Time":0.0}]},{"Node Type":"Hash","Parent Relationship":"Inner","Parallel Aware":false,"Async Capable":false,"Startup Cost":114317.2,"Total Cost":114317.2,"Plan Rows":223205,"Plan Width":24,"Actual Startup Time":120.618,"Actual Total Time":120.625,"Actual Rows":215962,"Actual Loops":1,"Output":["orders.o_c_id","orders.o_w_id","orders.o_d_id","orders.o_id","orders.o_entry_d"],"Hash Buckets":131072,"Original Hash Buckets":131072,"Hash Batches":2,"Original Hash Batches":2,"Peak Memory Usage":6929,"Shared Hit Blocks":0,"Shared Read Blocks":0,"Shared Dirtied Blocks":0,"Shared Written Blocks":0,"Local Hit Blocks":0,"Local Read Blocks":0,"Local Dirtied Blocks":0,"Local Written Blocks":0,"Temp Read Blocks":0,"Temp Written Blocks":580,"I/O Read Time":0.0,"I/O Write Time":0.0,"Temp I/O Read Time":0.0,"Temp I/O Write Time":2.567,"Plans":[{"Node Type":"Append","Parent Relationship":"Outer","Parallel Aware":false,"Async Capable":false,"Startup Cost":20.0,"Total Cost":114317.2,"Plan Rows":223205,"Plan Width":24,"Actual Startup Time":0.543,"Actual Total Time":63.82,"Actual Rows":215962,"Actual Loops":1,"Shared Hit Blocks":0,"Shared Read Blocks":0,"Shared Dirtied Blocks":0,"Shared Written Blocks":0,"Local Hit Blocks":0,"Local Read Blocks":0,"Local Dirtied Blocks":0,"Local Written Blocks":0,"Temp Read Blocks":0,"Temp Written Blocks":0,"I/O Read Time":0.0,"I/O Write Time":0.0,"Temp I/O Read Time":0.0,"Temp I/O Write Time":0.0,"Subplans Removed":0,"Plans":[{"Node Type":"Custom Scan","Parent Relationship":"Member","Custom Plan Provider":"columnar scan","Parallel Aware":false,"Async Capable":false,"Relation Name":"orders","Schema":"public","Alias":"orders","Startup Cost":20.0,"Total Cost":5711.85,"Plan Rows":223204,"Plan Width":24,"Actual Startup Time":0.541,"Actual Total Time":47.832,"Actual Rows":215962,"Actual Loops":1,"Output":["orders.o_c_id","orders.o_w_id","orders.o_d_id","orders.o_id","orders.o_entry_d"],"Filter":"((orders.o_entry_d < '1993-10-02 20:10:02.27764'::timestamp without time zone) AND (orders.o_entry_d >= '1993-07-02 20:10:02.27764'::timestamp without time zone))","Rows Removed by Filter":0,"Rows Removed by Columnar Filter":5784038,"Columnar cache search mode":"native","Shared Hit Blocks":0,"Shared Read Blocks":0,"Shared Dirtied Blocks":0,"Shared Written Blocks":0,"Local Hit Blocks":0,"Local Read Blocks":0,"Local Dirtied Blocks":0,"Local Written Blocks":0,"Temp Read Blocks":0,"Temp Written Blocks":0,"I/O Read Time":0.0,"I/O Write Time":0.0,"Temp I/O Read Time":0.0,"Temp I/O Write Time":0.0},{"Node Type":"Seq Scan","Parent Relationship":"Member","Parallel Aware":false,"Async Capable":false,"Relation Name":"orders","Schema":"public","Alias":"orders","Startup Cost":0.0,"Total Cost":4.01,"Plan Rows":1,"Plan Width":24,"Actual Startup Time":0.0,"Actual Total Time":0.0,"Actual Rows":0,"Actual Loops":0,"Output":["orders.o_c_id","orders.o_w_id","orders.o_d_id","orders.o_id","orders.o_entry_d"],"Filter":"((orders.o_entry_d < '1993-10-02 20:10:02.27764'::timestamp without time zone) AND (orders.o_entry_d >= '1993-07-02 20:10:02.27764'::timestamp without time zone))","Rows Removed by Filter":0,"Shared Hit Blocks":0,"Shared Read Blocks":0,"Shared Dirtied Blocks":0,"Shared Written Blocks":0,"Local Hit Blocks":0,"Local Read Blocks":0,"Local Dirtied Blocks":0,"Local Written Blocks":0,"Temp Read Blocks":0,"Temp Written Blocks":0,"I/O Read Time":0.0,"I/O Write Time":0.0,"Temp I/O Read Time":0.0,"Temp I/O Write Time":0.0}]}]}]},{"Node Type":"Hash","Parent Relationship":"Inner","Parallel Aware":false,"Async Capable":false,"Startup Cost":509795.49,"Total Cost":509795.49,"Plan Rows":6000140,"Plan Width":57,"Actual Startup Time":2295.132,"Actual Total Time":2295.136,"Actual Rows":6000000,"Actual Loops":1,"Output":["customer.c_id","customer.c_last","customer.c_city","customer.c_phone","customer.c_w_id","customer.c_d_id","customer.c_nationkey"],"Hash Buckets":65536,"Original Hash Buckets":65536,"Hash Batches":128,"Original Hash Batches":128,"Peak Memory Usage":3461,"Shared Hit Blocks":0,"Shared Read Blocks":0,"Shared Dirtied Blocks":0,"Shared Written Blocks":0,"Local Hit Blocks":0,"Local Read Blocks":0,"Local Dirtied Blocks":0,"Local Written Blocks":0,"Temp Read Blocks":0,"Temp Written Blocks":34816,"I/O Read Time":0.0,"I/O Write Time":0.0,"Temp I/O Read Time":0.0,"Temp I/O Write Time":166.665,"Plans":[{"Node Type":"Append","Parent Relationship":"Outer","Parallel Aware":false,"Async Capable":false,"Startup Cost":20.0,"Total Cost":509795.49,"Plan Rows":6000140,"Plan Width":57,"Actual Startup Time":0.013,"Actual Total Time":1122.247,"Actual Rows":6000000,"Actual Loops":1,"Shared Hit Blocks":0,"Shared Read Blocks":0,"Shared Dirtied Blocks":0,"Shared Written Blocks":0,"Local Hit Blocks":0,"Local Read Blocks":0,"Local Dirtied Blocks":0,"Local Written Blocks":0,"Temp Read Blocks":0,"Temp Written Blocks":0,"I/O Read Time":0.0,"I/O Write Time":0.0,"Temp I/O Read Time":0.0,"Temp I/O Write Time":0.0,"Subplans Removed":0,"Plans":[{"Node Type":"Custom Scan","Parent Relationship":"Member","Custom Plan Provider":"columnar scan","Parallel Aware":false,"Async Capable":false,"Relation Name":"customer","Schema":"public","Alias":"customer","Startup Cost":20.0,"Total Cost":203420.06,"Plan Rows":6000000,"Plan Width":57,"Actual Startup Time":0.012,"Actual Total Time":699.092,"Actual Rows":6000000,"Actual Loops":1,"Output":["customer.c_id","customer.c_last","customer.c_city","customer.c_phone","customer.c_w_id","customer.c_d_id","customer.c_nationkey"],"Rows Removed by Columnar Filter":0,"Columnar projection mode":"late materialization","Columnar cache search mode":"native","Shared Hit Blocks":0,"Shared Read Blocks":0,"Shared Dirtied Blocks":0,"Shared Written Blocks":0,"Local Hit Blocks":0,"Local Read Blocks":0,"Local Dirtied Blocks":0,"Local Written Blocks":0,"Temp Read Blocks":0,"Temp Written Blocks":0,"I/O Read Time":0.0,"I/O Write Time":0.0,"Temp I/O Read Time":0.0,"Temp I/O Write Time":0.0},{"Node Type":"Seq Scan","Parent Relationship":"Member","Parallel Aware":false,"Async Capable":false,"Relation Name":"customer","Schema":"public","Alias":"customer","Startup Cost":0.0,"Total Cost":5.4,"Plan Rows":140,"Plan Width":57,"Actual Startup Time":0.0,"Actual Total Time":0.0,"Actual Rows":0,"Actual Loops":0,"Output":["customer.c_id","customer.c_last","customer.c_city","customer.c_phone","customer.c_w_id","customer.c_d_id","customer.c_nationkey"],"Shared Hit Blocks":0,"Shared Read Blocks":0,"Shared Dirtied Blocks":0,"Shared Written Blocks":0,"Local Hit Blocks":0,"Local Read Blocks":0,"Local Dirtied Blocks":0,"Local Written Blocks":0,"Temp Read Blocks":0,"Temp Written Blocks":0,"I/O Read Time":0.0,"I/O Write Time":0.0,"Temp I/O Read Time":0.0,"Temp I/O Write Time":0.0}]}]}]},{"Node Type":"Memoize","Parent Relationship":"Inner","Parallel Aware":false,"Async Capable":false,"Startup Cost":0.15,"Total Cost":2.17,"Plan Rows":1,"Plan Width":12,"Actual Startup Time":0.0,"Actual Total Time":0.0,"Actual Rows":1,"Actual Loops":2159576,"Output":["nation.n_name","nation.n_nationkey"],"Cache Key":"customer.c_nationkey","Cache Mode":"logical","Cache Hits":2159540,"Cache Misses":36,"Cache Evictions":0,"Cache Overflows":0,"Peak Memory Usage":4,"Shared Hit Blocks":72,"Shared Read Blocks":0,"Shared Dirtied Blocks":0,"Shared Written Blocks":0,"Local Hit Blocks":0,"Local Read Blocks":0,"Local Dirtied Blocks":0,"Local Written Blocks":0,"Temp Read Blocks":0,"Temp Written Blocks":0,"I/O Read Time":0.0,"I/O Write Time":0.0,"Temp I/O Read Time":0.0,"Temp I/O Write Time":0.0,"Plans":[{"Node Type":"Index Scan","Parent Relationship":"Outer","Parallel Aware":false,"Async Capable":false,"Scan Direction":"Forward","Index Name":"nation_pk","Relation Name":"nation","Schema":"public","Alias":"nation","Startup Cost":0.14,"Total Cost":2.16,"Plan Rows":1,"Plan Width":12,"Actual Startup Time":0.003,"Actual Total Time":0.003,"Actual Rows":1,"Actual Loops":36,"Output":["nation.n_name","nation.n_nationkey"],"Index Cond":"(nation.n_nationkey = customer.c_nationkey)","Rows Removed by Index Recheck":0,"Shared Hit Blocks":72,"Shared Read Blocks":0,"Shared Dirtied Blocks":0,"Shared Written Blocks":0,"Local Hit Blocks":0,"Local Read Blocks":0,"Local Dirtied Blocks":0,"Local Written Blocks":0,"Temp Read Blocks":0,"Temp Written Blocks":0,"I/O Read Time":0.0,"I/O Write Time":0.0,"Temp I/O Read Time":0.0,"Temp I/O Write Time":0.0}]}]}]}]}]}]},"Planning":{"Shared Hit Blocks":72,"Shared Read Blocks":0,"Shared Dirtied Blocks":0,"Shared Written Blocks":0,"Local Hit Blocks":0,"Local Read Blocks":0,"Local Dirtied Blocks":0,"Local Written Blocks":0,"Temp Read Blocks":0,"Temp Written Blocks":0,"I/O Read Time":0.0,"I/O Write Time":0.0,"Temp I/O Read Time":0.0,"Temp I/O Write Time":0.0},"Planning Time":2.164,"Triggers":[],"Execution Time":9582.37}]
