[列存组合]: 无列存
[{"Plan":{"Node Type":"Sort","Parallel Aware":false,"Async Capable":false,"Startup Cost":2320344.22,"Total Cost":2320426.75,"Plan Rows":33011,"Plan Width":12,"Actual Startup Time":24017.883,"Actual Total Time":24017.896,"Actual Rows":0,"Actual Loops":1,"Output":["stock.s_i_id","(sum(stock.s_order_cnt))"],"Sort Key":["(sum(stock.s_order_cnt)) DESC"],"Sort Method":"quicksort","Sort Space Used":25,"Sort Space Type":"Memory","Shared Hit Blocks":1667220,"Shared Read Blocks":0,"Shared Dirtied Blocks":0,"Shared Written Blocks":0,"Local Hit Blocks":0,"Local Read Blocks":0,"Local Dirtied Blocks":0,"Local Written Blocks":0,"Temp Read Blocks":256,"Temp Written Blocks":609,"I/O Read Time":0.0,"I/O Write Time":0.0,"Temp I/O Read Time":0.427,"Temp I/O Write Time":3.078,"Plans":[{"Node Type":"Aggregate","Strategy":"Plain","Partial Mode":"Simple","Parent Relationship":"InitPlan","Subplan Name":"InitPlan 1 (returns $0)","Parallel Aware":false,"Async Capable":false,"Startup Cost":1148261.03,"Total Cost":1148261.05,"Plan Rows":1,"Plan Width":32,"Actual Startup Time":11895.43,"Actual Total Time":11895.434,"Actual Rows":1,"Actual Loops":1,"Output":["((sum(stock_1.s_order_cnt))::numeric * 0.005)"],"Shared Hit Blocks":833610,"Shared Read Blocks":0,"Shared Dirtied Blocks":0,"Shared Written Blocks":0,"Local Hit Blocks":0,"Local Read Blocks":0,"Local Dirtied Blocks":0,"Local Written Blocks":0,"Temp Read Blocks":0,"Temp Written Blocks":0,"I/O Read Time":0.0,"I/O Write Time":0.0,"Temp I/O Read Time":0.0,"Temp I/O Write Time":0.0,"Plans":[{"Node Type":"Hash Join","Parent Relationship":"Outer","Parallel Aware":false,"Async Capable":false,"Join Type":"Inner","Startup Cost":443.79,"Total Cost":1147454.57,"Plan Rows":322584,"Plan Width":2,"Actual Startup Time":2.624,"Actual Total Time":11874.436,"Actual Rows":310950,"Actual Loops":1,"Output":["stock_1.s_order_cnt"],"Inner Unique":true,"Hash Cond":"(supplier_1.su_nationkey = nation_1.n_nationkey)","Shared Hit Blocks":833610,"Shared Read Blocks":0,"Shared Dirtied Blocks":0,"Shared Written Blocks":0,"Local Hit Blocks":0,"Local Read Blocks":0,"Local Dirtied Blocks":0,"Local Written Blocks":0,"Temp Read Blocks":0,"Temp Written Blocks":0,"I/O Read Time":0.0,"I/O Write Time":0.0,"Temp I/O Read Time":0.0,"Temp I/O Write Time":0.0,"Plans":[{"Node Type":"Hash Join","Parent Relationship":"Outer","Parallel Aware":false,"Async Capable":false,"Join Type":"Inner","Startup Cost":442.0,"Total Cost":1091363.48,"Plan Rows":20000212,"Plan Width":6,"Actual Startup Time":2.535,"Actual Total Time":10557.889,"Actual Rows":20000000,"Actual Loops":1,"Output":["stock_1.s_order_cnt","supplier_1.su_nationkey"],"Inner Unique":true,"Hash Cond":"(mod((stock_1.s_w_id * stock_1.s_i_id), 10000) = supplier_1.su_suppkey)","Shared Hit Blocks":833609,"Shared Read Blocks":0,"Shared Dirtied Blocks":0,"Shared Written Blocks":0,"Local Hit Blocks":0,"Local Read Blocks":0,"Local Dirtied Blocks":0,"Local Written Blocks":0,"Temp Read Blocks":0,"Temp Written Blocks":0,"I/O Read Time":0.0,"I/O Write Time":0.0,"Temp I/O Read Time":0.0,"Temp I/O Write Time":0.0,"Plans":[{"Node Type":"Seq Scan","Parent Relationship":"Outer","Parallel Aware":false,"Async Capable":false,"Relation Name":"stock","Schema":"public","Alias":"stock_1","Startup Cost":0.0,"Total Cost":1033394.12,"Plan Rows":20000212,"Plan Width":8,"Actual Startup Time":0.004,"Actual Total Time":1722.959,"Actual Rows":20000000,"Actual Loops":1,"Output":["stock_1.s_i_id","stock_1.s_w_id","stock_1.s_quantity","stock_1.s_dist_01","stock_1.s_dist_02","stock_1.s_dist_03","stock_1.s_dist_04","stock_1.s_dist_05","stock_1.s_dist_06","stock_1.s_dist_07","stock_1.s_dist_08","stock_1.s_dist_09","stock_1.s_dist_10","stock_1.s_ytd","stock_1.s_order_cnt","stock_1.s_remote_cnt","stock_1.s_data"],"Shared Hit Blocks":833392,"Shared Read Blocks":0,"Shared Dirtied Blocks":0,"Shared Written Blocks":0,"Local Hit Blocks":0,"Local Read Blocks":0,"Local Dirtied Blocks":0,"Local Written Blocks":0,"Temp Read Blocks":0,"Temp Written Blocks":0,"I/O Read Time":0.0,"I/O Write Time":0.0,"Temp I/O Read Time":0.0,"Temp I/O Write Time":0.0},{"Node Type":"Hash","Parent Relationship":"Inner","Parallel Aware":false,"Async Capable":false,"Startup Cost":317.0,"Total Cost":317.0,"Plan Rows":10000,"Plan Width":8,"Actual Startup Time":2.478,"Actual Total Time":2.479,"Actual Rows":10000,"Actual Loops":1,"Output":["supplier_1.su_suppkey","supplier_1.su_nationkey"],"Hash Buckets":16384,"Original Hash Buckets":16384,"Hash Batches":1,"Original Hash Batches":1,"Peak Memory Usage":519,"Shared Hit Blocks":217,"Shared Read Blocks":0,"Shared Dirtied Blocks":0,"Shared Written Blocks":0,"Local Hit Blocks":0,"Local Read Blocks":0,"Local Dirtied Blocks":0,"Local Written Blocks":0,"Temp Read Blocks":0,"Temp Written Blocks":0,"I/O Read Time":0.0,"I/O Write Time":0.0,"Temp I/O Read Time":0.0,"Temp I/O Write Time":0.0,"Plans":[{"Node Type":"Seq Scan","Parent Relationship":"Outer","Parallel Aware":false,"Async Capable":false,"Relation Name":"supplier","Schema":"public","Alias":"supplier_1","Startup Cost":0.0,"Total Cost":317.0,"Plan Rows":10000,"Plan Width":8,"Actual Startup Time":0.006,"Actual Total Time":1.258,"Actual Rows":10000,"Actual Loops":1,"Output":["supplier_1.su_suppkey","supplier_1.su_nationkey"],"Shared Hit Blocks":217,"Shared Read Blocks":0,"Shared Dirtied Blocks":0,"Shared Written Blocks":0,"Local Hit Blocks":0,"Local Read Blocks":0,"Local Dirtied Blocks":0,"Local Written Blocks":0,"Temp Read Blocks":0,"Temp Written Blocks":0,"I/O Read Time":0.0,"I/O Write Time":0.0,"Temp I/O Read Time":0.0,"Temp I/O Write Time":0.0}]}]},{"Node Type":"Hash","Parent Relationship":"Inner","Parallel Aware":false,"Async Capable":false,"Startup Cost":1.77,"Total Cost":1.77,"Plan Rows":1,"Plan Width":4,"Actual Startup Time":0.028,"Actual Total Time":0.029,"Actual Rows":1,"Actual Loops":1,"Output":["nation_1.n_nationkey"],"Hash Buckets":1024,"Original Hash Buckets":1024,"Hash Batches":1,"Original Hash Batches":1,"Peak Memory Usage":9,"Shared Hit Blocks":1,"Shared Read Blocks":0,"Shared Dirtied Blocks":0,"Shared Written Blocks":0,"Local Hit Blocks":0,"Local Read Blocks":0,"Local Dirtied Blocks":0,"Local Written Blocks":0,"Temp Read Blocks":0,"Temp Written Blocks":0,"I/O Read Time":0.0,"I/O Write Time":0.0,"Temp I/O Read Time":0.0,"Temp I/O Write Time":0.0,"Plans":[{"Node Type":"Seq Scan","Parent Relationship":"Outer","Parallel Aware":false,"Async Capable":false,"Relation Name":"nation","Schema":"public","Alias":"nation_1","Startup Cost":0.0,"Total Cost":1.77,"Plan Rows":1,"Plan Width":4,"Actual Startup Time":0.018,"Actual Total Time":0.022,"Actual Rows":1,"Actual Loops":1,"Output":["nation_1.n_nationkey"],"Filter":"((nation_1.n_name)::text = 'Germany'::text)","Rows Removed by Filter":61,"Shared Hit Blocks":1,"Shared Read Blocks":0,"Shared Dirtied Blocks":0,"Shared Written Blocks":0,"Local Hit Blocks":0,"Local Read Blocks":0,"Local Dirtied Blocks":0,"Local Written Blocks":0,"Temp Read Blocks":0,"Temp Written Blocks":0,"I/O Read Time":0.0,"I/O Write Time":0.0,"Temp I/O Read Time":0.0,"Temp I/O Write Time":0.0}]}]}]},{"Node Type":"Aggregate","Strategy":"Hashed","Partial Mode":"Simple","Parent Relationship":"Outer","Parallel Aware":false,"Async Capable":false,"Startup Cost":1165599.92,"Total Cost":1169605.59,"Plan Rows":33011,"Plan Width":12,"Actual Startup Time":24017.875,"Actual Total Time":24017.883,"Actual Rows":0,"Actual Loops":1,"Output":["stock.s_i_id","sum(stock.s_order_cnt)"],"Group Key":["stock.s_i_id"],"Filter":"((sum(stock.s_order_cnt))::numeric > $0)","Planned Partitions":0,"HashAgg Batches":5,"Peak Memory Usage":8241,"Disk Usage":3376,"Rows Removed by Filter":95130,"Shared Hit Blocks":1667220,"Shared Read Blocks":0,"Shared Dirtied Blocks":0,"Shared Written Blocks":0,"Local Hit Blocks":0,"Local Read Blocks":0,"Local Dirtied Blocks":0,"Local Written Blocks":0,"Temp Read Blocks":256,"Temp Written Blocks":609,"I/O Read Time":0.0,"I/O Write Time":0.0,"Temp I/O Read Time":0.427,"Temp I/O Write Time":3.078,"Plans":[{"Node Type":"Hash Join","Parent Relationship":"Outer","Parallel Aware":false,"Async Capable":false,"Join Type":"Inner","Startup Cost":443.79,"Total Cost":1147454.57,"Plan Rows":322584,"Plan Width":6,"Actual Startup Time":2.569,"Actual Total Time":11973.847,"Actual Rows":310950,"Actual Loops":1,"Output":["stock.s_i_id","stock.s_order_cnt"],"Inner Unique":true,"Hash Cond":"(supplier.su_nationkey = nation.n_nationkey)","Shared Hit Blocks":833610,"Shared Read Blocks":0,"Shared Dirtied Blocks":0,"Shared Written Blocks":0,"Local Hit Blocks":0,"Local Read Blocks":0,"Local Dirtied Blocks":0,"Local Written Blocks":0,"Temp Read Blocks":0,"Temp Written Blocks":0,"I/O Read Time":0.0,"I/O Write Time":0.0,"Temp I/O Read Time":0.0,"Temp I/O Write Time":0.0,"Plans":[{"Node Type":"Hash Join","Parent Relationship":"Outer","Parallel Aware":false,"Async Capable":false,"Join Type":"Inner","Startup Cost":442.0,"Total Cost":1091363.48,"Plan Rows":20000212,"Plan Width":10,"Actual Startup Time":2.504,"Actual Total Time":10647.956,"Actual Rows":20000000,"Actual Loops":1,"Output":["stock.s_i_id","stock.s_order_cnt","supplier.su_nationkey"],"Inner Unique":true,"Hash Cond":"(mod((stock.s_w_id * stock.s_i_id), 10000) = supplier.su_suppkey)","Shared Hit Blocks":833609,"Shared Read Blocks":0,"Shared Dirtied Blocks":0,"Shared Written Blocks":0,"Local Hit Blocks":0,"Local Read Blocks":0,"Local Dirtied Blocks":0,"Local Written Blocks":0,"Temp Read Blocks":0,"Temp Written Blocks":0,"I/O Read Time":0.0,"I/O Write Time":0.0,"Temp I/O Read Time":0.0,"Temp I/O Write Time":0.0,"Plans":[{"Node Type":"Seq Scan","Parent Relationship":"Outer","Parallel Aware":false,"Async Capable":false,"Relation Name":"stock","Schema":"public","Alias":"stock","Startup Cost":0.0,"Total Cost":1033394.12,"Plan Rows":20000212,"Plan Width":8,"Actual Startup Time":0.004,"Actual Total Time":1756.035,"Actual Rows":20000000,"Actual Loops":1,"Output":["stock.s_i_id","stock.s_w_id","stock.s_quantity","stock.s_dist_01","stock.s_dist_02","stock.s_dist_03","stock.s_dist_04","stock.s_dist_05","stock.s_dist_06","stock.s_dist_07","stock.s_dist_08","stock.s_dist_09","stock.s_dist_10","stock.s_ytd","stock.s_order_cnt","stock.s_remote_cnt","stock.s_data"],"Shared Hit Blocks":833392,"Shared Read Blocks":0,"Shared Dirtied Blocks":0,"Shared Written Blocks":0,"Local Hit Blocks":0,"Local Read Blocks":0,"Local Dirtied Blocks":0,"Local Written Blocks":0,"Temp Read Blocks":0,"Temp Written Blocks":0,"I/O Read Time":0.0,"I/O Write Time":0.0,"Temp I/O Read Time":0.0,"Temp I/O Write Time":0.0},{"Node Type":"Hash","Parent Relationship":"Inner","Parallel Aware":false,"Async Capable":false,"Startup Cost":317.0,"Total Cost":317.0,"Plan Rows":10000,"Plan Width":8,"Actual Startup Time":2.45,"Actual Total Time":2.45,"Actual Rows":10000,"Actual Loops":1,"Output":["supplier.su_suppkey","supplier.su_nationkey"],"Hash Buckets":16384,"Original Hash Buckets":16384,"Hash Batches":1,"Original Hash Batches":1,"Peak Memory Usage":519,"Shared Hit Blocks":217,"Shared Read Blocks":0,"Shared Dirtied Blocks":0,"Shared Written Blocks":0,"Local Hit Blocks":0,"Local Read Blocks":0,"Local Dirtied Blocks":0,"Local Written Blocks":0,"Temp Read Blocks":0,"Temp Written Blocks":0,"I/O Read Time":0.0,"I/O Write Time":0.0,"Temp I/O Read Time":0.0,"Temp I/O Write Time":0.0,"Plans":[{"Node Type":"Seq Scan","Parent Relationship":"Outer","Parallel Aware":false,"Async Capable":false,"Relation Name":"supplier","Schema":"public","Alias":"supplier","Startup Cost":0.0,"Total Cost":317.0,"Plan Rows":10000,"Plan Width":8,"Actual Startup Time":0.004,"Actual Total Time":1.258,"Actual Rows":10000,"Actual Loops":1,"Output":["supplier.su_suppkey","supplier.su_nationkey"],"Shared Hit Blocks":217,"Shared Read Blocks":0,"Shared Dirtied Blocks":0,"Shared Written Blocks":0,"Local Hit Blocks":0,"Local Read Blocks":0,"Local Dirtied Blocks":0,"Local Written Blocks":0,"Temp Read Blocks":0,"Temp Written Blocks":0,"I/O Read Time":0.0,"I/O Write Time":0.0,"Temp I/O Read Time":0.0,"Temp I/O Write Time":0.0}]}]},{"Node Type":"Hash","Parent Relationship":"Inner","Parallel Aware":false,"Async Capable":false,"Startup Cost":1.77,"Total Cost":1.77,"Plan Rows":1,"Plan Width":4,"Actual Startup Time":0.024,"Actual Total Time":0.026,"Actual Rows":1,"Actual Loops":1,"Output":["nation.n_nationkey"],"Hash Buckets":1024,"Original Hash Buckets":1024,"Hash Batches":1,"Original Hash Batches":1,"Peak Memory Usage":9,"Shared Hit Blocks":1,"Shared Read Blocks":0,"Shared Dirtied Blocks":0,"Shared Written Blocks":0,"Local Hit Blocks":0,"Local Read Blocks":0,"Local Dirtied Blocks":0,"Local Written Blocks":0,"Temp Read Blocks":0,"Temp Written Blocks":0,"I/O Read Time":0.0,"I/O Write Time":0.0,"Temp I/O Read Time":0.0,"Temp I/O Write Time":0.0,"Plans":[{"Node Type":"Seq Scan","Parent Relationship":"Outer","Parallel Aware":false,"Async Capable":false,"Relation Name":"nation","Schema":"public","Alias":"nation","Startup Cost":0.0,"Total Cost":1.77,"Plan Rows":1,"Plan Width":4,"Actual Startup Time":0.012,"Actual Total Time":0.019,"Actual Rows":1,"Actual Loops":1,"Output":["nation.n_nationkey"],"Filter":"((nation.n_name)::text = 'Germany'::text)","Rows Removed by Filter":61,"Shared Hit Blocks":1,"Shared Read Blocks":0,"Shared Dirtied Blocks":0,"Shared Written Blocks":0,"Local Hit Blocks":0,"Local Read Blocks":0,"Local Dirtied Blocks":0,"Local Written Blocks":0,"Temp Read Blocks":0,"Temp Written Blocks":0,"I/O Read Time":0.0,"I/O Write Time":0.0,"Temp I/O Read Time":0.0,"Temp I/O Write Time":0.0}]}]}]}]},"Planning":{"Shared Hit Blocks":15,"Shared Read Blocks":0,"Shared Dirtied Blocks":0,"Shared Written Blocks":0,"Local Hit Blocks":0,"Local Read Blocks":0,"Local Dirtied Blocks":0,"Local Written Blocks":0,"Temp Read Blocks":0,"Temp Written Blocks":0,"I/O Read Time":0.0,"I/O Write Time":0.0,"Temp I/O Read Time":0.0,"Temp I/O Write Time":0.0},"Planning Time":0.381,"Triggers":[],"Execution Time":24019.827}]
[列存组合]: nation
[{"Plan":{"Node Type":"Sort","Parallel Aware":false,"Async Capable":false,"Startup Cost":2320344.22,"Total Cost":2320426.75,"Plan Rows":33011,"Plan Width":12,"Actual Startup Time":24020.698,"Actual Total Time":24020.711,"Actual Rows":0,"Actual Loops":1,"Output":["stock.s_i_id","(sum(stock.s_order_cnt))"],"Sort Key":["(sum(stock.s_order_cnt)) DESC"],"Sort Method":"quicksort","Sort Space Used":25,"Sort Space Type":"Memory","Shared Hit Blocks":1667220,"Shared Read Blocks":0,"Shared Dirtied Blocks":0,"Shared Written Blocks":0,"Local Hit Blocks":0,"Local Read Blocks":0,"Local Dirtied Blocks":0,"Local Written Blocks":0,"Temp Read Blocks":256,"Temp Written Blocks":609,"I/O Read Time":0.0,"I/O Write Time":0.0,"Temp I/O Read Time":0.415,"Temp I/O Write Time":3.051,"Plans":[{"Node Type":"Aggregate","Strategy":"Plain","Partial Mode":"Simple","Parent Relationship":"InitPlan","Subplan Name":"InitPlan 1 (returns $0)","Parallel Aware":false,"Async Capable":false,"Startup Cost":1148261.03,"Total Cost":1148261.05,"Plan Rows":1,"Plan Width":32,"Actual Startup Time":11895.319,"Actual Total Time":11895.323,"Actual Rows":1,"Actual Loops":1,"Output":["((sum(stock_1.s_order_cnt))::numeric * 0.005)"],"Shared Hit Blocks":833610,"Shared Read Blocks":0,"Shared Dirtied Blocks":0,"Shared Written Blocks":0,"Local Hit Blocks":0,"Local Read Blocks":0,"Local Dirtied Blocks":0,"Local Written Blocks":0,"Temp Read Blocks":0,"Temp Written Blocks":0,"I/O Read Time":0.0,"I/O Write Time":0.0,"Temp I/O Read Time":0.0,"Temp I/O Write Time":0.0,"Plans":[{"Node Type":"Hash Join","Parent Relationship":"Outer","Parallel Aware":false,"Async Capable":false,"Join Type":"Inner","Startup Cost":443.79,"Total Cost":1147454.57,"Plan Rows":322584,"Plan Width":2,"Actual Startup Time":2.611,"Actual Total Time":11874.196,"Actual Rows":310950,"Actual Loops":1,"Output":["stock_1.s_order_cnt"],"Inner Unique":true,"Hash Cond":"(supplier_1.su_nationkey = nation_1.n_nationkey)","Shared Hit Blocks":833610,"Shared Read Blocks":0,"Shared Dirtied Blocks":0,"Shared Written Blocks":0,"Local Hit Blocks":0,"Local Read Blocks":0,"Local Dirtied Blocks":0,"Local Written Blocks":0,"Temp Read Blocks":0,"Temp Written Blocks":0,"I/O Read Time":0.0,"I/O Write Time":0.0,"Temp I/O Read Time":0.0,"Temp I/O Write Time":0.0,"Plans":[{"Node Type":"Hash Join","Parent Relationship":"Outer","Parallel Aware":false,"Async Capable":false,"Join Type":"Inner","Startup Cost":442.0,"Total Cost":1091363.48,"Plan Rows":20000212,"Plan Width":6,"Actual Startup Time":2.52,"Actual Total Time":10553.098,"Actual Rows":20000000,"Actual Loops":1,"Output":["stock_1.s_order_cnt","supplier_1.su_nationkey"],"Inner Unique":true,"Hash Cond":"(mod((stock_1.s_w_id * stock_1.s_i_id), 10000) = supplier_1.su_suppkey)","Shared Hit Blocks":833609,"Shared Read Blocks":0,"Shared Dirtied Blocks":0,"Shared Written Blocks":0,"Local Hit Blocks":0,"Local Read Blocks":0,"Local Dirtied Blocks":0,"Local Written Blocks":0,"Temp Read Blocks":0,"Temp Written Blocks":0,"I/O Read Time":0.0,"I/O Write Time":0.0,"Temp I/O Read Time":0.0,"Temp I/O Write Time":0.0,"Plans":[{"Node Type":"Seq Scan","Parent Relationship":"Outer","Parallel Aware":false,"Async Capable":false,"Relation Name":"stock","Schema":"public","Alias":"stock_1","Startup Cost":0.0,"Total Cost":1033394.12,"Plan Rows":20000212,"Plan Width":8,"Actual Startup Time":0.005,"Actual Total Time":1717.437,"Actual Rows":20000000,"Actual Loops":1,"Output":["stock_1.s_i_id","stock_1.s_w_id","stock_1.s_quantity","stock_1.s_dist_01","stock_1.s_dist_02","stock_1.s_dist_03","stock_1.s_dist_04","stock_1.s_dist_05","stock_1.s_dist_06","stock_1.s_dist_07","stock_1.s_dist_08","stock_1.s_dist_09","stock_1.s_dist_10","stock_1.s_ytd","stock_1.s_order_cnt","stock_1.s_remote_cnt","stock_1.s_data"],"Shared Hit Blocks":833392,"Shared Read Blocks":0,"Shared Dirtied Blocks":0,"Shared Written Blocks":0,"Local Hit Blocks":0,"Local Read Blocks":0,"Local Dirtied Blocks":0,"Local Written Blocks":0,"Temp Read Blocks":0,"Temp Written Blocks":0,"I/O Read Time":0.0,"I/O Write Time":0.0,"Temp I/O Read Time":0.0,"Temp I/O Write Time":0.0},{"Node Type":"Hash","Parent Relationship":"Inner","Parallel Aware":false,"Async Capable":false,"Startup Cost":317.0,"Total Cost":317.0,"Plan Rows":10000,"Plan Width":8,"Actual Startup Time":2.465,"Actual Total Time":2.466,"Actual Rows":10000,"Actual Loops":1,"Output":["supplier_1.su_suppkey","supplier_1.su_nationkey"],"Hash Buckets":16384,"Original Hash Buckets":16384,"Hash Batches":1,"Original Hash Batches":1,"Peak Memory Usage":519,"Shared Hit Blocks":217,"Shared Read Blocks":0,"Shared Dirtied Blocks":0,"Shared Written Blocks":0,"Local Hit Blocks":0,"Local Read Blocks":0,"Local Dirtied Blocks":0,"Local Written Blocks":0,"Temp Read Blocks":0,"Temp Written Blocks":0,"I/O Read Time":0.0,"I/O Write Time":0.0,"Temp I/O Read Time":0.0,"Temp I/O Write Time":0.0,"Plans":[{"Node Type":"Seq Scan","Parent Relationship":"Outer","Parallel Aware":false,"Async Capable":false,"Relation Name":"supplier","Schema":"public","Alias":"supplier_1","Startup Cost":0.0,"Total Cost":317.0,"Plan Rows":10000,"Plan Width":8,"Actual Startup Time":0.007,"Actual Total Time":1.255,"Actual Rows":10000,"Actual Loops":1,"Output":["supplier_1.su_suppkey","supplier_1.su_nationkey"],"Shared Hit Blocks":217,"Shared Read Blocks":0,"Shared Dirtied Blocks":0,"Shared Written Blocks":0,"Local Hit Blocks":0,"Local Read Blocks":0,"Local Dirtied Blocks":0,"Local Written Blocks":0,"Temp Read Blocks":0,"Temp Written Blocks":0,"I/O Read Time":0.0,"I/O Write Time":0.0,"Temp I/O Read Time":0.0,"Temp I/O Write Time":0.0}]}]},{"Node Type":"Hash","Parent Relationship":"Inner","Parallel Aware":false,"Async Capable":false,"Startup Cost":1.77,"Total Cost":1.77,"Plan Rows":1,"Plan Width":4,"Actual Startup Time":0.028,"Actual Total Time":0.029,"Actual Rows":1,"Actual Loops":1,"Output":["nation_1.n_nationkey"],"Hash Buckets":1024,"Original Hash Buckets":1024,"Hash Batches":1,"Original Hash Batches":1,"Peak Memory Usage":9,"Shared Hit Blocks":1,"Shared Read Blocks":0,"Shared Dirtied Blocks":0,"Shared Written Blocks":0,"Local Hit Blocks":0,"Local Read Blocks":0,"Local Dirtied Blocks":0,"Local Written Blocks":0,"Temp Read Blocks":0,"Temp Written Blocks":0,"I/O Read Time":0.0,"I/O Write Time":0.0,"Temp I/O Read Time":0.0,"Temp I/O Write Time":0.0,"Plans":[{"Node Type":"Seq Scan","Parent Relationship":"Outer","Parallel Aware":false,"Async Capable":false,"Relation Name":"nation","Schema":"public","Alias":"nation_1","Startup Cost":0.0,"Total Cost":1.77,"Plan Rows":1,"Plan Width":4,"Actual Startup Time":0.018,"Actual Total Time":0.022,"Actual Rows":1,"Actual Loops":1,"Output":["nation_1.n_nationkey"],"Filter":"((nation_1.n_name)::text = 'Germany'::text)","Rows Removed by Filter":61,"Shared Hit Blocks":1,"Shared Read Blocks":0,"Shared Dirtied Blocks":0,"Shared Written Blocks":0,"Local Hit Blocks":0,"Local Read Blocks":0,"Local Dirtied Blocks":0,"Local Written Blocks":0,"Temp Read Blocks":0,"Temp Written Blocks":0,"I/O Read Time":0.0,"I/O Write Time":0.0,"Temp I/O Read Time":0.0,"Temp I/O Write Time":0.0}]}]}]},{"Node Type":"Aggregate","Strategy":"Hashed","Partial Mode":"Simple","Parent Relationship":"Outer","Parallel Aware":false,"Async Capable":false,"Startup Cost":1165599.92,"Total Cost":1169605.59,"Plan Rows":33011,"Plan Width":12,"Actual Startup Time":24020.688,"Actual Total Time":24020.697,"Actual Rows":0,"Actual Loops":1,"Output":["stock.s_i_id","sum(stock.s_order_cnt)"],"Group Key":["stock.s_i_id"],"Filter":"((sum(stock.s_order_cnt))::numeric > $0)","Planned Partitions":0,"HashAgg Batches":5,"Peak Memory Usage":8241,"Disk Usage":3376,"Rows Removed by Filter":95130,"Shared Hit Blocks":1667220,"Shared Read Blocks":0,"Shared Dirtied Blocks":0,"Shared Written Blocks":0,"Local Hit Blocks":0,"Local Read Blocks":0,"Local Dirtied Blocks":0,"Local Written Blocks":0,"Temp Read Blocks":256,"Temp Written Blocks":609,"I/O Read Time":0.0,"I/O Write Time":0.0,"Temp I/O Read Time":0.415,"Temp I/O Write Time":3.051,"Plans":[{"Node Type":"Hash Join","Parent Relationship":"Outer","Parallel Aware":false,"Async Capable":false,"Join Type":"Inner","Startup Cost":443.79,"Total Cost":1147454.57,"Plan Rows":322584,"Plan Width":6,"Actual Startup Time":2.52,"Actual Total Time":11977.856,"Actual Rows":310950,"Actual Loops":1,"Output":["stock.s_i_id","stock.s_order_cnt"],"Inner Unique":true,"Hash Cond":"(supplier.su_nationkey = nation.n_nationkey)","Shared Hit Blocks":833610,"Shared Read Blocks":0,"Shared Dirtied Blocks":0,"Shared Written Blocks":0,"Local Hit Blocks":0,"Local Read Blocks":0,"Local Dirtied Blocks":0,"Local Written Blocks":0,"Temp Read Blocks":0,"Temp Written Blocks":0,"I/O Read Time":0.0,"I/O Write Time":0.0,"Temp I/O Read Time":0.0,"Temp I/O Write Time":0.0,"Plans":[{"Node Type":"Hash Join","Parent Relationship":"Outer","Parallel Aware":false,"Async Capable":false,"Join Type":"Inner","Startup Cost":442.0,"Total Cost":1091363.48,"Plan Rows":20000212,"Plan Width":10,"Actual Startup Time":2.468,"Actual Total Time":10647.706,"Actual Rows":20000000,"Actual Loops":1,"Output":["stock.s_i_id","stock.s_order_cnt","supplier.su_nationkey"],"Inner Unique":true,"Hash Cond":"(mod((stock.s_w_id * stock.s_i_id), 10000) = supplier.su_suppkey)","Shared Hit Blocks":833609,"Shared Read Blocks":0,"Shared Dirtied Blocks":0,"Shared Written Blocks":0,"Local Hit Blocks":0,"Local Read Blocks":0,"Local Dirtied Blocks":0,"Local Written Blocks":0,"Temp Read Blocks":0,"Temp Written Blocks":0,"I/O Read Time":0.0,"I/O Write Time":0.0,"Temp I/O Read Time":0.0,"Temp I/O Write Time":0.0,"Plans":[{"Node Type":"Seq Scan","Parent Relationship":"Outer","Parallel Aware":false,"Async Capable":false,"Relation Name":"stock","Schema":"public","Alias":"stock","Startup Cost":0.0,"Total Cost":1033394.12,"Plan Rows":20000212,"Plan Width":8,"Actual Startup Time":0.006,"Actual Total Time":1758.153,"Actual Rows":20000000,"Actual Loops":1,"Output":["stock.s_i_id","stock.s_w_id","stock.s_quantity","stock.s_dist_01","stock.s_dist_02","stock.s_dist_03","stock.s_dist_04","stock.s_dist_05","stock.s_dist_06","stock.s_dist_07","stock.s_dist_08","stock.s_dist_09","stock.s_dist_10","stock.s_ytd","stock.s_order_cnt","stock.s_remote_cnt","stock.s_data"],"Shared Hit Blocks":833392,"Shared Read Blocks":0,"Shared Dirtied Blocks":0,"Shared Written Blocks":0,"Local Hit Blocks":0,"Local Read Blocks":0,"Local Dirtied Blocks":0,"Local Written Blocks":0,"Temp Read Blocks":0,"Temp Written Blocks":0,"I/O Read Time":0.0,"I/O Write Time":0.0,"Temp I/O Read Time":0.0,"Temp I/O Write Time":0.0},{"Node Type":"Hash","Parent Relationship":"Inner","Parallel Aware":false,"Async Capable":false,"Startup Cost":317.0,"Total Cost":317.0,"Plan Rows":10000,"Plan Width":8,"Actual Startup Time":2.445,"Actual Total Time":2.446,"Actual Rows":10000,"Actual Loops":1,"Output":["supplier.su_suppkey","supplier.su_nationkey"],"Hash Buckets":16384,"Original Hash Buckets":16384,"Hash Batches":1,"Original Hash Batches":1,"Peak Memory Usage":519,"Shared Hit Blocks":217,"Shared Read Blocks":0,"Shared Dirtied Blocks":0,"Shared Written Blocks":0,"Local Hit Blocks":0,"Local Read Blocks":0,"Local Dirtied Blocks":0,"Local Written Blocks":0,"Temp Read Blocks":0,"Temp Written Blocks":0,"I/O Read Time":0.0,"I/O Write Time":0.0,"Temp I/O Read Time":0.0,"Temp I/O Write Time":0.0,"Plans":[{"Node Type":"Seq Scan","Parent Relationship":"Outer","Parallel Aware":false,"Async Capable":false,"Relation Name":"supplier","Schema":"public","Alias":"supplier","Startup Cost":0.0,"Total Cost":317.0,"Plan Rows":10000,"Plan Width":8,"Actual Startup Time":0.004,"Actual Total Time":1.326,"Actual Rows":10000,"Actual Loops":1,"Output":["supplier.su_suppkey","supplier.su_nationkey"],"Shared Hit Blocks":217,"Shared Read Blocks":0,"Shared Dirtied Blocks":0,"Shared Written Blocks":0,"Local Hit Blocks":0,"Local Read Blocks":0,"Local Dirtied Blocks":0,"Local Written Blocks":0,"Temp Read Blocks":0,"Temp Written Blocks":0,"I/O Read Time":0.0,"I/O Write Time":0.0,"Temp I/O Read Time":0.0,"Temp I/O Write Time":0.0}]}]},{"Node Type":"Hash","Parent Relationship":"Inner","Parallel Aware":false,"Async Capable":false,"Startup Cost":1.77,"Total Cost":1.77,"Plan Rows":1,"Plan Width":4,"Actual Startup Time":0.017,"Actual Total Time":0.019,"Actual Rows":1,"Actual Loops":1,"Output":["nation.n_nationkey"],"Hash Buckets":1024,"Original Hash Buckets":1024,"Hash Batches":1,"Original Hash Batches":1,"Peak Memory Usage":9,"Shared Hit Blocks":1,"Shared Read Blocks":0,"Shared Dirtied Blocks":0,"Shared Written Blocks":0,"Local Hit Blocks":0,"Local Read Blocks":0,"Local Dirtied Blocks":0,"Local Written Blocks":0,"Temp Read Blocks":0,"Temp Written Blocks":0,"I/O Read Time":0.0,"I/O Write Time":0.0,"Temp I/O Read Time":0.0,"Temp I/O Write Time":0.0,"Plans":[{"Node Type":"Seq Scan","Parent Relationship":"Outer","Parallel Aware":false,"Async Capable":false,"Relation Name":"nation","Schema":"public","Alias":"nation","Startup Cost":0.0,"Total Cost":1.77,"Plan Rows":1,"Plan Width":4,"Actual Startup Time":0.011,"Actual Total Time":0.015,"Actual Rows":1,"Actual Loops":1,"Output":["nation.n_nationkey"],"Filter":"((nation.n_name)::text = 'Germany'::text)","Rows Removed by Filter":61,"Shared Hit Blocks":1,"Shared Read Blocks":0,"Shared Dirtied Blocks":0,"Shared Written Blocks":0,"Local Hit Blocks":0,"Local Read Blocks":0,"Local Dirtied Blocks":0,"Local Written Blocks":0,"Temp Read Blocks":0,"Temp Written Blocks":0,"I/O Read Time":0.0,"I/O Write Time":0.0,"Temp I/O Read Time":0.0,"Temp I/O Write Time":0.0}]}]}]}]},"Planning":{"Shared Hit Blocks":8,"Shared Read Blocks":0,"Shared Dirtied Blocks":0,"Shared Written Blocks":0,"Local Hit Blocks":0,"Local Read Blocks":0,"Local Dirtied Blocks":0,"Local Written Blocks":0,"Temp Read Blocks":0,"Temp Written Blocks":0,"I/O Read Time":0.0,"I/O Write Time":0.0,"Temp I/O Read Time":0.0,"Temp I/O Write Time":0.0},"Planning Time":0.416,"Triggers":[],"Execution Time":24022.523}]
[列存组合]: stock
[{"Plan":{"Node Type":"Sort","Parallel Aware":false,"Async Capable":false,"Startup Cost":1113608.42,"Total Cost":1113690.95,"Plan Rows":33011,"Plan Width":12,"Actual Startup Time":19127.919,"Actual Total Time":19127.934,"Actual Rows":0,"Actual Loops":1,"Output":["stock.s_i_id","(sum(stock.s_order_cnt))"],"Sort Key":["(sum(stock.s_order_cnt)) DESC"],"Sort Method":"quicksort","Sort Space Used":25,"Sort Space Type":"Memory","Shared Hit Blocks":436,"Shared Read Blocks":0,"Shared Dirtied Blocks":0,"Shared Written Blocks":0,"Local Hit Blocks":0,"Local Read Blocks":0,"Local Dirtied Blocks":0,"Local Written Blocks":0,"Temp Read Blocks":256,"Temp Written Blocks":609,"I/O Read Time":0.0,"I/O Write Time":0.0,"Temp I/O Read Time":0.403,"Temp I/O Write Time":2.704,"Plans":[{"Node Type":"Aggregate","Strategy":"Plain","Partial Mode":"Simple","Parent Relationship":"InitPlan","Subplan Name":"InitPlan 1 (returns $0)","Parallel Aware":false,"Async Capable":false,"Startup Cost":544893.13,"Total Cost":544893.15,"Plan Rows":1,"Plan Width":32,"Actual Startup Time":9408.633,"Actual Total Time":9408.638,"Actual Rows":1,"Actual Loops":1,"Output":["((sum(stock_1.s_order_cnt))::numeric * 0.005)"],"Shared Hit Blocks":218,"Shared Read Blocks":0,"Shared Dirtied Blocks":0,"Shared Written Blocks":0,"Local Hit Blocks":0,"Local Read Blocks":0,"Local Dirtied Blocks":0,"Local Written Blocks":0,"Temp Read Blocks":0,"Temp Written Blocks":0,"I/O Read Time":0.0,"I/O Write Time":0.0,"Temp I/O Read Time":0.0,"Temp I/O Write Time":0.0,"Plans":[{"Node Type":"Hash Join","Parent Relationship":"Outer","Parallel Aware":false,"Async Capable":false,"Join Type":"Inner","Startup Cost":463.79,"Total Cost":544086.67,"Plan Rows":322584,"Plan Width":2,"Actual Startup Time":2.618,"Actual Total Time":9387.297,"Actual Rows":310950,"Actual Loops":1,"Output":["stock_1.s_order_cnt"],"Inner Unique":true,"Hash Cond":"(supplier_1.su_nationkey = nation_1.n_nationkey)","Shared Hit Blocks":218,"Shared Read Blocks":0,"Shared Dirtied Blocks":0,"Shared Written Blocks":0,"Local Hit Blocks":0,"Local Read Blocks":0,"Local Dirtied Blocks":0,"Local Written Blocks":0,"Temp Read Blocks":0,"Temp Written Blocks":0,"I/O Read Time":0.0,"I/O Write Time":0.0,"Temp I/O Read Time":0.0,"Temp I/O Write Time":0.0,"Plans":[{"Node Type":"Hash Join","Parent Relationship":"Outer","Parallel Aware":false,"Async Capable":false,"Join Type":"Inner","Startup Cost":462.0,"Total Cost":487995.58,"Plan Rows":20000212,"Plan Width":6,"Actual Startup Time":2.529,"Actual Total Time":8099.259,"Actual Rows":20000000,"Actual Loops":1,"Output":["stock_1.s_order_cnt","supplier_1.su_nationkey"],"Inner Unique":true,"Hash Cond":"(mod((stock_1.s_w_id * stock_1.s_i_id), 10000) = supplier_1.su_suppkey)","Shared Hit Blocks":217,"Shared Read Blocks":0,"Shared Dirtied Blocks":0,"Shared Written Blocks":0,"Local Hit Blocks":0,"Local Read Blocks":0,"Local Dirtied Blocks":0,"Local Written Blocks":0,"Temp Read Blocks":0,"Temp Written Blocks":0,"I/O Read Time":0.0,"I/O Write Time":0.0,"Temp I/O Read Time":0.0,"Temp I/O Write Time":0.0,"Plans":[{"Node Type":"Append","Parent Relationship":"Outer","Parallel Aware":false,"Async Capable":false,"Startup Cost":20.0,"Total Cost":430026.22,"Plan Rows":20000212,"Plan Width":8,"Actual Startup Time":0.013,"Actual Total Time":4132.305,"Actual Rows":20000000,"Actual Loops":1,"Shared Hit Blocks":0,"Shared Read Blocks":0,"Shared Dirtied Blocks":0,"Shared Written Blocks":0,"Local Hit Blocks":0,"Local Read Blocks":0,"Local Dirtied Blocks":0,"Local Written Blocks":0,"Temp Read Blocks":0,"Temp Written Blocks":0,"I/O Read Time":0.0,"I/O Write Time":0.0,"Temp I/O Read Time":0.0,"Temp I/O Write Time":0.0,"Subplans Removed":0,"Plans":[{"Node Type":"Custom Scan","Parent Relationship":"Member","Custom Plan Provider":"columnar scan","Parallel Aware":false,"Async Capable":false,"Relation Name":"stock","Schema":"public","Alias":"stock_1","Startup Cost":20.0,"Total Cost":430020.1,"Plan Rows":20000000,"Plan Width":8,"Actual Startup Time":0.011,"Actual Total Time":2752.619,"Actual Rows":20000000,"Actual Loops":1,"Output":["stock_1.s_order_cnt","stock_1.s_w_id","stock_1.s_i_id"],"Rows Removed by Columnar Filter":0,"Columnar cache search mode":"native","Shared Hit Blocks":0,"Shared Read Blocks":0,"Shared Dirtied Blocks":0,"Shared Written Blocks":0,"Local Hit Blocks":0,"Local Read Blocks":0,"Local Dirtied Blocks":0,"Local Written Blocks":0,"Temp Read Blocks":0,"Temp Written Blocks":0,"I/O Read Time":0.0,"I/O Write Time":0.0,"Temp I/O Read Time":0.0,"Temp I/O Write Time":0.0},{"Node Type":"Seq Scan","Parent Relationship":"Member","Parallel Aware":false,"Async Capable":false,"Relation Name":"stock","Schema":"public","Alias":"stock_1","Startup Cost":0.0,"Total Cost":6.12,"Plan Rows":212,"Plan Width":8,"Actual Startup Time":0.0,"Actual Total Time":0.0,"Actual Rows":0,"Actual Loops":0,"Output":["stock_1.s_order_cnt","stock_1.s_w_id","stock_1.s_i_id"],"Shared Hit Blocks":0,"Shared Read Blocks":0,"Shared Dirtied Blocks":0,"Shared Written Blocks":0,"Local Hit Blocks":0,"Local Read Blocks":0,"Local Dirtied Blocks":0,"Local Written Blocks":0,"Temp Read Blocks":0,"Temp Written Blocks":0,"I/O Read Time":0.0,"I/O Write Time":0.0,"Temp I/O Read Time":0.0,"Temp I/O Write Time":0.0}]},{"Node Type":"Hash","Parent Relationship":"Inner","Parallel Aware":false,"Async Capable":false,"Startup Cost":317.0,"Total Cost":317.0,"Plan Rows":10000,"Plan Width":8,"Actual Startup Time":2.465,"Actual Total Time":2.466,"Actual Rows":10000,"Actual Loops":1,"Output":["supplier_1.su_suppkey","supplier_1.su_nationkey"],"Hash Buckets":16384,"Original Hash Buckets":16384,"Hash Batches":1,"Original Hash Batches":1,"Peak Memory Usage":519,"Shared Hit Blocks":217,"Shared Read Blocks":0,"Shared Dirtied Blocks":0,"Shared Written Blocks":0,"Local Hit Blocks":0,"Local Read Blocks":0,"Local Dirtied Blocks":0,"Local Written Blocks":0,"Temp Read Blocks":0,"Temp Written Blocks":0,"I/O Read Time":0.0,"I/O Write Time":0.0,"Temp I/O Read Time":0.0,"Temp I/O Write Time":0.0,"Plans":[{"Node Type":"Seq Scan","Parent Relationship":"Outer","Parallel Aware":false,"Async Capable":false,"Relation Name":"supplier","Schema":"public","Alias":"supplier_1","Startup Cost":0.0,"Total Cost":317.0,"Plan Rows":10000,"Plan Width":8,"Actual Startup Time":0.009,"Actual Total Time":1.267,"Actual Rows":10000,"Actual Loops":1,"Output":["supplier_1.su_suppkey","supplier_1.su_nationkey"],"Shared Hit Blocks":217,"Shared Read Blocks":0,"Shared Dirtied Blocks":0,"Shared Written Blocks":0,"Local Hit Blocks":0,"Local Read Blocks":0,"Local Dirtied Blocks":0,"Local Written Blocks":0,"Temp Read Blocks":0,"Temp Written Blocks":0,"I/O Read Time":0.0,"I/O Write Time":0.0,"Temp I/O Read Time":0.0,"Temp I/O Write Time":0.0}]}]},{"Node Type":"Hash","Parent Relationship":"Inner","Parallel Aware":false,"Async Capable":false,"Startup Cost":1.77,"Total Cost":1.77,"Plan Rows":1,"Plan Width":4,"Actual Startup Time":0.035,"Actual Total Time":0.035,"Actual Rows":1,"Actual Loops":1,"Output":["nation_1.n_nationkey"],"Hash Buckets":1024,"Original Hash Buckets":1024,"Hash Batches":1,"Original Hash Batches":1,"Peak Memory Usage":9,"Shared Hit Blocks":1,"Shared Read Blocks":0,"Shared Dirtied Blocks":0,"Shared Written Blocks":0,"Local Hit Blocks":0,"Local Read Blocks":0,"Local Dirtied Blocks":0,"Local Written Blocks":0,"Temp Read Blocks":0,"Temp Written Blocks":0,"I/O Read Time":0.0,"I/O Write Time":0.0,"Temp I/O Read Time":0.0,"Temp I/O Write Time":0.0,"Plans":[{"Node Type":"Seq Scan","Parent Relationship":"Outer","Parallel Aware":false,"Async Capable":false,"Relation Name":"nation","Schema":"public","Alias":"nation_1","Startup Cost":0.0,"Total Cost":1.77,"Plan Rows":1,"Plan Width":4,"Actual Startup Time":0.026,"Actual Total Time":0.03,"Actual Rows":1,"Actual Loops":1,"Output":["nation_1.n_nationkey"],"Filter":"((nation_1.n_name)::text = 'Germany'::text)","Rows Removed by Filter":61,"Shared Hit Blocks":1,"Shared Read Blocks":0,"Shared Dirtied Blocks":0,"Shared Written Blocks":0,"Local Hit Blocks":0,"Local Read Blocks":0,"Local Dirtied Blocks":0,"Local Written Blocks":0,"Temp Read Blocks":0,"Temp Written Blocks":0,"I/O Read Time":0.0,"I/O Write Time":0.0,"Temp I/O Read Time":0.0,"Temp I/O Write Time":0.0}]}]}]},{"Node Type":"Aggregate","Strategy":"Hashed","Partial Mode":"Simple","Parent Relationship":"Outer","Parallel Aware":false,"Async Capable":false,"Startup Cost":562232.02,"Total Cost":566237.69,"Plan Rows":33011,"Plan Width":12,"Actual Startup Time":19127.909,"Actual Total Time":19127.919,"Actual Rows":0,"Actual Loops":1,"Output":["stock.s_i_id","sum(stock.s_order_cnt)"],"Group Key":["stock.s_i_id"],"Filter":"((sum(stock.s_order_cnt))::numeric > $0)","Planned Partitions":0,"HashAgg Batches":5,"Peak Memory Usage":8241,"Disk Usage":3376,"Rows Removed by Filter":95130,"Shared Hit Blocks":436,"Shared Read Blocks":0,"Shared Dirtied Blocks":0,"Shared Written Blocks":0,"Local Hit Blocks":0,"Local Read Blocks":0,"Local Dirtied Blocks":0,"Local Written Blocks":0,"Temp Read Blocks":256,"Temp Written Blocks":609,"I/O Read Time":0.0,"I/O Write Time":0.0,"Temp I/O Read Time":0.403,"Temp I/O Write Time":2.704,"Plans":[{"Node Type":"Hash Join","Parent Relationship":"Outer","Parallel Aware":false,"Async Capable":false,"Join Type":"Inner","Startup Cost":463.79,"Total Cost":544086.67,"Plan Rows":322584,"Plan Width":6,"Actual Startup Time":2.675,"Actual Total Time":9613.838,"Actual Rows":310950,"Actual Loops":1,"Output":["stock.s_i_id","stock.s_order_cnt"],"Inner Unique":true,"Hash Cond":"(supplier.su_nationkey = nation.n_nationkey)","Shared Hit Blocks":218,"Shared Read Blocks":0,"Shared Dirtied Blocks":0,"Shared Written Blocks":0,"Local Hit Blocks":0,"Local Read Blocks":0,"Local Dirtied Blocks":0,"Local Written Blocks":0,"Temp Read Blocks":0,"Temp Written Blocks":0,"I/O Read Time":0.0,"I/O Write Time":0.0,"Temp I/O Read Time":0.0,"Temp I/O Write Time":0.0,"Plans":[{"Node Type":"Hash Join","Parent Relationship":"Outer","Parallel Aware":false,"Async Capable":false,"Join Type":"Inner","Startup Cost":462.0,"Total Cost":487995.58,"Plan Rows":20000212,"Plan Width":10,"Actual Startup Time":2.61,"Actual Total Time":8332.909,"Actual Rows":20000000,"Actual Loops":1,"Output":["stock.s_i_id","stock.s_order_cnt","supplier.su_nationkey"],"Inner Unique":true,"Hash Cond":"(mod((stock.s_w_id * stock.s_i_id), 10000) = supplier.su_suppkey)","Shared Hit Blocks":217,"Shared Read Blocks":0,"Shared Dirtied Blocks":0,"Shared Written Blocks":0,"Local Hit Blocks":0,"Local Read Blocks":0,"Local Dirtied Blocks":0,"Local Written Blocks":0,"Temp Read Blocks":0,"Temp Written Blocks":0,"I/O Read Time":0.0,"I/O Write Time":0.0,"Temp I/O Read Time":0.0,"Temp I/O Write Time":0.0,"Plans":[{"Node Type":"Append","Parent Relationship":"Outer","Parallel Aware":false,"Async Capable":false,"Startup Cost":20.0,"Total Cost":430026.22,"Plan Rows":20000212,"Plan Width":8,"Actual Startup Time":0.027,"Actual Total Time":4273.179,"Actual Rows":20000000,"Actual Loops":1,"Shared Hit Blocks":0,"Shared Read Blocks":0,"Shared Dirtied Blocks":0,"Shared Written Blocks":0,"Local Hit Blocks":0,"Local Read Blocks":0,"Local Dirtied Blocks":0,"Local Written Blocks":0,"Temp Read Blocks":0,"Temp Written Blocks":0,"I/O Read Time":0.0,"I/O Write Time":0.0,"Temp I/O Read Time":0.0,"Temp I/O Write Time":0.0,"Subplans Removed":0,"Plans":[{"Node Type":"Custom Scan","Parent Relationship":"Member","Custom Plan Provider":"columnar scan","Parallel Aware":false,"Async Capable":false,"Relation Name":"stock","Schema":"public","Alias":"stock","Startup Cost":20.0,"Total Cost":430020.1,"Plan Rows":20000000,"Plan Width":8,"Actual Startup Time":0.026,"Actual Total Time":2777.899,"Actual Rows":20000000,"Actual Loops":1,"Output":["stock.s_i_id","stock.s_order_cnt","stock.s_w_id"],"Rows Removed by Columnar Filter":0,"Columnar cache search mode":"native","Shared Hit Blocks":0,"Shared Read Blocks":0,"Shared Dirtied Blocks":0,"Shared Written Blocks":0,"Local Hit Blocks":0,"Local Read Blocks":0,"Local Dirtied Blocks":0,"Local Written Blocks":0,"Temp Read Blocks":0,"Temp Written Blocks":0,"I/O Read Time":0.0,"I/O Write Time":0.0,"Temp I/O Read Time":0.0,"Temp I/O Write Time":0.0},{"Node Type":"Seq Scan","Parent Relationship":"Member","Parallel Aware":false,"Async Capable":false,"Relation Name":"stock","Schema":"public","Alias":"stock","Startup Cost":0.0,"Total Cost":6.12,"Plan Rows":212,"Plan Width":8,"Actual Startup Time":0.0,"Actual Total Time":0.0,"Actual Rows":0,"Actual Loops":0,"Output":["stock.s_i_id","stock.s_order_cnt","stock.s_w_id"],"Shared Hit Blocks":0,"Shared Read Blocks":0,"Shared Dirtied Blocks":0,"Shared Written Blocks":0,"Local Hit Blocks":0,"Local Read Blocks":0,"Local Dirtied Blocks":0,"Local Written Blocks":0,"Temp Read Blocks":0,"Temp Written Blocks":0,"I/O Read Time":0.0,"I/O Write Time":0.0,"Temp I/O Read Time":0.0,"Temp I/O Write Time":0.0}]},{"Node Type":"Hash","Parent Relationship":"Inner","Parallel Aware":false,"Async Capable":false,"Startup Cost":317.0,"Total Cost":317.0,"Plan Rows":10000,"Plan Width":8,"Actual Startup Time":2.536,"Actual Total Time":2.537,"Actual Rows":10000,"Actual Loops":1,"Output":["supplier.su_suppkey","supplier.su_nationkey"],"Hash Buckets":16384,"Original Hash Buckets":16384,"Hash Batches":1,"Original Hash Batches":1,"Peak Memory Usage":519,"Shared Hit Blocks":217,"Shared Read Blocks":0,"Shared Dirtied Blocks":0,"Shared Written Blocks":0,"Local Hit Blocks":0,"Local Read Blocks":0,"Local Dirtied Blocks":0,"Local Written Blocks":0,"Temp Read Blocks":0,"Temp Written Blocks":0,"I/O Read Time":0.0,"I/O Write Time":0.0,"Temp I/O Read Time":0.0,"Temp I/O Write Time":0.0,"Plans":[{"Node Type":"Seq Scan","Parent Relationship":"Outer","Parallel Aware":false,"Async Capable":false,"Relation Name":"supplier","Schema":"public","Alias":"supplier","Startup Cost":0.0,"Total Cost":317.0,"Plan Rows":10000,"Plan Width":8,"Actual Startup Time":0.005,"Actual Total Time":1.332,"Actual Rows":10000,"Actual Loops":1,"Output":["supplier.su_suppkey","supplier.su_nationkey"],"Shared Hit Blocks":217,"Shared Read Blocks":0,"Shared Dirtied Blocks":0,"Shared Written Blocks":0,"Local Hit Blocks":0,"Local Read Blocks":0,"Local Dirtied Blocks":0,"Local Written Blocks":0,"Temp Read Blocks":0,"Temp Written Blocks":0,"I/O Read Time":0.0,"I/O Write Time":0.0,"Temp I/O Read Time":0.0,"Temp I/O Write Time":0.0}]}]},{"Node Type":"Hash","Parent Relationship":"Inner","Parallel Aware":false,"Async Capable":false,"Startup Cost":1.77,"Total Cost":1.77,"Plan Rows":1,"Plan Width":4,"Actual Startup Time":0.024,"Actual Total Time":0.026,"Actual Rows":1,"Actual Loops":1,"Output":["nation.n_nationkey"],"Hash Buckets":1024,"Original Hash Buckets":1024,"Hash Batches":1,"Original Hash Batches":1,"Peak Memory Usage":9,"Shared Hit Blocks":1,"Shared Read Blocks":0,"Shared Dirtied Blocks":0,"Shared Written Blocks":0,"Local Hit Blocks":0,"Local Read Blocks":0,"Local Dirtied Blocks":0,"Local Written Blocks":0,"Temp Read Blocks":0,"Temp Written Blocks":0,"I/O Read Time":0.0,"I/O Write Time":0.0,"Temp I/O Read Time":0.0,"Temp I/O Write Time":0.0,"Plans":[{"Node Type":"Seq Scan","Parent Relationship":"Outer","Parallel Aware":false,"Async Capable":false,"Relation Name":"nation","Schema":"public","Alias":"nation","Startup Cost":0.0,"Total Cost":1.77,"Plan Rows":1,"Plan Width":4,"Actual Startup Time":0.015,"Actual Total Time":0.019,"Actual Rows":1,"Actual Loops":1,"Output":["nation.n_nationkey"],"Filter":"((nation.n_name)::text = 'Germany'::text)","Rows Removed by Filter":61,"Shared Hit Blocks":1,"Shared Read Blocks":0,"Shared Dirtied Blocks":0,"Shared Written Blocks":0,"Local Hit Blocks":0,"Local Read Blocks":0,"Local Dirtied Blocks":0,"Local Written Blocks":0,"Temp Read Blocks":0,"Temp Written Blocks":0,"I/O Read Time":0.0,"I/O Write Time":0.0,"Temp I/O Read Time":0.0,"Temp I/O Write Time":0.0}]}]}]}]},"Planning":{"Shared Hit Blocks":8,"Shared Read Blocks":0,"Shared Dirtied Blocks":0,"Shared Written Blocks":0,"Local Hit Blocks":0,"Local Read Blocks":0,"Local Dirtied Blocks":0,"Local Written Blocks":0,"Temp Read Blocks":0,"Temp Written Blocks":0,"I/O Read Time":0.0,"I/O Write Time":0.0,"Temp I/O Read Time":0.0,"Temp I/O Write Time":0.0},"Planning Time":1.837,"Triggers":[],"Execution Time":19129.833}]
[列存组合]: supplier
[{"Plan":{"Node Type":"Sort","Parallel Aware":false,"Async Capable":false,"Startup Cost":2320148.26,"Total Cost":2320230.79,"Plan Rows":33011,"Plan Width":12,"Actual Startup Time":23647.684,"Actual Total Time":23647.702,"Actual Rows":0,"Actual Loops":1,"Output":["stock.s_i_id","(sum(stock.s_order_cnt))"],"Sort Key":["(sum(stock.s_order_cnt)) DESC"],"Sort Method":"quicksort","Sort Space Used":25,"Sort Space Type":"Memory","Shared Hit Blocks":1666786,"Shared Read Blocks":0,"Shared Dirtied Blocks":0,"Shared Written Blocks":0,"Local Hit Blocks":0,"Local Read Blocks":0,"Local Dirtied Blocks":0,"Local Written Blocks":0,"Temp Read Blocks":256,"Temp Written Blocks":609,"I/O Read Time":0.0,"I/O Write Time":0.0,"Temp I/O Read Time":0.423,"Temp I/O Write Time":3.124,"Plans":[{"Node Type":"Aggregate","Strategy":"Plain","Partial Mode":"Simple","Parent Relationship":"InitPlan","Subplan Name":"InitPlan 1 (returns $0)","Parallel Aware":false,"Async Capable":false,"Startup Cost":1148163.05,"Total Cost":1148163.07,"Plan Rows":1,"Plan Width":32,"Actual Startup Time":11687.373,"Actual Total Time":11687.379,"Actual Rows":1,"Actual Loops":1,"Output":["((sum(stock_1.s_order_cnt))::numeric * 0.005)"],"Shared Hit Blocks":833393,"Shared Read Blocks":0,"Shared Dirtied Blocks":0,"Shared Written Blocks":0,"Local Hit Blocks":0,"Local Read Blocks":0,"Local Dirtied Blocks":0,"Local Written Blocks":0,"Temp Read Blocks":0,"Temp Written Blocks":0,"I/O Read Time":0.0,"I/O Write Time":0.0,"Temp I/O Read Time":0.0,"Temp I/O Write Time":0.0,"Plans":[{"Node Type":"Hash Join","Parent Relationship":"Outer","Parallel Aware":false,"Async Capable":false,"Join Type":"Inner","Startup Cost":345.81,"Total Cost":1147356.59,"Plan Rows":322584,"Plan Width":2,"Actual Startup Time":3.152,"Actual Total Time":11664.78,"Actual Rows":310950,"Actual Loops":1,"Output":["stock_1.s_order_cnt"],"Inner Unique":true,"Hash Cond":"(supplier_1.su_nationkey = nation_1.n_nationkey)","Shared Hit Blocks":833393,"Shared Read Blocks":0,"Shared Dirtied Blocks":0,"Shared Written Blocks":0,"Local Hit Blocks":0,"Local Read Blocks":0,"Local Dirtied Blocks":0,"Local Written Blocks":0,"Temp Read Blocks":0,"Temp Written Blocks":0,"I/O Read Time":0.0,"I/O Write Time":0.0,"Temp I/O Read Time":0.0,"Temp I/O Write Time":0.0,"Plans":[{"Node Type":"Hash Join","Parent Relationship":"Outer","Parallel Aware":false,"Async Capable":false,"Join Type":"Inner","Startup Cost":344.02,"Total Cost":1091265.5,"Plan Rows":20000212,"Plan Width":6,"Actual Startup Time":3.067,"Actual Total Time":10368.92,"Actual Rows":20000000,"Actual Loops":1,"Output":["stock_1.s_order_cnt","supplier_1.su_nationkey"],"Inner Unique":true,"Hash Cond":"(mod((stock_1.s_w_id * stock_1.s_i_id), 10000) = supplier_1.su_suppkey)","Shared Hit Blocks":833392,"Shared Read Blocks":0,"Shared Dirtied Blocks":0,"Shared Written Blocks":0,"Local Hit Blocks":0,"Local Read Blocks":0,"Local Dirtied Blocks":0,"Local Written Blocks":0,"Temp Read Blocks":0,"Temp Written Blocks":0,"I/O Read Time":0.0,"I/O Write Time":0.0,"Temp I/O Read Time":0.0,"Temp I/O Write Time":0.0,"Plans":[{"Node Type":"Seq Scan","Parent Relationship":"Outer","Parallel Aware":false,"Async Capable":false,"Relation Name":"stock","Schema":"public","Alias":"stock_1","Startup Cost":0.0,"Total Cost":1033394.12,"Plan Rows":20000212,"Plan Width":8,"Actual Startup Time":0.005,"Actual Total Time":1716.677,"Actual Rows":20000000,"Actual Loops":1,"Output":["stock_1.s_i_id","stock_1.s_w_id","stock_1.s_quantity","stock_1.s_dist_01","stock_1.s_dist_02","stock_1.s_dist_03","stock_1.s_dist_04","stock_1.s_dist_05","stock_1.s_dist_06","stock_1.s_dist_07","stock_1.s_dist_08","stock_1.s_dist_09","stock_1.s_dist_10","stock_1.s_ytd","stock_1.s_order_cnt","stock_1.s_remote_cnt","stock_1.s_data"],"Shared Hit Blocks":833392,"Shared Read Blocks":0,"Shared Dirtied Blocks":0,"Shared Written Blocks":0,"Local Hit Blocks":0,"Local Read Blocks":0,"Local Dirtied Blocks":0,"Local Written Blocks":0,"Temp Read Blocks":0,"Temp Written Blocks":0,"I/O Read Time":0.0,"I/O Write Time":0.0,"Temp I/O Read Time":0.0,"Temp I/O Write Time":0.0},{"Node Type":"Hash","Parent Relationship":"Inner","Parallel Aware":false,"Async Capable":false,"Startup Cost":219.01,"Total Cost":219.01,"Plan Rows":10001,"Plan Width":8,"Actual Startup Time":3.016,"Actual Total Time":3.019,"Actual Rows":10000,"Actual Loops":1,"Output":["supplier_1.su_suppkey","supplier_1.su_nationkey"],"Hash Buckets":16384,"Original Hash Buckets":16384,"Hash Batches":1,"Original Hash Batches":1,"Peak Memory Usage":519,"Shared Hit Blocks":0,"Shared Read Blocks":0,"Shared Dirtied Blocks":0,"Shared Written Blocks":0,"Local Hit Blocks":0,"Local Read Blocks":0,"Local Dirtied Blocks":0,"Local Written Blocks":0,"Temp Read Blocks":0,"Temp Written Blocks":0,"I/O Read Time":0.0,"I/O Write Time":0.0,"Temp I/O Read Time":0.0,"Temp I/O Write Time":0.0,"Plans":[{"Node Type":"Append","Parent Relationship":"Outer","Parallel Aware":false,"Async Capable":false,"Startup Cost":20.0,"Total Cost":219.01,"Plan Rows":10001,"Plan Width":8,"Actual Startup Time":0.033,"Actual Total Time":1.808,"Actual Rows":10000,"Actual Loops":1,"Shared Hit Blocks":0,"Shared Read Blocks":0,"Shared Dirtied Blocks":0,"Shared Written Blocks":0,"Local Hit Blocks":0,"Local Read Blocks":0,"Local Dirtied Blocks":0,"Local Written Blocks":0,"Temp Read Blocks":0,"Temp Written Blocks":0,"I/O Read Time":0.0,"I/O Write Time":0.0,"Temp I/O Read Time":0.0,"Temp I/O Write Time":0.0,"Subplans Removed":0,"Plans":[{"Node Type":"Custom Scan","Parent Relationship":"Member","Custom Plan Provider":"columnar scan","Parallel Aware":false,"Async Capable":false,"Relation Name":"supplier","Schema":"public","Alias":"supplier_1","Startup Cost":20.0,"Total Cost":215.0,"Plan Rows":10000,"Plan Width":8,"Actual Startup Time":0.031,"Actual Total Time":1.109,"Actual Rows":10000,"Actual Loops":1,"Output":["supplier_1.su_suppkey","supplier_1.su_nationkey"],"Rows Removed by Columnar Filter":0,"Columnar cache search mode":"native","Shared Hit Blocks":0,"Shared Read Blocks":0,"Shared Dirtied Blocks":0,"Shared Written Blocks":0,"Local Hit Blocks":0,"Local Read Blocks":0,"Local Dirtied Blocks":0,"Local Written Blocks":0,"Temp Read Blocks":0,"Temp Written Blocks":0,"I/O Read Time":0.0,"I/O Write Time":0.0,"Temp I/O Read Time":0.0,"Temp I/O Write Time":0.0},{"Node Type":"Seq Scan","Parent Relationship":"Member","Parallel Aware":false,"Async Capable":false,"Relation Name":"supplier","Schema":"public","Alias":"supplier_1","Startup Cost":0.0,"Total Cost":4.01,"Plan Rows":1,"Plan Width":8,"Actual Startup Time":0.0,"Actual Total Time":0.0,"Actual Rows":0,"Actual Loops":0,"Output":["supplier_1.su_suppkey","supplier_1.su_nationkey"],"Shared Hit Blocks":0,"Shared Read Blocks":0,"Shared Dirtied Blocks":0,"Shared Written Blocks":0,"Local Hit Blocks":0,"Local Read Blocks":0,"Local Dirtied Blocks":0,"Local Written Blocks":0,"Temp Read Blocks":0,"Temp Written Blocks":0,"I/O Read Time":0.0,"I/O Write Time":0.0,"Temp I/O Read Time":0.0,"Temp I/O Write Time":0.0}]}]}]},{"Node Type":"Hash","Parent Relationship":"Inner","Parallel Aware":false,"Async Capable":false,"Startup Cost":1.77,"Total Cost":1.77,"Plan Rows":1,"Plan Width":4,"Actual Startup Time":0.028,"Actual Total Time":0.029,"Actual Rows":1,"Actual Loops":1,"Output":["nation_1.n_nationkey"],"Hash Buckets":1024,"Original Hash Buckets":1024,"Hash Batches":1,"Original Hash Batches":1,"Peak Memory Usage":9,"Shared Hit Blocks":1,"Shared Read Blocks":0,"Shared Dirtied Blocks":0,"Shared Written Blocks":0,"Local Hit Blocks":0,"Local Read Blocks":0,"Local Dirtied Blocks":0,"Local Written Blocks":0,"Temp Read Blocks":0,"Temp Written Blocks":0,"I/O Read Time":0.0,"I/O Write Time":0.0,"Temp I/O Read Time":0.0,"Temp I/O Write Time":0.0,"Plans":[{"Node Type":"Seq Scan","Parent Relationship":"Outer","Parallel Aware":false,"Async Capable":false,"Relation Name":"nation","Schema":"public","Alias":"nation_1","Startup Cost":0.0,"Total Cost":1.77,"Plan Rows":1,"Plan Width":4,"Actual Startup Time":0.019,"Actual Total Time":0.022,"Actual Rows":1,"Actual Loops":1,"Output":["nation_1.n_nationkey"],"Filter":"((nation_1.n_name)::text = 'Germany'::text)","Rows Removed by Filter":61,"Shared Hit Blocks":1,"Shared Read Blocks":0,"Shared Dirtied Blocks":0,"Shared Written Blocks":0,"Local Hit Blocks":0,"Local Read Blocks":0,"Local Dirtied Blocks":0,"Local Written Blocks":0,"Temp Read Blocks":0,"Temp Written Blocks":0,"I/O Read Time":0.0,"I/O Write Time":0.0,"Temp I/O Read Time":0.0,"Temp I/O Write Time":0.0}]}]}]},{"Node Type":"Aggregate","Strategy":"Hashed","Partial Mode":"Simple","Parent Relationship":"Outer","Parallel Aware":false,"Async Capable":false,"Startup Cost":1165501.94,"Total Cost":1169507.61,"Plan Rows":33011,"Plan Width":12,"Actual Startup Time":23647.676,"Actual Total Time":23647.686,"Actual Rows":0,"Actual Loops":1,"Output":["stock.s_i_id","sum(stock.s_order_cnt)"],"Group Key":["stock.s_i_id"],"Filter":"((sum(stock.s_order_cnt))::numeric > $0)","Planned Partitions":0,"HashAgg Batches":5,"Peak Memory Usage":8241,"Disk Usage":3376,"Rows Removed by Filter":95130,"Shared Hit Blocks":1666786,"Shared Read Blocks":0,"Shared Dirtied Blocks":0,"Shared Written Blocks":0,"Local Hit Blocks":0,"Local Read Blocks":0,"Local Dirtied Blocks":0,"Local Written Blocks":0,"Temp Read Blocks":256,"Temp Written Blocks":609,"I/O Read Time":0.0,"I/O Write Time":0.0,"Temp I/O Read Time":0.423,"Temp I/O Write Time":3.124,"Plans":[{"Node Type":"Hash Join","Parent Relationship":"Outer","Parallel Aware":false,"Async Capable":false,"Join Type":"Inner","Startup Cost":345.81,"Total Cost":1147356.59,"Plan Rows":322584,"Plan Width":6,"Actual Startup Time":3.023,"Actual Total Time":11813.17,"Actual Rows":310950,"Actual Loops":1,"Output":["stock.s_i_id","stock.s_order_cnt"],"Inner Unique":true,"Hash Cond":"(supplier.su_nationkey = nation.n_nationkey)","Shared Hit Blocks":833393,"Shared Read Blocks":0,"Shared Dirtied Blocks":0,"Shared Written Blocks":0,"Local Hit Blocks":0,"Local Read Blocks":0,"Local Dirtied Blocks":0,"Local Written Blocks":0,"Temp Read Blocks":0,"Temp Written Blocks":0,"I/O Read Time":0.0,"I/O Write Time":0.0,"Temp I/O Read Time":0.0,"Temp I/O Write Time":0.0,"Plans":[{"Node Type":"Hash Join","Parent Relationship":"Outer","Parallel Aware":false,"Async Capable":false,"Join Type":"Inner","Startup Cost":344.02,"Total Cost":1091265.5,"Plan Rows":20000212,"Plan Width":10,"Actual Startup Time":2.97,"Actual Total Time":10492.245,"Actual Rows":20000000,"Actual Loops":1,"Output":["stock.s_i_id","stock.s_order_cnt","supplier.su_nationkey"],"Inner Unique":true,"Hash Cond":"(mod((stock.s_w_id * stock.s_i_id), 10000) = supplier.su_suppkey)","Shared Hit Blocks":833392,"Shared Read Blocks":0,"Shared Dirtied Blocks":0,"Shared Written Blocks":0,"Local Hit Blocks":0,"Local Read Blocks":0,"Local Dirtied Blocks":0,"Local Written Blocks":0,"Temp Read Blocks":0,"Temp Written Blocks":0,"I/O Read Time":0.0,"I/O Write Time":0.0,"Temp I/O Read Time":0.0,"Temp I/O Write Time":0.0,"Plans":[{"Node Type":"Seq Scan","Parent Relationship":"Outer","Parallel Aware":false,"Async Capable":false,"Relation Name":"stock","Schema":"public","Alias":"stock","Startup Cost":0.0,"Total Cost":1033394.12,"Plan Rows":20000212,"Plan Width":8,"Actual Startup Time":0.005,"Actual Total Time":1763.748,"Actual Rows":20000000,"Actual Loops":1,"Output":["stock.s_i_id","stock.s_w_id","stock.s_quantity","stock.s_dist_01","stock.s_dist_02","stock.s_dist_03","stock.s_dist_04","stock.s_dist_05","stock.s_dist_06","stock.s_dist_07","stock.s_dist_08","stock.s_dist_09","stock.s_dist_10","stock.s_ytd","stock.s_order_cnt","stock.s_remote_cnt","stock.s_data"],"Shared Hit Blocks":833392,"Shared Read Blocks":0,"Shared Dirtied Blocks":0,"Shared Written Blocks":0,"Local Hit Blocks":0,"Local Read Blocks":0,"Local Dirtied Blocks":0,"Local Written Blocks":0,"Temp Read Blocks":0,"Temp Written Blocks":0,"I/O Read Time":0.0,"I/O Write Time":0.0,"Temp I/O Read Time":0.0,"Temp I/O Write Time":0.0},{"Node Type":"Hash","Parent Relationship":"Inner","Parallel Aware":false,"Async Capable":false,"Startup Cost":219.01,"Total Cost":219.01,"Plan Rows":10001,"Plan Width":8,"Actual Startup Time":2.949,"Actual Total Time":2.952,"Actual Rows":10000,"Actual Loops":1,"Output":["supplier.su_suppkey","supplier.su_nationkey"],"Hash Buckets":16384,"Original Hash Buckets":16384,"Hash Batches":1,"Original Hash Batches":1,"Peak Memory Usage":519,"Shared Hit Blocks":0,"Shared Read Blocks":0,"Shared Dirtied Blocks":0,"Shared Written Blocks":0,"Local Hit Blocks":0,"Local Read Blocks":0,"Local Dirtied Blocks":0,"Local Written Blocks":0,"Temp Read Blocks":0,"Temp Written Blocks":0,"I/O Read Time":0.0,"I/O Write Time":0.0,"Temp I/O Read Time":0.0,"Temp I/O Write Time":0.0,"Plans":[{"Node Type":"Append","Parent Relationship":"Outer","Parallel Aware":false,"Async Capable":false,"Startup Cost":20.0,"Total Cost":219.01,"Plan Rows":10001,"Plan Width":8,"Actual Startup Time":0.011,"Actual Total Time":1.833,"Actual Rows":10000,"Actual Loops":1,"Shared Hit Blocks":0,"Shared Read Blocks":0,"Shared Dirtied Blocks":0,"Shared Written Blocks":0,"Local Hit Blocks":0,"Local Read Blocks":0,"Local Dirtied Blocks":0,"Local Written Blocks":0,"Temp Read Blocks":0,"Temp Written Blocks":0,"I/O Read Time":0.0,"I/O Write Time":0.0,"Temp I/O Read Time":0.0,"Temp I/O Write Time":0.0,"Subplans Removed":0,"Plans":[{"Node Type":"Custom Scan","Parent Relationship":"Member","Custom Plan Provider":"columnar scan","Parallel Aware":false,"Async Capable":false,"Relation Name":"supplier","Schema":"public","Alias":"supplier","Startup Cost":20.0,"Total Cost":215.0,"Plan Rows":10000,"Plan Width":8,"Actual Startup Time":0.01,"Actual Total Time":1.092,"Actual Rows":10000,"Actual Loops":1,"Output":["supplier.su_suppkey","supplier.su_nationkey"],"Rows Removed by Columnar Filter":0,"Columnar cache search mode":"native","Shared Hit Blocks":0,"Shared Read Blocks":0,"Shared Dirtied Blocks":0,"Shared Written Blocks":0,"Local Hit Blocks":0,"Local Read Blocks":0,"Local Dirtied Blocks":0,"Local Written Blocks":0,"Temp Read Blocks":0,"Temp Written Blocks":0,"I/O Read Time":0.0,"I/O Write Time":0.0,"Temp I/O Read Time":0.0,"Temp I/O Write Time":0.0},{"Node Type":"Seq Scan","Parent Relationship":"Member","Parallel Aware":false,"Async Capable":false,"Relation Name":"supplier","Schema":"public","Alias":"supplier","Startup Cost":0.0,"Total Cost":4.01,"Plan Rows":1,"Plan Width":8,"Actual Startup Time":0.0,"Actual Total Time":0.0,"Actual Rows":0,"Actual Loops":0,"Output":["supplier.su_suppkey","supplier.su_nationkey"],"Shared Hit Blocks":0,"Shared Read Blocks":0,"Shared Dirtied Blocks":0,"Shared Written Blocks":0,"Local Hit Blocks":0,"Local Read Blocks":0,"Local Dirtied Blocks":0,"Local Written Blocks":0,"Temp Read Blocks":0,"Temp Written Blocks":0,"I/O Read Time":0.0,"I/O Write Time":0.0,"Temp I/O Read Time":0.0,"Temp I/O Write Time":0.0}]}]}]},{"Node Type":"Hash","Parent Relationship":"Inner","Parallel Aware":false,"Async Capable":false,"Startup Cost":1.77,"Total Cost":1.77,"Plan Rows":1,"Plan Width":4,"Actual Startup Time":0.02,"Actual Total Time":0.021,"Actual Rows":1,"Actual Loops":1,"Output":["nation.n_nationkey"],"Hash Buckets":1024,"Original Hash Buckets":1024,"Hash Batches":1,"Original Hash Batches":1,"Peak Memory Usage":9,"Shared Hit Blocks":1,"Shared Read Blocks":0,"Shared Dirtied Blocks":0,"Shared Written Blocks":0,"Local Hit Blocks":0,"Local Read Blocks":0,"Local Dirtied Blocks":0,"Local Written Blocks":0,"Temp Read Blocks":0,"Temp Written Blocks":0,"I/O Read Time":0.0,"I/O Write Time":0.0,"Temp I/O Read Time":0.0,"Temp I/O Write Time":0.0,"Plans":[{"Node Type":"Seq Scan","Parent Relationship":"Outer","Parallel Aware":false,"Async Capable":false,"Relation Name":"nation","Schema":"public","Alias":"nation","Startup Cost":0.0,"Total Cost":1.77,"Plan Rows":1,"Plan Width":4,"Actual Startup Time":0.012,"Actual Total Time":0.016,"Actual Rows":1,"Actual Loops":1,"Output":["nation.n_nationkey"],"Filter":"((nation.n_name)::text = 'Germany'::text)","Rows Removed by Filter":61,"Shared Hit Blocks":1,"Shared Read Blocks":0,"Shared Dirtied Blocks":0,"Shared Written Blocks":0,"Local Hit Blocks":0,"Local Read Blocks":0,"Local Dirtied Blocks":0,"Local Written Blocks":0,"Temp Read Blocks":0,"Temp Written Blocks":0,"I/O Read Time":0.0,"I/O Write Time":0.0,"Temp I/O Read Time":0.0,"Temp I/O Write Time":0.0}]}]}]}]},"Planning":{"Shared Hit Blocks":8,"Shared Read Blocks":0,"Shared Dirtied Blocks":0,"Shared Written Blocks":0,"Local Hit Blocks":0,"Local Read Blocks":0,"Local Dirtied Blocks":0,"Local Written Blocks":0,"Temp Read Blocks":0,"Temp Written Blocks":0,"I/O Read Time":0.0,"I/O Write Time":0.0,"Temp I/O Read Time":0.0,"Temp I/O Write Time":0.0},"Planning Time":0.425,"Triggers":[],"Execution Time":23649.57}]
[列存组合]: nation, stock
[{"Plan":{"Node Type":"Sort","Parallel Aware":false,"Async Capable":false,"Startup Cost":1113608.42,"Total Cost":1113690.95,"Plan Rows":33011,"Plan Width":12,"Actual Startup Time":19035.824,"Actual Total Time":19035.839,"Actual Rows":0,"Actual Loops":1,"Output":["stock.s_i_id","(sum(stock.s_order_cnt))"],"Sort Key":["(sum(stock.s_order_cnt)) DESC"],"Sort Method":"quicksort","Sort Space Used":25,"Sort Space Type":"Memory","Shared Hit Blocks":436,"Shared Read Blocks":0,"Shared Dirtied Blocks":0,"Shared Written Blocks":0,"Local Hit Blocks":0,"Local Read Blocks":0,"Local Dirtied Blocks":0,"Local Written Blocks":0,"Temp Read Blocks":256,"Temp Written Blocks":609,"I/O Read Time":0.0,"I/O Write Time":0.0,"Temp I/O Read Time":0.404,"Temp I/O Write Time":2.64,"Plans":[{"Node Type":"Aggregate","Strategy":"Plain","Partial Mode":"Simple","Parent Relationship":"InitPlan","Subplan Name":"InitPlan 1 (returns $0)","Parallel Aware":false,"Async Capable":false,"Startup Cost":544893.13,"Total Cost":544893.15,"Plan Rows":1,"Plan Width":32,"Actual Startup Time":9450.724,"Actual Total Time":9450.729,"Actual Rows":1,"Actual Loops":1,"Output":["((sum(stock_1.s_order_cnt))::numeric * 0.005)"],"Shared Hit Blocks":218,"Shared Read Blocks":0,"Shared Dirtied Blocks":0,"Shared Written Blocks":0,"Local Hit Blocks":0,"Local Read Blocks":0,"Local Dirtied Blocks":0,"Local Written Blocks":0,"Temp Read Blocks":0,"Temp Written Blocks":0,"I/O Read Time":0.0,"I/O Write Time":0.0,"Temp I/O Read Time":0.0,"Temp I/O Write Time":0.0,"Plans":[{"Node Type":"Hash Join","Parent Relationship":"Outer","Parallel Aware":false,"Async Capable":false,"Join Type":"Inner","Startup Cost":463.79,"Total Cost":544086.67,"Plan Rows":322584,"Plan Width":2,"Actual Startup Time":2.649,"Actual Total Time":9429.483,"Actual Rows":310950,"Actual Loops":1,"Output":["stock_1.s_order_cnt"],"Inner Unique":true,"Hash Cond":"(supplier_1.su_nationkey = nation_1.n_nationkey)","Shared Hit Blocks":218,"Shared Read Blocks":0,"Shared Dirtied Blocks":0,"Shared Written Blocks":0,"Local Hit Blocks":0,"Local Read Blocks":0,"Local Dirtied Blocks":0,"Local Written Blocks":0,"Temp Read Blocks":0,"Temp Written Blocks":0,"I/O Read Time":0.0,"I/O Write Time":0.0,"Temp I/O Read Time":0.0,"Temp I/O Write Time":0.0,"Plans":[{"Node Type":"Hash Join","Parent Relationship":"Outer","Parallel Aware":false,"Async Capable":false,"Join Type":"Inner","Startup Cost":462.0,"Total Cost":487995.58,"Plan Rows":20000212,"Plan Width":6,"Actual Startup Time":2.56,"Actual Total Time":8107.95,"Actual Rows":20000000,"Actual Loops":1,"Output":["stock_1.s_order_cnt","supplier_1.su_nationkey"],"Inner Unique":true,"Hash Cond":"(mod((stock_1.s_w_id * stock_1.s_i_id), 10000) = supplier_1.su_suppkey)","Shared Hit Blocks":217,"Shared Read Blocks":0,"Shared Dirtied Blocks":0,"Shared Written Blocks":0,"Local Hit Blocks":0,"Local Read Blocks":0,"Local Dirtied Blocks":0,"Local Written Blocks":0,"Temp Read Blocks":0,"Temp Written Blocks":0,"I/O Read Time":0.0,"I/O Write Time":0.0,"Temp I/O Read Time":0.0,"Temp I/O Write Time":0.0,"Plans":[{"Node Type":"Append","Parent Relationship":"Outer","Parallel Aware":false,"Async Capable":false,"Startup Cost":20.0,"Total Cost":430026.22,"Plan Rows":20000212,"Plan Width":8,"Actual Startup Time":0.014,"Actual Total Time":4144.692,"Actual Rows":20000000,"Actual Loops":1,"Shared Hit Blocks":0,"Shared Read Blocks":0,"Shared Dirtied Blocks":0,"Shared Written Blocks":0,"Local Hit Blocks":0,"Local Read Blocks":0,"Local Dirtied Blocks":0,"Local Written Blocks":0,"Temp Read Blocks":0,"Temp Written Blocks":0,"I/O Read Time":0.0,"I/O Write Time":0.0,"Temp I/O Read Time":0.0,"Temp I/O Write Time":0.0,"Subplans Removed":0,"Plans":[{"Node Type":"Custom Scan","Parent Relationship":"Member","Custom Plan Provider":"columnar scan","Parallel Aware":false,"Async Capable":false,"Relation Name":"stock","Schema":"public","Alias":"stock_1","Startup Cost":20.0,"Total Cost":430020.1,"Plan Rows":20000000,"Plan Width":8,"Actual Startup Time":0.012,"Actual Total Time":2761.039,"Actual Rows":20000000,"Actual Loops":1,"Output":["stock_1.s_order_cnt","stock_1.s_w_id","stock_1.s_i_id"],"Rows Removed by Columnar Filter":0,"Columnar cache search mode":"native","Shared Hit Blocks":0,"Shared Read Blocks":0,"Shared Dirtied Blocks":0,"Shared Written Blocks":0,"Local Hit Blocks":0,"Local Read Blocks":0,"Local Dirtied Blocks":0,"Local Written Blocks":0,"Temp Read Blocks":0,"Temp Written Blocks":0,"I/O Read Time":0.0,"I/O Write Time":0.0,"Temp I/O Read Time":0.0,"Temp I/O Write Time":0.0},{"Node Type":"Seq Scan","Parent Relationship":"Member","Parallel Aware":false,"Async Capable":false,"Relation Name":"stock","Schema":"public","Alias":"stock_1","Startup Cost":0.0,"Total Cost":6.12,"Plan Rows":212,"Plan Width":8,"Actual Startup Time":0.0,"Actual Total Time":0.0,"Actual Rows":0,"Actual Loops":0,"Output":["stock_1.s_order_cnt","stock_1.s_w_id","stock_1.s_i_id"],"Shared Hit Blocks":0,"Shared Read Blocks":0,"Shared Dirtied Blocks":0,"Shared Written Blocks":0,"Local Hit Blocks":0,"Local Read Blocks":0,"Local Dirtied Blocks":0,"Local Written Blocks":0,"Temp Read Blocks":0,"Temp Written Blocks":0,"I/O Read Time":0.0,"I/O Write Time":0.0,"Temp I/O Read Time":0.0,"Temp I/O Write Time":0.0}]},{"Node Type":"Hash","Parent Relationship":"Inner","Parallel Aware":false,"Async Capable":false,"Startup Cost":317.0,"Total Cost":317.0,"Plan Rows":10000,"Plan Width":8,"Actual Startup Time":2.496,"Actual Total Time":2.497,"Actual Rows":10000,"Actual Loops":1,"Output":["supplier_1.su_suppkey","supplier_1.su_nationkey"],"Hash Buckets":16384,"Original Hash Buckets":16384,"Hash Batches":1,"Original Hash Batches":1,"Peak Memory Usage":519,"Shared Hit Blocks":217,"Shared Read Blocks":0,"Shared Dirtied Blocks":0,"Shared Written Blocks":0,"Local Hit Blocks":0,"Local Read Blocks":0,"Local Dirtied Blocks":0,"Local Written Blocks":0,"Temp Read Blocks":0,"Temp Written Blocks":0,"I/O Read Time":0.0,"I/O Write Time":0.0,"Temp I/O Read Time":0.0,"Temp I/O Write Time":0.0,"Plans":[{"Node Type":"Seq Scan","Parent Relationship":"Outer","Parallel Aware":false,"Async Capable":false,"Relation Name":"supplier","Schema":"public","Alias":"supplier_1","Startup Cost":0.0,"Total Cost":317.0,"Plan Rows":10000,"Plan Width":8,"Actual Startup Time":0.009,"Actual Total Time":1.284,"Actual Rows":10000,"Actual Loops":1,"Output":["supplier_1.su_suppkey","supplier_1.su_nationkey"],"Shared Hit Blocks":217,"Shared Read Blocks":0,"Shared Dirtied Blocks":0,"Shared Written Blocks":0,"Local Hit Blocks":0,"Local Read Blocks":0,"Local Dirtied Blocks":0,"Local Written Blocks":0,"Temp Read Blocks":0,"Temp Written Blocks":0,"I/O Read Time":0.0,"I/O Write Time":0.0,"Temp I/O Read Time":0.0,"Temp I/O Write Time":0.0}]}]},{"Node Type":"Hash","Parent Relationship":"Inner","Parallel Aware":false,"Async Capable":false,"Startup Cost":1.77,"Total Cost":1.77,"Plan Rows":1,"Plan Width":4,"Actual Startup Time":0.035,"Actual Total Time":0.035,"Actual Rows":1,"Actual Loops":1,"Output":["nation_1.n_nationkey"],"Hash Buckets":1024,"Original Hash Buckets":1024,"Hash Batches":1,"Original Hash Batches":1,"Peak Memory Usage":9,"Shared Hit Blocks":1,"Shared Read Blocks":0,"Shared Dirtied Blocks":0,"Shared Written Blocks":0,"Local Hit Blocks":0,"Local Read Blocks":0,"Local Dirtied Blocks":0,"Local Written Blocks":0,"Temp Read Blocks":0,"Temp Written Blocks":0,"I/O Read Time":0.0,"I/O Write Time":0.0,"Temp I/O Read Time":0.0,"Temp I/O Write Time":0.0,"Plans":[{"Node Type":"Seq Scan","Parent Relationship":"Outer","Parallel Aware":false,"Async Capable":false,"Relation Name":"nation","Schema":"public","Alias":"nation_1","Startup Cost":0.0,"Total Cost":1.77,"Plan Rows":1,"Plan Width":4,"Actual Startup Time":0.026,"Actual Total Time":0.03,"Actual Rows":1,"Actual Loops":1,"Output":["nation_1.n_nationkey"],"Filter":"((nation_1.n_name)::text = 'Germany'::text)","Rows Removed by Filter":61,"Shared Hit Blocks":1,"Shared Read Blocks":0,"Shared Dirtied Blocks":0,"Shared Written Blocks":0,"Local Hit Blocks":0,"Local Read Blocks":0,"Local Dirtied Blocks":0,"Local Written Blocks":0,"Temp Read Blocks":0,"Temp Written Blocks":0,"I/O Read Time":0.0,"I/O Write Time":0.0,"Temp I/O Read Time":0.0,"Temp I/O Write Time":0.0}]}]}]},{"Node Type":"Aggregate","Strategy":"Hashed","Partial Mode":"Simple","Parent Relationship":"Outer","Parallel Aware":false,"Async Capable":false,"Startup Cost":562232.02,"Total Cost":566237.69,"Plan Rows":33011,"Plan Width":12,"Actual Startup Time":19035.812,"Actual Total Time":19035.822,"Actual Rows":0,"Actual Loops":1,"Output":["stock.s_i_id","sum(stock.s_order_cnt)"],"Group Key":["stock.s_i_id"],"Filter":"((sum(stock.s_order_cnt))::numeric > $0)","Planned Partitions":0,"HashAgg Batches":5,"Peak Memory Usage":8241,"Disk Usage":3376,"Rows Removed by Filter":95130,"Shared Hit Blocks":436,"Shared Read Blocks":0,"Shared Dirtied Blocks":0,"Shared Written Blocks":0,"Local Hit Blocks":0,"Local Read Blocks":0,"Local Dirtied Blocks":0,"Local Written Blocks":0,"Temp Read Blocks":256,"Temp Written Blocks":609,"I/O Read Time":0.0,"I/O Write Time":0.0,"Temp I/O Read Time":0.404,"Temp I/O Write Time":2.64,"Plans":[{"Node Type":"Hash Join","Parent Relationship":"Outer","Parallel Aware":false,"Async Capable":false,"Join Type":"Inner","Startup Cost":463.79,"Total Cost":544086.67,"Plan Rows":322584,"Plan Width":6,"Actual Startup Time":2.748,"Actual Total Time":9475.685,"Actual Rows":310950,"Actual Loops":1,"Output":["stock.s_i_id","stock.s_order_cnt"],"Inner Unique":true,"Hash Cond":"(supplier.su_nationkey = nation.n_nationkey)","Shared Hit Blocks":218,"Shared Read Blocks":0,"Shared Dirtied Blocks":0,"Shared Written Blocks":0,"Local Hit Blocks":0,"Local Read Blocks":0,"Local Dirtied Blocks":0,"Local Written Blocks":0,"Temp Read Blocks":0,"Temp Written Blocks":0,"I/O Read Time":0.0,"I/O Write Time":0.0,"Temp I/O Read Time":0.0,"Temp I/O Write Time":0.0,"Plans":[{"Node Type":"Hash Join","Parent Relationship":"Outer","Parallel Aware":false,"Async Capable":false,"Join Type":"Inner","Startup Cost":462.0,"Total Cost":487995.58,"Plan Rows":20000212,"Plan Width":10,"Actual Startup Time":2.682,"Actual Total Time":8190.374,"Actual Rows":20000000,"Actual Loops":1,"Output":["stock.s_i_id","stock.s_order_cnt","supplier.su_nationkey"],"Inner Unique":true,"Hash Cond":"(mod((stock.s_w_id * stock.s_i_id), 10000) = supplier.su_suppkey)","Shared Hit Blocks":217,"Shared Read Blocks":0,"Shared Dirtied Blocks":0,"Shared Written Blocks":0,"Local Hit Blocks":0,"Local Read Blocks":0,"Local Dirtied Blocks":0,"Local Written Blocks":0,"Temp Read Blocks":0,"Temp Written Blocks":0,"I/O Read Time":0.0,"I/O Write Time":0.0,"Temp I/O Read Time":0.0,"Temp I/O Write Time":0.0,"Plans":[{"Node Type":"Append","Parent Relationship":"Outer","Parallel Aware":false,"Async Capable":false,"Startup Cost":20.0,"Total Cost":430026.22,"Plan Rows":20000212,"Plan Width":8,"Actual Startup Time":0.024,"Actual Total Time":4217.107,"Actual Rows":20000000,"Actual Loops":1,"Shared Hit Blocks":0,"Shared Read Blocks":0,"Shared Dirtied Blocks":0,"Shared Written Blocks":0,"Local Hit Blocks":0,"Local Read Blocks":0,"Local Dirtied Blocks":0,"Local Written Blocks":0,"Temp Read Blocks":0,"Temp Written Blocks":0,"I/O Read Time":0.0,"I/O Write Time":0.0,"Temp I/O Read Time":0.0,"Temp I/O Write Time":0.0,"Subplans Removed":0,"Plans":[{"Node Type":"Custom Scan","Parent Relationship":"Member","Custom Plan Provider":"columnar scan","Parallel Aware":false,"Async Capable":false,"Relation Name":"stock","Schema":"public","Alias":"stock","Startup Cost":20.0,"Total Cost":430020.1,"Plan Rows":20000000,"Plan Width":8,"Actual Startup Time":0.023,"Actual Total Time":2773.307,"Actual Rows":20000000,"Actual Loops":1,"Output":["stock.s_i_id","stock.s_order_cnt","stock.s_w_id"],"Rows Removed by Columnar Filter":0,"Columnar cache search mode":"native","Shared Hit Blocks":0,"Shared Read Blocks":0,"Shared Dirtied Blocks":0,"Shared Written Blocks":0,"Local Hit Blocks":0,"Local Read Blocks":0,"Local Dirtied Blocks":0,"Local Written Blocks":0,"Temp Read Blocks":0,"Temp Written Blocks":0,"I/O Read Time":0.0,"I/O Write Time":0.0,"Temp I/O Read Time":0.0,"Temp I/O Write Time":0.0},{"Node Type":"Seq Scan","Parent Relationship":"Member","Parallel Aware":false,"Async Capable":false,"Relation Name":"stock","Schema":"public","Alias":"stock","Startup Cost":0.0,"Total Cost":6.12,"Plan Rows":212,"Plan Width":8,"Actual Startup Time":0.0,"Actual Total Time":0.0,"Actual Rows":0,"Actual Loops":0,"Output":["stock.s_i_id","stock.s_order_cnt","stock.s_w_id"],"Shared Hit Blocks":0,"Shared Read Blocks":0,"Shared Dirtied Blocks":0,"Shared Written Blocks":0,"Local Hit Blocks":0,"Local Read Blocks":0,"Local Dirtied Blocks":0,"Local Written Blocks":0,"Temp Read Blocks":0,"Temp Written Blocks":0,"I/O Read Time":0.0,"I/O Write Time":0.0,"Temp I/O Read Time":0.0,"Temp I/O Write Time":0.0}]},{"Node Type":"Hash","Parent Relationship":"Inner","Parallel Aware":false,"Async Capable":false,"Startup Cost":317.0,"Total Cost":317.0,"Plan Rows":10000,"Plan Width":8,"Actual Startup Time":2.607,"Actual Total Time":2.609,"Actual Rows":10000,"Actual Loops":1,"Output":["supplier.su_suppkey","supplier.su_nationkey"],"Hash Buckets":16384,"Original Hash Buckets":16384,"Hash Batches":1,"Original Hash Batches":1,"Peak Memory Usage":519,"Shared Hit Blocks":217,"Shared Read Blocks":0,"Shared Dirtied Blocks":0,"Shared Written Blocks":0,"Local Hit Blocks":0,"Local Read Blocks":0,"Local Dirtied Blocks":0,"Local Written Blocks":0,"Temp Read Blocks":0,"Temp Written Blocks":0,"I/O Read Time":0.0,"I/O Write Time":0.0,"Temp I/O Read Time":0.0,"Temp I/O Write Time":0.0,"Plans":[{"Node Type":"Seq Scan","Parent Relationship":"Outer","Parallel Aware":false,"Async Capable":false,"Relation Name":"supplier","Schema":"public","Alias":"supplier","Startup Cost":0.0,"Total Cost":317.0,"Plan Rows":10000,"Plan Width":8,"Actual Startup Time":0.004,"Actual Total Time":1.355,"Actual Rows":10000,"Actual Loops":1,"Output":["supplier.su_suppkey","supplier.su_nationkey"],"Shared Hit Blocks":217,"Shared Read Blocks":0,"Shared Dirtied Blocks":0,"Shared Written Blocks":0,"Local Hit Blocks":0,"Local Read Blocks":0,"Local Dirtied Blocks":0,"Local Written Blocks":0,"Temp Read Blocks":0,"Temp Written Blocks":0,"I/O Read Time":0.0,"I/O Write Time":0.0,"Temp I/O Read Time":0.0,"Temp I/O Write Time":0.0}]}]},{"Node Type":"Hash","Parent Relationship":"Inner","Parallel Aware":false,"Async Capable":false,"Startup Cost":1.77,"Total Cost":1.77,"Plan Rows":1,"Plan Width":4,"Actual Startup Time":0.024,"Actual Total Time":0.025,"Actual Rows":1,"Actual Loops":1,"Output":["nation.n_nationkey"],"Hash Buckets":1024,"Original Hash Buckets":1024,"Hash Batches":1,"Original Hash Batches":1,"Peak Memory Usage":9,"Shared Hit Blocks":1,"Shared Read Blocks":0,"Shared Dirtied Blocks":0,"Shared Written Blocks":0,"Local Hit Blocks":0,"Local Read Blocks":0,"Local Dirtied Blocks":0,"Local Written Blocks":0,"Temp Read Blocks":0,"Temp Written Blocks":0,"I/O Read Time":0.0,"I/O Write Time":0.0,"Temp I/O Read Time":0.0,"Temp I/O Write Time":0.0,"Plans":[{"Node Type":"Seq Scan","Parent Relationship":"Outer","Parallel Aware":false,"Async Capable":false,"Relation Name":"nation","Schema":"public","Alias":"nation","Startup Cost":0.0,"Total Cost":1.77,"Plan Rows":1,"Plan Width":4,"Actual Startup Time":0.016,"Actual Total Time":0.02,"Actual Rows":1,"Actual Loops":1,"Output":["nation.n_nationkey"],"Filter":"((nation.n_name)::text = 'Germany'::text)","Rows Removed by Filter":61,"Shared Hit Blocks":1,"Shared Read Blocks":0,"Shared Dirtied Blocks":0,"Shared Written Blocks":0,"Local Hit Blocks":0,"Local Read Blocks":0,"Local Dirtied Blocks":0,"Local Written Blocks":0,"Temp Read Blocks":0,"Temp Written Blocks":0,"I/O Read Time":0.0,"I/O Write Time":0.0,"Temp I/O Read Time":0.0,"Temp I/O Write Time":0.0}]}]}]}]},"Planning":{"Shared Hit Blocks":8,"Shared Read Blocks":0,"Shared Dirtied Blocks":0,"Shared Written Blocks":0,"Local Hit Blocks":0,"Local Read Blocks":0,"Local Dirtied Blocks":0,"Local Written Blocks":0,"Temp Read Blocks":0,"Temp Written Blocks":0,"I/O Read Time":0.0,"I/O Write Time":0.0,"Temp I/O Read Time":0.0,"Temp I/O Write Time":0.0},"Planning Time":1.833,"Triggers":[],"Execution Time":19037.825}]
[列存组合]: nation, supplier
[{"Plan":{"Node Type":"Sort","Parallel Aware":false,"Async Capable":false,"Startup Cost":2320148.26,"Total Cost":2320230.79,"Plan Rows":33011,"Plan Width":12,"Actual Startup Time":23994.108,"Actual Total Time":23994.126,"Actual Rows":0,"Actual Loops":1,"Output":["stock.s_i_id","(sum(stock.s_order_cnt))"],"Sort Key":["(sum(stock.s_order_cnt)) DESC"],"Sort Method":"quicksort","Sort Space Used":25,"Sort Space Type":"Memory","Shared Hit Blocks":1666786,"Shared Read Blocks":0,"Shared Dirtied Blocks":0,"Shared Written Blocks":0,"Local Hit Blocks":0,"Local Read Blocks":0,"Local Dirtied Blocks":0,"Local Written Blocks":0,"Temp Read Blocks":256,"Temp Written Blocks":609,"I/O Read Time":0.0,"I/O Write Time":0.0,"Temp I/O Read Time":0.462,"Temp I/O Write Time":3.125,"Plans":[{"Node Type":"Aggregate","Strategy":"Plain","Partial Mode":"Simple","Parent Relationship":"InitPlan","Subplan Name":"InitPlan 1 (returns $0)","Parallel Aware":false,"Async Capable":false,"Startup Cost":1148163.05,"Total Cost":1148163.07,"Plan Rows":1,"Plan Width":32,"Actual Startup Time":11778.759,"Actual Total Time":11778.766,"Actual Rows":1,"Actual Loops":1,"Output":["((sum(stock_1.s_order_cnt))::numeric * 0.005)"],"Shared Hit Blocks":833393,"Shared Read Blocks":0,"Shared Dirtied Blocks":0,"Shared Written Blocks":0,"Local Hit Blocks":0,"Local Read Blocks":0,"Local Dirtied Blocks":0,"Local Written Blocks":0,"Temp Read Blocks":0,"Temp Written Blocks":0,"I/O Read Time":0.0,"I/O Write Time":0.0,"Temp I/O Read Time":0.0,"Temp I/O Write Time":0.0,"Plans":[{"Node Type":"Hash Join","Parent Relationship":"Outer","Parallel Aware":false,"Async Capable":false,"Join Type":"Inner","Startup Cost":345.81,"Total Cost":1147356.59,"Plan Rows":322584,"Plan Width":2,"Actual Startup Time":3.148,"Actual Total Time":11756.466,"Actual Rows":310950,"Actual Loops":1,"Output":["stock_1.s_order_cnt"],"Inner Unique":true,"Hash Cond":"(supplier_1.su_nationkey = nation_1.n_nationkey)","Shared Hit Blocks":833393,"Shared Read Blocks":0,"Shared Dirtied Blocks":0,"Shared Written Blocks":0,"Local Hit Blocks":0,"Local Read Blocks":0,"Local Dirtied Blocks":0,"Local Written Blocks":0,"Temp Read Blocks":0,"Temp Written Blocks":0,"I/O Read Time":0.0,"I/O Write Time":0.0,"Temp I/O Read Time":0.0,"Temp I/O Write Time":0.0,"Plans":[{"Node Type":"Hash Join","Parent Relationship":"Outer","Parallel Aware":false,"Async Capable":false,"Join Type":"Inner","Startup Cost":344.02,"Total Cost":1091265.5,"Plan Rows":20000212,"Plan Width":6,"Actual Startup Time":3.061,"Actual Total Time":10469.445,"Actual Rows":20000000,"Actual Loops":1,"Output":["stock_1.s_order_cnt","supplier_1.su_nationkey"],"Inner Unique":true,"Hash Cond":"(mod((stock_1.s_w_id * stock_1.s_i_id), 10000) = supplier_1.su_suppkey)","Shared Hit Blocks":833392,"Shared Read Blocks":0,"Shared Dirtied Blocks":0,"Shared Written Blocks":0,"Local Hit Blocks":0,"Local Read Blocks":0,"Local Dirtied Blocks":0,"Local Written Blocks":0,"Temp Read Blocks":0,"Temp Written Blocks":0,"I/O Read Time":0.0,"I/O Write Time":0.0,"Temp I/O Read Time":0.0,"Temp I/O Write Time":0.0,"Plans":[{"Node Type":"Seq Scan","Parent Relationship":"Outer","Parallel Aware":false,"Async Capable":false,"Relation Name":"stock","Schema":"public","Alias":"stock_1","Startup Cost":0.0,"Total Cost":1033394.12,"Plan Rows":20000212,"Plan Width":8,"Actual Startup Time":0.005,"Actual Total Time":1715.971,"Actual Rows":20000000,"Actual Loops":1,"Output":["stock_1.s_i_id","stock_1.s_w_id","stock_1.s_quantity","stock_1.s_dist_01","stock_1.s_dist_02","stock_1.s_dist_03","stock_1.s_dist_04","stock_1.s_dist_05","stock_1.s_dist_06","stock_1.s_dist_07","stock_1.s_dist_08","stock_1.s_dist_09","stock_1.s_dist_10","stock_1.s_ytd","stock_1.s_order_cnt","stock_1.s_remote_cnt","stock_1.s_data"],"Shared Hit Blocks":833392,"Shared Read Blocks":0,"Shared Dirtied Blocks":0,"Shared Written Blocks":0,"Local Hit Blocks":0,"Local Read Blocks":0,"Local Dirtied Blocks":0,"Local Written Blocks":0,"Temp Read Blocks":0,"Temp Written Blocks":0,"I/O Read Time":0.0,"I/O Write Time":0.0,"Temp I/O Read Time":0.0,"Temp I/O Write Time":0.0},{"Node Type":"Hash","Parent Relationship":"Inner","Parallel Aware":false,"Async Capable":false,"Startup Cost":219.01,"Total Cost":219.01,"Plan Rows":10001,"Plan Width":8,"Actual Startup Time":3.007,"Actual Total Time":3.01,"Actual Rows":10000,"Actual Loops":1,"Output":["supplier_1.su_suppkey","supplier_1.su_nationkey"],"Hash Buckets":16384,"Original Hash Buckets":16384,"Hash Batches":1,"Original Hash Batches":1,"Peak Memory Usage":519,"Shared Hit Blocks":0,"Shared Read Blocks":0,"Shared Dirtied Blocks":0,"Shared Written Blocks":0,"Local Hit Blocks":0,"Local Read Blocks":0,"Local Dirtied Blocks":0,"Local Written Blocks":0,"Temp Read Blocks":0,"Temp Written Blocks":0,"I/O Read Time":0.0,"I/O Write Time":0.0,"Temp I/O Read Time":0.0,"Temp I/O Write Time":0.0,"Plans":[{"Node Type":"Append","Parent Relationship":"Outer","Parallel Aware":false,"Async Capable":false,"Startup Cost":20.0,"Total Cost":219.01,"Plan Rows":10001,"Plan Width":8,"Actual Startup Time":0.034,"Actual Total Time":1.796,"Actual Rows":10000,"Actual Loops":1,"Shared Hit Blocks":0,"Shared Read Blocks":0,"Shared Dirtied Blocks":0,"Shared Written Blocks":0,"Local Hit Blocks":0,"Local Read Blocks":0,"Local Dirtied Blocks":0,"Local Written Blocks":0,"Temp Read Blocks":0,"Temp Written Blocks":0,"I/O Read Time":0.0,"I/O Write Time":0.0,"Temp I/O Read Time":0.0,"Temp I/O Write Time":0.0,"Subplans Removed":0,"Plans":[{"Node Type":"Custom Scan","Parent Relationship":"Member","Custom Plan Provider":"columnar scan","Parallel Aware":false,"Async Capable":false,"Relation Name":"supplier","Schema":"public","Alias":"supplier_1","Startup Cost":20.0,"Total Cost":215.0,"Plan Rows":10000,"Plan Width":8,"Actual Startup Time":0.032,"Actual Total Time":1.096,"Actual Rows":10000,"Actual Loops":1,"Output":["supplier_1.su_suppkey","supplier_1.su_nationkey"],"Rows Removed by Columnar Filter":0,"Columnar cache search mode":"native","Shared Hit Blocks":0,"Shared Read Blocks":0,"Shared Dirtied Blocks":0,"Shared Written Blocks":0,"Local Hit Blocks":0,"Local Read Blocks":0,"Local Dirtied Blocks":0,"Local Written Blocks":0,"Temp Read Blocks":0,"Temp Written Blocks":0,"I/O Read Time":0.0,"I/O Write Time":0.0,"Temp I/O Read Time":0.0,"Temp I/O Write Time":0.0},{"Node Type":"Seq Scan","Parent Relationship":"Member","Parallel Aware":false,"Async Capable":false,"Relation Name":"supplier","Schema":"public","Alias":"supplier_1","Startup Cost":0.0,"Total Cost":4.01,"Plan Rows":1,"Plan Width":8,"Actual Startup Time":0.0,"Actual Total Time":0.0,"Actual Rows":0,"Actual Loops":0,"Output":["supplier_1.su_suppkey","supplier_1.su_nationkey"],"Shared Hit Blocks":0,"Shared Read Blocks":0,"Shared Dirtied Blocks":0,"Shared Written Blocks":0,"Local Hit Blocks":0,"Local Read Blocks":0,"Local Dirtied Blocks":0,"Local Written Blocks":0,"Temp Read Blocks":0,"Temp Written Blocks":0,"I/O Read Time":0.0,"I/O Write Time":0.0,"Temp I/O Read Time":0.0,"Temp I/O Write Time":0.0}]}]}]},{"Node Type":"Hash","Parent Relationship":"Inner","Parallel Aware":false,"Async Capable":false,"Startup Cost":1.77,"Total Cost":1.77,"Plan Rows":1,"Plan Width":4,"Actual Startup Time":0.029,"Actual Total Time":0.03,"Actual Rows":1,"Actual Loops":1,"Output":["nation_1.n_nationkey"],"Hash Buckets":1024,"Original Hash Buckets":1024,"Hash Batches":1,"Original Hash Batches":1,"Peak Memory Usage":9,"Shared Hit Blocks":1,"Shared Read Blocks":0,"Shared Dirtied Blocks":0,"Shared Written Blocks":0,"Local Hit Blocks":0,"Local Read Blocks":0,"Local Dirtied Blocks":0,"Local Written Blocks":0,"Temp Read Blocks":0,"Temp Written Blocks":0,"I/O Read Time":0.0,"I/O Write Time":0.0,"Temp I/O Read Time":0.0,"Temp I/O Write Time":0.0,"Plans":[{"Node Type":"Seq Scan","Parent Relationship":"Outer","Parallel Aware":false,"Async Capable":false,"Relation Name":"nation","Schema":"public","Alias":"nation_1","Startup Cost":0.0,"Total Cost":1.77,"Plan Rows":1,"Plan Width":4,"Actual Startup Time":0.021,"Actual Total Time":0.025,"Actual Rows":1,"Actual Loops":1,"Output":["nation_1.n_nationkey"],"Filter":"((nation_1.n_name)::text = 'Germany'::text)","Rows Removed by Filter":61,"Shared Hit Blocks":1,"Shared Read Blocks":0,"Shared Dirtied Blocks":0,"Shared Written Blocks":0,"Local Hit Blocks":0,"Local Read Blocks":0,"Local Dirtied Blocks":0,"Local Written Blocks":0,"Temp Read Blocks":0,"Temp Written Blocks":0,"I/O Read Time":0.0,"I/O Write Time":0.0,"Temp I/O Read Time":0.0,"Temp I/O Write Time":0.0}]}]}]},{"Node Type":"Aggregate","Strategy":"Hashed","Partial Mode":"Simple","Parent Relationship":"Outer","Parallel Aware":false,"Async Capable":false,"Startup Cost":1165501.94,"Total Cost":1169507.61,"Plan Rows":33011,"Plan Width":12,"Actual Startup Time":23994.098,"Actual Total Time":23994.109,"Actual Rows":0,"Actual Loops":1,"Output":["stock.s_i_id","sum(stock.s_order_cnt)"],"Group Key":["stock.s_i_id"],"Filter":"((sum(stock.s_order_cnt))::numeric > $0)","Planned Partitions":0,"HashAgg Batches":5,"Peak Memory Usage":8241,"Disk Usage":3376,"Rows Removed by Filter":95130,"Shared Hit Blocks":1666786,"Shared Read Blocks":0,"Shared Dirtied Blocks":0,"Shared Written Blocks":0,"Local Hit Blocks":0,"Local Read Blocks":0,"Local Dirtied Blocks":0,"Local Written Blocks":0,"Temp Read Blocks":256,"Temp Written Blocks":609,"I/O Read Time":0.0,"I/O Write Time":0.0,"Temp I/O Read Time":0.462,"Temp I/O Write Time":3.125,"Plans":[{"Node Type":"Hash Join","Parent Relationship":"Outer","Parallel Aware":false,"Async Capable":false,"Join Type":"Inner","Startup Cost":345.81,"Total Cost":1147356.59,"Plan Rows":322584,"Plan Width":6,"Actual Startup Time":3.065,"Actual Total Time":12065.522,"Actual Rows":310950,"Actual Loops":1,"Output":["stock.s_i_id","stock.s_order_cnt"],"Inner Unique":true,"Hash Cond":"(supplier.su_nationkey = nation.n_nationkey)","Shared Hit Blocks":833393,"Shared Read Blocks":0,"Shared Dirtied Blocks":0,"Shared Written Blocks":0,"Local Hit Blocks":0,"Local Read Blocks":0,"Local Dirtied Blocks":0,"Local Written Blocks":0,"Temp Read Blocks":0,"Temp Written Blocks":0,"I/O Read Time":0.0,"I/O Write Time":0.0,"Temp I/O Read Time":0.0,"Temp I/O Write Time":0.0,"Plans":[{"Node Type":"Hash Join","Parent Relationship":"Outer","Parallel Aware":false,"Async Capable":false,"Join Type":"Inner","Startup Cost":344.02,"Total Cost":1091265.5,"Plan Rows":20000212,"Plan Width":10,"Actual Startup Time":3.013,"Actual Total Time":10745.876,"Actual Rows":20000000,"Actual Loops":1,"Output":["stock.s_i_id","stock.s_order_cnt","supplier.su_nationkey"],"Inner Unique":true,"Hash Cond":"(mod((stock.s_w_id * stock.s_i_id), 10000) = supplier.su_suppkey)","Shared Hit Blocks":833392,"Shared Read Blocks":0,"Shared Dirtied Blocks":0,"Shared Written Blocks":0,"Local Hit Blocks":0,"Local Read Blocks":0,"Local Dirtied Blocks":0,"Local Written Blocks":0,"Temp Read Blocks":0,"Temp Written Blocks":0,"I/O Read Time":0.0,"I/O Write Time":0.0,"Temp I/O Read Time":0.0,"Temp I/O Write Time":0.0,"Plans":[{"Node Type":"Seq Scan","Parent Relationship":"Outer","Parallel Aware":false,"Async Capable":false,"Relation Name":"stock","Schema":"public","Alias":"stock","Startup Cost":0.0,"Total Cost":1033394.12,"Plan Rows":20000212,"Plan Width":8,"Actual Startup Time":0.005,"Actual Total Time":1768.008,"Actual Rows":20000000,"Actual Loops":1,"Output":["stock.s_i_id","stock.s_w_id","stock.s_quantity","stock.s_dist_01","stock.s_dist_02","stock.s_dist_03","stock.s_dist_04","stock.s_dist_05","stock.s_dist_06","stock.s_dist_07","stock.s_dist_08","stock.s_dist_09","stock.s_dist_10","stock.s_ytd","stock.s_order_cnt","stock.s_remote_cnt","stock.s_data"],"Shared Hit Blocks":833392,"Shared Read Blocks":0,"Shared Dirtied Blocks":0,"Shared Written Blocks":0,"Local Hit Blocks":0,"Local Read Blocks":0,"Local Dirtied Blocks":0,"Local Written Blocks":0,"Temp Read Blocks":0,"Temp Written Blocks":0,"I/O Read Time":0.0,"I/O Write Time":0.0,"Temp I/O Read Time":0.0,"Temp I/O Write Time":0.0},{"Node Type":"Hash","Parent Relationship":"Inner","Parallel Aware":false,"Async Capable":false,"Startup Cost":219.01,"Total Cost":219.01,"Plan Rows":10001,"Plan Width":8,"Actual Startup Time":2.991,"Actual Total Time":2.994,"Actual Rows":10000,"Actual Loops":1,"Output":["supplier.su_suppkey","supplier.su_nationkey"],"Hash Buckets":16384,"Original Hash Buckets":16384,"Hash Batches":1,"Original Hash Batches":1,"Peak Memory Usage":519,"Shared Hit Blocks":0,"Shared Read Blocks":0,"Shared Dirtied Blocks":0,"Shared Written Blocks":0,"Local Hit Blocks":0,"Local Read Blocks":0,"Local Dirtied Blocks":0,"Local Written Blocks":0,"Temp Read Blocks":0,"Temp Written Blocks":0,"I/O Read Time":0.0,"I/O Write Time":0.0,"Temp I/O Read Time":0.0,"Temp I/O Write Time":0.0,"Plans":[{"Node Type":"Append","Parent Relationship":"Outer","Parallel Aware":false,"Async Capable":false,"Startup Cost":20.0,"Total Cost":219.01,"Plan Rows":10001,"Plan Width":8,"Actual Startup Time":0.012,"Actual Total Time":1.864,"Actual Rows":10000,"Actual Loops":1,"Shared Hit Blocks":0,"Shared Read Blocks":0,"Shared Dirtied Blocks":0,"Shared Written Blocks":0,"Local Hit Blocks":0,"Local Read Blocks":0,"Local Dirtied Blocks":0,"Local Written Blocks":0,"Temp Read Blocks":0,"Temp Written Blocks":0,"I/O Read Time":0.0,"I/O Write Time":0.0,"Temp I/O Read Time":0.0,"Temp I/O Write Time":0.0,"Subplans Removed":0,"Plans":[{"Node Type":"Custom Scan","Parent Relationship":"Member","Custom Plan Provider":"columnar scan","Parallel Aware":false,"Async Capable":false,"Relation Name":"supplier","Schema":"public","Alias":"supplier","Startup Cost":20.0,"Total Cost":215.0,"Plan Rows":10000,"Plan Width":8,"Actual Startup Time":0.011,"Actual Total Time":1.116,"Actual Rows":10000,"Actual Loops":1,"Output":["supplier.su_suppkey","supplier.su_nationkey"],"Rows Removed by Columnar Filter":0,"Columnar cache search mode":"native","Shared Hit Blocks":0,"Shared Read Blocks":0,"Shared Dirtied Blocks":0,"Shared Written Blocks":0,"Local Hit Blocks":0,"Local Read Blocks":0,"Local Dirtied Blocks":0,"Local Written Blocks":0,"Temp Read Blocks":0,"Temp Written Blocks":0,"I/O Read Time":0.0,"I/O Write Time":0.0,"Temp I/O Read Time":0.0,"Temp I/O Write Time":0.0},{"Node Type":"Seq Scan","Parent Relationship":"Member","Parallel Aware":false,"Async Capable":false,"Relation Name":"supplier","Schema":"public","Alias":"supplier","Startup Cost":0.0,"Total Cost":4.01,"Plan Rows":1,"Plan Width":8,"Actual Startup Time":0.0,"Actual Total Time":0.0,"Actual Rows":0,"Actual Loops":0,"Output":["supplier.su_suppkey","supplier.su_nationkey"],"Shared Hit Blocks":0,"Shared Read Blocks":0,"Shared Dirtied Blocks":0,"Shared Written Blocks":0,"Local Hit Blocks":0,"Local Read Blocks":0,"Local Dirtied Blocks":0,"Local Written Blocks":0,"Temp Read Blocks":0,"Temp Written Blocks":0,"I/O Read Time":0.0,"I/O Write Time":0.0,"Temp I/O Read Time":0.0,"Temp I/O Write Time":0.0}]}]}]},{"Node Type":"Hash","Parent Relationship":"Inner","Parallel Aware":false,"Async Capable":false,"Startup Cost":1.77,"Total Cost":1.77,"Plan Rows":1,"Plan Width":4,"Actual Startup Time":0.019,"Actual Total Time":0.02,"Actual Rows":1,"Actual Loops":1,"Output":["nation.n_nationkey"],"Hash Buckets":1024,"Original Hash Buckets":1024,"Hash Batches":1,"Original Hash Batches":1,"Peak Memory Usage":9,"Shared Hit Blocks":1,"Shared Read Blocks":0,"Shared Dirtied Blocks":0,"Shared Written Blocks":0,"Local Hit Blocks":0,"Local Read Blocks":0,"Local Dirtied Blocks":0,"Local Written Blocks":0,"Temp Read Blocks":0,"Temp Written Blocks":0,"I/O Read Time":0.0,"I/O Write Time":0.0,"Temp I/O Read Time":0.0,"Temp I/O Write Time":0.0,"Plans":[{"Node Type":"Seq Scan","Parent Relationship":"Outer","Parallel Aware":false,"Async Capable":false,"Relation Name":"nation","Schema":"public","Alias":"nation","Startup Cost":0.0,"Total Cost":1.77,"Plan Rows":1,"Plan Width":4,"Actual Startup Time":0.012,"Actual Total Time":0.016,"Actual Rows":1,"Actual Loops":1,"Output":["nation.n_nationkey"],"Filter":"((nation.n_name)::text = 'Germany'::text)","Rows Removed by Filter":61,"Shared Hit Blocks":1,"Shared Read Blocks":0,"Shared Dirtied Blocks":0,"Shared Written Blocks":0,"Local Hit Blocks":0,"Local Read Blocks":0,"Local Dirtied Blocks":0,"Local Written Blocks":0,"Temp Read Blocks":0,"Temp Written Blocks":0,"I/O Read Time":0.0,"I/O Write Time":0.0,"Temp I/O Read Time":0.0,"Temp I/O Write Time":0.0}]}]}]}]},"Planning":{"Shared Hit Blocks":8,"Shared Read Blocks":0,"Shared Dirtied Blocks":0,"Shared Written Blocks":0,"Local Hit Blocks":0,"Local Read Blocks":0,"Local Dirtied Blocks":0,"Local Written Blocks":0,"Temp Read Blocks":0,"Temp Written Blocks":0,"I/O Read Time":0.0,"I/O Write Time":0.0,"Temp I/O Read Time":0.0,"Temp I/O Write Time":0.0},"Planning Time":0.462,"Triggers":[],"Execution Time":23995.966}]
[列存组合]: stock, supplier
[{"Plan":{"Node Type":"Sort","Parallel Aware":false,"Async Capable":false,"Startup Cost":1113412.47,"Total Cost":1113495.0,"Plan Rows":33011,"Plan Width":12,"Actual Startup Time":19205.964,"Actual Total Time":19205.984,"Actual Rows":0,"Actual Loops":1,"Output":["stock.s_i_id","(sum(stock.s_order_cnt))"],"Sort Key":["(sum(stock.s_order_cnt)) DESC"],"Sort Method":"quicksort","Sort Space Used":25,"Sort Space Type":"Memory","Shared Hit Blocks":2,"Shared Read Blocks":0,"Shared Dirtied Blocks":0,"Shared Written Blocks":0,"Local Hit Blocks":0,"Local Read Blocks":0,"Local Dirtied Blocks":0,"Local Written Blocks":0,"Temp Read Blocks":256,"Temp Written Blocks":609,"I/O Read Time":0.0,"I/O Write Time":0.0,"Temp I/O Read Time":0.411,"Temp I/O Write Time":2.735,"Plans":[{"Node Type":"Aggregate","Strategy":"Plain","Partial Mode":"Simple","Parent Relationship":"InitPlan","Subplan Name":"InitPlan 1 (returns $0)","Parallel Aware":false,"Async Capable":false,"Startup Cost":544795.16,"Total Cost":544795.17,"Plan Rows":1,"Plan Width":32,"Actual Startup Time":9507.443,"Actual Total Time":9507.45,"Actual Rows":1,"Actual Loops":1,"Output":["((sum(stock_1.s_order_cnt))::numeric * 0.005)"],"Shared Hit Blocks":1,"Shared Read Blocks":0,"Shared Dirtied Blocks":0,"Shared Written Blocks":0,"Local Hit Blocks":0,"Local Read Blocks":0,"Local Dirtied Blocks":0,"Local Written Blocks":0,"Temp Read Blocks":0,"Temp Written Blocks":0,"I/O Read Time":0.0,"I/O Write Time":0.0,"Temp I/O Read Time":0.0,"Temp I/O Write Time":0.0,"Plans":[{"Node Type":"Hash Join","Parent Relationship":"Outer","Parallel Aware":false,"Async Capable":false,"Join Type":"Inner","Startup Cost":365.81,"Total Cost":543988.7,"Plan Rows":322584,"Plan Width":2,"Actual Startup Time":3.19,"Actual Total Time":9486.943,"Actual Rows":310950,"Actual Loops":1,"Output":["stock_1.s_order_cnt"],"Inner Unique":true,"Hash Cond":"(supplier_1.su_nationkey = nation_1.n_nationkey)","Shared Hit Blocks":1,"Shared Read Blocks":0,"Shared Dirtied Blocks":0,"Shared Written Blocks":0,"Local Hit Blocks":0,"Local Read Blocks":0,"Local Dirtied Blocks":0,"Local Written Blocks":0,"Temp Read Blocks":0,"Temp Written Blocks":0,"I/O Read Time":0.0,"I/O Write Time":0.0,"Temp I/O Read Time":0.0,"Temp I/O Write Time":0.0,"Plans":[{"Node Type":"Hash Join","Parent Relationship":"Outer","Parallel Aware":false,"Async Capable":false,"Join Type":"Inner","Startup Cost":364.02,"Total Cost":487897.6,"Plan Rows":20000212,"Plan Width":6,"Actual Startup Time":3.105,"Actual Total Time":8156.089,"Actual Rows":20000000,"Actual Loops":1,"Output":["stock_1.s_order_cnt","supplier_1.su_nationkey"],"Inner Unique":true,"Hash Cond":"(mod((stock_1.s_w_id * stock_1.s_i_id), 10000) = supplier_1.su_suppkey)","Shared Hit Blocks":0,"Shared Read Blocks":0,"Shared Dirtied Blocks":0,"Shared Written Blocks":0,"Local Hit Blocks":0,"Local Read Blocks":0,"Local Dirtied Blocks":0,"Local Written Blocks":0,"Temp Read Blocks":0,"Temp Written Blocks":0,"I/O Read Time":0.0,"I/O Write Time":0.0,"Temp I/O Read Time":0.0,"Temp I/O Write Time":0.0,"Plans":[{"Node Type":"Append","Parent Relationship":"Outer","Parallel Aware":false,"Async Capable":false,"Startup Cost":20.0,"Total Cost":430026.22,"Plan Rows":20000212,"Plan Width":8,"Actual Startup Time":0.015,"Actual Total Time":4143.28,"Actual Rows":20000000,"Actual Loops":1,"Shared Hit Blocks":0,"Shared Read Blocks":0,"Shared Dirtied Blocks":0,"Shared Written Blocks":0,"Local Hit Blocks":0,"Local Read Blocks":0,"Local Dirtied Blocks":0,"Local Written Blocks":0,"Temp Read Blocks":0,"Temp Written Blocks":0,"I/O Read Time":0.0,"I/O Write Time":0.0,"Temp I/O Read Time":0.0,"Temp I/O Write Time":0.0,"Subplans Removed":0,"Plans":[{"Node Type":"Custom Scan","Parent Relationship":"Member","Custom Plan Provider":"columnar scan","Parallel Aware":false,"Async Capable":false,"Relation Name":"stock","Schema":"public","Alias":"stock_1","Startup Cost":20.0,"Total Cost":430020.1,"Plan Rows":20000000,"Plan Width":8,"Actual Startup Time":0.013,"Actual Total Time":2750.258,"Actual Rows":20000000,"Actual Loops":1,"Output":["stock_1.s_order_cnt","stock_1.s_w_id","stock_1.s_i_id"],"Rows Removed by Columnar Filter":0,"Columnar cache search mode":"native","Shared Hit Blocks":0,"Shared Read Blocks":0,"Shared Dirtied Blocks":0,"Shared Written Blocks":0,"Local Hit Blocks":0,"Local Read Blocks":0,"Local Dirtied Blocks":0,"Local Written Blocks":0,"Temp Read Blocks":0,"Temp Written Blocks":0,"I/O Read Time":0.0,"I/O Write Time":0.0,"Temp I/O Read Time":0.0,"Temp I/O Write Time":0.0},{"Node Type":"Seq Scan","Parent Relationship":"Member","Parallel Aware":false,"Async Capable":false,"Relation Name":"stock","Schema":"public","Alias":"stock_1","Startup Cost":0.0,"Total Cost":6.12,"Plan Rows":212,"Plan Width":8,"Actual Startup Time":0.0,"Actual Total Time":0.0,"Actual Rows":0,"Actual Loops":0,"Output":["stock_1.s_order_cnt","stock_1.s_w_id","stock_1.s_i_id"],"Shared Hit Blocks":0,"Shared Read Blocks":0,"Shared Dirtied Blocks":0,"Shared Written Blocks":0,"Local Hit Blocks":0,"Local Read Blocks":0,"Local Dirtied Blocks":0,"Local Written Blocks":0,"Temp Read Blocks":0,"Temp Written Blocks":0,"I/O Read Time":0.0,"I/O Write Time":0.0,"Temp I/O Read Time":0.0,"Temp I/O Write Time":0.0}]},{"Node Type":"Hash","Parent Relationship":"Inner","Parallel Aware":false,"Async Capable":false,"Startup Cost":219.01,"Total Cost":219.01,"Plan Rows":10001,"Plan Width":8,"Actual Startup Time":2.991,"Actual Total Time":2.993,"Actual Rows":10000,"Actual Loops":1,"Output":["supplier_1.su_suppkey","supplier_1.su_nationkey"],"Hash Buckets":16384,"Original Hash Buckets":16384,"Hash Batches":1,"Original Hash Batches":1,"Peak Memory Usage":519,"Shared Hit Blocks":0,"Shared Read Blocks":0,"Shared Dirtied Blocks":0,"Shared Written Blocks":0,"Local Hit Blocks":0,"Local Read Blocks":0,"Local Dirtied Blocks":0,"Local Written Blocks":0,"Temp Read Blocks":0,"Temp Written Blocks":0,"I/O Read Time":0.0,"I/O Write Time":0.0,"Temp I/O Read Time":0.0,"Temp I/O Write Time":0.0,"Plans":[{"Node Type":"Append","Parent Relationship":"Outer","Parallel Aware":false,"Async Capable":false,"Startup Cost":20.0,"Total Cost":219.01,"Plan Rows":10001,"Plan Width":8,"Actual Startup Time":0.012,"Actual Total Time":1.781,"Actual Rows":10000,"Actual Loops":1,"Shared Hit Blocks":0,"Shared Read Blocks":0,"Shared Dirtied Blocks":0,"Shared Written Blocks":0,"Local Hit Blocks":0,"Local Read Blocks":0,"Local Dirtied Blocks":0,"Local Written Blocks":0,"Temp Read Blocks":0,"Temp Written Blocks":0,"I/O Read Time":0.0,"I/O Write Time":0.0,"Temp I/O Read Time":0.0,"Temp I/O Write Time":0.0,"Subplans Removed":0,"Plans":[{"Node Type":"Custom Scan","Parent Relationship":"Member","Custom Plan Provider":"columnar scan","Parallel Aware":false,"Async Capable":false,"Relation Name":"supplier","Schema":"public","Alias":"supplier_1","Startup Cost":20.0,"Total Cost":215.0,"Plan Rows":10000,"Plan Width":8,"Actual Startup Time":0.011,"Actual Total Time":1.073,"Actual Rows":10000,"Actual Loops":1,"Output":["supplier_1.su_suppkey","supplier_1.su_nationkey"],"Rows Removed by Columnar Filter":0,"Columnar cache search mode":"native","Shared Hit Blocks":0,"Shared Read Blocks":0,"Shared Dirtied Blocks":0,"Shared Written Blocks":0,"Local Hit Blocks":0,"Local Read Blocks":0,"Local Dirtied Blocks":0,"Local Written Blocks":0,"Temp Read Blocks":0,"Temp Written Blocks":0,"I/O Read Time":0.0,"I/O Write Time":0.0,"Temp I/O Read Time":0.0,"Temp I/O Write Time":0.0},{"Node Type":"Seq Scan","Parent Relationship":"Member","Parallel Aware":false,"Async Capable":false,"Relation Name":"supplier","Schema":"public","Alias":"supplier_1","Startup Cost":0.0,"Total Cost":4.01,"Plan Rows":1,"Plan Width":8,"Actual Startup Time":0.0,"Actual Total Time":0.0,"Actual Rows":0,"Actual Loops":0,"Output":["supplier_1.su_suppkey","supplier_1.su_nationkey"],"Shared Hit Blocks":0,"Shared Read Blocks":0,"Shared Dirtied Blocks":0,"Shared Written Blocks":0,"Local Hit Blocks":0,"Local Read Blocks":0,"Local Dirtied Blocks":0,"Local Written Blocks":0,"Temp Read Blocks":0,"Temp Written Blocks":0,"I/O Read Time":0.0,"I/O Write Time":0.0,"Temp I/O Read Time":0.0,"Temp I/O Write Time":0.0}]}]}]},{"Node Type":"Hash","Parent Relationship":"Inner","Parallel Aware":false,"Async Capable":false,"Startup Cost":1.77,"Total Cost":1.77,"Plan Rows":1,"Plan Width":4,"Actual Startup Time":0.036,"Actual Total Time":0.036,"Actual Rows":1,"Actual Loops":1,"Output":["nation_1.n_nationkey"],"Hash Buckets":1024,"Original Hash Buckets":1024,"Hash Batches":1,"Original Hash Batches":1,"Peak Memory Usage":9,"Shared Hit Blocks":1,"Shared Read Blocks":0,"Shared Dirtied Blocks":0,"Shared Written Blocks":0,"Local Hit Blocks":0,"Local Read Blocks":0,"Local Dirtied Blocks":0,"Local Written Blocks":0,"Temp Read Blocks":0,"Temp Written Blocks":0,"I/O Read Time":0.0,"I/O Write Time":0.0,"Temp I/O Read Time":0.0,"Temp I/O Write Time":0.0,"Plans":[{"Node Type":"Seq Scan","Parent Relationship":"Outer","Parallel Aware":false,"Async Capable":false,"Relation Name":"nation","Schema":"public","Alias":"nation_1","Startup Cost":0.0,"Total Cost":1.77,"Plan Rows":1,"Plan Width":4,"Actual Startup Time":0.027,"Actual Total Time":0.031,"Actual Rows":1,"Actual Loops":1,"Output":["nation_1.n_nationkey"],"Filter":"((nation_1.n_name)::text = 'Germany'::text)","Rows Removed by Filter":61,"Shared Hit Blocks":1,"Shared Read Blocks":0,"Shared Dirtied Blocks":0,"Shared Written Blocks":0,"Local Hit Blocks":0,"Local Read Blocks":0,"Local Dirtied Blocks":0,"Local Written Blocks":0,"Temp Read Blocks":0,"Temp Written Blocks":0,"I/O Read Time":0.0,"I/O Write Time":0.0,"Temp I/O Read Time":0.0,"Temp I/O Write Time":0.0}]}]}]},{"Node Type":"Aggregate","Strategy":"Hashed","Partial Mode":"Simple","Parent Relationship":"Outer","Parallel Aware":false,"Async Capable":false,"Startup Cost":562134.05,"Total Cost":566139.71,"Plan Rows":33011,"Plan Width":12,"Actual Startup Time":19205.953,"Actual Total Time":19205.966,"Actual Rows":0,"Actual Loops":1,"Output":["stock.s_i_id","sum(stock.s_order_cnt)"],"Group Key":["stock.s_i_id"],"Filter":"((sum(stock.s_order_cnt))::numeric > $0)","Planned Partitions":0,"HashAgg Batches":5,"Peak Memory Usage":8241,"Disk Usage":3376,"Rows Removed by Filter":95130,"Shared Hit Blocks":2,"Shared Read Blocks":0,"Shared Dirtied Blocks":0,"Shared Written Blocks":0,"Local Hit Blocks":0,"Local Read Blocks":0,"Local Dirtied Blocks":0,"Local Written Blocks":0,"Temp Read Blocks":256,"Temp Written Blocks":609,"I/O Read Time":0.0,"I/O Write Time":0.0,"Temp I/O Read Time":0.411,"Temp I/O Write Time":2.735,"Plans":[{"Node Type":"Hash Join","Parent Relationship":"Outer","Parallel Aware":false,"Async Capable":false,"Join Type":"Inner","Startup Cost":365.81,"Total Cost":543988.7,"Plan Rows":322584,"Plan Width":6,"Actual Startup Time":3.306,"Actual Total Time":9588.678,"Actual Rows":310950,"Actual Loops":1,"Output":["stock.s_i_id","stock.s_order_cnt"],"Inner Unique":true,"Hash Cond":"(supplier.su_nationkey = nation.n_nationkey)","Shared Hit Blocks":1,"Shared Read Blocks":0,"Shared Dirtied Blocks":0,"Shared Written Blocks":0,"Local Hit Blocks":0,"Local Read Blocks":0,"Local Dirtied Blocks":0,"Local Written Blocks":0,"Temp Read Blocks":0,"Temp Written Blocks":0,"I/O Read Time":0.0,"I/O Write Time":0.0,"Temp I/O Read Time":0.0,"Temp I/O Write Time":0.0,"Plans":[{"Node Type":"Hash Join","Parent Relationship":"Outer","Parallel Aware":false,"Async Capable":false,"Join Type":"Inner","Startup Cost":364.02,"Total Cost":487897.6,"Plan Rows":20000212,"Plan Width":10,"Actual Startup Time":3.245,"Actual Total Time":8262.195,"Actual Rows":20000000,"Actual Loops":1,"Output":["stock.s_i_id","stock.s_order_cnt","supplier.su_nationkey"],"Inner Unique":true,"Hash Cond":"(mod((stock.s_w_id * stock.s_i_id), 10000) = supplier.su_suppkey)","Shared Hit Blocks":0,"Shared Read Blocks":0,"Shared Dirtied Blocks":0,"Shared Written Blocks":0,"Local Hit Blocks":0,"Local Read Blocks":0,"Local Dirtied Blocks":0,"Local Written Blocks":0,"Temp Read Blocks":0,"Temp Written Blocks":0,"I/O Read Time":0.0,"I/O Write Time":0.0,"Temp I/O Read Time":0.0,"Temp I/O Write Time":0.0,"Plans":[{"Node Type":"Append","Parent Relationship":"Outer","Parallel Aware":false,"Async Capable":false,"Startup Cost":20.0,"Total Cost":430026.22,"Plan Rows":20000212,"Plan Width":8,"Actual Startup Time":0.026,"Actual Total Time":4236.54,"Actual Rows":20000000,"Actual Loops":1,"Shared Hit Blocks":0,"Shared Read Blocks":0,"Shared Dirtied Blocks":0,"Shared Written Blocks":0,"Local Hit Blocks":0,"Local Read Blocks":0,"Local Dirtied Blocks":0,"Local Written Blocks":0,"Temp Read Blocks":0,"Temp Written Blocks":0,"I/O Read Time":0.0,"I/O Write Time":0.0,"Temp I/O Read Time":0.0,"Temp I/O Write Time":0.0,"Subplans Removed":0,"Plans":[{"Node Type":"Custom Scan","Parent Relationship":"Member","Custom Plan Provider":"columnar scan","Parallel Aware":false,"Async Capable":false,"Relation Name":"stock","Schema":"public","Alias":"stock","Startup Cost":20.0,"Total Cost":430020.1,"Plan Rows":20000000,"Plan Width":8,"Actual Startup Time":0.025,"Actual Total Time":2795.965,"Actual Rows":20000000,"Actual Loops":1,"Output":["stock.s_i_id","stock.s_order_cnt","stock.s_w_id"],"Rows Removed by Columnar Filter":0,"Columnar cache search mode":"native","Shared Hit Blocks":0,"Shared Read Blocks":0,"Shared Dirtied Blocks":0,"Shared Written Blocks":0,"Local Hit Blocks":0,"Local Read Blocks":0,"Local Dirtied Blocks":0,"Local Written Blocks":0,"Temp Read Blocks":0,"Temp Written Blocks":0,"I/O Read Time":0.0,"I/O Write Time":0.0,"Temp I/O Read Time":0.0,"Temp I/O Write Time":0.0},{"Node Type":"Seq Scan","Parent Relationship":"Member","Parallel Aware":false,"Async Capable":false,"Relation Name":"stock","Schema":"public","Alias":"stock","Startup Cost":0.0,"Total Cost":6.12,"Plan Rows":212,"Plan Width":8,"Actual Startup Time":0.0,"Actual Total Time":0.0,"Actual Rows":0,"Actual Loops":0,"Output":["stock.s_i_id","stock.s_order_cnt","stock.s_w_id"],"Shared Hit Blocks":0,"Shared Read Blocks":0,"Shared Dirtied Blocks":0,"Shared Written Blocks":0,"Local Hit Blocks":0,"Local Read Blocks":0,"Local Dirtied Blocks":0,"Local Written Blocks":0,"Temp Read Blocks":0,"Temp Written Blocks":0,"I/O Read Time":0.0,"I/O Write Time":0.0,"Temp I/O Read Time":0.0,"Temp I/O Write Time":0.0}]},{"Node Type":"Hash","Parent Relationship":"Inner","Parallel Aware":false,"Async Capable":false,"Startup Cost":219.01,"Total Cost":219.01,"Plan Rows":10001,"Plan Width":8,"Actual Startup Time":3.17,"Actual Total Time":3.174,"Actual Rows":10000,"Actual Loops":1,"Output":["supplier.su_suppkey","supplier.su_nationkey"],"Hash Buckets":16384,"Original Hash Buckets":16384,"Hash Batches":1,"Original Hash Batches":1,"Peak Memory Usage":519,"Shared Hit Blocks":0,"Shared Read Blocks":0,"Shared Dirtied Blocks":0,"Shared Written Blocks":0,"Local Hit Blocks":0,"Local Read Blocks":0,"Local Dirtied Blocks":0,"Local Written Blocks":0,"Temp Read Blocks":0,"Temp Written Blocks":0,"I/O Read Time":0.0,"I/O Write Time":0.0,"Temp I/O Read Time":0.0,"Temp I/O Write Time":0.0,"Plans":[{"Node Type":"Append","Parent Relationship":"Outer","Parallel Aware":false,"Async Capable":false,"Startup Cost":20.0,"Total Cost":219.01,"Plan Rows":10001,"Plan Width":8,"Actual Startup Time":0.003,"Actual Total Time":1.963,"Actual Rows":10000,"Actual Loops":1,"Shared Hit Blocks":0,"Shared Read Blocks":0,"Shared Dirtied Blocks":0,"Shared Written Blocks":0,"Local Hit Blocks":0,"Local Read Blocks":0,"Local Dirtied Blocks":0,"Local Written Blocks":0,"Temp Read Blocks":0,"Temp Written Blocks":0,"I/O Read Time":0.0,"I/O Write Time":0.0,"Temp I/O Read Time":0.0,"Temp I/O Write Time":0.0,"Subplans Removed":0,"Plans":[{"Node Type":"Custom Scan","Parent Relationship":"Member","Custom Plan Provider":"columnar scan","Parallel Aware":false,"Async Capable":false,"Relation Name":"supplier","Schema":"public","Alias":"supplier","Startup Cost":20.0,"Total Cost":215.0,"Plan Rows":10000,"Plan Width":8,"Actual Startup Time":0.003,"Actual Total Time":1.251,"Actual Rows":10000,"Actual Loops":1,"Output":["supplier.su_suppkey","supplier.su_nationkey"],"Rows Removed by Columnar Filter":0,"Columnar cache search mode":"native","Shared Hit Blocks":0,"Shared Read Blocks":0,"Shared Dirtied Blocks":0,"Shared Written Blocks":0,"Local Hit Blocks":0,"Local Read Blocks":0,"Local Dirtied Blocks":0,"Local Written Blocks":0,"Temp Read Blocks":0,"Temp Written Blocks":0,"I/O Read Time":0.0,"I/O Write Time":0.0,"Temp I/O Read Time":0.0,"Temp I/O Write Time":0.0},{"Node Type":"Seq Scan","Parent Relationship":"Member","Parallel Aware":false,"Async Capable":false,"Relation Name":"supplier","Schema":"public","Alias":"supplier","Startup Cost":0.0,"Total Cost":4.01,"Plan Rows":1,"Plan Width":8,"Actual Startup Time":0.0,"Actual Total Time":0.0,"Actual Rows":0,"Actual Loops":0,"Output":["supplier.su_suppkey","supplier.su_nationkey"],"Shared Hit Blocks":0,"Shared Read Blocks":0,"Shared Dirtied Blocks":0,"Shared Written Blocks":0,"Local Hit Blocks":0,"Local Read Blocks":0,"Local Dirtied Blocks":0,"Local Written Blocks":0,"Temp Read Blocks":0,"Temp Written Blocks":0,"I/O Read Time":0.0,"I/O Write Time":0.0,"Temp I/O Read Time":0.0,"Temp I/O Write Time":0.0}]}]}]},{"Node Type":"Hash","Parent Relationship":"Inner","Parallel Aware":false,"Async Capable":false,"Startup Cost":1.77,"Total Cost":1.77,"Plan Rows":1,"Plan Width":4,"Actual Startup Time":0.022,"Actual Total Time":0.024,"Actual Rows":1,"Actual Loops":1,"Output":["nation.n_nationkey"],"Hash Buckets":1024,"Original Hash Buckets":1024,"Hash Batches":1,"Original Hash Batches":1,"Peak Memory Usage":9,"Shared Hit Blocks":1,"Shared Read Blocks":0,"Shared Dirtied Blocks":0,"Shared Written Blocks":0,"Local Hit Blocks":0,"Local Read Blocks":0,"Local Dirtied Blocks":0,"Local Written Blocks":0,"Temp Read Blocks":0,"Temp Written Blocks":0,"I/O Read Time":0.0,"I/O Write Time":0.0,"Temp I/O Read Time":0.0,"Temp I/O Write Time":0.0,"Plans":[{"Node Type":"Seq Scan","Parent Relationship":"Outer","Parallel Aware":false,"Async Capable":false,"Relation Name":"nation","Schema":"public","Alias":"nation","Startup Cost":0.0,"Total Cost":1.77,"Plan Rows":1,"Plan Width":4,"Actual Startup Time":0.014,"Actual Total Time":0.018,"Actual Rows":1,"Actual Loops":1,"Output":["nation.n_nationkey"],"Filter":"((nation.n_name)::text = 'Germany'::text)","Rows Removed by Filter":61,"Shared Hit Blocks":1,"Shared Read Blocks":0,"Shared Dirtied Blocks":0,"Shared Written Blocks":0,"Local Hit Blocks":0,"Local Read Blocks":0,"Local Dirtied Blocks":0,"Local Written Blocks":0,"Temp Read Blocks":0,"Temp Written Blocks":0,"I/O Read Time":0.0,"I/O Write Time":0.0,"Temp I/O Read Time":0.0,"Temp I/O Write Time":0.0}]}]}]}]},"Planning":{"Shared Hit Blocks":8,"Shared Read Blocks":0,"Shared Dirtied Blocks":0,"Shared Written Blocks":0,"Local Hit Blocks":0,"Local Read Blocks":0,"Local Dirtied Blocks":0,"Local Written Blocks":0,"Temp Read Blocks":0,"Temp Written Blocks":0,"I/O Read Time":0.0,"I/O Write Time":0.0,"Temp I/O Read Time":0.0,"Temp I/O Write Time":0.0},"Planning Time":1.825,"Triggers":[],"Execution Time":19207.863}]
[列存组合]: nation, stock, supplier
[{"Plan":{"Node Type":"Sort","Parallel Aware":false,"Async Capable":false,"Startup Cost":1113412.47,"Total Cost":1113495.0,"Plan Rows":33011,"Plan Width":12,"Actual Startup Time":19159.531,"Actual Total Time":19159.552,"Actual Rows":0,"Actual Loops":1,"Output":["stock.s_i_id","(sum(stock.s_order_cnt))"],"Sort Key":["(sum(stock.s_order_cnt)) DESC"],"Sort Method":"quicksort","Sort Space Used":25,"Sort Space Type":"Memory","Shared Hit Blocks":2,"Shared Read Blocks":0,"Shared Dirtied Blocks":0,"Shared Written Blocks":0,"Local Hit Blocks":0,"Local Read Blocks":0,"Local Dirtied Blocks":0,"Local Written Blocks":0,"Temp Read Blocks":256,"Temp Written Blocks":609,"I/O Read Time":0.0,"I/O Write Time":0.0,"Temp I/O Read Time":0.418,"Temp I/O Write Time":2.644,"Plans":[{"Node Type":"Aggregate","Strategy":"Plain","Partial Mode":"Simple","Parent Relationship":"InitPlan","Subplan Name":"InitPlan 1 (returns $0)","Parallel Aware":false,"Async Capable":false,"Startup Cost":544795.16,"Total Cost":544795.17,"Plan Rows":1,"Plan Width":32,"Actual Startup Time":9477.807,"Actual Total Time":9477.813,"Actual Rows":1,"Actual Loops":1,"Output":["((sum(stock_1.s_order_cnt))::numeric * 0.005)"],"Shared Hit Blocks":1,"Shared Read Blocks":0,"Shared Dirtied Blocks":0,"Shared Written Blocks":0,"Local Hit Blocks":0,"Local Read Blocks":0,"Local Dirtied Blocks":0,"Local Written Blocks":0,"Temp Read Blocks":0,"Temp Written Blocks":0,"I/O Read Time":0.0,"I/O Write Time":0.0,"Temp I/O Read Time":0.0,"Temp I/O Write Time":0.0,"Plans":[{"Node Type":"Hash Join","Parent Relationship":"Outer","Parallel Aware":false,"Async Capable":false,"Join Type":"Inner","Startup Cost":365.81,"Total Cost":543988.7,"Plan Rows":322584,"Plan Width":2,"Actual Startup Time":3.127,"Actual Total Time":9456.966,"Actual Rows":310950,"Actual Loops":1,"Output":["stock_1.s_order_cnt"],"Inner Unique":true,"Hash Cond":"(supplier_1.su_nationkey = nation_1.n_nationkey)","Shared Hit Blocks":1,"Shared Read Blocks":0,"Shared Dirtied Blocks":0,"Shared Written Blocks":0,"Local Hit Blocks":0,"Local Read Blocks":0,"Local Dirtied Blocks":0,"Local Written Blocks":0,"Temp Read Blocks":0,"Temp Written Blocks":0,"I/O Read Time":0.0,"I/O Write Time":0.0,"Temp I/O Read Time":0.0,"Temp I/O Write Time":0.0,"Plans":[{"Node Type":"Hash Join","Parent Relationship":"Outer","Parallel Aware":false,"Async Capable":false,"Join Type":"Inner","Startup Cost":364.02,"Total Cost":487897.6,"Plan Rows":20000212,"Plan Width":6,"Actual Startup Time":3.04,"Actual Total Time":8139.645,"Actual Rows":20000000,"Actual Loops":1,"Output":["stock_1.s_order_cnt","supplier_1.su_nationkey"],"Inner Unique":true,"Hash Cond":"(mod((stock_1.s_w_id * stock_1.s_i_id), 10000) = supplier_1.su_suppkey)","Shared Hit Blocks":0,"Shared Read Blocks":0,"Shared Dirtied Blocks":0,"Shared Written Blocks":0,"Local Hit Blocks":0,"Local Read Blocks":0,"Local Dirtied Blocks":0,"Local Written Blocks":0,"Temp Read Blocks":0,"Temp Written Blocks":0,"I/O Read Time":0.0,"I/O Write Time":0.0,"Temp I/O Read Time":0.0,"Temp I/O Write Time":0.0,"Plans":[{"Node Type":"Append","Parent Relationship":"Outer","Parallel Aware":false,"Async Capable":false,"Startup Cost":20.0,"Total Cost":430026.22,"Plan Rows":20000212,"Plan Width":8,"Actual Startup Time":0.014,"Actual Total Time":4127.652,"Actual Rows":20000000,"Actual Loops":1,"Shared Hit Blocks":0,"Shared Read Blocks":0,"Shared Dirtied Blocks":0,"Shared Written Blocks":0,"Local Hit Blocks":0,"Local Read Blocks":0,"Local Dirtied Blocks":0,"Local Written Blocks":0,"Temp Read Blocks":0,"Temp Written Blocks":0,"I/O Read Time":0.0,"I/O Write Time":0.0,"Temp I/O Read Time":0.0,"Temp I/O Write Time":0.0,"Subplans Removed":0,"Plans":[{"Node Type":"Custom Scan","Parent Relationship":"Member","Custom Plan Provider":"columnar scan","Parallel Aware":false,"Async Capable":false,"Relation Name":"stock","Schema":"public","Alias":"stock_1","Startup Cost":20.0,"Total Cost":430020.1,"Plan Rows":20000000,"Plan Width":8,"Actual Startup Time":0.012,"Actual Total Time":2752.287,"Actual Rows":20000000,"Actual Loops":1,"Output":["stock_1.s_order_cnt","stock_1.s_w_id","stock_1.s_i_id"],"Rows Removed by Columnar Filter":0,"Columnar cache search mode":"native","Shared Hit Blocks":0,"Shared Read Blocks":0,"Shared Dirtied Blocks":0,"Shared Written Blocks":0,"Local Hit Blocks":0,"Local Read Blocks":0,"Local Dirtied Blocks":0,"Local Written Blocks":0,"Temp Read Blocks":0,"Temp Written Blocks":0,"I/O Read Time":0.0,"I/O Write Time":0.0,"Temp I/O Read Time":0.0,"Temp I/O Write Time":0.0},{"Node Type":"Seq Scan","Parent Relationship":"Member","Parallel Aware":false,"Async Capable":false,"Relation Name":"stock","Schema":"public","Alias":"stock_1","Startup Cost":0.0,"Total Cost":6.12,"Plan Rows":212,"Plan Width":8,"Actual Startup Time":0.0,"Actual Total Time":0.0,"Actual Rows":0,"Actual Loops":0,"Output":["stock_1.s_order_cnt","stock_1.s_w_id","stock_1.s_i_id"],"Shared Hit Blocks":0,"Shared Read Blocks":0,"Shared Dirtied Blocks":0,"Shared Written Blocks":0,"Local Hit Blocks":0,"Local Read Blocks":0,"Local Dirtied Blocks":0,"Local Written Blocks":0,"Temp Read Blocks":0,"Temp Written Blocks":0,"I/O Read Time":0.0,"I/O Write Time":0.0,"Temp I/O Read Time":0.0,"Temp I/O Write Time":0.0}]},{"Node Type":"Hash","Parent Relationship":"Inner","Parallel Aware":false,"Async Capable":false,"Startup Cost":219.01,"Total Cost":219.01,"Plan Rows":10001,"Plan Width":8,"Actual Startup Time":2.976,"Actual Total Time":2.978,"Actual Rows":10000,"Actual Loops":1,"Output":["supplier_1.su_suppkey","supplier_1.su_nationkey"],"Hash Buckets":16384,"Original Hash Buckets":16384,"Hash Batches":1,"Original Hash Batches":1,"Peak Memory Usage":519,"Shared Hit Blocks":0,"Shared Read Blocks":0,"Shared Dirtied Blocks":0,"Shared Written Blocks":0,"Local Hit Blocks":0,"Local Read Blocks":0,"Local Dirtied Blocks":0,"Local Written Blocks":0,"Temp Read Blocks":0,"Temp Written Blocks":0,"I/O Read Time":0.0,"I/O Write Time":0.0,"Temp I/O Read Time":0.0,"Temp I/O Write Time":0.0,"Plans":[{"Node Type":"Append","Parent Relationship":"Outer","Parallel Aware":false,"Async Capable":false,"Startup Cost":20.0,"Total Cost":219.01,"Plan Rows":10001,"Plan Width":8,"Actual Startup Time":0.012,"Actual Total Time":1.768,"Actual Rows":10000,"Actual Loops":1,"Shared Hit Blocks":0,"Shared Read Blocks":0,"Shared Dirtied Blocks":0,"Shared Written Blocks":0,"Local Hit Blocks":0,"Local Read Blocks":0,"Local Dirtied Blocks":0,"Local Written Blocks":0,"Temp Read Blocks":0,"Temp Written Blocks":0,"I/O Read Time":0.0,"I/O Write Time":0.0,"Temp I/O Read Time":0.0,"Temp I/O Write Time":0.0,"Subplans Removed":0,"Plans":[{"Node Type":"Custom Scan","Parent Relationship":"Member","Custom Plan Provider":"columnar scan","Parallel Aware":false,"Async Capable":false,"Relation Name":"supplier","Schema":"public","Alias":"supplier_1","Startup Cost":20.0,"Total Cost":215.0,"Plan Rows":10000,"Plan Width":8,"Actual Startup Time":0.011,"Actual Total Time":1.063,"Actual Rows":10000,"Actual Loops":1,"Output":["supplier_1.su_suppkey","supplier_1.su_nationkey"],"Rows Removed by Columnar Filter":0,"Columnar cache search mode":"native","Shared Hit Blocks":0,"Shared Read Blocks":0,"Shared Dirtied Blocks":0,"Shared Written Blocks":0,"Local Hit Blocks":0,"Local Read Blocks":0,"Local Dirtied Blocks":0,"Local Written Blocks":0,"Temp Read Blocks":0,"Temp Written Blocks":0,"I/O Read Time":0.0,"I/O Write Time":0.0,"Temp I/O Read Time":0.0,"Temp I/O Write Time":0.0},{"Node Type":"Seq Scan","Parent Relationship":"Member","Parallel Aware":false,"Async Capable":false,"Relation Name":"supplier","Schema":"public","Alias":"supplier_1","Startup Cost":0.0,"Total Cost":4.01,"Plan Rows":1,"Plan Width":8,"Actual Startup Time":0.0,"Actual Total Time":0.0,"Actual Rows":0,"Actual Loops":0,"Output":["supplier_1.su_suppkey","supplier_1.su_nationkey"],"Shared Hit Blocks":0,"Shared Read Blocks":0,"Shared Dirtied Blocks":0,"Shared Written Blocks":0,"Local Hit Blocks":0,"Local Read Blocks":0,"Local Dirtied Blocks":0,"Local Written Blocks":0,"Temp Read Blocks":0,"Temp Written Blocks":0,"I/O Read Time":0.0,"I/O Write Time":0.0,"Temp I/O Read Time":0.0,"Temp I/O Write Time":0.0}]}]}]},{"Node Type":"Hash","Parent Relationship":"Inner","Parallel Aware":false,"Async Capable":false,"Startup Cost":1.77,"Total Cost":1.77,"Plan Rows":1,"Plan Width":4,"Actual Startup Time":0.036,"Actual Total Time":0.036,"Actual Rows":1,"Actual Loops":1,"Output":["nation_1.n_nationkey"],"Hash Buckets":1024,"Original Hash Buckets":1024,"Hash Batches":1,"Original Hash Batches":1,"Peak Memory Usage":9,"Shared Hit Blocks":1,"Shared Read Blocks":0,"Shared Dirtied Blocks":0,"Shared Written Blocks":0,"Local Hit Blocks":0,"Local Read Blocks":0,"Local Dirtied Blocks":0,"Local Written Blocks":0,"Temp Read Blocks":0,"Temp Written Blocks":0,"I/O Read Time":0.0,"I/O Write Time":0.0,"Temp I/O Read Time":0.0,"Temp I/O Write Time":0.0,"Plans":[{"Node Type":"Seq Scan","Parent Relationship":"Outer","Parallel Aware":false,"Async Capable":false,"Relation Name":"nation","Schema":"public","Alias":"nation_1","Startup Cost":0.0,"Total Cost":1.77,"Plan Rows":1,"Plan Width":4,"Actual Startup Time":0.027,"Actual Total Time":0.031,"Actual Rows":1,"Actual Loops":1,"Output":["nation_1.n_nationkey"],"Filter":"((nation_1.n_name)::text = 'Germany'::text)","Rows Removed by Filter":61,"Shared Hit Blocks":1,"Shared Read Blocks":0,"Shared Dirtied Blocks":0,"Shared Written Blocks":0,"Local Hit Blocks":0,"Local Read Blocks":0,"Local Dirtied Blocks":0,"Local Written Blocks":0,"Temp Read Blocks":0,"Temp Written Blocks":0,"I/O Read Time":0.0,"I/O Write Time":0.0,"Temp I/O Read Time":0.0,"Temp I/O Write Time":0.0}]}]}]},{"Node Type":"Aggregate","Strategy":"Hashed","Partial Mode":"Simple","Parent Relationship":"Outer","Parallel Aware":false,"Async Capable":false,"Startup Cost":562134.05,"Total Cost":566139.71,"Plan Rows":33011,"Plan Width":12,"Actual Startup Time":19159.519,"Actual Total Time":19159.533,"Actual Rows":0,"Actual Loops":1,"Output":["stock.s_i_id","sum(stock.s_order_cnt)"],"Group Key":["stock.s_i_id"],"Filter":"((sum(stock.s_order_cnt))::numeric > $0)","Planned Partitions":0,"HashAgg Batches":5,"Peak Memory Usage":8241,"Disk Usage":3376,"Rows Removed by Filter":95130,"Shared Hit Blocks":2,"Shared Read Blocks":0,"Shared Dirtied Blocks":0,"Shared Written Blocks":0,"Local Hit Blocks":0,"Local Read Blocks":0,"Local Dirtied Blocks":0,"Local Written Blocks":0,"Temp Read Blocks":256,"Temp Written Blocks":609,"I/O Read Time":0.0,"I/O Write Time":0.0,"Temp I/O Read Time":0.418,"Temp I/O Write Time":2.644,"Plans":[{"Node Type":"Hash Join","Parent Relationship":"Outer","Parallel Aware":false,"Async Capable":false,"Join Type":"Inner","Startup Cost":365.81,"Total Cost":543988.7,"Plan Rows":322584,"Plan Width":6,"Actual Startup Time":3.281,"Actual Total Time":9575.084,"Actual Rows":310950,"Actual Loops":1,"Output":["stock.s_i_id","stock.s_order_cnt"],"Inner Unique":true,"Hash Cond":"(supplier.su_nationkey = nation.n_nationkey)","Shared Hit Blocks":1,"Shared Read Blocks":0,"Shared Dirtied Blocks":0,"Shared Written Blocks":0,"Local Hit Blocks":0,"Local Read Blocks":0,"Local Dirtied Blocks":0,"Local Written Blocks":0,"Temp Read Blocks":0,"Temp Written Blocks":0,"I/O Read Time":0.0,"I/O Write Time":0.0,"Temp I/O Read Time":0.0,"Temp I/O Write Time":0.0,"Plans":[{"Node Type":"Hash Join","Parent Relationship":"Outer","Parallel Aware":false,"Async Capable":false,"Join Type":"Inner","Startup Cost":364.02,"Total Cost":487897.6,"Plan Rows":20000212,"Plan Width":10,"Actual Startup Time":3.224,"Actual Total Time":8252.653,"Actual Rows":20000000,"Actual Loops":1,"Output":["stock.s_i_id","stock.s_order_cnt","supplier.su_nationkey"],"Inner Unique":true,"Hash Cond":"(mod((stock.s_w_id * stock.s_i_id), 10000) = supplier.su_suppkey)","Shared Hit Blocks":0,"Shared Read Blocks":0,"Shared Dirtied Blocks":0,"Shared Written Blocks":0,"Local Hit Blocks":0,"Local Read Blocks":0,"Local Dirtied Blocks":0,"Local Written Blocks":0,"Temp Read Blocks":0,"Temp Written Blocks":0,"I/O Read Time":0.0,"I/O Write Time":0.0,"Temp I/O Read Time":0.0,"Temp I/O Write Time":0.0,"Plans":[{"Node Type":"Append","Parent Relationship":"Outer","Parallel Aware":false,"Async Capable":false,"Startup Cost":20.0,"Total Cost":430026.22,"Plan Rows":20000212,"Plan Width":8,"Actual Startup Time":0.02,"Actual Total Time":4226.222,"Actual Rows":20000000,"Actual Loops":1,"Shared Hit Blocks":0,"Shared Read Blocks":0,"Shared Dirtied Blocks":0,"Shared Written Blocks":0,"Local Hit Blocks":0,"Local Read Blocks":0,"Local Dirtied Blocks":0,"Local Written Blocks":0,"Temp Read Blocks":0,"Temp Written Blocks":0,"I/O Read Time":0.0,"I/O Write Time":0.0,"Temp I/O Read Time":0.0,"Temp I/O Write Time":0.0,"Subplans Removed":0,"Plans":[{"Node Type":"Custom Scan","Parent Relationship":"Member","Custom Plan Provider":"columnar scan","Parallel Aware":false,"Async Capable":false,"Relation Name":"stock","Schema":"public","Alias":"stock","Startup Cost":20.0,"Total Cost":430020.1,"Plan Rows":20000000,"Plan Width":8,"Actual Startup Time":0.019,"Actual Total Time":2785.253,"Actual Rows":20000000,"Actual Loops":1,"Output":["stock.s_i_id","stock.s_order_cnt","stock.s_w_id"],"Rows Removed by Columnar Filter":0,"Columnar cache search mode":"native","Shared Hit Blocks":0,"Shared Read Blocks":0,"Shared Dirtied Blocks":0,"Shared Written Blocks":0,"Local Hit Blocks":0,"Local Read Blocks":0,"Local Dirtied Blocks":0,"Local Written Blocks":0,"Temp Read Blocks":0,"Temp Written Blocks":0,"I/O Read Time":0.0,"I/O Write Time":0.0,"Temp I/O Read Time":0.0,"Temp I/O Write Time":0.0},{"Node Type":"Seq Scan","Parent Relationship":"Member","Parallel Aware":false,"Async Capable":false,"Relation Name":"stock","Schema":"public","Alias":"stock","Startup Cost":0.0,"Total Cost":6.12,"Plan Rows":212,"Plan Width":8,"Actual Startup Time":0.0,"Actual Total Time":0.0,"Actual Rows":0,"Actual Loops":0,"Output":["stock.s_i_id","stock.s_order_cnt","stock.s_w_id"],"Shared Hit Blocks":0,"Shared Read Blocks":0,"Shared Dirtied Blocks":0,"Shared Written Blocks":0,"Local Hit Blocks":0,"Local Read Blocks":0,"Local Dirtied Blocks":0,"Local Written Blocks":0,"Temp Read Blocks":0,"Temp Written Blocks":0,"I/O Read Time":0.0,"I/O Write Time":0.0,"Temp I/O Read Time":0.0,"Temp I/O Write Time":0.0}]},{"Node Type":"Hash","Parent Relationship":"Inner","Parallel Aware":false,"Async Capable":false,"Startup Cost":219.01,"Total Cost":219.01,"Plan Rows":10001,"Plan Width":8,"Actual Startup Time":3.157,"Actual Total Time":3.161,"Actual Rows":10000,"Actual Loops":1,"Output":["supplier.su_suppkey","supplier.su_nationkey"],"Hash Buckets":16384,"Original Hash Buckets":16384,"Hash Batches":1,"Original Hash Batches":1,"Peak Memory Usage":519,"Shared Hit Blocks":0,"Shared Read Blocks":0,"Shared Dirtied Blocks":0,"Shared Written Blocks":0,"Local Hit Blocks":0,"Local Read Blocks":0,"Local Dirtied Blocks":0,"Local Written Blocks":0,"Temp Read Blocks":0,"Temp Written Blocks":0,"I/O Read Time":0.0,"I/O Write Time":0.0,"Temp I/O Read Time":0.0,"Temp I/O Write Time":0.0,"Plans":[{"Node Type":"Append","Parent Relationship":"Outer","Parallel Aware":false,"Async Capable":false,"Startup Cost":20.0,"Total Cost":219.01,"Plan Rows":10001,"Plan Width":8,"Actual Startup Time":0.003,"Actual Total Time":1.781,"Actual Rows":10000,"Actual Loops":1,"Shared Hit Blocks":0,"Shared Read Blocks":0,"Shared Dirtied Blocks":0,"Shared Written Blocks":0,"Local Hit Blocks":0,"Local Read Blocks":0,"Local Dirtied Blocks":0,"Local Written Blocks":0,"Temp Read Blocks":0,"Temp Written Blocks":0,"I/O Read Time":0.0,"I/O Write Time":0.0,"Temp I/O Read Time":0.0,"Temp I/O Write Time":0.0,"Subplans Removed":0,"Plans":[{"Node Type":"Custom Scan","Parent Relationship":"Member","Custom Plan Provider":"columnar scan","Parallel Aware":false,"Async Capable":false,"Relation Name":"supplier","Schema":"public","Alias":"supplier","Startup Cost":20.0,"Total Cost":215.0,"Plan Rows":10000,"Plan Width":8,"Actual Startup Time":0.003,"Actual Total Time":1.068,"Actual Rows":10000,"Actual Loops":1,"Output":["supplier.su_suppkey","supplier.su_nationkey"],"Rows Removed by Columnar Filter":0,"Columnar cache search mode":"native","Shared Hit Blocks":0,"Shared Read Blocks":0,"Shared Dirtied Blocks":0,"Shared Written Blocks":0,"Local Hit Blocks":0,"Local Read Blocks":0,"Local Dirtied Blocks":0,"Local Written Blocks":0,"Temp Read Blocks":0,"Temp Written Blocks":0,"I/O Read Time":0.0,"I/O Write Time":0.0,"Temp I/O Read Time":0.0,"Temp I/O Write Time":0.0},{"Node Type":"Seq Scan","Parent Relationship":"Member","Parallel Aware":false,"Async Capable":false,"Relation Name":"supplier","Schema":"public","Alias":"supplier","Startup Cost":0.0,"Total Cost":4.01,"Plan Rows":1,"Plan Width":8,"Actual Startup Time":0.0,"Actual Total Time":0.0,"Actual Rows":0,"Actual Loops":0,"Output":["supplier.su_suppkey","supplier.su_nationkey"],"Shared Hit Blocks":0,"Shared Read Blocks":0,"Shared Dirtied Blocks":0,"Shared Written Blocks":0,"Local Hit Blocks":0,"Local Read Blocks":0,"Local Dirtied Blocks":0,"Local Written Blocks":0,"Temp Read Blocks":0,"Temp Written Blocks":0,"I/O Read Time":0.0,"I/O Write Time":0.0,"Temp I/O Read Time":0.0,"Temp I/O Write Time":0.0}]}]}]},{"Node Type":"Hash","Parent Relationship":"Inner","Parallel Aware":false,"Async Capable":false,"Startup Cost":1.77,"Total Cost":1.77,"Plan Rows":1,"Plan Width":4,"Actual Startup Time":0.021,"Actual Total Time":0.022,"Actual Rows":1,"Actual Loops":1,"Output":["nation.n_nationkey"],"Hash Buckets":1024,"Original Hash Buckets":1024,"Hash Batches":1,"Original Hash Batches":1,"Peak Memory Usage":9,"Shared Hit Blocks":1,"Shared Read Blocks":0,"Shared Dirtied Blocks":0,"Shared Written Blocks":0,"Local Hit Blocks":0,"Local Read Blocks":0,"Local Dirtied Blocks":0,"Local Written Blocks":0,"Temp Read Blocks":0,"Temp Written Blocks":0,"I/O Read Time":0.0,"I/O Write Time":0.0,"Temp I/O Read Time":0.0,"Temp I/O Write Time":0.0,"Plans":[{"Node Type":"Seq Scan","Parent Relationship":"Outer","Parallel Aware":false,"Async Capable":false,"Relation Name":"nation","Schema":"public","Alias":"nation","Startup Cost":0.0,"Total Cost":1.77,"Plan Rows":1,"Plan Width":4,"Actual Startup Time":0.013,"Actual Total Time":0.017,"Actual Rows":1,"Actual Loops":1,"Output":["nation.n_nationkey"],"Filter":"((nation.n_name)::text = 'Germany'::text)","Rows Removed by Filter":61,"Shared Hit Blocks":1,"Shared Read Blocks":0,"Shared Dirtied Blocks":0,"Shared Written Blocks":0,"Local Hit Blocks":0,"Local Read Blocks":0,"Local Dirtied Blocks":0,"Local Written Blocks":0,"Temp Read Blocks":0,"Temp Written Blocks":0,"I/O Read Time":0.0,"I/O Write Time":0.0,"Temp I/O Read Time":0.0,"Temp I/O Write Time":0.0}]}]}]}]},"Planning":{"Shared Hit Blocks":8,"Shared Read Blocks":0,"Shared Dirtied Blocks":0,"Shared Written Blocks":0,"Local Hit Blocks":0,"Local Read Blocks":0,"Local Dirtied Blocks":0,"Local Written Blocks":0,"Temp Read Blocks":0,"Temp Written Blocks":0,"I/O Read Time":0.0,"I/O Write Time":0.0,"Temp I/O Read Time":0.0,"Temp I/O Write Time":0.0},"Planning Time":1.843,"Triggers":[],"Execution Time":19161.462}]
