[列存组合]: 无列存
[{"Plan":{"Node Type":"Sort","Parallel Aware":false,"Async Capable":false,"Startup Cost":2101784.73,"Total Cost":2101784.76,"Plan Rows":11,"Plan Width":18,"Actual Startup Time":11827.724,"Actual Total Time":11827.73,"Actual Rows":11,"Actual Loops":1,"Output":["orders.o_ol_cnt","(sum(CASE WHEN ((orders.o_carrier_id = 1) OR (orders.o_carrier_id = 2)) THEN 1 ELSE 0 END))","(sum(CASE WHEN ((orders.o_carrier_id <> 1) AND (orders.o_carrier_id <> 2)) THEN 1 ELSE 0 END))"],"Sort Key":["orders.o_ol_cnt"],"Sort Method":"quicksort","Sort Space Used":25,"Sort Space Type":"Memory","Shared Hit Blocks":725870,"Shared Read Blocks":0,"Shared Dirtied Blocks":0,"Shared Written Blocks":0,"Local Hit Blocks":0,"Local Read Blocks":0,"Local Dirtied Blocks":0,"Local Written Blocks":0,"Temp Read Blocks":77203,"Temp Written Blocks":77203,"I/O Read Time":0.0,"I/O Write Time":0.0,"Temp I/O Read Time":121.665,"Temp I/O Write Time":360.94,"Plans":[{"Node Type":"Aggregate","Strategy":"Hashed","Partial Mode":"Simple","Parent Relationship":"Outer","Parallel Aware":false,"Async Capable":false,"Startup Cost":2101784.43,"Total Cost":2101784.54,"Plan Rows":11,"Plan Width":18,"Actual Startup Time":11827.708,"Actual Total Time":11827.714,"Actual Rows":11,"Actual Loops":1,"Output":["orders.o_ol_cnt","sum(CASE WHEN ((orders.o_carrier_id = 1) OR (orders.o_carrier_id = 2)) THEN 1 ELSE 0 END)","sum(CASE WHEN ((orders.o_carrier_id <> 1) AND (orders.o_carrier_id <> 2)) THEN 1 ELSE 0 END)"],"Group Key":["orders.o_ol_cnt"],"Planned Partitions":0,"HashAgg Batches":1,"Peak Memory Usage":24,"Disk Usage":0,"Shared Hit Blocks":725870,"Shared Read Blocks":0,"Shared Dirtied Blocks":0,"Shared Written Blocks":0,"Local Hit Blocks":0,"Local Read Blocks":0,"Local Dirtied Blocks":0,"Local Written Blocks":0,"Temp Read Blocks":77203,"Temp Written Blocks":77203,"I/O Read Time":0.0,"I/O Write Time":0.0,"Temp I/O Read Time":121.665,"Temp I/O Write Time":360.94,"Plans":[{"Node Type":"Hash Join","Parent Relationship":"Outer","Parallel Aware":false,"Async Capable":false,"Join Type":"Inner","Startup Cost":259192.27,"Total Cost":2050006.85,"Plan Rows":2958719,"Plan Width":4,"Actual Startup Time":1975.008,"Actual Total Time":10423.42,"Actual Rows":8593777,"Actual Loops":1,"Output":["orders.o_ol_cnt","orders.o_carrier_id"],"Inner Unique":true,"Hash Cond":"((order_line.ol_w_id = orders.o_w_id) AND (order_line.ol_d_id = orders.o_d_id) AND (order_line.ol_o_id = orders.o_id))","Join Filter":"(orders.o_entry_d <= order_line.ol_delivery_d)","Rows Removed by Join Filter":0,"Shared Hit Blocks":725870,"Shared Read Blocks":0,"Shared Dirtied Blocks":0,"Shared Written Blocks":0,"Local Hit Blocks":0,"Local Read Blocks":0,"Local Dirtied Blocks":0,"Local Written Blocks":0,"Temp Read Blocks":77203,"Temp Written Blocks":77203,"I/O Read Time":0.0,"I/O Write Time":0.0,"Temp I/O Read Time":121.665,"Temp I/O Write Time":360.94,"Plans":[{"Node Type":"Seq Scan","Parent Relationship":"Outer","Parallel Aware":false,"Async Capable":false,"Relation Name":"order_line","Schema":"public","Alias":"order_line","Startup Cost":0.0,"Total Cost":1581655.36,"Plan Rows":8881552,"Plan Width":20,"Actual Startup Time":20.742,"Actual Total Time":4673.408,"Actual Rows":8593777,"Actual Loops":1,"Output":["order_line.ol_w_id","order_line.ol_d_id","order_line.ol_o_id","order_line.ol_delivery_d"],"Filter":"((order_line.ol_delivery_d >= '1996-01-02 20:10:02.27764'::timestamp without time zone) AND (order_line.ol_delivery_d < '1997-01-02 20:10:02.27764'::timestamp without time zone))","Rows Removed by Filter":51399984,"Shared Hit Blocks":681748,"Shared Read Blocks":0,"Shared Dirtied Blocks":0,"Shared Written Blocks":0,"Local Hit Blocks":0,"Local Read Blocks":0,"Local Dirtied Blocks":0,"Local Written Blocks":0,"Temp Read Blocks":0,"Temp Written Blocks":0,"I/O Read Time":0.0,"I/O Write Time":0.0,"Temp I/O Read Time":0.0,"Temp I/O Write Time":0.0},{"Node Type":"Hash","Parent Relationship":"Inner","Parallel Aware":false,"Async Capable":false,"Startup Cost":119121.6,"Total Cost":119121.6,"Plan Rows":5996324,"Plan Width":24,"Actual Startup Time":1953.68,"Actual Total Time":1953.681,"Actual Rows":5995789,"Actual Loops":1,"Output":["orders.o_ol_cnt","orders.o_carrier_id","orders.o_w_id","orders.o_d_id","orders.o_id","orders.o_entry_d"],"Hash Buckets":131072,"Original Hash Buckets":131072,"Hash Batches":64,"Original Hash Batches":64,"Peak Memory Usage":6131,"Shared Hit Blocks":44122,"Shared Read Blocks":0,"Shared Dirtied Blocks":0,"Shared Written Blocks":0,"Local Hit Blocks":0,"Local Read Blocks":0,"Local Dirtied Blocks":0,"Local Written Blocks":0,"Temp Read Blocks":0,"Temp Written Blocks":31670,"I/O Read Time":0.0,"I/O Write Time":0.0,"Temp I/O Read Time":0.0,"Temp I/O Write Time":147.981,"Plans":[{"Node Type":"Seq Scan","Parent Relationship":"Outer","Parallel Aware":false,"Async Capable":false,"Relation Name":"orders","Schema":"public","Alias":"orders","Startup Cost":0.0,"Total Cost":119121.6,"Plan Rows":5996324,"Plan Width":24,"Actual Startup Time":0.011,"Actual Total Time":839.261,"Actual Rows":5995789,"Actual Loops":1,"Output":["orders.o_ol_cnt","orders.o_carrier_id","orders.o_w_id","orders.o_d_id","orders.o_id","orders.o_entry_d"],"Filter":"(orders.o_entry_d >= '1992-01-02 20:10:02.27764'::timestamp without time zone)","Rows Removed by Filter":4211,"Shared Hit Blocks":44122,"Shared Read Blocks":0,"Shared Dirtied Blocks":0,"Shared Written Blocks":0,"Local Hit Blocks":0,"Local Read Blocks":0,"Local Dirtied Blocks":0,"Local Written Blocks":0,"Temp Read Blocks":0,"Temp Written Blocks":0,"I/O Read Time":0.0,"I/O Write Time":0.0,"Temp I/O Read Time":0.0,"Temp I/O Write Time":0.0}]}]}]}]},"Planning":{"Shared Hit Blocks":24,"Shared Read Blocks":0,"Shared Dirtied Blocks":0,"Shared Written Blocks":0,"Local Hit Blocks":0,"Local Read Blocks":0,"Local Dirtied Blocks":0,"Local Written Blocks":0,"Temp Read Blocks":0,"Temp Written Blocks":0,"I/O Read Time":0.0,"I/O Write Time":0.0,"Temp I/O Read Time":0.0,"Temp I/O Write Time":0.0},"Planning Time":0.348,"Triggers":[],"Execution Time":11827.799}]
[列存组合]: order_line
[{"Plan":{"Node Type":"Sort","Parallel Aware":false,"Async Capable":false,"Startup Cost":2070771.88,"Total Cost":2070771.91,"Plan Rows":11,"Plan Width":18,"Actual Startup Time":9123.698,"Actual Total Time":9123.706,"Actual Rows":11,"Actual Loops":1,"Output":["orders.o_ol_cnt","(sum(CASE WHEN ((orders.o_carrier_id = 1) OR (orders.o_carrier_id = 2)) THEN 1 ELSE 0 END))","(sum(CASE WHEN ((orders.o_carrier_id <> 1) AND (orders.o_carrier_id <> 2)) THEN 1 ELSE 0 END))"],"Sort Key":["orders.o_ol_cnt"],"Sort Method":"quicksort","Sort Space Used":25,"Sort Space Type":"Memory","Shared Hit Blocks":44122,"Shared Read Blocks":0,"Shared Dirtied Blocks":0,"Shared Written Blocks":0,"Local Hit Blocks":0,"Local Read Blocks":0,"Local Dirtied Blocks":0,"Local Written Blocks":0,"Temp Read Blocks":77203,"Temp Written Blocks":77203,"I/O Read Time":0.0,"I/O Write Time":0.0,"Temp I/O Read Time":119.544,"Temp I/O Write Time":348.064,"Plans":[{"Node Type":"Aggregate","Strategy":"Hashed","Partial Mode":"Simple","Parent Relationship":"Outer","Parallel Aware":false,"Async Capable":false,"Startup Cost":2070771.58,"Total Cost":2070771.69,"Plan Rows":11,"Plan Width":18,"Actual Startup Time":9123.68,"Actual Total Time":9123.688,"Actual Rows":11,"Actual Loops":1,"Output":["orders.o_ol_cnt","sum(CASE WHEN ((orders.o_carrier_id = 1) OR (orders.o_carrier_id = 2)) THEN 1 ELSE 0 END)","sum(CASE WHEN ((orders.o_carrier_id <> 1) AND (orders.o_carrier_id <> 2)) THEN 1 ELSE 0 END)"],"Group Key":["orders.o_ol_cnt"],"Planned Partitions":0,"HashAgg Batches":1,"Peak Memory Usage":24,"Disk Usage":0,"Shared Hit Blocks":44122,"Shared Read Blocks":0,"Shared Dirtied Blocks":0,"Shared Written Blocks":0,"Local Hit Blocks":0,"Local Read Blocks":0,"Local Dirtied Blocks":0,"Local Written Blocks":0,"Temp Read Blocks":77203,"Temp Written Blocks":77203,"I/O Read Time":0.0,"I/O Write Time":0.0,"Temp I/O Read Time":119.544,"Temp I/O Write Time":348.064,"Plans":[{"Node Type":"Hash Join","Parent Relationship":"Outer","Parallel Aware":false,"Async Capable":false,"Join Type":"Inner","Startup Cost":259212.27,"Total Cost":2018994.0,"Plan Rows":2958719,"Plan Width":4,"Actual Startup Time":1945.8,"Actual Total Time":7728.334,"Actual Rows":8593777,"Actual Loops":1,"Output":["orders.o_ol_cnt","orders.o_carrier_id"],"Inner Unique":true,"Hash Cond":"((order_line.ol_w_id = orders.o_w_id) AND (order_line.ol_d_id = orders.o_d_id) AND (order_line.ol_o_id = orders.o_id))","Join Filter":"(orders.o_entry_d <= order_line.ol_delivery_d)","Rows Removed by Join Filter":0,"Shared Hit Blocks":44122,"Shared Read Blocks":0,"Shared Dirtied Blocks":0,"Shared Written Blocks":0,"Local Hit Blocks":0,"Local Read Blocks":0,"Local Dirtied Blocks":0,"Local Written Blocks":0,"Temp Read Blocks":77203,"Temp Written Blocks":77203,"I/O Read Time":0.0,"I/O Write Time":0.0,"Temp I/O Read Time":119.544,"Temp I/O Write Time":348.064,"Plans":[{"Node Type":"Append","Parent Relationship":"Outer","Parallel Aware":false,"Async Capable":false,"Startup Cost":20.0,"Total Cost":1550642.51,"Plan Rows":8881552,"Plan Width":20,"Actual Startup Time":0.176,"Actual Total Time":1959.741,"Actual Rows":8593777,"Actual Loops":1,"Shared Hit Blocks":0,"Shared Read Blocks":0,"Shared Dirtied Blocks":0,"Shared Written Blocks":0,"Local Hit Blocks":0,"Local Read Blocks":0,"Local Dirtied Blocks":0,"Local Written Blocks":0,"Temp Read Blocks":0,"Temp Written Blocks":0,"I/O Read Time":0.0,"I/O Write Time":0.0,"Temp I/O Read Time":0.0,"Temp I/O Write Time":0.0,"Subplans Removed":0,"Plans":[{"Node Type":"Custom Scan","Parent Relationship":"Member","Custom Plan Provider":"columnar scan","Parallel Aware":false,"Async Capable":false,"Relation Name":"order_line","Schema":"public","Alias":"order_line","Startup Cost":20.0,"Total Cost":208738.42,"Plan Rows":8881543,"Plan Width":20,"Actual Startup Time":0.174,"Actual Total Time":1338.457,"Actual Rows":8593777,"Actual Loops":1,"Output":["order_line.ol_w_id","order_line.ol_d_id","order_line.ol_o_id","order_line.ol_delivery_d"],"Filter":"((order_line.ol_delivery_d >= '1996-01-02 20:10:02.27764'::timestamp without time zone) AND (order_line.ol_delivery_d < '1997-01-02 20:10:02.27764'::timestamp without time zone))","Rows Removed by Filter":0,"Rows Removed by Columnar Filter":51399984,"Columnar cache search mode":"native","Shared Hit Blocks":0,"Shared Read Blocks":0,"Shared Dirtied Blocks":0,"Shared Written Blocks":0,"Local Hit Blocks":0,"Local Read Blocks":0,"Local Dirtied Blocks":0,"Local Written Blocks":0,"Temp Read Blocks":0,"Temp Written Blocks":0,"I/O Read Time":0.0,"I/O Write Time":0.0,"Temp I/O Read Time":0.0,"Temp I/O Write Time":0.0},{"Node Type":"Seq Scan","Parent Relationship":"Member","Parallel Aware":false,"Async Capable":false,"Relation Name":"order_line","Schema":"public","Alias":"order_line","Startup Cost":0.0,"Total Cost":4.95,"Plan Rows":9,"Plan Width":20,"Actual Startup Time":0.0,"Actual Total Time":0.0,"Actual Rows":0,"Actual Loops":0,"Output":["order_line.ol_w_id","order_line.ol_d_id","order_line.ol_o_id","order_line.ol_delivery_d"],"Filter":"((order_line.ol_delivery_d >= '1996-01-02 20:10:02.27764'::timestamp without time zone) AND (order_line.ol_delivery_d < '1997-01-02 20:10:02.27764'::timestamp without time zone))","Rows Removed by Filter":0,"Shared Hit Blocks":0,"Shared Read Blocks":0,"Shared Dirtied Blocks":0,"Shared Written Blocks":0,"Local Hit Blocks":0,"Local Read Blocks":0,"Local Dirtied Blocks":0,"Local Written Blocks":0,"Temp Read Blocks":0,"Temp Written Blocks":0,"I/O Read Time":0.0,"I/O Write Time":0.0,"Temp I/O Read Time":0.0,"Temp I/O Write Time":0.0}]},{"Node Type":"Hash","Parent Relationship":"Inner","Parallel Aware":false,"Async Capable":false,"Startup Cost":119121.6,"Total Cost":119121.6,"Plan Rows":5996324,"Plan Width":24,"Actual Startup Time":1944.955,"Actual Total Time":1944.956,"Actual Rows":5995789,"Actual Loops":1,"Output":["orders.o_ol_cnt","orders.o_carrier_id","orders.o_w_id","orders.o_d_id","orders.o_id","orders.o_entry_d"],"Hash Buckets":131072,"Original Hash Buckets":131072,"Hash Batches":64,"Original Hash Batches":64,"Peak Memory Usage":6131,"Shared Hit Blocks":44122,"Shared Read Blocks":0,"Shared Dirtied Blocks":0,"Shared Written Blocks":0,"Local Hit Blocks":0,"Local Read Blocks":0,"Local Dirtied Blocks":0,"Local Written Blocks":0,"Temp Read Blocks":0,"Temp Written Blocks":31670,"I/O Read Time":0.0,"I/O Write Time":0.0,"Temp I/O Read Time":0.0,"Temp I/O Write Time":147.689,"Plans":[{"Node Type":"Seq Scan","Parent Relationship":"Outer","Parallel Aware":false,"Async Capable":false,"Relation Name":"orders","Schema":"public","Alias":"orders","Startup Cost":0.0,"Total Cost":119121.6,"Plan Rows":5996324,"Plan Width":24,"Actual Startup Time":0.014,"Actual Total Time":829.889,"Actual Rows":5995789,"Actual Loops":1,"Output":["orders.o_ol_cnt","orders.o_carrier_id","orders.o_w_id","orders.o_d_id","orders.o_id","orders.o_entry_d"],"Filter":"(orders.o_entry_d >= '1992-01-02 20:10:02.27764'::timestamp without time zone)","Rows Removed by Filter":4211,"Shared Hit Blocks":44122,"Shared Read Blocks":0,"Shared Dirtied Blocks":0,"Shared Written Blocks":0,"Local Hit Blocks":0,"Local Read Blocks":0,"Local Dirtied Blocks":0,"Local Written Blocks":0,"Temp Read Blocks":0,"Temp Written Blocks":0,"I/O Read Time":0.0,"I/O Write Time":0.0,"Temp I/O Read Time":0.0,"Temp I/O Write Time":0.0}]}]}]}]},"Planning":{"Shared Hit Blocks":18,"Shared Read Blocks":0,"Shared Dirtied Blocks":0,"Shared Written Blocks":0,"Local Hit Blocks":0,"Local Read Blocks":0,"Local Dirtied Blocks":0,"Local Written Blocks":0,"Temp Read Blocks":0,"Temp Written Blocks":0,"I/O Read Time":0.0,"I/O Write Time":0.0,"Temp I/O Read Time":0.0,"Temp I/O Write Time":0.0},"Planning Time":0.892,"Triggers":[],"Execution Time":9123.829}]
[列存组合]: orders
[{"Plan":{"Node Type":"Sort","Parallel Aware":false,"Async Capable":false,"Startup Cost":2101784.73,"Total Cost":2101784.76,"Plan Rows":11,"Plan Width":18,"Actual Startup Time":11782.245,"Actual Total Time":11782.25,"Actual Rows":11,"Actual Loops":1,"Output":["orders.o_ol_cnt","(sum(CASE WHEN ((orders.o_carrier_id = 1) OR (orders.o_carrier_id = 2)) THEN 1 ELSE 0 END))","(sum(CASE WHEN ((orders.o_carrier_id <> 1) AND (orders.o_carrier_id <> 2)) THEN 1 ELSE 0 END))"],"Sort Key":["orders.o_ol_cnt"],"Sort Method":"quicksort","Sort Space Used":25,"Sort Space Type":"Memory","Shared Hit Blocks":725870,"Shared Read Blocks":0,"Shared Dirtied Blocks":0,"Shared Written Blocks":0,"Local Hit Blocks":0,"Local Read Blocks":0,"Local Dirtied Blocks":0,"Local Written Blocks":0,"Temp Read Blocks":77203,"Temp Written Blocks":77203,"I/O Read Time":0.0,"I/O Write Time":0.0,"Temp I/O Read Time":118.271,"Temp I/O Write Time":351.968,"Plans":[{"Node Type":"Aggregate","Strategy":"Hashed","Partial Mode":"Simple","Parent Relationship":"Outer","Parallel Aware":false,"Async Capable":false,"Startup Cost":2101784.43,"Total Cost":2101784.54,"Plan Rows":11,"Plan Width":18,"Actual Startup Time":11782.226,"Actual Total Time":11782.232,"Actual Rows":11,"Actual Loops":1,"Output":["orders.o_ol_cnt","sum(CASE WHEN ((orders.o_carrier_id = 1) OR (orders.o_carrier_id = 2)) THEN 1 ELSE 0 END)","sum(CASE WHEN ((orders.o_carrier_id <> 1) AND (orders.o_carrier_id <> 2)) THEN 1 ELSE 0 END)"],"Group Key":["orders.o_ol_cnt"],"Planned Partitions":0,"HashAgg Batches":1,"Peak Memory Usage":24,"Disk Usage":0,"Shared Hit Blocks":725870,"Shared Read Blocks":0,"Shared Dirtied Blocks":0,"Shared Written Blocks":0,"Local Hit Blocks":0,"Local Read Blocks":0,"Local Dirtied Blocks":0,"Local Written Blocks":0,"Temp Read Blocks":77203,"Temp Written Blocks":77203,"I/O Read Time":0.0,"I/O Write Time":0.0,"Temp I/O Read Time":118.271,"Temp I/O Write Time":351.968,"Plans":[{"Node Type":"Hash Join","Parent Relationship":"Outer","Parallel Aware":false,"Async Capable":false,"Join Type":"Inner","Startup Cost":259192.27,"Total Cost":2050006.85,"Plan Rows":2958719,"Plan Width":4,"Actual Startup Time":1972.694,"Actual Total Time":10374.663,"Actual Rows":8593777,"Actual Loops":1,"Output":["orders.o_ol_cnt","orders.o_carrier_id"],"Inner Unique":true,"Hash Cond":"((order_line.ol_w_id = orders.o_w_id) AND (order_line.ol_d_id = orders.o_d_id) AND (order_line.ol_o_id = orders.o_id))","Join Filter":"(orders.o_entry_d <= order_line.ol_delivery_d)","Rows Removed by Join Filter":0,"Shared Hit Blocks":725870,"Shared Read Blocks":0,"Shared Dirtied Blocks":0,"Shared Written Blocks":0,"Local Hit Blocks":0,"Local Read Blocks":0,"Local Dirtied Blocks":0,"Local Written Blocks":0,"Temp Read Blocks":77203,"Temp Written Blocks":77203,"I/O Read Time":0.0,"I/O Write Time":0.0,"Temp I/O Read Time":118.271,"Temp I/O Write Time":351.968,"Plans":[{"Node Type":"Seq Scan","Parent Relationship":"Outer","Parallel Aware":false,"Async Capable":false,"Relation Name":"order_line","Schema":"public","Alias":"order_line","Startup Cost":0.0,"Total Cost":1581655.36,"Plan Rows":8881552,"Plan Width":20,"Actual Startup Time":20.853,"Actual Total Time":4660.313,"Actual Rows":8593777,"Actual Loops":1,"Output":["order_line.ol_w_id","order_line.ol_d_id","order_line.ol_o_id","order_line.ol_delivery_d"],"Filter":"((order_line.ol_delivery_d >= '1996-01-02 20:10:02.27764'::timestamp without time zone) AND (order_line.ol_delivery_d < '1997-01-02 20:10:02.27764'::timestamp without time zone))","Rows Removed by Filter":51399984,"Shared Hit Blocks":681748,"Shared Read Blocks":0,"Shared Dirtied Blocks":0,"Shared Written Blocks":0,"Local Hit Blocks":0,"Local Read Blocks":0,"Local Dirtied Blocks":0,"Local Written Blocks":0,"Temp Read Blocks":0,"Temp Written Blocks":0,"I/O Read Time":0.0,"I/O Write Time":0.0,"Temp I/O Read Time":0.0,"Temp I/O Write Time":0.0},{"Node Type":"Hash","Parent Relationship":"Inner","Parallel Aware":false,"Async Capable":false,"Startup Cost":119121.6,"Total Cost":119121.6,"Plan Rows":5996324,"Plan Width":24,"Actual Startup Time":1951.268,"Actual Total Time":1951.269,"Actual Rows":5995789,"Actual Loops":1,"Output":["orders.o_ol_cnt","orders.o_carrier_id","orders.o_w_id","orders.o_d_id","orders.o_id","orders.o_entry_d"],"Hash Buckets":131072,"Original Hash Buckets":131072,"Hash Batches":64,"Original Hash Batches":64,"Peak Memory Usage":6131,"Shared Hit Blocks":44122,"Shared Read Blocks":0,"Shared Dirtied Blocks":0,"Shared Written Blocks":0,"Local Hit Blocks":0,"Local Read Blocks":0,"Local Dirtied Blocks":0,"Local Written Blocks":0,"Temp Read Blocks":0,"Temp Written Blocks":31670,"I/O Read Time":0.0,"I/O Write Time":0.0,"Temp I/O Read Time":0.0,"Temp I/O Write Time":142.41,"Plans":[{"Node Type":"Seq Scan","Parent Relationship":"Outer","Parallel Aware":false,"Async Capable":false,"Relation Name":"orders","Schema":"public","Alias":"orders","Startup Cost":0.0,"Total Cost":119121.6,"Plan Rows":5996324,"Plan Width":24,"Actual Startup Time":0.011,"Actual Total Time":841.647,"Actual Rows":5995789,"Actual Loops":1,"Output":["orders.o_ol_cnt","orders.o_carrier_id","orders.o_w_id","orders.o_d_id","orders.o_id","orders.o_entry_d"],"Filter":"(orders.o_entry_d >= '1992-01-02 20:10:02.27764'::timestamp without time zone)","Rows Removed by Filter":4211,"Shared Hit Blocks":44122,"Shared Read Blocks":0,"Shared Dirtied Blocks":0,"Shared Written Blocks":0,"Local Hit Blocks":0,"Local Read Blocks":0,"Local Dirtied Blocks":0,"Local Written Blocks":0,"Temp Read Blocks":0,"Temp Written Blocks":0,"I/O Read Time":0.0,"I/O Write Time":0.0,"Temp I/O Read Time":0.0,"Temp I/O Write Time":0.0}]}]}]}]},"Planning":{"Shared Hit Blocks":18,"Shared Read Blocks":0,"Shared Dirtied Blocks":0,"Shared Written Blocks":0,"Local Hit Blocks":0,"Local Read Blocks":0,"Local Dirtied Blocks":0,"Local Written Blocks":0,"Temp Read Blocks":0,"Temp Written Blocks":0,"I/O Read Time":0.0,"I/O Write Time":0.0,"Temp I/O Read Time":0.0,"Temp I/O Write Time":0.0},"Planning Time":0.471,"Triggers":[],"Execution Time":11782.345}]
[列存组合]: order_line, orders
[{"Plan":{"Node Type":"Sort","Parallel Aware":false,"Async Capable":false,"Startup Cost":2070771.88,"Total Cost":2070771.91,"Plan Rows":11,"Plan Width":18,"Actual Startup Time":9120.61,"Actual Total Time":9120.618,"Actual Rows":11,"Actual Loops":1,"Output":["orders.o_ol_cnt","(sum(CASE WHEN ((orders.o_carrier_id = 1) OR (orders.o_carrier_id = 2)) THEN 1 ELSE 0 END))","(sum(CASE WHEN ((orders.o_carrier_id <> 1) AND (orders.o_carrier_id <> 2)) THEN 1 ELSE 0 END))"],"Sort Key":["orders.o_ol_cnt"],"Sort Method":"quicksort","Sort Space Used":25,"Sort Space Type":"Memory","Shared Hit Blocks":44122,"Shared Read Blocks":0,"Shared Dirtied Blocks":0,"Shared Written Blocks":0,"Local Hit Blocks":0,"Local Read Blocks":0,"Local Dirtied Blocks":0,"Local Written Blocks":0,"Temp Read Blocks":77203,"Temp Written Blocks":77203,"I/O Read Time":0.0,"I/O Write Time":0.0,"Temp I/O Read Time":117.434,"Temp I/O Write Time":342.408,"Plans":[{"Node Type":"Aggregate","Strategy":"Hashed","Partial Mode":"Simple","Parent Relationship":"Outer","Parallel Aware":false,"Async Capable":false,"Startup Cost":2070771.58,"Total Cost":2070771.69,"Plan Rows":11,"Plan Width":18,"Actual Startup Time":9120.591,"Actual Total Time":9120.6,"Actual Rows":11,"Actual Loops":1,"Output":["orders.o_ol_cnt","sum(CASE WHEN ((orders.o_carrier_id = 1) OR (orders.o_carrier_id = 2)) THEN 1 ELSE 0 END)","sum(CASE WHEN ((orders.o_carrier_id <> 1) AND (orders.o_carrier_id <> 2)) THEN 1 ELSE 0 END)"],"Group Key":["orders.o_ol_cnt"],"Planned Partitions":0,"HashAgg Batches":1,"Peak Memory Usage":24,"Disk Usage":0,"Shared Hit Blocks":44122,"Shared Read Blocks":0,"Shared Dirtied Blocks":0,"Shared Written Blocks":0,"Local Hit Blocks":0,"Local Read Blocks":0,"Local Dirtied Blocks":0,"Local Written Blocks":0,"Temp Read Blocks":77203,"Temp Written Blocks":77203,"I/O Read Time":0.0,"I/O Write Time":0.0,"Temp I/O Read Time":117.434,"Temp I/O Write Time":342.408,"Plans":[{"Node Type":"Hash Join","Parent Relationship":"Outer","Parallel Aware":false,"Async Capable":false,"Join Type":"Inner","Startup Cost":259212.27,"Total Cost":2018994.0,"Plan Rows":2958719,"Plan Width":4,"Actual Startup Time":1942.998,"Actual Total Time":7723.324,"Actual Rows":8593777,"Actual Loops":1,"Output":["orders.o_ol_cnt","orders.o_carrier_id"],"Inner Unique":true,"Hash Cond":"((order_line.ol_w_id = orders.o_w_id) AND (order_line.ol_d_id = orders.o_d_id) AND (order_line.ol_o_id = orders.o_id))","Join Filter":"(orders.o_entry_d <= order_line.ol_delivery_d)","Rows Removed by Join Filter":0,"Shared Hit Blocks":44122,"Shared Read Blocks":0,"Shared Dirtied Blocks":0,"Shared Written Blocks":0,"Local Hit Blocks":0,"Local Read Blocks":0,"Local Dirtied Blocks":0,"Local Written Blocks":0,"Temp Read Blocks":77203,"Temp Written Blocks":77203,"I/O Read Time":0.0,"I/O Write Time":0.0,"Temp I/O Read Time":117.434,"Temp I/O Write Time":342.408,"Plans":[{"Node Type":"Append","Parent Relationship":"Outer","Parallel Aware":false,"Async Capable":false,"Startup Cost":20.0,"Total Cost":1550642.51,"Plan Rows":8881552,"Plan Width":20,"Actual Startup Time":0.177,"Actual Total Time":1960.01,"Actual Rows":8593777,"Actual Loops":1,"Shared Hit Blocks":0,"Shared Read Blocks":0,"Shared Dirtied Blocks":0,"Shared Written Blocks":0,"Local Hit Blocks":0,"Local Read Blocks":0,"Local Dirtied Blocks":0,"Local Written Blocks":0,"Temp Read Blocks":0,"Temp Written Blocks":0,"I/O Read Time":0.0,"I/O Write Time":0.0,"Temp I/O Read Time":0.0,"Temp I/O Write Time":0.0,"Subplans Removed":0,"Plans":[{"Node Type":"Custom Scan","Parent Relationship":"Member","Custom Plan Provider":"columnar scan","Parallel Aware":false,"Async Capable":false,"Relation Name":"order_line","Schema":"public","Alias":"order_line","Startup Cost":20.0,"Total Cost":208738.42,"Plan Rows":8881543,"Plan Width":20,"Actual Startup Time":0.176,"Actual Total Time":1339.669,"Actual Rows":8593777,"Actual Loops":1,"Output":["order_line.ol_w_id","order_line.ol_d_id","order_line.ol_o_id","order_line.ol_delivery_d"],"Filter":"((order_line.ol_delivery_d >= '1996-01-02 20:10:02.27764'::timestamp without time zone) AND (order_line.ol_delivery_d < '1997-01-02 20:10:02.27764'::timestamp without time zone))","Rows Removed by Filter":0,"Rows Removed by Columnar Filter":51399984,"Columnar cache search mode":"native","Shared Hit Blocks":0,"Shared Read Blocks":0,"Shared Dirtied Blocks":0,"Shared Written Blocks":0,"Local Hit Blocks":0,"Local Read Blocks":0,"Local Dirtied Blocks":0,"Local Written Blocks":0,"Temp Read Blocks":0,"Temp Written Blocks":0,"I/O Read Time":0.0,"I/O Write Time":0.0,"Temp I/O Read Time":0.0,"Temp I/O Write Time":0.0},{"Node Type":"Seq Scan","Parent Relationship":"Member","Parallel Aware":false,"Async Capable":false,"Relation Name":"order_line","Schema":"public","Alias":"order_line","Startup Cost":0.0,"Total Cost":4.95,"Plan Rows":9,"Plan Width":20,"Actual Startup Time":0.0,"Actual Total Time":0.0,"Actual Rows":0,"Actual Loops":0,"Output":["order_line.ol_w_id","order_line.ol_d_id","order_line.ol_o_id","order_line.ol_delivery_d"],"Filter":"((order_line.ol_delivery_d >= '1996-01-02 20:10:02.27764'::timestamp without time zone) AND (order_line.ol_delivery_d < '1997-01-02 20:10:02.27764'::timestamp without time zone))","Rows Removed by Filter":0,"Shared Hit Blocks":0,"Shared Read Blocks":0,"Shared Dirtied Blocks":0,"Shared Written Blocks":0,"Local Hit Blocks":0,"Local Read Blocks":0,"Local Dirtied Blocks":0,"Local Written Blocks":0,"Temp Read Blocks":0,"Temp Written Blocks":0,"I/O Read Time":0.0,"I/O Write Time":0.0,"Temp I/O Read Time":0.0,"Temp I/O Write Time":0.0}]},{"Node Type":"Hash","Parent Relationship":"Inner","Parallel Aware":false,"Async Capable":false,"Startup Cost":119121.6,"Total Cost":119121.6,"Plan Rows":5996324,"Plan Width":24,"Actual Startup Time":1942.141,"Actual Total Time":1942.142,"Actual Rows":5995789,"Actual Loops":1,"Output":["orders.o_ol_cnt","orders.o_carrier_id","orders.o_w_id","orders.o_d_id","orders.o_id","orders.o_entry_d"],"Hash Buckets":131072,"Original Hash Buckets":131072,"Hash Batches":64,"Original Hash Batches":64,"Peak Memory Usage":6131,"Shared Hit Blocks":44122,"Shared Read Blocks":0,"Shared Dirtied Blocks":0,"Shared Written Blocks":0,"Local Hit Blocks":0,"Local Read Blocks":0,"Local Dirtied Blocks":0,"Local Written Blocks":0,"Temp Read Blocks":0,"Temp Written Blocks":31670,"I/O Read Time":0.0,"I/O Write Time":0.0,"Temp I/O Read Time":0.0,"Temp I/O Write Time":142.474,"Plans":[{"Node Type":"Seq Scan","Parent Relationship":"Outer","Parallel Aware":false,"Async Capable":false,"Relation Name":"orders","Schema":"public","Alias":"orders","Startup Cost":0.0,"Total Cost":119121.6,"Plan Rows":5996324,"Plan Width":24,"Actual Startup Time":0.015,"Actual Total Time":831.844,"Actual Rows":5995789,"Actual Loops":1,"Output":["orders.o_ol_cnt","orders.o_carrier_id","orders.o_w_id","orders.o_d_id","orders.o_id","orders.o_entry_d"],"Filter":"(orders.o_entry_d >= '1992-01-02 20:10:02.27764'::timestamp without time zone)","Rows Removed by Filter":4211,"Shared Hit Blocks":44122,"Shared Read Blocks":0,"Shared Dirtied Blocks":0,"Shared Written Blocks":0,"Local Hit Blocks":0,"Local Read Blocks":0,"Local Dirtied Blocks":0,"Local Written Blocks":0,"Temp Read Blocks":0,"Temp Written Blocks":0,"I/O Read Time":0.0,"I/O Write Time":0.0,"Temp I/O Read Time":0.0,"Temp I/O Write Time":0.0}]}]}]}]},"Planning":{"Shared Hit Blocks":18,"Shared Read Blocks":0,"Shared Dirtied Blocks":0,"Shared Written Blocks":0,"Local Hit Blocks":0,"Local Read Blocks":0,"Local Dirtied Blocks":0,"Local Written Blocks":0,"Temp Read Blocks":0,"Temp Written Blocks":0,"I/O Read Time":0.0,"I/O Write Time":0.0,"Temp I/O Read Time":0.0,"Temp I/O Write Time":0.0},"Planning Time":1.012,"Triggers":[],"Execution Time":9120.737}]
