[列存组合]: 无列存
[{"Plan":{"Node Type":"Sort","Parallel Aware":false,"Async Capable":false,"Startup Cost":464838.62,"Total Cost":464839.12,"Plan Rows":200,"Plan Width":16,"Actual Startup Time":3194.197,"Actual Total Time":3194.204,"Actual Rows":119,"Actual Loops":1,"Output":["c_orders.c_count","(count(*))"],"Sort Key":["(count(*)) DESC","c_orders.c_count DESC"],"Sort Method":"quicksort","Sort Space Used":31,"Sort Space Type":"Memory","Shared Hit Blocks":46364,"Shared Read Blocks":14169,"Shared Dirtied Blocks":0,"Shared Written Blocks":0,"Local Hit Blocks":0,"Local Read Blocks":0,"Local Dirtied Blocks":0,"Local Written Blocks":0,"Temp Read Blocks":5353,"Temp Written Blocks":5369,"I/O Read Time":106.146,"I/O Write Time":0.0,"Temp I/O Read Time":7.62,"Temp I/O Write Time":14.009,"Plans":[{"Node Type":"Aggregate","Strategy":"Sorted","Partial Mode":"Simple","Parent Relationship":"Outer","Parallel Aware":false,"Async Capable":false,"Startup Cost":464806.47,"Total Cost":464830.97,"Plan Rows":200,"Plan Width":16,"Actual Startup Time":3193.814,"Actual Total Time":3194.171,"Actual Rows":119,"Actual Loops":1,"Output":["c_orders.c_count","count(*)"],"Group Key":["c_orders.c_count"],"Shared Hit Blocks":46364,"Shared Read Blocks":14169,"Shared Dirtied Blocks":0,"Shared Written Blocks":0,"Local Hit Blocks":0,"Local Read Blocks":0,"Local Dirtied Blocks":0,"Local Written Blocks":0,"Temp Read Blocks":5353,"Temp Written Blocks":5369,"I/O Read Time":106.146,"I/O Write Time":0.0,"Temp I/O Read Time":7.62,"Temp I/O Write Time":14.009,"Plans":[{"Node Type":"Sort","Parent Relationship":"Outer","Parallel Aware":false,"Async Capable":false,"Startup Cost":464806.47,"Total Cost":464813.97,"Plan Rows":3000,"Plan Width":8,"Actual Startup Time":3193.805,"Actual Total Time":3193.923,"Actual Rows":3000,"Actual Loops":1,"Output":["c_orders.c_count"],"Sort Key":["c_orders.c_count DESC"],"Sort Method":"quicksort","Sort Space Used":97,"Sort Space Type":"Memory","Shared Hit Blocks":46364,"Shared Read Blocks":14169,"Shared Dirtied Blocks":0,"Shared Written Blocks":0,"Local Hit Blocks":0,"Local Read Blocks":0,"Local Dirtied Blocks":0,"Local Written Blocks":0,"Temp Read Blocks":5353,"Temp Written Blocks":5369,"I/O Read Time":106.146,"I/O Write Time":0.0,"Temp I/O Read Time":7.62,"Temp I/O Write Time":14.009,"Plans":[{"Node Type":"Subquery Scan","Parent Relationship":"Outer","Parallel Aware":false,"Async Capable":false,"Alias":"c_orders","Startup Cost":464573.21,"Total Cost":464633.21,"Plan Rows":3000,"Plan Width":8,"Actual Startup Time":3193.027,"Actual Total Time":3193.504,"Actual Rows":3000,"Actual Loops":1,"Output":["c_orders.c_count"],"Shared Hit Blocks":46364,"Shared Read Blocks":14169,"Shared Dirtied Blocks":0,"Shared Written Blocks":0,"Local Hit Blocks":0,"Local Read Blocks":0,"Local Dirtied Blocks":0,"Local Written Blocks":0,"Temp Read Blocks":5353,"Temp Written Blocks":5369,"I/O Read Time":106.146,"I/O Write Time":0.0,"Temp I/O Read Time":7.62,"Temp I/O Write Time":14.009,"Plans":[{"Node Type":"Aggregate","Strategy":"Hashed","Partial Mode":"Simple","Parent Relationship":"Subquery","Parallel Aware":false,"Async Capable":false,"Startup Cost":464573.21,"Total Cost":464603.21,"Plan Rows":3000,"Plan Width":12,"Actual Startup Time":3193.025,"Actual Total Time":3193.277,"Actual Rows":3000,"Actual Loops":1,"Output":["customer.c_id","count(orders.o_id)"],"Group Key":["customer.c_id"],"Planned Partitions":0,"HashAgg Batches":1,"Peak Memory Usage":369,"Disk Usage":0,"Shared Hit Blocks":46364,"Shared Read Blocks":14169,"Shared Dirtied Blocks":0,"Shared Written Blocks":0,"Local Hit Blocks":0,"Local Read Blocks":0,"Local Dirtied Blocks":0,"Local Written Blocks":0,"Temp Read Blocks":5353,"Temp Written Blocks":5369,"I/O Read Time":106.146,"I/O Write Time":0.0,"Temp I/O Read Time":7.62,"Temp I/O Write Time":14.009,"Plans":[{"Node Type":"Merge Join","Parent Relationship":"Outer","Parallel Aware":false,"Async Capable":false,"Join Type":"Right","Startup Cost":216845.33,"Total Cost":434572.51,"Plan Rows":6000140,"Plan Width":12,"Actual Startup Time":898.237,"Actual Total Time":2375.224,"Actual Rows":6000000,"Actual Loops":1,"Output":["customer.c_id","orders.o_id"],"Inner Unique":true,"Merge Cond":"((orders.o_w_id = customer.c_w_id) AND (orders.o_d_id = customer.c_d_id) AND (orders.o_c_id = customer.c_id))","Shared Hit Blocks":46364,"Shared Read Blocks":14169,"Shared Dirtied Blocks":0,"Shared Written Blocks":0,"Local Hit Blocks":0,"Local Read Blocks":0,"Local Dirtied Blocks":0,"Local Written Blocks":0,"Temp Read Blocks":5353,"Temp Written Blocks":5369,"I/O Read Time":106.146,"I/O Write Time":0.0,"Temp I/O Read Time":7.62,"Temp I/O Write Time":14.009,"Plans":[{"Node Type":"Sort","Parent Relationship":"Outer","Parallel Aware":false,"Async Capable":false,"Startup Cost":216844.9,"Total Cost":218959.39,"Plan Rows":845795,"Plan Width":16,"Actual Startup Time":898.117,"Actual Total Time":969.189,"Actual Rows":840931,"Actual Loops":1,"Output":["orders.o_id","orders.o_w_id","orders.o_d_id","orders.o_c_id"],"Sort Key":["orders.o_w_id","orders.o_d_id","orders.o_c_id"],"Sort Method":"external merge","Sort Space Used":21424,"Sort Space Type":"Disk","Shared Hit Blocks":44122,"Shared Read Blocks":0,"Shared Dirtied Blocks":0,"Shared Written Blocks":0,"Local Hit Blocks":0,"Local Read Blocks":0,"Local Dirtied Blocks":0,"Local Written Blocks":0,"Temp Read Blocks":5353,"Temp Written Blocks":5369,"I/O Read Time":0.0,"I/O Write Time":0.0,"Temp I/O Read Time":7.62,"Temp I/O Write Time":14.009,"Plans":[{"Node Type":"Seq Scan","Parent Relationship":"Outer","Parallel Aware":false,"Async Capable":false,"Relation Name":"orders","Schema":"public","Alias":"orders","Startup Cost":0.0,"Total Cost":119121.6,"Plan Rows":845795,"Plan Width":16,"Actual Startup Time":0.008,"Actual Total Time":427.434,"Actual Rows":840931,"Actual Loops":1,"Output":["orders.o_id","orders.o_w_id","orders.o_d_id","orders.o_c_id"],"Filter":"(orders.o_carrier_id > 8)","Rows Removed by Filter":5159069,"Shared Hit Blocks":44122,"Shared Read Blocks":0,"Shared Dirtied Blocks":0,"Shared Written Blocks":0,"Local Hit Blocks":0,"Local Read Blocks":0,"Local Dirtied Blocks":0,"Local Written Blocks":0,"Temp Read Blocks":0,"Temp Written Blocks":0,"I/O Read Time":0.0,"I/O Write Time":0.0,"Temp I/O Read Time":0.0,"Temp I/O Write Time":0.0}]},{"Node Type":"Index Only Scan","Parent Relationship":"Inner","Parallel Aware":false,"Async Capable":false,"Scan Direction":"Forward","Index Name":"customer_pk","Relation Name":"customer","Schema":"public","Alias":"customer","Startup Cost":0.43,"Total Cost":155818.53,"Plan Rows":6000140,"Plan Width":8,"Actual Startup Time":0.109,"Actual Total Time":574.96,"Actual Rows":6000000,"Actual Loops":1,"Output":["customer.c_w_id","customer.c_d_id","customer.c_id"],"Heap Fetches":0,"Shared Hit Blocks":2242,"Shared Read Blocks":14169,"Shared Dirtied Blocks":0,"Shared Written Blocks":0,"Local Hit Blocks":0,"Local Read Blocks":0,"Local Dirtied Blocks":0,"Local Written Blocks":0,"Temp Read Blocks":0,"Temp Written Blocks":0,"I/O Read Time":106.146,"I/O Write Time":0.0,"Temp I/O Read Time":0.0,"Temp I/O Write Time":0.0}]}]}]}]}]}]},"Planning":{"Shared Hit Blocks":22,"Shared Read Blocks":0,"Shared Dirtied Blocks":0,"Shared Written Blocks":0,"Local Hit Blocks":0,"Local Read Blocks":0,"Local Dirtied Blocks":0,"Local Written Blocks":0,"Temp Read Blocks":0,"Temp Written Blocks":0,"I/O Read Time":0.0,"I/O Write Time":0.0,"Temp I/O Read Time":0.0,"Temp I/O Write Time":0.0},"Planning Time":0.329,"Triggers":[],"Execution Time":3197.609}]
[列存组合]: customer
[{"Plan":{"Node Type":"Sort","Parallel Aware":false,"Async Capable":false,"Startup Cost":445214.25,"Total Cost":445214.75,"Plan Rows":200,"Plan Width":16,"Actual Startup Time":4623.13,"Actual Total Time":4623.144,"Actual Rows":119,"Actual Loops":1,"Output":["c_orders.c_count","(count(*))"],"Sort Key":["(count(*)) DESC","c_orders.c_count DESC"],"Sort Method":"quicksort","Sort Space Used":31,"Sort Space Type":"Memory","Shared Hit Blocks":44122,"Shared Read Blocks":0,"Shared Dirtied Blocks":0,"Shared Written Blocks":0,"Local Hit Blocks":0,"Local Read Blocks":0,"Local Dirtied Blocks":0,"Local Written Blocks":0,"Temp Read Blocks":23884,"Temp Written Blocks":23884,"I/O Read Time":0.0,"I/O Write Time":0.0,"Temp I/O Read Time":38.294,"Temp I/O Write Time":109.894,"Plans":[{"Node Type":"Aggregate","Strategy":"Sorted","Partial Mode":"Simple","Parent Relationship":"Outer","Parallel Aware":false,"Async Capable":false,"Startup Cost":445182.1,"Total Cost":445206.6,"Plan Rows":200,"Plan Width":16,"Actual Startup Time":4622.745,"Actual Total Time":4623.107,"Actual Rows":119,"Actual Loops":1,"Output":["c_orders.c_count","count(*)"],"Group Key":["c_orders.c_count"],"Shared Hit Blocks":44122,"Shared Read Blocks":0,"Shared Dirtied Blocks":0,"Shared Written Blocks":0,"Local Hit Blocks":0,"Local Read Blocks":0,"Local Dirtied Blocks":0,"Local Written Blocks":0,"Temp Read Blocks":23884,"Temp Written Blocks":23884,"I/O Read Time":0.0,"I/O Write Time":0.0,"Temp I/O Read Time":38.294,"Temp I/O Write Time":109.894,"Plans":[{"Node Type":"Sort","Parent Relationship":"Outer","Parallel Aware":false,"Async Capable":false,"Startup Cost":445182.1,"Total Cost":445189.6,"Plan Rows":3000,"Plan Width":8,"Actual Startup Time":4622.737,"Actual Total Time":4622.868,"Actual Rows":3000,"Actual Loops":1,"Output":["c_orders.c_count"],"Sort Key":["c_orders.c_count DESC"],"Sort Method":"quicksort","Sort Space Used":97,"Sort Space Type":"Memory","Shared Hit Blocks":44122,"Shared Read Blocks":0,"Shared Dirtied Blocks":0,"Shared Written Blocks":0,"Local Hit Blocks":0,"Local Read Blocks":0,"Local Dirtied Blocks":0,"Local Written Blocks":0,"Temp Read Blocks":23884,"Temp Written Blocks":23884,"I/O Read Time":0.0,"I/O Write Time":0.0,"Temp I/O Read Time":38.294,"Temp I/O Write Time":109.894,"Plans":[{"Node Type":"Subquery Scan","Parent Relationship":"Outer","Parallel Aware":false,"Async Capable":false,"Alias":"c_orders","Startup Cost":444948.84,"Total Cost":445008.84,"Plan Rows":3000,"Plan Width":8,"Actual Startup Time":4621.952,"Actual Total Time":4622.44,"Actual Rows":3000,"Actual Loops":1,"Output":["c_orders.c_count"],"Shared Hit Blocks":44122,"Shared Read Blocks":0,"Shared Dirtied Blocks":0,"Shared Written Blocks":0,"Local Hit Blocks":0,"Local Read Blocks":0,"Local Dirtied Blocks":0,"Local Written Blocks":0,"Temp Read Blocks":23884,"Temp Written Blocks":23884,"I/O Read Time":0.0,"I/O Write Time":0.0,"Temp I/O Read Time":38.294,"Temp I/O Write Time":109.894,"Plans":[{"Node Type":"Aggregate","Strategy":"Hashed","Partial Mode":"Simple","Parent Relationship":"Subquery","Parallel Aware":false,"Async Capable":false,"Startup Cost":444948.84,"Total Cost":444978.84,"Plan Rows":3000,"Plan Width":12,"Actual Startup Time":4621.949,"Actual Total Time":4622.211,"Actual Rows":3000,"Actual Loops":1,"Output":["customer.c_id","count(orders.o_id)"],"Group Key":["customer.c_id"],"Planned Partitions":0,"HashAgg Batches":1,"Peak Memory Usage":369,"Disk Usage":0,"Shared Hit Blocks":44122,"Shared Read Blocks":0,"Shared Dirtied Blocks":0,"Shared Written Blocks":0,"Local Hit Blocks":0,"Local Read Blocks":0,"Local Dirtied Blocks":0,"Local Written Blocks":0,"Temp Read Blocks":23884,"Temp Written Blocks":23884,"I/O Read Time":0.0,"I/O Write Time":0.0,"Temp I/O Read Time":38.294,"Temp I/O Write Time":109.894,"Plans":[{"Node Type":"Hash Join","Parent Relationship":"Outer","Parallel Aware":false,"Async Capable":false,"Join Type":"Right","Startup Cost":257466.91,"Total Cost":414948.14,"Plan Rows":6000140,"Plan Width":12,"Actual Startup Time":2157.306,"Actual Total Time":3792.339,"Actual Rows":6000000,"Actual Loops":1,"Output":["customer.c_id","orders.o_id"],"Inner Unique":true,"Hash Cond":"((orders.o_w_id = customer.c_w_id) AND (orders.o_d_id = customer.c_d_id) AND (orders.o_c_id = customer.c_id))","Shared Hit Blocks":44122,"Shared Read Blocks":0,"Shared Dirtied Blocks":0,"Shared Written Blocks":0,"Local Hit Blocks":0,"Local Read Blocks":0,"Local Dirtied Blocks":0,"Local Written Blocks":0,"Temp Read Blocks":23884,"Temp Written Blocks":23884,"I/O Read Time":0.0,"I/O Write Time":0.0,"Temp I/O Read Time":38.294,"Temp I/O Write Time":109.894,"Plans":[{"Node Type":"Seq Scan","Parent Relationship":"Outer","Parallel Aware":false,"Async Capable":false,"Relation Name":"orders","Schema":"public","Alias":"orders","Startup Cost":0.0,"Total Cost":119121.6,"Plan Rows":845795,"Plan Width":16,"Actual Startup Time":0.03,"Actual Total Time":433.201,"Actual Rows":840931,"Actual Loops":1,"Output":["orders.o_id","orders.o_w_id","orders.o_d_id","orders.o_c_id"],"Filter":"(orders.o_carrier_id > 8)","Rows Removed by Filter":5159069,"Shared Hit Blocks":44122,"Shared Read Blocks":0,"Shared Dirtied Blocks":0,"Shared Written Blocks":0,"Local Hit Blocks":0,"Local Read Blocks":0,"Local Dirtied Blocks":0,"Local Written Blocks":0,"Temp Read Blocks":0,"Temp Written Blocks":0,"I/O Read Time":0.0,"I/O Write Time":0.0,"Temp I/O Read Time":0.0,"Temp I/O Write Time":0.0},{"Node Type":"Hash","Parent Relationship":"Inner","Parallel Aware":false,"Async Capable":false,"Startup Cost":129025.46,"Total Cost":129025.46,"Plan Rows":6000140,"Plan Width":8,"Actual Startup Time":2155.747,"Actual Total Time":2155.751,"Actual Rows":6000000,"Actual Loops":1,"Output":["customer.c_id","customer.c_w_id","customer.c_d_id"],"Hash Buckets":262144,"Original Hash Buckets":262144,"Hash Batches":64,"Original Hash Batches":64,"Peak Memory Usage":5716,"Shared Hit Blocks":0,"Shared Read Blocks":0,"Shared Dirtied Blocks":0,"Shared Written Blocks":0,"Local Hit Blocks":0,"Local Read Blocks":0,"Local Dirtied Blocks":0,"Local Written Blocks":0,"Temp Read Blocks":0,"Temp Written Blocks":20153,"I/O Read Time":0.0,"I/O Write Time":0.0,"Temp I/O Read Time":0.0,"Temp I/O Write Time":91.663,"Plans":[{"Node Type":"Append","Parent Relationship":"Outer","Parallel Aware":false,"Async Capable":false,"Startup Cost":20.0,"Total Cost":129025.46,"Plan Rows":6000140,"Plan Width":8,"Actual Startup Time":0.024,"Actual Total Time":1194.692,"Actual Rows":6000000,"Actual Loops":1,"Shared Hit Blocks":0,"Shared Read Blocks":0,"Shared Dirtied Blocks":0,"Shared Written Blocks":0,"Local Hit Blocks":0,"Local Read Blocks":0,"Local Dirtied Blocks":0,"Local Written Blocks":0,"Temp Read Blocks":0,"Temp Written Blocks":0,"I/O Read Time":0.0,"I/O Write Time":0.0,"Temp I/O Read Time":0.0,"Temp I/O Write Time":0.0,"Subplans Removed":0,"Plans":[{"Node Type":"Custom Scan","Parent Relationship":"Member","Custom Plan Provider":"columnar scan","Parallel Aware":false,"Async Capable":false,"Relation Name":"customer","Schema":"public","Alias":"customer","Startup Cost":20.0,"Total Cost":129020.06,"Plan Rows":6000000,"Plan Width":8,"Actual Startup Time":0.023,"Actual Total Time":781.395,"Actual Rows":6000000,"Actual Loops":1,"Output":["customer.c_id","customer.c_w_id","customer.c_d_id"],"Rows Removed by Columnar Filter":0,"Columnar cache search mode":"native","Shared Hit Blocks":0,"Shared Read Blocks":0,"Shared Dirtied Blocks":0,"Shared Written Blocks":0,"Local Hit Blocks":0,"Local Read Blocks":0,"Local Dirtied Blocks":0,"Local Written Blocks":0,"Temp Read Blocks":0,"Temp Written Blocks":0,"I/O Read Time":0.0,"I/O Write Time":0.0,"Temp I/O Read Time":0.0,"Temp I/O Write Time":0.0},{"Node Type":"Seq Scan","Parent Relationship":"Member","Parallel Aware":false,"Async Capable":false,"Relation Name":"customer","Schema":"public","Alias":"customer","Startup Cost":0.0,"Total Cost":5.4,"Plan Rows":140,"Plan Width":8,"Actual Startup Time":0.0,"Actual Total Time":0.0,"Actual Rows":0,"Actual Loops":0,"Output":["customer.c_id","customer.c_w_id","customer.c_d_id"],"Shared Hit Blocks":0,"Shared Read Blocks":0,"Shared Dirtied Blocks":0,"Shared Written Blocks":0,"Local Hit Blocks":0,"Local Read Blocks":0,"Local Dirtied Blocks":0,"Local Written Blocks":0,"Temp Read Blocks":0,"Temp Written Blocks":0,"I/O Read Time":0.0,"I/O Write Time":0.0,"Temp I/O Read Time":0.0,"Temp I/O Write Time":0.0}]}]}]}]}]}]}]}]},"Planning":{"Shared Hit Blocks":16,"Shared Read Blocks":0,"Shared Dirtied Blocks":0,"Shared Written Blocks":0,"Local Hit Blocks":0,"Local Read Blocks":0,"Local Dirtied Blocks":0,"Local Written Blocks":0,"Temp Read Blocks":0,"Temp Written Blocks":0,"I/O Read Time":0.0,"I/O Write Time":0.0,"Temp I/O Read Time":0.0,"Temp I/O Write Time":0.0},"Planning Time":0.991,"Triggers":[],"Execution Time":4623.275}]
[列存组合]: orders
[{"Plan":{"Node Type":"Sort","Parallel Aware":false,"Async Capable":false,"Startup Cost":462503.03,"Total Cost":462503.53,"Plan Rows":200,"Plan Width":16,"Actual Startup Time":2438.436,"Actual Total Time":2438.447,"Actual Rows":119,"Actual Loops":1,"Output":["c_orders.c_count","(count(*))"],"Sort Key":["(count(*)) DESC","c_orders.c_count DESC"],"Sort Method":"quicksort","Sort Space Used":31,"Sort Space Type":"Memory","Shared Hit Blocks":16411,"Shared Read Blocks":0,"Shared Dirtied Blocks":0,"Shared Written Blocks":0,"Local Hit Blocks":0,"Local Read Blocks":0,"Local Dirtied Blocks":0,"Local Written Blocks":0,"Temp Read Blocks":5356,"Temp Written Blocks":5377,"I/O Read Time":0.0,"I/O Write Time":0.0,"Temp I/O Read Time":7.023,"Temp I/O Write Time":13.877,"Plans":[{"Node Type":"Aggregate","Strategy":"Sorted","Partial Mode":"Simple","Parent Relationship":"Outer","Parallel Aware":false,"Async Capable":false,"Startup Cost":462470.88,"Total Cost":462495.38,"Plan Rows":200,"Plan Width":16,"Actual Startup Time":2438.063,"Actual Total Time":2438.415,"Actual Rows":119,"Actual Loops":1,"Output":["c_orders.c_count","count(*)"],"Group Key":["c_orders.c_count"],"Shared Hit Blocks":16411,"Shared Read Blocks":0,"Shared Dirtied Blocks":0,"Shared Written Blocks":0,"Local Hit Blocks":0,"Local Read Blocks":0,"Local Dirtied Blocks":0,"Local Written Blocks":0,"Temp Read Blocks":5356,"Temp Written Blocks":5377,"I/O Read Time":0.0,"I/O Write Time":0.0,"Temp I/O Read Time":7.023,"Temp I/O Write Time":13.877,"Plans":[{"Node Type":"Sort","Parent Relationship":"Outer","Parallel Aware":false,"Async Capable":false,"Startup Cost":462470.88,"Total Cost":462478.38,"Plan Rows":3000,"Plan Width":8,"Actual Startup Time":2438.055,"Actual Total Time":2438.177,"Actual Rows":3000,"Actual Loops":1,"Output":["c_orders.c_count"],"Sort Key":["c_orders.c_count DESC"],"Sort Method":"quicksort","Sort Space Used":97,"Sort Space Type":"Memory","Shared Hit Blocks":16411,"Shared Read Blocks":0,"Shared Dirtied Blocks":0,"Shared Written Blocks":0,"Local Hit Blocks":0,"Local Read Blocks":0,"Local Dirtied Blocks":0,"Local Written Blocks":0,"Temp Read Blocks":5356,"Temp Written Blocks":5377,"I/O Read Time":0.0,"I/O Write Time":0.0,"Temp I/O Read Time":7.023,"Temp I/O Write Time":13.877,"Plans":[{"Node Type":"Subquery Scan","Parent Relationship":"Outer","Parallel Aware":false,"Async Capable":false,"Alias":"c_orders","Startup Cost":462237.62,"Total Cost":462297.62,"Plan Rows":3000,"Plan Width":8,"Actual Startup Time":2437.257,"Actual Total Time":2437.747,"Actual Rows":3000,"Actual Loops":1,"Output":["c_orders.c_count"],"Shared Hit Blocks":16411,"Shared Read Blocks":0,"Shared Dirtied Blocks":0,"Shared Written Blocks":0,"Local Hit Blocks":0,"Local Read Blocks":0,"Local Dirtied Blocks":0,"Local Written Blocks":0,"Temp Read Blocks":5356,"Temp Written Blocks":5377,"I/O Read Time":0.0,"I/O Write Time":0.0,"Temp I/O Read Time":7.023,"Temp I/O Write Time":13.877,"Plans":[{"Node Type":"Aggregate","Strategy":"Hashed","Partial Mode":"Simple","Parent Relationship":"Subquery","Parallel Aware":false,"Async Capable":false,"Startup Cost":462237.62,"Total Cost":462267.62,"Plan Rows":3000,"Plan Width":12,"Actual Startup Time":2437.255,"Actual Total Time":2437.518,"Actual Rows":3000,"Actual Loops":1,"Output":["customer.c_id","count(orders.o_id)"],"Group Key":["customer.c_id"],"Planned Partitions":0,"HashAgg Batches":1,"Peak Memory Usage":369,"Disk Usage":0,"Shared Hit Blocks":16411,"Shared Read Blocks":0,"Shared Dirtied Blocks":0,"Shared Written Blocks":0,"Local Hit Blocks":0,"Local Read Blocks":0,"Local Dirtied Blocks":0,"Local Written Blocks":0,"Temp Read Blocks":5356,"Temp Written Blocks":5377,"I/O Read Time":0.0,"I/O Write Time":0.0,"Temp I/O Read Time":7.023,"Temp I/O Write Time":13.877,"Plans":[{"Node Type":"Merge Join","Parent Relationship":"Outer","Parallel Aware":false,"Async Capable":false,"Join Type":"Right","Startup Cost":214509.72,"Total Cost":432236.92,"Plan Rows":6000140,"Plan Width":12,"Actual Startup Time":263.317,"Actual Total Time":1616.634,"Actual Rows":6000000,"Actual Loops":1,"Output":["customer.c_id","orders.o_id"],"Inner Unique":true,"Merge Cond":"((orders.o_w_id = customer.c_w_id) AND (orders.o_d_id = customer.c_d_id) AND (orders.o_c_id = customer.c_id))","Shared Hit Blocks":16411,"Shared Read Blocks":0,"Shared Dirtied Blocks":0,"Shared Written Blocks":0,"Local Hit Blocks":0,"Local Read Blocks":0,"Local Dirtied Blocks":0,"Local Written Blocks":0,"Temp Read Blocks":5356,"Temp Written Blocks":5377,"I/O Read Time":0.0,"I/O Write Time":0.0,"Temp I/O Read Time":7.023,"Temp I/O Write Time":13.877,"Plans":[{"Node Type":"Sort","Parent Relationship":"Outer","Parallel Aware":false,"Async Capable":false,"Startup Cost":214509.29,"Total Cost":216623.78,"Plan Rows":845796,"Plan Width":16,"Actual Startup Time":263.283,"Actual Total Time":334.307,"Actual Rows":840931,"Actual Loops":1,"Output":["orders.o_id","orders.o_w_id","orders.o_d_id","orders.o_c_id"],"Sort Key":["orders.o_w_id","orders.o_d_id","orders.o_c_id"],"Sort Method":"external merge","Sort Space Used":21448,"Sort Space Type":"Disk","Shared Hit Blocks":0,"Shared Read Blocks":0,"Shared Dirtied Blocks":0,"Shared Written Blocks":0,"Local Hit Blocks":0,"Local Read Blocks":0,"Local Dirtied Blocks":0,"Local Written Blocks":0,"Temp Read Blocks":5356,"Temp Written Blocks":5377,"I/O Read Time":0.0,"I/O Write Time":0.0,"Temp I/O Read Time":7.023,"Temp I/O Write Time":13.877,"Plans":[{"Node Type":"Append","Parent Relationship":"Outer","Parallel Aware":false,"Async Capable":false,"Startup Cost":20.0,"Total Cost":116785.88,"Plan Rows":845796,"Plan Width":16,"Actual Startup Time":213.938,"Actual Total Time":213.943,"Actual Rows":840931,"Actual Loops":1,"Shared Hit Blocks":0,"Shared Read Blocks":0,"Shared Dirtied Blocks":0,"Shared Written Blocks":0,"Local Hit Blocks":0,"Local Read Blocks":0,"Local Dirtied Blocks":0,"Local Written Blocks":0,"Temp Read Blocks":0,"Temp Written Blocks":2686,"I/O Read Time":0.0,"I/O Write Time":0.0,"Temp I/O Read Time":0.0,"Temp I/O Write Time":10.113,"Subplans Removed":0,"Plans":[{"Node Type":"Custom Scan","Parent Relationship":"Member","Custom Plan Provider":"columnar scan","Parallel Aware":false,"Async Capable":false,"Relation Name":"orders","Schema":"public","Alias":"orders","Startup Cost":20.0,"Total Cost":19896.24,"Plan Rows":845795,"Plan Width":16,"Actual Startup Time":213.935,"Actual Total Time":213.937,"Actual Rows":840931,"Actual Loops":1,"Output":["orders.o_id","orders.o_w_id","orders.o_d_id","orders.o_c_id"],"Filter":"(orders.o_carrier_id > 8)","Rows Removed by Filter":0,"Rows Removed by Columnar Filter":5159069,"Rows Sorted by Columnar Scan":840931,"Columnar cache search mode":"native","Shared Hit Blocks":0,"Shared Read Blocks":0,"Shared Dirtied Blocks":0,"Shared Written Blocks":0,"Local Hit Blocks":0,"Local Read Blocks":0,"Local Dirtied Blocks":0,"Local Written Blocks":0,"Temp Read Blocks":0,"Temp Written Blocks":2686,"I/O Read Time":0.0,"I/O Write Time":0.0,"Temp I/O Read Time":0.0,"Temp I/O Write Time":10.113},{"Node Type":"Seq Scan","Parent Relationship":"Member","Parallel Aware":false,"Async Capable":false,"Relation Name":"orders","Schema":"public","Alias":"orders","Startup Cost":0.0,"Total Cost":4.01,"Plan Rows":1,"Plan Width":16,"Actual Startup Time":0.0,"Actual Total Time":0.0,"Actual Rows":0,"Actual Loops":0,"Output":["orders.o_id","orders.o_w_id","orders.o_d_id","orders.o_c_id"],"Filter":"(orders.o_carrier_id > 8)","Rows Removed by Filter":0,"Shared Hit Blocks":0,"Shared Read Blocks":0,"Shared Dirtied Blocks":0,"Shared Written Blocks":0,"Local Hit Blocks":0,"Local Read Blocks":0,"Local Dirtied Blocks":0,"Local Written Blocks":0,"Temp Read Blocks":0,"Temp Written Blocks":0,"I/O Read Time":0.0,"I/O Write Time":0.0,"Temp I/O Read Time":0.0,"Temp I/O Write Time":0.0}]}]},{"Node Type":"Index Only Scan","Parent Relationship":"Inner","Parallel Aware":false,"Async Capable":false,"Scan Direction":"Forward","Index Name":"customer_pk","Relation Name":"customer","Schema":"public","Alias":"customer","Startup Cost":0.43,"Total Cost":155818.53,"Plan Rows":6000140,"Plan Width":8,"Actual Startup Time":0.026,"Actual Total Time":461.21,"Actual Rows":6000000,"Actual Loops":1,"Output":["customer.c_w_id","customer.c_d_id","customer.c_id"],"Heap Fetches":0,"Shared Hit Blocks":16411,"Shared Read Blocks":0,"Shared Dirtied Blocks":0,"Shared Written Blocks":0,"Local Hit Blocks":0,"Local Read Blocks":0,"Local Dirtied Blocks":0,"Local Written Blocks":0,"Temp Read Blocks":0,"Temp Written Blocks":0,"I/O Read Time":0.0,"I/O Write Time":0.0,"Temp I/O Read Time":0.0,"Temp I/O Write Time":0.0}]}]}]}]}]}]},"Planning":{"Shared Hit Blocks":16,"Shared Read Blocks":0,"Shared Dirtied Blocks":0,"Shared Written Blocks":0,"Local Hit Blocks":0,"Local Read Blocks":0,"Local Dirtied Blocks":0,"Local Written Blocks":0,"Temp Read Blocks":0,"Temp Written Blocks":0,"I/O Read Time":0.0,"I/O Write Time":0.0,"Temp I/O Read Time":0.0,"Temp I/O Write Time":0.0},"Planning Time":0.42,"Triggers":[],"Execution Time":2442.293}]
[列存组合]: customer, orders
[{"Plan":{"Node Type":"Sort","Parallel Aware":false,"Async Capable":false,"Startup Cost":442878.54,"Total Cost":442879.04,"Plan Rows":200,"Plan Width":16,"Actual Startup Time":4375.14,"Actual Total Time":4375.156,"Actual Rows":119,"Actual Loops":1,"Output":["c_orders.c_count","(count(*))"],"Sort Key":["(count(*)) DESC","c_orders.c_count DESC"],"Sort Method":"quicksort","Sort Space Used":31,"Sort Space Type":"Memory","Shared Hit Blocks":0,"Shared Read Blocks":0,"Shared Dirtied Blocks":0,"Shared Written Blocks":0,"Local Hit Blocks":0,"Local Read Blocks":0,"Local Dirtied Blocks":0,"Local Written Blocks":0,"Temp Read Blocks":23884,"Temp Written Blocks":23884,"I/O Read Time":0.0,"I/O Write Time":0.0,"Temp I/O Read Time":35.943,"Temp I/O Write Time":105.524,"Plans":[{"Node Type":"Aggregate","Strategy":"Sorted","Partial Mode":"Simple","Parent Relationship":"Outer","Parallel Aware":false,"Async Capable":false,"Startup Cost":442846.39,"Total Cost":442870.89,"Plan Rows":200,"Plan Width":16,"Actual Startup Time":4374.758,"Actual Total Time":4375.117,"Actual Rows":119,"Actual Loops":1,"Output":["c_orders.c_count","count(*)"],"Group Key":["c_orders.c_count"],"Shared Hit Blocks":0,"Shared Read Blocks":0,"Shared Dirtied Blocks":0,"Shared Written Blocks":0,"Local Hit Blocks":0,"Local Read Blocks":0,"Local Dirtied Blocks":0,"Local Written Blocks":0,"Temp Read Blocks":23884,"Temp Written Blocks":23884,"I/O Read Time":0.0,"I/O Write Time":0.0,"Temp I/O Read Time":35.943,"Temp I/O Write Time":105.524,"Plans":[{"Node Type":"Sort","Parent Relationship":"Outer","Parallel Aware":false,"Async Capable":false,"Startup Cost":442846.39,"Total Cost":442853.89,"Plan Rows":3000,"Plan Width":8,"Actual Startup Time":4374.748,"Actual Total Time":4374.875,"Actual Rows":3000,"Actual Loops":1,"Output":["c_orders.c_count"],"Sort Key":["c_orders.c_count DESC"],"Sort Method":"quicksort","Sort Space Used":97,"Sort Space Type":"Memory","Shared Hit Blocks":0,"Shared Read Blocks":0,"Shared Dirtied Blocks":0,"Shared Written Blocks":0,"Local Hit Blocks":0,"Local Read Blocks":0,"Local Dirtied Blocks":0,"Local Written Blocks":0,"Temp Read Blocks":23884,"Temp Written Blocks":23884,"I/O Read Time":0.0,"I/O Write Time":0.0,"Temp I/O Read Time":35.943,"Temp I/O Write Time":105.524,"Plans":[{"Node Type":"Subquery Scan","Parent Relationship":"Outer","Parallel Aware":false,"Async Capable":false,"Alias":"c_orders","Startup Cost":442613.13,"Total Cost":442673.13,"Plan Rows":3000,"Plan Width":8,"Actual Startup Time":4373.961,"Actual Total Time":4374.446,"Actual Rows":3000,"Actual Loops":1,"Output":["c_orders.c_count"],"Shared Hit Blocks":0,"Shared Read Blocks":0,"Shared Dirtied Blocks":0,"Shared Written Blocks":0,"Local Hit Blocks":0,"Local Read Blocks":0,"Local Dirtied Blocks":0,"Local Written Blocks":0,"Temp Read Blocks":23884,"Temp Written Blocks":23884,"I/O Read Time":0.0,"I/O Write Time":0.0,"Temp I/O Read Time":35.943,"Temp I/O Write Time":105.524,"Plans":[{"Node Type":"Aggregate","Strategy":"Hashed","Partial Mode":"Simple","Parent Relationship":"Subquery","Parallel Aware":false,"Async Capable":false,"Startup Cost":442613.13,"Total Cost":442643.13,"Plan Rows":3000,"Plan Width":12,"Actual Startup Time":4373.958,"Actual Total Time":4374.22,"Actual Rows":3000,"Actual Loops":1,"Output":["customer.c_id","count(orders.o_id)"],"Group Key":["customer.c_id"],"Planned Partitions":0,"HashAgg Batches":1,"Peak Memory Usage":369,"Disk Usage":0,"Shared Hit Blocks":0,"Shared Read Blocks":0,"Shared Dirtied Blocks":0,"Shared Written Blocks":0,"Local Hit Blocks":0,"Local Read Blocks":0,"Local Dirtied Blocks":0,"Local Written Blocks":0,"Temp Read Blocks":23884,"Temp Written Blocks":23884,"I/O Read Time":0.0,"I/O Write Time":0.0,"Temp I/O Read Time":35.943,"Temp I/O Write Time":105.524,"Plans":[{"Node Type":"Hash Join","Parent Relationship":"Outer","Parallel Aware":false,"Async Capable":false,"Join Type":"Right","Startup Cost":257486.91,"Total Cost":412612.43,"Plan Rows":6000140,"Plan Width":12,"Actual Startup Time":2144.013,"Actual Total Time":3569.811,"Actual Rows":6000000,"Actual Loops":1,"Output":["customer.c_id","orders.o_id"],"Inner Unique":true,"Hash Cond":"((orders.o_w_id = customer.c_w_id) AND (orders.o_d_id = customer.c_d_id) AND (orders.o_c_id = customer.c_id))","Shared Hit Blocks":0,"Shared Read Blocks":0,"Shared Dirtied Blocks":0,"Shared Written Blocks":0,"Local Hit Blocks":0,"Local Read Blocks":0,"Local Dirtied Blocks":0,"Local Written Blocks":0,"Temp Read Blocks":23884,"Temp Written Blocks":23884,"I/O Read Time":0.0,"I/O Write Time":0.0,"Temp I/O Read Time":35.943,"Temp I/O Write Time":105.524,"Plans":[{"Node Type":"Append","Parent Relationship":"Outer","Parallel Aware":false,"Async Capable":false,"Startup Cost":20.0,"Total Cost":116785.88,"Plan Rows":845796,"Plan Width":16,"Actual Startup Time":0.157,"Actual Total Time":220.601,"Actual Rows":840931,"Actual Loops":1,"Shared Hit Blocks":0,"Shared Read Blocks":0,"Shared Dirtied Blocks":0,"Shared Written Blocks":0,"Local Hit Blocks":0,"Local Read Blocks":0,"Local Dirtied Blocks":0,"Local Written Blocks":0,"Temp Read Blocks":0,"Temp Written Blocks":0,"I/O Read Time":0.0,"I/O Write Time":0.0,"Temp I/O Read Time":0.0,"Temp I/O Write Time":0.0,"Subplans Removed":0,"Plans":[{"Node Type":"Custom Scan","Parent Relationship":"Member","Custom Plan Provider":"columnar scan","Parallel Aware":false,"Async Capable":false,"Relation Name":"orders","Schema":"public","Alias":"orders","Startup Cost":20.0,"Total Cost":19896.24,"Plan Rows":845795,"Plan Width":16,"Actual Startup Time":0.156,"Actual Total Time":160.035,"Actual Rows":840931,"Actual Loops":1,"Output":["orders.o_id","orders.o_w_id","orders.o_d_id","orders.o_c_id"],"Filter":"(orders.o_carrier_id > 8)","Rows Removed by Filter":0,"Rows Removed by Columnar Filter":5159069,"Columnar cache search mode":"native","Shared Hit Blocks":0,"Shared Read Blocks":0,"Shared Dirtied Blocks":0,"Shared Written Blocks":0,"Local Hit Blocks":0,"Local Read Blocks":0,"Local Dirtied Blocks":0,"Local Written Blocks":0,"Temp Read Blocks":0,"Temp Written Blocks":0,"I/O Read Time":0.0,"I/O Write Time":0.0,"Temp I/O Read Time":0.0,"Temp I/O Write Time":0.0},{"Node Type":"Seq Scan","Parent Relationship":"Member","Parallel Aware":false,"Async Capable":false,"Relation Name":"orders","Schema":"public","Alias":"orders","Startup Cost":0.0,"Total Cost":4.01,"Plan Rows":1,"Plan Width":16,"Actual Startup Time":0.0,"Actual Total Time":0.0,"Actual Rows":0,"Actual Loops":0,"Output":["orders.o_id","orders.o_w_id","orders.o_d_id","orders.o_c_id"],"Filter":"(orders.o_carrier_id > 8)","Rows Removed by Filter":0,"Shared Hit Blocks":0,"Shared Read Blocks":0,"Shared Dirtied Blocks":0,"Shared Written Blocks":0,"Local Hit Blocks":0,"Local Read Blocks":0,"Local Dirtied Blocks":0,"Local Written Blocks":0,"Temp Read Blocks":0,"Temp Written Blocks":0,"I/O Read Time":0.0,"I/O Write Time":0.0,"Temp I/O Read Time":0.0,"Temp I/O Write Time":0.0}]},{"Node Type":"Hash","Parent Relationship":"Inner","Parallel Aware":false,"Async Capable":false,"Startup Cost":129025.46,"Total Cost":129025.46,"Plan Rows":6000140,"Plan Width":8,"Actual Startup Time":2142.317,"Actual Total Time":2142.32,"Actual Rows":6000000,"Actual Loops":1,"Output":["customer.c_id","customer.c_w_id","customer.c_d_id"],"Hash Buckets":262144,"Original Hash Buckets":262144,"Hash Batches":64,"Original Hash Batches":64,"Peak Memory Usage":5716,"Shared Hit Blocks":0,"Shared Read Blocks":0,"Shared Dirtied Blocks":0,"Shared Written Blocks":0,"Local Hit Blocks":0,"Local Read Blocks":0,"Local Dirtied Blocks":0,"Local Written Blocks":0,"Temp Read Blocks":0,"Temp Written Blocks":20153,"I/O Read Time":0.0,"I/O Write Time":0.0,"Temp I/O Read Time":0.0,"Temp I/O Write Time":88.488,"Plans":[{"Node Type":"Append","Parent Relationship":"Outer","Parallel Aware":false,"Async Capable":false,"Startup Cost":20.0,"Total Cost":129025.46,"Plan Rows":6000140,"Plan Width":8,"Actual Startup Time":0.029,"Actual Total Time":1193.163,"Actual Rows":6000000,"Actual Loops":1,"Shared Hit Blocks":0,"Shared Read Blocks":0,"Shared Dirtied Blocks":0,"Shared Written Blocks":0,"Local Hit Blocks":0,"Local Read Blocks":0,"Local Dirtied Blocks":0,"Local Written Blocks":0,"Temp Read Blocks":0,"Temp Written Blocks":0,"I/O Read Time":0.0,"I/O Write Time":0.0,"Temp I/O Read Time":0.0,"Temp I/O Write Time":0.0,"Subplans Removed":0,"Plans":[{"Node Type":"Custom Scan","Parent Relationship":"Member","Custom Plan Provider":"columnar scan","Parallel Aware":false,"Async Capable":false,"Relation Name":"customer","Schema":"public","Alias":"customer","Startup Cost":20.0,"Total Cost":129020.06,"Plan Rows":6000000,"Plan Width":8,"Actual Startup Time":0.027,"Actual Total Time":778.366,"Actual Rows":6000000,"Actual Loops":1,"Output":["customer.c_id","customer.c_w_id","customer.c_d_id"],"Rows Removed by Columnar Filter":0,"Columnar cache search mode":"native","Shared Hit Blocks":0,"Shared Read Blocks":0,"Shared Dirtied Blocks":0,"Shared Written Blocks":0,"Local Hit Blocks":0,"Local Read Blocks":0,"Local Dirtied Blocks":0,"Local Written Blocks":0,"Temp Read Blocks":0,"Temp Written Blocks":0,"I/O Read Time":0.0,"I/O Write Time":0.0,"Temp I/O Read Time":0.0,"Temp I/O Write Time":0.0},{"Node Type":"Seq Scan","Parent Relationship":"Member","Parallel Aware":false,"Async Capable":false,"Relation Name":"customer","Schema":"public","Alias":"customer","Startup Cost":0.0,"Total Cost":5.4,"Plan Rows":140,"Plan Width":8,"Actual Startup Time":0.0,"Actual Total Time":0.0,"Actual Rows":0,"Actual Loops":0,"Output":["customer.c_id","customer.c_w_id","customer.c_d_id"],"Shared Hit Blocks":0,"Shared Read Blocks":0,"Shared Dirtied Blocks":0,"Shared Written Blocks":0,"Local Hit Blocks":0,"Local Read Blocks":0,"Local Dirtied Blocks":0,"Local Written Blocks":0,"Temp Read Blocks":0,"Temp Written Blocks":0,"I/O Read Time":0.0,"I/O Write Time":0.0,"Temp I/O Read Time":0.0,"Temp I/O Write Time":0.0}]}]}]}]}]}]}]}]},"Planning":{"Shared Hit Blocks":16,"Shared Read Blocks":0,"Shared Dirtied Blocks":0,"Shared Written Blocks":0,"Local Hit Blocks":0,"Local Read Blocks":0,"Local Dirtied Blocks":0,"Local Written Blocks":0,"Temp Read Blocks":0,"Temp Written Blocks":0,"I/O Read Time":0.0,"I/O Write Time":0.0,"Temp I/O Read Time":0.0,"Temp I/O Write Time":0.0},"Planning Time":1.025,"Triggers":[],"Execution Time":4375.299}]
