[列存组合]: 无列存
[{"Plan":{"Node Type":"Merge Join","Parallel Aware":false,"Async Capable":false,"Join Type":"Inner","Startup Cost":2821444.61,"Total Cost":2822109.67,"Plan Rows":10000,"Plan Width":96,"Actual Startup Time":9413.345,"Actual Total Time":9418.751,"Actual Rows":10000,"Actual Loops":1,"Output":["supplier.su_suppkey","supplier.su_name","supplier.su_address","supplier.su_phone","revenue.total_revenue"],"Inner Unique":false,"Merge Cond":"(supplier.su_suppkey = revenue.supplier_no)","Shared Hit Blocks":736687,"Shared Read Blocks":0,"Shared Dirtied Blocks":0,"Shared Written Blocks":0,"Local Hit Blocks":0,"Local Read Blocks":0,"Local Dirtied Blocks":0,"Local Written Blocks":0,"Temp Read Blocks":10572,"Temp Written Blocks":10614,"I/O Read Time":0.0,"I/O Write Time":0.0,"Temp I/O Read Time":16.311,"Temp I/O Write Time":31.622,"Plans":[{"Node Type":"Aggregate","Strategy":"Hashed","Partial Mode":"Simple","Parent Relationship":"InitPlan","Subplan Name":"CTE revenue","Parallel Aware":false,"Async Capable":false,"Startup Cost":2678684.61,"Total Cost":2730778.99,"Plan Rows":2000021,"Plan Width":36,"Actual Startup Time":9404.103,"Actual Total Time":9406.239,"Actual Rows":10000,"Actual Loops":1,"Output":["(mod((stock.s_w_id * stock.s_i_id), 10000))","sum(order_line.ol_amount)"],"Group Key":["mod((stock.s_w_id * stock.s_i_id), 10000)"],"Planned Partitions":128,"HashAgg Batches":1,"Peak Memory Usage":4881,"Disk Usage":0,"Shared Hit Blocks":736421,"Shared Read Blocks":0,"Shared Dirtied Blocks":0,"Shared Written Blocks":0,"Local Hit Blocks":0,"Local Read Blocks":0,"Local Dirtied Blocks":0,"Local Written Blocks":0,"Temp Read Blocks":10572,"Temp Written Blocks":10614,"I/O Read Time":0.0,"I/O Write Time":0.0,"Temp I/O Read Time":16.311,"Temp I/O Write Time":31.622,"Plans":[{"Node Type":"Merge Join","Parent Relationship":"Outer","Parallel Aware":false,"Async Capable":false,"Join Type":"Inner","Startup Cost":1886856.83,"Total Cost":2555607.76,"Plan Rows":2188033,"Plan Width":8,"Actual Startup Time":5873.288,"Actual Total Time":8999.801,"Actual Rows":2159530,"Actual Loops":1,"Output":["mod((stock.s_w_id * stock.s_i_id), 10000)","order_line.ol_amount"],"Inner Unique":true,"Merge Cond":"((order_line.ol_supply_w_id = stock.s_w_id) AND (order_line.ol_i_id = stock.s_i_id))","Shared Hit Blocks":736421,"Shared Read Blocks":0,"Shared Dirtied Blocks":0,"Shared Written Blocks":0,"Local Hit Blocks":0,"Local Read Blocks":0,"Local Dirtied Blocks":0,"Local Written Blocks":0,"Temp Read Blocks":10572,"Temp Written Blocks":10614,"I/O Read Time":0.0,"I/O Write Time":0.0,"Temp I/O Read Time":16.311,"Temp I/O Write Time":31.622,"Plans":[{"Node Type":"Sort","Parent Relationship":"Outer","Parallel Aware":false,"Async Capable":false,"Startup Cost":1886856.4,"Total Cost":1892326.48,"Plan Rows":2188033,"Plan Width":10,"Actual Startup Time":5873.228,"Actual Total Time":6104.644,"Actual Rows":2159530,"Actual Loops":1,"Output":["order_line.ol_amount","order_line.ol_i_id","order_line.ol_supply_w_id"],"Sort Key":["order_line.ol_supply_w_id","order_line.ol_i_id"],"Sort Method":"external merge","Sort Space Used":42304,"Sort Space Type":"Disk","Shared Hit Blocks":681748,"Shared Read Blocks":0,"Shared Dirtied Blocks":0,"Shared Written Blocks":0,"Local Hit Blocks":0,"Local Read Blocks":0,"Local Dirtied Blocks":0,"Local Written Blocks":0,"Temp Read Blocks":10572,"Temp Written Blocks":10614,"I/O Read Time":0.0,"I/O Write Time":0.0,"Temp I/O Read Time":16.311,"Temp I/O Write Time":31.622,"Plans":[{"Node Type":"Seq Scan","Parent Relationship":"Outer","Parallel Aware":false,"Async Capable":false,"Relation Name":"order_line","Schema":"public","Alias":"order_line","Startup Cost":0.0,"Total Cost":1581655.36,"Plan Rows":2188033,"Plan Width":10,"Actual Startup Time":15.682,"Actual Total Time":4312.738,"Actual Rows":2159530,"Actual Loops":1,"Output":["order_line.ol_amount","order_line.ol_i_id","order_line.ol_supply_w_id"],"Filter":"((order_line.ol_delivery_d >= '1995-10-02 20:10:02.27764'::timestamp without time zone) AND (order_line.ol_delivery_d < '1996-01-02 20:10:02.27764'::timestamp without time zone))","Rows Removed by Filter":57834231,"Shared Hit Blocks":681748,"Shared Read Blocks":0,"Shared Dirtied Blocks":0,"Shared Written Blocks":0,"Local Hit Blocks":0,"Local Read Blocks":0,"Local Dirtied Blocks":0,"Local Written Blocks":0,"Temp Read Blocks":0,"Temp Written Blocks":0,"I/O Read Time":0.0,"I/O Write Time":0.0,"Temp I/O Read Time":0.0,"Temp I/O Write Time":0.0}]},{"Node Type":"Index Only Scan","Parent Relationship":"Inner","Parallel Aware":false,"Async Capable":false,"Scan Direction":"Forward","Index Name":"stock_pk","Relation Name":"stock","Schema":"public","Alias":"stock","Startup Cost":0.44,"Total Cost":519363.62,"Plan Rows":20000212,"Plan Width":6,"Actual Startup Time":0.046,"Actual Total Time":1364.941,"Actual Rows":19999992,"Actual Loops":1,"Output":["stock.s_w_id","stock.s_i_id"],"Heap Fetches":0,"Shared Hit Blocks":54673,"Shared Read Blocks":0,"Shared Dirtied Blocks":0,"Shared Written Blocks":0,"Local Hit Blocks":0,"Local Read Blocks":0,"Local Dirtied Blocks":0,"Local Written Blocks":0,"Temp Read Blocks":0,"Temp Written Blocks":0,"I/O Read Time":0.0,"I/O Write Time":0.0,"Temp I/O Read Time":0.0,"Temp I/O Write Time":0.0}]}]},{"Node Type":"Aggregate","Strategy":"Plain","Partial Mode":"Simple","Parent Relationship":"InitPlan","Subplan Name":"InitPlan 2 (returns $1)","Parallel Aware":false,"Async Capable":false,"Startup Cost":45000.47,"Total Cost":45000.48,"Plan Rows":1,"Plan Width":32,"Actual Startup Time":5.396,"Actual Total Time":5.397,"Actual Rows":1,"Actual Loops":1,"Output":["max(revenue_1.total_revenue)"],"Shared Hit Blocks":0,"Shared Read Blocks":0,"Shared Dirtied Blocks":0,"Shared Written Blocks":0,"Local Hit Blocks":0,"Local Read Blocks":0,"Local Dirtied Blocks":0,"Local Written Blocks":0,"Temp Read Blocks":0,"Temp Written Blocks":0,"I/O Read Time":0.0,"I/O Write Time":0.0,"Temp I/O Read Time":0.0,"Temp I/O Write Time":0.0,"Plans":[{"Node Type":"CTE Scan","Parent Relationship":"Outer","Parallel Aware":false,"Async Capable":false,"CTE Name":"revenue","Alias":"revenue_1","Startup Cost":0.0,"Total Cost":40000.42,"Plan Rows":2000021,"Plan Width":32,"Actual Startup Time":0.001,"Actual Total Time":4.192,"Actual Rows":10000,"Actual Loops":1,"Output":["revenue_1.supplier_no","revenue_1.total_revenue"],"Shared Hit Blocks":0,"Shared Read Blocks":0,"Shared Dirtied Blocks":0,"Shared Written Blocks":0,"Local Hit Blocks":0,"Local Read Blocks":0,"Local Dirtied Blocks":0,"Local Written Blocks":0,"Temp Read Blocks":0,"Temp Written Blocks":0,"I/O Read Time":0.0,"I/O Write Time":0.0,"Temp I/O Read Time":0.0,"Temp I/O Write Time":0.0}]},{"Node Type":"Index Scan","Parent Relationship":"Outer","Parallel Aware":false,"Async Capable":false,"Scan Direction":"Forward","Index Name":"supplier_pk","Relation Name":"supplier","Schema":"public","Alias":"supplier","Startup Cost":0.29,"Total Cost":490.34,"Plan Rows":10000,"Plan Width":64,"Actual Startup Time":0.013,"Actual Total Time":1.936,"Actual Rows":10000,"Actual Loops":1,"Output":["supplier.su_suppkey","supplier.su_name","supplier.su_address","supplier.su_nationkey","supplier.su_phone","supplier.su_acctbal","supplier.su_comment"],"Shared Hit Blocks":266,"Shared Read Blocks":0,"Shared Dirtied Blocks":0,"Shared Written Blocks":0,"Local Hit Blocks":0,"Local Read Blocks":0,"Local Dirtied Blocks":0,"Local Written Blocks":0,"Temp Read Blocks":0,"Temp Written Blocks":0,"I/O Read Time":0.0,"I/O Write Time":0.0,"Temp I/O Read Time":0.0,"Temp I/O Write Time":0.0},{"Node Type":"Sort","Parent Relationship":"Inner","Parallel Aware":false,"Async Capable":false,"Startup Cost":45664.86,"Total Cost":45689.86,"Plan Rows":10000,"Plan Width":36,"Actual Startup Time":9413.322,"Actual Total Time":9413.897,"Actual Rows":10000,"Actual Loops":1,"Output":["revenue.total_revenue","revenue.supplier_no"],"Sort Key":["revenue.supplier_no"],"Sort Method":"quicksort","Sort Space Used":853,"Sort Space Type":"Memory","Shared Hit Blocks":736421,"Shared Read Blocks":0,"Shared Dirtied Blocks":0,"Shared Written Blocks":0,"Local Hit Blocks":0,"Local Read Blocks":0,"Local Dirtied Blocks":0,"Local Written Blocks":0,"Temp Read Blocks":10572,"Temp Written Blocks":10614,"I/O Read Time":0.0,"I/O Write Time":0.0,"Temp I/O Read Time":16.311,"Temp I/O Write Time":31.622,"Plans":[{"Node Type":"CTE Scan","Parent Relationship":"Outer","Parallel Aware":false,"Async Capable":false,"CTE Name":"revenue","Alias":"revenue","Startup Cost":0.0,"Total Cost":45000.47,"Plan Rows":10000,"Plan Width":36,"Actual Startup Time":9409.513,"Actual Total Time":9411.066,"Actual Rows":10000,"Actual Loops":1,"Output":["revenue.total_revenue","revenue.supplier_no"],"Filter":"(revenue.total_revenue = $1)","Rows Removed by Filter":0,"Shared Hit Blocks":736421,"Shared Read Blocks":0,"Shared Dirtied Blocks":0,"Shared Written Blocks":0,"Local Hit Blocks":0,"Local Read Blocks":0,"Local Dirtied Blocks":0,"Local Written Blocks":0,"Temp Read Blocks":10572,"Temp Written Blocks":10614,"I/O Read Time":0.0,"I/O Write Time":0.0,"Temp I/O Read Time":16.311,"Temp I/O Write Time":31.622}]}]},"Planning":{"Shared Hit Blocks":21,"Shared Read Blocks":0,"Shared Dirtied Blocks":0,"Shared Written Blocks":0,"Local Hit Blocks":0,"Local Read Blocks":0,"Local Dirtied Blocks":0,"Local Written Blocks":0,"Temp Read Blocks":0,"Temp Written Blocks":0,"I/O Read Time":0.0,"I/O Write Time":0.0,"Temp I/O Read Time":0.0,"Temp I/O Write Time":0.0},"Planning Time":0.343,"Triggers":[],"Execution Time":9426.732}]
[列存组合]: order_line
[{"Plan":{"Node Type":"Merge Join","Parallel Aware":false,"Async Capable":false,"Join Type":"Inner","Startup Cost":2181184.78,"Total Cost":2181849.83,"Plan Rows":10000,"Plan Width":96,"Actual Startup Time":4196.324,"Actual Total Time":4201.809,"Actual Rows":10000,"Actual Loops":1,"Output":["supplier.su_suppkey","supplier.su_name","supplier.su_address","supplier.su_phone","revenue.total_revenue"],"Inner Unique":false,"Merge Cond":"(supplier.su_suppkey = revenue.supplier_no)","Shared Hit Blocks":54939,"Shared Read Blocks":0,"Shared Dirtied Blocks":0,"Shared Written Blocks":0,"Local Hit Blocks":0,"Local Read Blocks":0,"Local Dirtied Blocks":0,"Local Written Blocks":0,"Temp Read Blocks":10576,"Temp Written Blocks":10713,"I/O Read Time":0.0,"I/O Write Time":0.0,"Temp I/O Read Time":16.073,"Temp I/O Write Time":30.549,"Plans":[{"Node Type":"Aggregate","Strategy":"Hashed","Partial Mode":"Simple","Parent Relationship":"InitPlan","Subplan Name":"CTE revenue","Parallel Aware":false,"Async Capable":false,"Startup Cost":2038424.77,"Total Cost":2090519.15,"Plan Rows":2000021,"Plan Width":36,"Actual Startup Time":4187.264,"Actual Total Time":4189.359,"Actual Rows":10000,"Actual Loops":1,"Output":["(mod((stock.s_w_id * stock.s_i_id), 10000))","sum(order_line.ol_amount)"],"Group Key":["mod((stock.s_w_id * stock.s_i_id), 10000)"],"Planned Partitions":128,"HashAgg Batches":1,"Peak Memory Usage":4881,"Disk Usage":0,"Shared Hit Blocks":54673,"Shared Read Blocks":0,"Shared Dirtied Blocks":0,"Shared Written Blocks":0,"Local Hit Blocks":0,"Local Read Blocks":0,"Local Dirtied Blocks":0,"Local Written Blocks":0,"Temp Read Blocks":10576,"Temp Written Blocks":10713,"I/O Read Time":0.0,"I/O Write Time":0.0,"Temp I/O Read Time":16.073,"Temp I/O Write Time":30.549,"Plans":[{"Node Type":"Merge Join","Parent Relationship":"Outer","Parallel Aware":false,"Async Capable":false,"Join Type":"Inner","Startup Cost":1246597.0,"Total Cost":1915347.92,"Plan Rows":2188033,"Plan Width":8,"Actual Startup Time":687.739,"Actual Total Time":3788.317,"Actual Rows":2159530,"Actual Loops":1,"Output":["mod((stock.s_w_id * stock.s_i_id), 10000)","order_line.ol_amount"],"Inner Unique":true,"Merge Cond":"((order_line.ol_supply_w_id = stock.s_w_id) AND (order_line.ol_i_id = stock.s_i_id))","Shared Hit Blocks":54673,"Shared Read Blocks":0,"Shared Dirtied Blocks":0,"Shared Written Blocks":0,"Local Hit Blocks":0,"Local Read Blocks":0,"Local Dirtied Blocks":0,"Local Written Blocks":0,"Temp Read Blocks":10576,"Temp Written Blocks":10713,"I/O Read Time":0.0,"I/O Write Time":0.0,"Temp I/O Read Time":16.073,"Temp I/O Write Time":30.549,"Plans":[{"Node Type":"Sort","Parent Relationship":"Outer","Parallel Aware":false,"Async Capable":false,"Startup Cost":1246596.56,"Total Cost":1252066.64,"Plan Rows":2188033,"Plan Width":10,"Actual Startup Time":687.684,"Actual Total Time":912.763,"Actual Rows":2159530,"Actual Loops":1,"Output":["order_line.ol_amount","order_line.ol_i_id","order_line.ol_supply_w_id"],"Sort Key":["order_line.ol_supply_w_id","order_line.ol_i_id"],"Sort Method":"external merge","Sort Space Used":42312,"Sort Space Type":"Disk","Shared Hit Blocks":0,"Shared Read Blocks":0,"Shared Dirtied Blocks":0,"Shared Written Blocks":0,"Local Hit Blocks":0,"Local Read Blocks":0,"Local Dirtied Blocks":0,"Local Written Blocks":0,"Temp Read Blocks":10576,"Temp Written Blocks":10713,"I/O Read Time":0.0,"I/O Write Time":0.0,"Temp I/O Read Time":16.073,"Temp I/O Write Time":30.549,"Plans":[{"Node Type":"Append","Parent Relationship":"Outer","Parallel Aware":false,"Async Capable":false,"Startup Cost":20.0,"Total Cost":941395.52,"Plan Rows":2188033,"Plan Width":10,"Actual Startup Time":534.87,"Actual Total Time":534.875,"Actual Rows":2159530,"Actual Loops":1,"Shared Hit Blocks":0,"Shared Read Blocks":0,"Shared Dirtied Blocks":0,"Shared Written Blocks":0,"Local Hit Blocks":0,"Local Read Blocks":0,"Local Dirtied Blocks":0,"Local Written Blocks":0,"Temp Read Blocks":0,"Temp Written Blocks":5410,"I/O Read Time":0.0,"I/O Write Time":0.0,"Temp I/O Read Time":0.0,"Temp I/O Write Time":22.303,"Subplans Removed":0,"Plans":[{"Node Type":"Custom Scan","Parent Relationship":"Member","Custom Plan Provider":"columnar scan","Parallel Aware":false,"Async Capable":false,"Relation Name":"order_line","Schema":"public","Alias":"order_line","Startup Cost":20.0,"Total Cost":47064.83,"Plan Rows":2188031,"Plan Width":10,"Actual Startup Time":534.866,"Actual Total Time":534.866,"Actual Rows":2159530,"Actual Loops":1,"Output":["order_line.ol_amount","order_line.ol_i_id","order_line.ol_supply_w_id"],"Filter":"((order_line.ol_delivery_d < '1996-01-02 20:10:02.27764'::timestamp without time zone) AND (order_line.ol_delivery_d >= '1995-10-02 20:10:02.27764'::timestamp without time zone))","Rows Removed by Filter":0,"Rows Removed by Columnar Filter":57834231,"Rows Sorted by Columnar Scan":2159530,"Columnar cache search mode":"native","Shared Hit Blocks":0,"Shared Read Blocks":0,"Shared Dirtied Blocks":0,"Shared Written Blocks":0,"Local Hit Blocks":0,"Local Read Blocks":0,"Local Dirtied Blocks":0,"Local Written Blocks":0,"Temp Read Blocks":0,"Temp Written Blocks":5410,"I/O Read Time":0.0,"I/O Write Time":0.0,"Temp I/O Read Time":0.0,"Temp I/O Write Time":22.303},{"Node Type":"Seq Scan","Parent Relationship":"Member","Parallel Aware":false,"Async Capable":false,"Relation Name":"order_line","Schema":"public","Alias":"order_line","Startup Cost":0.0,"Total Cost":4.95,"Plan Rows":2,"Plan Width":10,"Actual Startup Time":0.0,"Actual Total Time":0.0,"Actual Rows":0,"Actual Loops":0,"Output":["order_line.ol_amount","order_line.ol_i_id","order_line.ol_supply_w_id"],"Filter":"((order_line.ol_delivery_d < '1996-01-02 20:10:02.27764'::timestamp without time zone) AND (order_line.ol_delivery_d >= '1995-10-02 20:10:02.27764'::timestamp without time zone))","Rows Removed by Filter":0,"Shared Hit Blocks":0,"Shared Read Blocks":0,"Shared Dirtied Blocks":0,"Shared Written Blocks":0,"Local Hit Blocks":0,"Local Read Blocks":0,"Local Dirtied Blocks":0,"Local Written Blocks":0,"Temp Read Blocks":0,"Temp Written Blocks":0,"I/O Read Time":0.0,"I/O Write Time":0.0,"Temp I/O Read Time":0.0,"Temp I/O Write Time":0.0}]}]},{"Node Type":"Index Only Scan","Parent Relationship":"Inner","Parallel Aware":false,"Async Capable":false,"Scan Direction":"Forward","Index Name":"stock_pk","Relation Name":"stock","Schema":"public","Alias":"stock","Startup Cost":0.44,"Total Cost":519363.62,"Plan Rows":20000212,"Plan Width":6,"Actual Startup Time":0.041,"Actual Total Time":1362.178,"Actual Rows":19999992,"Actual Loops":1,"Output":["stock.s_w_id","stock.s_i_id"],"Heap Fetches":0,"Shared Hit Blocks":54673,"Shared Read Blocks":0,"Shared Dirtied Blocks":0,"Shared Written Blocks":0,"Local Hit Blocks":0,"Local Read Blocks":0,"Local Dirtied Blocks":0,"Local Written Blocks":0,"Temp Read Blocks":0,"Temp Written Blocks":0,"I/O Read Time":0.0,"I/O Write Time":0.0,"Temp I/O Read Time":0.0,"Temp I/O Write Time":0.0}]}]},{"Node Type":"Aggregate","Strategy":"Plain","Partial Mode":"Simple","Parent Relationship":"InitPlan","Subplan Name":"InitPlan 2 (returns $1)","Parallel Aware":false,"Async Capable":false,"Startup Cost":45000.47,"Total Cost":45000.48,"Plan Rows":1,"Plan Width":32,"Actual Startup Time":5.296,"Actual Total Time":5.297,"Actual Rows":1,"Actual Loops":1,"Output":["max(revenue_1.total_revenue)"],"Shared Hit Blocks":0,"Shared Read Blocks":0,"Shared Dirtied Blocks":0,"Shared Written Blocks":0,"Local Hit Blocks":0,"Local Read Blocks":0,"Local Dirtied Blocks":0,"Local Written Blocks":0,"Temp Read Blocks":0,"Temp Written Blocks":0,"I/O Read Time":0.0,"I/O Write Time":0.0,"Temp I/O Read Time":0.0,"Temp I/O Write Time":0.0,"Plans":[{"Node Type":"CTE Scan","Parent Relationship":"Outer","Parallel Aware":false,"Async Capable":false,"CTE Name":"revenue","Alias":"revenue_1","Startup Cost":0.0,"Total Cost":40000.42,"Plan Rows":2000021,"Plan Width":32,"Actual Startup Time":0.001,"Actual Total Time":4.097,"Actual Rows":10000,"Actual Loops":1,"Output":["revenue_1.supplier_no","revenue_1.total_revenue"],"Shared Hit Blocks":0,"Shared Read Blocks":0,"Shared Dirtied Blocks":0,"Shared Written Blocks":0,"Local Hit Blocks":0,"Local Read Blocks":0,"Local Dirtied Blocks":0,"Local Written Blocks":0,"Temp Read Blocks":0,"Temp Written Blocks":0,"I/O Read Time":0.0,"I/O Write Time":0.0,"Temp I/O Read Time":0.0,"Temp I/O Write Time":0.0}]},{"Node Type":"Index Scan","Parent Relationship":"Outer","Parallel Aware":false,"Async Capable":false,"Scan Direction":"Forward","Index Name":"supplier_pk","Relation Name":"supplier","Schema":"public","Alias":"supplier","Startup Cost":0.29,"Total Cost":490.34,"Plan Rows":10000,"Plan Width":64,"Actual Startup Time":0.017,"Actual Total Time":1.976,"Actual Rows":10000,"Actual Loops":1,"Output":["supplier.su_suppkey","supplier.su_name","supplier.su_address","supplier.su_nationkey","supplier.su_phone","supplier.su_acctbal","supplier.su_comment"],"Shared Hit Blocks":266,"Shared Read Blocks":0,"Shared Dirtied Blocks":0,"Shared Written Blocks":0,"Local Hit Blocks":0,"Local Read Blocks":0,"Local Dirtied Blocks":0,"Local Written Blocks":0,"Temp Read Blocks":0,"Temp Written Blocks":0,"I/O Read Time":0.0,"I/O Write Time":0.0,"Temp I/O Read Time":0.0,"Temp I/O Write Time":0.0},{"Node Type":"Sort","Parent Relationship":"Inner","Parallel Aware":false,"Async Capable":false,"Startup Cost":45664.86,"Total Cost":45689.86,"Plan Rows":10000,"Plan Width":36,"Actual Startup Time":4196.298,"Actual Total Time":4196.896,"Actual Rows":10000,"Actual Loops":1,"Output":["revenue.total_revenue","revenue.supplier_no"],"Sort Key":["revenue.supplier_no"],"Sort Method":"quicksort","Sort Space Used":853,"Sort Space Type":"Memory","Shared Hit Blocks":54673,"Shared Read Blocks":0,"Shared Dirtied Blocks":0,"Shared Written Blocks":0,"Local Hit Blocks":0,"Local Read Blocks":0,"Local Dirtied Blocks":0,"Local Written Blocks":0,"Temp Read Blocks":10576,"Temp Written Blocks":10713,"I/O Read Time":0.0,"I/O Write Time":0.0,"Temp I/O Read Time":16.073,"Temp I/O Write Time":30.549,"Plans":[{"Node Type":"CTE Scan","Parent Relationship":"Outer","Parallel Aware":false,"Async Capable":false,"CTE Name":"revenue","Alias":"revenue","Startup Cost":0.0,"Total Cost":45000.47,"Plan Rows":10000,"Plan Width":36,"Actual Startup Time":4192.574,"Actual Total Time":4194.11,"Actual Rows":10000,"Actual Loops":1,"Output":["revenue.total_revenue","revenue.supplier_no"],"Filter":"(revenue.total_revenue = $1)","Rows Removed by Filter":0,"Shared Hit Blocks":54673,"Shared Read Blocks":0,"Shared Dirtied Blocks":0,"Shared Written Blocks":0,"Local Hit Blocks":0,"Local Read Blocks":0,"Local Dirtied Blocks":0,"Local Written Blocks":0,"Temp Read Blocks":10576,"Temp Written Blocks":10713,"I/O Read Time":0.0,"I/O Write Time":0.0,"Temp I/O Read Time":16.073,"Temp I/O Write Time":30.549}]}]},"Planning":{"Shared Hit Blocks":18,"Shared Read Blocks":0,"Shared Dirtied Blocks":0,"Shared Written Blocks":0,"Local Hit Blocks":0,"Local Read Blocks":0,"Local Dirtied Blocks":0,"Local Written Blocks":0,"Temp Read Blocks":0,"Temp Written Blocks":0,"I/O Read Time":0.0,"I/O Write Time":0.0,"Temp I/O Read Time":0.0,"Temp I/O Write Time":0.0},"Planning Time":0.94,"Triggers":[],"Execution Time":4209.604}]
[列存组合]: stock
[{"Plan":{"Node Type":"Merge Join","Parallel Aware":false,"Async Capable":false,"Join Type":"Inner","Startup Cost":2821444.61,"Total Cost":2822109.67,"Plan Rows":10000,"Plan Width":96,"Actual Startup Time":9409.366,"Actual Total Time":9414.73,"Actual Rows":10000,"Actual Loops":1,"Output":["supplier.su_suppkey","supplier.su_name","supplier.su_address","supplier.su_phone","revenue.total_revenue"],"Inner Unique":false,"Merge Cond":"(supplier.su_suppkey = revenue.supplier_no)","Shared Hit Blocks":736687,"Shared Read Blocks":0,"Shared Dirtied Blocks":0,"Shared Written Blocks":0,"Local Hit Blocks":0,"Local Read Blocks":0,"Local Dirtied Blocks":0,"Local Written Blocks":0,"Temp Read Blocks":10572,"Temp Written Blocks":10614,"I/O Read Time":0.0,"I/O Write Time":0.0,"Temp I/O Read Time":16.361,"Temp I/O Write Time":31.751,"Plans":[{"Node Type":"Aggregate","Strategy":"Hashed","Partial Mode":"Simple","Parent Relationship":"InitPlan","Subplan Name":"CTE revenue","Parallel Aware":false,"Async Capable":false,"Startup Cost":2678684.61,"Total Cost":2730778.99,"Plan Rows":2000021,"Plan Width":36,"Actual Startup Time":9400.134,"Actual Total Time":9402.23,"Actual Rows":10000,"Actual Loops":1,"Output":["(mod((stock.s_w_id * stock.s_i_id), 10000))","sum(order_line.ol_amount)"],"Group Key":["mod((stock.s_w_id * stock.s_i_id), 10000)"],"Planned Partitions":128,"HashAgg Batches":1,"Peak Memory Usage":4881,"Disk Usage":0,"Shared Hit Blocks":736421,"Shared Read Blocks":0,"Shared Dirtied Blocks":0,"Shared Written Blocks":0,"Local Hit Blocks":0,"Local Read Blocks":0,"Local Dirtied Blocks":0,"Local Written Blocks":0,"Temp Read Blocks":10572,"Temp Written Blocks":10614,"I/O Read Time":0.0,"I/O Write Time":0.0,"Temp I/O Read Time":16.361,"Temp I/O Write Time":31.751,"Plans":[{"Node Type":"Merge Join","Parent Relationship":"Outer","Parallel Aware":false,"Async Capable":false,"Join Type":"Inner","Startup Cost":1886856.83,"Total Cost":2555607.76,"Plan Rows":2188033,"Plan Width":8,"Actual Startup Time":5881.418,"Actual Total Time":9002.926,"Actual Rows":2159530,"Actual Loops":1,"Output":["mod((stock.s_w_id * stock.s_i_id), 10000)","order_line.ol_amount"],"Inner Unique":true,"Merge Cond":"((order_line.ol_supply_w_id = stock.s_w_id) AND (order_line.ol_i_id = stock.s_i_id))","Shared Hit Blocks":736421,"Shared Read Blocks":0,"Shared Dirtied Blocks":0,"Shared Written Blocks":0,"Local Hit Blocks":0,"Local Read Blocks":0,"Local Dirtied Blocks":0,"Local Written Blocks":0,"Temp Read Blocks":10572,"Temp Written Blocks":10614,"I/O Read Time":0.0,"I/O Write Time":0.0,"Temp I/O Read Time":16.361,"Temp I/O Write Time":31.751,"Plans":[{"Node Type":"Sort","Parent Relationship":"Outer","Parallel Aware":false,"Async Capable":false,"Startup Cost":1886856.4,"Total Cost":1892326.48,"Plan Rows":2188033,"Plan Width":10,"Actual Startup Time":5881.364,"Actual Total Time":6112.849,"Actual Rows":2159530,"Actual Loops":1,"Output":["order_line.ol_amount","order_line.ol_i_id","order_line.ol_supply_w_id"],"Sort Key":["order_line.ol_supply_w_id","order_line.ol_i_id"],"Sort Method":"external merge","Sort Space Used":42304,"Sort Space Type":"Disk","Shared Hit Blocks":681748,"Shared Read Blocks":0,"Shared Dirtied Blocks":0,"Shared Written Blocks":0,"Local Hit Blocks":0,"Local Read Blocks":0,"Local Dirtied Blocks":0,"Local Written Blocks":0,"Temp Read Blocks":10572,"Temp Written Blocks":10614,"I/O Read Time":0.0,"I/O Write Time":0.0,"Temp I/O Read Time":16.361,"Temp I/O Write Time":31.751,"Plans":[{"Node Type":"Seq Scan","Parent Relationship":"Outer","Parallel Aware":false,"Async Capable":false,"Relation Name":"order_line","Schema":"public","Alias":"order_line","Startup Cost":0.0,"Total Cost":1581655.36,"Plan Rows":2188033,"Plan Width":10,"Actual Startup Time":15.483,"Actual Total Time":4315.731,"Actual Rows":2159530,"Actual Loops":1,"Output":["order_line.ol_amount","order_line.ol_i_id","order_line.ol_supply_w_id"],"Filter":"((order_line.ol_delivery_d >= '1995-10-02 20:10:02.27764'::timestamp without time zone) AND (order_line.ol_delivery_d < '1996-01-02 20:10:02.27764'::timestamp without time zone))","Rows Removed by Filter":57834231,"Shared Hit Blocks":681748,"Shared Read Blocks":0,"Shared Dirtied Blocks":0,"Shared Written Blocks":0,"Local Hit Blocks":0,"Local Read Blocks":0,"Local Dirtied Blocks":0,"Local Written Blocks":0,"Temp Read Blocks":0,"Temp Written Blocks":0,"I/O Read Time":0.0,"I/O Write Time":0.0,"Temp I/O Read Time":0.0,"Temp I/O Write Time":0.0}]},{"Node Type":"Index Only Scan","Parent Relationship":"Inner","Parallel Aware":false,"Async Capable":false,"Scan Direction":"Forward","Index Name":"stock_pk","Relation Name":"stock","Schema":"public","Alias":"stock","Startup Cost":0.44,"Total Cost":519363.62,"Plan Rows":20000212,"Plan Width":6,"Actual Startup Time":0.039,"Actual Total Time":1365.475,"Actual Rows":19999992,"Actual Loops":1,"Output":["stock.s_w_id","stock.s_i_id"],"Heap Fetches":0,"Shared Hit Blocks":54673,"Shared Read Blocks":0,"Shared Dirtied Blocks":0,"Shared Written Blocks":0,"Local Hit Blocks":0,"Local Read Blocks":0,"Local Dirtied Blocks":0,"Local Written Blocks":0,"Temp Read Blocks":0,"Temp Written Blocks":0,"I/O Read Time":0.0,"I/O Write Time":0.0,"Temp I/O Read Time":0.0,"Temp I/O Write Time":0.0}]}]},{"Node Type":"Aggregate","Strategy":"Plain","Partial Mode":"Simple","Parent Relationship":"InitPlan","Subplan Name":"InitPlan 2 (returns $1)","Parallel Aware":false,"Async Capable":false,"Startup Cost":45000.47,"Total Cost":45000.48,"Plan Rows":1,"Plan Width":32,"Actual Startup Time":5.348,"Actual Total Time":5.35,"Actual Rows":1,"Actual Loops":1,"Output":["max(revenue_1.total_revenue)"],"Shared Hit Blocks":0,"Shared Read Blocks":0,"Shared Dirtied Blocks":0,"Shared Written Blocks":0,"Local Hit Blocks":0,"Local Read Blocks":0,"Local Dirtied Blocks":0,"Local Written Blocks":0,"Temp Read Blocks":0,"Temp Written Blocks":0,"I/O Read Time":0.0,"I/O Write Time":0.0,"Temp I/O Read Time":0.0,"Temp I/O Write Time":0.0,"Plans":[{"Node Type":"CTE Scan","Parent Relationship":"Outer","Parallel Aware":false,"Async Capable":false,"CTE Name":"revenue","Alias":"revenue_1","Startup Cost":0.0,"Total Cost":40000.42,"Plan Rows":2000021,"Plan Width":32,"Actual Startup Time":0.001,"Actual Total Time":4.149,"Actual Rows":10000,"Actual Loops":1,"Output":["revenue_1.supplier_no","revenue_1.total_revenue"],"Shared Hit Blocks":0,"Shared Read Blocks":0,"Shared Dirtied Blocks":0,"Shared Written Blocks":0,"Local Hit Blocks":0,"Local Read Blocks":0,"Local Dirtied Blocks":0,"Local Written Blocks":0,"Temp Read Blocks":0,"Temp Written Blocks":0,"I/O Read Time":0.0,"I/O Write Time":0.0,"Temp I/O Read Time":0.0,"Temp I/O Write Time":0.0}]},{"Node Type":"Index Scan","Parent Relationship":"Outer","Parallel Aware":false,"Async Capable":false,"Scan Direction":"Forward","Index Name":"supplier_pk","Relation Name":"supplier","Schema":"public","Alias":"supplier","Startup Cost":0.29,"Total Cost":490.34,"Plan Rows":10000,"Plan Width":64,"Actual Startup Time":0.016,"Actual Total Time":1.88,"Actual Rows":10000,"Actual Loops":1,"Output":["supplier.su_suppkey","supplier.su_name","supplier.su_address","supplier.su_nationkey","supplier.su_phone","supplier.su_acctbal","supplier.su_comment"],"Shared Hit Blocks":266,"Shared Read Blocks":0,"Shared Dirtied Blocks":0,"Shared Written Blocks":0,"Local Hit Blocks":0,"Local Read Blocks":0,"Local Dirtied Blocks":0,"Local Written Blocks":0,"Temp Read Blocks":0,"Temp Written Blocks":0,"I/O Read Time":0.0,"I/O Write Time":0.0,"Temp I/O Read Time":0.0,"Temp I/O Write Time":0.0},{"Node Type":"Sort","Parent Relationship":"Inner","Parallel Aware":false,"Async Capable":false,"Startup Cost":45664.86,"Total Cost":45689.86,"Plan Rows":10000,"Plan Width":36,"Actual Startup Time":9409.339,"Actual Total Time":9409.915,"Actual Rows":10000,"Actual Loops":1,"Output":["revenue.total_revenue","revenue.supplier_no"],"Sort Key":["revenue.supplier_no"],"Sort Method":"quicksort","Sort Space Used":853,"Sort Space Type":"Memory","Shared Hit Blocks":736421,"Shared Read Blocks":0,"Shared Dirtied Blocks":0,"Shared Written Blocks":0,"Local Hit Blocks":0,"Local Read Blocks":0,"Local Dirtied Blocks":0,"Local Written Blocks":0,"Temp Read Blocks":10572,"Temp Written Blocks":10614,"I/O Read Time":0.0,"I/O Write Time":0.0,"Temp I/O Read Time":16.361,"Temp I/O Write Time":31.751,"Plans":[{"Node Type":"CTE Scan","Parent Relationship":"Outer","Parallel Aware":false,"Async Capable":false,"CTE Name":"revenue","Alias":"revenue","Startup Cost":0.0,"Total Cost":45000.47,"Plan Rows":10000,"Plan Width":36,"Actual Startup Time":9405.494,"Actual Total Time":9407.051,"Actual Rows":10000,"Actual Loops":1,"Output":["revenue.total_revenue","revenue.supplier_no"],"Filter":"(revenue.total_revenue = $1)","Rows Removed by Filter":0,"Shared Hit Blocks":736421,"Shared Read Blocks":0,"Shared Dirtied Blocks":0,"Shared Written Blocks":0,"Local Hit Blocks":0,"Local Read Blocks":0,"Local Dirtied Blocks":0,"Local Written Blocks":0,"Temp Read Blocks":10572,"Temp Written Blocks":10614,"I/O Read Time":0.0,"I/O Write Time":0.0,"Temp I/O Read Time":16.361,"Temp I/O Write Time":31.751}]}]},"Planning":{"Shared Hit Blocks":18,"Shared Read Blocks":0,"Shared Dirtied Blocks":0,"Shared Written Blocks":0,"Local Hit Blocks":0,"Local Read Blocks":0,"Local Dirtied Blocks":0,"Local Written Blocks":0,"Temp Read Blocks":0,"Temp Written Blocks":0,"I/O Read Time":0.0,"I/O Write Time":0.0,"Temp I/O Read Time":0.0,"Temp I/O Write Time":0.0},"Planning Time":1.199,"Triggers":[],"Execution Time":9422.589}]
[列存组合]: supplier
[{"Plan":{"Node Type":"Sort","Parallel Aware":false,"Async Capable":false,"Startup Cost":2821854.61,"Total Cost":2821879.61,"Plan Rows":10000,"Plan Width":96,"Actual Startup Time":9452.021,"Actual Total Time":9452.592,"Actual Rows":10000,"Actual Loops":1,"Output":["supplier.su_suppkey","supplier.su_name","supplier.su_address","supplier.su_phone","revenue.total_revenue"],"Sort Key":["supplier.su_suppkey"],"Sort Method":"quicksort","Sort Space Used":1473,"Sort Space Type":"Memory","Shared Hit Blocks":736421,"Shared Read Blocks":0,"Shared Dirtied Blocks":0,"Shared Written Blocks":0,"Local Hit Blocks":0,"Local Read Blocks":0,"Local Dirtied Blocks":0,"Local Written Blocks":0,"Temp Read Blocks":10572,"Temp Written Blocks":10614,"I/O Read Time":0.0,"I/O Write Time":0.0,"Temp I/O Read Time":15.543,"Temp I/O Write Time":29.837,"Plans":[{"Node Type":"Aggregate","Strategy":"Hashed","Partial Mode":"Simple","Parent Relationship":"InitPlan","Subplan Name":"CTE revenue","Parallel Aware":false,"Async Capable":false,"Startup Cost":2678684.61,"Total Cost":2730778.99,"Plan Rows":2000021,"Plan Width":36,"Actual Startup Time":9434.876,"Actual Total Time":9436.968,"Actual Rows":10000,"Actual Loops":1,"Output":["(mod((stock.s_w_id * stock.s_i_id), 10000))","sum(order_line.ol_amount)"],"Group Key":["mod((stock.s_w_id * stock.s_i_id), 10000)"],"Planned Partitions":128,"HashAgg Batches":1,"Peak Memory Usage":4881,"Disk Usage":0,"Shared Hit Blocks":736421,"Shared Read Blocks":0,"Shared Dirtied Blocks":0,"Shared Written Blocks":0,"Local Hit Blocks":0,"Local Read Blocks":0,"Local Dirtied Blocks":0,"Local Written Blocks":0,"Temp Read Blocks":10572,"Temp Written Blocks":10614,"I/O Read Time":0.0,"I/O Write Time":0.0,"Temp I/O Read Time":15.543,"Temp I/O Write Time":29.837,"Plans":[{"Node Type":"Merge Join","Parent Relationship":"Outer","Parallel Aware":false,"Async Capable":false,"Join Type":"Inner","Startup Cost":1886856.83,"Total Cost":2555607.76,"Plan Rows":2188033,"Plan Width":8,"Actual Startup Time":5870.874,"Actual Total Time":9030.009,"Actual Rows":2159530,"Actual Loops":1,"Output":["mod((stock.s_w_id * stock.s_i_id), 10000)","order_line.ol_amount"],"Inner Unique":true,"Merge Cond":"((order_line.ol_supply_w_id = stock.s_w_id) AND (order_line.ol_i_id = stock.s_i_id))","Shared Hit Blocks":736421,"Shared Read Blocks":0,"Shared Dirtied Blocks":0,"Shared Written Blocks":0,"Local Hit Blocks":0,"Local Read Blocks":0,"Local Dirtied Blocks":0,"Local Written Blocks":0,"Temp Read Blocks":10572,"Temp Written Blocks":10614,"I/O Read Time":0.0,"I/O Write Time":0.0,"Temp I/O Read Time":15.543,"Temp I/O Write Time":29.837,"Plans":[{"Node Type":"Sort","Parent Relationship":"Outer","Parallel Aware":false,"Async Capable":false,"Startup Cost":1886856.4,"Total Cost":1892326.48,"Plan Rows":2188033,"Plan Width":10,"Actual Startup Time":5870.823,"Actual Total Time":6098.157,"Actual Rows":2159530,"Actual Loops":1,"Output":["order_line.ol_amount","order_line.ol_i_id","order_line.ol_supply_w_id"],"Sort Key":["order_line.ol_supply_w_id","order_line.ol_i_id"],"Sort Method":"external merge","Sort Space Used":42304,"Sort Space Type":"Disk","Shared Hit Blocks":681748,"Shared Read Blocks":0,"Shared Dirtied Blocks":0,"Shared Written Blocks":0,"Local Hit Blocks":0,"Local Read Blocks":0,"Local Dirtied Blocks":0,"Local Written Blocks":0,"Temp Read Blocks":10572,"Temp Written Blocks":10614,"I/O Read Time":0.0,"I/O Write Time":0.0,"Temp I/O Read Time":15.543,"Temp I/O Write Time":29.837,"Plans":[{"Node Type":"Seq Scan","Parent Relationship":"Outer","Parallel Aware":false,"Async Capable":false,"Relation Name":"order_line","Schema":"public","Alias":"order_line","Startup Cost":0.0,"Total Cost":1581655.36,"Plan Rows":2188033,"Plan Width":10,"Actual Startup Time":15.584,"Actual Total Time":4315.46,"Actual Rows":2159530,"Actual Loops":1,"Output":["order_line.ol_amount","order_line.ol_i_id","order_line.ol_supply_w_id"],"Filter":"((order_line.ol_delivery_d >= '1995-10-02 20:10:02.27764'::timestamp without time zone) AND (order_line.ol_delivery_d < '1996-01-02 20:10:02.27764'::timestamp without time zone))","Rows Removed by Filter":57834231,"Shared Hit Blocks":681748,"Shared Read Blocks":0,"Shared Dirtied Blocks":0,"Shared Written Blocks":0,"Local Hit Blocks":0,"Local Read Blocks":0,"Local Dirtied Blocks":0,"Local Written Blocks":0,"Temp Read Blocks":0,"Temp Written Blocks":0,"I/O Read Time":0.0,"I/O Write Time":0.0,"Temp I/O Read Time":0.0,"Temp I/O Write Time":0.0}]},{"Node Type":"Index Only Scan","Parent Relationship":"Inner","Parallel Aware":false,"Async Capable":false,"Scan Direction":"Forward","Index Name":"stock_pk","Relation Name":"stock","Schema":"public","Alias":"stock","Startup Cost":0.44,"Total Cost":519363.62,"Plan Rows":20000212,"Plan Width":6,"Actual Startup Time":0.036,"Actual Total Time":1371.724,"Actual Rows":19999992,"Actual Loops":1,"Output":["stock.s_w_id","stock.s_i_id"],"Heap Fetches":0,"Shared Hit Blocks":54673,"Shared Read Blocks":0,"Shared Dirtied Blocks":0,"Shared Written Blocks":0,"Local Hit Blocks":0,"Local Read Blocks":0,"Local Dirtied Blocks":0,"Local Written Blocks":0,"Temp Read Blocks":0,"Temp Written Blocks":0,"I/O Read Time":0.0,"I/O Write Time":0.0,"Temp I/O Read Time":0.0,"Temp I/O Write Time":0.0}]}]},{"Node Type":"Aggregate","Strategy":"Plain","Partial Mode":"Simple","Parent Relationship":"InitPlan","Subplan Name":"InitPlan 2 (returns $1)","Parallel Aware":false,"Async Capable":false,"Startup Cost":45000.47,"Total Cost":45000.48,"Plan Rows":1,"Plan Width":32,"Actual Startup Time":5.366,"Actual Total Time":5.366,"Actual Rows":1,"Actual Loops":1,"Output":["max(revenue_1.total_revenue)"],"Shared Hit Blocks":0,"Shared Read Blocks":0,"Shared Dirtied Blocks":0,"Shared Written Blocks":0,"Local Hit Blocks":0,"Local Read Blocks":0,"Local Dirtied Blocks":0,"Local Written Blocks":0,"Temp Read Blocks":0,"Temp Written Blocks":0,"I/O Read Time":0.0,"I/O Write Time":0.0,"Temp I/O Read Time":0.0,"Temp I/O Write Time":0.0,"Plans":[{"Node Type":"CTE Scan","Parent Relationship":"Outer","Parallel Aware":false,"Async Capable":false,"CTE Name":"revenue","Alias":"revenue_1","Startup Cost":0.0,"Total Cost":40000.42,"Plan Rows":2000021,"Plan Width":32,"Actual Startup Time":0.001,"Actual Total Time":4.173,"Actual Rows":10000,"Actual Loops":1,"Output":["revenue_1.supplier_no","revenue_1.total_revenue"],"Shared Hit Blocks":0,"Shared Read Blocks":0,"Shared Dirtied Blocks":0,"Shared Written Blocks":0,"Local Hit Blocks":0,"Local Read Blocks":0,"Local Dirtied Blocks":0,"Local Written Blocks":0,"Temp Read Blocks":0,"Temp Written Blocks":0,"I/O Read Time":0.0,"I/O Write Time":0.0,"Temp I/O Read Time":0.0,"Temp I/O Write Time":0.0}]},{"Node Type":"Hash Join","Parent Relationship":"Outer","Parallel Aware":false,"Async Capable":false,"Join Type":"Inner","Startup Cost":384.02,"Total Cost":45410.76,"Plan Rows":10000,"Plan Width":96,"Actual Startup Time":9445.318,"Actual Total Time":9449.181,"Actual Rows":10000,"Actual Loops":1,"Output":["supplier.su_suppkey","supplier.su_name","supplier.su_address","supplier.su_phone","revenue.total_revenue"],"Inner Unique":true,"Hash Cond":"(revenue.supplier_no = supplier.su_suppkey)","Shared Hit Blocks":736421,"Shared Read Blocks":0,"Shared Dirtied Blocks":0,"Shared Written Blocks":0,"Local Hit Blocks":0,"Local Read Blocks":0,"Local Dirtied Blocks":0,"Local Written Blocks":0,"Temp Read Blocks":10572,"Temp Written Blocks":10614,"I/O Read Time":0.0,"I/O Write Time":0.0,"Temp I/O Read Time":15.543,"Temp I/O Write Time":29.837,"Plans":[{"Node Type":"CTE Scan","Parent Relationship":"Outer","Parallel Aware":false,"Async Capable":false,"CTE Name":"revenue","Alias":"revenue","Startup Cost":0.0,"Total Cost":45000.47,"Plan Rows":10000,"Plan Width":36,"Actual Startup Time":9440.255,"Actual Total Time":9441.812,"Actual Rows":10000,"Actual Loops":1,"Output":["revenue.supplier_no","revenue.total_revenue"],"Filter":"(revenue.total_revenue = $1)","Rows Removed by Filter":0,"Shared Hit Blocks":736421,"Shared Read Blocks":0,"Shared Dirtied Blocks":0,"Shared Written Blocks":0,"Local Hit Blocks":0,"Local Read Blocks":0,"Local Dirtied Blocks":0,"Local Written Blocks":0,"Temp Read Blocks":10572,"Temp Written Blocks":10614,"I/O Read Time":0.0,"I/O Write Time":0.0,"Temp I/O Read Time":15.543,"Temp I/O Write Time":29.837},{"Node Type":"Hash","Parent Relationship":"Inner","Parallel Aware":false,"Async Capable":false,"Startup Cost":259.01,"Total Cost":259.01,"Plan Rows":10001,"Plan Width":64,"Actual Startup Time":4.994,"Actual Total Time":4.995,"Actual Rows":10000,"Actual Loops":1,"Output":["supplier.su_suppkey","supplier.su_name","supplier.su_address","supplier.su_phone"],"Hash Buckets":16384,"Original Hash Buckets":16384,"Hash Batches":1,"Original Hash Batches":1,"Peak Memory Usage":1075,"Shared Hit Blocks":0,"Shared Read Blocks":0,"Shared Dirtied Blocks":0,"Shared Written Blocks":0,"Local Hit Blocks":0,"Local Read Blocks":0,"Local Dirtied Blocks":0,"Local Written Blocks":0,"Temp Read Blocks":0,"Temp Written Blocks":0,"I/O Read Time":0.0,"I/O Write Time":0.0,"Temp I/O Read Time":0.0,"Temp I/O Write Time":0.0,"Plans":[{"Node Type":"Append","Parent Relationship":"Outer","Parallel Aware":false,"Async Capable":false,"Startup Cost":20.0,"Total Cost":259.01,"Plan Rows":10001,"Plan Width":64,"Actual Startup Time":0.046,"Actual Total Time":2.503,"Actual Rows":10000,"Actual Loops":1,"Shared Hit Blocks":0,"Shared Read Blocks":0,"Shared Dirtied Blocks":0,"Shared Written Blocks":0,"Local Hit Blocks":0,"Local Read Blocks":0,"Local Dirtied Blocks":0,"Local Written Blocks":0,"Temp Read Blocks":0,"Temp Written Blocks":0,"I/O Read Time":0.0,"I/O Write Time":0.0,"Temp I/O Read Time":0.0,"Temp I/O Write Time":0.0,"Subplans Removed":0,"Plans":[{"Node Type":"Custom Scan","Parent Relationship":"Member","Custom Plan Provider":"columnar scan","Parallel Aware":false,"Async Capable":false,"Relation Name":"supplier","Schema":"public","Alias":"supplier","Startup Cost":20.0,"Total Cost":255.0,"Plan Rows":10000,"Plan Width":64,"Actual Startup Time":0.044,"Actual Total Time":1.731,"Actual Rows":10000,"Actual Loops":1,"Output":["supplier.su_suppkey","supplier.su_name","supplier.su_address","supplier.su_phone"],"Rows Removed by Columnar Filter":0,"Columnar cache search mode":"native","Shared Hit Blocks":0,"Shared Read Blocks":0,"Shared Dirtied Blocks":0,"Shared Written Blocks":0,"Local Hit Blocks":0,"Local Read Blocks":0,"Local Dirtied Blocks":0,"Local Written Blocks":0,"Temp Read Blocks":0,"Temp Written Blocks":0,"I/O Read Time":0.0,"I/O Write Time":0.0,"Temp I/O Read Time":0.0,"Temp I/O Write Time":0.0},{"Node Type":"Seq Scan","Parent Relationship":"Member","Parallel Aware":false,"Async Capable":false,"Relation Name":"supplier","Schema":"public","Alias":"supplier","Startup Cost":0.0,"Total Cost":4.01,"Plan Rows":1,"Plan Width":64,"Actual Startup Time":0.0,"Actual Total Time":0.0,"Actual Rows":0,"Actual Loops":0,"Output":["supplier.su_suppkey","supplier.su_name","supplier.su_address","supplier.su_phone"],"Shared Hit Blocks":0,"Shared Read Blocks":0,"Shared Dirtied Blocks":0,"Shared Written Blocks":0,"Local Hit Blocks":0,"Local Read Blocks":0,"Local Dirtied Blocks":0,"Local Written Blocks":0,"Temp Read Blocks":0,"Temp Written Blocks":0,"I/O Read Time":0.0,"I/O Write Time":0.0,"Temp I/O Read Time":0.0,"Temp I/O Write Time":0.0}]}]}]}]},"Planning":{"Shared Hit Blocks":18,"Shared Read Blocks":0,"Shared Dirtied Blocks":0,"Shared Written Blocks":0,"Local Hit Blocks":0,"Local Read Blocks":0,"Local Dirtied Blocks":0,"Local Written Blocks":0,"Temp Read Blocks":0,"Temp Written Blocks":0,"I/O Read Time":0.0,"I/O Write Time":0.0,"Temp I/O Read Time":0.0,"Temp I/O Write Time":0.0},"Planning Time":0.4,"Triggers":[],"Execution Time":9460.889}]
[列存组合]: order_line, stock
[{"Plan":{"Node Type":"Merge Join","Parallel Aware":false,"Async Capable":false,"Join Type":"Inner","Startup Cost":666894.97,"Total Cost":667560.02,"Plan Rows":10000,"Plan Width":96,"Actual Startup Time":2716.297,"Actual Total Time":2722.414,"Actual Rows":10000,"Actual Loops":1,"Output":["supplier.su_suppkey","supplier.su_name","supplier.su_address","supplier.su_phone","revenue.total_revenue"],"Merge Cond":"(supplier.su_suppkey = revenue.supplier_no)","Shared Hit Blocks":266,"Shared Read Blocks":0,"Shared Dirtied Blocks":0,"Shared Written Blocks":0,"Local Hit Blocks":0,"Local Read Blocks":0,"Local Dirtied Blocks":0,"Local Written Blocks":0,"Temp Read Blocks":0,"Temp Written Blocks":0,"I/O Read Time":0.0,"I/O Write Time":0.0,"Temp I/O Read Time":0.0,"Temp I/O Write Time":0.0,"Plans":[{"Node Type":"Aggregate","Strategy":"Hashed","Partial Mode":"Simple","Parent Relationship":"InitPlan","Subplan Name":"CTE revenue","Parallel Aware":false,"Async Capable":false,"Startup Cost":524134.97,"Total Cost":576229.34,"Plan Rows":2000021,"Plan Width":36,"Actual Startup Time":2706.295,"Actual Total Time":2708.462,"Actual Rows":10000,"Actual Loops":1,"Output":["(mod((stock.s_w_id * stock.s_i_id), 10000))","sum(order_line.ol_amount)"],"Group Key":["mod((stock.s_w_id * stock.s_i_id), 10000)"],"Planned Partitions":128,"HashAgg Batches":1,"Peak Memory Usage":4881,"Disk Usage":0,"Shared Hit Blocks":0,"Shared Read Blocks":0,"Shared Dirtied Blocks":0,"Shared Written Blocks":0,"Local Hit Blocks":0,"Local Read Blocks":0,"Local Dirtied Blocks":0,"Local Written Blocks":0,"Temp Read Blocks":0,"Temp Written Blocks":0,"I/O Read Time":0.0,"I/O Write Time":0.0,"Temp I/O Read Time":0.0,"Temp I/O Write Time":0.0,"Plans":[{"Node Type":"Result","Parent Relationship":"Outer","Parallel Aware":false,"Async Capable":false,"Startup Cost":58620.59,"Total Cost":401058.11,"Plan Rows":2188033,"Plan Width":8,"Actual Startup Time":1564.722,"Actual Total Time":2306.475,"Actual Rows":2159530,"Actual Loops":1,"Output":["mod((stock.s_w_id * stock.s_i_id), 10000)","order_line.ol_amount"],"Shared Hit Blocks":0,"Shared Read Blocks":0,"Shared Dirtied Blocks":0,"Shared Written Blocks":0,"Local Hit Blocks":0,"Local Read Blocks":0,"Local Dirtied Blocks":0,"Local Written Blocks":0,"Temp Read Blocks":0,"Temp Written Blocks":0,"I/O Read Time":0.0,"I/O Write Time":0.0,"Temp I/O Read Time":0.0,"Temp I/O Write Time":0.0,"Plans":[{"Node Type":"Hash Join","Parent Relationship":"Outer","Parallel Aware":false,"Async Capable":false,"Join Type":"Inner","Startup Cost":58620.59,"Total Cost":390117.95,"Plan Rows":2188033,"Plan Width":10,"Actual Startup Time":1564.714,"Actual Total Time":2089.546,"Actual Rows":2159530,"Actual Loops":1,"Output":["order_line.ol_amount","stock.s_w_id","stock.s_i_id"],"Hash Cond":"((order_line.ol_i_id = stock.s_i_id) AND (order_line.ol_supply_w_id = stock.s_w_id))","Rows Removed by Bloom Filter":0,"Shared Hit Blocks":0,"Shared Read Blocks":0,"Shared Dirtied Blocks":0,"Shared Written Blocks":0,"Local Hit Blocks":0,"Local Read Blocks":0,"Local Dirtied Blocks":0,"Local Written Blocks":0,"Temp Read Blocks":0,"Temp Written Blocks":0,"I/O Read Time":0.0,"I/O Write Time":0.0,"Temp I/O Read Time":0.0,"Temp I/O Write Time":0.0,"Plans":[{"Node Type":"Append","Parent Relationship":"Outer","Parallel Aware":false,"Async Capable":false,"Startup Cost":20.0,"Total Cost":47069.78,"Plan Rows":2188033,"Plan Width":10,"Actual Startup Time":23.346,"Actual Total Time":23.352,"Actual Rows":2159530,"Actual Loops":1,"Shared Hit Blocks":0,"Shared Read Blocks":0,"Shared Dirtied Blocks":0,"Shared Written Blocks":0,"Local Hit Blocks":0,"Local Read Blocks":0,"Local Dirtied Blocks":0,"Local Written Blocks":0,"Temp Read Blocks":0,"Temp Written Blocks":0,"I/O Read Time":0.0,"I/O Write Time":0.0,"Temp I/O Read Time":0.0,"Temp I/O Write Time":0.0,"Subplans Removed":0,"Plans":[{"Node Type":"Custom Scan","Parent Relationship":"Member","Custom Plan Provider":"columnar scan","Parallel Aware":false,"Async Capable":false,"Relation Name":"order_line","Schema":"public","Alias":"order_line","Startup Cost":20.0,"Total Cost":47064.83,"Plan Rows":2188031,"Plan Width":10,"Actual Startup Time":23.344,"Actual Total Time":23.345,"Actual Rows":2159530,"Actual Loops":1,"Output":["order_line.ol_amount","order_line.ol_i_id","order_line.ol_supply_w_id"],"Filter":"((order_line.ol_delivery_d < '1996-01-02 20:10:02.27764'::timestamp without time zone) AND (order_line.ol_delivery_d >= '1995-10-02 20:10:02.27764'::timestamp without time zone))","Rows Removed by Filter":0,"Rows Removed by Columnar Filter":57834231,"Columnar cache search mode":"native","Shared Hit Blocks":0,"Shared Read Blocks":0,"Shared Dirtied Blocks":0,"Shared Written Blocks":0,"Local Hit Blocks":0,"Local Read Blocks":0,"Local Dirtied Blocks":0,"Local Written Blocks":0,"Temp Read Blocks":0,"Temp Written Blocks":0,"I/O Read Time":0.0,"I/O Write Time":0.0,"Temp I/O Read Time":0.0,"Temp I/O Write Time":0.0},{"Node Type":"Seq Scan","Parent Relationship":"Member","Parallel Aware":false,"Async Capable":false,"Relation Name":"order_line","Schema":"public","Alias":"order_line","Startup Cost":0.0,"Total Cost":4.95,"Plan Rows":2,"Plan Width":10,"Actual Startup Time":0.0,"Actual Total Time":0.0,"Actual Rows":0,"Actual Loops":0,"Output":["order_line.ol_amount","order_line.ol_i_id","order_line.ol_supply_w_id"],"Filter":"((order_line.ol_delivery_d < '1996-01-02 20:10:02.27764'::timestamp without time zone) AND (order_line.ol_delivery_d >= '1995-10-02 20:10:02.27764'::timestamp without time zone))","Rows Removed by Filter":0,"Shared Hit Blocks":0,"Shared Read Blocks":0,"Shared Dirtied Blocks":0,"Shared Written Blocks":0,"Local Hit Blocks":0,"Local Read Blocks":0,"Local Dirtied Blocks":0,"Local Written Blocks":0,"Temp Read Blocks":0,"Temp Written Blocks":0,"I/O Read Time":0.0,"I/O Write Time":0.0,"Temp I/O Read Time":0.0,"Temp I/O Write Time":0.0}]},{"Node Type":"Hash","Parent Relationship":"Inner","Parallel Aware":false,"Async Capable":false,"Startup Cost":390026.22,"Total Cost":390026.22,"Plan Rows":20000212,"Plan Width":6,"Actual Rows":20000000,"Actual Loops":1,"Output":["stock.s_w_id","stock.s_i_id"],"Shared Hit Blocks":0,"Shared Read Blocks":0,"Shared Dirtied Blocks":0,"Shared Written Blocks":0,"Local Hit Blocks":0,"Local Read Blocks":0,"Local Dirtied Blocks":0,"Local Written Blocks":0,"Temp Read Blocks":0,"Temp Written Blocks":0,"I/O Read Time":0.0,"I/O Write Time":0.0,"Temp I/O Read Time":0.0,"Temp I/O Write Time":0.0,"Plans":[{"Node Type":"Append","Parent Relationship":"Outer","Parallel Aware":false,"Async Capable":false,"Startup Cost":20.0,"Total Cost":390026.22,"Plan Rows":20000212,"Plan Width":6,"Actual Startup Time":0.465,"Actual Total Time":0.466,"Actual Rows":20000000,"Actual Loops":1,"Shared Hit Blocks":0,"Shared Read Blocks":0,"Shared Dirtied Blocks":0,"Shared Written Blocks":0,"Local Hit Blocks":0,"Local Read Blocks":0,"Local Dirtied Blocks":0,"Local Written Blocks":0,"Temp Read Blocks":0,"Temp Written Blocks":0,"I/O Read Time":0.0,"I/O Write Time":0.0,"Temp I/O Read Time":0.0,"Temp I/O Write Time":0.0,"Subplans Removed":0,"Plans":[{"Node Type":"Custom Scan","Parent Relationship":"Member","Custom Plan Provider":"columnar scan","Parallel Aware":false,"Async Capable":false,"Relation Name":"stock","Schema":"public","Alias":"stock","Startup Cost":20.0,"Total Cost":390020.1,"Plan Rows":20000000,"Plan Width":6,"Actual Startup Time":0.464,"Actual Total Time":0.464,"Actual Rows":20000000,"Actual Loops":1,"Output":["stock.s_w_id","stock.s_i_id"],"Rows Removed by Columnar Filter":0,"Columnar cache search mode":"native","Shared Hit Blocks":0,"Shared Read Blocks":0,"Shared Dirtied Blocks":0,"Shared Written Blocks":0,"Local Hit Blocks":0,"Local Read Blocks":0,"Local Dirtied Blocks":0,"Local Written Blocks":0,"Temp Read Blocks":0,"Temp Written Blocks":0,"I/O Read Time":0.0,"I/O Write Time":0.0,"Temp I/O Read Time":0.0,"Temp I/O Write Time":0.0},{"Node Type":"Seq Scan","Parent Relationship":"Member","Parallel Aware":false,"Async Capable":false,"Relation Name":"stock","Schema":"public","Alias":"stock","Startup Cost":0.0,"Total Cost":6.12,"Plan Rows":212,"Plan Width":6,"Actual Startup Time":0.0,"Actual Total Time":0.0,"Actual Rows":0,"Actual Loops":0,"Output":["stock.s_w_id","stock.s_i_id"],"Shared Hit Blocks":0,"Shared Read Blocks":0,"Shared Dirtied Blocks":0,"Shared Written Blocks":0,"Local Hit Blocks":0,"Local Read Blocks":0,"Local Dirtied Blocks":0,"Local Written Blocks":0,"Temp Read Blocks":0,"Temp Written Blocks":0,"I/O Read Time":0.0,"I/O Write Time":0.0,"Temp I/O Read Time":0.0,"Temp I/O Write Time":0.0}]}]}]}]}]},{"Node Type":"Aggregate","Strategy":"Plain","Partial Mode":"Simple","Parent Relationship":"InitPlan","Subplan Name":"InitPlan 2 (returns $1)","Parallel Aware":false,"Async Capable":false,"Startup Cost":45000.47,"Total Cost":45000.48,"Plan Rows":1,"Plan Width":32,"Actual Startup Time":5.761,"Actual Total Time":5.762,"Actual Rows":1,"Actual Loops":1,"Output":["max(revenue_1.total_revenue)"],"Shared Hit Blocks":0,"Shared Read Blocks":0,"Shared Dirtied Blocks":0,"Shared Written Blocks":0,"Local Hit Blocks":0,"Local Read Blocks":0,"Local Dirtied Blocks":0,"Local Written Blocks":0,"Temp Read Blocks":0,"Temp Written Blocks":0,"I/O Read Time":0.0,"I/O Write Time":0.0,"Temp I/O Read Time":0.0,"Temp I/O Write Time":0.0,"Plans":[{"Node Type":"CTE Scan","Parent Relationship":"Outer","Parallel Aware":false,"Async Capable":false,"CTE Name":"revenue","Alias":"revenue_1","Startup Cost":0.0,"Total Cost":40000.42,"Plan Rows":2000021,"Plan Width":32,"Actual Startup Time":0.002,"Actual Total Time":4.4,"Actual Rows":10000,"Actual Loops":1,"Output":["revenue_1.supplier_no","revenue_1.total_revenue"],"Shared Hit Blocks":0,"Shared Read Blocks":0,"Shared Dirtied Blocks":0,"Shared Written Blocks":0,"Local Hit Blocks":0,"Local Read Blocks":0,"Local Dirtied Blocks":0,"Local Written Blocks":0,"Temp Read Blocks":0,"Temp Written Blocks":0,"I/O Read Time":0.0,"I/O Write Time":0.0,"Temp I/O Read Time":0.0,"Temp I/O Write Time":0.0}]},{"Node Type":"Index Scan","Parent Relationship":"Outer","Parallel Aware":false,"Async Capable":false,"Scan Direction":"Forward","Index Name":"supplier_pk","Relation Name":"supplier","Schema":"public","Alias":"supplier","Startup Cost":0.29,"Total Cost":490.34,"Plan Rows":10000,"Plan Width":64,"Actual Startup Time":0.015,"Actual Total Time":2.148,"Actual Rows":10000,"Actual Loops":1,"Output":["supplier.su_suppkey","supplier.su_name","supplier.su_address","supplier.su_nationkey","supplier.su_phone","supplier.su_acctbal","supplier.su_comment"],"Shared Hit Blocks":266,"Shared Read Blocks":0,"Shared Dirtied Blocks":0,"Shared Written Blocks":0,"Local Hit Blocks":0,"Local Read Blocks":0,"Local Dirtied Blocks":0,"Local Written Blocks":0,"Temp Read Blocks":0,"Temp Written Blocks":0,"I/O Read Time":0.0,"I/O Write Time":0.0,"Temp I/O Read Time":0.0,"Temp I/O Write Time":0.0},{"Node Type":"Sort","Parent Relationship":"Inner","Parallel Aware":false,"Async Capable":false,"Startup Cost":45664.86,"Total Cost":45689.86,"Plan Rows":10000,"Plan Width":36,"Actual Startup Time":2716.27,"Actual Total Time":2716.886,"Actual Rows":10000,"Actual Loops":1,"Output":["revenue.total_revenue","revenue.supplier_no"],"Sort Key":["revenue.supplier_no"],"Sort Method":"quicksort","Sort Space Used":853,"Sort Space Type":"Memory","Shared Hit Blocks":0,"Shared Read Blocks":0,"Shared Dirtied Blocks":0,"Shared Written Blocks":0,"Local Hit Blocks":0,"Local Read Blocks":0,"Local Dirtied Blocks":0,"Local Written Blocks":0,"Temp Read Blocks":0,"Temp Written Blocks":0,"I/O Read Time":0.0,"I/O Write Time":0.0,"Temp I/O Read Time":0.0,"Temp I/O Write Time":0.0,"Plans":[{"Node Type":"CTE Scan","Parent Relationship":"Outer","Parallel Aware":false,"Async Capable":false,"CTE Name":"revenue","Alias":"revenue","Startup Cost":0.0,"Total Cost":45000.47,"Plan Rows":10000,"Plan Width":36,"Actual Startup Time":2712.071,"Actual Total Time":2713.783,"Actual Rows":10000,"Actual Loops":1,"Output":["revenue.total_revenue","revenue.supplier_no"],"Filter":"(revenue.total_revenue = $1)","Rows Removed by Filter":0,"Shared Hit Blocks":0,"Shared Read Blocks":0,"Shared Dirtied Blocks":0,"Shared Written Blocks":0,"Local Hit Blocks":0,"Local Read Blocks":0,"Local Dirtied Blocks":0,"Local Written Blocks":0,"Temp Read Blocks":0,"Temp Written Blocks":0,"I/O Read Time":0.0,"I/O Write Time":0.0,"Temp I/O Read Time":0.0,"Temp I/O Write Time":0.0}]}]},"Planning":{"Shared Hit Blocks":18,"Shared Read Blocks":0,"Shared Dirtied Blocks":0,"Shared Written Blocks":0,"Local Hit Blocks":0,"Local Read Blocks":0,"Local Dirtied Blocks":0,"Local Written Blocks":0,"Temp Read Blocks":0,"Temp Written Blocks":0,"I/O Read Time":0.0,"I/O Write Time":0.0,"Temp I/O Read Time":0.0,"Temp I/O Write Time":0.0},"Planning Time":1.7,"Triggers":[],"Execution Time":2723.626}]
[列存组合]: order_line, supplier
[{"Plan":{"Node Type":"Sort","Parallel Aware":false,"Async Capable":false,"Startup Cost":2181594.77,"Total Cost":2181619.77,"Plan Rows":10000,"Plan Width":96,"Actual Startup Time":4252.667,"Actual Total Time":4253.207,"Actual Rows":10000,"Actual Loops":1,"Output":["supplier.su_suppkey","supplier.su_name","supplier.su_address","supplier.su_phone","revenue.total_revenue"],"Sort Key":["supplier.su_suppkey"],"Sort Method":"quicksort","Sort Space Used":1473,"Sort Space Type":"Memory","Shared Hit Blocks":54673,"Shared Read Blocks":0,"Shared Dirtied Blocks":0,"Shared Written Blocks":0,"Local Hit Blocks":0,"Local Read Blocks":0,"Local Dirtied Blocks":0,"Local Written Blocks":0,"Temp Read Blocks":10576,"Temp Written Blocks":10713,"I/O Read Time":0.0,"I/O Write Time":0.0,"Temp I/O Read Time":15.656,"Temp I/O Write Time":29.389,"Plans":[{"Node Type":"Aggregate","Strategy":"Hashed","Partial Mode":"Simple","Parent Relationship":"InitPlan","Subplan Name":"CTE revenue","Parallel Aware":false,"Async Capable":false,"Startup Cost":2038424.77,"Total Cost":2090519.15,"Plan Rows":2000021,"Plan Width":36,"Actual Startup Time":4235.877,"Actual Total Time":4237.996,"Actual Rows":10000,"Actual Loops":1,"Output":["(mod((stock.s_w_id * stock.s_i_id), 10000))","sum(order_line.ol_amount)"],"Group Key":["mod((stock.s_w_id * stock.s_i_id), 10000)"],"Planned Partitions":128,"HashAgg Batches":1,"Peak Memory Usage":4881,"Disk Usage":0,"Shared Hit Blocks":54673,"Shared Read Blocks":0,"Shared Dirtied Blocks":0,"Shared Written Blocks":0,"Local Hit Blocks":0,"Local Read Blocks":0,"Local Dirtied Blocks":0,"Local Written Blocks":0,"Temp Read Blocks":10576,"Temp Written Blocks":10713,"I/O Read Time":0.0,"I/O Write Time":0.0,"Temp I/O Read Time":15.656,"Temp I/O Write Time":29.389,"Plans":[{"Node Type":"Merge Join","Parent Relationship":"Outer","Parallel Aware":false,"Async Capable":false,"Join Type":"Inner","Startup Cost":1246597.0,"Total Cost":1915347.92,"Plan Rows":2188033,"Plan Width":8,"Actual Startup Time":681.216,"Actual Total Time":3831.057,"Actual Rows":2159530,"Actual Loops":1,"Output":["mod((stock.s_w_id * stock.s_i_id), 10000)","order_line.ol_amount"],"Inner Unique":true,"Merge Cond":"((order_line.ol_supply_w_id = stock.s_w_id) AND (order_line.ol_i_id = stock.s_i_id))","Shared Hit Blocks":54673,"Shared Read Blocks":0,"Shared Dirtied Blocks":0,"Shared Written Blocks":0,"Local Hit Blocks":0,"Local Read Blocks":0,"Local Dirtied Blocks":0,"Local Written Blocks":0,"Temp Read Blocks":10576,"Temp Written Blocks":10713,"I/O Read Time":0.0,"I/O Write Time":0.0,"Temp I/O Read Time":15.656,"Temp I/O Write Time":29.389,"Plans":[{"Node Type":"Sort","Parent Relationship":"Outer","Parallel Aware":false,"Async Capable":false,"Startup Cost":1246596.56,"Total Cost":1252066.64,"Plan Rows":2188033,"Plan Width":10,"Actual Startup Time":681.175,"Actual Total Time":905.303,"Actual Rows":2159530,"Actual Loops":1,"Output":["order_line.ol_amount","order_line.ol_i_id","order_line.ol_supply_w_id"],"Sort Key":["order_line.ol_supply_w_id","order_line.ol_i_id"],"Sort Method":"external merge","Sort Space Used":42312,"Sort Space Type":"Disk","Shared Hit Blocks":0,"Shared Read Blocks":0,"Shared Dirtied Blocks":0,"Shared Written Blocks":0,"Local Hit Blocks":0,"Local Read Blocks":0,"Local Dirtied Blocks":0,"Local Written Blocks":0,"Temp Read Blocks":10576,"Temp Written Blocks":10713,"I/O Read Time":0.0,"I/O Write Time":0.0,"Temp I/O Read Time":15.656,"Temp I/O Write Time":29.389,"Plans":[{"Node Type":"Append","Parent Relationship":"Outer","Parallel Aware":false,"Async Capable":false,"Startup Cost":20.0,"Total Cost":941395.52,"Plan Rows":2188033,"Plan Width":10,"Actual Startup Time":530.316,"Actual Total Time":530.319,"Actual Rows":2159530,"Actual Loops":1,"Shared Hit Blocks":0,"Shared Read Blocks":0,"Shared Dirtied Blocks":0,"Shared Written Blocks":0,"Local Hit Blocks":0,"Local Read Blocks":0,"Local Dirtied Blocks":0,"Local Written Blocks":0,"Temp Read Blocks":0,"Temp Written Blocks":5410,"I/O Read Time":0.0,"I/O Write Time":0.0,"Temp I/O Read Time":0.0,"Temp I/O Write Time":21.152,"Subplans Removed":0,"Plans":[{"Node Type":"Custom Scan","Parent Relationship":"Member","Custom Plan Provider":"columnar scan","Parallel Aware":false,"Async Capable":false,"Relation Name":"order_line","Schema":"public","Alias":"order_line","Startup Cost":20.0,"Total Cost":47064.83,"Plan Rows":2188031,"Plan Width":10,"Actual Startup Time":530.313,"Actual Total Time":530.313,"Actual Rows":2159530,"Actual Loops":1,"Output":["order_line.ol_amount","order_line.ol_i_id","order_line.ol_supply_w_id"],"Filter":"((order_line.ol_delivery_d < '1996-01-02 20:10:02.27764'::timestamp without time zone) AND (order_line.ol_delivery_d >= '1995-10-02 20:10:02.27764'::timestamp without time zone))","Rows Removed by Filter":0,"Rows Removed by Columnar Filter":57834231,"Rows Sorted by Columnar Scan":2159530,"Columnar cache search mode":"native","Shared Hit Blocks":0,"Shared Read Blocks":0,"Shared Dirtied Blocks":0,"Shared Written Blocks":0,"Local Hit Blocks":0,"Local Read Blocks":0,"Local Dirtied Blocks":0,"Local Written Blocks":0,"Temp Read Blocks":0,"Temp Written Blocks":5410,"I/O Read Time":0.0,"I/O Write Time":0.0,"Temp I/O Read Time":0.0,"Temp I/O Write Time":21.152},{"Node Type":"Seq Scan","Parent Relationship":"Member","Parallel Aware":false,"Async Capable":false,"Relation Name":"order_line","Schema":"public","Alias":"order_line","Startup Cost":0.0,"Total Cost":4.95,"Plan Rows":2,"Plan Width":10,"Actual Startup Time":0.0,"Actual Total Time":0.0,"Actual Rows":0,"Actual Loops":0,"Output":["order_line.ol_amount","order_line.ol_i_id","order_line.ol_supply_w_id"],"Filter":"((order_line.ol_delivery_d < '1996-01-02 20:10:02.27764'::timestamp without time zone) AND (order_line.ol_delivery_d >= '1995-10-02 20:10:02.27764'::timestamp without time zone))","Rows Removed by Filter":0,"Shared Hit Blocks":0,"Shared Read Blocks":0,"Shared Dirtied Blocks":0,"Shared Written Blocks":0,"Local Hit Blocks":0,"Local Read Blocks":0,"Local Dirtied Blocks":0,"Local Written Blocks":0,"Temp Read Blocks":0,"Temp Written Blocks":0,"I/O Read Time":0.0,"I/O Write Time":0.0,"Temp I/O Read Time":0.0,"Temp I/O Write Time":0.0}]}]},{"Node Type":"Index Only Scan","Parent Relationship":"Inner","Parallel Aware":false,"Async Capable":false,"Scan Direction":"Forward","Index Name":"stock_pk","Relation Name":"stock","Schema":"public","Alias":"stock","Startup Cost":0.44,"Total Cost":519363.62,"Plan Rows":20000212,"Plan Width":6,"Actual Startup Time":0.03,"Actual Total Time":1407.281,"Actual Rows":19999992,"Actual Loops":1,"Output":["stock.s_w_id","stock.s_i_id"],"Heap Fetches":0,"Shared Hit Blocks":54673,"Shared Read Blocks":0,"Shared Dirtied Blocks":0,"Shared Written Blocks":0,"Local Hit Blocks":0,"Local Read Blocks":0,"Local Dirtied Blocks":0,"Local Written Blocks":0,"Temp Read Blocks":0,"Temp Written Blocks":0,"I/O Read Time":0.0,"I/O Write Time":0.0,"Temp I/O Read Time":0.0,"Temp I/O Write Time":0.0}]}]},{"Node Type":"Aggregate","Strategy":"Plain","Partial Mode":"Simple","Parent Relationship":"InitPlan","Subplan Name":"InitPlan 2 (returns $1)","Parallel Aware":false,"Async Capable":false,"Startup Cost":45000.47,"Total Cost":45000.48,"Plan Rows":1,"Plan Width":32,"Actual Startup Time":5.313,"Actual Total Time":5.314,"Actual Rows":1,"Actual Loops":1,"Output":["max(revenue_1.total_revenue)"],"Shared Hit Blocks":0,"Shared Read Blocks":0,"Shared Dirtied Blocks":0,"Shared Written Blocks":0,"Local Hit Blocks":0,"Local Read Blocks":0,"Local Dirtied Blocks":0,"Local Written Blocks":0,"Temp Read Blocks":0,"Temp Written Blocks":0,"I/O Read Time":0.0,"I/O Write Time":0.0,"Temp I/O Read Time":0.0,"Temp I/O Write Time":0.0,"Plans":[{"Node Type":"CTE Scan","Parent Relationship":"Outer","Parallel Aware":false,"Async Capable":false,"CTE Name":"revenue","Alias":"revenue_1","Startup Cost":0.0,"Total Cost":40000.42,"Plan Rows":2000021,"Plan Width":32,"Actual Startup Time":0.002,"Actual Total Time":4.116,"Actual Rows":10000,"Actual Loops":1,"Output":["revenue_1.supplier_no","revenue_1.total_revenue"],"Shared Hit Blocks":0,"Shared Read Blocks":0,"Shared Dirtied Blocks":0,"Shared Written Blocks":0,"Local Hit Blocks":0,"Local Read Blocks":0,"Local Dirtied Blocks":0,"Local Written Blocks":0,"Temp Read Blocks":0,"Temp Written Blocks":0,"I/O Read Time":0.0,"I/O Write Time":0.0,"Temp I/O Read Time":0.0,"Temp I/O Write Time":0.0}]},{"Node Type":"Hash Join","Parent Relationship":"Outer","Parallel Aware":false,"Async Capable":false,"Join Type":"Inner","Startup Cost":384.02,"Total Cost":45410.76,"Plan Rows":10000,"Plan Width":96,"Actual Startup Time":4246.186,"Actual Total Time":4250.028,"Actual Rows":10000,"Actual Loops":1,"Output":["supplier.su_suppkey","supplier.su_name","supplier.su_address","supplier.su_phone","revenue.total_revenue"],"Inner Unique":true,"Hash Cond":"(revenue.supplier_no = supplier.su_suppkey)","Shared Hit Blocks":54673,"Shared Read Blocks":0,"Shared Dirtied Blocks":0,"Shared Written Blocks":0,"Local Hit Blocks":0,"Local Read Blocks":0,"Local Dirtied Blocks":0,"Local Written Blocks":0,"Temp Read Blocks":10576,"Temp Written Blocks":10713,"I/O Read Time":0.0,"I/O Write Time":0.0,"Temp I/O Read Time":15.656,"Temp I/O Write Time":29.389,"Plans":[{"Node Type":"CTE Scan","Parent Relationship":"Outer","Parallel Aware":false,"Async Capable":false,"CTE Name":"revenue","Alias":"revenue","Startup Cost":0.0,"Total Cost":45000.47,"Plan Rows":10000,"Plan Width":36,"Actual Startup Time":4241.205,"Actual Total Time":4242.751,"Actual Rows":10000,"Actual Loops":1,"Output":["revenue.supplier_no","revenue.total_revenue"],"Filter":"(revenue.total_revenue = $1)","Rows Removed by Filter":0,"Shared Hit Blocks":54673,"Shared Read Blocks":0,"Shared Dirtied Blocks":0,"Shared Written Blocks":0,"Local Hit Blocks":0,"Local Read Blocks":0,"Local Dirtied Blocks":0,"Local Written Blocks":0,"Temp Read Blocks":10576,"Temp Written Blocks":10713,"I/O Read Time":0.0,"I/O Write Time":0.0,"Temp I/O Read Time":15.656,"Temp I/O Write Time":29.389},{"Node Type":"Hash","Parent Relationship":"Inner","Parallel Aware":false,"Async Capable":false,"Startup Cost":259.01,"Total Cost":259.01,"Plan Rows":10001,"Plan Width":64,"Actual Startup Time":4.909,"Actual Total Time":4.91,"Actual Rows":10000,"Actual Loops":1,"Output":["supplier.su_suppkey","supplier.su_name","supplier.su_address","supplier.su_phone"],"Hash Buckets":16384,"Original Hash Buckets":16384,"Hash Batches":1,"Original Hash Batches":1,"Peak Memory Usage":1075,"Shared Hit Blocks":0,"Shared Read Blocks":0,"Shared Dirtied Blocks":0,"Shared Written Blocks":0,"Local Hit Blocks":0,"Local Read Blocks":0,"Local Dirtied Blocks":0,"Local Written Blocks":0,"Temp Read Blocks":0,"Temp Written Blocks":0,"I/O Read Time":0.0,"I/O Write Time":0.0,"Temp I/O Read Time":0.0,"Temp I/O Write Time":0.0,"Plans":[{"Node Type":"Append","Parent Relationship":"Outer","Parallel Aware":false,"Async Capable":false,"Startup Cost":20.0,"Total Cost":259.01,"Plan Rows":10001,"Plan Width":64,"Actual Startup Time":0.041,"Actual Total Time":2.484,"Actual Rows":10000,"Actual Loops":1,"Shared Hit Blocks":0,"Shared Read Blocks":0,"Shared Dirtied Blocks":0,"Shared Written Blocks":0,"Local Hit Blocks":0,"Local Read Blocks":0,"Local Dirtied Blocks":0,"Local Written Blocks":0,"Temp Read Blocks":0,"Temp Written Blocks":0,"I/O Read Time":0.0,"I/O Write Time":0.0,"Temp I/O Read Time":0.0,"Temp I/O Write Time":0.0,"Subplans Removed":0,"Plans":[{"Node Type":"Custom Scan","Parent Relationship":"Member","Custom Plan Provider":"columnar scan","Parallel Aware":false,"Async Capable":false,"Relation Name":"supplier","Schema":"public","Alias":"supplier","Startup Cost":20.0,"Total Cost":255.0,"Plan Rows":10000,"Plan Width":64,"Actual Startup Time":0.039,"Actual Total Time":1.729,"Actual Rows":10000,"Actual Loops":1,"Output":["supplier.su_suppkey","supplier.su_name","supplier.su_address","supplier.su_phone"],"Rows Removed by Columnar Filter":0,"Columnar cache search mode":"native","Shared Hit Blocks":0,"Shared Read Blocks":0,"Shared Dirtied Blocks":0,"Shared Written Blocks":0,"Local Hit Blocks":0,"Local Read Blocks":0,"Local Dirtied Blocks":0,"Local Written Blocks":0,"Temp Read Blocks":0,"Temp Written Blocks":0,"I/O Read Time":0.0,"I/O Write Time":0.0,"Temp I/O Read Time":0.0,"Temp I/O Write Time":0.0},{"Node Type":"Seq Scan","Parent Relationship":"Member","Parallel Aware":false,"Async Capable":false,"Relation Name":"supplier","Schema":"public","Alias":"supplier","Startup Cost":0.0,"Total Cost":4.01,"Plan Rows":1,"Plan Width":64,"Actual Startup Time":0.0,"Actual Total Time":0.0,"Actual Rows":0,"Actual Loops":0,"Output":["supplier.su_suppkey","supplier.su_name","supplier.su_address","supplier.su_phone"],"Shared Hit Blocks":0,"Shared Read Blocks":0,"Shared Dirtied Blocks":0,"Shared Written Blocks":0,"Local Hit Blocks":0,"Local Read Blocks":0,"Local Dirtied Blocks":0,"Local Written Blocks":0,"Temp Read Blocks":0,"Temp Written Blocks":0,"I/O Read Time":0.0,"I/O Write Time":0.0,"Temp I/O Read Time":0.0,"Temp I/O Write Time":0.0}]}]}]}]},"Planning":{"Shared Hit Blocks":18,"Shared Read Blocks":0,"Shared Dirtied Blocks":0,"Shared Written Blocks":0,"Local Hit Blocks":0,"Local Read Blocks":0,"Local Dirtied Blocks":0,"Local Written Blocks":0,"Temp Read Blocks":0,"Temp Written Blocks":0,"I/O Read Time":0.0,"I/O Write Time":0.0,"Temp I/O Read Time":0.0,"Temp I/O Write Time":0.0},"Planning Time":0.955,"Triggers":[],"Execution Time":4261.504}]
[列存组合]: stock, supplier
[{"Plan":{"Node Type":"Sort","Parallel Aware":false,"Async Capable":false,"Startup Cost":2821854.61,"Total Cost":2821879.61,"Plan Rows":10000,"Plan Width":96,"Actual Startup Time":9457.15,"Actual Total Time":9457.711,"Actual Rows":10000,"Actual Loops":1,"Output":["supplier.su_suppkey","supplier.su_name","supplier.su_address","supplier.su_phone","revenue.total_revenue"],"Sort Key":["supplier.su_suppkey"],"Sort Method":"quicksort","Sort Space Used":1473,"Sort Space Type":"Memory","Shared Hit Blocks":736421,"Shared Read Blocks":0,"Shared Dirtied Blocks":0,"Shared Written Blocks":0,"Local Hit Blocks":0,"Local Read Blocks":0,"Local Dirtied Blocks":0,"Local Written Blocks":0,"Temp Read Blocks":10572,"Temp Written Blocks":10614,"I/O Read Time":0.0,"I/O Write Time":0.0,"Temp I/O Read Time":16.053,"Temp I/O Write Time":31.926,"Plans":[{"Node Type":"Aggregate","Strategy":"Hashed","Partial Mode":"Simple","Parent Relationship":"InitPlan","Subplan Name":"CTE revenue","Parallel Aware":false,"Async Capable":false,"Startup Cost":2678684.61,"Total Cost":2730778.99,"Plan Rows":2000021,"Plan Width":36,"Actual Startup Time":9440.011,"Actual Total Time":9442.11,"Actual Rows":10000,"Actual Loops":1,"Output":["(mod((stock.s_w_id * stock.s_i_id), 10000))","sum(order_line.ol_amount)"],"Group Key":["mod((stock.s_w_id * stock.s_i_id), 10000)"],"Planned Partitions":128,"HashAgg Batches":1,"Peak Memory Usage":4881,"Disk Usage":0,"Shared Hit Blocks":736421,"Shared Read Blocks":0,"Shared Dirtied Blocks":0,"Shared Written Blocks":0,"Local Hit Blocks":0,"Local Read Blocks":0,"Local Dirtied Blocks":0,"Local Written Blocks":0,"Temp Read Blocks":10572,"Temp Written Blocks":10614,"I/O Read Time":0.0,"I/O Write Time":0.0,"Temp I/O Read Time":16.053,"Temp I/O Write Time":31.926,"Plans":[{"Node Type":"Merge Join","Parent Relationship":"Outer","Parallel Aware":false,"Async Capable":false,"Join Type":"Inner","Startup Cost":1886856.83,"Total Cost":2555607.76,"Plan Rows":2188033,"Plan Width":8,"Actual Startup Time":5890.784,"Actual Total Time":9038.551,"Actual Rows":2159530,"Actual Loops":1,"Output":["mod((stock.s_w_id * stock.s_i_id), 10000)","order_line.ol_amount"],"Inner Unique":true,"Merge Cond":"((order_line.ol_supply_w_id = stock.s_w_id) AND (order_line.ol_i_id = stock.s_i_id))","Shared Hit Blocks":736421,"Shared Read Blocks":0,"Shared Dirtied Blocks":0,"Shared Written Blocks":0,"Local Hit Blocks":0,"Local Read Blocks":0,"Local Dirtied Blocks":0,"Local Written Blocks":0,"Temp Read Blocks":10572,"Temp Written Blocks":10614,"I/O Read Time":0.0,"I/O Write Time":0.0,"Temp I/O Read Time":16.053,"Temp I/O Write Time":31.926,"Plans":[{"Node Type":"Sort","Parent Relationship":"Outer","Parallel Aware":false,"Async Capable":false,"Startup Cost":1886856.4,"Total Cost":1892326.48,"Plan Rows":2188033,"Plan Width":10,"Actual Startup Time":5890.731,"Actual Total Time":6116.351,"Actual Rows":2159530,"Actual Loops":1,"Output":["order_line.ol_amount","order_line.ol_i_id","order_line.ol_supply_w_id"],"Sort Key":["order_line.ol_supply_w_id","order_line.ol_i_id"],"Sort Method":"external merge","Sort Space Used":42304,"Sort Space Type":"Disk","Shared Hit Blocks":681748,"Shared Read Blocks":0,"Shared Dirtied Blocks":0,"Shared Written Blocks":0,"Local Hit Blocks":0,"Local Read Blocks":0,"Local Dirtied Blocks":0,"Local Written Blocks":0,"Temp Read Blocks":10572,"Temp Written Blocks":10614,"I/O Read Time":0.0,"I/O Write Time":0.0,"Temp I/O Read Time":16.053,"Temp I/O Write Time":31.926,"Plans":[{"Node Type":"Seq Scan","Parent Relationship":"Outer","Parallel Aware":false,"Async Capable":false,"Relation Name":"order_line","Schema":"public","Alias":"order_line","Startup Cost":0.0,"Total Cost":1581655.36,"Plan Rows":2188033,"Plan Width":10,"Actual Startup Time":15.444,"Actual Total Time":4324.401,"Actual Rows":2159530,"Actual Loops":1,"Output":["order_line.ol_amount","order_line.ol_i_id","order_line.ol_supply_w_id"],"Filter":"((order_line.ol_delivery_d >= '1995-10-02 20:10:02.27764'::timestamp without time zone) AND (order_line.ol_delivery_d < '1996-01-02 20:10:02.27764'::timestamp without time zone))","Rows Removed by Filter":57834231,"Shared Hit Blocks":681748,"Shared Read Blocks":0,"Shared Dirtied Blocks":0,"Shared Written Blocks":0,"Local Hit Blocks":0,"Local Read Blocks":0,"Local Dirtied Blocks":0,"Local Written Blocks":0,"Temp Read Blocks":0,"Temp Written Blocks":0,"I/O Read Time":0.0,"I/O Write Time":0.0,"Temp I/O Read Time":0.0,"Temp I/O Write Time":0.0}]},{"Node Type":"Index Only Scan","Parent Relationship":"Inner","Parallel Aware":false,"Async Capable":false,"Scan Direction":"Forward","Index Name":"stock_pk","Relation Name":"stock","Schema":"public","Alias":"stock","Startup Cost":0.44,"Total Cost":519363.62,"Plan Rows":20000212,"Plan Width":6,"Actual Startup Time":0.039,"Actual Total Time":1368.862,"Actual Rows":19999992,"Actual Loops":1,"Output":["stock.s_w_id","stock.s_i_id"],"Heap Fetches":0,"Shared Hit Blocks":54673,"Shared Read Blocks":0,"Shared Dirtied Blocks":0,"Shared Written Blocks":0,"Local Hit Blocks":0,"Local Read Blocks":0,"Local Dirtied Blocks":0,"Local Written Blocks":0,"Temp Read Blocks":0,"Temp Written Blocks":0,"I/O Read Time":0.0,"I/O Write Time":0.0,"Temp I/O Read Time":0.0,"Temp I/O Write Time":0.0}]}]},{"Node Type":"Aggregate","Strategy":"Plain","Partial Mode":"Simple","Parent Relationship":"InitPlan","Subplan Name":"InitPlan 2 (returns $1)","Parallel Aware":false,"Async Capable":false,"Startup Cost":45000.47,"Total Cost":45000.48,"Plan Rows":1,"Plan Width":32,"Actual Startup Time":5.361,"Actual Total Time":5.363,"Actual Rows":1,"Actual Loops":1,"Output":["max(revenue_1.total_revenue)"],"Shared Hit Blocks":0,"Shared Read Blocks":0,"Shared Dirtied Blocks":0,"Shared Written Blocks":0,"Local Hit Blocks":0,"Local Read Blocks":0,"Local Dirtied Blocks":0,"Local Written Blocks":0,"Temp Read Blocks":0,"Temp Written Blocks":0,"I/O Read Time":0.0,"I/O Write Time":0.0,"Temp I/O Read Time":0.0,"Temp I/O Write Time":0.0,"Plans":[{"Node Type":"CTE Scan","Parent Relationship":"Outer","Parallel Aware":false,"Async Capable":false,"CTE Name":"revenue","Alias":"revenue_1","Startup Cost":0.0,"Total Cost":40000.42,"Plan Rows":2000021,"Plan Width":32,"Actual Startup Time":0.001,"Actual Total Time":4.163,"Actual Rows":10000,"Actual Loops":1,"Output":["revenue_1.supplier_no","revenue_1.total_revenue"],"Shared Hit Blocks":0,"Shared Read Blocks":0,"Shared Dirtied Blocks":0,"Shared Written Blocks":0,"Local Hit Blocks":0,"Local Read Blocks":0,"Local Dirtied Blocks":0,"Local Written Blocks":0,"Temp Read Blocks":0,"Temp Written Blocks":0,"I/O Read Time":0.0,"I/O Write Time":0.0,"Temp I/O Read Time":0.0,"Temp I/O Write Time":0.0}]},{"Node Type":"Hash Join","Parent Relationship":"Outer","Parallel Aware":false,"Async Capable":false,"Join Type":"Inner","Startup Cost":384.02,"Total Cost":45410.76,"Plan Rows":10000,"Plan Width":96,"Actual Startup Time":9450.438,"Actual Total Time":9454.312,"Actual Rows":10000,"Actual Loops":1,"Output":["supplier.su_suppkey","supplier.su_name","supplier.su_address","supplier.su_phone","revenue.total_revenue"],"Inner Unique":true,"Hash Cond":"(revenue.supplier_no = supplier.su_suppkey)","Shared Hit Blocks":736421,"Shared Read Blocks":0,"Shared Dirtied Blocks":0,"Shared Written Blocks":0,"Local Hit Blocks":0,"Local Read Blocks":0,"Local Dirtied Blocks":0,"Local Written Blocks":0,"Temp Read Blocks":10572,"Temp Written Blocks":10614,"I/O Read Time":0.0,"I/O Write Time":0.0,"Temp I/O Read Time":16.053,"Temp I/O Write Time":31.926,"Plans":[{"Node Type":"CTE Scan","Parent Relationship":"Outer","Parallel Aware":false,"Async Capable":false,"CTE Name":"revenue","Alias":"revenue","Startup Cost":0.0,"Total Cost":45000.47,"Plan Rows":10000,"Plan Width":36,"Actual Startup Time":9445.385,"Actual Total Time":9446.948,"Actual Rows":10000,"Actual Loops":1,"Output":["revenue.supplier_no","revenue.total_revenue"],"Filter":"(revenue.total_revenue = $1)","Rows Removed by Filter":0,"Shared Hit Blocks":736421,"Shared Read Blocks":0,"Shared Dirtied Blocks":0,"Shared Written Blocks":0,"Local Hit Blocks":0,"Local Read Blocks":0,"Local Dirtied Blocks":0,"Local Written Blocks":0,"Temp Read Blocks":10572,"Temp Written Blocks":10614,"I/O Read Time":0.0,"I/O Write Time":0.0,"Temp I/O Read Time":16.053,"Temp I/O Write Time":31.926},{"Node Type":"Hash","Parent Relationship":"Inner","Parallel Aware":false,"Async Capable":false,"Startup Cost":259.01,"Total Cost":259.01,"Plan Rows":10001,"Plan Width":64,"Actual Startup Time":4.985,"Actual Total Time":4.987,"Actual Rows":10000,"Actual Loops":1,"Output":["supplier.su_suppkey","supplier.su_name","supplier.su_address","supplier.su_phone"],"Hash Buckets":16384,"Original Hash Buckets":16384,"Hash Batches":1,"Original Hash Batches":1,"Peak Memory Usage":1075,"Shared Hit Blocks":0,"Shared Read Blocks":0,"Shared Dirtied Blocks":0,"Shared Written Blocks":0,"Local Hit Blocks":0,"Local Read Blocks":0,"Local Dirtied Blocks":0,"Local Written Blocks":0,"Temp Read Blocks":0,"Temp Written Blocks":0,"I/O Read Time":0.0,"I/O Write Time":0.0,"Temp I/O Read Time":0.0,"Temp I/O Write Time":0.0,"Plans":[{"Node Type":"Append","Parent Relationship":"Outer","Parallel Aware":false,"Async Capable":false,"Startup Cost":20.0,"Total Cost":259.01,"Plan Rows":10001,"Plan Width":64,"Actual Startup Time":0.046,"Actual Total Time":2.505,"Actual Rows":10000,"Actual Loops":1,"Shared Hit Blocks":0,"Shared Read Blocks":0,"Shared Dirtied Blocks":0,"Shared Written Blocks":0,"Local Hit Blocks":0,"Local Read Blocks":0,"Local Dirtied Blocks":0,"Local Written Blocks":0,"Temp Read Blocks":0,"Temp Written Blocks":0,"I/O Read Time":0.0,"I/O Write Time":0.0,"Temp I/O Read Time":0.0,"Temp I/O Write Time":0.0,"Subplans Removed":0,"Plans":[{"Node Type":"Custom Scan","Parent Relationship":"Member","Custom Plan Provider":"columnar scan","Parallel Aware":false,"Async Capable":false,"Relation Name":"supplier","Schema":"public","Alias":"supplier","Startup Cost":20.0,"Total Cost":255.0,"Plan Rows":10000,"Plan Width":64,"Actual Startup Time":0.044,"Actual Total Time":1.743,"Actual Rows":10000,"Actual Loops":1,"Output":["supplier.su_suppkey","supplier.su_name","supplier.su_address","supplier.su_phone"],"Rows Removed by Columnar Filter":0,"Columnar cache search mode":"native","Shared Hit Blocks":0,"Shared Read Blocks":0,"Shared Dirtied Blocks":0,"Shared Written Blocks":0,"Local Hit Blocks":0,"Local Read Blocks":0,"Local Dirtied Blocks":0,"Local Written Blocks":0,"Temp Read Blocks":0,"Temp Written Blocks":0,"I/O Read Time":0.0,"I/O Write Time":0.0,"Temp I/O Read Time":0.0,"Temp I/O Write Time":0.0},{"Node Type":"Seq Scan","Parent Relationship":"Member","Parallel Aware":false,"Async Capable":false,"Relation Name":"supplier","Schema":"public","Alias":"supplier","Startup Cost":0.0,"Total Cost":4.01,"Plan Rows":1,"Plan Width":64,"Actual Startup Time":0.0,"Actual Total Time":0.0,"Actual Rows":0,"Actual Loops":0,"Output":["supplier.su_suppkey","supplier.su_name","supplier.su_address","supplier.su_phone"],"Shared Hit Blocks":0,"Shared Read Blocks":0,"Shared Dirtied Blocks":0,"Shared Written Blocks":0,"Local Hit Blocks":0,"Local Read Blocks":0,"Local Dirtied Blocks":0,"Local Written Blocks":0,"Temp Read Blocks":0,"Temp Written Blocks":0,"I/O Read Time":0.0,"I/O Write Time":0.0,"Temp I/O Read Time":0.0,"Temp I/O Write Time":0.0}]}]}]}]},"Planning":{"Shared Hit Blocks":18,"Shared Read Blocks":0,"Shared Dirtied Blocks":0,"Shared Written Blocks":0,"Local Hit Blocks":0,"Local Read Blocks":0,"Local Dirtied Blocks":0,"Local Written Blocks":0,"Temp Read Blocks":0,"Temp Written Blocks":0,"I/O Read Time":0.0,"I/O Write Time":0.0,"Temp I/O Read Time":0.0,"Temp I/O Write Time":0.0},"Planning Time":1.176,"Triggers":[],"Execution Time":9466.408}]
[列存组合]: order_line, stock, supplier
[{"Plan":{"Node Type":"Sort","Parallel Aware":false,"Async Capable":false,"Startup Cost":667304.97,"Total Cost":667329.97,"Plan Rows":10000,"Plan Width":96,"Actual Startup Time":3769.886,"Actual Total Time":3770.471,"Actual Rows":10000,"Actual Loops":1,"Output":["supplier.su_suppkey","supplier.su_name","supplier.su_address","supplier.su_phone","revenue.total_revenue"],"Sort Key":["supplier.su_suppkey"],"Sort Method":"quicksort","Sort Space Used":1473,"Sort Space Type":"Memory","Shared Hit Blocks":0,"Shared Read Blocks":0,"Shared Dirtied Blocks":0,"Shared Written Blocks":0,"Local Hit Blocks":0,"Local Read Blocks":0,"Local Dirtied Blocks":0,"Local Written Blocks":0,"Temp Read Blocks":0,"Temp Written Blocks":0,"I/O Read Time":0.0,"I/O Write Time":0.0,"Temp I/O Read Time":0.0,"Temp I/O Write Time":0.0,"Plans":[{"Node Type":"Aggregate","Strategy":"Hashed","Partial Mode":"Simple","Parent Relationship":"InitPlan","Subplan Name":"CTE revenue","Parallel Aware":false,"Async Capable":false,"Startup Cost":524134.97,"Total Cost":576229.34,"Plan Rows":2000021,"Plan Width":36,"Actual Startup Time":3752.921,"Actual Total Time":3754.955,"Actual Rows":10000,"Actual Loops":1,"Output":["(mod((stock.s_w_id * stock.s_i_id), 10000))","sum(order_line.ol_amount)"],"Group Key":["mod((stock.s_w_id * stock.s_i_id), 10000)"],"Planned Partitions":128,"HashAgg Batches":1,"Peak Memory Usage":4881,"Disk Usage":0,"Shared Hit Blocks":0,"Shared Read Blocks":0,"Shared Dirtied Blocks":0,"Shared Written Blocks":0,"Local Hit Blocks":0,"Local Read Blocks":0,"Local Dirtied Blocks":0,"Local Written Blocks":0,"Temp Read Blocks":0,"Temp Written Blocks":0,"I/O Read Time":0.0,"I/O Write Time":0.0,"Temp I/O Read Time":0.0,"Temp I/O Write Time":0.0,"Plans":[{"Node Type":"Result","Parent Relationship":"Outer","Parallel Aware":false,"Async Capable":false,"Startup Cost":58620.59,"Total Cost":401058.11,"Plan Rows":2188033,"Plan Width":8,"Actual Startup Time":2629.597,"Actual Total Time":3364.415,"Actual Rows":2159530,"Actual Loops":1,"Output":["mod((stock.s_w_id * stock.s_i_id), 10000)","order_line.ol_amount"],"Shared Hit Blocks":0,"Shared Read Blocks":0,"Shared Dirtied Blocks":0,"Shared Written Blocks":0,"Local Hit Blocks":0,"Local Read Blocks":0,"Local Dirtied Blocks":0,"Local Written Blocks":0,"Temp Read Blocks":0,"Temp Written Blocks":0,"I/O Read Time":0.0,"I/O Write Time":0.0,"Temp I/O Read Time":0.0,"Temp I/O Write Time":0.0,"Plans":[{"Node Type":"Hash Join","Parent Relationship":"Outer","Parallel Aware":false,"Async Capable":false,"Join Type":"Inner","Startup Cost":58620.59,"Total Cost":390117.95,"Plan Rows":2188033,"Plan Width":10,"Actual Startup Time":2629.59,"Actual Total Time":3156.308,"Actual Rows":2159530,"Actual Loops":1,"Output":["order_line.ol_amount","stock.s_w_id","stock.s_i_id"],"Hash Cond":"((order_line.ol_i_id = stock.s_i_id) AND (order_line.ol_supply_w_id = stock.s_w_id))","Rows Removed by Bloom Filter":0,"Shared Hit Blocks":0,"Shared Read Blocks":0,"Shared Dirtied Blocks":0,"Shared Written Blocks":0,"Local Hit Blocks":0,"Local Read Blocks":0,"Local Dirtied Blocks":0,"Local Written Blocks":0,"Temp Read Blocks":0,"Temp Written Blocks":0,"I/O Read Time":0.0,"I/O Write Time":0.0,"Temp I/O Read Time":0.0,"Temp I/O Write Time":0.0,"Plans":[{"Node Type":"Append","Parent Relationship":"Outer","Parallel Aware":false,"Async Capable":false,"Startup Cost":20.0,"Total Cost":47069.78,"Plan Rows":2188033,"Plan Width":10,"Actual Startup Time":23.702,"Actual Total Time":23.707,"Actual Rows":2159530,"Actual Loops":1,"Shared Hit Blocks":0,"Shared Read Blocks":0,"Shared Dirtied Blocks":0,"Shared Written Blocks":0,"Local Hit Blocks":0,"Local Read Blocks":0,"Local Dirtied Blocks":0,"Local Written Blocks":0,"Temp Read Blocks":0,"Temp Written Blocks":0,"I/O Read Time":0.0,"I/O Write Time":0.0,"Temp I/O Read Time":0.0,"Temp I/O Write Time":0.0,"Subplans Removed":0,"Plans":[{"Node Type":"Custom Scan","Parent Relationship":"Member","Custom Plan Provider":"columnar scan","Parallel Aware":false,"Async Capable":false,"Relation Name":"order_line","Schema":"public","Alias":"order_line","Startup Cost":20.0,"Total Cost":47064.83,"Plan Rows":2188031,"Plan Width":10,"Actual Startup Time":23.7,"Actual Total Time":23.701,"Actual Rows":2159530,"Actual Loops":1,"Output":["order_line.ol_amount","order_line.ol_i_id","order_line.ol_supply_w_id"],"Filter":"((order_line.ol_delivery_d < '1996-01-02 20:10:02.27764'::timestamp without time zone) AND (order_line.ol_delivery_d >= '1995-10-02 20:10:02.27764'::timestamp without time zone))","Rows Removed by Filter":0,"Rows Removed by Columnar Filter":57834231,"Columnar cache search mode":"native","Shared Hit Blocks":0,"Shared Read Blocks":0,"Shared Dirtied Blocks":0,"Shared Written Blocks":0,"Local Hit Blocks":0,"Local Read Blocks":0,"Local Dirtied Blocks":0,"Local Written Blocks":0,"Temp Read Blocks":0,"Temp Written Blocks":0,"I/O Read Time":0.0,"I/O Write Time":0.0,"Temp I/O Read Time":0.0,"Temp I/O Write Time":0.0},{"Node Type":"Seq Scan","Parent Relationship":"Member","Parallel Aware":false,"Async Capable":false,"Relation Name":"order_line","Schema":"public","Alias":"order_line","Startup Cost":0.0,"Total Cost":4.95,"Plan Rows":2,"Plan Width":10,"Actual Startup Time":0.0,"Actual Total Time":0.0,"Actual Rows":0,"Actual Loops":0,"Output":["order_line.ol_amount","order_line.ol_i_id","order_line.ol_supply_w_id"],"Filter":"((order_line.ol_delivery_d < '1996-01-02 20:10:02.27764'::timestamp without time zone) AND (order_line.ol_delivery_d >= '1995-10-02 20:10:02.27764'::timestamp without time zone))","Rows Removed by Filter":0,"Shared Hit Blocks":0,"Shared Read Blocks":0,"Shared Dirtied Blocks":0,"Shared Written Blocks":0,"Local Hit Blocks":0,"Local Read Blocks":0,"Local Dirtied Blocks":0,"Local Written Blocks":0,"Temp Read Blocks":0,"Temp Written Blocks":0,"I/O Read Time":0.0,"I/O Write Time":0.0,"Temp I/O Read Time":0.0,"Temp I/O Write Time":0.0}]},{"Node Type":"Hash","Parent Relationship":"Inner","Parallel Aware":false,"Async Capable":false,"Startup Cost":390026.22,"Total Cost":390026.22,"Plan Rows":20000212,"Plan Width":6,"Actual Rows":20000000,"Actual Loops":1,"Output":["stock.s_w_id","stock.s_i_id"],"Shared Hit Blocks":0,"Shared Read Blocks":0,"Shared Dirtied Blocks":0,"Shared Written Blocks":0,"Local Hit Blocks":0,"Local Read Blocks":0,"Local Dirtied Blocks":0,"Local Written Blocks":0,"Temp Read Blocks":0,"Temp Written Blocks":0,"I/O Read Time":0.0,"I/O Write Time":0.0,"Temp I/O Read Time":0.0,"Temp I/O Write Time":0.0,"Plans":[{"Node Type":"Append","Parent Relationship":"Outer","Parallel Aware":false,"Async Capable":false,"Startup Cost":20.0,"Total Cost":390026.22,"Plan Rows":20000212,"Plan Width":6,"Actual Startup Time":0.365,"Actual Total Time":0.366,"Actual Rows":20000000,"Actual Loops":1,"Shared Hit Blocks":0,"Shared Read Blocks":0,"Shared Dirtied Blocks":0,"Shared Written Blocks":0,"Local Hit Blocks":0,"Local Read Blocks":0,"Local Dirtied Blocks":0,"Local Written Blocks":0,"Temp Read Blocks":0,"Temp Written Blocks":0,"I/O Read Time":0.0,"I/O Write Time":0.0,"Temp I/O Read Time":0.0,"Temp I/O Write Time":0.0,"Subplans Removed":0,"Plans":[{"Node Type":"Custom Scan","Parent Relationship":"Member","Custom Plan Provider":"columnar scan","Parallel Aware":false,"Async Capable":false,"Relation Name":"stock","Schema":"public","Alias":"stock","Startup Cost":20.0,"Total Cost":390020.1,"Plan Rows":20000000,"Plan Width":6,"Actual Startup Time":0.363,"Actual Total Time":0.363,"Actual Rows":20000000,"Actual Loops":1,"Output":["stock.s_w_id","stock.s_i_id"],"Rows Removed by Columnar Filter":0,"Columnar cache search mode":"native","Shared Hit Blocks":0,"Shared Read Blocks":0,"Shared Dirtied Blocks":0,"Shared Written Blocks":0,"Local Hit Blocks":0,"Local Read Blocks":0,"Local Dirtied Blocks":0,"Local Written Blocks":0,"Temp Read Blocks":0,"Temp Written Blocks":0,"I/O Read Time":0.0,"I/O Write Time":0.0,"Temp I/O Read Time":0.0,"Temp I/O Write Time":0.0},{"Node Type":"Seq Scan","Parent Relationship":"Member","Parallel Aware":false,"Async Capable":false,"Relation Name":"stock","Schema":"public","Alias":"stock","Startup Cost":0.0,"Total Cost":6.12,"Plan Rows":212,"Plan Width":6,"Actual Startup Time":0.0,"Actual Total Time":0.0,"Actual Rows":0,"Actual Loops":0,"Output":["stock.s_w_id","stock.s_i_id"],"Shared Hit Blocks":0,"Shared Read Blocks":0,"Shared Dirtied Blocks":0,"Shared Written Blocks":0,"Local Hit Blocks":0,"Local Read Blocks":0,"Local Dirtied Blocks":0,"Local Written Blocks":0,"Temp Read Blocks":0,"Temp Written Blocks":0,"I/O Read Time":0.0,"I/O Write Time":0.0,"Temp I/O Read Time":0.0,"Temp I/O Write Time":0.0}]}]}]}]}]},{"Node Type":"Aggregate","Strategy":"Plain","Partial Mode":"Simple","Parent Relationship":"InitPlan","Subplan Name":"InitPlan 2 (returns $1)","Parallel Aware":false,"Async Capable":false,"Startup Cost":45000.47,"Total Cost":45000.48,"Plan Rows":1,"Plan Width":32,"Actual Startup Time":5.279,"Actual Total Time":5.279,"Actual Rows":1,"Actual Loops":1,"Output":["max(revenue_1.total_revenue)"],"Shared Hit Blocks":0,"Shared Read Blocks":0,"Shared Dirtied Blocks":0,"Shared Written Blocks":0,"Local Hit Blocks":0,"Local Read Blocks":0,"Local Dirtied Blocks":0,"Local Written Blocks":0,"Temp Read Blocks":0,"Temp Written Blocks":0,"I/O Read Time":0.0,"I/O Write Time":0.0,"Temp I/O Read Time":0.0,"Temp I/O Write Time":0.0,"Plans":[{"Node Type":"CTE Scan","Parent Relationship":"Outer","Parallel Aware":false,"Async Capable":false,"CTE Name":"revenue","Alias":"revenue_1","Startup Cost":0.0,"Total Cost":40000.42,"Plan Rows":2000021,"Plan Width":32,"Actual Startup Time":0.001,"Actual Total Time":4.08,"Actual Rows":10000,"Actual Loops":1,"Output":["revenue_1.supplier_no","revenue_1.total_revenue"],"Shared Hit Blocks":0,"Shared Read Blocks":0,"Shared Dirtied Blocks":0,"Shared Written Blocks":0,"Local Hit Blocks":0,"Local Read Blocks":0,"Local Dirtied Blocks":0,"Local Written Blocks":0,"Temp Read Blocks":0,"Temp Written Blocks":0,"I/O Read Time":0.0,"I/O Write Time":0.0,"Temp I/O Read Time":0.0,"Temp I/O Write Time":0.0}]},{"Node Type":"Hash Join","Parent Relationship":"Outer","Parallel Aware":false,"Async Capable":false,"Join Type":"Inner","Startup Cost":384.02,"Total Cost":45410.76,"Plan Rows":10000,"Plan Width":96,"Actual Startup Time":3763.149,"Actual Total Time":3766.981,"Actual Rows":10000,"Actual Loops":1,"Output":["supplier.su_suppkey","supplier.su_name","supplier.su_address","supplier.su_phone","revenue.total_revenue"],"Hash Cond":"(revenue.supplier_no = supplier.su_suppkey)","Shared Hit Blocks":0,"Shared Read Blocks":0,"Shared Dirtied Blocks":0,"Shared Written Blocks":0,"Local Hit Blocks":0,"Local Read Blocks":0,"Local Dirtied Blocks":0,"Local Written Blocks":0,"Temp Read Blocks":0,"Temp Written Blocks":0,"I/O Read Time":0.0,"I/O Write Time":0.0,"Temp I/O Read Time":0.0,"Temp I/O Write Time":0.0,"Plans":[{"Node Type":"CTE Scan","Parent Relationship":"Outer","Parallel Aware":false,"Async Capable":false,"CTE Name":"revenue","Alias":"revenue","Startup Cost":0.0,"Total Cost":45000.47,"Plan Rows":10000,"Plan Width":36,"Actual Startup Time":3758.213,"Actual Total Time":3759.756,"Actual Rows":10000,"Actual Loops":1,"Output":["revenue.supplier_no","revenue.total_revenue"],"Filter":"(revenue.total_revenue = $1)","Rows Removed by Filter":0,"Shared Hit Blocks":0,"Shared Read Blocks":0,"Shared Dirtied Blocks":0,"Shared Written Blocks":0,"Local Hit Blocks":0,"Local Read Blocks":0,"Local Dirtied Blocks":0,"Local Written Blocks":0,"Temp Read Blocks":0,"Temp Written Blocks":0,"I/O Read Time":0.0,"I/O Write Time":0.0,"Temp I/O Read Time":0.0,"Temp I/O Write Time":0.0},{"Node Type":"Hash","Parent Relationship":"Inner","Parallel Aware":false,"Async Capable":false,"Startup Cost":259.01,"Total Cost":259.01,"Plan Rows":10001,"Plan Width":64,"Actual Startup Time":4.864,"Actual Total Time":4.865,"Actual Rows":10000,"Actual Loops":1,"Output":["supplier.su_suppkey","supplier.su_name","supplier.su_address","supplier.su_phone"],"Hash Buckets":16384,"Original Hash Buckets":16384,"Hash Batches":1,"Original Hash Batches":1,"Peak Memory Usage":1075,"Shared Hit Blocks":0,"Shared Read Blocks":0,"Shared Dirtied Blocks":0,"Shared Written Blocks":0,"Local Hit Blocks":0,"Local Read Blocks":0,"Local Dirtied Blocks":0,"Local Written Blocks":0,"Temp Read Blocks":0,"Temp Written Blocks":0,"I/O Read Time":0.0,"I/O Write Time":0.0,"Temp I/O Read Time":0.0,"Temp I/O Write Time":0.0,"Plans":[{"Node Type":"Append","Parent Relationship":"Outer","Parallel Aware":false,"Async Capable":false,"Startup Cost":20.0,"Total Cost":259.01,"Plan Rows":10001,"Plan Width":64,"Actual Startup Time":0.042,"Actual Total Time":2.454,"Actual Rows":10000,"Actual Loops":1,"Shared Hit Blocks":0,"Shared Read Blocks":0,"Shared Dirtied Blocks":0,"Shared Written Blocks":0,"Local Hit Blocks":0,"Local Read Blocks":0,"Local Dirtied Blocks":0,"Local Written Blocks":0,"Temp Read Blocks":0,"Temp Written Blocks":0,"I/O Read Time":0.0,"I/O Write Time":0.0,"Temp I/O Read Time":0.0,"Temp I/O Write Time":0.0,"Subplans Removed":0,"Plans":[{"Node Type":"Custom Scan","Parent Relationship":"Member","Custom Plan Provider":"columnar scan","Parallel Aware":false,"Async Capable":false,"Relation Name":"supplier","Schema":"public","Alias":"supplier","Startup Cost":20.0,"Total Cost":255.0,"Plan Rows":10000,"Plan Width":64,"Actual Startup Time":0.04,"Actual Total Time":1.685,"Actual Rows":10000,"Actual Loops":1,"Output":["supplier.su_suppkey","supplier.su_name","supplier.su_address","supplier.su_phone"],"Rows Removed by Columnar Filter":0,"Columnar cache search mode":"native","Shared Hit Blocks":0,"Shared Read Blocks":0,"Shared Dirtied Blocks":0,"Shared Written Blocks":0,"Local Hit Blocks":0,"Local Read Blocks":0,"Local Dirtied Blocks":0,"Local Written Blocks":0,"Temp Read Blocks":0,"Temp Written Blocks":0,"I/O Read Time":0.0,"I/O Write Time":0.0,"Temp I/O Read Time":0.0,"Temp I/O Write Time":0.0},{"Node Type":"Seq Scan","Parent Relationship":"Member","Parallel Aware":false,"Async Capable":false,"Relation Name":"supplier","Schema":"public","Alias":"supplier","Startup Cost":0.0,"Total Cost":4.01,"Plan Rows":1,"Plan Width":64,"Actual Startup Time":0.0,"Actual Total Time":0.0,"Actual Rows":0,"Actual Loops":0,"Output":["supplier.su_suppkey","supplier.su_name","supplier.su_address","supplier.su_phone"],"Shared Hit Blocks":0,"Shared Read Blocks":0,"Shared Dirtied Blocks":0,"Shared Written Blocks":0,"Local Hit Blocks":0,"Local Read Blocks":0,"Local Dirtied Blocks":0,"Local Written Blocks":0,"Temp Read Blocks":0,"Temp Written Blocks":0,"I/O Read Time":0.0,"I/O Write Time":0.0,"Temp I/O Read Time":0.0,"Temp I/O Write Time":0.0}]}]}]}]},"Planning":{"Shared Hit Blocks":18,"Shared Read Blocks":0,"Shared Dirtied Blocks":0,"Shared Written Blocks":0,"Local Hit Blocks":0,"Local Read Blocks":0,"Local Dirtied Blocks":0,"Local Written Blocks":0,"Temp Read Blocks":0,"Temp Written Blocks":0,"I/O Read Time":0.0,"I/O Write Time":0.0,"Temp I/O Read Time":0.0,"Temp I/O Write Time":0.0},"Planning Time":1.756,"Triggers":[],"Execution Time":3771.4}]
