[列存组合]: 无列存
[{"Plan":{"Node Type":"Limit","Parallel Aware":false,"Async Capable":false,"Startup Cost":3380137.26,"Total Cost":3380139.76,"Plan Rows":1000,"Plan Width":71,"Actual Startup Time":60452.256,"Actual Total Time":60452.364,"Actual Rows":1000,"Actual Loops":1,"Output":["item.i_name","(substr((item.i_data)::text, 1, 3))","item.i_price","(count(DISTINCT mod((stock.s_w_id * stock.s_i_id), 10000)))"],"Shared Hit Blocks":56255,"Shared Read Blocks":0,"Shared Dirtied Blocks":0,"Shared Written Blocks":0,"Local Hit Blocks":0,"Local Read Blocks":0,"Local Dirtied Blocks":0,"Local Written Blocks":0,"Temp Read Blocks":430708,"Temp Written Blocks":431262,"I/O Read Time":0.0,"I/O Write Time":0.0,"Temp I/O Read Time":629.157,"Temp I/O Write Time":1213.373,"Plans":[{"Node Type":"Sort","Parent Relationship":"Outer","Parallel Aware":false,"Async Capable":false,"Startup Cost":3380137.26,"Total Cost":3380387.23,"Plan Rows":99990,"Plan Width":71,"Actual Startup Time":60452.254,"Actual Total Time":60452.297,"Actual Rows":1000,"Actual Loops":1,"Output":["item.i_name","(substr((item.i_data)::text, 1, 3))","item.i_price","(count(DISTINCT mod((stock.s_w_id * stock.s_i_id), 10000)))"],"Sort Key":["(count(DISTINCT mod((stock.s_w_id * stock.s_i_id), 10000))) DESC"],"Sort Method":"top-N heapsort","Sort Space Used":129,"Sort Space Type":"Memory","Shared Hit Blocks":56255,"Shared Read Blocks":0,"Shared Dirtied Blocks":0,"Shared Written Blocks":0,"Local Hit Blocks":0,"Local Read Blocks":0,"Local Dirtied Blocks":0,"Local Written Blocks":0,"Temp Read Blocks":430708,"Temp Written Blocks":431262,"I/O Read Time":0.0,"I/O Write Time":0.0,"Temp I/O Read Time":629.157,"Temp I/O Write Time":1213.373,"Plans":[{"Node Type":"Aggregate","Strategy":"Sorted","Partial Mode":"Simple","Parent Relationship":"Outer","Parallel Aware":false,"Async Capable":false,"Startup Cost":3198420.68,"Total Cost":3374654.91,"Plan Rows":99990,"Plan Width":71,"Actual Startup Time":49734.194,"Actual Total Time":60434.356,"Actual Rows":99976,"Actual Loops":1,"Output":["item.i_name","(substr((item.i_data)::text, 1, 3))","item.i_price","count(DISTINCT mod((stock.s_w_id * stock.s_i_id), 10000))"],"Group Key":["item.i_name","(substr((item.i_data)::text, 1, 3))","item.i_price"],"Shared Hit Blocks":56255,"Shared Read Blocks":0,"Shared Dirtied Blocks":0,"Shared Written Blocks":0,"Local Hit Blocks":0,"Local Read Blocks":0,"Local Dirtied Blocks":0,"Local Written Blocks":0,"Temp Read Blocks":430708,"Temp Written Blocks":431262,"I/O Read Time":0.0,"I/O Write Time":0.0,"Temp I/O Read Time":629.157,"Temp I/O Write Time":1213.373,"Plans":[{"Node Type":"Sort","Parent Relationship":"Outer","Parallel Aware":false,"Async Capable":false,"Startup Cost":3198420.68,"Total Cost":3223418.45,"Plan Rows":9999106,"Plan Width":69,"Actual Startup Time":49734.019,"Actual Total Time":54496.802,"Actual Rows":19995200,"Actual Loops":1,"Output":["item.i_name","(substr((item.i_data)::text, 1, 3))","item.i_price","stock.s_w_id","stock.s_i_id"],"Sort Key":["item.i_name","(substr((item.i_data)::text, 1, 3))","item.i_price"],"Sort Method":"external merge","Sort Space Used":1055800,"Sort Space Type":"Disk","Shared Hit Blocks":56255,"Shared Read Blocks":0,"Shared Dirtied Blocks":0,"Shared Written Blocks":0,"Local Hit Blocks":0,"Local Read Blocks":0,"Local Dirtied Blocks":0,"Local Written Blocks":0,"Temp Read Blocks":430708,"Temp Written Blocks":431262,"I/O Read Time":0.0,"I/O Write Time":0.0,"Temp I/O Read Time":629.157,"Temp I/O Write Time":1213.373,"Plans":[{"Node Type":"Hash Join","Parent Relationship":"Outer","Parallel Aware":false,"Async Capable":false,"Join Type":"Inner","Startup Cost":5477.32,"Total Cost":805487.24,"Plan Rows":9999106,"Plan Width":69,"Actual Startup Time":39.572,"Actual Total Time":9556.02,"Actual Rows":19995200,"Actual Loops":1,"Output":["item.i_name","substr((item.i_data)::text, 1, 3)","item.i_price","stock.s_w_id","stock.s_i_id"],"Inner Unique":true,"Hash Cond":"(stock.s_i_id = item.i_id)","Shared Hit Blocks":56255,"Shared Read Blocks":0,"Shared Dirtied Blocks":0,"Shared Written Blocks":0,"Local Hit Blocks":0,"Local Read Blocks":0,"Local Dirtied Blocks":0,"Local Written Blocks":0,"Temp Read Blocks":34793,"Temp Written Blocks":34793,"I/O Read Time":0.0,"I/O Write Time":0.0,"Temp I/O Read Time":57.262,"Temp I/O Write Time":154.91,"Plans":[{"Node Type":"Index Only Scan","Parent Relationship":"Outer","Parallel Aware":false,"Async Capable":false,"Scan Direction":"Forward","Index Name":"stock_pk","Relation Name":"stock","Schema":"public","Alias":"stock","Startup Cost":342.44,"Total Cost":669707.21,"Plan Rows":10000106,"Plan Width":6,"Actual Startup Time":1.941,"Actual Total Time":1969.026,"Actual Rows":20000000,"Actual Loops":1,"Output":["stock.s_w_id","stock.s_i_id"],"Filter":"(NOT (hashed SubPlan 1))","Rows Removed by Filter":0,"Heap Fetches":0,"Shared Hit Blocks":54890,"Shared Read Blocks":0,"Shared Dirtied Blocks":0,"Shared Written Blocks":0,"Local Hit Blocks":0,"Local Read Blocks":0,"Local Dirtied Blocks":0,"Local Written Blocks":0,"Temp Read Blocks":0,"Temp Written Blocks":0,"I/O Read Time":0.0,"I/O Write Time":0.0,"Temp I/O Read Time":0.0,"Temp I/O Write Time":0.0,"Plans":[{"Node Type":"Seq Scan","Parent Relationship":"SubPlan","Subplan Name":"SubPlan 1","Parallel Aware":false,"Async Capable":false,"Relation Name":"supplier","Schema":"public","Alias":"supplier","Startup Cost":0.0,"Total Cost":342.0,"Plan Rows":1,"Plan Width":4,"Actual Startup Time":1.923,"Actual Total Time":1.925,"Actual Rows":0,"Actual Loops":1,"Output":["supplier.su_suppkey"],"Filter":"((supplier.su_comment)::text ~~ '%bad%'::text)","Rows Removed by Filter":10000,"Shared Hit Blocks":217,"Shared Read Blocks":0,"Shared Dirtied Blocks":0,"Shared Written Blocks":0,"Local Hit Blocks":0,"Local Read Blocks":0,"Local Dirtied Blocks":0,"Local Written Blocks":0,"Temp Read Blocks":0,"Temp Written Blocks":0,"I/O Read Time":0.0,"I/O Write Time":0.0,"Temp I/O Read Time":0.0,"Temp I/O Write Time":0.0}]},{"Node Type":"Hash","Parent Relationship":"Inner","Parallel Aware":false,"Async Capable":false,"Startup Cost":2615.0,"Total Cost":2615.0,"Plan Rows":99990,"Plan Width":74,"Actual Startup Time":37.233,"Actual Total Time":37.236,"Actual Rows":99976,"Actual Loops":1,"Output":["item.i_name","item.i_data","item.i_price","item.i_id"],"Hash Buckets":131072,"Original Hash Buckets":131072,"Hash Batches":2,"Original Hash Batches":2,"Peak Memory Usage":6334,"Shared Hit Blocks":1365,"Shared Read Blocks":0,"Shared Dirtied Blocks":0,"Shared Written Blocks":0,"Local Hit Blocks":0,"Local Read Blocks":0,"Local Dirtied Blocks":0,"Local Written Blocks":0,"Temp Read Blocks":0,"Temp Written Blocks":591,"I/O Read Time":0.0,"I/O Write Time":0.0,"Temp I/O Read Time":0.0,"Temp I/O Write Time":2.477,"Plans":[{"Node Type":"Seq Scan","Parent Relationship":"Outer","Parallel Aware":false,"Async Capable":false,"Relation Name":"item","Schema":"public","Alias":"item","Startup Cost":0.0,"Total Cost":2615.0,"Plan Rows":99990,"Plan Width":74,"Actual Startup Time":0.008,"Actual Total Time":16.758,"Actual Rows":99976,"Actual Loops":1,"Output":["item.i_name","item.i_data","item.i_price","item.i_id"],"Filter":"((item.i_data)::text !~~ 'zz%'::text)","Rows Removed by Filter":24,"Shared Hit Blocks":1365,"Shared Read Blocks":0,"Shared Dirtied Blocks":0,"Shared Written Blocks":0,"Local Hit Blocks":0,"Local Read Blocks":0,"Local Dirtied Blocks":0,"Local Written Blocks":0,"Temp Read Blocks":0,"Temp Written Blocks":0,"I/O Read Time":0.0,"I/O Write Time":0.0,"Temp I/O Read Time":0.0,"Temp I/O Write Time":0.0}]}]}]}]}]}]},"Planning":{"Shared Hit Blocks":13,"Shared Read Blocks":0,"Shared Dirtied Blocks":0,"Shared Written Blocks":0,"Local Hit Blocks":0,"Local Read Blocks":0,"Local Dirtied Blocks":0,"Local Written Blocks":0,"Temp Read Blocks":0,"Temp Written Blocks":0,"I/O Read Time":0.0,"I/O Write Time":0.0,"Temp I/O Read Time":0.0,"Temp I/O Write Time":0.0},"Planning Time":0.333,"Triggers":[],"Execution Time":60604.698}]
[列存组合]: item
[{"Plan":{"Node Type":"Limit","Parallel Aware":false,"Async Capable":false,"Startup Cost":3380085.99,"Total Cost":3380088.49,"Plan Rows":1000,"Plan Width":71,"Actual Startup Time":60344.907,"Actual Total Time":60345.026,"Actual Rows":1000,"Actual Loops":1,"Output":["item.i_name","(substr((item.i_data)::text, 1, 3))","item.i_price","(count(DISTINCT mod((stock.s_w_id * stock.s_i_id), 10000)))"],"Shared Hit Blocks":54890,"Shared Read Blocks":0,"Shared Dirtied Blocks":0,"Shared Written Blocks":0,"Local Hit Blocks":0,"Local Read Blocks":0,"Local Dirtied Blocks":0,"Local Written Blocks":0,"Temp Read Blocks":430708,"Temp Written Blocks":431262,"I/O Read Time":0.0,"I/O Write Time":0.0,"Temp I/O Read Time":627.576,"Temp I/O Write Time":1174.537,"Plans":[{"Node Type":"Sort","Parent Relationship":"Outer","Parallel Aware":false,"Async Capable":false,"Startup Cost":3380085.99,"Total Cost":3380335.97,"Plan Rows":99990,"Plan Width":71,"Actual Startup Time":60344.904,"Actual Total Time":60344.953,"Actual Rows":1000,"Actual Loops":1,"Output":["item.i_name","(substr((item.i_data)::text, 1, 3))","item.i_price","(count(DISTINCT mod((stock.s_w_id * stock.s_i_id), 10000)))"],"Sort Key":["(count(DISTINCT mod((stock.s_w_id * stock.s_i_id), 10000))) DESC"],"Sort Method":"top-N heapsort","Sort Space Used":129,"Sort Space Type":"Memory","Shared Hit Blocks":54890,"Shared Read Blocks":0,"Shared Dirtied Blocks":0,"Shared Written Blocks":0,"Local Hit Blocks":0,"Local Read Blocks":0,"Local Dirtied Blocks":0,"Local Written Blocks":0,"Temp Read Blocks":430708,"Temp Written Blocks":431262,"I/O Read Time":0.0,"I/O Write Time":0.0,"Temp I/O Read Time":627.576,"Temp I/O Write Time":1174.537,"Plans":[{"Node Type":"Aggregate","Strategy":"Sorted","Partial Mode":"Simple","Parent Relationship":"Outer","Parallel Aware":false,"Async Capable":false,"Startup Cost":3198369.42,"Total Cost":3374603.65,"Plan Rows":99990,"Plan Width":71,"Actual Startup Time":49616.154,"Actual Total Time":60327.038,"Actual Rows":99976,"Actual Loops":1,"Output":["item.i_name","(substr((item.i_data)::text, 1, 3))","item.i_price","count(DISTINCT mod((stock.s_w_id * stock.s_i_id), 10000))"],"Group Key":["item.i_name","(substr((item.i_data)::text, 1, 3))","item.i_price"],"Shared Hit Blocks":54890,"Shared Read Blocks":0,"Shared Dirtied Blocks":0,"Shared Written Blocks":0,"Local Hit Blocks":0,"Local Read Blocks":0,"Local Dirtied Blocks":0,"Local Written Blocks":0,"Temp Read Blocks":430708,"Temp Written Blocks":431262,"I/O Read Time":0.0,"I/O Write Time":0.0,"Temp I/O Read Time":627.576,"Temp I/O Write Time":1174.537,"Plans":[{"Node Type":"Sort","Parent Relationship":"Outer","Parallel Aware":false,"Async Capable":false,"Startup Cost":3198369.42,"Total Cost":3223367.19,"Plan Rows":9999106,"Plan Width":69,"Actual Startup Time":49615.984,"Actual Total Time":54393.432,"Actual Rows":19995200,"Actual Loops":1,"Output":["item.i_name","(substr((item.i_data)::text, 1, 3))","item.i_price","stock.s_w_id","stock.s_i_id"],"Sort Key":["item.i_name","(substr((item.i_data)::text, 1, 3))","item.i_price"],"Sort Method":"external merge","Sort Space Used":1055800,"Sort Space Type":"Disk","Shared Hit Blocks":54890,"Shared Read Blocks":0,"Shared Dirtied Blocks":0,"Shared Written Blocks":0,"Local Hit Blocks":0,"Local Read Blocks":0,"Local Dirtied Blocks":0,"Local Written Blocks":0,"Temp Read Blocks":430708,"Temp Written Blocks":431262,"I/O Read Time":0.0,"I/O Write Time":0.0,"Temp I/O Read Time":627.576,"Temp I/O Write Time":1174.537,"Plans":[{"Node Type":"Hash Join","Parent Relationship":"Outer","Parallel Aware":false,"Async Capable":false,"Join Type":"Inner","Startup Cost":5426.05,"Total Cost":805435.98,"Plan Rows":9999106,"Plan Width":69,"Actual Startup Time":56.064,"Actual Total Time":9556.436,"Actual Rows":19995200,"Actual Loops":1,"Output":["item.i_name","substr((item.i_data)::text, 1, 3)","item.i_price","stock.s_w_id","stock.s_i_id"],"Inner Unique":true,"Hash Cond":"(stock.s_i_id = item.i_id)","Shared Hit Blocks":54890,"Shared Read Blocks":0,"Shared Dirtied Blocks":0,"Shared Written Blocks":0,"Local Hit Blocks":0,"Local Read Blocks":0,"Local Dirtied Blocks":0,"Local Written Blocks":0,"Temp Read Blocks":34793,"Temp Written Blocks":34793,"I/O Read Time":0.0,"I/O Write Time":0.0,"Temp I/O Read Time":57.583,"Temp I/O Write Time":151.18,"Plans":[{"Node Type":"Index Only Scan","Parent Relationship":"Outer","Parallel Aware":false,"Async Capable":false,"Scan Direction":"Forward","Index Name":"stock_pk","Relation Name":"stock","Schema":"public","Alias":"stock","Startup Cost":342.44,"Total Cost":669707.21,"Plan Rows":10000106,"Plan Width":6,"Actual Startup Time":1.914,"Actual Total Time":1966.125,"Actual Rows":20000000,"Actual Loops":1,"Output":["stock.s_w_id","stock.s_i_id"],"Filter":"(NOT (hashed SubPlan 1))","Rows Removed by Filter":0,"Heap Fetches":0,"Shared Hit Blocks":54890,"Shared Read Blocks":0,"Shared Dirtied Blocks":0,"Shared Written Blocks":0,"Local Hit Blocks":0,"Local Read Blocks":0,"Local Dirtied Blocks":0,"Local Written Blocks":0,"Temp Read Blocks":0,"Temp Written Blocks":0,"I/O Read Time":0.0,"I/O Write Time":0.0,"Temp I/O Read Time":0.0,"Temp I/O Write Time":0.0,"Plans":[{"Node Type":"Seq Scan","Parent Relationship":"SubPlan","Subplan Name":"SubPlan 1","Parallel Aware":false,"Async Capable":false,"Relation Name":"supplier","Schema":"public","Alias":"supplier","Startup Cost":0.0,"Total Cost":342.0,"Plan Rows":1,"Plan Width":4,"Actual Startup Time":1.894,"Actual Total Time":1.895,"Actual Rows":0,"Actual Loops":1,"Output":["supplier.su_suppkey"],"Filter":"((supplier.su_comment)::text ~~ '%bad%'::text)","Rows Removed by Filter":10000,"Shared Hit Blocks":217,"Shared Read Blocks":0,"Shared Dirtied Blocks":0,"Shared Written Blocks":0,"Local Hit Blocks":0,"Local Read Blocks":0,"Local Dirtied Blocks":0,"Local Written Blocks":0,"Temp Read Blocks":0,"Temp Written Blocks":0,"I/O Read Time":0.0,"I/O Write Time":0.0,"Temp I/O Read Time":0.0,"Temp I/O Write Time":0.0}]},{"Node Type":"Hash","Parent Relationship":"Inner","Parallel Aware":false,"Async Capable":false,"Startup Cost":2563.73,"Total Cost":2563.73,"Plan Rows":99991,"Plan Width":74,"Actual Startup Time":53.791,"Actual Total Time":53.798,"Actual Rows":99976,"Actual Loops":1,"Output":["item.i_name","item.i_data","item.i_price","item.i_id"],"Hash Buckets":131072,"Original Hash Buckets":131072,"Hash Batches":2,"Original Hash Batches":2,"Peak Memory Usage":6334,"Shared Hit Blocks":0,"Shared Read Blocks":0,"Shared Dirtied Blocks":0,"Shared Written Blocks":0,"Local Hit Blocks":0,"Local Read Blocks":0,"Local Dirtied Blocks":0,"Local Written Blocks":0,"Temp Read Blocks":0,"Temp Written Blocks":591,"I/O Read Time":0.0,"I/O Write Time":0.0,"Temp I/O Read Time":0.0,"Temp I/O Write Time":2.296,"Plans":[{"Node Type":"Append","Parent Relationship":"Outer","Parallel Aware":false,"Async Capable":false,"Startup Cost":20.0,"Total Cost":2563.73,"Plan Rows":99991,"Plan Width":74,"Actual Startup Time":2.17,"Actual Total Time":27.897,"Actual Rows":99976,"Actual Loops":1,"Shared Hit Blocks":0,"Shared Read Blocks":0,"Shared Dirtied Blocks":0,"Shared Written Blocks":0,"Local Hit Blocks":0,"Local Read Blocks":0,"Local Dirtied Blocks":0,"Local Written Blocks":0,"Temp Read Blocks":0,"Temp Written Blocks":0,"I/O Read Time":0.0,"I/O Write Time":0.0,"Temp I/O Read Time":0.0,"Temp I/O Write Time":0.0,"Subplans Removed":0,"Plans":[{"Node Type":"Custom Scan","Parent Relationship":"Member","Custom Plan Provider":"columnar scan","Parallel Aware":false,"Async Capable":false,"Relation Name":"item","Schema":"public","Alias":"item","Startup Cost":20.0,"Total Cost":2369.77,"Plan Rows":99990,"Plan Width":74,"Actual Startup Time":2.169,"Actual Total Time":20.338,"Actual Rows":99976,"Actual Loops":1,"Output":["item.i_name","item.i_data","item.i_price","item.i_id"],"Filter":"((item.i_data)::text !~~ 'zz%'::text)","Rows Removed by Filter":0,"Rows Removed by Columnar Filter":24,"Columnar cache search mode":"native","Shared Hit Blocks":0,"Shared Read Blocks":0,"Shared Dirtied Blocks":0,"Shared Written Blocks":0,"Local Hit Blocks":0,"Local Read Blocks":0,"Local Dirtied Blocks":0,"Local Written Blocks":0,"Temp Read Blocks":0,"Temp Written Blocks":0,"I/O Read Time":0.0,"I/O Write Time":0.0,"Temp I/O Read Time":0.0,"Temp I/O Write Time":0.0},{"Node Type":"Seq Scan","Parent Relationship":"Member","Parallel Aware":false,"Async Capable":false,"Relation Name":"item","Schema":"public","Alias":"item","Startup Cost":0.0,"Total Cost":4.01,"Plan Rows":1,"Plan Width":74,"Actual Startup Time":0.0,"Actual Total Time":0.0,"Actual Rows":0,"Actual Loops":0,"Output":["item.i_name","item.i_data","item.i_price","item.i_id"],"Filter":"((item.i_data)::text !~~ 'zz%'::text)","Rows Removed by Filter":0,"Shared Hit Blocks":0,"Shared Read Blocks":0,"Shared Dirtied Blocks":0,"Shared Written Blocks":0,"Local Hit Blocks":0,"Local Read Blocks":0,"Local Dirtied Blocks":0,"Local Written Blocks":0,"Temp Read Blocks":0,"Temp Written Blocks":0,"I/O Read Time":0.0,"I/O Write Time":0.0,"Temp I/O Read Time":0.0,"Temp I/O Write Time":0.0}]}]}]}]}]}]}]},"Planning":{"Shared Hit Blocks":8,"Shared Read Blocks":0,"Shared Dirtied Blocks":0,"Shared Written Blocks":0,"Local Hit Blocks":0,"Local Read Blocks":0,"Local Dirtied Blocks":0,"Local Written Blocks":0,"Temp Read Blocks":0,"Temp Written Blocks":0,"I/O Read Time":0.0,"I/O Write Time":0.0,"Temp I/O Read Time":0.0,"Temp I/O Write Time":0.0},"Planning Time":0.404,"Triggers":[],"Execution Time":60474.893}]
[列存组合]: stock
[{"Plan":{"Node Type":"Limit","Parallel Aware":false,"Async Capable":false,"Startup Cost":3380137.26,"Total Cost":3380139.76,"Plan Rows":1000,"Plan Width":71,"Actual Startup Time":60389.012,"Actual Total Time":60389.12,"Actual Rows":1000,"Actual Loops":1,"Output":["item.i_name","(substr((item.i_data)::text, 1, 3))","item.i_price","(count(DISTINCT mod((stock.s_w_id * stock.s_i_id), 10000)))"],"Shared Hit Blocks":56255,"Shared Read Blocks":0,"Shared Dirtied Blocks":0,"Shared Written Blocks":0,"Local Hit Blocks":0,"Local Read Blocks":0,"Local Dirtied Blocks":0,"Local Written Blocks":0,"Temp Read Blocks":430708,"Temp Written Blocks":431262,"I/O Read Time":0.0,"I/O Write Time":0.0,"Temp I/O Read Time":631.857,"Temp I/O Write Time":1211.08,"Plans":[{"Node Type":"Sort","Parent Relationship":"Outer","Parallel Aware":false,"Async Capable":false,"Startup Cost":3380137.26,"Total Cost":3380387.23,"Plan Rows":99990,"Plan Width":71,"Actual Startup Time":60389.009,"Actual Total Time":60389.053,"Actual Rows":1000,"Actual Loops":1,"Output":["item.i_name","(substr((item.i_data)::text, 1, 3))","item.i_price","(count(DISTINCT mod((stock.s_w_id * stock.s_i_id), 10000)))"],"Sort Key":["(count(DISTINCT mod((stock.s_w_id * stock.s_i_id), 10000))) DESC"],"Sort Method":"top-N heapsort","Sort Space Used":129,"Sort Space Type":"Memory","Shared Hit Blocks":56255,"Shared Read Blocks":0,"Shared Dirtied Blocks":0,"Shared Written Blocks":0,"Local Hit Blocks":0,"Local Read Blocks":0,"Local Dirtied Blocks":0,"Local Written Blocks":0,"Temp Read Blocks":430708,"Temp Written Blocks":431262,"I/O Read Time":0.0,"I/O Write Time":0.0,"Temp I/O Read Time":631.857,"Temp I/O Write Time":1211.08,"Plans":[{"Node Type":"Aggregate","Strategy":"Sorted","Partial Mode":"Simple","Parent Relationship":"Outer","Parallel Aware":false,"Async Capable":false,"Startup Cost":3198420.68,"Total Cost":3374654.91,"Plan Rows":99990,"Plan Width":71,"Actual Startup Time":49654.783,"Actual Total Time":60370.634,"Actual Rows":99976,"Actual Loops":1,"Output":["item.i_name","(substr((item.i_data)::text, 1, 3))","item.i_price","count(DISTINCT mod((stock.s_w_id * stock.s_i_id), 10000))"],"Group Key":["item.i_name","(substr((item.i_data)::text, 1, 3))","item.i_price"],"Shared Hit Blocks":56255,"Shared Read Blocks":0,"Shared Dirtied Blocks":0,"Shared Written Blocks":0,"Local Hit Blocks":0,"Local Read Blocks":0,"Local Dirtied Blocks":0,"Local Written Blocks":0,"Temp Read Blocks":430708,"Temp Written Blocks":431262,"I/O Read Time":0.0,"I/O Write Time":0.0,"Temp I/O Read Time":631.857,"Temp I/O Write Time":1211.08,"Plans":[{"Node Type":"Sort","Parent Relationship":"Outer","Parallel Aware":false,"Async Capable":false,"Startup Cost":3198420.68,"Total Cost":3223418.45,"Plan Rows":9999106,"Plan Width":69,"Actual Startup Time":49654.614,"Actual Total Time":54421.158,"Actual Rows":19995200,"Actual Loops":1,"Output":["item.i_name","(substr((item.i_data)::text, 1, 3))","item.i_price","stock.s_w_id","stock.s_i_id"],"Sort Key":["item.i_name","(substr((item.i_data)::text, 1, 3))","item.i_price"],"Sort Method":"external merge","Sort Space Used":1055800,"Sort Space Type":"Disk","Shared Hit Blocks":56255,"Shared Read Blocks":0,"Shared Dirtied Blocks":0,"Shared Written Blocks":0,"Local Hit Blocks":0,"Local Read Blocks":0,"Local Dirtied Blocks":0,"Local Written Blocks":0,"Temp Read Blocks":430708,"Temp Written Blocks":431262,"I/O Read Time":0.0,"I/O Write Time":0.0,"Temp I/O Read Time":631.857,"Temp I/O Write Time":1211.08,"Plans":[{"Node Type":"Hash Join","Parent Relationship":"Outer","Parallel Aware":false,"Async Capable":false,"Join Type":"Inner","Startup Cost":5477.32,"Total Cost":805487.24,"Plan Rows":9999106,"Plan Width":69,"Actual Startup Time":40.422,"Actual Total Time":9594.072,"Actual Rows":19995200,"Actual Loops":1,"Output":["item.i_name","substr((item.i_data)::text, 1, 3)","item.i_price","stock.s_w_id","stock.s_i_id"],"Inner Unique":true,"Hash Cond":"(stock.s_i_id = item.i_id)","Shared Hit Blocks":56255,"Shared Read Blocks":0,"Shared Dirtied Blocks":0,"Shared Written Blocks":0,"Local Hit Blocks":0,"Local Read Blocks":0,"Local Dirtied Blocks":0,"Local Written Blocks":0,"Temp Read Blocks":34793,"Temp Written Blocks":34793,"I/O Read Time":0.0,"I/O Write Time":0.0,"Temp I/O Read Time":57.448,"Temp I/O Write Time":154.07,"Plans":[{"Node Type":"Index Only Scan","Parent Relationship":"Outer","Parallel Aware":false,"Async Capable":false,"Scan Direction":"Forward","Index Name":"stock_pk","Relation Name":"stock","Schema":"public","Alias":"stock","Startup Cost":342.44,"Total Cost":669707.21,"Plan Rows":10000106,"Plan Width":6,"Actual Startup Time":1.984,"Actual Total Time":1965.583,"Actual Rows":20000000,"Actual Loops":1,"Output":["stock.s_w_id","stock.s_i_id"],"Filter":"(NOT (hashed SubPlan 1))","Rows Removed by Filter":0,"Heap Fetches":0,"Shared Hit Blocks":54890,"Shared Read Blocks":0,"Shared Dirtied Blocks":0,"Shared Written Blocks":0,"Local Hit Blocks":0,"Local Read Blocks":0,"Local Dirtied Blocks":0,"Local Written Blocks":0,"Temp Read Blocks":0,"Temp Written Blocks":0,"I/O Read Time":0.0,"I/O Write Time":0.0,"Temp I/O Read Time":0.0,"Temp I/O Write Time":0.0,"Plans":[{"Node Type":"Seq Scan","Parent Relationship":"SubPlan","Subplan Name":"SubPlan 1","Parallel Aware":false,"Async Capable":false,"Relation Name":"supplier","Schema":"public","Alias":"supplier","Startup Cost":0.0,"Total Cost":342.0,"Plan Rows":1,"Plan Width":4,"Actual Startup Time":1.961,"Actual Total Time":1.962,"Actual Rows":0,"Actual Loops":1,"Output":["supplier.su_suppkey"],"Filter":"((supplier.su_comment)::text ~~ '%bad%'::text)","Rows Removed by Filter":10000,"Shared Hit Blocks":217,"Shared Read Blocks":0,"Shared Dirtied Blocks":0,"Shared Written Blocks":0,"Local Hit Blocks":0,"Local Read Blocks":0,"Local Dirtied Blocks":0,"Local Written Blocks":0,"Temp Read Blocks":0,"Temp Written Blocks":0,"I/O Read Time":0.0,"I/O Write Time":0.0,"Temp I/O Read Time":0.0,"Temp I/O Write Time":0.0}]},{"Node Type":"Hash","Parent Relationship":"Inner","Parallel Aware":false,"Async Capable":false,"Startup Cost":2615.0,"Total Cost":2615.0,"Plan Rows":99990,"Plan Width":74,"Actual Startup Time":38.012,"Actual Total Time":38.015,"Actual Rows":99976,"Actual Loops":1,"Output":["item.i_name","item.i_data","item.i_price","item.i_id"],"Hash Buckets":131072,"Original Hash Buckets":131072,"Hash Batches":2,"Original Hash Batches":2,"Peak Memory Usage":6334,"Shared Hit Blocks":1365,"Shared Read Blocks":0,"Shared Dirtied Blocks":0,"Shared Written Blocks":0,"Local Hit Blocks":0,"Local Read Blocks":0,"Local Dirtied Blocks":0,"Local Written Blocks":0,"Temp Read Blocks":0,"Temp Written Blocks":591,"I/O Read Time":0.0,"I/O Write Time":0.0,"Temp I/O Read Time":0.0,"Temp I/O Write Time":2.333,"Plans":[{"Node Type":"Seq Scan","Parent Relationship":"Outer","Parallel Aware":false,"Async Capable":false,"Relation Name":"item","Schema":"public","Alias":"item","Startup Cost":0.0,"Total Cost":2615.0,"Plan Rows":99990,"Plan Width":74,"Actual Startup Time":0.008,"Actual Total Time":17.08,"Actual Rows":99976,"Actual Loops":1,"Output":["item.i_name","item.i_data","item.i_price","item.i_id"],"Filter":"((item.i_data)::text !~~ 'zz%'::text)","Rows Removed by Filter":24,"Shared Hit Blocks":1365,"Shared Read Blocks":0,"Shared Dirtied Blocks":0,"Shared Written Blocks":0,"Local Hit Blocks":0,"Local Read Blocks":0,"Local Dirtied Blocks":0,"Local Written Blocks":0,"Temp Read Blocks":0,"Temp Written Blocks":0,"I/O Read Time":0.0,"I/O Write Time":0.0,"Temp I/O Read Time":0.0,"Temp I/O Write Time":0.0}]}]}]}]}]}]},"Planning":{"Shared Hit Blocks":8,"Shared Read Blocks":0,"Shared Dirtied Blocks":0,"Shared Written Blocks":0,"Local Hit Blocks":0,"Local Read Blocks":0,"Local Dirtied Blocks":0,"Local Written Blocks":0,"Temp Read Blocks":0,"Temp Written Blocks":0,"I/O Read Time":0.0,"I/O Write Time":0.0,"Temp I/O Read Time":0.0,"Temp I/O Write Time":0.0},"Planning Time":1.257,"Triggers":[],"Execution Time":60541.938}]
[列存组合]: supplier
[{"Plan":{"Node Type":"Limit","Parallel Aware":false,"Async Capable":false,"Startup Cost":3379819.29,"Total Cost":3379821.79,"Plan Rows":1000,"Plan Width":71,"Actual Startup Time":60346.586,"Actual Total Time":60346.699,"Actual Rows":1000,"Actual Loops":1,"Output":["item.i_name","(substr((item.i_data)::text, 1, 3))","item.i_price","(count(DISTINCT mod((stock.s_w_id * stock.s_i_id), 10000)))"],"Shared Hit Blocks":56038,"Shared Read Blocks":0,"Shared Dirtied Blocks":0,"Shared Written Blocks":0,"Local Hit Blocks":0,"Local Read Blocks":0,"Local Dirtied Blocks":0,"Local Written Blocks":0,"Temp Read Blocks":430708,"Temp Written Blocks":431262,"I/O Read Time":0.0,"I/O Write Time":0.0,"Temp I/O Read Time":631.61,"Temp I/O Write Time":1181.195,"Plans":[{"Node Type":"Sort","Parent Relationship":"Outer","Parallel Aware":false,"Async Capable":false,"Startup Cost":3379819.29,"Total Cost":3380069.27,"Plan Rows":99990,"Plan Width":71,"Actual Startup Time":60346.584,"Actual Total Time":60346.629,"Actual Rows":1000,"Actual Loops":1,"Output":["item.i_name","(substr((item.i_data)::text, 1, 3))","item.i_price","(count(DISTINCT mod((stock.s_w_id * stock.s_i_id), 10000)))"],"Sort Key":["(count(DISTINCT mod((stock.s_w_id * stock.s_i_id), 10000))) DESC"],"Sort Method":"top-N heapsort","Sort Space Used":129,"Sort Space Type":"Memory","Shared Hit Blocks":56038,"Shared Read Blocks":0,"Shared Dirtied Blocks":0,"Shared Written Blocks":0,"Local Hit Blocks":0,"Local Read Blocks":0,"Local Dirtied Blocks":0,"Local Written Blocks":0,"Temp Read Blocks":430708,"Temp Written Blocks":431262,"I/O Read Time":0.0,"I/O Write Time":0.0,"Temp I/O Read Time":631.61,"Temp I/O Write Time":1181.195,"Plans":[{"Node Type":"Aggregate","Strategy":"Sorted","Partial Mode":"Simple","Parent Relationship":"Outer","Parallel Aware":false,"Async Capable":false,"Startup Cost":3198102.72,"Total Cost":3374336.95,"Plan Rows":99990,"Plan Width":71,"Actual Startup Time":49624.771,"Actual Total Time":60328.759,"Actual Rows":99976,"Actual Loops":1,"Output":["item.i_name","(substr((item.i_data)::text, 1, 3))","item.i_price","count(DISTINCT mod((stock.s_w_id * stock.s_i_id), 10000))"],"Group Key":["item.i_name","(substr((item.i_data)::text, 1, 3))","item.i_price"],"Shared Hit Blocks":56038,"Shared Read Blocks":0,"Shared Dirtied Blocks":0,"Shared Written Blocks":0,"Local Hit Blocks":0,"Local Read Blocks":0,"Local Dirtied Blocks":0,"Local Written Blocks":0,"Temp Read Blocks":430708,"Temp Written Blocks":431262,"I/O Read Time":0.0,"I/O Write Time":0.0,"Temp I/O Read Time":631.61,"Temp I/O Write Time":1181.195,"Plans":[{"Node Type":"Sort","Parent Relationship":"Outer","Parallel Aware":false,"Async Capable":false,"Startup Cost":3198102.72,"Total Cost":3223100.49,"Plan Rows":9999106,"Plan Width":69,"Actual Startup Time":49624.601,"Actual Total Time":54387.378,"Actual Rows":19995200,"Actual Loops":1,"Output":["item.i_name","(substr((item.i_data)::text, 1, 3))","item.i_price","stock.s_w_id","stock.s_i_id"],"Sort Key":["item.i_name","(substr((item.i_data)::text, 1, 3))","item.i_price"],"Sort Method":"external merge","Sort Space Used":1055800,"Sort Space Type":"Disk","Shared Hit Blocks":56038,"Shared Read Blocks":0,"Shared Dirtied Blocks":0,"Shared Written Blocks":0,"Local Hit Blocks":0,"Local Read Blocks":0,"Local Dirtied Blocks":0,"Local Written Blocks":0,"Temp Read Blocks":430708,"Temp Written Blocks":431262,"I/O Read Time":0.0,"I/O Write Time":0.0,"Temp I/O Read Time":631.61,"Temp I/O Write Time":1181.195,"Plans":[{"Node Type":"Hash Join","Parent Relationship":"Outer","Parallel Aware":false,"Async Capable":false,"Join Type":"Inner","Startup Cost":5159.35,"Total Cost":805169.28,"Plan Rows":9999106,"Plan Width":69,"Actual Startup Time":38.585,"Actual Total Time":9543.215,"Actual Rows":19995200,"Actual Loops":1,"Output":["item.i_name","substr((item.i_data)::text, 1, 3)","item.i_price","stock.s_w_id","stock.s_i_id"],"Inner Unique":true,"Hash Cond":"(stock.s_i_id = item.i_id)","Shared Hit Blocks":56038,"Shared Read Blocks":0,"Shared Dirtied Blocks":0,"Shared Written Blocks":0,"Local Hit Blocks":0,"Local Read Blocks":0,"Local Dirtied Blocks":0,"Local Written Blocks":0,"Temp Read Blocks":34793,"Temp Written Blocks":34793,"I/O Read Time":0.0,"I/O Write Time":0.0,"Temp I/O Read Time":57.798,"Temp I/O Write Time":150.722,"Plans":[{"Node Type":"Index Only Scan","Parent Relationship":"Outer","Parallel Aware":false,"Async Capable":false,"Scan Direction":"Forward","Index Name":"stock_pk","Relation Name":"stock","Schema":"public","Alias":"stock","Startup Cost":24.48,"Total Cost":669389.25,"Plan Rows":10000106,"Plan Width":6,"Actual Startup Time":1.027,"Actual Total Time":1959.793,"Actual Rows":20000000,"Actual Loops":1,"Output":["stock.s_w_id","stock.s_i_id"],"Filter":"(NOT (hashed SubPlan 1))","Rows Removed by Filter":0,"Heap Fetches":0,"Shared Hit Blocks":54673,"Shared Read Blocks":0,"Shared Dirtied Blocks":0,"Shared Written Blocks":0,"Local Hit Blocks":0,"Local Read Blocks":0,"Local Dirtied Blocks":0,"Local Written Blocks":0,"Temp Read Blocks":0,"Temp Written Blocks":0,"I/O Read Time":0.0,"I/O Write Time":0.0,"Temp I/O Read Time":0.0,"Temp I/O Write Time":0.0,"Plans":[{"Node Type":"Append","Parent Relationship":"SubPlan","Subplan Name":"SubPlan 1","Parallel Aware":false,"Async Capable":false,"Startup Cost":20.0,"Total Cost":24.04,"Plan Rows":2,"Plan Width":4,"Actual Startup Time":1.006,"Actual Total Time":1.011,"Actual Rows":0,"Actual Loops":1,"Shared Hit Blocks":0,"Shared Read Blocks":0,"Shared Dirtied Blocks":0,"Shared Written Blocks":0,"Local Hit Blocks":0,"Local Read Blocks":0,"Local Dirtied Blocks":0,"Local Written Blocks":0,"Temp Read Blocks":0,"Temp Written Blocks":0,"I/O Read Time":0.0,"I/O Write Time":0.0,"Temp I/O Read Time":0.0,"Temp I/O Write Time":0.0,"Subplans Removed":0,"Plans":[{"Node Type":"Custom Scan","Parent Relationship":"Member","Custom Plan Provider":"columnar scan","Parallel Aware":false,"Async Capable":false,"Relation Name":"supplier","Schema":"public","Alias":"supplier","Startup Cost":20.0,"Total Cost":20.02,"Plan Rows":1,"Plan Width":4,"Actual Startup Time":1.005,"Actual Total Time":1.007,"Actual Rows":0,"Actual Loops":1,"Output":["supplier.su_suppkey"],"Filter":"((supplier.su_comment)::text ~~ '%bad%'::text)","Rows Removed by Filter":0,"Rows Removed by Columnar Filter":10000,"Columnar cache search mode":"native","Shared Hit Blocks":0,"Shared Read Blocks":0,"Shared Dirtied Blocks":0,"Shared Written Blocks":0,"Local Hit Blocks":0,"Local Read Blocks":0,"Local Dirtied Blocks":0,"Local Written Blocks":0,"Temp Read Blocks":0,"Temp Written Blocks":0,"I/O Read Time":0.0,"I/O Write Time":0.0,"Temp I/O Read Time":0.0,"Temp I/O Write Time":0.0},{"Node Type":"Seq Scan","Parent Relationship":"Member","Parallel Aware":false,"Async Capable":false,"Relation Name":"supplier","Schema":"public","Alias":"supplier","Startup Cost":0.0,"Total Cost":4.01,"Plan Rows":1,"Plan Width":4,"Actual Startup Time":0.0,"Actual Total Time":0.0,"Actual Rows":0,"Actual Loops":0,"Output":["supplier.su_suppkey"],"Filter":"((supplier.su_comment)::text ~~ '%bad%'::text)","Rows Removed by Filter":0,"Shared Hit Blocks":0,"Shared Read Blocks":0,"Shared Dirtied Blocks":0,"Shared Written Blocks":0,"Local Hit Blocks":0,"Local Read Blocks":0,"Local Dirtied Blocks":0,"Local Written Blocks":0,"Temp Read Blocks":0,"Temp Written Blocks":0,"I/O Read Time":0.0,"I/O Write Time":0.0,"Temp I/O Read Time":0.0,"Temp I/O Write Time":0.0}]}]},{"Node Type":"Hash","Parent Relationship":"Inner","Parallel Aware":false,"Async Capable":false,"Startup Cost":2615.0,"Total Cost":2615.0,"Plan Rows":99990,"Plan Width":74,"Actual Startup Time":37.175,"Actual Total Time":37.177,"Actual Rows":99976,"Actual Loops":1,"Output":["item.i_name","item.i_data","item.i_price","item.i_id"],"Hash Buckets":131072,"Original Hash Buckets":131072,"Hash Batches":2,"Original Hash Batches":2,"Peak Memory Usage":6334,"Shared Hit Blocks":1365,"Shared Read Blocks":0,"Shared Dirtied Blocks":0,"Shared Written Blocks":0,"Local Hit Blocks":0,"Local Read Blocks":0,"Local Dirtied Blocks":0,"Local Written Blocks":0,"Temp Read Blocks":0,"Temp Written Blocks":591,"I/O Read Time":0.0,"I/O Write Time":0.0,"Temp I/O Read Time":0.0,"Temp I/O Write Time":2.287,"Plans":[{"Node Type":"Seq Scan","Parent Relationship":"Outer","Parallel Aware":false,"Async Capable":false,"Relation Name":"item","Schema":"public","Alias":"item","Startup Cost":0.0,"Total Cost":2615.0,"Plan Rows":99990,"Plan Width":74,"Actual Startup Time":0.01,"Actual Total Time":17.02,"Actual Rows":99976,"Actual Loops":1,"Output":["item.i_name","item.i_data","item.i_price","item.i_id"],"Filter":"((item.i_data)::text !~~ 'zz%'::text)","Rows Removed by Filter":24,"Shared Hit Blocks":1365,"Shared Read Blocks":0,"Shared Dirtied Blocks":0,"Shared Written Blocks":0,"Local Hit Blocks":0,"Local Read Blocks":0,"Local Dirtied Blocks":0,"Local Written Blocks":0,"Temp Read Blocks":0,"Temp Written Blocks":0,"I/O Read Time":0.0,"I/O Write Time":0.0,"Temp I/O Read Time":0.0,"Temp I/O Write Time":0.0}]}]}]}]}]}]},"Planning":{"Shared Hit Blocks":8,"Shared Read Blocks":0,"Shared Dirtied Blocks":0,"Shared Written Blocks":0,"Local Hit Blocks":0,"Local Read Blocks":0,"Local Dirtied Blocks":0,"Local Written Blocks":0,"Temp Read Blocks":0,"Temp Written Blocks":0,"I/O Read Time":0.0,"I/O Write Time":0.0,"Temp I/O Read Time":0.0,"Temp I/O Write Time":0.0},"Planning Time":0.392,"Triggers":[],"Execution Time":60498.097}]
[列存组合]: item, stock
[{"Plan":{"Node Type":"Limit","Parallel Aware":false,"Async Capable":false,"Startup Cost":3380085.99,"Total Cost":3380088.49,"Plan Rows":1000,"Plan Width":71,"Actual Startup Time":60177.773,"Actual Total Time":60177.891,"Actual Rows":1000,"Actual Loops":1,"Output":["item.i_name","(substr((item.i_data)::text, 1, 3))","item.i_price","(count(DISTINCT mod((stock.s_w_id * stock.s_i_id), 10000)))"],"Shared Hit Blocks":54890,"Shared Read Blocks":0,"Shared Dirtied Blocks":0,"Shared Written Blocks":0,"Local Hit Blocks":0,"Local Read Blocks":0,"Local Dirtied Blocks":0,"Local Written Blocks":0,"Temp Read Blocks":430708,"Temp Written Blocks":431262,"I/O Read Time":0.0,"I/O Write Time":0.0,"Temp I/O Read Time":620.577,"Temp I/O Write Time":1188.321,"Plans":[{"Node Type":"Sort","Parent Relationship":"Outer","Parallel Aware":false,"Async Capable":false,"Startup Cost":3380085.99,"Total Cost":3380335.97,"Plan Rows":99990,"Plan Width":71,"Actual Startup Time":60177.77,"Actual Total Time":60177.819,"Actual Rows":1000,"Actual Loops":1,"Output":["item.i_name","(substr((item.i_data)::text, 1, 3))","item.i_price","(count(DISTINCT mod((stock.s_w_id * stock.s_i_id), 10000)))"],"Sort Key":["(count(DISTINCT mod((stock.s_w_id * stock.s_i_id), 10000))) DESC"],"Sort Method":"top-N heapsort","Sort Space Used":129,"Sort Space Type":"Memory","Shared Hit Blocks":54890,"Shared Read Blocks":0,"Shared Dirtied Blocks":0,"Shared Written Blocks":0,"Local Hit Blocks":0,"Local Read Blocks":0,"Local Dirtied Blocks":0,"Local Written Blocks":0,"Temp Read Blocks":430708,"Temp Written Blocks":431262,"I/O Read Time":0.0,"I/O Write Time":0.0,"Temp I/O Read Time":620.577,"Temp I/O Write Time":1188.321,"Plans":[{"Node Type":"Aggregate","Strategy":"Sorted","Partial Mode":"Simple","Parent Relationship":"Outer","Parallel Aware":false,"Async Capable":false,"Startup Cost":3198369.42,"Total Cost":3374603.65,"Plan Rows":99990,"Plan Width":71,"Actual Startup Time":49462.92,"Actual Total Time":60159.888,"Actual Rows":99976,"Actual Loops":1,"Output":["item.i_name","(substr((item.i_data)::text, 1, 3))","item.i_price","count(DISTINCT mod((stock.s_w_id * stock.s_i_id), 10000))"],"Group Key":["item.i_name","(substr((item.i_data)::text, 1, 3))","item.i_price"],"Shared Hit Blocks":54890,"Shared Read Blocks":0,"Shared Dirtied Blocks":0,"Shared Written Blocks":0,"Local Hit Blocks":0,"Local Read Blocks":0,"Local Dirtied Blocks":0,"Local Written Blocks":0,"Temp Read Blocks":430708,"Temp Written Blocks":431262,"I/O Read Time":0.0,"I/O Write Time":0.0,"Temp I/O Read Time":620.577,"Temp I/O Write Time":1188.321,"Plans":[{"Node Type":"Sort","Parent Relationship":"Outer","Parallel Aware":false,"Async Capable":false,"Startup Cost":3198369.42,"Total Cost":3223367.19,"Plan Rows":9999106,"Plan Width":69,"Actual Startup Time":49462.75,"Actual Total Time":54233.457,"Actual Rows":19995200,"Actual Loops":1,"Output":["item.i_name","(substr((item.i_data)::text, 1, 3))","item.i_price","stock.s_w_id","stock.s_i_id"],"Sort Key":["item.i_name","(substr((item.i_data)::text, 1, 3))","item.i_price"],"Sort Method":"external merge","Sort Space Used":1055800,"Sort Space Type":"Disk","Shared Hit Blocks":54890,"Shared Read Blocks":0,"Shared Dirtied Blocks":0,"Shared Written Blocks":0,"Local Hit Blocks":0,"Local Read Blocks":0,"Local Dirtied Blocks":0,"Local Written Blocks":0,"Temp Read Blocks":430708,"Temp Written Blocks":431262,"I/O Read Time":0.0,"I/O Write Time":0.0,"Temp I/O Read Time":620.577,"Temp I/O Write Time":1188.321,"Plans":[{"Node Type":"Hash Join","Parent Relationship":"Outer","Parallel Aware":false,"Async Capable":false,"Join Type":"Inner","Startup Cost":5426.05,"Total Cost":805435.98,"Plan Rows":9999106,"Plan Width":69,"Actual Startup Time":57.545,"Actual Total Time":9508.448,"Actual Rows":19995200,"Actual Loops":1,"Output":["item.i_name","substr((item.i_data)::text, 1, 3)","item.i_price","stock.s_w_id","stock.s_i_id"],"Inner Unique":true,"Hash Cond":"(stock.s_i_id = item.i_id)","Shared Hit Blocks":54890,"Shared Read Blocks":0,"Shared Dirtied Blocks":0,"Shared Written Blocks":0,"Local Hit Blocks":0,"Local Read Blocks":0,"Local Dirtied Blocks":0,"Local Written Blocks":0,"Temp Read Blocks":34793,"Temp Written Blocks":34793,"I/O Read Time":0.0,"I/O Write Time":0.0,"Temp I/O Read Time":56.369,"Temp I/O Write Time":152.488,"Plans":[{"Node Type":"Index Only Scan","Parent Relationship":"Outer","Parallel Aware":false,"Async Capable":false,"Scan Direction":"Forward","Index Name":"stock_pk","Relation Name":"stock","Schema":"public","Alias":"stock","Startup Cost":342.44,"Total Cost":669707.21,"Plan Rows":10000106,"Plan Width":6,"Actual Startup Time":1.938,"Actual Total Time":1962.273,"Actual Rows":20000000,"Actual Loops":1,"Output":["stock.s_w_id","stock.s_i_id"],"Filter":"(NOT (hashed SubPlan 1))","Rows Removed by Filter":0,"Heap Fetches":0,"Shared Hit Blocks":54890,"Shared Read Blocks":0,"Shared Dirtied Blocks":0,"Shared Written Blocks":0,"Local Hit Blocks":0,"Local Read Blocks":0,"Local Dirtied Blocks":0,"Local Written Blocks":0,"Temp Read Blocks":0,"Temp Written Blocks":0,"I/O Read Time":0.0,"I/O Write Time":0.0,"Temp I/O Read Time":0.0,"Temp I/O Write Time":0.0,"Plans":[{"Node Type":"Seq Scan","Parent Relationship":"SubPlan","Subplan Name":"SubPlan 1","Parallel Aware":false,"Async Capable":false,"Relation Name":"supplier","Schema":"public","Alias":"supplier","Startup Cost":0.0,"Total Cost":342.0,"Plan Rows":1,"Plan Width":4,"Actual Startup Time":1.916,"Actual Total Time":1.918,"Actual Rows":0,"Actual Loops":1,"Output":["supplier.su_suppkey"],"Filter":"((supplier.su_comment)::text ~~ '%bad%'::text)","Rows Removed by Filter":10000,"Shared Hit Blocks":217,"Shared Read Blocks":0,"Shared Dirtied Blocks":0,"Shared Written Blocks":0,"Local Hit Blocks":0,"Local Read Blocks":0,"Local Dirtied Blocks":0,"Local Written Blocks":0,"Temp Read Blocks":0,"Temp Written Blocks":0,"I/O Read Time":0.0,"I/O Write Time":0.0,"Temp I/O Read Time":0.0,"Temp I/O Write Time":0.0}]},{"Node Type":"Hash","Parent Relationship":"Inner","Parallel Aware":false,"Async Capable":false,"Startup Cost":2563.73,"Total Cost":2563.73,"Plan Rows":99991,"Plan Width":74,"Actual Startup Time":55.194,"Actual Total Time":55.2,"Actual Rows":99976,"Actual Loops":1,"Output":["item.i_name","item.i_data","item.i_price","item.i_id"],"Hash Buckets":131072,"Original Hash Buckets":131072,"Hash Batches":2,"Original Hash Batches":2,"Peak Memory Usage":6334,"Shared Hit Blocks":0,"Shared Read Blocks":0,"Shared Dirtied Blocks":0,"Shared Written Blocks":0,"Local Hit Blocks":0,"Local Read Blocks":0,"Local Dirtied Blocks":0,"Local Written Blocks":0,"Temp Read Blocks":0,"Temp Written Blocks":591,"I/O Read Time":0.0,"I/O Write Time":0.0,"Temp I/O Read Time":0.0,"Temp I/O Write Time":2.422,"Plans":[{"Node Type":"Append","Parent Relationship":"Outer","Parallel Aware":false,"Async Capable":false,"Startup Cost":20.0,"Total Cost":2563.73,"Plan Rows":99991,"Plan Width":74,"Actual Startup Time":2.196,"Actual Total Time":27.95,"Actual Rows":99976,"Actual Loops":1,"Shared Hit Blocks":0,"Shared Read Blocks":0,"Shared Dirtied Blocks":0,"Shared Written Blocks":0,"Local Hit Blocks":0,"Local Read Blocks":0,"Local Dirtied Blocks":0,"Local Written Blocks":0,"Temp Read Blocks":0,"Temp Written Blocks":0,"I/O Read Time":0.0,"I/O Write Time":0.0,"Temp I/O Read Time":0.0,"Temp I/O Write Time":0.0,"Subplans Removed":0,"Plans":[{"Node Type":"Custom Scan","Parent Relationship":"Member","Custom Plan Provider":"columnar scan","Parallel Aware":false,"Async Capable":false,"Relation Name":"item","Schema":"public","Alias":"item","Startup Cost":20.0,"Total Cost":2369.77,"Plan Rows":99990,"Plan Width":74,"Actual Startup Time":2.194,"Actual Total Time":20.45,"Actual Rows":99976,"Actual Loops":1,"Output":["item.i_name","item.i_data","item.i_price","item.i_id"],"Filter":"((item.i_data)::text !~~ 'zz%'::text)","Rows Removed by Filter":0,"Rows Removed by Columnar Filter":24,"Columnar cache search mode":"native","Shared Hit Blocks":0,"Shared Read Blocks":0,"Shared Dirtied Blocks":0,"Shared Written Blocks":0,"Local Hit Blocks":0,"Local Read Blocks":0,"Local Dirtied Blocks":0,"Local Written Blocks":0,"Temp Read Blocks":0,"Temp Written Blocks":0,"I/O Read Time":0.0,"I/O Write Time":0.0,"Temp I/O Read Time":0.0,"Temp I/O Write Time":0.0},{"Node Type":"Seq Scan","Parent Relationship":"Member","Parallel Aware":false,"Async Capable":false,"Relation Name":"item","Schema":"public","Alias":"item","Startup Cost":0.0,"Total Cost":4.01,"Plan Rows":1,"Plan Width":74,"Actual Startup Time":0.0,"Actual Total Time":0.0,"Actual Rows":0,"Actual Loops":0,"Output":["item.i_name","item.i_data","item.i_price","item.i_id"],"Filter":"((item.i_data)::text !~~ 'zz%'::text)","Rows Removed by Filter":0,"Shared Hit Blocks":0,"Shared Read Blocks":0,"Shared Dirtied Blocks":0,"Shared Written Blocks":0,"Local Hit Blocks":0,"Local Read Blocks":0,"Local Dirtied Blocks":0,"Local Written Blocks":0,"Temp Read Blocks":0,"Temp Written Blocks":0,"I/O Read Time":0.0,"I/O Write Time":0.0,"Temp I/O Read Time":0.0,"Temp I/O Write Time":0.0}]}]}]}]}]}]}]},"Planning":{"Shared Hit Blocks":8,"Shared Read Blocks":0,"Shared Dirtied Blocks":0,"Shared Written Blocks":0,"Local Hit Blocks":0,"Local Read Blocks":0,"Local Dirtied Blocks":0,"Local Written Blocks":0,"Temp Read Blocks":0,"Temp Written Blocks":0,"I/O Read Time":0.0,"I/O Write Time":0.0,"Temp I/O Read Time":0.0,"Temp I/O Write Time":0.0},"Planning Time":1.37,"Triggers":[],"Execution Time":60329.562}]
[列存组合]: item, supplier
[{"Plan":{"Node Type":"Limit","Parallel Aware":false,"Async Capable":false,"Startup Cost":3379768.03,"Total Cost":3379770.53,"Plan Rows":1000,"Plan Width":71,"Actual Startup Time":60114.655,"Actual Total Time":60114.776,"Actual Rows":1000,"Actual Loops":1,"Output":["item.i_name","(substr((item.i_data)::text, 1, 3))","item.i_price","(count(DISTINCT mod((stock.s_w_id * stock.s_i_id), 10000)))"],"Shared Hit Blocks":54673,"Shared Read Blocks":0,"Shared Dirtied Blocks":0,"Shared Written Blocks":0,"Local Hit Blocks":0,"Local Read Blocks":0,"Local Dirtied Blocks":0,"Local Written Blocks":0,"Temp Read Blocks":430708,"Temp Written Blocks":431262,"I/O Read Time":0.0,"I/O Write Time":0.0,"Temp I/O Read Time":619.329,"Temp I/O Write Time":1164.784,"Plans":[{"Node Type":"Sort","Parent Relationship":"Outer","Parallel Aware":false,"Async Capable":false,"Startup Cost":3379768.03,"Total Cost":3380018.01,"Plan Rows":99990,"Plan Width":71,"Actual Startup Time":60114.651,"Actual Total Time":60114.705,"Actual Rows":1000,"Actual Loops":1,"Output":["item.i_name","(substr((item.i_data)::text, 1, 3))","item.i_price","(count(DISTINCT mod((stock.s_w_id * stock.s_i_id), 10000)))"],"Sort Key":["(count(DISTINCT mod((stock.s_w_id * stock.s_i_id), 10000))) DESC"],"Sort Method":"top-N heapsort","Sort Space Used":129,"Sort Space Type":"Memory","Shared Hit Blocks":54673,"Shared Read Blocks":0,"Shared Dirtied Blocks":0,"Shared Written Blocks":0,"Local Hit Blocks":0,"Local Read Blocks":0,"Local Dirtied Blocks":0,"Local Written Blocks":0,"Temp Read Blocks":430708,"Temp Written Blocks":431262,"I/O Read Time":0.0,"I/O Write Time":0.0,"Temp I/O Read Time":619.329,"Temp I/O Write Time":1164.784,"Plans":[{"Node Type":"Aggregate","Strategy":"Sorted","Partial Mode":"Simple","Parent Relationship":"Outer","Parallel Aware":false,"Async Capable":false,"Startup Cost":3198051.46,"Total Cost":3374285.69,"Plan Rows":99990,"Plan Width":71,"Actual Startup Time":49425.466,"Actual Total Time":60096.355,"Actual Rows":99976,"Actual Loops":1,"Output":["item.i_name","(substr((item.i_data)::text, 1, 3))","item.i_price","count(DISTINCT mod((stock.s_w_id * stock.s_i_id), 10000))"],"Group Key":["item.i_name","(substr((item.i_data)::text, 1, 3))","item.i_price"],"Shared Hit Blocks":54673,"Shared Read Blocks":0,"Shared Dirtied Blocks":0,"Shared Written Blocks":0,"Local Hit Blocks":0,"Local Read Blocks":0,"Local Dirtied Blocks":0,"Local Written Blocks":0,"Temp Read Blocks":430708,"Temp Written Blocks":431262,"I/O Read Time":0.0,"I/O Write Time":0.0,"Temp I/O Read Time":619.329,"Temp I/O Write Time":1164.784,"Plans":[{"Node Type":"Sort","Parent Relationship":"Outer","Parallel Aware":false,"Async Capable":false,"Startup Cost":3198051.46,"Total Cost":3223049.22,"Plan Rows":9999106,"Plan Width":69,"Actual Startup Time":49425.299,"Actual Total Time":54174.314,"Actual Rows":19995200,"Actual Loops":1,"Output":["item.i_name","(substr((item.i_data)::text, 1, 3))","item.i_price","stock.s_w_id","stock.s_i_id"],"Sort Key":["item.i_name","(substr((item.i_data)::text, 1, 3))","item.i_price"],"Sort Method":"external merge","Sort Space Used":1055800,"Sort Space Type":"Disk","Shared Hit Blocks":54673,"Shared Read Blocks":0,"Shared Dirtied Blocks":0,"Shared Written Blocks":0,"Local Hit Blocks":0,"Local Read Blocks":0,"Local Dirtied Blocks":0,"Local Written Blocks":0,"Temp Read Blocks":430708,"Temp Written Blocks":431262,"I/O Read Time":0.0,"I/O Write Time":0.0,"Temp I/O Read Time":619.329,"Temp I/O Write Time":1164.784,"Plans":[{"Node Type":"Hash Join","Parent Relationship":"Outer","Parallel Aware":false,"Async Capable":false,"Join Type":"Inner","Startup Cost":5108.09,"Total Cost":805118.02,"Plan Rows":9999106,"Plan Width":69,"Actual Startup Time":56.235,"Actual Total Time":9521.735,"Actual Rows":19995200,"Actual Loops":1,"Output":["item.i_name","substr((item.i_data)::text, 1, 3)","item.i_price","stock.s_w_id","stock.s_i_id"],"Inner Unique":true,"Hash Cond":"(stock.s_i_id = item.i_id)","Shared Hit Blocks":54673,"Shared Read Blocks":0,"Shared Dirtied Blocks":0,"Shared Written Blocks":0,"Local Hit Blocks":0,"Local Read Blocks":0,"Local Dirtied Blocks":0,"Local Written Blocks":0,"Temp Read Blocks":34793,"Temp Written Blocks":34793,"I/O Read Time":0.0,"I/O Write Time":0.0,"Temp I/O Read Time":56.303,"Temp I/O Write Time":150.584,"Plans":[{"Node Type":"Index Only Scan","Parent Relationship":"Outer","Parallel Aware":false,"Async Capable":false,"Scan Direction":"Forward","Index Name":"stock_pk","Relation Name":"stock","Schema":"public","Alias":"stock","Startup Cost":24.48,"Total Cost":669389.25,"Plan Rows":10000106,"Plan Width":6,"Actual Startup Time":1.019,"Actual Total Time":1964.603,"Actual Rows":20000000,"Actual Loops":1,"Output":["stock.s_w_id","stock.s_i_id"],"Filter":"(NOT (hashed SubPlan 1))","Rows Removed by Filter":0,"Heap Fetches":0,"Shared Hit Blocks":54673,"Shared Read Blocks":0,"Shared Dirtied Blocks":0,"Shared Written Blocks":0,"Local Hit Blocks":0,"Local Read Blocks":0,"Local Dirtied Blocks":0,"Local Written Blocks":0,"Temp Read Blocks":0,"Temp Written Blocks":0,"I/O Read Time":0.0,"I/O Write Time":0.0,"Temp I/O Read Time":0.0,"Temp I/O Write Time":0.0,"Plans":[{"Node Type":"Append","Parent Relationship":"SubPlan","Subplan Name":"SubPlan 1","Parallel Aware":false,"Async Capable":false,"Startup Cost":20.0,"Total Cost":24.04,"Plan Rows":2,"Plan Width":4,"Actual Startup Time":0.997,"Actual Total Time":1.001,"Actual Rows":0,"Actual Loops":1,"Shared Hit Blocks":0,"Shared Read Blocks":0,"Shared Dirtied Blocks":0,"Shared Written Blocks":0,"Local Hit Blocks":0,"Local Read Blocks":0,"Local Dirtied Blocks":0,"Local Written Blocks":0,"Temp Read Blocks":0,"Temp Written Blocks":0,"I/O Read Time":0.0,"I/O Write Time":0.0,"Temp I/O Read Time":0.0,"Temp I/O Write Time":0.0,"Subplans Removed":0,"Plans":[{"Node Type":"Custom Scan","Parent Relationship":"Member","Custom Plan Provider":"columnar scan","Parallel Aware":false,"Async Capable":false,"Relation Name":"supplier","Schema":"public","Alias":"supplier","Startup Cost":20.0,"Total Cost":20.02,"Plan Rows":1,"Plan Width":4,"Actual Startup Time":0.995,"Actual Total Time":0.997,"Actual Rows":0,"Actual Loops":1,"Output":["supplier.su_suppkey"],"Filter":"((supplier.su_comment)::text ~~ '%bad%'::text)","Rows Removed by Filter":0,"Rows Removed by Columnar Filter":10000,"Columnar cache search mode":"native","Shared Hit Blocks":0,"Shared Read Blocks":0,"Shared Dirtied Blocks":0,"Shared Written Blocks":0,"Local Hit Blocks":0,"Local Read Blocks":0,"Local Dirtied Blocks":0,"Local Written Blocks":0,"Temp Read Blocks":0,"Temp Written Blocks":0,"I/O Read Time":0.0,"I/O Write Time":0.0,"Temp I/O Read Time":0.0,"Temp I/O Write Time":0.0},{"Node Type":"Seq Scan","Parent Relationship":"Member","Parallel Aware":false,"Async Capable":false,"Relation Name":"supplier","Schema":"public","Alias":"supplier","Startup Cost":0.0,"Total Cost":4.01,"Plan Rows":1,"Plan Width":4,"Actual Startup Time":0.0,"Actual Total Time":0.0,"Actual Rows":0,"Actual Loops":0,"Output":["supplier.su_suppkey"],"Filter":"((supplier.su_comment)::text ~~ '%bad%'::text)","Rows Removed by Filter":0,"Shared Hit Blocks":0,"Shared Read Blocks":0,"Shared Dirtied Blocks":0,"Shared Written Blocks":0,"Local Hit Blocks":0,"Local Read Blocks":0,"Local Dirtied Blocks":0,"Local Written Blocks":0,"Temp Read Blocks":0,"Temp Written Blocks":0,"I/O Read Time":0.0,"I/O Write Time":0.0,"Temp I/O Read Time":0.0,"Temp I/O Write Time":0.0}]}]},{"Node Type":"Hash","Parent Relationship":"Inner","Parallel Aware":false,"Async Capable":false,"Startup Cost":2563.73,"Total Cost":2563.73,"Plan Rows":99991,"Plan Width":74,"Actual Startup Time":54.831,"Actual Total Time":54.837,"Actual Rows":99976,"Actual Loops":1,"Output":["item.i_name","item.i_data","item.i_price","item.i_id"],"Hash Buckets":131072,"Original Hash Buckets":131072,"Hash Batches":2,"Original Hash Batches":2,"Peak Memory Usage":6334,"Shared Hit Blocks":0,"Shared Read Blocks":0,"Shared Dirtied Blocks":0,"Shared Written Blocks":0,"Local Hit Blocks":0,"Local Read Blocks":0,"Local Dirtied Blocks":0,"Local Written Blocks":0,"Temp Read Blocks":0,"Temp Written Blocks":591,"I/O Read Time":0.0,"I/O Write Time":0.0,"Temp I/O Read Time":0.0,"Temp I/O Write Time":2.319,"Plans":[{"Node Type":"Append","Parent Relationship":"Outer","Parallel Aware":false,"Async Capable":false,"Startup Cost":20.0,"Total Cost":2563.73,"Plan Rows":99991,"Plan Width":74,"Actual Startup Time":2.214,"Actual Total Time":28.113,"Actual Rows":99976,"Actual Loops":1,"Shared Hit Blocks":0,"Shared Read Blocks":0,"Shared Dirtied Blocks":0,"Shared Written Blocks":0,"Local Hit Blocks":0,"Local Read Blocks":0,"Local Dirtied Blocks":0,"Local Written Blocks":0,"Temp Read Blocks":0,"Temp Written Blocks":0,"I/O Read Time":0.0,"I/O Write Time":0.0,"Temp I/O Read Time":0.0,"Temp I/O Write Time":0.0,"Subplans Removed":0,"Plans":[{"Node Type":"Custom Scan","Parent Relationship":"Member","Custom Plan Provider":"columnar scan","Parallel Aware":false,"Async Capable":false,"Relation Name":"item","Schema":"public","Alias":"item","Startup Cost":20.0,"Total Cost":2369.77,"Plan Rows":99990,"Plan Width":74,"Actual Startup Time":2.213,"Actual Total Time":20.651,"Actual Rows":99976,"Actual Loops":1,"Output":["item.i_name","item.i_data","item.i_price","item.i_id"],"Filter":"((item.i_data)::text !~~ 'zz%'::text)","Rows Removed by Filter":0,"Rows Removed by Columnar Filter":24,"Columnar cache search mode":"native","Shared Hit Blocks":0,"Shared Read Blocks":0,"Shared Dirtied Blocks":0,"Shared Written Blocks":0,"Local Hit Blocks":0,"Local Read Blocks":0,"Local Dirtied Blocks":0,"Local Written Blocks":0,"Temp Read Blocks":0,"Temp Written Blocks":0,"I/O Read Time":0.0,"I/O Write Time":0.0,"Temp I/O Read Time":0.0,"Temp I/O Write Time":0.0},{"Node Type":"Seq Scan","Parent Relationship":"Member","Parallel Aware":false,"Async Capable":false,"Relation Name":"item","Schema":"public","Alias":"item","Startup Cost":0.0,"Total Cost":4.01,"Plan Rows":1,"Plan Width":74,"Actual Startup Time":0.0,"Actual Total Time":0.0,"Actual Rows":0,"Actual Loops":0,"Output":["item.i_name","item.i_data","item.i_price","item.i_id"],"Filter":"((item.i_data)::text !~~ 'zz%'::text)","Rows Removed by Filter":0,"Shared Hit Blocks":0,"Shared Read Blocks":0,"Shared Dirtied Blocks":0,"Shared Written Blocks":0,"Local Hit Blocks":0,"Local Read Blocks":0,"Local Dirtied Blocks":0,"Local Written Blocks":0,"Temp Read Blocks":0,"Temp Written Blocks":0,"I/O Read Time":0.0,"I/O Write Time":0.0,"Temp I/O Read Time":0.0,"Temp I/O Write Time":0.0}]}]}]}]}]}]}]},"Planning":{"Shared Hit Blocks":8,"Shared Read Blocks":0,"Shared Dirtied Blocks":0,"Shared Written Blocks":0,"Local Hit Blocks":0,"Local Read Blocks":0,"Local Dirtied Blocks":0,"Local Written Blocks":0,"Temp Read Blocks":0,"Temp Written Blocks":0,"I/O Read Time":0.0,"I/O Write Time":0.0,"Temp I/O Read Time":0.0,"Temp I/O Write Time":0.0},"Planning Time":0.398,"Triggers":[],"Execution Time":60263.986}]
[列存组合]: stock, supplier
[{"Plan":{"Node Type":"Limit","Parallel Aware":false,"Async Capable":false,"Startup Cost":3379819.29,"Total Cost":3379821.79,"Plan Rows":1000,"Plan Width":71,"Actual Startup Time":60130.089,"Actual Total Time":60130.204,"Actual Rows":1000,"Actual Loops":1,"Output":["item.i_name","(substr((item.i_data)::text, 1, 3))","item.i_price","(count(DISTINCT mod((stock.s_w_id * stock.s_i_id), 10000)))"],"Shared Hit Blocks":56038,"Shared Read Blocks":0,"Shared Dirtied Blocks":0,"Shared Written Blocks":0,"Local Hit Blocks":0,"Local Read Blocks":0,"Local Dirtied Blocks":0,"Local Written Blocks":0,"Temp Read Blocks":430708,"Temp Written Blocks":431262,"I/O Read Time":0.0,"I/O Write Time":0.0,"Temp I/O Read Time":612.874,"Temp I/O Write Time":1159.786,"Plans":[{"Node Type":"Sort","Parent Relationship":"Outer","Parallel Aware":false,"Async Capable":false,"Startup Cost":3379819.29,"Total Cost":3380069.27,"Plan Rows":99990,"Plan Width":71,"Actual Startup Time":60130.086,"Actual Total Time":60130.133,"Actual Rows":1000,"Actual Loops":1,"Output":["item.i_name","(substr((item.i_data)::text, 1, 3))","item.i_price","(count(DISTINCT mod((stock.s_w_id * stock.s_i_id), 10000)))"],"Sort Key":["(count(DISTINCT mod((stock.s_w_id * stock.s_i_id), 10000))) DESC"],"Sort Method":"top-N heapsort","Sort Space Used":129,"Sort Space Type":"Memory","Shared Hit Blocks":56038,"Shared Read Blocks":0,"Shared Dirtied Blocks":0,"Shared Written Blocks":0,"Local Hit Blocks":0,"Local Read Blocks":0,"Local Dirtied Blocks":0,"Local Written Blocks":0,"Temp Read Blocks":430708,"Temp Written Blocks":431262,"I/O Read Time":0.0,"I/O Write Time":0.0,"Temp I/O Read Time":612.874,"Temp I/O Write Time":1159.786,"Plans":[{"Node Type":"Aggregate","Strategy":"Sorted","Partial Mode":"Simple","Parent Relationship":"Outer","Parallel Aware":false,"Async Capable":false,"Startup Cost":3198102.72,"Total Cost":3374336.95,"Plan Rows":99990,"Plan Width":71,"Actual Startup Time":49423.111,"Actual Total Time":60112.22,"Actual Rows":99976,"Actual Loops":1,"Output":["item.i_name","(substr((item.i_data)::text, 1, 3))","item.i_price","count(DISTINCT mod((stock.s_w_id * stock.s_i_id), 10000))"],"Group Key":["item.i_name","(substr((item.i_data)::text, 1, 3))","item.i_price"],"Shared Hit Blocks":56038,"Shared Read Blocks":0,"Shared Dirtied Blocks":0,"Shared Written Blocks":0,"Local Hit Blocks":0,"Local Read Blocks":0,"Local Dirtied Blocks":0,"Local Written Blocks":0,"Temp Read Blocks":430708,"Temp Written Blocks":431262,"I/O Read Time":0.0,"I/O Write Time":0.0,"Temp I/O Read Time":612.874,"Temp I/O Write Time":1159.786,"Plans":[{"Node Type":"Sort","Parent Relationship":"Outer","Parallel Aware":false,"Async Capable":false,"Startup Cost":3198102.72,"Total Cost":3223100.49,"Plan Rows":9999106,"Plan Width":69,"Actual Startup Time":49422.94,"Actual Total Time":54178.015,"Actual Rows":19995200,"Actual Loops":1,"Output":["item.i_name","(substr((item.i_data)::text, 1, 3))","item.i_price","stock.s_w_id","stock.s_i_id"],"Sort Key":["item.i_name","(substr((item.i_data)::text, 1, 3))","item.i_price"],"Sort Method":"external merge","Sort Space Used":1055800,"Sort Space Type":"Disk","Shared Hit Blocks":56038,"Shared Read Blocks":0,"Shared Dirtied Blocks":0,"Shared Written Blocks":0,"Local Hit Blocks":0,"Local Read Blocks":0,"Local Dirtied Blocks":0,"Local Written Blocks":0,"Temp Read Blocks":430708,"Temp Written Blocks":431262,"I/O Read Time":0.0,"I/O Write Time":0.0,"Temp I/O Read Time":612.874,"Temp I/O Write Time":1159.786,"Plans":[{"Node Type":"Hash Join","Parent Relationship":"Outer","Parallel Aware":false,"Async Capable":false,"Join Type":"Inner","Startup Cost":5159.35,"Total Cost":805169.28,"Plan Rows":9999106,"Plan Width":69,"Actual Startup Time":38.864,"Actual Total Time":9501.243,"Actual Rows":19995200,"Actual Loops":1,"Output":["item.i_name","substr((item.i_data)::text, 1, 3)","item.i_price","stock.s_w_id","stock.s_i_id"],"Inner Unique":true,"Hash Cond":"(stock.s_i_id = item.i_id)","Shared Hit Blocks":56038,"Shared Read Blocks":0,"Shared Dirtied Blocks":0,"Shared Written Blocks":0,"Local Hit Blocks":0,"Local Read Blocks":0,"Local Dirtied Blocks":0,"Local Written Blocks":0,"Temp Read Blocks":34793,"Temp Written Blocks":34793,"I/O Read Time":0.0,"I/O Write Time":0.0,"Temp I/O Read Time":55.684,"Temp I/O Write Time":149.981,"Plans":[{"Node Type":"Index Only Scan","Parent Relationship":"Outer","Parallel Aware":false,"Async Capable":false,"Scan Direction":"Forward","Index Name":"stock_pk","Relation Name":"stock","Schema":"public","Alias":"stock","Startup Cost":24.48,"Total Cost":669389.25,"Plan Rows":10000106,"Plan Width":6,"Actual Startup Time":1.031,"Actual Total Time":1959.091,"Actual Rows":20000000,"Actual Loops":1,"Output":["stock.s_w_id","stock.s_i_id"],"Filter":"(NOT (hashed SubPlan 1))","Rows Removed by Filter":0,"Heap Fetches":0,"Shared Hit Blocks":54673,"Shared Read Blocks":0,"Shared Dirtied Blocks":0,"Shared Written Blocks":0,"Local Hit Blocks":0,"Local Read Blocks":0,"Local Dirtied Blocks":0,"Local Written Blocks":0,"Temp Read Blocks":0,"Temp Written Blocks":0,"I/O Read Time":0.0,"I/O Write Time":0.0,"Temp I/O Read Time":0.0,"Temp I/O Write Time":0.0,"Plans":[{"Node Type":"Append","Parent Relationship":"SubPlan","Subplan Name":"SubPlan 1","Parallel Aware":false,"Async Capable":false,"Startup Cost":20.0,"Total Cost":24.04,"Plan Rows":2,"Plan Width":4,"Actual Startup Time":1.008,"Actual Total Time":1.013,"Actual Rows":0,"Actual Loops":1,"Shared Hit Blocks":0,"Shared Read Blocks":0,"Shared Dirtied Blocks":0,"Shared Written Blocks":0,"Local Hit Blocks":0,"Local Read Blocks":0,"Local Dirtied Blocks":0,"Local Written Blocks":0,"Temp Read Blocks":0,"Temp Written Blocks":0,"I/O Read Time":0.0,"I/O Write Time":0.0,"Temp I/O Read Time":0.0,"Temp I/O Write Time":0.0,"Subplans Removed":0,"Plans":[{"Node Type":"Custom Scan","Parent Relationship":"Member","Custom Plan Provider":"columnar scan","Parallel Aware":false,"Async Capable":false,"Relation Name":"supplier","Schema":"public","Alias":"supplier","Startup Cost":20.0,"Total Cost":20.02,"Plan Rows":1,"Plan Width":4,"Actual Startup Time":1.007,"Actual Total Time":1.009,"Actual Rows":0,"Actual Loops":1,"Output":["supplier.su_suppkey"],"Filter":"((supplier.su_comment)::text ~~ '%bad%'::text)","Rows Removed by Filter":0,"Rows Removed by Columnar Filter":10000,"Columnar cache search mode":"native","Shared Hit Blocks":0,"Shared Read Blocks":0,"Shared Dirtied Blocks":0,"Shared Written Blocks":0,"Local Hit Blocks":0,"Local Read Blocks":0,"Local Dirtied Blocks":0,"Local Written Blocks":0,"Temp Read Blocks":0,"Temp Written Blocks":0,"I/O Read Time":0.0,"I/O Write Time":0.0,"Temp I/O Read Time":0.0,"Temp I/O Write Time":0.0},{"Node Type":"Seq Scan","Parent Relationship":"Member","Parallel Aware":false,"Async Capable":false,"Relation Name":"supplier","Schema":"public","Alias":"supplier","Startup Cost":0.0,"Total Cost":4.01,"Plan Rows":1,"Plan Width":4,"Actual Startup Time":0.0,"Actual Total Time":0.0,"Actual Rows":0,"Actual Loops":0,"Output":["supplier.su_suppkey"],"Filter":"((supplier.su_comment)::text ~~ '%bad%'::text)","Rows Removed by Filter":0,"Shared Hit Blocks":0,"Shared Read Blocks":0,"Shared Dirtied Blocks":0,"Shared Written Blocks":0,"Local Hit Blocks":0,"Local Read Blocks":0,"Local Dirtied Blocks":0,"Local Written Blocks":0,"Temp Read Blocks":0,"Temp Written Blocks":0,"I/O Read Time":0.0,"I/O Write Time":0.0,"Temp I/O Read Time":0.0,"Temp I/O Write Time":0.0}]}]},{"Node Type":"Hash","Parent Relationship":"Inner","Parallel Aware":false,"Async Capable":false,"Startup Cost":2615.0,"Total Cost":2615.0,"Plan Rows":99990,"Plan Width":74,"Actual Startup Time":37.47,"Actual Total Time":37.472,"Actual Rows":99976,"Actual Loops":1,"Output":["item.i_name","item.i_data","item.i_price","item.i_id"],"Hash Buckets":131072,"Original Hash Buckets":131072,"Hash Batches":2,"Original Hash Batches":2,"Peak Memory Usage":6334,"Shared Hit Blocks":1365,"Shared Read Blocks":0,"Shared Dirtied Blocks":0,"Shared Written Blocks":0,"Local Hit Blocks":0,"Local Read Blocks":0,"Local Dirtied Blocks":0,"Local Written Blocks":0,"Temp Read Blocks":0,"Temp Written Blocks":591,"I/O Read Time":0.0,"I/O Write Time":0.0,"Temp I/O Read Time":0.0,"Temp I/O Write Time":2.369,"Plans":[{"Node Type":"Seq Scan","Parent Relationship":"Outer","Parallel Aware":false,"Async Capable":false,"Relation Name":"item","Schema":"public","Alias":"item","Startup Cost":0.0,"Total Cost":2615.0,"Plan Rows":99990,"Plan Width":74,"Actual Startup Time":0.01,"Actual Total Time":16.957,"Actual Rows":99976,"Actual Loops":1,"Output":["item.i_name","item.i_data","item.i_price","item.i_id"],"Filter":"((item.i_data)::text !~~ 'zz%'::text)","Rows Removed by Filter":24,"Shared Hit Blocks":1365,"Shared Read Blocks":0,"Shared Dirtied Blocks":0,"Shared Written Blocks":0,"Local Hit Blocks":0,"Local Read Blocks":0,"Local Dirtied Blocks":0,"Local Written Blocks":0,"Temp Read Blocks":0,"Temp Written Blocks":0,"I/O Read Time":0.0,"I/O Write Time":0.0,"Temp I/O Read Time":0.0,"Temp I/O Write Time":0.0}]}]}]}]}]}]},"Planning":{"Shared Hit Blocks":8,"Shared Read Blocks":0,"Shared Dirtied Blocks":0,"Shared Written Blocks":0,"Local Hit Blocks":0,"Local Read Blocks":0,"Local Dirtied Blocks":0,"Local Written Blocks":0,"Temp Read Blocks":0,"Temp Written Blocks":0,"I/O Read Time":0.0,"I/O Write Time":0.0,"Temp I/O Read Time":0.0,"Temp I/O Write Time":0.0},"Planning Time":1.226,"Triggers":[],"Execution Time":60280.347}]
[列存组合]: item, stock, supplier
[{"Plan":{"Node Type":"Limit","Parallel Aware":false,"Async Capable":false,"Startup Cost":3379768.03,"Total Cost":3379770.53,"Plan Rows":1000,"Plan Width":71,"Actual Startup Time":60161.403,"Actual Total Time":60161.527,"Actual Rows":1000,"Actual Loops":1,"Output":["item.i_name","(substr((item.i_data)::text, 1, 3))","item.i_price","(count(DISTINCT mod((stock.s_w_id * stock.s_i_id), 10000)))"],"Shared Hit Blocks":54673,"Shared Read Blocks":0,"Shared Dirtied Blocks":0,"Shared Written Blocks":0,"Local Hit Blocks":0,"Local Read Blocks":0,"Local Dirtied Blocks":0,"Local Written Blocks":0,"Temp Read Blocks":430708,"Temp Written Blocks":431262,"I/O Read Time":0.0,"I/O Write Time":0.0,"Temp I/O Read Time":614.745,"Temp I/O Write Time":1182.15,"Plans":[{"Node Type":"Sort","Parent Relationship":"Outer","Parallel Aware":false,"Async Capable":false,"Startup Cost":3379768.03,"Total Cost":3380018.01,"Plan Rows":99990,"Plan Width":71,"Actual Startup Time":60161.4,"Actual Total Time":60161.456,"Actual Rows":1000,"Actual Loops":1,"Output":["item.i_name","(substr((item.i_data)::text, 1, 3))","item.i_price","(count(DISTINCT mod((stock.s_w_id * stock.s_i_id), 10000)))"],"Sort Key":["(count(DISTINCT mod((stock.s_w_id * stock.s_i_id), 10000))) DESC"],"Sort Method":"top-N heapsort","Sort Space Used":129,"Sort Space Type":"Memory","Shared Hit Blocks":54673,"Shared Read Blocks":0,"Shared Dirtied Blocks":0,"Shared Written Blocks":0,"Local Hit Blocks":0,"Local Read Blocks":0,"Local Dirtied Blocks":0,"Local Written Blocks":0,"Temp Read Blocks":430708,"Temp Written Blocks":431262,"I/O Read Time":0.0,"I/O Write Time":0.0,"Temp I/O Read Time":614.745,"Temp I/O Write Time":1182.15,"Plans":[{"Node Type":"Aggregate","Strategy":"Sorted","Partial Mode":"Simple","Parent Relationship":"Outer","Parallel Aware":false,"Async Capable":false,"Startup Cost":3198051.46,"Total Cost":3374285.69,"Plan Rows":99990,"Plan Width":71,"Actual Startup Time":49455.227,"Actual Total Time":60143.345,"Actual Rows":99976,"Actual Loops":1,"Output":["item.i_name","(substr((item.i_data)::text, 1, 3))","item.i_price","count(DISTINCT mod((stock.s_w_id * stock.s_i_id), 10000))"],"Group Key":["item.i_name","(substr((item.i_data)::text, 1, 3))","item.i_price"],"Shared Hit Blocks":54673,"Shared Read Blocks":0,"Shared Dirtied Blocks":0,"Shared Written Blocks":0,"Local Hit Blocks":0,"Local Read Blocks":0,"Local Dirtied Blocks":0,"Local Written Blocks":0,"Temp Read Blocks":430708,"Temp Written Blocks":431262,"I/O Read Time":0.0,"I/O Write Time":0.0,"Temp I/O Read Time":614.745,"Temp I/O Write Time":1182.15,"Plans":[{"Node Type":"Sort","Parent Relationship":"Outer","Parallel Aware":false,"Async Capable":false,"Startup Cost":3198051.46,"Total Cost":3223049.22,"Plan Rows":9999106,"Plan Width":69,"Actual Startup Time":49455.055,"Actual Total Time":54218.655,"Actual Rows":19995200,"Actual Loops":1,"Output":["item.i_name","(substr((item.i_data)::text, 1, 3))","item.i_price","stock.s_w_id","stock.s_i_id"],"Sort Key":["item.i_name","(substr((item.i_data)::text, 1, 3))","item.i_price"],"Sort Method":"external merge","Sort Space Used":1055800,"Sort Space Type":"Disk","Shared Hit Blocks":54673,"Shared Read Blocks":0,"Shared Dirtied Blocks":0,"Shared Written Blocks":0,"Local Hit Blocks":0,"Local Read Blocks":0,"Local Dirtied Blocks":0,"Local Written Blocks":0,"Temp Read Blocks":430708,"Temp Written Blocks":431262,"I/O Read Time":0.0,"I/O Write Time":0.0,"Temp I/O Read Time":614.745,"Temp I/O Write Time":1182.15,"Plans":[{"Node Type":"Hash Join","Parent Relationship":"Outer","Parallel Aware":false,"Async Capable":false,"Join Type":"Inner","Startup Cost":5108.09,"Total Cost":805118.02,"Plan Rows":9999106,"Plan Width":69,"Actual Startup Time":56.169,"Actual Total Time":9520.87,"Actual Rows":19995200,"Actual Loops":1,"Output":["item.i_name","substr((item.i_data)::text, 1, 3)","item.i_price","stock.s_w_id","stock.s_i_id"],"Inner Unique":true,"Hash Cond":"(stock.s_i_id = item.i_id)","Shared Hit Blocks":54673,"Shared Read Blocks":0,"Shared Dirtied Blocks":0,"Shared Written Blocks":0,"Local Hit Blocks":0,"Local Read Blocks":0,"Local Dirtied Blocks":0,"Local Written Blocks":0,"Temp Read Blocks":34793,"Temp Written Blocks":34793,"I/O Read Time":0.0,"I/O Write Time":0.0,"Temp I/O Read Time":56.09,"Temp I/O Write Time":150.477,"Plans":[{"Node Type":"Index Only Scan","Parent Relationship":"Outer","Parallel Aware":false,"Async Capable":false,"Scan Direction":"Forward","Index Name":"stock_pk","Relation Name":"stock","Schema":"public","Alias":"stock","Startup Cost":24.48,"Total Cost":669389.25,"Plan Rows":10000106,"Plan Width":6,"Actual Startup Time":1.026,"Actual Total Time":1962.431,"Actual Rows":20000000,"Actual Loops":1,"Output":["stock.s_w_id","stock.s_i_id"],"Filter":"(NOT (hashed SubPlan 1))","Rows Removed by Filter":0,"Heap Fetches":0,"Shared Hit Blocks":54673,"Shared Read Blocks":0,"Shared Dirtied Blocks":0,"Shared Written Blocks":0,"Local Hit Blocks":0,"Local Read Blocks":0,"Local Dirtied Blocks":0,"Local Written Blocks":0,"Temp Read Blocks":0,"Temp Written Blocks":0,"I/O Read Time":0.0,"I/O Write Time":0.0,"Temp I/O Read Time":0.0,"Temp I/O Write Time":0.0,"Plans":[{"Node Type":"Append","Parent Relationship":"SubPlan","Subplan Name":"SubPlan 1","Parallel Aware":false,"Async Capable":false,"Startup Cost":20.0,"Total Cost":24.04,"Plan Rows":2,"Plan Width":4,"Actual Startup Time":1.001,"Actual Total Time":1.006,"Actual Rows":0,"Actual Loops":1,"Shared Hit Blocks":0,"Shared Read Blocks":0,"Shared Dirtied Blocks":0,"Shared Written Blocks":0,"Local Hit Blocks":0,"Local Read Blocks":0,"Local Dirtied Blocks":0,"Local Written Blocks":0,"Temp Read Blocks":0,"Temp Written Blocks":0,"I/O Read Time":0.0,"I/O Write Time":0.0,"Temp I/O Read Time":0.0,"Temp I/O Write Time":0.0,"Subplans Removed":0,"Plans":[{"Node Type":"Custom Scan","Parent Relationship":"Member","Custom Plan Provider":"columnar scan","Parallel Aware":false,"Async Capable":false,"Relation Name":"supplier","Schema":"public","Alias":"supplier","Startup Cost":20.0,"Total Cost":20.02,"Plan Rows":1,"Plan Width":4,"Actual Startup Time":1.0,"Actual Total Time":1.002,"Actual Rows":0,"Actual Loops":1,"Output":["supplier.su_suppkey"],"Filter":"((supplier.su_comment)::text ~~ '%bad%'::text)","Rows Removed by Filter":0,"Rows Removed by Columnar Filter":10000,"Columnar cache search mode":"native","Shared Hit Blocks":0,"Shared Read Blocks":0,"Shared Dirtied Blocks":0,"Shared Written Blocks":0,"Local Hit Blocks":0,"Local Read Blocks":0,"Local Dirtied Blocks":0,"Local Written Blocks":0,"Temp Read Blocks":0,"Temp Written Blocks":0,"I/O Read Time":0.0,"I/O Write Time":0.0,"Temp I/O Read Time":0.0,"Temp I/O Write Time":0.0},{"Node Type":"Seq Scan","Parent Relationship":"Member","Parallel Aware":false,"Async Capable":false,"Relation Name":"supplier","Schema":"public","Alias":"supplier","Startup Cost":0.0,"Total Cost":4.01,"Plan Rows":1,"Plan Width":4,"Actual Startup Time":0.0,"Actual Total Time":0.0,"Actual Rows":0,"Actual Loops":0,"Output":["supplier.su_suppkey"],"Filter":"((supplier.su_comment)::text ~~ '%bad%'::text)","Rows Removed by Filter":0,"Shared Hit Blocks":0,"Shared Read Blocks":0,"Shared Dirtied Blocks":0,"Shared Written Blocks":0,"Local Hit Blocks":0,"Local Read Blocks":0,"Local Dirtied Blocks":0,"Local Written Blocks":0,"Temp Read Blocks":0,"Temp Written Blocks":0,"I/O Read Time":0.0,"I/O Write Time":0.0,"Temp I/O Read Time":0.0,"Temp I/O Write Time":0.0}]}]},{"Node Type":"Hash","Parent Relationship":"Inner","Parallel Aware":false,"Async Capable":false,"Startup Cost":2563.73,"Total Cost":2563.73,"Plan Rows":99991,"Plan Width":74,"Actual Startup Time":54.792,"Actual Total Time":54.799,"Actual Rows":99976,"Actual Loops":1,"Output":["item.i_name","item.i_data","item.i_price","item.i_id"],"Hash Buckets":131072,"Original Hash Buckets":131072,"Hash Batches":2,"Original Hash Batches":2,"Peak Memory Usage":6334,"Shared Hit Blocks":0,"Shared Read Blocks":0,"Shared Dirtied Blocks":0,"Shared Written Blocks":0,"Local Hit Blocks":0,"Local Read Blocks":0,"Local Dirtied Blocks":0,"Local Written Blocks":0,"Temp Read Blocks":0,"Temp Written Blocks":591,"I/O Read Time":0.0,"I/O Write Time":0.0,"Temp I/O Read Time":0.0,"Temp I/O Write Time":2.424,"Plans":[{"Node Type":"Append","Parent Relationship":"Outer","Parallel Aware":false,"Async Capable":false,"Startup Cost":20.0,"Total Cost":2563.73,"Plan Rows":99991,"Plan Width":74,"Actual Startup Time":2.214,"Actual Total Time":27.747,"Actual Rows":99976,"Actual Loops":1,"Shared Hit Blocks":0,"Shared Read Blocks":0,"Shared Dirtied Blocks":0,"Shared Written Blocks":0,"Local Hit Blocks":0,"Local Read Blocks":0,"Local Dirtied Blocks":0,"Local Written Blocks":0,"Temp Read Blocks":0,"Temp Written Blocks":0,"I/O Read Time":0.0,"I/O Write Time":0.0,"Temp I/O Read Time":0.0,"Temp I/O Write Time":0.0,"Subplans Removed":0,"Plans":[{"Node Type":"Custom Scan","Parent Relationship":"Member","Custom Plan Provider":"columnar scan","Parallel Aware":false,"Async Capable":false,"Relation Name":"item","Schema":"public","Alias":"item","Startup Cost":20.0,"Total Cost":2369.77,"Plan Rows":99990,"Plan Width":74,"Actual Startup Time":2.214,"Actual Total Time":20.293,"Actual Rows":99976,"Actual Loops":1,"Output":["item.i_name","item.i_data","item.i_price","item.i_id"],"Filter":"((item.i_data)::text !~~ 'zz%'::text)","Rows Removed by Filter":0,"Rows Removed by Columnar Filter":24,"Columnar cache search mode":"native","Shared Hit Blocks":0,"Shared Read Blocks":0,"Shared Dirtied Blocks":0,"Shared Written Blocks":0,"Local Hit Blocks":0,"Local Read Blocks":0,"Local Dirtied Blocks":0,"Local Written Blocks":0,"Temp Read Blocks":0,"Temp Written Blocks":0,"I/O Read Time":0.0,"I/O Write Time":0.0,"Temp I/O Read Time":0.0,"Temp I/O Write Time":0.0},{"Node Type":"Seq Scan","Parent Relationship":"Member","Parallel Aware":false,"Async Capable":false,"Relation Name":"item","Schema":"public","Alias":"item","Startup Cost":0.0,"Total Cost":4.01,"Plan Rows":1,"Plan Width":74,"Actual Startup Time":0.0,"Actual Total Time":0.0,"Actual Rows":0,"Actual Loops":0,"Output":["item.i_name","item.i_data","item.i_price","item.i_id"],"Filter":"((item.i_data)::text !~~ 'zz%'::text)","Rows Removed by Filter":0,"Shared Hit Blocks":0,"Shared Read Blocks":0,"Shared Dirtied Blocks":0,"Shared Written Blocks":0,"Local Hit Blocks":0,"Local Read Blocks":0,"Local Dirtied Blocks":0,"Local Written Blocks":0,"Temp Read Blocks":0,"Temp Written Blocks":0,"I/O Read Time":0.0,"I/O Write Time":0.0,"Temp I/O Read Time":0.0,"Temp I/O Write Time":0.0}]}]}]}]}]}]}]},"Planning":{"Shared Hit Blocks":8,"Shared Read Blocks":0,"Shared Dirtied Blocks":0,"Shared Written Blocks":0,"Local Hit Blocks":0,"Local Read Blocks":0,"Local Dirtied Blocks":0,"Local Written Blocks":0,"Temp Read Blocks":0,"Temp Written Blocks":0,"I/O Read Time":0.0,"I/O Write Time":0.0,"Temp I/O Read Time":0.0,"Temp I/O Write Time":0.0},"Planning Time":1.285,"Triggers":[],"Execution Time":60310.973}]
