[列存组合]: 无列存
[{"Plan":{"Node Type":"Aggregate","Strategy":"Plain","Partial Mode":"Simple","Parallel Aware":false,"Async Capable":false,"Startup Cost":3086959.35,"Total Cost":3086959.36,"Plan Rows":1,"Plan Width":32,"Actual Startup Time":18072.289,"Actual Total Time":18072.302,"Actual Rows":1,"Actual Loops":1,"Output":["(sum(order_line.ol_amount) / 2.0)"],"Shared Hit Blocks":1364861,"Shared Read Blocks":0,"Shared Dirtied Blocks":0,"Shared Written Blocks":0,"Local Hit Blocks":0,"Local Read Blocks":0,"Local Dirtied Blocks":0,"Local Written Blocks":0,"Temp Read Blocks":1294,"Temp Written Blocks":1305,"I/O Read Time":0.0,"I/O Write Time":0.0,"Temp I/O Read Time":1.991,"Temp I/O Write Time":5.678,"Plans":[{"Node Type":"Hash Join","Parent Relationship":"Outer","Parallel Aware":false,"Async Capable":false,"Join Type":"Inner","Startup Cost":1544929.11,"Total Cost":3086955.8,"Plan Rows":1418,"Plan Width":4,"Actual Startup Time":18072.284,"Actual Total Time":18072.296,"Actual Rows":0,"Actual Loops":1,"Output":["order_line.ol_amount"],"Inner Unique":true,"Hash Cond":"(order_line.ol_i_id = item.i_id)","Join Filter":"((order_line.ol_quantity)::numeric < (avg(order_line_1.ol_quantity)))","Rows Removed by Join Filter":660972,"Shared Hit Blocks":1364861,"Shared Read Blocks":0,"Shared Dirtied Blocks":0,"Shared Written Blocks":0,"Local Hit Blocks":0,"Local Read Blocks":0,"Local Dirtied Blocks":0,"Local Written Blocks":0,"Temp Read Blocks":1294,"Temp Written Blocks":1305,"I/O Read Time":0.0,"I/O Write Time":0.0,"Temp I/O Read Time":1.991,"Temp I/O Write Time":5.678,"Plans":[{"Node Type":"Seq Scan","Parent Relationship":"Outer","Parallel Aware":false,"Async Capable":false,"Relation Name":"order_line","Schema":"public","Alias":"order_line","Startup Cost":0.0,"Total Cost":1431670.8,"Plan Rows":42039468,"Plan Width":10,"Actual Startup Time":0.008,"Actual Total Time":5482.128,"Actual Rows":42000489,"Actual Loops":1,"Output":["order_line.ol_o_id","order_line.ol_d_id","order_line.ol_w_id","order_line.ol_number","order_line.ol_i_id","order_line.ol_supply_w_id","order_line.ol_delivery_d","order_line.ol_quantity","order_line.ol_amount","order_line.ol_dist_info"],"Filter":"(order_line.ol_delivery_d >= '1992-01-02 20:10:02.27764'::timestamp without time zone)","Rows Removed by Filter":17993272,"Shared Hit Blocks":681748,"Shared Read Blocks":0,"Shared Dirtied Blocks":0,"Shared Written Blocks":0,"Local Hit Blocks":0,"Local Read Blocks":0,"Local Dirtied Blocks":0,"Local Written Blocks":0,"Temp Read Blocks":0,"Temp Written Blocks":0,"I/O Read Time":0.0,"I/O Write Time":0.0,"Temp I/O Read Time":0.0,"Temp I/O Write Time":0.0},{"Node Type":"Hash","Parent Relationship":"Inner","Parallel Aware":false,"Async Capable":false,"Startup Cost":1544928.99,"Total Cost":1544928.99,"Plan Rows":10,"Plan Width":36,"Actual Startup Time":9194.799,"Actual Total Time":9194.808,"Actual Rows":1572,"Actual Loops":1,"Output":["item.i_id","(avg(order_line_1.ol_quantity))"],"Hash Buckets":2048,"Original Hash Buckets":1024,"Hash Batches":1,"Original Hash Batches":1,"Peak Memory Usage":79,"Shared Hit Blocks":683113,"Shared Read Blocks":0,"Shared Dirtied Blocks":0,"Shared Written Blocks":0,"Local Hit Blocks":0,"Local Read Blocks":0,"Local Dirtied Blocks":0,"Local Written Blocks":0,"Temp Read Blocks":1294,"Temp Written Blocks":1305,"I/O Read Time":0.0,"I/O Write Time":0.0,"Temp I/O Read Time":1.991,"Temp I/O Write Time":5.678,"Plans":[{"Node Type":"Aggregate","Strategy":"Sorted","Partial Mode":"Simple","Parent Relationship":"Outer","Parallel Aware":false,"Async Capable":false,"Startup Cost":1544897.23,"Total Cost":1544928.89,"Plan Rows":10,"Plan Width":36,"Actual Startup Time":9081.993,"Actual Total Time":9194.544,"Actual Rows":1572,"Actual Loops":1,"Output":["item.i_id","avg(order_line_1.ol_quantity)"],"Group Key":["item.i_id"],"Shared Hit Blocks":683113,"Shared Read Blocks":0,"Shared Dirtied Blocks":0,"Shared Written Blocks":0,"Local Hit Blocks":0,"Local Read Blocks":0,"Local Dirtied Blocks":0,"Local Written Blocks":0,"Temp Read Blocks":1294,"Temp Written Blocks":1305,"I/O Read Time":0.0,"I/O Write Time":0.0,"Temp I/O Read Time":1.991,"Temp I/O Write Time":5.678,"Plans":[{"Node Type":"Sort","Parent Relationship":"Outer","Parallel Aware":false,"Async Capable":false,"Startup Cost":1544897.23,"Total Cost":1544907.74,"Plan Rows":4204,"Plan Width":6,"Actual Startup Time":9081.904,"Actual Total Time":9130.1,"Actual Rows":660972,"Actual Loops":1,"Output":["item.i_id","order_line_1.ol_quantity"],"Sort Key":["item.i_id"],"Sort Method":"external merge","Sort Space Used":10352,"Sort Space Type":"Disk","Shared Hit Blocks":683113,"Shared Read Blocks":0,"Shared Dirtied Blocks":0,"Shared Written Blocks":0,"Local Hit Blocks":0,"Local Read Blocks":0,"Local Dirtied Blocks":0,"Local Written Blocks":0,"Temp Read Blocks":1294,"Temp Written Blocks":1305,"I/O Read Time":0.0,"I/O Write Time":0.0,"Temp I/O Read Time":1.991,"Temp I/O Write Time":5.678,"Plans":[{"Node Type":"Hash Join","Parent Relationship":"Outer","Parallel Aware":false,"Async Capable":false,"Join Type":"Inner","Startup Cost":2615.12,"Total Cost":1544644.2,"Plan Rows":4204,"Plan Width":6,"Actual Startup Time":13.954,"Actual Total Time":8924.621,"Actual Rows":660972,"Actual Loops":1,"Output":["item.i_id","order_line_1.ol_quantity"],"Inner Unique":true,"Hash Cond":"(order_line_1.ol_i_id = item.i_id)","Shared Hit Blocks":683113,"Shared Read Blocks":0,"Shared Dirtied Blocks":0,"Shared Written Blocks":0,"Local Hit Blocks":0,"Local Read Blocks":0,"Local Dirtied Blocks":0,"Local Written Blocks":0,"Temp Read Blocks":0,"Temp Written Blocks":0,"I/O Read Time":0.0,"I/O Write Time":0.0,"Temp I/O Read Time":0.0,"Temp I/O Write Time":0.0,"Plans":[{"Node Type":"Seq Scan","Parent Relationship":"Outer","Parallel Aware":false,"Async Capable":false,"Relation Name":"order_line","Schema":"public","Alias":"order_line_1","Startup Cost":0.0,"Total Cost":1431670.8,"Plan Rows":42039468,"Plan Width":6,"Actual Startup Time":0.002,"Actual Total Time":5506.328,"Actual Rows":42000489,"Actual Loops":1,"Output":["order_line_1.ol_o_id","order_line_1.ol_d_id","order_line_1.ol_w_id","order_line_1.ol_number","order_line_1.ol_i_id","order_line_1.ol_supply_w_id","order_line_1.ol_delivery_d","order_line_1.ol_quantity","order_line_1.ol_amount","order_line_1.ol_dist_info"],"Filter":"(order_line_1.ol_delivery_d >= '1992-01-02 20:10:02.27764'::timestamp without time zone)","Rows Removed by Filter":17993272,"Shared Hit Blocks":681748,"Shared Read Blocks":0,"Shared Dirtied Blocks":0,"Shared Written Blocks":0,"Local Hit Blocks":0,"Local Read Blocks":0,"Local Dirtied Blocks":0,"Local Written Blocks":0,"Temp Read Blocks":0,"Temp Written Blocks":0,"I/O Read Time":0.0,"I/O Write Time":0.0,"Temp I/O Read Time":0.0,"Temp I/O Write Time":0.0},{"Node Type":"Hash","Parent Relationship":"Inner","Parallel Aware":false,"Async Capable":false,"Startup Cost":2615.0,"Total Cost":2615.0,"Plan Rows":10,"Plan Width":4,"Actual Startup Time":13.937,"Actual Total Time":13.938,"Actual Rows":1572,"Actual Loops":1,"Output":["item.i_id"],"Hash Buckets":2048,"Original Hash Buckets":1024,"Hash Batches":1,"Original Hash Batches":1,"Peak Memory Usage":72,"Shared Hit Blocks":1365,"Shared Read Blocks":0,"Shared Dirtied Blocks":0,"Shared Written Blocks":0,"Local Hit Blocks":0,"Local Read Blocks":0,"Local Dirtied Blocks":0,"Local Written Blocks":0,"Temp Read Blocks":0,"Temp Written Blocks":0,"I/O Read Time":0.0,"I/O Write Time":0.0,"Temp I/O Read Time":0.0,"Temp I/O Write Time":0.0,"Plans":[{"Node Type":"Seq Scan","Parent Relationship":"Outer","Parallel Aware":false,"Async Capable":false,"Relation Name":"item","Schema":"public","Alias":"item","Startup Cost":0.0,"Total Cost":2615.0,"Plan Rows":10,"Plan Width":4,"Actual Startup Time":0.012,"Actual Total Time":13.721,"Actual Rows":1572,"Actual Loops":1,"Output":["item.i_id"],"Filter":"((item.i_data)::text ~~ '%b'::text)","Rows Removed by Filter":98428,"Shared Hit Blocks":1365,"Shared Read Blocks":0,"Shared Dirtied Blocks":0,"Shared Written Blocks":0,"Local Hit Blocks":0,"Local Read Blocks":0,"Local Dirtied Blocks":0,"Local Written Blocks":0,"Temp Read Blocks":0,"Temp Written Blocks":0,"I/O Read Time":0.0,"I/O Write Time":0.0,"Temp I/O Read Time":0.0,"Temp I/O Write Time":0.0}]}]}]}]}]}]}]},"Planning":{"Shared Hit Blocks":6,"Shared Read Blocks":0,"Shared Dirtied Blocks":0,"Shared Written Blocks":0,"Local Hit Blocks":0,"Local Read Blocks":0,"Local Dirtied Blocks":0,"Local Written Blocks":0,"Temp Read Blocks":0,"Temp Written Blocks":0,"I/O Read Time":0.0,"I/O Write Time":0.0,"Temp I/O Read Time":0.0,"Temp I/O Write Time":0.0},"Planning Time":0.288,"Triggers":[],"Execution Time":18074.274}]
[列存组合]: item
[{"Plan":{"Node Type":"Aggregate","Strategy":"Plain","Partial Mode":"Simple","Parallel Aware":false,"Async Capable":false,"Startup Cost":3084828.22,"Total Cost":3084828.24,"Plan Rows":1,"Plan Width":32,"Actual Startup Time":18117.295,"Actual Total Time":18117.309,"Actual Rows":1,"Actual Loops":1,"Output":["(sum(order_line.ol_amount) / 2.0)"],"Shared Hit Blocks":1363496,"Shared Read Blocks":0,"Shared Dirtied Blocks":0,"Shared Written Blocks":0,"Local Hit Blocks":0,"Local Read Blocks":0,"Local Dirtied Blocks":0,"Local Written Blocks":0,"Temp Read Blocks":1294,"Temp Written Blocks":1305,"I/O Read Time":0.0,"I/O Write Time":0.0,"Temp I/O Read Time":1.844,"Temp I/O Write Time":5.457,"Plans":[{"Node Type":"Hash Join","Parent Relationship":"Outer","Parallel Aware":false,"Async Capable":false,"Join Type":"Inner","Startup Cost":1542797.98,"Total Cost":3084824.68,"Plan Rows":1418,"Plan Width":4,"Actual Startup Time":18117.285,"Actual Total Time":18117.298,"Actual Rows":0,"Actual Loops":1,"Output":["order_line.ol_amount"],"Inner Unique":true,"Hash Cond":"(order_line.ol_i_id = item.i_id)","Join Filter":"((order_line.ol_quantity)::numeric < (avg(order_line_1.ol_quantity)))","Rows Removed by Join Filter":660972,"Shared Hit Blocks":1363496,"Shared Read Blocks":0,"Shared Dirtied Blocks":0,"Shared Written Blocks":0,"Local Hit Blocks":0,"Local Read Blocks":0,"Local Dirtied Blocks":0,"Local Written Blocks":0,"Temp Read Blocks":1294,"Temp Written Blocks":1305,"I/O Read Time":0.0,"I/O Write Time":0.0,"Temp I/O Read Time":1.844,"Temp I/O Write Time":5.457,"Plans":[{"Node Type":"Seq Scan","Parent Relationship":"Outer","Parallel Aware":false,"Async Capable":false,"Relation Name":"order_line","Schema":"public","Alias":"order_line","Startup Cost":0.0,"Total Cost":1431670.8,"Plan Rows":42039468,"Plan Width":10,"Actual Startup Time":0.011,"Actual Total Time":5474.559,"Actual Rows":42000489,"Actual Loops":1,"Output":["order_line.ol_o_id","order_line.ol_d_id","order_line.ol_w_id","order_line.ol_number","order_line.ol_i_id","order_line.ol_supply_w_id","order_line.ol_delivery_d","order_line.ol_quantity","order_line.ol_amount","order_line.ol_dist_info"],"Filter":"(order_line.ol_delivery_d >= '1992-01-02 20:10:02.27764'::timestamp without time zone)","Rows Removed by Filter":17993272,"Shared Hit Blocks":681748,"Shared Read Blocks":0,"Shared Dirtied Blocks":0,"Shared Written Blocks":0,"Local Hit Blocks":0,"Local Read Blocks":0,"Local Dirtied Blocks":0,"Local Written Blocks":0,"Temp Read Blocks":0,"Temp Written Blocks":0,"I/O Read Time":0.0,"I/O Write Time":0.0,"Temp I/O Read Time":0.0,"Temp I/O Write Time":0.0},{"Node Type":"Hash","Parent Relationship":"Inner","Parallel Aware":false,"Async Capable":false,"Startup Cost":1542797.86,"Total Cost":1542797.86,"Plan Rows":10,"Plan Width":36,"Actual Startup Time":9281.934,"Actual Total Time":9281.945,"Actual Rows":1572,"Actual Loops":1,"Output":["item.i_id","(avg(order_line_1.ol_quantity))"],"Hash Buckets":2048,"Original Hash Buckets":1024,"Hash Batches":1,"Original Hash Batches":1,"Peak Memory Usage":79,"Shared Hit Blocks":681748,"Shared Read Blocks":0,"Shared Dirtied Blocks":0,"Shared Written Blocks":0,"Local Hit Blocks":0,"Local Read Blocks":0,"Local Dirtied Blocks":0,"Local Written Blocks":0,"Temp Read Blocks":1294,"Temp Written Blocks":1305,"I/O Read Time":0.0,"I/O Write Time":0.0,"Temp I/O Read Time":1.844,"Temp I/O Write Time":5.457,"Plans":[{"Node Type":"Aggregate","Strategy":"Sorted","Partial Mode":"Simple","Parent Relationship":"Outer","Parallel Aware":false,"Async Capable":false,"Startup Cost":1542766.1,"Total Cost":1542797.76,"Plan Rows":10,"Plan Width":36,"Actual Startup Time":9166.767,"Actual Total Time":9281.678,"Actual Rows":1572,"Actual Loops":1,"Output":["item.i_id","avg(order_line_1.ol_quantity)"],"Group Key":["item.i_id"],"Shared Hit Blocks":681748,"Shared Read Blocks":0,"Shared Dirtied Blocks":0,"Shared Written Blocks":0,"Local Hit Blocks":0,"Local Read Blocks":0,"Local Dirtied Blocks":0,"Local Written Blocks":0,"Temp Read Blocks":1294,"Temp Written Blocks":1305,"I/O Read Time":0.0,"I/O Write Time":0.0,"Temp I/O Read Time":1.844,"Temp I/O Write Time":5.457,"Plans":[{"Node Type":"Sort","Parent Relationship":"Outer","Parallel Aware":false,"Async Capable":false,"Startup Cost":1542766.1,"Total Cost":1542776.61,"Plan Rows":4204,"Plan Width":6,"Actual Startup Time":9166.673,"Actual Total Time":9215.609,"Actual Rows":660972,"Actual Loops":1,"Output":["item.i_id","order_line_1.ol_quantity"],"Sort Key":["item.i_id"],"Sort Method":"external merge","Sort Space Used":10352,"Sort Space Type":"Disk","Shared Hit Blocks":681748,"Shared Read Blocks":0,"Shared Dirtied Blocks":0,"Shared Written Blocks":0,"Local Hit Blocks":0,"Local Read Blocks":0,"Local Dirtied Blocks":0,"Local Written Blocks":0,"Temp Read Blocks":1294,"Temp Written Blocks":1305,"I/O Read Time":0.0,"I/O Write Time":0.0,"Temp I/O Read Time":1.844,"Temp I/O Write Time":5.457,"Plans":[{"Node Type":"Hash Join","Parent Relationship":"Outer","Parallel Aware":false,"Async Capable":false,"Join Type":"Inner","Startup Cost":484.0,"Total Cost":1542513.07,"Plan Rows":4204,"Plan Width":6,"Actual Startup Time":8.469,"Actual Total Time":9009.936,"Actual Rows":660972,"Actual Loops":1,"Output":["item.i_id","order_line_1.ol_quantity"],"Inner Unique":true,"Hash Cond":"(order_line_1.ol_i_id = item.i_id)","Shared Hit Blocks":681748,"Shared Read Blocks":0,"Shared Dirtied Blocks":0,"Shared Written Blocks":0,"Local Hit Blocks":0,"Local Read Blocks":0,"Local Dirtied Blocks":0,"Local Written Blocks":0,"Temp Read Blocks":0,"Temp Written Blocks":0,"I/O Read Time":0.0,"I/O Write Time":0.0,"Temp I/O Read Time":0.0,"Temp I/O Write Time":0.0,"Plans":[{"Node Type":"Seq Scan","Parent Relationship":"Outer","Parallel Aware":false,"Async Capable":false,"Relation Name":"order_line","Schema":"public","Alias":"order_line_1","Startup Cost":0.0,"Total Cost":1431670.8,"Plan Rows":42039468,"Plan Width":6,"Actual Startup Time":0.002,"Actual Total Time":5519.336,"Actual Rows":42000489,"Actual Loops":1,"Output":["order_line_1.ol_o_id","order_line_1.ol_d_id","order_line_1.ol_w_id","order_line_1.ol_number","order_line_1.ol_i_id","order_line_1.ol_supply_w_id","order_line_1.ol_delivery_d","order_line_1.ol_quantity","order_line_1.ol_amount","order_line_1.ol_dist_info"],"Filter":"(order_line_1.ol_delivery_d >= '1992-01-02 20:10:02.27764'::timestamp without time zone)","Rows Removed by Filter":17993272,"Shared Hit Blocks":681748,"Shared Read Blocks":0,"Shared Dirtied Blocks":0,"Shared Written Blocks":0,"Local Hit Blocks":0,"Local Read Blocks":0,"Local Dirtied Blocks":0,"Local Written Blocks":0,"Temp Read Blocks":0,"Temp Written Blocks":0,"I/O Read Time":0.0,"I/O Write Time":0.0,"Temp I/O Read Time":0.0,"Temp I/O Write Time":0.0},{"Node Type":"Hash","Parent Relationship":"Inner","Parallel Aware":false,"Async Capable":false,"Startup Cost":483.86,"Total Cost":483.86,"Plan Rows":11,"Plan Width":4,"Actual Startup Time":8.45,"Actual Total Time":8.455,"Actual Rows":1572,"Actual Loops":1,"Output":["item.i_id"],"Hash Buckets":2048,"Original Hash Buckets":1024,"Hash Batches":1,"Original Hash Batches":1,"Peak Memory Usage":72,"Shared Hit Blocks":0,"Shared Read Blocks":0,"Shared Dirtied Blocks":0,"Shared Written Blocks":0,"Local Hit Blocks":0,"Local Read Blocks":0,"Local Dirtied Blocks":0,"Local Written Blocks":0,"Temp Read Blocks":0,"Temp Written Blocks":0,"I/O Read Time":0.0,"I/O Write Time":0.0,"Temp I/O Read Time":0.0,"Temp I/O Write Time":0.0,"Plans":[{"Node Type":"Append","Parent Relationship":"Outer","Parallel Aware":false,"Async Capable":false,"Startup Cost":20.0,"Total Cost":483.86,"Plan Rows":11,"Plan Width":4,"Actual Startup Time":7.177,"Actual Total Time":8.264,"Actual Rows":1572,"Actual Loops":1,"Shared Hit Blocks":0,"Shared Read Blocks":0,"Shared Dirtied Blocks":0,"Shared Written Blocks":0,"Local Hit Blocks":0,"Local Read Blocks":0,"Local Dirtied Blocks":0,"Local Written Blocks":0,"Temp Read Blocks":0,"Temp Written Blocks":0,"I/O Read Time":0.0,"I/O Write Time":0.0,"Temp I/O Read Time":0.0,"Temp I/O Write Time":0.0,"Subplans Removed":0,"Plans":[{"Node Type":"Custom Scan","Parent Relationship":"Member","Custom Plan Provider":"columnar scan","Parallel Aware":false,"Async Capable":false,"Relation Name":"item","Schema":"public","Alias":"item","Startup Cost":20.0,"Total Cost":20.18,"Plan Rows":10,"Plan Width":4,"Actual Startup Time":7.176,"Actual Total Time":8.145,"Actual Rows":1572,"Actual Loops":1,"Output":["item.i_id"],"Filter":"((item.i_data)::text ~~ '%b'::text)","Rows Removed by Filter":0,"Rows Removed by Columnar Filter":98428,"Columnar cache search mode":"native","Shared Hit Blocks":0,"Shared Read Blocks":0,"Shared Dirtied Blocks":0,"Shared Written Blocks":0,"Local Hit Blocks":0,"Local Read Blocks":0,"Local Dirtied Blocks":0,"Local Written Blocks":0,"Temp Read Blocks":0,"Temp Written Blocks":0,"I/O Read Time":0.0,"I/O Write Time":0.0,"Temp I/O Read Time":0.0,"Temp I/O Write Time":0.0},{"Node Type":"Seq Scan","Parent Relationship":"Member","Parallel Aware":false,"Async Capable":false,"Relation Name":"item","Schema":"public","Alias":"item","Startup Cost":0.0,"Total Cost":4.01,"Plan Rows":1,"Plan Width":4,"Actual Startup Time":0.0,"Actual Total Time":0.0,"Actual Rows":0,"Actual Loops":0,"Output":["item.i_id"],"Filter":"((item.i_data)::text ~~ '%b'::text)","Rows Removed by Filter":0,"Shared Hit Blocks":0,"Shared Read Blocks":0,"Shared Dirtied Blocks":0,"Shared Written Blocks":0,"Local Hit Blocks":0,"Local Read Blocks":0,"Local Dirtied Blocks":0,"Local Written Blocks":0,"Temp Read Blocks":0,"Temp Written Blocks":0,"I/O Read Time":0.0,"I/O Write Time":0.0,"Temp I/O Read Time":0.0,"Temp I/O Write Time":0.0}]}]}]}]}]}]}]}]},"Planning":{"Shared Hit Blocks":6,"Shared Read Blocks":0,"Shared Dirtied Blocks":0,"Shared Written Blocks":0,"Local Hit Blocks":0,"Local Read Blocks":0,"Local Dirtied Blocks":0,"Local Written Blocks":0,"Temp Read Blocks":0,"Temp Written Blocks":0,"I/O Read Time":0.0,"I/O Write Time":0.0,"Temp I/O Read Time":0.0,"Temp I/O Write Time":0.0},"Planning Time":0.352,"Triggers":[],"Execution Time":18119.451}]
[列存组合]: order_line
[{"Plan":{"Node Type":"Aggregate","Strategy":"Plain","Partial Mode":"Simple","Parallel Aware":false,"Async Capable":false,"Startup Cost":1947285.54,"Total Cost":1947285.55,"Plan Rows":1,"Plan Width":32,"Actual Startup Time":2799.739,"Actual Total Time":2799.755,"Actual Rows":1,"Actual Loops":1,"Output":["(sum(order_line.ol_amount) / 2.0)"],"Shared Hit Blocks":1365,"Shared Read Blocks":0,"Shared Dirtied Blocks":0,"Shared Written Blocks":0,"Local Hit Blocks":0,"Local Read Blocks":0,"Local Dirtied Blocks":0,"Local Written Blocks":0,"Temp Read Blocks":1294,"Temp Written Blocks":1305,"I/O Read Time":0.0,"I/O Write Time":0.0,"Temp I/O Read Time":1.985,"Temp I/O Write Time":6.015,"Plans":[{"Node Type":"Hash Join","Parent Relationship":"Outer","Parallel Aware":false,"Async Capable":false,"Join Type":"Inner","Startup Cost":933072.78,"Total Cost":1947281.99,"Plan Rows":1418,"Plan Width":4,"Actual Startup Time":2799.731,"Actual Total Time":2799.746,"Actual Rows":0,"Actual Loops":1,"Output":["order_line.ol_amount"],"Inner Unique":true,"Hash Cond":"(order_line.ol_i_id = item.i_id)","Join Filter":"((order_line.ol_quantity)::numeric < (avg(order_line_1.ol_quantity)))","Rows Removed by Join Filter":660972,"Shared Hit Blocks":1365,"Shared Read Blocks":0,"Shared Dirtied Blocks":0,"Shared Written Blocks":0,"Local Hit Blocks":0,"Local Read Blocks":0,"Local Dirtied Blocks":0,"Local Written Blocks":0,"Temp Read Blocks":1294,"Temp Written Blocks":1305,"I/O Read Time":0.0,"I/O Write Time":0.0,"Temp I/O Read Time":1.985,"Temp I/O Write Time":6.015,"Plans":[{"Node Type":"Append","Parent Relationship":"Outer","Parallel Aware":false,"Async Capable":false,"Startup Cost":20.0,"Total Cost":903873.32,"Plan Rows":42039468,"Plan Width":10,"Actual Startup Time":5.703,"Actual Total Time":1138.79,"Actual Rows":660972,"Actual Loops":1,"Shared Hit Blocks":0,"Shared Read Blocks":0,"Shared Dirtied Blocks":0,"Shared Written Blocks":0,"Local Hit Blocks":0,"Local Read Blocks":0,"Local Dirtied Blocks":0,"Local Written Blocks":0,"Temp Read Blocks":0,"Temp Written Blocks":0,"I/O Read Time":0.0,"I/O Write Time":0.0,"Temp I/O Read Time":0.0,"Temp I/O Write Time":0.0,"Subplans Removed":0,"Plans":[{"Node Type":"Custom Scan","Parent Relationship":"Member","Custom Plan Provider":"columnar scan","Parallel Aware":false,"Async Capable":false,"Relation Name":"order_line","Schema":"public","Alias":"order_line","Startup Cost":20.0,"Total Cost":903868.53,"Plan Rows":42039424,"Plan Width":10,"Actual Startup Time":5.701,"Actual Total Time":1090.996,"Actual Rows":660972,"Actual Loops":1,"Output":["order_line.ol_amount","order_line.ol_i_id","order_line.ol_quantity"],"Filter":"(order_line.ol_delivery_d >= '1992-01-02 20:10:02.27764'::timestamp without time zone)","Rows Removed by Filter":0,"Rows Removed by Columnar Filter":59332789,"Rows Filtered by Bloom Filter":0,"Dictionary Rows Filtered by Bloom Filter":59050515,"Columnar cache search mode":"native","Shared Hit Blocks":0,"Shared Read Blocks":0,"Shared Dirtied Blocks":0,"Shared Written Blocks":0,"Local Hit Blocks":0,"Local Read Blocks":0,"Local Dirtied Blocks":0,"Local Written Blocks":0,"Temp Read Blocks":0,"Temp Written Blocks":0,"I/O Read Time":0.0,"I/O Write Time":0.0,"Temp I/O Read Time":0.0,"Temp I/O Write Time":0.0},{"Node Type":"Seq Scan","Parent Relationship":"Member","Parallel Aware":false,"Async Capable":false,"Relation Name":"order_line","Schema":"public","Alias":"order_line","Startup Cost":0.0,"Total Cost":4.79,"Plan Rows":44,"Plan Width":10,"Actual Startup Time":0.0,"Actual Total Time":0.0,"Actual Rows":0,"Actual Loops":0,"Output":["order_line.ol_amount","order_line.ol_i_id","order_line.ol_quantity"],"Filter":"(order_line.ol_delivery_d >= '1992-01-02 20:10:02.27764'::timestamp without time zone)","Rows Removed by Filter":0,"Shared Hit Blocks":0,"Shared Read Blocks":0,"Shared Dirtied Blocks":0,"Shared Written Blocks":0,"Local Hit Blocks":0,"Local Read Blocks":0,"Local Dirtied Blocks":0,"Local Written Blocks":0,"Temp Read Blocks":0,"Temp Written Blocks":0,"I/O Read Time":0.0,"I/O Write Time":0.0,"Temp I/O Read Time":0.0,"Temp I/O Write Time":0.0}]},{"Node Type":"Hash","Parent Relationship":"Inner","Parallel Aware":false,"Async Capable":false,"Startup Cost":933052.66,"Total Cost":933052.66,"Plan Rows":10,"Plan Width":36,"Actual Startup Time":1506.221,"Actual Total Time":1506.233,"Actual Rows":1572,"Actual Loops":1,"Output":["item.i_id","(avg(order_line_1.ol_quantity))"],"Hash Buckets":2048,"Original Hash Buckets":1024,"Hash Batches":1,"Original Hash Batches":1,"Peak Memory Usage":79,"Shared Hit Blocks":1365,"Shared Read Blocks":0,"Shared Dirtied Blocks":0,"Shared Written Blocks":0,"Local Hit Blocks":0,"Local Read Blocks":0,"Local Dirtied Blocks":0,"Local Written Blocks":0,"Temp Read Blocks":1294,"Temp Written Blocks":1305,"I/O Read Time":0.0,"I/O Write Time":0.0,"Temp I/O Read Time":1.985,"Temp I/O Write Time":6.015,"Plans":[{"Node Type":"Aggregate","Strategy":"Sorted","Partial Mode":"Simple","Parent Relationship":"Outer","Parallel Aware":false,"Async Capable":false,"Startup Cost":933020.9,"Total Cost":933052.56,"Plan Rows":10,"Plan Width":36,"Actual Startup Time":1392.628,"Actual Total Time":1505.465,"Actual Rows":1572,"Actual Loops":1,"Output":["item.i_id","avg(order_line_1.ol_quantity)"],"Group Key":["item.i_id"],"Shared Hit Blocks":1365,"Shared Read Blocks":0,"Shared Dirtied Blocks":0,"Shared Written Blocks":0,"Local Hit Blocks":0,"Local Read Blocks":0,"Local Dirtied Blocks":0,"Local Written Blocks":0,"Temp Read Blocks":1294,"Temp Written Blocks":1305,"I/O Read Time":0.0,"I/O Write Time":0.0,"Temp I/O Read Time":1.985,"Temp I/O Write Time":6.015,"Plans":[{"Node Type":"Sort","Parent Relationship":"Outer","Parallel Aware":false,"Async Capable":false,"Startup Cost":933020.9,"Total Cost":933031.41,"Plan Rows":4204,"Plan Width":6,"Actual Startup Time":1392.538,"Actual Total Time":1440.76,"Actual Rows":660972,"Actual Loops":1,"Output":["item.i_id","order_line_1.ol_quantity"],"Sort Key":["item.i_id"],"Sort Method":"external merge","Sort Space Used":10352,"Sort Space Type":"Disk","Shared Hit Blocks":1365,"Shared Read Blocks":0,"Shared Dirtied Blocks":0,"Shared Written Blocks":0,"Local Hit Blocks":0,"Local Read Blocks":0,"Local Dirtied Blocks":0,"Local Written Blocks":0,"Temp Read Blocks":1294,"Temp Written Blocks":1305,"I/O Read Time":0.0,"I/O Write Time":0.0,"Temp I/O Read Time":1.985,"Temp I/O Write Time":6.015,"Plans":[{"Node Type":"Hash Join","Parent Relationship":"Outer","Parallel Aware":false,"Async Capable":false,"Join Type":"Inner","Startup Cost":2635.12,"Total Cost":932767.87,"Plan Rows":4204,"Plan Width":6,"Actual Startup Time":21.19,"Actual Total Time":1259.99,"Actual Rows":660972,"Actual Loops":1,"Output":["item.i_id","order_line_1.ol_quantity"],"Inner Unique":true,"Hash Cond":"(order_line_1.ol_i_id = item.i_id)","Shared Hit Blocks":1365,"Shared Read Blocks":0,"Shared Dirtied Blocks":0,"Shared Written Blocks":0,"Local Hit Blocks":0,"Local Read Blocks":0,"Local Dirtied Blocks":0,"Local Written Blocks":0,"Temp Read Blocks":0,"Temp Written Blocks":0,"I/O Read Time":0.0,"I/O Write Time":0.0,"Temp I/O Read Time":0.0,"Temp I/O Write Time":0.0,"Plans":[{"Node Type":"Append","Parent Relationship":"Outer","Parallel Aware":false,"Async Capable":false,"Startup Cost":20.0,"Total Cost":819794.47,"Plan Rows":42039468,"Plan Width":6,"Actual Startup Time":5.678,"Actual Total Time":1128.916,"Actual Rows":660972,"Actual Loops":1,"Shared Hit Blocks":0,"Shared Read Blocks":0,"Shared Dirtied Blocks":0,"Shared Written Blocks":0,"Local Hit Blocks":0,"Local Read Blocks":0,"Local Dirtied Blocks":0,"Local Written Blocks":0,"Temp Read Blocks":0,"Temp Written Blocks":0,"I/O Read Time":0.0,"I/O Write Time":0.0,"Temp I/O Read Time":0.0,"Temp I/O Write Time":0.0,"Subplans Removed":0,"Plans":[{"Node Type":"Custom Scan","Parent Relationship":"Member","Custom Plan Provider":"columnar scan","Parallel Aware":false,"Async Capable":false,"Relation Name":"order_line","Schema":"public","Alias":"order_line_1","Startup Cost":20.0,"Total Cost":819789.68,"Plan Rows":42039424,"Plan Width":6,"Actual Startup Time":5.677,"Actual Total Time":1082.651,"Actual Rows":660972,"Actual Loops":1,"Output":["order_line_1.ol_quantity","order_line_1.ol_i_id"],"Filter":"(order_line_1.ol_delivery_d >= '1992-01-02 20:10:02.27764'::timestamp without time zone)","Rows Removed by Filter":0,"Rows Removed by Columnar Filter":59332789,"Rows Filtered by Bloom Filter":0,"Dictionary Rows Filtered by Bloom Filter":59050515,"Columnar cache search mode":"native","Shared Hit Blocks":0,"Shared Read Blocks":0,"Shared Dirtied Blocks":0,"Shared Written Blocks":0,"Local Hit Blocks":0,"Local Read Blocks":0,"Local Dirtied Blocks":0,"Local Written Blocks":0,"Temp Read Blocks":0,"Temp Written Blocks":0,"I/O Read Time":0.0,"I/O Write Time":0.0,"Temp I/O Read Time":0.0,"Temp I/O Write Time":0.0},{"Node Type":"Seq Scan","Parent Relationship":"Member","Parallel Aware":false,"Async Capable":false,"Relation Name":"order_line","Schema":"public","Alias":"order_line_1","Startup Cost":0.0,"Total Cost":4.79,"Plan Rows":44,"Plan Width":6,"Actual Startup Time":0.0,"Actual Total Time":0.0,"Actual Rows":0,"Actual Loops":0,"Output":["order_line_1.ol_quantity","order_line_1.ol_i_id"],"Filter":"(order_line_1.ol_delivery_d >= '1992-01-02 20:10:02.27764'::timestamp without time zone)","Rows Removed by Filter":0,"Shared Hit Blocks":0,"Shared Read Blocks":0,"Shared Dirtied Blocks":0,"Shared Written Blocks":0,"Local Hit Blocks":0,"Local Read Blocks":0,"Local Dirtied Blocks":0,"Local Written Blocks":0,"Temp Read Blocks":0,"Temp Written Blocks":0,"I/O Read Time":0.0,"I/O Write Time":0.0,"Temp I/O Read Time":0.0,"Temp I/O Write Time":0.0}]},{"Node Type":"Hash","Parent Relationship":"Inner","Parallel Aware":false,"Async Capable":false,"Startup Cost":2615.0,"Total Cost":2615.0,"Plan Rows":10,"Plan Width":4,"Actual Startup Time":15.137,"Actual Total Time":15.139,"Actual Rows":1572,"Actual Loops":1,"Output":["item.i_id"],"Hash Buckets":2048,"Original Hash Buckets":1024,"Hash Batches":1,"Original Hash Batches":1,"Peak Memory Usage":72,"Shared Hit Blocks":1365,"Shared Read Blocks":0,"Shared Dirtied Blocks":0,"Shared Written Blocks":0,"Local Hit Blocks":0,"Local Read Blocks":0,"Local Dirtied Blocks":0,"Local Written Blocks":0,"Temp Read Blocks":0,"Temp Written Blocks":0,"I/O Read Time":0.0,"I/O Write Time":0.0,"Temp I/O Read Time":0.0,"Temp I/O Write Time":0.0,"Plans":[{"Node Type":"Seq Scan","Parent Relationship":"Outer","Parallel Aware":false,"Async Capable":false,"Relation Name":"item","Schema":"public","Alias":"item","Startup Cost":0.0,"Total Cost":2615.0,"Plan Rows":10,"Plan Width":4,"Actual Startup Time":0.021,"Actual Total Time":14.659,"Actual Rows":1572,"Actual Loops":1,"Output":["item.i_id"],"Filter":"((item.i_data)::text ~~ '%b'::text)","Rows Removed by Filter":98428,"Shared Hit Blocks":1365,"Shared Read Blocks":0,"Shared Dirtied Blocks":0,"Shared Written Blocks":0,"Local Hit Blocks":0,"Local Read Blocks":0,"Local Dirtied Blocks":0,"Local Written Blocks":0,"Temp Read Blocks":0,"Temp Written Blocks":0,"I/O Read Time":0.0,"I/O Write Time":0.0,"Temp I/O Read Time":0.0,"Temp I/O Write Time":0.0}]}]}]}]}]}]}]},"Planning":{"Shared Hit Blocks":6,"Shared Read Blocks":0,"Shared Dirtied Blocks":0,"Shared Written Blocks":0,"Local Hit Blocks":0,"Local Read Blocks":0,"Local Dirtied Blocks":0,"Local Written Blocks":0,"Temp Read Blocks":0,"Temp Written Blocks":0,"I/O Read Time":0.0,"I/O Write Time":0.0,"Temp I/O Read Time":0.0,"Temp I/O Write Time":0.0},"Planning Time":1.04,"Triggers":[],"Execution Time":2801.784}]
[列存组合]: item, order_line
[{"Plan":{"Node Type":"Aggregate","Strategy":"Plain","Partial Mode":"Simple","Parallel Aware":false,"Async Capable":false,"Startup Cost":1108203.78,"Total Cost":1108203.8,"Plan Rows":1,"Plan Width":32,"Actual Startup Time":2028.047,"Actual Total Time":2028.055,"Actual Rows":1,"Actual Loops":1,"Output":["(sum(order_line.ol_amount) / 2.0)"],"Shared Hit Blocks":0,"Shared Read Blocks":0,"Shared Dirtied Blocks":0,"Shared Written Blocks":0,"Local Hit Blocks":0,"Local Read Blocks":0,"Local Dirtied Blocks":0,"Local Written Blocks":0,"Temp Read Blocks":1294,"Temp Written Blocks":1305,"I/O Read Time":0.0,"I/O Write Time":0.0,"Temp I/O Read Time":1.807,"Temp I/O Write Time":7.107,"Plans":[{"Node Type":"Hash Join","Parent Relationship":"Outer","Parallel Aware":false,"Async Capable":false,"Join Type":"Inner","Startup Cost":93991.02,"Total Cost":1108200.24,"Plan Rows":1418,"Plan Width":4,"Actual Startup Time":2028.042,"Actual Total Time":2028.048,"Actual Rows":0,"Actual Loops":1,"Output":["order_line.ol_amount"],"Hash Cond":"(order_line.ol_i_id = item.i_id)","Join Filter":"((order_line.ol_quantity)::numeric < (avg(order_line_1.ol_quantity)))","Rows Removed by Join Filter":660972,"Shared Hit Blocks":0,"Shared Read Blocks":0,"Shared Dirtied Blocks":0,"Shared Written Blocks":0,"Local Hit Blocks":0,"Local Read Blocks":0,"Local Dirtied Blocks":0,"Local Written Blocks":0,"Temp Read Blocks":1294,"Temp Written Blocks":1305,"I/O Read Time":0.0,"I/O Write Time":0.0,"Temp I/O Read Time":1.807,"Temp I/O Write Time":7.107,"Plans":[{"Node Type":"Append","Parent Relationship":"Outer","Parallel Aware":false,"Async Capable":false,"Startup Cost":20.0,"Total Cost":903873.32,"Plan Rows":42039468,"Plan Width":10,"Actual Startup Time":5.622,"Actual Total Time":1137.885,"Actual Rows":660972,"Actual Loops":1,"Shared Hit Blocks":0,"Shared Read Blocks":0,"Shared Dirtied Blocks":0,"Shared Written Blocks":0,"Local Hit Blocks":0,"Local Read Blocks":0,"Local Dirtied Blocks":0,"Local Written Blocks":0,"Temp Read Blocks":0,"Temp Written Blocks":0,"I/O Read Time":0.0,"I/O Write Time":0.0,"Temp I/O Read Time":0.0,"Temp I/O Write Time":0.0,"Subplans Removed":0,"Plans":[{"Node Type":"Custom Scan","Parent Relationship":"Member","Custom Plan Provider":"columnar scan","Parallel Aware":false,"Async Capable":false,"Relation Name":"order_line","Schema":"public","Alias":"order_line","Startup Cost":20.0,"Total Cost":903868.53,"Plan Rows":42039424,"Plan Width":10,"Actual Startup Time":5.621,"Actual Total Time":1088.049,"Actual Rows":660972,"Actual Loops":1,"Output":["order_line.ol_amount","order_line.ol_i_id","order_line.ol_quantity"],"Filter":"(order_line.ol_delivery_d >= '1992-01-02 20:10:02.27764'::timestamp without time zone)","Rows Removed by Filter":0,"Rows Removed by Columnar Filter":59332789,"Rows Filtered by Bloom Filter":0,"Dictionary Rows Filtered by Bloom Filter":59050515,"Columnar cache search mode":"native","Shared Hit Blocks":0,"Shared Read Blocks":0,"Shared Dirtied Blocks":0,"Shared Written Blocks":0,"Local Hit Blocks":0,"Local Read Blocks":0,"Local Dirtied Blocks":0,"Local Written Blocks":0,"Temp Read Blocks":0,"Temp Written Blocks":0,"I/O Read Time":0.0,"I/O Write Time":0.0,"Temp I/O Read Time":0.0,"Temp I/O Write Time":0.0},{"Node Type":"Seq Scan","Parent Relationship":"Member","Parallel Aware":false,"Async Capable":false,"Relation Name":"order_line","Schema":"public","Alias":"order_line","Startup Cost":0.0,"Total Cost":4.79,"Plan Rows":44,"Plan Width":10,"Actual Startup Time":0.0,"Actual Total Time":0.0,"Actual Rows":0,"Actual Loops":0,"Output":["order_line.ol_amount","order_line.ol_i_id","order_line.ol_quantity"],"Filter":"(order_line.ol_delivery_d >= '1992-01-02 20:10:02.27764'::timestamp without time zone)","Rows Removed by Filter":0,"Shared Hit Blocks":0,"Shared Read Blocks":0,"Shared Dirtied Blocks":0,"Shared Written Blocks":0,"Local Hit Blocks":0,"Local Read Blocks":0,"Local Dirtied Blocks":0,"Local Written Blocks":0,"Temp Read Blocks":0,"Temp Written Blocks":0,"I/O Read Time":0.0,"I/O Write Time":0.0,"Temp I/O Read Time":0.0,"Temp I/O Write Time":0.0}]},{"Node Type":"Hash","Parent Relationship":"Inner","Parallel Aware":false,"Async Capable":false,"Startup Cost":93970.9,"Total Cost":93970.9,"Plan Rows":10,"Plan Width":36,"Actual Startup Time":735.0,"Actual Total Time":735.005,"Actual Rows":1572,"Actual Loops":1,"Output":["item.i_id","(avg(order_line_1.ol_quantity))"],"Hash Buckets":2048,"Original Hash Buckets":1024,"Hash Batches":1,"Original Hash Batches":1,"Peak Memory Usage":79,"Shared Hit Blocks":0,"Shared Read Blocks":0,"Shared Dirtied Blocks":0,"Shared Written Blocks":0,"Local Hit Blocks":0,"Local Read Blocks":0,"Local Dirtied Blocks":0,"Local Written Blocks":0,"Temp Read Blocks":1294,"Temp Written Blocks":1305,"I/O Read Time":0.0,"I/O Write Time":0.0,"Temp I/O Read Time":1.807,"Temp I/O Write Time":7.107,"Plans":[{"Node Type":"Aggregate","Strategy":"Sorted","Partial Mode":"Simple","Parent Relationship":"Outer","Parallel Aware":false,"Async Capable":false,"Startup Cost":93939.14,"Total Cost":93970.8,"Plan Rows":10,"Plan Width":36,"Actual Startup Time":608.628,"Actual Total Time":734.417,"Actual Rows":1572,"Actual Loops":1,"Output":["item.i_id","avg(order_line_1.ol_quantity)"],"Group Key":["item.i_id"],"Shared Hit Blocks":0,"Shared Read Blocks":0,"Shared Dirtied Blocks":0,"Shared Written Blocks":0,"Local Hit Blocks":0,"Local Read Blocks":0,"Local Dirtied Blocks":0,"Local Written Blocks":0,"Temp Read Blocks":1294,"Temp Written Blocks":1305,"I/O Read Time":0.0,"I/O Write Time":0.0,"Temp I/O Read Time":1.807,"Temp I/O Write Time":7.107,"Plans":[{"Node Type":"Sort","Parent Relationship":"Outer","Parallel Aware":false,"Async Capable":false,"Startup Cost":93939.14,"Total Cost":93949.65,"Plan Rows":4204,"Plan Width":6,"Actual Startup Time":608.486,"Actual Total Time":661.139,"Actual Rows":660972,"Actual Loops":1,"Output":["item.i_id","order_line_1.ol_quantity"],"Sort Key":["item.i_id"],"Sort Method":"external merge","Sort Space Used":10352,"Sort Space Type":"Disk","Shared Hit Blocks":0,"Shared Read Blocks":0,"Shared Dirtied Blocks":0,"Shared Written Blocks":0,"Local Hit Blocks":0,"Local Read Blocks":0,"Local Dirtied Blocks":0,"Local Written Blocks":0,"Temp Read Blocks":1294,"Temp Written Blocks":1305,"I/O Read Time":0.0,"I/O Write Time":0.0,"Temp I/O Read Time":1.807,"Temp I/O Write Time":7.107,"Plans":[{"Node Type":"Hash Join","Parent Relationship":"Outer","Parallel Aware":false,"Async Capable":false,"Join Type":"Inner","Startup Cost":44.04,"Total Cost":93686.11,"Plan Rows":4204,"Plan Width":6,"Actual Startup Time":97.839,"Actual Total Time":446.975,"Actual Rows":660972,"Actual Loops":1,"Output":["item.i_id","order_line_1.ol_quantity"],"Hash Cond":"(order_line_1.ol_i_id = item.i_id)","Rows Removed by Bloom Filter":256880049,"Shared Hit Blocks":0,"Shared Read Blocks":0,"Shared Dirtied Blocks":0,"Shared Written Blocks":0,"Local Hit Blocks":0,"Local Read Blocks":0,"Local Dirtied Blocks":0,"Local Written Blocks":0,"Temp Read Blocks":0,"Temp Written Blocks":0,"I/O Read Time":0.0,"I/O Write Time":0.0,"Temp I/O Read Time":0.0,"Temp I/O Write Time":0.0,"Plans":[{"Node Type":"Append","Parent Relationship":"Outer","Parallel Aware":false,"Async Capable":false,"Startup Cost":20.0,"Total Cost":819794.47,"Plan Rows":42039468,"Plan Width":6,"Actual Startup Time":15.729,"Actual Total Time":15.73,"Actual Rows":42000489,"Actual Loops":1,"Shared Hit Blocks":0,"Shared Read Blocks":0,"Shared Dirtied Blocks":0,"Shared Written Blocks":0,"Local Hit Blocks":0,"Local Read Blocks":0,"Local Dirtied Blocks":0,"Local Written Blocks":0,"Temp Read Blocks":0,"Temp Written Blocks":0,"I/O Read Time":0.0,"I/O Write Time":0.0,"Temp I/O Read Time":0.0,"Temp I/O Write Time":0.0,"Subplans Removed":0,"Plans":[{"Node Type":"Custom Scan","Parent Relationship":"Member","Custom Plan Provider":"columnar scan","Parallel Aware":false,"Async Capable":false,"Relation Name":"order_line","Schema":"public","Alias":"order_line_1","Startup Cost":20.0,"Total Cost":819789.68,"Plan Rows":42039424,"Plan Width":6,"Actual Startup Time":15.726,"Actual Total Time":15.727,"Actual Rows":42000489,"Actual Loops":1,"Output":["order_line_1.ol_quantity","order_line_1.ol_i_id"],"Filter":"(order_line_1.ol_delivery_d >= '1992-01-02 20:10:02.27764'::timestamp without time zone)","Rows Removed by Filter":0,"Rows Removed by Columnar Filter":17993272,"Columnar cache search mode":"native","Shared Hit Blocks":0,"Shared Read Blocks":0,"Shared Dirtied Blocks":0,"Shared Written Blocks":0,"Local Hit Blocks":0,"Local Read Blocks":0,"Local Dirtied Blocks":0,"Local Written Blocks":0,"Temp Read Blocks":0,"Temp Written Blocks":0,"I/O Read Time":0.0,"I/O Write Time":0.0,"Temp I/O Read Time":0.0,"Temp I/O Write Time":0.0},{"Node Type":"Seq Scan","Parent Relationship":"Member","Parallel Aware":false,"Async Capable":false,"Relation Name":"order_line","Schema":"public","Alias":"order_line_1","Startup Cost":0.0,"Total Cost":4.79,"Plan Rows":44,"Plan Width":6,"Actual Startup Time":0.0,"Actual Total Time":0.0,"Actual Rows":0,"Actual Loops":0,"Output":["order_line_1.ol_quantity","order_line_1.ol_i_id"],"Filter":"(order_line_1.ol_delivery_d >= '1992-01-02 20:10:02.27764'::timestamp without time zone)","Rows Removed by Filter":0,"Shared Hit Blocks":0,"Shared Read Blocks":0,"Shared Dirtied Blocks":0,"Shared Written Blocks":0,"Local Hit Blocks":0,"Local Read Blocks":0,"Local Dirtied Blocks":0,"Local Written Blocks":0,"Temp Read Blocks":0,"Temp Written Blocks":0,"I/O Read Time":0.0,"I/O Write Time":0.0,"Temp I/O Read Time":0.0,"Temp I/O Write Time":0.0}]},{"Node Type":"Hash","Parent Relationship":"Inner","Parallel Aware":false,"Async Capable":false,"Startup Cost":24.19,"Total Cost":24.19,"Plan Rows":11,"Plan Width":4,"Actual Rows":1572,"Actual Loops":1,"Output":["item.i_id"],"Shared Hit Blocks":0,"Shared Read Blocks":0,"Shared Dirtied Blocks":0,"Shared Written Blocks":0,"Local Hit Blocks":0,"Local Read Blocks":0,"Local Dirtied Blocks":0,"Local Written Blocks":0,"Temp Read Blocks":0,"Temp Written Blocks":0,"I/O Read Time":0.0,"I/O Write Time":0.0,"Temp I/O Read Time":0.0,"Temp I/O Write Time":0.0,"Plans":[{"Node Type":"Append","Parent Relationship":"Outer","Parallel Aware":false,"Async Capable":false,"Startup Cost":20.0,"Total Cost":24.19,"Plan Rows":11,"Plan Width":4,"Actual Startup Time":7.379,"Actual Total Time":7.38,"Actual Rows":1572,"Actual Loops":1,"Shared Hit Blocks":0,"Shared Read Blocks":0,"Shared Dirtied Blocks":0,"Shared Written Blocks":0,"Local Hit Blocks":0,"Local Read Blocks":0,"Local Dirtied Blocks":0,"Local Written Blocks":0,"Temp Read Blocks":0,"Temp Written Blocks":0,"I/O Read Time":0.0,"I/O Write Time":0.0,"Temp I/O Read Time":0.0,"Temp I/O Write Time":0.0,"Subplans Removed":0,"Plans":[{"Node Type":"Custom Scan","Parent Relationship":"Member","Custom Plan Provider":"columnar scan","Parallel Aware":false,"Async Capable":false,"Relation Name":"item","Schema":"public","Alias":"item","Startup Cost":20.0,"Total Cost":20.18,"Plan Rows":10,"Plan Width":4,"Actual Startup Time":7.376,"Actual Total Time":7.376,"Actual Rows":1572,"Actual Loops":1,"Output":["item.i_id"],"Filter":"((item.i_data)::text ~~ '%b'::text)","Rows Removed by Filter":0,"Rows Removed by Columnar Filter":98428,"Columnar cache search mode":"native","Shared Hit Blocks":0,"Shared Read Blocks":0,"Shared Dirtied Blocks":0,"Shared Written Blocks":0,"Local Hit Blocks":0,"Local Read Blocks":0,"Local Dirtied Blocks":0,"Local Written Blocks":0,"Temp Read Blocks":0,"Temp Written Blocks":0,"I/O Read Time":0.0,"I/O Write Time":0.0,"Temp I/O Read Time":0.0,"Temp I/O Write Time":0.0},{"Node Type":"Seq Scan","Parent Relationship":"Member","Parallel Aware":false,"Async Capable":false,"Relation Name":"item","Schema":"public","Alias":"item","Startup Cost":0.0,"Total Cost":4.01,"Plan Rows":1,"Plan Width":4,"Actual Startup Time":0.0,"Actual Total Time":0.0,"Actual Rows":0,"Actual Loops":0,"Output":["item.i_id"],"Filter":"((item.i_data)::text ~~ '%b'::text)","Rows Removed by Filter":0,"Shared Hit Blocks":0,"Shared Read Blocks":0,"Shared Dirtied Blocks":0,"Shared Written Blocks":0,"Local Hit Blocks":0,"Local Read Blocks":0,"Local Dirtied Blocks":0,"Local Written Blocks":0,"Temp Read Blocks":0,"Temp Written Blocks":0,"I/O Read Time":0.0,"I/O Write Time":0.0,"Temp I/O Read Time":0.0,"Temp I/O Write Time":0.0}]}]}]}]}]}]}]}]},"Planning":{"Shared Hit Blocks":6,"Shared Read Blocks":0,"Shared Dirtied Blocks":0,"Shared Written Blocks":0,"Local Hit Blocks":0,"Local Read Blocks":0,"Local Dirtied Blocks":0,"Local Written Blocks":0,"Temp Read Blocks":0,"Temp Written Blocks":0,"I/O Read Time":0.0,"I/O Write Time":0.0,"Temp I/O Read Time":0.0,"Temp I/O Write Time":0.0},"Planning Time":1.044,"Triggers":[],"Execution Time":2030.009}]
