[列存组合]: 无列存
[{"Plan":{"Node Type":"Sort","Parallel Aware":false,"Async Capable":false,"Startup Cost":17873726.36,"Total Cost":17908737.98,"Plan Rows":14004645,"Plan Width":70,"Actual Startup Time":79031.57,"Actual Total Time":79031.582,"Actual Rows":0,"Actual Loops":1,"Output":["customer.c_last","customer.c_id","orders.o_entry_d","orders.o_ol_cnt","(sum(order_line.ol_amount))","orders.o_id","orders.o_w_id","orders.o_d_id"],"Sort Key":["(sum(order_line.ol_amount)) DESC","orders.o_entry_d"],"Sort Method":"quicksort","Sort Space Used":25,"Sort Space Type":"Memory","Shared Hit Blocks":1185860,"Shared Read Blocks":0,"Shared Dirtied Blocks":0,"Shared Written Blocks":0,"Local Hit Blocks":0,"Local Read Blocks":0,"Local Dirtied Blocks":0,"Local Written Blocks":0,"Temp Read Blocks":911344,"Temp Written Blocks":1283704,"I/O Read Time":0.0,"I/O Write Time":0.0,"Temp I/O Read Time":1447.111,"Temp I/O Write Time":4855.027,"Plans":[{"Node Type":"Aggregate","Strategy":"Hashed","Partial Mode":"Simple","Parent Relationship":"Outer","Parallel Aware":false,"Async Capable":false,"Startup Cost":12380926.89,"Total Cost":14488188.37,"Plan Rows":14004645,"Plan Width":70,"Actual Startup Time":79031.562,"Actual Total Time":79031.573,"Actual Rows":0,"Actual Loops":1,"Output":["customer.c_last","customer.c_id","orders.o_entry_d","orders.o_ol_cnt","sum(order_line.ol_amount)","orders.o_id","orders.o_w_id","orders.o_d_id"],"Group Key":["orders.o_id","orders.o_w_id","orders.o_d_id","customer.c_id","customer.c_last"],"Filter":"(sum(order_line.ol_amount) > '110000'::numeric)","Planned Partitions":256,"HashAgg Batches":257,"Peak Memory Usage":8337,"Disk Usage":2998280,"Rows Removed by Filter":4195789,"Shared Hit Blocks":1185860,"Shared Read Blocks":0,"Shared Dirtied Blocks":0,"Shared Written Blocks":0,"Local Hit Blocks":0,"Local Read Blocks":0,"Local Dirtied Blocks":0,"Local Written Blocks":0,"Temp Read Blocks":911344,"Temp Written Blocks":1283704,"I/O Read Time":0.0,"I/O Write Time":0.0,"Temp I/O Read Time":1447.111,"Temp I/O Write Time":4855.027,"Plans":[{"Node Type":"Hash Join","Parent Relationship":"Outer","Parallel Aware":false,"Async Capable":false,"Join Type":"Inner","Startup Cost":925200.12,"Total Cost":4161950.66,"Plan Rows":42013936,"Plan Width":42,"Actual Startup Time":4894.255,"Actual Total Time":52912.882,"Actual Rows":41958803,"Actual Loops":1,"Output":["customer.c_last","customer.c_id","orders.o_id","orders.o_w_id","orders.o_d_id","orders.o_entry_d","orders.o_ol_cnt","order_line.ol_amount"],"Inner Unique":true,"Hash Cond":"((orders.o_c_id = customer.c_id) AND (orders.o_w_id = customer.c_w_id) AND (orders.o_d_id = customer.c_d_id))","Shared Hit Blocks":1185860,"Shared Read Blocks":0,"Shared Dirtied Blocks":0,"Shared Written Blocks":0,"Local Hit Blocks":0,"Local Read Blocks":0,"Local Dirtied Blocks":0,"Local Written Blocks":0,"Temp Read Blocks":552492,"Temp Written Blocks":552492,"I/O Read Time":0.0,"I/O Write Time":0.0,"Temp I/O Read Time":890.422,"Temp I/O Write Time":2589.92,"Plans":[{"Node Type":"Hash Join","Parent Relationship":"Outer","Parallel Aware":false,"Async Capable":false,"Join Type":"Inner","Startup Cost":265048.27,"Total Cost":2479312.97,"Plan Rows":42013936,"Plan Width":34,"Actual Startup Time":1976.097,"Actual Total Time":27717.393,"Actual Rows":41958803,"Actual Loops":1,"Output":["orders.o_entry_d","orders.o_ol_cnt","orders.o_id","orders.o_w_id","orders.o_d_id","orders.o_c_id","order_line.ol_amount","order_line.ol_w_id","order_line.ol_d_id"],"Inner Unique":true,"Hash Cond":"((order_line.ol_w_id = orders.o_w_id) AND (order_line.ol_d_id = orders.o_d_id) AND (order_line.ol_o_id = orders.o_id))","Shared Hit Blocks":725870,"Shared Read Blocks":0,"Shared Dirtied Blocks":0,"Shared Written Blocks":0,"Local Hit Blocks":0,"Local Read Blocks":0,"Local Dirtied Blocks":0,"Local Written Blocks":0,"Temp Read Blocks":219225,"Temp Written Blocks":219225,"I/O Read Time":0.0,"I/O Write Time":0.0,"Temp I/O Read Time":348.935,"Temp I/O Write Time":982.07,"Plans":[{"Node Type":"Seq Scan","Parent Relationship":"Outer","Parallel Aware":false,"Async Capable":false,"Relation Name":"order_line","Schema":"public","Alias":"order_line","Startup Cost":0.0,"Total Cost":1431670.8,"Plan Rows":42039468,"Plan Width":16,"Actual Startup Time":0.009,"Actual Total Time":7226.475,"Actual Rows":42000489,"Actual Loops":1,"Output":["order_line.ol_amount","order_line.ol_w_id","order_line.ol_d_id","order_line.ol_o_id"],"Filter":"(order_line.ol_delivery_d >= '1992-01-02 20:10:02.27764'::timestamp without time zone)","Rows Removed by Filter":17993272,"Shared Hit Blocks":681748,"Shared Read Blocks":0,"Shared Dirtied Blocks":0,"Shared Written Blocks":0,"Local Hit Blocks":0,"Local Read Blocks":0,"Local Dirtied Blocks":0,"Local Written Blocks":0,"Temp Read Blocks":0,"Temp Written Blocks":0,"I/O Read Time":0.0,"I/O Write Time":0.0,"Temp I/O Read Time":0.0,"Temp I/O Write Time":0.0},{"Node Type":"Hash","Parent Relationship":"Inner","Parallel Aware":false,"Async Capable":false,"Startup Cost":119121.6,"Total Cost":119121.6,"Plan Rows":5996324,"Plan Width":26,"Actual Startup Time":1975.55,"Actual Total Time":1975.551,"Actual Rows":5995789,"Actual Loops":1,"Output":["orders.o_entry_d","orders.o_ol_cnt","orders.o_id","orders.o_w_id","orders.o_d_id","orders.o_c_id"],"Hash Buckets":131072,"Original Hash Buckets":131072,"Hash Batches":64,"Original Hash Batches":64,"Peak Memory Usage":6861,"Shared Hit Blocks":44122,"Shared Read Blocks":0,"Shared Dirtied Blocks":0,"Shared Written Blocks":0,"Local Hit Blocks":0,"Local Read Blocks":0,"Local Dirtied Blocks":0,"Local Written Blocks":0,"Temp Read Blocks":0,"Temp Written Blocks":37436,"I/O Read Time":0.0,"I/O Write Time":0.0,"Temp I/O Read Time":0.0,"Temp I/O Write Time":172.822,"Plans":[{"Node Type":"Seq Scan","Parent Relationship":"Outer","Parallel Aware":false,"Async Capable":false,"Relation Name":"orders","Schema":"public","Alias":"orders","Startup Cost":0.0,"Total Cost":119121.6,"Plan Rows":5996324,"Plan Width":26,"Actual Startup Time":0.008,"Actual Total Time":832.927,"Actual Rows":5995789,"Actual Loops":1,"Output":["orders.o_entry_d","orders.o_ol_cnt","orders.o_id","orders.o_w_id","orders.o_d_id","orders.o_c_id"],"Filter":"(orders.o_entry_d >= '1992-01-02 20:10:02.27764'::timestamp without time zone)","Rows Removed by Filter":4211,"Shared Hit Blocks":44122,"Shared Read Blocks":0,"Shared Dirtied Blocks":0,"Shared Written Blocks":0,"Local Hit Blocks":0,"Local Read Blocks":0,"Local Dirtied Blocks":0,"Local Written Blocks":0,"Temp Read Blocks":0,"Temp Written Blocks":0,"I/O Read Time":0.0,"I/O Write Time":0.0,"Temp I/O Read Time":0.0,"Temp I/O Write Time":0.0}]}]},{"Node Type":"Hash","Parent Relationship":"Inner","Parallel Aware":false,"Async Capable":false,"Startup Cost":519991.4,"Total Cost":519991.4,"Plan Rows":6000140,"Plan Width":20,"Actual Startup Time":2917.637,"Actual Total Time":2917.639,"Actual Rows":6000000,"Actual Loops":1,"Output":["customer.c_last","customer.c_id","customer.c_w_id","customer.c_d_id"],"Hash Buckets":131072,"Original Hash Buckets":131072,"Hash Batches":64,"Original Hash Batches":64,"Peak Memory Usage":6027,"Shared Hit Blocks":459990,"Shared Read Blocks":0,"Shared Dirtied Blocks":0,"Shared Written Blocks":0,"Local Hit Blocks":0,"Local Read Blocks":0,"Local Dirtied Blocks":0,"Local Written Blocks":0,"Temp Read Blocks":0,"Temp Written Blocks":30653,"I/O Read Time":0.0,"I/O Write Time":0.0,"Temp I/O Read Time":0.0,"Temp I/O Write Time":147.689,"Plans":[{"Node Type":"Seq Scan","Parent Relationship":"Outer","Parallel Aware":false,"Async Capable":false,"Relation Name":"customer","Schema":"public","Alias":"customer","Startup Cost":0.0,"Total Cost":519991.4,"Plan Rows":6000140,"Plan Width":20,"Actual Startup Time":0.013,"Actual Total Time":1799.11,"Actual Rows":6000000,"Actual Loops":1,"Output":["customer.c_last","customer.c_id","customer.c_w_id","customer.c_d_id"],"Shared Hit Blocks":459990,"Shared Read Blocks":0,"Shared Dirtied Blocks":0,"Shared Written Blocks":0,"Local Hit Blocks":0,"Local Read Blocks":0,"Local Dirtied Blocks":0,"Local Written Blocks":0,"Temp Read Blocks":0,"Temp Written Blocks":0,"I/O Read Time":0.0,"I/O Write Time":0.0,"Temp I/O Read Time":0.0,"Temp I/O Write Time":0.0}]}]}]}]},"Planning":{"Shared Hit Blocks":72,"Shared Read Blocks":0,"Shared Dirtied Blocks":0,"Shared Written Blocks":0,"Local Hit Blocks":0,"Local Read Blocks":0,"Local Dirtied Blocks":0,"Local Written Blocks":0,"Temp Read Blocks":0,"Temp Written Blocks":0,"I/O Read Time":0.0,"I/O Write Time":0.0,"Temp I/O Read Time":0.0,"Temp I/O Write Time":0.0},"Planning Time":0.618,"Triggers":[],"Execution Time":79540.484}]
[列存组合]: customer
[{"Plan":{"Node Type":"Sort","Parallel Aware":false,"Async Capable":false,"Startup Cost":17863530.45,"Total Cost":17898542.07,"Plan Rows":14004645,"Plan Width":70,"Actual Startup Time":78668.1,"Actual Total Time":78668.116,"Actual Rows":0,"Actual Loops":1,"Output":["customer.c_last","customer.c_id","orders.o_entry_d","orders.o_ol_cnt","(sum(order_line.ol_amount))","orders.o_id","orders.o_w_id","orders.o_d_id"],"Sort Key":["(sum(order_line.ol_amount)) DESC","orders.o_entry_d"],"Sort Method":"quicksort","Sort Space Used":25,"Sort Space Type":"Memory","Shared Hit Blocks":725870,"Shared Read Blocks":0,"Shared Dirtied Blocks":0,"Shared Written Blocks":0,"Local Hit Blocks":0,"Local Read Blocks":0,"Local Dirtied Blocks":0,"Local Written Blocks":0,"Temp Read Blocks":911344,"Temp Written Blocks":1283704,"I/O Read Time":0.0,"I/O Write Time":0.0,"Temp I/O Read Time":1449.369,"Temp I/O Write Time":4840.798,"Plans":[{"Node Type":"Aggregate","Strategy":"Hashed","Partial Mode":"Simple","Parent Relationship":"Outer","Parallel Aware":false,"Async Capable":false,"Startup Cost":12370730.98,"Total Cost":14477992.46,"Plan Rows":14004645,"Plan Width":70,"Actual Startup Time":78668.088,"Actual Total Time":78668.104,"Actual Rows":0,"Actual Loops":1,"Output":["customer.c_last","customer.c_id","orders.o_entry_d","orders.o_ol_cnt","sum(order_line.ol_amount)","orders.o_id","orders.o_w_id","orders.o_d_id"],"Group Key":["orders.o_id","orders.o_w_id","orders.o_d_id","customer.c_id","customer.c_last"],"Filter":"(sum(order_line.ol_amount) > '110000'::numeric)","Planned Partitions":256,"HashAgg Batches":257,"Peak Memory Usage":8337,"Disk Usage":2998280,"Rows Removed by Filter":4195789,"Shared Hit Blocks":725870,"Shared Read Blocks":0,"Shared Dirtied Blocks":0,"Shared Written Blocks":0,"Local Hit Blocks":0,"Local Read Blocks":0,"Local Dirtied Blocks":0,"Local Written Blocks":0,"Temp Read Blocks":911344,"Temp Written Blocks":1283704,"I/O Read Time":0.0,"I/O Write Time":0.0,"Temp I/O Read Time":1449.369,"Temp I/O Write Time":4840.798,"Plans":[{"Node Type":"Hash Join","Parent Relationship":"Outer","Parallel Aware":false,"Async Capable":false,"Join Type":"Inner","Startup Cost":915004.21,"Total Cost":4151754.75,"Plan Rows":42013936,"Plan Width":42,"Actual Startup Time":4423.037,"Actual Total Time":52473.208,"Actual Rows":41958803,"Actual Loops":1,"Output":["customer.c_last","customer.c_id","orders.o_id","orders.o_w_id","orders.o_d_id","orders.o_entry_d","orders.o_ol_cnt","order_line.ol_amount"],"Inner Unique":true,"Hash Cond":"((orders.o_c_id = customer.c_id) AND (orders.o_w_id = customer.c_w_id) AND (orders.o_d_id = customer.c_d_id))","Shared Hit Blocks":725870,"Shared Read Blocks":0,"Shared Dirtied Blocks":0,"Shared Written Blocks":0,"Local Hit Blocks":0,"Local Read Blocks":0,"Local Dirtied Blocks":0,"Local Written Blocks":0,"Temp Read Blocks":552492,"Temp Written Blocks":552492,"I/O Read Time":0.0,"I/O Write Time":0.0,"Temp I/O Read Time":891.531,"Temp I/O Write Time":2577.184,"Plans":[{"Node Type":"Hash Join","Parent Relationship":"Outer","Parallel Aware":false,"Async Capable":false,"Join Type":"Inner","Startup Cost":265048.27,"Total Cost":2479312.97,"Plan Rows":42013936,"Plan Width":34,"Actual Startup Time":1983.885,"Actual Total Time":27735.637,"Actual Rows":41958803,"Actual Loops":1,"Output":["orders.o_entry_d","orders.o_ol_cnt","orders.o_id","orders.o_w_id","orders.o_d_id","orders.o_c_id","order_line.ol_amount","order_line.ol_w_id","order_line.ol_d_id"],"Inner Unique":true,"Hash Cond":"((order_line.ol_w_id = orders.o_w_id) AND (order_line.ol_d_id = orders.o_d_id) AND (order_line.ol_o_id = orders.o_id))","Shared Hit Blocks":725870,"Shared Read Blocks":0,"Shared Dirtied Blocks":0,"Shared Written Blocks":0,"Local Hit Blocks":0,"Local Read Blocks":0,"Local Dirtied Blocks":0,"Local Written Blocks":0,"Temp Read Blocks":219225,"Temp Written Blocks":219225,"I/O Read Time":0.0,"I/O Write Time":0.0,"Temp I/O Read Time":349.377,"Temp I/O Write Time":982.682,"Plans":[{"Node Type":"Seq Scan","Parent Relationship":"Outer","Parallel Aware":false,"Async Capable":false,"Relation Name":"order_line","Schema":"public","Alias":"order_line","Startup Cost":0.0,"Total Cost":1431670.8,"Plan Rows":42039468,"Plan Width":16,"Actual Startup Time":0.012,"Actual Total Time":7223.993,"Actual Rows":42000489,"Actual Loops":1,"Output":["order_line.ol_amount","order_line.ol_w_id","order_line.ol_d_id","order_line.ol_o_id"],"Filter":"(order_line.ol_delivery_d >= '1992-01-02 20:10:02.27764'::timestamp without time zone)","Rows Removed by Filter":17993272,"Shared Hit Blocks":681748,"Shared Read Blocks":0,"Shared Dirtied Blocks":0,"Shared Written Blocks":0,"Local Hit Blocks":0,"Local Read Blocks":0,"Local Dirtied Blocks":0,"Local Written Blocks":0,"Temp Read Blocks":0,"Temp Written Blocks":0,"I/O Read Time":0.0,"I/O Write Time":0.0,"Temp I/O Read Time":0.0,"Temp I/O Write Time":0.0},{"Node Type":"Hash","Parent Relationship":"Inner","Parallel Aware":false,"Async Capable":false,"Startup Cost":119121.6,"Total Cost":119121.6,"Plan Rows":5996324,"Plan Width":26,"Actual Startup Time":1983.26,"Actual Total Time":1983.262,"Actual Rows":5995789,"Actual Loops":1,"Output":["orders.o_entry_d","orders.o_ol_cnt","orders.o_id","orders.o_w_id","orders.o_d_id","orders.o_c_id"],"Hash Buckets":131072,"Original Hash Buckets":131072,"Hash Batches":64,"Original Hash Batches":64,"Peak Memory Usage":6861,"Shared Hit Blocks":44122,"Shared Read Blocks":0,"Shared Dirtied Blocks":0,"Shared Written Blocks":0,"Local Hit Blocks":0,"Local Read Blocks":0,"Local Dirtied Blocks":0,"Local Written Blocks":0,"Temp Read Blocks":0,"Temp Written Blocks":37436,"I/O Read Time":0.0,"I/O Write Time":0.0,"Temp I/O Read Time":0.0,"Temp I/O Write Time":172.123,"Plans":[{"Node Type":"Seq Scan","Parent Relationship":"Outer","Parallel Aware":false,"Async Capable":false,"Relation Name":"orders","Schema":"public","Alias":"orders","Startup Cost":0.0,"Total Cost":119121.6,"Plan Rows":5996324,"Plan Width":26,"Actual Startup Time":0.008,"Actual Total Time":840.207,"Actual Rows":5995789,"Actual Loops":1,"Output":["orders.o_entry_d","orders.o_ol_cnt","orders.o_id","orders.o_w_id","orders.o_d_id","orders.o_c_id"],"Filter":"(orders.o_entry_d >= '1992-01-02 20:10:02.27764'::timestamp without time zone)","Rows Removed by Filter":4211,"Shared Hit Blocks":44122,"Shared Read Blocks":0,"Shared Dirtied Blocks":0,"Shared Written Blocks":0,"Local Hit Blocks":0,"Local Read Blocks":0,"Local Dirtied Blocks":0,"Local Written Blocks":0,"Temp Read Blocks":0,"Temp Written Blocks":0,"I/O Read Time":0.0,"I/O Write Time":0.0,"Temp I/O Read Time":0.0,"Temp I/O Write Time":0.0}]}]},{"Node Type":"Hash","Parent Relationship":"Inner","Parallel Aware":false,"Async Capable":false,"Startup Cost":509795.49,"Total Cost":509795.49,"Plan Rows":6000140,"Plan Width":20,"Actual Startup Time":2438.737,"Actual Total Time":2438.743,"Actual Rows":6000000,"Actual Loops":1,"Output":["customer.c_last","customer.c_id","customer.c_w_id","customer.c_d_id"],"Hash Buckets":131072,"Original Hash Buckets":131072,"Hash Batches":64,"Original Hash Batches":64,"Peak Memory Usage":6027,"Shared Hit Blocks":0,"Shared Read Blocks":0,"Shared Dirtied Blocks":0,"Shared Written Blocks":0,"Local Hit Blocks":0,"Local Read Blocks":0,"Local Dirtied Blocks":0,"Local Written Blocks":0,"Temp Read Blocks":0,"Temp Written Blocks":30653,"I/O Read Time":0.0,"I/O Write Time":0.0,"Temp I/O Read Time":0.0,"Temp I/O Write Time":135.603,"Plans":[{"Node Type":"Append","Parent Relationship":"Outer","Parallel Aware":false,"Async Capable":false,"Startup Cost":20.0,"Total Cost":509795.49,"Plan Rows":6000140,"Plan Width":20,"Actual Startup Time":0.045,"Actual Total Time":1324.547,"Actual Rows":6000000,"Actual Loops":1,"Shared Hit Blocks":0,"Shared Read Blocks":0,"Shared Dirtied Blocks":0,"Shared Written Blocks":0,"Local Hit Blocks":0,"Local Read Blocks":0,"Local Dirtied Blocks":0,"Local Written Blocks":0,"Temp Read Blocks":0,"Temp Written Blocks":0,"I/O Read Time":0.0,"I/O Write Time":0.0,"Temp I/O Read Time":0.0,"Temp I/O Write Time":0.0,"Subplans Removed":0,"Plans":[{"Node Type":"Custom Scan","Parent Relationship":"Member","Custom Plan Provider":"columnar scan","Parallel Aware":false,"Async Capable":false,"Relation Name":"customer","Schema":"public","Alias":"customer","Startup Cost":20.0,"Total Cost":141020.06,"Plan Rows":6000000,"Plan Width":20,"Actual Startup Time":0.043,"Actual Total Time":907.806,"Actual Rows":6000000,"Actual Loops":1,"Output":["customer.c_last","customer.c_id","customer.c_w_id","customer.c_d_id"],"Rows Removed by Columnar Filter":0,"Columnar cache search mode":"native","Shared Hit Blocks":0,"Shared Read Blocks":0,"Shared Dirtied Blocks":0,"Shared Written Blocks":0,"Local Hit Blocks":0,"Local Read Blocks":0,"Local Dirtied Blocks":0,"Local Written Blocks":0,"Temp Read Blocks":0,"Temp Written Blocks":0,"I/O Read Time":0.0,"I/O Write Time":0.0,"Temp I/O Read Time":0.0,"Temp I/O Write Time":0.0},{"Node Type":"Seq Scan","Parent Relationship":"Member","Parallel Aware":false,"Async Capable":false,"Relation Name":"customer","Schema":"public","Alias":"customer","Startup Cost":0.0,"Total Cost":5.4,"Plan Rows":140,"Plan Width":20,"Actual Startup Time":0.0,"Actual Total Time":0.0,"Actual Rows":0,"Actual Loops":0,"Output":["customer.c_last","customer.c_id","customer.c_w_id","customer.c_d_id"],"Shared Hit Blocks":0,"Shared Read Blocks":0,"Shared Dirtied Blocks":0,"Shared Written Blocks":0,"Local Hit Blocks":0,"Local Read Blocks":0,"Local Dirtied Blocks":0,"Local Written Blocks":0,"Temp Read Blocks":0,"Temp Written Blocks":0,"I/O Read Time":0.0,"I/O Write Time":0.0,"Temp I/O Read Time":0.0,"Temp I/O Write Time":0.0}]}]}]}]}]},"Planning":{"Shared Hit Blocks":72,"Shared Read Blocks":0,"Shared Dirtied Blocks":0,"Shared Written Blocks":0,"Local Hit Blocks":0,"Local Read Blocks":0,"Local Dirtied Blocks":0,"Local Written Blocks":0,"Temp Read Blocks":0,"Temp Written Blocks":0,"I/O Read Time":0.0,"I/O Write Time":0.0,"Temp I/O Read Time":0.0,"Temp I/O Write Time":0.0},"Planning Time":1.326,"Triggers":[],"Execution Time":79180.916}]
[列存组合]: order_line
[{"Plan":{"Node Type":"Sort","Parallel Aware":false,"Async Capable":false,"Startup Cost":17845654.39,"Total Cost":17880666.0,"Plan Rows":14004645,"Plan Width":70,"Actual Startup Time":82337.339,"Actual Total Time":82337.356,"Actual Rows":0,"Actual Loops":1,"Output":["customer.c_last","customer.c_id","orders.o_entry_d","orders.o_ol_cnt","(sum(order_line.ol_amount))","orders.o_id","orders.o_w_id","orders.o_d_id"],"Sort Key":["(sum(order_line.ol_amount)) DESC","orders.o_entry_d"],"Sort Method":"quicksort","Sort Space Used":25,"Sort Space Type":"Memory","Shared Hit Blocks":504112,"Shared Read Blocks":0,"Shared Dirtied Blocks":0,"Shared Written Blocks":0,"Local Hit Blocks":0,"Local Read Blocks":0,"Local Dirtied Blocks":0,"Local Written Blocks":0,"Temp Read Blocks":911177,"Temp Written Blocks":1283537,"I/O Read Time":0.0,"I/O Write Time":0.0,"Temp I/O Read Time":1455.419,"Temp I/O Write Time":4862.117,"Plans":[{"Node Type":"Aggregate","Strategy":"Hashed","Partial Mode":"Simple","Parent Relationship":"Outer","Parallel Aware":false,"Async Capable":false,"Startup Cost":12352854.92,"Total Cost":14460116.39,"Plan Rows":14004645,"Plan Width":70,"Actual Startup Time":82337.327,"Actual Total Time":82337.344,"Actual Rows":0,"Actual Loops":1,"Output":["customer.c_last","customer.c_id","orders.o_entry_d","orders.o_ol_cnt","sum(order_line.ol_amount)","orders.o_id","orders.o_w_id","orders.o_d_id"],"Group Key":["orders.o_id","orders.o_w_id","orders.o_d_id","customer.c_id","customer.c_last"],"Filter":"(sum(order_line.ol_amount) > '110000'::numeric)","Planned Partitions":256,"HashAgg Batches":257,"Peak Memory Usage":8337,"Disk Usage":2998280,"Rows Removed by Filter":4195789,"Shared Hit Blocks":504112,"Shared Read Blocks":0,"Shared Dirtied Blocks":0,"Shared Written Blocks":0,"Local Hit Blocks":0,"Local Read Blocks":0,"Local Dirtied Blocks":0,"Local Written Blocks":0,"Temp Read Blocks":911177,"Temp Written Blocks":1283537,"I/O Read Time":0.0,"I/O Write Time":0.0,"Temp I/O Read Time":1455.419,"Temp I/O Write Time":4862.117,"Plans":[{"Node Type":"Hash Join","Parent Relationship":"Outer","Parallel Aware":false,"Async Capable":false,"Join Type":"Inner","Startup Cost":925220.12,"Total Cost":4133878.69,"Plan Rows":42013936,"Plan Width":42,"Actual Startup Time":5323.311,"Actual Total Time":56208.42,"Actual Rows":41958803,"Actual Loops":1,"Output":["customer.c_last","customer.c_id","orders.o_id","orders.o_w_id","orders.o_d_id","orders.o_entry_d","orders.o_ol_cnt","order_line.ol_amount"],"Inner Unique":true,"Hash Cond":"((orders.o_c_id = customer.c_id) AND (orders.o_w_id = customer.c_w_id) AND (orders.o_d_id = customer.c_d_id))","Shared Hit Blocks":504112,"Shared Read Blocks":0,"Shared Dirtied Blocks":0,"Shared Written Blocks":0,"Local Hit Blocks":0,"Local Read Blocks":0,"Local Dirtied Blocks":0,"Local Written Blocks":0,"Temp Read Blocks":552325,"Temp Written Blocks":552325,"I/O Read Time":0.0,"I/O Write Time":0.0,"Temp I/O Read Time":897.83,"Temp I/O Write Time":2593.168,"Plans":[{"Node Type":"Hash Join","Parent Relationship":"Outer","Parallel Aware":false,"Async Capable":false,"Join Type":"Inner","Startup Cost":265068.27,"Total Cost":2451241.0,"Plan Rows":42013936,"Plan Width":34,"Actual Startup Time":2410.352,"Actual Total Time":30960.028,"Actual Rows":41958803,"Actual Loops":1,"Output":["orders.o_entry_d","orders.o_ol_cnt","orders.o_id","orders.o_w_id","orders.o_d_id","orders.o_c_id","order_line.ol_amount","order_line.ol_w_id","order_line.ol_d_id"],"Inner Unique":true,"Hash Cond":"((order_line.ol_w_id = orders.o_w_id) AND (order_line.ol_d_id = orders.o_d_id) AND (order_line.ol_o_id = orders.o_id))","Shared Hit Blocks":44122,"Shared Read Blocks":0,"Shared Dirtied Blocks":0,"Shared Written Blocks":0,"Local Hit Blocks":0,"Local Read Blocks":0,"Local Dirtied Blocks":0,"Local Written Blocks":0,"Temp Read Blocks":219058,"Temp Written Blocks":219058,"I/O Read Time":0.0,"I/O Write Time":0.0,"Temp I/O Read Time":353.607,"Temp I/O Write Time":981.474,"Plans":[{"Node Type":"Append","Parent Relationship":"Outer","Parallel Aware":false,"Async Capable":false,"Startup Cost":20.0,"Total Cost":1403598.82,"Plan Rows":42039468,"Plan Width":16,"Actual Startup Time":1.241,"Actual Total Time":9638.776,"Actual Rows":41960840,"Actual Loops":1,"Shared Hit Blocks":0,"Shared Read Blocks":0,"Shared Dirtied Blocks":0,"Shared Written Blocks":0,"Local Hit Blocks":0,"Local Read Blocks":0,"Local Dirtied Blocks":0,"Local Written Blocks":0,"Temp Read Blocks":0,"Temp Written Blocks":0,"I/O Read Time":0.0,"I/O Write Time":0.0,"Temp I/O Read Time":0.0,"Temp I/O Write Time":0.0,"Subplans Removed":0,"Plans":[{"Node Type":"Custom Scan","Parent Relationship":"Member","Custom Plan Provider":"columnar scan","Parallel Aware":false,"Async Capable":false,"Relation Name":"order_line","Schema":"public","Alias":"order_line","Startup Cost":20.0,"Total Cost":987947.38,"Plan Rows":42039424,"Plan Width":16,"Actual Startup Time":1.24,"Actual Total Time":6708.664,"Actual Rows":41960840,"Actual Loops":1,"Output":["order_line.ol_amount","order_line.ol_w_id","order_line.ol_d_id","order_line.ol_o_id"],"Filter":"(order_line.ol_delivery_d >= '1992-01-02 20:10:02.27764'::timestamp without time zone)","Rows Removed by Filter":0,"Rows Removed by Columnar Filter":18032921,"Rows Filtered by Bloom Filter":0,"Dictionary Rows Filtered by Bloom Filter":39649,"Columnar cache search mode":"native","Shared Hit Blocks":0,"Shared Read Blocks":0,"Shared Dirtied Blocks":0,"Shared Written Blocks":0,"Local Hit Blocks":0,"Local Read Blocks":0,"Local Dirtied Blocks":0,"Local Written Blocks":0,"Temp Read Blocks":0,"Temp Written Blocks":0,"I/O Read Time":0.0,"I/O Write Time":0.0,"Temp I/O Read Time":0.0,"Temp I/O Write Time":0.0},{"Node Type":"Seq Scan","Parent Relationship":"Member","Parallel Aware":false,"Async Capable":false,"Relation Name":"order_line","Schema":"public","Alias":"order_line","Startup Cost":0.0,"Total Cost":4.79,"Plan Rows":44,"Plan Width":16,"Actual Startup Time":0.0,"Actual Total Time":0.0,"Actual Rows":0,"Actual Loops":0,"Output":["order_line.ol_amount","order_line.ol_w_id","order_line.ol_d_id","order_line.ol_o_id"],"Filter":"(order_line.ol_delivery_d >= '1992-01-02 20:10:02.27764'::timestamp without time zone)","Rows Removed by Filter":0,"Shared Hit Blocks":0,"Shared Read Blocks":0,"Shared Dirtied Blocks":0,"Shared Written Blocks":0,"Local Hit Blocks":0,"Local Read Blocks":0,"Local Dirtied Blocks":0,"Local Written Blocks":0,"Temp Read Blocks":0,"Temp Written Blocks":0,"I/O Read Time":0.0,"I/O Write Time":0.0,"Temp I/O Read Time":0.0,"Temp I/O Write Time":0.0}]},{"Node Type":"Hash","Parent Relationship":"Inner","Parallel Aware":false,"Async Capable":false,"Startup Cost":119121.6,"Total Cost":119121.6,"Plan Rows":5996324,"Plan Width":26,"Actual Startup Time":2405.399,"Actual Total Time":2405.401,"Actual Rows":5995789,"Actual Loops":1,"Output":["orders.o_entry_d","orders.o_ol_cnt","orders.o_id","orders.o_w_id","orders.o_d_id","orders.o_c_id"],"Hash Buckets":131072,"Original Hash Buckets":131072,"Hash Batches":64,"Original Hash Batches":64,"Peak Memory Usage":6861,"Shared Hit Blocks":44122,"Shared Read Blocks":0,"Shared Dirtied Blocks":0,"Shared Written Blocks":0,"Local Hit Blocks":0,"Local Read Blocks":0,"Local Dirtied Blocks":0,"Local Written Blocks":0,"Temp Read Blocks":0,"Temp Written Blocks":37436,"I/O Read Time":0.0,"I/O Write Time":0.0,"Temp I/O Read Time":0.0,"Temp I/O Write Time":181.442,"Plans":[{"Node Type":"Seq Scan","Parent Relationship":"Outer","Parallel Aware":false,"Async Capable":false,"Relation Name":"orders","Schema":"public","Alias":"orders","Startup Cost":0.0,"Total Cost":119121.6,"Plan Rows":5996324,"Plan Width":26,"Actual Startup Time":0.018,"Actual Total Time":879.714,"Actual Rows":5995789,"Actual Loops":1,"Output":["orders.o_entry_d","orders.o_ol_cnt","orders.o_id","orders.o_w_id","orders.o_d_id","orders.o_c_id"],"Filter":"(orders.o_entry_d >= '1992-01-02 20:10:02.27764'::timestamp without time zone)","Rows Removed by Filter":4211,"Shared Hit Blocks":44122,"Shared Read Blocks":0,"Shared Dirtied Blocks":0,"Shared Written Blocks":0,"Local Hit Blocks":0,"Local Read Blocks":0,"Local Dirtied Blocks":0,"Local Written Blocks":0,"Temp Read Blocks":0,"Temp Written Blocks":0,"I/O Read Time":0.0,"I/O Write Time":0.0,"Temp I/O Read Time":0.0,"Temp I/O Write Time":0.0}]}]},{"Node Type":"Hash","Parent Relationship":"Inner","Parallel Aware":false,"Async Capable":false,"Startup Cost":519991.4,"Total Cost":519991.4,"Plan Rows":6000140,"Plan Width":20,"Actual Startup Time":2912.412,"Actual Total Time":2912.415,"Actual Rows":6000000,"Actual Loops":1,"Output":["customer.c_last","customer.c_id","customer.c_w_id","customer.c_d_id"],"Hash Buckets":131072,"Original Hash Buckets":131072,"Hash Batches":64,"Original Hash Batches":64,"Peak Memory Usage":6027,"Shared Hit Blocks":459990,"Shared Read Blocks":0,"Shared Dirtied Blocks":0,"Shared Written Blocks":0,"Local Hit Blocks":0,"Local Read Blocks":0,"Local Dirtied Blocks":0,"Local Written Blocks":0,"Temp Read Blocks":0,"Temp Written Blocks":30653,"I/O Read Time":0.0,"I/O Write Time":0.0,"Temp I/O Read Time":0.0,"Temp I/O Write Time":147.893,"Plans":[{"Node Type":"Seq Scan","Parent Relationship":"Outer","Parallel Aware":false,"Async Capable":false,"Relation Name":"customer","Schema":"public","Alias":"customer","Startup Cost":0.0,"Total Cost":519991.4,"Plan Rows":6000140,"Plan Width":20,"Actual Startup Time":0.013,"Actual Total Time":1796.265,"Actual Rows":6000000,"Actual Loops":1,"Output":["customer.c_last","customer.c_id","customer.c_w_id","customer.c_d_id"],"Shared Hit Blocks":459990,"Shared Read Blocks":0,"Shared Dirtied Blocks":0,"Shared Written Blocks":0,"Local Hit Blocks":0,"Local Read Blocks":0,"Local Dirtied Blocks":0,"Local Written Blocks":0,"Temp Read Blocks":0,"Temp Written Blocks":0,"I/O Read Time":0.0,"I/O Write Time":0.0,"Temp I/O Read Time":0.0,"Temp I/O Write Time":0.0}]}]}]}]},"Planning":{"Shared Hit Blocks":72,"Shared Read Blocks":0,"Shared Dirtied Blocks":0,"Shared Written Blocks":0,"Local Hit Blocks":0,"Local Read Blocks":0,"Local Dirtied Blocks":0,"Local Written Blocks":0,"Temp Read Blocks":0,"Temp Written Blocks":0,"I/O Read Time":0.0,"I/O Write Time":0.0,"Temp I/O Read Time":0.0,"Temp I/O Write Time":0.0},"Planning Time":1.309,"Triggers":[],"Execution Time":82843.431}]
[列存组合]: orders
[{"Plan":{"Node Type":"Sort","Parallel Aware":false,"Async Capable":false,"Startup Cost":17873726.36,"Total Cost":17908737.98,"Plan Rows":14004645,"Plan Width":70,"Actual Startup Time":79079.22,"Actual Total Time":79079.231,"Actual Rows":0,"Actual Loops":1,"Output":["customer.c_last","customer.c_id","orders.o_entry_d","orders.o_ol_cnt","(sum(order_line.ol_amount))","orders.o_id","orders.o_w_id","orders.o_d_id"],"Sort Key":["(sum(order_line.ol_amount)) DESC","orders.o_entry_d"],"Sort Method":"quicksort","Sort Space Used":25,"Sort Space Type":"Memory","Shared Hit Blocks":1185860,"Shared Read Blocks":0,"Shared Dirtied Blocks":0,"Shared Written Blocks":0,"Local Hit Blocks":0,"Local Read Blocks":0,"Local Dirtied Blocks":0,"Local Written Blocks":0,"Temp Read Blocks":911344,"Temp Written Blocks":1283704,"I/O Read Time":0.0,"I/O Write Time":0.0,"Temp I/O Read Time":1449.408,"Temp I/O Write Time":4859.36,"Plans":[{"Node Type":"Aggregate","Strategy":"Hashed","Partial Mode":"Simple","Parent Relationship":"Outer","Parallel Aware":false,"Async Capable":false,"Startup Cost":12380926.89,"Total Cost":14488188.37,"Plan Rows":14004645,"Plan Width":70,"Actual Startup Time":79079.211,"Actual Total Time":79079.222,"Actual Rows":0,"Actual Loops":1,"Output":["customer.c_last","customer.c_id","orders.o_entry_d","orders.o_ol_cnt","sum(order_line.ol_amount)","orders.o_id","orders.o_w_id","orders.o_d_id"],"Group Key":["orders.o_id","orders.o_w_id","orders.o_d_id","customer.c_id","customer.c_last"],"Filter":"(sum(order_line.ol_amount) > '110000'::numeric)","Planned Partitions":256,"HashAgg Batches":257,"Peak Memory Usage":8337,"Disk Usage":2998280,"Rows Removed by Filter":4195789,"Shared Hit Blocks":1185860,"Shared Read Blocks":0,"Shared Dirtied Blocks":0,"Shared Written Blocks":0,"Local Hit Blocks":0,"Local Read Blocks":0,"Local Dirtied Blocks":0,"Local Written Blocks":0,"Temp Read Blocks":911344,"Temp Written Blocks":1283704,"I/O Read Time":0.0,"I/O Write Time":0.0,"Temp I/O Read Time":1449.408,"Temp I/O Write Time":4859.36,"Plans":[{"Node Type":"Hash Join","Parent Relationship":"Outer","Parallel Aware":false,"Async Capable":false,"Join Type":"Inner","Startup Cost":925200.12,"Total Cost":4161950.66,"Plan Rows":42013936,"Plan Width":42,"Actual Startup Time":4896.134,"Actual Total Time":52950.236,"Actual Rows":41958803,"Actual Loops":1,"Output":["customer.c_last","customer.c_id","orders.o_id","orders.o_w_id","orders.o_d_id","orders.o_entry_d","orders.o_ol_cnt","order_line.ol_amount"],"Inner Unique":true,"Hash Cond":"((orders.o_c_id = customer.c_id) AND (orders.o_w_id = customer.c_w_id) AND (orders.o_d_id = customer.c_d_id))","Shared Hit Blocks":1185860,"Shared Read Blocks":0,"Shared Dirtied Blocks":0,"Shared Written Blocks":0,"Local Hit Blocks":0,"Local Read Blocks":0,"Local Dirtied Blocks":0,"Local Written Blocks":0,"Temp Read Blocks":552492,"Temp Written Blocks":552492,"I/O Read Time":0.0,"I/O Write Time":0.0,"Temp I/O Read Time":892.196,"Temp I/O Write Time":2593.244,"Plans":[{"Node Type":"Hash Join","Parent Relationship":"Outer","Parallel Aware":false,"Async Capable":false,"Join Type":"Inner","Startup Cost":265048.27,"Total Cost":2479312.97,"Plan Rows":42013936,"Plan Width":34,"Actual Startup Time":1976.903,"Actual Total Time":27729.428,"Actual Rows":41958803,"Actual Loops":1,"Output":["orders.o_entry_d","orders.o_ol_cnt","orders.o_id","orders.o_w_id","orders.o_d_id","orders.o_c_id","order_line.ol_amount","order_line.ol_w_id","order_line.ol_d_id"],"Inner Unique":true,"Hash Cond":"((order_line.ol_w_id = orders.o_w_id) AND (order_line.ol_d_id = orders.o_d_id) AND (order_line.ol_o_id = orders.o_id))","Shared Hit Blocks":725870,"Shared Read Blocks":0,"Shared Dirtied Blocks":0,"Shared Written Blocks":0,"Local Hit Blocks":0,"Local Read Blocks":0,"Local Dirtied Blocks":0,"Local Written Blocks":0,"Temp Read Blocks":219225,"Temp Written Blocks":219225,"I/O Read Time":0.0,"I/O Write Time":0.0,"Temp I/O Read Time":350.779,"Temp I/O Write Time":979.093,"Plans":[{"Node Type":"Seq Scan","Parent Relationship":"Outer","Parallel Aware":false,"Async Capable":false,"Relation Name":"order_line","Schema":"public","Alias":"order_line","Startup Cost":0.0,"Total Cost":1431670.8,"Plan Rows":42039468,"Plan Width":16,"Actual Startup Time":0.011,"Actual Total Time":7235.188,"Actual Rows":42000489,"Actual Loops":1,"Output":["order_line.ol_amount","order_line.ol_w_id","order_line.ol_d_id","order_line.ol_o_id"],"Filter":"(order_line.ol_delivery_d >= '1992-01-02 20:10:02.27764'::timestamp without time zone)","Rows Removed by Filter":17993272,"Shared Hit Blocks":681748,"Shared Read Blocks":0,"Shared Dirtied Blocks":0,"Shared Written Blocks":0,"Local Hit Blocks":0,"Local Read Blocks":0,"Local Dirtied Blocks":0,"Local Written Blocks":0,"Temp Read Blocks":0,"Temp Written Blocks":0,"I/O Read Time":0.0,"I/O Write Time":0.0,"Temp I/O Read Time":0.0,"Temp I/O Write Time":0.0},{"Node Type":"Hash","Parent Relationship":"Inner","Parallel Aware":false,"Async Capable":false,"Startup Cost":119121.6,"Total Cost":119121.6,"Plan Rows":5996324,"Plan Width":26,"Actual Startup Time":1976.03,"Actual Total Time":1976.031,"Actual Rows":5995789,"Actual Loops":1,"Output":["orders.o_entry_d","orders.o_ol_cnt","orders.o_id","orders.o_w_id","orders.o_d_id","orders.o_c_id"],"Hash Buckets":131072,"Original Hash Buckets":131072,"Hash Batches":64,"Original Hash Batches":64,"Peak Memory Usage":6861,"Shared Hit Blocks":44122,"Shared Read Blocks":0,"Shared Dirtied Blocks":0,"Shared Written Blocks":0,"Local Hit Blocks":0,"Local Read Blocks":0,"Local Dirtied Blocks":0,"Local Written Blocks":0,"Temp Read Blocks":0,"Temp Written Blocks":37436,"I/O Read Time":0.0,"I/O Write Time":0.0,"Temp I/O Read Time":0.0,"Temp I/O Write Time":169.902,"Plans":[{"Node Type":"Seq Scan","Parent Relationship":"Outer","Parallel Aware":false,"Async Capable":false,"Relation Name":"orders","Schema":"public","Alias":"orders","Startup Cost":0.0,"Total Cost":119121.6,"Plan Rows":5996324,"Plan Width":26,"Actual Startup Time":0.009,"Actual Total Time":834.745,"Actual Rows":5995789,"Actual Loops":1,"Output":["orders.o_entry_d","orders.o_ol_cnt","orders.o_id","orders.o_w_id","orders.o_d_id","orders.o_c_id"],"Filter":"(orders.o_entry_d >= '1992-01-02 20:10:02.27764'::timestamp without time zone)","Rows Removed by Filter":4211,"Shared Hit Blocks":44122,"Shared Read Blocks":0,"Shared Dirtied Blocks":0,"Shared Written Blocks":0,"Local Hit Blocks":0,"Local Read Blocks":0,"Local Dirtied Blocks":0,"Local Written Blocks":0,"Temp Read Blocks":0,"Temp Written Blocks":0,"I/O Read Time":0.0,"I/O Write Time":0.0,"Temp I/O Read Time":0.0,"Temp I/O Write Time":0.0}]}]},{"Node Type":"Hash","Parent Relationship":"Inner","Parallel Aware":false,"Async Capable":false,"Startup Cost":519991.4,"Total Cost":519991.4,"Plan Rows":6000140,"Plan Width":20,"Actual Startup Time":2918.797,"Actual Total Time":2918.799,"Actual Rows":6000000,"Actual Loops":1,"Output":["customer.c_last","customer.c_id","customer.c_w_id","customer.c_d_id"],"Hash Buckets":131072,"Original Hash Buckets":131072,"Hash Batches":64,"Original Hash Batches":64,"Peak Memory Usage":6027,"Shared Hit Blocks":459990,"Shared Read Blocks":0,"Shared Dirtied Blocks":0,"Shared Written Blocks":0,"Local Hit Blocks":0,"Local Read Blocks":0,"Local Dirtied Blocks":0,"Local Written Blocks":0,"Temp Read Blocks":0,"Temp Written Blocks":30653,"I/O Read Time":0.0,"I/O Write Time":0.0,"Temp I/O Read Time":0.0,"Temp I/O Write Time":147.848,"Plans":[{"Node Type":"Seq Scan","Parent Relationship":"Outer","Parallel Aware":false,"Async Capable":false,"Relation Name":"customer","Schema":"public","Alias":"customer","Startup Cost":0.0,"Total Cost":519991.4,"Plan Rows":6000140,"Plan Width":20,"Actual Startup Time":0.015,"Actual Total Time":1807.722,"Actual Rows":6000000,"Actual Loops":1,"Output":["customer.c_last","customer.c_id","customer.c_w_id","customer.c_d_id"],"Shared Hit Blocks":459990,"Shared Read Blocks":0,"Shared Dirtied Blocks":0,"Shared Written Blocks":0,"Local Hit Blocks":0,"Local Read Blocks":0,"Local Dirtied Blocks":0,"Local Written Blocks":0,"Temp Read Blocks":0,"Temp Written Blocks":0,"I/O Read Time":0.0,"I/O Write Time":0.0,"Temp I/O Read Time":0.0,"Temp I/O Write Time":0.0}]}]}]}]},"Planning":{"Shared Hit Blocks":72,"Shared Read Blocks":0,"Shared Dirtied Blocks":0,"Shared Written Blocks":0,"Local Hit Blocks":0,"Local Read Blocks":0,"Local Dirtied Blocks":0,"Local Written Blocks":0,"Temp Read Blocks":0,"Temp Written Blocks":0,"I/O Read Time":0.0,"I/O Write Time":0.0,"Temp I/O Read Time":0.0,"Temp I/O Write Time":0.0},"Planning Time":0.841,"Triggers":[],"Execution Time":79590.664}]
[列存组合]: customer, order_line
[{"Plan":{"Node Type":"Sort","Parallel Aware":false,"Async Capable":false,"Startup Cost":17835458.48,"Total Cost":17870470.09,"Plan Rows":14004645,"Plan Width":70,"Actual Startup Time":82016.796,"Actual Total Time":82016.815,"Actual Rows":0,"Actual Loops":1,"Output":["customer.c_last","customer.c_id","orders.o_entry_d","orders.o_ol_cnt","(sum(order_line.ol_amount))","orders.o_id","orders.o_w_id","orders.o_d_id"],"Sort Key":["(sum(order_line.ol_amount)) DESC","orders.o_entry_d"],"Sort Method":"quicksort","Sort Space Used":25,"Sort Space Type":"Memory","Shared Hit Blocks":44122,"Shared Read Blocks":0,"Shared Dirtied Blocks":0,"Shared Written Blocks":0,"Local Hit Blocks":0,"Local Read Blocks":0,"Local Dirtied Blocks":0,"Local Written Blocks":0,"Temp Read Blocks":911177,"Temp Written Blocks":1283537,"I/O Read Time":0.0,"I/O Write Time":0.0,"Temp I/O Read Time":1453.246,"Temp I/O Write Time":4887.061,"Plans":[{"Node Type":"Aggregate","Strategy":"Hashed","Partial Mode":"Simple","Parent Relationship":"Outer","Parallel Aware":false,"Async Capable":false,"Startup Cost":12342659.01,"Total Cost":14449920.48,"Plan Rows":14004645,"Plan Width":70,"Actual Startup Time":82016.786,"Actual Total Time":82016.805,"Actual Rows":0,"Actual Loops":1,"Output":["customer.c_last","customer.c_id","orders.o_entry_d","orders.o_ol_cnt","sum(order_line.ol_amount)","orders.o_id","orders.o_w_id","orders.o_d_id"],"Group Key":["orders.o_id","orders.o_w_id","orders.o_d_id","customer.c_id","customer.c_last"],"Filter":"(sum(order_line.ol_amount) > '110000'::numeric)","Planned Partitions":256,"HashAgg Batches":257,"Peak Memory Usage":8337,"Disk Usage":2998280,"Rows Removed by Filter":4195789,"Shared Hit Blocks":44122,"Shared Read Blocks":0,"Shared Dirtied Blocks":0,"Shared Written Blocks":0,"Local Hit Blocks":0,"Local Read Blocks":0,"Local Dirtied Blocks":0,"Local Written Blocks":0,"Temp Read Blocks":911177,"Temp Written Blocks":1283537,"I/O Read Time":0.0,"I/O Write Time":0.0,"Temp I/O Read Time":1453.246,"Temp I/O Write Time":4887.061,"Plans":[{"Node Type":"Hash Join","Parent Relationship":"Outer","Parallel Aware":false,"Async Capable":false,"Join Type":"Inner","Startup Cost":915024.21,"Total Cost":4123682.78,"Plan Rows":42013936,"Plan Width":42,"Actual Startup Time":4946.117,"Actual Total Time":55930.364,"Actual Rows":41958803,"Actual Loops":1,"Output":["customer.c_last","customer.c_id","orders.o_id","orders.o_w_id","orders.o_d_id","orders.o_entry_d","orders.o_ol_cnt","order_line.ol_amount"],"Inner Unique":true,"Hash Cond":"((orders.o_c_id = customer.c_id) AND (orders.o_w_id = customer.c_w_id) AND (orders.o_d_id = customer.c_d_id))","Shared Hit Blocks":44122,"Shared Read Blocks":0,"Shared Dirtied Blocks":0,"Shared Written Blocks":0,"Local Hit Blocks":0,"Local Read Blocks":0,"Local Dirtied Blocks":0,"Local Written Blocks":0,"Temp Read Blocks":552325,"Temp Written Blocks":552325,"I/O Read Time":0.0,"I/O Write Time":0.0,"Temp I/O Read Time":894.34,"Temp I/O Write Time":2585.543,"Plans":[{"Node Type":"Hash Join","Parent Relationship":"Outer","Parallel Aware":false,"Async Capable":false,"Join Type":"Inner","Startup Cost":265068.27,"Total Cost":2451241.0,"Plan Rows":42013936,"Plan Width":34,"Actual Startup Time":2486.424,"Actual Total Time":31127.15,"Actual Rows":41958803,"Actual Loops":1,"Output":["orders.o_entry_d","orders.o_ol_cnt","orders.o_id","orders.o_w_id","orders.o_d_id","orders.o_c_id","order_line.ol_amount","order_line.ol_w_id","order_line.ol_d_id"],"Inner Unique":true,"Hash Cond":"((order_line.ol_w_id = orders.o_w_id) AND (order_line.ol_d_id = orders.o_d_id) AND (order_line.ol_o_id = orders.o_id))","Shared Hit Blocks":44122,"Shared Read Blocks":0,"Shared Dirtied Blocks":0,"Shared Written Blocks":0,"Local Hit Blocks":0,"Local Read Blocks":0,"Local Dirtied Blocks":0,"Local Written Blocks":0,"Temp Read Blocks":219058,"Temp Written Blocks":219058,"I/O Read Time":0.0,"I/O Write Time":0.0,"Temp I/O Read Time":352.001,"Temp I/O Write Time":985.655,"Plans":[{"Node Type":"Append","Parent Relationship":"Outer","Parallel Aware":false,"Async Capable":false,"Startup Cost":20.0,"Total Cost":1403598.82,"Plan Rows":42039468,"Plan Width":16,"Actual Startup Time":1.234,"Actual Total Time":9654.369,"Actual Rows":41960840,"Actual Loops":1,"Shared Hit Blocks":0,"Shared Read Blocks":0,"Shared Dirtied Blocks":0,"Shared Written Blocks":0,"Local Hit Blocks":0,"Local Read Blocks":0,"Local Dirtied Blocks":0,"Local Written Blocks":0,"Temp Read Blocks":0,"Temp Written Blocks":0,"I/O Read Time":0.0,"I/O Write Time":0.0,"Temp I/O Read Time":0.0,"Temp I/O Write Time":0.0,"Subplans Removed":0,"Plans":[{"Node Type":"Custom Scan","Parent Relationship":"Member","Custom Plan Provider":"columnar scan","Parallel Aware":false,"Async Capable":false,"Relation Name":"order_line","Schema":"public","Alias":"order_line","Startup Cost":20.0,"Total Cost":987947.38,"Plan Rows":42039424,"Plan Width":16,"Actual Startup Time":1.233,"Actual Total Time":6777.161,"Actual Rows":41960840,"Actual Loops":1,"Output":["order_line.ol_amount","order_line.ol_w_id","order_line.ol_d_id","order_line.ol_o_id"],"Filter":"(order_line.ol_delivery_d >= '1992-01-02 20:10:02.27764'::timestamp without time zone)","Rows Removed by Filter":0,"Rows Removed by Columnar Filter":18032921,"Rows Filtered by Bloom Filter":0,"Dictionary Rows Filtered by Bloom Filter":39649,"Columnar cache search mode":"native","Shared Hit Blocks":0,"Shared Read Blocks":0,"Shared Dirtied Blocks":0,"Shared Written Blocks":0,"Local Hit Blocks":0,"Local Read Blocks":0,"Local Dirtied Blocks":0,"Local Written Blocks":0,"Temp Read Blocks":0,"Temp Written Blocks":0,"I/O Read Time":0.0,"I/O Write Time":0.0,"Temp I/O Read Time":0.0,"Temp I/O Write Time":0.0},{"Node Type":"Seq Scan","Parent Relationship":"Member","Parallel Aware":false,"Async Capable":false,"Relation Name":"order_line","Schema":"public","Alias":"order_line","Startup Cost":0.0,"Total Cost":4.79,"Plan Rows":44,"Plan Width":16,"Actual Startup Time":0.0,"Actual Total Time":0.0,"Actual Rows":0,"Actual Loops":0,"Output":["order_line.ol_amount","order_line.ol_w_id","order_line.ol_d_id","order_line.ol_o_id"],"Filter":"(order_line.ol_delivery_d >= '1992-01-02 20:10:02.27764'::timestamp without time zone)","Rows Removed by Filter":0,"Shared Hit Blocks":0,"Shared Read Blocks":0,"Shared Dirtied Blocks":0,"Shared Written Blocks":0,"Local Hit Blocks":0,"Local Read Blocks":0,"Local Dirtied Blocks":0,"Local Written Blocks":0,"Temp Read Blocks":0,"Temp Written Blocks":0,"I/O Read Time":0.0,"I/O Write Time":0.0,"Temp I/O Read Time":0.0,"Temp I/O Write Time":0.0}]},{"Node Type":"Hash","Parent Relationship":"Inner","Parallel Aware":false,"Async Capable":false,"Startup Cost":119121.6,"Total Cost":119121.6,"Plan Rows":5996324,"Plan Width":26,"Actual Startup Time":2481.435,"Actual Total Time":2481.438,"Actual Rows":5995789,"Actual Loops":1,"Output":["orders.o_entry_d","orders.o_ol_cnt","orders.o_id","orders.o_w_id","orders.o_d_id","orders.o_c_id"],"Hash Buckets":131072,"Original Hash Buckets":131072,"Hash Batches":64,"Original Hash Batches":64,"Peak Memory Usage":6861,"Shared Hit Blocks":44122,"Shared Read Blocks":0,"Shared Dirtied Blocks":0,"Shared Written Blocks":0,"Local Hit Blocks":0,"Local Read Blocks":0,"Local Dirtied Blocks":0,"Local Written Blocks":0,"Temp Read Blocks":0,"Temp Written Blocks":37436,"I/O Read Time":0.0,"I/O Write Time":0.0,"Temp I/O Read Time":0.0,"Temp I/O Write Time":182.649,"Plans":[{"Node Type":"Seq Scan","Parent Relationship":"Outer","Parallel Aware":false,"Async Capable":false,"Relation Name":"orders","Schema":"public","Alias":"orders","Startup Cost":0.0,"Total Cost":119121.6,"Plan Rows":5996324,"Plan Width":26,"Actual Startup Time":0.015,"Actual Total Time":956.693,"Actual Rows":5995789,"Actual Loops":1,"Output":["orders.o_entry_d","orders.o_ol_cnt","orders.o_id","orders.o_w_id","orders.o_d_id","orders.o_c_id"],"Filter":"(orders.o_entry_d >= '1992-01-02 20:10:02.27764'::timestamp without time zone)","Rows Removed by Filter":4211,"Shared Hit Blocks":44122,"Shared Read Blocks":0,"Shared Dirtied Blocks":0,"Shared Written Blocks":0,"Local Hit Blocks":0,"Local Read Blocks":0,"Local Dirtied Blocks":0,"Local Written Blocks":0,"Temp Read Blocks":0,"Temp Written Blocks":0,"I/O Read Time":0.0,"I/O Write Time":0.0,"Temp I/O Read Time":0.0,"Temp I/O Write Time":0.0}]}]},{"Node Type":"Hash","Parent Relationship":"Inner","Parallel Aware":false,"Async Capable":false,"Startup Cost":509795.49,"Total Cost":509795.49,"Plan Rows":6000140,"Plan Width":20,"Actual Startup Time":2459.139,"Actual Total Time":2459.144,"Actual Rows":6000000,"Actual Loops":1,"Output":["customer.c_last","customer.c_id","customer.c_w_id","customer.c_d_id"],"Hash Buckets":131072,"Original Hash Buckets":131072,"Hash Batches":64,"Original Hash Batches":64,"Peak Memory Usage":6027,"Shared Hit Blocks":0,"Shared Read Blocks":0,"Shared Dirtied Blocks":0,"Shared Written Blocks":0,"Local Hit Blocks":0,"Local Read Blocks":0,"Local Dirtied Blocks":0,"Local Written Blocks":0,"Temp Read Blocks":0,"Temp Written Blocks":30653,"I/O Read Time":0.0,"I/O Write Time":0.0,"Temp I/O Read Time":0.0,"Temp I/O Write Time":135.289,"Plans":[{"Node Type":"Append","Parent Relationship":"Outer","Parallel Aware":false,"Async Capable":false,"Startup Cost":20.0,"Total Cost":509795.49,"Plan Rows":6000140,"Plan Width":20,"Actual Startup Time":0.021,"Actual Total Time":1346.524,"Actual Rows":6000000,"Actual Loops":1,"Shared Hit Blocks":0,"Shared Read Blocks":0,"Shared Dirtied Blocks":0,"Shared Written Blocks":0,"Local Hit Blocks":0,"Local Read Blocks":0,"Local Dirtied Blocks":0,"Local Written Blocks":0,"Temp Read Blocks":0,"Temp Written Blocks":0,"I/O Read Time":0.0,"I/O Write Time":0.0,"Temp I/O Read Time":0.0,"Temp I/O Write Time":0.0,"Subplans Removed":0,"Plans":[{"Node Type":"Custom Scan","Parent Relationship":"Member","Custom Plan Provider":"columnar scan","Parallel Aware":false,"Async Capable":false,"Relation Name":"customer","Schema":"public","Alias":"customer","Startup Cost":20.0,"Total Cost":141020.06,"Plan Rows":6000000,"Plan Width":20,"Actual Startup Time":0.019,"Actual Total Time":909.127,"Actual Rows":6000000,"Actual Loops":1,"Output":["customer.c_last","customer.c_id","customer.c_w_id","customer.c_d_id"],"Rows Removed by Columnar Filter":0,"Columnar cache search mode":"native","Shared Hit Blocks":0,"Shared Read Blocks":0,"Shared Dirtied Blocks":0,"Shared Written Blocks":0,"Local Hit Blocks":0,"Local Read Blocks":0,"Local Dirtied Blocks":0,"Local Written Blocks":0,"Temp Read Blocks":0,"Temp Written Blocks":0,"I/O Read Time":0.0,"I/O Write Time":0.0,"Temp I/O Read Time":0.0,"Temp I/O Write Time":0.0},{"Node Type":"Seq Scan","Parent Relationship":"Member","Parallel Aware":false,"Async Capable":false,"Relation Name":"customer","Schema":"public","Alias":"customer","Startup Cost":0.0,"Total Cost":5.4,"Plan Rows":140,"Plan Width":20,"Actual Startup Time":0.0,"Actual Total Time":0.0,"Actual Rows":0,"Actual Loops":0,"Output":["customer.c_last","customer.c_id","customer.c_w_id","customer.c_d_id"],"Shared Hit Blocks":0,"Shared Read Blocks":0,"Shared Dirtied Blocks":0,"Shared Written Blocks":0,"Local Hit Blocks":0,"Local Read Blocks":0,"Local Dirtied Blocks":0,"Local Written Blocks":0,"Temp Read Blocks":0,"Temp Written Blocks":0,"I/O Read Time":0.0,"I/O Write Time":0.0,"Temp I/O Read Time":0.0,"Temp I/O Write Time":0.0}]}]}]}]}]},"Planning":{"Shared Hit Blocks":72,"Shared Read Blocks":0,"Shared Dirtied Blocks":0,"Shared Written Blocks":0,"Local Hit Blocks":0,"Local Read Blocks":0,"Local Dirtied Blocks":0,"Local Written Blocks":0,"Temp Read Blocks":0,"Temp Written Blocks":0,"I/O Read Time":0.0,"I/O Write Time":0.0,"Temp I/O Read Time":0.0,"Temp I/O Write Time":0.0},"Planning Time":1.815,"Triggers":[],"Execution Time":82495.238}]
[列存组合]: customer, orders
[{"Plan":{"Node Type":"Sort","Parallel Aware":false,"Async Capable":false,"Startup Cost":17863530.45,"Total Cost":17898542.07,"Plan Rows":14004645,"Plan Width":70,"Actual Startup Time":78742.273,"Actual Total Time":78742.29,"Actual Rows":0,"Actual Loops":1,"Output":["customer.c_last","customer.c_id","orders.o_entry_d","orders.o_ol_cnt","(sum(order_line.ol_amount))","orders.o_id","orders.o_w_id","orders.o_d_id"],"Sort Key":["(sum(order_line.ol_amount)) DESC","orders.o_entry_d"],"Sort Method":"quicksort","Sort Space Used":25,"Sort Space Type":"Memory","Shared Hit Blocks":725870,"Shared Read Blocks":0,"Shared Dirtied Blocks":0,"Shared Written Blocks":0,"Local Hit Blocks":0,"Local Read Blocks":0,"Local Dirtied Blocks":0,"Local Written Blocks":0,"Temp Read Blocks":911344,"Temp Written Blocks":1283704,"I/O Read Time":0.0,"I/O Write Time":0.0,"Temp I/O Read Time":1462.983,"Temp I/O Write Time":4897.54,"Plans":[{"Node Type":"Aggregate","Strategy":"Hashed","Partial Mode":"Simple","Parent Relationship":"Outer","Parallel Aware":false,"Async Capable":false,"Startup Cost":12370730.98,"Total Cost":14477992.46,"Plan Rows":14004645,"Plan Width":70,"Actual Startup Time":78742.261,"Actual Total Time":78742.277,"Actual Rows":0,"Actual Loops":1,"Output":["customer.c_last","customer.c_id","orders.o_entry_d","orders.o_ol_cnt","sum(order_line.ol_amount)","orders.o_id","orders.o_w_id","orders.o_d_id"],"Group Key":["orders.o_id","orders.o_w_id","orders.o_d_id","customer.c_id","customer.c_last"],"Filter":"(sum(order_line.ol_amount) > '110000'::numeric)","Planned Partitions":256,"HashAgg Batches":257,"Peak Memory Usage":8337,"Disk Usage":2998280,"Rows Removed by Filter":4195789,"Shared Hit Blocks":725870,"Shared Read Blocks":0,"Shared Dirtied Blocks":0,"Shared Written Blocks":0,"Local Hit Blocks":0,"Local Read Blocks":0,"Local Dirtied Blocks":0,"Local Written Blocks":0,"Temp Read Blocks":911344,"Temp Written Blocks":1283704,"I/O Read Time":0.0,"I/O Write Time":0.0,"Temp I/O Read Time":1462.983,"Temp I/O Write Time":4897.54,"Plans":[{"Node Type":"Hash Join","Parent Relationship":"Outer","Parallel Aware":false,"Async Capable":false,"Join Type":"Inner","Startup Cost":915004.21,"Total Cost":4151754.75,"Plan Rows":42013936,"Plan Width":42,"Actual Startup Time":4426.383,"Actual Total Time":52546.828,"Actual Rows":41958803,"Actual Loops":1,"Output":["customer.c_last","customer.c_id","orders.o_id","orders.o_w_id","orders.o_d_id","orders.o_entry_d","orders.o_ol_cnt","order_line.ol_amount"],"Inner Unique":true,"Hash Cond":"((orders.o_c_id = customer.c_id) AND (orders.o_w_id = customer.c_w_id) AND (orders.o_d_id = customer.c_d_id))","Shared Hit Blocks":725870,"Shared Read Blocks":0,"Shared Dirtied Blocks":0,"Shared Written Blocks":0,"Local Hit Blocks":0,"Local Read Blocks":0,"Local Dirtied Blocks":0,"Local Written Blocks":0,"Temp Read Blocks":552492,"Temp Written Blocks":552492,"I/O Read Time":0.0,"I/O Write Time":0.0,"Temp I/O Read Time":896.925,"Temp I/O Write Time":2607.991,"Plans":[{"Node Type":"Hash Join","Parent Relationship":"Outer","Parallel Aware":false,"Async Capable":false,"Join Type":"Inner","Startup Cost":265048.27,"Total Cost":2479312.97,"Plan Rows":42013936,"Plan Width":34,"Actual Startup Time":1983.505,"Actual Total Time":27748.502,"Actual Rows":41958803,"Actual Loops":1,"Output":["orders.o_entry_d","orders.o_ol_cnt","orders.o_id","orders.o_w_id","orders.o_d_id","orders.o_c_id","order_line.ol_amount","order_line.ol_w_id","order_line.ol_d_id"],"Inner Unique":true,"Hash Cond":"((order_line.ol_w_id = orders.o_w_id) AND (order_line.ol_d_id = orders.o_d_id) AND (order_line.ol_o_id = orders.o_id))","Shared Hit Blocks":725870,"Shared Read Blocks":0,"Shared Dirtied Blocks":0,"Shared Written Blocks":0,"Local Hit Blocks":0,"Local Read Blocks":0,"Local Dirtied Blocks":0,"Local Written Blocks":0,"Temp Read Blocks":219225,"Temp Written Blocks":219225,"I/O Read Time":0.0,"I/O Write Time":0.0,"Temp I/O Read Time":351.89,"Temp I/O Write Time":988.987,"Plans":[{"Node Type":"Seq Scan","Parent Relationship":"Outer","Parallel Aware":false,"Async Capable":false,"Relation Name":"order_line","Schema":"public","Alias":"order_line","Startup Cost":0.0,"Total Cost":1431670.8,"Plan Rows":42039468,"Plan Width":16,"Actual Startup Time":0.012,"Actual Total Time":7240.764,"Actual Rows":42000489,"Actual Loops":1,"Output":["order_line.ol_amount","order_line.ol_w_id","order_line.ol_d_id","order_line.ol_o_id"],"Filter":"(order_line.ol_delivery_d >= '1992-01-02 20:10:02.27764'::timestamp without time zone)","Rows Removed by Filter":17993272,"Shared Hit Blocks":681748,"Shared Read Blocks":0,"Shared Dirtied Blocks":0,"Shared Written Blocks":0,"Local Hit Blocks":0,"Local Read Blocks":0,"Local Dirtied Blocks":0,"Local Written Blocks":0,"Temp Read Blocks":0,"Temp Written Blocks":0,"I/O Read Time":0.0,"I/O Write Time":0.0,"Temp I/O Read Time":0.0,"Temp I/O Write Time":0.0},{"Node Type":"Hash","Parent Relationship":"Inner","Parallel Aware":false,"Async Capable":false,"Startup Cost":119121.6,"Total Cost":119121.6,"Plan Rows":5996324,"Plan Width":26,"Actual Startup Time":1982.709,"Actual Total Time":1982.712,"Actual Rows":5995789,"Actual Loops":1,"Output":["orders.o_entry_d","orders.o_ol_cnt","orders.o_id","orders.o_w_id","orders.o_d_id","orders.o_c_id"],"Hash Buckets":131072,"Original Hash Buckets":131072,"Hash Batches":64,"Original Hash Batches":64,"Peak Memory Usage":6861,"Shared Hit Blocks":44122,"Shared Read Blocks":0,"Shared Dirtied Blocks":0,"Shared Written Blocks":0,"Local Hit Blocks":0,"Local Read Blocks":0,"Local Dirtied Blocks":0,"Local Written Blocks":0,"Temp Read Blocks":0,"Temp Written Blocks":37436,"I/O Read Time":0.0,"I/O Write Time":0.0,"Temp I/O Read Time":0.0,"Temp I/O Write Time":170.829,"Plans":[{"Node Type":"Seq Scan","Parent Relationship":"Outer","Parallel Aware":false,"Async Capable":false,"Relation Name":"orders","Schema":"public","Alias":"orders","Startup Cost":0.0,"Total Cost":119121.6,"Plan Rows":5996324,"Plan Width":26,"Actual Startup Time":0.008,"Actual Total Time":841.118,"Actual Rows":5995789,"Actual Loops":1,"Output":["orders.o_entry_d","orders.o_ol_cnt","orders.o_id","orders.o_w_id","orders.o_d_id","orders.o_c_id"],"Filter":"(orders.o_entry_d >= '1992-01-02 20:10:02.27764'::timestamp without time zone)","Rows Removed by Filter":4211,"Shared Hit Blocks":44122,"Shared Read Blocks":0,"Shared Dirtied Blocks":0,"Shared Written Blocks":0,"Local Hit Blocks":0,"Local Read Blocks":0,"Local Dirtied Blocks":0,"Local Written Blocks":0,"Temp Read Blocks":0,"Temp Written Blocks":0,"I/O Read Time":0.0,"I/O Write Time":0.0,"Temp I/O Read Time":0.0,"Temp I/O Write Time":0.0}]}]},{"Node Type":"Hash","Parent Relationship":"Inner","Parallel Aware":false,"Async Capable":false,"Startup Cost":509795.49,"Total Cost":509795.49,"Plan Rows":6000140,"Plan Width":20,"Actual Startup Time":2442.514,"Actual Total Time":2442.518,"Actual Rows":6000000,"Actual Loops":1,"Output":["customer.c_last","customer.c_id","customer.c_w_id","customer.c_d_id"],"Hash Buckets":131072,"Original Hash Buckets":131072,"Hash Batches":64,"Original Hash Batches":64,"Peak Memory Usage":6027,"Shared Hit Blocks":0,"Shared Read Blocks":0,"Shared Dirtied Blocks":0,"Shared Written Blocks":0,"Local Hit Blocks":0,"Local Read Blocks":0,"Local Dirtied Blocks":0,"Local Written Blocks":0,"Temp Read Blocks":0,"Temp Written Blocks":30653,"I/O Read Time":0.0,"I/O Write Time":0.0,"Temp I/O Read Time":0.0,"Temp I/O Write Time":137.13,"Plans":[{"Node Type":"Append","Parent Relationship":"Outer","Parallel Aware":false,"Async Capable":false,"Startup Cost":20.0,"Total Cost":509795.49,"Plan Rows":6000140,"Plan Width":20,"Actual Startup Time":0.044,"Actual Total Time":1323.58,"Actual Rows":6000000,"Actual Loops":1,"Shared Hit Blocks":0,"Shared Read Blocks":0,"Shared Dirtied Blocks":0,"Shared Written Blocks":0,"Local Hit Blocks":0,"Local Read Blocks":0,"Local Dirtied Blocks":0,"Local Written Blocks":0,"Temp Read Blocks":0,"Temp Written Blocks":0,"I/O Read Time":0.0,"I/O Write Time":0.0,"Temp I/O Read Time":0.0,"Temp I/O Write Time":0.0,"Subplans Removed":0,"Plans":[{"Node Type":"Custom Scan","Parent Relationship":"Member","Custom Plan Provider":"columnar scan","Parallel Aware":false,"Async Capable":false,"Relation Name":"customer","Schema":"public","Alias":"customer","Startup Cost":20.0,"Total Cost":141020.06,"Plan Rows":6000000,"Plan Width":20,"Actual Startup Time":0.042,"Actual Total Time":905.183,"Actual Rows":6000000,"Actual Loops":1,"Output":["customer.c_last","customer.c_id","customer.c_w_id","customer.c_d_id"],"Rows Removed by Columnar Filter":0,"Columnar cache search mode":"native","Shared Hit Blocks":0,"Shared Read Blocks":0,"Shared Dirtied Blocks":0,"Shared Written Blocks":0,"Local Hit Blocks":0,"Local Read Blocks":0,"Local Dirtied Blocks":0,"Local Written Blocks":0,"Temp Read Blocks":0,"Temp Written Blocks":0,"I/O Read Time":0.0,"I/O Write Time":0.0,"Temp I/O Read Time":0.0,"Temp I/O Write Time":0.0},{"Node Type":"Seq Scan","Parent Relationship":"Member","Parallel Aware":false,"Async Capable":false,"Relation Name":"customer","Schema":"public","Alias":"customer","Startup Cost":0.0,"Total Cost":5.4,"Plan Rows":140,"Plan Width":20,"Actual Startup Time":0.0,"Actual Total Time":0.0,"Actual Rows":0,"Actual Loops":0,"Output":["customer.c_last","customer.c_id","customer.c_w_id","customer.c_d_id"],"Shared Hit Blocks":0,"Shared Read Blocks":0,"Shared Dirtied Blocks":0,"Shared Written Blocks":0,"Local Hit Blocks":0,"Local Read Blocks":0,"Local Dirtied Blocks":0,"Local Written Blocks":0,"Temp Read Blocks":0,"Temp Written Blocks":0,"I/O Read Time":0.0,"I/O Write Time":0.0,"Temp I/O Read Time":0.0,"Temp I/O Write Time":0.0}]}]}]}]}]},"Planning":{"Shared Hit Blocks":72,"Shared Read Blocks":0,"Shared Dirtied Blocks":0,"Shared Written Blocks":0,"Local Hit Blocks":0,"Local Read Blocks":0,"Local Dirtied Blocks":0,"Local Written Blocks":0,"Temp Read Blocks":0,"Temp Written Blocks":0,"I/O Read Time":0.0,"I/O Write Time":0.0,"Temp I/O Read Time":0.0,"Temp I/O Write Time":0.0},"Planning Time":1.453,"Triggers":[],"Execution Time":79252.575}]
[列存组合]: order_line, orders
[{"Plan":{"Node Type":"Sort","Parallel Aware":false,"Async Capable":false,"Startup Cost":16648169.16,"Total Cost":16683180.77,"Plan Rows":14004645,"Plan Width":70,"Actual Startup Time":61257.331,"Actual Total Time":61257.351,"Actual Rows":0,"Actual Loops":1,"Output":["customer.c_last","customer.c_id","orders.o_entry_d","orders.o_ol_cnt","(sum(order_line.ol_amount))","orders.o_id","orders.o_w_id","orders.o_d_id"],"Sort Key":["(sum(order_line.ol_amount)) DESC","orders.o_entry_d"],"Sort Method":"quicksort","Sort Space Used":25,"Sort Space Type":"Memory","Shared Hit Blocks":459990,"Shared Read Blocks":0,"Shared Dirtied Blocks":0,"Shared Written Blocks":0,"Local Hit Blocks":0,"Local Read Blocks":0,"Local Dirtied Blocks":0,"Local Written Blocks":0,"Temp Read Blocks":692112,"Temp Written Blocks":1063821,"I/O Read Time":0.0,"I/O Write Time":0.0,"Temp I/O Read Time":1089.088,"Temp I/O Write Time":3794.885,"Plans":[{"Node Type":"Aggregate","Strategy":"Hashed","Partial Mode":"Simple","Parent Relationship":"Outer","Parallel Aware":false,"Async Capable":false,"Startup Cost":11155369.69,"Total Cost":13262631.17,"Plan Rows":14004645,"Plan Width":70,"Actual Startup Time":61257.321,"Actual Total Time":61257.34,"Actual Rows":0,"Actual Loops":1,"Output":["customer.c_last","customer.c_id","orders.o_entry_d","orders.o_ol_cnt","sum(order_line.ol_amount)","orders.o_id","orders.o_w_id","orders.o_d_id"],"Group Key":["orders.o_id","orders.o_w_id","orders.o_d_id","customer.c_id","customer.c_last"],"Filter":"(sum(order_line.ol_amount) > '110000'::numeric)","Planned Partitions":256,"HashAgg Batches":257,"Peak Memory Usage":8337,"Disk Usage":2993160,"Rows Removed by Filter":4195789,"Shared Hit Blocks":459990,"Shared Read Blocks":0,"Shared Dirtied Blocks":0,"Shared Written Blocks":0,"Local Hit Blocks":0,"Local Read Blocks":0,"Local Dirtied Blocks":0,"Local Written Blocks":0,"Temp Read Blocks":692112,"Temp Written Blocks":1063821,"I/O Read Time":0.0,"I/O Write Time":0.0,"Temp I/O Read Time":1089.088,"Temp I/O Write Time":3794.885,"Plans":[{"Node Type":"Hash Join","Parent Relationship":"Outer","Parallel Aware":false,"Async Capable":false,"Join Type":"Inner","Startup Cost":680691.17,"Total Cost":2936393.46,"Plan Rows":42013936,"Plan Width":42,"Actual Startup Time":3588.885,"Actual Total Time":35327.545,"Actual Rows":41958803,"Actual Loops":1,"Output":["customer.c_last","customer.c_id","orders.o_id","orders.o_w_id","orders.o_d_id","orders.o_entry_d","orders.o_ol_cnt","order_line.ol_amount"],"Hash Cond":"((orders.o_c_id = customer.c_id) AND (orders.o_w_id = customer.c_w_id) AND (orders.o_d_id = customer.c_d_id))","Shared Hit Blocks":459990,"Shared Read Blocks":0,"Shared Dirtied Blocks":0,"Shared Written Blocks":0,"Local Hit Blocks":0,"Local Read Blocks":0,"Local Dirtied Blocks":0,"Local Written Blocks":0,"Temp Read Blocks":333267,"Temp Written Blocks":333267,"I/O Read Time":0.0,"I/O Write Time":0.0,"Temp I/O Read Time":533.106,"Temp I/O Write Time":1536.147,"Plans":[{"Node Type":"Hash Join","Parent Relationship":"Outer","Parallel Aware":false,"Async Capable":false,"Join Type":"Inner","Startup Cost":20539.32,"Total Cost":1253755.77,"Plan Rows":42013936,"Plan Width":34,"Actual Startup Time":700.219,"Actual Total Time":10396.307,"Actual Rows":41958803,"Actual Loops":1,"Output":["orders.o_entry_d","orders.o_ol_cnt","orders.o_id","orders.o_w_id","orders.o_d_id","orders.o_c_id","order_line.ol_amount","order_line.ol_w_id","order_line.ol_d_id"],"Hash Cond":"((order_line.ol_w_id = orders.o_w_id) AND (order_line.ol_d_id = orders.o_d_id) AND (order_line.ol_o_id = orders.o_id))","Rows Removed by Bloom Filter":0,"Shared Hit Blocks":0,"Shared Read Blocks":0,"Shared Dirtied Blocks":0,"Shared Written Blocks":0,"Local Hit Blocks":0,"Local Read Blocks":0,"Local Dirtied Blocks":0,"Local Written Blocks":0,"Temp Read Blocks":0,"Temp Written Blocks":0,"I/O Read Time":0.0,"I/O Write Time":0.0,"Temp I/O Read Time":0.0,"Temp I/O Write Time":0.0,"Plans":[{"Node Type":"Append","Parent Relationship":"Outer","Parallel Aware":false,"Async Capable":false,"Startup Cost":20.0,"Total Cost":987952.17,"Plan Rows":42039468,"Plan Width":16,"Actual Startup Time":16.438,"Actual Total Time":16.443,"Actual Rows":42000489,"Actual Loops":1,"Shared Hit Blocks":0,"Shared Read Blocks":0,"Shared Dirtied Blocks":0,"Shared Written Blocks":0,"Local Hit Blocks":0,"Local Read Blocks":0,"Local Dirtied Blocks":0,"Local Written Blocks":0,"Temp Read Blocks":0,"Temp Written Blocks":0,"I/O Read Time":0.0,"I/O Write Time":0.0,"Temp I/O Read Time":0.0,"Temp I/O Write Time":0.0,"Subplans Removed":0,"Plans":[{"Node Type":"Custom Scan","Parent Relationship":"Member","Custom Plan Provider":"columnar scan","Parallel Aware":false,"Async Capable":false,"Relation Name":"order_line","Schema":"public","Alias":"order_line","Startup Cost":20.0,"Total Cost":987947.38,"Plan Rows":42039424,"Plan Width":16,"Actual Startup Time":16.436,"Actual Total Time":16.437,"Actual Rows":42000489,"Actual Loops":1,"Output":["order_line.ol_amount","order_line.ol_w_id","order_line.ol_d_id","order_line.ol_o_id"],"Filter":"(order_line.ol_delivery_d >= '1992-01-02 20:10:02.27764'::timestamp without time zone)","Rows Removed by Filter":0,"Rows Removed by Columnar Filter":17993272,"Columnar cache search mode":"native","Shared Hit Blocks":0,"Shared Read Blocks":0,"Shared Dirtied Blocks":0,"Shared Written Blocks":0,"Local Hit Blocks":0,"Local Read Blocks":0,"Local Dirtied Blocks":0,"Local Written Blocks":0,"Temp Read Blocks":0,"Temp Written Blocks":0,"I/O Read Time":0.0,"I/O Write Time":0.0,"Temp I/O Read Time":0.0,"Temp I/O Write Time":0.0},{"Node Type":"Seq Scan","Parent Relationship":"Member","Parallel Aware":false,"Async Capable":false,"Relation Name":"order_line","Schema":"public","Alias":"order_line","Startup Cost":0.0,"Total Cost":4.79,"Plan Rows":44,"Plan Width":16,"Actual Startup Time":0.0,"Actual Total Time":0.0,"Actual Rows":0,"Actual Loops":0,"Output":["order_line.ol_amount","order_line.ol_w_id","order_line.ol_d_id","order_line.ol_o_id"],"Filter":"(order_line.ol_delivery_d >= '1992-01-02 20:10:02.27764'::timestamp without time zone)","Rows Removed by Filter":0,"Shared Hit Blocks":0,"Shared Read Blocks":0,"Shared Dirtied Blocks":0,"Shared Written Blocks":0,"Local Hit Blocks":0,"Local Read Blocks":0,"Local Dirtied Blocks":0,"Local Written Blocks":0,"Temp Read Blocks":0,"Temp Written Blocks":0,"I/O Read Time":0.0,"I/O Write Time":0.0,"Temp I/O Read Time":0.0,"Temp I/O Write Time":0.0}]},{"Node Type":"Hash","Parent Relationship":"Inner","Parallel Aware":false,"Async Capable":false,"Startup Cost":164922.98,"Total Cost":164922.98,"Plan Rows":5996325,"Plan Width":26,"Actual Rows":5995789,"Actual Loops":1,"Output":["orders.o_entry_d","orders.o_ol_cnt","orders.o_id","orders.o_w_id","orders.o_d_id","orders.o_c_id"],"Shared Hit Blocks":0,"Shared Read Blocks":0,"Shared Dirtied Blocks":0,"Shared Written Blocks":0,"Local Hit Blocks":0,"Local Read Blocks":0,"Local Dirtied Blocks":0,"Local Written Blocks":0,"Temp Read Blocks":0,"Temp Written Blocks":0,"I/O Read Time":0.0,"I/O Write Time":0.0,"Temp I/O Read Time":0.0,"Temp I/O Write Time":0.0,"Plans":[{"Node Type":"Append","Parent Relationship":"Outer","Parallel Aware":false,"Async Capable":false,"Startup Cost":20.0,"Total Cost":164922.98,"Plan Rows":5996325,"Plan Width":26,"Actual Startup Time":3.008,"Actual Total Time":3.011,"Actual Rows":5995789,"Actual Loops":1,"Shared Hit Blocks":0,"Shared Read Blocks":0,"Shared Dirtied Blocks":0,"Shared Written Blocks":0,"Local Hit Blocks":0,"Local Read Blocks":0,"Local Dirtied Blocks":0,"Local Written Blocks":0,"Temp Read Blocks":0,"Temp Written Blocks":0,"I/O Read Time":0.0,"I/O Write Time":0.0,"Temp I/O Read Time":0.0,"Temp I/O Write Time":0.0,"Subplans Removed":0,"Plans":[{"Node Type":"Custom Scan","Parent Relationship":"Member","Custom Plan Provider":"columnar scan","Parallel Aware":false,"Async Capable":false,"Relation Name":"orders","Schema":"public","Alias":"orders","Startup Cost":20.0,"Total Cost":164918.97,"Plan Rows":5996324,"Plan Width":26,"Actual Startup Time":3.005,"Actual Total Time":3.005,"Actual Rows":5995789,"Actual Loops":1,"Output":["orders.o_entry_d","orders.o_ol_cnt","orders.o_id","orders.o_w_id","orders.o_d_id","orders.o_c_id"],"Filter":"(orders.o_entry_d >= '1992-01-02 20:10:02.27764'::timestamp without time zone)","Rows Removed by Filter":0,"Rows Removed by Columnar Filter":4211,"Columnar cache search mode":"native","Shared Hit Blocks":0,"Shared Read Blocks":0,"Shared Dirtied Blocks":0,"Shared Written Blocks":0,"Local Hit Blocks":0,"Local Read Blocks":0,"Local Dirtied Blocks":0,"Local Written Blocks":0,"Temp Read Blocks":0,"Temp Written Blocks":0,"I/O Read Time":0.0,"I/O Write Time":0.0,"Temp I/O Read Time":0.0,"Temp I/O Write Time":0.0},{"Node Type":"Seq Scan","Parent Relationship":"Member","Parallel Aware":false,"Async Capable":false,"Relation Name":"orders","Schema":"public","Alias":"orders","Startup Cost":0.0,"Total Cost":4.01,"Plan Rows":1,"Plan Width":26,"Actual Startup Time":0.0,"Actual Total Time":0.0,"Actual Rows":0,"Actual Loops":0,"Output":["orders.o_entry_d","orders.o_ol_cnt","orders.o_id","orders.o_w_id","orders.o_d_id","orders.o_c_id"],"Filter":"(orders.o_entry_d >= '1992-01-02 20:10:02.27764'::timestamp without time zone)","Rows Removed by Filter":0,"Shared Hit Blocks":0,"Shared Read Blocks":0,"Shared Dirtied Blocks":0,"Shared Written Blocks":0,"Local Hit Blocks":0,"Local Read Blocks":0,"Local Dirtied Blocks":0,"Local Written Blocks":0,"Temp Read Blocks":0,"Temp Written Blocks":0,"I/O Read Time":0.0,"I/O Write Time":0.0,"Temp I/O Read Time":0.0,"Temp I/O Write Time":0.0}]}]}]},{"Node Type":"Hash","Parent Relationship":"Inner","Parallel Aware":false,"Async Capable":false,"Startup Cost":519991.4,"Total Cost":519991.4,"Plan Rows":6000140,"Plan Width":20,"Actual Startup Time":2887.662,"Actual Total Time":2887.664,"Actual Rows":6000000,"Actual Loops":1,"Output":["customer.c_last","customer.c_id","customer.c_w_id","customer.c_d_id"],"Hash Buckets":131072,"Original Hash Buckets":131072,"Hash Batches":64,"Original Hash Batches":64,"Peak Memory Usage":6027,"Shared Hit Blocks":459990,"Shared Read Blocks":0,"Shared Dirtied Blocks":0,"Shared Written Blocks":0,"Local Hit Blocks":0,"Local Read Blocks":0,"Local Dirtied Blocks":0,"Local Written Blocks":0,"Temp Read Blocks":0,"Temp Written Blocks":30653,"I/O Read Time":0.0,"I/O Write Time":0.0,"Temp I/O Read Time":0.0,"Temp I/O Write Time":146.182,"Plans":[{"Node Type":"Seq Scan","Parent Relationship":"Outer","Parallel Aware":false,"Async Capable":false,"Relation Name":"customer","Schema":"public","Alias":"customer","Startup Cost":0.0,"Total Cost":519991.4,"Plan Rows":6000140,"Plan Width":20,"Actual Startup Time":0.018,"Actual Total Time":1782.819,"Actual Rows":6000000,"Actual Loops":1,"Output":["customer.c_last","customer.c_id","customer.c_w_id","customer.c_d_id"],"Shared Hit Blocks":459990,"Shared Read Blocks":0,"Shared Dirtied Blocks":0,"Shared Written Blocks":0,"Local Hit Blocks":0,"Local Read Blocks":0,"Local Dirtied Blocks":0,"Local Written Blocks":0,"Temp Read Blocks":0,"Temp Written Blocks":0,"I/O Read Time":0.0,"I/O Write Time":0.0,"Temp I/O Read Time":0.0,"Temp I/O Write Time":0.0}]}]}]}]},"Planning":{"Shared Hit Blocks":72,"Shared Read Blocks":0,"Shared Dirtied Blocks":0,"Shared Written Blocks":0,"Local Hit Blocks":0,"Local Read Blocks":0,"Local Dirtied Blocks":0,"Local Written Blocks":0,"Temp Read Blocks":0,"Temp Written Blocks":0,"I/O Read Time":0.0,"I/O Write Time":0.0,"Temp I/O Read Time":0.0,"Temp I/O Write Time":0.0},"Planning Time":1.345,"Triggers":[],"Execution Time":61760.781}]
[列存组合]: customer, order_line, orders
[{"Plan":{"Node Type":"Sort","Parallel Aware":false,"Async Capable":false,"Startup Cost":16637973.25,"Total Cost":16672984.86,"Plan Rows":14004645,"Plan Width":70,"Actual Startup Time":60417.562,"Actual Total Time":60417.584,"Actual Rows":0,"Actual Loops":1,"Output":["customer.c_last","customer.c_id","orders.o_entry_d","orders.o_ol_cnt","(sum(order_line.ol_amount))","orders.o_id","orders.o_w_id","orders.o_d_id"],"Sort Key":["(sum(order_line.ol_amount)) DESC","orders.o_entry_d"],"Sort Method":"quicksort","Sort Space Used":25,"Sort Space Type":"Memory","Shared Hit Blocks":0,"Shared Read Blocks":0,"Shared Dirtied Blocks":0,"Shared Written Blocks":0,"Local Hit Blocks":0,"Local Read Blocks":0,"Local Dirtied Blocks":0,"Local Written Blocks":0,"Temp Read Blocks":692112,"Temp Written Blocks":1063821,"I/O Read Time":0.0,"I/O Write Time":0.0,"Temp I/O Read Time":1088.716,"Temp I/O Write Time":3786.999,"Plans":[{"Node Type":"Aggregate","Strategy":"Hashed","Partial Mode":"Simple","Parent Relationship":"Outer","Parallel Aware":false,"Async Capable":false,"Startup Cost":11145173.78,"Total Cost":13252435.26,"Plan Rows":14004645,"Plan Width":70,"Actual Startup Time":60417.551,"Actual Total Time":60417.572,"Actual Rows":0,"Actual Loops":1,"Output":["customer.c_last","customer.c_id","orders.o_entry_d","orders.o_ol_cnt","sum(order_line.ol_amount)","orders.o_id","orders.o_w_id","orders.o_d_id"],"Group Key":["orders.o_id","orders.o_w_id","orders.o_d_id","customer.c_id","customer.c_last"],"Filter":"(sum(order_line.ol_amount) > '110000'::numeric)","Planned Partitions":256,"HashAgg Batches":257,"Peak Memory Usage":8337,"Disk Usage":2993160,"Rows Removed by Filter":4195789,"Shared Hit Blocks":0,"Shared Read Blocks":0,"Shared Dirtied Blocks":0,"Shared Written Blocks":0,"Local Hit Blocks":0,"Local Read Blocks":0,"Local Dirtied Blocks":0,"Local Written Blocks":0,"Temp Read Blocks":692112,"Temp Written Blocks":1063821,"I/O Read Time":0.0,"I/O Write Time":0.0,"Temp I/O Read Time":1088.716,"Temp I/O Write Time":3786.999,"Plans":[{"Node Type":"Hash Join","Parent Relationship":"Outer","Parallel Aware":false,"Async Capable":false,"Join Type":"Inner","Startup Cost":670495.26,"Total Cost":2926197.55,"Plan Rows":42013936,"Plan Width":42,"Actual Startup Time":3717.583,"Actual Total Time":34342.622,"Actual Rows":41958803,"Actual Loops":1,"Output":["customer.c_last","customer.c_id","orders.o_id","orders.o_w_id","orders.o_d_id","orders.o_entry_d","orders.o_ol_cnt","order_line.ol_amount"],"Hash Cond":"((orders.o_c_id = customer.c_id) AND (orders.o_w_id = customer.c_w_id) AND (orders.o_d_id = customer.c_d_id))","Shared Hit Blocks":0,"Shared Read Blocks":0,"Shared Dirtied Blocks":0,"Shared Written Blocks":0,"Local Hit Blocks":0,"Local Read Blocks":0,"Local Dirtied Blocks":0,"Local Written Blocks":0,"Temp Read Blocks":333267,"Temp Written Blocks":333267,"I/O Read Time":0.0,"I/O Write Time":0.0,"Temp I/O Read Time":532.194,"Temp I/O Write Time":1515.247,"Plans":[{"Node Type":"Hash Join","Parent Relationship":"Outer","Parallel Aware":false,"Async Capable":false,"Join Type":"Inner","Startup Cost":20539.32,"Total Cost":1253755.77,"Plan Rows":42013936,"Plan Width":34,"Actual Startup Time":1258.487,"Actual Total Time":10071.169,"Actual Rows":41958803,"Actual Loops":1,"Output":["orders.o_entry_d","orders.o_ol_cnt","orders.o_id","orders.o_w_id","orders.o_d_id","orders.o_c_id","order_line.ol_amount","order_line.ol_w_id","order_line.ol_d_id"],"Hash Cond":"((order_line.ol_w_id = orders.o_w_id) AND (order_line.ol_d_id = orders.o_d_id) AND (order_line.ol_o_id = orders.o_id))","Rows Removed by Bloom Filter":0,"Shared Hit Blocks":0,"Shared Read Blocks":0,"Shared Dirtied Blocks":0,"Shared Written Blocks":0,"Local Hit Blocks":0,"Local Read Blocks":0,"Local Dirtied Blocks":0,"Local Written Blocks":0,"Temp Read Blocks":0,"Temp Written Blocks":0,"I/O Read Time":0.0,"I/O Write Time":0.0,"Temp I/O Read Time":0.0,"Temp I/O Write Time":0.0,"Plans":[{"Node Type":"Append","Parent Relationship":"Outer","Parallel Aware":false,"Async Capable":false,"Startup Cost":20.0,"Total Cost":987952.17,"Plan Rows":42039468,"Plan Width":16,"Actual Startup Time":17.502,"Actual Total Time":17.508,"Actual Rows":42000489,"Actual Loops":1,"Shared Hit Blocks":0,"Shared Read Blocks":0,"Shared Dirtied Blocks":0,"Shared Written Blocks":0,"Local Hit Blocks":0,"Local Read Blocks":0,"Local Dirtied Blocks":0,"Local Written Blocks":0,"Temp Read Blocks":0,"Temp Written Blocks":0,"I/O Read Time":0.0,"I/O Write Time":0.0,"Temp I/O Read Time":0.0,"Temp I/O Write Time":0.0,"Subplans Removed":0,"Plans":[{"Node Type":"Custom Scan","Parent Relationship":"Member","Custom Plan Provider":"columnar scan","Parallel Aware":false,"Async Capable":false,"Relation Name":"order_line","Schema":"public","Alias":"order_line","Startup Cost":20.0,"Total Cost":987947.38,"Plan Rows":42039424,"Plan Width":16,"Actual Startup Time":17.501,"Actual Total Time":17.503,"Actual Rows":42000489,"Actual Loops":1,"Output":["order_line.ol_amount","order_line.ol_w_id","order_line.ol_d_id","order_line.ol_o_id"],"Filter":"(order_line.ol_delivery_d >= '1992-01-02 20:10:02.27764'::timestamp without time zone)","Rows Removed by Filter":0,"Rows Removed by Columnar Filter":17993272,"Columnar cache search mode":"native","Shared Hit Blocks":0,"Shared Read Blocks":0,"Shared Dirtied Blocks":0,"Shared Written Blocks":0,"Local Hit Blocks":0,"Local Read Blocks":0,"Local Dirtied Blocks":0,"Local Written Blocks":0,"Temp Read Blocks":0,"Temp Written Blocks":0,"I/O Read Time":0.0,"I/O Write Time":0.0,"Temp I/O Read Time":0.0,"Temp I/O Write Time":0.0},{"Node Type":"Seq Scan","Parent Relationship":"Member","Parallel Aware":false,"Async Capable":false,"Relation Name":"order_line","Schema":"public","Alias":"order_line","Startup Cost":0.0,"Total Cost":4.79,"Plan Rows":44,"Plan Width":16,"Actual Startup Time":0.0,"Actual Total Time":0.0,"Actual Rows":0,"Actual Loops":0,"Output":["order_line.ol_amount","order_line.ol_w_id","order_line.ol_d_id","order_line.ol_o_id"],"Filter":"(order_line.ol_delivery_d >= '1992-01-02 20:10:02.27764'::timestamp without time zone)","Rows Removed by Filter":0,"Shared Hit Blocks":0,"Shared Read Blocks":0,"Shared Dirtied Blocks":0,"Shared Written Blocks":0,"Local Hit Blocks":0,"Local Read Blocks":0,"Local Dirtied Blocks":0,"Local Written Blocks":0,"Temp Read Blocks":0,"Temp Written Blocks":0,"I/O Read Time":0.0,"I/O Write Time":0.0,"Temp I/O Read Time":0.0,"Temp I/O Write Time":0.0}]},{"Node Type":"Hash","Parent Relationship":"Inner","Parallel Aware":false,"Async Capable":false,"Startup Cost":164922.98,"Total Cost":164922.98,"Plan Rows":5996325,"Plan Width":26,"Actual Rows":5995789,"Actual Loops":1,"Output":["orders.o_entry_d","orders.o_ol_cnt","orders.o_id","orders.o_w_id","orders.o_d_id","orders.o_c_id"],"Shared Hit Blocks":0,"Shared Read Blocks":0,"Shared Dirtied Blocks":0,"Shared Written Blocks":0,"Local Hit Blocks":0,"Local Read Blocks":0,"Local Dirtied Blocks":0,"Local Written Blocks":0,"Temp Read Blocks":0,"Temp Written Blocks":0,"I/O Read Time":0.0,"I/O Write Time":0.0,"Temp I/O Read Time":0.0,"Temp I/O Write Time":0.0,"Plans":[{"Node Type":"Append","Parent Relationship":"Outer","Parallel Aware":false,"Async Capable":false,"Startup Cost":20.0,"Total Cost":164922.98,"Plan Rows":5996325,"Plan Width":26,"Actual Startup Time":3.365,"Actual Total Time":3.37,"Actual Rows":5995789,"Actual Loops":1,"Shared Hit Blocks":0,"Shared Read Blocks":0,"Shared Dirtied Blocks":0,"Shared Written Blocks":0,"Local Hit Blocks":0,"Local Read Blocks":0,"Local Dirtied Blocks":0,"Local Written Blocks":0,"Temp Read Blocks":0,"Temp Written Blocks":0,"I/O Read Time":0.0,"I/O Write Time":0.0,"Temp I/O Read Time":0.0,"Temp I/O Write Time":0.0,"Subplans Removed":0,"Plans":[{"Node Type":"Custom Scan","Parent Relationship":"Member","Custom Plan Provider":"columnar scan","Parallel Aware":false,"Async Capable":false,"Relation Name":"orders","Schema":"public","Alias":"orders","Startup Cost":20.0,"Total Cost":164918.97,"Plan Rows":5996324,"Plan Width":26,"Actual Startup Time":3.363,"Actual Total Time":3.363,"Actual Rows":5995789,"Actual Loops":1,"Output":["orders.o_entry_d","orders.o_ol_cnt","orders.o_id","orders.o_w_id","orders.o_d_id","orders.o_c_id"],"Filter":"(orders.o_entry_d >= '1992-01-02 20:10:02.27764'::timestamp without time zone)","Rows Removed by Filter":0,"Rows Removed by Columnar Filter":4211,"Columnar cache search mode":"native","Shared Hit Blocks":0,"Shared Read Blocks":0,"Shared Dirtied Blocks":0,"Shared Written Blocks":0,"Local Hit Blocks":0,"Local Read Blocks":0,"Local Dirtied Blocks":0,"Local Written Blocks":0,"Temp Read Blocks":0,"Temp Written Blocks":0,"I/O Read Time":0.0,"I/O Write Time":0.0,"Temp I/O Read Time":0.0,"Temp I/O Write Time":0.0},{"Node Type":"Seq Scan","Parent Relationship":"Member","Parallel Aware":false,"Async Capable":false,"Relation Name":"orders","Schema":"public","Alias":"orders","Startup Cost":0.0,"Total Cost":4.01,"Plan Rows":1,"Plan Width":26,"Actual Startup Time":0.0,"Actual Total Time":0.0,"Actual Rows":0,"Actual Loops":0,"Output":["orders.o_entry_d","orders.o_ol_cnt","orders.o_id","orders.o_w_id","orders.o_d_id","orders.o_c_id"],"Filter":"(orders.o_entry_d >= '1992-01-02 20:10:02.27764'::timestamp without time zone)","Rows Removed by Filter":0,"Shared Hit Blocks":0,"Shared Read Blocks":0,"Shared Dirtied Blocks":0,"Shared Written Blocks":0,"Local Hit Blocks":0,"Local Read Blocks":0,"Local Dirtied Blocks":0,"Local Written Blocks":0,"Temp Read Blocks":0,"Temp Written Blocks":0,"I/O Read Time":0.0,"I/O Write Time":0.0,"Temp I/O Read Time":0.0,"Temp I/O Write Time":0.0}]}]}]},{"Node Type":"Hash","Parent Relationship":"Inner","Parallel Aware":false,"Async Capable":false,"Startup Cost":509795.49,"Total Cost":509795.49,"Plan Rows":6000140,"Plan Width":20,"Actual Startup Time":2458.074,"Actual Total Time":2458.077,"Actual Rows":6000000,"Actual Loops":1,"Output":["customer.c_last","customer.c_id","customer.c_w_id","customer.c_d_id"],"Hash Buckets":131072,"Original Hash Buckets":131072,"Hash Batches":64,"Original Hash Batches":64,"Peak Memory Usage":6027,"Shared Hit Blocks":0,"Shared Read Blocks":0,"Shared Dirtied Blocks":0,"Shared Written Blocks":0,"Local Hit Blocks":0,"Local Read Blocks":0,"Local Dirtied Blocks":0,"Local Written Blocks":0,"Temp Read Blocks":0,"Temp Written Blocks":30653,"I/O Read Time":0.0,"I/O Write Time":0.0,"Temp I/O Read Time":0.0,"Temp I/O Write Time":138.256,"Plans":[{"Node Type":"Append","Parent Relationship":"Outer","Parallel Aware":false,"Async Capable":false,"Startup Cost":20.0,"Total Cost":509795.49,"Plan Rows":6000140,"Plan Width":20,"Actual Startup Time":0.033,"Actual Total Time":1341.168,"Actual Rows":6000000,"Actual Loops":1,"Shared Hit Blocks":0,"Shared Read Blocks":0,"Shared Dirtied Blocks":0,"Shared Written Blocks":0,"Local Hit Blocks":0,"Local Read Blocks":0,"Local Dirtied Blocks":0,"Local Written Blocks":0,"Temp Read Blocks":0,"Temp Written Blocks":0,"I/O Read Time":0.0,"I/O Write Time":0.0,"Temp I/O Read Time":0.0,"Temp I/O Write Time":0.0,"Subplans Removed":0,"Plans":[{"Node Type":"Custom Scan","Parent Relationship":"Member","Custom Plan Provider":"columnar scan","Parallel Aware":false,"Async Capable":false,"Relation Name":"customer","Schema":"public","Alias":"customer","Startup Cost":20.0,"Total Cost":141020.06,"Plan Rows":6000000,"Plan Width":20,"Actual Startup Time":0.032,"Actual Total Time":910.235,"Actual Rows":6000000,"Actual Loops":1,"Output":["customer.c_last","customer.c_id","customer.c_w_id","customer.c_d_id"],"Rows Removed by Columnar Filter":0,"Columnar cache search mode":"native","Shared Hit Blocks":0,"Shared Read Blocks":0,"Shared Dirtied Blocks":0,"Shared Written Blocks":0,"Local Hit Blocks":0,"Local Read Blocks":0,"Local Dirtied Blocks":0,"Local Written Blocks":0,"Temp Read Blocks":0,"Temp Written Blocks":0,"I/O Read Time":0.0,"I/O Write Time":0.0,"Temp I/O Read Time":0.0,"Temp I/O Write Time":0.0},{"Node Type":"Seq Scan","Parent Relationship":"Member","Parallel Aware":false,"Async Capable":false,"Relation Name":"customer","Schema":"public","Alias":"customer","Startup Cost":0.0,"Total Cost":5.4,"Plan Rows":140,"Plan Width":20,"Actual Startup Time":0.0,"Actual Total Time":0.0,"Actual Rows":0,"Actual Loops":0,"Output":["customer.c_last","customer.c_id","customer.c_w_id","customer.c_d_id"],"Shared Hit Blocks":0,"Shared Read Blocks":0,"Shared Dirtied Blocks":0,"Shared Written Blocks":0,"Local Hit Blocks":0,"Local Read Blocks":0,"Local Dirtied Blocks":0,"Local Written Blocks":0,"Temp Read Blocks":0,"Temp Written Blocks":0,"I/O Read Time":0.0,"I/O Write Time":0.0,"Temp I/O Read Time":0.0,"Temp I/O Write Time":0.0}]}]}]}]}]},"Planning":{"Shared Hit Blocks":72,"Shared Read Blocks":0,"Shared Dirtied Blocks":0,"Shared Written Blocks":0,"Local Hit Blocks":0,"Local Read Blocks":0,"Local Dirtied Blocks":0,"Local Written Blocks":0,"Temp Read Blocks":0,"Temp Written Blocks":0,"I/O Read Time":0.0,"I/O Write Time":0.0,"Temp I/O Read Time":0.0,"Temp I/O Write Time":0.0},"Planning Time":2.067,"Triggers":[],"Execution Time":60919.938}]
