[列存组合]: 无列存
[{"Plan":{"Node Type":"Aggregate","Strategy":"Plain","Partial Mode":"Simple","Parallel Aware":false,"Async Capable":false,"Startup Cost":2416274.38,"Total Cost":2416274.39,"Plan Rows":1,"Plan Width":32,"Actual Startup Time":9716.065,"Actual Total Time":9716.071,"Actual Rows":1,"Actual Loops":1,"Output":["sum(order_line.ol_amount)"],"Shared Hit Blocks":683113,"Shared Read Blocks":0,"Shared Dirtied Blocks":0,"Shared Written Blocks":0,"Local Hit Blocks":0,"Local Read Blocks":0,"Local Dirtied Blocks":0,"Local Written Blocks":0,"Temp Read Blocks":0,"Temp Written Blocks":0,"I/O Read Time":0.0,"I/O Write Time":0.0,"Temp I/O Read Time":0.0,"Temp I/O Write Time":0.0,"Plans":[{"Node Type":"Hash Join","Parent Relationship":"Outer","Parallel Aware":false,"Async Capable":false,"Join Type":"Inner","Startup Cost":3615.38,"Total Cost":2416273.79,"Plan Rows":235,"Plan Width":4,"Actual Startup Time":3824.37,"Actual Total Time":9712.335,"Actual Rows":37014,"Actual Loops":1,"Output":["order_line.ol_amount"],"Inner Unique":true,"Hash Cond":"(order_line.ol_i_id = item.i_id)","Join Filter":"(((order_line.ol_delivery_d >= '1992-01-02 20:10:02.27764'::timestamp without time zone) AND ((item.i_data)::text ~~ '%a'::text) AND (order_line.ol_w_id = ANY ('{1,2,3}'::integer[]))) OR (((item.i_data)::text ~~ '%b'::text) AND (order_line.ol_w_id = ANY ('{1,2,4}'::integer[]))) OR (((item.i_data)::text ~~ '%c'::text) AND (order_line.ol_w_id = ANY ('{1,5,3}'::integer[]))))","Rows Removed by Join Filter":31522,"Shared Hit Blocks":683113,"Shared Read Blocks":0,"Shared Dirtied Blocks":0,"Shared Written Blocks":0,"Local Hit Blocks":0,"Local Read Blocks":0,"Local Dirtied Blocks":0,"Local Written Blocks":0,"Temp Read Blocks":0,"Temp Written Blocks":0,"I/O Read Time":0.0,"I/O Write Time":0.0,"Temp I/O Read Time":0.0,"Temp I/O Write Time":0.0,"Plans":[{"Node Type":"Seq Scan","Parent Relationship":"Outer","Parallel Aware":false,"Async Capable":false,"Relation Name":"order_line","Schema":"public","Alias":"order_line","Startup Cost":0.0,"Total Cost":2406570.44,"Plan Rows":2319230,"Plan Width":18,"Actual Startup Time":3786.92,"Actual Total Time":9517.286,"Actual Rows":1498918,"Actual Loops":1,"Output":["order_line.ol_o_id","order_line.ol_d_id","order_line.ol_w_id","order_line.ol_number","order_line.ol_i_id","order_line.ol_supply_w_id","order_line.ol_delivery_d","order_line.ol_quantity","order_line.ol_amount","order_line.ol_dist_info"],"Filter":"((order_line.ol_quantity >= 1) AND (order_line.ol_quantity <= 10) AND (((order_line.ol_delivery_d >= '1992-01-02 20:10:02.27764'::timestamp without time zone) AND (order_line.ol_w_id = ANY ('{1,2,3}'::integer[]))) OR (order_line.ol_w_id = ANY ('{1,2,4}'::integer[])) OR (order_line.ol_w_id = ANY ('{1,5,3}'::integer[]))))","Rows Removed by Filter":58494843,"Shared Hit Blocks":681748,"Shared Read Blocks":0,"Shared Dirtied Blocks":0,"Shared Written Blocks":0,"Local Hit Blocks":0,"Local Read Blocks":0,"Local Dirtied Blocks":0,"Local Written Blocks":0,"Temp Read Blocks":0,"Temp Written Blocks":0,"I/O Read Time":0.0,"I/O Write Time":0.0,"Temp I/O Read Time":0.0,"Temp I/O Write Time":0.0},{"Node Type":"Hash","Parent Relationship":"Inner","Parallel Aware":false,"Async Capable":false,"Startup Cost":3615.0,"Total Cost":3615.0,"Plan Rows":30,"Plan Width":43,"Actual Startup Time":37.38,"Actual Total Time":37.383,"Actual Rows":4578,"Actual Loops":1,"Output":["item.i_id","item.i_data"],"Hash Buckets":8192,"Original Hash Buckets":1024,"Hash Batches":1,"Original Hash Batches":1,"Peak Memory Usage":402,"Shared Hit Blocks":1365,"Shared Read Blocks":0,"Shared Dirtied Blocks":0,"Shared Written Blocks":0,"Local Hit Blocks":0,"Local Read Blocks":0,"Local Dirtied Blocks":0,"Local Written Blocks":0,"Temp Read Blocks":0,"Temp Written Blocks":0,"I/O Read Time":0.0,"I/O Write Time":0.0,"Temp I/O Read Time":0.0,"Temp I/O Write Time":0.0,"Plans":[{"Node Type":"Seq Scan","Parent Relationship":"Outer","Parallel Aware":false,"Async Capable":false,"Relation Name":"item","Schema":"public","Alias":"item","Startup Cost":0.0,"Total Cost":3615.0,"Plan Rows":30,"Plan Width":43,"Actual Startup Time":0.028,"Actual Total Time":36.579,"Actual Rows":4578,"Actual Loops":1,"Output":["item.i_id","item.i_data"],"Filter":"((item.i_price >= '1'::numeric) AND (item.i_price <= '400000'::numeric) AND (((item.i_data)::text ~~ '%a'::text) OR ((item.i_data)::text ~~ '%b'::text) OR ((item.i_data)::text ~~ '%c'::text)))","Rows Removed by Filter":95422,"Shared Hit Blocks":1365,"Shared Read Blocks":0,"Shared Dirtied Blocks":0,"Shared Written Blocks":0,"Local Hit Blocks":0,"Local Read Blocks":0,"Local Dirtied Blocks":0,"Local Written Blocks":0,"Temp Read Blocks":0,"Temp Written Blocks":0,"I/O Read Time":0.0,"I/O Write Time":0.0,"Temp I/O Read Time":0.0,"Temp I/O Write Time":0.0}]}]}]},"Planning":{"Shared Hit Blocks":21,"Shared Read Blocks":0,"Shared Dirtied Blocks":0,"Shared Written Blocks":0,"Local Hit Blocks":0,"Local Read Blocks":0,"Local Dirtied Blocks":0,"Local Written Blocks":0,"Temp Read Blocks":0,"Temp Written Blocks":0,"I/O Read Time":0.0,"I/O Write Time":0.0,"Temp I/O Read Time":0.0,"Temp I/O Write Time":0.0},"Planning Time":0.427,"Triggers":[],"Execution Time":9716.147}]
[列存组合]: item
[{"Plan":{"Node Type":"Aggregate","Strategy":"Plain","Partial Mode":"Simple","Parallel Aware":false,"Async Capable":false,"Startup Cost":2413152.71,"Total Cost":2413152.72,"Plan Rows":1,"Plan Width":32,"Actual Startup Time":9717.847,"Actual Total Time":9717.86,"Actual Rows":1,"Actual Loops":1,"Output":["sum(order_line.ol_amount)"],"Shared Hit Blocks":681748,"Shared Read Blocks":0,"Shared Dirtied Blocks":0,"Shared Written Blocks":0,"Local Hit Blocks":0,"Local Read Blocks":0,"Local Dirtied Blocks":0,"Local Written Blocks":0,"Temp Read Blocks":0,"Temp Written Blocks":0,"I/O Read Time":0.0,"I/O Write Time":0.0,"Temp I/O Read Time":0.0,"Temp I/O Write Time":0.0,"Plans":[{"Node Type":"Hash Join","Parent Relationship":"Outer","Parallel Aware":false,"Async Capable":false,"Join Type":"Inner","Startup Cost":493.7,"Total Cost":2413152.12,"Plan Rows":235,"Plan Width":4,"Actual Startup Time":3815.991,"Actual Total Time":9714.125,"Actual Rows":37014,"Actual Loops":1,"Output":["order_line.ol_amount"],"Inner Unique":true,"Hash Cond":"(order_line.ol_i_id = item.i_id)","Join Filter":"(((order_line.ol_delivery_d >= '1992-01-02 20:10:02.27764'::timestamp without time zone) AND ((item.i_data)::text ~~ '%a'::text) AND (order_line.ol_w_id = ANY ('{1,2,3}'::integer[]))) OR (((item.i_data)::text ~~ '%b'::text) AND (order_line.ol_w_id = ANY ('{1,2,4}'::integer[]))) OR (((item.i_data)::text ~~ '%c'::text) AND (order_line.ol_w_id = ANY ('{1,5,3}'::integer[]))))","Rows Removed by Join Filter":31522,"Shared Hit Blocks":681748,"Shared Read Blocks":0,"Shared Dirtied Blocks":0,"Shared Written Blocks":0,"Local Hit Blocks":0,"Local Read Blocks":0,"Local Dirtied Blocks":0,"Local Written Blocks":0,"Temp Read Blocks":0,"Temp Written Blocks":0,"I/O Read Time":0.0,"I/O Write Time":0.0,"Temp I/O Read Time":0.0,"Temp I/O Write Time":0.0,"Plans":[{"Node Type":"Seq Scan","Parent Relationship":"Outer","Parallel Aware":false,"Async Capable":false,"Relation Name":"order_line","Schema":"public","Alias":"order_line","Startup Cost":0.0,"Total Cost":2406570.44,"Plan Rows":2319230,"Plan Width":18,"Actual Startup Time":3792.118,"Actual Total Time":9533.85,"Actual Rows":1498918,"Actual Loops":1,"Output":["order_line.ol_o_id","order_line.ol_d_id","order_line.ol_w_id","order_line.ol_number","order_line.ol_i_id","order_line.ol_supply_w_id","order_line.ol_delivery_d","order_line.ol_quantity","order_line.ol_amount","order_line.ol_dist_info"],"Filter":"((order_line.ol_quantity >= 1) AND (order_line.ol_quantity <= 10) AND (((order_line.ol_delivery_d >= '1992-01-02 20:10:02.27764'::timestamp without time zone) AND (order_line.ol_w_id = ANY ('{1,2,3}'::integer[]))) OR (order_line.ol_w_id = ANY ('{1,2,4}'::integer[])) OR (order_line.ol_w_id = ANY ('{1,5,3}'::integer[]))))","Rows Removed by Filter":58494843,"Shared Hit Blocks":681748,"Shared Read Blocks":0,"Shared Dirtied Blocks":0,"Shared Written Blocks":0,"Local Hit Blocks":0,"Local Read Blocks":0,"Local Dirtied Blocks":0,"Local Written Blocks":0,"Temp Read Blocks":0,"Temp Written Blocks":0,"I/O Read Time":0.0,"I/O Write Time":0.0,"Temp I/O Read Time":0.0,"Temp I/O Write Time":0.0},{"Node Type":"Hash","Parent Relationship":"Inner","Parallel Aware":false,"Async Capable":false,"Startup Cost":493.31,"Total Cost":493.31,"Plan Rows":31,"Plan Width":43,"Actual Startup Time":23.81,"Actual Total Time":23.819,"Actual Rows":4578,"Actual Loops":1,"Output":["item.i_id","item.i_data"],"Hash Buckets":8192,"Original Hash Buckets":1024,"Hash Batches":1,"Original Hash Batches":1,"Peak Memory Usage":402,"Shared Hit Blocks":0,"Shared Read Blocks":0,"Shared Dirtied Blocks":0,"Shared Written Blocks":0,"Local Hit Blocks":0,"Local Read Blocks":0,"Local Dirtied Blocks":0,"Local Written Blocks":0,"Temp Read Blocks":0,"Temp Written Blocks":0,"I/O Read Time":0.0,"I/O Write Time":0.0,"Temp I/O Read Time":0.0,"Temp I/O Write Time":0.0,"Plans":[{"Node Type":"Append","Parent Relationship":"Outer","Parallel Aware":false,"Async Capable":false,"Startup Cost":20.0,"Total Cost":493.31,"Plan Rows":31,"Plan Width":43,"Actual Startup Time":21.518,"Actual Total Time":23.021,"Actual Rows":4578,"Actual Loops":1,"Shared Hit Blocks":0,"Shared Read Blocks":0,"Shared Dirtied Blocks":0,"Shared Written Blocks":0,"Local Hit Blocks":0,"Local Read Blocks":0,"Local Dirtied Blocks":0,"Local Written Blocks":0,"Temp Read Blocks":0,"Temp Written Blocks":0,"I/O Read Time":0.0,"I/O Write Time":0.0,"Temp I/O Read Time":0.0,"Temp I/O Write Time":0.0,"Subplans Removed":0,"Plans":[{"Node Type":"Custom Scan","Parent Relationship":"Member","Custom Plan Provider":"columnar scan","Parallel Aware":false,"Async Capable":false,"Relation Name":"item","Schema":"public","Alias":"item","Startup Cost":20.0,"Total Cost":20.64,"Plan Rows":30,"Plan Width":43,"Actual Startup Time":21.515,"Actual Total Time":22.666,"Actual Rows":4578,"Actual Loops":1,"Output":["item.i_id","item.i_data"],"Filter":"((item.i_price >= '1'::numeric) AND (item.i_price <= '400000'::numeric) AND (((item.i_data)::text ~~ '%a'::text) OR ((item.i_data)::text ~~ '%b'::text) OR ((item.i_data)::text ~~ '%c'::text)))","Rows Removed by Filter":0,"Rows Removed by Columnar Filter":95422,"Columnar cache search mode":"native","Shared Hit Blocks":0,"Shared Read Blocks":0,"Shared Dirtied Blocks":0,"Shared Written Blocks":0,"Local Hit Blocks":0,"Local Read Blocks":0,"Local Dirtied Blocks":0,"Local Written Blocks":0,"Temp Read Blocks":0,"Temp Written Blocks":0,"I/O Read Time":0.0,"I/O Write Time":0.0,"Temp I/O Read Time":0.0,"Temp I/O Write Time":0.0},{"Node Type":"Seq Scan","Parent Relationship":"Member","Parallel Aware":false,"Async Capable":false,"Relation Name":"item","Schema":"public","Alias":"item","Startup Cost":0.0,"Total Cost":4.02,"Plan Rows":1,"Plan Width":43,"Actual Startup Time":0.0,"Actual Total Time":0.0,"Actual Rows":0,"Actual Loops":0,"Output":["item.i_id","item.i_data"],"Filter":"((item.i_price >= '1'::numeric) AND (item.i_price <= '400000'::numeric) AND (((item.i_data)::text ~~ '%a'::text) OR ((item.i_data)::text ~~ '%b'::text) OR ((item.i_data)::text ~~ '%c'::text)))","Rows Removed by Filter":0,"Shared Hit Blocks":0,"Shared Read Blocks":0,"Shared Dirtied Blocks":0,"Shared Written Blocks":0,"Local Hit Blocks":0,"Local Read Blocks":0,"Local Dirtied Blocks":0,"Local Written Blocks":0,"Temp Read Blocks":0,"Temp Written Blocks":0,"I/O Read Time":0.0,"I/O Write Time":0.0,"Temp I/O Read Time":0.0,"Temp I/O Write Time":0.0}]}]}]}]},"Planning":{"Shared Hit Blocks":6,"Shared Read Blocks":0,"Shared Dirtied Blocks":0,"Shared Written Blocks":0,"Local Hit Blocks":0,"Local Read Blocks":0,"Local Dirtied Blocks":0,"Local Written Blocks":0,"Temp Read Blocks":0,"Temp Written Blocks":0,"I/O Read Time":0.0,"I/O Write Time":0.0,"Temp I/O Read Time":0.0,"Temp I/O Write Time":0.0},"Planning Time":0.594,"Triggers":[],"Execution Time":9717.97}]
[列存组合]: order_line
[{"Plan":{"Node Type":"Aggregate","Strategy":"Plain","Partial Mode":"Simple","Parallel Aware":false,"Async Capable":false,"Startup Cost":1100926.79,"Total Cost":1100926.8,"Plan Rows":1,"Plan Width":32,"Actual Startup Time":1043.183,"Actual Total Time":1043.19,"Actual Rows":1,"Actual Loops":1,"Output":["sum(order_line.ol_amount)"],"Shared Hit Blocks":1365,"Shared Read Blocks":0,"Shared Dirtied Blocks":0,"Shared Written Blocks":0,"Local Hit Blocks":0,"Local Read Blocks":0,"Local Dirtied Blocks":0,"Local Written Blocks":0,"Temp Read Blocks":0,"Temp Written Blocks":0,"I/O Read Time":0.0,"I/O Write Time":0.0,"Temp I/O Read Time":0.0,"Temp I/O Write Time":0.0,"Plans":[{"Node Type":"Hash Join","Parent Relationship":"Outer","Parallel Aware":false,"Async Capable":false,"Join Type":"Inner","Startup Cost":3635.38,"Total Cost":1100926.2,"Plan Rows":235,"Plan Width":4,"Actual Startup Time":418.049,"Actual Total Time":1038.632,"Actual Rows":37014,"Actual Loops":1,"Output":["order_line.ol_amount"],"Inner Unique":true,"Hash Cond":"(order_line.ol_i_id = item.i_id)","Join Filter":"(((order_line.ol_delivery_d >= '1992-01-02 20:10:02.27764'::timestamp without time zone) AND ((item.i_data)::text ~~ '%a'::text) AND (order_line.ol_w_id = ANY ('{1,2,3}'::integer[]))) OR (((item.i_data)::text ~~ '%b'::text) AND (order_line.ol_w_id = ANY ('{1,2,4}'::integer[]))) OR (((item.i_data)::text ~~ '%c'::text) AND (order_line.ol_w_id = ANY ('{1,5,3}'::integer[]))))","Rows Removed by Join Filter":31522,"Shared Hit Blocks":1365,"Shared Read Blocks":0,"Shared Dirtied Blocks":0,"Shared Written Blocks":0,"Local Hit Blocks":0,"Local Read Blocks":0,"Local Dirtied Blocks":0,"Local Written Blocks":0,"Temp Read Blocks":0,"Temp Written Blocks":0,"I/O Read Time":0.0,"I/O Write Time":0.0,"Temp I/O Read Time":0.0,"Temp I/O Write Time":0.0,"Plans":[{"Node Type":"Append","Parent Relationship":"Outer","Parallel Aware":false,"Async Capable":false,"Startup Cost":20.0,"Total Cost":1091222.85,"Plan Rows":2319230,"Plan Width":18,"Actual Startup Time":378.001,"Actual Total Time":966.744,"Actual Rows":68536,"Actual Loops":1,"Shared Hit Blocks":0,"Shared Read Blocks":0,"Shared Dirtied Blocks":0,"Shared Written Blocks":0,"Local Hit Blocks":0,"Local Read Blocks":0,"Local Dirtied Blocks":0,"Local Written Blocks":0,"Temp Read Blocks":0,"Temp Written Blocks":0,"I/O Read Time":0.0,"I/O Write Time":0.0,"Temp I/O Read Time":0.0,"Temp I/O Write Time":0.0,"Subplans Removed":0,"Plans":[{"Node Type":"Custom Scan","Parent Relationship":"Member","Custom Plan Provider":"columnar scan","Parallel Aware":false,"Async Capable":false,"Relation Name":"order_line","Schema":"public","Alias":"order_line","Startup Cost":20.0,"Total Cost":54555.33,"Plan Rows":2319228,"Plan Width":18,"Actual Startup Time":377.998,"Actual Total Time":961.745,"Actual Rows":68536,"Actual Loops":1,"Output":["order_line.ol_amount","order_line.ol_i_id","order_line.ol_delivery_d","order_line.ol_w_id"],"Filter":"((order_line.ol_quantity >= 1) AND (order_line.ol_quantity <= 10) AND (((order_line.ol_delivery_d >= '1992-01-02 20:10:02.27764'::timestamp without time zone) AND (order_line.ol_w_id = ANY ('{1,2,3}'::integer[]))) OR (order_line.ol_w_id = ANY ('{1,2,4}'::integer[])) OR (order_line.ol_w_id = ANY ('{1,5,3}'::integer[]))))","Rows Removed by Filter":0,"Rows Removed by Columnar Filter":59925225,"Rows Filtered by Bloom Filter":0,"Dictionary Rows Filtered by Bloom Filter":57244288,"Columnar cache search mode":"native","Shared Hit Blocks":0,"Shared Read Blocks":0,"Shared Dirtied Blocks":0,"Shared Written Blocks":0,"Local Hit Blocks":0,"Local Read Blocks":0,"Local Dirtied Blocks":0,"Local Written Blocks":0,"Temp Read Blocks":0,"Temp Written Blocks":0,"I/O Read Time":0.0,"I/O Write Time":0.0,"Temp I/O Read Time":0.0,"Temp I/O Write Time":0.0},{"Node Type":"Seq Scan","Parent Relationship":"Member","Parallel Aware":false,"Async Capable":false,"Relation Name":"order_line","Schema":"public","Alias":"order_line","Startup Cost":0.0,"Total Cost":5.81,"Plan Rows":2,"Plan Width":18,"Actual Startup Time":0.0,"Actual Total Time":0.0,"Actual Rows":0,"Actual Loops":0,"Output":["order_line.ol_amount","order_line.ol_i_id","order_line.ol_delivery_d","order_line.ol_w_id"],"Filter":"((order_line.ol_quantity >= 1) AND (order_line.ol_quantity <= 10) AND (((order_line.ol_delivery_d >= '1992-01-02 20:10:02.27764'::timestamp without time zone) AND (order_line.ol_w_id = ANY ('{1,2,3}'::integer[]))) OR (order_line.ol_w_id = ANY ('{1,2,4}'::integer[])) OR (order_line.ol_w_id = ANY ('{1,5,3}'::integer[]))))","Rows Removed by Filter":0,"Shared Hit Blocks":0,"Shared Read Blocks":0,"Shared Dirtied Blocks":0,"Shared Written Blocks":0,"Local Hit Blocks":0,"Local Read Blocks":0,"Local Dirtied Blocks":0,"Local Written Blocks":0,"Temp Read Blocks":0,"Temp Written Blocks":0,"I/O Read Time":0.0,"I/O Write Time":0.0,"Temp I/O Read Time":0.0,"Temp I/O Write Time":0.0}]},{"Node Type":"Hash","Parent Relationship":"Inner","Parallel Aware":false,"Async Capable":false,"Startup Cost":3615.0,"Total Cost":3615.0,"Plan Rows":30,"Plan Width":43,"Actual Startup Time":39.892,"Actual Total Time":39.893,"Actual Rows":4578,"Actual Loops":1,"Output":["item.i_id","item.i_data"],"Hash Buckets":8192,"Original Hash Buckets":1024,"Hash Batches":1,"Original Hash Batches":1,"Peak Memory Usage":402,"Shared Hit Blocks":1365,"Shared Read Blocks":0,"Shared Dirtied Blocks":0,"Shared Written Blocks":0,"Local Hit Blocks":0,"Local Read Blocks":0,"Local Dirtied Blocks":0,"Local Written Blocks":0,"Temp Read Blocks":0,"Temp Written Blocks":0,"I/O Read Time":0.0,"I/O Write Time":0.0,"Temp I/O Read Time":0.0,"Temp I/O Write Time":0.0,"Plans":[{"Node Type":"Seq Scan","Parent Relationship":"Outer","Parallel Aware":false,"Async Capable":false,"Relation Name":"item","Schema":"public","Alias":"item","Startup Cost":0.0,"Total Cost":3615.0,"Plan Rows":30,"Plan Width":43,"Actual Startup Time":0.017,"Actual Total Time":38.598,"Actual Rows":4578,"Actual Loops":1,"Output":["item.i_id","item.i_data"],"Filter":"((item.i_price >= '1'::numeric) AND (item.i_price <= '400000'::numeric) AND (((item.i_data)::text ~~ '%a'::text) OR ((item.i_data)::text ~~ '%b'::text) OR ((item.i_data)::text ~~ '%c'::text)))","Rows Removed by Filter":95422,"Shared Hit Blocks":1365,"Shared Read Blocks":0,"Shared Dirtied Blocks":0,"Shared Written Blocks":0,"Local Hit Blocks":0,"Local Read Blocks":0,"Local Dirtied Blocks":0,"Local Written Blocks":0,"Temp Read Blocks":0,"Temp Written Blocks":0,"I/O Read Time":0.0,"I/O Write Time":0.0,"Temp I/O Read Time":0.0,"Temp I/O Write Time":0.0}]}]}]},"Planning":{"Shared Hit Blocks":6,"Shared Read Blocks":0,"Shared Dirtied Blocks":0,"Shared Written Blocks":0,"Local Hit Blocks":0,"Local Read Blocks":0,"Local Dirtied Blocks":0,"Local Written Blocks":0,"Temp Read Blocks":0,"Temp Written Blocks":0,"I/O Read Time":0.0,"I/O Write Time":0.0,"Temp I/O Read Time":0.0,"Temp I/O Write Time":0.0},"Planning Time":1.161,"Triggers":[],"Execution Time":1043.314}]
[列存组合]: item, order_line
[{"Plan":{"Node Type":"Aggregate","Strategy":"Plain","Partial Mode":"Simple","Parallel Aware":false,"Async Capable":false,"Startup Cost":5250.02,"Total Cost":5250.03,"Plan Rows":1,"Plan Width":32,"Actual Startup Time":1004.04,"Actual Total Time":1004.045,"Actual Rows":1,"Actual Loops":1,"Output":["sum(order_line.ol_amount)"],"Shared Hit Blocks":0,"Shared Read Blocks":0,"Shared Dirtied Blocks":0,"Shared Written Blocks":0,"Local Hit Blocks":0,"Local Read Blocks":0,"Local Dirtied Blocks":0,"Local Written Blocks":0,"Temp Read Blocks":0,"Temp Written Blocks":0,"I/O Read Time":0.0,"I/O Write Time":0.0,"Temp I/O Read Time":0.0,"Temp I/O Write Time":0.0,"Plans":[{"Node Type":"Hash Join","Parent Relationship":"Outer","Parallel Aware":false,"Async Capable":false,"Join Type":"Inner","Startup Cost":44.16,"Total Cost":5249.43,"Plan Rows":235,"Plan Width":4,"Actual Startup Time":393.128,"Actual Total Time":999.437,"Actual Rows":37014,"Actual Loops":1,"Output":["order_line.ol_amount"],"Inner Unique":true,"Hash Cond":"(order_line.ol_i_id = item.i_id)","Join Filter":"(((order_line.ol_delivery_d >= '1992-01-02 20:10:02.27764'::timestamp without time zone) AND ((item.i_data)::text ~~ '%a'::text) AND (order_line.ol_w_id = ANY ('{1,2,3}'::integer[]))) OR (((item.i_data)::text ~~ '%b'::text) AND (order_line.ol_w_id = ANY ('{1,2,4}'::integer[]))) OR (((item.i_data)::text ~~ '%c'::text) AND (order_line.ol_w_id = ANY ('{1,5,3}'::integer[]))))","Rows Removed by Join Filter":31522,"Shared Hit Blocks":0,"Shared Read Blocks":0,"Shared Dirtied Blocks":0,"Shared Written Blocks":0,"Local Hit Blocks":0,"Local Read Blocks":0,"Local Dirtied Blocks":0,"Local Written Blocks":0,"Temp Read Blocks":0,"Temp Written Blocks":0,"I/O Read Time":0.0,"I/O Write Time":0.0,"Temp I/O Read Time":0.0,"Temp I/O Write Time":0.0,"Plans":[{"Node Type":"Append","Parent Relationship":"Outer","Parallel Aware":false,"Async Capable":false,"Startup Cost":20.0,"Total Cost":54561.14,"Plan Rows":2319230,"Plan Width":18,"Actual Startup Time":367.64,"Actual Total Time":942.025,"Actual Rows":68536,"Actual Loops":1,"Shared Hit Blocks":0,"Shared Read Blocks":0,"Shared Dirtied Blocks":0,"Shared Written Blocks":0,"Local Hit Blocks":0,"Local Read Blocks":0,"Local Dirtied Blocks":0,"Local Written Blocks":0,"Temp Read Blocks":0,"Temp Written Blocks":0,"I/O Read Time":0.0,"I/O Write Time":0.0,"Temp I/O Read Time":0.0,"Temp I/O Write Time":0.0,"Subplans Removed":0,"Plans":[{"Node Type":"Custom Scan","Parent Relationship":"Member","Custom Plan Provider":"columnar scan","Parallel Aware":false,"Async Capable":false,"Relation Name":"order_line","Schema":"public","Alias":"order_line","Startup Cost":20.0,"Total Cost":54555.33,"Plan Rows":2319228,"Plan Width":18,"Actual Startup Time":367.639,"Actual Total Time":937.013,"Actual Rows":68536,"Actual Loops":1,"Output":["order_line.ol_amount","order_line.ol_i_id","order_line.ol_delivery_d","order_line.ol_w_id"],"Filter":"((order_line.ol_quantity >= 1) AND (order_line.ol_quantity <= 10) AND (((order_line.ol_delivery_d >= '1992-01-02 20:10:02.27764'::timestamp without time zone) AND (order_line.ol_w_id = ANY ('{1,2,3}'::integer[]))) OR (order_line.ol_w_id = ANY ('{1,2,4}'::integer[])) OR (order_line.ol_w_id = ANY ('{1,5,3}'::integer[]))))","Rows Removed by Filter":0,"Rows Removed by Columnar Filter":59925225,"Rows Filtered by Bloom Filter":0,"Dictionary Rows Filtered by Bloom Filter":57244288,"Columnar cache search mode":"native","Shared Hit Blocks":0,"Shared Read Blocks":0,"Shared Dirtied Blocks":0,"Shared Written Blocks":0,"Local Hit Blocks":0,"Local Read Blocks":0,"Local Dirtied Blocks":0,"Local Written Blocks":0,"Temp Read Blocks":0,"Temp Written Blocks":0,"I/O Read Time":0.0,"I/O Write Time":0.0,"Temp I/O Read Time":0.0,"Temp I/O Write Time":0.0},{"Node Type":"Seq Scan","Parent Relationship":"Member","Parallel Aware":false,"Async Capable":false,"Relation Name":"order_line","Schema":"public","Alias":"order_line","Startup Cost":0.0,"Total Cost":5.81,"Plan Rows":2,"Plan Width":18,"Actual Startup Time":0.0,"Actual Total Time":0.0,"Actual Rows":0,"Actual Loops":0,"Output":["order_line.ol_amount","order_line.ol_i_id","order_line.ol_delivery_d","order_line.ol_w_id"],"Filter":"((order_line.ol_quantity >= 1) AND (order_line.ol_quantity <= 10) AND (((order_line.ol_delivery_d >= '1992-01-02 20:10:02.27764'::timestamp without time zone) AND (order_line.ol_w_id = ANY ('{1,2,3}'::integer[]))) OR (order_line.ol_w_id = ANY ('{1,2,4}'::integer[])) OR (order_line.ol_w_id = ANY ('{1,5,3}'::integer[]))))","Rows Removed by Filter":0,"Shared Hit Blocks":0,"Shared Read Blocks":0,"Shared Dirtied Blocks":0,"Shared Written Blocks":0,"Local Hit Blocks":0,"Local Read Blocks":0,"Local Dirtied Blocks":0,"Local Written Blocks":0,"Temp Read Blocks":0,"Temp Written Blocks":0,"I/O Read Time":0.0,"I/O Write Time":0.0,"Temp I/O Read Time":0.0,"Temp I/O Write Time":0.0}]},{"Node Type":"Hash","Parent Relationship":"Inner","Parallel Aware":false,"Async Capable":false,"Startup Cost":24.67,"Total Cost":24.67,"Plan Rows":31,"Plan Width":43,"Actual Startup Time":25.16,"Actual Total Time":25.161,"Actual Rows":4578,"Actual Loops":1,"Output":["item.i_id","item.i_data"],"Hash Buckets":8192,"Original Hash Buckets":1024,"Hash Batches":1,"Original Hash Batches":1,"Peak Memory Usage":402,"Shared Hit Blocks":0,"Shared Read Blocks":0,"Shared Dirtied Blocks":0,"Shared Written Blocks":0,"Local Hit Blocks":0,"Local Read Blocks":0,"Local Dirtied Blocks":0,"Local Written Blocks":0,"Temp Read Blocks":0,"Temp Written Blocks":0,"I/O Read Time":0.0,"I/O Write Time":0.0,"Temp I/O Read Time":0.0,"Temp I/O Write Time":0.0,"Plans":[{"Node Type":"Append","Parent Relationship":"Outer","Parallel Aware":false,"Async Capable":false,"Startup Cost":20.0,"Total Cost":24.67,"Plan Rows":31,"Plan Width":43,"Actual Startup Time":21.698,"Actual Total Time":23.787,"Actual Rows":4578,"Actual Loops":1,"Shared Hit Blocks":0,"Shared Read Blocks":0,"Shared Dirtied Blocks":0,"Shared Written Blocks":0,"Local Hit Blocks":0,"Local Read Blocks":0,"Local Dirtied Blocks":0,"Local Written Blocks":0,"Temp Read Blocks":0,"Temp Written Blocks":0,"I/O Read Time":0.0,"I/O Write Time":0.0,"Temp I/O Read Time":0.0,"Temp I/O Write Time":0.0,"Subplans Removed":0,"Plans":[{"Node Type":"Custom Scan","Parent Relationship":"Member","Custom Plan Provider":"columnar scan","Parallel Aware":false,"Async Capable":false,"Relation Name":"item","Schema":"public","Alias":"item","Startup Cost":20.0,"Total Cost":20.64,"Plan Rows":30,"Plan Width":43,"Actual Startup Time":21.696,"Actual Total Time":23.402,"Actual Rows":4578,"Actual Loops":1,"Output":["item.i_id","item.i_data"],"Filter":"((item.i_price >= '1'::numeric) AND (item.i_price <= '400000'::numeric) AND (((item.i_data)::text ~~ '%a'::text) OR ((item.i_data)::text ~~ '%b'::text) OR ((item.i_data)::text ~~ '%c'::text)))","Rows Removed by Filter":0,"Rows Removed by Columnar Filter":95422,"Columnar cache search mode":"native","Shared Hit Blocks":0,"Shared Read Blocks":0,"Shared Dirtied Blocks":0,"Shared Written Blocks":0,"Local Hit Blocks":0,"Local Read Blocks":0,"Local Dirtied Blocks":0,"Local Written Blocks":0,"Temp Read Blocks":0,"Temp Written Blocks":0,"I/O Read Time":0.0,"I/O Write Time":0.0,"Temp I/O Read Time":0.0,"Temp I/O Write Time":0.0},{"Node Type":"Seq Scan","Parent Relationship":"Member","Parallel Aware":false,"Async Capable":false,"Relation Name":"item","Schema":"public","Alias":"item","Startup Cost":0.0,"Total Cost":4.02,"Plan Rows":1,"Plan Width":43,"Actual Startup Time":0.0,"Actual Total Time":0.0,"Actual Rows":0,"Actual Loops":0,"Output":["item.i_id","item.i_data"],"Filter":"((item.i_price >= '1'::numeric) AND (item.i_price <= '400000'::numeric) AND (((item.i_data)::text ~~ '%a'::text) OR ((item.i_data)::text ~~ '%b'::text) OR ((item.i_data)::text ~~ '%c'::text)))","Rows Removed by Filter":0,"Shared Hit Blocks":0,"Shared Read Blocks":0,"Shared Dirtied Blocks":0,"Shared Written Blocks":0,"Local Hit Blocks":0,"Local Read Blocks":0,"Local Dirtied Blocks":0,"Local Written Blocks":0,"Temp Read Blocks":0,"Temp Written Blocks":0,"I/O Read Time":0.0,"I/O Write Time":0.0,"Temp I/O Read Time":0.0,"Temp I/O Write Time":0.0}]}]}]}]},"Planning":{"Shared Hit Blocks":6,"Shared Read Blocks":0,"Shared Dirtied Blocks":0,"Shared Written Blocks":0,"Local Hit Blocks":0,"Local Read Blocks":0,"Local Dirtied Blocks":0,"Local Written Blocks":0,"Temp Read Blocks":0,"Temp Written Blocks":0,"I/O Read Time":0.0,"I/O Write Time":0.0,"Temp I/O Read Time":0.0,"Temp I/O Write Time":0.0},"Planning Time":1.191,"Triggers":[],"Execution Time":1004.171}]
