[列存组合]: 无列存
[{"Plan":{"Node Type":"Sort","Parallel Aware":false,"Async Capable":false,"Startup Cost":2737151.71,"Total Cost":2737151.91,"Plan Rows":80,"Plan Width":44,"Actual Startup Time":10520.979,"Actual Total Time":10520.995,"Actual Rows":0,"Actual Loops":1,"Output":["supplier.su_name","supplier.su_address"],"Sort Key":["supplier.su_name"],"Sort Method":"quicksort","Sort Space Used":25,"Sort Space Type":"Memory","Shared Hit Blocks":1516723,"Shared Read Blocks":0,"Shared Dirtied Blocks":0,"Shared Written Blocks":0,"Local Hit Blocks":0,"Local Read Blocks":0,"Local Dirtied Blocks":0,"Local Written Blocks":0,"Temp Read Blocks":1223,"Temp Written Blocks":1232,"I/O Read Time":0.0,"I/O Write Time":0.0,"Temp I/O Read Time":1.935,"Temp I/O Write Time":5.43,"Plans":[{"Node Type":"Hash Join","Parent Relationship":"Outer","Parallel Aware":false,"Async Capable":false,"Join Type":"Inner","Startup Cost":2737146.4,"Total Cost":2737149.18,"Plan Rows":80,"Plan Width":44,"Actual Startup Time":10520.97,"Actual Total Time":10520.985,"Actual Rows":0,"Actual Loops":1,"Output":["supplier.su_name","supplier.su_address"],"Inner Unique":false,"Hash Cond":"((mod((stock.s_i_id * stock.s_w_id), 10000)) = supplier.su_suppkey)","Shared Hit Blocks":1516723,"Shared Read Blocks":0,"Shared Dirtied Blocks":0,"Shared Written Blocks":0,"Local Hit Blocks":0,"Local Read Blocks":0,"Local Dirtied Blocks":0,"Local Written Blocks":0,"Temp Read Blocks":1223,"Temp Written Blocks":1232,"I/O Read Time":0.0,"I/O Write Time":0.0,"Temp I/O Read Time":1.935,"Temp I/O Write Time":5.43,"Plans":[{"Node Type":"Aggregate","Strategy":"Hashed","Partial Mode":"Simple","Parent Relationship":"Outer","Parallel Aware":false,"Async Capable":false,"Startup Cost":2736797.56,"Total Cost":2736799.56,"Plan Rows":200,"Plan Width":4,"Actual Startup Time":10519.199,"Actual Total Time":10519.208,"Actual Rows":0,"Actual Loops":1,"Output":["(mod((stock.s_i_id * stock.s_w_id), 10000))"],"Group Key":["mod((stock.s_i_id * stock.s_w_id), 10000)"],"Planned Partitions":0,"HashAgg Batches":1,"Peak Memory Usage":40,"Disk Usage":0,"Shared Hit Blocks":1516505,"Shared Read Blocks":0,"Shared Dirtied Blocks":0,"Shared Written Blocks":0,"Local Hit Blocks":0,"Local Read Blocks":0,"Local Dirtied Blocks":0,"Local Written Blocks":0,"Temp Read Blocks":1223,"Temp Written Blocks":1232,"I/O Read Time":0.0,"I/O Write Time":0.0,"Temp I/O Read Time":1.935,"Temp I/O Write Time":5.43,"Plans":[{"Node Type":"Aggregate","Strategy":"Sorted","Partial Mode":"Simple","Parent Relationship":"Outer","Parallel Aware":false,"Async Capable":false,"Startup Cost":2730606.1,"Total Cost":2735960.87,"Plan Rows":66935,"Plan Width":12,"Actual Startup Time":10519.191,"Actual Total Time":10519.199,"Actual Rows":0,"Actual Loops":1,"Output":["mod((stock.s_i_id * stock.s_w_id), 10000)","stock.s_i_id","stock.s_w_id","stock.s_quantity"],"Group Key":["stock.s_i_id","stock.s_w_id"],"Filter":"((2 * stock.s_quantity) > sum(order_line.ol_quantity))","Rows Removed by Filter":5200,"Shared Hit Blocks":1516505,"Shared Read Blocks":0,"Shared Dirtied Blocks":0,"Shared Written Blocks":0,"Local Hit Blocks":0,"Local Read Blocks":0,"Local Dirtied Blocks":0,"Local Written Blocks":0,"Temp Read Blocks":1223,"Temp Written Blocks":1232,"I/O Read Time":0.0,"I/O Write Time":0.0,"Temp I/O Read Time":1.935,"Temp I/O Write Time":5.43,"Plans":[{"Node Type":"Sort","Parent Relationship":"Outer","Parallel Aware":false,"Async Capable":false,"Startup Cost":2730606.1,"Total Cost":2731108.11,"Plan Rows":200804,"Plan Width":10,"Actual Startup Time":10416.602,"Actual Total Time":10467.16,"Actual Rows":499000,"Actual Loops":1,"Output":["stock.s_i_id","stock.s_w_id","stock.s_quantity","order_line.ol_quantity"],"Sort Key":["stock.s_i_id","stock.s_w_id"],"Sort Method":"external merge","Sort Space Used":9784,"Sort Space Type":"Disk","Shared Hit Blocks":1516505,"Shared Read Blocks":0,"Shared Dirtied Blocks":0,"Shared Written Blocks":0,"Local Hit Blocks":0,"Local Read Blocks":0,"Local Dirtied Blocks":0,"Local Written Blocks":0,"Temp Read Blocks":1223,"Temp Written Blocks":1232,"I/O Read Time":0.0,"I/O Write Time":0.0,"Temp I/O Read Time":1.935,"Temp I/O Write Time":5.43,"Plans":[{"Node Type":"Hash Join","Parent Relationship":"Outer","Parallel Aware":false,"Async Capable":false,"Join Type":"Inner","Startup Cost":1088537.03,"Total Cost":2709486.36,"Plan Rows":200804,"Plan Width":10,"Actual Startup Time":4859.101,"Actual Total Time":10251.188,"Actual Rows":499000,"Actual Loops":1,"Output":["stock.s_i_id","stock.s_w_id","stock.s_quantity","order_line.ol_quantity"],"Inner Unique":false,"Hash Cond":"(order_line.ol_i_id = stock.s_i_id)","Shared Hit Blocks":1516505,"Shared Read Blocks":0,"Shared Dirtied Blocks":0,"Shared Written Blocks":0,"Local Hit Blocks":0,"Local Read Blocks":0,"Local Dirtied Blocks":0,"Local Written Blocks":0,"Temp Read Blocks":0,"Temp Written Blocks":0,"I/O Read Time":0.0,"I/O Write Time":0.0,"Temp I/O Read Time":0.0,"Temp I/O Write Time":0.0,"Plans":[{"Node Type":"Seq Scan","Parent Relationship":"Outer","Parallel Aware":false,"Async Capable":false,"Relation Name":"order_line","Schema":"public","Alias":"order_line","Startup Cost":0.0,"Total Cost":1581655.36,"Plan Rows":9942920,"Plan Width":6,"Actual Startup Time":0.006,"Actual Total Time":4624.947,"Actual Rows":9885180,"Actual Loops":1,"Output":["order_line.ol_o_id","order_line.ol_d_id","order_line.ol_w_id","order_line.ol_number","order_line.ol_i_id","order_line.ol_supply_w_id","order_line.ol_delivery_d","order_line.ol_quantity","order_line.ol_amount","order_line.ol_dist_info"],"Filter":"((order_line.ol_delivery_d >= '1994-01-02 20:10:02.27764'::timestamp without time zone) AND (order_line.ol_delivery_d < '1995-04-02 20:10:02.27764'::timestamp without time zone))","Rows Removed by Filter":50108581,"Shared Hit Blocks":681748,"Shared Read Blocks":0,"Shared Dirtied Blocks":0,"Shared Written Blocks":0,"Local Hit Blocks":0,"Local Read Blocks":0,"Local Dirtied Blocks":0,"Local Written Blocks":0,"Temp Read Blocks":0,"Temp Written Blocks":0,"I/O Read Time":0.0,"I/O Write Time":0.0,"Temp I/O Read Time":0.0,"Temp I/O Write Time":0.0},{"Node Type":"Hash","Parent Relationship":"Inner","Parallel Aware":false,"Async Capable":false,"Startup Cost":1088512.03,"Total Cost":1088512.03,"Plan Rows":2000,"Plan Width":12,"Actual Startup Time":4858.024,"Actual Total Time":4858.031,"Actual Rows":5200,"Actual Loops":1,"Output":["stock.s_i_id","stock.s_w_id","stock.s_quantity","item.i_id"],"Hash Buckets":8192,"Original Hash Buckets":2048,"Hash Batches":1,"Original Hash Batches":1,"Peak Memory Usage":288,"Shared Hit Blocks":834757,"Shared Read Blocks":0,"Shared Dirtied Blocks":0,"Shared Written Blocks":0,"Local Hit Blocks":0,"Local Read Blocks":0,"Local Dirtied Blocks":0,"Local Written Blocks":0,"Temp Read Blocks":0,"Temp Written Blocks":0,"I/O Read Time":0.0,"I/O Write Time":0.0,"Temp I/O Read Time":0.0,"Temp I/O Write Time":0.0,"Plans":[{"Node Type":"Hash Join","Parent Relationship":"Outer","Parallel Aware":false,"Async Capable":false,"Join Type":"Inner","Startup Cost":2615.12,"Total Cost":1088512.03,"Plan Rows":2000,"Plan Width":12,"Actual Startup Time":8.696,"Actual Total Time":4856.388,"Actual Rows":5200,"Actual Loops":1,"Output":["stock.s_i_id","stock.s_w_id","stock.s_quantity","item.i_id"],"Inner Unique":true,"Hash Cond":"(stock.s_i_id = item.i_id)","Shared Hit Blocks":834757,"Shared Read Blocks":0,"Shared Dirtied Blocks":0,"Shared Written Blocks":0,"Local Hit Blocks":0,"Local Read Blocks":0,"Local Dirtied Blocks":0,"Local Written Blocks":0,"Temp Read Blocks":0,"Temp Written Blocks":0,"I/O Read Time":0.0,"I/O Write Time":0.0,"Temp I/O Read Time":0.0,"Temp I/O Write Time":0.0,"Plans":[{"Node Type":"Seq Scan","Parent Relationship":"Outer","Parallel Aware":false,"Async Capable":false,"Relation Name":"stock","Schema":"public","Alias":"stock","Startup Cost":0.0,"Total Cost":1033394.12,"Plan Rows":20000212,"Plan Width":8,"Actual Startup Time":0.005,"Actual Total Time":1742.709,"Actual Rows":20000000,"Actual Loops":1,"Output":["stock.s_i_id","stock.s_w_id","stock.s_quantity","stock.s_dist_01","stock.s_dist_02","stock.s_dist_03","stock.s_dist_04","stock.s_dist_05","stock.s_dist_06","stock.s_dist_07","stock.s_dist_08","stock.s_dist_09","stock.s_dist_10","stock.s_ytd","stock.s_order_cnt","stock.s_remote_cnt","stock.s_data"],"Shared Hit Blocks":833392,"Shared Read Blocks":0,"Shared Dirtied Blocks":0,"Shared Written Blocks":0,"Local Hit Blocks":0,"Local Read Blocks":0,"Local Dirtied Blocks":0,"Local Written Blocks":0,"Temp Read Blocks":0,"Temp Written Blocks":0,"I/O Read Time":0.0,"I/O Write Time":0.0,"Temp I/O Read Time":0.0,"Temp I/O Write Time":0.0},{"Node Type":"Hash","Parent Relationship":"Inner","Parallel Aware":false,"Async Capable":false,"Startup Cost":2615.0,"Total Cost":2615.0,"Plan Rows":10,"Plan Width":4,"Actual Startup Time":8.497,"Actual Total Time":8.5,"Actual Rows":26,"Actual Loops":1,"Output":["item.i_id"],"Hash Buckets":1024,"Original Hash Buckets":1024,"Hash Batches":1,"Original Hash Batches":1,"Peak Memory Usage":9,"Shared Hit Blocks":1365,"Shared Read Blocks":0,"Shared Dirtied Blocks":0,"Shared Written Blocks":0,"Local Hit Blocks":0,"Local Read Blocks":0,"Local Dirtied Blocks":0,"Local Written Blocks":0,"Temp Read Blocks":0,"Temp Written Blocks":0,"I/O Read Time":0.0,"I/O Write Time":0.0,"Temp I/O Read Time":0.0,"Temp I/O Write Time":0.0,"Plans":[{"Node Type":"Seq Scan","Parent Relationship":"Outer","Parallel Aware":false,"Async Capable":false,"Relation Name":"item","Schema":"public","Alias":"item","Startup Cost":0.0,"Total Cost":2615.0,"Plan Rows":10,"Plan Width":4,"Actual Startup Time":0.076,"Actual Total Time":8.491,"Actual Rows":26,"Actual Loops":1,"Output":["item.i_id"],"Filter":"((item.i_data)::text ~~ 'co%'::text)","Rows Removed by Filter":99974,"Shared Hit Blocks":1365,"Shared Read Blocks":0,"Shared Dirtied Blocks":0,"Shared Written Blocks":0,"Local Hit Blocks":0,"Local Read Blocks":0,"Local Dirtied Blocks":0,"Local Written Blocks":0,"Temp Read Blocks":0,"Temp Written Blocks":0,"I/O Read Time":0.0,"I/O Write Time":0.0,"Temp I/O Read Time":0.0,"Temp I/O Write Time":0.0}]}]}]}]}]}]}]},{"Node Type":"Hash","Parent Relationship":"Inner","Parallel Aware":false,"Async Capable":false,"Startup Cost":346.83,"Total Cost":346.83,"Plan Rows":161,"Plan Width":48,"Actual Startup Time":1.761,"Actual Total Time":1.766,"Actual Rows":164,"Actual Loops":1,"Output":["supplier.su_name","supplier.su_address","supplier.su_suppkey"],"Hash Buckets":1024,"Original Hash Buckets":1024,"Hash Batches":1,"Original Hash Batches":1,"Peak Memory Usage":22,"Shared Hit Blocks":218,"Shared Read Blocks":0,"Shared Dirtied Blocks":0,"Shared Written Blocks":0,"Local Hit Blocks":0,"Local Read Blocks":0,"Local Dirtied Blocks":0,"Local Written Blocks":0,"Temp Read Blocks":0,"Temp Written Blocks":0,"I/O Read Time":0.0,"I/O Write Time":0.0,"Temp I/O Read Time":0.0,"Temp I/O Write Time":0.0,"Plans":[{"Node Type":"Hash Join","Parent Relationship":"Outer","Parallel Aware":false,"Async Capable":false,"Join Type":"Inner","Startup Cost":1.79,"Total Cost":346.83,"Plan Rows":161,"Plan Width":48,"Actual Startup Time":0.029,"Actual Total Time":1.737,"Actual Rows":164,"Actual Loops":1,"Output":["supplier.su_name","supplier.su_address","supplier.su_suppkey"],"Inner Unique":true,"Hash Cond":"(supplier.su_nationkey = nation.n_nationkey)","Shared Hit Blocks":218,"Shared Read Blocks":0,"Shared Dirtied Blocks":0,"Shared Written Blocks":0,"Local Hit Blocks":0,"Local Read Blocks":0,"Local Dirtied Blocks":0,"Local Written Blocks":0,"Temp Read Blocks":0,"Temp Written Blocks":0,"I/O Read Time":0.0,"I/O Write Time":0.0,"Temp I/O Read Time":0.0,"Temp I/O Write Time":0.0,"Plans":[{"Node Type":"Seq Scan","Parent Relationship":"Outer","Parallel Aware":false,"Async Capable":false,"Relation Name":"supplier","Schema":"public","Alias":"supplier","Startup Cost":0.0,"Total Cost":317.0,"Plan Rows":10000,"Plan Width":52,"Actual Startup Time":0.007,"Actual Total Time":0.776,"Actual Rows":10000,"Actual Loops":1,"Output":["supplier.su_suppkey","supplier.su_name","supplier.su_address","supplier.su_nationkey","supplier.su_phone","supplier.su_acctbal","supplier.su_comment"],"Shared Hit Blocks":217,"Shared Read Blocks":0,"Shared Dirtied Blocks":0,"Shared Written Blocks":0,"Local Hit Blocks":0,"Local Read Blocks":0,"Local Dirtied Blocks":0,"Local Written Blocks":0,"Temp Read Blocks":0,"Temp Written Blocks":0,"I/O Read Time":0.0,"I/O Write Time":0.0,"Temp I/O Read Time":0.0,"Temp I/O Write Time":0.0},{"Node Type":"Hash","Parent Relationship":"Inner","Parallel Aware":false,"Async Capable":false,"Startup Cost":1.77,"Total Cost":1.77,"Plan Rows":1,"Plan Width":4,"Actual Startup Time":0.012,"Actual Total Time":0.013,"Actual Rows":1,"Actual Loops":1,"Output":["nation.n_nationkey"],"Hash Buckets":1024,"Original Hash Buckets":1024,"Hash Batches":1,"Original Hash Batches":1,"Peak Memory Usage":9,"Shared Hit Blocks":1,"Shared Read Blocks":0,"Shared Dirtied Blocks":0,"Shared Written Blocks":0,"Local Hit Blocks":0,"Local Read Blocks":0,"Local Dirtied Blocks":0,"Local Written Blocks":0,"Temp Read Blocks":0,"Temp Written Blocks":0,"I/O Read Time":0.0,"I/O Write Time":0.0,"Temp I/O Read Time":0.0,"Temp I/O Write Time":0.0,"Plans":[{"Node Type":"Seq Scan","Parent Relationship":"Outer","Parallel Aware":false,"Async Capable":false,"Relation Name":"nation","Schema":"public","Alias":"nation","Startup Cost":0.0,"Total Cost":1.77,"Plan Rows":1,"Plan Width":4,"Actual Startup Time":0.007,"Actual Total Time":0.011,"Actual Rows":1,"Actual Loops":1,"Output":["nation.n_nationkey"],"Filter":"((nation.n_name)::text = 'France'::text)","Rows Removed by Filter":61,"Shared Hit Blocks":1,"Shared Read Blocks":0,"Shared Dirtied Blocks":0,"Shared Written Blocks":0,"Local Hit Blocks":0,"Local Read Blocks":0,"Local Dirtied Blocks":0,"Local Written Blocks":0,"Temp Read Blocks":0,"Temp Written Blocks":0,"I/O Read Time":0.0,"I/O Write Time":0.0,"Temp I/O Read Time":0.0,"Temp I/O Write Time":0.0}]}]}]}]}]},"Planning":{"Shared Hit Blocks":19,"Shared Read Blocks":0,"Shared Dirtied Blocks":0,"Shared Written Blocks":0,"Local Hit Blocks":0,"Local Read Blocks":0,"Local Dirtied Blocks":0,"Local Written Blocks":0,"Temp Read Blocks":0,"Temp Written Blocks":0,"I/O Read Time":0.0,"I/O Write Time":0.0,"Temp I/O Read Time":0.0,"Temp I/O Write Time":0.0},"Planning Time":0.446,"Triggers":[],"Execution Time":10522.75}]
[列存组合]: item
[{"Plan":{"Node Type":"Sort","Parallel Aware":false,"Async Capable":false,"Startup Cost":2735020.58,"Total Cost":2735020.78,"Plan Rows":80,"Plan Width":44,"Actual Startup Time":10553.451,"Actual Total Time":10553.473,"Actual Rows":0,"Actual Loops":1,"Output":["supplier.su_name","supplier.su_address"],"Sort Key":["supplier.su_name"],"Sort Method":"quicksort","Sort Space Used":25,"Sort Space Type":"Memory","Shared Hit Blocks":1515358,"Shared Read Blocks":0,"Shared Dirtied Blocks":0,"Shared Written Blocks":0,"Local Hit Blocks":0,"Local Read Blocks":0,"Local Dirtied Blocks":0,"Local Written Blocks":0,"Temp Read Blocks":1223,"Temp Written Blocks":1232,"I/O Read Time":0.0,"I/O Write Time":0.0,"Temp I/O Read Time":1.793,"Temp I/O Write Time":5.036,"Plans":[{"Node Type":"Hash Join","Parent Relationship":"Outer","Parallel Aware":false,"Async Capable":false,"Join Type":"Inner","Startup Cost":2735015.28,"Total Cost":2735018.06,"Plan Rows":80,"Plan Width":44,"Actual Startup Time":10553.444,"Actual Total Time":10553.465,"Actual Rows":0,"Actual Loops":1,"Output":["supplier.su_name","supplier.su_address"],"Inner Unique":false,"Hash Cond":"((mod((stock.s_i_id * stock.s_w_id), 10000)) = supplier.su_suppkey)","Shared Hit Blocks":1515358,"Shared Read Blocks":0,"Shared Dirtied Blocks":0,"Shared Written Blocks":0,"Local Hit Blocks":0,"Local Read Blocks":0,"Local Dirtied Blocks":0,"Local Written Blocks":0,"Temp Read Blocks":1223,"Temp Written Blocks":1232,"I/O Read Time":0.0,"I/O Write Time":0.0,"Temp I/O Read Time":1.793,"Temp I/O Write Time":5.036,"Plans":[{"Node Type":"Aggregate","Strategy":"Hashed","Partial Mode":"Simple","Parent Relationship":"Outer","Parallel Aware":false,"Async Capable":false,"Startup Cost":2734666.43,"Total Cost":2734668.43,"Plan Rows":200,"Plan Width":4,"Actual Startup Time":10551.598,"Actual Total Time":10551.612,"Actual Rows":0,"Actual Loops":1,"Output":["(mod((stock.s_i_id * stock.s_w_id), 10000))"],"Group Key":["mod((stock.s_i_id * stock.s_w_id), 10000)"],"Planned Partitions":0,"HashAgg Batches":1,"Peak Memory Usage":40,"Disk Usage":0,"Shared Hit Blocks":1515140,"Shared Read Blocks":0,"Shared Dirtied Blocks":0,"Shared Written Blocks":0,"Local Hit Blocks":0,"Local Read Blocks":0,"Local Dirtied Blocks":0,"Local Written Blocks":0,"Temp Read Blocks":1223,"Temp Written Blocks":1232,"I/O Read Time":0.0,"I/O Write Time":0.0,"Temp I/O Read Time":1.793,"Temp I/O Write Time":5.036,"Plans":[{"Node Type":"Aggregate","Strategy":"Sorted","Partial Mode":"Simple","Parent Relationship":"Outer","Parallel Aware":false,"Async Capable":false,"Startup Cost":2728474.97,"Total Cost":2733829.75,"Plan Rows":66935,"Plan Width":12,"Actual Startup Time":10551.586,"Actual Total Time":10551.598,"Actual Rows":0,"Actual Loops":1,"Output":["mod((stock.s_i_id * stock.s_w_id), 10000)","stock.s_i_id","stock.s_w_id","stock.s_quantity"],"Group Key":["stock.s_i_id","stock.s_w_id"],"Filter":"((2 * stock.s_quantity) > sum(order_line.ol_quantity))","Rows Removed by Filter":5200,"Shared Hit Blocks":1515140,"Shared Read Blocks":0,"Shared Dirtied Blocks":0,"Shared Written Blocks":0,"Local Hit Blocks":0,"Local Read Blocks":0,"Local Dirtied Blocks":0,"Local Written Blocks":0,"Temp Read Blocks":1223,"Temp Written Blocks":1232,"I/O Read Time":0.0,"I/O Write Time":0.0,"Temp I/O Read Time":1.793,"Temp I/O Write Time":5.036,"Plans":[{"Node Type":"Sort","Parent Relationship":"Outer","Parallel Aware":false,"Async Capable":false,"Startup Cost":2728474.97,"Total Cost":2728976.98,"Plan Rows":200804,"Plan Width":10,"Actual Startup Time":10446.062,"Actual Total Time":10498.35,"Actual Rows":499000,"Actual Loops":1,"Output":["stock.s_i_id","stock.s_w_id","stock.s_quantity","order_line.ol_quantity"],"Sort Key":["stock.s_i_id","stock.s_w_id"],"Sort Method":"external merge","Sort Space Used":9784,"Sort Space Type":"Disk","Shared Hit Blocks":1515140,"Shared Read Blocks":0,"Shared Dirtied Blocks":0,"Shared Written Blocks":0,"Local Hit Blocks":0,"Local Read Blocks":0,"Local Dirtied Blocks":0,"Local Written Blocks":0,"Temp Read Blocks":1223,"Temp Written Blocks":1232,"I/O Read Time":0.0,"I/O Write Time":0.0,"Temp I/O Read Time":1.793,"Temp I/O Write Time":5.036,"Plans":[{"Node Type":"Hash Join","Parent Relationship":"Outer","Parallel Aware":false,"Async Capable":false,"Join Type":"Inner","Startup Cost":1086405.9,"Total Cost":2707355.23,"Plan Rows":200804,"Plan Width":10,"Actual Startup Time":4887.662,"Actual Total Time":10283.207,"Actual Rows":499000,"Actual Loops":1,"Output":["stock.s_i_id","stock.s_w_id","stock.s_quantity","order_line.ol_quantity"],"Inner Unique":false,"Hash Cond":"(order_line.ol_i_id = stock.s_i_id)","Shared Hit Blocks":1515140,"Shared Read Blocks":0,"Shared Dirtied Blocks":0,"Shared Written Blocks":0,"Local Hit Blocks":0,"Local Read Blocks":0,"Local Dirtied Blocks":0,"Local Written Blocks":0,"Temp Read Blocks":0,"Temp Written Blocks":0,"I/O Read Time":0.0,"I/O Write Time":0.0,"Temp I/O Read Time":0.0,"Temp I/O Write Time":0.0,"Plans":[{"Node Type":"Seq Scan","Parent Relationship":"Outer","Parallel Aware":false,"Async Capable":false,"Relation Name":"order_line","Schema":"public","Alias":"order_line","Startup Cost":0.0,"Total Cost":1581655.36,"Plan Rows":9942920,"Plan Width":6,"Actual Startup Time":0.006,"Actual Total Time":4615.397,"Actual Rows":9885180,"Actual Loops":1,"Output":["order_line.ol_o_id","order_line.ol_d_id","order_line.ol_w_id","order_line.ol_number","order_line.ol_i_id","order_line.ol_supply_w_id","order_line.ol_delivery_d","order_line.ol_quantity","order_line.ol_amount","order_line.ol_dist_info"],"Filter":"((order_line.ol_delivery_d >= '1994-01-02 20:10:02.27764'::timestamp without time zone) AND (order_line.ol_delivery_d < '1995-04-02 20:10:02.27764'::timestamp without time zone))","Rows Removed by Filter":50108581,"Shared Hit Blocks":681748,"Shared Read Blocks":0,"Shared Dirtied Blocks":0,"Shared Written Blocks":0,"Local Hit Blocks":0,"Local Read Blocks":0,"Local Dirtied Blocks":0,"Local Written Blocks":0,"Temp Read Blocks":0,"Temp Written Blocks":0,"I/O Read Time":0.0,"I/O Write Time":0.0,"Temp I/O Read Time":0.0,"Temp I/O Write Time":0.0},{"Node Type":"Hash","Parent Relationship":"Inner","Parallel Aware":false,"Async Capable":false,"Startup Cost":1086380.9,"Total Cost":1086380.9,"Plan Rows":2000,"Plan Width":12,"Actual Startup Time":4886.588,"Actual Total Time":4886.599,"Actual Rows":5200,"Actual Loops":1,"Output":["stock.s_i_id","stock.s_w_id","stock.s_quantity","item.i_id"],"Hash Buckets":8192,"Original Hash Buckets":2048,"Hash Batches":1,"Original Hash Batches":1,"Peak Memory Usage":288,"Shared Hit Blocks":833392,"Shared Read Blocks":0,"Shared Dirtied Blocks":0,"Shared Written Blocks":0,"Local Hit Blocks":0,"Local Read Blocks":0,"Local Dirtied Blocks":0,"Local Written Blocks":0,"Temp Read Blocks":0,"Temp Written Blocks":0,"I/O Read Time":0.0,"I/O Write Time":0.0,"Temp I/O Read Time":0.0,"Temp I/O Write Time":0.0,"Plans":[{"Node Type":"Hash Join","Parent Relationship":"Outer","Parallel Aware":false,"Async Capable":false,"Join Type":"Inner","Startup Cost":484.0,"Total Cost":1086380.9,"Plan Rows":2000,"Plan Width":12,"Actual Startup Time":2.256,"Actual Total Time":4884.982,"Actual Rows":5200,"Actual Loops":1,"Output":["stock.s_i_id","stock.s_w_id","stock.s_quantity","item.i_id"],"Inner Unique":true,"Hash Cond":"(stock.s_i_id = item.i_id)","Shared Hit Blocks":833392,"Shared Read Blocks":0,"Shared Dirtied Blocks":0,"Shared Written Blocks":0,"Local Hit Blocks":0,"Local Read Blocks":0,"Local Dirtied Blocks":0,"Local Written Blocks":0,"Temp Read Blocks":0,"Temp Written Blocks":0,"I/O Read Time":0.0,"I/O Write Time":0.0,"Temp I/O Read Time":0.0,"Temp I/O Write Time":0.0,"Plans":[{"Node Type":"Seq Scan","Parent Relationship":"Outer","Parallel Aware":false,"Async Capable":false,"Relation Name":"stock","Schema":"public","Alias":"stock","Startup Cost":0.0,"Total Cost":1033394.12,"Plan Rows":20000212,"Plan Width":8,"Actual Startup Time":0.004,"Actual Total Time":1714.281,"Actual Rows":20000000,"Actual Loops":1,"Output":["stock.s_i_id","stock.s_w_id","stock.s_quantity","stock.s_dist_01","stock.s_dist_02","stock.s_dist_03","stock.s_dist_04","stock.s_dist_05","stock.s_dist_06","stock.s_dist_07","stock.s_dist_08","stock.s_dist_09","stock.s_dist_10","stock.s_ytd","stock.s_order_cnt","stock.s_remote_cnt","stock.s_data"],"Shared Hit Blocks":833392,"Shared Read Blocks":0,"Shared Dirtied Blocks":0,"Shared Written Blocks":0,"Local Hit Blocks":0,"Local Read Blocks":0,"Local Dirtied Blocks":0,"Local Written Blocks":0,"Temp Read Blocks":0,"Temp Written Blocks":0,"I/O Read Time":0.0,"I/O Write Time":0.0,"Temp I/O Read Time":0.0,"Temp I/O Write Time":0.0},{"Node Type":"Hash","Parent Relationship":"Inner","Parallel Aware":false,"Async Capable":false,"Startup Cost":483.86,"Total Cost":483.86,"Plan Rows":11,"Plan Width":4,"Actual Startup Time":2.057,"Actual Total Time":2.063,"Actual Rows":26,"Actual Loops":1,"Output":["item.i_id"],"Hash Buckets":1024,"Original Hash Buckets":1024,"Hash Batches":1,"Original Hash Batches":1,"Peak Memory Usage":9,"Shared Hit Blocks":0,"Shared Read Blocks":0,"Shared Dirtied Blocks":0,"Shared Written Blocks":0,"Local Hit Blocks":0,"Local Read Blocks":0,"Local Dirtied Blocks":0,"Local Written Blocks":0,"Temp Read Blocks":0,"Temp Written Blocks":0,"I/O Read Time":0.0,"I/O Write Time":0.0,"Temp I/O Read Time":0.0,"Temp I/O Write Time":0.0,"Plans":[{"Node Type":"Append","Parent Relationship":"Outer","Parallel Aware":false,"Async Capable":false,"Startup Cost":20.0,"Total Cost":483.86,"Plan Rows":11,"Plan Width":4,"Actual Startup Time":2.023,"Actual Total Time":2.056,"Actual Rows":26,"Actual Loops":1,"Shared Hit Blocks":0,"Shared Read Blocks":0,"Shared Dirtied Blocks":0,"Shared Written Blocks":0,"Local Hit Blocks":0,"Local Read Blocks":0,"Local Dirtied Blocks":0,"Local Written Blocks":0,"Temp Read Blocks":0,"Temp Written Blocks":0,"I/O Read Time":0.0,"I/O Write Time":0.0,"Temp I/O Read Time":0.0,"Temp I/O Write Time":0.0,"Subplans Removed":0,"Plans":[{"Node Type":"Custom Scan","Parent Relationship":"Member","Custom Plan Provider":"columnar scan","Parallel Aware":false,"Async Capable":false,"Relation Name":"item","Schema":"public","Alias":"item","Startup Cost":20.0,"Total Cost":20.18,"Plan Rows":10,"Plan Width":4,"Actual Startup Time":2.021,"Actual Total Time":2.049,"Actual Rows":26,"Actual Loops":1,"Output":["item.i_id"],"Filter":"((item.i_data)::text ~~ 'co%'::text)","Rows Removed by Filter":0,"Rows Removed by Columnar Filter":99974,"Columnar cache search mode":"native","Shared Hit Blocks":0,"Shared Read Blocks":0,"Shared Dirtied Blocks":0,"Shared Written Blocks":0,"Local Hit Blocks":0,"Local Read Blocks":0,"Local Dirtied Blocks":0,"Local Written Blocks":0,"Temp Read Blocks":0,"Temp Written Blocks":0,"I/O Read Time":0.0,"I/O Write Time":0.0,"Temp I/O Read Time":0.0,"Temp I/O Write Time":0.0},{"Node Type":"Seq Scan","Parent Relationship":"Member","Parallel Aware":false,"Async Capable":false,"Relation Name":"item","Schema":"public","Alias":"item","Startup Cost":0.0,"Total Cost":4.01,"Plan Rows":1,"Plan Width":4,"Actual Startup Time":0.0,"Actual Total Time":0.0,"Actual Rows":0,"Actual Loops":0,"Output":["item.i_id"],"Filter":"((item.i_data)::text ~~ 'co%'::text)","Rows Removed by Filter":0,"Shared Hit Blocks":0,"Shared Read Blocks":0,"Shared Dirtied Blocks":0,"Shared Written Blocks":0,"Local Hit Blocks":0,"Local Read Blocks":0,"Local Dirtied Blocks":0,"Local Written Blocks":0,"Temp Read Blocks":0,"Temp Written Blocks":0,"I/O Read Time":0.0,"I/O Write Time":0.0,"Temp I/O Read Time":0.0,"Temp I/O Write Time":0.0}]}]}]}]}]}]}]}]},{"Node Type":"Hash","Parent Relationship":"Inner","Parallel Aware":false,"Async Capable":false,"Startup Cost":346.83,"Total Cost":346.83,"Plan Rows":161,"Plan Width":48,"Actual Startup Time":1.838,"Actual Total Time":1.845,"Actual Rows":164,"Actual Loops":1,"Output":["supplier.su_name","supplier.su_address","supplier.su_suppkey"],"Hash Buckets":1024,"Original Hash Buckets":1024,"Hash Batches":1,"Original Hash Batches":1,"Peak Memory Usage":22,"Shared Hit Blocks":218,"Shared Read Blocks":0,"Shared Dirtied Blocks":0,"Shared Written Blocks":0,"Local Hit Blocks":0,"Local Read Blocks":0,"Local Dirtied Blocks":0,"Local Written Blocks":0,"Temp Read Blocks":0,"Temp Written Blocks":0,"I/O Read Time":0.0,"I/O Write Time":0.0,"Temp I/O Read Time":0.0,"Temp I/O Write Time":0.0,"Plans":[{"Node Type":"Hash Join","Parent Relationship":"Outer","Parallel Aware":false,"Async Capable":false,"Join Type":"Inner","Startup Cost":1.79,"Total Cost":346.83,"Plan Rows":161,"Plan Width":48,"Actual Startup Time":0.029,"Actual Total Time":1.812,"Actual Rows":164,"Actual Loops":1,"Output":["supplier.su_name","supplier.su_address","supplier.su_suppkey"],"Inner Unique":true,"Hash Cond":"(supplier.su_nationkey = nation.n_nationkey)","Shared Hit Blocks":218,"Shared Read Blocks":0,"Shared Dirtied Blocks":0,"Shared Written Blocks":0,"Local Hit Blocks":0,"Local Read Blocks":0,"Local Dirtied Blocks":0,"Local Written Blocks":0,"Temp Read Blocks":0,"Temp Written Blocks":0,"I/O Read Time":0.0,"I/O Write Time":0.0,"Temp I/O Read Time":0.0,"Temp I/O Write Time":0.0,"Plans":[{"Node Type":"Seq Scan","Parent Relationship":"Outer","Parallel Aware":false,"Async Capable":false,"Relation Name":"supplier","Schema":"public","Alias":"supplier","Startup Cost":0.0,"Total Cost":317.0,"Plan Rows":10000,"Plan Width":52,"Actual Startup Time":0.007,"Actual Total Time":0.797,"Actual Rows":10000,"Actual Loops":1,"Output":["supplier.su_suppkey","supplier.su_name","supplier.su_address","supplier.su_nationkey","supplier.su_phone","supplier.su_acctbal","supplier.su_comment"],"Shared Hit Blocks":217,"Shared Read Blocks":0,"Shared Dirtied Blocks":0,"Shared Written Blocks":0,"Local Hit Blocks":0,"Local Read Blocks":0,"Local Dirtied Blocks":0,"Local Written Blocks":0,"Temp Read Blocks":0,"Temp Written Blocks":0,"I/O Read Time":0.0,"I/O Write Time":0.0,"Temp I/O Read Time":0.0,"Temp I/O Write Time":0.0},{"Node Type":"Hash","Parent Relationship":"Inner","Parallel Aware":false,"Async Capable":false,"Startup Cost":1.77,"Total Cost":1.77,"Plan Rows":1,"Plan Width":4,"Actual Startup Time":0.015,"Actual Total Time":0.017,"Actual Rows":1,"Actual Loops":1,"Output":["nation.n_nationkey"],"Hash Buckets":1024,"Original Hash Buckets":1024,"Hash Batches":1,"Original Hash Batches":1,"Peak Memory Usage":9,"Shared Hit Blocks":1,"Shared Read Blocks":0,"Shared Dirtied Blocks":0,"Shared Written Blocks":0,"Local Hit Blocks":0,"Local Read Blocks":0,"Local Dirtied Blocks":0,"Local Written Blocks":0,"Temp Read Blocks":0,"Temp Written Blocks":0,"I/O Read Time":0.0,"I/O Write Time":0.0,"Temp I/O Read Time":0.0,"Temp I/O Write Time":0.0,"Plans":[{"Node Type":"Seq Scan","Parent Relationship":"Outer","Parallel Aware":false,"Async Capable":false,"Relation Name":"nation","Schema":"public","Alias":"nation","Startup Cost":0.0,"Total Cost":1.77,"Plan Rows":1,"Plan Width":4,"Actual Startup Time":0.008,"Actual Total Time":0.012,"Actual Rows":1,"Actual Loops":1,"Output":["nation.n_nationkey"],"Filter":"((nation.n_name)::text = 'France'::text)","Rows Removed by Filter":61,"Shared Hit Blocks":1,"Shared Read Blocks":0,"Shared Dirtied Blocks":0,"Shared Written Blocks":0,"Local Hit Blocks":0,"Local Read Blocks":0,"Local Dirtied Blocks":0,"Local Written Blocks":0,"Temp Read Blocks":0,"Temp Written Blocks":0,"I/O Read Time":0.0,"I/O Write Time":0.0,"Temp I/O Read Time":0.0,"Temp I/O Write Time":0.0}]}]}]}]}]},"Planning":{"Shared Hit Blocks":19,"Shared Read Blocks":0,"Shared Dirtied Blocks":0,"Shared Written Blocks":0,"Local Hit Blocks":0,"Local Read Blocks":0,"Local Dirtied Blocks":0,"Local Written Blocks":0,"Temp Read Blocks":0,"Temp Written Blocks":0,"I/O Read Time":0.0,"I/O Write Time":0.0,"Temp I/O Read Time":0.0,"Temp I/O Write Time":0.0},"Planning Time":0.578,"Triggers":[],"Execution Time":10555.424}]
[列存组合]: nation
[{"Plan":{"Node Type":"Sort","Parallel Aware":false,"Async Capable":false,"Startup Cost":2737151.71,"Total Cost":2737151.91,"Plan Rows":80,"Plan Width":44,"Actual Startup Time":10497.687,"Actual Total Time":10497.706,"Actual Rows":0,"Actual Loops":1,"Output":["supplier.su_name","supplier.su_address"],"Sort Key":["supplier.su_name"],"Sort Method":"quicksort","Sort Space Used":25,"Sort Space Type":"Memory","Shared Hit Blocks":1516723,"Shared Read Blocks":0,"Shared Dirtied Blocks":0,"Shared Written Blocks":0,"Local Hit Blocks":0,"Local Read Blocks":0,"Local Dirtied Blocks":0,"Local Written Blocks":0,"Temp Read Blocks":1223,"Temp Written Blocks":1232,"I/O Read Time":0.0,"I/O Write Time":0.0,"Temp I/O Read Time":1.981,"Temp I/O Write Time":4.99,"Plans":[{"Node Type":"Hash Join","Parent Relationship":"Outer","Parallel Aware":false,"Async Capable":false,"Join Type":"Inner","Startup Cost":2737146.4,"Total Cost":2737149.18,"Plan Rows":80,"Plan Width":44,"Actual Startup Time":10497.682,"Actual Total Time":10497.699,"Actual Rows":0,"Actual Loops":1,"Output":["supplier.su_name","supplier.su_address"],"Inner Unique":false,"Hash Cond":"((mod((stock.s_i_id * stock.s_w_id), 10000)) = supplier.su_suppkey)","Shared Hit Blocks":1516723,"Shared Read Blocks":0,"Shared Dirtied Blocks":0,"Shared Written Blocks":0,"Local Hit Blocks":0,"Local Read Blocks":0,"Local Dirtied Blocks":0,"Local Written Blocks":0,"Temp Read Blocks":1223,"Temp Written Blocks":1232,"I/O Read Time":0.0,"I/O Write Time":0.0,"Temp I/O Read Time":1.981,"Temp I/O Write Time":4.99,"Plans":[{"Node Type":"Aggregate","Strategy":"Hashed","Partial Mode":"Simple","Parent Relationship":"Outer","Parallel Aware":false,"Async Capable":false,"Startup Cost":2736797.56,"Total Cost":2736799.56,"Plan Rows":200,"Plan Width":4,"Actual Startup Time":10495.904,"Actual Total Time":10495.916,"Actual Rows":0,"Actual Loops":1,"Output":["(mod((stock.s_i_id * stock.s_w_id), 10000))"],"Group Key":["mod((stock.s_i_id * stock.s_w_id), 10000)"],"Planned Partitions":0,"HashAgg Batches":1,"Peak Memory Usage":40,"Disk Usage":0,"Shared Hit Blocks":1516505,"Shared Read Blocks":0,"Shared Dirtied Blocks":0,"Shared Written Blocks":0,"Local Hit Blocks":0,"Local Read Blocks":0,"Local Dirtied Blocks":0,"Local Written Blocks":0,"Temp Read Blocks":1223,"Temp Written Blocks":1232,"I/O Read Time":0.0,"I/O Write Time":0.0,"Temp I/O Read Time":1.981,"Temp I/O Write Time":4.99,"Plans":[{"Node Type":"Aggregate","Strategy":"Sorted","Partial Mode":"Simple","Parent Relationship":"Outer","Parallel Aware":false,"Async Capable":false,"Startup Cost":2730606.1,"Total Cost":2735960.87,"Plan Rows":66935,"Plan Width":12,"Actual Startup Time":10495.894,"Actual Total Time":10495.906,"Actual Rows":0,"Actual Loops":1,"Output":["mod((stock.s_i_id * stock.s_w_id), 10000)","stock.s_i_id","stock.s_w_id","stock.s_quantity"],"Group Key":["stock.s_i_id","stock.s_w_id"],"Filter":"((2 * stock.s_quantity) > sum(order_line.ol_quantity))","Rows Removed by Filter":5200,"Shared Hit Blocks":1516505,"Shared Read Blocks":0,"Shared Dirtied Blocks":0,"Shared Written Blocks":0,"Local Hit Blocks":0,"Local Read Blocks":0,"Local Dirtied Blocks":0,"Local Written Blocks":0,"Temp Read Blocks":1223,"Temp Written Blocks":1232,"I/O Read Time":0.0,"I/O Write Time":0.0,"Temp I/O Read Time":1.981,"Temp I/O Write Time":4.99,"Plans":[{"Node Type":"Sort","Parent Relationship":"Outer","Parallel Aware":false,"Async Capable":false,"Startup Cost":2730606.1,"Total Cost":2731108.11,"Plan Rows":200804,"Plan Width":10,"Actual Startup Time":10391.792,"Actual Total Time":10443.921,"Actual Rows":499000,"Actual Loops":1,"Output":["stock.s_i_id","stock.s_w_id","stock.s_quantity","order_line.ol_quantity"],"Sort Key":["stock.s_i_id","stock.s_w_id"],"Sort Method":"external merge","Sort Space Used":9784,"Sort Space Type":"Disk","Shared Hit Blocks":1516505,"Shared Read Blocks":0,"Shared Dirtied Blocks":0,"Shared Written Blocks":0,"Local Hit Blocks":0,"Local Read Blocks":0,"Local Dirtied Blocks":0,"Local Written Blocks":0,"Temp Read Blocks":1223,"Temp Written Blocks":1232,"I/O Read Time":0.0,"I/O Write Time":0.0,"Temp I/O Read Time":1.981,"Temp I/O Write Time":4.99,"Plans":[{"Node Type":"Hash Join","Parent Relationship":"Outer","Parallel Aware":false,"Async Capable":false,"Join Type":"Inner","Startup Cost":1088537.03,"Total Cost":2709486.36,"Plan Rows":200804,"Plan Width":10,"Actual Startup Time":4855.302,"Actual Total Time":10229.622,"Actual Rows":499000,"Actual Loops":1,"Output":["stock.s_i_id","stock.s_w_id","stock.s_quantity","order_line.ol_quantity"],"Inner Unique":false,"Hash Cond":"(order_line.ol_i_id = stock.s_i_id)","Shared Hit Blocks":1516505,"Shared Read Blocks":0,"Shared Dirtied Blocks":0,"Shared Written Blocks":0,"Local Hit Blocks":0,"Local Read Blocks":0,"Local Dirtied Blocks":0,"Local Written Blocks":0,"Temp Read Blocks":0,"Temp Written Blocks":0,"I/O Read Time":0.0,"I/O Write Time":0.0,"Temp I/O Read Time":0.0,"Temp I/O Write Time":0.0,"Plans":[{"Node Type":"Seq Scan","Parent Relationship":"Outer","Parallel Aware":false,"Async Capable":false,"Relation Name":"order_line","Schema":"public","Alias":"order_line","Startup Cost":0.0,"Total Cost":1581655.36,"Plan Rows":9942920,"Plan Width":6,"Actual Startup Time":0.007,"Actual Total Time":4610.646,"Actual Rows":9885180,"Actual Loops":1,"Output":["order_line.ol_o_id","order_line.ol_d_id","order_line.ol_w_id","order_line.ol_number","order_line.ol_i_id","order_line.ol_supply_w_id","order_line.ol_delivery_d","order_line.ol_quantity","order_line.ol_amount","order_line.ol_dist_info"],"Filter":"((order_line.ol_delivery_d >= '1994-01-02 20:10:02.27764'::timestamp without time zone) AND (order_line.ol_delivery_d < '1995-04-02 20:10:02.27764'::timestamp without time zone))","Rows Removed by Filter":50108581,"Shared Hit Blocks":681748,"Shared Read Blocks":0,"Shared Dirtied Blocks":0,"Shared Written Blocks":0,"Local Hit Blocks":0,"Local Read Blocks":0,"Local Dirtied Blocks":0,"Local Written Blocks":0,"Temp Read Blocks":0,"Temp Written Blocks":0,"I/O Read Time":0.0,"I/O Write Time":0.0,"Temp I/O Read Time":0.0,"Temp I/O Write Time":0.0},{"Node Type":"Hash","Parent Relationship":"Inner","Parallel Aware":false,"Async Capable":false,"Startup Cost":1088512.03,"Total Cost":1088512.03,"Plan Rows":2000,"Plan Width":12,"Actual Startup Time":4854.237,"Actual Total Time":4854.245,"Actual Rows":5200,"Actual Loops":1,"Output":["stock.s_i_id","stock.s_w_id","stock.s_quantity","item.i_id"],"Hash Buckets":8192,"Original Hash Buckets":2048,"Hash Batches":1,"Original Hash Batches":1,"Peak Memory Usage":288,"Shared Hit Blocks":834757,"Shared Read Blocks":0,"Shared Dirtied Blocks":0,"Shared Written Blocks":0,"Local Hit Blocks":0,"Local Read Blocks":0,"Local Dirtied Blocks":0,"Local Written Blocks":0,"Temp Read Blocks":0,"Temp Written Blocks":0,"I/O Read Time":0.0,"I/O Write Time":0.0,"Temp I/O Read Time":0.0,"Temp I/O Write Time":0.0,"Plans":[{"Node Type":"Hash Join","Parent Relationship":"Outer","Parallel Aware":false,"Async Capable":false,"Join Type":"Inner","Startup Cost":2615.12,"Total Cost":1088512.03,"Plan Rows":2000,"Plan Width":12,"Actual Startup Time":8.843,"Actual Total Time":4852.642,"Actual Rows":5200,"Actual Loops":1,"Output":["stock.s_i_id","stock.s_w_id","stock.s_quantity","item.i_id"],"Inner Unique":true,"Hash Cond":"(stock.s_i_id = item.i_id)","Shared Hit Blocks":834757,"Shared Read Blocks":0,"Shared Dirtied Blocks":0,"Shared Written Blocks":0,"Local Hit Blocks":0,"Local Read Blocks":0,"Local Dirtied Blocks":0,"Local Written Blocks":0,"Temp Read Blocks":0,"Temp Written Blocks":0,"I/O Read Time":0.0,"I/O Write Time":0.0,"Temp I/O Read Time":0.0,"Temp I/O Write Time":0.0,"Plans":[{"Node Type":"Seq Scan","Parent Relationship":"Outer","Parallel Aware":false,"Async Capable":false,"Relation Name":"stock","Schema":"public","Alias":"stock","Startup Cost":0.0,"Total Cost":1033394.12,"Plan Rows":20000212,"Plan Width":8,"Actual Startup Time":0.004,"Actual Total Time":1737.047,"Actual Rows":20000000,"Actual Loops":1,"Output":["stock.s_i_id","stock.s_w_id","stock.s_quantity","stock.s_dist_01","stock.s_dist_02","stock.s_dist_03","stock.s_dist_04","stock.s_dist_05","stock.s_dist_06","stock.s_dist_07","stock.s_dist_08","stock.s_dist_09","stock.s_dist_10","stock.s_ytd","stock.s_order_cnt","stock.s_remote_cnt","stock.s_data"],"Shared Hit Blocks":833392,"Shared Read Blocks":0,"Shared Dirtied Blocks":0,"Shared Written Blocks":0,"Local Hit Blocks":0,"Local Read Blocks":0,"Local Dirtied Blocks":0,"Local Written Blocks":0,"Temp Read Blocks":0,"Temp Written Blocks":0,"I/O Read Time":0.0,"I/O Write Time":0.0,"Temp I/O Read Time":0.0,"Temp I/O Write Time":0.0},{"Node Type":"Hash","Parent Relationship":"Inner","Parallel Aware":false,"Async Capable":false,"Startup Cost":2615.0,"Total Cost":2615.0,"Plan Rows":10,"Plan Width":4,"Actual Startup Time":8.643,"Actual Total Time":8.646,"Actual Rows":26,"Actual Loops":1,"Output":["item.i_id"],"Hash Buckets":1024,"Original Hash Buckets":1024,"Hash Batches":1,"Original Hash Batches":1,"Peak Memory Usage":9,"Shared Hit Blocks":1365,"Shared Read Blocks":0,"Shared Dirtied Blocks":0,"Shared Written Blocks":0,"Local Hit Blocks":0,"Local Read Blocks":0,"Local Dirtied Blocks":0,"Local Written Blocks":0,"Temp Read Blocks":0,"Temp Written Blocks":0,"I/O Read Time":0.0,"I/O Write Time":0.0,"Temp I/O Read Time":0.0,"Temp I/O Write Time":0.0,"Plans":[{"Node Type":"Seq Scan","Parent Relationship":"Outer","Parallel Aware":false,"Async Capable":false,"Relation Name":"item","Schema":"public","Alias":"item","Startup Cost":0.0,"Total Cost":2615.0,"Plan Rows":10,"Plan Width":4,"Actual Startup Time":0.082,"Actual Total Time":8.636,"Actual Rows":26,"Actual Loops":1,"Output":["item.i_id"],"Filter":"((item.i_data)::text ~~ 'co%'::text)","Rows Removed by Filter":99974,"Shared Hit Blocks":1365,"Shared Read Blocks":0,"Shared Dirtied Blocks":0,"Shared Written Blocks":0,"Local Hit Blocks":0,"Local Read Blocks":0,"Local Dirtied Blocks":0,"Local Written Blocks":0,"Temp Read Blocks":0,"Temp Written Blocks":0,"I/O Read Time":0.0,"I/O Write Time":0.0,"Temp I/O Read Time":0.0,"Temp I/O Write Time":0.0}]}]}]}]}]}]}]},{"Node Type":"Hash","Parent Relationship":"Inner","Parallel Aware":false,"Async Capable":false,"Startup Cost":346.83,"Total Cost":346.83,"Plan Rows":161,"Plan Width":48,"Actual Startup Time":1.77,"Actual Total Time":1.774,"Actual Rows":164,"Actual Loops":1,"Output":["supplier.su_name","supplier.su_address","supplier.su_suppkey"],"Hash Buckets":1024,"Original Hash Buckets":1024,"Hash Batches":1,"Original Hash Batches":1,"Peak Memory Usage":22,"Shared Hit Blocks":218,"Shared Read Blocks":0,"Shared Dirtied Blocks":0,"Shared Written Blocks":0,"Local Hit Blocks":0,"Local Read Blocks":0,"Local Dirtied Blocks":0,"Local Written Blocks":0,"Temp Read Blocks":0,"Temp Written Blocks":0,"I/O Read Time":0.0,"I/O Write Time":0.0,"Temp I/O Read Time":0.0,"Temp I/O Write Time":0.0,"Plans":[{"Node Type":"Hash Join","Parent Relationship":"Outer","Parallel Aware":false,"Async Capable":false,"Join Type":"Inner","Startup Cost":1.79,"Total Cost":346.83,"Plan Rows":161,"Plan Width":48,"Actual Startup Time":0.024,"Actual Total Time":1.745,"Actual Rows":164,"Actual Loops":1,"Output":["supplier.su_name","supplier.su_address","supplier.su_suppkey"],"Inner Unique":true,"Hash Cond":"(supplier.su_nationkey = nation.n_nationkey)","Shared Hit Blocks":218,"Shared Read Blocks":0,"Shared Dirtied Blocks":0,"Shared Written Blocks":0,"Local Hit Blocks":0,"Local Read Blocks":0,"Local Dirtied Blocks":0,"Local Written Blocks":0,"Temp Read Blocks":0,"Temp Written Blocks":0,"I/O Read Time":0.0,"I/O Write Time":0.0,"Temp I/O Read Time":0.0,"Temp I/O Write Time":0.0,"Plans":[{"Node Type":"Seq Scan","Parent Relationship":"Outer","Parallel Aware":false,"Async Capable":false,"Relation Name":"supplier","Schema":"public","Alias":"supplier","Startup Cost":0.0,"Total Cost":317.0,"Plan Rows":10000,"Plan Width":52,"Actual Startup Time":0.006,"Actual Total Time":0.76,"Actual Rows":10000,"Actual Loops":1,"Output":["supplier.su_suppkey","supplier.su_name","supplier.su_address","supplier.su_nationkey","supplier.su_phone","supplier.su_acctbal","supplier.su_comment"],"Shared Hit Blocks":217,"Shared Read Blocks":0,"Shared Dirtied Blocks":0,"Shared Written Blocks":0,"Local Hit Blocks":0,"Local Read Blocks":0,"Local Dirtied Blocks":0,"Local Written Blocks":0,"Temp Read Blocks":0,"Temp Written Blocks":0,"I/O Read Time":0.0,"I/O Write Time":0.0,"Temp I/O Read Time":0.0,"Temp I/O Write Time":0.0},{"Node Type":"Hash","Parent Relationship":"Inner","Parallel Aware":false,"Async Capable":false,"Startup Cost":1.77,"Total Cost":1.77,"Plan Rows":1,"Plan Width":4,"Actual Startup Time":0.011,"Actual Total Time":0.013,"Actual Rows":1,"Actual Loops":1,"Output":["nation.n_nationkey"],"Hash Buckets":1024,"Original Hash Buckets":1024,"Hash Batches":1,"Original Hash Batches":1,"Peak Memory Usage":9,"Shared Hit Blocks":1,"Shared Read Blocks":0,"Shared Dirtied Blocks":0,"Shared Written Blocks":0,"Local Hit Blocks":0,"Local Read Blocks":0,"Local Dirtied Blocks":0,"Local Written Blocks":0,"Temp Read Blocks":0,"Temp Written Blocks":0,"I/O Read Time":0.0,"I/O Write Time":0.0,"Temp I/O Read Time":0.0,"Temp I/O Write Time":0.0,"Plans":[{"Node Type":"Seq Scan","Parent Relationship":"Outer","Parallel Aware":false,"Async Capable":false,"Relation Name":"nation","Schema":"public","Alias":"nation","Startup Cost":0.0,"Total Cost":1.77,"Plan Rows":1,"Plan Width":4,"Actual Startup Time":0.005,"Actual Total Time":0.01,"Actual Rows":1,"Actual Loops":1,"Output":["nation.n_nationkey"],"Filter":"((nation.n_name)::text = 'France'::text)","Rows Removed by Filter":61,"Shared Hit Blocks":1,"Shared Read Blocks":0,"Shared Dirtied Blocks":0,"Shared Written Blocks":0,"Local Hit Blocks":0,"Local Read Blocks":0,"Local Dirtied Blocks":0,"Local Written Blocks":0,"Temp Read Blocks":0,"Temp Written Blocks":0,"I/O Read Time":0.0,"I/O Write Time":0.0,"Temp I/O Read Time":0.0,"Temp I/O Write Time":0.0}]}]}]}]}]},"Planning":{"Shared Hit Blocks":19,"Shared Read Blocks":0,"Shared Dirtied Blocks":0,"Shared Written Blocks":0,"Local Hit Blocks":0,"Local Read Blocks":0,"Local Dirtied Blocks":0,"Local Written Blocks":0,"Temp Read Blocks":0,"Temp Written Blocks":0,"I/O Read Time":0.0,"I/O Write Time":0.0,"Temp I/O Read Time":0.0,"Temp I/O Write Time":0.0},"Planning Time":0.552,"Triggers":[],"Execution Time":10499.587}]
[列存组合]: order_line
[{"Plan":{"Node Type":"Sort","Parallel Aware":false,"Async Capable":false,"Startup Cost":1360710.39,"Total Cost":1360710.59,"Plan Rows":80,"Plan Width":44,"Actual Startup Time":6062.315,"Actual Total Time":6062.336,"Actual Rows":0,"Actual Loops":1,"Output":["supplier.su_name","supplier.su_address"],"Sort Key":["supplier.su_name"],"Sort Method":"quicksort","Sort Space Used":25,"Sort Space Type":"Memory","Shared Hit Blocks":834975,"Shared Read Blocks":0,"Shared Dirtied Blocks":0,"Shared Written Blocks":0,"Local Hit Blocks":0,"Local Read Blocks":0,"Local Dirtied Blocks":0,"Local Written Blocks":0,"Temp Read Blocks":1223,"Temp Written Blocks":1232,"I/O Read Time":0.0,"I/O Write Time":0.0,"Temp I/O Read Time":1.933,"Temp I/O Write Time":5.393,"Plans":[{"Node Type":"Hash Join","Parent Relationship":"Outer","Parallel Aware":false,"Async Capable":false,"Join Type":"Inner","Startup Cost":1360705.08,"Total Cost":1360707.86,"Plan Rows":80,"Plan Width":44,"Actual Startup Time":6062.307,"Actual Total Time":6062.326,"Actual Rows":0,"Actual Loops":1,"Output":["supplier.su_name","supplier.su_address"],"Inner Unique":false,"Hash Cond":"((mod((stock.s_i_id * stock.s_w_id), 10000)) = supplier.su_suppkey)","Shared Hit Blocks":834975,"Shared Read Blocks":0,"Shared Dirtied Blocks":0,"Shared Written Blocks":0,"Local Hit Blocks":0,"Local Read Blocks":0,"Local Dirtied Blocks":0,"Local Written Blocks":0,"Temp Read Blocks":1223,"Temp Written Blocks":1232,"I/O Read Time":0.0,"I/O Write Time":0.0,"Temp I/O Read Time":1.933,"Temp I/O Write Time":5.393,"Plans":[{"Node Type":"Aggregate","Strategy":"Hashed","Partial Mode":"Simple","Parent Relationship":"Outer","Parallel Aware":false,"Async Capable":false,"Startup Cost":1360356.24,"Total Cost":1360358.24,"Plan Rows":200,"Plan Width":4,"Actual Startup Time":6060.495,"Actual Total Time":6060.507,"Actual Rows":0,"Actual Loops":1,"Output":["(mod((stock.s_i_id * stock.s_w_id), 10000))"],"Group Key":["mod((stock.s_i_id * stock.s_w_id), 10000)"],"Planned Partitions":0,"HashAgg Batches":1,"Peak Memory Usage":40,"Disk Usage":0,"Shared Hit Blocks":834757,"Shared Read Blocks":0,"Shared Dirtied Blocks":0,"Shared Written Blocks":0,"Local Hit Blocks":0,"Local Read Blocks":0,"Local Dirtied Blocks":0,"Local Written Blocks":0,"Temp Read Blocks":1223,"Temp Written Blocks":1232,"I/O Read Time":0.0,"I/O Write Time":0.0,"Temp I/O Read Time":1.933,"Temp I/O Write Time":5.393,"Plans":[{"Node Type":"Aggregate","Strategy":"Sorted","Partial Mode":"Simple","Parent Relationship":"Outer","Parallel Aware":false,"Async Capable":false,"Startup Cost":1354164.78,"Total Cost":1359519.55,"Plan Rows":66935,"Plan Width":12,"Actual Startup Time":6060.488,"Actual Total Time":6060.499,"Actual Rows":0,"Actual Loops":1,"Output":["mod((stock.s_i_id * stock.s_w_id), 10000)","stock.s_i_id","stock.s_w_id","stock.s_quantity"],"Group Key":["stock.s_i_id","stock.s_w_id"],"Filter":"((2 * stock.s_quantity) > sum(order_line.ol_quantity))","Rows Removed by Filter":5200,"Shared Hit Blocks":834757,"Shared Read Blocks":0,"Shared Dirtied Blocks":0,"Shared Written Blocks":0,"Local Hit Blocks":0,"Local Read Blocks":0,"Local Dirtied Blocks":0,"Local Written Blocks":0,"Temp Read Blocks":1223,"Temp Written Blocks":1232,"I/O Read Time":0.0,"I/O Write Time":0.0,"Temp I/O Read Time":1.933,"Temp I/O Write Time":5.393,"Plans":[{"Node Type":"Sort","Parent Relationship":"Outer","Parallel Aware":false,"Async Capable":false,"Startup Cost":1354164.78,"Total Cost":1354666.79,"Plan Rows":200804,"Plan Width":10,"Actual Startup Time":5963.275,"Actual Total Time":6008.761,"Actual Rows":499000,"Actual Loops":1,"Output":["stock.s_i_id","stock.s_w_id","stock.s_quantity","order_line.ol_quantity"],"Sort Key":["stock.s_i_id","stock.s_w_id"],"Sort Method":"external merge","Sort Space Used":9784,"Sort Space Type":"Disk","Shared Hit Blocks":834757,"Shared Read Blocks":0,"Shared Dirtied Blocks":0,"Shared Written Blocks":0,"Local Hit Blocks":0,"Local Read Blocks":0,"Local Dirtied Blocks":0,"Local Written Blocks":0,"Temp Read Blocks":1223,"Temp Written Blocks":1232,"I/O Read Time":0.0,"I/O Write Time":0.0,"Temp I/O Read Time":1.933,"Temp I/O Write Time":5.393,"Plans":[{"Node Type":"Hash Join","Parent Relationship":"Outer","Parallel Aware":false,"Async Capable":false,"Join Type":"Inner","Startup Cost":222642.67,"Total Cost":1333045.03,"Plan Rows":200804,"Plan Width":10,"Actual Startup Time":883.601,"Actual Total Time":5853.111,"Actual Rows":499000,"Actual Loops":1,"Output":["stock.s_i_id","stock.s_w_id","stock.s_quantity","order_line.ol_quantity"],"Inner Unique":false,"Hash Cond":"(stock.s_i_id = order_line.ol_i_id)","Shared Hit Blocks":834757,"Shared Read Blocks":0,"Shared Dirtied Blocks":0,"Shared Written Blocks":0,"Local Hit Blocks":0,"Local Read Blocks":0,"Local Dirtied Blocks":0,"Local Written Blocks":0,"Temp Read Blocks":0,"Temp Written Blocks":0,"I/O Read Time":0.0,"I/O Write Time":0.0,"Temp I/O Read Time":0.0,"Temp I/O Write Time":0.0,"Plans":[{"Node Type":"Seq Scan","Parent Relationship":"Outer","Parallel Aware":false,"Async Capable":false,"Relation Name":"stock","Schema":"public","Alias":"stock","Startup Cost":0.0,"Total Cost":1033394.12,"Plan Rows":20000212,"Plan Width":8,"Actual Startup Time":0.005,"Actual Total Time":1729.173,"Actual Rows":20000000,"Actual Loops":1,"Output":["stock.s_i_id","stock.s_w_id","stock.s_quantity","stock.s_dist_01","stock.s_dist_02","stock.s_dist_03","stock.s_dist_04","stock.s_dist_05","stock.s_dist_06","stock.s_dist_07","stock.s_dist_08","stock.s_dist_09","stock.s_dist_10","stock.s_ytd","stock.s_order_cnt","stock.s_remote_cnt","stock.s_data"],"Shared Hit Blocks":833392,"Shared Read Blocks":0,"Shared Dirtied Blocks":0,"Shared Written Blocks":0,"Local Hit Blocks":0,"Local Read Blocks":0,"Local Dirtied Blocks":0,"Local Written Blocks":0,"Temp Read Blocks":0,"Temp Written Blocks":0,"I/O Read Time":0.0,"I/O Write Time":0.0,"Temp I/O Read Time":0.0,"Temp I/O Write Time":0.0},{"Node Type":"Hash","Parent Relationship":"Inner","Parallel Aware":false,"Async Capable":false,"Startup Cost":222630.24,"Total Cost":222630.24,"Plan Rows":994,"Plan Width":10,"Actual Startup Time":883.353,"Actual Total Time":883.361,"Actual Rows":2495,"Actual Loops":1,"Output":["order_line.ol_quantity","order_line.ol_i_id","item.i_id"],"Hash Buckets":4096,"Original Hash Buckets":1024,"Hash Batches":1,"Original Hash Batches":1,"Peak Memory Usage":140,"Shared Hit Blocks":1365,"Shared Read Blocks":0,"Shared Dirtied Blocks":0,"Shared Written Blocks":0,"Local Hit Blocks":0,"Local Read Blocks":0,"Local Dirtied Blocks":0,"Local Written Blocks":0,"Temp Read Blocks":0,"Temp Written Blocks":0,"I/O Read Time":0.0,"I/O Write Time":0.0,"Temp I/O Read Time":0.0,"Temp I/O Write Time":0.0,"Plans":[{"Node Type":"Hash Join","Parent Relationship":"Outer","Parallel Aware":false,"Async Capable":false,"Join Type":"Inner","Startup Cost":2635.12,"Total Cost":222630.24,"Plan Rows":994,"Plan Width":10,"Actual Startup Time":14.488,"Actual Total Time":882.865,"Actual Rows":2495,"Actual Loops":1,"Output":["order_line.ol_quantity","order_line.ol_i_id","item.i_id"],"Inner Unique":true,"Hash Cond":"(order_line.ol_i_id = item.i_id)","Shared Hit Blocks":1365,"Shared Read Blocks":0,"Shared Dirtied Blocks":0,"Shared Written Blocks":0,"Local Hit Blocks":0,"Local Read Blocks":0,"Local Dirtied Blocks":0,"Local Written Blocks":0,"Temp Read Blocks":0,"Temp Written Blocks":0,"I/O Read Time":0.0,"I/O Write Time":0.0,"Temp I/O Read Time":0.0,"Temp I/O Write Time":0.0,"Plans":[{"Node Type":"Append","Parent Relationship":"Outer","Parallel Aware":false,"Async Capable":false,"Startup Cost":20.0,"Total Cost":193913.85,"Plan Rows":9942920,"Plan Width":6,"Actual Startup Time":5.705,"Actual Total Time":873.516,"Actual Rows":2495,"Actual Loops":1,"Shared Hit Blocks":0,"Shared Read Blocks":0,"Shared Dirtied Blocks":0,"Shared Written Blocks":0,"Local Hit Blocks":0,"Local Read Blocks":0,"Local Dirtied Blocks":0,"Local Written Blocks":0,"Temp Read Blocks":0,"Temp Written Blocks":0,"I/O Read Time":0.0,"I/O Write Time":0.0,"Temp I/O Read Time":0.0,"Temp I/O Write Time":0.0,"Subplans Removed":0,"Plans":[{"Node Type":"Custom Scan","Parent Relationship":"Member","Custom Plan Provider":"columnar scan","Parallel Aware":false,"Async Capable":false,"Relation Name":"order_line","Schema":"public","Alias":"order_line","Startup Cost":20.0,"Total Cost":193908.91,"Plan Rows":9942910,"Plan Width":6,"Actual Startup Time":5.704,"Actual Total Time":873.28,"Actual Rows":2495,"Actual Loops":1,"Output":["order_line.ol_quantity","order_line.ol_i_id"],"Filter":"((order_line.ol_delivery_d < '1995-04-02 20:10:02.27764'::timestamp without time zone) AND (order_line.ol_delivery_d >= '1994-01-02 20:10:02.27764'::timestamp without time zone))","Rows Removed by Filter":0,"Rows Removed by Columnar Filter":59991266,"Rows Filtered by Bloom Filter":0,"Dictionary Rows Filtered by Bloom Filter":59978198,"Columnar cache search mode":"native","Shared Hit Blocks":0,"Shared Read Blocks":0,"Shared Dirtied Blocks":0,"Shared Written Blocks":0,"Local Hit Blocks":0,"Local Read Blocks":0,"Local Dirtied Blocks":0,"Local Written Blocks":0,"Temp Read Blocks":0,"Temp Written Blocks":0,"I/O Read Time":0.0,"I/O Write Time":0.0,"Temp I/O Read Time":0.0,"Temp I/O Write Time":0.0},{"Node Type":"Seq Scan","Parent Relationship":"Member","Parallel Aware":false,"Async Capable":false,"Relation Name":"order_line","Schema":"public","Alias":"order_line","Startup Cost":0.0,"Total Cost":4.95,"Plan Rows":10,"Plan Width":6,"Actual Startup Time":0.0,"Actual Total Time":0.0,"Actual Rows":0,"Actual Loops":0,"Output":["order_line.ol_quantity","order_line.ol_i_id"],"Filter":"((order_line.ol_delivery_d < '1995-04-02 20:10:02.27764'::timestamp without time zone) AND (order_line.ol_delivery_d >= '1994-01-02 20:10:02.27764'::timestamp without time zone))","Rows Removed by Filter":0,"Shared Hit Blocks":0,"Shared Read Blocks":0,"Shared Dirtied Blocks":0,"Shared Written Blocks":0,"Local Hit Blocks":0,"Local Read Blocks":0,"Local Dirtied Blocks":0,"Local Written Blocks":0,"Temp Read Blocks":0,"Temp Written Blocks":0,"I/O Read Time":0.0,"I/O Write Time":0.0,"Temp I/O Read Time":0.0,"Temp I/O Write Time":0.0}]},{"Node Type":"Hash","Parent Relationship":"Inner","Parallel Aware":false,"Async Capable":false,"Startup Cost":2615.0,"Total Cost":2615.0,"Plan Rows":10,"Plan Width":4,"Actual Startup Time":8.678,"Actual Total Time":8.679,"Actual Rows":26,"Actual Loops":1,"Output":["item.i_id"],"Hash Buckets":1024,"Original Hash Buckets":1024,"Hash Batches":1,"Original Hash Batches":1,"Peak Memory Usage":9,"Shared Hit Blocks":1365,"Shared Read Blocks":0,"Shared Dirtied Blocks":0,"Shared Written Blocks":0,"Local Hit Blocks":0,"Local Read Blocks":0,"Local Dirtied Blocks":0,"Local Written Blocks":0,"Temp Read Blocks":0,"Temp Written Blocks":0,"I/O Read Time":0.0,"I/O Write Time":0.0,"Temp I/O Read Time":0.0,"Temp I/O Write Time":0.0,"Plans":[{"Node Type":"Seq Scan","Parent Relationship":"Outer","Parallel Aware":false,"Async Capable":false,"Relation Name":"item","Schema":"public","Alias":"item","Startup Cost":0.0,"Total Cost":2615.0,"Plan Rows":10,"Plan Width":4,"Actual Startup Time":0.088,"Actual Total Time":8.66,"Actual Rows":26,"Actual Loops":1,"Output":["item.i_id"],"Filter":"((item.i_data)::text ~~ 'co%'::text)","Rows Removed by Filter":99974,"Shared Hit Blocks":1365,"Shared Read Blocks":0,"Shared Dirtied Blocks":0,"Shared Written Blocks":0,"Local Hit Blocks":0,"Local Read Blocks":0,"Local Dirtied Blocks":0,"Local Written Blocks":0,"Temp Read Blocks":0,"Temp Written Blocks":0,"I/O Read Time":0.0,"I/O Write Time":0.0,"Temp I/O Read Time":0.0,"Temp I/O Write Time":0.0}]}]}]}]}]}]}]},{"Node Type":"Hash","Parent Relationship":"Inner","Parallel Aware":false,"Async Capable":false,"Startup Cost":346.83,"Total Cost":346.83,"Plan Rows":161,"Plan Width":48,"Actual Startup Time":1.802,"Actual Total Time":1.808,"Actual Rows":164,"Actual Loops":1,"Output":["supplier.su_name","supplier.su_address","supplier.su_suppkey"],"Hash Buckets":1024,"Original Hash Buckets":1024,"Hash Batches":1,"Original Hash Batches":1,"Peak Memory Usage":22,"Shared Hit Blocks":218,"Shared Read Blocks":0,"Shared Dirtied Blocks":0,"Shared Written Blocks":0,"Local Hit Blocks":0,"Local Read Blocks":0,"Local Dirtied Blocks":0,"Local Written Blocks":0,"Temp Read Blocks":0,"Temp Written Blocks":0,"I/O Read Time":0.0,"I/O Write Time":0.0,"Temp I/O Read Time":0.0,"Temp I/O Write Time":0.0,"Plans":[{"Node Type":"Hash Join","Parent Relationship":"Outer","Parallel Aware":false,"Async Capable":false,"Join Type":"Inner","Startup Cost":1.79,"Total Cost":346.83,"Plan Rows":161,"Plan Width":48,"Actual Startup Time":0.036,"Actual Total Time":1.773,"Actual Rows":164,"Actual Loops":1,"Output":["supplier.su_name","supplier.su_address","supplier.su_suppkey"],"Inner Unique":true,"Hash Cond":"(supplier.su_nationkey = nation.n_nationkey)","Shared Hit Blocks":218,"Shared Read Blocks":0,"Shared Dirtied Blocks":0,"Shared Written Blocks":0,"Local Hit Blocks":0,"Local Read Blocks":0,"Local Dirtied Blocks":0,"Local Written Blocks":0,"Temp Read Blocks":0,"Temp Written Blocks":0,"I/O Read Time":0.0,"I/O Write Time":0.0,"Temp I/O Read Time":0.0,"Temp I/O Write Time":0.0,"Plans":[{"Node Type":"Seq Scan","Parent Relationship":"Outer","Parallel Aware":false,"Async Capable":false,"Relation Name":"supplier","Schema":"public","Alias":"supplier","Startup Cost":0.0,"Total Cost":317.0,"Plan Rows":10000,"Plan Width":52,"Actual Startup Time":0.009,"Actual Total Time":0.771,"Actual Rows":10000,"Actual Loops":1,"Output":["supplier.su_suppkey","supplier.su_name","supplier.su_address","supplier.su_nationkey","supplier.su_phone","supplier.su_acctbal","supplier.su_comment"],"Shared Hit Blocks":217,"Shared Read Blocks":0,"Shared Dirtied Blocks":0,"Shared Written Blocks":0,"Local Hit Blocks":0,"Local Read Blocks":0,"Local Dirtied Blocks":0,"Local Written Blocks":0,"Temp Read Blocks":0,"Temp Written Blocks":0,"I/O Read Time":0.0,"I/O Write Time":0.0,"Temp I/O Read Time":0.0,"Temp I/O Write Time":0.0},{"Node Type":"Hash","Parent Relationship":"Inner","Parallel Aware":false,"Async Capable":false,"Startup Cost":1.77,"Total Cost":1.77,"Plan Rows":1,"Plan Width":4,"Actual Startup Time":0.015,"Actual Total Time":0.018,"Actual Rows":1,"Actual Loops":1,"Output":["nation.n_nationkey"],"Hash Buckets":1024,"Original Hash Buckets":1024,"Hash Batches":1,"Original Hash Batches":1,"Peak Memory Usage":9,"Shared Hit Blocks":1,"Shared Read Blocks":0,"Shared Dirtied Blocks":0,"Shared Written Blocks":0,"Local Hit Blocks":0,"Local Read Blocks":0,"Local Dirtied Blocks":0,"Local Written Blocks":0,"Temp Read Blocks":0,"Temp Written Blocks":0,"I/O Read Time":0.0,"I/O Write Time":0.0,"Temp I/O Read Time":0.0,"Temp I/O Write Time":0.0,"Plans":[{"Node Type":"Seq Scan","Parent Relationship":"Outer","Parallel Aware":false,"Async Capable":false,"Relation Name":"nation","Schema":"public","Alias":"nation","Startup Cost":0.0,"Total Cost":1.77,"Plan Rows":1,"Plan Width":4,"Actual Startup Time":0.008,"Actual Total Time":0.012,"Actual Rows":1,"Actual Loops":1,"Output":["nation.n_nationkey"],"Filter":"((nation.n_name)::text = 'France'::text)","Rows Removed by Filter":61,"Shared Hit Blocks":1,"Shared Read Blocks":0,"Shared Dirtied Blocks":0,"Shared Written Blocks":0,"Local Hit Blocks":0,"Local Read Blocks":0,"Local Dirtied Blocks":0,"Local Written Blocks":0,"Temp Read Blocks":0,"Temp Written Blocks":0,"I/O Read Time":0.0,"I/O Write Time":0.0,"Temp I/O Read Time":0.0,"Temp I/O Write Time":0.0}]}]}]}]}]},"Planning":{"Shared Hit Blocks":19,"Shared Read Blocks":0,"Shared Dirtied Blocks":0,"Shared Written Blocks":0,"Local Hit Blocks":0,"Local Read Blocks":0,"Local Dirtied Blocks":0,"Local Written Blocks":0,"Temp Read Blocks":0,"Temp Written Blocks":0,"I/O Read Time":0.0,"I/O Write Time":0.0,"Temp I/O Read Time":0.0,"Temp I/O Write Time":0.0},"Planning Time":1.133,"Triggers":[],"Execution Time":6064.185}]
[列存组合]: stock
[{"Plan":{"Node Type":"Sort","Parallel Aware":false,"Async Capable":false,"Startup Cost":2133783.81,"Total Cost":2133784.01,"Plan Rows":80,"Plan Width":44,"Actual Startup Time":6241.913,"Actual Total Time":6241.934,"Actual Rows":0,"Actual Loops":1,"Output":["supplier.su_name","supplier.su_address"],"Sort Key":["supplier.su_name"],"Sort Method":"quicksort","Sort Space Used":25,"Sort Space Type":"Memory","Shared Hit Blocks":683331,"Shared Read Blocks":0,"Shared Dirtied Blocks":0,"Shared Written Blocks":0,"Local Hit Blocks":0,"Local Read Blocks":0,"Local Dirtied Blocks":0,"Local Written Blocks":0,"Temp Read Blocks":1223,"Temp Written Blocks":1232,"I/O Read Time":0.0,"I/O Write Time":0.0,"Temp I/O Read Time":1.819,"Temp I/O Write Time":5.109,"Plans":[{"Node Type":"Hash Join","Parent Relationship":"Outer","Parallel Aware":false,"Async Capable":false,"Join Type":"Inner","Startup Cost":2133778.5,"Total Cost":2133781.28,"Plan Rows":80,"Plan Width":44,"Actual Startup Time":6241.905,"Actual Total Time":6241.925,"Actual Rows":0,"Actual Loops":1,"Output":["supplier.su_name","supplier.su_address"],"Inner Unique":false,"Hash Cond":"((mod((stock.s_i_id * stock.s_w_id), 10000)) = supplier.su_suppkey)","Shared Hit Blocks":683331,"Shared Read Blocks":0,"Shared Dirtied Blocks":0,"Shared Written Blocks":0,"Local Hit Blocks":0,"Local Read Blocks":0,"Local Dirtied Blocks":0,"Local Written Blocks":0,"Temp Read Blocks":1223,"Temp Written Blocks":1232,"I/O Read Time":0.0,"I/O Write Time":0.0,"Temp I/O Read Time":1.819,"Temp I/O Write Time":5.109,"Plans":[{"Node Type":"Aggregate","Strategy":"Hashed","Partial Mode":"Simple","Parent Relationship":"Outer","Parallel Aware":false,"Async Capable":false,"Startup Cost":2133429.66,"Total Cost":2133431.66,"Plan Rows":200,"Plan Width":4,"Actual Startup Time":6240.062,"Actual Total Time":6240.074,"Actual Rows":0,"Actual Loops":1,"Output":["(mod((stock.s_i_id * stock.s_w_id), 10000))"],"Group Key":["mod((stock.s_i_id * stock.s_w_id), 10000)"],"Planned Partitions":0,"HashAgg Batches":1,"Peak Memory Usage":40,"Disk Usage":0,"Shared Hit Blocks":683113,"Shared Read Blocks":0,"Shared Dirtied Blocks":0,"Shared Written Blocks":0,"Local Hit Blocks":0,"Local Read Blocks":0,"Local Dirtied Blocks":0,"Local Written Blocks":0,"Temp Read Blocks":1223,"Temp Written Blocks":1232,"I/O Read Time":0.0,"I/O Write Time":0.0,"Temp I/O Read Time":1.819,"Temp I/O Write Time":5.109,"Plans":[{"Node Type":"Aggregate","Strategy":"Sorted","Partial Mode":"Simple","Parent Relationship":"Outer","Parallel Aware":false,"Async Capable":false,"Startup Cost":2127238.2,"Total Cost":2132592.98,"Plan Rows":66935,"Plan Width":12,"Actual Startup Time":6240.054,"Actual Total Time":6240.066,"Actual Rows":0,"Actual Loops":1,"Output":["mod((stock.s_i_id * stock.s_w_id), 10000)","stock.s_i_id","stock.s_w_id","stock.s_quantity"],"Group Key":["stock.s_i_id","stock.s_w_id"],"Filter":"((2 * stock.s_quantity) > sum(order_line.ol_quantity))","Rows Removed by Filter":5200,"Shared Hit Blocks":683113,"Shared Read Blocks":0,"Shared Dirtied Blocks":0,"Shared Written Blocks":0,"Local Hit Blocks":0,"Local Read Blocks":0,"Local Dirtied Blocks":0,"Local Written Blocks":0,"Temp Read Blocks":1223,"Temp Written Blocks":1232,"I/O Read Time":0.0,"I/O Write Time":0.0,"Temp I/O Read Time":1.819,"Temp I/O Write Time":5.109,"Plans":[{"Node Type":"Sort","Parent Relationship":"Outer","Parallel Aware":false,"Async Capable":false,"Startup Cost":2127238.2,"Total Cost":2127740.21,"Plan Rows":200804,"Plan Width":10,"Actual Startup Time":6137.312,"Actual Total Time":6187.722,"Actual Rows":499000,"Actual Loops":1,"Output":["stock.s_i_id","stock.s_w_id","stock.s_quantity","order_line.ol_quantity"],"Sort Key":["stock.s_i_id","stock.s_w_id"],"Sort Method":"external merge","Sort Space Used":9784,"Sort Space Type":"Disk","Shared Hit Blocks":683113,"Shared Read Blocks":0,"Shared Dirtied Blocks":0,"Shared Written Blocks":0,"Local Hit Blocks":0,"Local Read Blocks":0,"Local Dirtied Blocks":0,"Local Written Blocks":0,"Temp Read Blocks":1223,"Temp Written Blocks":1232,"I/O Read Time":0.0,"I/O Write Time":0.0,"Temp I/O Read Time":1.819,"Temp I/O Write Time":5.109,"Plans":[{"Node Type":"Hash Join","Parent Relationship":"Outer","Parallel Aware":false,"Async Capable":false,"Join Type":"Inner","Startup Cost":485169.13,"Total Cost":2106118.46,"Plan Rows":200804,"Plan Width":10,"Actual Startup Time":576.609,"Actual Total Time":5971.782,"Actual Rows":499000,"Actual Loops":1,"Output":["stock.s_i_id","stock.s_w_id","stock.s_quantity","order_line.ol_quantity"],"Inner Unique":false,"Hash Cond":"(order_line.ol_i_id = stock.s_i_id)","Shared Hit Blocks":683113,"Shared Read Blocks":0,"Shared Dirtied Blocks":0,"Shared Written Blocks":0,"Local Hit Blocks":0,"Local Read Blocks":0,"Local Dirtied Blocks":0,"Local Written Blocks":0,"Temp Read Blocks":0,"Temp Written Blocks":0,"I/O Read Time":0.0,"I/O Write Time":0.0,"Temp I/O Read Time":0.0,"Temp I/O Write Time":0.0,"Plans":[{"Node Type":"Seq Scan","Parent Relationship":"Outer","Parallel Aware":false,"Async Capable":false,"Relation Name":"order_line","Schema":"public","Alias":"order_line","Startup Cost":0.0,"Total Cost":1581655.36,"Plan Rows":9942920,"Plan Width":6,"Actual Startup Time":0.007,"Actual Total Time":4630.035,"Actual Rows":9885180,"Actual Loops":1,"Output":["order_line.ol_o_id","order_line.ol_d_id","order_line.ol_w_id","order_line.ol_number","order_line.ol_i_id","order_line.ol_supply_w_id","order_line.ol_delivery_d","order_line.ol_quantity","order_line.ol_amount","order_line.ol_dist_info"],"Filter":"((order_line.ol_delivery_d >= '1994-01-02 20:10:02.27764'::timestamp without time zone) AND (order_line.ol_delivery_d < '1995-04-02 20:10:02.27764'::timestamp without time zone))","Rows Removed by Filter":50108581,"Shared Hit Blocks":681748,"Shared Read Blocks":0,"Shared Dirtied Blocks":0,"Shared Written Blocks":0,"Local Hit Blocks":0,"Local Read Blocks":0,"Local Dirtied Blocks":0,"Local Written Blocks":0,"Temp Read Blocks":0,"Temp Written Blocks":0,"I/O Read Time":0.0,"I/O Write Time":0.0,"Temp I/O Read Time":0.0,"Temp I/O Write Time":0.0},{"Node Type":"Hash","Parent Relationship":"Inner","Parallel Aware":false,"Async Capable":false,"Startup Cost":485144.13,"Total Cost":485144.13,"Plan Rows":2000,"Plan Width":12,"Actual Startup Time":575.516,"Actual Total Time":575.525,"Actual Rows":5200,"Actual Loops":1,"Output":["stock.s_i_id","stock.s_w_id","stock.s_quantity","item.i_id"],"Hash Buckets":8192,"Original Hash Buckets":2048,"Hash Batches":1,"Original Hash Batches":1,"Peak Memory Usage":288,"Shared Hit Blocks":1365,"Shared Read Blocks":0,"Shared Dirtied Blocks":0,"Shared Written Blocks":0,"Local Hit Blocks":0,"Local Read Blocks":0,"Local Dirtied Blocks":0,"Local Written Blocks":0,"Temp Read Blocks":0,"Temp Written Blocks":0,"I/O Read Time":0.0,"I/O Write Time":0.0,"Temp I/O Read Time":0.0,"Temp I/O Write Time":0.0,"Plans":[{"Node Type":"Hash Join","Parent Relationship":"Outer","Parallel Aware":false,"Async Capable":false,"Join Type":"Inner","Startup Cost":2635.12,"Total Cost":485144.13,"Plan Rows":2000,"Plan Width":12,"Actual Startup Time":10.701,"Actual Total Time":574.587,"Actual Rows":5200,"Actual Loops":1,"Output":["stock.s_i_id","stock.s_w_id","stock.s_quantity","item.i_id"],"Inner Unique":true,"Hash Cond":"(stock.s_i_id = item.i_id)","Shared Hit Blocks":1365,"Shared Read Blocks":0,"Shared Dirtied Blocks":0,"Shared Written Blocks":0,"Local Hit Blocks":0,"Local Read Blocks":0,"Local Dirtied Blocks":0,"Local Written Blocks":0,"Temp Read Blocks":0,"Temp Written Blocks":0,"I/O Read Time":0.0,"I/O Write Time":0.0,"Temp I/O Read Time":0.0,"Temp I/O Write Time":0.0,"Plans":[{"Node Type":"Append","Parent Relationship":"Outer","Parallel Aware":false,"Async Capable":false,"Startup Cost":20.0,"Total Cost":430026.22,"Plan Rows":20000212,"Plan Width":8,"Actual Startup Time":1.613,"Actual Total Time":564.37,"Actual Rows":5200,"Actual Loops":1,"Shared Hit Blocks":0,"Shared Read Blocks":0,"Shared Dirtied Blocks":0,"Shared Written Blocks":0,"Local Hit Blocks":0,"Local Read Blocks":0,"Local Dirtied Blocks":0,"Local Written Blocks":0,"Temp Read Blocks":0,"Temp Written Blocks":0,"I/O Read Time":0.0,"I/O Write Time":0.0,"Temp I/O Read Time":0.0,"Temp I/O Write Time":0.0,"Subplans Removed":0,"Plans":[{"Node Type":"Custom Scan","Parent Relationship":"Member","Custom Plan Provider":"columnar scan","Parallel Aware":false,"Async Capable":false,"Relation Name":"stock","Schema":"public","Alias":"stock","Startup Cost":20.0,"Total Cost":430020.1,"Plan Rows":20000000,"Plan Width":8,"Actual Startup Time":1.611,"Actual Total Time":563.953,"Actual Rows":5200,"Actual Loops":1,"Output":["stock.s_i_id","stock.s_w_id","stock.s_quantity"],"Rows Removed by Columnar Filter":19994800,"Rows Filtered by Bloom Filter":0,"Dictionary Rows Filtered by Bloom Filter":19994800,"Columnar cache search mode":"native","Shared Hit Blocks":0,"Shared Read Blocks":0,"Shared Dirtied Blocks":0,"Shared Written Blocks":0,"Local Hit Blocks":0,"Local Read Blocks":0,"Local Dirtied Blocks":0,"Local Written Blocks":0,"Temp Read Blocks":0,"Temp Written Blocks":0,"I/O Read Time":0.0,"I/O Write Time":0.0,"Temp I/O Read Time":0.0,"Temp I/O Write Time":0.0},{"Node Type":"Seq Scan","Parent Relationship":"Member","Parallel Aware":false,"Async Capable":false,"Relation Name":"stock","Schema":"public","Alias":"stock","Startup Cost":0.0,"Total Cost":6.12,"Plan Rows":212,"Plan Width":8,"Actual Startup Time":0.0,"Actual Total Time":0.0,"Actual Rows":0,"Actual Loops":0,"Output":["stock.s_i_id","stock.s_w_id","stock.s_quantity"],"Shared Hit Blocks":0,"Shared Read Blocks":0,"Shared Dirtied Blocks":0,"Shared Written Blocks":0,"Local Hit Blocks":0,"Local Read Blocks":0,"Local Dirtied Blocks":0,"Local Written Blocks":0,"Temp Read Blocks":0,"Temp Written Blocks":0,"I/O Read Time":0.0,"I/O Write Time":0.0,"Temp I/O Read Time":0.0,"Temp I/O Write Time":0.0}]},{"Node Type":"Hash","Parent Relationship":"Inner","Parallel Aware":false,"Async Capable":false,"Startup Cost":2615.0,"Total Cost":2615.0,"Plan Rows":10,"Plan Width":4,"Actual Startup Time":8.775,"Actual Total Time":8.777,"Actual Rows":26,"Actual Loops":1,"Output":["item.i_id"],"Hash Buckets":1024,"Original Hash Buckets":1024,"Hash Batches":1,"Original Hash Batches":1,"Peak Memory Usage":9,"Shared Hit Blocks":1365,"Shared Read Blocks":0,"Shared Dirtied Blocks":0,"Shared Written Blocks":0,"Local Hit Blocks":0,"Local Read Blocks":0,"Local Dirtied Blocks":0,"Local Written Blocks":0,"Temp Read Blocks":0,"Temp Written Blocks":0,"I/O Read Time":0.0,"I/O Write Time":0.0,"Temp I/O Read Time":0.0,"Temp I/O Write Time":0.0,"Plans":[{"Node Type":"Seq Scan","Parent Relationship":"Outer","Parallel Aware":false,"Async Capable":false,"Relation Name":"item","Schema":"public","Alias":"item","Startup Cost":0.0,"Total Cost":2615.0,"Plan Rows":10,"Plan Width":4,"Actual Startup Time":0.079,"Actual Total Time":8.758,"Actual Rows":26,"Actual Loops":1,"Output":["item.i_id"],"Filter":"((item.i_data)::text ~~ 'co%'::text)","Rows Removed by Filter":99974,"Shared Hit Blocks":1365,"Shared Read Blocks":0,"Shared Dirtied Blocks":0,"Shared Written Blocks":0,"Local Hit Blocks":0,"Local Read Blocks":0,"Local Dirtied Blocks":0,"Local Written Blocks":0,"Temp Read Blocks":0,"Temp Written Blocks":0,"I/O Read Time":0.0,"I/O Write Time":0.0,"Temp I/O Read Time":0.0,"Temp I/O Write Time":0.0}]}]}]}]}]}]}]},{"Node Type":"Hash","Parent Relationship":"Inner","Parallel Aware":false,"Async Capable":false,"Startup Cost":346.83,"Total Cost":346.83,"Plan Rows":161,"Plan Width":48,"Actual Startup Time":1.834,"Actual Total Time":1.84,"Actual Rows":164,"Actual Loops":1,"Output":["supplier.su_name","supplier.su_address","supplier.su_suppkey"],"Hash Buckets":1024,"Original Hash Buckets":1024,"Hash Batches":1,"Original Hash Batches":1,"Peak Memory Usage":22,"Shared Hit Blocks":218,"Shared Read Blocks":0,"Shared Dirtied Blocks":0,"Shared Written Blocks":0,"Local Hit Blocks":0,"Local Read Blocks":0,"Local Dirtied Blocks":0,"Local Written Blocks":0,"Temp Read Blocks":0,"Temp Written Blocks":0,"I/O Read Time":0.0,"I/O Write Time":0.0,"Temp I/O Read Time":0.0,"Temp I/O Write Time":0.0,"Plans":[{"Node Type":"Hash Join","Parent Relationship":"Outer","Parallel Aware":false,"Async Capable":false,"Join Type":"Inner","Startup Cost":1.79,"Total Cost":346.83,"Plan Rows":161,"Plan Width":48,"Actual Startup Time":0.037,"Actual Total Time":1.803,"Actual Rows":164,"Actual Loops":1,"Output":["supplier.su_name","supplier.su_address","supplier.su_suppkey"],"Inner Unique":true,"Hash Cond":"(supplier.su_nationkey = nation.n_nationkey)","Shared Hit Blocks":218,"Shared Read Blocks":0,"Shared Dirtied Blocks":0,"Shared Written Blocks":0,"Local Hit Blocks":0,"Local Read Blocks":0,"Local Dirtied Blocks":0,"Local Written Blocks":0,"Temp Read Blocks":0,"Temp Written Blocks":0,"I/O Read Time":0.0,"I/O Write Time":0.0,"Temp I/O Read Time":0.0,"Temp I/O Write Time":0.0,"Plans":[{"Node Type":"Seq Scan","Parent Relationship":"Outer","Parallel Aware":false,"Async Capable":false,"Relation Name":"supplier","Schema":"public","Alias":"supplier","Startup Cost":0.0,"Total Cost":317.0,"Plan Rows":10000,"Plan Width":52,"Actual Startup Time":0.009,"Actual Total Time":0.786,"Actual Rows":10000,"Actual Loops":1,"Output":["supplier.su_suppkey","supplier.su_name","supplier.su_address","supplier.su_nationkey","supplier.su_phone","supplier.su_acctbal","supplier.su_comment"],"Shared Hit Blocks":217,"Shared Read Blocks":0,"Shared Dirtied Blocks":0,"Shared Written Blocks":0,"Local Hit Blocks":0,"Local Read Blocks":0,"Local Dirtied Blocks":0,"Local Written Blocks":0,"Temp Read Blocks":0,"Temp Written Blocks":0,"I/O Read Time":0.0,"I/O Write Time":0.0,"Temp I/O Read Time":0.0,"Temp I/O Write Time":0.0},{"Node Type":"Hash","Parent Relationship":"Inner","Parallel Aware":false,"Async Capable":false,"Startup Cost":1.77,"Total Cost":1.77,"Plan Rows":1,"Plan Width":4,"Actual Startup Time":0.015,"Actual Total Time":0.017,"Actual Rows":1,"Actual Loops":1,"Output":["nation.n_nationkey"],"Hash Buckets":1024,"Original Hash Buckets":1024,"Hash Batches":1,"Original Hash Batches":1,"Peak Memory Usage":9,"Shared Hit Blocks":1,"Shared Read Blocks":0,"Shared Dirtied Blocks":0,"Shared Written Blocks":0,"Local Hit Blocks":0,"Local Read Blocks":0,"Local Dirtied Blocks":0,"Local Written Blocks":0,"Temp Read Blocks":0,"Temp Written Blocks":0,"I/O Read Time":0.0,"I/O Write Time":0.0,"Temp I/O Read Time":0.0,"Temp I/O Write Time":0.0,"Plans":[{"Node Type":"Seq Scan","Parent Relationship":"Outer","Parallel Aware":false,"Async Capable":false,"Relation Name":"nation","Schema":"public","Alias":"nation","Startup Cost":0.0,"Total Cost":1.77,"Plan Rows":1,"Plan Width":4,"Actual Startup Time":0.007,"Actual Total Time":0.012,"Actual Rows":1,"Actual Loops":1,"Output":["nation.n_nationkey"],"Filter":"((nation.n_name)::text = 'France'::text)","Rows Removed by Filter":61,"Shared Hit Blocks":1,"Shared Read Blocks":0,"Shared Dirtied Blocks":0,"Shared Written Blocks":0,"Local Hit Blocks":0,"Local Read Blocks":0,"Local Dirtied Blocks":0,"Local Written Blocks":0,"Temp Read Blocks":0,"Temp Written Blocks":0,"I/O Read Time":0.0,"I/O Write Time":0.0,"Temp I/O Read Time":0.0,"Temp I/O Write Time":0.0}]}]}]}]}]},"Planning":{"Shared Hit Blocks":19,"Shared Read Blocks":0,"Shared Dirtied Blocks":0,"Shared Written Blocks":0,"Local Hit Blocks":0,"Local Read Blocks":0,"Local Dirtied Blocks":0,"Local Written Blocks":0,"Temp Read Blocks":0,"Temp Written Blocks":0,"I/O Read Time":0.0,"I/O Write Time":0.0,"Temp I/O Read Time":0.0,"Temp I/O Write Time":0.0},"Planning Time":1.412,"Triggers":[],"Execution Time":6243.693}]
[列存组合]: supplier
[{"Plan":{"Node Type":"Sort","Parallel Aware":false,"Async Capable":false,"Startup Cost":2737093.72,"Total Cost":2737093.92,"Plan Rows":80,"Plan Width":44,"Actual Startup Time":10487.154,"Actual Total Time":10487.175,"Actual Rows":0,"Actual Loops":1,"Output":["supplier.su_name","supplier.su_address"],"Sort Key":["supplier.su_name"],"Sort Method":"quicksort","Sort Space Used":25,"Sort Space Type":"Memory","Shared Hit Blocks":1516506,"Shared Read Blocks":0,"Shared Dirtied Blocks":0,"Shared Written Blocks":0,"Local Hit Blocks":0,"Local Read Blocks":0,"Local Dirtied Blocks":0,"Local Written Blocks":0,"Temp Read Blocks":1223,"Temp Written Blocks":1232,"I/O Read Time":0.0,"I/O Write Time":0.0,"Temp I/O Read Time":1.772,"Temp I/O Write Time":5.008,"Plans":[{"Node Type":"Hash Join","Parent Relationship":"Outer","Parallel Aware":false,"Async Capable":false,"Join Type":"Inner","Startup Cost":2737088.42,"Total Cost":2737091.2,"Plan Rows":80,"Plan Width":44,"Actual Startup Time":10487.148,"Actual Total Time":10487.168,"Actual Rows":0,"Actual Loops":1,"Output":["supplier.su_name","supplier.su_address"],"Inner Unique":false,"Hash Cond":"((mod((stock.s_i_id * stock.s_w_id), 10000)) = supplier.su_suppkey)","Shared Hit Blocks":1516506,"Shared Read Blocks":0,"Shared Dirtied Blocks":0,"Shared Written Blocks":0,"Local Hit Blocks":0,"Local Read Blocks":0,"Local Dirtied Blocks":0,"Local Written Blocks":0,"Temp Read Blocks":1223,"Temp Written Blocks":1232,"I/O Read Time":0.0,"I/O Write Time":0.0,"Temp I/O Read Time":1.772,"Temp I/O Write Time":5.008,"Plans":[{"Node Type":"Aggregate","Strategy":"Hashed","Partial Mode":"Simple","Parent Relationship":"Outer","Parallel Aware":false,"Async Capable":false,"Startup Cost":2736797.56,"Total Cost":2736799.56,"Plan Rows":200,"Plan Width":4,"Actual Startup Time":10486.614,"Actual Total Time":10486.625,"Actual Rows":0,"Actual Loops":1,"Output":["(mod((stock.s_i_id * stock.s_w_id), 10000))"],"Group Key":["mod((stock.s_i_id * stock.s_w_id), 10000)"],"Planned Partitions":0,"HashAgg Batches":1,"Peak Memory Usage":40,"Disk Usage":0,"Shared Hit Blocks":1516505,"Shared Read Blocks":0,"Shared Dirtied Blocks":0,"Shared Written Blocks":0,"Local Hit Blocks":0,"Local Read Blocks":0,"Local Dirtied Blocks":0,"Local Written Blocks":0,"Temp Read Blocks":1223,"Temp Written Blocks":1232,"I/O Read Time":0.0,"I/O Write Time":0.0,"Temp I/O Read Time":1.772,"Temp I/O Write Time":5.008,"Plans":[{"Node Type":"Aggregate","Strategy":"Sorted","Partial Mode":"Simple","Parent Relationship":"Outer","Parallel Aware":false,"Async Capable":false,"Startup Cost":2730606.1,"Total Cost":2735960.87,"Plan Rows":66935,"Plan Width":12,"Actual Startup Time":10486.605,"Actual Total Time":10486.614,"Actual Rows":0,"Actual Loops":1,"Output":["mod((stock.s_i_id * stock.s_w_id), 10000)","stock.s_i_id","stock.s_w_id","stock.s_quantity"],"Group Key":["stock.s_i_id","stock.s_w_id"],"Filter":"((2 * stock.s_quantity) > sum(order_line.ol_quantity))","Rows Removed by Filter":5200,"Shared Hit Blocks":1516505,"Shared Read Blocks":0,"Shared Dirtied Blocks":0,"Shared Written Blocks":0,"Local Hit Blocks":0,"Local Read Blocks":0,"Local Dirtied Blocks":0,"Local Written Blocks":0,"Temp Read Blocks":1223,"Temp Written Blocks":1232,"I/O Read Time":0.0,"I/O Write Time":0.0,"Temp I/O Read Time":1.772,"Temp I/O Write Time":5.008,"Plans":[{"Node Type":"Sort","Parent Relationship":"Outer","Parallel Aware":false,"Async Capable":false,"Startup Cost":2730606.1,"Total Cost":2731108.11,"Plan Rows":200804,"Plan Width":10,"Actual Startup Time":10384.297,"Actual Total Time":10434.623,"Actual Rows":499000,"Actual Loops":1,"Output":["stock.s_i_id","stock.s_w_id","stock.s_quantity","order_line.ol_quantity"],"Sort Key":["stock.s_i_id","stock.s_w_id"],"Sort Method":"external merge","Sort Space Used":9784,"Sort Space Type":"Disk","Shared Hit Blocks":1516505,"Shared Read Blocks":0,"Shared Dirtied Blocks":0,"Shared Written Blocks":0,"Local Hit Blocks":0,"Local Read Blocks":0,"Local Dirtied Blocks":0,"Local Written Blocks":0,"Temp Read Blocks":1223,"Temp Written Blocks":1232,"I/O Read Time":0.0,"I/O Write Time":0.0,"Temp I/O Read Time":1.772,"Temp I/O Write Time":5.008,"Plans":[{"Node Type":"Hash Join","Parent Relationship":"Outer","Parallel Aware":false,"Async Capable":false,"Join Type":"Inner","Startup Cost":1088537.03,"Total Cost":2709486.36,"Plan Rows":200804,"Plan Width":10,"Actual Startup Time":4824.0,"Actual Total Time":10220.614,"Actual Rows":499000,"Actual Loops":1,"Output":["stock.s_i_id","stock.s_w_id","stock.s_quantity","order_line.ol_quantity"],"Inner Unique":false,"Hash Cond":"(order_line.ol_i_id = stock.s_i_id)","Shared Hit Blocks":1516505,"Shared Read Blocks":0,"Shared Dirtied Blocks":0,"Shared Written Blocks":0,"Local Hit Blocks":0,"Local Read Blocks":0,"Local Dirtied Blocks":0,"Local Written Blocks":0,"Temp Read Blocks":0,"Temp Written Blocks":0,"I/O Read Time":0.0,"I/O Write Time":0.0,"Temp I/O Read Time":0.0,"Temp I/O Write Time":0.0,"Plans":[{"Node Type":"Seq Scan","Parent Relationship":"Outer","Parallel Aware":false,"Async Capable":false,"Relation Name":"order_line","Schema":"public","Alias":"order_line","Startup Cost":0.0,"Total Cost":1581655.36,"Plan Rows":9942920,"Plan Width":6,"Actual Startup Time":0.006,"Actual Total Time":4631.939,"Actual Rows":9885180,"Actual Loops":1,"Output":["order_line.ol_o_id","order_line.ol_d_id","order_line.ol_w_id","order_line.ol_number","order_line.ol_i_id","order_line.ol_supply_w_id","order_line.ol_delivery_d","order_line.ol_quantity","order_line.ol_amount","order_line.ol_dist_info"],"Filter":"((order_line.ol_delivery_d >= '1994-01-02 20:10:02.27764'::timestamp without time zone) AND (order_line.ol_delivery_d < '1995-04-02 20:10:02.27764'::timestamp without time zone))","Rows Removed by Filter":50108581,"Shared Hit Blocks":681748,"Shared Read Blocks":0,"Shared Dirtied Blocks":0,"Shared Written Blocks":0,"Local Hit Blocks":0,"Local Read Blocks":0,"Local Dirtied Blocks":0,"Local Written Blocks":0,"Temp Read Blocks":0,"Temp Written Blocks":0,"I/O Read Time":0.0,"I/O Write Time":0.0,"Temp I/O Read Time":0.0,"Temp I/O Write Time":0.0},{"Node Type":"Hash","Parent Relationship":"Inner","Parallel Aware":false,"Async Capable":false,"Startup Cost":1088512.03,"Total Cost":1088512.03,"Plan Rows":2000,"Plan Width":12,"Actual Startup Time":4822.939,"Actual Total Time":4822.946,"Actual Rows":5200,"Actual Loops":1,"Output":["stock.s_i_id","stock.s_w_id","stock.s_quantity","item.i_id"],"Hash Buckets":8192,"Original Hash Buckets":2048,"Hash Batches":1,"Original Hash Batches":1,"Peak Memory Usage":288,"Shared Hit Blocks":834757,"Shared Read Blocks":0,"Shared Dirtied Blocks":0,"Shared Written Blocks":0,"Local Hit Blocks":0,"Local Read Blocks":0,"Local Dirtied Blocks":0,"Local Written Blocks":0,"Temp Read Blocks":0,"Temp Written Blocks":0,"I/O Read Time":0.0,"I/O Write Time":0.0,"Temp I/O Read Time":0.0,"Temp I/O Write Time":0.0,"Plans":[{"Node Type":"Hash Join","Parent Relationship":"Outer","Parallel Aware":false,"Async Capable":false,"Join Type":"Inner","Startup Cost":2615.12,"Total Cost":1088512.03,"Plan Rows":2000,"Plan Width":12,"Actual Startup Time":8.938,"Actual Total Time":4821.383,"Actual Rows":5200,"Actual Loops":1,"Output":["stock.s_i_id","stock.s_w_id","stock.s_quantity","item.i_id"],"Inner Unique":true,"Hash Cond":"(stock.s_i_id = item.i_id)","Shared Hit Blocks":834757,"Shared Read Blocks":0,"Shared Dirtied Blocks":0,"Shared Written Blocks":0,"Local Hit Blocks":0,"Local Read Blocks":0,"Local Dirtied Blocks":0,"Local Written Blocks":0,"Temp Read Blocks":0,"Temp Written Blocks":0,"I/O Read Time":0.0,"I/O Write Time":0.0,"Temp I/O Read Time":0.0,"Temp I/O Write Time":0.0,"Plans":[{"Node Type":"Seq Scan","Parent Relationship":"Outer","Parallel Aware":false,"Async Capable":false,"Relation Name":"stock","Schema":"public","Alias":"stock","Startup Cost":0.0,"Total Cost":1033394.12,"Plan Rows":20000212,"Plan Width":8,"Actual Startup Time":0.004,"Actual Total Time":1710.874,"Actual Rows":20000000,"Actual Loops":1,"Output":["stock.s_i_id","stock.s_w_id","stock.s_quantity","stock.s_dist_01","stock.s_dist_02","stock.s_dist_03","stock.s_dist_04","stock.s_dist_05","stock.s_dist_06","stock.s_dist_07","stock.s_dist_08","stock.s_dist_09","stock.s_dist_10","stock.s_ytd","stock.s_order_cnt","stock.s_remote_cnt","stock.s_data"],"Shared Hit Blocks":833392,"Shared Read Blocks":0,"Shared Dirtied Blocks":0,"Shared Written Blocks":0,"Local Hit Blocks":0,"Local Read Blocks":0,"Local Dirtied Blocks":0,"Local Written Blocks":0,"Temp Read Blocks":0,"Temp Written Blocks":0,"I/O Read Time":0.0,"I/O Write Time":0.0,"Temp I/O Read Time":0.0,"Temp I/O Write Time":0.0},{"Node Type":"Hash","Parent Relationship":"Inner","Parallel Aware":false,"Async Capable":false,"Startup Cost":2615.0,"Total Cost":2615.0,"Plan Rows":10,"Plan Width":4,"Actual Startup Time":8.737,"Actual Total Time":8.741,"Actual Rows":26,"Actual Loops":1,"Output":["item.i_id"],"Hash Buckets":1024,"Original Hash Buckets":1024,"Hash Batches":1,"Original Hash Batches":1,"Peak Memory Usage":9,"Shared Hit Blocks":1365,"Shared Read Blocks":0,"Shared Dirtied Blocks":0,"Shared Written Blocks":0,"Local Hit Blocks":0,"Local Read Blocks":0,"Local Dirtied Blocks":0,"Local Written Blocks":0,"Temp Read Blocks":0,"Temp Written Blocks":0,"I/O Read Time":0.0,"I/O Write Time":0.0,"Temp I/O Read Time":0.0,"Temp I/O Write Time":0.0,"Plans":[{"Node Type":"Seq Scan","Parent Relationship":"Outer","Parallel Aware":false,"Async Capable":false,"Relation Name":"item","Schema":"public","Alias":"item","Startup Cost":0.0,"Total Cost":2615.0,"Plan Rows":10,"Plan Width":4,"Actual Startup Time":0.08,"Actual Total Time":8.73,"Actual Rows":26,"Actual Loops":1,"Output":["item.i_id"],"Filter":"((item.i_data)::text ~~ 'co%'::text)","Rows Removed by Filter":99974,"Shared Hit Blocks":1365,"Shared Read Blocks":0,"Shared Dirtied Blocks":0,"Shared Written Blocks":0,"Local Hit Blocks":0,"Local Read Blocks":0,"Local Dirtied Blocks":0,"Local Written Blocks":0,"Temp Read Blocks":0,"Temp Written Blocks":0,"I/O Read Time":0.0,"I/O Write Time":0.0,"Temp I/O Read Time":0.0,"Temp I/O Write Time":0.0}]}]}]}]}]}]}]},{"Node Type":"Hash","Parent Relationship":"Inner","Parallel Aware":false,"Async Capable":false,"Startup Cost":288.84,"Total Cost":288.84,"Plan Rows":161,"Plan Width":48,"Actual Startup Time":0.528,"Actual Total Time":0.537,"Actual Rows":164,"Actual Loops":1,"Output":["supplier.su_name","supplier.su_address","supplier.su_suppkey"],"Hash Buckets":1024,"Original Hash Buckets":1024,"Hash Batches":1,"Original Hash Batches":1,"Peak Memory Usage":22,"Shared Hit Blocks":1,"Shared Read Blocks":0,"Shared Dirtied Blocks":0,"Shared Written Blocks":0,"Local Hit Blocks":0,"Local Read Blocks":0,"Local Dirtied Blocks":0,"Local Written Blocks":0,"Temp Read Blocks":0,"Temp Written Blocks":0,"I/O Read Time":0.0,"I/O Write Time":0.0,"Temp I/O Read Time":0.0,"Temp I/O Write Time":0.0,"Plans":[{"Node Type":"Hash Join","Parent Relationship":"Outer","Parallel Aware":false,"Async Capable":false,"Join Type":"Inner","Startup Cost":21.79,"Total Cost":288.84,"Plan Rows":161,"Plan Width":48,"Actual Startup Time":0.381,"Actual Total Time":0.494,"Actual Rows":164,"Actual Loops":1,"Output":["supplier.su_name","supplier.su_address","supplier.su_suppkey"],"Inner Unique":true,"Hash Cond":"(supplier.su_nationkey = nation.n_nationkey)","Shared Hit Blocks":1,"Shared Read Blocks":0,"Shared Dirtied Blocks":0,"Shared Written Blocks":0,"Local Hit Blocks":0,"Local Read Blocks":0,"Local Dirtied Blocks":0,"Local Written Blocks":0,"Temp Read Blocks":0,"Temp Written Blocks":0,"I/O Read Time":0.0,"I/O Write Time":0.0,"Temp I/O Read Time":0.0,"Temp I/O Write Time":0.0,"Plans":[{"Node Type":"Append","Parent Relationship":"Outer","Parallel Aware":false,"Async Capable":false,"Startup Cost":20.0,"Total Cost":259.01,"Plan Rows":10001,"Plan Width":52,"Actual Startup Time":0.058,"Actual Total Time":0.139,"Actual Rows":164,"Actual Loops":1,"Shared Hit Blocks":0,"Shared Read Blocks":0,"Shared Dirtied Blocks":0,"Shared Written Blocks":0,"Local Hit Blocks":0,"Local Read Blocks":0,"Local Dirtied Blocks":0,"Local Written Blocks":0,"Temp Read Blocks":0,"Temp Written Blocks":0,"I/O Read Time":0.0,"I/O Write Time":0.0,"Temp I/O Read Time":0.0,"Temp I/O Write Time":0.0,"Subplans Removed":0,"Plans":[{"Node Type":"Custom Scan","Parent Relationship":"Member","Custom Plan Provider":"columnar scan","Parallel Aware":false,"Async Capable":false,"Relation Name":"supplier","Schema":"public","Alias":"supplier","Startup Cost":20.0,"Total Cost":255.0,"Plan Rows":10000,"Plan Width":52,"Actual Startup Time":0.057,"Actual Total Time":0.124,"Actual Rows":164,"Actual Loops":1,"Output":["supplier.su_name","supplier.su_address","supplier.su_nationkey","supplier.su_suppkey"],"Rows Removed by Columnar Filter":9836,"Rows Filtered by Bloom Filter":0,"Dictionary Rows Filtered by Bloom Filter":9836,"Columnar cache search mode":"native","Shared Hit Blocks":0,"Shared Read Blocks":0,"Shared Dirtied Blocks":0,"Shared Written Blocks":0,"Local Hit Blocks":0,"Local Read Blocks":0,"Local Dirtied Blocks":0,"Local Written Blocks":0,"Temp Read Blocks":0,"Temp Written Blocks":0,"I/O Read Time":0.0,"I/O Write Time":0.0,"Temp I/O Read Time":0.0,"Temp I/O Write Time":0.0},{"Node Type":"Seq Scan","Parent Relationship":"Member","Parallel Aware":false,"Async Capable":false,"Relation Name":"supplier","Schema":"public","Alias":"supplier","Startup Cost":0.0,"Total Cost":4.01,"Plan Rows":1,"Plan Width":52,"Actual Startup Time":0.0,"Actual Total Time":0.0,"Actual Rows":0,"Actual Loops":0,"Output":["supplier.su_name","supplier.su_address","supplier.su_nationkey","supplier.su_suppkey"],"Shared Hit Blocks":0,"Shared Read Blocks":0,"Shared Dirtied Blocks":0,"Shared Written Blocks":0,"Local Hit Blocks":0,"Local Read Blocks":0,"Local Dirtied Blocks":0,"Local Written Blocks":0,"Temp Read Blocks":0,"Temp Written Blocks":0,"I/O Read Time":0.0,"I/O Write Time":0.0,"Temp I/O Read Time":0.0,"Temp I/O Write Time":0.0}]},{"Node Type":"Hash","Parent Relationship":"Inner","Parallel Aware":false,"Async Capable":false,"Startup Cost":1.77,"Total Cost":1.77,"Plan Rows":1,"Plan Width":4,"Actual Startup Time":0.02,"Actual Total Time":0.022,"Actual Rows":1,"Actual Loops":1,"Output":["nation.n_nationkey"],"Hash Buckets":1024,"Original Hash Buckets":1024,"Hash Batches":1,"Original Hash Batches":1,"Peak Memory Usage":9,"Shared Hit Blocks":1,"Shared Read Blocks":0,"Shared Dirtied Blocks":0,"Shared Written Blocks":0,"Local Hit Blocks":0,"Local Read Blocks":0,"Local Dirtied Blocks":0,"Local Written Blocks":0,"Temp Read Blocks":0,"Temp Written Blocks":0,"I/O Read Time":0.0,"I/O Write Time":0.0,"Temp I/O Read Time":0.0,"Temp I/O Write Time":0.0,"Plans":[{"Node Type":"Seq Scan","Parent Relationship":"Outer","Parallel Aware":false,"Async Capable":false,"Relation Name":"nation","Schema":"public","Alias":"nation","Startup Cost":0.0,"Total Cost":1.77,"Plan Rows":1,"Plan Width":4,"Actual Startup Time":0.012,"Actual Total Time":0.016,"Actual Rows":1,"Actual Loops":1,"Output":["nation.n_nationkey"],"Filter":"((nation.n_name)::text = 'France'::text)","Rows Removed by Filter":61,"Shared Hit Blocks":1,"Shared Read Blocks":0,"Shared Dirtied Blocks":0,"Shared Written Blocks":0,"Local Hit Blocks":0,"Local Read Blocks":0,"Local Dirtied Blocks":0,"Local Written Blocks":0,"Temp Read Blocks":0,"Temp Written Blocks":0,"I/O Read Time":0.0,"I/O Write Time":0.0,"Temp I/O Read Time":0.0,"Temp I/O Write Time":0.0}]}]}]}]}]},"Planning":{"Shared Hit Blocks":19,"Shared Read Blocks":0,"Shared Dirtied Blocks":0,"Shared Written Blocks":0,"Local Hit Blocks":0,"Local Read Blocks":0,"Local Dirtied Blocks":0,"Local Written Blocks":0,"Temp Read Blocks":0,"Temp Written Blocks":0,"I/O Read Time":0.0,"I/O Write Time":0.0,"Temp I/O Read Time":0.0,"Temp I/O Write Time":0.0},"Planning Time":0.554,"Triggers":[],"Execution Time":10489.122}]
[列存组合]: item, nation
[{"Plan":{"Node Type":"Sort","Parallel Aware":false,"Async Capable":false,"Startup Cost":2735020.58,"Total Cost":2735020.78,"Plan Rows":80,"Plan Width":44,"Actual Startup Time":10526.144,"Actual Total Time":10526.166,"Actual Rows":0,"Actual Loops":1,"Output":["supplier.su_name","supplier.su_address"],"Sort Key":["supplier.su_name"],"Sort Method":"quicksort","Sort Space Used":25,"Sort Space Type":"Memory","Shared Hit Blocks":1515358,"Shared Read Blocks":0,"Shared Dirtied Blocks":0,"Shared Written Blocks":0,"Local Hit Blocks":0,"Local Read Blocks":0,"Local Dirtied Blocks":0,"Local Written Blocks":0,"Temp Read Blocks":1223,"Temp Written Blocks":1232,"I/O Read Time":0.0,"I/O Write Time":0.0,"Temp I/O Read Time":1.803,"Temp I/O Write Time":4.936,"Plans":[{"Node Type":"Hash Join","Parent Relationship":"Outer","Parallel Aware":false,"Async Capable":false,"Join Type":"Inner","Startup Cost":2735015.28,"Total Cost":2735018.06,"Plan Rows":80,"Plan Width":44,"Actual Startup Time":10526.138,"Actual Total Time":10526.159,"Actual Rows":0,"Actual Loops":1,"Output":["supplier.su_name","supplier.su_address"],"Inner Unique":false,"Hash Cond":"((mod((stock.s_i_id * stock.s_w_id), 10000)) = supplier.su_suppkey)","Shared Hit Blocks":1515358,"Shared Read Blocks":0,"Shared Dirtied Blocks":0,"Shared Written Blocks":0,"Local Hit Blocks":0,"Local Read Blocks":0,"Local Dirtied Blocks":0,"Local Written Blocks":0,"Temp Read Blocks":1223,"Temp Written Blocks":1232,"I/O Read Time":0.0,"I/O Write Time":0.0,"Temp I/O Read Time":1.803,"Temp I/O Write Time":4.936,"Plans":[{"Node Type":"Aggregate","Strategy":"Hashed","Partial Mode":"Simple","Parent Relationship":"Outer","Parallel Aware":false,"Async Capable":false,"Startup Cost":2734666.43,"Total Cost":2734668.43,"Plan Rows":200,"Plan Width":4,"Actual Startup Time":10524.314,"Actual Total Time":10524.327,"Actual Rows":0,"Actual Loops":1,"Output":["(mod((stock.s_i_id * stock.s_w_id), 10000))"],"Group Key":["mod((stock.s_i_id * stock.s_w_id), 10000)"],"Planned Partitions":0,"HashAgg Batches":1,"Peak Memory Usage":40,"Disk Usage":0,"Shared Hit Blocks":1515140,"Shared Read Blocks":0,"Shared Dirtied Blocks":0,"Shared Written Blocks":0,"Local Hit Blocks":0,"Local Read Blocks":0,"Local Dirtied Blocks":0,"Local Written Blocks":0,"Temp Read Blocks":1223,"Temp Written Blocks":1232,"I/O Read Time":0.0,"I/O Write Time":0.0,"Temp I/O Read Time":1.803,"Temp I/O Write Time":4.936,"Plans":[{"Node Type":"Aggregate","Strategy":"Sorted","Partial Mode":"Simple","Parent Relationship":"Outer","Parallel Aware":false,"Async Capable":false,"Startup Cost":2728474.97,"Total Cost":2733829.75,"Plan Rows":66935,"Plan Width":12,"Actual Startup Time":10524.305,"Actual Total Time":10524.318,"Actual Rows":0,"Actual Loops":1,"Output":["mod((stock.s_i_id * stock.s_w_id), 10000)","stock.s_i_id","stock.s_w_id","stock.s_quantity"],"Group Key":["stock.s_i_id","stock.s_w_id"],"Filter":"((2 * stock.s_quantity) > sum(order_line.ol_quantity))","Rows Removed by Filter":5200,"Shared Hit Blocks":1515140,"Shared Read Blocks":0,"Shared Dirtied Blocks":0,"Shared Written Blocks":0,"Local Hit Blocks":0,"Local Read Blocks":0,"Local Dirtied Blocks":0,"Local Written Blocks":0,"Temp Read Blocks":1223,"Temp Written Blocks":1232,"I/O Read Time":0.0,"I/O Write Time":0.0,"Temp I/O Read Time":1.803,"Temp I/O Write Time":4.936,"Plans":[{"Node Type":"Sort","Parent Relationship":"Outer","Parallel Aware":false,"Async Capable":false,"Startup Cost":2728474.97,"Total Cost":2728976.98,"Plan Rows":200804,"Plan Width":10,"Actual Startup Time":10418.545,"Actual Total Time":10470.784,"Actual Rows":499000,"Actual Loops":1,"Output":["stock.s_i_id","stock.s_w_id","stock.s_quantity","order_line.ol_quantity"],"Sort Key":["stock.s_i_id","stock.s_w_id"],"Sort Method":"external merge","Sort Space Used":9784,"Sort Space Type":"Disk","Shared Hit Blocks":1515140,"Shared Read Blocks":0,"Shared Dirtied Blocks":0,"Shared Written Blocks":0,"Local Hit Blocks":0,"Local Read Blocks":0,"Local Dirtied Blocks":0,"Local Written Blocks":0,"Temp Read Blocks":1223,"Temp Written Blocks":1232,"I/O Read Time":0.0,"I/O Write Time":0.0,"Temp I/O Read Time":1.803,"Temp I/O Write Time":4.936,"Plans":[{"Node Type":"Hash Join","Parent Relationship":"Outer","Parallel Aware":false,"Async Capable":false,"Join Type":"Inner","Startup Cost":1086405.9,"Total Cost":2707355.23,"Plan Rows":200804,"Plan Width":10,"Actual Startup Time":4862.052,"Actual Total Time":10256.299,"Actual Rows":499000,"Actual Loops":1,"Output":["stock.s_i_id","stock.s_w_id","stock.s_quantity","order_line.ol_quantity"],"Inner Unique":false,"Hash Cond":"(order_line.ol_i_id = stock.s_i_id)","Shared Hit Blocks":1515140,"Shared Read Blocks":0,"Shared Dirtied Blocks":0,"Shared Written Blocks":0,"Local Hit Blocks":0,"Local Read Blocks":0,"Local Dirtied Blocks":0,"Local Written Blocks":0,"Temp Read Blocks":0,"Temp Written Blocks":0,"I/O Read Time":0.0,"I/O Write Time":0.0,"Temp I/O Read Time":0.0,"Temp I/O Write Time":0.0,"Plans":[{"Node Type":"Seq Scan","Parent Relationship":"Outer","Parallel Aware":false,"Async Capable":false,"Relation Name":"order_line","Schema":"public","Alias":"order_line","Startup Cost":0.0,"Total Cost":1581655.36,"Plan Rows":9942920,"Plan Width":6,"Actual Startup Time":0.006,"Actual Total Time":4615.875,"Actual Rows":9885180,"Actual Loops":1,"Output":["order_line.ol_o_id","order_line.ol_d_id","order_line.ol_w_id","order_line.ol_number","order_line.ol_i_id","order_line.ol_supply_w_id","order_line.ol_delivery_d","order_line.ol_quantity","order_line.ol_amount","order_line.ol_dist_info"],"Filter":"((order_line.ol_delivery_d >= '1994-01-02 20:10:02.27764'::timestamp without time zone) AND (order_line.ol_delivery_d < '1995-04-02 20:10:02.27764'::timestamp without time zone))","Rows Removed by Filter":50108581,"Shared Hit Blocks":681748,"Shared Read Blocks":0,"Shared Dirtied Blocks":0,"Shared Written Blocks":0,"Local Hit Blocks":0,"Local Read Blocks":0,"Local Dirtied Blocks":0,"Local Written Blocks":0,"Temp Read Blocks":0,"Temp Written Blocks":0,"I/O Read Time":0.0,"I/O Write Time":0.0,"Temp I/O Read Time":0.0,"Temp I/O Write Time":0.0},{"Node Type":"Hash","Parent Relationship":"Inner","Parallel Aware":false,"Async Capable":false,"Startup Cost":1086380.9,"Total Cost":1086380.9,"Plan Rows":2000,"Plan Width":12,"Actual Startup Time":4860.979,"Actual Total Time":4860.99,"Actual Rows":5200,"Actual Loops":1,"Output":["stock.s_i_id","stock.s_w_id","stock.s_quantity","item.i_id"],"Hash Buckets":8192,"Original Hash Buckets":2048,"Hash Batches":1,"Original Hash Batches":1,"Peak Memory Usage":288,"Shared Hit Blocks":833392,"Shared Read Blocks":0,"Shared Dirtied Blocks":0,"Shared Written Blocks":0,"Local Hit Blocks":0,"Local Read Blocks":0,"Local Dirtied Blocks":0,"Local Written Blocks":0,"Temp Read Blocks":0,"Temp Written Blocks":0,"I/O Read Time":0.0,"I/O Write Time":0.0,"Temp I/O Read Time":0.0,"Temp I/O Write Time":0.0,"Plans":[{"Node Type":"Hash Join","Parent Relationship":"Outer","Parallel Aware":false,"Async Capable":false,"Join Type":"Inner","Startup Cost":484.0,"Total Cost":1086380.9,"Plan Rows":2000,"Plan Width":12,"Actual Startup Time":2.539,"Actual Total Time":4859.373,"Actual Rows":5200,"Actual Loops":1,"Output":["stock.s_i_id","stock.s_w_id","stock.s_quantity","item.i_id"],"Inner Unique":true,"Hash Cond":"(stock.s_i_id = item.i_id)","Shared Hit Blocks":833392,"Shared Read Blocks":0,"Shared Dirtied Blocks":0,"Shared Written Blocks":0,"Local Hit Blocks":0,"Local Read Blocks":0,"Local Dirtied Blocks":0,"Local Written Blocks":0,"Temp Read Blocks":0,"Temp Written Blocks":0,"I/O Read Time":0.0,"I/O Write Time":0.0,"Temp I/O Read Time":0.0,"Temp I/O Write Time":0.0,"Plans":[{"Node Type":"Seq Scan","Parent Relationship":"Outer","Parallel Aware":false,"Async Capable":false,"Relation Name":"stock","Schema":"public","Alias":"stock","Startup Cost":0.0,"Total Cost":1033394.12,"Plan Rows":20000212,"Plan Width":8,"Actual Startup Time":0.005,"Actual Total Time":1726.018,"Actual Rows":20000000,"Actual Loops":1,"Output":["stock.s_i_id","stock.s_w_id","stock.s_quantity","stock.s_dist_01","stock.s_dist_02","stock.s_dist_03","stock.s_dist_04","stock.s_dist_05","stock.s_dist_06","stock.s_dist_07","stock.s_dist_08","stock.s_dist_09","stock.s_dist_10","stock.s_ytd","stock.s_order_cnt","stock.s_remote_cnt","stock.s_data"],"Shared Hit Blocks":833392,"Shared Read Blocks":0,"Shared Dirtied Blocks":0,"Shared Written Blocks":0,"Local Hit Blocks":0,"Local Read Blocks":0,"Local Dirtied Blocks":0,"Local Written Blocks":0,"Temp Read Blocks":0,"Temp Written Blocks":0,"I/O Read Time":0.0,"I/O Write Time":0.0,"Temp I/O Read Time":0.0,"Temp I/O Write Time":0.0},{"Node Type":"Hash","Parent Relationship":"Inner","Parallel Aware":false,"Async Capable":false,"Startup Cost":483.86,"Total Cost":483.86,"Plan Rows":11,"Plan Width":4,"Actual Startup Time":2.32,"Actual Total Time":2.327,"Actual Rows":26,"Actual Loops":1,"Output":["item.i_id"],"Hash Buckets":1024,"Original Hash Buckets":1024,"Hash Batches":1,"Original Hash Batches":1,"Peak Memory Usage":9,"Shared Hit Blocks":0,"Shared Read Blocks":0,"Shared Dirtied Blocks":0,"Shared Written Blocks":0,"Local Hit Blocks":0,"Local Read Blocks":0,"Local Dirtied Blocks":0,"Local Written Blocks":0,"Temp Read Blocks":0,"Temp Written Blocks":0,"I/O Read Time":0.0,"I/O Write Time":0.0,"Temp I/O Read Time":0.0,"Temp I/O Write Time":0.0,"Plans":[{"Node Type":"Append","Parent Relationship":"Outer","Parallel Aware":false,"Async Capable":false,"Startup Cost":20.0,"Total Cost":483.86,"Plan Rows":11,"Plan Width":4,"Actual Startup Time":2.284,"Actual Total Time":2.319,"Actual Rows":26,"Actual Loops":1,"Shared Hit Blocks":0,"Shared Read Blocks":0,"Shared Dirtied Blocks":0,"Shared Written Blocks":0,"Local Hit Blocks":0,"Local Read Blocks":0,"Local Dirtied Blocks":0,"Local Written Blocks":0,"Temp Read Blocks":0,"Temp Written Blocks":0,"I/O Read Time":0.0,"I/O Write Time":0.0,"Temp I/O Read Time":0.0,"Temp I/O Write Time":0.0,"Subplans Removed":0,"Plans":[{"Node Type":"Custom Scan","Parent Relationship":"Member","Custom Plan Provider":"columnar scan","Parallel Aware":false,"Async Capable":false,"Relation Name":"item","Schema":"public","Alias":"item","Startup Cost":20.0,"Total Cost":20.18,"Plan Rows":10,"Plan Width":4,"Actual Startup Time":2.282,"Actual Total Time":2.312,"Actual Rows":26,"Actual Loops":1,"Output":["item.i_id"],"Filter":"((item.i_data)::text ~~ 'co%'::text)","Rows Removed by Filter":0,"Rows Removed by Columnar Filter":99974,"Columnar cache search mode":"native","Shared Hit Blocks":0,"Shared Read Blocks":0,"Shared Dirtied Blocks":0,"Shared Written Blocks":0,"Local Hit Blocks":0,"Local Read Blocks":0,"Local Dirtied Blocks":0,"Local Written Blocks":0,"Temp Read Blocks":0,"Temp Written Blocks":0,"I/O Read Time":0.0,"I/O Write Time":0.0,"Temp I/O Read Time":0.0,"Temp I/O Write Time":0.0},{"Node Type":"Seq Scan","Parent Relationship":"Member","Parallel Aware":false,"Async Capable":false,"Relation Name":"item","Schema":"public","Alias":"item","Startup Cost":0.0,"Total Cost":4.01,"Plan Rows":1,"Plan Width":4,"Actual Startup Time":0.0,"Actual Total Time":0.0,"Actual Rows":0,"Actual Loops":0,"Output":["item.i_id"],"Filter":"((item.i_data)::text ~~ 'co%'::text)","Rows Removed by Filter":0,"Shared Hit Blocks":0,"Shared Read Blocks":0,"Shared Dirtied Blocks":0,"Shared Written Blocks":0,"Local Hit Blocks":0,"Local Read Blocks":0,"Local Dirtied Blocks":0,"Local Written Blocks":0,"Temp Read Blocks":0,"Temp Written Blocks":0,"I/O Read Time":0.0,"I/O Write Time":0.0,"Temp I/O Read Time":0.0,"Temp I/O Write Time":0.0}]}]}]}]}]}]}]}]},{"Node Type":"Hash","Parent Relationship":"Inner","Parallel Aware":false,"Async Capable":false,"Startup Cost":346.83,"Total Cost":346.83,"Plan Rows":161,"Plan Width":48,"Actual Startup Time":1.817,"Actual Total Time":1.824,"Actual Rows":164,"Actual Loops":1,"Output":["supplier.su_name","supplier.su_address","supplier.su_suppkey"],"Hash Buckets":1024,"Original Hash Buckets":1024,"Hash Batches":1,"Original Hash Batches":1,"Peak Memory Usage":22,"Shared Hit Blocks":218,"Shared Read Blocks":0,"Shared Dirtied Blocks":0,"Shared Written Blocks":0,"Local Hit Blocks":0,"Local Read Blocks":0,"Local Dirtied Blocks":0,"Local Written Blocks":0,"Temp Read Blocks":0,"Temp Written Blocks":0,"I/O Read Time":0.0,"I/O Write Time":0.0,"Temp I/O Read Time":0.0,"Temp I/O Write Time":0.0,"Plans":[{"Node Type":"Hash Join","Parent Relationship":"Outer","Parallel Aware":false,"Async Capable":false,"Join Type":"Inner","Startup Cost":1.79,"Total Cost":346.83,"Plan Rows":161,"Plan Width":48,"Actual Startup Time":0.027,"Actual Total Time":1.792,"Actual Rows":164,"Actual Loops":1,"Output":["supplier.su_name","supplier.su_address","supplier.su_suppkey"],"Inner Unique":true,"Hash Cond":"(supplier.su_nationkey = nation.n_nationkey)","Shared Hit Blocks":218,"Shared Read Blocks":0,"Shared Dirtied Blocks":0,"Shared Written Blocks":0,"Local Hit Blocks":0,"Local Read Blocks":0,"Local Dirtied Blocks":0,"Local Written Blocks":0,"Temp Read Blocks":0,"Temp Written Blocks":0,"I/O Read Time":0.0,"I/O Write Time":0.0,"Temp I/O Read Time":0.0,"Temp I/O Write Time":0.0,"Plans":[{"Node Type":"Seq Scan","Parent Relationship":"Outer","Parallel Aware":false,"Async Capable":false,"Relation Name":"supplier","Schema":"public","Alias":"supplier","Startup Cost":0.0,"Total Cost":317.0,"Plan Rows":10000,"Plan Width":52,"Actual Startup Time":0.008,"Actual Total Time":0.79,"Actual Rows":10000,"Actual Loops":1,"Output":["supplier.su_suppkey","supplier.su_name","supplier.su_address","supplier.su_nationkey","supplier.su_phone","supplier.su_acctbal","supplier.su_comment"],"Shared Hit Blocks":217,"Shared Read Blocks":0,"Shared Dirtied Blocks":0,"Shared Written Blocks":0,"Local Hit Blocks":0,"Local Read Blocks":0,"Local Dirtied Blocks":0,"Local Written Blocks":0,"Temp Read Blocks":0,"Temp Written Blocks":0,"I/O Read Time":0.0,"I/O Write Time":0.0,"Temp I/O Read Time":0.0,"Temp I/O Write Time":0.0},{"Node Type":"Hash","Parent Relationship":"Inner","Parallel Aware":false,"Async Capable":false,"Startup Cost":1.77,"Total Cost":1.77,"Plan Rows":1,"Plan Width":4,"Actual Startup Time":0.012,"Actual Total Time":0.013,"Actual Rows":1,"Actual Loops":1,"Output":["nation.n_nationkey"],"Hash Buckets":1024,"Original Hash Buckets":1024,"Hash Batches":1,"Original Hash Batches":1,"Peak Memory Usage":9,"Shared Hit Blocks":1,"Shared Read Blocks":0,"Shared Dirtied Blocks":0,"Shared Written Blocks":0,"Local Hit Blocks":0,"Local Read Blocks":0,"Local Dirtied Blocks":0,"Local Written Blocks":0,"Temp Read Blocks":0,"Temp Written Blocks":0,"I/O Read Time":0.0,"I/O Write Time":0.0,"Temp I/O Read Time":0.0,"Temp I/O Write Time":0.0,"Plans":[{"Node Type":"Seq Scan","Parent Relationship":"Outer","Parallel Aware":false,"Async Capable":false,"Relation Name":"nation","Schema":"public","Alias":"nation","Startup Cost":0.0,"Total Cost":1.77,"Plan Rows":1,"Plan Width":4,"Actual Startup Time":0.006,"Actual Total Time":0.01,"Actual Rows":1,"Actual Loops":1,"Output":["nation.n_nationkey"],"Filter":"((nation.n_name)::text = 'France'::text)","Rows Removed by Filter":61,"Shared Hit Blocks":1,"Shared Read Blocks":0,"Shared Dirtied Blocks":0,"Shared Written Blocks":0,"Local Hit Blocks":0,"Local Read Blocks":0,"Local Dirtied Blocks":0,"Local Written Blocks":0,"Temp Read Blocks":0,"Temp Written Blocks":0,"I/O Read Time":0.0,"I/O Write Time":0.0,"Temp I/O Read Time":0.0,"Temp I/O Write Time":0.0}]}]}]}]}]},"Planning":{"Shared Hit Blocks":19,"Shared Read Blocks":0,"Shared Dirtied Blocks":0,"Shared Written Blocks":0,"Local Hit Blocks":0,"Local Read Blocks":0,"Local Dirtied Blocks":0,"Local Written Blocks":0,"Temp Read Blocks":0,"Temp Written Blocks":0,"I/O Read Time":0.0,"I/O Write Time":0.0,"Temp I/O Read Time":0.0,"Temp I/O Write Time":0.0},"Planning Time":0.587,"Triggers":[],"Execution Time":10528.115}]
[列存组合]: item, order_line
[{"Plan":{"Node Type":"Sort","Parallel Aware":false,"Async Capable":false,"Startup Cost":1160278.3,"Total Cost":1160278.5,"Plan Rows":80,"Plan Width":44,"Actual Startup Time":5299.681,"Actual Total Time":5299.701,"Actual Rows":0,"Actual Loops":1,"Output":["supplier.su_name","supplier.su_address"],"Sort Key":["supplier.su_name"],"Sort Method":"quicksort","Sort Space Used":25,"Sort Space Type":"Memory","Shared Hit Blocks":833610,"Shared Read Blocks":0,"Shared Dirtied Blocks":0,"Shared Written Blocks":0,"Local Hit Blocks":0,"Local Read Blocks":0,"Local Dirtied Blocks":0,"Local Written Blocks":0,"Temp Read Blocks":1223,"Temp Written Blocks":1232,"I/O Read Time":0.0,"I/O Write Time":0.0,"Temp I/O Read Time":1.943,"Temp I/O Write Time":5.278,"Plans":[{"Node Type":"Hash Join","Parent Relationship":"Outer","Parallel Aware":false,"Async Capable":false,"Join Type":"Inner","Startup Cost":1160272.99,"Total Cost":1160275.77,"Plan Rows":80,"Plan Width":44,"Actual Startup Time":5299.672,"Actual Total Time":5299.691,"Actual Rows":0,"Actual Loops":1,"Output":["supplier.su_name","supplier.su_address"],"Hash Cond":"((mod((stock.s_i_id * stock.s_w_id), 10000)) = supplier.su_suppkey)","Shared Hit Blocks":833610,"Shared Read Blocks":0,"Shared Dirtied Blocks":0,"Shared Written Blocks":0,"Local Hit Blocks":0,"Local Read Blocks":0,"Local Dirtied Blocks":0,"Local Written Blocks":0,"Temp Read Blocks":1223,"Temp Written Blocks":1232,"I/O Read Time":0.0,"I/O Write Time":0.0,"Temp I/O Read Time":1.943,"Temp I/O Write Time":5.278,"Plans":[{"Node Type":"Aggregate","Strategy":"Hashed","Partial Mode":"Simple","Parent Relationship":"Outer","Parallel Aware":false,"Async Capable":false,"Startup Cost":1159924.15,"Total Cost":1159926.15,"Plan Rows":200,"Plan Width":4,"Actual Startup Time":5297.834,"Actual Total Time":5297.846,"Actual Rows":0,"Actual Loops":1,"Output":["(mod((stock.s_i_id * stock.s_w_id), 10000))"],"Group Key":["mod((stock.s_i_id * stock.s_w_id), 10000)"],"Planned Partitions":0,"HashAgg Batches":1,"Peak Memory Usage":40,"Disk Usage":0,"Shared Hit Blocks":833392,"Shared Read Blocks":0,"Shared Dirtied Blocks":0,"Shared Written Blocks":0,"Local Hit Blocks":0,"Local Read Blocks":0,"Local Dirtied Blocks":0,"Local Written Blocks":0,"Temp Read Blocks":1223,"Temp Written Blocks":1232,"I/O Read Time":0.0,"I/O Write Time":0.0,"Temp I/O Read Time":1.943,"Temp I/O Write Time":5.278,"Plans":[{"Node Type":"Aggregate","Strategy":"Sorted","Partial Mode":"Simple","Parent Relationship":"Outer","Parallel Aware":false,"Async Capable":false,"Startup Cost":1153732.69,"Total Cost":1159087.46,"Plan Rows":66935,"Plan Width":12,"Actual Startup Time":5297.824,"Actual Total Time":5297.836,"Actual Rows":0,"Actual Loops":1,"Output":["mod((stock.s_i_id * stock.s_w_id), 10000)","stock.s_i_id","stock.s_w_id","stock.s_quantity"],"Group Key":["stock.s_i_id","stock.s_w_id"],"Filter":"((2 * stock.s_quantity) > sum(order_line.ol_quantity))","Rows Removed by Filter":5200,"Shared Hit Blocks":833392,"Shared Read Blocks":0,"Shared Dirtied Blocks":0,"Shared Written Blocks":0,"Local Hit Blocks":0,"Local Read Blocks":0,"Local Dirtied Blocks":0,"Local Written Blocks":0,"Temp Read Blocks":1223,"Temp Written Blocks":1232,"I/O Read Time":0.0,"I/O Write Time":0.0,"Temp I/O Read Time":1.943,"Temp I/O Write Time":5.278,"Plans":[{"Node Type":"Sort","Parent Relationship":"Outer","Parallel Aware":false,"Async Capable":false,"Startup Cost":1153732.69,"Total Cost":1154234.7,"Plan Rows":200804,"Plan Width":10,"Actual Startup Time":5200.626,"Actual Total Time":5245.949,"Actual Rows":499000,"Actual Loops":1,"Output":["stock.s_i_id","stock.s_w_id","stock.s_quantity","order_line.ol_quantity"],"Sort Key":["stock.s_i_id","stock.s_w_id"],"Sort Method":"external merge","Sort Space Used":9784,"Sort Space Type":"Disk","Shared Hit Blocks":833392,"Shared Read Blocks":0,"Shared Dirtied Blocks":0,"Shared Written Blocks":0,"Local Hit Blocks":0,"Local Read Blocks":0,"Local Dirtied Blocks":0,"Local Written Blocks":0,"Temp Read Blocks":1223,"Temp Written Blocks":1232,"I/O Read Time":0.0,"I/O Write Time":0.0,"Temp I/O Read Time":1.943,"Temp I/O Write Time":5.278,"Plans":[{"Node Type":"Hash Join","Parent Relationship":"Outer","Parallel Aware":false,"Async Capable":false,"Join Type":"Inner","Startup Cost":22210.58,"Total Cost":1132612.94,"Plan Rows":200804,"Plan Width":10,"Actual Startup Time":141.927,"Actual Total Time":5089.698,"Actual Rows":499000,"Actual Loops":1,"Output":["stock.s_i_id","stock.s_w_id","stock.s_quantity","order_line.ol_quantity"],"Hash Cond":"(stock.s_i_id = order_line.ol_i_id)","Shared Hit Blocks":833392,"Shared Read Blocks":0,"Shared Dirtied Blocks":0,"Shared Written Blocks":0,"Local Hit Blocks":0,"Local Read Blocks":0,"Local Dirtied Blocks":0,"Local Written Blocks":0,"Temp Read Blocks":0,"Temp Written Blocks":0,"I/O Read Time":0.0,"I/O Write Time":0.0,"Temp I/O Read Time":0.0,"Temp I/O Write Time":0.0,"Plans":[{"Node Type":"Seq Scan","Parent Relationship":"Outer","Parallel Aware":false,"Async Capable":false,"Relation Name":"stock","Schema":"public","Alias":"stock","Startup Cost":0.0,"Total Cost":1033394.12,"Plan Rows":20000212,"Plan Width":8,"Actual Startup Time":0.006,"Actual Total Time":1717.8,"Actual Rows":20000000,"Actual Loops":1,"Output":["stock.s_i_id","stock.s_w_id","stock.s_quantity","stock.s_dist_01","stock.s_dist_02","stock.s_dist_03","stock.s_dist_04","stock.s_dist_05","stock.s_dist_06","stock.s_dist_07","stock.s_dist_08","stock.s_dist_09","stock.s_dist_10","stock.s_ytd","stock.s_order_cnt","stock.s_remote_cnt","stock.s_data"],"Shared Hit Blocks":833392,"Shared Read Blocks":0,"Shared Dirtied Blocks":0,"Shared Written Blocks":0,"Local Hit Blocks":0,"Local Read Blocks":0,"Local Dirtied Blocks":0,"Local Written Blocks":0,"Temp Read Blocks":0,"Temp Written Blocks":0,"I/O Read Time":0.0,"I/O Write Time":0.0,"Temp I/O Read Time":0.0,"Temp I/O Write Time":0.0},{"Node Type":"Hash","Parent Relationship":"Inner","Parallel Aware":false,"Async Capable":false,"Startup Cost":22198.15,"Total Cost":22198.15,"Plan Rows":994,"Plan Width":10,"Actual Startup Time":141.691,"Actual Total Time":141.7,"Actual Rows":2495,"Actual Loops":1,"Output":["order_line.ol_quantity","order_line.ol_i_id","item.i_id"],"Hash Buckets":4096,"Original Hash Buckets":1024,"Hash Batches":1,"Original Hash Batches":1,"Peak Memory Usage":140,"Shared Hit Blocks":0,"Shared Read Blocks":0,"Shared Dirtied Blocks":0,"Shared Written Blocks":0,"Local Hit Blocks":0,"Local Read Blocks":0,"Local Dirtied Blocks":0,"Local Written Blocks":0,"Temp Read Blocks":0,"Temp Written Blocks":0,"I/O Read Time":0.0,"I/O Write Time":0.0,"Temp I/O Read Time":0.0,"Temp I/O Write Time":0.0,"Plans":[{"Node Type":"Hash Join","Parent Relationship":"Outer","Parallel Aware":false,"Async Capable":false,"Join Type":"Inner","Startup Cost":44.04,"Total Cost":22198.15,"Plan Rows":994,"Plan Width":10,"Actual Startup Time":141.168,"Actual Total Time":141.35,"Actual Rows":2495,"Actual Loops":1,"Output":["order_line.ol_quantity","order_line.ol_i_id","item.i_id"],"Hash Cond":"(order_line.ol_i_id = item.i_id)","Rows Removed by Bloom Filter":9380622,"Shared Hit Blocks":0,"Shared Read Blocks":0,"Shared Dirtied Blocks":0,"Shared Written Blocks":0,"Local Hit Blocks":0,"Local Read Blocks":0,"Local Dirtied Blocks":0,"Local Written Blocks":0,"Temp Read Blocks":0,"Temp Written Blocks":0,"I/O Read Time":0.0,"I/O Write Time":0.0,"Temp I/O Read Time":0.0,"Temp I/O Write Time":0.0,"Plans":[{"Node Type":"Append","Parent Relationship":"Outer","Parallel Aware":false,"Async Capable":false,"Startup Cost":20.0,"Total Cost":193913.85,"Plan Rows":9942920,"Plan Width":6,"Actual Startup Time":21.234,"Actual Total Time":21.238,"Actual Rows":9885180,"Actual Loops":1,"Shared Hit Blocks":0,"Shared Read Blocks":0,"Shared Dirtied Blocks":0,"Shared Written Blocks":0,"Local Hit Blocks":0,"Local Read Blocks":0,"Local Dirtied Blocks":0,"Local Written Blocks":0,"Temp Read Blocks":0,"Temp Written Blocks":0,"I/O Read Time":0.0,"I/O Write Time":0.0,"Temp I/O Read Time":0.0,"Temp I/O Write Time":0.0,"Subplans Removed":0,"Plans":[{"Node Type":"Custom Scan","Parent Relationship":"Member","Custom Plan Provider":"columnar scan","Parallel Aware":false,"Async Capable":false,"Relation Name":"order_line","Schema":"public","Alias":"order_line","Startup Cost":20.0,"Total Cost":193908.91,"Plan Rows":9942910,"Plan Width":6,"Actual Startup Time":21.231,"Actual Total Time":21.233,"Actual Rows":9885180,"Actual Loops":1,"Output":["order_line.ol_quantity","order_line.ol_i_id"],"Filter":"((order_line.ol_delivery_d < '1995-04-02 20:10:02.27764'::timestamp without time zone) AND (order_line.ol_delivery_d >= '1994-01-02 20:10:02.27764'::timestamp without time zone))","Rows Removed by Filter":0,"Rows Removed by Columnar Filter":50108581,"Columnar cache search mode":"native","Shared Hit Blocks":0,"Shared Read Blocks":0,"Shared Dirtied Blocks":0,"Shared Written Blocks":0,"Local Hit Blocks":0,"Local Read Blocks":0,"Local Dirtied Blocks":0,"Local Written Blocks":0,"Temp Read Blocks":0,"Temp Written Blocks":0,"I/O Read Time":0.0,"I/O Write Time":0.0,"Temp I/O Read Time":0.0,"Temp I/O Write Time":0.0},{"Node Type":"Seq Scan","Parent Relationship":"Member","Parallel Aware":false,"Async Capable":false,"Relation Name":"order_line","Schema":"public","Alias":"order_line","Startup Cost":0.0,"Total Cost":4.95,"Plan Rows":10,"Plan Width":6,"Actual Startup Time":0.0,"Actual Total Time":0.0,"Actual Rows":0,"Actual Loops":0,"Output":["order_line.ol_quantity","order_line.ol_i_id"],"Filter":"((order_line.ol_delivery_d < '1995-04-02 20:10:02.27764'::timestamp without time zone) AND (order_line.ol_delivery_d >= '1994-01-02 20:10:02.27764'::timestamp without time zone))","Rows Removed by Filter":0,"Shared Hit Blocks":0,"Shared Read Blocks":0,"Shared Dirtied Blocks":0,"Shared Written Blocks":0,"Local Hit Blocks":0,"Local Read Blocks":0,"Local Dirtied Blocks":0,"Local Written Blocks":0,"Temp Read Blocks":0,"Temp Written Blocks":0,"I/O Read Time":0.0,"I/O Write Time":0.0,"Temp I/O Read Time":0.0,"Temp I/O Write Time":0.0}]},{"Node Type":"Hash","Parent Relationship":"Inner","Parallel Aware":false,"Async Capable":false,"Startup Cost":24.19,"Total Cost":24.19,"Plan Rows":11,"Plan Width":4,"Actual Rows":26,"Actual Loops":1,"Output":["item.i_id"],"Shared Hit Blocks":0,"Shared Read Blocks":0,"Shared Dirtied Blocks":0,"Shared Written Blocks":0,"Local Hit Blocks":0,"Local Read Blocks":0,"Local Dirtied Blocks":0,"Local Written Blocks":0,"Temp Read Blocks":0,"Temp Written Blocks":0,"I/O Read Time":0.0,"I/O Write Time":0.0,"Temp I/O Read Time":0.0,"Temp I/O Write Time":0.0,"Plans":[{"Node Type":"Append","Parent Relationship":"Outer","Parallel Aware":false,"Async Capable":false,"Startup Cost":20.0,"Total Cost":24.19,"Plan Rows":11,"Plan Width":4,"Actual Startup Time":2.09,"Actual Total Time":2.092,"Actual Rows":26,"Actual Loops":1,"Shared Hit Blocks":0,"Shared Read Blocks":0,"Shared Dirtied Blocks":0,"Shared Written Blocks":0,"Local Hit Blocks":0,"Local Read Blocks":0,"Local Dirtied Blocks":0,"Local Written Blocks":0,"Temp Read Blocks":0,"Temp Written Blocks":0,"I/O Read Time":0.0,"I/O Write Time":0.0,"Temp I/O Read Time":0.0,"Temp I/O Write Time":0.0,"Subplans Removed":0,"Plans":[{"Node Type":"Custom Scan","Parent Relationship":"Member","Custom Plan Provider":"columnar scan","Parallel Aware":false,"Async Capable":false,"Relation Name":"item","Schema":"public","Alias":"item","Startup Cost":20.0,"Total Cost":20.18,"Plan Rows":10,"Plan Width":4,"Actual Startup Time":2.087,"Actual Total Time":2.088,"Actual Rows":26,"Actual Loops":1,"Output":["item.i_id"],"Filter":"((item.i_data)::text ~~ 'co%'::text)","Rows Removed by Filter":0,"Rows Removed by Columnar Filter":99974,"Columnar cache search mode":"native","Shared Hit Blocks":0,"Shared Read Blocks":0,"Shared Dirtied Blocks":0,"Shared Written Blocks":0,"Local Hit Blocks":0,"Local Read Blocks":0,"Local Dirtied Blocks":0,"Local Written Blocks":0,"Temp Read Blocks":0,"Temp Written Blocks":0,"I/O Read Time":0.0,"I/O Write Time":0.0,"Temp I/O Read Time":0.0,"Temp I/O Write Time":0.0},{"Node Type":"Seq Scan","Parent Relationship":"Member","Parallel Aware":false,"Async Capable":false,"Relation Name":"item","Schema":"public","Alias":"item","Startup Cost":0.0,"Total Cost":4.01,"Plan Rows":1,"Plan Width":4,"Actual Startup Time":0.0,"Actual Total Time":0.0,"Actual Rows":0,"Actual Loops":0,"Output":["item.i_id"],"Filter":"((item.i_data)::text ~~ 'co%'::text)","Rows Removed by Filter":0,"Shared Hit Blocks":0,"Shared Read Blocks":0,"Shared Dirtied Blocks":0,"Shared Written Blocks":0,"Local Hit Blocks":0,"Local Read Blocks":0,"Local Dirtied Blocks":0,"Local Written Blocks":0,"Temp Read Blocks":0,"Temp Written Blocks":0,"I/O Read Time":0.0,"I/O Write Time":0.0,"Temp I/O Read Time":0.0,"Temp I/O Write Time":0.0}]}]}]}]}]}]}]}]},{"Node Type":"Hash","Parent Relationship":"Inner","Parallel Aware":false,"Async Capable":false,"Startup Cost":346.83,"Total Cost":346.83,"Plan Rows":161,"Plan Width":48,"Actual Startup Time":1.828,"Actual Total Time":1.834,"Actual Rows":164,"Actual Loops":1,"Output":["supplier.su_name","supplier.su_address","supplier.su_suppkey"],"Hash Buckets":1024,"Original Hash Buckets":1024,"Hash Batches":1,"Original Hash Batches":1,"Peak Memory Usage":22,"Shared Hit Blocks":218,"Shared Read Blocks":0,"Shared Dirtied Blocks":0,"Shared Written Blocks":0,"Local Hit Blocks":0,"Local Read Blocks":0,"Local Dirtied Blocks":0,"Local Written Blocks":0,"Temp Read Blocks":0,"Temp Written Blocks":0,"I/O Read Time":0.0,"I/O Write Time":0.0,"Temp I/O Read Time":0.0,"Temp I/O Write Time":0.0,"Plans":[{"Node Type":"Hash Join","Parent Relationship":"Outer","Parallel Aware":false,"Async Capable":false,"Join Type":"Inner","Startup Cost":1.79,"Total Cost":346.83,"Plan Rows":161,"Plan Width":48,"Actual Startup Time":0.036,"Actual Total Time":1.801,"Actual Rows":164,"Actual Loops":1,"Output":["supplier.su_name","supplier.su_address","supplier.su_suppkey"],"Hash Cond":"(supplier.su_nationkey = nation.n_nationkey)","Shared Hit Blocks":218,"Shared Read Blocks":0,"Shared Dirtied Blocks":0,"Shared Written Blocks":0,"Local Hit Blocks":0,"Local Read Blocks":0,"Local Dirtied Blocks":0,"Local Written Blocks":0,"Temp Read Blocks":0,"Temp Written Blocks":0,"I/O Read Time":0.0,"I/O Write Time":0.0,"Temp I/O Read Time":0.0,"Temp I/O Write Time":0.0,"Plans":[{"Node Type":"Seq Scan","Parent Relationship":"Outer","Parallel Aware":false,"Async Capable":false,"Relation Name":"supplier","Schema":"public","Alias":"supplier","Startup Cost":0.0,"Total Cost":317.0,"Plan Rows":10000,"Plan Width":52,"Actual Startup Time":0.008,"Actual Total Time":0.784,"Actual Rows":10000,"Actual Loops":1,"Output":["supplier.su_suppkey","supplier.su_name","supplier.su_address","supplier.su_nationkey","supplier.su_phone","supplier.su_acctbal","supplier.su_comment"],"Shared Hit Blocks":217,"Shared Read Blocks":0,"Shared Dirtied Blocks":0,"Shared Written Blocks":0,"Local Hit Blocks":0,"Local Read Blocks":0,"Local Dirtied Blocks":0,"Local Written Blocks":0,"Temp Read Blocks":0,"Temp Written Blocks":0,"I/O Read Time":0.0,"I/O Write Time":0.0,"Temp I/O Read Time":0.0,"Temp I/O Write Time":0.0},{"Node Type":"Hash","Parent Relationship":"Inner","Parallel Aware":false,"Async Capable":false,"Startup Cost":1.77,"Total Cost":1.77,"Plan Rows":1,"Plan Width":4,"Actual Startup Time":0.016,"Actual Total Time":0.018,"Actual Rows":1,"Actual Loops":1,"Output":["nation.n_nationkey"],"Hash Buckets":1024,"Original Hash Buckets":1024,"Hash Batches":1,"Original Hash Batches":1,"Peak Memory Usage":9,"Shared Hit Blocks":1,"Shared Read Blocks":0,"Shared Dirtied Blocks":0,"Shared Written Blocks":0,"Local Hit Blocks":0,"Local Read Blocks":0,"Local Dirtied Blocks":0,"Local Written Blocks":0,"Temp Read Blocks":0,"Temp Written Blocks":0,"I/O Read Time":0.0,"I/O Write Time":0.0,"Temp I/O Read Time":0.0,"Temp I/O Write Time":0.0,"Plans":[{"Node Type":"Seq Scan","Parent Relationship":"Outer","Parallel Aware":false,"Async Capable":false,"Relation Name":"nation","Schema":"public","Alias":"nation","Startup Cost":0.0,"Total Cost":1.77,"Plan Rows":1,"Plan Width":4,"Actual Startup Time":0.009,"Actual Total Time":0.013,"Actual Rows":1,"Actual Loops":1,"Output":["nation.n_nationkey"],"Filter":"((nation.n_name)::text = 'France'::text)","Rows Removed by Filter":61,"Shared Hit Blocks":1,"Shared Read Blocks":0,"Shared Dirtied Blocks":0,"Shared Written Blocks":0,"Local Hit Blocks":0,"Local Read Blocks":0,"Local Dirtied Blocks":0,"Local Written Blocks":0,"Temp Read Blocks":0,"Temp Written Blocks":0,"I/O Read Time":0.0,"I/O Write Time":0.0,"Temp I/O Read Time":0.0,"Temp I/O Write Time":0.0}]}]}]}]}]},"Planning":{"Shared Hit Blocks":19,"Shared Read Blocks":0,"Shared Dirtied Blocks":0,"Shared Written Blocks":0,"Local Hit Blocks":0,"Local Read Blocks":0,"Local Dirtied Blocks":0,"Local Written Blocks":0,"Temp Read Blocks":0,"Temp Written Blocks":0,"I/O Read Time":0.0,"I/O Write Time":0.0,"Temp I/O Read Time":0.0,"Temp I/O Write Time":0.0},"Planning Time":1.152,"Triggers":[],"Execution Time":5301.674}]
[列存组合]: item, stock
[{"Plan":{"Node Type":"Sort","Parallel Aware":false,"Async Capable":false,"Startup Cost":1693233.69,"Total Cost":1693233.89,"Plan Rows":80,"Plan Width":44,"Actual Startup Time":5784.058,"Actual Total Time":5784.08,"Actual Rows":0,"Actual Loops":1,"Output":["supplier.su_name","supplier.su_address"],"Sort Key":["supplier.su_name"],"Sort Method":"quicksort","Sort Space Used":25,"Sort Space Type":"Memory","Shared Hit Blocks":681966,"Shared Read Blocks":0,"Shared Dirtied Blocks":0,"Shared Written Blocks":0,"Local Hit Blocks":0,"Local Read Blocks":0,"Local Dirtied Blocks":0,"Local Written Blocks":0,"Temp Read Blocks":1223,"Temp Written Blocks":1232,"I/O Read Time":0.0,"I/O Write Time":0.0,"Temp I/O Read Time":1.887,"Temp I/O Write Time":5.465,"Plans":[{"Node Type":"Hash Join","Parent Relationship":"Outer","Parallel Aware":false,"Async Capable":false,"Join Type":"Inner","Startup Cost":1693228.38,"Total Cost":1693231.16,"Plan Rows":80,"Plan Width":44,"Actual Startup Time":5784.049,"Actual Total Time":5784.071,"Actual Rows":0,"Actual Loops":1,"Output":["supplier.su_name","supplier.su_address"],"Hash Cond":"((mod((stock.s_i_id * stock.s_w_id), 10000)) = supplier.su_suppkey)","Shared Hit Blocks":681966,"Shared Read Blocks":0,"Shared Dirtied Blocks":0,"Shared Written Blocks":0,"Local Hit Blocks":0,"Local Read Blocks":0,"Local Dirtied Blocks":0,"Local Written Blocks":0,"Temp Read Blocks":1223,"Temp Written Blocks":1232,"I/O Read Time":0.0,"I/O Write Time":0.0,"Temp I/O Read Time":1.887,"Temp I/O Write Time":5.465,"Plans":[{"Node Type":"Aggregate","Strategy":"Hashed","Partial Mode":"Simple","Parent Relationship":"Outer","Parallel Aware":false,"Async Capable":false,"Startup Cost":1692879.54,"Total Cost":1692881.54,"Plan Rows":200,"Plan Width":4,"Actual Startup Time":5782.2,"Actual Total Time":5782.215,"Actual Rows":0,"Actual Loops":1,"Output":["(mod((stock.s_i_id * stock.s_w_id), 10000))"],"Group Key":["mod((stock.s_i_id * stock.s_w_id), 10000)"],"Planned Partitions":0,"HashAgg Batches":1,"Peak Memory Usage":40,"Disk Usage":0,"Shared Hit Blocks":681748,"Shared Read Blocks":0,"Shared Dirtied Blocks":0,"Shared Written Blocks":0,"Local Hit Blocks":0,"Local Read Blocks":0,"Local Dirtied Blocks":0,"Local Written Blocks":0,"Temp Read Blocks":1223,"Temp Written Blocks":1232,"I/O Read Time":0.0,"I/O Write Time":0.0,"Temp I/O Read Time":1.887,"Temp I/O Write Time":5.465,"Plans":[{"Node Type":"Aggregate","Strategy":"Sorted","Partial Mode":"Simple","Parent Relationship":"Outer","Parallel Aware":false,"Async Capable":false,"Startup Cost":1686688.08,"Total Cost":1692042.85,"Plan Rows":66935,"Plan Width":12,"Actual Startup Time":5782.192,"Actual Total Time":5782.206,"Actual Rows":0,"Actual Loops":1,"Output":["mod((stock.s_i_id * stock.s_w_id), 10000)","stock.s_i_id","stock.s_w_id","stock.s_quantity"],"Group Key":["stock.s_i_id","stock.s_w_id"],"Filter":"((2 * stock.s_quantity) > sum(order_line.ol_quantity))","Rows Removed by Filter":5200,"Shared Hit Blocks":681748,"Shared Read Blocks":0,"Shared Dirtied Blocks":0,"Shared Written Blocks":0,"Local Hit Blocks":0,"Local Read Blocks":0,"Local Dirtied Blocks":0,"Local Written Blocks":0,"Temp Read Blocks":1223,"Temp Written Blocks":1232,"I/O Read Time":0.0,"I/O Write Time":0.0,"Temp I/O Read Time":1.887,"Temp I/O Write Time":5.465,"Plans":[{"Node Type":"Sort","Parent Relationship":"Outer","Parallel Aware":false,"Async Capable":false,"Startup Cost":1686688.08,"Total Cost":1687190.09,"Plan Rows":200804,"Plan Width":10,"Actual Startup Time":5679.703,"Actual Total Time":5730.094,"Actual Rows":499000,"Actual Loops":1,"Output":["stock.s_i_id","stock.s_w_id","stock.s_quantity","order_line.ol_quantity"],"Sort Key":["stock.s_i_id","stock.s_w_id"],"Sort Method":"external merge","Sort Space Used":9784,"Sort Space Type":"Disk","Shared Hit Blocks":681748,"Shared Read Blocks":0,"Shared Dirtied Blocks":0,"Shared Written Blocks":0,"Local Hit Blocks":0,"Local Read Blocks":0,"Local Dirtied Blocks":0,"Local Written Blocks":0,"Temp Read Blocks":1223,"Temp Written Blocks":1232,"I/O Read Time":0.0,"I/O Write Time":0.0,"Temp I/O Read Time":1.887,"Temp I/O Write Time":5.465,"Plans":[{"Node Type":"Hash Join","Parent Relationship":"Outer","Parallel Aware":false,"Async Capable":false,"Join Type":"Inner","Startup Cost":44619.0,"Total Cost":1665568.33,"Plan Rows":200804,"Plan Width":10,"Actual Startup Time":99.394,"Actual Total Time":5515.044,"Actual Rows":499000,"Actual Loops":1,"Output":["stock.s_i_id","stock.s_w_id","stock.s_quantity","order_line.ol_quantity"],"Hash Cond":"(order_line.ol_i_id = stock.s_i_id)","Shared Hit Blocks":681748,"Shared Read Blocks":0,"Shared Dirtied Blocks":0,"Shared Written Blocks":0,"Local Hit Blocks":0,"Local Read Blocks":0,"Local Dirtied Blocks":0,"Local Written Blocks":0,"Temp Read Blocks":0,"Temp Written Blocks":0,"I/O Read Time":0.0,"I/O Write Time":0.0,"Temp I/O Read Time":0.0,"Temp I/O Write Time":0.0,"Plans":[{"Node Type":"Seq Scan","Parent Relationship":"Outer","Parallel Aware":false,"Async Capable":false,"Relation Name":"order_line","Schema":"public","Alias":"order_line","Startup Cost":0.0,"Total Cost":1581655.36,"Plan Rows":9942920,"Plan Width":6,"Actual Startup Time":0.008,"Actual Total Time":4630.279,"Actual Rows":9885180,"Actual Loops":1,"Output":["order_line.ol_o_id","order_line.ol_d_id","order_line.ol_w_id","order_line.ol_number","order_line.ol_i_id","order_line.ol_supply_w_id","order_line.ol_delivery_d","order_line.ol_quantity","order_line.ol_amount","order_line.ol_dist_info"],"Filter":"((order_line.ol_delivery_d >= '1994-01-02 20:10:02.27764'::timestamp without time zone) AND (order_line.ol_delivery_d < '1995-04-02 20:10:02.27764'::timestamp without time zone))","Rows Removed by Filter":50108581,"Shared Hit Blocks":681748,"Shared Read Blocks":0,"Shared Dirtied Blocks":0,"Shared Written Blocks":0,"Local Hit Blocks":0,"Local Read Blocks":0,"Local Dirtied Blocks":0,"Local Written Blocks":0,"Temp Read Blocks":0,"Temp Written Blocks":0,"I/O Read Time":0.0,"I/O Write Time":0.0,"Temp I/O Read Time":0.0,"Temp I/O Write Time":0.0},{"Node Type":"Hash","Parent Relationship":"Inner","Parallel Aware":false,"Async Capable":false,"Startup Cost":44594.0,"Total Cost":44594.0,"Plan Rows":2000,"Plan Width":12,"Actual Startup Time":97.977,"Actual Total Time":97.987,"Actual Rows":5200,"Actual Loops":1,"Output":["stock.s_i_id","stock.s_w_id","stock.s_quantity","item.i_id"],"Hash Buckets":8192,"Original Hash Buckets":2048,"Hash Batches":1,"Original Hash Batches":1,"Peak Memory Usage":288,"Shared Hit Blocks":0,"Shared Read Blocks":0,"Shared Dirtied Blocks":0,"Shared Written Blocks":0,"Local Hit Blocks":0,"Local Read Blocks":0,"Local Dirtied Blocks":0,"Local Written Blocks":0,"Temp Read Blocks":0,"Temp Written Blocks":0,"I/O Read Time":0.0,"I/O Write Time":0.0,"Temp I/O Read Time":0.0,"Temp I/O Write Time":0.0,"Plans":[{"Node Type":"Hash Join","Parent Relationship":"Outer","Parallel Aware":false,"Async Capable":false,"Join Type":"Inner","Startup Cost":44.04,"Total Cost":44594.0,"Plan Rows":2000,"Plan Width":12,"Actual Startup Time":96.271,"Actual Total Time":96.826,"Actual Rows":5200,"Actual Loops":1,"Output":["stock.s_i_id","stock.s_w_id","stock.s_quantity","item.i_id"],"Hash Cond":"(stock.s_i_id = item.i_id)","Rows Removed by Bloom Filter":18979400,"Shared Hit Blocks":0,"Shared Read Blocks":0,"Shared Dirtied Blocks":0,"Shared Written Blocks":0,"Local Hit Blocks":0,"Local Read Blocks":0,"Local Dirtied Blocks":0,"Local Written Blocks":0,"Temp Read Blocks":0,"Temp Written Blocks":0,"I/O Read Time":0.0,"I/O Write Time":0.0,"Temp I/O Read Time":0.0,"Temp I/O Write Time":0.0,"Plans":[{"Node Type":"Append","Parent Relationship":"Outer","Parallel Aware":false,"Async Capable":false,"Startup Cost":20.0,"Total Cost":430026.22,"Plan Rows":20000212,"Plan Width":8,"Actual Startup Time":0.391,"Actual Total Time":0.395,"Actual Rows":20000000,"Actual Loops":1,"Shared Hit Blocks":0,"Shared Read Blocks":0,"Shared Dirtied Blocks":0,"Shared Written Blocks":0,"Local Hit Blocks":0,"Local Read Blocks":0,"Local Dirtied Blocks":0,"Local Written Blocks":0,"Temp Read Blocks":0,"Temp Written Blocks":0,"I/O Read Time":0.0,"I/O Write Time":0.0,"Temp I/O Read Time":0.0,"Temp I/O Write Time":0.0,"Subplans Removed":0,"Plans":[{"Node Type":"Custom Scan","Parent Relationship":"Member","Custom Plan Provider":"columnar scan","Parallel Aware":false,"Async Capable":false,"Relation Name":"stock","Schema":"public","Alias":"stock","Startup Cost":20.0,"Total Cost":430020.1,"Plan Rows":20000000,"Plan Width":8,"Actual Startup Time":0.39,"Actual Total Time":0.391,"Actual Rows":20000000,"Actual Loops":1,"Output":["stock.s_i_id","stock.s_w_id","stock.s_quantity"],"Rows Removed by Columnar Filter":0,"Columnar cache search mode":"native","Shared Hit Blocks":0,"Shared Read Blocks":0,"Shared Dirtied Blocks":0,"Shared Written Blocks":0,"Local Hit Blocks":0,"Local Read Blocks":0,"Local Dirtied Blocks":0,"Local Written Blocks":0,"Temp Read Blocks":0,"Temp Written Blocks":0,"I/O Read Time":0.0,"I/O Write Time":0.0,"Temp I/O Read Time":0.0,"Temp I/O Write Time":0.0},{"Node Type":"Seq Scan","Parent Relationship":"Member","Parallel Aware":false,"Async Capable":false,"Relation Name":"stock","Schema":"public","Alias":"stock","Startup Cost":0.0,"Total Cost":6.12,"Plan Rows":212,"Plan Width":8,"Actual Startup Time":0.0,"Actual Total Time":0.0,"Actual Rows":0,"Actual Loops":0,"Output":["stock.s_i_id","stock.s_w_id","stock.s_quantity"],"Shared Hit Blocks":0,"Shared Read Blocks":0,"Shared Dirtied Blocks":0,"Shared Written Blocks":0,"Local Hit Blocks":0,"Local Read Blocks":0,"Local Dirtied Blocks":0,"Local Written Blocks":0,"Temp Read Blocks":0,"Temp Written Blocks":0,"I/O Read Time":0.0,"I/O Write Time":0.0,"Temp I/O Read Time":0.0,"Temp I/O Write Time":0.0}]},{"Node Type":"Hash","Parent Relationship":"Inner","Parallel Aware":false,"Async Capable":false,"Startup Cost":24.19,"Total Cost":24.19,"Plan Rows":11,"Plan Width":4,"Actual Rows":26,"Actual Loops":1,"Output":["item.i_id"],"Shared Hit Blocks":0,"Shared Read Blocks":0,"Shared Dirtied Blocks":0,"Shared Written Blocks":0,"Local Hit Blocks":0,"Local Read Blocks":0,"Local Dirtied Blocks":0,"Local Written Blocks":0,"Temp Read Blocks":0,"Temp Written Blocks":0,"I/O Read Time":0.0,"I/O Write Time":0.0,"Temp I/O Read Time":0.0,"Temp I/O Write Time":0.0,"Plans":[{"Node Type":"Append","Parent Relationship":"Outer","Parallel Aware":false,"Async Capable":false,"Startup Cost":20.0,"Total Cost":24.19,"Plan Rows":11,"Plan Width":4,"Actual Startup Time":2.108,"Actual Total Time":2.111,"Actual Rows":26,"Actual Loops":1,"Shared Hit Blocks":0,"Shared Read Blocks":0,"Shared Dirtied Blocks":0,"Shared Written Blocks":0,"Local Hit Blocks":0,"Local Read Blocks":0,"Local Dirtied Blocks":0,"Local Written Blocks":0,"Temp Read Blocks":0,"Temp Written Blocks":0,"I/O Read Time":0.0,"I/O Write Time":0.0,"Temp I/O Read Time":0.0,"Temp I/O Write Time":0.0,"Subplans Removed":0,"Plans":[{"Node Type":"Custom Scan","Parent Relationship":"Member","Custom Plan Provider":"columnar scan","Parallel Aware":false,"Async Capable":false,"Relation Name":"item","Schema":"public","Alias":"item","Startup Cost":20.0,"Total Cost":20.18,"Plan Rows":10,"Plan Width":4,"Actual Startup Time":2.106,"Actual Total Time":2.106,"Actual Rows":26,"Actual Loops":1,"Output":["item.i_id"],"Filter":"((item.i_data)::text ~~ 'co%'::text)","Rows Removed by Filter":0,"Rows Removed by Columnar Filter":99974,"Columnar cache search mode":"native","Shared Hit Blocks":0,"Shared Read Blocks":0,"Shared Dirtied Blocks":0,"Shared Written Blocks":0,"Local Hit Blocks":0,"Local Read Blocks":0,"Local Dirtied Blocks":0,"Local Written Blocks":0,"Temp Read Blocks":0,"Temp Written Blocks":0,"I/O Read Time":0.0,"I/O Write Time":0.0,"Temp I/O Read Time":0.0,"Temp I/O Write Time":0.0},{"Node Type":"Seq Scan","Parent Relationship":"Member","Parallel Aware":false,"Async Capable":false,"Relation Name":"item","Schema":"public","Alias":"item","Startup Cost":0.0,"Total Cost":4.01,"Plan Rows":1,"Plan Width":4,"Actual Startup Time":0.0,"Actual Total Time":0.0,"Actual Rows":0,"Actual Loops":0,"Output":["item.i_id"],"Filter":"((item.i_data)::text ~~ 'co%'::text)","Rows Removed by Filter":0,"Shared Hit Blocks":0,"Shared Read Blocks":0,"Shared Dirtied Blocks":0,"Shared Written Blocks":0,"Local Hit Blocks":0,"Local Read Blocks":0,"Local Dirtied Blocks":0,"Local Written Blocks":0,"Temp Read Blocks":0,"Temp Written Blocks":0,"I/O Read Time":0.0,"I/O Write Time":0.0,"Temp I/O Read Time":0.0,"Temp I/O Write Time":0.0}]}]}]}]}]}]}]}]},{"Node Type":"Hash","Parent Relationship":"Inner","Parallel Aware":false,"Async Capable":false,"Startup Cost":346.83,"Total Cost":346.83,"Plan Rows":161,"Plan Width":48,"Actual Startup Time":1.836,"Actual Total Time":1.842,"Actual Rows":164,"Actual Loops":1,"Output":["supplier.su_name","supplier.su_address","supplier.su_suppkey"],"Hash Buckets":1024,"Original Hash Buckets":1024,"Hash Batches":1,"Original Hash Batches":1,"Peak Memory Usage":22,"Shared Hit Blocks":218,"Shared Read Blocks":0,"Shared Dirtied Blocks":0,"Shared Written Blocks":0,"Local Hit Blocks":0,"Local Read Blocks":0,"Local Dirtied Blocks":0,"Local Written Blocks":0,"Temp Read Blocks":0,"Temp Written Blocks":0,"I/O Read Time":0.0,"I/O Write Time":0.0,"Temp I/O Read Time":0.0,"Temp I/O Write Time":0.0,"Plans":[{"Node Type":"Hash Join","Parent Relationship":"Outer","Parallel Aware":false,"Async Capable":false,"Join Type":"Inner","Startup Cost":1.79,"Total Cost":346.83,"Plan Rows":161,"Plan Width":48,"Actual Startup Time":0.036,"Actual Total Time":1.801,"Actual Rows":164,"Actual Loops":1,"Output":["supplier.su_name","supplier.su_address","supplier.su_suppkey"],"Hash Cond":"(supplier.su_nationkey = nation.n_nationkey)","Shared Hit Blocks":218,"Shared Read Blocks":0,"Shared Dirtied Blocks":0,"Shared Written Blocks":0,"Local Hit Blocks":0,"Local Read Blocks":0,"Local Dirtied Blocks":0,"Local Written Blocks":0,"Temp Read Blocks":0,"Temp Written Blocks":0,"I/O Read Time":0.0,"I/O Write Time":0.0,"Temp I/O Read Time":0.0,"Temp I/O Write Time":0.0,"Plans":[{"Node Type":"Seq Scan","Parent Relationship":"Outer","Parallel Aware":false,"Async Capable":false,"Relation Name":"supplier","Schema":"public","Alias":"supplier","Startup Cost":0.0,"Total Cost":317.0,"Plan Rows":10000,"Plan Width":52,"Actual Startup Time":0.008,"Actual Total Time":0.783,"Actual Rows":10000,"Actual Loops":1,"Output":["supplier.su_suppkey","supplier.su_name","supplier.su_address","supplier.su_nationkey","supplier.su_phone","supplier.su_acctbal","supplier.su_comment"],"Shared Hit Blocks":217,"Shared Read Blocks":0,"Shared Dirtied Blocks":0,"Shared Written Blocks":0,"Local Hit Blocks":0,"Local Read Blocks":0,"Local Dirtied Blocks":0,"Local Written Blocks":0,"Temp Read Blocks":0,"Temp Written Blocks":0,"I/O Read Time":0.0,"I/O Write Time":0.0,"Temp I/O Read Time":0.0,"Temp I/O Write Time":0.0},{"Node Type":"Hash","Parent Relationship":"Inner","Parallel Aware":false,"Async Capable":false,"Startup Cost":1.77,"Total Cost":1.77,"Plan Rows":1,"Plan Width":4,"Actual Startup Time":0.016,"Actual Total Time":0.018,"Actual Rows":1,"Actual Loops":1,"Output":["nation.n_nationkey"],"Hash Buckets":1024,"Original Hash Buckets":1024,"Hash Batches":1,"Original Hash Batches":1,"Peak Memory Usage":9,"Shared Hit Blocks":1,"Shared Read Blocks":0,"Shared Dirtied Blocks":0,"Shared Written Blocks":0,"Local Hit Blocks":0,"Local Read Blocks":0,"Local Dirtied Blocks":0,"Local Written Blocks":0,"Temp Read Blocks":0,"Temp Written Blocks":0,"I/O Read Time":0.0,"I/O Write Time":0.0,"Temp I/O Read Time":0.0,"Temp I/O Write Time":0.0,"Plans":[{"Node Type":"Seq Scan","Parent Relationship":"Outer","Parallel Aware":false,"Async Capable":false,"Relation Name":"nation","Schema":"public","Alias":"nation","Startup Cost":0.0,"Total Cost":1.77,"Plan Rows":1,"Plan Width":4,"Actual Startup Time":0.008,"Actual Total Time":0.012,"Actual Rows":1,"Actual Loops":1,"Output":["nation.n_nationkey"],"Filter":"((nation.n_name)::text = 'France'::text)","Rows Removed by Filter":61,"Shared Hit Blocks":1,"Shared Read Blocks":0,"Shared Dirtied Blocks":0,"Shared Written Blocks":0,"Local Hit Blocks":0,"Local Read Blocks":0,"Local Dirtied Blocks":0,"Local Written Blocks":0,"Temp Read Blocks":0,"Temp Written Blocks":0,"I/O Read Time":0.0,"I/O Write Time":0.0,"Temp I/O Read Time":0.0,"Temp I/O Write Time":0.0}]}]}]}]}]},"Planning":{"Shared Hit Blocks":19,"Shared Read Blocks":0,"Shared Dirtied Blocks":0,"Shared Written Blocks":0,"Local Hit Blocks":0,"Local Read Blocks":0,"Local Dirtied Blocks":0,"Local Written Blocks":0,"Temp Read Blocks":0,"Temp Written Blocks":0,"I/O Read Time":0.0,"I/O Write Time":0.0,"Temp I/O Read Time":0.0,"Temp I/O Write Time":0.0},"Planning Time":1.422,"Triggers":[],"Execution Time":5785.97}]
[列存组合]: item, supplier
[{"Plan":{"Node Type":"Sort","Parallel Aware":false,"Async Capable":false,"Startup Cost":2734962.6,"Total Cost":2734962.8,"Plan Rows":80,"Plan Width":44,"Actual Startup Time":10400.711,"Actual Total Time":10400.735,"Actual Rows":0,"Actual Loops":1,"Output":["supplier.su_name","supplier.su_address"],"Sort Key":["supplier.su_name"],"Sort Method":"quicksort","Sort Space Used":25,"Sort Space Type":"Memory","Shared Hit Blocks":1515141,"Shared Read Blocks":0,"Shared Dirtied Blocks":0,"Shared Written Blocks":0,"Local Hit Blocks":0,"Local Read Blocks":0,"Local Dirtied Blocks":0,"Local Written Blocks":0,"Temp Read Blocks":1223,"Temp Written Blocks":1232,"I/O Read Time":0.0,"I/O Write Time":0.0,"Temp I/O Read Time":1.94,"Temp I/O Write Time":5.028,"Plans":[{"Node Type":"Hash Join","Parent Relationship":"Outer","Parallel Aware":false,"Async Capable":false,"Join Type":"Inner","Startup Cost":2734957.29,"Total Cost":2734960.07,"Plan Rows":80,"Plan Width":44,"Actual Startup Time":10400.705,"Actual Total Time":10400.728,"Actual Rows":0,"Actual Loops":1,"Output":["supplier.su_name","supplier.su_address"],"Inner Unique":false,"Hash Cond":"((mod((stock.s_i_id * stock.s_w_id), 10000)) = supplier.su_suppkey)","Shared Hit Blocks":1515141,"Shared Read Blocks":0,"Shared Dirtied Blocks":0,"Shared Written Blocks":0,"Local Hit Blocks":0,"Local Read Blocks":0,"Local Dirtied Blocks":0,"Local Written Blocks":0,"Temp Read Blocks":1223,"Temp Written Blocks":1232,"I/O Read Time":0.0,"I/O Write Time":0.0,"Temp I/O Read Time":1.94,"Temp I/O Write Time":5.028,"Plans":[{"Node Type":"Aggregate","Strategy":"Hashed","Partial Mode":"Simple","Parent Relationship":"Outer","Parallel Aware":false,"Async Capable":false,"Startup Cost":2734666.43,"Total Cost":2734668.43,"Plan Rows":200,"Plan Width":4,"Actual Startup Time":10400.146,"Actual Total Time":10400.159,"Actual Rows":0,"Actual Loops":1,"Output":["(mod((stock.s_i_id * stock.s_w_id), 10000))"],"Group Key":["mod((stock.s_i_id * stock.s_w_id), 10000)"],"Planned Partitions":0,"HashAgg Batches":1,"Peak Memory Usage":40,"Disk Usage":0,"Shared Hit Blocks":1515140,"Shared Read Blocks":0,"Shared Dirtied Blocks":0,"Shared Written Blocks":0,"Local Hit Blocks":0,"Local Read Blocks":0,"Local Dirtied Blocks":0,"Local Written Blocks":0,"Temp Read Blocks":1223,"Temp Written Blocks":1232,"I/O Read Time":0.0,"I/O Write Time":0.0,"Temp I/O Read Time":1.94,"Temp I/O Write Time":5.028,"Plans":[{"Node Type":"Aggregate","Strategy":"Sorted","Partial Mode":"Simple","Parent Relationship":"Outer","Parallel Aware":false,"Async Capable":false,"Startup Cost":2728474.97,"Total Cost":2733829.75,"Plan Rows":66935,"Plan Width":12,"Actual Startup Time":10400.137,"Actual Total Time":10400.149,"Actual Rows":0,"Actual Loops":1,"Output":["mod((stock.s_i_id * stock.s_w_id), 10000)","stock.s_i_id","stock.s_w_id","stock.s_quantity"],"Group Key":["stock.s_i_id","stock.s_w_id"],"Filter":"((2 * stock.s_quantity) > sum(order_line.ol_quantity))","Rows Removed by Filter":5200,"Shared Hit Blocks":1515140,"Shared Read Blocks":0,"Shared Dirtied Blocks":0,"Shared Written Blocks":0,"Local Hit Blocks":0,"Local Read Blocks":0,"Local Dirtied Blocks":0,"Local Written Blocks":0,"Temp Read Blocks":1223,"Temp Written Blocks":1232,"I/O Read Time":0.0,"I/O Write Time":0.0,"Temp I/O Read Time":1.94,"Temp I/O Write Time":5.028,"Plans":[{"Node Type":"Sort","Parent Relationship":"Outer","Parallel Aware":false,"Async Capable":false,"Startup Cost":2728474.97,"Total Cost":2728976.98,"Plan Rows":200804,"Plan Width":10,"Actual Startup Time":10294.463,"Actual Total Time":10346.809,"Actual Rows":499000,"Actual Loops":1,"Output":["stock.s_i_id","stock.s_w_id","stock.s_quantity","order_line.ol_quantity"],"Sort Key":["stock.s_i_id","stock.s_w_id"],"Sort Method":"external merge","Sort Space Used":9784,"Sort Space Type":"Disk","Shared Hit Blocks":1515140,"Shared Read Blocks":0,"Shared Dirtied Blocks":0,"Shared Written Blocks":0,"Local Hit Blocks":0,"Local Read Blocks":0,"Local Dirtied Blocks":0,"Local Written Blocks":0,"Temp Read Blocks":1223,"Temp Written Blocks":1232,"I/O Read Time":0.0,"I/O Write Time":0.0,"Temp I/O Read Time":1.94,"Temp I/O Write Time":5.028,"Plans":[{"Node Type":"Hash Join","Parent Relationship":"Outer","Parallel Aware":false,"Async Capable":false,"Join Type":"Inner","Startup Cost":1086405.9,"Total Cost":2707355.23,"Plan Rows":200804,"Plan Width":10,"Actual Startup Time":4739.894,"Actual Total Time":10129.748,"Actual Rows":499000,"Actual Loops":1,"Output":["stock.s_i_id","stock.s_w_id","stock.s_quantity","order_line.ol_quantity"],"Inner Unique":false,"Hash Cond":"(order_line.ol_i_id = stock.s_i_id)","Shared Hit Blocks":1515140,"Shared Read Blocks":0,"Shared Dirtied Blocks":0,"Shared Written Blocks":0,"Local Hit Blocks":0,"Local Read Blocks":0,"Local Dirtied Blocks":0,"Local Written Blocks":0,"Temp Read Blocks":0,"Temp Written Blocks":0,"I/O Read Time":0.0,"I/O Write Time":0.0,"Temp I/O Read Time":0.0,"Temp I/O Write Time":0.0,"Plans":[{"Node Type":"Seq Scan","Parent Relationship":"Outer","Parallel Aware":false,"Async Capable":false,"Relation Name":"order_line","Schema":"public","Alias":"order_line","Startup Cost":0.0,"Total Cost":1581655.36,"Plan Rows":9942920,"Plan Width":6,"Actual Startup Time":0.006,"Actual Total Time":4613.664,"Actual Rows":9885180,"Actual Loops":1,"Output":["order_line.ol_o_id","order_line.ol_d_id","order_line.ol_w_id","order_line.ol_number","order_line.ol_i_id","order_line.ol_supply_w_id","order_line.ol_delivery_d","order_line.ol_quantity","order_line.ol_amount","order_line.ol_dist_info"],"Filter":"((order_line.ol_delivery_d >= '1994-01-02 20:10:02.27764'::timestamp without time zone) AND (order_line.ol_delivery_d < '1995-04-02 20:10:02.27764'::timestamp without time zone))","Rows Removed by Filter":50108581,"Shared Hit Blocks":681748,"Shared Read Blocks":0,"Shared Dirtied Blocks":0,"Shared Written Blocks":0,"Local Hit Blocks":0,"Local Read Blocks":0,"Local Dirtied Blocks":0,"Local Written Blocks":0,"Temp Read Blocks":0,"Temp Written Blocks":0,"I/O Read Time":0.0,"I/O Write Time":0.0,"Temp I/O Read Time":0.0,"Temp I/O Write Time":0.0},{"Node Type":"Hash","Parent Relationship":"Inner","Parallel Aware":false,"Async Capable":false,"Startup Cost":1086380.9,"Total Cost":1086380.9,"Plan Rows":2000,"Plan Width":12,"Actual Startup Time":4738.829,"Actual Total Time":4738.839,"Actual Rows":5200,"Actual Loops":1,"Output":["stock.s_i_id","stock.s_w_id","stock.s_quantity","item.i_id"],"Hash Buckets":8192,"Original Hash Buckets":2048,"Hash Batches":1,"Original Hash Batches":1,"Peak Memory Usage":288,"Shared Hit Blocks":833392,"Shared Read Blocks":0,"Shared Dirtied Blocks":0,"Shared Written Blocks":0,"Local Hit Blocks":0,"Local Read Blocks":0,"Local Dirtied Blocks":0,"Local Written Blocks":0,"Temp Read Blocks":0,"Temp Written Blocks":0,"I/O Read Time":0.0,"I/O Write Time":0.0,"Temp I/O Read Time":0.0,"Temp I/O Write Time":0.0,"Plans":[{"Node Type":"Hash Join","Parent Relationship":"Outer","Parallel Aware":false,"Async Capable":false,"Join Type":"Inner","Startup Cost":484.0,"Total Cost":1086380.9,"Plan Rows":2000,"Plan Width":12,"Actual Startup Time":2.305,"Actual Total Time":4737.278,"Actual Rows":5200,"Actual Loops":1,"Output":["stock.s_i_id","stock.s_w_id","stock.s_quantity","item.i_id"],"Inner Unique":true,"Hash Cond":"(stock.s_i_id = item.i_id)","Shared Hit Blocks":833392,"Shared Read Blocks":0,"Shared Dirtied Blocks":0,"Shared Written Blocks":0,"Local Hit Blocks":0,"Local Read Blocks":0,"Local Dirtied Blocks":0,"Local Written Blocks":0,"Temp Read Blocks":0,"Temp Written Blocks":0,"I/O Read Time":0.0,"I/O Write Time":0.0,"Temp I/O Read Time":0.0,"Temp I/O Write Time":0.0,"Plans":[{"Node Type":"Seq Scan","Parent Relationship":"Outer","Parallel Aware":false,"Async Capable":false,"Relation Name":"stock","Schema":"public","Alias":"stock","Startup Cost":0.0,"Total Cost":1033394.12,"Plan Rows":20000212,"Plan Width":8,"Actual Startup Time":0.006,"Actual Total Time":1701.699,"Actual Rows":20000000,"Actual Loops":1,"Output":["stock.s_i_id","stock.s_w_id","stock.s_quantity","stock.s_dist_01","stock.s_dist_02","stock.s_dist_03","stock.s_dist_04","stock.s_dist_05","stock.s_dist_06","stock.s_dist_07","stock.s_dist_08","stock.s_dist_09","stock.s_dist_10","stock.s_ytd","stock.s_order_cnt","stock.s_remote_cnt","stock.s_data"],"Shared Hit Blocks":833392,"Shared Read Blocks":0,"Shared Dirtied Blocks":0,"Shared Written Blocks":0,"Local Hit Blocks":0,"Local Read Blocks":0,"Local Dirtied Blocks":0,"Local Written Blocks":0,"Temp Read Blocks":0,"Temp Written Blocks":0,"I/O Read Time":0.0,"I/O Write Time":0.0,"Temp I/O Read Time":0.0,"Temp I/O Write Time":0.0},{"Node Type":"Hash","Parent Relationship":"Inner","Parallel Aware":false,"Async Capable":false,"Startup Cost":483.86,"Total Cost":483.86,"Plan Rows":11,"Plan Width":4,"Actual Startup Time":2.09,"Actual Total Time":2.097,"Actual Rows":26,"Actual Loops":1,"Output":["item.i_id"],"Hash Buckets":1024,"Original Hash Buckets":1024,"Hash Batches":1,"Original Hash Batches":1,"Peak Memory Usage":9,"Shared Hit Blocks":0,"Shared Read Blocks":0,"Shared Dirtied Blocks":0,"Shared Written Blocks":0,"Local Hit Blocks":0,"Local Read Blocks":0,"Local Dirtied Blocks":0,"Local Written Blocks":0,"Temp Read Blocks":0,"Temp Written Blocks":0,"I/O Read Time":0.0,"I/O Write Time":0.0,"Temp I/O Read Time":0.0,"Temp I/O Write Time":0.0,"Plans":[{"Node Type":"Append","Parent Relationship":"Outer","Parallel Aware":false,"Async Capable":false,"Startup Cost":20.0,"Total Cost":483.86,"Plan Rows":11,"Plan Width":4,"Actual Startup Time":2.058,"Actual Total Time":2.09,"Actual Rows":26,"Actual Loops":1,"Shared Hit Blocks":0,"Shared Read Blocks":0,"Shared Dirtied Blocks":0,"Shared Written Blocks":0,"Local Hit Blocks":0,"Local Read Blocks":0,"Local Dirtied Blocks":0,"Local Written Blocks":0,"Temp Read Blocks":0,"Temp Written Blocks":0,"I/O Read Time":0.0,"I/O Write Time":0.0,"Temp I/O Read Time":0.0,"Temp I/O Write Time":0.0,"Subplans Removed":0,"Plans":[{"Node Type":"Custom Scan","Parent Relationship":"Member","Custom Plan Provider":"columnar scan","Parallel Aware":false,"Async Capable":false,"Relation Name":"item","Schema":"public","Alias":"item","Startup Cost":20.0,"Total Cost":20.18,"Plan Rows":10,"Plan Width":4,"Actual Startup Time":2.058,"Actual Total Time":2.085,"Actual Rows":26,"Actual Loops":1,"Output":["item.i_id"],"Filter":"((item.i_data)::text ~~ 'co%'::text)","Rows Removed by Filter":0,"Rows Removed by Columnar Filter":99974,"Columnar cache search mode":"native","Shared Hit Blocks":0,"Shared Read Blocks":0,"Shared Dirtied Blocks":0,"Shared Written Blocks":0,"Local Hit Blocks":0,"Local Read Blocks":0,"Local Dirtied Blocks":0,"Local Written Blocks":0,"Temp Read Blocks":0,"Temp Written Blocks":0,"I/O Read Time":0.0,"I/O Write Time":0.0,"Temp I/O Read Time":0.0,"Temp I/O Write Time":0.0},{"Node Type":"Seq Scan","Parent Relationship":"Member","Parallel Aware":false,"Async Capable":false,"Relation Name":"item","Schema":"public","Alias":"item","Startup Cost":0.0,"Total Cost":4.01,"Plan Rows":1,"Plan Width":4,"Actual Startup Time":0.0,"Actual Total Time":0.0,"Actual Rows":0,"Actual Loops":0,"Output":["item.i_id"],"Filter":"((item.i_data)::text ~~ 'co%'::text)","Rows Removed by Filter":0,"Shared Hit Blocks":0,"Shared Read Blocks":0,"Shared Dirtied Blocks":0,"Shared Written Blocks":0,"Local Hit Blocks":0,"Local Read Blocks":0,"Local Dirtied Blocks":0,"Local Written Blocks":0,"Temp Read Blocks":0,"Temp Written Blocks":0,"I/O Read Time":0.0,"I/O Write Time":0.0,"Temp I/O Read Time":0.0,"Temp I/O Write Time":0.0}]}]}]}]}]}]}]}]},{"Node Type":"Hash","Parent Relationship":"Inner","Parallel Aware":false,"Async Capable":false,"Startup Cost":288.84,"Total Cost":288.84,"Plan Rows":161,"Plan Width":48,"Actual Startup Time":0.554,"Actual Total Time":0.563,"Actual Rows":164,"Actual Loops":1,"Output":["supplier.su_name","supplier.su_address","supplier.su_suppkey"],"Hash Buckets":1024,"Original Hash Buckets":1024,"Hash Batches":1,"Original Hash Batches":1,"Peak Memory Usage":22,"Shared Hit Blocks":1,"Shared Read Blocks":0,"Shared Dirtied Blocks":0,"Shared Written Blocks":0,"Local Hit Blocks":0,"Local Read Blocks":0,"Local Dirtied Blocks":0,"Local Written Blocks":0,"Temp Read Blocks":0,"Temp Written Blocks":0,"I/O Read Time":0.0,"I/O Write Time":0.0,"Temp I/O Read Time":0.0,"Temp I/O Write Time":0.0,"Plans":[{"Node Type":"Hash Join","Parent Relationship":"Outer","Parallel Aware":false,"Async Capable":false,"Join Type":"Inner","Startup Cost":21.79,"Total Cost":288.84,"Plan Rows":161,"Plan Width":48,"Actual Startup Time":0.402,"Actual Total Time":0.522,"Actual Rows":164,"Actual Loops":1,"Output":["supplier.su_name","supplier.su_address","supplier.su_suppkey"],"Inner Unique":true,"Hash Cond":"(supplier.su_nationkey = nation.n_nationkey)","Shared Hit Blocks":1,"Shared Read Blocks":0,"Shared Dirtied Blocks":0,"Shared Written Blocks":0,"Local Hit Blocks":0,"Local Read Blocks":0,"Local Dirtied Blocks":0,"Local Written Blocks":0,"Temp Read Blocks":0,"Temp Written Blocks":0,"I/O Read Time":0.0,"I/O Write Time":0.0,"Temp I/O Read Time":0.0,"Temp I/O Write Time":0.0,"Plans":[{"Node Type":"Append","Parent Relationship":"Outer","Parallel Aware":false,"Async Capable":false,"Startup Cost":20.0,"Total Cost":259.01,"Plan Rows":10001,"Plan Width":52,"Actual Startup Time":0.056,"Actual Total Time":0.143,"Actual Rows":164,"Actual Loops":1,"Shared Hit Blocks":0,"Shared Read Blocks":0,"Shared Dirtied Blocks":0,"Shared Written Blocks":0,"Local Hit Blocks":0,"Local Read Blocks":0,"Local Dirtied Blocks":0,"Local Written Blocks":0,"Temp Read Blocks":0,"Temp Written Blocks":0,"I/O Read Time":0.0,"I/O Write Time":0.0,"Temp I/O Read Time":0.0,"Temp I/O Write Time":0.0,"Subplans Removed":0,"Plans":[{"Node Type":"Custom Scan","Parent Relationship":"Member","Custom Plan Provider":"columnar scan","Parallel Aware":false,"Async Capable":false,"Relation Name":"supplier","Schema":"public","Alias":"supplier","Startup Cost":20.0,"Total Cost":255.0,"Plan Rows":10000,"Plan Width":52,"Actual Startup Time":0.055,"Actual Total Time":0.125,"Actual Rows":164,"Actual Loops":1,"Output":["supplier.su_name","supplier.su_address","supplier.su_nationkey","supplier.su_suppkey"],"Rows Removed by Columnar Filter":9836,"Rows Filtered by Bloom Filter":0,"Dictionary Rows Filtered by Bloom Filter":9836,"Columnar cache search mode":"native","Shared Hit Blocks":0,"Shared Read Blocks":0,"Shared Dirtied Blocks":0,"Shared Written Blocks":0,"Local Hit Blocks":0,"Local Read Blocks":0,"Local Dirtied Blocks":0,"Local Written Blocks":0,"Temp Read Blocks":0,"Temp Written Blocks":0,"I/O Read Time":0.0,"I/O Write Time":0.0,"Temp I/O Read Time":0.0,"Temp I/O Write Time":0.0},{"Node Type":"Seq Scan","Parent Relationship":"Member","Parallel Aware":false,"Async Capable":false,"Relation Name":"supplier","Schema":"public","Alias":"supplier","Startup Cost":0.0,"Total Cost":4.01,"Plan Rows":1,"Plan Width":52,"Actual Startup Time":0.0,"Actual Total Time":0.0,"Actual Rows":0,"Actual Loops":0,"Output":["supplier.su_name","supplier.su_address","supplier.su_nationkey","supplier.su_suppkey"],"Shared Hit Blocks":0,"Shared Read Blocks":0,"Shared Dirtied Blocks":0,"Shared Written Blocks":0,"Local Hit Blocks":0,"Local Read Blocks":0,"Local Dirtied Blocks":0,"Local Written Blocks":0,"Temp Read Blocks":0,"Temp Written Blocks":0,"I/O Read Time":0.0,"I/O Write Time":0.0,"Temp I/O Read Time":0.0,"Temp I/O Write Time":0.0}]},{"Node Type":"Hash","Parent Relationship":"Inner","Parallel Aware":false,"Async Capable":false,"Startup Cost":1.77,"Total Cost":1.77,"Plan Rows":1,"Plan Width":4,"Actual Startup Time":0.02,"Actual Total Time":0.021,"Actual Rows":1,"Actual Loops":1,"Output":["nation.n_nationkey"],"Hash Buckets":1024,"Original Hash Buckets":1024,"Hash Batches":1,"Original Hash Batches":1,"Peak Memory Usage":9,"Shared Hit Blocks":1,"Shared Read Blocks":0,"Shared Dirtied Blocks":0,"Shared Written Blocks":0,"Local Hit Blocks":0,"Local Read Blocks":0,"Local Dirtied Blocks":0,"Local Written Blocks":0,"Temp Read Blocks":0,"Temp Written Blocks":0,"I/O Read Time":0.0,"I/O Write Time":0.0,"Temp I/O Read Time":0.0,"Temp I/O Write Time":0.0,"Plans":[{"Node Type":"Seq Scan","Parent Relationship":"Outer","Parallel Aware":false,"Async Capable":false,"Relation Name":"nation","Schema":"public","Alias":"nation","Startup Cost":0.0,"Total Cost":1.77,"Plan Rows":1,"Plan Width":4,"Actual Startup Time":0.012,"Actual Total Time":0.016,"Actual Rows":1,"Actual Loops":1,"Output":["nation.n_nationkey"],"Filter":"((nation.n_name)::text = 'France'::text)","Rows Removed by Filter":61,"Shared Hit Blocks":1,"Shared Read Blocks":0,"Shared Dirtied Blocks":0,"Shared Written Blocks":0,"Local Hit Blocks":0,"Local Read Blocks":0,"Local Dirtied Blocks":0,"Local Written Blocks":0,"Temp Read Blocks":0,"Temp Written Blocks":0,"I/O Read Time":0.0,"I/O Write Time":0.0,"Temp I/O Read Time":0.0,"Temp I/O Write Time":0.0}]}]}]}]}]},"Planning":{"Shared Hit Blocks":19,"Shared Read Blocks":0,"Shared Dirtied Blocks":0,"Shared Written Blocks":0,"Local Hit Blocks":0,"Local Read Blocks":0,"Local Dirtied Blocks":0,"Local Written Blocks":0,"Temp Read Blocks":0,"Temp Written Blocks":0,"I/O Read Time":0.0,"I/O Write Time":0.0,"Temp I/O Read Time":0.0,"Temp I/O Write Time":0.0},"Planning Time":0.593,"Triggers":[],"Execution Time":10402.761}]
[列存组合]: nation, order_line
[{"Plan":{"Node Type":"Sort","Parallel Aware":false,"Async Capable":false,"Startup Cost":1360710.39,"Total Cost":1360710.59,"Plan Rows":80,"Plan Width":44,"Actual Startup Time":5921.857,"Actual Total Time":5921.877,"Actual Rows":0,"Actual Loops":1,"Output":["supplier.su_name","supplier.su_address"],"Sort Key":["supplier.su_name"],"Sort Method":"quicksort","Sort Space Used":25,"Sort Space Type":"Memory","Shared Hit Blocks":834975,"Shared Read Blocks":0,"Shared Dirtied Blocks":0,"Shared Written Blocks":0,"Local Hit Blocks":0,"Local Read Blocks":0,"Local Dirtied Blocks":0,"Local Written Blocks":0,"Temp Read Blocks":1223,"Temp Written Blocks":1232,"I/O Read Time":0.0,"I/O Write Time":0.0,"Temp I/O Read Time":1.938,"Temp I/O Write Time":5.434,"Plans":[{"Node Type":"Hash Join","Parent Relationship":"Outer","Parallel Aware":false,"Async Capable":false,"Join Type":"Inner","Startup Cost":1360705.08,"Total Cost":1360707.86,"Plan Rows":80,"Plan Width":44,"Actual Startup Time":5921.847,"Actual Total Time":5921.867,"Actual Rows":0,"Actual Loops":1,"Output":["supplier.su_name","supplier.su_address"],"Inner Unique":false,"Hash Cond":"((mod((stock.s_i_id * stock.s_w_id), 10000)) = supplier.su_suppkey)","Shared Hit Blocks":834975,"Shared Read Blocks":0,"Shared Dirtied Blocks":0,"Shared Written Blocks":0,"Local Hit Blocks":0,"Local Read Blocks":0,"Local Dirtied Blocks":0,"Local Written Blocks":0,"Temp Read Blocks":1223,"Temp Written Blocks":1232,"I/O Read Time":0.0,"I/O Write Time":0.0,"Temp I/O Read Time":1.938,"Temp I/O Write Time":5.434,"Plans":[{"Node Type":"Aggregate","Strategy":"Hashed","Partial Mode":"Simple","Parent Relationship":"Outer","Parallel Aware":false,"Async Capable":false,"Startup Cost":1360356.24,"Total Cost":1360358.24,"Plan Rows":200,"Plan Width":4,"Actual Startup Time":5920.002,"Actual Total Time":5920.012,"Actual Rows":0,"Actual Loops":1,"Output":["(mod((stock.s_i_id * stock.s_w_id), 10000))"],"Group Key":["mod((stock.s_i_id * stock.s_w_id), 10000)"],"Planned Partitions":0,"HashAgg Batches":1,"Peak Memory Usage":40,"Disk Usage":0,"Shared Hit Blocks":834757,"Shared Read Blocks":0,"Shared Dirtied Blocks":0,"Shared Written Blocks":0,"Local Hit Blocks":0,"Local Read Blocks":0,"Local Dirtied Blocks":0,"Local Written Blocks":0,"Temp Read Blocks":1223,"Temp Written Blocks":1232,"I/O Read Time":0.0,"I/O Write Time":0.0,"Temp I/O Read Time":1.938,"Temp I/O Write Time":5.434,"Plans":[{"Node Type":"Aggregate","Strategy":"Sorted","Partial Mode":"Simple","Parent Relationship":"Outer","Parallel Aware":false,"Async Capable":false,"Startup Cost":1354164.78,"Total Cost":1359519.55,"Plan Rows":66935,"Plan Width":12,"Actual Startup Time":5919.995,"Actual Total Time":5920.005,"Actual Rows":0,"Actual Loops":1,"Output":["mod((stock.s_i_id * stock.s_w_id), 10000)","stock.s_i_id","stock.s_w_id","stock.s_quantity"],"Group Key":["stock.s_i_id","stock.s_w_id"],"Filter":"((2 * stock.s_quantity) > sum(order_line.ol_quantity))","Rows Removed by Filter":5200,"Shared Hit Blocks":834757,"Shared Read Blocks":0,"Shared Dirtied Blocks":0,"Shared Written Blocks":0,"Local Hit Blocks":0,"Local Read Blocks":0,"Local Dirtied Blocks":0,"Local Written Blocks":0,"Temp Read Blocks":1223,"Temp Written Blocks":1232,"I/O Read Time":0.0,"I/O Write Time":0.0,"Temp I/O Read Time":1.938,"Temp I/O Write Time":5.434,"Plans":[{"Node Type":"Sort","Parent Relationship":"Outer","Parallel Aware":false,"Async Capable":false,"Startup Cost":1354164.78,"Total Cost":1354666.79,"Plan Rows":200804,"Plan Width":10,"Actual Startup Time":5822.869,"Actual Total Time":5868.285,"Actual Rows":499000,"Actual Loops":1,"Output":["stock.s_i_id","stock.s_w_id","stock.s_quantity","order_line.ol_quantity"],"Sort Key":["stock.s_i_id","stock.s_w_id"],"Sort Method":"external merge","Sort Space Used":9784,"Sort Space Type":"Disk","Shared Hit Blocks":834757,"Shared Read Blocks":0,"Shared Dirtied Blocks":0,"Shared Written Blocks":0,"Local Hit Blocks":0,"Local Read Blocks":0,"Local Dirtied Blocks":0,"Local Written Blocks":0,"Temp Read Blocks":1223,"Temp Written Blocks":1232,"I/O Read Time":0.0,"I/O Write Time":0.0,"Temp I/O Read Time":1.938,"Temp I/O Write Time":5.434,"Plans":[{"Node Type":"Hash Join","Parent Relationship":"Outer","Parallel Aware":false,"Async Capable":false,"Join Type":"Inner","Startup Cost":222642.67,"Total Cost":1333045.03,"Plan Rows":200804,"Plan Width":10,"Actual Startup Time":880.082,"Actual Total Time":5710.503,"Actual Rows":499000,"Actual Loops":1,"Output":["stock.s_i_id","stock.s_w_id","stock.s_quantity","order_line.ol_quantity"],"Inner Unique":false,"Hash Cond":"(stock.s_i_id = order_line.ol_i_id)","Shared Hit Blocks":834757,"Shared Read Blocks":0,"Shared Dirtied Blocks":0,"Shared Written Blocks":0,"Local Hit Blocks":0,"Local Read Blocks":0,"Local Dirtied Blocks":0,"Local Written Blocks":0,"Temp Read Blocks":0,"Temp Written Blocks":0,"I/O Read Time":0.0,"I/O Write Time":0.0,"Temp I/O Read Time":0.0,"Temp I/O Write Time":0.0,"Plans":[{"Node Type":"Seq Scan","Parent Relationship":"Outer","Parallel Aware":false,"Async Capable":false,"Relation Name":"stock","Schema":"public","Alias":"stock","Startup Cost":0.0,"Total Cost":1033394.12,"Plan Rows":20000212,"Plan Width":8,"Actual Startup Time":0.005,"Actual Total Time":1722.642,"Actual Rows":20000000,"Actual Loops":1,"Output":["stock.s_i_id","stock.s_w_id","stock.s_quantity","stock.s_dist_01","stock.s_dist_02","stock.s_dist_03","stock.s_dist_04","stock.s_dist_05","stock.s_dist_06","stock.s_dist_07","stock.s_dist_08","stock.s_dist_09","stock.s_dist_10","stock.s_ytd","stock.s_order_cnt","stock.s_remote_cnt","stock.s_data"],"Shared Hit Blocks":833392,"Shared Read Blocks":0,"Shared Dirtied Blocks":0,"Shared Written Blocks":0,"Local Hit Blocks":0,"Local Read Blocks":0,"Local Dirtied Blocks":0,"Local Written Blocks":0,"Temp Read Blocks":0,"Temp Written Blocks":0,"I/O Read Time":0.0,"I/O Write Time":0.0,"Temp I/O Read Time":0.0,"Temp I/O Write Time":0.0},{"Node Type":"Hash","Parent Relationship":"Inner","Parallel Aware":false,"Async Capable":false,"Startup Cost":222630.24,"Total Cost":222630.24,"Plan Rows":994,"Plan Width":10,"Actual Startup Time":879.851,"Actual Total Time":879.86,"Actual Rows":2495,"Actual Loops":1,"Output":["order_line.ol_quantity","order_line.ol_i_id","item.i_id"],"Hash Buckets":4096,"Original Hash Buckets":1024,"Hash Batches":1,"Original Hash Batches":1,"Peak Memory Usage":140,"Shared Hit Blocks":1365,"Shared Read Blocks":0,"Shared Dirtied Blocks":0,"Shared Written Blocks":0,"Local Hit Blocks":0,"Local Read Blocks":0,"Local Dirtied Blocks":0,"Local Written Blocks":0,"Temp Read Blocks":0,"Temp Written Blocks":0,"I/O Read Time":0.0,"I/O Write Time":0.0,"Temp I/O Read Time":0.0,"Temp I/O Write Time":0.0,"Plans":[{"Node Type":"Hash Join","Parent Relationship":"Outer","Parallel Aware":false,"Async Capable":false,"Join Type":"Inner","Startup Cost":2635.12,"Total Cost":222630.24,"Plan Rows":994,"Plan Width":10,"Actual Startup Time":14.861,"Actual Total Time":879.389,"Actual Rows":2495,"Actual Loops":1,"Output":["order_line.ol_quantity","order_line.ol_i_id","item.i_id"],"Inner Unique":true,"Hash Cond":"(order_line.ol_i_id = item.i_id)","Shared Hit Blocks":1365,"Shared Read Blocks":0,"Shared Dirtied Blocks":0,"Shared Written Blocks":0,"Local Hit Blocks":0,"Local Read Blocks":0,"Local Dirtied Blocks":0,"Local Written Blocks":0,"Temp Read Blocks":0,"Temp Written Blocks":0,"I/O Read Time":0.0,"I/O Write Time":0.0,"Temp I/O Read Time":0.0,"Temp I/O Write Time":0.0,"Plans":[{"Node Type":"Append","Parent Relationship":"Outer","Parallel Aware":false,"Async Capable":false,"Startup Cost":20.0,"Total Cost":193913.85,"Plan Rows":9942920,"Plan Width":6,"Actual Startup Time":5.458,"Actual Total Time":869.422,"Actual Rows":2495,"Actual Loops":1,"Shared Hit Blocks":0,"Shared Read Blocks":0,"Shared Dirtied Blocks":0,"Shared Written Blocks":0,"Local Hit Blocks":0,"Local Read Blocks":0,"Local Dirtied Blocks":0,"Local Written Blocks":0,"Temp Read Blocks":0,"Temp Written Blocks":0,"I/O Read Time":0.0,"I/O Write Time":0.0,"Temp I/O Read Time":0.0,"Temp I/O Write Time":0.0,"Subplans Removed":0,"Plans":[{"Node Type":"Custom Scan","Parent Relationship":"Member","Custom Plan Provider":"columnar scan","Parallel Aware":false,"Async Capable":false,"Relation Name":"order_line","Schema":"public","Alias":"order_line","Startup Cost":20.0,"Total Cost":193908.91,"Plan Rows":9942910,"Plan Width":6,"Actual Startup Time":5.457,"Actual Total Time":869.192,"Actual Rows":2495,"Actual Loops":1,"Output":["order_line.ol_quantity","order_line.ol_i_id"],"Filter":"((order_line.ol_delivery_d < '1995-04-02 20:10:02.27764'::timestamp without time zone) AND (order_line.ol_delivery_d >= '1994-01-02 20:10:02.27764'::timestamp without time zone))","Rows Removed by Filter":0,"Rows Removed by Columnar Filter":59991266,"Rows Filtered by Bloom Filter":0,"Dictionary Rows Filtered by Bloom Filter":59978198,"Columnar cache search mode":"native","Shared Hit Blocks":0,"Shared Read Blocks":0,"Shared Dirtied Blocks":0,"Shared Written Blocks":0,"Local Hit Blocks":0,"Local Read Blocks":0,"Local Dirtied Blocks":0,"Local Written Blocks":0,"Temp Read Blocks":0,"Temp Written Blocks":0,"I/O Read Time":0.0,"I/O Write Time":0.0,"Temp I/O Read Time":0.0,"Temp I/O Write Time":0.0},{"Node Type":"Seq Scan","Parent Relationship":"Member","Parallel Aware":false,"Async Capable":false,"Relation Name":"order_line","Schema":"public","Alias":"order_line","Startup Cost":0.0,"Total Cost":4.95,"Plan Rows":10,"Plan Width":6,"Actual Startup Time":0.0,"Actual Total Time":0.0,"Actual Rows":0,"Actual Loops":0,"Output":["order_line.ol_quantity","order_line.ol_i_id"],"Filter":"((order_line.ol_delivery_d < '1995-04-02 20:10:02.27764'::timestamp without time zone) AND (order_line.ol_delivery_d >= '1994-01-02 20:10:02.27764'::timestamp without time zone))","Rows Removed by Filter":0,"Shared Hit Blocks":0,"Shared Read Blocks":0,"Shared Dirtied Blocks":0,"Shared Written Blocks":0,"Local Hit Blocks":0,"Local Read Blocks":0,"Local Dirtied Blocks":0,"Local Written Blocks":0,"Temp Read Blocks":0,"Temp Written Blocks":0,"I/O Read Time":0.0,"I/O Write Time":0.0,"Temp I/O Read Time":0.0,"Temp I/O Write Time":0.0}]},{"Node Type":"Hash","Parent Relationship":"Inner","Parallel Aware":false,"Async Capable":false,"Startup Cost":2615.0,"Total Cost":2615.0,"Plan Rows":10,"Plan Width":4,"Actual Startup Time":9.014,"Actual Total Time":9.014,"Actual Rows":26,"Actual Loops":1,"Output":["item.i_id"],"Hash Buckets":1024,"Original Hash Buckets":1024,"Hash Batches":1,"Original Hash Batches":1,"Peak Memory Usage":9,"Shared Hit Blocks":1365,"Shared Read Blocks":0,"Shared Dirtied Blocks":0,"Shared Written Blocks":0,"Local Hit Blocks":0,"Local Read Blocks":0,"Local Dirtied Blocks":0,"Local Written Blocks":0,"Temp Read Blocks":0,"Temp Written Blocks":0,"I/O Read Time":0.0,"I/O Write Time":0.0,"Temp I/O Read Time":0.0,"Temp I/O Write Time":0.0,"Plans":[{"Node Type":"Seq Scan","Parent Relationship":"Outer","Parallel Aware":false,"Async Capable":false,"Relation Name":"item","Schema":"public","Alias":"item","Startup Cost":0.0,"Total Cost":2615.0,"Plan Rows":10,"Plan Width":4,"Actual Startup Time":0.083,"Actual Total Time":8.997,"Actual Rows":26,"Actual Loops":1,"Output":["item.i_id"],"Filter":"((item.i_data)::text ~~ 'co%'::text)","Rows Removed by Filter":99974,"Shared Hit Blocks":1365,"Shared Read Blocks":0,"Shared Dirtied Blocks":0,"Shared Written Blocks":0,"Local Hit Blocks":0,"Local Read Blocks":0,"Local Dirtied Blocks":0,"Local Written Blocks":0,"Temp Read Blocks":0,"Temp Written Blocks":0,"I/O Read Time":0.0,"I/O Write Time":0.0,"Temp I/O Read Time":0.0,"Temp I/O Write Time":0.0}]}]}]}]}]}]}]},{"Node Type":"Hash","Parent Relationship":"Inner","Parallel Aware":false,"Async Capable":false,"Startup Cost":346.83,"Total Cost":346.83,"Plan Rows":161,"Plan Width":48,"Actual Startup Time":1.835,"Actual Total Time":1.842,"Actual Rows":164,"Actual Loops":1,"Output":["supplier.su_name","supplier.su_address","supplier.su_suppkey"],"Hash Buckets":1024,"Original Hash Buckets":1024,"Hash Batches":1,"Original Hash Batches":1,"Peak Memory Usage":22,"Shared Hit Blocks":218,"Shared Read Blocks":0,"Shared Dirtied Blocks":0,"Shared Written Blocks":0,"Local Hit Blocks":0,"Local Read Blocks":0,"Local Dirtied Blocks":0,"Local Written Blocks":0,"Temp Read Blocks":0,"Temp Written Blocks":0,"I/O Read Time":0.0,"I/O Write Time":0.0,"Temp I/O Read Time":0.0,"Temp I/O Write Time":0.0,"Plans":[{"Node Type":"Hash Join","Parent Relationship":"Outer","Parallel Aware":false,"Async Capable":false,"Join Type":"Inner","Startup Cost":1.79,"Total Cost":346.83,"Plan Rows":161,"Plan Width":48,"Actual Startup Time":0.038,"Actual Total Time":1.808,"Actual Rows":164,"Actual Loops":1,"Output":["supplier.su_name","supplier.su_address","supplier.su_suppkey"],"Inner Unique":true,"Hash Cond":"(supplier.su_nationkey = nation.n_nationkey)","Shared Hit Blocks":218,"Shared Read Blocks":0,"Shared Dirtied Blocks":0,"Shared Written Blocks":0,"Local Hit Blocks":0,"Local Read Blocks":0,"Local Dirtied Blocks":0,"Local Written Blocks":0,"Temp Read Blocks":0,"Temp Written Blocks":0,"I/O Read Time":0.0,"I/O Write Time":0.0,"Temp I/O Read Time":0.0,"Temp I/O Write Time":0.0,"Plans":[{"Node Type":"Seq Scan","Parent Relationship":"Outer","Parallel Aware":false,"Async Capable":false,"Relation Name":"supplier","Schema":"public","Alias":"supplier","Startup Cost":0.0,"Total Cost":317.0,"Plan Rows":10000,"Plan Width":52,"Actual Startup Time":0.009,"Actual Total Time":0.795,"Actual Rows":10000,"Actual Loops":1,"Output":["supplier.su_suppkey","supplier.su_name","supplier.su_address","supplier.su_nationkey","supplier.su_phone","supplier.su_acctbal","supplier.su_comment"],"Shared Hit Blocks":217,"Shared Read Blocks":0,"Shared Dirtied Blocks":0,"Shared Written Blocks":0,"Local Hit Blocks":0,"Local Read Blocks":0,"Local Dirtied Blocks":0,"Local Written Blocks":0,"Temp Read Blocks":0,"Temp Written Blocks":0,"I/O Read Time":0.0,"I/O Write Time":0.0,"Temp I/O Read Time":0.0,"Temp I/O Write Time":0.0},{"Node Type":"Hash","Parent Relationship":"Inner","Parallel Aware":false,"Async Capable":false,"Startup Cost":1.77,"Total Cost":1.77,"Plan Rows":1,"Plan Width":4,"Actual Startup Time":0.016,"Actual Total Time":0.018,"Actual Rows":1,"Actual Loops":1,"Output":["nation.n_nationkey"],"Hash Buckets":1024,"Original Hash Buckets":1024,"Hash Batches":1,"Original Hash Batches":1,"Peak Memory Usage":9,"Shared Hit Blocks":1,"Shared Read Blocks":0,"Shared Dirtied Blocks":0,"Shared Written Blocks":0,"Local Hit Blocks":0,"Local Read Blocks":0,"Local Dirtied Blocks":0,"Local Written Blocks":0,"Temp Read Blocks":0,"Temp Written Blocks":0,"I/O Read Time":0.0,"I/O Write Time":0.0,"Temp I/O Read Time":0.0,"Temp I/O Write Time":0.0,"Plans":[{"Node Type":"Seq Scan","Parent Relationship":"Outer","Parallel Aware":false,"Async Capable":false,"Relation Name":"nation","Schema":"public","Alias":"nation","Startup Cost":0.0,"Total Cost":1.77,"Plan Rows":1,"Plan Width":4,"Actual Startup Time":0.008,"Actual Total Time":0.012,"Actual Rows":1,"Actual Loops":1,"Output":["nation.n_nationkey"],"Filter":"((nation.n_name)::text = 'France'::text)","Rows Removed by Filter":61,"Shared Hit Blocks":1,"Shared Read Blocks":0,"Shared Dirtied Blocks":0,"Shared Written Blocks":0,"Local Hit Blocks":0,"Local Read Blocks":0,"Local Dirtied Blocks":0,"Local Written Blocks":0,"Temp Read Blocks":0,"Temp Written Blocks":0,"I/O Read Time":0.0,"I/O Write Time":0.0,"Temp I/O Read Time":0.0,"Temp I/O Write Time":0.0}]}]}]}]}]},"Planning":{"Shared Hit Blocks":19,"Shared Read Blocks":0,"Shared Dirtied Blocks":0,"Shared Written Blocks":0,"Local Hit Blocks":0,"Local Read Blocks":0,"Local Dirtied Blocks":0,"Local Written Blocks":0,"Temp Read Blocks":0,"Temp Written Blocks":0,"I/O Read Time":0.0,"I/O Write Time":0.0,"Temp I/O Read Time":0.0,"Temp I/O Write Time":0.0},"Planning Time":1.127,"Triggers":[],"Execution Time":5923.675}]
[列存组合]: nation, stock
[{"Plan":{"Node Type":"Sort","Parallel Aware":false,"Async Capable":false,"Startup Cost":2133783.81,"Total Cost":2133784.01,"Plan Rows":80,"Plan Width":44,"Actual Startup Time":6240.946,"Actual Total Time":6240.963,"Actual Rows":0,"Actual Loops":1,"Output":["supplier.su_name","supplier.su_address"],"Sort Key":["supplier.su_name"],"Sort Method":"quicksort","Sort Space Used":25,"Sort Space Type":"Memory","Shared Hit Blocks":683331,"Shared Read Blocks":0,"Shared Dirtied Blocks":0,"Shared Written Blocks":0,"Local Hit Blocks":0,"Local Read Blocks":0,"Local Dirtied Blocks":0,"Local Written Blocks":0,"Temp Read Blocks":1223,"Temp Written Blocks":1232,"I/O Read Time":0.0,"I/O Write Time":0.0,"Temp I/O Read Time":1.874,"Temp I/O Write Time":5.477,"Plans":[{"Node Type":"Hash Join","Parent Relationship":"Outer","Parallel Aware":false,"Async Capable":false,"Join Type":"Inner","Startup Cost":2133778.5,"Total Cost":2133781.28,"Plan Rows":80,"Plan Width":44,"Actual Startup Time":6240.937,"Actual Total Time":6240.954,"Actual Rows":0,"Actual Loops":1,"Output":["supplier.su_name","supplier.su_address"],"Inner Unique":false,"Hash Cond":"((mod((stock.s_i_id * stock.s_w_id), 10000)) = supplier.su_suppkey)","Shared Hit Blocks":683331,"Shared Read Blocks":0,"Shared Dirtied Blocks":0,"Shared Written Blocks":0,"Local Hit Blocks":0,"Local Read Blocks":0,"Local Dirtied Blocks":0,"Local Written Blocks":0,"Temp Read Blocks":1223,"Temp Written Blocks":1232,"I/O Read Time":0.0,"I/O Write Time":0.0,"Temp I/O Read Time":1.874,"Temp I/O Write Time":5.477,"Plans":[{"Node Type":"Aggregate","Strategy":"Hashed","Partial Mode":"Simple","Parent Relationship":"Outer","Parallel Aware":false,"Async Capable":false,"Startup Cost":2133429.66,"Total Cost":2133431.66,"Plan Rows":200,"Plan Width":4,"Actual Startup Time":6239.13,"Actual Total Time":6239.141,"Actual Rows":0,"Actual Loops":1,"Output":["(mod((stock.s_i_id * stock.s_w_id), 10000))"],"Group Key":["mod((stock.s_i_id * stock.s_w_id), 10000)"],"Planned Partitions":0,"HashAgg Batches":1,"Peak Memory Usage":40,"Disk Usage":0,"Shared Hit Blocks":683113,"Shared Read Blocks":0,"Shared Dirtied Blocks":0,"Shared Written Blocks":0,"Local Hit Blocks":0,"Local Read Blocks":0,"Local Dirtied Blocks":0,"Local Written Blocks":0,"Temp Read Blocks":1223,"Temp Written Blocks":1232,"I/O Read Time":0.0,"I/O Write Time":0.0,"Temp I/O Read Time":1.874,"Temp I/O Write Time":5.477,"Plans":[{"Node Type":"Aggregate","Strategy":"Sorted","Partial Mode":"Simple","Parent Relationship":"Outer","Parallel Aware":false,"Async Capable":false,"Startup Cost":2127238.2,"Total Cost":2132592.98,"Plan Rows":66935,"Plan Width":12,"Actual Startup Time":6239.123,"Actual Total Time":6239.134,"Actual Rows":0,"Actual Loops":1,"Output":["mod((stock.s_i_id * stock.s_w_id), 10000)","stock.s_i_id","stock.s_w_id","stock.s_quantity"],"Group Key":["stock.s_i_id","stock.s_w_id"],"Filter":"((2 * stock.s_quantity) > sum(order_line.ol_quantity))","Rows Removed by Filter":5200,"Shared Hit Blocks":683113,"Shared Read Blocks":0,"Shared Dirtied Blocks":0,"Shared Written Blocks":0,"Local Hit Blocks":0,"Local Read Blocks":0,"Local Dirtied Blocks":0,"Local Written Blocks":0,"Temp Read Blocks":1223,"Temp Written Blocks":1232,"I/O Read Time":0.0,"I/O Write Time":0.0,"Temp I/O Read Time":1.874,"Temp I/O Write Time":5.477,"Plans":[{"Node Type":"Sort","Parent Relationship":"Outer","Parallel Aware":false,"Async Capable":false,"Startup Cost":2127238.2,"Total Cost":2127740.21,"Plan Rows":200804,"Plan Width":10,"Actual Startup Time":6135.907,"Actual Total Time":6186.808,"Actual Rows":499000,"Actual Loops":1,"Output":["stock.s_i_id","stock.s_w_id","stock.s_quantity","order_line.ol_quantity"],"Sort Key":["stock.s_i_id","stock.s_w_id"],"Sort Method":"external merge","Sort Space Used":9784,"Sort Space Type":"Disk","Shared Hit Blocks":683113,"Shared Read Blocks":0,"Shared Dirtied Blocks":0,"Shared Written Blocks":0,"Local Hit Blocks":0,"Local Read Blocks":0,"Local Dirtied Blocks":0,"Local Written Blocks":0,"Temp Read Blocks":1223,"Temp Written Blocks":1232,"I/O Read Time":0.0,"I/O Write Time":0.0,"Temp I/O Read Time":1.874,"Temp I/O Write Time":5.477,"Plans":[{"Node Type":"Hash Join","Parent Relationship":"Outer","Parallel Aware":false,"Async Capable":false,"Join Type":"Inner","Startup Cost":485169.13,"Total Cost":2106118.46,"Plan Rows":200804,"Plan Width":10,"Actual Startup Time":578.61,"Actual Total Time":5971.286,"Actual Rows":499000,"Actual Loops":1,"Output":["stock.s_i_id","stock.s_w_id","stock.s_quantity","order_line.ol_quantity"],"Inner Unique":false,"Hash Cond":"(order_line.ol_i_id = stock.s_i_id)","Shared Hit Blocks":683113,"Shared Read Blocks":0,"Shared Dirtied Blocks":0,"Shared Written Blocks":0,"Local Hit Blocks":0,"Local Read Blocks":0,"Local Dirtied Blocks":0,"Local Written Blocks":0,"Temp Read Blocks":0,"Temp Written Blocks":0,"I/O Read Time":0.0,"I/O Write Time":0.0,"Temp I/O Read Time":0.0,"Temp I/O Write Time":0.0,"Plans":[{"Node Type":"Seq Scan","Parent Relationship":"Outer","Parallel Aware":false,"Async Capable":false,"Relation Name":"order_line","Schema":"public","Alias":"order_line","Startup Cost":0.0,"Total Cost":1581655.36,"Plan Rows":9942920,"Plan Width":6,"Actual Startup Time":0.007,"Actual Total Time":4624.905,"Actual Rows":9885180,"Actual Loops":1,"Output":["order_line.ol_o_id","order_line.ol_d_id","order_line.ol_w_id","order_line.ol_number","order_line.ol_i_id","order_line.ol_supply_w_id","order_line.ol_delivery_d","order_line.ol_quantity","order_line.ol_amount","order_line.ol_dist_info"],"Filter":"((order_line.ol_delivery_d >= '1994-01-02 20:10:02.27764'::timestamp without time zone) AND (order_line.ol_delivery_d < '1995-04-02 20:10:02.27764'::timestamp without time zone))","Rows Removed by Filter":50108581,"Shared Hit Blocks":681748,"Shared Read Blocks":0,"Shared Dirtied Blocks":0,"Shared Written Blocks":0,"Local Hit Blocks":0,"Local Read Blocks":0,"Local Dirtied Blocks":0,"Local Written Blocks":0,"Temp Read Blocks":0,"Temp Written Blocks":0,"I/O Read Time":0.0,"I/O Write Time":0.0,"Temp I/O Read Time":0.0,"Temp I/O Write Time":0.0},{"Node Type":"Hash","Parent Relationship":"Inner","Parallel Aware":false,"Async Capable":false,"Startup Cost":485144.13,"Total Cost":485144.13,"Plan Rows":2000,"Plan Width":12,"Actual Startup Time":577.525,"Actual Total Time":577.533,"Actual Rows":5200,"Actual Loops":1,"Output":["stock.s_i_id","stock.s_w_id","stock.s_quantity","item.i_id"],"Hash Buckets":8192,"Original Hash Buckets":2048,"Hash Batches":1,"Original Hash Batches":1,"Peak Memory Usage":288,"Shared Hit Blocks":1365,"Shared Read Blocks":0,"Shared Dirtied Blocks":0,"Shared Written Blocks":0,"Local Hit Blocks":0,"Local Read Blocks":0,"Local Dirtied Blocks":0,"Local Written Blocks":0,"Temp Read Blocks":0,"Temp Written Blocks":0,"I/O Read Time":0.0,"I/O Write Time":0.0,"Temp I/O Read Time":0.0,"Temp I/O Write Time":0.0,"Plans":[{"Node Type":"Hash Join","Parent Relationship":"Outer","Parallel Aware":false,"Async Capable":false,"Join Type":"Inner","Startup Cost":2635.12,"Total Cost":485144.13,"Plan Rows":2000,"Plan Width":12,"Actual Startup Time":10.731,"Actual Total Time":576.6,"Actual Rows":5200,"Actual Loops":1,"Output":["stock.s_i_id","stock.s_w_id","stock.s_quantity","item.i_id"],"Inner Unique":true,"Hash Cond":"(stock.s_i_id = item.i_id)","Shared Hit Blocks":1365,"Shared Read Blocks":0,"Shared Dirtied Blocks":0,"Shared Written Blocks":0,"Local Hit Blocks":0,"Local Read Blocks":0,"Local Dirtied Blocks":0,"Local Written Blocks":0,"Temp Read Blocks":0,"Temp Written Blocks":0,"I/O Read Time":0.0,"I/O Write Time":0.0,"Temp I/O Read Time":0.0,"Temp I/O Write Time":0.0,"Plans":[{"Node Type":"Append","Parent Relationship":"Outer","Parallel Aware":false,"Async Capable":false,"Startup Cost":20.0,"Total Cost":430026.22,"Plan Rows":20000212,"Plan Width":8,"Actual Startup Time":1.573,"Actual Total Time":566.381,"Actual Rows":5200,"Actual Loops":1,"Shared Hit Blocks":0,"Shared Read Blocks":0,"Shared Dirtied Blocks":0,"Shared Written Blocks":0,"Local Hit Blocks":0,"Local Read Blocks":0,"Local Dirtied Blocks":0,"Local Written Blocks":0,"Temp Read Blocks":0,"Temp Written Blocks":0,"I/O Read Time":0.0,"I/O Write Time":0.0,"Temp I/O Read Time":0.0,"Temp I/O Write Time":0.0,"Subplans Removed":0,"Plans":[{"Node Type":"Custom Scan","Parent Relationship":"Member","Custom Plan Provider":"columnar scan","Parallel Aware":false,"Async Capable":false,"Relation Name":"stock","Schema":"public","Alias":"stock","Startup Cost":20.0,"Total Cost":430020.1,"Plan Rows":20000000,"Plan Width":8,"Actual Startup Time":1.572,"Actual Total Time":565.977,"Actual Rows":5200,"Actual Loops":1,"Output":["stock.s_i_id","stock.s_w_id","stock.s_quantity"],"Rows Removed by Columnar Filter":19994800,"Rows Filtered by Bloom Filter":0,"Dictionary Rows Filtered by Bloom Filter":19994800,"Columnar cache search mode":"native","Shared Hit Blocks":0,"Shared Read Blocks":0,"Shared Dirtied Blocks":0,"Shared Written Blocks":0,"Local Hit Blocks":0,"Local Read Blocks":0,"Local Dirtied Blocks":0,"Local Written Blocks":0,"Temp Read Blocks":0,"Temp Written Blocks":0,"I/O Read Time":0.0,"I/O Write Time":0.0,"Temp I/O Read Time":0.0,"Temp I/O Write Time":0.0},{"Node Type":"Seq Scan","Parent Relationship":"Member","Parallel Aware":false,"Async Capable":false,"Relation Name":"stock","Schema":"public","Alias":"stock","Startup Cost":0.0,"Total Cost":6.12,"Plan Rows":212,"Plan Width":8,"Actual Startup Time":0.0,"Actual Total Time":0.0,"Actual Rows":0,"Actual Loops":0,"Output":["stock.s_i_id","stock.s_w_id","stock.s_quantity"],"Shared Hit Blocks":0,"Shared Read Blocks":0,"Shared Dirtied Blocks":0,"Shared Written Blocks":0,"Local Hit Blocks":0,"Local Read Blocks":0,"Local Dirtied Blocks":0,"Local Written Blocks":0,"Temp Read Blocks":0,"Temp Written Blocks":0,"I/O Read Time":0.0,"I/O Write Time":0.0,"Temp I/O Read Time":0.0,"Temp I/O Write Time":0.0}]},{"Node Type":"Hash","Parent Relationship":"Inner","Parallel Aware":false,"Async Capable":false,"Startup Cost":2615.0,"Total Cost":2615.0,"Plan Rows":10,"Plan Width":4,"Actual Startup Time":8.772,"Actual Total Time":8.774,"Actual Rows":26,"Actual Loops":1,"Output":["item.i_id"],"Hash Buckets":1024,"Original Hash Buckets":1024,"Hash Batches":1,"Original Hash Batches":1,"Peak Memory Usage":9,"Shared Hit Blocks":1365,"Shared Read Blocks":0,"Shared Dirtied Blocks":0,"Shared Written Blocks":0,"Local Hit Blocks":0,"Local Read Blocks":0,"Local Dirtied Blocks":0,"Local Written Blocks":0,"Temp Read Blocks":0,"Temp Written Blocks":0,"I/O Read Time":0.0,"I/O Write Time":0.0,"Temp I/O Read Time":0.0,"Temp I/O Write Time":0.0,"Plans":[{"Node Type":"Seq Scan","Parent Relationship":"Outer","Parallel Aware":false,"Async Capable":false,"Relation Name":"item","Schema":"public","Alias":"item","Startup Cost":0.0,"Total Cost":2615.0,"Plan Rows":10,"Plan Width":4,"Actual Startup Time":0.08,"Actual Total Time":8.757,"Actual Rows":26,"Actual Loops":1,"Output":["item.i_id"],"Filter":"((item.i_data)::text ~~ 'co%'::text)","Rows Removed by Filter":99974,"Shared Hit Blocks":1365,"Shared Read Blocks":0,"Shared Dirtied Blocks":0,"Shared Written Blocks":0,"Local Hit Blocks":0,"Local Read Blocks":0,"Local Dirtied Blocks":0,"Local Written Blocks":0,"Temp Read Blocks":0,"Temp Written Blocks":0,"I/O Read Time":0.0,"I/O Write Time":0.0,"Temp I/O Read Time":0.0,"Temp I/O Write Time":0.0}]}]}]}]}]}]}]},{"Node Type":"Hash","Parent Relationship":"Inner","Parallel Aware":false,"Async Capable":false,"Startup Cost":346.83,"Total Cost":346.83,"Plan Rows":161,"Plan Width":48,"Actual Startup Time":1.798,"Actual Total Time":1.803,"Actual Rows":164,"Actual Loops":1,"Output":["supplier.su_name","supplier.su_address","supplier.su_suppkey"],"Hash Buckets":1024,"Original Hash Buckets":1024,"Hash Batches":1,"Original Hash Batches":1,"Peak Memory Usage":22,"Shared Hit Blocks":218,"Shared Read Blocks":0,"Shared Dirtied Blocks":0,"Shared Written Blocks":0,"Local Hit Blocks":0,"Local Read Blocks":0,"Local Dirtied Blocks":0,"Local Written Blocks":0,"Temp Read Blocks":0,"Temp Written Blocks":0,"I/O Read Time":0.0,"I/O Write Time":0.0,"Temp I/O Read Time":0.0,"Temp I/O Write Time":0.0,"Plans":[{"Node Type":"Hash Join","Parent Relationship":"Outer","Parallel Aware":false,"Async Capable":false,"Join Type":"Inner","Startup Cost":1.79,"Total Cost":346.83,"Plan Rows":161,"Plan Width":48,"Actual Startup Time":0.036,"Actual Total Time":1.769,"Actual Rows":164,"Actual Loops":1,"Output":["supplier.su_name","supplier.su_address","supplier.su_suppkey"],"Inner Unique":true,"Hash Cond":"(supplier.su_nationkey = nation.n_nationkey)","Shared Hit Blocks":218,"Shared Read Blocks":0,"Shared Dirtied Blocks":0,"Shared Written Blocks":0,"Local Hit Blocks":0,"Local Read Blocks":0,"Local Dirtied Blocks":0,"Local Written Blocks":0,"Temp Read Blocks":0,"Temp Written Blocks":0,"I/O Read Time":0.0,"I/O Write Time":0.0,"Temp I/O Read Time":0.0,"Temp I/O Write Time":0.0,"Plans":[{"Node Type":"Seq Scan","Parent Relationship":"Outer","Parallel Aware":false,"Async Capable":false,"Relation Name":"supplier","Schema":"public","Alias":"supplier","Startup Cost":0.0,"Total Cost":317.0,"Plan Rows":10000,"Plan Width":52,"Actual Startup Time":0.008,"Actual Total Time":0.768,"Actual Rows":10000,"Actual Loops":1,"Output":["supplier.su_suppkey","supplier.su_name","supplier.su_address","supplier.su_nationkey","supplier.su_phone","supplier.su_acctbal","supplier.su_comment"],"Shared Hit Blocks":217,"Shared Read Blocks":0,"Shared Dirtied Blocks":0,"Shared Written Blocks":0,"Local Hit Blocks":0,"Local Read Blocks":0,"Local Dirtied Blocks":0,"Local Written Blocks":0,"Temp Read Blocks":0,"Temp Written Blocks":0,"I/O Read Time":0.0,"I/O Write Time":0.0,"Temp I/O Read Time":0.0,"Temp I/O Write Time":0.0},{"Node Type":"Hash","Parent Relationship":"Inner","Parallel Aware":false,"Async Capable":false,"Startup Cost":1.77,"Total Cost":1.77,"Plan Rows":1,"Plan Width":4,"Actual Startup Time":0.016,"Actual Total Time":0.019,"Actual Rows":1,"Actual Loops":1,"Output":["nation.n_nationkey"],"Hash Buckets":1024,"Original Hash Buckets":1024,"Hash Batches":1,"Original Hash Batches":1,"Peak Memory Usage":9,"Shared Hit Blocks":1,"Shared Read Blocks":0,"Shared Dirtied Blocks":0,"Shared Written Blocks":0,"Local Hit Blocks":0,"Local Read Blocks":0,"Local Dirtied Blocks":0,"Local Written Blocks":0,"Temp Read Blocks":0,"Temp Written Blocks":0,"I/O Read Time":0.0,"I/O Write Time":0.0,"Temp I/O Read Time":0.0,"Temp I/O Write Time":0.0,"Plans":[{"Node Type":"Seq Scan","Parent Relationship":"Outer","Parallel Aware":false,"Async Capable":false,"Relation Name":"nation","Schema":"public","Alias":"nation","Startup Cost":0.0,"Total Cost":1.77,"Plan Rows":1,"Plan Width":4,"Actual Startup Time":0.008,"Actual Total Time":0.013,"Actual Rows":1,"Actual Loops":1,"Output":["nation.n_nationkey"],"Filter":"((nation.n_name)::text = 'France'::text)","Rows Removed by Filter":61,"Shared Hit Blocks":1,"Shared Read Blocks":0,"Shared Dirtied Blocks":0,"Shared Written Blocks":0,"Local Hit Blocks":0,"Local Read Blocks":0,"Local Dirtied Blocks":0,"Local Written Blocks":0,"Temp Read Blocks":0,"Temp Written Blocks":0,"I/O Read Time":0.0,"I/O Write Time":0.0,"Temp I/O Read Time":0.0,"Temp I/O Write Time":0.0}]}]}]}]}]},"Planning":{"Shared Hit Blocks":19,"Shared Read Blocks":0,"Shared Dirtied Blocks":0,"Shared Written Blocks":0,"Local Hit Blocks":0,"Local Read Blocks":0,"Local Dirtied Blocks":0,"Local Written Blocks":0,"Temp Read Blocks":0,"Temp Written Blocks":0,"I/O Read Time":0.0,"I/O Write Time":0.0,"Temp I/O Read Time":0.0,"Temp I/O Write Time":0.0},"Planning Time":1.394,"Triggers":[],"Execution Time":6242.883}]
[列存组合]: nation, supplier
[{"Plan":{"Node Type":"Sort","Parallel Aware":false,"Async Capable":false,"Startup Cost":2736890.21,"Total Cost":2736890.41,"Plan Rows":80,"Plan Width":44,"Actual Startup Time":10377.681,"Actual Total Time":10377.706,"Actual Rows":0,"Actual Loops":1,"Output":["supplier.su_name","supplier.su_address"],"Sort Key":["supplier.su_name"],"Sort Method":"quicksort","Sort Space Used":25,"Sort Space Type":"Memory","Shared Hit Blocks":1516505,"Shared Read Blocks":0,"Shared Dirtied Blocks":0,"Shared Written Blocks":0,"Local Hit Blocks":0,"Local Read Blocks":0,"Local Dirtied Blocks":0,"Local Written Blocks":0,"Temp Read Blocks":1223,"Temp Written Blocks":1232,"I/O Read Time":0.0,"I/O Write Time":0.0,"Temp I/O Read Time":1.925,"Temp I/O Write Time":5.001,"Plans":[{"Node Type":"Hash Join","Parent Relationship":"Outer","Parallel Aware":false,"Async Capable":false,"Join Type":"Inner","Startup Cost":2736884.9,"Total Cost":2736887.68,"Plan Rows":80,"Plan Width":44,"Actual Startup Time":10377.676,"Actual Total Time":10377.699,"Actual Rows":0,"Actual Loops":1,"Output":["supplier.su_name","supplier.su_address"],"Hash Cond":"((mod((stock.s_i_id * stock.s_w_id), 10000)) = supplier.su_suppkey)","Shared Hit Blocks":1516505,"Shared Read Blocks":0,"Shared Dirtied Blocks":0,"Shared Written Blocks":0,"Local Hit Blocks":0,"Local Read Blocks":0,"Local Dirtied Blocks":0,"Local Written Blocks":0,"Temp Read Blocks":1223,"Temp Written Blocks":1232,"I/O Read Time":0.0,"I/O Write Time":0.0,"Temp I/O Read Time":1.925,"Temp I/O Write Time":5.001,"Plans":[{"Node Type":"Aggregate","Strategy":"Hashed","Partial Mode":"Simple","Parent Relationship":"Outer","Parallel Aware":false,"Async Capable":false,"Startup Cost":2736797.56,"Total Cost":2736799.56,"Plan Rows":200,"Plan Width":4,"Actual Startup Time":10376.996,"Actual Total Time":10377.008,"Actual Rows":0,"Actual Loops":1,"Output":["(mod((stock.s_i_id * stock.s_w_id), 10000))"],"Group Key":["mod((stock.s_i_id * stock.s_w_id), 10000)"],"Planned Partitions":0,"HashAgg Batches":1,"Peak Memory Usage":40,"Disk Usage":0,"Shared Hit Blocks":1516505,"Shared Read Blocks":0,"Shared Dirtied Blocks":0,"Shared Written Blocks":0,"Local Hit Blocks":0,"Local Read Blocks":0,"Local Dirtied Blocks":0,"Local Written Blocks":0,"Temp Read Blocks":1223,"Temp Written Blocks":1232,"I/O Read Time":0.0,"I/O Write Time":0.0,"Temp I/O Read Time":1.925,"Temp I/O Write Time":5.001,"Plans":[{"Node Type":"Aggregate","Strategy":"Sorted","Partial Mode":"Simple","Parent Relationship":"Outer","Parallel Aware":false,"Async Capable":false,"Startup Cost":2730606.1,"Total Cost":2735960.87,"Plan Rows":66935,"Plan Width":12,"Actual Startup Time":10376.988,"Actual Total Time":10376.999,"Actual Rows":0,"Actual Loops":1,"Output":["mod((stock.s_i_id * stock.s_w_id), 10000)","stock.s_i_id","stock.s_w_id","stock.s_quantity"],"Group Key":["stock.s_i_id","stock.s_w_id"],"Filter":"((2 * stock.s_quantity) > sum(order_line.ol_quantity))","Rows Removed by Filter":5200,"Shared Hit Blocks":1516505,"Shared Read Blocks":0,"Shared Dirtied Blocks":0,"Shared Written Blocks":0,"Local Hit Blocks":0,"Local Read Blocks":0,"Local Dirtied Blocks":0,"Local Written Blocks":0,"Temp Read Blocks":1223,"Temp Written Blocks":1232,"I/O Read Time":0.0,"I/O Write Time":0.0,"Temp I/O Read Time":1.925,"Temp I/O Write Time":5.001,"Plans":[{"Node Type":"Sort","Parent Relationship":"Outer","Parallel Aware":false,"Async Capable":false,"Startup Cost":2730606.1,"Total Cost":2731108.11,"Plan Rows":200804,"Plan Width":10,"Actual Startup Time":10273.375,"Actual Total Time":10324.214,"Actual Rows":499000,"Actual Loops":1,"Output":["stock.s_i_id","stock.s_w_id","stock.s_quantity","order_line.ol_quantity"],"Sort Key":["stock.s_i_id","stock.s_w_id"],"Sort Method":"external merge","Sort Space Used":9784,"Sort Space Type":"Disk","Shared Hit Blocks":1516505,"Shared Read Blocks":0,"Shared Dirtied Blocks":0,"Shared Written Blocks":0,"Local Hit Blocks":0,"Local Read Blocks":0,"Local Dirtied Blocks":0,"Local Written Blocks":0,"Temp Read Blocks":1223,"Temp Written Blocks":1232,"I/O Read Time":0.0,"I/O Write Time":0.0,"Temp I/O Read Time":1.925,"Temp I/O Write Time":5.001,"Plans":[{"Node Type":"Hash Join","Parent Relationship":"Outer","Parallel Aware":false,"Async Capable":false,"Join Type":"Inner","Startup Cost":1088537.03,"Total Cost":2709486.36,"Plan Rows":200804,"Plan Width":10,"Actual Startup Time":4739.274,"Actual Total Time":10109.976,"Actual Rows":499000,"Actual Loops":1,"Output":["stock.s_i_id","stock.s_w_id","stock.s_quantity","order_line.ol_quantity"],"Hash Cond":"(order_line.ol_i_id = stock.s_i_id)","Shared Hit Blocks":1516505,"Shared Read Blocks":0,"Shared Dirtied Blocks":0,"Shared Written Blocks":0,"Local Hit Blocks":0,"Local Read Blocks":0,"Local Dirtied Blocks":0,"Local Written Blocks":0,"Temp Read Blocks":0,"Temp Written Blocks":0,"I/O Read Time":0.0,"I/O Write Time":0.0,"Temp I/O Read Time":0.0,"Temp I/O Write Time":0.0,"Plans":[{"Node Type":"Seq Scan","Parent Relationship":"Outer","Parallel Aware":false,"Async Capable":false,"Relation Name":"order_line","Schema":"public","Alias":"order_line","Startup Cost":0.0,"Total Cost":1581655.36,"Plan Rows":9942920,"Plan Width":6,"Actual Startup Time":0.009,"Actual Total Time":4605.521,"Actual Rows":9885180,"Actual Loops":1,"Output":["order_line.ol_o_id","order_line.ol_d_id","order_line.ol_w_id","order_line.ol_number","order_line.ol_i_id","order_line.ol_supply_w_id","order_line.ol_delivery_d","order_line.ol_quantity","order_line.ol_amount","order_line.ol_dist_info"],"Filter":"((order_line.ol_delivery_d >= '1994-01-02 20:10:02.27764'::timestamp without time zone) AND (order_line.ol_delivery_d < '1995-04-02 20:10:02.27764'::timestamp without time zone))","Rows Removed by Filter":50108581,"Shared Hit Blocks":681748,"Shared Read Blocks":0,"Shared Dirtied Blocks":0,"Shared Written Blocks":0,"Local Hit Blocks":0,"Local Read Blocks":0,"Local Dirtied Blocks":0,"Local Written Blocks":0,"Temp Read Blocks":0,"Temp Written Blocks":0,"I/O Read Time":0.0,"I/O Write Time":0.0,"Temp I/O Read Time":0.0,"Temp I/O Write Time":0.0},{"Node Type":"Hash","Parent Relationship":"Inner","Parallel Aware":false,"Async Capable":false,"Startup Cost":1088512.03,"Total Cost":1088512.03,"Plan Rows":2000,"Plan Width":12,"Actual Startup Time":4738.21,"Actual Total Time":4738.217,"Actual Rows":5200,"Actual Loops":1,"Output":["stock.s_i_id","stock.s_w_id","stock.s_quantity","item.i_id"],"Hash Buckets":8192,"Original Hash Buckets":2048,"Hash Batches":1,"Original Hash Batches":1,"Peak Memory Usage":288,"Shared Hit Blocks":834757,"Shared Read Blocks":0,"Shared Dirtied Blocks":0,"Shared Written Blocks":0,"Local Hit Blocks":0,"Local Read Blocks":0,"Local Dirtied Blocks":0,"Local Written Blocks":0,"Temp Read Blocks":0,"Temp Written Blocks":0,"I/O Read Time":0.0,"I/O Write Time":0.0,"Temp I/O Read Time":0.0,"Temp I/O Write Time":0.0,"Plans":[{"Node Type":"Hash Join","Parent Relationship":"Outer","Parallel Aware":false,"Async Capable":false,"Join Type":"Inner","Startup Cost":2615.12,"Total Cost":1088512.03,"Plan Rows":2000,"Plan Width":12,"Actual Startup Time":8.715,"Actual Total Time":4736.605,"Actual Rows":5200,"Actual Loops":1,"Output":["stock.s_i_id","stock.s_w_id","stock.s_quantity","item.i_id"],"Hash Cond":"(stock.s_i_id = item.i_id)","Shared Hit Blocks":834757,"Shared Read Blocks":0,"Shared Dirtied Blocks":0,"Shared Written Blocks":0,"Local Hit Blocks":0,"Local Read Blocks":0,"Local Dirtied Blocks":0,"Local Written Blocks":0,"Temp Read Blocks":0,"Temp Written Blocks":0,"I/O Read Time":0.0,"I/O Write Time":0.0,"Temp I/O Read Time":0.0,"Temp I/O Write Time":0.0,"Plans":[{"Node Type":"Seq Scan","Parent Relationship":"Outer","Parallel Aware":false,"Async Capable":false,"Relation Name":"stock","Schema":"public","Alias":"stock","Startup Cost":0.0,"Total Cost":1033394.12,"Plan Rows":20000212,"Plan Width":8,"Actual Startup Time":0.004,"Actual Total Time":1699.687,"Actual Rows":20000000,"Actual Loops":1,"Output":["stock.s_i_id","stock.s_w_id","stock.s_quantity","stock.s_dist_01","stock.s_dist_02","stock.s_dist_03","stock.s_dist_04","stock.s_dist_05","stock.s_dist_06","stock.s_dist_07","stock.s_dist_08","stock.s_dist_09","stock.s_dist_10","stock.s_ytd","stock.s_order_cnt","stock.s_remote_cnt","stock.s_data"],"Shared Hit Blocks":833392,"Shared Read Blocks":0,"Shared Dirtied Blocks":0,"Shared Written Blocks":0,"Local Hit Blocks":0,"Local Read Blocks":0,"Local Dirtied Blocks":0,"Local Written Blocks":0,"Temp Read Blocks":0,"Temp Written Blocks":0,"I/O Read Time":0.0,"I/O Write Time":0.0,"Temp I/O Read Time":0.0,"Temp I/O Write Time":0.0},{"Node Type":"Hash","Parent Relationship":"Inner","Parallel Aware":false,"Async Capable":false,"Startup Cost":2615.0,"Total Cost":2615.0,"Plan Rows":10,"Plan Width":4,"Actual Startup Time":8.528,"Actual Total Time":8.531,"Actual Rows":26,"Actual Loops":1,"Output":["item.i_id"],"Hash Buckets":1024,"Original Hash Buckets":1024,"Hash Batches":1,"Original Hash Batches":1,"Peak Memory Usage":9,"Shared Hit Blocks":1365,"Shared Read Blocks":0,"Shared Dirtied Blocks":0,"Shared Written Blocks":0,"Local Hit Blocks":0,"Local Read Blocks":0,"Local Dirtied Blocks":0,"Local Written Blocks":0,"Temp Read Blocks":0,"Temp Written Blocks":0,"I/O Read Time":0.0,"I/O Write Time":0.0,"Temp I/O Read Time":0.0,"Temp I/O Write Time":0.0,"Plans":[{"Node Type":"Seq Scan","Parent Relationship":"Outer","Parallel Aware":false,"Async Capable":false,"Relation Name":"item","Schema":"public","Alias":"item","Startup Cost":0.0,"Total Cost":2615.0,"Plan Rows":10,"Plan Width":4,"Actual Startup Time":0.077,"Actual Total Time":8.522,"Actual Rows":26,"Actual Loops":1,"Output":["item.i_id"],"Filter":"((item.i_data)::text ~~ 'co%'::text)","Rows Removed by Filter":99974,"Shared Hit Blocks":1365,"Shared Read Blocks":0,"Shared Dirtied Blocks":0,"Shared Written Blocks":0,"Local Hit Blocks":0,"Local Read Blocks":0,"Local Dirtied Blocks":0,"Local Written Blocks":0,"Temp Read Blocks":0,"Temp Written Blocks":0,"I/O Read Time":0.0,"I/O Write Time":0.0,"Temp I/O Read Time":0.0,"Temp I/O Write Time":0.0}]}]}]}]}]}]}]},{"Node Type":"Hash","Parent Relationship":"Inner","Parallel Aware":false,"Async Capable":false,"Startup Cost":85.33,"Total Cost":85.33,"Plan Rows":161,"Plan Width":48,"Actual Startup Time":0.671,"Actual Total Time":0.683,"Actual Rows":164,"Actual Loops":1,"Output":["supplier.su_name","supplier.su_address","supplier.su_suppkey"],"Hash Buckets":1024,"Original Hash Buckets":1024,"Hash Batches":1,"Original Hash Batches":1,"Peak Memory Usage":22,"Shared Hit Blocks":0,"Shared Read Blocks":0,"Shared Dirtied Blocks":0,"Shared Written Blocks":0,"Local Hit Blocks":0,"Local Read Blocks":0,"Local Dirtied Blocks":0,"Local Written Blocks":0,"Temp Read Blocks":0,"Temp Written Blocks":0,"I/O Read Time":0.0,"I/O Write Time":0.0,"Temp I/O Read Time":0.0,"Temp I/O Write Time":0.0,"Plans":[{"Node Type":"Hash Join","Parent Relationship":"Outer","Parallel Aware":false,"Async Capable":false,"Join Type":"Inner","Startup Cost":44.02,"Total Cost":85.33,"Plan Rows":161,"Plan Width":48,"Actual Startup Time":0.55,"Actual Total Time":0.576,"Actual Rows":164,"Actual Loops":1,"Output":["supplier.su_name","supplier.su_address","supplier.su_suppkey"],"Hash Cond":"(supplier.su_nationkey = nation.n_nationkey)","Rows Removed by Bloom Filter":9685,"Shared Hit Blocks":0,"Shared Read Blocks":0,"Shared Dirtied Blocks":0,"Shared Written Blocks":0,"Local Hit Blocks":0,"Local Read Blocks":0,"Local Dirtied Blocks":0,"Local Written Blocks":0,"Temp Read Blocks":0,"Temp Written Blocks":0,"I/O Read Time":0.0,"I/O Write Time":0.0,"Temp I/O Read Time":0.0,"Temp I/O Write Time":0.0,"Plans":[{"Node Type":"Append","Parent Relationship":"Outer","Parallel Aware":false,"Async Capable":false,"Startup Cost":20.0,"Total Cost":259.01,"Plan Rows":10001,"Plan Width":52,"Actual Startup Time":0.004,"Actual Total Time":0.008,"Actual Rows":10000,"Actual Loops":1,"Shared Hit Blocks":0,"Shared Read Blocks":0,"Shared Dirtied Blocks":0,"Shared Written Blocks":0,"Local Hit Blocks":0,"Local Read Blocks":0,"Local Dirtied Blocks":0,"Local Written Blocks":0,"Temp Read Blocks":0,"Temp Written Blocks":0,"I/O Read Time":0.0,"I/O Write Time":0.0,"Temp I/O Read Time":0.0,"Temp I/O Write Time":0.0,"Subplans Removed":0,"Plans":[{"Node Type":"Custom Scan","Parent Relationship":"Member","Custom Plan Provider":"columnar scan","Parallel Aware":false,"Async Capable":false,"Relation Name":"supplier","Schema":"public","Alias":"supplier","Startup Cost":20.0,"Total Cost":255.0,"Plan Rows":10000,"Plan Width":52,"Actual Startup Time":0.003,"Actual Total Time":0.006,"Actual Rows":10000,"Actual Loops":1,"Output":["supplier.su_name","supplier.su_address","supplier.su_nationkey","supplier.su_suppkey"],"Rows Removed by Columnar Filter":0,"Columnar cache search mode":"native","Shared Hit Blocks":0,"Shared Read Blocks":0,"Shared Dirtied Blocks":0,"Shared Written Blocks":0,"Local Hit Blocks":0,"Local Read Blocks":0,"Local Dirtied Blocks":0,"Local Written Blocks":0,"Temp Read Blocks":0,"Temp Written Blocks":0,"I/O Read Time":0.0,"I/O Write Time":0.0,"Temp I/O Read Time":0.0,"Temp I/O Write Time":0.0},{"Node Type":"Seq Scan","Parent Relationship":"Member","Parallel Aware":false,"Async Capable":false,"Relation Name":"supplier","Schema":"public","Alias":"supplier","Startup Cost":0.0,"Total Cost":4.01,"Plan Rows":1,"Plan Width":52,"Actual Startup Time":0.0,"Actual Total Time":0.0,"Actual Rows":0,"Actual Loops":0,"Output":["supplier.su_name","supplier.su_address","supplier.su_nationkey","supplier.su_suppkey"],"Shared Hit Blocks":0,"Shared Read Blocks":0,"Shared Dirtied Blocks":0,"Shared Written Blocks":0,"Local Hit Blocks":0,"Local Read Blocks":0,"Local Dirtied Blocks":0,"Local Written Blocks":0,"Temp Read Blocks":0,"Temp Written Blocks":0,"I/O Read Time":0.0,"I/O Write Time":0.0,"Temp I/O Read Time":0.0,"Temp I/O Write Time":0.0}]},{"Node Type":"Hash","Parent Relationship":"Inner","Parallel Aware":false,"Async Capable":false,"Startup Cost":24.04,"Total Cost":24.04,"Plan Rows":2,"Plan Width":4,"Actual Rows":1,"Actual Loops":1,"Output":["nation.n_nationkey"],"Shared Hit Blocks":0,"Shared Read Blocks":0,"Shared Dirtied Blocks":0,"Shared Written Blocks":0,"Local Hit Blocks":0,"Local Read Blocks":0,"Local Dirtied Blocks":0,"Local Written Blocks":0,"Temp Read Blocks":0,"Temp Written Blocks":0,"I/O Read Time":0.0,"I/O Write Time":0.0,"Temp I/O Read Time":0.0,"Temp I/O Write Time":0.0,"Plans":[{"Node Type":"Append","Parent Relationship":"Outer","Parallel Aware":false,"Async Capable":false,"Startup Cost":20.0,"Total Cost":24.04,"Plan Rows":2,"Plan Width":4,"Actual Startup Time":0.029,"Actual Total Time":0.032,"Actual Rows":1,"Actual Loops":1,"Shared Hit Blocks":0,"Shared Read Blocks":0,"Shared Dirtied Blocks":0,"Shared Written Blocks":0,"Local Hit Blocks":0,"Local Read Blocks":0,"Local Dirtied Blocks":0,"Local Written Blocks":0,"Temp Read Blocks":0,"Temp Written Blocks":0,"I/O Read Time":0.0,"I/O Write Time":0.0,"Temp I/O Read Time":0.0,"Temp I/O Write Time":0.0,"Subplans Removed":0,"Plans":[{"Node Type":"Custom Scan","Parent Relationship":"Member","Custom Plan Provider":"columnar scan","Parallel Aware":false,"Async Capable":false,"Relation Name":"nation","Schema":"public","Alias":"nation","Startup Cost":20.0,"Total Cost":20.02,"Plan Rows":1,"Plan Width":4,"Actual Startup Time":0.028,"Actual Total Time":0.028,"Actual Rows":1,"Actual Loops":1,"Output":["nation.n_nationkey"],"Filter":"((nation.n_name)::text = 'France'::text)","Rows Removed by Filter":0,"Rows Removed by Columnar Filter":61,"Columnar cache search mode":"native","Shared Hit Blocks":0,"Shared Read Blocks":0,"Shared Dirtied Blocks":0,"Shared Written Blocks":0,"Local Hit Blocks":0,"Local Read Blocks":0,"Local Dirtied Blocks":0,"Local Written Blocks":0,"Temp Read Blocks":0,"Temp Written Blocks":0,"I/O Read Time":0.0,"I/O Write Time":0.0,"Temp I/O Read Time":0.0,"Temp I/O Write Time":0.0},{"Node Type":"Seq Scan","Parent Relationship":"Member","Parallel Aware":false,"Async Capable":false,"Relation Name":"nation","Schema":"public","Alias":"nation","Startup Cost":0.0,"Total Cost":4.01,"Plan Rows":1,"Plan Width":4,"Actual Startup Time":0.0,"Actual Total Time":0.0,"Actual Rows":0,"Actual Loops":0,"Output":["nation.n_nationkey"],"Filter":"((nation.n_name)::text = 'France'::text)","Rows Removed by Filter":0,"Shared Hit Blocks":0,"Shared Read Blocks":0,"Shared Dirtied Blocks":0,"Shared Written Blocks":0,"Local Hit Blocks":0,"Local Read Blocks":0,"Local Dirtied Blocks":0,"Local Written Blocks":0,"Temp Read Blocks":0,"Temp Written Blocks":0,"I/O Read Time":0.0,"I/O Write Time":0.0,"Temp I/O Read Time":0.0,"Temp I/O Write Time":0.0}]}]}]}]}]}]},"Planning":{"Shared Hit Blocks":19,"Shared Read Blocks":0,"Shared Dirtied Blocks":0,"Shared Written Blocks":0,"Local Hit Blocks":0,"Local Read Blocks":0,"Local Dirtied Blocks":0,"Local Written Blocks":0,"Temp Read Blocks":0,"Temp Written Blocks":0,"I/O Read Time":0.0,"I/O Write Time":0.0,"Temp I/O Read Time":0.0,"Temp I/O Write Time":0.0},"Planning Time":0.584,"Triggers":[],"Execution Time":10379.78}]
[列存组合]: order_line, stock
[{"Plan":{"Node Type":"Sort","Parallel Aware":false,"Async Capable":false,"Startup Cost":738241.52,"Total Cost":738241.72,"Plan Rows":80,"Plan Width":44,"Actual Startup Time":1687.477,"Actual Total Time":1687.487,"Actual Rows":0,"Actual Loops":1,"Output":["supplier.su_name","supplier.su_address"],"Sort Key":["supplier.su_name"],"Sort Method":"quicksort","Sort Space Used":25,"Sort Space Type":"Memory","Shared Hit Blocks":1583,"Shared Read Blocks":0,"Shared Dirtied Blocks":0,"Shared Written Blocks":0,"Local Hit Blocks":0,"Local Read Blocks":0,"Local Dirtied Blocks":0,"Local Written Blocks":0,"Temp Read Blocks":0,"Temp Written Blocks":0,"I/O Read Time":0.0,"I/O Write Time":0.0,"Temp I/O Read Time":0.0,"Temp I/O Write Time":0.0,"Plans":[{"Node Type":"Hash Join","Parent Relationship":"Outer","Parallel Aware":false,"Async Capable":false,"Join Type":"Inner","Startup Cost":738236.21,"Total Cost":738238.99,"Plan Rows":80,"Plan Width":44,"Actual Startup Time":1687.467,"Actual Total Time":1687.476,"Actual Rows":0,"Actual Loops":1,"Output":["supplier.su_name","supplier.su_address"],"Inner Unique":false,"Hash Cond":"((mod((stock.s_i_id * stock.s_w_id), 10000)) = supplier.su_suppkey)","Shared Hit Blocks":1583,"Shared Read Blocks":0,"Shared Dirtied Blocks":0,"Shared Written Blocks":0,"Local Hit Blocks":0,"Local Read Blocks":0,"Local Dirtied Blocks":0,"Local Written Blocks":0,"Temp Read Blocks":0,"Temp Written Blocks":0,"I/O Read Time":0.0,"I/O Write Time":0.0,"Temp I/O Read Time":0.0,"Temp I/O Write Time":0.0,"Plans":[{"Node Type":"Aggregate","Strategy":"Hashed","Partial Mode":"Simple","Parent Relationship":"Outer","Parallel Aware":false,"Async Capable":false,"Startup Cost":737887.37,"Total Cost":737889.37,"Plan Rows":200,"Plan Width":4,"Actual Startup Time":1685.649,"Actual Total Time":1685.656,"Actual Rows":0,"Actual Loops":1,"Output":["(mod((stock.s_i_id * stock.s_w_id), 10000))"],"Group Key":["mod((stock.s_i_id * stock.s_w_id), 10000)"],"Planned Partitions":0,"HashAgg Batches":1,"Peak Memory Usage":40,"Disk Usage":0,"Shared Hit Blocks":1365,"Shared Read Blocks":0,"Shared Dirtied Blocks":0,"Shared Written Blocks":0,"Local Hit Blocks":0,"Local Read Blocks":0,"Local Dirtied Blocks":0,"Local Written Blocks":0,"Temp Read Blocks":0,"Temp Written Blocks":0,"I/O Read Time":0.0,"I/O Write Time":0.0,"Temp I/O Read Time":0.0,"Temp I/O Write Time":0.0,"Plans":[{"Node Type":"Aggregate","Strategy":"Hashed","Partial Mode":"Simple","Parent Relationship":"Outer","Parallel Aware":false,"Async Capable":false,"Startup Cost":731742.97,"Total Cost":737050.68,"Plan Rows":66935,"Plan Width":12,"Actual Startup Time":1685.645,"Actual Total Time":1685.652,"Actual Rows":0,"Actual Loops":1,"Output":["mod((stock.s_i_id * stock.s_w_id), 10000)","stock.s_i_id","stock.s_w_id","stock.s_quantity"],"Group Key":["stock.s_i_id","stock.s_w_id"],"Filter":"((2 * stock.s_quantity) > sum(order_line.ol_quantity))","Planned Partitions":4,"HashAgg Batches":1,"Peak Memory Usage":3601,"Disk Usage":0,"Rows Removed by Filter":5200,"Shared Hit Blocks":1365,"Shared Read Blocks":0,"Shared Dirtied Blocks":0,"Shared Written Blocks":0,"Local Hit Blocks":0,"Local Read Blocks":0,"Local Dirtied Blocks":0,"Local Written Blocks":0,"Temp Read Blocks":0,"Temp Written Blocks":0,"I/O Read Time":0.0,"I/O Write Time":0.0,"Temp I/O Read Time":0.0,"Temp I/O Write Time":0.0,"Plans":[{"Node Type":"Hash Join","Parent Relationship":"Outer","Parallel Aware":false,"Async Capable":false,"Join Type":"Inner","Startup Cost":485189.13,"Total Cost":718376.95,"Plan Rows":200804,"Plan Width":10,"Actual Startup Time":639.36,"Actual Total Time":1611.786,"Actual Rows":499000,"Actual Loops":1,"Output":["stock.s_i_id","stock.s_w_id","stock.s_quantity","order_line.ol_quantity"],"Inner Unique":false,"Hash Cond":"(order_line.ol_i_id = stock.s_i_id)","Shared Hit Blocks":1365,"Shared Read Blocks":0,"Shared Dirtied Blocks":0,"Shared Written Blocks":0,"Local Hit Blocks":0,"Local Read Blocks":0,"Local Dirtied Blocks":0,"Local Written Blocks":0,"Temp Read Blocks":0,"Temp Written Blocks":0,"I/O Read Time":0.0,"I/O Write Time":0.0,"Temp I/O Read Time":0.0,"Temp I/O Write Time":0.0,"Plans":[{"Node Type":"Append","Parent Relationship":"Outer","Parallel Aware":false,"Async Capable":false,"Startup Cost":20.0,"Total Cost":193913.85,"Plan Rows":9942920,"Plan Width":6,"Actual Startup Time":6.531,"Actual Total Time":924.787,"Actual Rows":2495,"Actual Loops":1,"Shared Hit Blocks":0,"Shared Read Blocks":0,"Shared Dirtied Blocks":0,"Shared Written Blocks":0,"Local Hit Blocks":0,"Local Read Blocks":0,"Local Dirtied Blocks":0,"Local Written Blocks":0,"Temp Read Blocks":0,"Temp Written Blocks":0,"I/O Read Time":0.0,"I/O Write Time":0.0,"Temp I/O Read Time":0.0,"Temp I/O Write Time":0.0,"Subplans Removed":0,"Plans":[{"Node Type":"Custom Scan","Parent Relationship":"Member","Custom Plan Provider":"columnar scan","Parallel Aware":false,"Async Capable":false,"Relation Name":"order_line","Schema":"public","Alias":"order_line","Startup Cost":20.0,"Total Cost":193908.91,"Plan Rows":9942910,"Plan Width":6,"Actual Startup Time":6.53,"Actual Total Time":924.544,"Actual Rows":2495,"Actual Loops":1,"Output":["order_line.ol_quantity","order_line.ol_i_id"],"Filter":"((order_line.ol_delivery_d < '1995-04-02 20:10:02.27764'::timestamp without time zone) AND (order_line.ol_delivery_d >= '1994-01-02 20:10:02.27764'::timestamp without time zone))","Rows Removed by Filter":0,"Rows Removed by Columnar Filter":59991266,"Rows Filtered by Bloom Filter":0,"Dictionary Rows Filtered by Bloom Filter":59978198,"Columnar cache search mode":"native","Shared Hit Blocks":0,"Shared Read Blocks":0,"Shared Dirtied Blocks":0,"Shared Written Blocks":0,"Local Hit Blocks":0,"Local Read Blocks":0,"Local Dirtied Blocks":0,"Local Written Blocks":0,"Temp Read Blocks":0,"Temp Written Blocks":0,"I/O Read Time":0.0,"I/O Write Time":0.0,"Temp I/O Read Time":0.0,"Temp I/O Write Time":0.0},{"Node Type":"Seq Scan","Parent Relationship":"Member","Parallel Aware":false,"Async Capable":false,"Relation Name":"order_line","Schema":"public","Alias":"order_line","Startup Cost":0.0,"Total Cost":4.95,"Plan Rows":10,"Plan Width":6,"Actual Startup Time":0.0,"Actual Total Time":0.0,"Actual Rows":0,"Actual Loops":0,"Output":["order_line.ol_quantity","order_line.ol_i_id"],"Filter":"((order_line.ol_delivery_d < '1995-04-02 20:10:02.27764'::timestamp without time zone) AND (order_line.ol_delivery_d >= '1994-01-02 20:10:02.27764'::timestamp without time zone))","Rows Removed by Filter":0,"Shared Hit Blocks":0,"Shared Read Blocks":0,"Shared Dirtied Blocks":0,"Shared Written Blocks":0,"Local Hit Blocks":0,"Local Read Blocks":0,"Local Dirtied Blocks":0,"Local Written Blocks":0,"Temp Read Blocks":0,"Temp Written Blocks":0,"I/O Read Time":0.0,"I/O Write Time":0.0,"Temp I/O Read Time":0.0,"Temp I/O Write Time":0.0}]},{"Node Type":"Hash","Parent Relationship":"Inner","Parallel Aware":false,"Async Capable":false,"Startup Cost":485144.13,"Total Cost":485144.13,"Plan Rows":2000,"Plan Width":12,"Actual Startup Time":632.447,"Actual Total Time":632.452,"Actual Rows":5200,"Actual Loops":1,"Output":["stock.s_i_id","stock.s_w_id","stock.s_quantity","item.i_id"],"Hash Buckets":8192,"Original Hash Buckets":2048,"Hash Batches":1,"Original Hash Batches":1,"Peak Memory Usage":288,"Shared Hit Blocks":1365,"Shared Read Blocks":0,"Shared Dirtied Blocks":0,"Shared Written Blocks":0,"Local Hit Blocks":0,"Local Read Blocks":0,"Local Dirtied Blocks":0,"Local Written Blocks":0,"Temp Read Blocks":0,"Temp Written Blocks":0,"I/O Read Time":0.0,"I/O Write Time":0.0,"Temp I/O Read Time":0.0,"Temp I/O Write Time":0.0,"Plans":[{"Node Type":"Hash Join","Parent Relationship":"Outer","Parallel Aware":false,"Async Capable":false,"Join Type":"Inner","Startup Cost":2635.12,"Total Cost":485144.13,"Plan Rows":2000,"Plan Width":12,"Actual Startup Time":10.814,"Actual Total Time":631.149,"Actual Rows":5200,"Actual Loops":1,"Output":["stock.s_i_id","stock.s_w_id","stock.s_quantity","item.i_id"],"Inner Unique":true,"Hash Cond":"(stock.s_i_id = item.i_id)","Shared Hit Blocks":1365,"Shared Read Blocks":0,"Shared Dirtied Blocks":0,"Shared Written Blocks":0,"Local Hit Blocks":0,"Local Read Blocks":0,"Local Dirtied Blocks":0,"Local Written Blocks":0,"Temp Read Blocks":0,"Temp Written Blocks":0,"I/O Read Time":0.0,"I/O Write Time":0.0,"Temp I/O Read Time":0.0,"Temp I/O Write Time":0.0,"Plans":[{"Node Type":"Append","Parent Relationship":"Outer","Parallel Aware":false,"Async Capable":false,"Startup Cost":20.0,"Total Cost":430026.22,"Plan Rows":20000212,"Plan Width":8,"Actual Startup Time":1.874,"Actual Total Time":620.944,"Actual Rows":5200,"Actual Loops":1,"Shared Hit Blocks":0,"Shared Read Blocks":0,"Shared Dirtied Blocks":0,"Shared Written Blocks":0,"Local Hit Blocks":0,"Local Read Blocks":0,"Local Dirtied Blocks":0,"Local Written Blocks":0,"Temp Read Blocks":0,"Temp Written Blocks":0,"I/O Read Time":0.0,"I/O Write Time":0.0,"Temp I/O Read Time":0.0,"Temp I/O Write Time":0.0,"Subplans Removed":0,"Plans":[{"Node Type":"Custom Scan","Parent Relationship":"Member","Custom Plan Provider":"columnar scan","Parallel Aware":false,"Async Capable":false,"Relation Name":"stock","Schema":"public","Alias":"stock","Startup Cost":20.0,"Total Cost":430020.1,"Plan Rows":20000000,"Plan Width":8,"Actual Startup Time":1.872,"Actual Total Time":620.533,"Actual Rows":5200,"Actual Loops":1,"Output":["stock.s_i_id","stock.s_w_id","stock.s_quantity"],"Rows Removed by Columnar Filter":19994800,"Rows Filtered by Bloom Filter":0,"Dictionary Rows Filtered by Bloom Filter":19994800,"Columnar cache search mode":"native","Shared Hit Blocks":0,"Shared Read Blocks":0,"Shared Dirtied Blocks":0,"Shared Written Blocks":0,"Local Hit Blocks":0,"Local Read Blocks":0,"Local Dirtied Blocks":0,"Local Written Blocks":0,"Temp Read Blocks":0,"Temp Written Blocks":0,"I/O Read Time":0.0,"I/O Write Time":0.0,"Temp I/O Read Time":0.0,"Temp I/O Write Time":0.0},{"Node Type":"Seq Scan","Parent Relationship":"Member","Parallel Aware":false,"Async Capable":false,"Relation Name":"stock","Schema":"public","Alias":"stock","Startup Cost":0.0,"Total Cost":6.12,"Plan Rows":212,"Plan Width":8,"Actual Startup Time":0.0,"Actual Total Time":0.0,"Actual Rows":0,"Actual Loops":0,"Output":["stock.s_i_id","stock.s_w_id","stock.s_quantity"],"Shared Hit Blocks":0,"Shared Read Blocks":0,"Shared Dirtied Blocks":0,"Shared Written Blocks":0,"Local Hit Blocks":0,"Local Read Blocks":0,"Local Dirtied Blocks":0,"Local Written Blocks":0,"Temp Read Blocks":0,"Temp Written Blocks":0,"I/O Read Time":0.0,"I/O Write Time":0.0,"Temp I/O Read Time":0.0,"Temp I/O Write Time":0.0}]},{"Node Type":"Hash","Parent Relationship":"Inner","Parallel Aware":false,"Async Capable":false,"Startup Cost":2615.0,"Total Cost":2615.0,"Plan Rows":10,"Plan Width":4,"Actual Startup Time":8.56,"Actual Total Time":8.56,"Actual Rows":26,"Actual Loops":1,"Output":["item.i_id"],"Hash Buckets":1024,"Original Hash Buckets":1024,"Hash Batches":1,"Original Hash Batches":1,"Peak Memory Usage":9,"Shared Hit Blocks":1365,"Shared Read Blocks":0,"Shared Dirtied Blocks":0,"Shared Written Blocks":0,"Local Hit Blocks":0,"Local Read Blocks":0,"Local Dirtied Blocks":0,"Local Written Blocks":0,"Temp Read Blocks":0,"Temp Written Blocks":0,"I/O Read Time":0.0,"I/O Write Time":0.0,"Temp I/O Read Time":0.0,"Temp I/O Write Time":0.0,"Plans":[{"Node Type":"Seq Scan","Parent Relationship":"Outer","Parallel Aware":false,"Async Capable":false,"Relation Name":"item","Schema":"public","Alias":"item","Startup Cost":0.0,"Total Cost":2615.0,"Plan Rows":10,"Plan Width":4,"Actual Startup Time":0.082,"Actual Total Time":8.543,"Actual Rows":26,"Actual Loops":1,"Output":["item.i_id"],"Filter":"((item.i_data)::text ~~ 'co%'::text)","Rows Removed by Filter":99974,"Shared Hit Blocks":1365,"Shared Read Blocks":0,"Shared Dirtied Blocks":0,"Shared Written Blocks":0,"Local Hit Blocks":0,"Local Read Blocks":0,"Local Dirtied Blocks":0,"Local Written Blocks":0,"Temp Read Blocks":0,"Temp Written Blocks":0,"I/O Read Time":0.0,"I/O Write Time":0.0,"Temp I/O Read Time":0.0,"Temp I/O Write Time":0.0}]}]}]}]}]}]},{"Node Type":"Hash","Parent Relationship":"Inner","Parallel Aware":false,"Async Capable":false,"Startup Cost":346.83,"Total Cost":346.83,"Plan Rows":161,"Plan Width":48,"Actual Startup Time":1.809,"Actual Total Time":1.811,"Actual Rows":164,"Actual Loops":1,"Output":["supplier.su_name","supplier.su_address","supplier.su_suppkey"],"Hash Buckets":1024,"Original Hash Buckets":1024,"Hash Batches":1,"Original Hash Batches":1,"Peak Memory Usage":22,"Shared Hit Blocks":218,"Shared Read Blocks":0,"Shared Dirtied Blocks":0,"Shared Written Blocks":0,"Local Hit Blocks":0,"Local Read Blocks":0,"Local Dirtied Blocks":0,"Local Written Blocks":0,"Temp Read Blocks":0,"Temp Written Blocks":0,"I/O Read Time":0.0,"I/O Write Time":0.0,"Temp I/O Read Time":0.0,"Temp I/O Write Time":0.0,"Plans":[{"Node Type":"Hash Join","Parent Relationship":"Outer","Parallel Aware":false,"Async Capable":false,"Join Type":"Inner","Startup Cost":1.79,"Total Cost":346.83,"Plan Rows":161,"Plan Width":48,"Actual Startup Time":0.039,"Actual Total Time":1.779,"Actual Rows":164,"Actual Loops":1,"Output":["supplier.su_name","supplier.su_address","supplier.su_suppkey"],"Inner Unique":true,"Hash Cond":"(supplier.su_nationkey = nation.n_nationkey)","Shared Hit Blocks":218,"Shared Read Blocks":0,"Shared Dirtied Blocks":0,"Shared Written Blocks":0,"Local Hit Blocks":0,"Local Read Blocks":0,"Local Dirtied Blocks":0,"Local Written Blocks":0,"Temp Read Blocks":0,"Temp Written Blocks":0,"I/O Read Time":0.0,"I/O Write Time":0.0,"Temp I/O Read Time":0.0,"Temp I/O Write Time":0.0,"Plans":[{"Node Type":"Seq Scan","Parent Relationship":"Outer","Parallel Aware":false,"Async Capable":false,"Relation Name":"supplier","Schema":"public","Alias":"supplier","Startup Cost":0.0,"Total Cost":317.0,"Plan Rows":10000,"Plan Width":52,"Actual Startup Time":0.011,"Actual Total Time":0.785,"Actual Rows":10000,"Actual Loops":1,"Output":["supplier.su_suppkey","supplier.su_name","supplier.su_address","supplier.su_nationkey","supplier.su_phone","supplier.su_acctbal","supplier.su_comment"],"Shared Hit Blocks":217,"Shared Read Blocks":0,"Shared Dirtied Blocks":0,"Shared Written Blocks":0,"Local Hit Blocks":0,"Local Read Blocks":0,"Local Dirtied Blocks":0,"Local Written Blocks":0,"Temp Read Blocks":0,"Temp Written Blocks":0,"I/O Read Time":0.0,"I/O Write Time":0.0,"Temp I/O Read Time":0.0,"Temp I/O Write Time":0.0},{"Node Type":"Hash","Parent Relationship":"Inner","Parallel Aware":false,"Async Capable":false,"Startup Cost":1.77,"Total Cost":1.77,"Plan Rows":1,"Plan Width":4,"Actual Startup Time":0.016,"Actual Total Time":0.017,"Actual Rows":1,"Actual Loops":1,"Output":["nation.n_nationkey"],"Hash Buckets":1024,"Original Hash Buckets":1024,"Hash Batches":1,"Original Hash Batches":1,"Peak Memory Usage":9,"Shared Hit Blocks":1,"Shared Read Blocks":0,"Shared Dirtied Blocks":0,"Shared Written Blocks":0,"Local Hit Blocks":0,"Local Read Blocks":0,"Local Dirtied Blocks":0,"Local Written Blocks":0,"Temp Read Blocks":0,"Temp Written Blocks":0,"I/O Read Time":0.0,"I/O Write Time":0.0,"Temp I/O Read Time":0.0,"Temp I/O Write Time":0.0,"Plans":[{"Node Type":"Seq Scan","Parent Relationship":"Outer","Parallel Aware":false,"Async Capable":false,"Relation Name":"nation","Schema":"public","Alias":"nation","Startup Cost":0.0,"Total Cost":1.77,"Plan Rows":1,"Plan Width":4,"Actual Startup Time":0.009,"Actual Total Time":0.013,"Actual Rows":1,"Actual Loops":1,"Output":["nation.n_nationkey"],"Filter":"((nation.n_name)::text = 'France'::text)","Rows Removed by Filter":61,"Shared Hit Blocks":1,"Shared Read Blocks":0,"Shared Dirtied Blocks":0,"Shared Written Blocks":0,"Local Hit Blocks":0,"Local Read Blocks":0,"Local Dirtied Blocks":0,"Local Written Blocks":0,"Temp Read Blocks":0,"Temp Written Blocks":0,"I/O Read Time":0.0,"I/O Write Time":0.0,"Temp I/O Read Time":0.0,"Temp I/O Write Time":0.0}]}]}]}]}]},"Planning":{"Shared Hit Blocks":19,"Shared Read Blocks":0,"Shared Dirtied Blocks":0,"Shared Written Blocks":0,"Local Hit Blocks":0,"Local Read Blocks":0,"Local Dirtied Blocks":0,"Local Written Blocks":0,"Temp Read Blocks":0,"Temp Written Blocks":0,"I/O Read Time":0.0,"I/O Write Time":0.0,"Temp I/O Read Time":0.0,"Temp I/O Write Time":0.0},"Planning Time":1.825,"Triggers":[],"Execution Time":1688.811}]
[列存组合]: order_line, supplier
[{"Plan":{"Node Type":"Sort","Parallel Aware":false,"Async Capable":false,"Startup Cost":1360652.4,"Total Cost":1360652.6,"Plan Rows":80,"Plan Width":44,"Actual Startup Time":5947.012,"Actual Total Time":5947.033,"Actual Rows":0,"Actual Loops":1,"Output":["supplier.su_name","supplier.su_address"],"Sort Key":["supplier.su_name"],"Sort Method":"quicksort","Sort Space Used":25,"Sort Space Type":"Memory","Shared Hit Blocks":834758,"Shared Read Blocks":0,"Shared Dirtied Blocks":0,"Shared Written Blocks":0,"Local Hit Blocks":0,"Local Read Blocks":0,"Local Dirtied Blocks":0,"Local Written Blocks":0,"Temp Read Blocks":1223,"Temp Written Blocks":1232,"I/O Read Time":0.0,"I/O Write Time":0.0,"Temp I/O Read Time":1.842,"Temp I/O Write Time":5.056,"Plans":[{"Node Type":"Hash Join","Parent Relationship":"Outer","Parallel Aware":false,"Async Capable":false,"Join Type":"Inner","Startup Cost":1360647.09,"Total Cost":1360649.87,"Plan Rows":80,"Plan Width":44,"Actual Startup Time":5947.002,"Actual Total Time":5947.023,"Actual Rows":0,"Actual Loops":1,"Output":["supplier.su_name","supplier.su_address"],"Inner Unique":false,"Hash Cond":"((mod((stock.s_i_id * stock.s_w_id), 10000)) = supplier.su_suppkey)","Shared Hit Blocks":834758,"Shared Read Blocks":0,"Shared Dirtied Blocks":0,"Shared Written Blocks":0,"Local Hit Blocks":0,"Local Read Blocks":0,"Local Dirtied Blocks":0,"Local Written Blocks":0,"Temp Read Blocks":1223,"Temp Written Blocks":1232,"I/O Read Time":0.0,"I/O Write Time":0.0,"Temp I/O Read Time":1.842,"Temp I/O Write Time":5.056,"Plans":[{"Node Type":"Aggregate","Strategy":"Hashed","Partial Mode":"Simple","Parent Relationship":"Outer","Parallel Aware":false,"Async Capable":false,"Startup Cost":1360356.24,"Total Cost":1360358.24,"Plan Rows":200,"Plan Width":4,"Actual Startup Time":5946.355,"Actual Total Time":5946.366,"Actual Rows":0,"Actual Loops":1,"Output":["(mod((stock.s_i_id * stock.s_w_id), 10000))"],"Group Key":["mod((stock.s_i_id * stock.s_w_id), 10000)"],"Planned Partitions":0,"HashAgg Batches":1,"Peak Memory Usage":40,"Disk Usage":0,"Shared Hit Blocks":834757,"Shared Read Blocks":0,"Shared Dirtied Blocks":0,"Shared Written Blocks":0,"Local Hit Blocks":0,"Local Read Blocks":0,"Local Dirtied Blocks":0,"Local Written Blocks":0,"Temp Read Blocks":1223,"Temp Written Blocks":1232,"I/O Read Time":0.0,"I/O Write Time":0.0,"Temp I/O Read Time":1.842,"Temp I/O Write Time":5.056,"Plans":[{"Node Type":"Aggregate","Strategy":"Sorted","Partial Mode":"Simple","Parent Relationship":"Outer","Parallel Aware":false,"Async Capable":false,"Startup Cost":1354164.78,"Total Cost":1359519.55,"Plan Rows":66935,"Plan Width":12,"Actual Startup Time":5946.346,"Actual Total Time":5946.357,"Actual Rows":0,"Actual Loops":1,"Output":["mod((stock.s_i_id * stock.s_w_id), 10000)","stock.s_i_id","stock.s_w_id","stock.s_quantity"],"Group Key":["stock.s_i_id","stock.s_w_id"],"Filter":"((2 * stock.s_quantity) > sum(order_line.ol_quantity))","Rows Removed by Filter":5200,"Shared Hit Blocks":834757,"Shared Read Blocks":0,"Shared Dirtied Blocks":0,"Shared Written Blocks":0,"Local Hit Blocks":0,"Local Read Blocks":0,"Local Dirtied Blocks":0,"Local Written Blocks":0,"Temp Read Blocks":1223,"Temp Written Blocks":1232,"I/O Read Time":0.0,"I/O Write Time":0.0,"Temp I/O Read Time":1.842,"Temp I/O Write Time":5.056,"Plans":[{"Node Type":"Sort","Parent Relationship":"Outer","Parallel Aware":false,"Async Capable":false,"Startup Cost":1354164.78,"Total Cost":1354666.79,"Plan Rows":200804,"Plan Width":10,"Actual Startup Time":5849.289,"Actual Total Time":5894.603,"Actual Rows":499000,"Actual Loops":1,"Output":["stock.s_i_id","stock.s_w_id","stock.s_quantity","order_line.ol_quantity"],"Sort Key":["stock.s_i_id","stock.s_w_id"],"Sort Method":"external merge","Sort Space Used":9784,"Sort Space Type":"Disk","Shared Hit Blocks":834757,"Shared Read Blocks":0,"Shared Dirtied Blocks":0,"Shared Written Blocks":0,"Local Hit Blocks":0,"Local Read Blocks":0,"Local Dirtied Blocks":0,"Local Written Blocks":0,"Temp Read Blocks":1223,"Temp Written Blocks":1232,"I/O Read Time":0.0,"I/O Write Time":0.0,"Temp I/O Read Time":1.842,"Temp I/O Write Time":5.056,"Plans":[{"Node Type":"Hash Join","Parent Relationship":"Outer","Parallel Aware":false,"Async Capable":false,"Join Type":"Inner","Startup Cost":222642.67,"Total Cost":1333045.03,"Plan Rows":200804,"Plan Width":10,"Actual Startup Time":885.059,"Actual Total Time":5739.917,"Actual Rows":499000,"Actual Loops":1,"Output":["stock.s_i_id","stock.s_w_id","stock.s_quantity","order_line.ol_quantity"],"Inner Unique":false,"Hash Cond":"(stock.s_i_id = order_line.ol_i_id)","Shared Hit Blocks":834757,"Shared Read Blocks":0,"Shared Dirtied Blocks":0,"Shared Written Blocks":0,"Local Hit Blocks":0,"Local Read Blocks":0,"Local Dirtied Blocks":0,"Local Written Blocks":0,"Temp Read Blocks":0,"Temp Written Blocks":0,"I/O Read Time":0.0,"I/O Write Time":0.0,"Temp I/O Read Time":0.0,"Temp I/O Write Time":0.0,"Plans":[{"Node Type":"Seq Scan","Parent Relationship":"Outer","Parallel Aware":false,"Async Capable":false,"Relation Name":"stock","Schema":"public","Alias":"stock","Startup Cost":0.0,"Total Cost":1033394.12,"Plan Rows":20000212,"Plan Width":8,"Actual Startup Time":0.005,"Actual Total Time":1712.391,"Actual Rows":20000000,"Actual Loops":1,"Output":["stock.s_i_id","stock.s_w_id","stock.s_quantity","stock.s_dist_01","stock.s_dist_02","stock.s_dist_03","stock.s_dist_04","stock.s_dist_05","stock.s_dist_06","stock.s_dist_07","stock.s_dist_08","stock.s_dist_09","stock.s_dist_10","stock.s_ytd","stock.s_order_cnt","stock.s_remote_cnt","stock.s_data"],"Shared Hit Blocks":833392,"Shared Read Blocks":0,"Shared Dirtied Blocks":0,"Shared Written Blocks":0,"Local Hit Blocks":0,"Local Read Blocks":0,"Local Dirtied Blocks":0,"Local Written Blocks":0,"Temp Read Blocks":0,"Temp Written Blocks":0,"I/O Read Time":0.0,"I/O Write Time":0.0,"Temp I/O Read Time":0.0,"Temp I/O Write Time":0.0},{"Node Type":"Hash","Parent Relationship":"Inner","Parallel Aware":false,"Async Capable":false,"Startup Cost":222630.24,"Total Cost":222630.24,"Plan Rows":994,"Plan Width":10,"Actual Startup Time":884.816,"Actual Total Time":884.825,"Actual Rows":2495,"Actual Loops":1,"Output":["order_line.ol_quantity","order_line.ol_i_id","item.i_id"],"Hash Buckets":4096,"Original Hash Buckets":1024,"Hash Batches":1,"Original Hash Batches":1,"Peak Memory Usage":140,"Shared Hit Blocks":1365,"Shared Read Blocks":0,"Shared Dirtied Blocks":0,"Shared Written Blocks":0,"Local Hit Blocks":0,"Local Read Blocks":0,"Local Dirtied Blocks":0,"Local Written Blocks":0,"Temp Read Blocks":0,"Temp Written Blocks":0,"I/O Read Time":0.0,"I/O Write Time":0.0,"Temp I/O Read Time":0.0,"Temp I/O Write Time":0.0,"Plans":[{"Node Type":"Hash Join","Parent Relationship":"Outer","Parallel Aware":false,"Async Capable":false,"Join Type":"Inner","Startup Cost":2635.12,"Total Cost":222630.24,"Plan Rows":994,"Plan Width":10,"Actual Startup Time":14.737,"Actual Total Time":884.339,"Actual Rows":2495,"Actual Loops":1,"Output":["order_line.ol_quantity","order_line.ol_i_id","item.i_id"],"Inner Unique":true,"Hash Cond":"(order_line.ol_i_id = item.i_id)","Shared Hit Blocks":1365,"Shared Read Blocks":0,"Shared Dirtied Blocks":0,"Shared Written Blocks":0,"Local Hit Blocks":0,"Local Read Blocks":0,"Local Dirtied Blocks":0,"Local Written Blocks":0,"Temp Read Blocks":0,"Temp Written Blocks":0,"I/O Read Time":0.0,"I/O Write Time":0.0,"Temp I/O Read Time":0.0,"Temp I/O Write Time":0.0,"Plans":[{"Node Type":"Append","Parent Relationship":"Outer","Parallel Aware":false,"Async Capable":false,"Startup Cost":20.0,"Total Cost":193913.85,"Plan Rows":9942920,"Plan Width":6,"Actual Startup Time":5.568,"Actual Total Time":874.602,"Actual Rows":2495,"Actual Loops":1,"Shared Hit Blocks":0,"Shared Read Blocks":0,"Shared Dirtied Blocks":0,"Shared Written Blocks":0,"Local Hit Blocks":0,"Local Read Blocks":0,"Local Dirtied Blocks":0,"Local Written Blocks":0,"Temp Read Blocks":0,"Temp Written Blocks":0,"I/O Read Time":0.0,"I/O Write Time":0.0,"Temp I/O Read Time":0.0,"Temp I/O Write Time":0.0,"Subplans Removed":0,"Plans":[{"Node Type":"Custom Scan","Parent Relationship":"Member","Custom Plan Provider":"columnar scan","Parallel Aware":false,"Async Capable":false,"Relation Name":"order_line","Schema":"public","Alias":"order_line","Startup Cost":20.0,"Total Cost":193908.91,"Plan Rows":9942910,"Plan Width":6,"Actual Startup Time":5.567,"Actual Total Time":874.379,"Actual Rows":2495,"Actual Loops":1,"Output":["order_line.ol_quantity","order_line.ol_i_id"],"Filter":"((order_line.ol_delivery_d < '1995-04-02 20:10:02.27764'::timestamp without time zone) AND (order_line.ol_delivery_d >= '1994-01-02 20:10:02.27764'::timestamp without time zone))","Rows Removed by Filter":0,"Rows Removed by Columnar Filter":59991266,"Rows Filtered by Bloom Filter":0,"Dictionary Rows Filtered by Bloom Filter":59978198,"Columnar cache search mode":"native","Shared Hit Blocks":0,"Shared Read Blocks":0,"Shared Dirtied Blocks":0,"Shared Written Blocks":0,"Local Hit Blocks":0,"Local Read Blocks":0,"Local Dirtied Blocks":0,"Local Written Blocks":0,"Temp Read Blocks":0,"Temp Written Blocks":0,"I/O Read Time":0.0,"I/O Write Time":0.0,"Temp I/O Read Time":0.0,"Temp I/O Write Time":0.0},{"Node Type":"Seq Scan","Parent Relationship":"Member","Parallel Aware":false,"Async Capable":false,"Relation Name":"order_line","Schema":"public","Alias":"order_line","Startup Cost":0.0,"Total Cost":4.95,"Plan Rows":10,"Plan Width":6,"Actual Startup Time":0.0,"Actual Total Time":0.0,"Actual Rows":0,"Actual Loops":0,"Output":["order_line.ol_quantity","order_line.ol_i_id"],"Filter":"((order_line.ol_delivery_d < '1995-04-02 20:10:02.27764'::timestamp without time zone) AND (order_line.ol_delivery_d >= '1994-01-02 20:10:02.27764'::timestamp without time zone))","Rows Removed by Filter":0,"Shared Hit Blocks":0,"Shared Read Blocks":0,"Shared Dirtied Blocks":0,"Shared Written Blocks":0,"Local Hit Blocks":0,"Local Read Blocks":0,"Local Dirtied Blocks":0,"Local Written Blocks":0,"Temp Read Blocks":0,"Temp Written Blocks":0,"I/O Read Time":0.0,"I/O Write Time":0.0,"Temp I/O Read Time":0.0,"Temp I/O Write Time":0.0}]},{"Node Type":"Hash","Parent Relationship":"Inner","Parallel Aware":false,"Async Capable":false,"Startup Cost":2615.0,"Total Cost":2615.0,"Plan Rows":10,"Plan Width":4,"Actual Startup Time":8.814,"Actual Total Time":8.815,"Actual Rows":26,"Actual Loops":1,"Output":["item.i_id"],"Hash Buckets":1024,"Original Hash Buckets":1024,"Hash Batches":1,"Original Hash Batches":1,"Peak Memory Usage":9,"Shared Hit Blocks":1365,"Shared Read Blocks":0,"Shared Dirtied Blocks":0,"Shared Written Blocks":0,"Local Hit Blocks":0,"Local Read Blocks":0,"Local Dirtied Blocks":0,"Local Written Blocks":0,"Temp Read Blocks":0,"Temp Written Blocks":0,"I/O Read Time":0.0,"I/O Write Time":0.0,"Temp I/O Read Time":0.0,"Temp I/O Write Time":0.0,"Plans":[{"Node Type":"Seq Scan","Parent Relationship":"Outer","Parallel Aware":false,"Async Capable":false,"Relation Name":"item","Schema":"public","Alias":"item","Startup Cost":0.0,"Total Cost":2615.0,"Plan Rows":10,"Plan Width":4,"Actual Startup Time":0.081,"Actual Total Time":8.801,"Actual Rows":26,"Actual Loops":1,"Output":["item.i_id"],"Filter":"((item.i_data)::text ~~ 'co%'::text)","Rows Removed by Filter":99974,"Shared Hit Blocks":1365,"Shared Read Blocks":0,"Shared Dirtied Blocks":0,"Shared Written Blocks":0,"Local Hit Blocks":0,"Local Read Blocks":0,"Local Dirtied Blocks":0,"Local Written Blocks":0,"Temp Read Blocks":0,"Temp Written Blocks":0,"I/O Read Time":0.0,"I/O Write Time":0.0,"Temp I/O Read Time":0.0,"Temp I/O Write Time":0.0}]}]}]}]}]}]}]},{"Node Type":"Hash","Parent Relationship":"Inner","Parallel Aware":false,"Async Capable":false,"Startup Cost":288.84,"Total Cost":288.84,"Plan Rows":161,"Plan Width":48,"Actual Startup Time":0.638,"Actual Total Time":0.647,"Actual Rows":164,"Actual Loops":1,"Output":["supplier.su_name","supplier.su_address","supplier.su_suppkey"],"Hash Buckets":1024,"Original Hash Buckets":1024,"Hash Batches":1,"Original Hash Batches":1,"Peak Memory Usage":22,"Shared Hit Blocks":1,"Shared Read Blocks":0,"Shared Dirtied Blocks":0,"Shared Written Blocks":0,"Local Hit Blocks":0,"Local Read Blocks":0,"Local Dirtied Blocks":0,"Local Written Blocks":0,"Temp Read Blocks":0,"Temp Written Blocks":0,"I/O Read Time":0.0,"I/O Write Time":0.0,"Temp I/O Read Time":0.0,"Temp I/O Write Time":0.0,"Plans":[{"Node Type":"Hash Join","Parent Relationship":"Outer","Parallel Aware":false,"Async Capable":false,"Join Type":"Inner","Startup Cost":21.79,"Total Cost":288.84,"Plan Rows":161,"Plan Width":48,"Actual Startup Time":0.483,"Actual Total Time":0.604,"Actual Rows":164,"Actual Loops":1,"Output":["supplier.su_name","supplier.su_address","supplier.su_suppkey"],"Inner Unique":true,"Hash Cond":"(supplier.su_nationkey = nation.n_nationkey)","Shared Hit Blocks":1,"Shared Read Blocks":0,"Shared Dirtied Blocks":0,"Shared Written Blocks":0,"Local Hit Blocks":0,"Local Read Blocks":0,"Local Dirtied Blocks":0,"Local Written Blocks":0,"Temp Read Blocks":0,"Temp Written Blocks":0,"I/O Read Time":0.0,"I/O Write Time":0.0,"Temp I/O Read Time":0.0,"Temp I/O Write Time":0.0,"Plans":[{"Node Type":"Append","Parent Relationship":"Outer","Parallel Aware":false,"Async Capable":false,"Startup Cost":20.0,"Total Cost":259.01,"Plan Rows":10001,"Plan Width":52,"Actual Startup Time":0.062,"Actual Total Time":0.149,"Actual Rows":164,"Actual Loops":1,"Shared Hit Blocks":0,"Shared Read Blocks":0,"Shared Dirtied Blocks":0,"Shared Written Blocks":0,"Local Hit Blocks":0,"Local Read Blocks":0,"Local Dirtied Blocks":0,"Local Written Blocks":0,"Temp Read Blocks":0,"Temp Written Blocks":0,"I/O Read Time":0.0,"I/O Write Time":0.0,"Temp I/O Read Time":0.0,"Temp I/O Write Time":0.0,"Subplans Removed":0,"Plans":[{"Node Type":"Custom Scan","Parent Relationship":"Member","Custom Plan Provider":"columnar scan","Parallel Aware":false,"Async Capable":false,"Relation Name":"supplier","Schema":"public","Alias":"supplier","Startup Cost":20.0,"Total Cost":255.0,"Plan Rows":10000,"Plan Width":52,"Actual Startup Time":0.06,"Actual Total Time":0.133,"Actual Rows":164,"Actual Loops":1,"Output":["supplier.su_name","supplier.su_address","supplier.su_nationkey","supplier.su_suppkey"],"Rows Removed by Columnar Filter":9836,"Rows Filtered by Bloom Filter":0,"Dictionary Rows Filtered by Bloom Filter":9836,"Columnar cache search mode":"native","Shared Hit Blocks":0,"Shared Read Blocks":0,"Shared Dirtied Blocks":0,"Shared Written Blocks":0,"Local Hit Blocks":0,"Local Read Blocks":0,"Local Dirtied Blocks":0,"Local Written Blocks":0,"Temp Read Blocks":0,"Temp Written Blocks":0,"I/O Read Time":0.0,"I/O Write Time":0.0,"Temp I/O Read Time":0.0,"Temp I/O Write Time":0.0},{"Node Type":"Seq Scan","Parent Relationship":"Member","Parallel Aware":false,"Async Capable":false,"Relation Name":"supplier","Schema":"public","Alias":"supplier","Startup Cost":0.0,"Total Cost":4.01,"Plan Rows":1,"Plan Width":52,"Actual Startup Time":0.0,"Actual Total Time":0.0,"Actual Rows":0,"Actual Loops":0,"Output":["supplier.su_name","supplier.su_address","supplier.su_nationkey","supplier.su_suppkey"],"Shared Hit Blocks":0,"Shared Read Blocks":0,"Shared Dirtied Blocks":0,"Shared Written Blocks":0,"Local Hit Blocks":0,"Local Read Blocks":0,"Local Dirtied Blocks":0,"Local Written Blocks":0,"Temp Read Blocks":0,"Temp Written Blocks":0,"I/O Read Time":0.0,"I/O Write Time":0.0,"Temp I/O Read Time":0.0,"Temp I/O Write Time":0.0}]},{"Node Type":"Hash","Parent Relationship":"Inner","Parallel Aware":false,"Async Capable":false,"Startup Cost":1.77,"Total Cost":1.77,"Plan Rows":1,"Plan Width":4,"Actual Startup Time":0.089,"Actual Total Time":0.091,"Actual Rows":1,"Actual Loops":1,"Output":["nation.n_nationkey"],"Hash Buckets":1024,"Original Hash Buckets":1024,"Hash Batches":1,"Original Hash Batches":1,"Peak Memory Usage":9,"Shared Hit Blocks":1,"Shared Read Blocks":0,"Shared Dirtied Blocks":0,"Shared Written Blocks":0,"Local Hit Blocks":0,"Local Read Blocks":0,"Local Dirtied Blocks":0,"Local Written Blocks":0,"Temp Read Blocks":0,"Temp Written Blocks":0,"I/O Read Time":0.0,"I/O Write Time":0.0,"Temp I/O Read Time":0.0,"Temp I/O Write Time":0.0,"Plans":[{"Node Type":"Seq Scan","Parent Relationship":"Outer","Parallel Aware":false,"Async Capable":false,"Relation Name":"nation","Schema":"public","Alias":"nation","Startup Cost":0.0,"Total Cost":1.77,"Plan Rows":1,"Plan Width":4,"Actual Startup Time":0.079,"Actual Total Time":0.085,"Actual Rows":1,"Actual Loops":1,"Output":["nation.n_nationkey"],"Filter":"((nation.n_name)::text = 'France'::text)","Rows Removed by Filter":61,"Shared Hit Blocks":1,"Shared Read Blocks":0,"Shared Dirtied Blocks":0,"Shared Written Blocks":0,"Local Hit Blocks":0,"Local Read Blocks":0,"Local Dirtied Blocks":0,"Local Written Blocks":0,"Temp Read Blocks":0,"Temp Written Blocks":0,"I/O Read Time":0.0,"I/O Write Time":0.0,"Temp I/O Read Time":0.0,"Temp I/O Write Time":0.0}]}]}]}]}]},"Planning":{"Shared Hit Blocks":19,"Shared Read Blocks":0,"Shared Dirtied Blocks":0,"Shared Written Blocks":0,"Local Hit Blocks":0,"Local Read Blocks":0,"Local Dirtied Blocks":0,"Local Written Blocks":0,"Temp Read Blocks":0,"Temp Written Blocks":0,"I/O Read Time":0.0,"I/O Write Time":0.0,"Temp I/O Read Time":0.0,"Temp I/O Write Time":0.0},"Planning Time":1.11,"Triggers":[],"Execution Time":5948.94}]
[列存组合]: stock, supplier
[{"Plan":{"Node Type":"Sort","Parallel Aware":false,"Async Capable":false,"Startup Cost":2133725.83,"Total Cost":2133726.03,"Plan Rows":80,"Plan Width":44,"Actual Startup Time":6239.195,"Actual Total Time":6239.218,"Actual Rows":0,"Actual Loops":1,"Output":["supplier.su_name","supplier.su_address"],"Sort Key":["supplier.su_name"],"Sort Method":"quicksort","Sort Space Used":25,"Sort Space Type":"Memory","Shared Hit Blocks":683114,"Shared Read Blocks":0,"Shared Dirtied Blocks":0,"Shared Written Blocks":0,"Local Hit Blocks":0,"Local Read Blocks":0,"Local Dirtied Blocks":0,"Local Written Blocks":0,"Temp Read Blocks":1223,"Temp Written Blocks":1232,"I/O Read Time":0.0,"I/O Write Time":0.0,"Temp I/O Read Time":1.921,"Temp I/O Write Time":5.016,"Plans":[{"Node Type":"Hash Join","Parent Relationship":"Outer","Parallel Aware":false,"Async Capable":false,"Join Type":"Inner","Startup Cost":2133720.52,"Total Cost":2133723.3,"Plan Rows":80,"Plan Width":44,"Actual Startup Time":6239.187,"Actual Total Time":6239.209,"Actual Rows":0,"Actual Loops":1,"Output":["supplier.su_name","supplier.su_address"],"Inner Unique":false,"Hash Cond":"((mod((stock.s_i_id * stock.s_w_id), 10000)) = supplier.su_suppkey)","Shared Hit Blocks":683114,"Shared Read Blocks":0,"Shared Dirtied Blocks":0,"Shared Written Blocks":0,"Local Hit Blocks":0,"Local Read Blocks":0,"Local Dirtied Blocks":0,"Local Written Blocks":0,"Temp Read Blocks":1223,"Temp Written Blocks":1232,"I/O Read Time":0.0,"I/O Write Time":0.0,"Temp I/O Read Time":1.921,"Temp I/O Write Time":5.016,"Plans":[{"Node Type":"Aggregate","Strategy":"Hashed","Partial Mode":"Simple","Parent Relationship":"Outer","Parallel Aware":false,"Async Capable":false,"Startup Cost":2133429.66,"Total Cost":2133431.66,"Plan Rows":200,"Plan Width":4,"Actual Startup Time":6238.555,"Actual Total Time":6238.567,"Actual Rows":0,"Actual Loops":1,"Output":["(mod((stock.s_i_id * stock.s_w_id), 10000))"],"Group Key":["mod((stock.s_i_id * stock.s_w_id), 10000)"],"Planned Partitions":0,"HashAgg Batches":1,"Peak Memory Usage":40,"Disk Usage":0,"Shared Hit Blocks":683113,"Shared Read Blocks":0,"Shared Dirtied Blocks":0,"Shared Written Blocks":0,"Local Hit Blocks":0,"Local Read Blocks":0,"Local Dirtied Blocks":0,"Local Written Blocks":0,"Temp Read Blocks":1223,"Temp Written Blocks":1232,"I/O Read Time":0.0,"I/O Write Time":0.0,"Temp I/O Read Time":1.921,"Temp I/O Write Time":5.016,"Plans":[{"Node Type":"Aggregate","Strategy":"Sorted","Partial Mode":"Simple","Parent Relationship":"Outer","Parallel Aware":false,"Async Capable":false,"Startup Cost":2127238.2,"Total Cost":2132592.98,"Plan Rows":66935,"Plan Width":12,"Actual Startup Time":6238.547,"Actual Total Time":6238.559,"Actual Rows":0,"Actual Loops":1,"Output":["mod((stock.s_i_id * stock.s_w_id), 10000)","stock.s_i_id","stock.s_w_id","stock.s_quantity"],"Group Key":["stock.s_i_id","stock.s_w_id"],"Filter":"((2 * stock.s_quantity) > sum(order_line.ol_quantity))","Rows Removed by Filter":5200,"Shared Hit Blocks":683113,"Shared Read Blocks":0,"Shared Dirtied Blocks":0,"Shared Written Blocks":0,"Local Hit Blocks":0,"Local Read Blocks":0,"Local Dirtied Blocks":0,"Local Written Blocks":0,"Temp Read Blocks":1223,"Temp Written Blocks":1232,"I/O Read Time":0.0,"I/O Write Time":0.0,"Temp I/O Read Time":1.921,"Temp I/O Write Time":5.016,"Plans":[{"Node Type":"Sort","Parent Relationship":"Outer","Parallel Aware":false,"Async Capable":false,"Startup Cost":2127238.2,"Total Cost":2127740.21,"Plan Rows":200804,"Plan Width":10,"Actual Startup Time":6135.701,"Actual Total Time":6186.17,"Actual Rows":499000,"Actual Loops":1,"Output":["stock.s_i_id","stock.s_w_id","stock.s_quantity","order_line.ol_quantity"],"Sort Key":["stock.s_i_id","stock.s_w_id"],"Sort Method":"external merge","Sort Space Used":9784,"Sort Space Type":"Disk","Shared Hit Blocks":683113,"Shared Read Blocks":0,"Shared Dirtied Blocks":0,"Shared Written Blocks":0,"Local Hit Blocks":0,"Local Read Blocks":0,"Local Dirtied Blocks":0,"Local Written Blocks":0,"Temp Read Blocks":1223,"Temp Written Blocks":1232,"I/O Read Time":0.0,"I/O Write Time":0.0,"Temp I/O Read Time":1.921,"Temp I/O Write Time":5.016,"Plans":[{"Node Type":"Hash Join","Parent Relationship":"Outer","Parallel Aware":false,"Async Capable":false,"Join Type":"Inner","Startup Cost":485169.13,"Total Cost":2106118.46,"Plan Rows":200804,"Plan Width":10,"Actual Startup Time":578.979,"Actual Total Time":5970.73,"Actual Rows":499000,"Actual Loops":1,"Output":["stock.s_i_id","stock.s_w_id","stock.s_quantity","order_line.ol_quantity"],"Inner Unique":false,"Hash Cond":"(order_line.ol_i_id = stock.s_i_id)","Shared Hit Blocks":683113,"Shared Read Blocks":0,"Shared Dirtied Blocks":0,"Shared Written Blocks":0,"Local Hit Blocks":0,"Local Read Blocks":0,"Local Dirtied Blocks":0,"Local Written Blocks":0,"Temp Read Blocks":0,"Temp Written Blocks":0,"I/O Read Time":0.0,"I/O Write Time":0.0,"Temp I/O Read Time":0.0,"Temp I/O Write Time":0.0,"Plans":[{"Node Type":"Seq Scan","Parent Relationship":"Outer","Parallel Aware":false,"Async Capable":false,"Relation Name":"order_line","Schema":"public","Alias":"order_line","Startup Cost":0.0,"Total Cost":1581655.36,"Plan Rows":9942920,"Plan Width":6,"Actual Startup Time":0.007,"Actual Total Time":4627.201,"Actual Rows":9885180,"Actual Loops":1,"Output":["order_line.ol_o_id","order_line.ol_d_id","order_line.ol_w_id","order_line.ol_number","order_line.ol_i_id","order_line.ol_supply_w_id","order_line.ol_delivery_d","order_line.ol_quantity","order_line.ol_amount","order_line.ol_dist_info"],"Filter":"((order_line.ol_delivery_d >= '1994-01-02 20:10:02.27764'::timestamp without time zone) AND (order_line.ol_delivery_d < '1995-04-02 20:10:02.27764'::timestamp without time zone))","Rows Removed by Filter":50108581,"Shared Hit Blocks":681748,"Shared Read Blocks":0,"Shared Dirtied Blocks":0,"Shared Written Blocks":0,"Local Hit Blocks":0,"Local Read Blocks":0,"Local Dirtied Blocks":0,"Local Written Blocks":0,"Temp Read Blocks":0,"Temp Written Blocks":0,"I/O Read Time":0.0,"I/O Write Time":0.0,"Temp I/O Read Time":0.0,"Temp I/O Write Time":0.0},{"Node Type":"Hash","Parent Relationship":"Inner","Parallel Aware":false,"Async Capable":false,"Startup Cost":485144.13,"Total Cost":485144.13,"Plan Rows":2000,"Plan Width":12,"Actual Startup Time":577.898,"Actual Total Time":577.909,"Actual Rows":5200,"Actual Loops":1,"Output":["stock.s_i_id","stock.s_w_id","stock.s_quantity","item.i_id"],"Hash Buckets":8192,"Original Hash Buckets":2048,"Hash Batches":1,"Original Hash Batches":1,"Peak Memory Usage":288,"Shared Hit Blocks":1365,"Shared Read Blocks":0,"Shared Dirtied Blocks":0,"Shared Written Blocks":0,"Local Hit Blocks":0,"Local Read Blocks":0,"Local Dirtied Blocks":0,"Local Written Blocks":0,"Temp Read Blocks":0,"Temp Written Blocks":0,"I/O Read Time":0.0,"I/O Write Time":0.0,"Temp I/O Read Time":0.0,"Temp I/O Write Time":0.0,"Plans":[{"Node Type":"Hash Join","Parent Relationship":"Outer","Parallel Aware":false,"Async Capable":false,"Join Type":"Inner","Startup Cost":2635.12,"Total Cost":485144.13,"Plan Rows":2000,"Plan Width":12,"Actual Startup Time":10.651,"Actual Total Time":576.978,"Actual Rows":5200,"Actual Loops":1,"Output":["stock.s_i_id","stock.s_w_id","stock.s_quantity","item.i_id"],"Inner Unique":true,"Hash Cond":"(stock.s_i_id = item.i_id)","Shared Hit Blocks":1365,"Shared Read Blocks":0,"Shared Dirtied Blocks":0,"Shared Written Blocks":0,"Local Hit Blocks":0,"Local Read Blocks":0,"Local Dirtied Blocks":0,"Local Written Blocks":0,"Temp Read Blocks":0,"Temp Written Blocks":0,"I/O Read Time":0.0,"I/O Write Time":0.0,"Temp I/O Read Time":0.0,"Temp I/O Write Time":0.0,"Plans":[{"Node Type":"Append","Parent Relationship":"Outer","Parallel Aware":false,"Async Capable":false,"Startup Cost":20.0,"Total Cost":430026.22,"Plan Rows":20000212,"Plan Width":8,"Actual Startup Time":1.548,"Actual Total Time":566.77,"Actual Rows":5200,"Actual Loops":1,"Shared Hit Blocks":0,"Shared Read Blocks":0,"Shared Dirtied Blocks":0,"Shared Written Blocks":0,"Local Hit Blocks":0,"Local Read Blocks":0,"Local Dirtied Blocks":0,"Local Written Blocks":0,"Temp Read Blocks":0,"Temp Written Blocks":0,"I/O Read Time":0.0,"I/O Write Time":0.0,"Temp I/O Read Time":0.0,"Temp I/O Write Time":0.0,"Subplans Removed":0,"Plans":[{"Node Type":"Custom Scan","Parent Relationship":"Member","Custom Plan Provider":"columnar scan","Parallel Aware":false,"Async Capable":false,"Relation Name":"stock","Schema":"public","Alias":"stock","Startup Cost":20.0,"Total Cost":430020.1,"Plan Rows":20000000,"Plan Width":8,"Actual Startup Time":1.548,"Actual Total Time":566.361,"Actual Rows":5200,"Actual Loops":1,"Output":["stock.s_i_id","stock.s_w_id","stock.s_quantity"],"Rows Removed by Columnar Filter":19994800,"Rows Filtered by Bloom Filter":0,"Dictionary Rows Filtered by Bloom Filter":19994800,"Columnar cache search mode":"native","Shared Hit Blocks":0,"Shared Read Blocks":0,"Shared Dirtied Blocks":0,"Shared Written Blocks":0,"Local Hit Blocks":0,"Local Read Blocks":0,"Local Dirtied Blocks":0,"Local Written Blocks":0,"Temp Read Blocks":0,"Temp Written Blocks":0,"I/O Read Time":0.0,"I/O Write Time":0.0,"Temp I/O Read Time":0.0,"Temp I/O Write Time":0.0},{"Node Type":"Seq Scan","Parent Relationship":"Member","Parallel Aware":false,"Async Capable":false,"Relation Name":"stock","Schema":"public","Alias":"stock","Startup Cost":0.0,"Total Cost":6.12,"Plan Rows":212,"Plan Width":8,"Actual Startup Time":0.0,"Actual Total Time":0.0,"Actual Rows":0,"Actual Loops":0,"Output":["stock.s_i_id","stock.s_w_id","stock.s_quantity"],"Shared Hit Blocks":0,"Shared Read Blocks":0,"Shared Dirtied Blocks":0,"Shared Written Blocks":0,"Local Hit Blocks":0,"Local Read Blocks":0,"Local Dirtied Blocks":0,"Local Written Blocks":0,"Temp Read Blocks":0,"Temp Written Blocks":0,"I/O Read Time":0.0,"I/O Write Time":0.0,"Temp I/O Read Time":0.0,"Temp I/O Write Time":0.0}]},{"Node Type":"Hash","Parent Relationship":"Inner","Parallel Aware":false,"Async Capable":false,"Startup Cost":2615.0,"Total Cost":2615.0,"Plan Rows":10,"Plan Width":4,"Actual Startup Time":8.741,"Actual Total Time":8.744,"Actual Rows":26,"Actual Loops":1,"Output":["item.i_id"],"Hash Buckets":1024,"Original Hash Buckets":1024,"Hash Batches":1,"Original Hash Batches":1,"Peak Memory Usage":9,"Shared Hit Blocks":1365,"Shared Read Blocks":0,"Shared Dirtied Blocks":0,"Shared Written Blocks":0,"Local Hit Blocks":0,"Local Read Blocks":0,"Local Dirtied Blocks":0,"Local Written Blocks":0,"Temp Read Blocks":0,"Temp Written Blocks":0,"I/O Read Time":0.0,"I/O Write Time":0.0,"Temp I/O Read Time":0.0,"Temp I/O Write Time":0.0,"Plans":[{"Node Type":"Seq Scan","Parent Relationship":"Outer","Parallel Aware":false,"Async Capable":false,"Relation Name":"item","Schema":"public","Alias":"item","Startup Cost":0.0,"Total Cost":2615.0,"Plan Rows":10,"Plan Width":4,"Actual Startup Time":0.081,"Actual Total Time":8.728,"Actual Rows":26,"Actual Loops":1,"Output":["item.i_id"],"Filter":"((item.i_data)::text ~~ 'co%'::text)","Rows Removed by Filter":99974,"Shared Hit Blocks":1365,"Shared Read Blocks":0,"Shared Dirtied Blocks":0,"Shared Written Blocks":0,"Local Hit Blocks":0,"Local Read Blocks":0,"Local Dirtied Blocks":0,"Local Written Blocks":0,"Temp Read Blocks":0,"Temp Written Blocks":0,"I/O Read Time":0.0,"I/O Write Time":0.0,"Temp I/O Read Time":0.0,"Temp I/O Write Time":0.0}]}]}]}]}]}]}]},{"Node Type":"Hash","Parent Relationship":"Inner","Parallel Aware":false,"Async Capable":false,"Startup Cost":288.84,"Total Cost":288.84,"Plan Rows":161,"Plan Width":48,"Actual Startup Time":0.623,"Actual Total Time":0.632,"Actual Rows":164,"Actual Loops":1,"Output":["supplier.su_name","supplier.su_address","supplier.su_suppkey"],"Hash Buckets":1024,"Original Hash Buckets":1024,"Hash Batches":1,"Original Hash Batches":1,"Peak Memory Usage":22,"Shared Hit Blocks":1,"Shared Read Blocks":0,"Shared Dirtied Blocks":0,"Shared Written Blocks":0,"Local Hit Blocks":0,"Local Read Blocks":0,"Local Dirtied Blocks":0,"Local Written Blocks":0,"Temp Read Blocks":0,"Temp Written Blocks":0,"I/O Read Time":0.0,"I/O Write Time":0.0,"Temp I/O Read Time":0.0,"Temp I/O Write Time":0.0,"Plans":[{"Node Type":"Hash Join","Parent Relationship":"Outer","Parallel Aware":false,"Async Capable":false,"Join Type":"Inner","Startup Cost":21.79,"Total Cost":288.84,"Plan Rows":161,"Plan Width":48,"Actual Startup Time":0.458,"Actual Total Time":0.576,"Actual Rows":164,"Actual Loops":1,"Output":["supplier.su_name","supplier.su_address","supplier.su_suppkey"],"Inner Unique":true,"Hash Cond":"(supplier.su_nationkey = nation.n_nationkey)","Shared Hit Blocks":1,"Shared Read Blocks":0,"Shared Dirtied Blocks":0,"Shared Written Blocks":0,"Local Hit Blocks":0,"Local Read Blocks":0,"Local Dirtied Blocks":0,"Local Written Blocks":0,"Temp Read Blocks":0,"Temp Written Blocks":0,"I/O Read Time":0.0,"I/O Write Time":0.0,"Temp I/O Read Time":0.0,"Temp I/O Write Time":0.0,"Plans":[{"Node Type":"Append","Parent Relationship":"Outer","Parallel Aware":false,"Async Capable":false,"Startup Cost":20.0,"Total Cost":259.01,"Plan Rows":10001,"Plan Width":52,"Actual Startup Time":0.064,"Actual Total Time":0.148,"Actual Rows":164,"Actual Loops":1,"Shared Hit Blocks":0,"Shared Read Blocks":0,"Shared Dirtied Blocks":0,"Shared Written Blocks":0,"Local Hit Blocks":0,"Local Read Blocks":0,"Local Dirtied Blocks":0,"Local Written Blocks":0,"Temp Read Blocks":0,"Temp Written Blocks":0,"I/O Read Time":0.0,"I/O Write Time":0.0,"Temp I/O Read Time":0.0,"Temp I/O Write Time":0.0,"Subplans Removed":0,"Plans":[{"Node Type":"Custom Scan","Parent Relationship":"Member","Custom Plan Provider":"columnar scan","Parallel Aware":false,"Async Capable":false,"Relation Name":"supplier","Schema":"public","Alias":"supplier","Startup Cost":20.0,"Total Cost":255.0,"Plan Rows":10000,"Plan Width":52,"Actual Startup Time":0.063,"Actual Total Time":0.132,"Actual Rows":164,"Actual Loops":1,"Output":["supplier.su_name","supplier.su_address","supplier.su_nationkey","supplier.su_suppkey"],"Rows Removed by Columnar Filter":9836,"Rows Filtered by Bloom Filter":0,"Dictionary Rows Filtered by Bloom Filter":9836,"Columnar cache search mode":"native","Shared Hit Blocks":0,"Shared Read Blocks":0,"Shared Dirtied Blocks":0,"Shared Written Blocks":0,"Local Hit Blocks":0,"Local Read Blocks":0,"Local Dirtied Blocks":0,"Local Written Blocks":0,"Temp Read Blocks":0,"Temp Written Blocks":0,"I/O Read Time":0.0,"I/O Write Time":0.0,"Temp I/O Read Time":0.0,"Temp I/O Write Time":0.0},{"Node Type":"Seq Scan","Parent Relationship":"Member","Parallel Aware":false,"Async Capable":false,"Relation Name":"supplier","Schema":"public","Alias":"supplier","Startup Cost":0.0,"Total Cost":4.01,"Plan Rows":1,"Plan Width":52,"Actual Startup Time":0.0,"Actual Total Time":0.0,"Actual Rows":0,"Actual Loops":0,"Output":["supplier.su_name","supplier.su_address","supplier.su_nationkey","supplier.su_suppkey"],"Shared Hit Blocks":0,"Shared Read Blocks":0,"Shared Dirtied Blocks":0,"Shared Written Blocks":0,"Local Hit Blocks":0,"Local Read Blocks":0,"Local Dirtied Blocks":0,"Local Written Blocks":0,"Temp Read Blocks":0,"Temp Written Blocks":0,"I/O Read Time":0.0,"I/O Write Time":0.0,"Temp I/O Read Time":0.0,"Temp I/O Write Time":0.0}]},{"Node Type":"Hash","Parent Relationship":"Inner","Parallel Aware":false,"Async Capable":false,"Startup Cost":1.77,"Total Cost":1.77,"Plan Rows":1,"Plan Width":4,"Actual Startup Time":0.023,"Actual Total Time":0.025,"Actual Rows":1,"Actual Loops":1,"Output":["nation.n_nationkey"],"Hash Buckets":1024,"Original Hash Buckets":1024,"Hash Batches":1,"Original Hash Batches":1,"Peak Memory Usage":9,"Shared Hit Blocks":1,"Shared Read Blocks":0,"Shared Dirtied Blocks":0,"Shared Written Blocks":0,"Local Hit Blocks":0,"Local Read Blocks":0,"Local Dirtied Blocks":0,"Local Written Blocks":0,"Temp Read Blocks":0,"Temp Written Blocks":0,"I/O Read Time":0.0,"I/O Write Time":0.0,"Temp I/O Read Time":0.0,"Temp I/O Write Time":0.0,"Plans":[{"Node Type":"Seq Scan","Parent Relationship":"Outer","Parallel Aware":false,"Async Capable":false,"Relation Name":"nation","Schema":"public","Alias":"nation","Startup Cost":0.0,"Total Cost":1.77,"Plan Rows":1,"Plan Width":4,"Actual Startup Time":0.012,"Actual Total Time":0.017,"Actual Rows":1,"Actual Loops":1,"Output":["nation.n_nationkey"],"Filter":"((nation.n_name)::text = 'France'::text)","Rows Removed by Filter":61,"Shared Hit Blocks":1,"Shared Read Blocks":0,"Shared Dirtied Blocks":0,"Shared Written Blocks":0,"Local Hit Blocks":0,"Local Read Blocks":0,"Local Dirtied Blocks":0,"Local Written Blocks":0,"Temp Read Blocks":0,"Temp Written Blocks":0,"I/O Read Time":0.0,"I/O Write Time":0.0,"Temp I/O Read Time":0.0,"Temp I/O Write Time":0.0}]}]}]}]}]},"Planning":{"Shared Hit Blocks":19,"Shared Read Blocks":0,"Shared Dirtied Blocks":0,"Shared Written Blocks":0,"Local Hit Blocks":0,"Local Read Blocks":0,"Local Dirtied Blocks":0,"Local Written Blocks":0,"Temp Read Blocks":0,"Temp Written Blocks":0,"I/O Read Time":0.0,"I/O Write Time":0.0,"Temp I/O Read Time":0.0,"Temp I/O Write Time":0.0},"Planning Time":1.426,"Triggers":[],"Execution Time":6241.313}]
[列存组合]: item, nation, order_line
[{"Plan":{"Node Type":"Sort","Parallel Aware":false,"Async Capable":false,"Startup Cost":1160278.3,"Total Cost":1160278.5,"Plan Rows":80,"Plan Width":44,"Actual Startup Time":5090.295,"Actual Total Time":5090.316,"Actual Rows":0,"Actual Loops":1,"Output":["supplier.su_name","supplier.su_address"],"Sort Key":["supplier.su_name"],"Sort Method":"quicksort","Sort Space Used":25,"Sort Space Type":"Memory","Shared Hit Blocks":833610,"Shared Read Blocks":0,"Shared Dirtied Blocks":0,"Shared Written Blocks":0,"Local Hit Blocks":0,"Local Read Blocks":0,"Local Dirtied Blocks":0,"Local Written Blocks":0,"Temp Read Blocks":1223,"Temp Written Blocks":1232,"I/O Read Time":0.0,"I/O Write Time":0.0,"Temp I/O Read Time":1.936,"Temp I/O Write Time":5.394,"Plans":[{"Node Type":"Hash Join","Parent Relationship":"Outer","Parallel Aware":false,"Async Capable":false,"Join Type":"Inner","Startup Cost":1160272.99,"Total Cost":1160275.77,"Plan Rows":80,"Plan Width":44,"Actual Startup Time":5090.287,"Actual Total Time":5090.307,"Actual Rows":0,"Actual Loops":1,"Output":["supplier.su_name","supplier.su_address"],"Hash Cond":"((mod((stock.s_i_id * stock.s_w_id), 10000)) = supplier.su_suppkey)","Shared Hit Blocks":833610,"Shared Read Blocks":0,"Shared Dirtied Blocks":0,"Shared Written Blocks":0,"Local Hit Blocks":0,"Local Read Blocks":0,"Local Dirtied Blocks":0,"Local Written Blocks":0,"Temp Read Blocks":1223,"Temp Written Blocks":1232,"I/O Read Time":0.0,"I/O Write Time":0.0,"Temp I/O Read Time":1.936,"Temp I/O Write Time":5.394,"Plans":[{"Node Type":"Aggregate","Strategy":"Hashed","Partial Mode":"Simple","Parent Relationship":"Outer","Parallel Aware":false,"Async Capable":false,"Startup Cost":1159924.15,"Total Cost":1159926.15,"Plan Rows":200,"Plan Width":4,"Actual Startup Time":5088.406,"Actual Total Time":5088.418,"Actual Rows":0,"Actual Loops":1,"Output":["(mod((stock.s_i_id * stock.s_w_id), 10000))"],"Group Key":["mod((stock.s_i_id * stock.s_w_id), 10000)"],"Planned Partitions":0,"HashAgg Batches":1,"Peak Memory Usage":40,"Disk Usage":0,"Shared Hit Blocks":833392,"Shared Read Blocks":0,"Shared Dirtied Blocks":0,"Shared Written Blocks":0,"Local Hit Blocks":0,"Local Read Blocks":0,"Local Dirtied Blocks":0,"Local Written Blocks":0,"Temp Read Blocks":1223,"Temp Written Blocks":1232,"I/O Read Time":0.0,"I/O Write Time":0.0,"Temp I/O Read Time":1.936,"Temp I/O Write Time":5.394,"Plans":[{"Node Type":"Aggregate","Strategy":"Sorted","Partial Mode":"Simple","Parent Relationship":"Outer","Parallel Aware":false,"Async Capable":false,"Startup Cost":1153732.69,"Total Cost":1159087.46,"Plan Rows":66935,"Plan Width":12,"Actual Startup Time":5088.398,"Actual Total Time":5088.41,"Actual Rows":0,"Actual Loops":1,"Output":["mod((stock.s_i_id * stock.s_w_id), 10000)","stock.s_i_id","stock.s_w_id","stock.s_quantity"],"Group Key":["stock.s_i_id","stock.s_w_id"],"Filter":"((2 * stock.s_quantity) > sum(order_line.ol_quantity))","Rows Removed by Filter":5200,"Shared Hit Blocks":833392,"Shared Read Blocks":0,"Shared Dirtied Blocks":0,"Shared Written Blocks":0,"Local Hit Blocks":0,"Local Read Blocks":0,"Local Dirtied Blocks":0,"Local Written Blocks":0,"Temp Read Blocks":1223,"Temp Written Blocks":1232,"I/O Read Time":0.0,"I/O Write Time":0.0,"Temp I/O Read Time":1.936,"Temp I/O Write Time":5.394,"Plans":[{"Node Type":"Sort","Parent Relationship":"Outer","Parallel Aware":false,"Async Capable":false,"Startup Cost":1153732.69,"Total Cost":1154234.7,"Plan Rows":200804,"Plan Width":10,"Actual Startup Time":4991.245,"Actual Total Time":5036.592,"Actual Rows":499000,"Actual Loops":1,"Output":["stock.s_i_id","stock.s_w_id","stock.s_quantity","order_line.ol_quantity"],"Sort Key":["stock.s_i_id","stock.s_w_id"],"Sort Method":"external merge","Sort Space Used":9784,"Sort Space Type":"Disk","Shared Hit Blocks":833392,"Shared Read Blocks":0,"Shared Dirtied Blocks":0,"Shared Written Blocks":0,"Local Hit Blocks":0,"Local Read Blocks":0,"Local Dirtied Blocks":0,"Local Written Blocks":0,"Temp Read Blocks":1223,"Temp Written Blocks":1232,"I/O Read Time":0.0,"I/O Write Time":0.0,"Temp I/O Read Time":1.936,"Temp I/O Write Time":5.394,"Plans":[{"Node Type":"Hash Join","Parent Relationship":"Outer","Parallel Aware":false,"Async Capable":false,"Join Type":"Inner","Startup Cost":22210.58,"Total Cost":1132612.94,"Plan Rows":200804,"Plan Width":10,"Actual Startup Time":93.405,"Actual Total Time":4880.41,"Actual Rows":499000,"Actual Loops":1,"Output":["stock.s_i_id","stock.s_w_id","stock.s_quantity","order_line.ol_quantity"],"Hash Cond":"(stock.s_i_id = order_line.ol_i_id)","Shared Hit Blocks":833392,"Shared Read Blocks":0,"Shared Dirtied Blocks":0,"Shared Written Blocks":0,"Local Hit Blocks":0,"Local Read Blocks":0,"Local Dirtied Blocks":0,"Local Written Blocks":0,"Temp Read Blocks":0,"Temp Written Blocks":0,"I/O Read Time":0.0,"I/O Write Time":0.0,"Temp I/O Read Time":0.0,"Temp I/O Write Time":0.0,"Plans":[{"Node Type":"Seq Scan","Parent Relationship":"Outer","Parallel Aware":false,"Async Capable":false,"Relation Name":"stock","Schema":"public","Alias":"stock","Startup Cost":0.0,"Total Cost":1033394.12,"Plan Rows":20000212,"Plan Width":8,"Actual Startup Time":0.006,"Actual Total Time":1702.999,"Actual Rows":20000000,"Actual Loops":1,"Output":["stock.s_i_id","stock.s_w_id","stock.s_quantity","stock.s_dist_01","stock.s_dist_02","stock.s_dist_03","stock.s_dist_04","stock.s_dist_05","stock.s_dist_06","stock.s_dist_07","stock.s_dist_08","stock.s_dist_09","stock.s_dist_10","stock.s_ytd","stock.s_order_cnt","stock.s_remote_cnt","stock.s_data"],"Shared Hit Blocks":833392,"Shared Read Blocks":0,"Shared Dirtied Blocks":0,"Shared Written Blocks":0,"Local Hit Blocks":0,"Local Read Blocks":0,"Local Dirtied Blocks":0,"Local Written Blocks":0,"Temp Read Blocks":0,"Temp Written Blocks":0,"I/O Read Time":0.0,"I/O Write Time":0.0,"Temp I/O Read Time":0.0,"Temp I/O Write Time":0.0},{"Node Type":"Hash","Parent Relationship":"Inner","Parallel Aware":false,"Async Capable":false,"Startup Cost":22198.15,"Total Cost":22198.15,"Plan Rows":994,"Plan Width":10,"Actual Startup Time":93.176,"Actual Total Time":93.186,"Actual Rows":2495,"Actual Loops":1,"Output":["order_line.ol_quantity","order_line.ol_i_id","item.i_id"],"Hash Buckets":4096,"Original Hash Buckets":1024,"Hash Batches":1,"Original Hash Batches":1,"Peak Memory Usage":140,"Shared Hit Blocks":0,"Shared Read Blocks":0,"Shared Dirtied Blocks":0,"Shared Written Blocks":0,"Local Hit Blocks":0,"Local Read Blocks":0,"Local Dirtied Blocks":0,"Local Written Blocks":0,"Temp Read Blocks":0,"Temp Written Blocks":0,"I/O Read Time":0.0,"I/O Write Time":0.0,"Temp I/O Read Time":0.0,"Temp I/O Write Time":0.0,"Plans":[{"Node Type":"Hash Join","Parent Relationship":"Outer","Parallel Aware":false,"Async Capable":false,"Join Type":"Inner","Startup Cost":44.04,"Total Cost":22198.15,"Plan Rows":994,"Plan Width":10,"Actual Startup Time":92.656,"Actual Total Time":92.838,"Actual Rows":2495,"Actual Loops":1,"Output":["order_line.ol_quantity","order_line.ol_i_id","item.i_id"],"Hash Cond":"(order_line.ol_i_id = item.i_id)","Rows Removed by Bloom Filter":9380622,"Shared Hit Blocks":0,"Shared Read Blocks":0,"Shared Dirtied Blocks":0,"Shared Written Blocks":0,"Local Hit Blocks":0,"Local Read Blocks":0,"Local Dirtied Blocks":0,"Local Written Blocks":0,"Temp Read Blocks":0,"Temp Written Blocks":0,"I/O Read Time":0.0,"I/O Write Time":0.0,"Temp I/O Read Time":0.0,"Temp I/O Write Time":0.0,"Plans":[{"Node Type":"Append","Parent Relationship":"Outer","Parallel Aware":false,"Async Capable":false,"Startup Cost":20.0,"Total Cost":193913.85,"Plan Rows":9942920,"Plan Width":6,"Actual Startup Time":21.142,"Actual Total Time":21.145,"Actual Rows":9885180,"Actual Loops":1,"Shared Hit Blocks":0,"Shared Read Blocks":0,"Shared Dirtied Blocks":0,"Shared Written Blocks":0,"Local Hit Blocks":0,"Local Read Blocks":0,"Local Dirtied Blocks":0,"Local Written Blocks":0,"Temp Read Blocks":0,"Temp Written Blocks":0,"I/O Read Time":0.0,"I/O Write Time":0.0,"Temp I/O Read Time":0.0,"Temp I/O Write Time":0.0,"Subplans Removed":0,"Plans":[{"Node Type":"Custom Scan","Parent Relationship":"Member","Custom Plan Provider":"columnar scan","Parallel Aware":false,"Async Capable":false,"Relation Name":"order_line","Schema":"public","Alias":"order_line","Startup Cost":20.0,"Total Cost":193908.91,"Plan Rows":9942910,"Plan Width":6,"Actual Startup Time":21.14,"Actual Total Time":21.141,"Actual Rows":9885180,"Actual Loops":1,"Output":["order_line.ol_quantity","order_line.ol_i_id"],"Filter":"((order_line.ol_delivery_d < '1995-04-02 20:10:02.27764'::timestamp without time zone) AND (order_line.ol_delivery_d >= '1994-01-02 20:10:02.27764'::timestamp without time zone))","Rows Removed by Filter":0,"Rows Removed by Columnar Filter":50108581,"Columnar cache search mode":"native","Shared Hit Blocks":0,"Shared Read Blocks":0,"Shared Dirtied Blocks":0,"Shared Written Blocks":0,"Local Hit Blocks":0,"Local Read Blocks":0,"Local Dirtied Blocks":0,"Local Written Blocks":0,"Temp Read Blocks":0,"Temp Written Blocks":0,"I/O Read Time":0.0,"I/O Write Time":0.0,"Temp I/O Read Time":0.0,"Temp I/O Write Time":0.0},{"Node Type":"Seq Scan","Parent Relationship":"Member","Parallel Aware":false,"Async Capable":false,"Relation Name":"order_line","Schema":"public","Alias":"order_line","Startup Cost":0.0,"Total Cost":4.95,"Plan Rows":10,"Plan Width":6,"Actual Startup Time":0.0,"Actual Total Time":0.0,"Actual Rows":0,"Actual Loops":0,"Output":["order_line.ol_quantity","order_line.ol_i_id"],"Filter":"((order_line.ol_delivery_d < '1995-04-02 20:10:02.27764'::timestamp without time zone) AND (order_line.ol_delivery_d >= '1994-01-02 20:10:02.27764'::timestamp without time zone))","Rows Removed by Filter":0,"Shared Hit Blocks":0,"Shared Read Blocks":0,"Shared Dirtied Blocks":0,"Shared Written Blocks":0,"Local Hit Blocks":0,"Local Read Blocks":0,"Local Dirtied Blocks":0,"Local Written Blocks":0,"Temp Read Blocks":0,"Temp Written Blocks":0,"I/O Read Time":0.0,"I/O Write Time":0.0,"Temp I/O Read Time":0.0,"Temp I/O Write Time":0.0}]},{"Node Type":"Hash","Parent Relationship":"Inner","Parallel Aware":false,"Async Capable":false,"Startup Cost":24.19,"Total Cost":24.19,"Plan Rows":11,"Plan Width":4,"Actual Rows":26,"Actual Loops":1,"Output":["item.i_id"],"Shared Hit Blocks":0,"Shared Read Blocks":0,"Shared Dirtied Blocks":0,"Shared Written Blocks":0,"Local Hit Blocks":0,"Local Read Blocks":0,"Local Dirtied Blocks":0,"Local Written Blocks":0,"Temp Read Blocks":0,"Temp Written Blocks":0,"I/O Read Time":0.0,"I/O Write Time":0.0,"Temp I/O Read Time":0.0,"Temp I/O Write Time":0.0,"Plans":[{"Node Type":"Append","Parent Relationship":"Outer","Parallel Aware":false,"Async Capable":false,"Startup Cost":20.0,"Total Cost":24.19,"Plan Rows":11,"Plan Width":4,"Actual Startup Time":2.044,"Actual Total Time":2.047,"Actual Rows":26,"Actual Loops":1,"Shared Hit Blocks":0,"Shared Read Blocks":0,"Shared Dirtied Blocks":0,"Shared Written Blocks":0,"Local Hit Blocks":0,"Local Read Blocks":0,"Local Dirtied Blocks":0,"Local Written Blocks":0,"Temp Read Blocks":0,"Temp Written Blocks":0,"I/O Read Time":0.0,"I/O Write Time":0.0,"Temp I/O Read Time":0.0,"Temp I/O Write Time":0.0,"Subplans Removed":0,"Plans":[{"Node Type":"Custom Scan","Parent Relationship":"Member","Custom Plan Provider":"columnar scan","Parallel Aware":false,"Async Capable":false,"Relation Name":"item","Schema":"public","Alias":"item","Startup Cost":20.0,"Total Cost":20.18,"Plan Rows":10,"Plan Width":4,"Actual Startup Time":2.042,"Actual Total Time":2.044,"Actual Rows":26,"Actual Loops":1,"Output":["item.i_id"],"Filter":"((item.i_data)::text ~~ 'co%'::text)","Rows Removed by Filter":0,"Rows Removed by Columnar Filter":99974,"Columnar cache search mode":"native","Shared Hit Blocks":0,"Shared Read Blocks":0,"Shared Dirtied Blocks":0,"Shared Written Blocks":0,"Local Hit Blocks":0,"Local Read Blocks":0,"Local Dirtied Blocks":0,"Local Written Blocks":0,"Temp Read Blocks":0,"Temp Written Blocks":0,"I/O Read Time":0.0,"I/O Write Time":0.0,"Temp I/O Read Time":0.0,"Temp I/O Write Time":0.0},{"Node Type":"Seq Scan","Parent Relationship":"Member","Parallel Aware":false,"Async Capable":false,"Relation Name":"item","Schema":"public","Alias":"item","Startup Cost":0.0,"Total Cost":4.01,"Plan Rows":1,"Plan Width":4,"Actual Startup Time":0.0,"Actual Total Time":0.0,"Actual Rows":0,"Actual Loops":0,"Output":["item.i_id"],"Filter":"((item.i_data)::text ~~ 'co%'::text)","Rows Removed by Filter":0,"Shared Hit Blocks":0,"Shared Read Blocks":0,"Shared Dirtied Blocks":0,"Shared Written Blocks":0,"Local Hit Blocks":0,"Local Read Blocks":0,"Local Dirtied Blocks":0,"Local Written Blocks":0,"Temp Read Blocks":0,"Temp Written Blocks":0,"I/O Read Time":0.0,"I/O Write Time":0.0,"Temp I/O Read Time":0.0,"Temp I/O Write Time":0.0}]}]}]}]}]}]}]}]},{"Node Type":"Hash","Parent Relationship":"Inner","Parallel Aware":false,"Async Capable":false,"Startup Cost":346.83,"Total Cost":346.83,"Plan Rows":161,"Plan Width":48,"Actual Startup Time":1.87,"Actual Total Time":1.876,"Actual Rows":164,"Actual Loops":1,"Output":["supplier.su_name","supplier.su_address","supplier.su_suppkey"],"Hash Buckets":1024,"Original Hash Buckets":1024,"Hash Batches":1,"Original Hash Batches":1,"Peak Memory Usage":22,"Shared Hit Blocks":218,"Shared Read Blocks":0,"Shared Dirtied Blocks":0,"Shared Written Blocks":0,"Local Hit Blocks":0,"Local Read Blocks":0,"Local Dirtied Blocks":0,"Local Written Blocks":0,"Temp Read Blocks":0,"Temp Written Blocks":0,"I/O Read Time":0.0,"I/O Write Time":0.0,"Temp I/O Read Time":0.0,"Temp I/O Write Time":0.0,"Plans":[{"Node Type":"Hash Join","Parent Relationship":"Outer","Parallel Aware":false,"Async Capable":false,"Join Type":"Inner","Startup Cost":1.79,"Total Cost":346.83,"Plan Rows":161,"Plan Width":48,"Actual Startup Time":0.035,"Actual Total Time":1.842,"Actual Rows":164,"Actual Loops":1,"Output":["supplier.su_name","supplier.su_address","supplier.su_suppkey"],"Hash Cond":"(supplier.su_nationkey = nation.n_nationkey)","Shared Hit Blocks":218,"Shared Read Blocks":0,"Shared Dirtied Blocks":0,"Shared Written Blocks":0,"Local Hit Blocks":0,"Local Read Blocks":0,"Local Dirtied Blocks":0,"Local Written Blocks":0,"Temp Read Blocks":0,"Temp Written Blocks":0,"I/O Read Time":0.0,"I/O Write Time":0.0,"Temp I/O Read Time":0.0,"Temp I/O Write Time":0.0,"Plans":[{"Node Type":"Seq Scan","Parent Relationship":"Outer","Parallel Aware":false,"Async Capable":false,"Relation Name":"supplier","Schema":"public","Alias":"supplier","Startup Cost":0.0,"Total Cost":317.0,"Plan Rows":10000,"Plan Width":52,"Actual Startup Time":0.008,"Actual Total Time":0.847,"Actual Rows":10000,"Actual Loops":1,"Output":["supplier.su_suppkey","supplier.su_name","supplier.su_address","supplier.su_nationkey","supplier.su_phone","supplier.su_acctbal","supplier.su_comment"],"Shared Hit Blocks":217,"Shared Read Blocks":0,"Shared Dirtied Blocks":0,"Shared Written Blocks":0,"Local Hit Blocks":0,"Local Read Blocks":0,"Local Dirtied Blocks":0,"Local Written Blocks":0,"Temp Read Blocks":0,"Temp Written Blocks":0,"I/O Read Time":0.0,"I/O Write Time":0.0,"Temp I/O Read Time":0.0,"Temp I/O Write Time":0.0},{"Node Type":"Hash","Parent Relationship":"Inner","Parallel Aware":false,"Async Capable":false,"Startup Cost":1.77,"Total Cost":1.77,"Plan Rows":1,"Plan Width":4,"Actual Startup Time":0.015,"Actual Total Time":0.016,"Actual Rows":1,"Actual Loops":1,"Output":["nation.n_nationkey"],"Hash Buckets":1024,"Original Hash Buckets":1024,"Hash Batches":1,"Original Hash Batches":1,"Peak Memory Usage":9,"Shared Hit Blocks":1,"Shared Read Blocks":0,"Shared Dirtied Blocks":0,"Shared Written Blocks":0,"Local Hit Blocks":0,"Local Read Blocks":0,"Local Dirtied Blocks":0,"Local Written Blocks":0,"Temp Read Blocks":0,"Temp Written Blocks":0,"I/O Read Time":0.0,"I/O Write Time":0.0,"Temp I/O Read Time":0.0,"Temp I/O Write Time":0.0,"Plans":[{"Node Type":"Seq Scan","Parent Relationship":"Outer","Parallel Aware":false,"Async Capable":false,"Relation Name":"nation","Schema":"public","Alias":"nation","Startup Cost":0.0,"Total Cost":1.77,"Plan Rows":1,"Plan Width":4,"Actual Startup Time":0.007,"Actual Total Time":0.011,"Actual Rows":1,"Actual Loops":1,"Output":["nation.n_nationkey"],"Filter":"((nation.n_name)::text = 'France'::text)","Rows Removed by Filter":61,"Shared Hit Blocks":1,"Shared Read Blocks":0,"Shared Dirtied Blocks":0,"Shared Written Blocks":0,"Local Hit Blocks":0,"Local Read Blocks":0,"Local Dirtied Blocks":0,"Local Written Blocks":0,"Temp Read Blocks":0,"Temp Written Blocks":0,"I/O Read Time":0.0,"I/O Write Time":0.0,"Temp I/O Read Time":0.0,"Temp I/O Write Time":0.0}]}]}]}]}]},"Planning":{"Shared Hit Blocks":19,"Shared Read Blocks":0,"Shared Dirtied Blocks":0,"Shared Written Blocks":0,"Local Hit Blocks":0,"Local Read Blocks":0,"Local Dirtied Blocks":0,"Local Written Blocks":0,"Temp Read Blocks":0,"Temp Written Blocks":0,"I/O Read Time":0.0,"I/O Write Time":0.0,"Temp I/O Read Time":0.0,"Temp I/O Write Time":0.0},"Planning Time":1.12,"Triggers":[],"Execution Time":5092.431}]
[列存组合]: item, nation, stock
[{"Plan":{"Node Type":"Sort","Parallel Aware":false,"Async Capable":false,"Startup Cost":1693233.69,"Total Cost":1693233.89,"Plan Rows":80,"Plan Width":44,"Actual Startup Time":5811.208,"Actual Total Time":5811.231,"Actual Rows":0,"Actual Loops":1,"Output":["supplier.su_name","supplier.su_address"],"Sort Key":["supplier.su_name"],"Sort Method":"quicksort","Sort Space Used":25,"Sort Space Type":"Memory","Shared Hit Blocks":681966,"Shared Read Blocks":0,"Shared Dirtied Blocks":0,"Shared Written Blocks":0,"Local Hit Blocks":0,"Local Read Blocks":0,"Local Dirtied Blocks":0,"Local Written Blocks":0,"Temp Read Blocks":1223,"Temp Written Blocks":1232,"I/O Read Time":0.0,"I/O Write Time":0.0,"Temp I/O Read Time":1.88,"Temp I/O Write Time":5.362,"Plans":[{"Node Type":"Hash Join","Parent Relationship":"Outer","Parallel Aware":false,"Async Capable":false,"Join Type":"Inner","Startup Cost":1693228.38,"Total Cost":1693231.16,"Plan Rows":80,"Plan Width":44,"Actual Startup Time":5811.2,"Actual Total Time":5811.222,"Actual Rows":0,"Actual Loops":1,"Output":["supplier.su_name","supplier.su_address"],"Hash Cond":"((mod((stock.s_i_id * stock.s_w_id), 10000)) = supplier.su_suppkey)","Shared Hit Blocks":681966,"Shared Read Blocks":0,"Shared Dirtied Blocks":0,"Shared Written Blocks":0,"Local Hit Blocks":0,"Local Read Blocks":0,"Local Dirtied Blocks":0,"Local Written Blocks":0,"Temp Read Blocks":1223,"Temp Written Blocks":1232,"I/O Read Time":0.0,"I/O Write Time":0.0,"Temp I/O Read Time":1.88,"Temp I/O Write Time":5.362,"Plans":[{"Node Type":"Aggregate","Strategy":"Hashed","Partial Mode":"Simple","Parent Relationship":"Outer","Parallel Aware":false,"Async Capable":false,"Startup Cost":1692879.54,"Total Cost":1692881.54,"Plan Rows":200,"Plan Width":4,"Actual Startup Time":5809.397,"Actual Total Time":5809.412,"Actual Rows":0,"Actual Loops":1,"Output":["(mod((stock.s_i_id * stock.s_w_id), 10000))"],"Group Key":["mod((stock.s_i_id * stock.s_w_id), 10000)"],"Planned Partitions":0,"HashAgg Batches":1,"Peak Memory Usage":40,"Disk Usage":0,"Shared Hit Blocks":681748,"Shared Read Blocks":0,"Shared Dirtied Blocks":0,"Shared Written Blocks":0,"Local Hit Blocks":0,"Local Read Blocks":0,"Local Dirtied Blocks":0,"Local Written Blocks":0,"Temp Read Blocks":1223,"Temp Written Blocks":1232,"I/O Read Time":0.0,"I/O Write Time":0.0,"Temp I/O Read Time":1.88,"Temp I/O Write Time":5.362,"Plans":[{"Node Type":"Aggregate","Strategy":"Sorted","Partial Mode":"Simple","Parent Relationship":"Outer","Parallel Aware":false,"Async Capable":false,"Startup Cost":1686688.08,"Total Cost":1692042.85,"Plan Rows":66935,"Plan Width":12,"Actual Startup Time":5809.389,"Actual Total Time":5809.403,"Actual Rows":0,"Actual Loops":1,"Output":["mod((stock.s_i_id * stock.s_w_id), 10000)","stock.s_i_id","stock.s_w_id","stock.s_quantity"],"Group Key":["stock.s_i_id","stock.s_w_id"],"Filter":"((2 * stock.s_quantity) > sum(order_line.ol_quantity))","Rows Removed by Filter":5200,"Shared Hit Blocks":681748,"Shared Read Blocks":0,"Shared Dirtied Blocks":0,"Shared Written Blocks":0,"Local Hit Blocks":0,"Local Read Blocks":0,"Local Dirtied Blocks":0,"Local Written Blocks":0,"Temp Read Blocks":1223,"Temp Written Blocks":1232,"I/O Read Time":0.0,"I/O Write Time":0.0,"Temp I/O Read Time":1.88,"Temp I/O Write Time":5.362,"Plans":[{"Node Type":"Sort","Parent Relationship":"Outer","Parallel Aware":false,"Async Capable":false,"Startup Cost":1686688.08,"Total Cost":1687190.09,"Plan Rows":200804,"Plan Width":10,"Actual Startup Time":5706.852,"Actual Total Time":5757.251,"Actual Rows":499000,"Actual Loops":1,"Output":["stock.s_i_id","stock.s_w_id","stock.s_quantity","order_line.ol_quantity"],"Sort Key":["stock.s_i_id","stock.s_w_id"],"Sort Method":"external merge","Sort Space Used":9784,"Sort Space Type":"Disk","Shared Hit Blocks":681748,"Shared Read Blocks":0,"Shared Dirtied Blocks":0,"Shared Written Blocks":0,"Local Hit Blocks":0,"Local Read Blocks":0,"Local Dirtied Blocks":0,"Local Written Blocks":0,"Temp Read Blocks":1223,"Temp Written Blocks":1232,"I/O Read Time":0.0,"I/O Write Time":0.0,"Temp I/O Read Time":1.88,"Temp I/O Write Time":5.362,"Plans":[{"Node Type":"Hash Join","Parent Relationship":"Outer","Parallel Aware":false,"Async Capable":false,"Join Type":"Inner","Startup Cost":44619.0,"Total Cost":1665568.33,"Plan Rows":200804,"Plan Width":10,"Actual Startup Time":134.73,"Actual Total Time":5542.308,"Actual Rows":499000,"Actual Loops":1,"Output":["stock.s_i_id","stock.s_w_id","stock.s_quantity","order_line.ol_quantity"],"Hash Cond":"(order_line.ol_i_id = stock.s_i_id)","Shared Hit Blocks":681748,"Shared Read Blocks":0,"Shared Dirtied Blocks":0,"Shared Written Blocks":0,"Local Hit Blocks":0,"Local Read Blocks":0,"Local Dirtied Blocks":0,"Local Written Blocks":0,"Temp Read Blocks":0,"Temp Written Blocks":0,"I/O Read Time":0.0,"I/O Write Time":0.0,"Temp I/O Read Time":0.0,"Temp I/O Write Time":0.0,"Plans":[{"Node Type":"Seq Scan","Parent Relationship":"Outer","Parallel Aware":false,"Async Capable":false,"Relation Name":"order_line","Schema":"public","Alias":"order_line","Startup Cost":0.0,"Total Cost":1581655.36,"Plan Rows":9942920,"Plan Width":6,"Actual Startup Time":0.006,"Actual Total Time":4628.199,"Actual Rows":9885180,"Actual Loops":1,"Output":["order_line.ol_o_id","order_line.ol_d_id","order_line.ol_w_id","order_line.ol_number","order_line.ol_i_id","order_line.ol_supply_w_id","order_line.ol_delivery_d","order_line.ol_quantity","order_line.ol_amount","order_line.ol_dist_info"],"Filter":"((order_line.ol_delivery_d >= '1994-01-02 20:10:02.27764'::timestamp without time zone) AND (order_line.ol_delivery_d < '1995-04-02 20:10:02.27764'::timestamp without time zone))","Rows Removed by Filter":50108581,"Shared Hit Blocks":681748,"Shared Read Blocks":0,"Shared Dirtied Blocks":0,"Shared Written Blocks":0,"Local Hit Blocks":0,"Local Read Blocks":0,"Local Dirtied Blocks":0,"Local Written Blocks":0,"Temp Read Blocks":0,"Temp Written Blocks":0,"I/O Read Time":0.0,"I/O Write Time":0.0,"Temp I/O Read Time":0.0,"Temp I/O Write Time":0.0},{"Node Type":"Hash","Parent Relationship":"Inner","Parallel Aware":false,"Async Capable":false,"Startup Cost":44594.0,"Total Cost":44594.0,"Plan Rows":2000,"Plan Width":12,"Actual Startup Time":133.601,"Actual Total Time":133.613,"Actual Rows":5200,"Actual Loops":1,"Output":["stock.s_i_id","stock.s_w_id","stock.s_quantity","item.i_id"],"Hash Buckets":8192,"Original Hash Buckets":2048,"Hash Batches":1,"Original Hash Batches":1,"Peak Memory Usage":288,"Shared Hit Blocks":0,"Shared Read Blocks":0,"Shared Dirtied Blocks":0,"Shared Written Blocks":0,"Local Hit Blocks":0,"Local Read Blocks":0,"Local Dirtied Blocks":0,"Local Written Blocks":0,"Temp Read Blocks":0,"Temp Written Blocks":0,"I/O Read Time":0.0,"I/O Write Time":0.0,"Temp I/O Read Time":0.0,"Temp I/O Write Time":0.0,"Plans":[{"Node Type":"Hash Join","Parent Relationship":"Outer","Parallel Aware":false,"Async Capable":false,"Join Type":"Inner","Startup Cost":44.04,"Total Cost":44594.0,"Plan Rows":2000,"Plan Width":12,"Actual Startup Time":132.151,"Actual Total Time":132.632,"Actual Rows":5200,"Actual Loops":1,"Output":["stock.s_i_id","stock.s_w_id","stock.s_quantity","item.i_id"],"Hash Cond":"(stock.s_i_id = item.i_id)","Rows Removed by Bloom Filter":18979400,"Shared Hit Blocks":0,"Shared Read Blocks":0,"Shared Dirtied Blocks":0,"Shared Written Blocks":0,"Local Hit Blocks":0,"Local Read Blocks":0,"Local Dirtied Blocks":0,"Local Written Blocks":0,"Temp Read Blocks":0,"Temp Written Blocks":0,"I/O Read Time":0.0,"I/O Write Time":0.0,"Temp I/O Read Time":0.0,"Temp I/O Write Time":0.0,"Plans":[{"Node Type":"Append","Parent Relationship":"Outer","Parallel Aware":false,"Async Capable":false,"Startup Cost":20.0,"Total Cost":430026.22,"Plan Rows":20000212,"Plan Width":8,"Actual Startup Time":0.397,"Actual Total Time":0.402,"Actual Rows":20000000,"Actual Loops":1,"Shared Hit Blocks":0,"Shared Read Blocks":0,"Shared Dirtied Blocks":0,"Shared Written Blocks":0,"Local Hit Blocks":0,"Local Read Blocks":0,"Local Dirtied Blocks":0,"Local Written Blocks":0,"Temp Read Blocks":0,"Temp Written Blocks":0,"I/O Read Time":0.0,"I/O Write Time":0.0,"Temp I/O Read Time":0.0,"Temp I/O Write Time":0.0,"Subplans Removed":0,"Plans":[{"Node Type":"Custom Scan","Parent Relationship":"Member","Custom Plan Provider":"columnar scan","Parallel Aware":false,"Async Capable":false,"Relation Name":"stock","Schema":"public","Alias":"stock","Startup Cost":20.0,"Total Cost":430020.1,"Plan Rows":20000000,"Plan Width":8,"Actual Startup Time":0.396,"Actual Total Time":0.398,"Actual Rows":20000000,"Actual Loops":1,"Output":["stock.s_i_id","stock.s_w_id","stock.s_quantity"],"Rows Removed by Columnar Filter":0,"Columnar cache search mode":"native","Shared Hit Blocks":0,"Shared Read Blocks":0,"Shared Dirtied Blocks":0,"Shared Written Blocks":0,"Local Hit Blocks":0,"Local Read Blocks":0,"Local Dirtied Blocks":0,"Local Written Blocks":0,"Temp Read Blocks":0,"Temp Written Blocks":0,"I/O Read Time":0.0,"I/O Write Time":0.0,"Temp I/O Read Time":0.0,"Temp I/O Write Time":0.0},{"Node Type":"Seq Scan","Parent Relationship":"Member","Parallel Aware":false,"Async Capable":false,"Relation Name":"stock","Schema":"public","Alias":"stock","Startup Cost":0.0,"Total Cost":6.12,"Plan Rows":212,"Plan Width":8,"Actual Startup Time":0.0,"Actual Total Time":0.0,"Actual Rows":0,"Actual Loops":0,"Output":["stock.s_i_id","stock.s_w_id","stock.s_quantity"],"Shared Hit Blocks":0,"Shared Read Blocks":0,"Shared Dirtied Blocks":0,"Shared Written Blocks":0,"Local Hit Blocks":0,"Local Read Blocks":0,"Local Dirtied Blocks":0,"Local Written Blocks":0,"Temp Read Blocks":0,"Temp Written Blocks":0,"I/O Read Time":0.0,"I/O Write Time":0.0,"Temp I/O Read Time":0.0,"Temp I/O Write Time":0.0}]},{"Node Type":"Hash","Parent Relationship":"Inner","Parallel Aware":false,"Async Capable":false,"Startup Cost":24.19,"Total Cost":24.19,"Plan Rows":11,"Plan Width":4,"Actual Rows":26,"Actual Loops":1,"Output":["item.i_id"],"Shared Hit Blocks":0,"Shared Read Blocks":0,"Shared Dirtied Blocks":0,"Shared Written Blocks":0,"Local Hit Blocks":0,"Local Read Blocks":0,"Local Dirtied Blocks":0,"Local Written Blocks":0,"Temp Read Blocks":0,"Temp Written Blocks":0,"I/O Read Time":0.0,"I/O Write Time":0.0,"Temp I/O Read Time":0.0,"Temp I/O Write Time":0.0,"Plans":[{"Node Type":"Append","Parent Relationship":"Outer","Parallel Aware":false,"Async Capable":false,"Startup Cost":20.0,"Total Cost":24.19,"Plan Rows":11,"Plan Width":4,"Actual Startup Time":1.99,"Actual Total Time":1.994,"Actual Rows":26,"Actual Loops":1,"Shared Hit Blocks":0,"Shared Read Blocks":0,"Shared Dirtied Blocks":0,"Shared Written Blocks":0,"Local Hit Blocks":0,"Local Read Blocks":0,"Local Dirtied Blocks":0,"Local Written Blocks":0,"Temp Read Blocks":0,"Temp Written Blocks":0,"I/O Read Time":0.0,"I/O Write Time":0.0,"Temp I/O Read Time":0.0,"Temp I/O Write Time":0.0,"Subplans Removed":0,"Plans":[{"Node Type":"Custom Scan","Parent Relationship":"Member","Custom Plan Provider":"columnar scan","Parallel Aware":false,"Async Capable":false,"Relation Name":"item","Schema":"public","Alias":"item","Startup Cost":20.0,"Total Cost":20.18,"Plan Rows":10,"Plan Width":4,"Actual Startup Time":1.988,"Actual Total Time":1.988,"Actual Rows":26,"Actual Loops":1,"Output":["item.i_id"],"Filter":"((item.i_data)::text ~~ 'co%'::text)","Rows Removed by Filter":0,"Rows Removed by Columnar Filter":99974,"Columnar cache search mode":"native","Shared Hit Blocks":0,"Shared Read Blocks":0,"Shared Dirtied Blocks":0,"Shared Written Blocks":0,"Local Hit Blocks":0,"Local Read Blocks":0,"Local Dirtied Blocks":0,"Local Written Blocks":0,"Temp Read Blocks":0,"Temp Written Blocks":0,"I/O Read Time":0.0,"I/O Write Time":0.0,"Temp I/O Read Time":0.0,"Temp I/O Write Time":0.0},{"Node Type":"Seq Scan","Parent Relationship":"Member","Parallel Aware":false,"Async Capable":false,"Relation Name":"item","Schema":"public","Alias":"item","Startup Cost":0.0,"Total Cost":4.01,"Plan Rows":1,"Plan Width":4,"Actual Startup Time":0.0,"Actual Total Time":0.0,"Actual Rows":0,"Actual Loops":0,"Output":["item.i_id"],"Filter":"((item.i_data)::text ~~ 'co%'::text)","Rows Removed by Filter":0,"Shared Hit Blocks":0,"Shared Read Blocks":0,"Shared Dirtied Blocks":0,"Shared Written Blocks":0,"Local Hit Blocks":0,"Local Read Blocks":0,"Local Dirtied Blocks":0,"Local Written Blocks":0,"Temp Read Blocks":0,"Temp Written Blocks":0,"I/O Read Time":0.0,"I/O Write Time":0.0,"Temp I/O Read Time":0.0,"Temp I/O Write Time":0.0}]}]}]}]}]}]}]}]},{"Node Type":"Hash","Parent Relationship":"Inner","Parallel Aware":false,"Async Capable":false,"Startup Cost":346.83,"Total Cost":346.83,"Plan Rows":161,"Plan Width":48,"Actual Startup Time":1.792,"Actual Total Time":1.798,"Actual Rows":164,"Actual Loops":1,"Output":["supplier.su_name","supplier.su_address","supplier.su_suppkey"],"Hash Buckets":1024,"Original Hash Buckets":1024,"Hash Batches":1,"Original Hash Batches":1,"Peak Memory Usage":22,"Shared Hit Blocks":218,"Shared Read Blocks":0,"Shared Dirtied Blocks":0,"Shared Written Blocks":0,"Local Hit Blocks":0,"Local Read Blocks":0,"Local Dirtied Blocks":0,"Local Written Blocks":0,"Temp Read Blocks":0,"Temp Written Blocks":0,"I/O Read Time":0.0,"I/O Write Time":0.0,"Temp I/O Read Time":0.0,"Temp I/O Write Time":0.0,"Plans":[{"Node Type":"Hash Join","Parent Relationship":"Outer","Parallel Aware":false,"Async Capable":false,"Join Type":"Inner","Startup Cost":1.79,"Total Cost":346.83,"Plan Rows":161,"Plan Width":48,"Actual Startup Time":0.036,"Actual Total Time":1.763,"Actual Rows":164,"Actual Loops":1,"Output":["supplier.su_name","supplier.su_address","supplier.su_suppkey"],"Hash Cond":"(supplier.su_nationkey = nation.n_nationkey)","Shared Hit Blocks":218,"Shared Read Blocks":0,"Shared Dirtied Blocks":0,"Shared Written Blocks":0,"Local Hit Blocks":0,"Local Read Blocks":0,"Local Dirtied Blocks":0,"Local Written Blocks":0,"Temp Read Blocks":0,"Temp Written Blocks":0,"I/O Read Time":0.0,"I/O Write Time":0.0,"Temp I/O Read Time":0.0,"Temp I/O Write Time":0.0,"Plans":[{"Node Type":"Seq Scan","Parent Relationship":"Outer","Parallel Aware":false,"Async Capable":false,"Relation Name":"supplier","Schema":"public","Alias":"supplier","Startup Cost":0.0,"Total Cost":317.0,"Plan Rows":10000,"Plan Width":52,"Actual Startup Time":0.008,"Actual Total Time":0.769,"Actual Rows":10000,"Actual Loops":1,"Output":["supplier.su_suppkey","supplier.su_name","supplier.su_address","supplier.su_nationkey","supplier.su_phone","supplier.su_acctbal","supplier.su_comment"],"Shared Hit Blocks":217,"Shared Read Blocks":0,"Shared Dirtied Blocks":0,"Shared Written Blocks":0,"Local Hit Blocks":0,"Local Read Blocks":0,"Local Dirtied Blocks":0,"Local Written Blocks":0,"Temp Read Blocks":0,"Temp Written Blocks":0,"I/O Read Time":0.0,"I/O Write Time":0.0,"Temp I/O Read Time":0.0,"Temp I/O Write Time":0.0},{"Node Type":"Hash","Parent Relationship":"Inner","Parallel Aware":false,"Async Capable":false,"Startup Cost":1.77,"Total Cost":1.77,"Plan Rows":1,"Plan Width":4,"Actual Startup Time":0.016,"Actual Total Time":0.017,"Actual Rows":1,"Actual Loops":1,"Output":["nation.n_nationkey"],"Hash Buckets":1024,"Original Hash Buckets":1024,"Hash Batches":1,"Original Hash Batches":1,"Peak Memory Usage":9,"Shared Hit Blocks":1,"Shared Read Blocks":0,"Shared Dirtied Blocks":0,"Shared Written Blocks":0,"Local Hit Blocks":0,"Local Read Blocks":0,"Local Dirtied Blocks":0,"Local Written Blocks":0,"Temp Read Blocks":0,"Temp Written Blocks":0,"I/O Read Time":0.0,"I/O Write Time":0.0,"Temp I/O Read Time":0.0,"Temp I/O Write Time":0.0,"Plans":[{"Node Type":"Seq Scan","Parent Relationship":"Outer","Parallel Aware":false,"Async Capable":false,"Relation Name":"nation","Schema":"public","Alias":"nation","Startup Cost":0.0,"Total Cost":1.77,"Plan Rows":1,"Plan Width":4,"Actual Startup Time":0.008,"Actual Total Time":0.012,"Actual Rows":1,"Actual Loops":1,"Output":["nation.n_nationkey"],"Filter":"((nation.n_name)::text = 'France'::text)","Rows Removed by Filter":61,"Shared Hit Blocks":1,"Shared Read Blocks":0,"Shared Dirtied Blocks":0,"Shared Written Blocks":0,"Local Hit Blocks":0,"Local Read Blocks":0,"Local Dirtied Blocks":0,"Local Written Blocks":0,"Temp Read Blocks":0,"Temp Written Blocks":0,"I/O Read Time":0.0,"I/O Write Time":0.0,"Temp I/O Read Time":0.0,"Temp I/O Write Time":0.0}]}]}]}]}]},"Planning":{"Shared Hit Blocks":19,"Shared Read Blocks":0,"Shared Dirtied Blocks":0,"Shared Written Blocks":0,"Local Hit Blocks":0,"Local Read Blocks":0,"Local Dirtied Blocks":0,"Local Written Blocks":0,"Temp Read Blocks":0,"Temp Written Blocks":0,"I/O Read Time":0.0,"I/O Write Time":0.0,"Temp I/O Read Time":0.0,"Temp I/O Write Time":0.0},"Planning Time":1.424,"Triggers":[],"Execution Time":5813.26}]
[列存组合]: item, nation, supplier
[{"Plan":{"Node Type":"Sort","Parallel Aware":false,"Async Capable":false,"Startup Cost":2734759.08,"Total Cost":2734759.28,"Plan Rows":80,"Plan Width":44,"Actual Startup Time":10402.381,"Actual Total Time":10402.406,"Actual Rows":0,"Actual Loops":1,"Output":["supplier.su_name","supplier.su_address"],"Sort Key":["supplier.su_name"],"Sort Method":"quicksort","Sort Space Used":25,"Sort Space Type":"Memory","Shared Hit Blocks":1515140,"Shared Read Blocks":0,"Shared Dirtied Blocks":0,"Shared Written Blocks":0,"Local Hit Blocks":0,"Local Read Blocks":0,"Local Dirtied Blocks":0,"Local Written Blocks":0,"Temp Read Blocks":1223,"Temp Written Blocks":1232,"I/O Read Time":0.0,"I/O Write Time":0.0,"Temp I/O Read Time":1.785,"Temp I/O Write Time":4.936,"Plans":[{"Node Type":"Hash Join","Parent Relationship":"Outer","Parallel Aware":false,"Async Capable":false,"Join Type":"Inner","Startup Cost":2734753.77,"Total Cost":2734756.55,"Plan Rows":80,"Plan Width":44,"Actual Startup Time":10402.376,"Actual Total Time":10402.4,"Actual Rows":0,"Actual Loops":1,"Output":["supplier.su_name","supplier.su_address"],"Hash Cond":"((mod((stock.s_i_id * stock.s_w_id), 10000)) = supplier.su_suppkey)","Shared Hit Blocks":1515140,"Shared Read Blocks":0,"Shared Dirtied Blocks":0,"Shared Written Blocks":0,"Local Hit Blocks":0,"Local Read Blocks":0,"Local Dirtied Blocks":0,"Local Written Blocks":0,"Temp Read Blocks":1223,"Temp Written Blocks":1232,"I/O Read Time":0.0,"I/O Write Time":0.0,"Temp I/O Read Time":1.785,"Temp I/O Write Time":4.936,"Plans":[{"Node Type":"Aggregate","Strategy":"Hashed","Partial Mode":"Simple","Parent Relationship":"Outer","Parallel Aware":false,"Async Capable":false,"Startup Cost":2734666.43,"Total Cost":2734668.43,"Plan Rows":200,"Plan Width":4,"Actual Startup Time":10401.928,"Actual Total Time":10401.94,"Actual Rows":0,"Actual Loops":1,"Output":["(mod((stock.s_i_id * stock.s_w_id), 10000))"],"Group Key":["mod((stock.s_i_id * stock.s_w_id), 10000)"],"Planned Partitions":0,"HashAgg Batches":1,"Peak Memory Usage":40,"Disk Usage":0,"Shared Hit Blocks":1515140,"Shared Read Blocks":0,"Shared Dirtied Blocks":0,"Shared Written Blocks":0,"Local Hit Blocks":0,"Local Read Blocks":0,"Local Dirtied Blocks":0,"Local Written Blocks":0,"Temp Read Blocks":1223,"Temp Written Blocks":1232,"I/O Read Time":0.0,"I/O Write Time":0.0,"Temp I/O Read Time":1.785,"Temp I/O Write Time":4.936,"Plans":[{"Node Type":"Aggregate","Strategy":"Sorted","Partial Mode":"Simple","Parent Relationship":"Outer","Parallel Aware":false,"Async Capable":false,"Startup Cost":2728474.97,"Total Cost":2733829.75,"Plan Rows":66935,"Plan Width":12,"Actual Startup Time":10401.92,"Actual Total Time":10401.931,"Actual Rows":0,"Actual Loops":1,"Output":["mod((stock.s_i_id * stock.s_w_id), 10000)","stock.s_i_id","stock.s_w_id","stock.s_quantity"],"Group Key":["stock.s_i_id","stock.s_w_id"],"Filter":"((2 * stock.s_quantity) > sum(order_line.ol_quantity))","Rows Removed by Filter":5200,"Shared Hit Blocks":1515140,"Shared Read Blocks":0,"Shared Dirtied Blocks":0,"Shared Written Blocks":0,"Local Hit Blocks":0,"Local Read Blocks":0,"Local Dirtied Blocks":0,"Local Written Blocks":0,"Temp Read Blocks":1223,"Temp Written Blocks":1232,"I/O Read Time":0.0,"I/O Write Time":0.0,"Temp I/O Read Time":1.785,"Temp I/O Write Time":4.936,"Plans":[{"Node Type":"Sort","Parent Relationship":"Outer","Parallel Aware":false,"Async Capable":false,"Startup Cost":2728474.97,"Total Cost":2728976.98,"Plan Rows":200804,"Plan Width":10,"Actual Startup Time":10296.419,"Actual Total Time":10348.764,"Actual Rows":499000,"Actual Loops":1,"Output":["stock.s_i_id","stock.s_w_id","stock.s_quantity","order_line.ol_quantity"],"Sort Key":["stock.s_i_id","stock.s_w_id"],"Sort Method":"external merge","Sort Space Used":9784,"Sort Space Type":"Disk","Shared Hit Blocks":1515140,"Shared Read Blocks":0,"Shared Dirtied Blocks":0,"Shared Written Blocks":0,"Local Hit Blocks":0,"Local Read Blocks":0,"Local Dirtied Blocks":0,"Local Written Blocks":0,"Temp Read Blocks":1223,"Temp Written Blocks":1232,"I/O Read Time":0.0,"I/O Write Time":0.0,"Temp I/O Read Time":1.785,"Temp I/O Write Time":4.936,"Plans":[{"Node Type":"Hash Join","Parent Relationship":"Outer","Parallel Aware":false,"Async Capable":false,"Join Type":"Inner","Startup Cost":1086405.9,"Total Cost":2707355.23,"Plan Rows":200804,"Plan Width":10,"Actual Startup Time":4746.493,"Actual Total Time":10132.053,"Actual Rows":499000,"Actual Loops":1,"Output":["stock.s_i_id","stock.s_w_id","stock.s_quantity","order_line.ol_quantity"],"Hash Cond":"(order_line.ol_i_id = stock.s_i_id)","Shared Hit Blocks":1515140,"Shared Read Blocks":0,"Shared Dirtied Blocks":0,"Shared Written Blocks":0,"Local Hit Blocks":0,"Local Read Blocks":0,"Local Dirtied Blocks":0,"Local Written Blocks":0,"Temp Read Blocks":0,"Temp Written Blocks":0,"I/O Read Time":0.0,"I/O Write Time":0.0,"Temp I/O Read Time":0.0,"Temp I/O Write Time":0.0,"Plans":[{"Node Type":"Seq Scan","Parent Relationship":"Outer","Parallel Aware":false,"Async Capable":false,"Relation Name":"order_line","Schema":"public","Alias":"order_line","Startup Cost":0.0,"Total Cost":1581655.36,"Plan Rows":9942920,"Plan Width":6,"Actual Startup Time":0.009,"Actual Total Time":4607.288,"Actual Rows":9885180,"Actual Loops":1,"Output":["order_line.ol_o_id","order_line.ol_d_id","order_line.ol_w_id","order_line.ol_number","order_line.ol_i_id","order_line.ol_supply_w_id","order_line.ol_delivery_d","order_line.ol_quantity","order_line.ol_amount","order_line.ol_dist_info"],"Filter":"((order_line.ol_delivery_d >= '1994-01-02 20:10:02.27764'::timestamp without time zone) AND (order_line.ol_delivery_d < '1995-04-02 20:10:02.27764'::timestamp without time zone))","Rows Removed by Filter":50108581,"Shared Hit Blocks":681748,"Shared Read Blocks":0,"Shared Dirtied Blocks":0,"Shared Written Blocks":0,"Local Hit Blocks":0,"Local Read Blocks":0,"Local Dirtied Blocks":0,"Local Written Blocks":0,"Temp Read Blocks":0,"Temp Written Blocks":0,"I/O Read Time":0.0,"I/O Write Time":0.0,"Temp I/O Read Time":0.0,"Temp I/O Write Time":0.0},{"Node Type":"Hash","Parent Relationship":"Inner","Parallel Aware":false,"Async Capable":false,"Startup Cost":1086380.9,"Total Cost":1086380.9,"Plan Rows":2000,"Plan Width":12,"Actual Startup Time":4745.422,"Actual Total Time":4745.432,"Actual Rows":5200,"Actual Loops":1,"Output":["stock.s_i_id","stock.s_w_id","stock.s_quantity","item.i_id"],"Hash Buckets":8192,"Original Hash Buckets":2048,"Hash Batches":1,"Original Hash Batches":1,"Peak Memory Usage":288,"Shared Hit Blocks":833392,"Shared Read Blocks":0,"Shared Dirtied Blocks":0,"Shared Written Blocks":0,"Local Hit Blocks":0,"Local Read Blocks":0,"Local Dirtied Blocks":0,"Local Written Blocks":0,"Temp Read Blocks":0,"Temp Written Blocks":0,"I/O Read Time":0.0,"I/O Write Time":0.0,"Temp I/O Read Time":0.0,"Temp I/O Write Time":0.0,"Plans":[{"Node Type":"Hash Join","Parent Relationship":"Outer","Parallel Aware":false,"Async Capable":false,"Join Type":"Inner","Startup Cost":484.0,"Total Cost":1086380.9,"Plan Rows":2000,"Plan Width":12,"Actual Startup Time":2.308,"Actual Total Time":4743.819,"Actual Rows":5200,"Actual Loops":1,"Output":["stock.s_i_id","stock.s_w_id","stock.s_quantity","item.i_id"],"Hash Cond":"(stock.s_i_id = item.i_id)","Shared Hit Blocks":833392,"Shared Read Blocks":0,"Shared Dirtied Blocks":0,"Shared Written Blocks":0,"Local Hit Blocks":0,"Local Read Blocks":0,"Local Dirtied Blocks":0,"Local Written Blocks":0,"Temp Read Blocks":0,"Temp Written Blocks":0,"I/O Read Time":0.0,"I/O Write Time":0.0,"Temp I/O Read Time":0.0,"Temp I/O Write Time":0.0,"Plans":[{"Node Type":"Seq Scan","Parent Relationship":"Outer","Parallel Aware":false,"Async Capable":false,"Relation Name":"stock","Schema":"public","Alias":"stock","Startup Cost":0.0,"Total Cost":1033394.12,"Plan Rows":20000212,"Plan Width":8,"Actual Startup Time":0.004,"Actual Total Time":1697.959,"Actual Rows":20000000,"Actual Loops":1,"Output":["stock.s_i_id","stock.s_w_id","stock.s_quantity","stock.s_dist_01","stock.s_dist_02","stock.s_dist_03","stock.s_dist_04","stock.s_dist_05","stock.s_dist_06","stock.s_dist_07","stock.s_dist_08","stock.s_dist_09","stock.s_dist_10","stock.s_ytd","stock.s_order_cnt","stock.s_remote_cnt","stock.s_data"],"Shared Hit Blocks":833392,"Shared Read Blocks":0,"Shared Dirtied Blocks":0,"Shared Written Blocks":0,"Local Hit Blocks":0,"Local Read Blocks":0,"Local Dirtied Blocks":0,"Local Written Blocks":0,"Temp Read Blocks":0,"Temp Written Blocks":0,"I/O Read Time":0.0,"I/O Write Time":0.0,"Temp I/O Read Time":0.0,"Temp I/O Write Time":0.0},{"Node Type":"Hash","Parent Relationship":"Inner","Parallel Aware":false,"Async Capable":false,"Startup Cost":483.86,"Total Cost":483.86,"Plan Rows":11,"Plan Width":4,"Actual Startup Time":2.046,"Actual Total Time":2.051,"Actual Rows":26,"Actual Loops":1,"Output":["item.i_id"],"Hash Buckets":1024,"Original Hash Buckets":1024,"Hash Batches":1,"Original Hash Batches":1,"Peak Memory Usage":9,"Shared Hit Blocks":0,"Shared Read Blocks":0,"Shared Dirtied Blocks":0,"Shared Written Blocks":0,"Local Hit Blocks":0,"Local Read Blocks":0,"Local Dirtied Blocks":0,"Local Written Blocks":0,"Temp Read Blocks":0,"Temp Written Blocks":0,"I/O Read Time":0.0,"I/O Write Time":0.0,"Temp I/O Read Time":0.0,"Temp I/O Write Time":0.0,"Plans":[{"Node Type":"Append","Parent Relationship":"Outer","Parallel Aware":false,"Async Capable":false,"Startup Cost":20.0,"Total Cost":483.86,"Plan Rows":11,"Plan Width":4,"Actual Startup Time":2.012,"Actual Total Time":2.044,"Actual Rows":26,"Actual Loops":1,"Shared Hit Blocks":0,"Shared Read Blocks":0,"Shared Dirtied Blocks":0,"Shared Written Blocks":0,"Local Hit Blocks":0,"Local Read Blocks":0,"Local Dirtied Blocks":0,"Local Written Blocks":0,"Temp Read Blocks":0,"Temp Written Blocks":0,"I/O Read Time":0.0,"I/O Write Time":0.0,"Temp I/O Read Time":0.0,"Temp I/O Write Time":0.0,"Subplans Removed":0,"Plans":[{"Node Type":"Custom Scan","Parent Relationship":"Member","Custom Plan Provider":"columnar scan","Parallel Aware":false,"Async Capable":false,"Relation Name":"item","Schema":"public","Alias":"item","Startup Cost":20.0,"Total Cost":20.18,"Plan Rows":10,"Plan Width":4,"Actual Startup Time":2.011,"Actual Total Time":2.039,"Actual Rows":26,"Actual Loops":1,"Output":["item.i_id"],"Filter":"((item.i_data)::text ~~ 'co%'::text)","Rows Removed by Filter":0,"Rows Removed by Columnar Filter":99974,"Columnar cache search mode":"native","Shared Hit Blocks":0,"Shared Read Blocks":0,"Shared Dirtied Blocks":0,"Shared Written Blocks":0,"Local Hit Blocks":0,"Local Read Blocks":0,"Local Dirtied Blocks":0,"Local Written Blocks":0,"Temp Read Blocks":0,"Temp Written Blocks":0,"I/O Read Time":0.0,"I/O Write Time":0.0,"Temp I/O Read Time":0.0,"Temp I/O Write Time":0.0},{"Node Type":"Seq Scan","Parent Relationship":"Member","Parallel Aware":false,"Async Capable":false,"Relation Name":"item","Schema":"public","Alias":"item","Startup Cost":0.0,"Total Cost":4.01,"Plan Rows":1,"Plan Width":4,"Actual Startup Time":0.0,"Actual Total Time":0.0,"Actual Rows":0,"Actual Loops":0,"Output":["item.i_id"],"Filter":"((item.i_data)::text ~~ 'co%'::text)","Rows Removed by Filter":0,"Shared Hit Blocks":0,"Shared Read Blocks":0,"Shared Dirtied Blocks":0,"Shared Written Blocks":0,"Local Hit Blocks":0,"Local Read Blocks":0,"Local Dirtied Blocks":0,"Local Written Blocks":0,"Temp Read Blocks":0,"Temp Written Blocks":0,"I/O Read Time":0.0,"I/O Write Time":0.0,"Temp I/O Read Time":0.0,"Temp I/O Write Time":0.0}]}]}]}]}]}]}]}]},{"Node Type":"Hash","Parent Relationship":"Inner","Parallel Aware":false,"Async Capable":false,"Startup Cost":85.33,"Total Cost":85.33,"Plan Rows":161,"Plan Width":48,"Actual Startup Time":0.443,"Actual Total Time":0.454,"Actual Rows":164,"Actual Loops":1,"Output":["supplier.su_name","supplier.su_address","supplier.su_suppkey"],"Hash Buckets":1024,"Original Hash Buckets":1024,"Hash Batches":1,"Original Hash Batches":1,"Peak Memory Usage":22,"Shared Hit Blocks":0,"Shared Read Blocks":0,"Shared Dirtied Blocks":0,"Shared Written Blocks":0,"Local Hit Blocks":0,"Local Read Blocks":0,"Local Dirtied Blocks":0,"Local Written Blocks":0,"Temp Read Blocks":0,"Temp Written Blocks":0,"I/O Read Time":0.0,"I/O Write Time":0.0,"Temp I/O Read Time":0.0,"Temp I/O Write Time":0.0,"Plans":[{"Node Type":"Hash Join","Parent Relationship":"Outer","Parallel Aware":false,"Async Capable":false,"Join Type":"Inner","Startup Cost":44.02,"Total Cost":85.33,"Plan Rows":161,"Plan Width":48,"Actual Startup Time":0.381,"Actual Total Time":0.407,"Actual Rows":164,"Actual Loops":1,"Output":["supplier.su_name","supplier.su_address","supplier.su_suppkey"],"Hash Cond":"(supplier.su_nationkey = nation.n_nationkey)","Rows Removed by Bloom Filter":9685,"Shared Hit Blocks":0,"Shared Read Blocks":0,"Shared Dirtied Blocks":0,"Shared Written Blocks":0,"Local Hit Blocks":0,"Local Read Blocks":0,"Local Dirtied Blocks":0,"Local Written Blocks":0,"Temp Read Blocks":0,"Temp Written Blocks":0,"I/O Read Time":0.0,"I/O Write Time":0.0,"Temp I/O Read Time":0.0,"Temp I/O Write Time":0.0,"Plans":[{"Node Type":"Append","Parent Relationship":"Outer","Parallel Aware":false,"Async Capable":false,"Startup Cost":20.0,"Total Cost":259.01,"Plan Rows":10001,"Plan Width":52,"Actual Startup Time":0.005,"Actual Total Time":0.008,"Actual Rows":10000,"Actual Loops":1,"Shared Hit Blocks":0,"Shared Read Blocks":0,"Shared Dirtied Blocks":0,"Shared Written Blocks":0,"Local Hit Blocks":0,"Local Read Blocks":0,"Local Dirtied Blocks":0,"Local Written Blocks":0,"Temp Read Blocks":0,"Temp Written Blocks":0,"I/O Read Time":0.0,"I/O Write Time":0.0,"Temp I/O Read Time":0.0,"Temp I/O Write Time":0.0,"Subplans Removed":0,"Plans":[{"Node Type":"Custom Scan","Parent Relationship":"Member","Custom Plan Provider":"columnar scan","Parallel Aware":false,"Async Capable":false,"Relation Name":"supplier","Schema":"public","Alias":"supplier","Startup Cost":20.0,"Total Cost":255.0,"Plan Rows":10000,"Plan Width":52,"Actual Startup Time":0.005,"Actual Total Time":0.005,"Actual Rows":10000,"Actual Loops":1,"Output":["supplier.su_name","supplier.su_address","supplier.su_nationkey","supplier.su_suppkey"],"Rows Removed by Columnar Filter":0,"Columnar cache search mode":"native","Shared Hit Blocks":0,"Shared Read Blocks":0,"Shared Dirtied Blocks":0,"Shared Written Blocks":0,"Local Hit Blocks":0,"Local Read Blocks":0,"Local Dirtied Blocks":0,"Local Written Blocks":0,"Temp Read Blocks":0,"Temp Written Blocks":0,"I/O Read Time":0.0,"I/O Write Time":0.0,"Temp I/O Read Time":0.0,"Temp I/O Write Time":0.0},{"Node Type":"Seq Scan","Parent Relationship":"Member","Parallel Aware":false,"Async Capable":false,"Relation Name":"supplier","Schema":"public","Alias":"supplier","Startup Cost":0.0,"Total Cost":4.01,"Plan Rows":1,"Plan Width":52,"Actual Startup Time":0.0,"Actual Total Time":0.0,"Actual Rows":0,"Actual Loops":0,"Output":["supplier.su_name","supplier.su_address","supplier.su_nationkey","supplier.su_suppkey"],"Shared Hit Blocks":0,"Shared Read Blocks":0,"Shared Dirtied Blocks":0,"Shared Written Blocks":0,"Local Hit Blocks":0,"Local Read Blocks":0,"Local Dirtied Blocks":0,"Local Written Blocks":0,"Temp Read Blocks":0,"Temp Written Blocks":0,"I/O Read Time":0.0,"I/O Write Time":0.0,"Temp I/O Read Time":0.0,"Temp I/O Write Time":0.0}]},{"Node Type":"Hash","Parent Relationship":"Inner","Parallel Aware":false,"Async Capable":false,"Startup Cost":24.04,"Total Cost":24.04,"Plan Rows":2,"Plan Width":4,"Actual Rows":1,"Actual Loops":1,"Output":["nation.n_nationkey"],"Shared Hit Blocks":0,"Shared Read Blocks":0,"Shared Dirtied Blocks":0,"Shared Written Blocks":0,"Local Hit Blocks":0,"Local Read Blocks":0,"Local Dirtied Blocks":0,"Local Written Blocks":0,"Temp Read Blocks":0,"Temp Written Blocks":0,"I/O Read Time":0.0,"I/O Write Time":0.0,"Temp I/O Read Time":0.0,"Temp I/O Write Time":0.0,"Plans":[{"Node Type":"Append","Parent Relationship":"Outer","Parallel Aware":false,"Async Capable":false,"Startup Cost":20.0,"Total Cost":24.04,"Plan Rows":2,"Plan Width":4,"Actual Startup Time":0.032,"Actual Total Time":0.035,"Actual Rows":1,"Actual Loops":1,"Shared Hit Blocks":0,"Shared Read Blocks":0,"Shared Dirtied Blocks":0,"Shared Written Blocks":0,"Local Hit Blocks":0,"Local Read Blocks":0,"Local Dirtied Blocks":0,"Local Written Blocks":0,"Temp Read Blocks":0,"Temp Written Blocks":0,"I/O Read Time":0.0,"I/O Write Time":0.0,"Temp I/O Read Time":0.0,"Temp I/O Write Time":0.0,"Subplans Removed":0,"Plans":[{"Node Type":"Custom Scan","Parent Relationship":"Member","Custom Plan Provider":"columnar scan","Parallel Aware":false,"Async Capable":false,"Relation Name":"nation","Schema":"public","Alias":"nation","Startup Cost":20.0,"Total Cost":20.02,"Plan Rows":1,"Plan Width":4,"Actual Startup Time":0.029,"Actual Total Time":0.03,"Actual Rows":1,"Actual Loops":1,"Output":["nation.n_nationkey"],"Filter":"((nation.n_name)::text = 'France'::text)","Rows Removed by Filter":0,"Rows Removed by Columnar Filter":61,"Columnar cache search mode":"native","Shared Hit Blocks":0,"Shared Read Blocks":0,"Shared Dirtied Blocks":0,"Shared Written Blocks":0,"Local Hit Blocks":0,"Local Read Blocks":0,"Local Dirtied Blocks":0,"Local Written Blocks":0,"Temp Read Blocks":0,"Temp Written Blocks":0,"I/O Read Time":0.0,"I/O Write Time":0.0,"Temp I/O Read Time":0.0,"Temp I/O Write Time":0.0},{"Node Type":"Seq Scan","Parent Relationship":"Member","Parallel Aware":false,"Async Capable":false,"Relation Name":"nation","Schema":"public","Alias":"nation","Startup Cost":0.0,"Total Cost":4.01,"Plan Rows":1,"Plan Width":4,"Actual Startup Time":0.0,"Actual Total Time":0.0,"Actual Rows":0,"Actual Loops":0,"Output":["nation.n_nationkey"],"Filter":"((nation.n_name)::text = 'France'::text)","Rows Removed by Filter":0,"Shared Hit Blocks":0,"Shared Read Blocks":0,"Shared Dirtied Blocks":0,"Shared Written Blocks":0,"Local Hit Blocks":0,"Local Read Blocks":0,"Local Dirtied Blocks":0,"Local Written Blocks":0,"Temp Read Blocks":0,"Temp Written Blocks":0,"I/O Read Time":0.0,"I/O Write Time":0.0,"Temp I/O Read Time":0.0,"Temp I/O Write Time":0.0}]}]}]}]}]}]},"Planning":{"Shared Hit Blocks":19,"Shared Read Blocks":0,"Shared Dirtied Blocks":0,"Shared Written Blocks":0,"Local Hit Blocks":0,"Local Read Blocks":0,"Local Dirtied Blocks":0,"Local Written Blocks":0,"Temp Read Blocks":0,"Temp Written Blocks":0,"I/O Read Time":0.0,"I/O Write Time":0.0,"Temp I/O Read Time":0.0,"Temp I/O Write Time":0.0},"Planning Time":0.587,"Triggers":[],"Execution Time":10404.446}]
[列存组合]: item, order_line, stock
[{"Plan":{"Node Type":"Sort","Parallel Aware":false,"Async Capable":false,"Startup Cost":105396.63,"Total Cost":105396.83,"Plan Rows":80,"Plan Width":44,"Actual Startup Time":366.512,"Actual Total Time":366.521,"Actual Rows":0,"Actual Loops":1,"Output":["supplier.su_name","supplier.su_address"],"Sort Key":["supplier.su_name"],"Sort Method":"quicksort","Sort Space Used":25,"Sort Space Type":"Memory","Shared Hit Blocks":218,"Shared Read Blocks":0,"Shared Dirtied Blocks":0,"Shared Written Blocks":0,"Local Hit Blocks":0,"Local Read Blocks":0,"Local Dirtied Blocks":0,"Local Written Blocks":0,"Temp Read Blocks":0,"Temp Written Blocks":0,"I/O Read Time":0.0,"I/O Write Time":0.0,"Temp I/O Read Time":0.0,"Temp I/O Write Time":0.0,"Plans":[{"Node Type":"Hash Join","Parent Relationship":"Outer","Parallel Aware":false,"Async Capable":false,"Join Type":"Inner","Startup Cost":105391.32,"Total Cost":105394.1,"Plan Rows":80,"Plan Width":44,"Actual Startup Time":366.501,"Actual Total Time":366.51,"Actual Rows":0,"Actual Loops":1,"Output":["supplier.su_name","supplier.su_address"],"Hash Cond":"((mod((stock.s_i_id * stock.s_w_id), 10000)) = supplier.su_suppkey)","Shared Hit Blocks":218,"Shared Read Blocks":0,"Shared Dirtied Blocks":0,"Shared Written Blocks":0,"Local Hit Blocks":0,"Local Read Blocks":0,"Local Dirtied Blocks":0,"Local Written Blocks":0,"Temp Read Blocks":0,"Temp Written Blocks":0,"I/O Read Time":0.0,"I/O Write Time":0.0,"Temp I/O Read Time":0.0,"Temp I/O Write Time":0.0,"Plans":[{"Node Type":"Aggregate","Strategy":"Hashed","Partial Mode":"Simple","Parent Relationship":"Outer","Parallel Aware":false,"Async Capable":false,"Startup Cost":105042.48,"Total Cost":105044.48,"Plan Rows":200,"Plan Width":4,"Actual Startup Time":364.576,"Actual Total Time":364.582,"Actual Rows":0,"Actual Loops":1,"Output":["(mod((stock.s_i_id * stock.s_w_id), 10000))"],"Group Key":["mod((stock.s_i_id * stock.s_w_id), 10000)"],"Planned Partitions":0,"HashAgg Batches":1,"Peak Memory Usage":40,"Disk Usage":0,"Shared Hit Blocks":0,"Shared Read Blocks":0,"Shared Dirtied Blocks":0,"Shared Written Blocks":0,"Local Hit Blocks":0,"Local Read Blocks":0,"Local Dirtied Blocks":0,"Local Written Blocks":0,"Temp Read Blocks":0,"Temp Written Blocks":0,"I/O Read Time":0.0,"I/O Write Time":0.0,"Temp I/O Read Time":0.0,"Temp I/O Write Time":0.0,"Plans":[{"Node Type":"Aggregate","Strategy":"Hashed","Partial Mode":"Simple","Parent Relationship":"Outer","Parallel Aware":false,"Async Capable":false,"Startup Cost":98898.08,"Total Cost":104205.79,"Plan Rows":66935,"Plan Width":12,"Actual Startup Time":364.573,"Actual Total Time":364.579,"Actual Rows":0,"Actual Loops":1,"Output":["mod((stock.s_i_id * stock.s_w_id), 10000)","stock.s_i_id","stock.s_w_id","stock.s_quantity"],"Group Key":["stock.s_i_id","stock.s_w_id"],"Filter":"((2 * stock.s_quantity) > sum(order_line.ol_quantity))","Planned Partitions":4,"HashAgg Batches":1,"Peak Memory Usage":3601,"Disk Usage":0,"Rows Removed by Filter":5200,"Shared Hit Blocks":0,"Shared Read Blocks":0,"Shared Dirtied Blocks":0,"Shared Written Blocks":0,"Local Hit Blocks":0,"Local Read Blocks":0,"Local Dirtied Blocks":0,"Local Written Blocks":0,"Temp Read Blocks":0,"Temp Written Blocks":0,"I/O Read Time":0.0,"I/O Write Time":0.0,"Temp I/O Read Time":0.0,"Temp I/O Write Time":0.0,"Plans":[{"Node Type":"Hash Join","Parent Relationship":"Outer","Parallel Aware":false,"Async Capable":false,"Join Type":"Inner","Startup Cost":44604.24,"Total Cost":85532.07,"Plan Rows":200804,"Plan Width":10,"Actual Startup Time":133.841,"Actual Total Time":264.18,"Actual Rows":499000,"Actual Loops":1,"Output":["stock.s_i_id","stock.s_w_id","stock.s_quantity","order_line.ol_quantity"],"Hash Cond":"(order_line.ol_i_id = stock.s_i_id)","Rows Removed by Bloom Filter":46436875,"Shared Hit Blocks":0,"Shared Read Blocks":0,"Shared Dirtied Blocks":0,"Shared Written Blocks":0,"Local Hit Blocks":0,"Local Read Blocks":0,"Local Dirtied Blocks":0,"Local Written Blocks":0,"Temp Read Blocks":0,"Temp Written Blocks":0,"I/O Read Time":0.0,"I/O Write Time":0.0,"Temp I/O Read Time":0.0,"Temp I/O Write Time":0.0,"Plans":[{"Node Type":"Append","Parent Relationship":"Outer","Parallel Aware":false,"Async Capable":false,"Startup Cost":20.0,"Total Cost":193913.85,"Plan Rows":9942920,"Plan Width":6,"Actual Startup Time":23.099,"Actual Total Time":23.101,"Actual Rows":9885180,"Actual Loops":1,"Shared Hit Blocks":0,"Shared Read Blocks":0,"Shared Dirtied Blocks":0,"Shared Written Blocks":0,"Local Hit Blocks":0,"Local Read Blocks":0,"Local Dirtied Blocks":0,"Local Written Blocks":0,"Temp Read Blocks":0,"Temp Written Blocks":0,"I/O Read Time":0.0,"I/O Write Time":0.0,"Temp I/O Read Time":0.0,"Temp I/O Write Time":0.0,"Subplans Removed":0,"Plans":[{"Node Type":"Custom Scan","Parent Relationship":"Member","Custom Plan Provider":"columnar scan","Parallel Aware":false,"Async Capable":false,"Relation Name":"order_line","Schema":"public","Alias":"order_line","Startup Cost":20.0,"Total Cost":193908.91,"Plan Rows":9942910,"Plan Width":6,"Actual Startup Time":23.095,"Actual Total Time":23.097,"Actual Rows":9885180,"Actual Loops":1,"Output":["order_line.ol_quantity","order_line.ol_i_id"],"Filter":"((order_line.ol_delivery_d < '1995-04-02 20:10:02.27764'::timestamp without time zone) AND (order_line.ol_delivery_d >= '1994-01-02 20:10:02.27764'::timestamp without time zone))","Rows Removed by Filter":0,"Rows Removed by Columnar Filter":50108581,"Columnar cache search mode":"native","Shared Hit Blocks":0,"Shared Read Blocks":0,"Shared Dirtied Blocks":0,"Shared Written Blocks":0,"Local Hit Blocks":0,"Local Read Blocks":0,"Local Dirtied Blocks":0,"Local Written Blocks":0,"Temp Read Blocks":0,"Temp Written Blocks":0,"I/O Read Time":0.0,"I/O Write Time":0.0,"Temp I/O Read Time":0.0,"Temp I/O Write Time":0.0},{"Node Type":"Seq Scan","Parent Relationship":"Member","Parallel Aware":false,"Async Capable":false,"Relation Name":"order_line","Schema":"public","Alias":"order_line","Startup Cost":0.0,"Total Cost":4.95,"Plan Rows":10,"Plan Width":6,"Actual Startup Time":0.0,"Actual Total Time":0.0,"Actual Rows":0,"Actual Loops":0,"Output":["order_line.ol_quantity","order_line.ol_i_id"],"Filter":"((order_line.ol_delivery_d < '1995-04-02 20:10:02.27764'::timestamp without time zone) AND (order_line.ol_delivery_d >= '1994-01-02 20:10:02.27764'::timestamp without time zone))","Rows Removed by Filter":0,"Shared Hit Blocks":0,"Shared Read Blocks":0,"Shared Dirtied Blocks":0,"Shared Written Blocks":0,"Local Hit Blocks":0,"Local Read Blocks":0,"Local Dirtied Blocks":0,"Local Written Blocks":0,"Temp Read Blocks":0,"Temp Written Blocks":0,"I/O Read Time":0.0,"I/O Write Time":0.0,"Temp I/O Read Time":0.0,"Temp I/O Write Time":0.0}]},{"Node Type":"Hash","Parent Relationship":"Inner","Parallel Aware":false,"Async Capable":false,"Startup Cost":44594.0,"Total Cost":44594.0,"Plan Rows":2000,"Plan Width":12,"Actual Rows":5200,"Actual Loops":1,"Output":["stock.s_i_id","stock.s_w_id","stock.s_quantity","item.i_id"],"Shared Hit Blocks":0,"Shared Read Blocks":0,"Shared Dirtied Blocks":0,"Shared Written Blocks":0,"Local Hit Blocks":0,"Local Read Blocks":0,"Local Dirtied Blocks":0,"Local Written Blocks":0,"Temp Read Blocks":0,"Temp Written Blocks":0,"I/O Read Time":0.0,"I/O Write Time":0.0,"Temp I/O Read Time":0.0,"Temp I/O Write Time":0.0,"Plans":[{"Node Type":"Hash Join","Parent Relationship":"Outer","Parallel Aware":false,"Async Capable":false,"Join Type":"Inner","Startup Cost":44.04,"Total Cost":44594.0,"Plan Rows":2000,"Plan Width":12,"Actual Startup Time":99.961,"Actual Total Time":99.964,"Actual Rows":5200,"Actual Loops":1,"Output":["stock.s_i_id","stock.s_w_id","stock.s_quantity","item.i_id"],"Hash Cond":"(stock.s_i_id = item.i_id)","Rows Removed by Bloom Filter":18979400,"Shared Hit Blocks":0,"Shared Read Blocks":0,"Shared Dirtied Blocks":0,"Shared Written Blocks":0,"Local Hit Blocks":0,"Local Read Blocks":0,"Local Dirtied Blocks":0,"Local Written Blocks":0,"Temp Read Blocks":0,"Temp Written Blocks":0,"I/O Read Time":0.0,"I/O Write Time":0.0,"Temp I/O Read Time":0.0,"Temp I/O Write Time":0.0,"Plans":[{"Node Type":"Append","Parent Relationship":"Outer","Parallel Aware":false,"Async Capable":false,"Startup Cost":20.0,"Total Cost":430026.22,"Plan Rows":20000212,"Plan Width":8,"Actual Startup Time":0.392,"Actual Total Time":0.393,"Actual Rows":20000000,"Actual Loops":1,"Shared Hit Blocks":0,"Shared Read Blocks":0,"Shared Dirtied Blocks":0,"Shared Written Blocks":0,"Local Hit Blocks":0,"Local Read Blocks":0,"Local Dirtied Blocks":0,"Local Written Blocks":0,"Temp Read Blocks":0,"Temp Written Blocks":0,"I/O Read Time":0.0,"I/O Write Time":0.0,"Temp I/O Read Time":0.0,"Temp I/O Write Time":0.0,"Subplans Removed":0,"Plans":[{"Node Type":"Custom Scan","Parent Relationship":"Member","Custom Plan Provider":"columnar scan","Parallel Aware":false,"Async Capable":false,"Relation Name":"stock","Schema":"public","Alias":"stock","Startup Cost":20.0,"Total Cost":430020.1,"Plan Rows":20000000,"Plan Width":8,"Actual Startup Time":0.391,"Actual Total Time":0.391,"Actual Rows":20000000,"Actual Loops":1,"Output":["stock.s_i_id","stock.s_w_id","stock.s_quantity"],"Rows Removed by Columnar Filter":0,"Columnar cache search mode":"native","Shared Hit Blocks":0,"Shared Read Blocks":0,"Shared Dirtied Blocks":0,"Shared Written Blocks":0,"Local Hit Blocks":0,"Local Read Blocks":0,"Local Dirtied Blocks":0,"Local Written Blocks":0,"Temp Read Blocks":0,"Temp Written Blocks":0,"I/O Read Time":0.0,"I/O Write Time":0.0,"Temp I/O Read Time":0.0,"Temp I/O Write Time":0.0},{"Node Type":"Seq Scan","Parent Relationship":"Member","Parallel Aware":false,"Async Capable":false,"Relation Name":"stock","Schema":"public","Alias":"stock","Startup Cost":0.0,"Total Cost":6.12,"Plan Rows":212,"Plan Width":8,"Actual Startup Time":0.0,"Actual Total Time":0.0,"Actual Rows":0,"Actual Loops":0,"Output":["stock.s_i_id","stock.s_w_id","stock.s_quantity"],"Shared Hit Blocks":0,"Shared Read Blocks":0,"Shared Dirtied Blocks":0,"Shared Written Blocks":0,"Local Hit Blocks":0,"Local Read Blocks":0,"Local Dirtied Blocks":0,"Local Written Blocks":0,"Temp Read Blocks":0,"Temp Written Blocks":0,"I/O Read Time":0.0,"I/O Write Time":0.0,"Temp I/O Read Time":0.0,"Temp I/O Write Time":0.0}]},{"Node Type":"Hash","Parent Relationship":"Inner","Parallel Aware":false,"Async Capable":false,"Startup Cost":24.19,"Total Cost":24.19,"Plan Rows":11,"Plan Width":4,"Actual Rows":26,"Actual Loops":1,"Output":["item.i_id"],"Shared Hit Blocks":0,"Shared Read Blocks":0,"Shared Dirtied Blocks":0,"Shared Written Blocks":0,"Local Hit Blocks":0,"Local Read Blocks":0,"Local Dirtied Blocks":0,"Local Written Blocks":0,"Temp Read Blocks":0,"Temp Written Blocks":0,"I/O Read Time":0.0,"I/O Write Time":0.0,"Temp I/O Read Time":0.0,"Temp I/O Write Time":0.0,"Plans":[{"Node Type":"Append","Parent Relationship":"Outer","Parallel Aware":false,"Async Capable":false,"Startup Cost":20.0,"Total Cost":24.19,"Plan Rows":11,"Plan Width":4,"Actual Startup Time":2.086,"Actual Total Time":2.087,"Actual Rows":26,"Actual Loops":1,"Shared Hit Blocks":0,"Shared Read Blocks":0,"Shared Dirtied Blocks":0,"Shared Written Blocks":0,"Local Hit Blocks":0,"Local Read Blocks":0,"Local Dirtied Blocks":0,"Local Written Blocks":0,"Temp Read Blocks":0,"Temp Written Blocks":0,"I/O Read Time":0.0,"I/O Write Time":0.0,"Temp I/O Read Time":0.0,"Temp I/O Write Time":0.0,"Subplans Removed":0,"Plans":[{"Node Type":"Custom Scan","Parent Relationship":"Member","Custom Plan Provider":"columnar scan","Parallel Aware":false,"Async Capable":false,"Relation Name":"item","Schema":"public","Alias":"item","Startup Cost":20.0,"Total Cost":20.18,"Plan Rows":10,"Plan Width":4,"Actual Startup Time":2.084,"Actual Total Time":2.085,"Actual Rows":26,"Actual Loops":1,"Output":["item.i_id"],"Filter":"((item.i_data)::text ~~ 'co%'::text)","Rows Removed by Filter":0,"Rows Removed by Columnar Filter":99974,"Columnar cache search mode":"native","Shared Hit Blocks":0,"Shared Read Blocks":0,"Shared Dirtied Blocks":0,"Shared Written Blocks":0,"Local Hit Blocks":0,"Local Read Blocks":0,"Local Dirtied Blocks":0,"Local Written Blocks":0,"Temp Read Blocks":0,"Temp Written Blocks":0,"I/O Read Time":0.0,"I/O Write Time":0.0,"Temp I/O Read Time":0.0,"Temp I/O Write Time":0.0},{"Node Type":"Seq Scan","Parent Relationship":"Member","Parallel Aware":false,"Async Capable":false,"Relation Name":"item","Schema":"public","Alias":"item","Startup Cost":0.0,"Total Cost":4.01,"Plan Rows":1,"Plan Width":4,"Actual Startup Time":0.0,"Actual Total Time":0.0,"Actual Rows":0,"Actual Loops":0,"Output":["item.i_id"],"Filter":"((item.i_data)::text ~~ 'co%'::text)","Rows Removed by Filter":0,"Shared Hit Blocks":0,"Shared Read Blocks":0,"Shared Dirtied Blocks":0,"Shared Written Blocks":0,"Local Hit Blocks":0,"Local Read Blocks":0,"Local Dirtied Blocks":0,"Local Written Blocks":0,"Temp Read Blocks":0,"Temp Written Blocks":0,"I/O Read Time":0.0,"I/O Write Time":0.0,"Temp I/O Read Time":0.0,"Temp I/O Write Time":0.0}]}]}]}]}]}]}]},{"Node Type":"Hash","Parent Relationship":"Inner","Parallel Aware":false,"Async Capable":false,"Startup Cost":346.83,"Total Cost":346.83,"Plan Rows":161,"Plan Width":48,"Actual Startup Time":1.914,"Actual Total Time":1.916,"Actual Rows":164,"Actual Loops":1,"Output":["supplier.su_name","supplier.su_address","supplier.su_suppkey"],"Hash Buckets":1024,"Original Hash Buckets":1024,"Hash Batches":1,"Original Hash Batches":1,"Peak Memory Usage":22,"Shared Hit Blocks":218,"Shared Read Blocks":0,"Shared Dirtied Blocks":0,"Shared Written Blocks":0,"Local Hit Blocks":0,"Local Read Blocks":0,"Local Dirtied Blocks":0,"Local Written Blocks":0,"Temp Read Blocks":0,"Temp Written Blocks":0,"I/O Read Time":0.0,"I/O Write Time":0.0,"Temp I/O Read Time":0.0,"Temp I/O Write Time":0.0,"Plans":[{"Node Type":"Hash Join","Parent Relationship":"Outer","Parallel Aware":false,"Async Capable":false,"Join Type":"Inner","Startup Cost":1.79,"Total Cost":346.83,"Plan Rows":161,"Plan Width":48,"Actual Startup Time":0.038,"Actual Total Time":1.882,"Actual Rows":164,"Actual Loops":1,"Output":["supplier.su_name","supplier.su_address","supplier.su_suppkey"],"Hash Cond":"(supplier.su_nationkey = nation.n_nationkey)","Shared Hit Blocks":218,"Shared Read Blocks":0,"Shared Dirtied Blocks":0,"Shared Written Blocks":0,"Local Hit Blocks":0,"Local Read Blocks":0,"Local Dirtied Blocks":0,"Local Written Blocks":0,"Temp Read Blocks":0,"Temp Written Blocks":0,"I/O Read Time":0.0,"I/O Write Time":0.0,"Temp I/O Read Time":0.0,"Temp I/O Write Time":0.0,"Plans":[{"Node Type":"Seq Scan","Parent Relationship":"Outer","Parallel Aware":false,"Async Capable":false,"Relation Name":"supplier","Schema":"public","Alias":"supplier","Startup Cost":0.0,"Total Cost":317.0,"Plan Rows":10000,"Plan Width":52,"Actual Startup Time":0.009,"Actual Total Time":0.848,"Actual Rows":10000,"Actual Loops":1,"Output":["supplier.su_suppkey","supplier.su_name","supplier.su_address","supplier.su_nationkey","supplier.su_phone","supplier.su_acctbal","supplier.su_comment"],"Shared Hit Blocks":217,"Shared Read Blocks":0,"Shared Dirtied Blocks":0,"Shared Written Blocks":0,"Local Hit Blocks":0,"Local Read Blocks":0,"Local Dirtied Blocks":0,"Local Written Blocks":0,"Temp Read Blocks":0,"Temp Written Blocks":0,"I/O Read Time":0.0,"I/O Write Time":0.0,"Temp I/O Read Time":0.0,"Temp I/O Write Time":0.0},{"Node Type":"Hash","Parent Relationship":"Inner","Parallel Aware":false,"Async Capable":false,"Startup Cost":1.77,"Total Cost":1.77,"Plan Rows":1,"Plan Width":4,"Actual Startup Time":0.016,"Actual Total Time":0.017,"Actual Rows":1,"Actual Loops":1,"Output":["nation.n_nationkey"],"Hash Buckets":1024,"Original Hash Buckets":1024,"Hash Batches":1,"Original Hash Batches":1,"Peak Memory Usage":9,"Shared Hit Blocks":1,"Shared Read Blocks":0,"Shared Dirtied Blocks":0,"Shared Written Blocks":0,"Local Hit Blocks":0,"Local Read Blocks":0,"Local Dirtied Blocks":0,"Local Written Blocks":0,"Temp Read Blocks":0,"Temp Written Blocks":0,"I/O Read Time":0.0,"I/O Write Time":0.0,"Temp I/O Read Time":0.0,"Temp I/O Write Time":0.0,"Plans":[{"Node Type":"Seq Scan","Parent Relationship":"Outer","Parallel Aware":false,"Async Capable":false,"Relation Name":"nation","Schema":"public","Alias":"nation","Startup Cost":0.0,"Total Cost":1.77,"Plan Rows":1,"Plan Width":4,"Actual Startup Time":0.008,"Actual Total Time":0.012,"Actual Rows":1,"Actual Loops":1,"Output":["nation.n_nationkey"],"Filter":"((nation.n_name)::text = 'France'::text)","Rows Removed by Filter":61,"Shared Hit Blocks":1,"Shared Read Blocks":0,"Shared Dirtied Blocks":0,"Shared Written Blocks":0,"Local Hit Blocks":0,"Local Read Blocks":0,"Local Dirtied Blocks":0,"Local Written Blocks":0,"Temp Read Blocks":0,"Temp Written Blocks":0,"I/O Read Time":0.0,"I/O Write Time":0.0,"Temp I/O Read Time":0.0,"Temp I/O Write Time":0.0}]}]}]}]}]},"Planning":{"Shared Hit Blocks":19,"Shared Read Blocks":0,"Shared Dirtied Blocks":0,"Shared Written Blocks":0,"Local Hit Blocks":0,"Local Read Blocks":0,"Local Dirtied Blocks":0,"Local Written Blocks":0,"Temp Read Blocks":0,"Temp Written Blocks":0,"I/O Read Time":0.0,"I/O Write Time":0.0,"Temp I/O Read Time":0.0,"Temp I/O Write Time":0.0},"Planning Time":1.904,"Triggers":[],"Execution Time":368.132}]
[列存组合]: item, order_line, supplier
[{"Plan":{"Node Type":"Sort","Parallel Aware":false,"Async Capable":false,"Startup Cost":1160220.31,"Total Cost":1160220.51,"Plan Rows":80,"Plan Width":44,"Actual Startup Time":5214.549,"Actual Total Time":5214.574,"Actual Rows":0,"Actual Loops":1,"Output":["supplier.su_name","supplier.su_address"],"Sort Key":["supplier.su_name"],"Sort Method":"quicksort","Sort Space Used":25,"Sort Space Type":"Memory","Shared Hit Blocks":833393,"Shared Read Blocks":0,"Shared Dirtied Blocks":0,"Shared Written Blocks":0,"Local Hit Blocks":0,"Local Read Blocks":0,"Local Dirtied Blocks":0,"Local Written Blocks":0,"Temp Read Blocks":1223,"Temp Written Blocks":1232,"I/O Read Time":0.0,"I/O Write Time":0.0,"Temp I/O Read Time":1.942,"Temp I/O Write Time":4.983,"Plans":[{"Node Type":"Hash Join","Parent Relationship":"Outer","Parallel Aware":false,"Async Capable":false,"Join Type":"Inner","Startup Cost":1160215.0,"Total Cost":1160217.78,"Plan Rows":80,"Plan Width":44,"Actual Startup Time":5214.541,"Actual Total Time":5214.566,"Actual Rows":0,"Actual Loops":1,"Output":["supplier.su_name","supplier.su_address"],"Hash Cond":"((mod((stock.s_i_id * stock.s_w_id), 10000)) = supplier.su_suppkey)","Shared Hit Blocks":833393,"Shared Read Blocks":0,"Shared Dirtied Blocks":0,"Shared Written Blocks":0,"Local Hit Blocks":0,"Local Read Blocks":0,"Local Dirtied Blocks":0,"Local Written Blocks":0,"Temp Read Blocks":1223,"Temp Written Blocks":1232,"I/O Read Time":0.0,"I/O Write Time":0.0,"Temp I/O Read Time":1.942,"Temp I/O Write Time":4.983,"Plans":[{"Node Type":"Aggregate","Strategy":"Hashed","Partial Mode":"Simple","Parent Relationship":"Outer","Parallel Aware":false,"Async Capable":false,"Startup Cost":1159924.15,"Total Cost":1159926.15,"Plan Rows":200,"Plan Width":4,"Actual Startup Time":5213.922,"Actual Total Time":5213.936,"Actual Rows":0,"Actual Loops":1,"Output":["(mod((stock.s_i_id * stock.s_w_id), 10000))"],"Group Key":["mod((stock.s_i_id * stock.s_w_id), 10000)"],"Planned Partitions":0,"HashAgg Batches":1,"Peak Memory Usage":40,"Disk Usage":0,"Shared Hit Blocks":833392,"Shared Read Blocks":0,"Shared Dirtied Blocks":0,"Shared Written Blocks":0,"Local Hit Blocks":0,"Local Read Blocks":0,"Local Dirtied Blocks":0,"Local Written Blocks":0,"Temp Read Blocks":1223,"Temp Written Blocks":1232,"I/O Read Time":0.0,"I/O Write Time":0.0,"Temp I/O Read Time":1.942,"Temp I/O Write Time":4.983,"Plans":[{"Node Type":"Aggregate","Strategy":"Sorted","Partial Mode":"Simple","Parent Relationship":"Outer","Parallel Aware":false,"Async Capable":false,"Startup Cost":1153732.69,"Total Cost":1159087.46,"Plan Rows":66935,"Plan Width":12,"Actual Startup Time":5213.913,"Actual Total Time":5213.927,"Actual Rows":0,"Actual Loops":1,"Output":["mod((stock.s_i_id * stock.s_w_id), 10000)","stock.s_i_id","stock.s_w_id","stock.s_quantity"],"Group Key":["stock.s_i_id","stock.s_w_id"],"Filter":"((2 * stock.s_quantity) > sum(order_line.ol_quantity))","Rows Removed by Filter":5200,"Shared Hit Blocks":833392,"Shared Read Blocks":0,"Shared Dirtied Blocks":0,"Shared Written Blocks":0,"Local Hit Blocks":0,"Local Read Blocks":0,"Local Dirtied Blocks":0,"Local Written Blocks":0,"Temp Read Blocks":1223,"Temp Written Blocks":1232,"I/O Read Time":0.0,"I/O Write Time":0.0,"Temp I/O Read Time":1.942,"Temp I/O Write Time":4.983,"Plans":[{"Node Type":"Sort","Parent Relationship":"Outer","Parallel Aware":false,"Async Capable":false,"Startup Cost":1153732.69,"Total Cost":1154234.7,"Plan Rows":200804,"Plan Width":10,"Actual Startup Time":5116.793,"Actual Total Time":5162.094,"Actual Rows":499000,"Actual Loops":1,"Output":["stock.s_i_id","stock.s_w_id","stock.s_quantity","order_line.ol_quantity"],"Sort Key":["stock.s_i_id","stock.s_w_id"],"Sort Method":"external merge","Sort Space Used":9784,"Sort Space Type":"Disk","Shared Hit Blocks":833392,"Shared Read Blocks":0,"Shared Dirtied Blocks":0,"Shared Written Blocks":0,"Local Hit Blocks":0,"Local Read Blocks":0,"Local Dirtied Blocks":0,"Local Written Blocks":0,"Temp Read Blocks":1223,"Temp Written Blocks":1232,"I/O Read Time":0.0,"I/O Write Time":0.0,"Temp I/O Read Time":1.942,"Temp I/O Write Time":4.983,"Plans":[{"Node Type":"Hash Join","Parent Relationship":"Outer","Parallel Aware":false,"Async Capable":false,"Join Type":"Inner","Startup Cost":22210.58,"Total Cost":1132612.94,"Plan Rows":200804,"Plan Width":10,"Actual Startup Time":115.491,"Actual Total Time":5006.534,"Actual Rows":499000,"Actual Loops":1,"Output":["stock.s_i_id","stock.s_w_id","stock.s_quantity","order_line.ol_quantity"],"Hash Cond":"(stock.s_i_id = order_line.ol_i_id)","Shared Hit Blocks":833392,"Shared Read Blocks":0,"Shared Dirtied Blocks":0,"Shared Written Blocks":0,"Local Hit Blocks":0,"Local Read Blocks":0,"Local Dirtied Blocks":0,"Local Written Blocks":0,"Temp Read Blocks":0,"Temp Written Blocks":0,"I/O Read Time":0.0,"I/O Write Time":0.0,"Temp I/O Read Time":0.0,"Temp I/O Write Time":0.0,"Plans":[{"Node Type":"Seq Scan","Parent Relationship":"Outer","Parallel Aware":false,"Async Capable":false,"Relation Name":"stock","Schema":"public","Alias":"stock","Startup Cost":0.0,"Total Cost":1033394.12,"Plan Rows":20000212,"Plan Width":8,"Actual Startup Time":0.006,"Actual Total Time":1721.286,"Actual Rows":20000000,"Actual Loops":1,"Output":["stock.s_i_id","stock.s_w_id","stock.s_quantity","stock.s_dist_01","stock.s_dist_02","stock.s_dist_03","stock.s_dist_04","stock.s_dist_05","stock.s_dist_06","stock.s_dist_07","stock.s_dist_08","stock.s_dist_09","stock.s_dist_10","stock.s_ytd","stock.s_order_cnt","stock.s_remote_cnt","stock.s_data"],"Shared Hit Blocks":833392,"Shared Read Blocks":0,"Shared Dirtied Blocks":0,"Shared Written Blocks":0,"Local Hit Blocks":0,"Local Read Blocks":0,"Local Dirtied Blocks":0,"Local Written Blocks":0,"Temp Read Blocks":0,"Temp Written Blocks":0,"I/O Read Time":0.0,"I/O Write Time":0.0,"Temp I/O Read Time":0.0,"Temp I/O Write Time":0.0},{"Node Type":"Hash","Parent Relationship":"Inner","Parallel Aware":false,"Async Capable":false,"Startup Cost":22198.15,"Total Cost":22198.15,"Plan Rows":994,"Plan Width":10,"Actual Startup Time":115.234,"Actual Total Time":115.245,"Actual Rows":2495,"Actual Loops":1,"Output":["order_line.ol_quantity","order_line.ol_i_id","item.i_id"],"Hash Buckets":4096,"Original Hash Buckets":1024,"Hash Batches":1,"Original Hash Batches":1,"Peak Memory Usage":140,"Shared Hit Blocks":0,"Shared Read Blocks":0,"Shared Dirtied Blocks":0,"Shared Written Blocks":0,"Local Hit Blocks":0,"Local Read Blocks":0,"Local Dirtied Blocks":0,"Local Written Blocks":0,"Temp Read Blocks":0,"Temp Written Blocks":0,"I/O Read Time":0.0,"I/O Write Time":0.0,"Temp I/O Read Time":0.0,"Temp I/O Write Time":0.0,"Plans":[{"Node Type":"Hash Join","Parent Relationship":"Outer","Parallel Aware":false,"Async Capable":false,"Join Type":"Inner","Startup Cost":44.04,"Total Cost":22198.15,"Plan Rows":994,"Plan Width":10,"Actual Startup Time":114.365,"Actual Total Time":114.655,"Actual Rows":2495,"Actual Loops":1,"Output":["order_line.ol_quantity","order_line.ol_i_id","item.i_id"],"Hash Cond":"(order_line.ol_i_id = item.i_id)","Rows Removed by Bloom Filter":9380622,"Shared Hit Blocks":0,"Shared Read Blocks":0,"Shared Dirtied Blocks":0,"Shared Written Blocks":0,"Local Hit Blocks":0,"Local Read Blocks":0,"Local Dirtied Blocks":0,"Local Written Blocks":0,"Temp Read Blocks":0,"Temp Written Blocks":0,"I/O Read Time":0.0,"I/O Write Time":0.0,"Temp I/O Read Time":0.0,"Temp I/O Write Time":0.0,"Plans":[{"Node Type":"Append","Parent Relationship":"Outer","Parallel Aware":false,"Async Capable":false,"Startup Cost":20.0,"Total Cost":193913.85,"Plan Rows":9942920,"Plan Width":6,"Actual Startup Time":21.752,"Actual Total Time":21.755,"Actual Rows":9885180,"Actual Loops":1,"Shared Hit Blocks":0,"Shared Read Blocks":0,"Shared Dirtied Blocks":0,"Shared Written Blocks":0,"Local Hit Blocks":0,"Local Read Blocks":0,"Local Dirtied Blocks":0,"Local Written Blocks":0,"Temp Read Blocks":0,"Temp Written Blocks":0,"I/O Read Time":0.0,"I/O Write Time":0.0,"Temp I/O Read Time":0.0,"Temp I/O Write Time":0.0,"Subplans Removed":0,"Plans":[{"Node Type":"Custom Scan","Parent Relationship":"Member","Custom Plan Provider":"columnar scan","Parallel Aware":false,"Async Capable":false,"Relation Name":"order_line","Schema":"public","Alias":"order_line","Startup Cost":20.0,"Total Cost":193908.91,"Plan Rows":9942910,"Plan Width":6,"Actual Startup Time":21.75,"Actual Total Time":21.751,"Actual Rows":9885180,"Actual Loops":1,"Output":["order_line.ol_quantity","order_line.ol_i_id"],"Filter":"((order_line.ol_delivery_d < '1995-04-02 20:10:02.27764'::timestamp without time zone) AND (order_line.ol_delivery_d >= '1994-01-02 20:10:02.27764'::timestamp without time zone))","Rows Removed by Filter":0,"Rows Removed by Columnar Filter":50108581,"Columnar cache search mode":"native","Shared Hit Blocks":0,"Shared Read Blocks":0,"Shared Dirtied Blocks":0,"Shared Written Blocks":0,"Local Hit Blocks":0,"Local Read Blocks":0,"Local Dirtied Blocks":0,"Local Written Blocks":0,"Temp Read Blocks":0,"Temp Written Blocks":0,"I/O Read Time":0.0,"I/O Write Time":0.0,"Temp I/O Read Time":0.0,"Temp I/O Write Time":0.0},{"Node Type":"Seq Scan","Parent Relationship":"Member","Parallel Aware":false,"Async Capable":false,"Relation Name":"order_line","Schema":"public","Alias":"order_line","Startup Cost":0.0,"Total Cost":4.95,"Plan Rows":10,"Plan Width":6,"Actual Startup Time":0.0,"Actual Total Time":0.0,"Actual Rows":0,"Actual Loops":0,"Output":["order_line.ol_quantity","order_line.ol_i_id"],"Filter":"((order_line.ol_delivery_d < '1995-04-02 20:10:02.27764'::timestamp without time zone) AND (order_line.ol_delivery_d >= '1994-01-02 20:10:02.27764'::timestamp without time zone))","Rows Removed by Filter":0,"Shared Hit Blocks":0,"Shared Read Blocks":0,"Shared Dirtied Blocks":0,"Shared Written Blocks":0,"Local Hit Blocks":0,"Local Read Blocks":0,"Local Dirtied Blocks":0,"Local Written Blocks":0,"Temp Read Blocks":0,"Temp Written Blocks":0,"I/O Read Time":0.0,"I/O Write Time":0.0,"Temp I/O Read Time":0.0,"Temp I/O Write Time":0.0}]},{"Node Type":"Hash","Parent Relationship":"Inner","Parallel Aware":false,"Async Capable":false,"Startup Cost":24.19,"Total Cost":24.19,"Plan Rows":11,"Plan Width":4,"Actual Rows":26,"Actual Loops":1,"Output":["item.i_id"],"Shared Hit Blocks":0,"Shared Read Blocks":0,"Shared Dirtied Blocks":0,"Shared Written Blocks":0,"Local Hit Blocks":0,"Local Read Blocks":0,"Local Dirtied Blocks":0,"Local Written Blocks":0,"Temp Read Blocks":0,"Temp Written Blocks":0,"I/O Read Time":0.0,"I/O Write Time":0.0,"Temp I/O Read Time":0.0,"Temp I/O Write Time":0.0,"Plans":[{"Node Type":"Append","Parent Relationship":"Outer","Parallel Aware":false,"Async Capable":false,"Startup Cost":20.0,"Total Cost":24.19,"Plan Rows":11,"Plan Width":4,"Actual Startup Time":2.085,"Actual Total Time":2.088,"Actual Rows":26,"Actual Loops":1,"Shared Hit Blocks":0,"Shared Read Blocks":0,"Shared Dirtied Blocks":0,"Shared Written Blocks":0,"Local Hit Blocks":0,"Local Read Blocks":0,"Local Dirtied Blocks":0,"Local Written Blocks":0,"Temp Read Blocks":0,"Temp Written Blocks":0,"I/O Read Time":0.0,"I/O Write Time":0.0,"Temp I/O Read Time":0.0,"Temp I/O Write Time":0.0,"Subplans Removed":0,"Plans":[{"Node Type":"Custom Scan","Parent Relationship":"Member","Custom Plan Provider":"columnar scan","Parallel Aware":false,"Async Capable":false,"Relation Name":"item","Schema":"public","Alias":"item","Startup Cost":20.0,"Total Cost":20.18,"Plan Rows":10,"Plan Width":4,"Actual Startup Time":2.084,"Actual Total Time":2.085,"Actual Rows":26,"Actual Loops":1,"Output":["item.i_id"],"Filter":"((item.i_data)::text ~~ 'co%'::text)","Rows Removed by Filter":0,"Rows Removed by Columnar Filter":99974,"Columnar cache search mode":"native","Shared Hit Blocks":0,"Shared Read Blocks":0,"Shared Dirtied Blocks":0,"Shared Written Blocks":0,"Local Hit Blocks":0,"Local Read Blocks":0,"Local Dirtied Blocks":0,"Local Written Blocks":0,"Temp Read Blocks":0,"Temp Written Blocks":0,"I/O Read Time":0.0,"I/O Write Time":0.0,"Temp I/O Read Time":0.0,"Temp I/O Write Time":0.0},{"Node Type":"Seq Scan","Parent Relationship":"Member","Parallel Aware":false,"Async Capable":false,"Relation Name":"item","Schema":"public","Alias":"item","Startup Cost":0.0,"Total Cost":4.01,"Plan Rows":1,"Plan Width":4,"Actual Startup Time":0.0,"Actual Total Time":0.0,"Actual Rows":0,"Actual Loops":0,"Output":["item.i_id"],"Filter":"((item.i_data)::text ~~ 'co%'::text)","Rows Removed by Filter":0,"Shared Hit Blocks":0,"Shared Read Blocks":0,"Shared Dirtied Blocks":0,"Shared Written Blocks":0,"Local Hit Blocks":0,"Local Read Blocks":0,"Local Dirtied Blocks":0,"Local Written Blocks":0,"Temp Read Blocks":0,"Temp Written Blocks":0,"I/O Read Time":0.0,"I/O Write Time":0.0,"Temp I/O Read Time":0.0,"Temp I/O Write Time":0.0}]}]}]}]}]}]}]}]},{"Node Type":"Hash","Parent Relationship":"Inner","Parallel Aware":false,"Async Capable":false,"Startup Cost":288.84,"Total Cost":288.84,"Plan Rows":161,"Plan Width":48,"Actual Startup Time":0.607,"Actual Total Time":0.616,"Actual Rows":164,"Actual Loops":1,"Output":["supplier.su_name","supplier.su_address","supplier.su_suppkey"],"Hash Buckets":1024,"Original Hash Buckets":1024,"Hash Batches":1,"Original Hash Batches":1,"Peak Memory Usage":22,"Shared Hit Blocks":1,"Shared Read Blocks":0,"Shared Dirtied Blocks":0,"Shared Written Blocks":0,"Local Hit Blocks":0,"Local Read Blocks":0,"Local Dirtied Blocks":0,"Local Written Blocks":0,"Temp Read Blocks":0,"Temp Written Blocks":0,"I/O Read Time":0.0,"I/O Write Time":0.0,"Temp I/O Read Time":0.0,"Temp I/O Write Time":0.0,"Plans":[{"Node Type":"Hash Join","Parent Relationship":"Outer","Parallel Aware":false,"Async Capable":false,"Join Type":"Inner","Startup Cost":21.79,"Total Cost":288.84,"Plan Rows":161,"Plan Width":48,"Actual Startup Time":0.458,"Actual Total Time":0.574,"Actual Rows":164,"Actual Loops":1,"Output":["supplier.su_name","supplier.su_address","supplier.su_suppkey"],"Hash Cond":"(supplier.su_nationkey = nation.n_nationkey)","Shared Hit Blocks":1,"Shared Read Blocks":0,"Shared Dirtied Blocks":0,"Shared Written Blocks":0,"Local Hit Blocks":0,"Local Read Blocks":0,"Local Dirtied Blocks":0,"Local Written Blocks":0,"Temp Read Blocks":0,"Temp Written Blocks":0,"I/O Read Time":0.0,"I/O Write Time":0.0,"Temp I/O Read Time":0.0,"Temp I/O Write Time":0.0,"Plans":[{"Node Type":"Append","Parent Relationship":"Outer","Parallel Aware":false,"Async Capable":false,"Startup Cost":20.0,"Total Cost":259.01,"Plan Rows":10001,"Plan Width":52,"Actual Startup Time":0.058,"Actual Total Time":0.139,"Actual Rows":164,"Actual Loops":1,"Shared Hit Blocks":0,"Shared Read Blocks":0,"Shared Dirtied Blocks":0,"Shared Written Blocks":0,"Local Hit Blocks":0,"Local Read Blocks":0,"Local Dirtied Blocks":0,"Local Written Blocks":0,"Temp Read Blocks":0,"Temp Written Blocks":0,"I/O Read Time":0.0,"I/O Write Time":0.0,"Temp I/O Read Time":0.0,"Temp I/O Write Time":0.0,"Subplans Removed":0,"Plans":[{"Node Type":"Custom Scan","Parent Relationship":"Member","Custom Plan Provider":"columnar scan","Parallel Aware":false,"Async Capable":false,"Relation Name":"supplier","Schema":"public","Alias":"supplier","Startup Cost":20.0,"Total Cost":255.0,"Plan Rows":10000,"Plan Width":52,"Actual Startup Time":0.057,"Actual Total Time":0.122,"Actual Rows":164,"Actual Loops":1,"Output":["supplier.su_name","supplier.su_address","supplier.su_nationkey","supplier.su_suppkey"],"Rows Removed by Columnar Filter":9836,"Rows Filtered by Bloom Filter":0,"Dictionary Rows Filtered by Bloom Filter":9836,"Columnar cache search mode":"native","Shared Hit Blocks":0,"Shared Read Blocks":0,"Shared Dirtied Blocks":0,"Shared Written Blocks":0,"Local Hit Blocks":0,"Local Read Blocks":0,"Local Dirtied Blocks":0,"Local Written Blocks":0,"Temp Read Blocks":0,"Temp Written Blocks":0,"I/O Read Time":0.0,"I/O Write Time":0.0,"Temp I/O Read Time":0.0,"Temp I/O Write Time":0.0},{"Node Type":"Seq Scan","Parent Relationship":"Member","Parallel Aware":false,"Async Capable":false,"Relation Name":"supplier","Schema":"public","Alias":"supplier","Startup Cost":0.0,"Total Cost":4.01,"Plan Rows":1,"Plan Width":52,"Actual Startup Time":0.0,"Actual Total Time":0.0,"Actual Rows":0,"Actual Loops":0,"Output":["supplier.su_name","supplier.su_address","supplier.su_nationkey","supplier.su_suppkey"],"Shared Hit Blocks":0,"Shared Read Blocks":0,"Shared Dirtied Blocks":0,"Shared Written Blocks":0,"Local Hit Blocks":0,"Local Read Blocks":0,"Local Dirtied Blocks":0,"Local Written Blocks":0,"Temp Read Blocks":0,"Temp Written Blocks":0,"I/O Read Time":0.0,"I/O Write Time":0.0,"Temp I/O Read Time":0.0,"Temp I/O Write Time":0.0}]},{"Node Type":"Hash","Parent Relationship":"Inner","Parallel Aware":false,"Async Capable":false,"Startup Cost":1.77,"Total Cost":1.77,"Plan Rows":1,"Plan Width":4,"Actual Startup Time":0.024,"Actual Total Time":0.025,"Actual Rows":1,"Actual Loops":1,"Output":["nation.n_nationkey"],"Hash Buckets":1024,"Original Hash Buckets":1024,"Hash Batches":1,"Original Hash Batches":1,"Peak Memory Usage":9,"Shared Hit Blocks":1,"Shared Read Blocks":0,"Shared Dirtied Blocks":0,"Shared Written Blocks":0,"Local Hit Blocks":0,"Local Read Blocks":0,"Local Dirtied Blocks":0,"Local Written Blocks":0,"Temp Read Blocks":0,"Temp Written Blocks":0,"I/O Read Time":0.0,"I/O Write Time":0.0,"Temp I/O Read Time":0.0,"Temp I/O Write Time":0.0,"Plans":[{"Node Type":"Seq Scan","Parent Relationship":"Outer","Parallel Aware":false,"Async Capable":false,"Relation Name":"nation","Schema":"public","Alias":"nation","Startup Cost":0.0,"Total Cost":1.77,"Plan Rows":1,"Plan Width":4,"Actual Startup Time":0.013,"Actual Total Time":0.018,"Actual Rows":1,"Actual Loops":1,"Output":["nation.n_nationkey"],"Filter":"((nation.n_name)::text = 'France'::text)","Rows Removed by Filter":61,"Shared Hit Blocks":1,"Shared Read Blocks":0,"Shared Dirtied Blocks":0,"Shared Written Blocks":0,"Local Hit Blocks":0,"Local Read Blocks":0,"Local Dirtied Blocks":0,"Local Written Blocks":0,"Temp Read Blocks":0,"Temp Written Blocks":0,"I/O Read Time":0.0,"I/O Write Time":0.0,"Temp I/O Read Time":0.0,"Temp I/O Write Time":0.0}]}]}]}]}]},"Planning":{"Shared Hit Blocks":19,"Shared Read Blocks":0,"Shared Dirtied Blocks":0,"Shared Written Blocks":0,"Local Hit Blocks":0,"Local Read Blocks":0,"Local Dirtied Blocks":0,"Local Written Blocks":0,"Temp Read Blocks":0,"Temp Written Blocks":0,"I/O Read Time":0.0,"I/O Write Time":0.0,"Temp I/O Read Time":0.0,"Temp I/O Write Time":0.0},"Planning Time":1.136,"Triggers":[],"Execution Time":5216.947}]
[列存组合]: item, stock, supplier
[{"Plan":{"Node Type":"Sort","Parallel Aware":false,"Async Capable":false,"Startup Cost":1693175.7,"Total Cost":1693175.9,"Plan Rows":80,"Plan Width":44,"Actual Startup Time":5773.635,"Actual Total Time":5773.661,"Actual Rows":0,"Actual Loops":1,"Output":["supplier.su_name","supplier.su_address"],"Sort Key":["supplier.su_name"],"Sort Method":"quicksort","Sort Space Used":25,"Sort Space Type":"Memory","Shared Hit Blocks":681749,"Shared Read Blocks":0,"Shared Dirtied Blocks":0,"Shared Written Blocks":0,"Local Hit Blocks":0,"Local Read Blocks":0,"Local Dirtied Blocks":0,"Local Written Blocks":0,"Temp Read Blocks":1223,"Temp Written Blocks":1232,"I/O Read Time":0.0,"I/O Write Time":0.0,"Temp I/O Read Time":1.913,"Temp I/O Write Time":5.076,"Plans":[{"Node Type":"Hash Join","Parent Relationship":"Outer","Parallel Aware":false,"Async Capable":false,"Join Type":"Inner","Startup Cost":1693170.39,"Total Cost":1693173.17,"Plan Rows":80,"Plan Width":44,"Actual Startup Time":5773.626,"Actual Total Time":5773.651,"Actual Rows":0,"Actual Loops":1,"Output":["supplier.su_name","supplier.su_address"],"Hash Cond":"((mod((stock.s_i_id * stock.s_w_id), 10000)) = supplier.su_suppkey)","Shared Hit Blocks":681749,"Shared Read Blocks":0,"Shared Dirtied Blocks":0,"Shared Written Blocks":0,"Local Hit Blocks":0,"Local Read Blocks":0,"Local Dirtied Blocks":0,"Local Written Blocks":0,"Temp Read Blocks":1223,"Temp Written Blocks":1232,"I/O Read Time":0.0,"I/O Write Time":0.0,"Temp I/O Read Time":1.913,"Temp I/O Write Time":5.076,"Plans":[{"Node Type":"Aggregate","Strategy":"Hashed","Partial Mode":"Simple","Parent Relationship":"Outer","Parallel Aware":false,"Async Capable":false,"Startup Cost":1692879.54,"Total Cost":1692881.54,"Plan Rows":200,"Plan Width":4,"Actual Startup Time":5772.999,"Actual Total Time":5773.013,"Actual Rows":0,"Actual Loops":1,"Output":["(mod((stock.s_i_id * stock.s_w_id), 10000))"],"Group Key":["mod((stock.s_i_id * stock.s_w_id), 10000)"],"Planned Partitions":0,"HashAgg Batches":1,"Peak Memory Usage":40,"Disk Usage":0,"Shared Hit Blocks":681748,"Shared Read Blocks":0,"Shared Dirtied Blocks":0,"Shared Written Blocks":0,"Local Hit Blocks":0,"Local Read Blocks":0,"Local Dirtied Blocks":0,"Local Written Blocks":0,"Temp Read Blocks":1223,"Temp Written Blocks":1232,"I/O Read Time":0.0,"I/O Write Time":0.0,"Temp I/O Read Time":1.913,"Temp I/O Write Time":5.076,"Plans":[{"Node Type":"Aggregate","Strategy":"Sorted","Partial Mode":"Simple","Parent Relationship":"Outer","Parallel Aware":false,"Async Capable":false,"Startup Cost":1686688.08,"Total Cost":1692042.85,"Plan Rows":66935,"Plan Width":12,"Actual Startup Time":5772.991,"Actual Total Time":5773.004,"Actual Rows":0,"Actual Loops":1,"Output":["mod((stock.s_i_id * stock.s_w_id), 10000)","stock.s_i_id","stock.s_w_id","stock.s_quantity"],"Group Key":["stock.s_i_id","stock.s_w_id"],"Filter":"((2 * stock.s_quantity) > sum(order_line.ol_quantity))","Rows Removed by Filter":5200,"Shared Hit Blocks":681748,"Shared Read Blocks":0,"Shared Dirtied Blocks":0,"Shared Written Blocks":0,"Local Hit Blocks":0,"Local Read Blocks":0,"Local Dirtied Blocks":0,"Local Written Blocks":0,"Temp Read Blocks":1223,"Temp Written Blocks":1232,"I/O Read Time":0.0,"I/O Write Time":0.0,"Temp I/O Read Time":1.913,"Temp I/O Write Time":5.076,"Plans":[{"Node Type":"Sort","Parent Relationship":"Outer","Parallel Aware":false,"Async Capable":false,"Startup Cost":1686688.08,"Total Cost":1687190.09,"Plan Rows":200804,"Plan Width":10,"Actual Startup Time":5670.533,"Actual Total Time":5720.903,"Actual Rows":499000,"Actual Loops":1,"Output":["stock.s_i_id","stock.s_w_id","stock.s_quantity","order_line.ol_quantity"],"Sort Key":["stock.s_i_id","stock.s_w_id"],"Sort Method":"external merge","Sort Space Used":9784,"Sort Space Type":"Disk","Shared Hit Blocks":681748,"Shared Read Blocks":0,"Shared Dirtied Blocks":0,"Shared Written Blocks":0,"Local Hit Blocks":0,"Local Read Blocks":0,"Local Dirtied Blocks":0,"Local Written Blocks":0,"Temp Read Blocks":1223,"Temp Written Blocks":1232,"I/O Read Time":0.0,"I/O Write Time":0.0,"Temp I/O Read Time":1.913,"Temp I/O Write Time":5.076,"Plans":[{"Node Type":"Hash Join","Parent Relationship":"Outer","Parallel Aware":false,"Async Capable":false,"Join Type":"Inner","Startup Cost":44619.0,"Total Cost":1665568.33,"Plan Rows":200804,"Plan Width":10,"Actual Startup Time":99.147,"Actual Total Time":5506.049,"Actual Rows":499000,"Actual Loops":1,"Output":["stock.s_i_id","stock.s_w_id","stock.s_quantity","order_line.ol_quantity"],"Hash Cond":"(order_line.ol_i_id = stock.s_i_id)","Shared Hit Blocks":681748,"Shared Read Blocks":0,"Shared Dirtied Blocks":0,"Shared Written Blocks":0,"Local Hit Blocks":0,"Local Read Blocks":0,"Local Dirtied Blocks":0,"Local Written Blocks":0,"Temp Read Blocks":0,"Temp Written Blocks":0,"I/O Read Time":0.0,"I/O Write Time":0.0,"Temp I/O Read Time":0.0,"Temp I/O Write Time":0.0,"Plans":[{"Node Type":"Seq Scan","Parent Relationship":"Outer","Parallel Aware":false,"Async Capable":false,"Relation Name":"order_line","Schema":"public","Alias":"order_line","Startup Cost":0.0,"Total Cost":1581655.36,"Plan Rows":9942920,"Plan Width":6,"Actual Startup Time":0.006,"Actual Total Time":4626.421,"Actual Rows":9885180,"Actual Loops":1,"Output":["order_line.ol_o_id","order_line.ol_d_id","order_line.ol_w_id","order_line.ol_number","order_line.ol_i_id","order_line.ol_supply_w_id","order_line.ol_delivery_d","order_line.ol_quantity","order_line.ol_amount","order_line.ol_dist_info"],"Filter":"((order_line.ol_delivery_d >= '1994-01-02 20:10:02.27764'::timestamp without time zone) AND (order_line.ol_delivery_d < '1995-04-02 20:10:02.27764'::timestamp without time zone))","Rows Removed by Filter":50108581,"Shared Hit Blocks":681748,"Shared Read Blocks":0,"Shared Dirtied Blocks":0,"Shared Written Blocks":0,"Local Hit Blocks":0,"Local Read Blocks":0,"Local Dirtied Blocks":0,"Local Written Blocks":0,"Temp Read Blocks":0,"Temp Written Blocks":0,"I/O Read Time":0.0,"I/O Write Time":0.0,"Temp I/O Read Time":0.0,"Temp I/O Write Time":0.0},{"Node Type":"Hash","Parent Relationship":"Inner","Parallel Aware":false,"Async Capable":false,"Startup Cost":44594.0,"Total Cost":44594.0,"Plan Rows":2000,"Plan Width":12,"Actual Startup Time":98.059,"Actual Total Time":98.07,"Actual Rows":5200,"Actual Loops":1,"Output":["stock.s_i_id","stock.s_w_id","stock.s_quantity","item.i_id"],"Hash Buckets":8192,"Original Hash Buckets":2048,"Hash Batches":1,"Original Hash Batches":1,"Peak Memory Usage":288,"Shared Hit Blocks":0,"Shared Read Blocks":0,"Shared Dirtied Blocks":0,"Shared Written Blocks":0,"Local Hit Blocks":0,"Local Read Blocks":0,"Local Dirtied Blocks":0,"Local Written Blocks":0,"Temp Read Blocks":0,"Temp Written Blocks":0,"I/O Read Time":0.0,"I/O Write Time":0.0,"Temp I/O Read Time":0.0,"Temp I/O Write Time":0.0,"Plans":[{"Node Type":"Hash Join","Parent Relationship":"Outer","Parallel Aware":false,"Async Capable":false,"Join Type":"Inner","Startup Cost":44.04,"Total Cost":44594.0,"Plan Rows":2000,"Plan Width":12,"Actual Startup Time":96.794,"Actual Total Time":97.216,"Actual Rows":5200,"Actual Loops":1,"Output":["stock.s_i_id","stock.s_w_id","stock.s_quantity","item.i_id"],"Hash Cond":"(stock.s_i_id = item.i_id)","Rows Removed by Bloom Filter":18979400,"Shared Hit Blocks":0,"Shared Read Blocks":0,"Shared Dirtied Blocks":0,"Shared Written Blocks":0,"Local Hit Blocks":0,"Local Read Blocks":0,"Local Dirtied Blocks":0,"Local Written Blocks":0,"Temp Read Blocks":0,"Temp Written Blocks":0,"I/O Read Time":0.0,"I/O Write Time":0.0,"Temp I/O Read Time":0.0,"Temp I/O Write Time":0.0,"Plans":[{"Node Type":"Append","Parent Relationship":"Outer","Parallel Aware":false,"Async Capable":false,"Startup Cost":20.0,"Total Cost":430026.22,"Plan Rows":20000212,"Plan Width":8,"Actual Startup Time":0.463,"Actual Total Time":0.468,"Actual Rows":20000000,"Actual Loops":1,"Shared Hit Blocks":0,"Shared Read Blocks":0,"Shared Dirtied Blocks":0,"Shared Written Blocks":0,"Local Hit Blocks":0,"Local Read Blocks":0,"Local Dirtied Blocks":0,"Local Written Blocks":0,"Temp Read Blocks":0,"Temp Written Blocks":0,"I/O Read Time":0.0,"I/O Write Time":0.0,"Temp I/O Read Time":0.0,"Temp I/O Write Time":0.0,"Subplans Removed":0,"Plans":[{"Node Type":"Custom Scan","Parent Relationship":"Member","Custom Plan Provider":"columnar scan","Parallel Aware":false,"Async Capable":false,"Relation Name":"stock","Schema":"public","Alias":"stock","Startup Cost":20.0,"Total Cost":430020.1,"Plan Rows":20000000,"Plan Width":8,"Actual Startup Time":0.462,"Actual Total Time":0.464,"Actual Rows":20000000,"Actual Loops":1,"Output":["stock.s_i_id","stock.s_w_id","stock.s_quantity"],"Rows Removed by Columnar Filter":0,"Columnar cache search mode":"native","Shared Hit Blocks":0,"Shared Read Blocks":0,"Shared Dirtied Blocks":0,"Shared Written Blocks":0,"Local Hit Blocks":0,"Local Read Blocks":0,"Local Dirtied Blocks":0,"Local Written Blocks":0,"Temp Read Blocks":0,"Temp Written Blocks":0,"I/O Read Time":0.0,"I/O Write Time":0.0,"Temp I/O Read Time":0.0,"Temp I/O Write Time":0.0},{"Node Type":"Seq Scan","Parent Relationship":"Member","Parallel Aware":false,"Async Capable":false,"Relation Name":"stock","Schema":"public","Alias":"stock","Startup Cost":0.0,"Total Cost":6.12,"Plan Rows":212,"Plan Width":8,"Actual Startup Time":0.0,"Actual Total Time":0.0,"Actual Rows":0,"Actual Loops":0,"Output":["stock.s_i_id","stock.s_w_id","stock.s_quantity"],"Shared Hit Blocks":0,"Shared Read Blocks":0,"Shared Dirtied Blocks":0,"Shared Written Blocks":0,"Local Hit Blocks":0,"Local Read Blocks":0,"Local Dirtied Blocks":0,"Local Written Blocks":0,"Temp Read Blocks":0,"Temp Written Blocks":0,"I/O Read Time":0.0,"I/O Write Time":0.0,"Temp I/O Read Time":0.0,"Temp I/O Write Time":0.0}]},{"Node Type":"Hash","Parent Relationship":"Inner","Parallel Aware":false,"Async Capable":false,"Startup Cost":24.19,"Total Cost":24.19,"Plan Rows":11,"Plan Width":4,"Actual Rows":26,"Actual Loops":1,"Output":["item.i_id"],"Shared Hit Blocks":0,"Shared Read Blocks":0,"Shared Dirtied Blocks":0,"Shared Written Blocks":0,"Local Hit Blocks":0,"Local Read Blocks":0,"Local Dirtied Blocks":0,"Local Written Blocks":0,"Temp Read Blocks":0,"Temp Written Blocks":0,"I/O Read Time":0.0,"I/O Write Time":0.0,"Temp I/O Read Time":0.0,"Temp I/O Write Time":0.0,"Plans":[{"Node Type":"Append","Parent Relationship":"Outer","Parallel Aware":false,"Async Capable":false,"Startup Cost":20.0,"Total Cost":24.19,"Plan Rows":11,"Plan Width":4,"Actual Startup Time":2.048,"Actual Total Time":2.05,"Actual Rows":26,"Actual Loops":1,"Shared Hit Blocks":0,"Shared Read Blocks":0,"Shared Dirtied Blocks":0,"Shared Written Blocks":0,"Local Hit Blocks":0,"Local Read Blocks":0,"Local Dirtied Blocks":0,"Local Written Blocks":0,"Temp Read Blocks":0,"Temp Written Blocks":0,"I/O Read Time":0.0,"I/O Write Time":0.0,"Temp I/O Read Time":0.0,"Temp I/O Write Time":0.0,"Subplans Removed":0,"Plans":[{"Node Type":"Custom Scan","Parent Relationship":"Member","Custom Plan Provider":"columnar scan","Parallel Aware":false,"Async Capable":false,"Relation Name":"item","Schema":"public","Alias":"item","Startup Cost":20.0,"Total Cost":20.18,"Plan Rows":10,"Plan Width":4,"Actual Startup Time":2.047,"Actual Total Time":2.047,"Actual Rows":26,"Actual Loops":1,"Output":["item.i_id"],"Filter":"((item.i_data)::text ~~ 'co%'::text)","Rows Removed by Filter":0,"Rows Removed by Columnar Filter":99974,"Columnar cache search mode":"native","Shared Hit Blocks":0,"Shared Read Blocks":0,"Shared Dirtied Blocks":0,"Shared Written Blocks":0,"Local Hit Blocks":0,"Local Read Blocks":0,"Local Dirtied Blocks":0,"Local Written Blocks":0,"Temp Read Blocks":0,"Temp Written Blocks":0,"I/O Read Time":0.0,"I/O Write Time":0.0,"Temp I/O Read Time":0.0,"Temp I/O Write Time":0.0},{"Node Type":"Seq Scan","Parent Relationship":"Member","Parallel Aware":false,"Async Capable":false,"Relation Name":"item","Schema":"public","Alias":"item","Startup Cost":0.0,"Total Cost":4.01,"Plan Rows":1,"Plan Width":4,"Actual Startup Time":0.0,"Actual Total Time":0.0,"Actual Rows":0,"Actual Loops":0,"Output":["item.i_id"],"Filter":"((item.i_data)::text ~~ 'co%'::text)","Rows Removed by Filter":0,"Shared Hit Blocks":0,"Shared Read Blocks":0,"Shared Dirtied Blocks":0,"Shared Written Blocks":0,"Local Hit Blocks":0,"Local Read Blocks":0,"Local Dirtied Blocks":0,"Local Written Blocks":0,"Temp Read Blocks":0,"Temp Written Blocks":0,"I/O Read Time":0.0,"I/O Write Time":0.0,"Temp I/O Read Time":0.0,"Temp I/O Write Time":0.0}]}]}]}]}]}]}]}]},{"Node Type":"Hash","Parent Relationship":"Inner","Parallel Aware":false,"Async Capable":false,"Startup Cost":288.84,"Total Cost":288.84,"Plan Rows":161,"Plan Width":48,"Actual Startup Time":0.616,"Actual Total Time":0.624,"Actual Rows":164,"Actual Loops":1,"Output":["supplier.su_name","supplier.su_address","supplier.su_suppkey"],"Hash Buckets":1024,"Original Hash Buckets":1024,"Hash Batches":1,"Original Hash Batches":1,"Peak Memory Usage":22,"Shared Hit Blocks":1,"Shared Read Blocks":0,"Shared Dirtied Blocks":0,"Shared Written Blocks":0,"Local Hit Blocks":0,"Local Read Blocks":0,"Local Dirtied Blocks":0,"Local Written Blocks":0,"Temp Read Blocks":0,"Temp Written Blocks":0,"I/O Read Time":0.0,"I/O Write Time":0.0,"Temp I/O Read Time":0.0,"Temp I/O Write Time":0.0,"Plans":[{"Node Type":"Hash Join","Parent Relationship":"Outer","Parallel Aware":false,"Async Capable":false,"Join Type":"Inner","Startup Cost":21.79,"Total Cost":288.84,"Plan Rows":161,"Plan Width":48,"Actual Startup Time":0.453,"Actual Total Time":0.577,"Actual Rows":164,"Actual Loops":1,"Output":["supplier.su_name","supplier.su_address","supplier.su_suppkey"],"Hash Cond":"(supplier.su_nationkey = nation.n_nationkey)","Shared Hit Blocks":1,"Shared Read Blocks":0,"Shared Dirtied Blocks":0,"Shared Written Blocks":0,"Local Hit Blocks":0,"Local Read Blocks":0,"Local Dirtied Blocks":0,"Local Written Blocks":0,"Temp Read Blocks":0,"Temp Written Blocks":0,"I/O Read Time":0.0,"I/O Write Time":0.0,"Temp I/O Read Time":0.0,"Temp I/O Write Time":0.0,"Plans":[{"Node Type":"Append","Parent Relationship":"Outer","Parallel Aware":false,"Async Capable":false,"Startup Cost":20.0,"Total Cost":259.01,"Plan Rows":10001,"Plan Width":52,"Actual Startup Time":0.061,"Actual Total Time":0.15,"Actual Rows":164,"Actual Loops":1,"Shared Hit Blocks":0,"Shared Read Blocks":0,"Shared Dirtied Blocks":0,"Shared Written Blocks":0,"Local Hit Blocks":0,"Local Read Blocks":0,"Local Dirtied Blocks":0,"Local Written Blocks":0,"Temp Read Blocks":0,"Temp Written Blocks":0,"I/O Read Time":0.0,"I/O Write Time":0.0,"Temp I/O Read Time":0.0,"Temp I/O Write Time":0.0,"Subplans Removed":0,"Plans":[{"Node Type":"Custom Scan","Parent Relationship":"Member","Custom Plan Provider":"columnar scan","Parallel Aware":false,"Async Capable":false,"Relation Name":"supplier","Schema":"public","Alias":"supplier","Startup Cost":20.0,"Total Cost":255.0,"Plan Rows":10000,"Plan Width":52,"Actual Startup Time":0.06,"Actual Total Time":0.134,"Actual Rows":164,"Actual Loops":1,"Output":["supplier.su_name","supplier.su_address","supplier.su_nationkey","supplier.su_suppkey"],"Rows Removed by Columnar Filter":9836,"Rows Filtered by Bloom Filter":0,"Dictionary Rows Filtered by Bloom Filter":9836,"Columnar cache search mode":"native","Shared Hit Blocks":0,"Shared Read Blocks":0,"Shared Dirtied Blocks":0,"Shared Written Blocks":0,"Local Hit Blocks":0,"Local Read Blocks":0,"Local Dirtied Blocks":0,"Local Written Blocks":0,"Temp Read Blocks":0,"Temp Written Blocks":0,"I/O Read Time":0.0,"I/O Write Time":0.0,"Temp I/O Read Time":0.0,"Temp I/O Write Time":0.0},{"Node Type":"Seq Scan","Parent Relationship":"Member","Parallel Aware":false,"Async Capable":false,"Relation Name":"supplier","Schema":"public","Alias":"supplier","Startup Cost":0.0,"Total Cost":4.01,"Plan Rows":1,"Plan Width":52,"Actual Startup Time":0.0,"Actual Total Time":0.0,"Actual Rows":0,"Actual Loops":0,"Output":["supplier.su_name","supplier.su_address","supplier.su_nationkey","supplier.su_suppkey"],"Shared Hit Blocks":0,"Shared Read Blocks":0,"Shared Dirtied Blocks":0,"Shared Written Blocks":0,"Local Hit Blocks":0,"Local Read Blocks":0,"Local Dirtied Blocks":0,"Local Written Blocks":0,"Temp Read Blocks":0,"Temp Written Blocks":0,"I/O Read Time":0.0,"I/O Write Time":0.0,"Temp I/O Read Time":0.0,"Temp I/O Write Time":0.0}]},{"Node Type":"Hash","Parent Relationship":"Inner","Parallel Aware":false,"Async Capable":false,"Startup Cost":1.77,"Total Cost":1.77,"Plan Rows":1,"Plan Width":4,"Actual Startup Time":0.023,"Actual Total Time":0.026,"Actual Rows":1,"Actual Loops":1,"Output":["nation.n_nationkey"],"Hash Buckets":1024,"Original Hash Buckets":1024,"Hash Batches":1,"Original Hash Batches":1,"Peak Memory Usage":9,"Shared Hit Blocks":1,"Shared Read Blocks":0,"Shared Dirtied Blocks":0,"Shared Written Blocks":0,"Local Hit Blocks":0,"Local Read Blocks":0,"Local Dirtied Blocks":0,"Local Written Blocks":0,"Temp Read Blocks":0,"Temp Written Blocks":0,"I/O Read Time":0.0,"I/O Write Time":0.0,"Temp I/O Read Time":0.0,"Temp I/O Write Time":0.0,"Plans":[{"Node Type":"Seq Scan","Parent Relationship":"Outer","Parallel Aware":false,"Async Capable":false,"Relation Name":"nation","Schema":"public","Alias":"nation","Startup Cost":0.0,"Total Cost":1.77,"Plan Rows":1,"Plan Width":4,"Actual Startup Time":0.013,"Actual Total Time":0.019,"Actual Rows":1,"Actual Loops":1,"Output":["nation.n_nationkey"],"Filter":"((nation.n_name)::text = 'France'::text)","Rows Removed by Filter":61,"Shared Hit Blocks":1,"Shared Read Blocks":0,"Shared Dirtied Blocks":0,"Shared Written Blocks":0,"Local Hit Blocks":0,"Local Read Blocks":0,"Local Dirtied Blocks":0,"Local Written Blocks":0,"Temp Read Blocks":0,"Temp Written Blocks":0,"I/O Read Time":0.0,"I/O Write Time":0.0,"Temp I/O Read Time":0.0,"Temp I/O Write Time":0.0}]}]}]}]}]},"Planning":{"Shared Hit Blocks":19,"Shared Read Blocks":0,"Shared Dirtied Blocks":0,"Shared Written Blocks":0,"Local Hit Blocks":0,"Local Read Blocks":0,"Local Dirtied Blocks":0,"Local Written Blocks":0,"Temp Read Blocks":0,"Temp Written Blocks":0,"I/O Read Time":0.0,"I/O Write Time":0.0,"Temp I/O Read Time":0.0,"Temp I/O Write Time":0.0},"Planning Time":1.395,"Triggers":[],"Execution Time":5775.758}]
[列存组合]: nation, order_line, stock
[{"Plan":{"Node Type":"Sort","Parallel Aware":false,"Async Capable":false,"Startup Cost":738241.52,"Total Cost":738241.72,"Plan Rows":80,"Plan Width":44,"Actual Startup Time":1701.689,"Actual Total Time":1701.707,"Actual Rows":0,"Actual Loops":1,"Output":["supplier.su_name","supplier.su_address"],"Sort Key":["supplier.su_name"],"Sort Method":"quicksort","Sort Space Used":25,"Sort Space Type":"Memory","Shared Hit Blocks":1583,"Shared Read Blocks":0,"Shared Dirtied Blocks":0,"Shared Written Blocks":0,"Local Hit Blocks":0,"Local Read Blocks":0,"Local Dirtied Blocks":0,"Local Written Blocks":0,"Temp Read Blocks":0,"Temp Written Blocks":0,"I/O Read Time":0.0,"I/O Write Time":0.0,"Temp I/O Read Time":0.0,"Temp I/O Write Time":0.0,"Plans":[{"Node Type":"Hash Join","Parent Relationship":"Outer","Parallel Aware":false,"Async Capable":false,"Join Type":"Inner","Startup Cost":738236.21,"Total Cost":738238.99,"Plan Rows":80,"Plan Width":44,"Actual Startup Time":1701.678,"Actual Total Time":1701.694,"Actual Rows":0,"Actual Loops":1,"Output":["supplier.su_name","supplier.su_address"],"Inner Unique":false,"Hash Cond":"((mod((stock.s_i_id * stock.s_w_id), 10000)) = supplier.su_suppkey)","Shared Hit Blocks":1583,"Shared Read Blocks":0,"Shared Dirtied Blocks":0,"Shared Written Blocks":0,"Local Hit Blocks":0,"Local Read Blocks":0,"Local Dirtied Blocks":0,"Local Written Blocks":0,"Temp Read Blocks":0,"Temp Written Blocks":0,"I/O Read Time":0.0,"I/O Write Time":0.0,"Temp I/O Read Time":0.0,"Temp I/O Write Time":0.0,"Plans":[{"Node Type":"Aggregate","Strategy":"Hashed","Partial Mode":"Simple","Parent Relationship":"Outer","Parallel Aware":false,"Async Capable":false,"Startup Cost":737887.37,"Total Cost":737889.37,"Plan Rows":200,"Plan Width":4,"Actual Startup Time":1699.92,"Actual Total Time":1699.929,"Actual Rows":0,"Actual Loops":1,"Output":["(mod((stock.s_i_id * stock.s_w_id), 10000))"],"Group Key":["mod((stock.s_i_id * stock.s_w_id), 10000)"],"Planned Partitions":0,"HashAgg Batches":1,"Peak Memory Usage":40,"Disk Usage":0,"Shared Hit Blocks":1365,"Shared Read Blocks":0,"Shared Dirtied Blocks":0,"Shared Written Blocks":0,"Local Hit Blocks":0,"Local Read Blocks":0,"Local Dirtied Blocks":0,"Local Written Blocks":0,"Temp Read Blocks":0,"Temp Written Blocks":0,"I/O Read Time":0.0,"I/O Write Time":0.0,"Temp I/O Read Time":0.0,"Temp I/O Write Time":0.0,"Plans":[{"Node Type":"Aggregate","Strategy":"Hashed","Partial Mode":"Simple","Parent Relationship":"Outer","Parallel Aware":false,"Async Capable":false,"Startup Cost":731742.97,"Total Cost":737050.68,"Plan Rows":66935,"Plan Width":12,"Actual Startup Time":1699.911,"Actual Total Time":1699.92,"Actual Rows":0,"Actual Loops":1,"Output":["mod((stock.s_i_id * stock.s_w_id), 10000)","stock.s_i_id","stock.s_w_id","stock.s_quantity"],"Group Key":["stock.s_i_id","stock.s_w_id"],"Filter":"((2 * stock.s_quantity) > sum(order_line.ol_quantity))","Planned Partitions":4,"HashAgg Batches":1,"Peak Memory Usage":3601,"Disk Usage":0,"Rows Removed by Filter":5200,"Shared Hit Blocks":1365,"Shared Read Blocks":0,"Shared Dirtied Blocks":0,"Shared Written Blocks":0,"Local Hit Blocks":0,"Local Read Blocks":0,"Local Dirtied Blocks":0,"Local Written Blocks":0,"Temp Read Blocks":0,"Temp Written Blocks":0,"I/O Read Time":0.0,"I/O Write Time":0.0,"Temp I/O Read Time":0.0,"Temp I/O Write Time":0.0,"Plans":[{"Node Type":"Hash Join","Parent Relationship":"Outer","Parallel Aware":false,"Async Capable":false,"Join Type":"Inner","Startup Cost":485189.13,"Total Cost":718376.95,"Plan Rows":200804,"Plan Width":10,"Actual Startup Time":646.952,"Actual Total Time":1624.142,"Actual Rows":499000,"Actual Loops":1,"Output":["stock.s_i_id","stock.s_w_id","stock.s_quantity","order_line.ol_quantity"],"Inner Unique":false,"Hash Cond":"(order_line.ol_i_id = stock.s_i_id)","Shared Hit Blocks":1365,"Shared Read Blocks":0,"Shared Dirtied Blocks":0,"Shared Written Blocks":0,"Local Hit Blocks":0,"Local Read Blocks":0,"Local Dirtied Blocks":0,"Local Written Blocks":0,"Temp Read Blocks":0,"Temp Written Blocks":0,"I/O Read Time":0.0,"I/O Write Time":0.0,"Temp I/O Read Time":0.0,"Temp I/O Write Time":0.0,"Plans":[{"Node Type":"Append","Parent Relationship":"Outer","Parallel Aware":false,"Async Capable":false,"Startup Cost":20.0,"Total Cost":193913.85,"Plan Rows":9942920,"Plan Width":6,"Actual Startup Time":6.913,"Actual Total Time":928.526,"Actual Rows":2495,"Actual Loops":1,"Shared Hit Blocks":0,"Shared Read Blocks":0,"Shared Dirtied Blocks":0,"Shared Written Blocks":0,"Local Hit Blocks":0,"Local Read Blocks":0,"Local Dirtied Blocks":0,"Local Written Blocks":0,"Temp Read Blocks":0,"Temp Written Blocks":0,"I/O Read Time":0.0,"I/O Write Time":0.0,"Temp I/O Read Time":0.0,"Temp I/O Write Time":0.0,"Subplans Removed":0,"Plans":[{"Node Type":"Custom Scan","Parent Relationship":"Member","Custom Plan Provider":"columnar scan","Parallel Aware":false,"Async Capable":false,"Relation Name":"order_line","Schema":"public","Alias":"order_line","Startup Cost":20.0,"Total Cost":193908.91,"Plan Rows":9942910,"Plan Width":6,"Actual Startup Time":6.909,"Actual Total Time":928.263,"Actual Rows":2495,"Actual Loops":1,"Output":["order_line.ol_quantity","order_line.ol_i_id"],"Filter":"((order_line.ol_delivery_d < '1995-04-02 20:10:02.27764'::timestamp without time zone) AND (order_line.ol_delivery_d >= '1994-01-02 20:10:02.27764'::timestamp without time zone))","Rows Removed by Filter":0,"Rows Removed by Columnar Filter":59991266,"Rows Filtered by Bloom Filter":0,"Dictionary Rows Filtered by Bloom Filter":59978198,"Columnar cache search mode":"native","Shared Hit Blocks":0,"Shared Read Blocks":0,"Shared Dirtied Blocks":0,"Shared Written Blocks":0,"Local Hit Blocks":0,"Local Read Blocks":0,"Local Dirtied Blocks":0,"Local Written Blocks":0,"Temp Read Blocks":0,"Temp Written Blocks":0,"I/O Read Time":0.0,"I/O Write Time":0.0,"Temp I/O Read Time":0.0,"Temp I/O Write Time":0.0},{"Node Type":"Seq Scan","Parent Relationship":"Member","Parallel Aware":false,"Async Capable":false,"Relation Name":"order_line","Schema":"public","Alias":"order_line","Startup Cost":0.0,"Total Cost":4.95,"Plan Rows":10,"Plan Width":6,"Actual Startup Time":0.0,"Actual Total Time":0.0,"Actual Rows":0,"Actual Loops":0,"Output":["order_line.ol_quantity","order_line.ol_i_id"],"Filter":"((order_line.ol_delivery_d < '1995-04-02 20:10:02.27764'::timestamp without time zone) AND (order_line.ol_delivery_d >= '1994-01-02 20:10:02.27764'::timestamp without time zone))","Rows Removed by Filter":0,"Shared Hit Blocks":0,"Shared Read Blocks":0,"Shared Dirtied Blocks":0,"Shared Written Blocks":0,"Local Hit Blocks":0,"Local Read Blocks":0,"Local Dirtied Blocks":0,"Local Written Blocks":0,"Temp Read Blocks":0,"Temp Written Blocks":0,"I/O Read Time":0.0,"I/O Write Time":0.0,"Temp I/O Read Time":0.0,"Temp I/O Write Time":0.0}]},{"Node Type":"Hash","Parent Relationship":"Inner","Parallel Aware":false,"Async Capable":false,"Startup Cost":485144.13,"Total Cost":485144.13,"Plan Rows":2000,"Plan Width":12,"Actual Startup Time":639.586,"Actual Total Time":639.591,"Actual Rows":5200,"Actual Loops":1,"Output":["stock.s_i_id","stock.s_w_id","stock.s_quantity","item.i_id"],"Hash Buckets":8192,"Original Hash Buckets":2048,"Hash Batches":1,"Original Hash Batches":1,"Peak Memory Usage":288,"Shared Hit Blocks":1365,"Shared Read Blocks":0,"Shared Dirtied Blocks":0,"Shared Written Blocks":0,"Local Hit Blocks":0,"Local Read Blocks":0,"Local Dirtied Blocks":0,"Local Written Blocks":0,"Temp Read Blocks":0,"Temp Written Blocks":0,"I/O Read Time":0.0,"I/O Write Time":0.0,"Temp I/O Read Time":0.0,"Temp I/O Write Time":0.0,"Plans":[{"Node Type":"Hash Join","Parent Relationship":"Outer","Parallel Aware":false,"Async Capable":false,"Join Type":"Inner","Startup Cost":2635.12,"Total Cost":485144.13,"Plan Rows":2000,"Plan Width":12,"Actual Startup Time":10.321,"Actual Total Time":637.947,"Actual Rows":5200,"Actual Loops":1,"Output":["stock.s_i_id","stock.s_w_id","stock.s_quantity","item.i_id"],"Inner Unique":true,"Hash Cond":"(stock.s_i_id = item.i_id)","Shared Hit Blocks":1365,"Shared Read Blocks":0,"Shared Dirtied Blocks":0,"Shared Written Blocks":0,"Local Hit Blocks":0,"Local Read Blocks":0,"Local Dirtied Blocks":0,"Local Written Blocks":0,"Temp Read Blocks":0,"Temp Written Blocks":0,"I/O Read Time":0.0,"I/O Write Time":0.0,"Temp I/O Read Time":0.0,"Temp I/O Write Time":0.0,"Plans":[{"Node Type":"Append","Parent Relationship":"Outer","Parallel Aware":false,"Async Capable":false,"Startup Cost":20.0,"Total Cost":430026.22,"Plan Rows":20000212,"Plan Width":8,"Actual Startup Time":1.727,"Actual Total Time":627.797,"Actual Rows":5200,"Actual Loops":1,"Shared Hit Blocks":0,"Shared Read Blocks":0,"Shared Dirtied Blocks":0,"Shared Written Blocks":0,"Local Hit Blocks":0,"Local Read Blocks":0,"Local Dirtied Blocks":0,"Local Written Blocks":0,"Temp Read Blocks":0,"Temp Written Blocks":0,"I/O Read Time":0.0,"I/O Write Time":0.0,"Temp I/O Read Time":0.0,"Temp I/O Write Time":0.0,"Subplans Removed":0,"Plans":[{"Node Type":"Custom Scan","Parent Relationship":"Member","Custom Plan Provider":"columnar scan","Parallel Aware":false,"Async Capable":false,"Relation Name":"stock","Schema":"public","Alias":"stock","Startup Cost":20.0,"Total Cost":430020.1,"Plan Rows":20000000,"Plan Width":8,"Actual Startup Time":1.725,"Actual Total Time":627.378,"Actual Rows":5200,"Actual Loops":1,"Output":["stock.s_i_id","stock.s_w_id","stock.s_quantity"],"Rows Removed by Columnar Filter":19994800,"Rows Filtered by Bloom Filter":0,"Dictionary Rows Filtered by Bloom Filter":19994800,"Columnar cache search mode":"native","Shared Hit Blocks":0,"Shared Read Blocks":0,"Shared Dirtied Blocks":0,"Shared Written Blocks":0,"Local Hit Blocks":0,"Local Read Blocks":0,"Local Dirtied Blocks":0,"Local Written Blocks":0,"Temp Read Blocks":0,"Temp Written Blocks":0,"I/O Read Time":0.0,"I/O Write Time":0.0,"Temp I/O Read Time":0.0,"Temp I/O Write Time":0.0},{"Node Type":"Seq Scan","Parent Relationship":"Member","Parallel Aware":false,"Async Capable":false,"Relation Name":"stock","Schema":"public","Alias":"stock","Startup Cost":0.0,"Total Cost":6.12,"Plan Rows":212,"Plan Width":8,"Actual Startup Time":0.0,"Actual Total Time":0.0,"Actual Rows":0,"Actual Loops":0,"Output":["stock.s_i_id","stock.s_w_id","stock.s_quantity"],"Shared Hit Blocks":0,"Shared Read Blocks":0,"Shared Dirtied Blocks":0,"Shared Written Blocks":0,"Local Hit Blocks":0,"Local Read Blocks":0,"Local Dirtied Blocks":0,"Local Written Blocks":0,"Temp Read Blocks":0,"Temp Written Blocks":0,"I/O Read Time":0.0,"I/O Write Time":0.0,"Temp I/O Read Time":0.0,"Temp I/O Write Time":0.0}]},{"Node Type":"Hash","Parent Relationship":"Inner","Parallel Aware":false,"Async Capable":false,"Startup Cost":2615.0,"Total Cost":2615.0,"Plan Rows":10,"Plan Width":4,"Actual Startup Time":8.133,"Actual Total Time":8.133,"Actual Rows":26,"Actual Loops":1,"Output":["item.i_id"],"Hash Buckets":1024,"Original Hash Buckets":1024,"Hash Batches":1,"Original Hash Batches":1,"Peak Memory Usage":9,"Shared Hit Blocks":1365,"Shared Read Blocks":0,"Shared Dirtied Blocks":0,"Shared Written Blocks":0,"Local Hit Blocks":0,"Local Read Blocks":0,"Local Dirtied Blocks":0,"Local Written Blocks":0,"Temp Read Blocks":0,"Temp Written Blocks":0,"I/O Read Time":0.0,"I/O Write Time":0.0,"Temp I/O Read Time":0.0,"Temp I/O Write Time":0.0,"Plans":[{"Node Type":"Seq Scan","Parent Relationship":"Outer","Parallel Aware":false,"Async Capable":false,"Relation Name":"item","Schema":"public","Alias":"item","Startup Cost":0.0,"Total Cost":2615.0,"Plan Rows":10,"Plan Width":4,"Actual Startup Time":0.075,"Actual Total Time":8.115,"Actual Rows":26,"Actual Loops":1,"Output":["item.i_id"],"Filter":"((item.i_data)::text ~~ 'co%'::text)","Rows Removed by Filter":99974,"Shared Hit Blocks":1365,"Shared Read Blocks":0,"Shared Dirtied Blocks":0,"Shared Written Blocks":0,"Local Hit Blocks":0,"Local Read Blocks":0,"Local Dirtied Blocks":0,"Local Written Blocks":0,"Temp Read Blocks":0,"Temp Written Blocks":0,"I/O Read Time":0.0,"I/O Write Time":0.0,"Temp I/O Read Time":0.0,"Temp I/O Write Time":0.0}]}]}]}]}]}]},{"Node Type":"Hash","Parent Relationship":"Inner","Parallel Aware":false,"Async Capable":false,"Startup Cost":346.83,"Total Cost":346.83,"Plan Rows":161,"Plan Width":48,"Actual Startup Time":1.745,"Actual Total Time":1.751,"Actual Rows":164,"Actual Loops":1,"Output":["supplier.su_name","supplier.su_address","supplier.su_suppkey"],"Hash Buckets":1024,"Original Hash Buckets":1024,"Hash Batches":1,"Original Hash Batches":1,"Peak Memory Usage":22,"Shared Hit Blocks":218,"Shared Read Blocks":0,"Shared Dirtied Blocks":0,"Shared Written Blocks":0,"Local Hit Blocks":0,"Local Read Blocks":0,"Local Dirtied Blocks":0,"Local Written Blocks":0,"Temp Read Blocks":0,"Temp Written Blocks":0,"I/O Read Time":0.0,"I/O Write Time":0.0,"Temp I/O Read Time":0.0,"Temp I/O Write Time":0.0,"Plans":[{"Node Type":"Hash Join","Parent Relationship":"Outer","Parallel Aware":false,"Async Capable":false,"Join Type":"Inner","Startup Cost":1.79,"Total Cost":346.83,"Plan Rows":161,"Plan Width":48,"Actual Startup Time":0.039,"Actual Total Time":1.718,"Actual Rows":164,"Actual Loops":1,"Output":["supplier.su_name","supplier.su_address","supplier.su_suppkey"],"Inner Unique":true,"Hash Cond":"(supplier.su_nationkey = nation.n_nationkey)","Shared Hit Blocks":218,"Shared Read Blocks":0,"Shared Dirtied Blocks":0,"Shared Written Blocks":0,"Local Hit Blocks":0,"Local Read Blocks":0,"Local Dirtied Blocks":0,"Local Written Blocks":0,"Temp Read Blocks":0,"Temp Written Blocks":0,"I/O Read Time":0.0,"I/O Write Time":0.0,"Temp I/O Read Time":0.0,"Temp I/O Write Time":0.0,"Plans":[{"Node Type":"Seq Scan","Parent Relationship":"Outer","Parallel Aware":false,"Async Capable":false,"Relation Name":"supplier","Schema":"public","Alias":"supplier","Startup Cost":0.0,"Total Cost":317.0,"Plan Rows":10000,"Plan Width":52,"Actual Startup Time":0.011,"Actual Total Time":0.743,"Actual Rows":10000,"Actual Loops":1,"Output":["supplier.su_suppkey","supplier.su_name","supplier.su_address","supplier.su_nationkey","supplier.su_phone","supplier.su_acctbal","supplier.su_comment"],"Shared Hit Blocks":217,"Shared Read Blocks":0,"Shared Dirtied Blocks":0,"Shared Written Blocks":0,"Local Hit Blocks":0,"Local Read Blocks":0,"Local Dirtied Blocks":0,"Local Written Blocks":0,"Temp Read Blocks":0,"Temp Written Blocks":0,"I/O Read Time":0.0,"I/O Write Time":0.0,"Temp I/O Read Time":0.0,"Temp I/O Write Time":0.0},{"Node Type":"Hash","Parent Relationship":"Inner","Parallel Aware":false,"Async Capable":false,"Startup Cost":1.77,"Total Cost":1.77,"Plan Rows":1,"Plan Width":4,"Actual Startup Time":0.014,"Actual Total Time":0.016,"Actual Rows":1,"Actual Loops":1,"Output":["nation.n_nationkey"],"Hash Buckets":1024,"Original Hash Buckets":1024,"Hash Batches":1,"Original Hash Batches":1,"Peak Memory Usage":9,"Shared Hit Blocks":1,"Shared Read Blocks":0,"Shared Dirtied Blocks":0,"Shared Written Blocks":0,"Local Hit Blocks":0,"Local Read Blocks":0,"Local Dirtied Blocks":0,"Local Written Blocks":0,"Temp Read Blocks":0,"Temp Written Blocks":0,"I/O Read Time":0.0,"I/O Write Time":0.0,"Temp I/O Read Time":0.0,"Temp I/O Write Time":0.0,"Plans":[{"Node Type":"Seq Scan","Parent Relationship":"Outer","Parallel Aware":false,"Async Capable":false,"Relation Name":"nation","Schema":"public","Alias":"nation","Startup Cost":0.0,"Total Cost":1.77,"Plan Rows":1,"Plan Width":4,"Actual Startup Time":0.007,"Actual Total Time":0.011,"Actual Rows":1,"Actual Loops":1,"Output":["nation.n_nationkey"],"Filter":"((nation.n_name)::text = 'France'::text)","Rows Removed by Filter":61,"Shared Hit Blocks":1,"Shared Read Blocks":0,"Shared Dirtied Blocks":0,"Shared Written Blocks":0,"Local Hit Blocks":0,"Local Read Blocks":0,"Local Dirtied Blocks":0,"Local Written Blocks":0,"Temp Read Blocks":0,"Temp Written Blocks":0,"I/O Read Time":0.0,"I/O Write Time":0.0,"Temp I/O Read Time":0.0,"Temp I/O Write Time":0.0}]}]}]}]}]},"Planning":{"Shared Hit Blocks":19,"Shared Read Blocks":0,"Shared Dirtied Blocks":0,"Shared Written Blocks":0,"Local Hit Blocks":0,"Local Read Blocks":0,"Local Dirtied Blocks":0,"Local Written Blocks":0,"Temp Read Blocks":0,"Temp Written Blocks":0,"I/O Read Time":0.0,"I/O Write Time":0.0,"Temp I/O Read Time":0.0,"Temp I/O Write Time":0.0},"Planning Time":1.822,"Triggers":[],"Execution Time":1703.092}]
[列存组合]: nation, order_line, supplier
[{"Plan":{"Node Type":"Sort","Parallel Aware":false,"Async Capable":false,"Startup Cost":1360448.89,"Total Cost":1360449.09,"Plan Rows":80,"Plan Width":44,"Actual Startup Time":6002.559,"Actual Total Time":6002.585,"Actual Rows":0,"Actual Loops":1,"Output":["supplier.su_name","supplier.su_address"],"Sort Key":["supplier.su_name"],"Sort Method":"quicksort","Sort Space Used":25,"Sort Space Type":"Memory","Shared Hit Blocks":834757,"Shared Read Blocks":0,"Shared Dirtied Blocks":0,"Shared Written Blocks":0,"Local Hit Blocks":0,"Local Read Blocks":0,"Local Dirtied Blocks":0,"Local Written Blocks":0,"Temp Read Blocks":1223,"Temp Written Blocks":1232,"I/O Read Time":0.0,"I/O Write Time":0.0,"Temp I/O Read Time":1.983,"Temp I/O Write Time":5.096,"Plans":[{"Node Type":"Hash Join","Parent Relationship":"Outer","Parallel Aware":false,"Async Capable":false,"Join Type":"Inner","Startup Cost":1360443.58,"Total Cost":1360446.36,"Plan Rows":80,"Plan Width":44,"Actual Startup Time":6002.55,"Actual Total Time":6002.574,"Actual Rows":0,"Actual Loops":1,"Output":["supplier.su_name","supplier.su_address"],"Hash Cond":"((mod((stock.s_i_id * stock.s_w_id), 10000)) = supplier.su_suppkey)","Shared Hit Blocks":834757,"Shared Read Blocks":0,"Shared Dirtied Blocks":0,"Shared Written Blocks":0,"Local Hit Blocks":0,"Local Read Blocks":0,"Local Dirtied Blocks":0,"Local Written Blocks":0,"Temp Read Blocks":1223,"Temp Written Blocks":1232,"I/O Read Time":0.0,"I/O Write Time":0.0,"Temp I/O Read Time":1.983,"Temp I/O Write Time":5.096,"Plans":[{"Node Type":"Aggregate","Strategy":"Hashed","Partial Mode":"Simple","Parent Relationship":"Outer","Parallel Aware":false,"Async Capable":false,"Startup Cost":1360356.24,"Total Cost":1360358.24,"Plan Rows":200,"Plan Width":4,"Actual Startup Time":6001.909,"Actual Total Time":6001.919,"Actual Rows":0,"Actual Loops":1,"Output":["(mod((stock.s_i_id * stock.s_w_id), 10000))"],"Group Key":["mod((stock.s_i_id * stock.s_w_id), 10000)"],"Planned Partitions":0,"HashAgg Batches":1,"Peak Memory Usage":40,"Disk Usage":0,"Shared Hit Blocks":834757,"Shared Read Blocks":0,"Shared Dirtied Blocks":0,"Shared Written Blocks":0,"Local Hit Blocks":0,"Local Read Blocks":0,"Local Dirtied Blocks":0,"Local Written Blocks":0,"Temp Read Blocks":1223,"Temp Written Blocks":1232,"I/O Read Time":0.0,"I/O Write Time":0.0,"Temp I/O Read Time":1.983,"Temp I/O Write Time":5.096,"Plans":[{"Node Type":"Aggregate","Strategy":"Sorted","Partial Mode":"Simple","Parent Relationship":"Outer","Parallel Aware":false,"Async Capable":false,"Startup Cost":1354164.78,"Total Cost":1359519.55,"Plan Rows":66935,"Plan Width":12,"Actual Startup Time":6001.901,"Actual Total Time":6001.911,"Actual Rows":0,"Actual Loops":1,"Output":["mod((stock.s_i_id * stock.s_w_id), 10000)","stock.s_i_id","stock.s_w_id","stock.s_quantity"],"Group Key":["stock.s_i_id","stock.s_w_id"],"Filter":"((2 * stock.s_quantity) > sum(order_line.ol_quantity))","Rows Removed by Filter":5200,"Shared Hit Blocks":834757,"Shared Read Blocks":0,"Shared Dirtied Blocks":0,"Shared Written Blocks":0,"Local Hit Blocks":0,"Local Read Blocks":0,"Local Dirtied Blocks":0,"Local Written Blocks":0,"Temp Read Blocks":1223,"Temp Written Blocks":1232,"I/O Read Time":0.0,"I/O Write Time":0.0,"Temp I/O Read Time":1.983,"Temp I/O Write Time":5.096,"Plans":[{"Node Type":"Sort","Parent Relationship":"Outer","Parallel Aware":false,"Async Capable":false,"Startup Cost":1354164.78,"Total Cost":1354666.79,"Plan Rows":200804,"Plan Width":10,"Actual Startup Time":5904.526,"Actual Total Time":5950.077,"Actual Rows":499000,"Actual Loops":1,"Output":["stock.s_i_id","stock.s_w_id","stock.s_quantity","order_line.ol_quantity"],"Sort Key":["stock.s_i_id","stock.s_w_id"],"Sort Method":"external merge","Sort Space Used":9784,"Sort Space Type":"Disk","Shared Hit Blocks":834757,"Shared Read Blocks":0,"Shared Dirtied Blocks":0,"Shared Written Blocks":0,"Local Hit Blocks":0,"Local Read Blocks":0,"Local Dirtied Blocks":0,"Local Written Blocks":0,"Temp Read Blocks":1223,"Temp Written Blocks":1232,"I/O Read Time":0.0,"I/O Write Time":0.0,"Temp I/O Read Time":1.983,"Temp I/O Write Time":5.096,"Plans":[{"Node Type":"Hash Join","Parent Relationship":"Outer","Parallel Aware":false,"Async Capable":false,"Join Type":"Inner","Startup Cost":222642.67,"Total Cost":1333045.03,"Plan Rows":200804,"Plan Width":10,"Actual Startup Time":889.644,"Actual Total Time":5792.874,"Actual Rows":499000,"Actual Loops":1,"Output":["stock.s_i_id","stock.s_w_id","stock.s_quantity","order_line.ol_quantity"],"Hash Cond":"(stock.s_i_id = order_line.ol_i_id)","Shared Hit Blocks":834757,"Shared Read Blocks":0,"Shared Dirtied Blocks":0,"Shared Written Blocks":0,"Local Hit Blocks":0,"Local Read Blocks":0,"Local Dirtied Blocks":0,"Local Written Blocks":0,"Temp Read Blocks":0,"Temp Written Blocks":0,"I/O Read Time":0.0,"I/O Write Time":0.0,"Temp I/O Read Time":0.0,"Temp I/O Write Time":0.0,"Plans":[{"Node Type":"Seq Scan","Parent Relationship":"Outer","Parallel Aware":false,"Async Capable":false,"Relation Name":"stock","Schema":"public","Alias":"stock","Startup Cost":0.0,"Total Cost":1033394.12,"Plan Rows":20000212,"Plan Width":8,"Actual Startup Time":0.007,"Actual Total Time":1723.951,"Actual Rows":20000000,"Actual Loops":1,"Output":["stock.s_i_id","stock.s_w_id","stock.s_quantity","stock.s_dist_01","stock.s_dist_02","stock.s_dist_03","stock.s_dist_04","stock.s_dist_05","stock.s_dist_06","stock.s_dist_07","stock.s_dist_08","stock.s_dist_09","stock.s_dist_10","stock.s_ytd","stock.s_order_cnt","stock.s_remote_cnt","stock.s_data"],"Shared Hit Blocks":833392,"Shared Read Blocks":0,"Shared Dirtied Blocks":0,"Shared Written Blocks":0,"Local Hit Blocks":0,"Local Read Blocks":0,"Local Dirtied Blocks":0,"Local Written Blocks":0,"Temp Read Blocks":0,"Temp Written Blocks":0,"I/O Read Time":0.0,"I/O Write Time":0.0,"Temp I/O Read Time":0.0,"Temp I/O Write Time":0.0},{"Node Type":"Hash","Parent Relationship":"Inner","Parallel Aware":false,"Async Capable":false,"Startup Cost":222630.24,"Total Cost":222630.24,"Plan Rows":994,"Plan Width":10,"Actual Startup Time":889.423,"Actual Total Time":889.431,"Actual Rows":2495,"Actual Loops":1,"Output":["order_line.ol_quantity","order_line.ol_i_id","item.i_id"],"Hash Buckets":4096,"Original Hash Buckets":1024,"Hash Batches":1,"Original Hash Batches":1,"Peak Memory Usage":140,"Shared Hit Blocks":1365,"Shared Read Blocks":0,"Shared Dirtied Blocks":0,"Shared Written Blocks":0,"Local Hit Blocks":0,"Local Read Blocks":0,"Local Dirtied Blocks":0,"Local Written Blocks":0,"Temp Read Blocks":0,"Temp Written Blocks":0,"I/O Read Time":0.0,"I/O Write Time":0.0,"Temp I/O Read Time":0.0,"Temp I/O Write Time":0.0,"Plans":[{"Node Type":"Hash Join","Parent Relationship":"Outer","Parallel Aware":false,"Async Capable":false,"Join Type":"Inner","Startup Cost":2635.12,"Total Cost":222630.24,"Plan Rows":994,"Plan Width":10,"Actual Startup Time":15.001,"Actual Total Time":888.947,"Actual Rows":2495,"Actual Loops":1,"Output":["order_line.ol_quantity","order_line.ol_i_id","item.i_id"],"Hash Cond":"(order_line.ol_i_id = item.i_id)","Shared Hit Blocks":1365,"Shared Read Blocks":0,"Shared Dirtied Blocks":0,"Shared Written Blocks":0,"Local Hit Blocks":0,"Local Read Blocks":0,"Local Dirtied Blocks":0,"Local Written Blocks":0,"Temp Read Blocks":0,"Temp Written Blocks":0,"I/O Read Time":0.0,"I/O Write Time":0.0,"Temp I/O Read Time":0.0,"Temp I/O Write Time":0.0,"Plans":[{"Node Type":"Append","Parent Relationship":"Outer","Parallel Aware":false,"Async Capable":false,"Startup Cost":20.0,"Total Cost":193913.85,"Plan Rows":9942920,"Plan Width":6,"Actual Startup Time":5.7,"Actual Total Time":879.06,"Actual Rows":2495,"Actual Loops":1,"Shared Hit Blocks":0,"Shared Read Blocks":0,"Shared Dirtied Blocks":0,"Shared Written Blocks":0,"Local Hit Blocks":0,"Local Read Blocks":0,"Local Dirtied Blocks":0,"Local Written Blocks":0,"Temp Read Blocks":0,"Temp Written Blocks":0,"I/O Read Time":0.0,"I/O Write Time":0.0,"Temp I/O Read Time":0.0,"Temp I/O Write Time":0.0,"Subplans Removed":0,"Plans":[{"Node Type":"Custom Scan","Parent Relationship":"Member","Custom Plan Provider":"columnar scan","Parallel Aware":false,"Async Capable":false,"Relation Name":"order_line","Schema":"public","Alias":"order_line","Startup Cost":20.0,"Total Cost":193908.91,"Plan Rows":9942910,"Plan Width":6,"Actual Startup Time":5.699,"Actual Total Time":878.832,"Actual Rows":2495,"Actual Loops":1,"Output":["order_line.ol_quantity","order_line.ol_i_id"],"Filter":"((order_line.ol_delivery_d < '1995-04-02 20:10:02.27764'::timestamp without time zone) AND (order_line.ol_delivery_d >= '1994-01-02 20:10:02.27764'::timestamp without time zone))","Rows Removed by Filter":0,"Rows Removed by Columnar Filter":59991266,"Rows Filtered by Bloom Filter":0,"Dictionary Rows Filtered by Bloom Filter":59978198,"Columnar cache search mode":"native","Shared Hit Blocks":0,"Shared Read Blocks":0,"Shared Dirtied Blocks":0,"Shared Written Blocks":0,"Local Hit Blocks":0,"Local Read Blocks":0,"Local Dirtied Blocks":0,"Local Written Blocks":0,"Temp Read Blocks":0,"Temp Written Blocks":0,"I/O Read Time":0.0,"I/O Write Time":0.0,"Temp I/O Read Time":0.0,"Temp I/O Write Time":0.0},{"Node Type":"Seq Scan","Parent Relationship":"Member","Parallel Aware":false,"Async Capable":false,"Relation Name":"order_line","Schema":"public","Alias":"order_line","Startup Cost":0.0,"Total Cost":4.95,"Plan Rows":10,"Plan Width":6,"Actual Startup Time":0.0,"Actual Total Time":0.0,"Actual Rows":0,"Actual Loops":0,"Output":["order_line.ol_quantity","order_line.ol_i_id"],"Filter":"((order_line.ol_delivery_d < '1995-04-02 20:10:02.27764'::timestamp without time zone) AND (order_line.ol_delivery_d >= '1994-01-02 20:10:02.27764'::timestamp without time zone))","Rows Removed by Filter":0,"Shared Hit Blocks":0,"Shared Read Blocks":0,"Shared Dirtied Blocks":0,"Shared Written Blocks":0,"Local Hit Blocks":0,"Local Read Blocks":0,"Local Dirtied Blocks":0,"Local Written Blocks":0,"Temp Read Blocks":0,"Temp Written Blocks":0,"I/O Read Time":0.0,"I/O Write Time":0.0,"Temp I/O Read Time":0.0,"Temp I/O Write Time":0.0}]},{"Node Type":"Hash","Parent Relationship":"Inner","Parallel Aware":false,"Async Capable":false,"Startup Cost":2615.0,"Total Cost":2615.0,"Plan Rows":10,"Plan Width":4,"Actual Startup Time":8.916,"Actual Total Time":8.917,"Actual Rows":26,"Actual Loops":1,"Output":["item.i_id"],"Hash Buckets":1024,"Original Hash Buckets":1024,"Hash Batches":1,"Original Hash Batches":1,"Peak Memory Usage":9,"Shared Hit Blocks":1365,"Shared Read Blocks":0,"Shared Dirtied Blocks":0,"Shared Written Blocks":0,"Local Hit Blocks":0,"Local Read Blocks":0,"Local Dirtied Blocks":0,"Local Written Blocks":0,"Temp Read Blocks":0,"Temp Written Blocks":0,"I/O Read Time":0.0,"I/O Write Time":0.0,"Temp I/O Read Time":0.0,"Temp I/O Write Time":0.0,"Plans":[{"Node Type":"Seq Scan","Parent Relationship":"Outer","Parallel Aware":false,"Async Capable":false,"Relation Name":"item","Schema":"public","Alias":"item","Startup Cost":0.0,"Total Cost":2615.0,"Plan Rows":10,"Plan Width":4,"Actual Startup Time":0.085,"Actual Total Time":8.901,"Actual Rows":26,"Actual Loops":1,"Output":["item.i_id"],"Filter":"((item.i_data)::text ~~ 'co%'::text)","Rows Removed by Filter":99974,"Shared Hit Blocks":1365,"Shared Read Blocks":0,"Shared Dirtied Blocks":0,"Shared Written Blocks":0,"Local Hit Blocks":0,"Local Read Blocks":0,"Local Dirtied Blocks":0,"Local Written Blocks":0,"Temp Read Blocks":0,"Temp Written Blocks":0,"I/O Read Time":0.0,"I/O Write Time":0.0,"Temp I/O Read Time":0.0,"Temp I/O Write Time":0.0}]}]}]}]}]}]}]},{"Node Type":"Hash","Parent Relationship":"Inner","Parallel Aware":false,"Async Capable":false,"Startup Cost":85.33,"Total Cost":85.33,"Plan Rows":161,"Plan Width":48,"Actual Startup Time":0.631,"Actual Total Time":0.644,"Actual Rows":164,"Actual Loops":1,"Output":["supplier.su_name","supplier.su_address","supplier.su_suppkey"],"Hash Buckets":1024,"Original Hash Buckets":1024,"Hash Batches":1,"Original Hash Batches":1,"Peak Memory Usage":22,"Shared Hit Blocks":0,"Shared Read Blocks":0,"Shared Dirtied Blocks":0,"Shared Written Blocks":0,"Local Hit Blocks":0,"Local Read Blocks":0,"Local Dirtied Blocks":0,"Local Written Blocks":0,"Temp Read Blocks":0,"Temp Written Blocks":0,"I/O Read Time":0.0,"I/O Write Time":0.0,"Temp I/O Read Time":0.0,"Temp I/O Write Time":0.0,"Plans":[{"Node Type":"Hash Join","Parent Relationship":"Outer","Parallel Aware":false,"Async Capable":false,"Join Type":"Inner","Startup Cost":44.02,"Total Cost":85.33,"Plan Rows":161,"Plan Width":48,"Actual Startup Time":0.574,"Actual Total Time":0.599,"Actual Rows":164,"Actual Loops":1,"Output":["supplier.su_name","supplier.su_address","supplier.su_suppkey"],"Hash Cond":"(supplier.su_nationkey = nation.n_nationkey)","Rows Removed by Bloom Filter":9685,"Shared Hit Blocks":0,"Shared Read Blocks":0,"Shared Dirtied Blocks":0,"Shared Written Blocks":0,"Local Hit Blocks":0,"Local Read Blocks":0,"Local Dirtied Blocks":0,"Local Written Blocks":0,"Temp Read Blocks":0,"Temp Written Blocks":0,"I/O Read Time":0.0,"I/O Write Time":0.0,"Temp I/O Read Time":0.0,"Temp I/O Write Time":0.0,"Plans":[{"Node Type":"Append","Parent Relationship":"Outer","Parallel Aware":false,"Async Capable":false,"Startup Cost":20.0,"Total Cost":259.01,"Plan Rows":10001,"Plan Width":52,"Actual Startup Time":0.005,"Actual Total Time":0.008,"Actual Rows":10000,"Actual Loops":1,"Shared Hit Blocks":0,"Shared Read Blocks":0,"Shared Dirtied Blocks":0,"Shared Written Blocks":0,"Local Hit Blocks":0,"Local Read Blocks":0,"Local Dirtied Blocks":0,"Local Written Blocks":0,"Temp Read Blocks":0,"Temp Written Blocks":0,"I/O Read Time":0.0,"I/O Write Time":0.0,"Temp I/O Read Time":0.0,"Temp I/O Write Time":0.0,"Subplans Removed":0,"Plans":[{"Node Type":"Custom Scan","Parent Relationship":"Member","Custom Plan Provider":"columnar scan","Parallel Aware":false,"Async Capable":false,"Relation Name":"supplier","Schema":"public","Alias":"supplier","Startup Cost":20.0,"Total Cost":255.0,"Plan Rows":10000,"Plan Width":52,"Actual Startup Time":0.005,"Actual Total Time":0.005,"Actual Rows":10000,"Actual Loops":1,"Output":["supplier.su_name","supplier.su_address","supplier.su_nationkey","supplier.su_suppkey"],"Rows Removed by Columnar Filter":0,"Columnar cache search mode":"native","Shared Hit Blocks":0,"Shared Read Blocks":0,"Shared Dirtied Blocks":0,"Shared Written Blocks":0,"Local Hit Blocks":0,"Local Read Blocks":0,"Local Dirtied Blocks":0,"Local Written Blocks":0,"Temp Read Blocks":0,"Temp Written Blocks":0,"I/O Read Time":0.0,"I/O Write Time":0.0,"Temp I/O Read Time":0.0,"Temp I/O Write Time":0.0},{"Node Type":"Seq Scan","Parent Relationship":"Member","Parallel Aware":false,"Async Capable":false,"Relation Name":"supplier","Schema":"public","Alias":"supplier","Startup Cost":0.0,"Total Cost":4.01,"Plan Rows":1,"Plan Width":52,"Actual Startup Time":0.0,"Actual Total Time":0.0,"Actual Rows":0,"Actual Loops":0,"Output":["supplier.su_name","supplier.su_address","supplier.su_nationkey","supplier.su_suppkey"],"Shared Hit Blocks":0,"Shared Read Blocks":0,"Shared Dirtied Blocks":0,"Shared Written Blocks":0,"Local Hit Blocks":0,"Local Read Blocks":0,"Local Dirtied Blocks":0,"Local Written Blocks":0,"Temp Read Blocks":0,"Temp Written Blocks":0,"I/O Read Time":0.0,"I/O Write Time":0.0,"Temp I/O Read Time":0.0,"Temp I/O Write Time":0.0}]},{"Node Type":"Hash","Parent Relationship":"Inner","Parallel Aware":false,"Async Capable":false,"Startup Cost":24.04,"Total Cost":24.04,"Plan Rows":2,"Plan Width":4,"Actual Rows":1,"Actual Loops":1,"Output":["nation.n_nationkey"],"Shared Hit Blocks":0,"Shared Read Blocks":0,"Shared Dirtied Blocks":0,"Shared Written Blocks":0,"Local Hit Blocks":0,"Local Read Blocks":0,"Local Dirtied Blocks":0,"Local Written Blocks":0,"Temp Read Blocks":0,"Temp Written Blocks":0,"I/O Read Time":0.0,"I/O Write Time":0.0,"Temp I/O Read Time":0.0,"Temp I/O Write Time":0.0,"Plans":[{"Node Type":"Append","Parent Relationship":"Outer","Parallel Aware":false,"Async Capable":false,"Startup Cost":20.0,"Total Cost":24.04,"Plan Rows":2,"Plan Width":4,"Actual Startup Time":0.03,"Actual Total Time":0.034,"Actual Rows":1,"Actual Loops":1,"Shared Hit Blocks":0,"Shared Read Blocks":0,"Shared Dirtied Blocks":0,"Shared Written Blocks":0,"Local Hit Blocks":0,"Local Read Blocks":0,"Local Dirtied Blocks":0,"Local Written Blocks":0,"Temp Read Blocks":0,"Temp Written Blocks":0,"I/O Read Time":0.0,"I/O Write Time":0.0,"Temp I/O Read Time":0.0,"Temp I/O Write Time":0.0,"Subplans Removed":0,"Plans":[{"Node Type":"Custom Scan","Parent Relationship":"Member","Custom Plan Provider":"columnar scan","Parallel Aware":false,"Async Capable":false,"Relation Name":"nation","Schema":"public","Alias":"nation","Startup Cost":20.0,"Total Cost":20.02,"Plan Rows":1,"Plan Width":4,"Actual Startup Time":0.028,"Actual Total Time":0.028,"Actual Rows":1,"Actual Loops":1,"Output":["nation.n_nationkey"],"Filter":"((nation.n_name)::text = 'France'::text)","Rows Removed by Filter":0,"Rows Removed by Columnar Filter":61,"Columnar cache search mode":"native","Shared Hit Blocks":0,"Shared Read Blocks":0,"Shared Dirtied Blocks":0,"Shared Written Blocks":0,"Local Hit Blocks":0,"Local Read Blocks":0,"Local Dirtied Blocks":0,"Local Written Blocks":0,"Temp Read Blocks":0,"Temp Written Blocks":0,"I/O Read Time":0.0,"I/O Write Time":0.0,"Temp I/O Read Time":0.0,"Temp I/O Write Time":0.0},{"Node Type":"Seq Scan","Parent Relationship":"Member","Parallel Aware":false,"Async Capable":false,"Relation Name":"nation","Schema":"public","Alias":"nation","Startup Cost":0.0,"Total Cost":4.01,"Plan Rows":1,"Plan Width":4,"Actual Startup Time":0.0,"Actual Total Time":0.0,"Actual Rows":0,"Actual Loops":0,"Output":["nation.n_nationkey"],"Filter":"((nation.n_name)::text = 'France'::text)","Rows Removed by Filter":0,"Shared Hit Blocks":0,"Shared Read Blocks":0,"Shared Dirtied Blocks":0,"Shared Written Blocks":0,"Local Hit Blocks":0,"Local Read Blocks":0,"Local Dirtied Blocks":0,"Local Written Blocks":0,"Temp Read Blocks":0,"Temp Written Blocks":0,"I/O Read Time":0.0,"I/O Write Time":0.0,"Temp I/O Read Time":0.0,"Temp I/O Write Time":0.0}]}]}]}]}]}]},"Planning":{"Shared Hit Blocks":19,"Shared Read Blocks":0,"Shared Dirtied Blocks":0,"Shared Written Blocks":0,"Local Hit Blocks":0,"Local Read Blocks":0,"Local Dirtied Blocks":0,"Local Written Blocks":0,"Temp Read Blocks":0,"Temp Written Blocks":0,"I/O Read Time":0.0,"I/O Write Time":0.0,"Temp I/O Read Time":0.0,"Temp I/O Write Time":0.0},"Planning Time":1.147,"Triggers":[],"Execution Time":6004.696}]
[列存组合]: nation, stock, supplier
[{"Plan":{"Node Type":"Sort","Parallel Aware":false,"Async Capable":false,"Startup Cost":2133522.31,"Total Cost":2133522.51,"Plan Rows":80,"Plan Width":44,"Actual Startup Time":6261.55,"Actual Total Time":6261.576,"Actual Rows":0,"Actual Loops":1,"Output":["supplier.su_name","supplier.su_address"],"Sort Key":["supplier.su_name"],"Sort Method":"quicksort","Sort Space Used":25,"Sort Space Type":"Memory","Shared Hit Blocks":683113,"Shared Read Blocks":0,"Shared Dirtied Blocks":0,"Shared Written Blocks":0,"Local Hit Blocks":0,"Local Read Blocks":0,"Local Dirtied Blocks":0,"Local Written Blocks":0,"Temp Read Blocks":1223,"Temp Written Blocks":1232,"I/O Read Time":0.0,"I/O Write Time":0.0,"Temp I/O Read Time":1.927,"Temp I/O Write Time":5.062,"Plans":[{"Node Type":"Hash Join","Parent Relationship":"Outer","Parallel Aware":false,"Async Capable":false,"Join Type":"Inner","Startup Cost":2133517.0,"Total Cost":2133519.78,"Plan Rows":80,"Plan Width":44,"Actual Startup Time":6261.541,"Actual Total Time":6261.566,"Actual Rows":0,"Actual Loops":1,"Output":["supplier.su_name","supplier.su_address"],"Hash Cond":"((mod((stock.s_i_id * stock.s_w_id), 10000)) = supplier.su_suppkey)","Shared Hit Blocks":683113,"Shared Read Blocks":0,"Shared Dirtied Blocks":0,"Shared Written Blocks":0,"Local Hit Blocks":0,"Local Read Blocks":0,"Local Dirtied Blocks":0,"Local Written Blocks":0,"Temp Read Blocks":1223,"Temp Written Blocks":1232,"I/O Read Time":0.0,"I/O Write Time":0.0,"Temp I/O Read Time":1.927,"Temp I/O Write Time":5.062,"Plans":[{"Node Type":"Aggregate","Strategy":"Hashed","Partial Mode":"Simple","Parent Relationship":"Outer","Parallel Aware":false,"Async Capable":false,"Startup Cost":2133429.66,"Total Cost":2133431.66,"Plan Rows":200,"Plan Width":4,"Actual Startup Time":6260.698,"Actual Total Time":6260.711,"Actual Rows":0,"Actual Loops":1,"Output":["(mod((stock.s_i_id * stock.s_w_id), 10000))"],"Group Key":["mod((stock.s_i_id * stock.s_w_id), 10000)"],"Planned Partitions":0,"HashAgg Batches":1,"Peak Memory Usage":40,"Disk Usage":0,"Shared Hit Blocks":683113,"Shared Read Blocks":0,"Shared Dirtied Blocks":0,"Shared Written Blocks":0,"Local Hit Blocks":0,"Local Read Blocks":0,"Local Dirtied Blocks":0,"Local Written Blocks":0,"Temp Read Blocks":1223,"Temp Written Blocks":1232,"I/O Read Time":0.0,"I/O Write Time":0.0,"Temp I/O Read Time":1.927,"Temp I/O Write Time":5.062,"Plans":[{"Node Type":"Aggregate","Strategy":"Sorted","Partial Mode":"Simple","Parent Relationship":"Outer","Parallel Aware":false,"Async Capable":false,"Startup Cost":2127238.2,"Total Cost":2132592.98,"Plan Rows":66935,"Plan Width":12,"Actual Startup Time":6260.689,"Actual Total Time":6260.702,"Actual Rows":0,"Actual Loops":1,"Output":["mod((stock.s_i_id * stock.s_w_id), 10000)","stock.s_i_id","stock.s_w_id","stock.s_quantity"],"Group Key":["stock.s_i_id","stock.s_w_id"],"Filter":"((2 * stock.s_quantity) > sum(order_line.ol_quantity))","Rows Removed by Filter":5200,"Shared Hit Blocks":683113,"Shared Read Blocks":0,"Shared Dirtied Blocks":0,"Shared Written Blocks":0,"Local Hit Blocks":0,"Local Read Blocks":0,"Local Dirtied Blocks":0,"Local Written Blocks":0,"Temp Read Blocks":1223,"Temp Written Blocks":1232,"I/O Read Time":0.0,"I/O Write Time":0.0,"Temp I/O Read Time":1.927,"Temp I/O Write Time":5.062,"Plans":[{"Node Type":"Sort","Parent Relationship":"Outer","Parallel Aware":false,"Async Capable":false,"Startup Cost":2127238.2,"Total Cost":2127740.21,"Plan Rows":200804,"Plan Width":10,"Actual Startup Time":6157.644,"Actual Total Time":6208.28,"Actual Rows":499000,"Actual Loops":1,"Output":["stock.s_i_id","stock.s_w_id","stock.s_quantity","order_line.ol_quantity"],"Sort Key":["stock.s_i_id","stock.s_w_id"],"Sort Method":"external merge","Sort Space Used":9784,"Sort Space Type":"Disk","Shared Hit Blocks":683113,"Shared Read Blocks":0,"Shared Dirtied Blocks":0,"Shared Written Blocks":0,"Local Hit Blocks":0,"Local Read Blocks":0,"Local Dirtied Blocks":0,"Local Written Blocks":0,"Temp Read Blocks":1223,"Temp Written Blocks":1232,"I/O Read Time":0.0,"I/O Write Time":0.0,"Temp I/O Read Time":1.927,"Temp I/O Write Time":5.062,"Plans":[{"Node Type":"Hash Join","Parent Relationship":"Outer","Parallel Aware":false,"Async Capable":false,"Join Type":"Inner","Startup Cost":485169.13,"Total Cost":2106118.46,"Plan Rows":200804,"Plan Width":10,"Actual Startup Time":601.853,"Actual Total Time":5992.685,"Actual Rows":499000,"Actual Loops":1,"Output":["stock.s_i_id","stock.s_w_id","stock.s_quantity","order_line.ol_quantity"],"Hash Cond":"(order_line.ol_i_id = stock.s_i_id)","Shared Hit Blocks":683113,"Shared Read Blocks":0,"Shared Dirtied Blocks":0,"Shared Written Blocks":0,"Local Hit Blocks":0,"Local Read Blocks":0,"Local Dirtied Blocks":0,"Local Written Blocks":0,"Temp Read Blocks":0,"Temp Written Blocks":0,"I/O Read Time":0.0,"I/O Write Time":0.0,"Temp I/O Read Time":0.0,"Temp I/O Write Time":0.0,"Plans":[{"Node Type":"Seq Scan","Parent Relationship":"Outer","Parallel Aware":false,"Async Capable":false,"Relation Name":"order_line","Schema":"public","Alias":"order_line","Startup Cost":0.0,"Total Cost":1581655.36,"Plan Rows":9942920,"Plan Width":6,"Actual Startup Time":0.009,"Actual Total Time":4625.598,"Actual Rows":9885180,"Actual Loops":1,"Output":["order_line.ol_o_id","order_line.ol_d_id","order_line.ol_w_id","order_line.ol_number","order_line.ol_i_id","order_line.ol_supply_w_id","order_line.ol_delivery_d","order_line.ol_quantity","order_line.ol_amount","order_line.ol_dist_info"],"Filter":"((order_line.ol_delivery_d >= '1994-01-02 20:10:02.27764'::timestamp without time zone) AND (order_line.ol_delivery_d < '1995-04-02 20:10:02.27764'::timestamp without time zone))","Rows Removed by Filter":50108581,"Shared Hit Blocks":681748,"Shared Read Blocks":0,"Shared Dirtied Blocks":0,"Shared Written Blocks":0,"Local Hit Blocks":0,"Local Read Blocks":0,"Local Dirtied Blocks":0,"Local Written Blocks":0,"Temp Read Blocks":0,"Temp Written Blocks":0,"I/O Read Time":0.0,"I/O Write Time":0.0,"Temp I/O Read Time":0.0,"Temp I/O Write Time":0.0},{"Node Type":"Hash","Parent Relationship":"Inner","Parallel Aware":false,"Async Capable":false,"Startup Cost":485144.13,"Total Cost":485144.13,"Plan Rows":2000,"Plan Width":12,"Actual Startup Time":600.766,"Actual Total Time":600.777,"Actual Rows":5200,"Actual Loops":1,"Output":["stock.s_i_id","stock.s_w_id","stock.s_quantity","item.i_id"],"Hash Buckets":8192,"Original Hash Buckets":2048,"Hash Batches":1,"Original Hash Batches":1,"Peak Memory Usage":288,"Shared Hit Blocks":1365,"Shared Read Blocks":0,"Shared Dirtied Blocks":0,"Shared Written Blocks":0,"Local Hit Blocks":0,"Local Read Blocks":0,"Local Dirtied Blocks":0,"Local Written Blocks":0,"Temp Read Blocks":0,"Temp Written Blocks":0,"I/O Read Time":0.0,"I/O Write Time":0.0,"Temp I/O Read Time":0.0,"Temp I/O Write Time":0.0,"Plans":[{"Node Type":"Hash Join","Parent Relationship":"Outer","Parallel Aware":false,"Async Capable":false,"Join Type":"Inner","Startup Cost":2635.12,"Total Cost":485144.13,"Plan Rows":2000,"Plan Width":12,"Actual Startup Time":10.667,"Actual Total Time":599.829,"Actual Rows":5200,"Actual Loops":1,"Output":["stock.s_i_id","stock.s_w_id","stock.s_quantity","item.i_id"],"Hash Cond":"(stock.s_i_id = item.i_id)","Shared Hit Blocks":1365,"Shared Read Blocks":0,"Shared Dirtied Blocks":0,"Shared Written Blocks":0,"Local Hit Blocks":0,"Local Read Blocks":0,"Local Dirtied Blocks":0,"Local Written Blocks":0,"Temp Read Blocks":0,"Temp Written Blocks":0,"I/O Read Time":0.0,"I/O Write Time":0.0,"Temp I/O Read Time":0.0,"Temp I/O Write Time":0.0,"Plans":[{"Node Type":"Append","Parent Relationship":"Outer","Parallel Aware":false,"Async Capable":false,"Startup Cost":20.0,"Total Cost":430026.22,"Plan Rows":20000212,"Plan Width":8,"Actual Startup Time":1.507,"Actual Total Time":589.586,"Actual Rows":5200,"Actual Loops":1,"Shared Hit Blocks":0,"Shared Read Blocks":0,"Shared Dirtied Blocks":0,"Shared Written Blocks":0,"Local Hit Blocks":0,"Local Read Blocks":0,"Local Dirtied Blocks":0,"Local Written Blocks":0,"Temp Read Blocks":0,"Temp Written Blocks":0,"I/O Read Time":0.0,"I/O Write Time":0.0,"Temp I/O Read Time":0.0,"Temp I/O Write Time":0.0,"Subplans Removed":0,"Plans":[{"Node Type":"Custom Scan","Parent Relationship":"Member","Custom Plan Provider":"columnar scan","Parallel Aware":false,"Async Capable":false,"Relation Name":"stock","Schema":"public","Alias":"stock","Startup Cost":20.0,"Total Cost":430020.1,"Plan Rows":20000000,"Plan Width":8,"Actual Startup Time":1.506,"Actual Total Time":589.174,"Actual Rows":5200,"Actual Loops":1,"Output":["stock.s_i_id","stock.s_w_id","stock.s_quantity"],"Rows Removed by Columnar Filter":19994800,"Rows Filtered by Bloom Filter":0,"Dictionary Rows Filtered by Bloom Filter":19994800,"Columnar cache search mode":"native","Shared Hit Blocks":0,"Shared Read Blocks":0,"Shared Dirtied Blocks":0,"Shared Written Blocks":0,"Local Hit Blocks":0,"Local Read Blocks":0,"Local Dirtied Blocks":0,"Local Written Blocks":0,"Temp Read Blocks":0,"Temp Written Blocks":0,"I/O Read Time":0.0,"I/O Write Time":0.0,"Temp I/O Read Time":0.0,"Temp I/O Write Time":0.0},{"Node Type":"Seq Scan","Parent Relationship":"Member","Parallel Aware":false,"Async Capable":false,"Relation Name":"stock","Schema":"public","Alias":"stock","Startup Cost":0.0,"Total Cost":6.12,"Plan Rows":212,"Plan Width":8,"Actual Startup Time":0.0,"Actual Total Time":0.0,"Actual Rows":0,"Actual Loops":0,"Output":["stock.s_i_id","stock.s_w_id","stock.s_quantity"],"Shared Hit Blocks":0,"Shared Read Blocks":0,"Shared Dirtied Blocks":0,"Shared Written Blocks":0,"Local Hit Blocks":0,"Local Read Blocks":0,"Local Dirtied Blocks":0,"Local Written Blocks":0,"Temp Read Blocks":0,"Temp Written Blocks":0,"I/O Read Time":0.0,"I/O Write Time":0.0,"Temp I/O Read Time":0.0,"Temp I/O Write Time":0.0}]},{"Node Type":"Hash","Parent Relationship":"Inner","Parallel Aware":false,"Async Capable":false,"Startup Cost":2615.0,"Total Cost":2615.0,"Plan Rows":10,"Plan Width":4,"Actual Startup Time":8.792,"Actual Total Time":8.797,"Actual Rows":26,"Actual Loops":1,"Output":["item.i_id"],"Hash Buckets":1024,"Original Hash Buckets":1024,"Hash Batches":1,"Original Hash Batches":1,"Peak Memory Usage":9,"Shared Hit Blocks":1365,"Shared Read Blocks":0,"Shared Dirtied Blocks":0,"Shared Written Blocks":0,"Local Hit Blocks":0,"Local Read Blocks":0,"Local Dirtied Blocks":0,"Local Written Blocks":0,"Temp Read Blocks":0,"Temp Written Blocks":0,"I/O Read Time":0.0,"I/O Write Time":0.0,"Temp I/O Read Time":0.0,"Temp I/O Write Time":0.0,"Plans":[{"Node Type":"Seq Scan","Parent Relationship":"Outer","Parallel Aware":false,"Async Capable":false,"Relation Name":"item","Schema":"public","Alias":"item","Startup Cost":0.0,"Total Cost":2615.0,"Plan Rows":10,"Plan Width":4,"Actual Startup Time":0.083,"Actual Total Time":8.78,"Actual Rows":26,"Actual Loops":1,"Output":["item.i_id"],"Filter":"((item.i_data)::text ~~ 'co%'::text)","Rows Removed by Filter":99974,"Shared Hit Blocks":1365,"Shared Read Blocks":0,"Shared Dirtied Blocks":0,"Shared Written Blocks":0,"Local Hit Blocks":0,"Local Read Blocks":0,"Local Dirtied Blocks":0,"Local Written Blocks":0,"Temp Read Blocks":0,"Temp Written Blocks":0,"I/O Read Time":0.0,"I/O Write Time":0.0,"Temp I/O Read Time":0.0,"Temp I/O Write Time":0.0}]}]}]}]}]}]}]},{"Node Type":"Hash","Parent Relationship":"Inner","Parallel Aware":false,"Async Capable":false,"Startup Cost":85.33,"Total Cost":85.33,"Plan Rows":161,"Plan Width":48,"Actual Startup Time":0.832,"Actual Total Time":0.843,"Actual Rows":164,"Actual Loops":1,"Output":["supplier.su_name","supplier.su_address","supplier.su_suppkey"],"Hash Buckets":1024,"Original Hash Buckets":1024,"Hash Batches":1,"Original Hash Batches":1,"Peak Memory Usage":22,"Shared Hit Blocks":0,"Shared Read Blocks":0,"Shared Dirtied Blocks":0,"Shared Written Blocks":0,"Local Hit Blocks":0,"Local Read Blocks":0,"Local Dirtied Blocks":0,"Local Written Blocks":0,"Temp Read Blocks":0,"Temp Written Blocks":0,"I/O Read Time":0.0,"I/O Write Time":0.0,"Temp I/O Read Time":0.0,"Temp I/O Write Time":0.0,"Plans":[{"Node Type":"Hash Join","Parent Relationship":"Outer","Parallel Aware":false,"Async Capable":false,"Join Type":"Inner","Startup Cost":44.02,"Total Cost":85.33,"Plan Rows":161,"Plan Width":48,"Actual Startup Time":0.605,"Actual Total Time":0.629,"Actual Rows":164,"Actual Loops":1,"Output":["supplier.su_name","supplier.su_address","supplier.su_suppkey"],"Hash Cond":"(supplier.su_nationkey = nation.n_nationkey)","Rows Removed by Bloom Filter":9685,"Shared Hit Blocks":0,"Shared Read Blocks":0,"Shared Dirtied Blocks":0,"Shared Written Blocks":0,"Local Hit Blocks":0,"Local Read Blocks":0,"Local Dirtied Blocks":0,"Local Written Blocks":0,"Temp Read Blocks":0,"Temp Written Blocks":0,"I/O Read Time":0.0,"I/O Write Time":0.0,"Temp I/O Read Time":0.0,"Temp I/O Write Time":0.0,"Plans":[{"Node Type":"Append","Parent Relationship":"Outer","Parallel Aware":false,"Async Capable":false,"Startup Cost":20.0,"Total Cost":259.01,"Plan Rows":10001,"Plan Width":52,"Actual Startup Time":0.005,"Actual Total Time":0.007,"Actual Rows":10000,"Actual Loops":1,"Shared Hit Blocks":0,"Shared Read Blocks":0,"Shared Dirtied Blocks":0,"Shared Written Blocks":0,"Local Hit Blocks":0,"Local Read Blocks":0,"Local Dirtied Blocks":0,"Local Written Blocks":0,"Temp Read Blocks":0,"Temp Written Blocks":0,"I/O Read Time":0.0,"I/O Write Time":0.0,"Temp I/O Read Time":0.0,"Temp I/O Write Time":0.0,"Subplans Removed":0,"Plans":[{"Node Type":"Custom Scan","Parent Relationship":"Member","Custom Plan Provider":"columnar scan","Parallel Aware":false,"Async Capable":false,"Relation Name":"supplier","Schema":"public","Alias":"supplier","Startup Cost":20.0,"Total Cost":255.0,"Plan Rows":10000,"Plan Width":52,"Actual Startup Time":0.005,"Actual Total Time":0.005,"Actual Rows":10000,"Actual Loops":1,"Output":["supplier.su_name","supplier.su_address","supplier.su_nationkey","supplier.su_suppkey"],"Rows Removed by Columnar Filter":0,"Columnar cache search mode":"native","Shared Hit Blocks":0,"Shared Read Blocks":0,"Shared Dirtied Blocks":0,"Shared Written Blocks":0,"Local Hit Blocks":0,"Local Read Blocks":0,"Local Dirtied Blocks":0,"Local Written Blocks":0,"Temp Read Blocks":0,"Temp Written Blocks":0,"I/O Read Time":0.0,"I/O Write Time":0.0,"Temp I/O Read Time":0.0,"Temp I/O Write Time":0.0},{"Node Type":"Seq Scan","Parent Relationship":"Member","Parallel Aware":false,"Async Capable":false,"Relation Name":"supplier","Schema":"public","Alias":"supplier","Startup Cost":0.0,"Total Cost":4.01,"Plan Rows":1,"Plan Width":52,"Actual Startup Time":0.0,"Actual Total Time":0.0,"Actual Rows":0,"Actual Loops":0,"Output":["supplier.su_name","supplier.su_address","supplier.su_nationkey","supplier.su_suppkey"],"Shared Hit Blocks":0,"Shared Read Blocks":0,"Shared Dirtied Blocks":0,"Shared Written Blocks":0,"Local Hit Blocks":0,"Local Read Blocks":0,"Local Dirtied Blocks":0,"Local Written Blocks":0,"Temp Read Blocks":0,"Temp Written Blocks":0,"I/O Read Time":0.0,"I/O Write Time":0.0,"Temp I/O Read Time":0.0,"Temp I/O Write Time":0.0}]},{"Node Type":"Hash","Parent Relationship":"Inner","Parallel Aware":false,"Async Capable":false,"Startup Cost":24.04,"Total Cost":24.04,"Plan Rows":2,"Plan Width":4,"Actual Rows":1,"Actual Loops":1,"Output":["nation.n_nationkey"],"Shared Hit Blocks":0,"Shared Read Blocks":0,"Shared Dirtied Blocks":0,"Shared Written Blocks":0,"Local Hit Blocks":0,"Local Read Blocks":0,"Local Dirtied Blocks":0,"Local Written Blocks":0,"Temp Read Blocks":0,"Temp Written Blocks":0,"I/O Read Time":0.0,"I/O Write Time":0.0,"Temp I/O Read Time":0.0,"Temp I/O Write Time":0.0,"Plans":[{"Node Type":"Append","Parent Relationship":"Outer","Parallel Aware":false,"Async Capable":false,"Startup Cost":20.0,"Total Cost":24.04,"Plan Rows":2,"Plan Width":4,"Actual Startup Time":0.03,"Actual Total Time":0.033,"Actual Rows":1,"Actual Loops":1,"Shared Hit Blocks":0,"Shared Read Blocks":0,"Shared Dirtied Blocks":0,"Shared Written Blocks":0,"Local Hit Blocks":0,"Local Read Blocks":0,"Local Dirtied Blocks":0,"Local Written Blocks":0,"Temp Read Blocks":0,"Temp Written Blocks":0,"I/O Read Time":0.0,"I/O Write Time":0.0,"Temp I/O Read Time":0.0,"Temp I/O Write Time":0.0,"Subplans Removed":0,"Plans":[{"Node Type":"Custom Scan","Parent Relationship":"Member","Custom Plan Provider":"columnar scan","Parallel Aware":false,"Async Capable":false,"Relation Name":"nation","Schema":"public","Alias":"nation","Startup Cost":20.0,"Total Cost":20.02,"Plan Rows":1,"Plan Width":4,"Actual Startup Time":0.029,"Actual Total Time":0.029,"Actual Rows":1,"Actual Loops":1,"Output":["nation.n_nationkey"],"Filter":"((nation.n_name)::text = 'France'::text)","Rows Removed by Filter":0,"Rows Removed by Columnar Filter":61,"Columnar cache search mode":"native","Shared Hit Blocks":0,"Shared Read Blocks":0,"Shared Dirtied Blocks":0,"Shared Written Blocks":0,"Local Hit Blocks":0,"Local Read Blocks":0,"Local Dirtied Blocks":0,"Local Written Blocks":0,"Temp Read Blocks":0,"Temp Written Blocks":0,"I/O Read Time":0.0,"I/O Write Time":0.0,"Temp I/O Read Time":0.0,"Temp I/O Write Time":0.0},{"Node Type":"Seq Scan","Parent Relationship":"Member","Parallel Aware":false,"Async Capable":false,"Relation Name":"nation","Schema":"public","Alias":"nation","Startup Cost":0.0,"Total Cost":4.01,"Plan Rows":1,"Plan Width":4,"Actual Startup Time":0.0,"Actual Total Time":0.0,"Actual Rows":0,"Actual Loops":0,"Output":["nation.n_nationkey"],"Filter":"((nation.n_name)::text = 'France'::text)","Rows Removed by Filter":0,"Shared Hit Blocks":0,"Shared Read Blocks":0,"Shared Dirtied Blocks":0,"Shared Written Blocks":0,"Local Hit Blocks":0,"Local Read Blocks":0,"Local Dirtied Blocks":0,"Local Written Blocks":0,"Temp Read Blocks":0,"Temp Written Blocks":0,"I/O Read Time":0.0,"I/O Write Time":0.0,"Temp I/O Read Time":0.0,"Temp I/O Write Time":0.0}]}]}]}]}]}]},"Planning":{"Shared Hit Blocks":19,"Shared Read Blocks":0,"Shared Dirtied Blocks":0,"Shared Written Blocks":0,"Local Hit Blocks":0,"Local Read Blocks":0,"Local Dirtied Blocks":0,"Local Written Blocks":0,"Temp Read Blocks":0,"Temp Written Blocks":0,"I/O Read Time":0.0,"I/O Write Time":0.0,"Temp I/O Read Time":0.0,"Temp I/O Write Time":0.0},"Planning Time":1.443,"Triggers":[],"Execution Time":6263.694}]
[列存组合]: order_line, stock, supplier
[{"Plan":{"Node Type":"Sort","Parallel Aware":false,"Async Capable":false,"Startup Cost":738183.53,"Total Cost":738183.73,"Plan Rows":80,"Plan Width":44,"Actual Startup Time":1642.36,"Actual Total Time":1642.368,"Actual Rows":0,"Actual Loops":1,"Output":["supplier.su_name","supplier.su_address"],"Sort Key":["supplier.su_name"],"Sort Method":"quicksort","Sort Space Used":25,"Sort Space Type":"Memory","Shared Hit Blocks":1366,"Shared Read Blocks":0,"Shared Dirtied Blocks":0,"Shared Written Blocks":0,"Local Hit Blocks":0,"Local Read Blocks":0,"Local Dirtied Blocks":0,"Local Written Blocks":0,"Temp Read Blocks":0,"Temp Written Blocks":0,"I/O Read Time":0.0,"I/O Write Time":0.0,"Temp I/O Read Time":0.0,"Temp I/O Write Time":0.0,"Plans":[{"Node Type":"Hash Join","Parent Relationship":"Outer","Parallel Aware":false,"Async Capable":false,"Join Type":"Inner","Startup Cost":738178.22,"Total Cost":738181.0,"Plan Rows":80,"Plan Width":44,"Actual Startup Time":1642.35,"Actual Total Time":1642.358,"Actual Rows":0,"Actual Loops":1,"Output":["supplier.su_name","supplier.su_address"],"Inner Unique":false,"Hash Cond":"((mod((stock.s_i_id * stock.s_w_id), 10000)) = supplier.su_suppkey)","Shared Hit Blocks":1366,"Shared Read Blocks":0,"Shared Dirtied Blocks":0,"Shared Written Blocks":0,"Local Hit Blocks":0,"Local Read Blocks":0,"Local Dirtied Blocks":0,"Local Written Blocks":0,"Temp Read Blocks":0,"Temp Written Blocks":0,"I/O Read Time":0.0,"I/O Write Time":0.0,"Temp I/O Read Time":0.0,"Temp I/O Write Time":0.0,"Plans":[{"Node Type":"Aggregate","Strategy":"Hashed","Partial Mode":"Simple","Parent Relationship":"Outer","Parallel Aware":false,"Async Capable":false,"Startup Cost":737887.37,"Total Cost":737889.37,"Plan Rows":200,"Plan Width":4,"Actual Startup Time":1641.739,"Actual Total Time":1641.744,"Actual Rows":0,"Actual Loops":1,"Output":["(mod((stock.s_i_id * stock.s_w_id), 10000))"],"Group Key":["mod((stock.s_i_id * stock.s_w_id), 10000)"],"Planned Partitions":0,"HashAgg Batches":1,"Peak Memory Usage":40,"Disk Usage":0,"Shared Hit Blocks":1365,"Shared Read Blocks":0,"Shared Dirtied Blocks":0,"Shared Written Blocks":0,"Local Hit Blocks":0,"Local Read Blocks":0,"Local Dirtied Blocks":0,"Local Written Blocks":0,"Temp Read Blocks":0,"Temp Written Blocks":0,"I/O Read Time":0.0,"I/O Write Time":0.0,"Temp I/O Read Time":0.0,"Temp I/O Write Time":0.0,"Plans":[{"Node Type":"Aggregate","Strategy":"Hashed","Partial Mode":"Simple","Parent Relationship":"Outer","Parallel Aware":false,"Async Capable":false,"Startup Cost":731742.97,"Total Cost":737050.68,"Plan Rows":66935,"Plan Width":12,"Actual Startup Time":1641.736,"Actual Total Time":1641.741,"Actual Rows":0,"Actual Loops":1,"Output":["mod((stock.s_i_id * stock.s_w_id), 10000)","stock.s_i_id","stock.s_w_id","stock.s_quantity"],"Group Key":["stock.s_i_id","stock.s_w_id"],"Filter":"((2 * stock.s_quantity) > sum(order_line.ol_quantity))","Planned Partitions":4,"HashAgg Batches":1,"Peak Memory Usage":3601,"Disk Usage":0,"Rows Removed by Filter":5200,"Shared Hit Blocks":1365,"Shared Read Blocks":0,"Shared Dirtied Blocks":0,"Shared Written Blocks":0,"Local Hit Blocks":0,"Local Read Blocks":0,"Local Dirtied Blocks":0,"Local Written Blocks":0,"Temp Read Blocks":0,"Temp Written Blocks":0,"I/O Read Time":0.0,"I/O Write Time":0.0,"Temp I/O Read Time":0.0,"Temp I/O Write Time":0.0,"Plans":[{"Node Type":"Hash Join","Parent Relationship":"Outer","Parallel Aware":false,"Async Capable":false,"Join Type":"Inner","Startup Cost":485189.13,"Total Cost":718376.95,"Plan Rows":200804,"Plan Width":10,"Actual Startup Time":612.327,"Actual Total Time":1567.732,"Actual Rows":499000,"Actual Loops":1,"Output":["stock.s_i_id","stock.s_w_id","stock.s_quantity","order_line.ol_quantity"],"Inner Unique":false,"Hash Cond":"(order_line.ol_i_id = stock.s_i_id)","Shared Hit Blocks":1365,"Shared Read Blocks":0,"Shared Dirtied Blocks":0,"Shared Written Blocks":0,"Local Hit Blocks":0,"Local Read Blocks":0,"Local Dirtied Blocks":0,"Local Written Blocks":0,"Temp Read Blocks":0,"Temp Written Blocks":0,"I/O Read Time":0.0,"I/O Write Time":0.0,"Temp I/O Read Time":0.0,"Temp I/O Write Time":0.0,"Plans":[{"Node Type":"Append","Parent Relationship":"Outer","Parallel Aware":false,"Async Capable":false,"Startup Cost":20.0,"Total Cost":193913.85,"Plan Rows":9942920,"Plan Width":6,"Actual Startup Time":6.287,"Actual Total Time":907.328,"Actual Rows":2495,"Actual Loops":1,"Shared Hit Blocks":0,"Shared Read Blocks":0,"Shared Dirtied Blocks":0,"Shared Written Blocks":0,"Local Hit Blocks":0,"Local Read Blocks":0,"Local Dirtied Blocks":0,"Local Written Blocks":0,"Temp Read Blocks":0,"Temp Written Blocks":0,"I/O Read Time":0.0,"I/O Write Time":0.0,"Temp I/O Read Time":0.0,"Temp I/O Write Time":0.0,"Subplans Removed":0,"Plans":[{"Node Type":"Custom Scan","Parent Relationship":"Member","Custom Plan Provider":"columnar scan","Parallel Aware":false,"Async Capable":false,"Relation Name":"order_line","Schema":"public","Alias":"order_line","Startup Cost":20.0,"Total Cost":193908.91,"Plan Rows":9942910,"Plan Width":6,"Actual Startup Time":6.285,"Actual Total Time":907.079,"Actual Rows":2495,"Actual Loops":1,"Output":["order_line.ol_quantity","order_line.ol_i_id"],"Filter":"((order_line.ol_delivery_d < '1995-04-02 20:10:02.27764'::timestamp without time zone) AND (order_line.ol_delivery_d >= '1994-01-02 20:10:02.27764'::timestamp without time zone))","Rows Removed by Filter":0,"Rows Removed by Columnar Filter":59991266,"Rows Filtered by Bloom Filter":0,"Dictionary Rows Filtered by Bloom Filter":59978198,"Columnar cache search mode":"native","Shared Hit Blocks":0,"Shared Read Blocks":0,"Shared Dirtied Blocks":0,"Shared Written Blocks":0,"Local Hit Blocks":0,"Local Read Blocks":0,"Local Dirtied Blocks":0,"Local Written Blocks":0,"Temp Read Blocks":0,"Temp Written Blocks":0,"I/O Read Time":0.0,"I/O Write Time":0.0,"Temp I/O Read Time":0.0,"Temp I/O Write Time":0.0},{"Node Type":"Seq Scan","Parent Relationship":"Member","Parallel Aware":false,"Async Capable":false,"Relation Name":"order_line","Schema":"public","Alias":"order_line","Startup Cost":0.0,"Total Cost":4.95,"Plan Rows":10,"Plan Width":6,"Actual Startup Time":0.0,"Actual Total Time":0.0,"Actual Rows":0,"Actual Loops":0,"Output":["order_line.ol_quantity","order_line.ol_i_id"],"Filter":"((order_line.ol_delivery_d < '1995-04-02 20:10:02.27764'::timestamp without time zone) AND (order_line.ol_delivery_d >= '1994-01-02 20:10:02.27764'::timestamp without time zone))","Rows Removed by Filter":0,"Shared Hit Blocks":0,"Shared Read Blocks":0,"Shared Dirtied Blocks":0,"Shared Written Blocks":0,"Local Hit Blocks":0,"Local Read Blocks":0,"Local Dirtied Blocks":0,"Local Written Blocks":0,"Temp Read Blocks":0,"Temp Written Blocks":0,"I/O Read Time":0.0,"I/O Write Time":0.0,"Temp I/O Read Time":0.0,"Temp I/O Write Time":0.0}]},{"Node Type":"Hash","Parent Relationship":"Inner","Parallel Aware":false,"Async Capable":false,"Startup Cost":485144.13,"Total Cost":485144.13,"Plan Rows":2000,"Plan Width":12,"Actual Startup Time":605.653,"Actual Total Time":605.655,"Actual Rows":5200,"Actual Loops":1,"Output":["stock.s_i_id","stock.s_w_id","stock.s_quantity","item.i_id"],"Hash Buckets":8192,"Original Hash Buckets":2048,"Hash Batches":1,"Original Hash Batches":1,"Peak Memory Usage":288,"Shared Hit Blocks":1365,"Shared Read Blocks":0,"Shared Dirtied Blocks":0,"Shared Written Blocks":0,"Local Hit Blocks":0,"Local Read Blocks":0,"Local Dirtied Blocks":0,"Local Written Blocks":0,"Temp Read Blocks":0,"Temp Written Blocks":0,"I/O Read Time":0.0,"I/O Write Time":0.0,"Temp I/O Read Time":0.0,"Temp I/O Write Time":0.0,"Plans":[{"Node Type":"Hash Join","Parent Relationship":"Outer","Parallel Aware":false,"Async Capable":false,"Join Type":"Inner","Startup Cost":2635.12,"Total Cost":485144.13,"Plan Rows":2000,"Plan Width":12,"Actual Startup Time":10.664,"Actual Total Time":604.321,"Actual Rows":5200,"Actual Loops":1,"Output":["stock.s_i_id","stock.s_w_id","stock.s_quantity","item.i_id"],"Inner Unique":true,"Hash Cond":"(stock.s_i_id = item.i_id)","Shared Hit Blocks":1365,"Shared Read Blocks":0,"Shared Dirtied Blocks":0,"Shared Written Blocks":0,"Local Hit Blocks":0,"Local Read Blocks":0,"Local Dirtied Blocks":0,"Local Written Blocks":0,"Temp Read Blocks":0,"Temp Written Blocks":0,"I/O Read Time":0.0,"I/O Write Time":0.0,"Temp I/O Read Time":0.0,"Temp I/O Write Time":0.0,"Plans":[{"Node Type":"Append","Parent Relationship":"Outer","Parallel Aware":false,"Async Capable":false,"Startup Cost":20.0,"Total Cost":430026.22,"Plan Rows":20000212,"Plan Width":8,"Actual Startup Time":1.577,"Actual Total Time":593.944,"Actual Rows":5200,"Actual Loops":1,"Shared Hit Blocks":0,"Shared Read Blocks":0,"Shared Dirtied Blocks":0,"Shared Written Blocks":0,"Local Hit Blocks":0,"Local Read Blocks":0,"Local Dirtied Blocks":0,"Local Written Blocks":0,"Temp Read Blocks":0,"Temp Written Blocks":0,"I/O Read Time":0.0,"I/O Write Time":0.0,"Temp I/O Read Time":0.0,"Temp I/O Write Time":0.0,"Subplans Removed":0,"Plans":[{"Node Type":"Custom Scan","Parent Relationship":"Member","Custom Plan Provider":"columnar scan","Parallel Aware":false,"Async Capable":false,"Relation Name":"stock","Schema":"public","Alias":"stock","Startup Cost":20.0,"Total Cost":430020.1,"Plan Rows":20000000,"Plan Width":8,"Actual Startup Time":1.577,"Actual Total Time":593.532,"Actual Rows":5200,"Actual Loops":1,"Output":["stock.s_i_id","stock.s_w_id","stock.s_quantity"],"Rows Removed by Columnar Filter":19994800,"Rows Filtered by Bloom Filter":0,"Dictionary Rows Filtered by Bloom Filter":19994800,"Columnar cache search mode":"native","Shared Hit Blocks":0,"Shared Read Blocks":0,"Shared Dirtied Blocks":0,"Shared Written Blocks":0,"Local Hit Blocks":0,"Local Read Blocks":0,"Local Dirtied Blocks":0,"Local Written Blocks":0,"Temp Read Blocks":0,"Temp Written Blocks":0,"I/O Read Time":0.0,"I/O Write Time":0.0,"Temp I/O Read Time":0.0,"Temp I/O Write Time":0.0},{"Node Type":"Seq Scan","Parent Relationship":"Member","Parallel Aware":false,"Async Capable":false,"Relation Name":"stock","Schema":"public","Alias":"stock","Startup Cost":0.0,"Total Cost":6.12,"Plan Rows":212,"Plan Width":8,"Actual Startup Time":0.0,"Actual Total Time":0.0,"Actual Rows":0,"Actual Loops":0,"Output":["stock.s_i_id","stock.s_w_id","stock.s_quantity"],"Shared Hit Blocks":0,"Shared Read Blocks":0,"Shared Dirtied Blocks":0,"Shared Written Blocks":0,"Local Hit Blocks":0,"Local Read Blocks":0,"Local Dirtied Blocks":0,"Local Written Blocks":0,"Temp Read Blocks":0,"Temp Written Blocks":0,"I/O Read Time":0.0,"I/O Write Time":0.0,"Temp I/O Read Time":0.0,"Temp I/O Write Time":0.0}]},{"Node Type":"Hash","Parent Relationship":"Inner","Parallel Aware":false,"Async Capable":false,"Startup Cost":2615.0,"Total Cost":2615.0,"Plan Rows":10,"Plan Width":4,"Actual Startup Time":8.728,"Actual Total Time":8.728,"Actual Rows":26,"Actual Loops":1,"Output":["item.i_id"],"Hash Buckets":1024,"Original Hash Buckets":1024,"Hash Batches":1,"Original Hash Batches":1,"Peak Memory Usage":9,"Shared Hit Blocks":1365,"Shared Read Blocks":0,"Shared Dirtied Blocks":0,"Shared Written Blocks":0,"Local Hit Blocks":0,"Local Read Blocks":0,"Local Dirtied Blocks":0,"Local Written Blocks":0,"Temp Read Blocks":0,"Temp Written Blocks":0,"I/O Read Time":0.0,"I/O Write Time":0.0,"Temp I/O Read Time":0.0,"Temp I/O Write Time":0.0,"Plans":[{"Node Type":"Seq Scan","Parent Relationship":"Outer","Parallel Aware":false,"Async Capable":false,"Relation Name":"item","Schema":"public","Alias":"item","Startup Cost":0.0,"Total Cost":2615.0,"Plan Rows":10,"Plan Width":4,"Actual Startup Time":0.083,"Actual Total Time":8.713,"Actual Rows":26,"Actual Loops":1,"Output":["item.i_id"],"Filter":"((item.i_data)::text ~~ 'co%'::text)","Rows Removed by Filter":99974,"Shared Hit Blocks":1365,"Shared Read Blocks":0,"Shared Dirtied Blocks":0,"Shared Written Blocks":0,"Local Hit Blocks":0,"Local Read Blocks":0,"Local Dirtied Blocks":0,"Local Written Blocks":0,"Temp Read Blocks":0,"Temp Written Blocks":0,"I/O Read Time":0.0,"I/O Write Time":0.0,"Temp I/O Read Time":0.0,"Temp I/O Write Time":0.0}]}]}]}]}]}]},{"Node Type":"Hash","Parent Relationship":"Inner","Parallel Aware":false,"Async Capable":false,"Startup Cost":288.84,"Total Cost":288.84,"Plan Rows":161,"Plan Width":48,"Actual Startup Time":0.603,"Actual Total Time":0.605,"Actual Rows":164,"Actual Loops":1,"Output":["supplier.su_name","supplier.su_address","supplier.su_suppkey"],"Hash Buckets":1024,"Original Hash Buckets":1024,"Hash Batches":1,"Original Hash Batches":1,"Peak Memory Usage":22,"Shared Hit Blocks":1,"Shared Read Blocks":0,"Shared Dirtied Blocks":0,"Shared Written Blocks":0,"Local Hit Blocks":0,"Local Read Blocks":0,"Local Dirtied Blocks":0,"Local Written Blocks":0,"Temp Read Blocks":0,"Temp Written Blocks":0,"I/O Read Time":0.0,"I/O Write Time":0.0,"Temp I/O Read Time":0.0,"Temp I/O Write Time":0.0,"Plans":[{"Node Type":"Hash Join","Parent Relationship":"Outer","Parallel Aware":false,"Async Capable":false,"Join Type":"Inner","Startup Cost":21.79,"Total Cost":288.84,"Plan Rows":161,"Plan Width":48,"Actual Startup Time":0.442,"Actual Total Time":0.561,"Actual Rows":164,"Actual Loops":1,"Output":["supplier.su_name","supplier.su_address","supplier.su_suppkey"],"Inner Unique":true,"Hash Cond":"(supplier.su_nationkey = nation.n_nationkey)","Shared Hit Blocks":1,"Shared Read Blocks":0,"Shared Dirtied Blocks":0,"Shared Written Blocks":0,"Local Hit Blocks":0,"Local Read Blocks":0,"Local Dirtied Blocks":0,"Local Written Blocks":0,"Temp Read Blocks":0,"Temp Written Blocks":0,"I/O Read Time":0.0,"I/O Write Time":0.0,"Temp I/O Read Time":0.0,"Temp I/O Write Time":0.0,"Plans":[{"Node Type":"Append","Parent Relationship":"Outer","Parallel Aware":false,"Async Capable":false,"Startup Cost":20.0,"Total Cost":259.01,"Plan Rows":10001,"Plan Width":52,"Actual Startup Time":0.059,"Actual Total Time":0.147,"Actual Rows":164,"Actual Loops":1,"Shared Hit Blocks":0,"Shared Read Blocks":0,"Shared Dirtied Blocks":0,"Shared Written Blocks":0,"Local Hit Blocks":0,"Local Read Blocks":0,"Local Dirtied Blocks":0,"Local Written Blocks":0,"Temp Read Blocks":0,"Temp Written Blocks":0,"I/O Read Time":0.0,"I/O Write Time":0.0,"Temp I/O Read Time":0.0,"Temp I/O Write Time":0.0,"Subplans Removed":0,"Plans":[{"Node Type":"Custom Scan","Parent Relationship":"Member","Custom Plan Provider":"columnar scan","Parallel Aware":false,"Async Capable":false,"Relation Name":"supplier","Schema":"public","Alias":"supplier","Startup Cost":20.0,"Total Cost":255.0,"Plan Rows":10000,"Plan Width":52,"Actual Startup Time":0.057,"Actual Total Time":0.133,"Actual Rows":164,"Actual Loops":1,"Output":["supplier.su_name","supplier.su_address","supplier.su_nationkey","supplier.su_suppkey"],"Rows Removed by Columnar Filter":9836,"Rows Filtered by Bloom Filter":0,"Dictionary Rows Filtered by Bloom Filter":9836,"Columnar cache search mode":"native","Shared Hit Blocks":0,"Shared Read Blocks":0,"Shared Dirtied Blocks":0,"Shared Written Blocks":0,"Local Hit Blocks":0,"Local Read Blocks":0,"Local Dirtied Blocks":0,"Local Written Blocks":0,"Temp Read Blocks":0,"Temp Written Blocks":0,"I/O Read Time":0.0,"I/O Write Time":0.0,"Temp I/O Read Time":0.0,"Temp I/O Write Time":0.0},{"Node Type":"Seq Scan","Parent Relationship":"Member","Parallel Aware":false,"Async Capable":false,"Relation Name":"supplier","Schema":"public","Alias":"supplier","Startup Cost":0.0,"Total Cost":4.01,"Plan Rows":1,"Plan Width":52,"Actual Startup Time":0.0,"Actual Total Time":0.0,"Actual Rows":0,"Actual Loops":0,"Output":["supplier.su_name","supplier.su_address","supplier.su_nationkey","supplier.su_suppkey"],"Shared Hit Blocks":0,"Shared Read Blocks":0,"Shared Dirtied Blocks":0,"Shared Written Blocks":0,"Local Hit Blocks":0,"Local Read Blocks":0,"Local Dirtied Blocks":0,"Local Written Blocks":0,"Temp Read Blocks":0,"Temp Written Blocks":0,"I/O Read Time":0.0,"I/O Write Time":0.0,"Temp I/O Read Time":0.0,"Temp I/O Write Time":0.0}]},{"Node Type":"Hash","Parent Relationship":"Inner","Parallel Aware":false,"Async Capable":false,"Startup Cost":1.77,"Total Cost":1.77,"Plan Rows":1,"Plan Width":4,"Actual Startup Time":0.023,"Actual Total Time":0.023,"Actual Rows":1,"Actual Loops":1,"Output":["nation.n_nationkey"],"Hash Buckets":1024,"Original Hash Buckets":1024,"Hash Batches":1,"Original Hash Batches":1,"Peak Memory Usage":9,"Shared Hit Blocks":1,"Shared Read Blocks":0,"Shared Dirtied Blocks":0,"Shared Written Blocks":0,"Local Hit Blocks":0,"Local Read Blocks":0,"Local Dirtied Blocks":0,"Local Written Blocks":0,"Temp Read Blocks":0,"Temp Written Blocks":0,"I/O Read Time":0.0,"I/O Write Time":0.0,"Temp I/O Read Time":0.0,"Temp I/O Write Time":0.0,"Plans":[{"Node Type":"Seq Scan","Parent Relationship":"Outer","Parallel Aware":false,"Async Capable":false,"Relation Name":"nation","Schema":"public","Alias":"nation","Startup Cost":0.0,"Total Cost":1.77,"Plan Rows":1,"Plan Width":4,"Actual Startup Time":0.014,"Actual Total Time":0.018,"Actual Rows":1,"Actual Loops":1,"Output":["nation.n_nationkey"],"Filter":"((nation.n_name)::text = 'France'::text)","Rows Removed by Filter":61,"Shared Hit Blocks":1,"Shared Read Blocks":0,"Shared Dirtied Blocks":0,"Shared Written Blocks":0,"Local Hit Blocks":0,"Local Read Blocks":0,"Local Dirtied Blocks":0,"Local Written Blocks":0,"Temp Read Blocks":0,"Temp Written Blocks":0,"I/O Read Time":0.0,"I/O Write Time":0.0,"Temp I/O Read Time":0.0,"Temp I/O Write Time":0.0}]}]}]}]}]},"Planning":{"Shared Hit Blocks":19,"Shared Read Blocks":0,"Shared Dirtied Blocks":0,"Shared Written Blocks":0,"Local Hit Blocks":0,"Local Read Blocks":0,"Local Dirtied Blocks":0,"Local Written Blocks":0,"Temp Read Blocks":0,"Temp Written Blocks":0,"I/O Read Time":0.0,"I/O Write Time":0.0,"Temp I/O Read Time":0.0,"Temp I/O Write Time":0.0},"Planning Time":1.818,"Triggers":[],"Execution Time":1643.605}]
[列存组合]: item, nation, order_line, stock
[{"Plan":{"Node Type":"Sort","Parallel Aware":false,"Async Capable":false,"Startup Cost":105396.63,"Total Cost":105396.83,"Plan Rows":80,"Plan Width":44,"Actual Startup Time":431.152,"Actual Total Time":431.162,"Actual Rows":0,"Actual Loops":1,"Output":["supplier.su_name","supplier.su_address"],"Sort Key":["supplier.su_name"],"Sort Method":"quicksort","Sort Space Used":25,"Sort Space Type":"Memory","Shared Hit Blocks":218,"Shared Read Blocks":0,"Shared Dirtied Blocks":0,"Shared Written Blocks":0,"Local Hit Blocks":0,"Local Read Blocks":0,"Local Dirtied Blocks":0,"Local Written Blocks":0,"Temp Read Blocks":0,"Temp Written Blocks":0,"I/O Read Time":0.0,"I/O Write Time":0.0,"Temp I/O Read Time":0.0,"Temp I/O Write Time":0.0,"Plans":[{"Node Type":"Hash Join","Parent Relationship":"Outer","Parallel Aware":false,"Async Capable":false,"Join Type":"Inner","Startup Cost":105391.32,"Total Cost":105394.1,"Plan Rows":80,"Plan Width":44,"Actual Startup Time":431.141,"Actual Total Time":431.151,"Actual Rows":0,"Actual Loops":1,"Output":["supplier.su_name","supplier.su_address"],"Hash Cond":"((mod((stock.s_i_id * stock.s_w_id), 10000)) = supplier.su_suppkey)","Shared Hit Blocks":218,"Shared Read Blocks":0,"Shared Dirtied Blocks":0,"Shared Written Blocks":0,"Local Hit Blocks":0,"Local Read Blocks":0,"Local Dirtied Blocks":0,"Local Written Blocks":0,"Temp Read Blocks":0,"Temp Written Blocks":0,"I/O Read Time":0.0,"I/O Write Time":0.0,"Temp I/O Read Time":0.0,"Temp I/O Write Time":0.0,"Plans":[{"Node Type":"Aggregate","Strategy":"Hashed","Partial Mode":"Simple","Parent Relationship":"Outer","Parallel Aware":false,"Async Capable":false,"Startup Cost":105042.48,"Total Cost":105044.48,"Plan Rows":200,"Plan Width":4,"Actual Startup Time":429.273,"Actual Total Time":429.281,"Actual Rows":0,"Actual Loops":1,"Output":["(mod((stock.s_i_id * stock.s_w_id), 10000))"],"Group Key":["mod((stock.s_i_id * stock.s_w_id), 10000)"],"Planned Partitions":0,"HashAgg Batches":1,"Peak Memory Usage":40,"Disk Usage":0,"Shared Hit Blocks":0,"Shared Read Blocks":0,"Shared Dirtied Blocks":0,"Shared Written Blocks":0,"Local Hit Blocks":0,"Local Read Blocks":0,"Local Dirtied Blocks":0,"Local Written Blocks":0,"Temp Read Blocks":0,"Temp Written Blocks":0,"I/O Read Time":0.0,"I/O Write Time":0.0,"Temp I/O Read Time":0.0,"Temp I/O Write Time":0.0,"Plans":[{"Node Type":"Aggregate","Strategy":"Hashed","Partial Mode":"Simple","Parent Relationship":"Outer","Parallel Aware":false,"Async Capable":false,"Startup Cost":98898.08,"Total Cost":104205.79,"Plan Rows":66935,"Plan Width":12,"Actual Startup Time":429.271,"Actual Total Time":429.277,"Actual Rows":0,"Actual Loops":1,"Output":["mod((stock.s_i_id * stock.s_w_id), 10000)","stock.s_i_id","stock.s_w_id","stock.s_quantity"],"Group Key":["stock.s_i_id","stock.s_w_id"],"Filter":"((2 * stock.s_quantity) > sum(order_line.ol_quantity))","Planned Partitions":4,"HashAgg Batches":1,"Peak Memory Usage":3601,"Disk Usage":0,"Rows Removed by Filter":5200,"Shared Hit Blocks":0,"Shared Read Blocks":0,"Shared Dirtied Blocks":0,"Shared Written Blocks":0,"Local Hit Blocks":0,"Local Read Blocks":0,"Local Dirtied Blocks":0,"Local Written Blocks":0,"Temp Read Blocks":0,"Temp Written Blocks":0,"I/O Read Time":0.0,"I/O Write Time":0.0,"Temp I/O Read Time":0.0,"Temp I/O Write Time":0.0,"Plans":[{"Node Type":"Hash Join","Parent Relationship":"Outer","Parallel Aware":false,"Async Capable":false,"Join Type":"Inner","Startup Cost":44604.24,"Total Cost":85532.07,"Plan Rows":200804,"Plan Width":10,"Actual Startup Time":176.192,"Actual Total Time":326.54,"Actual Rows":499000,"Actual Loops":1,"Output":["stock.s_i_id","stock.s_w_id","stock.s_quantity","order_line.ol_quantity"],"Hash Cond":"(order_line.ol_i_id = stock.s_i_id)","Rows Removed by Bloom Filter":46436875,"Shared Hit Blocks":0,"Shared Read Blocks":0,"Shared Dirtied Blocks":0,"Shared Written Blocks":0,"Local Hit Blocks":0,"Local Read Blocks":0,"Local Dirtied Blocks":0,"Local Written Blocks":0,"Temp Read Blocks":0,"Temp Written Blocks":0,"I/O Read Time":0.0,"I/O Write Time":0.0,"Temp I/O Read Time":0.0,"Temp I/O Write Time":0.0,"Plans":[{"Node Type":"Append","Parent Relationship":"Outer","Parallel Aware":false,"Async Capable":false,"Startup Cost":20.0,"Total Cost":193913.85,"Plan Rows":9942920,"Plan Width":6,"Actual Startup Time":25.064,"Actual Total Time":25.066,"Actual Rows":9885180,"Actual Loops":1,"Shared Hit Blocks":0,"Shared Read Blocks":0,"Shared Dirtied Blocks":0,"Shared Written Blocks":0,"Local Hit Blocks":0,"Local Read Blocks":0,"Local Dirtied Blocks":0,"Local Written Blocks":0,"Temp Read Blocks":0,"Temp Written Blocks":0,"I/O Read Time":0.0,"I/O Write Time":0.0,"Temp I/O Read Time":0.0,"Temp I/O Write Time":0.0,"Subplans Removed":0,"Plans":[{"Node Type":"Custom Scan","Parent Relationship":"Member","Custom Plan Provider":"columnar scan","Parallel Aware":false,"Async Capable":false,"Relation Name":"order_line","Schema":"public","Alias":"order_line","Startup Cost":20.0,"Total Cost":193908.91,"Plan Rows":9942910,"Plan Width":6,"Actual Startup Time":25.059,"Actual Total Time":25.06,"Actual Rows":9885180,"Actual Loops":1,"Output":["order_line.ol_quantity","order_line.ol_i_id"],"Filter":"((order_line.ol_delivery_d < '1995-04-02 20:10:02.27764'::timestamp without time zone) AND (order_line.ol_delivery_d >= '1994-01-02 20:10:02.27764'::timestamp without time zone))","Rows Removed by Filter":0,"Rows Removed by Columnar Filter":50108581,"Columnar cache search mode":"native","Shared Hit Blocks":0,"Shared Read Blocks":0,"Shared Dirtied Blocks":0,"Shared Written Blocks":0,"Local Hit Blocks":0,"Local Read Blocks":0,"Local Dirtied Blocks":0,"Local Written Blocks":0,"Temp Read Blocks":0,"Temp Written Blocks":0,"I/O Read Time":0.0,"I/O Write Time":0.0,"Temp I/O Read Time":0.0,"Temp I/O Write Time":0.0},{"Node Type":"Seq Scan","Parent Relationship":"Member","Parallel Aware":false,"Async Capable":false,"Relation Name":"order_line","Schema":"public","Alias":"order_line","Startup Cost":0.0,"Total Cost":4.95,"Plan Rows":10,"Plan Width":6,"Actual Startup Time":0.0,"Actual Total Time":0.0,"Actual Rows":0,"Actual Loops":0,"Output":["order_line.ol_quantity","order_line.ol_i_id"],"Filter":"((order_line.ol_delivery_d < '1995-04-02 20:10:02.27764'::timestamp without time zone) AND (order_line.ol_delivery_d >= '1994-01-02 20:10:02.27764'::timestamp without time zone))","Rows Removed by Filter":0,"Shared Hit Blocks":0,"Shared Read Blocks":0,"Shared Dirtied Blocks":0,"Shared Written Blocks":0,"Local Hit Blocks":0,"Local Read Blocks":0,"Local Dirtied Blocks":0,"Local Written Blocks":0,"Temp Read Blocks":0,"Temp Written Blocks":0,"I/O Read Time":0.0,"I/O Write Time":0.0,"Temp I/O Read Time":0.0,"Temp I/O Write Time":0.0}]},{"Node Type":"Hash","Parent Relationship":"Inner","Parallel Aware":false,"Async Capable":false,"Startup Cost":44594.0,"Total Cost":44594.0,"Plan Rows":2000,"Plan Width":12,"Actual Rows":5200,"Actual Loops":1,"Output":["stock.s_i_id","stock.s_w_id","stock.s_quantity","item.i_id"],"Shared Hit Blocks":0,"Shared Read Blocks":0,"Shared Dirtied Blocks":0,"Shared Written Blocks":0,"Local Hit Blocks":0,"Local Read Blocks":0,"Local Dirtied Blocks":0,"Local Written Blocks":0,"Temp Read Blocks":0,"Temp Written Blocks":0,"I/O Read Time":0.0,"I/O Write Time":0.0,"Temp I/O Read Time":0.0,"Temp I/O Write Time":0.0,"Plans":[{"Node Type":"Hash Join","Parent Relationship":"Outer","Parallel Aware":false,"Async Capable":false,"Join Type":"Inner","Startup Cost":44.04,"Total Cost":44594.0,"Plan Rows":2000,"Plan Width":12,"Actual Startup Time":135.11,"Actual Total Time":135.113,"Actual Rows":5200,"Actual Loops":1,"Output":["stock.s_i_id","stock.s_w_id","stock.s_quantity","item.i_id"],"Hash Cond":"(stock.s_i_id = item.i_id)","Rows Removed by Bloom Filter":18979400,"Shared Hit Blocks":0,"Shared Read Blocks":0,"Shared Dirtied Blocks":0,"Shared Written Blocks":0,"Local Hit Blocks":0,"Local Read Blocks":0,"Local Dirtied Blocks":0,"Local Written Blocks":0,"Temp Read Blocks":0,"Temp Written Blocks":0,"I/O Read Time":0.0,"I/O Write Time":0.0,"Temp I/O Read Time":0.0,"Temp I/O Write Time":0.0,"Plans":[{"Node Type":"Append","Parent Relationship":"Outer","Parallel Aware":false,"Async Capable":false,"Startup Cost":20.0,"Total Cost":430026.22,"Plan Rows":20000212,"Plan Width":8,"Actual Startup Time":0.402,"Actual Total Time":0.403,"Actual Rows":20000000,"Actual Loops":1,"Shared Hit Blocks":0,"Shared Read Blocks":0,"Shared Dirtied Blocks":0,"Shared Written Blocks":0,"Local Hit Blocks":0,"Local Read Blocks":0,"Local Dirtied Blocks":0,"Local Written Blocks":0,"Temp Read Blocks":0,"Temp Written Blocks":0,"I/O Read Time":0.0,"I/O Write Time":0.0,"Temp I/O Read Time":0.0,"Temp I/O Write Time":0.0,"Subplans Removed":0,"Plans":[{"Node Type":"Custom Scan","Parent Relationship":"Member","Custom Plan Provider":"columnar scan","Parallel Aware":false,"Async Capable":false,"Relation Name":"stock","Schema":"public","Alias":"stock","Startup Cost":20.0,"Total Cost":430020.1,"Plan Rows":20000000,"Plan Width":8,"Actual Startup Time":0.401,"Actual Total Time":0.401,"Actual Rows":20000000,"Actual Loops":1,"Output":["stock.s_i_id","stock.s_w_id","stock.s_quantity"],"Rows Removed by Columnar Filter":0,"Columnar cache search mode":"native","Shared Hit Blocks":0,"Shared Read Blocks":0,"Shared Dirtied Blocks":0,"Shared Written Blocks":0,"Local Hit Blocks":0,"Local Read Blocks":0,"Local Dirtied Blocks":0,"Local Written Blocks":0,"Temp Read Blocks":0,"Temp Written Blocks":0,"I/O Read Time":0.0,"I/O Write Time":0.0,"Temp I/O Read Time":0.0,"Temp I/O Write Time":0.0},{"Node Type":"Seq Scan","Parent Relationship":"Member","Parallel Aware":false,"Async Capable":false,"Relation Name":"stock","Schema":"public","Alias":"stock","Startup Cost":0.0,"Total Cost":6.12,"Plan Rows":212,"Plan Width":8,"Actual Startup Time":0.0,"Actual Total Time":0.0,"Actual Rows":0,"Actual Loops":0,"Output":["stock.s_i_id","stock.s_w_id","stock.s_quantity"],"Shared Hit Blocks":0,"Shared Read Blocks":0,"Shared Dirtied Blocks":0,"Shared Written Blocks":0,"Local Hit Blocks":0,"Local Read Blocks":0,"Local Dirtied Blocks":0,"Local Written Blocks":0,"Temp Read Blocks":0,"Temp Written Blocks":0,"I/O Read Time":0.0,"I/O Write Time":0.0,"Temp I/O Read Time":0.0,"Temp I/O Write Time":0.0}]},{"Node Type":"Hash","Parent Relationship":"Inner","Parallel Aware":false,"Async Capable":false,"Startup Cost":24.19,"Total Cost":24.19,"Plan Rows":11,"Plan Width":4,"Actual Rows":26,"Actual Loops":1,"Output":["item.i_id"],"Shared Hit Blocks":0,"Shared Read Blocks":0,"Shared Dirtied Blocks":0,"Shared Written Blocks":0,"Local Hit Blocks":0,"Local Read Blocks":0,"Local Dirtied Blocks":0,"Local Written Blocks":0,"Temp Read Blocks":0,"Temp Written Blocks":0,"I/O Read Time":0.0,"I/O Write Time":0.0,"Temp I/O Read Time":0.0,"Temp I/O Write Time":0.0,"Plans":[{"Node Type":"Append","Parent Relationship":"Outer","Parallel Aware":false,"Async Capable":false,"Startup Cost":20.0,"Total Cost":24.19,"Plan Rows":11,"Plan Width":4,"Actual Startup Time":2.057,"Actual Total Time":2.058,"Actual Rows":26,"Actual Loops":1,"Shared Hit Blocks":0,"Shared Read Blocks":0,"Shared Dirtied Blocks":0,"Shared Written Blocks":0,"Local Hit Blocks":0,"Local Read Blocks":0,"Local Dirtied Blocks":0,"Local Written Blocks":0,"Temp Read Blocks":0,"Temp Written Blocks":0,"I/O Read Time":0.0,"I/O Write Time":0.0,"Temp I/O Read Time":0.0,"Temp I/O Write Time":0.0,"Subplans Removed":0,"Plans":[{"Node Type":"Custom Scan","Parent Relationship":"Member","Custom Plan Provider":"columnar scan","Parallel Aware":false,"Async Capable":false,"Relation Name":"item","Schema":"public","Alias":"item","Startup Cost":20.0,"Total Cost":20.18,"Plan Rows":10,"Plan Width":4,"Actual Startup Time":2.055,"Actual Total Time":2.056,"Actual Rows":26,"Actual Loops":1,"Output":["item.i_id"],"Filter":"((item.i_data)::text ~~ 'co%'::text)","Rows Removed by Filter":0,"Rows Removed by Columnar Filter":99974,"Columnar cache search mode":"native","Shared Hit Blocks":0,"Shared Read Blocks":0,"Shared Dirtied Blocks":0,"Shared Written Blocks":0,"Local Hit Blocks":0,"Local Read Blocks":0,"Local Dirtied Blocks":0,"Local Written Blocks":0,"Temp Read Blocks":0,"Temp Written Blocks":0,"I/O Read Time":0.0,"I/O Write Time":0.0,"Temp I/O Read Time":0.0,"Temp I/O Write Time":0.0},{"Node Type":"Seq Scan","Parent Relationship":"Member","Parallel Aware":false,"Async Capable":false,"Relation Name":"item","Schema":"public","Alias":"item","Startup Cost":0.0,"Total Cost":4.01,"Plan Rows":1,"Plan Width":4,"Actual Startup Time":0.0,"Actual Total Time":0.0,"Actual Rows":0,"Actual Loops":0,"Output":["item.i_id"],"Filter":"((item.i_data)::text ~~ 'co%'::text)","Rows Removed by Filter":0,"Shared Hit Blocks":0,"Shared Read Blocks":0,"Shared Dirtied Blocks":0,"Shared Written Blocks":0,"Local Hit Blocks":0,"Local Read Blocks":0,"Local Dirtied Blocks":0,"Local Written Blocks":0,"Temp Read Blocks":0,"Temp Written Blocks":0,"I/O Read Time":0.0,"I/O Write Time":0.0,"Temp I/O Read Time":0.0,"Temp I/O Write Time":0.0}]}]}]}]}]}]}]},{"Node Type":"Hash","Parent Relationship":"Inner","Parallel Aware":false,"Async Capable":false,"Startup Cost":346.83,"Total Cost":346.83,"Plan Rows":161,"Plan Width":48,"Actual Startup Time":1.855,"Actual Total Time":1.857,"Actual Rows":164,"Actual Loops":1,"Output":["supplier.su_name","supplier.su_address","supplier.su_suppkey"],"Hash Buckets":1024,"Original Hash Buckets":1024,"Hash Batches":1,"Original Hash Batches":1,"Peak Memory Usage":22,"Shared Hit Blocks":218,"Shared Read Blocks":0,"Shared Dirtied Blocks":0,"Shared Written Blocks":0,"Local Hit Blocks":0,"Local Read Blocks":0,"Local Dirtied Blocks":0,"Local Written Blocks":0,"Temp Read Blocks":0,"Temp Written Blocks":0,"I/O Read Time":0.0,"I/O Write Time":0.0,"Temp I/O Read Time":0.0,"Temp I/O Write Time":0.0,"Plans":[{"Node Type":"Hash Join","Parent Relationship":"Outer","Parallel Aware":false,"Async Capable":false,"Join Type":"Inner","Startup Cost":1.79,"Total Cost":346.83,"Plan Rows":161,"Plan Width":48,"Actual Startup Time":0.038,"Actual Total Time":1.824,"Actual Rows":164,"Actual Loops":1,"Output":["supplier.su_name","supplier.su_address","supplier.su_suppkey"],"Hash Cond":"(supplier.su_nationkey = nation.n_nationkey)","Shared Hit Blocks":218,"Shared Read Blocks":0,"Shared Dirtied Blocks":0,"Shared Written Blocks":0,"Local Hit Blocks":0,"Local Read Blocks":0,"Local Dirtied Blocks":0,"Local Written Blocks":0,"Temp Read Blocks":0,"Temp Written Blocks":0,"I/O Read Time":0.0,"I/O Write Time":0.0,"Temp I/O Read Time":0.0,"Temp I/O Write Time":0.0,"Plans":[{"Node Type":"Seq Scan","Parent Relationship":"Outer","Parallel Aware":false,"Async Capable":false,"Relation Name":"supplier","Schema":"public","Alias":"supplier","Startup Cost":0.0,"Total Cost":317.0,"Plan Rows":10000,"Plan Width":52,"Actual Startup Time":0.01,"Actual Total Time":0.828,"Actual Rows":10000,"Actual Loops":1,"Output":["supplier.su_suppkey","supplier.su_name","supplier.su_address","supplier.su_nationkey","supplier.su_phone","supplier.su_acctbal","supplier.su_comment"],"Shared Hit Blocks":217,"Shared Read Blocks":0,"Shared Dirtied Blocks":0,"Shared Written Blocks":0,"Local Hit Blocks":0,"Local Read Blocks":0,"Local Dirtied Blocks":0,"Local Written Blocks":0,"Temp Read Blocks":0,"Temp Written Blocks":0,"I/O Read Time":0.0,"I/O Write Time":0.0,"Temp I/O Read Time":0.0,"Temp I/O Write Time":0.0},{"Node Type":"Hash","Parent Relationship":"Inner","Parallel Aware":false,"Async Capable":false,"Startup Cost":1.77,"Total Cost":1.77,"Plan Rows":1,"Plan Width":4,"Actual Startup Time":0.016,"Actual Total Time":0.017,"Actual Rows":1,"Actual Loops":1,"Output":["nation.n_nationkey"],"Hash Buckets":1024,"Original Hash Buckets":1024,"Hash Batches":1,"Original Hash Batches":1,"Peak Memory Usage":9,"Shared Hit Blocks":1,"Shared Read Blocks":0,"Shared Dirtied Blocks":0,"Shared Written Blocks":0,"Local Hit Blocks":0,"Local Read Blocks":0,"Local Dirtied Blocks":0,"Local Written Blocks":0,"Temp Read Blocks":0,"Temp Written Blocks":0,"I/O Read Time":0.0,"I/O Write Time":0.0,"Temp I/O Read Time":0.0,"Temp I/O Write Time":0.0,"Plans":[{"Node Type":"Seq Scan","Parent Relationship":"Outer","Parallel Aware":false,"Async Capable":false,"Relation Name":"nation","Schema":"public","Alias":"nation","Startup Cost":0.0,"Total Cost":1.77,"Plan Rows":1,"Plan Width":4,"Actual Startup Time":0.008,"Actual Total Time":0.013,"Actual Rows":1,"Actual Loops":1,"Output":["nation.n_nationkey"],"Filter":"((nation.n_name)::text = 'France'::text)","Rows Removed by Filter":61,"Shared Hit Blocks":1,"Shared Read Blocks":0,"Shared Dirtied Blocks":0,"Shared Written Blocks":0,"Local Hit Blocks":0,"Local Read Blocks":0,"Local Dirtied Blocks":0,"Local Written Blocks":0,"Temp Read Blocks":0,"Temp Written Blocks":0,"I/O Read Time":0.0,"I/O Write Time":0.0,"Temp I/O Read Time":0.0,"Temp I/O Write Time":0.0}]}]}]}]}]},"Planning":{"Shared Hit Blocks":19,"Shared Read Blocks":0,"Shared Dirtied Blocks":0,"Shared Written Blocks":0,"Local Hit Blocks":0,"Local Read Blocks":0,"Local Dirtied Blocks":0,"Local Written Blocks":0,"Temp Read Blocks":0,"Temp Written Blocks":0,"I/O Read Time":0.0,"I/O Write Time":0.0,"Temp I/O Read Time":0.0,"Temp I/O Write Time":0.0},"Planning Time":1.903,"Triggers":[],"Execution Time":432.815}]
[列存组合]: item, nation, order_line, supplier
[{"Plan":{"Node Type":"Sort","Parallel Aware":false,"Async Capable":false,"Startup Cost":1160016.8,"Total Cost":1160017.0,"Plan Rows":80,"Plan Width":44,"Actual Startup Time":5235.932,"Actual Total Time":5235.958,"Actual Rows":0,"Actual Loops":1,"Output":["supplier.su_name","supplier.su_address"],"Sort Key":["supplier.su_name"],"Sort Method":"quicksort","Sort Space Used":25,"Sort Space Type":"Memory","Shared Hit Blocks":833392,"Shared Read Blocks":0,"Shared Dirtied Blocks":0,"Shared Written Blocks":0,"Local Hit Blocks":0,"Local Read Blocks":0,"Local Dirtied Blocks":0,"Local Written Blocks":0,"Temp Read Blocks":1223,"Temp Written Blocks":1232,"I/O Read Time":0.0,"I/O Write Time":0.0,"Temp I/O Read Time":1.941,"Temp I/O Write Time":5.042,"Plans":[{"Node Type":"Hash Join","Parent Relationship":"Outer","Parallel Aware":false,"Async Capable":false,"Join Type":"Inner","Startup Cost":1160011.49,"Total Cost":1160014.27,"Plan Rows":80,"Plan Width":44,"Actual Startup Time":5235.923,"Actual Total Time":5235.949,"Actual Rows":0,"Actual Loops":1,"Output":["supplier.su_name","supplier.su_address"],"Hash Cond":"((mod((stock.s_i_id * stock.s_w_id), 10000)) = supplier.su_suppkey)","Shared Hit Blocks":833392,"Shared Read Blocks":0,"Shared Dirtied Blocks":0,"Shared Written Blocks":0,"Local Hit Blocks":0,"Local Read Blocks":0,"Local Dirtied Blocks":0,"Local Written Blocks":0,"Temp Read Blocks":1223,"Temp Written Blocks":1232,"I/O Read Time":0.0,"I/O Write Time":0.0,"Temp I/O Read Time":1.941,"Temp I/O Write Time":5.042,"Plans":[{"Node Type":"Aggregate","Strategy":"Hashed","Partial Mode":"Simple","Parent Relationship":"Outer","Parallel Aware":false,"Async Capable":false,"Startup Cost":1159924.15,"Total Cost":1159926.15,"Plan Rows":200,"Plan Width":4,"Actual Startup Time":5235.238,"Actual Total Time":5235.251,"Actual Rows":0,"Actual Loops":1,"Output":["(mod((stock.s_i_id * stock.s_w_id), 10000))"],"Group Key":["mod((stock.s_i_id * stock.s_w_id), 10000)"],"Planned Partitions":0,"HashAgg Batches":1,"Peak Memory Usage":40,"Disk Usage":0,"Shared Hit Blocks":833392,"Shared Read Blocks":0,"Shared Dirtied Blocks":0,"Shared Written Blocks":0,"Local Hit Blocks":0,"Local Read Blocks":0,"Local Dirtied Blocks":0,"Local Written Blocks":0,"Temp Read Blocks":1223,"Temp Written Blocks":1232,"I/O Read Time":0.0,"I/O Write Time":0.0,"Temp I/O Read Time":1.941,"Temp I/O Write Time":5.042,"Plans":[{"Node Type":"Aggregate","Strategy":"Sorted","Partial Mode":"Simple","Parent Relationship":"Outer","Parallel Aware":false,"Async Capable":false,"Startup Cost":1153732.69,"Total Cost":1159087.46,"Plan Rows":66935,"Plan Width":12,"Actual Startup Time":5235.229,"Actual Total Time":5235.242,"Actual Rows":0,"Actual Loops":1,"Output":["mod((stock.s_i_id * stock.s_w_id), 10000)","stock.s_i_id","stock.s_w_id","stock.s_quantity"],"Group Key":["stock.s_i_id","stock.s_w_id"],"Filter":"((2 * stock.s_quantity) > sum(order_line.ol_quantity))","Rows Removed by Filter":5200,"Shared Hit Blocks":833392,"Shared Read Blocks":0,"Shared Dirtied Blocks":0,"Shared Written Blocks":0,"Local Hit Blocks":0,"Local Read Blocks":0,"Local Dirtied Blocks":0,"Local Written Blocks":0,"Temp Read Blocks":1223,"Temp Written Blocks":1232,"I/O Read Time":0.0,"I/O Write Time":0.0,"Temp I/O Read Time":1.941,"Temp I/O Write Time":5.042,"Plans":[{"Node Type":"Sort","Parent Relationship":"Outer","Parallel Aware":false,"Async Capable":false,"Startup Cost":1153732.69,"Total Cost":1154234.7,"Plan Rows":200804,"Plan Width":10,"Actual Startup Time":5137.997,"Actual Total Time":5183.359,"Actual Rows":499000,"Actual Loops":1,"Output":["stock.s_i_id","stock.s_w_id","stock.s_quantity","order_line.ol_quantity"],"Sort Key":["stock.s_i_id","stock.s_w_id"],"Sort Method":"external merge","Sort Space Used":9784,"Sort Space Type":"Disk","Shared Hit Blocks":833392,"Shared Read Blocks":0,"Shared Dirtied Blocks":0,"Shared Written Blocks":0,"Local Hit Blocks":0,"Local Read Blocks":0,"Local Dirtied Blocks":0,"Local Written Blocks":0,"Temp Read Blocks":1223,"Temp Written Blocks":1232,"I/O Read Time":0.0,"I/O Write Time":0.0,"Temp I/O Read Time":1.941,"Temp I/O Write Time":5.042,"Plans":[{"Node Type":"Hash Join","Parent Relationship":"Outer","Parallel Aware":false,"Async Capable":false,"Join Type":"Inner","Startup Cost":22210.58,"Total Cost":1132612.94,"Plan Rows":200804,"Plan Width":10,"Actual Startup Time":129.339,"Actual Total Time":5027.334,"Actual Rows":499000,"Actual Loops":1,"Output":["stock.s_i_id","stock.s_w_id","stock.s_quantity","order_line.ol_quantity"],"Hash Cond":"(stock.s_i_id = order_line.ol_i_id)","Shared Hit Blocks":833392,"Shared Read Blocks":0,"Shared Dirtied Blocks":0,"Shared Written Blocks":0,"Local Hit Blocks":0,"Local Read Blocks":0,"Local Dirtied Blocks":0,"Local Written Blocks":0,"Temp Read Blocks":0,"Temp Written Blocks":0,"I/O Read Time":0.0,"I/O Write Time":0.0,"Temp I/O Read Time":0.0,"Temp I/O Write Time":0.0,"Plans":[{"Node Type":"Seq Scan","Parent Relationship":"Outer","Parallel Aware":false,"Async Capable":false,"Relation Name":"stock","Schema":"public","Alias":"stock","Startup Cost":0.0,"Total Cost":1033394.12,"Plan Rows":20000212,"Plan Width":8,"Actual Startup Time":0.007,"Actual Total Time":1719.004,"Actual Rows":20000000,"Actual Loops":1,"Output":["stock.s_i_id","stock.s_w_id","stock.s_quantity","stock.s_dist_01","stock.s_dist_02","stock.s_dist_03","stock.s_dist_04","stock.s_dist_05","stock.s_dist_06","stock.s_dist_07","stock.s_dist_08","stock.s_dist_09","stock.s_dist_10","stock.s_ytd","stock.s_order_cnt","stock.s_remote_cnt","stock.s_data"],"Shared Hit Blocks":833392,"Shared Read Blocks":0,"Shared Dirtied Blocks":0,"Shared Written Blocks":0,"Local Hit Blocks":0,"Local Read Blocks":0,"Local Dirtied Blocks":0,"Local Written Blocks":0,"Temp Read Blocks":0,"Temp Written Blocks":0,"I/O Read Time":0.0,"I/O Write Time":0.0,"Temp I/O Read Time":0.0,"Temp I/O Write Time":0.0},{"Node Type":"Hash","Parent Relationship":"Inner","Parallel Aware":false,"Async Capable":false,"Startup Cost":22198.15,"Total Cost":22198.15,"Plan Rows":994,"Plan Width":10,"Actual Startup Time":129.081,"Actual Total Time":129.091,"Actual Rows":2495,"Actual Loops":1,"Output":["order_line.ol_quantity","order_line.ol_i_id","item.i_id"],"Hash Buckets":4096,"Original Hash Buckets":1024,"Hash Batches":1,"Original Hash Batches":1,"Peak Memory Usage":140,"Shared Hit Blocks":0,"Shared Read Blocks":0,"Shared Dirtied Blocks":0,"Shared Written Blocks":0,"Local Hit Blocks":0,"Local Read Blocks":0,"Local Dirtied Blocks":0,"Local Written Blocks":0,"Temp Read Blocks":0,"Temp Written Blocks":0,"I/O Read Time":0.0,"I/O Write Time":0.0,"Temp I/O Read Time":0.0,"Temp I/O Write Time":0.0,"Plans":[{"Node Type":"Hash Join","Parent Relationship":"Outer","Parallel Aware":false,"Async Capable":false,"Join Type":"Inner","Startup Cost":44.04,"Total Cost":22198.15,"Plan Rows":994,"Plan Width":10,"Actual Startup Time":128.195,"Actual Total Time":128.484,"Actual Rows":2495,"Actual Loops":1,"Output":["order_line.ol_quantity","order_line.ol_i_id","item.i_id"],"Hash Cond":"(order_line.ol_i_id = item.i_id)","Rows Removed by Bloom Filter":9380622,"Shared Hit Blocks":0,"Shared Read Blocks":0,"Shared Dirtied Blocks":0,"Shared Written Blocks":0,"Local Hit Blocks":0,"Local Read Blocks":0,"Local Dirtied Blocks":0,"Local Written Blocks":0,"Temp Read Blocks":0,"Temp Written Blocks":0,"I/O Read Time":0.0,"I/O Write Time":0.0,"Temp I/O Read Time":0.0,"Temp I/O Write Time":0.0,"Plans":[{"Node Type":"Append","Parent Relationship":"Outer","Parallel Aware":false,"Async Capable":false,"Startup Cost":20.0,"Total Cost":193913.85,"Plan Rows":9942920,"Plan Width":6,"Actual Startup Time":21.632,"Actual Total Time":21.636,"Actual Rows":9885180,"Actual Loops":1,"Shared Hit Blocks":0,"Shared Read Blocks":0,"Shared Dirtied Blocks":0,"Shared Written Blocks":0,"Local Hit Blocks":0,"Local Read Blocks":0,"Local Dirtied Blocks":0,"Local Written Blocks":0,"Temp Read Blocks":0,"Temp Written Blocks":0,"I/O Read Time":0.0,"I/O Write Time":0.0,"Temp I/O Read Time":0.0,"Temp I/O Write Time":0.0,"Subplans Removed":0,"Plans":[{"Node Type":"Custom Scan","Parent Relationship":"Member","Custom Plan Provider":"columnar scan","Parallel Aware":false,"Async Capable":false,"Relation Name":"order_line","Schema":"public","Alias":"order_line","Startup Cost":20.0,"Total Cost":193908.91,"Plan Rows":9942910,"Plan Width":6,"Actual Startup Time":21.631,"Actual Total Time":21.632,"Actual Rows":9885180,"Actual Loops":1,"Output":["order_line.ol_quantity","order_line.ol_i_id"],"Filter":"((order_line.ol_delivery_d < '1995-04-02 20:10:02.27764'::timestamp without time zone) AND (order_line.ol_delivery_d >= '1994-01-02 20:10:02.27764'::timestamp without time zone))","Rows Removed by Filter":0,"Rows Removed by Columnar Filter":50108581,"Columnar cache search mode":"native","Shared Hit Blocks":0,"Shared Read Blocks":0,"Shared Dirtied Blocks":0,"Shared Written Blocks":0,"Local Hit Blocks":0,"Local Read Blocks":0,"Local Dirtied Blocks":0,"Local Written Blocks":0,"Temp Read Blocks":0,"Temp Written Blocks":0,"I/O Read Time":0.0,"I/O Write Time":0.0,"Temp I/O Read Time":0.0,"Temp I/O Write Time":0.0},{"Node Type":"Seq Scan","Parent Relationship":"Member","Parallel Aware":false,"Async Capable":false,"Relation Name":"order_line","Schema":"public","Alias":"order_line","Startup Cost":0.0,"Total Cost":4.95,"Plan Rows":10,"Plan Width":6,"Actual Startup Time":0.0,"Actual Total Time":0.0,"Actual Rows":0,"Actual Loops":0,"Output":["order_line.ol_quantity","order_line.ol_i_id"],"Filter":"((order_line.ol_delivery_d < '1995-04-02 20:10:02.27764'::timestamp without time zone) AND (order_line.ol_delivery_d >= '1994-01-02 20:10:02.27764'::timestamp without time zone))","Rows Removed by Filter":0,"Shared Hit Blocks":0,"Shared Read Blocks":0,"Shared Dirtied Blocks":0,"Shared Written Blocks":0,"Local Hit Blocks":0,"Local Read Blocks":0,"Local Dirtied Blocks":0,"Local Written Blocks":0,"Temp Read Blocks":0,"Temp Written Blocks":0,"I/O Read Time":0.0,"I/O Write Time":0.0,"Temp I/O Read Time":0.0,"Temp I/O Write Time":0.0}]},{"Node Type":"Hash","Parent Relationship":"Inner","Parallel Aware":false,"Async Capable":false,"Startup Cost":24.19,"Total Cost":24.19,"Plan Rows":11,"Plan Width":4,"Actual Rows":26,"Actual Loops":1,"Output":["item.i_id"],"Shared Hit Blocks":0,"Shared Read Blocks":0,"Shared Dirtied Blocks":0,"Shared Written Blocks":0,"Local Hit Blocks":0,"Local Read Blocks":0,"Local Dirtied Blocks":0,"Local Written Blocks":0,"Temp Read Blocks":0,"Temp Written Blocks":0,"I/O Read Time":0.0,"I/O Write Time":0.0,"Temp I/O Read Time":0.0,"Temp I/O Write Time":0.0,"Plans":[{"Node Type":"Append","Parent Relationship":"Outer","Parallel Aware":false,"Async Capable":false,"Startup Cost":20.0,"Total Cost":24.19,"Plan Rows":11,"Plan Width":4,"Actual Startup Time":2.075,"Actual Total Time":2.077,"Actual Rows":26,"Actual Loops":1,"Shared Hit Blocks":0,"Shared Read Blocks":0,"Shared Dirtied Blocks":0,"Shared Written Blocks":0,"Local Hit Blocks":0,"Local Read Blocks":0,"Local Dirtied Blocks":0,"Local Written Blocks":0,"Temp Read Blocks":0,"Temp Written Blocks":0,"I/O Read Time":0.0,"I/O Write Time":0.0,"Temp I/O Read Time":0.0,"Temp I/O Write Time":0.0,"Subplans Removed":0,"Plans":[{"Node Type":"Custom Scan","Parent Relationship":"Member","Custom Plan Provider":"columnar scan","Parallel Aware":false,"Async Capable":false,"Relation Name":"item","Schema":"public","Alias":"item","Startup Cost":20.0,"Total Cost":20.18,"Plan Rows":10,"Plan Width":4,"Actual Startup Time":2.074,"Actual Total Time":2.075,"Actual Rows":26,"Actual Loops":1,"Output":["item.i_id"],"Filter":"((item.i_data)::text ~~ 'co%'::text)","Rows Removed by Filter":0,"Rows Removed by Columnar Filter":99974,"Columnar cache search mode":"native","Shared Hit Blocks":0,"Shared Read Blocks":0,"Shared Dirtied Blocks":0,"Shared Written Blocks":0,"Local Hit Blocks":0,"Local Read Blocks":0,"Local Dirtied Blocks":0,"Local Written Blocks":0,"Temp Read Blocks":0,"Temp Written Blocks":0,"I/O Read Time":0.0,"I/O Write Time":0.0,"Temp I/O Read Time":0.0,"Temp I/O Write Time":0.0},{"Node Type":"Seq Scan","Parent Relationship":"Member","Parallel Aware":false,"Async Capable":false,"Relation Name":"item","Schema":"public","Alias":"item","Startup Cost":0.0,"Total Cost":4.01,"Plan Rows":1,"Plan Width":4,"Actual Startup Time":0.0,"Actual Total Time":0.0,"Actual Rows":0,"Actual Loops":0,"Output":["item.i_id"],"Filter":"((item.i_data)::text ~~ 'co%'::text)","Rows Removed by Filter":0,"Shared Hit Blocks":0,"Shared Read Blocks":0,"Shared Dirtied Blocks":0,"Shared Written Blocks":0,"Local Hit Blocks":0,"Local Read Blocks":0,"Local Dirtied Blocks":0,"Local Written Blocks":0,"Temp Read Blocks":0,"Temp Written Blocks":0,"I/O Read Time":0.0,"I/O Write Time":0.0,"Temp I/O Read Time":0.0,"Temp I/O Write Time":0.0}]}]}]}]}]}]}]}]},{"Node Type":"Hash","Parent Relationship":"Inner","Parallel Aware":false,"Async Capable":false,"Startup Cost":85.33,"Total Cost":85.33,"Plan Rows":161,"Plan Width":48,"Actual Startup Time":0.673,"Actual Total Time":0.685,"Actual Rows":164,"Actual Loops":1,"Output":["supplier.su_name","supplier.su_address","supplier.su_suppkey"],"Hash Buckets":1024,"Original Hash Buckets":1024,"Hash Batches":1,"Original Hash Batches":1,"Peak Memory Usage":22,"Shared Hit Blocks":0,"Shared Read Blocks":0,"Shared Dirtied Blocks":0,"Shared Written Blocks":0,"Local Hit Blocks":0,"Local Read Blocks":0,"Local Dirtied Blocks":0,"Local Written Blocks":0,"Temp Read Blocks":0,"Temp Written Blocks":0,"I/O Read Time":0.0,"I/O Write Time":0.0,"Temp I/O Read Time":0.0,"Temp I/O Write Time":0.0,"Plans":[{"Node Type":"Hash Join","Parent Relationship":"Outer","Parallel Aware":false,"Async Capable":false,"Join Type":"Inner","Startup Cost":44.02,"Total Cost":85.33,"Plan Rows":161,"Plan Width":48,"Actual Startup Time":0.606,"Actual Total Time":0.631,"Actual Rows":164,"Actual Loops":1,"Output":["supplier.su_name","supplier.su_address","supplier.su_suppkey"],"Hash Cond":"(supplier.su_nationkey = nation.n_nationkey)","Rows Removed by Bloom Filter":9685,"Shared Hit Blocks":0,"Shared Read Blocks":0,"Shared Dirtied Blocks":0,"Shared Written Blocks":0,"Local Hit Blocks":0,"Local Read Blocks":0,"Local Dirtied Blocks":0,"Local Written Blocks":0,"Temp Read Blocks":0,"Temp Written Blocks":0,"I/O Read Time":0.0,"I/O Write Time":0.0,"Temp I/O Read Time":0.0,"Temp I/O Write Time":0.0,"Plans":[{"Node Type":"Append","Parent Relationship":"Outer","Parallel Aware":false,"Async Capable":false,"Startup Cost":20.0,"Total Cost":259.01,"Plan Rows":10001,"Plan Width":52,"Actual Startup Time":0.004,"Actual Total Time":0.006,"Actual Rows":10000,"Actual Loops":1,"Shared Hit Blocks":0,"Shared Read Blocks":0,"Shared Dirtied Blocks":0,"Shared Written Blocks":0,"Local Hit Blocks":0,"Local Read Blocks":0,"Local Dirtied Blocks":0,"Local Written Blocks":0,"Temp Read Blocks":0,"Temp Written Blocks":0,"I/O Read Time":0.0,"I/O Write Time":0.0,"Temp I/O Read Time":0.0,"Temp I/O Write Time":0.0,"Subplans Removed":0,"Plans":[{"Node Type":"Custom Scan","Parent Relationship":"Member","Custom Plan Provider":"columnar scan","Parallel Aware":false,"Async Capable":false,"Relation Name":"supplier","Schema":"public","Alias":"supplier","Startup Cost":20.0,"Total Cost":255.0,"Plan Rows":10000,"Plan Width":52,"Actual Startup Time":0.004,"Actual Total Time":0.004,"Actual Rows":10000,"Actual Loops":1,"Output":["supplier.su_name","supplier.su_address","supplier.su_nationkey","supplier.su_suppkey"],"Rows Removed by Columnar Filter":0,"Columnar cache search mode":"native","Shared Hit Blocks":0,"Shared Read Blocks":0,"Shared Dirtied Blocks":0,"Shared Written Blocks":0,"Local Hit Blocks":0,"Local Read Blocks":0,"Local Dirtied Blocks":0,"Local Written Blocks":0,"Temp Read Blocks":0,"Temp Written Blocks":0,"I/O Read Time":0.0,"I/O Write Time":0.0,"Temp I/O Read Time":0.0,"Temp I/O Write Time":0.0},{"Node Type":"Seq Scan","Parent Relationship":"Member","Parallel Aware":false,"Async Capable":false,"Relation Name":"supplier","Schema":"public","Alias":"supplier","Startup Cost":0.0,"Total Cost":4.01,"Plan Rows":1,"Plan Width":52,"Actual Startup Time":0.0,"Actual Total Time":0.0,"Actual Rows":0,"Actual Loops":0,"Output":["supplier.su_name","supplier.su_address","supplier.su_nationkey","supplier.su_suppkey"],"Shared Hit Blocks":0,"Shared Read Blocks":0,"Shared Dirtied Blocks":0,"Shared Written Blocks":0,"Local Hit Blocks":0,"Local Read Blocks":0,"Local Dirtied Blocks":0,"Local Written Blocks":0,"Temp Read Blocks":0,"Temp Written Blocks":0,"I/O Read Time":0.0,"I/O Write Time":0.0,"Temp I/O Read Time":0.0,"Temp I/O Write Time":0.0}]},{"Node Type":"Hash","Parent Relationship":"Inner","Parallel Aware":false,"Async Capable":false,"Startup Cost":24.04,"Total Cost":24.04,"Plan Rows":2,"Plan Width":4,"Actual Rows":1,"Actual Loops":1,"Output":["nation.n_nationkey"],"Shared Hit Blocks":0,"Shared Read Blocks":0,"Shared Dirtied Blocks":0,"Shared Written Blocks":0,"Local Hit Blocks":0,"Local Read Blocks":0,"Local Dirtied Blocks":0,"Local Written Blocks":0,"Temp Read Blocks":0,"Temp Written Blocks":0,"I/O Read Time":0.0,"I/O Write Time":0.0,"Temp I/O Read Time":0.0,"Temp I/O Write Time":0.0,"Plans":[{"Node Type":"Append","Parent Relationship":"Outer","Parallel Aware":false,"Async Capable":false,"Startup Cost":20.0,"Total Cost":24.04,"Plan Rows":2,"Plan Width":4,"Actual Startup Time":0.037,"Actual Total Time":0.04,"Actual Rows":1,"Actual Loops":1,"Shared Hit Blocks":0,"Shared Read Blocks":0,"Shared Dirtied Blocks":0,"Shared Written Blocks":0,"Local Hit Blocks":0,"Local Read Blocks":0,"Local Dirtied Blocks":0,"Local Written Blocks":0,"Temp Read Blocks":0,"Temp Written Blocks":0,"I/O Read Time":0.0,"I/O Write Time":0.0,"Temp I/O Read Time":0.0,"Temp I/O Write Time":0.0,"Subplans Removed":0,"Plans":[{"Node Type":"Custom Scan","Parent Relationship":"Member","Custom Plan Provider":"columnar scan","Parallel Aware":false,"Async Capable":false,"Relation Name":"nation","Schema":"public","Alias":"nation","Startup Cost":20.0,"Total Cost":20.02,"Plan Rows":1,"Plan Width":4,"Actual Startup Time":0.035,"Actual Total Time":0.036,"Actual Rows":1,"Actual Loops":1,"Output":["nation.n_nationkey"],"Filter":"((nation.n_name)::text = 'France'::text)","Rows Removed by Filter":0,"Rows Removed by Columnar Filter":61,"Columnar cache search mode":"native","Shared Hit Blocks":0,"Shared Read Blocks":0,"Shared Dirtied Blocks":0,"Shared Written Blocks":0,"Local Hit Blocks":0,"Local Read Blocks":0,"Local Dirtied Blocks":0,"Local Written Blocks":0,"Temp Read Blocks":0,"Temp Written Blocks":0,"I/O Read Time":0.0,"I/O Write Time":0.0,"Temp I/O Read Time":0.0,"Temp I/O Write Time":0.0},{"Node Type":"Seq Scan","Parent Relationship":"Member","Parallel Aware":false,"Async Capable":false,"Relation Name":"nation","Schema":"public","Alias":"nation","Startup Cost":0.0,"Total Cost":4.01,"Plan Rows":1,"Plan Width":4,"Actual Startup Time":0.0,"Actual Total Time":0.0,"Actual Rows":0,"Actual Loops":0,"Output":["nation.n_nationkey"],"Filter":"((nation.n_name)::text = 'France'::text)","Rows Removed by Filter":0,"Shared Hit Blocks":0,"Shared Read Blocks":0,"Shared Dirtied Blocks":0,"Shared Written Blocks":0,"Local Hit Blocks":0,"Local Read Blocks":0,"Local Dirtied Blocks":0,"Local Written Blocks":0,"Temp Read Blocks":0,"Temp Written Blocks":0,"I/O Read Time":0.0,"I/O Write Time":0.0,"Temp I/O Read Time":0.0,"Temp I/O Write Time":0.0}]}]}]}]}]}]},"Planning":{"Shared Hit Blocks":19,"Shared Read Blocks":0,"Shared Dirtied Blocks":0,"Shared Written Blocks":0,"Local Hit Blocks":0,"Local Read Blocks":0,"Local Dirtied Blocks":0,"Local Written Blocks":0,"Temp Read Blocks":0,"Temp Written Blocks":0,"I/O Read Time":0.0,"I/O Write Time":0.0,"Temp I/O Read Time":0.0,"Temp I/O Write Time":0.0},"Planning Time":1.167,"Triggers":[],"Execution Time":5238.275}]
[列存组合]: item, nation, stock, supplier
[{"Plan":{"Node Type":"Sort","Parallel Aware":false,"Async Capable":false,"Startup Cost":1692972.19,"Total Cost":1692972.39,"Plan Rows":80,"Plan Width":44,"Actual Startup Time":5824.257,"Actual Total Time":5824.286,"Actual Rows":0,"Actual Loops":1,"Output":["supplier.su_name","supplier.su_address"],"Sort Key":["supplier.su_name"],"Sort Method":"quicksort","Sort Space Used":25,"Sort Space Type":"Memory","Shared Hit Blocks":681748,"Shared Read Blocks":0,"Shared Dirtied Blocks":0,"Shared Written Blocks":0,"Local Hit Blocks":0,"Local Read Blocks":0,"Local Dirtied Blocks":0,"Local Written Blocks":0,"Temp Read Blocks":1223,"Temp Written Blocks":1232,"I/O Read Time":0.0,"I/O Write Time":0.0,"Temp I/O Read Time":1.792,"Temp I/O Write Time":4.996,"Plans":[{"Node Type":"Hash Join","Parent Relationship":"Outer","Parallel Aware":false,"Async Capable":false,"Join Type":"Inner","Startup Cost":1692966.88,"Total Cost":1692969.66,"Plan Rows":80,"Plan Width":44,"Actual Startup Time":5824.247,"Actual Total Time":5824.276,"Actual Rows":0,"Actual Loops":1,"Output":["supplier.su_name","supplier.su_address"],"Hash Cond":"((mod((stock.s_i_id * stock.s_w_id), 10000)) = supplier.su_suppkey)","Shared Hit Blocks":681748,"Shared Read Blocks":0,"Shared Dirtied Blocks":0,"Shared Written Blocks":0,"Local Hit Blocks":0,"Local Read Blocks":0,"Local Dirtied Blocks":0,"Local Written Blocks":0,"Temp Read Blocks":1223,"Temp Written Blocks":1232,"I/O Read Time":0.0,"I/O Write Time":0.0,"Temp I/O Read Time":1.792,"Temp I/O Write Time":4.996,"Plans":[{"Node Type":"Aggregate","Strategy":"Hashed","Partial Mode":"Simple","Parent Relationship":"Outer","Parallel Aware":false,"Async Capable":false,"Startup Cost":1692879.54,"Total Cost":1692881.54,"Plan Rows":200,"Plan Width":4,"Actual Startup Time":5823.498,"Actual Total Time":5823.512,"Actual Rows":0,"Actual Loops":1,"Output":["(mod((stock.s_i_id * stock.s_w_id), 10000))"],"Group Key":["mod((stock.s_i_id * stock.s_w_id), 10000)"],"Planned Partitions":0,"HashAgg Batches":1,"Peak Memory Usage":40,"Disk Usage":0,"Shared Hit Blocks":681748,"Shared Read Blocks":0,"Shared Dirtied Blocks":0,"Shared Written Blocks":0,"Local Hit Blocks":0,"Local Read Blocks":0,"Local Dirtied Blocks":0,"Local Written Blocks":0,"Temp Read Blocks":1223,"Temp Written Blocks":1232,"I/O Read Time":0.0,"I/O Write Time":0.0,"Temp I/O Read Time":1.792,"Temp I/O Write Time":4.996,"Plans":[{"Node Type":"Aggregate","Strategy":"Sorted","Partial Mode":"Simple","Parent Relationship":"Outer","Parallel Aware":false,"Async Capable":false,"Startup Cost":1686688.08,"Total Cost":1692042.85,"Plan Rows":66935,"Plan Width":12,"Actual Startup Time":5823.49,"Actual Total Time":5823.504,"Actual Rows":0,"Actual Loops":1,"Output":["mod((stock.s_i_id * stock.s_w_id), 10000)","stock.s_i_id","stock.s_w_id","stock.s_quantity"],"Group Key":["stock.s_i_id","stock.s_w_id"],"Filter":"((2 * stock.s_quantity) > sum(order_line.ol_quantity))","Rows Removed by Filter":5200,"Shared Hit Blocks":681748,"Shared Read Blocks":0,"Shared Dirtied Blocks":0,"Shared Written Blocks":0,"Local Hit Blocks":0,"Local Read Blocks":0,"Local Dirtied Blocks":0,"Local Written Blocks":0,"Temp Read Blocks":1223,"Temp Written Blocks":1232,"I/O Read Time":0.0,"I/O Write Time":0.0,"Temp I/O Read Time":1.792,"Temp I/O Write Time":4.996,"Plans":[{"Node Type":"Sort","Parent Relationship":"Outer","Parallel Aware":false,"Async Capable":false,"Startup Cost":1686688.08,"Total Cost":1687190.09,"Plan Rows":200804,"Plan Width":10,"Actual Startup Time":5721.079,"Actual Total Time":5771.415,"Actual Rows":499000,"Actual Loops":1,"Output":["stock.s_i_id","stock.s_w_id","stock.s_quantity","order_line.ol_quantity"],"Sort Key":["stock.s_i_id","stock.s_w_id"],"Sort Method":"external merge","Sort Space Used":9784,"Sort Space Type":"Disk","Shared Hit Blocks":681748,"Shared Read Blocks":0,"Shared Dirtied Blocks":0,"Shared Written Blocks":0,"Local Hit Blocks":0,"Local Read Blocks":0,"Local Dirtied Blocks":0,"Local Written Blocks":0,"Temp Read Blocks":1223,"Temp Written Blocks":1232,"I/O Read Time":0.0,"I/O Write Time":0.0,"Temp I/O Read Time":1.792,"Temp I/O Write Time":4.996,"Plans":[{"Node Type":"Hash Join","Parent Relationship":"Outer","Parallel Aware":false,"Async Capable":false,"Join Type":"Inner","Startup Cost":44619.0,"Total Cost":1665568.33,"Plan Rows":200804,"Plan Width":10,"Actual Startup Time":135.751,"Actual Total Time":5555.765,"Actual Rows":499000,"Actual Loops":1,"Output":["stock.s_i_id","stock.s_w_id","stock.s_quantity","order_line.ol_quantity"],"Hash Cond":"(order_line.ol_i_id = stock.s_i_id)","Shared Hit Blocks":681748,"Shared Read Blocks":0,"Shared Dirtied Blocks":0,"Shared Written Blocks":0,"Local Hit Blocks":0,"Local Read Blocks":0,"Local Dirtied Blocks":0,"Local Written Blocks":0,"Temp Read Blocks":0,"Temp Written Blocks":0,"I/O Read Time":0.0,"I/O Write Time":0.0,"Temp I/O Read Time":0.0,"Temp I/O Write Time":0.0,"Plans":[{"Node Type":"Seq Scan","Parent Relationship":"Outer","Parallel Aware":false,"Async Capable":false,"Relation Name":"order_line","Schema":"public","Alias":"order_line","Startup Cost":0.0,"Total Cost":1581655.36,"Plan Rows":9942920,"Plan Width":6,"Actual Startup Time":0.013,"Actual Total Time":4636.912,"Actual Rows":9885180,"Actual Loops":1,"Output":["order_line.ol_o_id","order_line.ol_d_id","order_line.ol_w_id","order_line.ol_number","order_line.ol_i_id","order_line.ol_supply_w_id","order_line.ol_delivery_d","order_line.ol_quantity","order_line.ol_amount","order_line.ol_dist_info"],"Filter":"((order_line.ol_delivery_d >= '1994-01-02 20:10:02.27764'::timestamp without time zone) AND (order_line.ol_delivery_d < '1995-04-02 20:10:02.27764'::timestamp without time zone))","Rows Removed by Filter":50108581,"Shared Hit Blocks":681748,"Shared Read Blocks":0,"Shared Dirtied Blocks":0,"Shared Written Blocks":0,"Local Hit Blocks":0,"Local Read Blocks":0,"Local Dirtied Blocks":0,"Local Written Blocks":0,"Temp Read Blocks":0,"Temp Written Blocks":0,"I/O Read Time":0.0,"I/O Write Time":0.0,"Temp I/O Read Time":0.0,"Temp I/O Write Time":0.0},{"Node Type":"Hash","Parent Relationship":"Inner","Parallel Aware":false,"Async Capable":false,"Startup Cost":44594.0,"Total Cost":44594.0,"Plan Rows":2000,"Plan Width":12,"Actual Startup Time":134.633,"Actual Total Time":134.645,"Actual Rows":5200,"Actual Loops":1,"Output":["stock.s_i_id","stock.s_w_id","stock.s_quantity","item.i_id"],"Hash Buckets":8192,"Original Hash Buckets":2048,"Hash Batches":1,"Original Hash Batches":1,"Peak Memory Usage":288,"Shared Hit Blocks":0,"Shared Read Blocks":0,"Shared Dirtied Blocks":0,"Shared Written Blocks":0,"Local Hit Blocks":0,"Local Read Blocks":0,"Local Dirtied Blocks":0,"Local Written Blocks":0,"Temp Read Blocks":0,"Temp Written Blocks":0,"I/O Read Time":0.0,"I/O Write Time":0.0,"Temp I/O Read Time":0.0,"Temp I/O Write Time":0.0,"Plans":[{"Node Type":"Hash Join","Parent Relationship":"Outer","Parallel Aware":false,"Async Capable":false,"Join Type":"Inner","Startup Cost":44.04,"Total Cost":44594.0,"Plan Rows":2000,"Plan Width":12,"Actual Startup Time":133.331,"Actual Total Time":133.771,"Actual Rows":5200,"Actual Loops":1,"Output":["stock.s_i_id","stock.s_w_id","stock.s_quantity","item.i_id"],"Hash Cond":"(stock.s_i_id = item.i_id)","Rows Removed by Bloom Filter":18979400,"Shared Hit Blocks":0,"Shared Read Blocks":0,"Shared Dirtied Blocks":0,"Shared Written Blocks":0,"Local Hit Blocks":0,"Local Read Blocks":0,"Local Dirtied Blocks":0,"Local Written Blocks":0,"Temp Read Blocks":0,"Temp Written Blocks":0,"I/O Read Time":0.0,"I/O Write Time":0.0,"Temp I/O Read Time":0.0,"Temp I/O Write Time":0.0,"Plans":[{"Node Type":"Append","Parent Relationship":"Outer","Parallel Aware":false,"Async Capable":false,"Startup Cost":20.0,"Total Cost":430026.22,"Plan Rows":20000212,"Plan Width":8,"Actual Startup Time":0.499,"Actual Total Time":0.503,"Actual Rows":20000000,"Actual Loops":1,"Shared Hit Blocks":0,"Shared Read Blocks":0,"Shared Dirtied Blocks":0,"Shared Written Blocks":0,"Local Hit Blocks":0,"Local Read Blocks":0,"Local Dirtied Blocks":0,"Local Written Blocks":0,"Temp Read Blocks":0,"Temp Written Blocks":0,"I/O Read Time":0.0,"I/O Write Time":0.0,"Temp I/O Read Time":0.0,"Temp I/O Write Time":0.0,"Subplans Removed":0,"Plans":[{"Node Type":"Custom Scan","Parent Relationship":"Member","Custom Plan Provider":"columnar scan","Parallel Aware":false,"Async Capable":false,"Relation Name":"stock","Schema":"public","Alias":"stock","Startup Cost":20.0,"Total Cost":430020.1,"Plan Rows":20000000,"Plan Width":8,"Actual Startup Time":0.499,"Actual Total Time":0.5,"Actual Rows":20000000,"Actual Loops":1,"Output":["stock.s_i_id","stock.s_w_id","stock.s_quantity"],"Rows Removed by Columnar Filter":0,"Columnar cache search mode":"native","Shared Hit Blocks":0,"Shared Read Blocks":0,"Shared Dirtied Blocks":0,"Shared Written Blocks":0,"Local Hit Blocks":0,"Local Read Blocks":0,"Local Dirtied Blocks":0,"Local Written Blocks":0,"Temp Read Blocks":0,"Temp Written Blocks":0,"I/O Read Time":0.0,"I/O Write Time":0.0,"Temp I/O Read Time":0.0,"Temp I/O Write Time":0.0},{"Node Type":"Seq Scan","Parent Relationship":"Member","Parallel Aware":false,"Async Capable":false,"Relation Name":"stock","Schema":"public","Alias":"stock","Startup Cost":0.0,"Total Cost":6.12,"Plan Rows":212,"Plan Width":8,"Actual Startup Time":0.0,"Actual Total Time":0.0,"Actual Rows":0,"Actual Loops":0,"Output":["stock.s_i_id","stock.s_w_id","stock.s_quantity"],"Shared Hit Blocks":0,"Shared Read Blocks":0,"Shared Dirtied Blocks":0,"Shared Written Blocks":0,"Local Hit Blocks":0,"Local Read Blocks":0,"Local Dirtied Blocks":0,"Local Written Blocks":0,"Temp Read Blocks":0,"Temp Written Blocks":0,"I/O Read Time":0.0,"I/O Write Time":0.0,"Temp I/O Read Time":0.0,"Temp I/O Write Time":0.0}]},{"Node Type":"Hash","Parent Relationship":"Inner","Parallel Aware":false,"Async Capable":false,"Startup Cost":24.19,"Total Cost":24.19,"Plan Rows":11,"Plan Width":4,"Actual Rows":26,"Actual Loops":1,"Output":["item.i_id"],"Shared Hit Blocks":0,"Shared Read Blocks":0,"Shared Dirtied Blocks":0,"Shared Written Blocks":0,"Local Hit Blocks":0,"Local Read Blocks":0,"Local Dirtied Blocks":0,"Local Written Blocks":0,"Temp Read Blocks":0,"Temp Written Blocks":0,"I/O Read Time":0.0,"I/O Write Time":0.0,"Temp I/O Read Time":0.0,"Temp I/O Write Time":0.0,"Plans":[{"Node Type":"Append","Parent Relationship":"Outer","Parallel Aware":false,"Async Capable":false,"Startup Cost":20.0,"Total Cost":24.19,"Plan Rows":11,"Plan Width":4,"Actual Startup Time":2.061,"Actual Total Time":2.065,"Actual Rows":26,"Actual Loops":1,"Shared Hit Blocks":0,"Shared Read Blocks":0,"Shared Dirtied Blocks":0,"Shared Written Blocks":0,"Local Hit Blocks":0,"Local Read Blocks":0,"Local Dirtied Blocks":0,"Local Written Blocks":0,"Temp Read Blocks":0,"Temp Written Blocks":0,"I/O Read Time":0.0,"I/O Write Time":0.0,"Temp I/O Read Time":0.0,"Temp I/O Write Time":0.0,"Subplans Removed":0,"Plans":[{"Node Type":"Custom Scan","Parent Relationship":"Member","Custom Plan Provider":"columnar scan","Parallel Aware":false,"Async Capable":false,"Relation Name":"item","Schema":"public","Alias":"item","Startup Cost":20.0,"Total Cost":20.18,"Plan Rows":10,"Plan Width":4,"Actual Startup Time":2.06,"Actual Total Time":2.06,"Actual Rows":26,"Actual Loops":1,"Output":["item.i_id"],"Filter":"((item.i_data)::text ~~ 'co%'::text)","Rows Removed by Filter":0,"Rows Removed by Columnar Filter":99974,"Columnar cache search mode":"native","Shared Hit Blocks":0,"Shared Read Blocks":0,"Shared Dirtied Blocks":0,"Shared Written Blocks":0,"Local Hit Blocks":0,"Local Read Blocks":0,"Local Dirtied Blocks":0,"Local Written Blocks":0,"Temp Read Blocks":0,"Temp Written Blocks":0,"I/O Read Time":0.0,"I/O Write Time":0.0,"Temp I/O Read Time":0.0,"Temp I/O Write Time":0.0},{"Node Type":"Seq Scan","Parent Relationship":"Member","Parallel Aware":false,"Async Capable":false,"Relation Name":"item","Schema":"public","Alias":"item","Startup Cost":0.0,"Total Cost":4.01,"Plan Rows":1,"Plan Width":4,"Actual Startup Time":0.0,"Actual Total Time":0.0,"Actual Rows":0,"Actual Loops":0,"Output":["item.i_id"],"Filter":"((item.i_data)::text ~~ 'co%'::text)","Rows Removed by Filter":0,"Shared Hit Blocks":0,"Shared Read Blocks":0,"Shared Dirtied Blocks":0,"Shared Written Blocks":0,"Local Hit Blocks":0,"Local Read Blocks":0,"Local Dirtied Blocks":0,"Local Written Blocks":0,"Temp Read Blocks":0,"Temp Written Blocks":0,"I/O Read Time":0.0,"I/O Write Time":0.0,"Temp I/O Read Time":0.0,"Temp I/O Write Time":0.0}]}]}]}]}]}]}]}]},{"Node Type":"Hash","Parent Relationship":"Inner","Parallel Aware":false,"Async Capable":false,"Startup Cost":85.33,"Total Cost":85.33,"Plan Rows":161,"Plan Width":48,"Actual Startup Time":0.737,"Actual Total Time":0.75,"Actual Rows":164,"Actual Loops":1,"Output":["supplier.su_name","supplier.su_address","supplier.su_suppkey"],"Hash Buckets":1024,"Original Hash Buckets":1024,"Hash Batches":1,"Original Hash Batches":1,"Peak Memory Usage":22,"Shared Hit Blocks":0,"Shared Read Blocks":0,"Shared Dirtied Blocks":0,"Shared Written Blocks":0,"Local Hit Blocks":0,"Local Read Blocks":0,"Local Dirtied Blocks":0,"Local Written Blocks":0,"Temp Read Blocks":0,"Temp Written Blocks":0,"I/O Read Time":0.0,"I/O Write Time":0.0,"Temp I/O Read Time":0.0,"Temp I/O Write Time":0.0,"Plans":[{"Node Type":"Hash Join","Parent Relationship":"Outer","Parallel Aware":false,"Async Capable":false,"Join Type":"Inner","Startup Cost":44.02,"Total Cost":85.33,"Plan Rows":161,"Plan Width":48,"Actual Startup Time":0.665,"Actual Total Time":0.689,"Actual Rows":164,"Actual Loops":1,"Output":["supplier.su_name","supplier.su_address","supplier.su_suppkey"],"Hash Cond":"(supplier.su_nationkey = nation.n_nationkey)","Rows Removed by Bloom Filter":9685,"Shared Hit Blocks":0,"Shared Read Blocks":0,"Shared Dirtied Blocks":0,"Shared Written Blocks":0,"Local Hit Blocks":0,"Local Read Blocks":0,"Local Dirtied Blocks":0,"Local Written Blocks":0,"Temp Read Blocks":0,"Temp Written Blocks":0,"I/O Read Time":0.0,"I/O Write Time":0.0,"Temp I/O Read Time":0.0,"Temp I/O Write Time":0.0,"Plans":[{"Node Type":"Append","Parent Relationship":"Outer","Parallel Aware":false,"Async Capable":false,"Startup Cost":20.0,"Total Cost":259.01,"Plan Rows":10001,"Plan Width":52,"Actual Startup Time":0.005,"Actual Total Time":0.008,"Actual Rows":10000,"Actual Loops":1,"Shared Hit Blocks":0,"Shared Read Blocks":0,"Shared Dirtied Blocks":0,"Shared Written Blocks":0,"Local Hit Blocks":0,"Local Read Blocks":0,"Local Dirtied Blocks":0,"Local Written Blocks":0,"Temp Read Blocks":0,"Temp Written Blocks":0,"I/O Read Time":0.0,"I/O Write Time":0.0,"Temp I/O Read Time":0.0,"Temp I/O Write Time":0.0,"Subplans Removed":0,"Plans":[{"Node Type":"Custom Scan","Parent Relationship":"Member","Custom Plan Provider":"columnar scan","Parallel Aware":false,"Async Capable":false,"Relation Name":"supplier","Schema":"public","Alias":"supplier","Startup Cost":20.0,"Total Cost":255.0,"Plan Rows":10000,"Plan Width":52,"Actual Startup Time":0.005,"Actual Total Time":0.005,"Actual Rows":10000,"Actual Loops":1,"Output":["supplier.su_name","supplier.su_address","supplier.su_nationkey","supplier.su_suppkey"],"Rows Removed by Columnar Filter":0,"Columnar cache search mode":"native","Shared Hit Blocks":0,"Shared Read Blocks":0,"Shared Dirtied Blocks":0,"Shared Written Blocks":0,"Local Hit Blocks":0,"Local Read Blocks":0,"Local Dirtied Blocks":0,"Local Written Blocks":0,"Temp Read Blocks":0,"Temp Written Blocks":0,"I/O Read Time":0.0,"I/O Write Time":0.0,"Temp I/O Read Time":0.0,"Temp I/O Write Time":0.0},{"Node Type":"Seq Scan","Parent Relationship":"Member","Parallel Aware":false,"Async Capable":false,"Relation Name":"supplier","Schema":"public","Alias":"supplier","Startup Cost":0.0,"Total Cost":4.01,"Plan Rows":1,"Plan Width":52,"Actual Startup Time":0.0,"Actual Total Time":0.0,"Actual Rows":0,"Actual Loops":0,"Output":["supplier.su_name","supplier.su_address","supplier.su_nationkey","supplier.su_suppkey"],"Shared Hit Blocks":0,"Shared Read Blocks":0,"Shared Dirtied Blocks":0,"Shared Written Blocks":0,"Local Hit Blocks":0,"Local Read Blocks":0,"Local Dirtied Blocks":0,"Local Written Blocks":0,"Temp Read Blocks":0,"Temp Written Blocks":0,"I/O Read Time":0.0,"I/O Write Time":0.0,"Temp I/O Read Time":0.0,"Temp I/O Write Time":0.0}]},{"Node Type":"Hash","Parent Relationship":"Inner","Parallel Aware":false,"Async Capable":false,"Startup Cost":24.04,"Total Cost":24.04,"Plan Rows":2,"Plan Width":4,"Actual Rows":1,"Actual Loops":1,"Output":["nation.n_nationkey"],"Shared Hit Blocks":0,"Shared Read Blocks":0,"Shared Dirtied Blocks":0,"Shared Written Blocks":0,"Local Hit Blocks":0,"Local Read Blocks":0,"Local Dirtied Blocks":0,"Local Written Blocks":0,"Temp Read Blocks":0,"Temp Written Blocks":0,"I/O Read Time":0.0,"I/O Write Time":0.0,"Temp I/O Read Time":0.0,"Temp I/O Write Time":0.0,"Plans":[{"Node Type":"Append","Parent Relationship":"Outer","Parallel Aware":false,"Async Capable":false,"Startup Cost":20.0,"Total Cost":24.04,"Plan Rows":2,"Plan Width":4,"Actual Startup Time":0.032,"Actual Total Time":0.036,"Actual Rows":1,"Actual Loops":1,"Shared Hit Blocks":0,"Shared Read Blocks":0,"Shared Dirtied Blocks":0,"Shared Written Blocks":0,"Local Hit Blocks":0,"Local Read Blocks":0,"Local Dirtied Blocks":0,"Local Written Blocks":0,"Temp Read Blocks":0,"Temp Written Blocks":0,"I/O Read Time":0.0,"I/O Write Time":0.0,"Temp I/O Read Time":0.0,"Temp I/O Write Time":0.0,"Subplans Removed":0,"Plans":[{"Node Type":"Custom Scan","Parent Relationship":"Member","Custom Plan Provider":"columnar scan","Parallel Aware":false,"Async Capable":false,"Relation Name":"nation","Schema":"public","Alias":"nation","Startup Cost":20.0,"Total Cost":20.02,"Plan Rows":1,"Plan Width":4,"Actual Startup Time":0.03,"Actual Total Time":0.031,"Actual Rows":1,"Actual Loops":1,"Output":["nation.n_nationkey"],"Filter":"((nation.n_name)::text = 'France'::text)","Rows Removed by Filter":0,"Rows Removed by Columnar Filter":61,"Columnar cache search mode":"native","Shared Hit Blocks":0,"Shared Read Blocks":0,"Shared Dirtied Blocks":0,"Shared Written Blocks":0,"Local Hit Blocks":0,"Local Read Blocks":0,"Local Dirtied Blocks":0,"Local Written Blocks":0,"Temp Read Blocks":0,"Temp Written Blocks":0,"I/O Read Time":0.0,"I/O Write Time":0.0,"Temp I/O Read Time":0.0,"Temp I/O Write Time":0.0},{"Node Type":"Seq Scan","Parent Relationship":"Member","Parallel Aware":false,"Async Capable":false,"Relation Name":"nation","Schema":"public","Alias":"nation","Startup Cost":0.0,"Total Cost":4.01,"Plan Rows":1,"Plan Width":4,"Actual Startup Time":0.0,"Actual Total Time":0.0,"Actual Rows":0,"Actual Loops":0,"Output":["nation.n_nationkey"],"Filter":"((nation.n_name)::text = 'France'::text)","Rows Removed by Filter":0,"Shared Hit Blocks":0,"Shared Read Blocks":0,"Shared Dirtied Blocks":0,"Shared Written Blocks":0,"Local Hit Blocks":0,"Local Read Blocks":0,"Local Dirtied Blocks":0,"Local Written Blocks":0,"Temp Read Blocks":0,"Temp Written Blocks":0,"I/O Read Time":0.0,"I/O Write Time":0.0,"Temp I/O Read Time":0.0,"Temp I/O Write Time":0.0}]}]}]}]}]}]},"Planning":{"Shared Hit Blocks":19,"Shared Read Blocks":0,"Shared Dirtied Blocks":0,"Shared Written Blocks":0,"Local Hit Blocks":0,"Local Read Blocks":0,"Local Dirtied Blocks":0,"Local Written Blocks":0,"Temp Read Blocks":0,"Temp Written Blocks":0,"I/O Read Time":0.0,"I/O Write Time":0.0,"Temp I/O Read Time":0.0,"Temp I/O Write Time":0.0},"Planning Time":1.555,"Triggers":[],"Execution Time":5826.423}]
[列存组合]: item, order_line, stock, supplier
[{"Plan":{"Node Type":"Sort","Parallel Aware":false,"Async Capable":false,"Startup Cost":105338.64,"Total Cost":105338.84,"Plan Rows":80,"Plan Width":44,"Actual Startup Time":313.788,"Actual Total Time":313.798,"Actual Rows":0,"Actual Loops":1,"Output":["supplier.su_name","supplier.su_address"],"Sort Key":["supplier.su_name"],"Sort Method":"quicksort","Sort Space Used":25,"Sort Space Type":"Memory","Shared Hit Blocks":1,"Shared Read Blocks":0,"Shared Dirtied Blocks":0,"Shared Written Blocks":0,"Local Hit Blocks":0,"Local Read Blocks":0,"Local Dirtied Blocks":0,"Local Written Blocks":0,"Temp Read Blocks":0,"Temp Written Blocks":0,"I/O Read Time":0.0,"I/O Write Time":0.0,"Temp I/O Read Time":0.0,"Temp I/O Write Time":0.0,"Plans":[{"Node Type":"Hash Join","Parent Relationship":"Outer","Parallel Aware":false,"Async Capable":false,"Join Type":"Inner","Startup Cost":105333.34,"Total Cost":105336.12,"Plan Rows":80,"Plan Width":44,"Actual Startup Time":313.779,"Actual Total Time":313.788,"Actual Rows":0,"Actual Loops":1,"Output":["supplier.su_name","supplier.su_address"],"Hash Cond":"((mod((stock.s_i_id * stock.s_w_id), 10000)) = supplier.su_suppkey)","Shared Hit Blocks":1,"Shared Read Blocks":0,"Shared Dirtied Blocks":0,"Shared Written Blocks":0,"Local Hit Blocks":0,"Local Read Blocks":0,"Local Dirtied Blocks":0,"Local Written Blocks":0,"Temp Read Blocks":0,"Temp Written Blocks":0,"I/O Read Time":0.0,"I/O Write Time":0.0,"Temp I/O Read Time":0.0,"Temp I/O Write Time":0.0,"Plans":[{"Node Type":"Aggregate","Strategy":"Hashed","Partial Mode":"Simple","Parent Relationship":"Outer","Parallel Aware":false,"Async Capable":false,"Startup Cost":105042.48,"Total Cost":105044.48,"Plan Rows":200,"Plan Width":4,"Actual Startup Time":313.17,"Actual Total Time":313.175,"Actual Rows":0,"Actual Loops":1,"Output":["(mod((stock.s_i_id * stock.s_w_id), 10000))"],"Group Key":["mod((stock.s_i_id * stock.s_w_id), 10000)"],"Planned Partitions":0,"HashAgg Batches":1,"Peak Memory Usage":40,"Disk Usage":0,"Shared Hit Blocks":0,"Shared Read Blocks":0,"Shared Dirtied Blocks":0,"Shared Written Blocks":0,"Local Hit Blocks":0,"Local Read Blocks":0,"Local Dirtied Blocks":0,"Local Written Blocks":0,"Temp Read Blocks":0,"Temp Written Blocks":0,"I/O Read Time":0.0,"I/O Write Time":0.0,"Temp I/O Read Time":0.0,"Temp I/O Write Time":0.0,"Plans":[{"Node Type":"Aggregate","Strategy":"Hashed","Partial Mode":"Simple","Parent Relationship":"Outer","Parallel Aware":false,"Async Capable":false,"Startup Cost":98898.08,"Total Cost":104205.79,"Plan Rows":66935,"Plan Width":12,"Actual Startup Time":313.167,"Actual Total Time":313.172,"Actual Rows":0,"Actual Loops":1,"Output":["mod((stock.s_i_id * stock.s_w_id), 10000)","stock.s_i_id","stock.s_w_id","stock.s_quantity"],"Group Key":["stock.s_i_id","stock.s_w_id"],"Filter":"((2 * stock.s_quantity) > sum(order_line.ol_quantity))","Planned Partitions":4,"HashAgg Batches":1,"Peak Memory Usage":3601,"Disk Usage":0,"Rows Removed by Filter":5200,"Shared Hit Blocks":0,"Shared Read Blocks":0,"Shared Dirtied Blocks":0,"Shared Written Blocks":0,"Local Hit Blocks":0,"Local Read Blocks":0,"Local Dirtied Blocks":0,"Local Written Blocks":0,"Temp Read Blocks":0,"Temp Written Blocks":0,"I/O Read Time":0.0,"I/O Write Time":0.0,"Temp I/O Read Time":0.0,"Temp I/O Write Time":0.0,"Plans":[{"Node Type":"Hash Join","Parent Relationship":"Outer","Parallel Aware":false,"Async Capable":false,"Join Type":"Inner","Startup Cost":44604.24,"Total Cost":85532.07,"Plan Rows":200804,"Plan Width":10,"Actual Startup Time":119.822,"Actual Total Time":235.687,"Actual Rows":499000,"Actual Loops":1,"Output":["stock.s_i_id","stock.s_w_id","stock.s_quantity","order_line.ol_quantity"],"Hash Cond":"(order_line.ol_i_id = stock.s_i_id)","Rows Removed by Bloom Filter":46436875,"Shared Hit Blocks":0,"Shared Read Blocks":0,"Shared Dirtied Blocks":0,"Shared Written Blocks":0,"Local Hit Blocks":0,"Local Read Blocks":0,"Local Dirtied Blocks":0,"Local Written Blocks":0,"Temp Read Blocks":0,"Temp Written Blocks":0,"I/O Read Time":0.0,"I/O Write Time":0.0,"Temp I/O Read Time":0.0,"Temp I/O Write Time":0.0,"Plans":[{"Node Type":"Append","Parent Relationship":"Outer","Parallel Aware":false,"Async Capable":false,"Startup Cost":20.0,"Total Cost":193913.85,"Plan Rows":9942920,"Plan Width":6,"Actual Startup Time":21.319,"Actual Total Time":21.32,"Actual Rows":9885180,"Actual Loops":1,"Shared Hit Blocks":0,"Shared Read Blocks":0,"Shared Dirtied Blocks":0,"Shared Written Blocks":0,"Local Hit Blocks":0,"Local Read Blocks":0,"Local Dirtied Blocks":0,"Local Written Blocks":0,"Temp Read Blocks":0,"Temp Written Blocks":0,"I/O Read Time":0.0,"I/O Write Time":0.0,"Temp I/O Read Time":0.0,"Temp I/O Write Time":0.0,"Subplans Removed":0,"Plans":[{"Node Type":"Custom Scan","Parent Relationship":"Member","Custom Plan Provider":"columnar scan","Parallel Aware":false,"Async Capable":false,"Relation Name":"order_line","Schema":"public","Alias":"order_line","Startup Cost":20.0,"Total Cost":193908.91,"Plan Rows":9942910,"Plan Width":6,"Actual Startup Time":21.316,"Actual Total Time":21.317,"Actual Rows":9885180,"Actual Loops":1,"Output":["order_line.ol_quantity","order_line.ol_i_id"],"Filter":"((order_line.ol_delivery_d < '1995-04-02 20:10:02.27764'::timestamp without time zone) AND (order_line.ol_delivery_d >= '1994-01-02 20:10:02.27764'::timestamp without time zone))","Rows Removed by Filter":0,"Rows Removed by Columnar Filter":50108581,"Columnar cache search mode":"native","Shared Hit Blocks":0,"Shared Read Blocks":0,"Shared Dirtied Blocks":0,"Shared Written Blocks":0,"Local Hit Blocks":0,"Local Read Blocks":0,"Local Dirtied Blocks":0,"Local Written Blocks":0,"Temp Read Blocks":0,"Temp Written Blocks":0,"I/O Read Time":0.0,"I/O Write Time":0.0,"Temp I/O Read Time":0.0,"Temp I/O Write Time":0.0},{"Node Type":"Seq Scan","Parent Relationship":"Member","Parallel Aware":false,"Async Capable":false,"Relation Name":"order_line","Schema":"public","Alias":"order_line","Startup Cost":0.0,"Total Cost":4.95,"Plan Rows":10,"Plan Width":6,"Actual Startup Time":0.0,"Actual Total Time":0.0,"Actual Rows":0,"Actual Loops":0,"Output":["order_line.ol_quantity","order_line.ol_i_id"],"Filter":"((order_line.ol_delivery_d < '1995-04-02 20:10:02.27764'::timestamp without time zone) AND (order_line.ol_delivery_d >= '1994-01-02 20:10:02.27764'::timestamp without time zone))","Rows Removed by Filter":0,"Shared Hit Blocks":0,"Shared Read Blocks":0,"Shared Dirtied Blocks":0,"Shared Written Blocks":0,"Local Hit Blocks":0,"Local Read Blocks":0,"Local Dirtied Blocks":0,"Local Written Blocks":0,"Temp Read Blocks":0,"Temp Written Blocks":0,"I/O Read Time":0.0,"I/O Write Time":0.0,"Temp I/O Read Time":0.0,"Temp I/O Write Time":0.0}]},{"Node Type":"Hash","Parent Relationship":"Inner","Parallel Aware":false,"Async Capable":false,"Startup Cost":44594.0,"Total Cost":44594.0,"Plan Rows":2000,"Plan Width":12,"Actual Rows":5200,"Actual Loops":1,"Output":["stock.s_i_id","stock.s_w_id","stock.s_quantity","item.i_id"],"Shared Hit Blocks":0,"Shared Read Blocks":0,"Shared Dirtied Blocks":0,"Shared Written Blocks":0,"Local Hit Blocks":0,"Local Read Blocks":0,"Local Dirtied Blocks":0,"Local Written Blocks":0,"Temp Read Blocks":0,"Temp Written Blocks":0,"I/O Read Time":0.0,"I/O Write Time":0.0,"Temp I/O Read Time":0.0,"Temp I/O Write Time":0.0,"Plans":[{"Node Type":"Hash Join","Parent Relationship":"Outer","Parallel Aware":false,"Async Capable":false,"Join Type":"Inner","Startup Cost":44.04,"Total Cost":44594.0,"Plan Rows":2000,"Plan Width":12,"Actual Startup Time":87.836,"Actual Total Time":87.839,"Actual Rows":5200,"Actual Loops":1,"Output":["stock.s_i_id","stock.s_w_id","stock.s_quantity","item.i_id"],"Hash Cond":"(stock.s_i_id = item.i_id)","Rows Removed by Bloom Filter":18979400,"Shared Hit Blocks":0,"Shared Read Blocks":0,"Shared Dirtied Blocks":0,"Shared Written Blocks":0,"Local Hit Blocks":0,"Local Read Blocks":0,"Local Dirtied Blocks":0,"Local Written Blocks":0,"Temp Read Blocks":0,"Temp Written Blocks":0,"I/O Read Time":0.0,"I/O Write Time":0.0,"Temp I/O Read Time":0.0,"Temp I/O Write Time":0.0,"Plans":[{"Node Type":"Append","Parent Relationship":"Outer","Parallel Aware":false,"Async Capable":false,"Startup Cost":20.0,"Total Cost":430026.22,"Plan Rows":20000212,"Plan Width":8,"Actual Startup Time":0.397,"Actual Total Time":0.398,"Actual Rows":20000000,"Actual Loops":1,"Shared Hit Blocks":0,"Shared Read Blocks":0,"Shared Dirtied Blocks":0,"Shared Written Blocks":0,"Local Hit Blocks":0,"Local Read Blocks":0,"Local Dirtied Blocks":0,"Local Written Blocks":0,"Temp Read Blocks":0,"Temp Written Blocks":0,"I/O Read Time":0.0,"I/O Write Time":0.0,"Temp I/O Read Time":0.0,"Temp I/O Write Time":0.0,"Subplans Removed":0,"Plans":[{"Node Type":"Custom Scan","Parent Relationship":"Member","Custom Plan Provider":"columnar scan","Parallel Aware":false,"Async Capable":false,"Relation Name":"stock","Schema":"public","Alias":"stock","Startup Cost":20.0,"Total Cost":430020.1,"Plan Rows":20000000,"Plan Width":8,"Actual Startup Time":0.396,"Actual Total Time":0.396,"Actual Rows":20000000,"Actual Loops":1,"Output":["stock.s_i_id","stock.s_w_id","stock.s_quantity"],"Rows Removed by Columnar Filter":0,"Columnar cache search mode":"native","Shared Hit Blocks":0,"Shared Read Blocks":0,"Shared Dirtied Blocks":0,"Shared Written Blocks":0,"Local Hit Blocks":0,"Local Read Blocks":0,"Local Dirtied Blocks":0,"Local Written Blocks":0,"Temp Read Blocks":0,"Temp Written Blocks":0,"I/O Read Time":0.0,"I/O Write Time":0.0,"Temp I/O Read Time":0.0,"Temp I/O Write Time":0.0},{"Node Type":"Seq Scan","Parent Relationship":"Member","Parallel Aware":false,"Async Capable":false,"Relation Name":"stock","Schema":"public","Alias":"stock","Startup Cost":0.0,"Total Cost":6.12,"Plan Rows":212,"Plan Width":8,"Actual Startup Time":0.0,"Actual Total Time":0.0,"Actual Rows":0,"Actual Loops":0,"Output":["stock.s_i_id","stock.s_w_id","stock.s_quantity"],"Shared Hit Blocks":0,"Shared Read Blocks":0,"Shared Dirtied Blocks":0,"Shared Written Blocks":0,"Local Hit Blocks":0,"Local Read Blocks":0,"Local Dirtied Blocks":0,"Local Written Blocks":0,"Temp Read Blocks":0,"Temp Written Blocks":0,"I/O Read Time":0.0,"I/O Write Time":0.0,"Temp I/O Read Time":0.0,"Temp I/O Write Time":0.0}]},{"Node Type":"Hash","Parent Relationship":"Inner","Parallel Aware":false,"Async Capable":false,"Startup Cost":24.19,"Total Cost":24.19,"Plan Rows":11,"Plan Width":4,"Actual Rows":26,"Actual Loops":1,"Output":["item.i_id"],"Shared Hit Blocks":0,"Shared Read Blocks":0,"Shared Dirtied Blocks":0,"Shared Written Blocks":0,"Local Hit Blocks":0,"Local Read Blocks":0,"Local Dirtied Blocks":0,"Local Written Blocks":0,"Temp Read Blocks":0,"Temp Written Blocks":0,"I/O Read Time":0.0,"I/O Write Time":0.0,"Temp I/O Read Time":0.0,"Temp I/O Write Time":0.0,"Plans":[{"Node Type":"Append","Parent Relationship":"Outer","Parallel Aware":false,"Async Capable":false,"Startup Cost":20.0,"Total Cost":24.19,"Plan Rows":11,"Plan Width":4,"Actual Startup Time":2.078,"Actual Total Time":2.078,"Actual Rows":26,"Actual Loops":1,"Shared Hit Blocks":0,"Shared Read Blocks":0,"Shared Dirtied Blocks":0,"Shared Written Blocks":0,"Local Hit Blocks":0,"Local Read Blocks":0,"Local Dirtied Blocks":0,"Local Written Blocks":0,"Temp Read Blocks":0,"Temp Written Blocks":0,"I/O Read Time":0.0,"I/O Write Time":0.0,"Temp I/O Read Time":0.0,"Temp I/O Write Time":0.0,"Subplans Removed":0,"Plans":[{"Node Type":"Custom Scan","Parent Relationship":"Member","Custom Plan Provider":"columnar scan","Parallel Aware":false,"Async Capable":false,"Relation Name":"item","Schema":"public","Alias":"item","Startup Cost":20.0,"Total Cost":20.18,"Plan Rows":10,"Plan Width":4,"Actual Startup Time":2.077,"Actual Total Time":2.077,"Actual Rows":26,"Actual Loops":1,"Output":["item.i_id"],"Filter":"((item.i_data)::text ~~ 'co%'::text)","Rows Removed by Filter":0,"Rows Removed by Columnar Filter":99974,"Columnar cache search mode":"native","Shared Hit Blocks":0,"Shared Read Blocks":0,"Shared Dirtied Blocks":0,"Shared Written Blocks":0,"Local Hit Blocks":0,"Local Read Blocks":0,"Local Dirtied Blocks":0,"Local Written Blocks":0,"Temp Read Blocks":0,"Temp Written Blocks":0,"I/O Read Time":0.0,"I/O Write Time":0.0,"Temp I/O Read Time":0.0,"Temp I/O Write Time":0.0},{"Node Type":"Seq Scan","Parent Relationship":"Member","Parallel Aware":false,"Async Capable":false,"Relation Name":"item","Schema":"public","Alias":"item","Startup Cost":0.0,"Total Cost":4.01,"Plan Rows":1,"Plan Width":4,"Actual Startup Time":0.0,"Actual Total Time":0.0,"Actual Rows":0,"Actual Loops":0,"Output":["item.i_id"],"Filter":"((item.i_data)::text ~~ 'co%'::text)","Rows Removed by Filter":0,"Shared Hit Blocks":0,"Shared Read Blocks":0,"Shared Dirtied Blocks":0,"Shared Written Blocks":0,"Local Hit Blocks":0,"Local Read Blocks":0,"Local Dirtied Blocks":0,"Local Written Blocks":0,"Temp Read Blocks":0,"Temp Written Blocks":0,"I/O Read Time":0.0,"I/O Write Time":0.0,"Temp I/O Read Time":0.0,"Temp I/O Write Time":0.0}]}]}]}]}]}]}]},{"Node Type":"Hash","Parent Relationship":"Inner","Parallel Aware":false,"Async Capable":false,"Startup Cost":288.84,"Total Cost":288.84,"Plan Rows":161,"Plan Width":48,"Actual Startup Time":0.601,"Actual Total Time":0.604,"Actual Rows":164,"Actual Loops":1,"Output":["supplier.su_name","supplier.su_address","supplier.su_suppkey"],"Hash Buckets":1024,"Original Hash Buckets":1024,"Hash Batches":1,"Original Hash Batches":1,"Peak Memory Usage":22,"Shared Hit Blocks":1,"Shared Read Blocks":0,"Shared Dirtied Blocks":0,"Shared Written Blocks":0,"Local Hit Blocks":0,"Local Read Blocks":0,"Local Dirtied Blocks":0,"Local Written Blocks":0,"Temp Read Blocks":0,"Temp Written Blocks":0,"I/O Read Time":0.0,"I/O Write Time":0.0,"Temp I/O Read Time":0.0,"Temp I/O Write Time":0.0,"Plans":[{"Node Type":"Hash Join","Parent Relationship":"Outer","Parallel Aware":false,"Async Capable":false,"Join Type":"Inner","Startup Cost":21.79,"Total Cost":288.84,"Plan Rows":161,"Plan Width":48,"Actual Startup Time":0.438,"Actual Total Time":0.557,"Actual Rows":164,"Actual Loops":1,"Output":["supplier.su_name","supplier.su_address","supplier.su_suppkey"],"Hash Cond":"(supplier.su_nationkey = nation.n_nationkey)","Shared Hit Blocks":1,"Shared Read Blocks":0,"Shared Dirtied Blocks":0,"Shared Written Blocks":0,"Local Hit Blocks":0,"Local Read Blocks":0,"Local Dirtied Blocks":0,"Local Written Blocks":0,"Temp Read Blocks":0,"Temp Written Blocks":0,"I/O Read Time":0.0,"I/O Write Time":0.0,"Temp I/O Read Time":0.0,"Temp I/O Write Time":0.0,"Plans":[{"Node Type":"Append","Parent Relationship":"Outer","Parallel Aware":false,"Async Capable":false,"Startup Cost":20.0,"Total Cost":259.01,"Plan Rows":10001,"Plan Width":52,"Actual Startup Time":0.058,"Actual Total Time":0.145,"Actual Rows":164,"Actual Loops":1,"Shared Hit Blocks":0,"Shared Read Blocks":0,"Shared Dirtied Blocks":0,"Shared Written Blocks":0,"Local Hit Blocks":0,"Local Read Blocks":0,"Local Dirtied Blocks":0,"Local Written Blocks":0,"Temp Read Blocks":0,"Temp Written Blocks":0,"I/O Read Time":0.0,"I/O Write Time":0.0,"Temp I/O Read Time":0.0,"Temp I/O Write Time":0.0,"Subplans Removed":0,"Plans":[{"Node Type":"Custom Scan","Parent Relationship":"Member","Custom Plan Provider":"columnar scan","Parallel Aware":false,"Async Capable":false,"Relation Name":"supplier","Schema":"public","Alias":"supplier","Startup Cost":20.0,"Total Cost":255.0,"Plan Rows":10000,"Plan Width":52,"Actual Startup Time":0.057,"Actual Total Time":0.13,"Actual Rows":164,"Actual Loops":1,"Output":["supplier.su_name","supplier.su_address","supplier.su_nationkey","supplier.su_suppkey"],"Rows Removed by Columnar Filter":9836,"Rows Filtered by Bloom Filter":0,"Dictionary Rows Filtered by Bloom Filter":9836,"Columnar cache search mode":"native","Shared Hit Blocks":0,"Shared Read Blocks":0,"Shared Dirtied Blocks":0,"Shared Written Blocks":0,"Local Hit Blocks":0,"Local Read Blocks":0,"Local Dirtied Blocks":0,"Local Written Blocks":0,"Temp Read Blocks":0,"Temp Written Blocks":0,"I/O Read Time":0.0,"I/O Write Time":0.0,"Temp I/O Read Time":0.0,"Temp I/O Write Time":0.0},{"Node Type":"Seq Scan","Parent Relationship":"Member","Parallel Aware":false,"Async Capable":false,"Relation Name":"supplier","Schema":"public","Alias":"supplier","Startup Cost":0.0,"Total Cost":4.01,"Plan Rows":1,"Plan Width":52,"Actual Startup Time":0.0,"Actual Total Time":0.0,"Actual Rows":0,"Actual Loops":0,"Output":["supplier.su_name","supplier.su_address","supplier.su_nationkey","supplier.su_suppkey"],"Shared Hit Blocks":0,"Shared Read Blocks":0,"Shared Dirtied Blocks":0,"Shared Written Blocks":0,"Local Hit Blocks":0,"Local Read Blocks":0,"Local Dirtied Blocks":0,"Local Written Blocks":0,"Temp Read Blocks":0,"Temp Written Blocks":0,"I/O Read Time":0.0,"I/O Write Time":0.0,"Temp I/O Read Time":0.0,"Temp I/O Write Time":0.0}]},{"Node Type":"Hash","Parent Relationship":"Inner","Parallel Aware":false,"Async Capable":false,"Startup Cost":1.77,"Total Cost":1.77,"Plan Rows":1,"Plan Width":4,"Actual Startup Time":0.03,"Actual Total Time":0.031,"Actual Rows":1,"Actual Loops":1,"Output":["nation.n_nationkey"],"Hash Buckets":1024,"Original Hash Buckets":1024,"Hash Batches":1,"Original Hash Batches":1,"Peak Memory Usage":9,"Shared Hit Blocks":1,"Shared Read Blocks":0,"Shared Dirtied Blocks":0,"Shared Written Blocks":0,"Local Hit Blocks":0,"Local Read Blocks":0,"Local Dirtied Blocks":0,"Local Written Blocks":0,"Temp Read Blocks":0,"Temp Written Blocks":0,"I/O Read Time":0.0,"I/O Write Time":0.0,"Temp I/O Read Time":0.0,"Temp I/O Write Time":0.0,"Plans":[{"Node Type":"Seq Scan","Parent Relationship":"Outer","Parallel Aware":false,"Async Capable":false,"Relation Name":"nation","Schema":"public","Alias":"nation","Startup Cost":0.0,"Total Cost":1.77,"Plan Rows":1,"Plan Width":4,"Actual Startup Time":0.013,"Actual Total Time":0.022,"Actual Rows":1,"Actual Loops":1,"Output":["nation.n_nationkey"],"Filter":"((nation.n_name)::text = 'France'::text)","Rows Removed by Filter":61,"Shared Hit Blocks":1,"Shared Read Blocks":0,"Shared Dirtied Blocks":0,"Shared Written Blocks":0,"Local Hit Blocks":0,"Local Read Blocks":0,"Local Dirtied Blocks":0,"Local Written Blocks":0,"Temp Read Blocks":0,"Temp Written Blocks":0,"I/O Read Time":0.0,"I/O Write Time":0.0,"Temp I/O Read Time":0.0,"Temp I/O Write Time":0.0}]}]}]}]}]},"Planning":{"Shared Hit Blocks":19,"Shared Read Blocks":0,"Shared Dirtied Blocks":0,"Shared Written Blocks":0,"Local Hit Blocks":0,"Local Read Blocks":0,"Local Dirtied Blocks":0,"Local Written Blocks":0,"Temp Read Blocks":0,"Temp Written Blocks":0,"I/O Read Time":0.0,"I/O Write Time":0.0,"Temp I/O Read Time":0.0,"Temp I/O Write Time":0.0},"Planning Time":1.957,"Triggers":[],"Execution Time":315.258}]
[列存组合]: nation, order_line, stock, supplier
[{"Plan":{"Node Type":"Sort","Parallel Aware":false,"Async Capable":false,"Startup Cost":737980.02,"Total Cost":737980.22,"Plan Rows":80,"Plan Width":44,"Actual Startup Time":1616.822,"Actual Total Time":1616.847,"Actual Rows":0,"Actual Loops":1,"Output":["supplier.su_name","supplier.su_address"],"Sort Key":["supplier.su_name"],"Sort Method":"quicksort","Sort Space Used":25,"Sort Space Type":"Memory","Shared Hit Blocks":1365,"Shared Read Blocks":0,"Shared Dirtied Blocks":0,"Shared Written Blocks":0,"Local Hit Blocks":0,"Local Read Blocks":0,"Local Dirtied Blocks":0,"Local Written Blocks":0,"Temp Read Blocks":0,"Temp Written Blocks":0,"I/O Read Time":0.0,"I/O Write Time":0.0,"Temp I/O Read Time":0.0,"Temp I/O Write Time":0.0,"Plans":[{"Node Type":"Hash Join","Parent Relationship":"Outer","Parallel Aware":false,"Async Capable":false,"Join Type":"Inner","Startup Cost":737974.71,"Total Cost":737977.49,"Plan Rows":80,"Plan Width":44,"Actual Startup Time":1616.812,"Actual Total Time":1616.836,"Actual Rows":0,"Actual Loops":1,"Output":["supplier.su_name","supplier.su_address"],"Hash Cond":"((mod((stock.s_i_id * stock.s_w_id), 10000)) = supplier.su_suppkey)","Shared Hit Blocks":1365,"Shared Read Blocks":0,"Shared Dirtied Blocks":0,"Shared Written Blocks":0,"Local Hit Blocks":0,"Local Read Blocks":0,"Local Dirtied Blocks":0,"Local Written Blocks":0,"Temp Read Blocks":0,"Temp Written Blocks":0,"I/O Read Time":0.0,"I/O Write Time":0.0,"Temp I/O Read Time":0.0,"Temp I/O Write Time":0.0,"Plans":[{"Node Type":"Aggregate","Strategy":"Hashed","Partial Mode":"Simple","Parent Relationship":"Outer","Parallel Aware":false,"Async Capable":false,"Startup Cost":737887.37,"Total Cost":737889.37,"Plan Rows":200,"Plan Width":4,"Actual Startup Time":1616.124,"Actual Total Time":1616.135,"Actual Rows":0,"Actual Loops":1,"Output":["(mod((stock.s_i_id * stock.s_w_id), 10000))"],"Group Key":["mod((stock.s_i_id * stock.s_w_id), 10000)"],"Planned Partitions":0,"HashAgg Batches":1,"Peak Memory Usage":40,"Disk Usage":0,"Shared Hit Blocks":1365,"Shared Read Blocks":0,"Shared Dirtied Blocks":0,"Shared Written Blocks":0,"Local Hit Blocks":0,"Local Read Blocks":0,"Local Dirtied Blocks":0,"Local Written Blocks":0,"Temp Read Blocks":0,"Temp Written Blocks":0,"I/O Read Time":0.0,"I/O Write Time":0.0,"Temp I/O Read Time":0.0,"Temp I/O Write Time":0.0,"Plans":[{"Node Type":"Aggregate","Strategy":"Hashed","Partial Mode":"Simple","Parent Relationship":"Outer","Parallel Aware":false,"Async Capable":false,"Startup Cost":731742.97,"Total Cost":737050.68,"Plan Rows":66935,"Plan Width":12,"Actual Startup Time":1616.115,"Actual Total Time":1616.126,"Actual Rows":0,"Actual Loops":1,"Output":["mod((stock.s_i_id * stock.s_w_id), 10000)","stock.s_i_id","stock.s_w_id","stock.s_quantity"],"Group Key":["stock.s_i_id","stock.s_w_id"],"Filter":"((2 * stock.s_quantity) > sum(order_line.ol_quantity))","Planned Partitions":4,"HashAgg Batches":1,"Peak Memory Usage":3601,"Disk Usage":0,"Rows Removed by Filter":5200,"Shared Hit Blocks":1365,"Shared Read Blocks":0,"Shared Dirtied Blocks":0,"Shared Written Blocks":0,"Local Hit Blocks":0,"Local Read Blocks":0,"Local Dirtied Blocks":0,"Local Written Blocks":0,"Temp Read Blocks":0,"Temp Written Blocks":0,"I/O Read Time":0.0,"I/O Write Time":0.0,"Temp I/O Read Time":0.0,"Temp I/O Write Time":0.0,"Plans":[{"Node Type":"Hash Join","Parent Relationship":"Outer","Parallel Aware":false,"Async Capable":false,"Join Type":"Inner","Startup Cost":485189.13,"Total Cost":718376.95,"Plan Rows":200804,"Plan Width":10,"Actual Startup Time":609.335,"Actual Total Time":1543.84,"Actual Rows":499000,"Actual Loops":1,"Output":["stock.s_i_id","stock.s_w_id","stock.s_quantity","order_line.ol_quantity"],"Hash Cond":"(order_line.ol_i_id = stock.s_i_id)","Shared Hit Blocks":1365,"Shared Read Blocks":0,"Shared Dirtied Blocks":0,"Shared Written Blocks":0,"Local Hit Blocks":0,"Local Read Blocks":0,"Local Dirtied Blocks":0,"Local Written Blocks":0,"Temp Read Blocks":0,"Temp Written Blocks":0,"I/O Read Time":0.0,"I/O Write Time":0.0,"Temp I/O Read Time":0.0,"Temp I/O Write Time":0.0,"Plans":[{"Node Type":"Append","Parent Relationship":"Outer","Parallel Aware":false,"Async Capable":false,"Startup Cost":20.0,"Total Cost":193913.85,"Plan Rows":9942920,"Plan Width":6,"Actual Startup Time":6.316,"Actual Total Time":887.073,"Actual Rows":2495,"Actual Loops":1,"Shared Hit Blocks":0,"Shared Read Blocks":0,"Shared Dirtied Blocks":0,"Shared Written Blocks":0,"Local Hit Blocks":0,"Local Read Blocks":0,"Local Dirtied Blocks":0,"Local Written Blocks":0,"Temp Read Blocks":0,"Temp Written Blocks":0,"I/O Read Time":0.0,"I/O Write Time":0.0,"Temp I/O Read Time":0.0,"Temp I/O Write Time":0.0,"Subplans Removed":0,"Plans":[{"Node Type":"Custom Scan","Parent Relationship":"Member","Custom Plan Provider":"columnar scan","Parallel Aware":false,"Async Capable":false,"Relation Name":"order_line","Schema":"public","Alias":"order_line","Startup Cost":20.0,"Total Cost":193908.91,"Plan Rows":9942910,"Plan Width":6,"Actual Startup Time":6.315,"Actual Total Time":886.834,"Actual Rows":2495,"Actual Loops":1,"Output":["order_line.ol_quantity","order_line.ol_i_id"],"Filter":"((order_line.ol_delivery_d < '1995-04-02 20:10:02.27764'::timestamp without time zone) AND (order_line.ol_delivery_d >= '1994-01-02 20:10:02.27764'::timestamp without time zone))","Rows Removed by Filter":0,"Rows Removed by Columnar Filter":59991266,"Rows Filtered by Bloom Filter":0,"Dictionary Rows Filtered by Bloom Filter":59978198,"Columnar cache search mode":"native","Shared Hit Blocks":0,"Shared Read Blocks":0,"Shared Dirtied Blocks":0,"Shared Written Blocks":0,"Local Hit Blocks":0,"Local Read Blocks":0,"Local Dirtied Blocks":0,"Local Written Blocks":0,"Temp Read Blocks":0,"Temp Written Blocks":0,"I/O Read Time":0.0,"I/O Write Time":0.0,"Temp I/O Read Time":0.0,"Temp I/O Write Time":0.0},{"Node Type":"Seq Scan","Parent Relationship":"Member","Parallel Aware":false,"Async Capable":false,"Relation Name":"order_line","Schema":"public","Alias":"order_line","Startup Cost":0.0,"Total Cost":4.95,"Plan Rows":10,"Plan Width":6,"Actual Startup Time":0.0,"Actual Total Time":0.0,"Actual Rows":0,"Actual Loops":0,"Output":["order_line.ol_quantity","order_line.ol_i_id"],"Filter":"((order_line.ol_delivery_d < '1995-04-02 20:10:02.27764'::timestamp without time zone) AND (order_line.ol_delivery_d >= '1994-01-02 20:10:02.27764'::timestamp without time zone))","Rows Removed by Filter":0,"Shared Hit Blocks":0,"Shared Read Blocks":0,"Shared Dirtied Blocks":0,"Shared Written Blocks":0,"Local Hit Blocks":0,"Local Read Blocks":0,"Local Dirtied Blocks":0,"Local Written Blocks":0,"Temp Read Blocks":0,"Temp Written Blocks":0,"I/O Read Time":0.0,"I/O Write Time":0.0,"Temp I/O Read Time":0.0,"Temp I/O Write Time":0.0}]},{"Node Type":"Hash","Parent Relationship":"Inner","Parallel Aware":false,"Async Capable":false,"Startup Cost":485144.13,"Total Cost":485144.13,"Plan Rows":2000,"Plan Width":12,"Actual Startup Time":602.635,"Actual Total Time":602.643,"Actual Rows":5200,"Actual Loops":1,"Output":["stock.s_i_id","stock.s_w_id","stock.s_quantity","item.i_id"],"Hash Buckets":8192,"Original Hash Buckets":2048,"Hash Batches":1,"Original Hash Batches":1,"Peak Memory Usage":288,"Shared Hit Blocks":1365,"Shared Read Blocks":0,"Shared Dirtied Blocks":0,"Shared Written Blocks":0,"Local Hit Blocks":0,"Local Read Blocks":0,"Local Dirtied Blocks":0,"Local Written Blocks":0,"Temp Read Blocks":0,"Temp Written Blocks":0,"I/O Read Time":0.0,"I/O Write Time":0.0,"Temp I/O Read Time":0.0,"Temp I/O Write Time":0.0,"Plans":[{"Node Type":"Hash Join","Parent Relationship":"Outer","Parallel Aware":false,"Async Capable":false,"Join Type":"Inner","Startup Cost":2635.12,"Total Cost":485144.13,"Plan Rows":2000,"Plan Width":12,"Actual Startup Time":10.603,"Actual Total Time":601.363,"Actual Rows":5200,"Actual Loops":1,"Output":["stock.s_i_id","stock.s_w_id","stock.s_quantity","item.i_id"],"Hash Cond":"(stock.s_i_id = item.i_id)","Shared Hit Blocks":1365,"Shared Read Blocks":0,"Shared Dirtied Blocks":0,"Shared Written Blocks":0,"Local Hit Blocks":0,"Local Read Blocks":0,"Local Dirtied Blocks":0,"Local Written Blocks":0,"Temp Read Blocks":0,"Temp Written Blocks":0,"I/O Read Time":0.0,"I/O Write Time":0.0,"Temp I/O Read Time":0.0,"Temp I/O Write Time":0.0,"Plans":[{"Node Type":"Append","Parent Relationship":"Outer","Parallel Aware":false,"Async Capable":false,"Startup Cost":20.0,"Total Cost":430026.22,"Plan Rows":20000212,"Plan Width":8,"Actual Startup Time":1.635,"Actual Total Time":591.143,"Actual Rows":5200,"Actual Loops":1,"Shared Hit Blocks":0,"Shared Read Blocks":0,"Shared Dirtied Blocks":0,"Shared Written Blocks":0,"Local Hit Blocks":0,"Local Read Blocks":0,"Local Dirtied Blocks":0,"Local Written Blocks":0,"Temp Read Blocks":0,"Temp Written Blocks":0,"I/O Read Time":0.0,"I/O Write Time":0.0,"Temp I/O Read Time":0.0,"Temp I/O Write Time":0.0,"Subplans Removed":0,"Plans":[{"Node Type":"Custom Scan","Parent Relationship":"Member","Custom Plan Provider":"columnar scan","Parallel Aware":false,"Async Capable":false,"Relation Name":"stock","Schema":"public","Alias":"stock","Startup Cost":20.0,"Total Cost":430020.1,"Plan Rows":20000000,"Plan Width":8,"Actual Startup Time":1.634,"Actual Total Time":590.74,"Actual Rows":5200,"Actual Loops":1,"Output":["stock.s_i_id","stock.s_w_id","stock.s_quantity"],"Rows Removed by Columnar Filter":19994800,"Rows Filtered by Bloom Filter":0,"Dictionary Rows Filtered by Bloom Filter":19994800,"Columnar cache search mode":"native","Shared Hit Blocks":0,"Shared Read Blocks":0,"Shared Dirtied Blocks":0,"Shared Written Blocks":0,"Local Hit Blocks":0,"Local Read Blocks":0,"Local Dirtied Blocks":0,"Local Written Blocks":0,"Temp Read Blocks":0,"Temp Written Blocks":0,"I/O Read Time":0.0,"I/O Write Time":0.0,"Temp I/O Read Time":0.0,"Temp I/O Write Time":0.0},{"Node Type":"Seq Scan","Parent Relationship":"Member","Parallel Aware":false,"Async Capable":false,"Relation Name":"stock","Schema":"public","Alias":"stock","Startup Cost":0.0,"Total Cost":6.12,"Plan Rows":212,"Plan Width":8,"Actual Startup Time":0.0,"Actual Total Time":0.0,"Actual Rows":0,"Actual Loops":0,"Output":["stock.s_i_id","stock.s_w_id","stock.s_quantity"],"Shared Hit Blocks":0,"Shared Read Blocks":0,"Shared Dirtied Blocks":0,"Shared Written Blocks":0,"Local Hit Blocks":0,"Local Read Blocks":0,"Local Dirtied Blocks":0,"Local Written Blocks":0,"Temp Read Blocks":0,"Temp Written Blocks":0,"I/O Read Time":0.0,"I/O Write Time":0.0,"Temp I/O Read Time":0.0,"Temp I/O Write Time":0.0}]},{"Node Type":"Hash","Parent Relationship":"Inner","Parallel Aware":false,"Async Capable":false,"Startup Cost":2615.0,"Total Cost":2615.0,"Plan Rows":10,"Plan Width":4,"Actual Startup Time":8.608,"Actual Total Time":8.61,"Actual Rows":26,"Actual Loops":1,"Output":["item.i_id"],"Hash Buckets":1024,"Original Hash Buckets":1024,"Hash Batches":1,"Original Hash Batches":1,"Peak Memory Usage":9,"Shared Hit Blocks":1365,"Shared Read Blocks":0,"Shared Dirtied Blocks":0,"Shared Written Blocks":0,"Local Hit Blocks":0,"Local Read Blocks":0,"Local Dirtied Blocks":0,"Local Written Blocks":0,"Temp Read Blocks":0,"Temp Written Blocks":0,"I/O Read Time":0.0,"I/O Write Time":0.0,"Temp I/O Read Time":0.0,"Temp I/O Write Time":0.0,"Plans":[{"Node Type":"Seq Scan","Parent Relationship":"Outer","Parallel Aware":false,"Async Capable":false,"Relation Name":"item","Schema":"public","Alias":"item","Startup Cost":0.0,"Total Cost":2615.0,"Plan Rows":10,"Plan Width":4,"Actual Startup Time":0.085,"Actual Total Time":8.593,"Actual Rows":26,"Actual Loops":1,"Output":["item.i_id"],"Filter":"((item.i_data)::text ~~ 'co%'::text)","Rows Removed by Filter":99974,"Shared Hit Blocks":1365,"Shared Read Blocks":0,"Shared Dirtied Blocks":0,"Shared Written Blocks":0,"Local Hit Blocks":0,"Local Read Blocks":0,"Local Dirtied Blocks":0,"Local Written Blocks":0,"Temp Read Blocks":0,"Temp Written Blocks":0,"I/O Read Time":0.0,"I/O Write Time":0.0,"Temp I/O Read Time":0.0,"Temp I/O Write Time":0.0}]}]}]}]}]}]},{"Node Type":"Hash","Parent Relationship":"Inner","Parallel Aware":false,"Async Capable":false,"Startup Cost":85.33,"Total Cost":85.33,"Plan Rows":161,"Plan Width":48,"Actual Startup Time":0.679,"Actual Total Time":0.69,"Actual Rows":164,"Actual Loops":1,"Output":["supplier.su_name","supplier.su_address","supplier.su_suppkey"],"Hash Buckets":1024,"Original Hash Buckets":1024,"Hash Batches":1,"Original Hash Batches":1,"Peak Memory Usage":22,"Shared Hit Blocks":0,"Shared Read Blocks":0,"Shared Dirtied Blocks":0,"Shared Written Blocks":0,"Local Hit Blocks":0,"Local Read Blocks":0,"Local Dirtied Blocks":0,"Local Written Blocks":0,"Temp Read Blocks":0,"Temp Written Blocks":0,"I/O Read Time":0.0,"I/O Write Time":0.0,"Temp I/O Read Time":0.0,"Temp I/O Write Time":0.0,"Plans":[{"Node Type":"Hash Join","Parent Relationship":"Outer","Parallel Aware":false,"Async Capable":false,"Join Type":"Inner","Startup Cost":44.02,"Total Cost":85.33,"Plan Rows":161,"Plan Width":48,"Actual Startup Time":0.61,"Actual Total Time":0.635,"Actual Rows":164,"Actual Loops":1,"Output":["supplier.su_name","supplier.su_address","supplier.su_suppkey"],"Hash Cond":"(supplier.su_nationkey = nation.n_nationkey)","Rows Removed by Bloom Filter":9685,"Shared Hit Blocks":0,"Shared Read Blocks":0,"Shared Dirtied Blocks":0,"Shared Written Blocks":0,"Local Hit Blocks":0,"Local Read Blocks":0,"Local Dirtied Blocks":0,"Local Written Blocks":0,"Temp Read Blocks":0,"Temp Written Blocks":0,"I/O Read Time":0.0,"I/O Write Time":0.0,"Temp I/O Read Time":0.0,"Temp I/O Write Time":0.0,"Plans":[{"Node Type":"Append","Parent Relationship":"Outer","Parallel Aware":false,"Async Capable":false,"Startup Cost":20.0,"Total Cost":259.01,"Plan Rows":10001,"Plan Width":52,"Actual Startup Time":0.005,"Actual Total Time":0.008,"Actual Rows":10000,"Actual Loops":1,"Shared Hit Blocks":0,"Shared Read Blocks":0,"Shared Dirtied Blocks":0,"Shared Written Blocks":0,"Local Hit Blocks":0,"Local Read Blocks":0,"Local Dirtied Blocks":0,"Local Written Blocks":0,"Temp Read Blocks":0,"Temp Written Blocks":0,"I/O Read Time":0.0,"I/O Write Time":0.0,"Temp I/O Read Time":0.0,"Temp I/O Write Time":0.0,"Subplans Removed":0,"Plans":[{"Node Type":"Custom Scan","Parent Relationship":"Member","Custom Plan Provider":"columnar scan","Parallel Aware":false,"Async Capable":false,"Relation Name":"supplier","Schema":"public","Alias":"supplier","Startup Cost":20.0,"Total Cost":255.0,"Plan Rows":10000,"Plan Width":52,"Actual Startup Time":0.005,"Actual Total Time":0.005,"Actual Rows":10000,"Actual Loops":1,"Output":["supplier.su_name","supplier.su_address","supplier.su_nationkey","supplier.su_suppkey"],"Rows Removed by Columnar Filter":0,"Columnar cache search mode":"native","Shared Hit Blocks":0,"Shared Read Blocks":0,"Shared Dirtied Blocks":0,"Shared Written Blocks":0,"Local Hit Blocks":0,"Local Read Blocks":0,"Local Dirtied Blocks":0,"Local Written Blocks":0,"Temp Read Blocks":0,"Temp Written Blocks":0,"I/O Read Time":0.0,"I/O Write Time":0.0,"Temp I/O Read Time":0.0,"Temp I/O Write Time":0.0},{"Node Type":"Seq Scan","Parent Relationship":"Member","Parallel Aware":false,"Async Capable":false,"Relation Name":"supplier","Schema":"public","Alias":"supplier","Startup Cost":0.0,"Total Cost":4.01,"Plan Rows":1,"Plan Width":52,"Actual Startup Time":0.0,"Actual Total Time":0.0,"Actual Rows":0,"Actual Loops":0,"Output":["supplier.su_name","supplier.su_address","supplier.su_nationkey","supplier.su_suppkey"],"Shared Hit Blocks":0,"Shared Read Blocks":0,"Shared Dirtied Blocks":0,"Shared Written Blocks":0,"Local Hit Blocks":0,"Local Read Blocks":0,"Local Dirtied Blocks":0,"Local Written Blocks":0,"Temp Read Blocks":0,"Temp Written Blocks":0,"I/O Read Time":0.0,"I/O Write Time":0.0,"Temp I/O Read Time":0.0,"Temp I/O Write Time":0.0}]},{"Node Type":"Hash","Parent Relationship":"Inner","Parallel Aware":false,"Async Capable":false,"Startup Cost":24.04,"Total Cost":24.04,"Plan Rows":2,"Plan Width":4,"Actual Rows":1,"Actual Loops":1,"Output":["nation.n_nationkey"],"Shared Hit Blocks":0,"Shared Read Blocks":0,"Shared Dirtied Blocks":0,"Shared Written Blocks":0,"Local Hit Blocks":0,"Local Read Blocks":0,"Local Dirtied Blocks":0,"Local Written Blocks":0,"Temp Read Blocks":0,"Temp Written Blocks":0,"I/O Read Time":0.0,"I/O Write Time":0.0,"Temp I/O Read Time":0.0,"Temp I/O Write Time":0.0,"Plans":[{"Node Type":"Append","Parent Relationship":"Outer","Parallel Aware":false,"Async Capable":false,"Startup Cost":20.0,"Total Cost":24.04,"Plan Rows":2,"Plan Width":4,"Actual Startup Time":0.03,"Actual Total Time":0.034,"Actual Rows":1,"Actual Loops":1,"Shared Hit Blocks":0,"Shared Read Blocks":0,"Shared Dirtied Blocks":0,"Shared Written Blocks":0,"Local Hit Blocks":0,"Local Read Blocks":0,"Local Dirtied Blocks":0,"Local Written Blocks":0,"Temp Read Blocks":0,"Temp Written Blocks":0,"I/O Read Time":0.0,"I/O Write Time":0.0,"Temp I/O Read Time":0.0,"Temp I/O Write Time":0.0,"Subplans Removed":0,"Plans":[{"Node Type":"Custom Scan","Parent Relationship":"Member","Custom Plan Provider":"columnar scan","Parallel Aware":false,"Async Capable":false,"Relation Name":"nation","Schema":"public","Alias":"nation","Startup Cost":20.0,"Total Cost":20.02,"Plan Rows":1,"Plan Width":4,"Actual Startup Time":0.029,"Actual Total Time":0.029,"Actual Rows":1,"Actual Loops":1,"Output":["nation.n_nationkey"],"Filter":"((nation.n_name)::text = 'France'::text)","Rows Removed by Filter":0,"Rows Removed by Columnar Filter":61,"Columnar cache search mode":"native","Shared Hit Blocks":0,"Shared Read Blocks":0,"Shared Dirtied Blocks":0,"Shared Written Blocks":0,"Local Hit Blocks":0,"Local Read Blocks":0,"Local Dirtied Blocks":0,"Local Written Blocks":0,"Temp Read Blocks":0,"Temp Written Blocks":0,"I/O Read Time":0.0,"I/O Write Time":0.0,"Temp I/O Read Time":0.0,"Temp I/O Write Time":0.0},{"Node Type":"Seq Scan","Parent Relationship":"Member","Parallel Aware":false,"Async Capable":false,"Relation Name":"nation","Schema":"public","Alias":"nation","Startup Cost":0.0,"Total Cost":4.01,"Plan Rows":1,"Plan Width":4,"Actual Startup Time":0.0,"Actual Total Time":0.0,"Actual Rows":0,"Actual Loops":0,"Output":["nation.n_nationkey"],"Filter":"((nation.n_name)::text = 'France'::text)","Rows Removed by Filter":0,"Shared Hit Blocks":0,"Shared Read Blocks":0,"Shared Dirtied Blocks":0,"Shared Written Blocks":0,"Local Hit Blocks":0,"Local Read Blocks":0,"Local Dirtied Blocks":0,"Local Written Blocks":0,"Temp Read Blocks":0,"Temp Written Blocks":0,"I/O Read Time":0.0,"I/O Write Time":0.0,"Temp I/O Read Time":0.0,"Temp I/O Write Time":0.0}]}]}]}]}]}]},"Planning":{"Shared Hit Blocks":19,"Shared Read Blocks":0,"Shared Dirtied Blocks":0,"Shared Written Blocks":0,"Local Hit Blocks":0,"Local Read Blocks":0,"Local Dirtied Blocks":0,"Local Written Blocks":0,"Temp Read Blocks":0,"Temp Written Blocks":0,"I/O Read Time":0.0,"I/O Write Time":0.0,"Temp I/O Read Time":0.0,"Temp I/O Write Time":0.0},"Planning Time":1.888,"Triggers":[],"Execution Time":1618.204}]
[列存组合]: item, nation, order_line, stock, supplier
[{"Plan":{"Node Type":"Sort","Parallel Aware":false,"Async Capable":false,"Startup Cost":105135.13,"Total Cost":105135.33,"Plan Rows":80,"Plan Width":44,"Actual Startup Time":434.421,"Actual Total Time":434.434,"Actual Rows":0,"Actual Loops":1,"Output":["supplier.su_name","supplier.su_address"],"Sort Key":["supplier.su_name"],"Sort Method":"quicksort","Sort Space Used":25,"Sort Space Type":"Memory","Shared Hit Blocks":0,"Shared Read Blocks":0,"Shared Dirtied Blocks":0,"Shared Written Blocks":0,"Local Hit Blocks":0,"Local Read Blocks":0,"Local Dirtied Blocks":0,"Local Written Blocks":0,"Temp Read Blocks":0,"Temp Written Blocks":0,"I/O Read Time":0.0,"I/O Write Time":0.0,"Temp I/O Read Time":0.0,"Temp I/O Write Time":0.0,"Plans":[{"Node Type":"Hash Join","Parent Relationship":"Outer","Parallel Aware":false,"Async Capable":false,"Join Type":"Inner","Startup Cost":105129.82,"Total Cost":105132.6,"Plan Rows":80,"Plan Width":44,"Actual Startup Time":434.411,"Actual Total Time":434.423,"Actual Rows":0,"Actual Loops":1,"Output":["supplier.su_name","supplier.su_address"],"Hash Cond":"((mod((stock.s_i_id * stock.s_w_id), 10000)) = supplier.su_suppkey)","Shared Hit Blocks":0,"Shared Read Blocks":0,"Shared Dirtied Blocks":0,"Shared Written Blocks":0,"Local Hit Blocks":0,"Local Read Blocks":0,"Local Dirtied Blocks":0,"Local Written Blocks":0,"Temp Read Blocks":0,"Temp Written Blocks":0,"I/O Read Time":0.0,"I/O Write Time":0.0,"Temp I/O Read Time":0.0,"Temp I/O Write Time":0.0,"Plans":[{"Node Type":"Aggregate","Strategy":"Hashed","Partial Mode":"Simple","Parent Relationship":"Outer","Parallel Aware":false,"Async Capable":false,"Startup Cost":105042.48,"Total Cost":105044.48,"Plan Rows":200,"Plan Width":4,"Actual Startup Time":433.726,"Actual Total Time":433.733,"Actual Rows":0,"Actual Loops":1,"Output":["(mod((stock.s_i_id * stock.s_w_id), 10000))"],"Group Key":["mod((stock.s_i_id * stock.s_w_id), 10000)"],"Planned Partitions":0,"HashAgg Batches":1,"Peak Memory Usage":40,"Disk Usage":0,"Shared Hit Blocks":0,"Shared Read Blocks":0,"Shared Dirtied Blocks":0,"Shared Written Blocks":0,"Local Hit Blocks":0,"Local Read Blocks":0,"Local Dirtied Blocks":0,"Local Written Blocks":0,"Temp Read Blocks":0,"Temp Written Blocks":0,"I/O Read Time":0.0,"I/O Write Time":0.0,"Temp I/O Read Time":0.0,"Temp I/O Write Time":0.0,"Plans":[{"Node Type":"Aggregate","Strategy":"Hashed","Partial Mode":"Simple","Parent Relationship":"Outer","Parallel Aware":false,"Async Capable":false,"Startup Cost":98898.08,"Total Cost":104205.79,"Plan Rows":66935,"Plan Width":12,"Actual Startup Time":433.723,"Actual Total Time":433.73,"Actual Rows":0,"Actual Loops":1,"Output":["mod((stock.s_i_id * stock.s_w_id), 10000)","stock.s_i_id","stock.s_w_id","stock.s_quantity"],"Group Key":["stock.s_i_id","stock.s_w_id"],"Filter":"((2 * stock.s_quantity) > sum(order_line.ol_quantity))","Planned Partitions":4,"HashAgg Batches":1,"Peak Memory Usage":3601,"Disk Usage":0,"Rows Removed by Filter":5200,"Shared Hit Blocks":0,"Shared Read Blocks":0,"Shared Dirtied Blocks":0,"Shared Written Blocks":0,"Local Hit Blocks":0,"Local Read Blocks":0,"Local Dirtied Blocks":0,"Local Written Blocks":0,"Temp Read Blocks":0,"Temp Written Blocks":0,"I/O Read Time":0.0,"I/O Write Time":0.0,"Temp I/O Read Time":0.0,"Temp I/O Write Time":0.0,"Plans":[{"Node Type":"Hash Join","Parent Relationship":"Outer","Parallel Aware":false,"Async Capable":false,"Join Type":"Inner","Startup Cost":44604.24,"Total Cost":85532.07,"Plan Rows":200804,"Plan Width":10,"Actual Startup Time":204.119,"Actual Total Time":351.71,"Actual Rows":499000,"Actual Loops":1,"Output":["stock.s_i_id","stock.s_w_id","stock.s_quantity","order_line.ol_quantity"],"Hash Cond":"(order_line.ol_i_id = stock.s_i_id)","Rows Removed by Bloom Filter":46436875,"Shared Hit Blocks":0,"Shared Read Blocks":0,"Shared Dirtied Blocks":0,"Shared Written Blocks":0,"Local Hit Blocks":0,"Local Read Blocks":0,"Local Dirtied Blocks":0,"Local Written Blocks":0,"Temp Read Blocks":0,"Temp Written Blocks":0,"I/O Read Time":0.0,"I/O Write Time":0.0,"Temp I/O Read Time":0.0,"Temp I/O Write Time":0.0,"Plans":[{"Node Type":"Append","Parent Relationship":"Outer","Parallel Aware":false,"Async Capable":false,"Startup Cost":20.0,"Total Cost":193913.85,"Plan Rows":9942920,"Plan Width":6,"Actual Startup Time":31.316,"Actual Total Time":31.319,"Actual Rows":9885180,"Actual Loops":1,"Shared Hit Blocks":0,"Shared Read Blocks":0,"Shared Dirtied Blocks":0,"Shared Written Blocks":0,"Local Hit Blocks":0,"Local Read Blocks":0,"Local Dirtied Blocks":0,"Local Written Blocks":0,"Temp Read Blocks":0,"Temp Written Blocks":0,"I/O Read Time":0.0,"I/O Write Time":0.0,"Temp I/O Read Time":0.0,"Temp I/O Write Time":0.0,"Subplans Removed":0,"Plans":[{"Node Type":"Custom Scan","Parent Relationship":"Member","Custom Plan Provider":"columnar scan","Parallel Aware":false,"Async Capable":false,"Relation Name":"order_line","Schema":"public","Alias":"order_line","Startup Cost":20.0,"Total Cost":193908.91,"Plan Rows":9942910,"Plan Width":6,"Actual Startup Time":31.311,"Actual Total Time":31.312,"Actual Rows":9885180,"Actual Loops":1,"Output":["order_line.ol_quantity","order_line.ol_i_id"],"Filter":"((order_line.ol_delivery_d < '1995-04-02 20:10:02.27764'::timestamp without time zone) AND (order_line.ol_delivery_d >= '1994-01-02 20:10:02.27764'::timestamp without time zone))","Rows Removed by Filter":0,"Rows Removed by Columnar Filter":50108581,"Columnar cache search mode":"native","Shared Hit Blocks":0,"Shared Read Blocks":0,"Shared Dirtied Blocks":0,"Shared Written Blocks":0,"Local Hit Blocks":0,"Local Read Blocks":0,"Local Dirtied Blocks":0,"Local Written Blocks":0,"Temp Read Blocks":0,"Temp Written Blocks":0,"I/O Read Time":0.0,"I/O Write Time":0.0,"Temp I/O Read Time":0.0,"Temp I/O Write Time":0.0},{"Node Type":"Seq Scan","Parent Relationship":"Member","Parallel Aware":false,"Async Capable":false,"Relation Name":"order_line","Schema":"public","Alias":"order_line","Startup Cost":0.0,"Total Cost":4.95,"Plan Rows":10,"Plan Width":6,"Actual Startup Time":0.0,"Actual Total Time":0.0,"Actual Rows":0,"Actual Loops":0,"Output":["order_line.ol_quantity","order_line.ol_i_id"],"Filter":"((order_line.ol_delivery_d < '1995-04-02 20:10:02.27764'::timestamp without time zone) AND (order_line.ol_delivery_d >= '1994-01-02 20:10:02.27764'::timestamp without time zone))","Rows Removed by Filter":0,"Shared Hit Blocks":0,"Shared Read Blocks":0,"Shared Dirtied Blocks":0,"Shared Written Blocks":0,"Local Hit Blocks":0,"Local Read Blocks":0,"Local Dirtied Blocks":0,"Local Written Blocks":0,"Temp Read Blocks":0,"Temp Written Blocks":0,"I/O Read Time":0.0,"I/O Write Time":0.0,"Temp I/O Read Time":0.0,"Temp I/O Write Time":0.0}]},{"Node Type":"Hash","Parent Relationship":"Inner","Parallel Aware":false,"Async Capable":false,"Startup Cost":44594.0,"Total Cost":44594.0,"Plan Rows":2000,"Plan Width":12,"Actual Rows":5200,"Actual Loops":1,"Output":["stock.s_i_id","stock.s_w_id","stock.s_quantity","item.i_id"],"Shared Hit Blocks":0,"Shared Read Blocks":0,"Shared Dirtied Blocks":0,"Shared Written Blocks":0,"Local Hit Blocks":0,"Local Read Blocks":0,"Local Dirtied Blocks":0,"Local Written Blocks":0,"Temp Read Blocks":0,"Temp Written Blocks":0,"I/O Read Time":0.0,"I/O Write Time":0.0,"Temp I/O Read Time":0.0,"Temp I/O Write Time":0.0,"Plans":[{"Node Type":"Hash Join","Parent Relationship":"Outer","Parallel Aware":false,"Async Capable":false,"Join Type":"Inner","Startup Cost":44.04,"Total Cost":44594.0,"Plan Rows":2000,"Plan Width":12,"Actual Startup Time":155.568,"Actual Total Time":155.571,"Actual Rows":5200,"Actual Loops":1,"Output":["stock.s_i_id","stock.s_w_id","stock.s_quantity","item.i_id"],"Hash Cond":"(stock.s_i_id = item.i_id)","Rows Removed by Bloom Filter":18979400,"Shared Hit Blocks":0,"Shared Read Blocks":0,"Shared Dirtied Blocks":0,"Shared Written Blocks":0,"Local Hit Blocks":0,"Local Read Blocks":0,"Local Dirtied Blocks":0,"Local Written Blocks":0,"Temp Read Blocks":0,"Temp Written Blocks":0,"I/O Read Time":0.0,"I/O Write Time":0.0,"Temp I/O Read Time":0.0,"Temp I/O Write Time":0.0,"Plans":[{"Node Type":"Append","Parent Relationship":"Outer","Parallel Aware":false,"Async Capable":false,"Startup Cost":20.0,"Total Cost":430026.22,"Plan Rows":20000212,"Plan Width":8,"Actual Startup Time":0.387,"Actual Total Time":0.388,"Actual Rows":20000000,"Actual Loops":1,"Shared Hit Blocks":0,"Shared Read Blocks":0,"Shared Dirtied Blocks":0,"Shared Written Blocks":0,"Local Hit Blocks":0,"Local Read Blocks":0,"Local Dirtied Blocks":0,"Local Written Blocks":0,"Temp Read Blocks":0,"Temp Written Blocks":0,"I/O Read Time":0.0,"I/O Write Time":0.0,"Temp I/O Read Time":0.0,"Temp I/O Write Time":0.0,"Subplans Removed":0,"Plans":[{"Node Type":"Custom Scan","Parent Relationship":"Member","Custom Plan Provider":"columnar scan","Parallel Aware":false,"Async Capable":false,"Relation Name":"stock","Schema":"public","Alias":"stock","Startup Cost":20.0,"Total Cost":430020.1,"Plan Rows":20000000,"Plan Width":8,"Actual Startup Time":0.387,"Actual Total Time":0.387,"Actual Rows":20000000,"Actual Loops":1,"Output":["stock.s_i_id","stock.s_w_id","stock.s_quantity"],"Rows Removed by Columnar Filter":0,"Columnar cache search mode":"native","Shared Hit Blocks":0,"Shared Read Blocks":0,"Shared Dirtied Blocks":0,"Shared Written Blocks":0,"Local Hit Blocks":0,"Local Read Blocks":0,"Local Dirtied Blocks":0,"Local Written Blocks":0,"Temp Read Blocks":0,"Temp Written Blocks":0,"I/O Read Time":0.0,"I/O Write Time":0.0,"Temp I/O Read Time":0.0,"Temp I/O Write Time":0.0},{"Node Type":"Seq Scan","Parent Relationship":"Member","Parallel Aware":false,"Async Capable":false,"Relation Name":"stock","Schema":"public","Alias":"stock","Startup Cost":0.0,"Total Cost":6.12,"Plan Rows":212,"Plan Width":8,"Actual Startup Time":0.0,"Actual Total Time":0.0,"Actual Rows":0,"Actual Loops":0,"Output":["stock.s_i_id","stock.s_w_id","stock.s_quantity"],"Shared Hit Blocks":0,"Shared Read Blocks":0,"Shared Dirtied Blocks":0,"Shared Written Blocks":0,"Local Hit Blocks":0,"Local Read Blocks":0,"Local Dirtied Blocks":0,"Local Written Blocks":0,"Temp Read Blocks":0,"Temp Written Blocks":0,"I/O Read Time":0.0,"I/O Write Time":0.0,"Temp I/O Read Time":0.0,"Temp I/O Write Time":0.0}]},{"Node Type":"Hash","Parent Relationship":"Inner","Parallel Aware":false,"Async Capable":false,"Startup Cost":24.19,"Total Cost":24.19,"Plan Rows":11,"Plan Width":4,"Actual Rows":26,"Actual Loops":1,"Output":["item.i_id"],"Shared Hit Blocks":0,"Shared Read Blocks":0,"Shared Dirtied Blocks":0,"Shared Written Blocks":0,"Local Hit Blocks":0,"Local Read Blocks":0,"Local Dirtied Blocks":0,"Local Written Blocks":0,"Temp Read Blocks":0,"Temp Written Blocks":0,"I/O Read Time":0.0,"I/O Write Time":0.0,"Temp I/O Read Time":0.0,"Temp I/O Write Time":0.0,"Plans":[{"Node Type":"Append","Parent Relationship":"Outer","Parallel Aware":false,"Async Capable":false,"Startup Cost":20.0,"Total Cost":24.19,"Plan Rows":11,"Plan Width":4,"Actual Startup Time":2.04,"Actual Total Time":2.041,"Actual Rows":26,"Actual Loops":1,"Shared Hit Blocks":0,"Shared Read Blocks":0,"Shared Dirtied Blocks":0,"Shared Written Blocks":0,"Local Hit Blocks":0,"Local Read Blocks":0,"Local Dirtied Blocks":0,"Local Written Blocks":0,"Temp Read Blocks":0,"Temp Written Blocks":0,"I/O Read Time":0.0,"I/O Write Time":0.0,"Temp I/O Read Time":0.0,"Temp I/O Write Time":0.0,"Subplans Removed":0,"Plans":[{"Node Type":"Custom Scan","Parent Relationship":"Member","Custom Plan Provider":"columnar scan","Parallel Aware":false,"Async Capable":false,"Relation Name":"item","Schema":"public","Alias":"item","Startup Cost":20.0,"Total Cost":20.18,"Plan Rows":10,"Plan Width":4,"Actual Startup Time":2.04,"Actual Total Time":2.04,"Actual Rows":26,"Actual Loops":1,"Output":["item.i_id"],"Filter":"((item.i_data)::text ~~ 'co%'::text)","Rows Removed by Filter":0,"Rows Removed by Columnar Filter":99974,"Columnar cache search mode":"native","Shared Hit Blocks":0,"Shared Read Blocks":0,"Shared Dirtied Blocks":0,"Shared Written Blocks":0,"Local Hit Blocks":0,"Local Read Blocks":0,"Local Dirtied Blocks":0,"Local Written Blocks":0,"Temp Read Blocks":0,"Temp Written Blocks":0,"I/O Read Time":0.0,"I/O Write Time":0.0,"Temp I/O Read Time":0.0,"Temp I/O Write Time":0.0},{"Node Type":"Seq Scan","Parent Relationship":"Member","Parallel Aware":false,"Async Capable":false,"Relation Name":"item","Schema":"public","Alias":"item","Startup Cost":0.0,"Total Cost":4.01,"Plan Rows":1,"Plan Width":4,"Actual Startup Time":0.0,"Actual Total Time":0.0,"Actual Rows":0,"Actual Loops":0,"Output":["item.i_id"],"Filter":"((item.i_data)::text ~~ 'co%'::text)","Rows Removed by Filter":0,"Shared Hit Blocks":0,"Shared Read Blocks":0,"Shared Dirtied Blocks":0,"Shared Written Blocks":0,"Local Hit Blocks":0,"Local Read Blocks":0,"Local Dirtied Blocks":0,"Local Written Blocks":0,"Temp Read Blocks":0,"Temp Written Blocks":0,"I/O Read Time":0.0,"I/O Write Time":0.0,"Temp I/O Read Time":0.0,"Temp I/O Write Time":0.0}]}]}]}]}]}]}]},{"Node Type":"Hash","Parent Relationship":"Inner","Parallel Aware":false,"Async Capable":false,"Startup Cost":85.33,"Total Cost":85.33,"Plan Rows":161,"Plan Width":48,"Actual Startup Time":0.676,"Actual Total Time":0.679,"Actual Rows":164,"Actual Loops":1,"Output":["supplier.su_name","supplier.su_address","supplier.su_suppkey"],"Hash Buckets":1024,"Original Hash Buckets":1024,"Hash Batches":1,"Original Hash Batches":1,"Peak Memory Usage":22,"Shared Hit Blocks":0,"Shared Read Blocks":0,"Shared Dirtied Blocks":0,"Shared Written Blocks":0,"Local Hit Blocks":0,"Local Read Blocks":0,"Local Dirtied Blocks":0,"Local Written Blocks":0,"Temp Read Blocks":0,"Temp Written Blocks":0,"I/O Read Time":0.0,"I/O Write Time":0.0,"Temp I/O Read Time":0.0,"Temp I/O Write Time":0.0,"Plans":[{"Node Type":"Hash Join","Parent Relationship":"Outer","Parallel Aware":false,"Async Capable":false,"Join Type":"Inner","Startup Cost":44.02,"Total Cost":85.33,"Plan Rows":161,"Plan Width":48,"Actual Startup Time":0.606,"Actual Total Time":0.624,"Actual Rows":164,"Actual Loops":1,"Output":["supplier.su_name","supplier.su_address","supplier.su_suppkey"],"Hash Cond":"(supplier.su_nationkey = nation.n_nationkey)","Rows Removed by Bloom Filter":9685,"Shared Hit Blocks":0,"Shared Read Blocks":0,"Shared Dirtied Blocks":0,"Shared Written Blocks":0,"Local Hit Blocks":0,"Local Read Blocks":0,"Local Dirtied Blocks":0,"Local Written Blocks":0,"Temp Read Blocks":0,"Temp Written Blocks":0,"I/O Read Time":0.0,"I/O Write Time":0.0,"Temp I/O Read Time":0.0,"Temp I/O Write Time":0.0,"Plans":[{"Node Type":"Append","Parent Relationship":"Outer","Parallel Aware":false,"Async Capable":false,"Startup Cost":20.0,"Total Cost":259.01,"Plan Rows":10001,"Plan Width":52,"Actual Startup Time":0.005,"Actual Total Time":0.006,"Actual Rows":10000,"Actual Loops":1,"Shared Hit Blocks":0,"Shared Read Blocks":0,"Shared Dirtied Blocks":0,"Shared Written Blocks":0,"Local Hit Blocks":0,"Local Read Blocks":0,"Local Dirtied Blocks":0,"Local Written Blocks":0,"Temp Read Blocks":0,"Temp Written Blocks":0,"I/O Read Time":0.0,"I/O Write Time":0.0,"Temp I/O Read Time":0.0,"Temp I/O Write Time":0.0,"Subplans Removed":0,"Plans":[{"Node Type":"Custom Scan","Parent Relationship":"Member","Custom Plan Provider":"columnar scan","Parallel Aware":false,"Async Capable":false,"Relation Name":"supplier","Schema":"public","Alias":"supplier","Startup Cost":20.0,"Total Cost":255.0,"Plan Rows":10000,"Plan Width":52,"Actual Startup Time":0.005,"Actual Total Time":0.005,"Actual Rows":10000,"Actual Loops":1,"Output":["supplier.su_name","supplier.su_address","supplier.su_nationkey","supplier.su_suppkey"],"Rows Removed by Columnar Filter":0,"Columnar cache search mode":"native","Shared Hit Blocks":0,"Shared Read Blocks":0,"Shared Dirtied Blocks":0,"Shared Written Blocks":0,"Local Hit Blocks":0,"Local Read Blocks":0,"Local Dirtied Blocks":0,"Local Written Blocks":0,"Temp Read Blocks":0,"Temp Written Blocks":0,"I/O Read Time":0.0,"I/O Write Time":0.0,"Temp I/O Read Time":0.0,"Temp I/O Write Time":0.0},{"Node Type":"Seq Scan","Parent Relationship":"Member","Parallel Aware":false,"Async Capable":false,"Relation Name":"supplier","Schema":"public","Alias":"supplier","Startup Cost":0.0,"Total Cost":4.01,"Plan Rows":1,"Plan Width":52,"Actual Startup Time":0.0,"Actual Total Time":0.0,"Actual Rows":0,"Actual Loops":0,"Output":["supplier.su_name","supplier.su_address","supplier.su_nationkey","supplier.su_suppkey"],"Shared Hit Blocks":0,"Shared Read Blocks":0,"Shared Dirtied Blocks":0,"Shared Written Blocks":0,"Local Hit Blocks":0,"Local Read Blocks":0,"Local Dirtied Blocks":0,"Local Written Blocks":0,"Temp Read Blocks":0,"Temp Written Blocks":0,"I/O Read Time":0.0,"I/O Write Time":0.0,"Temp I/O Read Time":0.0,"Temp I/O Write Time":0.0}]},{"Node Type":"Hash","Parent Relationship":"Inner","Parallel Aware":false,"Async Capable":false,"Startup Cost":24.04,"Total Cost":24.04,"Plan Rows":2,"Plan Width":4,"Actual Rows":1,"Actual Loops":1,"Output":["nation.n_nationkey"],"Shared Hit Blocks":0,"Shared Read Blocks":0,"Shared Dirtied Blocks":0,"Shared Written Blocks":0,"Local Hit Blocks":0,"Local Read Blocks":0,"Local Dirtied Blocks":0,"Local Written Blocks":0,"Temp Read Blocks":0,"Temp Written Blocks":0,"I/O Read Time":0.0,"I/O Write Time":0.0,"Temp I/O Read Time":0.0,"Temp I/O Write Time":0.0,"Plans":[{"Node Type":"Append","Parent Relationship":"Outer","Parallel Aware":false,"Async Capable":false,"Startup Cost":20.0,"Total Cost":24.04,"Plan Rows":2,"Plan Width":4,"Actual Startup Time":0.032,"Actual Total Time":0.033,"Actual Rows":1,"Actual Loops":1,"Shared Hit Blocks":0,"Shared Read Blocks":0,"Shared Dirtied Blocks":0,"Shared Written Blocks":0,"Local Hit Blocks":0,"Local Read Blocks":0,"Local Dirtied Blocks":0,"Local Written Blocks":0,"Temp Read Blocks":0,"Temp Written Blocks":0,"I/O Read Time":0.0,"I/O Write Time":0.0,"Temp I/O Read Time":0.0,"Temp I/O Write Time":0.0,"Subplans Removed":0,"Plans":[{"Node Type":"Custom Scan","Parent Relationship":"Member","Custom Plan Provider":"columnar scan","Parallel Aware":false,"Async Capable":false,"Relation Name":"nation","Schema":"public","Alias":"nation","Startup Cost":20.0,"Total Cost":20.02,"Plan Rows":1,"Plan Width":4,"Actual Startup Time":0.031,"Actual Total Time":0.031,"Actual Rows":1,"Actual Loops":1,"Output":["nation.n_nationkey"],"Filter":"((nation.n_name)::text = 'France'::text)","Rows Removed by Filter":0,"Rows Removed by Columnar Filter":61,"Columnar cache search mode":"native","Shared Hit Blocks":0,"Shared Read Blocks":0,"Shared Dirtied Blocks":0,"Shared Written Blocks":0,"Local Hit Blocks":0,"Local Read Blocks":0,"Local Dirtied Blocks":0,"Local Written Blocks":0,"Temp Read Blocks":0,"Temp Written Blocks":0,"I/O Read Time":0.0,"I/O Write Time":0.0,"Temp I/O Read Time":0.0,"Temp I/O Write Time":0.0},{"Node Type":"Seq Scan","Parent Relationship":"Member","Parallel Aware":false,"Async Capable":false,"Relation Name":"nation","Schema":"public","Alias":"nation","Startup Cost":0.0,"Total Cost":4.01,"Plan Rows":1,"Plan Width":4,"Actual Startup Time":0.0,"Actual Total Time":0.0,"Actual Rows":0,"Actual Loops":0,"Output":["nation.n_nationkey"],"Filter":"((nation.n_name)::text = 'France'::text)","Rows Removed by Filter":0,"Shared Hit Blocks":0,"Shared Read Blocks":0,"Shared Dirtied Blocks":0,"Shared Written Blocks":0,"Local Hit Blocks":0,"Local Read Blocks":0,"Local Dirtied Blocks":0,"Local Written Blocks":0,"Temp Read Blocks":0,"Temp Written Blocks":0,"I/O Read Time":0.0,"I/O Write Time":0.0,"Temp I/O Read Time":0.0,"Temp I/O Write Time":0.0}]}]}]}]}]}]},"Planning":{"Shared Hit Blocks":19,"Shared Read Blocks":0,"Shared Dirtied Blocks":0,"Shared Written Blocks":0,"Local Hit Blocks":0,"Local Read Blocks":0,"Local Dirtied Blocks":0,"Local Written Blocks":0,"Temp Read Blocks":0,"Temp Written Blocks":0,"I/O Read Time":0.0,"I/O Write Time":0.0,"Temp I/O Read Time":0.0,"Temp I/O Write Time":0.0},"Planning Time":1.979,"Triggers":[],"Execution Time":436.037}]
