[列存组合]: 无列存
[{"Plan":{"Node Type":"Sort","Parallel Aware":false,"Async Capable":false,"Startup Cost":9534513.11,"Total Cost":9534538.11,"Plan Rows":10000,"Plan Width":27,"Actual Startup Time":39509.153,"Actual Total Time":39509.181,"Actual Rows":156,"Actual Loops":1,"Output":["supplier.su_name","(count(*))"],"Sort Key":["(count(*)) DESC","supplier.su_name"],"Sort Method":"quicksort","Sort Space Used":35,"Sort Space Type":"Memory","Shared Hit Blocks":3371783,"Shared Read Blocks":176151,"Shared Dirtied Blocks":0,"Shared Written Blocks":0,"Local Hit Blocks":0,"Local Read Blocks":0,"Local Dirtied Blocks":0,"Local Written Blocks":0,"Temp Read Blocks":208358,"Temp Written Blocks":208369,"I/O Read Time":8763.643,"I/O Write Time":0.0,"Temp I/O Read Time":320.927,"Temp I/O Write Time":870.266,"Plans":[{"Node Type":"Aggregate","Strategy":"Sorted","Partial Mode":"Simple","Parent Relationship":"Outer","Parallel Aware":false,"Async Capable":false,"Startup Cost":9532611.27,"Total Cost":9533848.73,"Plan Rows":10000,"Plan Width":27,"Actual Startup Time":39405.679,"Actual Total Time":39509.109,"Actual Rows":156,"Actual Loops":1,"Output":["supplier.su_name","count(*)"],"Group Key":["supplier.su_name"],"Shared Hit Blocks":3371783,"Shared Read Blocks":176151,"Shared Dirtied Blocks":0,"Shared Written Blocks":0,"Local Hit Blocks":0,"Local Read Blocks":0,"Local Dirtied Blocks":0,"Local Written Blocks":0,"Temp Read Blocks":208358,"Temp Written Blocks":208369,"I/O Read Time":8763.643,"I/O Write Time":0.0,"Temp I/O Read Time":320.927,"Temp I/O Write Time":870.266,"Plans":[{"Node Type":"Sort","Parent Relationship":"Outer","Parallel Aware":false,"Async Capable":false,"Startup Cost":9532611.27,"Total Cost":9532990.42,"Plan Rows":151661,"Plan Width":19,"Actual Startup Time":39405.332,"Actual Total Time":39460.473,"Actual Rows":535880,"Actual Loops":1,"Output":["supplier.su_name"],"Sort Key":["supplier.su_name"],"Sort Method":"external merge","Sort Space Used":15280,"Sort Space Type":"Disk","Shared Hit Blocks":3371783,"Shared Read Blocks":176151,"Shared Dirtied Blocks":0,"Shared Written Blocks":0,"Local Hit Blocks":0,"Local Read Blocks":0,"Local Dirtied Blocks":0,"Local Written Blocks":0,"Temp Read Blocks":208358,"Temp Written Blocks":208369,"I/O Read Time":8763.643,"I/O Write Time":0.0,"Temp I/O Read Time":320.927,"Temp I/O Write Time":870.266,"Plans":[{"Node Type":"Nested Loop","Parent Relationship":"Outer","Parallel Aware":false,"Async Capable":false,"Join Type":"Anti","Startup Cost":899661.66,"Total Cost":9516448.97,"Plan Rows":151661,"Plan Width":19,"Actual Startup Time":8653.999,"Actual Total Time":39088.395,"Actual Rows":535880,"Actual Loops":1,"Output":["supplier.su_name"],"Inner Unique":false,"Shared Hit Blocks":3371783,"Shared Read Blocks":176151,"Shared Dirtied Blocks":0,"Shared Written Blocks":0,"Local Hit Blocks":0,"Local Read Blocks":0,"Local Dirtied Blocks":0,"Local Written Blocks":0,"Temp Read Blocks":206448,"Temp Written Blocks":206448,"I/O Read Time":8763.643,"I/O Write Time":0.0,"Temp I/O Read Time":318.253,"Temp I/O Write Time":862.511,"Plans":[{"Node Type":"Hash Join","Parent Relationship":"Outer","Parallel Aware":false,"Async Capable":false,"Join Type":"Inner","Startup Cost":899661.1,"Total Cost":3411028.87,"Plan Rows":227491,"Plan Width":39,"Actual Startup Time":8653.659,"Actual Total Time":26253.114,"Actual Rows":535880,"Actual Loops":1,"Output":["supplier.su_name","l1.ol_o_id","l1.ol_w_id","l1.ol_d_id","l1.ol_delivery_d"],"Inner Unique":true,"Hash Cond":"((l1.ol_o_id = orders.o_id) AND (l1.ol_w_id = orders.o_w_id) AND (l1.ol_d_id = orders.o_d_id))","Join Filter":"(l1.ol_delivery_d > orders.o_entry_d)","Rows Removed by Join Filter":0,"Shared Hit Blocks":780761,"Shared Read Blocks":0,"Shared Dirtied Blocks":0,"Shared Written Blocks":0,"Local Hit Blocks":0,"Local Read Blocks":0,"Local Dirtied Blocks":0,"Local Written Blocks":0,"Temp Read Blocks":206448,"Temp Written Blocks":206448,"I/O Read Time":0.0,"I/O Write Time":0.0,"Temp I/O Read Time":318.253,"Temp I/O Write Time":862.511,"Plans":[{"Node Type":"Hash Join","Parent Relationship":"Outer","Parallel Aware":false,"Async Capable":false,"Join Type":"Inner","Startup Cost":640468.83,"Total Cost":3099319.86,"Plan Rows":682888,"Plan Width":41,"Actual Startup Time":6904.355,"Actual Total Time":23682.441,"Actual Rows":536421,"Actual Loops":1,"Output":["supplier.su_name","stock.s_w_id","l1.ol_o_id","l1.ol_w_id","l1.ol_d_id","l1.ol_delivery_d"],"Inner Unique":false,"Hash Cond":"((l1.ol_w_id = stock.s_w_id) AND (l1.ol_i_id = stock.s_i_id))","Shared Hit Blocks":736639,"Shared Read Blocks":0,"Shared Dirtied Blocks":0,"Shared Written Blocks":0,"Local Hit Blocks":0,"Local Read Blocks":0,"Local Dirtied Blocks":0,"Local Written Blocks":0,"Temp Read Blocks":170308,"Temp Written Blocks":170308,"I/O Read Time":0.0,"I/O Write Time":0.0,"Temp I/O Read Time":260.527,"Temp I/O Write Time":687.574,"Plans":[{"Node Type":"Seq Scan","Parent Relationship":"Outer","Parallel Aware":false,"Async Capable":false,"Relation Name":"order_line","Schema":"public","Alias":"l1","Startup Cost":0.0,"Total Cost":1431670.8,"Plan Rows":42039468,"Plan Width":24,"Actual Startup Time":0.02,"Actual Total Time":6830.844,"Actual Rows":42000489,"Actual Loops":1,"Output":["l1.ol_o_id","l1.ol_w_id","l1.ol_d_id","l1.ol_i_id","l1.ol_delivery_d"],"Filter":"(l1.ol_delivery_d >= '1992-01-02 20:10:02.27764'::timestamp without time zone)","Rows Removed by Filter":17993272,"Shared Hit Blocks":681748,"Shared Read Blocks":0,"Shared Dirtied Blocks":0,"Shared Written Blocks":0,"Local Hit Blocks":0,"Local Read Blocks":0,"Local Dirtied Blocks":0,"Local Written Blocks":0,"Temp Read Blocks":0,"Temp Written Blocks":0,"I/O Read Time":0.0,"I/O Write Time":0.0,"Temp I/O Read Time":0.0,"Temp I/O Write Time":0.0},{"Node Type":"Hash","Parent Relationship":"Inner","Parallel Aware":false,"Async Capable":false,"Startup Cost":633424.07,"Total Cost":633424.07,"Plan Rows":322584,"Plan Width":25,"Actual Startup Time":6903.622,"Actual Total Time":6903.634,"Actual Rows":255450,"Actual Loops":1,"Output":["supplier.su_name","stock.s_w_id","stock.s_i_id"],"Hash Buckets":131072,"Original Hash Buckets":131072,"Hash Batches":4,"Original Hash Batches":4,"Peak Memory Usage":4756,"Shared Hit Blocks":54891,"Shared Read Blocks":0,"Shared Dirtied Blocks":0,"Shared Written Blocks":0,"Local Hit Blocks":0,"Local Read Blocks":0,"Local Dirtied Blocks":0,"Local Written Blocks":0,"Temp Read Blocks":0,"Temp Written Blocks":1122,"I/O Read Time":0.0,"I/O Write Time":0.0,"Temp I/O Read Time":0.0,"Temp I/O Write Time":7.054,"Plans":[{"Node Type":"Hash Join","Parent Relationship":"Outer","Parallel Aware":false,"Async Capable":false,"Join Type":"Inner","Startup Cost":444.22,"Total Cost":633424.07,"Plan Rows":322584,"Plan Width":25,"Actual Startup Time":3.022,"Actual Total Time":6850.598,"Actual Rows":255450,"Actual Loops":1,"Output":["supplier.su_name","stock.s_w_id","stock.s_i_id"],"Inner Unique":true,"Hash Cond":"(supplier.su_nationkey = nation.n_nationkey)","Shared Hit Blocks":54891,"Shared Read Blocks":0,"Shared Dirtied Blocks":0,"Shared Written Blocks":0,"Local Hit Blocks":0,"Local Read Blocks":0,"Local Dirtied Blocks":0,"Local Written Blocks":0,"Temp Read Blocks":0,"Temp Written Blocks":0,"I/O Read Time":0.0,"I/O Write Time":0.0,"Temp I/O Read Time":0.0,"Temp I/O Write Time":0.0,"Plans":[{"Node Type":"Hash Join","Parent Relationship":"Outer","Parallel Aware":false,"Async Capable":false,"Join Type":"Inner","Startup Cost":442.44,"Total Cost":577332.98,"Plan Rows":20000212,"Plan Width":29,"Actual Startup Time":2.971,"Actual Total Time":5536.935,"Actual Rows":20000000,"Actual Loops":1,"Output":["supplier.su_name","supplier.su_nationkey","stock.s_w_id","stock.s_i_id"],"Inner Unique":true,"Hash Cond":"(mod((stock.s_w_id * stock.s_i_id), 10000) = supplier.su_suppkey)","Shared Hit Blocks":54890,"Shared Read Blocks":0,"Shared Dirtied Blocks":0,"Shared Written Blocks":0,"Local Hit Blocks":0,"Local Read Blocks":0,"Local Dirtied Blocks":0,"Local Written Blocks":0,"Temp Read Blocks":0,"Temp Written Blocks":0,"I/O Read Time":0.0,"I/O Write Time":0.0,"Temp I/O Read Time":0.0,"Temp I/O Write Time":0.0,"Plans":[{"Node Type":"Index Only Scan","Parent Relationship":"Outer","Parallel Aware":false,"Async Capable":false,"Scan Direction":"Forward","Index Name":"stock_pk","Relation Name":"stock","Schema":"public","Alias":"stock","Startup Cost":0.44,"Total Cost":519363.62,"Plan Rows":20000212,"Plan Width":6,"Actual Startup Time":0.03,"Actual Total Time":1537.69,"Actual Rows":20000000,"Actual Loops":1,"Output":["stock.s_w_id","stock.s_i_id"],"Heap Fetches":0,"Shared Hit Blocks":54673,"Shared Read Blocks":0,"Shared Dirtied Blocks":0,"Shared Written Blocks":0,"Local Hit Blocks":0,"Local Read Blocks":0,"Local Dirtied Blocks":0,"Local Written Blocks":0,"Temp Read Blocks":0,"Temp Written Blocks":0,"I/O Read Time":0.0,"I/O Write Time":0.0,"Temp I/O Read Time":0.0,"Temp I/O Write Time":0.0},{"Node Type":"Hash","Parent Relationship":"Inner","Parallel Aware":false,"Async Capable":false,"Startup Cost":317.0,"Total Cost":317.0,"Plan Rows":10000,"Plan Width":27,"Actual Startup Time":2.853,"Actual Total Time":2.855,"Actual Rows":10000,"Actual Loops":1,"Output":["supplier.su_name","supplier.su_suppkey","supplier.su_nationkey"],"Hash Buckets":16384,"Original Hash Buckets":16384,"Hash Batches":1,"Original Hash Batches":1,"Peak Memory Usage":714,"Shared Hit Blocks":217,"Shared Read Blocks":0,"Shared Dirtied Blocks":0,"Shared Written Blocks":0,"Local Hit Blocks":0,"Local Read Blocks":0,"Local Dirtied Blocks":0,"Local Written Blocks":0,"Temp Read Blocks":0,"Temp Written Blocks":0,"I/O Read Time":0.0,"I/O Write Time":0.0,"Temp I/O Read Time":0.0,"Temp I/O Write Time":0.0,"Plans":[{"Node Type":"Seq Scan","Parent Relationship":"Outer","Parallel Aware":false,"Async Capable":false,"Relation Name":"supplier","Schema":"public","Alias":"supplier","Startup Cost":0.0,"Total Cost":317.0,"Plan Rows":10000,"Plan Width":27,"Actual Startup Time":0.009,"Actual Total Time":1.317,"Actual Rows":10000,"Actual Loops":1,"Output":["supplier.su_name","supplier.su_suppkey","supplier.su_nationkey"],"Shared Hit Blocks":217,"Shared Read Blocks":0,"Shared Dirtied Blocks":0,"Shared Written Blocks":0,"Local Hit Blocks":0,"Local Read Blocks":0,"Local Dirtied Blocks":0,"Local Written Blocks":0,"Temp Read Blocks":0,"Temp Written Blocks":0,"I/O Read Time":0.0,"I/O Write Time":0.0,"Temp I/O Read Time":0.0,"Temp I/O Write Time":0.0}]}]},{"Node Type":"Hash","Parent Relationship":"Inner","Parallel Aware":false,"Async Capable":false,"Startup Cost":1.77,"Total Cost":1.77,"Plan Rows":1,"Plan Width":4,"Actual Startup Time":0.027,"Actual Total Time":0.03,"Actual Rows":1,"Actual Loops":1,"Output":["nation.n_nationkey"],"Hash Buckets":1024,"Original Hash Buckets":1024,"Hash Batches":1,"Original Hash Batches":1,"Peak Memory Usage":9,"Shared Hit Blocks":1,"Shared Read Blocks":0,"Shared Dirtied Blocks":0,"Shared Written Blocks":0,"Local Hit Blocks":0,"Local Read Blocks":0,"Local Dirtied Blocks":0,"Local Written Blocks":0,"Temp Read Blocks":0,"Temp Written Blocks":0,"I/O Read Time":0.0,"I/O Write Time":0.0,"Temp I/O Read Time":0.0,"Temp I/O Write Time":0.0,"Plans":[{"Node Type":"Seq Scan","Parent Relationship":"Outer","Parallel Aware":false,"Async Capable":false,"Relation Name":"nation","Schema":"public","Alias":"nation","Startup Cost":0.0,"Total Cost":1.77,"Plan Rows":1,"Plan Width":4,"Actual Startup Time":0.015,"Actual Total Time":0.019,"Actual Rows":1,"Actual Loops":1,"Output":["nation.n_nationkey"],"Filter":"((nation.n_name)::text = 'Cambodia'::text)","Rows Removed by Filter":61,"Shared Hit Blocks":1,"Shared Read Blocks":0,"Shared Dirtied Blocks":0,"Shared Written Blocks":0,"Local Hit Blocks":0,"Local Read Blocks":0,"Local Dirtied Blocks":0,"Local Written Blocks":0,"Temp Read Blocks":0,"Temp Written Blocks":0,"I/O Read Time":0.0,"I/O Write Time":0.0,"Temp I/O Read Time":0.0,"Temp I/O Write Time":0.0}]}]}]}]},{"Node Type":"Hash","Parent Relationship":"Inner","Parallel Aware":false,"Async Capable":false,"Startup Cost":119121.6,"Total Cost":119121.6,"Plan Rows":5996324,"Plan Width":20,"Actual Startup Time":1747.759,"Actual Total Time":1747.762,"Actual Rows":5995789,"Actual Loops":1,"Output":["orders.o_id","orders.o_w_id","orders.o_d_id","orders.o_entry_d"],"Hash Buckets":131072,"Original Hash Buckets":131072,"Hash Batches":64,"Original Hash Batches":64,"Peak Memory Usage":6157,"Shared Hit Blocks":44122,"Shared Read Blocks":0,"Shared Dirtied Blocks":0,"Shared Written Blocks":0,"Local Hit Blocks":0,"Local Read Blocks":0,"Local Dirtied Blocks":0,"Local Written Blocks":0,"Temp Read Blocks":0,"Temp Written Blocks":31667,"I/O Read Time":0.0,"I/O Write Time":0.0,"Temp I/O Read Time":0.0,"Temp I/O Write Time":142.696,"Plans":[{"Node Type":"Seq Scan","Parent Relationship":"Outer","Parallel Aware":false,"Async Capable":false,"Relation Name":"orders","Schema":"public","Alias":"orders","Startup Cost":0.0,"Total Cost":119121.6,"Plan Rows":5996324,"Plan Width":20,"Actual Startup Time":0.015,"Actual Total Time":713.04,"Actual Rows":5995789,"Actual Loops":1,"Output":["orders.o_id","orders.o_w_id","orders.o_d_id","orders.o_entry_d"],"Filter":"(orders.o_entry_d >= '1992-01-02 20:10:02.27764'::timestamp without time zone)","Rows Removed by Filter":4211,"Shared Hit Blocks":44122,"Shared Read Blocks":0,"Shared Dirtied Blocks":0,"Shared Written Blocks":0,"Local Hit Blocks":0,"Local Read Blocks":0,"Local Dirtied Blocks":0,"Local Written Blocks":0,"Temp Read Blocks":0,"Temp Written Blocks":0,"I/O Read Time":0.0,"I/O Write Time":0.0,"Temp I/O Read Time":0.0,"Temp I/O Write Time":0.0}]}]},{"Node Type":"Index Scan","Parent Relationship":"Inner","Parallel Aware":false,"Async Capable":false,"Scan Direction":"Forward","Index Name":"order_line_pk","Relation Name":"order_line","Schema":"public","Alias":"l2","Startup Cost":0.56,"Total Cost":35.72,"Plan Rows":2,"Plan Width":20,"Actual Startup Time":0.024,"Actual Total Time":0.024,"Actual Rows":0,"Actual Loops":535880,"Output":["l2.ol_o_id","l2.ol_d_id","l2.ol_w_id","l2.ol_number","l2.ol_i_id","l2.ol_supply_w_id","l2.ol_delivery_d","l2.ol_quantity","l2.ol_amount","l2.ol_dist_info"],"Index Cond":"((l2.ol_w_id = l1.ol_w_id) AND (l2.ol_d_id = l1.ol_d_id) AND (l2.ol_o_id = l1.ol_o_id))","Rows Removed by Index Recheck":0,"Filter":"((l2.ol_delivery_d >= '1992-01-02 20:10:02.27764'::timestamp without time zone) AND (l2.ol_delivery_d > l1.ol_delivery_d))","Rows Removed by Filter":11,"Shared Hit Blocks":2591022,"Shared Read Blocks":176151,"Shared Dirtied Blocks":0,"Shared Written Blocks":0,"Local Hit Blocks":0,"Local Read Blocks":0,"Local Dirtied Blocks":0,"Local Written Blocks":0,"Temp Read Blocks":0,"Temp Written Blocks":0,"I/O Read Time":8763.643,"I/O Write Time":0.0,"Temp I/O Read Time":0.0,"Temp I/O Write Time":0.0}]}]}]}]},"Planning":{"Shared Hit Blocks":128,"Shared Read Blocks":0,"Shared Dirtied Blocks":0,"Shared Written Blocks":0,"Local Hit Blocks":0,"Local Read Blocks":0,"Local Dirtied Blocks":0,"Local Written Blocks":0,"Temp Read Blocks":0,"Temp Written Blocks":0,"I/O Read Time":0.0,"I/O Write Time":0.0,"Temp I/O Read Time":0.0,"Temp I/O Write Time":0.0},"Planning Time":1.341,"Triggers":[],"Execution Time":39514.358}]
[列存组合]: nation
[{"Plan":{"Node Type":"Sort","Parallel Aware":false,"Async Capable":false,"Startup Cost":9534513.11,"Total Cost":9534538.11,"Plan Rows":10000,"Plan Width":27,"Actual Startup Time":30155.063,"Actual Total Time":30155.087,"Actual Rows":156,"Actual Loops":1,"Output":["supplier.su_name","(count(*))"],"Sort Key":["(count(*)) DESC","supplier.su_name"],"Sort Method":"quicksort","Sort Space Used":35,"Sort Space Type":"Memory","Shared Hit Blocks":3547934,"Shared Read Blocks":0,"Shared Dirtied Blocks":0,"Shared Written Blocks":0,"Local Hit Blocks":0,"Local Read Blocks":0,"Local Dirtied Blocks":0,"Local Written Blocks":0,"Temp Read Blocks":208358,"Temp Written Blocks":208369,"I/O Read Time":0.0,"I/O Write Time":0.0,"Temp I/O Read Time":305.476,"Temp I/O Write Time":840.017,"Plans":[{"Node Type":"Aggregate","Strategy":"Sorted","Partial Mode":"Simple","Parent Relationship":"Outer","Parallel Aware":false,"Async Capable":false,"Startup Cost":9532611.27,"Total Cost":9533848.73,"Plan Rows":10000,"Plan Width":27,"Actual Startup Time":30052.182,"Actual Total Time":30155.028,"Actual Rows":156,"Actual Loops":1,"Output":["supplier.su_name","count(*)"],"Group Key":["supplier.su_name"],"Shared Hit Blocks":3547934,"Shared Read Blocks":0,"Shared Dirtied Blocks":0,"Shared Written Blocks":0,"Local Hit Blocks":0,"Local Read Blocks":0,"Local Dirtied Blocks":0,"Local Written Blocks":0,"Temp Read Blocks":208358,"Temp Written Blocks":208369,"I/O Read Time":0.0,"I/O Write Time":0.0,"Temp I/O Read Time":305.476,"Temp I/O Write Time":840.017,"Plans":[{"Node Type":"Sort","Parent Relationship":"Outer","Parallel Aware":false,"Async Capable":false,"Startup Cost":9532611.27,"Total Cost":9532990.42,"Plan Rows":151661,"Plan Width":19,"Actual Startup Time":30051.835,"Actual Total Time":30106.454,"Actual Rows":535880,"Actual Loops":1,"Output":["supplier.su_name"],"Sort Key":["supplier.su_name"],"Sort Method":"external merge","Sort Space Used":15280,"Sort Space Type":"Disk","Shared Hit Blocks":3547934,"Shared Read Blocks":0,"Shared Dirtied Blocks":0,"Shared Written Blocks":0,"Local Hit Blocks":0,"Local Read Blocks":0,"Local Dirtied Blocks":0,"Local Written Blocks":0,"Temp Read Blocks":208358,"Temp Written Blocks":208369,"I/O Read Time":0.0,"I/O Write Time":0.0,"Temp I/O Read Time":305.476,"Temp I/O Write Time":840.017,"Plans":[{"Node Type":"Nested Loop","Parent Relationship":"Outer","Parallel Aware":false,"Async Capable":false,"Join Type":"Anti","Startup Cost":899661.66,"Total Cost":9516448.97,"Plan Rows":151661,"Plan Width":19,"Actual Startup Time":8633.304,"Actual Total Time":29758.412,"Actual Rows":535880,"Actual Loops":1,"Output":["supplier.su_name"],"Inner Unique":false,"Shared Hit Blocks":3547934,"Shared Read Blocks":0,"Shared Dirtied Blocks":0,"Shared Written Blocks":0,"Local Hit Blocks":0,"Local Read Blocks":0,"Local Dirtied Blocks":0,"Local Written Blocks":0,"Temp Read Blocks":206448,"Temp Written Blocks":206448,"I/O Read Time":0.0,"I/O Write Time":0.0,"Temp I/O Read Time":302.691,"Temp I/O Write Time":832.543,"Plans":[{"Node Type":"Hash Join","Parent Relationship":"Outer","Parallel Aware":false,"Async Capable":false,"Join Type":"Inner","Startup Cost":899661.1,"Total Cost":3411028.87,"Plan Rows":227491,"Plan Width":39,"Actual Startup Time":8633.265,"Actual Total Time":25985.151,"Actual Rows":535880,"Actual Loops":1,"Output":["supplier.su_name","l1.ol_o_id","l1.ol_w_id","l1.ol_d_id","l1.ol_delivery_d"],"Inner Unique":true,"Hash Cond":"((l1.ol_o_id = orders.o_id) AND (l1.ol_w_id = orders.o_w_id) AND (l1.ol_d_id = orders.o_d_id))","Join Filter":"(l1.ol_delivery_d > orders.o_entry_d)","Rows Removed by Join Filter":0,"Shared Hit Blocks":780761,"Shared Read Blocks":0,"Shared Dirtied Blocks":0,"Shared Written Blocks":0,"Local Hit Blocks":0,"Local Read Blocks":0,"Local Dirtied Blocks":0,"Local Written Blocks":0,"Temp Read Blocks":206448,"Temp Written Blocks":206448,"I/O Read Time":0.0,"I/O Write Time":0.0,"Temp I/O Read Time":302.691,"Temp I/O Write Time":832.543,"Plans":[{"Node Type":"Hash Join","Parent Relationship":"Outer","Parallel Aware":false,"Async Capable":false,"Join Type":"Inner","Startup Cost":640468.83,"Total Cost":3099319.86,"Plan Rows":682888,"Plan Width":41,"Actual Startup Time":6892.117,"Actual Total Time":23470.777,"Actual Rows":536421,"Actual Loops":1,"Output":["supplier.su_name","stock.s_w_id","l1.ol_o_id","l1.ol_w_id","l1.ol_d_id","l1.ol_delivery_d"],"Inner Unique":false,"Hash Cond":"((l1.ol_w_id = stock.s_w_id) AND (l1.ol_i_id = stock.s_i_id))","Shared Hit Blocks":736639,"Shared Read Blocks":0,"Shared Dirtied Blocks":0,"Shared Written Blocks":0,"Local Hit Blocks":0,"Local Read Blocks":0,"Local Dirtied Blocks":0,"Local Written Blocks":0,"Temp Read Blocks":170308,"Temp Written Blocks":170308,"I/O Read Time":0.0,"I/O Write Time":0.0,"Temp I/O Read Time":245.825,"Temp I/O Write Time":664.088,"Plans":[{"Node Type":"Seq Scan","Parent Relationship":"Outer","Parallel Aware":false,"Async Capable":false,"Relation Name":"order_line","Schema":"public","Alias":"l1","Startup Cost":0.0,"Total Cost":1431670.8,"Plan Rows":42039468,"Plan Width":24,"Actual Startup Time":0.011,"Actual Total Time":6803.479,"Actual Rows":42000489,"Actual Loops":1,"Output":["l1.ol_o_id","l1.ol_w_id","l1.ol_d_id","l1.ol_i_id","l1.ol_delivery_d"],"Filter":"(l1.ol_delivery_d >= '1992-01-02 20:10:02.27764'::timestamp without time zone)","Rows Removed by Filter":17993272,"Shared Hit Blocks":681748,"Shared Read Blocks":0,"Shared Dirtied Blocks":0,"Shared Written Blocks":0,"Local Hit Blocks":0,"Local Read Blocks":0,"Local Dirtied Blocks":0,"Local Written Blocks":0,"Temp Read Blocks":0,"Temp Written Blocks":0,"I/O Read Time":0.0,"I/O Write Time":0.0,"Temp I/O Read Time":0.0,"Temp I/O Write Time":0.0},{"Node Type":"Hash","Parent Relationship":"Inner","Parallel Aware":false,"Async Capable":false,"Startup Cost":633424.07,"Total Cost":633424.07,"Plan Rows":322584,"Plan Width":25,"Actual Startup Time":6891.398,"Actual Total Time":6891.409,"Actual Rows":255450,"Actual Loops":1,"Output":["supplier.su_name","stock.s_w_id","stock.s_i_id"],"Hash Buckets":131072,"Original Hash Buckets":131072,"Hash Batches":4,"Original Hash Batches":4,"Peak Memory Usage":4756,"Shared Hit Blocks":54891,"Shared Read Blocks":0,"Shared Dirtied Blocks":0,"Shared Written Blocks":0,"Local Hit Blocks":0,"Local Read Blocks":0,"Local Dirtied Blocks":0,"Local Written Blocks":0,"Temp Read Blocks":0,"Temp Written Blocks":1122,"I/O Read Time":0.0,"I/O Write Time":0.0,"Temp I/O Read Time":0.0,"Temp I/O Write Time":7.022,"Plans":[{"Node Type":"Hash Join","Parent Relationship":"Outer","Parallel Aware":false,"Async Capable":false,"Join Type":"Inner","Startup Cost":444.22,"Total Cost":633424.07,"Plan Rows":322584,"Plan Width":25,"Actual Startup Time":2.657,"Actual Total Time":6837.789,"Actual Rows":255450,"Actual Loops":1,"Output":["supplier.su_name","stock.s_w_id","stock.s_i_id"],"Inner Unique":true,"Hash Cond":"(supplier.su_nationkey = nation.n_nationkey)","Shared Hit Blocks":54891,"Shared Read Blocks":0,"Shared Dirtied Blocks":0,"Shared Written Blocks":0,"Local Hit Blocks":0,"Local Read Blocks":0,"Local Dirtied Blocks":0,"Local Written Blocks":0,"Temp Read Blocks":0,"Temp Written Blocks":0,"I/O Read Time":0.0,"I/O Write Time":0.0,"Temp I/O Read Time":0.0,"Temp I/O Write Time":0.0,"Plans":[{"Node Type":"Hash Join","Parent Relationship":"Outer","Parallel Aware":false,"Async Capable":false,"Join Type":"Inner","Startup Cost":442.44,"Total Cost":577332.98,"Plan Rows":20000212,"Plan Width":29,"Actual Startup Time":2.625,"Actual Total Time":5501.784,"Actual Rows":20000000,"Actual Loops":1,"Output":["supplier.su_name","supplier.su_nationkey","stock.s_w_id","stock.s_i_id"],"Inner Unique":true,"Hash Cond":"(mod((stock.s_w_id * stock.s_i_id), 10000) = supplier.su_suppkey)","Shared Hit Blocks":54890,"Shared Read Blocks":0,"Shared Dirtied Blocks":0,"Shared Written Blocks":0,"Local Hit Blocks":0,"Local Read Blocks":0,"Local Dirtied Blocks":0,"Local Written Blocks":0,"Temp Read Blocks":0,"Temp Written Blocks":0,"I/O Read Time":0.0,"I/O Write Time":0.0,"Temp I/O Read Time":0.0,"Temp I/O Write Time":0.0,"Plans":[{"Node Type":"Index Only Scan","Parent Relationship":"Outer","Parallel Aware":false,"Async Capable":false,"Scan Direction":"Forward","Index Name":"stock_pk","Relation Name":"stock","Schema":"public","Alias":"stock","Startup Cost":0.44,"Total Cost":519363.62,"Plan Rows":20000212,"Plan Width":6,"Actual Startup Time":0.018,"Actual Total Time":1533.325,"Actual Rows":20000000,"Actual Loops":1,"Output":["stock.s_w_id","stock.s_i_id"],"Heap Fetches":0,"Shared Hit Blocks":54673,"Shared Read Blocks":0,"Shared Dirtied Blocks":0,"Shared Written Blocks":0,"Local Hit Blocks":0,"Local Read Blocks":0,"Local Dirtied Blocks":0,"Local Written Blocks":0,"Temp Read Blocks":0,"Temp Written Blocks":0,"I/O Read Time":0.0,"I/O Write Time":0.0,"Temp I/O Read Time":0.0,"Temp I/O Write Time":0.0},{"Node Type":"Hash","Parent Relationship":"Inner","Parallel Aware":false,"Async Capable":false,"Startup Cost":317.0,"Total Cost":317.0,"Plan Rows":10000,"Plan Width":27,"Actual Startup Time":2.556,"Actual Total Time":2.558,"Actual Rows":10000,"Actual Loops":1,"Output":["supplier.su_name","supplier.su_suppkey","supplier.su_nationkey"],"Hash Buckets":16384,"Original Hash Buckets":16384,"Hash Batches":1,"Original Hash Batches":1,"Peak Memory Usage":714,"Shared Hit Blocks":217,"Shared Read Blocks":0,"Shared Dirtied Blocks":0,"Shared Written Blocks":0,"Local Hit Blocks":0,"Local Read Blocks":0,"Local Dirtied Blocks":0,"Local Written Blocks":0,"Temp Read Blocks":0,"Temp Written Blocks":0,"I/O Read Time":0.0,"I/O Write Time":0.0,"Temp I/O Read Time":0.0,"Temp I/O Write Time":0.0,"Plans":[{"Node Type":"Seq Scan","Parent Relationship":"Outer","Parallel Aware":false,"Async Capable":false,"Relation Name":"supplier","Schema":"public","Alias":"supplier","Startup Cost":0.0,"Total Cost":317.0,"Plan Rows":10000,"Plan Width":27,"Actual Startup Time":0.007,"Actual Total Time":1.286,"Actual Rows":10000,"Actual Loops":1,"Output":["supplier.su_name","supplier.su_suppkey","supplier.su_nationkey"],"Shared Hit Blocks":217,"Shared Read Blocks":0,"Shared Dirtied Blocks":0,"Shared Written Blocks":0,"Local Hit Blocks":0,"Local Read Blocks":0,"Local Dirtied Blocks":0,"Local Written Blocks":0,"Temp Read Blocks":0,"Temp Written Blocks":0,"I/O Read Time":0.0,"I/O Write Time":0.0,"Temp I/O Read Time":0.0,"Temp I/O Write Time":0.0}]}]},{"Node Type":"Hash","Parent Relationship":"Inner","Parallel Aware":false,"Async Capable":false,"Startup Cost":1.77,"Total Cost":1.77,"Plan Rows":1,"Plan Width":4,"Actual Startup Time":0.014,"Actual Total Time":0.015,"Actual Rows":1,"Actual Loops":1,"Output":["nation.n_nationkey"],"Hash Buckets":1024,"Original Hash Buckets":1024,"Hash Batches":1,"Original Hash Batches":1,"Peak Memory Usage":9,"Shared Hit Blocks":1,"Shared Read Blocks":0,"Shared Dirtied Blocks":0,"Shared Written Blocks":0,"Local Hit Blocks":0,"Local Read Blocks":0,"Local Dirtied Blocks":0,"Local Written Blocks":0,"Temp Read Blocks":0,"Temp Written Blocks":0,"I/O Read Time":0.0,"I/O Write Time":0.0,"Temp I/O Read Time":0.0,"Temp I/O Write Time":0.0,"Plans":[{"Node Type":"Seq Scan","Parent Relationship":"Outer","Parallel Aware":false,"Async Capable":false,"Relation Name":"nation","Schema":"public","Alias":"nation","Startup Cost":0.0,"Total Cost":1.77,"Plan Rows":1,"Plan Width":4,"Actual Startup Time":0.01,"Actual Total Time":0.012,"Actual Rows":1,"Actual Loops":1,"Output":["nation.n_nationkey"],"Filter":"((nation.n_name)::text = 'Cambodia'::text)","Rows Removed by Filter":61,"Shared Hit Blocks":1,"Shared Read Blocks":0,"Shared Dirtied Blocks":0,"Shared Written Blocks":0,"Local Hit Blocks":0,"Local Read Blocks":0,"Local Dirtied Blocks":0,"Local Written Blocks":0,"Temp Read Blocks":0,"Temp Written Blocks":0,"I/O Read Time":0.0,"I/O Write Time":0.0,"Temp I/O Read Time":0.0,"Temp I/O Write Time":0.0}]}]}]}]},{"Node Type":"Hash","Parent Relationship":"Inner","Parallel Aware":false,"Async Capable":false,"Startup Cost":119121.6,"Total Cost":119121.6,"Plan Rows":5996324,"Plan Width":20,"Actual Startup Time":1739.658,"Actual Total Time":1739.659,"Actual Rows":5995789,"Actual Loops":1,"Output":["orders.o_id","orders.o_w_id","orders.o_d_id","orders.o_entry_d"],"Hash Buckets":131072,"Original Hash Buckets":131072,"Hash Batches":64,"Original Hash Batches":64,"Peak Memory Usage":6157,"Shared Hit Blocks":44122,"Shared Read Blocks":0,"Shared Dirtied Blocks":0,"Shared Written Blocks":0,"Local Hit Blocks":0,"Local Read Blocks":0,"Local Dirtied Blocks":0,"Local Written Blocks":0,"Temp Read Blocks":0,"Temp Written Blocks":31667,"I/O Read Time":0.0,"I/O Write Time":0.0,"Temp I/O Read Time":0.0,"Temp I/O Write Time":140.774,"Plans":[{"Node Type":"Seq Scan","Parent Relationship":"Outer","Parallel Aware":false,"Async Capable":false,"Relation Name":"orders","Schema":"public","Alias":"orders","Startup Cost":0.0,"Total Cost":119121.6,"Plan Rows":5996324,"Plan Width":20,"Actual Startup Time":0.012,"Actual Total Time":710.103,"Actual Rows":5995789,"Actual Loops":1,"Output":["orders.o_id","orders.o_w_id","orders.o_d_id","orders.o_entry_d"],"Filter":"(orders.o_entry_d >= '1992-01-02 20:10:02.27764'::timestamp without time zone)","Rows Removed by Filter":4211,"Shared Hit Blocks":44122,"Shared Read Blocks":0,"Shared Dirtied Blocks":0,"Shared Written Blocks":0,"Local Hit Blocks":0,"Local Read Blocks":0,"Local Dirtied Blocks":0,"Local Written Blocks":0,"Temp Read Blocks":0,"Temp Written Blocks":0,"I/O Read Time":0.0,"I/O Write Time":0.0,"Temp I/O Read Time":0.0,"Temp I/O Write Time":0.0}]}]},{"Node Type":"Index Scan","Parent Relationship":"Inner","Parallel Aware":false,"Async Capable":false,"Scan Direction":"Forward","Index Name":"order_line_pk","Relation Name":"order_line","Schema":"public","Alias":"l2","Startup Cost":0.56,"Total Cost":35.72,"Plan Rows":2,"Plan Width":20,"Actual Startup Time":0.007,"Actual Total Time":0.007,"Actual Rows":0,"Actual Loops":535880,"Output":["l2.ol_o_id","l2.ol_d_id","l2.ol_w_id","l2.ol_number","l2.ol_i_id","l2.ol_supply_w_id","l2.ol_delivery_d","l2.ol_quantity","l2.ol_amount","l2.ol_dist_info"],"Index Cond":"((l2.ol_w_id = l1.ol_w_id) AND (l2.ol_d_id = l1.ol_d_id) AND (l2.ol_o_id = l1.ol_o_id))","Rows Removed by Index Recheck":0,"Filter":"((l2.ol_delivery_d >= '1992-01-02 20:10:02.27764'::timestamp without time zone) AND (l2.ol_delivery_d > l1.ol_delivery_d))","Rows Removed by Filter":11,"Shared Hit Blocks":2767173,"Shared Read Blocks":0,"Shared Dirtied Blocks":0,"Shared Written Blocks":0,"Local Hit Blocks":0,"Local Read Blocks":0,"Local Dirtied Blocks":0,"Local Written Blocks":0,"Temp Read Blocks":0,"Temp Written Blocks":0,"I/O Read Time":0.0,"I/O Write Time":0.0,"Temp I/O Read Time":0.0,"Temp I/O Write Time":0.0}]}]}]}]},"Planning":{"Shared Hit Blocks":128,"Shared Read Blocks":0,"Shared Dirtied Blocks":0,"Shared Written Blocks":0,"Local Hit Blocks":0,"Local Read Blocks":0,"Local Dirtied Blocks":0,"Local Written Blocks":0,"Temp Read Blocks":0,"Temp Written Blocks":0,"I/O Read Time":0.0,"I/O Write Time":0.0,"Temp I/O Read Time":0.0,"Temp I/O Write Time":0.0},"Planning Time":1.302,"Triggers":[],"Execution Time":30157.776}]
[列存组合]: order_line
[{"Plan":{"Node Type":"Sort","Parallel Aware":false,"Async Capable":false,"Startup Cost":9506441.14,"Total Cost":9506466.14,"Plan Rows":10000,"Plan Width":27,"Actual Startup Time":35273.294,"Actual Total Time":35273.326,"Actual Rows":156,"Actual Loops":1,"Output":["supplier.su_name","(count(*))"],"Sort Key":["(count(*)) DESC","supplier.su_name"],"Sort Method":"quicksort","Sort Space Used":35,"Sort Space Type":"Memory","Shared Hit Blocks":2866186,"Shared Read Blocks":0,"Shared Dirtied Blocks":0,"Shared Written Blocks":0,"Local Hit Blocks":0,"Local Read Blocks":0,"Local Dirtied Blocks":0,"Local Written Blocks":0,"Temp Read Blocks":208196,"Temp Written Blocks":208207,"I/O Read Time":0.0,"I/O Write Time":0.0,"Temp I/O Read Time":307.069,"Temp I/O Write Time":862.775,"Plans":[{"Node Type":"Aggregate","Strategy":"Sorted","Partial Mode":"Simple","Parent Relationship":"Outer","Parallel Aware":false,"Async Capable":false,"Startup Cost":9504539.29,"Total Cost":9505776.75,"Plan Rows":10000,"Plan Width":27,"Actual Startup Time":35168.481,"Actual Total Time":35273.261,"Actual Rows":156,"Actual Loops":1,"Output":["supplier.su_name","count(*)"],"Group Key":["supplier.su_name"],"Shared Hit Blocks":2866186,"Shared Read Blocks":0,"Shared Dirtied Blocks":0,"Shared Written Blocks":0,"Local Hit Blocks":0,"Local Read Blocks":0,"Local Dirtied Blocks":0,"Local Written Blocks":0,"Temp Read Blocks":208196,"Temp Written Blocks":208207,"I/O Read Time":0.0,"I/O Write Time":0.0,"Temp I/O Read Time":307.069,"Temp I/O Write Time":862.775,"Plans":[{"Node Type":"Sort","Parent Relationship":"Outer","Parallel Aware":false,"Async Capable":false,"Startup Cost":9504539.29,"Total Cost":9504918.45,"Plan Rows":151661,"Plan Width":19,"Actual Startup Time":35168.127,"Actual Total Time":35222.797,"Actual Rows":535880,"Actual Loops":1,"Output":["supplier.su_name"],"Sort Key":["supplier.su_name"],"Sort Method":"external merge","Sort Space Used":15280,"Sort Space Type":"Disk","Shared Hit Blocks":2866186,"Shared Read Blocks":0,"Shared Dirtied Blocks":0,"Shared Written Blocks":0,"Local Hit Blocks":0,"Local Read Blocks":0,"Local Dirtied Blocks":0,"Local Written Blocks":0,"Temp Read Blocks":208196,"Temp Written Blocks":208207,"I/O Read Time":0.0,"I/O Write Time":0.0,"Temp I/O Read Time":307.069,"Temp I/O Write Time":862.775,"Plans":[{"Node Type":"Nested Loop","Parent Relationship":"Outer","Parallel Aware":false,"Async Capable":false,"Join Type":"Anti","Startup Cost":899681.66,"Total Cost":9488376.99,"Plan Rows":151661,"Plan Width":19,"Actual Startup Time":9068.966,"Actual Total Time":34874.074,"Actual Rows":535880,"Actual Loops":1,"Output":["supplier.su_name"],"Inner Unique":false,"Shared Hit Blocks":2866186,"Shared Read Blocks":0,"Shared Dirtied Blocks":0,"Shared Written Blocks":0,"Local Hit Blocks":0,"Local Read Blocks":0,"Local Dirtied Blocks":0,"Local Written Blocks":0,"Temp Read Blocks":206286,"Temp Written Blocks":206286,"I/O Read Time":0.0,"I/O Write Time":0.0,"Temp I/O Read Time":304.385,"Temp I/O Write Time":855.321,"Plans":[{"Node Type":"Hash Join","Parent Relationship":"Outer","Parallel Aware":false,"Async Capable":false,"Join Type":"Inner","Startup Cost":899681.1,"Total Cost":3382956.89,"Plan Rows":227491,"Plan Width":39,"Actual Startup Time":9068.92,"Actual Total Time":31095.3,"Actual Rows":535880,"Actual Loops":1,"Output":["supplier.su_name","l1.ol_o_id","l1.ol_w_id","l1.ol_d_id","l1.ol_delivery_d"],"Inner Unique":true,"Hash Cond":"((l1.ol_o_id = orders.o_id) AND (l1.ol_w_id = orders.o_w_id) AND (l1.ol_d_id = orders.o_d_id))","Join Filter":"(l1.ol_delivery_d > orders.o_entry_d)","Rows Removed by Join Filter":0,"Shared Hit Blocks":99013,"Shared Read Blocks":0,"Shared Dirtied Blocks":0,"Shared Written Blocks":0,"Local Hit Blocks":0,"Local Read Blocks":0,"Local Dirtied Blocks":0,"Local Written Blocks":0,"Temp Read Blocks":206286,"Temp Written Blocks":206286,"I/O Read Time":0.0,"I/O Write Time":0.0,"Temp I/O Read Time":304.385,"Temp I/O Write Time":855.321,"Plans":[{"Node Type":"Hash Join","Parent Relationship":"Outer","Parallel Aware":false,"Async Capable":false,"Join Type":"Inner","Startup Cost":640488.83,"Total Cost":3071247.88,"Plan Rows":682888,"Plan Width":41,"Actual Startup Time":6912.999,"Actual Total Time":28169.161,"Actual Rows":535908,"Actual Loops":1,"Output":["supplier.su_name","stock.s_w_id","l1.ol_o_id","l1.ol_w_id","l1.ol_d_id","l1.ol_delivery_d"],"Inner Unique":false,"Hash Cond":"((l1.ol_w_id = stock.s_w_id) AND (l1.ol_i_id = stock.s_i_id))","Shared Hit Blocks":54891,"Shared Read Blocks":0,"Shared Dirtied Blocks":0,"Shared Written Blocks":0,"Local Hit Blocks":0,"Local Read Blocks":0,"Local Dirtied Blocks":0,"Local Written Blocks":0,"Temp Read Blocks":170148,"Temp Written Blocks":170148,"I/O Read Time":0.0,"I/O Write Time":0.0,"Temp I/O Read Time":246.966,"Temp I/O Write Time":676.773,"Plans":[{"Node Type":"Append","Parent Relationship":"Outer","Parallel Aware":false,"Async Capable":false,"Startup Cost":20.0,"Total Cost":1403598.82,"Plan Rows":42039468,"Plan Width":24,"Actual Startup Time":2.921,"Actual Total Time":11082.876,"Actual Rows":41960840,"Actual Loops":1,"Shared Hit Blocks":0,"Shared Read Blocks":0,"Shared Dirtied Blocks":0,"Shared Written Blocks":0,"Local Hit Blocks":0,"Local Read Blocks":0,"Local Dirtied Blocks":0,"Local Written Blocks":0,"Temp Read Blocks":0,"Temp Written Blocks":0,"I/O Read Time":0.0,"I/O Write Time":0.0,"Temp I/O Read Time":0.0,"Temp I/O Write Time":0.0,"Subplans Removed":0,"Plans":[{"Node Type":"Custom Scan","Parent Relationship":"Member","Custom Plan Provider":"columnar scan","Parallel Aware":false,"Async Capable":false,"Relation Name":"order_line","Schema":"public","Alias":"l1","Startup Cost":20.0,"Total Cost":1072026.23,"Plan Rows":42039424,"Plan Width":24,"Actual Startup Time":2.918,"Actual Total Time":7975.744,"Actual Rows":41960840,"Actual Loops":1,"Output":["l1.ol_o_id","l1.ol_w_id","l1.ol_d_id","l1.ol_i_id","l1.ol_delivery_d"],"Filter":"(l1.ol_delivery_d >= '1992-01-02 20:10:02.27764'::timestamp without time zone)","Rows Removed by Filter":0,"Rows Removed by Columnar Filter":18032921,"Rows Filtered by Bloom Filter":0,"Dictionary Rows Filtered by Bloom Filter":39649,"Columnar cache search mode":"native","Shared Hit Blocks":0,"Shared Read Blocks":0,"Shared Dirtied Blocks":0,"Shared Written Blocks":0,"Local Hit Blocks":0,"Local Read Blocks":0,"Local Dirtied Blocks":0,"Local Written Blocks":0,"Temp Read Blocks":0,"Temp Written Blocks":0,"I/O Read Time":0.0,"I/O Write Time":0.0,"Temp I/O Read Time":0.0,"Temp I/O Write Time":0.0},{"Node Type":"Seq Scan","Parent Relationship":"Member","Parallel Aware":false,"Async Capable":false,"Relation Name":"order_line","Schema":"public","Alias":"l1","Startup Cost":0.0,"Total Cost":4.79,"Plan Rows":44,"Plan Width":24,"Actual Startup Time":0.0,"Actual Total Time":0.0,"Actual Rows":0,"Actual Loops":0,"Output":["l1.ol_o_id","l1.ol_w_id","l1.ol_d_id","l1.ol_i_id","l1.ol_delivery_d"],"Filter":"(l1.ol_delivery_d >= '1992-01-02 20:10:02.27764'::timestamp without time zone)","Rows Removed by Filter":0,"Shared Hit Blocks":0,"Shared Read Blocks":0,"Shared Dirtied Blocks":0,"Shared Written Blocks":0,"Local Hit Blocks":0,"Local Read Blocks":0,"Local Dirtied Blocks":0,"Local Written Blocks":0,"Temp Read Blocks":0,"Temp Written Blocks":0,"I/O Read Time":0.0,"I/O Write Time":0.0,"Temp I/O Read Time":0.0,"Temp I/O Write Time":0.0}]},{"Node Type":"Hash","Parent Relationship":"Inner","Parallel Aware":false,"Async Capable":false,"Startup Cost":633424.07,"Total Cost":633424.07,"Plan Rows":322584,"Plan Width":25,"Actual Startup Time":6909.349,"Actual Total Time":6909.361,"Actual Rows":255450,"Actual Loops":1,"Output":["supplier.su_name","stock.s_w_id","stock.s_i_id"],"Hash Buckets":131072,"Original Hash Buckets":131072,"Hash Batches":4,"Original Hash Batches":4,"Peak Memory Usage":4756,"Shared Hit Blocks":54891,"Shared Read Blocks":0,"Shared Dirtied Blocks":0,"Shared Written Blocks":0,"Local Hit Blocks":0,"Local Read Blocks":0,"Local Dirtied Blocks":0,"Local Written Blocks":0,"Temp Read Blocks":0,"Temp Written Blocks":1122,"I/O Read Time":0.0,"I/O Write Time":0.0,"Temp I/O Read Time":0.0,"Temp I/O Write Time":6.978,"Plans":[{"Node Type":"Hash Join","Parent Relationship":"Outer","Parallel Aware":false,"Async Capable":false,"Join Type":"Inner","Startup Cost":444.22,"Total Cost":633424.07,"Plan Rows":322584,"Plan Width":25,"Actual Startup Time":2.797,"Actual Total Time":6855.995,"Actual Rows":255450,"Actual Loops":1,"Output":["supplier.su_name","stock.s_w_id","stock.s_i_id"],"Inner Unique":true,"Hash Cond":"(supplier.su_nationkey = nation.n_nationkey)","Shared Hit Blocks":54891,"Shared Read Blocks":0,"Shared Dirtied Blocks":0,"Shared Written Blocks":0,"Local Hit Blocks":0,"Local Read Blocks":0,"Local Dirtied Blocks":0,"Local Written Blocks":0,"Temp Read Blocks":0,"Temp Written Blocks":0,"I/O Read Time":0.0,"I/O Write Time":0.0,"Temp I/O Read Time":0.0,"Temp I/O Write Time":0.0,"Plans":[{"Node Type":"Hash Join","Parent Relationship":"Outer","Parallel Aware":false,"Async Capable":false,"Join Type":"Inner","Startup Cost":442.44,"Total Cost":577332.98,"Plan Rows":20000212,"Plan Width":29,"Actual Startup Time":2.753,"Actual Total Time":5545.104,"Actual Rows":20000000,"Actual Loops":1,"Output":["supplier.su_name","supplier.su_nationkey","stock.s_w_id","stock.s_i_id"],"Inner Unique":true,"Hash Cond":"(mod((stock.s_w_id * stock.s_i_id), 10000) = supplier.su_suppkey)","Shared Hit Blocks":54890,"Shared Read Blocks":0,"Shared Dirtied Blocks":0,"Shared Written Blocks":0,"Local Hit Blocks":0,"Local Read Blocks":0,"Local Dirtied Blocks":0,"Local Written Blocks":0,"Temp Read Blocks":0,"Temp Written Blocks":0,"I/O Read Time":0.0,"I/O Write Time":0.0,"Temp I/O Read Time":0.0,"Temp I/O Write Time":0.0,"Plans":[{"Node Type":"Index Only Scan","Parent Relationship":"Outer","Parallel Aware":false,"Async Capable":false,"Scan Direction":"Forward","Index Name":"stock_pk","Relation Name":"stock","Schema":"public","Alias":"stock","Startup Cost":0.44,"Total Cost":519363.62,"Plan Rows":20000212,"Plan Width":6,"Actual Startup Time":0.02,"Actual Total Time":1559.856,"Actual Rows":20000000,"Actual Loops":1,"Output":["stock.s_w_id","stock.s_i_id"],"Heap Fetches":0,"Shared Hit Blocks":54673,"Shared Read Blocks":0,"Shared Dirtied Blocks":0,"Shared Written Blocks":0,"Local Hit Blocks":0,"Local Read Blocks":0,"Local Dirtied Blocks":0,"Local Written Blocks":0,"Temp Read Blocks":0,"Temp Written Blocks":0,"I/O Read Time":0.0,"I/O Write Time":0.0,"Temp I/O Read Time":0.0,"Temp I/O Write Time":0.0},{"Node Type":"Hash","Parent Relationship":"Inner","Parallel Aware":false,"Async Capable":false,"Startup Cost":317.0,"Total Cost":317.0,"Plan Rows":10000,"Plan Width":27,"Actual Startup Time":2.68,"Actual Total Time":2.683,"Actual Rows":10000,"Actual Loops":1,"Output":["supplier.su_name","supplier.su_suppkey","supplier.su_nationkey"],"Hash Buckets":16384,"Original Hash Buckets":16384,"Hash Batches":1,"Original Hash Batches":1,"Peak Memory Usage":714,"Shared Hit Blocks":217,"Shared Read Blocks":0,"Shared Dirtied Blocks":0,"Shared Written Blocks":0,"Local Hit Blocks":0,"Local Read Blocks":0,"Local Dirtied Blocks":0,"Local Written Blocks":0,"Temp Read Blocks":0,"Temp Written Blocks":0,"I/O Read Time":0.0,"I/O Write Time":0.0,"Temp I/O Read Time":0.0,"Temp I/O Write Time":0.0,"Plans":[{"Node Type":"Seq Scan","Parent Relationship":"Outer","Parallel Aware":false,"Async Capable":false,"Relation Name":"supplier","Schema":"public","Alias":"supplier","Startup Cost":0.0,"Total Cost":317.0,"Plan Rows":10000,"Plan Width":27,"Actual Startup Time":0.007,"Actual Total Time":1.277,"Actual Rows":10000,"Actual Loops":1,"Output":["supplier.su_name","supplier.su_suppkey","supplier.su_nationkey"],"Shared Hit Blocks":217,"Shared Read Blocks":0,"Shared Dirtied Blocks":0,"Shared Written Blocks":0,"Local Hit Blocks":0,"Local Read Blocks":0,"Local Dirtied Blocks":0,"Local Written Blocks":0,"Temp Read Blocks":0,"Temp Written Blocks":0,"I/O Read Time":0.0,"I/O Write Time":0.0,"Temp I/O Read Time":0.0,"Temp I/O Write Time":0.0}]}]},{"Node Type":"Hash","Parent Relationship":"Inner","Parallel Aware":false,"Async Capable":false,"Startup Cost":1.77,"Total Cost":1.77,"Plan Rows":1,"Plan Width":4,"Actual Startup Time":0.021,"Actual Total Time":0.022,"Actual Rows":1,"Actual Loops":1,"Output":["nation.n_nationkey"],"Hash Buckets":1024,"Original Hash Buckets":1024,"Hash Batches":1,"Original Hash Batches":1,"Peak Memory Usage":9,"Shared Hit Blocks":1,"Shared Read Blocks":0,"Shared Dirtied Blocks":0,"Shared Written Blocks":0,"Local Hit Blocks":0,"Local Read Blocks":0,"Local Dirtied Blocks":0,"Local Written Blocks":0,"Temp Read Blocks":0,"Temp Written Blocks":0,"I/O Read Time":0.0,"I/O Write Time":0.0,"Temp I/O Read Time":0.0,"Temp I/O Write Time":0.0,"Plans":[{"Node Type":"Seq Scan","Parent Relationship":"Outer","Parallel Aware":false,"Async Capable":false,"Relation Name":"nation","Schema":"public","Alias":"nation","Startup Cost":0.0,"Total Cost":1.77,"Plan Rows":1,"Plan Width":4,"Actual Startup Time":0.016,"Actual Total Time":0.019,"Actual Rows":1,"Actual Loops":1,"Output":["nation.n_nationkey"],"Filter":"((nation.n_name)::text = 'Cambodia'::text)","Rows Removed by Filter":61,"Shared Hit Blocks":1,"Shared Read Blocks":0,"Shared Dirtied Blocks":0,"Shared Written Blocks":0,"Local Hit Blocks":0,"Local Read Blocks":0,"Local Dirtied Blocks":0,"Local Written Blocks":0,"Temp Read Blocks":0,"Temp Written Blocks":0,"I/O Read Time":0.0,"I/O Write Time":0.0,"Temp I/O Read Time":0.0,"Temp I/O Write Time":0.0}]}]}]}]},{"Node Type":"Hash","Parent Relationship":"Inner","Parallel Aware":false,"Async Capable":false,"Startup Cost":119121.6,"Total Cost":119121.6,"Plan Rows":5996324,"Plan Width":20,"Actual Startup Time":2150.895,"Actual Total Time":2150.897,"Actual Rows":5995789,"Actual Loops":1,"Output":["orders.o_id","orders.o_w_id","orders.o_d_id","orders.o_entry_d"],"Hash Buckets":131072,"Original Hash Buckets":131072,"Hash Batches":64,"Original Hash Batches":64,"Peak Memory Usage":6157,"Shared Hit Blocks":44122,"Shared Read Blocks":0,"Shared Dirtied Blocks":0,"Shared Written Blocks":0,"Local Hit Blocks":0,"Local Read Blocks":0,"Local Dirtied Blocks":0,"Local Written Blocks":0,"Temp Read Blocks":0,"Temp Written Blocks":31667,"I/O Read Time":0.0,"I/O Write Time":0.0,"Temp I/O Read Time":0.0,"Temp I/O Write Time":150.85,"Plans":[{"Node Type":"Seq Scan","Parent Relationship":"Outer","Parallel Aware":false,"Async Capable":false,"Relation Name":"orders","Schema":"public","Alias":"orders","Startup Cost":0.0,"Total Cost":119121.6,"Plan Rows":5996324,"Plan Width":20,"Actual Startup Time":0.016,"Actual Total Time":743.196,"Actual Rows":5995789,"Actual Loops":1,"Output":["orders.o_id","orders.o_w_id","orders.o_d_id","orders.o_entry_d"],"Filter":"(orders.o_entry_d >= '1992-01-02 20:10:02.27764'::timestamp without time zone)","Rows Removed by Filter":4211,"Shared Hit Blocks":44122,"Shared Read Blocks":0,"Shared Dirtied Blocks":0,"Shared Written Blocks":0,"Local Hit Blocks":0,"Local Read Blocks":0,"Local Dirtied Blocks":0,"Local Written Blocks":0,"Temp Read Blocks":0,"Temp Written Blocks":0,"I/O Read Time":0.0,"I/O Write Time":0.0,"Temp I/O Read Time":0.0,"Temp I/O Write Time":0.0}]}]},{"Node Type":"Index Scan","Parent Relationship":"Inner","Parallel Aware":false,"Async Capable":false,"Scan Direction":"Forward","Index Name":"order_line_pk","Relation Name":"order_line","Schema":"public","Alias":"l2","Startup Cost":0.56,"Total Cost":35.72,"Plan Rows":2,"Plan Width":20,"Actual Startup Time":0.007,"Actual Total Time":0.007,"Actual Rows":0,"Actual Loops":535880,"Output":["l2.ol_o_id","l2.ol_d_id","l2.ol_w_id","l2.ol_number","l2.ol_i_id","l2.ol_supply_w_id","l2.ol_delivery_d","l2.ol_quantity","l2.ol_amount","l2.ol_dist_info"],"Index Cond":"((l2.ol_w_id = l1.ol_w_id) AND (l2.ol_d_id = l1.ol_d_id) AND (l2.ol_o_id = l1.ol_o_id))","Rows Removed by Index Recheck":0,"Filter":"((l2.ol_delivery_d >= '1992-01-02 20:10:02.27764'::timestamp without time zone) AND (l2.ol_delivery_d > l1.ol_delivery_d))","Rows Removed by Filter":11,"Shared Hit Blocks":2767173,"Shared Read Blocks":0,"Shared Dirtied Blocks":0,"Shared Written Blocks":0,"Local Hit Blocks":0,"Local Read Blocks":0,"Local Dirtied Blocks":0,"Local Written Blocks":0,"Temp Read Blocks":0,"Temp Written Blocks":0,"I/O Read Time":0.0,"I/O Write Time":0.0,"Temp I/O Read Time":0.0,"Temp I/O Write Time":0.0}]}]}]}]},"Planning":{"Shared Hit Blocks":128,"Shared Read Blocks":0,"Shared Dirtied Blocks":0,"Shared Written Blocks":0,"Local Hit Blocks":0,"Local Read Blocks":0,"Local Dirtied Blocks":0,"Local Written Blocks":0,"Temp Read Blocks":0,"Temp Written Blocks":0,"I/O Read Time":0.0,"I/O Write Time":0.0,"Temp I/O Read Time":0.0,"Temp I/O Write Time":0.0},"Planning Time":2.092,"Triggers":[],"Execution Time":35276.111}]
[列存组合]: orders
[{"Plan":{"Node Type":"Sort","Parallel Aware":false,"Async Capable":false,"Startup Cost":9534513.11,"Total Cost":9534538.11,"Plan Rows":10000,"Plan Width":27,"Actual Startup Time":30294.409,"Actual Total Time":30294.433,"Actual Rows":156,"Actual Loops":1,"Output":["supplier.su_name","(count(*))"],"Sort Key":["(count(*)) DESC","supplier.su_name"],"Sort Method":"quicksort","Sort Space Used":35,"Sort Space Type":"Memory","Shared Hit Blocks":3547934,"Shared Read Blocks":0,"Shared Dirtied Blocks":0,"Shared Written Blocks":0,"Local Hit Blocks":0,"Local Read Blocks":0,"Local Dirtied Blocks":0,"Local Written Blocks":0,"Temp Read Blocks":208358,"Temp Written Blocks":208369,"I/O Read Time":0.0,"I/O Write Time":0.0,"Temp I/O Read Time":306.257,"Temp I/O Write Time":847.834,"Plans":[{"Node Type":"Aggregate","Strategy":"Sorted","Partial Mode":"Simple","Parent Relationship":"Outer","Parallel Aware":false,"Async Capable":false,"Startup Cost":9532611.27,"Total Cost":9533848.73,"Plan Rows":10000,"Plan Width":27,"Actual Startup Time":30191.451,"Actual Total Time":30294.374,"Actual Rows":156,"Actual Loops":1,"Output":["supplier.su_name","count(*)"],"Group Key":["supplier.su_name"],"Shared Hit Blocks":3547934,"Shared Read Blocks":0,"Shared Dirtied Blocks":0,"Shared Written Blocks":0,"Local Hit Blocks":0,"Local Read Blocks":0,"Local Dirtied Blocks":0,"Local Written Blocks":0,"Temp Read Blocks":208358,"Temp Written Blocks":208369,"I/O Read Time":0.0,"I/O Write Time":0.0,"Temp I/O Read Time":306.257,"Temp I/O Write Time":847.834,"Plans":[{"Node Type":"Sort","Parent Relationship":"Outer","Parallel Aware":false,"Async Capable":false,"Startup Cost":9532611.27,"Total Cost":9532990.42,"Plan Rows":151661,"Plan Width":19,"Actual Startup Time":30191.089,"Actual Total Time":30245.645,"Actual Rows":535880,"Actual Loops":1,"Output":["supplier.su_name"],"Sort Key":["supplier.su_name"],"Sort Method":"external merge","Sort Space Used":15280,"Sort Space Type":"Disk","Shared Hit Blocks":3547934,"Shared Read Blocks":0,"Shared Dirtied Blocks":0,"Shared Written Blocks":0,"Local Hit Blocks":0,"Local Read Blocks":0,"Local Dirtied Blocks":0,"Local Written Blocks":0,"Temp Read Blocks":208358,"Temp Written Blocks":208369,"I/O Read Time":0.0,"I/O Write Time":0.0,"Temp I/O Read Time":306.257,"Temp I/O Write Time":847.834,"Plans":[{"Node Type":"Nested Loop","Parent Relationship":"Outer","Parallel Aware":false,"Async Capable":false,"Join Type":"Anti","Startup Cost":899661.66,"Total Cost":9516448.97,"Plan Rows":151661,"Plan Width":19,"Actual Startup Time":8701.549,"Actual Total Time":29897.338,"Actual Rows":535880,"Actual Loops":1,"Output":["supplier.su_name"],"Inner Unique":false,"Shared Hit Blocks":3547934,"Shared Read Blocks":0,"Shared Dirtied Blocks":0,"Shared Written Blocks":0,"Local Hit Blocks":0,"Local Read Blocks":0,"Local Dirtied Blocks":0,"Local Written Blocks":0,"Temp Read Blocks":206448,"Temp Written Blocks":206448,"I/O Read Time":0.0,"I/O Write Time":0.0,"Temp I/O Read Time":303.517,"Temp I/O Write Time":840.35,"Plans":[{"Node Type":"Hash Join","Parent Relationship":"Outer","Parallel Aware":false,"Async Capable":false,"Join Type":"Inner","Startup Cost":899661.1,"Total Cost":3411028.87,"Plan Rows":227491,"Plan Width":39,"Actual Startup Time":8701.509,"Actual Total Time":26120.429,"Actual Rows":535880,"Actual Loops":1,"Output":["supplier.su_name","l1.ol_o_id","l1.ol_w_id","l1.ol_d_id","l1.ol_delivery_d"],"Inner Unique":true,"Hash Cond":"((l1.ol_o_id = orders.o_id) AND (l1.ol_w_id = orders.o_w_id) AND (l1.ol_d_id = orders.o_d_id))","Join Filter":"(l1.ol_delivery_d > orders.o_entry_d)","Rows Removed by Join Filter":0,"Shared Hit Blocks":780761,"Shared Read Blocks":0,"Shared Dirtied Blocks":0,"Shared Written Blocks":0,"Local Hit Blocks":0,"Local Read Blocks":0,"Local Dirtied Blocks":0,"Local Written Blocks":0,"Temp Read Blocks":206448,"Temp Written Blocks":206448,"I/O Read Time":0.0,"I/O Write Time":0.0,"Temp I/O Read Time":303.517,"Temp I/O Write Time":840.35,"Plans":[{"Node Type":"Hash Join","Parent Relationship":"Outer","Parallel Aware":false,"Async Capable":false,"Join Type":"Inner","Startup Cost":640468.83,"Total Cost":3099319.86,"Plan Rows":682888,"Plan Width":41,"Actual Startup Time":6951.844,"Actual Total Time":23599.465,"Actual Rows":536421,"Actual Loops":1,"Output":["supplier.su_name","stock.s_w_id","l1.ol_o_id","l1.ol_w_id","l1.ol_d_id","l1.ol_delivery_d"],"Inner Unique":false,"Hash Cond":"((l1.ol_w_id = stock.s_w_id) AND (l1.ol_i_id = stock.s_i_id))","Shared Hit Blocks":736639,"Shared Read Blocks":0,"Shared Dirtied Blocks":0,"Shared Written Blocks":0,"Local Hit Blocks":0,"Local Read Blocks":0,"Local Dirtied Blocks":0,"Local Written Blocks":0,"Temp Read Blocks":170308,"Temp Written Blocks":170308,"I/O Read Time":0.0,"I/O Write Time":0.0,"Temp I/O Read Time":246.682,"Temp I/O Write Time":667.802,"Plans":[{"Node Type":"Seq Scan","Parent Relationship":"Outer","Parallel Aware":false,"Async Capable":false,"Relation Name":"order_line","Schema":"public","Alias":"l1","Startup Cost":0.0,"Total Cost":1431670.8,"Plan Rows":42039468,"Plan Width":24,"Actual Startup Time":0.02,"Actual Total Time":6825.18,"Actual Rows":42000489,"Actual Loops":1,"Output":["l1.ol_o_id","l1.ol_w_id","l1.ol_d_id","l1.ol_i_id","l1.ol_delivery_d"],"Filter":"(l1.ol_delivery_d >= '1992-01-02 20:10:02.27764'::timestamp without time zone)","Rows Removed by Filter":17993272,"Shared Hit Blocks":681748,"Shared Read Blocks":0,"Shared Dirtied Blocks":0,"Shared Written Blocks":0,"Local Hit Blocks":0,"Local Read Blocks":0,"Local Dirtied Blocks":0,"Local Written Blocks":0,"Temp Read Blocks":0,"Temp Written Blocks":0,"I/O Read Time":0.0,"I/O Write Time":0.0,"Temp I/O Read Time":0.0,"Temp I/O Write Time":0.0},{"Node Type":"Hash","Parent Relationship":"Inner","Parallel Aware":false,"Async Capable":false,"Startup Cost":633424.07,"Total Cost":633424.07,"Plan Rows":322584,"Plan Width":25,"Actual Startup Time":6951.09,"Actual Total Time":6951.101,"Actual Rows":255450,"Actual Loops":1,"Output":["supplier.su_name","stock.s_w_id","stock.s_i_id"],"Hash Buckets":131072,"Original Hash Buckets":131072,"Hash Batches":4,"Original Hash Batches":4,"Peak Memory Usage":4756,"Shared Hit Blocks":54891,"Shared Read Blocks":0,"Shared Dirtied Blocks":0,"Shared Written Blocks":0,"Local Hit Blocks":0,"Local Read Blocks":0,"Local Dirtied Blocks":0,"Local Written Blocks":0,"Temp Read Blocks":0,"Temp Written Blocks":1122,"I/O Read Time":0.0,"I/O Write Time":0.0,"Temp I/O Read Time":0.0,"Temp I/O Write Time":7.224,"Plans":[{"Node Type":"Hash Join","Parent Relationship":"Outer","Parallel Aware":false,"Async Capable":false,"Join Type":"Inner","Startup Cost":444.22,"Total Cost":633424.07,"Plan Rows":322584,"Plan Width":25,"Actual Startup Time":2.837,"Actual Total Time":6898.483,"Actual Rows":255450,"Actual Loops":1,"Output":["supplier.su_name","stock.s_w_id","stock.s_i_id"],"Inner Unique":true,"Hash Cond":"(supplier.su_nationkey = nation.n_nationkey)","Shared Hit Blocks":54891,"Shared Read Blocks":0,"Shared Dirtied Blocks":0,"Shared Written Blocks":0,"Local Hit Blocks":0,"Local Read Blocks":0,"Local Dirtied Blocks":0,"Local Written Blocks":0,"Temp Read Blocks":0,"Temp Written Blocks":0,"I/O Read Time":0.0,"I/O Write Time":0.0,"Temp I/O Read Time":0.0,"Temp I/O Write Time":0.0,"Plans":[{"Node Type":"Hash Join","Parent Relationship":"Outer","Parallel Aware":false,"Async Capable":false,"Join Type":"Inner","Startup Cost":442.44,"Total Cost":577332.98,"Plan Rows":20000212,"Plan Width":29,"Actual Startup Time":2.793,"Actual Total Time":5568.318,"Actual Rows":20000000,"Actual Loops":1,"Output":["supplier.su_name","supplier.su_nationkey","stock.s_w_id","stock.s_i_id"],"Inner Unique":true,"Hash Cond":"(mod((stock.s_w_id * stock.s_i_id), 10000) = supplier.su_suppkey)","Shared Hit Blocks":54890,"Shared Read Blocks":0,"Shared Dirtied Blocks":0,"Shared Written Blocks":0,"Local Hit Blocks":0,"Local Read Blocks":0,"Local Dirtied Blocks":0,"Local Written Blocks":0,"Temp Read Blocks":0,"Temp Written Blocks":0,"I/O Read Time":0.0,"I/O Write Time":0.0,"Temp I/O Read Time":0.0,"Temp I/O Write Time":0.0,"Plans":[{"Node Type":"Index Only Scan","Parent Relationship":"Outer","Parallel Aware":false,"Async Capable":false,"Scan Direction":"Forward","Index Name":"stock_pk","Relation Name":"stock","Schema":"public","Alias":"stock","Startup Cost":0.44,"Total Cost":519363.62,"Plan Rows":20000212,"Plan Width":6,"Actual Startup Time":0.031,"Actual Total Time":1553.609,"Actual Rows":20000000,"Actual Loops":1,"Output":["stock.s_w_id","stock.s_i_id"],"Heap Fetches":0,"Shared Hit Blocks":54673,"Shared Read Blocks":0,"Shared Dirtied Blocks":0,"Shared Written Blocks":0,"Local Hit Blocks":0,"Local Read Blocks":0,"Local Dirtied Blocks":0,"Local Written Blocks":0,"Temp Read Blocks":0,"Temp Written Blocks":0,"I/O Read Time":0.0,"I/O Write Time":0.0,"Temp I/O Read Time":0.0,"Temp I/O Write Time":0.0},{"Node Type":"Hash","Parent Relationship":"Inner","Parallel Aware":false,"Async Capable":false,"Startup Cost":317.0,"Total Cost":317.0,"Plan Rows":10000,"Plan Width":27,"Actual Startup Time":2.705,"Actual Total Time":2.707,"Actual Rows":10000,"Actual Loops":1,"Output":["supplier.su_name","supplier.su_suppkey","supplier.su_nationkey"],"Hash Buckets":16384,"Original Hash Buckets":16384,"Hash Batches":1,"Original Hash Batches":1,"Peak Memory Usage":714,"Shared Hit Blocks":217,"Shared Read Blocks":0,"Shared Dirtied Blocks":0,"Shared Written Blocks":0,"Local Hit Blocks":0,"Local Read Blocks":0,"Local Dirtied Blocks":0,"Local Written Blocks":0,"Temp Read Blocks":0,"Temp Written Blocks":0,"I/O Read Time":0.0,"I/O Write Time":0.0,"Temp I/O Read Time":0.0,"Temp I/O Write Time":0.0,"Plans":[{"Node Type":"Seq Scan","Parent Relationship":"Outer","Parallel Aware":false,"Async Capable":false,"Relation Name":"supplier","Schema":"public","Alias":"supplier","Startup Cost":0.0,"Total Cost":317.0,"Plan Rows":10000,"Plan Width":27,"Actual Startup Time":0.014,"Actual Total Time":1.303,"Actual Rows":10000,"Actual Loops":1,"Output":["supplier.su_name","supplier.su_suppkey","supplier.su_nationkey"],"Shared Hit Blocks":217,"Shared Read Blocks":0,"Shared Dirtied Blocks":0,"Shared Written Blocks":0,"Local Hit Blocks":0,"Local Read Blocks":0,"Local Dirtied Blocks":0,"Local Written Blocks":0,"Temp Read Blocks":0,"Temp Written Blocks":0,"I/O Read Time":0.0,"I/O Write Time":0.0,"Temp I/O Read Time":0.0,"Temp I/O Write Time":0.0}]}]},{"Node Type":"Hash","Parent Relationship":"Inner","Parallel Aware":false,"Async Capable":false,"Startup Cost":1.77,"Total Cost":1.77,"Plan Rows":1,"Plan Width":4,"Actual Startup Time":0.021,"Actual Total Time":0.022,"Actual Rows":1,"Actual Loops":1,"Output":["nation.n_nationkey"],"Hash Buckets":1024,"Original Hash Buckets":1024,"Hash Batches":1,"Original Hash Batches":1,"Peak Memory Usage":9,"Shared Hit Blocks":1,"Shared Read Blocks":0,"Shared Dirtied Blocks":0,"Shared Written Blocks":0,"Local Hit Blocks":0,"Local Read Blocks":0,"Local Dirtied Blocks":0,"Local Written Blocks":0,"Temp Read Blocks":0,"Temp Written Blocks":0,"I/O Read Time":0.0,"I/O Write Time":0.0,"Temp I/O Read Time":0.0,"Temp I/O Write Time":0.0,"Plans":[{"Node Type":"Seq Scan","Parent Relationship":"Outer","Parallel Aware":false,"Async Capable":false,"Relation Name":"nation","Schema":"public","Alias":"nation","Startup Cost":0.0,"Total Cost":1.77,"Plan Rows":1,"Plan Width":4,"Actual Startup Time":0.014,"Actual Total Time":0.017,"Actual Rows":1,"Actual Loops":1,"Output":["nation.n_nationkey"],"Filter":"((nation.n_name)::text = 'Cambodia'::text)","Rows Removed by Filter":61,"Shared Hit Blocks":1,"Shared Read Blocks":0,"Shared Dirtied Blocks":0,"Shared Written Blocks":0,"Local Hit Blocks":0,"Local Read Blocks":0,"Local Dirtied Blocks":0,"Local Written Blocks":0,"Temp Read Blocks":0,"Temp Written Blocks":0,"I/O Read Time":0.0,"I/O Write Time":0.0,"Temp I/O Read Time":0.0,"Temp I/O Write Time":0.0}]}]}]}]},{"Node Type":"Hash","Parent Relationship":"Inner","Parallel Aware":false,"Async Capable":false,"Startup Cost":119121.6,"Total Cost":119121.6,"Plan Rows":5996324,"Plan Width":20,"Actual Startup Time":1748.109,"Actual Total Time":1748.111,"Actual Rows":5995789,"Actual Loops":1,"Output":["orders.o_id","orders.o_w_id","orders.o_d_id","orders.o_entry_d"],"Hash Buckets":131072,"Original Hash Buckets":131072,"Hash Batches":64,"Original Hash Batches":64,"Peak Memory Usage":6157,"Shared Hit Blocks":44122,"Shared Read Blocks":0,"Shared Dirtied Blocks":0,"Shared Written Blocks":0,"Local Hit Blocks":0,"Local Read Blocks":0,"Local Dirtied Blocks":0,"Local Written Blocks":0,"Temp Read Blocks":0,"Temp Written Blocks":31667,"I/O Read Time":0.0,"I/O Write Time":0.0,"Temp I/O Read Time":0.0,"Temp I/O Write Time":144.667,"Plans":[{"Node Type":"Seq Scan","Parent Relationship":"Outer","Parallel Aware":false,"Async Capable":false,"Relation Name":"orders","Schema":"public","Alias":"orders","Startup Cost":0.0,"Total Cost":119121.6,"Plan Rows":5996324,"Plan Width":20,"Actual Startup Time":0.014,"Actual Total Time":711.656,"Actual Rows":5995789,"Actual Loops":1,"Output":["orders.o_id","orders.o_w_id","orders.o_d_id","orders.o_entry_d"],"Filter":"(orders.o_entry_d >= '1992-01-02 20:10:02.27764'::timestamp without time zone)","Rows Removed by Filter":4211,"Shared Hit Blocks":44122,"Shared Read Blocks":0,"Shared Dirtied Blocks":0,"Shared Written Blocks":0,"Local Hit Blocks":0,"Local Read Blocks":0,"Local Dirtied Blocks":0,"Local Written Blocks":0,"Temp Read Blocks":0,"Temp Written Blocks":0,"I/O Read Time":0.0,"I/O Write Time":0.0,"Temp I/O Read Time":0.0,"Temp I/O Write Time":0.0}]}]},{"Node Type":"Index Scan","Parent Relationship":"Inner","Parallel Aware":false,"Async Capable":false,"Scan Direction":"Forward","Index Name":"order_line_pk","Relation Name":"order_line","Schema":"public","Alias":"l2","Startup Cost":0.56,"Total Cost":35.72,"Plan Rows":2,"Plan Width":20,"Actual Startup Time":0.007,"Actual Total Time":0.007,"Actual Rows":0,"Actual Loops":535880,"Output":["l2.ol_o_id","l2.ol_d_id","l2.ol_w_id","l2.ol_number","l2.ol_i_id","l2.ol_supply_w_id","l2.ol_delivery_d","l2.ol_quantity","l2.ol_amount","l2.ol_dist_info"],"Index Cond":"((l2.ol_w_id = l1.ol_w_id) AND (l2.ol_d_id = l1.ol_d_id) AND (l2.ol_o_id = l1.ol_o_id))","Rows Removed by Index Recheck":0,"Filter":"((l2.ol_delivery_d >= '1992-01-02 20:10:02.27764'::timestamp without time zone) AND (l2.ol_delivery_d > l1.ol_delivery_d))","Rows Removed by Filter":11,"Shared Hit Blocks":2767173,"Shared Read Blocks":0,"Shared Dirtied Blocks":0,"Shared Written Blocks":0,"Local Hit Blocks":0,"Local Read Blocks":0,"Local Dirtied Blocks":0,"Local Written Blocks":0,"Temp Read Blocks":0,"Temp Written Blocks":0,"I/O Read Time":0.0,"I/O Write Time":0.0,"Temp I/O Read Time":0.0,"Temp I/O Write Time":0.0}]}]}]}]},"Planning":{"Shared Hit Blocks":128,"Shared Read Blocks":0,"Shared Dirtied Blocks":0,"Shared Written Blocks":0,"Local Hit Blocks":0,"Local Read Blocks":0,"Local Dirtied Blocks":0,"Local Written Blocks":0,"Temp Read Blocks":0,"Temp Written Blocks":0,"I/O Read Time":0.0,"I/O Write Time":0.0,"Temp I/O Read Time":0.0,"Temp I/O Write Time":0.0},"Planning Time":1.352,"Triggers":[],"Execution Time":30296.959}]
[列存组合]: stock
[{"Plan":{"Node Type":"Sort","Parallel Aware":false,"Async Capable":false,"Startup Cost":9534513.11,"Total Cost":9534538.11,"Plan Rows":10000,"Plan Width":27,"Actual Startup Time":30348.885,"Actual Total Time":30348.911,"Actual Rows":156,"Actual Loops":1,"Output":["supplier.su_name","(count(*))"],"Sort Key":["(count(*)) DESC","supplier.su_name"],"Sort Method":"quicksort","Sort Space Used":35,"Sort Space Type":"Memory","Shared Hit Blocks":3547934,"Shared Read Blocks":0,"Shared Dirtied Blocks":0,"Shared Written Blocks":0,"Local Hit Blocks":0,"Local Read Blocks":0,"Local Dirtied Blocks":0,"Local Written Blocks":0,"Temp Read Blocks":208358,"Temp Written Blocks":208369,"I/O Read Time":0.0,"I/O Write Time":0.0,"Temp I/O Read Time":309.02,"Temp I/O Write Time":845.495,"Plans":[{"Node Type":"Aggregate","Strategy":"Sorted","Partial Mode":"Simple","Parent Relationship":"Outer","Parallel Aware":false,"Async Capable":false,"Startup Cost":9532611.27,"Total Cost":9533848.73,"Plan Rows":10000,"Plan Width":27,"Actual Startup Time":30245.785,"Actual Total Time":30348.847,"Actual Rows":156,"Actual Loops":1,"Output":["supplier.su_name","count(*)"],"Group Key":["supplier.su_name"],"Shared Hit Blocks":3547934,"Shared Read Blocks":0,"Shared Dirtied Blocks":0,"Shared Written Blocks":0,"Local Hit Blocks":0,"Local Read Blocks":0,"Local Dirtied Blocks":0,"Local Written Blocks":0,"Temp Read Blocks":208358,"Temp Written Blocks":208369,"I/O Read Time":0.0,"I/O Write Time":0.0,"Temp I/O Read Time":309.02,"Temp I/O Write Time":845.495,"Plans":[{"Node Type":"Sort","Parent Relationship":"Outer","Parallel Aware":false,"Async Capable":false,"Startup Cost":9532611.27,"Total Cost":9532990.42,"Plan Rows":151661,"Plan Width":19,"Actual Startup Time":30245.426,"Actual Total Time":30300.197,"Actual Rows":535880,"Actual Loops":1,"Output":["supplier.su_name"],"Sort Key":["supplier.su_name"],"Sort Method":"external merge","Sort Space Used":15280,"Sort Space Type":"Disk","Shared Hit Blocks":3547934,"Shared Read Blocks":0,"Shared Dirtied Blocks":0,"Shared Written Blocks":0,"Local Hit Blocks":0,"Local Read Blocks":0,"Local Dirtied Blocks":0,"Local Written Blocks":0,"Temp Read Blocks":208358,"Temp Written Blocks":208369,"I/O Read Time":0.0,"I/O Write Time":0.0,"Temp I/O Read Time":309.02,"Temp I/O Write Time":845.495,"Plans":[{"Node Type":"Nested Loop","Parent Relationship":"Outer","Parallel Aware":false,"Async Capable":false,"Join Type":"Anti","Startup Cost":899661.66,"Total Cost":9516448.97,"Plan Rows":151661,"Plan Width":19,"Actual Startup Time":8610.497,"Actual Total Time":29944.685,"Actual Rows":535880,"Actual Loops":1,"Output":["supplier.su_name"],"Inner Unique":false,"Shared Hit Blocks":3547934,"Shared Read Blocks":0,"Shared Dirtied Blocks":0,"Shared Written Blocks":0,"Local Hit Blocks":0,"Local Read Blocks":0,"Local Dirtied Blocks":0,"Local Written Blocks":0,"Temp Read Blocks":206448,"Temp Written Blocks":206448,"I/O Read Time":0.0,"I/O Write Time":0.0,"Temp I/O Read Time":306.265,"Temp I/O Write Time":837.87,"Plans":[{"Node Type":"Hash Join","Parent Relationship":"Outer","Parallel Aware":false,"Async Capable":false,"Join Type":"Inner","Startup Cost":899661.1,"Total Cost":3411028.87,"Plan Rows":227491,"Plan Width":39,"Actual Startup Time":8610.457,"Actual Total Time":26012.712,"Actual Rows":535880,"Actual Loops":1,"Output":["supplier.su_name","l1.ol_o_id","l1.ol_w_id","l1.ol_d_id","l1.ol_delivery_d"],"Inner Unique":true,"Hash Cond":"((l1.ol_o_id = orders.o_id) AND (l1.ol_w_id = orders.o_w_id) AND (l1.ol_d_id = orders.o_d_id))","Join Filter":"(l1.ol_delivery_d > orders.o_entry_d)","Rows Removed by Join Filter":0,"Shared Hit Blocks":780761,"Shared Read Blocks":0,"Shared Dirtied Blocks":0,"Shared Written Blocks":0,"Local Hit Blocks":0,"Local Read Blocks":0,"Local Dirtied Blocks":0,"Local Written Blocks":0,"Temp Read Blocks":206448,"Temp Written Blocks":206448,"I/O Read Time":0.0,"I/O Write Time":0.0,"Temp I/O Read Time":306.265,"Temp I/O Write Time":837.87,"Plans":[{"Node Type":"Hash Join","Parent Relationship":"Outer","Parallel Aware":false,"Async Capable":false,"Join Type":"Inner","Startup Cost":640468.83,"Total Cost":3099319.86,"Plan Rows":682888,"Plan Width":41,"Actual Startup Time":6860.67,"Actual Total Time":23454.326,"Actual Rows":536421,"Actual Loops":1,"Output":["supplier.su_name","stock.s_w_id","l1.ol_o_id","l1.ol_w_id","l1.ol_d_id","l1.ol_delivery_d"],"Inner Unique":false,"Hash Cond":"((l1.ol_w_id = stock.s_w_id) AND (l1.ol_i_id = stock.s_i_id))","Shared Hit Blocks":736639,"Shared Read Blocks":0,"Shared Dirtied Blocks":0,"Shared Written Blocks":0,"Local Hit Blocks":0,"Local Read Blocks":0,"Local Dirtied Blocks":0,"Local Written Blocks":0,"Temp Read Blocks":170308,"Temp Written Blocks":170308,"I/O Read Time":0.0,"I/O Write Time":0.0,"Temp I/O Read Time":245.361,"Temp I/O Write Time":665.855,"Plans":[{"Node Type":"Seq Scan","Parent Relationship":"Outer","Parallel Aware":false,"Async Capable":false,"Relation Name":"order_line","Schema":"public","Alias":"l1","Startup Cost":0.0,"Total Cost":1431670.8,"Plan Rows":42039468,"Plan Width":24,"Actual Startup Time":0.02,"Actual Total Time":6796.591,"Actual Rows":42000489,"Actual Loops":1,"Output":["l1.ol_o_id","l1.ol_w_id","l1.ol_d_id","l1.ol_i_id","l1.ol_delivery_d"],"Filter":"(l1.ol_delivery_d >= '1992-01-02 20:10:02.27764'::timestamp without time zone)","Rows Removed by Filter":17993272,"Shared Hit Blocks":681748,"Shared Read Blocks":0,"Shared Dirtied Blocks":0,"Shared Written Blocks":0,"Local Hit Blocks":0,"Local Read Blocks":0,"Local Dirtied Blocks":0,"Local Written Blocks":0,"Temp Read Blocks":0,"Temp Written Blocks":0,"I/O Read Time":0.0,"I/O Write Time":0.0,"Temp I/O Read Time":0.0,"Temp I/O Write Time":0.0},{"Node Type":"Hash","Parent Relationship":"Inner","Parallel Aware":false,"Async Capable":false,"Startup Cost":633424.07,"Total Cost":633424.07,"Plan Rows":322584,"Plan Width":25,"Actual Startup Time":6859.902,"Actual Total Time":6859.914,"Actual Rows":255450,"Actual Loops":1,"Output":["supplier.su_name","stock.s_w_id","stock.s_i_id"],"Hash Buckets":131072,"Original Hash Buckets":131072,"Hash Batches":4,"Original Hash Batches":4,"Peak Memory Usage":4756,"Shared Hit Blocks":54891,"Shared Read Blocks":0,"Shared Dirtied Blocks":0,"Shared Written Blocks":0,"Local Hit Blocks":0,"Local Read Blocks":0,"Local Dirtied Blocks":0,"Local Written Blocks":0,"Temp Read Blocks":0,"Temp Written Blocks":1122,"I/O Read Time":0.0,"I/O Write Time":0.0,"Temp I/O Read Time":0.0,"Temp I/O Write Time":7.001,"Plans":[{"Node Type":"Hash Join","Parent Relationship":"Outer","Parallel Aware":false,"Async Capable":false,"Join Type":"Inner","Startup Cost":444.22,"Total Cost":633424.07,"Plan Rows":322584,"Plan Width":25,"Actual Startup Time":2.83,"Actual Total Time":6807.724,"Actual Rows":255450,"Actual Loops":1,"Output":["supplier.su_name","stock.s_w_id","stock.s_i_id"],"Inner Unique":true,"Hash Cond":"(supplier.su_nationkey = nation.n_nationkey)","Shared Hit Blocks":54891,"Shared Read Blocks":0,"Shared Dirtied Blocks":0,"Shared Written Blocks":0,"Local Hit Blocks":0,"Local Read Blocks":0,"Local Dirtied Blocks":0,"Local Written Blocks":0,"Temp Read Blocks":0,"Temp Written Blocks":0,"I/O Read Time":0.0,"I/O Write Time":0.0,"Temp I/O Read Time":0.0,"Temp I/O Write Time":0.0,"Plans":[{"Node Type":"Hash Join","Parent Relationship":"Outer","Parallel Aware":false,"Async Capable":false,"Join Type":"Inner","Startup Cost":442.44,"Total Cost":577332.98,"Plan Rows":20000212,"Plan Width":29,"Actual Startup Time":2.783,"Actual Total Time":5479.141,"Actual Rows":20000000,"Actual Loops":1,"Output":["supplier.su_name","supplier.su_nationkey","stock.s_w_id","stock.s_i_id"],"Inner Unique":true,"Hash Cond":"(mod((stock.s_w_id * stock.s_i_id), 10000) = supplier.su_suppkey)","Shared Hit Blocks":54890,"Shared Read Blocks":0,"Shared Dirtied Blocks":0,"Shared Written Blocks":0,"Local Hit Blocks":0,"Local Read Blocks":0,"Local Dirtied Blocks":0,"Local Written Blocks":0,"Temp Read Blocks":0,"Temp Written Blocks":0,"I/O Read Time":0.0,"I/O Write Time":0.0,"Temp I/O Read Time":0.0,"Temp I/O Write Time":0.0,"Plans":[{"Node Type":"Index Only Scan","Parent Relationship":"Outer","Parallel Aware":false,"Async Capable":false,"Scan Direction":"Forward","Index Name":"stock_pk","Relation Name":"stock","Schema":"public","Alias":"stock","Startup Cost":0.44,"Total Cost":519363.62,"Plan Rows":20000212,"Plan Width":6,"Actual Startup Time":0.028,"Actual Total Time":1531.018,"Actual Rows":20000000,"Actual Loops":1,"Output":["stock.s_w_id","stock.s_i_id"],"Heap Fetches":0,"Shared Hit Blocks":54673,"Shared Read Blocks":0,"Shared Dirtied Blocks":0,"Shared Written Blocks":0,"Local Hit Blocks":0,"Local Read Blocks":0,"Local Dirtied Blocks":0,"Local Written Blocks":0,"Temp Read Blocks":0,"Temp Written Blocks":0,"I/O Read Time":0.0,"I/O Write Time":0.0,"Temp I/O Read Time":0.0,"Temp I/O Write Time":0.0},{"Node Type":"Hash","Parent Relationship":"Inner","Parallel Aware":false,"Async Capable":false,"Startup Cost":317.0,"Total Cost":317.0,"Plan Rows":10000,"Plan Width":27,"Actual Startup Time":2.698,"Actual Total Time":2.7,"Actual Rows":10000,"Actual Loops":1,"Output":["supplier.su_name","supplier.su_suppkey","supplier.su_nationkey"],"Hash Buckets":16384,"Original Hash Buckets":16384,"Hash Batches":1,"Original Hash Batches":1,"Peak Memory Usage":714,"Shared Hit Blocks":217,"Shared Read Blocks":0,"Shared Dirtied Blocks":0,"Shared Written Blocks":0,"Local Hit Blocks":0,"Local Read Blocks":0,"Local Dirtied Blocks":0,"Local Written Blocks":0,"Temp Read Blocks":0,"Temp Written Blocks":0,"I/O Read Time":0.0,"I/O Write Time":0.0,"Temp I/O Read Time":0.0,"Temp I/O Write Time":0.0,"Plans":[{"Node Type":"Seq Scan","Parent Relationship":"Outer","Parallel Aware":false,"Async Capable":false,"Relation Name":"supplier","Schema":"public","Alias":"supplier","Startup Cost":0.0,"Total Cost":317.0,"Plan Rows":10000,"Plan Width":27,"Actual Startup Time":0.015,"Actual Total Time":1.295,"Actual Rows":10000,"Actual Loops":1,"Output":["supplier.su_name","supplier.su_suppkey","supplier.su_nationkey"],"Shared Hit Blocks":217,"Shared Read Blocks":0,"Shared Dirtied Blocks":0,"Shared Written Blocks":0,"Local Hit Blocks":0,"Local Read Blocks":0,"Local Dirtied Blocks":0,"Local Written Blocks":0,"Temp Read Blocks":0,"Temp Written Blocks":0,"I/O Read Time":0.0,"I/O Write Time":0.0,"Temp I/O Read Time":0.0,"Temp I/O Write Time":0.0}]}]},{"Node Type":"Hash","Parent Relationship":"Inner","Parallel Aware":false,"Async Capable":false,"Startup Cost":1.77,"Total Cost":1.77,"Plan Rows":1,"Plan Width":4,"Actual Startup Time":0.022,"Actual Total Time":0.025,"Actual Rows":1,"Actual Loops":1,"Output":["nation.n_nationkey"],"Hash Buckets":1024,"Original Hash Buckets":1024,"Hash Batches":1,"Original Hash Batches":1,"Peak Memory Usage":9,"Shared Hit Blocks":1,"Shared Read Blocks":0,"Shared Dirtied Blocks":0,"Shared Written Blocks":0,"Local Hit Blocks":0,"Local Read Blocks":0,"Local Dirtied Blocks":0,"Local Written Blocks":0,"Temp Read Blocks":0,"Temp Written Blocks":0,"I/O Read Time":0.0,"I/O Write Time":0.0,"Temp I/O Read Time":0.0,"Temp I/O Write Time":0.0,"Plans":[{"Node Type":"Seq Scan","Parent Relationship":"Outer","Parallel Aware":false,"Async Capable":false,"Relation Name":"nation","Schema":"public","Alias":"nation","Startup Cost":0.0,"Total Cost":1.77,"Plan Rows":1,"Plan Width":4,"Actual Startup Time":0.014,"Actual Total Time":0.018,"Actual Rows":1,"Actual Loops":1,"Output":["nation.n_nationkey"],"Filter":"((nation.n_name)::text = 'Cambodia'::text)","Rows Removed by Filter":61,"Shared Hit Blocks":1,"Shared Read Blocks":0,"Shared Dirtied Blocks":0,"Shared Written Blocks":0,"Local Hit Blocks":0,"Local Read Blocks":0,"Local Dirtied Blocks":0,"Local Written Blocks":0,"Temp Read Blocks":0,"Temp Written Blocks":0,"I/O Read Time":0.0,"I/O Write Time":0.0,"Temp I/O Read Time":0.0,"Temp I/O Write Time":0.0}]}]}]}]},{"Node Type":"Hash","Parent Relationship":"Inner","Parallel Aware":false,"Async Capable":false,"Startup Cost":119121.6,"Total Cost":119121.6,"Plan Rows":5996324,"Plan Width":20,"Actual Startup Time":1748.256,"Actual Total Time":1748.258,"Actual Rows":5995789,"Actual Loops":1,"Output":["orders.o_id","orders.o_w_id","orders.o_d_id","orders.o_entry_d"],"Hash Buckets":131072,"Original Hash Buckets":131072,"Hash Batches":64,"Original Hash Batches":64,"Peak Memory Usage":6157,"Shared Hit Blocks":44122,"Shared Read Blocks":0,"Shared Dirtied Blocks":0,"Shared Written Blocks":0,"Local Hit Blocks":0,"Local Read Blocks":0,"Local Dirtied Blocks":0,"Local Written Blocks":0,"Temp Read Blocks":0,"Temp Written Blocks":31667,"I/O Read Time":0.0,"I/O Write Time":0.0,"Temp I/O Read Time":0.0,"Temp I/O Write Time":143.703,"Plans":[{"Node Type":"Seq Scan","Parent Relationship":"Outer","Parallel Aware":false,"Async Capable":false,"Relation Name":"orders","Schema":"public","Alias":"orders","Startup Cost":0.0,"Total Cost":119121.6,"Plan Rows":5996324,"Plan Width":20,"Actual Startup Time":0.015,"Actual Total Time":713.763,"Actual Rows":5995789,"Actual Loops":1,"Output":["orders.o_id","orders.o_w_id","orders.o_d_id","orders.o_entry_d"],"Filter":"(orders.o_entry_d >= '1992-01-02 20:10:02.27764'::timestamp without time zone)","Rows Removed by Filter":4211,"Shared Hit Blocks":44122,"Shared Read Blocks":0,"Shared Dirtied Blocks":0,"Shared Written Blocks":0,"Local Hit Blocks":0,"Local Read Blocks":0,"Local Dirtied Blocks":0,"Local Written Blocks":0,"Temp Read Blocks":0,"Temp Written Blocks":0,"I/O Read Time":0.0,"I/O Write Time":0.0,"Temp I/O Read Time":0.0,"Temp I/O Write Time":0.0}]}]},{"Node Type":"Index Scan","Parent Relationship":"Inner","Parallel Aware":false,"Async Capable":false,"Scan Direction":"Forward","Index Name":"order_line_pk","Relation Name":"order_line","Schema":"public","Alias":"l2","Startup Cost":0.56,"Total Cost":35.72,"Plan Rows":2,"Plan Width":20,"Actual Startup Time":0.007,"Actual Total Time":0.007,"Actual Rows":0,"Actual Loops":535880,"Output":["l2.ol_o_id","l2.ol_d_id","l2.ol_w_id","l2.ol_number","l2.ol_i_id","l2.ol_supply_w_id","l2.ol_delivery_d","l2.ol_quantity","l2.ol_amount","l2.ol_dist_info"],"Index Cond":"((l2.ol_w_id = l1.ol_w_id) AND (l2.ol_d_id = l1.ol_d_id) AND (l2.ol_o_id = l1.ol_o_id))","Rows Removed by Index Recheck":0,"Filter":"((l2.ol_delivery_d >= '1992-01-02 20:10:02.27764'::timestamp without time zone) AND (l2.ol_delivery_d > l1.ol_delivery_d))","Rows Removed by Filter":11,"Shared Hit Blocks":2767173,"Shared Read Blocks":0,"Shared Dirtied Blocks":0,"Shared Written Blocks":0,"Local Hit Blocks":0,"Local Read Blocks":0,"Local Dirtied Blocks":0,"Local Written Blocks":0,"Temp Read Blocks":0,"Temp Written Blocks":0,"I/O Read Time":0.0,"I/O Write Time":0.0,"Temp I/O Read Time":0.0,"Temp I/O Write Time":0.0}]}]}]}]},"Planning":{"Shared Hit Blocks":128,"Shared Read Blocks":0,"Shared Dirtied Blocks":0,"Shared Written Blocks":0,"Local Hit Blocks":0,"Local Read Blocks":0,"Local Dirtied Blocks":0,"Local Written Blocks":0,"Temp Read Blocks":0,"Temp Written Blocks":0,"I/O Read Time":0.0,"I/O Write Time":0.0,"Temp I/O Read Time":0.0,"Temp I/O Write Time":0.0},"Planning Time":2.192,"Triggers":[],"Execution Time":30351.594}]
[列存组合]: supplier
[{"Plan":{"Node Type":"Sort","Parallel Aware":false,"Async Capable":false,"Startup Cost":9534435.14,"Total Cost":9534460.14,"Plan Rows":10000,"Plan Width":27,"Actual Startup Time":31122.76,"Actual Total Time":31122.787,"Actual Rows":156,"Actual Loops":1,"Output":["supplier.su_name","(count(*))"],"Sort Key":["(count(*)) DESC","supplier.su_name"],"Sort Method":"quicksort","Sort Space Used":35,"Sort Space Type":"Memory","Shared Hit Blocks":3547717,"Shared Read Blocks":0,"Shared Dirtied Blocks":0,"Shared Written Blocks":0,"Local Hit Blocks":0,"Local Read Blocks":0,"Local Dirtied Blocks":0,"Local Written Blocks":0,"Temp Read Blocks":208358,"Temp Written Blocks":208369,"I/O Read Time":0.0,"I/O Write Time":0.0,"Temp I/O Read Time":317.888,"Temp I/O Write Time":845.379,"Plans":[{"Node Type":"Aggregate","Strategy":"Sorted","Partial Mode":"Simple","Parent Relationship":"Outer","Parallel Aware":false,"Async Capable":false,"Startup Cost":9532533.29,"Total Cost":9533770.75,"Plan Rows":10000,"Plan Width":27,"Actual Startup Time":31018.701,"Actual Total Time":31122.727,"Actual Rows":156,"Actual Loops":1,"Output":["supplier.su_name","count(*)"],"Group Key":["supplier.su_name"],"Shared Hit Blocks":3547717,"Shared Read Blocks":0,"Shared Dirtied Blocks":0,"Shared Written Blocks":0,"Local Hit Blocks":0,"Local Read Blocks":0,"Local Dirtied Blocks":0,"Local Written Blocks":0,"Temp Read Blocks":208358,"Temp Written Blocks":208369,"I/O Read Time":0.0,"I/O Write Time":0.0,"Temp I/O Read Time":317.888,"Temp I/O Write Time":845.379,"Plans":[{"Node Type":"Sort","Parent Relationship":"Outer","Parallel Aware":false,"Async Capable":false,"Startup Cost":9532533.29,"Total Cost":9532912.45,"Plan Rows":151661,"Plan Width":19,"Actual Startup Time":31018.349,"Actual Total Time":31072.58,"Actual Rows":535880,"Actual Loops":1,"Output":["supplier.su_name"],"Sort Key":["supplier.su_name"],"Sort Method":"external merge","Sort Space Used":15280,"Sort Space Type":"Disk","Shared Hit Blocks":3547717,"Shared Read Blocks":0,"Shared Dirtied Blocks":0,"Shared Written Blocks":0,"Local Hit Blocks":0,"Local Read Blocks":0,"Local Dirtied Blocks":0,"Local Written Blocks":0,"Temp Read Blocks":208358,"Temp Written Blocks":208369,"I/O Read Time":0.0,"I/O Write Time":0.0,"Temp I/O Read Time":317.888,"Temp I/O Write Time":845.379,"Plans":[{"Node Type":"Nested Loop","Parent Relationship":"Outer","Parallel Aware":false,"Async Capable":false,"Join Type":"Anti","Startup Cost":899583.69,"Total Cost":9516370.99,"Plan Rows":151661,"Plan Width":19,"Actual Startup Time":8718.805,"Actual Total Time":30677.345,"Actual Rows":535880,"Actual Loops":1,"Output":["supplier.su_name"],"Inner Unique":false,"Shared Hit Blocks":3547717,"Shared Read Blocks":0,"Shared Dirtied Blocks":0,"Shared Written Blocks":0,"Local Hit Blocks":0,"Local Read Blocks":0,"Local Dirtied Blocks":0,"Local Written Blocks":0,"Temp Read Blocks":206448,"Temp Written Blocks":206448,"I/O Read Time":0.0,"I/O Write Time":0.0,"Temp I/O Read Time":315.024,"Temp I/O Write Time":836.512,"Plans":[{"Node Type":"Hash Join","Parent Relationship":"Outer","Parallel Aware":false,"Async Capable":false,"Join Type":"Inner","Startup Cost":899583.12,"Total Cost":3410950.89,"Plan Rows":227491,"Plan Width":39,"Actual Startup Time":8718.763,"Actual Total Time":26332.989,"Actual Rows":535880,"Actual Loops":1,"Output":["supplier.su_name","l1.ol_o_id","l1.ol_w_id","l1.ol_d_id","l1.ol_delivery_d"],"Inner Unique":true,"Hash Cond":"((l1.ol_o_id = orders.o_id) AND (l1.ol_w_id = orders.o_w_id) AND (l1.ol_d_id = orders.o_d_id))","Join Filter":"(l1.ol_delivery_d > orders.o_entry_d)","Rows Removed by Join Filter":0,"Shared Hit Blocks":780544,"Shared Read Blocks":0,"Shared Dirtied Blocks":0,"Shared Written Blocks":0,"Local Hit Blocks":0,"Local Read Blocks":0,"Local Dirtied Blocks":0,"Local Written Blocks":0,"Temp Read Blocks":206448,"Temp Written Blocks":206448,"I/O Read Time":0.0,"I/O Write Time":0.0,"Temp I/O Read Time":315.024,"Temp I/O Write Time":836.512,"Plans":[{"Node Type":"Hash Join","Parent Relationship":"Outer","Parallel Aware":false,"Async Capable":false,"Join Type":"Inner","Startup Cost":640390.85,"Total Cost":3099241.88,"Plan Rows":682888,"Plan Width":41,"Actual Startup Time":6976.086,"Actual Total Time":23672.312,"Actual Rows":536421,"Actual Loops":1,"Output":["supplier.su_name","stock.s_w_id","l1.ol_o_id","l1.ol_w_id","l1.ol_d_id","l1.ol_delivery_d"],"Inner Unique":false,"Hash Cond":"((l1.ol_w_id = stock.s_w_id) AND (l1.ol_i_id = stock.s_i_id))","Shared Hit Blocks":736422,"Shared Read Blocks":0,"Shared Dirtied Blocks":0,"Shared Written Blocks":0,"Local Hit Blocks":0,"Local Read Blocks":0,"Local Dirtied Blocks":0,"Local Written Blocks":0,"Temp Read Blocks":170308,"Temp Written Blocks":170308,"I/O Read Time":0.0,"I/O Write Time":0.0,"Temp I/O Read Time":247.672,"Temp I/O Write Time":665.955,"Plans":[{"Node Type":"Seq Scan","Parent Relationship":"Outer","Parallel Aware":false,"Async Capable":false,"Relation Name":"order_line","Schema":"public","Alias":"l1","Startup Cost":0.0,"Total Cost":1431670.8,"Plan Rows":42039468,"Plan Width":24,"Actual Startup Time":0.012,"Actual Total Time":6804.337,"Actual Rows":42000489,"Actual Loops":1,"Output":["l1.ol_o_id","l1.ol_w_id","l1.ol_d_id","l1.ol_i_id","l1.ol_delivery_d"],"Filter":"(l1.ol_delivery_d >= '1992-01-02 20:10:02.27764'::timestamp without time zone)","Rows Removed by Filter":17993272,"Shared Hit Blocks":681748,"Shared Read Blocks":0,"Shared Dirtied Blocks":0,"Shared Written Blocks":0,"Local Hit Blocks":0,"Local Read Blocks":0,"Local Dirtied Blocks":0,"Local Written Blocks":0,"Temp Read Blocks":0,"Temp Written Blocks":0,"I/O Read Time":0.0,"I/O Write Time":0.0,"Temp I/O Read Time":0.0,"Temp I/O Write Time":0.0},{"Node Type":"Hash","Parent Relationship":"Inner","Parallel Aware":false,"Async Capable":false,"Startup Cost":633346.09,"Total Cost":633346.09,"Plan Rows":322584,"Plan Width":25,"Actual Startup Time":6975.355,"Actual Total Time":6975.37,"Actual Rows":255450,"Actual Loops":1,"Output":["supplier.su_name","stock.s_w_id","stock.s_i_id"],"Hash Buckets":131072,"Original Hash Buckets":131072,"Hash Batches":4,"Original Hash Batches":4,"Peak Memory Usage":4756,"Shared Hit Blocks":54674,"Shared Read Blocks":0,"Shared Dirtied Blocks":0,"Shared Written Blocks":0,"Local Hit Blocks":0,"Local Read Blocks":0,"Local Dirtied Blocks":0,"Local Written Blocks":0,"Temp Read Blocks":0,"Temp Written Blocks":1122,"I/O Read Time":0.0,"I/O Write Time":0.0,"Temp I/O Read Time":0.0,"Temp I/O Write Time":7.185,"Plans":[{"Node Type":"Hash Join","Parent Relationship":"Outer","Parallel Aware":false,"Async Capable":false,"Join Type":"Inner","Startup Cost":366.25,"Total Cost":633346.09,"Plan Rows":322584,"Plan Width":25,"Actual Startup Time":3.428,"Actual Total Time":6923.13,"Actual Rows":255450,"Actual Loops":1,"Output":["supplier.su_name","stock.s_w_id","stock.s_i_id"],"Inner Unique":true,"Hash Cond":"(supplier.su_nationkey = nation.n_nationkey)","Shared Hit Blocks":54674,"Shared Read Blocks":0,"Shared Dirtied Blocks":0,"Shared Written Blocks":0,"Local Hit Blocks":0,"Local Read Blocks":0,"Local Dirtied Blocks":0,"Local Written Blocks":0,"Temp Read Blocks":0,"Temp Written Blocks":0,"I/O Read Time":0.0,"I/O Write Time":0.0,"Temp I/O Read Time":0.0,"Temp I/O Write Time":0.0,"Plans":[{"Node Type":"Hash Join","Parent Relationship":"Outer","Parallel Aware":false,"Async Capable":false,"Join Type":"Inner","Startup Cost":364.46,"Total Cost":577255.0,"Plan Rows":20000212,"Plan Width":29,"Actual Startup Time":3.396,"Actual Total Time":5581.709,"Actual Rows":20000000,"Actual Loops":1,"Output":["supplier.su_name","supplier.su_nationkey","stock.s_w_id","stock.s_i_id"],"Inner Unique":true,"Hash Cond":"(mod((stock.s_w_id * stock.s_i_id), 10000) = supplier.su_suppkey)","Shared Hit Blocks":54673,"Shared Read Blocks":0,"Shared Dirtied Blocks":0,"Shared Written Blocks":0,"Local Hit Blocks":0,"Local Read Blocks":0,"Local Dirtied Blocks":0,"Local Written Blocks":0,"Temp Read Blocks":0,"Temp Written Blocks":0,"I/O Read Time":0.0,"I/O Write Time":0.0,"Temp I/O Read Time":0.0,"Temp I/O Write Time":0.0,"Plans":[{"Node Type":"Index Only Scan","Parent Relationship":"Outer","Parallel Aware":false,"Async Capable":false,"Scan Direction":"Forward","Index Name":"stock_pk","Relation Name":"stock","Schema":"public","Alias":"stock","Startup Cost":0.44,"Total Cost":519363.62,"Plan Rows":20000212,"Plan Width":6,"Actual Startup Time":0.019,"Actual Total Time":1533.037,"Actual Rows":20000000,"Actual Loops":1,"Output":["stock.s_w_id","stock.s_i_id"],"Heap Fetches":0,"Shared Hit Blocks":54673,"Shared Read Blocks":0,"Shared Dirtied Blocks":0,"Shared Written Blocks":0,"Local Hit Blocks":0,"Local Read Blocks":0,"Local Dirtied Blocks":0,"Local Written Blocks":0,"Temp Read Blocks":0,"Temp Written Blocks":0,"I/O Read Time":0.0,"I/O Write Time":0.0,"Temp I/O Read Time":0.0,"Temp I/O Write Time":0.0},{"Node Type":"Hash","Parent Relationship":"Inner","Parallel Aware":false,"Async Capable":false,"Startup Cost":239.01,"Total Cost":239.01,"Plan Rows":10001,"Plan Width":27,"Actual Startup Time":3.328,"Actual Total Time":3.334,"Actual Rows":10000,"Actual Loops":1,"Output":["supplier.su_name","supplier.su_suppkey","supplier.su_nationkey"],"Hash Buckets":16384,"Original Hash Buckets":16384,"Hash Batches":1,"Original Hash Batches":1,"Peak Memory Usage":714,"Shared Hit Blocks":0,"Shared Read Blocks":0,"Shared Dirtied Blocks":0,"Shared Written Blocks":0,"Local Hit Blocks":0,"Local Read Blocks":0,"Local Dirtied Blocks":0,"Local Written Blocks":0,"Temp Read Blocks":0,"Temp Written Blocks":0,"I/O Read Time":0.0,"I/O Write Time":0.0,"Temp I/O Read Time":0.0,"Temp I/O Write Time":0.0,"Plans":[{"Node Type":"Append","Parent Relationship":"Outer","Parallel Aware":false,"Async Capable":false,"Startup Cost":20.0,"Total Cost":239.01,"Plan Rows":10001,"Plan Width":27,"Actual Startup Time":0.03,"Actual Total Time":2.043,"Actual Rows":10000,"Actual Loops":1,"Shared Hit Blocks":0,"Shared Read Blocks":0,"Shared Dirtied Blocks":0,"Shared Written Blocks":0,"Local Hit Blocks":0,"Local Read Blocks":0,"Local Dirtied Blocks":0,"Local Written Blocks":0,"Temp Read Blocks":0,"Temp Written Blocks":0,"I/O Read Time":0.0,"I/O Write Time":0.0,"Temp I/O Read Time":0.0,"Temp I/O Write Time":0.0,"Subplans Removed":0,"Plans":[{"Node Type":"Custom Scan","Parent Relationship":"Member","Custom Plan Provider":"columnar scan","Parallel Aware":false,"Async Capable":false,"Relation Name":"supplier","Schema":"public","Alias":"supplier","Startup Cost":20.0,"Total Cost":235.0,"Plan Rows":10000,"Plan Width":27,"Actual Startup Time":0.029,"Actual Total Time":1.344,"Actual Rows":10000,"Actual Loops":1,"Output":["supplier.su_name","supplier.su_suppkey","supplier.su_nationkey"],"Rows Removed by Columnar Filter":0,"Columnar cache search mode":"native","Shared Hit Blocks":0,"Shared Read Blocks":0,"Shared Dirtied Blocks":0,"Shared Written Blocks":0,"Local Hit Blocks":0,"Local Read Blocks":0,"Local Dirtied Blocks":0,"Local Written Blocks":0,"Temp Read Blocks":0,"Temp Written Blocks":0,"I/O Read Time":0.0,"I/O Write Time":0.0,"Temp I/O Read Time":0.0,"Temp I/O Write Time":0.0},{"Node Type":"Seq Scan","Parent Relationship":"Member","Parallel Aware":false,"Async Capable":false,"Relation Name":"supplier","Schema":"public","Alias":"supplier","Startup Cost":0.0,"Total Cost":4.01,"Plan Rows":1,"Plan Width":27,"Actual Startup Time":0.0,"Actual Total Time":0.0,"Actual Rows":0,"Actual Loops":0,"Output":["supplier.su_name","supplier.su_suppkey","supplier.su_nationkey"],"Shared Hit Blocks":0,"Shared Read Blocks":0,"Shared Dirtied Blocks":0,"Shared Written Blocks":0,"Local Hit Blocks":0,"Local Read Blocks":0,"Local Dirtied Blocks":0,"Local Written Blocks":0,"Temp Read Blocks":0,"Temp Written Blocks":0,"I/O Read Time":0.0,"I/O Write Time":0.0,"Temp I/O Read Time":0.0,"Temp I/O Write Time":0.0}]}]}]},{"Node Type":"Hash","Parent Relationship":"Inner","Parallel Aware":false,"Async Capable":false,"Startup Cost":1.77,"Total Cost":1.77,"Plan Rows":1,"Plan Width":4,"Actual Startup Time":0.014,"Actual Total Time":0.015,"Actual Rows":1,"Actual Loops":1,"Output":["nation.n_nationkey"],"Hash Buckets":1024,"Original Hash Buckets":1024,"Hash Batches":1,"Original Hash Batches":1,"Peak Memory Usage":9,"Shared Hit Blocks":1,"Shared Read Blocks":0,"Shared Dirtied Blocks":0,"Shared Written Blocks":0,"Local Hit Blocks":0,"Local Read Blocks":0,"Local Dirtied Blocks":0,"Local Written Blocks":0,"Temp Read Blocks":0,"Temp Written Blocks":0,"I/O Read Time":0.0,"I/O Write Time":0.0,"Temp I/O Read Time":0.0,"Temp I/O Write Time":0.0,"Plans":[{"Node Type":"Seq Scan","Parent Relationship":"Outer","Parallel Aware":false,"Async Capable":false,"Relation Name":"nation","Schema":"public","Alias":"nation","Startup Cost":0.0,"Total Cost":1.77,"Plan Rows":1,"Plan Width":4,"Actual Startup Time":0.01,"Actual Total Time":0.013,"Actual Rows":1,"Actual Loops":1,"Output":["nation.n_nationkey"],"Filter":"((nation.n_name)::text = 'Cambodia'::text)","Rows Removed by Filter":61,"Shared Hit Blocks":1,"Shared Read Blocks":0,"Shared Dirtied Blocks":0,"Shared Written Blocks":0,"Local Hit Blocks":0,"Local Read Blocks":0,"Local Dirtied Blocks":0,"Local Written Blocks":0,"Temp Read Blocks":0,"Temp Written Blocks":0,"I/O Read Time":0.0,"I/O Write Time":0.0,"Temp I/O Read Time":0.0,"Temp I/O Write Time":0.0}]}]}]}]},{"Node Type":"Hash","Parent Relationship":"Inner","Parallel Aware":false,"Async Capable":false,"Startup Cost":119121.6,"Total Cost":119121.6,"Plan Rows":5996324,"Plan Width":20,"Actual Startup Time":1741.166,"Actual Total Time":1741.166,"Actual Rows":5995789,"Actual Loops":1,"Output":["orders.o_id","orders.o_w_id","orders.o_d_id","orders.o_entry_d"],"Hash Buckets":131072,"Original Hash Buckets":131072,"Hash Batches":64,"Original Hash Batches":64,"Peak Memory Usage":6157,"Shared Hit Blocks":44122,"Shared Read Blocks":0,"Shared Dirtied Blocks":0,"Shared Written Blocks":0,"Local Hit Blocks":0,"Local Read Blocks":0,"Local Dirtied Blocks":0,"Local Written Blocks":0,"Temp Read Blocks":0,"Temp Written Blocks":31667,"I/O Read Time":0.0,"I/O Write Time":0.0,"Temp I/O Read Time":0.0,"Temp I/O Write Time":142.17,"Plans":[{"Node Type":"Seq Scan","Parent Relationship":"Outer","Parallel Aware":false,"Async Capable":false,"Relation Name":"orders","Schema":"public","Alias":"orders","Startup Cost":0.0,"Total Cost":119121.6,"Plan Rows":5996324,"Plan Width":20,"Actual Startup Time":0.013,"Actual Total Time":712.986,"Actual Rows":5995789,"Actual Loops":1,"Output":["orders.o_id","orders.o_w_id","orders.o_d_id","orders.o_entry_d"],"Filter":"(orders.o_entry_d >= '1992-01-02 20:10:02.27764'::timestamp without time zone)","Rows Removed by Filter":4211,"Shared Hit Blocks":44122,"Shared Read Blocks":0,"Shared Dirtied Blocks":0,"Shared Written Blocks":0,"Local Hit Blocks":0,"Local Read Blocks":0,"Local Dirtied Blocks":0,"Local Written Blocks":0,"Temp Read Blocks":0,"Temp Written Blocks":0,"I/O Read Time":0.0,"I/O Write Time":0.0,"Temp I/O Read Time":0.0,"Temp I/O Write Time":0.0}]}]},{"Node Type":"Index Scan","Parent Relationship":"Inner","Parallel Aware":false,"Async Capable":false,"Scan Direction":"Forward","Index Name":"order_line_pk","Relation Name":"order_line","Schema":"public","Alias":"l2","Startup Cost":0.56,"Total Cost":35.72,"Plan Rows":2,"Plan Width":20,"Actual Startup Time":0.008,"Actual Total Time":0.008,"Actual Rows":0,"Actual Loops":535880,"Output":["l2.ol_o_id","l2.ol_d_id","l2.ol_w_id","l2.ol_number","l2.ol_i_id","l2.ol_supply_w_id","l2.ol_delivery_d","l2.ol_quantity","l2.ol_amount","l2.ol_dist_info"],"Index Cond":"((l2.ol_w_id = l1.ol_w_id) AND (l2.ol_d_id = l1.ol_d_id) AND (l2.ol_o_id = l1.ol_o_id))","Rows Removed by Index Recheck":0,"Filter":"((l2.ol_delivery_d >= '1992-01-02 20:10:02.27764'::timestamp without time zone) AND (l2.ol_delivery_d > l1.ol_delivery_d))","Rows Removed by Filter":11,"Shared Hit Blocks":2767173,"Shared Read Blocks":0,"Shared Dirtied Blocks":0,"Shared Written Blocks":0,"Local Hit Blocks":0,"Local Read Blocks":0,"Local Dirtied Blocks":0,"Local Written Blocks":0,"Temp Read Blocks":0,"Temp Written Blocks":0,"I/O Read Time":0.0,"I/O Write Time":0.0,"Temp I/O Read Time":0.0,"Temp I/O Write Time":0.0}]}]}]}]},"Planning":{"Shared Hit Blocks":128,"Shared Read Blocks":0,"Shared Dirtied Blocks":0,"Shared Written Blocks":0,"Local Hit Blocks":0,"Local Read Blocks":0,"Local Dirtied Blocks":0,"Local Written Blocks":0,"Temp Read Blocks":0,"Temp Written Blocks":0,"I/O Read Time":0.0,"I/O Write Time":0.0,"Temp I/O Read Time":0.0,"Temp I/O Write Time":0.0},"Planning Time":1.288,"Triggers":[],"Execution Time":31125.403}]
[列存组合]: nation, order_line
[{"Plan":{"Node Type":"Sort","Parallel Aware":false,"Async Capable":false,"Startup Cost":9506441.14,"Total Cost":9506466.14,"Plan Rows":10000,"Plan Width":27,"Actual Startup Time":35732.262,"Actual Total Time":35732.293,"Actual Rows":156,"Actual Loops":1,"Output":["supplier.su_name","(count(*))"],"Sort Key":["(count(*)) DESC","supplier.su_name"],"Sort Method":"quicksort","Sort Space Used":35,"Sort Space Type":"Memory","Shared Hit Blocks":2866186,"Shared Read Blocks":0,"Shared Dirtied Blocks":0,"Shared Written Blocks":0,"Local Hit Blocks":0,"Local Read Blocks":0,"Local Dirtied Blocks":0,"Local Written Blocks":0,"Temp Read Blocks":208196,"Temp Written Blocks":208207,"I/O Read Time":0.0,"I/O Write Time":0.0,"Temp I/O Read Time":310.634,"Temp I/O Write Time":874.004,"Plans":[{"Node Type":"Aggregate","Strategy":"Sorted","Partial Mode":"Simple","Parent Relationship":"Outer","Parallel Aware":false,"Async Capable":false,"Startup Cost":9504539.29,"Total Cost":9505776.75,"Plan Rows":10000,"Plan Width":27,"Actual Startup Time":35627.544,"Actual Total Time":35732.228,"Actual Rows":156,"Actual Loops":1,"Output":["supplier.su_name","count(*)"],"Group Key":["supplier.su_name"],"Shared Hit Blocks":2866186,"Shared Read Blocks":0,"Shared Dirtied Blocks":0,"Shared Written Blocks":0,"Local Hit Blocks":0,"Local Read Blocks":0,"Local Dirtied Blocks":0,"Local Written Blocks":0,"Temp Read Blocks":208196,"Temp Written Blocks":208207,"I/O Read Time":0.0,"I/O Write Time":0.0,"Temp I/O Read Time":310.634,"Temp I/O Write Time":874.004,"Plans":[{"Node Type":"Sort","Parent Relationship":"Outer","Parallel Aware":false,"Async Capable":false,"Startup Cost":9504539.29,"Total Cost":9504918.45,"Plan Rows":151661,"Plan Width":19,"Actual Startup Time":35627.189,"Actual Total Time":35681.324,"Actual Rows":535880,"Actual Loops":1,"Output":["supplier.su_name"],"Sort Key":["supplier.su_name"],"Sort Method":"external merge","Sort Space Used":15280,"Sort Space Type":"Disk","Shared Hit Blocks":2866186,"Shared Read Blocks":0,"Shared Dirtied Blocks":0,"Shared Written Blocks":0,"Local Hit Blocks":0,"Local Read Blocks":0,"Local Dirtied Blocks":0,"Local Written Blocks":0,"Temp Read Blocks":208196,"Temp Written Blocks":208207,"I/O Read Time":0.0,"I/O Write Time":0.0,"Temp I/O Read Time":310.634,"Temp I/O Write Time":874.004,"Plans":[{"Node Type":"Nested Loop","Parent Relationship":"Outer","Parallel Aware":false,"Async Capable":false,"Join Type":"Anti","Startup Cost":899681.66,"Total Cost":9488376.99,"Plan Rows":151661,"Plan Width":19,"Actual Startup Time":9114.192,"Actual Total Time":35332.009,"Actual Rows":535880,"Actual Loops":1,"Output":["supplier.su_name"],"Inner Unique":false,"Shared Hit Blocks":2866186,"Shared Read Blocks":0,"Shared Dirtied Blocks":0,"Shared Written Blocks":0,"Local Hit Blocks":0,"Local Read Blocks":0,"Local Dirtied Blocks":0,"Local Written Blocks":0,"Temp Read Blocks":206286,"Temp Written Blocks":206286,"I/O Read Time":0.0,"I/O Write Time":0.0,"Temp I/O Read Time":307.858,"Temp I/O Write Time":866.424,"Plans":[{"Node Type":"Hash Join","Parent Relationship":"Outer","Parallel Aware":false,"Async Capable":false,"Join Type":"Inner","Startup Cost":899681.1,"Total Cost":3382956.89,"Plan Rows":227491,"Plan Width":39,"Actual Startup Time":9114.146,"Actual Total Time":31502.732,"Actual Rows":535880,"Actual Loops":1,"Output":["supplier.su_name","l1.ol_o_id","l1.ol_w_id","l1.ol_d_id","l1.ol_delivery_d"],"Inner Unique":true,"Hash Cond":"((l1.ol_o_id = orders.o_id) AND (l1.ol_w_id = orders.o_w_id) AND (l1.ol_d_id = orders.o_d_id))","Join Filter":"(l1.ol_delivery_d > orders.o_entry_d)","Rows Removed by Join Filter":0,"Shared Hit Blocks":99013,"Shared Read Blocks":0,"Shared Dirtied Blocks":0,"Shared Written Blocks":0,"Local Hit Blocks":0,"Local Read Blocks":0,"Local Dirtied Blocks":0,"Local Written Blocks":0,"Temp Read Blocks":206286,"Temp Written Blocks":206286,"I/O Read Time":0.0,"I/O Write Time":0.0,"Temp I/O Read Time":307.858,"Temp I/O Write Time":866.424,"Plans":[{"Node Type":"Hash Join","Parent Relationship":"Outer","Parallel Aware":false,"Async Capable":false,"Join Type":"Inner","Startup Cost":640488.83,"Total Cost":3071247.88,"Plan Rows":682888,"Plan Width":41,"Actual Startup Time":6941.25,"Actual Total Time":28538.571,"Actual Rows":535908,"Actual Loops":1,"Output":["supplier.su_name","stock.s_w_id","l1.ol_o_id","l1.ol_w_id","l1.ol_d_id","l1.ol_delivery_d"],"Inner Unique":false,"Hash Cond":"((l1.ol_w_id = stock.s_w_id) AND (l1.ol_i_id = stock.s_i_id))","Shared Hit Blocks":54891,"Shared Read Blocks":0,"Shared Dirtied Blocks":0,"Shared Written Blocks":0,"Local Hit Blocks":0,"Local Read Blocks":0,"Local Dirtied Blocks":0,"Local Written Blocks":0,"Temp Read Blocks":170148,"Temp Written Blocks":170148,"I/O Read Time":0.0,"I/O Write Time":0.0,"Temp I/O Read Time":249.055,"Temp I/O Write Time":683.134,"Plans":[{"Node Type":"Append","Parent Relationship":"Outer","Parallel Aware":false,"Async Capable":false,"Startup Cost":20.0,"Total Cost":1403598.82,"Plan Rows":42039468,"Plan Width":24,"Actual Startup Time":2.955,"Actual Total Time":11180.444,"Actual Rows":41960840,"Actual Loops":1,"Shared Hit Blocks":0,"Shared Read Blocks":0,"Shared Dirtied Blocks":0,"Shared Written Blocks":0,"Local Hit Blocks":0,"Local Read Blocks":0,"Local Dirtied Blocks":0,"Local Written Blocks":0,"Temp Read Blocks":0,"Temp Written Blocks":0,"I/O Read Time":0.0,"I/O Write Time":0.0,"Temp I/O Read Time":0.0,"Temp I/O Write Time":0.0,"Subplans Removed":0,"Plans":[{"Node Type":"Custom Scan","Parent Relationship":"Member","Custom Plan Provider":"columnar scan","Parallel Aware":false,"Async Capable":false,"Relation Name":"order_line","Schema":"public","Alias":"l1","Startup Cost":20.0,"Total Cost":1072026.23,"Plan Rows":42039424,"Plan Width":24,"Actual Startup Time":2.952,"Actual Total Time":8074.882,"Actual Rows":41960840,"Actual Loops":1,"Output":["l1.ol_o_id","l1.ol_w_id","l1.ol_d_id","l1.ol_i_id","l1.ol_delivery_d"],"Filter":"(l1.ol_delivery_d >= '1992-01-02 20:10:02.27764'::timestamp without time zone)","Rows Removed by Filter":0,"Rows Removed by Columnar Filter":18032921,"Rows Filtered by Bloom Filter":0,"Dictionary Rows Filtered by Bloom Filter":39649,"Columnar cache search mode":"native","Shared Hit Blocks":0,"Shared Read Blocks":0,"Shared Dirtied Blocks":0,"Shared Written Blocks":0,"Local Hit Blocks":0,"Local Read Blocks":0,"Local Dirtied Blocks":0,"Local Written Blocks":0,"Temp Read Blocks":0,"Temp Written Blocks":0,"I/O Read Time":0.0,"I/O Write Time":0.0,"Temp I/O Read Time":0.0,"Temp I/O Write Time":0.0},{"Node Type":"Seq Scan","Parent Relationship":"Member","Parallel Aware":false,"Async Capable":false,"Relation Name":"order_line","Schema":"public","Alias":"l1","Startup Cost":0.0,"Total Cost":4.79,"Plan Rows":44,"Plan Width":24,"Actual Startup Time":0.0,"Actual Total Time":0.0,"Actual Rows":0,"Actual Loops":0,"Output":["l1.ol_o_id","l1.ol_w_id","l1.ol_d_id","l1.ol_i_id","l1.ol_delivery_d"],"Filter":"(l1.ol_delivery_d >= '1992-01-02 20:10:02.27764'::timestamp without time zone)","Rows Removed by Filter":0,"Shared Hit Blocks":0,"Shared Read Blocks":0,"Shared Dirtied Blocks":0,"Shared Written Blocks":0,"Local Hit Blocks":0,"Local Read Blocks":0,"Local Dirtied Blocks":0,"Local Written Blocks":0,"Temp Read Blocks":0,"Temp Written Blocks":0,"I/O Read Time":0.0,"I/O Write Time":0.0,"Temp I/O Read Time":0.0,"Temp I/O Write Time":0.0}]},{"Node Type":"Hash","Parent Relationship":"Inner","Parallel Aware":false,"Async Capable":false,"Startup Cost":633424.07,"Total Cost":633424.07,"Plan Rows":322584,"Plan Width":25,"Actual Startup Time":6937.513,"Actual Total Time":6937.525,"Actual Rows":255450,"Actual Loops":1,"Output":["supplier.su_name","stock.s_w_id","stock.s_i_id"],"Hash Buckets":131072,"Original Hash Buckets":131072,"Hash Batches":4,"Original Hash Batches":4,"Peak Memory Usage":4756,"Shared Hit Blocks":54891,"Shared Read Blocks":0,"Shared Dirtied Blocks":0,"Shared Written Blocks":0,"Local Hit Blocks":0,"Local Read Blocks":0,"Local Dirtied Blocks":0,"Local Written Blocks":0,"Temp Read Blocks":0,"Temp Written Blocks":1122,"I/O Read Time":0.0,"I/O Write Time":0.0,"Temp I/O Read Time":0.0,"Temp I/O Write Time":7.711,"Plans":[{"Node Type":"Hash Join","Parent Relationship":"Outer","Parallel Aware":false,"Async Capable":false,"Join Type":"Inner","Startup Cost":444.22,"Total Cost":633424.07,"Plan Rows":322584,"Plan Width":25,"Actual Startup Time":2.864,"Actual Total Time":6881.624,"Actual Rows":255450,"Actual Loops":1,"Output":["supplier.su_name","stock.s_w_id","stock.s_i_id"],"Inner Unique":true,"Hash Cond":"(supplier.su_nationkey = nation.n_nationkey)","Shared Hit Blocks":54891,"Shared Read Blocks":0,"Shared Dirtied Blocks":0,"Shared Written Blocks":0,"Local Hit Blocks":0,"Local Read Blocks":0,"Local Dirtied Blocks":0,"Local Written Blocks":0,"Temp Read Blocks":0,"Temp Written Blocks":0,"I/O Read Time":0.0,"I/O Write Time":0.0,"Temp I/O Read Time":0.0,"Temp I/O Write Time":0.0,"Plans":[{"Node Type":"Hash Join","Parent Relationship":"Outer","Parallel Aware":false,"Async Capable":false,"Join Type":"Inner","Startup Cost":442.44,"Total Cost":577332.98,"Plan Rows":20000212,"Plan Width":29,"Actual Startup Time":2.809,"Actual Total Time":5563.35,"Actual Rows":20000000,"Actual Loops":1,"Output":["supplier.su_name","supplier.su_nationkey","stock.s_w_id","stock.s_i_id"],"Inner Unique":true,"Hash Cond":"(mod((stock.s_w_id * stock.s_i_id), 10000) = supplier.su_suppkey)","Shared Hit Blocks":54890,"Shared Read Blocks":0,"Shared Dirtied Blocks":0,"Shared Written Blocks":0,"Local Hit Blocks":0,"Local Read Blocks":0,"Local Dirtied Blocks":0,"Local Written Blocks":0,"Temp Read Blocks":0,"Temp Written Blocks":0,"I/O Read Time":0.0,"I/O Write Time":0.0,"Temp I/O Read Time":0.0,"Temp I/O Write Time":0.0,"Plans":[{"Node Type":"Index Only Scan","Parent Relationship":"Outer","Parallel Aware":false,"Async Capable":false,"Scan Direction":"Forward","Index Name":"stock_pk","Relation Name":"stock","Schema":"public","Alias":"stock","Startup Cost":0.44,"Total Cost":519363.62,"Plan Rows":20000212,"Plan Width":6,"Actual Startup Time":0.032,"Actual Total Time":1573.975,"Actual Rows":20000000,"Actual Loops":1,"Output":["stock.s_w_id","stock.s_i_id"],"Heap Fetches":0,"Shared Hit Blocks":54673,"Shared Read Blocks":0,"Shared Dirtied Blocks":0,"Shared Written Blocks":0,"Local Hit Blocks":0,"Local Read Blocks":0,"Local Dirtied Blocks":0,"Local Written Blocks":0,"Temp Read Blocks":0,"Temp Written Blocks":0,"I/O Read Time":0.0,"I/O Write Time":0.0,"Temp I/O Read Time":0.0,"Temp I/O Write Time":0.0},{"Node Type":"Hash","Parent Relationship":"Inner","Parallel Aware":false,"Async Capable":false,"Startup Cost":317.0,"Total Cost":317.0,"Plan Rows":10000,"Plan Width":27,"Actual Startup Time":2.722,"Actual Total Time":2.725,"Actual Rows":10000,"Actual Loops":1,"Output":["supplier.su_name","supplier.su_suppkey","supplier.su_nationkey"],"Hash Buckets":16384,"Original Hash Buckets":16384,"Hash Batches":1,"Original Hash Batches":1,"Peak Memory Usage":714,"Shared Hit Blocks":217,"Shared Read Blocks":0,"Shared Dirtied Blocks":0,"Shared Written Blocks":0,"Local Hit Blocks":0,"Local Read Blocks":0,"Local Dirtied Blocks":0,"Local Written Blocks":0,"Temp Read Blocks":0,"Temp Written Blocks":0,"I/O Read Time":0.0,"I/O Write Time":0.0,"Temp I/O Read Time":0.0,"Temp I/O Write Time":0.0,"Plans":[{"Node Type":"Seq Scan","Parent Relationship":"Outer","Parallel Aware":false,"Async Capable":false,"Relation Name":"supplier","Schema":"public","Alias":"supplier","Startup Cost":0.0,"Total Cost":317.0,"Plan Rows":10000,"Plan Width":27,"Actual Startup Time":0.013,"Actual Total Time":1.317,"Actual Rows":10000,"Actual Loops":1,"Output":["supplier.su_name","supplier.su_suppkey","supplier.su_nationkey"],"Shared Hit Blocks":217,"Shared Read Blocks":0,"Shared Dirtied Blocks":0,"Shared Written Blocks":0,"Local Hit Blocks":0,"Local Read Blocks":0,"Local Dirtied Blocks":0,"Local Written Blocks":0,"Temp Read Blocks":0,"Temp Written Blocks":0,"I/O Read Time":0.0,"I/O Write Time":0.0,"Temp I/O Read Time":0.0,"Temp I/O Write Time":0.0}]}]},{"Node Type":"Hash","Parent Relationship":"Inner","Parallel Aware":false,"Async Capable":false,"Startup Cost":1.77,"Total Cost":1.77,"Plan Rows":1,"Plan Width":4,"Actual Startup Time":0.03,"Actual Total Time":0.032,"Actual Rows":1,"Actual Loops":1,"Output":["nation.n_nationkey"],"Hash Buckets":1024,"Original Hash Buckets":1024,"Hash Batches":1,"Original Hash Batches":1,"Peak Memory Usage":9,"Shared Hit Blocks":1,"Shared Read Blocks":0,"Shared Dirtied Blocks":0,"Shared Written Blocks":0,"Local Hit Blocks":0,"Local Read Blocks":0,"Local Dirtied Blocks":0,"Local Written Blocks":0,"Temp Read Blocks":0,"Temp Written Blocks":0,"I/O Read Time":0.0,"I/O Write Time":0.0,"Temp I/O Read Time":0.0,"Temp I/O Write Time":0.0,"Plans":[{"Node Type":"Seq Scan","Parent Relationship":"Outer","Parallel Aware":false,"Async Capable":false,"Relation Name":"nation","Schema":"public","Alias":"nation","Startup Cost":0.0,"Total Cost":1.77,"Plan Rows":1,"Plan Width":4,"Actual Startup Time":0.024,"Actual Total Time":0.027,"Actual Rows":1,"Actual Loops":1,"Output":["nation.n_nationkey"],"Filter":"((nation.n_name)::text = 'Cambodia'::text)","Rows Removed by Filter":61,"Shared Hit Blocks":1,"Shared Read Blocks":0,"Shared Dirtied Blocks":0,"Shared Written Blocks":0,"Local Hit Blocks":0,"Local Read Blocks":0,"Local Dirtied Blocks":0,"Local Written Blocks":0,"Temp Read Blocks":0,"Temp Written Blocks":0,"I/O Read Time":0.0,"I/O Write Time":0.0,"Temp I/O Read Time":0.0,"Temp I/O Write Time":0.0}]}]}]}]},{"Node Type":"Hash","Parent Relationship":"Inner","Parallel Aware":false,"Async Capable":false,"Startup Cost":119121.6,"Total Cost":119121.6,"Plan Rows":5996324,"Plan Width":20,"Actual Startup Time":2167.724,"Actual Total Time":2167.726,"Actual Rows":5995789,"Actual Loops":1,"Output":["orders.o_id","orders.o_w_id","orders.o_d_id","orders.o_entry_d"],"Hash Buckets":131072,"Original Hash Buckets":131072,"Hash Batches":64,"Original Hash Batches":64,"Peak Memory Usage":6157,"Shared Hit Blocks":44122,"Shared Read Blocks":0,"Shared Dirtied Blocks":0,"Shared Written Blocks":0,"Local Hit Blocks":0,"Local Read Blocks":0,"Local Dirtied Blocks":0,"Local Written Blocks":0,"Temp Read Blocks":0,"Temp Written Blocks":31667,"I/O Read Time":0.0,"I/O Write Time":0.0,"Temp I/O Read Time":0.0,"Temp I/O Write Time":154.412,"Plans":[{"Node Type":"Seq Scan","Parent Relationship":"Outer","Parallel Aware":false,"Async Capable":false,"Relation Name":"orders","Schema":"public","Alias":"orders","Startup Cost":0.0,"Total Cost":119121.6,"Plan Rows":5996324,"Plan Width":20,"Actual Startup Time":0.017,"Actual Total Time":750.322,"Actual Rows":5995789,"Actual Loops":1,"Output":["orders.o_id","orders.o_w_id","orders.o_d_id","orders.o_entry_d"],"Filter":"(orders.o_entry_d >= '1992-01-02 20:10:02.27764'::timestamp without time zone)","Rows Removed by Filter":4211,"Shared Hit Blocks":44122,"Shared Read Blocks":0,"Shared Dirtied Blocks":0,"Shared Written Blocks":0,"Local Hit Blocks":0,"Local Read Blocks":0,"Local Dirtied Blocks":0,"Local Written Blocks":0,"Temp Read Blocks":0,"Temp Written Blocks":0,"I/O Read Time":0.0,"I/O Write Time":0.0,"Temp I/O Read Time":0.0,"Temp I/O Write Time":0.0}]}]},{"Node Type":"Index Scan","Parent Relationship":"Inner","Parallel Aware":false,"Async Capable":false,"Scan Direction":"Forward","Index Name":"order_line_pk","Relation Name":"order_line","Schema":"public","Alias":"l2","Startup Cost":0.56,"Total Cost":35.72,"Plan Rows":2,"Plan Width":20,"Actual Startup Time":0.007,"Actual Total Time":0.007,"Actual Rows":0,"Actual Loops":535880,"Output":["l2.ol_o_id","l2.ol_d_id","l2.ol_w_id","l2.ol_number","l2.ol_i_id","l2.ol_supply_w_id","l2.ol_delivery_d","l2.ol_quantity","l2.ol_amount","l2.ol_dist_info"],"Index Cond":"((l2.ol_w_id = l1.ol_w_id) AND (l2.ol_d_id = l1.ol_d_id) AND (l2.ol_o_id = l1.ol_o_id))","Rows Removed by Index Recheck":0,"Filter":"((l2.ol_delivery_d >= '1992-01-02 20:10:02.27764'::timestamp without time zone) AND (l2.ol_delivery_d > l1.ol_delivery_d))","Rows Removed by Filter":11,"Shared Hit Blocks":2767173,"Shared Read Blocks":0,"Shared Dirtied Blocks":0,"Shared Written Blocks":0,"Local Hit Blocks":0,"Local Read Blocks":0,"Local Dirtied Blocks":0,"Local Written Blocks":0,"Temp Read Blocks":0,"Temp Written Blocks":0,"I/O Read Time":0.0,"I/O Write Time":0.0,"Temp I/O Read Time":0.0,"Temp I/O Write Time":0.0}]}]}]}]},"Planning":{"Shared Hit Blocks":128,"Shared Read Blocks":0,"Shared Dirtied Blocks":0,"Shared Written Blocks":0,"Local Hit Blocks":0,"Local Read Blocks":0,"Local Dirtied Blocks":0,"Local Written Blocks":0,"Temp Read Blocks":0,"Temp Written Blocks":0,"I/O Read Time":0.0,"I/O Write Time":0.0,"Temp I/O Read Time":0.0,"Temp I/O Write Time":0.0},"Planning Time":2.145,"Triggers":[],"Execution Time":35734.928}]
[列存组合]: nation, orders
[{"Plan":{"Node Type":"Sort","Parallel Aware":false,"Async Capable":false,"Startup Cost":9534513.11,"Total Cost":9534538.11,"Plan Rows":10000,"Plan Width":27,"Actual Startup Time":30450.449,"Actual Total Time":30450.474,"Actual Rows":156,"Actual Loops":1,"Output":["supplier.su_name","(count(*))"],"Sort Key":["(count(*)) DESC","supplier.su_name"],"Sort Method":"quicksort","Sort Space Used":35,"Sort Space Type":"Memory","Shared Hit Blocks":3547934,"Shared Read Blocks":0,"Shared Dirtied Blocks":0,"Shared Written Blocks":0,"Local Hit Blocks":0,"Local Read Blocks":0,"Local Dirtied Blocks":0,"Local Written Blocks":0,"Temp Read Blocks":208358,"Temp Written Blocks":208369,"I/O Read Time":0.0,"I/O Write Time":0.0,"Temp I/O Read Time":308.535,"Temp I/O Write Time":850.392,"Plans":[{"Node Type":"Aggregate","Strategy":"Sorted","Partial Mode":"Simple","Parent Relationship":"Outer","Parallel Aware":false,"Async Capable":false,"Startup Cost":9532611.27,"Total Cost":9533848.73,"Plan Rows":10000,"Plan Width":27,"Actual Startup Time":30347.564,"Actual Total Time":30450.409,"Actual Rows":156,"Actual Loops":1,"Output":["supplier.su_name","count(*)"],"Group Key":["supplier.su_name"],"Shared Hit Blocks":3547934,"Shared Read Blocks":0,"Shared Dirtied Blocks":0,"Shared Written Blocks":0,"Local Hit Blocks":0,"Local Read Blocks":0,"Local Dirtied Blocks":0,"Local Written Blocks":0,"Temp Read Blocks":208358,"Temp Written Blocks":208369,"I/O Read Time":0.0,"I/O Write Time":0.0,"Temp I/O Read Time":308.535,"Temp I/O Write Time":850.392,"Plans":[{"Node Type":"Sort","Parent Relationship":"Outer","Parallel Aware":false,"Async Capable":false,"Startup Cost":9532611.27,"Total Cost":9532990.42,"Plan Rows":151661,"Plan Width":19,"Actual Startup Time":30347.211,"Actual Total Time":30401.841,"Actual Rows":535880,"Actual Loops":1,"Output":["supplier.su_name"],"Sort Key":["supplier.su_name"],"Sort Method":"external merge","Sort Space Used":15280,"Sort Space Type":"Disk","Shared Hit Blocks":3547934,"Shared Read Blocks":0,"Shared Dirtied Blocks":0,"Shared Written Blocks":0,"Local Hit Blocks":0,"Local Read Blocks":0,"Local Dirtied Blocks":0,"Local Written Blocks":0,"Temp Read Blocks":208358,"Temp Written Blocks":208369,"I/O Read Time":0.0,"I/O Write Time":0.0,"Temp I/O Read Time":308.535,"Temp I/O Write Time":850.392,"Plans":[{"Node Type":"Nested Loop","Parent Relationship":"Outer","Parallel Aware":false,"Async Capable":false,"Join Type":"Anti","Startup Cost":899661.66,"Total Cost":9516448.97,"Plan Rows":151661,"Plan Width":19,"Actual Startup Time":8668.856,"Actual Total Time":30051.815,"Actual Rows":535880,"Actual Loops":1,"Output":["supplier.su_name"],"Inner Unique":false,"Shared Hit Blocks":3547934,"Shared Read Blocks":0,"Shared Dirtied Blocks":0,"Shared Written Blocks":0,"Local Hit Blocks":0,"Local Read Blocks":0,"Local Dirtied Blocks":0,"Local Written Blocks":0,"Temp Read Blocks":206448,"Temp Written Blocks":206448,"I/O Read Time":0.0,"I/O Write Time":0.0,"Temp I/O Read Time":305.758,"Temp I/O Write Time":842.834,"Plans":[{"Node Type":"Hash Join","Parent Relationship":"Outer","Parallel Aware":false,"Async Capable":false,"Join Type":"Inner","Startup Cost":899661.1,"Total Cost":3411028.87,"Plan Rows":227491,"Plan Width":39,"Actual Startup Time":8668.816,"Actual Total Time":26226.104,"Actual Rows":535880,"Actual Loops":1,"Output":["supplier.su_name","l1.ol_o_id","l1.ol_w_id","l1.ol_d_id","l1.ol_delivery_d"],"Inner Unique":true,"Hash Cond":"((l1.ol_o_id = orders.o_id) AND (l1.ol_w_id = orders.o_w_id) AND (l1.ol_d_id = orders.o_d_id))","Join Filter":"(l1.ol_delivery_d > orders.o_entry_d)","Rows Removed by Join Filter":0,"Shared Hit Blocks":780761,"Shared Read Blocks":0,"Shared Dirtied Blocks":0,"Shared Written Blocks":0,"Local Hit Blocks":0,"Local Read Blocks":0,"Local Dirtied Blocks":0,"Local Written Blocks":0,"Temp Read Blocks":206448,"Temp Written Blocks":206448,"I/O Read Time":0.0,"I/O Write Time":0.0,"Temp I/O Read Time":305.758,"Temp I/O Write Time":842.834,"Plans":[{"Node Type":"Hash Join","Parent Relationship":"Outer","Parallel Aware":false,"Async Capable":false,"Join Type":"Inner","Startup Cost":640468.83,"Total Cost":3099319.86,"Plan Rows":682888,"Plan Width":41,"Actual Startup Time":6917.585,"Actual Total Time":23684.72,"Actual Rows":536421,"Actual Loops":1,"Output":["supplier.su_name","stock.s_w_id","l1.ol_o_id","l1.ol_w_id","l1.ol_d_id","l1.ol_delivery_d"],"Inner Unique":false,"Hash Cond":"((l1.ol_w_id = stock.s_w_id) AND (l1.ol_i_id = stock.s_i_id))","Shared Hit Blocks":736639,"Shared Read Blocks":0,"Shared Dirtied Blocks":0,"Shared Written Blocks":0,"Local Hit Blocks":0,"Local Read Blocks":0,"Local Dirtied Blocks":0,"Local Written Blocks":0,"Temp Read Blocks":170308,"Temp Written Blocks":170308,"I/O Read Time":0.0,"I/O Write Time":0.0,"Temp I/O Read Time":247.959,"Temp I/O Write Time":669.26,"Plans":[{"Node Type":"Seq Scan","Parent Relationship":"Outer","Parallel Aware":false,"Async Capable":false,"Relation Name":"order_line","Schema":"public","Alias":"l1","Startup Cost":0.0,"Total Cost":1431670.8,"Plan Rows":42039468,"Plan Width":24,"Actual Startup Time":0.012,"Actual Total Time":6843.218,"Actual Rows":42000489,"Actual Loops":1,"Output":["l1.ol_o_id","l1.ol_w_id","l1.ol_d_id","l1.ol_i_id","l1.ol_delivery_d"],"Filter":"(l1.ol_delivery_d >= '1992-01-02 20:10:02.27764'::timestamp without time zone)","Rows Removed by Filter":17993272,"Shared Hit Blocks":681748,"Shared Read Blocks":0,"Shared Dirtied Blocks":0,"Shared Written Blocks":0,"Local Hit Blocks":0,"Local Read Blocks":0,"Local Dirtied Blocks":0,"Local Written Blocks":0,"Temp Read Blocks":0,"Temp Written Blocks":0,"I/O Read Time":0.0,"I/O Write Time":0.0,"Temp I/O Read Time":0.0,"Temp I/O Write Time":0.0},{"Node Type":"Hash","Parent Relationship":"Inner","Parallel Aware":false,"Async Capable":false,"Startup Cost":633424.07,"Total Cost":633424.07,"Plan Rows":322584,"Plan Width":25,"Actual Startup Time":6916.861,"Actual Total Time":6916.873,"Actual Rows":255450,"Actual Loops":1,"Output":["supplier.su_name","stock.s_w_id","stock.s_i_id"],"Hash Buckets":131072,"Original Hash Buckets":131072,"Hash Batches":4,"Original Hash Batches":4,"Peak Memory Usage":4756,"Shared Hit Blocks":54891,"Shared Read Blocks":0,"Shared Dirtied Blocks":0,"Shared Written Blocks":0,"Local Hit Blocks":0,"Local Read Blocks":0,"Local Dirtied Blocks":0,"Local Written Blocks":0,"Temp Read Blocks":0,"Temp Written Blocks":1122,"I/O Read Time":0.0,"I/O Write Time":0.0,"Temp I/O Read Time":0.0,"Temp I/O Write Time":7.241,"Plans":[{"Node Type":"Hash Join","Parent Relationship":"Outer","Parallel Aware":false,"Async Capable":false,"Join Type":"Inner","Startup Cost":444.22,"Total Cost":633424.07,"Plan Rows":322584,"Plan Width":25,"Actual Startup Time":2.86,"Actual Total Time":6864.273,"Actual Rows":255450,"Actual Loops":1,"Output":["supplier.su_name","stock.s_w_id","stock.s_i_id"],"Inner Unique":true,"Hash Cond":"(supplier.su_nationkey = nation.n_nationkey)","Shared Hit Blocks":54891,"Shared Read Blocks":0,"Shared Dirtied Blocks":0,"Shared Written Blocks":0,"Local Hit Blocks":0,"Local Read Blocks":0,"Local Dirtied Blocks":0,"Local Written Blocks":0,"Temp Read Blocks":0,"Temp Written Blocks":0,"I/O Read Time":0.0,"I/O Write Time":0.0,"Temp I/O Read Time":0.0,"Temp I/O Write Time":0.0,"Plans":[{"Node Type":"Hash Join","Parent Relationship":"Outer","Parallel Aware":false,"Async Capable":false,"Join Type":"Inner","Startup Cost":442.44,"Total Cost":577332.98,"Plan Rows":20000212,"Plan Width":29,"Actual Startup Time":2.822,"Actual Total Time":5525.388,"Actual Rows":20000000,"Actual Loops":1,"Output":["supplier.su_name","supplier.su_nationkey","stock.s_w_id","stock.s_i_id"],"Inner Unique":true,"Hash Cond":"(mod((stock.s_w_id * stock.s_i_id), 10000) = supplier.su_suppkey)","Shared Hit Blocks":54890,"Shared Read Blocks":0,"Shared Dirtied Blocks":0,"Shared Written Blocks":0,"Local Hit Blocks":0,"Local Read Blocks":0,"Local Dirtied Blocks":0,"Local Written Blocks":0,"Temp Read Blocks":0,"Temp Written Blocks":0,"I/O Read Time":0.0,"I/O Write Time":0.0,"Temp I/O Read Time":0.0,"Temp I/O Write Time":0.0,"Plans":[{"Node Type":"Index Only Scan","Parent Relationship":"Outer","Parallel Aware":false,"Async Capable":false,"Scan Direction":"Forward","Index Name":"stock_pk","Relation Name":"stock","Schema":"public","Alias":"stock","Startup Cost":0.44,"Total Cost":519363.62,"Plan Rows":20000212,"Plan Width":6,"Actual Startup Time":0.021,"Actual Total Time":1542.665,"Actual Rows":20000000,"Actual Loops":1,"Output":["stock.s_w_id","stock.s_i_id"],"Heap Fetches":0,"Shared Hit Blocks":54673,"Shared Read Blocks":0,"Shared Dirtied Blocks":0,"Shared Written Blocks":0,"Local Hit Blocks":0,"Local Read Blocks":0,"Local Dirtied Blocks":0,"Local Written Blocks":0,"Temp Read Blocks":0,"Temp Written Blocks":0,"I/O Read Time":0.0,"I/O Write Time":0.0,"Temp I/O Read Time":0.0,"Temp I/O Write Time":0.0},{"Node Type":"Hash","Parent Relationship":"Inner","Parallel Aware":false,"Async Capable":false,"Startup Cost":317.0,"Total Cost":317.0,"Plan Rows":10000,"Plan Width":27,"Actual Startup Time":2.748,"Actual Total Time":2.75,"Actual Rows":10000,"Actual Loops":1,"Output":["supplier.su_name","supplier.su_suppkey","supplier.su_nationkey"],"Hash Buckets":16384,"Original Hash Buckets":16384,"Hash Batches":1,"Original Hash Batches":1,"Peak Memory Usage":714,"Shared Hit Blocks":217,"Shared Read Blocks":0,"Shared Dirtied Blocks":0,"Shared Written Blocks":0,"Local Hit Blocks":0,"Local Read Blocks":0,"Local Dirtied Blocks":0,"Local Written Blocks":0,"Temp Read Blocks":0,"Temp Written Blocks":0,"I/O Read Time":0.0,"I/O Write Time":0.0,"Temp I/O Read Time":0.0,"Temp I/O Write Time":0.0,"Plans":[{"Node Type":"Seq Scan","Parent Relationship":"Outer","Parallel Aware":false,"Async Capable":false,"Relation Name":"supplier","Schema":"public","Alias":"supplier","Startup Cost":0.0,"Total Cost":317.0,"Plan Rows":10000,"Plan Width":27,"Actual Startup Time":0.008,"Actual Total Time":1.32,"Actual Rows":10000,"Actual Loops":1,"Output":["supplier.su_name","supplier.su_suppkey","supplier.su_nationkey"],"Shared Hit Blocks":217,"Shared Read Blocks":0,"Shared Dirtied Blocks":0,"Shared Written Blocks":0,"Local Hit Blocks":0,"Local Read Blocks":0,"Local Dirtied Blocks":0,"Local Written Blocks":0,"Temp Read Blocks":0,"Temp Written Blocks":0,"I/O Read Time":0.0,"I/O Write Time":0.0,"Temp I/O Read Time":0.0,"Temp I/O Write Time":0.0}]}]},{"Node Type":"Hash","Parent Relationship":"Inner","Parallel Aware":false,"Async Capable":false,"Startup Cost":1.77,"Total Cost":1.77,"Plan Rows":1,"Plan Width":4,"Actual Startup Time":0.017,"Actual Total Time":0.018,"Actual Rows":1,"Actual Loops":1,"Output":["nation.n_nationkey"],"Hash Buckets":1024,"Original Hash Buckets":1024,"Hash Batches":1,"Original Hash Batches":1,"Peak Memory Usage":9,"Shared Hit Blocks":1,"Shared Read Blocks":0,"Shared Dirtied Blocks":0,"Shared Written Blocks":0,"Local Hit Blocks":0,"Local Read Blocks":0,"Local Dirtied Blocks":0,"Local Written Blocks":0,"Temp Read Blocks":0,"Temp Written Blocks":0,"I/O Read Time":0.0,"I/O Write Time":0.0,"Temp I/O Read Time":0.0,"Temp I/O Write Time":0.0,"Plans":[{"Node Type":"Seq Scan","Parent Relationship":"Outer","Parallel Aware":false,"Async Capable":false,"Relation Name":"nation","Schema":"public","Alias":"nation","Startup Cost":0.0,"Total Cost":1.77,"Plan Rows":1,"Plan Width":4,"Actual Startup Time":0.012,"Actual Total Time":0.014,"Actual Rows":1,"Actual Loops":1,"Output":["nation.n_nationkey"],"Filter":"((nation.n_name)::text = 'Cambodia'::text)","Rows Removed by Filter":61,"Shared Hit Blocks":1,"Shared Read Blocks":0,"Shared Dirtied Blocks":0,"Shared Written Blocks":0,"Local Hit Blocks":0,"Local Read Blocks":0,"Local Dirtied Blocks":0,"Local Written Blocks":0,"Temp Read Blocks":0,"Temp Written Blocks":0,"I/O Read Time":0.0,"I/O Write Time":0.0,"Temp I/O Read Time":0.0,"Temp I/O Write Time":0.0}]}]}]}]},{"Node Type":"Hash","Parent Relationship":"Inner","Parallel Aware":false,"Async Capable":false,"Startup Cost":119121.6,"Total Cost":119121.6,"Plan Rows":5996324,"Plan Width":20,"Actual Startup Time":1749.675,"Actual Total Time":1749.677,"Actual Rows":5995789,"Actual Loops":1,"Output":["orders.o_id","orders.o_w_id","orders.o_d_id","orders.o_entry_d"],"Hash Buckets":131072,"Original Hash Buckets":131072,"Hash Batches":64,"Original Hash Batches":64,"Peak Memory Usage":6157,"Shared Hit Blocks":44122,"Shared Read Blocks":0,"Shared Dirtied Blocks":0,"Shared Written Blocks":0,"Local Hit Blocks":0,"Local Read Blocks":0,"Local Dirtied Blocks":0,"Local Written Blocks":0,"Temp Read Blocks":0,"Temp Written Blocks":31667,"I/O Read Time":0.0,"I/O Write Time":0.0,"Temp I/O Read Time":0.0,"Temp I/O Write Time":144.505,"Plans":[{"Node Type":"Seq Scan","Parent Relationship":"Outer","Parallel Aware":false,"Async Capable":false,"Relation Name":"orders","Schema":"public","Alias":"orders","Startup Cost":0.0,"Total Cost":119121.6,"Plan Rows":5996324,"Plan Width":20,"Actual Startup Time":0.014,"Actual Total Time":715.026,"Actual Rows":5995789,"Actual Loops":1,"Output":["orders.o_id","orders.o_w_id","orders.o_d_id","orders.o_entry_d"],"Filter":"(orders.o_entry_d >= '1992-01-02 20:10:02.27764'::timestamp without time zone)","Rows Removed by Filter":4211,"Shared Hit Blocks":44122,"Shared Read Blocks":0,"Shared Dirtied Blocks":0,"Shared Written Blocks":0,"Local Hit Blocks":0,"Local Read Blocks":0,"Local Dirtied Blocks":0,"Local Written Blocks":0,"Temp Read Blocks":0,"Temp Written Blocks":0,"I/O Read Time":0.0,"I/O Write Time":0.0,"Temp I/O Read Time":0.0,"Temp I/O Write Time":0.0}]}]},{"Node Type":"Index Scan","Parent Relationship":"Inner","Parallel Aware":false,"Async Capable":false,"Scan Direction":"Forward","Index Name":"order_line_pk","Relation Name":"order_line","Schema":"public","Alias":"l2","Startup Cost":0.56,"Total Cost":35.72,"Plan Rows":2,"Plan Width":20,"Actual Startup Time":0.007,"Actual Total Time":0.007,"Actual Rows":0,"Actual Loops":535880,"Output":["l2.ol_o_id","l2.ol_d_id","l2.ol_w_id","l2.ol_number","l2.ol_i_id","l2.ol_supply_w_id","l2.ol_delivery_d","l2.ol_quantity","l2.ol_amount","l2.ol_dist_info"],"Index Cond":"((l2.ol_w_id = l1.ol_w_id) AND (l2.ol_d_id = l1.ol_d_id) AND (l2.ol_o_id = l1.ol_o_id))","Rows Removed by Index Recheck":0,"Filter":"((l2.ol_delivery_d >= '1992-01-02 20:10:02.27764'::timestamp without time zone) AND (l2.ol_delivery_d > l1.ol_delivery_d))","Rows Removed by Filter":11,"Shared Hit Blocks":2767173,"Shared Read Blocks":0,"Shared Dirtied Blocks":0,"Shared Written Blocks":0,"Local Hit Blocks":0,"Local Read Blocks":0,"Local Dirtied Blocks":0,"Local Written Blocks":0,"Temp Read Blocks":0,"Temp Written Blocks":0,"I/O Read Time":0.0,"I/O Write Time":0.0,"Temp I/O Read Time":0.0,"Temp I/O Write Time":0.0}]}]}]}]},"Planning":{"Shared Hit Blocks":128,"Shared Read Blocks":0,"Shared Dirtied Blocks":0,"Shared Written Blocks":0,"Local Hit Blocks":0,"Local Read Blocks":0,"Local Dirtied Blocks":0,"Local Written Blocks":0,"Temp Read Blocks":0,"Temp Written Blocks":0,"I/O Read Time":0.0,"I/O Write Time":0.0,"Temp I/O Read Time":0.0,"Temp I/O Write Time":0.0},"Planning Time":1.461,"Triggers":[],"Execution Time":30453.117}]
[列存组合]: nation, stock
[{"Plan":{"Node Type":"Sort","Parallel Aware":false,"Async Capable":false,"Startup Cost":9534513.11,"Total Cost":9534538.11,"Plan Rows":10000,"Plan Width":27,"Actual Startup Time":30393.743,"Actual Total Time":30393.767,"Actual Rows":156,"Actual Loops":1,"Output":["supplier.su_name","(count(*))"],"Sort Key":["(count(*)) DESC","supplier.su_name"],"Sort Method":"quicksort","Sort Space Used":35,"Sort Space Type":"Memory","Shared Hit Blocks":3547934,"Shared Read Blocks":0,"Shared Dirtied Blocks":0,"Shared Written Blocks":0,"Local Hit Blocks":0,"Local Read Blocks":0,"Local Dirtied Blocks":0,"Local Written Blocks":0,"Temp Read Blocks":208358,"Temp Written Blocks":208369,"I/O Read Time":0.0,"I/O Write Time":0.0,"Temp I/O Read Time":310.337,"Temp I/O Write Time":854.079,"Plans":[{"Node Type":"Aggregate","Strategy":"Sorted","Partial Mode":"Simple","Parent Relationship":"Outer","Parallel Aware":false,"Async Capable":false,"Startup Cost":9532611.27,"Total Cost":9533848.73,"Plan Rows":10000,"Plan Width":27,"Actual Startup Time":30290.811,"Actual Total Time":30393.705,"Actual Rows":156,"Actual Loops":1,"Output":["supplier.su_name","count(*)"],"Group Key":["supplier.su_name"],"Shared Hit Blocks":3547934,"Shared Read Blocks":0,"Shared Dirtied Blocks":0,"Shared Written Blocks":0,"Local Hit Blocks":0,"Local Read Blocks":0,"Local Dirtied Blocks":0,"Local Written Blocks":0,"Temp Read Blocks":208358,"Temp Written Blocks":208369,"I/O Read Time":0.0,"I/O Write Time":0.0,"Temp I/O Read Time":310.337,"Temp I/O Write Time":854.079,"Plans":[{"Node Type":"Sort","Parent Relationship":"Outer","Parallel Aware":false,"Async Capable":false,"Startup Cost":9532611.27,"Total Cost":9532990.42,"Plan Rows":151661,"Plan Width":19,"Actual Startup Time":30290.462,"Actual Total Time":30345.123,"Actual Rows":535880,"Actual Loops":1,"Output":["supplier.su_name"],"Sort Key":["supplier.su_name"],"Sort Method":"external merge","Sort Space Used":15280,"Sort Space Type":"Disk","Shared Hit Blocks":3547934,"Shared Read Blocks":0,"Shared Dirtied Blocks":0,"Shared Written Blocks":0,"Local Hit Blocks":0,"Local Read Blocks":0,"Local Dirtied Blocks":0,"Local Written Blocks":0,"Temp Read Blocks":208358,"Temp Written Blocks":208369,"I/O Read Time":0.0,"I/O Write Time":0.0,"Temp I/O Read Time":310.337,"Temp I/O Write Time":854.079,"Plans":[{"Node Type":"Nested Loop","Parent Relationship":"Outer","Parallel Aware":false,"Async Capable":false,"Join Type":"Anti","Startup Cost":899661.66,"Total Cost":9516448.97,"Plan Rows":151661,"Plan Width":19,"Actual Startup Time":8614.11,"Actual Total Time":29993.966,"Actual Rows":535880,"Actual Loops":1,"Output":["supplier.su_name"],"Inner Unique":false,"Shared Hit Blocks":3547934,"Shared Read Blocks":0,"Shared Dirtied Blocks":0,"Shared Written Blocks":0,"Local Hit Blocks":0,"Local Read Blocks":0,"Local Dirtied Blocks":0,"Local Written Blocks":0,"Temp Read Blocks":206448,"Temp Written Blocks":206448,"I/O Read Time":0.0,"I/O Write Time":0.0,"Temp I/O Read Time":307.553,"Temp I/O Write Time":846.576,"Plans":[{"Node Type":"Hash Join","Parent Relationship":"Outer","Parallel Aware":false,"Async Capable":false,"Join Type":"Inner","Startup Cost":899661.1,"Total Cost":3411028.87,"Plan Rows":227491,"Plan Width":39,"Actual Startup Time":8614.069,"Actual Total Time":26168.066,"Actual Rows":535880,"Actual Loops":1,"Output":["supplier.su_name","l1.ol_o_id","l1.ol_w_id","l1.ol_d_id","l1.ol_delivery_d"],"Inner Unique":true,"Hash Cond":"((l1.ol_o_id = orders.o_id) AND (l1.ol_w_id = orders.o_w_id) AND (l1.ol_d_id = orders.o_d_id))","Join Filter":"(l1.ol_delivery_d > orders.o_entry_d)","Rows Removed by Join Filter":0,"Shared Hit Blocks":780761,"Shared Read Blocks":0,"Shared Dirtied Blocks":0,"Shared Written Blocks":0,"Local Hit Blocks":0,"Local Read Blocks":0,"Local Dirtied Blocks":0,"Local Written Blocks":0,"Temp Read Blocks":206448,"Temp Written Blocks":206448,"I/O Read Time":0.0,"I/O Write Time":0.0,"Temp I/O Read Time":307.553,"Temp I/O Write Time":846.576,"Plans":[{"Node Type":"Hash Join","Parent Relationship":"Outer","Parallel Aware":false,"Async Capable":false,"Join Type":"Inner","Startup Cost":640468.83,"Total Cost":3099319.86,"Plan Rows":682888,"Plan Width":41,"Actual Startup Time":6852.73,"Actual Total Time":23614.94,"Actual Rows":536421,"Actual Loops":1,"Output":["supplier.su_name","stock.s_w_id","l1.ol_o_id","l1.ol_w_id","l1.ol_d_id","l1.ol_delivery_d"],"Inner Unique":false,"Hash Cond":"((l1.ol_w_id = stock.s_w_id) AND (l1.ol_i_id = stock.s_i_id))","Shared Hit Blocks":736639,"Shared Read Blocks":0,"Shared Dirtied Blocks":0,"Shared Written Blocks":0,"Local Hit Blocks":0,"Local Read Blocks":0,"Local Dirtied Blocks":0,"Local Written Blocks":0,"Temp Read Blocks":170308,"Temp Written Blocks":170308,"I/O Read Time":0.0,"I/O Write Time":0.0,"Temp I/O Read Time":248.922,"Temp I/O Write Time":669.858,"Plans":[{"Node Type":"Seq Scan","Parent Relationship":"Outer","Parallel Aware":false,"Async Capable":false,"Relation Name":"order_line","Schema":"public","Alias":"l1","Startup Cost":0.0,"Total Cost":1431670.8,"Plan Rows":42039468,"Plan Width":24,"Actual Startup Time":0.026,"Actual Total Time":6828.721,"Actual Rows":42000489,"Actual Loops":1,"Output":["l1.ol_o_id","l1.ol_w_id","l1.ol_d_id","l1.ol_i_id","l1.ol_delivery_d"],"Filter":"(l1.ol_delivery_d >= '1992-01-02 20:10:02.27764'::timestamp without time zone)","Rows Removed by Filter":17993272,"Shared Hit Blocks":681748,"Shared Read Blocks":0,"Shared Dirtied Blocks":0,"Shared Written Blocks":0,"Local Hit Blocks":0,"Local Read Blocks":0,"Local Dirtied Blocks":0,"Local Written Blocks":0,"Temp Read Blocks":0,"Temp Written Blocks":0,"I/O Read Time":0.0,"I/O Write Time":0.0,"Temp I/O Read Time":0.0,"Temp I/O Write Time":0.0},{"Node Type":"Hash","Parent Relationship":"Inner","Parallel Aware":false,"Async Capable":false,"Startup Cost":633424.07,"Total Cost":633424.07,"Plan Rows":322584,"Plan Width":25,"Actual Startup Time":6851.945,"Actual Total Time":6851.957,"Actual Rows":255450,"Actual Loops":1,"Output":["supplier.su_name","stock.s_w_id","stock.s_i_id"],"Hash Buckets":131072,"Original Hash Buckets":131072,"Hash Batches":4,"Original Hash Batches":4,"Peak Memory Usage":4756,"Shared Hit Blocks":54891,"Shared Read Blocks":0,"Shared Dirtied Blocks":0,"Shared Written Blocks":0,"Local Hit Blocks":0,"Local Read Blocks":0,"Local Dirtied Blocks":0,"Local Written Blocks":0,"Temp Read Blocks":0,"Temp Written Blocks":1122,"I/O Read Time":0.0,"I/O Write Time":0.0,"Temp I/O Read Time":0.0,"Temp I/O Write Time":7.19,"Plans":[{"Node Type":"Hash Join","Parent Relationship":"Outer","Parallel Aware":false,"Async Capable":false,"Join Type":"Inner","Startup Cost":444.22,"Total Cost":633424.07,"Plan Rows":322584,"Plan Width":25,"Actual Startup Time":2.853,"Actual Total Time":6798.003,"Actual Rows":255450,"Actual Loops":1,"Output":["supplier.su_name","stock.s_w_id","stock.s_i_id"],"Inner Unique":true,"Hash Cond":"(supplier.su_nationkey = nation.n_nationkey)","Shared Hit Blocks":54891,"Shared Read Blocks":0,"Shared Dirtied Blocks":0,"Shared Written Blocks":0,"Local Hit Blocks":0,"Local Read Blocks":0,"Local Dirtied Blocks":0,"Local Written Blocks":0,"Temp Read Blocks":0,"Temp Written Blocks":0,"I/O Read Time":0.0,"I/O Write Time":0.0,"Temp I/O Read Time":0.0,"Temp I/O Write Time":0.0,"Plans":[{"Node Type":"Hash Join","Parent Relationship":"Outer","Parallel Aware":false,"Async Capable":false,"Join Type":"Inner","Startup Cost":442.44,"Total Cost":577332.98,"Plan Rows":20000212,"Plan Width":29,"Actual Startup Time":2.806,"Actual Total Time":5481.275,"Actual Rows":20000000,"Actual Loops":1,"Output":["supplier.su_name","supplier.su_nationkey","stock.s_w_id","stock.s_i_id"],"Inner Unique":true,"Hash Cond":"(mod((stock.s_w_id * stock.s_i_id), 10000) = supplier.su_suppkey)","Shared Hit Blocks":54890,"Shared Read Blocks":0,"Shared Dirtied Blocks":0,"Shared Written Blocks":0,"Local Hit Blocks":0,"Local Read Blocks":0,"Local Dirtied Blocks":0,"Local Written Blocks":0,"Temp Read Blocks":0,"Temp Written Blocks":0,"I/O Read Time":0.0,"I/O Write Time":0.0,"Temp I/O Read Time":0.0,"Temp I/O Write Time":0.0,"Plans":[{"Node Type":"Index Only Scan","Parent Relationship":"Outer","Parallel Aware":false,"Async Capable":false,"Scan Direction":"Forward","Index Name":"stock_pk","Relation Name":"stock","Schema":"public","Alias":"stock","Startup Cost":0.44,"Total Cost":519363.62,"Plan Rows":20000212,"Plan Width":6,"Actual Startup Time":0.029,"Actual Total Time":1529.689,"Actual Rows":20000000,"Actual Loops":1,"Output":["stock.s_w_id","stock.s_i_id"],"Heap Fetches":0,"Shared Hit Blocks":54673,"Shared Read Blocks":0,"Shared Dirtied Blocks":0,"Shared Written Blocks":0,"Local Hit Blocks":0,"Local Read Blocks":0,"Local Dirtied Blocks":0,"Local Written Blocks":0,"Temp Read Blocks":0,"Temp Written Blocks":0,"I/O Read Time":0.0,"I/O Write Time":0.0,"Temp I/O Read Time":0.0,"Temp I/O Write Time":0.0},{"Node Type":"Hash","Parent Relationship":"Inner","Parallel Aware":false,"Async Capable":false,"Startup Cost":317.0,"Total Cost":317.0,"Plan Rows":10000,"Plan Width":27,"Actual Startup Time":2.718,"Actual Total Time":2.72,"Actual Rows":10000,"Actual Loops":1,"Output":["supplier.su_name","supplier.su_suppkey","supplier.su_nationkey"],"Hash Buckets":16384,"Original Hash Buckets":16384,"Hash Batches":1,"Original Hash Batches":1,"Peak Memory Usage":714,"Shared Hit Blocks":217,"Shared Read Blocks":0,"Shared Dirtied Blocks":0,"Shared Written Blocks":0,"Local Hit Blocks":0,"Local Read Blocks":0,"Local Dirtied Blocks":0,"Local Written Blocks":0,"Temp Read Blocks":0,"Temp Written Blocks":0,"I/O Read Time":0.0,"I/O Write Time":0.0,"Temp I/O Read Time":0.0,"Temp I/O Write Time":0.0,"Plans":[{"Node Type":"Seq Scan","Parent Relationship":"Outer","Parallel Aware":false,"Async Capable":false,"Relation Name":"supplier","Schema":"public","Alias":"supplier","Startup Cost":0.0,"Total Cost":317.0,"Plan Rows":10000,"Plan Width":27,"Actual Startup Time":0.015,"Actual Total Time":1.305,"Actual Rows":10000,"Actual Loops":1,"Output":["supplier.su_name","supplier.su_suppkey","supplier.su_nationkey"],"Shared Hit Blocks":217,"Shared Read Blocks":0,"Shared Dirtied Blocks":0,"Shared Written Blocks":0,"Local Hit Blocks":0,"Local Read Blocks":0,"Local Dirtied Blocks":0,"Local Written Blocks":0,"Temp Read Blocks":0,"Temp Written Blocks":0,"I/O Read Time":0.0,"I/O Write Time":0.0,"Temp I/O Read Time":0.0,"Temp I/O Write Time":0.0}]}]},{"Node Type":"Hash","Parent Relationship":"Inner","Parallel Aware":false,"Async Capable":false,"Startup Cost":1.77,"Total Cost":1.77,"Plan Rows":1,"Plan Width":4,"Actual Startup Time":0.022,"Actual Total Time":0.024,"Actual Rows":1,"Actual Loops":1,"Output":["nation.n_nationkey"],"Hash Buckets":1024,"Original Hash Buckets":1024,"Hash Batches":1,"Original Hash Batches":1,"Peak Memory Usage":9,"Shared Hit Blocks":1,"Shared Read Blocks":0,"Shared Dirtied Blocks":0,"Shared Written Blocks":0,"Local Hit Blocks":0,"Local Read Blocks":0,"Local Dirtied Blocks":0,"Local Written Blocks":0,"Temp Read Blocks":0,"Temp Written Blocks":0,"I/O Read Time":0.0,"I/O Write Time":0.0,"Temp I/O Read Time":0.0,"Temp I/O Write Time":0.0,"Plans":[{"Node Type":"Seq Scan","Parent Relationship":"Outer","Parallel Aware":false,"Async Capable":false,"Relation Name":"nation","Schema":"public","Alias":"nation","Startup Cost":0.0,"Total Cost":1.77,"Plan Rows":1,"Plan Width":4,"Actual Startup Time":0.016,"Actual Total Time":0.019,"Actual Rows":1,"Actual Loops":1,"Output":["nation.n_nationkey"],"Filter":"((nation.n_name)::text = 'Cambodia'::text)","Rows Removed by Filter":61,"Shared Hit Blocks":1,"Shared Read Blocks":0,"Shared Dirtied Blocks":0,"Shared Written Blocks":0,"Local Hit Blocks":0,"Local Read Blocks":0,"Local Dirtied Blocks":0,"Local Written Blocks":0,"Temp Read Blocks":0,"Temp Written Blocks":0,"I/O Read Time":0.0,"I/O Write Time":0.0,"Temp I/O Read Time":0.0,"Temp I/O Write Time":0.0}]}]}]}]},{"Node Type":"Hash","Parent Relationship":"Inner","Parallel Aware":false,"Async Capable":false,"Startup Cost":119121.6,"Total Cost":119121.6,"Plan Rows":5996324,"Plan Width":20,"Actual Startup Time":1759.735,"Actual Total Time":1759.737,"Actual Rows":5995789,"Actual Loops":1,"Output":["orders.o_id","orders.o_w_id","orders.o_d_id","orders.o_entry_d"],"Hash Buckets":131072,"Original Hash Buckets":131072,"Hash Batches":64,"Original Hash Batches":64,"Peak Memory Usage":6157,"Shared Hit Blocks":44122,"Shared Read Blocks":0,"Shared Dirtied Blocks":0,"Shared Written Blocks":0,"Local Hit Blocks":0,"Local Read Blocks":0,"Local Dirtied Blocks":0,"Local Written Blocks":0,"Temp Read Blocks":0,"Temp Written Blocks":31667,"I/O Read Time":0.0,"I/O Write Time":0.0,"Temp I/O Read Time":0.0,"Temp I/O Write Time":147.765,"Plans":[{"Node Type":"Seq Scan","Parent Relationship":"Outer","Parallel Aware":false,"Async Capable":false,"Relation Name":"orders","Schema":"public","Alias":"orders","Startup Cost":0.0,"Total Cost":119121.6,"Plan Rows":5996324,"Plan Width":20,"Actual Startup Time":0.015,"Actual Total Time":717.57,"Actual Rows":5995789,"Actual Loops":1,"Output":["orders.o_id","orders.o_w_id","orders.o_d_id","orders.o_entry_d"],"Filter":"(orders.o_entry_d >= '1992-01-02 20:10:02.27764'::timestamp without time zone)","Rows Removed by Filter":4211,"Shared Hit Blocks":44122,"Shared Read Blocks":0,"Shared Dirtied Blocks":0,"Shared Written Blocks":0,"Local Hit Blocks":0,"Local Read Blocks":0,"Local Dirtied Blocks":0,"Local Written Blocks":0,"Temp Read Blocks":0,"Temp Written Blocks":0,"I/O Read Time":0.0,"I/O Write Time":0.0,"Temp I/O Read Time":0.0,"Temp I/O Write Time":0.0}]}]},{"Node Type":"Index Scan","Parent Relationship":"Inner","Parallel Aware":false,"Async Capable":false,"Scan Direction":"Forward","Index Name":"order_line_pk","Relation Name":"order_line","Schema":"public","Alias":"l2","Startup Cost":0.56,"Total Cost":35.72,"Plan Rows":2,"Plan Width":20,"Actual Startup Time":0.007,"Actual Total Time":0.007,"Actual Rows":0,"Actual Loops":535880,"Output":["l2.ol_o_id","l2.ol_d_id","l2.ol_w_id","l2.ol_number","l2.ol_i_id","l2.ol_supply_w_id","l2.ol_delivery_d","l2.ol_quantity","l2.ol_amount","l2.ol_dist_info"],"Index Cond":"((l2.ol_w_id = l1.ol_w_id) AND (l2.ol_d_id = l1.ol_d_id) AND (l2.ol_o_id = l1.ol_o_id))","Rows Removed by Index Recheck":0,"Filter":"((l2.ol_delivery_d >= '1992-01-02 20:10:02.27764'::timestamp without time zone) AND (l2.ol_delivery_d > l1.ol_delivery_d))","Rows Removed by Filter":11,"Shared Hit Blocks":2767173,"Shared Read Blocks":0,"Shared Dirtied Blocks":0,"Shared Written Blocks":0,"Local Hit Blocks":0,"Local Read Blocks":0,"Local Dirtied Blocks":0,"Local Written Blocks":0,"Temp Read Blocks":0,"Temp Written Blocks":0,"I/O Read Time":0.0,"I/O Write Time":0.0,"Temp I/O Read Time":0.0,"Temp I/O Write Time":0.0}]}]}]}]},"Planning":{"Shared Hit Blocks":128,"Shared Read Blocks":0,"Shared Dirtied Blocks":0,"Shared Written Blocks":0,"Local Hit Blocks":0,"Local Read Blocks":0,"Local Dirtied Blocks":0,"Local Written Blocks":0,"Temp Read Blocks":0,"Temp Written Blocks":0,"I/O Read Time":0.0,"I/O Write Time":0.0,"Temp I/O Read Time":0.0,"Temp I/O Write Time":0.0},"Planning Time":2.258,"Triggers":[],"Execution Time":30396.462}]
[列存组合]: nation, supplier
[{"Plan":{"Node Type":"Sort","Parallel Aware":false,"Async Capable":false,"Startup Cost":9534435.14,"Total Cost":9534460.14,"Plan Rows":10000,"Plan Width":27,"Actual Startup Time":31008.995,"Actual Total Time":31009.023,"Actual Rows":156,"Actual Loops":1,"Output":["supplier.su_name","(count(*))"],"Sort Key":["(count(*)) DESC","supplier.su_name"],"Sort Method":"quicksort","Sort Space Used":35,"Sort Space Type":"Memory","Shared Hit Blocks":3547717,"Shared Read Blocks":0,"Shared Dirtied Blocks":0,"Shared Written Blocks":0,"Local Hit Blocks":0,"Local Read Blocks":0,"Local Dirtied Blocks":0,"Local Written Blocks":0,"Temp Read Blocks":208358,"Temp Written Blocks":208369,"I/O Read Time":0.0,"I/O Write Time":0.0,"Temp I/O Read Time":318.374,"Temp I/O Write Time":850.695,"Plans":[{"Node Type":"Aggregate","Strategy":"Sorted","Partial Mode":"Simple","Parent Relationship":"Outer","Parallel Aware":false,"Async Capable":false,"Startup Cost":9532533.29,"Total Cost":9533770.75,"Plan Rows":10000,"Plan Width":27,"Actual Startup Time":30904.672,"Actual Total Time":31008.965,"Actual Rows":156,"Actual Loops":1,"Output":["supplier.su_name","count(*)"],"Group Key":["supplier.su_name"],"Shared Hit Blocks":3547717,"Shared Read Blocks":0,"Shared Dirtied Blocks":0,"Shared Written Blocks":0,"Local Hit Blocks":0,"Local Read Blocks":0,"Local Dirtied Blocks":0,"Local Written Blocks":0,"Temp Read Blocks":208358,"Temp Written Blocks":208369,"I/O Read Time":0.0,"I/O Write Time":0.0,"Temp I/O Read Time":318.374,"Temp I/O Write Time":850.695,"Plans":[{"Node Type":"Sort","Parent Relationship":"Outer","Parallel Aware":false,"Async Capable":false,"Startup Cost":9532533.29,"Total Cost":9532912.45,"Plan Rows":151661,"Plan Width":19,"Actual Startup Time":30904.32,"Actual Total Time":30958.568,"Actual Rows":535880,"Actual Loops":1,"Output":["supplier.su_name"],"Sort Key":["supplier.su_name"],"Sort Method":"external merge","Sort Space Used":15280,"Sort Space Type":"Disk","Shared Hit Blocks":3547717,"Shared Read Blocks":0,"Shared Dirtied Blocks":0,"Shared Written Blocks":0,"Local Hit Blocks":0,"Local Read Blocks":0,"Local Dirtied Blocks":0,"Local Written Blocks":0,"Temp Read Blocks":208358,"Temp Written Blocks":208369,"I/O Read Time":0.0,"I/O Write Time":0.0,"Temp I/O Read Time":318.374,"Temp I/O Write Time":850.695,"Plans":[{"Node Type":"Nested Loop","Parent Relationship":"Outer","Parallel Aware":false,"Async Capable":false,"Join Type":"Anti","Startup Cost":899583.69,"Total Cost":9516370.99,"Plan Rows":151661,"Plan Width":19,"Actual Startup Time":8656.11,"Actual Total Time":30563.5,"Actual Rows":535880,"Actual Loops":1,"Output":["supplier.su_name"],"Inner Unique":false,"Shared Hit Blocks":3547717,"Shared Read Blocks":0,"Shared Dirtied Blocks":0,"Shared Written Blocks":0,"Local Hit Blocks":0,"Local Read Blocks":0,"Local Dirtied Blocks":0,"Local Written Blocks":0,"Temp Read Blocks":206448,"Temp Written Blocks":206448,"I/O Read Time":0.0,"I/O Write Time":0.0,"Temp I/O Read Time":315.633,"Temp I/O Write Time":842.168,"Plans":[{"Node Type":"Hash Join","Parent Relationship":"Outer","Parallel Aware":false,"Async Capable":false,"Join Type":"Inner","Startup Cost":899583.12,"Total Cost":3410950.89,"Plan Rows":227491,"Plan Width":39,"Actual Startup Time":8656.069,"Actual Total Time":26293.342,"Actual Rows":535880,"Actual Loops":1,"Output":["supplier.su_name","l1.ol_o_id","l1.ol_w_id","l1.ol_d_id","l1.ol_delivery_d"],"Inner Unique":true,"Hash Cond":"((l1.ol_o_id = orders.o_id) AND (l1.ol_w_id = orders.o_w_id) AND (l1.ol_d_id = orders.o_d_id))","Join Filter":"(l1.ol_delivery_d > orders.o_entry_d)","Rows Removed by Join Filter":0,"Shared Hit Blocks":780544,"Shared Read Blocks":0,"Shared Dirtied Blocks":0,"Shared Written Blocks":0,"Local Hit Blocks":0,"Local Read Blocks":0,"Local Dirtied Blocks":0,"Local Written Blocks":0,"Temp Read Blocks":206448,"Temp Written Blocks":206448,"I/O Read Time":0.0,"I/O Write Time":0.0,"Temp I/O Read Time":315.633,"Temp I/O Write Time":842.168,"Plans":[{"Node Type":"Hash Join","Parent Relationship":"Outer","Parallel Aware":false,"Async Capable":false,"Join Type":"Inner","Startup Cost":640390.85,"Total Cost":3099241.88,"Plan Rows":682888,"Plan Width":41,"Actual Startup Time":6914.532,"Actual Total Time":23652.831,"Actual Rows":536421,"Actual Loops":1,"Output":["supplier.su_name","stock.s_w_id","l1.ol_o_id","l1.ol_w_id","l1.ol_d_id","l1.ol_delivery_d"],"Inner Unique":false,"Hash Cond":"((l1.ol_w_id = stock.s_w_id) AND (l1.ol_i_id = stock.s_i_id))","Shared Hit Blocks":736422,"Shared Read Blocks":0,"Shared Dirtied Blocks":0,"Shared Written Blocks":0,"Local Hit Blocks":0,"Local Read Blocks":0,"Local Dirtied Blocks":0,"Local Written Blocks":0,"Temp Read Blocks":170308,"Temp Written Blocks":170308,"I/O Read Time":0.0,"I/O Write Time":0.0,"Temp I/O Read Time":248.62,"Temp I/O Write Time":669.859,"Plans":[{"Node Type":"Seq Scan","Parent Relationship":"Outer","Parallel Aware":false,"Async Capable":false,"Relation Name":"order_line","Schema":"public","Alias":"l1","Startup Cost":0.0,"Total Cost":1431670.8,"Plan Rows":42039468,"Plan Width":24,"Actual Startup Time":0.011,"Actual Total Time":6806.982,"Actual Rows":42000489,"Actual Loops":1,"Output":["l1.ol_o_id","l1.ol_w_id","l1.ol_d_id","l1.ol_i_id","l1.ol_delivery_d"],"Filter":"(l1.ol_delivery_d >= '1992-01-02 20:10:02.27764'::timestamp without time zone)","Rows Removed by Filter":17993272,"Shared Hit Blocks":681748,"Shared Read Blocks":0,"Shared Dirtied Blocks":0,"Shared Written Blocks":0,"Local Hit Blocks":0,"Local Read Blocks":0,"Local Dirtied Blocks":0,"Local Written Blocks":0,"Temp Read Blocks":0,"Temp Written Blocks":0,"I/O Read Time":0.0,"I/O Write Time":0.0,"Temp I/O Read Time":0.0,"Temp I/O Write Time":0.0},{"Node Type":"Hash","Parent Relationship":"Inner","Parallel Aware":false,"Async Capable":false,"Startup Cost":633346.09,"Total Cost":633346.09,"Plan Rows":322584,"Plan Width":25,"Actual Startup Time":6913.813,"Actual Total Time":6913.828,"Actual Rows":255450,"Actual Loops":1,"Output":["supplier.su_name","stock.s_w_id","stock.s_i_id"],"Hash Buckets":131072,"Original Hash Buckets":131072,"Hash Batches":4,"Original Hash Batches":4,"Peak Memory Usage":4756,"Shared Hit Blocks":54674,"Shared Read Blocks":0,"Shared Dirtied Blocks":0,"Shared Written Blocks":0,"Local Hit Blocks":0,"Local Read Blocks":0,"Local Dirtied Blocks":0,"Local Written Blocks":0,"Temp Read Blocks":0,"Temp Written Blocks":1122,"I/O Read Time":0.0,"I/O Write Time":0.0,"Temp I/O Read Time":0.0,"Temp I/O Write Time":7.176,"Plans":[{"Node Type":"Hash Join","Parent Relationship":"Outer","Parallel Aware":false,"Async Capable":false,"Join Type":"Inner","Startup Cost":366.25,"Total Cost":633346.09,"Plan Rows":322584,"Plan Width":25,"Actual Startup Time":3.407,"Actual Total Time":6861.595,"Actual Rows":255450,"Actual Loops":1,"Output":["supplier.su_name","stock.s_w_id","stock.s_i_id"],"Inner Unique":true,"Hash Cond":"(supplier.su_nationkey = nation.n_nationkey)","Shared Hit Blocks":54674,"Shared Read Blocks":0,"Shared Dirtied Blocks":0,"Shared Written Blocks":0,"Local Hit Blocks":0,"Local Read Blocks":0,"Local Dirtied Blocks":0,"Local Written Blocks":0,"Temp Read Blocks":0,"Temp Written Blocks":0,"I/O Read Time":0.0,"I/O Write Time":0.0,"Temp I/O Read Time":0.0,"Temp I/O Write Time":0.0,"Plans":[{"Node Type":"Hash Join","Parent Relationship":"Outer","Parallel Aware":false,"Async Capable":false,"Join Type":"Inner","Startup Cost":364.46,"Total Cost":577255.0,"Plan Rows":20000212,"Plan Width":29,"Actual Startup Time":3.375,"Actual Total Time":5542.431,"Actual Rows":20000000,"Actual Loops":1,"Output":["supplier.su_name","supplier.su_nationkey","stock.s_w_id","stock.s_i_id"],"Inner Unique":true,"Hash Cond":"(mod((stock.s_w_id * stock.s_i_id), 10000) = supplier.su_suppkey)","Shared Hit Blocks":54673,"Shared Read Blocks":0,"Shared Dirtied Blocks":0,"Shared Written Blocks":0,"Local Hit Blocks":0,"Local Read Blocks":0,"Local Dirtied Blocks":0,"Local Written Blocks":0,"Temp Read Blocks":0,"Temp Written Blocks":0,"I/O Read Time":0.0,"I/O Write Time":0.0,"Temp I/O Read Time":0.0,"Temp I/O Write Time":0.0,"Plans":[{"Node Type":"Index Only Scan","Parent Relationship":"Outer","Parallel Aware":false,"Async Capable":false,"Scan Direction":"Forward","Index Name":"stock_pk","Relation Name":"stock","Schema":"public","Alias":"stock","Startup Cost":0.44,"Total Cost":519363.62,"Plan Rows":20000212,"Plan Width":6,"Actual Startup Time":0.018,"Actual Total Time":1538.079,"Actual Rows":20000000,"Actual Loops":1,"Output":["stock.s_w_id","stock.s_i_id"],"Heap Fetches":0,"Shared Hit Blocks":54673,"Shared Read Blocks":0,"Shared Dirtied Blocks":0,"Shared Written Blocks":0,"Local Hit Blocks":0,"Local Read Blocks":0,"Local Dirtied Blocks":0,"Local Written Blocks":0,"Temp Read Blocks":0,"Temp Written Blocks":0,"I/O Read Time":0.0,"I/O Write Time":0.0,"Temp I/O Read Time":0.0,"Temp I/O Write Time":0.0},{"Node Type":"Hash","Parent Relationship":"Inner","Parallel Aware":false,"Async Capable":false,"Startup Cost":239.01,"Total Cost":239.01,"Plan Rows":10001,"Plan Width":27,"Actual Startup Time":3.309,"Actual Total Time":3.315,"Actual Rows":10000,"Actual Loops":1,"Output":["supplier.su_name","supplier.su_suppkey","supplier.su_nationkey"],"Hash Buckets":16384,"Original Hash Buckets":16384,"Hash Batches":1,"Original Hash Batches":1,"Peak Memory Usage":714,"Shared Hit Blocks":0,"Shared Read Blocks":0,"Shared Dirtied Blocks":0,"Shared Written Blocks":0,"Local Hit Blocks":0,"Local Read Blocks":0,"Local Dirtied Blocks":0,"Local Written Blocks":0,"Temp Read Blocks":0,"Temp Written Blocks":0,"I/O Read Time":0.0,"I/O Write Time":0.0,"Temp I/O Read Time":0.0,"Temp I/O Write Time":0.0,"Plans":[{"Node Type":"Append","Parent Relationship":"Outer","Parallel Aware":false,"Async Capable":false,"Startup Cost":20.0,"Total Cost":239.01,"Plan Rows":10001,"Plan Width":27,"Actual Startup Time":0.027,"Actual Total Time":2.021,"Actual Rows":10000,"Actual Loops":1,"Shared Hit Blocks":0,"Shared Read Blocks":0,"Shared Dirtied Blocks":0,"Shared Written Blocks":0,"Local Hit Blocks":0,"Local Read Blocks":0,"Local Dirtied Blocks":0,"Local Written Blocks":0,"Temp Read Blocks":0,"Temp Written Blocks":0,"I/O Read Time":0.0,"I/O Write Time":0.0,"Temp I/O Read Time":0.0,"Temp I/O Write Time":0.0,"Subplans Removed":0,"Plans":[{"Node Type":"Custom Scan","Parent Relationship":"Member","Custom Plan Provider":"columnar scan","Parallel Aware":false,"Async Capable":false,"Relation Name":"supplier","Schema":"public","Alias":"supplier","Startup Cost":20.0,"Total Cost":235.0,"Plan Rows":10000,"Plan Width":27,"Actual Startup Time":0.026,"Actual Total Time":1.322,"Actual Rows":10000,"Actual Loops":1,"Output":["supplier.su_name","supplier.su_suppkey","supplier.su_nationkey"],"Rows Removed by Columnar Filter":0,"Columnar cache search mode":"native","Shared Hit Blocks":0,"Shared Read Blocks":0,"Shared Dirtied Blocks":0,"Shared Written Blocks":0,"Local Hit Blocks":0,"Local Read Blocks":0,"Local Dirtied Blocks":0,"Local Written Blocks":0,"Temp Read Blocks":0,"Temp Written Blocks":0,"I/O Read Time":0.0,"I/O Write Time":0.0,"Temp I/O Read Time":0.0,"Temp I/O Write Time":0.0},{"Node Type":"Seq Scan","Parent Relationship":"Member","Parallel Aware":false,"Async Capable":false,"Relation Name":"supplier","Schema":"public","Alias":"supplier","Startup Cost":0.0,"Total Cost":4.01,"Plan Rows":1,"Plan Width":27,"Actual Startup Time":0.0,"Actual Total Time":0.0,"Actual Rows":0,"Actual Loops":0,"Output":["supplier.su_name","supplier.su_suppkey","supplier.su_nationkey"],"Shared Hit Blocks":0,"Shared Read Blocks":0,"Shared Dirtied Blocks":0,"Shared Written Blocks":0,"Local Hit Blocks":0,"Local Read Blocks":0,"Local Dirtied Blocks":0,"Local Written Blocks":0,"Temp Read Blocks":0,"Temp Written Blocks":0,"I/O Read Time":0.0,"I/O Write Time":0.0,"Temp I/O Read Time":0.0,"Temp I/O Write Time":0.0}]}]}]},{"Node Type":"Hash","Parent Relationship":"Inner","Parallel Aware":false,"Async Capable":false,"Startup Cost":1.77,"Total Cost":1.77,"Plan Rows":1,"Plan Width":4,"Actual Startup Time":0.014,"Actual Total Time":0.015,"Actual Rows":1,"Actual Loops":1,"Output":["nation.n_nationkey"],"Hash Buckets":1024,"Original Hash Buckets":1024,"Hash Batches":1,"Original Hash Batches":1,"Peak Memory Usage":9,"Shared Hit Blocks":1,"Shared Read Blocks":0,"Shared Dirtied Blocks":0,"Shared Written Blocks":0,"Local Hit Blocks":0,"Local Read Blocks":0,"Local Dirtied Blocks":0,"Local Written Blocks":0,"Temp Read Blocks":0,"Temp Written Blocks":0,"I/O Read Time":0.0,"I/O Write Time":0.0,"Temp I/O Read Time":0.0,"Temp I/O Write Time":0.0,"Plans":[{"Node Type":"Seq Scan","Parent Relationship":"Outer","Parallel Aware":false,"Async Capable":false,"Relation Name":"nation","Schema":"public","Alias":"nation","Startup Cost":0.0,"Total Cost":1.77,"Plan Rows":1,"Plan Width":4,"Actual Startup Time":0.009,"Actual Total Time":0.012,"Actual Rows":1,"Actual Loops":1,"Output":["nation.n_nationkey"],"Filter":"((nation.n_name)::text = 'Cambodia'::text)","Rows Removed by Filter":61,"Shared Hit Blocks":1,"Shared Read Blocks":0,"Shared Dirtied Blocks":0,"Shared Written Blocks":0,"Local Hit Blocks":0,"Local Read Blocks":0,"Local Dirtied Blocks":0,"Local Written Blocks":0,"Temp Read Blocks":0,"Temp Written Blocks":0,"I/O Read Time":0.0,"I/O Write Time":0.0,"Temp I/O Read Time":0.0,"Temp I/O Write Time":0.0}]}]}]}]},{"Node Type":"Hash","Parent Relationship":"Inner","Parallel Aware":false,"Async Capable":false,"Startup Cost":119121.6,"Total Cost":119121.6,"Plan Rows":5996324,"Plan Width":20,"Actual Startup Time":1740.302,"Actual Total Time":1740.304,"Actual Rows":5995789,"Actual Loops":1,"Output":["orders.o_id","orders.o_w_id","orders.o_d_id","orders.o_entry_d"],"Hash Buckets":131072,"Original Hash Buckets":131072,"Hash Batches":64,"Original Hash Batches":64,"Peak Memory Usage":6157,"Shared Hit Blocks":44122,"Shared Read Blocks":0,"Shared Dirtied Blocks":0,"Shared Written Blocks":0,"Local Hit Blocks":0,"Local Read Blocks":0,"Local Dirtied Blocks":0,"Local Written Blocks":0,"Temp Read Blocks":0,"Temp Written Blocks":31667,"I/O Read Time":0.0,"I/O Write Time":0.0,"Temp I/O Read Time":0.0,"Temp I/O Write Time":143.139,"Plans":[{"Node Type":"Seq Scan","Parent Relationship":"Outer","Parallel Aware":false,"Async Capable":false,"Relation Name":"orders","Schema":"public","Alias":"orders","Startup Cost":0.0,"Total Cost":119121.6,"Plan Rows":5996324,"Plan Width":20,"Actual Startup Time":0.012,"Actual Total Time":712.395,"Actual Rows":5995789,"Actual Loops":1,"Output":["orders.o_id","orders.o_w_id","orders.o_d_id","orders.o_entry_d"],"Filter":"(orders.o_entry_d >= '1992-01-02 20:10:02.27764'::timestamp without time zone)","Rows Removed by Filter":4211,"Shared Hit Blocks":44122,"Shared Read Blocks":0,"Shared Dirtied Blocks":0,"Shared Written Blocks":0,"Local Hit Blocks":0,"Local Read Blocks":0,"Local Dirtied Blocks":0,"Local Written Blocks":0,"Temp Read Blocks":0,"Temp Written Blocks":0,"I/O Read Time":0.0,"I/O Write Time":0.0,"Temp I/O Read Time":0.0,"Temp I/O Write Time":0.0}]}]},{"Node Type":"Index Scan","Parent Relationship":"Inner","Parallel Aware":false,"Async Capable":false,"Scan Direction":"Forward","Index Name":"order_line_pk","Relation Name":"order_line","Schema":"public","Alias":"l2","Startup Cost":0.56,"Total Cost":35.72,"Plan Rows":2,"Plan Width":20,"Actual Startup Time":0.008,"Actual Total Time":0.008,"Actual Rows":0,"Actual Loops":535880,"Output":["l2.ol_o_id","l2.ol_d_id","l2.ol_w_id","l2.ol_number","l2.ol_i_id","l2.ol_supply_w_id","l2.ol_delivery_d","l2.ol_quantity","l2.ol_amount","l2.ol_dist_info"],"Index Cond":"((l2.ol_w_id = l1.ol_w_id) AND (l2.ol_d_id = l1.ol_d_id) AND (l2.ol_o_id = l1.ol_o_id))","Rows Removed by Index Recheck":0,"Filter":"((l2.ol_delivery_d >= '1992-01-02 20:10:02.27764'::timestamp without time zone) AND (l2.ol_delivery_d > l1.ol_delivery_d))","Rows Removed by Filter":11,"Shared Hit Blocks":2767173,"Shared Read Blocks":0,"Shared Dirtied Blocks":0,"Shared Written Blocks":0,"Local Hit Blocks":0,"Local Read Blocks":0,"Local Dirtied Blocks":0,"Local Written Blocks":0,"Temp Read Blocks":0,"Temp Written Blocks":0,"I/O Read Time":0.0,"I/O Write Time":0.0,"Temp I/O Read Time":0.0,"Temp I/O Write Time":0.0}]}]}]}]},"Planning":{"Shared Hit Blocks":128,"Shared Read Blocks":0,"Shared Dirtied Blocks":0,"Shared Written Blocks":0,"Local Hit Blocks":0,"Local Read Blocks":0,"Local Dirtied Blocks":0,"Local Written Blocks":0,"Temp Read Blocks":0,"Temp Written Blocks":0,"I/O Read Time":0.0,"I/O Write Time":0.0,"Temp I/O Read Time":0.0,"Temp I/O Write Time":0.0},"Planning Time":1.317,"Triggers":[],"Execution Time":31011.648}]
[列存组合]: order_line, orders
[{"Plan":{"Node Type":"Sort","Parallel Aware":false,"Async Capable":false,"Startup Cost":9506441.14,"Total Cost":9506466.14,"Plan Rows":10000,"Plan Width":27,"Actual Startup Time":35736.207,"Actual Total Time":35736.239,"Actual Rows":156,"Actual Loops":1,"Output":["supplier.su_name","(count(*))"],"Sort Key":["(count(*)) DESC","supplier.su_name"],"Sort Method":"quicksort","Sort Space Used":35,"Sort Space Type":"Memory","Shared Hit Blocks":2866186,"Shared Read Blocks":0,"Shared Dirtied Blocks":0,"Shared Written Blocks":0,"Local Hit Blocks":0,"Local Read Blocks":0,"Local Dirtied Blocks":0,"Local Written Blocks":0,"Temp Read Blocks":208196,"Temp Written Blocks":208207,"I/O Read Time":0.0,"I/O Write Time":0.0,"Temp I/O Read Time":315.233,"Temp I/O Write Time":863.762,"Plans":[{"Node Type":"Aggregate","Strategy":"Sorted","Partial Mode":"Simple","Parent Relationship":"Outer","Parallel Aware":false,"Async Capable":false,"Startup Cost":9504539.29,"Total Cost":9505776.75,"Plan Rows":10000,"Plan Width":27,"Actual Startup Time":35632.034,"Actual Total Time":35736.177,"Actual Rows":156,"Actual Loops":1,"Output":["supplier.su_name","count(*)"],"Group Key":["supplier.su_name"],"Shared Hit Blocks":2866186,"Shared Read Blocks":0,"Shared Dirtied Blocks":0,"Shared Written Blocks":0,"Local Hit Blocks":0,"Local Read Blocks":0,"Local Dirtied Blocks":0,"Local Written Blocks":0,"Temp Read Blocks":208196,"Temp Written Blocks":208207,"I/O Read Time":0.0,"I/O Write Time":0.0,"Temp I/O Read Time":315.233,"Temp I/O Write Time":863.762,"Plans":[{"Node Type":"Sort","Parent Relationship":"Outer","Parallel Aware":false,"Async Capable":false,"Startup Cost":9504539.29,"Total Cost":9504918.45,"Plan Rows":151661,"Plan Width":19,"Actual Startup Time":35631.68,"Actual Total Time":35686.009,"Actual Rows":535880,"Actual Loops":1,"Output":["supplier.su_name"],"Sort Key":["supplier.su_name"],"Sort Method":"external merge","Sort Space Used":15280,"Sort Space Type":"Disk","Shared Hit Blocks":2866186,"Shared Read Blocks":0,"Shared Dirtied Blocks":0,"Shared Written Blocks":0,"Local Hit Blocks":0,"Local Read Blocks":0,"Local Dirtied Blocks":0,"Local Written Blocks":0,"Temp Read Blocks":208196,"Temp Written Blocks":208207,"I/O Read Time":0.0,"I/O Write Time":0.0,"Temp I/O Read Time":315.233,"Temp I/O Write Time":863.762,"Plans":[{"Node Type":"Nested Loop","Parent Relationship":"Outer","Parallel Aware":false,"Async Capable":false,"Join Type":"Anti","Startup Cost":899681.66,"Total Cost":9488376.99,"Plan Rows":151661,"Plan Width":19,"Actual Startup Time":9049.898,"Actual Total Time":35317.025,"Actual Rows":535880,"Actual Loops":1,"Output":["supplier.su_name"],"Inner Unique":false,"Shared Hit Blocks":2866186,"Shared Read Blocks":0,"Shared Dirtied Blocks":0,"Shared Written Blocks":0,"Local Hit Blocks":0,"Local Read Blocks":0,"Local Dirtied Blocks":0,"Local Written Blocks":0,"Temp Read Blocks":206286,"Temp Written Blocks":206286,"I/O Read Time":0.0,"I/O Write Time":0.0,"Temp I/O Read Time":312.312,"Temp I/O Write Time":855.526,"Plans":[{"Node Type":"Hash Join","Parent Relationship":"Outer","Parallel Aware":false,"Async Capable":false,"Join Type":"Inner","Startup Cost":899681.1,"Total Cost":3382956.89,"Plan Rows":227491,"Plan Width":39,"Actual Startup Time":9049.854,"Actual Total Time":31182.963,"Actual Rows":535880,"Actual Loops":1,"Output":["supplier.su_name","l1.ol_o_id","l1.ol_w_id","l1.ol_d_id","l1.ol_delivery_d"],"Inner Unique":true,"Hash Cond":"((l1.ol_o_id = orders.o_id) AND (l1.ol_w_id = orders.o_w_id) AND (l1.ol_d_id = orders.o_d_id))","Join Filter":"(l1.ol_delivery_d > orders.o_entry_d)","Rows Removed by Join Filter":0,"Shared Hit Blocks":99013,"Shared Read Blocks":0,"Shared Dirtied Blocks":0,"Shared Written Blocks":0,"Local Hit Blocks":0,"Local Read Blocks":0,"Local Dirtied Blocks":0,"Local Written Blocks":0,"Temp Read Blocks":206286,"Temp Written Blocks":206286,"I/O Read Time":0.0,"I/O Write Time":0.0,"Temp I/O Read Time":312.312,"Temp I/O Write Time":855.526,"Plans":[{"Node Type":"Hash Join","Parent Relationship":"Outer","Parallel Aware":false,"Async Capable":false,"Join Type":"Inner","Startup Cost":640488.83,"Total Cost":3071247.88,"Plan Rows":682888,"Plan Width":41,"Actual Startup Time":6886.68,"Actual Total Time":28162.199,"Actual Rows":535908,"Actual Loops":1,"Output":["supplier.su_name","stock.s_w_id","l1.ol_o_id","l1.ol_w_id","l1.ol_d_id","l1.ol_delivery_d"],"Inner Unique":false,"Hash Cond":"((l1.ol_w_id = stock.s_w_id) AND (l1.ol_i_id = stock.s_i_id))","Shared Hit Blocks":54891,"Shared Read Blocks":0,"Shared Dirtied Blocks":0,"Shared Written Blocks":0,"Local Hit Blocks":0,"Local Read Blocks":0,"Local Dirtied Blocks":0,"Local Written Blocks":0,"Temp Read Blocks":170148,"Temp Written Blocks":170148,"I/O Read Time":0.0,"I/O Write Time":0.0,"Temp I/O Read Time":245.849,"Temp I/O Write Time":677.458,"Plans":[{"Node Type":"Append","Parent Relationship":"Outer","Parallel Aware":false,"Async Capable":false,"Startup Cost":20.0,"Total Cost":1403598.82,"Plan Rows":42039468,"Plan Width":24,"Actual Startup Time":2.879,"Actual Total Time":11077.337,"Actual Rows":41960840,"Actual Loops":1,"Shared Hit Blocks":0,"Shared Read Blocks":0,"Shared Dirtied Blocks":0,"Shared Written Blocks":0,"Local Hit Blocks":0,"Local Read Blocks":0,"Local Dirtied Blocks":0,"Local Written Blocks":0,"Temp Read Blocks":0,"Temp Written Blocks":0,"I/O Read Time":0.0,"I/O Write Time":0.0,"Temp I/O Read Time":0.0,"Temp I/O Write Time":0.0,"Subplans Removed":0,"Plans":[{"Node Type":"Custom Scan","Parent Relationship":"Member","Custom Plan Provider":"columnar scan","Parallel Aware":false,"Async Capable":false,"Relation Name":"order_line","Schema":"public","Alias":"l1","Startup Cost":20.0,"Total Cost":1072026.23,"Plan Rows":42039424,"Plan Width":24,"Actual Startup Time":2.876,"Actual Total Time":7996.274,"Actual Rows":41960840,"Actual Loops":1,"Output":["l1.ol_o_id","l1.ol_w_id","l1.ol_d_id","l1.ol_i_id","l1.ol_delivery_d"],"Filter":"(l1.ol_delivery_d >= '1992-01-02 20:10:02.27764'::timestamp without time zone)","Rows Removed by Filter":0,"Rows Removed by Columnar Filter":18032921,"Rows Filtered by Bloom Filter":0,"Dictionary Rows Filtered by Bloom Filter":39649,"Columnar cache search mode":"native","Shared Hit Blocks":0,"Shared Read Blocks":0,"Shared Dirtied Blocks":0,"Shared Written Blocks":0,"Local Hit Blocks":0,"Local Read Blocks":0,"Local Dirtied Blocks":0,"Local Written Blocks":0,"Temp Read Blocks":0,"Temp Written Blocks":0,"I/O Read Time":0.0,"I/O Write Time":0.0,"Temp I/O Read Time":0.0,"Temp I/O Write Time":0.0},{"Node Type":"Seq Scan","Parent Relationship":"Member","Parallel Aware":false,"Async Capable":false,"Relation Name":"order_line","Schema":"public","Alias":"l1","Startup Cost":0.0,"Total Cost":4.79,"Plan Rows":44,"Plan Width":24,"Actual Startup Time":0.0,"Actual Total Time":0.0,"Actual Rows":0,"Actual Loops":0,"Output":["l1.ol_o_id","l1.ol_w_id","l1.ol_d_id","l1.ol_i_id","l1.ol_delivery_d"],"Filter":"(l1.ol_delivery_d >= '1992-01-02 20:10:02.27764'::timestamp without time zone)","Rows Removed by Filter":0,"Shared Hit Blocks":0,"Shared Read Blocks":0,"Shared Dirtied Blocks":0,"Shared Written Blocks":0,"Local Hit Blocks":0,"Local Read Blocks":0,"Local Dirtied Blocks":0,"Local Written Blocks":0,"Temp Read Blocks":0,"Temp Written Blocks":0,"I/O Read Time":0.0,"I/O Write Time":0.0,"Temp I/O Read Time":0.0,"Temp I/O Write Time":0.0}]},{"Node Type":"Hash","Parent Relationship":"Inner","Parallel Aware":false,"Async Capable":false,"Startup Cost":633424.07,"Total Cost":633424.07,"Plan Rows":322584,"Plan Width":25,"Actual Startup Time":6883.041,"Actual Total Time":6883.054,"Actual Rows":255450,"Actual Loops":1,"Output":["supplier.su_name","stock.s_w_id","stock.s_i_id"],"Hash Buckets":131072,"Original Hash Buckets":131072,"Hash Batches":4,"Original Hash Batches":4,"Peak Memory Usage":4756,"Shared Hit Blocks":54891,"Shared Read Blocks":0,"Shared Dirtied Blocks":0,"Shared Written Blocks":0,"Local Hit Blocks":0,"Local Read Blocks":0,"Local Dirtied Blocks":0,"Local Written Blocks":0,"Temp Read Blocks":0,"Temp Written Blocks":1122,"I/O Read Time":0.0,"I/O Write Time":0.0,"Temp I/O Read Time":0.0,"Temp I/O Write Time":7.027,"Plans":[{"Node Type":"Hash Join","Parent Relationship":"Outer","Parallel Aware":false,"Async Capable":false,"Join Type":"Inner","Startup Cost":444.22,"Total Cost":633424.07,"Plan Rows":322584,"Plan Width":25,"Actual Startup Time":2.878,"Actual Total Time":6830.262,"Actual Rows":255450,"Actual Loops":1,"Output":["supplier.su_name","stock.s_w_id","stock.s_i_id"],"Inner Unique":true,"Hash Cond":"(supplier.su_nationkey = nation.n_nationkey)","Shared Hit Blocks":54891,"Shared Read Blocks":0,"Shared Dirtied Blocks":0,"Shared Written Blocks":0,"Local Hit Blocks":0,"Local Read Blocks":0,"Local Dirtied Blocks":0,"Local Written Blocks":0,"Temp Read Blocks":0,"Temp Written Blocks":0,"I/O Read Time":0.0,"I/O Write Time":0.0,"Temp I/O Read Time":0.0,"Temp I/O Write Time":0.0,"Plans":[{"Node Type":"Hash Join","Parent Relationship":"Outer","Parallel Aware":false,"Async Capable":false,"Join Type":"Inner","Startup Cost":442.44,"Total Cost":577332.98,"Plan Rows":20000212,"Plan Width":29,"Actual Startup Time":2.822,"Actual Total Time":5522.761,"Actual Rows":20000000,"Actual Loops":1,"Output":["supplier.su_name","supplier.su_nationkey","stock.s_w_id","stock.s_i_id"],"Inner Unique":true,"Hash Cond":"(mod((stock.s_w_id * stock.s_i_id), 10000) = supplier.su_suppkey)","Shared Hit Blocks":54890,"Shared Read Blocks":0,"Shared Dirtied Blocks":0,"Shared Written Blocks":0,"Local Hit Blocks":0,"Local Read Blocks":0,"Local Dirtied Blocks":0,"Local Written Blocks":0,"Temp Read Blocks":0,"Temp Written Blocks":0,"I/O Read Time":0.0,"I/O Write Time":0.0,"Temp I/O Read Time":0.0,"Temp I/O Write Time":0.0,"Plans":[{"Node Type":"Index Only Scan","Parent Relationship":"Outer","Parallel Aware":false,"Async Capable":false,"Scan Direction":"Forward","Index Name":"stock_pk","Relation Name":"stock","Schema":"public","Alias":"stock","Startup Cost":0.44,"Total Cost":519363.62,"Plan Rows":20000212,"Plan Width":6,"Actual Startup Time":0.03,"Actual Total Time":1557.875,"Actual Rows":20000000,"Actual Loops":1,"Output":["stock.s_w_id","stock.s_i_id"],"Heap Fetches":0,"Shared Hit Blocks":54673,"Shared Read Blocks":0,"Shared Dirtied Blocks":0,"Shared Written Blocks":0,"Local Hit Blocks":0,"Local Read Blocks":0,"Local Dirtied Blocks":0,"Local Written Blocks":0,"Temp Read Blocks":0,"Temp Written Blocks":0,"I/O Read Time":0.0,"I/O Write Time":0.0,"Temp I/O Read Time":0.0,"Temp I/O Write Time":0.0},{"Node Type":"Hash","Parent Relationship":"Inner","Parallel Aware":false,"Async Capable":false,"Startup Cost":317.0,"Total Cost":317.0,"Plan Rows":10000,"Plan Width":27,"Actual Startup Time":2.738,"Actual Total Time":2.74,"Actual Rows":10000,"Actual Loops":1,"Output":["supplier.su_name","supplier.su_suppkey","supplier.su_nationkey"],"Hash Buckets":16384,"Original Hash Buckets":16384,"Hash Batches":1,"Original Hash Batches":1,"Peak Memory Usage":714,"Shared Hit Blocks":217,"Shared Read Blocks":0,"Shared Dirtied Blocks":0,"Shared Written Blocks":0,"Local Hit Blocks":0,"Local Read Blocks":0,"Local Dirtied Blocks":0,"Local Written Blocks":0,"Temp Read Blocks":0,"Temp Written Blocks":0,"I/O Read Time":0.0,"I/O Write Time":0.0,"Temp I/O Read Time":0.0,"Temp I/O Write Time":0.0,"Plans":[{"Node Type":"Seq Scan","Parent Relationship":"Outer","Parallel Aware":false,"Async Capable":false,"Relation Name":"supplier","Schema":"public","Alias":"supplier","Startup Cost":0.0,"Total Cost":317.0,"Plan Rows":10000,"Plan Width":27,"Actual Startup Time":0.012,"Actual Total Time":1.317,"Actual Rows":10000,"Actual Loops":1,"Output":["supplier.su_name","supplier.su_suppkey","supplier.su_nationkey"],"Shared Hit Blocks":217,"Shared Read Blocks":0,"Shared Dirtied Blocks":0,"Shared Written Blocks":0,"Local Hit Blocks":0,"Local Read Blocks":0,"Local Dirtied Blocks":0,"Local Written Blocks":0,"Temp Read Blocks":0,"Temp Written Blocks":0,"I/O Read Time":0.0,"I/O Write Time":0.0,"Temp I/O Read Time":0.0,"Temp I/O Write Time":0.0}]}]},{"Node Type":"Hash","Parent Relationship":"Inner","Parallel Aware":false,"Async Capable":false,"Startup Cost":1.77,"Total Cost":1.77,"Plan Rows":1,"Plan Width":4,"Actual Startup Time":0.028,"Actual Total Time":0.03,"Actual Rows":1,"Actual Loops":1,"Output":["nation.n_nationkey"],"Hash Buckets":1024,"Original Hash Buckets":1024,"Hash Batches":1,"Original Hash Batches":1,"Peak Memory Usage":9,"Shared Hit Blocks":1,"Shared Read Blocks":0,"Shared Dirtied Blocks":0,"Shared Written Blocks":0,"Local Hit Blocks":0,"Local Read Blocks":0,"Local Dirtied Blocks":0,"Local Written Blocks":0,"Temp Read Blocks":0,"Temp Written Blocks":0,"I/O Read Time":0.0,"I/O Write Time":0.0,"Temp I/O Read Time":0.0,"Temp I/O Write Time":0.0,"Plans":[{"Node Type":"Seq Scan","Parent Relationship":"Outer","Parallel Aware":false,"Async Capable":false,"Relation Name":"nation","Schema":"public","Alias":"nation","Startup Cost":0.0,"Total Cost":1.77,"Plan Rows":1,"Plan Width":4,"Actual Startup Time":0.022,"Actual Total Time":0.025,"Actual Rows":1,"Actual Loops":1,"Output":["nation.n_nationkey"],"Filter":"((nation.n_name)::text = 'Cambodia'::text)","Rows Removed by Filter":61,"Shared Hit Blocks":1,"Shared Read Blocks":0,"Shared Dirtied Blocks":0,"Shared Written Blocks":0,"Local Hit Blocks":0,"Local Read Blocks":0,"Local Dirtied Blocks":0,"Local Written Blocks":0,"Temp Read Blocks":0,"Temp Written Blocks":0,"I/O Read Time":0.0,"I/O Write Time":0.0,"Temp I/O Read Time":0.0,"Temp I/O Write Time":0.0}]}]}]}]},{"Node Type":"Hash","Parent Relationship":"Inner","Parallel Aware":false,"Async Capable":false,"Startup Cost":119121.6,"Total Cost":119121.6,"Plan Rows":5996324,"Plan Width":20,"Actual Startup Time":2158.256,"Actual Total Time":2158.258,"Actual Rows":5995789,"Actual Loops":1,"Output":["orders.o_id","orders.o_w_id","orders.o_d_id","orders.o_entry_d"],"Hash Buckets":131072,"Original Hash Buckets":131072,"Hash Batches":64,"Original Hash Batches":64,"Peak Memory Usage":6157,"Shared Hit Blocks":44122,"Shared Read Blocks":0,"Shared Dirtied Blocks":0,"Shared Written Blocks":0,"Local Hit Blocks":0,"Local Read Blocks":0,"Local Dirtied Blocks":0,"Local Written Blocks":0,"Temp Read Blocks":0,"Temp Written Blocks":31667,"I/O Read Time":0.0,"I/O Write Time":0.0,"Temp I/O Read Time":0.0,"Temp I/O Write Time":150.309,"Plans":[{"Node Type":"Seq Scan","Parent Relationship":"Outer","Parallel Aware":false,"Async Capable":false,"Relation Name":"orders","Schema":"public","Alias":"orders","Startup Cost":0.0,"Total Cost":119121.6,"Plan Rows":5996324,"Plan Width":20,"Actual Startup Time":0.017,"Actual Total Time":747.37,"Actual Rows":5995789,"Actual Loops":1,"Output":["orders.o_id","orders.o_w_id","orders.o_d_id","orders.o_entry_d"],"Filter":"(orders.o_entry_d >= '1992-01-02 20:10:02.27764'::timestamp without time zone)","Rows Removed by Filter":4211,"Shared Hit Blocks":44122,"Shared Read Blocks":0,"Shared Dirtied Blocks":0,"Shared Written Blocks":0,"Local Hit Blocks":0,"Local Read Blocks":0,"Local Dirtied Blocks":0,"Local Written Blocks":0,"Temp Read Blocks":0,"Temp Written Blocks":0,"I/O Read Time":0.0,"I/O Write Time":0.0,"Temp I/O Read Time":0.0,"Temp I/O Write Time":0.0}]}]},{"Node Type":"Index Scan","Parent Relationship":"Inner","Parallel Aware":false,"Async Capable":false,"Scan Direction":"Forward","Index Name":"order_line_pk","Relation Name":"order_line","Schema":"public","Alias":"l2","Startup Cost":0.56,"Total Cost":35.72,"Plan Rows":2,"Plan Width":20,"Actual Startup Time":0.007,"Actual Total Time":0.007,"Actual Rows":0,"Actual Loops":535880,"Output":["l2.ol_o_id","l2.ol_d_id","l2.ol_w_id","l2.ol_number","l2.ol_i_id","l2.ol_supply_w_id","l2.ol_delivery_d","l2.ol_quantity","l2.ol_amount","l2.ol_dist_info"],"Index Cond":"((l2.ol_w_id = l1.ol_w_id) AND (l2.ol_d_id = l1.ol_d_id) AND (l2.ol_o_id = l1.ol_o_id))","Rows Removed by Index Recheck":0,"Filter":"((l2.ol_delivery_d >= '1992-01-02 20:10:02.27764'::timestamp without time zone) AND (l2.ol_delivery_d > l1.ol_delivery_d))","Rows Removed by Filter":11,"Shared Hit Blocks":2767173,"Shared Read Blocks":0,"Shared Dirtied Blocks":0,"Shared Written Blocks":0,"Local Hit Blocks":0,"Local Read Blocks":0,"Local Dirtied Blocks":0,"Local Written Blocks":0,"Temp Read Blocks":0,"Temp Written Blocks":0,"I/O Read Time":0.0,"I/O Write Time":0.0,"Temp I/O Read Time":0.0,"Temp I/O Write Time":0.0}]}]}]}]},"Planning":{"Shared Hit Blocks":128,"Shared Read Blocks":0,"Shared Dirtied Blocks":0,"Shared Written Blocks":0,"Local Hit Blocks":0,"Local Read Blocks":0,"Local Dirtied Blocks":0,"Local Written Blocks":0,"Temp Read Blocks":0,"Temp Written Blocks":0,"I/O Read Time":0.0,"I/O Write Time":0.0,"Temp I/O Read Time":0.0,"Temp I/O Write Time":0.0},"Planning Time":2.187,"Triggers":[],"Execution Time":35738.949}]
[列存组合]: order_line, stock
[{"Plan":{"Node Type":"Sort","Parallel Aware":false,"Async Capable":false,"Startup Cost":7638449.55,"Total Cost":7638474.55,"Plan Rows":10000,"Plan Width":27,"Actual Startup Time":31499.503,"Actual Total Time":31499.535,"Actual Rows":156,"Actual Loops":1,"Output":["supplier.su_name","(count(*))"],"Sort Key":["(count(*)) DESC","supplier.su_name"],"Sort Method":"quicksort","Sort Space Used":35,"Sort Space Type":"Memory","Shared Hit Blocks":2811513,"Shared Read Blocks":0,"Shared Dirtied Blocks":0,"Shared Written Blocks":0,"Local Hit Blocks":0,"Local Read Blocks":0,"Local Dirtied Blocks":0,"Local Written Blocks":0,"Temp Read Blocks":38048,"Temp Written Blocks":38059,"I/O Read Time":0.0,"I/O Write Time":0.0,"Temp I/O Read Time":61.589,"Temp I/O Write Time":200.052,"Plans":[{"Node Type":"Aggregate","Strategy":"Sorted","Partial Mode":"Simple","Parent Relationship":"Outer","Parallel Aware":false,"Async Capable":false,"Startup Cost":7636547.7,"Total Cost":7637785.16,"Plan Rows":10000,"Plan Width":27,"Actual Startup Time":31396.219,"Actual Total Time":31499.47,"Actual Rows":156,"Actual Loops":1,"Output":["supplier.su_name","count(*)"],"Group Key":["supplier.su_name"],"Shared Hit Blocks":2811513,"Shared Read Blocks":0,"Shared Dirtied Blocks":0,"Shared Written Blocks":0,"Local Hit Blocks":0,"Local Read Blocks":0,"Local Dirtied Blocks":0,"Local Written Blocks":0,"Temp Read Blocks":38048,"Temp Written Blocks":38059,"I/O Read Time":0.0,"I/O Write Time":0.0,"Temp I/O Read Time":61.589,"Temp I/O Write Time":200.052,"Plans":[{"Node Type":"Sort","Parent Relationship":"Outer","Parallel Aware":false,"Async Capable":false,"Startup Cost":7636547.7,"Total Cost":7636926.86,"Plan Rows":151661,"Plan Width":19,"Actual Startup Time":31395.87,"Actual Total Time":31450.436,"Actual Rows":535880,"Actual Loops":1,"Output":["supplier.su_name"],"Sort Key":["supplier.su_name"],"Sort Method":"external merge","Sort Space Used":15280,"Sort Space Type":"Disk","Shared Hit Blocks":2811513,"Shared Read Blocks":0,"Shared Dirtied Blocks":0,"Shared Written Blocks":0,"Local Hit Blocks":0,"Local Read Blocks":0,"Local Dirtied Blocks":0,"Local Written Blocks":0,"Temp Read Blocks":38048,"Temp Written Blocks":38059,"I/O Read Time":0.0,"I/O Write Time":0.0,"Temp I/O Read Time":61.589,"Temp I/O Write Time":200.052,"Plans":[{"Node Type":"Nested Loop","Parent Relationship":"Outer","Parallel Aware":false,"Async Capable":false,"Join Type":"Anti","Startup Cost":318257.22,"Total Cost":7620385.4,"Plan Rows":151661,"Plan Width":19,"Actual Startup Time":4324.894,"Actual Total Time":31101.743,"Actual Rows":535880,"Actual Loops":1,"Output":["supplier.su_name"],"Shared Hit Blocks":2811513,"Shared Read Blocks":0,"Shared Dirtied Blocks":0,"Shared Written Blocks":0,"Local Hit Blocks":0,"Local Read Blocks":0,"Local Dirtied Blocks":0,"Local Written Blocks":0,"Temp Read Blocks":36138,"Temp Written Blocks":36138,"I/O Read Time":0.0,"I/O Write Time":0.0,"Temp I/O Read Time":58.805,"Temp I/O Write Time":192.435,"Plans":[{"Node Type":"Hash Join","Parent Relationship":"Outer","Parallel Aware":false,"Async Capable":false,"Join Type":"Inner","Startup Cost":318256.65,"Total Cost":1514965.3,"Plan Rows":227491,"Plan Width":39,"Actual Startup Time":4324.811,"Actual Total Time":27479.493,"Actual Rows":535880,"Actual Loops":1,"Output":["supplier.su_name","l1.ol_o_id","l1.ol_w_id","l1.ol_d_id","l1.ol_delivery_d"],"Hash Cond":"((l1.ol_o_id = orders.o_id) AND (l1.ol_w_id = orders.o_w_id) AND (l1.ol_d_id = orders.o_d_id))","Join Filter":"(l1.ol_delivery_d > orders.o_entry_d)","Rows Removed by Join Filter":0,"Shared Hit Blocks":44340,"Shared Read Blocks":0,"Shared Dirtied Blocks":0,"Shared Written Blocks":0,"Local Hit Blocks":0,"Local Read Blocks":0,"Local Dirtied Blocks":0,"Local Written Blocks":0,"Temp Read Blocks":36138,"Temp Written Blocks":36138,"I/O Read Time":0.0,"I/O Write Time":0.0,"Temp I/O Read Time":58.805,"Temp I/O Write Time":192.435,"Plans":[{"Node Type":"Hash Join","Parent Relationship":"Outer","Parallel Aware":false,"Async Capable":false,"Join Type":"Inner","Startup Cost":59064.38,"Total Cost":1203256.29,"Plan Rows":682888,"Plan Width":41,"Actual Startup Time":2162.136,"Actual Total Time":24550.62,"Actual Rows":535908,"Actual Loops":1,"Output":["supplier.su_name","stock.s_w_id","l1.ol_o_id","l1.ol_w_id","l1.ol_d_id","l1.ol_delivery_d"],"Hash Cond":"(supplier.su_nationkey = nation.n_nationkey)","Shared Hit Blocks":218,"Shared Read Blocks":0,"Shared Dirtied Blocks":0,"Shared Written Blocks":0,"Local Hit Blocks":0,"Local Read Blocks":0,"Local Dirtied Blocks":0,"Local Written Blocks":0,"Temp Read Blocks":0,"Temp Written Blocks":0,"I/O Read Time":0.0,"I/O Write Time":0.0,"Temp I/O Read Time":0.0,"Temp I/O Write Time":0.0,"Plans":[{"Node Type":"Hash Join","Parent Relationship":"Outer","Parallel Aware":false,"Async Capable":false,"Join Type":"Inner","Startup Cost":59062.59,"Total Cost":1084517.31,"Plan Rows":42339072,"Plan Width":45,"Actual Startup Time":2162.02,"Actual Total Time":21697.326,"Actual Rows":41960840,"Actual Loops":1,"Output":["supplier.su_name","supplier.su_nationkey","stock.s_w_id","l1.ol_o_id","l1.ol_w_id","l1.ol_d_id","l1.ol_delivery_d"],"Hash Cond":"(mod((stock.s_w_id * stock.s_i_id), 10000) = supplier.su_suppkey)","Shared Hit Blocks":217,"Shared Read Blocks":0,"Shared Dirtied Blocks":0,"Shared Written Blocks":0,"Local Hit Blocks":0,"Local Read Blocks":0,"Local Dirtied Blocks":0,"Local Written Blocks":0,"Temp Read Blocks":0,"Temp Written Blocks":0,"I/O Read Time":0.0,"I/O Write Time":0.0,"Temp I/O Read Time":0.0,"Temp I/O Write Time":0.0,"Plans":[{"Node Type":"Hash Join","Parent Relationship":"Outer","Parallel Aware":false,"Async Capable":false,"Join Type":"Inner","Startup Cost":58620.59,"Total Cost":962293.85,"Plan Rows":42339072,"Plan Width":26,"Actual Startup Time":2159.232,"Actual Total Time":12684.177,"Actual Rows":41960840,"Actual Loops":1,"Output":["l1.ol_o_id","l1.ol_w_id","l1.ol_d_id","l1.ol_delivery_d","stock.s_w_id","stock.s_i_id"],"Hash Cond":"((l1.ol_w_id = stock.s_w_id) AND (l1.ol_i_id = stock.s_i_id))","Rows Removed by Bloom Filter":0,"Shared Hit Blocks":0,"Shared Read Blocks":0,"Shared Dirtied Blocks":0,"Shared Written Blocks":0,"Local Hit Blocks":0,"Local Read Blocks":0,"Local Dirtied Blocks":0,"Local Written Blocks":0,"Temp Read Blocks":0,"Temp Written Blocks":0,"I/O Read Time":0.0,"I/O Write Time":0.0,"Temp I/O Read Time":0.0,"Temp I/O Write Time":0.0,"Plans":[{"Node Type":"Append","Parent Relationship":"Outer","Parallel Aware":false,"Async Capable":false,"Startup Cost":20.0,"Total Cost":1072031.01,"Plan Rows":42039468,"Plan Width":24,"Actual Startup Time":219.054,"Actual Total Time":219.062,"Actual Rows":41960840,"Actual Loops":1,"Shared Hit Blocks":0,"Shared Read Blocks":0,"Shared Dirtied Blocks":0,"Shared Written Blocks":0,"Local Hit Blocks":0,"Local Read Blocks":0,"Local Dirtied Blocks":0,"Local Written Blocks":0,"Temp Read Blocks":0,"Temp Written Blocks":0,"I/O Read Time":0.0,"I/O Write Time":0.0,"Temp I/O Read Time":0.0,"Temp I/O Write Time":0.0,"Subplans Removed":0,"Plans":[{"Node Type":"Custom Scan","Parent Relationship":"Member","Custom Plan Provider":"columnar scan","Parallel Aware":false,"Async Capable":false,"Relation Name":"order_line","Schema":"public","Alias":"l1","Startup Cost":20.0,"Total Cost":1072026.23,"Plan Rows":42039424,"Plan Width":24,"Actual Startup Time":219.051,"Actual Total Time":219.053,"Actual Rows":41960840,"Actual Loops":1,"Output":["l1.ol_o_id","l1.ol_w_id","l1.ol_d_id","l1.ol_i_id","l1.ol_delivery_d"],"Filter":"(l1.ol_delivery_d >= '1992-01-02 20:10:02.27764'::timestamp without time zone)","Rows Removed by Filter":0,"Rows Removed by Columnar Filter":18032921,"Rows Filtered by Bloom Filter":0,"Dictionary Rows Filtered by Bloom Filter":39649,"Columnar cache search mode":"native","Shared Hit Blocks":0,"Shared Read Blocks":0,"Shared Dirtied Blocks":0,"Shared Written Blocks":0,"Local Hit Blocks":0,"Local Read Blocks":0,"Local Dirtied Blocks":0,"Local Written Blocks":0,"Temp Read Blocks":0,"Temp Written Blocks":0,"I/O Read Time":0.0,"I/O Write Time":0.0,"Temp I/O Read Time":0.0,"Temp I/O Write Time":0.0},{"Node Type":"Seq Scan","Parent Relationship":"Member","Parallel Aware":false,"Async Capable":false,"Relation Name":"order_line","Schema":"public","Alias":"l1","Startup Cost":0.0,"Total Cost":4.79,"Plan Rows":44,"Plan Width":24,"Actual Startup Time":0.0,"Actual Total Time":0.0,"Actual Rows":0,"Actual Loops":0,"Output":["l1.ol_o_id","l1.ol_w_id","l1.ol_d_id","l1.ol_i_id","l1.ol_delivery_d"],"Filter":"(l1.ol_delivery_d >= '1992-01-02 20:10:02.27764'::timestamp without time zone)","Rows Removed by Filter":0,"Shared Hit Blocks":0,"Shared Read Blocks":0,"Shared Dirtied Blocks":0,"Shared Written Blocks":0,"Local Hit Blocks":0,"Local Read Blocks":0,"Local Dirtied Blocks":0,"Local Written Blocks":0,"Temp Read Blocks":0,"Temp Written Blocks":0,"I/O Read Time":0.0,"I/O Write Time":0.0,"Temp I/O Read Time":0.0,"Temp I/O Write Time":0.0}]},{"Node Type":"Hash","Parent Relationship":"Inner","Parallel Aware":false,"Async Capable":false,"Startup Cost":390026.22,"Total Cost":390026.22,"Plan Rows":20000212,"Plan Width":6,"Actual Rows":20000000,"Actual Loops":1,"Output":["stock.s_w_id","stock.s_i_id"],"Shared Hit Blocks":0,"Shared Read Blocks":0,"Shared Dirtied Blocks":0,"Shared Written Blocks":0,"Local Hit Blocks":0,"Local Read Blocks":0,"Local Dirtied Blocks":0,"Local Written Blocks":0,"Temp Read Blocks":0,"Temp Written Blocks":0,"I/O Read Time":0.0,"I/O Write Time":0.0,"Temp I/O Read Time":0.0,"Temp I/O Write Time":0.0,"Plans":[{"Node Type":"Append","Parent Relationship":"Outer","Parallel Aware":false,"Async Capable":false,"Startup Cost":20.0,"Total Cost":390026.22,"Plan Rows":20000212,"Plan Width":6,"Actual Startup Time":0.494,"Actual Total Time":0.497,"Actual Rows":20000000,"Actual Loops":1,"Shared Hit Blocks":0,"Shared Read Blocks":0,"Shared Dirtied Blocks":0,"Shared Written Blocks":0,"Local Hit Blocks":0,"Local Read Blocks":0,"Local Dirtied Blocks":0,"Local Written Blocks":0,"Temp Read Blocks":0,"Temp Written Blocks":0,"I/O Read Time":0.0,"I/O Write Time":0.0,"Temp I/O Read Time":0.0,"Temp I/O Write Time":0.0,"Subplans Removed":0,"Plans":[{"Node Type":"Custom Scan","Parent Relationship":"Member","Custom Plan Provider":"columnar scan","Parallel Aware":false,"Async Capable":false,"Relation Name":"stock","Schema":"public","Alias":"stock","Startup Cost":20.0,"Total Cost":390020.1,"Plan Rows":20000000,"Plan Width":6,"Actual Startup Time":0.491,"Actual Total Time":0.492,"Actual Rows":20000000,"Actual Loops":1,"Output":["stock.s_w_id","stock.s_i_id"],"Rows Removed by Columnar Filter":0,"Columnar cache search mode":"native","Shared Hit Blocks":0,"Shared Read Blocks":0,"Shared Dirtied Blocks":0,"Shared Written Blocks":0,"Local Hit Blocks":0,"Local Read Blocks":0,"Local Dirtied Blocks":0,"Local Written Blocks":0,"Temp Read Blocks":0,"Temp Written Blocks":0,"I/O Read Time":0.0,"I/O Write Time":0.0,"Temp I/O Read Time":0.0,"Temp I/O Write Time":0.0},{"Node Type":"Seq Scan","Parent Relationship":"Member","Parallel Aware":false,"Async Capable":false,"Relation Name":"stock","Schema":"public","Alias":"stock","Startup Cost":0.0,"Total Cost":6.12,"Plan Rows":212,"Plan Width":6,"Actual Startup Time":0.0,"Actual Total Time":0.0,"Actual Rows":0,"Actual Loops":0,"Output":["stock.s_w_id","stock.s_i_id"],"Shared Hit Blocks":0,"Shared Read Blocks":0,"Shared Dirtied Blocks":0,"Shared Written Blocks":0,"Local Hit Blocks":0,"Local Read Blocks":0,"Local Dirtied Blocks":0,"Local Written Blocks":0,"Temp Read Blocks":0,"Temp Written Blocks":0,"I/O Read Time":0.0,"I/O Write Time":0.0,"Temp I/O Read Time":0.0,"Temp I/O Write Time":0.0}]}]}]},{"Node Type":"Hash","Parent Relationship":"Inner","Parallel Aware":false,"Async Capable":false,"Startup Cost":317.0,"Total Cost":317.0,"Plan Rows":10000,"Plan Width":27,"Actual Startup Time":2.688,"Actual Total Time":2.69,"Actual Rows":10000,"Actual Loops":1,"Output":["supplier.su_name","supplier.su_suppkey","supplier.su_nationkey"],"Hash Buckets":16384,"Original Hash Buckets":16384,"Hash Batches":1,"Original Hash Batches":1,"Peak Memory Usage":714,"Shared Hit Blocks":217,"Shared Read Blocks":0,"Shared Dirtied Blocks":0,"Shared Written Blocks":0,"Local Hit Blocks":0,"Local Read Blocks":0,"Local Dirtied Blocks":0,"Local Written Blocks":0,"Temp Read Blocks":0,"Temp Written Blocks":0,"I/O Read Time":0.0,"I/O Write Time":0.0,"Temp I/O Read Time":0.0,"Temp I/O Write Time":0.0,"Plans":[{"Node Type":"Seq Scan","Parent Relationship":"Outer","Parallel Aware":false,"Async Capable":false,"Relation Name":"supplier","Schema":"public","Alias":"supplier","Startup Cost":0.0,"Total Cost":317.0,"Plan Rows":10000,"Plan Width":27,"Actual Startup Time":0.014,"Actual Total Time":1.281,"Actual Rows":10000,"Actual Loops":1,"Output":["supplier.su_name","supplier.su_suppkey","supplier.su_nationkey"],"Shared Hit Blocks":217,"Shared Read Blocks":0,"Shared Dirtied Blocks":0,"Shared Written Blocks":0,"Local Hit Blocks":0,"Local Read Blocks":0,"Local Dirtied Blocks":0,"Local Written Blocks":0,"Temp Read Blocks":0,"Temp Written Blocks":0,"I/O Read Time":0.0,"I/O Write Time":0.0,"Temp I/O Read Time":0.0,"Temp I/O Write Time":0.0}]}]},{"Node Type":"Hash","Parent Relationship":"Inner","Parallel Aware":false,"Async Capable":false,"Startup Cost":1.77,"Total Cost":1.77,"Plan Rows":1,"Plan Width":4,"Actual Startup Time":0.029,"Actual Total Time":0.03,"Actual Rows":1,"Actual Loops":1,"Output":["nation.n_nationkey"],"Hash Buckets":1024,"Original Hash Buckets":1024,"Hash Batches":1,"Original Hash Batches":1,"Peak Memory Usage":9,"Shared Hit Blocks":1,"Shared Read Blocks":0,"Shared Dirtied Blocks":0,"Shared Written Blocks":0,"Local Hit Blocks":0,"Local Read Blocks":0,"Local Dirtied Blocks":0,"Local Written Blocks":0,"Temp Read Blocks":0,"Temp Written Blocks":0,"I/O Read Time":0.0,"I/O Write Time":0.0,"Temp I/O Read Time":0.0,"Temp I/O Write Time":0.0,"Plans":[{"Node Type":"Seq Scan","Parent Relationship":"Outer","Parallel Aware":false,"Async Capable":false,"Relation Name":"nation","Schema":"public","Alias":"nation","Startup Cost":0.0,"Total Cost":1.77,"Plan Rows":1,"Plan Width":4,"Actual Startup Time":0.023,"Actual Total Time":0.025,"Actual Rows":1,"Actual Loops":1,"Output":["nation.n_nationkey"],"Filter":"((nation.n_name)::text = 'Cambodia'::text)","Rows Removed by Filter":61,"Shared Hit Blocks":1,"Shared Read Blocks":0,"Shared Dirtied Blocks":0,"Shared Written Blocks":0,"Local Hit Blocks":0,"Local Read Blocks":0,"Local Dirtied Blocks":0,"Local Written Blocks":0,"Temp Read Blocks":0,"Temp Written Blocks":0,"I/O Read Time":0.0,"I/O Write Time":0.0,"Temp I/O Read Time":0.0,"Temp I/O Write Time":0.0}]}]},{"Node Type":"Hash","Parent Relationship":"Inner","Parallel Aware":false,"Async Capable":false,"Startup Cost":119121.6,"Total Cost":119121.6,"Plan Rows":5996324,"Plan Width":20,"Actual Startup Time":2156.989,"Actual Total Time":2156.991,"Actual Rows":5995789,"Actual Loops":1,"Output":["orders.o_id","orders.o_w_id","orders.o_d_id","orders.o_entry_d"],"Hash Buckets":131072,"Original Hash Buckets":131072,"Hash Batches":64,"Original Hash Batches":64,"Peak Memory Usage":6157,"Shared Hit Blocks":44122,"Shared Read Blocks":0,"Shared Dirtied Blocks":0,"Shared Written Blocks":0,"Local Hit Blocks":0,"Local Read Blocks":0,"Local Dirtied Blocks":0,"Local Written Blocks":0,"Temp Read Blocks":0,"Temp Written Blocks":31667,"I/O Read Time":0.0,"I/O Write Time":0.0,"Temp I/O Read Time":0.0,"Temp I/O Write Time":154.97,"Plans":[{"Node Type":"Seq Scan","Parent Relationship":"Outer","Parallel Aware":false,"Async Capable":false,"Relation Name":"orders","Schema":"public","Alias":"orders","Startup Cost":0.0,"Total Cost":119121.6,"Plan Rows":5996324,"Plan Width":20,"Actual Startup Time":0.019,"Actual Total Time":740.602,"Actual Rows":5995789,"Actual Loops":1,"Output":["orders.o_id","orders.o_w_id","orders.o_d_id","orders.o_entry_d"],"Filter":"(orders.o_entry_d >= '1992-01-02 20:10:02.27764'::timestamp without time zone)","Rows Removed by Filter":4211,"Shared Hit Blocks":44122,"Shared Read Blocks":0,"Shared Dirtied Blocks":0,"Shared Written Blocks":0,"Local Hit Blocks":0,"Local Read Blocks":0,"Local Dirtied Blocks":0,"Local Written Blocks":0,"Temp Read Blocks":0,"Temp Written Blocks":0,"I/O Read Time":0.0,"I/O Write Time":0.0,"Temp I/O Read Time":0.0,"Temp I/O Write Time":0.0}]}]},{"Node Type":"Index Scan","Parent Relationship":"Inner","Parallel Aware":false,"Async Capable":false,"Scan Direction":"Forward","Index Name":"order_line_pk","Relation Name":"order_line","Schema":"public","Alias":"l2","Startup Cost":0.56,"Total Cost":35.72,"Plan Rows":2,"Plan Width":20,"Actual Startup Time":0.006,"Actual Total Time":0.006,"Actual Rows":0,"Actual Loops":535880,"Output":["l2.ol_o_id","l2.ol_d_id","l2.ol_w_id","l2.ol_number","l2.ol_i_id","l2.ol_supply_w_id","l2.ol_delivery_d","l2.ol_quantity","l2.ol_amount","l2.ol_dist_info"],"Index Cond":"((l2.ol_w_id = l1.ol_w_id) AND (l2.ol_d_id = l1.ol_d_id) AND (l2.ol_o_id = l1.ol_o_id))","Rows Removed by Index Recheck":0,"Filter":"((l2.ol_delivery_d >= '1992-01-02 20:10:02.27764'::timestamp without time zone) AND (l2.ol_delivery_d > l1.ol_delivery_d))","Rows Removed by Filter":11,"Shared Hit Blocks":2767173,"Shared Read Blocks":0,"Shared Dirtied Blocks":0,"Shared Written Blocks":0,"Local Hit Blocks":0,"Local Read Blocks":0,"Local Dirtied Blocks":0,"Local Written Blocks":0,"Temp Read Blocks":0,"Temp Written Blocks":0,"I/O Read Time":0.0,"I/O Write Time":0.0,"Temp I/O Read Time":0.0,"Temp I/O Write Time":0.0}]}]}]}]},"Planning":{"Shared Hit Blocks":128,"Shared Read Blocks":0,"Shared Dirtied Blocks":0,"Shared Written Blocks":0,"Local Hit Blocks":0,"Local Read Blocks":0,"Local Dirtied Blocks":0,"Local Written Blocks":0,"Temp Read Blocks":0,"Temp Written Blocks":0,"I/O Read Time":0.0,"I/O Write Time":0.0,"Temp I/O Read Time":0.0,"Temp I/O Write Time":0.0},"Planning Time":3.143,"Triggers":[],"Execution Time":31503.317}]
[列存组合]: order_line, supplier
[{"Plan":{"Node Type":"Sort","Parallel Aware":false,"Async Capable":false,"Startup Cost":9506363.16,"Total Cost":9506388.16,"Plan Rows":10000,"Plan Width":27,"Actual Startup Time":35379.722,"Actual Total Time":35379.756,"Actual Rows":156,"Actual Loops":1,"Output":["supplier.su_name","(count(*))"],"Sort Key":["(count(*)) DESC","supplier.su_name"],"Sort Method":"quicksort","Sort Space Used":35,"Sort Space Type":"Memory","Shared Hit Blocks":2865969,"Shared Read Blocks":0,"Shared Dirtied Blocks":0,"Shared Written Blocks":0,"Local Hit Blocks":0,"Local Read Blocks":0,"Local Dirtied Blocks":0,"Local Written Blocks":0,"Temp Read Blocks":208196,"Temp Written Blocks":208207,"I/O Read Time":0.0,"I/O Write Time":0.0,"Temp I/O Read Time":313.69,"Temp I/O Write Time":868.903,"Plans":[{"Node Type":"Aggregate","Strategy":"Sorted","Partial Mode":"Simple","Parent Relationship":"Outer","Parallel Aware":false,"Async Capable":false,"Startup Cost":9504461.32,"Total Cost":9505698.77,"Plan Rows":10000,"Plan Width":27,"Actual Startup Time":35275.01,"Actual Total Time":35379.69,"Actual Rows":156,"Actual Loops":1,"Output":["supplier.su_name","count(*)"],"Group Key":["supplier.su_name"],"Shared Hit Blocks":2865969,"Shared Read Blocks":0,"Shared Dirtied Blocks":0,"Shared Written Blocks":0,"Local Hit Blocks":0,"Local Read Blocks":0,"Local Dirtied Blocks":0,"Local Written Blocks":0,"Temp Read Blocks":208196,"Temp Written Blocks":208207,"I/O Read Time":0.0,"I/O Write Time":0.0,"Temp I/O Read Time":313.69,"Temp I/O Write Time":868.903,"Plans":[{"Node Type":"Sort","Parent Relationship":"Outer","Parallel Aware":false,"Async Capable":false,"Startup Cost":9504461.32,"Total Cost":9504840.47,"Plan Rows":151661,"Plan Width":19,"Actual Startup Time":35274.646,"Actual Total Time":35329.583,"Actual Rows":535880,"Actual Loops":1,"Output":["supplier.su_name"],"Sort Key":["supplier.su_name"],"Sort Method":"external merge","Sort Space Used":15280,"Sort Space Type":"Disk","Shared Hit Blocks":2865969,"Shared Read Blocks":0,"Shared Dirtied Blocks":0,"Shared Written Blocks":0,"Local Hit Blocks":0,"Local Read Blocks":0,"Local Dirtied Blocks":0,"Local Written Blocks":0,"Temp Read Blocks":208196,"Temp Written Blocks":208207,"I/O Read Time":0.0,"I/O Write Time":0.0,"Temp I/O Read Time":313.69,"Temp I/O Write Time":868.903,"Plans":[{"Node Type":"Nested Loop","Parent Relationship":"Outer","Parallel Aware":false,"Async Capable":false,"Join Type":"Anti","Startup Cost":899603.69,"Total Cost":9488299.02,"Plan Rows":151661,"Plan Width":19,"Actual Startup Time":9037.807,"Actual Total Time":34978.602,"Actual Rows":535880,"Actual Loops":1,"Output":["supplier.su_name"],"Inner Unique":false,"Shared Hit Blocks":2865969,"Shared Read Blocks":0,"Shared Dirtied Blocks":0,"Shared Written Blocks":0,"Local Hit Blocks":0,"Local Read Blocks":0,"Local Dirtied Blocks":0,"Local Written Blocks":0,"Temp Read Blocks":206286,"Temp Written Blocks":206286,"I/O Read Time":0.0,"I/O Write Time":0.0,"Temp I/O Read Time":310.749,"Temp I/O Write Time":861.308,"Plans":[{"Node Type":"Hash Join","Parent Relationship":"Outer","Parallel Aware":false,"Async Capable":false,"Join Type":"Inner","Startup Cost":899603.12,"Total Cost":3382878.92,"Plan Rows":227491,"Plan Width":39,"Actual Startup Time":9037.759,"Actual Total Time":31108.276,"Actual Rows":535880,"Actual Loops":1,"Output":["supplier.su_name","l1.ol_o_id","l1.ol_w_id","l1.ol_d_id","l1.ol_delivery_d"],"Inner Unique":true,"Hash Cond":"((l1.ol_o_id = orders.o_id) AND (l1.ol_w_id = orders.o_w_id) AND (l1.ol_d_id = orders.o_d_id))","Join Filter":"(l1.ol_delivery_d > orders.o_entry_d)","Rows Removed by Join Filter":0,"Shared Hit Blocks":98796,"Shared Read Blocks":0,"Shared Dirtied Blocks":0,"Shared Written Blocks":0,"Local Hit Blocks":0,"Local Read Blocks":0,"Local Dirtied Blocks":0,"Local Written Blocks":0,"Temp Read Blocks":206286,"Temp Written Blocks":206286,"I/O Read Time":0.0,"I/O Write Time":0.0,"Temp I/O Read Time":310.749,"Temp I/O Write Time":861.308,"Plans":[{"Node Type":"Hash Join","Parent Relationship":"Outer","Parallel Aware":false,"Async Capable":false,"Join Type":"Inner","Startup Cost":640410.85,"Total Cost":3071169.9,"Plan Rows":682888,"Plan Width":41,"Actual Startup Time":6869.645,"Actual Total Time":28141.852,"Actual Rows":535908,"Actual Loops":1,"Output":["supplier.su_name","stock.s_w_id","l1.ol_o_id","l1.ol_w_id","l1.ol_d_id","l1.ol_delivery_d"],"Inner Unique":false,"Hash Cond":"((l1.ol_w_id = stock.s_w_id) AND (l1.ol_i_id = stock.s_i_id))","Shared Hit Blocks":54674,"Shared Read Blocks":0,"Shared Dirtied Blocks":0,"Shared Written Blocks":0,"Local Hit Blocks":0,"Local Read Blocks":0,"Local Dirtied Blocks":0,"Local Written Blocks":0,"Temp Read Blocks":170148,"Temp Written Blocks":170148,"I/O Read Time":0.0,"I/O Write Time":0.0,"Temp I/O Read Time":249.973,"Temp I/O Write Time":681.429,"Plans":[{"Node Type":"Append","Parent Relationship":"Outer","Parallel Aware":false,"Async Capable":false,"Startup Cost":20.0,"Total Cost":1403598.82,"Plan Rows":42039468,"Plan Width":24,"Actual Startup Time":2.866,"Actual Total Time":11064.681,"Actual Rows":41960840,"Actual Loops":1,"Shared Hit Blocks":0,"Shared Read Blocks":0,"Shared Dirtied Blocks":0,"Shared Written Blocks":0,"Local Hit Blocks":0,"Local Read Blocks":0,"Local Dirtied Blocks":0,"Local Written Blocks":0,"Temp Read Blocks":0,"Temp Written Blocks":0,"I/O Read Time":0.0,"I/O Write Time":0.0,"Temp I/O Read Time":0.0,"Temp I/O Write Time":0.0,"Subplans Removed":0,"Plans":[{"Node Type":"Custom Scan","Parent Relationship":"Member","Custom Plan Provider":"columnar scan","Parallel Aware":false,"Async Capable":false,"Relation Name":"order_line","Schema":"public","Alias":"l1","Startup Cost":20.0,"Total Cost":1072026.23,"Plan Rows":42039424,"Plan Width":24,"Actual Startup Time":2.862,"Actual Total Time":8023.84,"Actual Rows":41960840,"Actual Loops":1,"Output":["l1.ol_o_id","l1.ol_w_id","l1.ol_d_id","l1.ol_i_id","l1.ol_delivery_d"],"Filter":"(l1.ol_delivery_d >= '1992-01-02 20:10:02.27764'::timestamp without time zone)","Rows Removed by Filter":0,"Rows Removed by Columnar Filter":18032921,"Rows Filtered by Bloom Filter":0,"Dictionary Rows Filtered by Bloom Filter":39649,"Columnar cache search mode":"native","Shared Hit Blocks":0,"Shared Read Blocks":0,"Shared Dirtied Blocks":0,"Shared Written Blocks":0,"Local Hit Blocks":0,"Local Read Blocks":0,"Local Dirtied Blocks":0,"Local Written Blocks":0,"Temp Read Blocks":0,"Temp Written Blocks":0,"I/O Read Time":0.0,"I/O Write Time":0.0,"Temp I/O Read Time":0.0,"Temp I/O Write Time":0.0},{"Node Type":"Seq Scan","Parent Relationship":"Member","Parallel Aware":false,"Async Capable":false,"Relation Name":"order_line","Schema":"public","Alias":"l1","Startup Cost":0.0,"Total Cost":4.79,"Plan Rows":44,"Plan Width":24,"Actual Startup Time":0.0,"Actual Total Time":0.0,"Actual Rows":0,"Actual Loops":0,"Output":["l1.ol_o_id","l1.ol_w_id","l1.ol_d_id","l1.ol_i_id","l1.ol_delivery_d"],"Filter":"(l1.ol_delivery_d >= '1992-01-02 20:10:02.27764'::timestamp without time zone)","Rows Removed by Filter":0,"Shared Hit Blocks":0,"Shared Read Blocks":0,"Shared Dirtied Blocks":0,"Shared Written Blocks":0,"Local Hit Blocks":0,"Local Read Blocks":0,"Local Dirtied Blocks":0,"Local Written Blocks":0,"Temp Read Blocks":0,"Temp Written Blocks":0,"I/O Read Time":0.0,"I/O Write Time":0.0,"Temp I/O Read Time":0.0,"Temp I/O Write Time":0.0}]},{"Node Type":"Hash","Parent Relationship":"Inner","Parallel Aware":false,"Async Capable":false,"Startup Cost":633346.09,"Total Cost":633346.09,"Plan Rows":322584,"Plan Width":25,"Actual Startup Time":6866.005,"Actual Total Time":6866.016,"Actual Rows":255450,"Actual Loops":1,"Output":["supplier.su_name","stock.s_w_id","stock.s_i_id"],"Hash Buckets":131072,"Original Hash Buckets":131072,"Hash Batches":4,"Original Hash Batches":4,"Peak Memory Usage":4756,"Shared Hit Blocks":54674,"Shared Read Blocks":0,"Shared Dirtied Blocks":0,"Shared Written Blocks":0,"Local Hit Blocks":0,"Local Read Blocks":0,"Local Dirtied Blocks":0,"Local Written Blocks":0,"Temp Read Blocks":0,"Temp Written Blocks":1122,"I/O Read Time":0.0,"I/O Write Time":0.0,"Temp I/O Read Time":0.0,"Temp I/O Write Time":7.348,"Plans":[{"Node Type":"Hash Join","Parent Relationship":"Outer","Parallel Aware":false,"Async Capable":false,"Join Type":"Inner","Startup Cost":366.25,"Total Cost":633346.09,"Plan Rows":322584,"Plan Width":25,"Actual Startup Time":3.625,"Actual Total Time":6813.395,"Actual Rows":255450,"Actual Loops":1,"Output":["supplier.su_name","stock.s_w_id","stock.s_i_id"],"Inner Unique":true,"Hash Cond":"(supplier.su_nationkey = nation.n_nationkey)","Shared Hit Blocks":54674,"Shared Read Blocks":0,"Shared Dirtied Blocks":0,"Shared Written Blocks":0,"Local Hit Blocks":0,"Local Read Blocks":0,"Local Dirtied Blocks":0,"Local Written Blocks":0,"Temp Read Blocks":0,"Temp Written Blocks":0,"I/O Read Time":0.0,"I/O Write Time":0.0,"Temp I/O Read Time":0.0,"Temp I/O Write Time":0.0,"Plans":[{"Node Type":"Hash Join","Parent Relationship":"Outer","Parallel Aware":false,"Async Capable":false,"Join Type":"Inner","Startup Cost":364.46,"Total Cost":577255.0,"Plan Rows":20000212,"Plan Width":29,"Actual Startup Time":3.567,"Actual Total Time":5514.806,"Actual Rows":20000000,"Actual Loops":1,"Output":["supplier.su_name","supplier.su_nationkey","stock.s_w_id","stock.s_i_id"],"Inner Unique":true,"Hash Cond":"(mod((stock.s_w_id * stock.s_i_id), 10000) = supplier.su_suppkey)","Shared Hit Blocks":54673,"Shared Read Blocks":0,"Shared Dirtied Blocks":0,"Shared Written Blocks":0,"Local Hit Blocks":0,"Local Read Blocks":0,"Local Dirtied Blocks":0,"Local Written Blocks":0,"Temp Read Blocks":0,"Temp Written Blocks":0,"I/O Read Time":0.0,"I/O Write Time":0.0,"Temp I/O Read Time":0.0,"Temp I/O Write Time":0.0,"Plans":[{"Node Type":"Index Only Scan","Parent Relationship":"Outer","Parallel Aware":false,"Async Capable":false,"Scan Direction":"Forward","Index Name":"stock_pk","Relation Name":"stock","Schema":"public","Alias":"stock","Startup Cost":0.44,"Total Cost":519363.62,"Plan Rows":20000212,"Plan Width":6,"Actual Startup Time":0.032,"Actual Total Time":1560.646,"Actual Rows":20000000,"Actual Loops":1,"Output":["stock.s_w_id","stock.s_i_id"],"Heap Fetches":0,"Shared Hit Blocks":54673,"Shared Read Blocks":0,"Shared Dirtied Blocks":0,"Shared Written Blocks":0,"Local Hit Blocks":0,"Local Read Blocks":0,"Local Dirtied Blocks":0,"Local Written Blocks":0,"Temp Read Blocks":0,"Temp Written Blocks":0,"I/O Read Time":0.0,"I/O Write Time":0.0,"Temp I/O Read Time":0.0,"Temp I/O Write Time":0.0},{"Node Type":"Hash","Parent Relationship":"Inner","Parallel Aware":false,"Async Capable":false,"Startup Cost":239.01,"Total Cost":239.01,"Plan Rows":10001,"Plan Width":27,"Actual Startup Time":3.483,"Actual Total Time":3.487,"Actual Rows":10000,"Actual Loops":1,"Output":["supplier.su_name","supplier.su_suppkey","supplier.su_nationkey"],"Hash Buckets":16384,"Original Hash Buckets":16384,"Hash Batches":1,"Original Hash Batches":1,"Peak Memory Usage":714,"Shared Hit Blocks":0,"Shared Read Blocks":0,"Shared Dirtied Blocks":0,"Shared Written Blocks":0,"Local Hit Blocks":0,"Local Read Blocks":0,"Local Dirtied Blocks":0,"Local Written Blocks":0,"Temp Read Blocks":0,"Temp Written Blocks":0,"I/O Read Time":0.0,"I/O Write Time":0.0,"Temp I/O Read Time":0.0,"Temp I/O Write Time":0.0,"Plans":[{"Node Type":"Append","Parent Relationship":"Outer","Parallel Aware":false,"Async Capable":false,"Startup Cost":20.0,"Total Cost":239.01,"Plan Rows":10001,"Plan Width":27,"Actual Startup Time":0.053,"Actual Total Time":2.056,"Actual Rows":10000,"Actual Loops":1,"Shared Hit Blocks":0,"Shared Read Blocks":0,"Shared Dirtied Blocks":0,"Shared Written Blocks":0,"Local Hit Blocks":0,"Local Read Blocks":0,"Local Dirtied Blocks":0,"Local Written Blocks":0,"Temp Read Blocks":0,"Temp Written Blocks":0,"I/O Read Time":0.0,"I/O Write Time":0.0,"Temp I/O Read Time":0.0,"Temp I/O Write Time":0.0,"Subplans Removed":0,"Plans":[{"Node Type":"Custom Scan","Parent Relationship":"Member","Custom Plan Provider":"columnar scan","Parallel Aware":false,"Async Capable":false,"Relation Name":"supplier","Schema":"public","Alias":"supplier","Startup Cost":20.0,"Total Cost":235.0,"Plan Rows":10000,"Plan Width":27,"Actual Startup Time":0.05,"Actual Total Time":1.36,"Actual Rows":10000,"Actual Loops":1,"Output":["supplier.su_name","supplier.su_suppkey","supplier.su_nationkey"],"Rows Removed by Columnar Filter":0,"Columnar cache search mode":"native","Shared Hit Blocks":0,"Shared Read Blocks":0,"Shared Dirtied Blocks":0,"Shared Written Blocks":0,"Local Hit Blocks":0,"Local Read Blocks":0,"Local Dirtied Blocks":0,"Local Written Blocks":0,"Temp Read Blocks":0,"Temp Written Blocks":0,"I/O Read Time":0.0,"I/O Write Time":0.0,"Temp I/O Read Time":0.0,"Temp I/O Write Time":0.0},{"Node Type":"Seq Scan","Parent Relationship":"Member","Parallel Aware":false,"Async Capable":false,"Relation Name":"supplier","Schema":"public","Alias":"supplier","Startup Cost":0.0,"Total Cost":4.01,"Plan Rows":1,"Plan Width":27,"Actual Startup Time":0.0,"Actual Total Time":0.0,"Actual Rows":0,"Actual Loops":0,"Output":["supplier.su_name","supplier.su_suppkey","supplier.su_nationkey"],"Shared Hit Blocks":0,"Shared Read Blocks":0,"Shared Dirtied Blocks":0,"Shared Written Blocks":0,"Local Hit Blocks":0,"Local Read Blocks":0,"Local Dirtied Blocks":0,"Local Written Blocks":0,"Temp Read Blocks":0,"Temp Written Blocks":0,"I/O Read Time":0.0,"I/O Write Time":0.0,"Temp I/O Read Time":0.0,"Temp I/O Write Time":0.0}]}]}]},{"Node Type":"Hash","Parent Relationship":"Inner","Parallel Aware":false,"Async Capable":false,"Startup Cost":1.77,"Total Cost":1.77,"Plan Rows":1,"Plan Width":4,"Actual Startup Time":0.032,"Actual Total Time":0.032,"Actual Rows":1,"Actual Loops":1,"Output":["nation.n_nationkey"],"Hash Buckets":1024,"Original Hash Buckets":1024,"Hash Batches":1,"Original Hash Batches":1,"Peak Memory Usage":9,"Shared Hit Blocks":1,"Shared Read Blocks":0,"Shared Dirtied Blocks":0,"Shared Written Blocks":0,"Local Hit Blocks":0,"Local Read Blocks":0,"Local Dirtied Blocks":0,"Local Written Blocks":0,"Temp Read Blocks":0,"Temp Written Blocks":0,"I/O Read Time":0.0,"I/O Write Time":0.0,"Temp I/O Read Time":0.0,"Temp I/O Write Time":0.0,"Plans":[{"Node Type":"Seq Scan","Parent Relationship":"Outer","Parallel Aware":false,"Async Capable":false,"Relation Name":"nation","Schema":"public","Alias":"nation","Startup Cost":0.0,"Total Cost":1.77,"Plan Rows":1,"Plan Width":4,"Actual Startup Time":0.025,"Actual Total Time":0.027,"Actual Rows":1,"Actual Loops":1,"Output":["nation.n_nationkey"],"Filter":"((nation.n_name)::text = 'Cambodia'::text)","Rows Removed by Filter":61,"Shared Hit Blocks":1,"Shared Read Blocks":0,"Shared Dirtied Blocks":0,"Shared Written Blocks":0,"Local Hit Blocks":0,"Local Read Blocks":0,"Local Dirtied Blocks":0,"Local Written Blocks":0,"Temp Read Blocks":0,"Temp Written Blocks":0,"I/O Read Time":0.0,"I/O Write Time":0.0,"Temp I/O Read Time":0.0,"Temp I/O Write Time":0.0}]}]}]}]},{"Node Type":"Hash","Parent Relationship":"Inner","Parallel Aware":false,"Async Capable":false,"Startup Cost":119121.6,"Total Cost":119121.6,"Plan Rows":5996324,"Plan Width":20,"Actual Startup Time":2163.498,"Actual Total Time":2163.5,"Actual Rows":5995789,"Actual Loops":1,"Output":["orders.o_id","orders.o_w_id","orders.o_d_id","orders.o_entry_d"],"Hash Buckets":131072,"Original Hash Buckets":131072,"Hash Batches":64,"Original Hash Batches":64,"Peak Memory Usage":6157,"Shared Hit Blocks":44122,"Shared Read Blocks":0,"Shared Dirtied Blocks":0,"Shared Written Blocks":0,"Local Hit Blocks":0,"Local Read Blocks":0,"Local Dirtied Blocks":0,"Local Written Blocks":0,"Temp Read Blocks":0,"Temp Written Blocks":31667,"I/O Read Time":0.0,"I/O Write Time":0.0,"Temp I/O Read Time":0.0,"Temp I/O Write Time":151.628,"Plans":[{"Node Type":"Seq Scan","Parent Relationship":"Outer","Parallel Aware":false,"Async Capable":false,"Relation Name":"orders","Schema":"public","Alias":"orders","Startup Cost":0.0,"Total Cost":119121.6,"Plan Rows":5996324,"Plan Width":20,"Actual Startup Time":0.018,"Actual Total Time":740.701,"Actual Rows":5995789,"Actual Loops":1,"Output":["orders.o_id","orders.o_w_id","orders.o_d_id","orders.o_entry_d"],"Filter":"(orders.o_entry_d >= '1992-01-02 20:10:02.27764'::timestamp without time zone)","Rows Removed by Filter":4211,"Shared Hit Blocks":44122,"Shared Read Blocks":0,"Shared Dirtied Blocks":0,"Shared Written Blocks":0,"Local Hit Blocks":0,"Local Read Blocks":0,"Local Dirtied Blocks":0,"Local Written Blocks":0,"Temp Read Blocks":0,"Temp Written Blocks":0,"I/O Read Time":0.0,"I/O Write Time":0.0,"Temp I/O Read Time":0.0,"Temp I/O Write Time":0.0}]}]},{"Node Type":"Index Scan","Parent Relationship":"Inner","Parallel Aware":false,"Async Capable":false,"Scan Direction":"Forward","Index Name":"order_line_pk","Relation Name":"order_line","Schema":"public","Alias":"l2","Startup Cost":0.56,"Total Cost":35.72,"Plan Rows":2,"Plan Width":20,"Actual Startup Time":0.007,"Actual Total Time":0.007,"Actual Rows":0,"Actual Loops":535880,"Output":["l2.ol_o_id","l2.ol_d_id","l2.ol_w_id","l2.ol_number","l2.ol_i_id","l2.ol_supply_w_id","l2.ol_delivery_d","l2.ol_quantity","l2.ol_amount","l2.ol_dist_info"],"Index Cond":"((l2.ol_w_id = l1.ol_w_id) AND (l2.ol_d_id = l1.ol_d_id) AND (l2.ol_o_id = l1.ol_o_id))","Rows Removed by Index Recheck":0,"Filter":"((l2.ol_delivery_d >= '1992-01-02 20:10:02.27764'::timestamp without time zone) AND (l2.ol_delivery_d > l1.ol_delivery_d))","Rows Removed by Filter":11,"Shared Hit Blocks":2767173,"Shared Read Blocks":0,"Shared Dirtied Blocks":0,"Shared Written Blocks":0,"Local Hit Blocks":0,"Local Read Blocks":0,"Local Dirtied Blocks":0,"Local Written Blocks":0,"Temp Read Blocks":0,"Temp Written Blocks":0,"I/O Read Time":0.0,"I/O Write Time":0.0,"Temp I/O Read Time":0.0,"Temp I/O Write Time":0.0}]}]}]}]},"Planning":{"Shared Hit Blocks":128,"Shared Read Blocks":0,"Shared Dirtied Blocks":0,"Shared Written Blocks":0,"Local Hit Blocks":0,"Local Read Blocks":0,"Local Dirtied Blocks":0,"Local Written Blocks":0,"Temp Read Blocks":0,"Temp Written Blocks":0,"I/O Read Time":0.0,"I/O Write Time":0.0,"Temp I/O Read Time":0.0,"Temp I/O Write Time":0.0},"Planning Time":2.102,"Triggers":[],"Execution Time":35382.432}]
[列存组合]: orders, stock
[{"Plan":{"Node Type":"Sort","Parallel Aware":false,"Async Capable":false,"Startup Cost":9534513.11,"Total Cost":9534538.11,"Plan Rows":10000,"Plan Width":27,"Actual Startup Time":30370.306,"Actual Total Time":30370.331,"Actual Rows":156,"Actual Loops":1,"Output":["supplier.su_name","(count(*))"],"Sort Key":["(count(*)) DESC","supplier.su_name"],"Sort Method":"quicksort","Sort Space Used":35,"Sort Space Type":"Memory","Shared Hit Blocks":3547934,"Shared Read Blocks":0,"Shared Dirtied Blocks":0,"Shared Written Blocks":0,"Local Hit Blocks":0,"Local Read Blocks":0,"Local Dirtied Blocks":0,"Local Written Blocks":0,"Temp Read Blocks":208358,"Temp Written Blocks":208369,"I/O Read Time":0.0,"I/O Write Time":0.0,"Temp I/O Read Time":311.165,"Temp I/O Write Time":848.815,"Plans":[{"Node Type":"Aggregate","Strategy":"Sorted","Partial Mode":"Simple","Parent Relationship":"Outer","Parallel Aware":false,"Async Capable":false,"Startup Cost":9532611.27,"Total Cost":9533848.73,"Plan Rows":10000,"Plan Width":27,"Actual Startup Time":30267.603,"Actual Total Time":30370.265,"Actual Rows":156,"Actual Loops":1,"Output":["supplier.su_name","count(*)"],"Group Key":["supplier.su_name"],"Shared Hit Blocks":3547934,"Shared Read Blocks":0,"Shared Dirtied Blocks":0,"Shared Written Blocks":0,"Local Hit Blocks":0,"Local Read Blocks":0,"Local Dirtied Blocks":0,"Local Written Blocks":0,"Temp Read Blocks":208358,"Temp Written Blocks":208369,"I/O Read Time":0.0,"I/O Write Time":0.0,"Temp I/O Read Time":311.165,"Temp I/O Write Time":848.815,"Plans":[{"Node Type":"Sort","Parent Relationship":"Outer","Parallel Aware":false,"Async Capable":false,"Startup Cost":9532611.27,"Total Cost":9532990.42,"Plan Rows":151661,"Plan Width":19,"Actual Startup Time":30267.257,"Actual Total Time":30321.761,"Actual Rows":535880,"Actual Loops":1,"Output":["supplier.su_name"],"Sort Key":["supplier.su_name"],"Sort Method":"external merge","Sort Space Used":15280,"Sort Space Type":"Disk","Shared Hit Blocks":3547934,"Shared Read Blocks":0,"Shared Dirtied Blocks":0,"Shared Written Blocks":0,"Local Hit Blocks":0,"Local Read Blocks":0,"Local Dirtied Blocks":0,"Local Written Blocks":0,"Temp Read Blocks":208358,"Temp Written Blocks":208369,"I/O Read Time":0.0,"I/O Write Time":0.0,"Temp I/O Read Time":311.165,"Temp I/O Write Time":848.815,"Plans":[{"Node Type":"Nested Loop","Parent Relationship":"Outer","Parallel Aware":false,"Async Capable":false,"Join Type":"Anti","Startup Cost":899661.66,"Total Cost":9516448.97,"Plan Rows":151661,"Plan Width":19,"Actual Startup Time":8628.11,"Actual Total Time":29972.044,"Actual Rows":535880,"Actual Loops":1,"Output":["supplier.su_name"],"Inner Unique":false,"Shared Hit Blocks":3547934,"Shared Read Blocks":0,"Shared Dirtied Blocks":0,"Shared Written Blocks":0,"Local Hit Blocks":0,"Local Read Blocks":0,"Local Dirtied Blocks":0,"Local Written Blocks":0,"Temp Read Blocks":206448,"Temp Written Blocks":206448,"I/O Read Time":0.0,"I/O Write Time":0.0,"Temp I/O Read Time":308.376,"Temp I/O Write Time":841.234,"Plans":[{"Node Type":"Hash Join","Parent Relationship":"Outer","Parallel Aware":false,"Async Capable":false,"Join Type":"Inner","Startup Cost":899661.1,"Total Cost":3411028.87,"Plan Rows":227491,"Plan Width":39,"Actual Startup Time":8628.072,"Actual Total Time":26131.865,"Actual Rows":535880,"Actual Loops":1,"Output":["supplier.su_name","l1.ol_o_id","l1.ol_w_id","l1.ol_d_id","l1.ol_delivery_d"],"Inner Unique":true,"Hash Cond":"((l1.ol_o_id = orders.o_id) AND (l1.ol_w_id = orders.o_w_id) AND (l1.ol_d_id = orders.o_d_id))","Join Filter":"(l1.ol_delivery_d > orders.o_entry_d)","Rows Removed by Join Filter":0,"Shared Hit Blocks":780761,"Shared Read Blocks":0,"Shared Dirtied Blocks":0,"Shared Written Blocks":0,"Local Hit Blocks":0,"Local Read Blocks":0,"Local Dirtied Blocks":0,"Local Written Blocks":0,"Temp Read Blocks":206448,"Temp Written Blocks":206448,"I/O Read Time":0.0,"I/O Write Time":0.0,"Temp I/O Read Time":308.376,"Temp I/O Write Time":841.234,"Plans":[{"Node Type":"Hash Join","Parent Relationship":"Outer","Parallel Aware":false,"Async Capable":false,"Join Type":"Inner","Startup Cost":640468.83,"Total Cost":3099319.86,"Plan Rows":682888,"Plan Width":41,"Actual Startup Time":6877.027,"Actual Total Time":23585.089,"Actual Rows":536421,"Actual Loops":1,"Output":["supplier.su_name","stock.s_w_id","l1.ol_o_id","l1.ol_w_id","l1.ol_d_id","l1.ol_delivery_d"],"Inner Unique":false,"Hash Cond":"((l1.ol_w_id = stock.s_w_id) AND (l1.ol_i_id = stock.s_i_id))","Shared Hit Blocks":736639,"Shared Read Blocks":0,"Shared Dirtied Blocks":0,"Shared Written Blocks":0,"Local Hit Blocks":0,"Local Read Blocks":0,"Local Dirtied Blocks":0,"Local Written Blocks":0,"Temp Read Blocks":170308,"Temp Written Blocks":170308,"I/O Read Time":0.0,"I/O Write Time":0.0,"Temp I/O Read Time":248.08,"Temp I/O Write Time":667.246,"Plans":[{"Node Type":"Seq Scan","Parent Relationship":"Outer","Parallel Aware":false,"Async Capable":false,"Relation Name":"order_line","Schema":"public","Alias":"l1","Startup Cost":0.0,"Total Cost":1431670.8,"Plan Rows":42039468,"Plan Width":24,"Actual Startup Time":0.011,"Actual Total Time":6831.562,"Actual Rows":42000489,"Actual Loops":1,"Output":["l1.ol_o_id","l1.ol_w_id","l1.ol_d_id","l1.ol_i_id","l1.ol_delivery_d"],"Filter":"(l1.ol_delivery_d >= '1992-01-02 20:10:02.27764'::timestamp without time zone)","Rows Removed by Filter":17993272,"Shared Hit Blocks":681748,"Shared Read Blocks":0,"Shared Dirtied Blocks":0,"Shared Written Blocks":0,"Local Hit Blocks":0,"Local Read Blocks":0,"Local Dirtied Blocks":0,"Local Written Blocks":0,"Temp Read Blocks":0,"Temp Written Blocks":0,"I/O Read Time":0.0,"I/O Write Time":0.0,"Temp I/O Read Time":0.0,"Temp I/O Write Time":0.0},{"Node Type":"Hash","Parent Relationship":"Inner","Parallel Aware":false,"Async Capable":false,"Startup Cost":633424.07,"Total Cost":633424.07,"Plan Rows":322584,"Plan Width":25,"Actual Startup Time":6876.312,"Actual Total Time":6876.324,"Actual Rows":255450,"Actual Loops":1,"Output":["supplier.su_name","stock.s_w_id","stock.s_i_id"],"Hash Buckets":131072,"Original Hash Buckets":131072,"Hash Batches":4,"Original Hash Batches":4,"Peak Memory Usage":4756,"Shared Hit Blocks":54891,"Shared Read Blocks":0,"Shared Dirtied Blocks":0,"Shared Written Blocks":0,"Local Hit Blocks":0,"Local Read Blocks":0,"Local Dirtied Blocks":0,"Local Written Blocks":0,"Temp Read Blocks":0,"Temp Written Blocks":1122,"I/O Read Time":0.0,"I/O Write Time":0.0,"Temp I/O Read Time":0.0,"Temp I/O Write Time":7.022,"Plans":[{"Node Type":"Hash Join","Parent Relationship":"Outer","Parallel Aware":false,"Async Capable":false,"Join Type":"Inner","Startup Cost":444.22,"Total Cost":633424.07,"Plan Rows":322584,"Plan Width":25,"Actual Startup Time":2.888,"Actual Total Time":6823.698,"Actual Rows":255450,"Actual Loops":1,"Output":["supplier.su_name","stock.s_w_id","stock.s_i_id"],"Inner Unique":true,"Hash Cond":"(supplier.su_nationkey = nation.n_nationkey)","Shared Hit Blocks":54891,"Shared Read Blocks":0,"Shared Dirtied Blocks":0,"Shared Written Blocks":0,"Local Hit Blocks":0,"Local Read Blocks":0,"Local Dirtied Blocks":0,"Local Written Blocks":0,"Temp Read Blocks":0,"Temp Written Blocks":0,"I/O Read Time":0.0,"I/O Write Time":0.0,"Temp I/O Read Time":0.0,"Temp I/O Write Time":0.0,"Plans":[{"Node Type":"Hash Join","Parent Relationship":"Outer","Parallel Aware":false,"Async Capable":false,"Join Type":"Inner","Startup Cost":442.44,"Total Cost":577332.98,"Plan Rows":20000212,"Plan Width":29,"Actual Startup Time":2.85,"Actual Total Time":5510.559,"Actual Rows":20000000,"Actual Loops":1,"Output":["supplier.su_name","supplier.su_nationkey","stock.s_w_id","stock.s_i_id"],"Inner Unique":true,"Hash Cond":"(mod((stock.s_w_id * stock.s_i_id), 10000) = supplier.su_suppkey)","Shared Hit Blocks":54890,"Shared Read Blocks":0,"Shared Dirtied Blocks":0,"Shared Written Blocks":0,"Local Hit Blocks":0,"Local Read Blocks":0,"Local Dirtied Blocks":0,"Local Written Blocks":0,"Temp Read Blocks":0,"Temp Written Blocks":0,"I/O Read Time":0.0,"I/O Write Time":0.0,"Temp I/O Read Time":0.0,"Temp I/O Write Time":0.0,"Plans":[{"Node Type":"Index Only Scan","Parent Relationship":"Outer","Parallel Aware":false,"Async Capable":false,"Scan Direction":"Forward","Index Name":"stock_pk","Relation Name":"stock","Schema":"public","Alias":"stock","Startup Cost":0.44,"Total Cost":519363.62,"Plan Rows":20000212,"Plan Width":6,"Actual Startup Time":0.019,"Actual Total Time":1544.919,"Actual Rows":20000000,"Actual Loops":1,"Output":["stock.s_w_id","stock.s_i_id"],"Heap Fetches":0,"Shared Hit Blocks":54673,"Shared Read Blocks":0,"Shared Dirtied Blocks":0,"Shared Written Blocks":0,"Local Hit Blocks":0,"Local Read Blocks":0,"Local Dirtied Blocks":0,"Local Written Blocks":0,"Temp Read Blocks":0,"Temp Written Blocks":0,"I/O Read Time":0.0,"I/O Write Time":0.0,"Temp I/O Read Time":0.0,"Temp I/O Write Time":0.0},{"Node Type":"Hash","Parent Relationship":"Inner","Parallel Aware":false,"Async Capable":false,"Startup Cost":317.0,"Total Cost":317.0,"Plan Rows":10000,"Plan Width":27,"Actual Startup Time":2.779,"Actual Total Time":2.782,"Actual Rows":10000,"Actual Loops":1,"Output":["supplier.su_name","supplier.su_suppkey","supplier.su_nationkey"],"Hash Buckets":16384,"Original Hash Buckets":16384,"Hash Batches":1,"Original Hash Batches":1,"Peak Memory Usage":714,"Shared Hit Blocks":217,"Shared Read Blocks":0,"Shared Dirtied Blocks":0,"Shared Written Blocks":0,"Local Hit Blocks":0,"Local Read Blocks":0,"Local Dirtied Blocks":0,"Local Written Blocks":0,"Temp Read Blocks":0,"Temp Written Blocks":0,"I/O Read Time":0.0,"I/O Write Time":0.0,"Temp I/O Read Time":0.0,"Temp I/O Write Time":0.0,"Plans":[{"Node Type":"Seq Scan","Parent Relationship":"Outer","Parallel Aware":false,"Async Capable":false,"Relation Name":"supplier","Schema":"public","Alias":"supplier","Startup Cost":0.0,"Total Cost":317.0,"Plan Rows":10000,"Plan Width":27,"Actual Startup Time":0.007,"Actual Total Time":1.355,"Actual Rows":10000,"Actual Loops":1,"Output":["supplier.su_name","supplier.su_suppkey","supplier.su_nationkey"],"Shared Hit Blocks":217,"Shared Read Blocks":0,"Shared Dirtied Blocks":0,"Shared Written Blocks":0,"Local Hit Blocks":0,"Local Read Blocks":0,"Local Dirtied Blocks":0,"Local Written Blocks":0,"Temp Read Blocks":0,"Temp Written Blocks":0,"I/O Read Time":0.0,"I/O Write Time":0.0,"Temp I/O Read Time":0.0,"Temp I/O Write Time":0.0}]}]},{"Node Type":"Hash","Parent Relationship":"Inner","Parallel Aware":false,"Async Capable":false,"Startup Cost":1.77,"Total Cost":1.77,"Plan Rows":1,"Plan Width":4,"Actual Startup Time":0.015,"Actual Total Time":0.018,"Actual Rows":1,"Actual Loops":1,"Output":["nation.n_nationkey"],"Hash Buckets":1024,"Original Hash Buckets":1024,"Hash Batches":1,"Original Hash Batches":1,"Peak Memory Usage":9,"Shared Hit Blocks":1,"Shared Read Blocks":0,"Shared Dirtied Blocks":0,"Shared Written Blocks":0,"Local Hit Blocks":0,"Local Read Blocks":0,"Local Dirtied Blocks":0,"Local Written Blocks":0,"Temp Read Blocks":0,"Temp Written Blocks":0,"I/O Read Time":0.0,"I/O Write Time":0.0,"Temp I/O Read Time":0.0,"Temp I/O Write Time":0.0,"Plans":[{"Node Type":"Seq Scan","Parent Relationship":"Outer","Parallel Aware":false,"Async Capable":false,"Relation Name":"nation","Schema":"public","Alias":"nation","Startup Cost":0.0,"Total Cost":1.77,"Plan Rows":1,"Plan Width":4,"Actual Startup Time":0.01,"Actual Total Time":0.014,"Actual Rows":1,"Actual Loops":1,"Output":["nation.n_nationkey"],"Filter":"((nation.n_name)::text = 'Cambodia'::text)","Rows Removed by Filter":61,"Shared Hit Blocks":1,"Shared Read Blocks":0,"Shared Dirtied Blocks":0,"Shared Written Blocks":0,"Local Hit Blocks":0,"Local Read Blocks":0,"Local Dirtied Blocks":0,"Local Written Blocks":0,"Temp Read Blocks":0,"Temp Written Blocks":0,"I/O Read Time":0.0,"I/O Write Time":0.0,"Temp I/O Read Time":0.0,"Temp I/O Write Time":0.0}]}]}]}]},{"Node Type":"Hash","Parent Relationship":"Inner","Parallel Aware":false,"Async Capable":false,"Startup Cost":119121.6,"Total Cost":119121.6,"Plan Rows":5996324,"Plan Width":20,"Actual Startup Time":1749.542,"Actual Total Time":1749.543,"Actual Rows":5995789,"Actual Loops":1,"Output":["orders.o_id","orders.o_w_id","orders.o_d_id","orders.o_entry_d"],"Hash Buckets":131072,"Original Hash Buckets":131072,"Hash Batches":64,"Original Hash Batches":64,"Peak Memory Usage":6157,"Shared Hit Blocks":44122,"Shared Read Blocks":0,"Shared Dirtied Blocks":0,"Shared Written Blocks":0,"Local Hit Blocks":0,"Local Read Blocks":0,"Local Dirtied Blocks":0,"Local Written Blocks":0,"Temp Read Blocks":0,"Temp Written Blocks":31667,"I/O Read Time":0.0,"I/O Write Time":0.0,"Temp I/O Read Time":0.0,"Temp I/O Write Time":145.361,"Plans":[{"Node Type":"Seq Scan","Parent Relationship":"Outer","Parallel Aware":false,"Async Capable":false,"Relation Name":"orders","Schema":"public","Alias":"orders","Startup Cost":0.0,"Total Cost":119121.6,"Plan Rows":5996324,"Plan Width":20,"Actual Startup Time":0.015,"Actual Total Time":713.104,"Actual Rows":5995789,"Actual Loops":1,"Output":["orders.o_id","orders.o_w_id","orders.o_d_id","orders.o_entry_d"],"Filter":"(orders.o_entry_d >= '1992-01-02 20:10:02.27764'::timestamp without time zone)","Rows Removed by Filter":4211,"Shared Hit Blocks":44122,"Shared Read Blocks":0,"Shared Dirtied Blocks":0,"Shared Written Blocks":0,"Local Hit Blocks":0,"Local Read Blocks":0,"Local Dirtied Blocks":0,"Local Written Blocks":0,"Temp Read Blocks":0,"Temp Written Blocks":0,"I/O Read Time":0.0,"I/O Write Time":0.0,"Temp I/O Read Time":0.0,"Temp I/O Write Time":0.0}]}]},{"Node Type":"Index Scan","Parent Relationship":"Inner","Parallel Aware":false,"Async Capable":false,"Scan Direction":"Forward","Index Name":"order_line_pk","Relation Name":"order_line","Schema":"public","Alias":"l2","Startup Cost":0.56,"Total Cost":35.72,"Plan Rows":2,"Plan Width":20,"Actual Startup Time":0.007,"Actual Total Time":0.007,"Actual Rows":0,"Actual Loops":535880,"Output":["l2.ol_o_id","l2.ol_d_id","l2.ol_w_id","l2.ol_number","l2.ol_i_id","l2.ol_supply_w_id","l2.ol_delivery_d","l2.ol_quantity","l2.ol_amount","l2.ol_dist_info"],"Index Cond":"((l2.ol_w_id = l1.ol_w_id) AND (l2.ol_d_id = l1.ol_d_id) AND (l2.ol_o_id = l1.ol_o_id))","Rows Removed by Index Recheck":0,"Filter":"((l2.ol_delivery_d >= '1992-01-02 20:10:02.27764'::timestamp without time zone) AND (l2.ol_delivery_d > l1.ol_delivery_d))","Rows Removed by Filter":11,"Shared Hit Blocks":2767173,"Shared Read Blocks":0,"Shared Dirtied Blocks":0,"Shared Written Blocks":0,"Local Hit Blocks":0,"Local Read Blocks":0,"Local Dirtied Blocks":0,"Local Written Blocks":0,"Temp Read Blocks":0,"Temp Written Blocks":0,"I/O Read Time":0.0,"I/O Write Time":0.0,"Temp I/O Read Time":0.0,"Temp I/O Write Time":0.0}]}]}]}]},"Planning":{"Shared Hit Blocks":128,"Shared Read Blocks":0,"Shared Dirtied Blocks":0,"Shared Written Blocks":0,"Local Hit Blocks":0,"Local Read Blocks":0,"Local Dirtied Blocks":0,"Local Written Blocks":0,"Temp Read Blocks":0,"Temp Written Blocks":0,"I/O Read Time":0.0,"I/O Write Time":0.0,"Temp I/O Read Time":0.0,"Temp I/O Write Time":0.0},"Planning Time":2.337,"Triggers":[],"Execution Time":30372.898}]
[列存组合]: orders, supplier
[{"Plan":{"Node Type":"Sort","Parallel Aware":false,"Async Capable":false,"Startup Cost":9534435.14,"Total Cost":9534460.14,"Plan Rows":10000,"Plan Width":27,"Actual Startup Time":30813.302,"Actual Total Time":30813.328,"Actual Rows":156,"Actual Loops":1,"Output":["supplier.su_name","(count(*))"],"Sort Key":["(count(*)) DESC","supplier.su_name"],"Sort Method":"quicksort","Sort Space Used":35,"Sort Space Type":"Memory","Shared Hit Blocks":3547717,"Shared Read Blocks":0,"Shared Dirtied Blocks":0,"Shared Written Blocks":0,"Local Hit Blocks":0,"Local Read Blocks":0,"Local Dirtied Blocks":0,"Local Written Blocks":0,"Temp Read Blocks":208358,"Temp Written Blocks":208369,"I/O Read Time":0.0,"I/O Write Time":0.0,"Temp I/O Read Time":320.394,"Temp I/O Write Time":857.07,"Plans":[{"Node Type":"Aggregate","Strategy":"Sorted","Partial Mode":"Simple","Parent Relationship":"Outer","Parallel Aware":false,"Async Capable":false,"Startup Cost":9532533.29,"Total Cost":9533770.75,"Plan Rows":10000,"Plan Width":27,"Actual Startup Time":30709.358,"Actual Total Time":30813.262,"Actual Rows":156,"Actual Loops":1,"Output":["supplier.su_name","count(*)"],"Group Key":["supplier.su_name"],"Shared Hit Blocks":3547717,"Shared Read Blocks":0,"Shared Dirtied Blocks":0,"Shared Written Blocks":0,"Local Hit Blocks":0,"Local Read Blocks":0,"Local Dirtied Blocks":0,"Local Written Blocks":0,"Temp Read Blocks":208358,"Temp Written Blocks":208369,"I/O Read Time":0.0,"I/O Write Time":0.0,"Temp I/O Read Time":320.394,"Temp I/O Write Time":857.07,"Plans":[{"Node Type":"Sort","Parent Relationship":"Outer","Parallel Aware":false,"Async Capable":false,"Startup Cost":9532533.29,"Total Cost":9532912.45,"Plan Rows":151661,"Plan Width":19,"Actual Startup Time":30709.008,"Actual Total Time":30763.087,"Actual Rows":535880,"Actual Loops":1,"Output":["supplier.su_name"],"Sort Key":["supplier.su_name"],"Sort Method":"external merge","Sort Space Used":15280,"Sort Space Type":"Disk","Shared Hit Blocks":3547717,"Shared Read Blocks":0,"Shared Dirtied Blocks":0,"Shared Written Blocks":0,"Local Hit Blocks":0,"Local Read Blocks":0,"Local Dirtied Blocks":0,"Local Written Blocks":0,"Temp Read Blocks":208358,"Temp Written Blocks":208369,"I/O Read Time":0.0,"I/O Write Time":0.0,"Temp I/O Read Time":320.394,"Temp I/O Write Time":857.07,"Plans":[{"Node Type":"Nested Loop","Parent Relationship":"Outer","Parallel Aware":false,"Async Capable":false,"Join Type":"Anti","Startup Cost":899583.69,"Total Cost":9516370.99,"Plan Rows":151661,"Plan Width":19,"Actual Startup Time":8651.062,"Actual Total Time":30397.912,"Actual Rows":535880,"Actual Loops":1,"Output":["supplier.su_name"],"Inner Unique":false,"Shared Hit Blocks":3547717,"Shared Read Blocks":0,"Shared Dirtied Blocks":0,"Shared Written Blocks":0,"Local Hit Blocks":0,"Local Read Blocks":0,"Local Dirtied Blocks":0,"Local Written Blocks":0,"Temp Read Blocks":206448,"Temp Written Blocks":206448,"I/O Read Time":0.0,"I/O Write Time":0.0,"Temp I/O Read Time":317.662,"Temp I/O Write Time":849.174,"Plans":[{"Node Type":"Hash Join","Parent Relationship":"Outer","Parallel Aware":false,"Async Capable":false,"Join Type":"Inner","Startup Cost":899583.12,"Total Cost":3410950.89,"Plan Rows":227491,"Plan Width":39,"Actual Startup Time":8651.021,"Actual Total Time":26329.671,"Actual Rows":535880,"Actual Loops":1,"Output":["supplier.su_name","l1.ol_o_id","l1.ol_w_id","l1.ol_d_id","l1.ol_delivery_d"],"Inner Unique":true,"Hash Cond":"((l1.ol_o_id = orders.o_id) AND (l1.ol_w_id = orders.o_w_id) AND (l1.ol_d_id = orders.o_d_id))","Join Filter":"(l1.ol_delivery_d > orders.o_entry_d)","Rows Removed by Join Filter":0,"Shared Hit Blocks":780544,"Shared Read Blocks":0,"Shared Dirtied Blocks":0,"Shared Written Blocks":0,"Local Hit Blocks":0,"Local Read Blocks":0,"Local Dirtied Blocks":0,"Local Written Blocks":0,"Temp Read Blocks":206448,"Temp Written Blocks":206448,"I/O Read Time":0.0,"I/O Write Time":0.0,"Temp I/O Read Time":317.662,"Temp I/O Write Time":849.174,"Plans":[{"Node Type":"Hash Join","Parent Relationship":"Outer","Parallel Aware":false,"Async Capable":false,"Join Type":"Inner","Startup Cost":640390.85,"Total Cost":3099241.88,"Plan Rows":682888,"Plan Width":41,"Actual Startup Time":6904.672,"Actual Total Time":23727.347,"Actual Rows":536421,"Actual Loops":1,"Output":["supplier.su_name","stock.s_w_id","l1.ol_o_id","l1.ol_w_id","l1.ol_d_id","l1.ol_delivery_d"],"Inner Unique":false,"Hash Cond":"((l1.ol_w_id = stock.s_w_id) AND (l1.ol_i_id = stock.s_i_id))","Shared Hit Blocks":736422,"Shared Read Blocks":0,"Shared Dirtied Blocks":0,"Shared Written Blocks":0,"Local Hit Blocks":0,"Local Read Blocks":0,"Local Dirtied Blocks":0,"Local Written Blocks":0,"Temp Read Blocks":170308,"Temp Written Blocks":170308,"I/O Read Time":0.0,"I/O Write Time":0.0,"Temp I/O Read Time":253.852,"Temp I/O Write Time":675.594,"Plans":[{"Node Type":"Seq Scan","Parent Relationship":"Outer","Parallel Aware":false,"Async Capable":false,"Relation Name":"order_line","Schema":"public","Alias":"l1","Startup Cost":0.0,"Total Cost":1431670.8,"Plan Rows":42039468,"Plan Width":24,"Actual Startup Time":0.015,"Actual Total Time":6808.596,"Actual Rows":42000489,"Actual Loops":1,"Output":["l1.ol_o_id","l1.ol_w_id","l1.ol_d_id","l1.ol_i_id","l1.ol_delivery_d"],"Filter":"(l1.ol_delivery_d >= '1992-01-02 20:10:02.27764'::timestamp without time zone)","Rows Removed by Filter":17993272,"Shared Hit Blocks":681748,"Shared Read Blocks":0,"Shared Dirtied Blocks":0,"Shared Written Blocks":0,"Local Hit Blocks":0,"Local Read Blocks":0,"Local Dirtied Blocks":0,"Local Written Blocks":0,"Temp Read Blocks":0,"Temp Written Blocks":0,"I/O Read Time":0.0,"I/O Write Time":0.0,"Temp I/O Read Time":0.0,"Temp I/O Write Time":0.0},{"Node Type":"Hash","Parent Relationship":"Inner","Parallel Aware":false,"Async Capable":false,"Startup Cost":633346.09,"Total Cost":633346.09,"Plan Rows":322584,"Plan Width":25,"Actual Startup Time":6903.906,"Actual Total Time":6903.919,"Actual Rows":255450,"Actual Loops":1,"Output":["supplier.su_name","stock.s_w_id","stock.s_i_id"],"Hash Buckets":131072,"Original Hash Buckets":131072,"Hash Batches":4,"Original Hash Batches":4,"Peak Memory Usage":4756,"Shared Hit Blocks":54674,"Shared Read Blocks":0,"Shared Dirtied Blocks":0,"Shared Written Blocks":0,"Local Hit Blocks":0,"Local Read Blocks":0,"Local Dirtied Blocks":0,"Local Written Blocks":0,"Temp Read Blocks":0,"Temp Written Blocks":1122,"I/O Read Time":0.0,"I/O Write Time":0.0,"Temp I/O Read Time":0.0,"Temp I/O Write Time":7.34,"Plans":[{"Node Type":"Hash Join","Parent Relationship":"Outer","Parallel Aware":false,"Async Capable":false,"Join Type":"Inner","Startup Cost":366.25,"Total Cost":633346.09,"Plan Rows":322584,"Plan Width":25,"Actual Startup Time":3.593,"Actual Total Time":6851.178,"Actual Rows":255450,"Actual Loops":1,"Output":["supplier.su_name","stock.s_w_id","stock.s_i_id"],"Inner Unique":true,"Hash Cond":"(supplier.su_nationkey = nation.n_nationkey)","Shared Hit Blocks":54674,"Shared Read Blocks":0,"Shared Dirtied Blocks":0,"Shared Written Blocks":0,"Local Hit Blocks":0,"Local Read Blocks":0,"Local Dirtied Blocks":0,"Local Written Blocks":0,"Temp Read Blocks":0,"Temp Written Blocks":0,"I/O Read Time":0.0,"I/O Write Time":0.0,"Temp I/O Read Time":0.0,"Temp I/O Write Time":0.0,"Plans":[{"Node Type":"Hash Join","Parent Relationship":"Outer","Parallel Aware":false,"Async Capable":false,"Join Type":"Inner","Startup Cost":364.46,"Total Cost":577255.0,"Plan Rows":20000212,"Plan Width":29,"Actual Startup Time":3.553,"Actual Total Time":5548.999,"Actual Rows":20000000,"Actual Loops":1,"Output":["supplier.su_name","supplier.su_nationkey","stock.s_w_id","stock.s_i_id"],"Inner Unique":true,"Hash Cond":"(mod((stock.s_w_id * stock.s_i_id), 10000) = supplier.su_suppkey)","Shared Hit Blocks":54673,"Shared Read Blocks":0,"Shared Dirtied Blocks":0,"Shared Written Blocks":0,"Local Hit Blocks":0,"Local Read Blocks":0,"Local Dirtied Blocks":0,"Local Written Blocks":0,"Temp Read Blocks":0,"Temp Written Blocks":0,"I/O Read Time":0.0,"I/O Write Time":0.0,"Temp I/O Read Time":0.0,"Temp I/O Write Time":0.0,"Plans":[{"Node Type":"Index Only Scan","Parent Relationship":"Outer","Parallel Aware":false,"Async Capable":false,"Scan Direction":"Forward","Index Name":"stock_pk","Relation Name":"stock","Schema":"public","Alias":"stock","Startup Cost":0.44,"Total Cost":519363.62,"Plan Rows":20000212,"Plan Width":6,"Actual Startup Time":0.022,"Actual Total Time":1531.143,"Actual Rows":20000000,"Actual Loops":1,"Output":["stock.s_w_id","stock.s_i_id"],"Heap Fetches":0,"Shared Hit Blocks":54673,"Shared Read Blocks":0,"Shared Dirtied Blocks":0,"Shared Written Blocks":0,"Local Hit Blocks":0,"Local Read Blocks":0,"Local Dirtied Blocks":0,"Local Written Blocks":0,"Temp Read Blocks":0,"Temp Written Blocks":0,"I/O Read Time":0.0,"I/O Write Time":0.0,"Temp I/O Read Time":0.0,"Temp I/O Write Time":0.0},{"Node Type":"Hash","Parent Relationship":"Inner","Parallel Aware":false,"Async Capable":false,"Startup Cost":239.01,"Total Cost":239.01,"Plan Rows":10001,"Plan Width":27,"Actual Startup Time":3.482,"Actual Total Time":3.487,"Actual Rows":10000,"Actual Loops":1,"Output":["supplier.su_name","supplier.su_suppkey","supplier.su_nationkey"],"Hash Buckets":16384,"Original Hash Buckets":16384,"Hash Batches":1,"Original Hash Batches":1,"Peak Memory Usage":714,"Shared Hit Blocks":0,"Shared Read Blocks":0,"Shared Dirtied Blocks":0,"Shared Written Blocks":0,"Local Hit Blocks":0,"Local Read Blocks":0,"Local Dirtied Blocks":0,"Local Written Blocks":0,"Temp Read Blocks":0,"Temp Written Blocks":0,"I/O Read Time":0.0,"I/O Write Time":0.0,"Temp I/O Read Time":0.0,"Temp I/O Write Time":0.0,"Plans":[{"Node Type":"Append","Parent Relationship":"Outer","Parallel Aware":false,"Async Capable":false,"Startup Cost":20.0,"Total Cost":239.01,"Plan Rows":10001,"Plan Width":27,"Actual Startup Time":0.029,"Actual Total Time":2.058,"Actual Rows":10000,"Actual Loops":1,"Shared Hit Blocks":0,"Shared Read Blocks":0,"Shared Dirtied Blocks":0,"Shared Written Blocks":0,"Local Hit Blocks":0,"Local Read Blocks":0,"Local Dirtied Blocks":0,"Local Written Blocks":0,"Temp Read Blocks":0,"Temp Written Blocks":0,"I/O Read Time":0.0,"I/O Write Time":0.0,"Temp I/O Read Time":0.0,"Temp I/O Write Time":0.0,"Subplans Removed":0,"Plans":[{"Node Type":"Custom Scan","Parent Relationship":"Member","Custom Plan Provider":"columnar scan","Parallel Aware":false,"Async Capable":false,"Relation Name":"supplier","Schema":"public","Alias":"supplier","Startup Cost":20.0,"Total Cost":235.0,"Plan Rows":10000,"Plan Width":27,"Actual Startup Time":0.028,"Actual Total Time":1.362,"Actual Rows":10000,"Actual Loops":1,"Output":["supplier.su_name","supplier.su_suppkey","supplier.su_nationkey"],"Rows Removed by Columnar Filter":0,"Columnar cache search mode":"native","Shared Hit Blocks":0,"Shared Read Blocks":0,"Shared Dirtied Blocks":0,"Shared Written Blocks":0,"Local Hit Blocks":0,"Local Read Blocks":0,"Local Dirtied Blocks":0,"Local Written Blocks":0,"Temp Read Blocks":0,"Temp Written Blocks":0,"I/O Read Time":0.0,"I/O Write Time":0.0,"Temp I/O Read Time":0.0,"Temp I/O Write Time":0.0},{"Node Type":"Seq Scan","Parent Relationship":"Member","Parallel Aware":false,"Async Capable":false,"Relation Name":"supplier","Schema":"public","Alias":"supplier","Startup Cost":0.0,"Total Cost":4.01,"Plan Rows":1,"Plan Width":27,"Actual Startup Time":0.0,"Actual Total Time":0.0,"Actual Rows":0,"Actual Loops":0,"Output":["supplier.su_name","supplier.su_suppkey","supplier.su_nationkey"],"Shared Hit Blocks":0,"Shared Read Blocks":0,"Shared Dirtied Blocks":0,"Shared Written Blocks":0,"Local Hit Blocks":0,"Local Read Blocks":0,"Local Dirtied Blocks":0,"Local Written Blocks":0,"Temp Read Blocks":0,"Temp Written Blocks":0,"I/O Read Time":0.0,"I/O Write Time":0.0,"Temp I/O Read Time":0.0,"Temp I/O Write Time":0.0}]}]}]},{"Node Type":"Hash","Parent Relationship":"Inner","Parallel Aware":false,"Async Capable":false,"Startup Cost":1.77,"Total Cost":1.77,"Plan Rows":1,"Plan Width":4,"Actual Startup Time":0.017,"Actual Total Time":0.018,"Actual Rows":1,"Actual Loops":1,"Output":["nation.n_nationkey"],"Hash Buckets":1024,"Original Hash Buckets":1024,"Hash Batches":1,"Original Hash Batches":1,"Peak Memory Usage":9,"Shared Hit Blocks":1,"Shared Read Blocks":0,"Shared Dirtied Blocks":0,"Shared Written Blocks":0,"Local Hit Blocks":0,"Local Read Blocks":0,"Local Dirtied Blocks":0,"Local Written Blocks":0,"Temp Read Blocks":0,"Temp Written Blocks":0,"I/O Read Time":0.0,"I/O Write Time":0.0,"Temp I/O Read Time":0.0,"Temp I/O Write Time":0.0,"Plans":[{"Node Type":"Seq Scan","Parent Relationship":"Outer","Parallel Aware":false,"Async Capable":false,"Relation Name":"nation","Schema":"public","Alias":"nation","Startup Cost":0.0,"Total Cost":1.77,"Plan Rows":1,"Plan Width":4,"Actual Startup Time":0.012,"Actual Total Time":0.015,"Actual Rows":1,"Actual Loops":1,"Output":["nation.n_nationkey"],"Filter":"((nation.n_name)::text = 'Cambodia'::text)","Rows Removed by Filter":61,"Shared Hit Blocks":1,"Shared Read Blocks":0,"Shared Dirtied Blocks":0,"Shared Written Blocks":0,"Local Hit Blocks":0,"Local Read Blocks":0,"Local Dirtied Blocks":0,"Local Written Blocks":0,"Temp Read Blocks":0,"Temp Written Blocks":0,"I/O Read Time":0.0,"I/O Write Time":0.0,"Temp I/O Read Time":0.0,"Temp I/O Write Time":0.0}]}]}]}]},{"Node Type":"Hash","Parent Relationship":"Inner","Parallel Aware":false,"Async Capable":false,"Startup Cost":119121.6,"Total Cost":119121.6,"Plan Rows":5996324,"Plan Width":20,"Actual Startup Time":1744.998,"Actual Total Time":1744.999,"Actual Rows":5995789,"Actual Loops":1,"Output":["orders.o_id","orders.o_w_id","orders.o_d_id","orders.o_entry_d"],"Hash Buckets":131072,"Original Hash Buckets":131072,"Hash Batches":64,"Original Hash Batches":64,"Peak Memory Usage":6157,"Shared Hit Blocks":44122,"Shared Read Blocks":0,"Shared Dirtied Blocks":0,"Shared Written Blocks":0,"Local Hit Blocks":0,"Local Read Blocks":0,"Local Dirtied Blocks":0,"Local Written Blocks":0,"Temp Read Blocks":0,"Temp Written Blocks":31667,"I/O Read Time":0.0,"I/O Write Time":0.0,"Temp I/O Read Time":0.0,"Temp I/O Write Time":143.935,"Plans":[{"Node Type":"Seq Scan","Parent Relationship":"Outer","Parallel Aware":false,"Async Capable":false,"Relation Name":"orders","Schema":"public","Alias":"orders","Startup Cost":0.0,"Total Cost":119121.6,"Plan Rows":5996324,"Plan Width":20,"Actual Startup Time":0.013,"Actual Total Time":716.018,"Actual Rows":5995789,"Actual Loops":1,"Output":["orders.o_id","orders.o_w_id","orders.o_d_id","orders.o_entry_d"],"Filter":"(orders.o_entry_d >= '1992-01-02 20:10:02.27764'::timestamp without time zone)","Rows Removed by Filter":4211,"Shared Hit Blocks":44122,"Shared Read Blocks":0,"Shared Dirtied Blocks":0,"Shared Written Blocks":0,"Local Hit Blocks":0,"Local Read Blocks":0,"Local Dirtied Blocks":0,"Local Written Blocks":0,"Temp Read Blocks":0,"Temp Written Blocks":0,"I/O Read Time":0.0,"I/O Write Time":0.0,"Temp I/O Read Time":0.0,"Temp I/O Write Time":0.0}]}]},{"Node Type":"Index Scan","Parent Relationship":"Inner","Parallel Aware":false,"Async Capable":false,"Scan Direction":"Forward","Index Name":"order_line_pk","Relation Name":"order_line","Schema":"public","Alias":"l2","Startup Cost":0.56,"Total Cost":35.72,"Plan Rows":2,"Plan Width":20,"Actual Startup Time":0.007,"Actual Total Time":0.007,"Actual Rows":0,"Actual Loops":535880,"Output":["l2.ol_o_id","l2.ol_d_id","l2.ol_w_id","l2.ol_number","l2.ol_i_id","l2.ol_supply_w_id","l2.ol_delivery_d","l2.ol_quantity","l2.ol_amount","l2.ol_dist_info"],"Index Cond":"((l2.ol_w_id = l1.ol_w_id) AND (l2.ol_d_id = l1.ol_d_id) AND (l2.ol_o_id = l1.ol_o_id))","Rows Removed by Index Recheck":0,"Filter":"((l2.ol_delivery_d >= '1992-01-02 20:10:02.27764'::timestamp without time zone) AND (l2.ol_delivery_d > l1.ol_delivery_d))","Rows Removed by Filter":11,"Shared Hit Blocks":2767173,"Shared Read Blocks":0,"Shared Dirtied Blocks":0,"Shared Written Blocks":0,"Local Hit Blocks":0,"Local Read Blocks":0,"Local Dirtied Blocks":0,"Local Written Blocks":0,"Temp Read Blocks":0,"Temp Written Blocks":0,"I/O Read Time":0.0,"I/O Write Time":0.0,"Temp I/O Read Time":0.0,"Temp I/O Write Time":0.0}]}]}]}]},"Planning":{"Shared Hit Blocks":128,"Shared Read Blocks":0,"Shared Dirtied Blocks":0,"Shared Written Blocks":0,"Local Hit Blocks":0,"Local Read Blocks":0,"Local Dirtied Blocks":0,"Local Written Blocks":0,"Temp Read Blocks":0,"Temp Written Blocks":0,"I/O Read Time":0.0,"I/O Write Time":0.0,"Temp I/O Read Time":0.0,"Temp I/O Write Time":0.0},"Planning Time":1.435,"Triggers":[],"Execution Time":30815.918}]
[列存组合]: stock, supplier
[{"Plan":{"Node Type":"Sort","Parallel Aware":false,"Async Capable":false,"Startup Cost":9534435.14,"Total Cost":9534460.14,"Plan Rows":10000,"Plan Width":27,"Actual Startup Time":30239.646,"Actual Total Time":30239.672,"Actual Rows":156,"Actual Loops":1,"Output":["supplier.su_name","(count(*))"],"Sort Key":["(count(*)) DESC","supplier.su_name"],"Sort Method":"quicksort","Sort Space Used":35,"Sort Space Type":"Memory","Shared Hit Blocks":3547717,"Shared Read Blocks":0,"Shared Dirtied Blocks":0,"Shared Written Blocks":0,"Local Hit Blocks":0,"Local Read Blocks":0,"Local Dirtied Blocks":0,"Local Written Blocks":0,"Temp Read Blocks":208358,"Temp Written Blocks":208369,"I/O Read Time":0.0,"I/O Write Time":0.0,"Temp I/O Read Time":309.879,"Temp I/O Write Time":841.176,"Plans":[{"Node Type":"Aggregate","Strategy":"Sorted","Partial Mode":"Simple","Parent Relationship":"Outer","Parallel Aware":false,"Async Capable":false,"Startup Cost":9532533.29,"Total Cost":9533770.75,"Plan Rows":10000,"Plan Width":27,"Actual Startup Time":30135.54,"Actual Total Time":30239.612,"Actual Rows":156,"Actual Loops":1,"Output":["supplier.su_name","count(*)"],"Group Key":["supplier.su_name"],"Shared Hit Blocks":3547717,"Shared Read Blocks":0,"Shared Dirtied Blocks":0,"Shared Written Blocks":0,"Local Hit Blocks":0,"Local Read Blocks":0,"Local Dirtied Blocks":0,"Local Written Blocks":0,"Temp Read Blocks":208358,"Temp Written Blocks":208369,"I/O Read Time":0.0,"I/O Write Time":0.0,"Temp I/O Read Time":309.879,"Temp I/O Write Time":841.176,"Plans":[{"Node Type":"Sort","Parent Relationship":"Outer","Parallel Aware":false,"Async Capable":false,"Startup Cost":9532533.29,"Total Cost":9532912.45,"Plan Rows":151661,"Plan Width":19,"Actual Startup Time":30135.189,"Actual Total Time":30189.473,"Actual Rows":535880,"Actual Loops":1,"Output":["supplier.su_name"],"Sort Key":["supplier.su_name"],"Sort Method":"external merge","Sort Space Used":15280,"Sort Space Type":"Disk","Shared Hit Blocks":3547717,"Shared Read Blocks":0,"Shared Dirtied Blocks":0,"Shared Written Blocks":0,"Local Hit Blocks":0,"Local Read Blocks":0,"Local Dirtied Blocks":0,"Local Written Blocks":0,"Temp Read Blocks":208358,"Temp Written Blocks":208369,"I/O Read Time":0.0,"I/O Write Time":0.0,"Temp I/O Read Time":309.879,"Temp I/O Write Time":841.176,"Plans":[{"Node Type":"Nested Loop","Parent Relationship":"Outer","Parallel Aware":false,"Async Capable":false,"Join Type":"Anti","Startup Cost":899583.69,"Total Cost":9516370.99,"Plan Rows":151661,"Plan Width":19,"Actual Startup Time":8688.825,"Actual Total Time":29842.474,"Actual Rows":535880,"Actual Loops":1,"Output":["supplier.su_name"],"Inner Unique":false,"Shared Hit Blocks":3547717,"Shared Read Blocks":0,"Shared Dirtied Blocks":0,"Shared Written Blocks":0,"Local Hit Blocks":0,"Local Read Blocks":0,"Local Dirtied Blocks":0,"Local Written Blocks":0,"Temp Read Blocks":206448,"Temp Written Blocks":206448,"I/O Read Time":0.0,"I/O Write Time":0.0,"Temp I/O Read Time":306.983,"Temp I/O Write Time":833.744,"Plans":[{"Node Type":"Hash Join","Parent Relationship":"Outer","Parallel Aware":false,"Async Capable":false,"Join Type":"Inner","Startup Cost":899583.12,"Total Cost":3410950.89,"Plan Rows":227491,"Plan Width":39,"Actual Startup Time":8688.784,"Actual Total Time":26098.682,"Actual Rows":535880,"Actual Loops":1,"Output":["supplier.su_name","l1.ol_o_id","l1.ol_w_id","l1.ol_d_id","l1.ol_delivery_d"],"Inner Unique":true,"Hash Cond":"((l1.ol_o_id = orders.o_id) AND (l1.ol_w_id = orders.o_w_id) AND (l1.ol_d_id = orders.o_d_id))","Join Filter":"(l1.ol_delivery_d > orders.o_entry_d)","Rows Removed by Join Filter":0,"Shared Hit Blocks":780544,"Shared Read Blocks":0,"Shared Dirtied Blocks":0,"Shared Written Blocks":0,"Local Hit Blocks":0,"Local Read Blocks":0,"Local Dirtied Blocks":0,"Local Written Blocks":0,"Temp Read Blocks":206448,"Temp Written Blocks":206448,"I/O Read Time":0.0,"I/O Write Time":0.0,"Temp I/O Read Time":306.983,"Temp I/O Write Time":833.744,"Plans":[{"Node Type":"Hash Join","Parent Relationship":"Outer","Parallel Aware":false,"Async Capable":false,"Join Type":"Inner","Startup Cost":640390.85,"Total Cost":3099241.88,"Plan Rows":682888,"Plan Width":41,"Actual Startup Time":6952.846,"Actual Total Time":23572.765,"Actual Rows":536421,"Actual Loops":1,"Output":["supplier.su_name","stock.s_w_id","l1.ol_o_id","l1.ol_w_id","l1.ol_d_id","l1.ol_delivery_d"],"Inner Unique":false,"Hash Cond":"((l1.ol_w_id = stock.s_w_id) AND (l1.ol_i_id = stock.s_i_id))","Shared Hit Blocks":736422,"Shared Read Blocks":0,"Shared Dirtied Blocks":0,"Shared Written Blocks":0,"Local Hit Blocks":0,"Local Read Blocks":0,"Local Dirtied Blocks":0,"Local Written Blocks":0,"Temp Read Blocks":170308,"Temp Written Blocks":170308,"I/O Read Time":0.0,"I/O Write Time":0.0,"Temp I/O Read Time":247.732,"Temp I/O Write Time":665.663,"Plans":[{"Node Type":"Seq Scan","Parent Relationship":"Outer","Parallel Aware":false,"Async Capable":false,"Relation Name":"order_line","Schema":"public","Alias":"l1","Startup Cost":0.0,"Total Cost":1431670.8,"Plan Rows":42039468,"Plan Width":24,"Actual Startup Time":0.013,"Actual Total Time":6802.905,"Actual Rows":42000489,"Actual Loops":1,"Output":["l1.ol_o_id","l1.ol_w_id","l1.ol_d_id","l1.ol_i_id","l1.ol_delivery_d"],"Filter":"(l1.ol_delivery_d >= '1992-01-02 20:10:02.27764'::timestamp without time zone)","Rows Removed by Filter":17993272,"Shared Hit Blocks":681748,"Shared Read Blocks":0,"Shared Dirtied Blocks":0,"Shared Written Blocks":0,"Local Hit Blocks":0,"Local Read Blocks":0,"Local Dirtied Blocks":0,"Local Written Blocks":0,"Temp Read Blocks":0,"Temp Written Blocks":0,"I/O Read Time":0.0,"I/O Write Time":0.0,"Temp I/O Read Time":0.0,"Temp I/O Write Time":0.0},{"Node Type":"Hash","Parent Relationship":"Inner","Parallel Aware":false,"Async Capable":false,"Startup Cost":633346.09,"Total Cost":633346.09,"Plan Rows":322584,"Plan Width":25,"Actual Startup Time":6952.125,"Actual Total Time":6952.14,"Actual Rows":255450,"Actual Loops":1,"Output":["supplier.su_name","stock.s_w_id","stock.s_i_id"],"Hash Buckets":131072,"Original Hash Buckets":131072,"Hash Batches":4,"Original Hash Batches":4,"Peak Memory Usage":4756,"Shared Hit Blocks":54674,"Shared Read Blocks":0,"Shared Dirtied Blocks":0,"Shared Written Blocks":0,"Local Hit Blocks":0,"Local Read Blocks":0,"Local Dirtied Blocks":0,"Local Written Blocks":0,"Temp Read Blocks":0,"Temp Written Blocks":1122,"I/O Read Time":0.0,"I/O Write Time":0.0,"Temp I/O Read Time":0.0,"Temp I/O Write Time":6.974,"Plans":[{"Node Type":"Hash Join","Parent Relationship":"Outer","Parallel Aware":false,"Async Capable":false,"Join Type":"Inner","Startup Cost":366.25,"Total Cost":633346.09,"Plan Rows":322584,"Plan Width":25,"Actual Startup Time":3.562,"Actual Total Time":6900.3,"Actual Rows":255450,"Actual Loops":1,"Output":["supplier.su_name","stock.s_w_id","stock.s_i_id"],"Inner Unique":true,"Hash Cond":"(supplier.su_nationkey = nation.n_nationkey)","Shared Hit Blocks":54674,"Shared Read Blocks":0,"Shared Dirtied Blocks":0,"Shared Written Blocks":0,"Local Hit Blocks":0,"Local Read Blocks":0,"Local Dirtied Blocks":0,"Local Written Blocks":0,"Temp Read Blocks":0,"Temp Written Blocks":0,"I/O Read Time":0.0,"I/O Write Time":0.0,"Temp I/O Read Time":0.0,"Temp I/O Write Time":0.0,"Plans":[{"Node Type":"Hash Join","Parent Relationship":"Outer","Parallel Aware":false,"Async Capable":false,"Join Type":"Inner","Startup Cost":364.46,"Total Cost":577255.0,"Plan Rows":20000212,"Plan Width":29,"Actual Startup Time":3.526,"Actual Total Time":5612.488,"Actual Rows":20000000,"Actual Loops":1,"Output":["supplier.su_name","supplier.su_nationkey","stock.s_w_id","stock.s_i_id"],"Inner Unique":true,"Hash Cond":"(mod((stock.s_w_id * stock.s_i_id), 10000) = supplier.su_suppkey)","Shared Hit Blocks":54673,"Shared Read Blocks":0,"Shared Dirtied Blocks":0,"Shared Written Blocks":0,"Local Hit Blocks":0,"Local Read Blocks":0,"Local Dirtied Blocks":0,"Local Written Blocks":0,"Temp Read Blocks":0,"Temp Written Blocks":0,"I/O Read Time":0.0,"I/O Write Time":0.0,"Temp I/O Read Time":0.0,"Temp I/O Write Time":0.0,"Plans":[{"Node Type":"Index Only Scan","Parent Relationship":"Outer","Parallel Aware":false,"Async Capable":false,"Scan Direction":"Forward","Index Name":"stock_pk","Relation Name":"stock","Schema":"public","Alias":"stock","Startup Cost":0.44,"Total Cost":519363.62,"Plan Rows":20000212,"Plan Width":6,"Actual Startup Time":0.02,"Actual Total Time":1530.048,"Actual Rows":20000000,"Actual Loops":1,"Output":["stock.s_w_id","stock.s_i_id"],"Heap Fetches":0,"Shared Hit Blocks":54673,"Shared Read Blocks":0,"Shared Dirtied Blocks":0,"Shared Written Blocks":0,"Local Hit Blocks":0,"Local Read Blocks":0,"Local Dirtied Blocks":0,"Local Written Blocks":0,"Temp Read Blocks":0,"Temp Written Blocks":0,"I/O Read Time":0.0,"I/O Write Time":0.0,"Temp I/O Read Time":0.0,"Temp I/O Write Time":0.0},{"Node Type":"Hash","Parent Relationship":"Inner","Parallel Aware":false,"Async Capable":false,"Startup Cost":239.01,"Total Cost":239.01,"Plan Rows":10001,"Plan Width":27,"Actual Startup Time":3.458,"Actual Total Time":3.463,"Actual Rows":10000,"Actual Loops":1,"Output":["supplier.su_name","supplier.su_suppkey","supplier.su_nationkey"],"Hash Buckets":16384,"Original Hash Buckets":16384,"Hash Batches":1,"Original Hash Batches":1,"Peak Memory Usage":714,"Shared Hit Blocks":0,"Shared Read Blocks":0,"Shared Dirtied Blocks":0,"Shared Written Blocks":0,"Local Hit Blocks":0,"Local Read Blocks":0,"Local Dirtied Blocks":0,"Local Written Blocks":0,"Temp Read Blocks":0,"Temp Written Blocks":0,"I/O Read Time":0.0,"I/O Write Time":0.0,"Temp I/O Read Time":0.0,"Temp I/O Write Time":0.0,"Plans":[{"Node Type":"Append","Parent Relationship":"Outer","Parallel Aware":false,"Async Capable":false,"Startup Cost":20.0,"Total Cost":239.01,"Plan Rows":10001,"Plan Width":27,"Actual Startup Time":0.03,"Actual Total Time":2.034,"Actual Rows":10000,"Actual Loops":1,"Shared Hit Blocks":0,"Shared Read Blocks":0,"Shared Dirtied Blocks":0,"Shared Written Blocks":0,"Local Hit Blocks":0,"Local Read Blocks":0,"Local Dirtied Blocks":0,"Local Written Blocks":0,"Temp Read Blocks":0,"Temp Written Blocks":0,"I/O Read Time":0.0,"I/O Write Time":0.0,"Temp I/O Read Time":0.0,"Temp I/O Write Time":0.0,"Subplans Removed":0,"Plans":[{"Node Type":"Custom Scan","Parent Relationship":"Member","Custom Plan Provider":"columnar scan","Parallel Aware":false,"Async Capable":false,"Relation Name":"supplier","Schema":"public","Alias":"supplier","Startup Cost":20.0,"Total Cost":235.0,"Plan Rows":10000,"Plan Width":27,"Actual Startup Time":0.028,"Actual Total Time":1.331,"Actual Rows":10000,"Actual Loops":1,"Output":["supplier.su_name","supplier.su_suppkey","supplier.su_nationkey"],"Rows Removed by Columnar Filter":0,"Columnar cache search mode":"native","Shared Hit Blocks":0,"Shared Read Blocks":0,"Shared Dirtied Blocks":0,"Shared Written Blocks":0,"Local Hit Blocks":0,"Local Read Blocks":0,"Local Dirtied Blocks":0,"Local Written Blocks":0,"Temp Read Blocks":0,"Temp Written Blocks":0,"I/O Read Time":0.0,"I/O Write Time":0.0,"Temp I/O Read Time":0.0,"Temp I/O Write Time":0.0},{"Node Type":"Seq Scan","Parent Relationship":"Member","Parallel Aware":false,"Async Capable":false,"Relation Name":"supplier","Schema":"public","Alias":"supplier","Startup Cost":0.0,"Total Cost":4.01,"Plan Rows":1,"Plan Width":27,"Actual Startup Time":0.0,"Actual Total Time":0.0,"Actual Rows":0,"Actual Loops":0,"Output":["supplier.su_name","supplier.su_suppkey","supplier.su_nationkey"],"Shared Hit Blocks":0,"Shared Read Blocks":0,"Shared Dirtied Blocks":0,"Shared Written Blocks":0,"Local Hit Blocks":0,"Local Read Blocks":0,"Local Dirtied Blocks":0,"Local Written Blocks":0,"Temp Read Blocks":0,"Temp Written Blocks":0,"I/O Read Time":0.0,"I/O Write Time":0.0,"Temp I/O Read Time":0.0,"Temp I/O Write Time":0.0}]}]}]},{"Node Type":"Hash","Parent Relationship":"Inner","Parallel Aware":false,"Async Capable":false,"Startup Cost":1.77,"Total Cost":1.77,"Plan Rows":1,"Plan Width":4,"Actual Startup Time":0.015,"Actual Total Time":0.016,"Actual Rows":1,"Actual Loops":1,"Output":["nation.n_nationkey"],"Hash Buckets":1024,"Original Hash Buckets":1024,"Hash Batches":1,"Original Hash Batches":1,"Peak Memory Usage":9,"Shared Hit Blocks":1,"Shared Read Blocks":0,"Shared Dirtied Blocks":0,"Shared Written Blocks":0,"Local Hit Blocks":0,"Local Read Blocks":0,"Local Dirtied Blocks":0,"Local Written Blocks":0,"Temp Read Blocks":0,"Temp Written Blocks":0,"I/O Read Time":0.0,"I/O Write Time":0.0,"Temp I/O Read Time":0.0,"Temp I/O Write Time":0.0,"Plans":[{"Node Type":"Seq Scan","Parent Relationship":"Outer","Parallel Aware":false,"Async Capable":false,"Relation Name":"nation","Schema":"public","Alias":"nation","Startup Cost":0.0,"Total Cost":1.77,"Plan Rows":1,"Plan Width":4,"Actual Startup Time":0.01,"Actual Total Time":0.013,"Actual Rows":1,"Actual Loops":1,"Output":["nation.n_nationkey"],"Filter":"((nation.n_name)::text = 'Cambodia'::text)","Rows Removed by Filter":61,"Shared Hit Blocks":1,"Shared Read Blocks":0,"Shared Dirtied Blocks":0,"Shared Written Blocks":0,"Local Hit Blocks":0,"Local Read Blocks":0,"Local Dirtied Blocks":0,"Local Written Blocks":0,"Temp Read Blocks":0,"Temp Written Blocks":0,"I/O Read Time":0.0,"I/O Write Time":0.0,"Temp I/O Read Time":0.0,"Temp I/O Write Time":0.0}]}]}]}]},{"Node Type":"Hash","Parent Relationship":"Inner","Parallel Aware":false,"Async Capable":false,"Startup Cost":119121.6,"Total Cost":119121.6,"Plan Rows":5996324,"Plan Width":20,"Actual Startup Time":1734.636,"Actual Total Time":1734.637,"Actual Rows":5995789,"Actual Loops":1,"Output":["orders.o_id","orders.o_w_id","orders.o_d_id","orders.o_entry_d"],"Hash Buckets":131072,"Original Hash Buckets":131072,"Hash Batches":64,"Original Hash Batches":64,"Peak Memory Usage":6157,"Shared Hit Blocks":44122,"Shared Read Blocks":0,"Shared Dirtied Blocks":0,"Shared Written Blocks":0,"Local Hit Blocks":0,"Local Read Blocks":0,"Local Dirtied Blocks":0,"Local Written Blocks":0,"Temp Read Blocks":0,"Temp Written Blocks":31667,"I/O Read Time":0.0,"I/O Write Time":0.0,"Temp I/O Read Time":0.0,"Temp I/O Write Time":140.41,"Plans":[{"Node Type":"Seq Scan","Parent Relationship":"Outer","Parallel Aware":false,"Async Capable":false,"Relation Name":"orders","Schema":"public","Alias":"orders","Startup Cost":0.0,"Total Cost":119121.6,"Plan Rows":5996324,"Plan Width":20,"Actual Startup Time":0.013,"Actual Total Time":710.143,"Actual Rows":5995789,"Actual Loops":1,"Output":["orders.o_id","orders.o_w_id","orders.o_d_id","orders.o_entry_d"],"Filter":"(orders.o_entry_d >= '1992-01-02 20:10:02.27764'::timestamp without time zone)","Rows Removed by Filter":4211,"Shared Hit Blocks":44122,"Shared Read Blocks":0,"Shared Dirtied Blocks":0,"Shared Written Blocks":0,"Local Hit Blocks":0,"Local Read Blocks":0,"Local Dirtied Blocks":0,"Local Written Blocks":0,"Temp Read Blocks":0,"Temp Written Blocks":0,"I/O Read Time":0.0,"I/O Write Time":0.0,"Temp I/O Read Time":0.0,"Temp I/O Write Time":0.0}]}]},{"Node Type":"Index Scan","Parent Relationship":"Inner","Parallel Aware":false,"Async Capable":false,"Scan Direction":"Forward","Index Name":"order_line_pk","Relation Name":"order_line","Schema":"public","Alias":"l2","Startup Cost":0.56,"Total Cost":35.72,"Plan Rows":2,"Plan Width":20,"Actual Startup Time":0.007,"Actual Total Time":0.007,"Actual Rows":0,"Actual Loops":535880,"Output":["l2.ol_o_id","l2.ol_d_id","l2.ol_w_id","l2.ol_number","l2.ol_i_id","l2.ol_supply_w_id","l2.ol_delivery_d","l2.ol_quantity","l2.ol_amount","l2.ol_dist_info"],"Index Cond":"((l2.ol_w_id = l1.ol_w_id) AND (l2.ol_d_id = l1.ol_d_id) AND (l2.ol_o_id = l1.ol_o_id))","Rows Removed by Index Recheck":0,"Filter":"((l2.ol_delivery_d >= '1992-01-02 20:10:02.27764'::timestamp without time zone) AND (l2.ol_delivery_d > l1.ol_delivery_d))","Rows Removed by Filter":11,"Shared Hit Blocks":2767173,"Shared Read Blocks":0,"Shared Dirtied Blocks":0,"Shared Written Blocks":0,"Local Hit Blocks":0,"Local Read Blocks":0,"Local Dirtied Blocks":0,"Local Written Blocks":0,"Temp Read Blocks":0,"Temp Written Blocks":0,"I/O Read Time":0.0,"I/O Write Time":0.0,"Temp I/O Read Time":0.0,"Temp I/O Write Time":0.0}]}]}]}]},"Planning":{"Shared Hit Blocks":128,"Shared Read Blocks":0,"Shared Dirtied Blocks":0,"Shared Written Blocks":0,"Local Hit Blocks":0,"Local Read Blocks":0,"Local Dirtied Blocks":0,"Local Written Blocks":0,"Temp Read Blocks":0,"Temp Written Blocks":0,"I/O Read Time":0.0,"I/O Write Time":0.0,"Temp I/O Read Time":0.0,"Temp I/O Write Time":0.0},"Planning Time":2.206,"Triggers":[],"Execution Time":30242.375}]
[列存组合]: nation, order_line, orders
[{"Plan":{"Node Type":"Sort","Parallel Aware":false,"Async Capable":false,"Startup Cost":9506441.14,"Total Cost":9506466.14,"Plan Rows":10000,"Plan Width":27,"Actual Startup Time":35155.179,"Actual Total Time":35155.21,"Actual Rows":156,"Actual Loops":1,"Output":["supplier.su_name","(count(*))"],"Sort Key":["(count(*)) DESC","supplier.su_name"],"Sort Method":"quicksort","Sort Space Used":35,"Sort Space Type":"Memory","Shared Hit Blocks":2866186,"Shared Read Blocks":0,"Shared Dirtied Blocks":0,"Shared Written Blocks":0,"Local Hit Blocks":0,"Local Read Blocks":0,"Local Dirtied Blocks":0,"Local Written Blocks":0,"Temp Read Blocks":208196,"Temp Written Blocks":208207,"I/O Read Time":0.0,"I/O Write Time":0.0,"Temp I/O Read Time":309.678,"Temp I/O Write Time":865.165,"Plans":[{"Node Type":"Aggregate","Strategy":"Sorted","Partial Mode":"Simple","Parent Relationship":"Outer","Parallel Aware":false,"Async Capable":false,"Startup Cost":9504539.29,"Total Cost":9505776.75,"Plan Rows":10000,"Plan Width":27,"Actual Startup Time":35050.839,"Actual Total Time":35155.146,"Actual Rows":156,"Actual Loops":1,"Output":["supplier.su_name","count(*)"],"Group Key":["supplier.su_name"],"Shared Hit Blocks":2866186,"Shared Read Blocks":0,"Shared Dirtied Blocks":0,"Shared Written Blocks":0,"Local Hit Blocks":0,"Local Read Blocks":0,"Local Dirtied Blocks":0,"Local Written Blocks":0,"Temp Read Blocks":208196,"Temp Written Blocks":208207,"I/O Read Time":0.0,"I/O Write Time":0.0,"Temp I/O Read Time":309.678,"Temp I/O Write Time":865.165,"Plans":[{"Node Type":"Sort","Parent Relationship":"Outer","Parallel Aware":false,"Async Capable":false,"Startup Cost":9504539.29,"Total Cost":9504918.45,"Plan Rows":151661,"Plan Width":19,"Actual Startup Time":35050.483,"Actual Total Time":35104.872,"Actual Rows":535880,"Actual Loops":1,"Output":["supplier.su_name"],"Sort Key":["supplier.su_name"],"Sort Method":"external merge","Sort Space Used":15280,"Sort Space Type":"Disk","Shared Hit Blocks":2866186,"Shared Read Blocks":0,"Shared Dirtied Blocks":0,"Shared Written Blocks":0,"Local Hit Blocks":0,"Local Read Blocks":0,"Local Dirtied Blocks":0,"Local Written Blocks":0,"Temp Read Blocks":208196,"Temp Written Blocks":208207,"I/O Read Time":0.0,"I/O Write Time":0.0,"Temp I/O Read Time":309.678,"Temp I/O Write Time":865.165,"Plans":[{"Node Type":"Nested Loop","Parent Relationship":"Outer","Parallel Aware":false,"Async Capable":false,"Join Type":"Anti","Startup Cost":899681.66,"Total Cost":9488376.99,"Plan Rows":151661,"Plan Width":19,"Actual Startup Time":9034.326,"Actual Total Time":34757.465,"Actual Rows":535880,"Actual Loops":1,"Output":["supplier.su_name"],"Inner Unique":false,"Shared Hit Blocks":2866186,"Shared Read Blocks":0,"Shared Dirtied Blocks":0,"Shared Written Blocks":0,"Local Hit Blocks":0,"Local Read Blocks":0,"Local Dirtied Blocks":0,"Local Written Blocks":0,"Temp Read Blocks":206286,"Temp Written Blocks":206286,"I/O Read Time":0.0,"I/O Write Time":0.0,"Temp I/O Read Time":306.726,"Temp I/O Write Time":857.72,"Plans":[{"Node Type":"Hash Join","Parent Relationship":"Outer","Parallel Aware":false,"Async Capable":false,"Join Type":"Inner","Startup Cost":899681.1,"Total Cost":3382956.89,"Plan Rows":227491,"Plan Width":39,"Actual Startup Time":9034.282,"Actual Total Time":30990.417,"Actual Rows":535880,"Actual Loops":1,"Output":["supplier.su_name","l1.ol_o_id","l1.ol_w_id","l1.ol_d_id","l1.ol_delivery_d"],"Inner Unique":true,"Hash Cond":"((l1.ol_o_id = orders.o_id) AND (l1.ol_w_id = orders.o_w_id) AND (l1.ol_d_id = orders.o_d_id))","Join Filter":"(l1.ol_delivery_d > orders.o_entry_d)","Rows Removed by Join Filter":0,"Shared Hit Blocks":99013,"Shared Read Blocks":0,"Shared Dirtied Blocks":0,"Shared Written Blocks":0,"Local Hit Blocks":0,"Local Read Blocks":0,"Local Dirtied Blocks":0,"Local Written Blocks":0,"Temp Read Blocks":206286,"Temp Written Blocks":206286,"I/O Read Time":0.0,"I/O Write Time":0.0,"Temp I/O Read Time":306.726,"Temp I/O Write Time":857.72,"Plans":[{"Node Type":"Hash Join","Parent Relationship":"Outer","Parallel Aware":false,"Async Capable":false,"Join Type":"Inner","Startup Cost":640488.83,"Total Cost":3071247.88,"Plan Rows":682888,"Plan Width":41,"Actual Startup Time":6875.019,"Actual Total Time":28055.045,"Actual Rows":535908,"Actual Loops":1,"Output":["supplier.su_name","stock.s_w_id","l1.ol_o_id","l1.ol_w_id","l1.ol_d_id","l1.ol_delivery_d"],"Inner Unique":false,"Hash Cond":"((l1.ol_w_id = stock.s_w_id) AND (l1.ol_i_id = stock.s_i_id))","Shared Hit Blocks":54891,"Shared Read Blocks":0,"Shared Dirtied Blocks":0,"Shared Written Blocks":0,"Local Hit Blocks":0,"Local Read Blocks":0,"Local Dirtied Blocks":0,"Local Written Blocks":0,"Temp Read Blocks":170148,"Temp Written Blocks":170148,"I/O Read Time":0.0,"I/O Write Time":0.0,"Temp I/O Read Time":247.907,"Temp I/O Write Time":679.129,"Plans":[{"Node Type":"Append","Parent Relationship":"Outer","Parallel Aware":false,"Async Capable":false,"Startup Cost":20.0,"Total Cost":1403598.82,"Plan Rows":42039468,"Plan Width":24,"Actual Startup Time":2.894,"Actual Total Time":11037.26,"Actual Rows":41960840,"Actual Loops":1,"Shared Hit Blocks":0,"Shared Read Blocks":0,"Shared Dirtied Blocks":0,"Shared Written Blocks":0,"Local Hit Blocks":0,"Local Read Blocks":0,"Local Dirtied Blocks":0,"Local Written Blocks":0,"Temp Read Blocks":0,"Temp Written Blocks":0,"I/O Read Time":0.0,"I/O Write Time":0.0,"Temp I/O Read Time":0.0,"Temp I/O Write Time":0.0,"Subplans Removed":0,"Plans":[{"Node Type":"Custom Scan","Parent Relationship":"Member","Custom Plan Provider":"columnar scan","Parallel Aware":false,"Async Capable":false,"Relation Name":"order_line","Schema":"public","Alias":"l1","Startup Cost":20.0,"Total Cost":1072026.23,"Plan Rows":42039424,"Plan Width":24,"Actual Startup Time":2.89,"Actual Total Time":7999.96,"Actual Rows":41960840,"Actual Loops":1,"Output":["l1.ol_o_id","l1.ol_w_id","l1.ol_d_id","l1.ol_i_id","l1.ol_delivery_d"],"Filter":"(l1.ol_delivery_d >= '1992-01-02 20:10:02.27764'::timestamp without time zone)","Rows Removed by Filter":0,"Rows Removed by Columnar Filter":18032921,"Rows Filtered by Bloom Filter":0,"Dictionary Rows Filtered by Bloom Filter":39649,"Columnar cache search mode":"native","Shared Hit Blocks":0,"Shared Read Blocks":0,"Shared Dirtied Blocks":0,"Shared Written Blocks":0,"Local Hit Blocks":0,"Local Read Blocks":0,"Local Dirtied Blocks":0,"Local Written Blocks":0,"Temp Read Blocks":0,"Temp Written Blocks":0,"I/O Read Time":0.0,"I/O Write Time":0.0,"Temp I/O Read Time":0.0,"Temp I/O Write Time":0.0},{"Node Type":"Seq Scan","Parent Relationship":"Member","Parallel Aware":false,"Async Capable":false,"Relation Name":"order_line","Schema":"public","Alias":"l1","Startup Cost":0.0,"Total Cost":4.79,"Plan Rows":44,"Plan Width":24,"Actual Startup Time":0.0,"Actual Total Time":0.0,"Actual Rows":0,"Actual Loops":0,"Output":["l1.ol_o_id","l1.ol_w_id","l1.ol_d_id","l1.ol_i_id","l1.ol_delivery_d"],"Filter":"(l1.ol_delivery_d >= '1992-01-02 20:10:02.27764'::timestamp without time zone)","Rows Removed by Filter":0,"Shared Hit Blocks":0,"Shared Read Blocks":0,"Shared Dirtied Blocks":0,"Shared Written Blocks":0,"Local Hit Blocks":0,"Local Read Blocks":0,"Local Dirtied Blocks":0,"Local Written Blocks":0,"Temp Read Blocks":0,"Temp Written Blocks":0,"I/O Read Time":0.0,"I/O Write Time":0.0,"Temp I/O Read Time":0.0,"Temp I/O Write Time":0.0}]},{"Node Type":"Hash","Parent Relationship":"Inner","Parallel Aware":false,"Async Capable":false,"Startup Cost":633424.07,"Total Cost":633424.07,"Plan Rows":322584,"Plan Width":25,"Actual Startup Time":6871.374,"Actual Total Time":6871.387,"Actual Rows":255450,"Actual Loops":1,"Output":["supplier.su_name","stock.s_w_id","stock.s_i_id"],"Hash Buckets":131072,"Original Hash Buckets":131072,"Hash Batches":4,"Original Hash Batches":4,"Peak Memory Usage":4756,"Shared Hit Blocks":54891,"Shared Read Blocks":0,"Shared Dirtied Blocks":0,"Shared Written Blocks":0,"Local Hit Blocks":0,"Local Read Blocks":0,"Local Dirtied Blocks":0,"Local Written Blocks":0,"Temp Read Blocks":0,"Temp Written Blocks":1122,"I/O Read Time":0.0,"I/O Write Time":0.0,"Temp I/O Read Time":0.0,"Temp I/O Write Time":6.987,"Plans":[{"Node Type":"Hash Join","Parent Relationship":"Outer","Parallel Aware":false,"Async Capable":false,"Join Type":"Inner","Startup Cost":444.22,"Total Cost":633424.07,"Plan Rows":322584,"Plan Width":25,"Actual Startup Time":2.87,"Actual Total Time":6819.111,"Actual Rows":255450,"Actual Loops":1,"Output":["supplier.su_name","stock.s_w_id","stock.s_i_id"],"Inner Unique":true,"Hash Cond":"(supplier.su_nationkey = nation.n_nationkey)","Shared Hit Blocks":54891,"Shared Read Blocks":0,"Shared Dirtied Blocks":0,"Shared Written Blocks":0,"Local Hit Blocks":0,"Local Read Blocks":0,"Local Dirtied Blocks":0,"Local Written Blocks":0,"Temp Read Blocks":0,"Temp Written Blocks":0,"I/O Read Time":0.0,"I/O Write Time":0.0,"Temp I/O Read Time":0.0,"Temp I/O Write Time":0.0,"Plans":[{"Node Type":"Hash Join","Parent Relationship":"Outer","Parallel Aware":false,"Async Capable":false,"Join Type":"Inner","Startup Cost":442.44,"Total Cost":577332.98,"Plan Rows":20000212,"Plan Width":29,"Actual Startup Time":2.813,"Actual Total Time":5530.251,"Actual Rows":20000000,"Actual Loops":1,"Output":["supplier.su_name","supplier.su_nationkey","stock.s_w_id","stock.s_i_id"],"Inner Unique":true,"Hash Cond":"(mod((stock.s_w_id * stock.s_i_id), 10000) = supplier.su_suppkey)","Shared Hit Blocks":54890,"Shared Read Blocks":0,"Shared Dirtied Blocks":0,"Shared Written Blocks":0,"Local Hit Blocks":0,"Local Read Blocks":0,"Local Dirtied Blocks":0,"Local Written Blocks":0,"Temp Read Blocks":0,"Temp Written Blocks":0,"I/O Read Time":0.0,"I/O Write Time":0.0,"Temp I/O Read Time":0.0,"Temp I/O Write Time":0.0,"Plans":[{"Node Type":"Index Only Scan","Parent Relationship":"Outer","Parallel Aware":false,"Async Capable":false,"Scan Direction":"Forward","Index Name":"stock_pk","Relation Name":"stock","Schema":"public","Alias":"stock","Startup Cost":0.44,"Total Cost":519363.62,"Plan Rows":20000212,"Plan Width":6,"Actual Startup Time":0.028,"Actual Total Time":1560.266,"Actual Rows":20000000,"Actual Loops":1,"Output":["stock.s_w_id","stock.s_i_id"],"Heap Fetches":0,"Shared Hit Blocks":54673,"Shared Read Blocks":0,"Shared Dirtied Blocks":0,"Shared Written Blocks":0,"Local Hit Blocks":0,"Local Read Blocks":0,"Local Dirtied Blocks":0,"Local Written Blocks":0,"Temp Read Blocks":0,"Temp Written Blocks":0,"I/O Read Time":0.0,"I/O Write Time":0.0,"Temp I/O Read Time":0.0,"Temp I/O Write Time":0.0},{"Node Type":"Hash","Parent Relationship":"Inner","Parallel Aware":false,"Async Capable":false,"Startup Cost":317.0,"Total Cost":317.0,"Plan Rows":10000,"Plan Width":27,"Actual Startup Time":2.733,"Actual Total Time":2.736,"Actual Rows":10000,"Actual Loops":1,"Output":["supplier.su_name","supplier.su_suppkey","supplier.su_nationkey"],"Hash Buckets":16384,"Original Hash Buckets":16384,"Hash Batches":1,"Original Hash Batches":1,"Peak Memory Usage":714,"Shared Hit Blocks":217,"Shared Read Blocks":0,"Shared Dirtied Blocks":0,"Shared Written Blocks":0,"Local Hit Blocks":0,"Local Read Blocks":0,"Local Dirtied Blocks":0,"Local Written Blocks":0,"Temp Read Blocks":0,"Temp Written Blocks":0,"I/O Read Time":0.0,"I/O Write Time":0.0,"Temp I/O Read Time":0.0,"Temp I/O Write Time":0.0,"Plans":[{"Node Type":"Seq Scan","Parent Relationship":"Outer","Parallel Aware":false,"Async Capable":false,"Relation Name":"supplier","Schema":"public","Alias":"supplier","Startup Cost":0.0,"Total Cost":317.0,"Plan Rows":10000,"Plan Width":27,"Actual Startup Time":0.013,"Actual Total Time":1.305,"Actual Rows":10000,"Actual Loops":1,"Output":["supplier.su_name","supplier.su_suppkey","supplier.su_nationkey"],"Shared Hit Blocks":217,"Shared Read Blocks":0,"Shared Dirtied Blocks":0,"Shared Written Blocks":0,"Local Hit Blocks":0,"Local Read Blocks":0,"Local Dirtied Blocks":0,"Local Written Blocks":0,"Temp Read Blocks":0,"Temp Written Blocks":0,"I/O Read Time":0.0,"I/O Write Time":0.0,"Temp I/O Read Time":0.0,"Temp I/O Write Time":0.0}]}]},{"Node Type":"Hash","Parent Relationship":"Inner","Parallel Aware":false,"Async Capable":false,"Startup Cost":1.77,"Total Cost":1.77,"Plan Rows":1,"Plan Width":4,"Actual Startup Time":0.03,"Actual Total Time":0.031,"Actual Rows":1,"Actual Loops":1,"Output":["nation.n_nationkey"],"Hash Buckets":1024,"Original Hash Buckets":1024,"Hash Batches":1,"Original Hash Batches":1,"Peak Memory Usage":9,"Shared Hit Blocks":1,"Shared Read Blocks":0,"Shared Dirtied Blocks":0,"Shared Written Blocks":0,"Local Hit Blocks":0,"Local Read Blocks":0,"Local Dirtied Blocks":0,"Local Written Blocks":0,"Temp Read Blocks":0,"Temp Written Blocks":0,"I/O Read Time":0.0,"I/O Write Time":0.0,"Temp I/O Read Time":0.0,"Temp I/O Write Time":0.0,"Plans":[{"Node Type":"Seq Scan","Parent Relationship":"Outer","Parallel Aware":false,"Async Capable":false,"Relation Name":"nation","Schema":"public","Alias":"nation","Startup Cost":0.0,"Total Cost":1.77,"Plan Rows":1,"Plan Width":4,"Actual Startup Time":0.024,"Actual Total Time":0.026,"Actual Rows":1,"Actual Loops":1,"Output":["nation.n_nationkey"],"Filter":"((nation.n_name)::text = 'Cambodia'::text)","Rows Removed by Filter":61,"Shared Hit Blocks":1,"Shared Read Blocks":0,"Shared Dirtied Blocks":0,"Shared Written Blocks":0,"Local Hit Blocks":0,"Local Read Blocks":0,"Local Dirtied Blocks":0,"Local Written Blocks":0,"Temp Read Blocks":0,"Temp Written Blocks":0,"I/O Read Time":0.0,"I/O Write Time":0.0,"Temp I/O Read Time":0.0,"Temp I/O Write Time":0.0}]}]}]}]},{"Node Type":"Hash","Parent Relationship":"Inner","Parallel Aware":false,"Async Capable":false,"Startup Cost":119121.6,"Total Cost":119121.6,"Plan Rows":5996324,"Plan Width":20,"Actual Startup Time":2154.315,"Actual Total Time":2154.317,"Actual Rows":5995789,"Actual Loops":1,"Output":["orders.o_id","orders.o_w_id","orders.o_d_id","orders.o_entry_d"],"Hash Buckets":131072,"Original Hash Buckets":131072,"Hash Batches":64,"Original Hash Batches":64,"Peak Memory Usage":6157,"Shared Hit Blocks":44122,"Shared Read Blocks":0,"Shared Dirtied Blocks":0,"Shared Written Blocks":0,"Local Hit Blocks":0,"Local Read Blocks":0,"Local Dirtied Blocks":0,"Local Written Blocks":0,"Temp Read Blocks":0,"Temp Written Blocks":31667,"I/O Read Time":0.0,"I/O Write Time":0.0,"Temp I/O Read Time":0.0,"Temp I/O Write Time":150.553,"Plans":[{"Node Type":"Seq Scan","Parent Relationship":"Outer","Parallel Aware":false,"Async Capable":false,"Relation Name":"orders","Schema":"public","Alias":"orders","Startup Cost":0.0,"Total Cost":119121.6,"Plan Rows":5996324,"Plan Width":20,"Actual Startup Time":0.017,"Actual Total Time":747.122,"Actual Rows":5995789,"Actual Loops":1,"Output":["orders.o_id","orders.o_w_id","orders.o_d_id","orders.o_entry_d"],"Filter":"(orders.o_entry_d >= '1992-01-02 20:10:02.27764'::timestamp without time zone)","Rows Removed by Filter":4211,"Shared Hit Blocks":44122,"Shared Read Blocks":0,"Shared Dirtied Blocks":0,"Shared Written Blocks":0,"Local Hit Blocks":0,"Local Read Blocks":0,"Local Dirtied Blocks":0,"Local Written Blocks":0,"Temp Read Blocks":0,"Temp Written Blocks":0,"I/O Read Time":0.0,"I/O Write Time":0.0,"Temp I/O Read Time":0.0,"Temp I/O Write Time":0.0}]}]},{"Node Type":"Index Scan","Parent Relationship":"Inner","Parallel Aware":false,"Async Capable":false,"Scan Direction":"Forward","Index Name":"order_line_pk","Relation Name":"order_line","Schema":"public","Alias":"l2","Startup Cost":0.56,"Total Cost":35.72,"Plan Rows":2,"Plan Width":20,"Actual Startup Time":0.007,"Actual Total Time":0.007,"Actual Rows":0,"Actual Loops":535880,"Output":["l2.ol_o_id","l2.ol_d_id","l2.ol_w_id","l2.ol_number","l2.ol_i_id","l2.ol_supply_w_id","l2.ol_delivery_d","l2.ol_quantity","l2.ol_amount","l2.ol_dist_info"],"Index Cond":"((l2.ol_w_id = l1.ol_w_id) AND (l2.ol_d_id = l1.ol_d_id) AND (l2.ol_o_id = l1.ol_o_id))","Rows Removed by Index Recheck":0,"Filter":"((l2.ol_delivery_d >= '1992-01-02 20:10:02.27764'::timestamp without time zone) AND (l2.ol_delivery_d > l1.ol_delivery_d))","Rows Removed by Filter":11,"Shared Hit Blocks":2767173,"Shared Read Blocks":0,"Shared Dirtied Blocks":0,"Shared Written Blocks":0,"Local Hit Blocks":0,"Local Read Blocks":0,"Local Dirtied Blocks":0,"Local Written Blocks":0,"Temp Read Blocks":0,"Temp Written Blocks":0,"I/O Read Time":0.0,"I/O Write Time":0.0,"Temp I/O Read Time":0.0,"Temp I/O Write Time":0.0}]}]}]}]},"Planning":{"Shared Hit Blocks":128,"Shared Read Blocks":0,"Shared Dirtied Blocks":0,"Shared Written Blocks":0,"Local Hit Blocks":0,"Local Read Blocks":0,"Local Dirtied Blocks":0,"Local Written Blocks":0,"Temp Read Blocks":0,"Temp Written Blocks":0,"I/O Read Time":0.0,"I/O Write Time":0.0,"Temp I/O Read Time":0.0,"Temp I/O Write Time":0.0},"Planning Time":2.206,"Triggers":[],"Execution Time":35157.857}]
[列存组合]: nation, order_line, stock
[{"Plan":{"Node Type":"Sort","Parallel Aware":false,"Async Capable":false,"Startup Cost":7638449.55,"Total Cost":7638474.55,"Plan Rows":10000,"Plan Width":27,"Actual Startup Time":31842.706,"Actual Total Time":31842.735,"Actual Rows":156,"Actual Loops":1,"Output":["supplier.su_name","(count(*))"],"Sort Key":["(count(*)) DESC","supplier.su_name"],"Sort Method":"quicksort","Sort Space Used":35,"Sort Space Type":"Memory","Shared Hit Blocks":2811513,"Shared Read Blocks":0,"Shared Dirtied Blocks":0,"Shared Written Blocks":0,"Local Hit Blocks":0,"Local Read Blocks":0,"Local Dirtied Blocks":0,"Local Written Blocks":0,"Temp Read Blocks":38048,"Temp Written Blocks":38059,"I/O Read Time":0.0,"I/O Write Time":0.0,"Temp I/O Read Time":60.878,"Temp I/O Write Time":193.823,"Plans":[{"Node Type":"Aggregate","Strategy":"Sorted","Partial Mode":"Simple","Parent Relationship":"Outer","Parallel Aware":false,"Async Capable":false,"Startup Cost":7636547.7,"Total Cost":7637785.16,"Plan Rows":10000,"Plan Width":27,"Actual Startup Time":31739.573,"Actual Total Time":31842.673,"Actual Rows":156,"Actual Loops":1,"Output":["supplier.su_name","count(*)"],"Group Key":["supplier.su_name"],"Shared Hit Blocks":2811513,"Shared Read Blocks":0,"Shared Dirtied Blocks":0,"Shared Written Blocks":0,"Local Hit Blocks":0,"Local Read Blocks":0,"Local Dirtied Blocks":0,"Local Written Blocks":0,"Temp Read Blocks":38048,"Temp Written Blocks":38059,"I/O Read Time":0.0,"I/O Write Time":0.0,"Temp I/O Read Time":60.878,"Temp I/O Write Time":193.823,"Plans":[{"Node Type":"Sort","Parent Relationship":"Outer","Parallel Aware":false,"Async Capable":false,"Startup Cost":7636547.7,"Total Cost":7636926.86,"Plan Rows":151661,"Plan Width":19,"Actual Startup Time":31739.222,"Actual Total Time":31793.489,"Actual Rows":535880,"Actual Loops":1,"Output":["supplier.su_name"],"Sort Key":["supplier.su_name"],"Sort Method":"external merge","Sort Space Used":15280,"Sort Space Type":"Disk","Shared Hit Blocks":2811513,"Shared Read Blocks":0,"Shared Dirtied Blocks":0,"Shared Written Blocks":0,"Local Hit Blocks":0,"Local Read Blocks":0,"Local Dirtied Blocks":0,"Local Written Blocks":0,"Temp Read Blocks":38048,"Temp Written Blocks":38059,"I/O Read Time":0.0,"I/O Write Time":0.0,"Temp I/O Read Time":60.878,"Temp I/O Write Time":193.823,"Plans":[{"Node Type":"Nested Loop","Parent Relationship":"Outer","Parallel Aware":false,"Async Capable":false,"Join Type":"Anti","Startup Cost":318257.22,"Total Cost":7620385.4,"Plan Rows":151661,"Plan Width":19,"Actual Startup Time":4408.619,"Actual Total Time":31448.57,"Actual Rows":535880,"Actual Loops":1,"Output":["supplier.su_name"],"Shared Hit Blocks":2811513,"Shared Read Blocks":0,"Shared Dirtied Blocks":0,"Shared Written Blocks":0,"Local Hit Blocks":0,"Local Read Blocks":0,"Local Dirtied Blocks":0,"Local Written Blocks":0,"Temp Read Blocks":36138,"Temp Written Blocks":36138,"I/O Read Time":0.0,"I/O Write Time":0.0,"Temp I/O Read Time":58.12,"Temp I/O Write Time":186.346,"Plans":[{"Node Type":"Hash Join","Parent Relationship":"Outer","Parallel Aware":false,"Async Capable":false,"Join Type":"Inner","Startup Cost":318256.65,"Total Cost":1514965.3,"Plan Rows":227491,"Plan Width":39,"Actual Startup Time":4408.54,"Actual Total Time":27869.138,"Actual Rows":535880,"Actual Loops":1,"Output":["supplier.su_name","l1.ol_o_id","l1.ol_w_id","l1.ol_d_id","l1.ol_delivery_d"],"Hash Cond":"((l1.ol_o_id = orders.o_id) AND (l1.ol_w_id = orders.o_w_id) AND (l1.ol_d_id = orders.o_d_id))","Join Filter":"(l1.ol_delivery_d > orders.o_entry_d)","Rows Removed by Join Filter":0,"Shared Hit Blocks":44340,"Shared Read Blocks":0,"Shared Dirtied Blocks":0,"Shared Written Blocks":0,"Local Hit Blocks":0,"Local Read Blocks":0,"Local Dirtied Blocks":0,"Local Written Blocks":0,"Temp Read Blocks":36138,"Temp Written Blocks":36138,"I/O Read Time":0.0,"I/O Write Time":0.0,"Temp I/O Read Time":58.12,"Temp I/O Write Time":186.346,"Plans":[{"Node Type":"Hash Join","Parent Relationship":"Outer","Parallel Aware":false,"Async Capable":false,"Join Type":"Inner","Startup Cost":59064.38,"Total Cost":1203256.29,"Plan Rows":682888,"Plan Width":41,"Actual Startup Time":2251.756,"Actual Total Time":24969.599,"Actual Rows":535908,"Actual Loops":1,"Output":["supplier.su_name","stock.s_w_id","l1.ol_o_id","l1.ol_w_id","l1.ol_d_id","l1.ol_delivery_d"],"Hash Cond":"(supplier.su_nationkey = nation.n_nationkey)","Shared Hit Blocks":218,"Shared Read Blocks":0,"Shared Dirtied Blocks":0,"Shared Written Blocks":0,"Local Hit Blocks":0,"Local Read Blocks":0,"Local Dirtied Blocks":0,"Local Written Blocks":0,"Temp Read Blocks":0,"Temp Written Blocks":0,"I/O Read Time":0.0,"I/O Write Time":0.0,"Temp I/O Read Time":0.0,"Temp I/O Write Time":0.0,"Plans":[{"Node Type":"Hash Join","Parent Relationship":"Outer","Parallel Aware":false,"Async Capable":false,"Join Type":"Inner","Startup Cost":59062.59,"Total Cost":1084517.31,"Plan Rows":42339072,"Plan Width":45,"Actual Startup Time":2251.614,"Actual Total Time":22132.973,"Actual Rows":41960840,"Actual Loops":1,"Output":["supplier.su_name","supplier.su_nationkey","stock.s_w_id","l1.ol_o_id","l1.ol_w_id","l1.ol_d_id","l1.ol_delivery_d"],"Hash Cond":"(mod((stock.s_w_id * stock.s_i_id), 10000) = supplier.su_suppkey)","Shared Hit Blocks":217,"Shared Read Blocks":0,"Shared Dirtied Blocks":0,"Shared Written Blocks":0,"Local Hit Blocks":0,"Local Read Blocks":0,"Local Dirtied Blocks":0,"Local Written Blocks":0,"Temp Read Blocks":0,"Temp Written Blocks":0,"I/O Read Time":0.0,"I/O Write Time":0.0,"Temp I/O Read Time":0.0,"Temp I/O Write Time":0.0,"Plans":[{"Node Type":"Hash Join","Parent Relationship":"Outer","Parallel Aware":false,"Async Capable":false,"Join Type":"Inner","Startup Cost":58620.59,"Total Cost":962293.85,"Plan Rows":42339072,"Plan Width":26,"Actual Startup Time":2248.804,"Actual Total Time":13042.16,"Actual Rows":41960840,"Actual Loops":1,"Output":["l1.ol_o_id","l1.ol_w_id","l1.ol_d_id","l1.ol_delivery_d","stock.s_w_id","stock.s_i_id"],"Hash Cond":"((l1.ol_w_id = stock.s_w_id) AND (l1.ol_i_id = stock.s_i_id))","Rows Removed by Bloom Filter":0,"Shared Hit Blocks":0,"Shared Read Blocks":0,"Shared Dirtied Blocks":0,"Shared Written Blocks":0,"Local Hit Blocks":0,"Local Read Blocks":0,"Local Dirtied Blocks":0,"Local Written Blocks":0,"Temp Read Blocks":0,"Temp Written Blocks":0,"I/O Read Time":0.0,"I/O Write Time":0.0,"Temp I/O Read Time":0.0,"Temp I/O Write Time":0.0,"Plans":[{"Node Type":"Append","Parent Relationship":"Outer","Parallel Aware":false,"Async Capable":false,"Startup Cost":20.0,"Total Cost":1072031.01,"Plan Rows":42039468,"Plan Width":24,"Actual Startup Time":217.552,"Actual Total Time":217.56,"Actual Rows":41960840,"Actual Loops":1,"Shared Hit Blocks":0,"Shared Read Blocks":0,"Shared Dirtied Blocks":0,"Shared Written Blocks":0,"Local Hit Blocks":0,"Local Read Blocks":0,"Local Dirtied Blocks":0,"Local Written Blocks":0,"Temp Read Blocks":0,"Temp Written Blocks":0,"I/O Read Time":0.0,"I/O Write Time":0.0,"Temp I/O Read Time":0.0,"Temp I/O Write Time":0.0,"Subplans Removed":0,"Plans":[{"Node Type":"Custom Scan","Parent Relationship":"Member","Custom Plan Provider":"columnar scan","Parallel Aware":false,"Async Capable":false,"Relation Name":"order_line","Schema":"public","Alias":"l1","Startup Cost":20.0,"Total Cost":1072026.23,"Plan Rows":42039424,"Plan Width":24,"Actual Startup Time":217.549,"Actual Total Time":217.551,"Actual Rows":41960840,"Actual Loops":1,"Output":["l1.ol_o_id","l1.ol_w_id","l1.ol_d_id","l1.ol_i_id","l1.ol_delivery_d"],"Filter":"(l1.ol_delivery_d >= '1992-01-02 20:10:02.27764'::timestamp without time zone)","Rows Removed by Filter":0,"Rows Removed by Columnar Filter":18032921,"Rows Filtered by Bloom Filter":0,"Dictionary Rows Filtered by Bloom Filter":39649,"Columnar cache search mode":"native","Shared Hit Blocks":0,"Shared Read Blocks":0,"Shared Dirtied Blocks":0,"Shared Written Blocks":0,"Local Hit Blocks":0,"Local Read Blocks":0,"Local Dirtied Blocks":0,"Local Written Blocks":0,"Temp Read Blocks":0,"Temp Written Blocks":0,"I/O Read Time":0.0,"I/O Write Time":0.0,"Temp I/O Read Time":0.0,"Temp I/O Write Time":0.0},{"Node Type":"Seq Scan","Parent Relationship":"Member","Parallel Aware":false,"Async Capable":false,"Relation Name":"order_line","Schema":"public","Alias":"l1","Startup Cost":0.0,"Total Cost":4.79,"Plan Rows":44,"Plan Width":24,"Actual Startup Time":0.0,"Actual Total Time":0.0,"Actual Rows":0,"Actual Loops":0,"Output":["l1.ol_o_id","l1.ol_w_id","l1.ol_d_id","l1.ol_i_id","l1.ol_delivery_d"],"Filter":"(l1.ol_delivery_d >= '1992-01-02 20:10:02.27764'::timestamp without time zone)","Rows Removed by Filter":0,"Shared Hit Blocks":0,"Shared Read Blocks":0,"Shared Dirtied Blocks":0,"Shared Written Blocks":0,"Local Hit Blocks":0,"Local Read Blocks":0,"Local Dirtied Blocks":0,"Local Written Blocks":0,"Temp Read Blocks":0,"Temp Written Blocks":0,"I/O Read Time":0.0,"I/O Write Time":0.0,"Temp I/O Read Time":0.0,"Temp I/O Write Time":0.0}]},{"Node Type":"Hash","Parent Relationship":"Inner","Parallel Aware":false,"Async Capable":false,"Startup Cost":390026.22,"Total Cost":390026.22,"Plan Rows":20000212,"Plan Width":6,"Actual Rows":20000000,"Actual Loops":1,"Output":["stock.s_w_id","stock.s_i_id"],"Shared Hit Blocks":0,"Shared Read Blocks":0,"Shared Dirtied Blocks":0,"Shared Written Blocks":0,"Local Hit Blocks":0,"Local Read Blocks":0,"Local Dirtied Blocks":0,"Local Written Blocks":0,"Temp Read Blocks":0,"Temp Written Blocks":0,"I/O Read Time":0.0,"I/O Write Time":0.0,"Temp I/O Read Time":0.0,"Temp I/O Write Time":0.0,"Plans":[{"Node Type":"Append","Parent Relationship":"Outer","Parallel Aware":false,"Async Capable":false,"Startup Cost":20.0,"Total Cost":390026.22,"Plan Rows":20000212,"Plan Width":6,"Actual Startup Time":0.462,"Actual Total Time":0.464,"Actual Rows":20000000,"Actual Loops":1,"Shared Hit Blocks":0,"Shared Read Blocks":0,"Shared Dirtied Blocks":0,"Shared Written Blocks":0,"Local Hit Blocks":0,"Local Read Blocks":0,"Local Dirtied Blocks":0,"Local Written Blocks":0,"Temp Read Blocks":0,"Temp Written Blocks":0,"I/O Read Time":0.0,"I/O Write Time":0.0,"Temp I/O Read Time":0.0,"Temp I/O Write Time":0.0,"Subplans Removed":0,"Plans":[{"Node Type":"Custom Scan","Parent Relationship":"Member","Custom Plan Provider":"columnar scan","Parallel Aware":false,"Async Capable":false,"Relation Name":"stock","Schema":"public","Alias":"stock","Startup Cost":20.0,"Total Cost":390020.1,"Plan Rows":20000000,"Plan Width":6,"Actual Startup Time":0.459,"Actual Total Time":0.459,"Actual Rows":20000000,"Actual Loops":1,"Output":["stock.s_w_id","stock.s_i_id"],"Rows Removed by Columnar Filter":0,"Columnar cache search mode":"native","Shared Hit Blocks":0,"Shared Read Blocks":0,"Shared Dirtied Blocks":0,"Shared Written Blocks":0,"Local Hit Blocks":0,"Local Read Blocks":0,"Local Dirtied Blocks":0,"Local Written Blocks":0,"Temp Read Blocks":0,"Temp Written Blocks":0,"I/O Read Time":0.0,"I/O Write Time":0.0,"Temp I/O Read Time":0.0,"Temp I/O Write Time":0.0},{"Node Type":"Seq Scan","Parent Relationship":"Member","Parallel Aware":false,"Async Capable":false,"Relation Name":"stock","Schema":"public","Alias":"stock","Startup Cost":0.0,"Total Cost":6.12,"Plan Rows":212,"Plan Width":6,"Actual Startup Time":0.0,"Actual Total Time":0.0,"Actual Rows":0,"Actual Loops":0,"Output":["stock.s_w_id","stock.s_i_id"],"Shared Hit Blocks":0,"Shared Read Blocks":0,"Shared Dirtied Blocks":0,"Shared Written Blocks":0,"Local Hit Blocks":0,"Local Read Blocks":0,"Local Dirtied Blocks":0,"Local Written Blocks":0,"Temp Read Blocks":0,"Temp Written Blocks":0,"I/O Read Time":0.0,"I/O Write Time":0.0,"Temp I/O Read Time":0.0,"Temp I/O Write Time":0.0}]}]}]},{"Node Type":"Hash","Parent Relationship":"Inner","Parallel Aware":false,"Async Capable":false,"Startup Cost":317.0,"Total Cost":317.0,"Plan Rows":10000,"Plan Width":27,"Actual Startup Time":2.711,"Actual Total Time":2.712,"Actual Rows":10000,"Actual Loops":1,"Output":["supplier.su_name","supplier.su_suppkey","supplier.su_nationkey"],"Hash Buckets":16384,"Original Hash Buckets":16384,"Hash Batches":1,"Original Hash Batches":1,"Peak Memory Usage":714,"Shared Hit Blocks":217,"Shared Read Blocks":0,"Shared Dirtied Blocks":0,"Shared Written Blocks":0,"Local Hit Blocks":0,"Local Read Blocks":0,"Local Dirtied Blocks":0,"Local Written Blocks":0,"Temp Read Blocks":0,"Temp Written Blocks":0,"I/O Read Time":0.0,"I/O Write Time":0.0,"Temp I/O Read Time":0.0,"Temp I/O Write Time":0.0,"Plans":[{"Node Type":"Seq Scan","Parent Relationship":"Outer","Parallel Aware":false,"Async Capable":false,"Relation Name":"supplier","Schema":"public","Alias":"supplier","Startup Cost":0.0,"Total Cost":317.0,"Plan Rows":10000,"Plan Width":27,"Actual Startup Time":0.014,"Actual Total Time":1.288,"Actual Rows":10000,"Actual Loops":1,"Output":["supplier.su_name","supplier.su_suppkey","supplier.su_nationkey"],"Shared Hit Blocks":217,"Shared Read Blocks":0,"Shared Dirtied Blocks":0,"Shared Written Blocks":0,"Local Hit Blocks":0,"Local Read Blocks":0,"Local Dirtied Blocks":0,"Local Written Blocks":0,"Temp Read Blocks":0,"Temp Written Blocks":0,"I/O Read Time":0.0,"I/O Write Time":0.0,"Temp I/O Read Time":0.0,"Temp I/O Write Time":0.0}]}]},{"Node Type":"Hash","Parent Relationship":"Inner","Parallel Aware":false,"Async Capable":false,"Startup Cost":1.77,"Total Cost":1.77,"Plan Rows":1,"Plan Width":4,"Actual Startup Time":0.029,"Actual Total Time":0.03,"Actual Rows":1,"Actual Loops":1,"Output":["nation.n_nationkey"],"Hash Buckets":1024,"Original Hash Buckets":1024,"Hash Batches":1,"Original Hash Batches":1,"Peak Memory Usage":9,"Shared Hit Blocks":1,"Shared Read Blocks":0,"Shared Dirtied Blocks":0,"Shared Written Blocks":0,"Local Hit Blocks":0,"Local Read Blocks":0,"Local Dirtied Blocks":0,"Local Written Blocks":0,"Temp Read Blocks":0,"Temp Written Blocks":0,"I/O Read Time":0.0,"I/O Write Time":0.0,"Temp I/O Read Time":0.0,"Temp I/O Write Time":0.0,"Plans":[{"Node Type":"Seq Scan","Parent Relationship":"Outer","Parallel Aware":false,"Async Capable":false,"Relation Name":"nation","Schema":"public","Alias":"nation","Startup Cost":0.0,"Total Cost":1.77,"Plan Rows":1,"Plan Width":4,"Actual Startup Time":0.023,"Actual Total Time":0.026,"Actual Rows":1,"Actual Loops":1,"Output":["nation.n_nationkey"],"Filter":"((nation.n_name)::text = 'Cambodia'::text)","Rows Removed by Filter":61,"Shared Hit Blocks":1,"Shared Read Blocks":0,"Shared Dirtied Blocks":0,"Shared Written Blocks":0,"Local Hit Blocks":0,"Local Read Blocks":0,"Local Dirtied Blocks":0,"Local Written Blocks":0,"Temp Read Blocks":0,"Temp Written Blocks":0,"I/O Read Time":0.0,"I/O Write Time":0.0,"Temp I/O Read Time":0.0,"Temp I/O Write Time":0.0}]}]},{"Node Type":"Hash","Parent Relationship":"Inner","Parallel Aware":false,"Async Capable":false,"Startup Cost":119121.6,"Total Cost":119121.6,"Plan Rows":5996324,"Plan Width":20,"Actual Startup Time":2151.241,"Actual Total Time":2151.243,"Actual Rows":5995789,"Actual Loops":1,"Output":["orders.o_id","orders.o_w_id","orders.o_d_id","orders.o_entry_d"],"Hash Buckets":131072,"Original Hash Buckets":131072,"Hash Batches":64,"Original Hash Batches":64,"Peak Memory Usage":6157,"Shared Hit Blocks":44122,"Shared Read Blocks":0,"Shared Dirtied Blocks":0,"Shared Written Blocks":0,"Local Hit Blocks":0,"Local Read Blocks":0,"Local Dirtied Blocks":0,"Local Written Blocks":0,"Temp Read Blocks":0,"Temp Written Blocks":31667,"I/O Read Time":0.0,"I/O Write Time":0.0,"Temp I/O Read Time":0.0,"Temp I/O Write Time":152.082,"Plans":[{"Node Type":"Seq Scan","Parent Relationship":"Outer","Parallel Aware":false,"Async Capable":false,"Relation Name":"orders","Schema":"public","Alias":"orders","Startup Cost":0.0,"Total Cost":119121.6,"Plan Rows":5996324,"Plan Width":20,"Actual Startup Time":0.018,"Actual Total Time":736.849,"Actual Rows":5995789,"Actual Loops":1,"Output":["orders.o_id","orders.o_w_id","orders.o_d_id","orders.o_entry_d"],"Filter":"(orders.o_entry_d >= '1992-01-02 20:10:02.27764'::timestamp without time zone)","Rows Removed by Filter":4211,"Shared Hit Blocks":44122,"Shared Read Blocks":0,"Shared Dirtied Blocks":0,"Shared Written Blocks":0,"Local Hit Blocks":0,"Local Read Blocks":0,"Local Dirtied Blocks":0,"Local Written Blocks":0,"Temp Read Blocks":0,"Temp Written Blocks":0,"I/O Read Time":0.0,"I/O Write Time":0.0,"Temp I/O Read Time":0.0,"Temp I/O Write Time":0.0}]}]},{"Node Type":"Index Scan","Parent Relationship":"Inner","Parallel Aware":false,"Async Capable":false,"Scan Direction":"Forward","Index Name":"order_line_pk","Relation Name":"order_line","Schema":"public","Alias":"l2","Startup Cost":0.56,"Total Cost":35.72,"Plan Rows":2,"Plan Width":20,"Actual Startup Time":0.006,"Actual Total Time":0.006,"Actual Rows":0,"Actual Loops":535880,"Output":["l2.ol_o_id","l2.ol_d_id","l2.ol_w_id","l2.ol_number","l2.ol_i_id","l2.ol_supply_w_id","l2.ol_delivery_d","l2.ol_quantity","l2.ol_amount","l2.ol_dist_info"],"Index Cond":"((l2.ol_w_id = l1.ol_w_id) AND (l2.ol_d_id = l1.ol_d_id) AND (l2.ol_o_id = l1.ol_o_id))","Rows Removed by Index Recheck":0,"Filter":"((l2.ol_delivery_d >= '1992-01-02 20:10:02.27764'::timestamp without time zone) AND (l2.ol_delivery_d > l1.ol_delivery_d))","Rows Removed by Filter":11,"Shared Hit Blocks":2767173,"Shared Read Blocks":0,"Shared Dirtied Blocks":0,"Shared Written Blocks":0,"Local Hit Blocks":0,"Local Read Blocks":0,"Local Dirtied Blocks":0,"Local Written Blocks":0,"Temp Read Blocks":0,"Temp Written Blocks":0,"I/O Read Time":0.0,"I/O Write Time":0.0,"Temp I/O Read Time":0.0,"Temp I/O Write Time":0.0}]}]}]}]},"Planning":{"Shared Hit Blocks":128,"Shared Read Blocks":0,"Shared Dirtied Blocks":0,"Shared Written Blocks":0,"Local Hit Blocks":0,"Local Read Blocks":0,"Local Dirtied Blocks":0,"Local Written Blocks":0,"Temp Read Blocks":0,"Temp Written Blocks":0,"I/O Read Time":0.0,"I/O Write Time":0.0,"Temp I/O Read Time":0.0,"Temp I/O Write Time":0.0},"Planning Time":3.206,"Triggers":[],"Execution Time":31846.628}]
[列存组合]: nation, order_line, supplier
[{"Plan":{"Node Type":"Sort","Parallel Aware":false,"Async Capable":false,"Startup Cost":9506363.16,"Total Cost":9506388.16,"Plan Rows":10000,"Plan Width":27,"Actual Startup Time":35094.076,"Actual Total Time":35094.11,"Actual Rows":156,"Actual Loops":1,"Output":["supplier.su_name","(count(*))"],"Sort Key":["(count(*)) DESC","supplier.su_name"],"Sort Method":"quicksort","Sort Space Used":35,"Sort Space Type":"Memory","Shared Hit Blocks":2865969,"Shared Read Blocks":0,"Shared Dirtied Blocks":0,"Shared Written Blocks":0,"Local Hit Blocks":0,"Local Read Blocks":0,"Local Dirtied Blocks":0,"Local Written Blocks":0,"Temp Read Blocks":208196,"Temp Written Blocks":208207,"I/O Read Time":0.0,"I/O Write Time":0.0,"Temp I/O Read Time":306.645,"Temp I/O Write Time":860.981,"Plans":[{"Node Type":"Aggregate","Strategy":"Sorted","Partial Mode":"Simple","Parent Relationship":"Outer","Parallel Aware":false,"Async Capable":false,"Startup Cost":9504461.32,"Total Cost":9505698.77,"Plan Rows":10000,"Plan Width":27,"Actual Startup Time":34990.22,"Actual Total Time":35094.049,"Actual Rows":156,"Actual Loops":1,"Output":["supplier.su_name","count(*)"],"Group Key":["supplier.su_name"],"Shared Hit Blocks":2865969,"Shared Read Blocks":0,"Shared Dirtied Blocks":0,"Shared Written Blocks":0,"Local Hit Blocks":0,"Local Read Blocks":0,"Local Dirtied Blocks":0,"Local Written Blocks":0,"Temp Read Blocks":208196,"Temp Written Blocks":208207,"I/O Read Time":0.0,"I/O Write Time":0.0,"Temp I/O Read Time":306.645,"Temp I/O Write Time":860.981,"Plans":[{"Node Type":"Sort","Parent Relationship":"Outer","Parallel Aware":false,"Async Capable":false,"Startup Cost":9504461.32,"Total Cost":9504840.47,"Plan Rows":151661,"Plan Width":19,"Actual Startup Time":34989.869,"Actual Total Time":35044.095,"Actual Rows":535880,"Actual Loops":1,"Output":["supplier.su_name"],"Sort Key":["supplier.su_name"],"Sort Method":"external merge","Sort Space Used":15280,"Sort Space Type":"Disk","Shared Hit Blocks":2865969,"Shared Read Blocks":0,"Shared Dirtied Blocks":0,"Shared Written Blocks":0,"Local Hit Blocks":0,"Local Read Blocks":0,"Local Dirtied Blocks":0,"Local Written Blocks":0,"Temp Read Blocks":208196,"Temp Written Blocks":208207,"I/O Read Time":0.0,"I/O Write Time":0.0,"Temp I/O Read Time":306.645,"Temp I/O Write Time":860.981,"Plans":[{"Node Type":"Nested Loop","Parent Relationship":"Outer","Parallel Aware":false,"Async Capable":false,"Join Type":"Anti","Startup Cost":899603.69,"Total Cost":9488299.02,"Plan Rows":151661,"Plan Width":19,"Actual Startup Time":9041.643,"Actual Total Time":34698.082,"Actual Rows":535880,"Actual Loops":1,"Output":["supplier.su_name"],"Inner Unique":false,"Shared Hit Blocks":2865969,"Shared Read Blocks":0,"Shared Dirtied Blocks":0,"Shared Written Blocks":0,"Local Hit Blocks":0,"Local Read Blocks":0,"Local Dirtied Blocks":0,"Local Written Blocks":0,"Temp Read Blocks":206286,"Temp Written Blocks":206286,"I/O Read Time":0.0,"I/O Write Time":0.0,"Temp I/O Read Time":303.726,"Temp I/O Write Time":853.479,"Plans":[{"Node Type":"Hash Join","Parent Relationship":"Outer","Parallel Aware":false,"Async Capable":false,"Join Type":"Inner","Startup Cost":899603.12,"Total Cost":3382878.92,"Plan Rows":227491,"Plan Width":39,"Actual Startup Time":9041.559,"Actual Total Time":30933.171,"Actual Rows":535880,"Actual Loops":1,"Output":["supplier.su_name","l1.ol_o_id","l1.ol_w_id","l1.ol_d_id","l1.ol_delivery_d"],"Inner Unique":true,"Hash Cond":"((l1.ol_o_id = orders.o_id) AND (l1.ol_w_id = orders.o_w_id) AND (l1.ol_d_id = orders.o_d_id))","Join Filter":"(l1.ol_delivery_d > orders.o_entry_d)","Rows Removed by Join Filter":0,"Shared Hit Blocks":98796,"Shared Read Blocks":0,"Shared Dirtied Blocks":0,"Shared Written Blocks":0,"Local Hit Blocks":0,"Local Read Blocks":0,"Local Dirtied Blocks":0,"Local Written Blocks":0,"Temp Read Blocks":206286,"Temp Written Blocks":206286,"I/O Read Time":0.0,"I/O Write Time":0.0,"Temp I/O Read Time":303.726,"Temp I/O Write Time":853.479,"Plans":[{"Node Type":"Hash Join","Parent Relationship":"Outer","Parallel Aware":false,"Async Capable":false,"Join Type":"Inner","Startup Cost":640410.85,"Total Cost":3071169.9,"Plan Rows":682888,"Plan Width":41,"Actual Startup Time":6888.614,"Actual Total Time":28014.672,"Actual Rows":535908,"Actual Loops":1,"Output":["supplier.su_name","stock.s_w_id","l1.ol_o_id","l1.ol_w_id","l1.ol_d_id","l1.ol_delivery_d"],"Inner Unique":false,"Hash Cond":"((l1.ol_w_id = stock.s_w_id) AND (l1.ol_i_id = stock.s_i_id))","Shared Hit Blocks":54674,"Shared Read Blocks":0,"Shared Dirtied Blocks":0,"Shared Written Blocks":0,"Local Hit Blocks":0,"Local Read Blocks":0,"Local Dirtied Blocks":0,"Local Written Blocks":0,"Temp Read Blocks":170148,"Temp Written Blocks":170148,"I/O Read Time":0.0,"I/O Write Time":0.0,"Temp I/O Read Time":245.448,"Temp I/O Write Time":677.481,"Plans":[{"Node Type":"Append","Parent Relationship":"Outer","Parallel Aware":false,"Async Capable":false,"Startup Cost":20.0,"Total Cost":1403598.82,"Plan Rows":42039468,"Plan Width":24,"Actual Startup Time":2.866,"Actual Total Time":11028.773,"Actual Rows":41960840,"Actual Loops":1,"Shared Hit Blocks":0,"Shared Read Blocks":0,"Shared Dirtied Blocks":0,"Shared Written Blocks":0,"Local Hit Blocks":0,"Local Read Blocks":0,"Local Dirtied Blocks":0,"Local Written Blocks":0,"Temp Read Blocks":0,"Temp Written Blocks":0,"I/O Read Time":0.0,"I/O Write Time":0.0,"Temp I/O Read Time":0.0,"Temp I/O Write Time":0.0,"Subplans Removed":0,"Plans":[{"Node Type":"Custom Scan","Parent Relationship":"Member","Custom Plan Provider":"columnar scan","Parallel Aware":false,"Async Capable":false,"Relation Name":"order_line","Schema":"public","Alias":"l1","Startup Cost":20.0,"Total Cost":1072026.23,"Plan Rows":42039424,"Plan Width":24,"Actual Startup Time":2.864,"Actual Total Time":7985.213,"Actual Rows":41960840,"Actual Loops":1,"Output":["l1.ol_o_id","l1.ol_w_id","l1.ol_d_id","l1.ol_i_id","l1.ol_delivery_d"],"Filter":"(l1.ol_delivery_d >= '1992-01-02 20:10:02.27764'::timestamp without time zone)","Rows Removed by Filter":0,"Rows Removed by Columnar Filter":18032921,"Rows Filtered by Bloom Filter":0,"Dictionary Rows Filtered by Bloom Filter":39649,"Columnar cache search mode":"native","Shared Hit Blocks":0,"Shared Read Blocks":0,"Shared Dirtied Blocks":0,"Shared Written Blocks":0,"Local Hit Blocks":0,"Local Read Blocks":0,"Local Dirtied Blocks":0,"Local Written Blocks":0,"Temp Read Blocks":0,"Temp Written Blocks":0,"I/O Read Time":0.0,"I/O Write Time":0.0,"Temp I/O Read Time":0.0,"Temp I/O Write Time":0.0},{"Node Type":"Seq Scan","Parent Relationship":"Member","Parallel Aware":false,"Async Capable":false,"Relation Name":"order_line","Schema":"public","Alias":"l1","Startup Cost":0.0,"Total Cost":4.79,"Plan Rows":44,"Plan Width":24,"Actual Startup Time":0.0,"Actual Total Time":0.0,"Actual Rows":0,"Actual Loops":0,"Output":["l1.ol_o_id","l1.ol_w_id","l1.ol_d_id","l1.ol_i_id","l1.ol_delivery_d"],"Filter":"(l1.ol_delivery_d >= '1992-01-02 20:10:02.27764'::timestamp without time zone)","Rows Removed by Filter":0,"Shared Hit Blocks":0,"Shared Read Blocks":0,"Shared Dirtied Blocks":0,"Shared Written Blocks":0,"Local Hit Blocks":0,"Local Read Blocks":0,"Local Dirtied Blocks":0,"Local Written Blocks":0,"Temp Read Blocks":0,"Temp Written Blocks":0,"I/O Read Time":0.0,"I/O Write Time":0.0,"Temp I/O Read Time":0.0,"Temp I/O Write Time":0.0}]},{"Node Type":"Hash","Parent Relationship":"Inner","Parallel Aware":false,"Async Capable":false,"Startup Cost":633346.09,"Total Cost":633346.09,"Plan Rows":322584,"Plan Width":25,"Actual Startup Time":6885.004,"Actual Total Time":6885.015,"Actual Rows":255450,"Actual Loops":1,"Output":["supplier.su_name","stock.s_w_id","stock.s_i_id"],"Hash Buckets":131072,"Original Hash Buckets":131072,"Hash Batches":4,"Original Hash Batches":4,"Peak Memory Usage":4756,"Shared Hit Blocks":54674,"Shared Read Blocks":0,"Shared Dirtied Blocks":0,"Shared Written Blocks":0,"Local Hit Blocks":0,"Local Read Blocks":0,"Local Dirtied Blocks":0,"Local Written Blocks":0,"Temp Read Blocks":0,"Temp Written Blocks":1122,"I/O Read Time":0.0,"I/O Write Time":0.0,"Temp I/O Read Time":0.0,"Temp I/O Write Time":6.97,"Plans":[{"Node Type":"Hash Join","Parent Relationship":"Outer","Parallel Aware":false,"Async Capable":false,"Join Type":"Inner","Startup Cost":366.25,"Total Cost":633346.09,"Plan Rows":322584,"Plan Width":25,"Actual Startup Time":3.648,"Actual Total Time":6832.927,"Actual Rows":255450,"Actual Loops":1,"Output":["supplier.su_name","stock.s_w_id","stock.s_i_id"],"Inner Unique":true,"Hash Cond":"(supplier.su_nationkey = nation.n_nationkey)","Shared Hit Blocks":54674,"Shared Read Blocks":0,"Shared Dirtied Blocks":0,"Shared Written Blocks":0,"Local Hit Blocks":0,"Local Read Blocks":0,"Local Dirtied Blocks":0,"Local Written Blocks":0,"Temp Read Blocks":0,"Temp Written Blocks":0,"I/O Read Time":0.0,"I/O Write Time":0.0,"Temp I/O Read Time":0.0,"Temp I/O Write Time":0.0,"Plans":[{"Node Type":"Hash Join","Parent Relationship":"Outer","Parallel Aware":false,"Async Capable":false,"Join Type":"Inner","Startup Cost":364.46,"Total Cost":577255.0,"Plan Rows":20000212,"Plan Width":29,"Actual Startup Time":3.592,"Actual Total Time":5535.464,"Actual Rows":20000000,"Actual Loops":1,"Output":["supplier.su_name","supplier.su_nationkey","stock.s_w_id","stock.s_i_id"],"Inner Unique":true,"Hash Cond":"(mod((stock.s_w_id * stock.s_i_id), 10000) = supplier.su_suppkey)","Shared Hit Blocks":54673,"Shared Read Blocks":0,"Shared Dirtied Blocks":0,"Shared Written Blocks":0,"Local Hit Blocks":0,"Local Read Blocks":0,"Local Dirtied Blocks":0,"Local Written Blocks":0,"Temp Read Blocks":0,"Temp Written Blocks":0,"I/O Read Time":0.0,"I/O Write Time":0.0,"Temp I/O Read Time":0.0,"Temp I/O Write Time":0.0,"Plans":[{"Node Type":"Index Only Scan","Parent Relationship":"Outer","Parallel Aware":false,"Async Capable":false,"Scan Direction":"Forward","Index Name":"stock_pk","Relation Name":"stock","Schema":"public","Alias":"stock","Startup Cost":0.44,"Total Cost":519363.62,"Plan Rows":20000212,"Plan Width":6,"Actual Startup Time":0.03,"Actual Total Time":1558.638,"Actual Rows":20000000,"Actual Loops":1,"Output":["stock.s_w_id","stock.s_i_id"],"Heap Fetches":0,"Shared Hit Blocks":54673,"Shared Read Blocks":0,"Shared Dirtied Blocks":0,"Shared Written Blocks":0,"Local Hit Blocks":0,"Local Read Blocks":0,"Local Dirtied Blocks":0,"Local Written Blocks":0,"Temp Read Blocks":0,"Temp Written Blocks":0,"I/O Read Time":0.0,"I/O Write Time":0.0,"Temp I/O Read Time":0.0,"Temp I/O Write Time":0.0},{"Node Type":"Hash","Parent Relationship":"Inner","Parallel Aware":false,"Async Capable":false,"Startup Cost":239.01,"Total Cost":239.01,"Plan Rows":10001,"Plan Width":27,"Actual Startup Time":3.502,"Actual Total Time":3.507,"Actual Rows":10000,"Actual Loops":1,"Output":["supplier.su_name","supplier.su_suppkey","supplier.su_nationkey"],"Hash Buckets":16384,"Original Hash Buckets":16384,"Hash Batches":1,"Original Hash Batches":1,"Peak Memory Usage":714,"Shared Hit Blocks":0,"Shared Read Blocks":0,"Shared Dirtied Blocks":0,"Shared Written Blocks":0,"Local Hit Blocks":0,"Local Read Blocks":0,"Local Dirtied Blocks":0,"Local Written Blocks":0,"Temp Read Blocks":0,"Temp Written Blocks":0,"I/O Read Time":0.0,"I/O Write Time":0.0,"Temp I/O Read Time":0.0,"Temp I/O Write Time":0.0,"Plans":[{"Node Type":"Append","Parent Relationship":"Outer","Parallel Aware":false,"Async Capable":false,"Startup Cost":20.0,"Total Cost":239.01,"Plan Rows":10001,"Plan Width":27,"Actual Startup Time":0.036,"Actual Total Time":2.074,"Actual Rows":10000,"Actual Loops":1,"Shared Hit Blocks":0,"Shared Read Blocks":0,"Shared Dirtied Blocks":0,"Shared Written Blocks":0,"Local Hit Blocks":0,"Local Read Blocks":0,"Local Dirtied Blocks":0,"Local Written Blocks":0,"Temp Read Blocks":0,"Temp Written Blocks":0,"I/O Read Time":0.0,"I/O Write Time":0.0,"Temp I/O Read Time":0.0,"Temp I/O Write Time":0.0,"Subplans Removed":0,"Plans":[{"Node Type":"Custom Scan","Parent Relationship":"Member","Custom Plan Provider":"columnar scan","Parallel Aware":false,"Async Capable":false,"Relation Name":"supplier","Schema":"public","Alias":"supplier","Startup Cost":20.0,"Total Cost":235.0,"Plan Rows":10000,"Plan Width":27,"Actual Startup Time":0.034,"Actual Total Time":1.372,"Actual Rows":10000,"Actual Loops":1,"Output":["supplier.su_name","supplier.su_suppkey","supplier.su_nationkey"],"Rows Removed by Columnar Filter":0,"Columnar cache search mode":"native","Shared Hit Blocks":0,"Shared Read Blocks":0,"Shared Dirtied Blocks":0,"Shared Written Blocks":0,"Local Hit Blocks":0,"Local Read Blocks":0,"Local Dirtied Blocks":0,"Local Written Blocks":0,"Temp Read Blocks":0,"Temp Written Blocks":0,"I/O Read Time":0.0,"I/O Write Time":0.0,"Temp I/O Read Time":0.0,"Temp I/O Write Time":0.0},{"Node Type":"Seq Scan","Parent Relationship":"Member","Parallel Aware":false,"Async Capable":false,"Relation Name":"supplier","Schema":"public","Alias":"supplier","Startup Cost":0.0,"Total Cost":4.01,"Plan Rows":1,"Plan Width":27,"Actual Startup Time":0.0,"Actual Total Time":0.0,"Actual Rows":0,"Actual Loops":0,"Output":["supplier.su_name","supplier.su_suppkey","supplier.su_nationkey"],"Shared Hit Blocks":0,"Shared Read Blocks":0,"Shared Dirtied Blocks":0,"Shared Written Blocks":0,"Local Hit Blocks":0,"Local Read Blocks":0,"Local Dirtied Blocks":0,"Local Written Blocks":0,"Temp Read Blocks":0,"Temp Written Blocks":0,"I/O Read Time":0.0,"I/O Write Time":0.0,"Temp I/O Read Time":0.0,"Temp I/O Write Time":0.0}]}]}]},{"Node Type":"Hash","Parent Relationship":"Inner","Parallel Aware":false,"Async Capable":false,"Startup Cost":1.77,"Total Cost":1.77,"Plan Rows":1,"Plan Width":4,"Actual Startup Time":0.03,"Actual Total Time":0.032,"Actual Rows":1,"Actual Loops":1,"Output":["nation.n_nationkey"],"Hash Buckets":1024,"Original Hash Buckets":1024,"Hash Batches":1,"Original Hash Batches":1,"Peak Memory Usage":9,"Shared Hit Blocks":1,"Shared Read Blocks":0,"Shared Dirtied Blocks":0,"Shared Written Blocks":0,"Local Hit Blocks":0,"Local Read Blocks":0,"Local Dirtied Blocks":0,"Local Written Blocks":0,"Temp Read Blocks":0,"Temp Written Blocks":0,"I/O Read Time":0.0,"I/O Write Time":0.0,"Temp I/O Read Time":0.0,"Temp I/O Write Time":0.0,"Plans":[{"Node Type":"Seq Scan","Parent Relationship":"Outer","Parallel Aware":false,"Async Capable":false,"Relation Name":"nation","Schema":"public","Alias":"nation","Startup Cost":0.0,"Total Cost":1.77,"Plan Rows":1,"Plan Width":4,"Actual Startup Time":0.024,"Actual Total Time":0.027,"Actual Rows":1,"Actual Loops":1,"Output":["nation.n_nationkey"],"Filter":"((nation.n_name)::text = 'Cambodia'::text)","Rows Removed by Filter":61,"Shared Hit Blocks":1,"Shared Read Blocks":0,"Shared Dirtied Blocks":0,"Shared Written Blocks":0,"Local Hit Blocks":0,"Local Read Blocks":0,"Local Dirtied Blocks":0,"Local Written Blocks":0,"Temp Read Blocks":0,"Temp Written Blocks":0,"I/O Read Time":0.0,"I/O Write Time":0.0,"Temp I/O Read Time":0.0,"Temp I/O Write Time":0.0}]}]}]}]},{"Node Type":"Hash","Parent Relationship":"Inner","Parallel Aware":false,"Async Capable":false,"Startup Cost":119121.6,"Total Cost":119121.6,"Plan Rows":5996324,"Plan Width":20,"Actual Startup Time":2148.353,"Actual Total Time":2148.353,"Actual Rows":5995789,"Actual Loops":1,"Output":["orders.o_id","orders.o_w_id","orders.o_d_id","orders.o_entry_d"],"Hash Buckets":131072,"Original Hash Buckets":131072,"Hash Batches":64,"Original Hash Batches":64,"Peak Memory Usage":6157,"Shared Hit Blocks":44122,"Shared Read Blocks":0,"Shared Dirtied Blocks":0,"Shared Written Blocks":0,"Local Hit Blocks":0,"Local Read Blocks":0,"Local Dirtied Blocks":0,"Local Written Blocks":0,"Temp Read Blocks":0,"Temp Written Blocks":31667,"I/O Read Time":0.0,"I/O Write Time":0.0,"Temp I/O Read Time":0.0,"Temp I/O Write Time":148.408,"Plans":[{"Node Type":"Seq Scan","Parent Relationship":"Outer","Parallel Aware":false,"Async Capable":false,"Relation Name":"orders","Schema":"public","Alias":"orders","Startup Cost":0.0,"Total Cost":119121.6,"Plan Rows":5996324,"Plan Width":20,"Actual Startup Time":0.015,"Actual Total Time":738.823,"Actual Rows":5995789,"Actual Loops":1,"Output":["orders.o_id","orders.o_w_id","orders.o_d_id","orders.o_entry_d"],"Filter":"(orders.o_entry_d >= '1992-01-02 20:10:02.27764'::timestamp without time zone)","Rows Removed by Filter":4211,"Shared Hit Blocks":44122,"Shared Read Blocks":0,"Shared Dirtied Blocks":0,"Shared Written Blocks":0,"Local Hit Blocks":0,"Local Read Blocks":0,"Local Dirtied Blocks":0,"Local Written Blocks":0,"Temp Read Blocks":0,"Temp Written Blocks":0,"I/O Read Time":0.0,"I/O Write Time":0.0,"Temp I/O Read Time":0.0,"Temp I/O Write Time":0.0}]}]},{"Node Type":"Index Scan","Parent Relationship":"Inner","Parallel Aware":false,"Async Capable":false,"Scan Direction":"Forward","Index Name":"order_line_pk","Relation Name":"order_line","Schema":"public","Alias":"l2","Startup Cost":0.56,"Total Cost":35.72,"Plan Rows":2,"Plan Width":20,"Actual Startup Time":0.007,"Actual Total Time":0.007,"Actual Rows":0,"Actual Loops":535880,"Output":["l2.ol_o_id","l2.ol_d_id","l2.ol_w_id","l2.ol_number","l2.ol_i_id","l2.ol_supply_w_id","l2.ol_delivery_d","l2.ol_quantity","l2.ol_amount","l2.ol_dist_info"],"Index Cond":"((l2.ol_w_id = l1.ol_w_id) AND (l2.ol_d_id = l1.ol_d_id) AND (l2.ol_o_id = l1.ol_o_id))","Rows Removed by Index Recheck":0,"Filter":"((l2.ol_delivery_d >= '1992-01-02 20:10:02.27764'::timestamp without time zone) AND (l2.ol_delivery_d > l1.ol_delivery_d))","Rows Removed by Filter":11,"Shared Hit Blocks":2767173,"Shared Read Blocks":0,"Shared Dirtied Blocks":0,"Shared Written Blocks":0,"Local Hit Blocks":0,"Local Read Blocks":0,"Local Dirtied Blocks":0,"Local Written Blocks":0,"Temp Read Blocks":0,"Temp Written Blocks":0,"I/O Read Time":0.0,"I/O Write Time":0.0,"Temp I/O Read Time":0.0,"Temp I/O Write Time":0.0}]}]}]}]},"Planning":{"Shared Hit Blocks":128,"Shared Read Blocks":0,"Shared Dirtied Blocks":0,"Shared Written Blocks":0,"Local Hit Blocks":0,"Local Read Blocks":0,"Local Dirtied Blocks":0,"Local Written Blocks":0,"Temp Read Blocks":0,"Temp Written Blocks":0,"I/O Read Time":0.0,"I/O Write Time":0.0,"Temp I/O Read Time":0.0,"Temp I/O Write Time":0.0},"Planning Time":2.164,"Triggers":[],"Execution Time":35096.778}]
[列存组合]: nation, orders, stock
[{"Plan":{"Node Type":"Sort","Parallel Aware":false,"Async Capable":false,"Startup Cost":9534513.11,"Total Cost":9534538.11,"Plan Rows":10000,"Plan Width":27,"Actual Startup Time":30131.279,"Actual Total Time":30131.303,"Actual Rows":156,"Actual Loops":1,"Output":["supplier.su_name","(count(*))"],"Sort Key":["(count(*)) DESC","supplier.su_name"],"Sort Method":"quicksort","Sort Space Used":35,"Sort Space Type":"Memory","Shared Hit Blocks":3547934,"Shared Read Blocks":0,"Shared Dirtied Blocks":0,"Shared Written Blocks":0,"Local Hit Blocks":0,"Local Read Blocks":0,"Local Dirtied Blocks":0,"Local Written Blocks":0,"Temp Read Blocks":208358,"Temp Written Blocks":208369,"I/O Read Time":0.0,"I/O Write Time":0.0,"Temp I/O Read Time":305.746,"Temp I/O Write Time":847.889,"Plans":[{"Node Type":"Aggregate","Strategy":"Sorted","Partial Mode":"Simple","Parent Relationship":"Outer","Parallel Aware":false,"Async Capable":false,"Startup Cost":9532611.27,"Total Cost":9533848.73,"Plan Rows":10000,"Plan Width":27,"Actual Startup Time":30028.827,"Actual Total Time":30131.239,"Actual Rows":156,"Actual Loops":1,"Output":["supplier.su_name","count(*)"],"Group Key":["supplier.su_name"],"Shared Hit Blocks":3547934,"Shared Read Blocks":0,"Shared Dirtied Blocks":0,"Shared Written Blocks":0,"Local Hit Blocks":0,"Local Read Blocks":0,"Local Dirtied Blocks":0,"Local Written Blocks":0,"Temp Read Blocks":208358,"Temp Written Blocks":208369,"I/O Read Time":0.0,"I/O Write Time":0.0,"Temp I/O Read Time":305.746,"Temp I/O Write Time":847.889,"Plans":[{"Node Type":"Sort","Parent Relationship":"Outer","Parallel Aware":false,"Async Capable":false,"Startup Cost":9532611.27,"Total Cost":9532990.42,"Plan Rows":151661,"Plan Width":19,"Actual Startup Time":30028.482,"Actual Total Time":30082.749,"Actual Rows":535880,"Actual Loops":1,"Output":["supplier.su_name"],"Sort Key":["supplier.su_name"],"Sort Method":"external merge","Sort Space Used":15280,"Sort Space Type":"Disk","Shared Hit Blocks":3547934,"Shared Read Blocks":0,"Shared Dirtied Blocks":0,"Shared Written Blocks":0,"Local Hit Blocks":0,"Local Read Blocks":0,"Local Dirtied Blocks":0,"Local Written Blocks":0,"Temp Read Blocks":208358,"Temp Written Blocks":208369,"I/O Read Time":0.0,"I/O Write Time":0.0,"Temp I/O Read Time":305.746,"Temp I/O Write Time":847.889,"Plans":[{"Node Type":"Nested Loop","Parent Relationship":"Outer","Parallel Aware":false,"Async Capable":false,"Join Type":"Anti","Startup Cost":899661.66,"Total Cost":9516448.97,"Plan Rows":151661,"Plan Width":19,"Actual Startup Time":8593.455,"Actual Total Time":29736.412,"Actual Rows":535880,"Actual Loops":1,"Output":["supplier.su_name"],"Inner Unique":false,"Shared Hit Blocks":3547934,"Shared Read Blocks":0,"Shared Dirtied Blocks":0,"Shared Written Blocks":0,"Local Hit Blocks":0,"Local Read Blocks":0,"Local Dirtied Blocks":0,"Local Written Blocks":0,"Temp Read Blocks":206448,"Temp Written Blocks":206448,"I/O Read Time":0.0,"I/O Write Time":0.0,"Temp I/O Read Time":303.009,"Temp I/O Write Time":840.421,"Plans":[{"Node Type":"Hash Join","Parent Relationship":"Outer","Parallel Aware":false,"Async Capable":false,"Join Type":"Inner","Startup Cost":899661.1,"Total Cost":3411028.87,"Plan Rows":227491,"Plan Width":39,"Actual Startup Time":8593.414,"Actual Total Time":25965.669,"Actual Rows":535880,"Actual Loops":1,"Output":["supplier.su_name","l1.ol_o_id","l1.ol_w_id","l1.ol_d_id","l1.ol_delivery_d"],"Inner Unique":true,"Hash Cond":"((l1.ol_o_id = orders.o_id) AND (l1.ol_w_id = orders.o_w_id) AND (l1.ol_d_id = orders.o_d_id))","Join Filter":"(l1.ol_delivery_d > orders.o_entry_d)","Rows Removed by Join Filter":0,"Shared Hit Blocks":780761,"Shared Read Blocks":0,"Shared Dirtied Blocks":0,"Shared Written Blocks":0,"Local Hit Blocks":0,"Local Read Blocks":0,"Local Dirtied Blocks":0,"Local Written Blocks":0,"Temp Read Blocks":206448,"Temp Written Blocks":206448,"I/O Read Time":0.0,"I/O Write Time":0.0,"Temp I/O Read Time":303.009,"Temp I/O Write Time":840.421,"Plans":[{"Node Type":"Hash Join","Parent Relationship":"Outer","Parallel Aware":false,"Async Capable":false,"Join Type":"Inner","Startup Cost":640468.83,"Total Cost":3099319.86,"Plan Rows":682888,"Plan Width":41,"Actual Startup Time":6845.381,"Actual Total Time":23451.532,"Actual Rows":536421,"Actual Loops":1,"Output":["supplier.su_name","stock.s_w_id","l1.ol_o_id","l1.ol_w_id","l1.ol_d_id","l1.ol_delivery_d"],"Inner Unique":false,"Hash Cond":"((l1.ol_w_id = stock.s_w_id) AND (l1.ol_i_id = stock.s_i_id))","Shared Hit Blocks":736639,"Shared Read Blocks":0,"Shared Dirtied Blocks":0,"Shared Written Blocks":0,"Local Hit Blocks":0,"Local Read Blocks":0,"Local Dirtied Blocks":0,"Local Written Blocks":0,"Temp Read Blocks":170308,"Temp Written Blocks":170308,"I/O Read Time":0.0,"I/O Write Time":0.0,"Temp I/O Read Time":246.179,"Temp I/O Write Time":666.851,"Plans":[{"Node Type":"Seq Scan","Parent Relationship":"Outer","Parallel Aware":false,"Async Capable":false,"Relation Name":"order_line","Schema":"public","Alias":"l1","Startup Cost":0.0,"Total Cost":1431670.8,"Plan Rows":42039468,"Plan Width":24,"Actual Startup Time":0.013,"Actual Total Time":6812.23,"Actual Rows":42000489,"Actual Loops":1,"Output":["l1.ol_o_id","l1.ol_w_id","l1.ol_d_id","l1.ol_i_id","l1.ol_delivery_d"],"Filter":"(l1.ol_delivery_d >= '1992-01-02 20:10:02.27764'::timestamp without time zone)","Rows Removed by Filter":17993272,"Shared Hit Blocks":681748,"Shared Read Blocks":0,"Shared Dirtied Blocks":0,"Shared Written Blocks":0,"Local Hit Blocks":0,"Local Read Blocks":0,"Local Dirtied Blocks":0,"Local Written Blocks":0,"Temp Read Blocks":0,"Temp Written Blocks":0,"I/O Read Time":0.0,"I/O Write Time":0.0,"Temp I/O Read Time":0.0,"Temp I/O Write Time":0.0},{"Node Type":"Hash","Parent Relationship":"Inner","Parallel Aware":false,"Async Capable":false,"Startup Cost":633424.07,"Total Cost":633424.07,"Plan Rows":322584,"Plan Width":25,"Actual Startup Time":6844.661,"Actual Total Time":6844.673,"Actual Rows":255450,"Actual Loops":1,"Output":["supplier.su_name","stock.s_w_id","stock.s_i_id"],"Hash Buckets":131072,"Original Hash Buckets":131072,"Hash Batches":4,"Original Hash Batches":4,"Peak Memory Usage":4756,"Shared Hit Blocks":54891,"Shared Read Blocks":0,"Shared Dirtied Blocks":0,"Shared Written Blocks":0,"Local Hit Blocks":0,"Local Read Blocks":0,"Local Dirtied Blocks":0,"Local Written Blocks":0,"Temp Read Blocks":0,"Temp Written Blocks":1122,"I/O Read Time":0.0,"I/O Write Time":0.0,"Temp I/O Read Time":0.0,"Temp I/O Write Time":6.785,"Plans":[{"Node Type":"Hash Join","Parent Relationship":"Outer","Parallel Aware":false,"Async Capable":false,"Join Type":"Inner","Startup Cost":444.22,"Total Cost":633424.07,"Plan Rows":322584,"Plan Width":25,"Actual Startup Time":2.813,"Actual Total Time":6792.492,"Actual Rows":255450,"Actual Loops":1,"Output":["supplier.su_name","stock.s_w_id","stock.s_i_id"],"Inner Unique":true,"Hash Cond":"(supplier.su_nationkey = nation.n_nationkey)","Shared Hit Blocks":54891,"Shared Read Blocks":0,"Shared Dirtied Blocks":0,"Shared Written Blocks":0,"Local Hit Blocks":0,"Local Read Blocks":0,"Local Dirtied Blocks":0,"Local Written Blocks":0,"Temp Read Blocks":0,"Temp Written Blocks":0,"I/O Read Time":0.0,"I/O Write Time":0.0,"Temp I/O Read Time":0.0,"Temp I/O Write Time":0.0,"Plans":[{"Node Type":"Hash Join","Parent Relationship":"Outer","Parallel Aware":false,"Async Capable":false,"Join Type":"Inner","Startup Cost":442.44,"Total Cost":577332.98,"Plan Rows":20000212,"Plan Width":29,"Actual Startup Time":2.776,"Actual Total Time":5492.65,"Actual Rows":20000000,"Actual Loops":1,"Output":["supplier.su_name","supplier.su_nationkey","stock.s_w_id","stock.s_i_id"],"Inner Unique":true,"Hash Cond":"(mod((stock.s_w_id * stock.s_i_id), 10000) = supplier.su_suppkey)","Shared Hit Blocks":54890,"Shared Read Blocks":0,"Shared Dirtied Blocks":0,"Shared Written Blocks":0,"Local Hit Blocks":0,"Local Read Blocks":0,"Local Dirtied Blocks":0,"Local Written Blocks":0,"Temp Read Blocks":0,"Temp Written Blocks":0,"I/O Read Time":0.0,"I/O Write Time":0.0,"Temp I/O Read Time":0.0,"Temp I/O Write Time":0.0,"Plans":[{"Node Type":"Index Only Scan","Parent Relationship":"Outer","Parallel Aware":false,"Async Capable":false,"Scan Direction":"Forward","Index Name":"stock_pk","Relation Name":"stock","Schema":"public","Alias":"stock","Startup Cost":0.44,"Total Cost":519363.62,"Plan Rows":20000212,"Plan Width":6,"Actual Startup Time":0.023,"Actual Total Time":1536.789,"Actual Rows":20000000,"Actual Loops":1,"Output":["stock.s_w_id","stock.s_i_id"],"Heap Fetches":0,"Shared Hit Blocks":54673,"Shared Read Blocks":0,"Shared Dirtied Blocks":0,"Shared Written Blocks":0,"Local Hit Blocks":0,"Local Read Blocks":0,"Local Dirtied Blocks":0,"Local Written Blocks":0,"Temp Read Blocks":0,"Temp Written Blocks":0,"I/O Read Time":0.0,"I/O Write Time":0.0,"Temp I/O Read Time":0.0,"Temp I/O Write Time":0.0},{"Node Type":"Hash","Parent Relationship":"Inner","Parallel Aware":false,"Async Capable":false,"Startup Cost":317.0,"Total Cost":317.0,"Plan Rows":10000,"Plan Width":27,"Actual Startup Time":2.703,"Actual Total Time":2.705,"Actual Rows":10000,"Actual Loops":1,"Output":["supplier.su_name","supplier.su_suppkey","supplier.su_nationkey"],"Hash Buckets":16384,"Original Hash Buckets":16384,"Hash Batches":1,"Original Hash Batches":1,"Peak Memory Usage":714,"Shared Hit Blocks":217,"Shared Read Blocks":0,"Shared Dirtied Blocks":0,"Shared Written Blocks":0,"Local Hit Blocks":0,"Local Read Blocks":0,"Local Dirtied Blocks":0,"Local Written Blocks":0,"Temp Read Blocks":0,"Temp Written Blocks":0,"I/O Read Time":0.0,"I/O Write Time":0.0,"Temp I/O Read Time":0.0,"Temp I/O Write Time":0.0,"Plans":[{"Node Type":"Seq Scan","Parent Relationship":"Outer","Parallel Aware":false,"Async Capable":false,"Relation Name":"supplier","Schema":"public","Alias":"supplier","Startup Cost":0.0,"Total Cost":317.0,"Plan Rows":10000,"Plan Width":27,"Actual Startup Time":0.007,"Actual Total Time":1.304,"Actual Rows":10000,"Actual Loops":1,"Output":["supplier.su_name","supplier.su_suppkey","supplier.su_nationkey"],"Shared Hit Blocks":217,"Shared Read Blocks":0,"Shared Dirtied Blocks":0,"Shared Written Blocks":0,"Local Hit Blocks":0,"Local Read Blocks":0,"Local Dirtied Blocks":0,"Local Written Blocks":0,"Temp Read Blocks":0,"Temp Written Blocks":0,"I/O Read Time":0.0,"I/O Write Time":0.0,"Temp I/O Read Time":0.0,"Temp I/O Write Time":0.0}]}]},{"Node Type":"Hash","Parent Relationship":"Inner","Parallel Aware":false,"Async Capable":false,"Startup Cost":1.77,"Total Cost":1.77,"Plan Rows":1,"Plan Width":4,"Actual Startup Time":0.016,"Actual Total Time":0.017,"Actual Rows":1,"Actual Loops":1,"Output":["nation.n_nationkey"],"Hash Buckets":1024,"Original Hash Buckets":1024,"Hash Batches":1,"Original Hash Batches":1,"Peak Memory Usage":9,"Shared Hit Blocks":1,"Shared Read Blocks":0,"Shared Dirtied Blocks":0,"Shared Written Blocks":0,"Local Hit Blocks":0,"Local Read Blocks":0,"Local Dirtied Blocks":0,"Local Written Blocks":0,"Temp Read Blocks":0,"Temp Written Blocks":0,"I/O Read Time":0.0,"I/O Write Time":0.0,"Temp I/O Read Time":0.0,"Temp I/O Write Time":0.0,"Plans":[{"Node Type":"Seq Scan","Parent Relationship":"Outer","Parallel Aware":false,"Async Capable":false,"Relation Name":"nation","Schema":"public","Alias":"nation","Startup Cost":0.0,"Total Cost":1.77,"Plan Rows":1,"Plan Width":4,"Actual Startup Time":0.011,"Actual Total Time":0.014,"Actual Rows":1,"Actual Loops":1,"Output":["nation.n_nationkey"],"Filter":"((nation.n_name)::text = 'Cambodia'::text)","Rows Removed by Filter":61,"Shared Hit Blocks":1,"Shared Read Blocks":0,"Shared Dirtied Blocks":0,"Shared Written Blocks":0,"Local Hit Blocks":0,"Local Read Blocks":0,"Local Dirtied Blocks":0,"Local Written Blocks":0,"Temp Read Blocks":0,"Temp Written Blocks":0,"I/O Read Time":0.0,"I/O Write Time":0.0,"Temp I/O Read Time":0.0,"Temp I/O Write Time":0.0}]}]}]}]},{"Node Type":"Hash","Parent Relationship":"Inner","Parallel Aware":false,"Async Capable":false,"Startup Cost":119121.6,"Total Cost":119121.6,"Plan Rows":5996324,"Plan Width":20,"Actual Startup Time":1746.567,"Actual Total Time":1746.568,"Actual Rows":5995789,"Actual Loops":1,"Output":["orders.o_id","orders.o_w_id","orders.o_d_id","orders.o_entry_d"],"Hash Buckets":131072,"Original Hash Buckets":131072,"Hash Batches":64,"Original Hash Batches":64,"Peak Memory Usage":6157,"Shared Hit Blocks":44122,"Shared Read Blocks":0,"Shared Dirtied Blocks":0,"Shared Written Blocks":0,"Local Hit Blocks":0,"Local Read Blocks":0,"Local Dirtied Blocks":0,"Local Written Blocks":0,"Temp Read Blocks":0,"Temp Written Blocks":31667,"I/O Read Time":0.0,"I/O Write Time":0.0,"Temp I/O Read Time":0.0,"Temp I/O Write Time":145.556,"Plans":[{"Node Type":"Seq Scan","Parent Relationship":"Outer","Parallel Aware":false,"Async Capable":false,"Relation Name":"orders","Schema":"public","Alias":"orders","Startup Cost":0.0,"Total Cost":119121.6,"Plan Rows":5996324,"Plan Width":20,"Actual Startup Time":0.015,"Actual Total Time":710.163,"Actual Rows":5995789,"Actual Loops":1,"Output":["orders.o_id","orders.o_w_id","orders.o_d_id","orders.o_entry_d"],"Filter":"(orders.o_entry_d >= '1992-01-02 20:10:02.27764'::timestamp without time zone)","Rows Removed by Filter":4211,"Shared Hit Blocks":44122,"Shared Read Blocks":0,"Shared Dirtied Blocks":0,"Shared Written Blocks":0,"Local Hit Blocks":0,"Local Read Blocks":0,"Local Dirtied Blocks":0,"Local Written Blocks":0,"Temp Read Blocks":0,"Temp Written Blocks":0,"I/O Read Time":0.0,"I/O Write Time":0.0,"Temp I/O Read Time":0.0,"Temp I/O Write Time":0.0}]}]},{"Node Type":"Index Scan","Parent Relationship":"Inner","Parallel Aware":false,"Async Capable":false,"Scan Direction":"Forward","Index Name":"order_line_pk","Relation Name":"order_line","Schema":"public","Alias":"l2","Startup Cost":0.56,"Total Cost":35.72,"Plan Rows":2,"Plan Width":20,"Actual Startup Time":0.007,"Actual Total Time":0.007,"Actual Rows":0,"Actual Loops":535880,"Output":["l2.ol_o_id","l2.ol_d_id","l2.ol_w_id","l2.ol_number","l2.ol_i_id","l2.ol_supply_w_id","l2.ol_delivery_d","l2.ol_quantity","l2.ol_amount","l2.ol_dist_info"],"Index Cond":"((l2.ol_w_id = l1.ol_w_id) AND (l2.ol_d_id = l1.ol_d_id) AND (l2.ol_o_id = l1.ol_o_id))","Rows Removed by Index Recheck":0,"Filter":"((l2.ol_delivery_d >= '1992-01-02 20:10:02.27764'::timestamp without time zone) AND (l2.ol_delivery_d > l1.ol_delivery_d))","Rows Removed by Filter":11,"Shared Hit Blocks":2767173,"Shared Read Blocks":0,"Shared Dirtied Blocks":0,"Shared Written Blocks":0,"Local Hit Blocks":0,"Local Read Blocks":0,"Local Dirtied Blocks":0,"Local Written Blocks":0,"Temp Read Blocks":0,"Temp Written Blocks":0,"I/O Read Time":0.0,"I/O Write Time":0.0,"Temp I/O Read Time":0.0,"Temp I/O Write Time":0.0}]}]}]}]},"Planning":{"Shared Hit Blocks":128,"Shared Read Blocks":0,"Shared Dirtied Blocks":0,"Shared Written Blocks":0,"Local Hit Blocks":0,"Local Read Blocks":0,"Local Dirtied Blocks":0,"Local Written Blocks":0,"Temp Read Blocks":0,"Temp Written Blocks":0,"I/O Read Time":0.0,"I/O Write Time":0.0,"Temp I/O Read Time":0.0,"Temp I/O Write Time":0.0},"Planning Time":2.255,"Triggers":[],"Execution Time":30134.432}]
[列存组合]: nation, orders, supplier
[{"Plan":{"Node Type":"Sort","Parallel Aware":false,"Async Capable":false,"Startup Cost":9534435.14,"Total Cost":9534460.14,"Plan Rows":10000,"Plan Width":27,"Actual Startup Time":30847.691,"Actual Total Time":30847.719,"Actual Rows":156,"Actual Loops":1,"Output":["supplier.su_name","(count(*))"],"Sort Key":["(count(*)) DESC","supplier.su_name"],"Sort Method":"quicksort","Sort Space Used":35,"Sort Space Type":"Memory","Shared Hit Blocks":3547717,"Shared Read Blocks":0,"Shared Dirtied Blocks":0,"Shared Written Blocks":0,"Local Hit Blocks":0,"Local Read Blocks":0,"Local Dirtied Blocks":0,"Local Written Blocks":0,"Temp Read Blocks":208358,"Temp Written Blocks":208369,"I/O Read Time":0.0,"I/O Write Time":0.0,"Temp I/O Read Time":317.957,"Temp I/O Write Time":844.914,"Plans":[{"Node Type":"Aggregate","Strategy":"Sorted","Partial Mode":"Simple","Parent Relationship":"Outer","Parallel Aware":false,"Async Capable":false,"Startup Cost":9532533.29,"Total Cost":9533770.75,"Plan Rows":10000,"Plan Width":27,"Actual Startup Time":30742.828,"Actual Total Time":30847.655,"Actual Rows":156,"Actual Loops":1,"Output":["supplier.su_name","count(*)"],"Group Key":["supplier.su_name"],"Shared Hit Blocks":3547717,"Shared Read Blocks":0,"Shared Dirtied Blocks":0,"Shared Written Blocks":0,"Local Hit Blocks":0,"Local Read Blocks":0,"Local Dirtied Blocks":0,"Local Written Blocks":0,"Temp Read Blocks":208358,"Temp Written Blocks":208369,"I/O Read Time":0.0,"I/O Write Time":0.0,"Temp I/O Read Time":317.957,"Temp I/O Write Time":844.914,"Plans":[{"Node Type":"Sort","Parent Relationship":"Outer","Parallel Aware":false,"Async Capable":false,"Startup Cost":9532533.29,"Total Cost":9532912.45,"Plan Rows":151661,"Plan Width":19,"Actual Startup Time":30742.463,"Actual Total Time":30797.167,"Actual Rows":535880,"Actual Loops":1,"Output":["supplier.su_name"],"Sort Key":["supplier.su_name"],"Sort Method":"external merge","Sort Space Used":15280,"Sort Space Type":"Disk","Shared Hit Blocks":3547717,"Shared Read Blocks":0,"Shared Dirtied Blocks":0,"Shared Written Blocks":0,"Local Hit Blocks":0,"Local Read Blocks":0,"Local Dirtied Blocks":0,"Local Written Blocks":0,"Temp Read Blocks":208358,"Temp Written Blocks":208369,"I/O Read Time":0.0,"I/O Write Time":0.0,"Temp I/O Read Time":317.957,"Temp I/O Write Time":844.914,"Plans":[{"Node Type":"Nested Loop","Parent Relationship":"Outer","Parallel Aware":false,"Async Capable":false,"Join Type":"Anti","Startup Cost":899583.69,"Total Cost":9516370.99,"Plan Rows":151661,"Plan Width":19,"Actual Startup Time":8668.479,"Actual Total Time":30415.969,"Actual Rows":535880,"Actual Loops":1,"Output":["supplier.su_name"],"Inner Unique":false,"Shared Hit Blocks":3547717,"Shared Read Blocks":0,"Shared Dirtied Blocks":0,"Shared Written Blocks":0,"Local Hit Blocks":0,"Local Read Blocks":0,"Local Dirtied Blocks":0,"Local Written Blocks":0,"Temp Read Blocks":206448,"Temp Written Blocks":206448,"I/O Read Time":0.0,"I/O Write Time":0.0,"Temp I/O Read Time":315.019,"Temp I/O Write Time":836.46,"Plans":[{"Node Type":"Hash Join","Parent Relationship":"Outer","Parallel Aware":false,"Async Capable":false,"Join Type":"Inner","Startup Cost":899583.12,"Total Cost":3410950.89,"Plan Rows":227491,"Plan Width":39,"Actual Startup Time":8668.439,"Actual Total Time":26170.058,"Actual Rows":535880,"Actual Loops":1,"Output":["supplier.su_name","l1.ol_o_id","l1.ol_w_id","l1.ol_d_id","l1.ol_delivery_d"],"Inner Unique":true,"Hash Cond":"((l1.ol_o_id = orders.o_id) AND (l1.ol_w_id = orders.o_w_id) AND (l1.ol_d_id = orders.o_d_id))","Join Filter":"(l1.ol_delivery_d > orders.o_entry_d)","Rows Removed by Join Filter":0,"Shared Hit Blocks":780544,"Shared Read Blocks":0,"Shared Dirtied Blocks":0,"Shared Written Blocks":0,"Local Hit Blocks":0,"Local Read Blocks":0,"Local Dirtied Blocks":0,"Local Written Blocks":0,"Temp Read Blocks":206448,"Temp Written Blocks":206448,"I/O Read Time":0.0,"I/O Write Time":0.0,"Temp I/O Read Time":315.019,"Temp I/O Write Time":836.46,"Plans":[{"Node Type":"Hash Join","Parent Relationship":"Outer","Parallel Aware":false,"Async Capable":false,"Join Type":"Inner","Startup Cost":640390.85,"Total Cost":3099241.88,"Plan Rows":682888,"Plan Width":41,"Actual Startup Time":6927.789,"Actual Total Time":23534.612,"Actual Rows":536421,"Actual Loops":1,"Output":["supplier.su_name","stock.s_w_id","l1.ol_o_id","l1.ol_w_id","l1.ol_d_id","l1.ol_delivery_d"],"Inner Unique":false,"Hash Cond":"((l1.ol_w_id = stock.s_w_id) AND (l1.ol_i_id = stock.s_i_id))","Shared Hit Blocks":736422,"Shared Read Blocks":0,"Shared Dirtied Blocks":0,"Shared Written Blocks":0,"Local Hit Blocks":0,"Local Read Blocks":0,"Local Dirtied Blocks":0,"Local Written Blocks":0,"Temp Read Blocks":170308,"Temp Written Blocks":170308,"I/O Read Time":0.0,"I/O Write Time":0.0,"Temp I/O Read Time":246.118,"Temp I/O Write Time":666.828,"Plans":[{"Node Type":"Seq Scan","Parent Relationship":"Outer","Parallel Aware":false,"Async Capable":false,"Relation Name":"order_line","Schema":"public","Alias":"l1","Startup Cost":0.0,"Total Cost":1431670.8,"Plan Rows":42039468,"Plan Width":24,"Actual Startup Time":0.022,"Actual Total Time":6800.97,"Actual Rows":42000489,"Actual Loops":1,"Output":["l1.ol_o_id","l1.ol_w_id","l1.ol_d_id","l1.ol_i_id","l1.ol_delivery_d"],"Filter":"(l1.ol_delivery_d >= '1992-01-02 20:10:02.27764'::timestamp without time zone)","Rows Removed by Filter":17993272,"Shared Hit Blocks":681748,"Shared Read Blocks":0,"Shared Dirtied Blocks":0,"Shared Written Blocks":0,"Local Hit Blocks":0,"Local Read Blocks":0,"Local Dirtied Blocks":0,"Local Written Blocks":0,"Temp Read Blocks":0,"Temp Written Blocks":0,"I/O Read Time":0.0,"I/O Write Time":0.0,"Temp I/O Read Time":0.0,"Temp I/O Write Time":0.0},{"Node Type":"Hash","Parent Relationship":"Inner","Parallel Aware":false,"Async Capable":false,"Startup Cost":633346.09,"Total Cost":633346.09,"Plan Rows":322584,"Plan Width":25,"Actual Startup Time":6927.014,"Actual Total Time":6927.028,"Actual Rows":255450,"Actual Loops":1,"Output":["supplier.su_name","stock.s_w_id","stock.s_i_id"],"Hash Buckets":131072,"Original Hash Buckets":131072,"Hash Batches":4,"Original Hash Batches":4,"Peak Memory Usage":4756,"Shared Hit Blocks":54674,"Shared Read Blocks":0,"Shared Dirtied Blocks":0,"Shared Written Blocks":0,"Local Hit Blocks":0,"Local Read Blocks":0,"Local Dirtied Blocks":0,"Local Written Blocks":0,"Temp Read Blocks":0,"Temp Written Blocks":1122,"I/O Read Time":0.0,"I/O Write Time":0.0,"Temp I/O Read Time":0.0,"Temp I/O Write Time":6.871,"Plans":[{"Node Type":"Hash Join","Parent Relationship":"Outer","Parallel Aware":false,"Async Capable":false,"Join Type":"Inner","Startup Cost":366.25,"Total Cost":633346.09,"Plan Rows":322584,"Plan Width":25,"Actual Startup Time":3.657,"Actual Total Time":6875.286,"Actual Rows":255450,"Actual Loops":1,"Output":["supplier.su_name","stock.s_w_id","stock.s_i_id"],"Inner Unique":true,"Hash Cond":"(supplier.su_nationkey = nation.n_nationkey)","Shared Hit Blocks":54674,"Shared Read Blocks":0,"Shared Dirtied Blocks":0,"Shared Written Blocks":0,"Local Hit Blocks":0,"Local Read Blocks":0,"Local Dirtied Blocks":0,"Local Written Blocks":0,"Temp Read Blocks":0,"Temp Written Blocks":0,"I/O Read Time":0.0,"I/O Write Time":0.0,"Temp I/O Read Time":0.0,"Temp I/O Write Time":0.0,"Plans":[{"Node Type":"Hash Join","Parent Relationship":"Outer","Parallel Aware":false,"Async Capable":false,"Join Type":"Inner","Startup Cost":364.46,"Total Cost":577255.0,"Plan Rows":20000212,"Plan Width":29,"Actual Startup Time":3.612,"Actual Total Time":5587.751,"Actual Rows":20000000,"Actual Loops":1,"Output":["supplier.su_name","supplier.su_nationkey","stock.s_w_id","stock.s_i_id"],"Inner Unique":true,"Hash Cond":"(mod((stock.s_w_id * stock.s_i_id), 10000) = supplier.su_suppkey)","Shared Hit Blocks":54673,"Shared Read Blocks":0,"Shared Dirtied Blocks":0,"Shared Written Blocks":0,"Local Hit Blocks":0,"Local Read Blocks":0,"Local Dirtied Blocks":0,"Local Written Blocks":0,"Temp Read Blocks":0,"Temp Written Blocks":0,"I/O Read Time":0.0,"I/O Write Time":0.0,"Temp I/O Read Time":0.0,"Temp I/O Write Time":0.0,"Plans":[{"Node Type":"Index Only Scan","Parent Relationship":"Outer","Parallel Aware":false,"Async Capable":false,"Scan Direction":"Forward","Index Name":"stock_pk","Relation Name":"stock","Schema":"public","Alias":"stock","Startup Cost":0.44,"Total Cost":519363.62,"Plan Rows":20000212,"Plan Width":6,"Actual Startup Time":0.061,"Actual Total Time":1531.807,"Actual Rows":20000000,"Actual Loops":1,"Output":["stock.s_w_id","stock.s_i_id"],"Heap Fetches":0,"Shared Hit Blocks":54673,"Shared Read Blocks":0,"Shared Dirtied Blocks":0,"Shared Written Blocks":0,"Local Hit Blocks":0,"Local Read Blocks":0,"Local Dirtied Blocks":0,"Local Written Blocks":0,"Temp Read Blocks":0,"Temp Written Blocks":0,"I/O Read Time":0.0,"I/O Write Time":0.0,"Temp I/O Read Time":0.0,"Temp I/O Write Time":0.0},{"Node Type":"Hash","Parent Relationship":"Inner","Parallel Aware":false,"Async Capable":false,"Startup Cost":239.01,"Total Cost":239.01,"Plan Rows":10001,"Plan Width":27,"Actual Startup Time":3.497,"Actual Total Time":3.502,"Actual Rows":10000,"Actual Loops":1,"Output":["supplier.su_name","supplier.su_suppkey","supplier.su_nationkey"],"Hash Buckets":16384,"Original Hash Buckets":16384,"Hash Batches":1,"Original Hash Batches":1,"Peak Memory Usage":714,"Shared Hit Blocks":0,"Shared Read Blocks":0,"Shared Dirtied Blocks":0,"Shared Written Blocks":0,"Local Hit Blocks":0,"Local Read Blocks":0,"Local Dirtied Blocks":0,"Local Written Blocks":0,"Temp Read Blocks":0,"Temp Written Blocks":0,"I/O Read Time":0.0,"I/O Write Time":0.0,"Temp I/O Read Time":0.0,"Temp I/O Write Time":0.0,"Plans":[{"Node Type":"Append","Parent Relationship":"Outer","Parallel Aware":false,"Async Capable":false,"Startup Cost":20.0,"Total Cost":239.01,"Plan Rows":10001,"Plan Width":27,"Actual Startup Time":0.038,"Actual Total Time":2.075,"Actual Rows":10000,"Actual Loops":1,"Shared Hit Blocks":0,"Shared Read Blocks":0,"Shared Dirtied Blocks":0,"Shared Written Blocks":0,"Local Hit Blocks":0,"Local Read Blocks":0,"Local Dirtied Blocks":0,"Local Written Blocks":0,"Temp Read Blocks":0,"Temp Written Blocks":0,"I/O Read Time":0.0,"I/O Write Time":0.0,"Temp I/O Read Time":0.0,"Temp I/O Write Time":0.0,"Subplans Removed":0,"Plans":[{"Node Type":"Custom Scan","Parent Relationship":"Member","Custom Plan Provider":"columnar scan","Parallel Aware":false,"Async Capable":false,"Relation Name":"supplier","Schema":"public","Alias":"supplier","Startup Cost":20.0,"Total Cost":235.0,"Plan Rows":10000,"Plan Width":27,"Actual Startup Time":0.035,"Actual Total Time":1.376,"Actual Rows":10000,"Actual Loops":1,"Output":["supplier.su_name","supplier.su_suppkey","supplier.su_nationkey"],"Rows Removed by Columnar Filter":0,"Columnar cache search mode":"native","Shared Hit Blocks":0,"Shared Read Blocks":0,"Shared Dirtied Blocks":0,"Shared Written Blocks":0,"Local Hit Blocks":0,"Local Read Blocks":0,"Local Dirtied Blocks":0,"Local Written Blocks":0,"Temp Read Blocks":0,"Temp Written Blocks":0,"I/O Read Time":0.0,"I/O Write Time":0.0,"Temp I/O Read Time":0.0,"Temp I/O Write Time":0.0},{"Node Type":"Seq Scan","Parent Relationship":"Member","Parallel Aware":false,"Async Capable":false,"Relation Name":"supplier","Schema":"public","Alias":"supplier","Startup Cost":0.0,"Total Cost":4.01,"Plan Rows":1,"Plan Width":27,"Actual Startup Time":0.0,"Actual Total Time":0.0,"Actual Rows":0,"Actual Loops":0,"Output":["supplier.su_name","supplier.su_suppkey","supplier.su_nationkey"],"Shared Hit Blocks":0,"Shared Read Blocks":0,"Shared Dirtied Blocks":0,"Shared Written Blocks":0,"Local Hit Blocks":0,"Local Read Blocks":0,"Local Dirtied Blocks":0,"Local Written Blocks":0,"Temp Read Blocks":0,"Temp Written Blocks":0,"I/O Read Time":0.0,"I/O Write Time":0.0,"Temp I/O Read Time":0.0,"Temp I/O Write Time":0.0}]}]}]},{"Node Type":"Hash","Parent Relationship":"Inner","Parallel Aware":false,"Async Capable":false,"Startup Cost":1.77,"Total Cost":1.77,"Plan Rows":1,"Plan Width":4,"Actual Startup Time":0.021,"Actual Total Time":0.022,"Actual Rows":1,"Actual Loops":1,"Output":["nation.n_nationkey"],"Hash Buckets":1024,"Original Hash Buckets":1024,"Hash Batches":1,"Original Hash Batches":1,"Peak Memory Usage":9,"Shared Hit Blocks":1,"Shared Read Blocks":0,"Shared Dirtied Blocks":0,"Shared Written Blocks":0,"Local Hit Blocks":0,"Local Read Blocks":0,"Local Dirtied Blocks":0,"Local Written Blocks":0,"Temp Read Blocks":0,"Temp Written Blocks":0,"I/O Read Time":0.0,"I/O Write Time":0.0,"Temp I/O Read Time":0.0,"Temp I/O Write Time":0.0,"Plans":[{"Node Type":"Seq Scan","Parent Relationship":"Outer","Parallel Aware":false,"Async Capable":false,"Relation Name":"nation","Schema":"public","Alias":"nation","Startup Cost":0.0,"Total Cost":1.77,"Plan Rows":1,"Plan Width":4,"Actual Startup Time":0.014,"Actual Total Time":0.017,"Actual Rows":1,"Actual Loops":1,"Output":["nation.n_nationkey"],"Filter":"((nation.n_name)::text = 'Cambodia'::text)","Rows Removed by Filter":61,"Shared Hit Blocks":1,"Shared Read Blocks":0,"Shared Dirtied Blocks":0,"Shared Written Blocks":0,"Local Hit Blocks":0,"Local Read Blocks":0,"Local Dirtied Blocks":0,"Local Written Blocks":0,"Temp Read Blocks":0,"Temp Written Blocks":0,"I/O Read Time":0.0,"I/O Write Time":0.0,"Temp I/O Read Time":0.0,"Temp I/O Write Time":0.0}]}]}]}]},{"Node Type":"Hash","Parent Relationship":"Inner","Parallel Aware":false,"Async Capable":false,"Startup Cost":119121.6,"Total Cost":119121.6,"Plan Rows":5996324,"Plan Width":20,"Actual Startup Time":1739.352,"Actual Total Time":1739.353,"Actual Rows":5995789,"Actual Loops":1,"Output":["orders.o_id","orders.o_w_id","orders.o_d_id","orders.o_entry_d"],"Hash Buckets":131072,"Original Hash Buckets":131072,"Hash Batches":64,"Original Hash Batches":64,"Peak Memory Usage":6157,"Shared Hit Blocks":44122,"Shared Read Blocks":0,"Shared Dirtied Blocks":0,"Shared Written Blocks":0,"Local Hit Blocks":0,"Local Read Blocks":0,"Local Dirtied Blocks":0,"Local Written Blocks":0,"Temp Read Blocks":0,"Temp Written Blocks":31667,"I/O Read Time":0.0,"I/O Write Time":0.0,"Temp I/O Read Time":0.0,"Temp I/O Write Time":140.547,"Plans":[{"Node Type":"Seq Scan","Parent Relationship":"Outer","Parallel Aware":false,"Async Capable":false,"Relation Name":"orders","Schema":"public","Alias":"orders","Startup Cost":0.0,"Total Cost":119121.6,"Plan Rows":5996324,"Plan Width":20,"Actual Startup Time":0.013,"Actual Total Time":713.319,"Actual Rows":5995789,"Actual Loops":1,"Output":["orders.o_id","orders.o_w_id","orders.o_d_id","orders.o_entry_d"],"Filter":"(orders.o_entry_d >= '1992-01-02 20:10:02.27764'::timestamp without time zone)","Rows Removed by Filter":4211,"Shared Hit Blocks":44122,"Shared Read Blocks":0,"Shared Dirtied Blocks":0,"Shared Written Blocks":0,"Local Hit Blocks":0,"Local Read Blocks":0,"Local Dirtied Blocks":0,"Local Written Blocks":0,"Temp Read Blocks":0,"Temp Written Blocks":0,"I/O Read Time":0.0,"I/O Write Time":0.0,"Temp I/O Read Time":0.0,"Temp I/O Write Time":0.0}]}]},{"Node Type":"Index Scan","Parent Relationship":"Inner","Parallel Aware":false,"Async Capable":false,"Scan Direction":"Forward","Index Name":"order_line_pk","Relation Name":"order_line","Schema":"public","Alias":"l2","Startup Cost":0.56,"Total Cost":35.72,"Plan Rows":2,"Plan Width":20,"Actual Startup Time":0.008,"Actual Total Time":0.008,"Actual Rows":0,"Actual Loops":535880,"Output":["l2.ol_o_id","l2.ol_d_id","l2.ol_w_id","l2.ol_number","l2.ol_i_id","l2.ol_supply_w_id","l2.ol_delivery_d","l2.ol_quantity","l2.ol_amount","l2.ol_dist_info"],"Index Cond":"((l2.ol_w_id = l1.ol_w_id) AND (l2.ol_d_id = l1.ol_d_id) AND (l2.ol_o_id = l1.ol_o_id))","Rows Removed by Index Recheck":0,"Filter":"((l2.ol_delivery_d >= '1992-01-02 20:10:02.27764'::timestamp without time zone) AND (l2.ol_delivery_d > l1.ol_delivery_d))","Rows Removed by Filter":11,"Shared Hit Blocks":2767173,"Shared Read Blocks":0,"Shared Dirtied Blocks":0,"Shared Written Blocks":0,"Local Hit Blocks":0,"Local Read Blocks":0,"Local Dirtied Blocks":0,"Local Written Blocks":0,"Temp Read Blocks":0,"Temp Written Blocks":0,"I/O Read Time":0.0,"I/O Write Time":0.0,"Temp I/O Read Time":0.0,"Temp I/O Write Time":0.0}]}]}]}]},"Planning":{"Shared Hit Blocks":128,"Shared Read Blocks":0,"Shared Dirtied Blocks":0,"Shared Written Blocks":0,"Local Hit Blocks":0,"Local Read Blocks":0,"Local Dirtied Blocks":0,"Local Written Blocks":0,"Temp Read Blocks":0,"Temp Written Blocks":0,"I/O Read Time":0.0,"I/O Write Time":0.0,"Temp I/O Read Time":0.0,"Temp I/O Write Time":0.0},"Planning Time":1.4,"Triggers":[],"Execution Time":30850.336}]
[列存组合]: nation, stock, supplier
[{"Plan":{"Node Type":"Sort","Parallel Aware":false,"Async Capable":false,"Startup Cost":9534435.14,"Total Cost":9534460.14,"Plan Rows":10000,"Plan Width":27,"Actual Startup Time":30156.262,"Actual Total Time":30156.291,"Actual Rows":156,"Actual Loops":1,"Output":["supplier.su_name","(count(*))"],"Sort Key":["(count(*)) DESC","supplier.su_name"],"Sort Method":"quicksort","Sort Space Used":35,"Sort Space Type":"Memory","Shared Hit Blocks":3547717,"Shared Read Blocks":0,"Shared Dirtied Blocks":0,"Shared Written Blocks":0,"Local Hit Blocks":0,"Local Read Blocks":0,"Local Dirtied Blocks":0,"Local Written Blocks":0,"Temp Read Blocks":208358,"Temp Written Blocks":208369,"I/O Read Time":0.0,"I/O Write Time":0.0,"Temp I/O Read Time":306.262,"Temp I/O Write Time":845.467,"Plans":[{"Node Type":"Aggregate","Strategy":"Sorted","Partial Mode":"Simple","Parent Relationship":"Outer","Parallel Aware":false,"Async Capable":false,"Startup Cost":9532533.29,"Total Cost":9533770.75,"Plan Rows":10000,"Plan Width":27,"Actual Startup Time":30052.142,"Actual Total Time":30156.228,"Actual Rows":156,"Actual Loops":1,"Output":["supplier.su_name","count(*)"],"Group Key":["supplier.su_name"],"Shared Hit Blocks":3547717,"Shared Read Blocks":0,"Shared Dirtied Blocks":0,"Shared Written Blocks":0,"Local Hit Blocks":0,"Local Read Blocks":0,"Local Dirtied Blocks":0,"Local Written Blocks":0,"Temp Read Blocks":208358,"Temp Written Blocks":208369,"I/O Read Time":0.0,"I/O Write Time":0.0,"Temp I/O Read Time":306.262,"Temp I/O Write Time":845.467,"Plans":[{"Node Type":"Sort","Parent Relationship":"Outer","Parallel Aware":false,"Async Capable":false,"Startup Cost":9532533.29,"Total Cost":9532912.45,"Plan Rows":151661,"Plan Width":19,"Actual Startup Time":30051.788,"Actual Total Time":30106.042,"Actual Rows":535880,"Actual Loops":1,"Output":["supplier.su_name"],"Sort Key":["supplier.su_name"],"Sort Method":"external merge","Sort Space Used":15280,"Sort Space Type":"Disk","Shared Hit Blocks":3547717,"Shared Read Blocks":0,"Shared Dirtied Blocks":0,"Shared Written Blocks":0,"Local Hit Blocks":0,"Local Read Blocks":0,"Local Dirtied Blocks":0,"Local Written Blocks":0,"Temp Read Blocks":208358,"Temp Written Blocks":208369,"I/O Read Time":0.0,"I/O Write Time":0.0,"Temp I/O Read Time":306.262,"Temp I/O Write Time":845.467,"Plans":[{"Node Type":"Nested Loop","Parent Relationship":"Outer","Parallel Aware":false,"Async Capable":false,"Join Type":"Anti","Startup Cost":899583.69,"Total Cost":9516370.99,"Plan Rows":151661,"Plan Width":19,"Actual Startup Time":8669.822,"Actual Total Time":29757.238,"Actual Rows":535880,"Actual Loops":1,"Output":["supplier.su_name"],"Inner Unique":false,"Shared Hit Blocks":3547717,"Shared Read Blocks":0,"Shared Dirtied Blocks":0,"Shared Written Blocks":0,"Local Hit Blocks":0,"Local Read Blocks":0,"Local Dirtied Blocks":0,"Local Written Blocks":0,"Temp Read Blocks":206448,"Temp Written Blocks":206448,"I/O Read Time":0.0,"I/O Write Time":0.0,"Temp I/O Read Time":303.368,"Temp I/O Write Time":837.988,"Plans":[{"Node Type":"Hash Join","Parent Relationship":"Outer","Parallel Aware":false,"Async Capable":false,"Join Type":"Inner","Startup Cost":899583.12,"Total Cost":3410950.89,"Plan Rows":227491,"Plan Width":39,"Actual Startup Time":8669.782,"Actual Total Time":26020.137,"Actual Rows":535880,"Actual Loops":1,"Output":["supplier.su_name","l1.ol_o_id","l1.ol_w_id","l1.ol_d_id","l1.ol_delivery_d"],"Inner Unique":true,"Hash Cond":"((l1.ol_o_id = orders.o_id) AND (l1.ol_w_id = orders.o_w_id) AND (l1.ol_d_id = orders.o_d_id))","Join Filter":"(l1.ol_delivery_d > orders.o_entry_d)","Rows Removed by Join Filter":0,"Shared Hit Blocks":780544,"Shared Read Blocks":0,"Shared Dirtied Blocks":0,"Shared Written Blocks":0,"Local Hit Blocks":0,"Local Read Blocks":0,"Local Dirtied Blocks":0,"Local Written Blocks":0,"Temp Read Blocks":206448,"Temp Written Blocks":206448,"I/O Read Time":0.0,"I/O Write Time":0.0,"Temp I/O Read Time":303.368,"Temp I/O Write Time":837.988,"Plans":[{"Node Type":"Hash Join","Parent Relationship":"Outer","Parallel Aware":false,"Async Capable":false,"Join Type":"Inner","Startup Cost":640390.85,"Total Cost":3099241.88,"Plan Rows":682888,"Plan Width":41,"Actual Startup Time":6930.205,"Actual Total Time":23492.321,"Actual Rows":536421,"Actual Loops":1,"Output":["supplier.su_name","stock.s_w_id","l1.ol_o_id","l1.ol_w_id","l1.ol_d_id","l1.ol_delivery_d"],"Inner Unique":false,"Hash Cond":"((l1.ol_w_id = stock.s_w_id) AND (l1.ol_i_id = stock.s_i_id))","Shared Hit Blocks":736422,"Shared Read Blocks":0,"Shared Dirtied Blocks":0,"Shared Written Blocks":0,"Local Hit Blocks":0,"Local Read Blocks":0,"Local Dirtied Blocks":0,"Local Written Blocks":0,"Temp Read Blocks":170308,"Temp Written Blocks":170308,"I/O Read Time":0.0,"I/O Write Time":0.0,"Temp I/O Read Time":245.57,"Temp I/O Write Time":666.937,"Plans":[{"Node Type":"Seq Scan","Parent Relationship":"Outer","Parallel Aware":false,"Async Capable":false,"Relation Name":"order_line","Schema":"public","Alias":"l1","Startup Cost":0.0,"Total Cost":1431670.8,"Plan Rows":42039468,"Plan Width":24,"Actual Startup Time":0.012,"Actual Total Time":6788.832,"Actual Rows":42000489,"Actual Loops":1,"Output":["l1.ol_o_id","l1.ol_w_id","l1.ol_d_id","l1.ol_i_id","l1.ol_delivery_d"],"Filter":"(l1.ol_delivery_d >= '1992-01-02 20:10:02.27764'::timestamp without time zone)","Rows Removed by Filter":17993272,"Shared Hit Blocks":681748,"Shared Read Blocks":0,"Shared Dirtied Blocks":0,"Shared Written Blocks":0,"Local Hit Blocks":0,"Local Read Blocks":0,"Local Dirtied Blocks":0,"Local Written Blocks":0,"Temp Read Blocks":0,"Temp Written Blocks":0,"I/O Read Time":0.0,"I/O Write Time":0.0,"Temp I/O Read Time":0.0,"Temp I/O Write Time":0.0},{"Node Type":"Hash","Parent Relationship":"Inner","Parallel Aware":false,"Async Capable":false,"Startup Cost":633346.09,"Total Cost":633346.09,"Plan Rows":322584,"Plan Width":25,"Actual Startup Time":6929.487,"Actual Total Time":6929.502,"Actual Rows":255450,"Actual Loops":1,"Output":["supplier.su_name","stock.s_w_id","stock.s_i_id"],"Hash Buckets":131072,"Original Hash Buckets":131072,"Hash Batches":4,"Original Hash Batches":4,"Peak Memory Usage":4756,"Shared Hit Blocks":54674,"Shared Read Blocks":0,"Shared Dirtied Blocks":0,"Shared Written Blocks":0,"Local Hit Blocks":0,"Local Read Blocks":0,"Local Dirtied Blocks":0,"Local Written Blocks":0,"Temp Read Blocks":0,"Temp Written Blocks":1122,"I/O Read Time":0.0,"I/O Write Time":0.0,"Temp I/O Read Time":0.0,"Temp I/O Write Time":7.077,"Plans":[{"Node Type":"Hash Join","Parent Relationship":"Outer","Parallel Aware":false,"Async Capable":false,"Join Type":"Inner","Startup Cost":366.25,"Total Cost":633346.09,"Plan Rows":322584,"Plan Width":25,"Actual Startup Time":3.553,"Actual Total Time":6877.753,"Actual Rows":255450,"Actual Loops":1,"Output":["supplier.su_name","stock.s_w_id","stock.s_i_id"],"Inner Unique":true,"Hash Cond":"(supplier.su_nationkey = nation.n_nationkey)","Shared Hit Blocks":54674,"Shared Read Blocks":0,"Shared Dirtied Blocks":0,"Shared Written Blocks":0,"Local Hit Blocks":0,"Local Read Blocks":0,"Local Dirtied Blocks":0,"Local Written Blocks":0,"Temp Read Blocks":0,"Temp Written Blocks":0,"I/O Read Time":0.0,"I/O Write Time":0.0,"Temp I/O Read Time":0.0,"Temp I/O Write Time":0.0,"Plans":[{"Node Type":"Hash Join","Parent Relationship":"Outer","Parallel Aware":false,"Async Capable":false,"Join Type":"Inner","Startup Cost":364.46,"Total Cost":577255.0,"Plan Rows":20000212,"Plan Width":29,"Actual Startup Time":3.517,"Actual Total Time":5584.168,"Actual Rows":20000000,"Actual Loops":1,"Output":["supplier.su_name","supplier.su_nationkey","stock.s_w_id","stock.s_i_id"],"Inner Unique":true,"Hash Cond":"(mod((stock.s_w_id * stock.s_i_id), 10000) = supplier.su_suppkey)","Shared Hit Blocks":54673,"Shared Read Blocks":0,"Shared Dirtied Blocks":0,"Shared Written Blocks":0,"Local Hit Blocks":0,"Local Read Blocks":0,"Local Dirtied Blocks":0,"Local Written Blocks":0,"Temp Read Blocks":0,"Temp Written Blocks":0,"I/O Read Time":0.0,"I/O Write Time":0.0,"Temp I/O Read Time":0.0,"Temp I/O Write Time":0.0,"Plans":[{"Node Type":"Index Only Scan","Parent Relationship":"Outer","Parallel Aware":false,"Async Capable":false,"Scan Direction":"Forward","Index Name":"stock_pk","Relation Name":"stock","Schema":"public","Alias":"stock","Startup Cost":0.44,"Total Cost":519363.62,"Plan Rows":20000212,"Plan Width":6,"Actual Startup Time":0.022,"Actual Total Time":1540.094,"Actual Rows":20000000,"Actual Loops":1,"Output":["stock.s_w_id","stock.s_i_id"],"Heap Fetches":0,"Shared Hit Blocks":54673,"Shared Read Blocks":0,"Shared Dirtied Blocks":0,"Shared Written Blocks":0,"Local Hit Blocks":0,"Local Read Blocks":0,"Local Dirtied Blocks":0,"Local Written Blocks":0,"Temp Read Blocks":0,"Temp Written Blocks":0,"I/O Read Time":0.0,"I/O Write Time":0.0,"Temp I/O Read Time":0.0,"Temp I/O Write Time":0.0},{"Node Type":"Hash","Parent Relationship":"Inner","Parallel Aware":false,"Async Capable":false,"Startup Cost":239.01,"Total Cost":239.01,"Plan Rows":10001,"Plan Width":27,"Actual Startup Time":3.445,"Actual Total Time":3.451,"Actual Rows":10000,"Actual Loops":1,"Output":["supplier.su_name","supplier.su_suppkey","supplier.su_nationkey"],"Hash Buckets":16384,"Original Hash Buckets":16384,"Hash Batches":1,"Original Hash Batches":1,"Peak Memory Usage":714,"Shared Hit Blocks":0,"Shared Read Blocks":0,"Shared Dirtied Blocks":0,"Shared Written Blocks":0,"Local Hit Blocks":0,"Local Read Blocks":0,"Local Dirtied Blocks":0,"Local Written Blocks":0,"Temp Read Blocks":0,"Temp Written Blocks":0,"I/O Read Time":0.0,"I/O Write Time":0.0,"Temp I/O Read Time":0.0,"Temp I/O Write Time":0.0,"Plans":[{"Node Type":"Append","Parent Relationship":"Outer","Parallel Aware":false,"Async Capable":false,"Startup Cost":20.0,"Total Cost":239.01,"Plan Rows":10001,"Plan Width":27,"Actual Startup Time":0.029,"Actual Total Time":2.02,"Actual Rows":10000,"Actual Loops":1,"Shared Hit Blocks":0,"Shared Read Blocks":0,"Shared Dirtied Blocks":0,"Shared Written Blocks":0,"Local Hit Blocks":0,"Local Read Blocks":0,"Local Dirtied Blocks":0,"Local Written Blocks":0,"Temp Read Blocks":0,"Temp Written Blocks":0,"I/O Read Time":0.0,"I/O Write Time":0.0,"Temp I/O Read Time":0.0,"Temp I/O Write Time":0.0,"Subplans Removed":0,"Plans":[{"Node Type":"Custom Scan","Parent Relationship":"Member","Custom Plan Provider":"columnar scan","Parallel Aware":false,"Async Capable":false,"Relation Name":"supplier","Schema":"public","Alias":"supplier","Startup Cost":20.0,"Total Cost":235.0,"Plan Rows":10000,"Plan Width":27,"Actual Startup Time":0.027,"Actual Total Time":1.321,"Actual Rows":10000,"Actual Loops":1,"Output":["supplier.su_name","supplier.su_suppkey","supplier.su_nationkey"],"Rows Removed by Columnar Filter":0,"Columnar cache search mode":"native","Shared Hit Blocks":0,"Shared Read Blocks":0,"Shared Dirtied Blocks":0,"Shared Written Blocks":0,"Local Hit Blocks":0,"Local Read Blocks":0,"Local Dirtied Blocks":0,"Local Written Blocks":0,"Temp Read Blocks":0,"Temp Written Blocks":0,"I/O Read Time":0.0,"I/O Write Time":0.0,"Temp I/O Read Time":0.0,"Temp I/O Write Time":0.0},{"Node Type":"Seq Scan","Parent Relationship":"Member","Parallel Aware":false,"Async Capable":false,"Relation Name":"supplier","Schema":"public","Alias":"supplier","Startup Cost":0.0,"Total Cost":4.01,"Plan Rows":1,"Plan Width":27,"Actual Startup Time":0.0,"Actual Total Time":0.0,"Actual Rows":0,"Actual Loops":0,"Output":["supplier.su_name","supplier.su_suppkey","supplier.su_nationkey"],"Shared Hit Blocks":0,"Shared Read Blocks":0,"Shared Dirtied Blocks":0,"Shared Written Blocks":0,"Local Hit Blocks":0,"Local Read Blocks":0,"Local Dirtied Blocks":0,"Local Written Blocks":0,"Temp Read Blocks":0,"Temp Written Blocks":0,"I/O Read Time":0.0,"I/O Write Time":0.0,"Temp I/O Read Time":0.0,"Temp I/O Write Time":0.0}]}]}]},{"Node Type":"Hash","Parent Relationship":"Inner","Parallel Aware":false,"Async Capable":false,"Startup Cost":1.77,"Total Cost":1.77,"Plan Rows":1,"Plan Width":4,"Actual Startup Time":0.015,"Actual Total Time":0.017,"Actual Rows":1,"Actual Loops":1,"Output":["nation.n_nationkey"],"Hash Buckets":1024,"Original Hash Buckets":1024,"Hash Batches":1,"Original Hash Batches":1,"Peak Memory Usage":9,"Shared Hit Blocks":1,"Shared Read Blocks":0,"Shared Dirtied Blocks":0,"Shared Written Blocks":0,"Local Hit Blocks":0,"Local Read Blocks":0,"Local Dirtied Blocks":0,"Local Written Blocks":0,"Temp Read Blocks":0,"Temp Written Blocks":0,"I/O Read Time":0.0,"I/O Write Time":0.0,"Temp I/O Read Time":0.0,"Temp I/O Write Time":0.0,"Plans":[{"Node Type":"Seq Scan","Parent Relationship":"Outer","Parallel Aware":false,"Async Capable":false,"Relation Name":"nation","Schema":"public","Alias":"nation","Startup Cost":0.0,"Total Cost":1.77,"Plan Rows":1,"Plan Width":4,"Actual Startup Time":0.011,"Actual Total Time":0.013,"Actual Rows":1,"Actual Loops":1,"Output":["nation.n_nationkey"],"Filter":"((nation.n_name)::text = 'Cambodia'::text)","Rows Removed by Filter":61,"Shared Hit Blocks":1,"Shared Read Blocks":0,"Shared Dirtied Blocks":0,"Shared Written Blocks":0,"Local Hit Blocks":0,"Local Read Blocks":0,"Local Dirtied Blocks":0,"Local Written Blocks":0,"Temp Read Blocks":0,"Temp Written Blocks":0,"I/O Read Time":0.0,"I/O Write Time":0.0,"Temp I/O Read Time":0.0,"Temp I/O Write Time":0.0}]}]}]}]},{"Node Type":"Hash","Parent Relationship":"Inner","Parallel Aware":false,"Async Capable":false,"Startup Cost":119121.6,"Total Cost":119121.6,"Plan Rows":5996324,"Plan Width":20,"Actual Startup Time":1738.22,"Actual Total Time":1738.221,"Actual Rows":5995789,"Actual Loops":1,"Output":["orders.o_id","orders.o_w_id","orders.o_d_id","orders.o_entry_d"],"Hash Buckets":131072,"Original Hash Buckets":131072,"Hash Batches":64,"Original Hash Batches":64,"Peak Memory Usage":6157,"Shared Hit Blocks":44122,"Shared Read Blocks":0,"Shared Dirtied Blocks":0,"Shared Written Blocks":0,"Local Hit Blocks":0,"Local Read Blocks":0,"Local Dirtied Blocks":0,"Local Written Blocks":0,"Temp Read Blocks":0,"Temp Written Blocks":31667,"I/O Read Time":0.0,"I/O Write Time":0.0,"Temp I/O Read Time":0.0,"Temp I/O Write Time":141.999,"Plans":[{"Node Type":"Seq Scan","Parent Relationship":"Outer","Parallel Aware":false,"Async Capable":false,"Relation Name":"orders","Schema":"public","Alias":"orders","Startup Cost":0.0,"Total Cost":119121.6,"Plan Rows":5996324,"Plan Width":20,"Actual Startup Time":0.014,"Actual Total Time":711.721,"Actual Rows":5995789,"Actual Loops":1,"Output":["orders.o_id","orders.o_w_id","orders.o_d_id","orders.o_entry_d"],"Filter":"(orders.o_entry_d >= '1992-01-02 20:10:02.27764'::timestamp without time zone)","Rows Removed by Filter":4211,"Shared Hit Blocks":44122,"Shared Read Blocks":0,"Shared Dirtied Blocks":0,"Shared Written Blocks":0,"Local Hit Blocks":0,"Local Read Blocks":0,"Local Dirtied Blocks":0,"Local Written Blocks":0,"Temp Read Blocks":0,"Temp Written Blocks":0,"I/O Read Time":0.0,"I/O Write Time":0.0,"Temp I/O Read Time":0.0,"Temp I/O Write Time":0.0}]}]},{"Node Type":"Index Scan","Parent Relationship":"Inner","Parallel Aware":false,"Async Capable":false,"Scan Direction":"Forward","Index Name":"order_line_pk","Relation Name":"order_line","Schema":"public","Alias":"l2","Startup Cost":0.56,"Total Cost":35.72,"Plan Rows":2,"Plan Width":20,"Actual Startup Time":0.007,"Actual Total Time":0.007,"Actual Rows":0,"Actual Loops":535880,"Output":["l2.ol_o_id","l2.ol_d_id","l2.ol_w_id","l2.ol_number","l2.ol_i_id","l2.ol_supply_w_id","l2.ol_delivery_d","l2.ol_quantity","l2.ol_amount","l2.ol_dist_info"],"Index Cond":"((l2.ol_w_id = l1.ol_w_id) AND (l2.ol_d_id = l1.ol_d_id) AND (l2.ol_o_id = l1.ol_o_id))","Rows Removed by Index Recheck":0,"Filter":"((l2.ol_delivery_d >= '1992-01-02 20:10:02.27764'::timestamp without time zone) AND (l2.ol_delivery_d > l1.ol_delivery_d))","Rows Removed by Filter":11,"Shared Hit Blocks":2767173,"Shared Read Blocks":0,"Shared Dirtied Blocks":0,"Shared Written Blocks":0,"Local Hit Blocks":0,"Local Read Blocks":0,"Local Dirtied Blocks":0,"Local Written Blocks":0,"Temp Read Blocks":0,"Temp Written Blocks":0,"I/O Read Time":0.0,"I/O Write Time":0.0,"Temp I/O Read Time":0.0,"Temp I/O Write Time":0.0}]}]}]}]},"Planning":{"Shared Hit Blocks":128,"Shared Read Blocks":0,"Shared Dirtied Blocks":0,"Shared Written Blocks":0,"Local Hit Blocks":0,"Local Read Blocks":0,"Local Dirtied Blocks":0,"Local Written Blocks":0,"Temp Read Blocks":0,"Temp Written Blocks":0,"I/O Read Time":0.0,"I/O Write Time":0.0,"Temp I/O Read Time":0.0,"Temp I/O Write Time":0.0},"Planning Time":2.2,"Triggers":[],"Execution Time":30158.926}]
[列存组合]: order_line, orders, stock
[{"Plan":{"Node Type":"Sort","Parallel Aware":false,"Async Capable":false,"Startup Cost":7638449.55,"Total Cost":7638474.55,"Plan Rows":10000,"Plan Width":27,"Actual Startup Time":31572.04,"Actual Total Time":31572.069,"Actual Rows":156,"Actual Loops":1,"Output":["supplier.su_name","(count(*))"],"Sort Key":["(count(*)) DESC","supplier.su_name"],"Sort Method":"quicksort","Sort Space Used":35,"Sort Space Type":"Memory","Shared Hit Blocks":2811513,"Shared Read Blocks":0,"Shared Dirtied Blocks":0,"Shared Written Blocks":0,"Local Hit Blocks":0,"Local Read Blocks":0,"Local Dirtied Blocks":0,"Local Written Blocks":0,"Temp Read Blocks":38048,"Temp Written Blocks":38059,"I/O Read Time":0.0,"I/O Write Time":0.0,"Temp I/O Read Time":60.134,"Temp I/O Write Time":195.782,"Plans":[{"Node Type":"Aggregate","Strategy":"Sorted","Partial Mode":"Simple","Parent Relationship":"Outer","Parallel Aware":false,"Async Capable":false,"Startup Cost":7636547.7,"Total Cost":7637785.16,"Plan Rows":10000,"Plan Width":27,"Actual Startup Time":31468.646,"Actual Total Time":31572.008,"Actual Rows":156,"Actual Loops":1,"Output":["supplier.su_name","count(*)"],"Group Key":["supplier.su_name"],"Shared Hit Blocks":2811513,"Shared Read Blocks":0,"Shared Dirtied Blocks":0,"Shared Written Blocks":0,"Local Hit Blocks":0,"Local Read Blocks":0,"Local Dirtied Blocks":0,"Local Written Blocks":0,"Temp Read Blocks":38048,"Temp Written Blocks":38059,"I/O Read Time":0.0,"I/O Write Time":0.0,"Temp I/O Read Time":60.134,"Temp I/O Write Time":195.782,"Plans":[{"Node Type":"Sort","Parent Relationship":"Outer","Parallel Aware":false,"Async Capable":false,"Startup Cost":7636547.7,"Total Cost":7636926.86,"Plan Rows":151661,"Plan Width":19,"Actual Startup Time":31468.292,"Actual Total Time":31522.438,"Actual Rows":535880,"Actual Loops":1,"Output":["supplier.su_name"],"Sort Key":["supplier.su_name"],"Sort Method":"external merge","Sort Space Used":15280,"Sort Space Type":"Disk","Shared Hit Blocks":2811513,"Shared Read Blocks":0,"Shared Dirtied Blocks":0,"Shared Written Blocks":0,"Local Hit Blocks":0,"Local Read Blocks":0,"Local Dirtied Blocks":0,"Local Written Blocks":0,"Temp Read Blocks":38048,"Temp Written Blocks":38059,"I/O Read Time":0.0,"I/O Write Time":0.0,"Temp I/O Read Time":60.134,"Temp I/O Write Time":195.782,"Plans":[{"Node Type":"Nested Loop","Parent Relationship":"Outer","Parallel Aware":false,"Async Capable":false,"Join Type":"Anti","Startup Cost":318257.22,"Total Cost":7620385.4,"Plan Rows":151661,"Plan Width":19,"Actual Startup Time":4357.704,"Actual Total Time":31177.82,"Actual Rows":535880,"Actual Loops":1,"Output":["supplier.su_name"],"Shared Hit Blocks":2811513,"Shared Read Blocks":0,"Shared Dirtied Blocks":0,"Shared Written Blocks":0,"Local Hit Blocks":0,"Local Read Blocks":0,"Local Dirtied Blocks":0,"Local Written Blocks":0,"Temp Read Blocks":36138,"Temp Written Blocks":36138,"I/O Read Time":0.0,"I/O Write Time":0.0,"Temp I/O Read Time":57.38,"Temp I/O Write Time":188.116,"Plans":[{"Node Type":"Hash Join","Parent Relationship":"Outer","Parallel Aware":false,"Async Capable":false,"Join Type":"Inner","Startup Cost":318256.65,"Total Cost":1514965.3,"Plan Rows":227491,"Plan Width":39,"Actual Startup Time":4357.618,"Actual Total Time":27606.739,"Actual Rows":535880,"Actual Loops":1,"Output":["supplier.su_name","l1.ol_o_id","l1.ol_w_id","l1.ol_d_id","l1.ol_delivery_d"],"Hash Cond":"((l1.ol_o_id = orders.o_id) AND (l1.ol_w_id = orders.o_w_id) AND (l1.ol_d_id = orders.o_d_id))","Join Filter":"(l1.ol_delivery_d > orders.o_entry_d)","Rows Removed by Join Filter":0,"Shared Hit Blocks":44340,"Shared Read Blocks":0,"Shared Dirtied Blocks":0,"Shared Written Blocks":0,"Local Hit Blocks":0,"Local Read Blocks":0,"Local Dirtied Blocks":0,"Local Written Blocks":0,"Temp Read Blocks":36138,"Temp Written Blocks":36138,"I/O Read Time":0.0,"I/O Write Time":0.0,"Temp I/O Read Time":57.38,"Temp I/O Write Time":188.116,"Plans":[{"Node Type":"Hash Join","Parent Relationship":"Outer","Parallel Aware":false,"Async Capable":false,"Join Type":"Inner","Startup Cost":59064.38,"Total Cost":1203256.29,"Plan Rows":682888,"Plan Width":41,"Actual Startup Time":2201.893,"Actual Total Time":24702.094,"Actual Rows":535908,"Actual Loops":1,"Output":["supplier.su_name","stock.s_w_id","l1.ol_o_id","l1.ol_w_id","l1.ol_d_id","l1.ol_delivery_d"],"Hash Cond":"(supplier.su_nationkey = nation.n_nationkey)","Shared Hit Blocks":218,"Shared Read Blocks":0,"Shared Dirtied Blocks":0,"Shared Written Blocks":0,"Local Hit Blocks":0,"Local Read Blocks":0,"Local Dirtied Blocks":0,"Local Written Blocks":0,"Temp Read Blocks":0,"Temp Written Blocks":0,"I/O Read Time":0.0,"I/O Write Time":0.0,"Temp I/O Read Time":0.0,"Temp I/O Write Time":0.0,"Plans":[{"Node Type":"Hash Join","Parent Relationship":"Outer","Parallel Aware":false,"Async Capable":false,"Join Type":"Inner","Startup Cost":59062.59,"Total Cost":1084517.31,"Plan Rows":42339072,"Plan Width":45,"Actual Startup Time":2201.768,"Actual Total Time":21841.96,"Actual Rows":41960840,"Actual Loops":1,"Output":["supplier.su_name","supplier.su_nationkey","stock.s_w_id","l1.ol_o_id","l1.ol_w_id","l1.ol_d_id","l1.ol_delivery_d"],"Hash Cond":"(mod((stock.s_w_id * stock.s_i_id), 10000) = supplier.su_suppkey)","Shared Hit Blocks":217,"Shared Read Blocks":0,"Shared Dirtied Blocks":0,"Shared Written Blocks":0,"Local Hit Blocks":0,"Local Read Blocks":0,"Local Dirtied Blocks":0,"Local Written Blocks":0,"Temp Read Blocks":0,"Temp Written Blocks":0,"I/O Read Time":0.0,"I/O Write Time":0.0,"Temp I/O Read Time":0.0,"Temp I/O Write Time":0.0,"Plans":[{"Node Type":"Hash Join","Parent Relationship":"Outer","Parallel Aware":false,"Async Capable":false,"Join Type":"Inner","Startup Cost":58620.59,"Total Cost":962293.85,"Plan Rows":42339072,"Plan Width":26,"Actual Startup Time":2199.006,"Actual Total Time":12792.662,"Actual Rows":41960840,"Actual Loops":1,"Output":["l1.ol_o_id","l1.ol_w_id","l1.ol_d_id","l1.ol_delivery_d","stock.s_w_id","stock.s_i_id"],"Hash Cond":"((l1.ol_w_id = stock.s_w_id) AND (l1.ol_i_id = stock.s_i_id))","Rows Removed by Bloom Filter":0,"Shared Hit Blocks":0,"Shared Read Blocks":0,"Shared Dirtied Blocks":0,"Shared Written Blocks":0,"Local Hit Blocks":0,"Local Read Blocks":0,"Local Dirtied Blocks":0,"Local Written Blocks":0,"Temp Read Blocks":0,"Temp Written Blocks":0,"I/O Read Time":0.0,"I/O Write Time":0.0,"Temp I/O Read Time":0.0,"Temp I/O Write Time":0.0,"Plans":[{"Node Type":"Append","Parent Relationship":"Outer","Parallel Aware":false,"Async Capable":false,"Startup Cost":20.0,"Total Cost":1072031.01,"Plan Rows":42039468,"Plan Width":24,"Actual Startup Time":216.327,"Actual Total Time":216.334,"Actual Rows":41960840,"Actual Loops":1,"Shared Hit Blocks":0,"Shared Read Blocks":0,"Shared Dirtied Blocks":0,"Shared Written Blocks":0,"Local Hit Blocks":0,"Local Read Blocks":0,"Local Dirtied Blocks":0,"Local Written Blocks":0,"Temp Read Blocks":0,"Temp Written Blocks":0,"I/O Read Time":0.0,"I/O Write Time":0.0,"Temp I/O Read Time":0.0,"Temp I/O Write Time":0.0,"Subplans Removed":0,"Plans":[{"Node Type":"Custom Scan","Parent Relationship":"Member","Custom Plan Provider":"columnar scan","Parallel Aware":false,"Async Capable":false,"Relation Name":"order_line","Schema":"public","Alias":"l1","Startup Cost":20.0,"Total Cost":1072026.23,"Plan Rows":42039424,"Plan Width":24,"Actual Startup Time":216.324,"Actual Total Time":216.326,"Actual Rows":41960840,"Actual Loops":1,"Output":["l1.ol_o_id","l1.ol_w_id","l1.ol_d_id","l1.ol_i_id","l1.ol_delivery_d"],"Filter":"(l1.ol_delivery_d >= '1992-01-02 20:10:02.27764'::timestamp without time zone)","Rows Removed by Filter":0,"Rows Removed by Columnar Filter":18032921,"Rows Filtered by Bloom Filter":0,"Dictionary Rows Filtered by Bloom Filter":39649,"Columnar cache search mode":"native","Shared Hit Blocks":0,"Shared Read Blocks":0,"Shared Dirtied Blocks":0,"Shared Written Blocks":0,"Local Hit Blocks":0,"Local Read Blocks":0,"Local Dirtied Blocks":0,"Local Written Blocks":0,"Temp Read Blocks":0,"Temp Written Blocks":0,"I/O Read Time":0.0,"I/O Write Time":0.0,"Temp I/O Read Time":0.0,"Temp I/O Write Time":0.0},{"Node Type":"Seq Scan","Parent Relationship":"Member","Parallel Aware":false,"Async Capable":false,"Relation Name":"order_line","Schema":"public","Alias":"l1","Startup Cost":0.0,"Total Cost":4.79,"Plan Rows":44,"Plan Width":24,"Actual Startup Time":0.0,"Actual Total Time":0.0,"Actual Rows":0,"Actual Loops":0,"Output":["l1.ol_o_id","l1.ol_w_id","l1.ol_d_id","l1.ol_i_id","l1.ol_delivery_d"],"Filter":"(l1.ol_delivery_d >= '1992-01-02 20:10:02.27764'::timestamp without time zone)","Rows Removed by Filter":0,"Shared Hit Blocks":0,"Shared Read Blocks":0,"Shared Dirtied Blocks":0,"Shared Written Blocks":0,"Local Hit Blocks":0,"Local Read Blocks":0,"Local Dirtied Blocks":0,"Local Written Blocks":0,"Temp Read Blocks":0,"Temp Written Blocks":0,"I/O Read Time":0.0,"I/O Write Time":0.0,"Temp I/O Read Time":0.0,"Temp I/O Write Time":0.0}]},{"Node Type":"Hash","Parent Relationship":"Inner","Parallel Aware":false,"Async Capable":false,"Startup Cost":390026.22,"Total Cost":390026.22,"Plan Rows":20000212,"Plan Width":6,"Actual Rows":20000000,"Actual Loops":1,"Output":["stock.s_w_id","stock.s_i_id"],"Shared Hit Blocks":0,"Shared Read Blocks":0,"Shared Dirtied Blocks":0,"Shared Written Blocks":0,"Local Hit Blocks":0,"Local Read Blocks":0,"Local Dirtied Blocks":0,"Local Written Blocks":0,"Temp Read Blocks":0,"Temp Written Blocks":0,"I/O Read Time":0.0,"I/O Write Time":0.0,"Temp I/O Read Time":0.0,"Temp I/O Write Time":0.0,"Plans":[{"Node Type":"Append","Parent Relationship":"Outer","Parallel Aware":false,"Async Capable":false,"Startup Cost":20.0,"Total Cost":390026.22,"Plan Rows":20000212,"Plan Width":6,"Actual Startup Time":0.461,"Actual Total Time":0.462,"Actual Rows":20000000,"Actual Loops":1,"Shared Hit Blocks":0,"Shared Read Blocks":0,"Shared Dirtied Blocks":0,"Shared Written Blocks":0,"Local Hit Blocks":0,"Local Read Blocks":0,"Local Dirtied Blocks":0,"Local Written Blocks":0,"Temp Read Blocks":0,"Temp Written Blocks":0,"I/O Read Time":0.0,"I/O Write Time":0.0,"Temp I/O Read Time":0.0,"Temp I/O Write Time":0.0,"Subplans Removed":0,"Plans":[{"Node Type":"Custom Scan","Parent Relationship":"Member","Custom Plan Provider":"columnar scan","Parallel Aware":false,"Async Capable":false,"Relation Name":"stock","Schema":"public","Alias":"stock","Startup Cost":20.0,"Total Cost":390020.1,"Plan Rows":20000000,"Plan Width":6,"Actual Startup Time":0.458,"Actual Total Time":0.458,"Actual Rows":20000000,"Actual Loops":1,"Output":["stock.s_w_id","stock.s_i_id"],"Rows Removed by Columnar Filter":0,"Columnar cache search mode":"native","Shared Hit Blocks":0,"Shared Read Blocks":0,"Shared Dirtied Blocks":0,"Shared Written Blocks":0,"Local Hit Blocks":0,"Local Read Blocks":0,"Local Dirtied Blocks":0,"Local Written Blocks":0,"Temp Read Blocks":0,"Temp Written Blocks":0,"I/O Read Time":0.0,"I/O Write Time":0.0,"Temp I/O Read Time":0.0,"Temp I/O Write Time":0.0},{"Node Type":"Seq Scan","Parent Relationship":"Member","Parallel Aware":false,"Async Capable":false,"Relation Name":"stock","Schema":"public","Alias":"stock","Startup Cost":0.0,"Total Cost":6.12,"Plan Rows":212,"Plan Width":6,"Actual Startup Time":0.0,"Actual Total Time":0.0,"Actual Rows":0,"Actual Loops":0,"Output":["stock.s_w_id","stock.s_i_id"],"Shared Hit Blocks":0,"Shared Read Blocks":0,"Shared Dirtied Blocks":0,"Shared Written Blocks":0,"Local Hit Blocks":0,"Local Read Blocks":0,"Local Dirtied Blocks":0,"Local Written Blocks":0,"Temp Read Blocks":0,"Temp Written Blocks":0,"I/O Read Time":0.0,"I/O Write Time":0.0,"Temp I/O Read Time":0.0,"Temp I/O Write Time":0.0}]}]}]},{"Node Type":"Hash","Parent Relationship":"Inner","Parallel Aware":false,"Async Capable":false,"Startup Cost":317.0,"Total Cost":317.0,"Plan Rows":10000,"Plan Width":27,"Actual Startup Time":2.659,"Actual Total Time":2.661,"Actual Rows":10000,"Actual Loops":1,"Output":["supplier.su_name","supplier.su_suppkey","supplier.su_nationkey"],"Hash Buckets":16384,"Original Hash Buckets":16384,"Hash Batches":1,"Original Hash Batches":1,"Peak Memory Usage":714,"Shared Hit Blocks":217,"Shared Read Blocks":0,"Shared Dirtied Blocks":0,"Shared Written Blocks":0,"Local Hit Blocks":0,"Local Read Blocks":0,"Local Dirtied Blocks":0,"Local Written Blocks":0,"Temp Read Blocks":0,"Temp Written Blocks":0,"I/O Read Time":0.0,"I/O Write Time":0.0,"Temp I/O Read Time":0.0,"Temp I/O Write Time":0.0,"Plans":[{"Node Type":"Seq Scan","Parent Relationship":"Outer","Parallel Aware":false,"Async Capable":false,"Relation Name":"supplier","Schema":"public","Alias":"supplier","Startup Cost":0.0,"Total Cost":317.0,"Plan Rows":10000,"Plan Width":27,"Actual Startup Time":0.013,"Actual Total Time":1.26,"Actual Rows":10000,"Actual Loops":1,"Output":["supplier.su_name","supplier.su_suppkey","supplier.su_nationkey"],"Shared Hit Blocks":217,"Shared Read Blocks":0,"Shared Dirtied Blocks":0,"Shared Written Blocks":0,"Local Hit Blocks":0,"Local Read Blocks":0,"Local Dirtied Blocks":0,"Local Written Blocks":0,"Temp Read Blocks":0,"Temp Written Blocks":0,"I/O Read Time":0.0,"I/O Write Time":0.0,"Temp I/O Read Time":0.0,"Temp I/O Write Time":0.0}]}]},{"Node Type":"Hash","Parent Relationship":"Inner","Parallel Aware":false,"Async Capable":false,"Startup Cost":1.77,"Total Cost":1.77,"Plan Rows":1,"Plan Width":4,"Actual Startup Time":0.028,"Actual Total Time":0.03,"Actual Rows":1,"Actual Loops":1,"Output":["nation.n_nationkey"],"Hash Buckets":1024,"Original Hash Buckets":1024,"Hash Batches":1,"Original Hash Batches":1,"Peak Memory Usage":9,"Shared Hit Blocks":1,"Shared Read Blocks":0,"Shared Dirtied Blocks":0,"Shared Written Blocks":0,"Local Hit Blocks":0,"Local Read Blocks":0,"Local Dirtied Blocks":0,"Local Written Blocks":0,"Temp Read Blocks":0,"Temp Written Blocks":0,"I/O Read Time":0.0,"I/O Write Time":0.0,"Temp I/O Read Time":0.0,"Temp I/O Write Time":0.0,"Plans":[{"Node Type":"Seq Scan","Parent Relationship":"Outer","Parallel Aware":false,"Async Capable":false,"Relation Name":"nation","Schema":"public","Alias":"nation","Startup Cost":0.0,"Total Cost":1.77,"Plan Rows":1,"Plan Width":4,"Actual Startup Time":0.023,"Actual Total Time":0.026,"Actual Rows":1,"Actual Loops":1,"Output":["nation.n_nationkey"],"Filter":"((nation.n_name)::text = 'Cambodia'::text)","Rows Removed by Filter":61,"Shared Hit Blocks":1,"Shared Read Blocks":0,"Shared Dirtied Blocks":0,"Shared Written Blocks":0,"Local Hit Blocks":0,"Local Read Blocks":0,"Local Dirtied Blocks":0,"Local Written Blocks":0,"Temp Read Blocks":0,"Temp Written Blocks":0,"I/O Read Time":0.0,"I/O Write Time":0.0,"Temp I/O Read Time":0.0,"Temp I/O Write Time":0.0}]}]},{"Node Type":"Hash","Parent Relationship":"Inner","Parallel Aware":false,"Async Capable":false,"Startup Cost":119121.6,"Total Cost":119121.6,"Plan Rows":5996324,"Plan Width":20,"Actual Startup Time":2150.233,"Actual Total Time":2150.235,"Actual Rows":5995789,"Actual Loops":1,"Output":["orders.o_id","orders.o_w_id","orders.o_d_id","orders.o_entry_d"],"Hash Buckets":131072,"Original Hash Buckets":131072,"Hash Batches":64,"Original Hash Batches":64,"Peak Memory Usage":6157,"Shared Hit Blocks":44122,"Shared Read Blocks":0,"Shared Dirtied Blocks":0,"Shared Written Blocks":0,"Local Hit Blocks":0,"Local Read Blocks":0,"Local Dirtied Blocks":0,"Local Written Blocks":0,"Temp Read Blocks":0,"Temp Written Blocks":31667,"I/O Read Time":0.0,"I/O Write Time":0.0,"Temp I/O Read Time":0.0,"Temp I/O Write Time":152.976,"Plans":[{"Node Type":"Seq Scan","Parent Relationship":"Outer","Parallel Aware":false,"Async Capable":false,"Relation Name":"orders","Schema":"public","Alias":"orders","Startup Cost":0.0,"Total Cost":119121.6,"Plan Rows":5996324,"Plan Width":20,"Actual Startup Time":0.018,"Actual Total Time":739.478,"Actual Rows":5995789,"Actual Loops":1,"Output":["orders.o_id","orders.o_w_id","orders.o_d_id","orders.o_entry_d"],"Filter":"(orders.o_entry_d >= '1992-01-02 20:10:02.27764'::timestamp without time zone)","Rows Removed by Filter":4211,"Shared Hit Blocks":44122,"Shared Read Blocks":0,"Shared Dirtied Blocks":0,"Shared Written Blocks":0,"Local Hit Blocks":0,"Local Read Blocks":0,"Local Dirtied Blocks":0,"Local Written Blocks":0,"Temp Read Blocks":0,"Temp Written Blocks":0,"I/O Read Time":0.0,"I/O Write Time":0.0,"Temp I/O Read Time":0.0,"Temp I/O Write Time":0.0}]}]},{"Node Type":"Index Scan","Parent Relationship":"Inner","Parallel Aware":false,"Async Capable":false,"Scan Direction":"Forward","Index Name":"order_line_pk","Relation Name":"order_line","Schema":"public","Alias":"l2","Startup Cost":0.56,"Total Cost":35.72,"Plan Rows":2,"Plan Width":20,"Actual Startup Time":0.006,"Actual Total Time":0.006,"Actual Rows":0,"Actual Loops":535880,"Output":["l2.ol_o_id","l2.ol_d_id","l2.ol_w_id","l2.ol_number","l2.ol_i_id","l2.ol_supply_w_id","l2.ol_delivery_d","l2.ol_quantity","l2.ol_amount","l2.ol_dist_info"],"Index Cond":"((l2.ol_w_id = l1.ol_w_id) AND (l2.ol_d_id = l1.ol_d_id) AND (l2.ol_o_id = l1.ol_o_id))","Rows Removed by Index Recheck":0,"Filter":"((l2.ol_delivery_d >= '1992-01-02 20:10:02.27764'::timestamp without time zone) AND (l2.ol_delivery_d > l1.ol_delivery_d))","Rows Removed by Filter":11,"Shared Hit Blocks":2767173,"Shared Read Blocks":0,"Shared Dirtied Blocks":0,"Shared Written Blocks":0,"Local Hit Blocks":0,"Local Read Blocks":0,"Local Dirtied Blocks":0,"Local Written Blocks":0,"Temp Read Blocks":0,"Temp Written Blocks":0,"I/O Read Time":0.0,"I/O Write Time":0.0,"Temp I/O Read Time":0.0,"Temp I/O Write Time":0.0}]}]}]}]},"Planning":{"Shared Hit Blocks":128,"Shared Read Blocks":0,"Shared Dirtied Blocks":0,"Shared Written Blocks":0,"Local Hit Blocks":0,"Local Read Blocks":0,"Local Dirtied Blocks":0,"Local Written Blocks":0,"Temp Read Blocks":0,"Temp Written Blocks":0,"I/O Read Time":0.0,"I/O Write Time":0.0,"Temp I/O Read Time":0.0,"Temp I/O Write Time":0.0},"Planning Time":3.131,"Triggers":[],"Execution Time":31575.746}]
[列存组合]: order_line, orders, supplier
[{"Plan":{"Node Type":"Sort","Parallel Aware":false,"Async Capable":false,"Startup Cost":9506363.16,"Total Cost":9506388.16,"Plan Rows":10000,"Plan Width":27,"Actual Startup Time":35478.459,"Actual Total Time":35478.491,"Actual Rows":156,"Actual Loops":1,"Output":["supplier.su_name","(count(*))"],"Sort Key":["(count(*)) DESC","supplier.su_name"],"Sort Method":"quicksort","Sort Space Used":35,"Sort Space Type":"Memory","Shared Hit Blocks":2865969,"Shared Read Blocks":0,"Shared Dirtied Blocks":0,"Shared Written Blocks":0,"Local Hit Blocks":0,"Local Read Blocks":0,"Local Dirtied Blocks":0,"Local Written Blocks":0,"Temp Read Blocks":208196,"Temp Written Blocks":208207,"I/O Read Time":0.0,"I/O Write Time":0.0,"Temp I/O Read Time":318.478,"Temp I/O Write Time":880.98,"Plans":[{"Node Type":"Aggregate","Strategy":"Sorted","Partial Mode":"Simple","Parent Relationship":"Outer","Parallel Aware":false,"Async Capable":false,"Startup Cost":9504461.32,"Total Cost":9505698.77,"Plan Rows":10000,"Plan Width":27,"Actual Startup Time":35374.625,"Actual Total Time":35478.428,"Actual Rows":156,"Actual Loops":1,"Output":["supplier.su_name","count(*)"],"Group Key":["supplier.su_name"],"Shared Hit Blocks":2865969,"Shared Read Blocks":0,"Shared Dirtied Blocks":0,"Shared Written Blocks":0,"Local Hit Blocks":0,"Local Read Blocks":0,"Local Dirtied Blocks":0,"Local Written Blocks":0,"Temp Read Blocks":208196,"Temp Written Blocks":208207,"I/O Read Time":0.0,"I/O Write Time":0.0,"Temp I/O Read Time":318.478,"Temp I/O Write Time":880.98,"Plans":[{"Node Type":"Sort","Parent Relationship":"Outer","Parallel Aware":false,"Async Capable":false,"Startup Cost":9504461.32,"Total Cost":9504840.47,"Plan Rows":151661,"Plan Width":19,"Actual Startup Time":35374.276,"Actual Total Time":35428.506,"Actual Rows":535880,"Actual Loops":1,"Output":["supplier.su_name"],"Sort Key":["supplier.su_name"],"Sort Method":"external merge","Sort Space Used":15280,"Sort Space Type":"Disk","Shared Hit Blocks":2865969,"Shared Read Blocks":0,"Shared Dirtied Blocks":0,"Shared Written Blocks":0,"Local Hit Blocks":0,"Local Read Blocks":0,"Local Dirtied Blocks":0,"Local Written Blocks":0,"Temp Read Blocks":208196,"Temp Written Blocks":208207,"I/O Read Time":0.0,"I/O Write Time":0.0,"Temp I/O Read Time":318.478,"Temp I/O Write Time":880.98,"Plans":[{"Node Type":"Nested Loop","Parent Relationship":"Outer","Parallel Aware":false,"Async Capable":false,"Join Type":"Anti","Startup Cost":899603.69,"Total Cost":9488299.02,"Plan Rows":151661,"Plan Width":19,"Actual Startup Time":9041.705,"Actual Total Time":35077.871,"Actual Rows":535880,"Actual Loops":1,"Output":["supplier.su_name"],"Inner Unique":false,"Shared Hit Blocks":2865969,"Shared Read Blocks":0,"Shared Dirtied Blocks":0,"Shared Written Blocks":0,"Local Hit Blocks":0,"Local Read Blocks":0,"Local Dirtied Blocks":0,"Local Written Blocks":0,"Temp Read Blocks":206286,"Temp Written Blocks":206286,"I/O Read Time":0.0,"I/O Write Time":0.0,"Temp I/O Read Time":315.655,"Temp I/O Write Time":873.447,"Plans":[{"Node Type":"Hash Join","Parent Relationship":"Outer","Parallel Aware":false,"Async Capable":false,"Join Type":"Inner","Startup Cost":899603.12,"Total Cost":3382878.92,"Plan Rows":227491,"Plan Width":39,"Actual Startup Time":9041.66,"Actual Total Time":31257.54,"Actual Rows":535880,"Actual Loops":1,"Output":["supplier.su_name","l1.ol_o_id","l1.ol_w_id","l1.ol_d_id","l1.ol_delivery_d"],"Inner Unique":true,"Hash Cond":"((l1.ol_o_id = orders.o_id) AND (l1.ol_w_id = orders.o_w_id) AND (l1.ol_d_id = orders.o_d_id))","Join Filter":"(l1.ol_delivery_d > orders.o_entry_d)","Rows Removed by Join Filter":0,"Shared Hit Blocks":98796,"Shared Read Blocks":0,"Shared Dirtied Blocks":0,"Shared Written Blocks":0,"Local Hit Blocks":0,"Local Read Blocks":0,"Local Dirtied Blocks":0,"Local Written Blocks":0,"Temp Read Blocks":206286,"Temp Written Blocks":206286,"I/O Read Time":0.0,"I/O Write Time":0.0,"Temp I/O Read Time":315.655,"Temp I/O Write Time":873.447,"Plans":[{"Node Type":"Hash Join","Parent Relationship":"Outer","Parallel Aware":false,"Async Capable":false,"Join Type":"Inner","Startup Cost":640410.85,"Total Cost":3071169.9,"Plan Rows":682888,"Plan Width":41,"Actual Startup Time":6870.732,"Actual Total Time":28292.35,"Actual Rows":535908,"Actual Loops":1,"Output":["supplier.su_name","stock.s_w_id","l1.ol_o_id","l1.ol_w_id","l1.ol_d_id","l1.ol_delivery_d"],"Inner Unique":false,"Hash Cond":"((l1.ol_w_id = stock.s_w_id) AND (l1.ol_i_id = stock.s_i_id))","Shared Hit Blocks":54674,"Shared Read Blocks":0,"Shared Dirtied Blocks":0,"Shared Written Blocks":0,"Local Hit Blocks":0,"Local Read Blocks":0,"Local Dirtied Blocks":0,"Local Written Blocks":0,"Temp Read Blocks":170148,"Temp Written Blocks":170148,"I/O Read Time":0.0,"I/O Write Time":0.0,"Temp I/O Read Time":255.368,"Temp I/O Write Time":688.924,"Plans":[{"Node Type":"Append","Parent Relationship":"Outer","Parallel Aware":false,"Async Capable":false,"Startup Cost":20.0,"Total Cost":1403598.82,"Plan Rows":42039468,"Plan Width":24,"Actual Startup Time":2.891,"Actual Total Time":11141.772,"Actual Rows":41960840,"Actual Loops":1,"Shared Hit Blocks":0,"Shared Read Blocks":0,"Shared Dirtied Blocks":0,"Shared Written Blocks":0,"Local Hit Blocks":0,"Local Read Blocks":0,"Local Dirtied Blocks":0,"Local Written Blocks":0,"Temp Read Blocks":0,"Temp Written Blocks":0,"I/O Read Time":0.0,"I/O Write Time":0.0,"Temp I/O Read Time":0.0,"Temp I/O Write Time":0.0,"Subplans Removed":0,"Plans":[{"Node Type":"Custom Scan","Parent Relationship":"Member","Custom Plan Provider":"columnar scan","Parallel Aware":false,"Async Capable":false,"Relation Name":"order_line","Schema":"public","Alias":"l1","Startup Cost":20.0,"Total Cost":1072026.23,"Plan Rows":42039424,"Plan Width":24,"Actual Startup Time":2.887,"Actual Total Time":8020.143,"Actual Rows":41960840,"Actual Loops":1,"Output":["l1.ol_o_id","l1.ol_w_id","l1.ol_d_id","l1.ol_i_id","l1.ol_delivery_d"],"Filter":"(l1.ol_delivery_d >= '1992-01-02 20:10:02.27764'::timestamp without time zone)","Rows Removed by Filter":0,"Rows Removed by Columnar Filter":18032921,"Rows Filtered by Bloom Filter":0,"Dictionary Rows Filtered by Bloom Filter":39649,"Columnar cache search mode":"native","Shared Hit Blocks":0,"Shared Read Blocks":0,"Shared Dirtied Blocks":0,"Shared Written Blocks":0,"Local Hit Blocks":0,"Local Read Blocks":0,"Local Dirtied Blocks":0,"Local Written Blocks":0,"Temp Read Blocks":0,"Temp Written Blocks":0,"I/O Read Time":0.0,"I/O Write Time":0.0,"Temp I/O Read Time":0.0,"Temp I/O Write Time":0.0},{"Node Type":"Seq Scan","Parent Relationship":"Member","Parallel Aware":false,"Async Capable":false,"Relation Name":"order_line","Schema":"public","Alias":"l1","Startup Cost":0.0,"Total Cost":4.79,"Plan Rows":44,"Plan Width":24,"Actual Startup Time":0.0,"Actual Total Time":0.0,"Actual Rows":0,"Actual Loops":0,"Output":["l1.ol_o_id","l1.ol_w_id","l1.ol_d_id","l1.ol_i_id","l1.ol_delivery_d"],"Filter":"(l1.ol_delivery_d >= '1992-01-02 20:10:02.27764'::timestamp without time zone)","Rows Removed by Filter":0,"Shared Hit Blocks":0,"Shared Read Blocks":0,"Shared Dirtied Blocks":0,"Shared Written Blocks":0,"Local Hit Blocks":0,"Local Read Blocks":0,"Local Dirtied Blocks":0,"Local Written Blocks":0,"Temp Read Blocks":0,"Temp Written Blocks":0,"I/O Read Time":0.0,"I/O Write Time":0.0,"Temp I/O Read Time":0.0,"Temp I/O Write Time":0.0}]},{"Node Type":"Hash","Parent Relationship":"Inner","Parallel Aware":false,"Async Capable":false,"Startup Cost":633346.09,"Total Cost":633346.09,"Plan Rows":322584,"Plan Width":25,"Actual Startup Time":6867.025,"Actual Total Time":6867.037,"Actual Rows":255450,"Actual Loops":1,"Output":["supplier.su_name","stock.s_w_id","stock.s_i_id"],"Hash Buckets":131072,"Original Hash Buckets":131072,"Hash Batches":4,"Original Hash Batches":4,"Peak Memory Usage":4756,"Shared Hit Blocks":54674,"Shared Read Blocks":0,"Shared Dirtied Blocks":0,"Shared Written Blocks":0,"Local Hit Blocks":0,"Local Read Blocks":0,"Local Dirtied Blocks":0,"Local Written Blocks":0,"Temp Read Blocks":0,"Temp Written Blocks":1122,"I/O Read Time":0.0,"I/O Write Time":0.0,"Temp I/O Read Time":0.0,"Temp I/O Write Time":7.505,"Plans":[{"Node Type":"Hash Join","Parent Relationship":"Outer","Parallel Aware":false,"Async Capable":false,"Join Type":"Inner","Startup Cost":366.25,"Total Cost":633346.09,"Plan Rows":322584,"Plan Width":25,"Actual Startup Time":3.578,"Actual Total Time":6814.322,"Actual Rows":255450,"Actual Loops":1,"Output":["supplier.su_name","stock.s_w_id","stock.s_i_id"],"Inner Unique":true,"Hash Cond":"(supplier.su_nationkey = nation.n_nationkey)","Shared Hit Blocks":54674,"Shared Read Blocks":0,"Shared Dirtied Blocks":0,"Shared Written Blocks":0,"Local Hit Blocks":0,"Local Read Blocks":0,"Local Dirtied Blocks":0,"Local Written Blocks":0,"Temp Read Blocks":0,"Temp Written Blocks":0,"I/O Read Time":0.0,"I/O Write Time":0.0,"Temp I/O Read Time":0.0,"Temp I/O Write Time":0.0,"Plans":[{"Node Type":"Hash Join","Parent Relationship":"Outer","Parallel Aware":false,"Async Capable":false,"Join Type":"Inner","Startup Cost":364.46,"Total Cost":577255.0,"Plan Rows":20000212,"Plan Width":29,"Actual Startup Time":3.522,"Actual Total Time":5509.537,"Actual Rows":20000000,"Actual Loops":1,"Output":["supplier.su_name","supplier.su_nationkey","stock.s_w_id","stock.s_i_id"],"Inner Unique":true,"Hash Cond":"(mod((stock.s_w_id * stock.s_i_id), 10000) = supplier.su_suppkey)","Shared Hit Blocks":54673,"Shared Read Blocks":0,"Shared Dirtied Blocks":0,"Shared Written Blocks":0,"Local Hit Blocks":0,"Local Read Blocks":0,"Local Dirtied Blocks":0,"Local Written Blocks":0,"Temp Read Blocks":0,"Temp Written Blocks":0,"I/O Read Time":0.0,"I/O Write Time":0.0,"Temp I/O Read Time":0.0,"Temp I/O Write Time":0.0,"Plans":[{"Node Type":"Index Only Scan","Parent Relationship":"Outer","Parallel Aware":false,"Async Capable":false,"Scan Direction":"Forward","Index Name":"stock_pk","Relation Name":"stock","Schema":"public","Alias":"stock","Startup Cost":0.44,"Total Cost":519363.62,"Plan Rows":20000212,"Plan Width":6,"Actual Startup Time":0.031,"Actual Total Time":1560.903,"Actual Rows":20000000,"Actual Loops":1,"Output":["stock.s_w_id","stock.s_i_id"],"Heap Fetches":0,"Shared Hit Blocks":54673,"Shared Read Blocks":0,"Shared Dirtied Blocks":0,"Shared Written Blocks":0,"Local Hit Blocks":0,"Local Read Blocks":0,"Local Dirtied Blocks":0,"Local Written Blocks":0,"Temp Read Blocks":0,"Temp Written Blocks":0,"I/O Read Time":0.0,"I/O Write Time":0.0,"Temp I/O Read Time":0.0,"Temp I/O Write Time":0.0},{"Node Type":"Hash","Parent Relationship":"Inner","Parallel Aware":false,"Async Capable":false,"Startup Cost":239.01,"Total Cost":239.01,"Plan Rows":10001,"Plan Width":27,"Actual Startup Time":3.439,"Actual Total Time":3.446,"Actual Rows":10000,"Actual Loops":1,"Output":["supplier.su_name","supplier.su_suppkey","supplier.su_nationkey"],"Hash Buckets":16384,"Original Hash Buckets":16384,"Hash Batches":1,"Original Hash Batches":1,"Peak Memory Usage":714,"Shared Hit Blocks":0,"Shared Read Blocks":0,"Shared Dirtied Blocks":0,"Shared Written Blocks":0,"Local Hit Blocks":0,"Local Read Blocks":0,"Local Dirtied Blocks":0,"Local Written Blocks":0,"Temp Read Blocks":0,"Temp Written Blocks":0,"I/O Read Time":0.0,"I/O Write Time":0.0,"Temp I/O Read Time":0.0,"Temp I/O Write Time":0.0,"Plans":[{"Node Type":"Append","Parent Relationship":"Outer","Parallel Aware":false,"Async Capable":false,"Startup Cost":20.0,"Total Cost":239.01,"Plan Rows":10001,"Plan Width":27,"Actual Startup Time":0.031,"Actual Total Time":2.012,"Actual Rows":10000,"Actual Loops":1,"Shared Hit Blocks":0,"Shared Read Blocks":0,"Shared Dirtied Blocks":0,"Shared Written Blocks":0,"Local Hit Blocks":0,"Local Read Blocks":0,"Local Dirtied Blocks":0,"Local Written Blocks":0,"Temp Read Blocks":0,"Temp Written Blocks":0,"I/O Read Time":0.0,"I/O Write Time":0.0,"Temp I/O Read Time":0.0,"Temp I/O Write Time":0.0,"Subplans Removed":0,"Plans":[{"Node Type":"Custom Scan","Parent Relationship":"Member","Custom Plan Provider":"columnar scan","Parallel Aware":false,"Async Capable":false,"Relation Name":"supplier","Schema":"public","Alias":"supplier","Startup Cost":20.0,"Total Cost":235.0,"Plan Rows":10000,"Plan Width":27,"Actual Startup Time":0.029,"Actual Total Time":1.317,"Actual Rows":10000,"Actual Loops":1,"Output":["supplier.su_name","supplier.su_suppkey","supplier.su_nationkey"],"Rows Removed by Columnar Filter":0,"Columnar cache search mode":"native","Shared Hit Blocks":0,"Shared Read Blocks":0,"Shared Dirtied Blocks":0,"Shared Written Blocks":0,"Local Hit Blocks":0,"Local Read Blocks":0,"Local Dirtied Blocks":0,"Local Written Blocks":0,"Temp Read Blocks":0,"Temp Written Blocks":0,"I/O Read Time":0.0,"I/O Write Time":0.0,"Temp I/O Read Time":0.0,"Temp I/O Write Time":0.0},{"Node Type":"Seq Scan","Parent Relationship":"Member","Parallel Aware":false,"Async Capable":false,"Relation Name":"supplier","Schema":"public","Alias":"supplier","Startup Cost":0.0,"Total Cost":4.01,"Plan Rows":1,"Plan Width":27,"Actual Startup Time":0.0,"Actual Total Time":0.0,"Actual Rows":0,"Actual Loops":0,"Output":["supplier.su_name","supplier.su_suppkey","supplier.su_nationkey"],"Shared Hit Blocks":0,"Shared Read Blocks":0,"Shared Dirtied Blocks":0,"Shared Written Blocks":0,"Local Hit Blocks":0,"Local Read Blocks":0,"Local Dirtied Blocks":0,"Local Written Blocks":0,"Temp Read Blocks":0,"Temp Written Blocks":0,"I/O Read Time":0.0,"I/O Write Time":0.0,"Temp I/O Read Time":0.0,"Temp I/O Write Time":0.0}]}]}]},{"Node Type":"Hash","Parent Relationship":"Inner","Parallel Aware":false,"Async Capable":false,"Startup Cost":1.77,"Total Cost":1.77,"Plan Rows":1,"Plan Width":4,"Actual Startup Time":0.032,"Actual Total Time":0.032,"Actual Rows":1,"Actual Loops":1,"Output":["nation.n_nationkey"],"Hash Buckets":1024,"Original Hash Buckets":1024,"Hash Batches":1,"Original Hash Batches":1,"Peak Memory Usage":9,"Shared Hit Blocks":1,"Shared Read Blocks":0,"Shared Dirtied Blocks":0,"Shared Written Blocks":0,"Local Hit Blocks":0,"Local Read Blocks":0,"Local Dirtied Blocks":0,"Local Written Blocks":0,"Temp Read Blocks":0,"Temp Written Blocks":0,"I/O Read Time":0.0,"I/O Write Time":0.0,"Temp I/O Read Time":0.0,"Temp I/O Write Time":0.0,"Plans":[{"Node Type":"Seq Scan","Parent Relationship":"Outer","Parallel Aware":false,"Async Capable":false,"Relation Name":"nation","Schema":"public","Alias":"nation","Startup Cost":0.0,"Total Cost":1.77,"Plan Rows":1,"Plan Width":4,"Actual Startup Time":0.024,"Actual Total Time":0.027,"Actual Rows":1,"Actual Loops":1,"Output":["nation.n_nationkey"],"Filter":"((nation.n_name)::text = 'Cambodia'::text)","Rows Removed by Filter":61,"Shared Hit Blocks":1,"Shared Read Blocks":0,"Shared Dirtied Blocks":0,"Shared Written Blocks":0,"Local Hit Blocks":0,"Local Read Blocks":0,"Local Dirtied Blocks":0,"Local Written Blocks":0,"Temp Read Blocks":0,"Temp Written Blocks":0,"I/O Read Time":0.0,"I/O Write Time":0.0,"Temp I/O Read Time":0.0,"Temp I/O Write Time":0.0}]}]}]}]},{"Node Type":"Hash","Parent Relationship":"Inner","Parallel Aware":false,"Async Capable":false,"Startup Cost":119121.6,"Total Cost":119121.6,"Plan Rows":5996324,"Plan Width":20,"Actual Startup Time":2166.025,"Actual Total Time":2166.026,"Actual Rows":5995789,"Actual Loops":1,"Output":["orders.o_id","orders.o_w_id","orders.o_d_id","orders.o_entry_d"],"Hash Buckets":131072,"Original Hash Buckets":131072,"Hash Batches":64,"Original Hash Batches":64,"Peak Memory Usage":6157,"Shared Hit Blocks":44122,"Shared Read Blocks":0,"Shared Dirtied Blocks":0,"Shared Written Blocks":0,"Local Hit Blocks":0,"Local Read Blocks":0,"Local Dirtied Blocks":0,"Local Written Blocks":0,"Temp Read Blocks":0,"Temp Written Blocks":31667,"I/O Read Time":0.0,"I/O Write Time":0.0,"Temp I/O Read Time":0.0,"Temp I/O Write Time":155.188,"Plans":[{"Node Type":"Seq Scan","Parent Relationship":"Outer","Parallel Aware":false,"Async Capable":false,"Relation Name":"orders","Schema":"public","Alias":"orders","Startup Cost":0.0,"Total Cost":119121.6,"Plan Rows":5996324,"Plan Width":20,"Actual Startup Time":0.017,"Actual Total Time":743.382,"Actual Rows":5995789,"Actual Loops":1,"Output":["orders.o_id","orders.o_w_id","orders.o_d_id","orders.o_entry_d"],"Filter":"(orders.o_entry_d >= '1992-01-02 20:10:02.27764'::timestamp without time zone)","Rows Removed by Filter":4211,"Shared Hit Blocks":44122,"Shared Read Blocks":0,"Shared Dirtied Blocks":0,"Shared Written Blocks":0,"Local Hit Blocks":0,"Local Read Blocks":0,"Local Dirtied Blocks":0,"Local Written Blocks":0,"Temp Read Blocks":0,"Temp Written Blocks":0,"I/O Read Time":0.0,"I/O Write Time":0.0,"Temp I/O Read Time":0.0,"Temp I/O Write Time":0.0}]}]},{"Node Type":"Index Scan","Parent Relationship":"Inner","Parallel Aware":false,"Async Capable":false,"Scan Direction":"Forward","Index Name":"order_line_pk","Relation Name":"order_line","Schema":"public","Alias":"l2","Startup Cost":0.56,"Total Cost":35.72,"Plan Rows":2,"Plan Width":20,"Actual Startup Time":0.007,"Actual Total Time":0.007,"Actual Rows":0,"Actual Loops":535880,"Output":["l2.ol_o_id","l2.ol_d_id","l2.ol_w_id","l2.ol_number","l2.ol_i_id","l2.ol_supply_w_id","l2.ol_delivery_d","l2.ol_quantity","l2.ol_amount","l2.ol_dist_info"],"Index Cond":"((l2.ol_w_id = l1.ol_w_id) AND (l2.ol_d_id = l1.ol_d_id) AND (l2.ol_o_id = l1.ol_o_id))","Rows Removed by Index Recheck":0,"Filter":"((l2.ol_delivery_d >= '1992-01-02 20:10:02.27764'::timestamp without time zone) AND (l2.ol_delivery_d > l1.ol_delivery_d))","Rows Removed by Filter":11,"Shared Hit Blocks":2767173,"Shared Read Blocks":0,"Shared Dirtied Blocks":0,"Shared Written Blocks":0,"Local Hit Blocks":0,"Local Read Blocks":0,"Local Dirtied Blocks":0,"Local Written Blocks":0,"Temp Read Blocks":0,"Temp Written Blocks":0,"I/O Read Time":0.0,"I/O Write Time":0.0,"Temp I/O Read Time":0.0,"Temp I/O Write Time":0.0}]}]}]}]},"Planning":{"Shared Hit Blocks":128,"Shared Read Blocks":0,"Shared Dirtied Blocks":0,"Shared Written Blocks":0,"Local Hit Blocks":0,"Local Read Blocks":0,"Local Dirtied Blocks":0,"Local Written Blocks":0,"Temp Read Blocks":0,"Temp Written Blocks":0,"I/O Read Time":0.0,"I/O Write Time":0.0,"Temp I/O Read Time":0.0,"Temp I/O Write Time":0.0},"Planning Time":2.038,"Triggers":[],"Execution Time":35481.146}]
[列存组合]: order_line, stock, supplier
[{"Plan":{"Node Type":"Sort","Parallel Aware":false,"Async Capable":false,"Startup Cost":7638371.57,"Total Cost":7638396.57,"Plan Rows":10000,"Plan Width":27,"Actual Startup Time":31621.396,"Actual Total Time":31621.43,"Actual Rows":156,"Actual Loops":1,"Output":["supplier.su_name","(count(*))"],"Sort Key":["(count(*)) DESC","supplier.su_name"],"Sort Method":"quicksort","Sort Space Used":35,"Sort Space Type":"Memory","Shared Hit Blocks":2811296,"Shared Read Blocks":0,"Shared Dirtied Blocks":0,"Shared Written Blocks":0,"Local Hit Blocks":0,"Local Read Blocks":0,"Local Dirtied Blocks":0,"Local Written Blocks":0,"Temp Read Blocks":38048,"Temp Written Blocks":38059,"I/O Read Time":0.0,"I/O Write Time":0.0,"Temp I/O Read Time":60.95,"Temp I/O Write Time":190.026,"Plans":[{"Node Type":"Aggregate","Strategy":"Sorted","Partial Mode":"Simple","Parent Relationship":"Outer","Parallel Aware":false,"Async Capable":false,"Startup Cost":7636469.73,"Total Cost":7637707.18,"Plan Rows":10000,"Plan Width":27,"Actual Startup Time":31517.482,"Actual Total Time":31621.365,"Actual Rows":156,"Actual Loops":1,"Output":["supplier.su_name","count(*)"],"Group Key":["supplier.su_name"],"Shared Hit Blocks":2811296,"Shared Read Blocks":0,"Shared Dirtied Blocks":0,"Shared Written Blocks":0,"Local Hit Blocks":0,"Local Read Blocks":0,"Local Dirtied Blocks":0,"Local Written Blocks":0,"Temp Read Blocks":38048,"Temp Written Blocks":38059,"I/O Read Time":0.0,"I/O Write Time":0.0,"Temp I/O Read Time":60.95,"Temp I/O Write Time":190.026,"Plans":[{"Node Type":"Sort","Parent Relationship":"Outer","Parallel Aware":false,"Async Capable":false,"Startup Cost":7636469.73,"Total Cost":7636848.88,"Plan Rows":151661,"Plan Width":19,"Actual Startup Time":31517.128,"Actual Total Time":31571.694,"Actual Rows":535880,"Actual Loops":1,"Output":["supplier.su_name"],"Sort Key":["supplier.su_name"],"Sort Method":"external merge","Sort Space Used":15280,"Sort Space Type":"Disk","Shared Hit Blocks":2811296,"Shared Read Blocks":0,"Shared Dirtied Blocks":0,"Shared Written Blocks":0,"Local Hit Blocks":0,"Local Read Blocks":0,"Local Dirtied Blocks":0,"Local Written Blocks":0,"Temp Read Blocks":38048,"Temp Written Blocks":38059,"I/O Read Time":0.0,"I/O Write Time":0.0,"Temp I/O Read Time":60.95,"Temp I/O Write Time":190.026,"Plans":[{"Node Type":"Nested Loop","Parent Relationship":"Outer","Parallel Aware":false,"Async Capable":false,"Join Type":"Anti","Startup Cost":318179.24,"Total Cost":7620307.42,"Plan Rows":151661,"Plan Width":19,"Actual Startup Time":4359.278,"Actual Total Time":31225.494,"Actual Rows":535880,"Actual Loops":1,"Output":["supplier.su_name"],"Shared Hit Blocks":2811296,"Shared Read Blocks":0,"Shared Dirtied Blocks":0,"Shared Written Blocks":0,"Local Hit Blocks":0,"Local Read Blocks":0,"Local Dirtied Blocks":0,"Local Written Blocks":0,"Temp Read Blocks":36138,"Temp Written Blocks":36138,"I/O Read Time":0.0,"I/O Write Time":0.0,"Temp I/O Read Time":58.063,"Temp I/O Write Time":182.473,"Plans":[{"Node Type":"Hash Join","Parent Relationship":"Outer","Parallel Aware":false,"Async Capable":false,"Join Type":"Inner","Startup Cost":318178.67,"Total Cost":1514887.33,"Plan Rows":227491,"Plan Width":39,"Actual Startup Time":4359.197,"Actual Total Time":27652.186,"Actual Rows":535880,"Actual Loops":1,"Output":["supplier.su_name","l1.ol_o_id","l1.ol_w_id","l1.ol_d_id","l1.ol_delivery_d"],"Hash Cond":"((l1.ol_o_id = orders.o_id) AND (l1.ol_w_id = orders.o_w_id) AND (l1.ol_d_id = orders.o_d_id))","Join Filter":"(l1.ol_delivery_d > orders.o_entry_d)","Rows Removed by Join Filter":0,"Shared Hit Blocks":44123,"Shared Read Blocks":0,"Shared Dirtied Blocks":0,"Shared Written Blocks":0,"Local Hit Blocks":0,"Local Read Blocks":0,"Local Dirtied Blocks":0,"Local Written Blocks":0,"Temp Read Blocks":36138,"Temp Written Blocks":36138,"I/O Read Time":0.0,"I/O Write Time":0.0,"Temp I/O Read Time":58.063,"Temp I/O Write Time":182.473,"Plans":[{"Node Type":"Hash Join","Parent Relationship":"Outer","Parallel Aware":false,"Async Capable":false,"Join Type":"Inner","Startup Cost":58986.4,"Total Cost":1203178.31,"Plan Rows":682888,"Plan Width":41,"Actual Startup Time":2200.531,"Actual Total Time":24750.437,"Actual Rows":535908,"Actual Loops":1,"Output":["supplier.su_name","stock.s_w_id","l1.ol_o_id","l1.ol_w_id","l1.ol_d_id","l1.ol_delivery_d"],"Hash Cond":"(supplier.su_nationkey = nation.n_nationkey)","Shared Hit Blocks":1,"Shared Read Blocks":0,"Shared Dirtied Blocks":0,"Shared Written Blocks":0,"Local Hit Blocks":0,"Local Read Blocks":0,"Local Dirtied Blocks":0,"Local Written Blocks":0,"Temp Read Blocks":0,"Temp Written Blocks":0,"I/O Read Time":0.0,"I/O Write Time":0.0,"Temp I/O Read Time":0.0,"Temp I/O Write Time":0.0,"Plans":[{"Node Type":"Hash Join","Parent Relationship":"Outer","Parallel Aware":false,"Async Capable":false,"Join Type":"Inner","Startup Cost":58984.62,"Total Cost":1084439.33,"Plan Rows":42339072,"Plan Width":45,"Actual Startup Time":2200.436,"Actual Total Time":21899.53,"Actual Rows":41960840,"Actual Loops":1,"Output":["supplier.su_name","supplier.su_nationkey","stock.s_w_id","l1.ol_o_id","l1.ol_w_id","l1.ol_d_id","l1.ol_delivery_d"],"Hash Cond":"(mod((stock.s_w_id * stock.s_i_id), 10000) = supplier.su_suppkey)","Shared Hit Blocks":0,"Shared Read Blocks":0,"Shared Dirtied Blocks":0,"Shared Written Blocks":0,"Local Hit Blocks":0,"Local Read Blocks":0,"Local Dirtied Blocks":0,"Local Written Blocks":0,"Temp Read Blocks":0,"Temp Written Blocks":0,"I/O Read Time":0.0,"I/O Write Time":0.0,"Temp I/O Read Time":0.0,"Temp I/O Write Time":0.0,"Plans":[{"Node Type":"Hash Join","Parent Relationship":"Outer","Parallel Aware":false,"Async Capable":false,"Join Type":"Inner","Startup Cost":58620.59,"Total Cost":962293.85,"Plan Rows":42339072,"Plan Width":26,"Actual Startup Time":2196.854,"Actual Total Time":12910.361,"Actual Rows":41960840,"Actual Loops":1,"Output":["l1.ol_o_id","l1.ol_w_id","l1.ol_d_id","l1.ol_delivery_d","stock.s_w_id","stock.s_i_id"],"Hash Cond":"((l1.ol_w_id = stock.s_w_id) AND (l1.ol_i_id = stock.s_i_id))","Rows Removed by Bloom Filter":0,"Shared Hit Blocks":0,"Shared Read Blocks":0,"Shared Dirtied Blocks":0,"Shared Written Blocks":0,"Local Hit Blocks":0,"Local Read Blocks":0,"Local Dirtied Blocks":0,"Local Written Blocks":0,"Temp Read Blocks":0,"Temp Written Blocks":0,"I/O Read Time":0.0,"I/O Write Time":0.0,"Temp I/O Read Time":0.0,"Temp I/O Write Time":0.0,"Plans":[{"Node Type":"Append","Parent Relationship":"Outer","Parallel Aware":false,"Async Capable":false,"Startup Cost":20.0,"Total Cost":1072031.01,"Plan Rows":42039468,"Plan Width":24,"Actual Startup Time":217.313,"Actual Total Time":217.32,"Actual Rows":41960840,"Actual Loops":1,"Shared Hit Blocks":0,"Shared Read Blocks":0,"Shared Dirtied Blocks":0,"Shared Written Blocks":0,"Local Hit Blocks":0,"Local Read Blocks":0,"Local Dirtied Blocks":0,"Local Written Blocks":0,"Temp Read Blocks":0,"Temp Written Blocks":0,"I/O Read Time":0.0,"I/O Write Time":0.0,"Temp I/O Read Time":0.0,"Temp I/O Write Time":0.0,"Subplans Removed":0,"Plans":[{"Node Type":"Custom Scan","Parent Relationship":"Member","Custom Plan Provider":"columnar scan","Parallel Aware":false,"Async Capable":false,"Relation Name":"order_line","Schema":"public","Alias":"l1","Startup Cost":20.0,"Total Cost":1072026.23,"Plan Rows":42039424,"Plan Width":24,"Actual Startup Time":217.311,"Actual Total Time":217.312,"Actual Rows":41960840,"Actual Loops":1,"Output":["l1.ol_o_id","l1.ol_w_id","l1.ol_d_id","l1.ol_i_id","l1.ol_delivery_d"],"Filter":"(l1.ol_delivery_d >= '1992-01-02 20:10:02.27764'::timestamp without time zone)","Rows Removed by Filter":0,"Rows Removed by Columnar Filter":18032921,"Rows Filtered by Bloom Filter":0,"Dictionary Rows Filtered by Bloom Filter":39649,"Columnar cache search mode":"native","Shared Hit Blocks":0,"Shared Read Blocks":0,"Shared Dirtied Blocks":0,"Shared Written Blocks":0,"Local Hit Blocks":0,"Local Read Blocks":0,"Local Dirtied Blocks":0,"Local Written Blocks":0,"Temp Read Blocks":0,"Temp Written Blocks":0,"I/O Read Time":0.0,"I/O Write Time":0.0,"Temp I/O Read Time":0.0,"Temp I/O Write Time":0.0},{"Node Type":"Seq Scan","Parent Relationship":"Member","Parallel Aware":false,"Async Capable":false,"Relation Name":"order_line","Schema":"public","Alias":"l1","Startup Cost":0.0,"Total Cost":4.79,"Plan Rows":44,"Plan Width":24,"Actual Startup Time":0.0,"Actual Total Time":0.0,"Actual Rows":0,"Actual Loops":0,"Output":["l1.ol_o_id","l1.ol_w_id","l1.ol_d_id","l1.ol_i_id","l1.ol_delivery_d"],"Filter":"(l1.ol_delivery_d >= '1992-01-02 20:10:02.27764'::timestamp without time zone)","Rows Removed by Filter":0,"Shared Hit Blocks":0,"Shared Read Blocks":0,"Shared Dirtied Blocks":0,"Shared Written Blocks":0,"Local Hit Blocks":0,"Local Read Blocks":0,"Local Dirtied Blocks":0,"Local Written Blocks":0,"Temp Read Blocks":0,"Temp Written Blocks":0,"I/O Read Time":0.0,"I/O Write Time":0.0,"Temp I/O Read Time":0.0,"Temp I/O Write Time":0.0}]},{"Node Type":"Hash","Parent Relationship":"Inner","Parallel Aware":false,"Async Capable":false,"Startup Cost":390026.22,"Total Cost":390026.22,"Plan Rows":20000212,"Plan Width":6,"Actual Rows":20000000,"Actual Loops":1,"Output":["stock.s_w_id","stock.s_i_id"],"Shared Hit Blocks":0,"Shared Read Blocks":0,"Shared Dirtied Blocks":0,"Shared Written Blocks":0,"Local Hit Blocks":0,"Local Read Blocks":0,"Local Dirtied Blocks":0,"Local Written Blocks":0,"Temp Read Blocks":0,"Temp Written Blocks":0,"I/O Read Time":0.0,"I/O Write Time":0.0,"Temp I/O Read Time":0.0,"Temp I/O Write Time":0.0,"Plans":[{"Node Type":"Append","Parent Relationship":"Outer","Parallel Aware":false,"Async Capable":false,"Startup Cost":20.0,"Total Cost":390026.22,"Plan Rows":20000212,"Plan Width":6,"Actual Startup Time":0.441,"Actual Total Time":0.443,"Actual Rows":20000000,"Actual Loops":1,"Shared Hit Blocks":0,"Shared Read Blocks":0,"Shared Dirtied Blocks":0,"Shared Written Blocks":0,"Local Hit Blocks":0,"Local Read Blocks":0,"Local Dirtied Blocks":0,"Local Written Blocks":0,"Temp Read Blocks":0,"Temp Written Blocks":0,"I/O Read Time":0.0,"I/O Write Time":0.0,"Temp I/O Read Time":0.0,"Temp I/O Write Time":0.0,"Subplans Removed":0,"Plans":[{"Node Type":"Custom Scan","Parent Relationship":"Member","Custom Plan Provider":"columnar scan","Parallel Aware":false,"Async Capable":false,"Relation Name":"stock","Schema":"public","Alias":"stock","Startup Cost":20.0,"Total Cost":390020.1,"Plan Rows":20000000,"Plan Width":6,"Actual Startup Time":0.44,"Actual Total Time":0.441,"Actual Rows":20000000,"Actual Loops":1,"Output":["stock.s_w_id","stock.s_i_id"],"Rows Removed by Columnar Filter":0,"Columnar cache search mode":"native","Shared Hit Blocks":0,"Shared Read Blocks":0,"Shared Dirtied Blocks":0,"Shared Written Blocks":0,"Local Hit Blocks":0,"Local Read Blocks":0,"Local Dirtied Blocks":0,"Local Written Blocks":0,"Temp Read Blocks":0,"Temp Written Blocks":0,"I/O Read Time":0.0,"I/O Write Time":0.0,"Temp I/O Read Time":0.0,"Temp I/O Write Time":0.0},{"Node Type":"Seq Scan","Parent Relationship":"Member","Parallel Aware":false,"Async Capable":false,"Relation Name":"stock","Schema":"public","Alias":"stock","Startup Cost":0.0,"Total Cost":6.12,"Plan Rows":212,"Plan Width":6,"Actual Startup Time":0.0,"Actual Total Time":0.0,"Actual Rows":0,"Actual Loops":0,"Output":["stock.s_w_id","stock.s_i_id"],"Shared Hit Blocks":0,"Shared Read Blocks":0,"Shared Dirtied Blocks":0,"Shared Written Blocks":0,"Local Hit Blocks":0,"Local Read Blocks":0,"Local Dirtied Blocks":0,"Local Written Blocks":0,"Temp Read Blocks":0,"Temp Written Blocks":0,"I/O Read Time":0.0,"I/O Write Time":0.0,"Temp I/O Read Time":0.0,"Temp I/O Write Time":0.0}]}]}]},{"Node Type":"Hash","Parent Relationship":"Inner","Parallel Aware":false,"Async Capable":false,"Startup Cost":239.01,"Total Cost":239.01,"Plan Rows":10001,"Plan Width":27,"Actual Startup Time":3.489,"Actual Total Time":3.495,"Actual Rows":10000,"Actual Loops":1,"Output":["supplier.su_name","supplier.su_suppkey","supplier.su_nationkey"],"Hash Buckets":16384,"Original Hash Buckets":16384,"Hash Batches":1,"Original Hash Batches":1,"Peak Memory Usage":714,"Shared Hit Blocks":0,"Shared Read Blocks":0,"Shared Dirtied Blocks":0,"Shared Written Blocks":0,"Local Hit Blocks":0,"Local Read Blocks":0,"Local Dirtied Blocks":0,"Local Written Blocks":0,"Temp Read Blocks":0,"Temp Written Blocks":0,"I/O Read Time":0.0,"I/O Write Time":0.0,"Temp I/O Read Time":0.0,"Temp I/O Write Time":0.0,"Plans":[{"Node Type":"Append","Parent Relationship":"Outer","Parallel Aware":false,"Async Capable":false,"Startup Cost":20.0,"Total Cost":239.01,"Plan Rows":10001,"Plan Width":27,"Actual Startup Time":0.035,"Actual Total Time":2.04,"Actual Rows":10000,"Actual Loops":1,"Shared Hit Blocks":0,"Shared Read Blocks":0,"Shared Dirtied Blocks":0,"Shared Written Blocks":0,"Local Hit Blocks":0,"Local Read Blocks":0,"Local Dirtied Blocks":0,"Local Written Blocks":0,"Temp Read Blocks":0,"Temp Written Blocks":0,"I/O Read Time":0.0,"I/O Write Time":0.0,"Temp I/O Read Time":0.0,"Temp I/O Write Time":0.0,"Subplans Removed":0,"Plans":[{"Node Type":"Custom Scan","Parent Relationship":"Member","Custom Plan Provider":"columnar scan","Parallel Aware":false,"Async Capable":false,"Relation Name":"supplier","Schema":"public","Alias":"supplier","Startup Cost":20.0,"Total Cost":235.0,"Plan Rows":10000,"Plan Width":27,"Actual Startup Time":0.034,"Actual Total Time":1.316,"Actual Rows":10000,"Actual Loops":1,"Output":["supplier.su_name","supplier.su_suppkey","supplier.su_nationkey"],"Rows Removed by Columnar Filter":0,"Columnar cache search mode":"native","Shared Hit Blocks":0,"Shared Read Blocks":0,"Shared Dirtied Blocks":0,"Shared Written Blocks":0,"Local Hit Blocks":0,"Local Read Blocks":0,"Local Dirtied Blocks":0,"Local Written Blocks":0,"Temp Read Blocks":0,"Temp Written Blocks":0,"I/O Read Time":0.0,"I/O Write Time":0.0,"Temp I/O Read Time":0.0,"Temp I/O Write Time":0.0},{"Node Type":"Seq Scan","Parent Relationship":"Member","Parallel Aware":false,"Async Capable":false,"Relation Name":"supplier","Schema":"public","Alias":"supplier","Startup Cost":0.0,"Total Cost":4.01,"Plan Rows":1,"Plan Width":27,"Actual Startup Time":0.0,"Actual Total Time":0.0,"Actual Rows":0,"Actual Loops":0,"Output":["supplier.su_name","supplier.su_suppkey","supplier.su_nationkey"],"Shared Hit Blocks":0,"Shared Read Blocks":0,"Shared Dirtied Blocks":0,"Shared Written Blocks":0,"Local Hit Blocks":0,"Local Read Blocks":0,"Local Dirtied Blocks":0,"Local Written Blocks":0,"Temp Read Blocks":0,"Temp Written Blocks":0,"I/O Read Time":0.0,"I/O Write Time":0.0,"Temp I/O Read Time":0.0,"Temp I/O Write Time":0.0}]}]}]},{"Node Type":"Hash","Parent Relationship":"Inner","Parallel Aware":false,"Async Capable":false,"Startup Cost":1.77,"Total Cost":1.77,"Plan Rows":1,"Plan Width":4,"Actual Startup Time":0.023,"Actual Total Time":0.025,"Actual Rows":1,"Actual Loops":1,"Output":["nation.n_nationkey"],"Hash Buckets":1024,"Original Hash Buckets":1024,"Hash Batches":1,"Original Hash Batches":1,"Peak Memory Usage":9,"Shared Hit Blocks":1,"Shared Read Blocks":0,"Shared Dirtied Blocks":0,"Shared Written Blocks":0,"Local Hit Blocks":0,"Local Read Blocks":0,"Local Dirtied Blocks":0,"Local Written Blocks":0,"Temp Read Blocks":0,"Temp Written Blocks":0,"I/O Read Time":0.0,"I/O Write Time":0.0,"Temp I/O Read Time":0.0,"Temp I/O Write Time":0.0,"Plans":[{"Node Type":"Seq Scan","Parent Relationship":"Outer","Parallel Aware":false,"Async Capable":false,"Relation Name":"nation","Schema":"public","Alias":"nation","Startup Cost":0.0,"Total Cost":1.77,"Plan Rows":1,"Plan Width":4,"Actual Startup Time":0.018,"Actual Total Time":0.02,"Actual Rows":1,"Actual Loops":1,"Output":["nation.n_nationkey"],"Filter":"((nation.n_name)::text = 'Cambodia'::text)","Rows Removed by Filter":61,"Shared Hit Blocks":1,"Shared Read Blocks":0,"Shared Dirtied Blocks":0,"Shared Written Blocks":0,"Local Hit Blocks":0,"Local Read Blocks":0,"Local Dirtied Blocks":0,"Local Written Blocks":0,"Temp Read Blocks":0,"Temp Written Blocks":0,"I/O Read Time":0.0,"I/O Write Time":0.0,"Temp I/O Read Time":0.0,"Temp I/O Write Time":0.0}]}]},{"Node Type":"Hash","Parent Relationship":"Inner","Parallel Aware":false,"Async Capable":false,"Startup Cost":119121.6,"Total Cost":119121.6,"Plan Rows":5996324,"Plan Width":20,"Actual Startup Time":2153.408,"Actual Total Time":2153.408,"Actual Rows":5995789,"Actual Loops":1,"Output":["orders.o_id","orders.o_w_id","orders.o_d_id","orders.o_entry_d"],"Hash Buckets":131072,"Original Hash Buckets":131072,"Hash Batches":64,"Original Hash Batches":64,"Peak Memory Usage":6157,"Shared Hit Blocks":44122,"Shared Read Blocks":0,"Shared Dirtied Blocks":0,"Shared Written Blocks":0,"Local Hit Blocks":0,"Local Read Blocks":0,"Local Dirtied Blocks":0,"Local Written Blocks":0,"Temp Read Blocks":0,"Temp Written Blocks":31667,"I/O Read Time":0.0,"I/O Write Time":0.0,"Temp I/O Read Time":0.0,"Temp I/O Write Time":148.115,"Plans":[{"Node Type":"Seq Scan","Parent Relationship":"Outer","Parallel Aware":false,"Async Capable":false,"Relation Name":"orders","Schema":"public","Alias":"orders","Startup Cost":0.0,"Total Cost":119121.6,"Plan Rows":5996324,"Plan Width":20,"Actual Startup Time":0.017,"Actual Total Time":739.439,"Actual Rows":5995789,"Actual Loops":1,"Output":["orders.o_id","orders.o_w_id","orders.o_d_id","orders.o_entry_d"],"Filter":"(orders.o_entry_d >= '1992-01-02 20:10:02.27764'::timestamp without time zone)","Rows Removed by Filter":4211,"Shared Hit Blocks":44122,"Shared Read Blocks":0,"Shared Dirtied Blocks":0,"Shared Written Blocks":0,"Local Hit Blocks":0,"Local Read Blocks":0,"Local Dirtied Blocks":0,"Local Written Blocks":0,"Temp Read Blocks":0,"Temp Written Blocks":0,"I/O Read Time":0.0,"I/O Write Time":0.0,"Temp I/O Read Time":0.0,"Temp I/O Write Time":0.0}]}]},{"Node Type":"Index Scan","Parent Relationship":"Inner","Parallel Aware":false,"Async Capable":false,"Scan Direction":"Forward","Index Name":"order_line_pk","Relation Name":"order_line","Schema":"public","Alias":"l2","Startup Cost":0.56,"Total Cost":35.72,"Plan Rows":2,"Plan Width":20,"Actual Startup Time":0.006,"Actual Total Time":0.006,"Actual Rows":0,"Actual Loops":535880,"Output":["l2.ol_o_id","l2.ol_d_id","l2.ol_w_id","l2.ol_number","l2.ol_i_id","l2.ol_supply_w_id","l2.ol_delivery_d","l2.ol_quantity","l2.ol_amount","l2.ol_dist_info"],"Index Cond":"((l2.ol_w_id = l1.ol_w_id) AND (l2.ol_d_id = l1.ol_d_id) AND (l2.ol_o_id = l1.ol_o_id))","Rows Removed by Index Recheck":0,"Filter":"((l2.ol_delivery_d >= '1992-01-02 20:10:02.27764'::timestamp without time zone) AND (l2.ol_delivery_d > l1.ol_delivery_d))","Rows Removed by Filter":11,"Shared Hit Blocks":2767173,"Shared Read Blocks":0,"Shared Dirtied Blocks":0,"Shared Written Blocks":0,"Local Hit Blocks":0,"Local Read Blocks":0,"Local Dirtied Blocks":0,"Local Written Blocks":0,"Temp Read Blocks":0,"Temp Written Blocks":0,"I/O Read Time":0.0,"I/O Write Time":0.0,"Temp I/O Read Time":0.0,"Temp I/O Write Time":0.0}]}]}]}]},"Planning":{"Shared Hit Blocks":128,"Shared Read Blocks":0,"Shared Dirtied Blocks":0,"Shared Written Blocks":0,"Local Hit Blocks":0,"Local Read Blocks":0,"Local Dirtied Blocks":0,"Local Written Blocks":0,"Temp Read Blocks":0,"Temp Written Blocks":0,"I/O Read Time":0.0,"I/O Write Time":0.0,"Temp I/O Read Time":0.0,"Temp I/O Write Time":0.0},"Planning Time":3.159,"Triggers":[],"Execution Time":31625.327}]
[列存组合]: orders, stock, supplier
[{"Plan":{"Node Type":"Sort","Parallel Aware":false,"Async Capable":false,"Startup Cost":9534435.14,"Total Cost":9534460.14,"Plan Rows":10000,"Plan Width":27,"Actual Startup Time":30193.443,"Actual Total Time":30193.469,"Actual Rows":156,"Actual Loops":1,"Output":["supplier.su_name","(count(*))"],"Sort Key":["(count(*)) DESC","supplier.su_name"],"Sort Method":"quicksort","Sort Space Used":35,"Sort Space Type":"Memory","Shared Hit Blocks":3547717,"Shared Read Blocks":0,"Shared Dirtied Blocks":0,"Shared Written Blocks":0,"Local Hit Blocks":0,"Local Read Blocks":0,"Local Dirtied Blocks":0,"Local Written Blocks":0,"Temp Read Blocks":208358,"Temp Written Blocks":208369,"I/O Read Time":0.0,"I/O Write Time":0.0,"Temp I/O Read Time":308.409,"Temp I/O Write Time":845.37,"Plans":[{"Node Type":"Aggregate","Strategy":"Sorted","Partial Mode":"Simple","Parent Relationship":"Outer","Parallel Aware":false,"Async Capable":false,"Startup Cost":9532533.29,"Total Cost":9533770.75,"Plan Rows":10000,"Plan Width":27,"Actual Startup Time":30089.448,"Actual Total Time":30193.406,"Actual Rows":156,"Actual Loops":1,"Output":["supplier.su_name","count(*)"],"Group Key":["supplier.su_name"],"Shared Hit Blocks":3547717,"Shared Read Blocks":0,"Shared Dirtied Blocks":0,"Shared Written Blocks":0,"Local Hit Blocks":0,"Local Read Blocks":0,"Local Dirtied Blocks":0,"Local Written Blocks":0,"Temp Read Blocks":208358,"Temp Written Blocks":208369,"I/O Read Time":0.0,"I/O Write Time":0.0,"Temp I/O Read Time":308.409,"Temp I/O Write Time":845.37,"Plans":[{"Node Type":"Sort","Parent Relationship":"Outer","Parallel Aware":false,"Async Capable":false,"Startup Cost":9532533.29,"Total Cost":9532912.45,"Plan Rows":151661,"Plan Width":19,"Actual Startup Time":30089.095,"Actual Total Time":30143.277,"Actual Rows":535880,"Actual Loops":1,"Output":["supplier.su_name"],"Sort Key":["supplier.su_name"],"Sort Method":"external merge","Sort Space Used":15280,"Sort Space Type":"Disk","Shared Hit Blocks":3547717,"Shared Read Blocks":0,"Shared Dirtied Blocks":0,"Shared Written Blocks":0,"Local Hit Blocks":0,"Local Read Blocks":0,"Local Dirtied Blocks":0,"Local Written Blocks":0,"Temp Read Blocks":208358,"Temp Written Blocks":208369,"I/O Read Time":0.0,"I/O Write Time":0.0,"Temp I/O Read Time":308.409,"Temp I/O Write Time":845.37,"Plans":[{"Node Type":"Nested Loop","Parent Relationship":"Outer","Parallel Aware":false,"Async Capable":false,"Join Type":"Anti","Startup Cost":899583.69,"Total Cost":9516370.99,"Plan Rows":151661,"Plan Width":19,"Actual Startup Time":8662.954,"Actual Total Time":29795.463,"Actual Rows":535880,"Actual Loops":1,"Output":["supplier.su_name"],"Inner Unique":false,"Shared Hit Blocks":3547717,"Shared Read Blocks":0,"Shared Dirtied Blocks":0,"Shared Written Blocks":0,"Local Hit Blocks":0,"Local Read Blocks":0,"Local Dirtied Blocks":0,"Local Written Blocks":0,"Temp Read Blocks":206448,"Temp Written Blocks":206448,"I/O Read Time":0.0,"I/O Write Time":0.0,"Temp I/O Read Time":305.5,"Temp I/O Write Time":837.863,"Plans":[{"Node Type":"Hash Join","Parent Relationship":"Outer","Parallel Aware":false,"Async Capable":false,"Join Type":"Inner","Startup Cost":899583.12,"Total Cost":3410950.89,"Plan Rows":227491,"Plan Width":39,"Actual Startup Time":8662.912,"Actual Total Time":26058.945,"Actual Rows":535880,"Actual Loops":1,"Output":["supplier.su_name","l1.ol_o_id","l1.ol_w_id","l1.ol_d_id","l1.ol_delivery_d"],"Inner Unique":true,"Hash Cond":"((l1.ol_o_id = orders.o_id) AND (l1.ol_w_id = orders.o_w_id) AND (l1.ol_d_id = orders.o_d_id))","Join Filter":"(l1.ol_delivery_d > orders.o_entry_d)","Rows Removed by Join Filter":0,"Shared Hit Blocks":780544,"Shared Read Blocks":0,"Shared Dirtied Blocks":0,"Shared Written Blocks":0,"Local Hit Blocks":0,"Local Read Blocks":0,"Local Dirtied Blocks":0,"Local Written Blocks":0,"Temp Read Blocks":206448,"Temp Written Blocks":206448,"I/O Read Time":0.0,"I/O Write Time":0.0,"Temp I/O Read Time":305.5,"Temp I/O Write Time":837.863,"Plans":[{"Node Type":"Hash Join","Parent Relationship":"Outer","Parallel Aware":false,"Async Capable":false,"Join Type":"Inner","Startup Cost":640390.85,"Total Cost":3099241.88,"Plan Rows":682888,"Plan Width":41,"Actual Startup Time":6922.425,"Actual Total Time":23529.324,"Actual Rows":536421,"Actual Loops":1,"Output":["supplier.su_name","stock.s_w_id","l1.ol_o_id","l1.ol_w_id","l1.ol_d_id","l1.ol_delivery_d"],"Inner Unique":false,"Hash Cond":"((l1.ol_w_id = stock.s_w_id) AND (l1.ol_i_id = stock.s_i_id))","Shared Hit Blocks":736422,"Shared Read Blocks":0,"Shared Dirtied Blocks":0,"Shared Written Blocks":0,"Local Hit Blocks":0,"Local Read Blocks":0,"Local Dirtied Blocks":0,"Local Written Blocks":0,"Temp Read Blocks":170308,"Temp Written Blocks":170308,"I/O Read Time":0.0,"I/O Write Time":0.0,"Temp I/O Read Time":246.553,"Temp I/O Write Time":667.694,"Plans":[{"Node Type":"Seq Scan","Parent Relationship":"Outer","Parallel Aware":false,"Async Capable":false,"Relation Name":"order_line","Schema":"public","Alias":"l1","Startup Cost":0.0,"Total Cost":1431670.8,"Plan Rows":42039468,"Plan Width":24,"Actual Startup Time":0.021,"Actual Total Time":6838.691,"Actual Rows":42000489,"Actual Loops":1,"Output":["l1.ol_o_id","l1.ol_w_id","l1.ol_d_id","l1.ol_i_id","l1.ol_delivery_d"],"Filter":"(l1.ol_delivery_d >= '1992-01-02 20:10:02.27764'::timestamp without time zone)","Rows Removed by Filter":17993272,"Shared Hit Blocks":681748,"Shared Read Blocks":0,"Shared Dirtied Blocks":0,"Shared Written Blocks":0,"Local Hit Blocks":0,"Local Read Blocks":0,"Local Dirtied Blocks":0,"Local Written Blocks":0,"Temp Read Blocks":0,"Temp Written Blocks":0,"I/O Read Time":0.0,"I/O Write Time":0.0,"Temp I/O Read Time":0.0,"Temp I/O Write Time":0.0},{"Node Type":"Hash","Parent Relationship":"Inner","Parallel Aware":false,"Async Capable":false,"Startup Cost":633346.09,"Total Cost":633346.09,"Plan Rows":322584,"Plan Width":25,"Actual Startup Time":6921.676,"Actual Total Time":6921.69,"Actual Rows":255450,"Actual Loops":1,"Output":["supplier.su_name","stock.s_w_id","stock.s_i_id"],"Hash Buckets":131072,"Original Hash Buckets":131072,"Hash Batches":4,"Original Hash Batches":4,"Peak Memory Usage":4756,"Shared Hit Blocks":54674,"Shared Read Blocks":0,"Shared Dirtied Blocks":0,"Shared Written Blocks":0,"Local Hit Blocks":0,"Local Read Blocks":0,"Local Dirtied Blocks":0,"Local Written Blocks":0,"Temp Read Blocks":0,"Temp Written Blocks":1122,"I/O Read Time":0.0,"I/O Write Time":0.0,"Temp I/O Read Time":0.0,"Temp I/O Write Time":6.956,"Plans":[{"Node Type":"Hash Join","Parent Relationship":"Outer","Parallel Aware":false,"Async Capable":false,"Join Type":"Inner","Startup Cost":366.25,"Total Cost":633346.09,"Plan Rows":322584,"Plan Width":25,"Actual Startup Time":3.586,"Actual Total Time":6870.012,"Actual Rows":255450,"Actual Loops":1,"Output":["supplier.su_name","stock.s_w_id","stock.s_i_id"],"Inner Unique":true,"Hash Cond":"(supplier.su_nationkey = nation.n_nationkey)","Shared Hit Blocks":54674,"Shared Read Blocks":0,"Shared Dirtied Blocks":0,"Shared Written Blocks":0,"Local Hit Blocks":0,"Local Read Blocks":0,"Local Dirtied Blocks":0,"Local Written Blocks":0,"Temp Read Blocks":0,"Temp Written Blocks":0,"I/O Read Time":0.0,"I/O Write Time":0.0,"Temp I/O Read Time":0.0,"Temp I/O Write Time":0.0,"Plans":[{"Node Type":"Hash Join","Parent Relationship":"Outer","Parallel Aware":false,"Async Capable":false,"Join Type":"Inner","Startup Cost":364.46,"Total Cost":577255.0,"Plan Rows":20000212,"Plan Width":29,"Actual Startup Time":3.542,"Actual Total Time":5574.415,"Actual Rows":20000000,"Actual Loops":1,"Output":["supplier.su_name","supplier.su_nationkey","stock.s_w_id","stock.s_i_id"],"Inner Unique":true,"Hash Cond":"(mod((stock.s_w_id * stock.s_i_id), 10000) = supplier.su_suppkey)","Shared Hit Blocks":54673,"Shared Read Blocks":0,"Shared Dirtied Blocks":0,"Shared Written Blocks":0,"Local Hit Blocks":0,"Local Read Blocks":0,"Local Dirtied Blocks":0,"Local Written Blocks":0,"Temp Read Blocks":0,"Temp Written Blocks":0,"I/O Read Time":0.0,"I/O Write Time":0.0,"Temp I/O Read Time":0.0,"Temp I/O Write Time":0.0,"Plans":[{"Node Type":"Index Only Scan","Parent Relationship":"Outer","Parallel Aware":false,"Async Capable":false,"Scan Direction":"Forward","Index Name":"stock_pk","Relation Name":"stock","Schema":"public","Alias":"stock","Startup Cost":0.44,"Total Cost":519363.62,"Plan Rows":20000212,"Plan Width":6,"Actual Startup Time":0.029,"Actual Total Time":1533.674,"Actual Rows":20000000,"Actual Loops":1,"Output":["stock.s_w_id","stock.s_i_id"],"Heap Fetches":0,"Shared Hit Blocks":54673,"Shared Read Blocks":0,"Shared Dirtied Blocks":0,"Shared Written Blocks":0,"Local Hit Blocks":0,"Local Read Blocks":0,"Local Dirtied Blocks":0,"Local Written Blocks":0,"Temp Read Blocks":0,"Temp Written Blocks":0,"I/O Read Time":0.0,"I/O Write Time":0.0,"Temp I/O Read Time":0.0,"Temp I/O Write Time":0.0},{"Node Type":"Hash","Parent Relationship":"Inner","Parallel Aware":false,"Async Capable":false,"Startup Cost":239.01,"Total Cost":239.01,"Plan Rows":10001,"Plan Width":27,"Actual Startup Time":3.461,"Actual Total Time":3.467,"Actual Rows":10000,"Actual Loops":1,"Output":["supplier.su_name","supplier.su_suppkey","supplier.su_nationkey"],"Hash Buckets":16384,"Original Hash Buckets":16384,"Hash Batches":1,"Original Hash Batches":1,"Peak Memory Usage":714,"Shared Hit Blocks":0,"Shared Read Blocks":0,"Shared Dirtied Blocks":0,"Shared Written Blocks":0,"Local Hit Blocks":0,"Local Read Blocks":0,"Local Dirtied Blocks":0,"Local Written Blocks":0,"Temp Read Blocks":0,"Temp Written Blocks":0,"I/O Read Time":0.0,"I/O Write Time":0.0,"Temp I/O Read Time":0.0,"Temp I/O Write Time":0.0,"Plans":[{"Node Type":"Append","Parent Relationship":"Outer","Parallel Aware":false,"Async Capable":false,"Startup Cost":20.0,"Total Cost":239.01,"Plan Rows":10001,"Plan Width":27,"Actual Startup Time":0.034,"Actual Total Time":2.031,"Actual Rows":10000,"Actual Loops":1,"Shared Hit Blocks":0,"Shared Read Blocks":0,"Shared Dirtied Blocks":0,"Shared Written Blocks":0,"Local Hit Blocks":0,"Local Read Blocks":0,"Local Dirtied Blocks":0,"Local Written Blocks":0,"Temp Read Blocks":0,"Temp Written Blocks":0,"I/O Read Time":0.0,"I/O Write Time":0.0,"Temp I/O Read Time":0.0,"Temp I/O Write Time":0.0,"Subplans Removed":0,"Plans":[{"Node Type":"Custom Scan","Parent Relationship":"Member","Custom Plan Provider":"columnar scan","Parallel Aware":false,"Async Capable":false,"Relation Name":"supplier","Schema":"public","Alias":"supplier","Startup Cost":20.0,"Total Cost":235.0,"Plan Rows":10000,"Plan Width":27,"Actual Startup Time":0.032,"Actual Total Time":1.331,"Actual Rows":10000,"Actual Loops":1,"Output":["supplier.su_name","supplier.su_suppkey","supplier.su_nationkey"],"Rows Removed by Columnar Filter":0,"Columnar cache search mode":"native","Shared Hit Blocks":0,"Shared Read Blocks":0,"Shared Dirtied Blocks":0,"Shared Written Blocks":0,"Local Hit Blocks":0,"Local Read Blocks":0,"Local Dirtied Blocks":0,"Local Written Blocks":0,"Temp Read Blocks":0,"Temp Written Blocks":0,"I/O Read Time":0.0,"I/O Write Time":0.0,"Temp I/O Read Time":0.0,"Temp I/O Write Time":0.0},{"Node Type":"Seq Scan","Parent Relationship":"Member","Parallel Aware":false,"Async Capable":false,"Relation Name":"supplier","Schema":"public","Alias":"supplier","Startup Cost":0.0,"Total Cost":4.01,"Plan Rows":1,"Plan Width":27,"Actual Startup Time":0.0,"Actual Total Time":0.0,"Actual Rows":0,"Actual Loops":0,"Output":["supplier.su_name","supplier.su_suppkey","supplier.su_nationkey"],"Shared Hit Blocks":0,"Shared Read Blocks":0,"Shared Dirtied Blocks":0,"Shared Written Blocks":0,"Local Hit Blocks":0,"Local Read Blocks":0,"Local Dirtied Blocks":0,"Local Written Blocks":0,"Temp Read Blocks":0,"Temp Written Blocks":0,"I/O Read Time":0.0,"I/O Write Time":0.0,"Temp I/O Read Time":0.0,"Temp I/O Write Time":0.0}]}]}]},{"Node Type":"Hash","Parent Relationship":"Inner","Parallel Aware":false,"Async Capable":false,"Startup Cost":1.77,"Total Cost":1.77,"Plan Rows":1,"Plan Width":4,"Actual Startup Time":0.022,"Actual Total Time":0.023,"Actual Rows":1,"Actual Loops":1,"Output":["nation.n_nationkey"],"Hash Buckets":1024,"Original Hash Buckets":1024,"Hash Batches":1,"Original Hash Batches":1,"Peak Memory Usage":9,"Shared Hit Blocks":1,"Shared Read Blocks":0,"Shared Dirtied Blocks":0,"Shared Written Blocks":0,"Local Hit Blocks":0,"Local Read Blocks":0,"Local Dirtied Blocks":0,"Local Written Blocks":0,"Temp Read Blocks":0,"Temp Written Blocks":0,"I/O Read Time":0.0,"I/O Write Time":0.0,"Temp I/O Read Time":0.0,"Temp I/O Write Time":0.0,"Plans":[{"Node Type":"Seq Scan","Parent Relationship":"Outer","Parallel Aware":false,"Async Capable":false,"Relation Name":"nation","Schema":"public","Alias":"nation","Startup Cost":0.0,"Total Cost":1.77,"Plan Rows":1,"Plan Width":4,"Actual Startup Time":0.014,"Actual Total Time":0.017,"Actual Rows":1,"Actual Loops":1,"Output":["nation.n_nationkey"],"Filter":"((nation.n_name)::text = 'Cambodia'::text)","Rows Removed by Filter":61,"Shared Hit Blocks":1,"Shared Read Blocks":0,"Shared Dirtied Blocks":0,"Shared Written Blocks":0,"Local Hit Blocks":0,"Local Read Blocks":0,"Local Dirtied Blocks":0,"Local Written Blocks":0,"Temp Read Blocks":0,"Temp Written Blocks":0,"I/O Read Time":0.0,"I/O Write Time":0.0,"Temp I/O Read Time":0.0,"Temp I/O Write Time":0.0}]}]}]}]},{"Node Type":"Hash","Parent Relationship":"Inner","Parallel Aware":false,"Async Capable":false,"Startup Cost":119121.6,"Total Cost":119121.6,"Plan Rows":5996324,"Plan Width":20,"Actual Startup Time":1739.269,"Actual Total Time":1739.27,"Actual Rows":5995789,"Actual Loops":1,"Output":["orders.o_id","orders.o_w_id","orders.o_d_id","orders.o_entry_d"],"Hash Buckets":131072,"Original Hash Buckets":131072,"Hash Batches":64,"Original Hash Batches":64,"Peak Memory Usage":6157,"Shared Hit Blocks":44122,"Shared Read Blocks":0,"Shared Dirtied Blocks":0,"Shared Written Blocks":0,"Local Hit Blocks":0,"Local Read Blocks":0,"Local Dirtied Blocks":0,"Local Written Blocks":0,"Temp Read Blocks":0,"Temp Written Blocks":31667,"I/O Read Time":0.0,"I/O Write Time":0.0,"Temp I/O Read Time":0.0,"Temp I/O Write Time":142.508,"Plans":[{"Node Type":"Seq Scan","Parent Relationship":"Outer","Parallel Aware":false,"Async Capable":false,"Relation Name":"orders","Schema":"public","Alias":"orders","Startup Cost":0.0,"Total Cost":119121.6,"Plan Rows":5996324,"Plan Width":20,"Actual Startup Time":0.013,"Actual Total Time":712.176,"Actual Rows":5995789,"Actual Loops":1,"Output":["orders.o_id","orders.o_w_id","orders.o_d_id","orders.o_entry_d"],"Filter":"(orders.o_entry_d >= '1992-01-02 20:10:02.27764'::timestamp without time zone)","Rows Removed by Filter":4211,"Shared Hit Blocks":44122,"Shared Read Blocks":0,"Shared Dirtied Blocks":0,"Shared Written Blocks":0,"Local Hit Blocks":0,"Local Read Blocks":0,"Local Dirtied Blocks":0,"Local Written Blocks":0,"Temp Read Blocks":0,"Temp Written Blocks":0,"I/O Read Time":0.0,"I/O Write Time":0.0,"Temp I/O Read Time":0.0,"Temp I/O Write Time":0.0}]}]},{"Node Type":"Index Scan","Parent Relationship":"Inner","Parallel Aware":false,"Async Capable":false,"Scan Direction":"Forward","Index Name":"order_line_pk","Relation Name":"order_line","Schema":"public","Alias":"l2","Startup Cost":0.56,"Total Cost":35.72,"Plan Rows":2,"Plan Width":20,"Actual Startup Time":0.007,"Actual Total Time":0.007,"Actual Rows":0,"Actual Loops":535880,"Output":["l2.ol_o_id","l2.ol_d_id","l2.ol_w_id","l2.ol_number","l2.ol_i_id","l2.ol_supply_w_id","l2.ol_delivery_d","l2.ol_quantity","l2.ol_amount","l2.ol_dist_info"],"Index Cond":"((l2.ol_w_id = l1.ol_w_id) AND (l2.ol_d_id = l1.ol_d_id) AND (l2.ol_o_id = l1.ol_o_id))","Rows Removed by Index Recheck":0,"Filter":"((l2.ol_delivery_d >= '1992-01-02 20:10:02.27764'::timestamp without time zone) AND (l2.ol_delivery_d > l1.ol_delivery_d))","Rows Removed by Filter":11,"Shared Hit Blocks":2767173,"Shared Read Blocks":0,"Shared Dirtied Blocks":0,"Shared Written Blocks":0,"Local Hit Blocks":0,"Local Read Blocks":0,"Local Dirtied Blocks":0,"Local Written Blocks":0,"Temp Read Blocks":0,"Temp Written Blocks":0,"I/O Read Time":0.0,"I/O Write Time":0.0,"Temp I/O Read Time":0.0,"Temp I/O Write Time":0.0}]}]}]}]},"Planning":{"Shared Hit Blocks":128,"Shared Read Blocks":0,"Shared Dirtied Blocks":0,"Shared Written Blocks":0,"Local Hit Blocks":0,"Local Read Blocks":0,"Local Dirtied Blocks":0,"Local Written Blocks":0,"Temp Read Blocks":0,"Temp Written Blocks":0,"I/O Read Time":0.0,"I/O Write Time":0.0,"Temp I/O Read Time":0.0,"Temp I/O Write Time":0.0},"Planning Time":2.229,"Triggers":[],"Execution Time":30196.022}]
[列存组合]: nation, order_line, orders, stock
[{"Plan":{"Node Type":"Sort","Parallel Aware":false,"Async Capable":false,"Startup Cost":7638449.55,"Total Cost":7638474.55,"Plan Rows":10000,"Plan Width":27,"Actual Startup Time":30902.153,"Actual Total Time":30902.183,"Actual Rows":156,"Actual Loops":1,"Output":["supplier.su_name","(count(*))"],"Sort Key":["(count(*)) DESC","supplier.su_name"],"Sort Method":"quicksort","Sort Space Used":35,"Sort Space Type":"Memory","Shared Hit Blocks":2811513,"Shared Read Blocks":0,"Shared Dirtied Blocks":0,"Shared Written Blocks":0,"Local Hit Blocks":0,"Local Read Blocks":0,"Local Dirtied Blocks":0,"Local Written Blocks":0,"Temp Read Blocks":38048,"Temp Written Blocks":38059,"I/O Read Time":0.0,"I/O Write Time":0.0,"Temp I/O Read Time":61.412,"Temp I/O Write Time":193.241,"Plans":[{"Node Type":"Aggregate","Strategy":"Sorted","Partial Mode":"Simple","Parent Relationship":"Outer","Parallel Aware":false,"Async Capable":false,"Startup Cost":7636547.7,"Total Cost":7637785.16,"Plan Rows":10000,"Plan Width":27,"Actual Startup Time":30799.093,"Actual Total Time":30902.119,"Actual Rows":156,"Actual Loops":1,"Output":["supplier.su_name","count(*)"],"Group Key":["supplier.su_name"],"Shared Hit Blocks":2811513,"Shared Read Blocks":0,"Shared Dirtied Blocks":0,"Shared Written Blocks":0,"Local Hit Blocks":0,"Local Read Blocks":0,"Local Dirtied Blocks":0,"Local Written Blocks":0,"Temp Read Blocks":38048,"Temp Written Blocks":38059,"I/O Read Time":0.0,"I/O Write Time":0.0,"Temp I/O Read Time":61.412,"Temp I/O Write Time":193.241,"Plans":[{"Node Type":"Sort","Parent Relationship":"Outer","Parallel Aware":false,"Async Capable":false,"Startup Cost":7636547.7,"Total Cost":7636926.86,"Plan Rows":151661,"Plan Width":19,"Actual Startup Time":30798.747,"Actual Total Time":30852.886,"Actual Rows":535880,"Actual Loops":1,"Output":["supplier.su_name"],"Sort Key":["supplier.su_name"],"Sort Method":"external merge","Sort Space Used":15280,"Sort Space Type":"Disk","Shared Hit Blocks":2811513,"Shared Read Blocks":0,"Shared Dirtied Blocks":0,"Shared Written Blocks":0,"Local Hit Blocks":0,"Local Read Blocks":0,"Local Dirtied Blocks":0,"Local Written Blocks":0,"Temp Read Blocks":38048,"Temp Written Blocks":38059,"I/O Read Time":0.0,"I/O Write Time":0.0,"Temp I/O Read Time":61.412,"Temp I/O Write Time":193.241,"Plans":[{"Node Type":"Nested Loop","Parent Relationship":"Outer","Parallel Aware":false,"Async Capable":false,"Join Type":"Anti","Startup Cost":318257.22,"Total Cost":7620385.4,"Plan Rows":151661,"Plan Width":19,"Actual Startup Time":3524.519,"Actual Total Time":30508.184,"Actual Rows":535880,"Actual Loops":1,"Output":["supplier.su_name"],"Shared Hit Blocks":2811513,"Shared Read Blocks":0,"Shared Dirtied Blocks":0,"Shared Written Blocks":0,"Local Hit Blocks":0,"Local Read Blocks":0,"Local Dirtied Blocks":0,"Local Written Blocks":0,"Temp Read Blocks":36138,"Temp Written Blocks":36138,"I/O Read Time":0.0,"I/O Write Time":0.0,"Temp I/O Read Time":58.614,"Temp I/O Write Time":185.743,"Plans":[{"Node Type":"Hash Join","Parent Relationship":"Outer","Parallel Aware":false,"Async Capable":false,"Join Type":"Inner","Startup Cost":318256.65,"Total Cost":1514965.3,"Plan Rows":227491,"Plan Width":39,"Actual Startup Time":3524.467,"Actual Total Time":26940.283,"Actual Rows":535880,"Actual Loops":1,"Output":["supplier.su_name","l1.ol_o_id","l1.ol_w_id","l1.ol_d_id","l1.ol_delivery_d"],"Hash Cond":"((l1.ol_o_id = orders.o_id) AND (l1.ol_w_id = orders.o_w_id) AND (l1.ol_d_id = orders.o_d_id))","Join Filter":"(l1.ol_delivery_d > orders.o_entry_d)","Rows Removed by Join Filter":0,"Shared Hit Blocks":44340,"Shared Read Blocks":0,"Shared Dirtied Blocks":0,"Shared Written Blocks":0,"Local Hit Blocks":0,"Local Read Blocks":0,"Local Dirtied Blocks":0,"Local Written Blocks":0,"Temp Read Blocks":36138,"Temp Written Blocks":36138,"I/O Read Time":0.0,"I/O Write Time":0.0,"Temp I/O Read Time":58.614,"Temp I/O Write Time":185.743,"Plans":[{"Node Type":"Hash Join","Parent Relationship":"Outer","Parallel Aware":false,"Async Capable":false,"Join Type":"Inner","Startup Cost":59064.38,"Total Cost":1203256.29,"Plan Rows":682888,"Plan Width":41,"Actual Startup Time":1366.335,"Actual Total Time":24038.773,"Actual Rows":535908,"Actual Loops":1,"Output":["supplier.su_name","stock.s_w_id","l1.ol_o_id","l1.ol_w_id","l1.ol_d_id","l1.ol_delivery_d"],"Hash Cond":"(supplier.su_nationkey = nation.n_nationkey)","Shared Hit Blocks":218,"Shared Read Blocks":0,"Shared Dirtied Blocks":0,"Shared Written Blocks":0,"Local Hit Blocks":0,"Local Read Blocks":0,"Local Dirtied Blocks":0,"Local Written Blocks":0,"Temp Read Blocks":0,"Temp Written Blocks":0,"I/O Read Time":0.0,"I/O Write Time":0.0,"Temp I/O Read Time":0.0,"Temp I/O Write Time":0.0,"Plans":[{"Node Type":"Hash Join","Parent Relationship":"Outer","Parallel Aware":false,"Async Capable":false,"Join Type":"Inner","Startup Cost":59062.59,"Total Cost":1084517.31,"Plan Rows":42339072,"Plan Width":45,"Actual Startup Time":1366.262,"Actual Total Time":21216.364,"Actual Rows":41960840,"Actual Loops":1,"Output":["supplier.su_name","supplier.su_nationkey","stock.s_w_id","l1.ol_o_id","l1.ol_w_id","l1.ol_d_id","l1.ol_delivery_d"],"Hash Cond":"(mod((stock.s_w_id * stock.s_i_id), 10000) = supplier.su_suppkey)","Shared Hit Blocks":217,"Shared Read Blocks":0,"Shared Dirtied Blocks":0,"Shared Written Blocks":0,"Local Hit Blocks":0,"Local Read Blocks":0,"Local Dirtied Blocks":0,"Local Written Blocks":0,"Temp Read Blocks":0,"Temp Written Blocks":0,"I/O Read Time":0.0,"I/O Write Time":0.0,"Temp I/O Read Time":0.0,"Temp I/O Write Time":0.0,"Plans":[{"Node Type":"Hash Join","Parent Relationship":"Outer","Parallel Aware":false,"Async Capable":false,"Join Type":"Inner","Startup Cost":58620.59,"Total Cost":962293.85,"Plan Rows":42339072,"Plan Width":26,"Actual Startup Time":1363.512,"Actual Total Time":12153.192,"Actual Rows":41960840,"Actual Loops":1,"Output":["l1.ol_o_id","l1.ol_w_id","l1.ol_d_id","l1.ol_delivery_d","stock.s_w_id","stock.s_i_id"],"Hash Cond":"((l1.ol_w_id = stock.s_w_id) AND (l1.ol_i_id = stock.s_i_id))","Rows Removed by Bloom Filter":0,"Shared Hit Blocks":0,"Shared Read Blocks":0,"Shared Dirtied Blocks":0,"Shared Written Blocks":0,"Local Hit Blocks":0,"Local Read Blocks":0,"Local Dirtied Blocks":0,"Local Written Blocks":0,"Temp Read Blocks":0,"Temp Written Blocks":0,"I/O Read Time":0.0,"I/O Write Time":0.0,"Temp I/O Read Time":0.0,"Temp I/O Write Time":0.0,"Plans":[{"Node Type":"Append","Parent Relationship":"Outer","Parallel Aware":false,"Async Capable":false,"Startup Cost":20.0,"Total Cost":1072031.01,"Plan Rows":42039468,"Plan Width":24,"Actual Startup Time":216.883,"Actual Total Time":216.89,"Actual Rows":41960840,"Actual Loops":1,"Shared Hit Blocks":0,"Shared Read Blocks":0,"Shared Dirtied Blocks":0,"Shared Written Blocks":0,"Local Hit Blocks":0,"Local Read Blocks":0,"Local Dirtied Blocks":0,"Local Written Blocks":0,"Temp Read Blocks":0,"Temp Written Blocks":0,"I/O Read Time":0.0,"I/O Write Time":0.0,"Temp I/O Read Time":0.0,"Temp I/O Write Time":0.0,"Subplans Removed":0,"Plans":[{"Node Type":"Custom Scan","Parent Relationship":"Member","Custom Plan Provider":"columnar scan","Parallel Aware":false,"Async Capable":false,"Relation Name":"order_line","Schema":"public","Alias":"l1","Startup Cost":20.0,"Total Cost":1072026.23,"Plan Rows":42039424,"Plan Width":24,"Actual Startup Time":216.88,"Actual Total Time":216.882,"Actual Rows":41960840,"Actual Loops":1,"Output":["l1.ol_o_id","l1.ol_w_id","l1.ol_d_id","l1.ol_i_id","l1.ol_delivery_d"],"Filter":"(l1.ol_delivery_d >= '1992-01-02 20:10:02.27764'::timestamp without time zone)","Rows Removed by Filter":0,"Rows Removed by Columnar Filter":18032921,"Rows Filtered by Bloom Filter":0,"Dictionary Rows Filtered by Bloom Filter":39649,"Columnar cache search mode":"native","Shared Hit Blocks":0,"Shared Read Blocks":0,"Shared Dirtied Blocks":0,"Shared Written Blocks":0,"Local Hit Blocks":0,"Local Read Blocks":0,"Local Dirtied Blocks":0,"Local Written Blocks":0,"Temp Read Blocks":0,"Temp Written Blocks":0,"I/O Read Time":0.0,"I/O Write Time":0.0,"Temp I/O Read Time":0.0,"Temp I/O Write Time":0.0},{"Node Type":"Seq Scan","Parent Relationship":"Member","Parallel Aware":false,"Async Capable":false,"Relation Name":"order_line","Schema":"public","Alias":"l1","Startup Cost":0.0,"Total Cost":4.79,"Plan Rows":44,"Plan Width":24,"Actual Startup Time":0.0,"Actual Total Time":0.0,"Actual Rows":0,"Actual Loops":0,"Output":["l1.ol_o_id","l1.ol_w_id","l1.ol_d_id","l1.ol_i_id","l1.ol_delivery_d"],"Filter":"(l1.ol_delivery_d >= '1992-01-02 20:10:02.27764'::timestamp without time zone)","Rows Removed by Filter":0,"Shared Hit Blocks":0,"Shared Read Blocks":0,"Shared Dirtied Blocks":0,"Shared Written Blocks":0,"Local Hit Blocks":0,"Local Read Blocks":0,"Local Dirtied Blocks":0,"Local Written Blocks":0,"Temp Read Blocks":0,"Temp Written Blocks":0,"I/O Read Time":0.0,"I/O Write Time":0.0,"Temp I/O Read Time":0.0,"Temp I/O Write Time":0.0}]},{"Node Type":"Hash","Parent Relationship":"Inner","Parallel Aware":false,"Async Capable":false,"Startup Cost":390026.22,"Total Cost":390026.22,"Plan Rows":20000212,"Plan Width":6,"Actual Rows":20000000,"Actual Loops":1,"Output":["stock.s_w_id","stock.s_i_id"],"Shared Hit Blocks":0,"Shared Read Blocks":0,"Shared Dirtied Blocks":0,"Shared Written Blocks":0,"Local Hit Blocks":0,"Local Read Blocks":0,"Local Dirtied Blocks":0,"Local Written Blocks":0,"Temp Read Blocks":0,"Temp Written Blocks":0,"I/O Read Time":0.0,"I/O Write Time":0.0,"Temp I/O Read Time":0.0,"Temp I/O Write Time":0.0,"Plans":[{"Node Type":"Append","Parent Relationship":"Outer","Parallel Aware":false,"Async Capable":false,"Startup Cost":20.0,"Total Cost":390026.22,"Plan Rows":20000212,"Plan Width":6,"Actual Startup Time":0.473,"Actual Total Time":0.476,"Actual Rows":20000000,"Actual Loops":1,"Shared Hit Blocks":0,"Shared Read Blocks":0,"Shared Dirtied Blocks":0,"Shared Written Blocks":0,"Local Hit Blocks":0,"Local Read Blocks":0,"Local Dirtied Blocks":0,"Local Written Blocks":0,"Temp Read Blocks":0,"Temp Written Blocks":0,"I/O Read Time":0.0,"I/O Write Time":0.0,"Temp I/O Read Time":0.0,"Temp I/O Write Time":0.0,"Subplans Removed":0,"Plans":[{"Node Type":"Custom Scan","Parent Relationship":"Member","Custom Plan Provider":"columnar scan","Parallel Aware":false,"Async Capable":false,"Relation Name":"stock","Schema":"public","Alias":"stock","Startup Cost":20.0,"Total Cost":390020.1,"Plan Rows":20000000,"Plan Width":6,"Actual Startup Time":0.47,"Actual Total Time":0.472,"Actual Rows":20000000,"Actual Loops":1,"Output":["stock.s_w_id","stock.s_i_id"],"Rows Removed by Columnar Filter":0,"Columnar cache search mode":"native","Shared Hit Blocks":0,"Shared Read Blocks":0,"Shared Dirtied Blocks":0,"Shared Written Blocks":0,"Local Hit Blocks":0,"Local Read Blocks":0,"Local Dirtied Blocks":0,"Local Written Blocks":0,"Temp Read Blocks":0,"Temp Written Blocks":0,"I/O Read Time":0.0,"I/O Write Time":0.0,"Temp I/O Read Time":0.0,"Temp I/O Write Time":0.0},{"Node Type":"Seq Scan","Parent Relationship":"Member","Parallel Aware":false,"Async Capable":false,"Relation Name":"stock","Schema":"public","Alias":"stock","Startup Cost":0.0,"Total Cost":6.12,"Plan Rows":212,"Plan Width":6,"Actual Startup Time":0.0,"Actual Total Time":0.0,"Actual Rows":0,"Actual Loops":0,"Output":["stock.s_w_id","stock.s_i_id"],"Shared Hit Blocks":0,"Shared Read Blocks":0,"Shared Dirtied Blocks":0,"Shared Written Blocks":0,"Local Hit Blocks":0,"Local Read Blocks":0,"Local Dirtied Blocks":0,"Local Written Blocks":0,"Temp Read Blocks":0,"Temp Written Blocks":0,"I/O Read Time":0.0,"I/O Write Time":0.0,"Temp I/O Read Time":0.0,"Temp I/O Write Time":0.0}]}]}]},{"Node Type":"Hash","Parent Relationship":"Inner","Parallel Aware":false,"Async Capable":false,"Startup Cost":317.0,"Total Cost":317.0,"Plan Rows":10000,"Plan Width":27,"Actual Startup Time":2.669,"Actual Total Time":2.671,"Actual Rows":10000,"Actual Loops":1,"Output":["supplier.su_name","supplier.su_suppkey","supplier.su_nationkey"],"Hash Buckets":16384,"Original Hash Buckets":16384,"Hash Batches":1,"Original Hash Batches":1,"Peak Memory Usage":714,"Shared Hit Blocks":217,"Shared Read Blocks":0,"Shared Dirtied Blocks":0,"Shared Written Blocks":0,"Local Hit Blocks":0,"Local Read Blocks":0,"Local Dirtied Blocks":0,"Local Written Blocks":0,"Temp Read Blocks":0,"Temp Written Blocks":0,"I/O Read Time":0.0,"I/O Write Time":0.0,"Temp I/O Read Time":0.0,"Temp I/O Write Time":0.0,"Plans":[{"Node Type":"Seq Scan","Parent Relationship":"Outer","Parallel Aware":false,"Async Capable":false,"Relation Name":"supplier","Schema":"public","Alias":"supplier","Startup Cost":0.0,"Total Cost":317.0,"Plan Rows":10000,"Plan Width":27,"Actual Startup Time":0.013,"Actual Total Time":1.268,"Actual Rows":10000,"Actual Loops":1,"Output":["supplier.su_name","supplier.su_suppkey","supplier.su_nationkey"],"Shared Hit Blocks":217,"Shared Read Blocks":0,"Shared Dirtied Blocks":0,"Shared Written Blocks":0,"Local Hit Blocks":0,"Local Read Blocks":0,"Local Dirtied Blocks":0,"Local Written Blocks":0,"Temp Read Blocks":0,"Temp Written Blocks":0,"I/O Read Time":0.0,"I/O Write Time":0.0,"Temp I/O Read Time":0.0,"Temp I/O Write Time":0.0}]}]},{"Node Type":"Hash","Parent Relationship":"Inner","Parallel Aware":false,"Async Capable":false,"Startup Cost":1.77,"Total Cost":1.77,"Plan Rows":1,"Plan Width":4,"Actual Startup Time":0.028,"Actual Total Time":0.028,"Actual Rows":1,"Actual Loops":1,"Output":["nation.n_nationkey"],"Hash Buckets":1024,"Original Hash Buckets":1024,"Hash Batches":1,"Original Hash Batches":1,"Peak Memory Usage":9,"Shared Hit Blocks":1,"Shared Read Blocks":0,"Shared Dirtied Blocks":0,"Shared Written Blocks":0,"Local Hit Blocks":0,"Local Read Blocks":0,"Local Dirtied Blocks":0,"Local Written Blocks":0,"Temp Read Blocks":0,"Temp Written Blocks":0,"I/O Read Time":0.0,"I/O Write Time":0.0,"Temp I/O Read Time":0.0,"Temp I/O Write Time":0.0,"Plans":[{"Node Type":"Seq Scan","Parent Relationship":"Outer","Parallel Aware":false,"Async Capable":false,"Relation Name":"nation","Schema":"public","Alias":"nation","Startup Cost":0.0,"Total Cost":1.77,"Plan Rows":1,"Plan Width":4,"Actual Startup Time":0.022,"Actual Total Time":0.025,"Actual Rows":1,"Actual Loops":1,"Output":["nation.n_nationkey"],"Filter":"((nation.n_name)::text = 'Cambodia'::text)","Rows Removed by Filter":61,"Shared Hit Blocks":1,"Shared Read Blocks":0,"Shared Dirtied Blocks":0,"Shared Written Blocks":0,"Local Hit Blocks":0,"Local Read Blocks":0,"Local Dirtied Blocks":0,"Local Written Blocks":0,"Temp Read Blocks":0,"Temp Written Blocks":0,"I/O Read Time":0.0,"I/O Write Time":0.0,"Temp I/O Read Time":0.0,"Temp I/O Write Time":0.0}]}]},{"Node Type":"Hash","Parent Relationship":"Inner","Parallel Aware":false,"Async Capable":false,"Startup Cost":119121.6,"Total Cost":119121.6,"Plan Rows":5996324,"Plan Width":20,"Actual Startup Time":2152.972,"Actual Total Time":2152.974,"Actual Rows":5995789,"Actual Loops":1,"Output":["orders.o_id","orders.o_w_id","orders.o_d_id","orders.o_entry_d"],"Hash Buckets":131072,"Original Hash Buckets":131072,"Hash Batches":64,"Original Hash Batches":64,"Peak Memory Usage":6157,"Shared Hit Blocks":44122,"Shared Read Blocks":0,"Shared Dirtied Blocks":0,"Shared Written Blocks":0,"Local Hit Blocks":0,"Local Read Blocks":0,"Local Dirtied Blocks":0,"Local Written Blocks":0,"Temp Read Blocks":0,"Temp Written Blocks":31667,"I/O Read Time":0.0,"I/O Write Time":0.0,"Temp I/O Read Time":0.0,"Temp I/O Write Time":151.522,"Plans":[{"Node Type":"Seq Scan","Parent Relationship":"Outer","Parallel Aware":false,"Async Capable":false,"Relation Name":"orders","Schema":"public","Alias":"orders","Startup Cost":0.0,"Total Cost":119121.6,"Plan Rows":5996324,"Plan Width":20,"Actual Startup Time":0.018,"Actual Total Time":740.732,"Actual Rows":5995789,"Actual Loops":1,"Output":["orders.o_id","orders.o_w_id","orders.o_d_id","orders.o_entry_d"],"Filter":"(orders.o_entry_d >= '1992-01-02 20:10:02.27764'::timestamp without time zone)","Rows Removed by Filter":4211,"Shared Hit Blocks":44122,"Shared Read Blocks":0,"Shared Dirtied Blocks":0,"Shared Written Blocks":0,"Local Hit Blocks":0,"Local Read Blocks":0,"Local Dirtied Blocks":0,"Local Written Blocks":0,"Temp Read Blocks":0,"Temp Written Blocks":0,"I/O Read Time":0.0,"I/O Write Time":0.0,"Temp I/O Read Time":0.0,"Temp I/O Write Time":0.0}]}]},{"Node Type":"Index Scan","Parent Relationship":"Inner","Parallel Aware":false,"Async Capable":false,"Scan Direction":"Forward","Index Name":"order_line_pk","Relation Name":"order_line","Schema":"public","Alias":"l2","Startup Cost":0.56,"Total Cost":35.72,"Plan Rows":2,"Plan Width":20,"Actual Startup Time":0.006,"Actual Total Time":0.006,"Actual Rows":0,"Actual Loops":535880,"Output":["l2.ol_o_id","l2.ol_d_id","l2.ol_w_id","l2.ol_number","l2.ol_i_id","l2.ol_supply_w_id","l2.ol_delivery_d","l2.ol_quantity","l2.ol_amount","l2.ol_dist_info"],"Index Cond":"((l2.ol_w_id = l1.ol_w_id) AND (l2.ol_d_id = l1.ol_d_id) AND (l2.ol_o_id = l1.ol_o_id))","Rows Removed by Index Recheck":0,"Filter":"((l2.ol_delivery_d >= '1992-01-02 20:10:02.27764'::timestamp without time zone) AND (l2.ol_delivery_d > l1.ol_delivery_d))","Rows Removed by Filter":11,"Shared Hit Blocks":2767173,"Shared Read Blocks":0,"Shared Dirtied Blocks":0,"Shared Written Blocks":0,"Local Hit Blocks":0,"Local Read Blocks":0,"Local Dirtied Blocks":0,"Local Written Blocks":0,"Temp Read Blocks":0,"Temp Written Blocks":0,"I/O Read Time":0.0,"I/O Write Time":0.0,"Temp I/O Read Time":0.0,"Temp I/O Write Time":0.0}]}]}]}]},"Planning":{"Shared Hit Blocks":128,"Shared Read Blocks":0,"Shared Dirtied Blocks":0,"Shared Written Blocks":0,"Local Hit Blocks":0,"Local Read Blocks":0,"Local Dirtied Blocks":0,"Local Written Blocks":0,"Temp Read Blocks":0,"Temp Written Blocks":0,"I/O Read Time":0.0,"I/O Write Time":0.0,"Temp I/O Read Time":0.0,"Temp I/O Write Time":0.0},"Planning Time":3.238,"Triggers":[],"Execution Time":30905.94}]
[列存组合]: nation, order_line, orders, supplier
[{"Plan":{"Node Type":"Sort","Parallel Aware":false,"Async Capable":false,"Startup Cost":9506363.16,"Total Cost":9506388.16,"Plan Rows":10000,"Plan Width":27,"Actual Startup Time":35041.61,"Actual Total Time":35041.642,"Actual Rows":156,"Actual Loops":1,"Output":["supplier.su_name","(count(*))"],"Sort Key":["(count(*)) DESC","supplier.su_name"],"Sort Method":"quicksort","Sort Space Used":35,"Sort Space Type":"Memory","Shared Hit Blocks":2865969,"Shared Read Blocks":0,"Shared Dirtied Blocks":0,"Shared Written Blocks":0,"Local Hit Blocks":0,"Local Read Blocks":0,"Local Dirtied Blocks":0,"Local Written Blocks":0,"Temp Read Blocks":208196,"Temp Written Blocks":208207,"I/O Read Time":0.0,"I/O Write Time":0.0,"Temp I/O Read Time":306.615,"Temp I/O Write Time":860.643,"Plans":[{"Node Type":"Aggregate","Strategy":"Sorted","Partial Mode":"Simple","Parent Relationship":"Outer","Parallel Aware":false,"Async Capable":false,"Startup Cost":9504461.32,"Total Cost":9505698.77,"Plan Rows":10000,"Plan Width":27,"Actual Startup Time":34937.552,"Actual Total Time":35041.581,"Actual Rows":156,"Actual Loops":1,"Output":["supplier.su_name","count(*)"],"Group Key":["supplier.su_name"],"Shared Hit Blocks":2865969,"Shared Read Blocks":0,"Shared Dirtied Blocks":0,"Shared Written Blocks":0,"Local Hit Blocks":0,"Local Read Blocks":0,"Local Dirtied Blocks":0,"Local Written Blocks":0,"Temp Read Blocks":208196,"Temp Written Blocks":208207,"I/O Read Time":0.0,"I/O Write Time":0.0,"Temp I/O Read Time":306.615,"Temp I/O Write Time":860.643,"Plans":[{"Node Type":"Sort","Parent Relationship":"Outer","Parallel Aware":false,"Async Capable":false,"Startup Cost":9504461.32,"Total Cost":9504840.47,"Plan Rows":151661,"Plan Width":19,"Actual Startup Time":34937.203,"Actual Total Time":34991.296,"Actual Rows":535880,"Actual Loops":1,"Output":["supplier.su_name"],"Sort Key":["supplier.su_name"],"Sort Method":"external merge","Sort Space Used":15280,"Sort Space Type":"Disk","Shared Hit Blocks":2865969,"Shared Read Blocks":0,"Shared Dirtied Blocks":0,"Shared Written Blocks":0,"Local Hit Blocks":0,"Local Read Blocks":0,"Local Dirtied Blocks":0,"Local Written Blocks":0,"Temp Read Blocks":208196,"Temp Written Blocks":208207,"I/O Read Time":0.0,"I/O Write Time":0.0,"Temp I/O Read Time":306.615,"Temp I/O Write Time":860.643,"Plans":[{"Node Type":"Nested Loop","Parent Relationship":"Outer","Parallel Aware":false,"Async Capable":false,"Join Type":"Anti","Startup Cost":899603.69,"Total Cost":9488299.02,"Plan Rows":151661,"Plan Width":19,"Actual Startup Time":9027.335,"Actual Total Time":34644.562,"Actual Rows":535880,"Actual Loops":1,"Output":["supplier.su_name"],"Inner Unique":false,"Shared Hit Blocks":2865969,"Shared Read Blocks":0,"Shared Dirtied Blocks":0,"Shared Written Blocks":0,"Local Hit Blocks":0,"Local Read Blocks":0,"Local Dirtied Blocks":0,"Local Written Blocks":0,"Temp Read Blocks":206286,"Temp Written Blocks":206286,"I/O Read Time":0.0,"I/O Write Time":0.0,"Temp I/O Read Time":303.866,"Temp I/O Write Time":853.356,"Plans":[{"Node Type":"Hash Join","Parent Relationship":"Outer","Parallel Aware":false,"Async Capable":false,"Join Type":"Inner","Startup Cost":899603.12,"Total Cost":3382878.92,"Plan Rows":227491,"Plan Width":39,"Actual Startup Time":9027.291,"Actual Total Time":30882.994,"Actual Rows":535880,"Actual Loops":1,"Output":["supplier.su_name","l1.ol_o_id","l1.ol_w_id","l1.ol_d_id","l1.ol_delivery_d"],"Inner Unique":true,"Hash Cond":"((l1.ol_o_id = orders.o_id) AND (l1.ol_w_id = orders.o_w_id) AND (l1.ol_d_id = orders.o_d_id))","Join Filter":"(l1.ol_delivery_d > orders.o_entry_d)","Rows Removed by Join Filter":0,"Shared Hit Blocks":98796,"Shared Read Blocks":0,"Shared Dirtied Blocks":0,"Shared Written Blocks":0,"Local Hit Blocks":0,"Local Read Blocks":0,"Local Dirtied Blocks":0,"Local Written Blocks":0,"Temp Read Blocks":206286,"Temp Written Blocks":206286,"I/O Read Time":0.0,"I/O Write Time":0.0,"Temp I/O Read Time":303.866,"Temp I/O Write Time":853.356,"Plans":[{"Node Type":"Hash Join","Parent Relationship":"Outer","Parallel Aware":false,"Async Capable":false,"Join Type":"Inner","Startup Cost":640410.85,"Total Cost":3071169.9,"Plan Rows":682888,"Plan Width":41,"Actual Startup Time":6871.435,"Actual Total Time":27961.945,"Actual Rows":535908,"Actual Loops":1,"Output":["supplier.su_name","stock.s_w_id","l1.ol_o_id","l1.ol_w_id","l1.ol_d_id","l1.ol_delivery_d"],"Inner Unique":false,"Hash Cond":"((l1.ol_w_id = stock.s_w_id) AND (l1.ol_i_id = stock.s_i_id))","Shared Hit Blocks":54674,"Shared Read Blocks":0,"Shared Dirtied Blocks":0,"Shared Written Blocks":0,"Local Hit Blocks":0,"Local Read Blocks":0,"Local Dirtied Blocks":0,"Local Written Blocks":0,"Temp Read Blocks":170148,"Temp Written Blocks":170148,"I/O Read Time":0.0,"I/O Write Time":0.0,"Temp I/O Read Time":245.185,"Temp I/O Write Time":677.928,"Plans":[{"Node Type":"Append","Parent Relationship":"Outer","Parallel Aware":false,"Async Capable":false,"Startup Cost":20.0,"Total Cost":1403598.82,"Plan Rows":42039468,"Plan Width":24,"Actual Startup Time":2.897,"Actual Total Time":10986.579,"Actual Rows":41960840,"Actual Loops":1,"Shared Hit Blocks":0,"Shared Read Blocks":0,"Shared Dirtied Blocks":0,"Shared Written Blocks":0,"Local Hit Blocks":0,"Local Read Blocks":0,"Local Dirtied Blocks":0,"Local Written Blocks":0,"Temp Read Blocks":0,"Temp Written Blocks":0,"I/O Read Time":0.0,"I/O Write Time":0.0,"Temp I/O Read Time":0.0,"Temp I/O Write Time":0.0,"Subplans Removed":0,"Plans":[{"Node Type":"Custom Scan","Parent Relationship":"Member","Custom Plan Provider":"columnar scan","Parallel Aware":false,"Async Capable":false,"Relation Name":"order_line","Schema":"public","Alias":"l1","Startup Cost":20.0,"Total Cost":1072026.23,"Plan Rows":42039424,"Plan Width":24,"Actual Startup Time":2.894,"Actual Total Time":7947.66,"Actual Rows":41960840,"Actual Loops":1,"Output":["l1.ol_o_id","l1.ol_w_id","l1.ol_d_id","l1.ol_i_id","l1.ol_delivery_d"],"Filter":"(l1.ol_delivery_d >= '1992-01-02 20:10:02.27764'::timestamp without time zone)","Rows Removed by Filter":0,"Rows Removed by Columnar Filter":18032921,"Rows Filtered by Bloom Filter":0,"Dictionary Rows Filtered by Bloom Filter":39649,"Columnar cache search mode":"native","Shared Hit Blocks":0,"Shared Read Blocks":0,"Shared Dirtied Blocks":0,"Shared Written Blocks":0,"Local Hit Blocks":0,"Local Read Blocks":0,"Local Dirtied Blocks":0,"Local Written Blocks":0,"Temp Read Blocks":0,"Temp Written Blocks":0,"I/O Read Time":0.0,"I/O Write Time":0.0,"Temp I/O Read Time":0.0,"Temp I/O Write Time":0.0},{"Node Type":"Seq Scan","Parent Relationship":"Member","Parallel Aware":false,"Async Capable":false,"Relation Name":"order_line","Schema":"public","Alias":"l1","Startup Cost":0.0,"Total Cost":4.79,"Plan Rows":44,"Plan Width":24,"Actual Startup Time":0.0,"Actual Total Time":0.0,"Actual Rows":0,"Actual Loops":0,"Output":["l1.ol_o_id","l1.ol_w_id","l1.ol_d_id","l1.ol_i_id","l1.ol_delivery_d"],"Filter":"(l1.ol_delivery_d >= '1992-01-02 20:10:02.27764'::timestamp without time zone)","Rows Removed by Filter":0,"Shared Hit Blocks":0,"Shared Read Blocks":0,"Shared Dirtied Blocks":0,"Shared Written Blocks":0,"Local Hit Blocks":0,"Local Read Blocks":0,"Local Dirtied Blocks":0,"Local Written Blocks":0,"Temp Read Blocks":0,"Temp Written Blocks":0,"I/O Read Time":0.0,"I/O Write Time":0.0,"Temp I/O Read Time":0.0,"Temp I/O Write Time":0.0}]},{"Node Type":"Hash","Parent Relationship":"Inner","Parallel Aware":false,"Async Capable":false,"Startup Cost":633346.09,"Total Cost":633346.09,"Plan Rows":322584,"Plan Width":25,"Actual Startup Time":6867.763,"Actual Total Time":6867.775,"Actual Rows":255450,"Actual Loops":1,"Output":["supplier.su_name","stock.s_w_id","stock.s_i_id"],"Hash Buckets":131072,"Original Hash Buckets":131072,"Hash Batches":4,"Original Hash Batches":4,"Peak Memory Usage":4756,"Shared Hit Blocks":54674,"Shared Read Blocks":0,"Shared Dirtied Blocks":0,"Shared Written Blocks":0,"Local Hit Blocks":0,"Local Read Blocks":0,"Local Dirtied Blocks":0,"Local Written Blocks":0,"Temp Read Blocks":0,"Temp Written Blocks":1122,"I/O Read Time":0.0,"I/O Write Time":0.0,"Temp I/O Read Time":0.0,"Temp I/O Write Time":7.25,"Plans":[{"Node Type":"Hash Join","Parent Relationship":"Outer","Parallel Aware":false,"Async Capable":false,"Join Type":"Inner","Startup Cost":366.25,"Total Cost":633346.09,"Plan Rows":322584,"Plan Width":25,"Actual Startup Time":3.624,"Actual Total Time":6815.355,"Actual Rows":255450,"Actual Loops":1,"Output":["supplier.su_name","stock.s_w_id","stock.s_i_id"],"Inner Unique":true,"Hash Cond":"(supplier.su_nationkey = nation.n_nationkey)","Shared Hit Blocks":54674,"Shared Read Blocks":0,"Shared Dirtied Blocks":0,"Shared Written Blocks":0,"Local Hit Blocks":0,"Local Read Blocks":0,"Local Dirtied Blocks":0,"Local Written Blocks":0,"Temp Read Blocks":0,"Temp Written Blocks":0,"I/O Read Time":0.0,"I/O Write Time":0.0,"Temp I/O Read Time":0.0,"Temp I/O Write Time":0.0,"Plans":[{"Node Type":"Hash Join","Parent Relationship":"Outer","Parallel Aware":false,"Async Capable":false,"Join Type":"Inner","Startup Cost":364.46,"Total Cost":577255.0,"Plan Rows":20000212,"Plan Width":29,"Actual Startup Time":3.567,"Actual Total Time":5516.685,"Actual Rows":20000000,"Actual Loops":1,"Output":["supplier.su_name","supplier.su_nationkey","stock.s_w_id","stock.s_i_id"],"Inner Unique":true,"Hash Cond":"(mod((stock.s_w_id * stock.s_i_id), 10000) = supplier.su_suppkey)","Shared Hit Blocks":54673,"Shared Read Blocks":0,"Shared Dirtied Blocks":0,"Shared Written Blocks":0,"Local Hit Blocks":0,"Local Read Blocks":0,"Local Dirtied Blocks":0,"Local Written Blocks":0,"Temp Read Blocks":0,"Temp Written Blocks":0,"I/O Read Time":0.0,"I/O Write Time":0.0,"Temp I/O Read Time":0.0,"Temp I/O Write Time":0.0,"Plans":[{"Node Type":"Index Only Scan","Parent Relationship":"Outer","Parallel Aware":false,"Async Capable":false,"Scan Direction":"Forward","Index Name":"stock_pk","Relation Name":"stock","Schema":"public","Alias":"stock","Startup Cost":0.44,"Total Cost":519363.62,"Plan Rows":20000212,"Plan Width":6,"Actual Startup Time":0.033,"Actual Total Time":1560.938,"Actual Rows":20000000,"Actual Loops":1,"Output":["stock.s_w_id","stock.s_i_id"],"Heap Fetches":0,"Shared Hit Blocks":54673,"Shared Read Blocks":0,"Shared Dirtied Blocks":0,"Shared Written Blocks":0,"Local Hit Blocks":0,"Local Read Blocks":0,"Local Dirtied Blocks":0,"Local Written Blocks":0,"Temp Read Blocks":0,"Temp Written Blocks":0,"I/O Read Time":0.0,"I/O Write Time":0.0,"Temp I/O Read Time":0.0,"Temp I/O Write Time":0.0},{"Node Type":"Hash","Parent Relationship":"Inner","Parallel Aware":false,"Async Capable":false,"Startup Cost":239.01,"Total Cost":239.01,"Plan Rows":10001,"Plan Width":27,"Actual Startup Time":3.483,"Actual Total Time":3.488,"Actual Rows":10000,"Actual Loops":1,"Output":["supplier.su_name","supplier.su_suppkey","supplier.su_nationkey"],"Hash Buckets":16384,"Original Hash Buckets":16384,"Hash Batches":1,"Original Hash Batches":1,"Peak Memory Usage":714,"Shared Hit Blocks":0,"Shared Read Blocks":0,"Shared Dirtied Blocks":0,"Shared Written Blocks":0,"Local Hit Blocks":0,"Local Read Blocks":0,"Local Dirtied Blocks":0,"Local Written Blocks":0,"Temp Read Blocks":0,"Temp Written Blocks":0,"I/O Read Time":0.0,"I/O Write Time":0.0,"Temp I/O Read Time":0.0,"Temp I/O Write Time":0.0,"Plans":[{"Node Type":"Append","Parent Relationship":"Outer","Parallel Aware":false,"Async Capable":false,"Startup Cost":20.0,"Total Cost":239.01,"Plan Rows":10001,"Plan Width":27,"Actual Startup Time":0.035,"Actual Total Time":2.056,"Actual Rows":10000,"Actual Loops":1,"Shared Hit Blocks":0,"Shared Read Blocks":0,"Shared Dirtied Blocks":0,"Shared Written Blocks":0,"Local Hit Blocks":0,"Local Read Blocks":0,"Local Dirtied Blocks":0,"Local Written Blocks":0,"Temp Read Blocks":0,"Temp Written Blocks":0,"I/O Read Time":0.0,"I/O Write Time":0.0,"Temp I/O Read Time":0.0,"Temp I/O Write Time":0.0,"Subplans Removed":0,"Plans":[{"Node Type":"Custom Scan","Parent Relationship":"Member","Custom Plan Provider":"columnar scan","Parallel Aware":false,"Async Capable":false,"Relation Name":"supplier","Schema":"public","Alias":"supplier","Startup Cost":20.0,"Total Cost":235.0,"Plan Rows":10000,"Plan Width":27,"Actual Startup Time":0.033,"Actual Total Time":1.359,"Actual Rows":10000,"Actual Loops":1,"Output":["supplier.su_name","supplier.su_suppkey","supplier.su_nationkey"],"Rows Removed by Columnar Filter":0,"Columnar cache search mode":"native","Shared Hit Blocks":0,"Shared Read Blocks":0,"Shared Dirtied Blocks":0,"Shared Written Blocks":0,"Local Hit Blocks":0,"Local Read Blocks":0,"Local Dirtied Blocks":0,"Local Written Blocks":0,"Temp Read Blocks":0,"Temp Written Blocks":0,"I/O Read Time":0.0,"I/O Write Time":0.0,"Temp I/O Read Time":0.0,"Temp I/O Write Time":0.0},{"Node Type":"Seq Scan","Parent Relationship":"Member","Parallel Aware":false,"Async Capable":false,"Relation Name":"supplier","Schema":"public","Alias":"supplier","Startup Cost":0.0,"Total Cost":4.01,"Plan Rows":1,"Plan Width":27,"Actual Startup Time":0.0,"Actual Total Time":0.0,"Actual Rows":0,"Actual Loops":0,"Output":["supplier.su_name","supplier.su_suppkey","supplier.su_nationkey"],"Shared Hit Blocks":0,"Shared Read Blocks":0,"Shared Dirtied Blocks":0,"Shared Written Blocks":0,"Local Hit Blocks":0,"Local Read Blocks":0,"Local Dirtied Blocks":0,"Local Written Blocks":0,"Temp Read Blocks":0,"Temp Written Blocks":0,"I/O Read Time":0.0,"I/O Write Time":0.0,"Temp I/O Read Time":0.0,"Temp I/O Write Time":0.0}]}]}]},{"Node Type":"Hash","Parent Relationship":"Inner","Parallel Aware":false,"Async Capable":false,"Startup Cost":1.77,"Total Cost":1.77,"Plan Rows":1,"Plan Width":4,"Actual Startup Time":0.032,"Actual Total Time":0.033,"Actual Rows":1,"Actual Loops":1,"Output":["nation.n_nationkey"],"Hash Buckets":1024,"Original Hash Buckets":1024,"Hash Batches":1,"Original Hash Batches":1,"Peak Memory Usage":9,"Shared Hit Blocks":1,"Shared Read Blocks":0,"Shared Dirtied Blocks":0,"Shared Written Blocks":0,"Local Hit Blocks":0,"Local Read Blocks":0,"Local Dirtied Blocks":0,"Local Written Blocks":0,"Temp Read Blocks":0,"Temp Written Blocks":0,"I/O Read Time":0.0,"I/O Write Time":0.0,"Temp I/O Read Time":0.0,"Temp I/O Write Time":0.0,"Plans":[{"Node Type":"Seq Scan","Parent Relationship":"Outer","Parallel Aware":false,"Async Capable":false,"Relation Name":"nation","Schema":"public","Alias":"nation","Startup Cost":0.0,"Total Cost":1.77,"Plan Rows":1,"Plan Width":4,"Actual Startup Time":0.025,"Actual Total Time":0.028,"Actual Rows":1,"Actual Loops":1,"Output":["nation.n_nationkey"],"Filter":"((nation.n_name)::text = 'Cambodia'::text)","Rows Removed by Filter":61,"Shared Hit Blocks":1,"Shared Read Blocks":0,"Shared Dirtied Blocks":0,"Shared Written Blocks":0,"Local Hit Blocks":0,"Local Read Blocks":0,"Local Dirtied Blocks":0,"Local Written Blocks":0,"Temp Read Blocks":0,"Temp Written Blocks":0,"I/O Read Time":0.0,"I/O Write Time":0.0,"Temp I/O Read Time":0.0,"Temp I/O Write Time":0.0}]}]}]}]},{"Node Type":"Hash","Parent Relationship":"Inner","Parallel Aware":false,"Async Capable":false,"Startup Cost":119121.6,"Total Cost":119121.6,"Plan Rows":5996324,"Plan Width":20,"Actual Startup Time":2151.043,"Actual Total Time":2151.044,"Actual Rows":5995789,"Actual Loops":1,"Output":["orders.o_id","orders.o_w_id","orders.o_d_id","orders.o_entry_d"],"Hash Buckets":131072,"Original Hash Buckets":131072,"Hash Batches":64,"Original Hash Batches":64,"Peak Memory Usage":6157,"Shared Hit Blocks":44122,"Shared Read Blocks":0,"Shared Dirtied Blocks":0,"Shared Written Blocks":0,"Local Hit Blocks":0,"Local Read Blocks":0,"Local Dirtied Blocks":0,"Local Written Blocks":0,"Temp Read Blocks":0,"Temp Written Blocks":31667,"I/O Read Time":0.0,"I/O Write Time":0.0,"Temp I/O Read Time":0.0,"Temp I/O Write Time":147.686,"Plans":[{"Node Type":"Seq Scan","Parent Relationship":"Outer","Parallel Aware":false,"Async Capable":false,"Relation Name":"orders","Schema":"public","Alias":"orders","Startup Cost":0.0,"Total Cost":119121.6,"Plan Rows":5996324,"Plan Width":20,"Actual Startup Time":0.017,"Actual Total Time":741.459,"Actual Rows":5995789,"Actual Loops":1,"Output":["orders.o_id","orders.o_w_id","orders.o_d_id","orders.o_entry_d"],"Filter":"(orders.o_entry_d >= '1992-01-02 20:10:02.27764'::timestamp without time zone)","Rows Removed by Filter":4211,"Shared Hit Blocks":44122,"Shared Read Blocks":0,"Shared Dirtied Blocks":0,"Shared Written Blocks":0,"Local Hit Blocks":0,"Local Read Blocks":0,"Local Dirtied Blocks":0,"Local Written Blocks":0,"Temp Read Blocks":0,"Temp Written Blocks":0,"I/O Read Time":0.0,"I/O Write Time":0.0,"Temp I/O Read Time":0.0,"Temp I/O Write Time":0.0}]}]},{"Node Type":"Index Scan","Parent Relationship":"Inner","Parallel Aware":false,"Async Capable":false,"Scan Direction":"Forward","Index Name":"order_line_pk","Relation Name":"order_line","Schema":"public","Alias":"l2","Startup Cost":0.56,"Total Cost":35.72,"Plan Rows":2,"Plan Width":20,"Actual Startup Time":0.007,"Actual Total Time":0.007,"Actual Rows":0,"Actual Loops":535880,"Output":["l2.ol_o_id","l2.ol_d_id","l2.ol_w_id","l2.ol_number","l2.ol_i_id","l2.ol_supply_w_id","l2.ol_delivery_d","l2.ol_quantity","l2.ol_amount","l2.ol_dist_info"],"Index Cond":"((l2.ol_w_id = l1.ol_w_id) AND (l2.ol_d_id = l1.ol_d_id) AND (l2.ol_o_id = l1.ol_o_id))","Rows Removed by Index Recheck":0,"Filter":"((l2.ol_delivery_d >= '1992-01-02 20:10:02.27764'::timestamp without time zone) AND (l2.ol_delivery_d > l1.ol_delivery_d))","Rows Removed by Filter":11,"Shared Hit Blocks":2767173,"Shared Read Blocks":0,"Shared Dirtied Blocks":0,"Shared Written Blocks":0,"Local Hit Blocks":0,"Local Read Blocks":0,"Local Dirtied Blocks":0,"Local Written Blocks":0,"Temp Read Blocks":0,"Temp Written Blocks":0,"I/O Read Time":0.0,"I/O Write Time":0.0,"Temp I/O Read Time":0.0,"Temp I/O Write Time":0.0}]}]}]}]},"Planning":{"Shared Hit Blocks":128,"Shared Read Blocks":0,"Shared Dirtied Blocks":0,"Shared Written Blocks":0,"Local Hit Blocks":0,"Local Read Blocks":0,"Local Dirtied Blocks":0,"Local Written Blocks":0,"Temp Read Blocks":0,"Temp Written Blocks":0,"I/O Read Time":0.0,"I/O Write Time":0.0,"Temp I/O Read Time":0.0,"Temp I/O Write Time":0.0},"Planning Time":2.158,"Triggers":[],"Execution Time":35044.381}]
[列存组合]: nation, order_line, stock, supplier
[{"Plan":{"Node Type":"Sort","Parallel Aware":false,"Async Capable":false,"Startup Cost":7638371.57,"Total Cost":7638396.57,"Plan Rows":10000,"Plan Width":27,"Actual Startup Time":30857.11,"Actual Total Time":30857.143,"Actual Rows":156,"Actual Loops":1,"Output":["supplier.su_name","(count(*))"],"Sort Key":["(count(*)) DESC","supplier.su_name"],"Sort Method":"quicksort","Sort Space Used":35,"Sort Space Type":"Memory","Shared Hit Blocks":2811296,"Shared Read Blocks":0,"Shared Dirtied Blocks":0,"Shared Written Blocks":0,"Local Hit Blocks":0,"Local Read Blocks":0,"Local Dirtied Blocks":0,"Local Written Blocks":0,"Temp Read Blocks":38048,"Temp Written Blocks":38059,"I/O Read Time":0.0,"I/O Write Time":0.0,"Temp I/O Read Time":60.199,"Temp I/O Write Time":190.498,"Plans":[{"Node Type":"Aggregate","Strategy":"Sorted","Partial Mode":"Simple","Parent Relationship":"Outer","Parallel Aware":false,"Async Capable":false,"Startup Cost":7636469.73,"Total Cost":7637707.18,"Plan Rows":10000,"Plan Width":27,"Actual Startup Time":30753.09,"Actual Total Time":30857.08,"Actual Rows":156,"Actual Loops":1,"Output":["supplier.su_name","count(*)"],"Group Key":["supplier.su_name"],"Shared Hit Blocks":2811296,"Shared Read Blocks":0,"Shared Dirtied Blocks":0,"Shared Written Blocks":0,"Local Hit Blocks":0,"Local Read Blocks":0,"Local Dirtied Blocks":0,"Local Written Blocks":0,"Temp Read Blocks":38048,"Temp Written Blocks":38059,"I/O Read Time":0.0,"I/O Write Time":0.0,"Temp I/O Read Time":60.199,"Temp I/O Write Time":190.498,"Plans":[{"Node Type":"Sort","Parent Relationship":"Outer","Parallel Aware":false,"Async Capable":false,"Startup Cost":7636469.73,"Total Cost":7636848.88,"Plan Rows":151661,"Plan Width":19,"Actual Startup Time":30752.742,"Actual Total Time":30807.329,"Actual Rows":535880,"Actual Loops":1,"Output":["supplier.su_name"],"Sort Key":["supplier.su_name"],"Sort Method":"external merge","Sort Space Used":15280,"Sort Space Type":"Disk","Shared Hit Blocks":2811296,"Shared Read Blocks":0,"Shared Dirtied Blocks":0,"Shared Written Blocks":0,"Local Hit Blocks":0,"Local Read Blocks":0,"Local Dirtied Blocks":0,"Local Written Blocks":0,"Temp Read Blocks":38048,"Temp Written Blocks":38059,"I/O Read Time":0.0,"I/O Write Time":0.0,"Temp I/O Read Time":60.199,"Temp I/O Write Time":190.498,"Plans":[{"Node Type":"Nested Loop","Parent Relationship":"Outer","Parallel Aware":false,"Async Capable":false,"Join Type":"Anti","Startup Cost":318179.24,"Total Cost":7620307.42,"Plan Rows":151661,"Plan Width":19,"Actual Startup Time":3511.261,"Actual Total Time":30460.582,"Actual Rows":535880,"Actual Loops":1,"Output":["supplier.su_name"],"Shared Hit Blocks":2811296,"Shared Read Blocks":0,"Shared Dirtied Blocks":0,"Shared Written Blocks":0,"Local Hit Blocks":0,"Local Read Blocks":0,"Local Dirtied Blocks":0,"Local Written Blocks":0,"Temp Read Blocks":36138,"Temp Written Blocks":36138,"I/O Read Time":0.0,"I/O Write Time":0.0,"Temp I/O Read Time":57.301,"Temp I/O Write Time":182.864,"Plans":[{"Node Type":"Hash Join","Parent Relationship":"Outer","Parallel Aware":false,"Async Capable":false,"Join Type":"Inner","Startup Cost":318178.67,"Total Cost":1514887.33,"Plan Rows":227491,"Plan Width":39,"Actual Startup Time":3511.202,"Actual Total Time":26891.824,"Actual Rows":535880,"Actual Loops":1,"Output":["supplier.su_name","l1.ol_o_id","l1.ol_w_id","l1.ol_d_id","l1.ol_delivery_d"],"Hash Cond":"((l1.ol_o_id = orders.o_id) AND (l1.ol_w_id = orders.o_w_id) AND (l1.ol_d_id = orders.o_d_id))","Join Filter":"(l1.ol_delivery_d > orders.o_entry_d)","Rows Removed by Join Filter":0,"Shared Hit Blocks":44123,"Shared Read Blocks":0,"Shared Dirtied Blocks":0,"Shared Written Blocks":0,"Local Hit Blocks":0,"Local Read Blocks":0,"Local Dirtied Blocks":0,"Local Written Blocks":0,"Temp Read Blocks":36138,"Temp Written Blocks":36138,"I/O Read Time":0.0,"I/O Write Time":0.0,"Temp I/O Read Time":57.301,"Temp I/O Write Time":182.864,"Plans":[{"Node Type":"Hash Join","Parent Relationship":"Outer","Parallel Aware":false,"Async Capable":false,"Join Type":"Inner","Startup Cost":58986.4,"Total Cost":1203178.31,"Plan Rows":682888,"Plan Width":41,"Actual Startup Time":1360.637,"Actual Total Time":23997.941,"Actual Rows":535908,"Actual Loops":1,"Output":["supplier.su_name","stock.s_w_id","l1.ol_o_id","l1.ol_w_id","l1.ol_d_id","l1.ol_delivery_d"],"Hash Cond":"(supplier.su_nationkey = nation.n_nationkey)","Shared Hit Blocks":1,"Shared Read Blocks":0,"Shared Dirtied Blocks":0,"Shared Written Blocks":0,"Local Hit Blocks":0,"Local Read Blocks":0,"Local Dirtied Blocks":0,"Local Written Blocks":0,"Temp Read Blocks":0,"Temp Written Blocks":0,"I/O Read Time":0.0,"I/O Write Time":0.0,"Temp I/O Read Time":0.0,"Temp I/O Write Time":0.0,"Plans":[{"Node Type":"Hash Join","Parent Relationship":"Outer","Parallel Aware":false,"Async Capable":false,"Join Type":"Inner","Startup Cost":58984.62,"Total Cost":1084439.33,"Plan Rows":42339072,"Plan Width":45,"Actual Startup Time":1360.524,"Actual Total Time":21092.69,"Actual Rows":41960840,"Actual Loops":1,"Output":["supplier.su_name","supplier.su_nationkey","stock.s_w_id","l1.ol_o_id","l1.ol_w_id","l1.ol_d_id","l1.ol_delivery_d"],"Hash Cond":"(mod((stock.s_w_id * stock.s_i_id), 10000) = supplier.su_suppkey)","Shared Hit Blocks":0,"Shared Read Blocks":0,"Shared Dirtied Blocks":0,"Shared Written Blocks":0,"Local Hit Blocks":0,"Local Read Blocks":0,"Local Dirtied Blocks":0,"Local Written Blocks":0,"Temp Read Blocks":0,"Temp Written Blocks":0,"I/O Read Time":0.0,"I/O Write Time":0.0,"Temp I/O Read Time":0.0,"Temp I/O Write Time":0.0,"Plans":[{"Node Type":"Hash Join","Parent Relationship":"Outer","Parallel Aware":false,"Async Capable":false,"Join Type":"Inner","Startup Cost":58620.59,"Total Cost":962293.85,"Plan Rows":42339072,"Plan Width":26,"Actual Startup Time":1356.933,"Actual Total Time":11927.313,"Actual Rows":41960840,"Actual Loops":1,"Output":["l1.ol_o_id","l1.ol_w_id","l1.ol_d_id","l1.ol_delivery_d","stock.s_w_id","stock.s_i_id"],"Hash Cond":"((l1.ol_w_id = stock.s_w_id) AND (l1.ol_i_id = stock.s_i_id))","Rows Removed by Bloom Filter":0,"Shared Hit Blocks":0,"Shared Read Blocks":0,"Shared Dirtied Blocks":0,"Shared Written Blocks":0,"Local Hit Blocks":0,"Local Read Blocks":0,"Local Dirtied Blocks":0,"Local Written Blocks":0,"Temp Read Blocks":0,"Temp Written Blocks":0,"I/O Read Time":0.0,"I/O Write Time":0.0,"Temp I/O Read Time":0.0,"Temp I/O Write Time":0.0,"Plans":[{"Node Type":"Append","Parent Relationship":"Outer","Parallel Aware":false,"Async Capable":false,"Startup Cost":20.0,"Total Cost":1072031.01,"Plan Rows":42039468,"Plan Width":24,"Actual Startup Time":216.878,"Actual Total Time":216.886,"Actual Rows":41960840,"Actual Loops":1,"Shared Hit Blocks":0,"Shared Read Blocks":0,"Shared Dirtied Blocks":0,"Shared Written Blocks":0,"Local Hit Blocks":0,"Local Read Blocks":0,"Local Dirtied Blocks":0,"Local Written Blocks":0,"Temp Read Blocks":0,"Temp Written Blocks":0,"I/O Read Time":0.0,"I/O Write Time":0.0,"Temp I/O Read Time":0.0,"Temp I/O Write Time":0.0,"Subplans Removed":0,"Plans":[{"Node Type":"Custom Scan","Parent Relationship":"Member","Custom Plan Provider":"columnar scan","Parallel Aware":false,"Async Capable":false,"Relation Name":"order_line","Schema":"public","Alias":"l1","Startup Cost":20.0,"Total Cost":1072026.23,"Plan Rows":42039424,"Plan Width":24,"Actual Startup Time":216.876,"Actual Total Time":216.878,"Actual Rows":41960840,"Actual Loops":1,"Output":["l1.ol_o_id","l1.ol_w_id","l1.ol_d_id","l1.ol_i_id","l1.ol_delivery_d"],"Filter":"(l1.ol_delivery_d >= '1992-01-02 20:10:02.27764'::timestamp without time zone)","Rows Removed by Filter":0,"Rows Removed by Columnar Filter":18032921,"Rows Filtered by Bloom Filter":0,"Dictionary Rows Filtered by Bloom Filter":39649,"Columnar cache search mode":"native","Shared Hit Blocks":0,"Shared Read Blocks":0,"Shared Dirtied Blocks":0,"Shared Written Blocks":0,"Local Hit Blocks":0,"Local Read Blocks":0,"Local Dirtied Blocks":0,"Local Written Blocks":0,"Temp Read Blocks":0,"Temp Written Blocks":0,"I/O Read Time":0.0,"I/O Write Time":0.0,"Temp I/O Read Time":0.0,"Temp I/O Write Time":0.0},{"Node Type":"Seq Scan","Parent Relationship":"Member","Parallel Aware":false,"Async Capable":false,"Relation Name":"order_line","Schema":"public","Alias":"l1","Startup Cost":0.0,"Total Cost":4.79,"Plan Rows":44,"Plan Width":24,"Actual Startup Time":0.0,"Actual Total Time":0.0,"Actual Rows":0,"Actual Loops":0,"Output":["l1.ol_o_id","l1.ol_w_id","l1.ol_d_id","l1.ol_i_id","l1.ol_delivery_d"],"Filter":"(l1.ol_delivery_d >= '1992-01-02 20:10:02.27764'::timestamp without time zone)","Rows Removed by Filter":0,"Shared Hit Blocks":0,"Shared Read Blocks":0,"Shared Dirtied Blocks":0,"Shared Written Blocks":0,"Local Hit Blocks":0,"Local Read Blocks":0,"Local Dirtied Blocks":0,"Local Written Blocks":0,"Temp Read Blocks":0,"Temp Written Blocks":0,"I/O Read Time":0.0,"I/O Write Time":0.0,"Temp I/O Read Time":0.0,"Temp I/O Write Time":0.0}]},{"Node Type":"Hash","Parent Relationship":"Inner","Parallel Aware":false,"Async Capable":false,"Startup Cost":390026.22,"Total Cost":390026.22,"Plan Rows":20000212,"Plan Width":6,"Actual Rows":20000000,"Actual Loops":1,"Output":["stock.s_w_id","stock.s_i_id"],"Shared Hit Blocks":0,"Shared Read Blocks":0,"Shared Dirtied Blocks":0,"Shared Written Blocks":0,"Local Hit Blocks":0,"Local Read Blocks":0,"Local Dirtied Blocks":0,"Local Written Blocks":0,"Temp Read Blocks":0,"Temp Written Blocks":0,"I/O Read Time":0.0,"I/O Write Time":0.0,"Temp I/O Read Time":0.0,"Temp I/O Write Time":0.0,"Plans":[{"Node Type":"Append","Parent Relationship":"Outer","Parallel Aware":false,"Async Capable":false,"Startup Cost":20.0,"Total Cost":390026.22,"Plan Rows":20000212,"Plan Width":6,"Actual Startup Time":0.429,"Actual Total Time":0.431,"Actual Rows":20000000,"Actual Loops":1,"Shared Hit Blocks":0,"Shared Read Blocks":0,"Shared Dirtied Blocks":0,"Shared Written Blocks":0,"Local Hit Blocks":0,"Local Read Blocks":0,"Local Dirtied Blocks":0,"Local Written Blocks":0,"Temp Read Blocks":0,"Temp Written Blocks":0,"I/O Read Time":0.0,"I/O Write Time":0.0,"Temp I/O Read Time":0.0,"Temp I/O Write Time":0.0,"Subplans Removed":0,"Plans":[{"Node Type":"Custom Scan","Parent Relationship":"Member","Custom Plan Provider":"columnar scan","Parallel Aware":false,"Async Capable":false,"Relation Name":"stock","Schema":"public","Alias":"stock","Startup Cost":20.0,"Total Cost":390020.1,"Plan Rows":20000000,"Plan Width":6,"Actual Startup Time":0.427,"Actual Total Time":0.427,"Actual Rows":20000000,"Actual Loops":1,"Output":["stock.s_w_id","stock.s_i_id"],"Rows Removed by Columnar Filter":0,"Columnar cache search mode":"native","Shared Hit Blocks":0,"Shared Read Blocks":0,"Shared Dirtied Blocks":0,"Shared Written Blocks":0,"Local Hit Blocks":0,"Local Read Blocks":0,"Local Dirtied Blocks":0,"Local Written Blocks":0,"Temp Read Blocks":0,"Temp Written Blocks":0,"I/O Read Time":0.0,"I/O Write Time":0.0,"Temp I/O Read Time":0.0,"Temp I/O Write Time":0.0},{"Node Type":"Seq Scan","Parent Relationship":"Member","Parallel Aware":false,"Async Capable":false,"Relation Name":"stock","Schema":"public","Alias":"stock","Startup Cost":0.0,"Total Cost":6.12,"Plan Rows":212,"Plan Width":6,"Actual Startup Time":0.0,"Actual Total Time":0.0,"Actual Rows":0,"Actual Loops":0,"Output":["stock.s_w_id","stock.s_i_id"],"Shared Hit Blocks":0,"Shared Read Blocks":0,"Shared Dirtied Blocks":0,"Shared Written Blocks":0,"Local Hit Blocks":0,"Local Read Blocks":0,"Local Dirtied Blocks":0,"Local Written Blocks":0,"Temp Read Blocks":0,"Temp Written Blocks":0,"I/O Read Time":0.0,"I/O Write Time":0.0,"Temp I/O Read Time":0.0,"Temp I/O Write Time":0.0}]}]}]},{"Node Type":"Hash","Parent Relationship":"Inner","Parallel Aware":false,"Async Capable":false,"Startup Cost":239.01,"Total Cost":239.01,"Plan Rows":10001,"Plan Width":27,"Actual Startup Time":3.497,"Actual Total Time":3.5,"Actual Rows":10000,"Actual Loops":1,"Output":["supplier.su_name","supplier.su_suppkey","supplier.su_nationkey"],"Hash Buckets":16384,"Original Hash Buckets":16384,"Hash Batches":1,"Original Hash Batches":1,"Peak Memory Usage":714,"Shared Hit Blocks":0,"Shared Read Blocks":0,"Shared Dirtied Blocks":0,"Shared Written Blocks":0,"Local Hit Blocks":0,"Local Read Blocks":0,"Local Dirtied Blocks":0,"Local Written Blocks":0,"Temp Read Blocks":0,"Temp Written Blocks":0,"I/O Read Time":0.0,"I/O Write Time":0.0,"Temp I/O Read Time":0.0,"Temp I/O Write Time":0.0,"Plans":[{"Node Type":"Append","Parent Relationship":"Outer","Parallel Aware":false,"Async Capable":false,"Startup Cost":20.0,"Total Cost":239.01,"Plan Rows":10001,"Plan Width":27,"Actual Startup Time":0.036,"Actual Total Time":2.055,"Actual Rows":10000,"Actual Loops":1,"Shared Hit Blocks":0,"Shared Read Blocks":0,"Shared Dirtied Blocks":0,"Shared Written Blocks":0,"Local Hit Blocks":0,"Local Read Blocks":0,"Local Dirtied Blocks":0,"Local Written Blocks":0,"Temp Read Blocks":0,"Temp Written Blocks":0,"I/O Read Time":0.0,"I/O Write Time":0.0,"Temp I/O Read Time":0.0,"Temp I/O Write Time":0.0,"Subplans Removed":0,"Plans":[{"Node Type":"Custom Scan","Parent Relationship":"Member","Custom Plan Provider":"columnar scan","Parallel Aware":false,"Async Capable":false,"Relation Name":"supplier","Schema":"public","Alias":"supplier","Startup Cost":20.0,"Total Cost":235.0,"Plan Rows":10000,"Plan Width":27,"Actual Startup Time":0.034,"Actual Total Time":1.33,"Actual Rows":10000,"Actual Loops":1,"Output":["supplier.su_name","supplier.su_suppkey","supplier.su_nationkey"],"Rows Removed by Columnar Filter":0,"Columnar cache search mode":"native","Shared Hit Blocks":0,"Shared Read Blocks":0,"Shared Dirtied Blocks":0,"Shared Written Blocks":0,"Local Hit Blocks":0,"Local Read Blocks":0,"Local Dirtied Blocks":0,"Local Written Blocks":0,"Temp Read Blocks":0,"Temp Written Blocks":0,"I/O Read Time":0.0,"I/O Write Time":0.0,"Temp I/O Read Time":0.0,"Temp I/O Write Time":0.0},{"Node Type":"Seq Scan","Parent Relationship":"Member","Parallel Aware":false,"Async Capable":false,"Relation Name":"supplier","Schema":"public","Alias":"supplier","Startup Cost":0.0,"Total Cost":4.01,"Plan Rows":1,"Plan Width":27,"Actual Startup Time":0.0,"Actual Total Time":0.0,"Actual Rows":0,"Actual Loops":0,"Output":["supplier.su_name","supplier.su_suppkey","supplier.su_nationkey"],"Shared Hit Blocks":0,"Shared Read Blocks":0,"Shared Dirtied Blocks":0,"Shared Written Blocks":0,"Local Hit Blocks":0,"Local Read Blocks":0,"Local Dirtied Blocks":0,"Local Written Blocks":0,"Temp Read Blocks":0,"Temp Written Blocks":0,"I/O Read Time":0.0,"I/O Write Time":0.0,"Temp I/O Read Time":0.0,"Temp I/O Write Time":0.0}]}]}]},{"Node Type":"Hash","Parent Relationship":"Inner","Parallel Aware":false,"Async Capable":false,"Startup Cost":1.77,"Total Cost":1.77,"Plan Rows":1,"Plan Width":4,"Actual Startup Time":0.03,"Actual Total Time":0.032,"Actual Rows":1,"Actual Loops":1,"Output":["nation.n_nationkey"],"Hash Buckets":1024,"Original Hash Buckets":1024,"Hash Batches":1,"Original Hash Batches":1,"Peak Memory Usage":9,"Shared Hit Blocks":1,"Shared Read Blocks":0,"Shared Dirtied Blocks":0,"Shared Written Blocks":0,"Local Hit Blocks":0,"Local Read Blocks":0,"Local Dirtied Blocks":0,"Local Written Blocks":0,"Temp Read Blocks":0,"Temp Written Blocks":0,"I/O Read Time":0.0,"I/O Write Time":0.0,"Temp I/O Read Time":0.0,"Temp I/O Write Time":0.0,"Plans":[{"Node Type":"Seq Scan","Parent Relationship":"Outer","Parallel Aware":false,"Async Capable":false,"Relation Name":"nation","Schema":"public","Alias":"nation","Startup Cost":0.0,"Total Cost":1.77,"Plan Rows":1,"Plan Width":4,"Actual Startup Time":0.023,"Actual Total Time":0.026,"Actual Rows":1,"Actual Loops":1,"Output":["nation.n_nationkey"],"Filter":"((nation.n_name)::text = 'Cambodia'::text)","Rows Removed by Filter":61,"Shared Hit Blocks":1,"Shared Read Blocks":0,"Shared Dirtied Blocks":0,"Shared Written Blocks":0,"Local Hit Blocks":0,"Local Read Blocks":0,"Local Dirtied Blocks":0,"Local Written Blocks":0,"Temp Read Blocks":0,"Temp Written Blocks":0,"I/O Read Time":0.0,"I/O Write Time":0.0,"Temp I/O Read Time":0.0,"Temp I/O Write Time":0.0}]}]},{"Node Type":"Hash","Parent Relationship":"Inner","Parallel Aware":false,"Async Capable":false,"Startup Cost":119121.6,"Total Cost":119121.6,"Plan Rows":5996324,"Plan Width":20,"Actual Startup Time":2145.464,"Actual Total Time":2145.466,"Actual Rows":5995789,"Actual Loops":1,"Output":["orders.o_id","orders.o_w_id","orders.o_d_id","orders.o_entry_d"],"Hash Buckets":131072,"Original Hash Buckets":131072,"Hash Batches":64,"Original Hash Batches":64,"Peak Memory Usage":6157,"Shared Hit Blocks":44122,"Shared Read Blocks":0,"Shared Dirtied Blocks":0,"Shared Written Blocks":0,"Local Hit Blocks":0,"Local Read Blocks":0,"Local Dirtied Blocks":0,"Local Written Blocks":0,"Temp Read Blocks":0,"Temp Written Blocks":31667,"I/O Read Time":0.0,"I/O Write Time":0.0,"Temp I/O Read Time":0.0,"Temp I/O Write Time":148.565,"Plans":[{"Node Type":"Seq Scan","Parent Relationship":"Outer","Parallel Aware":false,"Async Capable":false,"Relation Name":"orders","Schema":"public","Alias":"orders","Startup Cost":0.0,"Total Cost":119121.6,"Plan Rows":5996324,"Plan Width":20,"Actual Startup Time":0.016,"Actual Total Time":738.263,"Actual Rows":5995789,"Actual Loops":1,"Output":["orders.o_id","orders.o_w_id","orders.o_d_id","orders.o_entry_d"],"Filter":"(orders.o_entry_d >= '1992-01-02 20:10:02.27764'::timestamp without time zone)","Rows Removed by Filter":4211,"Shared Hit Blocks":44122,"Shared Read Blocks":0,"Shared Dirtied Blocks":0,"Shared Written Blocks":0,"Local Hit Blocks":0,"Local Read Blocks":0,"Local Dirtied Blocks":0,"Local Written Blocks":0,"Temp Read Blocks":0,"Temp Written Blocks":0,"I/O Read Time":0.0,"I/O Write Time":0.0,"Temp I/O Read Time":0.0,"Temp I/O Write Time":0.0}]}]},{"Node Type":"Index Scan","Parent Relationship":"Inner","Parallel Aware":false,"Async Capable":false,"Scan Direction":"Forward","Index Name":"order_line_pk","Relation Name":"order_line","Schema":"public","Alias":"l2","Startup Cost":0.56,"Total Cost":35.72,"Plan Rows":2,"Plan Width":20,"Actual Startup Time":0.006,"Actual Total Time":0.006,"Actual Rows":0,"Actual Loops":535880,"Output":["l2.ol_o_id","l2.ol_d_id","l2.ol_w_id","l2.ol_number","l2.ol_i_id","l2.ol_supply_w_id","l2.ol_delivery_d","l2.ol_quantity","l2.ol_amount","l2.ol_dist_info"],"Index Cond":"((l2.ol_w_id = l1.ol_w_id) AND (l2.ol_d_id = l1.ol_d_id) AND (l2.ol_o_id = l1.ol_o_id))","Rows Removed by Index Recheck":0,"Filter":"((l2.ol_delivery_d >= '1992-01-02 20:10:02.27764'::timestamp without time zone) AND (l2.ol_delivery_d > l1.ol_delivery_d))","Rows Removed by Filter":11,"Shared Hit Blocks":2767173,"Shared Read Blocks":0,"Shared Dirtied Blocks":0,"Shared Written Blocks":0,"Local Hit Blocks":0,"Local Read Blocks":0,"Local Dirtied Blocks":0,"Local Written Blocks":0,"Temp Read Blocks":0,"Temp Written Blocks":0,"I/O Read Time":0.0,"I/O Write Time":0.0,"Temp I/O Read Time":0.0,"Temp I/O Write Time":0.0}]}]}]}]},"Planning":{"Shared Hit Blocks":128,"Shared Read Blocks":0,"Shared Dirtied Blocks":0,"Shared Written Blocks":0,"Local Hit Blocks":0,"Local Read Blocks":0,"Local Dirtied Blocks":0,"Local Written Blocks":0,"Temp Read Blocks":0,"Temp Written Blocks":0,"I/O Read Time":0.0,"I/O Write Time":0.0,"Temp I/O Read Time":0.0,"Temp I/O Write Time":0.0},"Planning Time":3.107,"Triggers":[],"Execution Time":30860.995}]
[列存组合]: nation, orders, stock, supplier
[{"Plan":{"Node Type":"Sort","Parallel Aware":false,"Async Capable":false,"Startup Cost":9534435.14,"Total Cost":9534460.14,"Plan Rows":10000,"Plan Width":27,"Actual Startup Time":30319.668,"Actual Total Time":30319.696,"Actual Rows":156,"Actual Loops":1,"Output":["supplier.su_name","(count(*))"],"Sort Key":["(count(*)) DESC","supplier.su_name"],"Sort Method":"quicksort","Sort Space Used":35,"Sort Space Type":"Memory","Shared Hit Blocks":3547717,"Shared Read Blocks":0,"Shared Dirtied Blocks":0,"Shared Written Blocks":0,"Local Hit Blocks":0,"Local Read Blocks":0,"Local Dirtied Blocks":0,"Local Written Blocks":0,"Temp Read Blocks":208358,"Temp Written Blocks":208369,"I/O Read Time":0.0,"I/O Write Time":0.0,"Temp I/O Read Time":311.203,"Temp I/O Write Time":847.161,"Plans":[{"Node Type":"Aggregate","Strategy":"Sorted","Partial Mode":"Simple","Parent Relationship":"Outer","Parallel Aware":false,"Async Capable":false,"Startup Cost":9532533.29,"Total Cost":9533770.75,"Plan Rows":10000,"Plan Width":27,"Actual Startup Time":30215.67,"Actual Total Time":30319.634,"Actual Rows":156,"Actual Loops":1,"Output":["supplier.su_name","count(*)"],"Group Key":["supplier.su_name"],"Shared Hit Blocks":3547717,"Shared Read Blocks":0,"Shared Dirtied Blocks":0,"Shared Written Blocks":0,"Local Hit Blocks":0,"Local Read Blocks":0,"Local Dirtied Blocks":0,"Local Written Blocks":0,"Temp Read Blocks":208358,"Temp Written Blocks":208369,"I/O Read Time":0.0,"I/O Write Time":0.0,"Temp I/O Read Time":311.203,"Temp I/O Write Time":847.161,"Plans":[{"Node Type":"Sort","Parent Relationship":"Outer","Parallel Aware":false,"Async Capable":false,"Startup Cost":9532533.29,"Total Cost":9532912.45,"Plan Rows":151661,"Plan Width":19,"Actual Startup Time":30215.32,"Actual Total Time":30269.474,"Actual Rows":535880,"Actual Loops":1,"Output":["supplier.su_name"],"Sort Key":["supplier.su_name"],"Sort Method":"external merge","Sort Space Used":15280,"Sort Space Type":"Disk","Shared Hit Blocks":3547717,"Shared Read Blocks":0,"Shared Dirtied Blocks":0,"Shared Written Blocks":0,"Local Hit Blocks":0,"Local Read Blocks":0,"Local Dirtied Blocks":0,"Local Written Blocks":0,"Temp Read Blocks":208358,"Temp Written Blocks":208369,"I/O Read Time":0.0,"I/O Write Time":0.0,"Temp I/O Read Time":311.203,"Temp I/O Write Time":847.161,"Plans":[{"Node Type":"Nested Loop","Parent Relationship":"Outer","Parallel Aware":false,"Async Capable":false,"Join Type":"Anti","Startup Cost":899583.69,"Total Cost":9516370.99,"Plan Rows":151661,"Plan Width":19,"Actual Startup Time":8674.284,"Actual Total Time":29920.088,"Actual Rows":535880,"Actual Loops":1,"Output":["supplier.su_name"],"Inner Unique":false,"Shared Hit Blocks":3547717,"Shared Read Blocks":0,"Shared Dirtied Blocks":0,"Shared Written Blocks":0,"Local Hit Blocks":0,"Local Read Blocks":0,"Local Dirtied Blocks":0,"Local Written Blocks":0,"Temp Read Blocks":206448,"Temp Written Blocks":206448,"I/O Read Time":0.0,"I/O Write Time":0.0,"Temp I/O Read Time":308.265,"Temp I/O Write Time":839.634,"Plans":[{"Node Type":"Hash Join","Parent Relationship":"Outer","Parallel Aware":false,"Async Capable":false,"Join Type":"Inner","Startup Cost":899583.12,"Total Cost":3410950.89,"Plan Rows":227491,"Plan Width":39,"Actual Startup Time":8674.242,"Actual Total Time":26109.158,"Actual Rows":535880,"Actual Loops":1,"Output":["supplier.su_name","l1.ol_o_id","l1.ol_w_id","l1.ol_d_id","l1.ol_delivery_d"],"Inner Unique":true,"Hash Cond":"((l1.ol_o_id = orders.o_id) AND (l1.ol_w_id = orders.o_w_id) AND (l1.ol_d_id = orders.o_d_id))","Join Filter":"(l1.ol_delivery_d > orders.o_entry_d)","Rows Removed by Join Filter":0,"Shared Hit Blocks":780544,"Shared Read Blocks":0,"Shared Dirtied Blocks":0,"Shared Written Blocks":0,"Local Hit Blocks":0,"Local Read Blocks":0,"Local Dirtied Blocks":0,"Local Written Blocks":0,"Temp Read Blocks":206448,"Temp Written Blocks":206448,"I/O Read Time":0.0,"I/O Write Time":0.0,"Temp I/O Read Time":308.265,"Temp I/O Write Time":839.634,"Plans":[{"Node Type":"Hash Join","Parent Relationship":"Outer","Parallel Aware":false,"Async Capable":false,"Join Type":"Inner","Startup Cost":640390.85,"Total Cost":3099241.88,"Plan Rows":682888,"Plan Width":41,"Actual Startup Time":6935.641,"Actual Total Time":23561.097,"Actual Rows":536421,"Actual Loops":1,"Output":["supplier.su_name","stock.s_w_id","l1.ol_o_id","l1.ol_w_id","l1.ol_d_id","l1.ol_delivery_d"],"Inner Unique":false,"Hash Cond":"((l1.ol_w_id = stock.s_w_id) AND (l1.ol_i_id = stock.s_i_id))","Shared Hit Blocks":736422,"Shared Read Blocks":0,"Shared Dirtied Blocks":0,"Shared Written Blocks":0,"Local Hit Blocks":0,"Local Read Blocks":0,"Local Dirtied Blocks":0,"Local Written Blocks":0,"Temp Read Blocks":170308,"Temp Written Blocks":170308,"I/O Read Time":0.0,"I/O Write Time":0.0,"Temp I/O Read Time":247.293,"Temp I/O Write Time":670.982,"Plans":[{"Node Type":"Seq Scan","Parent Relationship":"Outer","Parallel Aware":false,"Async Capable":false,"Relation Name":"order_line","Schema":"public","Alias":"l1","Startup Cost":0.0,"Total Cost":1431670.8,"Plan Rows":42039468,"Plan Width":24,"Actual Startup Time":0.013,"Actual Total Time":6827.798,"Actual Rows":42000489,"Actual Loops":1,"Output":["l1.ol_o_id","l1.ol_w_id","l1.ol_d_id","l1.ol_i_id","l1.ol_delivery_d"],"Filter":"(l1.ol_delivery_d >= '1992-01-02 20:10:02.27764'::timestamp without time zone)","Rows Removed by Filter":17993272,"Shared Hit Blocks":681748,"Shared Read Blocks":0,"Shared Dirtied Blocks":0,"Shared Written Blocks":0,"Local Hit Blocks":0,"Local Read Blocks":0,"Local Dirtied Blocks":0,"Local Written Blocks":0,"Temp Read Blocks":0,"Temp Written Blocks":0,"I/O Read Time":0.0,"I/O Write Time":0.0,"Temp I/O Read Time":0.0,"Temp I/O Write Time":0.0},{"Node Type":"Hash","Parent Relationship":"Inner","Parallel Aware":false,"Async Capable":false,"Startup Cost":633346.09,"Total Cost":633346.09,"Plan Rows":322584,"Plan Width":25,"Actual Startup Time":6934.92,"Actual Total Time":6934.935,"Actual Rows":255450,"Actual Loops":1,"Output":["supplier.su_name","stock.s_w_id","stock.s_i_id"],"Hash Buckets":131072,"Original Hash Buckets":131072,"Hash Batches":4,"Original Hash Batches":4,"Peak Memory Usage":4756,"Shared Hit Blocks":54674,"Shared Read Blocks":0,"Shared Dirtied Blocks":0,"Shared Written Blocks":0,"Local Hit Blocks":0,"Local Read Blocks":0,"Local Dirtied Blocks":0,"Local Written Blocks":0,"Temp Read Blocks":0,"Temp Written Blocks":1122,"I/O Read Time":0.0,"I/O Write Time":0.0,"Temp I/O Read Time":0.0,"Temp I/O Write Time":7.05,"Plans":[{"Node Type":"Hash Join","Parent Relationship":"Outer","Parallel Aware":false,"Async Capable":false,"Join Type":"Inner","Startup Cost":366.25,"Total Cost":633346.09,"Plan Rows":322584,"Plan Width":25,"Actual Startup Time":3.622,"Actual Total Time":6883.616,"Actual Rows":255450,"Actual Loops":1,"Output":["supplier.su_name","stock.s_w_id","stock.s_i_id"],"Inner Unique":true,"Hash Cond":"(supplier.su_nationkey = nation.n_nationkey)","Shared Hit Blocks":54674,"Shared Read Blocks":0,"Shared Dirtied Blocks":0,"Shared Written Blocks":0,"Local Hit Blocks":0,"Local Read Blocks":0,"Local Dirtied Blocks":0,"Local Written Blocks":0,"Temp Read Blocks":0,"Temp Written Blocks":0,"I/O Read Time":0.0,"I/O Write Time":0.0,"Temp I/O Read Time":0.0,"Temp I/O Write Time":0.0,"Plans":[{"Node Type":"Hash Join","Parent Relationship":"Outer","Parallel Aware":false,"Async Capable":false,"Join Type":"Inner","Startup Cost":364.46,"Total Cost":577255.0,"Plan Rows":20000212,"Plan Width":29,"Actual Startup Time":3.586,"Actual Total Time":5585.986,"Actual Rows":20000000,"Actual Loops":1,"Output":["supplier.su_name","supplier.su_nationkey","stock.s_w_id","stock.s_i_id"],"Inner Unique":true,"Hash Cond":"(mod((stock.s_w_id * stock.s_i_id), 10000) = supplier.su_suppkey)","Shared Hit Blocks":54673,"Shared Read Blocks":0,"Shared Dirtied Blocks":0,"Shared Written Blocks":0,"Local Hit Blocks":0,"Local Read Blocks":0,"Local Dirtied Blocks":0,"Local Written Blocks":0,"Temp Read Blocks":0,"Temp Written Blocks":0,"I/O Read Time":0.0,"I/O Write Time":0.0,"Temp I/O Read Time":0.0,"Temp I/O Write Time":0.0,"Plans":[{"Node Type":"Index Only Scan","Parent Relationship":"Outer","Parallel Aware":false,"Async Capable":false,"Scan Direction":"Forward","Index Name":"stock_pk","Relation Name":"stock","Schema":"public","Alias":"stock","Startup Cost":0.44,"Total Cost":519363.62,"Plan Rows":20000212,"Plan Width":6,"Actual Startup Time":0.021,"Actual Total Time":1542.62,"Actual Rows":20000000,"Actual Loops":1,"Output":["stock.s_w_id","stock.s_i_id"],"Heap Fetches":0,"Shared Hit Blocks":54673,"Shared Read Blocks":0,"Shared Dirtied Blocks":0,"Shared Written Blocks":0,"Local Hit Blocks":0,"Local Read Blocks":0,"Local Dirtied Blocks":0,"Local Written Blocks":0,"Temp Read Blocks":0,"Temp Written Blocks":0,"I/O Read Time":0.0,"I/O Write Time":0.0,"Temp I/O Read Time":0.0,"Temp I/O Write Time":0.0},{"Node Type":"Hash","Parent Relationship":"Inner","Parallel Aware":false,"Async Capable":false,"Startup Cost":239.01,"Total Cost":239.01,"Plan Rows":10001,"Plan Width":27,"Actual Startup Time":3.516,"Actual Total Time":3.522,"Actual Rows":10000,"Actual Loops":1,"Output":["supplier.su_name","supplier.su_suppkey","supplier.su_nationkey"],"Hash Buckets":16384,"Original Hash Buckets":16384,"Hash Batches":1,"Original Hash Batches":1,"Peak Memory Usage":714,"Shared Hit Blocks":0,"Shared Read Blocks":0,"Shared Dirtied Blocks":0,"Shared Written Blocks":0,"Local Hit Blocks":0,"Local Read Blocks":0,"Local Dirtied Blocks":0,"Local Written Blocks":0,"Temp Read Blocks":0,"Temp Written Blocks":0,"I/O Read Time":0.0,"I/O Write Time":0.0,"Temp I/O Read Time":0.0,"Temp I/O Write Time":0.0,"Plans":[{"Node Type":"Append","Parent Relationship":"Outer","Parallel Aware":false,"Async Capable":false,"Startup Cost":20.0,"Total Cost":239.01,"Plan Rows":10001,"Plan Width":27,"Actual Startup Time":0.028,"Actual Total Time":2.061,"Actual Rows":10000,"Actual Loops":1,"Shared Hit Blocks":0,"Shared Read Blocks":0,"Shared Dirtied Blocks":0,"Shared Written Blocks":0,"Local Hit Blocks":0,"Local Read Blocks":0,"Local Dirtied Blocks":0,"Local Written Blocks":0,"Temp Read Blocks":0,"Temp Written Blocks":0,"I/O Read Time":0.0,"I/O Write Time":0.0,"Temp I/O Read Time":0.0,"Temp I/O Write Time":0.0,"Subplans Removed":0,"Plans":[{"Node Type":"Custom Scan","Parent Relationship":"Member","Custom Plan Provider":"columnar scan","Parallel Aware":false,"Async Capable":false,"Relation Name":"supplier","Schema":"public","Alias":"supplier","Startup Cost":20.0,"Total Cost":235.0,"Plan Rows":10000,"Plan Width":27,"Actual Startup Time":0.027,"Actual Total Time":1.361,"Actual Rows":10000,"Actual Loops":1,"Output":["supplier.su_name","supplier.su_suppkey","supplier.su_nationkey"],"Rows Removed by Columnar Filter":0,"Columnar cache search mode":"native","Shared Hit Blocks":0,"Shared Read Blocks":0,"Shared Dirtied Blocks":0,"Shared Written Blocks":0,"Local Hit Blocks":0,"Local Read Blocks":0,"Local Dirtied Blocks":0,"Local Written Blocks":0,"Temp Read Blocks":0,"Temp Written Blocks":0,"I/O Read Time":0.0,"I/O Write Time":0.0,"Temp I/O Read Time":0.0,"Temp I/O Write Time":0.0},{"Node Type":"Seq Scan","Parent Relationship":"Member","Parallel Aware":false,"Async Capable":false,"Relation Name":"supplier","Schema":"public","Alias":"supplier","Startup Cost":0.0,"Total Cost":4.01,"Plan Rows":1,"Plan Width":27,"Actual Startup Time":0.0,"Actual Total Time":0.0,"Actual Rows":0,"Actual Loops":0,"Output":["supplier.su_name","supplier.su_suppkey","supplier.su_nationkey"],"Shared Hit Blocks":0,"Shared Read Blocks":0,"Shared Dirtied Blocks":0,"Shared Written Blocks":0,"Local Hit Blocks":0,"Local Read Blocks":0,"Local Dirtied Blocks":0,"Local Written Blocks":0,"Temp Read Blocks":0,"Temp Written Blocks":0,"I/O Read Time":0.0,"I/O Write Time":0.0,"Temp I/O Read Time":0.0,"Temp I/O Write Time":0.0}]}]}]},{"Node Type":"Hash","Parent Relationship":"Inner","Parallel Aware":false,"Async Capable":false,"Startup Cost":1.77,"Total Cost":1.77,"Plan Rows":1,"Plan Width":4,"Actual Startup Time":0.015,"Actual Total Time":0.017,"Actual Rows":1,"Actual Loops":1,"Output":["nation.n_nationkey"],"Hash Buckets":1024,"Original Hash Buckets":1024,"Hash Batches":1,"Original Hash Batches":1,"Peak Memory Usage":9,"Shared Hit Blocks":1,"Shared Read Blocks":0,"Shared Dirtied Blocks":0,"Shared Written Blocks":0,"Local Hit Blocks":0,"Local Read Blocks":0,"Local Dirtied Blocks":0,"Local Written Blocks":0,"Temp Read Blocks":0,"Temp Written Blocks":0,"I/O Read Time":0.0,"I/O Write Time":0.0,"Temp I/O Read Time":0.0,"Temp I/O Write Time":0.0,"Plans":[{"Node Type":"Seq Scan","Parent Relationship":"Outer","Parallel Aware":false,"Async Capable":false,"Relation Name":"nation","Schema":"public","Alias":"nation","Startup Cost":0.0,"Total Cost":1.77,"Plan Rows":1,"Plan Width":4,"Actual Startup Time":0.01,"Actual Total Time":0.013,"Actual Rows":1,"Actual Loops":1,"Output":["nation.n_nationkey"],"Filter":"((nation.n_name)::text = 'Cambodia'::text)","Rows Removed by Filter":61,"Shared Hit Blocks":1,"Shared Read Blocks":0,"Shared Dirtied Blocks":0,"Shared Written Blocks":0,"Local Hit Blocks":0,"Local Read Blocks":0,"Local Dirtied Blocks":0,"Local Written Blocks":0,"Temp Read Blocks":0,"Temp Written Blocks":0,"I/O Read Time":0.0,"I/O Write Time":0.0,"Temp I/O Read Time":0.0,"Temp I/O Write Time":0.0}]}]}]}]},{"Node Type":"Hash","Parent Relationship":"Inner","Parallel Aware":false,"Async Capable":false,"Startup Cost":119121.6,"Total Cost":119121.6,"Plan Rows":5996324,"Plan Width":20,"Actual Startup Time":1737.31,"Actual Total Time":1737.311,"Actual Rows":5995789,"Actual Loops":1,"Output":["orders.o_id","orders.o_w_id","orders.o_d_id","orders.o_entry_d"],"Hash Buckets":131072,"Original Hash Buckets":131072,"Hash Batches":64,"Original Hash Batches":64,"Peak Memory Usage":6157,"Shared Hit Blocks":44122,"Shared Read Blocks":0,"Shared Dirtied Blocks":0,"Shared Written Blocks":0,"Local Hit Blocks":0,"Local Read Blocks":0,"Local Dirtied Blocks":0,"Local Written Blocks":0,"Temp Read Blocks":0,"Temp Written Blocks":31667,"I/O Read Time":0.0,"I/O Write Time":0.0,"Temp I/O Read Time":0.0,"Temp I/O Write Time":140.202,"Plans":[{"Node Type":"Seq Scan","Parent Relationship":"Outer","Parallel Aware":false,"Async Capable":false,"Relation Name":"orders","Schema":"public","Alias":"orders","Startup Cost":0.0,"Total Cost":119121.6,"Plan Rows":5996324,"Plan Width":20,"Actual Startup Time":0.012,"Actual Total Time":713.419,"Actual Rows":5995789,"Actual Loops":1,"Output":["orders.o_id","orders.o_w_id","orders.o_d_id","orders.o_entry_d"],"Filter":"(orders.o_entry_d >= '1992-01-02 20:10:02.27764'::timestamp without time zone)","Rows Removed by Filter":4211,"Shared Hit Blocks":44122,"Shared Read Blocks":0,"Shared Dirtied Blocks":0,"Shared Written Blocks":0,"Local Hit Blocks":0,"Local Read Blocks":0,"Local Dirtied Blocks":0,"Local Written Blocks":0,"Temp Read Blocks":0,"Temp Written Blocks":0,"I/O Read Time":0.0,"I/O Write Time":0.0,"Temp I/O Read Time":0.0,"Temp I/O Write Time":0.0}]}]},{"Node Type":"Index Scan","Parent Relationship":"Inner","Parallel Aware":false,"Async Capable":false,"Scan Direction":"Forward","Index Name":"order_line_pk","Relation Name":"order_line","Schema":"public","Alias":"l2","Startup Cost":0.56,"Total Cost":35.72,"Plan Rows":2,"Plan Width":20,"Actual Startup Time":0.007,"Actual Total Time":0.007,"Actual Rows":0,"Actual Loops":535880,"Output":["l2.ol_o_id","l2.ol_d_id","l2.ol_w_id","l2.ol_number","l2.ol_i_id","l2.ol_supply_w_id","l2.ol_delivery_d","l2.ol_quantity","l2.ol_amount","l2.ol_dist_info"],"Index Cond":"((l2.ol_w_id = l1.ol_w_id) AND (l2.ol_d_id = l1.ol_d_id) AND (l2.ol_o_id = l1.ol_o_id))","Rows Removed by Index Recheck":0,"Filter":"((l2.ol_delivery_d >= '1992-01-02 20:10:02.27764'::timestamp without time zone) AND (l2.ol_delivery_d > l1.ol_delivery_d))","Rows Removed by Filter":11,"Shared Hit Blocks":2767173,"Shared Read Blocks":0,"Shared Dirtied Blocks":0,"Shared Written Blocks":0,"Local Hit Blocks":0,"Local Read Blocks":0,"Local Dirtied Blocks":0,"Local Written Blocks":0,"Temp Read Blocks":0,"Temp Written Blocks":0,"I/O Read Time":0.0,"I/O Write Time":0.0,"Temp I/O Read Time":0.0,"Temp I/O Write Time":0.0}]}]}]}]},"Planning":{"Shared Hit Blocks":128,"Shared Read Blocks":0,"Shared Dirtied Blocks":0,"Shared Written Blocks":0,"Local Hit Blocks":0,"Local Read Blocks":0,"Local Dirtied Blocks":0,"Local Written Blocks":0,"Temp Read Blocks":0,"Temp Written Blocks":0,"I/O Read Time":0.0,"I/O Write Time":0.0,"Temp I/O Read Time":0.0,"Temp I/O Write Time":0.0},"Planning Time":2.305,"Triggers":[],"Execution Time":30322.412}]
[列存组合]: order_line, orders, stock, supplier
[{"Plan":{"Node Type":"Sort","Parallel Aware":false,"Async Capable":false,"Startup Cost":7638371.57,"Total Cost":7638396.57,"Plan Rows":10000,"Plan Width":27,"Actual Startup Time":31721.197,"Actual Total Time":31721.23,"Actual Rows":156,"Actual Loops":1,"Output":["supplier.su_name","(count(*))"],"Sort Key":["(count(*)) DESC","supplier.su_name"],"Sort Method":"quicksort","Sort Space Used":35,"Sort Space Type":"Memory","Shared Hit Blocks":2811296,"Shared Read Blocks":0,"Shared Dirtied Blocks":0,"Shared Written Blocks":0,"Local Hit Blocks":0,"Local Read Blocks":0,"Local Dirtied Blocks":0,"Local Written Blocks":0,"Temp Read Blocks":38048,"Temp Written Blocks":38059,"I/O Read Time":0.0,"I/O Write Time":0.0,"Temp I/O Read Time":62.942,"Temp I/O Write Time":191.897,"Plans":[{"Node Type":"Aggregate","Strategy":"Sorted","Partial Mode":"Simple","Parent Relationship":"Outer","Parallel Aware":false,"Async Capable":false,"Startup Cost":7636469.73,"Total Cost":7637707.18,"Plan Rows":10000,"Plan Width":27,"Actual Startup Time":31617.885,"Actual Total Time":31721.167,"Actual Rows":156,"Actual Loops":1,"Output":["supplier.su_name","count(*)"],"Group Key":["supplier.su_name"],"Shared Hit Blocks":2811296,"Shared Read Blocks":0,"Shared Dirtied Blocks":0,"Shared Written Blocks":0,"Local Hit Blocks":0,"Local Read Blocks":0,"Local Dirtied Blocks":0,"Local Written Blocks":0,"Temp Read Blocks":38048,"Temp Written Blocks":38059,"I/O Read Time":0.0,"I/O Write Time":0.0,"Temp I/O Read Time":62.942,"Temp I/O Write Time":191.897,"Plans":[{"Node Type":"Sort","Parent Relationship":"Outer","Parallel Aware":false,"Async Capable":false,"Startup Cost":7636469.73,"Total Cost":7636848.88,"Plan Rows":151661,"Plan Width":19,"Actual Startup Time":31617.536,"Actual Total Time":31671.85,"Actual Rows":535880,"Actual Loops":1,"Output":["supplier.su_name"],"Sort Key":["supplier.su_name"],"Sort Method":"external merge","Sort Space Used":15280,"Sort Space Type":"Disk","Shared Hit Blocks":2811296,"Shared Read Blocks":0,"Shared Dirtied Blocks":0,"Shared Written Blocks":0,"Local Hit Blocks":0,"Local Read Blocks":0,"Local Dirtied Blocks":0,"Local Written Blocks":0,"Temp Read Blocks":38048,"Temp Written Blocks":38059,"I/O Read Time":0.0,"I/O Write Time":0.0,"Temp I/O Read Time":62.942,"Temp I/O Write Time":191.897,"Plans":[{"Node Type":"Nested Loop","Parent Relationship":"Outer","Parallel Aware":false,"Async Capable":false,"Join Type":"Anti","Startup Cost":318179.24,"Total Cost":7620307.42,"Plan Rows":151661,"Plan Width":19,"Actual Startup Time":4348.009,"Actual Total Time":31325.007,"Actual Rows":535880,"Actual Loops":1,"Output":["supplier.su_name"],"Shared Hit Blocks":2811296,"Shared Read Blocks":0,"Shared Dirtied Blocks":0,"Shared Written Blocks":0,"Local Hit Blocks":0,"Local Read Blocks":0,"Local Dirtied Blocks":0,"Local Written Blocks":0,"Temp Read Blocks":36138,"Temp Written Blocks":36138,"I/O Read Time":0.0,"I/O Write Time":0.0,"Temp I/O Read Time":59.994,"Temp I/O Write Time":184.316,"Plans":[{"Node Type":"Hash Join","Parent Relationship":"Outer","Parallel Aware":false,"Async Capable":false,"Join Type":"Inner","Startup Cost":318178.67,"Total Cost":1514887.33,"Plan Rows":227491,"Plan Width":39,"Actual Startup Time":4347.929,"Actual Total Time":27718.224,"Actual Rows":535880,"Actual Loops":1,"Output":["supplier.su_name","l1.ol_o_id","l1.ol_w_id","l1.ol_d_id","l1.ol_delivery_d"],"Hash Cond":"((l1.ol_o_id = orders.o_id) AND (l1.ol_w_id = orders.o_w_id) AND (l1.ol_d_id = orders.o_d_id))","Join Filter":"(l1.ol_delivery_d > orders.o_entry_d)","Rows Removed by Join Filter":0,"Shared Hit Blocks":44123,"Shared Read Blocks":0,"Shared Dirtied Blocks":0,"Shared Written Blocks":0,"Local Hit Blocks":0,"Local Read Blocks":0,"Local Dirtied Blocks":0,"Local Written Blocks":0,"Temp Read Blocks":36138,"Temp Written Blocks":36138,"I/O Read Time":0.0,"I/O Write Time":0.0,"Temp I/O Read Time":59.994,"Temp I/O Write Time":184.316,"Plans":[{"Node Type":"Hash Join","Parent Relationship":"Outer","Parallel Aware":false,"Async Capable":false,"Join Type":"Inner","Startup Cost":58986.4,"Total Cost":1203178.31,"Plan Rows":682888,"Plan Width":41,"Actual Startup Time":2195.695,"Actual Total Time":24806.609,"Actual Rows":535908,"Actual Loops":1,"Output":["supplier.su_name","stock.s_w_id","l1.ol_o_id","l1.ol_w_id","l1.ol_d_id","l1.ol_delivery_d"],"Hash Cond":"(supplier.su_nationkey = nation.n_nationkey)","Shared Hit Blocks":1,"Shared Read Blocks":0,"Shared Dirtied Blocks":0,"Shared Written Blocks":0,"Local Hit Blocks":0,"Local Read Blocks":0,"Local Dirtied Blocks":0,"Local Written Blocks":0,"Temp Read Blocks":0,"Temp Written Blocks":0,"I/O Read Time":0.0,"I/O Write Time":0.0,"Temp I/O Read Time":0.0,"Temp I/O Write Time":0.0,"Plans":[{"Node Type":"Hash Join","Parent Relationship":"Outer","Parallel Aware":false,"Async Capable":false,"Join Type":"Inner","Startup Cost":58984.62,"Total Cost":1084439.33,"Plan Rows":42339072,"Plan Width":45,"Actual Startup Time":2195.61,"Actual Total Time":21993.87,"Actual Rows":41960840,"Actual Loops":1,"Output":["supplier.su_name","supplier.su_nationkey","stock.s_w_id","l1.ol_o_id","l1.ol_w_id","l1.ol_d_id","l1.ol_delivery_d"],"Hash Cond":"(mod((stock.s_w_id * stock.s_i_id), 10000) = supplier.su_suppkey)","Shared Hit Blocks":0,"Shared Read Blocks":0,"Shared Dirtied Blocks":0,"Shared Written Blocks":0,"Local Hit Blocks":0,"Local Read Blocks":0,"Local Dirtied Blocks":0,"Local Written Blocks":0,"Temp Read Blocks":0,"Temp Written Blocks":0,"I/O Read Time":0.0,"I/O Write Time":0.0,"Temp I/O Read Time":0.0,"Temp I/O Write Time":0.0,"Plans":[{"Node Type":"Hash Join","Parent Relationship":"Outer","Parallel Aware":false,"Async Capable":false,"Join Type":"Inner","Startup Cost":58620.59,"Total Cost":962293.85,"Plan Rows":42339072,"Plan Width":26,"Actual Startup Time":2192.008,"Actual Total Time":12934.74,"Actual Rows":41960840,"Actual Loops":1,"Output":["l1.ol_o_id","l1.ol_w_id","l1.ol_d_id","l1.ol_delivery_d","stock.s_w_id","stock.s_i_id"],"Hash Cond":"((l1.ol_w_id = stock.s_w_id) AND (l1.ol_i_id = stock.s_i_id))","Rows Removed by Bloom Filter":0,"Shared Hit Blocks":0,"Shared Read Blocks":0,"Shared Dirtied Blocks":0,"Shared Written Blocks":0,"Local Hit Blocks":0,"Local Read Blocks":0,"Local Dirtied Blocks":0,"Local Written Blocks":0,"Temp Read Blocks":0,"Temp Written Blocks":0,"I/O Read Time":0.0,"I/O Write Time":0.0,"Temp I/O Read Time":0.0,"Temp I/O Write Time":0.0,"Plans":[{"Node Type":"Append","Parent Relationship":"Outer","Parallel Aware":false,"Async Capable":false,"Startup Cost":20.0,"Total Cost":1072031.01,"Plan Rows":42039468,"Plan Width":24,"Actual Startup Time":217.404,"Actual Total Time":217.412,"Actual Rows":41960840,"Actual Loops":1,"Shared Hit Blocks":0,"Shared Read Blocks":0,"Shared Dirtied Blocks":0,"Shared Written Blocks":0,"Local Hit Blocks":0,"Local Read Blocks":0,"Local Dirtied Blocks":0,"Local Written Blocks":0,"Temp Read Blocks":0,"Temp Written Blocks":0,"I/O Read Time":0.0,"I/O Write Time":0.0,"Temp I/O Read Time":0.0,"Temp I/O Write Time":0.0,"Subplans Removed":0,"Plans":[{"Node Type":"Custom Scan","Parent Relationship":"Member","Custom Plan Provider":"columnar scan","Parallel Aware":false,"Async Capable":false,"Relation Name":"order_line","Schema":"public","Alias":"l1","Startup Cost":20.0,"Total Cost":1072026.23,"Plan Rows":42039424,"Plan Width":24,"Actual Startup Time":217.402,"Actual Total Time":217.404,"Actual Rows":41960840,"Actual Loops":1,"Output":["l1.ol_o_id","l1.ol_w_id","l1.ol_d_id","l1.ol_i_id","l1.ol_delivery_d"],"Filter":"(l1.ol_delivery_d >= '1992-01-02 20:10:02.27764'::timestamp without time zone)","Rows Removed by Filter":0,"Rows Removed by Columnar Filter":18032921,"Rows Filtered by Bloom Filter":0,"Dictionary Rows Filtered by Bloom Filter":39649,"Columnar cache search mode":"native","Shared Hit Blocks":0,"Shared Read Blocks":0,"Shared Dirtied Blocks":0,"Shared Written Blocks":0,"Local Hit Blocks":0,"Local Read Blocks":0,"Local Dirtied Blocks":0,"Local Written Blocks":0,"Temp Read Blocks":0,"Temp Written Blocks":0,"I/O Read Time":0.0,"I/O Write Time":0.0,"Temp I/O Read Time":0.0,"Temp I/O Write Time":0.0},{"Node Type":"Seq Scan","Parent Relationship":"Member","Parallel Aware":false,"Async Capable":false,"Relation Name":"order_line","Schema":"public","Alias":"l1","Startup Cost":0.0,"Total Cost":4.79,"Plan Rows":44,"Plan Width":24,"Actual Startup Time":0.0,"Actual Total Time":0.0,"Actual Rows":0,"Actual Loops":0,"Output":["l1.ol_o_id","l1.ol_w_id","l1.ol_d_id","l1.ol_i_id","l1.ol_delivery_d"],"Filter":"(l1.ol_delivery_d >= '1992-01-02 20:10:02.27764'::timestamp without time zone)","Rows Removed by Filter":0,"Shared Hit Blocks":0,"Shared Read Blocks":0,"Shared Dirtied Blocks":0,"Shared Written Blocks":0,"Local Hit Blocks":0,"Local Read Blocks":0,"Local Dirtied Blocks":0,"Local Written Blocks":0,"Temp Read Blocks":0,"Temp Written Blocks":0,"I/O Read Time":0.0,"I/O Write Time":0.0,"Temp I/O Read Time":0.0,"Temp I/O Write Time":0.0}]},{"Node Type":"Hash","Parent Relationship":"Inner","Parallel Aware":false,"Async Capable":false,"Startup Cost":390026.22,"Total Cost":390026.22,"Plan Rows":20000212,"Plan Width":6,"Actual Rows":20000000,"Actual Loops":1,"Output":["stock.s_w_id","stock.s_i_id"],"Shared Hit Blocks":0,"Shared Read Blocks":0,"Shared Dirtied Blocks":0,"Shared Written Blocks":0,"Local Hit Blocks":0,"Local Read Blocks":0,"Local Dirtied Blocks":0,"Local Written Blocks":0,"Temp Read Blocks":0,"Temp Written Blocks":0,"I/O Read Time":0.0,"I/O Write Time":0.0,"Temp I/O Read Time":0.0,"Temp I/O Write Time":0.0,"Plans":[{"Node Type":"Append","Parent Relationship":"Outer","Parallel Aware":false,"Async Capable":false,"Startup Cost":20.0,"Total Cost":390026.22,"Plan Rows":20000212,"Plan Width":6,"Actual Startup Time":0.437,"Actual Total Time":0.439,"Actual Rows":20000000,"Actual Loops":1,"Shared Hit Blocks":0,"Shared Read Blocks":0,"Shared Dirtied Blocks":0,"Shared Written Blocks":0,"Local Hit Blocks":0,"Local Read Blocks":0,"Local Dirtied Blocks":0,"Local Written Blocks":0,"Temp Read Blocks":0,"Temp Written Blocks":0,"I/O Read Time":0.0,"I/O Write Time":0.0,"Temp I/O Read Time":0.0,"Temp I/O Write Time":0.0,"Subplans Removed":0,"Plans":[{"Node Type":"Custom Scan","Parent Relationship":"Member","Custom Plan Provider":"columnar scan","Parallel Aware":false,"Async Capable":false,"Relation Name":"stock","Schema":"public","Alias":"stock","Startup Cost":20.0,"Total Cost":390020.1,"Plan Rows":20000000,"Plan Width":6,"Actual Startup Time":0.437,"Actual Total Time":0.437,"Actual Rows":20000000,"Actual Loops":1,"Output":["stock.s_w_id","stock.s_i_id"],"Rows Removed by Columnar Filter":0,"Columnar cache search mode":"native","Shared Hit Blocks":0,"Shared Read Blocks":0,"Shared Dirtied Blocks":0,"Shared Written Blocks":0,"Local Hit Blocks":0,"Local Read Blocks":0,"Local Dirtied Blocks":0,"Local Written Blocks":0,"Temp Read Blocks":0,"Temp Written Blocks":0,"I/O Read Time":0.0,"I/O Write Time":0.0,"Temp I/O Read Time":0.0,"Temp I/O Write Time":0.0},{"Node Type":"Seq Scan","Parent Relationship":"Member","Parallel Aware":false,"Async Capable":false,"Relation Name":"stock","Schema":"public","Alias":"stock","Startup Cost":0.0,"Total Cost":6.12,"Plan Rows":212,"Plan Width":6,"Actual Startup Time":0.0,"Actual Total Time":0.0,"Actual Rows":0,"Actual Loops":0,"Output":["stock.s_w_id","stock.s_i_id"],"Shared Hit Blocks":0,"Shared Read Blocks":0,"Shared Dirtied Blocks":0,"Shared Written Blocks":0,"Local Hit Blocks":0,"Local Read Blocks":0,"Local Dirtied Blocks":0,"Local Written Blocks":0,"Temp Read Blocks":0,"Temp Written Blocks":0,"I/O Read Time":0.0,"I/O Write Time":0.0,"Temp I/O Read Time":0.0,"Temp I/O Write Time":0.0}]}]}]},{"Node Type":"Hash","Parent Relationship":"Inner","Parallel Aware":false,"Async Capable":false,"Startup Cost":239.01,"Total Cost":239.01,"Plan Rows":10001,"Plan Width":27,"Actual Startup Time":3.509,"Actual Total Time":3.513,"Actual Rows":10000,"Actual Loops":1,"Output":["supplier.su_name","supplier.su_suppkey","supplier.su_nationkey"],"Hash Buckets":16384,"Original Hash Buckets":16384,"Hash Batches":1,"Original Hash Batches":1,"Peak Memory Usage":714,"Shared Hit Blocks":0,"Shared Read Blocks":0,"Shared Dirtied Blocks":0,"Shared Written Blocks":0,"Local Hit Blocks":0,"Local Read Blocks":0,"Local Dirtied Blocks":0,"Local Written Blocks":0,"Temp Read Blocks":0,"Temp Written Blocks":0,"I/O Read Time":0.0,"I/O Write Time":0.0,"Temp I/O Read Time":0.0,"Temp I/O Write Time":0.0,"Plans":[{"Node Type":"Append","Parent Relationship":"Outer","Parallel Aware":false,"Async Capable":false,"Startup Cost":20.0,"Total Cost":239.01,"Plan Rows":10001,"Plan Width":27,"Actual Startup Time":0.03,"Actual Total Time":2.061,"Actual Rows":10000,"Actual Loops":1,"Shared Hit Blocks":0,"Shared Read Blocks":0,"Shared Dirtied Blocks":0,"Shared Written Blocks":0,"Local Hit Blocks":0,"Local Read Blocks":0,"Local Dirtied Blocks":0,"Local Written Blocks":0,"Temp Read Blocks":0,"Temp Written Blocks":0,"I/O Read Time":0.0,"I/O Write Time":0.0,"Temp I/O Read Time":0.0,"Temp I/O Write Time":0.0,"Subplans Removed":0,"Plans":[{"Node Type":"Custom Scan","Parent Relationship":"Member","Custom Plan Provider":"columnar scan","Parallel Aware":false,"Async Capable":false,"Relation Name":"supplier","Schema":"public","Alias":"supplier","Startup Cost":20.0,"Total Cost":235.0,"Plan Rows":10000,"Plan Width":27,"Actual Startup Time":0.029,"Actual Total Time":1.331,"Actual Rows":10000,"Actual Loops":1,"Output":["supplier.su_name","supplier.su_suppkey","supplier.su_nationkey"],"Rows Removed by Columnar Filter":0,"Columnar cache search mode":"native","Shared Hit Blocks":0,"Shared Read Blocks":0,"Shared Dirtied Blocks":0,"Shared Written Blocks":0,"Local Hit Blocks":0,"Local Read Blocks":0,"Local Dirtied Blocks":0,"Local Written Blocks":0,"Temp Read Blocks":0,"Temp Written Blocks":0,"I/O Read Time":0.0,"I/O Write Time":0.0,"Temp I/O Read Time":0.0,"Temp I/O Write Time":0.0},{"Node Type":"Seq Scan","Parent Relationship":"Member","Parallel Aware":false,"Async Capable":false,"Relation Name":"supplier","Schema":"public","Alias":"supplier","Startup Cost":0.0,"Total Cost":4.01,"Plan Rows":1,"Plan Width":27,"Actual Startup Time":0.0,"Actual Total Time":0.0,"Actual Rows":0,"Actual Loops":0,"Output":["supplier.su_name","supplier.su_suppkey","supplier.su_nationkey"],"Shared Hit Blocks":0,"Shared Read Blocks":0,"Shared Dirtied Blocks":0,"Shared Written Blocks":0,"Local Hit Blocks":0,"Local Read Blocks":0,"Local Dirtied Blocks":0,"Local Written Blocks":0,"Temp Read Blocks":0,"Temp Written Blocks":0,"I/O Read Time":0.0,"I/O Write Time":0.0,"Temp I/O Read Time":0.0,"Temp I/O Write Time":0.0}]}]}]},{"Node Type":"Hash","Parent Relationship":"Inner","Parallel Aware":false,"Async Capable":false,"Startup Cost":1.77,"Total Cost":1.77,"Plan Rows":1,"Plan Width":4,"Actual Startup Time":0.021,"Actual Total Time":0.023,"Actual Rows":1,"Actual Loops":1,"Output":["nation.n_nationkey"],"Hash Buckets":1024,"Original Hash Buckets":1024,"Hash Batches":1,"Original Hash Batches":1,"Peak Memory Usage":9,"Shared Hit Blocks":1,"Shared Read Blocks":0,"Shared Dirtied Blocks":0,"Shared Written Blocks":0,"Local Hit Blocks":0,"Local Read Blocks":0,"Local Dirtied Blocks":0,"Local Written Blocks":0,"Temp Read Blocks":0,"Temp Written Blocks":0,"I/O Read Time":0.0,"I/O Write Time":0.0,"Temp I/O Read Time":0.0,"Temp I/O Write Time":0.0,"Plans":[{"Node Type":"Seq Scan","Parent Relationship":"Outer","Parallel Aware":false,"Async Capable":false,"Relation Name":"nation","Schema":"public","Alias":"nation","Startup Cost":0.0,"Total Cost":1.77,"Plan Rows":1,"Plan Width":4,"Actual Startup Time":0.016,"Actual Total Time":0.019,"Actual Rows":1,"Actual Loops":1,"Output":["nation.n_nationkey"],"Filter":"((nation.n_name)::text = 'Cambodia'::text)","Rows Removed by Filter":61,"Shared Hit Blocks":1,"Shared Read Blocks":0,"Shared Dirtied Blocks":0,"Shared Written Blocks":0,"Local Hit Blocks":0,"Local Read Blocks":0,"Local Dirtied Blocks":0,"Local Written Blocks":0,"Temp Read Blocks":0,"Temp Written Blocks":0,"I/O Read Time":0.0,"I/O Write Time":0.0,"Temp I/O Read Time":0.0,"Temp I/O Write Time":0.0}]}]},{"Node Type":"Hash","Parent Relationship":"Inner","Parallel Aware":false,"Async Capable":false,"Startup Cost":119121.6,"Total Cost":119121.6,"Plan Rows":5996324,"Plan Width":20,"Actual Startup Time":2146.983,"Actual Total Time":2146.984,"Actual Rows":5995789,"Actual Loops":1,"Output":["orders.o_id","orders.o_w_id","orders.o_d_id","orders.o_entry_d"],"Hash Buckets":131072,"Original Hash Buckets":131072,"Hash Batches":64,"Original Hash Batches":64,"Peak Memory Usage":6157,"Shared Hit Blocks":44122,"Shared Read Blocks":0,"Shared Dirtied Blocks":0,"Shared Written Blocks":0,"Local Hit Blocks":0,"Local Read Blocks":0,"Local Dirtied Blocks":0,"Local Written Blocks":0,"Temp Read Blocks":0,"Temp Written Blocks":31667,"I/O Read Time":0.0,"I/O Write Time":0.0,"Temp I/O Read Time":0.0,"Temp I/O Write Time":149.092,"Plans":[{"Node Type":"Seq Scan","Parent Relationship":"Outer","Parallel Aware":false,"Async Capable":false,"Relation Name":"orders","Schema":"public","Alias":"orders","Startup Cost":0.0,"Total Cost":119121.6,"Plan Rows":5996324,"Plan Width":20,"Actual Startup Time":0.016,"Actual Total Time":741.862,"Actual Rows":5995789,"Actual Loops":1,"Output":["orders.o_id","orders.o_w_id","orders.o_d_id","orders.o_entry_d"],"Filter":"(orders.o_entry_d >= '1992-01-02 20:10:02.27764'::timestamp without time zone)","Rows Removed by Filter":4211,"Shared Hit Blocks":44122,"Shared Read Blocks":0,"Shared Dirtied Blocks":0,"Shared Written Blocks":0,"Local Hit Blocks":0,"Local Read Blocks":0,"Local Dirtied Blocks":0,"Local Written Blocks":0,"Temp Read Blocks":0,"Temp Written Blocks":0,"I/O Read Time":0.0,"I/O Write Time":0.0,"Temp I/O Read Time":0.0,"Temp I/O Write Time":0.0}]}]},{"Node Type":"Index Scan","Parent Relationship":"Inner","Parallel Aware":false,"Async Capable":false,"Scan Direction":"Forward","Index Name":"order_line_pk","Relation Name":"order_line","Schema":"public","Alias":"l2","Startup Cost":0.56,"Total Cost":35.72,"Plan Rows":2,"Plan Width":20,"Actual Startup Time":0.006,"Actual Total Time":0.006,"Actual Rows":0,"Actual Loops":535880,"Output":["l2.ol_o_id","l2.ol_d_id","l2.ol_w_id","l2.ol_number","l2.ol_i_id","l2.ol_supply_w_id","l2.ol_delivery_d","l2.ol_quantity","l2.ol_amount","l2.ol_dist_info"],"Index Cond":"((l2.ol_w_id = l1.ol_w_id) AND (l2.ol_d_id = l1.ol_d_id) AND (l2.ol_o_id = l1.ol_o_id))","Rows Removed by Index Recheck":0,"Filter":"((l2.ol_delivery_d >= '1992-01-02 20:10:02.27764'::timestamp without time zone) AND (l2.ol_delivery_d > l1.ol_delivery_d))","Rows Removed by Filter":11,"Shared Hit Blocks":2767173,"Shared Read Blocks":0,"Shared Dirtied Blocks":0,"Shared Written Blocks":0,"Local Hit Blocks":0,"Local Read Blocks":0,"Local Dirtied Blocks":0,"Local Written Blocks":0,"Temp Read Blocks":0,"Temp Written Blocks":0,"I/O Read Time":0.0,"I/O Write Time":0.0,"Temp I/O Read Time":0.0,"Temp I/O Write Time":0.0}]}]}]}]},"Planning":{"Shared Hit Blocks":128,"Shared Read Blocks":0,"Shared Dirtied Blocks":0,"Shared Written Blocks":0,"Local Hit Blocks":0,"Local Read Blocks":0,"Local Dirtied Blocks":0,"Local Written Blocks":0,"Temp Read Blocks":0,"Temp Written Blocks":0,"I/O Read Time":0.0,"I/O Write Time":0.0,"Temp I/O Read Time":0.0,"Temp I/O Write Time":0.0},"Planning Time":3.187,"Triggers":[],"Execution Time":31725.123}]
[列存组合]: nation, order_line, orders, stock, supplier
[{"Plan":{"Node Type":"Sort","Parallel Aware":false,"Async Capable":false,"Startup Cost":7638371.57,"Total Cost":7638396.57,"Plan Rows":10000,"Plan Width":27,"Actual Startup Time":32078.012,"Actual Total Time":32078.045,"Actual Rows":156,"Actual Loops":1,"Output":["supplier.su_name","(count(*))"],"Sort Key":["(count(*)) DESC","supplier.su_name"],"Sort Method":"quicksort","Sort Space Used":35,"Sort Space Type":"Memory","Shared Hit Blocks":2811296,"Shared Read Blocks":0,"Shared Dirtied Blocks":0,"Shared Written Blocks":0,"Local Hit Blocks":0,"Local Read Blocks":0,"Local Dirtied Blocks":0,"Local Written Blocks":0,"Temp Read Blocks":38048,"Temp Written Blocks":38059,"I/O Read Time":0.0,"I/O Write Time":0.0,"Temp I/O Read Time":61.338,"Temp I/O Write Time":193.581,"Plans":[{"Node Type":"Aggregate","Strategy":"Sorted","Partial Mode":"Simple","Parent Relationship":"Outer","Parallel Aware":false,"Async Capable":false,"Startup Cost":7636469.73,"Total Cost":7637707.18,"Plan Rows":10000,"Plan Width":27,"Actual Startup Time":31974.648,"Actual Total Time":32077.98,"Actual Rows":156,"Actual Loops":1,"Output":["supplier.su_name","count(*)"],"Group Key":["supplier.su_name"],"Shared Hit Blocks":2811296,"Shared Read Blocks":0,"Shared Dirtied Blocks":0,"Shared Written Blocks":0,"Local Hit Blocks":0,"Local Read Blocks":0,"Local Dirtied Blocks":0,"Local Written Blocks":0,"Temp Read Blocks":38048,"Temp Written Blocks":38059,"I/O Read Time":0.0,"I/O Write Time":0.0,"Temp I/O Read Time":61.338,"Temp I/O Write Time":193.581,"Plans":[{"Node Type":"Sort","Parent Relationship":"Outer","Parallel Aware":false,"Async Capable":false,"Startup Cost":7636469.73,"Total Cost":7636848.88,"Plan Rows":151661,"Plan Width":19,"Actual Startup Time":31974.3,"Actual Total Time":32028.631,"Actual Rows":535880,"Actual Loops":1,"Output":["supplier.su_name"],"Sort Key":["supplier.su_name"],"Sort Method":"external merge","Sort Space Used":15280,"Sort Space Type":"Disk","Shared Hit Blocks":2811296,"Shared Read Blocks":0,"Shared Dirtied Blocks":0,"Shared Written Blocks":0,"Local Hit Blocks":0,"Local Read Blocks":0,"Local Dirtied Blocks":0,"Local Written Blocks":0,"Temp Read Blocks":38048,"Temp Written Blocks":38059,"I/O Read Time":0.0,"I/O Write Time":0.0,"Temp I/O Read Time":61.338,"Temp I/O Write Time":193.581,"Plans":[{"Node Type":"Nested Loop","Parent Relationship":"Outer","Parallel Aware":false,"Async Capable":false,"Join Type":"Anti","Startup Cost":318179.24,"Total Cost":7620307.42,"Plan Rows":151661,"Plan Width":19,"Actual Startup Time":4384.21,"Actual Total Time":31684.251,"Actual Rows":535880,"Actual Loops":1,"Output":["supplier.su_name"],"Shared Hit Blocks":2811296,"Shared Read Blocks":0,"Shared Dirtied Blocks":0,"Shared Written Blocks":0,"Local Hit Blocks":0,"Local Read Blocks":0,"Local Dirtied Blocks":0,"Local Written Blocks":0,"Temp Read Blocks":36138,"Temp Written Blocks":36138,"I/O Read Time":0.0,"I/O Write Time":0.0,"Temp I/O Read Time":58.404,"Temp I/O Write Time":185.981,"Plans":[{"Node Type":"Hash Join","Parent Relationship":"Outer","Parallel Aware":false,"Async Capable":false,"Join Type":"Inner","Startup Cost":318178.67,"Total Cost":1514887.33,"Plan Rows":227491,"Plan Width":39,"Actual Startup Time":4384.127,"Actual Total Time":28070.87,"Actual Rows":535880,"Actual Loops":1,"Output":["supplier.su_name","l1.ol_o_id","l1.ol_w_id","l1.ol_d_id","l1.ol_delivery_d"],"Hash Cond":"((l1.ol_o_id = orders.o_id) AND (l1.ol_w_id = orders.o_w_id) AND (l1.ol_d_id = orders.o_d_id))","Join Filter":"(l1.ol_delivery_d > orders.o_entry_d)","Rows Removed by Join Filter":0,"Shared Hit Blocks":44123,"Shared Read Blocks":0,"Shared Dirtied Blocks":0,"Shared Written Blocks":0,"Local Hit Blocks":0,"Local Read Blocks":0,"Local Dirtied Blocks":0,"Local Written Blocks":0,"Temp Read Blocks":36138,"Temp Written Blocks":36138,"I/O Read Time":0.0,"I/O Write Time":0.0,"Temp I/O Read Time":58.404,"Temp I/O Write Time":185.981,"Plans":[{"Node Type":"Hash Join","Parent Relationship":"Outer","Parallel Aware":false,"Async Capable":false,"Join Type":"Inner","Startup Cost":58986.4,"Total Cost":1203178.31,"Plan Rows":682888,"Plan Width":41,"Actual Startup Time":2230.066,"Actual Total Time":25159.001,"Actual Rows":535908,"Actual Loops":1,"Output":["supplier.su_name","stock.s_w_id","l1.ol_o_id","l1.ol_w_id","l1.ol_d_id","l1.ol_delivery_d"],"Hash Cond":"(supplier.su_nationkey = nation.n_nationkey)","Shared Hit Blocks":1,"Shared Read Blocks":0,"Shared Dirtied Blocks":0,"Shared Written Blocks":0,"Local Hit Blocks":0,"Local Read Blocks":0,"Local Dirtied Blocks":0,"Local Written Blocks":0,"Temp Read Blocks":0,"Temp Written Blocks":0,"I/O Read Time":0.0,"I/O Write Time":0.0,"Temp I/O Read Time":0.0,"Temp I/O Write Time":0.0,"Plans":[{"Node Type":"Hash Join","Parent Relationship":"Outer","Parallel Aware":false,"Async Capable":false,"Join Type":"Inner","Startup Cost":58984.62,"Total Cost":1084439.33,"Plan Rows":42339072,"Plan Width":45,"Actual Startup Time":2229.981,"Actual Total Time":22326.066,"Actual Rows":41960840,"Actual Loops":1,"Output":["supplier.su_name","supplier.su_nationkey","stock.s_w_id","l1.ol_o_id","l1.ol_w_id","l1.ol_d_id","l1.ol_delivery_d"],"Hash Cond":"(mod((stock.s_w_id * stock.s_i_id), 10000) = supplier.su_suppkey)","Shared Hit Blocks":0,"Shared Read Blocks":0,"Shared Dirtied Blocks":0,"Shared Written Blocks":0,"Local Hit Blocks":0,"Local Read Blocks":0,"Local Dirtied Blocks":0,"Local Written Blocks":0,"Temp Read Blocks":0,"Temp Written Blocks":0,"I/O Read Time":0.0,"I/O Write Time":0.0,"Temp I/O Read Time":0.0,"Temp I/O Write Time":0.0,"Plans":[{"Node Type":"Hash Join","Parent Relationship":"Outer","Parallel Aware":false,"Async Capable":false,"Join Type":"Inner","Startup Cost":58620.59,"Total Cost":962293.85,"Plan Rows":42339072,"Plan Width":26,"Actual Startup Time":2226.34,"Actual Total Time":13269.374,"Actual Rows":41960840,"Actual Loops":1,"Output":["l1.ol_o_id","l1.ol_w_id","l1.ol_d_id","l1.ol_delivery_d","stock.s_w_id","stock.s_i_id"],"Hash Cond":"((l1.ol_w_id = stock.s_w_id) AND (l1.ol_i_id = stock.s_i_id))","Rows Removed by Bloom Filter":0,"Shared Hit Blocks":0,"Shared Read Blocks":0,"Shared Dirtied Blocks":0,"Shared Written Blocks":0,"Local Hit Blocks":0,"Local Read Blocks":0,"Local Dirtied Blocks":0,"Local Written Blocks":0,"Temp Read Blocks":0,"Temp Written Blocks":0,"I/O Read Time":0.0,"I/O Write Time":0.0,"Temp I/O Read Time":0.0,"Temp I/O Write Time":0.0,"Plans":[{"Node Type":"Append","Parent Relationship":"Outer","Parallel Aware":false,"Async Capable":false,"Startup Cost":20.0,"Total Cost":1072031.01,"Plan Rows":42039468,"Plan Width":24,"Actual Startup Time":220.182,"Actual Total Time":220.19,"Actual Rows":41960840,"Actual Loops":1,"Shared Hit Blocks":0,"Shared Read Blocks":0,"Shared Dirtied Blocks":0,"Shared Written Blocks":0,"Local Hit Blocks":0,"Local Read Blocks":0,"Local Dirtied Blocks":0,"Local Written Blocks":0,"Temp Read Blocks":0,"Temp Written Blocks":0,"I/O Read Time":0.0,"I/O Write Time":0.0,"Temp I/O Read Time":0.0,"Temp I/O Write Time":0.0,"Subplans Removed":0,"Plans":[{"Node Type":"Custom Scan","Parent Relationship":"Member","Custom Plan Provider":"columnar scan","Parallel Aware":false,"Async Capable":false,"Relation Name":"order_line","Schema":"public","Alias":"l1","Startup Cost":20.0,"Total Cost":1072026.23,"Plan Rows":42039424,"Plan Width":24,"Actual Startup Time":220.179,"Actual Total Time":220.181,"Actual Rows":41960840,"Actual Loops":1,"Output":["l1.ol_o_id","l1.ol_w_id","l1.ol_d_id","l1.ol_i_id","l1.ol_delivery_d"],"Filter":"(l1.ol_delivery_d >= '1992-01-02 20:10:02.27764'::timestamp without time zone)","Rows Removed by Filter":0,"Rows Removed by Columnar Filter":18032921,"Rows Filtered by Bloom Filter":0,"Dictionary Rows Filtered by Bloom Filter":39649,"Columnar cache search mode":"native","Shared Hit Blocks":0,"Shared Read Blocks":0,"Shared Dirtied Blocks":0,"Shared Written Blocks":0,"Local Hit Blocks":0,"Local Read Blocks":0,"Local Dirtied Blocks":0,"Local Written Blocks":0,"Temp Read Blocks":0,"Temp Written Blocks":0,"I/O Read Time":0.0,"I/O Write Time":0.0,"Temp I/O Read Time":0.0,"Temp I/O Write Time":0.0},{"Node Type":"Seq Scan","Parent Relationship":"Member","Parallel Aware":false,"Async Capable":false,"Relation Name":"order_line","Schema":"public","Alias":"l1","Startup Cost":0.0,"Total Cost":4.79,"Plan Rows":44,"Plan Width":24,"Actual Startup Time":0.0,"Actual Total Time":0.0,"Actual Rows":0,"Actual Loops":0,"Output":["l1.ol_o_id","l1.ol_w_id","l1.ol_d_id","l1.ol_i_id","l1.ol_delivery_d"],"Filter":"(l1.ol_delivery_d >= '1992-01-02 20:10:02.27764'::timestamp without time zone)","Rows Removed by Filter":0,"Shared Hit Blocks":0,"Shared Read Blocks":0,"Shared Dirtied Blocks":0,"Shared Written Blocks":0,"Local Hit Blocks":0,"Local Read Blocks":0,"Local Dirtied Blocks":0,"Local Written Blocks":0,"Temp Read Blocks":0,"Temp Written Blocks":0,"I/O Read Time":0.0,"I/O Write Time":0.0,"Temp I/O Read Time":0.0,"Temp I/O Write Time":0.0}]},{"Node Type":"Hash","Parent Relationship":"Inner","Parallel Aware":false,"Async Capable":false,"Startup Cost":390026.22,"Total Cost":390026.22,"Plan Rows":20000212,"Plan Width":6,"Actual Rows":20000000,"Actual Loops":1,"Output":["stock.s_w_id","stock.s_i_id"],"Shared Hit Blocks":0,"Shared Read Blocks":0,"Shared Dirtied Blocks":0,"Shared Written Blocks":0,"Local Hit Blocks":0,"Local Read Blocks":0,"Local Dirtied Blocks":0,"Local Written Blocks":0,"Temp Read Blocks":0,"Temp Written Blocks":0,"I/O Read Time":0.0,"I/O Write Time":0.0,"Temp I/O Read Time":0.0,"Temp I/O Write Time":0.0,"Plans":[{"Node Type":"Append","Parent Relationship":"Outer","Parallel Aware":false,"Async Capable":false,"Startup Cost":20.0,"Total Cost":390026.22,"Plan Rows":20000212,"Plan Width":6,"Actual Startup Time":0.451,"Actual Total Time":0.454,"Actual Rows":20000000,"Actual Loops":1,"Shared Hit Blocks":0,"Shared Read Blocks":0,"Shared Dirtied Blocks":0,"Shared Written Blocks":0,"Local Hit Blocks":0,"Local Read Blocks":0,"Local Dirtied Blocks":0,"Local Written Blocks":0,"Temp Read Blocks":0,"Temp Written Blocks":0,"I/O Read Time":0.0,"I/O Write Time":0.0,"Temp I/O Read Time":0.0,"Temp I/O Write Time":0.0,"Subplans Removed":0,"Plans":[{"Node Type":"Custom Scan","Parent Relationship":"Member","Custom Plan Provider":"columnar scan","Parallel Aware":false,"Async Capable":false,"Relation Name":"stock","Schema":"public","Alias":"stock","Startup Cost":20.0,"Total Cost":390020.1,"Plan Rows":20000000,"Plan Width":6,"Actual Startup Time":0.45,"Actual Total Time":0.451,"Actual Rows":20000000,"Actual Loops":1,"Output":["stock.s_w_id","stock.s_i_id"],"Rows Removed by Columnar Filter":0,"Columnar cache search mode":"native","Shared Hit Blocks":0,"Shared Read Blocks":0,"Shared Dirtied Blocks":0,"Shared Written Blocks":0,"Local Hit Blocks":0,"Local Read Blocks":0,"Local Dirtied Blocks":0,"Local Written Blocks":0,"Temp Read Blocks":0,"Temp Written Blocks":0,"I/O Read Time":0.0,"I/O Write Time":0.0,"Temp I/O Read Time":0.0,"Temp I/O Write Time":0.0},{"Node Type":"Seq Scan","Parent Relationship":"Member","Parallel Aware":false,"Async Capable":false,"Relation Name":"stock","Schema":"public","Alias":"stock","Startup Cost":0.0,"Total Cost":6.12,"Plan Rows":212,"Plan Width":6,"Actual Startup Time":0.0,"Actual Total Time":0.0,"Actual Rows":0,"Actual Loops":0,"Output":["stock.s_w_id","stock.s_i_id"],"Shared Hit Blocks":0,"Shared Read Blocks":0,"Shared Dirtied Blocks":0,"Shared Written Blocks":0,"Local Hit Blocks":0,"Local Read Blocks":0,"Local Dirtied Blocks":0,"Local Written Blocks":0,"Temp Read Blocks":0,"Temp Written Blocks":0,"I/O Read Time":0.0,"I/O Write Time":0.0,"Temp I/O Read Time":0.0,"Temp I/O Write Time":0.0}]}]}]},{"Node Type":"Hash","Parent Relationship":"Inner","Parallel Aware":false,"Async Capable":false,"Startup Cost":239.01,"Total Cost":239.01,"Plan Rows":10001,"Plan Width":27,"Actual Startup Time":3.538,"Actual Total Time":3.542,"Actual Rows":10000,"Actual Loops":1,"Output":["supplier.su_name","supplier.su_suppkey","supplier.su_nationkey"],"Hash Buckets":16384,"Original Hash Buckets":16384,"Hash Batches":1,"Original Hash Batches":1,"Peak Memory Usage":714,"Shared Hit Blocks":0,"Shared Read Blocks":0,"Shared Dirtied Blocks":0,"Shared Written Blocks":0,"Local Hit Blocks":0,"Local Read Blocks":0,"Local Dirtied Blocks":0,"Local Written Blocks":0,"Temp Read Blocks":0,"Temp Written Blocks":0,"I/O Read Time":0.0,"I/O Write Time":0.0,"Temp I/O Read Time":0.0,"Temp I/O Write Time":0.0,"Plans":[{"Node Type":"Append","Parent Relationship":"Outer","Parallel Aware":false,"Async Capable":false,"Startup Cost":20.0,"Total Cost":239.01,"Plan Rows":10001,"Plan Width":27,"Actual Startup Time":0.029,"Actual Total Time":2.062,"Actual Rows":10000,"Actual Loops":1,"Shared Hit Blocks":0,"Shared Read Blocks":0,"Shared Dirtied Blocks":0,"Shared Written Blocks":0,"Local Hit Blocks":0,"Local Read Blocks":0,"Local Dirtied Blocks":0,"Local Written Blocks":0,"Temp Read Blocks":0,"Temp Written Blocks":0,"I/O Read Time":0.0,"I/O Write Time":0.0,"Temp I/O Read Time":0.0,"Temp I/O Write Time":0.0,"Subplans Removed":0,"Plans":[{"Node Type":"Custom Scan","Parent Relationship":"Member","Custom Plan Provider":"columnar scan","Parallel Aware":false,"Async Capable":false,"Relation Name":"supplier","Schema":"public","Alias":"supplier","Startup Cost":20.0,"Total Cost":235.0,"Plan Rows":10000,"Plan Width":27,"Actual Startup Time":0.027,"Actual Total Time":1.337,"Actual Rows":10000,"Actual Loops":1,"Output":["supplier.su_name","supplier.su_suppkey","supplier.su_nationkey"],"Rows Removed by Columnar Filter":0,"Columnar cache search mode":"native","Shared Hit Blocks":0,"Shared Read Blocks":0,"Shared Dirtied Blocks":0,"Shared Written Blocks":0,"Local Hit Blocks":0,"Local Read Blocks":0,"Local Dirtied Blocks":0,"Local Written Blocks":0,"Temp Read Blocks":0,"Temp Written Blocks":0,"I/O Read Time":0.0,"I/O Write Time":0.0,"Temp I/O Read Time":0.0,"Temp I/O Write Time":0.0},{"Node Type":"Seq Scan","Parent Relationship":"Member","Parallel Aware":false,"Async Capable":false,"Relation Name":"supplier","Schema":"public","Alias":"supplier","Startup Cost":0.0,"Total Cost":4.01,"Plan Rows":1,"Plan Width":27,"Actual Startup Time":0.0,"Actual Total Time":0.0,"Actual Rows":0,"Actual Loops":0,"Output":["supplier.su_name","supplier.su_suppkey","supplier.su_nationkey"],"Shared Hit Blocks":0,"Shared Read Blocks":0,"Shared Dirtied Blocks":0,"Shared Written Blocks":0,"Local Hit Blocks":0,"Local Read Blocks":0,"Local Dirtied Blocks":0,"Local Written Blocks":0,"Temp Read Blocks":0,"Temp Written Blocks":0,"I/O Read Time":0.0,"I/O Write Time":0.0,"Temp I/O Read Time":0.0,"Temp I/O Write Time":0.0}]}]}]},{"Node Type":"Hash","Parent Relationship":"Inner","Parallel Aware":false,"Async Capable":false,"Startup Cost":1.77,"Total Cost":1.77,"Plan Rows":1,"Plan Width":4,"Actual Startup Time":0.022,"Actual Total Time":0.025,"Actual Rows":1,"Actual Loops":1,"Output":["nation.n_nationkey"],"Hash Buckets":1024,"Original Hash Buckets":1024,"Hash Batches":1,"Original Hash Batches":1,"Peak Memory Usage":9,"Shared Hit Blocks":1,"Shared Read Blocks":0,"Shared Dirtied Blocks":0,"Shared Written Blocks":0,"Local Hit Blocks":0,"Local Read Blocks":0,"Local Dirtied Blocks":0,"Local Written Blocks":0,"Temp Read Blocks":0,"Temp Written Blocks":0,"I/O Read Time":0.0,"I/O Write Time":0.0,"Temp I/O Read Time":0.0,"Temp I/O Write Time":0.0,"Plans":[{"Node Type":"Seq Scan","Parent Relationship":"Outer","Parallel Aware":false,"Async Capable":false,"Relation Name":"nation","Schema":"public","Alias":"nation","Startup Cost":0.0,"Total Cost":1.77,"Plan Rows":1,"Plan Width":4,"Actual Startup Time":0.017,"Actual Total Time":0.021,"Actual Rows":1,"Actual Loops":1,"Output":["nation.n_nationkey"],"Filter":"((nation.n_name)::text = 'Cambodia'::text)","Rows Removed by Filter":61,"Shared Hit Blocks":1,"Shared Read Blocks":0,"Shared Dirtied Blocks":0,"Shared Written Blocks":0,"Local Hit Blocks":0,"Local Read Blocks":0,"Local Dirtied Blocks":0,"Local Written Blocks":0,"Temp Read Blocks":0,"Temp Written Blocks":0,"I/O Read Time":0.0,"I/O Write Time":0.0,"Temp I/O Read Time":0.0,"Temp I/O Write Time":0.0}]}]},{"Node Type":"Hash","Parent Relationship":"Inner","Parallel Aware":false,"Async Capable":false,"Startup Cost":119121.6,"Total Cost":119121.6,"Plan Rows":5996324,"Plan Width":20,"Actual Startup Time":2148.677,"Actual Total Time":2148.677,"Actual Rows":5995789,"Actual Loops":1,"Output":["orders.o_id","orders.o_w_id","orders.o_d_id","orders.o_entry_d"],"Hash Buckets":131072,"Original Hash Buckets":131072,"Hash Batches":64,"Original Hash Batches":64,"Peak Memory Usage":6157,"Shared Hit Blocks":44122,"Shared Read Blocks":0,"Shared Dirtied Blocks":0,"Shared Written Blocks":0,"Local Hit Blocks":0,"Local Read Blocks":0,"Local Dirtied Blocks":0,"Local Written Blocks":0,"Temp Read Blocks":0,"Temp Written Blocks":31667,"I/O Read Time":0.0,"I/O Write Time":0.0,"Temp I/O Read Time":0.0,"Temp I/O Write Time":150.313,"Plans":[{"Node Type":"Seq Scan","Parent Relationship":"Outer","Parallel Aware":false,"Async Capable":false,"Relation Name":"orders","Schema":"public","Alias":"orders","Startup Cost":0.0,"Total Cost":119121.6,"Plan Rows":5996324,"Plan Width":20,"Actual Startup Time":0.016,"Actual Total Time":741.859,"Actual Rows":5995789,"Actual Loops":1,"Output":["orders.o_id","orders.o_w_id","orders.o_d_id","orders.o_entry_d"],"Filter":"(orders.o_entry_d >= '1992-01-02 20:10:02.27764'::timestamp without time zone)","Rows Removed by Filter":4211,"Shared Hit Blocks":44122,"Shared Read Blocks":0,"Shared Dirtied Blocks":0,"Shared Written Blocks":0,"Local Hit Blocks":0,"Local Read Blocks":0,"Local Dirtied Blocks":0,"Local Written Blocks":0,"Temp Read Blocks":0,"Temp Written Blocks":0,"I/O Read Time":0.0,"I/O Write Time":0.0,"Temp I/O Read Time":0.0,"Temp I/O Write Time":0.0}]}]},{"Node Type":"Index Scan","Parent Relationship":"Inner","Parallel Aware":false,"Async Capable":false,"Scan Direction":"Forward","Index Name":"order_line_pk","Relation Name":"order_line","Schema":"public","Alias":"l2","Startup Cost":0.56,"Total Cost":35.72,"Plan Rows":2,"Plan Width":20,"Actual Startup Time":0.006,"Actual Total Time":0.006,"Actual Rows":0,"Actual Loops":535880,"Output":["l2.ol_o_id","l2.ol_d_id","l2.ol_w_id","l2.ol_number","l2.ol_i_id","l2.ol_supply_w_id","l2.ol_delivery_d","l2.ol_quantity","l2.ol_amount","l2.ol_dist_info"],"Index Cond":"((l2.ol_w_id = l1.ol_w_id) AND (l2.ol_d_id = l1.ol_d_id) AND (l2.ol_o_id = l1.ol_o_id))","Rows Removed by Index Recheck":0,"Filter":"((l2.ol_delivery_d >= '1992-01-02 20:10:02.27764'::timestamp without time zone) AND (l2.ol_delivery_d > l1.ol_delivery_d))","Rows Removed by Filter":11,"Shared Hit Blocks":2767173,"Shared Read Blocks":0,"Shared Dirtied Blocks":0,"Shared Written Blocks":0,"Local Hit Blocks":0,"Local Read Blocks":0,"Local Dirtied Blocks":0,"Local Written Blocks":0,"Temp Read Blocks":0,"Temp Written Blocks":0,"I/O Read Time":0.0,"I/O Write Time":0.0,"Temp I/O Read Time":0.0,"Temp I/O Write Time":0.0}]}]}]}]},"Planning":{"Shared Hit Blocks":128,"Shared Read Blocks":0,"Shared Dirtied Blocks":0,"Shared Written Blocks":0,"Local Hit Blocks":0,"Local Read Blocks":0,"Local Dirtied Blocks":0,"Local Written Blocks":0,"Temp Read Blocks":0,"Temp Written Blocks":0,"I/O Read Time":0.0,"I/O Write Time":0.0,"Temp I/O Read Time":0.0,"Temp I/O Write Time":0.0},"Planning Time":3.296,"Triggers":[],"Execution Time":32081.814}]
