[列存组合]: 无列存
[{"Plan":{"Node Type":"Aggregate","Strategy":"Sorted","Partial Mode":"Simple","Parallel Aware":false,"Async Capable":false,"Startup Cost":1516177.59,"Total Cost":1516178.11,"Plan Rows":23,"Plan Width":44,"Actual Startup Time":4786.15,"Actual Total Time":4786.156,"Actual Rows":0,"Actual Loops":1,"Output":["customer.c_nationkey","count(*)","sum(customer.c_balance)"],"Group Key":["customer.c_nationkey"],"Shared Hit Blocks":919980,"Shared Read Blocks":0,"Shared Dirtied Blocks":0,"Shared Written Blocks":0,"Local Hit Blocks":0,"Local Read Blocks":0,"Local Dirtied Blocks":0,"Local Written Blocks":0,"Temp Read Blocks":0,"Temp Written Blocks":0,"I/O Read Time":0.0,"I/O Write Time":0.0,"Temp I/O Read Time":0.0,"Temp I/O Write Time":0.0,"Plans":[{"Node Type":"Aggregate","Strategy":"Plain","Partial Mode":"Simple","Parent Relationship":"InitPlan","Subplan Name":"InitPlan 1 (returns $0)","Parallel Aware":false,"Async Capable":false,"Startup Cost":617493.68,"Total Cost":617493.69,"Plan Rows":1,"Plan Width":32,"Actual Startup Time":2480.255,"Actual Total Time":2480.259,"Actual Rows":1,"Actual Loops":1,"Output":["avg(customer_1.c_balance)"],"Shared Hit Blocks":459990,"Shared Read Blocks":0,"Shared Dirtied Blocks":0,"Shared Written Blocks":0,"Local Hit Blocks":0,"Local Read Blocks":0,"Local Dirtied Blocks":0,"Local Written Blocks":0,"Temp Read Blocks":0,"Temp Written Blocks":0,"I/O Read Time":0.0,"I/O Write Time":0.0,"Temp I/O Read Time":0.0,"Temp I/O Write Time":0.0,"Plans":[{"Node Type":"Seq Scan","Parent Relationship":"Outer","Parallel Aware":false,"Async Capable":false,"Relation Name":"customer","Schema":"public","Alias":"customer_1","Startup Cost":0.0,"Total Cost":617493.68,"Plan Rows":1,"Plan Width":5,"Actual Startup Time":2480.241,"Actual Total Time":2480.243,"Actual Rows":0,"Actual Loops":1,"Output":["customer_1.c_id","customer_1.c_d_id","customer_1.c_w_id","customer_1.c_nationkey","customer_1.c_first","customer_1.c_middle","customer_1.c_last","customer_1.c_street_1","customer_1.c_street_2","customer_1.c_city","customer_1.c_state","customer_1.c_zip","customer_1.c_phone","customer_1.c_since","customer_1.c_credit","customer_1.c_credit_lim","customer_1.c_discount","customer_1.c_balance","customer_1.c_ytd_payment","customer_1.c_payment_cnt","customer_1.c_delivery_cnt","customer_1.c_data"],"Filter":"((customer_1.c_balance > 0.00) AND (SUBSTRING(customer_1.c_phone FROM 1 FOR 2) = ANY ('{32,27,31,25,26,24,19}'::text[])))","Rows Removed by Filter":6000000,"Shared Hit Blocks":459990,"Shared Read Blocks":0,"Shared Dirtied Blocks":0,"Shared Written Blocks":0,"Local Hit Blocks":0,"Local Read Blocks":0,"Local Dirtied Blocks":0,"Local Written Blocks":0,"Temp Read Blocks":0,"Temp Written Blocks":0,"I/O Read Time":0.0,"I/O Write Time":0.0,"Temp I/O Read Time":0.0,"Temp I/O Write Time":0.0}]},{"Node Type":"Sort","Parent Relationship":"Outer","Parallel Aware":false,"Async Capable":false,"Startup Cost":898683.9,"Total Cost":898683.96,"Plan Rows":23,"Plan Width":9,"Actual Startup Time":4786.147,"Actual Total Time":4786.149,"Actual Rows":0,"Actual Loops":1,"Output":["customer.c_nationkey","customer.c_balance"],"Sort Key":["customer.c_nationkey"],"Sort Method":"quicksort","Sort Space Used":25,"Sort Space Type":"Memory","Shared Hit Blocks":919980,"Shared Read Blocks":0,"Shared Dirtied Blocks":0,"Shared Written Blocks":0,"Local Hit Blocks":0,"Local Read Blocks":0,"Local Dirtied Blocks":0,"Local Written Blocks":0,"Temp Read Blocks":0,"Temp Written Blocks":0,"I/O Read Time":0.0,"I/O Write Time":0.0,"Temp I/O Read Time":0.0,"Temp I/O Write Time":0.0,"Plans":[{"Node Type":"Nested Loop","Parent Relationship":"Outer","Parallel Aware":false,"Async Capable":false,"Join Type":"Anti","Startup Cost":0.43,"Total Cost":898683.38,"Plan Rows":23,"Plan Width":9,"Actual Startup Time":4786.139,"Actual Total Time":4786.141,"Actual Rows":0,"Actual Loops":1,"Output":["customer.c_nationkey","customer.c_balance"],"Inner Unique":false,"Shared Hit Blocks":919980,"Shared Read Blocks":0,"Shared Dirtied Blocks":0,"Shared Written Blocks":0,"Local Hit Blocks":0,"Local Read Blocks":0,"Local Dirtied Blocks":0,"Local Written Blocks":0,"Temp Read Blocks":0,"Temp Written Blocks":0,"I/O Read Time":0.0,"I/O Write Time":0.0,"Temp I/O Read Time":0.0,"Temp I/O Write Time":0.0,"Plans":[{"Node Type":"Seq Scan","Parent Relationship":"Outer","Parallel Aware":false,"Async Capable":false,"Relation Name":"customer","Schema":"public","Alias":"customer","Startup Cost":0.0,"Total Cost":617493.68,"Plan Rows":70002,"Plan Width":17,"Actual Startup Time":4786.134,"Actual Total Time":4786.135,"Actual Rows":0,"Actual Loops":1,"Output":["customer.c_id","customer.c_d_id","customer.c_w_id","customer.c_nationkey","customer.c_first","customer.c_middle","customer.c_last","customer.c_street_1","customer.c_street_2","customer.c_city","customer.c_state","customer.c_zip","customer.c_phone","customer.c_since","customer.c_credit","customer.c_credit_lim","customer.c_discount","customer.c_balance","customer.c_ytd_payment","customer.c_payment_cnt","customer.c_delivery_cnt","customer.c_data"],"Filter":"((customer.c_balance > $0) AND (SUBSTRING(customer.c_phone FROM 1 FOR 2) = ANY ('{32,27,31,25,26,24,19}'::text[])))","Rows Removed by Filter":6000000,"Shared Hit Blocks":919980,"Shared Read Blocks":0,"Shared Dirtied Blocks":0,"Shared Written Blocks":0,"Local Hit Blocks":0,"Local Read Blocks":0,"Local Dirtied Blocks":0,"Local Written Blocks":0,"Temp Read Blocks":0,"Temp Written Blocks":0,"I/O Read Time":0.0,"I/O Write Time":0.0,"Temp I/O Read Time":0.0,"Temp I/O Write Time":0.0},{"Node Type":"Index Scan","Parent Relationship":"Inner","Parallel Aware":false,"Async Capable":false,"Scan Direction":"Forward","Index Name":"idx_orders","Relation Name":"orders","Schema":"public","Alias":"orders","Startup Cost":0.43,"Total Cost":4.01,"Plan Rows":1,"Plan Width":8,"Actual Startup Time":0.0,"Actual Total Time":0.0,"Actual Rows":0,"Actual Loops":0,"Output":["orders.o_id","orders.o_d_id","orders.o_w_id","orders.o_c_id","orders.o_entry_d","orders.o_carrier_id","orders.o_ol_cnt","orders.o_all_local"],"Index Cond":"((orders.o_w_id = customer.c_w_id) AND (orders.o_d_id = customer.c_d_id) AND (orders.o_c_id = customer.c_id))","Rows Removed by Index Recheck":0,"Filter":"(orders.o_entry_d >= '1992-01-02 20:10:02.27764'::timestamp without time zone)","Rows Removed by Filter":0,"Shared Hit Blocks":0,"Shared Read Blocks":0,"Shared Dirtied Blocks":0,"Shared Written Blocks":0,"Local Hit Blocks":0,"Local Read Blocks":0,"Local Dirtied Blocks":0,"Local Written Blocks":0,"Temp Read Blocks":0,"Temp Written Blocks":0,"I/O Read Time":0.0,"I/O Write Time":0.0,"Temp I/O Read Time":0.0,"Temp I/O Write Time":0.0}]}]}]},"Planning":{"Shared Hit Blocks":21,"Shared Read Blocks":0,"Shared Dirtied Blocks":1,"Shared Written Blocks":0,"Local Hit Blocks":0,"Local Read Blocks":0,"Local Dirtied Blocks":0,"Local Written Blocks":0,"Temp Read Blocks":0,"Temp Written Blocks":0,"I/O Read Time":0.0,"I/O Write Time":0.0,"Temp I/O Read Time":0.0,"Temp I/O Write Time":0.0},"Planning Time":0.374,"Triggers":[],"Execution Time":4786.227}]
[列存组合]: customer
[{"Plan":{"Node Type":"Aggregate","Strategy":"Sorted","Partial Mode":"Simple","Parallel Aware":false,"Async Capable":false,"Startup Cost":283024.17,"Total Cost":283024.69,"Plan Rows":23,"Plan Width":44,"Actual Startup Time":0.289,"Actual Total Time":0.291,"Actual Rows":0,"Actual Loops":1,"Output":["customer.c_nationkey","count(*)","sum(customer.c_balance)"],"Group Key":["customer.c_nationkey"],"Shared Hit Blocks":0,"Shared Read Blocks":0,"Shared Dirtied Blocks":0,"Shared Written Blocks":0,"Local Hit Blocks":0,"Local Read Blocks":0,"Local Dirtied Blocks":0,"Local Written Blocks":0,"Temp Read Blocks":0,"Temp Written Blocks":0,"I/O Read Time":0.0,"I/O Write Time":0.0,"Temp I/O Read Time":0.0,"Temp I/O Write Time":0.0,"Plans":[{"Node Type":"Aggregate","Strategy":"Plain","Partial Mode":"Simple","Parent Relationship":"InitPlan","Subplan Name":"InitPlan 1 (returns $0)","Parallel Aware":false,"Async Capable":false,"Startup Cost":20.63,"Total Cost":20.64,"Plan Rows":1,"Plan Width":32,"Actual Startup Time":0.183,"Actual Total Time":0.185,"Actual Rows":1,"Actual Loops":1,"Output":["avg(customer_1.c_balance)"],"Shared Hit Blocks":0,"Shared Read Blocks":0,"Shared Dirtied Blocks":0,"Shared Written Blocks":0,"Local Hit Blocks":0,"Local Read Blocks":0,"Local Dirtied Blocks":0,"Local Written Blocks":0,"Temp Read Blocks":0,"Temp Written Blocks":0,"I/O Read Time":0.0,"I/O Write Time":0.0,"Temp I/O Read Time":0.0,"Temp I/O Write Time":0.0,"Plans":[{"Node Type":"Append","Parent Relationship":"Outer","Parallel Aware":false,"Async Capable":false,"Startup Cost":20.0,"Total Cost":28.31,"Plan Rows":2,"Plan Width":5,"Actual Startup Time":0.18,"Actual Total Time":0.181,"Actual Rows":0,"Actual Loops":1,"Shared Hit Blocks":0,"Shared Read Blocks":0,"Shared Dirtied Blocks":0,"Shared Written Blocks":0,"Local Hit Blocks":0,"Local Read Blocks":0,"Local Dirtied Blocks":0,"Local Written Blocks":0,"Temp Read Blocks":0,"Temp Written Blocks":0,"I/O Read Time":0.0,"I/O Write Time":0.0,"Temp I/O Read Time":0.0,"Temp I/O Write Time":0.0,"Subplans Removed":0,"Plans":[{"Node Type":"Custom Scan","Parent Relationship":"Member","Custom Plan Provider":"columnar scan","Parallel Aware":false,"Async Capable":false,"Relation Name":"customer","Schema":"public","Alias":"customer_1","Startup Cost":20.0,"Total Cost":20.64,"Plan Rows":1,"Plan Width":5,"Actual Startup Time":0.18,"Actual Total Time":0.18,"Actual Rows":0,"Actual Loops":1,"Output":["customer_1.c_balance"],"Filter":"((customer_1.c_balance > 0.00) AND (SUBSTRING(customer_1.c_phone FROM 1 FOR 2) = ANY ('{32,27,31,25,26,24,19}'::text[])))","Rows Removed by Filter":0,"Rows Removed by Columnar Filter":6000000,"Columnar cache search mode":"native","Shared Hit Blocks":0,"Shared Read Blocks":0,"Shared Dirtied Blocks":0,"Shared Written Blocks":0,"Local Hit Blocks":0,"Local Read Blocks":0,"Local Dirtied Blocks":0,"Local Written Blocks":0,"Temp Read Blocks":0,"Temp Written Blocks":0,"I/O Read Time":0.0,"I/O Write Time":0.0,"Temp I/O Read Time":0.0,"Temp I/O Write Time":0.0},{"Node Type":"Seq Scan","Parent Relationship":"Member","Parallel Aware":false,"Async Capable":false,"Relation Name":"customer","Schema":"public","Alias":"customer_1","Startup Cost":0.0,"Total Cost":7.68,"Plan Rows":1,"Plan Width":5,"Actual Startup Time":0.0,"Actual Total Time":0.0,"Actual Rows":0,"Actual Loops":0,"Output":["customer_1.c_balance"],"Filter":"((customer_1.c_balance > 0.00) AND (SUBSTRING(customer_1.c_phone FROM 1 FOR 2) = ANY ('{32,27,31,25,26,24,19}'::text[])))","Rows Removed by Filter":0,"Shared Hit Blocks":0,"Shared Read Blocks":0,"Shared Dirtied Blocks":0,"Shared Written Blocks":0,"Local Hit Blocks":0,"Local Read Blocks":0,"Local Dirtied Blocks":0,"Local Written Blocks":0,"Temp Read Blocks":0,"Temp Written Blocks":0,"I/O Read Time":0.0,"I/O Write Time":0.0,"Temp I/O Read Time":0.0,"Temp I/O Write Time":0.0}]}]},{"Node Type":"Sort","Parent Relationship":"Outer","Parallel Aware":false,"Async Capable":false,"Startup Cost":283003.53,"Total Cost":283003.59,"Plan Rows":23,"Plan Width":9,"Actual Startup Time":0.288,"Actual Total Time":0.288,"Actual Rows":0,"Actual Loops":1,"Output":["customer.c_nationkey","customer.c_balance"],"Sort Key":["customer.c_nationkey"],"Sort Method":"quicksort","Sort Space Used":25,"Sort Space Type":"Memory","Shared Hit Blocks":0,"Shared Read Blocks":0,"Shared Dirtied Blocks":0,"Shared Written Blocks":0,"Local Hit Blocks":0,"Local Read Blocks":0,"Local Dirtied Blocks":0,"Local Written Blocks":0,"Temp Read Blocks":0,"Temp Written Blocks":0,"I/O Read Time":0.0,"I/O Write Time":0.0,"Temp I/O Read Time":0.0,"Temp I/O Write Time":0.0,"Plans":[{"Node Type":"Nested Loop","Parent Relationship":"Outer","Parallel Aware":false,"Async Capable":false,"Join Type":"Anti","Startup Cost":20.43,"Total Cost":283003.01,"Plan Rows":23,"Plan Width":9,"Actual Startup Time":0.281,"Actual Total Time":0.282,"Actual Rows":0,"Actual Loops":1,"Output":["customer.c_nationkey","customer.c_balance"],"Inner Unique":false,"Shared Hit Blocks":0,"Shared Read Blocks":0,"Shared Dirtied Blocks":0,"Shared Written Blocks":0,"Local Hit Blocks":0,"Local Read Blocks":0,"Local Dirtied Blocks":0,"Local Written Blocks":0,"Temp Read Blocks":0,"Temp Written Blocks":0,"I/O Read Time":0.0,"I/O Write Time":0.0,"Temp I/O Read Time":0.0,"Temp I/O Write Time":0.0,"Plans":[{"Node Type":"Append","Parent Relationship":"Outer","Parallel Aware":false,"Async Capable":false,"Startup Cost":20.0,"Total Cost":1813.31,"Plan Rows":70002,"Plan Width":17,"Actual Startup Time":0.281,"Actual Total Time":0.281,"Actual Rows":0,"Actual Loops":1,"Shared Hit Blocks":0,"Shared Read Blocks":0,"Shared Dirtied Blocks":0,"Shared Written Blocks":0,"Local Hit Blocks":0,"Local Read Blocks":0,"Local Dirtied Blocks":0,"Local Written Blocks":0,"Temp Read Blocks":0,"Temp Written Blocks":0,"I/O Read Time":0.0,"I/O Write Time":0.0,"Temp I/O Read Time":0.0,"Temp I/O Write Time":0.0,"Subplans Removed":0,"Plans":[{"Node Type":"Custom Scan","Parent Relationship":"Member","Custom Plan Provider":"columnar scan","Parallel Aware":false,"Async Capable":false,"Relation Name":"customer","Schema":"public","Alias":"customer","Startup Cost":20.0,"Total Cost":1805.63,"Plan Rows":70000,"Plan Width":17,"Actual Startup Time":0.28,"Actual Total Time":0.28,"Actual Rows":0,"Actual Loops":1,"Output":["customer.c_nationkey","customer.c_balance","customer.c_id","customer.c_w_id","customer.c_d_id"],"Filter":"((customer.c_balance > $0) AND (SUBSTRING(customer.c_phone FROM 1 FOR 2) = ANY ('{32,27,31,25,26,24,19}'::text[])))","Rows Removed by Filter":0,"Rows Removed by Columnar Filter":6000000,"Columnar projection mode":"late materialization","Columnar cache search mode":"native","Shared Hit Blocks":0,"Shared Read Blocks":0,"Shared Dirtied Blocks":0,"Shared Written Blocks":0,"Local Hit Blocks":0,"Local Read Blocks":0,"Local Dirtied Blocks":0,"Local Written Blocks":0,"Temp Read Blocks":0,"Temp Written Blocks":0,"I/O Read Time":0.0,"I/O Write Time":0.0,"Temp I/O Read Time":0.0,"Temp I/O Write Time":0.0},{"Node Type":"Seq Scan","Parent Relationship":"Member","Parallel Aware":false,"Async Capable":false,"Relation Name":"customer","Schema":"public","Alias":"customer","Startup Cost":0.0,"Total Cost":7.68,"Plan Rows":2,"Plan Width":17,"Actual Startup Time":0.0,"Actual Total Time":0.0,"Actual Rows":0,"Actual Loops":0,"Output":["customer.c_nationkey","customer.c_balance","customer.c_id","customer.c_w_id","customer.c_d_id"],"Filter":"((customer.c_balance > $0) AND (SUBSTRING(customer.c_phone FROM 1 FOR 2) = ANY ('{32,27,31,25,26,24,19}'::text[])))","Rows Removed by Filter":0,"Shared Hit Blocks":0,"Shared Read Blocks":0,"Shared Dirtied Blocks":0,"Shared Written Blocks":0,"Local Hit Blocks":0,"Local Read Blocks":0,"Local Dirtied Blocks":0,"Local Written Blocks":0,"Temp Read Blocks":0,"Temp Written Blocks":0,"I/O Read Time":0.0,"I/O Write Time":0.0,"Temp I/O Read Time":0.0,"Temp I/O Write Time":0.0}]},{"Node Type":"Index Scan","Parent Relationship":"Inner","Parallel Aware":false,"Async Capable":false,"Scan Direction":"Forward","Index Name":"idx_orders","Relation Name":"orders","Schema":"public","Alias":"orders","Startup Cost":0.43,"Total Cost":4.01,"Plan Rows":1,"Plan Width":8,"Actual Startup Time":0.0,"Actual Total Time":0.0,"Actual Rows":0,"Actual Loops":0,"Output":["orders.o_id","orders.o_d_id","orders.o_w_id","orders.o_c_id","orders.o_entry_d","orders.o_carrier_id","orders.o_ol_cnt","orders.o_all_local"],"Index Cond":"((orders.o_w_id = customer.c_w_id) AND (orders.o_d_id = customer.c_d_id) AND (orders.o_c_id = customer.c_id))","Rows Removed by Index Recheck":0,"Filter":"(orders.o_entry_d >= '1992-01-02 20:10:02.27764'::timestamp without time zone)","Rows Removed by Filter":0,"Shared Hit Blocks":0,"Shared Read Blocks":0,"Shared Dirtied Blocks":0,"Shared Written Blocks":0,"Local Hit Blocks":0,"Local Read Blocks":0,"Local Dirtied Blocks":0,"Local Written Blocks":0,"Temp Read Blocks":0,"Temp Written Blocks":0,"I/O Read Time":0.0,"I/O Write Time":0.0,"Temp I/O Read Time":0.0,"Temp I/O Write Time":0.0}]}]}]},"Planning":{"Shared Hit Blocks":16,"Shared Read Blocks":0,"Shared Dirtied Blocks":0,"Shared Written Blocks":0,"Local Hit Blocks":0,"Local Read Blocks":0,"Local Dirtied Blocks":0,"Local Written Blocks":0,"Temp Read Blocks":0,"Temp Written Blocks":0,"I/O Read Time":0.0,"I/O Write Time":0.0,"Temp I/O Read Time":0.0,"Temp I/O Write Time":0.0},"Planning Time":1.411,"Triggers":[],"Execution Time":0.398}]
[列存组合]: orders
[{"Plan":{"Node Type":"Aggregate","Strategy":"Sorted","Partial Mode":"Simple","Parallel Aware":false,"Async Capable":false,"Startup Cost":1516177.59,"Total Cost":1516178.11,"Plan Rows":23,"Plan Width":44,"Actual Startup Time":5356.581,"Actual Total Time":5356.587,"Actual Rows":0,"Actual Loops":1,"Output":["customer.c_nationkey","count(*)","sum(customer.c_balance)"],"Group Key":["customer.c_nationkey"],"Shared Hit Blocks":919980,"Shared Read Blocks":0,"Shared Dirtied Blocks":0,"Shared Written Blocks":0,"Local Hit Blocks":0,"Local Read Blocks":0,"Local Dirtied Blocks":0,"Local Written Blocks":0,"Temp Read Blocks":0,"Temp Written Blocks":0,"I/O Read Time":0.0,"I/O Write Time":0.0,"Temp I/O Read Time":0.0,"Temp I/O Write Time":0.0,"Plans":[{"Node Type":"Aggregate","Strategy":"Plain","Partial Mode":"Simple","Parent Relationship":"InitPlan","Subplan Name":"InitPlan 1 (returns $0)","Parallel Aware":false,"Async Capable":false,"Startup Cost":617493.68,"Total Cost":617493.69,"Plan Rows":1,"Plan Width":32,"Actual Startup Time":3082.737,"Actual Total Time":3082.74,"Actual Rows":1,"Actual Loops":1,"Output":["avg(customer_1.c_balance)"],"Shared Hit Blocks":459990,"Shared Read Blocks":0,"Shared Dirtied Blocks":0,"Shared Written Blocks":0,"Local Hit Blocks":0,"Local Read Blocks":0,"Local Dirtied Blocks":0,"Local Written Blocks":0,"Temp Read Blocks":0,"Temp Written Blocks":0,"I/O Read Time":0.0,"I/O Write Time":0.0,"Temp I/O Read Time":0.0,"Temp I/O Write Time":0.0,"Plans":[{"Node Type":"Seq Scan","Parent Relationship":"Outer","Parallel Aware":false,"Async Capable":false,"Relation Name":"customer","Schema":"public","Alias":"customer_1","Startup Cost":0.0,"Total Cost":617493.68,"Plan Rows":1,"Plan Width":5,"Actual Startup Time":3082.723,"Actual Total Time":3082.724,"Actual Rows":0,"Actual Loops":1,"Output":["customer_1.c_id","customer_1.c_d_id","customer_1.c_w_id","customer_1.c_nationkey","customer_1.c_first","customer_1.c_middle","customer_1.c_last","customer_1.c_street_1","customer_1.c_street_2","customer_1.c_city","customer_1.c_state","customer_1.c_zip","customer_1.c_phone","customer_1.c_since","customer_1.c_credit","customer_1.c_credit_lim","customer_1.c_discount","customer_1.c_balance","customer_1.c_ytd_payment","customer_1.c_payment_cnt","customer_1.c_delivery_cnt","customer_1.c_data"],"Filter":"((customer_1.c_balance > 0.00) AND (SUBSTRING(customer_1.c_phone FROM 1 FOR 2) = ANY ('{32,27,31,25,26,24,19}'::text[])))","Rows Removed by Filter":6000000,"Shared Hit Blocks":459990,"Shared Read Blocks":0,"Shared Dirtied Blocks":0,"Shared Written Blocks":0,"Local Hit Blocks":0,"Local Read Blocks":0,"Local Dirtied Blocks":0,"Local Written Blocks":0,"Temp Read Blocks":0,"Temp Written Blocks":0,"I/O Read Time":0.0,"I/O Write Time":0.0,"Temp I/O Read Time":0.0,"Temp I/O Write Time":0.0}]},{"Node Type":"Sort","Parent Relationship":"Outer","Parallel Aware":false,"Async Capable":false,"Startup Cost":898683.9,"Total Cost":898683.96,"Plan Rows":23,"Plan Width":9,"Actual Startup Time":5356.576,"Actual Total Time":5356.578,"Actual Rows":0,"Actual Loops":1,"Output":["customer.c_nationkey","customer.c_balance"],"Sort Key":["customer.c_nationkey"],"Sort Method":"quicksort","Sort Space Used":25,"Sort Space Type":"Memory","Shared Hit Blocks":919980,"Shared Read Blocks":0,"Shared Dirtied Blocks":0,"Shared Written Blocks":0,"Local Hit Blocks":0,"Local Read Blocks":0,"Local Dirtied Blocks":0,"Local Written Blocks":0,"Temp Read Blocks":0,"Temp Written Blocks":0,"I/O Read Time":0.0,"I/O Write Time":0.0,"Temp I/O Read Time":0.0,"Temp I/O Write Time":0.0,"Plans":[{"Node Type":"Nested Loop","Parent Relationship":"Outer","Parallel Aware":false,"Async Capable":false,"Join Type":"Anti","Startup Cost":0.43,"Total Cost":898683.38,"Plan Rows":23,"Plan Width":9,"Actual Startup Time":5356.562,"Actual Total Time":5356.564,"Actual Rows":0,"Actual Loops":1,"Output":["customer.c_nationkey","customer.c_balance"],"Inner Unique":false,"Shared Hit Blocks":919980,"Shared Read Blocks":0,"Shared Dirtied Blocks":0,"Shared Written Blocks":0,"Local Hit Blocks":0,"Local Read Blocks":0,"Local Dirtied Blocks":0,"Local Written Blocks":0,"Temp Read Blocks":0,"Temp Written Blocks":0,"I/O Read Time":0.0,"I/O Write Time":0.0,"Temp I/O Read Time":0.0,"Temp I/O Write Time":0.0,"Plans":[{"Node Type":"Seq Scan","Parent Relationship":"Outer","Parallel Aware":false,"Async Capable":false,"Relation Name":"customer","Schema":"public","Alias":"customer","Startup Cost":0.0,"Total Cost":617493.68,"Plan Rows":70002,"Plan Width":17,"Actual Startup Time":5356.556,"Actual Total Time":5356.557,"Actual Rows":0,"Actual Loops":1,"Output":["customer.c_id","customer.c_d_id","customer.c_w_id","customer.c_nationkey","customer.c_first","customer.c_middle","customer.c_last","customer.c_street_1","customer.c_street_2","customer.c_city","customer.c_state","customer.c_zip","customer.c_phone","customer.c_since","customer.c_credit","customer.c_credit_lim","customer.c_discount","customer.c_balance","customer.c_ytd_payment","customer.c_payment_cnt","customer.c_delivery_cnt","customer.c_data"],"Filter":"((customer.c_balance > $0) AND (SUBSTRING(customer.c_phone FROM 1 FOR 2) = ANY ('{32,27,31,25,26,24,19}'::text[])))","Rows Removed by Filter":6000000,"Shared Hit Blocks":919980,"Shared Read Blocks":0,"Shared Dirtied Blocks":0,"Shared Written Blocks":0,"Local Hit Blocks":0,"Local Read Blocks":0,"Local Dirtied Blocks":0,"Local Written Blocks":0,"Temp Read Blocks":0,"Temp Written Blocks":0,"I/O Read Time":0.0,"I/O Write Time":0.0,"Temp I/O Read Time":0.0,"Temp I/O Write Time":0.0},{"Node Type":"Index Scan","Parent Relationship":"Inner","Parallel Aware":false,"Async Capable":false,"Scan Direction":"Forward","Index Name":"idx_orders","Relation Name":"orders","Schema":"public","Alias":"orders","Startup Cost":0.43,"Total Cost":4.01,"Plan Rows":1,"Plan Width":8,"Actual Startup Time":0.0,"Actual Total Time":0.0,"Actual Rows":0,"Actual Loops":0,"Output":["orders.o_id","orders.o_d_id","orders.o_w_id","orders.o_c_id","orders.o_entry_d","orders.o_carrier_id","orders.o_ol_cnt","orders.o_all_local"],"Index Cond":"((orders.o_w_id = customer.c_w_id) AND (orders.o_d_id = customer.c_d_id) AND (orders.o_c_id = customer.c_id))","Rows Removed by Index Recheck":0,"Filter":"(orders.o_entry_d >= '1992-01-02 20:10:02.27764'::timestamp without time zone)","Rows Removed by Filter":0,"Shared Hit Blocks":0,"Shared Read Blocks":0,"Shared Dirtied Blocks":0,"Shared Written Blocks":0,"Local Hit Blocks":0,"Local Read Blocks":0,"Local Dirtied Blocks":0,"Local Written Blocks":0,"Temp Read Blocks":0,"Temp Written Blocks":0,"I/O Read Time":0.0,"I/O Write Time":0.0,"Temp I/O Read Time":0.0,"Temp I/O Write Time":0.0}]}]}]},"Planning":{"Shared Hit Blocks":16,"Shared Read Blocks":0,"Shared Dirtied Blocks":0,"Shared Written Blocks":0,"Local Hit Blocks":0,"Local Read Blocks":0,"Local Dirtied Blocks":0,"Local Written Blocks":0,"Temp Read Blocks":0,"Temp Written Blocks":0,"I/O Read Time":0.0,"I/O Write Time":0.0,"Temp I/O Read Time":0.0,"Temp I/O Write Time":0.0},"Planning Time":0.747,"Triggers":[],"Execution Time":5356.702}]
[列存组合]: customer, orders
[{"Plan":{"Node Type":"Aggregate","Strategy":"Sorted","Partial Mode":"Simple","Parallel Aware":false,"Async Capable":false,"Startup Cost":283024.17,"Total Cost":283024.69,"Plan Rows":23,"Plan Width":44,"Actual Startup Time":0.311,"Actual Total Time":0.313,"Actual Rows":0,"Actual Loops":1,"Output":["customer.c_nationkey","count(*)","sum(customer.c_balance)"],"Group Key":["customer.c_nationkey"],"Shared Hit Blocks":0,"Shared Read Blocks":0,"Shared Dirtied Blocks":0,"Shared Written Blocks":0,"Local Hit Blocks":0,"Local Read Blocks":0,"Local Dirtied Blocks":0,"Local Written Blocks":0,"Temp Read Blocks":0,"Temp Written Blocks":0,"I/O Read Time":0.0,"I/O Write Time":0.0,"Temp I/O Read Time":0.0,"Temp I/O Write Time":0.0,"Plans":[{"Node Type":"Aggregate","Strategy":"Plain","Partial Mode":"Simple","Parent Relationship":"InitPlan","Subplan Name":"InitPlan 1 (returns $0)","Parallel Aware":false,"Async Capable":false,"Startup Cost":20.63,"Total Cost":20.64,"Plan Rows":1,"Plan Width":32,"Actual Startup Time":0.193,"Actual Total Time":0.195,"Actual Rows":1,"Actual Loops":1,"Output":["avg(customer_1.c_balance)"],"Shared Hit Blocks":0,"Shared Read Blocks":0,"Shared Dirtied Blocks":0,"Shared Written Blocks":0,"Local Hit Blocks":0,"Local Read Blocks":0,"Local Dirtied Blocks":0,"Local Written Blocks":0,"Temp Read Blocks":0,"Temp Written Blocks":0,"I/O Read Time":0.0,"I/O Write Time":0.0,"Temp I/O Read Time":0.0,"Temp I/O Write Time":0.0,"Plans":[{"Node Type":"Append","Parent Relationship":"Outer","Parallel Aware":false,"Async Capable":false,"Startup Cost":20.0,"Total Cost":28.31,"Plan Rows":2,"Plan Width":5,"Actual Startup Time":0.191,"Actual Total Time":0.192,"Actual Rows":0,"Actual Loops":1,"Shared Hit Blocks":0,"Shared Read Blocks":0,"Shared Dirtied Blocks":0,"Shared Written Blocks":0,"Local Hit Blocks":0,"Local Read Blocks":0,"Local Dirtied Blocks":0,"Local Written Blocks":0,"Temp Read Blocks":0,"Temp Written Blocks":0,"I/O Read Time":0.0,"I/O Write Time":0.0,"Temp I/O Read Time":0.0,"Temp I/O Write Time":0.0,"Subplans Removed":0,"Plans":[{"Node Type":"Custom Scan","Parent Relationship":"Member","Custom Plan Provider":"columnar scan","Parallel Aware":false,"Async Capable":false,"Relation Name":"customer","Schema":"public","Alias":"customer_1","Startup Cost":20.0,"Total Cost":20.64,"Plan Rows":1,"Plan Width":5,"Actual Startup Time":0.19,"Actual Total Time":0.191,"Actual Rows":0,"Actual Loops":1,"Output":["customer_1.c_balance"],"Filter":"((customer_1.c_balance > 0.00) AND (SUBSTRING(customer_1.c_phone FROM 1 FOR 2) = ANY ('{32,27,31,25,26,24,19}'::text[])))","Rows Removed by Filter":0,"Rows Removed by Columnar Filter":6000000,"Columnar cache search mode":"native","Shared Hit Blocks":0,"Shared Read Blocks":0,"Shared Dirtied Blocks":0,"Shared Written Blocks":0,"Local Hit Blocks":0,"Local Read Blocks":0,"Local Dirtied Blocks":0,"Local Written Blocks":0,"Temp Read Blocks":0,"Temp Written Blocks":0,"I/O Read Time":0.0,"I/O Write Time":0.0,"Temp I/O Read Time":0.0,"Temp I/O Write Time":0.0},{"Node Type":"Seq Scan","Parent Relationship":"Member","Parallel Aware":false,"Async Capable":false,"Relation Name":"customer","Schema":"public","Alias":"customer_1","Startup Cost":0.0,"Total Cost":7.68,"Plan Rows":1,"Plan Width":5,"Actual Startup Time":0.0,"Actual Total Time":0.0,"Actual Rows":0,"Actual Loops":0,"Output":["customer_1.c_balance"],"Filter":"((customer_1.c_balance > 0.00) AND (SUBSTRING(customer_1.c_phone FROM 1 FOR 2) = ANY ('{32,27,31,25,26,24,19}'::text[])))","Rows Removed by Filter":0,"Shared Hit Blocks":0,"Shared Read Blocks":0,"Shared Dirtied Blocks":0,"Shared Written Blocks":0,"Local Hit Blocks":0,"Local Read Blocks":0,"Local Dirtied Blocks":0,"Local Written Blocks":0,"Temp Read Blocks":0,"Temp Written Blocks":0,"I/O Read Time":0.0,"I/O Write Time":0.0,"Temp I/O Read Time":0.0,"Temp I/O Write Time":0.0}]}]},{"Node Type":"Sort","Parent Relationship":"Outer","Parallel Aware":false,"Async Capable":false,"Startup Cost":283003.53,"Total Cost":283003.59,"Plan Rows":23,"Plan Width":9,"Actual Startup Time":0.31,"Actual Total Time":0.311,"Actual Rows":0,"Actual Loops":1,"Output":["customer.c_nationkey","customer.c_balance"],"Sort Key":["customer.c_nationkey"],"Sort Method":"quicksort","Sort Space Used":25,"Sort Space Type":"Memory","Shared Hit Blocks":0,"Shared Read Blocks":0,"Shared Dirtied Blocks":0,"Shared Written Blocks":0,"Local Hit Blocks":0,"Local Read Blocks":0,"Local Dirtied Blocks":0,"Local Written Blocks":0,"Temp Read Blocks":0,"Temp Written Blocks":0,"I/O Read Time":0.0,"I/O Write Time":0.0,"Temp I/O Read Time":0.0,"Temp I/O Write Time":0.0,"Plans":[{"Node Type":"Nested Loop","Parent Relationship":"Outer","Parallel Aware":false,"Async Capable":false,"Join Type":"Anti","Startup Cost":20.43,"Total Cost":283003.01,"Plan Rows":23,"Plan Width":9,"Actual Startup Time":0.304,"Actual Total Time":0.304,"Actual Rows":0,"Actual Loops":1,"Output":["customer.c_nationkey","customer.c_balance"],"Inner Unique":false,"Shared Hit Blocks":0,"Shared Read Blocks":0,"Shared Dirtied Blocks":0,"Shared Written Blocks":0,"Local Hit Blocks":0,"Local Read Blocks":0,"Local Dirtied Blocks":0,"Local Written Blocks":0,"Temp Read Blocks":0,"Temp Written Blocks":0,"I/O Read Time":0.0,"I/O Write Time":0.0,"Temp I/O Read Time":0.0,"Temp I/O Write Time":0.0,"Plans":[{"Node Type":"Append","Parent Relationship":"Outer","Parallel Aware":false,"Async Capable":false,"Startup Cost":20.0,"Total Cost":1813.31,"Plan Rows":70002,"Plan Width":17,"Actual Startup Time":0.303,"Actual Total Time":0.304,"Actual Rows":0,"Actual Loops":1,"Shared Hit Blocks":0,"Shared Read Blocks":0,"Shared Dirtied Blocks":0,"Shared Written Blocks":0,"Local Hit Blocks":0,"Local Read Blocks":0,"Local Dirtied Blocks":0,"Local Written Blocks":0,"Temp Read Blocks":0,"Temp Written Blocks":0,"I/O Read Time":0.0,"I/O Write Time":0.0,"Temp I/O Read Time":0.0,"Temp I/O Write Time":0.0,"Subplans Removed":0,"Plans":[{"Node Type":"Custom Scan","Parent Relationship":"Member","Custom Plan Provider":"columnar scan","Parallel Aware":false,"Async Capable":false,"Relation Name":"customer","Schema":"public","Alias":"customer","Startup Cost":20.0,"Total Cost":1805.63,"Plan Rows":70000,"Plan Width":17,"Actual Startup Time":0.302,"Actual Total Time":0.302,"Actual Rows":0,"Actual Loops":1,"Output":["customer.c_nationkey","customer.c_balance","customer.c_id","customer.c_w_id","customer.c_d_id"],"Filter":"((customer.c_balance > $0) AND (SUBSTRING(customer.c_phone FROM 1 FOR 2) = ANY ('{32,27,31,25,26,24,19}'::text[])))","Rows Removed by Filter":0,"Rows Removed by Columnar Filter":6000000,"Columnar projection mode":"late materialization","Columnar cache search mode":"native","Shared Hit Blocks":0,"Shared Read Blocks":0,"Shared Dirtied Blocks":0,"Shared Written Blocks":0,"Local Hit Blocks":0,"Local Read Blocks":0,"Local Dirtied Blocks":0,"Local Written Blocks":0,"Temp Read Blocks":0,"Temp Written Blocks":0,"I/O Read Time":0.0,"I/O Write Time":0.0,"Temp I/O Read Time":0.0,"Temp I/O Write Time":0.0},{"Node Type":"Seq Scan","Parent Relationship":"Member","Parallel Aware":false,"Async Capable":false,"Relation Name":"customer","Schema":"public","Alias":"customer","Startup Cost":0.0,"Total Cost":7.68,"Plan Rows":2,"Plan Width":17,"Actual Startup Time":0.0,"Actual Total Time":0.0,"Actual Rows":0,"Actual Loops":0,"Output":["customer.c_nationkey","customer.c_balance","customer.c_id","customer.c_w_id","customer.c_d_id"],"Filter":"((customer.c_balance > $0) AND (SUBSTRING(customer.c_phone FROM 1 FOR 2) = ANY ('{32,27,31,25,26,24,19}'::text[])))","Rows Removed by Filter":0,"Shared Hit Blocks":0,"Shared Read Blocks":0,"Shared Dirtied Blocks":0,"Shared Written Blocks":0,"Local Hit Blocks":0,"Local Read Blocks":0,"Local Dirtied Blocks":0,"Local Written Blocks":0,"Temp Read Blocks":0,"Temp Written Blocks":0,"I/O Read Time":0.0,"I/O Write Time":0.0,"Temp I/O Read Time":0.0,"Temp I/O Write Time":0.0}]},{"Node Type":"Index Scan","Parent Relationship":"Inner","Parallel Aware":false,"Async Capable":false,"Scan Direction":"Forward","Index Name":"idx_orders","Relation Name":"orders","Schema":"public","Alias":"orders","Startup Cost":0.43,"Total Cost":4.01,"Plan Rows":1,"Plan Width":8,"Actual Startup Time":0.0,"Actual Total Time":0.0,"Actual Rows":0,"Actual Loops":0,"Output":["orders.o_id","orders.o_d_id","orders.o_w_id","orders.o_c_id","orders.o_entry_d","orders.o_carrier_id","orders.o_ol_cnt","orders.o_all_local"],"Index Cond":"((orders.o_w_id = customer.c_w_id) AND (orders.o_d_id = customer.c_d_id) AND (orders.o_c_id = customer.c_id))","Rows Removed by Index Recheck":0,"Filter":"(orders.o_entry_d >= '1992-01-02 20:10:02.27764'::timestamp without time zone)","Rows Removed by Filter":0,"Shared Hit Blocks":0,"Shared Read Blocks":0,"Shared Dirtied Blocks":0,"Shared Written Blocks":0,"Local Hit Blocks":0,"Local Read Blocks":0,"Local Dirtied Blocks":0,"Local Written Blocks":0,"Temp Read Blocks":0,"Temp Written Blocks":0,"I/O Read Time":0.0,"I/O Write Time":0.0,"Temp I/O Read Time":0.0,"Temp I/O Write Time":0.0}]}]}]},"Planning":{"Shared Hit Blocks":16,"Shared Read Blocks":0,"Shared Dirtied Blocks":0,"Shared Written Blocks":0,"Local Hit Blocks":0,"Local Read Blocks":0,"Local Dirtied Blocks":0,"Local Written Blocks":0,"Temp Read Blocks":0,"Temp Written Blocks":0,"I/O Read Time":0.0,"I/O Write Time":0.0,"Temp I/O Read Time":0.0,"Temp I/O Write Time":0.0},"Planning Time":1.427,"Triggers":[],"Execution Time":0.41}]
