[列存组合]: 无列存
[{"Plan":{"Node Type":"Sort","Parallel Aware":false,"Async Capable":false,"Startup Cost":730234.21,"Total Cost":730234.24,"Plan Rows":15,"Plan Width":114,"Actual Startup Time":3933.428,"Actual Total Time":3933.43,"Actual Rows":15,"Actual Loops":1,"Output":["ol_number","(sum(ol_quantity))","(sum(ol_amount))","(avg(ol_quantity))","(avg(ol_amount))","(count(*))"],"Sort Key":["order_line.ol_number"],"Sort Method":"quicksort","Sort Space Used":26,"Sort Space Type":"Memory","Shared Hit Blocks":3,"Shared Read Blocks":340884,"Shared Dirtied Blocks":0,"Shared Written Blocks":0,"Local Hit Blocks":0,"Local Read Blocks":0,"Local Dirtied Blocks":0,"Local Written Blocks":0,"Temp Read Blocks":0,"Temp Written Blocks":0,"I/O Read Time":1552.464,"I/O Write Time":0.0,"Temp I/O Read Time":0.0,"Temp I/O Write Time":0.0,"Plans":[{"Node Type":"Aggregate","Strategy":"Hashed","Partial Mode":"Simple","Parent Relationship":"Outer","Parallel Aware":false,"Async Capable":false,"Startup Cost":730233.65,"Total Cost":730233.91,"Plan Rows":15,"Plan Width":114,"Actual Startup Time":3933.394,"Actual Total Time":3933.403,"Actual Rows":15,"Actual Loops":1,"Output":["ol_number","sum(ol_quantity)","sum(ol_amount)","avg(ol_quantity)","avg(ol_amount)","count(*)"],"Group Key":["order_line.ol_number"],"Planned Partitions":0,"HashAgg Batches":1,"Peak Memory Usage":24,"Disk Usage":0,"Shared Hit Blocks":0,"Shared Read Blocks":340884,"Shared Dirtied Blocks":0,"Shared Written Blocks":0,"Local Hit Blocks":0,"Local Read Blocks":0,"Local Dirtied Blocks":0,"Local Written Blocks":0,"Temp Read Blocks":0,"Temp Written Blocks":0,"I/O Read Time":1552.464,"I/O Write Time":0.0,"Temp I/O Read Time":0.0,"Temp I/O Write Time":0.0,"Plans":[{"Node Type":"Seq Scan","Parent Relationship":"Outer","Parallel Aware":false,"Async Capable":false,"Relation Name":"order_line","Schema":"public","Alias":"order_line","Startup Cost":0.0,"Total Cost":715855.65,"Plan Rows":1150240,"Plan Width":8,"Actual Startup Time":245.777,"Actual Total Time":3708.55,"Actual Rows":1151473,"Actual Loops":1,"Output":["ol_o_id","ol_d_id","ol_w_id","ol_number","ol_i_id","ol_supply_w_id","ol_delivery_d","ol_quantity","ol_amount","ol_dist_info"],"Filter":"(order_line.ol_delivery_d > '1998-09-23 20:10:02.27764'::timestamp without time zone)","Rows Removed by Filter":28846259,"Shared Hit Blocks":0,"Shared Read Blocks":340884,"Shared Dirtied Blocks":0,"Shared Written Blocks":0,"Local Hit Blocks":0,"Local Read Blocks":0,"Local Dirtied Blocks":0,"Local Written Blocks":0,"Temp Read Blocks":0,"Temp Written Blocks":0,"I/O Read Time":1552.464,"I/O Write Time":0.0,"Temp I/O Read Time":0.0,"Temp I/O Write Time":0.0}]}]},"Planning":{"Shared Hit Blocks":136,"Shared Read Blocks":5,"Shared Dirtied Blocks":0,"Shared Written Blocks":0,"Local Hit Blocks":0,"Local Read Blocks":0,"Local Dirtied Blocks":0,"Local Written Blocks":0,"Temp Read Blocks":0,"Temp Written Blocks":0,"I/O Read Time":0.046,"I/O Write Time":0.0,"Temp I/O Read Time":0.0,"Temp I/O Write Time":0.0},"Planning Time":1.102,"Triggers":[],"Execution Time":3933.683}]
[列存组合]: order_line
[{"Plan":{"Node Type":"Sort","Parallel Aware":false,"Async Capable":false,"Startup Cost":39133.2,"Total Cost":39133.24,"Plan Rows":15,"Plan Width":114,"Actual Startup Time":459.427,"Actual Total Time":459.429,"Actual Rows":15,"Actual Loops":1,"Output":["ol_number","(sum(ol_quantity))","(sum(ol_amount))","(avg(ol_quantity))","(avg(ol_amount))","(count(*))"],"Sort Key":["order_line.ol_number"],"Sort Method":"quicksort","Sort Space Used":26,"Sort Space Type":"Memory","Shared Hit Blocks":0,"Shared Read Blocks":0,"Shared Dirtied Blocks":0,"Shared Written Blocks":0,"Local Hit Blocks":0,"Local Read Blocks":0,"Local Dirtied Blocks":0,"Local Written Blocks":0,"Temp Read Blocks":0,"Temp Written Blocks":0,"I/O Read Time":0.0,"I/O Write Time":0.0,"Temp I/O Read Time":0.0,"Temp I/O Write Time":0.0,"Plans":[{"Node Type":"Aggregate","Strategy":"Hashed","Partial Mode":"Simple","Parent Relationship":"Outer","Parallel Aware":false,"Async Capable":false,"Startup Cost":39132.65,"Total Cost":39132.91,"Plan Rows":15,"Plan Width":114,"Actual Startup Time":459.406,"Actual Total Time":459.416,"Actual Rows":15,"Actual Loops":1,"Output":["ol_number","sum(ol_quantity)","sum(ol_amount)","avg(ol_quantity)","avg(ol_amount)","count(*)"],"Group Key":["order_line.ol_number"],"Planned Partitions":0,"HashAgg Batches":1,"Peak Memory Usage":24,"Disk Usage":0,"Shared Hit Blocks":0,"Shared Read Blocks":0,"Shared Dirtied Blocks":0,"Shared Written Blocks":0,"Local Hit Blocks":0,"Local Read Blocks":0,"Local Dirtied Blocks":0,"Local Written Blocks":0,"Temp Read Blocks":0,"Temp Written Blocks":0,"I/O Read Time":0.0,"I/O Write Time":0.0,"Temp I/O Read Time":0.0,"Temp I/O Write Time":0.0,"Plans":[{"Node Type":"Append","Parent Relationship":"Outer","Parallel Aware":false,"Async Capable":false,"Startup Cost":20.0,"Total Cost":24754.63,"Plan Rows":1150241,"Plan Width":8,"Actual Startup Time":0.179,"Actual Total Time":250.306,"Actual Rows":1151473,"Actual Loops":1,"Shared Hit Blocks":0,"Shared Read Blocks":0,"Shared Dirtied Blocks":0,"Shared Written Blocks":0,"Local Hit Blocks":0,"Local Read Blocks":0,"Local Dirtied Blocks":0,"Local Written Blocks":0,"Temp Read Blocks":0,"Temp Written Blocks":0,"I/O Read Time":0.0,"I/O Write Time":0.0,"Temp I/O Read Time":0.0,"Temp I/O Write Time":0.0,"Subplans Removed":0,"Plans":[{"Node Type":"Custom Scan","Parent Relationship":"Member","Custom Plan Provider":"columnar scan","Parallel Aware":false,"Async Capable":false,"Relation Name":"order_line","Schema":"public","Alias":"order_line","Startup Cost":20.0,"Total Cost":24750.62,"Plan Rows":1150240,"Plan Width":8,"Actual Startup Time":0.178,"Actual Total Time":166.744,"Actual Rows":1151473,"Actual Loops":1,"Output":["ol_number","ol_quantity","ol_amount"],"Filter":"(order_line.ol_delivery_d > '1998-09-23 20:10:02.27764'::timestamp without time zone)","Rows Removed by Filter":0,"Rows Removed by Columnar Filter":28846259,"Columnar cache search mode":"native","Shared Hit Blocks":0,"Shared Read Blocks":0,"Shared Dirtied Blocks":0,"Shared Written Blocks":0,"Local Hit Blocks":0,"Local Read Blocks":0,"Local Dirtied Blocks":0,"Local Written Blocks":0,"Temp Read Blocks":0,"Temp Written Blocks":0,"I/O Read Time":0.0,"I/O Write Time":0.0,"Temp I/O Read Time":0.0,"Temp I/O Write Time":0.0},{"Node Type":"Seq Scan","Parent Relationship":"Member","Parallel Aware":false,"Async Capable":false,"Relation Name":"order_line","Schema":"public","Alias":"order_line","Startup Cost":0.0,"Total Cost":4.01,"Plan Rows":1,"Plan Width":8,"Actual Startup Time":0.0,"Actual Total Time":0.0,"Actual Rows":0,"Actual Loops":0,"Output":["ol_number","ol_quantity","ol_amount"],"Filter":"(order_line.ol_delivery_d > '1998-09-23 20:10:02.27764'::timestamp without time zone)","Rows Removed by Filter":0,"Shared Hit Blocks":0,"Shared Read Blocks":0,"Shared Dirtied Blocks":0,"Shared Written Blocks":0,"Local Hit Blocks":0,"Local Read Blocks":0,"Local Dirtied Blocks":0,"Local Written Blocks":0,"Temp Read Blocks":0,"Temp Written Blocks":0,"I/O Read Time":0.0,"I/O Write Time":0.0,"Temp I/O Read Time":0.0,"Temp I/O Write Time":0.0}]}]}]},"Planning":{"Shared Hit Blocks":0,"Shared Read Blocks":0,"Shared Dirtied Blocks":0,"Shared Written Blocks":0,"Local Hit Blocks":0,"Local Read Blocks":0,"Local Dirtied Blocks":0,"Local Written Blocks":0,"Temp Read Blocks":0,"Temp Written Blocks":0,"I/O Read Time":0.0,"I/O Write Time":0.0,"Temp I/O Read Time":0.0,"Temp I/O Write Time":0.0},"Planning Time":1.89,"Triggers":[],"Execution Time":459.494}]
