[列存组合]: 无列存
[{"Plan":{"Node Type":"Sort","Parallel Aware":false,"Async Capable":false,"Startup Cost":1277435.01,"Total Cost":1277435.26,"Plan Rows":99,"Plan Width":164,"Actual Startup Time":7057.043,"Actual Total Time":7057.127,"Actual Rows":1900,"Actual Loops":1,"Output":["supplier.su_suppkey","supplier.su_name","nation.n_name","item.i_id","item.i_name","supplier.su_address","supplier.su_phone","supplier.su_comment"],"Sort Key":["nation.n_name","supplier.su_name","item.i_id"],"Sort Method":"quicksort","Sort Space Used":439,"Sort Space Type":"Memory","Shared Hit Blocks":842726,"Shared Read Blocks":1366,"Shared Dirtied Blocks":217,"Shared Written Blocks":0,"Local Hit Blocks":0,"Local Read Blocks":0,"Local Dirtied Blocks":0,"Local Written Blocks":0,"Temp Read Blocks":4157,"Temp Written Blocks":7564,"I/O Read Time":6.034,"I/O Write Time":0.0,"Temp I/O Read Time":5.788,"Temp I/O Write Time":26.301,"Plans":[{"Node Type":"Hash Join","Parent Relationship":"Outer","Parallel Aware":false,"Async Capable":false,"Join Type":"Inner","Startup Cost":733797.91,"Total Cost":1277431.73,"Plan Rows":99,"Plan Width":164,"Actual Startup Time":4451.502,"Actual Total Time":7053.176,"Actual Rows":1900,"Actual Loops":1,"Output":["supplier.su_suppkey","supplier.su_name","nation.n_name","item.i_id","item.i_name","supplier.su_address","supplier.su_phone","supplier.su_comment"],"Inner Unique":false,"Hash Cond":"(supplier.su_nationkey = nation.n_nationkey)","Shared Hit Blocks":842720,"Shared Read Blocks":1366,"Shared Dirtied Blocks":217,"Shared Written Blocks":0,"Local Hit Blocks":0,"Local Read Blocks":0,"Local Dirtied Blocks":0,"Local Written Blocks":0,"Temp Read Blocks":4157,"Temp Written Blocks":7564,"I/O Read Time":6.034,"I/O Write Time":0.0,"Temp I/O Read Time":5.788,"Temp I/O Write Time":26.301,"Plans":[{"Node Type":"Nested Loop","Parent Relationship":"Outer","Parallel Aware":false,"Async Capable":false,"Join Type":"Inner","Startup Cost":733794.77,"Total Cost":1277425.77,"Plan Rows":496,"Plan Width":160,"Actual Startup Time":4451.424,"Actual Total Time":7052.146,"Actual Rows":3036,"Actual Loops":1,"Output":["item.i_id","item.i_name","supplier.su_suppkey","supplier.su_name","supplier.su_address","supplier.su_phone","supplier.su_comment","supplier.su_nationkey"],"Inner Unique":true,"Shared Hit Blocks":842719,"Shared Read Blocks":1365,"Shared Dirtied Blocks":217,"Shared Written Blocks":0,"Local Hit Blocks":0,"Local Read Blocks":0,"Local Dirtied Blocks":0,"Local Written Blocks":0,"Temp Read Blocks":4157,"Temp Written Blocks":7564,"I/O Read Time":6.022,"I/O Write Time":0.0,"Temp I/O Read Time":5.788,"Temp I/O Write Time":26.301,"Plans":[{"Node Type":"Hash Join","Parent Relationship":"Outer","Parallel Aware":false,"Async Capable":false,"Join Type":"Inner","Startup Cost":733794.48,"Total Cost":1277273.2,"Plan Rows":496,"Plan Width":35,"Actual Startup Time":4451.388,"Actual Total Time":7041.967,"Actual Rows":3036,"Actual Loops":1,"Output":["item.i_id","item.i_name","stock.s_i_id","stock.s_w_id"],"Inner Unique":true,"Hash Cond":"((item.i_id = stock_1.s_i_id) AND (stock.s_quantity = (min(stock_1.s_quantity))))","Shared Hit Blocks":833611,"Shared Read Blocks":1365,"Shared Dirtied Blocks":0,"Shared Written Blocks":0,"Local Hit Blocks":0,"Local Read Blocks":0,"Local Dirtied Blocks":0,"Local Written Blocks":0,"Temp Read Blocks":4157,"Temp Written Blocks":7564,"I/O Read Time":6.022,"I/O Write Time":0.0,"Temp I/O Read Time":5.788,"Temp I/O Write Time":26.301,"Plans":[{"Node Type":"Hash Join","Parent Relationship":"Outer","Parallel Aware":false,"Async Capable":false,"Join Type":"Inner","Startup Cost":2627.62,"Total Cost":545576.09,"Plan Rows":101001,"Plan Width":37,"Actual Startup Time":20.128,"Actual Total Time":2574.248,"Actual Rows":157200,"Actual Loops":1,"Output":["item.i_id","item.i_name","stock.s_i_id","stock.s_w_id","stock.s_quantity"],"Inner Unique":true,"Hash Cond":"(stock.s_i_id = item.i_id)","Shared Hit Blocks":416696,"Shared Read Blocks":1365,"Shared Dirtied Blocks":0,"Shared Written Blocks":0,"Local Hit Blocks":0,"Local Read Blocks":0,"Local Dirtied Blocks":0,"Local Written Blocks":0,"Temp Read Blocks":0,"Temp Written Blocks":0,"I/O Read Time":6.022,"I/O Write Time":0.0,"Temp I/O Read Time":0.0,"Temp I/O Write Time":0.0,"Plans":[{"Node Type":"Seq Scan","Parent Relationship":"Outer","Parallel Aware":false,"Async Capable":false,"Relation Name":"stock","Schema":"public","Alias":"stock","Startup Cost":0.0,"Total Cost":516697.07,"Plan Rows":10000107,"Plan Width":8,"Actual Startup Time":0.018,"Actual Total Time":863.862,"Actual Rows":10000000,"Actual Loops":1,"Output":["stock.s_i_id","stock.s_w_id","stock.s_quantity","stock.s_dist_01","stock.s_dist_02","stock.s_dist_03","stock.s_dist_04","stock.s_dist_05","stock.s_dist_06","stock.s_dist_07","stock.s_dist_08","stock.s_dist_09","stock.s_dist_10","stock.s_ytd","stock.s_order_cnt","stock.s_remote_cnt","stock.s_data"],"Shared Hit Blocks":416696,"Shared Read Blocks":0,"Shared Dirtied Blocks":0,"Shared Written Blocks":0,"Local Hit Blocks":0,"Local Read Blocks":0,"Local Dirtied Blocks":0,"Local Written Blocks":0,"Temp Read Blocks":0,"Temp Written Blocks":0,"I/O Read Time":0.0,"I/O Write Time":0.0,"Temp I/O Read Time":0.0,"Temp I/O Write Time":0.0},{"Node Type":"Hash","Parent Relationship":"Inner","Parallel Aware":false,"Async Capable":false,"Startup Cost":2615.0,"Total Cost":2615.0,"Plan Rows":1010,"Plan Width":29,"Actual Startup Time":20.077,"Actual Total Time":20.077,"Actual Rows":1572,"Actual Loops":1,"Output":["item.i_id","item.i_name"],"Hash Buckets":2048,"Original Hash Buckets":1024,"Hash Batches":1,"Original Hash Batches":1,"Peak Memory Usage":110,"Shared Hit Blocks":0,"Shared Read Blocks":1365,"Shared Dirtied Blocks":0,"Shared Written Blocks":0,"Local Hit Blocks":0,"Local Read Blocks":0,"Local Dirtied Blocks":0,"Local Written Blocks":0,"Temp Read Blocks":0,"Temp Written Blocks":0,"I/O Read Time":6.022,"I/O Write Time":0.0,"Temp I/O Read Time":0.0,"Temp I/O Write Time":0.0,"Plans":[{"Node Type":"Seq Scan","Parent Relationship":"Outer","Parallel Aware":false,"Async Capable":false,"Relation Name":"item","Schema":"public","Alias":"item","Startup Cost":0.0,"Total Cost":2615.0,"Plan Rows":1010,"Plan Width":29,"Actual Startup Time":0.018,"Actual Total Time":19.773,"Actual Rows":1572,"Actual Loops":1,"Output":["item.i_id","item.i_name"],"Filter":"((item.i_data)::text ~~ '%b'::text)","Rows Removed by Filter":98428,"Shared Hit Blocks":0,"Shared Read Blocks":1365,"Shared Dirtied Blocks":0,"Shared Written Blocks":0,"Local Hit Blocks":0,"Local Read Blocks":0,"Local Dirtied Blocks":0,"Local Written Blocks":0,"Temp Read Blocks":0,"Temp Written Blocks":0,"I/O Read Time":6.022,"I/O Write Time":0.0,"Temp I/O Read Time":0.0,"Temp I/O Write Time":0.0}]}]},{"Node Type":"Hash","Parent Relationship":"Inner","Parallel Aware":false,"Async Capable":false,"Startup Cost":729692.33,"Total Cost":729692.33,"Plan Rows":98302,"Plan Width":6,"Actual Startup Time":4430.09,"Actual Total Time":4430.094,"Actual Rows":100000,"Actual Loops":1,"Output":["stock_1.s_i_id","(min(stock_1.s_quantity))"],"Hash Buckets":131072,"Original Hash Buckets":131072,"Hash Batches":1,"Original Hash Batches":1,"Peak Memory Usage":4735,"Shared Hit Blocks":416915,"Shared Read Blocks":0,"Shared Dirtied Blocks":0,"Shared Written Blocks":0,"Local Hit Blocks":0,"Local Read Blocks":0,"Local Dirtied Blocks":0,"Local Written Blocks":0,"Temp Read Blocks":4157,"Temp Written Blocks":7564,"I/O Read Time":0.0,"I/O Write Time":0.0,"Temp I/O Read Time":5.788,"Temp I/O Write Time":26.301,"Plans":[{"Node Type":"Aggregate","Strategy":"Hashed","Partial Mode":"Simple","Parent Relationship":"Outer","Parallel Aware":false,"Async Capable":false,"Startup Cost":712101.12,"Total Cost":728709.31,"Plan Rows":98302,"Plan Width":6,"Actual Startup Time":4247.221,"Actual Total Time":4414.453,"Actual Rows":100000,"Actual Loops":1,"Output":["stock_1.s_i_id","min(stock_1.s_quantity)"],"Group Key":["stock_1.s_i_id"],"Planned Partitions":0,"HashAgg Batches":5,"Peak Memory Usage":8241,"Disk Usage":35680,"Shared Hit Blocks":416915,"Shared Read Blocks":0,"Shared Dirtied Blocks":0,"Shared Written Blocks":0,"Local Hit Blocks":0,"Local Read Blocks":0,"Local Dirtied Blocks":0,"Local Written Blocks":0,"Temp Read Blocks":4157,"Temp Written Blocks":7564,"I/O Read Time":0.0,"I/O Write Time":0.0,"Temp I/O Read Time":5.788,"Temp I/O Write Time":26.301,"Plans":[{"Node Type":"Hash Join","Parent Relationship":"Outer","Parallel Aware":false,"Async Capable":false,"Join Type":"Inner","Startup Cost":401.99,"Total Cost":599599.94,"Plan Rows":2000021,"Plan Width":6,"Actual Startup Time":2.71,"Actual Total Time":3563.701,"Actual Rows":3474600,"Actual Loops":1,"Output":["stock_1.s_i_id","stock_1.s_quantity"],"Inner Unique":false,"Hash Cond":"(mod((stock_1.s_w_id * stock_1.s_i_id), 10000) = supplier_1.su_suppkey)","Shared Hit Blocks":416915,"Shared Read Blocks":0,"Shared Dirtied Blocks":0,"Shared Written Blocks":0,"Local Hit Blocks":0,"Local Read Blocks":0,"Local Dirtied Blocks":0,"Local Written Blocks":0,"Temp Read Blocks":0,"Temp Written Blocks":0,"I/O Read Time":0.0,"I/O Write Time":0.0,"Temp I/O Read Time":0.0,"Temp I/O Write Time":0.0,"Plans":[{"Node Type":"Seq Scan","Parent Relationship":"Outer","Parallel Aware":false,"Async Capable":false,"Relation Name":"stock","Schema":"public","Alias":"stock_1","Startup Cost":0.0,"Total Cost":516697.07,"Plan Rows":10000107,"Plan Width":8,"Actual Startup Time":0.004,"Actual Total Time":1065.894,"Actual Rows":10000000,"Actual Loops":1,"Output":["stock_1.s_i_id","stock_1.s_w_id","stock_1.s_quantity","stock_1.s_dist_01","stock_1.s_dist_02","stock_1.s_dist_03","stock_1.s_dist_04","stock_1.s_dist_05","stock_1.s_dist_06","stock_1.s_dist_07","stock_1.s_dist_08","stock_1.s_dist_09","stock_1.s_dist_10","stock_1.s_ytd","stock_1.s_order_cnt","stock_1.s_remote_cnt","stock_1.s_data"],"Shared Hit Blocks":416696,"Shared Read Blocks":0,"Shared Dirtied Blocks":0,"Shared Written Blocks":0,"Local Hit Blocks":0,"Local Read Blocks":0,"Local Dirtied Blocks":0,"Local Written Blocks":0,"Temp Read Blocks":0,"Temp Written Blocks":0,"I/O Read Time":0.0,"I/O Write Time":0.0,"Temp I/O Read Time":0.0,"Temp I/O Write Time":0.0},{"Node Type":"Hash","Parent Relationship":"Inner","Parallel Aware":false,"Async Capable":false,"Startup Cost":376.99,"Total Cost":376.99,"Plan Rows":2000,"Plan Width":4,"Actual Startup Time":2.697,"Actual Total Time":2.7,"Actual Rows":3506,"Actual Loops":1,"Output":["supplier_1.su_suppkey"],"Hash Buckets":4096,"Original Hash Buckets":2048,"Hash Batches":1,"Original Hash Batches":1,"Peak Memory Usage":156,"Shared Hit Blocks":219,"Shared Read Blocks":0,"Shared Dirtied Blocks":0,"Shared Written Blocks":0,"Local Hit Blocks":0,"Local Read Blocks":0,"Local Dirtied Blocks":0,"Local Written Blocks":0,"Temp Read Blocks":0,"Temp Written Blocks":0,"I/O Read Time":0.0,"I/O Write Time":0.0,"Temp I/O Read Time":0.0,"Temp I/O Write Time":0.0,"Plans":[{"Node Type":"Hash Join","Parent Relationship":"Outer","Parallel Aware":false,"Async Capable":false,"Join Type":"Inner","Startup Cost":3.14,"Total Cost":376.99,"Plan Rows":2000,"Plan Width":4,"Actual Startup Time":0.056,"Actual Total Time":2.243,"Actual Rows":3506,"Actual Loops":1,"Output":["supplier_1.su_suppkey"],"Inner Unique":false,"Hash Cond":"(supplier_1.su_nationkey = nation_1.n_nationkey)","Shared Hit Blocks":219,"Shared Read Blocks":0,"Shared Dirtied Blocks":0,"Shared Written Blocks":0,"Local Hit Blocks":0,"Local Read Blocks":0,"Local Dirtied Blocks":0,"Local Written Blocks":0,"Temp Read Blocks":0,"Temp Written Blocks":0,"I/O Read Time":0.0,"I/O Write Time":0.0,"Temp I/O Read Time":0.0,"Temp I/O Write Time":0.0,"Plans":[{"Node Type":"Seq Scan","Parent Relationship":"Outer","Parallel Aware":false,"Async Capable":false,"Relation Name":"supplier","Schema":"public","Alias":"supplier_1","Startup Cost":0.0,"Total Cost":317.0,"Plan Rows":10000,"Plan Width":8,"Actual Startup Time":0.008,"Actual Total Time":0.827,"Actual Rows":10000,"Actual Loops":1,"Output":["supplier_1.su_suppkey","supplier_1.su_name","supplier_1.su_address","supplier_1.su_nationkey","supplier_1.su_phone","supplier_1.su_acctbal","supplier_1.su_comment"],"Shared Hit Blocks":217,"Shared Read Blocks":0,"Shared Dirtied Blocks":0,"Shared Written Blocks":0,"Local Hit Blocks":0,"Local Read Blocks":0,"Local Dirtied Blocks":0,"Local Written Blocks":0,"Temp Read Blocks":0,"Temp Written Blocks":0,"I/O Read Time":0.0,"I/O Write Time":0.0,"Temp I/O Read Time":0.0,"Temp I/O Write Time":0.0},{"Node Type":"Hash","Parent Relationship":"Inner","Parallel Aware":false,"Async Capable":false,"Startup Cost":2.99,"Total Cost":2.99,"Plan Rows":12,"Plan Width":4,"Actual Startup Time":0.038,"Actual Total Time":0.039,"Actual Rows":22,"Actual Loops":1,"Output":["nation_1.n_nationkey"],"Hash Buckets":1024,"Original Hash Buckets":1024,"Hash Batches":1,"Original Hash Batches":1,"Peak Memory Usage":9,"Shared Hit Blocks":2,"Shared Read Blocks":0,"Shared Dirtied Blocks":0,"Shared Written Blocks":0,"Local Hit Blocks":0,"Local Read Blocks":0,"Local Dirtied Blocks":0,"Local Written Blocks":0,"Temp Read Blocks":0,"Temp Written Blocks":0,"I/O Read Time":0.0,"I/O Write Time":0.0,"Temp I/O Read Time":0.0,"Temp I/O Write Time":0.0,"Plans":[{"Node Type":"Hash Join","Parent Relationship":"Outer","Parallel Aware":false,"Async Capable":false,"Join Type":"Inner","Startup Cost":1.07,"Total Cost":2.99,"Plan Rows":12,"Plan Width":4,"Actual Startup Time":0.023,"Actual Total Time":0.035,"Actual Rows":22,"Actual Loops":1,"Output":["nation_1.n_nationkey"],"Inner Unique":true,"Hash Cond":"(nation_1.n_regionkey = region_1.r_regionkey)","Shared Hit Blocks":2,"Shared Read Blocks":0,"Shared Dirtied Blocks":0,"Shared Written Blocks":0,"Local Hit Blocks":0,"Local Read Blocks":0,"Local Dirtied Blocks":0,"Local Written Blocks":0,"Temp Read Blocks":0,"Temp Written Blocks":0,"I/O Read Time":0.0,"I/O Write Time":0.0,"Temp I/O Read Time":0.0,"Temp I/O Write Time":0.0,"Plans":[{"Node Type":"Seq Scan","Parent Relationship":"Outer","Parallel Aware":false,"Async Capable":false,"Relation Name":"nation","Schema":"public","Alias":"nation_1","Startup Cost":0.0,"Total Cost":1.62,"Plan Rows":62,"Plan Width":8,"Actual Startup Time":0.004,"Actual Total Time":0.008,"Actual Rows":62,"Actual Loops":1,"Output":["nation_1.n_nationkey","nation_1.n_name","nation_1.n_regionkey","nation_1.n_comment"],"Shared Hit Blocks":1,"Shared Read Blocks":0,"Shared Dirtied Blocks":0,"Shared Written Blocks":0,"Local Hit Blocks":0,"Local Read Blocks":0,"Local Dirtied Blocks":0,"Local Written Blocks":0,"Temp Read Blocks":0,"Temp Written Blocks":0,"I/O Read Time":0.0,"I/O Write Time":0.0,"Temp I/O Read Time":0.0,"Temp I/O Write Time":0.0},{"Node Type":"Hash","Parent Relationship":"Inner","Parallel Aware":false,"Async Capable":false,"Startup Cost":1.06,"Total Cost":1.06,"Plan Rows":1,"Plan Width":4,"Actual Startup Time":0.006,"Actual Total Time":0.007,"Actual Rows":1,"Actual Loops":1,"Output":["region_1.r_regionkey"],"Hash Buckets":1024,"Original Hash Buckets":1024,"Hash Batches":1,"Original Hash Batches":1,"Peak Memory Usage":9,"Shared Hit Blocks":1,"Shared Read Blocks":0,"Shared Dirtied Blocks":0,"Shared Written Blocks":0,"Local Hit Blocks":0,"Local Read Blocks":0,"Local Dirtied Blocks":0,"Local Written Blocks":0,"Temp Read Blocks":0,"Temp Written Blocks":0,"I/O Read Time":0.0,"I/O Write Time":0.0,"Temp I/O Read Time":0.0,"Temp I/O Write Time":0.0,"Plans":[{"Node Type":"Seq Scan","Parent Relationship":"Outer","Parallel Aware":false,"Async Capable":false,"Relation Name":"region","Schema":"public","Alias":"region_1","Startup Cost":0.0,"Total Cost":1.06,"Plan Rows":1,"Plan Width":4,"Actual Startup Time":0.004,"Actual Total Time":0.004,"Actual Rows":1,"Actual Loops":1,"Output":["region_1.r_regionkey"],"Filter":"((region_1.r_name)::text ~~ 'Europ%'::text)","Rows Removed by Filter":4,"Shared Hit Blocks":1,"Shared Read Blocks":0,"Shared Dirtied Blocks":0,"Shared Written Blocks":0,"Local Hit Blocks":0,"Local Read Blocks":0,"Local Dirtied Blocks":0,"Local Written Blocks":0,"Temp Read Blocks":0,"Temp Written Blocks":0,"I/O Read Time":0.0,"I/O Write Time":0.0,"Temp I/O Read Time":0.0,"Temp I/O Write Time":0.0}]}]}]}]}]}]}]}]}]},{"Node Type":"Index Scan","Parent Relationship":"Inner","Parallel Aware":false,"Async Capable":false,"Scan Direction":"Forward","Index Name":"supplier_pk","Relation Name":"supplier","Schema":"public","Alias":"supplier","Startup Cost":0.29,"Total Cost":0.31,"Plan Rows":1,"Plan Width":131,"Actual Startup Time":0.003,"Actual Total Time":0.003,"Actual Rows":1,"Actual Loops":3036,"Output":["supplier.su_suppkey","supplier.su_name","supplier.su_address","supplier.su_nationkey","supplier.su_phone","supplier.su_acctbal","supplier.su_comment"],"Index Cond":"(supplier.su_suppkey = mod((stock.s_w_id * stock.s_i_id), 10000))","Rows Removed by Index Recheck":0,"Shared Hit Blocks":9108,"Shared Read Blocks":0,"Shared Dirtied Blocks":217,"Shared Written Blocks":0,"Local Hit Blocks":0,"Local Read Blocks":0,"Local Dirtied Blocks":0,"Local Written Blocks":0,"Temp Read Blocks":0,"Temp Written Blocks":0,"I/O Read Time":0.0,"I/O Write Time":0.0,"Temp I/O Read Time":0.0,"Temp I/O Write Time":0.0}]},{"Node Type":"Hash","Parent Relationship":"Inner","Parallel Aware":false,"Async Capable":false,"Startup Cost":2.99,"Total Cost":2.99,"Plan Rows":12,"Plan Width":12,"Actual Startup Time":0.069,"Actual Total Time":0.071,"Actual Rows":22,"Actual Loops":1,"Output":["nation.n_name","nation.n_nationkey"],"Hash Buckets":1024,"Original Hash Buckets":1024,"Hash Batches":1,"Original Hash Batches":1,"Peak Memory Usage":9,"Shared Hit Blocks":1,"Shared Read Blocks":1,"Shared Dirtied Blocks":0,"Shared Written Blocks":0,"Local Hit Blocks":0,"Local Read Blocks":0,"Local Dirtied Blocks":0,"Local Written Blocks":0,"Temp Read Blocks":0,"Temp Written Blocks":0,"I/O Read Time":0.012,"I/O Write Time":0.0,"Temp I/O Read Time":0.0,"Temp I/O Write Time":0.0,"Plans":[{"Node Type":"Hash Join","Parent Relationship":"Outer","Parallel Aware":false,"Async Capable":false,"Join Type":"Inner","Startup Cost":1.07,"Total Cost":2.99,"Plan Rows":12,"Plan Width":12,"Actual Startup Time":0.054,"Actual Total Time":0.067,"Actual Rows":22,"Actual Loops":1,"Output":["nation.n_name","nation.n_nationkey"],"Inner Unique":true,"Hash Cond":"(nation.n_regionkey = region.r_regionkey)","Shared Hit Blocks":1,"Shared Read Blocks":1,"Shared Dirtied Blocks":0,"Shared Written Blocks":0,"Local Hit Blocks":0,"Local Read Blocks":0,"Local Dirtied Blocks":0,"Local Written Blocks":0,"Temp Read Blocks":0,"Temp Written Blocks":0,"I/O Read Time":0.012,"I/O Write Time":0.0,"Temp I/O Read Time":0.0,"Temp I/O Write Time":0.0,"Plans":[{"Node Type":"Seq Scan","Parent Relationship":"Outer","Parallel Aware":false,"Async Capable":false,"Relation Name":"nation","Schema":"public","Alias":"nation","Startup Cost":0.0,"Total Cost":1.62,"Plan Rows":62,"Plan Width":16,"Actual Startup Time":0.006,"Actual Total Time":0.01,"Actual Rows":62,"Actual Loops":1,"Output":["nation.n_nationkey","nation.n_name","nation.n_regionkey","nation.n_comment"],"Shared Hit Blocks":1,"Shared Read Blocks":0,"Shared Dirtied Blocks":0,"Shared Written Blocks":0,"Local Hit Blocks":0,"Local Read Blocks":0,"Local Dirtied Blocks":0,"Local Written Blocks":0,"Temp Read Blocks":0,"Temp Written Blocks":0,"I/O Read Time":0.0,"I/O Write Time":0.0,"Temp I/O Read Time":0.0,"Temp I/O Write Time":0.0},{"Node Type":"Hash","Parent Relationship":"Inner","Parallel Aware":false,"Async Capable":false,"Startup Cost":1.06,"Total Cost":1.06,"Plan Rows":1,"Plan Width":4,"Actual Startup Time":0.036,"Actual Total Time":0.036,"Actual Rows":1,"Actual Loops":1,"Output":["region.r_regionkey"],"Hash Buckets":1024,"Original Hash Buckets":1024,"Hash Batches":1,"Original Hash Batches":1,"Peak Memory Usage":9,"Shared Hit Blocks":0,"Shared Read Blocks":1,"Shared Dirtied Blocks":0,"Shared Written Blocks":0,"Local Hit Blocks":0,"Local Read Blocks":0,"Local Dirtied Blocks":0,"Local Written Blocks":0,"Temp Read Blocks":0,"Temp Written Blocks":0,"I/O Read Time":0.012,"I/O Write Time":0.0,"Temp I/O Read Time":0.0,"Temp I/O Write Time":0.0,"Plans":[{"Node Type":"Seq Scan","Parent Relationship":"Outer","Parallel Aware":false,"Async Capable":false,"Relation Name":"region","Schema":"public","Alias":"region","Startup Cost":0.0,"Total Cost":1.06,"Plan Rows":1,"Plan Width":4,"Actual Startup Time":0.028,"Actual Total Time":0.028,"Actual Rows":1,"Actual Loops":1,"Output":["region.r_regionkey"],"Filter":"((region.r_name)::text ~~ 'Europ%'::text)","Rows Removed by Filter":4,"Shared Hit Blocks":0,"Shared Read Blocks":1,"Shared Dirtied Blocks":0,"Shared Written Blocks":0,"Local Hit Blocks":0,"Local Read Blocks":0,"Local Dirtied Blocks":0,"Local Written Blocks":0,"Temp Read Blocks":0,"Temp Written Blocks":0,"I/O Read Time":0.012,"I/O Write Time":0.0,"Temp I/O Read Time":0.0,"Temp I/O Write Time":0.0}]}]}]}]}]},"Planning":{"Shared Hit Blocks":260,"Shared Read Blocks":9,"Shared Dirtied Blocks":2,"Shared Written Blocks":0,"Local Hit Blocks":0,"Local Read Blocks":0,"Local Dirtied Blocks":0,"Local Written Blocks":0,"Temp Read Blocks":0,"Temp Written Blocks":0,"I/O Read Time":0.07,"I/O Write Time":0.0,"Temp I/O Read Time":0.0,"Temp I/O Write Time":0.0},"Planning Time":1.241,"Triggers":[],"Execution Time":7062.97}]
[列存组合]: item
[{"Plan":{"Node Type":"Sort","Parallel Aware":false,"Async Capable":false,"Startup Cost":1275694.28,"Total Cost":1275694.53,"Plan Rows":99,"Plan Width":164,"Actual Startup Time":6919.554,"Actual Total Time":6919.638,"Actual Rows":1900,"Actual Loops":1,"Output":["supplier.su_suppkey","supplier.su_name","nation.n_name","item.i_id","item.i_name","supplier.su_address","supplier.su_phone","supplier.su_comment"],"Sort Key":["nation.n_name","supplier.su_name","item.i_id"],"Sort Method":"quicksort","Sort Space Used":439,"Sort Space Type":"Memory","Shared Hit Blocks":842721,"Shared Read Blocks":0,"Shared Dirtied Blocks":0,"Shared Written Blocks":0,"Local Hit Blocks":0,"Local Read Blocks":0,"Local Dirtied Blocks":0,"Local Written Blocks":0,"Temp Read Blocks":4157,"Temp Written Blocks":7564,"I/O Read Time":0.0,"I/O Write Time":0.0,"Temp I/O Read Time":5.735,"Temp I/O Write Time":25.735,"Plans":[{"Node Type":"Hash Join","Parent Relationship":"Outer","Parallel Aware":false,"Async Capable":false,"Join Type":"Inner","Startup Cost":732057.18,"Total Cost":1275691.0,"Plan Rows":99,"Plan Width":164,"Actual Startup Time":4303.38,"Actual Total Time":6915.629,"Actual Rows":1900,"Actual Loops":1,"Output":["supplier.su_suppkey","supplier.su_name","nation.n_name","item.i_id","item.i_name","supplier.su_address","supplier.su_phone","supplier.su_comment"],"Inner Unique":false,"Hash Cond":"(supplier.su_nationkey = nation.n_nationkey)","Shared Hit Blocks":842721,"Shared Read Blocks":0,"Shared Dirtied Blocks":0,"Shared Written Blocks":0,"Local Hit Blocks":0,"Local Read Blocks":0,"Local Dirtied Blocks":0,"Local Written Blocks":0,"Temp Read Blocks":4157,"Temp Written Blocks":7564,"I/O Read Time":0.0,"I/O Write Time":0.0,"Temp I/O Read Time":5.735,"Temp I/O Write Time":25.735,"Plans":[{"Node Type":"Nested Loop","Parent Relationship":"Outer","Parallel Aware":false,"Async Capable":false,"Join Type":"Inner","Startup Cost":732054.04,"Total Cost":1275685.04,"Plan Rows":496,"Plan Width":160,"Actual Startup Time":4303.333,"Actual Total Time":6914.638,"Actual Rows":3036,"Actual Loops":1,"Output":["item.i_id","item.i_name","supplier.su_suppkey","supplier.su_name","supplier.su_address","supplier.su_phone","supplier.su_comment","supplier.su_nationkey"],"Inner Unique":true,"Shared Hit Blocks":842719,"Shared Read Blocks":0,"Shared Dirtied Blocks":0,"Shared Written Blocks":0,"Local Hit Blocks":0,"Local Read Blocks":0,"Local Dirtied Blocks":0,"Local Written Blocks":0,"Temp Read Blocks":4157,"Temp Written Blocks":7564,"I/O Read Time":0.0,"I/O Write Time":0.0,"Temp I/O Read Time":5.735,"Temp I/O Write Time":25.735,"Plans":[{"Node Type":"Hash Join","Parent Relationship":"Outer","Parallel Aware":false,"Async Capable":false,"Join Type":"Inner","Startup Cost":732053.75,"Total Cost":1275532.47,"Plan Rows":496,"Plan Width":35,"Actual Startup Time":4303.313,"Actual Total Time":6904.642,"Actual Rows":3036,"Actual Loops":1,"Output":["item.i_id","item.i_name","stock.s_i_id","stock.s_w_id"],"Inner Unique":true,"Hash Cond":"((item.i_id = stock_1.s_i_id) AND (stock.s_quantity = (min(stock_1.s_quantity))))","Shared Hit Blocks":833611,"Shared Read Blocks":0,"Shared Dirtied Blocks":0,"Shared Written Blocks":0,"Local Hit Blocks":0,"Local Read Blocks":0,"Local Dirtied Blocks":0,"Local Written Blocks":0,"Temp Read Blocks":4157,"Temp Written Blocks":7564,"I/O Read Time":0.0,"I/O Write Time":0.0,"Temp I/O Read Time":5.735,"Temp I/O Write Time":25.735,"Plans":[{"Node Type":"Hash Join","Parent Relationship":"Outer","Parallel Aware":false,"Async Capable":false,"Join Type":"Inner","Startup Cost":886.9,"Total Cost":543835.36,"Plan Rows":101001,"Plan Width":37,"Actual Startup Time":8.282,"Actual Total Time":2573.114,"Actual Rows":157200,"Actual Loops":1,"Output":["item.i_id","item.i_name","stock.s_i_id","stock.s_w_id","stock.s_quantity"],"Inner Unique":true,"Hash Cond":"(stock.s_i_id = item.i_id)","Shared Hit Blocks":416696,"Shared Read Blocks":0,"Shared Dirtied Blocks":0,"Shared Written Blocks":0,"Local Hit Blocks":0,"Local Read Blocks":0,"Local Dirtied Blocks":0,"Local Written Blocks":0,"Temp Read Blocks":0,"Temp Written Blocks":0,"I/O Read Time":0.0,"I/O Write Time":0.0,"Temp I/O Read Time":0.0,"Temp I/O Write Time":0.0,"Plans":[{"Node Type":"Seq Scan","Parent Relationship":"Outer","Parallel Aware":false,"Async Capable":false,"Relation Name":"stock","Schema":"public","Alias":"stock","Startup Cost":0.0,"Total Cost":516697.07,"Plan Rows":10000107,"Plan Width":8,"Actual Startup Time":0.004,"Actual Total Time":862.664,"Actual Rows":10000000,"Actual Loops":1,"Output":["stock.s_i_id","stock.s_w_id","stock.s_quantity","stock.s_dist_01","stock.s_dist_02","stock.s_dist_03","stock.s_dist_04","stock.s_dist_05","stock.s_dist_06","stock.s_dist_07","stock.s_dist_08","stock.s_dist_09","stock.s_dist_10","stock.s_ytd","stock.s_order_cnt","stock.s_remote_cnt","stock.s_data"],"Shared Hit Blocks":416696,"Shared Read Blocks":0,"Shared Dirtied Blocks":0,"Shared Written Blocks":0,"Local Hit Blocks":0,"Local Read Blocks":0,"Local Dirtied Blocks":0,"Local Written Blocks":0,"Temp Read Blocks":0,"Temp Written Blocks":0,"I/O Read Time":0.0,"I/O Write Time":0.0,"Temp I/O Read Time":0.0,"Temp I/O Write Time":0.0},{"Node Type":"Hash","Parent Relationship":"Inner","Parallel Aware":false,"Async Capable":false,"Startup Cost":874.26,"Total Cost":874.26,"Plan Rows":1011,"Plan Width":29,"Actual Startup Time":8.256,"Actual Total Time":8.258,"Actual Rows":1572,"Actual Loops":1,"Output":["item.i_id","item.i_name"],"Hash Buckets":2048,"Original Hash Buckets":1024,"Hash Batches":1,"Original Hash Batches":1,"Peak Memory Usage":110,"Shared Hit Blocks":0,"Shared Read Blocks":0,"Shared Dirtied Blocks":0,"Shared Written Blocks":0,"Local Hit Blocks":0,"Local Read Blocks":0,"Local Dirtied Blocks":0,"Local Written Blocks":0,"Temp Read Blocks":0,"Temp Written Blocks":0,"I/O Read Time":0.0,"I/O Write Time":0.0,"Temp I/O Read Time":0.0,"Temp I/O Write Time":0.0,"Plans":[{"Node Type":"Append","Parent Relationship":"Outer","Parallel Aware":false,"Async Capable":false,"Startup Cost":20.0,"Total Cost":874.26,"Plan Rows":1011,"Plan Width":29,"Actual Startup Time":7.348,"Actual Total Time":7.944,"Actual Rows":1572,"Actual Loops":1,"Shared Hit Blocks":0,"Shared Read Blocks":0,"Shared Dirtied Blocks":0,"Shared Written Blocks":0,"Local Hit Blocks":0,"Local Read Blocks":0,"Local Dirtied Blocks":0,"Local Written Blocks":0,"Temp Read Blocks":0,"Temp Written Blocks":0,"I/O Read Time":0.0,"I/O Write Time":0.0,"Temp I/O Read Time":0.0,"Temp I/O Write Time":0.0,"Subplans Removed":0,"Plans":[{"Node Type":"Custom Scan","Parent Relationship":"Member","Custom Plan Provider":"columnar scan","Parallel Aware":false,"Async Capable":false,"Relation Name":"item","Schema":"public","Alias":"item","Startup Cost":20.0,"Total Cost":39.7,"Plan Rows":1010,"Plan Width":29,"Actual Startup Time":7.347,"Actual Total Time":7.826,"Actual Rows":1572,"Actual Loops":1,"Output":["item.i_id","item.i_name"],"Filter":"((item.i_data)::text ~~ '%b'::text)","Rows Removed by Filter":0,"Rows Removed by Columnar Filter":98428,"Columnar cache search mode":"native","Shared Hit Blocks":0,"Shared Read Blocks":0,"Shared Dirtied Blocks":0,"Shared Written Blocks":0,"Local Hit Blocks":0,"Local Read Blocks":0,"Local Dirtied Blocks":0,"Local Written Blocks":0,"Temp Read Blocks":0,"Temp Written Blocks":0,"I/O Read Time":0.0,"I/O Write Time":0.0,"Temp I/O Read Time":0.0,"Temp I/O Write Time":0.0},{"Node Type":"Seq Scan","Parent Relationship":"Member","Parallel Aware":false,"Async Capable":false,"Relation Name":"item","Schema":"public","Alias":"item","Startup Cost":0.0,"Total Cost":4.01,"Plan Rows":1,"Plan Width":29,"Actual Startup Time":0.0,"Actual Total Time":0.0,"Actual Rows":0,"Actual Loops":0,"Output":["item.i_id","item.i_name"],"Filter":"((item.i_data)::text ~~ '%b'::text)","Rows Removed by Filter":0,"Shared Hit Blocks":0,"Shared Read Blocks":0,"Shared Dirtied Blocks":0,"Shared Written Blocks":0,"Local Hit Blocks":0,"Local Read Blocks":0,"Local Dirtied Blocks":0,"Local Written Blocks":0,"Temp Read Blocks":0,"Temp Written Blocks":0,"I/O Read Time":0.0,"I/O Write Time":0.0,"Temp I/O Read Time":0.0,"Temp I/O Write Time":0.0}]}]}]},{"Node Type":"Hash","Parent Relationship":"Inner","Parallel Aware":false,"Async Capable":false,"Startup Cost":729692.33,"Total Cost":729692.33,"Plan Rows":98302,"Plan Width":6,"Actual Startup Time":4294.167,"Actual Total Time":4294.172,"Actual Rows":100000,"Actual Loops":1,"Output":["stock_1.s_i_id","(min(stock_1.s_quantity))"],"Hash Buckets":131072,"Original Hash Buckets":131072,"Hash Batches":1,"Original Hash Batches":1,"Peak Memory Usage":4735,"Shared Hit Blocks":416915,"Shared Read Blocks":0,"Shared Dirtied Blocks":0,"Shared Written Blocks":0,"Local Hit Blocks":0,"Local Read Blocks":0,"Local Dirtied Blocks":0,"Local Written Blocks":0,"Temp Read Blocks":4157,"Temp Written Blocks":7564,"I/O Read Time":0.0,"I/O Write Time":0.0,"Temp I/O Read Time":5.735,"Temp I/O Write Time":25.735,"Plans":[{"Node Type":"Aggregate","Strategy":"Hashed","Partial Mode":"Simple","Parent Relationship":"Outer","Parallel Aware":false,"Async Capable":false,"Startup Cost":712101.12,"Total Cost":728709.31,"Plan Rows":98302,"Plan Width":6,"Actual Startup Time":4110.319,"Actual Total Time":4279.307,"Actual Rows":100000,"Actual Loops":1,"Output":["stock_1.s_i_id","min(stock_1.s_quantity)"],"Group Key":["stock_1.s_i_id"],"Planned Partitions":0,"HashAgg Batches":5,"Peak Memory Usage":8241,"Disk Usage":35680,"Shared Hit Blocks":416915,"Shared Read Blocks":0,"Shared Dirtied Blocks":0,"Shared Written Blocks":0,"Local Hit Blocks":0,"Local Read Blocks":0,"Local Dirtied Blocks":0,"Local Written Blocks":0,"Temp Read Blocks":4157,"Temp Written Blocks":7564,"I/O Read Time":0.0,"I/O Write Time":0.0,"Temp I/O Read Time":5.735,"Temp I/O Write Time":25.735,"Plans":[{"Node Type":"Hash Join","Parent Relationship":"Outer","Parallel Aware":false,"Async Capable":false,"Join Type":"Inner","Startup Cost":401.99,"Total Cost":599599.94,"Plan Rows":2000021,"Plan Width":6,"Actual Startup Time":2.552,"Actual Total Time":3439.25,"Actual Rows":3474600,"Actual Loops":1,"Output":["stock_1.s_i_id","stock_1.s_quantity"],"Inner Unique":false,"Hash Cond":"(mod((stock_1.s_w_id * stock_1.s_i_id), 10000) = supplier_1.su_suppkey)","Shared Hit Blocks":416915,"Shared Read Blocks":0,"Shared Dirtied Blocks":0,"Shared Written Blocks":0,"Local Hit Blocks":0,"Local Read Blocks":0,"Local Dirtied Blocks":0,"Local Written Blocks":0,"Temp Read Blocks":0,"Temp Written Blocks":0,"I/O Read Time":0.0,"I/O Write Time":0.0,"Temp I/O Read Time":0.0,"Temp I/O Write Time":0.0,"Plans":[{"Node Type":"Seq Scan","Parent Relationship":"Outer","Parallel Aware":false,"Async Capable":false,"Relation Name":"stock","Schema":"public","Alias":"stock_1","Startup Cost":0.0,"Total Cost":516697.07,"Plan Rows":10000107,"Plan Width":8,"Actual Startup Time":0.004,"Actual Total Time":933.77,"Actual Rows":10000000,"Actual Loops":1,"Output":["stock_1.s_i_id","stock_1.s_w_id","stock_1.s_quantity","stock_1.s_dist_01","stock_1.s_dist_02","stock_1.s_dist_03","stock_1.s_dist_04","stock_1.s_dist_05","stock_1.s_dist_06","stock_1.s_dist_07","stock_1.s_dist_08","stock_1.s_dist_09","stock_1.s_dist_10","stock_1.s_ytd","stock_1.s_order_cnt","stock_1.s_remote_cnt","stock_1.s_data"],"Shared Hit Blocks":416696,"Shared Read Blocks":0,"Shared Dirtied Blocks":0,"Shared Written Blocks":0,"Local Hit Blocks":0,"Local Read Blocks":0,"Local Dirtied Blocks":0,"Local Written Blocks":0,"Temp Read Blocks":0,"Temp Written Blocks":0,"I/O Read Time":0.0,"I/O Write Time":0.0,"Temp I/O Read Time":0.0,"Temp I/O Write Time":0.0},{"Node Type":"Hash","Parent Relationship":"Inner","Parallel Aware":false,"Async Capable":false,"Startup Cost":376.99,"Total Cost":376.99,"Plan Rows":2000,"Plan Width":4,"Actual Startup Time":2.543,"Actual Total Time":2.545,"Actual Rows":3506,"Actual Loops":1,"Output":["supplier_1.su_suppkey"],"Hash Buckets":4096,"Original Hash Buckets":2048,"Hash Batches":1,"Original Hash Batches":1,"Peak Memory Usage":156,"Shared Hit Blocks":219,"Shared Read Blocks":0,"Shared Dirtied Blocks":0,"Shared Written Blocks":0,"Local Hit Blocks":0,"Local Read Blocks":0,"Local Dirtied Blocks":0,"Local Written Blocks":0,"Temp Read Blocks":0,"Temp Written Blocks":0,"I/O Read Time":0.0,"I/O Write Time":0.0,"Temp I/O Read Time":0.0,"Temp I/O Write Time":0.0,"Plans":[{"Node Type":"Hash Join","Parent Relationship":"Outer","Parallel Aware":false,"Async Capable":false,"Join Type":"Inner","Startup Cost":3.14,"Total Cost":376.99,"Plan Rows":2000,"Plan Width":4,"Actual Startup Time":0.033,"Actual Total Time":2.145,"Actual Rows":3506,"Actual Loops":1,"Output":["supplier_1.su_suppkey"],"Inner Unique":false,"Hash Cond":"(supplier_1.su_nationkey = nation_1.n_nationkey)","Shared Hit Blocks":219,"Shared Read Blocks":0,"Shared Dirtied Blocks":0,"Shared Written Blocks":0,"Local Hit Blocks":0,"Local Read Blocks":0,"Local Dirtied Blocks":0,"Local Written Blocks":0,"Temp Read Blocks":0,"Temp Written Blocks":0,"I/O Read Time":0.0,"I/O Write Time":0.0,"Temp I/O Read Time":0.0,"Temp I/O Write Time":0.0,"Plans":[{"Node Type":"Seq Scan","Parent Relationship":"Outer","Parallel Aware":false,"Async Capable":false,"Relation Name":"supplier","Schema":"public","Alias":"supplier_1","Startup Cost":0.0,"Total Cost":317.0,"Plan Rows":10000,"Plan Width":8,"Actual Startup Time":0.004,"Actual Total Time":0.756,"Actual Rows":10000,"Actual Loops":1,"Output":["supplier_1.su_suppkey","supplier_1.su_name","supplier_1.su_address","supplier_1.su_nationkey","supplier_1.su_phone","supplier_1.su_acctbal","supplier_1.su_comment"],"Shared Hit Blocks":217,"Shared Read Blocks":0,"Shared Dirtied Blocks":0,"Shared Written Blocks":0,"Local Hit Blocks":0,"Local Read Blocks":0,"Local Dirtied Blocks":0,"Local Written Blocks":0,"Temp Read Blocks":0,"Temp Written Blocks":0,"I/O Read Time":0.0,"I/O Write Time":0.0,"Temp I/O Read Time":0.0,"Temp I/O Write Time":0.0},{"Node Type":"Hash","Parent Relationship":"Inner","Parallel Aware":false,"Async Capable":false,"Startup Cost":2.99,"Total Cost":2.99,"Plan Rows":12,"Plan Width":4,"Actual Startup Time":0.026,"Actual Total Time":0.028,"Actual Rows":22,"Actual Loops":1,"Output":["nation_1.n_nationkey"],"Hash Buckets":1024,"Original Hash Buckets":1024,"Hash Batches":1,"Original Hash Batches":1,"Peak Memory Usage":9,"Shared Hit Blocks":2,"Shared Read Blocks":0,"Shared Dirtied Blocks":0,"Shared Written Blocks":0,"Local Hit Blocks":0,"Local Read Blocks":0,"Local Dirtied Blocks":0,"Local Written Blocks":0,"Temp Read Blocks":0,"Temp Written Blocks":0,"I/O Read Time":0.0,"I/O Write Time":0.0,"Temp I/O Read Time":0.0,"Temp I/O Write Time":0.0,"Plans":[{"Node Type":"Hash Join","Parent Relationship":"Outer","Parallel Aware":false,"Async Capable":false,"Join Type":"Inner","Startup Cost":1.07,"Total Cost":2.99,"Plan Rows":12,"Plan Width":4,"Actual Startup Time":0.013,"Actual Total Time":0.024,"Actual Rows":22,"Actual Loops":1,"Output":["nation_1.n_nationkey"],"Inner Unique":true,"Hash Cond":"(nation_1.n_regionkey = region_1.r_regionkey)","Shared Hit Blocks":2,"Shared Read Blocks":0,"Shared Dirtied Blocks":0,"Shared Written Blocks":0,"Local Hit Blocks":0,"Local Read Blocks":0,"Local Dirtied Blocks":0,"Local Written Blocks":0,"Temp Read Blocks":0,"Temp Written Blocks":0,"I/O Read Time":0.0,"I/O Write Time":0.0,"Temp I/O Read Time":0.0,"Temp I/O Write Time":0.0,"Plans":[{"Node Type":"Seq Scan","Parent Relationship":"Outer","Parallel Aware":false,"Async Capable":false,"Relation Name":"nation","Schema":"public","Alias":"nation_1","Startup Cost":0.0,"Total Cost":1.62,"Plan Rows":62,"Plan Width":8,"Actual Startup Time":0.005,"Actual Total Time":0.008,"Actual Rows":62,"Actual Loops":1,"Output":["nation_1.n_nationkey","nation_1.n_name","nation_1.n_regionkey","nation_1.n_comment"],"Shared Hit Blocks":1,"Shared Read Blocks":0,"Shared Dirtied Blocks":0,"Shared Written Blocks":0,"Local Hit Blocks":0,"Local Read Blocks":0,"Local Dirtied Blocks":0,"Local Written Blocks":0,"Temp Read Blocks":0,"Temp Written Blocks":0,"I/O Read Time":0.0,"I/O Write Time":0.0,"Temp I/O Read Time":0.0,"Temp I/O Write Time":0.0},{"Node Type":"Hash","Parent Relationship":"Inner","Parallel Aware":false,"Async Capable":false,"Startup Cost":1.06,"Total Cost":1.06,"Plan Rows":1,"Plan Width":4,"Actual Startup Time":0.005,"Actual Total Time":0.005,"Actual Rows":1,"Actual Loops":1,"Output":["region_1.r_regionkey"],"Hash Buckets":1024,"Original Hash Buckets":1024,"Hash Batches":1,"Original Hash Batches":1,"Peak Memory Usage":9,"Shared Hit Blocks":1,"Shared Read Blocks":0,"Shared Dirtied Blocks":0,"Shared Written Blocks":0,"Local Hit Blocks":0,"Local Read Blocks":0,"Local Dirtied Blocks":0,"Local Written Blocks":0,"Temp Read Blocks":0,"Temp Written Blocks":0,"I/O Read Time":0.0,"I/O Write Time":0.0,"Temp I/O Read Time":0.0,"Temp I/O Write Time":0.0,"Plans":[{"Node Type":"Seq Scan","Parent Relationship":"Outer","Parallel Aware":false,"Async Capable":false,"Relation Name":"region","Schema":"public","Alias":"region_1","Startup Cost":0.0,"Total Cost":1.06,"Plan Rows":1,"Plan Width":4,"Actual Startup Time":0.004,"Actual Total Time":0.004,"Actual Rows":1,"Actual Loops":1,"Output":["region_1.r_regionkey"],"Filter":"((region_1.r_name)::text ~~ 'Europ%'::text)","Rows Removed by Filter":4,"Shared Hit Blocks":1,"Shared Read Blocks":0,"Shared Dirtied Blocks":0,"Shared Written Blocks":0,"Local Hit Blocks":0,"Local Read Blocks":0,"Local Dirtied Blocks":0,"Local Written Blocks":0,"Temp Read Blocks":0,"Temp Written Blocks":0,"I/O Read Time":0.0,"I/O Write Time":0.0,"Temp I/O Read Time":0.0,"Temp I/O Write Time":0.0}]}]}]}]}]}]}]}]}]},{"Node Type":"Index Scan","Parent Relationship":"Inner","Parallel Aware":false,"Async Capable":false,"Scan Direction":"Forward","Index Name":"supplier_pk","Relation Name":"supplier","Schema":"public","Alias":"supplier","Startup Cost":0.29,"Total Cost":0.31,"Plan Rows":1,"Plan Width":131,"Actual Startup Time":0.003,"Actual Total Time":0.003,"Actual Rows":1,"Actual Loops":3036,"Output":["supplier.su_suppkey","supplier.su_name","supplier.su_address","supplier.su_nationkey","supplier.su_phone","supplier.su_acctbal","supplier.su_comment"],"Index Cond":"(supplier.su_suppkey = mod((stock.s_w_id * stock.s_i_id), 10000))","Rows Removed by Index Recheck":0,"Shared Hit Blocks":9108,"Shared Read Blocks":0,"Shared Dirtied Blocks":0,"Shared Written Blocks":0,"Local Hit Blocks":0,"Local Read Blocks":0,"Local Dirtied Blocks":0,"Local Written Blocks":0,"Temp Read Blocks":0,"Temp Written Blocks":0,"I/O Read Time":0.0,"I/O Write Time":0.0,"Temp I/O Read Time":0.0,"Temp I/O Write Time":0.0}]},{"Node Type":"Hash","Parent Relationship":"Inner","Parallel Aware":false,"Async Capable":false,"Startup Cost":2.99,"Total Cost":2.99,"Plan Rows":12,"Plan Width":12,"Actual Startup Time":0.039,"Actual Total Time":0.041,"Actual Rows":22,"Actual Loops":1,"Output":["nation.n_name","nation.n_nationkey"],"Hash Buckets":1024,"Original Hash Buckets":1024,"Hash Batches":1,"Original Hash Batches":1,"Peak Memory Usage":9,"Shared Hit Blocks":2,"Shared Read Blocks":0,"Shared Dirtied Blocks":0,"Shared Written Blocks":0,"Local Hit Blocks":0,"Local Read Blocks":0,"Local Dirtied Blocks":0,"Local Written Blocks":0,"Temp Read Blocks":0,"Temp Written Blocks":0,"I/O Read Time":0.0,"I/O Write Time":0.0,"Temp I/O Read Time":0.0,"Temp I/O Write Time":0.0,"Plans":[{"Node Type":"Hash Join","Parent Relationship":"Outer","Parallel Aware":false,"Async Capable":false,"Join Type":"Inner","Startup Cost":1.07,"Total Cost":2.99,"Plan Rows":12,"Plan Width":12,"Actual Startup Time":0.024,"Actual Total Time":0.036,"Actual Rows":22,"Actual Loops":1,"Output":["nation.n_name","nation.n_nationkey"],"Inner Unique":true,"Hash Cond":"(nation.n_regionkey = region.r_regionkey)","Shared Hit Blocks":2,"Shared Read Blocks":0,"Shared Dirtied Blocks":0,"Shared Written Blocks":0,"Local Hit Blocks":0,"Local Read Blocks":0,"Local Dirtied Blocks":0,"Local Written Blocks":0,"Temp Read Blocks":0,"Temp Written Blocks":0,"I/O Read Time":0.0,"I/O Write Time":0.0,"Temp I/O Read Time":0.0,"Temp I/O Write Time":0.0,"Plans":[{"Node Type":"Seq Scan","Parent Relationship":"Outer","Parallel Aware":false,"Async Capable":false,"Relation Name":"nation","Schema":"public","Alias":"nation","Startup Cost":0.0,"Total Cost":1.62,"Plan Rows":62,"Plan Width":16,"Actual Startup Time":0.01,"Actual Total Time":0.013,"Actual Rows":62,"Actual Loops":1,"Output":["nation.n_nationkey","nation.n_name","nation.n_regionkey","nation.n_comment"],"Shared Hit Blocks":1,"Shared Read Blocks":0,"Shared Dirtied Blocks":0,"Shared Written Blocks":0,"Local Hit Blocks":0,"Local Read Blocks":0,"Local Dirtied Blocks":0,"Local Written Blocks":0,"Temp Read Blocks":0,"Temp Written Blocks":0,"I/O Read Time":0.0,"I/O Write Time":0.0,"Temp I/O Read Time":0.0,"Temp I/O Write Time":0.0},{"Node Type":"Hash","Parent Relationship":"Inner","Parallel Aware":false,"Async Capable":false,"Startup Cost":1.06,"Total Cost":1.06,"Plan Rows":1,"Plan Width":4,"Actual Startup Time":0.009,"Actual Total Time":0.01,"Actual Rows":1,"Actual Loops":1,"Output":["region.r_regionkey"],"Hash Buckets":1024,"Original Hash Buckets":1024,"Hash Batches":1,"Original Hash Batches":1,"Peak Memory Usage":9,"Shared Hit Blocks":1,"Shared Read Blocks":0,"Shared Dirtied Blocks":0,"Shared Written Blocks":0,"Local Hit Blocks":0,"Local Read Blocks":0,"Local Dirtied Blocks":0,"Local Written Blocks":0,"Temp Read Blocks":0,"Temp Written Blocks":0,"I/O Read Time":0.0,"I/O Write Time":0.0,"Temp I/O Read Time":0.0,"Temp I/O Write Time":0.0,"Plans":[{"Node Type":"Seq Scan","Parent Relationship":"Outer","Parallel Aware":false,"Async Capable":false,"Relation Name":"region","Schema":"public","Alias":"region","Startup Cost":0.0,"Total Cost":1.06,"Plan Rows":1,"Plan Width":4,"Actual Startup Time":0.007,"Actual Total Time":0.007,"Actual Rows":1,"Actual Loops":1,"Output":["region.r_regionkey"],"Filter":"((region.r_name)::text ~~ 'Europ%'::text)","Rows Removed by Filter":4,"Shared Hit Blocks":1,"Shared Read Blocks":0,"Shared Dirtied Blocks":0,"Shared Written Blocks":0,"Local Hit Blocks":0,"Local Read Blocks":0,"Local Dirtied Blocks":0,"Local Written Blocks":0,"Temp Read Blocks":0,"Temp Written Blocks":0,"I/O Read Time":0.0,"I/O Write Time":0.0,"Temp I/O Read Time":0.0,"Temp I/O Write Time":0.0}]}]}]}]}]},"Planning":{"Shared Hit Blocks":28,"Shared Read Blocks":0,"Shared Dirtied Blocks":0,"Shared Written Blocks":0,"Local Hit Blocks":0,"Local Read Blocks":0,"Local Dirtied Blocks":0,"Local Written Blocks":0,"Temp Read Blocks":0,"Temp Written Blocks":0,"I/O Read Time":0.0,"I/O Write Time":0.0,"Temp I/O Read Time":0.0,"Temp I/O Write Time":0.0},"Planning Time":0.735,"Triggers":[],"Execution Time":6925.625}]
[列存组合]: nation
[{"Plan":{"Node Type":"Sort","Parallel Aware":false,"Async Capable":false,"Startup Cost":1277435.01,"Total Cost":1277435.26,"Plan Rows":99,"Plan Width":164,"Actual Startup Time":6883.759,"Actual Total Time":6883.841,"Actual Rows":1900,"Actual Loops":1,"Output":["supplier.su_suppkey","supplier.su_name","nation.n_name","item.i_id","item.i_name","supplier.su_address","supplier.su_phone","supplier.su_comment"],"Sort Key":["nation.n_name","supplier.su_name","item.i_id"],"Sort Method":"quicksort","Sort Space Used":439,"Sort Space Type":"Memory","Shared Hit Blocks":844086,"Shared Read Blocks":0,"Shared Dirtied Blocks":0,"Shared Written Blocks":0,"Local Hit Blocks":0,"Local Read Blocks":0,"Local Dirtied Blocks":0,"Local Written Blocks":0,"Temp Read Blocks":4157,"Temp Written Blocks":7564,"I/O Read Time":0.0,"I/O Write Time":0.0,"Temp I/O Read Time":5.748,"Temp I/O Write Time":25.798,"Plans":[{"Node Type":"Hash Join","Parent Relationship":"Outer","Parallel Aware":false,"Async Capable":false,"Join Type":"Inner","Startup Cost":733797.91,"Total Cost":1277431.73,"Plan Rows":99,"Plan Width":164,"Actual Startup Time":4283.46,"Actual Total Time":6879.957,"Actual Rows":1900,"Actual Loops":1,"Output":["supplier.su_suppkey","supplier.su_name","nation.n_name","item.i_id","item.i_name","supplier.su_address","supplier.su_phone","supplier.su_comment"],"Inner Unique":false,"Hash Cond":"(supplier.su_nationkey = nation.n_nationkey)","Shared Hit Blocks":844086,"Shared Read Blocks":0,"Shared Dirtied Blocks":0,"Shared Written Blocks":0,"Local Hit Blocks":0,"Local Read Blocks":0,"Local Dirtied Blocks":0,"Local Written Blocks":0,"Temp Read Blocks":4157,"Temp Written Blocks":7564,"I/O Read Time":0.0,"I/O Write Time":0.0,"Temp I/O Read Time":5.748,"Temp I/O Write Time":25.798,"Plans":[{"Node Type":"Nested Loop","Parent Relationship":"Outer","Parallel Aware":false,"Async Capable":false,"Join Type":"Inner","Startup Cost":733794.77,"Total Cost":1277425.77,"Plan Rows":496,"Plan Width":160,"Actual Startup Time":4283.414,"Actual Total Time":6878.948,"Actual Rows":3036,"Actual Loops":1,"Output":["item.i_id","item.i_name","supplier.su_suppkey","supplier.su_name","supplier.su_address","supplier.su_phone","supplier.su_comment","supplier.su_nationkey"],"Inner Unique":true,"Shared Hit Blocks":844084,"Shared Read Blocks":0,"Shared Dirtied Blocks":0,"Shared Written Blocks":0,"Local Hit Blocks":0,"Local Read Blocks":0,"Local Dirtied Blocks":0,"Local Written Blocks":0,"Temp Read Blocks":4157,"Temp Written Blocks":7564,"I/O Read Time":0.0,"I/O Write Time":0.0,"Temp I/O Read Time":5.748,"Temp I/O Write Time":25.798,"Plans":[{"Node Type":"Hash Join","Parent Relationship":"Outer","Parallel Aware":false,"Async Capable":false,"Join Type":"Inner","Startup Cost":733794.48,"Total Cost":1277273.2,"Plan Rows":496,"Plan Width":35,"Actual Startup Time":4283.39,"Actual Total Time":6868.959,"Actual Rows":3036,"Actual Loops":1,"Output":["item.i_id","item.i_name","stock.s_i_id","stock.s_w_id"],"Inner Unique":true,"Hash Cond":"((item.i_id = stock_1.s_i_id) AND (stock.s_quantity = (min(stock_1.s_quantity))))","Shared Hit Blocks":834976,"Shared Read Blocks":0,"Shared Dirtied Blocks":0,"Shared Written Blocks":0,"Local Hit Blocks":0,"Local Read Blocks":0,"Local Dirtied Blocks":0,"Local Written Blocks":0,"Temp Read Blocks":4157,"Temp Written Blocks":7564,"I/O Read Time":0.0,"I/O Write Time":0.0,"Temp I/O Read Time":5.748,"Temp I/O Write Time":25.798,"Plans":[{"Node Type":"Hash Join","Parent Relationship":"Outer","Parallel Aware":false,"Async Capable":false,"Join Type":"Inner","Startup Cost":2627.62,"Total Cost":545576.09,"Plan Rows":101001,"Plan Width":37,"Actual Startup Time":14.413,"Actual Total Time":2563.053,"Actual Rows":157200,"Actual Loops":1,"Output":["item.i_id","item.i_name","stock.s_i_id","stock.s_w_id","stock.s_quantity"],"Inner Unique":true,"Hash Cond":"(stock.s_i_id = item.i_id)","Shared Hit Blocks":418061,"Shared Read Blocks":0,"Shared Dirtied Blocks":0,"Shared Written Blocks":0,"Local Hit Blocks":0,"Local Read Blocks":0,"Local Dirtied Blocks":0,"Local Written Blocks":0,"Temp Read Blocks":0,"Temp Written Blocks":0,"I/O Read Time":0.0,"I/O Write Time":0.0,"Temp I/O Read Time":0.0,"Temp I/O Write Time":0.0,"Plans":[{"Node Type":"Seq Scan","Parent Relationship":"Outer","Parallel Aware":false,"Async Capable":false,"Relation Name":"stock","Schema":"public","Alias":"stock","Startup Cost":0.0,"Total Cost":516697.07,"Plan Rows":10000107,"Plan Width":8,"Actual Startup Time":0.003,"Actual Total Time":861.19,"Actual Rows":10000000,"Actual Loops":1,"Output":["stock.s_i_id","stock.s_w_id","stock.s_quantity","stock.s_dist_01","stock.s_dist_02","stock.s_dist_03","stock.s_dist_04","stock.s_dist_05","stock.s_dist_06","stock.s_dist_07","stock.s_dist_08","stock.s_dist_09","stock.s_dist_10","stock.s_ytd","stock.s_order_cnt","stock.s_remote_cnt","stock.s_data"],"Shared Hit Blocks":416696,"Shared Read Blocks":0,"Shared Dirtied Blocks":0,"Shared Written Blocks":0,"Local Hit Blocks":0,"Local Read Blocks":0,"Local Dirtied Blocks":0,"Local Written Blocks":0,"Temp Read Blocks":0,"Temp Written Blocks":0,"I/O Read Time":0.0,"I/O Write Time":0.0,"Temp I/O Read Time":0.0,"Temp I/O Write Time":0.0},{"Node Type":"Hash","Parent Relationship":"Inner","Parallel Aware":false,"Async Capable":false,"Startup Cost":2615.0,"Total Cost":2615.0,"Plan Rows":1010,"Plan Width":29,"Actual Startup Time":14.388,"Actual Total Time":14.389,"Actual Rows":1572,"Actual Loops":1,"Output":["item.i_id","item.i_name"],"Hash Buckets":2048,"Original Hash Buckets":1024,"Hash Batches":1,"Original Hash Batches":1,"Peak Memory Usage":110,"Shared Hit Blocks":1365,"Shared Read Blocks":0,"Shared Dirtied Blocks":0,"Shared Written Blocks":0,"Local Hit Blocks":0,"Local Read Blocks":0,"Local Dirtied Blocks":0,"Local Written Blocks":0,"Temp Read Blocks":0,"Temp Written Blocks":0,"I/O Read Time":0.0,"I/O Write Time":0.0,"Temp I/O Read Time":0.0,"Temp I/O Write Time":0.0,"Plans":[{"Node Type":"Seq Scan","Parent Relationship":"Outer","Parallel Aware":false,"Async Capable":false,"Relation Name":"item","Schema":"public","Alias":"item","Startup Cost":0.0,"Total Cost":2615.0,"Plan Rows":1010,"Plan Width":29,"Actual Startup Time":0.011,"Actual Total Time":14.158,"Actual Rows":1572,"Actual Loops":1,"Output":["item.i_id","item.i_name"],"Filter":"((item.i_data)::text ~~ '%b'::text)","Rows Removed by Filter":98428,"Shared Hit Blocks":1365,"Shared Read Blocks":0,"Shared Dirtied Blocks":0,"Shared Written Blocks":0,"Local Hit Blocks":0,"Local Read Blocks":0,"Local Dirtied Blocks":0,"Local Written Blocks":0,"Temp Read Blocks":0,"Temp Written Blocks":0,"I/O Read Time":0.0,"I/O Write Time":0.0,"Temp I/O Read Time":0.0,"Temp I/O Write Time":0.0}]}]},{"Node Type":"Hash","Parent Relationship":"Inner","Parallel Aware":false,"Async Capable":false,"Startup Cost":729692.33,"Total Cost":729692.33,"Plan Rows":98302,"Plan Width":6,"Actual Startup Time":4268.12,"Actual Total Time":4268.124,"Actual Rows":100000,"Actual Loops":1,"Output":["stock_1.s_i_id","(min(stock_1.s_quantity))"],"Hash Buckets":131072,"Original Hash Buckets":131072,"Hash Batches":1,"Original Hash Batches":1,"Peak Memory Usage":4735,"Shared Hit Blocks":416915,"Shared Read Blocks":0,"Shared Dirtied Blocks":0,"Shared Written Blocks":0,"Local Hit Blocks":0,"Local Read Blocks":0,"Local Dirtied Blocks":0,"Local Written Blocks":0,"Temp Read Blocks":4157,"Temp Written Blocks":7564,"I/O Read Time":0.0,"I/O Write Time":0.0,"Temp I/O Read Time":5.748,"Temp I/O Write Time":25.798,"Plans":[{"Node Type":"Aggregate","Strategy":"Hashed","Partial Mode":"Simple","Parent Relationship":"Outer","Parallel Aware":false,"Async Capable":false,"Startup Cost":712101.12,"Total Cost":728709.31,"Plan Rows":98302,"Plan Width":6,"Actual Startup Time":4087.255,"Actual Total Time":4253.612,"Actual Rows":100000,"Actual Loops":1,"Output":["stock_1.s_i_id","min(stock_1.s_quantity)"],"Group Key":["stock_1.s_i_id"],"Planned Partitions":0,"HashAgg Batches":5,"Peak Memory Usage":8241,"Disk Usage":35680,"Shared Hit Blocks":416915,"Shared Read Blocks":0,"Shared Dirtied Blocks":0,"Shared Written Blocks":0,"Local Hit Blocks":0,"Local Read Blocks":0,"Local Dirtied Blocks":0,"Local Written Blocks":0,"Temp Read Blocks":4157,"Temp Written Blocks":7564,"I/O Read Time":0.0,"I/O Write Time":0.0,"Temp I/O Read Time":5.748,"Temp I/O Write Time":25.798,"Plans":[{"Node Type":"Hash Join","Parent Relationship":"Outer","Parallel Aware":false,"Async Capable":false,"Join Type":"Inner","Startup Cost":401.99,"Total Cost":599599.94,"Plan Rows":2000021,"Plan Width":6,"Actual Startup Time":2.502,"Actual Total Time":3419.384,"Actual Rows":3474600,"Actual Loops":1,"Output":["stock_1.s_i_id","stock_1.s_quantity"],"Inner Unique":false,"Hash Cond":"(mod((stock_1.s_w_id * stock_1.s_i_id), 10000) = supplier_1.su_suppkey)","Shared Hit Blocks":416915,"Shared Read Blocks":0,"Shared Dirtied Blocks":0,"Shared Written Blocks":0,"Local Hit Blocks":0,"Local Read Blocks":0,"Local Dirtied Blocks":0,"Local Written Blocks":0,"Temp Read Blocks":0,"Temp Written Blocks":0,"I/O Read Time":0.0,"I/O Write Time":0.0,"Temp I/O Read Time":0.0,"Temp I/O Write Time":0.0,"Plans":[{"Node Type":"Seq Scan","Parent Relationship":"Outer","Parallel Aware":false,"Async Capable":false,"Relation Name":"stock","Schema":"public","Alias":"stock_1","Startup Cost":0.0,"Total Cost":516697.07,"Plan Rows":10000107,"Plan Width":8,"Actual Startup Time":0.003,"Actual Total Time":930.13,"Actual Rows":10000000,"Actual Loops":1,"Output":["stock_1.s_i_id","stock_1.s_w_id","stock_1.s_quantity","stock_1.s_dist_01","stock_1.s_dist_02","stock_1.s_dist_03","stock_1.s_dist_04","stock_1.s_dist_05","stock_1.s_dist_06","stock_1.s_dist_07","stock_1.s_dist_08","stock_1.s_dist_09","stock_1.s_dist_10","stock_1.s_ytd","stock_1.s_order_cnt","stock_1.s_remote_cnt","stock_1.s_data"],"Shared Hit Blocks":416696,"Shared Read Blocks":0,"Shared Dirtied Blocks":0,"Shared Written Blocks":0,"Local Hit Blocks":0,"Local Read Blocks":0,"Local Dirtied Blocks":0,"Local Written Blocks":0,"Temp Read Blocks":0,"Temp Written Blocks":0,"I/O Read Time":0.0,"I/O Write Time":0.0,"Temp I/O Read Time":0.0,"Temp I/O Write Time":0.0},{"Node Type":"Hash","Parent Relationship":"Inner","Parallel Aware":false,"Async Capable":false,"Startup Cost":376.99,"Total Cost":376.99,"Plan Rows":2000,"Plan Width":4,"Actual Startup Time":2.494,"Actual Total Time":2.497,"Actual Rows":3506,"Actual Loops":1,"Output":["supplier_1.su_suppkey"],"Hash Buckets":4096,"Original Hash Buckets":2048,"Hash Batches":1,"Original Hash Batches":1,"Peak Memory Usage":156,"Shared Hit Blocks":219,"Shared Read Blocks":0,"Shared Dirtied Blocks":0,"Shared Written Blocks":0,"Local Hit Blocks":0,"Local Read Blocks":0,"Local Dirtied Blocks":0,"Local Written Blocks":0,"Temp Read Blocks":0,"Temp Written Blocks":0,"I/O Read Time":0.0,"I/O Write Time":0.0,"Temp I/O Read Time":0.0,"Temp I/O Write Time":0.0,"Plans":[{"Node Type":"Hash Join","Parent Relationship":"Outer","Parallel Aware":false,"Async Capable":false,"Join Type":"Inner","Startup Cost":3.14,"Total Cost":376.99,"Plan Rows":2000,"Plan Width":4,"Actual Startup Time":0.03,"Actual Total Time":2.109,"Actual Rows":3506,"Actual Loops":1,"Output":["supplier_1.su_suppkey"],"Inner Unique":false,"Hash Cond":"(supplier_1.su_nationkey = nation_1.n_nationkey)","Shared Hit Blocks":219,"Shared Read Blocks":0,"Shared Dirtied Blocks":0,"Shared Written Blocks":0,"Local Hit Blocks":0,"Local Read Blocks":0,"Local Dirtied Blocks":0,"Local Written Blocks":0,"Temp Read Blocks":0,"Temp Written Blocks":0,"I/O Read Time":0.0,"I/O Write Time":0.0,"Temp I/O Read Time":0.0,"Temp I/O Write Time":0.0,"Plans":[{"Node Type":"Seq Scan","Parent Relationship":"Outer","Parallel Aware":false,"Async Capable":false,"Relation Name":"supplier","Schema":"public","Alias":"supplier_1","Startup Cost":0.0,"Total Cost":317.0,"Plan Rows":10000,"Plan Width":8,"Actual Startup Time":0.003,"Actual Total Time":0.726,"Actual Rows":10000,"Actual Loops":1,"Output":["supplier_1.su_suppkey","supplier_1.su_name","supplier_1.su_address","supplier_1.su_nationkey","supplier_1.su_phone","supplier_1.su_acctbal","supplier_1.su_comment"],"Shared Hit Blocks":217,"Shared Read Blocks":0,"Shared Dirtied Blocks":0,"Shared Written Blocks":0,"Local Hit Blocks":0,"Local Read Blocks":0,"Local Dirtied Blocks":0,"Local Written Blocks":0,"Temp Read Blocks":0,"Temp Written Blocks":0,"I/O Read Time":0.0,"I/O Write Time":0.0,"Temp I/O Read Time":0.0,"Temp I/O Write Time":0.0},{"Node Type":"Hash","Parent Relationship":"Inner","Parallel Aware":false,"Async Capable":false,"Startup Cost":2.99,"Total Cost":2.99,"Plan Rows":12,"Plan Width":4,"Actual Startup Time":0.025,"Actual Total Time":0.026,"Actual Rows":22,"Actual Loops":1,"Output":["nation_1.n_nationkey"],"Hash Buckets":1024,"Original Hash Buckets":1024,"Hash Batches":1,"Original Hash Batches":1,"Peak Memory Usage":9,"Shared Hit Blocks":2,"Shared Read Blocks":0,"Shared Dirtied Blocks":0,"Shared Written Blocks":0,"Local Hit Blocks":0,"Local Read Blocks":0,"Local Dirtied Blocks":0,"Local Written Blocks":0,"Temp Read Blocks":0,"Temp Written Blocks":0,"I/O Read Time":0.0,"I/O Write Time":0.0,"Temp I/O Read Time":0.0,"Temp I/O Write Time":0.0,"Plans":[{"Node Type":"Hash Join","Parent Relationship":"Outer","Parallel Aware":false,"Async Capable":false,"Join Type":"Inner","Startup Cost":1.07,"Total Cost":2.99,"Plan Rows":12,"Plan Width":4,"Actual Startup Time":0.01,"Actual Total Time":0.022,"Actual Rows":22,"Actual Loops":1,"Output":["nation_1.n_nationkey"],"Inner Unique":true,"Hash Cond":"(nation_1.n_regionkey = region_1.r_regionkey)","Shared Hit Blocks":2,"Shared Read Blocks":0,"Shared Dirtied Blocks":0,"Shared Written Blocks":0,"Local Hit Blocks":0,"Local Read Blocks":0,"Local Dirtied Blocks":0,"Local Written Blocks":0,"Temp Read Blocks":0,"Temp Written Blocks":0,"I/O Read Time":0.0,"I/O Write Time":0.0,"Temp I/O Read Time":0.0,"Temp I/O Write Time":0.0,"Plans":[{"Node Type":"Seq Scan","Parent Relationship":"Outer","Parallel Aware":false,"Async Capable":false,"Relation Name":"nation","Schema":"public","Alias":"nation_1","Startup Cost":0.0,"Total Cost":1.62,"Plan Rows":62,"Plan Width":8,"Actual Startup Time":0.003,"Actual Total Time":0.007,"Actual Rows":62,"Actual Loops":1,"Output":["nation_1.n_nationkey","nation_1.n_name","nation_1.n_regionkey","nation_1.n_comment"],"Shared Hit Blocks":1,"Shared Read Blocks":0,"Shared Dirtied Blocks":0,"Shared Written Blocks":0,"Local Hit Blocks":0,"Local Read Blocks":0,"Local Dirtied Blocks":0,"Local Written Blocks":0,"Temp Read Blocks":0,"Temp Written Blocks":0,"I/O Read Time":0.0,"I/O Write Time":0.0,"Temp I/O Read Time":0.0,"Temp I/O Write Time":0.0},{"Node Type":"Hash","Parent Relationship":"Inner","Parallel Aware":false,"Async Capable":false,"Startup Cost":1.06,"Total Cost":1.06,"Plan Rows":1,"Plan Width":4,"Actual Startup Time":0.004,"Actual Total Time":0.004,"Actual Rows":1,"Actual Loops":1,"Output":["region_1.r_regionkey"],"Hash Buckets":1024,"Original Hash Buckets":1024,"Hash Batches":1,"Original Hash Batches":1,"Peak Memory Usage":9,"Shared Hit Blocks":1,"Shared Read Blocks":0,"Shared Dirtied Blocks":0,"Shared Written Blocks":0,"Local Hit Blocks":0,"Local Read Blocks":0,"Local Dirtied Blocks":0,"Local Written Blocks":0,"Temp Read Blocks":0,"Temp Written Blocks":0,"I/O Read Time":0.0,"I/O Write Time":0.0,"Temp I/O Read Time":0.0,"Temp I/O Write Time":0.0,"Plans":[{"Node Type":"Seq Scan","Parent Relationship":"Outer","Parallel Aware":false,"Async Capable":false,"Relation Name":"region","Schema":"public","Alias":"region_1","Startup Cost":0.0,"Total Cost":1.06,"Plan Rows":1,"Plan Width":4,"Actual Startup Time":0.003,"Actual Total Time":0.003,"Actual Rows":1,"Actual Loops":1,"Output":["region_1.r_regionkey"],"Filter":"((region_1.r_name)::text ~~ 'Europ%'::text)","Rows Removed by Filter":4,"Shared Hit Blocks":1,"Shared Read Blocks":0,"Shared Dirtied Blocks":0,"Shared Written Blocks":0,"Local Hit Blocks":0,"Local Read Blocks":0,"Local Dirtied Blocks":0,"Local Written Blocks":0,"Temp Read Blocks":0,"Temp Written Blocks":0,"I/O Read Time":0.0,"I/O Write Time":0.0,"Temp I/O Read Time":0.0,"Temp I/O Write Time":0.0}]}]}]}]}]}]}]}]}]},{"Node Type":"Index Scan","Parent Relationship":"Inner","Parallel Aware":false,"Async Capable":false,"Scan Direction":"Forward","Index Name":"supplier_pk","Relation Name":"supplier","Schema":"public","Alias":"supplier","Startup Cost":0.29,"Total Cost":0.31,"Plan Rows":1,"Plan Width":131,"Actual Startup Time":0.003,"Actual Total Time":0.003,"Actual Rows":1,"Actual Loops":3036,"Output":["supplier.su_suppkey","supplier.su_name","supplier.su_address","supplier.su_nationkey","supplier.su_phone","supplier.su_acctbal","supplier.su_comment"],"Index Cond":"(supplier.su_suppkey = mod((stock.s_w_id * stock.s_i_id), 10000))","Rows Removed by Index Recheck":0,"Shared Hit Blocks":9108,"Shared Read Blocks":0,"Shared Dirtied Blocks":0,"Shared Written Blocks":0,"Local Hit Blocks":0,"Local Read Blocks":0,"Local Dirtied Blocks":0,"Local Written Blocks":0,"Temp Read Blocks":0,"Temp Written Blocks":0,"I/O Read Time":0.0,"I/O Write Time":0.0,"Temp I/O Read Time":0.0,"Temp I/O Write Time":0.0}]},{"Node Type":"Hash","Parent Relationship":"Inner","Parallel Aware":false,"Async Capable":false,"Startup Cost":2.99,"Total Cost":2.99,"Plan Rows":12,"Plan Width":12,"Actual Startup Time":0.039,"Actual Total Time":0.041,"Actual Rows":22,"Actual Loops":1,"Output":["nation.n_name","nation.n_nationkey"],"Hash Buckets":1024,"Original Hash Buckets":1024,"Hash Batches":1,"Original Hash Batches":1,"Peak Memory Usage":9,"Shared Hit Blocks":2,"Shared Read Blocks":0,"Shared Dirtied Blocks":0,"Shared Written Blocks":0,"Local Hit Blocks":0,"Local Read Blocks":0,"Local Dirtied Blocks":0,"Local Written Blocks":0,"Temp Read Blocks":0,"Temp Written Blocks":0,"I/O Read Time":0.0,"I/O Write Time":0.0,"Temp I/O Read Time":0.0,"Temp I/O Write Time":0.0,"Plans":[{"Node Type":"Hash Join","Parent Relationship":"Outer","Parallel Aware":false,"Async Capable":false,"Join Type":"Inner","Startup Cost":1.07,"Total Cost":2.99,"Plan Rows":12,"Plan Width":12,"Actual Startup Time":0.024,"Actual Total Time":0.037,"Actual Rows":22,"Actual Loops":1,"Output":["nation.n_name","nation.n_nationkey"],"Inner Unique":true,"Hash Cond":"(nation.n_regionkey = region.r_regionkey)","Shared Hit Blocks":2,"Shared Read Blocks":0,"Shared Dirtied Blocks":0,"Shared Written Blocks":0,"Local Hit Blocks":0,"Local Read Blocks":0,"Local Dirtied Blocks":0,"Local Written Blocks":0,"Temp Read Blocks":0,"Temp Written Blocks":0,"I/O Read Time":0.0,"I/O Write Time":0.0,"Temp I/O Read Time":0.0,"Temp I/O Write Time":0.0,"Plans":[{"Node Type":"Seq Scan","Parent Relationship":"Outer","Parallel Aware":false,"Async Capable":false,"Relation Name":"nation","Schema":"public","Alias":"nation","Startup Cost":0.0,"Total Cost":1.62,"Plan Rows":62,"Plan Width":16,"Actual Startup Time":0.008,"Actual Total Time":0.012,"Actual Rows":62,"Actual Loops":1,"Output":["nation.n_nationkey","nation.n_name","nation.n_regionkey","nation.n_comment"],"Shared Hit Blocks":1,"Shared Read Blocks":0,"Shared Dirtied Blocks":0,"Shared Written Blocks":0,"Local Hit Blocks":0,"Local Read Blocks":0,"Local Dirtied Blocks":0,"Local Written Blocks":0,"Temp Read Blocks":0,"Temp Written Blocks":0,"I/O Read Time":0.0,"I/O Write Time":0.0,"Temp I/O Read Time":0.0,"Temp I/O Write Time":0.0},{"Node Type":"Hash","Parent Relationship":"Inner","Parallel Aware":false,"Async Capable":false,"Startup Cost":1.06,"Total Cost":1.06,"Plan Rows":1,"Plan Width":4,"Actual Startup Time":0.009,"Actual Total Time":0.009,"Actual Rows":1,"Actual Loops":1,"Output":["region.r_regionkey"],"Hash Buckets":1024,"Original Hash Buckets":1024,"Hash Batches":1,"Original Hash Batches":1,"Peak Memory Usage":9,"Shared Hit Blocks":1,"Shared Read Blocks":0,"Shared Dirtied Blocks":0,"Shared Written Blocks":0,"Local Hit Blocks":0,"Local Read Blocks":0,"Local Dirtied Blocks":0,"Local Written Blocks":0,"Temp Read Blocks":0,"Temp Written Blocks":0,"I/O Read Time":0.0,"I/O Write Time":0.0,"Temp I/O Read Time":0.0,"Temp I/O Write Time":0.0,"Plans":[{"Node Type":"Seq Scan","Parent Relationship":"Outer","Parallel Aware":false,"Async Capable":false,"Relation Name":"region","Schema":"public","Alias":"region","Startup Cost":0.0,"Total Cost":1.06,"Plan Rows":1,"Plan Width":4,"Actual Startup Time":0.007,"Actual Total Time":0.007,"Actual Rows":1,"Actual Loops":1,"Output":["region.r_regionkey"],"Filter":"((region.r_name)::text ~~ 'Europ%'::text)","Rows Removed by Filter":4,"Shared Hit Blocks":1,"Shared Read Blocks":0,"Shared Dirtied Blocks":0,"Shared Written Blocks":0,"Local Hit Blocks":0,"Local Read Blocks":0,"Local Dirtied Blocks":0,"Local Written Blocks":0,"Temp Read Blocks":0,"Temp Written Blocks":0,"I/O Read Time":0.0,"I/O Write Time":0.0,"Temp I/O Read Time":0.0,"Temp I/O Write Time":0.0}]}]}]}]}]},"Planning":{"Shared Hit Blocks":28,"Shared Read Blocks":0,"Shared Dirtied Blocks":0,"Shared Written Blocks":0,"Local Hit Blocks":0,"Local Read Blocks":0,"Local Dirtied Blocks":0,"Local Written Blocks":0,"Temp Read Blocks":0,"Temp Written Blocks":0,"I/O Read Time":0.0,"I/O Write Time":0.0,"Temp I/O Read Time":0.0,"Temp I/O Write Time":0.0},"Planning Time":0.708,"Triggers":[],"Execution Time":6889.799}]
[列存组合]: region
[{"Plan":{"Node Type":"Sort","Parallel Aware":false,"Async Capable":false,"Startup Cost":1277435.01,"Total Cost":1277435.26,"Plan Rows":99,"Plan Width":164,"Actual Startup Time":6910.953,"Actual Total Time":6911.036,"Actual Rows":1900,"Actual Loops":1,"Output":["supplier.su_suppkey","supplier.su_name","nation.n_name","item.i_id","item.i_name","supplier.su_address","supplier.su_phone","supplier.su_comment"],"Sort Key":["nation.n_name","supplier.su_name","item.i_id"],"Sort Method":"quicksort","Sort Space Used":439,"Sort Space Type":"Memory","Shared Hit Blocks":844086,"Shared Read Blocks":0,"Shared Dirtied Blocks":0,"Shared Written Blocks":0,"Local Hit Blocks":0,"Local Read Blocks":0,"Local Dirtied Blocks":0,"Local Written Blocks":0,"Temp Read Blocks":4157,"Temp Written Blocks":7564,"I/O Read Time":0.0,"I/O Write Time":0.0,"Temp I/O Read Time":5.743,"Temp I/O Write Time":25.958,"Plans":[{"Node Type":"Hash Join","Parent Relationship":"Outer","Parallel Aware":false,"Async Capable":false,"Join Type":"Inner","Startup Cost":733797.91,"Total Cost":1277431.73,"Plan Rows":99,"Plan Width":164,"Actual Startup Time":4315.51,"Actual Total Time":6907.16,"Actual Rows":1900,"Actual Loops":1,"Output":["supplier.su_suppkey","supplier.su_name","nation.n_name","item.i_id","item.i_name","supplier.su_address","supplier.su_phone","supplier.su_comment"],"Inner Unique":false,"Hash Cond":"(supplier.su_nationkey = nation.n_nationkey)","Shared Hit Blocks":844086,"Shared Read Blocks":0,"Shared Dirtied Blocks":0,"Shared Written Blocks":0,"Local Hit Blocks":0,"Local Read Blocks":0,"Local Dirtied Blocks":0,"Local Written Blocks":0,"Temp Read Blocks":4157,"Temp Written Blocks":7564,"I/O Read Time":0.0,"I/O Write Time":0.0,"Temp I/O Read Time":5.743,"Temp I/O Write Time":25.958,"Plans":[{"Node Type":"Nested Loop","Parent Relationship":"Outer","Parallel Aware":false,"Async Capable":false,"Join Type":"Inner","Startup Cost":733794.77,"Total Cost":1277425.77,"Plan Rows":496,"Plan Width":160,"Actual Startup Time":4315.466,"Actual Total Time":6906.183,"Actual Rows":3036,"Actual Loops":1,"Output":["item.i_id","item.i_name","supplier.su_suppkey","supplier.su_name","supplier.su_address","supplier.su_phone","supplier.su_comment","supplier.su_nationkey"],"Inner Unique":true,"Shared Hit Blocks":844084,"Shared Read Blocks":0,"Shared Dirtied Blocks":0,"Shared Written Blocks":0,"Local Hit Blocks":0,"Local Read Blocks":0,"Local Dirtied Blocks":0,"Local Written Blocks":0,"Temp Read Blocks":4157,"Temp Written Blocks":7564,"I/O Read Time":0.0,"I/O Write Time":0.0,"Temp I/O Read Time":5.743,"Temp I/O Write Time":25.958,"Plans":[{"Node Type":"Hash Join","Parent Relationship":"Outer","Parallel Aware":false,"Async Capable":false,"Join Type":"Inner","Startup Cost":733794.48,"Total Cost":1277273.2,"Plan Rows":496,"Plan Width":35,"Actual Startup Time":4315.447,"Actual Total Time":6896.134,"Actual Rows":3036,"Actual Loops":1,"Output":["item.i_id","item.i_name","stock.s_i_id","stock.s_w_id"],"Inner Unique":true,"Hash Cond":"((item.i_id = stock_1.s_i_id) AND (stock.s_quantity = (min(stock_1.s_quantity))))","Shared Hit Blocks":834976,"Shared Read Blocks":0,"Shared Dirtied Blocks":0,"Shared Written Blocks":0,"Local Hit Blocks":0,"Local Read Blocks":0,"Local Dirtied Blocks":0,"Local Written Blocks":0,"Temp Read Blocks":4157,"Temp Written Blocks":7564,"I/O Read Time":0.0,"I/O Write Time":0.0,"Temp I/O Read Time":5.743,"Temp I/O Write Time":25.958,"Plans":[{"Node Type":"Hash Join","Parent Relationship":"Outer","Parallel Aware":false,"Async Capable":false,"Join Type":"Inner","Startup Cost":2627.62,"Total Cost":545576.09,"Plan Rows":101001,"Plan Width":37,"Actual Startup Time":13.996,"Actual Total Time":2557.569,"Actual Rows":157200,"Actual Loops":1,"Output":["item.i_id","item.i_name","stock.s_i_id","stock.s_w_id","stock.s_quantity"],"Inner Unique":true,"Hash Cond":"(stock.s_i_id = item.i_id)","Shared Hit Blocks":418061,"Shared Read Blocks":0,"Shared Dirtied Blocks":0,"Shared Written Blocks":0,"Local Hit Blocks":0,"Local Read Blocks":0,"Local Dirtied Blocks":0,"Local Written Blocks":0,"Temp Read Blocks":0,"Temp Written Blocks":0,"I/O Read Time":0.0,"I/O Write Time":0.0,"Temp I/O Read Time":0.0,"Temp I/O Write Time":0.0,"Plans":[{"Node Type":"Seq Scan","Parent Relationship":"Outer","Parallel Aware":false,"Async Capable":false,"Relation Name":"stock","Schema":"public","Alias":"stock","Startup Cost":0.0,"Total Cost":516697.07,"Plan Rows":10000107,"Plan Width":8,"Actual Startup Time":0.004,"Actual Total Time":861.83,"Actual Rows":10000000,"Actual Loops":1,"Output":["stock.s_i_id","stock.s_w_id","stock.s_quantity","stock.s_dist_01","stock.s_dist_02","stock.s_dist_03","stock.s_dist_04","stock.s_dist_05","stock.s_dist_06","stock.s_dist_07","stock.s_dist_08","stock.s_dist_09","stock.s_dist_10","stock.s_ytd","stock.s_order_cnt","stock.s_remote_cnt","stock.s_data"],"Shared Hit Blocks":416696,"Shared Read Blocks":0,"Shared Dirtied Blocks":0,"Shared Written Blocks":0,"Local Hit Blocks":0,"Local Read Blocks":0,"Local Dirtied Blocks":0,"Local Written Blocks":0,"Temp Read Blocks":0,"Temp Written Blocks":0,"I/O Read Time":0.0,"I/O Write Time":0.0,"Temp I/O Read Time":0.0,"Temp I/O Write Time":0.0},{"Node Type":"Hash","Parent Relationship":"Inner","Parallel Aware":false,"Async Capable":false,"Startup Cost":2615.0,"Total Cost":2615.0,"Plan Rows":1010,"Plan Width":29,"Actual Startup Time":13.974,"Actual Total Time":13.975,"Actual Rows":1572,"Actual Loops":1,"Output":["item.i_id","item.i_name"],"Hash Buckets":2048,"Original Hash Buckets":1024,"Hash Batches":1,"Original Hash Batches":1,"Peak Memory Usage":110,"Shared Hit Blocks":1365,"Shared Read Blocks":0,"Shared Dirtied Blocks":0,"Shared Written Blocks":0,"Local Hit Blocks":0,"Local Read Blocks":0,"Local Dirtied Blocks":0,"Local Written Blocks":0,"Temp Read Blocks":0,"Temp Written Blocks":0,"I/O Read Time":0.0,"I/O Write Time":0.0,"Temp I/O Read Time":0.0,"Temp I/O Write Time":0.0,"Plans":[{"Node Type":"Seq Scan","Parent Relationship":"Outer","Parallel Aware":false,"Async Capable":false,"Relation Name":"item","Schema":"public","Alias":"item","Startup Cost":0.0,"Total Cost":2615.0,"Plan Rows":1010,"Plan Width":29,"Actual Startup Time":0.011,"Actual Total Time":13.74,"Actual Rows":1572,"Actual Loops":1,"Output":["item.i_id","item.i_name"],"Filter":"((item.i_data)::text ~~ '%b'::text)","Rows Removed by Filter":98428,"Shared Hit Blocks":1365,"Shared Read Blocks":0,"Shared Dirtied Blocks":0,"Shared Written Blocks":0,"Local Hit Blocks":0,"Local Read Blocks":0,"Local Dirtied Blocks":0,"Local Written Blocks":0,"Temp Read Blocks":0,"Temp Written Blocks":0,"I/O Read Time":0.0,"I/O Write Time":0.0,"Temp I/O Read Time":0.0,"Temp I/O Write Time":0.0}]}]},{"Node Type":"Hash","Parent Relationship":"Inner","Parallel Aware":false,"Async Capable":false,"Startup Cost":729692.33,"Total Cost":729692.33,"Plan Rows":98302,"Plan Width":6,"Actual Startup Time":4300.592,"Actual Total Time":4300.596,"Actual Rows":100000,"Actual Loops":1,"Output":["stock_1.s_i_id","(min(stock_1.s_quantity))"],"Hash Buckets":131072,"Original Hash Buckets":131072,"Hash Batches":1,"Original Hash Batches":1,"Peak Memory Usage":4735,"Shared Hit Blocks":416915,"Shared Read Blocks":0,"Shared Dirtied Blocks":0,"Shared Written Blocks":0,"Local Hit Blocks":0,"Local Read Blocks":0,"Local Dirtied Blocks":0,"Local Written Blocks":0,"Temp Read Blocks":4157,"Temp Written Blocks":7564,"I/O Read Time":0.0,"I/O Write Time":0.0,"Temp I/O Read Time":5.743,"Temp I/O Write Time":25.958,"Plans":[{"Node Type":"Aggregate","Strategy":"Hashed","Partial Mode":"Simple","Parent Relationship":"Outer","Parallel Aware":false,"Async Capable":false,"Startup Cost":712101.12,"Total Cost":728709.31,"Plan Rows":98302,"Plan Width":6,"Actual Startup Time":4119.834,"Actual Total Time":4286.236,"Actual Rows":100000,"Actual Loops":1,"Output":["stock_1.s_i_id","min(stock_1.s_quantity)"],"Group Key":["stock_1.s_i_id"],"Planned Partitions":0,"HashAgg Batches":5,"Peak Memory Usage":8241,"Disk Usage":35680,"Shared Hit Blocks":416915,"Shared Read Blocks":0,"Shared Dirtied Blocks":0,"Shared Written Blocks":0,"Local Hit Blocks":0,"Local Read Blocks":0,"Local Dirtied Blocks":0,"Local Written Blocks":0,"Temp Read Blocks":4157,"Temp Written Blocks":7564,"I/O Read Time":0.0,"I/O Write Time":0.0,"Temp I/O Read Time":5.743,"Temp I/O Write Time":25.958,"Plans":[{"Node Type":"Hash Join","Parent Relationship":"Outer","Parallel Aware":false,"Async Capable":false,"Join Type":"Inner","Startup Cost":401.99,"Total Cost":599599.94,"Plan Rows":2000021,"Plan Width":6,"Actual Startup Time":2.542,"Actual Total Time":3435.466,"Actual Rows":3474600,"Actual Loops":1,"Output":["stock_1.s_i_id","stock_1.s_quantity"],"Inner Unique":false,"Hash Cond":"(mod((stock_1.s_w_id * stock_1.s_i_id), 10000) = supplier_1.su_suppkey)","Shared Hit Blocks":416915,"Shared Read Blocks":0,"Shared Dirtied Blocks":0,"Shared Written Blocks":0,"Local Hit Blocks":0,"Local Read Blocks":0,"Local Dirtied Blocks":0,"Local Written Blocks":0,"Temp Read Blocks":0,"Temp Written Blocks":0,"I/O Read Time":0.0,"I/O Write Time":0.0,"Temp I/O Read Time":0.0,"Temp I/O Write Time":0.0,"Plans":[{"Node Type":"Seq Scan","Parent Relationship":"Outer","Parallel Aware":false,"Async Capable":false,"Relation Name":"stock","Schema":"public","Alias":"stock_1","Startup Cost":0.0,"Total Cost":516697.07,"Plan Rows":10000107,"Plan Width":8,"Actual Startup Time":0.003,"Actual Total Time":936.074,"Actual Rows":10000000,"Actual Loops":1,"Output":["stock_1.s_i_id","stock_1.s_w_id","stock_1.s_quantity","stock_1.s_dist_01","stock_1.s_dist_02","stock_1.s_dist_03","stock_1.s_dist_04","stock_1.s_dist_05","stock_1.s_dist_06","stock_1.s_dist_07","stock_1.s_dist_08","stock_1.s_dist_09","stock_1.s_dist_10","stock_1.s_ytd","stock_1.s_order_cnt","stock_1.s_remote_cnt","stock_1.s_data"],"Shared Hit Blocks":416696,"Shared Read Blocks":0,"Shared Dirtied Blocks":0,"Shared Written Blocks":0,"Local Hit Blocks":0,"Local Read Blocks":0,"Local Dirtied Blocks":0,"Local Written Blocks":0,"Temp Read Blocks":0,"Temp Written Blocks":0,"I/O Read Time":0.0,"I/O Write Time":0.0,"Temp I/O Read Time":0.0,"Temp I/O Write Time":0.0},{"Node Type":"Hash","Parent Relationship":"Inner","Parallel Aware":false,"Async Capable":false,"Startup Cost":376.99,"Total Cost":376.99,"Plan Rows":2000,"Plan Width":4,"Actual Startup Time":2.533,"Actual Total Time":2.536,"Actual Rows":3506,"Actual Loops":1,"Output":["supplier_1.su_suppkey"],"Hash Buckets":4096,"Original Hash Buckets":2048,"Hash Batches":1,"Original Hash Batches":1,"Peak Memory Usage":156,"Shared Hit Blocks":219,"Shared Read Blocks":0,"Shared Dirtied Blocks":0,"Shared Written Blocks":0,"Local Hit Blocks":0,"Local Read Blocks":0,"Local Dirtied Blocks":0,"Local Written Blocks":0,"Temp Read Blocks":0,"Temp Written Blocks":0,"I/O Read Time":0.0,"I/O Write Time":0.0,"Temp I/O Read Time":0.0,"Temp I/O Write Time":0.0,"Plans":[{"Node Type":"Hash Join","Parent Relationship":"Outer","Parallel Aware":false,"Async Capable":false,"Join Type":"Inner","Startup Cost":3.14,"Total Cost":376.99,"Plan Rows":2000,"Plan Width":4,"Actual Startup Time":0.035,"Actual Total Time":2.142,"Actual Rows":3506,"Actual Loops":1,"Output":["supplier_1.su_suppkey"],"Inner Unique":false,"Hash Cond":"(supplier_1.su_nationkey = nation_1.n_nationkey)","Shared Hit Blocks":219,"Shared Read Blocks":0,"Shared Dirtied Blocks":0,"Shared Written Blocks":0,"Local Hit Blocks":0,"Local Read Blocks":0,"Local Dirtied Blocks":0,"Local Written Blocks":0,"Temp Read Blocks":0,"Temp Written Blocks":0,"I/O Read Time":0.0,"I/O Write Time":0.0,"Temp I/O Read Time":0.0,"Temp I/O Write Time":0.0,"Plans":[{"Node Type":"Seq Scan","Parent Relationship":"Outer","Parallel Aware":false,"Async Capable":false,"Relation Name":"supplier","Schema":"public","Alias":"supplier_1","Startup Cost":0.0,"Total Cost":317.0,"Plan Rows":10000,"Plan Width":8,"Actual Startup Time":0.003,"Actual Total Time":0.735,"Actual Rows":10000,"Actual Loops":1,"Output":["supplier_1.su_suppkey","supplier_1.su_name","supplier_1.su_address","supplier_1.su_nationkey","supplier_1.su_phone","supplier_1.su_acctbal","supplier_1.su_comment"],"Shared Hit Blocks":217,"Shared Read Blocks":0,"Shared Dirtied Blocks":0,"Shared Written Blocks":0,"Local Hit Blocks":0,"Local Read Blocks":0,"Local Dirtied Blocks":0,"Local Written Blocks":0,"Temp Read Blocks":0,"Temp Written Blocks":0,"I/O Read Time":0.0,"I/O Write Time":0.0,"Temp I/O Read Time":0.0,"Temp I/O Write Time":0.0},{"Node Type":"Hash","Parent Relationship":"Inner","Parallel Aware":false,"Async Capable":false,"Startup Cost":2.99,"Total Cost":2.99,"Plan Rows":12,"Plan Width":4,"Actual Startup Time":0.029,"Actual Total Time":0.031,"Actual Rows":22,"Actual Loops":1,"Output":["nation_1.n_nationkey"],"Hash Buckets":1024,"Original Hash Buckets":1024,"Hash Batches":1,"Original Hash Batches":1,"Peak Memory Usage":9,"Shared Hit Blocks":2,"Shared Read Blocks":0,"Shared Dirtied Blocks":0,"Shared Written Blocks":0,"Local Hit Blocks":0,"Local Read Blocks":0,"Local Dirtied Blocks":0,"Local Written Blocks":0,"Temp Read Blocks":0,"Temp Written Blocks":0,"I/O Read Time":0.0,"I/O Write Time":0.0,"Temp I/O Read Time":0.0,"Temp I/O Write Time":0.0,"Plans":[{"Node Type":"Hash Join","Parent Relationship":"Outer","Parallel Aware":false,"Async Capable":false,"Join Type":"Inner","Startup Cost":1.07,"Total Cost":2.99,"Plan Rows":12,"Plan Width":4,"Actual Startup Time":0.016,"Actual Total Time":0.028,"Actual Rows":22,"Actual Loops":1,"Output":["nation_1.n_nationkey"],"Inner Unique":true,"Hash Cond":"(nation_1.n_regionkey = region_1.r_regionkey)","Shared Hit Blocks":2,"Shared Read Blocks":0,"Shared Dirtied Blocks":0,"Shared Written Blocks":0,"Local Hit Blocks":0,"Local Read Blocks":0,"Local Dirtied Blocks":0,"Local Written Blocks":0,"Temp Read Blocks":0,"Temp Written Blocks":0,"I/O Read Time":0.0,"I/O Write Time":0.0,"Temp I/O Read Time":0.0,"Temp I/O Write Time":0.0,"Plans":[{"Node Type":"Seq Scan","Parent Relationship":"Outer","Parallel Aware":false,"Async Capable":false,"Relation Name":"nation","Schema":"public","Alias":"nation_1","Startup Cost":0.0,"Total Cost":1.62,"Plan Rows":62,"Plan Width":8,"Actual Startup Time":0.004,"Actual Total Time":0.008,"Actual Rows":62,"Actual Loops":1,"Output":["nation_1.n_nationkey","nation_1.n_name","nation_1.n_regionkey","nation_1.n_comment"],"Shared Hit Blocks":1,"Shared Read Blocks":0,"Shared Dirtied Blocks":0,"Shared Written Blocks":0,"Local Hit Blocks":0,"Local Read Blocks":0,"Local Dirtied Blocks":0,"Local Written Blocks":0,"Temp Read Blocks":0,"Temp Written Blocks":0,"I/O Read Time":0.0,"I/O Write Time":0.0,"Temp I/O Read Time":0.0,"Temp I/O Write Time":0.0},{"Node Type":"Hash","Parent Relationship":"Inner","Parallel Aware":false,"Async Capable":false,"Startup Cost":1.06,"Total Cost":1.06,"Plan Rows":1,"Plan Width":4,"Actual Startup Time":0.004,"Actual Total Time":0.005,"Actual Rows":1,"Actual Loops":1,"Output":["region_1.r_regionkey"],"Hash Buckets":1024,"Original Hash Buckets":1024,"Hash Batches":1,"Original Hash Batches":1,"Peak Memory Usage":9,"Shared Hit Blocks":1,"Shared Read Blocks":0,"Shared Dirtied Blocks":0,"Shared Written Blocks":0,"Local Hit Blocks":0,"Local Read Blocks":0,"Local Dirtied Blocks":0,"Local Written Blocks":0,"Temp Read Blocks":0,"Temp Written Blocks":0,"I/O Read Time":0.0,"I/O Write Time":0.0,"Temp I/O Read Time":0.0,"Temp I/O Write Time":0.0,"Plans":[{"Node Type":"Seq Scan","Parent Relationship":"Outer","Parallel Aware":false,"Async Capable":false,"Relation Name":"region","Schema":"public","Alias":"region_1","Startup Cost":0.0,"Total Cost":1.06,"Plan Rows":1,"Plan Width":4,"Actual Startup Time":0.003,"Actual Total Time":0.003,"Actual Rows":1,"Actual Loops":1,"Output":["region_1.r_regionkey"],"Filter":"((region_1.r_name)::text ~~ 'Europ%'::text)","Rows Removed by Filter":4,"Shared Hit Blocks":1,"Shared Read Blocks":0,"Shared Dirtied Blocks":0,"Shared Written Blocks":0,"Local Hit Blocks":0,"Local Read Blocks":0,"Local Dirtied Blocks":0,"Local Written Blocks":0,"Temp Read Blocks":0,"Temp Written Blocks":0,"I/O Read Time":0.0,"I/O Write Time":0.0,"Temp I/O Read Time":0.0,"Temp I/O Write Time":0.0}]}]}]}]}]}]}]}]}]},{"Node Type":"Index Scan","Parent Relationship":"Inner","Parallel Aware":false,"Async Capable":false,"Scan Direction":"Forward","Index Name":"supplier_pk","Relation Name":"supplier","Schema":"public","Alias":"supplier","Startup Cost":0.29,"Total Cost":0.31,"Plan Rows":1,"Plan Width":131,"Actual Startup Time":0.003,"Actual Total Time":0.003,"Actual Rows":1,"Actual Loops":3036,"Output":["supplier.su_suppkey","supplier.su_name","supplier.su_address","supplier.su_nationkey","supplier.su_phone","supplier.su_acctbal","supplier.su_comment"],"Index Cond":"(supplier.su_suppkey = mod((stock.s_w_id * stock.s_i_id), 10000))","Rows Removed by Index Recheck":0,"Shared Hit Blocks":9108,"Shared Read Blocks":0,"Shared Dirtied Blocks":0,"Shared Written Blocks":0,"Local Hit Blocks":0,"Local Read Blocks":0,"Local Dirtied Blocks":0,"Local Written Blocks":0,"Temp Read Blocks":0,"Temp Written Blocks":0,"I/O Read Time":0.0,"I/O Write Time":0.0,"Temp I/O Read Time":0.0,"Temp I/O Write Time":0.0}]},{"Node Type":"Hash","Parent Relationship":"Inner","Parallel Aware":false,"Async Capable":false,"Startup Cost":2.99,"Total Cost":2.99,"Plan Rows":12,"Plan Width":12,"Actual Startup Time":0.037,"Actual Total Time":0.039,"Actual Rows":22,"Actual Loops":1,"Output":["nation.n_name","nation.n_nationkey"],"Hash Buckets":1024,"Original Hash Buckets":1024,"Hash Batches":1,"Original Hash Batches":1,"Peak Memory Usage":9,"Shared Hit Blocks":2,"Shared Read Blocks":0,"Shared Dirtied Blocks":0,"Shared Written Blocks":0,"Local Hit Blocks":0,"Local Read Blocks":0,"Local Dirtied Blocks":0,"Local Written Blocks":0,"Temp Read Blocks":0,"Temp Written Blocks":0,"I/O Read Time":0.0,"I/O Write Time":0.0,"Temp I/O Read Time":0.0,"Temp I/O Write Time":0.0,"Plans":[{"Node Type":"Hash Join","Parent Relationship":"Outer","Parallel Aware":false,"Async Capable":false,"Join Type":"Inner","Startup Cost":1.07,"Total Cost":2.99,"Plan Rows":12,"Plan Width":12,"Actual Startup Time":0.022,"Actual Total Time":0.034,"Actual Rows":22,"Actual Loops":1,"Output":["nation.n_name","nation.n_nationkey"],"Inner Unique":true,"Hash Cond":"(nation.n_regionkey = region.r_regionkey)","Shared Hit Blocks":2,"Shared Read Blocks":0,"Shared Dirtied Blocks":0,"Shared Written Blocks":0,"Local Hit Blocks":0,"Local Read Blocks":0,"Local Dirtied Blocks":0,"Local Written Blocks":0,"Temp Read Blocks":0,"Temp Written Blocks":0,"I/O Read Time":0.0,"I/O Write Time":0.0,"Temp I/O Read Time":0.0,"Temp I/O Write Time":0.0,"Plans":[{"Node Type":"Seq Scan","Parent Relationship":"Outer","Parallel Aware":false,"Async Capable":false,"Relation Name":"nation","Schema":"public","Alias":"nation","Startup Cost":0.0,"Total Cost":1.62,"Plan Rows":62,"Plan Width":16,"Actual Startup Time":0.008,"Actual Total Time":0.012,"Actual Rows":62,"Actual Loops":1,"Output":["nation.n_nationkey","nation.n_name","nation.n_regionkey","nation.n_comment"],"Shared Hit Blocks":1,"Shared Read Blocks":0,"Shared Dirtied Blocks":0,"Shared Written Blocks":0,"Local Hit Blocks":0,"Local Read Blocks":0,"Local Dirtied Blocks":0,"Local Written Blocks":0,"Temp Read Blocks":0,"Temp Written Blocks":0,"I/O Read Time":0.0,"I/O Write Time":0.0,"Temp I/O Read Time":0.0,"Temp I/O Write Time":0.0},{"Node Type":"Hash","Parent Relationship":"Inner","Parallel Aware":false,"Async Capable":false,"Startup Cost":1.06,"Total Cost":1.06,"Plan Rows":1,"Plan Width":4,"Actual Startup Time":0.01,"Actual Total Time":0.01,"Actual Rows":1,"Actual Loops":1,"Output":["region.r_regionkey"],"Hash Buckets":1024,"Original Hash Buckets":1024,"Hash Batches":1,"Original Hash Batches":1,"Peak Memory Usage":9,"Shared Hit Blocks":1,"Shared Read Blocks":0,"Shared Dirtied Blocks":0,"Shared Written Blocks":0,"Local Hit Blocks":0,"Local Read Blocks":0,"Local Dirtied Blocks":0,"Local Written Blocks":0,"Temp Read Blocks":0,"Temp Written Blocks":0,"I/O Read Time":0.0,"I/O Write Time":0.0,"Temp I/O Read Time":0.0,"Temp I/O Write Time":0.0,"Plans":[{"Node Type":"Seq Scan","Parent Relationship":"Outer","Parallel Aware":false,"Async Capable":false,"Relation Name":"region","Schema":"public","Alias":"region","Startup Cost":0.0,"Total Cost":1.06,"Plan Rows":1,"Plan Width":4,"Actual Startup Time":0.007,"Actual Total Time":0.007,"Actual Rows":1,"Actual Loops":1,"Output":["region.r_regionkey"],"Filter":"((region.r_name)::text ~~ 'Europ%'::text)","Rows Removed by Filter":4,"Shared Hit Blocks":1,"Shared Read Blocks":0,"Shared Dirtied Blocks":0,"Shared Written Blocks":0,"Local Hit Blocks":0,"Local Read Blocks":0,"Local Dirtied Blocks":0,"Local Written Blocks":0,"Temp Read Blocks":0,"Temp Written Blocks":0,"I/O Read Time":0.0,"I/O Write Time":0.0,"Temp I/O Read Time":0.0,"Temp I/O Write Time":0.0}]}]}]}]}]},"Planning":{"Shared Hit Blocks":28,"Shared Read Blocks":0,"Shared Dirtied Blocks":0,"Shared Written Blocks":0,"Local Hit Blocks":0,"Local Read Blocks":0,"Local Dirtied Blocks":0,"Local Written Blocks":0,"Temp Read Blocks":0,"Temp Written Blocks":0,"I/O Read Time":0.0,"I/O Write Time":0.0,"Temp I/O Read Time":0.0,"Temp I/O Write Time":0.0},"Planning Time":0.712,"Triggers":[],"Execution Time":6917.088}]
[列存组合]: stock
[{"Plan":{"Node Type":"Sort","Parallel Aware":false,"Async Capable":false,"Startup Cost":966329.48,"Total Cost":966329.97,"Plan Rows":198,"Plan Width":164,"Actual Startup Time":4795.084,"Actual Total Time":4795.168,"Actual Rows":1900,"Actual Loops":1,"Output":["supplier.su_suppkey","supplier.su_name","nation.n_name","item.i_id","item.i_name","supplier.su_address","supplier.su_phone","supplier.su_comment"],"Sort Key":["nation.n_name","supplier.su_name","item.i_id"],"Sort Method":"quicksort","Sort Space Used":439,"Sort Space Type":"Memory","Shared Hit Blocks":10694,"Shared Read Blocks":0,"Shared Dirtied Blocks":0,"Shared Written Blocks":0,"Local Hit Blocks":0,"Local Read Blocks":0,"Local Dirtied Blocks":0,"Local Written Blocks":0,"Temp Read Blocks":4157,"Temp Written Blocks":7564,"I/O Read Time":0.0,"I/O Write Time":0.0,"Temp I/O Read Time":6.112,"Temp I/O Write Time":25.16,"Plans":[{"Node Type":"Hash Join","Parent Relationship":"Outer","Parallel Aware":false,"Async Capable":false,"Join Type":"Inner","Startup Cost":432153.4,"Total Cost":966321.93,"Plan Rows":198,"Plan Width":164,"Actual Startup Time":4409.012,"Actual Total Time":4791.44,"Actual Rows":1900,"Actual Loops":1,"Output":["supplier.su_suppkey","supplier.su_name","nation.n_name","item.i_id","item.i_name","supplier.su_address","supplier.su_phone","supplier.su_comment"],"Inner Unique":false,"Hash Cond":"(supplier.su_nationkey = nation.n_nationkey)","Shared Hit Blocks":10694,"Shared Read Blocks":0,"Shared Dirtied Blocks":0,"Shared Written Blocks":0,"Local Hit Blocks":0,"Local Read Blocks":0,"Local Dirtied Blocks":0,"Local Written Blocks":0,"Temp Read Blocks":4157,"Temp Written Blocks":7564,"I/O Read Time":0.0,"I/O Write Time":0.0,"Temp I/O Read Time":6.112,"Temp I/O Write Time":25.16,"Plans":[{"Node Type":"Nested Loop","Parent Relationship":"Outer","Parallel Aware":false,"Async Capable":false,"Join Type":"Inner","Startup Cost":432150.26,"Total Cost":966313.15,"Plan Rows":991,"Plan Width":160,"Actual Startup Time":4408.92,"Actual Total Time":4790.694,"Actual Rows":3036,"Actual Loops":1,"Output":["item.i_id","item.i_name","supplier.su_suppkey","supplier.su_name","supplier.su_address","supplier.su_phone","supplier.su_comment","supplier.su_nationkey"],"Inner Unique":true,"Shared Hit Blocks":10692,"Shared Read Blocks":0,"Shared Dirtied Blocks":0,"Shared Written Blocks":0,"Local Hit Blocks":0,"Local Read Blocks":0,"Local Dirtied Blocks":0,"Local Written Blocks":0,"Temp Read Blocks":4157,"Temp Written Blocks":7564,"I/O Read Time":0.0,"I/O Write Time":0.0,"Temp I/O Read Time":6.112,"Temp I/O Write Time":25.16,"Plans":[{"Node Type":"Hash Join","Parent Relationship":"Outer","Parallel Aware":false,"Async Capable":false,"Join Type":"Inner","Startup Cost":432149.97,"Total Cost":966008.32,"Plan Rows":991,"Plan Width":35,"Actual Startup Time":4408.885,"Actual Total Time":4783.428,"Actual Rows":3036,"Actual Loops":1,"Output":["item.i_id","item.i_name","stock.s_i_id","stock.s_w_id"],"Inner Unique":true,"Hash Cond":"((item.i_id = stock_1.s_i_id) AND (stock.s_quantity = (min(stock_1.s_quantity))))","Shared Hit Blocks":1584,"Shared Read Blocks":0,"Shared Dirtied Blocks":0,"Shared Written Blocks":0,"Local Hit Blocks":0,"Local Read Blocks":0,"Local Dirtied Blocks":0,"Local Written Blocks":0,"Temp Read Blocks":4157,"Temp Written Blocks":7564,"I/O Read Time":0.0,"I/O Write Time":0.0,"Temp I/O Read Time":6.112,"Temp I/O Write Time":25.16,"Plans":[{"Node Type":"Hash Join","Parent Relationship":"Outer","Parallel Aware":false,"Async Capable":false,"Join Type":"Inner","Startup Cost":2660.25,"Total Cost":535458.08,"Plan Rows":202003,"Plan Width":37,"Actual Startup Time":17.283,"Actual Total Time":367.278,"Actual Rows":157200,"Actual Loops":1,"Output":["item.i_id","item.i_name","stock.s_i_id","stock.s_w_id","stock.s_quantity"],"Inner Unique":true,"Hash Cond":"(stock.s_i_id = item.i_id)","Shared Hit Blocks":1365,"Shared Read Blocks":0,"Shared Dirtied Blocks":0,"Shared Written Blocks":0,"Local Hit Blocks":0,"Local Read Blocks":0,"Local Dirtied Blocks":0,"Local Written Blocks":0,"Temp Read Blocks":0,"Temp Written Blocks":0,"I/O Read Time":0.0,"I/O Write Time":0.0,"Temp I/O Read Time":0.0,"Temp I/O Write Time":0.0,"Plans":[{"Node Type":"Append","Parent Relationship":"Outer","Parallel Aware":false,"Async Capable":false,"Startup Cost":20.0,"Total Cost":506566.29,"Plan Rows":10000162,"Plan Width":8,"Actual Startup Time":1.217,"Actual Total Time":321.243,"Actual Rows":157200,"Actual Loops":1,"Shared Hit Blocks":0,"Shared Read Blocks":0,"Shared Dirtied Blocks":0,"Shared Written Blocks":0,"Local Hit Blocks":0,"Local Read Blocks":0,"Local Dirtied Blocks":0,"Local Written Blocks":0,"Temp Read Blocks":0,"Temp Written Blocks":0,"I/O Read Time":0.0,"I/O Write Time":0.0,"Temp I/O Read Time":0.0,"Temp I/O Write Time":0.0,"Subplans Removed":0,"Plans":[{"Node Type":"Custom Scan","Parent Relationship":"Member","Custom Plan Provider":"columnar scan","Parallel Aware":false,"Async Capable":false,"Relation Name":"stock","Schema":"public","Alias":"stock","Startup Cost":20.0,"Total Cost":215020.05,"Plan Rows":10000000,"Plan Width":8,"Actual Startup Time":1.215,"Actual Total Time":310.465,"Actual Rows":157200,"Actual Loops":1,"Output":["stock.s_i_id","stock.s_w_id","stock.s_quantity"],"Rows Removed by Columnar Filter":9842800,"Rows Filtered by Bloom Filter":0,"Dictionary Rows Filtered by Bloom Filter":9842800,"Columnar cache search mode":"native","Shared Hit Blocks":0,"Shared Read Blocks":0,"Shared Dirtied Blocks":0,"Shared Written Blocks":0,"Local Hit Blocks":0,"Local Read Blocks":0,"Local Dirtied Blocks":0,"Local Written Blocks":0,"Temp Read Blocks":0,"Temp Written Blocks":0,"I/O Read Time":0.0,"I/O Write Time":0.0,"Temp I/O Read Time":0.0,"Temp I/O Write Time":0.0},{"Node Type":"Seq Scan","Parent Relationship":"Member","Parallel Aware":false,"Async Capable":false,"Relation Name":"stock","Schema":"public","Alias":"stock","Startup Cost":0.0,"Total Cost":5.62,"Plan Rows":162,"Plan Width":8,"Actual Startup Time":0.0,"Actual Total Time":0.0,"Actual Rows":0,"Actual Loops":0,"Output":["stock.s_i_id","stock.s_w_id","stock.s_quantity"],"Shared Hit Blocks":0,"Shared Read Blocks":0,"Shared Dirtied Blocks":0,"Shared Written Blocks":0,"Local Hit Blocks":0,"Local Read Blocks":0,"Local Dirtied Blocks":0,"Local Written Blocks":0,"Temp Read Blocks":0,"Temp Written Blocks":0,"I/O Read Time":0.0,"I/O Write Time":0.0,"Temp I/O Read Time":0.0,"Temp I/O Write Time":0.0}]},{"Node Type":"Hash","Parent Relationship":"Inner","Parallel Aware":false,"Async Capable":false,"Startup Cost":2615.0,"Total Cost":2615.0,"Plan Rows":2020,"Plan Width":29,"Actual Startup Time":15.049,"Actual Total Time":15.05,"Actual Rows":1572,"Actual Loops":1,"Output":["item.i_id","item.i_name"],"Hash Buckets":2048,"Original Hash Buckets":2048,"Hash Batches":1,"Original Hash Batches":1,"Peak Memory Usage":110,"Shared Hit Blocks":1365,"Shared Read Blocks":0,"Shared Dirtied Blocks":0,"Shared Written Blocks":0,"Local Hit Blocks":0,"Local Read Blocks":0,"Local Dirtied Blocks":0,"Local Written Blocks":0,"Temp Read Blocks":0,"Temp Written Blocks":0,"I/O Read Time":0.0,"I/O Write Time":0.0,"Temp I/O Read Time":0.0,"Temp I/O Write Time":0.0,"Plans":[{"Node Type":"Seq Scan","Parent Relationship":"Outer","Parallel Aware":false,"Async Capable":false,"Relation Name":"item","Schema":"public","Alias":"item","Startup Cost":0.0,"Total Cost":2615.0,"Plan Rows":2020,"Plan Width":29,"Actual Startup Time":0.014,"Actual Total Time":14.496,"Actual Rows":1572,"Actual Loops":1,"Output":["item.i_id","item.i_name"],"Filter":"((item.i_data)::text ~~ '%b'::text)","Rows Removed by Filter":98428,"Shared Hit Blocks":1365,"Shared Read Blocks":0,"Shared Dirtied Blocks":0,"Shared Written Blocks":0,"Local Hit Blocks":0,"Local Read Blocks":0,"Local Dirtied Blocks":0,"Local Written Blocks":0,"Temp Read Blocks":0,"Temp Written Blocks":0,"I/O Read Time":0.0,"I/O Write Time":0.0,"Temp I/O Read Time":0.0,"Temp I/O Write Time":0.0}]}]},{"Node Type":"Hash","Parent Relationship":"Inner","Parallel Aware":false,"Async Capable":false,"Startup Cost":428018.14,"Total Cost":428018.14,"Plan Rows":98105,"Plan Width":6,"Actual Startup Time":4390.579,"Actual Total Time":4390.584,"Actual Rows":100000,"Actual Loops":1,"Output":["stock_1.s_i_id","(min(stock_1.s_quantity))"],"Hash Buckets":131072,"Original Hash Buckets":131072,"Hash Batches":1,"Original Hash Batches":1,"Peak Memory Usage":4735,"Shared Hit Blocks":219,"Shared Read Blocks":0,"Shared Dirtied Blocks":0,"Shared Written Blocks":0,"Local Hit Blocks":0,"Local Read Blocks":0,"Local Dirtied Blocks":0,"Local Written Blocks":0,"Temp Read Blocks":4157,"Temp Written Blocks":7564,"I/O Read Time":0.0,"I/O Write Time":0.0,"Temp I/O Read Time":6.112,"Temp I/O Write Time":25.16,"Plans":[{"Node Type":"Aggregate","Strategy":"Hashed","Partial Mode":"Simple","Parent Relationship":"Outer","Parallel Aware":false,"Async Capable":false,"Startup Cost":410430.79,"Total Cost":427037.09,"Plan Rows":98105,"Plan Width":6,"Actual Startup Time":4202.009,"Actual Total Time":4372.482,"Actual Rows":100000,"Actual Loops":1,"Output":["stock_1.s_i_id","min(stock_1.s_quantity)"],"Group Key":["stock_1.s_i_id"],"Planned Partitions":0,"HashAgg Batches":5,"Peak Memory Usage":8241,"Disk Usage":35680,"Shared Hit Blocks":219,"Shared Read Blocks":0,"Shared Dirtied Blocks":0,"Shared Written Blocks":0,"Local Hit Blocks":0,"Local Read Blocks":0,"Local Dirtied Blocks":0,"Local Written Blocks":0,"Temp Read Blocks":4157,"Temp Written Blocks":7564,"I/O Read Time":0.0,"I/O Write Time":0.0,"Temp I/O Read Time":6.112,"Temp I/O Write Time":25.16,"Plans":[{"Node Type":"Hash Join","Parent Relationship":"Outer","Parallel Aware":false,"Async Capable":false,"Join Type":"Inner","Startup Cost":421.99,"Total Cost":297928.99,"Plan Rows":2000032,"Plan Width":6,"Actual Startup Time":2.861,"Actual Total Time":3542.64,"Actual Rows":3474600,"Actual Loops":1,"Output":["stock_1.s_i_id","stock_1.s_quantity"],"Inner Unique":false,"Hash Cond":"(mod((stock_1.s_w_id * stock_1.s_i_id), 10000) = supplier_1.su_suppkey)","Shared Hit Blocks":219,"Shared Read Blocks":0,"Shared Dirtied Blocks":0,"Shared Written Blocks":0,"Local Hit Blocks":0,"Local Read Blocks":0,"Local Dirtied Blocks":0,"Local Written Blocks":0,"Temp Read Blocks":0,"Temp Written Blocks":0,"I/O Read Time":0.0,"I/O Write Time":0.0,"Temp I/O Read Time":0.0,"Temp I/O Write Time":0.0,"Plans":[{"Node Type":"Append","Parent Relationship":"Outer","Parallel Aware":false,"Async Capable":false,"Startup Cost":20.0,"Total Cost":215025.67,"Plan Rows":10000162,"Plan Width":8,"Actual Startup Time":0.008,"Actual Total Time":2081.421,"Actual Rows":10000000,"Actual Loops":1,"Shared Hit Blocks":0,"Shared Read Blocks":0,"Shared Dirtied Blocks":0,"Shared Written Blocks":0,"Local Hit Blocks":0,"Local Read Blocks":0,"Local Dirtied Blocks":0,"Local Written Blocks":0,"Temp Read Blocks":0,"Temp Written Blocks":0,"I/O Read Time":0.0,"I/O Write Time":0.0,"Temp I/O Read Time":0.0,"Temp I/O Write Time":0.0,"Subplans Removed":0,"Plans":[{"Node Type":"Custom Scan","Parent Relationship":"Member","Custom Plan Provider":"columnar scan","Parallel Aware":false,"Async Capable":false,"Relation Name":"stock","Schema":"public","Alias":"stock_1","Startup Cost":20.0,"Total Cost":215020.05,"Plan Rows":10000000,"Plan Width":8,"Actual Startup Time":0.008,"Actual Total Time":1385.965,"Actual Rows":10000000,"Actual Loops":1,"Output":["stock_1.s_i_id","stock_1.s_quantity","stock_1.s_w_id"],"Rows Removed by Columnar Filter":0,"Columnar cache search mode":"native","Shared Hit Blocks":0,"Shared Read Blocks":0,"Shared Dirtied Blocks":0,"Shared Written Blocks":0,"Local Hit Blocks":0,"Local Read Blocks":0,"Local Dirtied Blocks":0,"Local Written Blocks":0,"Temp Read Blocks":0,"Temp Written Blocks":0,"I/O Read Time":0.0,"I/O Write Time":0.0,"Temp I/O Read Time":0.0,"Temp I/O Write Time":0.0},{"Node Type":"Seq Scan","Parent Relationship":"Member","Parallel Aware":false,"Async Capable":false,"Relation Name":"stock","Schema":"public","Alias":"stock_1","Startup Cost":0.0,"Total Cost":5.62,"Plan Rows":162,"Plan Width":8,"Actual Startup Time":0.0,"Actual Total Time":0.0,"Actual Rows":0,"Actual Loops":0,"Output":["stock_1.s_i_id","stock_1.s_quantity","stock_1.s_w_id"],"Shared Hit Blocks":0,"Shared Read Blocks":0,"Shared Dirtied Blocks":0,"Shared Written Blocks":0,"Local Hit Blocks":0,"Local Read Blocks":0,"Local Dirtied Blocks":0,"Local Written Blocks":0,"Temp Read Blocks":0,"Temp Written Blocks":0,"I/O Read Time":0.0,"I/O Write Time":0.0,"Temp I/O Read Time":0.0,"Temp I/O Write Time":0.0}]},{"Node Type":"Hash","Parent Relationship":"Inner","Parallel Aware":false,"Async Capable":false,"Startup Cost":376.99,"Total Cost":376.99,"Plan Rows":2000,"Plan Width":4,"Actual Startup Time":2.825,"Actual Total Time":2.828,"Actual Rows":3506,"Actual Loops":1,"Output":["supplier_1.su_suppkey"],"Hash Buckets":4096,"Original Hash Buckets":2048,"Hash Batches":1,"Original Hash Batches":1,"Peak Memory Usage":156,"Shared Hit Blocks":219,"Shared Read Blocks":0,"Shared Dirtied Blocks":0,"Shared Written Blocks":0,"Local Hit Blocks":0,"Local Read Blocks":0,"Local Dirtied Blocks":0,"Local Written Blocks":0,"Temp Read Blocks":0,"Temp Written Blocks":0,"I/O Read Time":0.0,"I/O Write Time":0.0,"Temp I/O Read Time":0.0,"Temp I/O Write Time":0.0,"Plans":[{"Node Type":"Hash Join","Parent Relationship":"Outer","Parallel Aware":false,"Async Capable":false,"Join Type":"Inner","Startup Cost":3.14,"Total Cost":376.99,"Plan Rows":2000,"Plan Width":4,"Actual Startup Time":0.086,"Actual Total Time":2.262,"Actual Rows":3506,"Actual Loops":1,"Output":["supplier_1.su_suppkey"],"Inner Unique":false,"Hash Cond":"(supplier_1.su_nationkey = nation_1.n_nationkey)","Shared Hit Blocks":219,"Shared Read Blocks":0,"Shared Dirtied Blocks":0,"Shared Written Blocks":0,"Local Hit Blocks":0,"Local Read Blocks":0,"Local Dirtied Blocks":0,"Local Written Blocks":0,"Temp Read Blocks":0,"Temp Written Blocks":0,"I/O Read Time":0.0,"I/O Write Time":0.0,"Temp I/O Read Time":0.0,"Temp I/O Write Time":0.0,"Plans":[{"Node Type":"Seq Scan","Parent Relationship":"Outer","Parallel Aware":false,"Async Capable":false,"Relation Name":"supplier","Schema":"public","Alias":"supplier_1","Startup Cost":0.0,"Total Cost":317.0,"Plan Rows":10000,"Plan Width":8,"Actual Startup Time":0.005,"Actual Total Time":0.822,"Actual Rows":10000,"Actual Loops":1,"Output":["supplier_1.su_suppkey","supplier_1.su_name","supplier_1.su_address","supplier_1.su_nationkey","supplier_1.su_phone","supplier_1.su_acctbal","supplier_1.su_comment"],"Shared Hit Blocks":217,"Shared Read Blocks":0,"Shared Dirtied Blocks":0,"Shared Written Blocks":0,"Local Hit Blocks":0,"Local Read Blocks":0,"Local Dirtied Blocks":0,"Local Written Blocks":0,"Temp Read Blocks":0,"Temp Written Blocks":0,"I/O Read Time":0.0,"I/O Write Time":0.0,"Temp I/O Read Time":0.0,"Temp I/O Write Time":0.0},{"Node Type":"Hash","Parent Relationship":"Inner","Parallel Aware":false,"Async Capable":false,"Startup Cost":2.99,"Total Cost":2.99,"Plan Rows":12,"Plan Width":4,"Actual Startup Time":0.058,"Actual Total Time":0.061,"Actual Rows":22,"Actual Loops":1,"Output":["nation_1.n_nationkey"],"Hash Buckets":1024,"Original Hash Buckets":1024,"Hash Batches":1,"Original Hash Batches":1,"Peak Memory Usage":9,"Shared Hit Blocks":2,"Shared Read Blocks":0,"Shared Dirtied Blocks":0,"Shared Written Blocks":0,"Local Hit Blocks":0,"Local Read Blocks":0,"Local Dirtied Blocks":0,"Local Written Blocks":0,"Temp Read Blocks":0,"Temp Written Blocks":0,"I/O Read Time":0.0,"I/O Write Time":0.0,"Temp I/O Read Time":0.0,"Temp I/O Write Time":0.0,"Plans":[{"Node Type":"Hash Join","Parent Relationship":"Outer","Parallel Aware":false,"Async Capable":false,"Join Type":"Inner","Startup Cost":1.07,"Total Cost":2.99,"Plan Rows":12,"Plan Width":4,"Actual Startup Time":0.04,"Actual Total Time":0.053,"Actual Rows":22,"Actual Loops":1,"Output":["nation_1.n_nationkey"],"Inner Unique":true,"Hash Cond":"(nation_1.n_regionkey = region_1.r_regionkey)","Shared Hit Blocks":2,"Shared Read Blocks":0,"Shared Dirtied Blocks":0,"Shared Written Blocks":0,"Local Hit Blocks":0,"Local Read Blocks":0,"Local Dirtied Blocks":0,"Local Written Blocks":0,"Temp Read Blocks":0,"Temp Written Blocks":0,"I/O Read Time":0.0,"I/O Write Time":0.0,"Temp I/O Read Time":0.0,"Temp I/O Write Time":0.0,"Plans":[{"Node Type":"Seq Scan","Parent Relationship":"Outer","Parallel Aware":false,"Async Capable":false,"Relation Name":"nation","Schema":"public","Alias":"nation_1","Startup Cost":0.0,"Total Cost":1.62,"Plan Rows":62,"Plan Width":8,"Actual Startup Time":0.006,"Actual Total Time":0.01,"Actual Rows":62,"Actual Loops":1,"Output":["nation_1.n_nationkey","nation_1.n_name","nation_1.n_regionkey","nation_1.n_comment"],"Shared Hit Blocks":1,"Shared Read Blocks":0,"Shared Dirtied Blocks":0,"Shared Written Blocks":0,"Local Hit Blocks":0,"Local Read Blocks":0,"Local Dirtied Blocks":0,"Local Written Blocks":0,"Temp Read Blocks":0,"Temp Written Blocks":0,"I/O Read Time":0.0,"I/O Write Time":0.0,"Temp I/O Read Time":0.0,"Temp I/O Write Time":0.0},{"Node Type":"Hash","Parent Relationship":"Inner","Parallel Aware":false,"Async Capable":false,"Startup Cost":1.06,"Total Cost":1.06,"Plan Rows":1,"Plan Width":4,"Actual Startup Time":0.008,"Actual Total Time":0.009,"Actual Rows":1,"Actual Loops":1,"Output":["region_1.r_regionkey"],"Hash Buckets":1024,"Original Hash Buckets":1024,"Hash Batches":1,"Original Hash Batches":1,"Peak Memory Usage":9,"Shared Hit Blocks":1,"Shared Read Blocks":0,"Shared Dirtied Blocks":0,"Shared Written Blocks":0,"Local Hit Blocks":0,"Local Read Blocks":0,"Local Dirtied Blocks":0,"Local Written Blocks":0,"Temp Read Blocks":0,"Temp Written Blocks":0,"I/O Read Time":0.0,"I/O Write Time":0.0,"Temp I/O Read Time":0.0,"Temp I/O Write Time":0.0,"Plans":[{"Node Type":"Seq Scan","Parent Relationship":"Outer","Parallel Aware":false,"Async Capable":false,"Relation Name":"region","Schema":"public","Alias":"region_1","Startup Cost":0.0,"Total Cost":1.06,"Plan Rows":1,"Plan Width":4,"Actual Startup Time":0.004,"Actual Total Time":0.004,"Actual Rows":1,"Actual Loops":1,"Output":["region_1.r_regionkey"],"Filter":"((region_1.r_name)::text ~~ 'Europ%'::text)","Rows Removed by Filter":4,"Shared Hit Blocks":1,"Shared Read Blocks":0,"Shared Dirtied Blocks":0,"Shared Written Blocks":0,"Local Hit Blocks":0,"Local Read Blocks":0,"Local Dirtied Blocks":0,"Local Written Blocks":0,"Temp Read Blocks":0,"Temp Written Blocks":0,"I/O Read Time":0.0,"I/O Write Time":0.0,"Temp I/O Read Time":0.0,"Temp I/O Write Time":0.0}]}]}]}]}]}]}]}]}]},{"Node Type":"Index Scan","Parent Relationship":"Inner","Parallel Aware":false,"Async Capable":false,"Scan Direction":"Forward","Index Name":"supplier_pk","Relation Name":"supplier","Schema":"public","Alias":"supplier","Startup Cost":0.29,"Total Cost":0.31,"Plan Rows":1,"Plan Width":131,"Actual Startup Time":0.002,"Actual Total Time":0.002,"Actual Rows":1,"Actual Loops":3036,"Output":["supplier.su_suppkey","supplier.su_name","supplier.su_address","supplier.su_nationkey","supplier.su_phone","supplier.su_acctbal","supplier.su_comment"],"Index Cond":"(supplier.su_suppkey = mod((stock.s_w_id * stock.s_i_id), 10000))","Rows Removed by Index Recheck":0,"Shared Hit Blocks":9108,"Shared Read Blocks":0,"Shared Dirtied Blocks":0,"Shared Written Blocks":0,"Local Hit Blocks":0,"Local Read Blocks":0,"Local Dirtied Blocks":0,"Local Written Blocks":0,"Temp Read Blocks":0,"Temp Written Blocks":0,"I/O Read Time":0.0,"I/O Write Time":0.0,"Temp I/O Read Time":0.0,"Temp I/O Write Time":0.0}]},{"Node Type":"Hash","Parent Relationship":"Inner","Parallel Aware":false,"Async Capable":false,"Startup Cost":2.99,"Total Cost":2.99,"Plan Rows":12,"Plan Width":12,"Actual Startup Time":0.068,"Actual Total Time":0.069,"Actual Rows":22,"Actual Loops":1,"Output":["nation.n_name","nation.n_nationkey"],"Hash Buckets":1024,"Original Hash Buckets":1024,"Hash Batches":1,"Original Hash Batches":1,"Peak Memory Usage":9,"Shared Hit Blocks":2,"Shared Read Blocks":0,"Shared Dirtied Blocks":0,"Shared Written Blocks":0,"Local Hit Blocks":0,"Local Read Blocks":0,"Local Dirtied Blocks":0,"Local Written Blocks":0,"Temp Read Blocks":0,"Temp Written Blocks":0,"I/O Read Time":0.0,"I/O Write Time":0.0,"Temp I/O Read Time":0.0,"Temp I/O Write Time":0.0,"Plans":[{"Node Type":"Hash Join","Parent Relationship":"Outer","Parallel Aware":false,"Async Capable":false,"Join Type":"Inner","Startup Cost":1.07,"Total Cost":2.99,"Plan Rows":12,"Plan Width":12,"Actual Startup Time":0.049,"Actual Total Time":0.062,"Actual Rows":22,"Actual Loops":1,"Output":["nation.n_name","nation.n_nationkey"],"Inner Unique":true,"Hash Cond":"(nation.n_regionkey = region.r_regionkey)","Shared Hit Blocks":2,"Shared Read Blocks":0,"Shared Dirtied Blocks":0,"Shared Written Blocks":0,"Local Hit Blocks":0,"Local Read Blocks":0,"Local Dirtied Blocks":0,"Local Written Blocks":0,"Temp Read Blocks":0,"Temp Written Blocks":0,"I/O Read Time":0.0,"I/O Write Time":0.0,"Temp I/O Read Time":0.0,"Temp I/O Write Time":0.0,"Plans":[{"Node Type":"Seq Scan","Parent Relationship":"Outer","Parallel Aware":false,"Async Capable":false,"Relation Name":"nation","Schema":"public","Alias":"nation","Startup Cost":0.0,"Total Cost":1.62,"Plan Rows":62,"Plan Width":16,"Actual Startup Time":0.008,"Actual Total Time":0.011,"Actual Rows":62,"Actual Loops":1,"Output":["nation.n_nationkey","nation.n_name","nation.n_regionkey","nation.n_comment"],"Shared Hit Blocks":1,"Shared Read Blocks":0,"Shared Dirtied Blocks":0,"Shared Written Blocks":0,"Local Hit Blocks":0,"Local Read Blocks":0,"Local Dirtied Blocks":0,"Local Written Blocks":0,"Temp Read Blocks":0,"Temp Written Blocks":0,"I/O Read Time":0.0,"I/O Write Time":0.0,"Temp I/O Read Time":0.0,"Temp I/O Write Time":0.0},{"Node Type":"Hash","Parent Relationship":"Inner","Parallel Aware":false,"Async Capable":false,"Startup Cost":1.06,"Total Cost":1.06,"Plan Rows":1,"Plan Width":4,"Actual Startup Time":0.018,"Actual Total Time":0.019,"Actual Rows":1,"Actual Loops":1,"Output":["region.r_regionkey"],"Hash Buckets":1024,"Original Hash Buckets":1024,"Hash Batches":1,"Original Hash Batches":1,"Peak Memory Usage":9,"Shared Hit Blocks":1,"Shared Read Blocks":0,"Shared Dirtied Blocks":0,"Shared Written Blocks":0,"Local Hit Blocks":0,"Local Read Blocks":0,"Local Dirtied Blocks":0,"Local Written Blocks":0,"Temp Read Blocks":0,"Temp Written Blocks":0,"I/O Read Time":0.0,"I/O Write Time":0.0,"Temp I/O Read Time":0.0,"Temp I/O Write Time":0.0,"Plans":[{"Node Type":"Seq Scan","Parent Relationship":"Outer","Parallel Aware":false,"Async Capable":false,"Relation Name":"region","Schema":"public","Alias":"region","Startup Cost":0.0,"Total Cost":1.06,"Plan Rows":1,"Plan Width":4,"Actual Startup Time":0.011,"Actual Total Time":0.012,"Actual Rows":1,"Actual Loops":1,"Output":["region.r_regionkey"],"Filter":"((region.r_name)::text ~~ 'Europ%'::text)","Rows Removed by Filter":4,"Shared Hit Blocks":1,"Shared Read Blocks":0,"Shared Dirtied Blocks":0,"Shared Written Blocks":0,"Local Hit Blocks":0,"Local Read Blocks":0,"Local Dirtied Blocks":0,"Local Written Blocks":0,"Temp Read Blocks":0,"Temp Written Blocks":0,"I/O Read Time":0.0,"I/O Write Time":0.0,"Temp I/O Read Time":0.0,"Temp I/O Write Time":0.0}]}]}]}]}]},"Planning":{"Shared Hit Blocks":174,"Shared Read Blocks":0,"Shared Dirtied Blocks":0,"Shared Written Blocks":0,"Local Hit Blocks":0,"Local Read Blocks":0,"Local Dirtied Blocks":0,"Local Written Blocks":0,"Temp Read Blocks":0,"Temp Written Blocks":0,"I/O Read Time":0.0,"I/O Write Time":0.0,"Temp I/O Read Time":0.0,"Temp I/O Write Time":0.0},"Planning Time":4.94,"Triggers":[],"Execution Time":4801.791}]
[列存组合]: supplier
[{"Plan":{"Node Type":"Sort","Parallel Aware":false,"Async Capable":false,"Startup Cost":1278034.78,"Total Cost":1278035.27,"Plan Rows":198,"Plan Width":164,"Actual Startup Time":6462.959,"Actual Total Time":6463.045,"Actual Rows":1900,"Actual Loops":1,"Output":["supplier.su_suppkey","supplier.su_name","nation.n_name","item.i_id","item.i_name","supplier.su_address","supplier.su_phone","supplier.su_comment"],"Sort Key":["nation.n_name","supplier.su_name","item.i_id"],"Sort Method":"quicksort","Sort Space Used":439,"Sort Space Type":"Memory","Shared Hit Blocks":843869,"Shared Read Blocks":0,"Shared Dirtied Blocks":0,"Shared Written Blocks":0,"Local Hit Blocks":0,"Local Read Blocks":0,"Local Dirtied Blocks":0,"Local Written Blocks":0,"Temp Read Blocks":4157,"Temp Written Blocks":7564,"I/O Read Time":0.0,"I/O Write Time":0.0,"Temp I/O Read Time":6.186,"Temp I/O Write Time":26.903,"Plans":[{"Node Type":"Hash Join","Parent Relationship":"Outer","Parallel Aware":false,"Async Capable":false,"Join Type":"Inner","Startup Cost":733707.37,"Total Cost":1278027.22,"Plan Rows":198,"Plan Width":164,"Actual Startup Time":4129.746,"Actual Total Time":6459.022,"Actual Rows":1900,"Actual Loops":1,"Output":["supplier.su_suppkey","supplier.su_name","nation.n_name","item.i_id","item.i_name","supplier.su_address","supplier.su_phone","supplier.su_comment"],"Inner Unique":false,"Hash Cond":"(supplier.su_nationkey = nation.n_nationkey)","Shared Hit Blocks":843869,"Shared Read Blocks":0,"Shared Dirtied Blocks":0,"Shared Written Blocks":0,"Local Hit Blocks":0,"Local Read Blocks":0,"Local Dirtied Blocks":0,"Local Written Blocks":0,"Temp Read Blocks":4157,"Temp Written Blocks":7564,"I/O Read Time":0.0,"I/O Write Time":0.0,"Temp I/O Read Time":6.186,"Temp I/O Write Time":26.903,"Plans":[{"Node Type":"Nested Loop","Parent Relationship":"Outer","Parallel Aware":false,"Async Capable":false,"Join Type":"Inner","Startup Cost":733704.23,"Total Cost":1278018.45,"Plan Rows":991,"Plan Width":160,"Actual Startup Time":4129.694,"Actual Total Time":6457.983,"Actual Rows":3036,"Actual Loops":1,"Output":["item.i_id","item.i_name","supplier.su_suppkey","supplier.su_name","supplier.su_address","supplier.su_phone","supplier.su_comment","supplier.su_nationkey"],"Inner Unique":true,"Shared Hit Blocks":843867,"Shared Read Blocks":0,"Shared Dirtied Blocks":0,"Shared Written Blocks":0,"Local Hit Blocks":0,"Local Read Blocks":0,"Local Dirtied Blocks":0,"Local Written Blocks":0,"Temp Read Blocks":4157,"Temp Written Blocks":7564,"I/O Read Time":0.0,"I/O Write Time":0.0,"Temp I/O Read Time":6.186,"Temp I/O Write Time":26.903,"Plans":[{"Node Type":"Hash Join","Parent Relationship":"Outer","Parallel Aware":false,"Async Capable":false,"Join Type":"Inner","Startup Cost":733703.94,"Total Cost":1277713.62,"Plan Rows":991,"Plan Width":35,"Actual Startup Time":4129.67,"Actual Total Time":6448.075,"Actual Rows":3036,"Actual Loops":1,"Output":["item.i_id","item.i_name","stock.s_i_id","stock.s_w_id"],"Inner Unique":true,"Hash Cond":"((item.i_id = stock_1.s_i_id) AND (stock.s_quantity = (min(stock_1.s_quantity))))","Shared Hit Blocks":834759,"Shared Read Blocks":0,"Shared Dirtied Blocks":0,"Shared Written Blocks":0,"Local Hit Blocks":0,"Local Read Blocks":0,"Local Dirtied Blocks":0,"Local Written Blocks":0,"Temp Read Blocks":4157,"Temp Written Blocks":7564,"I/O Read Time":0.0,"I/O Write Time":0.0,"Temp I/O Read Time":6.186,"Temp I/O Write Time":26.903,"Plans":[{"Node Type":"Hash Join","Parent Relationship":"Outer","Parallel Aware":false,"Async Capable":false,"Join Type":"Inner","Startup Cost":2640.25,"Total Cost":545589.41,"Plan Rows":202003,"Plan Width":37,"Actual Startup Time":14.312,"Actual Total Time":2294.217,"Actual Rows":157200,"Actual Loops":1,"Output":["item.i_id","item.i_name","stock.s_i_id","stock.s_w_id","stock.s_quantity"],"Inner Unique":true,"Hash Cond":"(stock.s_i_id = item.i_id)","Shared Hit Blocks":418061,"Shared Read Blocks":0,"Shared Dirtied Blocks":0,"Shared Written Blocks":0,"Local Hit Blocks":0,"Local Read Blocks":0,"Local Dirtied Blocks":0,"Local Written Blocks":0,"Temp Read Blocks":0,"Temp Written Blocks":0,"I/O Read Time":0.0,"I/O Write Time":0.0,"Temp I/O Read Time":0.0,"Temp I/O Write Time":0.0,"Plans":[{"Node Type":"Seq Scan","Parent Relationship":"Outer","Parallel Aware":false,"Async Capable":false,"Relation Name":"stock","Schema":"public","Alias":"stock","Startup Cost":0.0,"Total Cost":516697.62,"Plan Rows":10000162,"Plan Width":8,"Actual Startup Time":0.004,"Actual Total Time":949.835,"Actual Rows":10000000,"Actual Loops":1,"Output":["stock.s_i_id","stock.s_w_id","stock.s_quantity","stock.s_dist_01","stock.s_dist_02","stock.s_dist_03","stock.s_dist_04","stock.s_dist_05","stock.s_dist_06","stock.s_dist_07","stock.s_dist_08","stock.s_dist_09","stock.s_dist_10","stock.s_ytd","stock.s_order_cnt","stock.s_remote_cnt","stock.s_data"],"Shared Hit Blocks":416696,"Shared Read Blocks":0,"Shared Dirtied Blocks":0,"Shared Written Blocks":0,"Local Hit Blocks":0,"Local Read Blocks":0,"Local Dirtied Blocks":0,"Local Written Blocks":0,"Temp Read Blocks":0,"Temp Written Blocks":0,"I/O Read Time":0.0,"I/O Write Time":0.0,"Temp I/O Read Time":0.0,"Temp I/O Write Time":0.0},{"Node Type":"Hash","Parent Relationship":"Inner","Parallel Aware":false,"Async Capable":false,"Startup Cost":2615.0,"Total Cost":2615.0,"Plan Rows":2020,"Plan Width":29,"Actual Startup Time":14.288,"Actual Total Time":14.289,"Actual Rows":1572,"Actual Loops":1,"Output":["item.i_id","item.i_name"],"Hash Buckets":2048,"Original Hash Buckets":2048,"Hash Batches":1,"Original Hash Batches":1,"Peak Memory Usage":110,"Shared Hit Blocks":1365,"Shared Read Blocks":0,"Shared Dirtied Blocks":0,"Shared Written Blocks":0,"Local Hit Blocks":0,"Local Read Blocks":0,"Local Dirtied Blocks":0,"Local Written Blocks":0,"Temp Read Blocks":0,"Temp Written Blocks":0,"I/O Read Time":0.0,"I/O Write Time":0.0,"Temp I/O Read Time":0.0,"Temp I/O Write Time":0.0,"Plans":[{"Node Type":"Seq Scan","Parent Relationship":"Outer","Parallel Aware":false,"Async Capable":false,"Relation Name":"item","Schema":"public","Alias":"item","Startup Cost":0.0,"Total Cost":2615.0,"Plan Rows":2020,"Plan Width":29,"Actual Startup Time":0.012,"Actual Total Time":14.041,"Actual Rows":1572,"Actual Loops":1,"Output":["item.i_id","item.i_name"],"Filter":"((item.i_data)::text ~~ '%b'::text)","Rows Removed by Filter":98428,"Shared Hit Blocks":1365,"Shared Read Blocks":0,"Shared Dirtied Blocks":0,"Shared Written Blocks":0,"Local Hit Blocks":0,"Local Read Blocks":0,"Local Dirtied Blocks":0,"Local Written Blocks":0,"Temp Read Blocks":0,"Temp Written Blocks":0,"I/O Read Time":0.0,"I/O Write Time":0.0,"Temp I/O Read Time":0.0,"Temp I/O Write Time":0.0}]}]},{"Node Type":"Hash","Parent Relationship":"Inner","Parallel Aware":false,"Async Capable":false,"Startup Cost":729592.12,"Total Cost":729592.12,"Plan Rows":98105,"Plan Width":6,"Actual Startup Time":4114.582,"Actual Total Time":4114.589,"Actual Rows":100000,"Actual Loops":1,"Output":["stock_1.s_i_id","(min(stock_1.s_quantity))"],"Hash Buckets":131072,"Original Hash Buckets":131072,"Hash Batches":1,"Original Hash Batches":1,"Peak Memory Usage":4735,"Shared Hit Blocks":416698,"Shared Read Blocks":0,"Shared Dirtied Blocks":0,"Shared Written Blocks":0,"Local Hit Blocks":0,"Local Read Blocks":0,"Local Dirtied Blocks":0,"Local Written Blocks":0,"Temp Read Blocks":4157,"Temp Written Blocks":7564,"I/O Read Time":0.0,"I/O Write Time":0.0,"Temp I/O Read Time":6.186,"Temp I/O Write Time":26.903,"Plans":[{"Node Type":"Aggregate","Strategy":"Hashed","Partial Mode":"Simple","Parent Relationship":"Outer","Parallel Aware":false,"Async Capable":false,"Startup Cost":712004.77,"Total Cost":728611.07,"Plan Rows":98105,"Plan Width":6,"Actual Startup Time":3926.756,"Actual Total Time":4098.944,"Actual Rows":100000,"Actual Loops":1,"Output":["stock_1.s_i_id","min(stock_1.s_quantity)"],"Group Key":["stock_1.s_i_id"],"Planned Partitions":0,"HashAgg Batches":5,"Peak Memory Usage":8241,"Disk Usage":35680,"Shared Hit Blocks":416698,"Shared Read Blocks":0,"Shared Dirtied Blocks":0,"Shared Written Blocks":0,"Local Hit Blocks":0,"Local Read Blocks":0,"Local Dirtied Blocks":0,"Local Written Blocks":0,"Temp Read Blocks":4157,"Temp Written Blocks":7564,"I/O Read Time":0.0,"I/O Write Time":0.0,"Temp I/O Read Time":6.186,"Temp I/O Write Time":26.903,"Plans":[{"Node Type":"Hash Join","Parent Relationship":"Outer","Parallel Aware":false,"Async Capable":false,"Join Type":"Inner","Startup Cost":304.02,"Total Cost":599502.97,"Plan Rows":2000032,"Plan Width":6,"Actual Startup Time":1.899,"Actual Total Time":3226.509,"Actual Rows":3474600,"Actual Loops":1,"Output":["stock_1.s_i_id","stock_1.s_quantity"],"Inner Unique":false,"Hash Cond":"(mod((stock_1.s_w_id * stock_1.s_i_id), 10000) = supplier_1.su_suppkey)","Shared Hit Blocks":416698,"Shared Read Blocks":0,"Shared Dirtied Blocks":0,"Shared Written Blocks":0,"Local Hit Blocks":0,"Local Read Blocks":0,"Local Dirtied Blocks":0,"Local Written Blocks":0,"Temp Read Blocks":0,"Temp Written Blocks":0,"I/O Read Time":0.0,"I/O Write Time":0.0,"Temp I/O Read Time":0.0,"Temp I/O Write Time":0.0,"Plans":[{"Node Type":"Seq Scan","Parent Relationship":"Outer","Parallel Aware":false,"Async Capable":false,"Relation Name":"stock","Schema":"public","Alias":"stock_1","Startup Cost":0.0,"Total Cost":516697.62,"Plan Rows":10000162,"Plan Width":8,"Actual Startup Time":0.003,"Actual Total Time":1025.767,"Actual Rows":10000000,"Actual Loops":1,"Output":["stock_1.s_i_id","stock_1.s_w_id","stock_1.s_quantity","stock_1.s_dist_01","stock_1.s_dist_02","stock_1.s_dist_03","stock_1.s_dist_04","stock_1.s_dist_05","stock_1.s_dist_06","stock_1.s_dist_07","stock_1.s_dist_08","stock_1.s_dist_09","stock_1.s_dist_10","stock_1.s_ytd","stock_1.s_order_cnt","stock_1.s_remote_cnt","stock_1.s_data"],"Shared Hit Blocks":416696,"Shared Read Blocks":0,"Shared Dirtied Blocks":0,"Shared Written Blocks":0,"Local Hit Blocks":0,"Local Read Blocks":0,"Local Dirtied Blocks":0,"Local Written Blocks":0,"Temp Read Blocks":0,"Temp Written Blocks":0,"I/O Read Time":0.0,"I/O Write Time":0.0,"Temp I/O Read Time":0.0,"Temp I/O Write Time":0.0},{"Node Type":"Hash","Parent Relationship":"Inner","Parallel Aware":false,"Async Capable":false,"Startup Cost":279.02,"Total Cost":279.02,"Plan Rows":2000,"Plan Width":4,"Actual Startup Time":1.891,"Actual Total Time":1.895,"Actual Rows":3506,"Actual Loops":1,"Output":["supplier_1.su_suppkey"],"Hash Buckets":4096,"Original Hash Buckets":2048,"Hash Batches":1,"Original Hash Batches":1,"Peak Memory Usage":156,"Shared Hit Blocks":2,"Shared Read Blocks":0,"Shared Dirtied Blocks":0,"Shared Written Blocks":0,"Local Hit Blocks":0,"Local Read Blocks":0,"Local Dirtied Blocks":0,"Local Written Blocks":0,"Temp Read Blocks":0,"Temp Written Blocks":0,"I/O Read Time":0.0,"I/O Write Time":0.0,"Temp I/O Read Time":0.0,"Temp I/O Write Time":0.0,"Plans":[{"Node Type":"Hash Join","Parent Relationship":"Outer","Parallel Aware":false,"Async Capable":false,"Join Type":"Inner","Startup Cost":23.14,"Total Cost":279.02,"Plan Rows":2000,"Plan Width":4,"Actual Startup Time":0.222,"Actual Total Time":1.509,"Actual Rows":3506,"Actual Loops":1,"Output":["supplier_1.su_suppkey"],"Inner Unique":false,"Hash Cond":"(supplier_1.su_nationkey = nation_1.n_nationkey)","Shared Hit Blocks":2,"Shared Read Blocks":0,"Shared Dirtied Blocks":0,"Shared Written Blocks":0,"Local Hit Blocks":0,"Local Read Blocks":0,"Local Dirtied Blocks":0,"Local Written Blocks":0,"Temp Read Blocks":0,"Temp Written Blocks":0,"I/O Read Time":0.0,"I/O Write Time":0.0,"Temp I/O Read Time":0.0,"Temp I/O Write Time":0.0,"Plans":[{"Node Type":"Append","Parent Relationship":"Outer","Parallel Aware":false,"Async Capable":false,"Startup Cost":20.0,"Total Cost":219.01,"Plan Rows":10001,"Plan Width":8,"Actual Startup Time":0.1,"Actual Total Time":0.826,"Actual Rows":3506,"Actual Loops":1,"Shared Hit Blocks":0,"Shared Read Blocks":0,"Shared Dirtied Blocks":0,"Shared Written Blocks":0,"Local Hit Blocks":0,"Local Read Blocks":0,"Local Dirtied Blocks":0,"Local Written Blocks":0,"Temp Read Blocks":0,"Temp Written Blocks":0,"I/O Read Time":0.0,"I/O Write Time":0.0,"Temp I/O Read Time":0.0,"Temp I/O Write Time":0.0,"Subplans Removed":0,"Plans":[{"Node Type":"Custom Scan","Parent Relationship":"Member","Custom Plan Provider":"columnar scan","Parallel Aware":false,"Async Capable":false,"Relation Name":"supplier","Schema":"public","Alias":"supplier_1","Startup Cost":20.0,"Total Cost":215.0,"Plan Rows":10000,"Plan Width":8,"Actual Startup Time":0.099,"Actual Total Time":0.579,"Actual Rows":3506,"Actual Loops":1,"Output":["supplier_1.su_suppkey","supplier_1.su_nationkey"],"Rows Removed by Columnar Filter":6494,"Rows Filtered by Bloom Filter":0,"Dictionary Rows Filtered by Bloom Filter":6494,"Columnar cache search mode":"native","Shared Hit Blocks":0,"Shared Read Blocks":0,"Shared Dirtied Blocks":0,"Shared Written Blocks":0,"Local Hit Blocks":0,"Local Read Blocks":0,"Local Dirtied Blocks":0,"Local Written Blocks":0,"Temp Read Blocks":0,"Temp Written Blocks":0,"I/O Read Time":0.0,"I/O Write Time":0.0,"Temp I/O Read Time":0.0,"Temp I/O Write Time":0.0},{"Node Type":"Seq Scan","Parent Relationship":"Member","Parallel Aware":false,"Async Capable":false,"Relation Name":"supplier","Schema":"public","Alias":"supplier_1","Startup Cost":0.0,"Total Cost":4.01,"Plan Rows":1,"Plan Width":8,"Actual Startup Time":0.0,"Actual Total Time":0.0,"Actual Rows":0,"Actual Loops":0,"Output":["supplier_1.su_suppkey","supplier_1.su_nationkey"],"Shared Hit Blocks":0,"Shared Read Blocks":0,"Shared Dirtied Blocks":0,"Shared Written Blocks":0,"Local Hit Blocks":0,"Local Read Blocks":0,"Local Dirtied Blocks":0,"Local Written Blocks":0,"Temp Read Blocks":0,"Temp Written Blocks":0,"I/O Read Time":0.0,"I/O Write Time":0.0,"Temp I/O Read Time":0.0,"Temp I/O Write Time":0.0}]},{"Node Type":"Hash","Parent Relationship":"Inner","Parallel Aware":false,"Async Capable":false,"Startup Cost":2.99,"Total Cost":2.99,"Plan Rows":12,"Plan Width":4,"Actual Startup Time":0.03,"Actual Total Time":0.031,"Actual Rows":22,"Actual Loops":1,"Output":["nation_1.n_nationkey"],"Hash Buckets":1024,"Original Hash Buckets":1024,"Hash Batches":1,"Original Hash Batches":1,"Peak Memory Usage":9,"Shared Hit Blocks":2,"Shared Read Blocks":0,"Shared Dirtied Blocks":0,"Shared Written Blocks":0,"Local Hit Blocks":0,"Local Read Blocks":0,"Local Dirtied Blocks":0,"Local Written Blocks":0,"Temp Read Blocks":0,"Temp Written Blocks":0,"I/O Read Time":0.0,"I/O Write Time":0.0,"Temp I/O Read Time":0.0,"Temp I/O Write Time":0.0,"Plans":[{"Node Type":"Hash Join","Parent Relationship":"Outer","Parallel Aware":false,"Async Capable":false,"Join Type":"Inner","Startup Cost":1.07,"Total Cost":2.99,"Plan Rows":12,"Plan Width":4,"Actual Startup Time":0.012,"Actual Total Time":0.025,"Actual Rows":22,"Actual Loops":1,"Output":["nation_1.n_nationkey"],"Inner Unique":true,"Hash Cond":"(nation_1.n_regionkey = region_1.r_regionkey)","Shared Hit Blocks":2,"Shared Read Blocks":0,"Shared Dirtied Blocks":0,"Shared Written Blocks":0,"Local Hit Blocks":0,"Local Read Blocks":0,"Local Dirtied Blocks":0,"Local Written Blocks":0,"Temp Read Blocks":0,"Temp Written Blocks":0,"I/O Read Time":0.0,"I/O Write Time":0.0,"Temp I/O Read Time":0.0,"Temp I/O Write Time":0.0,"Plans":[{"Node Type":"Seq Scan","Parent Relationship":"Outer","Parallel Aware":false,"Async Capable":false,"Relation Name":"nation","Schema":"public","Alias":"nation_1","Startup Cost":0.0,"Total Cost":1.62,"Plan Rows":62,"Plan Width":8,"Actual Startup Time":0.003,"Actual Total Time":0.007,"Actual Rows":62,"Actual Loops":1,"Output":["nation_1.n_nationkey","nation_1.n_name","nation_1.n_regionkey","nation_1.n_comment"],"Shared Hit Blocks":1,"Shared Read Blocks":0,"Shared Dirtied Blocks":0,"Shared Written Blocks":0,"Local Hit Blocks":0,"Local Read Blocks":0,"Local Dirtied Blocks":0,"Local Written Blocks":0,"Temp Read Blocks":0,"Temp Written Blocks":0,"I/O Read Time":0.0,"I/O Write Time":0.0,"Temp I/O Read Time":0.0,"Temp I/O Write Time":0.0},{"Node Type":"Hash","Parent Relationship":"Inner","Parallel Aware":false,"Async Capable":false,"Startup Cost":1.06,"Total Cost":1.06,"Plan Rows":1,"Plan Width":4,"Actual Startup Time":0.005,"Actual Total Time":0.006,"Actual Rows":1,"Actual Loops":1,"Output":["region_1.r_regionkey"],"Hash Buckets":1024,"Original Hash Buckets":1024,"Hash Batches":1,"Original Hash Batches":1,"Peak Memory Usage":9,"Shared Hit Blocks":1,"Shared Read Blocks":0,"Shared Dirtied Blocks":0,"Shared Written Blocks":0,"Local Hit Blocks":0,"Local Read Blocks":0,"Local Dirtied Blocks":0,"Local Written Blocks":0,"Temp Read Blocks":0,"Temp Written Blocks":0,"I/O Read Time":0.0,"I/O Write Time":0.0,"Temp I/O Read Time":0.0,"Temp I/O Write Time":0.0,"Plans":[{"Node Type":"Seq Scan","Parent Relationship":"Outer","Parallel Aware":false,"Async Capable":false,"Relation Name":"region","Schema":"public","Alias":"region_1","Startup Cost":0.0,"Total Cost":1.06,"Plan Rows":1,"Plan Width":4,"Actual Startup Time":0.004,"Actual Total Time":0.004,"Actual Rows":1,"Actual Loops":1,"Output":["region_1.r_regionkey"],"Filter":"((region_1.r_name)::text ~~ 'Europ%'::text)","Rows Removed by Filter":4,"Shared Hit Blocks":1,"Shared Read Blocks":0,"Shared Dirtied Blocks":0,"Shared Written Blocks":0,"Local Hit Blocks":0,"Local Read Blocks":0,"Local Dirtied Blocks":0,"Local Written Blocks":0,"Temp Read Blocks":0,"Temp Written Blocks":0,"I/O Read Time":0.0,"I/O Write Time":0.0,"Temp I/O Read Time":0.0,"Temp I/O Write Time":0.0}]}]}]}]}]}]}]}]}]},{"Node Type":"Index Scan","Parent Relationship":"Inner","Parallel Aware":false,"Async Capable":false,"Scan Direction":"Forward","Index Name":"supplier_pk","Relation Name":"supplier","Schema":"public","Alias":"supplier","Startup Cost":0.29,"Total Cost":0.31,"Plan Rows":1,"Plan Width":131,"Actual Startup Time":0.003,"Actual Total Time":0.003,"Actual Rows":1,"Actual Loops":3036,"Output":["supplier.su_suppkey","supplier.su_name","supplier.su_address","supplier.su_nationkey","supplier.su_phone","supplier.su_acctbal","supplier.su_comment"],"Index Cond":"(supplier.su_suppkey = mod((stock.s_w_id * stock.s_i_id), 10000))","Rows Removed by Index Recheck":0,"Shared Hit Blocks":9108,"Shared Read Blocks":0,"Shared Dirtied Blocks":0,"Shared Written Blocks":0,"Local Hit Blocks":0,"Local Read Blocks":0,"Local Dirtied Blocks":0,"Local Written Blocks":0,"Temp Read Blocks":0,"Temp Written Blocks":0,"I/O Read Time":0.0,"I/O Write Time":0.0,"Temp I/O Read Time":0.0,"Temp I/O Write Time":0.0}]},{"Node Type":"Hash","Parent Relationship":"Inner","Parallel Aware":false,"Async Capable":false,"Startup Cost":2.99,"Total Cost":2.99,"Plan Rows":12,"Plan Width":12,"Actual Startup Time":0.039,"Actual Total Time":0.041,"Actual Rows":22,"Actual Loops":1,"Output":["nation.n_name","nation.n_nationkey"],"Hash Buckets":1024,"Original Hash Buckets":1024,"Hash Batches":1,"Original Hash Batches":1,"Peak Memory Usage":9,"Shared Hit Blocks":2,"Shared Read Blocks":0,"Shared Dirtied Blocks":0,"Shared Written Blocks":0,"Local Hit Blocks":0,"Local Read Blocks":0,"Local Dirtied Blocks":0,"Local Written Blocks":0,"Temp Read Blocks":0,"Temp Written Blocks":0,"I/O Read Time":0.0,"I/O Write Time":0.0,"Temp I/O Read Time":0.0,"Temp I/O Write Time":0.0,"Plans":[{"Node Type":"Hash Join","Parent Relationship":"Outer","Parallel Aware":false,"Async Capable":false,"Join Type":"Inner","Startup Cost":1.07,"Total Cost":2.99,"Plan Rows":12,"Plan Width":12,"Actual Startup Time":0.024,"Actual Total Time":0.036,"Actual Rows":22,"Actual Loops":1,"Output":["nation.n_name","nation.n_nationkey"],"Inner Unique":true,"Hash Cond":"(nation.n_regionkey = region.r_regionkey)","Shared Hit Blocks":2,"Shared Read Blocks":0,"Shared Dirtied Blocks":0,"Shared Written Blocks":0,"Local Hit Blocks":0,"Local Read Blocks":0,"Local Dirtied Blocks":0,"Local Written Blocks":0,"Temp Read Blocks":0,"Temp Written Blocks":0,"I/O Read Time":0.0,"I/O Write Time":0.0,"Temp I/O Read Time":0.0,"Temp I/O Write Time":0.0,"Plans":[{"Node Type":"Seq Scan","Parent Relationship":"Outer","Parallel Aware":false,"Async Capable":false,"Relation Name":"nation","Schema":"public","Alias":"nation","Startup Cost":0.0,"Total Cost":1.62,"Plan Rows":62,"Plan Width":16,"Actual Startup Time":0.008,"Actual Total Time":0.012,"Actual Rows":62,"Actual Loops":1,"Output":["nation.n_nationkey","nation.n_name","nation.n_regionkey","nation.n_comment"],"Shared Hit Blocks":1,"Shared Read Blocks":0,"Shared Dirtied Blocks":0,"Shared Written Blocks":0,"Local Hit Blocks":0,"Local Read Blocks":0,"Local Dirtied Blocks":0,"Local Written Blocks":0,"Temp Read Blocks":0,"Temp Written Blocks":0,"I/O Read Time":0.0,"I/O Write Time":0.0,"Temp I/O Read Time":0.0,"Temp I/O Write Time":0.0},{"Node Type":"Hash","Parent Relationship":"Inner","Parallel Aware":false,"Async Capable":false,"Startup Cost":1.06,"Total Cost":1.06,"Plan Rows":1,"Plan Width":4,"Actual Startup Time":0.009,"Actual Total Time":0.009,"Actual Rows":1,"Actual Loops":1,"Output":["region.r_regionkey"],"Hash Buckets":1024,"Original Hash Buckets":1024,"Hash Batches":1,"Original Hash Batches":1,"Peak Memory Usage":9,"Shared Hit Blocks":1,"Shared Read Blocks":0,"Shared Dirtied Blocks":0,"Shared Written Blocks":0,"Local Hit Blocks":0,"Local Read Blocks":0,"Local Dirtied Blocks":0,"Local Written Blocks":0,"Temp Read Blocks":0,"Temp Written Blocks":0,"I/O Read Time":0.0,"I/O Write Time":0.0,"Temp I/O Read Time":0.0,"Temp I/O Write Time":0.0,"Plans":[{"Node Type":"Seq Scan","Parent Relationship":"Outer","Parallel Aware":false,"Async Capable":false,"Relation Name":"region","Schema":"public","Alias":"region","Startup Cost":0.0,"Total Cost":1.06,"Plan Rows":1,"Plan Width":4,"Actual Startup Time":0.006,"Actual Total Time":0.006,"Actual Rows":1,"Actual Loops":1,"Output":["region.r_regionkey"],"Filter":"((region.r_name)::text ~~ 'Europ%'::text)","Rows Removed by Filter":4,"Shared Hit Blocks":1,"Shared Read Blocks":0,"Shared Dirtied Blocks":0,"Shared Written Blocks":0,"Local Hit Blocks":0,"Local Read Blocks":0,"Local Dirtied Blocks":0,"Local Written Blocks":0,"Temp Read Blocks":0,"Temp Written Blocks":0,"I/O Read Time":0.0,"I/O Write Time":0.0,"Temp I/O Read Time":0.0,"Temp I/O Write Time":0.0}]}]}]}]}]},"Planning":{"Shared Hit Blocks":36,"Shared Read Blocks":0,"Shared Dirtied Blocks":0,"Shared Written Blocks":0,"Local Hit Blocks":0,"Local Read Blocks":0,"Local Dirtied Blocks":0,"Local Written Blocks":0,"Temp Read Blocks":0,"Temp Written Blocks":0,"I/O Read Time":0.0,"I/O Write Time":0.0,"Temp I/O Read Time":0.0,"Temp I/O Write Time":0.0},"Planning Time":0.801,"Triggers":[],"Execution Time":6470.465}]
[列存组合]: item, nation
[{"Plan":{"Node Type":"Sort","Parallel Aware":false,"Async Capable":false,"Startup Cost":1276785.93,"Total Cost":1276786.42,"Plan Rows":198,"Plan Width":164,"Actual Startup Time":6282.72,"Actual Total Time":6282.806,"Actual Rows":1900,"Actual Loops":1,"Output":["supplier.su_suppkey","supplier.su_name","nation.n_name","item.i_id","item.i_name","supplier.su_address","supplier.su_phone","supplier.su_comment"],"Sort Key":["nation.n_name","supplier.su_name","item.i_id"],"Sort Method":"quicksort","Sort Space Used":439,"Sort Space Type":"Memory","Shared Hit Blocks":842721,"Shared Read Blocks":0,"Shared Dirtied Blocks":0,"Shared Written Blocks":0,"Local Hit Blocks":0,"Local Read Blocks":0,"Local Dirtied Blocks":0,"Local Written Blocks":0,"Temp Read Blocks":4157,"Temp Written Blocks":7564,"I/O Read Time":0.0,"I/O Write Time":0.0,"Temp I/O Read Time":6.287,"Temp I/O Write Time":26.934,"Plans":[{"Node Type":"Hash Join","Parent Relationship":"Outer","Parallel Aware":false,"Async Capable":false,"Join Type":"Inner","Startup Cost":732458.52,"Total Cost":1276778.37,"Plan Rows":198,"Plan Width":164,"Actual Startup Time":3972.75,"Actual Total Time":6278.74,"Actual Rows":1900,"Actual Loops":1,"Output":["supplier.su_suppkey","supplier.su_name","nation.n_name","item.i_id","item.i_name","supplier.su_address","supplier.su_phone","supplier.su_comment"],"Inner Unique":false,"Hash Cond":"(supplier.su_nationkey = nation.n_nationkey)","Shared Hit Blocks":842721,"Shared Read Blocks":0,"Shared Dirtied Blocks":0,"Shared Written Blocks":0,"Local Hit Blocks":0,"Local Read Blocks":0,"Local Dirtied Blocks":0,"Local Written Blocks":0,"Temp Read Blocks":4157,"Temp Written Blocks":7564,"I/O Read Time":0.0,"I/O Write Time":0.0,"Temp I/O Read Time":6.287,"Temp I/O Write Time":26.934,"Plans":[{"Node Type":"Nested Loop","Parent Relationship":"Outer","Parallel Aware":false,"Async Capable":false,"Join Type":"Inner","Startup Cost":732455.38,"Total Cost":1276769.6,"Plan Rows":991,"Plan Width":160,"Actual Startup Time":3972.701,"Actual Total Time":6277.698,"Actual Rows":3036,"Actual Loops":1,"Output":["item.i_id","item.i_name","supplier.su_suppkey","supplier.su_name","supplier.su_address","supplier.su_phone","supplier.su_comment","supplier.su_nationkey"],"Inner Unique":true,"Shared Hit Blocks":842719,"Shared Read Blocks":0,"Shared Dirtied Blocks":0,"Shared Written Blocks":0,"Local Hit Blocks":0,"Local Read Blocks":0,"Local Dirtied Blocks":0,"Local Written Blocks":0,"Temp Read Blocks":4157,"Temp Written Blocks":7564,"I/O Read Time":0.0,"I/O Write Time":0.0,"Temp I/O Read Time":6.287,"Temp I/O Write Time":26.934,"Plans":[{"Node Type":"Hash Join","Parent Relationship":"Outer","Parallel Aware":false,"Async Capable":false,"Join Type":"Inner","Startup Cost":732455.09,"Total Cost":1276464.76,"Plan Rows":991,"Plan Width":35,"Actual Startup Time":3972.68,"Actual Total Time":6267.726,"Actual Rows":3036,"Actual Loops":1,"Output":["item.i_id","item.i_name","stock.s_i_id","stock.s_w_id"],"Inner Unique":true,"Hash Cond":"((item.i_id = stock_1.s_i_id) AND (stock.s_quantity = (min(stock_1.s_quantity))))","Shared Hit Blocks":833611,"Shared Read Blocks":0,"Shared Dirtied Blocks":0,"Shared Written Blocks":0,"Local Hit Blocks":0,"Local Read Blocks":0,"Local Dirtied Blocks":0,"Local Written Blocks":0,"Temp Read Blocks":4157,"Temp Written Blocks":7564,"I/O Read Time":0.0,"I/O Write Time":0.0,"Temp I/O Read Time":6.287,"Temp I/O Write Time":26.934,"Plans":[{"Node Type":"Hash Join","Parent Relationship":"Outer","Parallel Aware":false,"Async Capable":false,"Join Type":"Inner","Startup Cost":1293.42,"Total Cost":544242.58,"Plan Rows":202003,"Plan Width":37,"Actual Startup Time":8.544,"Actual Total Time":2265.108,"Actual Rows":157200,"Actual Loops":1,"Output":["item.i_id","item.i_name","stock.s_i_id","stock.s_w_id","stock.s_quantity"],"Inner Unique":true,"Hash Cond":"(stock.s_i_id = item.i_id)","Shared Hit Blocks":416696,"Shared Read Blocks":0,"Shared Dirtied Blocks":0,"Shared Written Blocks":0,"Local Hit Blocks":0,"Local Read Blocks":0,"Local Dirtied Blocks":0,"Local Written Blocks":0,"Temp Read Blocks":0,"Temp Written Blocks":0,"I/O Read Time":0.0,"I/O Write Time":0.0,"Temp I/O Read Time":0.0,"Temp I/O Write Time":0.0,"Plans":[{"Node Type":"Seq Scan","Parent Relationship":"Outer","Parallel Aware":false,"Async Capable":false,"Relation Name":"stock","Schema":"public","Alias":"stock","Startup Cost":0.0,"Total Cost":516697.62,"Plan Rows":10000162,"Plan Width":8,"Actual Startup Time":0.005,"Actual Total Time":935.464,"Actual Rows":10000000,"Actual Loops":1,"Output":["stock.s_i_id","stock.s_w_id","stock.s_quantity","stock.s_dist_01","stock.s_dist_02","stock.s_dist_03","stock.s_dist_04","stock.s_dist_05","stock.s_dist_06","stock.s_dist_07","stock.s_dist_08","stock.s_dist_09","stock.s_dist_10","stock.s_ytd","stock.s_order_cnt","stock.s_remote_cnt","stock.s_data"],"Shared Hit Blocks":416696,"Shared Read Blocks":0,"Shared Dirtied Blocks":0,"Shared Written Blocks":0,"Local Hit Blocks":0,"Local Read Blocks":0,"Local Dirtied Blocks":0,"Local Written Blocks":0,"Temp Read Blocks":0,"Temp Written Blocks":0,"I/O Read Time":0.0,"I/O Write Time":0.0,"Temp I/O Read Time":0.0,"Temp I/O Write Time":0.0},{"Node Type":"Hash","Parent Relationship":"Inner","Parallel Aware":false,"Async Capable":false,"Startup Cost":1268.16,"Total Cost":1268.16,"Plan Rows":2021,"Plan Width":29,"Actual Startup Time":8.52,"Actual Total Time":8.523,"Actual Rows":1572,"Actual Loops":1,"Output":["item.i_id","item.i_name"],"Hash Buckets":2048,"Original Hash Buckets":2048,"Hash Batches":1,"Original Hash Batches":1,"Peak Memory Usage":110,"Shared Hit Blocks":0,"Shared Read Blocks":0,"Shared Dirtied Blocks":0,"Shared Written Blocks":0,"Local Hit Blocks":0,"Local Read Blocks":0,"Local Dirtied Blocks":0,"Local Written Blocks":0,"Temp Read Blocks":0,"Temp Written Blocks":0,"I/O Read Time":0.0,"I/O Write Time":0.0,"Temp I/O Read Time":0.0,"Temp I/O Write Time":0.0,"Plans":[{"Node Type":"Append","Parent Relationship":"Outer","Parallel Aware":false,"Async Capable":false,"Startup Cost":20.0,"Total Cost":1268.16,"Plan Rows":2021,"Plan Width":29,"Actual Startup Time":7.334,"Actual Total Time":8.099,"Actual Rows":1572,"Actual Loops":1,"Shared Hit Blocks":0,"Shared Read Blocks":0,"Shared Dirtied Blocks":0,"Shared Written Blocks":0,"Local Hit Blocks":0,"Local Read Blocks":0,"Local Dirtied Blocks":0,"Local Written Blocks":0,"Temp Read Blocks":0,"Temp Written Blocks":0,"I/O Read Time":0.0,"I/O Write Time":0.0,"Temp I/O Read Time":0.0,"Temp I/O Write Time":0.0,"Subplans Removed":0,"Plans":[{"Node Type":"Custom Scan","Parent Relationship":"Member","Custom Plan Provider":"columnar scan","Parallel Aware":false,"Async Capable":false,"Relation Name":"item","Schema":"public","Alias":"item","Startup Cost":20.0,"Total Cost":59.4,"Plan Rows":2020,"Plan Width":29,"Actual Startup Time":7.333,"Actual Total Time":7.982,"Actual Rows":1572,"Actual Loops":1,"Output":["item.i_id","item.i_name"],"Filter":"((item.i_data)::text ~~ '%b'::text)","Rows Removed by Filter":0,"Rows Removed by Columnar Filter":98428,"Columnar cache search mode":"native","Shared Hit Blocks":0,"Shared Read Blocks":0,"Shared Dirtied Blocks":0,"Shared Written Blocks":0,"Local Hit Blocks":0,"Local Read Blocks":0,"Local Dirtied Blocks":0,"Local Written Blocks":0,"Temp Read Blocks":0,"Temp Written Blocks":0,"I/O Read Time":0.0,"I/O Write Time":0.0,"Temp I/O Read Time":0.0,"Temp I/O Write Time":0.0},{"Node Type":"Seq Scan","Parent Relationship":"Member","Parallel Aware":false,"Async Capable":false,"Relation Name":"item","Schema":"public","Alias":"item","Startup Cost":0.0,"Total Cost":4.01,"Plan Rows":1,"Plan Width":29,"Actual Startup Time":0.0,"Actual Total Time":0.0,"Actual Rows":0,"Actual Loops":0,"Output":["item.i_id","item.i_name"],"Filter":"((item.i_data)::text ~~ '%b'::text)","Rows Removed by Filter":0,"Shared Hit Blocks":0,"Shared Read Blocks":0,"Shared Dirtied Blocks":0,"Shared Written Blocks":0,"Local Hit Blocks":0,"Local Read Blocks":0,"Local Dirtied Blocks":0,"Local Written Blocks":0,"Temp Read Blocks":0,"Temp Written Blocks":0,"I/O Read Time":0.0,"I/O Write Time":0.0,"Temp I/O Read Time":0.0,"Temp I/O Write Time":0.0}]}]}]},{"Node Type":"Hash","Parent Relationship":"Inner","Parallel Aware":false,"Async Capable":false,"Startup Cost":729690.09,"Total Cost":729690.09,"Plan Rows":98105,"Plan Width":6,"Actual Startup Time":3963.328,"Actual Total Time":3963.332,"Actual Rows":100000,"Actual Loops":1,"Output":["stock_1.s_i_id","(min(stock_1.s_quantity))"],"Hash Buckets":131072,"Original Hash Buckets":131072,"Hash Batches":1,"Original Hash Batches":1,"Peak Memory Usage":4735,"Shared Hit Blocks":416915,"Shared Read Blocks":0,"Shared Dirtied Blocks":0,"Shared Written Blocks":0,"Local Hit Blocks":0,"Local Read Blocks":0,"Local Dirtied Blocks":0,"Local Written Blocks":0,"Temp Read Blocks":4157,"Temp Written Blocks":7564,"I/O Read Time":0.0,"I/O Write Time":0.0,"Temp I/O Read Time":6.287,"Temp I/O Write Time":26.934,"Plans":[{"Node Type":"Aggregate","Strategy":"Hashed","Partial Mode":"Simple","Parent Relationship":"Outer","Parallel Aware":false,"Async Capable":false,"Startup Cost":712102.74,"Total Cost":728709.04,"Plan Rows":98105,"Plan Width":6,"Actual Startup Time":3778.925,"Actual Total Time":3948.616,"Actual Rows":100000,"Actual Loops":1,"Output":["stock_1.s_i_id","min(stock_1.s_quantity)"],"Group Key":["stock_1.s_i_id"],"Planned Partitions":0,"HashAgg Batches":5,"Peak Memory Usage":8241,"Disk Usage":35680,"Shared Hit Blocks":416915,"Shared Read Blocks":0,"Shared Dirtied Blocks":0,"Shared Written Blocks":0,"Local Hit Blocks":0,"Local Read Blocks":0,"Local Dirtied Blocks":0,"Local Written Blocks":0,"Temp Read Blocks":4157,"Temp Written Blocks":7564,"I/O Read Time":0.0,"I/O Write Time":0.0,"Temp I/O Read Time":6.287,"Temp I/O Write Time":26.934,"Plans":[{"Node Type":"Hash Join","Parent Relationship":"Outer","Parallel Aware":false,"Async Capable":false,"Join Type":"Inner","Startup Cost":401.99,"Total Cost":599600.94,"Plan Rows":2000032,"Plan Width":6,"Actual Startup Time":2.548,"Actual Total Time":3098.724,"Actual Rows":3474600,"Actual Loops":1,"Output":["stock_1.s_i_id","stock_1.s_quantity"],"Inner Unique":false,"Hash Cond":"(mod((stock_1.s_w_id * stock_1.s_i_id), 10000) = supplier_1.su_suppkey)","Shared Hit Blocks":416915,"Shared Read Blocks":0,"Shared Dirtied Blocks":0,"Shared Written Blocks":0,"Local Hit Blocks":0,"Local Read Blocks":0,"Local Dirtied Blocks":0,"Local Written Blocks":0,"Temp Read Blocks":0,"Temp Written Blocks":0,"I/O Read Time":0.0,"I/O Write Time":0.0,"Temp I/O Read Time":0.0,"Temp I/O Write Time":0.0,"Plans":[{"Node Type":"Seq Scan","Parent Relationship":"Outer","Parallel Aware":false,"Async Capable":false,"Relation Name":"stock","Schema":"public","Alias":"stock_1","Startup Cost":0.0,"Total Cost":516697.62,"Plan Rows":10000162,"Plan Width":8,"Actual Startup Time":0.004,"Actual Total Time":1019.594,"Actual Rows":10000000,"Actual Loops":1,"Output":["stock_1.s_i_id","stock_1.s_w_id","stock_1.s_quantity","stock_1.s_dist_01","stock_1.s_dist_02","stock_1.s_dist_03","stock_1.s_dist_04","stock_1.s_dist_05","stock_1.s_dist_06","stock_1.s_dist_07","stock_1.s_dist_08","stock_1.s_dist_09","stock_1.s_dist_10","stock_1.s_ytd","stock_1.s_order_cnt","stock_1.s_remote_cnt","stock_1.s_data"],"Shared Hit Blocks":416696,"Shared Read Blocks":0,"Shared Dirtied Blocks":0,"Shared Written Blocks":0,"Local Hit Blocks":0,"Local Read Blocks":0,"Local Dirtied Blocks":0,"Local Written Blocks":0,"Temp Read Blocks":0,"Temp Written Blocks":0,"I/O Read Time":0.0,"I/O Write Time":0.0,"Temp I/O Read Time":0.0,"Temp I/O Write Time":0.0},{"Node Type":"Hash","Parent Relationship":"Inner","Parallel Aware":false,"Async Capable":false,"Startup Cost":376.99,"Total Cost":376.99,"Plan Rows":2000,"Plan Width":4,"Actual Startup Time":2.539,"Actual Total Time":2.542,"Actual Rows":3506,"Actual Loops":1,"Output":["supplier_1.su_suppkey"],"Hash Buckets":4096,"Original Hash Buckets":2048,"Hash Batches":1,"Original Hash Batches":1,"Peak Memory Usage":156,"Shared Hit Blocks":219,"Shared Read Blocks":0,"Shared Dirtied Blocks":0,"Shared Written Blocks":0,"Local Hit Blocks":0,"Local Read Blocks":0,"Local Dirtied Blocks":0,"Local Written Blocks":0,"Temp Read Blocks":0,"Temp Written Blocks":0,"I/O Read Time":0.0,"I/O Write Time":0.0,"Temp I/O Read Time":0.0,"Temp I/O Write Time":0.0,"Plans":[{"Node Type":"Hash Join","Parent Relationship":"Outer","Parallel Aware":false,"Async Capable":false,"Join Type":"Inner","Startup Cost":3.14,"Total Cost":376.99,"Plan Rows":2000,"Plan Width":4,"Actual Startup Time":0.043,"Actual Total Time":2.155,"Actual Rows":3506,"Actual Loops":1,"Output":["supplier_1.su_suppkey"],"Inner Unique":false,"Hash Cond":"(supplier_1.su_nationkey = nation_1.n_nationkey)","Shared Hit Blocks":219,"Shared Read Blocks":0,"Shared Dirtied Blocks":0,"Shared Written Blocks":0,"Local Hit Blocks":0,"Local Read Blocks":0,"Local Dirtied Blocks":0,"Local Written Blocks":0,"Temp Read Blocks":0,"Temp Written Blocks":0,"I/O Read Time":0.0,"I/O Write Time":0.0,"Temp I/O Read Time":0.0,"Temp I/O Write Time":0.0,"Plans":[{"Node Type":"Seq Scan","Parent Relationship":"Outer","Parallel Aware":false,"Async Capable":false,"Relation Name":"supplier","Schema":"public","Alias":"supplier_1","Startup Cost":0.0,"Total Cost":317.0,"Plan Rows":10000,"Plan Width":8,"Actual Startup Time":0.004,"Actual Total Time":0.806,"Actual Rows":10000,"Actual Loops":1,"Output":["supplier_1.su_suppkey","supplier_1.su_name","supplier_1.su_address","supplier_1.su_nationkey","supplier_1.su_phone","supplier_1.su_acctbal","supplier_1.su_comment"],"Shared Hit Blocks":217,"Shared Read Blocks":0,"Shared Dirtied Blocks":0,"Shared Written Blocks":0,"Local Hit Blocks":0,"Local Read Blocks":0,"Local Dirtied Blocks":0,"Local Written Blocks":0,"Temp Read Blocks":0,"Temp Written Blocks":0,"I/O Read Time":0.0,"I/O Write Time":0.0,"Temp I/O Read Time":0.0,"Temp I/O Write Time":0.0},{"Node Type":"Hash","Parent Relationship":"Inner","Parallel Aware":false,"Async Capable":false,"Startup Cost":2.99,"Total Cost":2.99,"Plan Rows":12,"Plan Width":4,"Actual Startup Time":0.035,"Actual Total Time":0.037,"Actual Rows":22,"Actual Loops":1,"Output":["nation_1.n_nationkey"],"Hash Buckets":1024,"Original Hash Buckets":1024,"Hash Batches":1,"Original Hash Batches":1,"Peak Memory Usage":9,"Shared Hit Blocks":2,"Shared Read Blocks":0,"Shared Dirtied Blocks":0,"Shared Written Blocks":0,"Local Hit Blocks":0,"Local Read Blocks":0,"Local Dirtied Blocks":0,"Local Written Blocks":0,"Temp Read Blocks":0,"Temp Written Blocks":0,"I/O Read Time":0.0,"I/O Write Time":0.0,"Temp I/O Read Time":0.0,"Temp I/O Write Time":0.0,"Plans":[{"Node Type":"Hash Join","Parent Relationship":"Outer","Parallel Aware":false,"Async Capable":false,"Join Type":"Inner","Startup Cost":1.07,"Total Cost":2.99,"Plan Rows":12,"Plan Width":4,"Actual Startup Time":0.021,"Actual Total Time":0.033,"Actual Rows":22,"Actual Loops":1,"Output":["nation_1.n_nationkey"],"Inner Unique":true,"Hash Cond":"(nation_1.n_regionkey = region_1.r_regionkey)","Shared Hit Blocks":2,"Shared Read Blocks":0,"Shared Dirtied Blocks":0,"Shared Written Blocks":0,"Local Hit Blocks":0,"Local Read Blocks":0,"Local Dirtied Blocks":0,"Local Written Blocks":0,"Temp Read Blocks":0,"Temp Written Blocks":0,"I/O Read Time":0.0,"I/O Write Time":0.0,"Temp I/O Read Time":0.0,"Temp I/O Write Time":0.0,"Plans":[{"Node Type":"Seq Scan","Parent Relationship":"Outer","Parallel Aware":false,"Async Capable":false,"Relation Name":"nation","Schema":"public","Alias":"nation_1","Startup Cost":0.0,"Total Cost":1.62,"Plan Rows":62,"Plan Width":8,"Actual Startup Time":0.002,"Actual Total Time":0.006,"Actual Rows":62,"Actual Loops":1,"Output":["nation_1.n_nationkey","nation_1.n_name","nation_1.n_regionkey","nation_1.n_comment"],"Shared Hit Blocks":1,"Shared Read Blocks":0,"Shared Dirtied Blocks":0,"Shared Written Blocks":0,"Local Hit Blocks":0,"Local Read Blocks":0,"Local Dirtied Blocks":0,"Local Written Blocks":0,"Temp Read Blocks":0,"Temp Written Blocks":0,"I/O Read Time":0.0,"I/O Write Time":0.0,"Temp I/O Read Time":0.0,"Temp I/O Write Time":0.0},{"Node Type":"Hash","Parent Relationship":"Inner","Parallel Aware":false,"Async Capable":false,"Startup Cost":1.06,"Total Cost":1.06,"Plan Rows":1,"Plan Width":4,"Actual Startup Time":0.005,"Actual Total Time":0.006,"Actual Rows":1,"Actual Loops":1,"Output":["region_1.r_regionkey"],"Hash Buckets":1024,"Original Hash Buckets":1024,"Hash Batches":1,"Original Hash Batches":1,"Peak Memory Usage":9,"Shared Hit Blocks":1,"Shared Read Blocks":0,"Shared Dirtied Blocks":0,"Shared Written Blocks":0,"Local Hit Blocks":0,"Local Read Blocks":0,"Local Dirtied Blocks":0,"Local Written Blocks":0,"Temp Read Blocks":0,"Temp Written Blocks":0,"I/O Read Time":0.0,"I/O Write Time":0.0,"Temp I/O Read Time":0.0,"Temp I/O Write Time":0.0,"Plans":[{"Node Type":"Seq Scan","Parent Relationship":"Outer","Parallel Aware":false,"Async Capable":false,"Relation Name":"region","Schema":"public","Alias":"region_1","Startup Cost":0.0,"Total Cost":1.06,"Plan Rows":1,"Plan Width":4,"Actual Startup Time":0.003,"Actual Total Time":0.004,"Actual Rows":1,"Actual Loops":1,"Output":["region_1.r_regionkey"],"Filter":"((region_1.r_name)::text ~~ 'Europ%'::text)","Rows Removed by Filter":4,"Shared Hit Blocks":1,"Shared Read Blocks":0,"Shared Dirtied Blocks":0,"Shared Written Blocks":0,"Local Hit Blocks":0,"Local Read Blocks":0,"Local Dirtied Blocks":0,"Local Written Blocks":0,"Temp Read Blocks":0,"Temp Written Blocks":0,"I/O Read Time":0.0,"I/O Write Time":0.0,"Temp I/O Read Time":0.0,"Temp I/O Write Time":0.0}]}]}]}]}]}]}]}]}]},{"Node Type":"Index Scan","Parent Relationship":"Inner","Parallel Aware":false,"Async Capable":false,"Scan Direction":"Forward","Index Name":"supplier_pk","Relation Name":"supplier","Schema":"public","Alias":"supplier","Startup Cost":0.29,"Total Cost":0.31,"Plan Rows":1,"Plan Width":131,"Actual Startup Time":0.003,"Actual Total Time":0.003,"Actual Rows":1,"Actual Loops":3036,"Output":["supplier.su_suppkey","supplier.su_name","supplier.su_address","supplier.su_nationkey","supplier.su_phone","supplier.su_acctbal","supplier.su_comment"],"Index Cond":"(supplier.su_suppkey = mod((stock.s_w_id * stock.s_i_id), 10000))","Rows Removed by Index Recheck":0,"Shared Hit Blocks":9108,"Shared Read Blocks":0,"Shared Dirtied Blocks":0,"Shared Written Blocks":0,"Local Hit Blocks":0,"Local Read Blocks":0,"Local Dirtied Blocks":0,"Local Written Blocks":0,"Temp Read Blocks":0,"Temp Written Blocks":0,"I/O Read Time":0.0,"I/O Write Time":0.0,"Temp I/O Read Time":0.0,"Temp I/O Write Time":0.0}]},{"Node Type":"Hash","Parent Relationship":"Inner","Parallel Aware":false,"Async Capable":false,"Startup Cost":2.99,"Total Cost":2.99,"Plan Rows":12,"Plan Width":12,"Actual Startup Time":0.042,"Actual Total Time":0.044,"Actual Rows":22,"Actual Loops":1,"Output":["nation.n_name","nation.n_nationkey"],"Hash Buckets":1024,"Original Hash Buckets":1024,"Hash Batches":1,"Original Hash Batches":1,"Peak Memory Usage":9,"Shared Hit Blocks":2,"Shared Read Blocks":0,"Shared Dirtied Blocks":0,"Shared Written Blocks":0,"Local Hit Blocks":0,"Local Read Blocks":0,"Local Dirtied Blocks":0,"Local Written Blocks":0,"Temp Read Blocks":0,"Temp Written Blocks":0,"I/O Read Time":0.0,"I/O Write Time":0.0,"Temp I/O Read Time":0.0,"Temp I/O Write Time":0.0,"Plans":[{"Node Type":"Hash Join","Parent Relationship":"Outer","Parallel Aware":false,"Async Capable":false,"Join Type":"Inner","Startup Cost":1.07,"Total Cost":2.99,"Plan Rows":12,"Plan Width":12,"Actual Startup Time":0.026,"Actual Total Time":0.039,"Actual Rows":22,"Actual Loops":1,"Output":["nation.n_name","nation.n_nationkey"],"Inner Unique":true,"Hash Cond":"(nation.n_regionkey = region.r_regionkey)","Shared Hit Blocks":2,"Shared Read Blocks":0,"Shared Dirtied Blocks":0,"Shared Written Blocks":0,"Local Hit Blocks":0,"Local Read Blocks":0,"Local Dirtied Blocks":0,"Local Written Blocks":0,"Temp Read Blocks":0,"Temp Written Blocks":0,"I/O Read Time":0.0,"I/O Write Time":0.0,"Temp I/O Read Time":0.0,"Temp I/O Write Time":0.0,"Plans":[{"Node Type":"Seq Scan","Parent Relationship":"Outer","Parallel Aware":false,"Async Capable":false,"Relation Name":"nation","Schema":"public","Alias":"nation","Startup Cost":0.0,"Total Cost":1.62,"Plan Rows":62,"Plan Width":16,"Actual Startup Time":0.008,"Actual Total Time":0.012,"Actual Rows":62,"Actual Loops":1,"Output":["nation.n_nationkey","nation.n_name","nation.n_regionkey","nation.n_comment"],"Shared Hit Blocks":1,"Shared Read Blocks":0,"Shared Dirtied Blocks":0,"Shared Written Blocks":0,"Local Hit Blocks":0,"Local Read Blocks":0,"Local Dirtied Blocks":0,"Local Written Blocks":0,"Temp Read Blocks":0,"Temp Written Blocks":0,"I/O Read Time":0.0,"I/O Write Time":0.0,"Temp I/O Read Time":0.0,"Temp I/O Write Time":0.0},{"Node Type":"Hash","Parent Relationship":"Inner","Parallel Aware":false,"Async Capable":false,"Startup Cost":1.06,"Total Cost":1.06,"Plan Rows":1,"Plan Width":4,"Actual Startup Time":0.01,"Actual Total Time":0.011,"Actual Rows":1,"Actual Loops":1,"Output":["region.r_regionkey"],"Hash Buckets":1024,"Original Hash Buckets":1024,"Hash Batches":1,"Original Hash Batches":1,"Peak Memory Usage":9,"Shared Hit Blocks":1,"Shared Read Blocks":0,"Shared Dirtied Blocks":0,"Shared Written Blocks":0,"Local Hit Blocks":0,"Local Read Blocks":0,"Local Dirtied Blocks":0,"Local Written Blocks":0,"Temp Read Blocks":0,"Temp Written Blocks":0,"I/O Read Time":0.0,"I/O Write Time":0.0,"Temp I/O Read Time":0.0,"Temp I/O Write Time":0.0,"Plans":[{"Node Type":"Seq Scan","Parent Relationship":"Outer","Parallel Aware":false,"Async Capable":false,"Relation Name":"region","Schema":"public","Alias":"region","Startup Cost":0.0,"Total Cost":1.06,"Plan Rows":1,"Plan Width":4,"Actual Startup Time":0.007,"Actual Total Time":0.008,"Actual Rows":1,"Actual Loops":1,"Output":["region.r_regionkey"],"Filter":"((region.r_name)::text ~~ 'Europ%'::text)","Rows Removed by Filter":4,"Shared Hit Blocks":1,"Shared Read Blocks":0,"Shared Dirtied Blocks":0,"Shared Written Blocks":0,"Local Hit Blocks":0,"Local Read Blocks":0,"Local Dirtied Blocks":0,"Local Written Blocks":0,"Temp Read Blocks":0,"Temp Written Blocks":0,"I/O Read Time":0.0,"I/O Write Time":0.0,"Temp I/O Read Time":0.0,"Temp I/O Write Time":0.0}]}]}]}]}]},"Planning":{"Shared Hit Blocks":36,"Shared Read Blocks":0,"Shared Dirtied Blocks":0,"Shared Written Blocks":0,"Local Hit Blocks":0,"Local Read Blocks":0,"Local Dirtied Blocks":0,"Local Written Blocks":0,"Temp Read Blocks":0,"Temp Written Blocks":0,"I/O Read Time":0.0,"I/O Write Time":0.0,"Temp I/O Read Time":0.0,"Temp I/O Write Time":0.0},"Planning Time":0.85,"Triggers":[],"Execution Time":6289.558}]
[列存组合]: item, region
[{"Plan":{"Node Type":"Sort","Parallel Aware":false,"Async Capable":false,"Startup Cost":1276785.93,"Total Cost":1276786.42,"Plan Rows":198,"Plan Width":164,"Actual Startup Time":6285.105,"Actual Total Time":6285.193,"Actual Rows":1900,"Actual Loops":1,"Output":["supplier.su_suppkey","supplier.su_name","nation.n_name","item.i_id","item.i_name","supplier.su_address","supplier.su_phone","supplier.su_comment"],"Sort Key":["nation.n_name","supplier.su_name","item.i_id"],"Sort Method":"quicksort","Sort Space Used":439,"Sort Space Type":"Memory","Shared Hit Blocks":842721,"Shared Read Blocks":0,"Shared Dirtied Blocks":0,"Shared Written Blocks":0,"Local Hit Blocks":0,"Local Read Blocks":0,"Local Dirtied Blocks":0,"Local Written Blocks":0,"Temp Read Blocks":4157,"Temp Written Blocks":7564,"I/O Read Time":0.0,"I/O Write Time":0.0,"Temp I/O Read Time":6.31,"Temp I/O Write Time":26.774,"Plans":[{"Node Type":"Hash Join","Parent Relationship":"Outer","Parallel Aware":false,"Async Capable":false,"Join Type":"Inner","Startup Cost":732458.52,"Total Cost":1276778.37,"Plan Rows":198,"Plan Width":164,"Actual Startup Time":3978.402,"Actual Total Time":6281.209,"Actual Rows":1900,"Actual Loops":1,"Output":["supplier.su_suppkey","supplier.su_name","nation.n_name","item.i_id","item.i_name","supplier.su_address","supplier.su_phone","supplier.su_comment"],"Inner Unique":false,"Hash Cond":"(supplier.su_nationkey = nation.n_nationkey)","Shared Hit Blocks":842721,"Shared Read Blocks":0,"Shared Dirtied Blocks":0,"Shared Written Blocks":0,"Local Hit Blocks":0,"Local Read Blocks":0,"Local Dirtied Blocks":0,"Local Written Blocks":0,"Temp Read Blocks":4157,"Temp Written Blocks":7564,"I/O Read Time":0.0,"I/O Write Time":0.0,"Temp I/O Read Time":6.31,"Temp I/O Write Time":26.774,"Plans":[{"Node Type":"Nested Loop","Parent Relationship":"Outer","Parallel Aware":false,"Async Capable":false,"Join Type":"Inner","Startup Cost":732455.38,"Total Cost":1276769.6,"Plan Rows":991,"Plan Width":160,"Actual Startup Time":3978.353,"Actual Total Time":6280.124,"Actual Rows":3036,"Actual Loops":1,"Output":["item.i_id","item.i_name","supplier.su_suppkey","supplier.su_name","supplier.su_address","supplier.su_phone","supplier.su_comment","supplier.su_nationkey"],"Inner Unique":true,"Shared Hit Blocks":842719,"Shared Read Blocks":0,"Shared Dirtied Blocks":0,"Shared Written Blocks":0,"Local Hit Blocks":0,"Local Read Blocks":0,"Local Dirtied Blocks":0,"Local Written Blocks":0,"Temp Read Blocks":4157,"Temp Written Blocks":7564,"I/O Read Time":0.0,"I/O Write Time":0.0,"Temp I/O Read Time":6.31,"Temp I/O Write Time":26.774,"Plans":[{"Node Type":"Hash Join","Parent Relationship":"Outer","Parallel Aware":false,"Async Capable":false,"Join Type":"Inner","Startup Cost":732455.09,"Total Cost":1276464.76,"Plan Rows":991,"Plan Width":35,"Actual Startup Time":3978.331,"Actual Total Time":6270.164,"Actual Rows":3036,"Actual Loops":1,"Output":["item.i_id","item.i_name","stock.s_i_id","stock.s_w_id"],"Inner Unique":true,"Hash Cond":"((item.i_id = stock_1.s_i_id) AND (stock.s_quantity = (min(stock_1.s_quantity))))","Shared Hit Blocks":833611,"Shared Read Blocks":0,"Shared Dirtied Blocks":0,"Shared Written Blocks":0,"Local Hit Blocks":0,"Local Read Blocks":0,"Local Dirtied Blocks":0,"Local Written Blocks":0,"Temp Read Blocks":4157,"Temp Written Blocks":7564,"I/O Read Time":0.0,"I/O Write Time":0.0,"Temp I/O Read Time":6.31,"Temp I/O Write Time":26.774,"Plans":[{"Node Type":"Hash Join","Parent Relationship":"Outer","Parallel Aware":false,"Async Capable":false,"Join Type":"Inner","Startup Cost":1293.42,"Total Cost":544242.58,"Plan Rows":202003,"Plan Width":37,"Actual Startup Time":8.506,"Actual Total Time":2261.979,"Actual Rows":157200,"Actual Loops":1,"Output":["item.i_id","item.i_name","stock.s_i_id","stock.s_w_id","stock.s_quantity"],"Inner Unique":true,"Hash Cond":"(stock.s_i_id = item.i_id)","Shared Hit Blocks":416696,"Shared Read Blocks":0,"Shared Dirtied Blocks":0,"Shared Written Blocks":0,"Local Hit Blocks":0,"Local Read Blocks":0,"Local Dirtied Blocks":0,"Local Written Blocks":0,"Temp Read Blocks":0,"Temp Written Blocks":0,"I/O Read Time":0.0,"I/O Write Time":0.0,"Temp I/O Read Time":0.0,"Temp I/O Write Time":0.0,"Plans":[{"Node Type":"Seq Scan","Parent Relationship":"Outer","Parallel Aware":false,"Async Capable":false,"Relation Name":"stock","Schema":"public","Alias":"stock","Startup Cost":0.0,"Total Cost":516697.62,"Plan Rows":10000162,"Plan Width":8,"Actual Startup Time":0.005,"Actual Total Time":933.427,"Actual Rows":10000000,"Actual Loops":1,"Output":["stock.s_i_id","stock.s_w_id","stock.s_quantity","stock.s_dist_01","stock.s_dist_02","stock.s_dist_03","stock.s_dist_04","stock.s_dist_05","stock.s_dist_06","stock.s_dist_07","stock.s_dist_08","stock.s_dist_09","stock.s_dist_10","stock.s_ytd","stock.s_order_cnt","stock.s_remote_cnt","stock.s_data"],"Shared Hit Blocks":416696,"Shared Read Blocks":0,"Shared Dirtied Blocks":0,"Shared Written Blocks":0,"Local Hit Blocks":0,"Local Read Blocks":0,"Local Dirtied Blocks":0,"Local Written Blocks":0,"Temp Read Blocks":0,"Temp Written Blocks":0,"I/O Read Time":0.0,"I/O Write Time":0.0,"Temp I/O Read Time":0.0,"Temp I/O Write Time":0.0},{"Node Type":"Hash","Parent Relationship":"Inner","Parallel Aware":false,"Async Capable":false,"Startup Cost":1268.16,"Total Cost":1268.16,"Plan Rows":2021,"Plan Width":29,"Actual Startup Time":8.48,"Actual Total Time":8.483,"Actual Rows":1572,"Actual Loops":1,"Output":["item.i_id","item.i_name"],"Hash Buckets":2048,"Original Hash Buckets":2048,"Hash Batches":1,"Original Hash Batches":1,"Peak Memory Usage":110,"Shared Hit Blocks":0,"Shared Read Blocks":0,"Shared Dirtied Blocks":0,"Shared Written Blocks":0,"Local Hit Blocks":0,"Local Read Blocks":0,"Local Dirtied Blocks":0,"Local Written Blocks":0,"Temp Read Blocks":0,"Temp Written Blocks":0,"I/O Read Time":0.0,"I/O Write Time":0.0,"Temp I/O Read Time":0.0,"Temp I/O Write Time":0.0,"Plans":[{"Node Type":"Append","Parent Relationship":"Outer","Parallel Aware":false,"Async Capable":false,"Startup Cost":20.0,"Total Cost":1268.16,"Plan Rows":2021,"Plan Width":29,"Actual Startup Time":7.282,"Actual Total Time":8.034,"Actual Rows":1572,"Actual Loops":1,"Shared Hit Blocks":0,"Shared Read Blocks":0,"Shared Dirtied Blocks":0,"Shared Written Blocks":0,"Local Hit Blocks":0,"Local Read Blocks":0,"Local Dirtied Blocks":0,"Local Written Blocks":0,"Temp Read Blocks":0,"Temp Written Blocks":0,"I/O Read Time":0.0,"I/O Write Time":0.0,"Temp I/O Read Time":0.0,"Temp I/O Write Time":0.0,"Subplans Removed":0,"Plans":[{"Node Type":"Custom Scan","Parent Relationship":"Member","Custom Plan Provider":"columnar scan","Parallel Aware":false,"Async Capable":false,"Relation Name":"item","Schema":"public","Alias":"item","Startup Cost":20.0,"Total Cost":59.4,"Plan Rows":2020,"Plan Width":29,"Actual Startup Time":7.28,"Actual Total Time":7.918,"Actual Rows":1572,"Actual Loops":1,"Output":["item.i_id","item.i_name"],"Filter":"((item.i_data)::text ~~ '%b'::text)","Rows Removed by Filter":0,"Rows Removed by Columnar Filter":98428,"Columnar cache search mode":"native","Shared Hit Blocks":0,"Shared Read Blocks":0,"Shared Dirtied Blocks":0,"Shared Written Blocks":0,"Local Hit Blocks":0,"Local Read Blocks":0,"Local Dirtied Blocks":0,"Local Written Blocks":0,"Temp Read Blocks":0,"Temp Written Blocks":0,"I/O Read Time":0.0,"I/O Write Time":0.0,"Temp I/O Read Time":0.0,"Temp I/O Write Time":0.0},{"Node Type":"Seq Scan","Parent Relationship":"Member","Parallel Aware":false,"Async Capable":false,"Relation Name":"item","Schema":"public","Alias":"item","Startup Cost":0.0,"Total Cost":4.01,"Plan Rows":1,"Plan Width":29,"Actual Startup Time":0.0,"Actual Total Time":0.0,"Actual Rows":0,"Actual Loops":0,"Output":["item.i_id","item.i_name"],"Filter":"((item.i_data)::text ~~ '%b'::text)","Rows Removed by Filter":0,"Shared Hit Blocks":0,"Shared Read Blocks":0,"Shared Dirtied Blocks":0,"Shared Written Blocks":0,"Local Hit Blocks":0,"Local Read Blocks":0,"Local Dirtied Blocks":0,"Local Written Blocks":0,"Temp Read Blocks":0,"Temp Written Blocks":0,"I/O Read Time":0.0,"I/O Write Time":0.0,"Temp I/O Read Time":0.0,"Temp I/O Write Time":0.0}]}]}]},{"Node Type":"Hash","Parent Relationship":"Inner","Parallel Aware":false,"Async Capable":false,"Startup Cost":729690.09,"Total Cost":729690.09,"Plan Rows":98105,"Plan Width":6,"Actual Startup Time":3969.015,"Actual Total Time":3969.019,"Actual Rows":100000,"Actual Loops":1,"Output":["stock_1.s_i_id","(min(stock_1.s_quantity))"],"Hash Buckets":131072,"Original Hash Buckets":131072,"Hash Batches":1,"Original Hash Batches":1,"Peak Memory Usage":4735,"Shared Hit Blocks":416915,"Shared Read Blocks":0,"Shared Dirtied Blocks":0,"Shared Written Blocks":0,"Local Hit Blocks":0,"Local Read Blocks":0,"Local Dirtied Blocks":0,"Local Written Blocks":0,"Temp Read Blocks":4157,"Temp Written Blocks":7564,"I/O Read Time":0.0,"I/O Write Time":0.0,"Temp I/O Read Time":6.31,"Temp I/O Write Time":26.774,"Plans":[{"Node Type":"Aggregate","Strategy":"Hashed","Partial Mode":"Simple","Parent Relationship":"Outer","Parallel Aware":false,"Async Capable":false,"Startup Cost":712102.74,"Total Cost":728709.04,"Plan Rows":98105,"Plan Width":6,"Actual Startup Time":3783.388,"Actual Total Time":3954.384,"Actual Rows":100000,"Actual Loops":1,"Output":["stock_1.s_i_id","min(stock_1.s_quantity)"],"Group Key":["stock_1.s_i_id"],"Planned Partitions":0,"HashAgg Batches":5,"Peak Memory Usage":8241,"Disk Usage":35680,"Shared Hit Blocks":416915,"Shared Read Blocks":0,"Shared Dirtied Blocks":0,"Shared Written Blocks":0,"Local Hit Blocks":0,"Local Read Blocks":0,"Local Dirtied Blocks":0,"Local Written Blocks":0,"Temp Read Blocks":4157,"Temp Written Blocks":7564,"I/O Read Time":0.0,"I/O Write Time":0.0,"Temp I/O Read Time":6.31,"Temp I/O Write Time":26.774,"Plans":[{"Node Type":"Hash Join","Parent Relationship":"Outer","Parallel Aware":false,"Async Capable":false,"Join Type":"Inner","Startup Cost":401.99,"Total Cost":599600.94,"Plan Rows":2000032,"Plan Width":6,"Actual Startup Time":2.512,"Actual Total Time":3093.239,"Actual Rows":3474600,"Actual Loops":1,"Output":["stock_1.s_i_id","stock_1.s_quantity"],"Inner Unique":false,"Hash Cond":"(mod((stock_1.s_w_id * stock_1.s_i_id), 10000) = supplier_1.su_suppkey)","Shared Hit Blocks":416915,"Shared Read Blocks":0,"Shared Dirtied Blocks":0,"Shared Written Blocks":0,"Local Hit Blocks":0,"Local Read Blocks":0,"Local Dirtied Blocks":0,"Local Written Blocks":0,"Temp Read Blocks":0,"Temp Written Blocks":0,"I/O Read Time":0.0,"I/O Write Time":0.0,"Temp I/O Read Time":0.0,"Temp I/O Write Time":0.0,"Plans":[{"Node Type":"Seq Scan","Parent Relationship":"Outer","Parallel Aware":false,"Async Capable":false,"Relation Name":"stock","Schema":"public","Alias":"stock_1","Startup Cost":0.0,"Total Cost":516697.62,"Plan Rows":10000162,"Plan Width":8,"Actual Startup Time":0.005,"Actual Total Time":1018.954,"Actual Rows":10000000,"Actual Loops":1,"Output":["stock_1.s_i_id","stock_1.s_w_id","stock_1.s_quantity","stock_1.s_dist_01","stock_1.s_dist_02","stock_1.s_dist_03","stock_1.s_dist_04","stock_1.s_dist_05","stock_1.s_dist_06","stock_1.s_dist_07","stock_1.s_dist_08","stock_1.s_dist_09","stock_1.s_dist_10","stock_1.s_ytd","stock_1.s_order_cnt","stock_1.s_remote_cnt","stock_1.s_data"],"Shared Hit Blocks":416696,"Shared Read Blocks":0,"Shared Dirtied Blocks":0,"Shared Written Blocks":0,"Local Hit Blocks":0,"Local Read Blocks":0,"Local Dirtied Blocks":0,"Local Written Blocks":0,"Temp Read Blocks":0,"Temp Written Blocks":0,"I/O Read Time":0.0,"I/O Write Time":0.0,"Temp I/O Read Time":0.0,"Temp I/O Write Time":0.0},{"Node Type":"Hash","Parent Relationship":"Inner","Parallel Aware":false,"Async Capable":false,"Startup Cost":376.99,"Total Cost":376.99,"Plan Rows":2000,"Plan Width":4,"Actual Startup Time":2.503,"Actual Total Time":2.505,"Actual Rows":3506,"Actual Loops":1,"Output":["supplier_1.su_suppkey"],"Hash Buckets":4096,"Original Hash Buckets":2048,"Hash Batches":1,"Original Hash Batches":1,"Peak Memory Usage":156,"Shared Hit Blocks":219,"Shared Read Blocks":0,"Shared Dirtied Blocks":0,"Shared Written Blocks":0,"Local Hit Blocks":0,"Local Read Blocks":0,"Local Dirtied Blocks":0,"Local Written Blocks":0,"Temp Read Blocks":0,"Temp Written Blocks":0,"I/O Read Time":0.0,"I/O Write Time":0.0,"Temp I/O Read Time":0.0,"Temp I/O Write Time":0.0,"Plans":[{"Node Type":"Hash Join","Parent Relationship":"Outer","Parallel Aware":false,"Async Capable":false,"Join Type":"Inner","Startup Cost":3.14,"Total Cost":376.99,"Plan Rows":2000,"Plan Width":4,"Actual Startup Time":0.033,"Actual Total Time":2.115,"Actual Rows":3506,"Actual Loops":1,"Output":["supplier_1.su_suppkey"],"Inner Unique":false,"Hash Cond":"(supplier_1.su_nationkey = nation_1.n_nationkey)","Shared Hit Blocks":219,"Shared Read Blocks":0,"Shared Dirtied Blocks":0,"Shared Written Blocks":0,"Local Hit Blocks":0,"Local Read Blocks":0,"Local Dirtied Blocks":0,"Local Written Blocks":0,"Temp Read Blocks":0,"Temp Written Blocks":0,"I/O Read Time":0.0,"I/O Write Time":0.0,"Temp I/O Read Time":0.0,"Temp I/O Write Time":0.0,"Plans":[{"Node Type":"Seq Scan","Parent Relationship":"Outer","Parallel Aware":false,"Async Capable":false,"Relation Name":"supplier","Schema":"public","Alias":"supplier_1","Startup Cost":0.0,"Total Cost":317.0,"Plan Rows":10000,"Plan Width":8,"Actual Startup Time":0.005,"Actual Total Time":0.791,"Actual Rows":10000,"Actual Loops":1,"Output":["supplier_1.su_suppkey","supplier_1.su_name","supplier_1.su_address","supplier_1.su_nationkey","supplier_1.su_phone","supplier_1.su_acctbal","supplier_1.su_comment"],"Shared Hit Blocks":217,"Shared Read Blocks":0,"Shared Dirtied Blocks":0,"Shared Written Blocks":0,"Local Hit Blocks":0,"Local Read Blocks":0,"Local Dirtied Blocks":0,"Local Written Blocks":0,"Temp Read Blocks":0,"Temp Written Blocks":0,"I/O Read Time":0.0,"I/O Write Time":0.0,"Temp I/O Read Time":0.0,"Temp I/O Write Time":0.0},{"Node Type":"Hash","Parent Relationship":"Inner","Parallel Aware":false,"Async Capable":false,"Startup Cost":2.99,"Total Cost":2.99,"Plan Rows":12,"Plan Width":4,"Actual Startup Time":0.025,"Actual Total Time":0.027,"Actual Rows":22,"Actual Loops":1,"Output":["nation_1.n_nationkey"],"Hash Buckets":1024,"Original Hash Buckets":1024,"Hash Batches":1,"Original Hash Batches":1,"Peak Memory Usage":9,"Shared Hit Blocks":2,"Shared Read Blocks":0,"Shared Dirtied Blocks":0,"Shared Written Blocks":0,"Local Hit Blocks":0,"Local Read Blocks":0,"Local Dirtied Blocks":0,"Local Written Blocks":0,"Temp Read Blocks":0,"Temp Written Blocks":0,"I/O Read Time":0.0,"I/O Write Time":0.0,"Temp I/O Read Time":0.0,"Temp I/O Write Time":0.0,"Plans":[{"Node Type":"Hash Join","Parent Relationship":"Outer","Parallel Aware":false,"Async Capable":false,"Join Type":"Inner","Startup Cost":1.07,"Total Cost":2.99,"Plan Rows":12,"Plan Width":4,"Actual Startup Time":0.011,"Actual Total Time":0.023,"Actual Rows":22,"Actual Loops":1,"Output":["nation_1.n_nationkey"],"Inner Unique":true,"Hash Cond":"(nation_1.n_regionkey = region_1.r_regionkey)","Shared Hit Blocks":2,"Shared Read Blocks":0,"Shared Dirtied Blocks":0,"Shared Written Blocks":0,"Local Hit Blocks":0,"Local Read Blocks":0,"Local Dirtied Blocks":0,"Local Written Blocks":0,"Temp Read Blocks":0,"Temp Written Blocks":0,"I/O Read Time":0.0,"I/O Write Time":0.0,"Temp I/O Read Time":0.0,"Temp I/O Write Time":0.0,"Plans":[{"Node Type":"Seq Scan","Parent Relationship":"Outer","Parallel Aware":false,"Async Capable":false,"Relation Name":"nation","Schema":"public","Alias":"nation_1","Startup Cost":0.0,"Total Cost":1.62,"Plan Rows":62,"Plan Width":8,"Actual Startup Time":0.003,"Actual Total Time":0.006,"Actual Rows":62,"Actual Loops":1,"Output":["nation_1.n_nationkey","nation_1.n_name","nation_1.n_regionkey","nation_1.n_comment"],"Shared Hit Blocks":1,"Shared Read Blocks":0,"Shared Dirtied Blocks":0,"Shared Written Blocks":0,"Local Hit Blocks":0,"Local Read Blocks":0,"Local Dirtied Blocks":0,"Local Written Blocks":0,"Temp Read Blocks":0,"Temp Written Blocks":0,"I/O Read Time":0.0,"I/O Write Time":0.0,"Temp I/O Read Time":0.0,"Temp I/O Write Time":0.0},{"Node Type":"Hash","Parent Relationship":"Inner","Parallel Aware":false,"Async Capable":false,"Startup Cost":1.06,"Total Cost":1.06,"Plan Rows":1,"Plan Width":4,"Actual Startup Time":0.005,"Actual Total Time":0.005,"Actual Rows":1,"Actual Loops":1,"Output":["region_1.r_regionkey"],"Hash Buckets":1024,"Original Hash Buckets":1024,"Hash Batches":1,"Original Hash Batches":1,"Peak Memory Usage":9,"Shared Hit Blocks":1,"Shared Read Blocks":0,"Shared Dirtied Blocks":0,"Shared Written Blocks":0,"Local Hit Blocks":0,"Local Read Blocks":0,"Local Dirtied Blocks":0,"Local Written Blocks":0,"Temp Read Blocks":0,"Temp Written Blocks":0,"I/O Read Time":0.0,"I/O Write Time":0.0,"Temp I/O Read Time":0.0,"Temp I/O Write Time":0.0,"Plans":[{"Node Type":"Seq Scan","Parent Relationship":"Outer","Parallel Aware":false,"Async Capable":false,"Relation Name":"region","Schema":"public","Alias":"region_1","Startup Cost":0.0,"Total Cost":1.06,"Plan Rows":1,"Plan Width":4,"Actual Startup Time":0.003,"Actual Total Time":0.004,"Actual Rows":1,"Actual Loops":1,"Output":["region_1.r_regionkey"],"Filter":"((region_1.r_name)::text ~~ 'Europ%'::text)","Rows Removed by Filter":4,"Shared Hit Blocks":1,"Shared Read Blocks":0,"Shared Dirtied Blocks":0,"Shared Written Blocks":0,"Local Hit Blocks":0,"Local Read Blocks":0,"Local Dirtied Blocks":0,"Local Written Blocks":0,"Temp Read Blocks":0,"Temp Written Blocks":0,"I/O Read Time":0.0,"I/O Write Time":0.0,"Temp I/O Read Time":0.0,"Temp I/O Write Time":0.0}]}]}]}]}]}]}]}]}]},{"Node Type":"Index Scan","Parent Relationship":"Inner","Parallel Aware":false,"Async Capable":false,"Scan Direction":"Forward","Index Name":"supplier_pk","Relation Name":"supplier","Schema":"public","Alias":"supplier","Startup Cost":0.29,"Total Cost":0.31,"Plan Rows":1,"Plan Width":131,"Actual Startup Time":0.003,"Actual Total Time":0.003,"Actual Rows":1,"Actual Loops":3036,"Output":["supplier.su_suppkey","supplier.su_name","supplier.su_address","supplier.su_nationkey","supplier.su_phone","supplier.su_acctbal","supplier.su_comment"],"Index Cond":"(supplier.su_suppkey = mod((stock.s_w_id * stock.s_i_id), 10000))","Rows Removed by Index Recheck":0,"Shared Hit Blocks":9108,"Shared Read Blocks":0,"Shared Dirtied Blocks":0,"Shared Written Blocks":0,"Local Hit Blocks":0,"Local Read Blocks":0,"Local Dirtied Blocks":0,"Local Written Blocks":0,"Temp Read Blocks":0,"Temp Written Blocks":0,"I/O Read Time":0.0,"I/O Write Time":0.0,"Temp I/O Read Time":0.0,"Temp I/O Write Time":0.0}]},{"Node Type":"Hash","Parent Relationship":"Inner","Parallel Aware":false,"Async Capable":false,"Startup Cost":2.99,"Total Cost":2.99,"Plan Rows":12,"Plan Width":12,"Actual Startup Time":0.042,"Actual Total Time":0.044,"Actual Rows":22,"Actual Loops":1,"Output":["nation.n_name","nation.n_nationkey"],"Hash Buckets":1024,"Original Hash Buckets":1024,"Hash Batches":1,"Original Hash Batches":1,"Peak Memory Usage":9,"Shared Hit Blocks":2,"Shared Read Blocks":0,"Shared Dirtied Blocks":0,"Shared Written Blocks":0,"Local Hit Blocks":0,"Local Read Blocks":0,"Local Dirtied Blocks":0,"Local Written Blocks":0,"Temp Read Blocks":0,"Temp Written Blocks":0,"I/O Read Time":0.0,"I/O Write Time":0.0,"Temp I/O Read Time":0.0,"Temp I/O Write Time":0.0,"Plans":[{"Node Type":"Hash Join","Parent Relationship":"Outer","Parallel Aware":false,"Async Capable":false,"Join Type":"Inner","Startup Cost":1.07,"Total Cost":2.99,"Plan Rows":12,"Plan Width":12,"Actual Startup Time":0.027,"Actual Total Time":0.04,"Actual Rows":22,"Actual Loops":1,"Output":["nation.n_name","nation.n_nationkey"],"Inner Unique":true,"Hash Cond":"(nation.n_regionkey = region.r_regionkey)","Shared Hit Blocks":2,"Shared Read Blocks":0,"Shared Dirtied Blocks":0,"Shared Written Blocks":0,"Local Hit Blocks":0,"Local Read Blocks":0,"Local Dirtied Blocks":0,"Local Written Blocks":0,"Temp Read Blocks":0,"Temp Written Blocks":0,"I/O Read Time":0.0,"I/O Write Time":0.0,"Temp I/O Read Time":0.0,"Temp I/O Write Time":0.0,"Plans":[{"Node Type":"Seq Scan","Parent Relationship":"Outer","Parallel Aware":false,"Async Capable":false,"Relation Name":"nation","Schema":"public","Alias":"nation","Startup Cost":0.0,"Total Cost":1.62,"Plan Rows":62,"Plan Width":16,"Actual Startup Time":0.009,"Actual Total Time":0.013,"Actual Rows":62,"Actual Loops":1,"Output":["nation.n_nationkey","nation.n_name","nation.n_regionkey","nation.n_comment"],"Shared Hit Blocks":1,"Shared Read Blocks":0,"Shared Dirtied Blocks":0,"Shared Written Blocks":0,"Local Hit Blocks":0,"Local Read Blocks":0,"Local Dirtied Blocks":0,"Local Written Blocks":0,"Temp Read Blocks":0,"Temp Written Blocks":0,"I/O Read Time":0.0,"I/O Write Time":0.0,"Temp I/O Read Time":0.0,"Temp I/O Write Time":0.0},{"Node Type":"Hash","Parent Relationship":"Inner","Parallel Aware":false,"Async Capable":false,"Startup Cost":1.06,"Total Cost":1.06,"Plan Rows":1,"Plan Width":4,"Actual Startup Time":0.009,"Actual Total Time":0.01,"Actual Rows":1,"Actual Loops":1,"Output":["region.r_regionkey"],"Hash Buckets":1024,"Original Hash Buckets":1024,"Hash Batches":1,"Original Hash Batches":1,"Peak Memory Usage":9,"Shared Hit Blocks":1,"Shared Read Blocks":0,"Shared Dirtied Blocks":0,"Shared Written Blocks":0,"Local Hit Blocks":0,"Local Read Blocks":0,"Local Dirtied Blocks":0,"Local Written Blocks":0,"Temp Read Blocks":0,"Temp Written Blocks":0,"I/O Read Time":0.0,"I/O Write Time":0.0,"Temp I/O Read Time":0.0,"Temp I/O Write Time":0.0,"Plans":[{"Node Type":"Seq Scan","Parent Relationship":"Outer","Parallel Aware":false,"Async Capable":false,"Relation Name":"region","Schema":"public","Alias":"region","Startup Cost":0.0,"Total Cost":1.06,"Plan Rows":1,"Plan Width":4,"Actual Startup Time":0.007,"Actual Total Time":0.007,"Actual Rows":1,"Actual Loops":1,"Output":["region.r_regionkey"],"Filter":"((region.r_name)::text ~~ 'Europ%'::text)","Rows Removed by Filter":4,"Shared Hit Blocks":1,"Shared Read Blocks":0,"Shared Dirtied Blocks":0,"Shared Written Blocks":0,"Local Hit Blocks":0,"Local Read Blocks":0,"Local Dirtied Blocks":0,"Local Written Blocks":0,"Temp Read Blocks":0,"Temp Written Blocks":0,"I/O Read Time":0.0,"I/O Write Time":0.0,"Temp I/O Read Time":0.0,"Temp I/O Write Time":0.0}]}]}]}]}]},"Planning":{"Shared Hit Blocks":36,"Shared Read Blocks":0,"Shared Dirtied Blocks":0,"Shared Written Blocks":0,"Local Hit Blocks":0,"Local Read Blocks":0,"Local Dirtied Blocks":0,"Local Written Blocks":0,"Temp Read Blocks":0,"Temp Written Blocks":0,"I/O Read Time":0.0,"I/O Write Time":0.0,"Temp I/O Read Time":0.0,"Temp I/O Write Time":0.0},"Planning Time":0.788,"Triggers":[],"Execution Time":6291.789}]
[列存组合]: item, stock
[{"Plan":{"Node Type":"Sort","Parallel Aware":false,"Async Capable":false,"Startup Cost":455187.99,"Total Cost":455188.49,"Plan Rows":198,"Plan Width":164,"Actual Startup Time":4537.551,"Actual Total Time":4537.652,"Actual Rows":1900,"Actual Loops":1,"Output":["supplier.su_suppkey","supplier.su_name","nation.n_name","item.i_id","item.i_name","supplier.su_address","supplier.su_phone","supplier.su_comment"],"Sort Key":["nation.n_name","supplier.su_name","item.i_id"],"Sort Method":"quicksort","Sort Space Used":439,"Sort Space Type":"Memory","Shared Hit Blocks":9329,"Shared Read Blocks":0,"Shared Dirtied Blocks":0,"Shared Written Blocks":0,"Local Hit Blocks":0,"Local Read Blocks":0,"Local Dirtied Blocks":0,"Local Written Blocks":0,"Temp Read Blocks":4157,"Temp Written Blocks":7564,"I/O Read Time":0.0,"I/O Write Time":0.0,"Temp I/O Read Time":6.415,"Temp I/O Write Time":25.756,"Plans":[{"Node Type":"Hash Join","Parent Relationship":"Outer","Parallel Aware":false,"Async Capable":false,"Join Type":"Inner","Startup Cost":429542.1,"Total Cost":455180.44,"Plan Rows":198,"Plan Width":164,"Actual Startup Time":4445.561,"Actual Total Time":4534.143,"Actual Rows":1900,"Actual Loops":1,"Output":["supplier.su_suppkey","supplier.su_name","nation.n_name","item.i_id","item.i_name","supplier.su_address","supplier.su_phone","supplier.su_comment"],"Hash Cond":"(supplier.su_nationkey = nation.n_nationkey)","Shared Hit Blocks":9329,"Shared Read Blocks":0,"Shared Dirtied Blocks":0,"Shared Written Blocks":0,"Local Hit Blocks":0,"Local Read Blocks":0,"Local Dirtied Blocks":0,"Local Written Blocks":0,"Temp Read Blocks":4157,"Temp Written Blocks":7564,"I/O Read Time":0.0,"I/O Write Time":0.0,"Temp I/O Read Time":6.415,"Temp I/O Write Time":25.756,"Plans":[{"Node Type":"Nested Loop","Parent Relationship":"Outer","Parallel Aware":false,"Async Capable":false,"Join Type":"Inner","Startup Cost":429538.96,"Total Cost":455171.66,"Plan Rows":991,"Plan Width":160,"Actual Startup Time":4445.497,"Actual Total Time":4533.504,"Actual Rows":3036,"Actual Loops":1,"Output":["item.i_id","item.i_name","supplier.su_suppkey","supplier.su_name","supplier.su_address","supplier.su_phone","supplier.su_comment","supplier.su_nationkey"],"Shared Hit Blocks":9327,"Shared Read Blocks":0,"Shared Dirtied Blocks":0,"Shared Written Blocks":0,"Local Hit Blocks":0,"Local Read Blocks":0,"Local Dirtied Blocks":0,"Local Written Blocks":0,"Temp Read Blocks":4157,"Temp Written Blocks":7564,"I/O Read Time":0.0,"I/O Write Time":0.0,"Temp I/O Read Time":6.415,"Temp I/O Write Time":25.756,"Plans":[{"Node Type":"Hash Join","Parent Relationship":"Outer","Parallel Aware":false,"Async Capable":false,"Join Type":"Inner","Startup Cost":429538.67,"Total Cost":454866.83,"Plan Rows":991,"Plan Width":35,"Actual Startup Time":4445.446,"Actual Total Time":4527.593,"Actual Rows":3036,"Actual Loops":1,"Output":["item.i_id","item.i_name","stock.s_i_id","stock.s_w_id"],"Hash Cond":"((item.i_id = stock_1.s_i_id) AND (stock.s_quantity = (min(stock_1.s_quantity))))","Shared Hit Blocks":219,"Shared Read Blocks":0,"Shared Dirtied Blocks":0,"Shared Written Blocks":0,"Local Hit Blocks":0,"Local Read Blocks":0,"Local Dirtied Blocks":0,"Local Written Blocks":0,"Temp Read Blocks":4157,"Temp Written Blocks":7564,"I/O Read Time":0.0,"I/O Write Time":0.0,"Temp I/O Read Time":6.415,"Temp I/O Write Time":25.756,"Plans":[{"Node Type":"Hash Join","Parent Relationship":"Outer","Parallel Aware":false,"Async Capable":false,"Join Type":"Inner","Startup Cost":48.95,"Total Cost":24316.6,"Plan Rows":202003,"Plan Width":37,"Actual Startup Time":43.557,"Actual Total Time":104.703,"Actual Rows":157200,"Actual Loops":1,"Output":["item.i_id","item.i_name","stock.s_i_id","stock.s_w_id","stock.s_quantity"],"Hash Cond":"(stock.s_i_id = item.i_id)","Rows Removed by Bloom Filter":21350409,"Shared Hit Blocks":0,"Shared Read Blocks":0,"Shared Dirtied Blocks":0,"Shared Written Blocks":0,"Local Hit Blocks":0,"Local Read Blocks":0,"Local Dirtied Blocks":0,"Local Written Blocks":0,"Temp Read Blocks":0,"Temp Written Blocks":0,"I/O Read Time":0.0,"I/O Write Time":0.0,"Temp I/O Read Time":0.0,"Temp I/O Write Time":0.0,"Plans":[{"Node Type":"Append","Parent Relationship":"Outer","Parallel Aware":false,"Async Capable":false,"Startup Cost":20.0,"Total Cost":215025.67,"Plan Rows":10000162,"Plan Width":8,"Actual Startup Time":0.167,"Actual Total Time":0.173,"Actual Rows":10000000,"Actual Loops":1,"Shared Hit Blocks":0,"Shared Read Blocks":0,"Shared Dirtied Blocks":0,"Shared Written Blocks":0,"Local Hit Blocks":0,"Local Read Blocks":0,"Local Dirtied Blocks":0,"Local Written Blocks":0,"Temp Read Blocks":0,"Temp Written Blocks":0,"I/O Read Time":0.0,"I/O Write Time":0.0,"Temp I/O Read Time":0.0,"Temp I/O Write Time":0.0,"Subplans Removed":0,"Plans":[{"Node Type":"Custom Scan","Parent Relationship":"Member","Custom Plan Provider":"columnar scan","Parallel Aware":false,"Async Capable":false,"Relation Name":"stock","Schema":"public","Alias":"stock","Startup Cost":20.0,"Total Cost":215020.05,"Plan Rows":10000000,"Plan Width":8,"Actual Startup Time":0.166,"Actual Total Time":0.168,"Actual Rows":10000000,"Actual Loops":1,"Output":["stock.s_i_id","stock.s_w_id","stock.s_quantity"],"Rows Removed by Columnar Filter":0,"Columnar cache search mode":"native","Shared Hit Blocks":0,"Shared Read Blocks":0,"Shared Dirtied Blocks":0,"Shared Written Blocks":0,"Local Hit Blocks":0,"Local Read Blocks":0,"Local Dirtied Blocks":0,"Local Written Blocks":0,"Temp Read Blocks":0,"Temp Written Blocks":0,"I/O Read Time":0.0,"I/O Write Time":0.0,"Temp I/O Read Time":0.0,"Temp I/O Write Time":0.0},{"Node Type":"Seq Scan","Parent Relationship":"Member","Parallel Aware":false,"Async Capable":false,"Relation Name":"stock","Schema":"public","Alias":"stock","Startup Cost":0.0,"Total Cost":5.62,"Plan Rows":162,"Plan Width":8,"Actual Startup Time":0.0,"Actual Total Time":0.0,"Actual Rows":0,"Actual Loops":0,"Output":["stock.s_i_id","stock.s_w_id","stock.s_quantity"],"Shared Hit Blocks":0,"Shared Read Blocks":0,"Shared Dirtied Blocks":0,"Shared Written Blocks":0,"Local Hit Blocks":0,"Local Read Blocks":0,"Local Dirtied Blocks":0,"Local Written Blocks":0,"Temp Read Blocks":0,"Temp Written Blocks":0,"I/O Read Time":0.0,"I/O Write Time":0.0,"Temp I/O Read Time":0.0,"Temp I/O Write Time":0.0}]},{"Node Type":"Hash","Parent Relationship":"Inner","Parallel Aware":false,"Async Capable":false,"Startup Cost":63.41,"Total Cost":63.41,"Plan Rows":2021,"Plan Width":29,"Actual Rows":1572,"Actual Loops":1,"Output":["item.i_id","item.i_name"],"Shared Hit Blocks":0,"Shared Read Blocks":0,"Shared Dirtied Blocks":0,"Shared Written Blocks":0,"Local Hit Blocks":0,"Local Read Blocks":0,"Local Dirtied Blocks":0,"Local Written Blocks":0,"Temp Read Blocks":0,"Temp Written Blocks":0,"I/O Read Time":0.0,"I/O Write Time":0.0,"Temp I/O Read Time":0.0,"Temp I/O Write Time":0.0,"Plans":[{"Node Type":"Append","Parent Relationship":"Outer","Parallel Aware":false,"Async Capable":false,"Startup Cost":20.0,"Total Cost":63.41,"Plan Rows":2021,"Plan Width":29,"Actual Startup Time":7.227,"Actual Total Time":7.23,"Actual Rows":1572,"Actual Loops":1,"Shared Hit Blocks":0,"Shared Read Blocks":0,"Shared Dirtied Blocks":0,"Shared Written Blocks":0,"Local Hit Blocks":0,"Local Read Blocks":0,"Local Dirtied Blocks":0,"Local Written Blocks":0,"Temp Read Blocks":0,"Temp Written Blocks":0,"I/O Read Time":0.0,"I/O Write Time":0.0,"Temp I/O Read Time":0.0,"Temp I/O Write Time":0.0,"Subplans Removed":0,"Plans":[{"Node Type":"Custom Scan","Parent Relationship":"Member","Custom Plan Provider":"columnar scan","Parallel Aware":false,"Async Capable":false,"Relation Name":"item","Schema":"public","Alias":"item","Startup Cost":20.0,"Total Cost":59.4,"Plan Rows":2020,"Plan Width":29,"Actual Startup Time":7.225,"Actual Total Time":7.225,"Actual Rows":1572,"Actual Loops":1,"Output":["item.i_id","item.i_name"],"Filter":"((item.i_data)::text ~~ '%b'::text)","Rows Removed by Filter":0,"Rows Removed by Columnar Filter":98428,"Columnar cache search mode":"native","Shared Hit Blocks":0,"Shared Read Blocks":0,"Shared Dirtied Blocks":0,"Shared Written Blocks":0,"Local Hit Blocks":0,"Local Read Blocks":0,"Local Dirtied Blocks":0,"Local Written Blocks":0,"Temp Read Blocks":0,"Temp Written Blocks":0,"I/O Read Time":0.0,"I/O Write Time":0.0,"Temp I/O Read Time":0.0,"Temp I/O Write Time":0.0},{"Node Type":"Seq Scan","Parent Relationship":"Member","Parallel Aware":false,"Async Capable":false,"Relation Name":"item","Schema":"public","Alias":"item","Startup Cost":0.0,"Total Cost":4.01,"Plan Rows":1,"Plan Width":29,"Actual Startup Time":0.0,"Actual Total Time":0.0,"Actual Rows":0,"Actual Loops":0,"Output":["item.i_id","item.i_name"],"Filter":"((item.i_data)::text ~~ '%b'::text)","Rows Removed by Filter":0,"Shared Hit Blocks":0,"Shared Read Blocks":0,"Shared Dirtied Blocks":0,"Shared Written Blocks":0,"Local Hit Blocks":0,"Local Read Blocks":0,"Local Dirtied Blocks":0,"Local Written Blocks":0,"Temp Read Blocks":0,"Temp Written Blocks":0,"I/O Read Time":0.0,"I/O Write Time":0.0,"Temp I/O Read Time":0.0,"Temp I/O Write Time":0.0}]}]}]},{"Node Type":"Hash","Parent Relationship":"Inner","Parallel Aware":false,"Async Capable":false,"Startup Cost":428018.14,"Total Cost":428018.14,"Plan Rows":98105,"Plan Width":6,"Actual Startup Time":4401.35,"Actual Total Time":4401.361,"Actual Rows":100000,"Actual Loops":1,"Output":["stock_1.s_i_id","(min(stock_1.s_quantity))"],"Hash Buckets":131072,"Original Hash Buckets":131072,"Hash Batches":1,"Original Hash Batches":1,"Peak Memory Usage":4735,"Shared Hit Blocks":219,"Shared Read Blocks":0,"Shared Dirtied Blocks":0,"Shared Written Blocks":0,"Local Hit Blocks":0,"Local Read Blocks":0,"Local Dirtied Blocks":0,"Local Written Blocks":0,"Temp Read Blocks":4157,"Temp Written Blocks":7564,"I/O Read Time":0.0,"I/O Write Time":0.0,"Temp I/O Read Time":6.415,"Temp I/O Write Time":25.756,"Plans":[{"Node Type":"Aggregate","Strategy":"Hashed","Partial Mode":"Simple","Parent Relationship":"Outer","Parallel Aware":false,"Async Capable":false,"Startup Cost":410430.79,"Total Cost":427037.09,"Plan Rows":98105,"Plan Width":6,"Actual Startup Time":4214.92,"Actual Total Time":4385.281,"Actual Rows":100000,"Actual Loops":1,"Output":["stock_1.s_i_id","min(stock_1.s_quantity)"],"Group Key":["stock_1.s_i_id"],"Planned Partitions":0,"HashAgg Batches":5,"Peak Memory Usage":8241,"Disk Usage":35680,"Shared Hit Blocks":219,"Shared Read Blocks":0,"Shared Dirtied Blocks":0,"Shared Written Blocks":0,"Local Hit Blocks":0,"Local Read Blocks":0,"Local Dirtied Blocks":0,"Local Written Blocks":0,"Temp Read Blocks":4157,"Temp Written Blocks":7564,"I/O Read Time":0.0,"I/O Write Time":0.0,"Temp I/O Read Time":6.415,"Temp I/O Write Time":25.756,"Plans":[{"Node Type":"Hash Join","Parent Relationship":"Outer","Parallel Aware":false,"Async Capable":false,"Join Type":"Inner","Startup Cost":421.99,"Total Cost":297928.99,"Plan Rows":2000032,"Plan Width":6,"Actual Startup Time":2.618,"Actual Total Time":3553.935,"Actual Rows":3474600,"Actual Loops":1,"Output":["stock_1.s_i_id","stock_1.s_quantity"],"Hash Cond":"(mod((stock_1.s_w_id * stock_1.s_i_id), 10000) = supplier_1.su_suppkey)","Shared Hit Blocks":219,"Shared Read Blocks":0,"Shared Dirtied Blocks":0,"Shared Written Blocks":0,"Local Hit Blocks":0,"Local Read Blocks":0,"Local Dirtied Blocks":0,"Local Written Blocks":0,"Temp Read Blocks":0,"Temp Written Blocks":0,"I/O Read Time":0.0,"I/O Write Time":0.0,"Temp I/O Read Time":0.0,"Temp I/O Write Time":0.0,"Plans":[{"Node Type":"Append","Parent Relationship":"Outer","Parallel Aware":false,"Async Capable":false,"Startup Cost":20.0,"Total Cost":215025.67,"Plan Rows":10000162,"Plan Width":8,"Actual Startup Time":0.02,"Actual Total Time":2097.289,"Actual Rows":10000000,"Actual Loops":1,"Shared Hit Blocks":0,"Shared Read Blocks":0,"Shared Dirtied Blocks":0,"Shared Written Blocks":0,"Local Hit Blocks":0,"Local Read Blocks":0,"Local Dirtied Blocks":0,"Local Written Blocks":0,"Temp Read Blocks":0,"Temp Written Blocks":0,"I/O Read Time":0.0,"I/O Write Time":0.0,"Temp I/O Read Time":0.0,"Temp I/O Write Time":0.0,"Subplans Removed":0,"Plans":[{"Node Type":"Custom Scan","Parent Relationship":"Member","Custom Plan Provider":"columnar scan","Parallel Aware":false,"Async Capable":false,"Relation Name":"stock","Schema":"public","Alias":"stock_1","Startup Cost":20.0,"Total Cost":215020.05,"Plan Rows":10000000,"Plan Width":8,"Actual Startup Time":0.019,"Actual Total Time":1384.7,"Actual Rows":10000000,"Actual Loops":1,"Output":["stock_1.s_i_id","stock_1.s_quantity","stock_1.s_w_id"],"Rows Removed by Columnar Filter":0,"Columnar cache search mode":"native","Shared Hit Blocks":0,"Shared Read Blocks":0,"Shared Dirtied Blocks":0,"Shared Written Blocks":0,"Local Hit Blocks":0,"Local Read Blocks":0,"Local Dirtied Blocks":0,"Local Written Blocks":0,"Temp Read Blocks":0,"Temp Written Blocks":0,"I/O Read Time":0.0,"I/O Write Time":0.0,"Temp I/O Read Time":0.0,"Temp I/O Write Time":0.0},{"Node Type":"Seq Scan","Parent Relationship":"Member","Parallel Aware":false,"Async Capable":false,"Relation Name":"stock","Schema":"public","Alias":"stock_1","Startup Cost":0.0,"Total Cost":5.62,"Plan Rows":162,"Plan Width":8,"Actual Startup Time":0.0,"Actual Total Time":0.0,"Actual Rows":0,"Actual Loops":0,"Output":["stock_1.s_i_id","stock_1.s_quantity","stock_1.s_w_id"],"Shared Hit Blocks":0,"Shared Read Blocks":0,"Shared Dirtied Blocks":0,"Shared Written Blocks":0,"Local Hit Blocks":0,"Local Read Blocks":0,"Local Dirtied Blocks":0,"Local Written Blocks":0,"Temp Read Blocks":0,"Temp Written Blocks":0,"I/O Read Time":0.0,"I/O Write Time":0.0,"Temp I/O Read Time":0.0,"Temp I/O Write Time":0.0}]},{"Node Type":"Hash","Parent Relationship":"Inner","Parallel Aware":false,"Async Capable":false,"Startup Cost":376.99,"Total Cost":376.99,"Plan Rows":2000,"Plan Width":4,"Actual Startup Time":2.592,"Actual Total Time":2.601,"Actual Rows":3506,"Actual Loops":1,"Output":["supplier_1.su_suppkey"],"Hash Buckets":4096,"Original Hash Buckets":2048,"Hash Batches":1,"Original Hash Batches":1,"Peak Memory Usage":156,"Shared Hit Blocks":219,"Shared Read Blocks":0,"Shared Dirtied Blocks":0,"Shared Written Blocks":0,"Local Hit Blocks":0,"Local Read Blocks":0,"Local Dirtied Blocks":0,"Local Written Blocks":0,"Temp Read Blocks":0,"Temp Written Blocks":0,"I/O Read Time":0.0,"I/O Write Time":0.0,"Temp I/O Read Time":0.0,"Temp I/O Write Time":0.0,"Plans":[{"Node Type":"Hash Join","Parent Relationship":"Outer","Parallel Aware":false,"Async Capable":false,"Join Type":"Inner","Startup Cost":3.14,"Total Cost":376.99,"Plan Rows":2000,"Plan Width":4,"Actual Startup Time":0.053,"Actual Total Time":2.209,"Actual Rows":3506,"Actual Loops":1,"Output":["supplier_1.su_suppkey"],"Hash Cond":"(supplier_1.su_nationkey = nation_1.n_nationkey)","Shared Hit Blocks":219,"Shared Read Blocks":0,"Shared Dirtied Blocks":0,"Shared Written Blocks":0,"Local Hit Blocks":0,"Local Read Blocks":0,"Local Dirtied Blocks":0,"Local Written Blocks":0,"Temp Read Blocks":0,"Temp Written Blocks":0,"I/O Read Time":0.0,"I/O Write Time":0.0,"Temp I/O Read Time":0.0,"Temp I/O Write Time":0.0,"Plans":[{"Node Type":"Seq Scan","Parent Relationship":"Outer","Parallel Aware":false,"Async Capable":false,"Relation Name":"supplier","Schema":"public","Alias":"supplier_1","Startup Cost":0.0,"Total Cost":317.0,"Plan Rows":10000,"Plan Width":8,"Actual Startup Time":0.01,"Actual Total Time":0.817,"Actual Rows":10000,"Actual Loops":1,"Output":["supplier_1.su_suppkey","supplier_1.su_name","supplier_1.su_address","supplier_1.su_nationkey","supplier_1.su_phone","supplier_1.su_acctbal","supplier_1.su_comment"],"Shared Hit Blocks":217,"Shared Read Blocks":0,"Shared Dirtied Blocks":0,"Shared Written Blocks":0,"Local Hit Blocks":0,"Local Read Blocks":0,"Local Dirtied Blocks":0,"Local Written Blocks":0,"Temp Read Blocks":0,"Temp Written Blocks":0,"I/O Read Time":0.0,"I/O Write Time":0.0,"Temp I/O Read Time":0.0,"Temp I/O Write Time":0.0},{"Node Type":"Hash","Parent Relationship":"Inner","Parallel Aware":false,"Async Capable":false,"Startup Cost":2.99,"Total Cost":2.99,"Plan Rows":12,"Plan Width":4,"Actual Startup Time":0.039,"Actual Total Time":0.044,"Actual Rows":22,"Actual Loops":1,"Output":["nation_1.n_nationkey"],"Hash Buckets":1024,"Original Hash Buckets":1024,"Hash Batches":1,"Original Hash Batches":1,"Peak Memory Usage":9,"Shared Hit Blocks":2,"Shared Read Blocks":0,"Shared Dirtied Blocks":0,"Shared Written Blocks":0,"Local Hit Blocks":0,"Local Read Blocks":0,"Local Dirtied Blocks":0,"Local Written Blocks":0,"Temp Read Blocks":0,"Temp Written Blocks":0,"I/O Read Time":0.0,"I/O Write Time":0.0,"Temp I/O Read Time":0.0,"Temp I/O Write Time":0.0,"Plans":[{"Node Type":"Hash Join","Parent Relationship":"Outer","Parallel Aware":false,"Async Capable":false,"Join Type":"Inner","Startup Cost":1.07,"Total Cost":2.99,"Plan Rows":12,"Plan Width":4,"Actual Startup Time":0.018,"Actual Total Time":0.039,"Actual Rows":22,"Actual Loops":1,"Output":["nation_1.n_nationkey"],"Hash Cond":"(nation_1.n_regionkey = region_1.r_regionkey)","Shared Hit Blocks":2,"Shared Read Blocks":0,"Shared Dirtied Blocks":0,"Shared Written Blocks":0,"Local Hit Blocks":0,"Local Read Blocks":0,"Local Dirtied Blocks":0,"Local Written Blocks":0,"Temp Read Blocks":0,"Temp Written Blocks":0,"I/O Read Time":0.0,"I/O Write Time":0.0,"Temp I/O Read Time":0.0,"Temp I/O Write Time":0.0,"Plans":[{"Node Type":"Seq Scan","Parent Relationship":"Outer","Parallel Aware":false,"Async Capable":false,"Relation Name":"nation","Schema":"public","Alias":"nation_1","Startup Cost":0.0,"Total Cost":1.62,"Plan Rows":62,"Plan Width":8,"Actual Startup Time":0.004,"Actual Total Time":0.009,"Actual Rows":62,"Actual Loops":1,"Output":["nation_1.n_nationkey","nation_1.n_name","nation_1.n_regionkey","nation_1.n_comment"],"Shared Hit Blocks":1,"Shared Read Blocks":0,"Shared Dirtied Blocks":0,"Shared Written Blocks":0,"Local Hit Blocks":0,"Local Read Blocks":0,"Local Dirtied Blocks":0,"Local Written Blocks":0,"Temp Read Blocks":0,"Temp Written Blocks":0,"I/O Read Time":0.0,"I/O Write Time":0.0,"Temp I/O Read Time":0.0,"Temp I/O Write Time":0.0},{"Node Type":"Hash","Parent Relationship":"Inner","Parallel Aware":false,"Async Capable":false,"Startup Cost":1.06,"Total Cost":1.06,"Plan Rows":1,"Plan Width":4,"Actual Startup Time":0.009,"Actual Total Time":0.012,"Actual Rows":1,"Actual Loops":1,"Output":["region_1.r_regionkey"],"Hash Buckets":1024,"Original Hash Buckets":1024,"Hash Batches":1,"Original Hash Batches":1,"Peak Memory Usage":9,"Shared Hit Blocks":1,"Shared Read Blocks":0,"Shared Dirtied Blocks":0,"Shared Written Blocks":0,"Local Hit Blocks":0,"Local Read Blocks":0,"Local Dirtied Blocks":0,"Local Written Blocks":0,"Temp Read Blocks":0,"Temp Written Blocks":0,"I/O Read Time":0.0,"I/O Write Time":0.0,"Temp I/O Read Time":0.0,"Temp I/O Write Time":0.0,"Plans":[{"Node Type":"Seq Scan","Parent Relationship":"Outer","Parallel Aware":false,"Async Capable":false,"Relation Name":"region","Schema":"public","Alias":"region_1","Startup Cost":0.0,"Total Cost":1.06,"Plan Rows":1,"Plan Width":4,"Actual Startup Time":0.007,"Actual Total Time":0.007,"Actual Rows":1,"Actual Loops":1,"Output":["region_1.r_regionkey"],"Filter":"((region_1.r_name)::text ~~ 'Europ%'::text)","Rows Removed by Filter":4,"Shared Hit Blocks":1,"Shared Read Blocks":0,"Shared Dirtied Blocks":0,"Shared Written Blocks":0,"Local Hit Blocks":0,"Local Read Blocks":0,"Local Dirtied Blocks":0,"Local Written Blocks":0,"Temp Read Blocks":0,"Temp Written Blocks":0,"I/O Read Time":0.0,"I/O Write Time":0.0,"Temp I/O Read Time":0.0,"Temp I/O Write Time":0.0}]}]}]}]}]}]}]}]}]},{"Node Type":"Index Scan","Parent Relationship":"Inner","Parallel Aware":false,"Async Capable":false,"Scan Direction":"Forward","Index Name":"supplier_pk","Relation Name":"supplier","Schema":"public","Alias":"supplier","Startup Cost":0.29,"Total Cost":0.31,"Plan Rows":1,"Plan Width":131,"Actual Startup Time":0.002,"Actual Total Time":0.002,"Actual Rows":1,"Actual Loops":3036,"Output":["supplier.su_suppkey","supplier.su_name","supplier.su_address","supplier.su_nationkey","supplier.su_phone","supplier.su_acctbal","supplier.su_comment"],"Index Cond":"(supplier.su_suppkey = mod((stock.s_w_id * stock.s_i_id), 10000))","Rows Removed by Index Recheck":0,"Shared Hit Blocks":9108,"Shared Read Blocks":0,"Shared Dirtied Blocks":0,"Shared Written Blocks":0,"Local Hit Blocks":0,"Local Read Blocks":0,"Local Dirtied Blocks":0,"Local Written Blocks":0,"Temp Read Blocks":0,"Temp Written Blocks":0,"I/O Read Time":0.0,"I/O Write Time":0.0,"Temp I/O Read Time":0.0,"Temp I/O Write Time":0.0}]},{"Node Type":"Hash","Parent Relationship":"Inner","Parallel Aware":false,"Async Capable":false,"Startup Cost":2.99,"Total Cost":2.99,"Plan Rows":12,"Plan Width":12,"Actual Startup Time":0.045,"Actual Total Time":0.049,"Actual Rows":22,"Actual Loops":1,"Output":["nation.n_name","nation.n_nationkey"],"Hash Buckets":1024,"Original Hash Buckets":1024,"Hash Batches":1,"Original Hash Batches":1,"Peak Memory Usage":9,"Shared Hit Blocks":2,"Shared Read Blocks":0,"Shared Dirtied Blocks":0,"Shared Written Blocks":0,"Local Hit Blocks":0,"Local Read Blocks":0,"Local Dirtied Blocks":0,"Local Written Blocks":0,"Temp Read Blocks":0,"Temp Written Blocks":0,"I/O Read Time":0.0,"I/O Write Time":0.0,"Temp I/O Read Time":0.0,"Temp I/O Write Time":0.0,"Plans":[{"Node Type":"Hash Join","Parent Relationship":"Outer","Parallel Aware":false,"Async Capable":false,"Join Type":"Inner","Startup Cost":1.07,"Total Cost":2.99,"Plan Rows":12,"Plan Width":12,"Actual Startup Time":0.029,"Actual Total Time":0.044,"Actual Rows":22,"Actual Loops":1,"Output":["nation.n_name","nation.n_nationkey"],"Hash Cond":"(nation.n_regionkey = region.r_regionkey)","Shared Hit Blocks":2,"Shared Read Blocks":0,"Shared Dirtied Blocks":0,"Shared Written Blocks":0,"Local Hit Blocks":0,"Local Read Blocks":0,"Local Dirtied Blocks":0,"Local Written Blocks":0,"Temp Read Blocks":0,"Temp Written Blocks":0,"I/O Read Time":0.0,"I/O Write Time":0.0,"Temp I/O Read Time":0.0,"Temp I/O Write Time":0.0,"Plans":[{"Node Type":"Seq Scan","Parent Relationship":"Outer","Parallel Aware":false,"Async Capable":false,"Relation Name":"nation","Schema":"public","Alias":"nation","Startup Cost":0.0,"Total Cost":1.62,"Plan Rows":62,"Plan Width":16,"Actual Startup Time":0.011,"Actual Total Time":0.014,"Actual Rows":62,"Actual Loops":1,"Output":["nation.n_nationkey","nation.n_name","nation.n_regionkey","nation.n_comment"],"Shared Hit Blocks":1,"Shared Read Blocks":0,"Shared Dirtied Blocks":0,"Shared Written Blocks":0,"Local Hit Blocks":0,"Local Read Blocks":0,"Local Dirtied Blocks":0,"Local Written Blocks":0,"Temp Read Blocks":0,"Temp Written Blocks":0,"I/O Read Time":0.0,"I/O Write Time":0.0,"Temp I/O Read Time":0.0,"Temp I/O Write Time":0.0},{"Node Type":"Hash","Parent Relationship":"Inner","Parallel Aware":false,"Async Capable":false,"Startup Cost":1.06,"Total Cost":1.06,"Plan Rows":1,"Plan Width":4,"Actual Startup Time":0.01,"Actual Total Time":0.011,"Actual Rows":1,"Actual Loops":1,"Output":["region.r_regionkey"],"Hash Buckets":1024,"Original Hash Buckets":1024,"Hash Batches":1,"Original Hash Batches":1,"Peak Memory Usage":9,"Shared Hit Blocks":1,"Shared Read Blocks":0,"Shared Dirtied Blocks":0,"Shared Written Blocks":0,"Local Hit Blocks":0,"Local Read Blocks":0,"Local Dirtied Blocks":0,"Local Written Blocks":0,"Temp Read Blocks":0,"Temp Written Blocks":0,"I/O Read Time":0.0,"I/O Write Time":0.0,"Temp I/O Read Time":0.0,"Temp I/O Write Time":0.0,"Plans":[{"Node Type":"Seq Scan","Parent Relationship":"Outer","Parallel Aware":false,"Async Capable":false,"Relation Name":"region","Schema":"public","Alias":"region","Startup Cost":0.0,"Total Cost":1.06,"Plan Rows":1,"Plan Width":4,"Actual Startup Time":0.007,"Actual Total Time":0.007,"Actual Rows":1,"Actual Loops":1,"Output":["region.r_regionkey"],"Filter":"((region.r_name)::text ~~ 'Europ%'::text)","Rows Removed by Filter":4,"Shared Hit Blocks":1,"Shared Read Blocks":0,"Shared Dirtied Blocks":0,"Shared Written Blocks":0,"Local Hit Blocks":0,"Local Read Blocks":0,"Local Dirtied Blocks":0,"Local Written Blocks":0,"Temp Read Blocks":0,"Temp Written Blocks":0,"I/O Read Time":0.0,"I/O Write Time":0.0,"Temp I/O Read Time":0.0,"Temp I/O Write Time":0.0}]}]}]}]}]},"Planning":{"Shared Hit Blocks":36,"Shared Read Blocks":0,"Shared Dirtied Blocks":0,"Shared Written Blocks":0,"Local Hit Blocks":0,"Local Read Blocks":0,"Local Dirtied Blocks":0,"Local Written Blocks":0,"Temp Read Blocks":0,"Temp Written Blocks":0,"I/O Read Time":0.0,"I/O Write Time":0.0,"Temp I/O Read Time":0.0,"Temp I/O Write Time":0.0},"Planning Time":2.862,"Triggers":[],"Execution Time":4544.17}]
[列存组合]: item, supplier
[{"Plan":{"Node Type":"Sort","Parallel Aware":false,"Async Capable":false,"Startup Cost":1276687.95,"Total Cost":1276688.44,"Plan Rows":198,"Plan Width":164,"Actual Startup Time":6454.004,"Actual Total Time":6454.113,"Actual Rows":1900,"Actual Loops":1,"Output":["supplier.su_suppkey","supplier.su_name","nation.n_name","item.i_id","item.i_name","supplier.su_address","supplier.su_phone","supplier.su_comment"],"Sort Key":["nation.n_name","supplier.su_name","item.i_id"],"Sort Method":"quicksort","Sort Space Used":439,"Sort Space Type":"Memory","Shared Hit Blocks":842504,"Shared Read Blocks":0,"Shared Dirtied Blocks":0,"Shared Written Blocks":0,"Local Hit Blocks":0,"Local Read Blocks":0,"Local Dirtied Blocks":0,"Local Written Blocks":0,"Temp Read Blocks":4157,"Temp Written Blocks":7564,"I/O Read Time":0.0,"I/O Write Time":0.0,"Temp I/O Read Time":7.039,"Temp I/O Write Time":28.22,"Plans":[{"Node Type":"Hash Join","Parent Relationship":"Outer","Parallel Aware":false,"Async Capable":false,"Join Type":"Inner","Startup Cost":732360.55,"Total Cost":1276680.4,"Plan Rows":198,"Plan Width":164,"Actual Startup Time":4141.009,"Actual Total Time":6449.817,"Actual Rows":1900,"Actual Loops":1,"Output":["supplier.su_suppkey","supplier.su_name","nation.n_name","item.i_id","item.i_name","supplier.su_address","supplier.su_phone","supplier.su_comment"],"Inner Unique":false,"Hash Cond":"(supplier.su_nationkey = nation.n_nationkey)","Shared Hit Blocks":842504,"Shared Read Blocks":0,"Shared Dirtied Blocks":0,"Shared Written Blocks":0,"Local Hit Blocks":0,"Local Read Blocks":0,"Local Dirtied Blocks":0,"Local Written Blocks":0,"Temp Read Blocks":4157,"Temp Written Blocks":7564,"I/O Read Time":0.0,"I/O Write Time":0.0,"Temp I/O Read Time":7.039,"Temp I/O Write Time":28.22,"Plans":[{"Node Type":"Nested Loop","Parent Relationship":"Outer","Parallel Aware":false,"Async Capable":false,"Join Type":"Inner","Startup Cost":732357.41,"Total Cost":1276671.62,"Plan Rows":991,"Plan Width":160,"Actual Startup Time":4140.945,"Actual Total Time":6448.761,"Actual Rows":3036,"Actual Loops":1,"Output":["item.i_id","item.i_name","supplier.su_suppkey","supplier.su_name","supplier.su_address","supplier.su_phone","supplier.su_comment","supplier.su_nationkey"],"Inner Unique":true,"Shared Hit Blocks":842502,"Shared Read Blocks":0,"Shared Dirtied Blocks":0,"Shared Written Blocks":0,"Local Hit Blocks":0,"Local Read Blocks":0,"Local Dirtied Blocks":0,"Local Written Blocks":0,"Temp Read Blocks":4157,"Temp Written Blocks":7564,"I/O Read Time":0.0,"I/O Write Time":0.0,"Temp I/O Read Time":7.039,"Temp I/O Write Time":28.22,"Plans":[{"Node Type":"Hash Join","Parent Relationship":"Outer","Parallel Aware":false,"Async Capable":false,"Join Type":"Inner","Startup Cost":732357.12,"Total Cost":1276366.79,"Plan Rows":991,"Plan Width":35,"Actual Startup Time":4140.905,"Actual Total Time":6438.822,"Actual Rows":3036,"Actual Loops":1,"Output":["item.i_id","item.i_name","stock.s_i_id","stock.s_w_id"],"Inner Unique":true,"Hash Cond":"((item.i_id = stock_1.s_i_id) AND (stock.s_quantity = (min(stock_1.s_quantity))))","Shared Hit Blocks":833394,"Shared Read Blocks":0,"Shared Dirtied Blocks":0,"Shared Written Blocks":0,"Local Hit Blocks":0,"Local Read Blocks":0,"Local Dirtied Blocks":0,"Local Written Blocks":0,"Temp Read Blocks":4157,"Temp Written Blocks":7564,"I/O Read Time":0.0,"I/O Write Time":0.0,"Temp I/O Read Time":7.039,"Temp I/O Write Time":28.22,"Plans":[{"Node Type":"Hash Join","Parent Relationship":"Outer","Parallel Aware":false,"Async Capable":false,"Join Type":"Inner","Startup Cost":1293.42,"Total Cost":544242.58,"Plan Rows":202003,"Plan Width":37,"Actual Startup Time":8.652,"Actual Total Time":2266.712,"Actual Rows":157200,"Actual Loops":1,"Output":["item.i_id","item.i_name","stock.s_i_id","stock.s_w_id","stock.s_quantity"],"Inner Unique":true,"Hash Cond":"(stock.s_i_id = item.i_id)","Shared Hit Blocks":416696,"Shared Read Blocks":0,"Shared Dirtied Blocks":0,"Shared Written Blocks":0,"Local Hit Blocks":0,"Local Read Blocks":0,"Local Dirtied Blocks":0,"Local Written Blocks":0,"Temp Read Blocks":0,"Temp Written Blocks":0,"I/O Read Time":0.0,"I/O Write Time":0.0,"Temp I/O Read Time":0.0,"Temp I/O Write Time":0.0,"Plans":[{"Node Type":"Seq Scan","Parent Relationship":"Outer","Parallel Aware":false,"Async Capable":false,"Relation Name":"stock","Schema":"public","Alias":"stock","Startup Cost":0.0,"Total Cost":516697.62,"Plan Rows":10000162,"Plan Width":8,"Actual Startup Time":0.005,"Actual Total Time":937.543,"Actual Rows":10000000,"Actual Loops":1,"Output":["stock.s_i_id","stock.s_w_id","stock.s_quantity","stock.s_dist_01","stock.s_dist_02","stock.s_dist_03","stock.s_dist_04","stock.s_dist_05","stock.s_dist_06","stock.s_dist_07","stock.s_dist_08","stock.s_dist_09","stock.s_dist_10","stock.s_ytd","stock.s_order_cnt","stock.s_remote_cnt","stock.s_data"],"Shared Hit Blocks":416696,"Shared Read Blocks":0,"Shared Dirtied Blocks":0,"Shared Written Blocks":0,"Local Hit Blocks":0,"Local Read Blocks":0,"Local Dirtied Blocks":0,"Local Written Blocks":0,"Temp Read Blocks":0,"Temp Written Blocks":0,"I/O Read Time":0.0,"I/O Write Time":0.0,"Temp I/O Read Time":0.0,"Temp I/O Write Time":0.0},{"Node Type":"Hash","Parent Relationship":"Inner","Parallel Aware":false,"Async Capable":false,"Startup Cost":1268.16,"Total Cost":1268.16,"Plan Rows":2021,"Plan Width":29,"Actual Startup Time":8.623,"Actual Total Time":8.628,"Actual Rows":1572,"Actual Loops":1,"Output":["item.i_id","item.i_name"],"Hash Buckets":2048,"Original Hash Buckets":2048,"Hash Batches":1,"Original Hash Batches":1,"Peak Memory Usage":110,"Shared Hit Blocks":0,"Shared Read Blocks":0,"Shared Dirtied Blocks":0,"Shared Written Blocks":0,"Local Hit Blocks":0,"Local Read Blocks":0,"Local Dirtied Blocks":0,"Local Written Blocks":0,"Temp Read Blocks":0,"Temp Written Blocks":0,"I/O Read Time":0.0,"I/O Write Time":0.0,"Temp I/O Read Time":0.0,"Temp I/O Write Time":0.0,"Plans":[{"Node Type":"Append","Parent Relationship":"Outer","Parallel Aware":false,"Async Capable":false,"Startup Cost":20.0,"Total Cost":1268.16,"Plan Rows":2021,"Plan Width":29,"Actual Startup Time":7.445,"Actual Total Time":8.201,"Actual Rows":1572,"Actual Loops":1,"Shared Hit Blocks":0,"Shared Read Blocks":0,"Shared Dirtied Blocks":0,"Shared Written Blocks":0,"Local Hit Blocks":0,"Local Read Blocks":0,"Local Dirtied Blocks":0,"Local Written Blocks":0,"Temp Read Blocks":0,"Temp Written Blocks":0,"I/O Read Time":0.0,"I/O Write Time":0.0,"Temp I/O Read Time":0.0,"Temp I/O Write Time":0.0,"Subplans Removed":0,"Plans":[{"Node Type":"Custom Scan","Parent Relationship":"Member","Custom Plan Provider":"columnar scan","Parallel Aware":false,"Async Capable":false,"Relation Name":"item","Schema":"public","Alias":"item","Startup Cost":20.0,"Total Cost":59.4,"Plan Rows":2020,"Plan Width":29,"Actual Startup Time":7.443,"Actual Total Time":8.083,"Actual Rows":1572,"Actual Loops":1,"Output":["item.i_id","item.i_name"],"Filter":"((item.i_data)::text ~~ '%b'::text)","Rows Removed by Filter":0,"Rows Removed by Columnar Filter":98428,"Columnar cache search mode":"native","Shared Hit Blocks":0,"Shared Read Blocks":0,"Shared Dirtied Blocks":0,"Shared Written Blocks":0,"Local Hit Blocks":0,"Local Read Blocks":0,"Local Dirtied Blocks":0,"Local Written Blocks":0,"Temp Read Blocks":0,"Temp Written Blocks":0,"I/O Read Time":0.0,"I/O Write Time":0.0,"Temp I/O Read Time":0.0,"Temp I/O Write Time":0.0},{"Node Type":"Seq Scan","Parent Relationship":"Member","Parallel Aware":false,"Async Capable":false,"Relation Name":"item","Schema":"public","Alias":"item","Startup Cost":0.0,"Total Cost":4.01,"Plan Rows":1,"Plan Width":29,"Actual Startup Time":0.0,"Actual Total Time":0.0,"Actual Rows":0,"Actual Loops":0,"Output":["item.i_id","item.i_name"],"Filter":"((item.i_data)::text ~~ '%b'::text)","Rows Removed by Filter":0,"Shared Hit Blocks":0,"Shared Read Blocks":0,"Shared Dirtied Blocks":0,"Shared Written Blocks":0,"Local Hit Blocks":0,"Local Read Blocks":0,"Local Dirtied Blocks":0,"Local Written Blocks":0,"Temp Read Blocks":0,"Temp Written Blocks":0,"I/O Read Time":0.0,"I/O Write Time":0.0,"Temp I/O Read Time":0.0,"Temp I/O Write Time":0.0}]}]}]},{"Node Type":"Hash","Parent Relationship":"Inner","Parallel Aware":false,"Async Capable":false,"Startup Cost":729592.12,"Total Cost":729592.12,"Plan Rows":98105,"Plan Width":6,"Actual Startup Time":4131.195,"Actual Total Time":4131.215,"Actual Rows":100000,"Actual Loops":1,"Output":["stock_1.s_i_id","(min(stock_1.s_quantity))"],"Hash Buckets":131072,"Original Hash Buckets":131072,"Hash Batches":1,"Original Hash Batches":1,"Peak Memory Usage":4735,"Shared Hit Blocks":416698,"Shared Read Blocks":0,"Shared Dirtied Blocks":0,"Shared Written Blocks":0,"Local Hit Blocks":0,"Local Read Blocks":0,"Local Dirtied Blocks":0,"Local Written Blocks":0,"Temp Read Blocks":4157,"Temp Written Blocks":7564,"I/O Read Time":0.0,"I/O Write Time":0.0,"Temp I/O Read Time":7.039,"Temp I/O Write Time":28.22,"Plans":[{"Node Type":"Aggregate","Strategy":"Hashed","Partial Mode":"Simple","Parent Relationship":"Outer","Parallel Aware":false,"Async Capable":false,"Startup Cost":712004.77,"Total Cost":728611.07,"Plan Rows":98105,"Plan Width":6,"Actual Startup Time":3941.155,"Actual Total Time":4115.154,"Actual Rows":100000,"Actual Loops":1,"Output":["stock_1.s_i_id","min(stock_1.s_quantity)"],"Group Key":["stock_1.s_i_id"],"Planned Partitions":0,"HashAgg Batches":5,"Peak Memory Usage":8241,"Disk Usage":35680,"Shared Hit Blocks":416698,"Shared Read Blocks":0,"Shared Dirtied Blocks":0,"Shared Written Blocks":0,"Local Hit Blocks":0,"Local Read Blocks":0,"Local Dirtied Blocks":0,"Local Written Blocks":0,"Temp Read Blocks":4157,"Temp Written Blocks":7564,"I/O Read Time":0.0,"I/O Write Time":0.0,"Temp I/O Read Time":7.039,"Temp I/O Write Time":28.22,"Plans":[{"Node Type":"Hash Join","Parent Relationship":"Outer","Parallel Aware":false,"Async Capable":false,"Join Type":"Inner","Startup Cost":304.02,"Total Cost":599502.97,"Plan Rows":2000032,"Plan Width":6,"Actual Startup Time":1.93,"Actual Total Time":3241.039,"Actual Rows":3474600,"Actual Loops":1,"Output":["stock_1.s_i_id","stock_1.s_quantity"],"Inner Unique":false,"Hash Cond":"(mod((stock_1.s_w_id * stock_1.s_i_id), 10000) = supplier_1.su_suppkey)","Shared Hit Blocks":416698,"Shared Read Blocks":0,"Shared Dirtied Blocks":0,"Shared Written Blocks":0,"Local Hit Blocks":0,"Local Read Blocks":0,"Local Dirtied Blocks":0,"Local Written Blocks":0,"Temp Read Blocks":0,"Temp Written Blocks":0,"I/O Read Time":0.0,"I/O Write Time":0.0,"Temp I/O Read Time":0.0,"Temp I/O Write Time":0.0,"Plans":[{"Node Type":"Seq Scan","Parent Relationship":"Outer","Parallel Aware":false,"Async Capable":false,"Relation Name":"stock","Schema":"public","Alias":"stock_1","Startup Cost":0.0,"Total Cost":516697.62,"Plan Rows":10000162,"Plan Width":8,"Actual Startup Time":0.008,"Actual Total Time":1028.837,"Actual Rows":10000000,"Actual Loops":1,"Output":["stock_1.s_i_id","stock_1.s_w_id","stock_1.s_quantity","stock_1.s_dist_01","stock_1.s_dist_02","stock_1.s_dist_03","stock_1.s_dist_04","stock_1.s_dist_05","stock_1.s_dist_06","stock_1.s_dist_07","stock_1.s_dist_08","stock_1.s_dist_09","stock_1.s_dist_10","stock_1.s_ytd","stock_1.s_order_cnt","stock_1.s_remote_cnt","stock_1.s_data"],"Shared Hit Blocks":416696,"Shared Read Blocks":0,"Shared Dirtied Blocks":0,"Shared Written Blocks":0,"Local Hit Blocks":0,"Local Read Blocks":0,"Local Dirtied Blocks":0,"Local Written Blocks":0,"Temp Read Blocks":0,"Temp Written Blocks":0,"I/O Read Time":0.0,"I/O Write Time":0.0,"Temp I/O Read Time":0.0,"Temp I/O Write Time":0.0},{"Node Type":"Hash","Parent Relationship":"Inner","Parallel Aware":false,"Async Capable":false,"Startup Cost":279.02,"Total Cost":279.02,"Plan Rows":2000,"Plan Width":4,"Actual Startup Time":1.917,"Actual Total Time":1.931,"Actual Rows":3506,"Actual Loops":1,"Output":["supplier_1.su_suppkey"],"Hash Buckets":4096,"Original Hash Buckets":2048,"Hash Batches":1,"Original Hash Batches":1,"Peak Memory Usage":156,"Shared Hit Blocks":2,"Shared Read Blocks":0,"Shared Dirtied Blocks":0,"Shared Written Blocks":0,"Local Hit Blocks":0,"Local Read Blocks":0,"Local Dirtied Blocks":0,"Local Written Blocks":0,"Temp Read Blocks":0,"Temp Written Blocks":0,"I/O Read Time":0.0,"I/O Write Time":0.0,"Temp I/O Read Time":0.0,"Temp I/O Write Time":0.0,"Plans":[{"Node Type":"Hash Join","Parent Relationship":"Outer","Parallel Aware":false,"Async Capable":false,"Join Type":"Inner","Startup Cost":23.14,"Total Cost":279.02,"Plan Rows":2000,"Plan Width":4,"Actual Startup Time":0.235,"Actual Total Time":1.531,"Actual Rows":3506,"Actual Loops":1,"Output":["supplier_1.su_suppkey"],"Inner Unique":false,"Hash Cond":"(supplier_1.su_nationkey = nation_1.n_nationkey)","Shared Hit Blocks":2,"Shared Read Blocks":0,"Shared Dirtied Blocks":0,"Shared Written Blocks":0,"Local Hit Blocks":0,"Local Read Blocks":0,"Local Dirtied Blocks":0,"Local Written Blocks":0,"Temp Read Blocks":0,"Temp Written Blocks":0,"I/O Read Time":0.0,"I/O Write Time":0.0,"Temp I/O Read Time":0.0,"Temp I/O Write Time":0.0,"Plans":[{"Node Type":"Append","Parent Relationship":"Outer","Parallel Aware":false,"Async Capable":false,"Startup Cost":20.0,"Total Cost":219.01,"Plan Rows":10001,"Plan Width":8,"Actual Startup Time":0.089,"Actual Total Time":0.813,"Actual Rows":3506,"Actual Loops":1,"Shared Hit Blocks":0,"Shared Read Blocks":0,"Shared Dirtied Blocks":0,"Shared Written Blocks":0,"Local Hit Blocks":0,"Local Read Blocks":0,"Local Dirtied Blocks":0,"Local Written Blocks":0,"Temp Read Blocks":0,"Temp Written Blocks":0,"I/O Read Time":0.0,"I/O Write Time":0.0,"Temp I/O Read Time":0.0,"Temp I/O Write Time":0.0,"Subplans Removed":0,"Plans":[{"Node Type":"Custom Scan","Parent Relationship":"Member","Custom Plan Provider":"columnar scan","Parallel Aware":false,"Async Capable":false,"Relation Name":"supplier","Schema":"public","Alias":"supplier_1","Startup Cost":20.0,"Total Cost":215.0,"Plan Rows":10000,"Plan Width":8,"Actual Startup Time":0.089,"Actual Total Time":0.554,"Actual Rows":3506,"Actual Loops":1,"Output":["supplier_1.su_suppkey","supplier_1.su_nationkey"],"Rows Removed by Columnar Filter":6494,"Rows Filtered by Bloom Filter":0,"Dictionary Rows Filtered by Bloom Filter":6494,"Columnar cache search mode":"native","Shared Hit Blocks":0,"Shared Read Blocks":0,"Shared Dirtied Blocks":0,"Shared Written Blocks":0,"Local Hit Blocks":0,"Local Read Blocks":0,"Local Dirtied Blocks":0,"Local Written Blocks":0,"Temp Read Blocks":0,"Temp Written Blocks":0,"I/O Read Time":0.0,"I/O Write Time":0.0,"Temp I/O Read Time":0.0,"Temp I/O Write Time":0.0},{"Node Type":"Seq Scan","Parent Relationship":"Member","Parallel Aware":false,"Async Capable":false,"Relation Name":"supplier","Schema":"public","Alias":"supplier_1","Startup Cost":0.0,"Total Cost":4.01,"Plan Rows":1,"Plan Width":8,"Actual Startup Time":0.0,"Actual Total Time":0.0,"Actual Rows":0,"Actual Loops":0,"Output":["supplier_1.su_suppkey","supplier_1.su_nationkey"],"Shared Hit Blocks":0,"Shared Read Blocks":0,"Shared Dirtied Blocks":0,"Shared Written Blocks":0,"Local Hit Blocks":0,"Local Read Blocks":0,"Local Dirtied Blocks":0,"Local Written Blocks":0,"Temp Read Blocks":0,"Temp Written Blocks":0,"I/O Read Time":0.0,"I/O Write Time":0.0,"Temp I/O Read Time":0.0,"Temp I/O Write Time":0.0}]},{"Node Type":"Hash","Parent Relationship":"Inner","Parallel Aware":false,"Async Capable":false,"Startup Cost":2.99,"Total Cost":2.99,"Plan Rows":12,"Plan Width":4,"Actual Startup Time":0.032,"Actual Total Time":0.04,"Actual Rows":22,"Actual Loops":1,"Output":["nation_1.n_nationkey"],"Hash Buckets":1024,"Original Hash Buckets":1024,"Hash Batches":1,"Original Hash Batches":1,"Peak Memory Usage":9,"Shared Hit Blocks":2,"Shared Read Blocks":0,"Shared Dirtied Blocks":0,"Shared Written Blocks":0,"Local Hit Blocks":0,"Local Read Blocks":0,"Local Dirtied Blocks":0,"Local Written Blocks":0,"Temp Read Blocks":0,"Temp Written Blocks":0,"I/O Read Time":0.0,"I/O Write Time":0.0,"Temp I/O Read Time":0.0,"Temp I/O Write Time":0.0,"Plans":[{"Node Type":"Hash Join","Parent Relationship":"Outer","Parallel Aware":false,"Async Capable":false,"Join Type":"Inner","Startup Cost":1.07,"Total Cost":2.99,"Plan Rows":12,"Plan Width":4,"Actual Startup Time":0.015,"Actual Total Time":0.031,"Actual Rows":22,"Actual Loops":1,"Output":["nation_1.n_nationkey"],"Inner Unique":true,"Hash Cond":"(nation_1.n_regionkey = region_1.r_regionkey)","Shared Hit Blocks":2,"Shared Read Blocks":0,"Shared Dirtied Blocks":0,"Shared Written Blocks":0,"Local Hit Blocks":0,"Local Read Blocks":0,"Local Dirtied Blocks":0,"Local Written Blocks":0,"Temp Read Blocks":0,"Temp Written Blocks":0,"I/O Read Time":0.0,"I/O Write Time":0.0,"Temp I/O Read Time":0.0,"Temp I/O Write Time":0.0,"Plans":[{"Node Type":"Seq Scan","Parent Relationship":"Outer","Parallel Aware":false,"Async Capable":false,"Relation Name":"nation","Schema":"public","Alias":"nation_1","Startup Cost":0.0,"Total Cost":1.62,"Plan Rows":62,"Plan Width":8,"Actual Startup Time":0.004,"Actual Total Time":0.007,"Actual Rows":62,"Actual Loops":1,"Output":["nation_1.n_nationkey","nation_1.n_name","nation_1.n_regionkey","nation_1.n_comment"],"Shared Hit Blocks":1,"Shared Read Blocks":0,"Shared Dirtied Blocks":0,"Shared Written Blocks":0,"Local Hit Blocks":0,"Local Read Blocks":0,"Local Dirtied Blocks":0,"Local Written Blocks":0,"Temp Read Blocks":0,"Temp Written Blocks":0,"I/O Read Time":0.0,"I/O Write Time":0.0,"Temp I/O Read Time":0.0,"Temp I/O Write Time":0.0},{"Node Type":"Hash","Parent Relationship":"Inner","Parallel Aware":false,"Async Capable":false,"Startup Cost":1.06,"Total Cost":1.06,"Plan Rows":1,"Plan Width":4,"Actual Startup Time":0.006,"Actual Total Time":0.01,"Actual Rows":1,"Actual Loops":1,"Output":["region_1.r_regionkey"],"Hash Buckets":1024,"Original Hash Buckets":1024,"Hash Batches":1,"Original Hash Batches":1,"Peak Memory Usage":9,"Shared Hit Blocks":1,"Shared Read Blocks":0,"Shared Dirtied Blocks":0,"Shared Written Blocks":0,"Local Hit Blocks":0,"Local Read Blocks":0,"Local Dirtied Blocks":0,"Local Written Blocks":0,"Temp Read Blocks":0,"Temp Written Blocks":0,"I/O Read Time":0.0,"I/O Write Time":0.0,"Temp I/O Read Time":0.0,"Temp I/O Write Time":0.0,"Plans":[{"Node Type":"Seq Scan","Parent Relationship":"Outer","Parallel Aware":false,"Async Capable":false,"Relation Name":"region","Schema":"public","Alias":"region_1","Startup Cost":0.0,"Total Cost":1.06,"Plan Rows":1,"Plan Width":4,"Actual Startup Time":0.004,"Actual Total Time":0.004,"Actual Rows":1,"Actual Loops":1,"Output":["region_1.r_regionkey"],"Filter":"((region_1.r_name)::text ~~ 'Europ%'::text)","Rows Removed by Filter":4,"Shared Hit Blocks":1,"Shared Read Blocks":0,"Shared Dirtied Blocks":0,"Shared Written Blocks":0,"Local Hit Blocks":0,"Local Read Blocks":0,"Local Dirtied Blocks":0,"Local Written Blocks":0,"Temp Read Blocks":0,"Temp Written Blocks":0,"I/O Read Time":0.0,"I/O Write Time":0.0,"Temp I/O Read Time":0.0,"Temp I/O Write Time":0.0}]}]}]}]}]}]}]}]}]},{"Node Type":"Index Scan","Parent Relationship":"Inner","Parallel Aware":false,"Async Capable":false,"Scan Direction":"Forward","Index Name":"supplier_pk","Relation Name":"supplier","Schema":"public","Alias":"supplier","Startup Cost":0.29,"Total Cost":0.31,"Plan Rows":1,"Plan Width":131,"Actual Startup Time":0.003,"Actual Total Time":0.003,"Actual Rows":1,"Actual Loops":3036,"Output":["supplier.su_suppkey","supplier.su_name","supplier.su_address","supplier.su_nationkey","supplier.su_phone","supplier.su_acctbal","supplier.su_comment"],"Index Cond":"(supplier.su_suppkey = mod((stock.s_w_id * stock.s_i_id), 10000))","Rows Removed by Index Recheck":0,"Shared Hit Blocks":9108,"Shared Read Blocks":0,"Shared Dirtied Blocks":0,"Shared Written Blocks":0,"Local Hit Blocks":0,"Local Read Blocks":0,"Local Dirtied Blocks":0,"Local Written Blocks":0,"Temp Read Blocks":0,"Temp Written Blocks":0,"I/O Read Time":0.0,"I/O Write Time":0.0,"Temp I/O Read Time":0.0,"Temp I/O Write Time":0.0}]},{"Node Type":"Hash","Parent Relationship":"Inner","Parallel Aware":false,"Async Capable":false,"Startup Cost":2.99,"Total Cost":2.99,"Plan Rows":12,"Plan Width":12,"Actual Startup Time":0.047,"Actual Total Time":0.05,"Actual Rows":22,"Actual Loops":1,"Output":["nation.n_name","nation.n_nationkey"],"Hash Buckets":1024,"Original Hash Buckets":1024,"Hash Batches":1,"Original Hash Batches":1,"Peak Memory Usage":9,"Shared Hit Blocks":2,"Shared Read Blocks":0,"Shared Dirtied Blocks":0,"Shared Written Blocks":0,"Local Hit Blocks":0,"Local Read Blocks":0,"Local Dirtied Blocks":0,"Local Written Blocks":0,"Temp Read Blocks":0,"Temp Written Blocks":0,"I/O Read Time":0.0,"I/O Write Time":0.0,"Temp I/O Read Time":0.0,"Temp I/O Write Time":0.0,"Plans":[{"Node Type":"Hash Join","Parent Relationship":"Outer","Parallel Aware":false,"Async Capable":false,"Join Type":"Inner","Startup Cost":1.07,"Total Cost":2.99,"Plan Rows":12,"Plan Width":12,"Actual Startup Time":0.031,"Actual Total Time":0.045,"Actual Rows":22,"Actual Loops":1,"Output":["nation.n_name","nation.n_nationkey"],"Inner Unique":true,"Hash Cond":"(nation.n_regionkey = region.r_regionkey)","Shared Hit Blocks":2,"Shared Read Blocks":0,"Shared Dirtied Blocks":0,"Shared Written Blocks":0,"Local Hit Blocks":0,"Local Read Blocks":0,"Local Dirtied Blocks":0,"Local Written Blocks":0,"Temp Read Blocks":0,"Temp Written Blocks":0,"I/O Read Time":0.0,"I/O Write Time":0.0,"Temp I/O Read Time":0.0,"Temp I/O Write Time":0.0,"Plans":[{"Node Type":"Seq Scan","Parent Relationship":"Outer","Parallel Aware":false,"Async Capable":false,"Relation Name":"nation","Schema":"public","Alias":"nation","Startup Cost":0.0,"Total Cost":1.62,"Plan Rows":62,"Plan Width":16,"Actual Startup Time":0.008,"Actual Total Time":0.013,"Actual Rows":62,"Actual Loops":1,"Output":["nation.n_nationkey","nation.n_name","nation.n_regionkey","nation.n_comment"],"Shared Hit Blocks":1,"Shared Read Blocks":0,"Shared Dirtied Blocks":0,"Shared Written Blocks":0,"Local Hit Blocks":0,"Local Read Blocks":0,"Local Dirtied Blocks":0,"Local Written Blocks":0,"Temp Read Blocks":0,"Temp Written Blocks":0,"I/O Read Time":0.0,"I/O Write Time":0.0,"Temp I/O Read Time":0.0,"Temp I/O Write Time":0.0},{"Node Type":"Hash","Parent Relationship":"Inner","Parallel Aware":false,"Async Capable":false,"Startup Cost":1.06,"Total Cost":1.06,"Plan Rows":1,"Plan Width":4,"Actual Startup Time":0.013,"Actual Total Time":0.013,"Actual Rows":1,"Actual Loops":1,"Output":["region.r_regionkey"],"Hash Buckets":1024,"Original Hash Buckets":1024,"Hash Batches":1,"Original Hash Batches":1,"Peak Memory Usage":9,"Shared Hit Blocks":1,"Shared Read Blocks":0,"Shared Dirtied Blocks":0,"Shared Written Blocks":0,"Local Hit Blocks":0,"Local Read Blocks":0,"Local Dirtied Blocks":0,"Local Written Blocks":0,"Temp Read Blocks":0,"Temp Written Blocks":0,"I/O Read Time":0.0,"I/O Write Time":0.0,"Temp I/O Read Time":0.0,"Temp I/O Write Time":0.0,"Plans":[{"Node Type":"Seq Scan","Parent Relationship":"Outer","Parallel Aware":false,"Async Capable":false,"Relation Name":"region","Schema":"public","Alias":"region","Startup Cost":0.0,"Total Cost":1.06,"Plan Rows":1,"Plan Width":4,"Actual Startup Time":0.01,"Actual Total Time":0.01,"Actual Rows":1,"Actual Loops":1,"Output":["region.r_regionkey"],"Filter":"((region.r_name)::text ~~ 'Europ%'::text)","Rows Removed by Filter":4,"Shared Hit Blocks":1,"Shared Read Blocks":0,"Shared Dirtied Blocks":0,"Shared Written Blocks":0,"Local Hit Blocks":0,"Local Read Blocks":0,"Local Dirtied Blocks":0,"Local Written Blocks":0,"Temp Read Blocks":0,"Temp Written Blocks":0,"I/O Read Time":0.0,"I/O Write Time":0.0,"Temp I/O Read Time":0.0,"Temp I/O Write Time":0.0}]}]}]}]}]},"Planning":{"Shared Hit Blocks":36,"Shared Read Blocks":0,"Shared Dirtied Blocks":0,"Shared Written Blocks":0,"Local Hit Blocks":0,"Local Read Blocks":0,"Local Dirtied Blocks":0,"Local Written Blocks":0,"Temp Read Blocks":0,"Temp Written Blocks":0,"I/O Read Time":0.0,"I/O Write Time":0.0,"Temp I/O Read Time":0.0,"Temp I/O Write Time":0.0},"Planning Time":0.851,"Triggers":[],"Execution Time":6462.121}]
[列存组合]: nation, region
[{"Plan":{"Node Type":"Sort","Parallel Aware":false,"Async Capable":false,"Startup Cost":1278132.75,"Total Cost":1278133.25,"Plan Rows":198,"Plan Width":164,"Actual Startup Time":6390.105,"Actual Total Time":6390.208,"Actual Rows":1900,"Actual Loops":1,"Output":["supplier.su_suppkey","supplier.su_name","nation.n_name","item.i_id","item.i_name","supplier.su_address","supplier.su_phone","supplier.su_comment"],"Sort Key":["nation.n_name","supplier.su_name","item.i_id"],"Sort Method":"quicksort","Sort Space Used":439,"Sort Space Type":"Memory","Shared Hit Blocks":844086,"Shared Read Blocks":0,"Shared Dirtied Blocks":0,"Shared Written Blocks":0,"Local Hit Blocks":0,"Local Read Blocks":0,"Local Dirtied Blocks":0,"Local Written Blocks":0,"Temp Read Blocks":4157,"Temp Written Blocks":7564,"I/O Read Time":0.0,"I/O Write Time":0.0,"Temp I/O Read Time":7.017,"Temp I/O Write Time":27.96,"Plans":[{"Node Type":"Hash Join","Parent Relationship":"Outer","Parallel Aware":false,"Async Capable":false,"Join Type":"Inner","Startup Cost":733805.35,"Total Cost":1278125.2,"Plan Rows":198,"Plan Width":164,"Actual Startup Time":4075.491,"Actual Total Time":6385.961,"Actual Rows":1900,"Actual Loops":1,"Output":["supplier.su_suppkey","supplier.su_name","nation.n_name","item.i_id","item.i_name","supplier.su_address","supplier.su_phone","supplier.su_comment"],"Inner Unique":false,"Hash Cond":"(supplier.su_nationkey = nation.n_nationkey)","Shared Hit Blocks":844086,"Shared Read Blocks":0,"Shared Dirtied Blocks":0,"Shared Written Blocks":0,"Local Hit Blocks":0,"Local Read Blocks":0,"Local Dirtied Blocks":0,"Local Written Blocks":0,"Temp Read Blocks":4157,"Temp Written Blocks":7564,"I/O Read Time":0.0,"I/O Write Time":0.0,"Temp I/O Read Time":7.017,"Temp I/O Write Time":27.96,"Plans":[{"Node Type":"Nested Loop","Parent Relationship":"Outer","Parallel Aware":false,"Async Capable":false,"Join Type":"Inner","Startup Cost":733802.21,"Total Cost":1278116.42,"Plan Rows":991,"Plan Width":160,"Actual Startup Time":4075.442,"Actual Total Time":6384.912,"Actual Rows":3036,"Actual Loops":1,"Output":["item.i_id","item.i_name","supplier.su_suppkey","supplier.su_name","supplier.su_address","supplier.su_phone","supplier.su_comment","supplier.su_nationkey"],"Inner Unique":true,"Shared Hit Blocks":844084,"Shared Read Blocks":0,"Shared Dirtied Blocks":0,"Shared Written Blocks":0,"Local Hit Blocks":0,"Local Read Blocks":0,"Local Dirtied Blocks":0,"Local Written Blocks":0,"Temp Read Blocks":4157,"Temp Written Blocks":7564,"I/O Read Time":0.0,"I/O Write Time":0.0,"Temp I/O Read Time":7.017,"Temp I/O Write Time":27.96,"Plans":[{"Node Type":"Hash Join","Parent Relationship":"Outer","Parallel Aware":false,"Async Capable":false,"Join Type":"Inner","Startup Cost":733801.92,"Total Cost":1277811.59,"Plan Rows":991,"Plan Width":35,"Actual Startup Time":4075.417,"Actual Total Time":6374.993,"Actual Rows":3036,"Actual Loops":1,"Output":["item.i_id","item.i_name","stock.s_i_id","stock.s_w_id"],"Inner Unique":true,"Hash Cond":"((item.i_id = stock_1.s_i_id) AND (stock.s_quantity = (min(stock_1.s_quantity))))","Shared Hit Blocks":834976,"Shared Read Blocks":0,"Shared Dirtied Blocks":0,"Shared Written Blocks":0,"Local Hit Blocks":0,"Local Read Blocks":0,"Local Dirtied Blocks":0,"Local Written Blocks":0,"Temp Read Blocks":4157,"Temp Written Blocks":7564,"I/O Read Time":0.0,"I/O Write Time":0.0,"Temp I/O Read Time":7.017,"Temp I/O Write Time":27.96,"Plans":[{"Node Type":"Hash Join","Parent Relationship":"Outer","Parallel Aware":false,"Async Capable":false,"Join Type":"Inner","Startup Cost":2640.25,"Total Cost":545589.41,"Plan Rows":202003,"Plan Width":37,"Actual Startup Time":14.045,"Actual Total Time":2273.823,"Actual Rows":157200,"Actual Loops":1,"Output":["item.i_id","item.i_name","stock.s_i_id","stock.s_w_id","stock.s_quantity"],"Inner Unique":true,"Hash Cond":"(stock.s_i_id = item.i_id)","Shared Hit Blocks":418061,"Shared Read Blocks":0,"Shared Dirtied Blocks":0,"Shared Written Blocks":0,"Local Hit Blocks":0,"Local Read Blocks":0,"Local Dirtied Blocks":0,"Local Written Blocks":0,"Temp Read Blocks":0,"Temp Written Blocks":0,"I/O Read Time":0.0,"I/O Write Time":0.0,"Temp I/O Read Time":0.0,"Temp I/O Write Time":0.0,"Plans":[{"Node Type":"Seq Scan","Parent Relationship":"Outer","Parallel Aware":false,"Async Capable":false,"Relation Name":"stock","Schema":"public","Alias":"stock","Startup Cost":0.0,"Total Cost":516697.62,"Plan Rows":10000162,"Plan Width":8,"Actual Startup Time":0.005,"Actual Total Time":943.116,"Actual Rows":10000000,"Actual Loops":1,"Output":["stock.s_i_id","stock.s_w_id","stock.s_quantity","stock.s_dist_01","stock.s_dist_02","stock.s_dist_03","stock.s_dist_04","stock.s_dist_05","stock.s_dist_06","stock.s_dist_07","stock.s_dist_08","stock.s_dist_09","stock.s_dist_10","stock.s_ytd","stock.s_order_cnt","stock.s_remote_cnt","stock.s_data"],"Shared Hit Blocks":416696,"Shared Read Blocks":0,"Shared Dirtied Blocks":0,"Shared Written Blocks":0,"Local Hit Blocks":0,"Local Read Blocks":0,"Local Dirtied Blocks":0,"Local Written Blocks":0,"Temp Read Blocks":0,"Temp Written Blocks":0,"I/O Read Time":0.0,"I/O Write Time":0.0,"Temp I/O Read Time":0.0,"Temp I/O Write Time":0.0},{"Node Type":"Hash","Parent Relationship":"Inner","Parallel Aware":false,"Async Capable":false,"Startup Cost":2615.0,"Total Cost":2615.0,"Plan Rows":2020,"Plan Width":29,"Actual Startup Time":14.021,"Actual Total Time":14.022,"Actual Rows":1572,"Actual Loops":1,"Output":["item.i_id","item.i_name"],"Hash Buckets":2048,"Original Hash Buckets":2048,"Hash Batches":1,"Original Hash Batches":1,"Peak Memory Usage":110,"Shared Hit Blocks":1365,"Shared Read Blocks":0,"Shared Dirtied Blocks":0,"Shared Written Blocks":0,"Local Hit Blocks":0,"Local Read Blocks":0,"Local Dirtied Blocks":0,"Local Written Blocks":0,"Temp Read Blocks":0,"Temp Written Blocks":0,"I/O Read Time":0.0,"I/O Write Time":0.0,"Temp I/O Read Time":0.0,"Temp I/O Write Time":0.0,"Plans":[{"Node Type":"Seq Scan","Parent Relationship":"Outer","Parallel Aware":false,"Async Capable":false,"Relation Name":"item","Schema":"public","Alias":"item","Startup Cost":0.0,"Total Cost":2615.0,"Plan Rows":2020,"Plan Width":29,"Actual Startup Time":0.011,"Actual Total Time":13.789,"Actual Rows":1572,"Actual Loops":1,"Output":["item.i_id","item.i_name"],"Filter":"((item.i_data)::text ~~ '%b'::text)","Rows Removed by Filter":98428,"Shared Hit Blocks":1365,"Shared Read Blocks":0,"Shared Dirtied Blocks":0,"Shared Written Blocks":0,"Local Hit Blocks":0,"Local Read Blocks":0,"Local Dirtied Blocks":0,"Local Written Blocks":0,"Temp Read Blocks":0,"Temp Written Blocks":0,"I/O Read Time":0.0,"I/O Write Time":0.0,"Temp I/O Read Time":0.0,"Temp I/O Write Time":0.0}]}]},{"Node Type":"Hash","Parent Relationship":"Inner","Parallel Aware":false,"Async Capable":false,"Startup Cost":729690.09,"Total Cost":729690.09,"Plan Rows":98105,"Plan Width":6,"Actual Startup Time":4060.566,"Actual Total Time":4060.585,"Actual Rows":100000,"Actual Loops":1,"Output":["stock_1.s_i_id","(min(stock_1.s_quantity))"],"Hash Buckets":131072,"Original Hash Buckets":131072,"Hash Batches":1,"Original Hash Batches":1,"Peak Memory Usage":4735,"Shared Hit Blocks":416915,"Shared Read Blocks":0,"Shared Dirtied Blocks":0,"Shared Written Blocks":0,"Local Hit Blocks":0,"Local Read Blocks":0,"Local Dirtied Blocks":0,"Local Written Blocks":0,"Temp Read Blocks":4157,"Temp Written Blocks":7564,"I/O Read Time":0.0,"I/O Write Time":0.0,"Temp I/O Read Time":7.017,"Temp I/O Write Time":27.96,"Plans":[{"Node Type":"Aggregate","Strategy":"Hashed","Partial Mode":"Simple","Parent Relationship":"Outer","Parallel Aware":false,"Async Capable":false,"Startup Cost":712102.74,"Total Cost":728709.04,"Plan Rows":98105,"Plan Width":6,"Actual Startup Time":3873.752,"Actual Total Time":4045.629,"Actual Rows":100000,"Actual Loops":1,"Output":["stock_1.s_i_id","min(stock_1.s_quantity)"],"Group Key":["stock_1.s_i_id"],"Planned Partitions":0,"HashAgg Batches":5,"Peak Memory Usage":8241,"Disk Usage":35680,"Shared Hit Blocks":416915,"Shared Read Blocks":0,"Shared Dirtied Blocks":0,"Shared Written Blocks":0,"Local Hit Blocks":0,"Local Read Blocks":0,"Local Dirtied Blocks":0,"Local Written Blocks":0,"Temp Read Blocks":4157,"Temp Written Blocks":7564,"I/O Read Time":0.0,"I/O Write Time":0.0,"Temp I/O Read Time":7.017,"Temp I/O Write Time":27.96,"Plans":[{"Node Type":"Hash Join","Parent Relationship":"Outer","Parallel Aware":false,"Async Capable":false,"Join Type":"Inner","Startup Cost":401.99,"Total Cost":599600.94,"Plan Rows":2000032,"Plan Width":6,"Actual Startup Time":2.573,"Actual Total Time":3177.844,"Actual Rows":3474600,"Actual Loops":1,"Output":["stock_1.s_i_id","stock_1.s_quantity"],"Inner Unique":false,"Hash Cond":"(mod((stock_1.s_w_id * stock_1.s_i_id), 10000) = supplier_1.su_suppkey)","Shared Hit Blocks":416915,"Shared Read Blocks":0,"Shared Dirtied Blocks":0,"Shared Written Blocks":0,"Local Hit Blocks":0,"Local Read Blocks":0,"Local Dirtied Blocks":0,"Local Written Blocks":0,"Temp Read Blocks":0,"Temp Written Blocks":0,"I/O Read Time":0.0,"I/O Write Time":0.0,"Temp I/O Read Time":0.0,"Temp I/O Write Time":0.0,"Plans":[{"Node Type":"Seq Scan","Parent Relationship":"Outer","Parallel Aware":false,"Async Capable":false,"Relation Name":"stock","Schema":"public","Alias":"stock_1","Startup Cost":0.0,"Total Cost":516697.62,"Plan Rows":10000162,"Plan Width":8,"Actual Startup Time":0.004,"Actual Total Time":1035.072,"Actual Rows":10000000,"Actual Loops":1,"Output":["stock_1.s_i_id","stock_1.s_w_id","stock_1.s_quantity","stock_1.s_dist_01","stock_1.s_dist_02","stock_1.s_dist_03","stock_1.s_dist_04","stock_1.s_dist_05","stock_1.s_dist_06","stock_1.s_dist_07","stock_1.s_dist_08","stock_1.s_dist_09","stock_1.s_dist_10","stock_1.s_ytd","stock_1.s_order_cnt","stock_1.s_remote_cnt","stock_1.s_data"],"Shared Hit Blocks":416696,"Shared Read Blocks":0,"Shared Dirtied Blocks":0,"Shared Written Blocks":0,"Local Hit Blocks":0,"Local Read Blocks":0,"Local Dirtied Blocks":0,"Local Written Blocks":0,"Temp Read Blocks":0,"Temp Written Blocks":0,"I/O Read Time":0.0,"I/O Write Time":0.0,"Temp I/O Read Time":0.0,"Temp I/O Write Time":0.0},{"Node Type":"Hash","Parent Relationship":"Inner","Parallel Aware":false,"Async Capable":false,"Startup Cost":376.99,"Total Cost":376.99,"Plan Rows":2000,"Plan Width":4,"Actual Startup Time":2.563,"Actual Total Time":2.576,"Actual Rows":3506,"Actual Loops":1,"Output":["supplier_1.su_suppkey"],"Hash Buckets":4096,"Original Hash Buckets":2048,"Hash Batches":1,"Original Hash Batches":1,"Peak Memory Usage":156,"Shared Hit Blocks":219,"Shared Read Blocks":0,"Shared Dirtied Blocks":0,"Shared Written Blocks":0,"Local Hit Blocks":0,"Local Read Blocks":0,"Local Dirtied Blocks":0,"Local Written Blocks":0,"Temp Read Blocks":0,"Temp Written Blocks":0,"I/O Read Time":0.0,"I/O Write Time":0.0,"Temp I/O Read Time":0.0,"Temp I/O Write Time":0.0,"Plans":[{"Node Type":"Hash Join","Parent Relationship":"Outer","Parallel Aware":false,"Async Capable":false,"Join Type":"Inner","Startup Cost":3.14,"Total Cost":376.99,"Plan Rows":2000,"Plan Width":4,"Actual Startup Time":0.049,"Actual Total Time":2.183,"Actual Rows":3506,"Actual Loops":1,"Output":["supplier_1.su_suppkey"],"Inner Unique":false,"Hash Cond":"(supplier_1.su_nationkey = nation_1.n_nationkey)","Shared Hit Blocks":219,"Shared Read Blocks":0,"Shared Dirtied Blocks":0,"Shared Written Blocks":0,"Local Hit Blocks":0,"Local Read Blocks":0,"Local Dirtied Blocks":0,"Local Written Blocks":0,"Temp Read Blocks":0,"Temp Written Blocks":0,"I/O Read Time":0.0,"I/O Write Time":0.0,"Temp I/O Read Time":0.0,"Temp I/O Write Time":0.0,"Plans":[{"Node Type":"Seq Scan","Parent Relationship":"Outer","Parallel Aware":false,"Async Capable":false,"Relation Name":"supplier","Schema":"public","Alias":"supplier_1","Startup Cost":0.0,"Total Cost":317.0,"Plan Rows":10000,"Plan Width":8,"Actual Startup Time":0.004,"Actual Total Time":0.781,"Actual Rows":10000,"Actual Loops":1,"Output":["supplier_1.su_suppkey","supplier_1.su_name","supplier_1.su_address","supplier_1.su_nationkey","supplier_1.su_phone","supplier_1.su_acctbal","supplier_1.su_comment"],"Shared Hit Blocks":217,"Shared Read Blocks":0,"Shared Dirtied Blocks":0,"Shared Written Blocks":0,"Local Hit Blocks":0,"Local Read Blocks":0,"Local Dirtied Blocks":0,"Local Written Blocks":0,"Temp Read Blocks":0,"Temp Written Blocks":0,"I/O Read Time":0.0,"I/O Write Time":0.0,"Temp I/O Read Time":0.0,"Temp I/O Write Time":0.0},{"Node Type":"Hash","Parent Relationship":"Inner","Parallel Aware":false,"Async Capable":false,"Startup Cost":2.99,"Total Cost":2.99,"Plan Rows":12,"Plan Width":4,"Actual Startup Time":0.027,"Actual Total Time":0.035,"Actual Rows":22,"Actual Loops":1,"Output":["nation_1.n_nationkey"],"Hash Buckets":1024,"Original Hash Buckets":1024,"Hash Batches":1,"Original Hash Batches":1,"Peak Memory Usage":9,"Shared Hit Blocks":2,"Shared Read Blocks":0,"Shared Dirtied Blocks":0,"Shared Written Blocks":0,"Local Hit Blocks":0,"Local Read Blocks":0,"Local Dirtied Blocks":0,"Local Written Blocks":0,"Temp Read Blocks":0,"Temp Written Blocks":0,"I/O Read Time":0.0,"I/O Write Time":0.0,"Temp I/O Read Time":0.0,"Temp I/O Write Time":0.0,"Plans":[{"Node Type":"Hash Join","Parent Relationship":"Outer","Parallel Aware":false,"Async Capable":false,"Join Type":"Inner","Startup Cost":1.07,"Total Cost":2.99,"Plan Rows":12,"Plan Width":4,"Actual Startup Time":0.012,"Actual Total Time":0.03,"Actual Rows":22,"Actual Loops":1,"Output":["nation_1.n_nationkey"],"Inner Unique":true,"Hash Cond":"(nation_1.n_regionkey = region_1.r_regionkey)","Shared Hit Blocks":2,"Shared Read Blocks":0,"Shared Dirtied Blocks":0,"Shared Written Blocks":0,"Local Hit Blocks":0,"Local Read Blocks":0,"Local Dirtied Blocks":0,"Local Written Blocks":0,"Temp Read Blocks":0,"Temp Written Blocks":0,"I/O Read Time":0.0,"I/O Write Time":0.0,"Temp I/O Read Time":0.0,"Temp I/O Write Time":0.0,"Plans":[{"Node Type":"Seq Scan","Parent Relationship":"Outer","Parallel Aware":false,"Async Capable":false,"Relation Name":"nation","Schema":"public","Alias":"nation_1","Startup Cost":0.0,"Total Cost":1.62,"Plan Rows":62,"Plan Width":8,"Actual Startup Time":0.003,"Actual Total Time":0.008,"Actual Rows":62,"Actual Loops":1,"Output":["nation_1.n_nationkey","nation_1.n_name","nation_1.n_regionkey","nation_1.n_comment"],"Shared Hit Blocks":1,"Shared Read Blocks":0,"Shared Dirtied Blocks":0,"Shared Written Blocks":0,"Local Hit Blocks":0,"Local Read Blocks":0,"Local Dirtied Blocks":0,"Local Written Blocks":0,"Temp Read Blocks":0,"Temp Written Blocks":0,"I/O Read Time":0.0,"I/O Write Time":0.0,"Temp I/O Read Time":0.0,"Temp I/O Write Time":0.0},{"Node Type":"Hash","Parent Relationship":"Inner","Parallel Aware":false,"Async Capable":false,"Startup Cost":1.06,"Total Cost":1.06,"Plan Rows":1,"Plan Width":4,"Actual Startup Time":0.004,"Actual Total Time":0.006,"Actual Rows":1,"Actual Loops":1,"Output":["region_1.r_regionkey"],"Hash Buckets":1024,"Original Hash Buckets":1024,"Hash Batches":1,"Original Hash Batches":1,"Peak Memory Usage":9,"Shared Hit Blocks":1,"Shared Read Blocks":0,"Shared Dirtied Blocks":0,"Shared Written Blocks":0,"Local Hit Blocks":0,"Local Read Blocks":0,"Local Dirtied Blocks":0,"Local Written Blocks":0,"Temp Read Blocks":0,"Temp Written Blocks":0,"I/O Read Time":0.0,"I/O Write Time":0.0,"Temp I/O Read Time":0.0,"Temp I/O Write Time":0.0,"Plans":[{"Node Type":"Seq Scan","Parent Relationship":"Outer","Parallel Aware":false,"Async Capable":false,"Relation Name":"region","Schema":"public","Alias":"region_1","Startup Cost":0.0,"Total Cost":1.06,"Plan Rows":1,"Plan Width":4,"Actual Startup Time":0.003,"Actual Total Time":0.003,"Actual Rows":1,"Actual Loops":1,"Output":["region_1.r_regionkey"],"Filter":"((region_1.r_name)::text ~~ 'Europ%'::text)","Rows Removed by Filter":4,"Shared Hit Blocks":1,"Shared Read Blocks":0,"Shared Dirtied Blocks":0,"Shared Written Blocks":0,"Local Hit Blocks":0,"Local Read Blocks":0,"Local Dirtied Blocks":0,"Local Written Blocks":0,"Temp Read Blocks":0,"Temp Written Blocks":0,"I/O Read Time":0.0,"I/O Write Time":0.0,"Temp I/O Read Time":0.0,"Temp I/O Write Time":0.0}]}]}]}]}]}]}]}]}]},{"Node Type":"Index Scan","Parent Relationship":"Inner","Parallel Aware":false,"Async Capable":false,"Scan Direction":"Forward","Index Name":"supplier_pk","Relation Name":"supplier","Schema":"public","Alias":"supplier","Startup Cost":0.29,"Total Cost":0.31,"Plan Rows":1,"Plan Width":131,"Actual Startup Time":0.003,"Actual Total Time":0.003,"Actual Rows":1,"Actual Loops":3036,"Output":["supplier.su_suppkey","supplier.su_name","supplier.su_address","supplier.su_nationkey","supplier.su_phone","supplier.su_acctbal","supplier.su_comment"],"Index Cond":"(supplier.su_suppkey = mod((stock.s_w_id * stock.s_i_id), 10000))","Rows Removed by Index Recheck":0,"Shared Hit Blocks":9108,"Shared Read Blocks":0,"Shared Dirtied Blocks":0,"Shared Written Blocks":0,"Local Hit Blocks":0,"Local Read Blocks":0,"Local Dirtied Blocks":0,"Local Written Blocks":0,"Temp Read Blocks":0,"Temp Written Blocks":0,"I/O Read Time":0.0,"I/O Write Time":0.0,"Temp I/O Read Time":0.0,"Temp I/O Write Time":0.0}]},{"Node Type":"Hash","Parent Relationship":"Inner","Parallel Aware":false,"Async Capable":false,"Startup Cost":2.99,"Total Cost":2.99,"Plan Rows":12,"Plan Width":12,"Actual Startup Time":0.04,"Actual Total Time":0.045,"Actual Rows":22,"Actual Loops":1,"Output":["nation.n_name","nation.n_nationkey"],"Hash Buckets":1024,"Original Hash Buckets":1024,"Hash Batches":1,"Original Hash Batches":1,"Peak Memory Usage":9,"Shared Hit Blocks":2,"Shared Read Blocks":0,"Shared Dirtied Blocks":0,"Shared Written Blocks":0,"Local Hit Blocks":0,"Local Read Blocks":0,"Local Dirtied Blocks":0,"Local Written Blocks":0,"Temp Read Blocks":0,"Temp Written Blocks":0,"I/O Read Time":0.0,"I/O Write Time":0.0,"Temp I/O Read Time":0.0,"Temp I/O Write Time":0.0,"Plans":[{"Node Type":"Hash Join","Parent Relationship":"Outer","Parallel Aware":false,"Async Capable":false,"Join Type":"Inner","Startup Cost":1.07,"Total Cost":2.99,"Plan Rows":12,"Plan Width":12,"Actual Startup Time":0.025,"Actual Total Time":0.04,"Actual Rows":22,"Actual Loops":1,"Output":["nation.n_name","nation.n_nationkey"],"Inner Unique":true,"Hash Cond":"(nation.n_regionkey = region.r_regionkey)","Shared Hit Blocks":2,"Shared Read Blocks":0,"Shared Dirtied Blocks":0,"Shared Written Blocks":0,"Local Hit Blocks":0,"Local Read Blocks":0,"Local Dirtied Blocks":0,"Local Written Blocks":0,"Temp Read Blocks":0,"Temp Written Blocks":0,"I/O Read Time":0.0,"I/O Write Time":0.0,"Temp I/O Read Time":0.0,"Temp I/O Write Time":0.0,"Plans":[{"Node Type":"Seq Scan","Parent Relationship":"Outer","Parallel Aware":false,"Async Capable":false,"Relation Name":"nation","Schema":"public","Alias":"nation","Startup Cost":0.0,"Total Cost":1.62,"Plan Rows":62,"Plan Width":16,"Actual Startup Time":0.009,"Actual Total Time":0.013,"Actual Rows":62,"Actual Loops":1,"Output":["nation.n_nationkey","nation.n_name","nation.n_regionkey","nation.n_comment"],"Shared Hit Blocks":1,"Shared Read Blocks":0,"Shared Dirtied Blocks":0,"Shared Written Blocks":0,"Local Hit Blocks":0,"Local Read Blocks":0,"Local Dirtied Blocks":0,"Local Written Blocks":0,"Temp Read Blocks":0,"Temp Written Blocks":0,"I/O Read Time":0.0,"I/O Write Time":0.0,"Temp I/O Read Time":0.0,"Temp I/O Write Time":0.0},{"Node Type":"Hash","Parent Relationship":"Inner","Parallel Aware":false,"Async Capable":false,"Startup Cost":1.06,"Total Cost":1.06,"Plan Rows":1,"Plan Width":4,"Actual Startup Time":0.009,"Actual Total Time":0.01,"Actual Rows":1,"Actual Loops":1,"Output":["region.r_regionkey"],"Hash Buckets":1024,"Original Hash Buckets":1024,"Hash Batches":1,"Original Hash Batches":1,"Peak Memory Usage":9,"Shared Hit Blocks":1,"Shared Read Blocks":0,"Shared Dirtied Blocks":0,"Shared Written Blocks":0,"Local Hit Blocks":0,"Local Read Blocks":0,"Local Dirtied Blocks":0,"Local Written Blocks":0,"Temp Read Blocks":0,"Temp Written Blocks":0,"I/O Read Time":0.0,"I/O Write Time":0.0,"Temp I/O Read Time":0.0,"Temp I/O Write Time":0.0,"Plans":[{"Node Type":"Seq Scan","Parent Relationship":"Outer","Parallel Aware":false,"Async Capable":false,"Relation Name":"region","Schema":"public","Alias":"region","Startup Cost":0.0,"Total Cost":1.06,"Plan Rows":1,"Plan Width":4,"Actual Startup Time":0.006,"Actual Total Time":0.006,"Actual Rows":1,"Actual Loops":1,"Output":["region.r_regionkey"],"Filter":"((region.r_name)::text ~~ 'Europ%'::text)","Rows Removed by Filter":4,"Shared Hit Blocks":1,"Shared Read Blocks":0,"Shared Dirtied Blocks":0,"Shared Written Blocks":0,"Local Hit Blocks":0,"Local Read Blocks":0,"Local Dirtied Blocks":0,"Local Written Blocks":0,"Temp Read Blocks":0,"Temp Written Blocks":0,"I/O Read Time":0.0,"I/O Write Time":0.0,"Temp I/O Read Time":0.0,"Temp I/O Write Time":0.0}]}]}]}]}]},"Planning":{"Shared Hit Blocks":36,"Shared Read Blocks":0,"Shared Dirtied Blocks":0,"Shared Written Blocks":0,"Local Hit Blocks":0,"Local Read Blocks":0,"Local Dirtied Blocks":0,"Local Written Blocks":0,"Temp Read Blocks":0,"Temp Written Blocks":0,"I/O Read Time":0.0,"I/O Write Time":0.0,"Temp I/O Read Time":0.0,"Temp I/O Write Time":0.0},"Planning Time":0.864,"Triggers":[],"Execution Time":6397.639}]
[列存组合]: nation, stock
[{"Plan":{"Node Type":"Sort","Parallel Aware":false,"Async Capable":false,"Startup Cost":966329.48,"Total Cost":966329.97,"Plan Rows":198,"Plan Width":164,"Actual Startup Time":4796.308,"Actual Total Time":4796.402,"Actual Rows":1900,"Actual Loops":1,"Output":["supplier.su_suppkey","supplier.su_name","nation.n_name","item.i_id","item.i_name","supplier.su_address","supplier.su_phone","supplier.su_comment"],"Sort Key":["nation.n_name","supplier.su_name","item.i_id"],"Sort Method":"quicksort","Sort Space Used":439,"Sort Space Type":"Memory","Shared Hit Blocks":10694,"Shared Read Blocks":0,"Shared Dirtied Blocks":0,"Shared Written Blocks":0,"Local Hit Blocks":0,"Local Read Blocks":0,"Local Dirtied Blocks":0,"Local Written Blocks":0,"Temp Read Blocks":4157,"Temp Written Blocks":7564,"I/O Read Time":0.0,"I/O Write Time":0.0,"Temp I/O Read Time":6.287,"Temp I/O Write Time":25.655,"Plans":[{"Node Type":"Hash Join","Parent Relationship":"Outer","Parallel Aware":false,"Async Capable":false,"Join Type":"Inner","Startup Cost":432153.4,"Total Cost":966321.93,"Plan Rows":198,"Plan Width":164,"Actual Startup Time":4408.847,"Actual Total Time":4792.828,"Actual Rows":1900,"Actual Loops":1,"Output":["supplier.su_suppkey","supplier.su_name","nation.n_name","item.i_id","item.i_name","supplier.su_address","supplier.su_phone","supplier.su_comment"],"Inner Unique":false,"Hash Cond":"(supplier.su_nationkey = nation.n_nationkey)","Shared Hit Blocks":10694,"Shared Read Blocks":0,"Shared Dirtied Blocks":0,"Shared Written Blocks":0,"Local Hit Blocks":0,"Local Read Blocks":0,"Local Dirtied Blocks":0,"Local Written Blocks":0,"Temp Read Blocks":4157,"Temp Written Blocks":7564,"I/O Read Time":0.0,"I/O Write Time":0.0,"Temp I/O Read Time":6.287,"Temp I/O Write Time":25.655,"Plans":[{"Node Type":"Nested Loop","Parent Relationship":"Outer","Parallel Aware":false,"Async Capable":false,"Join Type":"Inner","Startup Cost":432150.26,"Total Cost":966313.15,"Plan Rows":991,"Plan Width":160,"Actual Startup Time":4408.77,"Actual Total Time":4792.092,"Actual Rows":3036,"Actual Loops":1,"Output":["item.i_id","item.i_name","supplier.su_suppkey","supplier.su_name","supplier.su_address","supplier.su_phone","supplier.su_comment","supplier.su_nationkey"],"Inner Unique":true,"Shared Hit Blocks":10692,"Shared Read Blocks":0,"Shared Dirtied Blocks":0,"Shared Written Blocks":0,"Local Hit Blocks":0,"Local Read Blocks":0,"Local Dirtied Blocks":0,"Local Written Blocks":0,"Temp Read Blocks":4157,"Temp Written Blocks":7564,"I/O Read Time":0.0,"I/O Write Time":0.0,"Temp I/O Read Time":6.287,"Temp I/O Write Time":25.655,"Plans":[{"Node Type":"Hash Join","Parent Relationship":"Outer","Parallel Aware":false,"Async Capable":false,"Join Type":"Inner","Startup Cost":432149.97,"Total Cost":966008.32,"Plan Rows":991,"Plan Width":35,"Actual Startup Time":4408.719,"Actual Total Time":4784.809,"Actual Rows":3036,"Actual Loops":1,"Output":["item.i_id","item.i_name","stock.s_i_id","stock.s_w_id"],"Inner Unique":true,"Hash Cond":"((item.i_id = stock_1.s_i_id) AND (stock.s_quantity = (min(stock_1.s_quantity))))","Shared Hit Blocks":1584,"Shared Read Blocks":0,"Shared Dirtied Blocks":0,"Shared Written Blocks":0,"Local Hit Blocks":0,"Local Read Blocks":0,"Local Dirtied Blocks":0,"Local Written Blocks":0,"Temp Read Blocks":4157,"Temp Written Blocks":7564,"I/O Read Time":0.0,"I/O Write Time":0.0,"Temp I/O Read Time":6.287,"Temp I/O Write Time":25.655,"Plans":[{"Node Type":"Hash Join","Parent Relationship":"Outer","Parallel Aware":false,"Async Capable":false,"Join Type":"Inner","Startup Cost":2660.25,"Total Cost":535458.08,"Plan Rows":202003,"Plan Width":37,"Actual Startup Time":16.44,"Actual Total Time":367.224,"Actual Rows":157200,"Actual Loops":1,"Output":["item.i_id","item.i_name","stock.s_i_id","stock.s_w_id","stock.s_quantity"],"Inner Unique":true,"Hash Cond":"(stock.s_i_id = item.i_id)","Shared Hit Blocks":1365,"Shared Read Blocks":0,"Shared Dirtied Blocks":0,"Shared Written Blocks":0,"Local Hit Blocks":0,"Local Read Blocks":0,"Local Dirtied Blocks":0,"Local Written Blocks":0,"Temp Read Blocks":0,"Temp Written Blocks":0,"I/O Read Time":0.0,"I/O Write Time":0.0,"Temp I/O Read Time":0.0,"Temp I/O Write Time":0.0,"Plans":[{"Node Type":"Append","Parent Relationship":"Outer","Parallel Aware":false,"Async Capable":false,"Startup Cost":20.0,"Total Cost":506566.29,"Plan Rows":10000162,"Plan Width":8,"Actual Startup Time":1.241,"Actual Total Time":321.97,"Actual Rows":157200,"Actual Loops":1,"Shared Hit Blocks":0,"Shared Read Blocks":0,"Shared Dirtied Blocks":0,"Shared Written Blocks":0,"Local Hit Blocks":0,"Local Read Blocks":0,"Local Dirtied Blocks":0,"Local Written Blocks":0,"Temp Read Blocks":0,"Temp Written Blocks":0,"I/O Read Time":0.0,"I/O Write Time":0.0,"Temp I/O Read Time":0.0,"Temp I/O Write Time":0.0,"Subplans Removed":0,"Plans":[{"Node Type":"Custom Scan","Parent Relationship":"Member","Custom Plan Provider":"columnar scan","Parallel Aware":false,"Async Capable":false,"Relation Name":"stock","Schema":"public","Alias":"stock","Startup Cost":20.0,"Total Cost":215020.05,"Plan Rows":10000000,"Plan Width":8,"Actual Startup Time":1.239,"Actual Total Time":311.19,"Actual Rows":157200,"Actual Loops":1,"Output":["stock.s_i_id","stock.s_w_id","stock.s_quantity"],"Rows Removed by Columnar Filter":9842800,"Rows Filtered by Bloom Filter":0,"Dictionary Rows Filtered by Bloom Filter":9842800,"Columnar cache search mode":"native","Shared Hit Blocks":0,"Shared Read Blocks":0,"Shared Dirtied Blocks":0,"Shared Written Blocks":0,"Local Hit Blocks":0,"Local Read Blocks":0,"Local Dirtied Blocks":0,"Local Written Blocks":0,"Temp Read Blocks":0,"Temp Written Blocks":0,"I/O Read Time":0.0,"I/O Write Time":0.0,"Temp I/O Read Time":0.0,"Temp I/O Write Time":0.0},{"Node Type":"Seq Scan","Parent Relationship":"Member","Parallel Aware":false,"Async Capable":false,"Relation Name":"stock","Schema":"public","Alias":"stock","Startup Cost":0.0,"Total Cost":5.62,"Plan Rows":162,"Plan Width":8,"Actual Startup Time":0.0,"Actual Total Time":0.0,"Actual Rows":0,"Actual Loops":0,"Output":["stock.s_i_id","stock.s_w_id","stock.s_quantity"],"Shared Hit Blocks":0,"Shared Read Blocks":0,"Shared Dirtied Blocks":0,"Shared Written Blocks":0,"Local Hit Blocks":0,"Local Read Blocks":0,"Local Dirtied Blocks":0,"Local Written Blocks":0,"Temp Read Blocks":0,"Temp Written Blocks":0,"I/O Read Time":0.0,"I/O Write Time":0.0,"Temp I/O Read Time":0.0,"Temp I/O Write Time":0.0}]},{"Node Type":"Hash","Parent Relationship":"Inner","Parallel Aware":false,"Async Capable":false,"Startup Cost":2615.0,"Total Cost":2615.0,"Plan Rows":2020,"Plan Width":29,"Actual Startup Time":14.848,"Actual Total Time":14.85,"Actual Rows":1572,"Actual Loops":1,"Output":["item.i_id","item.i_name"],"Hash Buckets":2048,"Original Hash Buckets":2048,"Hash Batches":1,"Original Hash Batches":1,"Peak Memory Usage":110,"Shared Hit Blocks":1365,"Shared Read Blocks":0,"Shared Dirtied Blocks":0,"Shared Written Blocks":0,"Local Hit Blocks":0,"Local Read Blocks":0,"Local Dirtied Blocks":0,"Local Written Blocks":0,"Temp Read Blocks":0,"Temp Written Blocks":0,"I/O Read Time":0.0,"I/O Write Time":0.0,"Temp I/O Read Time":0.0,"Temp I/O Write Time":0.0,"Plans":[{"Node Type":"Seq Scan","Parent Relationship":"Outer","Parallel Aware":false,"Async Capable":false,"Relation Name":"item","Schema":"public","Alias":"item","Startup Cost":0.0,"Total Cost":2615.0,"Plan Rows":2020,"Plan Width":29,"Actual Startup Time":0.013,"Actual Total Time":14.329,"Actual Rows":1572,"Actual Loops":1,"Output":["item.i_id","item.i_name"],"Filter":"((item.i_data)::text ~~ '%b'::text)","Rows Removed by Filter":98428,"Shared Hit Blocks":1365,"Shared Read Blocks":0,"Shared Dirtied Blocks":0,"Shared Written Blocks":0,"Local Hit Blocks":0,"Local Read Blocks":0,"Local Dirtied Blocks":0,"Local Written Blocks":0,"Temp Read Blocks":0,"Temp Written Blocks":0,"I/O Read Time":0.0,"I/O Write Time":0.0,"Temp I/O Read Time":0.0,"Temp I/O Write Time":0.0}]}]},{"Node Type":"Hash","Parent Relationship":"Inner","Parallel Aware":false,"Async Capable":false,"Startup Cost":428018.14,"Total Cost":428018.14,"Plan Rows":98105,"Plan Width":6,"Actual Startup Time":4391.869,"Actual Total Time":4391.879,"Actual Rows":100000,"Actual Loops":1,"Output":["stock_1.s_i_id","(min(stock_1.s_quantity))"],"Hash Buckets":131072,"Original Hash Buckets":131072,"Hash Batches":1,"Original Hash Batches":1,"Peak Memory Usage":4735,"Shared Hit Blocks":219,"Shared Read Blocks":0,"Shared Dirtied Blocks":0,"Shared Written Blocks":0,"Local Hit Blocks":0,"Local Read Blocks":0,"Local Dirtied Blocks":0,"Local Written Blocks":0,"Temp Read Blocks":4157,"Temp Written Blocks":7564,"I/O Read Time":0.0,"I/O Write Time":0.0,"Temp I/O Read Time":6.287,"Temp I/O Write Time":25.655,"Plans":[{"Node Type":"Aggregate","Strategy":"Hashed","Partial Mode":"Simple","Parent Relationship":"Outer","Parallel Aware":false,"Async Capable":false,"Startup Cost":410430.79,"Total Cost":427037.09,"Plan Rows":98105,"Plan Width":6,"Actual Startup Time":4202.462,"Actual Total Time":4375.985,"Actual Rows":100000,"Actual Loops":1,"Output":["stock_1.s_i_id","min(stock_1.s_quantity)"],"Group Key":["stock_1.s_i_id"],"Planned Partitions":0,"HashAgg Batches":5,"Peak Memory Usage":8241,"Disk Usage":35680,"Shared Hit Blocks":219,"Shared Read Blocks":0,"Shared Dirtied Blocks":0,"Shared Written Blocks":0,"Local Hit Blocks":0,"Local Read Blocks":0,"Local Dirtied Blocks":0,"Local Written Blocks":0,"Temp Read Blocks":4157,"Temp Written Blocks":7564,"I/O Read Time":0.0,"I/O Write Time":0.0,"Temp I/O Read Time":6.287,"Temp I/O Write Time":25.655,"Plans":[{"Node Type":"Hash Join","Parent Relationship":"Outer","Parallel Aware":false,"Async Capable":false,"Join Type":"Inner","Startup Cost":421.99,"Total Cost":297928.99,"Plan Rows":2000032,"Plan Width":6,"Actual Startup Time":2.671,"Actual Total Time":3540.462,"Actual Rows":3474600,"Actual Loops":1,"Output":["stock_1.s_i_id","stock_1.s_quantity"],"Inner Unique":false,"Hash Cond":"(mod((stock_1.s_w_id * stock_1.s_i_id), 10000) = supplier_1.su_suppkey)","Shared Hit Blocks":219,"Shared Read Blocks":0,"Shared Dirtied Blocks":0,"Shared Written Blocks":0,"Local Hit Blocks":0,"Local Read Blocks":0,"Local Dirtied Blocks":0,"Local Written Blocks":0,"Temp Read Blocks":0,"Temp Written Blocks":0,"I/O Read Time":0.0,"I/O Write Time":0.0,"Temp I/O Read Time":0.0,"Temp I/O Write Time":0.0,"Plans":[{"Node Type":"Append","Parent Relationship":"Outer","Parallel Aware":false,"Async Capable":false,"Startup Cost":20.0,"Total Cost":215025.67,"Plan Rows":10000162,"Plan Width":8,"Actual Startup Time":0.007,"Actual Total Time":2083.449,"Actual Rows":10000000,"Actual Loops":1,"Shared Hit Blocks":0,"Shared Read Blocks":0,"Shared Dirtied Blocks":0,"Shared Written Blocks":0,"Local Hit Blocks":0,"Local Read Blocks":0,"Local Dirtied Blocks":0,"Local Written Blocks":0,"Temp Read Blocks":0,"Temp Written Blocks":0,"I/O Read Time":0.0,"I/O Write Time":0.0,"Temp I/O Read Time":0.0,"Temp I/O Write Time":0.0,"Subplans Removed":0,"Plans":[{"Node Type":"Custom Scan","Parent Relationship":"Member","Custom Plan Provider":"columnar scan","Parallel Aware":false,"Async Capable":false,"Relation Name":"stock","Schema":"public","Alias":"stock_1","Startup Cost":20.0,"Total Cost":215020.05,"Plan Rows":10000000,"Plan Width":8,"Actual Startup Time":0.007,"Actual Total Time":1388.793,"Actual Rows":10000000,"Actual Loops":1,"Output":["stock_1.s_i_id","stock_1.s_quantity","stock_1.s_w_id"],"Rows Removed by Columnar Filter":0,"Columnar cache search mode":"native","Shared Hit Blocks":0,"Shared Read Blocks":0,"Shared Dirtied Blocks":0,"Shared Written Blocks":0,"Local Hit Blocks":0,"Local Read Blocks":0,"Local Dirtied Blocks":0,"Local Written Blocks":0,"Temp Read Blocks":0,"Temp Written Blocks":0,"I/O Read Time":0.0,"I/O Write Time":0.0,"Temp I/O Read Time":0.0,"Temp I/O Write Time":0.0},{"Node Type":"Seq Scan","Parent Relationship":"Member","Parallel Aware":false,"Async Capable":false,"Relation Name":"stock","Schema":"public","Alias":"stock_1","Startup Cost":0.0,"Total Cost":5.62,"Plan Rows":162,"Plan Width":8,"Actual Startup Time":0.0,"Actual Total Time":0.0,"Actual Rows":0,"Actual Loops":0,"Output":["stock_1.s_i_id","stock_1.s_quantity","stock_1.s_w_id"],"Shared Hit Blocks":0,"Shared Read Blocks":0,"Shared Dirtied Blocks":0,"Shared Written Blocks":0,"Local Hit Blocks":0,"Local Read Blocks":0,"Local Dirtied Blocks":0,"Local Written Blocks":0,"Temp Read Blocks":0,"Temp Written Blocks":0,"I/O Read Time":0.0,"I/O Write Time":0.0,"Temp I/O Read Time":0.0,"Temp I/O Write Time":0.0}]},{"Node Type":"Hash","Parent Relationship":"Inner","Parallel Aware":false,"Async Capable":false,"Startup Cost":376.99,"Total Cost":376.99,"Plan Rows":2000,"Plan Width":4,"Actual Startup Time":2.651,"Actual Total Time":2.659,"Actual Rows":3506,"Actual Loops":1,"Output":["supplier_1.su_suppkey"],"Hash Buckets":4096,"Original Hash Buckets":2048,"Hash Batches":1,"Original Hash Batches":1,"Peak Memory Usage":156,"Shared Hit Blocks":219,"Shared Read Blocks":0,"Shared Dirtied Blocks":0,"Shared Written Blocks":0,"Local Hit Blocks":0,"Local Read Blocks":0,"Local Dirtied Blocks":0,"Local Written Blocks":0,"Temp Read Blocks":0,"Temp Written Blocks":0,"I/O Read Time":0.0,"I/O Write Time":0.0,"Temp I/O Read Time":0.0,"Temp I/O Write Time":0.0,"Plans":[{"Node Type":"Hash Join","Parent Relationship":"Outer","Parallel Aware":false,"Async Capable":false,"Join Type":"Inner","Startup Cost":3.14,"Total Cost":376.99,"Plan Rows":2000,"Plan Width":4,"Actual Startup Time":0.047,"Actual Total Time":2.22,"Actual Rows":3506,"Actual Loops":1,"Output":["supplier_1.su_suppkey"],"Inner Unique":false,"Hash Cond":"(supplier_1.su_nationkey = nation_1.n_nationkey)","Shared Hit Blocks":219,"Shared Read Blocks":0,"Shared Dirtied Blocks":0,"Shared Written Blocks":0,"Local Hit Blocks":0,"Local Read Blocks":0,"Local Dirtied Blocks":0,"Local Written Blocks":0,"Temp Read Blocks":0,"Temp Written Blocks":0,"I/O Read Time":0.0,"I/O Write Time":0.0,"Temp I/O Read Time":0.0,"Temp I/O Write Time":0.0,"Plans":[{"Node Type":"Seq Scan","Parent Relationship":"Outer","Parallel Aware":false,"Async Capable":false,"Relation Name":"supplier","Schema":"public","Alias":"supplier_1","Startup Cost":0.0,"Total Cost":317.0,"Plan Rows":10000,"Plan Width":8,"Actual Startup Time":0.005,"Actual Total Time":0.822,"Actual Rows":10000,"Actual Loops":1,"Output":["supplier_1.su_suppkey","supplier_1.su_name","supplier_1.su_address","supplier_1.su_nationkey","supplier_1.su_phone","supplier_1.su_acctbal","supplier_1.su_comment"],"Shared Hit Blocks":217,"Shared Read Blocks":0,"Shared Dirtied Blocks":0,"Shared Written Blocks":0,"Local Hit Blocks":0,"Local Read Blocks":0,"Local Dirtied Blocks":0,"Local Written Blocks":0,"Temp Read Blocks":0,"Temp Written Blocks":0,"I/O Read Time":0.0,"I/O Write Time":0.0,"Temp I/O Read Time":0.0,"Temp I/O Write Time":0.0},{"Node Type":"Hash","Parent Relationship":"Inner","Parallel Aware":false,"Async Capable":false,"Startup Cost":2.99,"Total Cost":2.99,"Plan Rows":12,"Plan Width":4,"Actual Startup Time":0.035,"Actual Total Time":0.038,"Actual Rows":22,"Actual Loops":1,"Output":["nation_1.n_nationkey"],"Hash Buckets":1024,"Original Hash Buckets":1024,"Hash Batches":1,"Original Hash Batches":1,"Peak Memory Usage":9,"Shared Hit Blocks":2,"Shared Read Blocks":0,"Shared Dirtied Blocks":0,"Shared Written Blocks":0,"Local Hit Blocks":0,"Local Read Blocks":0,"Local Dirtied Blocks":0,"Local Written Blocks":0,"Temp Read Blocks":0,"Temp Written Blocks":0,"I/O Read Time":0.0,"I/O Write Time":0.0,"Temp I/O Read Time":0.0,"Temp I/O Write Time":0.0,"Plans":[{"Node Type":"Hash Join","Parent Relationship":"Outer","Parallel Aware":false,"Async Capable":false,"Join Type":"Inner","Startup Cost":1.07,"Total Cost":2.99,"Plan Rows":12,"Plan Width":4,"Actual Startup Time":0.019,"Actual Total Time":0.033,"Actual Rows":22,"Actual Loops":1,"Output":["nation_1.n_nationkey"],"Inner Unique":true,"Hash Cond":"(nation_1.n_regionkey = region_1.r_regionkey)","Shared Hit Blocks":2,"Shared Read Blocks":0,"Shared Dirtied Blocks":0,"Shared Written Blocks":0,"Local Hit Blocks":0,"Local Read Blocks":0,"Local Dirtied Blocks":0,"Local Written Blocks":0,"Temp Read Blocks":0,"Temp Written Blocks":0,"I/O Read Time":0.0,"I/O Write Time":0.0,"Temp I/O Read Time":0.0,"Temp I/O Write Time":0.0,"Plans":[{"Node Type":"Seq Scan","Parent Relationship":"Outer","Parallel Aware":false,"Async Capable":false,"Relation Name":"nation","Schema":"public","Alias":"nation_1","Startup Cost":0.0,"Total Cost":1.62,"Plan Rows":62,"Plan Width":8,"Actual Startup Time":0.004,"Actual Total Time":0.007,"Actual Rows":62,"Actual Loops":1,"Output":["nation_1.n_nationkey","nation_1.n_name","nation_1.n_regionkey","nation_1.n_comment"],"Shared Hit Blocks":1,"Shared Read Blocks":0,"Shared Dirtied Blocks":0,"Shared Written Blocks":0,"Local Hit Blocks":0,"Local Read Blocks":0,"Local Dirtied Blocks":0,"Local Written Blocks":0,"Temp Read Blocks":0,"Temp Written Blocks":0,"I/O Read Time":0.0,"I/O Write Time":0.0,"Temp I/O Read Time":0.0,"Temp I/O Write Time":0.0},{"Node Type":"Hash","Parent Relationship":"Inner","Parallel Aware":false,"Async Capable":false,"Startup Cost":1.06,"Total Cost":1.06,"Plan Rows":1,"Plan Width":4,"Actual Startup Time":0.006,"Actual Total Time":0.007,"Actual Rows":1,"Actual Loops":1,"Output":["region_1.r_regionkey"],"Hash Buckets":1024,"Original Hash Buckets":1024,"Hash Batches":1,"Original Hash Batches":1,"Peak Memory Usage":9,"Shared Hit Blocks":1,"Shared Read Blocks":0,"Shared Dirtied Blocks":0,"Shared Written Blocks":0,"Local Hit Blocks":0,"Local Read Blocks":0,"Local Dirtied Blocks":0,"Local Written Blocks":0,"Temp Read Blocks":0,"Temp Written Blocks":0,"I/O Read Time":0.0,"I/O Write Time":0.0,"Temp I/O Read Time":0.0,"Temp I/O Write Time":0.0,"Plans":[{"Node Type":"Seq Scan","Parent Relationship":"Outer","Parallel Aware":false,"Async Capable":false,"Relation Name":"region","Schema":"public","Alias":"region_1","Startup Cost":0.0,"Total Cost":1.06,"Plan Rows":1,"Plan Width":4,"Actual Startup Time":0.004,"Actual Total Time":0.004,"Actual Rows":1,"Actual Loops":1,"Output":["region_1.r_regionkey"],"Filter":"((region_1.r_name)::text ~~ 'Europ%'::text)","Rows Removed by Filter":4,"Shared Hit Blocks":1,"Shared Read Blocks":0,"Shared Dirtied Blocks":0,"Shared Written Blocks":0,"Local Hit Blocks":0,"Local Read Blocks":0,"Local Dirtied Blocks":0,"Local Written Blocks":0,"Temp Read Blocks":0,"Temp Written Blocks":0,"I/O Read Time":0.0,"I/O Write Time":0.0,"Temp I/O Read Time":0.0,"Temp I/O Write Time":0.0}]}]}]}]}]}]}]}]}]},{"Node Type":"Index Scan","Parent Relationship":"Inner","Parallel Aware":false,"Async Capable":false,"Scan Direction":"Forward","Index Name":"supplier_pk","Relation Name":"supplier","Schema":"public","Alias":"supplier","Startup Cost":0.29,"Total Cost":0.31,"Plan Rows":1,"Plan Width":131,"Actual Startup Time":0.002,"Actual Total Time":0.002,"Actual Rows":1,"Actual Loops":3036,"Output":["supplier.su_suppkey","supplier.su_name","supplier.su_address","supplier.su_nationkey","supplier.su_phone","supplier.su_acctbal","supplier.su_comment"],"Index Cond":"(supplier.su_suppkey = mod((stock.s_w_id * stock.s_i_id), 10000))","Rows Removed by Index Recheck":0,"Shared Hit Blocks":9108,"Shared Read Blocks":0,"Shared Dirtied Blocks":0,"Shared Written Blocks":0,"Local Hit Blocks":0,"Local Read Blocks":0,"Local Dirtied Blocks":0,"Local Written Blocks":0,"Temp Read Blocks":0,"Temp Written Blocks":0,"I/O Read Time":0.0,"I/O Write Time":0.0,"Temp I/O Read Time":0.0,"Temp I/O Write Time":0.0}]},{"Node Type":"Hash","Parent Relationship":"Inner","Parallel Aware":false,"Async Capable":false,"Startup Cost":2.99,"Total Cost":2.99,"Plan Rows":12,"Plan Width":12,"Actual Startup Time":0.054,"Actual Total Time":0.058,"Actual Rows":22,"Actual Loops":1,"Output":["nation.n_name","nation.n_nationkey"],"Hash Buckets":1024,"Original Hash Buckets":1024,"Hash Batches":1,"Original Hash Batches":1,"Peak Memory Usage":9,"Shared Hit Blocks":2,"Shared Read Blocks":0,"Shared Dirtied Blocks":0,"Shared Written Blocks":0,"Local Hit Blocks":0,"Local Read Blocks":0,"Local Dirtied Blocks":0,"Local Written Blocks":0,"Temp Read Blocks":0,"Temp Written Blocks":0,"I/O Read Time":0.0,"I/O Write Time":0.0,"Temp I/O Read Time":0.0,"Temp I/O Write Time":0.0,"Plans":[{"Node Type":"Hash Join","Parent Relationship":"Outer","Parallel Aware":false,"Async Capable":false,"Join Type":"Inner","Startup Cost":1.07,"Total Cost":2.99,"Plan Rows":12,"Plan Width":12,"Actual Startup Time":0.037,"Actual Total Time":0.053,"Actual Rows":22,"Actual Loops":1,"Output":["nation.n_name","nation.n_nationkey"],"Inner Unique":true,"Hash Cond":"(nation.n_regionkey = region.r_regionkey)","Shared Hit Blocks":2,"Shared Read Blocks":0,"Shared Dirtied Blocks":0,"Shared Written Blocks":0,"Local Hit Blocks":0,"Local Read Blocks":0,"Local Dirtied Blocks":0,"Local Written Blocks":0,"Temp Read Blocks":0,"Temp Written Blocks":0,"I/O Read Time":0.0,"I/O Write Time":0.0,"Temp I/O Read Time":0.0,"Temp I/O Write Time":0.0,"Plans":[{"Node Type":"Seq Scan","Parent Relationship":"Outer","Parallel Aware":false,"Async Capable":false,"Relation Name":"nation","Schema":"public","Alias":"nation","Startup Cost":0.0,"Total Cost":1.62,"Plan Rows":62,"Plan Width":16,"Actual Startup Time":0.009,"Actual Total Time":0.014,"Actual Rows":62,"Actual Loops":1,"Output":["nation.n_nationkey","nation.n_name","nation.n_regionkey","nation.n_comment"],"Shared Hit Blocks":1,"Shared Read Blocks":0,"Shared Dirtied Blocks":0,"Shared Written Blocks":0,"Local Hit Blocks":0,"Local Read Blocks":0,"Local Dirtied Blocks":0,"Local Written Blocks":0,"Temp Read Blocks":0,"Temp Written Blocks":0,"I/O Read Time":0.0,"I/O Write Time":0.0,"Temp I/O Read Time":0.0,"Temp I/O Write Time":0.0},{"Node Type":"Hash","Parent Relationship":"Inner","Parallel Aware":false,"Async Capable":false,"Startup Cost":1.06,"Total Cost":1.06,"Plan Rows":1,"Plan Width":4,"Actual Startup Time":0.011,"Actual Total Time":0.013,"Actual Rows":1,"Actual Loops":1,"Output":["region.r_regionkey"],"Hash Buckets":1024,"Original Hash Buckets":1024,"Hash Batches":1,"Original Hash Batches":1,"Peak Memory Usage":9,"Shared Hit Blocks":1,"Shared Read Blocks":0,"Shared Dirtied Blocks":0,"Shared Written Blocks":0,"Local Hit Blocks":0,"Local Read Blocks":0,"Local Dirtied Blocks":0,"Local Written Blocks":0,"Temp Read Blocks":0,"Temp Written Blocks":0,"I/O Read Time":0.0,"I/O Write Time":0.0,"Temp I/O Read Time":0.0,"Temp I/O Write Time":0.0,"Plans":[{"Node Type":"Seq Scan","Parent Relationship":"Outer","Parallel Aware":false,"Async Capable":false,"Relation Name":"region","Schema":"public","Alias":"region","Startup Cost":0.0,"Total Cost":1.06,"Plan Rows":1,"Plan Width":4,"Actual Startup Time":0.007,"Actual Total Time":0.008,"Actual Rows":1,"Actual Loops":1,"Output":["region.r_regionkey"],"Filter":"((region.r_name)::text ~~ 'Europ%'::text)","Rows Removed by Filter":4,"Shared Hit Blocks":1,"Shared Read Blocks":0,"Shared Dirtied Blocks":0,"Shared Written Blocks":0,"Local Hit Blocks":0,"Local Read Blocks":0,"Local Dirtied Blocks":0,"Local Written Blocks":0,"Temp Read Blocks":0,"Temp Written Blocks":0,"I/O Read Time":0.0,"I/O Write Time":0.0,"Temp I/O Read Time":0.0,"Temp I/O Write Time":0.0}]}]}]}]}]},"Planning":{"Shared Hit Blocks":36,"Shared Read Blocks":0,"Shared Dirtied Blocks":0,"Shared Written Blocks":0,"Local Hit Blocks":0,"Local Read Blocks":0,"Local Dirtied Blocks":0,"Local Written Blocks":0,"Temp Read Blocks":0,"Temp Written Blocks":0,"I/O Read Time":0.0,"I/O Write Time":0.0,"Temp I/O Read Time":0.0,"Temp I/O Write Time":0.0},"Planning Time":2.452,"Triggers":[],"Execution Time":4803.235}]
[列存组合]: nation, supplier
[{"Plan":{"Node Type":"Sort","Parallel Aware":false,"Async Capable":false,"Startup Cost":1277859.87,"Total Cost":1277860.37,"Plan Rows":198,"Plan Width":164,"Actual Startup Time":6464.352,"Actual Total Time":6464.476,"Actual Rows":1900,"Actual Loops":1,"Output":["supplier.su_suppkey","supplier.su_name","nation.n_name","item.i_id","item.i_name","supplier.su_address","supplier.su_phone","supplier.su_comment"],"Sort Key":["nation.n_name","supplier.su_name","item.i_id"],"Sort Method":"quicksort","Sort Space Used":439,"Sort Space Type":"Memory","Shared Hit Blocks":834759,"Shared Read Blocks":0,"Shared Dirtied Blocks":0,"Shared Written Blocks":0,"Local Hit Blocks":0,"Local Read Blocks":0,"Local Dirtied Blocks":0,"Local Written Blocks":0,"Temp Read Blocks":4157,"Temp Written Blocks":7564,"I/O Read Time":0.0,"I/O Write Time":0.0,"Temp I/O Read Time":7.09,"Temp I/O Write Time":28.044,"Plans":[{"Node Type":"Hash Join","Parent Relationship":"Outer","Parallel Aware":false,"Async Capable":false,"Join Type":"Inner","Startup Cost":733834.47,"Total Cost":1277852.32,"Plan Rows":198,"Plan Width":164,"Actual Startup Time":4135.156,"Actual Total Time":6460.355,"Actual Rows":1900,"Actual Loops":1,"Output":["supplier.su_suppkey","supplier.su_name","nation.n_name","item.i_id","item.i_name","supplier.su_address","supplier.su_phone","supplier.su_comment"],"Hash Cond":"(mod((stock.s_w_id * stock.s_i_id), 10000) = supplier.su_suppkey)","Shared Hit Blocks":834759,"Shared Read Blocks":0,"Shared Dirtied Blocks":0,"Shared Written Blocks":0,"Local Hit Blocks":0,"Local Read Blocks":0,"Local Dirtied Blocks":0,"Local Written Blocks":0,"Temp Read Blocks":4157,"Temp Written Blocks":7564,"I/O Read Time":0.0,"I/O Write Time":0.0,"Temp I/O Read Time":7.09,"Temp I/O Write Time":28.044,"Plans":[{"Node Type":"Hash Join","Parent Relationship":"Outer","Parallel Aware":false,"Async Capable":false,"Join Type":"Inner","Startup Cost":733598.69,"Total Cost":1277608.37,"Plan Rows":991,"Plan Width":35,"Actual Startup Time":4130.002,"Actual Total Time":6452.95,"Actual Rows":3036,"Actual Loops":1,"Output":["item.i_id","item.i_name","stock.s_i_id","stock.s_w_id"],"Hash Cond":"((item.i_id = stock_1.s_i_id) AND (stock.s_quantity = (min(stock_1.s_quantity))))","Shared Hit Blocks":834758,"Shared Read Blocks":0,"Shared Dirtied Blocks":0,"Shared Written Blocks":0,"Local Hit Blocks":0,"Local Read Blocks":0,"Local Dirtied Blocks":0,"Local Written Blocks":0,"Temp Read Blocks":4157,"Temp Written Blocks":7564,"I/O Read Time":0.0,"I/O Write Time":0.0,"Temp I/O Read Time":7.09,"Temp I/O Write Time":28.044,"Plans":[{"Node Type":"Hash Join","Parent Relationship":"Outer","Parallel Aware":false,"Async Capable":false,"Join Type":"Inner","Startup Cost":2640.25,"Total Cost":545589.41,"Plan Rows":202003,"Plan Width":37,"Actual Startup Time":13.793,"Actual Total Time":2297.015,"Actual Rows":157200,"Actual Loops":1,"Output":["item.i_id","item.i_name","stock.s_i_id","stock.s_w_id","stock.s_quantity"],"Hash Cond":"(stock.s_i_id = item.i_id)","Shared Hit Blocks":418061,"Shared Read Blocks":0,"Shared Dirtied Blocks":0,"Shared Written Blocks":0,"Local Hit Blocks":0,"Local Read Blocks":0,"Local Dirtied Blocks":0,"Local Written Blocks":0,"Temp Read Blocks":0,"Temp Written Blocks":0,"I/O Read Time":0.0,"I/O Write Time":0.0,"Temp I/O Read Time":0.0,"Temp I/O Write Time":0.0,"Plans":[{"Node Type":"Seq Scan","Parent Relationship":"Outer","Parallel Aware":false,"Async Capable":false,"Relation Name":"stock","Schema":"public","Alias":"stock","Startup Cost":0.0,"Total Cost":516697.62,"Plan Rows":10000162,"Plan Width":8,"Actual Startup Time":0.011,"Actual Total Time":949.136,"Actual Rows":10000000,"Actual Loops":1,"Output":["stock.s_i_id","stock.s_w_id","stock.s_quantity","stock.s_dist_01","stock.s_dist_02","stock.s_dist_03","stock.s_dist_04","stock.s_dist_05","stock.s_dist_06","stock.s_dist_07","stock.s_dist_08","stock.s_dist_09","stock.s_dist_10","stock.s_ytd","stock.s_order_cnt","stock.s_remote_cnt","stock.s_data"],"Shared Hit Blocks":416696,"Shared Read Blocks":0,"Shared Dirtied Blocks":0,"Shared Written Blocks":0,"Local Hit Blocks":0,"Local Read Blocks":0,"Local Dirtied Blocks":0,"Local Written Blocks":0,"Temp Read Blocks":0,"Temp Written Blocks":0,"I/O Read Time":0.0,"I/O Write Time":0.0,"Temp I/O Read Time":0.0,"Temp I/O Write Time":0.0},{"Node Type":"Hash","Parent Relationship":"Inner","Parallel Aware":false,"Async Capable":false,"Startup Cost":2615.0,"Total Cost":2615.0,"Plan Rows":2020,"Plan Width":29,"Actual Startup Time":13.763,"Actual Total Time":13.766,"Actual Rows":1572,"Actual Loops":1,"Output":["item.i_id","item.i_name"],"Hash Buckets":2048,"Original Hash Buckets":2048,"Hash Batches":1,"Original Hash Batches":1,"Peak Memory Usage":110,"Shared Hit Blocks":1365,"Shared Read Blocks":0,"Shared Dirtied Blocks":0,"Shared Written Blocks":0,"Local Hit Blocks":0,"Local Read Blocks":0,"Local Dirtied Blocks":0,"Local Written Blocks":0,"Temp Read Blocks":0,"Temp Written Blocks":0,"I/O Read Time":0.0,"I/O Write Time":0.0,"Temp I/O Read Time":0.0,"Temp I/O Write Time":0.0,"Plans":[{"Node Type":"Seq Scan","Parent Relationship":"Outer","Parallel Aware":false,"Async Capable":false,"Relation Name":"item","Schema":"public","Alias":"item","Startup Cost":0.0,"Total Cost":2615.0,"Plan Rows":2020,"Plan Width":29,"Actual Startup Time":0.012,"Actual Total Time":13.539,"Actual Rows":1572,"Actual Loops":1,"Output":["item.i_id","item.i_name"],"Filter":"((item.i_data)::text ~~ '%b'::text)","Rows Removed by Filter":98428,"Shared Hit Blocks":1365,"Shared Read Blocks":0,"Shared Dirtied Blocks":0,"Shared Written Blocks":0,"Local Hit Blocks":0,"Local Read Blocks":0,"Local Dirtied Blocks":0,"Local Written Blocks":0,"Temp Read Blocks":0,"Temp Written Blocks":0,"I/O Read Time":0.0,"I/O Write Time":0.0,"Temp I/O Read Time":0.0,"Temp I/O Write Time":0.0}]}]},{"Node Type":"Hash","Parent Relationship":"Inner","Parallel Aware":false,"Async Capable":false,"Startup Cost":729486.87,"Total Cost":729486.87,"Plan Rows":98105,"Plan Width":6,"Actual Startup Time":4115.103,"Actual Total Time":4115.128,"Actual Rows":100000,"Actual Loops":1,"Output":["stock_1.s_i_id","(min(stock_1.s_quantity))"],"Hash Buckets":131072,"Original Hash Buckets":131072,"Hash Batches":1,"Original Hash Batches":1,"Peak Memory Usage":4735,"Shared Hit Blocks":416697,"Shared Read Blocks":0,"Shared Dirtied Blocks":0,"Shared Written Blocks":0,"Local Hit Blocks":0,"Local Read Blocks":0,"Local Dirtied Blocks":0,"Local Written Blocks":0,"Temp Read Blocks":4157,"Temp Written Blocks":7564,"I/O Read Time":0.0,"I/O Write Time":0.0,"Temp I/O Read Time":7.09,"Temp I/O Write Time":28.044,"Plans":[{"Node Type":"Aggregate","Strategy":"Hashed","Partial Mode":"Simple","Parent Relationship":"Outer","Parallel Aware":false,"Async Capable":false,"Startup Cost":711899.52,"Total Cost":728505.82,"Plan Rows":98105,"Plan Width":6,"Actual Startup Time":3927.41,"Actual Total Time":4098.988,"Actual Rows":100000,"Actual Loops":1,"Output":["stock_1.s_i_id","min(stock_1.s_quantity)"],"Group Key":["stock_1.s_i_id"],"Planned Partitions":0,"HashAgg Batches":5,"Peak Memory Usage":8241,"Disk Usage":35680,"Shared Hit Blocks":416697,"Shared Read Blocks":0,"Shared Dirtied Blocks":0,"Shared Written Blocks":0,"Local Hit Blocks":0,"Local Read Blocks":0,"Local Dirtied Blocks":0,"Local Written Blocks":0,"Temp Read Blocks":4157,"Temp Written Blocks":7564,"I/O Read Time":0.0,"I/O Write Time":0.0,"Temp I/O Read Time":7.09,"Temp I/O Write Time":28.044,"Plans":[{"Node Type":"Hash Join","Parent Relationship":"Outer","Parallel Aware":false,"Async Capable":false,"Join Type":"Inner","Startup Cost":198.77,"Total Cost":599397.72,"Plan Rows":2000032,"Plan Width":6,"Actual Startup Time":2.901,"Actual Total Time":3237.618,"Actual Rows":3474600,"Actual Loops":1,"Output":["stock_1.s_i_id","stock_1.s_quantity"],"Hash Cond":"(mod((stock_1.s_w_id * stock_1.s_i_id), 10000) = supplier_1.su_suppkey)","Shared Hit Blocks":416697,"Shared Read Blocks":0,"Shared Dirtied Blocks":0,"Shared Written Blocks":0,"Local Hit Blocks":0,"Local Read Blocks":0,"Local Dirtied Blocks":0,"Local Written Blocks":0,"Temp Read Blocks":0,"Temp Written Blocks":0,"I/O Read Time":0.0,"I/O Write Time":0.0,"Temp I/O Read Time":0.0,"Temp I/O Write Time":0.0,"Plans":[{"Node Type":"Seq Scan","Parent Relationship":"Outer","Parallel Aware":false,"Async Capable":false,"Relation Name":"stock","Schema":"public","Alias":"stock_1","Startup Cost":0.0,"Total Cost":516697.62,"Plan Rows":10000162,"Plan Width":8,"Actual Startup Time":0.004,"Actual Total Time":1026.976,"Actual Rows":10000000,"Actual Loops":1,"Output":["stock_1.s_i_id","stock_1.s_w_id","stock_1.s_quantity","stock_1.s_dist_01","stock_1.s_dist_02","stock_1.s_dist_03","stock_1.s_dist_04","stock_1.s_dist_05","stock_1.s_dist_06","stock_1.s_dist_07","stock_1.s_dist_08","stock_1.s_dist_09","stock_1.s_dist_10","stock_1.s_ytd","stock_1.s_order_cnt","stock_1.s_remote_cnt","stock_1.s_data"],"Shared Hit Blocks":416696,"Shared Read Blocks":0,"Shared Dirtied Blocks":0,"Shared Written Blocks":0,"Local Hit Blocks":0,"Local Read Blocks":0,"Local Dirtied Blocks":0,"Local Written Blocks":0,"Temp Read Blocks":0,"Temp Written Blocks":0,"I/O Read Time":0.0,"I/O Write Time":0.0,"Temp I/O Read Time":0.0,"Temp I/O Write Time":0.0},{"Node Type":"Hash","Parent Relationship":"Inner","Parallel Aware":false,"Async Capable":false,"Startup Cost":173.77,"Total Cost":173.77,"Plan Rows":2000,"Plan Width":4,"Actual Startup Time":2.887,"Actual Total Time":2.905,"Actual Rows":3506,"Actual Loops":1,"Output":["supplier_1.su_suppkey"],"Hash Buckets":4096,"Original Hash Buckets":2048,"Hash Batches":1,"Original Hash Batches":1,"Peak Memory Usage":156,"Shared Hit Blocks":1,"Shared Read Blocks":0,"Shared Dirtied Blocks":0,"Shared Written Blocks":0,"Local Hit Blocks":0,"Local Read Blocks":0,"Local Dirtied Blocks":0,"Local Written Blocks":0,"Temp Read Blocks":0,"Temp Written Blocks":0,"I/O Read Time":0.0,"I/O Write Time":0.0,"Temp I/O Read Time":0.0,"Temp I/O Write Time":0.0,"Plans":[{"Node Type":"Hash Join","Parent Relationship":"Outer","Parallel Aware":false,"Async Capable":false,"Join Type":"Inner","Startup Cost":25.24,"Total Cost":173.77,"Plan Rows":2000,"Plan Width":4,"Actual Startup Time":0.965,"Actual Total Time":2.517,"Actual Rows":3506,"Actual Loops":1,"Output":["supplier_1.su_suppkey"],"Hash Cond":"(nation_1.n_regionkey = region_1.r_regionkey)","Shared Hit Blocks":1,"Shared Read Blocks":0,"Shared Dirtied Blocks":0,"Shared Written Blocks":0,"Local Hit Blocks":0,"Local Read Blocks":0,"Local Dirtied Blocks":0,"Local Written Blocks":0,"Temp Read Blocks":0,"Temp Written Blocks":0,"I/O Read Time":0.0,"I/O Write Time":0.0,"Temp I/O Read Time":0.0,"Temp I/O Write Time":0.0,"Plans":[{"Node Type":"Hash Join","Parent Relationship":"Outer","Parallel Aware":false,"Async Capable":false,"Join Type":"Inner","Startup Cost":24.16,"Total Cost":124.19,"Plan Rows":10000,"Plan Width":8,"Actual Startup Time":0.955,"Actual Total Time":1.513,"Actual Rows":10000,"Actual Loops":1,"Output":["supplier_1.su_suppkey","nation_1.n_regionkey"],"Hash Cond":"(supplier_1.su_nationkey = nation_1.n_nationkey)","Rows Removed by Bloom Filter":0,"Shared Hit Blocks":0,"Shared Read Blocks":0,"Shared Dirtied Blocks":0,"Shared Written Blocks":0,"Local Hit Blocks":0,"Local Read Blocks":0,"Local Dirtied Blocks":0,"Local Written Blocks":0,"Temp Read Blocks":0,"Temp Written Blocks":0,"I/O Read Time":0.0,"I/O Write Time":0.0,"Temp I/O Read Time":0.0,"Temp I/O Write Time":0.0,"Plans":[{"Node Type":"Append","Parent Relationship":"Outer","Parallel Aware":false,"Async Capable":false,"Startup Cost":20.0,"Total Cost":219.01,"Plan Rows":10001,"Plan Width":8,"Actual Startup Time":0.004,"Actual Total Time":0.008,"Actual Rows":10000,"Actual Loops":1,"Shared Hit Blocks":0,"Shared Read Blocks":0,"Shared Dirtied Blocks":0,"Shared Written Blocks":0,"Local Hit Blocks":0,"Local Read Blocks":0,"Local Dirtied Blocks":0,"Local Written Blocks":0,"Temp Read Blocks":0,"Temp Written Blocks":0,"I/O Read Time":0.0,"I/O Write Time":0.0,"Temp I/O Read Time":0.0,"Temp I/O Write Time":0.0,"Subplans Removed":0,"Plans":[{"Node Type":"Custom Scan","Parent Relationship":"Member","Custom Plan Provider":"columnar scan","Parallel Aware":false,"Async Capable":false,"Relation Name":"supplier","Schema":"public","Alias":"supplier_1","Startup Cost":20.0,"Total Cost":215.0,"Plan Rows":10000,"Plan Width":8,"Actual Startup Time":0.003,"Actual Total Time":0.005,"Actual Rows":10000,"Actual Loops":1,"Output":["supplier_1.su_suppkey","supplier_1.su_nationkey"],"Rows Removed by Columnar Filter":0,"Columnar cache search mode":"native","Shared Hit Blocks":0,"Shared Read Blocks":0,"Shared Dirtied Blocks":0,"Shared Written Blocks":0,"Local Hit Blocks":0,"Local Read Blocks":0,"Local Dirtied Blocks":0,"Local Written Blocks":0,"Temp Read Blocks":0,"Temp Written Blocks":0,"I/O Read Time":0.0,"I/O Write Time":0.0,"Temp I/O Read Time":0.0,"Temp I/O Write Time":0.0},{"Node Type":"Seq Scan","Parent Relationship":"Member","Parallel Aware":false,"Async Capable":false,"Relation Name":"supplier","Schema":"public","Alias":"supplier_1","Startup Cost":0.0,"Total Cost":4.01,"Plan Rows":1,"Plan Width":8,"Actual Startup Time":0.0,"Actual Total Time":0.0,"Actual Rows":0,"Actual Loops":0,"Output":["supplier_1.su_suppkey","supplier_1.su_nationkey"],"Shared Hit Blocks":0,"Shared Read Blocks":0,"Shared Dirtied Blocks":0,"Shared Written Blocks":0,"Local Hit Blocks":0,"Local Read Blocks":0,"Local Dirtied Blocks":0,"Local Written Blocks":0,"Temp Read Blocks":0,"Temp Written Blocks":0,"I/O Read Time":0.0,"I/O Write Time":0.0,"Temp I/O Read Time":0.0,"Temp I/O Write Time":0.0}]},{"Node Type":"Hash","Parent Relationship":"Inner","Parallel Aware":false,"Async Capable":false,"Startup Cost":25.22,"Total Cost":25.22,"Plan Rows":63,"Plan Width":8,"Actual Rows":62,"Actual Loops":1,"Output":["nation_1.n_nationkey","nation_1.n_regionkey"],"Shared Hit Blocks":0,"Shared Read Blocks":0,"Shared Dirtied Blocks":0,"Shared Written Blocks":0,"Local Hit Blocks":0,"Local Read Blocks":0,"Local Dirtied Blocks":0,"Local Written Blocks":0,"Temp Read Blocks":0,"Temp Written Blocks":0,"I/O Read Time":0.0,"I/O Write Time":0.0,"Temp I/O Read Time":0.0,"Temp I/O Write Time":0.0,"Plans":[{"Node Type":"Append","Parent Relationship":"Outer","Parallel Aware":false,"Async Capable":false,"Startup Cost":20.0,"Total Cost":25.22,"Plan Rows":63,"Plan Width":8,"Actual Startup Time":0.009,"Actual Total Time":0.01,"Actual Rows":62,"Actual Loops":1,"Shared Hit Blocks":0,"Shared Read Blocks":0,"Shared Dirtied Blocks":0,"Shared Written Blocks":0,"Local Hit Blocks":0,"Local Read Blocks":0,"Local Dirtied Blocks":0,"Local Written Blocks":0,"Temp Read Blocks":0,"Temp Written Blocks":0,"I/O Read Time":0.0,"I/O Write Time":0.0,"Temp I/O Read Time":0.0,"Temp I/O Write Time":0.0,"Subplans Removed":0,"Plans":[{"Node Type":"Custom Scan","Parent Relationship":"Member","Custom Plan Provider":"columnar scan","Parallel Aware":false,"Async Capable":false,"Relation Name":"nation","Schema":"public","Alias":"nation_1","Startup Cost":20.0,"Total Cost":21.21,"Plan Rows":62,"Plan Width":8,"Actual Startup Time":0.009,"Actual Total Time":0.009,"Actual Rows":62,"Actual Loops":1,"Output":["nation_1.n_nationkey","nation_1.n_regionkey"],"Rows Removed by Columnar Filter":0,"Columnar cache search mode":"native","Shared Hit Blocks":0,"Shared Read Blocks":0,"Shared Dirtied Blocks":0,"Shared Written Blocks":0,"Local Hit Blocks":0,"Local Read Blocks":0,"Local Dirtied Blocks":0,"Local Written Blocks":0,"Temp Read Blocks":0,"Temp Written Blocks":0,"I/O Read Time":0.0,"I/O Write Time":0.0,"Temp I/O Read Time":0.0,"Temp I/O Write Time":0.0},{"Node Type":"Seq Scan","Parent Relationship":"Member","Parallel Aware":false,"Async Capable":false,"Relation Name":"nation","Schema":"public","Alias":"nation_1","Startup Cost":0.0,"Total Cost":4.01,"Plan Rows":1,"Plan Width":8,"Actual Startup Time":0.0,"Actual Total Time":0.0,"Actual Rows":0,"Actual Loops":0,"Output":["nation_1.n_nationkey","nation_1.n_regionkey"],"Shared Hit Blocks":0,"Shared Read Blocks":0,"Shared Dirtied Blocks":0,"Shared Written Blocks":0,"Local Hit Blocks":0,"Local Read Blocks":0,"Local Dirtied Blocks":0,"Local Written Blocks":0,"Temp Read Blocks":0,"Temp Written Blocks":0,"I/O Read Time":0.0,"I/O Write Time":0.0,"Temp I/O Read Time":0.0,"Temp I/O Write Time":0.0}]}]}]},{"Node Type":"Hash","Parent Relationship":"Inner","Parallel Aware":false,"Async Capable":false,"Startup Cost":1.06,"Total Cost":1.06,"Plan Rows":1,"Plan Width":4,"Actual Startup Time":0.004,"Actual Total Time":0.008,"Actual Rows":1,"Actual Loops":1,"Output":["region_1.r_regionkey"],"Hash Buckets":1024,"Original Hash Buckets":1024,"Hash Batches":1,"Original Hash Batches":1,"Peak Memory Usage":9,"Shared Hit Blocks":1,"Shared Read Blocks":0,"Shared Dirtied Blocks":0,"Shared Written Blocks":0,"Local Hit Blocks":0,"Local Read Blocks":0,"Local Dirtied Blocks":0,"Local Written Blocks":0,"Temp Read Blocks":0,"Temp Written Blocks":0,"I/O Read Time":0.0,"I/O Write Time":0.0,"Temp I/O Read Time":0.0,"Temp I/O Write Time":0.0,"Plans":[{"Node Type":"Seq Scan","Parent Relationship":"Outer","Parallel Aware":false,"Async Capable":false,"Relation Name":"region","Schema":"public","Alias":"region_1","Startup Cost":0.0,"Total Cost":1.06,"Plan Rows":1,"Plan Width":4,"Actual Startup Time":0.003,"Actual Total Time":0.003,"Actual Rows":1,"Actual Loops":1,"Output":["region_1.r_regionkey"],"Filter":"((region_1.r_name)::text ~~ 'Europ%'::text)","Rows Removed by Filter":4,"Shared Hit Blocks":1,"Shared Read Blocks":0,"Shared Dirtied Blocks":0,"Shared Written Blocks":0,"Local Hit Blocks":0,"Local Read Blocks":0,"Local Dirtied Blocks":0,"Local Written Blocks":0,"Temp Read Blocks":0,"Temp Written Blocks":0,"I/O Read Time":0.0,"I/O Write Time":0.0,"Temp I/O Read Time":0.0,"Temp I/O Write Time":0.0}]}]}]}]}]}]}]},{"Node Type":"Hash","Parent Relationship":"Inner","Parallel Aware":false,"Async Capable":false,"Startup Cost":210.78,"Total Cost":210.78,"Plan Rows":2000,"Plan Width":135,"Actual Startup Time":5.14,"Actual Total Time":5.156,"Actual Rows":3506,"Actual Loops":1,"Output":["supplier.su_suppkey","supplier.su_name","supplier.su_address","supplier.su_phone","supplier.su_comment","nation.n_name"],"Hash Buckets":4096,"Original Hash Buckets":2048,"Hash Batches":1,"Original Hash Batches":1,"Peak Memory Usage":614,"Shared Hit Blocks":1,"Shared Read Blocks":0,"Shared Dirtied Blocks":0,"Shared Written Blocks":0,"Local Hit Blocks":0,"Local Read Blocks":0,"Local Dirtied Blocks":0,"Local Written Blocks":0,"Temp Read Blocks":0,"Temp Written Blocks":0,"I/O Read Time":0.0,"I/O Write Time":0.0,"Temp I/O Read Time":0.0,"Temp I/O Write Time":0.0,"Plans":[{"Node Type":"Hash Join","Parent Relationship":"Outer","Parallel Aware":false,"Async Capable":false,"Join Type":"Inner","Startup Cost":25.24,"Total Cost":210.78,"Plan Rows":2000,"Plan Width":135,"Actual Startup Time":2.015,"Actual Total Time":4.0,"Actual Rows":3506,"Actual Loops":1,"Output":["supplier.su_suppkey","supplier.su_name","supplier.su_address","supplier.su_phone","supplier.su_comment","nation.n_name"],"Hash Cond":"(nation.n_regionkey = region.r_regionkey)","Shared Hit Blocks":1,"Shared Read Blocks":0,"Shared Dirtied Blocks":0,"Shared Written Blocks":0,"Local Hit Blocks":0,"Local Read Blocks":0,"Local Dirtied Blocks":0,"Local Written Blocks":0,"Temp Read Blocks":0,"Temp Written Blocks":0,"I/O Read Time":0.0,"I/O Write Time":0.0,"Temp I/O Read Time":0.0,"Temp I/O Write Time":0.0,"Plans":[{"Node Type":"Hash Join","Parent Relationship":"Outer","Parallel Aware":false,"Async Capable":false,"Join Type":"Inner","Startup Cost":24.16,"Total Cost":161.2,"Plan Rows":10000,"Plan Width":139,"Actual Startup Time":1.995,"Actual Total Time":2.821,"Actual Rows":10000,"Actual Loops":1,"Output":["supplier.su_suppkey","supplier.su_name","supplier.su_address","supplier.su_phone","supplier.su_comment","nation.n_name","nation.n_regionkey"],"Hash Cond":"(supplier.su_nationkey = nation.n_nationkey)","Rows Removed by Bloom Filter":0,"Shared Hit Blocks":0,"Shared Read Blocks":0,"Shared Dirtied Blocks":0,"Shared Written Blocks":0,"Local Hit Blocks":0,"Local Read Blocks":0,"Local Dirtied Blocks":0,"Local Written Blocks":0,"Temp Read Blocks":0,"Temp Written Blocks":0,"I/O Read Time":0.0,"I/O Write Time":0.0,"Temp I/O Read Time":0.0,"Temp I/O Write Time":0.0,"Plans":[{"Node Type":"Append","Parent Relationship":"Outer","Parallel Aware":false,"Async Capable":false,"Startup Cost":20.0,"Total Cost":299.01,"Plan Rows":10001,"Plan Width":131,"Actual Startup Time":0.003,"Actual Total Time":0.008,"Actual Rows":10000,"Actual Loops":1,"Shared Hit Blocks":0,"Shared Read Blocks":0,"Shared Dirtied Blocks":0,"Shared Written Blocks":0,"Local Hit Blocks":0,"Local Read Blocks":0,"Local Dirtied Blocks":0,"Local Written Blocks":0,"Temp Read Blocks":0,"Temp Written Blocks":0,"I/O Read Time":0.0,"I/O Write Time":0.0,"Temp I/O Read Time":0.0,"Temp I/O Write Time":0.0,"Subplans Removed":0,"Plans":[{"Node Type":"Custom Scan","Parent Relationship":"Member","Custom Plan Provider":"columnar scan","Parallel Aware":false,"Async Capable":false,"Relation Name":"supplier","Schema":"public","Alias":"supplier","Startup Cost":20.0,"Total Cost":295.0,"Plan Rows":10000,"Plan Width":131,"Actual Startup Time":0.003,"Actual Total Time":0.004,"Actual Rows":10000,"Actual Loops":1,"Output":["supplier.su_suppkey","supplier.su_name","supplier.su_address","supplier.su_phone","supplier.su_comment","supplier.su_nationkey"],"Rows Removed by Columnar Filter":0,"Columnar cache search mode":"native","Shared Hit Blocks":0,"Shared Read Blocks":0,"Shared Dirtied Blocks":0,"Shared Written Blocks":0,"Local Hit Blocks":0,"Local Read Blocks":0,"Local Dirtied Blocks":0,"Local Written Blocks":0,"Temp Read Blocks":0,"Temp Written Blocks":0,"I/O Read Time":0.0,"I/O Write Time":0.0,"Temp I/O Read Time":0.0,"Temp I/O Write Time":0.0},{"Node Type":"Seq Scan","Parent Relationship":"Member","Parallel Aware":false,"Async Capable":false,"Relation Name":"supplier","Schema":"public","Alias":"supplier","Startup Cost":0.0,"Total Cost":4.01,"Plan Rows":1,"Plan Width":131,"Actual Startup Time":0.0,"Actual Total Time":0.0,"Actual Rows":0,"Actual Loops":0,"Output":["supplier.su_suppkey","supplier.su_name","supplier.su_address","supplier.su_phone","supplier.su_comment","supplier.su_nationkey"],"Shared Hit Blocks":0,"Shared Read Blocks":0,"Shared Dirtied Blocks":0,"Shared Written Blocks":0,"Local Hit Blocks":0,"Local Read Blocks":0,"Local Dirtied Blocks":0,"Local Written Blocks":0,"Temp Read Blocks":0,"Temp Written Blocks":0,"I/O Read Time":0.0,"I/O Write Time":0.0,"Temp I/O Read Time":0.0,"Temp I/O Write Time":0.0}]},{"Node Type":"Hash","Parent Relationship":"Inner","Parallel Aware":false,"Async Capable":false,"Startup Cost":25.34,"Total Cost":25.34,"Plan Rows":63,"Plan Width":16,"Actual Rows":62,"Actual Loops":1,"Output":["nation.n_name","nation.n_nationkey","nation.n_regionkey"],"Shared Hit Blocks":0,"Shared Read Blocks":0,"Shared Dirtied Blocks":0,"Shared Written Blocks":0,"Local Hit Blocks":0,"Local Read Blocks":0,"Local Dirtied Blocks":0,"Local Written Blocks":0,"Temp Read Blocks":0,"Temp Written Blocks":0,"I/O Read Time":0.0,"I/O Write Time":0.0,"Temp I/O Read Time":0.0,"Temp I/O Write Time":0.0,"Plans":[{"Node Type":"Append","Parent Relationship":"Outer","Parallel Aware":false,"Async Capable":false,"Startup Cost":20.0,"Total Cost":25.34,"Plan Rows":63,"Plan Width":16,"Actual Startup Time":0.012,"Actual Total Time":0.014,"Actual Rows":62,"Actual Loops":1,"Shared Hit Blocks":0,"Shared Read Blocks":0,"Shared Dirtied Blocks":0,"Shared Written Blocks":0,"Local Hit Blocks":0,"Local Read Blocks":0,"Local Dirtied Blocks":0,"Local Written Blocks":0,"Temp Read Blocks":0,"Temp Written Blocks":0,"I/O Read Time":0.0,"I/O Write Time":0.0,"Temp I/O Read Time":0.0,"Temp I/O Write Time":0.0,"Subplans Removed":0,"Plans":[{"Node Type":"Custom Scan","Parent Relationship":"Member","Custom Plan Provider":"columnar scan","Parallel Aware":false,"Async Capable":false,"Relation Name":"nation","Schema":"public","Alias":"nation","Startup Cost":20.0,"Total Cost":21.33,"Plan Rows":62,"Plan Width":16,"Actual Startup Time":0.011,"Actual Total Time":0.011,"Actual Rows":62,"Actual Loops":1,"Output":["nation.n_name","nation.n_nationkey","nation.n_regionkey"],"Rows Removed by Columnar Filter":0,"Columnar cache search mode":"native","Shared Hit Blocks":0,"Shared Read Blocks":0,"Shared Dirtied Blocks":0,"Shared Written Blocks":0,"Local Hit Blocks":0,"Local Read Blocks":0,"Local Dirtied Blocks":0,"Local Written Blocks":0,"Temp Read Blocks":0,"Temp Written Blocks":0,"I/O Read Time":0.0,"I/O Write Time":0.0,"Temp I/O Read Time":0.0,"Temp I/O Write Time":0.0},{"Node Type":"Seq Scan","Parent Relationship":"Member","Parallel Aware":false,"Async Capable":false,"Relation Name":"nation","Schema":"public","Alias":"nation","Startup Cost":0.0,"Total Cost":4.01,"Plan Rows":1,"Plan Width":16,"Actual Startup Time":0.0,"Actual Total Time":0.0,"Actual Rows":0,"Actual Loops":0,"Output":["nation.n_name","nation.n_nationkey","nation.n_regionkey"],"Shared Hit Blocks":0,"Shared Read Blocks":0,"Shared Dirtied Blocks":0,"Shared Written Blocks":0,"Local Hit Blocks":0,"Local Read Blocks":0,"Local Dirtied Blocks":0,"Local Written Blocks":0,"Temp Read Blocks":0,"Temp Written Blocks":0,"I/O Read Time":0.0,"I/O Write Time":0.0,"Temp I/O Read Time":0.0,"Temp I/O Write Time":0.0}]}]}]},{"Node Type":"Hash","Parent Relationship":"Inner","Parallel Aware":false,"Async Capable":false,"Startup Cost":1.06,"Total Cost":1.06,"Plan Rows":1,"Plan Width":4,"Actual Startup Time":0.013,"Actual Total Time":0.016,"Actual Rows":1,"Actual Loops":1,"Output":["region.r_regionkey"],"Hash Buckets":1024,"Original Hash Buckets":1024,"Hash Batches":1,"Original Hash Batches":1,"Peak Memory Usage":9,"Shared Hit Blocks":1,"Shared Read Blocks":0,"Shared Dirtied Blocks":0,"Shared Written Blocks":0,"Local Hit Blocks":0,"Local Read Blocks":0,"Local Dirtied Blocks":0,"Local Written Blocks":0,"Temp Read Blocks":0,"Temp Written Blocks":0,"I/O Read Time":0.0,"I/O Write Time":0.0,"Temp I/O Read Time":0.0,"Temp I/O Write Time":0.0,"Plans":[{"Node Type":"Seq Scan","Parent Relationship":"Outer","Parallel Aware":false,"Async Capable":false,"Relation Name":"region","Schema":"public","Alias":"region","Startup Cost":0.0,"Total Cost":1.06,"Plan Rows":1,"Plan Width":4,"Actual Startup Time":0.01,"Actual Total Time":0.011,"Actual Rows":1,"Actual Loops":1,"Output":["region.r_regionkey"],"Filter":"((region.r_name)::text ~~ 'Europ%'::text)","Rows Removed by Filter":4,"Shared Hit Blocks":1,"Shared Read Blocks":0,"Shared Dirtied Blocks":0,"Shared Written Blocks":0,"Local Hit Blocks":0,"Local Read Blocks":0,"Local Dirtied Blocks":0,"Local Written Blocks":0,"Temp Read Blocks":0,"Temp Written Blocks":0,"I/O Read Time":0.0,"I/O Write Time":0.0,"Temp I/O Read Time":0.0,"Temp I/O Write Time":0.0}]}]}]}]}]},"Planning":{"Shared Hit Blocks":52,"Shared Read Blocks":0,"Shared Dirtied Blocks":0,"Shared Written Blocks":0,"Local Hit Blocks":0,"Local Read Blocks":0,"Local Dirtied Blocks":0,"Local Written Blocks":0,"Temp Read Blocks":0,"Temp Written Blocks":0,"I/O Read Time":0.0,"I/O Write Time":0.0,"Temp I/O Read Time":0.0,"Temp I/O Write Time":0.0},"Planning Time":0.978,"Triggers":[],"Execution Time":6473.399}]
[列存组合]: region, stock
[{"Plan":{"Node Type":"Sort","Parallel Aware":false,"Async Capable":false,"Startup Cost":966329.48,"Total Cost":966329.97,"Plan Rows":198,"Plan Width":164,"Actual Startup Time":4789.506,"Actual Total Time":4789.604,"Actual Rows":1900,"Actual Loops":1,"Output":["supplier.su_suppkey","supplier.su_name","nation.n_name","item.i_id","item.i_name","supplier.su_address","supplier.su_phone","supplier.su_comment"],"Sort Key":["nation.n_name","supplier.su_name","item.i_id"],"Sort Method":"quicksort","Sort Space Used":439,"Sort Space Type":"Memory","Shared Hit Blocks":10694,"Shared Read Blocks":0,"Shared Dirtied Blocks":0,"Shared Written Blocks":0,"Local Hit Blocks":0,"Local Read Blocks":0,"Local Dirtied Blocks":0,"Local Written Blocks":0,"Temp Read Blocks":4157,"Temp Written Blocks":7564,"I/O Read Time":0.0,"I/O Write Time":0.0,"Temp I/O Read Time":6.324,"Temp I/O Write Time":25.894,"Plans":[{"Node Type":"Hash Join","Parent Relationship":"Outer","Parallel Aware":false,"Async Capable":false,"Join Type":"Inner","Startup Cost":432153.4,"Total Cost":966321.93,"Plan Rows":198,"Plan Width":164,"Actual Startup Time":4400.898,"Actual Total Time":4786.037,"Actual Rows":1900,"Actual Loops":1,"Output":["supplier.su_suppkey","supplier.su_name","nation.n_name","item.i_id","item.i_name","supplier.su_address","supplier.su_phone","supplier.su_comment"],"Inner Unique":false,"Hash Cond":"(supplier.su_nationkey = nation.n_nationkey)","Shared Hit Blocks":10694,"Shared Read Blocks":0,"Shared Dirtied Blocks":0,"Shared Written Blocks":0,"Local Hit Blocks":0,"Local Read Blocks":0,"Local Dirtied Blocks":0,"Local Written Blocks":0,"Temp Read Blocks":4157,"Temp Written Blocks":7564,"I/O Read Time":0.0,"I/O Write Time":0.0,"Temp I/O Read Time":6.324,"Temp I/O Write Time":25.894,"Plans":[{"Node Type":"Nested Loop","Parent Relationship":"Outer","Parallel Aware":false,"Async Capable":false,"Join Type":"Inner","Startup Cost":432150.26,"Total Cost":966313.15,"Plan Rows":991,"Plan Width":160,"Actual Startup Time":4400.828,"Actual Total Time":4785.305,"Actual Rows":3036,"Actual Loops":1,"Output":["item.i_id","item.i_name","supplier.su_suppkey","supplier.su_name","supplier.su_address","supplier.su_phone","supplier.su_comment","supplier.su_nationkey"],"Inner Unique":true,"Shared Hit Blocks":10692,"Shared Read Blocks":0,"Shared Dirtied Blocks":0,"Shared Written Blocks":0,"Local Hit Blocks":0,"Local Read Blocks":0,"Local Dirtied Blocks":0,"Local Written Blocks":0,"Temp Read Blocks":4157,"Temp Written Blocks":7564,"I/O Read Time":0.0,"I/O Write Time":0.0,"Temp I/O Read Time":6.324,"Temp I/O Write Time":25.894,"Plans":[{"Node Type":"Hash Join","Parent Relationship":"Outer","Parallel Aware":false,"Async Capable":false,"Join Type":"Inner","Startup Cost":432149.97,"Total Cost":966008.32,"Plan Rows":991,"Plan Width":35,"Actual Startup Time":4400.781,"Actual Total Time":4778.005,"Actual Rows":3036,"Actual Loops":1,"Output":["item.i_id","item.i_name","stock.s_i_id","stock.s_w_id"],"Inner Unique":true,"Hash Cond":"((item.i_id = stock_1.s_i_id) AND (stock.s_quantity = (min(stock_1.s_quantity))))","Shared Hit Blocks":1584,"Shared Read Blocks":0,"Shared Dirtied Blocks":0,"Shared Written Blocks":0,"Local Hit Blocks":0,"Local Read Blocks":0,"Local Dirtied Blocks":0,"Local Written Blocks":0,"Temp Read Blocks":4157,"Temp Written Blocks":7564,"I/O Read Time":0.0,"I/O Write Time":0.0,"Temp I/O Read Time":6.324,"Temp I/O Write Time":25.894,"Plans":[{"Node Type":"Hash Join","Parent Relationship":"Outer","Parallel Aware":false,"Async Capable":false,"Join Type":"Inner","Startup Cost":2660.25,"Total Cost":535458.08,"Plan Rows":202003,"Plan Width":37,"Actual Startup Time":15.963,"Actual Total Time":367.488,"Actual Rows":157200,"Actual Loops":1,"Output":["item.i_id","item.i_name","stock.s_i_id","stock.s_w_id","stock.s_quantity"],"Inner Unique":true,"Hash Cond":"(stock.s_i_id = item.i_id)","Shared Hit Blocks":1365,"Shared Read Blocks":0,"Shared Dirtied Blocks":0,"Shared Written Blocks":0,"Local Hit Blocks":0,"Local Read Blocks":0,"Local Dirtied Blocks":0,"Local Written Blocks":0,"Temp Read Blocks":0,"Temp Written Blocks":0,"I/O Read Time":0.0,"I/O Write Time":0.0,"Temp I/O Read Time":0.0,"Temp I/O Write Time":0.0,"Plans":[{"Node Type":"Append","Parent Relationship":"Outer","Parallel Aware":false,"Async Capable":false,"Startup Cost":20.0,"Total Cost":506566.29,"Plan Rows":10000162,"Plan Width":8,"Actual Startup Time":1.223,"Actual Total Time":322.768,"Actual Rows":157200,"Actual Loops":1,"Shared Hit Blocks":0,"Shared Read Blocks":0,"Shared Dirtied Blocks":0,"Shared Written Blocks":0,"Local Hit Blocks":0,"Local Read Blocks":0,"Local Dirtied Blocks":0,"Local Written Blocks":0,"Temp Read Blocks":0,"Temp Written Blocks":0,"I/O Read Time":0.0,"I/O Write Time":0.0,"Temp I/O Read Time":0.0,"Temp I/O Write Time":0.0,"Subplans Removed":0,"Plans":[{"Node Type":"Custom Scan","Parent Relationship":"Member","Custom Plan Provider":"columnar scan","Parallel Aware":false,"Async Capable":false,"Relation Name":"stock","Schema":"public","Alias":"stock","Startup Cost":20.0,"Total Cost":215020.05,"Plan Rows":10000000,"Plan Width":8,"Actual Startup Time":1.222,"Actual Total Time":311.558,"Actual Rows":157200,"Actual Loops":1,"Output":["stock.s_i_id","stock.s_w_id","stock.s_quantity"],"Rows Removed by Columnar Filter":9842800,"Rows Filtered by Bloom Filter":0,"Dictionary Rows Filtered by Bloom Filter":9842800,"Columnar cache search mode":"native","Shared Hit Blocks":0,"Shared Read Blocks":0,"Shared Dirtied Blocks":0,"Shared Written Blocks":0,"Local Hit Blocks":0,"Local Read Blocks":0,"Local Dirtied Blocks":0,"Local Written Blocks":0,"Temp Read Blocks":0,"Temp Written Blocks":0,"I/O Read Time":0.0,"I/O Write Time":0.0,"Temp I/O Read Time":0.0,"Temp I/O Write Time":0.0},{"Node Type":"Seq Scan","Parent Relationship":"Member","Parallel Aware":false,"Async Capable":false,"Relation Name":"stock","Schema":"public","Alias":"stock","Startup Cost":0.0,"Total Cost":5.62,"Plan Rows":162,"Plan Width":8,"Actual Startup Time":0.0,"Actual Total Time":0.0,"Actual Rows":0,"Actual Loops":0,"Output":["stock.s_i_id","stock.s_w_id","stock.s_quantity"],"Shared Hit Blocks":0,"Shared Read Blocks":0,"Shared Dirtied Blocks":0,"Shared Written Blocks":0,"Local Hit Blocks":0,"Local Read Blocks":0,"Local Dirtied Blocks":0,"Local Written Blocks":0,"Temp Read Blocks":0,"Temp Written Blocks":0,"I/O Read Time":0.0,"I/O Write Time":0.0,"Temp I/O Read Time":0.0,"Temp I/O Write Time":0.0}]},{"Node Type":"Hash","Parent Relationship":"Inner","Parallel Aware":false,"Async Capable":false,"Startup Cost":2615.0,"Total Cost":2615.0,"Plan Rows":2020,"Plan Width":29,"Actual Startup Time":14.398,"Actual Total Time":14.399,"Actual Rows":1572,"Actual Loops":1,"Output":["item.i_id","item.i_name"],"Hash Buckets":2048,"Original Hash Buckets":2048,"Hash Batches":1,"Original Hash Batches":1,"Peak Memory Usage":110,"Shared Hit Blocks":1365,"Shared Read Blocks":0,"Shared Dirtied Blocks":0,"Shared Written Blocks":0,"Local Hit Blocks":0,"Local Read Blocks":0,"Local Dirtied Blocks":0,"Local Written Blocks":0,"Temp Read Blocks":0,"Temp Written Blocks":0,"I/O Read Time":0.0,"I/O Write Time":0.0,"Temp I/O Read Time":0.0,"Temp I/O Write Time":0.0,"Plans":[{"Node Type":"Seq Scan","Parent Relationship":"Outer","Parallel Aware":false,"Async Capable":false,"Relation Name":"item","Schema":"public","Alias":"item","Startup Cost":0.0,"Total Cost":2615.0,"Plan Rows":2020,"Plan Width":29,"Actual Startup Time":0.012,"Actual Total Time":13.893,"Actual Rows":1572,"Actual Loops":1,"Output":["item.i_id","item.i_name"],"Filter":"((item.i_data)::text ~~ '%b'::text)","Rows Removed by Filter":98428,"Shared Hit Blocks":1365,"Shared Read Blocks":0,"Shared Dirtied Blocks":0,"Shared Written Blocks":0,"Local Hit Blocks":0,"Local Read Blocks":0,"Local Dirtied Blocks":0,"Local Written Blocks":0,"Temp Read Blocks":0,"Temp Written Blocks":0,"I/O Read Time":0.0,"I/O Write Time":0.0,"Temp I/O Read Time":0.0,"Temp I/O Write Time":0.0}]}]},{"Node Type":"Hash","Parent Relationship":"Inner","Parallel Aware":false,"Async Capable":false,"Startup Cost":428018.14,"Total Cost":428018.14,"Plan Rows":98105,"Plan Width":6,"Actual Startup Time":4384.432,"Actual Total Time":4384.444,"Actual Rows":100000,"Actual Loops":1,"Output":["stock_1.s_i_id","(min(stock_1.s_quantity))"],"Hash Buckets":131072,"Original Hash Buckets":131072,"Hash Batches":1,"Original Hash Batches":1,"Peak Memory Usage":4735,"Shared Hit Blocks":219,"Shared Read Blocks":0,"Shared Dirtied Blocks":0,"Shared Written Blocks":0,"Local Hit Blocks":0,"Local Read Blocks":0,"Local Dirtied Blocks":0,"Local Written Blocks":0,"Temp Read Blocks":4157,"Temp Written Blocks":7564,"I/O Read Time":0.0,"I/O Write Time":0.0,"Temp I/O Read Time":6.324,"Temp I/O Write Time":25.894,"Plans":[{"Node Type":"Aggregate","Strategy":"Hashed","Partial Mode":"Simple","Parent Relationship":"Outer","Parallel Aware":false,"Async Capable":false,"Startup Cost":410430.79,"Total Cost":427037.09,"Plan Rows":98105,"Plan Width":6,"Actual Startup Time":4197.49,"Actual Total Time":4368.431,"Actual Rows":100000,"Actual Loops":1,"Output":["stock_1.s_i_id","min(stock_1.s_quantity)"],"Group Key":["stock_1.s_i_id"],"Planned Partitions":0,"HashAgg Batches":5,"Peak Memory Usage":8241,"Disk Usage":35680,"Shared Hit Blocks":219,"Shared Read Blocks":0,"Shared Dirtied Blocks":0,"Shared Written Blocks":0,"Local Hit Blocks":0,"Local Read Blocks":0,"Local Dirtied Blocks":0,"Local Written Blocks":0,"Temp Read Blocks":4157,"Temp Written Blocks":7564,"I/O Read Time":0.0,"I/O Write Time":0.0,"Temp I/O Read Time":6.324,"Temp I/O Write Time":25.894,"Plans":[{"Node Type":"Hash Join","Parent Relationship":"Outer","Parallel Aware":false,"Async Capable":false,"Join Type":"Inner","Startup Cost":421.99,"Total Cost":297928.99,"Plan Rows":2000032,"Plan Width":6,"Actual Startup Time":2.588,"Actual Total Time":3536.408,"Actual Rows":3474600,"Actual Loops":1,"Output":["stock_1.s_i_id","stock_1.s_quantity"],"Inner Unique":false,"Hash Cond":"(mod((stock_1.s_w_id * stock_1.s_i_id), 10000) = supplier_1.su_suppkey)","Shared Hit Blocks":219,"Shared Read Blocks":0,"Shared Dirtied Blocks":0,"Shared Written Blocks":0,"Local Hit Blocks":0,"Local Read Blocks":0,"Local Dirtied Blocks":0,"Local Written Blocks":0,"Temp Read Blocks":0,"Temp Written Blocks":0,"I/O Read Time":0.0,"I/O Write Time":0.0,"Temp I/O Read Time":0.0,"Temp I/O Write Time":0.0,"Plans":[{"Node Type":"Append","Parent Relationship":"Outer","Parallel Aware":false,"Async Capable":false,"Startup Cost":20.0,"Total Cost":215025.67,"Plan Rows":10000162,"Plan Width":8,"Actual Startup Time":0.007,"Actual Total Time":2078.927,"Actual Rows":10000000,"Actual Loops":1,"Shared Hit Blocks":0,"Shared Read Blocks":0,"Shared Dirtied Blocks":0,"Shared Written Blocks":0,"Local Hit Blocks":0,"Local Read Blocks":0,"Local Dirtied Blocks":0,"Local Written Blocks":0,"Temp Read Blocks":0,"Temp Written Blocks":0,"I/O Read Time":0.0,"I/O Write Time":0.0,"Temp I/O Read Time":0.0,"Temp I/O Write Time":0.0,"Subplans Removed":0,"Plans":[{"Node Type":"Custom Scan","Parent Relationship":"Member","Custom Plan Provider":"columnar scan","Parallel Aware":false,"Async Capable":false,"Relation Name":"stock","Schema":"public","Alias":"stock_1","Startup Cost":20.0,"Total Cost":215020.05,"Plan Rows":10000000,"Plan Width":8,"Actual Startup Time":0.007,"Actual Total Time":1382.908,"Actual Rows":10000000,"Actual Loops":1,"Output":["stock_1.s_i_id","stock_1.s_quantity","stock_1.s_w_id"],"Rows Removed by Columnar Filter":0,"Columnar cache search mode":"native","Shared Hit Blocks":0,"Shared Read Blocks":0,"Shared Dirtied Blocks":0,"Shared Written Blocks":0,"Local Hit Blocks":0,"Local Read Blocks":0,"Local Dirtied Blocks":0,"Local Written Blocks":0,"Temp Read Blocks":0,"Temp Written Blocks":0,"I/O Read Time":0.0,"I/O Write Time":0.0,"Temp I/O Read Time":0.0,"Temp I/O Write Time":0.0},{"Node Type":"Seq Scan","Parent Relationship":"Member","Parallel Aware":false,"Async Capable":false,"Relation Name":"stock","Schema":"public","Alias":"stock_1","Startup Cost":0.0,"Total Cost":5.62,"Plan Rows":162,"Plan Width":8,"Actual Startup Time":0.0,"Actual Total Time":0.0,"Actual Rows":0,"Actual Loops":0,"Output":["stock_1.s_i_id","stock_1.s_quantity","stock_1.s_w_id"],"Shared Hit Blocks":0,"Shared Read Blocks":0,"Shared Dirtied Blocks":0,"Shared Written Blocks":0,"Local Hit Blocks":0,"Local Read Blocks":0,"Local Dirtied Blocks":0,"Local Written Blocks":0,"Temp Read Blocks":0,"Temp Written Blocks":0,"I/O Read Time":0.0,"I/O Write Time":0.0,"Temp I/O Read Time":0.0,"Temp I/O Write Time":0.0}]},{"Node Type":"Hash","Parent Relationship":"Inner","Parallel Aware":false,"Async Capable":false,"Startup Cost":376.99,"Total Cost":376.99,"Plan Rows":2000,"Plan Width":4,"Actual Startup Time":2.568,"Actual Total Time":2.577,"Actual Rows":3506,"Actual Loops":1,"Output":["supplier_1.su_suppkey"],"Hash Buckets":4096,"Original Hash Buckets":2048,"Hash Batches":1,"Original Hash Batches":1,"Peak Memory Usage":156,"Shared Hit Blocks":219,"Shared Read Blocks":0,"Shared Dirtied Blocks":0,"Shared Written Blocks":0,"Local Hit Blocks":0,"Local Read Blocks":0,"Local Dirtied Blocks":0,"Local Written Blocks":0,"Temp Read Blocks":0,"Temp Written Blocks":0,"I/O Read Time":0.0,"I/O Write Time":0.0,"Temp I/O Read Time":0.0,"Temp I/O Write Time":0.0,"Plans":[{"Node Type":"Hash Join","Parent Relationship":"Outer","Parallel Aware":false,"Async Capable":false,"Join Type":"Inner","Startup Cost":3.14,"Total Cost":376.99,"Plan Rows":2000,"Plan Width":4,"Actual Startup Time":0.049,"Actual Total Time":2.144,"Actual Rows":3506,"Actual Loops":1,"Output":["supplier_1.su_suppkey"],"Inner Unique":false,"Hash Cond":"(supplier_1.su_nationkey = nation_1.n_nationkey)","Shared Hit Blocks":219,"Shared Read Blocks":0,"Shared Dirtied Blocks":0,"Shared Written Blocks":0,"Local Hit Blocks":0,"Local Read Blocks":0,"Local Dirtied Blocks":0,"Local Written Blocks":0,"Temp Read Blocks":0,"Temp Written Blocks":0,"I/O Read Time":0.0,"I/O Write Time":0.0,"Temp I/O Read Time":0.0,"Temp I/O Write Time":0.0,"Plans":[{"Node Type":"Seq Scan","Parent Relationship":"Outer","Parallel Aware":false,"Async Capable":false,"Relation Name":"supplier","Schema":"public","Alias":"supplier_1","Startup Cost":0.0,"Total Cost":317.0,"Plan Rows":10000,"Plan Width":8,"Actual Startup Time":0.005,"Actual Total Time":0.796,"Actual Rows":10000,"Actual Loops":1,"Output":["supplier_1.su_suppkey","supplier_1.su_name","supplier_1.su_address","supplier_1.su_nationkey","supplier_1.su_phone","supplier_1.su_acctbal","supplier_1.su_comment"],"Shared Hit Blocks":217,"Shared Read Blocks":0,"Shared Dirtied Blocks":0,"Shared Written Blocks":0,"Local Hit Blocks":0,"Local Read Blocks":0,"Local Dirtied Blocks":0,"Local Written Blocks":0,"Temp Read Blocks":0,"Temp Written Blocks":0,"I/O Read Time":0.0,"I/O Write Time":0.0,"Temp I/O Read Time":0.0,"Temp I/O Write Time":0.0},{"Node Type":"Hash","Parent Relationship":"Inner","Parallel Aware":false,"Async Capable":false,"Startup Cost":2.99,"Total Cost":2.99,"Plan Rows":12,"Plan Width":4,"Actual Startup Time":0.036,"Actual Total Time":0.04,"Actual Rows":22,"Actual Loops":1,"Output":["nation_1.n_nationkey"],"Hash Buckets":1024,"Original Hash Buckets":1024,"Hash Batches":1,"Original Hash Batches":1,"Peak Memory Usage":9,"Shared Hit Blocks":2,"Shared Read Blocks":0,"Shared Dirtied Blocks":0,"Shared Written Blocks":0,"Local Hit Blocks":0,"Local Read Blocks":0,"Local Dirtied Blocks":0,"Local Written Blocks":0,"Temp Read Blocks":0,"Temp Written Blocks":0,"I/O Read Time":0.0,"I/O Write Time":0.0,"Temp I/O Read Time":0.0,"Temp I/O Write Time":0.0,"Plans":[{"Node Type":"Hash Join","Parent Relationship":"Outer","Parallel Aware":false,"Async Capable":false,"Join Type":"Inner","Startup Cost":1.07,"Total Cost":2.99,"Plan Rows":12,"Plan Width":4,"Actual Startup Time":0.021,"Actual Total Time":0.035,"Actual Rows":22,"Actual Loops":1,"Output":["nation_1.n_nationkey"],"Inner Unique":true,"Hash Cond":"(nation_1.n_regionkey = region_1.r_regionkey)","Shared Hit Blocks":2,"Shared Read Blocks":0,"Shared Dirtied Blocks":0,"Shared Written Blocks":0,"Local Hit Blocks":0,"Local Read Blocks":0,"Local Dirtied Blocks":0,"Local Written Blocks":0,"Temp Read Blocks":0,"Temp Written Blocks":0,"I/O Read Time":0.0,"I/O Write Time":0.0,"Temp I/O Read Time":0.0,"Temp I/O Write Time":0.0,"Plans":[{"Node Type":"Seq Scan","Parent Relationship":"Outer","Parallel Aware":false,"Async Capable":false,"Relation Name":"nation","Schema":"public","Alias":"nation_1","Startup Cost":0.0,"Total Cost":1.62,"Plan Rows":62,"Plan Width":8,"Actual Startup Time":0.004,"Actual Total Time":0.007,"Actual Rows":62,"Actual Loops":1,"Output":["nation_1.n_nationkey","nation_1.n_name","nation_1.n_regionkey","nation_1.n_comment"],"Shared Hit Blocks":1,"Shared Read Blocks":0,"Shared Dirtied Blocks":0,"Shared Written Blocks":0,"Local Hit Blocks":0,"Local Read Blocks":0,"Local Dirtied Blocks":0,"Local Written Blocks":0,"Temp Read Blocks":0,"Temp Written Blocks":0,"I/O Read Time":0.0,"I/O Write Time":0.0,"Temp I/O Read Time":0.0,"Temp I/O Write Time":0.0},{"Node Type":"Hash","Parent Relationship":"Inner","Parallel Aware":false,"Async Capable":false,"Startup Cost":1.06,"Total Cost":1.06,"Plan Rows":1,"Plan Width":4,"Actual Startup Time":0.006,"Actual Total Time":0.008,"Actual Rows":1,"Actual Loops":1,"Output":["region_1.r_regionkey"],"Hash Buckets":1024,"Original Hash Buckets":1024,"Hash Batches":1,"Original Hash Batches":1,"Peak Memory Usage":9,"Shared Hit Blocks":1,"Shared Read Blocks":0,"Shared Dirtied Blocks":0,"Shared Written Blocks":0,"Local Hit Blocks":0,"Local Read Blocks":0,"Local Dirtied Blocks":0,"Local Written Blocks":0,"Temp Read Blocks":0,"Temp Written Blocks":0,"I/O Read Time":0.0,"I/O Write Time":0.0,"Temp I/O Read Time":0.0,"Temp I/O Write Time":0.0,"Plans":[{"Node Type":"Seq Scan","Parent Relationship":"Outer","Parallel Aware":false,"Async Capable":false,"Relation Name":"region","Schema":"public","Alias":"region_1","Startup Cost":0.0,"Total Cost":1.06,"Plan Rows":1,"Plan Width":4,"Actual Startup Time":0.003,"Actual Total Time":0.004,"Actual Rows":1,"Actual Loops":1,"Output":["region_1.r_regionkey"],"Filter":"((region_1.r_name)::text ~~ 'Europ%'::text)","Rows Removed by Filter":4,"Shared Hit Blocks":1,"Shared Read Blocks":0,"Shared Dirtied Blocks":0,"Shared Written Blocks":0,"Local Hit Blocks":0,"Local Read Blocks":0,"Local Dirtied Blocks":0,"Local Written Blocks":0,"Temp Read Blocks":0,"Temp Written Blocks":0,"I/O Read Time":0.0,"I/O Write Time":0.0,"Temp I/O Read Time":0.0,"Temp I/O Write Time":0.0}]}]}]}]}]}]}]}]}]},{"Node Type":"Index Scan","Parent Relationship":"Inner","Parallel Aware":false,"Async Capable":false,"Scan Direction":"Forward","Index Name":"supplier_pk","Relation Name":"supplier","Schema":"public","Alias":"supplier","Startup Cost":0.29,"Total Cost":0.31,"Plan Rows":1,"Plan Width":131,"Actual Startup Time":0.002,"Actual Total Time":0.002,"Actual Rows":1,"Actual Loops":3036,"Output":["supplier.su_suppkey","supplier.su_name","supplier.su_address","supplier.su_nationkey","supplier.su_phone","supplier.su_acctbal","supplier.su_comment"],"Index Cond":"(supplier.su_suppkey = mod((stock.s_w_id * stock.s_i_id), 10000))","Rows Removed by Index Recheck":0,"Shared Hit Blocks":9108,"Shared Read Blocks":0,"Shared Dirtied Blocks":0,"Shared Written Blocks":0,"Local Hit Blocks":0,"Local Read Blocks":0,"Local Dirtied Blocks":0,"Local Written Blocks":0,"Temp Read Blocks":0,"Temp Written Blocks":0,"I/O Read Time":0.0,"I/O Write Time":0.0,"Temp I/O Read Time":0.0,"Temp I/O Write Time":0.0}]},{"Node Type":"Hash","Parent Relationship":"Inner","Parallel Aware":false,"Async Capable":false,"Startup Cost":2.99,"Total Cost":2.99,"Plan Rows":12,"Plan Width":12,"Actual Startup Time":0.054,"Actual Total Time":0.058,"Actual Rows":22,"Actual Loops":1,"Output":["nation.n_name","nation.n_nationkey"],"Hash Buckets":1024,"Original Hash Buckets":1024,"Hash Batches":1,"Original Hash Batches":1,"Peak Memory Usage":9,"Shared Hit Blocks":2,"Shared Read Blocks":0,"Shared Dirtied Blocks":0,"Shared Written Blocks":0,"Local Hit Blocks":0,"Local Read Blocks":0,"Local Dirtied Blocks":0,"Local Written Blocks":0,"Temp Read Blocks":0,"Temp Written Blocks":0,"I/O Read Time":0.0,"I/O Write Time":0.0,"Temp I/O Read Time":0.0,"Temp I/O Write Time":0.0,"Plans":[{"Node Type":"Hash Join","Parent Relationship":"Outer","Parallel Aware":false,"Async Capable":false,"Join Type":"Inner","Startup Cost":1.07,"Total Cost":2.99,"Plan Rows":12,"Plan Width":12,"Actual Startup Time":0.031,"Actual Total Time":0.053,"Actual Rows":22,"Actual Loops":1,"Output":["nation.n_name","nation.n_nationkey"],"Inner Unique":true,"Hash Cond":"(nation.n_regionkey = region.r_regionkey)","Shared Hit Blocks":2,"Shared Read Blocks":0,"Shared Dirtied Blocks":0,"Shared Written Blocks":0,"Local Hit Blocks":0,"Local Read Blocks":0,"Local Dirtied Blocks":0,"Local Written Blocks":0,"Temp Read Blocks":0,"Temp Written Blocks":0,"I/O Read Time":0.0,"I/O Write Time":0.0,"Temp I/O Read Time":0.0,"Temp I/O Write Time":0.0,"Plans":[{"Node Type":"Seq Scan","Parent Relationship":"Outer","Parallel Aware":false,"Async Capable":false,"Relation Name":"nation","Schema":"public","Alias":"nation","Startup Cost":0.0,"Total Cost":1.62,"Plan Rows":62,"Plan Width":16,"Actual Startup Time":0.011,"Actual Total Time":0.02,"Actual Rows":62,"Actual Loops":1,"Output":["nation.n_nationkey","nation.n_name","nation.n_regionkey","nation.n_comment"],"Shared Hit Blocks":1,"Shared Read Blocks":0,"Shared Dirtied Blocks":0,"Shared Written Blocks":0,"Local Hit Blocks":0,"Local Read Blocks":0,"Local Dirtied Blocks":0,"Local Written Blocks":0,"Temp Read Blocks":0,"Temp Written Blocks":0,"I/O Read Time":0.0,"I/O Write Time":0.0,"Temp I/O Read Time":0.0,"Temp I/O Write Time":0.0},{"Node Type":"Hash","Parent Relationship":"Inner","Parallel Aware":false,"Async Capable":false,"Startup Cost":1.06,"Total Cost":1.06,"Plan Rows":1,"Plan Width":4,"Actual Startup Time":0.011,"Actual Total Time":0.012,"Actual Rows":1,"Actual Loops":1,"Output":["region.r_regionkey"],"Hash Buckets":1024,"Original Hash Buckets":1024,"Hash Batches":1,"Original Hash Batches":1,"Peak Memory Usage":9,"Shared Hit Blocks":1,"Shared Read Blocks":0,"Shared Dirtied Blocks":0,"Shared Written Blocks":0,"Local Hit Blocks":0,"Local Read Blocks":0,"Local Dirtied Blocks":0,"Local Written Blocks":0,"Temp Read Blocks":0,"Temp Written Blocks":0,"I/O Read Time":0.0,"I/O Write Time":0.0,"Temp I/O Read Time":0.0,"Temp I/O Write Time":0.0,"Plans":[{"Node Type":"Seq Scan","Parent Relationship":"Outer","Parallel Aware":false,"Async Capable":false,"Relation Name":"region","Schema":"public","Alias":"region","Startup Cost":0.0,"Total Cost":1.06,"Plan Rows":1,"Plan Width":4,"Actual Startup Time":0.007,"Actual Total Time":0.008,"Actual Rows":1,"Actual Loops":1,"Output":["region.r_regionkey"],"Filter":"((region.r_name)::text ~~ 'Europ%'::text)","Rows Removed by Filter":4,"Shared Hit Blocks":1,"Shared Read Blocks":0,"Shared Dirtied Blocks":0,"Shared Written Blocks":0,"Local Hit Blocks":0,"Local Read Blocks":0,"Local Dirtied Blocks":0,"Local Written Blocks":0,"Temp Read Blocks":0,"Temp Written Blocks":0,"I/O Read Time":0.0,"I/O Write Time":0.0,"Temp I/O Read Time":0.0,"Temp I/O Write Time":0.0}]}]}]}]}]},"Planning":{"Shared Hit Blocks":36,"Shared Read Blocks":0,"Shared Dirtied Blocks":0,"Shared Written Blocks":0,"Local Hit Blocks":0,"Local Read Blocks":0,"Local Dirtied Blocks":0,"Local Written Blocks":0,"Temp Read Blocks":0,"Temp Written Blocks":0,"I/O Read Time":0.0,"I/O Write Time":0.0,"Temp I/O Read Time":0.0,"Temp I/O Write Time":0.0},"Planning Time":1.715,"Triggers":[],"Execution Time":4796.764}]
[列存组合]: region, supplier
[{"Plan":{"Node Type":"Sort","Parallel Aware":false,"Async Capable":false,"Startup Cost":1278034.78,"Total Cost":1278035.27,"Plan Rows":198,"Plan Width":164,"Actual Startup Time":6445.632,"Actual Total Time":6445.738,"Actual Rows":1900,"Actual Loops":1,"Output":["supplier.su_suppkey","supplier.su_name","nation.n_name","item.i_id","item.i_name","supplier.su_address","supplier.su_phone","supplier.su_comment"],"Sort Key":["nation.n_name","supplier.su_name","item.i_id"],"Sort Method":"quicksort","Sort Space Used":439,"Sort Space Type":"Memory","Shared Hit Blocks":843869,"Shared Read Blocks":0,"Shared Dirtied Blocks":0,"Shared Written Blocks":0,"Local Hit Blocks":0,"Local Read Blocks":0,"Local Dirtied Blocks":0,"Local Written Blocks":0,"Temp Read Blocks":4157,"Temp Written Blocks":7564,"I/O Read Time":0.0,"I/O Write Time":0.0,"Temp I/O Read Time":7.156,"Temp I/O Write Time":28.113,"Plans":[{"Node Type":"Hash Join","Parent Relationship":"Outer","Parallel Aware":false,"Async Capable":false,"Join Type":"Inner","Startup Cost":733707.37,"Total Cost":1278027.22,"Plan Rows":198,"Plan Width":164,"Actual Startup Time":4109.032,"Actual Total Time":6441.478,"Actual Rows":1900,"Actual Loops":1,"Output":["supplier.su_suppkey","supplier.su_name","nation.n_name","item.i_id","item.i_name","supplier.su_address","supplier.su_phone","supplier.su_comment"],"Inner Unique":false,"Hash Cond":"(supplier.su_nationkey = nation.n_nationkey)","Shared Hit Blocks":843869,"Shared Read Blocks":0,"Shared Dirtied Blocks":0,"Shared Written Blocks":0,"Local Hit Blocks":0,"Local Read Blocks":0,"Local Dirtied Blocks":0,"Local Written Blocks":0,"Temp Read Blocks":4157,"Temp Written Blocks":7564,"I/O Read Time":0.0,"I/O Write Time":0.0,"Temp I/O Read Time":7.156,"Temp I/O Write Time":28.113,"Plans":[{"Node Type":"Nested Loop","Parent Relationship":"Outer","Parallel Aware":false,"Async Capable":false,"Join Type":"Inner","Startup Cost":733704.23,"Total Cost":1278018.45,"Plan Rows":991,"Plan Width":160,"Actual Startup Time":4108.968,"Actual Total Time":6440.396,"Actual Rows":3036,"Actual Loops":1,"Output":["item.i_id","item.i_name","supplier.su_suppkey","supplier.su_name","supplier.su_address","supplier.su_phone","supplier.su_comment","supplier.su_nationkey"],"Inner Unique":true,"Shared Hit Blocks":843867,"Shared Read Blocks":0,"Shared Dirtied Blocks":0,"Shared Written Blocks":0,"Local Hit Blocks":0,"Local Read Blocks":0,"Local Dirtied Blocks":0,"Local Written Blocks":0,"Temp Read Blocks":4157,"Temp Written Blocks":7564,"I/O Read Time":0.0,"I/O Write Time":0.0,"Temp I/O Read Time":7.156,"Temp I/O Write Time":28.113,"Plans":[{"Node Type":"Hash Join","Parent Relationship":"Outer","Parallel Aware":false,"Async Capable":false,"Join Type":"Inner","Startup Cost":733703.94,"Total Cost":1277713.62,"Plan Rows":991,"Plan Width":35,"Actual Startup Time":4108.927,"Actual Total Time":6430.479,"Actual Rows":3036,"Actual Loops":1,"Output":["item.i_id","item.i_name","stock.s_i_id","stock.s_w_id"],"Inner Unique":true,"Hash Cond":"((item.i_id = stock_1.s_i_id) AND (stock.s_quantity = (min(stock_1.s_quantity))))","Shared Hit Blocks":834759,"Shared Read Blocks":0,"Shared Dirtied Blocks":0,"Shared Written Blocks":0,"Local Hit Blocks":0,"Local Read Blocks":0,"Local Dirtied Blocks":0,"Local Written Blocks":0,"Temp Read Blocks":4157,"Temp Written Blocks":7564,"I/O Read Time":0.0,"I/O Write Time":0.0,"Temp I/O Read Time":7.156,"Temp I/O Write Time":28.113,"Plans":[{"Node Type":"Hash Join","Parent Relationship":"Outer","Parallel Aware":false,"Async Capable":false,"Join Type":"Inner","Startup Cost":2640.25,"Total Cost":545589.41,"Plan Rows":202003,"Plan Width":37,"Actual Startup Time":14.298,"Actual Total Time":2296.346,"Actual Rows":157200,"Actual Loops":1,"Output":["item.i_id","item.i_name","stock.s_i_id","stock.s_w_id","stock.s_quantity"],"Inner Unique":true,"Hash Cond":"(stock.s_i_id = item.i_id)","Shared Hit Blocks":418061,"Shared Read Blocks":0,"Shared Dirtied Blocks":0,"Shared Written Blocks":0,"Local Hit Blocks":0,"Local Read Blocks":0,"Local Dirtied Blocks":0,"Local Written Blocks":0,"Temp Read Blocks":0,"Temp Written Blocks":0,"I/O Read Time":0.0,"I/O Write Time":0.0,"Temp I/O Read Time":0.0,"Temp I/O Write Time":0.0,"Plans":[{"Node Type":"Seq Scan","Parent Relationship":"Outer","Parallel Aware":false,"Async Capable":false,"Relation Name":"stock","Schema":"public","Alias":"stock","Startup Cost":0.0,"Total Cost":516697.62,"Plan Rows":10000162,"Plan Width":8,"Actual Startup Time":0.005,"Actual Total Time":963.099,"Actual Rows":10000000,"Actual Loops":1,"Output":["stock.s_i_id","stock.s_w_id","stock.s_quantity","stock.s_dist_01","stock.s_dist_02","stock.s_dist_03","stock.s_dist_04","stock.s_dist_05","stock.s_dist_06","stock.s_dist_07","stock.s_dist_08","stock.s_dist_09","stock.s_dist_10","stock.s_ytd","stock.s_order_cnt","stock.s_remote_cnt","stock.s_data"],"Shared Hit Blocks":416696,"Shared Read Blocks":0,"Shared Dirtied Blocks":0,"Shared Written Blocks":0,"Local Hit Blocks":0,"Local Read Blocks":0,"Local Dirtied Blocks":0,"Local Written Blocks":0,"Temp Read Blocks":0,"Temp Written Blocks":0,"I/O Read Time":0.0,"I/O Write Time":0.0,"Temp I/O Read Time":0.0,"Temp I/O Write Time":0.0},{"Node Type":"Hash","Parent Relationship":"Inner","Parallel Aware":false,"Async Capable":false,"Startup Cost":2615.0,"Total Cost":2615.0,"Plan Rows":2020,"Plan Width":29,"Actual Startup Time":14.274,"Actual Total Time":14.274,"Actual Rows":1572,"Actual Loops":1,"Output":["item.i_id","item.i_name"],"Hash Buckets":2048,"Original Hash Buckets":2048,"Hash Batches":1,"Original Hash Batches":1,"Peak Memory Usage":110,"Shared Hit Blocks":1365,"Shared Read Blocks":0,"Shared Dirtied Blocks":0,"Shared Written Blocks":0,"Local Hit Blocks":0,"Local Read Blocks":0,"Local Dirtied Blocks":0,"Local Written Blocks":0,"Temp Read Blocks":0,"Temp Written Blocks":0,"I/O Read Time":0.0,"I/O Write Time":0.0,"Temp I/O Read Time":0.0,"Temp I/O Write Time":0.0,"Plans":[{"Node Type":"Seq Scan","Parent Relationship":"Outer","Parallel Aware":false,"Async Capable":false,"Relation Name":"item","Schema":"public","Alias":"item","Startup Cost":0.0,"Total Cost":2615.0,"Plan Rows":2020,"Plan Width":29,"Actual Startup Time":0.012,"Actual Total Time":14.044,"Actual Rows":1572,"Actual Loops":1,"Output":["item.i_id","item.i_name"],"Filter":"((item.i_data)::text ~~ '%b'::text)","Rows Removed by Filter":98428,"Shared Hit Blocks":1365,"Shared Read Blocks":0,"Shared Dirtied Blocks":0,"Shared Written Blocks":0,"Local Hit Blocks":0,"Local Read Blocks":0,"Local Dirtied Blocks":0,"Local Written Blocks":0,"Temp Read Blocks":0,"Temp Written Blocks":0,"I/O Read Time":0.0,"I/O Write Time":0.0,"Temp I/O Read Time":0.0,"Temp I/O Write Time":0.0}]}]},{"Node Type":"Hash","Parent Relationship":"Inner","Parallel Aware":false,"Async Capable":false,"Startup Cost":729592.12,"Total Cost":729592.12,"Plan Rows":98105,"Plan Width":6,"Actual Startup Time":4093.799,"Actual Total Time":4093.822,"Actual Rows":100000,"Actual Loops":1,"Output":["stock_1.s_i_id","(min(stock_1.s_quantity))"],"Hash Buckets":131072,"Original Hash Buckets":131072,"Hash Batches":1,"Original Hash Batches":1,"Peak Memory Usage":4735,"Shared Hit Blocks":416698,"Shared Read Blocks":0,"Shared Dirtied Blocks":0,"Shared Written Blocks":0,"Local Hit Blocks":0,"Local Read Blocks":0,"Local Dirtied Blocks":0,"Local Written Blocks":0,"Temp Read Blocks":4157,"Temp Written Blocks":7564,"I/O Read Time":0.0,"I/O Write Time":0.0,"Temp I/O Read Time":7.156,"Temp I/O Write Time":28.113,"Plans":[{"Node Type":"Aggregate","Strategy":"Hashed","Partial Mode":"Simple","Parent Relationship":"Outer","Parallel Aware":false,"Async Capable":false,"Startup Cost":712004.77,"Total Cost":728611.07,"Plan Rows":98105,"Plan Width":6,"Actual Startup Time":3905.65,"Actual Total Time":4077.905,"Actual Rows":100000,"Actual Loops":1,"Output":["stock_1.s_i_id","min(stock_1.s_quantity)"],"Group Key":["stock_1.s_i_id"],"Planned Partitions":0,"HashAgg Batches":5,"Peak Memory Usage":8241,"Disk Usage":35680,"Shared Hit Blocks":416698,"Shared Read Blocks":0,"Shared Dirtied Blocks":0,"Shared Written Blocks":0,"Local Hit Blocks":0,"Local Read Blocks":0,"Local Dirtied Blocks":0,"Local Written Blocks":0,"Temp Read Blocks":4157,"Temp Written Blocks":7564,"I/O Read Time":0.0,"I/O Write Time":0.0,"Temp I/O Read Time":7.156,"Temp I/O Write Time":28.113,"Plans":[{"Node Type":"Hash Join","Parent Relationship":"Outer","Parallel Aware":false,"Async Capable":false,"Join Type":"Inner","Startup Cost":304.02,"Total Cost":599502.97,"Plan Rows":2000032,"Plan Width":6,"Actual Startup Time":2.159,"Actual Total Time":3216.212,"Actual Rows":3474600,"Actual Loops":1,"Output":["stock_1.s_i_id","stock_1.s_quantity"],"Inner Unique":false,"Hash Cond":"(mod((stock_1.s_w_id * stock_1.s_i_id), 10000) = supplier_1.su_suppkey)","Shared Hit Blocks":416698,"Shared Read Blocks":0,"Shared Dirtied Blocks":0,"Shared Written Blocks":0,"Local Hit Blocks":0,"Local Read Blocks":0,"Local Dirtied Blocks":0,"Local Written Blocks":0,"Temp Read Blocks":0,"Temp Written Blocks":0,"I/O Read Time":0.0,"I/O Write Time":0.0,"Temp I/O Read Time":0.0,"Temp I/O Write Time":0.0,"Plans":[{"Node Type":"Seq Scan","Parent Relationship":"Outer","Parallel Aware":false,"Async Capable":false,"Relation Name":"stock","Schema":"public","Alias":"stock_1","Startup Cost":0.0,"Total Cost":516697.62,"Plan Rows":10000162,"Plan Width":8,"Actual Startup Time":0.004,"Actual Total Time":1022.847,"Actual Rows":10000000,"Actual Loops":1,"Output":["stock_1.s_i_id","stock_1.s_w_id","stock_1.s_quantity","stock_1.s_dist_01","stock_1.s_dist_02","stock_1.s_dist_03","stock_1.s_dist_04","stock_1.s_dist_05","stock_1.s_dist_06","stock_1.s_dist_07","stock_1.s_dist_08","stock_1.s_dist_09","stock_1.s_dist_10","stock_1.s_ytd","stock_1.s_order_cnt","stock_1.s_remote_cnt","stock_1.s_data"],"Shared Hit Blocks":416696,"Shared Read Blocks":0,"Shared Dirtied Blocks":0,"Shared Written Blocks":0,"Local Hit Blocks":0,"Local Read Blocks":0,"Local Dirtied Blocks":0,"Local Written Blocks":0,"Temp Read Blocks":0,"Temp Written Blocks":0,"I/O Read Time":0.0,"I/O Write Time":0.0,"Temp I/O Read Time":0.0,"Temp I/O Write Time":0.0},{"Node Type":"Hash","Parent Relationship":"Inner","Parallel Aware":false,"Async Capable":false,"Startup Cost":279.02,"Total Cost":279.02,"Plan Rows":2000,"Plan Width":4,"Actual Startup Time":2.15,"Actual Total Time":2.167,"Actual Rows":3506,"Actual Loops":1,"Output":["supplier_1.su_suppkey"],"Hash Buckets":4096,"Original Hash Buckets":2048,"Hash Batches":1,"Original Hash Batches":1,"Peak Memory Usage":156,"Shared Hit Blocks":2,"Shared Read Blocks":0,"Shared Dirtied Blocks":0,"Shared Written Blocks":0,"Local Hit Blocks":0,"Local Read Blocks":0,"Local Dirtied Blocks":0,"Local Written Blocks":0,"Temp Read Blocks":0,"Temp Written Blocks":0,"I/O Read Time":0.0,"I/O Write Time":0.0,"Temp I/O Read Time":0.0,"Temp I/O Write Time":0.0,"Plans":[{"Node Type":"Hash Join","Parent Relationship":"Outer","Parallel Aware":false,"Async Capable":false,"Join Type":"Inner","Startup Cost":23.14,"Total Cost":279.02,"Plan Rows":2000,"Plan Width":4,"Actual Startup Time":0.453,"Actual Total Time":1.766,"Actual Rows":3506,"Actual Loops":1,"Output":["supplier_1.su_suppkey"],"Inner Unique":false,"Hash Cond":"(supplier_1.su_nationkey = nation_1.n_nationkey)","Shared Hit Blocks":2,"Shared Read Blocks":0,"Shared Dirtied Blocks":0,"Shared Written Blocks":0,"Local Hit Blocks":0,"Local Read Blocks":0,"Local Dirtied Blocks":0,"Local Written Blocks":0,"Temp Read Blocks":0,"Temp Written Blocks":0,"I/O Read Time":0.0,"I/O Write Time":0.0,"Temp I/O Read Time":0.0,"Temp I/O Write Time":0.0,"Plans":[{"Node Type":"Append","Parent Relationship":"Outer","Parallel Aware":false,"Async Capable":false,"Startup Cost":20.0,"Total Cost":219.01,"Plan Rows":10001,"Plan Width":8,"Actual Startup Time":0.098,"Actual Total Time":0.818,"Actual Rows":3506,"Actual Loops":1,"Shared Hit Blocks":0,"Shared Read Blocks":0,"Shared Dirtied Blocks":0,"Shared Written Blocks":0,"Local Hit Blocks":0,"Local Read Blocks":0,"Local Dirtied Blocks":0,"Local Written Blocks":0,"Temp Read Blocks":0,"Temp Written Blocks":0,"I/O Read Time":0.0,"I/O Write Time":0.0,"Temp I/O Read Time":0.0,"Temp I/O Write Time":0.0,"Subplans Removed":0,"Plans":[{"Node Type":"Custom Scan","Parent Relationship":"Member","Custom Plan Provider":"columnar scan","Parallel Aware":false,"Async Capable":false,"Relation Name":"supplier","Schema":"public","Alias":"supplier_1","Startup Cost":20.0,"Total Cost":215.0,"Plan Rows":10000,"Plan Width":8,"Actual Startup Time":0.096,"Actual Total Time":0.568,"Actual Rows":3506,"Actual Loops":1,"Output":["supplier_1.su_suppkey","supplier_1.su_nationkey"],"Rows Removed by Columnar Filter":6494,"Rows Filtered by Bloom Filter":0,"Dictionary Rows Filtered by Bloom Filter":6494,"Columnar cache search mode":"native","Shared Hit Blocks":0,"Shared Read Blocks":0,"Shared Dirtied Blocks":0,"Shared Written Blocks":0,"Local Hit Blocks":0,"Local Read Blocks":0,"Local Dirtied Blocks":0,"Local Written Blocks":0,"Temp Read Blocks":0,"Temp Written Blocks":0,"I/O Read Time":0.0,"I/O Write Time":0.0,"Temp I/O Read Time":0.0,"Temp I/O Write Time":0.0},{"Node Type":"Seq Scan","Parent Relationship":"Member","Parallel Aware":false,"Async Capable":false,"Relation Name":"supplier","Schema":"public","Alias":"supplier_1","Startup Cost":0.0,"Total Cost":4.01,"Plan Rows":1,"Plan Width":8,"Actual Startup Time":0.0,"Actual Total Time":0.0,"Actual Rows":0,"Actual Loops":0,"Output":["supplier_1.su_suppkey","supplier_1.su_nationkey"],"Shared Hit Blocks":0,"Shared Read Blocks":0,"Shared Dirtied Blocks":0,"Shared Written Blocks":0,"Local Hit Blocks":0,"Local Read Blocks":0,"Local Dirtied Blocks":0,"Local Written Blocks":0,"Temp Read Blocks":0,"Temp Written Blocks":0,"I/O Read Time":0.0,"I/O Write Time":0.0,"Temp I/O Read Time":0.0,"Temp I/O Write Time":0.0}]},{"Node Type":"Hash","Parent Relationship":"Inner","Parallel Aware":false,"Async Capable":false,"Startup Cost":2.99,"Total Cost":2.99,"Plan Rows":12,"Plan Width":4,"Actual Startup Time":0.032,"Actual Total Time":0.04,"Actual Rows":22,"Actual Loops":1,"Output":["nation_1.n_nationkey"],"Hash Buckets":1024,"Original Hash Buckets":1024,"Hash Batches":1,"Original Hash Batches":1,"Peak Memory Usage":9,"Shared Hit Blocks":2,"Shared Read Blocks":0,"Shared Dirtied Blocks":0,"Shared Written Blocks":0,"Local Hit Blocks":0,"Local Read Blocks":0,"Local Dirtied Blocks":0,"Local Written Blocks":0,"Temp Read Blocks":0,"Temp Written Blocks":0,"I/O Read Time":0.0,"I/O Write Time":0.0,"Temp I/O Read Time":0.0,"Temp I/O Write Time":0.0,"Plans":[{"Node Type":"Hash Join","Parent Relationship":"Outer","Parallel Aware":false,"Async Capable":false,"Join Type":"Inner","Startup Cost":1.07,"Total Cost":2.99,"Plan Rows":12,"Plan Width":4,"Actual Startup Time":0.014,"Actual Total Time":0.032,"Actual Rows":22,"Actual Loops":1,"Output":["nation_1.n_nationkey"],"Inner Unique":true,"Hash Cond":"(nation_1.n_regionkey = region_1.r_regionkey)","Shared Hit Blocks":2,"Shared Read Blocks":0,"Shared Dirtied Blocks":0,"Shared Written Blocks":0,"Local Hit Blocks":0,"Local Read Blocks":0,"Local Dirtied Blocks":0,"Local Written Blocks":0,"Temp Read Blocks":0,"Temp Written Blocks":0,"I/O Read Time":0.0,"I/O Write Time":0.0,"Temp I/O Read Time":0.0,"Temp I/O Write Time":0.0,"Plans":[{"Node Type":"Seq Scan","Parent Relationship":"Outer","Parallel Aware":false,"Async Capable":false,"Relation Name":"nation","Schema":"public","Alias":"nation_1","Startup Cost":0.0,"Total Cost":1.62,"Plan Rows":62,"Plan Width":8,"Actual Startup Time":0.004,"Actual Total Time":0.008,"Actual Rows":62,"Actual Loops":1,"Output":["nation_1.n_nationkey","nation_1.n_name","nation_1.n_regionkey","nation_1.n_comment"],"Shared Hit Blocks":1,"Shared Read Blocks":0,"Shared Dirtied Blocks":0,"Shared Written Blocks":0,"Local Hit Blocks":0,"Local Read Blocks":0,"Local Dirtied Blocks":0,"Local Written Blocks":0,"Temp Read Blocks":0,"Temp Written Blocks":0,"I/O Read Time":0.0,"I/O Write Time":0.0,"Temp I/O Read Time":0.0,"Temp I/O Write Time":0.0},{"Node Type":"Hash","Parent Relationship":"Inner","Parallel Aware":false,"Async Capable":false,"Startup Cost":1.06,"Total Cost":1.06,"Plan Rows":1,"Plan Width":4,"Actual Startup Time":0.006,"Actual Total Time":0.01,"Actual Rows":1,"Actual Loops":1,"Output":["region_1.r_regionkey"],"Hash Buckets":1024,"Original Hash Buckets":1024,"Hash Batches":1,"Original Hash Batches":1,"Peak Memory Usage":9,"Shared Hit Blocks":1,"Shared Read Blocks":0,"Shared Dirtied Blocks":0,"Shared Written Blocks":0,"Local Hit Blocks":0,"Local Read Blocks":0,"Local Dirtied Blocks":0,"Local Written Blocks":0,"Temp Read Blocks":0,"Temp Written Blocks":0,"I/O Read Time":0.0,"I/O Write Time":0.0,"Temp I/O Read Time":0.0,"Temp I/O Write Time":0.0,"Plans":[{"Node Type":"Seq Scan","Parent Relationship":"Outer","Parallel Aware":false,"Async Capable":false,"Relation Name":"region","Schema":"public","Alias":"region_1","Startup Cost":0.0,"Total Cost":1.06,"Plan Rows":1,"Plan Width":4,"Actual Startup Time":0.004,"Actual Total Time":0.005,"Actual Rows":1,"Actual Loops":1,"Output":["region_1.r_regionkey"],"Filter":"((region_1.r_name)::text ~~ 'Europ%'::text)","Rows Removed by Filter":4,"Shared Hit Blocks":1,"Shared Read Blocks":0,"Shared Dirtied Blocks":0,"Shared Written Blocks":0,"Local Hit Blocks":0,"Local Read Blocks":0,"Local Dirtied Blocks":0,"Local Written Blocks":0,"Temp Read Blocks":0,"Temp Written Blocks":0,"I/O Read Time":0.0,"I/O Write Time":0.0,"Temp I/O Read Time":0.0,"Temp I/O Write Time":0.0}]}]}]}]}]}]}]}]}]},{"Node Type":"Index Scan","Parent Relationship":"Inner","Parallel Aware":false,"Async Capable":false,"Scan Direction":"Forward","Index Name":"supplier_pk","Relation Name":"supplier","Schema":"public","Alias":"supplier","Startup Cost":0.29,"Total Cost":0.31,"Plan Rows":1,"Plan Width":131,"Actual Startup Time":0.003,"Actual Total Time":0.003,"Actual Rows":1,"Actual Loops":3036,"Output":["supplier.su_suppkey","supplier.su_name","supplier.su_address","supplier.su_nationkey","supplier.su_phone","supplier.su_acctbal","supplier.su_comment"],"Index Cond":"(supplier.su_suppkey = mod((stock.s_w_id * stock.s_i_id), 10000))","Rows Removed by Index Recheck":0,"Shared Hit Blocks":9108,"Shared Read Blocks":0,"Shared Dirtied Blocks":0,"Shared Written Blocks":0,"Local Hit Blocks":0,"Local Read Blocks":0,"Local Dirtied Blocks":0,"Local Written Blocks":0,"Temp Read Blocks":0,"Temp Written Blocks":0,"I/O Read Time":0.0,"I/O Write Time":0.0,"Temp I/O Read Time":0.0,"Temp I/O Write Time":0.0}]},{"Node Type":"Hash","Parent Relationship":"Inner","Parallel Aware":false,"Async Capable":false,"Startup Cost":2.99,"Total Cost":2.99,"Plan Rows":12,"Plan Width":12,"Actual Startup Time":0.05,"Actual Total Time":0.056,"Actual Rows":22,"Actual Loops":1,"Output":["nation.n_name","nation.n_nationkey"],"Hash Buckets":1024,"Original Hash Buckets":1024,"Hash Batches":1,"Original Hash Batches":1,"Peak Memory Usage":9,"Shared Hit Blocks":2,"Shared Read Blocks":0,"Shared Dirtied Blocks":0,"Shared Written Blocks":0,"Local Hit Blocks":0,"Local Read Blocks":0,"Local Dirtied Blocks":0,"Local Written Blocks":0,"Temp Read Blocks":0,"Temp Written Blocks":0,"I/O Read Time":0.0,"I/O Write Time":0.0,"Temp I/O Read Time":0.0,"Temp I/O Write Time":0.0,"Plans":[{"Node Type":"Hash Join","Parent Relationship":"Outer","Parallel Aware":false,"Async Capable":false,"Join Type":"Inner","Startup Cost":1.07,"Total Cost":2.99,"Plan Rows":12,"Plan Width":12,"Actual Startup Time":0.034,"Actual Total Time":0.05,"Actual Rows":22,"Actual Loops":1,"Output":["nation.n_name","nation.n_nationkey"],"Inner Unique":true,"Hash Cond":"(nation.n_regionkey = region.r_regionkey)","Shared Hit Blocks":2,"Shared Read Blocks":0,"Shared Dirtied Blocks":0,"Shared Written Blocks":0,"Local Hit Blocks":0,"Local Read Blocks":0,"Local Dirtied Blocks":0,"Local Written Blocks":0,"Temp Read Blocks":0,"Temp Written Blocks":0,"I/O Read Time":0.0,"I/O Write Time":0.0,"Temp I/O Read Time":0.0,"Temp I/O Write Time":0.0,"Plans":[{"Node Type":"Seq Scan","Parent Relationship":"Outer","Parallel Aware":false,"Async Capable":false,"Relation Name":"nation","Schema":"public","Alias":"nation","Startup Cost":0.0,"Total Cost":1.62,"Plan Rows":62,"Plan Width":16,"Actual Startup Time":0.009,"Actual Total Time":0.013,"Actual Rows":62,"Actual Loops":1,"Output":["nation.n_nationkey","nation.n_name","nation.n_regionkey","nation.n_comment"],"Shared Hit Blocks":1,"Shared Read Blocks":0,"Shared Dirtied Blocks":0,"Shared Written Blocks":0,"Local Hit Blocks":0,"Local Read Blocks":0,"Local Dirtied Blocks":0,"Local Written Blocks":0,"Temp Read Blocks":0,"Temp Written Blocks":0,"I/O Read Time":0.0,"I/O Write Time":0.0,"Temp I/O Read Time":0.0,"Temp I/O Write Time":0.0},{"Node Type":"Hash","Parent Relationship":"Inner","Parallel Aware":false,"Async Capable":false,"Startup Cost":1.06,"Total Cost":1.06,"Plan Rows":1,"Plan Width":4,"Actual Startup Time":0.009,"Actual Total Time":0.01,"Actual Rows":1,"Actual Loops":1,"Output":["region.r_regionkey"],"Hash Buckets":1024,"Original Hash Buckets":1024,"Hash Batches":1,"Original Hash Batches":1,"Peak Memory Usage":9,"Shared Hit Blocks":1,"Shared Read Blocks":0,"Shared Dirtied Blocks":0,"Shared Written Blocks":0,"Local Hit Blocks":0,"Local Read Blocks":0,"Local Dirtied Blocks":0,"Local Written Blocks":0,"Temp Read Blocks":0,"Temp Written Blocks":0,"I/O Read Time":0.0,"I/O Write Time":0.0,"Temp I/O Read Time":0.0,"Temp I/O Write Time":0.0,"Plans":[{"Node Type":"Seq Scan","Parent Relationship":"Outer","Parallel Aware":false,"Async Capable":false,"Relation Name":"region","Schema":"public","Alias":"region","Startup Cost":0.0,"Total Cost":1.06,"Plan Rows":1,"Plan Width":4,"Actual Startup Time":0.006,"Actual Total Time":0.006,"Actual Rows":1,"Actual Loops":1,"Output":["region.r_regionkey"],"Filter":"((region.r_name)::text ~~ 'Europ%'::text)","Rows Removed by Filter":4,"Shared Hit Blocks":1,"Shared Read Blocks":0,"Shared Dirtied Blocks":0,"Shared Written Blocks":0,"Local Hit Blocks":0,"Local Read Blocks":0,"Local Dirtied Blocks":0,"Local Written Blocks":0,"Temp Read Blocks":0,"Temp Written Blocks":0,"I/O Read Time":0.0,"I/O Write Time":0.0,"Temp I/O Read Time":0.0,"Temp I/O Write Time":0.0}]}]}]}]}]},"Planning":{"Shared Hit Blocks":36,"Shared Read Blocks":0,"Shared Dirtied Blocks":0,"Shared Written Blocks":0,"Local Hit Blocks":0,"Local Read Blocks":0,"Local Dirtied Blocks":0,"Local Written Blocks":0,"Temp Read Blocks":0,"Temp Written Blocks":0,"I/O Read Time":0.0,"I/O Write Time":0.0,"Temp I/O Read Time":0.0,"Temp I/O Write Time":0.0},"Planning Time":1.001,"Triggers":[],"Execution Time":6455.278}]
[列存组合]: stock, supplier
[{"Plan":{"Node Type":"Sort","Parallel Aware":false,"Async Capable":false,"Startup Cost":966231.5,"Total Cost":966232.0,"Plan Rows":198,"Plan Width":164,"Actual Startup Time":4769.044,"Actual Total Time":4769.142,"Actual Rows":1900,"Actual Loops":1,"Output":["supplier.su_suppkey","supplier.su_name","nation.n_name","item.i_id","item.i_name","supplier.su_address","supplier.su_phone","supplier.su_comment"],"Sort Key":["nation.n_name","supplier.su_name","item.i_id"],"Sort Method":"quicksort","Sort Space Used":439,"Sort Space Type":"Memory","Shared Hit Blocks":10477,"Shared Read Blocks":0,"Shared Dirtied Blocks":0,"Shared Written Blocks":0,"Local Hit Blocks":0,"Local Read Blocks":0,"Local Dirtied Blocks":0,"Local Written Blocks":0,"Temp Read Blocks":4157,"Temp Written Blocks":7564,"I/O Read Time":0.0,"I/O Write Time":0.0,"Temp I/O Read Time":6.439,"Temp I/O Write Time":24.602,"Plans":[{"Node Type":"Hash Join","Parent Relationship":"Outer","Parallel Aware":false,"Async Capable":false,"Join Type":"Inner","Startup Cost":432055.43,"Total Cost":966223.95,"Plan Rows":198,"Plan Width":164,"Actual Startup Time":4381.705,"Actual Total Time":4765.606,"Actual Rows":1900,"Actual Loops":1,"Output":["supplier.su_suppkey","supplier.su_name","nation.n_name","item.i_id","item.i_name","supplier.su_address","supplier.su_phone","supplier.su_comment"],"Inner Unique":false,"Hash Cond":"(supplier.su_nationkey = nation.n_nationkey)","Shared Hit Blocks":10477,"Shared Read Blocks":0,"Shared Dirtied Blocks":0,"Shared Written Blocks":0,"Local Hit Blocks":0,"Local Read Blocks":0,"Local Dirtied Blocks":0,"Local Written Blocks":0,"Temp Read Blocks":4157,"Temp Written Blocks":7564,"I/O Read Time":0.0,"I/O Write Time":0.0,"Temp I/O Read Time":6.439,"Temp I/O Write Time":24.602,"Plans":[{"Node Type":"Nested Loop","Parent Relationship":"Outer","Parallel Aware":false,"Async Capable":false,"Join Type":"Inner","Startup Cost":432052.28,"Total Cost":966215.17,"Plan Rows":991,"Plan Width":160,"Actual Startup Time":4381.635,"Actual Total Time":4764.861,"Actual Rows":3036,"Actual Loops":1,"Output":["item.i_id","item.i_name","supplier.su_suppkey","supplier.su_name","supplier.su_address","supplier.su_phone","supplier.su_comment","supplier.su_nationkey"],"Inner Unique":true,"Shared Hit Blocks":10475,"Shared Read Blocks":0,"Shared Dirtied Blocks":0,"Shared Written Blocks":0,"Local Hit Blocks":0,"Local Read Blocks":0,"Local Dirtied Blocks":0,"Local Written Blocks":0,"Temp Read Blocks":4157,"Temp Written Blocks":7564,"I/O Read Time":0.0,"I/O Write Time":0.0,"Temp I/O Read Time":6.439,"Temp I/O Write Time":24.602,"Plans":[{"Node Type":"Hash Join","Parent Relationship":"Outer","Parallel Aware":false,"Async Capable":false,"Join Type":"Inner","Startup Cost":432051.99,"Total Cost":965910.34,"Plan Rows":991,"Plan Width":35,"Actual Startup Time":4381.588,"Actual Total Time":4757.556,"Actual Rows":3036,"Actual Loops":1,"Output":["item.i_id","item.i_name","stock.s_i_id","stock.s_w_id"],"Inner Unique":true,"Hash Cond":"((item.i_id = stock_1.s_i_id) AND (stock.s_quantity = (min(stock_1.s_quantity))))","Shared Hit Blocks":1367,"Shared Read Blocks":0,"Shared Dirtied Blocks":0,"Shared Written Blocks":0,"Local Hit Blocks":0,"Local Read Blocks":0,"Local Dirtied Blocks":0,"Local Written Blocks":0,"Temp Read Blocks":4157,"Temp Written Blocks":7564,"I/O Read Time":0.0,"I/O Write Time":0.0,"Temp I/O Read Time":6.439,"Temp I/O Write Time":24.602,"Plans":[{"Node Type":"Hash Join","Parent Relationship":"Outer","Parallel Aware":false,"Async Capable":false,"Join Type":"Inner","Startup Cost":2660.25,"Total Cost":535458.08,"Plan Rows":202003,"Plan Width":37,"Actual Startup Time":16.111,"Actual Total Time":367.233,"Actual Rows":157200,"Actual Loops":1,"Output":["item.i_id","item.i_name","stock.s_i_id","stock.s_w_id","stock.s_quantity"],"Inner Unique":true,"Hash Cond":"(stock.s_i_id = item.i_id)","Shared Hit Blocks":1365,"Shared Read Blocks":0,"Shared Dirtied Blocks":0,"Shared Written Blocks":0,"Local Hit Blocks":0,"Local Read Blocks":0,"Local Dirtied Blocks":0,"Local Written Blocks":0,"Temp Read Blocks":0,"Temp Written Blocks":0,"I/O Read Time":0.0,"I/O Write Time":0.0,"Temp I/O Read Time":0.0,"Temp I/O Write Time":0.0,"Plans":[{"Node Type":"Append","Parent Relationship":"Outer","Parallel Aware":false,"Async Capable":false,"Startup Cost":20.0,"Total Cost":506566.29,"Plan Rows":10000162,"Plan Width":8,"Actual Startup Time":1.199,"Actual Total Time":322.258,"Actual Rows":157200,"Actual Loops":1,"Shared Hit Blocks":0,"Shared Read Blocks":0,"Shared Dirtied Blocks":0,"Shared Written Blocks":0,"Local Hit Blocks":0,"Local Read Blocks":0,"Local Dirtied Blocks":0,"Local Written Blocks":0,"Temp Read Blocks":0,"Temp Written Blocks":0,"I/O Read Time":0.0,"I/O Write Time":0.0,"Temp I/O Read Time":0.0,"Temp I/O Write Time":0.0,"Subplans Removed":0,"Plans":[{"Node Type":"Custom Scan","Parent Relationship":"Member","Custom Plan Provider":"columnar scan","Parallel Aware":false,"Async Capable":false,"Relation Name":"stock","Schema":"public","Alias":"stock","Startup Cost":20.0,"Total Cost":215020.05,"Plan Rows":10000000,"Plan Width":8,"Actual Startup Time":1.197,"Actual Total Time":311.293,"Actual Rows":157200,"Actual Loops":1,"Output":["stock.s_i_id","stock.s_w_id","stock.s_quantity"],"Rows Removed by Columnar Filter":9842800,"Rows Filtered by Bloom Filter":0,"Dictionary Rows Filtered by Bloom Filter":9842800,"Columnar cache search mode":"native","Shared Hit Blocks":0,"Shared Read Blocks":0,"Shared Dirtied Blocks":0,"Shared Written Blocks":0,"Local Hit Blocks":0,"Local Read Blocks":0,"Local Dirtied Blocks":0,"Local Written Blocks":0,"Temp Read Blocks":0,"Temp Written Blocks":0,"I/O Read Time":0.0,"I/O Write Time":0.0,"Temp I/O Read Time":0.0,"Temp I/O Write Time":0.0},{"Node Type":"Seq Scan","Parent Relationship":"Member","Parallel Aware":false,"Async Capable":false,"Relation Name":"stock","Schema":"public","Alias":"stock","Startup Cost":0.0,"Total Cost":5.62,"Plan Rows":162,"Plan Width":8,"Actual Startup Time":0.0,"Actual Total Time":0.0,"Actual Rows":0,"Actual Loops":0,"Output":["stock.s_i_id","stock.s_w_id","stock.s_quantity"],"Shared Hit Blocks":0,"Shared Read Blocks":0,"Shared Dirtied Blocks":0,"Shared Written Blocks":0,"Local Hit Blocks":0,"Local Read Blocks":0,"Local Dirtied Blocks":0,"Local Written Blocks":0,"Temp Read Blocks":0,"Temp Written Blocks":0,"I/O Read Time":0.0,"I/O Write Time":0.0,"Temp I/O Read Time":0.0,"Temp I/O Write Time":0.0}]},{"Node Type":"Hash","Parent Relationship":"Inner","Parallel Aware":false,"Async Capable":false,"Startup Cost":2615.0,"Total Cost":2615.0,"Plan Rows":2020,"Plan Width":29,"Actual Startup Time":14.585,"Actual Total Time":14.587,"Actual Rows":1572,"Actual Loops":1,"Output":["item.i_id","item.i_name"],"Hash Buckets":2048,"Original Hash Buckets":2048,"Hash Batches":1,"Original Hash Batches":1,"Peak Memory Usage":110,"Shared Hit Blocks":1365,"Shared Read Blocks":0,"Shared Dirtied Blocks":0,"Shared Written Blocks":0,"Local Hit Blocks":0,"Local Read Blocks":0,"Local Dirtied Blocks":0,"Local Written Blocks":0,"Temp Read Blocks":0,"Temp Written Blocks":0,"I/O Read Time":0.0,"I/O Write Time":0.0,"Temp I/O Read Time":0.0,"Temp I/O Write Time":0.0,"Plans":[{"Node Type":"Seq Scan","Parent Relationship":"Outer","Parallel Aware":false,"Async Capable":false,"Relation Name":"item","Schema":"public","Alias":"item","Startup Cost":0.0,"Total Cost":2615.0,"Plan Rows":2020,"Plan Width":29,"Actual Startup Time":0.012,"Actual Total Time":14.093,"Actual Rows":1572,"Actual Loops":1,"Output":["item.i_id","item.i_name"],"Filter":"((item.i_data)::text ~~ '%b'::text)","Rows Removed by Filter":98428,"Shared Hit Blocks":1365,"Shared Read Blocks":0,"Shared Dirtied Blocks":0,"Shared Written Blocks":0,"Local Hit Blocks":0,"Local Read Blocks":0,"Local Dirtied Blocks":0,"Local Written Blocks":0,"Temp Read Blocks":0,"Temp Written Blocks":0,"I/O Read Time":0.0,"I/O Write Time":0.0,"Temp I/O Read Time":0.0,"Temp I/O Write Time":0.0}]}]},{"Node Type":"Hash","Parent Relationship":"Inner","Parallel Aware":false,"Async Capable":false,"Startup Cost":427920.17,"Total Cost":427920.17,"Plan Rows":98105,"Plan Width":6,"Actual Startup Time":4365.075,"Actual Total Time":4365.087,"Actual Rows":100000,"Actual Loops":1,"Output":["stock_1.s_i_id","(min(stock_1.s_quantity))"],"Hash Buckets":131072,"Original Hash Buckets":131072,"Hash Batches":1,"Original Hash Batches":1,"Peak Memory Usage":4735,"Shared Hit Blocks":2,"Shared Read Blocks":0,"Shared Dirtied Blocks":0,"Shared Written Blocks":0,"Local Hit Blocks":0,"Local Read Blocks":0,"Local Dirtied Blocks":0,"Local Written Blocks":0,"Temp Read Blocks":4157,"Temp Written Blocks":7564,"I/O Read Time":0.0,"I/O Write Time":0.0,"Temp I/O Read Time":6.439,"Temp I/O Write Time":24.602,"Plans":[{"Node Type":"Aggregate","Strategy":"Hashed","Partial Mode":"Simple","Parent Relationship":"Outer","Parallel Aware":false,"Async Capable":false,"Startup Cost":410332.82,"Total Cost":426939.12,"Plan Rows":98105,"Plan Width":6,"Actual Startup Time":4176.29,"Actual Total Time":4349.055,"Actual Rows":100000,"Actual Loops":1,"Output":["stock_1.s_i_id","min(stock_1.s_quantity)"],"Group Key":["stock_1.s_i_id"],"Planned Partitions":0,"HashAgg Batches":5,"Peak Memory Usage":8241,"Disk Usage":35680,"Shared Hit Blocks":2,"Shared Read Blocks":0,"Shared Dirtied Blocks":0,"Shared Written Blocks":0,"Local Hit Blocks":0,"Local Read Blocks":0,"Local Dirtied Blocks":0,"Local Written Blocks":0,"Temp Read Blocks":4157,"Temp Written Blocks":7564,"I/O Read Time":0.0,"I/O Write Time":0.0,"Temp I/O Read Time":6.439,"Temp I/O Write Time":24.602,"Plans":[{"Node Type":"Hash Join","Parent Relationship":"Outer","Parallel Aware":false,"Async Capable":false,"Join Type":"Inner","Startup Cost":324.02,"Total Cost":297831.02,"Plan Rows":2000032,"Plan Width":6,"Actual Startup Time":2.183,"Actual Total Time":3529.211,"Actual Rows":3474600,"Actual Loops":1,"Output":["stock_1.s_i_id","stock_1.s_quantity"],"Inner Unique":false,"Hash Cond":"(mod((stock_1.s_w_id * stock_1.s_i_id), 10000) = supplier_1.su_suppkey)","Shared Hit Blocks":2,"Shared Read Blocks":0,"Shared Dirtied Blocks":0,"Shared Written Blocks":0,"Local Hit Blocks":0,"Local Read Blocks":0,"Local Dirtied Blocks":0,"Local Written Blocks":0,"Temp Read Blocks":0,"Temp Written Blocks":0,"I/O Read Time":0.0,"I/O Write Time":0.0,"Temp I/O Read Time":0.0,"Temp I/O Write Time":0.0,"Plans":[{"Node Type":"Append","Parent Relationship":"Outer","Parallel Aware":false,"Async Capable":false,"Startup Cost":20.0,"Total Cost":215025.67,"Plan Rows":10000162,"Plan Width":8,"Actual Startup Time":0.009,"Actual Total Time":2085.199,"Actual Rows":10000000,"Actual Loops":1,"Shared Hit Blocks":0,"Shared Read Blocks":0,"Shared Dirtied Blocks":0,"Shared Written Blocks":0,"Local Hit Blocks":0,"Local Read Blocks":0,"Local Dirtied Blocks":0,"Local Written Blocks":0,"Temp Read Blocks":0,"Temp Written Blocks":0,"I/O Read Time":0.0,"I/O Write Time":0.0,"Temp I/O Read Time":0.0,"Temp I/O Write Time":0.0,"Subplans Removed":0,"Plans":[{"Node Type":"Custom Scan","Parent Relationship":"Member","Custom Plan Provider":"columnar scan","Parallel Aware":false,"Async Capable":false,"Relation Name":"stock","Schema":"public","Alias":"stock_1","Startup Cost":20.0,"Total Cost":215020.05,"Plan Rows":10000000,"Plan Width":8,"Actual Startup Time":0.008,"Actual Total Time":1390.579,"Actual Rows":10000000,"Actual Loops":1,"Output":["stock_1.s_i_id","stock_1.s_quantity","stock_1.s_w_id"],"Rows Removed by Columnar Filter":0,"Columnar cache search mode":"native","Shared Hit Blocks":0,"Shared Read Blocks":0,"Shared Dirtied Blocks":0,"Shared Written Blocks":0,"Local Hit Blocks":0,"Local Read Blocks":0,"Local Dirtied Blocks":0,"Local Written Blocks":0,"Temp Read Blocks":0,"Temp Written Blocks":0,"I/O Read Time":0.0,"I/O Write Time":0.0,"Temp I/O Read Time":0.0,"Temp I/O Write Time":0.0},{"Node Type":"Seq Scan","Parent Relationship":"Member","Parallel Aware":false,"Async Capable":false,"Relation Name":"stock","Schema":"public","Alias":"stock_1","Startup Cost":0.0,"Total Cost":5.62,"Plan Rows":162,"Plan Width":8,"Actual Startup Time":0.0,"Actual Total Time":0.0,"Actual Rows":0,"Actual Loops":0,"Output":["stock_1.s_i_id","stock_1.s_quantity","stock_1.s_w_id"],"Shared Hit Blocks":0,"Shared Read Blocks":0,"Shared Dirtied Blocks":0,"Shared Written Blocks":0,"Local Hit Blocks":0,"Local Read Blocks":0,"Local Dirtied Blocks":0,"Local Written Blocks":0,"Temp Read Blocks":0,"Temp Written Blocks":0,"I/O Read Time":0.0,"I/O Write Time":0.0,"Temp I/O Read Time":0.0,"Temp I/O Write Time":0.0}]},{"Node Type":"Hash","Parent Relationship":"Inner","Parallel Aware":false,"Async Capable":false,"Startup Cost":279.02,"Total Cost":279.02,"Plan Rows":2000,"Plan Width":4,"Actual Startup Time":2.164,"Actual Total Time":2.174,"Actual Rows":3506,"Actual Loops":1,"Output":["supplier_1.su_suppkey"],"Hash Buckets":4096,"Original Hash Buckets":2048,"Hash Batches":1,"Original Hash Batches":1,"Peak Memory Usage":156,"Shared Hit Blocks":2,"Shared Read Blocks":0,"Shared Dirtied Blocks":0,"Shared Written Blocks":0,"Local Hit Blocks":0,"Local Read Blocks":0,"Local Dirtied Blocks":0,"Local Written Blocks":0,"Temp Read Blocks":0,"Temp Written Blocks":0,"I/O Read Time":0.0,"I/O Write Time":0.0,"Temp I/O Read Time":0.0,"Temp I/O Write Time":0.0,"Plans":[{"Node Type":"Hash Join","Parent Relationship":"Outer","Parallel Aware":false,"Async Capable":false,"Join Type":"Inner","Startup Cost":23.14,"Total Cost":279.02,"Plan Rows":2000,"Plan Width":4,"Actual Startup Time":0.44,"Actual Total Time":1.743,"Actual Rows":3506,"Actual Loops":1,"Output":["supplier_1.su_suppkey"],"Inner Unique":false,"Hash Cond":"(supplier_1.su_nationkey = nation_1.n_nationkey)","Shared Hit Blocks":2,"Shared Read Blocks":0,"Shared Dirtied Blocks":0,"Shared Written Blocks":0,"Local Hit Blocks":0,"Local Read Blocks":0,"Local Dirtied Blocks":0,"Local Written Blocks":0,"Temp Read Blocks":0,"Temp Written Blocks":0,"I/O Read Time":0.0,"I/O Write Time":0.0,"Temp I/O Read Time":0.0,"Temp I/O Write Time":0.0,"Plans":[{"Node Type":"Append","Parent Relationship":"Outer","Parallel Aware":false,"Async Capable":false,"Startup Cost":20.0,"Total Cost":219.01,"Plan Rows":10001,"Plan Width":8,"Actual Startup Time":0.088,"Actual Total Time":0.812,"Actual Rows":3506,"Actual Loops":1,"Shared Hit Blocks":0,"Shared Read Blocks":0,"Shared Dirtied Blocks":0,"Shared Written Blocks":0,"Local Hit Blocks":0,"Local Read Blocks":0,"Local Dirtied Blocks":0,"Local Written Blocks":0,"Temp Read Blocks":0,"Temp Written Blocks":0,"I/O Read Time":0.0,"I/O Write Time":0.0,"Temp I/O Read Time":0.0,"Temp I/O Write Time":0.0,"Subplans Removed":0,"Plans":[{"Node Type":"Custom Scan","Parent Relationship":"Member","Custom Plan Provider":"columnar scan","Parallel Aware":false,"Async Capable":false,"Relation Name":"supplier","Schema":"public","Alias":"supplier_1","Startup Cost":20.0,"Total Cost":215.0,"Plan Rows":10000,"Plan Width":8,"Actual Startup Time":0.087,"Actual Total Time":0.555,"Actual Rows":3506,"Actual Loops":1,"Output":["supplier_1.su_suppkey","supplier_1.su_nationkey"],"Rows Removed by Columnar Filter":6494,"Rows Filtered by Bloom Filter":0,"Dictionary Rows Filtered by Bloom Filter":6494,"Columnar cache search mode":"native","Shared Hit Blocks":0,"Shared Read Blocks":0,"Shared Dirtied Blocks":0,"Shared Written Blocks":0,"Local Hit Blocks":0,"Local Read Blocks":0,"Local Dirtied Blocks":0,"Local Written Blocks":0,"Temp Read Blocks":0,"Temp Written Blocks":0,"I/O Read Time":0.0,"I/O Write Time":0.0,"Temp I/O Read Time":0.0,"Temp I/O Write Time":0.0},{"Node Type":"Seq Scan","Parent Relationship":"Member","Parallel Aware":false,"Async Capable":false,"Relation Name":"supplier","Schema":"public","Alias":"supplier_1","Startup Cost":0.0,"Total Cost":4.01,"Plan Rows":1,"Plan Width":8,"Actual Startup Time":0.0,"Actual Total Time":0.0,"Actual Rows":0,"Actual Loops":0,"Output":["supplier_1.su_suppkey","supplier_1.su_nationkey"],"Shared Hit Blocks":0,"Shared Read Blocks":0,"Shared Dirtied Blocks":0,"Shared Written Blocks":0,"Local Hit Blocks":0,"Local Read Blocks":0,"Local Dirtied Blocks":0,"Local Written Blocks":0,"Temp Read Blocks":0,"Temp Written Blocks":0,"I/O Read Time":0.0,"I/O Write Time":0.0,"Temp I/O Read Time":0.0,"Temp I/O Write Time":0.0}]},{"Node Type":"Hash","Parent Relationship":"Inner","Parallel Aware":false,"Async Capable":false,"Startup Cost":2.99,"Total Cost":2.99,"Plan Rows":12,"Plan Width":4,"Actual Startup Time":0.038,"Actual Total Time":0.044,"Actual Rows":22,"Actual Loops":1,"Output":["nation_1.n_nationkey"],"Hash Buckets":1024,"Original Hash Buckets":1024,"Hash Batches":1,"Original Hash Batches":1,"Peak Memory Usage":9,"Shared Hit Blocks":2,"Shared Read Blocks":0,"Shared Dirtied Blocks":0,"Shared Written Blocks":0,"Local Hit Blocks":0,"Local Read Blocks":0,"Local Dirtied Blocks":0,"Local Written Blocks":0,"Temp Read Blocks":0,"Temp Written Blocks":0,"I/O Read Time":0.0,"I/O Write Time":0.0,"Temp I/O Read Time":0.0,"Temp I/O Write Time":0.0,"Plans":[{"Node Type":"Hash Join","Parent Relationship":"Outer","Parallel Aware":false,"Async Capable":false,"Join Type":"Inner","Startup Cost":1.07,"Total Cost":2.99,"Plan Rows":12,"Plan Width":4,"Actual Startup Time":0.02,"Actual Total Time":0.036,"Actual Rows":22,"Actual Loops":1,"Output":["nation_1.n_nationkey"],"Inner Unique":true,"Hash Cond":"(nation_1.n_regionkey = region_1.r_regionkey)","Shared Hit Blocks":2,"Shared Read Blocks":0,"Shared Dirtied Blocks":0,"Shared Written Blocks":0,"Local Hit Blocks":0,"Local Read Blocks":0,"Local Dirtied Blocks":0,"Local Written Blocks":0,"Temp Read Blocks":0,"Temp Written Blocks":0,"I/O Read Time":0.0,"I/O Write Time":0.0,"Temp I/O Read Time":0.0,"Temp I/O Write Time":0.0,"Plans":[{"Node Type":"Seq Scan","Parent Relationship":"Outer","Parallel Aware":false,"Async Capable":false,"Relation Name":"nation","Schema":"public","Alias":"nation_1","Startup Cost":0.0,"Total Cost":1.62,"Plan Rows":62,"Plan Width":8,"Actual Startup Time":0.005,"Actual Total Time":0.01,"Actual Rows":62,"Actual Loops":1,"Output":["nation_1.n_nationkey","nation_1.n_name","nation_1.n_regionkey","nation_1.n_comment"],"Shared Hit Blocks":1,"Shared Read Blocks":0,"Shared Dirtied Blocks":0,"Shared Written Blocks":0,"Local Hit Blocks":0,"Local Read Blocks":0,"Local Dirtied Blocks":0,"Local Written Blocks":0,"Temp Read Blocks":0,"Temp Written Blocks":0,"I/O Read Time":0.0,"I/O Write Time":0.0,"Temp I/O Read Time":0.0,"Temp I/O Write Time":0.0},{"Node Type":"Hash","Parent Relationship":"Inner","Parallel Aware":false,"Async Capable":false,"Startup Cost":1.06,"Total Cost":1.06,"Plan Rows":1,"Plan Width":4,"Actual Startup Time":0.006,"Actual Total Time":0.007,"Actual Rows":1,"Actual Loops":1,"Output":["region_1.r_regionkey"],"Hash Buckets":1024,"Original Hash Buckets":1024,"Hash Batches":1,"Original Hash Batches":1,"Peak Memory Usage":9,"Shared Hit Blocks":1,"Shared Read Blocks":0,"Shared Dirtied Blocks":0,"Shared Written Blocks":0,"Local Hit Blocks":0,"Local Read Blocks":0,"Local Dirtied Blocks":0,"Local Written Blocks":0,"Temp Read Blocks":0,"Temp Written Blocks":0,"I/O Read Time":0.0,"I/O Write Time":0.0,"Temp I/O Read Time":0.0,"Temp I/O Write Time":0.0,"Plans":[{"Node Type":"Seq Scan","Parent Relationship":"Outer","Parallel Aware":false,"Async Capable":false,"Relation Name":"region","Schema":"public","Alias":"region_1","Startup Cost":0.0,"Total Cost":1.06,"Plan Rows":1,"Plan Width":4,"Actual Startup Time":0.004,"Actual Total Time":0.004,"Actual Rows":1,"Actual Loops":1,"Output":["region_1.r_regionkey"],"Filter":"((region_1.r_name)::text ~~ 'Europ%'::text)","Rows Removed by Filter":4,"Shared Hit Blocks":1,"Shared Read Blocks":0,"Shared Dirtied Blocks":0,"Shared Written Blocks":0,"Local Hit Blocks":0,"Local Read Blocks":0,"Local Dirtied Blocks":0,"Local Written Blocks":0,"Temp Read Blocks":0,"Temp Written Blocks":0,"I/O Read Time":0.0,"I/O Write Time":0.0,"Temp I/O Read Time":0.0,"Temp I/O Write Time":0.0}]}]}]}]}]}]}]}]}]},{"Node Type":"Index Scan","Parent Relationship":"Inner","Parallel Aware":false,"Async Capable":false,"Scan Direction":"Forward","Index Name":"supplier_pk","Relation Name":"supplier","Schema":"public","Alias":"supplier","Startup Cost":0.29,"Total Cost":0.31,"Plan Rows":1,"Plan Width":131,"Actual Startup Time":0.002,"Actual Total Time":0.002,"Actual Rows":1,"Actual Loops":3036,"Output":["supplier.su_suppkey","supplier.su_name","supplier.su_address","supplier.su_nationkey","supplier.su_phone","supplier.su_acctbal","supplier.su_comment"],"Index Cond":"(supplier.su_suppkey = mod((stock.s_w_id * stock.s_i_id), 10000))","Rows Removed by Index Recheck":0,"Shared Hit Blocks":9108,"Shared Read Blocks":0,"Shared Dirtied Blocks":0,"Shared Written Blocks":0,"Local Hit Blocks":0,"Local Read Blocks":0,"Local Dirtied Blocks":0,"Local Written Blocks":0,"Temp Read Blocks":0,"Temp Written Blocks":0,"I/O Read Time":0.0,"I/O Write Time":0.0,"Temp I/O Read Time":0.0,"Temp I/O Write Time":0.0}]},{"Node Type":"Hash","Parent Relationship":"Inner","Parallel Aware":false,"Async Capable":false,"Startup Cost":2.99,"Total Cost":2.99,"Plan Rows":12,"Plan Width":12,"Actual Startup Time":0.046,"Actual Total Time":0.049,"Actual Rows":22,"Actual Loops":1,"Output":["nation.n_name","nation.n_nationkey"],"Hash Buckets":1024,"Original Hash Buckets":1024,"Hash Batches":1,"Original Hash Batches":1,"Peak Memory Usage":9,"Shared Hit Blocks":2,"Shared Read Blocks":0,"Shared Dirtied Blocks":0,"Shared Written Blocks":0,"Local Hit Blocks":0,"Local Read Blocks":0,"Local Dirtied Blocks":0,"Local Written Blocks":0,"Temp Read Blocks":0,"Temp Written Blocks":0,"I/O Read Time":0.0,"I/O Write Time":0.0,"Temp I/O Read Time":0.0,"Temp I/O Write Time":0.0,"Plans":[{"Node Type":"Hash Join","Parent Relationship":"Outer","Parallel Aware":false,"Async Capable":false,"Join Type":"Inner","Startup Cost":1.07,"Total Cost":2.99,"Plan Rows":12,"Plan Width":12,"Actual Startup Time":0.028,"Actual Total Time":0.044,"Actual Rows":22,"Actual Loops":1,"Output":["nation.n_name","nation.n_nationkey"],"Inner Unique":true,"Hash Cond":"(nation.n_regionkey = region.r_regionkey)","Shared Hit Blocks":2,"Shared Read Blocks":0,"Shared Dirtied Blocks":0,"Shared Written Blocks":0,"Local Hit Blocks":0,"Local Read Blocks":0,"Local Dirtied Blocks":0,"Local Written Blocks":0,"Temp Read Blocks":0,"Temp Written Blocks":0,"I/O Read Time":0.0,"I/O Write Time":0.0,"Temp I/O Read Time":0.0,"Temp I/O Write Time":0.0,"Plans":[{"Node Type":"Seq Scan","Parent Relationship":"Outer","Parallel Aware":false,"Async Capable":false,"Relation Name":"nation","Schema":"public","Alias":"nation","Startup Cost":0.0,"Total Cost":1.62,"Plan Rows":62,"Plan Width":16,"Actual Startup Time":0.008,"Actual Total Time":0.012,"Actual Rows":62,"Actual Loops":1,"Output":["nation.n_nationkey","nation.n_name","nation.n_regionkey","nation.n_comment"],"Shared Hit Blocks":1,"Shared Read Blocks":0,"Shared Dirtied Blocks":0,"Shared Written Blocks":0,"Local Hit Blocks":0,"Local Read Blocks":0,"Local Dirtied Blocks":0,"Local Written Blocks":0,"Temp Read Blocks":0,"Temp Written Blocks":0,"I/O Read Time":0.0,"I/O Write Time":0.0,"Temp I/O Read Time":0.0,"Temp I/O Write Time":0.0},{"Node Type":"Hash","Parent Relationship":"Inner","Parallel Aware":false,"Async Capable":false,"Startup Cost":1.06,"Total Cost":1.06,"Plan Rows":1,"Plan Width":4,"Actual Startup Time":0.011,"Actual Total Time":0.013,"Actual Rows":1,"Actual Loops":1,"Output":["region.r_regionkey"],"Hash Buckets":1024,"Original Hash Buckets":1024,"Hash Batches":1,"Original Hash Batches":1,"Peak Memory Usage":9,"Shared Hit Blocks":1,"Shared Read Blocks":0,"Shared Dirtied Blocks":0,"Shared Written Blocks":0,"Local Hit Blocks":0,"Local Read Blocks":0,"Local Dirtied Blocks":0,"Local Written Blocks":0,"Temp Read Blocks":0,"Temp Written Blocks":0,"I/O Read Time":0.0,"I/O Write Time":0.0,"Temp I/O Read Time":0.0,"Temp I/O Write Time":0.0,"Plans":[{"Node Type":"Seq Scan","Parent Relationship":"Outer","Parallel Aware":false,"Async Capable":false,"Relation Name":"region","Schema":"public","Alias":"region","Startup Cost":0.0,"Total Cost":1.06,"Plan Rows":1,"Plan Width":4,"Actual Startup Time":0.007,"Actual Total Time":0.007,"Actual Rows":1,"Actual Loops":1,"Output":["region.r_regionkey"],"Filter":"((region.r_name)::text ~~ 'Europ%'::text)","Rows Removed by Filter":4,"Shared Hit Blocks":1,"Shared Read Blocks":0,"Shared Dirtied Blocks":0,"Shared Written Blocks":0,"Local Hit Blocks":0,"Local Read Blocks":0,"Local Dirtied Blocks":0,"Local Written Blocks":0,"Temp Read Blocks":0,"Temp Written Blocks":0,"I/O Read Time":0.0,"I/O Write Time":0.0,"Temp I/O Read Time":0.0,"Temp I/O Write Time":0.0}]}]}]}]}]},"Planning":{"Shared Hit Blocks":36,"Shared Read Blocks":0,"Shared Dirtied Blocks":0,"Shared Written Blocks":0,"Local Hit Blocks":0,"Local Read Blocks":0,"Local Dirtied Blocks":0,"Local Written Blocks":0,"Temp Read Blocks":0,"Temp Written Blocks":0,"I/O Read Time":0.0,"I/O Write Time":0.0,"Temp I/O Read Time":0.0,"Temp I/O Write Time":0.0},"Planning Time":1.706,"Triggers":[],"Execution Time":4778.966}]
[列存组合]: item, nation, region
[{"Plan":{"Node Type":"Sort","Parallel Aware":false,"Async Capable":false,"Startup Cost":1276785.93,"Total Cost":1276786.42,"Plan Rows":198,"Plan Width":164,"Actual Startup Time":6443.733,"Actual Total Time":6443.839,"Actual Rows":1900,"Actual Loops":1,"Output":["supplier.su_suppkey","supplier.su_name","nation.n_name","item.i_id","item.i_name","supplier.su_address","supplier.su_phone","supplier.su_comment"],"Sort Key":["nation.n_name","supplier.su_name","item.i_id"],"Sort Method":"quicksort","Sort Space Used":439,"Sort Space Type":"Memory","Shared Hit Blocks":842721,"Shared Read Blocks":0,"Shared Dirtied Blocks":0,"Shared Written Blocks":0,"Local Hit Blocks":0,"Local Read Blocks":0,"Local Dirtied Blocks":0,"Local Written Blocks":0,"Temp Read Blocks":4157,"Temp Written Blocks":7564,"I/O Read Time":0.0,"I/O Write Time":0.0,"Temp I/O Read Time":7.437,"Temp I/O Write Time":28.003,"Plans":[{"Node Type":"Hash Join","Parent Relationship":"Outer","Parallel Aware":false,"Async Capable":false,"Join Type":"Inner","Startup Cost":732458.52,"Total Cost":1276778.37,"Plan Rows":198,"Plan Width":164,"Actual Startup Time":4113.797,"Actual Total Time":6439.482,"Actual Rows":1900,"Actual Loops":1,"Output":["supplier.su_suppkey","supplier.su_name","nation.n_name","item.i_id","item.i_name","supplier.su_address","supplier.su_phone","supplier.su_comment"],"Inner Unique":false,"Hash Cond":"(supplier.su_nationkey = nation.n_nationkey)","Shared Hit Blocks":842721,"Shared Read Blocks":0,"Shared Dirtied Blocks":0,"Shared Written Blocks":0,"Local Hit Blocks":0,"Local Read Blocks":0,"Local Dirtied Blocks":0,"Local Written Blocks":0,"Temp Read Blocks":4157,"Temp Written Blocks":7564,"I/O Read Time":0.0,"I/O Write Time":0.0,"Temp I/O Read Time":7.437,"Temp I/O Write Time":28.003,"Plans":[{"Node Type":"Nested Loop","Parent Relationship":"Outer","Parallel Aware":false,"Async Capable":false,"Join Type":"Inner","Startup Cost":732455.38,"Total Cost":1276769.6,"Plan Rows":991,"Plan Width":160,"Actual Startup Time":4113.741,"Actual Total Time":6438.445,"Actual Rows":3036,"Actual Loops":1,"Output":["item.i_id","item.i_name","supplier.su_suppkey","supplier.su_name","supplier.su_address","supplier.su_phone","supplier.su_comment","supplier.su_nationkey"],"Inner Unique":true,"Shared Hit Blocks":842719,"Shared Read Blocks":0,"Shared Dirtied Blocks":0,"Shared Written Blocks":0,"Local Hit Blocks":0,"Local Read Blocks":0,"Local Dirtied Blocks":0,"Local Written Blocks":0,"Temp Read Blocks":4157,"Temp Written Blocks":7564,"I/O Read Time":0.0,"I/O Write Time":0.0,"Temp I/O Read Time":7.437,"Temp I/O Write Time":28.003,"Plans":[{"Node Type":"Hash Join","Parent Relationship":"Outer","Parallel Aware":false,"Async Capable":false,"Join Type":"Inner","Startup Cost":732455.09,"Total Cost":1276464.76,"Plan Rows":991,"Plan Width":35,"Actual Startup Time":4113.7,"Actual Total Time":6428.495,"Actual Rows":3036,"Actual Loops":1,"Output":["item.i_id","item.i_name","stock.s_i_id","stock.s_w_id"],"Inner Unique":true,"Hash Cond":"((item.i_id = stock_1.s_i_id) AND (stock.s_quantity = (min(stock_1.s_quantity))))","Shared Hit Blocks":833611,"Shared Read Blocks":0,"Shared Dirtied Blocks":0,"Shared Written Blocks":0,"Local Hit Blocks":0,"Local Read Blocks":0,"Local Dirtied Blocks":0,"Local Written Blocks":0,"Temp Read Blocks":4157,"Temp Written Blocks":7564,"I/O Read Time":0.0,"I/O Write Time":0.0,"Temp I/O Read Time":7.437,"Temp I/O Write Time":28.003,"Plans":[{"Node Type":"Hash Join","Parent Relationship":"Outer","Parallel Aware":false,"Async Capable":false,"Join Type":"Inner","Startup Cost":1293.42,"Total Cost":544242.58,"Plan Rows":202003,"Plan Width":37,"Actual Startup Time":8.481,"Actual Total Time":2283.685,"Actual Rows":157200,"Actual Loops":1,"Output":["item.i_id","item.i_name","stock.s_i_id","stock.s_w_id","stock.s_quantity"],"Inner Unique":true,"Hash Cond":"(stock.s_i_id = item.i_id)","Shared Hit Blocks":416696,"Shared Read Blocks":0,"Shared Dirtied Blocks":0,"Shared Written Blocks":0,"Local Hit Blocks":0,"Local Read Blocks":0,"Local Dirtied Blocks":0,"Local Written Blocks":0,"Temp Read Blocks":0,"Temp Written Blocks":0,"I/O Read Time":0.0,"I/O Write Time":0.0,"Temp I/O Read Time":0.0,"Temp I/O Write Time":0.0,"Plans":[{"Node Type":"Seq Scan","Parent Relationship":"Outer","Parallel Aware":false,"Async Capable":false,"Relation Name":"stock","Schema":"public","Alias":"stock","Startup Cost":0.0,"Total Cost":516697.62,"Plan Rows":10000162,"Plan Width":8,"Actual Startup Time":0.005,"Actual Total Time":943.913,"Actual Rows":10000000,"Actual Loops":1,"Output":["stock.s_i_id","stock.s_w_id","stock.s_quantity","stock.s_dist_01","stock.s_dist_02","stock.s_dist_03","stock.s_dist_04","stock.s_dist_05","stock.s_dist_06","stock.s_dist_07","stock.s_dist_08","stock.s_dist_09","stock.s_dist_10","stock.s_ytd","stock.s_order_cnt","stock.s_remote_cnt","stock.s_data"],"Shared Hit Blocks":416696,"Shared Read Blocks":0,"Shared Dirtied Blocks":0,"Shared Written Blocks":0,"Local Hit Blocks":0,"Local Read Blocks":0,"Local Dirtied Blocks":0,"Local Written Blocks":0,"Temp Read Blocks":0,"Temp Written Blocks":0,"I/O Read Time":0.0,"I/O Write Time":0.0,"Temp I/O Read Time":0.0,"Temp I/O Write Time":0.0},{"Node Type":"Hash","Parent Relationship":"Inner","Parallel Aware":false,"Async Capable":false,"Startup Cost":1268.16,"Total Cost":1268.16,"Plan Rows":2021,"Plan Width":29,"Actual Startup Time":8.456,"Actual Total Time":8.461,"Actual Rows":1572,"Actual Loops":1,"Output":["item.i_id","item.i_name"],"Hash Buckets":2048,"Original Hash Buckets":2048,"Hash Batches":1,"Original Hash Batches":1,"Peak Memory Usage":110,"Shared Hit Blocks":0,"Shared Read Blocks":0,"Shared Dirtied Blocks":0,"Shared Written Blocks":0,"Local Hit Blocks":0,"Local Read Blocks":0,"Local Dirtied Blocks":0,"Local Written Blocks":0,"Temp Read Blocks":0,"Temp Written Blocks":0,"I/O Read Time":0.0,"I/O Write Time":0.0,"Temp I/O Read Time":0.0,"Temp I/O Write Time":0.0,"Plans":[{"Node Type":"Append","Parent Relationship":"Outer","Parallel Aware":false,"Async Capable":false,"Startup Cost":20.0,"Total Cost":1268.16,"Plan Rows":2021,"Plan Width":29,"Actual Startup Time":7.276,"Actual Total Time":8.034,"Actual Rows":1572,"Actual Loops":1,"Shared Hit Blocks":0,"Shared Read Blocks":0,"Shared Dirtied Blocks":0,"Shared Written Blocks":0,"Local Hit Blocks":0,"Local Read Blocks":0,"Local Dirtied Blocks":0,"Local Written Blocks":0,"Temp Read Blocks":0,"Temp Written Blocks":0,"I/O Read Time":0.0,"I/O Write Time":0.0,"Temp I/O Read Time":0.0,"Temp I/O Write Time":0.0,"Subplans Removed":0,"Plans":[{"Node Type":"Custom Scan","Parent Relationship":"Member","Custom Plan Provider":"columnar scan","Parallel Aware":false,"Async Capable":false,"Relation Name":"item","Schema":"public","Alias":"item","Startup Cost":20.0,"Total Cost":59.4,"Plan Rows":2020,"Plan Width":29,"Actual Startup Time":7.274,"Actual Total Time":7.915,"Actual Rows":1572,"Actual Loops":1,"Output":["item.i_id","item.i_name"],"Filter":"((item.i_data)::text ~~ '%b'::text)","Rows Removed by Filter":0,"Rows Removed by Columnar Filter":98428,"Columnar cache search mode":"native","Shared Hit Blocks":0,"Shared Read Blocks":0,"Shared Dirtied Blocks":0,"Shared Written Blocks":0,"Local Hit Blocks":0,"Local Read Blocks":0,"Local Dirtied Blocks":0,"Local Written Blocks":0,"Temp Read Blocks":0,"Temp Written Blocks":0,"I/O Read Time":0.0,"I/O Write Time":0.0,"Temp I/O Read Time":0.0,"Temp I/O Write Time":0.0},{"Node Type":"Seq Scan","Parent Relationship":"Member","Parallel Aware":false,"Async Capable":false,"Relation Name":"item","Schema":"public","Alias":"item","Startup Cost":0.0,"Total Cost":4.01,"Plan Rows":1,"Plan Width":29,"Actual Startup Time":0.0,"Actual Total Time":0.0,"Actual Rows":0,"Actual Loops":0,"Output":["item.i_id","item.i_name"],"Filter":"((item.i_data)::text ~~ '%b'::text)","Rows Removed by Filter":0,"Shared Hit Blocks":0,"Shared Read Blocks":0,"Shared Dirtied Blocks":0,"Shared Written Blocks":0,"Local Hit Blocks":0,"Local Read Blocks":0,"Local Dirtied Blocks":0,"Local Written Blocks":0,"Temp Read Blocks":0,"Temp Written Blocks":0,"I/O Read Time":0.0,"I/O Write Time":0.0,"Temp I/O Read Time":0.0,"Temp I/O Write Time":0.0}]}]}]},{"Node Type":"Hash","Parent Relationship":"Inner","Parallel Aware":false,"Async Capable":false,"Startup Cost":729690.09,"Total Cost":729690.09,"Plan Rows":98105,"Plan Width":6,"Actual Startup Time":4104.366,"Actual Total Time":4104.384,"Actual Rows":100000,"Actual Loops":1,"Output":["stock_1.s_i_id","(min(stock_1.s_quantity))"],"Hash Buckets":131072,"Original Hash Buckets":131072,"Hash Batches":1,"Original Hash Batches":1,"Peak Memory Usage":4735,"Shared Hit Blocks":416915,"Shared Read Blocks":0,"Shared Dirtied Blocks":0,"Shared Written Blocks":0,"Local Hit Blocks":0,"Local Read Blocks":0,"Local Dirtied Blocks":0,"Local Written Blocks":0,"Temp Read Blocks":4157,"Temp Written Blocks":7564,"I/O Read Time":0.0,"I/O Write Time":0.0,"Temp I/O Read Time":7.437,"Temp I/O Write Time":28.003,"Plans":[{"Node Type":"Aggregate","Strategy":"Hashed","Partial Mode":"Simple","Parent Relationship":"Outer","Parallel Aware":false,"Async Capable":false,"Startup Cost":712102.74,"Total Cost":728709.04,"Plan Rows":98105,"Plan Width":6,"Actual Startup Time":3916.231,"Actual Total Time":4088.512,"Actual Rows":100000,"Actual Loops":1,"Output":["stock_1.s_i_id","min(stock_1.s_quantity)"],"Group Key":["stock_1.s_i_id"],"Planned Partitions":0,"HashAgg Batches":5,"Peak Memory Usage":8241,"Disk Usage":35680,"Shared Hit Blocks":416915,"Shared Read Blocks":0,"Shared Dirtied Blocks":0,"Shared Written Blocks":0,"Local Hit Blocks":0,"Local Read Blocks":0,"Local Dirtied Blocks":0,"Local Written Blocks":0,"Temp Read Blocks":4157,"Temp Written Blocks":7564,"I/O Read Time":0.0,"I/O Write Time":0.0,"Temp I/O Read Time":7.437,"Temp I/O Write Time":28.003,"Plans":[{"Node Type":"Hash Join","Parent Relationship":"Outer","Parallel Aware":false,"Async Capable":false,"Join Type":"Inner","Startup Cost":401.99,"Total Cost":599600.94,"Plan Rows":2000032,"Plan Width":6,"Actual Startup Time":2.554,"Actual Total Time":3227.191,"Actual Rows":3474600,"Actual Loops":1,"Output":["stock_1.s_i_id","stock_1.s_quantity"],"Inner Unique":false,"Hash Cond":"(mod((stock_1.s_w_id * stock_1.s_i_id), 10000) = supplier_1.su_suppkey)","Shared Hit Blocks":416915,"Shared Read Blocks":0,"Shared Dirtied Blocks":0,"Shared Written Blocks":0,"Local Hit Blocks":0,"Local Read Blocks":0,"Local Dirtied Blocks":0,"Local Written Blocks":0,"Temp Read Blocks":0,"Temp Written Blocks":0,"I/O Read Time":0.0,"I/O Write Time":0.0,"Temp I/O Read Time":0.0,"Temp I/O Write Time":0.0,"Plans":[{"Node Type":"Seq Scan","Parent Relationship":"Outer","Parallel Aware":false,"Async Capable":false,"Relation Name":"stock","Schema":"public","Alias":"stock_1","Startup Cost":0.0,"Total Cost":516697.62,"Plan Rows":10000162,"Plan Width":8,"Actual Startup Time":0.004,"Actual Total Time":1028.676,"Actual Rows":10000000,"Actual Loops":1,"Output":["stock_1.s_i_id","stock_1.s_w_id","stock_1.s_quantity","stock_1.s_dist_01","stock_1.s_dist_02","stock_1.s_dist_03","stock_1.s_dist_04","stock_1.s_dist_05","stock_1.s_dist_06","stock_1.s_dist_07","stock_1.s_dist_08","stock_1.s_dist_09","stock_1.s_dist_10","stock_1.s_ytd","stock_1.s_order_cnt","stock_1.s_remote_cnt","stock_1.s_data"],"Shared Hit Blocks":416696,"Shared Read Blocks":0,"Shared Dirtied Blocks":0,"Shared Written Blocks":0,"Local Hit Blocks":0,"Local Read Blocks":0,"Local Dirtied Blocks":0,"Local Written Blocks":0,"Temp Read Blocks":0,"Temp Written Blocks":0,"I/O Read Time":0.0,"I/O Write Time":0.0,"Temp I/O Read Time":0.0,"Temp I/O Write Time":0.0},{"Node Type":"Hash","Parent Relationship":"Inner","Parallel Aware":false,"Async Capable":false,"Startup Cost":376.99,"Total Cost":376.99,"Plan Rows":2000,"Plan Width":4,"Actual Startup Time":2.545,"Actual Total Time":2.557,"Actual Rows":3506,"Actual Loops":1,"Output":["supplier_1.su_suppkey"],"Hash Buckets":4096,"Original Hash Buckets":2048,"Hash Batches":1,"Original Hash Batches":1,"Peak Memory Usage":156,"Shared Hit Blocks":219,"Shared Read Blocks":0,"Shared Dirtied Blocks":0,"Shared Written Blocks":0,"Local Hit Blocks":0,"Local Read Blocks":0,"Local Dirtied Blocks":0,"Local Written Blocks":0,"Temp Read Blocks":0,"Temp Written Blocks":0,"I/O Read Time":0.0,"I/O Write Time":0.0,"Temp I/O Read Time":0.0,"Temp I/O Write Time":0.0,"Plans":[{"Node Type":"Hash Join","Parent Relationship":"Outer","Parallel Aware":false,"Async Capable":false,"Join Type":"Inner","Startup Cost":3.14,"Total Cost":376.99,"Plan Rows":2000,"Plan Width":4,"Actual Startup Time":0.038,"Actual Total Time":2.166,"Actual Rows":3506,"Actual Loops":1,"Output":["supplier_1.su_suppkey"],"Inner Unique":false,"Hash Cond":"(supplier_1.su_nationkey = nation_1.n_nationkey)","Shared Hit Blocks":219,"Shared Read Blocks":0,"Shared Dirtied Blocks":0,"Shared Written Blocks":0,"Local Hit Blocks":0,"Local Read Blocks":0,"Local Dirtied Blocks":0,"Local Written Blocks":0,"Temp Read Blocks":0,"Temp Written Blocks":0,"I/O Read Time":0.0,"I/O Write Time":0.0,"Temp I/O Read Time":0.0,"Temp I/O Write Time":0.0,"Plans":[{"Node Type":"Seq Scan","Parent Relationship":"Outer","Parallel Aware":false,"Async Capable":false,"Relation Name":"supplier","Schema":"public","Alias":"supplier_1","Startup Cost":0.0,"Total Cost":317.0,"Plan Rows":10000,"Plan Width":8,"Actual Startup Time":0.005,"Actual Total Time":0.82,"Actual Rows":10000,"Actual Loops":1,"Output":["supplier_1.su_suppkey","supplier_1.su_name","supplier_1.su_address","supplier_1.su_nationkey","supplier_1.su_phone","supplier_1.su_acctbal","supplier_1.su_comment"],"Shared Hit Blocks":217,"Shared Read Blocks":0,"Shared Dirtied Blocks":0,"Shared Written Blocks":0,"Local Hit Blocks":0,"Local Read Blocks":0,"Local Dirtied Blocks":0,"Local Written Blocks":0,"Temp Read Blocks":0,"Temp Written Blocks":0,"I/O Read Time":0.0,"I/O Write Time":0.0,"Temp I/O Read Time":0.0,"Temp I/O Write Time":0.0},{"Node Type":"Hash","Parent Relationship":"Inner","Parallel Aware":false,"Async Capable":false,"Startup Cost":2.99,"Total Cost":2.99,"Plan Rows":12,"Plan Width":4,"Actual Startup Time":0.028,"Actual Total Time":0.037,"Actual Rows":22,"Actual Loops":1,"Output":["nation_1.n_nationkey"],"Hash Buckets":1024,"Original Hash Buckets":1024,"Hash Batches":1,"Original Hash Batches":1,"Peak Memory Usage":9,"Shared Hit Blocks":2,"Shared Read Blocks":0,"Shared Dirtied Blocks":0,"Shared Written Blocks":0,"Local Hit Blocks":0,"Local Read Blocks":0,"Local Dirtied Blocks":0,"Local Written Blocks":0,"Temp Read Blocks":0,"Temp Written Blocks":0,"I/O Read Time":0.0,"I/O Write Time":0.0,"Temp I/O Read Time":0.0,"Temp I/O Write Time":0.0,"Plans":[{"Node Type":"Hash Join","Parent Relationship":"Outer","Parallel Aware":false,"Async Capable":false,"Join Type":"Inner","Startup Cost":1.07,"Total Cost":2.99,"Plan Rows":12,"Plan Width":4,"Actual Startup Time":0.013,"Actual Total Time":0.032,"Actual Rows":22,"Actual Loops":1,"Output":["nation_1.n_nationkey"],"Inner Unique":true,"Hash Cond":"(nation_1.n_regionkey = region_1.r_regionkey)","Shared Hit Blocks":2,"Shared Read Blocks":0,"Shared Dirtied Blocks":0,"Shared Written Blocks":0,"Local Hit Blocks":0,"Local Read Blocks":0,"Local Dirtied Blocks":0,"Local Written Blocks":0,"Temp Read Blocks":0,"Temp Written Blocks":0,"I/O Read Time":0.0,"I/O Write Time":0.0,"Temp I/O Read Time":0.0,"Temp I/O Write Time":0.0,"Plans":[{"Node Type":"Seq Scan","Parent Relationship":"Outer","Parallel Aware":false,"Async Capable":false,"Relation Name":"nation","Schema":"public","Alias":"nation_1","Startup Cost":0.0,"Total Cost":1.62,"Plan Rows":62,"Plan Width":8,"Actual Startup Time":0.003,"Actual Total Time":0.007,"Actual Rows":62,"Actual Loops":1,"Output":["nation_1.n_nationkey","nation_1.n_name","nation_1.n_regionkey","nation_1.n_comment"],"Shared Hit Blocks":1,"Shared Read Blocks":0,"Shared Dirtied Blocks":0,"Shared Written Blocks":0,"Local Hit Blocks":0,"Local Read Blocks":0,"Local Dirtied Blocks":0,"Local Written Blocks":0,"Temp Read Blocks":0,"Temp Written Blocks":0,"I/O Read Time":0.0,"I/O Write Time":0.0,"Temp I/O Read Time":0.0,"Temp I/O Write Time":0.0},{"Node Type":"Hash","Parent Relationship":"Inner","Parallel Aware":false,"Async Capable":false,"Startup Cost":1.06,"Total Cost":1.06,"Plan Rows":1,"Plan Width":4,"Actual Startup Time":0.005,"Actual Total Time":0.008,"Actual Rows":1,"Actual Loops":1,"Output":["region_1.r_regionkey"],"Hash Buckets":1024,"Original Hash Buckets":1024,"Hash Batches":1,"Original Hash Batches":1,"Peak Memory Usage":9,"Shared Hit Blocks":1,"Shared Read Blocks":0,"Shared Dirtied Blocks":0,"Shared Written Blocks":0,"Local Hit Blocks":0,"Local Read Blocks":0,"Local Dirtied Blocks":0,"Local Written Blocks":0,"Temp Read Blocks":0,"Temp Written Blocks":0,"I/O Read Time":0.0,"I/O Write Time":0.0,"Temp I/O Read Time":0.0,"Temp I/O Write Time":0.0,"Plans":[{"Node Type":"Seq Scan","Parent Relationship":"Outer","Parallel Aware":false,"Async Capable":false,"Relation Name":"region","Schema":"public","Alias":"region_1","Startup Cost":0.0,"Total Cost":1.06,"Plan Rows":1,"Plan Width":4,"Actual Startup Time":0.003,"Actual Total Time":0.004,"Actual Rows":1,"Actual Loops":1,"Output":["region_1.r_regionkey"],"Filter":"((region_1.r_name)::text ~~ 'Europ%'::text)","Rows Removed by Filter":4,"Shared Hit Blocks":1,"Shared Read Blocks":0,"Shared Dirtied Blocks":0,"Shared Written Blocks":0,"Local Hit Blocks":0,"Local Read Blocks":0,"Local Dirtied Blocks":0,"Local Written Blocks":0,"Temp Read Blocks":0,"Temp Written Blocks":0,"I/O Read Time":0.0,"I/O Write Time":0.0,"Temp I/O Read Time":0.0,"Temp I/O Write Time":0.0}]}]}]}]}]}]}]}]}]},{"Node Type":"Index Scan","Parent Relationship":"Inner","Parallel Aware":false,"Async Capable":false,"Scan Direction":"Forward","Index Name":"supplier_pk","Relation Name":"supplier","Schema":"public","Alias":"supplier","Startup Cost":0.29,"Total Cost":0.31,"Plan Rows":1,"Plan Width":131,"Actual Startup Time":0.003,"Actual Total Time":0.003,"Actual Rows":1,"Actual Loops":3036,"Output":["supplier.su_suppkey","supplier.su_name","supplier.su_address","supplier.su_nationkey","supplier.su_phone","supplier.su_acctbal","supplier.su_comment"],"Index Cond":"(supplier.su_suppkey = mod((stock.s_w_id * stock.s_i_id), 10000))","Rows Removed by Index Recheck":0,"Shared Hit Blocks":9108,"Shared Read Blocks":0,"Shared Dirtied Blocks":0,"Shared Written Blocks":0,"Local Hit Blocks":0,"Local Read Blocks":0,"Local Dirtied Blocks":0,"Local Written Blocks":0,"Temp Read Blocks":0,"Temp Written Blocks":0,"I/O Read Time":0.0,"I/O Write Time":0.0,"Temp I/O Read Time":0.0,"Temp I/O Write Time":0.0}]},{"Node Type":"Hash","Parent Relationship":"Inner","Parallel Aware":false,"Async Capable":false,"Startup Cost":2.99,"Total Cost":2.99,"Plan Rows":12,"Plan Width":12,"Actual Startup Time":0.041,"Actual Total Time":0.045,"Actual Rows":22,"Actual Loops":1,"Output":["nation.n_name","nation.n_nationkey"],"Hash Buckets":1024,"Original Hash Buckets":1024,"Hash Batches":1,"Original Hash Batches":1,"Peak Memory Usage":9,"Shared Hit Blocks":2,"Shared Read Blocks":0,"Shared Dirtied Blocks":0,"Shared Written Blocks":0,"Local Hit Blocks":0,"Local Read Blocks":0,"Local Dirtied Blocks":0,"Local Written Blocks":0,"Temp Read Blocks":0,"Temp Written Blocks":0,"I/O Read Time":0.0,"I/O Write Time":0.0,"Temp I/O Read Time":0.0,"Temp I/O Write Time":0.0,"Plans":[{"Node Type":"Hash Join","Parent Relationship":"Outer","Parallel Aware":false,"Async Capable":false,"Join Type":"Inner","Startup Cost":1.07,"Total Cost":2.99,"Plan Rows":12,"Plan Width":12,"Actual Startup Time":0.026,"Actual Total Time":0.041,"Actual Rows":22,"Actual Loops":1,"Output":["nation.n_name","nation.n_nationkey"],"Inner Unique":true,"Hash Cond":"(nation.n_regionkey = region.r_regionkey)","Shared Hit Blocks":2,"Shared Read Blocks":0,"Shared Dirtied Blocks":0,"Shared Written Blocks":0,"Local Hit Blocks":0,"Local Read Blocks":0,"Local Dirtied Blocks":0,"Local Written Blocks":0,"Temp Read Blocks":0,"Temp Written Blocks":0,"I/O Read Time":0.0,"I/O Write Time":0.0,"Temp I/O Read Time":0.0,"Temp I/O Write Time":0.0,"Plans":[{"Node Type":"Seq Scan","Parent Relationship":"Outer","Parallel Aware":false,"Async Capable":false,"Relation Name":"nation","Schema":"public","Alias":"nation","Startup Cost":0.0,"Total Cost":1.62,"Plan Rows":62,"Plan Width":16,"Actual Startup Time":0.009,"Actual Total Time":0.013,"Actual Rows":62,"Actual Loops":1,"Output":["nation.n_nationkey","nation.n_name","nation.n_regionkey","nation.n_comment"],"Shared Hit Blocks":1,"Shared Read Blocks":0,"Shared Dirtied Blocks":0,"Shared Written Blocks":0,"Local Hit Blocks":0,"Local Read Blocks":0,"Local Dirtied Blocks":0,"Local Written Blocks":0,"Temp Read Blocks":0,"Temp Written Blocks":0,"I/O Read Time":0.0,"I/O Write Time":0.0,"Temp I/O Read Time":0.0,"Temp I/O Write Time":0.0},{"Node Type":"Hash","Parent Relationship":"Inner","Parallel Aware":false,"Async Capable":false,"Startup Cost":1.06,"Total Cost":1.06,"Plan Rows":1,"Plan Width":4,"Actual Startup Time":0.009,"Actual Total Time":0.011,"Actual Rows":1,"Actual Loops":1,"Output":["region.r_regionkey"],"Hash Buckets":1024,"Original Hash Buckets":1024,"Hash Batches":1,"Original Hash Batches":1,"Peak Memory Usage":9,"Shared Hit Blocks":1,"Shared Read Blocks":0,"Shared Dirtied Blocks":0,"Shared Written Blocks":0,"Local Hit Blocks":0,"Local Read Blocks":0,"Local Dirtied Blocks":0,"Local Written Blocks":0,"Temp Read Blocks":0,"Temp Written Blocks":0,"I/O Read Time":0.0,"I/O Write Time":0.0,"Temp I/O Read Time":0.0,"Temp I/O Write Time":0.0,"Plans":[{"Node Type":"Seq Scan","Parent Relationship":"Outer","Parallel Aware":false,"Async Capable":false,"Relation Name":"region","Schema":"public","Alias":"region","Startup Cost":0.0,"Total Cost":1.06,"Plan Rows":1,"Plan Width":4,"Actual Startup Time":0.006,"Actual Total Time":0.007,"Actual Rows":1,"Actual Loops":1,"Output":["region.r_regionkey"],"Filter":"((region.r_name)::text ~~ 'Europ%'::text)","Rows Removed by Filter":4,"Shared Hit Blocks":1,"Shared Read Blocks":0,"Shared Dirtied Blocks":0,"Shared Written Blocks":0,"Local Hit Blocks":0,"Local Read Blocks":0,"Local Dirtied Blocks":0,"Local Written Blocks":0,"Temp Read Blocks":0,"Temp Written Blocks":0,"I/O Read Time":0.0,"I/O Write Time":0.0,"Temp I/O Read Time":0.0,"Temp I/O Write Time":0.0}]}]}]}]}]},"Planning":{"Shared Hit Blocks":36,"Shared Read Blocks":0,"Shared Dirtied Blocks":0,"Shared Written Blocks":0,"Local Hit Blocks":0,"Local Read Blocks":0,"Local Dirtied Blocks":0,"Local Written Blocks":0,"Temp Read Blocks":0,"Temp Written Blocks":0,"I/O Read Time":0.0,"I/O Write Time":0.0,"Temp I/O Read Time":0.0,"Temp I/O Write Time":0.0},"Planning Time":0.909,"Triggers":[],"Execution Time":6451.527}]
[列存组合]: item, nation, stock
[{"Plan":{"Node Type":"Sort","Parallel Aware":false,"Async Capable":false,"Startup Cost":455187.99,"Total Cost":455188.49,"Plan Rows":198,"Plan Width":164,"Actual Startup Time":4581.678,"Actual Total Time":4581.778,"Actual Rows":1900,"Actual Loops":1,"Output":["supplier.su_suppkey","supplier.su_name","nation.n_name","item.i_id","item.i_name","supplier.su_address","supplier.su_phone","supplier.su_comment"],"Sort Key":["nation.n_name","supplier.su_name","item.i_id"],"Sort Method":"quicksort","Sort Space Used":439,"Sort Space Type":"Memory","Shared Hit Blocks":9329,"Shared Read Blocks":0,"Shared Dirtied Blocks":0,"Shared Written Blocks":0,"Local Hit Blocks":0,"Local Read Blocks":0,"Local Dirtied Blocks":0,"Local Written Blocks":0,"Temp Read Blocks":4157,"Temp Written Blocks":7564,"I/O Read Time":0.0,"I/O Write Time":0.0,"Temp I/O Read Time":6.4,"Temp I/O Write Time":25.811,"Plans":[{"Node Type":"Hash Join","Parent Relationship":"Outer","Parallel Aware":false,"Async Capable":false,"Join Type":"Inner","Startup Cost":429542.1,"Total Cost":455180.44,"Plan Rows":198,"Plan Width":164,"Actual Startup Time":4477.068,"Actual Total Time":4578.259,"Actual Rows":1900,"Actual Loops":1,"Output":["supplier.su_suppkey","supplier.su_name","nation.n_name","item.i_id","item.i_name","supplier.su_address","supplier.su_phone","supplier.su_comment"],"Hash Cond":"(supplier.su_nationkey = nation.n_nationkey)","Shared Hit Blocks":9329,"Shared Read Blocks":0,"Shared Dirtied Blocks":0,"Shared Written Blocks":0,"Local Hit Blocks":0,"Local Read Blocks":0,"Local Dirtied Blocks":0,"Local Written Blocks":0,"Temp Read Blocks":4157,"Temp Written Blocks":7564,"I/O Read Time":0.0,"I/O Write Time":0.0,"Temp I/O Read Time":6.4,"Temp I/O Write Time":25.811,"Plans":[{"Node Type":"Nested Loop","Parent Relationship":"Outer","Parallel Aware":false,"Async Capable":false,"Join Type":"Inner","Startup Cost":429538.96,"Total Cost":455171.66,"Plan Rows":991,"Plan Width":160,"Actual Startup Time":4476.981,"Actual Total Time":4577.597,"Actual Rows":3036,"Actual Loops":1,"Output":["item.i_id","item.i_name","supplier.su_suppkey","supplier.su_name","supplier.su_address","supplier.su_phone","supplier.su_comment","supplier.su_nationkey"],"Shared Hit Blocks":9327,"Shared Read Blocks":0,"Shared Dirtied Blocks":0,"Shared Written Blocks":0,"Local Hit Blocks":0,"Local Read Blocks":0,"Local Dirtied Blocks":0,"Local Written Blocks":0,"Temp Read Blocks":4157,"Temp Written Blocks":7564,"I/O Read Time":0.0,"I/O Write Time":0.0,"Temp I/O Read Time":6.4,"Temp I/O Write Time":25.811,"Plans":[{"Node Type":"Hash Join","Parent Relationship":"Outer","Parallel Aware":false,"Async Capable":false,"Join Type":"Inner","Startup Cost":429538.67,"Total Cost":454866.83,"Plan Rows":991,"Plan Width":35,"Actual Startup Time":4476.929,"Actual Total Time":4571.621,"Actual Rows":3036,"Actual Loops":1,"Output":["item.i_id","item.i_name","stock.s_i_id","stock.s_w_id"],"Hash Cond":"((item.i_id = stock_1.s_i_id) AND (stock.s_quantity = (min(stock_1.s_quantity))))","Shared Hit Blocks":219,"Shared Read Blocks":0,"Shared Dirtied Blocks":0,"Shared Written Blocks":0,"Local Hit Blocks":0,"Local Read Blocks":0,"Local Dirtied Blocks":0,"Local Written Blocks":0,"Temp Read Blocks":4157,"Temp Written Blocks":7564,"I/O Read Time":0.0,"I/O Write Time":0.0,"Temp I/O Read Time":6.4,"Temp I/O Write Time":25.811,"Plans":[{"Node Type":"Hash Join","Parent Relationship":"Outer","Parallel Aware":false,"Async Capable":false,"Join Type":"Inner","Startup Cost":48.95,"Total Cost":24316.6,"Plan Rows":202003,"Plan Width":37,"Actual Startup Time":60.47,"Actual Total Time":133.604,"Actual Rows":157200,"Actual Loops":1,"Output":["item.i_id","item.i_name","stock.s_i_id","stock.s_w_id","stock.s_quantity"],"Hash Cond":"(stock.s_i_id = item.i_id)","Rows Removed by Bloom Filter":21350409,"Shared Hit Blocks":0,"Shared Read Blocks":0,"Shared Dirtied Blocks":0,"Shared Written Blocks":0,"Local Hit Blocks":0,"Local Read Blocks":0,"Local Dirtied Blocks":0,"Local Written Blocks":0,"Temp Read Blocks":0,"Temp Written Blocks":0,"I/O Read Time":0.0,"I/O Write Time":0.0,"Temp I/O Read Time":0.0,"Temp I/O Write Time":0.0,"Plans":[{"Node Type":"Append","Parent Relationship":"Outer","Parallel Aware":false,"Async Capable":false,"Startup Cost":20.0,"Total Cost":215025.67,"Plan Rows":10000162,"Plan Width":8,"Actual Startup Time":0.165,"Actual Total Time":0.171,"Actual Rows":10000000,"Actual Loops":1,"Shared Hit Blocks":0,"Shared Read Blocks":0,"Shared Dirtied Blocks":0,"Shared Written Blocks":0,"Local Hit Blocks":0,"Local Read Blocks":0,"Local Dirtied Blocks":0,"Local Written Blocks":0,"Temp Read Blocks":0,"Temp Written Blocks":0,"I/O Read Time":0.0,"I/O Write Time":0.0,"Temp I/O Read Time":0.0,"Temp I/O Write Time":0.0,"Subplans Removed":0,"Plans":[{"Node Type":"Custom Scan","Parent Relationship":"Member","Custom Plan Provider":"columnar scan","Parallel Aware":false,"Async Capable":false,"Relation Name":"stock","Schema":"public","Alias":"stock","Startup Cost":20.0,"Total Cost":215020.05,"Plan Rows":10000000,"Plan Width":8,"Actual Startup Time":0.165,"Actual Total Time":0.166,"Actual Rows":10000000,"Actual Loops":1,"Output":["stock.s_i_id","stock.s_w_id","stock.s_quantity"],"Rows Removed by Columnar Filter":0,"Columnar cache search mode":"native","Shared Hit Blocks":0,"Shared Read Blocks":0,"Shared Dirtied Blocks":0,"Shared Written Blocks":0,"Local Hit Blocks":0,"Local Read Blocks":0,"Local Dirtied Blocks":0,"Local Written Blocks":0,"Temp Read Blocks":0,"Temp Written Blocks":0,"I/O Read Time":0.0,"I/O Write Time":0.0,"Temp I/O Read Time":0.0,"Temp I/O Write Time":0.0},{"Node Type":"Seq Scan","Parent Relationship":"Member","Parallel Aware":false,"Async Capable":false,"Relation Name":"stock","Schema":"public","Alias":"stock","Startup Cost":0.0,"Total Cost":5.62,"Plan Rows":162,"Plan Width":8,"Actual Startup Time":0.0,"Actual Total Time":0.0,"Actual Rows":0,"Actual Loops":0,"Output":["stock.s_i_id","stock.s_w_id","stock.s_quantity"],"Shared Hit Blocks":0,"Shared Read Blocks":0,"Shared Dirtied Blocks":0,"Shared Written Blocks":0,"Local Hit Blocks":0,"Local Read Blocks":0,"Local Dirtied Blocks":0,"Local Written Blocks":0,"Temp Read Blocks":0,"Temp Written Blocks":0,"I/O Read Time":0.0,"I/O Write Time":0.0,"Temp I/O Read Time":0.0,"Temp I/O Write Time":0.0}]},{"Node Type":"Hash","Parent Relationship":"Inner","Parallel Aware":false,"Async Capable":false,"Startup Cost":63.41,"Total Cost":63.41,"Plan Rows":2021,"Plan Width":29,"Actual Rows":1572,"Actual Loops":1,"Output":["item.i_id","item.i_name"],"Shared Hit Blocks":0,"Shared Read Blocks":0,"Shared Dirtied Blocks":0,"Shared Written Blocks":0,"Local Hit Blocks":0,"Local Read Blocks":0,"Local Dirtied Blocks":0,"Local Written Blocks":0,"Temp Read Blocks":0,"Temp Written Blocks":0,"I/O Read Time":0.0,"I/O Write Time":0.0,"Temp I/O Read Time":0.0,"Temp I/O Write Time":0.0,"Plans":[{"Node Type":"Append","Parent Relationship":"Outer","Parallel Aware":false,"Async Capable":false,"Startup Cost":20.0,"Total Cost":63.41,"Plan Rows":2021,"Plan Width":29,"Actual Startup Time":7.447,"Actual Total Time":7.451,"Actual Rows":1572,"Actual Loops":1,"Shared Hit Blocks":0,"Shared Read Blocks":0,"Shared Dirtied Blocks":0,"Shared Written Blocks":0,"Local Hit Blocks":0,"Local Read Blocks":0,"Local Dirtied Blocks":0,"Local Written Blocks":0,"Temp Read Blocks":0,"Temp Written Blocks":0,"I/O Read Time":0.0,"I/O Write Time":0.0,"Temp I/O Read Time":0.0,"Temp I/O Write Time":0.0,"Subplans Removed":0,"Plans":[{"Node Type":"Custom Scan","Parent Relationship":"Member","Custom Plan Provider":"columnar scan","Parallel Aware":false,"Async Capable":false,"Relation Name":"item","Schema":"public","Alias":"item","Startup Cost":20.0,"Total Cost":59.4,"Plan Rows":2020,"Plan Width":29,"Actual Startup Time":7.445,"Actual Total Time":7.445,"Actual Rows":1572,"Actual Loops":1,"Output":["item.i_id","item.i_name"],"Filter":"((item.i_data)::text ~~ '%b'::text)","Rows Removed by Filter":0,"Rows Removed by Columnar Filter":98428,"Columnar cache search mode":"native","Shared Hit Blocks":0,"Shared Read Blocks":0,"Shared Dirtied Blocks":0,"Shared Written Blocks":0,"Local Hit Blocks":0,"Local Read Blocks":0,"Local Dirtied Blocks":0,"Local Written Blocks":0,"Temp Read Blocks":0,"Temp Written Blocks":0,"I/O Read Time":0.0,"I/O Write Time":0.0,"Temp I/O Read Time":0.0,"Temp I/O Write Time":0.0},{"Node Type":"Seq Scan","Parent Relationship":"Member","Parallel Aware":false,"Async Capable":false,"Relation Name":"item","Schema":"public","Alias":"item","Startup Cost":0.0,"Total Cost":4.01,"Plan Rows":1,"Plan Width":29,"Actual Startup Time":0.0,"Actual Total Time":0.0,"Actual Rows":0,"Actual Loops":0,"Output":["item.i_id","item.i_name"],"Filter":"((item.i_data)::text ~~ '%b'::text)","Rows Removed by Filter":0,"Shared Hit Blocks":0,"Shared Read Blocks":0,"Shared Dirtied Blocks":0,"Shared Written Blocks":0,"Local Hit Blocks":0,"Local Read Blocks":0,"Local Dirtied Blocks":0,"Local Written Blocks":0,"Temp Read Blocks":0,"Temp Written Blocks":0,"I/O Read Time":0.0,"I/O Write Time":0.0,"Temp I/O Read Time":0.0,"Temp I/O Write Time":0.0}]}]}]},{"Node Type":"Hash","Parent Relationship":"Inner","Parallel Aware":false,"Async Capable":false,"Startup Cost":428018.14,"Total Cost":428018.14,"Plan Rows":98105,"Plan Width":6,"Actual Startup Time":4415.984,"Actual Total Time":4415.993,"Actual Rows":100000,"Actual Loops":1,"Output":["stock_1.s_i_id","(min(stock_1.s_quantity))"],"Hash Buckets":131072,"Original Hash Buckets":131072,"Hash Batches":1,"Original Hash Batches":1,"Peak Memory Usage":4735,"Shared Hit Blocks":219,"Shared Read Blocks":0,"Shared Dirtied Blocks":0,"Shared Written Blocks":0,"Local Hit Blocks":0,"Local Read Blocks":0,"Local Dirtied Blocks":0,"Local Written Blocks":0,"Temp Read Blocks":4157,"Temp Written Blocks":7564,"I/O Read Time":0.0,"I/O Write Time":0.0,"Temp I/O Read Time":6.4,"Temp I/O Write Time":25.811,"Plans":[{"Node Type":"Aggregate","Strategy":"Hashed","Partial Mode":"Simple","Parent Relationship":"Outer","Parallel Aware":false,"Async Capable":false,"Startup Cost":410430.79,"Total Cost":427037.09,"Plan Rows":98105,"Plan Width":6,"Actual Startup Time":4229.291,"Actual Total Time":4399.925,"Actual Rows":100000,"Actual Loops":1,"Output":["stock_1.s_i_id","min(stock_1.s_quantity)"],"Group Key":["stock_1.s_i_id"],"Planned Partitions":0,"HashAgg Batches":5,"Peak Memory Usage":8241,"Disk Usage":35680,"Shared Hit Blocks":219,"Shared Read Blocks":0,"Shared Dirtied Blocks":0,"Shared Written Blocks":0,"Local Hit Blocks":0,"Local Read Blocks":0,"Local Dirtied Blocks":0,"Local Written Blocks":0,"Temp Read Blocks":4157,"Temp Written Blocks":7564,"I/O Read Time":0.0,"I/O Write Time":0.0,"Temp I/O Read Time":6.4,"Temp I/O Write Time":25.811,"Plans":[{"Node Type":"Hash Join","Parent Relationship":"Outer","Parallel Aware":false,"Async Capable":false,"Join Type":"Inner","Startup Cost":421.99,"Total Cost":297928.99,"Plan Rows":2000032,"Plan Width":6,"Actual Startup Time":3.318,"Actual Total Time":3568.872,"Actual Rows":3474600,"Actual Loops":1,"Output":["stock_1.s_i_id","stock_1.s_quantity"],"Hash Cond":"(mod((stock_1.s_w_id * stock_1.s_i_id), 10000) = supplier_1.su_suppkey)","Shared Hit Blocks":219,"Shared Read Blocks":0,"Shared Dirtied Blocks":0,"Shared Written Blocks":0,"Local Hit Blocks":0,"Local Read Blocks":0,"Local Dirtied Blocks":0,"Local Written Blocks":0,"Temp Read Blocks":0,"Temp Written Blocks":0,"I/O Read Time":0.0,"I/O Write Time":0.0,"Temp I/O Read Time":0.0,"Temp I/O Write Time":0.0,"Plans":[{"Node Type":"Append","Parent Relationship":"Outer","Parallel Aware":false,"Async Capable":false,"Startup Cost":20.0,"Total Cost":215025.67,"Plan Rows":10000162,"Plan Width":8,"Actual Startup Time":0.017,"Actual Total Time":2090.483,"Actual Rows":10000000,"Actual Loops":1,"Shared Hit Blocks":0,"Shared Read Blocks":0,"Shared Dirtied Blocks":0,"Shared Written Blocks":0,"Local Hit Blocks":0,"Local Read Blocks":0,"Local Dirtied Blocks":0,"Local Written Blocks":0,"Temp Read Blocks":0,"Temp Written Blocks":0,"I/O Read Time":0.0,"I/O Write Time":0.0,"Temp I/O Read Time":0.0,"Temp I/O Write Time":0.0,"Subplans Removed":0,"Plans":[{"Node Type":"Custom Scan","Parent Relationship":"Member","Custom Plan Provider":"columnar scan","Parallel Aware":false,"Async Capable":false,"Relation Name":"stock","Schema":"public","Alias":"stock_1","Startup Cost":20.0,"Total Cost":215020.05,"Plan Rows":10000000,"Plan Width":8,"Actual Startup Time":0.016,"Actual Total Time":1390.137,"Actual Rows":10000000,"Actual Loops":1,"Output":["stock_1.s_i_id","stock_1.s_quantity","stock_1.s_w_id"],"Rows Removed by Columnar Filter":0,"Columnar cache search mode":"native","Shared Hit Blocks":0,"Shared Read Blocks":0,"Shared Dirtied Blocks":0,"Shared Written Blocks":0,"Local Hit Blocks":0,"Local Read Blocks":0,"Local Dirtied Blocks":0,"Local Written Blocks":0,"Temp Read Blocks":0,"Temp Written Blocks":0,"I/O Read Time":0.0,"I/O Write Time":0.0,"Temp I/O Read Time":0.0,"Temp I/O Write Time":0.0},{"Node Type":"Seq Scan","Parent Relationship":"Member","Parallel Aware":false,"Async Capable":false,"Relation Name":"stock","Schema":"public","Alias":"stock_1","Startup Cost":0.0,"Total Cost":5.62,"Plan Rows":162,"Plan Width":8,"Actual Startup Time":0.0,"Actual Total Time":0.0,"Actual Rows":0,"Actual Loops":0,"Output":["stock_1.s_i_id","stock_1.s_quantity","stock_1.s_w_id"],"Shared Hit Blocks":0,"Shared Read Blocks":0,"Shared Dirtied Blocks":0,"Shared Written Blocks":0,"Local Hit Blocks":0,"Local Read Blocks":0,"Local Dirtied Blocks":0,"Local Written Blocks":0,"Temp Read Blocks":0,"Temp Written Blocks":0,"I/O Read Time":0.0,"I/O Write Time":0.0,"Temp I/O Read Time":0.0,"Temp I/O Write Time":0.0}]},{"Node Type":"Hash","Parent Relationship":"Inner","Parallel Aware":false,"Async Capable":false,"Startup Cost":376.99,"Total Cost":376.99,"Plan Rows":2000,"Plan Width":4,"Actual Startup Time":3.292,"Actual Total Time":3.3,"Actual Rows":3506,"Actual Loops":1,"Output":["supplier_1.su_suppkey"],"Hash Buckets":4096,"Original Hash Buckets":2048,"Hash Batches":1,"Original Hash Batches":1,"Peak Memory Usage":156,"Shared Hit Blocks":219,"Shared Read Blocks":0,"Shared Dirtied Blocks":0,"Shared Written Blocks":0,"Local Hit Blocks":0,"Local Read Blocks":0,"Local Dirtied Blocks":0,"Local Written Blocks":0,"Temp Read Blocks":0,"Temp Written Blocks":0,"I/O Read Time":0.0,"I/O Write Time":0.0,"Temp I/O Read Time":0.0,"Temp I/O Write Time":0.0,"Plans":[{"Node Type":"Hash Join","Parent Relationship":"Outer","Parallel Aware":false,"Async Capable":false,"Join Type":"Inner","Startup Cost":3.14,"Total Cost":376.99,"Plan Rows":2000,"Plan Width":4,"Actual Startup Time":0.065,"Actual Total Time":2.745,"Actual Rows":3506,"Actual Loops":1,"Output":["supplier_1.su_suppkey"],"Hash Cond":"(supplier_1.su_nationkey = nation_1.n_nationkey)","Shared Hit Blocks":219,"Shared Read Blocks":0,"Shared Dirtied Blocks":0,"Shared Written Blocks":0,"Local Hit Blocks":0,"Local Read Blocks":0,"Local Dirtied Blocks":0,"Local Written Blocks":0,"Temp Read Blocks":0,"Temp Written Blocks":0,"I/O Read Time":0.0,"I/O Write Time":0.0,"Temp I/O Read Time":0.0,"Temp I/O Write Time":0.0,"Plans":[{"Node Type":"Seq Scan","Parent Relationship":"Outer","Parallel Aware":false,"Async Capable":false,"Relation Name":"supplier","Schema":"public","Alias":"supplier_1","Startup Cost":0.0,"Total Cost":317.0,"Plan Rows":10000,"Plan Width":8,"Actual Startup Time":0.008,"Actual Total Time":1.0,"Actual Rows":10000,"Actual Loops":1,"Output":["supplier_1.su_suppkey","supplier_1.su_name","supplier_1.su_address","supplier_1.su_nationkey","supplier_1.su_phone","supplier_1.su_acctbal","supplier_1.su_comment"],"Shared Hit Blocks":217,"Shared Read Blocks":0,"Shared Dirtied Blocks":0,"Shared Written Blocks":0,"Local Hit Blocks":0,"Local Read Blocks":0,"Local Dirtied Blocks":0,"Local Written Blocks":0,"Temp Read Blocks":0,"Temp Written Blocks":0,"I/O Read Time":0.0,"I/O Write Time":0.0,"Temp I/O Read Time":0.0,"Temp I/O Write Time":0.0},{"Node Type":"Hash","Parent Relationship":"Inner","Parallel Aware":false,"Async Capable":false,"Startup Cost":2.99,"Total Cost":2.99,"Plan Rows":12,"Plan Width":4,"Actual Startup Time":0.049,"Actual Total Time":0.053,"Actual Rows":22,"Actual Loops":1,"Output":["nation_1.n_nationkey"],"Hash Buckets":1024,"Original Hash Buckets":1024,"Hash Batches":1,"Original Hash Batches":1,"Peak Memory Usage":9,"Shared Hit Blocks":2,"Shared Read Blocks":0,"Shared Dirtied Blocks":0,"Shared Written Blocks":0,"Local Hit Blocks":0,"Local Read Blocks":0,"Local Dirtied Blocks":0,"Local Written Blocks":0,"Temp Read Blocks":0,"Temp Written Blocks":0,"I/O Read Time":0.0,"I/O Write Time":0.0,"Temp I/O Read Time":0.0,"Temp I/O Write Time":0.0,"Plans":[{"Node Type":"Hash Join","Parent Relationship":"Outer","Parallel Aware":false,"Async Capable":false,"Join Type":"Inner","Startup Cost":1.07,"Total Cost":2.99,"Plan Rows":12,"Plan Width":4,"Actual Startup Time":0.033,"Actual Total Time":0.049,"Actual Rows":22,"Actual Loops":1,"Output":["nation_1.n_nationkey"],"Hash Cond":"(nation_1.n_regionkey = region_1.r_regionkey)","Shared Hit Blocks":2,"Shared Read Blocks":0,"Shared Dirtied Blocks":0,"Shared Written Blocks":0,"Local Hit Blocks":0,"Local Read Blocks":0,"Local Dirtied Blocks":0,"Local Written Blocks":0,"Temp Read Blocks":0,"Temp Written Blocks":0,"I/O Read Time":0.0,"I/O Write Time":0.0,"Temp I/O Read Time":0.0,"Temp I/O Write Time":0.0,"Plans":[{"Node Type":"Seq Scan","Parent Relationship":"Outer","Parallel Aware":false,"Async Capable":false,"Relation Name":"nation","Schema":"public","Alias":"nation_1","Startup Cost":0.0,"Total Cost":1.62,"Plan Rows":62,"Plan Width":8,"Actual Startup Time":0.014,"Actual Total Time":0.018,"Actual Rows":62,"Actual Loops":1,"Output":["nation_1.n_nationkey","nation_1.n_name","nation_1.n_regionkey","nation_1.n_comment"],"Shared Hit Blocks":1,"Shared Read Blocks":0,"Shared Dirtied Blocks":0,"Shared Written Blocks":0,"Local Hit Blocks":0,"Local Read Blocks":0,"Local Dirtied Blocks":0,"Local Written Blocks":0,"Temp Read Blocks":0,"Temp Written Blocks":0,"I/O Read Time":0.0,"I/O Write Time":0.0,"Temp I/O Read Time":0.0,"Temp I/O Write Time":0.0},{"Node Type":"Hash","Parent Relationship":"Inner","Parallel Aware":false,"Async Capable":false,"Startup Cost":1.06,"Total Cost":1.06,"Plan Rows":1,"Plan Width":4,"Actual Startup Time":0.009,"Actual Total Time":0.011,"Actual Rows":1,"Actual Loops":1,"Output":["region_1.r_regionkey"],"Hash Buckets":1024,"Original Hash Buckets":1024,"Hash Batches":1,"Original Hash Batches":1,"Peak Memory Usage":9,"Shared Hit Blocks":1,"Shared Read Blocks":0,"Shared Dirtied Blocks":0,"Shared Written Blocks":0,"Local Hit Blocks":0,"Local Read Blocks":0,"Local Dirtied Blocks":0,"Local Written Blocks":0,"Temp Read Blocks":0,"Temp Written Blocks":0,"I/O Read Time":0.0,"I/O Write Time":0.0,"Temp I/O Read Time":0.0,"Temp I/O Write Time":0.0,"Plans":[{"Node Type":"Seq Scan","Parent Relationship":"Outer","Parallel Aware":false,"Async Capable":false,"Relation Name":"region","Schema":"public","Alias":"region_1","Startup Cost":0.0,"Total Cost":1.06,"Plan Rows":1,"Plan Width":4,"Actual Startup Time":0.006,"Actual Total Time":0.007,"Actual Rows":1,"Actual Loops":1,"Output":["region_1.r_regionkey"],"Filter":"((region_1.r_name)::text ~~ 'Europ%'::text)","Rows Removed by Filter":4,"Shared Hit Blocks":1,"Shared Read Blocks":0,"Shared Dirtied Blocks":0,"Shared Written Blocks":0,"Local Hit Blocks":0,"Local Read Blocks":0,"Local Dirtied Blocks":0,"Local Written Blocks":0,"Temp Read Blocks":0,"Temp Written Blocks":0,"I/O Read Time":0.0,"I/O Write Time":0.0,"Temp I/O Read Time":0.0,"Temp I/O Write Time":0.0}]}]}]}]}]}]}]}]}]},{"Node Type":"Index Scan","Parent Relationship":"Inner","Parallel Aware":false,"Async Capable":false,"Scan Direction":"Forward","Index Name":"supplier_pk","Relation Name":"supplier","Schema":"public","Alias":"supplier","Startup Cost":0.29,"Total Cost":0.31,"Plan Rows":1,"Plan Width":131,"Actual Startup Time":0.002,"Actual Total Time":0.002,"Actual Rows":1,"Actual Loops":3036,"Output":["supplier.su_suppkey","supplier.su_name","supplier.su_address","supplier.su_nationkey","supplier.su_phone","supplier.su_acctbal","supplier.su_comment"],"Index Cond":"(supplier.su_suppkey = mod((stock.s_w_id * stock.s_i_id), 10000))","Rows Removed by Index Recheck":0,"Shared Hit Blocks":9108,"Shared Read Blocks":0,"Shared Dirtied Blocks":0,"Shared Written Blocks":0,"Local Hit Blocks":0,"Local Read Blocks":0,"Local Dirtied Blocks":0,"Local Written Blocks":0,"Temp Read Blocks":0,"Temp Written Blocks":0,"I/O Read Time":0.0,"I/O Write Time":0.0,"Temp I/O Read Time":0.0,"Temp I/O Write Time":0.0}]},{"Node Type":"Hash","Parent Relationship":"Inner","Parallel Aware":false,"Async Capable":false,"Startup Cost":2.99,"Total Cost":2.99,"Plan Rows":12,"Plan Width":12,"Actual Startup Time":0.054,"Actual Total Time":0.058,"Actual Rows":22,"Actual Loops":1,"Output":["nation.n_name","nation.n_nationkey"],"Hash Buckets":1024,"Original Hash Buckets":1024,"Hash Batches":1,"Original Hash Batches":1,"Peak Memory Usage":9,"Shared Hit Blocks":2,"Shared Read Blocks":0,"Shared Dirtied Blocks":0,"Shared Written Blocks":0,"Local Hit Blocks":0,"Local Read Blocks":0,"Local Dirtied Blocks":0,"Local Written Blocks":0,"Temp Read Blocks":0,"Temp Written Blocks":0,"I/O Read Time":0.0,"I/O Write Time":0.0,"Temp I/O Read Time":0.0,"Temp I/O Write Time":0.0,"Plans":[{"Node Type":"Hash Join","Parent Relationship":"Outer","Parallel Aware":false,"Async Capable":false,"Join Type":"Inner","Startup Cost":1.07,"Total Cost":2.99,"Plan Rows":12,"Plan Width":12,"Actual Startup Time":0.037,"Actual Total Time":0.053,"Actual Rows":22,"Actual Loops":1,"Output":["nation.n_name","nation.n_nationkey"],"Hash Cond":"(nation.n_regionkey = region.r_regionkey)","Shared Hit Blocks":2,"Shared Read Blocks":0,"Shared Dirtied Blocks":0,"Shared Written Blocks":0,"Local Hit Blocks":0,"Local Read Blocks":0,"Local Dirtied Blocks":0,"Local Written Blocks":0,"Temp Read Blocks":0,"Temp Written Blocks":0,"I/O Read Time":0.0,"I/O Write Time":0.0,"Temp I/O Read Time":0.0,"Temp I/O Write Time":0.0,"Plans":[{"Node Type":"Seq Scan","Parent Relationship":"Outer","Parallel Aware":false,"Async Capable":false,"Relation Name":"nation","Schema":"public","Alias":"nation","Startup Cost":0.0,"Total Cost":1.62,"Plan Rows":62,"Plan Width":16,"Actual Startup Time":0.011,"Actual Total Time":0.015,"Actual Rows":62,"Actual Loops":1,"Output":["nation.n_nationkey","nation.n_name","nation.n_regionkey","nation.n_comment"],"Shared Hit Blocks":1,"Shared Read Blocks":0,"Shared Dirtied Blocks":0,"Shared Written Blocks":0,"Local Hit Blocks":0,"Local Read Blocks":0,"Local Dirtied Blocks":0,"Local Written Blocks":0,"Temp Read Blocks":0,"Temp Written Blocks":0,"I/O Read Time":0.0,"I/O Write Time":0.0,"Temp I/O Read Time":0.0,"Temp I/O Write Time":0.0},{"Node Type":"Hash","Parent Relationship":"Inner","Parallel Aware":false,"Async Capable":false,"Startup Cost":1.06,"Total Cost":1.06,"Plan Rows":1,"Plan Width":4,"Actual Startup Time":0.01,"Actual Total Time":0.012,"Actual Rows":1,"Actual Loops":1,"Output":["region.r_regionkey"],"Hash Buckets":1024,"Original Hash Buckets":1024,"Hash Batches":1,"Original Hash Batches":1,"Peak Memory Usage":9,"Shared Hit Blocks":1,"Shared Read Blocks":0,"Shared Dirtied Blocks":0,"Shared Written Blocks":0,"Local Hit Blocks":0,"Local Read Blocks":0,"Local Dirtied Blocks":0,"Local Written Blocks":0,"Temp Read Blocks":0,"Temp Written Blocks":0,"I/O Read Time":0.0,"I/O Write Time":0.0,"Temp I/O Read Time":0.0,"Temp I/O Write Time":0.0,"Plans":[{"Node Type":"Seq Scan","Parent Relationship":"Outer","Parallel Aware":false,"Async Capable":false,"Relation Name":"region","Schema":"public","Alias":"region","Startup Cost":0.0,"Total Cost":1.06,"Plan Rows":1,"Plan Width":4,"Actual Startup Time":0.007,"Actual Total Time":0.007,"Actual Rows":1,"Actual Loops":1,"Output":["region.r_regionkey"],"Filter":"((region.r_name)::text ~~ 'Europ%'::text)","Rows Removed by Filter":4,"Shared Hit Blocks":1,"Shared Read Blocks":0,"Shared Dirtied Blocks":0,"Shared Written Blocks":0,"Local Hit Blocks":0,"Local Read Blocks":0,"Local Dirtied Blocks":0,"Local Written Blocks":0,"Temp Read Blocks":0,"Temp Written Blocks":0,"I/O Read Time":0.0,"I/O Write Time":0.0,"Temp I/O Read Time":0.0,"Temp I/O Write Time":0.0}]}]}]}]}]},"Planning":{"Shared Hit Blocks":36,"Shared Read Blocks":0,"Shared Dirtied Blocks":0,"Shared Written Blocks":0,"Local Hit Blocks":0,"Local Read Blocks":0,"Local Dirtied Blocks":0,"Local Written Blocks":0,"Temp Read Blocks":0,"Temp Written Blocks":0,"I/O Read Time":0.0,"I/O Write Time":0.0,"Temp I/O Read Time":0.0,"Temp I/O Write Time":0.0},"Planning Time":1.814,"Triggers":[],"Execution Time":4588.722}]
[列存组合]: item, nation, supplier
[{"Plan":{"Node Type":"Sort","Parallel Aware":false,"Async Capable":false,"Startup Cost":1276513.04,"Total Cost":1276513.54,"Plan Rows":198,"Plan Width":164,"Actual Startup Time":6475.116,"Actual Total Time":6475.234,"Actual Rows":1900,"Actual Loops":1,"Output":["supplier.su_suppkey","supplier.su_name","nation.n_name","item.i_id","item.i_name","supplier.su_address","supplier.su_phone","supplier.su_comment"],"Sort Key":["nation.n_name","supplier.su_name","item.i_id"],"Sort Method":"quicksort","Sort Space Used":439,"Sort Space Type":"Memory","Shared Hit Blocks":833394,"Shared Read Blocks":0,"Shared Dirtied Blocks":0,"Shared Written Blocks":0,"Local Hit Blocks":0,"Local Read Blocks":0,"Local Dirtied Blocks":0,"Local Written Blocks":0,"Temp Read Blocks":4157,"Temp Written Blocks":7564,"I/O Read Time":0.0,"I/O Write Time":0.0,"Temp I/O Read Time":7.068,"Temp I/O Write Time":28.882,"Plans":[{"Node Type":"Hash Join","Parent Relationship":"Outer","Parallel Aware":false,"Async Capable":false,"Join Type":"Inner","Startup Cost":732487.64,"Total Cost":1276505.49,"Plan Rows":198,"Plan Width":164,"Actual Startup Time":4151.088,"Actual Total Time":6471.121,"Actual Rows":1900,"Actual Loops":1,"Output":["supplier.su_suppkey","supplier.su_name","nation.n_name","item.i_id","item.i_name","supplier.su_address","supplier.su_phone","supplier.su_comment"],"Hash Cond":"(mod((stock.s_w_id * stock.s_i_id), 10000) = supplier.su_suppkey)","Shared Hit Blocks":833394,"Shared Read Blocks":0,"Shared Dirtied Blocks":0,"Shared Written Blocks":0,"Local Hit Blocks":0,"Local Read Blocks":0,"Local Dirtied Blocks":0,"Local Written Blocks":0,"Temp Read Blocks":4157,"Temp Written Blocks":7564,"I/O Read Time":0.0,"I/O Write Time":0.0,"Temp I/O Read Time":7.068,"Temp I/O Write Time":28.882,"Plans":[{"Node Type":"Hash Join","Parent Relationship":"Outer","Parallel Aware":false,"Async Capable":false,"Join Type":"Inner","Startup Cost":732251.87,"Total Cost":1276261.54,"Plan Rows":991,"Plan Width":35,"Actual Startup Time":4146.597,"Actual Total Time":6464.291,"Actual Rows":3036,"Actual Loops":1,"Output":["item.i_id","item.i_name","stock.s_i_id","stock.s_w_id"],"Hash Cond":"((item.i_id = stock_1.s_i_id) AND (stock.s_quantity = (min(stock_1.s_quantity))))","Shared Hit Blocks":833393,"Shared Read Blocks":0,"Shared Dirtied Blocks":0,"Shared Written Blocks":0,"Local Hit Blocks":0,"Local Read Blocks":0,"Local Dirtied Blocks":0,"Local Written Blocks":0,"Temp Read Blocks":4157,"Temp Written Blocks":7564,"I/O Read Time":0.0,"I/O Write Time":0.0,"Temp I/O Read Time":7.068,"Temp I/O Write Time":28.882,"Plans":[{"Node Type":"Hash Join","Parent Relationship":"Outer","Parallel Aware":false,"Async Capable":false,"Join Type":"Inner","Startup Cost":1293.42,"Total Cost":544242.58,"Plan Rows":202003,"Plan Width":37,"Actual Startup Time":8.529,"Actual Total Time":2287.533,"Actual Rows":157200,"Actual Loops":1,"Output":["item.i_id","item.i_name","stock.s_i_id","stock.s_w_id","stock.s_quantity"],"Hash Cond":"(stock.s_i_id = item.i_id)","Shared Hit Blocks":416696,"Shared Read Blocks":0,"Shared Dirtied Blocks":0,"Shared Written Blocks":0,"Local Hit Blocks":0,"Local Read Blocks":0,"Local Dirtied Blocks":0,"Local Written Blocks":0,"Temp Read Blocks":0,"Temp Written Blocks":0,"I/O Read Time":0.0,"I/O Write Time":0.0,"Temp I/O Read Time":0.0,"Temp I/O Write Time":0.0,"Plans":[{"Node Type":"Seq Scan","Parent Relationship":"Outer","Parallel Aware":false,"Async Capable":false,"Relation Name":"stock","Schema":"public","Alias":"stock","Startup Cost":0.0,"Total Cost":516697.62,"Plan Rows":10000162,"Plan Width":8,"Actual Startup Time":0.008,"Actual Total Time":936.827,"Actual Rows":10000000,"Actual Loops":1,"Output":["stock.s_i_id","stock.s_w_id","stock.s_quantity","stock.s_dist_01","stock.s_dist_02","stock.s_dist_03","stock.s_dist_04","stock.s_dist_05","stock.s_dist_06","stock.s_dist_07","stock.s_dist_08","stock.s_dist_09","stock.s_dist_10","stock.s_ytd","stock.s_order_cnt","stock.s_remote_cnt","stock.s_data"],"Shared Hit Blocks":416696,"Shared Read Blocks":0,"Shared Dirtied Blocks":0,"Shared Written Blocks":0,"Local Hit Blocks":0,"Local Read Blocks":0,"Local Dirtied Blocks":0,"Local Written Blocks":0,"Temp Read Blocks":0,"Temp Written Blocks":0,"I/O Read Time":0.0,"I/O Write Time":0.0,"Temp I/O Read Time":0.0,"Temp I/O Write Time":0.0},{"Node Type":"Hash","Parent Relationship":"Inner","Parallel Aware":false,"Async Capable":false,"Startup Cost":1268.16,"Total Cost":1268.16,"Plan Rows":2021,"Plan Width":29,"Actual Startup Time":8.5,"Actual Total Time":8.505,"Actual Rows":1572,"Actual Loops":1,"Output":["item.i_id","item.i_name"],"Hash Buckets":2048,"Original Hash Buckets":2048,"Hash Batches":1,"Original Hash Batches":1,"Peak Memory Usage":110,"Shared Hit Blocks":0,"Shared Read Blocks":0,"Shared Dirtied Blocks":0,"Shared Written Blocks":0,"Local Hit Blocks":0,"Local Read Blocks":0,"Local Dirtied Blocks":0,"Local Written Blocks":0,"Temp Read Blocks":0,"Temp Written Blocks":0,"I/O Read Time":0.0,"I/O Write Time":0.0,"Temp I/O Read Time":0.0,"Temp I/O Write Time":0.0,"Plans":[{"Node Type":"Append","Parent Relationship":"Outer","Parallel Aware":false,"Async Capable":false,"Startup Cost":20.0,"Total Cost":1268.16,"Plan Rows":2021,"Plan Width":29,"Actual Startup Time":7.31,"Actual Total Time":8.075,"Actual Rows":1572,"Actual Loops":1,"Shared Hit Blocks":0,"Shared Read Blocks":0,"Shared Dirtied Blocks":0,"Shared Written Blocks":0,"Local Hit Blocks":0,"Local Read Blocks":0,"Local Dirtied Blocks":0,"Local Written Blocks":0,"Temp Read Blocks":0,"Temp Written Blocks":0,"I/O Read Time":0.0,"I/O Write Time":0.0,"Temp I/O Read Time":0.0,"Temp I/O Write Time":0.0,"Subplans Removed":0,"Plans":[{"Node Type":"Custom Scan","Parent Relationship":"Member","Custom Plan Provider":"columnar scan","Parallel Aware":false,"Async Capable":false,"Relation Name":"item","Schema":"public","Alias":"item","Startup Cost":20.0,"Total Cost":59.4,"Plan Rows":2020,"Plan Width":29,"Actual Startup Time":7.309,"Actual Total Time":7.958,"Actual Rows":1572,"Actual Loops":1,"Output":["item.i_id","item.i_name"],"Filter":"((item.i_data)::text ~~ '%b'::text)","Rows Removed by Filter":0,"Rows Removed by Columnar Filter":98428,"Columnar cache search mode":"native","Shared Hit Blocks":0,"Shared Read Blocks":0,"Shared Dirtied Blocks":0,"Shared Written Blocks":0,"Local Hit Blocks":0,"Local Read Blocks":0,"Local Dirtied Blocks":0,"Local Written Blocks":0,"Temp Read Blocks":0,"Temp Written Blocks":0,"I/O Read Time":0.0,"I/O Write Time":0.0,"Temp I/O Read Time":0.0,"Temp I/O Write Time":0.0},{"Node Type":"Seq Scan","Parent Relationship":"Member","Parallel Aware":false,"Async Capable":false,"Relation Name":"item","Schema":"public","Alias":"item","Startup Cost":0.0,"Total Cost":4.01,"Plan Rows":1,"Plan Width":29,"Actual Startup Time":0.0,"Actual Total Time":0.0,"Actual Rows":0,"Actual Loops":0,"Output":["item.i_id","item.i_name"],"Filter":"((item.i_data)::text ~~ '%b'::text)","Rows Removed by Filter":0,"Shared Hit Blocks":0,"Shared Read Blocks":0,"Shared Dirtied Blocks":0,"Shared Written Blocks":0,"Local Hit Blocks":0,"Local Read Blocks":0,"Local Dirtied Blocks":0,"Local Written Blocks":0,"Temp Read Blocks":0,"Temp Written Blocks":0,"I/O Read Time":0.0,"I/O Write Time":0.0,"Temp I/O Read Time":0.0,"Temp I/O Write Time":0.0}]}]}]},{"Node Type":"Hash","Parent Relationship":"Inner","Parallel Aware":false,"Async Capable":false,"Startup Cost":729486.87,"Total Cost":729486.87,"Plan Rows":98105,"Plan Width":6,"Actual Startup Time":4136.967,"Actual Total Time":4136.99,"Actual Rows":100000,"Actual Loops":1,"Output":["stock_1.s_i_id","(min(stock_1.s_quantity))"],"Hash Buckets":131072,"Original Hash Buckets":131072,"Hash Batches":1,"Original Hash Batches":1,"Peak Memory Usage":4735,"Shared Hit Blocks":416697,"Shared Read Blocks":0,"Shared Dirtied Blocks":0,"Shared Written Blocks":0,"Local Hit Blocks":0,"Local Read Blocks":0,"Local Dirtied Blocks":0,"Local Written Blocks":0,"Temp Read Blocks":4157,"Temp Written Blocks":7564,"I/O Read Time":0.0,"I/O Write Time":0.0,"Temp I/O Read Time":7.068,"Temp I/O Write Time":28.882,"Plans":[{"Node Type":"Aggregate","Strategy":"Hashed","Partial Mode":"Simple","Parent Relationship":"Outer","Parallel Aware":false,"Async Capable":false,"Startup Cost":711899.52,"Total Cost":728505.82,"Plan Rows":98105,"Plan Width":6,"Actual Startup Time":3941.901,"Actual Total Time":4120.961,"Actual Rows":100000,"Actual Loops":1,"Output":["stock_1.s_i_id","min(stock_1.s_quantity)"],"Group Key":["stock_1.s_i_id"],"Planned Partitions":0,"HashAgg Batches":5,"Peak Memory Usage":8241,"Disk Usage":35680,"Shared Hit Blocks":416697,"Shared Read Blocks":0,"Shared Dirtied Blocks":0,"Shared Written Blocks":0,"Local Hit Blocks":0,"Local Read Blocks":0,"Local Dirtied Blocks":0,"Local Written Blocks":0,"Temp Read Blocks":4157,"Temp Written Blocks":7564,"I/O Read Time":0.0,"I/O Write Time":0.0,"Temp I/O Read Time":7.068,"Temp I/O Write Time":28.882,"Plans":[{"Node Type":"Hash Join","Parent Relationship":"Outer","Parallel Aware":false,"Async Capable":false,"Join Type":"Inner","Startup Cost":198.77,"Total Cost":599397.72,"Plan Rows":2000032,"Plan Width":6,"Actual Startup Time":3.052,"Actual Total Time":3247.983,"Actual Rows":3474600,"Actual Loops":1,"Output":["stock_1.s_i_id","stock_1.s_quantity"],"Hash Cond":"(mod((stock_1.s_w_id * stock_1.s_i_id), 10000) = supplier_1.su_suppkey)","Shared Hit Blocks":416697,"Shared Read Blocks":0,"Shared Dirtied Blocks":0,"Shared Written Blocks":0,"Local Hit Blocks":0,"Local Read Blocks":0,"Local Dirtied Blocks":0,"Local Written Blocks":0,"Temp Read Blocks":0,"Temp Written Blocks":0,"I/O Read Time":0.0,"I/O Write Time":0.0,"Temp I/O Read Time":0.0,"Temp I/O Write Time":0.0,"Plans":[{"Node Type":"Seq Scan","Parent Relationship":"Outer","Parallel Aware":false,"Async Capable":false,"Relation Name":"stock","Schema":"public","Alias":"stock_1","Startup Cost":0.0,"Total Cost":516697.62,"Plan Rows":10000162,"Plan Width":8,"Actual Startup Time":0.005,"Actual Total Time":1038.567,"Actual Rows":10000000,"Actual Loops":1,"Output":["stock_1.s_i_id","stock_1.s_w_id","stock_1.s_quantity","stock_1.s_dist_01","stock_1.s_dist_02","stock_1.s_dist_03","stock_1.s_dist_04","stock_1.s_dist_05","stock_1.s_dist_06","stock_1.s_dist_07","stock_1.s_dist_08","stock_1.s_dist_09","stock_1.s_dist_10","stock_1.s_ytd","stock_1.s_order_cnt","stock_1.s_remote_cnt","stock_1.s_data"],"Shared Hit Blocks":416696,"Shared Read Blocks":0,"Shared Dirtied Blocks":0,"Shared Written Blocks":0,"Local Hit Blocks":0,"Local Read Blocks":0,"Local Dirtied Blocks":0,"Local Written Blocks":0,"Temp Read Blocks":0,"Temp Written Blocks":0,"I/O Read Time":0.0,"I/O Write Time":0.0,"Temp I/O Read Time":0.0,"Temp I/O Write Time":0.0},{"Node Type":"Hash","Parent Relationship":"Inner","Parallel Aware":false,"Async Capable":false,"Startup Cost":173.77,"Total Cost":173.77,"Plan Rows":2000,"Plan Width":4,"Actual Startup Time":3.042,"Actual Total Time":3.059,"Actual Rows":3506,"Actual Loops":1,"Output":["supplier_1.su_suppkey"],"Hash Buckets":4096,"Original Hash Buckets":2048,"Hash Batches":1,"Original Hash Batches":1,"Peak Memory Usage":156,"Shared Hit Blocks":1,"Shared Read Blocks":0,"Shared Dirtied Blocks":0,"Shared Written Blocks":0,"Local Hit Blocks":0,"Local Read Blocks":0,"Local Dirtied Blocks":0,"Local Written Blocks":0,"Temp Read Blocks":0,"Temp Written Blocks":0,"I/O Read Time":0.0,"I/O Write Time":0.0,"Temp I/O Read Time":0.0,"Temp I/O Write Time":0.0,"Plans":[{"Node Type":"Hash Join","Parent Relationship":"Outer","Parallel Aware":false,"Async Capable":false,"Join Type":"Inner","Startup Cost":25.24,"Total Cost":173.77,"Plan Rows":2000,"Plan Width":4,"Actual Startup Time":1.12,"Actual Total Time":2.669,"Actual Rows":3506,"Actual Loops":1,"Output":["supplier_1.su_suppkey"],"Hash Cond":"(nation_1.n_regionkey = region_1.r_regionkey)","Shared Hit Blocks":1,"Shared Read Blocks":0,"Shared Dirtied Blocks":0,"Shared Written Blocks":0,"Local Hit Blocks":0,"Local Read Blocks":0,"Local Dirtied Blocks":0,"Local Written Blocks":0,"Temp Read Blocks":0,"Temp Written Blocks":0,"I/O Read Time":0.0,"I/O Write Time":0.0,"Temp I/O Read Time":0.0,"Temp I/O Write Time":0.0,"Plans":[{"Node Type":"Hash Join","Parent Relationship":"Outer","Parallel Aware":false,"Async Capable":false,"Join Type":"Inner","Startup Cost":24.16,"Total Cost":124.19,"Plan Rows":10000,"Plan Width":8,"Actual Startup Time":1.104,"Actual Total Time":1.66,"Actual Rows":10000,"Actual Loops":1,"Output":["supplier_1.su_suppkey","nation_1.n_regionkey"],"Hash Cond":"(supplier_1.su_nationkey = nation_1.n_nationkey)","Rows Removed by Bloom Filter":0,"Shared Hit Blocks":0,"Shared Read Blocks":0,"Shared Dirtied Blocks":0,"Shared Written Blocks":0,"Local Hit Blocks":0,"Local Read Blocks":0,"Local Dirtied Blocks":0,"Local Written Blocks":0,"Temp Read Blocks":0,"Temp Written Blocks":0,"I/O Read Time":0.0,"I/O Write Time":0.0,"Temp I/O Read Time":0.0,"Temp I/O Write Time":0.0,"Plans":[{"Node Type":"Append","Parent Relationship":"Outer","Parallel Aware":false,"Async Capable":false,"Startup Cost":20.0,"Total Cost":219.01,"Plan Rows":10001,"Plan Width":8,"Actual Startup Time":0.004,"Actual Total Time":0.006,"Actual Rows":10000,"Actual Loops":1,"Shared Hit Blocks":0,"Shared Read Blocks":0,"Shared Dirtied Blocks":0,"Shared Written Blocks":0,"Local Hit Blocks":0,"Local Read Blocks":0,"Local Dirtied Blocks":0,"Local Written Blocks":0,"Temp Read Blocks":0,"Temp Written Blocks":0,"I/O Read Time":0.0,"I/O Write Time":0.0,"Temp I/O Read Time":0.0,"Temp I/O Write Time":0.0,"Subplans Removed":0,"Plans":[{"Node Type":"Custom Scan","Parent Relationship":"Member","Custom Plan Provider":"columnar scan","Parallel Aware":false,"Async Capable":false,"Relation Name":"supplier","Schema":"public","Alias":"supplier_1","Startup Cost":20.0,"Total Cost":215.0,"Plan Rows":10000,"Plan Width":8,"Actual Startup Time":0.003,"Actual Total Time":0.003,"Actual Rows":10000,"Actual Loops":1,"Output":["supplier_1.su_suppkey","supplier_1.su_nationkey"],"Rows Removed by Columnar Filter":0,"Columnar cache search mode":"native","Shared Hit Blocks":0,"Shared Read Blocks":0,"Shared Dirtied Blocks":0,"Shared Written Blocks":0,"Local Hit Blocks":0,"Local Read Blocks":0,"Local Dirtied Blocks":0,"Local Written Blocks":0,"Temp Read Blocks":0,"Temp Written Blocks":0,"I/O Read Time":0.0,"I/O Write Time":0.0,"Temp I/O Read Time":0.0,"Temp I/O Write Time":0.0},{"Node Type":"Seq Scan","Parent Relationship":"Member","Parallel Aware":false,"Async Capable":false,"Relation Name":"supplier","Schema":"public","Alias":"supplier_1","Startup Cost":0.0,"Total Cost":4.01,"Plan Rows":1,"Plan Width":8,"Actual Startup Time":0.0,"Actual Total Time":0.0,"Actual Rows":0,"Actual Loops":0,"Output":["supplier_1.su_suppkey","supplier_1.su_nationkey"],"Shared Hit Blocks":0,"Shared Read Blocks":0,"Shared Dirtied Blocks":0,"Shared Written Blocks":0,"Local Hit Blocks":0,"Local Read Blocks":0,"Local Dirtied Blocks":0,"Local Written Blocks":0,"Temp Read Blocks":0,"Temp Written Blocks":0,"I/O Read Time":0.0,"I/O Write Time":0.0,"Temp I/O Read Time":0.0,"Temp I/O Write Time":0.0}]},{"Node Type":"Hash","Parent Relationship":"Inner","Parallel Aware":false,"Async Capable":false,"Startup Cost":25.22,"Total Cost":25.22,"Plan Rows":63,"Plan Width":8,"Actual Rows":62,"Actual Loops":1,"Output":["nation_1.n_nationkey","nation_1.n_regionkey"],"Shared Hit Blocks":0,"Shared Read Blocks":0,"Shared Dirtied Blocks":0,"Shared Written Blocks":0,"Local Hit Blocks":0,"Local Read Blocks":0,"Local Dirtied Blocks":0,"Local Written Blocks":0,"Temp Read Blocks":0,"Temp Written Blocks":0,"I/O Read Time":0.0,"I/O Write Time":0.0,"Temp I/O Read Time":0.0,"Temp I/O Write Time":0.0,"Plans":[{"Node Type":"Append","Parent Relationship":"Outer","Parallel Aware":false,"Async Capable":false,"Startup Cost":20.0,"Total Cost":25.22,"Plan Rows":63,"Plan Width":8,"Actual Startup Time":0.007,"Actual Total Time":0.008,"Actual Rows":62,"Actual Loops":1,"Shared Hit Blocks":0,"Shared Read Blocks":0,"Shared Dirtied Blocks":0,"Shared Written Blocks":0,"Local Hit Blocks":0,"Local Read Blocks":0,"Local Dirtied Blocks":0,"Local Written Blocks":0,"Temp Read Blocks":0,"Temp Written Blocks":0,"I/O Read Time":0.0,"I/O Write Time":0.0,"Temp I/O Read Time":0.0,"Temp I/O Write Time":0.0,"Subplans Removed":0,"Plans":[{"Node Type":"Custom Scan","Parent Relationship":"Member","Custom Plan Provider":"columnar scan","Parallel Aware":false,"Async Capable":false,"Relation Name":"nation","Schema":"public","Alias":"nation_1","Startup Cost":20.0,"Total Cost":21.21,"Plan Rows":62,"Plan Width":8,"Actual Startup Time":0.006,"Actual Total Time":0.006,"Actual Rows":62,"Actual Loops":1,"Output":["nation_1.n_nationkey","nation_1.n_regionkey"],"Rows Removed by Columnar Filter":0,"Columnar cache search mode":"native","Shared Hit Blocks":0,"Shared Read Blocks":0,"Shared Dirtied Blocks":0,"Shared Written Blocks":0,"Local Hit Blocks":0,"Local Read Blocks":0,"Local Dirtied Blocks":0,"Local Written Blocks":0,"Temp Read Blocks":0,"Temp Written Blocks":0,"I/O Read Time":0.0,"I/O Write Time":0.0,"Temp I/O Read Time":0.0,"Temp I/O Write Time":0.0},{"Node Type":"Seq Scan","Parent Relationship":"Member","Parallel Aware":false,"Async Capable":false,"Relation Name":"nation","Schema":"public","Alias":"nation_1","Startup Cost":0.0,"Total Cost":4.01,"Plan Rows":1,"Plan Width":8,"Actual Startup Time":0.0,"Actual Total Time":0.0,"Actual Rows":0,"Actual Loops":0,"Output":["nation_1.n_nationkey","nation_1.n_regionkey"],"Shared Hit Blocks":0,"Shared Read Blocks":0,"Shared Dirtied Blocks":0,"Shared Written Blocks":0,"Local Hit Blocks":0,"Local Read Blocks":0,"Local Dirtied Blocks":0,"Local Written Blocks":0,"Temp Read Blocks":0,"Temp Written Blocks":0,"I/O Read Time":0.0,"I/O Write Time":0.0,"Temp I/O Read Time":0.0,"Temp I/O Write Time":0.0}]}]}]},{"Node Type":"Hash","Parent Relationship":"Inner","Parallel Aware":false,"Async Capable":false,"Startup Cost":1.06,"Total Cost":1.06,"Plan Rows":1,"Plan Width":4,"Actual Startup Time":0.006,"Actual Total Time":0.011,"Actual Rows":1,"Actual Loops":1,"Output":["region_1.r_regionkey"],"Hash Buckets":1024,"Original Hash Buckets":1024,"Hash Batches":1,"Original Hash Batches":1,"Peak Memory Usage":9,"Shared Hit Blocks":1,"Shared Read Blocks":0,"Shared Dirtied Blocks":0,"Shared Written Blocks":0,"Local Hit Blocks":0,"Local Read Blocks":0,"Local Dirtied Blocks":0,"Local Written Blocks":0,"Temp Read Blocks":0,"Temp Written Blocks":0,"I/O Read Time":0.0,"I/O Write Time":0.0,"Temp I/O Read Time":0.0,"Temp I/O Write Time":0.0,"Plans":[{"Node Type":"Seq Scan","Parent Relationship":"Outer","Parallel Aware":false,"Async Capable":false,"Relation Name":"region","Schema":"public","Alias":"region_1","Startup Cost":0.0,"Total Cost":1.06,"Plan Rows":1,"Plan Width":4,"Actual Startup Time":0.005,"Actual Total Time":0.005,"Actual Rows":1,"Actual Loops":1,"Output":["region_1.r_regionkey"],"Filter":"((region_1.r_name)::text ~~ 'Europ%'::text)","Rows Removed by Filter":4,"Shared Hit Blocks":1,"Shared Read Blocks":0,"Shared Dirtied Blocks":0,"Shared Written Blocks":0,"Local Hit Blocks":0,"Local Read Blocks":0,"Local Dirtied Blocks":0,"Local Written Blocks":0,"Temp Read Blocks":0,"Temp Written Blocks":0,"I/O Read Time":0.0,"I/O Write Time":0.0,"Temp I/O Read Time":0.0,"Temp I/O Write Time":0.0}]}]}]}]}]}]}]},{"Node Type":"Hash","Parent Relationship":"Inner","Parallel Aware":false,"Async Capable":false,"Startup Cost":210.78,"Total Cost":210.78,"Plan Rows":2000,"Plan Width":135,"Actual Startup Time":4.472,"Actual Total Time":4.487,"Actual Rows":3506,"Actual Loops":1,"Output":["supplier.su_suppkey","supplier.su_name","supplier.su_address","supplier.su_phone","supplier.su_comment","nation.n_name"],"Hash Buckets":4096,"Original Hash Buckets":2048,"Hash Batches":1,"Original Hash Batches":1,"Peak Memory Usage":614,"Shared Hit Blocks":1,"Shared Read Blocks":0,"Shared Dirtied Blocks":0,"Shared Written Blocks":0,"Local Hit Blocks":0,"Local Read Blocks":0,"Local Dirtied Blocks":0,"Local Written Blocks":0,"Temp Read Blocks":0,"Temp Written Blocks":0,"I/O Read Time":0.0,"I/O Write Time":0.0,"Temp I/O Read Time":0.0,"Temp I/O Write Time":0.0,"Plans":[{"Node Type":"Hash Join","Parent Relationship":"Outer","Parallel Aware":false,"Async Capable":false,"Join Type":"Inner","Startup Cost":25.24,"Total Cost":210.78,"Plan Rows":2000,"Plan Width":135,"Actual Startup Time":1.393,"Actual Total Time":3.325,"Actual Rows":3506,"Actual Loops":1,"Output":["supplier.su_suppkey","supplier.su_name","supplier.su_address","supplier.su_phone","supplier.su_comment","nation.n_name"],"Hash Cond":"(nation.n_regionkey = region.r_regionkey)","Shared Hit Blocks":1,"Shared Read Blocks":0,"Shared Dirtied Blocks":0,"Shared Written Blocks":0,"Local Hit Blocks":0,"Local Read Blocks":0,"Local Dirtied Blocks":0,"Local Written Blocks":0,"Temp Read Blocks":0,"Temp Written Blocks":0,"I/O Read Time":0.0,"I/O Write Time":0.0,"Temp I/O Read Time":0.0,"Temp I/O Write Time":0.0,"Plans":[{"Node Type":"Hash Join","Parent Relationship":"Outer","Parallel Aware":false,"Async Capable":false,"Join Type":"Inner","Startup Cost":24.16,"Total Cost":161.2,"Plan Rows":10000,"Plan Width":139,"Actual Startup Time":1.372,"Actual Total Time":2.192,"Actual Rows":10000,"Actual Loops":1,"Output":["supplier.su_suppkey","supplier.su_name","supplier.su_address","supplier.su_phone","supplier.su_comment","nation.n_name","nation.n_regionkey"],"Hash Cond":"(supplier.su_nationkey = nation.n_nationkey)","Rows Removed by Bloom Filter":0,"Shared Hit Blocks":0,"Shared Read Blocks":0,"Shared Dirtied Blocks":0,"Shared Written Blocks":0,"Local Hit Blocks":0,"Local Read Blocks":0,"Local Dirtied Blocks":0,"Local Written Blocks":0,"Temp Read Blocks":0,"Temp Written Blocks":0,"I/O Read Time":0.0,"I/O Write Time":0.0,"Temp I/O Read Time":0.0,"Temp I/O Write Time":0.0,"Plans":[{"Node Type":"Append","Parent Relationship":"Outer","Parallel Aware":false,"Async Capable":false,"Startup Cost":20.0,"Total Cost":299.01,"Plan Rows":10001,"Plan Width":131,"Actual Startup Time":0.003,"Actual Total Time":0.008,"Actual Rows":10000,"Actual Loops":1,"Shared Hit Blocks":0,"Shared Read Blocks":0,"Shared Dirtied Blocks":0,"Shared Written Blocks":0,"Local Hit Blocks":0,"Local Read Blocks":0,"Local Dirtied Blocks":0,"Local Written Blocks":0,"Temp Read Blocks":0,"Temp Written Blocks":0,"I/O Read Time":0.0,"I/O Write Time":0.0,"Temp I/O Read Time":0.0,"Temp I/O Write Time":0.0,"Subplans Removed":0,"Plans":[{"Node Type":"Custom Scan","Parent Relationship":"Member","Custom Plan Provider":"columnar scan","Parallel Aware":false,"Async Capable":false,"Relation Name":"supplier","Schema":"public","Alias":"supplier","Startup Cost":20.0,"Total Cost":295.0,"Plan Rows":10000,"Plan Width":131,"Actual Startup Time":0.002,"Actual Total Time":0.003,"Actual Rows":10000,"Actual Loops":1,"Output":["supplier.su_suppkey","supplier.su_name","supplier.su_address","supplier.su_phone","supplier.su_comment","supplier.su_nationkey"],"Rows Removed by Columnar Filter":0,"Columnar cache search mode":"native","Shared Hit Blocks":0,"Shared Read Blocks":0,"Shared Dirtied Blocks":0,"Shared Written Blocks":0,"Local Hit Blocks":0,"Local Read Blocks":0,"Local Dirtied Blocks":0,"Local Written Blocks":0,"Temp Read Blocks":0,"Temp Written Blocks":0,"I/O Read Time":0.0,"I/O Write Time":0.0,"Temp I/O Read Time":0.0,"Temp I/O Write Time":0.0},{"Node Type":"Seq Scan","Parent Relationship":"Member","Parallel Aware":false,"Async Capable":false,"Relation Name":"supplier","Schema":"public","Alias":"supplier","Startup Cost":0.0,"Total Cost":4.01,"Plan Rows":1,"Plan Width":131,"Actual Startup Time":0.0,"Actual Total Time":0.0,"Actual Rows":0,"Actual Loops":0,"Output":["supplier.su_suppkey","supplier.su_name","supplier.su_address","supplier.su_phone","supplier.su_comment","supplier.su_nationkey"],"Shared Hit Blocks":0,"Shared Read Blocks":0,"Shared Dirtied Blocks":0,"Shared Written Blocks":0,"Local Hit Blocks":0,"Local Read Blocks":0,"Local Dirtied Blocks":0,"Local Written Blocks":0,"Temp Read Blocks":0,"Temp Written Blocks":0,"I/O Read Time":0.0,"I/O Write Time":0.0,"Temp I/O Read Time":0.0,"Temp I/O Write Time":0.0}]},{"Node Type":"Hash","Parent Relationship":"Inner","Parallel Aware":false,"Async Capable":false,"Startup Cost":25.34,"Total Cost":25.34,"Plan Rows":63,"Plan Width":16,"Actual Rows":62,"Actual Loops":1,"Output":["nation.n_name","nation.n_nationkey","nation.n_regionkey"],"Shared Hit Blocks":0,"Shared Read Blocks":0,"Shared Dirtied Blocks":0,"Shared Written Blocks":0,"Local Hit Blocks":0,"Local Read Blocks":0,"Local Dirtied Blocks":0,"Local Written Blocks":0,"Temp Read Blocks":0,"Temp Written Blocks":0,"I/O Read Time":0.0,"I/O Write Time":0.0,"Temp I/O Read Time":0.0,"Temp I/O Write Time":0.0,"Plans":[{"Node Type":"Append","Parent Relationship":"Outer","Parallel Aware":false,"Async Capable":false,"Startup Cost":20.0,"Total Cost":25.34,"Plan Rows":63,"Plan Width":16,"Actual Startup Time":0.012,"Actual Total Time":0.015,"Actual Rows":62,"Actual Loops":1,"Shared Hit Blocks":0,"Shared Read Blocks":0,"Shared Dirtied Blocks":0,"Shared Written Blocks":0,"Local Hit Blocks":0,"Local Read Blocks":0,"Local Dirtied Blocks":0,"Local Written Blocks":0,"Temp Read Blocks":0,"Temp Written Blocks":0,"I/O Read Time":0.0,"I/O Write Time":0.0,"Temp I/O Read Time":0.0,"Temp I/O Write Time":0.0,"Subplans Removed":0,"Plans":[{"Node Type":"Custom Scan","Parent Relationship":"Member","Custom Plan Provider":"columnar scan","Parallel Aware":false,"Async Capable":false,"Relation Name":"nation","Schema":"public","Alias":"nation","Startup Cost":20.0,"Total Cost":21.33,"Plan Rows":62,"Plan Width":16,"Actual Startup Time":0.011,"Actual Total Time":0.011,"Actual Rows":62,"Actual Loops":1,"Output":["nation.n_name","nation.n_nationkey","nation.n_regionkey"],"Rows Removed by Columnar Filter":0,"Columnar cache search mode":"native","Shared Hit Blocks":0,"Shared Read Blocks":0,"Shared Dirtied Blocks":0,"Shared Written Blocks":0,"Local Hit Blocks":0,"Local Read Blocks":0,"Local Dirtied Blocks":0,"Local Written Blocks":0,"Temp Read Blocks":0,"Temp Written Blocks":0,"I/O Read Time":0.0,"I/O Write Time":0.0,"Temp I/O Read Time":0.0,"Temp I/O Write Time":0.0},{"Node Type":"Seq Scan","Parent Relationship":"Member","Parallel Aware":false,"Async Capable":false,"Relation Name":"nation","Schema":"public","Alias":"nation","Startup Cost":0.0,"Total Cost":4.01,"Plan Rows":1,"Plan Width":16,"Actual Startup Time":0.0,"Actual Total Time":0.0,"Actual Rows":0,"Actual Loops":0,"Output":["nation.n_name","nation.n_nationkey","nation.n_regionkey"],"Shared Hit Blocks":0,"Shared Read Blocks":0,"Shared Dirtied Blocks":0,"Shared Written Blocks":0,"Local Hit Blocks":0,"Local Read Blocks":0,"Local Dirtied Blocks":0,"Local Written Blocks":0,"Temp Read Blocks":0,"Temp Written Blocks":0,"I/O Read Time":0.0,"I/O Write Time":0.0,"Temp I/O Read Time":0.0,"Temp I/O Write Time":0.0}]}]}]},{"Node Type":"Hash","Parent Relationship":"Inner","Parallel Aware":false,"Async Capable":false,"Startup Cost":1.06,"Total Cost":1.06,"Plan Rows":1,"Plan Width":4,"Actual Startup Time":0.014,"Actual Total Time":0.016,"Actual Rows":1,"Actual Loops":1,"Output":["region.r_regionkey"],"Hash Buckets":1024,"Original Hash Buckets":1024,"Hash Batches":1,"Original Hash Batches":1,"Peak Memory Usage":9,"Shared Hit Blocks":1,"Shared Read Blocks":0,"Shared Dirtied Blocks":0,"Shared Written Blocks":0,"Local Hit Blocks":0,"Local Read Blocks":0,"Local Dirtied Blocks":0,"Local Written Blocks":0,"Temp Read Blocks":0,"Temp Written Blocks":0,"I/O Read Time":0.0,"I/O Write Time":0.0,"Temp I/O Read Time":0.0,"Temp I/O Write Time":0.0,"Plans":[{"Node Type":"Seq Scan","Parent Relationship":"Outer","Parallel Aware":false,"Async Capable":false,"Relation Name":"region","Schema":"public","Alias":"region","Startup Cost":0.0,"Total Cost":1.06,"Plan Rows":1,"Plan Width":4,"Actual Startup Time":0.011,"Actual Total Time":0.012,"Actual Rows":1,"Actual Loops":1,"Output":["region.r_regionkey"],"Filter":"((region.r_name)::text ~~ 'Europ%'::text)","Rows Removed by Filter":4,"Shared Hit Blocks":1,"Shared Read Blocks":0,"Shared Dirtied Blocks":0,"Shared Written Blocks":0,"Local Hit Blocks":0,"Local Read Blocks":0,"Local Dirtied Blocks":0,"Local Written Blocks":0,"Temp Read Blocks":0,"Temp Written Blocks":0,"I/O Read Time":0.0,"I/O Write Time":0.0,"Temp I/O Read Time":0.0,"Temp I/O Write Time":0.0}]}]}]}]}]},"Planning":{"Shared Hit Blocks":36,"Shared Read Blocks":0,"Shared Dirtied Blocks":0,"Shared Written Blocks":0,"Local Hit Blocks":0,"Local Read Blocks":0,"Local Dirtied Blocks":0,"Local Written Blocks":0,"Temp Read Blocks":0,"Temp Written Blocks":0,"I/O Read Time":0.0,"I/O Write Time":0.0,"Temp I/O Read Time":0.0,"Temp I/O Write Time":0.0},"Planning Time":0.884,"Triggers":[],"Execution Time":6485.219}]
[列存组合]: item, region, stock
[{"Plan":{"Node Type":"Sort","Parallel Aware":false,"Async Capable":false,"Startup Cost":455187.99,"Total Cost":455188.49,"Plan Rows":198,"Plan Width":164,"Actual Startup Time":4579.322,"Actual Total Time":4579.421,"Actual Rows":1900,"Actual Loops":1,"Output":["supplier.su_suppkey","supplier.su_name","nation.n_name","item.i_id","item.i_name","supplier.su_address","supplier.su_phone","supplier.su_comment"],"Sort Key":["nation.n_name","supplier.su_name","item.i_id"],"Sort Method":"quicksort","Sort Space Used":439,"Sort Space Type":"Memory","Shared Hit Blocks":9329,"Shared Read Blocks":0,"Shared Dirtied Blocks":0,"Shared Written Blocks":0,"Local Hit Blocks":0,"Local Read Blocks":0,"Local Dirtied Blocks":0,"Local Written Blocks":0,"Temp Read Blocks":4157,"Temp Written Blocks":7564,"I/O Read Time":0.0,"I/O Write Time":0.0,"Temp I/O Read Time":6.327,"Temp I/O Write Time":25.709,"Plans":[{"Node Type":"Hash Join","Parent Relationship":"Outer","Parallel Aware":false,"Async Capable":false,"Join Type":"Inner","Startup Cost":429542.1,"Total Cost":455180.44,"Plan Rows":198,"Plan Width":164,"Actual Startup Time":4474.698,"Actual Total Time":4575.895,"Actual Rows":1900,"Actual Loops":1,"Output":["supplier.su_suppkey","supplier.su_name","nation.n_name","item.i_id","item.i_name","supplier.su_address","supplier.su_phone","supplier.su_comment"],"Hash Cond":"(supplier.su_nationkey = nation.n_nationkey)","Shared Hit Blocks":9329,"Shared Read Blocks":0,"Shared Dirtied Blocks":0,"Shared Written Blocks":0,"Local Hit Blocks":0,"Local Read Blocks":0,"Local Dirtied Blocks":0,"Local Written Blocks":0,"Temp Read Blocks":4157,"Temp Written Blocks":7564,"I/O Read Time":0.0,"I/O Write Time":0.0,"Temp I/O Read Time":6.327,"Temp I/O Write Time":25.709,"Plans":[{"Node Type":"Nested Loop","Parent Relationship":"Outer","Parallel Aware":false,"Async Capable":false,"Join Type":"Inner","Startup Cost":429538.96,"Total Cost":455171.66,"Plan Rows":991,"Plan Width":160,"Actual Startup Time":4474.632,"Actual Total Time":4575.256,"Actual Rows":3036,"Actual Loops":1,"Output":["item.i_id","item.i_name","supplier.su_suppkey","supplier.su_name","supplier.su_address","supplier.su_phone","supplier.su_comment","supplier.su_nationkey"],"Shared Hit Blocks":9327,"Shared Read Blocks":0,"Shared Dirtied Blocks":0,"Shared Written Blocks":0,"Local Hit Blocks":0,"Local Read Blocks":0,"Local Dirtied Blocks":0,"Local Written Blocks":0,"Temp Read Blocks":4157,"Temp Written Blocks":7564,"I/O Read Time":0.0,"I/O Write Time":0.0,"Temp I/O Read Time":6.327,"Temp I/O Write Time":25.709,"Plans":[{"Node Type":"Hash Join","Parent Relationship":"Outer","Parallel Aware":false,"Async Capable":false,"Join Type":"Inner","Startup Cost":429538.67,"Total Cost":454866.83,"Plan Rows":991,"Plan Width":35,"Actual Startup Time":4474.583,"Actual Total Time":4569.286,"Actual Rows":3036,"Actual Loops":1,"Output":["item.i_id","item.i_name","stock.s_i_id","stock.s_w_id"],"Hash Cond":"((item.i_id = stock_1.s_i_id) AND (stock.s_quantity = (min(stock_1.s_quantity))))","Shared Hit Blocks":219,"Shared Read Blocks":0,"Shared Dirtied Blocks":0,"Shared Written Blocks":0,"Local Hit Blocks":0,"Local Read Blocks":0,"Local Dirtied Blocks":0,"Local Written Blocks":0,"Temp Read Blocks":4157,"Temp Written Blocks":7564,"I/O Read Time":0.0,"I/O Write Time":0.0,"Temp I/O Read Time":6.327,"Temp I/O Write Time":25.709,"Plans":[{"Node Type":"Hash Join","Parent Relationship":"Outer","Parallel Aware":false,"Async Capable":false,"Join Type":"Inner","Startup Cost":48.95,"Total Cost":24316.6,"Plan Rows":202003,"Plan Width":37,"Actual Startup Time":75.139,"Actual Total Time":148.413,"Actual Rows":157200,"Actual Loops":1,"Output":["item.i_id","item.i_name","stock.s_i_id","stock.s_w_id","stock.s_quantity"],"Hash Cond":"(stock.s_i_id = item.i_id)","Rows Removed by Bloom Filter":21350409,"Shared Hit Blocks":0,"Shared Read Blocks":0,"Shared Dirtied Blocks":0,"Shared Written Blocks":0,"Local Hit Blocks":0,"Local Read Blocks":0,"Local Dirtied Blocks":0,"Local Written Blocks":0,"Temp Read Blocks":0,"Temp Written Blocks":0,"I/O Read Time":0.0,"I/O Write Time":0.0,"Temp I/O Read Time":0.0,"Temp I/O Write Time":0.0,"Plans":[{"Node Type":"Append","Parent Relationship":"Outer","Parallel Aware":false,"Async Capable":false,"Startup Cost":20.0,"Total Cost":215025.67,"Plan Rows":10000162,"Plan Width":8,"Actual Startup Time":0.171,"Actual Total Time":0.177,"Actual Rows":10000000,"Actual Loops":1,"Shared Hit Blocks":0,"Shared Read Blocks":0,"Shared Dirtied Blocks":0,"Shared Written Blocks":0,"Local Hit Blocks":0,"Local Read Blocks":0,"Local Dirtied Blocks":0,"Local Written Blocks":0,"Temp Read Blocks":0,"Temp Written Blocks":0,"I/O Read Time":0.0,"I/O Write Time":0.0,"Temp I/O Read Time":0.0,"Temp I/O Write Time":0.0,"Subplans Removed":0,"Plans":[{"Node Type":"Custom Scan","Parent Relationship":"Member","Custom Plan Provider":"columnar scan","Parallel Aware":false,"Async Capable":false,"Relation Name":"stock","Schema":"public","Alias":"stock","Startup Cost":20.0,"Total Cost":215020.05,"Plan Rows":10000000,"Plan Width":8,"Actual Startup Time":0.171,"Actual Total Time":0.172,"Actual Rows":10000000,"Actual Loops":1,"Output":["stock.s_i_id","stock.s_w_id","stock.s_quantity"],"Rows Removed by Columnar Filter":0,"Columnar cache search mode":"native","Shared Hit Blocks":0,"Shared Read Blocks":0,"Shared Dirtied Blocks":0,"Shared Written Blocks":0,"Local Hit Blocks":0,"Local Read Blocks":0,"Local Dirtied Blocks":0,"Local Written Blocks":0,"Temp Read Blocks":0,"Temp Written Blocks":0,"I/O Read Time":0.0,"I/O Write Time":0.0,"Temp I/O Read Time":0.0,"Temp I/O Write Time":0.0},{"Node Type":"Seq Scan","Parent Relationship":"Member","Parallel Aware":false,"Async Capable":false,"Relation Name":"stock","Schema":"public","Alias":"stock","Startup Cost":0.0,"Total Cost":5.62,"Plan Rows":162,"Plan Width":8,"Actual Startup Time":0.0,"Actual Total Time":0.0,"Actual Rows":0,"Actual Loops":0,"Output":["stock.s_i_id","stock.s_w_id","stock.s_quantity"],"Shared Hit Blocks":0,"Shared Read Blocks":0,"Shared Dirtied Blocks":0,"Shared Written Blocks":0,"Local Hit Blocks":0,"Local Read Blocks":0,"Local Dirtied Blocks":0,"Local Written Blocks":0,"Temp Read Blocks":0,"Temp Written Blocks":0,"I/O Read Time":0.0,"I/O Write Time":0.0,"Temp I/O Read Time":0.0,"Temp I/O Write Time":0.0}]},{"Node Type":"Hash","Parent Relationship":"Inner","Parallel Aware":false,"Async Capable":false,"Startup Cost":63.41,"Total Cost":63.41,"Plan Rows":2021,"Plan Width":29,"Actual Rows":1572,"Actual Loops":1,"Output":["item.i_id","item.i_name"],"Shared Hit Blocks":0,"Shared Read Blocks":0,"Shared Dirtied Blocks":0,"Shared Written Blocks":0,"Local Hit Blocks":0,"Local Read Blocks":0,"Local Dirtied Blocks":0,"Local Written Blocks":0,"Temp Read Blocks":0,"Temp Written Blocks":0,"I/O Read Time":0.0,"I/O Write Time":0.0,"Temp I/O Read Time":0.0,"Temp I/O Write Time":0.0,"Plans":[{"Node Type":"Append","Parent Relationship":"Outer","Parallel Aware":false,"Async Capable":false,"Startup Cost":20.0,"Total Cost":63.41,"Plan Rows":2021,"Plan Width":29,"Actual Startup Time":7.296,"Actual Total Time":7.3,"Actual Rows":1572,"Actual Loops":1,"Shared Hit Blocks":0,"Shared Read Blocks":0,"Shared Dirtied Blocks":0,"Shared Written Blocks":0,"Local Hit Blocks":0,"Local Read Blocks":0,"Local Dirtied Blocks":0,"Local Written Blocks":0,"Temp Read Blocks":0,"Temp Written Blocks":0,"I/O Read Time":0.0,"I/O Write Time":0.0,"Temp I/O Read Time":0.0,"Temp I/O Write Time":0.0,"Subplans Removed":0,"Plans":[{"Node Type":"Custom Scan","Parent Relationship":"Member","Custom Plan Provider":"columnar scan","Parallel Aware":false,"Async Capable":false,"Relation Name":"item","Schema":"public","Alias":"item","Startup Cost":20.0,"Total Cost":59.4,"Plan Rows":2020,"Plan Width":29,"Actual Startup Time":7.294,"Actual Total Time":7.294,"Actual Rows":1572,"Actual Loops":1,"Output":["item.i_id","item.i_name"],"Filter":"((item.i_data)::text ~~ '%b'::text)","Rows Removed by Filter":0,"Rows Removed by Columnar Filter":98428,"Columnar cache search mode":"native","Shared Hit Blocks":0,"Shared Read Blocks":0,"Shared Dirtied Blocks":0,"Shared Written Blocks":0,"Local Hit Blocks":0,"Local Read Blocks":0,"Local Dirtied Blocks":0,"Local Written Blocks":0,"Temp Read Blocks":0,"Temp Written Blocks":0,"I/O Read Time":0.0,"I/O Write Time":0.0,"Temp I/O Read Time":0.0,"Temp I/O Write Time":0.0},{"Node Type":"Seq Scan","Parent Relationship":"Member","Parallel Aware":false,"Async Capable":false,"Relation Name":"item","Schema":"public","Alias":"item","Startup Cost":0.0,"Total Cost":4.01,"Plan Rows":1,"Plan Width":29,"Actual Startup Time":0.0,"Actual Total Time":0.0,"Actual Rows":0,"Actual Loops":0,"Output":["item.i_id","item.i_name"],"Filter":"((item.i_data)::text ~~ '%b'::text)","Rows Removed by Filter":0,"Shared Hit Blocks":0,"Shared Read Blocks":0,"Shared Dirtied Blocks":0,"Shared Written Blocks":0,"Local Hit Blocks":0,"Local Read Blocks":0,"Local Dirtied Blocks":0,"Local Written Blocks":0,"Temp Read Blocks":0,"Temp Written Blocks":0,"I/O Read Time":0.0,"I/O Write Time":0.0,"Temp I/O Read Time":0.0,"Temp I/O Write Time":0.0}]}]}]},{"Node Type":"Hash","Parent Relationship":"Inner","Parallel Aware":false,"Async Capable":false,"Startup Cost":428018.14,"Total Cost":428018.14,"Plan Rows":98105,"Plan Width":6,"Actual Startup Time":4398.881,"Actual Total Time":4398.89,"Actual Rows":100000,"Actual Loops":1,"Output":["stock_1.s_i_id","(min(stock_1.s_quantity))"],"Hash Buckets":131072,"Original Hash Buckets":131072,"Hash Batches":1,"Original Hash Batches":1,"Peak Memory Usage":4735,"Shared Hit Blocks":219,"Shared Read Blocks":0,"Shared Dirtied Blocks":0,"Shared Written Blocks":0,"Local Hit Blocks":0,"Local Read Blocks":0,"Local Dirtied Blocks":0,"Local Written Blocks":0,"Temp Read Blocks":4157,"Temp Written Blocks":7564,"I/O Read Time":0.0,"I/O Write Time":0.0,"Temp I/O Read Time":6.327,"Temp I/O Write Time":25.709,"Plans":[{"Node Type":"Aggregate","Strategy":"Hashed","Partial Mode":"Simple","Parent Relationship":"Outer","Parallel Aware":false,"Async Capable":false,"Startup Cost":410430.79,"Total Cost":427037.09,"Plan Rows":98105,"Plan Width":6,"Actual Startup Time":4211.722,"Actual Total Time":4382.913,"Actual Rows":100000,"Actual Loops":1,"Output":["stock_1.s_i_id","min(stock_1.s_quantity)"],"Group Key":["stock_1.s_i_id"],"Planned Partitions":0,"HashAgg Batches":5,"Peak Memory Usage":8241,"Disk Usage":35680,"Shared Hit Blocks":219,"Shared Read Blocks":0,"Shared Dirtied Blocks":0,"Shared Written Blocks":0,"Local Hit Blocks":0,"Local Read Blocks":0,"Local Dirtied Blocks":0,"Local Written Blocks":0,"Temp Read Blocks":4157,"Temp Written Blocks":7564,"I/O Read Time":0.0,"I/O Write Time":0.0,"Temp I/O Read Time":6.327,"Temp I/O Write Time":25.709,"Plans":[{"Node Type":"Hash Join","Parent Relationship":"Outer","Parallel Aware":false,"Async Capable":false,"Join Type":"Inner","Startup Cost":421.99,"Total Cost":297928.99,"Plan Rows":2000032,"Plan Width":6,"Actual Startup Time":2.685,"Actual Total Time":3554.402,"Actual Rows":3474600,"Actual Loops":1,"Output":["stock_1.s_i_id","stock_1.s_quantity"],"Hash Cond":"(mod((stock_1.s_w_id * stock_1.s_i_id), 10000) = supplier_1.su_suppkey)","Shared Hit Blocks":219,"Shared Read Blocks":0,"Shared Dirtied Blocks":0,"Shared Written Blocks":0,"Local Hit Blocks":0,"Local Read Blocks":0,"Local Dirtied Blocks":0,"Local Written Blocks":0,"Temp Read Blocks":0,"Temp Written Blocks":0,"I/O Read Time":0.0,"I/O Write Time":0.0,"Temp I/O Read Time":0.0,"Temp I/O Write Time":0.0,"Plans":[{"Node Type":"Append","Parent Relationship":"Outer","Parallel Aware":false,"Async Capable":false,"Startup Cost":20.0,"Total Cost":215025.67,"Plan Rows":10000162,"Plan Width":8,"Actual Startup Time":0.021,"Actual Total Time":2084.668,"Actual Rows":10000000,"Actual Loops":1,"Shared Hit Blocks":0,"Shared Read Blocks":0,"Shared Dirtied Blocks":0,"Shared Written Blocks":0,"Local Hit Blocks":0,"Local Read Blocks":0,"Local Dirtied Blocks":0,"Local Written Blocks":0,"Temp Read Blocks":0,"Temp Written Blocks":0,"I/O Read Time":0.0,"I/O Write Time":0.0,"Temp I/O Read Time":0.0,"Temp I/O Write Time":0.0,"Subplans Removed":0,"Plans":[{"Node Type":"Custom Scan","Parent Relationship":"Member","Custom Plan Provider":"columnar scan","Parallel Aware":false,"Async Capable":false,"Relation Name":"stock","Schema":"public","Alias":"stock_1","Startup Cost":20.0,"Total Cost":215020.05,"Plan Rows":10000000,"Plan Width":8,"Actual Startup Time":0.02,"Actual Total Time":1384.578,"Actual Rows":10000000,"Actual Loops":1,"Output":["stock_1.s_i_id","stock_1.s_quantity","stock_1.s_w_id"],"Rows Removed by Columnar Filter":0,"Columnar cache search mode":"native","Shared Hit Blocks":0,"Shared Read Blocks":0,"Shared Dirtied Blocks":0,"Shared Written Blocks":0,"Local Hit Blocks":0,"Local Read Blocks":0,"Local Dirtied Blocks":0,"Local Written Blocks":0,"Temp Read Blocks":0,"Temp Written Blocks":0,"I/O Read Time":0.0,"I/O Write Time":0.0,"Temp I/O Read Time":0.0,"Temp I/O Write Time":0.0},{"Node Type":"Seq Scan","Parent Relationship":"Member","Parallel Aware":false,"Async Capable":false,"Relation Name":"stock","Schema":"public","Alias":"stock_1","Startup Cost":0.0,"Total Cost":5.62,"Plan Rows":162,"Plan Width":8,"Actual Startup Time":0.0,"Actual Total Time":0.0,"Actual Rows":0,"Actual Loops":0,"Output":["stock_1.s_i_id","stock_1.s_quantity","stock_1.s_w_id"],"Shared Hit Blocks":0,"Shared Read Blocks":0,"Shared Dirtied Blocks":0,"Shared Written Blocks":0,"Local Hit Blocks":0,"Local Read Blocks":0,"Local Dirtied Blocks":0,"Local Written Blocks":0,"Temp Read Blocks":0,"Temp Written Blocks":0,"I/O Read Time":0.0,"I/O Write Time":0.0,"Temp I/O Read Time":0.0,"Temp I/O Write Time":0.0}]},{"Node Type":"Hash","Parent Relationship":"Inner","Parallel Aware":false,"Async Capable":false,"Startup Cost":376.99,"Total Cost":376.99,"Plan Rows":2000,"Plan Width":4,"Actual Startup Time":2.655,"Actual Total Time":2.663,"Actual Rows":3506,"Actual Loops":1,"Output":["supplier_1.su_suppkey"],"Hash Buckets":4096,"Original Hash Buckets":2048,"Hash Batches":1,"Original Hash Batches":1,"Peak Memory Usage":156,"Shared Hit Blocks":219,"Shared Read Blocks":0,"Shared Dirtied Blocks":0,"Shared Written Blocks":0,"Local Hit Blocks":0,"Local Read Blocks":0,"Local Dirtied Blocks":0,"Local Written Blocks":0,"Temp Read Blocks":0,"Temp Written Blocks":0,"I/O Read Time":0.0,"I/O Write Time":0.0,"Temp I/O Read Time":0.0,"Temp I/O Write Time":0.0,"Plans":[{"Node Type":"Hash Join","Parent Relationship":"Outer","Parallel Aware":false,"Async Capable":false,"Join Type":"Inner","Startup Cost":3.14,"Total Cost":376.99,"Plan Rows":2000,"Plan Width":4,"Actual Startup Time":0.063,"Actual Total Time":2.232,"Actual Rows":3506,"Actual Loops":1,"Output":["supplier_1.su_suppkey"],"Hash Cond":"(supplier_1.su_nationkey = nation_1.n_nationkey)","Shared Hit Blocks":219,"Shared Read Blocks":0,"Shared Dirtied Blocks":0,"Shared Written Blocks":0,"Local Hit Blocks":0,"Local Read Blocks":0,"Local Dirtied Blocks":0,"Local Written Blocks":0,"Temp Read Blocks":0,"Temp Written Blocks":0,"I/O Read Time":0.0,"I/O Write Time":0.0,"Temp I/O Read Time":0.0,"Temp I/O Write Time":0.0,"Plans":[{"Node Type":"Seq Scan","Parent Relationship":"Outer","Parallel Aware":false,"Async Capable":false,"Relation Name":"supplier","Schema":"public","Alias":"supplier_1","Startup Cost":0.0,"Total Cost":317.0,"Plan Rows":10000,"Plan Width":8,"Actual Startup Time":0.01,"Actual Total Time":0.829,"Actual Rows":10000,"Actual Loops":1,"Output":["supplier_1.su_suppkey","supplier_1.su_name","supplier_1.su_address","supplier_1.su_nationkey","supplier_1.su_phone","supplier_1.su_acctbal","supplier_1.su_comment"],"Shared Hit Blocks":217,"Shared Read Blocks":0,"Shared Dirtied Blocks":0,"Shared Written Blocks":0,"Local Hit Blocks":0,"Local Read Blocks":0,"Local Dirtied Blocks":0,"Local Written Blocks":0,"Temp Read Blocks":0,"Temp Written Blocks":0,"I/O Read Time":0.0,"I/O Write Time":0.0,"Temp I/O Read Time":0.0,"Temp I/O Write Time":0.0},{"Node Type":"Hash","Parent Relationship":"Inner","Parallel Aware":false,"Async Capable":false,"Startup Cost":2.99,"Total Cost":2.99,"Plan Rows":12,"Plan Width":4,"Actual Startup Time":0.045,"Actual Total Time":0.049,"Actual Rows":22,"Actual Loops":1,"Output":["nation_1.n_nationkey"],"Hash Buckets":1024,"Original Hash Buckets":1024,"Hash Batches":1,"Original Hash Batches":1,"Peak Memory Usage":9,"Shared Hit Blocks":2,"Shared Read Blocks":0,"Shared Dirtied Blocks":0,"Shared Written Blocks":0,"Local Hit Blocks":0,"Local Read Blocks":0,"Local Dirtied Blocks":0,"Local Written Blocks":0,"Temp Read Blocks":0,"Temp Written Blocks":0,"I/O Read Time":0.0,"I/O Write Time":0.0,"Temp I/O Read Time":0.0,"Temp I/O Write Time":0.0,"Plans":[{"Node Type":"Hash Join","Parent Relationship":"Outer","Parallel Aware":false,"Async Capable":false,"Join Type":"Inner","Startup Cost":1.07,"Total Cost":2.99,"Plan Rows":12,"Plan Width":4,"Actual Startup Time":0.028,"Actual Total Time":0.045,"Actual Rows":22,"Actual Loops":1,"Output":["nation_1.n_nationkey"],"Hash Cond":"(nation_1.n_regionkey = region_1.r_regionkey)","Shared Hit Blocks":2,"Shared Read Blocks":0,"Shared Dirtied Blocks":0,"Shared Written Blocks":0,"Local Hit Blocks":0,"Local Read Blocks":0,"Local Dirtied Blocks":0,"Local Written Blocks":0,"Temp Read Blocks":0,"Temp Written Blocks":0,"I/O Read Time":0.0,"I/O Write Time":0.0,"Temp I/O Read Time":0.0,"Temp I/O Write Time":0.0,"Plans":[{"Node Type":"Seq Scan","Parent Relationship":"Outer","Parallel Aware":false,"Async Capable":false,"Relation Name":"nation","Schema":"public","Alias":"nation_1","Startup Cost":0.0,"Total Cost":1.62,"Plan Rows":62,"Plan Width":8,"Actual Startup Time":0.005,"Actual Total Time":0.009,"Actual Rows":62,"Actual Loops":1,"Output":["nation_1.n_nationkey","nation_1.n_name","nation_1.n_regionkey","nation_1.n_comment"],"Shared Hit Blocks":1,"Shared Read Blocks":0,"Shared Dirtied Blocks":0,"Shared Written Blocks":0,"Local Hit Blocks":0,"Local Read Blocks":0,"Local Dirtied Blocks":0,"Local Written Blocks":0,"Temp Read Blocks":0,"Temp Written Blocks":0,"I/O Read Time":0.0,"I/O Write Time":0.0,"Temp I/O Read Time":0.0,"Temp I/O Write Time":0.0},{"Node Type":"Hash","Parent Relationship":"Inner","Parallel Aware":false,"Async Capable":false,"Startup Cost":1.06,"Total Cost":1.06,"Plan Rows":1,"Plan Width":4,"Actual Startup Time":0.009,"Actual Total Time":0.012,"Actual Rows":1,"Actual Loops":1,"Output":["region_1.r_regionkey"],"Hash Buckets":1024,"Original Hash Buckets":1024,"Hash Batches":1,"Original Hash Batches":1,"Peak Memory Usage":9,"Shared Hit Blocks":1,"Shared Read Blocks":0,"Shared Dirtied Blocks":0,"Shared Written Blocks":0,"Local Hit Blocks":0,"Local Read Blocks":0,"Local Dirtied Blocks":0,"Local Written Blocks":0,"Temp Read Blocks":0,"Temp Written Blocks":0,"I/O Read Time":0.0,"I/O Write Time":0.0,"Temp I/O Read Time":0.0,"Temp I/O Write Time":0.0,"Plans":[{"Node Type":"Seq Scan","Parent Relationship":"Outer","Parallel Aware":false,"Async Capable":false,"Relation Name":"region","Schema":"public","Alias":"region_1","Startup Cost":0.0,"Total Cost":1.06,"Plan Rows":1,"Plan Width":4,"Actual Startup Time":0.006,"Actual Total Time":0.007,"Actual Rows":1,"Actual Loops":1,"Output":["region_1.r_regionkey"],"Filter":"((region_1.r_name)::text ~~ 'Europ%'::text)","Rows Removed by Filter":4,"Shared Hit Blocks":1,"Shared Read Blocks":0,"Shared Dirtied Blocks":0,"Shared Written Blocks":0,"Local Hit Blocks":0,"Local Read Blocks":0,"Local Dirtied Blocks":0,"Local Written Blocks":0,"Temp Read Blocks":0,"Temp Written Blocks":0,"I/O Read Time":0.0,"I/O Write Time":0.0,"Temp I/O Read Time":0.0,"Temp I/O Write Time":0.0}]}]}]}]}]}]}]}]}]},{"Node Type":"Index Scan","Parent Relationship":"Inner","Parallel Aware":false,"Async Capable":false,"Scan Direction":"Forward","Index Name":"supplier_pk","Relation Name":"supplier","Schema":"public","Alias":"supplier","Startup Cost":0.29,"Total Cost":0.31,"Plan Rows":1,"Plan Width":131,"Actual Startup Time":0.002,"Actual Total Time":0.002,"Actual Rows":1,"Actual Loops":3036,"Output":["supplier.su_suppkey","supplier.su_name","supplier.su_address","supplier.su_nationkey","supplier.su_phone","supplier.su_acctbal","supplier.su_comment"],"Index Cond":"(supplier.su_suppkey = mod((stock.s_w_id * stock.s_i_id), 10000))","Rows Removed by Index Recheck":0,"Shared Hit Blocks":9108,"Shared Read Blocks":0,"Shared Dirtied Blocks":0,"Shared Written Blocks":0,"Local Hit Blocks":0,"Local Read Blocks":0,"Local Dirtied Blocks":0,"Local Written Blocks":0,"Temp Read Blocks":0,"Temp Written Blocks":0,"I/O Read Time":0.0,"I/O Write Time":0.0,"Temp I/O Read Time":0.0,"Temp I/O Write Time":0.0}]},{"Node Type":"Hash","Parent Relationship":"Inner","Parallel Aware":false,"Async Capable":false,"Startup Cost":2.99,"Total Cost":2.99,"Plan Rows":12,"Plan Width":12,"Actual Startup Time":0.048,"Actual Total Time":0.052,"Actual Rows":22,"Actual Loops":1,"Output":["nation.n_name","nation.n_nationkey"],"Hash Buckets":1024,"Original Hash Buckets":1024,"Hash Batches":1,"Original Hash Batches":1,"Peak Memory Usage":9,"Shared Hit Blocks":2,"Shared Read Blocks":0,"Shared Dirtied Blocks":0,"Shared Written Blocks":0,"Local Hit Blocks":0,"Local Read Blocks":0,"Local Dirtied Blocks":0,"Local Written Blocks":0,"Temp Read Blocks":0,"Temp Written Blocks":0,"I/O Read Time":0.0,"I/O Write Time":0.0,"Temp I/O Read Time":0.0,"Temp I/O Write Time":0.0,"Plans":[{"Node Type":"Hash Join","Parent Relationship":"Outer","Parallel Aware":false,"Async Capable":false,"Join Type":"Inner","Startup Cost":1.07,"Total Cost":2.99,"Plan Rows":12,"Plan Width":12,"Actual Startup Time":0.032,"Actual Total Time":0.047,"Actual Rows":22,"Actual Loops":1,"Output":["nation.n_name","nation.n_nationkey"],"Hash Cond":"(nation.n_regionkey = region.r_regionkey)","Shared Hit Blocks":2,"Shared Read Blocks":0,"Shared Dirtied Blocks":0,"Shared Written Blocks":0,"Local Hit Blocks":0,"Local Read Blocks":0,"Local Dirtied Blocks":0,"Local Written Blocks":0,"Temp Read Blocks":0,"Temp Written Blocks":0,"I/O Read Time":0.0,"I/O Write Time":0.0,"Temp I/O Read Time":0.0,"Temp I/O Write Time":0.0,"Plans":[{"Node Type":"Seq Scan","Parent Relationship":"Outer","Parallel Aware":false,"Async Capable":false,"Relation Name":"nation","Schema":"public","Alias":"nation","Startup Cost":0.0,"Total Cost":1.62,"Plan Rows":62,"Plan Width":16,"Actual Startup Time":0.011,"Actual Total Time":0.014,"Actual Rows":62,"Actual Loops":1,"Output":["nation.n_nationkey","nation.n_name","nation.n_regionkey","nation.n_comment"],"Shared Hit Blocks":1,"Shared Read Blocks":0,"Shared Dirtied Blocks":0,"Shared Written Blocks":0,"Local Hit Blocks":0,"Local Read Blocks":0,"Local Dirtied Blocks":0,"Local Written Blocks":0,"Temp Read Blocks":0,"Temp Written Blocks":0,"I/O Read Time":0.0,"I/O Write Time":0.0,"Temp I/O Read Time":0.0,"Temp I/O Write Time":0.0},{"Node Type":"Hash","Parent Relationship":"Inner","Parallel Aware":false,"Async Capable":false,"Startup Cost":1.06,"Total Cost":1.06,"Plan Rows":1,"Plan Width":4,"Actual Startup Time":0.011,"Actual Total Time":0.013,"Actual Rows":1,"Actual Loops":1,"Output":["region.r_regionkey"],"Hash Buckets":1024,"Original Hash Buckets":1024,"Hash Batches":1,"Original Hash Batches":1,"Peak Memory Usage":9,"Shared Hit Blocks":1,"Shared Read Blocks":0,"Shared Dirtied Blocks":0,"Shared Written Blocks":0,"Local Hit Blocks":0,"Local Read Blocks":0,"Local Dirtied Blocks":0,"Local Written Blocks":0,"Temp Read Blocks":0,"Temp Written Blocks":0,"I/O Read Time":0.0,"I/O Write Time":0.0,"Temp I/O Read Time":0.0,"Temp I/O Write Time":0.0,"Plans":[{"Node Type":"Seq Scan","Parent Relationship":"Outer","Parallel Aware":false,"Async Capable":false,"Relation Name":"region","Schema":"public","Alias":"region","Startup Cost":0.0,"Total Cost":1.06,"Plan Rows":1,"Plan Width":4,"Actual Startup Time":0.007,"Actual Total Time":0.008,"Actual Rows":1,"Actual Loops":1,"Output":["region.r_regionkey"],"Filter":"((region.r_name)::text ~~ 'Europ%'::text)","Rows Removed by Filter":4,"Shared Hit Blocks":1,"Shared Read Blocks":0,"Shared Dirtied Blocks":0,"Shared Written Blocks":0,"Local Hit Blocks":0,"Local Read Blocks":0,"Local Dirtied Blocks":0,"Local Written Blocks":0,"Temp Read Blocks":0,"Temp Written Blocks":0,"I/O Read Time":0.0,"I/O Write Time":0.0,"Temp I/O Read Time":0.0,"Temp I/O Write Time":0.0}]}]}]}]}]},"Planning":{"Shared Hit Blocks":36,"Shared Read Blocks":0,"Shared Dirtied Blocks":0,"Shared Written Blocks":0,"Local Hit Blocks":0,"Local Read Blocks":0,"Local Dirtied Blocks":0,"Local Written Blocks":0,"Temp Read Blocks":0,"Temp Written Blocks":0,"I/O Read Time":0.0,"I/O Write Time":0.0,"Temp I/O Read Time":0.0,"Temp I/O Write Time":0.0},"Planning Time":1.674,"Triggers":[],"Execution Time":4586.454}]
[列存组合]: item, region, supplier
[{"Plan":{"Node Type":"Sort","Parallel Aware":false,"Async Capable":false,"Startup Cost":1276687.95,"Total Cost":1276688.44,"Plan Rows":198,"Plan Width":164,"Actual Startup Time":6422.11,"Actual Total Time":6422.214,"Actual Rows":1900,"Actual Loops":1,"Output":["supplier.su_suppkey","supplier.su_name","nation.n_name","item.i_id","item.i_name","supplier.su_address","supplier.su_phone","supplier.su_comment"],"Sort Key":["nation.n_name","supplier.su_name","item.i_id"],"Sort Method":"quicksort","Sort Space Used":439,"Sort Space Type":"Memory","Shared Hit Blocks":842504,"Shared Read Blocks":0,"Shared Dirtied Blocks":0,"Shared Written Blocks":0,"Local Hit Blocks":0,"Local Read Blocks":0,"Local Dirtied Blocks":0,"Local Written Blocks":0,"Temp Read Blocks":4157,"Temp Written Blocks":7564,"I/O Read Time":0.0,"I/O Write Time":0.0,"Temp I/O Read Time":7.209,"Temp I/O Write Time":28.226,"Plans":[{"Node Type":"Hash Join","Parent Relationship":"Outer","Parallel Aware":false,"Async Capable":false,"Join Type":"Inner","Startup Cost":732360.55,"Total Cost":1276680.4,"Plan Rows":198,"Plan Width":164,"Actual Startup Time":4104.354,"Actual Total Time":6418.027,"Actual Rows":1900,"Actual Loops":1,"Output":["supplier.su_suppkey","supplier.su_name","nation.n_name","item.i_id","item.i_name","supplier.su_address","supplier.su_phone","supplier.su_comment"],"Inner Unique":false,"Hash Cond":"(supplier.su_nationkey = nation.n_nationkey)","Shared Hit Blocks":842504,"Shared Read Blocks":0,"Shared Dirtied Blocks":0,"Shared Written Blocks":0,"Local Hit Blocks":0,"Local Read Blocks":0,"Local Dirtied Blocks":0,"Local Written Blocks":0,"Temp Read Blocks":4157,"Temp Written Blocks":7564,"I/O Read Time":0.0,"I/O Write Time":0.0,"Temp I/O Read Time":7.209,"Temp I/O Write Time":28.226,"Plans":[{"Node Type":"Nested Loop","Parent Relationship":"Outer","Parallel Aware":false,"Async Capable":false,"Join Type":"Inner","Startup Cost":732357.41,"Total Cost":1276671.62,"Plan Rows":991,"Plan Width":160,"Actual Startup Time":4104.295,"Actual Total Time":6416.954,"Actual Rows":3036,"Actual Loops":1,"Output":["item.i_id","item.i_name","supplier.su_suppkey","supplier.su_name","supplier.su_address","supplier.su_phone","supplier.su_comment","supplier.su_nationkey"],"Inner Unique":true,"Shared Hit Blocks":842502,"Shared Read Blocks":0,"Shared Dirtied Blocks":0,"Shared Written Blocks":0,"Local Hit Blocks":0,"Local Read Blocks":0,"Local Dirtied Blocks":0,"Local Written Blocks":0,"Temp Read Blocks":4157,"Temp Written Blocks":7564,"I/O Read Time":0.0,"I/O Write Time":0.0,"Temp I/O Read Time":7.209,"Temp I/O Write Time":28.226,"Plans":[{"Node Type":"Hash Join","Parent Relationship":"Outer","Parallel Aware":false,"Async Capable":false,"Join Type":"Inner","Startup Cost":732357.12,"Total Cost":1276366.79,"Plan Rows":991,"Plan Width":35,"Actual Startup Time":4104.256,"Actual Total Time":6407.131,"Actual Rows":3036,"Actual Loops":1,"Output":["item.i_id","item.i_name","stock.s_i_id","stock.s_w_id"],"Inner Unique":true,"Hash Cond":"((item.i_id = stock_1.s_i_id) AND (stock.s_quantity = (min(stock_1.s_quantity))))","Shared Hit Blocks":833394,"Shared Read Blocks":0,"Shared Dirtied Blocks":0,"Shared Written Blocks":0,"Local Hit Blocks":0,"Local Read Blocks":0,"Local Dirtied Blocks":0,"Local Written Blocks":0,"Temp Read Blocks":4157,"Temp Written Blocks":7564,"I/O Read Time":0.0,"I/O Write Time":0.0,"Temp I/O Read Time":7.209,"Temp I/O Write Time":28.226,"Plans":[{"Node Type":"Hash Join","Parent Relationship":"Outer","Parallel Aware":false,"Async Capable":false,"Join Type":"Inner","Startup Cost":1293.42,"Total Cost":544242.58,"Plan Rows":202003,"Plan Width":37,"Actual Startup Time":8.453,"Actual Total Time":2272.124,"Actual Rows":157200,"Actual Loops":1,"Output":["item.i_id","item.i_name","stock.s_i_id","stock.s_w_id","stock.s_quantity"],"Inner Unique":true,"Hash Cond":"(stock.s_i_id = item.i_id)","Shared Hit Blocks":416696,"Shared Read Blocks":0,"Shared Dirtied Blocks":0,"Shared Written Blocks":0,"Local Hit Blocks":0,"Local Read Blocks":0,"Local Dirtied Blocks":0,"Local Written Blocks":0,"Temp Read Blocks":0,"Temp Written Blocks":0,"I/O Read Time":0.0,"I/O Write Time":0.0,"Temp I/O Read Time":0.0,"Temp I/O Write Time":0.0,"Plans":[{"Node Type":"Seq Scan","Parent Relationship":"Outer","Parallel Aware":false,"Async Capable":false,"Relation Name":"stock","Schema":"public","Alias":"stock","Startup Cost":0.0,"Total Cost":516697.62,"Plan Rows":10000162,"Plan Width":8,"Actual Startup Time":0.005,"Actual Total Time":935.396,"Actual Rows":10000000,"Actual Loops":1,"Output":["stock.s_i_id","stock.s_w_id","stock.s_quantity","stock.s_dist_01","stock.s_dist_02","stock.s_dist_03","stock.s_dist_04","stock.s_dist_05","stock.s_dist_06","stock.s_dist_07","stock.s_dist_08","stock.s_dist_09","stock.s_dist_10","stock.s_ytd","stock.s_order_cnt","stock.s_remote_cnt","stock.s_data"],"Shared Hit Blocks":416696,"Shared Read Blocks":0,"Shared Dirtied Blocks":0,"Shared Written Blocks":0,"Local Hit Blocks":0,"Local Read Blocks":0,"Local Dirtied Blocks":0,"Local Written Blocks":0,"Temp Read Blocks":0,"Temp Written Blocks":0,"I/O Read Time":0.0,"I/O Write Time":0.0,"Temp I/O Read Time":0.0,"Temp I/O Write Time":0.0},{"Node Type":"Hash","Parent Relationship":"Inner","Parallel Aware":false,"Async Capable":false,"Startup Cost":1268.16,"Total Cost":1268.16,"Plan Rows":2021,"Plan Width":29,"Actual Startup Time":8.428,"Actual Total Time":8.432,"Actual Rows":1572,"Actual Loops":1,"Output":["item.i_id","item.i_name"],"Hash Buckets":2048,"Original Hash Buckets":2048,"Hash Batches":1,"Original Hash Batches":1,"Peak Memory Usage":110,"Shared Hit Blocks":0,"Shared Read Blocks":0,"Shared Dirtied Blocks":0,"Shared Written Blocks":0,"Local Hit Blocks":0,"Local Read Blocks":0,"Local Dirtied Blocks":0,"Local Written Blocks":0,"Temp Read Blocks":0,"Temp Written Blocks":0,"I/O Read Time":0.0,"I/O Write Time":0.0,"Temp I/O Read Time":0.0,"Temp I/O Write Time":0.0,"Plans":[{"Node Type":"Append","Parent Relationship":"Outer","Parallel Aware":false,"Async Capable":false,"Startup Cost":20.0,"Total Cost":1268.16,"Plan Rows":2021,"Plan Width":29,"Actual Startup Time":7.186,"Actual Total Time":8.004,"Actual Rows":1572,"Actual Loops":1,"Shared Hit Blocks":0,"Shared Read Blocks":0,"Shared Dirtied Blocks":0,"Shared Written Blocks":0,"Local Hit Blocks":0,"Local Read Blocks":0,"Local Dirtied Blocks":0,"Local Written Blocks":0,"Temp Read Blocks":0,"Temp Written Blocks":0,"I/O Read Time":0.0,"I/O Write Time":0.0,"Temp I/O Read Time":0.0,"Temp I/O Write Time":0.0,"Subplans Removed":0,"Plans":[{"Node Type":"Custom Scan","Parent Relationship":"Member","Custom Plan Provider":"columnar scan","Parallel Aware":false,"Async Capable":false,"Relation Name":"item","Schema":"public","Alias":"item","Startup Cost":20.0,"Total Cost":59.4,"Plan Rows":2020,"Plan Width":29,"Actual Startup Time":7.185,"Actual Total Time":7.888,"Actual Rows":1572,"Actual Loops":1,"Output":["item.i_id","item.i_name"],"Filter":"((item.i_data)::text ~~ '%b'::text)","Rows Removed by Filter":0,"Rows Removed by Columnar Filter":98428,"Columnar cache search mode":"native","Shared Hit Blocks":0,"Shared Read Blocks":0,"Shared Dirtied Blocks":0,"Shared Written Blocks":0,"Local Hit Blocks":0,"Local Read Blocks":0,"Local Dirtied Blocks":0,"Local Written Blocks":0,"Temp Read Blocks":0,"Temp Written Blocks":0,"I/O Read Time":0.0,"I/O Write Time":0.0,"Temp I/O Read Time":0.0,"Temp I/O Write Time":0.0},{"Node Type":"Seq Scan","Parent Relationship":"Member","Parallel Aware":false,"Async Capable":false,"Relation Name":"item","Schema":"public","Alias":"item","Startup Cost":0.0,"Total Cost":4.01,"Plan Rows":1,"Plan Width":29,"Actual Startup Time":0.0,"Actual Total Time":0.0,"Actual Rows":0,"Actual Loops":0,"Output":["item.i_id","item.i_name"],"Filter":"((item.i_data)::text ~~ '%b'::text)","Rows Removed by Filter":0,"Shared Hit Blocks":0,"Shared Read Blocks":0,"Shared Dirtied Blocks":0,"Shared Written Blocks":0,"Local Hit Blocks":0,"Local Read Blocks":0,"Local Dirtied Blocks":0,"Local Written Blocks":0,"Temp Read Blocks":0,"Temp Written Blocks":0,"I/O Read Time":0.0,"I/O Write Time":0.0,"Temp I/O Read Time":0.0,"Temp I/O Write Time":0.0}]}]}]},{"Node Type":"Hash","Parent Relationship":"Inner","Parallel Aware":false,"Async Capable":false,"Startup Cost":729592.12,"Total Cost":729592.12,"Plan Rows":98105,"Plan Width":6,"Actual Startup Time":4094.702,"Actual Total Time":4094.719,"Actual Rows":100000,"Actual Loops":1,"Output":["stock_1.s_i_id","(min(stock_1.s_quantity))"],"Hash Buckets":131072,"Original Hash Buckets":131072,"Hash Batches":1,"Original Hash Batches":1,"Peak Memory Usage":4735,"Shared Hit Blocks":416698,"Shared Read Blocks":0,"Shared Dirtied Blocks":0,"Shared Written Blocks":0,"Local Hit Blocks":0,"Local Read Blocks":0,"Local Dirtied Blocks":0,"Local Written Blocks":0,"Temp Read Blocks":4157,"Temp Written Blocks":7564,"I/O Read Time":0.0,"I/O Write Time":0.0,"Temp I/O Read Time":7.209,"Temp I/O Write Time":28.226,"Plans":[{"Node Type":"Aggregate","Strategy":"Hashed","Partial Mode":"Simple","Parent Relationship":"Outer","Parallel Aware":false,"Async Capable":false,"Startup Cost":712004.77,"Total Cost":728611.07,"Plan Rows":98105,"Plan Width":6,"Actual Startup Time":3905.632,"Actual Total Time":4078.619,"Actual Rows":100000,"Actual Loops":1,"Output":["stock_1.s_i_id","min(stock_1.s_quantity)"],"Group Key":["stock_1.s_i_id"],"Planned Partitions":0,"HashAgg Batches":5,"Peak Memory Usage":8241,"Disk Usage":35680,"Shared Hit Blocks":416698,"Shared Read Blocks":0,"Shared Dirtied Blocks":0,"Shared Written Blocks":0,"Local Hit Blocks":0,"Local Read Blocks":0,"Local Dirtied Blocks":0,"Local Written Blocks":0,"Temp Read Blocks":4157,"Temp Written Blocks":7564,"I/O Read Time":0.0,"I/O Write Time":0.0,"Temp I/O Read Time":7.209,"Temp I/O Write Time":28.226,"Plans":[{"Node Type":"Hash Join","Parent Relationship":"Outer","Parallel Aware":false,"Async Capable":false,"Join Type":"Inner","Startup Cost":304.02,"Total Cost":599502.97,"Plan Rows":2000032,"Plan Width":6,"Actual Startup Time":2.125,"Actual Total Time":3223.218,"Actual Rows":3474600,"Actual Loops":1,"Output":["stock_1.s_i_id","stock_1.s_quantity"],"Inner Unique":false,"Hash Cond":"(mod((stock_1.s_w_id * stock_1.s_i_id), 10000) = supplier_1.su_suppkey)","Shared Hit Blocks":416698,"Shared Read Blocks":0,"Shared Dirtied Blocks":0,"Shared Written Blocks":0,"Local Hit Blocks":0,"Local Read Blocks":0,"Local Dirtied Blocks":0,"Local Written Blocks":0,"Temp Read Blocks":0,"Temp Written Blocks":0,"I/O Read Time":0.0,"I/O Write Time":0.0,"Temp I/O Read Time":0.0,"Temp I/O Write Time":0.0,"Plans":[{"Node Type":"Seq Scan","Parent Relationship":"Outer","Parallel Aware":false,"Async Capable":false,"Relation Name":"stock","Schema":"public","Alias":"stock_1","Startup Cost":0.0,"Total Cost":516697.62,"Plan Rows":10000162,"Plan Width":8,"Actual Startup Time":0.004,"Actual Total Time":1024.064,"Actual Rows":10000000,"Actual Loops":1,"Output":["stock_1.s_i_id","stock_1.s_w_id","stock_1.s_quantity","stock_1.s_dist_01","stock_1.s_dist_02","stock_1.s_dist_03","stock_1.s_dist_04","stock_1.s_dist_05","stock_1.s_dist_06","stock_1.s_dist_07","stock_1.s_dist_08","stock_1.s_dist_09","stock_1.s_dist_10","stock_1.s_ytd","stock_1.s_order_cnt","stock_1.s_remote_cnt","stock_1.s_data"],"Shared Hit Blocks":416696,"Shared Read Blocks":0,"Shared Dirtied Blocks":0,"Shared Written Blocks":0,"Local Hit Blocks":0,"Local Read Blocks":0,"Local Dirtied Blocks":0,"Local Written Blocks":0,"Temp Read Blocks":0,"Temp Written Blocks":0,"I/O Read Time":0.0,"I/O Write Time":0.0,"Temp I/O Read Time":0.0,"Temp I/O Write Time":0.0},{"Node Type":"Hash","Parent Relationship":"Inner","Parallel Aware":false,"Async Capable":false,"Startup Cost":279.02,"Total Cost":279.02,"Plan Rows":2000,"Plan Width":4,"Actual Startup Time":2.115,"Actual Total Time":2.129,"Actual Rows":3506,"Actual Loops":1,"Output":["supplier_1.su_suppkey"],"Hash Buckets":4096,"Original Hash Buckets":2048,"Hash Batches":1,"Original Hash Batches":1,"Peak Memory Usage":156,"Shared Hit Blocks":2,"Shared Read Blocks":0,"Shared Dirtied Blocks":0,"Shared Written Blocks":0,"Local Hit Blocks":0,"Local Read Blocks":0,"Local Dirtied Blocks":0,"Local Written Blocks":0,"Temp Read Blocks":0,"Temp Written Blocks":0,"I/O Read Time":0.0,"I/O Write Time":0.0,"Temp I/O Read Time":0.0,"Temp I/O Write Time":0.0,"Plans":[{"Node Type":"Hash Join","Parent Relationship":"Outer","Parallel Aware":false,"Async Capable":false,"Join Type":"Inner","Startup Cost":23.14,"Total Cost":279.02,"Plan Rows":2000,"Plan Width":4,"Actual Startup Time":0.437,"Actual Total Time":1.743,"Actual Rows":3506,"Actual Loops":1,"Output":["supplier_1.su_suppkey"],"Inner Unique":false,"Hash Cond":"(supplier_1.su_nationkey = nation_1.n_nationkey)","Shared Hit Blocks":2,"Shared Read Blocks":0,"Shared Dirtied Blocks":0,"Shared Written Blocks":0,"Local Hit Blocks":0,"Local Read Blocks":0,"Local Dirtied Blocks":0,"Local Written Blocks":0,"Temp Read Blocks":0,"Temp Written Blocks":0,"I/O Read Time":0.0,"I/O Write Time":0.0,"Temp I/O Read Time":0.0,"Temp I/O Write Time":0.0,"Plans":[{"Node Type":"Append","Parent Relationship":"Outer","Parallel Aware":false,"Async Capable":false,"Startup Cost":20.0,"Total Cost":219.01,"Plan Rows":10001,"Plan Width":8,"Actual Startup Time":0.09,"Actual Total Time":0.818,"Actual Rows":3506,"Actual Loops":1,"Shared Hit Blocks":0,"Shared Read Blocks":0,"Shared Dirtied Blocks":0,"Shared Written Blocks":0,"Local Hit Blocks":0,"Local Read Blocks":0,"Local Dirtied Blocks":0,"Local Written Blocks":0,"Temp Read Blocks":0,"Temp Written Blocks":0,"I/O Read Time":0.0,"I/O Write Time":0.0,"Temp I/O Read Time":0.0,"Temp I/O Write Time":0.0,"Subplans Removed":0,"Plans":[{"Node Type":"Custom Scan","Parent Relationship":"Member","Custom Plan Provider":"columnar scan","Parallel Aware":false,"Async Capable":false,"Relation Name":"supplier","Schema":"public","Alias":"supplier_1","Startup Cost":20.0,"Total Cost":215.0,"Plan Rows":10000,"Plan Width":8,"Actual Startup Time":0.089,"Actual Total Time":0.559,"Actual Rows":3506,"Actual Loops":1,"Output":["supplier_1.su_suppkey","supplier_1.su_nationkey"],"Rows Removed by Columnar Filter":6494,"Rows Filtered by Bloom Filter":0,"Dictionary Rows Filtered by Bloom Filter":6494,"Columnar cache search mode":"native","Shared Hit Blocks":0,"Shared Read Blocks":0,"Shared Dirtied Blocks":0,"Shared Written Blocks":0,"Local Hit Blocks":0,"Local Read Blocks":0,"Local Dirtied Blocks":0,"Local Written Blocks":0,"Temp Read Blocks":0,"Temp Written Blocks":0,"I/O Read Time":0.0,"I/O Write Time":0.0,"Temp I/O Read Time":0.0,"Temp I/O Write Time":0.0},{"Node Type":"Seq Scan","Parent Relationship":"Member","Parallel Aware":false,"Async Capable":false,"Relation Name":"supplier","Schema":"public","Alias":"supplier_1","Startup Cost":0.0,"Total Cost":4.01,"Plan Rows":1,"Plan Width":8,"Actual Startup Time":0.0,"Actual Total Time":0.0,"Actual Rows":0,"Actual Loops":0,"Output":["supplier_1.su_suppkey","supplier_1.su_nationkey"],"Shared Hit Blocks":0,"Shared Read Blocks":0,"Shared Dirtied Blocks":0,"Shared Written Blocks":0,"Local Hit Blocks":0,"Local Read Blocks":0,"Local Dirtied Blocks":0,"Local Written Blocks":0,"Temp Read Blocks":0,"Temp Written Blocks":0,"I/O Read Time":0.0,"I/O Write Time":0.0,"Temp I/O Read Time":0.0,"Temp I/O Write Time":0.0}]},{"Node Type":"Hash","Parent Relationship":"Inner","Parallel Aware":false,"Async Capable":false,"Startup Cost":2.99,"Total Cost":2.99,"Plan Rows":12,"Plan Width":4,"Actual Startup Time":0.032,"Actual Total Time":0.039,"Actual Rows":22,"Actual Loops":1,"Output":["nation_1.n_nationkey"],"Hash Buckets":1024,"Original Hash Buckets":1024,"Hash Batches":1,"Original Hash Batches":1,"Peak Memory Usage":9,"Shared Hit Blocks":2,"Shared Read Blocks":0,"Shared Dirtied Blocks":0,"Shared Written Blocks":0,"Local Hit Blocks":0,"Local Read Blocks":0,"Local Dirtied Blocks":0,"Local Written Blocks":0,"Temp Read Blocks":0,"Temp Written Blocks":0,"I/O Read Time":0.0,"I/O Write Time":0.0,"Temp I/O Read Time":0.0,"Temp I/O Write Time":0.0,"Plans":[{"Node Type":"Hash Join","Parent Relationship":"Outer","Parallel Aware":false,"Async Capable":false,"Join Type":"Inner","Startup Cost":1.07,"Total Cost":2.99,"Plan Rows":12,"Plan Width":4,"Actual Startup Time":0.014,"Actual Total Time":0.03,"Actual Rows":22,"Actual Loops":1,"Output":["nation_1.n_nationkey"],"Inner Unique":true,"Hash Cond":"(nation_1.n_regionkey = region_1.r_regionkey)","Shared Hit Blocks":2,"Shared Read Blocks":0,"Shared Dirtied Blocks":0,"Shared Written Blocks":0,"Local Hit Blocks":0,"Local Read Blocks":0,"Local Dirtied Blocks":0,"Local Written Blocks":0,"Temp Read Blocks":0,"Temp Written Blocks":0,"I/O Read Time":0.0,"I/O Write Time":0.0,"Temp I/O Read Time":0.0,"Temp I/O Write Time":0.0,"Plans":[{"Node Type":"Seq Scan","Parent Relationship":"Outer","Parallel Aware":false,"Async Capable":false,"Relation Name":"nation","Schema":"public","Alias":"nation_1","Startup Cost":0.0,"Total Cost":1.62,"Plan Rows":62,"Plan Width":8,"Actual Startup Time":0.003,"Actual Total Time":0.007,"Actual Rows":62,"Actual Loops":1,"Output":["nation_1.n_nationkey","nation_1.n_name","nation_1.n_regionkey","nation_1.n_comment"],"Shared Hit Blocks":1,"Shared Read Blocks":0,"Shared Dirtied Blocks":0,"Shared Written Blocks":0,"Local Hit Blocks":0,"Local Read Blocks":0,"Local Dirtied Blocks":0,"Local Written Blocks":0,"Temp Read Blocks":0,"Temp Written Blocks":0,"I/O Read Time":0.0,"I/O Write Time":0.0,"Temp I/O Read Time":0.0,"Temp I/O Write Time":0.0},{"Node Type":"Hash","Parent Relationship":"Inner","Parallel Aware":false,"Async Capable":false,"Startup Cost":1.06,"Total Cost":1.06,"Plan Rows":1,"Plan Width":4,"Actual Startup Time":0.006,"Actual Total Time":0.009,"Actual Rows":1,"Actual Loops":1,"Output":["region_1.r_regionkey"],"Hash Buckets":1024,"Original Hash Buckets":1024,"Hash Batches":1,"Original Hash Batches":1,"Peak Memory Usage":9,"Shared Hit Blocks":1,"Shared Read Blocks":0,"Shared Dirtied Blocks":0,"Shared Written Blocks":0,"Local Hit Blocks":0,"Local Read Blocks":0,"Local Dirtied Blocks":0,"Local Written Blocks":0,"Temp Read Blocks":0,"Temp Written Blocks":0,"I/O Read Time":0.0,"I/O Write Time":0.0,"Temp I/O Read Time":0.0,"Temp I/O Write Time":0.0,"Plans":[{"Node Type":"Seq Scan","Parent Relationship":"Outer","Parallel Aware":false,"Async Capable":false,"Relation Name":"region","Schema":"public","Alias":"region_1","Startup Cost":0.0,"Total Cost":1.06,"Plan Rows":1,"Plan Width":4,"Actual Startup Time":0.005,"Actual Total Time":0.005,"Actual Rows":1,"Actual Loops":1,"Output":["region_1.r_regionkey"],"Filter":"((region_1.r_name)::text ~~ 'Europ%'::text)","Rows Removed by Filter":4,"Shared Hit Blocks":1,"Shared Read Blocks":0,"Shared Dirtied Blocks":0,"Shared Written Blocks":0,"Local Hit Blocks":0,"Local Read Blocks":0,"Local Dirtied Blocks":0,"Local Written Blocks":0,"Temp Read Blocks":0,"Temp Written Blocks":0,"I/O Read Time":0.0,"I/O Write Time":0.0,"Temp I/O Read Time":0.0,"Temp I/O Write Time":0.0}]}]}]}]}]}]}]}]}]},{"Node Type":"Index Scan","Parent Relationship":"Inner","Parallel Aware":false,"Async Capable":false,"Scan Direction":"Forward","Index Name":"supplier_pk","Relation Name":"supplier","Schema":"public","Alias":"supplier","Startup Cost":0.29,"Total Cost":0.31,"Plan Rows":1,"Plan Width":131,"Actual Startup Time":0.003,"Actual Total Time":0.003,"Actual Rows":1,"Actual Loops":3036,"Output":["supplier.su_suppkey","supplier.su_name","supplier.su_address","supplier.su_nationkey","supplier.su_phone","supplier.su_acctbal","supplier.su_comment"],"Index Cond":"(supplier.su_suppkey = mod((stock.s_w_id * stock.s_i_id), 10000))","Rows Removed by Index Recheck":0,"Shared Hit Blocks":9108,"Shared Read Blocks":0,"Shared Dirtied Blocks":0,"Shared Written Blocks":0,"Local Hit Blocks":0,"Local Read Blocks":0,"Local Dirtied Blocks":0,"Local Written Blocks":0,"Temp Read Blocks":0,"Temp Written Blocks":0,"I/O Read Time":0.0,"I/O Write Time":0.0,"Temp I/O Read Time":0.0,"Temp I/O Write Time":0.0}]},{"Node Type":"Hash","Parent Relationship":"Inner","Parallel Aware":false,"Async Capable":false,"Startup Cost":2.99,"Total Cost":2.99,"Plan Rows":12,"Plan Width":12,"Actual Startup Time":0.041,"Actual Total Time":0.044,"Actual Rows":22,"Actual Loops":1,"Output":["nation.n_name","nation.n_nationkey"],"Hash Buckets":1024,"Original Hash Buckets":1024,"Hash Batches":1,"Original Hash Batches":1,"Peak Memory Usage":9,"Shared Hit Blocks":2,"Shared Read Blocks":0,"Shared Dirtied Blocks":0,"Shared Written Blocks":0,"Local Hit Blocks":0,"Local Read Blocks":0,"Local Dirtied Blocks":0,"Local Written Blocks":0,"Temp Read Blocks":0,"Temp Written Blocks":0,"I/O Read Time":0.0,"I/O Write Time":0.0,"Temp I/O Read Time":0.0,"Temp I/O Write Time":0.0,"Plans":[{"Node Type":"Hash Join","Parent Relationship":"Outer","Parallel Aware":false,"Async Capable":false,"Join Type":"Inner","Startup Cost":1.07,"Total Cost":2.99,"Plan Rows":12,"Plan Width":12,"Actual Startup Time":0.025,"Actual Total Time":0.04,"Actual Rows":22,"Actual Loops":1,"Output":["nation.n_name","nation.n_nationkey"],"Inner Unique":true,"Hash Cond":"(nation.n_regionkey = region.r_regionkey)","Shared Hit Blocks":2,"Shared Read Blocks":0,"Shared Dirtied Blocks":0,"Shared Written Blocks":0,"Local Hit Blocks":0,"Local Read Blocks":0,"Local Dirtied Blocks":0,"Local Written Blocks":0,"Temp Read Blocks":0,"Temp Written Blocks":0,"I/O Read Time":0.0,"I/O Write Time":0.0,"Temp I/O Read Time":0.0,"Temp I/O Write Time":0.0,"Plans":[{"Node Type":"Seq Scan","Parent Relationship":"Outer","Parallel Aware":false,"Async Capable":false,"Relation Name":"nation","Schema":"public","Alias":"nation","Startup Cost":0.0,"Total Cost":1.62,"Plan Rows":62,"Plan Width":16,"Actual Startup Time":0.009,"Actual Total Time":0.013,"Actual Rows":62,"Actual Loops":1,"Output":["nation.n_nationkey","nation.n_name","nation.n_regionkey","nation.n_comment"],"Shared Hit Blocks":1,"Shared Read Blocks":0,"Shared Dirtied Blocks":0,"Shared Written Blocks":0,"Local Hit Blocks":0,"Local Read Blocks":0,"Local Dirtied Blocks":0,"Local Written Blocks":0,"Temp Read Blocks":0,"Temp Written Blocks":0,"I/O Read Time":0.0,"I/O Write Time":0.0,"Temp I/O Read Time":0.0,"Temp I/O Write Time":0.0},{"Node Type":"Hash","Parent Relationship":"Inner","Parallel Aware":false,"Async Capable":false,"Startup Cost":1.06,"Total Cost":1.06,"Plan Rows":1,"Plan Width":4,"Actual Startup Time":0.009,"Actual Total Time":0.009,"Actual Rows":1,"Actual Loops":1,"Output":["region.r_regionkey"],"Hash Buckets":1024,"Original Hash Buckets":1024,"Hash Batches":1,"Original Hash Batches":1,"Peak Memory Usage":9,"Shared Hit Blocks":1,"Shared Read Blocks":0,"Shared Dirtied Blocks":0,"Shared Written Blocks":0,"Local Hit Blocks":0,"Local Read Blocks":0,"Local Dirtied Blocks":0,"Local Written Blocks":0,"Temp Read Blocks":0,"Temp Written Blocks":0,"I/O Read Time":0.0,"I/O Write Time":0.0,"Temp I/O Read Time":0.0,"Temp I/O Write Time":0.0,"Plans":[{"Node Type":"Seq Scan","Parent Relationship":"Outer","Parallel Aware":false,"Async Capable":false,"Relation Name":"region","Schema":"public","Alias":"region","Startup Cost":0.0,"Total Cost":1.06,"Plan Rows":1,"Plan Width":4,"Actual Startup Time":0.006,"Actual Total Time":0.007,"Actual Rows":1,"Actual Loops":1,"Output":["region.r_regionkey"],"Filter":"((region.r_name)::text ~~ 'Europ%'::text)","Rows Removed by Filter":4,"Shared Hit Blocks":1,"Shared Read Blocks":0,"Shared Dirtied Blocks":0,"Shared Written Blocks":0,"Local Hit Blocks":0,"Local Read Blocks":0,"Local Dirtied Blocks":0,"Local Written Blocks":0,"Temp Read Blocks":0,"Temp Written Blocks":0,"I/O Read Time":0.0,"I/O Write Time":0.0,"Temp I/O Read Time":0.0,"Temp I/O Write Time":0.0}]}]}]}]}]},"Planning":{"Shared Hit Blocks":36,"Shared Read Blocks":0,"Shared Dirtied Blocks":0,"Shared Written Blocks":0,"Local Hit Blocks":0,"Local Read Blocks":0,"Local Dirtied Blocks":0,"Local Written Blocks":0,"Temp Read Blocks":0,"Temp Written Blocks":0,"I/O Read Time":0.0,"I/O Write Time":0.0,"Temp I/O Read Time":0.0,"Temp I/O Write Time":0.0},"Planning Time":0.872,"Triggers":[],"Execution Time":6431.743}]
[列存组合]: item, stock, supplier
[{"Plan":{"Node Type":"Sort","Parallel Aware":false,"Async Capable":false,"Startup Cost":455090.02,"Total Cost":455090.51,"Plan Rows":198,"Plan Width":164,"Actual Startup Time":4604.336,"Actual Total Time":4604.439,"Actual Rows":1900,"Actual Loops":1,"Output":["supplier.su_suppkey","supplier.su_name","nation.n_name","item.i_id","item.i_name","supplier.su_address","supplier.su_phone","supplier.su_comment"],"Sort Key":["nation.n_name","supplier.su_name","item.i_id"],"Sort Method":"quicksort","Sort Space Used":439,"Sort Space Type":"Memory","Shared Hit Blocks":9112,"Shared Read Blocks":0,"Shared Dirtied Blocks":0,"Shared Written Blocks":0,"Local Hit Blocks":0,"Local Read Blocks":0,"Local Dirtied Blocks":0,"Local Written Blocks":0,"Temp Read Blocks":4157,"Temp Written Blocks":7564,"I/O Read Time":0.0,"I/O Write Time":0.0,"Temp I/O Read Time":6.274,"Temp I/O Write Time":24.794,"Plans":[{"Node Type":"Hash Join","Parent Relationship":"Outer","Parallel Aware":false,"Async Capable":false,"Join Type":"Inner","Startup Cost":429444.13,"Total Cost":455082.46,"Plan Rows":198,"Plan Width":164,"Actual Startup Time":4497.156,"Actual Total Time":4600.939,"Actual Rows":1900,"Actual Loops":1,"Output":["supplier.su_suppkey","supplier.su_name","nation.n_name","item.i_id","item.i_name","supplier.su_address","supplier.su_phone","supplier.su_comment"],"Hash Cond":"(supplier.su_nationkey = nation.n_nationkey)","Shared Hit Blocks":9112,"Shared Read Blocks":0,"Shared Dirtied Blocks":0,"Shared Written Blocks":0,"Local Hit Blocks":0,"Local Read Blocks":0,"Local Dirtied Blocks":0,"Local Written Blocks":0,"Temp Read Blocks":4157,"Temp Written Blocks":7564,"I/O Read Time":0.0,"I/O Write Time":0.0,"Temp I/O Read Time":6.274,"Temp I/O Write Time":24.794,"Plans":[{"Node Type":"Nested Loop","Parent Relationship":"Outer","Parallel Aware":false,"Async Capable":false,"Join Type":"Inner","Startup Cost":429440.99,"Total Cost":455073.69,"Plan Rows":991,"Plan Width":160,"Actual Startup Time":4497.086,"Actual Total Time":4600.3,"Actual Rows":3036,"Actual Loops":1,"Output":["item.i_id","item.i_name","supplier.su_suppkey","supplier.su_name","supplier.su_address","supplier.su_phone","supplier.su_comment","supplier.su_nationkey"],"Shared Hit Blocks":9110,"Shared Read Blocks":0,"Shared Dirtied Blocks":0,"Shared Written Blocks":0,"Local Hit Blocks":0,"Local Read Blocks":0,"Local Dirtied Blocks":0,"Local Written Blocks":0,"Temp Read Blocks":4157,"Temp Written Blocks":7564,"I/O Read Time":0.0,"I/O Write Time":0.0,"Temp I/O Read Time":6.274,"Temp I/O Write Time":24.794,"Plans":[{"Node Type":"Hash Join","Parent Relationship":"Outer","Parallel Aware":false,"Async Capable":false,"Join Type":"Inner","Startup Cost":429440.7,"Total Cost":454768.86,"Plan Rows":991,"Plan Width":35,"Actual Startup Time":4497.036,"Actual Total Time":4594.343,"Actual Rows":3036,"Actual Loops":1,"Output":["item.i_id","item.i_name","stock.s_i_id","stock.s_w_id"],"Hash Cond":"((item.i_id = stock_1.s_i_id) AND (stock.s_quantity = (min(stock_1.s_quantity))))","Shared Hit Blocks":2,"Shared Read Blocks":0,"Shared Dirtied Blocks":0,"Shared Written Blocks":0,"Local Hit Blocks":0,"Local Read Blocks":0,"Local Dirtied Blocks":0,"Local Written Blocks":0,"Temp Read Blocks":4157,"Temp Written Blocks":7564,"I/O Read Time":0.0,"I/O Write Time":0.0,"Temp I/O Read Time":6.274,"Temp I/O Write Time":24.794,"Plans":[{"Node Type":"Hash Join","Parent Relationship":"Outer","Parallel Aware":false,"Async Capable":false,"Join Type":"Inner","Startup Cost":48.95,"Total Cost":24316.6,"Plan Rows":202003,"Plan Width":37,"Actual Startup Time":54.575,"Actual Total Time":130.555,"Actual Rows":157200,"Actual Loops":1,"Output":["item.i_id","item.i_name","stock.s_i_id","stock.s_w_id","stock.s_quantity"],"Hash Cond":"(stock.s_i_id = item.i_id)","Rows Removed by Bloom Filter":21350409,"Shared Hit Blocks":0,"Shared Read Blocks":0,"Shared Dirtied Blocks":0,"Shared Written Blocks":0,"Local Hit Blocks":0,"Local Read Blocks":0,"Local Dirtied Blocks":0,"Local Written Blocks":0,"Temp Read Blocks":0,"Temp Written Blocks":0,"I/O Read Time":0.0,"I/O Write Time":0.0,"Temp I/O Read Time":0.0,"Temp I/O Write Time":0.0,"Plans":[{"Node Type":"Append","Parent Relationship":"Outer","Parallel Aware":false,"Async Capable":false,"Startup Cost":20.0,"Total Cost":215025.67,"Plan Rows":10000162,"Plan Width":8,"Actual Startup Time":0.173,"Actual Total Time":0.178,"Actual Rows":10000000,"Actual Loops":1,"Shared Hit Blocks":0,"Shared Read Blocks":0,"Shared Dirtied Blocks":0,"Shared Written Blocks":0,"Local Hit Blocks":0,"Local Read Blocks":0,"Local Dirtied Blocks":0,"Local Written Blocks":0,"Temp Read Blocks":0,"Temp Written Blocks":0,"I/O Read Time":0.0,"I/O Write Time":0.0,"Temp I/O Read Time":0.0,"Temp I/O Write Time":0.0,"Subplans Removed":0,"Plans":[{"Node Type":"Custom Scan","Parent Relationship":"Member","Custom Plan Provider":"columnar scan","Parallel Aware":false,"Async Capable":false,"Relation Name":"stock","Schema":"public","Alias":"stock","Startup Cost":20.0,"Total Cost":215020.05,"Plan Rows":10000000,"Plan Width":8,"Actual Startup Time":0.172,"Actual Total Time":0.174,"Actual Rows":10000000,"Actual Loops":1,"Output":["stock.s_i_id","stock.s_w_id","stock.s_quantity"],"Rows Removed by Columnar Filter":0,"Columnar cache search mode":"native","Shared Hit Blocks":0,"Shared Read Blocks":0,"Shared Dirtied Blocks":0,"Shared Written Blocks":0,"Local Hit Blocks":0,"Local Read Blocks":0,"Local Dirtied Blocks":0,"Local Written Blocks":0,"Temp Read Blocks":0,"Temp Written Blocks":0,"I/O Read Time":0.0,"I/O Write Time":0.0,"Temp I/O Read Time":0.0,"Temp I/O Write Time":0.0},{"Node Type":"Seq Scan","Parent Relationship":"Member","Parallel Aware":false,"Async Capable":false,"Relation Name":"stock","Schema":"public","Alias":"stock","Startup Cost":0.0,"Total Cost":5.62,"Plan Rows":162,"Plan Width":8,"Actual Startup Time":0.0,"Actual Total Time":0.0,"Actual Rows":0,"Actual Loops":0,"Output":["stock.s_i_id","stock.s_w_id","stock.s_quantity"],"Shared Hit Blocks":0,"Shared Read Blocks":0,"Shared Dirtied Blocks":0,"Shared Written Blocks":0,"Local Hit Blocks":0,"Local Read Blocks":0,"Local Dirtied Blocks":0,"Local Written Blocks":0,"Temp Read Blocks":0,"Temp Written Blocks":0,"I/O Read Time":0.0,"I/O Write Time":0.0,"Temp I/O Read Time":0.0,"Temp I/O Write Time":0.0}]},{"Node Type":"Hash","Parent Relationship":"Inner","Parallel Aware":false,"Async Capable":false,"Startup Cost":63.41,"Total Cost":63.41,"Plan Rows":2021,"Plan Width":29,"Actual Rows":1572,"Actual Loops":1,"Output":["item.i_id","item.i_name"],"Shared Hit Blocks":0,"Shared Read Blocks":0,"Shared Dirtied Blocks":0,"Shared Written Blocks":0,"Local Hit Blocks":0,"Local Read Blocks":0,"Local Dirtied Blocks":0,"Local Written Blocks":0,"Temp Read Blocks":0,"Temp Written Blocks":0,"I/O Read Time":0.0,"I/O Write Time":0.0,"Temp I/O Read Time":0.0,"Temp I/O Write Time":0.0,"Plans":[{"Node Type":"Append","Parent Relationship":"Outer","Parallel Aware":false,"Async Capable":false,"Startup Cost":20.0,"Total Cost":63.41,"Plan Rows":2021,"Plan Width":29,"Actual Startup Time":7.324,"Actual Total Time":7.328,"Actual Rows":1572,"Actual Loops":1,"Shared Hit Blocks":0,"Shared Read Blocks":0,"Shared Dirtied Blocks":0,"Shared Written Blocks":0,"Local Hit Blocks":0,"Local Read Blocks":0,"Local Dirtied Blocks":0,"Local Written Blocks":0,"Temp Read Blocks":0,"Temp Written Blocks":0,"I/O Read Time":0.0,"I/O Write Time":0.0,"Temp I/O Read Time":0.0,"Temp I/O Write Time":0.0,"Subplans Removed":0,"Plans":[{"Node Type":"Custom Scan","Parent Relationship":"Member","Custom Plan Provider":"columnar scan","Parallel Aware":false,"Async Capable":false,"Relation Name":"item","Schema":"public","Alias":"item","Startup Cost":20.0,"Total Cost":59.4,"Plan Rows":2020,"Plan Width":29,"Actual Startup Time":7.321,"Actual Total Time":7.322,"Actual Rows":1572,"Actual Loops":1,"Output":["item.i_id","item.i_name"],"Filter":"((item.i_data)::text ~~ '%b'::text)","Rows Removed by Filter":0,"Rows Removed by Columnar Filter":98428,"Columnar cache search mode":"native","Shared Hit Blocks":0,"Shared Read Blocks":0,"Shared Dirtied Blocks":0,"Shared Written Blocks":0,"Local Hit Blocks":0,"Local Read Blocks":0,"Local Dirtied Blocks":0,"Local Written Blocks":0,"Temp Read Blocks":0,"Temp Written Blocks":0,"I/O Read Time":0.0,"I/O Write Time":0.0,"Temp I/O Read Time":0.0,"Temp I/O Write Time":0.0},{"Node Type":"Seq Scan","Parent Relationship":"Member","Parallel Aware":false,"Async Capable":false,"Relation Name":"item","Schema":"public","Alias":"item","Startup Cost":0.0,"Total Cost":4.01,"Plan Rows":1,"Plan Width":29,"Actual Startup Time":0.0,"Actual Total Time":0.0,"Actual Rows":0,"Actual Loops":0,"Output":["item.i_id","item.i_name"],"Filter":"((item.i_data)::text ~~ '%b'::text)","Rows Removed by Filter":0,"Shared Hit Blocks":0,"Shared Read Blocks":0,"Shared Dirtied Blocks":0,"Shared Written Blocks":0,"Local Hit Blocks":0,"Local Read Blocks":0,"Local Dirtied Blocks":0,"Local Written Blocks":0,"Temp Read Blocks":0,"Temp Written Blocks":0,"I/O Read Time":0.0,"I/O Write Time":0.0,"Temp I/O Read Time":0.0,"Temp I/O Write Time":0.0}]}]}]},{"Node Type":"Hash","Parent Relationship":"Inner","Parallel Aware":false,"Async Capable":false,"Startup Cost":427920.17,"Total Cost":427920.17,"Plan Rows":98105,"Plan Width":6,"Actual Startup Time":4441.899,"Actual Total Time":4441.912,"Actual Rows":100000,"Actual Loops":1,"Output":["stock_1.s_i_id","(min(stock_1.s_quantity))"],"Hash Buckets":131072,"Original Hash Buckets":131072,"Hash Batches":1,"Original Hash Batches":1,"Peak Memory Usage":4735,"Shared Hit Blocks":2,"Shared Read Blocks":0,"Shared Dirtied Blocks":0,"Shared Written Blocks":0,"Local Hit Blocks":0,"Local Read Blocks":0,"Local Dirtied Blocks":0,"Local Written Blocks":0,"Temp Read Blocks":4157,"Temp Written Blocks":7564,"I/O Read Time":0.0,"I/O Write Time":0.0,"Temp I/O Read Time":6.274,"Temp I/O Write Time":24.794,"Plans":[{"Node Type":"Aggregate","Strategy":"Hashed","Partial Mode":"Simple","Parent Relationship":"Outer","Parallel Aware":false,"Async Capable":false,"Startup Cost":410332.82,"Total Cost":426939.12,"Plan Rows":98105,"Plan Width":6,"Actual Startup Time":4253.455,"Actual Total Time":4425.965,"Actual Rows":100000,"Actual Loops":1,"Output":["stock_1.s_i_id","min(stock_1.s_quantity)"],"Group Key":["stock_1.s_i_id"],"Planned Partitions":0,"HashAgg Batches":5,"Peak Memory Usage":8241,"Disk Usage":35680,"Shared Hit Blocks":2,"Shared Read Blocks":0,"Shared Dirtied Blocks":0,"Shared Written Blocks":0,"Local Hit Blocks":0,"Local Read Blocks":0,"Local Dirtied Blocks":0,"Local Written Blocks":0,"Temp Read Blocks":4157,"Temp Written Blocks":7564,"I/O Read Time":0.0,"I/O Write Time":0.0,"Temp I/O Read Time":6.274,"Temp I/O Write Time":24.794,"Plans":[{"Node Type":"Hash Join","Parent Relationship":"Outer","Parallel Aware":false,"Async Capable":false,"Join Type":"Inner","Startup Cost":324.02,"Total Cost":297831.02,"Plan Rows":2000032,"Plan Width":6,"Actual Startup Time":2.431,"Actual Total Time":3596.397,"Actual Rows":3474600,"Actual Loops":1,"Output":["stock_1.s_i_id","stock_1.s_quantity"],"Hash Cond":"(mod((stock_1.s_w_id * stock_1.s_i_id), 10000) = supplier_1.su_suppkey)","Shared Hit Blocks":2,"Shared Read Blocks":0,"Shared Dirtied Blocks":0,"Shared Written Blocks":0,"Local Hit Blocks":0,"Local Read Blocks":0,"Local Dirtied Blocks":0,"Local Written Blocks":0,"Temp Read Blocks":0,"Temp Written Blocks":0,"I/O Read Time":0.0,"I/O Write Time":0.0,"Temp I/O Read Time":0.0,"Temp I/O Write Time":0.0,"Plans":[{"Node Type":"Append","Parent Relationship":"Outer","Parallel Aware":false,"Async Capable":false,"Startup Cost":20.0,"Total Cost":215025.67,"Plan Rows":10000162,"Plan Width":8,"Actual Startup Time":0.017,"Actual Total Time":2118.009,"Actual Rows":10000000,"Actual Loops":1,"Shared Hit Blocks":0,"Shared Read Blocks":0,"Shared Dirtied Blocks":0,"Shared Written Blocks":0,"Local Hit Blocks":0,"Local Read Blocks":0,"Local Dirtied Blocks":0,"Local Written Blocks":0,"Temp Read Blocks":0,"Temp Written Blocks":0,"I/O Read Time":0.0,"I/O Write Time":0.0,"Temp I/O Read Time":0.0,"Temp I/O Write Time":0.0,"Subplans Removed":0,"Plans":[{"Node Type":"Custom Scan","Parent Relationship":"Member","Custom Plan Provider":"columnar scan","Parallel Aware":false,"Async Capable":false,"Relation Name":"stock","Schema":"public","Alias":"stock_1","Startup Cost":20.0,"Total Cost":215020.05,"Plan Rows":10000000,"Plan Width":8,"Actual Startup Time":0.016,"Actual Total Time":1389.093,"Actual Rows":10000000,"Actual Loops":1,"Output":["stock_1.s_i_id","stock_1.s_quantity","stock_1.s_w_id"],"Rows Removed by Columnar Filter":0,"Columnar cache search mode":"native","Shared Hit Blocks":0,"Shared Read Blocks":0,"Shared Dirtied Blocks":0,"Shared Written Blocks":0,"Local Hit Blocks":0,"Local Read Blocks":0,"Local Dirtied Blocks":0,"Local Written Blocks":0,"Temp Read Blocks":0,"Temp Written Blocks":0,"I/O Read Time":0.0,"I/O Write Time":0.0,"Temp I/O Read Time":0.0,"Temp I/O Write Time":0.0},{"Node Type":"Seq Scan","Parent Relationship":"Member","Parallel Aware":false,"Async Capable":false,"Relation Name":"stock","Schema":"public","Alias":"stock_1","Startup Cost":0.0,"Total Cost":5.62,"Plan Rows":162,"Plan Width":8,"Actual Startup Time":0.0,"Actual Total Time":0.0,"Actual Rows":0,"Actual Loops":0,"Output":["stock_1.s_i_id","stock_1.s_quantity","stock_1.s_w_id"],"Shared Hit Blocks":0,"Shared Read Blocks":0,"Shared Dirtied Blocks":0,"Shared Written Blocks":0,"Local Hit Blocks":0,"Local Read Blocks":0,"Local Dirtied Blocks":0,"Local Written Blocks":0,"Temp Read Blocks":0,"Temp Written Blocks":0,"I/O Read Time":0.0,"I/O Write Time":0.0,"Temp I/O Read Time":0.0,"Temp I/O Write Time":0.0}]},{"Node Type":"Hash","Parent Relationship":"Inner","Parallel Aware":false,"Async Capable":false,"Startup Cost":279.02,"Total Cost":279.02,"Plan Rows":2000,"Plan Width":4,"Actual Startup Time":2.405,"Actual Total Time":2.417,"Actual Rows":3506,"Actual Loops":1,"Output":["supplier_1.su_suppkey"],"Hash Buckets":4096,"Original Hash Buckets":2048,"Hash Batches":1,"Original Hash Batches":1,"Peak Memory Usage":156,"Shared Hit Blocks":2,"Shared Read Blocks":0,"Shared Dirtied Blocks":0,"Shared Written Blocks":0,"Local Hit Blocks":0,"Local Read Blocks":0,"Local Dirtied Blocks":0,"Local Written Blocks":0,"Temp Read Blocks":0,"Temp Written Blocks":0,"I/O Read Time":0.0,"I/O Write Time":0.0,"Temp I/O Read Time":0.0,"Temp I/O Write Time":0.0,"Plans":[{"Node Type":"Hash Join","Parent Relationship":"Outer","Parallel Aware":false,"Async Capable":false,"Join Type":"Inner","Startup Cost":23.14,"Total Cost":279.02,"Plan Rows":2000,"Plan Width":4,"Actual Startup Time":0.525,"Actual Total Time":1.956,"Actual Rows":3506,"Actual Loops":1,"Output":["supplier_1.su_suppkey"],"Hash Cond":"(supplier_1.su_nationkey = nation_1.n_nationkey)","Shared Hit Blocks":2,"Shared Read Blocks":0,"Shared Dirtied Blocks":0,"Shared Written Blocks":0,"Local Hit Blocks":0,"Local Read Blocks":0,"Local Dirtied Blocks":0,"Local Written Blocks":0,"Temp Read Blocks":0,"Temp Written Blocks":0,"I/O Read Time":0.0,"I/O Write Time":0.0,"Temp I/O Read Time":0.0,"Temp I/O Write Time":0.0,"Plans":[{"Node Type":"Append","Parent Relationship":"Outer","Parallel Aware":false,"Async Capable":false,"Startup Cost":20.0,"Total Cost":219.01,"Plan Rows":10001,"Plan Width":8,"Actual Startup Time":0.09,"Actual Total Time":0.877,"Actual Rows":3506,"Actual Loops":1,"Shared Hit Blocks":0,"Shared Read Blocks":0,"Shared Dirtied Blocks":0,"Shared Written Blocks":0,"Local Hit Blocks":0,"Local Read Blocks":0,"Local Dirtied Blocks":0,"Local Written Blocks":0,"Temp Read Blocks":0,"Temp Written Blocks":0,"I/O Read Time":0.0,"I/O Write Time":0.0,"Temp I/O Read Time":0.0,"Temp I/O Write Time":0.0,"Subplans Removed":0,"Plans":[{"Node Type":"Custom Scan","Parent Relationship":"Member","Custom Plan Provider":"columnar scan","Parallel Aware":false,"Async Capable":false,"Relation Name":"supplier","Schema":"public","Alias":"supplier_1","Startup Cost":20.0,"Total Cost":215.0,"Plan Rows":10000,"Plan Width":8,"Actual Startup Time":0.089,"Actual Total Time":0.579,"Actual Rows":3506,"Actual Loops":1,"Output":["supplier_1.su_suppkey","supplier_1.su_nationkey"],"Rows Removed by Columnar Filter":6494,"Rows Filtered by Bloom Filter":0,"Dictionary Rows Filtered by Bloom Filter":6494,"Columnar cache search mode":"native","Shared Hit Blocks":0,"Shared Read Blocks":0,"Shared Dirtied Blocks":0,"Shared Written Blocks":0,"Local Hit Blocks":0,"Local Read Blocks":0,"Local Dirtied Blocks":0,"Local Written Blocks":0,"Temp Read Blocks":0,"Temp Written Blocks":0,"I/O Read Time":0.0,"I/O Write Time":0.0,"Temp I/O Read Time":0.0,"Temp I/O Write Time":0.0},{"Node Type":"Seq Scan","Parent Relationship":"Member","Parallel Aware":false,"Async Capable":false,"Relation Name":"supplier","Schema":"public","Alias":"supplier_1","Startup Cost":0.0,"Total Cost":4.01,"Plan Rows":1,"Plan Width":8,"Actual Startup Time":0.0,"Actual Total Time":0.0,"Actual Rows":0,"Actual Loops":0,"Output":["supplier_1.su_suppkey","supplier_1.su_nationkey"],"Shared Hit Blocks":0,"Shared Read Blocks":0,"Shared Dirtied Blocks":0,"Shared Written Blocks":0,"Local Hit Blocks":0,"Local Read Blocks":0,"Local Dirtied Blocks":0,"Local Written Blocks":0,"Temp Read Blocks":0,"Temp Written Blocks":0,"I/O Read Time":0.0,"I/O Write Time":0.0,"Temp I/O Read Time":0.0,"Temp I/O Write Time":0.0}]},{"Node Type":"Hash","Parent Relationship":"Inner","Parallel Aware":false,"Async Capable":false,"Startup Cost":2.99,"Total Cost":2.99,"Plan Rows":12,"Plan Width":4,"Actual Startup Time":0.046,"Actual Total Time":0.052,"Actual Rows":22,"Actual Loops":1,"Output":["nation_1.n_nationkey"],"Hash Buckets":1024,"Original Hash Buckets":1024,"Hash Batches":1,"Original Hash Batches":1,"Peak Memory Usage":9,"Shared Hit Blocks":2,"Shared Read Blocks":0,"Shared Dirtied Blocks":0,"Shared Written Blocks":0,"Local Hit Blocks":0,"Local Read Blocks":0,"Local Dirtied Blocks":0,"Local Written Blocks":0,"Temp Read Blocks":0,"Temp Written Blocks":0,"I/O Read Time":0.0,"I/O Write Time":0.0,"Temp I/O Read Time":0.0,"Temp I/O Write Time":0.0,"Plans":[{"Node Type":"Hash Join","Parent Relationship":"Outer","Parallel Aware":false,"Async Capable":false,"Join Type":"Inner","Startup Cost":1.07,"Total Cost":2.99,"Plan Rows":12,"Plan Width":4,"Actual Startup Time":0.026,"Actual Total Time":0.042,"Actual Rows":22,"Actual Loops":1,"Output":["nation_1.n_nationkey"],"Hash Cond":"(nation_1.n_regionkey = region_1.r_regionkey)","Shared Hit Blocks":2,"Shared Read Blocks":0,"Shared Dirtied Blocks":0,"Shared Written Blocks":0,"Local Hit Blocks":0,"Local Read Blocks":0,"Local Dirtied Blocks":0,"Local Written Blocks":0,"Temp Read Blocks":0,"Temp Written Blocks":0,"I/O Read Time":0.0,"I/O Write Time":0.0,"Temp I/O Read Time":0.0,"Temp I/O Write Time":0.0,"Plans":[{"Node Type":"Seq Scan","Parent Relationship":"Outer","Parallel Aware":false,"Async Capable":false,"Relation Name":"nation","Schema":"public","Alias":"nation_1","Startup Cost":0.0,"Total Cost":1.62,"Plan Rows":62,"Plan Width":8,"Actual Startup Time":0.006,"Actual Total Time":0.01,"Actual Rows":62,"Actual Loops":1,"Output":["nation_1.n_nationkey","nation_1.n_name","nation_1.n_regionkey","nation_1.n_comment"],"Shared Hit Blocks":1,"Shared Read Blocks":0,"Shared Dirtied Blocks":0,"Shared Written Blocks":0,"Local Hit Blocks":0,"Local Read Blocks":0,"Local Dirtied Blocks":0,"Local Written Blocks":0,"Temp Read Blocks":0,"Temp Written Blocks":0,"I/O Read Time":0.0,"I/O Write Time":0.0,"Temp I/O Read Time":0.0,"Temp I/O Write Time":0.0},{"Node Type":"Hash","Parent Relationship":"Inner","Parallel Aware":false,"Async Capable":false,"Startup Cost":1.06,"Total Cost":1.06,"Plan Rows":1,"Plan Width":4,"Actual Startup Time":0.009,"Actual Total Time":0.011,"Actual Rows":1,"Actual Loops":1,"Output":["region_1.r_regionkey"],"Hash Buckets":1024,"Original Hash Buckets":1024,"Hash Batches":1,"Original Hash Batches":1,"Peak Memory Usage":9,"Shared Hit Blocks":1,"Shared Read Blocks":0,"Shared Dirtied Blocks":0,"Shared Written Blocks":0,"Local Hit Blocks":0,"Local Read Blocks":0,"Local Dirtied Blocks":0,"Local Written Blocks":0,"Temp Read Blocks":0,"Temp Written Blocks":0,"I/O Read Time":0.0,"I/O Write Time":0.0,"Temp I/O Read Time":0.0,"Temp I/O Write Time":0.0,"Plans":[{"Node Type":"Seq Scan","Parent Relationship":"Outer","Parallel Aware":false,"Async Capable":false,"Relation Name":"region","Schema":"public","Alias":"region_1","Startup Cost":0.0,"Total Cost":1.06,"Plan Rows":1,"Plan Width":4,"Actual Startup Time":0.006,"Actual Total Time":0.007,"Actual Rows":1,"Actual Loops":1,"Output":["region_1.r_regionkey"],"Filter":"((region_1.r_name)::text ~~ 'Europ%'::text)","Rows Removed by Filter":4,"Shared Hit Blocks":1,"Shared Read Blocks":0,"Shared Dirtied Blocks":0,"Shared Written Blocks":0,"Local Hit Blocks":0,"Local Read Blocks":0,"Local Dirtied Blocks":0,"Local Written Blocks":0,"Temp Read Blocks":0,"Temp Written Blocks":0,"I/O Read Time":0.0,"I/O Write Time":0.0,"Temp I/O Read Time":0.0,"Temp I/O Write Time":0.0}]}]}]}]}]}]}]}]}]},{"Node Type":"Index Scan","Parent Relationship":"Inner","Parallel Aware":false,"Async Capable":false,"Scan Direction":"Forward","Index Name":"supplier_pk","Relation Name":"supplier","Schema":"public","Alias":"supplier","Startup Cost":0.29,"Total Cost":0.31,"Plan Rows":1,"Plan Width":131,"Actual Startup Time":0.002,"Actual Total Time":0.002,"Actual Rows":1,"Actual Loops":3036,"Output":["supplier.su_suppkey","supplier.su_name","supplier.su_address","supplier.su_nationkey","supplier.su_phone","supplier.su_acctbal","supplier.su_comment"],"Index Cond":"(supplier.su_suppkey = mod((stock.s_w_id * stock.s_i_id), 10000))","Rows Removed by Index Recheck":0,"Shared Hit Blocks":9108,"Shared Read Blocks":0,"Shared Dirtied Blocks":0,"Shared Written Blocks":0,"Local Hit Blocks":0,"Local Read Blocks":0,"Local Dirtied Blocks":0,"Local Written Blocks":0,"Temp Read Blocks":0,"Temp Written Blocks":0,"I/O Read Time":0.0,"I/O Write Time":0.0,"Temp I/O Read Time":0.0,"Temp I/O Write Time":0.0}]},{"Node Type":"Hash","Parent Relationship":"Inner","Parallel Aware":false,"Async Capable":false,"Startup Cost":2.99,"Total Cost":2.99,"Plan Rows":12,"Plan Width":12,"Actual Startup Time":0.05,"Actual Total Time":0.053,"Actual Rows":22,"Actual Loops":1,"Output":["nation.n_name","nation.n_nationkey"],"Hash Buckets":1024,"Original Hash Buckets":1024,"Hash Batches":1,"Original Hash Batches":1,"Peak Memory Usage":9,"Shared Hit Blocks":2,"Shared Read Blocks":0,"Shared Dirtied Blocks":0,"Shared Written Blocks":0,"Local Hit Blocks":0,"Local Read Blocks":0,"Local Dirtied Blocks":0,"Local Written Blocks":0,"Temp Read Blocks":0,"Temp Written Blocks":0,"I/O Read Time":0.0,"I/O Write Time":0.0,"Temp I/O Read Time":0.0,"Temp I/O Write Time":0.0,"Plans":[{"Node Type":"Hash Join","Parent Relationship":"Outer","Parallel Aware":false,"Async Capable":false,"Join Type":"Inner","Startup Cost":1.07,"Total Cost":2.99,"Plan Rows":12,"Plan Width":12,"Actual Startup Time":0.033,"Actual Total Time":0.048,"Actual Rows":22,"Actual Loops":1,"Output":["nation.n_name","nation.n_nationkey"],"Hash Cond":"(nation.n_regionkey = region.r_regionkey)","Shared Hit Blocks":2,"Shared Read Blocks":0,"Shared Dirtied Blocks":0,"Shared Written Blocks":0,"Local Hit Blocks":0,"Local Read Blocks":0,"Local Dirtied Blocks":0,"Local Written Blocks":0,"Temp Read Blocks":0,"Temp Written Blocks":0,"I/O Read Time":0.0,"I/O Write Time":0.0,"Temp I/O Read Time":0.0,"Temp I/O Write Time":0.0,"Plans":[{"Node Type":"Seq Scan","Parent Relationship":"Outer","Parallel Aware":false,"Async Capable":false,"Relation Name":"nation","Schema":"public","Alias":"nation","Startup Cost":0.0,"Total Cost":1.62,"Plan Rows":62,"Plan Width":16,"Actual Startup Time":0.008,"Actual Total Time":0.012,"Actual Rows":62,"Actual Loops":1,"Output":["nation.n_nationkey","nation.n_name","nation.n_regionkey","nation.n_comment"],"Shared Hit Blocks":1,"Shared Read Blocks":0,"Shared Dirtied Blocks":0,"Shared Written Blocks":0,"Local Hit Blocks":0,"Local Read Blocks":0,"Local Dirtied Blocks":0,"Local Written Blocks":0,"Temp Read Blocks":0,"Temp Written Blocks":0,"I/O Read Time":0.0,"I/O Write Time":0.0,"Temp I/O Read Time":0.0,"Temp I/O Write Time":0.0},{"Node Type":"Hash","Parent Relationship":"Inner","Parallel Aware":false,"Async Capable":false,"Startup Cost":1.06,"Total Cost":1.06,"Plan Rows":1,"Plan Width":4,"Actual Startup Time":0.012,"Actual Total Time":0.013,"Actual Rows":1,"Actual Loops":1,"Output":["region.r_regionkey"],"Hash Buckets":1024,"Original Hash Buckets":1024,"Hash Batches":1,"Original Hash Batches":1,"Peak Memory Usage":9,"Shared Hit Blocks":1,"Shared Read Blocks":0,"Shared Dirtied Blocks":0,"Shared Written Blocks":0,"Local Hit Blocks":0,"Local Read Blocks":0,"Local Dirtied Blocks":0,"Local Written Blocks":0,"Temp Read Blocks":0,"Temp Written Blocks":0,"I/O Read Time":0.0,"I/O Write Time":0.0,"Temp I/O Read Time":0.0,"Temp I/O Write Time":0.0,"Plans":[{"Node Type":"Seq Scan","Parent Relationship":"Outer","Parallel Aware":false,"Async Capable":false,"Relation Name":"region","Schema":"public","Alias":"region","Startup Cost":0.0,"Total Cost":1.06,"Plan Rows":1,"Plan Width":4,"Actual Startup Time":0.008,"Actual Total Time":0.009,"Actual Rows":1,"Actual Loops":1,"Output":["region.r_regionkey"],"Filter":"((region.r_name)::text ~~ 'Europ%'::text)","Rows Removed by Filter":4,"Shared Hit Blocks":1,"Shared Read Blocks":0,"Shared Dirtied Blocks":0,"Shared Written Blocks":0,"Local Hit Blocks":0,"Local Read Blocks":0,"Local Dirtied Blocks":0,"Local Written Blocks":0,"Temp Read Blocks":0,"Temp Written Blocks":0,"I/O Read Time":0.0,"I/O Write Time":0.0,"Temp I/O Read Time":0.0,"Temp I/O Write Time":0.0}]}]}]}]}]},"Planning":{"Shared Hit Blocks":36,"Shared Read Blocks":0,"Shared Dirtied Blocks":0,"Shared Written Blocks":0,"Local Hit Blocks":0,"Local Read Blocks":0,"Local Dirtied Blocks":0,"Local Written Blocks":0,"Temp Read Blocks":0,"Temp Written Blocks":0,"I/O Read Time":0.0,"I/O Write Time":0.0,"Temp I/O Read Time":0.0,"Temp I/O Write Time":0.0},"Planning Time":1.624,"Triggers":[],"Execution Time":4614.131}]
[列存组合]: nation, region, stock
[{"Plan":{"Node Type":"Sort","Parallel Aware":false,"Async Capable":false,"Startup Cost":966329.48,"Total Cost":966329.97,"Plan Rows":198,"Plan Width":164,"Actual Startup Time":4784.008,"Actual Total Time":4784.105,"Actual Rows":1900,"Actual Loops":1,"Output":["supplier.su_suppkey","supplier.su_name","nation.n_name","item.i_id","item.i_name","supplier.su_address","supplier.su_phone","supplier.su_comment"],"Sort Key":["nation.n_name","supplier.su_name","item.i_id"],"Sort Method":"quicksort","Sort Space Used":439,"Sort Space Type":"Memory","Shared Hit Blocks":10694,"Shared Read Blocks":0,"Shared Dirtied Blocks":0,"Shared Written Blocks":0,"Local Hit Blocks":0,"Local Read Blocks":0,"Local Dirtied Blocks":0,"Local Written Blocks":0,"Temp Read Blocks":4157,"Temp Written Blocks":7564,"I/O Read Time":0.0,"I/O Write Time":0.0,"Temp I/O Read Time":6.318,"Temp I/O Write Time":25.744,"Plans":[{"Node Type":"Hash Join","Parent Relationship":"Outer","Parallel Aware":false,"Async Capable":false,"Join Type":"Inner","Startup Cost":432153.4,"Total Cost":966321.93,"Plan Rows":198,"Plan Width":164,"Actual Startup Time":4395.75,"Actual Total Time":4780.754,"Actual Rows":1900,"Actual Loops":1,"Output":["supplier.su_suppkey","supplier.su_name","nation.n_name","item.i_id","item.i_name","supplier.su_address","supplier.su_phone","supplier.su_comment"],"Inner Unique":false,"Hash Cond":"(supplier.su_nationkey = nation.n_nationkey)","Shared Hit Blocks":10694,"Shared Read Blocks":0,"Shared Dirtied Blocks":0,"Shared Written Blocks":0,"Local Hit Blocks":0,"Local Read Blocks":0,"Local Dirtied Blocks":0,"Local Written Blocks":0,"Temp Read Blocks":4157,"Temp Written Blocks":7564,"I/O Read Time":0.0,"I/O Write Time":0.0,"Temp I/O Read Time":6.318,"Temp I/O Write Time":25.744,"Plans":[{"Node Type":"Nested Loop","Parent Relationship":"Outer","Parallel Aware":false,"Async Capable":false,"Join Type":"Inner","Startup Cost":432150.26,"Total Cost":966313.15,"Plan Rows":991,"Plan Width":160,"Actual Startup Time":4395.684,"Actual Total Time":4780.031,"Actual Rows":3036,"Actual Loops":1,"Output":["item.i_id","item.i_name","supplier.su_suppkey","supplier.su_name","supplier.su_address","supplier.su_phone","supplier.su_comment","supplier.su_nationkey"],"Inner Unique":true,"Shared Hit Blocks":10692,"Shared Read Blocks":0,"Shared Dirtied Blocks":0,"Shared Written Blocks":0,"Local Hit Blocks":0,"Local Read Blocks":0,"Local Dirtied Blocks":0,"Local Written Blocks":0,"Temp Read Blocks":4157,"Temp Written Blocks":7564,"I/O Read Time":0.0,"I/O Write Time":0.0,"Temp I/O Read Time":6.318,"Temp I/O Write Time":25.744,"Plans":[{"Node Type":"Hash Join","Parent Relationship":"Outer","Parallel Aware":false,"Async Capable":false,"Join Type":"Inner","Startup Cost":432149.97,"Total Cost":966008.32,"Plan Rows":991,"Plan Width":35,"Actual Startup Time":4395.638,"Actual Total Time":4772.723,"Actual Rows":3036,"Actual Loops":1,"Output":["item.i_id","item.i_name","stock.s_i_id","stock.s_w_id"],"Inner Unique":true,"Hash Cond":"((item.i_id = stock_1.s_i_id) AND (stock.s_quantity = (min(stock_1.s_quantity))))","Shared Hit Blocks":1584,"Shared Read Blocks":0,"Shared Dirtied Blocks":0,"Shared Written Blocks":0,"Local Hit Blocks":0,"Local Read Blocks":0,"Local Dirtied Blocks":0,"Local Written Blocks":0,"Temp Read Blocks":4157,"Temp Written Blocks":7564,"I/O Read Time":0.0,"I/O Write Time":0.0,"Temp I/O Read Time":6.318,"Temp I/O Write Time":25.744,"Plans":[{"Node Type":"Hash Join","Parent Relationship":"Outer","Parallel Aware":false,"Async Capable":false,"Join Type":"Inner","Startup Cost":2660.25,"Total Cost":535458.08,"Plan Rows":202003,"Plan Width":37,"Actual Startup Time":16.056,"Actual Total Time":367.805,"Actual Rows":157200,"Actual Loops":1,"Output":["item.i_id","item.i_name","stock.s_i_id","stock.s_w_id","stock.s_quantity"],"Inner Unique":true,"Hash Cond":"(stock.s_i_id = item.i_id)","Shared Hit Blocks":1365,"Shared Read Blocks":0,"Shared Dirtied Blocks":0,"Shared Written Blocks":0,"Local Hit Blocks":0,"Local Read Blocks":0,"Local Dirtied Blocks":0,"Local Written Blocks":0,"Temp Read Blocks":0,"Temp Written Blocks":0,"I/O Read Time":0.0,"I/O Write Time":0.0,"Temp I/O Read Time":0.0,"Temp I/O Write Time":0.0,"Plans":[{"Node Type":"Append","Parent Relationship":"Outer","Parallel Aware":false,"Async Capable":false,"Startup Cost":20.0,"Total Cost":506566.29,"Plan Rows":10000162,"Plan Width":8,"Actual Startup Time":1.218,"Actual Total Time":322.91,"Actual Rows":157200,"Actual Loops":1,"Shared Hit Blocks":0,"Shared Read Blocks":0,"Shared Dirtied Blocks":0,"Shared Written Blocks":0,"Local Hit Blocks":0,"Local Read Blocks":0,"Local Dirtied Blocks":0,"Local Written Blocks":0,"Temp Read Blocks":0,"Temp Written Blocks":0,"I/O Read Time":0.0,"I/O Write Time":0.0,"Temp I/O Read Time":0.0,"Temp I/O Write Time":0.0,"Subplans Removed":0,"Plans":[{"Node Type":"Custom Scan","Parent Relationship":"Member","Custom Plan Provider":"columnar scan","Parallel Aware":false,"Async Capable":false,"Relation Name":"stock","Schema":"public","Alias":"stock","Startup Cost":20.0,"Total Cost":215020.05,"Plan Rows":10000000,"Plan Width":8,"Actual Startup Time":1.217,"Actual Total Time":311.423,"Actual Rows":157200,"Actual Loops":1,"Output":["stock.s_i_id","stock.s_w_id","stock.s_quantity"],"Rows Removed by Columnar Filter":9842800,"Rows Filtered by Bloom Filter":0,"Dictionary Rows Filtered by Bloom Filter":9842800,"Columnar cache search mode":"native","Shared Hit Blocks":0,"Shared Read Blocks":0,"Shared Dirtied Blocks":0,"Shared Written Blocks":0,"Local Hit Blocks":0,"Local Read Blocks":0,"Local Dirtied Blocks":0,"Local Written Blocks":0,"Temp Read Blocks":0,"Temp Written Blocks":0,"I/O Read Time":0.0,"I/O Write Time":0.0,"Temp I/O Read Time":0.0,"Temp I/O Write Time":0.0},{"Node Type":"Seq Scan","Parent Relationship":"Member","Parallel Aware":false,"Async Capable":false,"Relation Name":"stock","Schema":"public","Alias":"stock","Startup Cost":0.0,"Total Cost":5.62,"Plan Rows":162,"Plan Width":8,"Actual Startup Time":0.0,"Actual Total Time":0.0,"Actual Rows":0,"Actual Loops":0,"Output":["stock.s_i_id","stock.s_w_id","stock.s_quantity"],"Shared Hit Blocks":0,"Shared Read Blocks":0,"Shared Dirtied Blocks":0,"Shared Written Blocks":0,"Local Hit Blocks":0,"Local Read Blocks":0,"Local Dirtied Blocks":0,"Local Written Blocks":0,"Temp Read Blocks":0,"Temp Written Blocks":0,"I/O Read Time":0.0,"I/O Write Time":0.0,"Temp I/O Read Time":0.0,"Temp I/O Write Time":0.0}]},{"Node Type":"Hash","Parent Relationship":"Inner","Parallel Aware":false,"Async Capable":false,"Startup Cost":2615.0,"Total Cost":2615.0,"Plan Rows":2020,"Plan Width":29,"Actual Startup Time":14.511,"Actual Total Time":14.512,"Actual Rows":1572,"Actual Loops":1,"Output":["item.i_id","item.i_name"],"Hash Buckets":2048,"Original Hash Buckets":2048,"Hash Batches":1,"Original Hash Batches":1,"Peak Memory Usage":110,"Shared Hit Blocks":1365,"Shared Read Blocks":0,"Shared Dirtied Blocks":0,"Shared Written Blocks":0,"Local Hit Blocks":0,"Local Read Blocks":0,"Local Dirtied Blocks":0,"Local Written Blocks":0,"Temp Read Blocks":0,"Temp Written Blocks":0,"I/O Read Time":0.0,"I/O Write Time":0.0,"Temp I/O Read Time":0.0,"Temp I/O Write Time":0.0,"Plans":[{"Node Type":"Seq Scan","Parent Relationship":"Outer","Parallel Aware":false,"Async Capable":false,"Relation Name":"item","Schema":"public","Alias":"item","Startup Cost":0.0,"Total Cost":2615.0,"Plan Rows":2020,"Plan Width":29,"Actual Startup Time":0.012,"Actual Total Time":14.022,"Actual Rows":1572,"Actual Loops":1,"Output":["item.i_id","item.i_name"],"Filter":"((item.i_data)::text ~~ '%b'::text)","Rows Removed by Filter":98428,"Shared Hit Blocks":1365,"Shared Read Blocks":0,"Shared Dirtied Blocks":0,"Shared Written Blocks":0,"Local Hit Blocks":0,"Local Read Blocks":0,"Local Dirtied Blocks":0,"Local Written Blocks":0,"Temp Read Blocks":0,"Temp Written Blocks":0,"I/O Read Time":0.0,"I/O Write Time":0.0,"Temp I/O Read Time":0.0,"Temp I/O Write Time":0.0}]}]},{"Node Type":"Hash","Parent Relationship":"Inner","Parallel Aware":false,"Async Capable":false,"Startup Cost":428018.14,"Total Cost":428018.14,"Plan Rows":98105,"Plan Width":6,"Actual Startup Time":4379.157,"Actual Total Time":4379.169,"Actual Rows":100000,"Actual Loops":1,"Output":["stock_1.s_i_id","(min(stock_1.s_quantity))"],"Hash Buckets":131072,"Original Hash Buckets":131072,"Hash Batches":1,"Original Hash Batches":1,"Peak Memory Usage":4735,"Shared Hit Blocks":219,"Shared Read Blocks":0,"Shared Dirtied Blocks":0,"Shared Written Blocks":0,"Local Hit Blocks":0,"Local Read Blocks":0,"Local Dirtied Blocks":0,"Local Written Blocks":0,"Temp Read Blocks":4157,"Temp Written Blocks":7564,"I/O Read Time":0.0,"I/O Write Time":0.0,"Temp I/O Read Time":6.318,"Temp I/O Write Time":25.744,"Plans":[{"Node Type":"Aggregate","Strategy":"Hashed","Partial Mode":"Simple","Parent Relationship":"Outer","Parallel Aware":false,"Async Capable":false,"Startup Cost":410430.79,"Total Cost":427037.09,"Plan Rows":98105,"Plan Width":6,"Actual Startup Time":4193.141,"Actual Total Time":4363.376,"Actual Rows":100000,"Actual Loops":1,"Output":["stock_1.s_i_id","min(stock_1.s_quantity)"],"Group Key":["stock_1.s_i_id"],"Planned Partitions":0,"HashAgg Batches":5,"Peak Memory Usage":8241,"Disk Usage":35680,"Shared Hit Blocks":219,"Shared Read Blocks":0,"Shared Dirtied Blocks":0,"Shared Written Blocks":0,"Local Hit Blocks":0,"Local Read Blocks":0,"Local Dirtied Blocks":0,"Local Written Blocks":0,"Temp Read Blocks":4157,"Temp Written Blocks":7564,"I/O Read Time":0.0,"I/O Write Time":0.0,"Temp I/O Read Time":6.318,"Temp I/O Write Time":25.744,"Plans":[{"Node Type":"Hash Join","Parent Relationship":"Outer","Parallel Aware":false,"Async Capable":false,"Join Type":"Inner","Startup Cost":421.99,"Total Cost":297928.99,"Plan Rows":2000032,"Plan Width":6,"Actual Startup Time":2.616,"Actual Total Time":3540.003,"Actual Rows":3474600,"Actual Loops":1,"Output":["stock_1.s_i_id","stock_1.s_quantity"],"Inner Unique":false,"Hash Cond":"(mod((stock_1.s_w_id * stock_1.s_i_id), 10000) = supplier_1.su_suppkey)","Shared Hit Blocks":219,"Shared Read Blocks":0,"Shared Dirtied Blocks":0,"Shared Written Blocks":0,"Local Hit Blocks":0,"Local Read Blocks":0,"Local Dirtied Blocks":0,"Local Written Blocks":0,"Temp Read Blocks":0,"Temp Written Blocks":0,"I/O Read Time":0.0,"I/O Write Time":0.0,"Temp I/O Read Time":0.0,"Temp I/O Write Time":0.0,"Plans":[{"Node Type":"Append","Parent Relationship":"Outer","Parallel Aware":false,"Async Capable":false,"Startup Cost":20.0,"Total Cost":215025.67,"Plan Rows":10000162,"Plan Width":8,"Actual Startup Time":0.007,"Actual Total Time":2080.895,"Actual Rows":10000000,"Actual Loops":1,"Shared Hit Blocks":0,"Shared Read Blocks":0,"Shared Dirtied Blocks":0,"Shared Written Blocks":0,"Local Hit Blocks":0,"Local Read Blocks":0,"Local Dirtied Blocks":0,"Local Written Blocks":0,"Temp Read Blocks":0,"Temp Written Blocks":0,"I/O Read Time":0.0,"I/O Write Time":0.0,"Temp I/O Read Time":0.0,"Temp I/O Write Time":0.0,"Subplans Removed":0,"Plans":[{"Node Type":"Custom Scan","Parent Relationship":"Member","Custom Plan Provider":"columnar scan","Parallel Aware":false,"Async Capable":false,"Relation Name":"stock","Schema":"public","Alias":"stock_1","Startup Cost":20.0,"Total Cost":215020.05,"Plan Rows":10000000,"Plan Width":8,"Actual Startup Time":0.007,"Actual Total Time":1386.465,"Actual Rows":10000000,"Actual Loops":1,"Output":["stock_1.s_i_id","stock_1.s_quantity","stock_1.s_w_id"],"Rows Removed by Columnar Filter":0,"Columnar cache search mode":"native","Shared Hit Blocks":0,"Shared Read Blocks":0,"Shared Dirtied Blocks":0,"Shared Written Blocks":0,"Local Hit Blocks":0,"Local Read Blocks":0,"Local Dirtied Blocks":0,"Local Written Blocks":0,"Temp Read Blocks":0,"Temp Written Blocks":0,"I/O Read Time":0.0,"I/O Write Time":0.0,"Temp I/O Read Time":0.0,"Temp I/O Write Time":0.0},{"Node Type":"Seq Scan","Parent Relationship":"Member","Parallel Aware":false,"Async Capable":false,"Relation Name":"stock","Schema":"public","Alias":"stock_1","Startup Cost":0.0,"Total Cost":5.62,"Plan Rows":162,"Plan Width":8,"Actual Startup Time":0.0,"Actual Total Time":0.0,"Actual Rows":0,"Actual Loops":0,"Output":["stock_1.s_i_id","stock_1.s_quantity","stock_1.s_w_id"],"Shared Hit Blocks":0,"Shared Read Blocks":0,"Shared Dirtied Blocks":0,"Shared Written Blocks":0,"Local Hit Blocks":0,"Local Read Blocks":0,"Local Dirtied Blocks":0,"Local Written Blocks":0,"Temp Read Blocks":0,"Temp Written Blocks":0,"I/O Read Time":0.0,"I/O Write Time":0.0,"Temp I/O Read Time":0.0,"Temp I/O Write Time":0.0}]},{"Node Type":"Hash","Parent Relationship":"Inner","Parallel Aware":false,"Async Capable":false,"Startup Cost":376.99,"Total Cost":376.99,"Plan Rows":2000,"Plan Width":4,"Actual Startup Time":2.598,"Actual Total Time":2.608,"Actual Rows":3506,"Actual Loops":1,"Output":["supplier_1.su_suppkey"],"Hash Buckets":4096,"Original Hash Buckets":2048,"Hash Batches":1,"Original Hash Batches":1,"Peak Memory Usage":156,"Shared Hit Blocks":219,"Shared Read Blocks":0,"Shared Dirtied Blocks":0,"Shared Written Blocks":0,"Local Hit Blocks":0,"Local Read Blocks":0,"Local Dirtied Blocks":0,"Local Written Blocks":0,"Temp Read Blocks":0,"Temp Written Blocks":0,"I/O Read Time":0.0,"I/O Write Time":0.0,"Temp I/O Read Time":0.0,"Temp I/O Write Time":0.0,"Plans":[{"Node Type":"Hash Join","Parent Relationship":"Outer","Parallel Aware":false,"Async Capable":false,"Join Type":"Inner","Startup Cost":3.14,"Total Cost":376.99,"Plan Rows":2000,"Plan Width":4,"Actual Startup Time":0.046,"Actual Total Time":2.179,"Actual Rows":3506,"Actual Loops":1,"Output":["supplier_1.su_suppkey"],"Inner Unique":false,"Hash Cond":"(supplier_1.su_nationkey = nation_1.n_nationkey)","Shared Hit Blocks":219,"Shared Read Blocks":0,"Shared Dirtied Blocks":0,"Shared Written Blocks":0,"Local Hit Blocks":0,"Local Read Blocks":0,"Local Dirtied Blocks":0,"Local Written Blocks":0,"Temp Read Blocks":0,"Temp Written Blocks":0,"I/O Read Time":0.0,"I/O Write Time":0.0,"Temp I/O Read Time":0.0,"Temp I/O Write Time":0.0,"Plans":[{"Node Type":"Seq Scan","Parent Relationship":"Outer","Parallel Aware":false,"Async Capable":false,"Relation Name":"supplier","Schema":"public","Alias":"supplier_1","Startup Cost":0.0,"Total Cost":317.0,"Plan Rows":10000,"Plan Width":8,"Actual Startup Time":0.005,"Actual Total Time":0.817,"Actual Rows":10000,"Actual Loops":1,"Output":["supplier_1.su_suppkey","supplier_1.su_name","supplier_1.su_address","supplier_1.su_nationkey","supplier_1.su_phone","supplier_1.su_acctbal","supplier_1.su_comment"],"Shared Hit Blocks":217,"Shared Read Blocks":0,"Shared Dirtied Blocks":0,"Shared Written Blocks":0,"Local Hit Blocks":0,"Local Read Blocks":0,"Local Dirtied Blocks":0,"Local Written Blocks":0,"Temp Read Blocks":0,"Temp Written Blocks":0,"I/O Read Time":0.0,"I/O Write Time":0.0,"Temp I/O Read Time":0.0,"Temp I/O Write Time":0.0},{"Node Type":"Hash","Parent Relationship":"Inner","Parallel Aware":false,"Async Capable":false,"Startup Cost":2.99,"Total Cost":2.99,"Plan Rows":12,"Plan Width":4,"Actual Startup Time":0.033,"Actual Total Time":0.038,"Actual Rows":22,"Actual Loops":1,"Output":["nation_1.n_nationkey"],"Hash Buckets":1024,"Original Hash Buckets":1024,"Hash Batches":1,"Original Hash Batches":1,"Peak Memory Usage":9,"Shared Hit Blocks":2,"Shared Read Blocks":0,"Shared Dirtied Blocks":0,"Shared Written Blocks":0,"Local Hit Blocks":0,"Local Read Blocks":0,"Local Dirtied Blocks":0,"Local Written Blocks":0,"Temp Read Blocks":0,"Temp Written Blocks":0,"I/O Read Time":0.0,"I/O Write Time":0.0,"Temp I/O Read Time":0.0,"Temp I/O Write Time":0.0,"Plans":[{"Node Type":"Hash Join","Parent Relationship":"Outer","Parallel Aware":false,"Async Capable":false,"Join Type":"Inner","Startup Cost":1.07,"Total Cost":2.99,"Plan Rows":12,"Plan Width":4,"Actual Startup Time":0.017,"Actual Total Time":0.032,"Actual Rows":22,"Actual Loops":1,"Output":["nation_1.n_nationkey"],"Inner Unique":true,"Hash Cond":"(nation_1.n_regionkey = region_1.r_regionkey)","Shared Hit Blocks":2,"Shared Read Blocks":0,"Shared Dirtied Blocks":0,"Shared Written Blocks":0,"Local Hit Blocks":0,"Local Read Blocks":0,"Local Dirtied Blocks":0,"Local Written Blocks":0,"Temp Read Blocks":0,"Temp Written Blocks":0,"I/O Read Time":0.0,"I/O Write Time":0.0,"Temp I/O Read Time":0.0,"Temp I/O Write Time":0.0,"Plans":[{"Node Type":"Seq Scan","Parent Relationship":"Outer","Parallel Aware":false,"Async Capable":false,"Relation Name":"nation","Schema":"public","Alias":"nation_1","Startup Cost":0.0,"Total Cost":1.62,"Plan Rows":62,"Plan Width":8,"Actual Startup Time":0.003,"Actual Total Time":0.006,"Actual Rows":62,"Actual Loops":1,"Output":["nation_1.n_nationkey","nation_1.n_name","nation_1.n_regionkey","nation_1.n_comment"],"Shared Hit Blocks":1,"Shared Read Blocks":0,"Shared Dirtied Blocks":0,"Shared Written Blocks":0,"Local Hit Blocks":0,"Local Read Blocks":0,"Local Dirtied Blocks":0,"Local Written Blocks":0,"Temp Read Blocks":0,"Temp Written Blocks":0,"I/O Read Time":0.0,"I/O Write Time":0.0,"Temp I/O Read Time":0.0,"Temp I/O Write Time":0.0},{"Node Type":"Hash","Parent Relationship":"Inner","Parallel Aware":false,"Async Capable":false,"Startup Cost":1.06,"Total Cost":1.06,"Plan Rows":1,"Plan Width":4,"Actual Startup Time":0.007,"Actual Total Time":0.008,"Actual Rows":1,"Actual Loops":1,"Output":["region_1.r_regionkey"],"Hash Buckets":1024,"Original Hash Buckets":1024,"Hash Batches":1,"Original Hash Batches":1,"Peak Memory Usage":9,"Shared Hit Blocks":1,"Shared Read Blocks":0,"Shared Dirtied Blocks":0,"Shared Written Blocks":0,"Local Hit Blocks":0,"Local Read Blocks":0,"Local Dirtied Blocks":0,"Local Written Blocks":0,"Temp Read Blocks":0,"Temp Written Blocks":0,"I/O Read Time":0.0,"I/O Write Time":0.0,"Temp I/O Read Time":0.0,"Temp I/O Write Time":0.0,"Plans":[{"Node Type":"Seq Scan","Parent Relationship":"Outer","Parallel Aware":false,"Async Capable":false,"Relation Name":"region","Schema":"public","Alias":"region_1","Startup Cost":0.0,"Total Cost":1.06,"Plan Rows":1,"Plan Width":4,"Actual Startup Time":0.004,"Actual Total Time":0.005,"Actual Rows":1,"Actual Loops":1,"Output":["region_1.r_regionkey"],"Filter":"((region_1.r_name)::text ~~ 'Europ%'::text)","Rows Removed by Filter":4,"Shared Hit Blocks":1,"Shared Read Blocks":0,"Shared Dirtied Blocks":0,"Shared Written Blocks":0,"Local Hit Blocks":0,"Local Read Blocks":0,"Local Dirtied Blocks":0,"Local Written Blocks":0,"Temp Read Blocks":0,"Temp Written Blocks":0,"I/O Read Time":0.0,"I/O Write Time":0.0,"Temp I/O Read Time":0.0,"Temp I/O Write Time":0.0}]}]}]}]}]}]}]}]}]},{"Node Type":"Index Scan","Parent Relationship":"Inner","Parallel Aware":false,"Async Capable":false,"Scan Direction":"Forward","Index Name":"supplier_pk","Relation Name":"supplier","Schema":"public","Alias":"supplier","Startup Cost":0.29,"Total Cost":0.31,"Plan Rows":1,"Plan Width":131,"Actual Startup Time":0.002,"Actual Total Time":0.002,"Actual Rows":1,"Actual Loops":3036,"Output":["supplier.su_suppkey","supplier.su_name","supplier.su_address","supplier.su_nationkey","supplier.su_phone","supplier.su_acctbal","supplier.su_comment"],"Index Cond":"(supplier.su_suppkey = mod((stock.s_w_id * stock.s_i_id), 10000))","Rows Removed by Index Recheck":0,"Shared Hit Blocks":9108,"Shared Read Blocks":0,"Shared Dirtied Blocks":0,"Shared Written Blocks":0,"Local Hit Blocks":0,"Local Read Blocks":0,"Local Dirtied Blocks":0,"Local Written Blocks":0,"Temp Read Blocks":0,"Temp Written Blocks":0,"I/O Read Time":0.0,"I/O Write Time":0.0,"Temp I/O Read Time":0.0,"Temp I/O Write Time":0.0}]},{"Node Type":"Hash","Parent Relationship":"Inner","Parallel Aware":false,"Async Capable":false,"Startup Cost":2.99,"Total Cost":2.99,"Plan Rows":12,"Plan Width":12,"Actual Startup Time":0.05,"Actual Total Time":0.054,"Actual Rows":22,"Actual Loops":1,"Output":["nation.n_name","nation.n_nationkey"],"Hash Buckets":1024,"Original Hash Buckets":1024,"Hash Batches":1,"Original Hash Batches":1,"Peak Memory Usage":9,"Shared Hit Blocks":2,"Shared Read Blocks":0,"Shared Dirtied Blocks":0,"Shared Written Blocks":0,"Local Hit Blocks":0,"Local Read Blocks":0,"Local Dirtied Blocks":0,"Local Written Blocks":0,"Temp Read Blocks":0,"Temp Written Blocks":0,"I/O Read Time":0.0,"I/O Write Time":0.0,"Temp I/O Read Time":0.0,"Temp I/O Write Time":0.0,"Plans":[{"Node Type":"Hash Join","Parent Relationship":"Outer","Parallel Aware":false,"Async Capable":false,"Join Type":"Inner","Startup Cost":1.07,"Total Cost":2.99,"Plan Rows":12,"Plan Width":12,"Actual Startup Time":0.033,"Actual Total Time":0.049,"Actual Rows":22,"Actual Loops":1,"Output":["nation.n_name","nation.n_nationkey"],"Inner Unique":true,"Hash Cond":"(nation.n_regionkey = region.r_regionkey)","Shared Hit Blocks":2,"Shared Read Blocks":0,"Shared Dirtied Blocks":0,"Shared Written Blocks":0,"Local Hit Blocks":0,"Local Read Blocks":0,"Local Dirtied Blocks":0,"Local Written Blocks":0,"Temp Read Blocks":0,"Temp Written Blocks":0,"I/O Read Time":0.0,"I/O Write Time":0.0,"Temp I/O Read Time":0.0,"Temp I/O Write Time":0.0,"Plans":[{"Node Type":"Seq Scan","Parent Relationship":"Outer","Parallel Aware":false,"Async Capable":false,"Relation Name":"nation","Schema":"public","Alias":"nation","Startup Cost":0.0,"Total Cost":1.62,"Plan Rows":62,"Plan Width":16,"Actual Startup Time":0.01,"Actual Total Time":0.014,"Actual Rows":62,"Actual Loops":1,"Output":["nation.n_nationkey","nation.n_name","nation.n_regionkey","nation.n_comment"],"Shared Hit Blocks":1,"Shared Read Blocks":0,"Shared Dirtied Blocks":0,"Shared Written Blocks":0,"Local Hit Blocks":0,"Local Read Blocks":0,"Local Dirtied Blocks":0,"Local Written Blocks":0,"Temp Read Blocks":0,"Temp Written Blocks":0,"I/O Read Time":0.0,"I/O Write Time":0.0,"Temp I/O Read Time":0.0,"Temp I/O Write Time":0.0},{"Node Type":"Hash","Parent Relationship":"Inner","Parallel Aware":false,"Async Capable":false,"Startup Cost":1.06,"Total Cost":1.06,"Plan Rows":1,"Plan Width":4,"Actual Startup Time":0.01,"Actual Total Time":0.012,"Actual Rows":1,"Actual Loops":1,"Output":["region.r_regionkey"],"Hash Buckets":1024,"Original Hash Buckets":1024,"Hash Batches":1,"Original Hash Batches":1,"Peak Memory Usage":9,"Shared Hit Blocks":1,"Shared Read Blocks":0,"Shared Dirtied Blocks":0,"Shared Written Blocks":0,"Local Hit Blocks":0,"Local Read Blocks":0,"Local Dirtied Blocks":0,"Local Written Blocks":0,"Temp Read Blocks":0,"Temp Written Blocks":0,"I/O Read Time":0.0,"I/O Write Time":0.0,"Temp I/O Read Time":0.0,"Temp I/O Write Time":0.0,"Plans":[{"Node Type":"Seq Scan","Parent Relationship":"Outer","Parallel Aware":false,"Async Capable":false,"Relation Name":"region","Schema":"public","Alias":"region","Startup Cost":0.0,"Total Cost":1.06,"Plan Rows":1,"Plan Width":4,"Actual Startup Time":0.007,"Actual Total Time":0.007,"Actual Rows":1,"Actual Loops":1,"Output":["region.r_regionkey"],"Filter":"((region.r_name)::text ~~ 'Europ%'::text)","Rows Removed by Filter":4,"Shared Hit Blocks":1,"Shared Read Blocks":0,"Shared Dirtied Blocks":0,"Shared Written Blocks":0,"Local Hit Blocks":0,"Local Read Blocks":0,"Local Dirtied Blocks":0,"Local Written Blocks":0,"Temp Read Blocks":0,"Temp Written Blocks":0,"I/O Read Time":0.0,"I/O Write Time":0.0,"Temp I/O Read Time":0.0,"Temp I/O Write Time":0.0}]}]}]}]}]},"Planning":{"Shared Hit Blocks":36,"Shared Read Blocks":0,"Shared Dirtied Blocks":0,"Shared Written Blocks":0,"Local Hit Blocks":0,"Local Read Blocks":0,"Local Dirtied Blocks":0,"Local Written Blocks":0,"Temp Read Blocks":0,"Temp Written Blocks":0,"I/O Read Time":0.0,"I/O Write Time":0.0,"Temp I/O Read Time":0.0,"Temp I/O Write Time":0.0},"Planning Time":1.677,"Triggers":[],"Execution Time":4791.288}]
[列存组合]: nation, region, supplier
[{"Plan":{"Node Type":"Sort","Parallel Aware":false,"Async Capable":false,"Startup Cost":1277681.66,"Total Cost":1277682.15,"Plan Rows":198,"Plan Width":164,"Actual Startup Time":6436.652,"Actual Total Time":6436.773,"Actual Rows":1900,"Actual Loops":1,"Output":["supplier.su_suppkey","supplier.su_name","nation.n_name","item.i_id","item.i_name","supplier.su_address","supplier.su_phone","supplier.su_comment"],"Sort Key":["nation.n_name","supplier.su_name","item.i_id"],"Sort Method":"quicksort","Sort Space Used":439,"Sort Space Type":"Memory","Shared Hit Blocks":834757,"Shared Read Blocks":0,"Shared Dirtied Blocks":0,"Shared Written Blocks":0,"Local Hit Blocks":0,"Local Read Blocks":0,"Local Dirtied Blocks":0,"Local Written Blocks":0,"Temp Read Blocks":4157,"Temp Written Blocks":7564,"I/O Read Time":0.0,"I/O Write Time":0.0,"Temp I/O Read Time":7.191,"Temp I/O Write Time":28.188,"Plans":[{"Node Type":"Hash Join","Parent Relationship":"Outer","Parallel Aware":false,"Async Capable":false,"Join Type":"Inner","Startup Cost":733656.26,"Total Cost":1277674.11,"Plan Rows":198,"Plan Width":164,"Actual Startup Time":4131.873,"Actual Total Time":6432.585,"Actual Rows":1900,"Actual Loops":1,"Output":["supplier.su_suppkey","supplier.su_name","nation.n_name","item.i_id","item.i_name","supplier.su_address","supplier.su_phone","supplier.su_comment"],"Hash Cond":"(mod((stock.s_w_id * stock.s_i_id), 10000) = supplier.su_suppkey)","Shared Hit Blocks":834757,"Shared Read Blocks":0,"Shared Dirtied Blocks":0,"Shared Written Blocks":0,"Local Hit Blocks":0,"Local Read Blocks":0,"Local Dirtied Blocks":0,"Local Written Blocks":0,"Temp Read Blocks":4157,"Temp Written Blocks":7564,"I/O Read Time":0.0,"I/O Write Time":0.0,"Temp I/O Read Time":7.191,"Temp I/O Write Time":28.188,"Plans":[{"Node Type":"Hash Join","Parent Relationship":"Outer","Parallel Aware":false,"Async Capable":false,"Join Type":"Inner","Startup Cost":733524.69,"Total Cost":1277534.36,"Plan Rows":991,"Plan Width":35,"Actual Startup Time":4128.983,"Actual Total Time":6427.596,"Actual Rows":3036,"Actual Loops":1,"Output":["item.i_id","item.i_name","stock.s_i_id","stock.s_w_id"],"Hash Cond":"((item.i_id = stock_1.s_i_id) AND (stock.s_quantity = (min(stock_1.s_quantity))))","Shared Hit Blocks":834757,"Shared Read Blocks":0,"Shared Dirtied Blocks":0,"Shared Written Blocks":0,"Local Hit Blocks":0,"Local Read Blocks":0,"Local Dirtied Blocks":0,"Local Written Blocks":0,"Temp Read Blocks":4157,"Temp Written Blocks":7564,"I/O Read Time":0.0,"I/O Write Time":0.0,"Temp I/O Read Time":7.191,"Temp I/O Write Time":28.188,"Plans":[{"Node Type":"Hash Join","Parent Relationship":"Outer","Parallel Aware":false,"Async Capable":false,"Join Type":"Inner","Startup Cost":2640.25,"Total Cost":545589.41,"Plan Rows":202003,"Plan Width":37,"Actual Startup Time":13.833,"Actual Total Time":2273.402,"Actual Rows":157200,"Actual Loops":1,"Output":["item.i_id","item.i_name","stock.s_i_id","stock.s_w_id","stock.s_quantity"],"Hash Cond":"(stock.s_i_id = item.i_id)","Shared Hit Blocks":418061,"Shared Read Blocks":0,"Shared Dirtied Blocks":0,"Shared Written Blocks":0,"Local Hit Blocks":0,"Local Read Blocks":0,"Local Dirtied Blocks":0,"Local Written Blocks":0,"Temp Read Blocks":0,"Temp Written Blocks":0,"I/O Read Time":0.0,"I/O Write Time":0.0,"Temp I/O Read Time":0.0,"Temp I/O Write Time":0.0,"Plans":[{"Node Type":"Seq Scan","Parent Relationship":"Outer","Parallel Aware":false,"Async Capable":false,"Relation Name":"stock","Schema":"public","Alias":"stock","Startup Cost":0.0,"Total Cost":516697.62,"Plan Rows":10000162,"Plan Width":8,"Actual Startup Time":0.01,"Actual Total Time":938.904,"Actual Rows":10000000,"Actual Loops":1,"Output":["stock.s_i_id","stock.s_w_id","stock.s_quantity","stock.s_dist_01","stock.s_dist_02","stock.s_dist_03","stock.s_dist_04","stock.s_dist_05","stock.s_dist_06","stock.s_dist_07","stock.s_dist_08","stock.s_dist_09","stock.s_dist_10","stock.s_ytd","stock.s_order_cnt","stock.s_remote_cnt","stock.s_data"],"Shared Hit Blocks":416696,"Shared Read Blocks":0,"Shared Dirtied Blocks":0,"Shared Written Blocks":0,"Local Hit Blocks":0,"Local Read Blocks":0,"Local Dirtied Blocks":0,"Local Written Blocks":0,"Temp Read Blocks":0,"Temp Written Blocks":0,"I/O Read Time":0.0,"I/O Write Time":0.0,"Temp I/O Read Time":0.0,"Temp I/O Write Time":0.0},{"Node Type":"Hash","Parent Relationship":"Inner","Parallel Aware":false,"Async Capable":false,"Startup Cost":2615.0,"Total Cost":2615.0,"Plan Rows":2020,"Plan Width":29,"Actual Startup Time":13.801,"Actual Total Time":13.802,"Actual Rows":1572,"Actual Loops":1,"Output":["item.i_id","item.i_name"],"Hash Buckets":2048,"Original Hash Buckets":2048,"Hash Batches":1,"Original Hash Batches":1,"Peak Memory Usage":110,"Shared Hit Blocks":1365,"Shared Read Blocks":0,"Shared Dirtied Blocks":0,"Shared Written Blocks":0,"Local Hit Blocks":0,"Local Read Blocks":0,"Local Dirtied Blocks":0,"Local Written Blocks":0,"Temp Read Blocks":0,"Temp Written Blocks":0,"I/O Read Time":0.0,"I/O Write Time":0.0,"Temp I/O Read Time":0.0,"Temp I/O Write Time":0.0,"Plans":[{"Node Type":"Seq Scan","Parent Relationship":"Outer","Parallel Aware":false,"Async Capable":false,"Relation Name":"item","Schema":"public","Alias":"item","Startup Cost":0.0,"Total Cost":2615.0,"Plan Rows":2020,"Plan Width":29,"Actual Startup Time":0.012,"Actual Total Time":13.545,"Actual Rows":1572,"Actual Loops":1,"Output":["item.i_id","item.i_name"],"Filter":"((item.i_data)::text ~~ '%b'::text)","Rows Removed by Filter":98428,"Shared Hit Blocks":1365,"Shared Read Blocks":0,"Shared Dirtied Blocks":0,"Shared Written Blocks":0,"Local Hit Blocks":0,"Local Read Blocks":0,"Local Dirtied Blocks":0,"Local Written Blocks":0,"Temp Read Blocks":0,"Temp Written Blocks":0,"I/O Read Time":0.0,"I/O Write Time":0.0,"Temp I/O Read Time":0.0,"Temp I/O Write Time":0.0}]}]},{"Node Type":"Hash","Parent Relationship":"Inner","Parallel Aware":false,"Async Capable":false,"Startup Cost":729412.87,"Total Cost":729412.87,"Plan Rows":98105,"Plan Width":6,"Actual Startup Time":4114.091,"Actual Total Time":4114.115,"Actual Rows":100000,"Actual Loops":1,"Output":["stock_1.s_i_id","(min(stock_1.s_quantity))"],"Hash Buckets":131072,"Original Hash Buckets":131072,"Hash Batches":1,"Original Hash Batches":1,"Peak Memory Usage":4735,"Shared Hit Blocks":416696,"Shared Read Blocks":0,"Shared Dirtied Blocks":0,"Shared Written Blocks":0,"Local Hit Blocks":0,"Local Read Blocks":0,"Local Dirtied Blocks":0,"Local Written Blocks":0,"Temp Read Blocks":4157,"Temp Written Blocks":7564,"I/O Read Time":0.0,"I/O Write Time":0.0,"Temp I/O Read Time":7.191,"Temp I/O Write Time":28.188,"Plans":[{"Node Type":"Aggregate","Strategy":"Hashed","Partial Mode":"Simple","Parent Relationship":"Outer","Parallel Aware":false,"Async Capable":false,"Startup Cost":711825.52,"Total Cost":728431.82,"Plan Rows":98105,"Plan Width":6,"Actual Startup Time":3923.985,"Actual Total Time":4098.342,"Actual Rows":100000,"Actual Loops":1,"Output":["stock_1.s_i_id","min(stock_1.s_quantity)"],"Group Key":["stock_1.s_i_id"],"Planned Partitions":0,"HashAgg Batches":5,"Peak Memory Usage":8241,"Disk Usage":35680,"Shared Hit Blocks":416696,"Shared Read Blocks":0,"Shared Dirtied Blocks":0,"Shared Written Blocks":0,"Local Hit Blocks":0,"Local Read Blocks":0,"Local Dirtied Blocks":0,"Local Written Blocks":0,"Temp Read Blocks":4157,"Temp Written Blocks":7564,"I/O Read Time":0.0,"I/O Write Time":0.0,"Temp I/O Read Time":7.191,"Temp I/O Write Time":28.188,"Plans":[{"Node Type":"Hash Join","Parent Relationship":"Outer","Parallel Aware":false,"Async Capable":false,"Join Type":"Inner","Startup Cost":124.76,"Total Cost":599323.72,"Plan Rows":2000032,"Plan Width":6,"Actual Startup Time":1.697,"Actual Total Time":3229.681,"Actual Rows":3474600,"Actual Loops":1,"Output":["stock_1.s_i_id","stock_1.s_quantity"],"Hash Cond":"(mod((stock_1.s_w_id * stock_1.s_i_id), 10000) = supplier_1.su_suppkey)","Shared Hit Blocks":416696,"Shared Read Blocks":0,"Shared Dirtied Blocks":0,"Shared Written Blocks":0,"Local Hit Blocks":0,"Local Read Blocks":0,"Local Dirtied Blocks":0,"Local Written Blocks":0,"Temp Read Blocks":0,"Temp Written Blocks":0,"I/O Read Time":0.0,"I/O Write Time":0.0,"Temp I/O Read Time":0.0,"Temp I/O Write Time":0.0,"Plans":[{"Node Type":"Seq Scan","Parent Relationship":"Outer","Parallel Aware":false,"Async Capable":false,"Relation Name":"stock","Schema":"public","Alias":"stock_1","Startup Cost":0.0,"Total Cost":516697.62,"Plan Rows":10000162,"Plan Width":8,"Actual Startup Time":0.003,"Actual Total Time":1023.882,"Actual Rows":10000000,"Actual Loops":1,"Output":["stock_1.s_i_id","stock_1.s_w_id","stock_1.s_quantity","stock_1.s_dist_01","stock_1.s_dist_02","stock_1.s_dist_03","stock_1.s_dist_04","stock_1.s_dist_05","stock_1.s_dist_06","stock_1.s_dist_07","stock_1.s_dist_08","stock_1.s_dist_09","stock_1.s_dist_10","stock_1.s_ytd","stock_1.s_order_cnt","stock_1.s_remote_cnt","stock_1.s_data"],"Shared Hit Blocks":416696,"Shared Read Blocks":0,"Shared Dirtied Blocks":0,"Shared Written Blocks":0,"Local Hit Blocks":0,"Local Read Blocks":0,"Local Dirtied Blocks":0,"Local Written Blocks":0,"Temp Read Blocks":0,"Temp Written Blocks":0,"I/O Read Time":0.0,"I/O Write Time":0.0,"Temp I/O Read Time":0.0,"Temp I/O Write Time":0.0},{"Node Type":"Hash","Parent Relationship":"Inner","Parallel Aware":false,"Async Capable":false,"Startup Cost":99.76,"Total Cost":99.76,"Plan Rows":2000,"Plan Width":4,"Actual Startup Time":1.681,"Actual Total Time":1.699,"Actual Rows":3506,"Actual Loops":1,"Output":["supplier_1.su_suppkey"],"Hash Buckets":4096,"Original Hash Buckets":2048,"Hash Batches":1,"Original Hash Batches":1,"Peak Memory Usage":156,"Shared Hit Blocks":0,"Shared Read Blocks":0,"Shared Dirtied Blocks":0,"Shared Written Blocks":0,"Local Hit Blocks":0,"Local Read Blocks":0,"Local Dirtied Blocks":0,"Local Written Blocks":0,"Temp Read Blocks":0,"Temp Written Blocks":0,"I/O Read Time":0.0,"I/O Write Time":0.0,"Temp I/O Read Time":0.0,"Temp I/O Write Time":0.0,"Plans":[{"Node Type":"Hash Join","Parent Relationship":"Outer","Parallel Aware":false,"Async Capable":false,"Join Type":"Inner","Startup Cost":48.98,"Total Cost":99.76,"Plan Rows":2000,"Plan Width":4,"Actual Startup Time":1.066,"Actual Total Time":1.286,"Actual Rows":3506,"Actual Loops":1,"Output":["supplier_1.su_suppkey"],"Hash Cond":"(supplier_1.su_nationkey = nation_1.n_nationkey)","Rows Removed by Bloom Filter":6494,"Shared Hit Blocks":0,"Shared Read Blocks":0,"Shared Dirtied Blocks":0,"Shared Written Blocks":0,"Local Hit Blocks":0,"Local Read Blocks":0,"Local Dirtied Blocks":0,"Local Written Blocks":0,"Temp Read Blocks":0,"Temp Written Blocks":0,"I/O Read Time":0.0,"I/O Write Time":0.0,"Temp I/O Read Time":0.0,"Temp I/O Write Time":0.0,"Plans":[{"Node Type":"Append","Parent Relationship":"Outer","Parallel Aware":false,"Async Capable":false,"Startup Cost":20.0,"Total Cost":219.01,"Plan Rows":10001,"Plan Width":8,"Actual Startup Time":0.012,"Actual Total Time":0.016,"Actual Rows":10000,"Actual Loops":1,"Shared Hit Blocks":0,"Shared Read Blocks":0,"Shared Dirtied Blocks":0,"Shared Written Blocks":0,"Local Hit Blocks":0,"Local Read Blocks":0,"Local Dirtied Blocks":0,"Local Written Blocks":0,"Temp Read Blocks":0,"Temp Written Blocks":0,"I/O Read Time":0.0,"I/O Write Time":0.0,"Temp I/O Read Time":0.0,"Temp I/O Write Time":0.0,"Subplans Removed":0,"Plans":[{"Node Type":"Custom Scan","Parent Relationship":"Member","Custom Plan Provider":"columnar scan","Parallel Aware":false,"Async Capable":false,"Relation Name":"supplier","Schema":"public","Alias":"supplier_1","Startup Cost":20.0,"Total Cost":215.0,"Plan Rows":10000,"Plan Width":8,"Actual Startup Time":0.011,"Actual Total Time":0.013,"Actual Rows":10000,"Actual Loops":1,"Output":["supplier_1.su_suppkey","supplier_1.su_nationkey"],"Rows Removed by Columnar Filter":0,"Columnar cache search mode":"native","Shared Hit Blocks":0,"Shared Read Blocks":0,"Shared Dirtied Blocks":0,"Shared Written Blocks":0,"Local Hit Blocks":0,"Local Read Blocks":0,"Local Dirtied Blocks":0,"Local Written Blocks":0,"Temp Read Blocks":0,"Temp Written Blocks":0,"I/O Read Time":0.0,"I/O Write Time":0.0,"Temp I/O Read Time":0.0,"Temp I/O Write Time":0.0},{"Node Type":"Seq Scan","Parent Relationship":"Member","Parallel Aware":false,"Async Capable":false,"Relation Name":"supplier","Schema":"public","Alias":"supplier_1","Startup Cost":0.0,"Total Cost":4.01,"Plan Rows":1,"Plan Width":8,"Actual Startup Time":0.0,"Actual Total Time":0.0,"Actual Rows":0,"Actual Loops":0,"Output":["supplier_1.su_suppkey","supplier_1.su_nationkey"],"Shared Hit Blocks":0,"Shared Read Blocks":0,"Shared Dirtied Blocks":0,"Shared Written Blocks":0,"Local Hit Blocks":0,"Local Read Blocks":0,"Local Dirtied Blocks":0,"Local Written Blocks":0,"Temp Read Blocks":0,"Temp Written Blocks":0,"I/O Read Time":0.0,"I/O Write Time":0.0,"Temp I/O Read Time":0.0,"Temp I/O Write Time":0.0}]},{"Node Type":"Hash","Parent Relationship":"Inner","Parallel Aware":false,"Async Capable":false,"Startup Cost":29.02,"Total Cost":29.02,"Plan Rows":12,"Plan Width":4,"Actual Rows":22,"Actual Loops":1,"Output":["nation_1.n_nationkey"],"Shared Hit Blocks":0,"Shared Read Blocks":0,"Shared Dirtied Blocks":0,"Shared Written Blocks":0,"Local Hit Blocks":0,"Local Read Blocks":0,"Local Dirtied Blocks":0,"Local Written Blocks":0,"Temp Read Blocks":0,"Temp Written Blocks":0,"I/O Read Time":0.0,"I/O Write Time":0.0,"Temp I/O Read Time":0.0,"Temp I/O Write Time":0.0,"Plans":[{"Node Type":"Hash Join","Parent Relationship":"Outer","Parallel Aware":false,"Async Capable":false,"Join Type":"Inner","Startup Cost":24.16,"Total Cost":29.02,"Plan Rows":12,"Plan Width":4,"Actual Startup Time":0.362,"Actual Total Time":0.37,"Actual Rows":22,"Actual Loops":1,"Output":["nation_1.n_nationkey"],"Hash Cond":"(region_1.r_regionkey = nation_1.n_regionkey)","Rows Removed by Bloom Filter":0,"Shared Hit Blocks":0,"Shared Read Blocks":0,"Shared Dirtied Blocks":0,"Shared Written Blocks":0,"Local Hit Blocks":0,"Local Read Blocks":0,"Local Dirtied Blocks":0,"Local Written Blocks":0,"Temp Read Blocks":0,"Temp Written Blocks":0,"I/O Read Time":0.0,"I/O Write Time":0.0,"Temp I/O Read Time":0.0,"Temp I/O Write Time":0.0,"Plans":[{"Node Type":"Append","Parent Relationship":"Outer","Parallel Aware":false,"Async Capable":false,"Startup Cost":20.0,"Total Cost":24.04,"Plan Rows":2,"Plan Width":4,"Actual Startup Time":0.01,"Actual Total Time":0.012,"Actual Rows":1,"Actual Loops":1,"Shared Hit Blocks":0,"Shared Read Blocks":0,"Shared Dirtied Blocks":0,"Shared Written Blocks":0,"Local Hit Blocks":0,"Local Read Blocks":0,"Local Dirtied Blocks":0,"Local Written Blocks":0,"Temp Read Blocks":0,"Temp Written Blocks":0,"I/O Read Time":0.0,"I/O Write Time":0.0,"Temp I/O Read Time":0.0,"Temp I/O Write Time":0.0,"Subplans Removed":0,"Plans":[{"Node Type":"Custom Scan","Parent Relationship":"Member","Custom Plan Provider":"columnar scan","Parallel Aware":false,"Async Capable":false,"Relation Name":"region","Schema":"public","Alias":"region_1","Startup Cost":20.0,"Total Cost":20.02,"Plan Rows":1,"Plan Width":4,"Actual Startup Time":0.009,"Actual Total Time":0.01,"Actual Rows":1,"Actual Loops":1,"Output":["region_1.r_regionkey"],"Filter":"((region_1.r_name)::text ~~ 'Europ%'::text)","Rows Removed by Filter":0,"Rows Removed by Columnar Filter":4,"Columnar cache search mode":"native","Shared Hit Blocks":0,"Shared Read Blocks":0,"Shared Dirtied Blocks":0,"Shared Written Blocks":0,"Local Hit Blocks":0,"Local Read Blocks":0,"Local Dirtied Blocks":0,"Local Written Blocks":0,"Temp Read Blocks":0,"Temp Written Blocks":0,"I/O Read Time":0.0,"I/O Write Time":0.0,"Temp I/O Read Time":0.0,"Temp I/O Write Time":0.0},{"Node Type":"Seq Scan","Parent Relationship":"Member","Parallel Aware":false,"Async Capable":false,"Relation Name":"region","Schema":"public","Alias":"region_1","Startup Cost":0.0,"Total Cost":4.01,"Plan Rows":1,"Plan Width":4,"Actual Startup Time":0.0,"Actual Total Time":0.0,"Actual Rows":0,"Actual Loops":0,"Output":["region_1.r_regionkey"],"Filter":"((region_1.r_name)::text ~~ 'Europ%'::text)","Rows Removed by Filter":0,"Shared Hit Blocks":0,"Shared Read Blocks":0,"Shared Dirtied Blocks":0,"Shared Written Blocks":0,"Local Hit Blocks":0,"Local Read Blocks":0,"Local Dirtied Blocks":0,"Local Written Blocks":0,"Temp Read Blocks":0,"Temp Written Blocks":0,"I/O Read Time":0.0,"I/O Write Time":0.0,"Temp I/O Read Time":0.0,"Temp I/O Write Time":0.0}]},{"Node Type":"Hash","Parent Relationship":"Inner","Parallel Aware":false,"Async Capable":false,"Startup Cost":25.22,"Total Cost":25.22,"Plan Rows":63,"Plan Width":8,"Actual Rows":62,"Actual Loops":1,"Output":["nation_1.n_nationkey","nation_1.n_regionkey"],"Shared Hit Blocks":0,"Shared Read Blocks":0,"Shared Dirtied Blocks":0,"Shared Written Blocks":0,"Local Hit Blocks":0,"Local Read Blocks":0,"Local Dirtied Blocks":0,"Local Written Blocks":0,"Temp Read Blocks":0,"Temp Written Blocks":0,"I/O Read Time":0.0,"I/O Write Time":0.0,"Temp I/O Read Time":0.0,"Temp I/O Write Time":0.0,"Plans":[{"Node Type":"Append","Parent Relationship":"Outer","Parallel Aware":false,"Async Capable":false,"Startup Cost":20.0,"Total Cost":25.22,"Plan Rows":63,"Plan Width":8,"Actual Startup Time":0.009,"Actual Total Time":0.01,"Actual Rows":62,"Actual Loops":1,"Shared Hit Blocks":0,"Shared Read Blocks":0,"Shared Dirtied Blocks":0,"Shared Written Blocks":0,"Local Hit Blocks":0,"Local Read Blocks":0,"Local Dirtied Blocks":0,"Local Written Blocks":0,"Temp Read Blocks":0,"Temp Written Blocks":0,"I/O Read Time":0.0,"I/O Write Time":0.0,"Temp I/O Read Time":0.0,"Temp I/O Write Time":0.0,"Subplans Removed":0,"Plans":[{"Node Type":"Custom Scan","Parent Relationship":"Member","Custom Plan Provider":"columnar scan","Parallel Aware":false,"Async Capable":false,"Relation Name":"nation","Schema":"public","Alias":"nation_1","Startup Cost":20.0,"Total Cost":21.21,"Plan Rows":62,"Plan Width":8,"Actual Startup Time":0.008,"Actual Total Time":0.008,"Actual Rows":62,"Actual Loops":1,"Output":["nation_1.n_nationkey","nation_1.n_regionkey"],"Rows Removed by Columnar Filter":0,"Columnar cache search mode":"native","Shared Hit Blocks":0,"Shared Read Blocks":0,"Shared Dirtied Blocks":0,"Shared Written Blocks":0,"Local Hit Blocks":0,"Local Read Blocks":0,"Local Dirtied Blocks":0,"Local Written Blocks":0,"Temp Read Blocks":0,"Temp Written Blocks":0,"I/O Read Time":0.0,"I/O Write Time":0.0,"Temp I/O Read Time":0.0,"Temp I/O Write Time":0.0},{"Node Type":"Seq Scan","Parent Relationship":"Member","Parallel Aware":false,"Async Capable":false,"Relation Name":"nation","Schema":"public","Alias":"nation_1","Startup Cost":0.0,"Total Cost":4.01,"Plan Rows":1,"Plan Width":8,"Actual Startup Time":0.0,"Actual Total Time":0.0,"Actual Rows":0,"Actual Loops":0,"Output":["nation_1.n_nationkey","nation_1.n_regionkey"],"Shared Hit Blocks":0,"Shared Read Blocks":0,"Shared Dirtied Blocks":0,"Shared Written Blocks":0,"Local Hit Blocks":0,"Local Read Blocks":0,"Local Dirtied Blocks":0,"Local Written Blocks":0,"Temp Read Blocks":0,"Temp Written Blocks":0,"I/O Read Time":0.0,"I/O Write Time":0.0,"Temp I/O Read Time":0.0,"Temp I/O Write Time":0.0}]}]}]}]}]}]}]}]}]}]},{"Node Type":"Hash","Parent Relationship":"Inner","Parallel Aware":false,"Async Capable":false,"Startup Cost":106.57,"Total Cost":106.57,"Plan Rows":2000,"Plan Width":135,"Actual Startup Time":2.878,"Actual Total Time":2.896,"Actual Rows":3506,"Actual Loops":1,"Output":["supplier.su_suppkey","supplier.su_name","supplier.su_address","supplier.su_phone","supplier.su_comment","nation.n_name"],"Hash Buckets":4096,"Original Hash Buckets":2048,"Hash Batches":1,"Original Hash Batches":1,"Peak Memory Usage":614,"Shared Hit Blocks":0,"Shared Read Blocks":0,"Shared Dirtied Blocks":0,"Shared Written Blocks":0,"Local Hit Blocks":0,"Local Read Blocks":0,"Local Dirtied Blocks":0,"Local Written Blocks":0,"Temp Read Blocks":0,"Temp Written Blocks":0,"I/O Read Time":0.0,"I/O Write Time":0.0,"Temp I/O Read Time":0.0,"Temp I/O Write Time":0.0,"Plans":[{"Node Type":"Hash Join","Parent Relationship":"Outer","Parallel Aware":false,"Async Capable":false,"Join Type":"Inner","Startup Cost":49.06,"Total Cost":106.57,"Plan Rows":2000,"Plan Width":135,"Actual Startup Time":1.3,"Actual Total Time":1.681,"Actual Rows":3506,"Actual Loops":1,"Output":["supplier.su_suppkey","supplier.su_name","supplier.su_address","supplier.su_phone","supplier.su_comment","nation.n_name"],"Hash Cond":"(supplier.su_nationkey = nation.n_nationkey)","Rows Removed by Bloom Filter":6494,"Shared Hit Blocks":0,"Shared Read Blocks":0,"Shared Dirtied Blocks":0,"Shared Written Blocks":0,"Local Hit Blocks":0,"Local Read Blocks":0,"Local Dirtied Blocks":0,"Local Written Blocks":0,"Temp Read Blocks":0,"Temp Written Blocks":0,"I/O Read Time":0.0,"I/O Write Time":0.0,"Temp I/O Read Time":0.0,"Temp I/O Write Time":0.0,"Plans":[{"Node Type":"Append","Parent Relationship":"Outer","Parallel Aware":false,"Async Capable":false,"Startup Cost":20.0,"Total Cost":299.01,"Plan Rows":10001,"Plan Width":131,"Actual Startup Time":0.012,"Actual Total Time":0.016,"Actual Rows":10000,"Actual Loops":1,"Shared Hit Blocks":0,"Shared Read Blocks":0,"Shared Dirtied Blocks":0,"Shared Written Blocks":0,"Local Hit Blocks":0,"Local Read Blocks":0,"Local Dirtied Blocks":0,"Local Written Blocks":0,"Temp Read Blocks":0,"Temp Written Blocks":0,"I/O Read Time":0.0,"I/O Write Time":0.0,"Temp I/O Read Time":0.0,"Temp I/O Write Time":0.0,"Subplans Removed":0,"Plans":[{"Node Type":"Custom Scan","Parent Relationship":"Member","Custom Plan Provider":"columnar scan","Parallel Aware":false,"Async Capable":false,"Relation Name":"supplier","Schema":"public","Alias":"supplier","Startup Cost":20.0,"Total Cost":295.0,"Plan Rows":10000,"Plan Width":131,"Actual Startup Time":0.012,"Actual Total Time":0.012,"Actual Rows":10000,"Actual Loops":1,"Output":["supplier.su_suppkey","supplier.su_name","supplier.su_address","supplier.su_phone","supplier.su_comment","supplier.su_nationkey"],"Rows Removed by Columnar Filter":0,"Columnar cache search mode":"native","Shared Hit Blocks":0,"Shared Read Blocks":0,"Shared Dirtied Blocks":0,"Shared Written Blocks":0,"Local Hit Blocks":0,"Local Read Blocks":0,"Local Dirtied Blocks":0,"Local Written Blocks":0,"Temp Read Blocks":0,"Temp Written Blocks":0,"I/O Read Time":0.0,"I/O Write Time":0.0,"Temp I/O Read Time":0.0,"Temp I/O Write Time":0.0},{"Node Type":"Seq Scan","Parent Relationship":"Member","Parallel Aware":false,"Async Capable":false,"Relation Name":"supplier","Schema":"public","Alias":"supplier","Startup Cost":0.0,"Total Cost":4.01,"Plan Rows":1,"Plan Width":131,"Actual Startup Time":0.0,"Actual Total Time":0.0,"Actual Rows":0,"Actual Loops":0,"Output":["supplier.su_suppkey","supplier.su_name","supplier.su_address","supplier.su_phone","supplier.su_comment","supplier.su_nationkey"],"Shared Hit Blocks":0,"Shared Read Blocks":0,"Shared Dirtied Blocks":0,"Shared Written Blocks":0,"Local Hit Blocks":0,"Local Read Blocks":0,"Local Dirtied Blocks":0,"Local Written Blocks":0,"Temp Read Blocks":0,"Temp Written Blocks":0,"I/O Read Time":0.0,"I/O Write Time":0.0,"Temp I/O Read Time":0.0,"Temp I/O Write Time":0.0}]},{"Node Type":"Hash","Parent Relationship":"Inner","Parallel Aware":false,"Async Capable":false,"Startup Cost":29.1,"Total Cost":29.1,"Plan Rows":12,"Plan Width":12,"Actual Rows":22,"Actual Loops":1,"Output":["nation.n_name","nation.n_nationkey"],"Shared Hit Blocks":0,"Shared Read Blocks":0,"Shared Dirtied Blocks":0,"Shared Written Blocks":0,"Local Hit Blocks":0,"Local Read Blocks":0,"Local Dirtied Blocks":0,"Local Written Blocks":0,"Temp Read Blocks":0,"Temp Written Blocks":0,"I/O Read Time":0.0,"I/O Write Time":0.0,"Temp I/O Read Time":0.0,"Temp I/O Write Time":0.0,"Plans":[{"Node Type":"Hash Join","Parent Relationship":"Outer","Parallel Aware":false,"Async Capable":false,"Join Type":"Inner","Startup Cost":24.16,"Total Cost":29.1,"Plan Rows":12,"Plan Width":12,"Actual Startup Time":0.525,"Actual Total Time":0.536,"Actual Rows":22,"Actual Loops":1,"Output":["nation.n_name","nation.n_nationkey"],"Hash Cond":"(region.r_regionkey = nation.n_regionkey)","Rows Removed by Bloom Filter":0,"Shared Hit Blocks":0,"Shared Read Blocks":0,"Shared Dirtied Blocks":0,"Shared Written Blocks":0,"Local Hit Blocks":0,"Local Read Blocks":0,"Local Dirtied Blocks":0,"Local Written Blocks":0,"Temp Read Blocks":0,"Temp Written Blocks":0,"I/O Read Time":0.0,"I/O Write Time":0.0,"Temp I/O Read Time":0.0,"Temp I/O Write Time":0.0,"Plans":[{"Node Type":"Append","Parent Relationship":"Outer","Parallel Aware":false,"Async Capable":false,"Startup Cost":20.0,"Total Cost":24.04,"Plan Rows":2,"Plan Width":4,"Actual Startup Time":0.017,"Actual Total Time":0.021,"Actual Rows":1,"Actual Loops":1,"Shared Hit Blocks":0,"Shared Read Blocks":0,"Shared Dirtied Blocks":0,"Shared Written Blocks":0,"Local Hit Blocks":0,"Local Read Blocks":0,"Local Dirtied Blocks":0,"Local Written Blocks":0,"Temp Read Blocks":0,"Temp Written Blocks":0,"I/O Read Time":0.0,"I/O Write Time":0.0,"Temp I/O Read Time":0.0,"Temp I/O Write Time":0.0,"Subplans Removed":0,"Plans":[{"Node Type":"Custom Scan","Parent Relationship":"Member","Custom Plan Provider":"columnar scan","Parallel Aware":false,"Async Capable":false,"Relation Name":"region","Schema":"public","Alias":"region","Startup Cost":20.0,"Total Cost":20.02,"Plan Rows":1,"Plan Width":4,"Actual Startup Time":0.016,"Actual Total Time":0.016,"Actual Rows":1,"Actual Loops":1,"Output":["region.r_regionkey"],"Filter":"((region.r_name)::text ~~ 'Europ%'::text)","Rows Removed by Filter":0,"Rows Removed by Columnar Filter":4,"Columnar cache search mode":"native","Shared Hit Blocks":0,"Shared Read Blocks":0,"Shared Dirtied Blocks":0,"Shared Written Blocks":0,"Local Hit Blocks":0,"Local Read Blocks":0,"Local Dirtied Blocks":0,"Local Written Blocks":0,"Temp Read Blocks":0,"Temp Written Blocks":0,"I/O Read Time":0.0,"I/O Write Time":0.0,"Temp I/O Read Time":0.0,"Temp I/O Write Time":0.0},{"Node Type":"Seq Scan","Parent Relationship":"Member","Parallel Aware":false,"Async Capable":false,"Relation Name":"region","Schema":"public","Alias":"region","Startup Cost":0.0,"Total Cost":4.01,"Plan Rows":1,"Plan Width":4,"Actual Startup Time":0.0,"Actual Total Time":0.0,"Actual Rows":0,"Actual Loops":0,"Output":["region.r_regionkey"],"Filter":"((region.r_name)::text ~~ 'Europ%'::text)","Rows Removed by Filter":0,"Shared Hit Blocks":0,"Shared Read Blocks":0,"Shared Dirtied Blocks":0,"Shared Written Blocks":0,"Local Hit Blocks":0,"Local Read Blocks":0,"Local Dirtied Blocks":0,"Local Written Blocks":0,"Temp Read Blocks":0,"Temp Written Blocks":0,"I/O Read Time":0.0,"I/O Write Time":0.0,"Temp I/O Read Time":0.0,"Temp I/O Write Time":0.0}]},{"Node Type":"Hash","Parent Relationship":"Inner","Parallel Aware":false,"Async Capable":false,"Startup Cost":25.34,"Total Cost":25.34,"Plan Rows":63,"Plan Width":16,"Actual Rows":62,"Actual Loops":1,"Output":["nation.n_name","nation.n_nationkey","nation.n_regionkey"],"Shared Hit Blocks":0,"Shared Read Blocks":0,"Shared Dirtied Blocks":0,"Shared Written Blocks":0,"Local Hit Blocks":0,"Local Read Blocks":0,"Local Dirtied Blocks":0,"Local Written Blocks":0,"Temp Read Blocks":0,"Temp Written Blocks":0,"I/O Read Time":0.0,"I/O Write Time":0.0,"Temp I/O Read Time":0.0,"Temp I/O Write Time":0.0,"Plans":[{"Node Type":"Append","Parent Relationship":"Outer","Parallel Aware":false,"Async Capable":false,"Startup Cost":20.0,"Total Cost":25.34,"Plan Rows":63,"Plan Width":16,"Actual Startup Time":0.017,"Actual Total Time":0.019,"Actual Rows":62,"Actual Loops":1,"Shared Hit Blocks":0,"Shared Read Blocks":0,"Shared Dirtied Blocks":0,"Shared Written Blocks":0,"Local Hit Blocks":0,"Local Read Blocks":0,"Local Dirtied Blocks":0,"Local Written Blocks":0,"Temp Read Blocks":0,"Temp Written Blocks":0,"I/O Read Time":0.0,"I/O Write Time":0.0,"Temp I/O Read Time":0.0,"Temp I/O Write Time":0.0,"Subplans Removed":0,"Plans":[{"Node Type":"Custom Scan","Parent Relationship":"Member","Custom Plan Provider":"columnar scan","Parallel Aware":false,"Async Capable":false,"Relation Name":"nation","Schema":"public","Alias":"nation","Startup Cost":20.0,"Total Cost":21.33,"Plan Rows":62,"Plan Width":16,"Actual Startup Time":0.015,"Actual Total Time":0.015,"Actual Rows":62,"Actual Loops":1,"Output":["nation.n_name","nation.n_nationkey","nation.n_regionkey"],"Rows Removed by Columnar Filter":0,"Columnar cache search mode":"native","Shared Hit Blocks":0,"Shared Read Blocks":0,"Shared Dirtied Blocks":0,"Shared Written Blocks":0,"Local Hit Blocks":0,"Local Read Blocks":0,"Local Dirtied Blocks":0,"Local Written Blocks":0,"Temp Read Blocks":0,"Temp Written Blocks":0,"I/O Read Time":0.0,"I/O Write Time":0.0,"Temp I/O Read Time":0.0,"Temp I/O Write Time":0.0},{"Node Type":"Seq Scan","Parent Relationship":"Member","Parallel Aware":false,"Async Capable":false,"Relation Name":"nation","Schema":"public","Alias":"nation","Startup Cost":0.0,"Total Cost":4.01,"Plan Rows":1,"Plan Width":16,"Actual Startup Time":0.0,"Actual Total Time":0.0,"Actual Rows":0,"Actual Loops":0,"Output":["nation.n_name","nation.n_nationkey","nation.n_regionkey"],"Shared Hit Blocks":0,"Shared Read Blocks":0,"Shared Dirtied Blocks":0,"Shared Written Blocks":0,"Local Hit Blocks":0,"Local Read Blocks":0,"Local Dirtied Blocks":0,"Local Written Blocks":0,"Temp Read Blocks":0,"Temp Written Blocks":0,"I/O Read Time":0.0,"I/O Write Time":0.0,"Temp I/O Read Time":0.0,"Temp I/O Write Time":0.0}]}]}]}]}]}]}]}]},"Planning":{"Shared Hit Blocks":36,"Shared Read Blocks":0,"Shared Dirtied Blocks":0,"Shared Written Blocks":0,"Local Hit Blocks":0,"Local Read Blocks":0,"Local Dirtied Blocks":0,"Local Written Blocks":0,"Temp Read Blocks":0,"Temp Written Blocks":0,"I/O Read Time":0.0,"I/O Write Time":0.0,"Temp I/O Read Time":0.0,"Temp I/O Write Time":0.0},"Planning Time":1.321,"Triggers":[],"Execution Time":6446.916}]
[列存组合]: nation, stock, supplier
[{"Plan":{"Node Type":"Sort","Parallel Aware":false,"Async Capable":false,"Startup Cost":966056.6,"Total Cost":966057.09,"Plan Rows":198,"Plan Width":164,"Actual Startup Time":4858.661,"Actual Total Time":4858.765,"Actual Rows":1900,"Actual Loops":1,"Output":["supplier.su_suppkey","supplier.su_name","nation.n_name","item.i_id","item.i_name","supplier.su_address","supplier.su_phone","supplier.su_comment"],"Sort Key":["nation.n_name","supplier.su_name","item.i_id"],"Sort Method":"quicksort","Sort Space Used":439,"Sort Space Type":"Memory","Shared Hit Blocks":1367,"Shared Read Blocks":0,"Shared Dirtied Blocks":0,"Shared Written Blocks":0,"Local Hit Blocks":0,"Local Read Blocks":0,"Local Dirtied Blocks":0,"Local Written Blocks":0,"Temp Read Blocks":4157,"Temp Written Blocks":7564,"I/O Read Time":0.0,"I/O Write Time":0.0,"Temp I/O Read Time":6.321,"Temp I/O Write Time":24.628,"Plans":[{"Node Type":"Hash Join","Parent Relationship":"Outer","Parallel Aware":false,"Async Capable":false,"Join Type":"Inner","Startup Cost":432182.52,"Total Cost":966049.04,"Plan Rows":198,"Plan Width":164,"Actual Startup Time":4465.73,"Actual Total Time":4855.47,"Actual Rows":1900,"Actual Loops":1,"Output":["supplier.su_suppkey","supplier.su_name","nation.n_name","item.i_id","item.i_name","supplier.su_address","supplier.su_phone","supplier.su_comment"],"Hash Cond":"(mod((stock.s_w_id * stock.s_i_id), 10000) = supplier.su_suppkey)","Shared Hit Blocks":1367,"Shared Read Blocks":0,"Shared Dirtied Blocks":0,"Shared Written Blocks":0,"Local Hit Blocks":0,"Local Read Blocks":0,"Local Dirtied Blocks":0,"Local Written Blocks":0,"Temp Read Blocks":4157,"Temp Written Blocks":7564,"I/O Read Time":0.0,"I/O Write Time":0.0,"Temp I/O Read Time":6.321,"Temp I/O Write Time":24.628,"Plans":[{"Node Type":"Hash Join","Parent Relationship":"Outer","Parallel Aware":false,"Async Capable":false,"Join Type":"Inner","Startup Cost":431946.75,"Total Cost":965805.09,"Plan Rows":991,"Plan Width":35,"Actual Startup Time":4460.105,"Actual Total Time":4848.289,"Actual Rows":3036,"Actual Loops":1,"Output":["item.i_id","item.i_name","stock.s_i_id","stock.s_w_id"],"Hash Cond":"((item.i_id = stock_1.s_i_id) AND (stock.s_quantity = (min(stock_1.s_quantity))))","Shared Hit Blocks":1366,"Shared Read Blocks":0,"Shared Dirtied Blocks":0,"Shared Written Blocks":0,"Local Hit Blocks":0,"Local Read Blocks":0,"Local Dirtied Blocks":0,"Local Written Blocks":0,"Temp Read Blocks":4157,"Temp Written Blocks":7564,"I/O Read Time":0.0,"I/O Write Time":0.0,"Temp I/O Read Time":6.321,"Temp I/O Write Time":24.628,"Plans":[{"Node Type":"Hash Join","Parent Relationship":"Outer","Parallel Aware":false,"Async Capable":false,"Join Type":"Inner","Startup Cost":2660.25,"Total Cost":535458.08,"Plan Rows":202003,"Plan Width":37,"Actual Startup Time":15.983,"Actual Total Time":378.9,"Actual Rows":157200,"Actual Loops":1,"Output":["item.i_id","item.i_name","stock.s_i_id","stock.s_w_id","stock.s_quantity"],"Hash Cond":"(stock.s_i_id = item.i_id)","Shared Hit Blocks":1365,"Shared Read Blocks":0,"Shared Dirtied Blocks":0,"Shared Written Blocks":0,"Local Hit Blocks":0,"Local Read Blocks":0,"Local Dirtied Blocks":0,"Local Written Blocks":0,"Temp Read Blocks":0,"Temp Written Blocks":0,"I/O Read Time":0.0,"I/O Write Time":0.0,"Temp I/O Read Time":0.0,"Temp I/O Write Time":0.0,"Plans":[{"Node Type":"Append","Parent Relationship":"Outer","Parallel Aware":false,"Async Capable":false,"Startup Cost":20.0,"Total Cost":506566.29,"Plan Rows":10000162,"Plan Width":8,"Actual Startup Time":1.223,"Actual Total Time":333.872,"Actual Rows":157200,"Actual Loops":1,"Shared Hit Blocks":0,"Shared Read Blocks":0,"Shared Dirtied Blocks":0,"Shared Written Blocks":0,"Local Hit Blocks":0,"Local Read Blocks":0,"Local Dirtied Blocks":0,"Local Written Blocks":0,"Temp Read Blocks":0,"Temp Written Blocks":0,"I/O Read Time":0.0,"I/O Write Time":0.0,"Temp I/O Read Time":0.0,"Temp I/O Write Time":0.0,"Subplans Removed":0,"Plans":[{"Node Type":"Custom Scan","Parent Relationship":"Member","Custom Plan Provider":"columnar scan","Parallel Aware":false,"Async Capable":false,"Relation Name":"stock","Schema":"public","Alias":"stock","Startup Cost":20.0,"Total Cost":215020.05,"Plan Rows":10000000,"Plan Width":8,"Actual Startup Time":1.222,"Actual Total Time":323.026,"Actual Rows":157200,"Actual Loops":1,"Output":["stock.s_i_id","stock.s_w_id","stock.s_quantity"],"Rows Removed by Columnar Filter":9842800,"Rows Filtered by Bloom Filter":0,"Dictionary Rows Filtered by Bloom Filter":9842800,"Columnar cache search mode":"native","Shared Hit Blocks":0,"Shared Read Blocks":0,"Shared Dirtied Blocks":0,"Shared Written Blocks":0,"Local Hit Blocks":0,"Local Read Blocks":0,"Local Dirtied Blocks":0,"Local Written Blocks":0,"Temp Read Blocks":0,"Temp Written Blocks":0,"I/O Read Time":0.0,"I/O Write Time":0.0,"Temp I/O Read Time":0.0,"Temp I/O Write Time":0.0},{"Node Type":"Seq Scan","Parent Relationship":"Member","Parallel Aware":false,"Async Capable":false,"Relation Name":"stock","Schema":"public","Alias":"stock","Startup Cost":0.0,"Total Cost":5.62,"Plan Rows":162,"Plan Width":8,"Actual Startup Time":0.0,"Actual Total Time":0.0,"Actual Rows":0,"Actual Loops":0,"Output":["stock.s_i_id","stock.s_w_id","stock.s_quantity"],"Shared Hit Blocks":0,"Shared Read Blocks":0,"Shared Dirtied Blocks":0,"Shared Written Blocks":0,"Local Hit Blocks":0,"Local Read Blocks":0,"Local Dirtied Blocks":0,"Local Written Blocks":0,"Temp Read Blocks":0,"Temp Written Blocks":0,"I/O Read Time":0.0,"I/O Write Time":0.0,"Temp I/O Read Time":0.0,"Temp I/O Write Time":0.0}]},{"Node Type":"Hash","Parent Relationship":"Inner","Parallel Aware":false,"Async Capable":false,"Startup Cost":2615.0,"Total Cost":2615.0,"Plan Rows":2020,"Plan Width":29,"Actual Startup Time":14.43,"Actual Total Time":14.43,"Actual Rows":1572,"Actual Loops":1,"Output":["item.i_id","item.i_name"],"Hash Buckets":2048,"Original Hash Buckets":2048,"Hash Batches":1,"Original Hash Batches":1,"Peak Memory Usage":110,"Shared Hit Blocks":1365,"Shared Read Blocks":0,"Shared Dirtied Blocks":0,"Shared Written Blocks":0,"Local Hit Blocks":0,"Local Read Blocks":0,"Local Dirtied Blocks":0,"Local Written Blocks":0,"Temp Read Blocks":0,"Temp Written Blocks":0,"I/O Read Time":0.0,"I/O Write Time":0.0,"Temp I/O Read Time":0.0,"Temp I/O Write Time":0.0,"Plans":[{"Node Type":"Seq Scan","Parent Relationship":"Outer","Parallel Aware":false,"Async Capable":false,"Relation Name":"item","Schema":"public","Alias":"item","Startup Cost":0.0,"Total Cost":2615.0,"Plan Rows":2020,"Plan Width":29,"Actual Startup Time":0.019,"Actual Total Time":13.937,"Actual Rows":1572,"Actual Loops":1,"Output":["item.i_id","item.i_name"],"Filter":"((item.i_data)::text ~~ '%b'::text)","Rows Removed by Filter":98428,"Shared Hit Blocks":1365,"Shared Read Blocks":0,"Shared Dirtied Blocks":0,"Shared Written Blocks":0,"Local Hit Blocks":0,"Local Read Blocks":0,"Local Dirtied Blocks":0,"Local Written Blocks":0,"Temp Read Blocks":0,"Temp Written Blocks":0,"I/O Read Time":0.0,"I/O Write Time":0.0,"Temp I/O Read Time":0.0,"Temp I/O Write Time":0.0}]}]},{"Node Type":"Hash","Parent Relationship":"Inner","Parallel Aware":false,"Async Capable":false,"Startup Cost":427814.92,"Total Cost":427814.92,"Plan Rows":98105,"Plan Width":6,"Actual Startup Time":4443.716,"Actual Total Time":4443.728,"Actual Rows":100000,"Actual Loops":1,"Output":["stock_1.s_i_id","(min(stock_1.s_quantity))"],"Hash Buckets":131072,"Original Hash Buckets":131072,"Hash Batches":1,"Original Hash Batches":1,"Peak Memory Usage":4735,"Shared Hit Blocks":1,"Shared Read Blocks":0,"Shared Dirtied Blocks":0,"Shared Written Blocks":0,"Local Hit Blocks":0,"Local Read Blocks":0,"Local Dirtied Blocks":0,"Local Written Blocks":0,"Temp Read Blocks":4157,"Temp Written Blocks":7564,"I/O Read Time":0.0,"I/O Write Time":0.0,"Temp I/O Read Time":6.321,"Temp I/O Write Time":24.628,"Plans":[{"Node Type":"Aggregate","Strategy":"Hashed","Partial Mode":"Simple","Parent Relationship":"Outer","Parallel Aware":false,"Async Capable":false,"Startup Cost":410227.57,"Total Cost":426833.87,"Plan Rows":98105,"Plan Width":6,"Actual Startup Time":4246.891,"Actual Total Time":4427.587,"Actual Rows":100000,"Actual Loops":1,"Output":["stock_1.s_i_id","min(stock_1.s_quantity)"],"Group Key":["stock_1.s_i_id"],"Planned Partitions":0,"HashAgg Batches":5,"Peak Memory Usage":8241,"Disk Usage":35680,"Shared Hit Blocks":1,"Shared Read Blocks":0,"Shared Dirtied Blocks":0,"Shared Written Blocks":0,"Local Hit Blocks":0,"Local Read Blocks":0,"Local Dirtied Blocks":0,"Local Written Blocks":0,"Temp Read Blocks":4157,"Temp Written Blocks":7564,"I/O Read Time":0.0,"I/O Write Time":0.0,"Temp I/O Read Time":6.321,"Temp I/O Write Time":24.628,"Plans":[{"Node Type":"Hash Join","Parent Relationship":"Outer","Parallel Aware":false,"Async Capable":false,"Join Type":"Inner","Startup Cost":218.77,"Total Cost":297725.77,"Plan Rows":2000032,"Plan Width":6,"Actual Startup Time":3.49,"Actual Total Time":3582.145,"Actual Rows":3474600,"Actual Loops":1,"Output":["stock_1.s_i_id","stock_1.s_quantity"],"Hash Cond":"(mod((stock_1.s_w_id * stock_1.s_i_id), 10000) = supplier_1.su_suppkey)","Shared Hit Blocks":1,"Shared Read Blocks":0,"Shared Dirtied Blocks":0,"Shared Written Blocks":0,"Local Hit Blocks":0,"Local Read Blocks":0,"Local Dirtied Blocks":0,"Local Written Blocks":0,"Temp Read Blocks":0,"Temp Written Blocks":0,"I/O Read Time":0.0,"I/O Write Time":0.0,"Temp I/O Read Time":0.0,"Temp I/O Write Time":0.0,"Plans":[{"Node Type":"Append","Parent Relationship":"Outer","Parallel Aware":false,"Async Capable":false,"Startup Cost":20.0,"Total Cost":215025.67,"Plan Rows":10000162,"Plan Width":8,"Actual Startup Time":0.006,"Actual Total Time":2129.53,"Actual Rows":10000000,"Actual Loops":1,"Shared Hit Blocks":0,"Shared Read Blocks":0,"Shared Dirtied Blocks":0,"Shared Written Blocks":0,"Local Hit Blocks":0,"Local Read Blocks":0,"Local Dirtied Blocks":0,"Local Written Blocks":0,"Temp Read Blocks":0,"Temp Written Blocks":0,"I/O Read Time":0.0,"I/O Write Time":0.0,"Temp I/O Read Time":0.0,"Temp I/O Write Time":0.0,"Subplans Removed":0,"Plans":[{"Node Type":"Custom Scan","Parent Relationship":"Member","Custom Plan Provider":"columnar scan","Parallel Aware":false,"Async Capable":false,"Relation Name":"stock","Schema":"public","Alias":"stock_1","Startup Cost":20.0,"Total Cost":215020.05,"Plan Rows":10000000,"Plan Width":8,"Actual Startup Time":0.006,"Actual Total Time":1406.27,"Actual Rows":10000000,"Actual Loops":1,"Output":["stock_1.s_i_id","stock_1.s_quantity","stock_1.s_w_id"],"Rows Removed by Columnar Filter":0,"Columnar cache search mode":"native","Shared Hit Blocks":0,"Shared Read Blocks":0,"Shared Dirtied Blocks":0,"Shared Written Blocks":0,"Local Hit Blocks":0,"Local Read Blocks":0,"Local Dirtied Blocks":0,"Local Written Blocks":0,"Temp Read Blocks":0,"Temp Written Blocks":0,"I/O Read Time":0.0,"I/O Write Time":0.0,"Temp I/O Read Time":0.0,"Temp I/O Write Time":0.0},{"Node Type":"Seq Scan","Parent Relationship":"Member","Parallel Aware":false,"Async Capable":false,"Relation Name":"stock","Schema":"public","Alias":"stock_1","Startup Cost":0.0,"Total Cost":5.62,"Plan Rows":162,"Plan Width":8,"Actual Startup Time":0.0,"Actual Total Time":0.0,"Actual Rows":0,"Actual Loops":0,"Output":["stock_1.s_i_id","stock_1.s_quantity","stock_1.s_w_id"],"Shared Hit Blocks":0,"Shared Read Blocks":0,"Shared Dirtied Blocks":0,"Shared Written Blocks":0,"Local Hit Blocks":0,"Local Read Blocks":0,"Local Dirtied Blocks":0,"Local Written Blocks":0,"Temp Read Blocks":0,"Temp Written Blocks":0,"I/O Read Time":0.0,"I/O Write Time":0.0,"Temp I/O Read Time":0.0,"Temp I/O Write Time":0.0}]},{"Node Type":"Hash","Parent Relationship":"Inner","Parallel Aware":false,"Async Capable":false,"Startup Cost":173.77,"Total Cost":173.77,"Plan Rows":2000,"Plan Width":4,"Actual Startup Time":3.473,"Actual Total Time":3.484,"Actual Rows":3506,"Actual Loops":1,"Output":["supplier_1.su_suppkey"],"Hash Buckets":4096,"Original Hash Buckets":2048,"Hash Batches":1,"Original Hash Batches":1,"Peak Memory Usage":156,"Shared Hit Blocks":1,"Shared Read Blocks":0,"Shared Dirtied Blocks":0,"Shared Written Blocks":0,"Local Hit Blocks":0,"Local Read Blocks":0,"Local Dirtied Blocks":0,"Local Written Blocks":0,"Temp Read Blocks":0,"Temp Written Blocks":0,"I/O Read Time":0.0,"I/O Write Time":0.0,"Temp I/O Read Time":0.0,"Temp I/O Write Time":0.0,"Plans":[{"Node Type":"Hash Join","Parent Relationship":"Outer","Parallel Aware":false,"Async Capable":false,"Join Type":"Inner","Startup Cost":25.24,"Total Cost":173.77,"Plan Rows":2000,"Plan Width":4,"Actual Startup Time":1.493,"Actual Total Time":3.059,"Actual Rows":3506,"Actual Loops":1,"Output":["supplier_1.su_suppkey"],"Hash Cond":"(nation_1.n_regionkey = region_1.r_regionkey)","Shared Hit Blocks":1,"Shared Read Blocks":0,"Shared Dirtied Blocks":0,"Shared Written Blocks":0,"Local Hit Blocks":0,"Local Read Blocks":0,"Local Dirtied Blocks":0,"Local Written Blocks":0,"Temp Read Blocks":0,"Temp Written Blocks":0,"I/O Read Time":0.0,"I/O Write Time":0.0,"Temp I/O Read Time":0.0,"Temp I/O Write Time":0.0,"Plans":[{"Node Type":"Hash Join","Parent Relationship":"Outer","Parallel Aware":false,"Async Capable":false,"Join Type":"Inner","Startup Cost":24.16,"Total Cost":124.19,"Plan Rows":10000,"Plan Width":8,"Actual Startup Time":1.474,"Actual Total Time":2.026,"Actual Rows":10000,"Actual Loops":1,"Output":["supplier_1.su_suppkey","nation_1.n_regionkey"],"Hash Cond":"(supplier_1.su_nationkey = nation_1.n_nationkey)","Rows Removed by Bloom Filter":0,"Shared Hit Blocks":0,"Shared Read Blocks":0,"Shared Dirtied Blocks":0,"Shared Written Blocks":0,"Local Hit Blocks":0,"Local Read Blocks":0,"Local Dirtied Blocks":0,"Local Written Blocks":0,"Temp Read Blocks":0,"Temp Written Blocks":0,"I/O Read Time":0.0,"I/O Write Time":0.0,"Temp I/O Read Time":0.0,"Temp I/O Write Time":0.0,"Plans":[{"Node Type":"Append","Parent Relationship":"Outer","Parallel Aware":false,"Async Capable":false,"Startup Cost":20.0,"Total Cost":219.01,"Plan Rows":10001,"Plan Width":8,"Actual Startup Time":0.004,"Actual Total Time":0.005,"Actual Rows":10000,"Actual Loops":1,"Shared Hit Blocks":0,"Shared Read Blocks":0,"Shared Dirtied Blocks":0,"Shared Written Blocks":0,"Local Hit Blocks":0,"Local Read Blocks":0,"Local Dirtied Blocks":0,"Local Written Blocks":0,"Temp Read Blocks":0,"Temp Written Blocks":0,"I/O Read Time":0.0,"I/O Write Time":0.0,"Temp I/O Read Time":0.0,"Temp I/O Write Time":0.0,"Subplans Removed":0,"Plans":[{"Node Type":"Custom Scan","Parent Relationship":"Member","Custom Plan Provider":"columnar scan","Parallel Aware":false,"Async Capable":false,"Relation Name":"supplier","Schema":"public","Alias":"supplier_1","Startup Cost":20.0,"Total Cost":215.0,"Plan Rows":10000,"Plan Width":8,"Actual Startup Time":0.003,"Actual Total Time":0.003,"Actual Rows":10000,"Actual Loops":1,"Output":["supplier_1.su_suppkey","supplier_1.su_nationkey"],"Rows Removed by Columnar Filter":0,"Columnar cache search mode":"native","Shared Hit Blocks":0,"Shared Read Blocks":0,"Shared Dirtied Blocks":0,"Shared Written Blocks":0,"Local Hit Blocks":0,"Local Read Blocks":0,"Local Dirtied Blocks":0,"Local Written Blocks":0,"Temp Read Blocks":0,"Temp Written Blocks":0,"I/O Read Time":0.0,"I/O Write Time":0.0,"Temp I/O Read Time":0.0,"Temp I/O Write Time":0.0},{"Node Type":"Seq Scan","Parent Relationship":"Member","Parallel Aware":false,"Async Capable":false,"Relation Name":"supplier","Schema":"public","Alias":"supplier_1","Startup Cost":0.0,"Total Cost":4.01,"Plan Rows":1,"Plan Width":8,"Actual Startup Time":0.0,"Actual Total Time":0.0,"Actual Rows":0,"Actual Loops":0,"Output":["supplier_1.su_suppkey","supplier_1.su_nationkey"],"Shared Hit Blocks":0,"Shared Read Blocks":0,"Shared Dirtied Blocks":0,"Shared Written Blocks":0,"Local Hit Blocks":0,"Local Read Blocks":0,"Local Dirtied Blocks":0,"Local Written Blocks":0,"Temp Read Blocks":0,"Temp Written Blocks":0,"I/O Read Time":0.0,"I/O Write Time":0.0,"Temp I/O Read Time":0.0,"Temp I/O Write Time":0.0}]},{"Node Type":"Hash","Parent Relationship":"Inner","Parallel Aware":false,"Async Capable":false,"Startup Cost":25.22,"Total Cost":25.22,"Plan Rows":63,"Plan Width":8,"Actual Rows":62,"Actual Loops":1,"Output":["nation_1.n_nationkey","nation_1.n_regionkey"],"Shared Hit Blocks":0,"Shared Read Blocks":0,"Shared Dirtied Blocks":0,"Shared Written Blocks":0,"Local Hit Blocks":0,"Local Read Blocks":0,"Local Dirtied Blocks":0,"Local Written Blocks":0,"Temp Read Blocks":0,"Temp Written Blocks":0,"I/O Read Time":0.0,"I/O Write Time":0.0,"Temp I/O Read Time":0.0,"Temp I/O Write Time":0.0,"Plans":[{"Node Type":"Append","Parent Relationship":"Outer","Parallel Aware":false,"Async Capable":false,"Startup Cost":20.0,"Total Cost":25.22,"Plan Rows":63,"Plan Width":8,"Actual Startup Time":0.007,"Actual Total Time":0.009,"Actual Rows":62,"Actual Loops":1,"Shared Hit Blocks":0,"Shared Read Blocks":0,"Shared Dirtied Blocks":0,"Shared Written Blocks":0,"Local Hit Blocks":0,"Local Read Blocks":0,"Local Dirtied Blocks":0,"Local Written Blocks":0,"Temp Read Blocks":0,"Temp Written Blocks":0,"I/O Read Time":0.0,"I/O Write Time":0.0,"Temp I/O Read Time":0.0,"Temp I/O Write Time":0.0,"Subplans Removed":0,"Plans":[{"Node Type":"Custom Scan","Parent Relationship":"Member","Custom Plan Provider":"columnar scan","Parallel Aware":false,"Async Capable":false,"Relation Name":"nation","Schema":"public","Alias":"nation_1","Startup Cost":20.0,"Total Cost":21.21,"Plan Rows":62,"Plan Width":8,"Actual Startup Time":0.006,"Actual Total Time":0.007,"Actual Rows":62,"Actual Loops":1,"Output":["nation_1.n_nationkey","nation_1.n_regionkey"],"Rows Removed by Columnar Filter":0,"Columnar cache search mode":"native","Shared Hit Blocks":0,"Shared Read Blocks":0,"Shared Dirtied Blocks":0,"Shared Written Blocks":0,"Local Hit Blocks":0,"Local Read Blocks":0,"Local Dirtied Blocks":0,"Local Written Blocks":0,"Temp Read Blocks":0,"Temp Written Blocks":0,"I/O Read Time":0.0,"I/O Write Time":0.0,"Temp I/O Read Time":0.0,"Temp I/O Write Time":0.0},{"Node Type":"Seq Scan","Parent Relationship":"Member","Parallel Aware":false,"Async Capable":false,"Relation Name":"nation","Schema":"public","Alias":"nation_1","Startup Cost":0.0,"Total Cost":4.01,"Plan Rows":1,"Plan Width":8,"Actual Startup Time":0.0,"Actual Total Time":0.0,"Actual Rows":0,"Actual Loops":0,"Output":["nation_1.n_nationkey","nation_1.n_regionkey"],"Shared Hit Blocks":0,"Shared Read Blocks":0,"Shared Dirtied Blocks":0,"Shared Written Blocks":0,"Local Hit Blocks":0,"Local Read Blocks":0,"Local Dirtied Blocks":0,"Local Written Blocks":0,"Temp Read Blocks":0,"Temp Written Blocks":0,"I/O Read Time":0.0,"I/O Write Time":0.0,"Temp I/O Read Time":0.0,"Temp I/O Write Time":0.0}]}]}]},{"Node Type":"Hash","Parent Relationship":"Inner","Parallel Aware":false,"Async Capable":false,"Startup Cost":1.06,"Total Cost":1.06,"Plan Rows":1,"Plan Width":4,"Actual Startup Time":0.006,"Actual Total Time":0.007,"Actual Rows":1,"Actual Loops":1,"Output":["region_1.r_regionkey"],"Hash Buckets":1024,"Original Hash Buckets":1024,"Hash Batches":1,"Original Hash Batches":1,"Peak Memory Usage":9,"Shared Hit Blocks":1,"Shared Read Blocks":0,"Shared Dirtied Blocks":0,"Shared Written Blocks":0,"Local Hit Blocks":0,"Local Read Blocks":0,"Local Dirtied Blocks":0,"Local Written Blocks":0,"Temp Read Blocks":0,"Temp Written Blocks":0,"I/O Read Time":0.0,"I/O Write Time":0.0,"Temp I/O Read Time":0.0,"Temp I/O Write Time":0.0,"Plans":[{"Node Type":"Seq Scan","Parent Relationship":"Outer","Parallel Aware":false,"Async Capable":false,"Relation Name":"region","Schema":"public","Alias":"region_1","Startup Cost":0.0,"Total Cost":1.06,"Plan Rows":1,"Plan Width":4,"Actual Startup Time":0.004,"Actual Total Time":0.005,"Actual Rows":1,"Actual Loops":1,"Output":["region_1.r_regionkey"],"Filter":"((region_1.r_name)::text ~~ 'Europ%'::text)","Rows Removed by Filter":4,"Shared Hit Blocks":1,"Shared Read Blocks":0,"Shared Dirtied Blocks":0,"Shared Written Blocks":0,"Local Hit Blocks":0,"Local Read Blocks":0,"Local Dirtied Blocks":0,"Local Written Blocks":0,"Temp Read Blocks":0,"Temp Written Blocks":0,"I/O Read Time":0.0,"I/O Write Time":0.0,"Temp I/O Read Time":0.0,"Temp I/O Write Time":0.0}]}]}]}]}]}]}]},{"Node Type":"Hash","Parent Relationship":"Inner","Parallel Aware":false,"Async Capable":false,"Startup Cost":210.78,"Total Cost":210.78,"Plan Rows":2000,"Plan Width":135,"Actual Startup Time":5.604,"Actual Total Time":5.617,"Actual Rows":3506,"Actual Loops":1,"Output":["supplier.su_suppkey","supplier.su_name","supplier.su_address","supplier.su_phone","supplier.su_comment","nation.n_name"],"Hash Buckets":4096,"Original Hash Buckets":2048,"Hash Batches":1,"Original Hash Batches":1,"Peak Memory Usage":614,"Shared Hit Blocks":1,"Shared Read Blocks":0,"Shared Dirtied Blocks":0,"Shared Written Blocks":0,"Local Hit Blocks":0,"Local Read Blocks":0,"Local Dirtied Blocks":0,"Local Written Blocks":0,"Temp Read Blocks":0,"Temp Written Blocks":0,"I/O Read Time":0.0,"I/O Write Time":0.0,"Temp I/O Read Time":0.0,"Temp I/O Write Time":0.0,"Plans":[{"Node Type":"Hash Join","Parent Relationship":"Outer","Parallel Aware":false,"Async Capable":false,"Join Type":"Inner","Startup Cost":25.24,"Total Cost":210.78,"Plan Rows":2000,"Plan Width":135,"Actual Startup Time":2.304,"Actual Total Time":4.252,"Actual Rows":3506,"Actual Loops":1,"Output":["supplier.su_suppkey","supplier.su_name","supplier.su_address","supplier.su_phone","supplier.su_comment","nation.n_name"],"Hash Cond":"(nation.n_regionkey = region.r_regionkey)","Shared Hit Blocks":1,"Shared Read Blocks":0,"Shared Dirtied Blocks":0,"Shared Written Blocks":0,"Local Hit Blocks":0,"Local Read Blocks":0,"Local Dirtied Blocks":0,"Local Written Blocks":0,"Temp Read Blocks":0,"Temp Written Blocks":0,"I/O Read Time":0.0,"I/O Write Time":0.0,"Temp I/O Read Time":0.0,"Temp I/O Write Time":0.0,"Plans":[{"Node Type":"Hash Join","Parent Relationship":"Outer","Parallel Aware":false,"Async Capable":false,"Join Type":"Inner","Startup Cost":24.16,"Total Cost":161.2,"Plan Rows":10000,"Plan Width":139,"Actual Startup Time":2.277,"Actual Total Time":3.126,"Actual Rows":10000,"Actual Loops":1,"Output":["supplier.su_suppkey","supplier.su_name","supplier.su_address","supplier.su_phone","supplier.su_comment","nation.n_name","nation.n_regionkey"],"Hash Cond":"(supplier.su_nationkey = nation.n_nationkey)","Rows Removed by Bloom Filter":0,"Shared Hit Blocks":0,"Shared Read Blocks":0,"Shared Dirtied Blocks":0,"Shared Written Blocks":0,"Local Hit Blocks":0,"Local Read Blocks":0,"Local Dirtied Blocks":0,"Local Written Blocks":0,"Temp Read Blocks":0,"Temp Written Blocks":0,"I/O Read Time":0.0,"I/O Write Time":0.0,"Temp I/O Read Time":0.0,"Temp I/O Write Time":0.0,"Plans":[{"Node Type":"Append","Parent Relationship":"Outer","Parallel Aware":false,"Async Capable":false,"Startup Cost":20.0,"Total Cost":299.01,"Plan Rows":10001,"Plan Width":131,"Actual Startup Time":0.004,"Actual Total Time":0.008,"Actual Rows":10000,"Actual Loops":1,"Shared Hit Blocks":0,"Shared Read Blocks":0,"Shared Dirtied Blocks":0,"Shared Written Blocks":0,"Local Hit Blocks":0,"Local Read Blocks":0,"Local Dirtied Blocks":0,"Local Written Blocks":0,"Temp Read Blocks":0,"Temp Written Blocks":0,"I/O Read Time":0.0,"I/O Write Time":0.0,"Temp I/O Read Time":0.0,"Temp I/O Write Time":0.0,"Subplans Removed":0,"Plans":[{"Node Type":"Custom Scan","Parent Relationship":"Member","Custom Plan Provider":"columnar scan","Parallel Aware":false,"Async Capable":false,"Relation Name":"supplier","Schema":"public","Alias":"supplier","Startup Cost":20.0,"Total Cost":295.0,"Plan Rows":10000,"Plan Width":131,"Actual Startup Time":0.004,"Actual Total Time":0.006,"Actual Rows":10000,"Actual Loops":1,"Output":["supplier.su_suppkey","supplier.su_name","supplier.su_address","supplier.su_phone","supplier.su_comment","supplier.su_nationkey"],"Rows Removed by Columnar Filter":0,"Columnar cache search mode":"native","Shared Hit Blocks":0,"Shared Read Blocks":0,"Shared Dirtied Blocks":0,"Shared Written Blocks":0,"Local Hit Blocks":0,"Local Read Blocks":0,"Local Dirtied Blocks":0,"Local Written Blocks":0,"Temp Read Blocks":0,"Temp Written Blocks":0,"I/O Read Time":0.0,"I/O Write Time":0.0,"Temp I/O Read Time":0.0,"Temp I/O Write Time":0.0},{"Node Type":"Seq Scan","Parent Relationship":"Member","Parallel Aware":false,"Async Capable":false,"Relation Name":"supplier","Schema":"public","Alias":"supplier","Startup Cost":0.0,"Total Cost":4.01,"Plan Rows":1,"Plan Width":131,"Actual Startup Time":0.0,"Actual Total Time":0.0,"Actual Rows":0,"Actual Loops":0,"Output":["supplier.su_suppkey","supplier.su_name","supplier.su_address","supplier.su_phone","supplier.su_comment","supplier.su_nationkey"],"Shared Hit Blocks":0,"Shared Read Blocks":0,"Shared Dirtied Blocks":0,"Shared Written Blocks":0,"Local Hit Blocks":0,"Local Read Blocks":0,"Local Dirtied Blocks":0,"Local Written Blocks":0,"Temp Read Blocks":0,"Temp Written Blocks":0,"I/O Read Time":0.0,"I/O Write Time":0.0,"Temp I/O Read Time":0.0,"Temp I/O Write Time":0.0}]},{"Node Type":"Hash","Parent Relationship":"Inner","Parallel Aware":false,"Async Capable":false,"Startup Cost":25.34,"Total Cost":25.34,"Plan Rows":63,"Plan Width":16,"Actual Rows":62,"Actual Loops":1,"Output":["nation.n_name","nation.n_nationkey","nation.n_regionkey"],"Shared Hit Blocks":0,"Shared Read Blocks":0,"Shared Dirtied Blocks":0,"Shared Written Blocks":0,"Local Hit Blocks":0,"Local Read Blocks":0,"Local Dirtied Blocks":0,"Local Written Blocks":0,"Temp Read Blocks":0,"Temp Written Blocks":0,"I/O Read Time":0.0,"I/O Write Time":0.0,"Temp I/O Read Time":0.0,"Temp I/O Write Time":0.0,"Plans":[{"Node Type":"Append","Parent Relationship":"Outer","Parallel Aware":false,"Async Capable":false,"Startup Cost":20.0,"Total Cost":25.34,"Plan Rows":63,"Plan Width":16,"Actual Startup Time":0.012,"Actual Total Time":0.015,"Actual Rows":62,"Actual Loops":1,"Shared Hit Blocks":0,"Shared Read Blocks":0,"Shared Dirtied Blocks":0,"Shared Written Blocks":0,"Local Hit Blocks":0,"Local Read Blocks":0,"Local Dirtied Blocks":0,"Local Written Blocks":0,"Temp Read Blocks":0,"Temp Written Blocks":0,"I/O Read Time":0.0,"I/O Write Time":0.0,"Temp I/O Read Time":0.0,"Temp I/O Write Time":0.0,"Subplans Removed":0,"Plans":[{"Node Type":"Custom Scan","Parent Relationship":"Member","Custom Plan Provider":"columnar scan","Parallel Aware":false,"Async Capable":false,"Relation Name":"nation","Schema":"public","Alias":"nation","Startup Cost":20.0,"Total Cost":21.33,"Plan Rows":62,"Plan Width":16,"Actual Startup Time":0.011,"Actual Total Time":0.012,"Actual Rows":62,"Actual Loops":1,"Output":["nation.n_name","nation.n_nationkey","nation.n_regionkey"],"Rows Removed by Columnar Filter":0,"Columnar cache search mode":"native","Shared Hit Blocks":0,"Shared Read Blocks":0,"Shared Dirtied Blocks":0,"Shared Written Blocks":0,"Local Hit Blocks":0,"Local Read Blocks":0,"Local Dirtied Blocks":0,"Local Written Blocks":0,"Temp Read Blocks":0,"Temp Written Blocks":0,"I/O Read Time":0.0,"I/O Write Time":0.0,"Temp I/O Read Time":0.0,"Temp I/O Write Time":0.0},{"Node Type":"Seq Scan","Parent Relationship":"Member","Parallel Aware":false,"Async Capable":false,"Relation Name":"nation","Schema":"public","Alias":"nation","Startup Cost":0.0,"Total Cost":4.01,"Plan Rows":1,"Plan Width":16,"Actual Startup Time":0.0,"Actual Total Time":0.0,"Actual Rows":0,"Actual Loops":0,"Output":["nation.n_name","nation.n_nationkey","nation.n_regionkey"],"Shared Hit Blocks":0,"Shared Read Blocks":0,"Shared Dirtied Blocks":0,"Shared Written Blocks":0,"Local Hit Blocks":0,"Local Read Blocks":0,"Local Dirtied Blocks":0,"Local Written Blocks":0,"Temp Read Blocks":0,"Temp Written Blocks":0,"I/O Read Time":0.0,"I/O Write Time":0.0,"Temp I/O Read Time":0.0,"Temp I/O Write Time":0.0}]}]}]},{"Node Type":"Hash","Parent Relationship":"Inner","Parallel Aware":false,"Async Capable":false,"Startup Cost":1.06,"Total Cost":1.06,"Plan Rows":1,"Plan Width":4,"Actual Startup Time":0.015,"Actual Total Time":0.017,"Actual Rows":1,"Actual Loops":1,"Output":["region.r_regionkey"],"Hash Buckets":1024,"Original Hash Buckets":1024,"Hash Batches":1,"Original Hash Batches":1,"Peak Memory Usage":9,"Shared Hit Blocks":1,"Shared Read Blocks":0,"Shared Dirtied Blocks":0,"Shared Written Blocks":0,"Local Hit Blocks":0,"Local Read Blocks":0,"Local Dirtied Blocks":0,"Local Written Blocks":0,"Temp Read Blocks":0,"Temp Written Blocks":0,"I/O Read Time":0.0,"I/O Write Time":0.0,"Temp I/O Read Time":0.0,"Temp I/O Write Time":0.0,"Plans":[{"Node Type":"Seq Scan","Parent Relationship":"Outer","Parallel Aware":false,"Async Capable":false,"Relation Name":"region","Schema":"public","Alias":"region","Startup Cost":0.0,"Total Cost":1.06,"Plan Rows":1,"Plan Width":4,"Actual Startup Time":0.012,"Actual Total Time":0.012,"Actual Rows":1,"Actual Loops":1,"Output":["region.r_regionkey"],"Filter":"((region.r_name)::text ~~ 'Europ%'::text)","Rows Removed by Filter":4,"Shared Hit Blocks":1,"Shared Read Blocks":0,"Shared Dirtied Blocks":0,"Shared Written Blocks":0,"Local Hit Blocks":0,"Local Read Blocks":0,"Local Dirtied Blocks":0,"Local Written Blocks":0,"Temp Read Blocks":0,"Temp Written Blocks":0,"I/O Read Time":0.0,"I/O Write Time":0.0,"Temp I/O Read Time":0.0,"Temp I/O Write Time":0.0}]}]}]}]}]},"Planning":{"Shared Hit Blocks":36,"Shared Read Blocks":0,"Shared Dirtied Blocks":0,"Shared Written Blocks":0,"Local Hit Blocks":0,"Local Read Blocks":0,"Local Dirtied Blocks":0,"Local Written Blocks":0,"Temp Read Blocks":0,"Temp Written Blocks":0,"I/O Read Time":0.0,"I/O Write Time":0.0,"Temp I/O Read Time":0.0,"Temp I/O Write Time":0.0},"Planning Time":1.62,"Triggers":[],"Execution Time":4868.449}]
[列存组合]: region, stock, supplier
[{"Plan":{"Node Type":"Sort","Parallel Aware":false,"Async Capable":false,"Startup Cost":966231.5,"Total Cost":966232.0,"Plan Rows":198,"Plan Width":164,"Actual Startup Time":4799.063,"Actual Total Time":4799.16,"Actual Rows":1900,"Actual Loops":1,"Output":["supplier.su_suppkey","supplier.su_name","nation.n_name","item.i_id","item.i_name","supplier.su_address","supplier.su_phone","supplier.su_comment"],"Sort Key":["nation.n_name","supplier.su_name","item.i_id"],"Sort Method":"quicksort","Sort Space Used":439,"Sort Space Type":"Memory","Shared Hit Blocks":10477,"Shared Read Blocks":0,"Shared Dirtied Blocks":0,"Shared Written Blocks":0,"Local Hit Blocks":0,"Local Read Blocks":0,"Local Dirtied Blocks":0,"Local Written Blocks":0,"Temp Read Blocks":4157,"Temp Written Blocks":7564,"I/O Read Time":0.0,"I/O Write Time":0.0,"Temp I/O Read Time":6.444,"Temp I/O Write Time":24.935,"Plans":[{"Node Type":"Hash Join","Parent Relationship":"Outer","Parallel Aware":false,"Async Capable":false,"Join Type":"Inner","Startup Cost":432055.43,"Total Cost":966223.95,"Plan Rows":198,"Plan Width":164,"Actual Startup Time":4411.237,"Actual Total Time":4795.69,"Actual Rows":1900,"Actual Loops":1,"Output":["supplier.su_suppkey","supplier.su_name","nation.n_name","item.i_id","item.i_name","supplier.su_address","supplier.su_phone","supplier.su_comment"],"Inner Unique":false,"Hash Cond":"(supplier.su_nationkey = nation.n_nationkey)","Shared Hit Blocks":10477,"Shared Read Blocks":0,"Shared Dirtied Blocks":0,"Shared Written Blocks":0,"Local Hit Blocks":0,"Local Read Blocks":0,"Local Dirtied Blocks":0,"Local Written Blocks":0,"Temp Read Blocks":4157,"Temp Written Blocks":7564,"I/O Read Time":0.0,"I/O Write Time":0.0,"Temp I/O Read Time":6.444,"Temp I/O Write Time":24.935,"Plans":[{"Node Type":"Nested Loop","Parent Relationship":"Outer","Parallel Aware":false,"Async Capable":false,"Join Type":"Inner","Startup Cost":432052.28,"Total Cost":966215.17,"Plan Rows":991,"Plan Width":160,"Actual Startup Time":4411.174,"Actual Total Time":4794.961,"Actual Rows":3036,"Actual Loops":1,"Output":["item.i_id","item.i_name","supplier.su_suppkey","supplier.su_name","supplier.su_address","supplier.su_phone","supplier.su_comment","supplier.su_nationkey"],"Inner Unique":true,"Shared Hit Blocks":10475,"Shared Read Blocks":0,"Shared Dirtied Blocks":0,"Shared Written Blocks":0,"Local Hit Blocks":0,"Local Read Blocks":0,"Local Dirtied Blocks":0,"Local Written Blocks":0,"Temp Read Blocks":4157,"Temp Written Blocks":7564,"I/O Read Time":0.0,"I/O Write Time":0.0,"Temp I/O Read Time":6.444,"Temp I/O Write Time":24.935,"Plans":[{"Node Type":"Hash Join","Parent Relationship":"Outer","Parallel Aware":false,"Async Capable":false,"Join Type":"Inner","Startup Cost":432051.99,"Total Cost":965910.34,"Plan Rows":991,"Plan Width":35,"Actual Startup Time":4411.128,"Actual Total Time":4787.633,"Actual Rows":3036,"Actual Loops":1,"Output":["item.i_id","item.i_name","stock.s_i_id","stock.s_w_id"],"Inner Unique":true,"Hash Cond":"((item.i_id = stock_1.s_i_id) AND (stock.s_quantity = (min(stock_1.s_quantity))))","Shared Hit Blocks":1367,"Shared Read Blocks":0,"Shared Dirtied Blocks":0,"Shared Written Blocks":0,"Local Hit Blocks":0,"Local Read Blocks":0,"Local Dirtied Blocks":0,"Local Written Blocks":0,"Temp Read Blocks":4157,"Temp Written Blocks":7564,"I/O Read Time":0.0,"I/O Write Time":0.0,"Temp I/O Read Time":6.444,"Temp I/O Write Time":24.935,"Plans":[{"Node Type":"Hash Join","Parent Relationship":"Outer","Parallel Aware":false,"Async Capable":false,"Join Type":"Inner","Startup Cost":2660.25,"Total Cost":535458.08,"Plan Rows":202003,"Plan Width":37,"Actual Startup Time":16.039,"Actual Total Time":367.33,"Actual Rows":157200,"Actual Loops":1,"Output":["item.i_id","item.i_name","stock.s_i_id","stock.s_w_id","stock.s_quantity"],"Inner Unique":true,"Hash Cond":"(stock.s_i_id = item.i_id)","Shared Hit Blocks":1365,"Shared Read Blocks":0,"Shared Dirtied Blocks":0,"Shared Written Blocks":0,"Local Hit Blocks":0,"Local Read Blocks":0,"Local Dirtied Blocks":0,"Local Written Blocks":0,"Temp Read Blocks":0,"Temp Written Blocks":0,"I/O Read Time":0.0,"I/O Write Time":0.0,"Temp I/O Read Time":0.0,"Temp I/O Write Time":0.0,"Plans":[{"Node Type":"Append","Parent Relationship":"Outer","Parallel Aware":false,"Async Capable":false,"Startup Cost":20.0,"Total Cost":506566.29,"Plan Rows":10000162,"Plan Width":8,"Actual Startup Time":1.197,"Actual Total Time":322.326,"Actual Rows":157200,"Actual Loops":1,"Shared Hit Blocks":0,"Shared Read Blocks":0,"Shared Dirtied Blocks":0,"Shared Written Blocks":0,"Local Hit Blocks":0,"Local Read Blocks":0,"Local Dirtied Blocks":0,"Local Written Blocks":0,"Temp Read Blocks":0,"Temp Written Blocks":0,"I/O Read Time":0.0,"I/O Write Time":0.0,"Temp I/O Read Time":0.0,"Temp I/O Write Time":0.0,"Subplans Removed":0,"Plans":[{"Node Type":"Custom Scan","Parent Relationship":"Member","Custom Plan Provider":"columnar scan","Parallel Aware":false,"Async Capable":false,"Relation Name":"stock","Schema":"public","Alias":"stock","Startup Cost":20.0,"Total Cost":215020.05,"Plan Rows":10000000,"Plan Width":8,"Actual Startup Time":1.195,"Actual Total Time":311.527,"Actual Rows":157200,"Actual Loops":1,"Output":["stock.s_i_id","stock.s_w_id","stock.s_quantity"],"Rows Removed by Columnar Filter":9842800,"Rows Filtered by Bloom Filter":0,"Dictionary Rows Filtered by Bloom Filter":9842800,"Columnar cache search mode":"native","Shared Hit Blocks":0,"Shared Read Blocks":0,"Shared Dirtied Blocks":0,"Shared Written Blocks":0,"Local Hit Blocks":0,"Local Read Blocks":0,"Local Dirtied Blocks":0,"Local Written Blocks":0,"Temp Read Blocks":0,"Temp Written Blocks":0,"I/O Read Time":0.0,"I/O Write Time":0.0,"Temp I/O Read Time":0.0,"Temp I/O Write Time":0.0},{"Node Type":"Seq Scan","Parent Relationship":"Member","Parallel Aware":false,"Async Capable":false,"Relation Name":"stock","Schema":"public","Alias":"stock","Startup Cost":0.0,"Total Cost":5.62,"Plan Rows":162,"Plan Width":8,"Actual Startup Time":0.0,"Actual Total Time":0.0,"Actual Rows":0,"Actual Loops":0,"Output":["stock.s_i_id","stock.s_w_id","stock.s_quantity"],"Shared Hit Blocks":0,"Shared Read Blocks":0,"Shared Dirtied Blocks":0,"Shared Written Blocks":0,"Local Hit Blocks":0,"Local Read Blocks":0,"Local Dirtied Blocks":0,"Local Written Blocks":0,"Temp Read Blocks":0,"Temp Written Blocks":0,"I/O Read Time":0.0,"I/O Write Time":0.0,"Temp I/O Read Time":0.0,"Temp I/O Write Time":0.0}]},{"Node Type":"Hash","Parent Relationship":"Inner","Parallel Aware":false,"Async Capable":false,"Startup Cost":2615.0,"Total Cost":2615.0,"Plan Rows":2020,"Plan Width":29,"Actual Startup Time":14.501,"Actual Total Time":14.503,"Actual Rows":1572,"Actual Loops":1,"Output":["item.i_id","item.i_name"],"Hash Buckets":2048,"Original Hash Buckets":2048,"Hash Batches":1,"Original Hash Batches":1,"Peak Memory Usage":110,"Shared Hit Blocks":1365,"Shared Read Blocks":0,"Shared Dirtied Blocks":0,"Shared Written Blocks":0,"Local Hit Blocks":0,"Local Read Blocks":0,"Local Dirtied Blocks":0,"Local Written Blocks":0,"Temp Read Blocks":0,"Temp Written Blocks":0,"I/O Read Time":0.0,"I/O Write Time":0.0,"Temp I/O Read Time":0.0,"Temp I/O Write Time":0.0,"Plans":[{"Node Type":"Seq Scan","Parent Relationship":"Outer","Parallel Aware":false,"Async Capable":false,"Relation Name":"item","Schema":"public","Alias":"item","Startup Cost":0.0,"Total Cost":2615.0,"Plan Rows":2020,"Plan Width":29,"Actual Startup Time":0.012,"Actual Total Time":14.013,"Actual Rows":1572,"Actual Loops":1,"Output":["item.i_id","item.i_name"],"Filter":"((item.i_data)::text ~~ '%b'::text)","Rows Removed by Filter":98428,"Shared Hit Blocks":1365,"Shared Read Blocks":0,"Shared Dirtied Blocks":0,"Shared Written Blocks":0,"Local Hit Blocks":0,"Local Read Blocks":0,"Local Dirtied Blocks":0,"Local Written Blocks":0,"Temp Read Blocks":0,"Temp Written Blocks":0,"I/O Read Time":0.0,"I/O Write Time":0.0,"Temp I/O Read Time":0.0,"Temp I/O Write Time":0.0}]}]},{"Node Type":"Hash","Parent Relationship":"Inner","Parallel Aware":false,"Async Capable":false,"Startup Cost":427920.17,"Total Cost":427920.17,"Plan Rows":98105,"Plan Width":6,"Actual Startup Time":4394.687,"Actual Total Time":4394.7,"Actual Rows":100000,"Actual Loops":1,"Output":["stock_1.s_i_id","(min(stock_1.s_quantity))"],"Hash Buckets":131072,"Original Hash Buckets":131072,"Hash Batches":1,"Original Hash Batches":1,"Peak Memory Usage":4735,"Shared Hit Blocks":2,"Shared Read Blocks":0,"Shared Dirtied Blocks":0,"Shared Written Blocks":0,"Local Hit Blocks":0,"Local Read Blocks":0,"Local Dirtied Blocks":0,"Local Written Blocks":0,"Temp Read Blocks":4157,"Temp Written Blocks":7564,"I/O Read Time":0.0,"I/O Write Time":0.0,"Temp I/O Read Time":6.444,"Temp I/O Write Time":24.935,"Plans":[{"Node Type":"Aggregate","Strategy":"Hashed","Partial Mode":"Simple","Parent Relationship":"Outer","Parallel Aware":false,"Async Capable":false,"Startup Cost":410332.82,"Total Cost":426939.12,"Plan Rows":98105,"Plan Width":6,"Actual Startup Time":4205.461,"Actual Total Time":4378.713,"Actual Rows":100000,"Actual Loops":1,"Output":["stock_1.s_i_id","min(stock_1.s_quantity)"],"Group Key":["stock_1.s_i_id"],"Planned Partitions":0,"HashAgg Batches":5,"Peak Memory Usage":8241,"Disk Usage":35680,"Shared Hit Blocks":2,"Shared Read Blocks":0,"Shared Dirtied Blocks":0,"Shared Written Blocks":0,"Local Hit Blocks":0,"Local Read Blocks":0,"Local Dirtied Blocks":0,"Local Written Blocks":0,"Temp Read Blocks":4157,"Temp Written Blocks":7564,"I/O Read Time":0.0,"I/O Write Time":0.0,"Temp I/O Read Time":6.444,"Temp I/O Write Time":24.935,"Plans":[{"Node Type":"Hash Join","Parent Relationship":"Outer","Parallel Aware":false,"Async Capable":false,"Join Type":"Inner","Startup Cost":324.02,"Total Cost":297831.02,"Plan Rows":2000032,"Plan Width":6,"Actual Startup Time":2.188,"Actual Total Time":3559.806,"Actual Rows":3474600,"Actual Loops":1,"Output":["stock_1.s_i_id","stock_1.s_quantity"],"Inner Unique":false,"Hash Cond":"(mod((stock_1.s_w_id * stock_1.s_i_id), 10000) = supplier_1.su_suppkey)","Shared Hit Blocks":2,"Shared Read Blocks":0,"Shared Dirtied Blocks":0,"Shared Written Blocks":0,"Local Hit Blocks":0,"Local Read Blocks":0,"Local Dirtied Blocks":0,"Local Written Blocks":0,"Temp Read Blocks":0,"Temp Written Blocks":0,"I/O Read Time":0.0,"I/O Write Time":0.0,"Temp I/O Read Time":0.0,"Temp I/O Write Time":0.0,"Plans":[{"Node Type":"Append","Parent Relationship":"Outer","Parallel Aware":false,"Async Capable":false,"Startup Cost":20.0,"Total Cost":215025.67,"Plan Rows":10000162,"Plan Width":8,"Actual Startup Time":0.007,"Actual Total Time":2107.821,"Actual Rows":10000000,"Actual Loops":1,"Shared Hit Blocks":0,"Shared Read Blocks":0,"Shared Dirtied Blocks":0,"Shared Written Blocks":0,"Local Hit Blocks":0,"Local Read Blocks":0,"Local Dirtied Blocks":0,"Local Written Blocks":0,"Temp Read Blocks":0,"Temp Written Blocks":0,"I/O Read Time":0.0,"I/O Write Time":0.0,"Temp I/O Read Time":0.0,"Temp I/O Write Time":0.0,"Subplans Removed":0,"Plans":[{"Node Type":"Custom Scan","Parent Relationship":"Member","Custom Plan Provider":"columnar scan","Parallel Aware":false,"Async Capable":false,"Relation Name":"stock","Schema":"public","Alias":"stock_1","Startup Cost":20.0,"Total Cost":215020.05,"Plan Rows":10000000,"Plan Width":8,"Actual Startup Time":0.007,"Actual Total Time":1389.268,"Actual Rows":10000000,"Actual Loops":1,"Output":["stock_1.s_i_id","stock_1.s_quantity","stock_1.s_w_id"],"Rows Removed by Columnar Filter":0,"Columnar cache search mode":"native","Shared Hit Blocks":0,"Shared Read Blocks":0,"Shared Dirtied Blocks":0,"Shared Written Blocks":0,"Local Hit Blocks":0,"Local Read Blocks":0,"Local Dirtied Blocks":0,"Local Written Blocks":0,"Temp Read Blocks":0,"Temp Written Blocks":0,"I/O Read Time":0.0,"I/O Write Time":0.0,"Temp I/O Read Time":0.0,"Temp I/O Write Time":0.0},{"Node Type":"Seq Scan","Parent Relationship":"Member","Parallel Aware":false,"Async Capable":false,"Relation Name":"stock","Schema":"public","Alias":"stock_1","Startup Cost":0.0,"Total Cost":5.62,"Plan Rows":162,"Plan Width":8,"Actual Startup Time":0.0,"Actual Total Time":0.0,"Actual Rows":0,"Actual Loops":0,"Output":["stock_1.s_i_id","stock_1.s_quantity","stock_1.s_w_id"],"Shared Hit Blocks":0,"Shared Read Blocks":0,"Shared Dirtied Blocks":0,"Shared Written Blocks":0,"Local Hit Blocks":0,"Local Read Blocks":0,"Local Dirtied Blocks":0,"Local Written Blocks":0,"Temp Read Blocks":0,"Temp Written Blocks":0,"I/O Read Time":0.0,"I/O Write Time":0.0,"Temp I/O Read Time":0.0,"Temp I/O Write Time":0.0}]},{"Node Type":"Hash","Parent Relationship":"Inner","Parallel Aware":false,"Async Capable":false,"Startup Cost":279.02,"Total Cost":279.02,"Plan Rows":2000,"Plan Width":4,"Actual Startup Time":2.17,"Actual Total Time":2.18,"Actual Rows":3506,"Actual Loops":1,"Output":["supplier_1.su_suppkey"],"Hash Buckets":4096,"Original Hash Buckets":2048,"Hash Batches":1,"Original Hash Batches":1,"Peak Memory Usage":156,"Shared Hit Blocks":2,"Shared Read Blocks":0,"Shared Dirtied Blocks":0,"Shared Written Blocks":0,"Local Hit Blocks":0,"Local Read Blocks":0,"Local Dirtied Blocks":0,"Local Written Blocks":0,"Temp Read Blocks":0,"Temp Written Blocks":0,"I/O Read Time":0.0,"I/O Write Time":0.0,"Temp I/O Read Time":0.0,"Temp I/O Write Time":0.0,"Plans":[{"Node Type":"Hash Join","Parent Relationship":"Outer","Parallel Aware":false,"Async Capable":false,"Join Type":"Inner","Startup Cost":23.14,"Total Cost":279.02,"Plan Rows":2000,"Plan Width":4,"Actual Startup Time":0.444,"Actual Total Time":1.749,"Actual Rows":3506,"Actual Loops":1,"Output":["supplier_1.su_suppkey"],"Inner Unique":false,"Hash Cond":"(supplier_1.su_nationkey = nation_1.n_nationkey)","Shared Hit Blocks":2,"Shared Read Blocks":0,"Shared Dirtied Blocks":0,"Shared Written Blocks":0,"Local Hit Blocks":0,"Local Read Blocks":0,"Local Dirtied Blocks":0,"Local Written Blocks":0,"Temp Read Blocks":0,"Temp Written Blocks":0,"I/O Read Time":0.0,"I/O Write Time":0.0,"Temp I/O Read Time":0.0,"Temp I/O Write Time":0.0,"Plans":[{"Node Type":"Append","Parent Relationship":"Outer","Parallel Aware":false,"Async Capable":false,"Startup Cost":20.0,"Total Cost":219.01,"Plan Rows":10001,"Plan Width":8,"Actual Startup Time":0.088,"Actual Total Time":0.815,"Actual Rows":3506,"Actual Loops":1,"Shared Hit Blocks":0,"Shared Read Blocks":0,"Shared Dirtied Blocks":0,"Shared Written Blocks":0,"Local Hit Blocks":0,"Local Read Blocks":0,"Local Dirtied Blocks":0,"Local Written Blocks":0,"Temp Read Blocks":0,"Temp Written Blocks":0,"I/O Read Time":0.0,"I/O Write Time":0.0,"Temp I/O Read Time":0.0,"Temp I/O Write Time":0.0,"Subplans Removed":0,"Plans":[{"Node Type":"Custom Scan","Parent Relationship":"Member","Custom Plan Provider":"columnar scan","Parallel Aware":false,"Async Capable":false,"Relation Name":"supplier","Schema":"public","Alias":"supplier_1","Startup Cost":20.0,"Total Cost":215.0,"Plan Rows":10000,"Plan Width":8,"Actual Startup Time":0.088,"Actual Total Time":0.566,"Actual Rows":3506,"Actual Loops":1,"Output":["supplier_1.su_suppkey","supplier_1.su_nationkey"],"Rows Removed by Columnar Filter":6494,"Rows Filtered by Bloom Filter":0,"Dictionary Rows Filtered by Bloom Filter":6494,"Columnar cache search mode":"native","Shared Hit Blocks":0,"Shared Read Blocks":0,"Shared Dirtied Blocks":0,"Shared Written Blocks":0,"Local Hit Blocks":0,"Local Read Blocks":0,"Local Dirtied Blocks":0,"Local Written Blocks":0,"Temp Read Blocks":0,"Temp Written Blocks":0,"I/O Read Time":0.0,"I/O Write Time":0.0,"Temp I/O Read Time":0.0,"Temp I/O Write Time":0.0},{"Node Type":"Seq Scan","Parent Relationship":"Member","Parallel Aware":false,"Async Capable":false,"Relation Name":"supplier","Schema":"public","Alias":"supplier_1","Startup Cost":0.0,"Total Cost":4.01,"Plan Rows":1,"Plan Width":8,"Actual Startup Time":0.0,"Actual Total Time":0.0,"Actual Rows":0,"Actual Loops":0,"Output":["supplier_1.su_suppkey","supplier_1.su_nationkey"],"Shared Hit Blocks":0,"Shared Read Blocks":0,"Shared Dirtied Blocks":0,"Shared Written Blocks":0,"Local Hit Blocks":0,"Local Read Blocks":0,"Local Dirtied Blocks":0,"Local Written Blocks":0,"Temp Read Blocks":0,"Temp Written Blocks":0,"I/O Read Time":0.0,"I/O Write Time":0.0,"Temp I/O Read Time":0.0,"Temp I/O Write Time":0.0}]},{"Node Type":"Hash","Parent Relationship":"Inner","Parallel Aware":false,"Async Capable":false,"Startup Cost":2.99,"Total Cost":2.99,"Plan Rows":12,"Plan Width":4,"Actual Startup Time":0.04,"Actual Total Time":0.046,"Actual Rows":22,"Actual Loops":1,"Output":["nation_1.n_nationkey"],"Hash Buckets":1024,"Original Hash Buckets":1024,"Hash Batches":1,"Original Hash Batches":1,"Peak Memory Usage":9,"Shared Hit Blocks":2,"Shared Read Blocks":0,"Shared Dirtied Blocks":0,"Shared Written Blocks":0,"Local Hit Blocks":0,"Local Read Blocks":0,"Local Dirtied Blocks":0,"Local Written Blocks":0,"Temp Read Blocks":0,"Temp Written Blocks":0,"I/O Read Time":0.0,"I/O Write Time":0.0,"Temp I/O Read Time":0.0,"Temp I/O Write Time":0.0,"Plans":[{"Node Type":"Hash Join","Parent Relationship":"Outer","Parallel Aware":false,"Async Capable":false,"Join Type":"Inner","Startup Cost":1.07,"Total Cost":2.99,"Plan Rows":12,"Plan Width":4,"Actual Startup Time":0.022,"Actual Total Time":0.038,"Actual Rows":22,"Actual Loops":1,"Output":["nation_1.n_nationkey"],"Inner Unique":true,"Hash Cond":"(nation_1.n_regionkey = region_1.r_regionkey)","Shared Hit Blocks":2,"Shared Read Blocks":0,"Shared Dirtied Blocks":0,"Shared Written Blocks":0,"Local Hit Blocks":0,"Local Read Blocks":0,"Local Dirtied Blocks":0,"Local Written Blocks":0,"Temp Read Blocks":0,"Temp Written Blocks":0,"I/O Read Time":0.0,"I/O Write Time":0.0,"Temp I/O Read Time":0.0,"Temp I/O Write Time":0.0,"Plans":[{"Node Type":"Seq Scan","Parent Relationship":"Outer","Parallel Aware":false,"Async Capable":false,"Relation Name":"nation","Schema":"public","Alias":"nation_1","Startup Cost":0.0,"Total Cost":1.62,"Plan Rows":62,"Plan Width":8,"Actual Startup Time":0.004,"Actual Total Time":0.008,"Actual Rows":62,"Actual Loops":1,"Output":["nation_1.n_nationkey","nation_1.n_name","nation_1.n_regionkey","nation_1.n_comment"],"Shared Hit Blocks":1,"Shared Read Blocks":0,"Shared Dirtied Blocks":0,"Shared Written Blocks":0,"Local Hit Blocks":0,"Local Read Blocks":0,"Local Dirtied Blocks":0,"Local Written Blocks":0,"Temp Read Blocks":0,"Temp Written Blocks":0,"I/O Read Time":0.0,"I/O Write Time":0.0,"Temp I/O Read Time":0.0,"Temp I/O Write Time":0.0},{"Node Type":"Hash","Parent Relationship":"Inner","Parallel Aware":false,"Async Capable":false,"Startup Cost":1.06,"Total Cost":1.06,"Plan Rows":1,"Plan Width":4,"Actual Startup Time":0.007,"Actual Total Time":0.008,"Actual Rows":1,"Actual Loops":1,"Output":["region_1.r_regionkey"],"Hash Buckets":1024,"Original Hash Buckets":1024,"Hash Batches":1,"Original Hash Batches":1,"Peak Memory Usage":9,"Shared Hit Blocks":1,"Shared Read Blocks":0,"Shared Dirtied Blocks":0,"Shared Written Blocks":0,"Local Hit Blocks":0,"Local Read Blocks":0,"Local Dirtied Blocks":0,"Local Written Blocks":0,"Temp Read Blocks":0,"Temp Written Blocks":0,"I/O Read Time":0.0,"I/O Write Time":0.0,"Temp I/O Read Time":0.0,"Temp I/O Write Time":0.0,"Plans":[{"Node Type":"Seq Scan","Parent Relationship":"Outer","Parallel Aware":false,"Async Capable":false,"Relation Name":"region","Schema":"public","Alias":"region_1","Startup Cost":0.0,"Total Cost":1.06,"Plan Rows":1,"Plan Width":4,"Actual Startup Time":0.004,"Actual Total Time":0.005,"Actual Rows":1,"Actual Loops":1,"Output":["region_1.r_regionkey"],"Filter":"((region_1.r_name)::text ~~ 'Europ%'::text)","Rows Removed by Filter":4,"Shared Hit Blocks":1,"Shared Read Blocks":0,"Shared Dirtied Blocks":0,"Shared Written Blocks":0,"Local Hit Blocks":0,"Local Read Blocks":0,"Local Dirtied Blocks":0,"Local Written Blocks":0,"Temp Read Blocks":0,"Temp Written Blocks":0,"I/O Read Time":0.0,"I/O Write Time":0.0,"Temp I/O Read Time":0.0,"Temp I/O Write Time":0.0}]}]}]}]}]}]}]}]}]},{"Node Type":"Index Scan","Parent Relationship":"Inner","Parallel Aware":false,"Async Capable":false,"Scan Direction":"Forward","Index Name":"supplier_pk","Relation Name":"supplier","Schema":"public","Alias":"supplier","Startup Cost":0.29,"Total Cost":0.31,"Plan Rows":1,"Plan Width":131,"Actual Startup Time":0.002,"Actual Total Time":0.002,"Actual Rows":1,"Actual Loops":3036,"Output":["supplier.su_suppkey","supplier.su_name","supplier.su_address","supplier.su_nationkey","supplier.su_phone","supplier.su_acctbal","supplier.su_comment"],"Index Cond":"(supplier.su_suppkey = mod((stock.s_w_id * stock.s_i_id), 10000))","Rows Removed by Index Recheck":0,"Shared Hit Blocks":9108,"Shared Read Blocks":0,"Shared Dirtied Blocks":0,"Shared Written Blocks":0,"Local Hit Blocks":0,"Local Read Blocks":0,"Local Dirtied Blocks":0,"Local Written Blocks":0,"Temp Read Blocks":0,"Temp Written Blocks":0,"I/O Read Time":0.0,"I/O Write Time":0.0,"Temp I/O Read Time":0.0,"Temp I/O Write Time":0.0}]},{"Node Type":"Hash","Parent Relationship":"Inner","Parallel Aware":false,"Async Capable":false,"Startup Cost":2.99,"Total Cost":2.99,"Plan Rows":12,"Plan Width":12,"Actual Startup Time":0.045,"Actual Total Time":0.048,"Actual Rows":22,"Actual Loops":1,"Output":["nation.n_name","nation.n_nationkey"],"Hash Buckets":1024,"Original Hash Buckets":1024,"Hash Batches":1,"Original Hash Batches":1,"Peak Memory Usage":9,"Shared Hit Blocks":2,"Shared Read Blocks":0,"Shared Dirtied Blocks":0,"Shared Written Blocks":0,"Local Hit Blocks":0,"Local Read Blocks":0,"Local Dirtied Blocks":0,"Local Written Blocks":0,"Temp Read Blocks":0,"Temp Written Blocks":0,"I/O Read Time":0.0,"I/O Write Time":0.0,"Temp I/O Read Time":0.0,"Temp I/O Write Time":0.0,"Plans":[{"Node Type":"Hash Join","Parent Relationship":"Outer","Parallel Aware":false,"Async Capable":false,"Join Type":"Inner","Startup Cost":1.07,"Total Cost":2.99,"Plan Rows":12,"Plan Width":12,"Actual Startup Time":0.029,"Actual Total Time":0.043,"Actual Rows":22,"Actual Loops":1,"Output":["nation.n_name","nation.n_nationkey"],"Inner Unique":true,"Hash Cond":"(nation.n_regionkey = region.r_regionkey)","Shared Hit Blocks":2,"Shared Read Blocks":0,"Shared Dirtied Blocks":0,"Shared Written Blocks":0,"Local Hit Blocks":0,"Local Read Blocks":0,"Local Dirtied Blocks":0,"Local Written Blocks":0,"Temp Read Blocks":0,"Temp Written Blocks":0,"I/O Read Time":0.0,"I/O Write Time":0.0,"Temp I/O Read Time":0.0,"Temp I/O Write Time":0.0,"Plans":[{"Node Type":"Seq Scan","Parent Relationship":"Outer","Parallel Aware":false,"Async Capable":false,"Relation Name":"nation","Schema":"public","Alias":"nation","Startup Cost":0.0,"Total Cost":1.62,"Plan Rows":62,"Plan Width":16,"Actual Startup Time":0.009,"Actual Total Time":0.013,"Actual Rows":62,"Actual Loops":1,"Output":["nation.n_nationkey","nation.n_name","nation.n_regionkey","nation.n_comment"],"Shared Hit Blocks":1,"Shared Read Blocks":0,"Shared Dirtied Blocks":0,"Shared Written Blocks":0,"Local Hit Blocks":0,"Local Read Blocks":0,"Local Dirtied Blocks":0,"Local Written Blocks":0,"Temp Read Blocks":0,"Temp Written Blocks":0,"I/O Read Time":0.0,"I/O Write Time":0.0,"Temp I/O Read Time":0.0,"Temp I/O Write Time":0.0},{"Node Type":"Hash","Parent Relationship":"Inner","Parallel Aware":false,"Async Capable":false,"Startup Cost":1.06,"Total Cost":1.06,"Plan Rows":1,"Plan Width":4,"Actual Startup Time":0.009,"Actual Total Time":0.011,"Actual Rows":1,"Actual Loops":1,"Output":["region.r_regionkey"],"Hash Buckets":1024,"Original Hash Buckets":1024,"Hash Batches":1,"Original Hash Batches":1,"Peak Memory Usage":9,"Shared Hit Blocks":1,"Shared Read Blocks":0,"Shared Dirtied Blocks":0,"Shared Written Blocks":0,"Local Hit Blocks":0,"Local Read Blocks":0,"Local Dirtied Blocks":0,"Local Written Blocks":0,"Temp Read Blocks":0,"Temp Written Blocks":0,"I/O Read Time":0.0,"I/O Write Time":0.0,"Temp I/O Read Time":0.0,"Temp I/O Write Time":0.0,"Plans":[{"Node Type":"Seq Scan","Parent Relationship":"Outer","Parallel Aware":false,"Async Capable":false,"Relation Name":"region","Schema":"public","Alias":"region","Startup Cost":0.0,"Total Cost":1.06,"Plan Rows":1,"Plan Width":4,"Actual Startup Time":0.006,"Actual Total Time":0.006,"Actual Rows":1,"Actual Loops":1,"Output":["region.r_regionkey"],"Filter":"((region.r_name)::text ~~ 'Europ%'::text)","Rows Removed by Filter":4,"Shared Hit Blocks":1,"Shared Read Blocks":0,"Shared Dirtied Blocks":0,"Shared Written Blocks":0,"Local Hit Blocks":0,"Local Read Blocks":0,"Local Dirtied Blocks":0,"Local Written Blocks":0,"Temp Read Blocks":0,"Temp Written Blocks":0,"I/O Read Time":0.0,"I/O Write Time":0.0,"Temp I/O Read Time":0.0,"Temp I/O Write Time":0.0}]}]}]}]}]},"Planning":{"Shared Hit Blocks":36,"Shared Read Blocks":0,"Shared Dirtied Blocks":0,"Shared Written Blocks":0,"Local Hit Blocks":0,"Local Read Blocks":0,"Local Dirtied Blocks":0,"Local Written Blocks":0,"Temp Read Blocks":0,"Temp Written Blocks":0,"I/O Read Time":0.0,"I/O Write Time":0.0,"Temp I/O Read Time":0.0,"Temp I/O Write Time":0.0},"Planning Time":1.705,"Triggers":[],"Execution Time":4808.612}]
[列存组合]: item, nation, region, stock
[{"Plan":{"Node Type":"Sort","Parallel Aware":false,"Async Capable":false,"Startup Cost":455187.99,"Total Cost":455188.49,"Plan Rows":198,"Plan Width":164,"Actual Startup Time":4641.488,"Actual Total Time":4641.589,"Actual Rows":1900,"Actual Loops":1,"Output":["supplier.su_suppkey","supplier.su_name","nation.n_name","item.i_id","item.i_name","supplier.su_address","supplier.su_phone","supplier.su_comment"],"Sort Key":["nation.n_name","supplier.su_name","item.i_id"],"Sort Method":"quicksort","Sort Space Used":439,"Sort Space Type":"Memory","Shared Hit Blocks":9329,"Shared Read Blocks":0,"Shared Dirtied Blocks":0,"Shared Written Blocks":0,"Local Hit Blocks":0,"Local Read Blocks":0,"Local Dirtied Blocks":0,"Local Written Blocks":0,"Temp Read Blocks":4157,"Temp Written Blocks":7564,"I/O Read Time":0.0,"I/O Write Time":0.0,"Temp I/O Read Time":6.324,"Temp I/O Write Time":25.932,"Plans":[{"Node Type":"Hash Join","Parent Relationship":"Outer","Parallel Aware":false,"Async Capable":false,"Join Type":"Inner","Startup Cost":429542.1,"Total Cost":455180.44,"Plan Rows":198,"Plan Width":164,"Actual Startup Time":4536.657,"Actual Total Time":4638.091,"Actual Rows":1900,"Actual Loops":1,"Output":["supplier.su_suppkey","supplier.su_name","nation.n_name","item.i_id","item.i_name","supplier.su_address","supplier.su_phone","supplier.su_comment"],"Hash Cond":"(supplier.su_nationkey = nation.n_nationkey)","Shared Hit Blocks":9329,"Shared Read Blocks":0,"Shared Dirtied Blocks":0,"Shared Written Blocks":0,"Local Hit Blocks":0,"Local Read Blocks":0,"Local Dirtied Blocks":0,"Local Written Blocks":0,"Temp Read Blocks":4157,"Temp Written Blocks":7564,"I/O Read Time":0.0,"I/O Write Time":0.0,"Temp I/O Read Time":6.324,"Temp I/O Write Time":25.932,"Plans":[{"Node Type":"Nested Loop","Parent Relationship":"Outer","Parallel Aware":false,"Async Capable":false,"Join Type":"Inner","Startup Cost":429538.96,"Total Cost":455171.66,"Plan Rows":991,"Plan Width":160,"Actual Startup Time":4536.589,"Actual Total Time":4637.443,"Actual Rows":3036,"Actual Loops":1,"Output":["item.i_id","item.i_name","supplier.su_suppkey","supplier.su_name","supplier.su_address","supplier.su_phone","supplier.su_comment","supplier.su_nationkey"],"Shared Hit Blocks":9327,"Shared Read Blocks":0,"Shared Dirtied Blocks":0,"Shared Written Blocks":0,"Local Hit Blocks":0,"Local Read Blocks":0,"Local Dirtied Blocks":0,"Local Written Blocks":0,"Temp Read Blocks":4157,"Temp Written Blocks":7564,"I/O Read Time":0.0,"I/O Write Time":0.0,"Temp I/O Read Time":6.324,"Temp I/O Write Time":25.932,"Plans":[{"Node Type":"Hash Join","Parent Relationship":"Outer","Parallel Aware":false,"Async Capable":false,"Join Type":"Inner","Startup Cost":429538.67,"Total Cost":454866.83,"Plan Rows":991,"Plan Width":35,"Actual Startup Time":4536.537,"Actual Total Time":4631.409,"Actual Rows":3036,"Actual Loops":1,"Output":["item.i_id","item.i_name","stock.s_i_id","stock.s_w_id"],"Hash Cond":"((item.i_id = stock_1.s_i_id) AND (stock.s_quantity = (min(stock_1.s_quantity))))","Shared Hit Blocks":219,"Shared Read Blocks":0,"Shared Dirtied Blocks":0,"Shared Written Blocks":0,"Local Hit Blocks":0,"Local Read Blocks":0,"Local Dirtied Blocks":0,"Local Written Blocks":0,"Temp Read Blocks":4157,"Temp Written Blocks":7564,"I/O Read Time":0.0,"I/O Write Time":0.0,"Temp I/O Read Time":6.324,"Temp I/O Write Time":25.932,"Plans":[{"Node Type":"Hash Join","Parent Relationship":"Outer","Parallel Aware":false,"Async Capable":false,"Join Type":"Inner","Startup Cost":48.95,"Total Cost":24316.6,"Plan Rows":202003,"Plan Width":37,"Actual Startup Time":79.764,"Actual Total Time":153.073,"Actual Rows":157200,"Actual Loops":1,"Output":["item.i_id","item.i_name","stock.s_i_id","stock.s_w_id","stock.s_quantity"],"Hash Cond":"(stock.s_i_id = item.i_id)","Rows Removed by Bloom Filter":21350409,"Shared Hit Blocks":0,"Shared Read Blocks":0,"Shared Dirtied Blocks":0,"Shared Written Blocks":0,"Local Hit Blocks":0,"Local Read Blocks":0,"Local Dirtied Blocks":0,"Local Written Blocks":0,"Temp Read Blocks":0,"Temp Written Blocks":0,"I/O Read Time":0.0,"I/O Write Time":0.0,"Temp I/O Read Time":0.0,"Temp I/O Write Time":0.0,"Plans":[{"Node Type":"Append","Parent Relationship":"Outer","Parallel Aware":false,"Async Capable":false,"Startup Cost":20.0,"Total Cost":215025.67,"Plan Rows":10000162,"Plan Width":8,"Actual Startup Time":0.159,"Actual Total Time":0.165,"Actual Rows":10000000,"Actual Loops":1,"Shared Hit Blocks":0,"Shared Read Blocks":0,"Shared Dirtied Blocks":0,"Shared Written Blocks":0,"Local Hit Blocks":0,"Local Read Blocks":0,"Local Dirtied Blocks":0,"Local Written Blocks":0,"Temp Read Blocks":0,"Temp Written Blocks":0,"I/O Read Time":0.0,"I/O Write Time":0.0,"Temp I/O Read Time":0.0,"Temp I/O Write Time":0.0,"Subplans Removed":0,"Plans":[{"Node Type":"Custom Scan","Parent Relationship":"Member","Custom Plan Provider":"columnar scan","Parallel Aware":false,"Async Capable":false,"Relation Name":"stock","Schema":"public","Alias":"stock","Startup Cost":20.0,"Total Cost":215020.05,"Plan Rows":10000000,"Plan Width":8,"Actual Startup Time":0.158,"Actual Total Time":0.159,"Actual Rows":10000000,"Actual Loops":1,"Output":["stock.s_i_id","stock.s_w_id","stock.s_quantity"],"Rows Removed by Columnar Filter":0,"Columnar cache search mode":"native","Shared Hit Blocks":0,"Shared Read Blocks":0,"Shared Dirtied Blocks":0,"Shared Written Blocks":0,"Local Hit Blocks":0,"Local Read Blocks":0,"Local Dirtied Blocks":0,"Local Written Blocks":0,"Temp Read Blocks":0,"Temp Written Blocks":0,"I/O Read Time":0.0,"I/O Write Time":0.0,"Temp I/O Read Time":0.0,"Temp I/O Write Time":0.0},{"Node Type":"Seq Scan","Parent Relationship":"Member","Parallel Aware":false,"Async Capable":false,"Relation Name":"stock","Schema":"public","Alias":"stock","Startup Cost":0.0,"Total Cost":5.62,"Plan Rows":162,"Plan Width":8,"Actual Startup Time":0.0,"Actual Total Time":0.0,"Actual Rows":0,"Actual Loops":0,"Output":["stock.s_i_id","stock.s_w_id","stock.s_quantity"],"Shared Hit Blocks":0,"Shared Read Blocks":0,"Shared Dirtied Blocks":0,"Shared Written Blocks":0,"Local Hit Blocks":0,"Local Read Blocks":0,"Local Dirtied Blocks":0,"Local Written Blocks":0,"Temp Read Blocks":0,"Temp Written Blocks":0,"I/O Read Time":0.0,"I/O Write Time":0.0,"Temp I/O Read Time":0.0,"Temp I/O Write Time":0.0}]},{"Node Type":"Hash","Parent Relationship":"Inner","Parallel Aware":false,"Async Capable":false,"Startup Cost":63.41,"Total Cost":63.41,"Plan Rows":2021,"Plan Width":29,"Actual Rows":1572,"Actual Loops":1,"Output":["item.i_id","item.i_name"],"Shared Hit Blocks":0,"Shared Read Blocks":0,"Shared Dirtied Blocks":0,"Shared Written Blocks":0,"Local Hit Blocks":0,"Local Read Blocks":0,"Local Dirtied Blocks":0,"Local Written Blocks":0,"Temp Read Blocks":0,"Temp Written Blocks":0,"I/O Read Time":0.0,"I/O Write Time":0.0,"Temp I/O Read Time":0.0,"Temp I/O Write Time":0.0,"Plans":[{"Node Type":"Append","Parent Relationship":"Outer","Parallel Aware":false,"Async Capable":false,"Startup Cost":20.0,"Total Cost":63.41,"Plan Rows":2021,"Plan Width":29,"Actual Startup Time":7.263,"Actual Total Time":7.267,"Actual Rows":1572,"Actual Loops":1,"Shared Hit Blocks":0,"Shared Read Blocks":0,"Shared Dirtied Blocks":0,"Shared Written Blocks":0,"Local Hit Blocks":0,"Local Read Blocks":0,"Local Dirtied Blocks":0,"Local Written Blocks":0,"Temp Read Blocks":0,"Temp Written Blocks":0,"I/O Read Time":0.0,"I/O Write Time":0.0,"Temp I/O Read Time":0.0,"Temp I/O Write Time":0.0,"Subplans Removed":0,"Plans":[{"Node Type":"Custom Scan","Parent Relationship":"Member","Custom Plan Provider":"columnar scan","Parallel Aware":false,"Async Capable":false,"Relation Name":"item","Schema":"public","Alias":"item","Startup Cost":20.0,"Total Cost":59.4,"Plan Rows":2020,"Plan Width":29,"Actual Startup Time":7.261,"Actual Total Time":7.261,"Actual Rows":1572,"Actual Loops":1,"Output":["item.i_id","item.i_name"],"Filter":"((item.i_data)::text ~~ '%b'::text)","Rows Removed by Filter":0,"Rows Removed by Columnar Filter":98428,"Columnar cache search mode":"native","Shared Hit Blocks":0,"Shared Read Blocks":0,"Shared Dirtied Blocks":0,"Shared Written Blocks":0,"Local Hit Blocks":0,"Local Read Blocks":0,"Local Dirtied Blocks":0,"Local Written Blocks":0,"Temp Read Blocks":0,"Temp Written Blocks":0,"I/O Read Time":0.0,"I/O Write Time":0.0,"Temp I/O Read Time":0.0,"Temp I/O Write Time":0.0},{"Node Type":"Seq Scan","Parent Relationship":"Member","Parallel Aware":false,"Async Capable":false,"Relation Name":"item","Schema":"public","Alias":"item","Startup Cost":0.0,"Total Cost":4.01,"Plan Rows":1,"Plan Width":29,"Actual Startup Time":0.0,"Actual Total Time":0.0,"Actual Rows":0,"Actual Loops":0,"Output":["item.i_id","item.i_name"],"Filter":"((item.i_data)::text ~~ '%b'::text)","Rows Removed by Filter":0,"Shared Hit Blocks":0,"Shared Read Blocks":0,"Shared Dirtied Blocks":0,"Shared Written Blocks":0,"Local Hit Blocks":0,"Local Read Blocks":0,"Local Dirtied Blocks":0,"Local Written Blocks":0,"Temp Read Blocks":0,"Temp Written Blocks":0,"I/O Read Time":0.0,"I/O Write Time":0.0,"Temp I/O Read Time":0.0,"Temp I/O Write Time":0.0}]}]}]},{"Node Type":"Hash","Parent Relationship":"Inner","Parallel Aware":false,"Async Capable":false,"Startup Cost":428018.14,"Total Cost":428018.14,"Plan Rows":98105,"Plan Width":6,"Actual Startup Time":4456.35,"Actual Total Time":4456.361,"Actual Rows":100000,"Actual Loops":1,"Output":["stock_1.s_i_id","(min(stock_1.s_quantity))"],"Hash Buckets":131072,"Original Hash Buckets":131072,"Hash Batches":1,"Original Hash Batches":1,"Peak Memory Usage":4735,"Shared Hit Blocks":219,"Shared Read Blocks":0,"Shared Dirtied Blocks":0,"Shared Written Blocks":0,"Local Hit Blocks":0,"Local Read Blocks":0,"Local Dirtied Blocks":0,"Local Written Blocks":0,"Temp Read Blocks":4157,"Temp Written Blocks":7564,"I/O Read Time":0.0,"I/O Write Time":0.0,"Temp I/O Read Time":6.324,"Temp I/O Write Time":25.932,"Plans":[{"Node Type":"Aggregate","Strategy":"Hashed","Partial Mode":"Simple","Parent Relationship":"Outer","Parallel Aware":false,"Async Capable":false,"Startup Cost":410430.79,"Total Cost":427037.09,"Plan Rows":98105,"Plan Width":6,"Actual Startup Time":4270.048,"Actual Total Time":4440.442,"Actual Rows":100000,"Actual Loops":1,"Output":["stock_1.s_i_id","min(stock_1.s_quantity)"],"Group Key":["stock_1.s_i_id"],"Planned Partitions":0,"HashAgg Batches":5,"Peak Memory Usage":8241,"Disk Usage":35680,"Shared Hit Blocks":219,"Shared Read Blocks":0,"Shared Dirtied Blocks":0,"Shared Written Blocks":0,"Local Hit Blocks":0,"Local Read Blocks":0,"Local Dirtied Blocks":0,"Local Written Blocks":0,"Temp Read Blocks":4157,"Temp Written Blocks":7564,"I/O Read Time":0.0,"I/O Write Time":0.0,"Temp I/O Read Time":6.324,"Temp I/O Write Time":25.932,"Plans":[{"Node Type":"Hash Join","Parent Relationship":"Outer","Parallel Aware":false,"Async Capable":false,"Join Type":"Inner","Startup Cost":421.99,"Total Cost":297928.99,"Plan Rows":2000032,"Plan Width":6,"Actual Startup Time":2.676,"Actual Total Time":3607.913,"Actual Rows":3474600,"Actual Loops":1,"Output":["stock_1.s_i_id","stock_1.s_quantity"],"Hash Cond":"(mod((stock_1.s_w_id * stock_1.s_i_id), 10000) = supplier_1.su_suppkey)","Shared Hit Blocks":219,"Shared Read Blocks":0,"Shared Dirtied Blocks":0,"Shared Written Blocks":0,"Local Hit Blocks":0,"Local Read Blocks":0,"Local Dirtied Blocks":0,"Local Written Blocks":0,"Temp Read Blocks":0,"Temp Written Blocks":0,"I/O Read Time":0.0,"I/O Write Time":0.0,"Temp I/O Read Time":0.0,"Temp I/O Write Time":0.0,"Plans":[{"Node Type":"Append","Parent Relationship":"Outer","Parallel Aware":false,"Async Capable":false,"Startup Cost":20.0,"Total Cost":215025.67,"Plan Rows":10000162,"Plan Width":8,"Actual Startup Time":0.018,"Actual Total Time":2116.97,"Actual Rows":10000000,"Actual Loops":1,"Shared Hit Blocks":0,"Shared Read Blocks":0,"Shared Dirtied Blocks":0,"Shared Written Blocks":0,"Local Hit Blocks":0,"Local Read Blocks":0,"Local Dirtied Blocks":0,"Local Written Blocks":0,"Temp Read Blocks":0,"Temp Written Blocks":0,"I/O Read Time":0.0,"I/O Write Time":0.0,"Temp I/O Read Time":0.0,"Temp I/O Write Time":0.0,"Subplans Removed":0,"Plans":[{"Node Type":"Custom Scan","Parent Relationship":"Member","Custom Plan Provider":"columnar scan","Parallel Aware":false,"Async Capable":false,"Relation Name":"stock","Schema":"public","Alias":"stock_1","Startup Cost":20.0,"Total Cost":215020.05,"Plan Rows":10000000,"Plan Width":8,"Actual Startup Time":0.017,"Actual Total Time":1394.055,"Actual Rows":10000000,"Actual Loops":1,"Output":["stock_1.s_i_id","stock_1.s_quantity","stock_1.s_w_id"],"Rows Removed by Columnar Filter":0,"Columnar cache search mode":"native","Shared Hit Blocks":0,"Shared Read Blocks":0,"Shared Dirtied Blocks":0,"Shared Written Blocks":0,"Local Hit Blocks":0,"Local Read Blocks":0,"Local Dirtied Blocks":0,"Local Written Blocks":0,"Temp Read Blocks":0,"Temp Written Blocks":0,"I/O Read Time":0.0,"I/O Write Time":0.0,"Temp I/O Read Time":0.0,"Temp I/O Write Time":0.0},{"Node Type":"Seq Scan","Parent Relationship":"Member","Parallel Aware":false,"Async Capable":false,"Relation Name":"stock","Schema":"public","Alias":"stock_1","Startup Cost":0.0,"Total Cost":5.62,"Plan Rows":162,"Plan Width":8,"Actual Startup Time":0.0,"Actual Total Time":0.0,"Actual Rows":0,"Actual Loops":0,"Output":["stock_1.s_i_id","stock_1.s_quantity","stock_1.s_w_id"],"Shared Hit Blocks":0,"Shared Read Blocks":0,"Shared Dirtied Blocks":0,"Shared Written Blocks":0,"Local Hit Blocks":0,"Local Read Blocks":0,"Local Dirtied Blocks":0,"Local Written Blocks":0,"Temp Read Blocks":0,"Temp Written Blocks":0,"I/O Read Time":0.0,"I/O Write Time":0.0,"Temp I/O Read Time":0.0,"Temp I/O Write Time":0.0}]},{"Node Type":"Hash","Parent Relationship":"Inner","Parallel Aware":false,"Async Capable":false,"Startup Cost":376.99,"Total Cost":376.99,"Plan Rows":2000,"Plan Width":4,"Actual Startup Time":2.648,"Actual Total Time":2.656,"Actual Rows":3506,"Actual Loops":1,"Output":["supplier_1.su_suppkey"],"Hash Buckets":4096,"Original Hash Buckets":2048,"Hash Batches":1,"Original Hash Batches":1,"Peak Memory Usage":156,"Shared Hit Blocks":219,"Shared Read Blocks":0,"Shared Dirtied Blocks":0,"Shared Written Blocks":0,"Local Hit Blocks":0,"Local Read Blocks":0,"Local Dirtied Blocks":0,"Local Written Blocks":0,"Temp Read Blocks":0,"Temp Written Blocks":0,"I/O Read Time":0.0,"I/O Write Time":0.0,"Temp I/O Read Time":0.0,"Temp I/O Write Time":0.0,"Plans":[{"Node Type":"Hash Join","Parent Relationship":"Outer","Parallel Aware":false,"Async Capable":false,"Join Type":"Inner","Startup Cost":3.14,"Total Cost":376.99,"Plan Rows":2000,"Plan Width":4,"Actual Startup Time":0.059,"Actual Total Time":2.221,"Actual Rows":3506,"Actual Loops":1,"Output":["supplier_1.su_suppkey"],"Hash Cond":"(supplier_1.su_nationkey = nation_1.n_nationkey)","Shared Hit Blocks":219,"Shared Read Blocks":0,"Shared Dirtied Blocks":0,"Shared Written Blocks":0,"Local Hit Blocks":0,"Local Read Blocks":0,"Local Dirtied Blocks":0,"Local Written Blocks":0,"Temp Read Blocks":0,"Temp Written Blocks":0,"I/O Read Time":0.0,"I/O Write Time":0.0,"Temp I/O Read Time":0.0,"Temp I/O Write Time":0.0,"Plans":[{"Node Type":"Seq Scan","Parent Relationship":"Outer","Parallel Aware":false,"Async Capable":false,"Relation Name":"supplier","Schema":"public","Alias":"supplier_1","Startup Cost":0.0,"Total Cost":317.0,"Plan Rows":10000,"Plan Width":8,"Actual Startup Time":0.009,"Actual Total Time":0.824,"Actual Rows":10000,"Actual Loops":1,"Output":["supplier_1.su_suppkey","supplier_1.su_name","supplier_1.su_address","supplier_1.su_nationkey","supplier_1.su_phone","supplier_1.su_acctbal","supplier_1.su_comment"],"Shared Hit Blocks":217,"Shared Read Blocks":0,"Shared Dirtied Blocks":0,"Shared Written Blocks":0,"Local Hit Blocks":0,"Local Read Blocks":0,"Local Dirtied Blocks":0,"Local Written Blocks":0,"Temp Read Blocks":0,"Temp Written Blocks":0,"I/O Read Time":0.0,"I/O Write Time":0.0,"Temp I/O Read Time":0.0,"Temp I/O Write Time":0.0},{"Node Type":"Hash","Parent Relationship":"Inner","Parallel Aware":false,"Async Capable":false,"Startup Cost":2.99,"Total Cost":2.99,"Plan Rows":12,"Plan Width":4,"Actual Startup Time":0.041,"Actual Total Time":0.046,"Actual Rows":22,"Actual Loops":1,"Output":["nation_1.n_nationkey"],"Hash Buckets":1024,"Original Hash Buckets":1024,"Hash Batches":1,"Original Hash Batches":1,"Peak Memory Usage":9,"Shared Hit Blocks":2,"Shared Read Blocks":0,"Shared Dirtied Blocks":0,"Shared Written Blocks":0,"Local Hit Blocks":0,"Local Read Blocks":0,"Local Dirtied Blocks":0,"Local Written Blocks":0,"Temp Read Blocks":0,"Temp Written Blocks":0,"I/O Read Time":0.0,"I/O Write Time":0.0,"Temp I/O Read Time":0.0,"Temp I/O Write Time":0.0,"Plans":[{"Node Type":"Hash Join","Parent Relationship":"Outer","Parallel Aware":false,"Async Capable":false,"Join Type":"Inner","Startup Cost":1.07,"Total Cost":2.99,"Plan Rows":12,"Plan Width":4,"Actual Startup Time":0.025,"Actual Total Time":0.042,"Actual Rows":22,"Actual Loops":1,"Output":["nation_1.n_nationkey"],"Hash Cond":"(nation_1.n_regionkey = region_1.r_regionkey)","Shared Hit Blocks":2,"Shared Read Blocks":0,"Shared Dirtied Blocks":0,"Shared Written Blocks":0,"Local Hit Blocks":0,"Local Read Blocks":0,"Local Dirtied Blocks":0,"Local Written Blocks":0,"Temp Read Blocks":0,"Temp Written Blocks":0,"I/O Read Time":0.0,"I/O Write Time":0.0,"Temp I/O Read Time":0.0,"Temp I/O Write Time":0.0,"Plans":[{"Node Type":"Seq Scan","Parent Relationship":"Outer","Parallel Aware":false,"Async Capable":false,"Relation Name":"nation","Schema":"public","Alias":"nation_1","Startup Cost":0.0,"Total Cost":1.62,"Plan Rows":62,"Plan Width":8,"Actual Startup Time":0.004,"Actual Total Time":0.008,"Actual Rows":62,"Actual Loops":1,"Output":["nation_1.n_nationkey","nation_1.n_name","nation_1.n_regionkey","nation_1.n_comment"],"Shared Hit Blocks":1,"Shared Read Blocks":0,"Shared Dirtied Blocks":0,"Shared Written Blocks":0,"Local Hit Blocks":0,"Local Read Blocks":0,"Local Dirtied Blocks":0,"Local Written Blocks":0,"Temp Read Blocks":0,"Temp Written Blocks":0,"I/O Read Time":0.0,"I/O Write Time":0.0,"Temp I/O Read Time":0.0,"Temp I/O Write Time":0.0},{"Node Type":"Hash","Parent Relationship":"Inner","Parallel Aware":false,"Async Capable":false,"Startup Cost":1.06,"Total Cost":1.06,"Plan Rows":1,"Plan Width":4,"Actual Startup Time":0.01,"Actual Total Time":0.013,"Actual Rows":1,"Actual Loops":1,"Output":["region_1.r_regionkey"],"Hash Buckets":1024,"Original Hash Buckets":1024,"Hash Batches":1,"Original Hash Batches":1,"Peak Memory Usage":9,"Shared Hit Blocks":1,"Shared Read Blocks":0,"Shared Dirtied Blocks":0,"Shared Written Blocks":0,"Local Hit Blocks":0,"Local Read Blocks":0,"Local Dirtied Blocks":0,"Local Written Blocks":0,"Temp Read Blocks":0,"Temp Written Blocks":0,"I/O Read Time":0.0,"I/O Write Time":0.0,"Temp I/O Read Time":0.0,"Temp I/O Write Time":0.0,"Plans":[{"Node Type":"Seq Scan","Parent Relationship":"Outer","Parallel Aware":false,"Async Capable":false,"Relation Name":"region","Schema":"public","Alias":"region_1","Startup Cost":0.0,"Total Cost":1.06,"Plan Rows":1,"Plan Width":4,"Actual Startup Time":0.007,"Actual Total Time":0.007,"Actual Rows":1,"Actual Loops":1,"Output":["region_1.r_regionkey"],"Filter":"((region_1.r_name)::text ~~ 'Europ%'::text)","Rows Removed by Filter":4,"Shared Hit Blocks":1,"Shared Read Blocks":0,"Shared Dirtied Blocks":0,"Shared Written Blocks":0,"Local Hit Blocks":0,"Local Read Blocks":0,"Local Dirtied Blocks":0,"Local Written Blocks":0,"Temp Read Blocks":0,"Temp Written Blocks":0,"I/O Read Time":0.0,"I/O Write Time":0.0,"Temp I/O Read Time":0.0,"Temp I/O Write Time":0.0}]}]}]}]}]}]}]}]}]},{"Node Type":"Index Scan","Parent Relationship":"Inner","Parallel Aware":false,"Async Capable":false,"Scan Direction":"Forward","Index Name":"supplier_pk","Relation Name":"supplier","Schema":"public","Alias":"supplier","Startup Cost":0.29,"Total Cost":0.31,"Plan Rows":1,"Plan Width":131,"Actual Startup Time":0.002,"Actual Total Time":0.002,"Actual Rows":1,"Actual Loops":3036,"Output":["supplier.su_suppkey","supplier.su_name","supplier.su_address","supplier.su_nationkey","supplier.su_phone","supplier.su_acctbal","supplier.su_comment"],"Index Cond":"(supplier.su_suppkey = mod((stock.s_w_id * stock.s_i_id), 10000))","Rows Removed by Index Recheck":0,"Shared Hit Blocks":9108,"Shared Read Blocks":0,"Shared Dirtied Blocks":0,"Shared Written Blocks":0,"Local Hit Blocks":0,"Local Read Blocks":0,"Local Dirtied Blocks":0,"Local Written Blocks":0,"Temp Read Blocks":0,"Temp Written Blocks":0,"I/O Read Time":0.0,"I/O Write Time":0.0,"Temp I/O Read Time":0.0,"Temp I/O Write Time":0.0}]},{"Node Type":"Hash","Parent Relationship":"Inner","Parallel Aware":false,"Async Capable":false,"Startup Cost":2.99,"Total Cost":2.99,"Plan Rows":12,"Plan Width":12,"Actual Startup Time":0.048,"Actual Total Time":0.052,"Actual Rows":22,"Actual Loops":1,"Output":["nation.n_name","nation.n_nationkey"],"Hash Buckets":1024,"Original Hash Buckets":1024,"Hash Batches":1,"Original Hash Batches":1,"Peak Memory Usage":9,"Shared Hit Blocks":2,"Shared Read Blocks":0,"Shared Dirtied Blocks":0,"Shared Written Blocks":0,"Local Hit Blocks":0,"Local Read Blocks":0,"Local Dirtied Blocks":0,"Local Written Blocks":0,"Temp Read Blocks":0,"Temp Written Blocks":0,"I/O Read Time":0.0,"I/O Write Time":0.0,"Temp I/O Read Time":0.0,"Temp I/O Write Time":0.0,"Plans":[{"Node Type":"Hash Join","Parent Relationship":"Outer","Parallel Aware":false,"Async Capable":false,"Join Type":"Inner","Startup Cost":1.07,"Total Cost":2.99,"Plan Rows":12,"Plan Width":12,"Actual Startup Time":0.031,"Actual Total Time":0.047,"Actual Rows":22,"Actual Loops":1,"Output":["nation.n_name","nation.n_nationkey"],"Hash Cond":"(nation.n_regionkey = region.r_regionkey)","Shared Hit Blocks":2,"Shared Read Blocks":0,"Shared Dirtied Blocks":0,"Shared Written Blocks":0,"Local Hit Blocks":0,"Local Read Blocks":0,"Local Dirtied Blocks":0,"Local Written Blocks":0,"Temp Read Blocks":0,"Temp Written Blocks":0,"I/O Read Time":0.0,"I/O Write Time":0.0,"Temp I/O Read Time":0.0,"Temp I/O Write Time":0.0,"Plans":[{"Node Type":"Seq Scan","Parent Relationship":"Outer","Parallel Aware":false,"Async Capable":false,"Relation Name":"nation","Schema":"public","Alias":"nation","Startup Cost":0.0,"Total Cost":1.62,"Plan Rows":62,"Plan Width":16,"Actual Startup Time":0.011,"Actual Total Time":0.014,"Actual Rows":62,"Actual Loops":1,"Output":["nation.n_nationkey","nation.n_name","nation.n_regionkey","nation.n_comment"],"Shared Hit Blocks":1,"Shared Read Blocks":0,"Shared Dirtied Blocks":0,"Shared Written Blocks":0,"Local Hit Blocks":0,"Local Read Blocks":0,"Local Dirtied Blocks":0,"Local Written Blocks":0,"Temp Read Blocks":0,"Temp Written Blocks":0,"I/O Read Time":0.0,"I/O Write Time":0.0,"Temp I/O Read Time":0.0,"Temp I/O Write Time":0.0},{"Node Type":"Hash","Parent Relationship":"Inner","Parallel Aware":false,"Async Capable":false,"Startup Cost":1.06,"Total Cost":1.06,"Plan Rows":1,"Plan Width":4,"Actual Startup Time":0.01,"Actual Total Time":0.011,"Actual Rows":1,"Actual Loops":1,"Output":["region.r_regionkey"],"Hash Buckets":1024,"Original Hash Buckets":1024,"Hash Batches":1,"Original Hash Batches":1,"Peak Memory Usage":9,"Shared Hit Blocks":1,"Shared Read Blocks":0,"Shared Dirtied Blocks":0,"Shared Written Blocks":0,"Local Hit Blocks":0,"Local Read Blocks":0,"Local Dirtied Blocks":0,"Local Written Blocks":0,"Temp Read Blocks":0,"Temp Written Blocks":0,"I/O Read Time":0.0,"I/O Write Time":0.0,"Temp I/O Read Time":0.0,"Temp I/O Write Time":0.0,"Plans":[{"Node Type":"Seq Scan","Parent Relationship":"Outer","Parallel Aware":false,"Async Capable":false,"Relation Name":"region","Schema":"public","Alias":"region","Startup Cost":0.0,"Total Cost":1.06,"Plan Rows":1,"Plan Width":4,"Actual Startup Time":0.006,"Actual Total Time":0.007,"Actual Rows":1,"Actual Loops":1,"Output":["region.r_regionkey"],"Filter":"((region.r_name)::text ~~ 'Europ%'::text)","Rows Removed by Filter":4,"Shared Hit Blocks":1,"Shared Read Blocks":0,"Shared Dirtied Blocks":0,"Shared Written Blocks":0,"Local Hit Blocks":0,"Local Read Blocks":0,"Local Dirtied Blocks":0,"Local Written Blocks":0,"Temp Read Blocks":0,"Temp Written Blocks":0,"I/O Read Time":0.0,"I/O Write Time":0.0,"Temp I/O Read Time":0.0,"Temp I/O Write Time":0.0}]}]}]}]}]},"Planning":{"Shared Hit Blocks":36,"Shared Read Blocks":0,"Shared Dirtied Blocks":0,"Shared Written Blocks":0,"Local Hit Blocks":0,"Local Read Blocks":0,"Local Dirtied Blocks":0,"Local Written Blocks":0,"Temp Read Blocks":0,"Temp Written Blocks":0,"I/O Read Time":0.0,"I/O Write Time":0.0,"Temp I/O Read Time":0.0,"Temp I/O Write Time":0.0},"Planning Time":1.648,"Triggers":[],"Execution Time":4649.245}]
[列存组合]: item, nation, region, supplier
[{"Plan":{"Node Type":"Sort","Parallel Aware":false,"Async Capable":false,"Startup Cost":1276334.83,"Total Cost":1276335.33,"Plan Rows":198,"Plan Width":164,"Actual Startup Time":6461.365,"Actual Total Time":6461.493,"Actual Rows":1900,"Actual Loops":1,"Output":["supplier.su_suppkey","supplier.su_name","nation.n_name","item.i_id","item.i_name","supplier.su_address","supplier.su_phone","supplier.su_comment"],"Sort Key":["nation.n_name","supplier.su_name","item.i_id"],"Sort Method":"quicksort","Sort Space Used":439,"Sort Space Type":"Memory","Shared Hit Blocks":833392,"Shared Read Blocks":0,"Shared Dirtied Blocks":0,"Shared Written Blocks":0,"Local Hit Blocks":0,"Local Read Blocks":0,"Local Dirtied Blocks":0,"Local Written Blocks":0,"Temp Read Blocks":4157,"Temp Written Blocks":7564,"I/O Read Time":0.0,"I/O Write Time":0.0,"Temp I/O Read Time":7.155,"Temp I/O Write Time":28.02,"Plans":[{"Node Type":"Hash Join","Parent Relationship":"Outer","Parallel Aware":false,"Async Capable":false,"Join Type":"Inner","Startup Cost":732309.43,"Total Cost":1276327.28,"Plan Rows":198,"Plan Width":164,"Actual Startup Time":4143.249,"Actual Total Time":6457.281,"Actual Rows":1900,"Actual Loops":1,"Output":["supplier.su_suppkey","supplier.su_name","nation.n_name","item.i_id","item.i_name","supplier.su_address","supplier.su_phone","supplier.su_comment"],"Hash Cond":"(mod((stock.s_w_id * stock.s_i_id), 10000) = supplier.su_suppkey)","Shared Hit Blocks":833392,"Shared Read Blocks":0,"Shared Dirtied Blocks":0,"Shared Written Blocks":0,"Local Hit Blocks":0,"Local Read Blocks":0,"Local Dirtied Blocks":0,"Local Written Blocks":0,"Temp Read Blocks":4157,"Temp Written Blocks":7564,"I/O Read Time":0.0,"I/O Write Time":0.0,"Temp I/O Read Time":7.155,"Temp I/O Write Time":28.02,"Plans":[{"Node Type":"Hash Join","Parent Relationship":"Outer","Parallel Aware":false,"Async Capable":false,"Join Type":"Inner","Startup Cost":732177.86,"Total Cost":1276187.54,"Plan Rows":991,"Plan Width":35,"Actual Startup Time":4140.778,"Actual Total Time":6452.577,"Actual Rows":3036,"Actual Loops":1,"Output":["item.i_id","item.i_name","stock.s_i_id","stock.s_w_id"],"Hash Cond":"((item.i_id = stock_1.s_i_id) AND (stock.s_quantity = (min(stock_1.s_quantity))))","Shared Hit Blocks":833392,"Shared Read Blocks":0,"Shared Dirtied Blocks":0,"Shared Written Blocks":0,"Local Hit Blocks":0,"Local Read Blocks":0,"Local Dirtied Blocks":0,"Local Written Blocks":0,"Temp Read Blocks":4157,"Temp Written Blocks":7564,"I/O Read Time":0.0,"I/O Write Time":0.0,"Temp I/O Read Time":7.155,"Temp I/O Write Time":28.02,"Plans":[{"Node Type":"Hash Join","Parent Relationship":"Outer","Parallel Aware":false,"Async Capable":false,"Join Type":"Inner","Startup Cost":1293.42,"Total Cost":544242.58,"Plan Rows":202003,"Plan Width":37,"Actual Startup Time":8.429,"Actual Total Time":2280.727,"Actual Rows":157200,"Actual Loops":1,"Output":["item.i_id","item.i_name","stock.s_i_id","stock.s_w_id","stock.s_quantity"],"Hash Cond":"(stock.s_i_id = item.i_id)","Shared Hit Blocks":416696,"Shared Read Blocks":0,"Shared Dirtied Blocks":0,"Shared Written Blocks":0,"Local Hit Blocks":0,"Local Read Blocks":0,"Local Dirtied Blocks":0,"Local Written Blocks":0,"Temp Read Blocks":0,"Temp Written Blocks":0,"I/O Read Time":0.0,"I/O Write Time":0.0,"Temp I/O Read Time":0.0,"Temp I/O Write Time":0.0,"Plans":[{"Node Type":"Seq Scan","Parent Relationship":"Outer","Parallel Aware":false,"Async Capable":false,"Relation Name":"stock","Schema":"public","Alias":"stock","Startup Cost":0.0,"Total Cost":516697.62,"Plan Rows":10000162,"Plan Width":8,"Actual Startup Time":0.009,"Actual Total Time":934.261,"Actual Rows":10000000,"Actual Loops":1,"Output":["stock.s_i_id","stock.s_w_id","stock.s_quantity","stock.s_dist_01","stock.s_dist_02","stock.s_dist_03","stock.s_dist_04","stock.s_dist_05","stock.s_dist_06","stock.s_dist_07","stock.s_dist_08","stock.s_dist_09","stock.s_dist_10","stock.s_ytd","stock.s_order_cnt","stock.s_remote_cnt","stock.s_data"],"Shared Hit Blocks":416696,"Shared Read Blocks":0,"Shared Dirtied Blocks":0,"Shared Written Blocks":0,"Local Hit Blocks":0,"Local Read Blocks":0,"Local Dirtied Blocks":0,"Local Written Blocks":0,"Temp Read Blocks":0,"Temp Written Blocks":0,"I/O Read Time":0.0,"I/O Write Time":0.0,"Temp I/O Read Time":0.0,"Temp I/O Write Time":0.0},{"Node Type":"Hash","Parent Relationship":"Inner","Parallel Aware":false,"Async Capable":false,"Startup Cost":1268.16,"Total Cost":1268.16,"Plan Rows":2021,"Plan Width":29,"Actual Startup Time":8.397,"Actual Total Time":8.402,"Actual Rows":1572,"Actual Loops":1,"Output":["item.i_id","item.i_name"],"Hash Buckets":2048,"Original Hash Buckets":2048,"Hash Batches":1,"Original Hash Batches":1,"Peak Memory Usage":110,"Shared Hit Blocks":0,"Shared Read Blocks":0,"Shared Dirtied Blocks":0,"Shared Written Blocks":0,"Local Hit Blocks":0,"Local Read Blocks":0,"Local Dirtied Blocks":0,"Local Written Blocks":0,"Temp Read Blocks":0,"Temp Written Blocks":0,"I/O Read Time":0.0,"I/O Write Time":0.0,"Temp I/O Read Time":0.0,"Temp I/O Write Time":0.0,"Plans":[{"Node Type":"Append","Parent Relationship":"Outer","Parallel Aware":false,"Async Capable":false,"Startup Cost":20.0,"Total Cost":1268.16,"Plan Rows":2021,"Plan Width":29,"Actual Startup Time":7.208,"Actual Total Time":7.971,"Actual Rows":1572,"Actual Loops":1,"Shared Hit Blocks":0,"Shared Read Blocks":0,"Shared Dirtied Blocks":0,"Shared Written Blocks":0,"Local Hit Blocks":0,"Local Read Blocks":0,"Local Dirtied Blocks":0,"Local Written Blocks":0,"Temp Read Blocks":0,"Temp Written Blocks":0,"I/O Read Time":0.0,"I/O Write Time":0.0,"Temp I/O Read Time":0.0,"Temp I/O Write Time":0.0,"Subplans Removed":0,"Plans":[{"Node Type":"Custom Scan","Parent Relationship":"Member","Custom Plan Provider":"columnar scan","Parallel Aware":false,"Async Capable":false,"Relation Name":"item","Schema":"public","Alias":"item","Startup Cost":20.0,"Total Cost":59.4,"Plan Rows":2020,"Plan Width":29,"Actual Startup Time":7.208,"Actual Total Time":7.855,"Actual Rows":1572,"Actual Loops":1,"Output":["item.i_id","item.i_name"],"Filter":"((item.i_data)::text ~~ '%b'::text)","Rows Removed by Filter":0,"Rows Removed by Columnar Filter":98428,"Columnar cache search mode":"native","Shared Hit Blocks":0,"Shared Read Blocks":0,"Shared Dirtied Blocks":0,"Shared Written Blocks":0,"Local Hit Blocks":0,"Local Read Blocks":0,"Local Dirtied Blocks":0,"Local Written Blocks":0,"Temp Read Blocks":0,"Temp Written Blocks":0,"I/O Read Time":0.0,"I/O Write Time":0.0,"Temp I/O Read Time":0.0,"Temp I/O Write Time":0.0},{"Node Type":"Seq Scan","Parent Relationship":"Member","Parallel Aware":false,"Async Capable":false,"Relation Name":"item","Schema":"public","Alias":"item","Startup Cost":0.0,"Total Cost":4.01,"Plan Rows":1,"Plan Width":29,"Actual Startup Time":0.0,"Actual Total Time":0.0,"Actual Rows":0,"Actual Loops":0,"Output":["item.i_id","item.i_name"],"Filter":"((item.i_data)::text ~~ '%b'::text)","Rows Removed by Filter":0,"Shared Hit Blocks":0,"Shared Read Blocks":0,"Shared Dirtied Blocks":0,"Shared Written Blocks":0,"Local Hit Blocks":0,"Local Read Blocks":0,"Local Dirtied Blocks":0,"Local Written Blocks":0,"Temp Read Blocks":0,"Temp Written Blocks":0,"I/O Read Time":0.0,"I/O Write Time":0.0,"Temp I/O Read Time":0.0,"Temp I/O Write Time":0.0}]}]}]},{"Node Type":"Hash","Parent Relationship":"Inner","Parallel Aware":false,"Async Capable":false,"Startup Cost":729412.87,"Total Cost":729412.87,"Plan Rows":98105,"Plan Width":6,"Actual Startup Time":4131.238,"Actual Total Time":4131.262,"Actual Rows":100000,"Actual Loops":1,"Output":["stock_1.s_i_id","(min(stock_1.s_quantity))"],"Hash Buckets":131072,"Original Hash Buckets":131072,"Hash Batches":1,"Original Hash Batches":1,"Peak Memory Usage":4735,"Shared Hit Blocks":416696,"Shared Read Blocks":0,"Shared Dirtied Blocks":0,"Shared Written Blocks":0,"Local Hit Blocks":0,"Local Read Blocks":0,"Local Dirtied Blocks":0,"Local Written Blocks":0,"Temp Read Blocks":4157,"Temp Written Blocks":7564,"I/O Read Time":0.0,"I/O Write Time":0.0,"Temp I/O Read Time":7.155,"Temp I/O Write Time":28.02,"Plans":[{"Node Type":"Aggregate","Strategy":"Hashed","Partial Mode":"Simple","Parent Relationship":"Outer","Parallel Aware":false,"Async Capable":false,"Startup Cost":711825.52,"Total Cost":728431.82,"Plan Rows":98105,"Plan Width":6,"Actual Startup Time":3939.904,"Actual Total Time":4115.345,"Actual Rows":100000,"Actual Loops":1,"Output":["stock_1.s_i_id","min(stock_1.s_quantity)"],"Group Key":["stock_1.s_i_id"],"Planned Partitions":0,"HashAgg Batches":5,"Peak Memory Usage":8241,"Disk Usage":35680,"Shared Hit Blocks":416696,"Shared Read Blocks":0,"Shared Dirtied Blocks":0,"Shared Written Blocks":0,"Local Hit Blocks":0,"Local Read Blocks":0,"Local Dirtied Blocks":0,"Local Written Blocks":0,"Temp Read Blocks":4157,"Temp Written Blocks":7564,"I/O Read Time":0.0,"I/O Write Time":0.0,"Temp I/O Read Time":7.155,"Temp I/O Write Time":28.02,"Plans":[{"Node Type":"Hash Join","Parent Relationship":"Outer","Parallel Aware":false,"Async Capable":false,"Join Type":"Inner","Startup Cost":124.76,"Total Cost":599323.72,"Plan Rows":2000032,"Plan Width":6,"Actual Startup Time":1.132,"Actual Total Time":3247.063,"Actual Rows":3474600,"Actual Loops":1,"Output":["stock_1.s_i_id","stock_1.s_quantity"],"Hash Cond":"(mod((stock_1.s_w_id * stock_1.s_i_id), 10000) = supplier_1.su_suppkey)","Shared Hit Blocks":416696,"Shared Read Blocks":0,"Shared Dirtied Blocks":0,"Shared Written Blocks":0,"Local Hit Blocks":0,"Local Read Blocks":0,"Local Dirtied Blocks":0,"Local Written Blocks":0,"Temp Read Blocks":0,"Temp Written Blocks":0,"I/O Read Time":0.0,"I/O Write Time":0.0,"Temp I/O Read Time":0.0,"Temp I/O Write Time":0.0,"Plans":[{"Node Type":"Seq Scan","Parent Relationship":"Outer","Parallel Aware":false,"Async Capable":false,"Relation Name":"stock","Schema":"public","Alias":"stock_1","Startup Cost":0.0,"Total Cost":516697.62,"Plan Rows":10000162,"Plan Width":8,"Actual Startup Time":0.004,"Actual Total Time":1030.244,"Actual Rows":10000000,"Actual Loops":1,"Output":["stock_1.s_i_id","stock_1.s_w_id","stock_1.s_quantity","stock_1.s_dist_01","stock_1.s_dist_02","stock_1.s_dist_03","stock_1.s_dist_04","stock_1.s_dist_05","stock_1.s_dist_06","stock_1.s_dist_07","stock_1.s_dist_08","stock_1.s_dist_09","stock_1.s_dist_10","stock_1.s_ytd","stock_1.s_order_cnt","stock_1.s_remote_cnt","stock_1.s_data"],"Shared Hit Blocks":416696,"Shared Read Blocks":0,"Shared Dirtied Blocks":0,"Shared Written Blocks":0,"Local Hit Blocks":0,"Local Read Blocks":0,"Local Dirtied Blocks":0,"Local Written Blocks":0,"Temp Read Blocks":0,"Temp Written Blocks":0,"I/O Read Time":0.0,"I/O Write Time":0.0,"Temp I/O Read Time":0.0,"Temp I/O Write Time":0.0},{"Node Type":"Hash","Parent Relationship":"Inner","Parallel Aware":false,"Async Capable":false,"Startup Cost":99.76,"Total Cost":99.76,"Plan Rows":2000,"Plan Width":4,"Actual Startup Time":1.123,"Actual Total Time":1.142,"Actual Rows":3506,"Actual Loops":1,"Output":["supplier_1.su_suppkey"],"Hash Buckets":4096,"Original Hash Buckets":2048,"Hash Batches":1,"Original Hash Batches":1,"Peak Memory Usage":156,"Shared Hit Blocks":0,"Shared Read Blocks":0,"Shared Dirtied Blocks":0,"Shared Written Blocks":0,"Local Hit Blocks":0,"Local Read Blocks":0,"Local Dirtied Blocks":0,"Local Written Blocks":0,"Temp Read Blocks":0,"Temp Written Blocks":0,"I/O Read Time":0.0,"I/O Write Time":0.0,"Temp I/O Read Time":0.0,"Temp I/O Write Time":0.0,"Plans":[{"Node Type":"Hash Join","Parent Relationship":"Outer","Parallel Aware":false,"Async Capable":false,"Join Type":"Inner","Startup Cost":48.98,"Total Cost":99.76,"Plan Rows":2000,"Plan Width":4,"Actual Startup Time":0.553,"Actual Total Time":0.782,"Actual Rows":3506,"Actual Loops":1,"Output":["supplier_1.su_suppkey"],"Hash Cond":"(supplier_1.su_nationkey = nation_1.n_nationkey)","Rows Removed by Bloom Filter":6494,"Shared Hit Blocks":0,"Shared Read Blocks":0,"Shared Dirtied Blocks":0,"Shared Written Blocks":0,"Local Hit Blocks":0,"Local Read Blocks":0,"Local Dirtied Blocks":0,"Local Written Blocks":0,"Temp Read Blocks":0,"Temp Written Blocks":0,"I/O Read Time":0.0,"I/O Write Time":0.0,"Temp I/O Read Time":0.0,"Temp I/O Write Time":0.0,"Plans":[{"Node Type":"Append","Parent Relationship":"Outer","Parallel Aware":false,"Async Capable":false,"Startup Cost":20.0,"Total Cost":219.01,"Plan Rows":10001,"Plan Width":8,"Actual Startup Time":0.004,"Actual Total Time":0.007,"Actual Rows":10000,"Actual Loops":1,"Shared Hit Blocks":0,"Shared Read Blocks":0,"Shared Dirtied Blocks":0,"Shared Written Blocks":0,"Local Hit Blocks":0,"Local Read Blocks":0,"Local Dirtied Blocks":0,"Local Written Blocks":0,"Temp Read Blocks":0,"Temp Written Blocks":0,"I/O Read Time":0.0,"I/O Write Time":0.0,"Temp I/O Read Time":0.0,"Temp I/O Write Time":0.0,"Subplans Removed":0,"Plans":[{"Node Type":"Custom Scan","Parent Relationship":"Member","Custom Plan Provider":"columnar scan","Parallel Aware":false,"Async Capable":false,"Relation Name":"supplier","Schema":"public","Alias":"supplier_1","Startup Cost":20.0,"Total Cost":215.0,"Plan Rows":10000,"Plan Width":8,"Actual Startup Time":0.004,"Actual Total Time":0.004,"Actual Rows":10000,"Actual Loops":1,"Output":["supplier_1.su_suppkey","supplier_1.su_nationkey"],"Rows Removed by Columnar Filter":0,"Columnar cache search mode":"native","Shared Hit Blocks":0,"Shared Read Blocks":0,"Shared Dirtied Blocks":0,"Shared Written Blocks":0,"Local Hit Blocks":0,"Local Read Blocks":0,"Local Dirtied Blocks":0,"Local Written Blocks":0,"Temp Read Blocks":0,"Temp Written Blocks":0,"I/O Read Time":0.0,"I/O Write Time":0.0,"Temp I/O Read Time":0.0,"Temp I/O Write Time":0.0},{"Node Type":"Seq Scan","Parent Relationship":"Member","Parallel Aware":false,"Async Capable":false,"Relation Name":"supplier","Schema":"public","Alias":"supplier_1","Startup Cost":0.0,"Total Cost":4.01,"Plan Rows":1,"Plan Width":8,"Actual Startup Time":0.0,"Actual Total Time":0.0,"Actual Rows":0,"Actual Loops":0,"Output":["supplier_1.su_suppkey","supplier_1.su_nationkey"],"Shared Hit Blocks":0,"Shared Read Blocks":0,"Shared Dirtied Blocks":0,"Shared Written Blocks":0,"Local Hit Blocks":0,"Local Read Blocks":0,"Local Dirtied Blocks":0,"Local Written Blocks":0,"Temp Read Blocks":0,"Temp Written Blocks":0,"I/O Read Time":0.0,"I/O Write Time":0.0,"Temp I/O Read Time":0.0,"Temp I/O Write Time":0.0}]},{"Node Type":"Hash","Parent Relationship":"Inner","Parallel Aware":false,"Async Capable":false,"Startup Cost":29.02,"Total Cost":29.02,"Plan Rows":12,"Plan Width":4,"Actual Rows":22,"Actual Loops":1,"Output":["nation_1.n_nationkey"],"Shared Hit Blocks":0,"Shared Read Blocks":0,"Shared Dirtied Blocks":0,"Shared Written Blocks":0,"Local Hit Blocks":0,"Local Read Blocks":0,"Local Dirtied Blocks":0,"Local Written Blocks":0,"Temp Read Blocks":0,"Temp Written Blocks":0,"I/O Read Time":0.0,"I/O Write Time":0.0,"Temp I/O Read Time":0.0,"Temp I/O Write Time":0.0,"Plans":[{"Node Type":"Hash Join","Parent Relationship":"Outer","Parallel Aware":false,"Async Capable":false,"Join Type":"Inner","Startup Cost":24.16,"Total Cost":29.02,"Plan Rows":12,"Plan Width":4,"Actual Startup Time":0.117,"Actual Total Time":0.128,"Actual Rows":22,"Actual Loops":1,"Output":["nation_1.n_nationkey"],"Hash Cond":"(region_1.r_regionkey = nation_1.n_regionkey)","Rows Removed by Bloom Filter":0,"Shared Hit Blocks":0,"Shared Read Blocks":0,"Shared Dirtied Blocks":0,"Shared Written Blocks":0,"Local Hit Blocks":0,"Local Read Blocks":0,"Local Dirtied Blocks":0,"Local Written Blocks":0,"Temp Read Blocks":0,"Temp Written Blocks":0,"I/O Read Time":0.0,"I/O Write Time":0.0,"Temp I/O Read Time":0.0,"Temp I/O Write Time":0.0,"Plans":[{"Node Type":"Append","Parent Relationship":"Outer","Parallel Aware":false,"Async Capable":false,"Startup Cost":20.0,"Total Cost":24.04,"Plan Rows":2,"Plan Width":4,"Actual Startup Time":0.008,"Actual Total Time":0.012,"Actual Rows":1,"Actual Loops":1,"Shared Hit Blocks":0,"Shared Read Blocks":0,"Shared Dirtied Blocks":0,"Shared Written Blocks":0,"Local Hit Blocks":0,"Local Read Blocks":0,"Local Dirtied Blocks":0,"Local Written Blocks":0,"Temp Read Blocks":0,"Temp Written Blocks":0,"I/O Read Time":0.0,"I/O Write Time":0.0,"Temp I/O Read Time":0.0,"Temp I/O Write Time":0.0,"Subplans Removed":0,"Plans":[{"Node Type":"Custom Scan","Parent Relationship":"Member","Custom Plan Provider":"columnar scan","Parallel Aware":false,"Async Capable":false,"Relation Name":"region","Schema":"public","Alias":"region_1","Startup Cost":20.0,"Total Cost":20.02,"Plan Rows":1,"Plan Width":4,"Actual Startup Time":0.008,"Actual Total Time":0.01,"Actual Rows":1,"Actual Loops":1,"Output":["region_1.r_regionkey"],"Filter":"((region_1.r_name)::text ~~ 'Europ%'::text)","Rows Removed by Filter":0,"Rows Removed by Columnar Filter":4,"Columnar cache search mode":"native","Shared Hit Blocks":0,"Shared Read Blocks":0,"Shared Dirtied Blocks":0,"Shared Written Blocks":0,"Local Hit Blocks":0,"Local Read Blocks":0,"Local Dirtied Blocks":0,"Local Written Blocks":0,"Temp Read Blocks":0,"Temp Written Blocks":0,"I/O Read Time":0.0,"I/O Write Time":0.0,"Temp I/O Read Time":0.0,"Temp I/O Write Time":0.0},{"Node Type":"Seq Scan","Parent Relationship":"Member","Parallel Aware":false,"Async Capable":false,"Relation Name":"region","Schema":"public","Alias":"region_1","Startup Cost":0.0,"Total Cost":4.01,"Plan Rows":1,"Plan Width":4,"Actual Startup Time":0.0,"Actual Total Time":0.0,"Actual Rows":0,"Actual Loops":0,"Output":["region_1.r_regionkey"],"Filter":"((region_1.r_name)::text ~~ 'Europ%'::text)","Rows Removed by Filter":0,"Shared Hit Blocks":0,"Shared Read Blocks":0,"Shared Dirtied Blocks":0,"Shared Written Blocks":0,"Local Hit Blocks":0,"Local Read Blocks":0,"Local Dirtied Blocks":0,"Local Written Blocks":0,"Temp Read Blocks":0,"Temp Written Blocks":0,"I/O Read Time":0.0,"I/O Write Time":0.0,"Temp I/O Read Time":0.0,"Temp I/O Write Time":0.0}]},{"Node Type":"Hash","Parent Relationship":"Inner","Parallel Aware":false,"Async Capable":false,"Startup Cost":25.22,"Total Cost":25.22,"Plan Rows":63,"Plan Width":8,"Actual Rows":62,"Actual Loops":1,"Output":["nation_1.n_nationkey","nation_1.n_regionkey"],"Shared Hit Blocks":0,"Shared Read Blocks":0,"Shared Dirtied Blocks":0,"Shared Written Blocks":0,"Local Hit Blocks":0,"Local Read Blocks":0,"Local Dirtied Blocks":0,"Local Written Blocks":0,"Temp Read Blocks":0,"Temp Written Blocks":0,"I/O Read Time":0.0,"I/O Write Time":0.0,"Temp I/O Read Time":0.0,"Temp I/O Write Time":0.0,"Plans":[{"Node Type":"Append","Parent Relationship":"Outer","Parallel Aware":false,"Async Capable":false,"Startup Cost":20.0,"Total Cost":25.22,"Plan Rows":63,"Plan Width":8,"Actual Startup Time":0.005,"Actual Total Time":0.006,"Actual Rows":62,"Actual Loops":1,"Shared Hit Blocks":0,"Shared Read Blocks":0,"Shared Dirtied Blocks":0,"Shared Written Blocks":0,"Local Hit Blocks":0,"Local Read Blocks":0,"Local Dirtied Blocks":0,"Local Written Blocks":0,"Temp Read Blocks":0,"Temp Written Blocks":0,"I/O Read Time":0.0,"I/O Write Time":0.0,"Temp I/O Read Time":0.0,"Temp I/O Write Time":0.0,"Subplans Removed":0,"Plans":[{"Node Type":"Custom Scan","Parent Relationship":"Member","Custom Plan Provider":"columnar scan","Parallel Aware":false,"Async Capable":false,"Relation Name":"nation","Schema":"public","Alias":"nation_1","Startup Cost":20.0,"Total Cost":21.21,"Plan Rows":62,"Plan Width":8,"Actual Startup Time":0.005,"Actual Total Time":0.005,"Actual Rows":62,"Actual Loops":1,"Output":["nation_1.n_nationkey","nation_1.n_regionkey"],"Rows Removed by Columnar Filter":0,"Columnar cache search mode":"native","Shared Hit Blocks":0,"Shared Read Blocks":0,"Shared Dirtied Blocks":0,"Shared Written Blocks":0,"Local Hit Blocks":0,"Local Read Blocks":0,"Local Dirtied Blocks":0,"Local Written Blocks":0,"Temp Read Blocks":0,"Temp Written Blocks":0,"I/O Read Time":0.0,"I/O Write Time":0.0,"Temp I/O Read Time":0.0,"Temp I/O Write Time":0.0},{"Node Type":"Seq Scan","Parent Relationship":"Member","Parallel Aware":false,"Async Capable":false,"Relation Name":"nation","Schema":"public","Alias":"nation_1","Startup Cost":0.0,"Total Cost":4.01,"Plan Rows":1,"Plan Width":8,"Actual Startup Time":0.0,"Actual Total Time":0.0,"Actual Rows":0,"Actual Loops":0,"Output":["nation_1.n_nationkey","nation_1.n_regionkey"],"Shared Hit Blocks":0,"Shared Read Blocks":0,"Shared Dirtied Blocks":0,"Shared Written Blocks":0,"Local Hit Blocks":0,"Local Read Blocks":0,"Local Dirtied Blocks":0,"Local Written Blocks":0,"Temp Read Blocks":0,"Temp Written Blocks":0,"I/O Read Time":0.0,"I/O Write Time":0.0,"Temp I/O Read Time":0.0,"Temp I/O Write Time":0.0}]}]}]}]}]}]}]}]}]}]},{"Node Type":"Hash","Parent Relationship":"Inner","Parallel Aware":false,"Async Capable":false,"Startup Cost":106.57,"Total Cost":106.57,"Plan Rows":2000,"Plan Width":135,"Actual Startup Time":2.447,"Actual Total Time":2.463,"Actual Rows":3506,"Actual Loops":1,"Output":["supplier.su_suppkey","supplier.su_name","supplier.su_address","supplier.su_phone","supplier.su_comment","nation.n_name"],"Hash Buckets":4096,"Original Hash Buckets":2048,"Hash Batches":1,"Original Hash Batches":1,"Peak Memory Usage":614,"Shared Hit Blocks":0,"Shared Read Blocks":0,"Shared Dirtied Blocks":0,"Shared Written Blocks":0,"Local Hit Blocks":0,"Local Read Blocks":0,"Local Dirtied Blocks":0,"Local Written Blocks":0,"Temp Read Blocks":0,"Temp Written Blocks":0,"I/O Read Time":0.0,"I/O Write Time":0.0,"Temp I/O Read Time":0.0,"Temp I/O Write Time":0.0,"Plans":[{"Node Type":"Hash Join","Parent Relationship":"Outer","Parallel Aware":false,"Async Capable":false,"Join Type":"Inner","Startup Cost":49.06,"Total Cost":106.57,"Plan Rows":2000,"Plan Width":135,"Actual Startup Time":0.945,"Actual Total Time":1.316,"Actual Rows":3506,"Actual Loops":1,"Output":["supplier.su_suppkey","supplier.su_name","supplier.su_address","supplier.su_phone","supplier.su_comment","nation.n_name"],"Hash Cond":"(supplier.su_nationkey = nation.n_nationkey)","Rows Removed by Bloom Filter":6494,"Shared Hit Blocks":0,"Shared Read Blocks":0,"Shared Dirtied Blocks":0,"Shared Written Blocks":0,"Local Hit Blocks":0,"Local Read Blocks":0,"Local Dirtied Blocks":0,"Local Written Blocks":0,"Temp Read Blocks":0,"Temp Written Blocks":0,"I/O Read Time":0.0,"I/O Write Time":0.0,"Temp I/O Read Time":0.0,"Temp I/O Write Time":0.0,"Plans":[{"Node Type":"Append","Parent Relationship":"Outer","Parallel Aware":false,"Async Capable":false,"Startup Cost":20.0,"Total Cost":299.01,"Plan Rows":10001,"Plan Width":131,"Actual Startup Time":0.004,"Actual Total Time":0.008,"Actual Rows":10000,"Actual Loops":1,"Shared Hit Blocks":0,"Shared Read Blocks":0,"Shared Dirtied Blocks":0,"Shared Written Blocks":0,"Local Hit Blocks":0,"Local Read Blocks":0,"Local Dirtied Blocks":0,"Local Written Blocks":0,"Temp Read Blocks":0,"Temp Written Blocks":0,"I/O Read Time":0.0,"I/O Write Time":0.0,"Temp I/O Read Time":0.0,"Temp I/O Write Time":0.0,"Subplans Removed":0,"Plans":[{"Node Type":"Custom Scan","Parent Relationship":"Member","Custom Plan Provider":"columnar scan","Parallel Aware":false,"Async Capable":false,"Relation Name":"supplier","Schema":"public","Alias":"supplier","Startup Cost":20.0,"Total Cost":295.0,"Plan Rows":10000,"Plan Width":131,"Actual Startup Time":0.004,"Actual Total Time":0.004,"Actual Rows":10000,"Actual Loops":1,"Output":["supplier.su_suppkey","supplier.su_name","supplier.su_address","supplier.su_phone","supplier.su_comment","supplier.su_nationkey"],"Rows Removed by Columnar Filter":0,"Columnar cache search mode":"native","Shared Hit Blocks":0,"Shared Read Blocks":0,"Shared Dirtied Blocks":0,"Shared Written Blocks":0,"Local Hit Blocks":0,"Local Read Blocks":0,"Local Dirtied Blocks":0,"Local Written Blocks":0,"Temp Read Blocks":0,"Temp Written Blocks":0,"I/O Read Time":0.0,"I/O Write Time":0.0,"Temp I/O Read Time":0.0,"Temp I/O Write Time":0.0},{"Node Type":"Seq Scan","Parent Relationship":"Member","Parallel Aware":false,"Async Capable":false,"Relation Name":"supplier","Schema":"public","Alias":"supplier","Startup Cost":0.0,"Total Cost":4.01,"Plan Rows":1,"Plan Width":131,"Actual Startup Time":0.0,"Actual Total Time":0.0,"Actual Rows":0,"Actual Loops":0,"Output":["supplier.su_suppkey","supplier.su_name","supplier.su_address","supplier.su_phone","supplier.su_comment","supplier.su_nationkey"],"Shared Hit Blocks":0,"Shared Read Blocks":0,"Shared Dirtied Blocks":0,"Shared Written Blocks":0,"Local Hit Blocks":0,"Local Read Blocks":0,"Local Dirtied Blocks":0,"Local Written Blocks":0,"Temp Read Blocks":0,"Temp Written Blocks":0,"I/O Read Time":0.0,"I/O Write Time":0.0,"Temp I/O Read Time":0.0,"Temp I/O Write Time":0.0}]},{"Node Type":"Hash","Parent Relationship":"Inner","Parallel Aware":false,"Async Capable":false,"Startup Cost":29.1,"Total Cost":29.1,"Plan Rows":12,"Plan Width":12,"Actual Rows":22,"Actual Loops":1,"Output":["nation.n_name","nation.n_nationkey"],"Shared Hit Blocks":0,"Shared Read Blocks":0,"Shared Dirtied Blocks":0,"Shared Written Blocks":0,"Local Hit Blocks":0,"Local Read Blocks":0,"Local Dirtied Blocks":0,"Local Written Blocks":0,"Temp Read Blocks":0,"Temp Written Blocks":0,"I/O Read Time":0.0,"I/O Write Time":0.0,"Temp I/O Read Time":0.0,"Temp I/O Write Time":0.0,"Plans":[{"Node Type":"Hash Join","Parent Relationship":"Outer","Parallel Aware":false,"Async Capable":false,"Join Type":"Inner","Startup Cost":24.16,"Total Cost":29.1,"Plan Rows":12,"Plan Width":12,"Actual Startup Time":0.27,"Actual Total Time":0.278,"Actual Rows":22,"Actual Loops":1,"Output":["nation.n_name","nation.n_nationkey"],"Hash Cond":"(region.r_regionkey = nation.n_regionkey)","Rows Removed by Bloom Filter":0,"Shared Hit Blocks":0,"Shared Read Blocks":0,"Shared Dirtied Blocks":0,"Shared Written Blocks":0,"Local Hit Blocks":0,"Local Read Blocks":0,"Local Dirtied Blocks":0,"Local Written Blocks":0,"Temp Read Blocks":0,"Temp Written Blocks":0,"I/O Read Time":0.0,"I/O Write Time":0.0,"Temp I/O Read Time":0.0,"Temp I/O Write Time":0.0,"Plans":[{"Node Type":"Append","Parent Relationship":"Outer","Parallel Aware":false,"Async Capable":false,"Startup Cost":20.0,"Total Cost":24.04,"Plan Rows":2,"Plan Width":4,"Actual Startup Time":0.016,"Actual Total Time":0.018,"Actual Rows":1,"Actual Loops":1,"Shared Hit Blocks":0,"Shared Read Blocks":0,"Shared Dirtied Blocks":0,"Shared Written Blocks":0,"Local Hit Blocks":0,"Local Read Blocks":0,"Local Dirtied Blocks":0,"Local Written Blocks":0,"Temp Read Blocks":0,"Temp Written Blocks":0,"I/O Read Time":0.0,"I/O Write Time":0.0,"Temp I/O Read Time":0.0,"Temp I/O Write Time":0.0,"Subplans Removed":0,"Plans":[{"Node Type":"Custom Scan","Parent Relationship":"Member","Custom Plan Provider":"columnar scan","Parallel Aware":false,"Async Capable":false,"Relation Name":"region","Schema":"public","Alias":"region","Startup Cost":20.0,"Total Cost":20.02,"Plan Rows":1,"Plan Width":4,"Actual Startup Time":0.016,"Actual Total Time":0.017,"Actual Rows":1,"Actual Loops":1,"Output":["region.r_regionkey"],"Filter":"((region.r_name)::text ~~ 'Europ%'::text)","Rows Removed by Filter":0,"Rows Removed by Columnar Filter":4,"Columnar cache search mode":"native","Shared Hit Blocks":0,"Shared Read Blocks":0,"Shared Dirtied Blocks":0,"Shared Written Blocks":0,"Local Hit Blocks":0,"Local Read Blocks":0,"Local Dirtied Blocks":0,"Local Written Blocks":0,"Temp Read Blocks":0,"Temp Written Blocks":0,"I/O Read Time":0.0,"I/O Write Time":0.0,"Temp I/O Read Time":0.0,"Temp I/O Write Time":0.0},{"Node Type":"Seq Scan","Parent Relationship":"Member","Parallel Aware":false,"Async Capable":false,"Relation Name":"region","Schema":"public","Alias":"region","Startup Cost":0.0,"Total Cost":4.01,"Plan Rows":1,"Plan Width":4,"Actual Startup Time":0.0,"Actual Total Time":0.0,"Actual Rows":0,"Actual Loops":0,"Output":["region.r_regionkey"],"Filter":"((region.r_name)::text ~~ 'Europ%'::text)","Rows Removed by Filter":0,"Shared Hit Blocks":0,"Shared Read Blocks":0,"Shared Dirtied Blocks":0,"Shared Written Blocks":0,"Local Hit Blocks":0,"Local Read Blocks":0,"Local Dirtied Blocks":0,"Local Written Blocks":0,"Temp Read Blocks":0,"Temp Written Blocks":0,"I/O Read Time":0.0,"I/O Write Time":0.0,"Temp I/O Read Time":0.0,"Temp I/O Write Time":0.0}]},{"Node Type":"Hash","Parent Relationship":"Inner","Parallel Aware":false,"Async Capable":false,"Startup Cost":25.34,"Total Cost":25.34,"Plan Rows":63,"Plan Width":16,"Actual Rows":62,"Actual Loops":1,"Output":["nation.n_name","nation.n_nationkey","nation.n_regionkey"],"Shared Hit Blocks":0,"Shared Read Blocks":0,"Shared Dirtied Blocks":0,"Shared Written Blocks":0,"Local Hit Blocks":0,"Local Read Blocks":0,"Local Dirtied Blocks":0,"Local Written Blocks":0,"Temp Read Blocks":0,"Temp Written Blocks":0,"I/O Read Time":0.0,"I/O Write Time":0.0,"Temp I/O Read Time":0.0,"Temp I/O Write Time":0.0,"Plans":[{"Node Type":"Append","Parent Relationship":"Outer","Parallel Aware":false,"Async Capable":false,"Startup Cost":20.0,"Total Cost":25.34,"Plan Rows":63,"Plan Width":16,"Actual Startup Time":0.016,"Actual Total Time":0.019,"Actual Rows":62,"Actual Loops":1,"Shared Hit Blocks":0,"Shared Read Blocks":0,"Shared Dirtied Blocks":0,"Shared Written Blocks":0,"Local Hit Blocks":0,"Local Read Blocks":0,"Local Dirtied Blocks":0,"Local Written Blocks":0,"Temp Read Blocks":0,"Temp Written Blocks":0,"I/O Read Time":0.0,"I/O Write Time":0.0,"Temp I/O Read Time":0.0,"Temp I/O Write Time":0.0,"Subplans Removed":0,"Plans":[{"Node Type":"Custom Scan","Parent Relationship":"Member","Custom Plan Provider":"columnar scan","Parallel Aware":false,"Async Capable":false,"Relation Name":"nation","Schema":"public","Alias":"nation","Startup Cost":20.0,"Total Cost":21.33,"Plan Rows":62,"Plan Width":16,"Actual Startup Time":0.014,"Actual Total Time":0.014,"Actual Rows":62,"Actual Loops":1,"Output":["nation.n_name","nation.n_nationkey","nation.n_regionkey"],"Rows Removed by Columnar Filter":0,"Columnar cache search mode":"native","Shared Hit Blocks":0,"Shared Read Blocks":0,"Shared Dirtied Blocks":0,"Shared Written Blocks":0,"Local Hit Blocks":0,"Local Read Blocks":0,"Local Dirtied Blocks":0,"Local Written Blocks":0,"Temp Read Blocks":0,"Temp Written Blocks":0,"I/O Read Time":0.0,"I/O Write Time":0.0,"Temp I/O Read Time":0.0,"Temp I/O Write Time":0.0},{"Node Type":"Seq Scan","Parent Relationship":"Member","Parallel Aware":false,"Async Capable":false,"Relation Name":"nation","Schema":"public","Alias":"nation","Startup Cost":0.0,"Total Cost":4.01,"Plan Rows":1,"Plan Width":16,"Actual Startup Time":0.0,"Actual Total Time":0.0,"Actual Rows":0,"Actual Loops":0,"Output":["nation.n_name","nation.n_nationkey","nation.n_regionkey"],"Shared Hit Blocks":0,"Shared Read Blocks":0,"Shared Dirtied Blocks":0,"Shared Written Blocks":0,"Local Hit Blocks":0,"Local Read Blocks":0,"Local Dirtied Blocks":0,"Local Written Blocks":0,"Temp Read Blocks":0,"Temp Written Blocks":0,"I/O Read Time":0.0,"I/O Write Time":0.0,"Temp I/O Read Time":0.0,"Temp I/O Write Time":0.0}]}]}]}]}]}]}]}]},"Planning":{"Shared Hit Blocks":36,"Shared Read Blocks":0,"Shared Dirtied Blocks":0,"Shared Written Blocks":0,"Local Hit Blocks":0,"Local Read Blocks":0,"Local Dirtied Blocks":0,"Local Written Blocks":0,"Temp Read Blocks":0,"Temp Written Blocks":0,"I/O Read Time":0.0,"I/O Write Time":0.0,"Temp I/O Read Time":0.0,"Temp I/O Write Time":0.0},"Planning Time":0.908,"Triggers":[],"Execution Time":6470.759}]
[列存组合]: item, nation, stock, supplier
[{"Plan":{"Node Type":"Sort","Parallel Aware":false,"Async Capable":false,"Startup Cost":454915.11,"Total Cost":454915.61,"Plan Rows":198,"Plan Width":164,"Actual Startup Time":4594.275,"Actual Total Time":4594.391,"Actual Rows":1900,"Actual Loops":1,"Output":["supplier.su_suppkey","supplier.su_name","nation.n_name","item.i_id","item.i_name","supplier.su_address","supplier.su_phone","supplier.su_comment"],"Sort Key":["nation.n_name","supplier.su_name","item.i_id"],"Sort Method":"quicksort","Sort Space Used":439,"Sort Space Type":"Memory","Shared Hit Blocks":2,"Shared Read Blocks":0,"Shared Dirtied Blocks":0,"Shared Written Blocks":0,"Local Hit Blocks":0,"Local Read Blocks":0,"Local Dirtied Blocks":0,"Local Written Blocks":0,"Temp Read Blocks":4157,"Temp Written Blocks":7564,"I/O Read Time":0.0,"I/O Write Time":0.0,"Temp I/O Read Time":6.764,"Temp I/O Write Time":24.761,"Plans":[{"Node Type":"Hash Join","Parent Relationship":"Outer","Parallel Aware":false,"Async Capable":false,"Join Type":"Inner","Startup Cost":429571.22,"Total Cost":454907.56,"Plan Rows":198,"Plan Width":164,"Actual Startup Time":4489.67,"Actual Total Time":4590.989,"Actual Rows":1900,"Actual Loops":1,"Output":["supplier.su_suppkey","supplier.su_name","nation.n_name","item.i_id","item.i_name","supplier.su_address","supplier.su_phone","supplier.su_comment"],"Hash Cond":"(mod((stock.s_w_id * stock.s_i_id), 10000) = supplier.su_suppkey)","Shared Hit Blocks":2,"Shared Read Blocks":0,"Shared Dirtied Blocks":0,"Shared Written Blocks":0,"Local Hit Blocks":0,"Local Read Blocks":0,"Local Dirtied Blocks":0,"Local Written Blocks":0,"Temp Read Blocks":4157,"Temp Written Blocks":7564,"I/O Read Time":0.0,"I/O Write Time":0.0,"Temp I/O Read Time":6.764,"Temp I/O Write Time":24.761,"Plans":[{"Node Type":"Hash Join","Parent Relationship":"Outer","Parallel Aware":false,"Async Capable":false,"Join Type":"Inner","Startup Cost":429335.45,"Total Cost":454663.61,"Plan Rows":991,"Plan Width":35,"Actual Startup Time":4484.376,"Actual Total Time":4584.38,"Actual Rows":3036,"Actual Loops":1,"Output":["item.i_id","item.i_name","stock.s_i_id","stock.s_w_id"],"Hash Cond":"((item.i_id = stock_1.s_i_id) AND (stock.s_quantity = (min(stock_1.s_quantity))))","Shared Hit Blocks":1,"Shared Read Blocks":0,"Shared Dirtied Blocks":0,"Shared Written Blocks":0,"Local Hit Blocks":0,"Local Read Blocks":0,"Local Dirtied Blocks":0,"Local Written Blocks":0,"Temp Read Blocks":4157,"Temp Written Blocks":7564,"I/O Read Time":0.0,"I/O Write Time":0.0,"Temp I/O Read Time":6.764,"Temp I/O Write Time":24.761,"Plans":[{"Node Type":"Hash Join","Parent Relationship":"Outer","Parallel Aware":false,"Async Capable":false,"Join Type":"Inner","Startup Cost":48.95,"Total Cost":24316.6,"Plan Rows":202003,"Plan Width":37,"Actual Startup Time":78.238,"Actual Total Time":157.336,"Actual Rows":157200,"Actual Loops":1,"Output":["item.i_id","item.i_name","stock.s_i_id","stock.s_w_id","stock.s_quantity"],"Hash Cond":"(stock.s_i_id = item.i_id)","Rows Removed by Bloom Filter":21350409,"Shared Hit Blocks":0,"Shared Read Blocks":0,"Shared Dirtied Blocks":0,"Shared Written Blocks":0,"Local Hit Blocks":0,"Local Read Blocks":0,"Local Dirtied Blocks":0,"Local Written Blocks":0,"Temp Read Blocks":0,"Temp Written Blocks":0,"I/O Read Time":0.0,"I/O Write Time":0.0,"Temp I/O Read Time":0.0,"Temp I/O Write Time":0.0,"Plans":[{"Node Type":"Append","Parent Relationship":"Outer","Parallel Aware":false,"Async Capable":false,"Startup Cost":20.0,"Total Cost":215025.67,"Plan Rows":10000162,"Plan Width":8,"Actual Startup Time":0.169,"Actual Total Time":0.174,"Actual Rows":10000000,"Actual Loops":1,"Shared Hit Blocks":0,"Shared Read Blocks":0,"Shared Dirtied Blocks":0,"Shared Written Blocks":0,"Local Hit Blocks":0,"Local Read Blocks":0,"Local Dirtied Blocks":0,"Local Written Blocks":0,"Temp Read Blocks":0,"Temp Written Blocks":0,"I/O Read Time":0.0,"I/O Write Time":0.0,"Temp I/O Read Time":0.0,"Temp I/O Write Time":0.0,"Subplans Removed":0,"Plans":[{"Node Type":"Custom Scan","Parent Relationship":"Member","Custom Plan Provider":"columnar scan","Parallel Aware":false,"Async Capable":false,"Relation Name":"stock","Schema":"public","Alias":"stock","Startup Cost":20.0,"Total Cost":215020.05,"Plan Rows":10000000,"Plan Width":8,"Actual Startup Time":0.168,"Actual Total Time":0.17,"Actual Rows":10000000,"Actual Loops":1,"Output":["stock.s_i_id","stock.s_w_id","stock.s_quantity"],"Rows Removed by Columnar Filter":0,"Columnar cache search mode":"native","Shared Hit Blocks":0,"Shared Read Blocks":0,"Shared Dirtied Blocks":0,"Shared Written Blocks":0,"Local Hit Blocks":0,"Local Read Blocks":0,"Local Dirtied Blocks":0,"Local Written Blocks":0,"Temp Read Blocks":0,"Temp Written Blocks":0,"I/O Read Time":0.0,"I/O Write Time":0.0,"Temp I/O Read Time":0.0,"Temp I/O Write Time":0.0},{"Node Type":"Seq Scan","Parent Relationship":"Member","Parallel Aware":false,"Async Capable":false,"Relation Name":"stock","Schema":"public","Alias":"stock","Startup Cost":0.0,"Total Cost":5.62,"Plan Rows":162,"Plan Width":8,"Actual Startup Time":0.0,"Actual Total Time":0.0,"Actual Rows":0,"Actual Loops":0,"Output":["stock.s_i_id","stock.s_w_id","stock.s_quantity"],"Shared Hit Blocks":0,"Shared Read Blocks":0,"Shared Dirtied Blocks":0,"Shared Written Blocks":0,"Local Hit Blocks":0,"Local Read Blocks":0,"Local Dirtied Blocks":0,"Local Written Blocks":0,"Temp Read Blocks":0,"Temp Written Blocks":0,"I/O Read Time":0.0,"I/O Write Time":0.0,"Temp I/O Read Time":0.0,"Temp I/O Write Time":0.0}]},{"Node Type":"Hash","Parent Relationship":"Inner","Parallel Aware":false,"Async Capable":false,"Startup Cost":63.41,"Total Cost":63.41,"Plan Rows":2021,"Plan Width":29,"Actual Rows":1572,"Actual Loops":1,"Output":["item.i_id","item.i_name"],"Shared Hit Blocks":0,"Shared Read Blocks":0,"Shared Dirtied Blocks":0,"Shared Written Blocks":0,"Local Hit Blocks":0,"Local Read Blocks":0,"Local Dirtied Blocks":0,"Local Written Blocks":0,"Temp Read Blocks":0,"Temp Written Blocks":0,"I/O Read Time":0.0,"I/O Write Time":0.0,"Temp I/O Read Time":0.0,"Temp I/O Write Time":0.0,"Plans":[{"Node Type":"Append","Parent Relationship":"Outer","Parallel Aware":false,"Async Capable":false,"Startup Cost":20.0,"Total Cost":63.41,"Plan Rows":2021,"Plan Width":29,"Actual Startup Time":7.294,"Actual Total Time":7.297,"Actual Rows":1572,"Actual Loops":1,"Shared Hit Blocks":0,"Shared Read Blocks":0,"Shared Dirtied Blocks":0,"Shared Written Blocks":0,"Local Hit Blocks":0,"Local Read Blocks":0,"Local Dirtied Blocks":0,"Local Written Blocks":0,"Temp Read Blocks":0,"Temp Written Blocks":0,"I/O Read Time":0.0,"I/O Write Time":0.0,"Temp I/O Read Time":0.0,"Temp I/O Write Time":0.0,"Subplans Removed":0,"Plans":[{"Node Type":"Custom Scan","Parent Relationship":"Member","Custom Plan Provider":"columnar scan","Parallel Aware":false,"Async Capable":false,"Relation Name":"item","Schema":"public","Alias":"item","Startup Cost":20.0,"Total Cost":59.4,"Plan Rows":2020,"Plan Width":29,"Actual Startup Time":7.293,"Actual Total Time":7.293,"Actual Rows":1572,"Actual Loops":1,"Output":["item.i_id","item.i_name"],"Filter":"((item.i_data)::text ~~ '%b'::text)","Rows Removed by Filter":0,"Rows Removed by Columnar Filter":98428,"Columnar cache search mode":"native","Shared Hit Blocks":0,"Shared Read Blocks":0,"Shared Dirtied Blocks":0,"Shared Written Blocks":0,"Local Hit Blocks":0,"Local Read Blocks":0,"Local Dirtied Blocks":0,"Local Written Blocks":0,"Temp Read Blocks":0,"Temp Written Blocks":0,"I/O Read Time":0.0,"I/O Write Time":0.0,"Temp I/O Read Time":0.0,"Temp I/O Write Time":0.0},{"Node Type":"Seq Scan","Parent Relationship":"Member","Parallel Aware":false,"Async Capable":false,"Relation Name":"item","Schema":"public","Alias":"item","Startup Cost":0.0,"Total Cost":4.01,"Plan Rows":1,"Plan Width":29,"Actual Startup Time":0.0,"Actual Total Time":0.0,"Actual Rows":0,"Actual Loops":0,"Output":["item.i_id","item.i_name"],"Filter":"((item.i_data)::text ~~ '%b'::text)","Rows Removed by Filter":0,"Shared Hit Blocks":0,"Shared Read Blocks":0,"Shared Dirtied Blocks":0,"Shared Written Blocks":0,"Local Hit Blocks":0,"Local Read Blocks":0,"Local Dirtied Blocks":0,"Local Written Blocks":0,"Temp Read Blocks":0,"Temp Written Blocks":0,"I/O Read Time":0.0,"I/O Write Time":0.0,"Temp I/O Read Time":0.0,"Temp I/O Write Time":0.0}]}]}]},{"Node Type":"Hash","Parent Relationship":"Inner","Parallel Aware":false,"Async Capable":false,"Startup Cost":427814.92,"Total Cost":427814.92,"Plan Rows":98105,"Plan Width":6,"Actual Startup Time":4405.556,"Actual Total Time":4405.571,"Actual Rows":100000,"Actual Loops":1,"Output":["stock_1.s_i_id","(min(stock_1.s_quantity))"],"Hash Buckets":131072,"Original Hash Buckets":131072,"Hash Batches":1,"Original Hash Batches":1,"Peak Memory Usage":4735,"Shared Hit Blocks":1,"Shared Read Blocks":0,"Shared Dirtied Blocks":0,"Shared Written Blocks":0,"Local Hit Blocks":0,"Local Read Blocks":0,"Local Dirtied Blocks":0,"Local Written Blocks":0,"Temp Read Blocks":4157,"Temp Written Blocks":7564,"I/O Read Time":0.0,"I/O Write Time":0.0,"Temp I/O Read Time":6.764,"Temp I/O Write Time":24.761,"Plans":[{"Node Type":"Aggregate","Strategy":"Hashed","Partial Mode":"Simple","Parent Relationship":"Outer","Parallel Aware":false,"Async Capable":false,"Startup Cost":410227.57,"Total Cost":426833.87,"Plan Rows":98105,"Plan Width":6,"Actual Startup Time":4215.748,"Actual Total Time":4389.51,"Actual Rows":100000,"Actual Loops":1,"Output":["stock_1.s_i_id","min(stock_1.s_quantity)"],"Group Key":["stock_1.s_i_id"],"Planned Partitions":0,"HashAgg Batches":5,"Peak Memory Usage":8241,"Disk Usage":35680,"Shared Hit Blocks":1,"Shared Read Blocks":0,"Shared Dirtied Blocks":0,"Shared Written Blocks":0,"Local Hit Blocks":0,"Local Read Blocks":0,"Local Dirtied Blocks":0,"Local Written Blocks":0,"Temp Read Blocks":4157,"Temp Written Blocks":7564,"I/O Read Time":0.0,"I/O Write Time":0.0,"Temp I/O Read Time":6.764,"Temp I/O Write Time":24.761,"Plans":[{"Node Type":"Hash Join","Parent Relationship":"Outer","Parallel Aware":false,"Async Capable":false,"Join Type":"Inner","Startup Cost":218.77,"Total Cost":297725.77,"Plan Rows":2000032,"Plan Width":6,"Actual Startup Time":2.919,"Actual Total Time":3551.933,"Actual Rows":3474600,"Actual Loops":1,"Output":["stock_1.s_i_id","stock_1.s_quantity"],"Hash Cond":"(mod((stock_1.s_w_id * stock_1.s_i_id), 10000) = supplier_1.su_suppkey)","Shared Hit Blocks":1,"Shared Read Blocks":0,"Shared Dirtied Blocks":0,"Shared Written Blocks":0,"Local Hit Blocks":0,"Local Read Blocks":0,"Local Dirtied Blocks":0,"Local Written Blocks":0,"Temp Read Blocks":0,"Temp Written Blocks":0,"I/O Read Time":0.0,"I/O Write Time":0.0,"Temp I/O Read Time":0.0,"Temp I/O Write Time":0.0,"Plans":[{"Node Type":"Append","Parent Relationship":"Outer","Parallel Aware":false,"Async Capable":false,"Startup Cost":20.0,"Total Cost":215025.67,"Plan Rows":10000162,"Plan Width":8,"Actual Startup Time":0.016,"Actual Total Time":2084.368,"Actual Rows":10000000,"Actual Loops":1,"Shared Hit Blocks":0,"Shared Read Blocks":0,"Shared Dirtied Blocks":0,"Shared Written Blocks":0,"Local Hit Blocks":0,"Local Read Blocks":0,"Local Dirtied Blocks":0,"Local Written Blocks":0,"Temp Read Blocks":0,"Temp Written Blocks":0,"I/O Read Time":0.0,"I/O Write Time":0.0,"Temp I/O Read Time":0.0,"Temp I/O Write Time":0.0,"Subplans Removed":0,"Plans":[{"Node Type":"Custom Scan","Parent Relationship":"Member","Custom Plan Provider":"columnar scan","Parallel Aware":false,"Async Capable":false,"Relation Name":"stock","Schema":"public","Alias":"stock_1","Startup Cost":20.0,"Total Cost":215020.05,"Plan Rows":10000000,"Plan Width":8,"Actual Startup Time":0.016,"Actual Total Time":1384.645,"Actual Rows":10000000,"Actual Loops":1,"Output":["stock_1.s_i_id","stock_1.s_quantity","stock_1.s_w_id"],"Rows Removed by Columnar Filter":0,"Columnar cache search mode":"native","Shared Hit Blocks":0,"Shared Read Blocks":0,"Shared Dirtied Blocks":0,"Shared Written Blocks":0,"Local Hit Blocks":0,"Local Read Blocks":0,"Local Dirtied Blocks":0,"Local Written Blocks":0,"Temp Read Blocks":0,"Temp Written Blocks":0,"I/O Read Time":0.0,"I/O Write Time":0.0,"Temp I/O Read Time":0.0,"Temp I/O Write Time":0.0},{"Node Type":"Seq Scan","Parent Relationship":"Member","Parallel Aware":false,"Async Capable":false,"Relation Name":"stock","Schema":"public","Alias":"stock_1","Startup Cost":0.0,"Total Cost":5.62,"Plan Rows":162,"Plan Width":8,"Actual Startup Time":0.0,"Actual Total Time":0.0,"Actual Rows":0,"Actual Loops":0,"Output":["stock_1.s_i_id","stock_1.s_quantity","stock_1.s_w_id"],"Shared Hit Blocks":0,"Shared Read Blocks":0,"Shared Dirtied Blocks":0,"Shared Written Blocks":0,"Local Hit Blocks":0,"Local Read Blocks":0,"Local Dirtied Blocks":0,"Local Written Blocks":0,"Temp Read Blocks":0,"Temp Written Blocks":0,"I/O Read Time":0.0,"I/O Write Time":0.0,"Temp I/O Read Time":0.0,"Temp I/O Write Time":0.0}]},{"Node Type":"Hash","Parent Relationship":"Inner","Parallel Aware":false,"Async Capable":false,"Startup Cost":173.77,"Total Cost":173.77,"Plan Rows":2000,"Plan Width":4,"Actual Startup Time":2.894,"Actual Total Time":2.908,"Actual Rows":3506,"Actual Loops":1,"Output":["supplier_1.su_suppkey"],"Hash Buckets":4096,"Original Hash Buckets":2048,"Hash Batches":1,"Original Hash Batches":1,"Peak Memory Usage":156,"Shared Hit Blocks":1,"Shared Read Blocks":0,"Shared Dirtied Blocks":0,"Shared Written Blocks":0,"Local Hit Blocks":0,"Local Read Blocks":0,"Local Dirtied Blocks":0,"Local Written Blocks":0,"Temp Read Blocks":0,"Temp Written Blocks":0,"I/O Read Time":0.0,"I/O Write Time":0.0,"Temp I/O Read Time":0.0,"Temp I/O Write Time":0.0,"Plans":[{"Node Type":"Hash Join","Parent Relationship":"Outer","Parallel Aware":false,"Async Capable":false,"Join Type":"Inner","Startup Cost":25.24,"Total Cost":173.77,"Plan Rows":2000,"Plan Width":4,"Actual Startup Time":0.874,"Actual Total Time":2.468,"Actual Rows":3506,"Actual Loops":1,"Output":["supplier_1.su_suppkey"],"Hash Cond":"(nation_1.n_regionkey = region_1.r_regionkey)","Shared Hit Blocks":1,"Shared Read Blocks":0,"Shared Dirtied Blocks":0,"Shared Written Blocks":0,"Local Hit Blocks":0,"Local Read Blocks":0,"Local Dirtied Blocks":0,"Local Written Blocks":0,"Temp Read Blocks":0,"Temp Written Blocks":0,"I/O Read Time":0.0,"I/O Write Time":0.0,"Temp I/O Read Time":0.0,"Temp I/O Write Time":0.0,"Plans":[{"Node Type":"Hash Join","Parent Relationship":"Outer","Parallel Aware":false,"Async Capable":false,"Join Type":"Inner","Startup Cost":24.16,"Total Cost":124.19,"Plan Rows":10000,"Plan Width":8,"Actual Startup Time":0.85,"Actual Total Time":1.419,"Actual Rows":10000,"Actual Loops":1,"Output":["supplier_1.su_suppkey","nation_1.n_regionkey"],"Hash Cond":"(supplier_1.su_nationkey = nation_1.n_nationkey)","Rows Removed by Bloom Filter":0,"Shared Hit Blocks":0,"Shared Read Blocks":0,"Shared Dirtied Blocks":0,"Shared Written Blocks":0,"Local Hit Blocks":0,"Local Read Blocks":0,"Local Dirtied Blocks":0,"Local Written Blocks":0,"Temp Read Blocks":0,"Temp Written Blocks":0,"I/O Read Time":0.0,"I/O Write Time":0.0,"Temp I/O Read Time":0.0,"Temp I/O Write Time":0.0,"Plans":[{"Node Type":"Append","Parent Relationship":"Outer","Parallel Aware":false,"Async Capable":false,"Startup Cost":20.0,"Total Cost":219.01,"Plan Rows":10001,"Plan Width":8,"Actual Startup Time":0.005,"Actual Total Time":0.007,"Actual Rows":10000,"Actual Loops":1,"Shared Hit Blocks":0,"Shared Read Blocks":0,"Shared Dirtied Blocks":0,"Shared Written Blocks":0,"Local Hit Blocks":0,"Local Read Blocks":0,"Local Dirtied Blocks":0,"Local Written Blocks":0,"Temp Read Blocks":0,"Temp Written Blocks":0,"I/O Read Time":0.0,"I/O Write Time":0.0,"Temp I/O Read Time":0.0,"Temp I/O Write Time":0.0,"Subplans Removed":0,"Plans":[{"Node Type":"Custom Scan","Parent Relationship":"Member","Custom Plan Provider":"columnar scan","Parallel Aware":false,"Async Capable":false,"Relation Name":"supplier","Schema":"public","Alias":"supplier_1","Startup Cost":20.0,"Total Cost":215.0,"Plan Rows":10000,"Plan Width":8,"Actual Startup Time":0.005,"Actual Total Time":0.005,"Actual Rows":10000,"Actual Loops":1,"Output":["supplier_1.su_suppkey","supplier_1.su_nationkey"],"Rows Removed by Columnar Filter":0,"Columnar cache search mode":"native","Shared Hit Blocks":0,"Shared Read Blocks":0,"Shared Dirtied Blocks":0,"Shared Written Blocks":0,"Local Hit Blocks":0,"Local Read Blocks":0,"Local Dirtied Blocks":0,"Local Written Blocks":0,"Temp Read Blocks":0,"Temp Written Blocks":0,"I/O Read Time":0.0,"I/O Write Time":0.0,"Temp I/O Read Time":0.0,"Temp I/O Write Time":0.0},{"Node Type":"Seq Scan","Parent Relationship":"Member","Parallel Aware":false,"Async Capable":false,"Relation Name":"supplier","Schema":"public","Alias":"supplier_1","Startup Cost":0.0,"Total Cost":4.01,"Plan Rows":1,"Plan Width":8,"Actual Startup Time":0.0,"Actual Total Time":0.0,"Actual Rows":0,"Actual Loops":0,"Output":["supplier_1.su_suppkey","supplier_1.su_nationkey"],"Shared Hit Blocks":0,"Shared Read Blocks":0,"Shared Dirtied Blocks":0,"Shared Written Blocks":0,"Local Hit Blocks":0,"Local Read Blocks":0,"Local Dirtied Blocks":0,"Local Written Blocks":0,"Temp Read Blocks":0,"Temp Written Blocks":0,"I/O Read Time":0.0,"I/O Write Time":0.0,"Temp I/O Read Time":0.0,"Temp I/O Write Time":0.0}]},{"Node Type":"Hash","Parent Relationship":"Inner","Parallel Aware":false,"Async Capable":false,"Startup Cost":25.22,"Total Cost":25.22,"Plan Rows":63,"Plan Width":8,"Actual Rows":62,"Actual Loops":1,"Output":["nation_1.n_nationkey","nation_1.n_regionkey"],"Shared Hit Blocks":0,"Shared Read Blocks":0,"Shared Dirtied Blocks":0,"Shared Written Blocks":0,"Local Hit Blocks":0,"Local Read Blocks":0,"Local Dirtied Blocks":0,"Local Written Blocks":0,"Temp Read Blocks":0,"Temp Written Blocks":0,"I/O Read Time":0.0,"I/O Write Time":0.0,"Temp I/O Read Time":0.0,"Temp I/O Write Time":0.0,"Plans":[{"Node Type":"Append","Parent Relationship":"Outer","Parallel Aware":false,"Async Capable":false,"Startup Cost":20.0,"Total Cost":25.22,"Plan Rows":63,"Plan Width":8,"Actual Startup Time":0.006,"Actual Total Time":0.008,"Actual Rows":62,"Actual Loops":1,"Shared Hit Blocks":0,"Shared Read Blocks":0,"Shared Dirtied Blocks":0,"Shared Written Blocks":0,"Local Hit Blocks":0,"Local Read Blocks":0,"Local Dirtied Blocks":0,"Local Written Blocks":0,"Temp Read Blocks":0,"Temp Written Blocks":0,"I/O Read Time":0.0,"I/O Write Time":0.0,"Temp I/O Read Time":0.0,"Temp I/O Write Time":0.0,"Subplans Removed":0,"Plans":[{"Node Type":"Custom Scan","Parent Relationship":"Member","Custom Plan Provider":"columnar scan","Parallel Aware":false,"Async Capable":false,"Relation Name":"nation","Schema":"public","Alias":"nation_1","Startup Cost":20.0,"Total Cost":21.21,"Plan Rows":62,"Plan Width":8,"Actual Startup Time":0.005,"Actual Total Time":0.005,"Actual Rows":62,"Actual Loops":1,"Output":["nation_1.n_nationkey","nation_1.n_regionkey"],"Rows Removed by Columnar Filter":0,"Columnar cache search mode":"native","Shared Hit Blocks":0,"Shared Read Blocks":0,"Shared Dirtied Blocks":0,"Shared Written Blocks":0,"Local Hit Blocks":0,"Local Read Blocks":0,"Local Dirtied Blocks":0,"Local Written Blocks":0,"Temp Read Blocks":0,"Temp Written Blocks":0,"I/O Read Time":0.0,"I/O Write Time":0.0,"Temp I/O Read Time":0.0,"Temp I/O Write Time":0.0},{"Node Type":"Seq Scan","Parent Relationship":"Member","Parallel Aware":false,"Async Capable":false,"Relation Name":"nation","Schema":"public","Alias":"nation_1","Startup Cost":0.0,"Total Cost":4.01,"Plan Rows":1,"Plan Width":8,"Actual Startup Time":0.0,"Actual Total Time":0.0,"Actual Rows":0,"Actual Loops":0,"Output":["nation_1.n_nationkey","nation_1.n_regionkey"],"Shared Hit Blocks":0,"Shared Read Blocks":0,"Shared Dirtied Blocks":0,"Shared Written Blocks":0,"Local Hit Blocks":0,"Local Read Blocks":0,"Local Dirtied Blocks":0,"Local Written Blocks":0,"Temp Read Blocks":0,"Temp Written Blocks":0,"I/O Read Time":0.0,"I/O Write Time":0.0,"Temp I/O Read Time":0.0,"Temp I/O Write Time":0.0}]}]}]},{"Node Type":"Hash","Parent Relationship":"Inner","Parallel Aware":false,"Async Capable":false,"Startup Cost":1.06,"Total Cost":1.06,"Plan Rows":1,"Plan Width":4,"Actual Startup Time":0.013,"Actual Total Time":0.015,"Actual Rows":1,"Actual Loops":1,"Output":["region_1.r_regionkey"],"Hash Buckets":1024,"Original Hash Buckets":1024,"Hash Batches":1,"Original Hash Batches":1,"Peak Memory Usage":9,"Shared Hit Blocks":1,"Shared Read Blocks":0,"Shared Dirtied Blocks":0,"Shared Written Blocks":0,"Local Hit Blocks":0,"Local Read Blocks":0,"Local Dirtied Blocks":0,"Local Written Blocks":0,"Temp Read Blocks":0,"Temp Written Blocks":0,"I/O Read Time":0.0,"I/O Write Time":0.0,"Temp I/O Read Time":0.0,"Temp I/O Write Time":0.0,"Plans":[{"Node Type":"Seq Scan","Parent Relationship":"Outer","Parallel Aware":false,"Async Capable":false,"Relation Name":"region","Schema":"public","Alias":"region_1","Startup Cost":0.0,"Total Cost":1.06,"Plan Rows":1,"Plan Width":4,"Actual Startup Time":0.009,"Actual Total Time":0.01,"Actual Rows":1,"Actual Loops":1,"Output":["region_1.r_regionkey"],"Filter":"((region_1.r_name)::text ~~ 'Europ%'::text)","Rows Removed by Filter":4,"Shared Hit Blocks":1,"Shared Read Blocks":0,"Shared Dirtied Blocks":0,"Shared Written Blocks":0,"Local Hit Blocks":0,"Local Read Blocks":0,"Local Dirtied Blocks":0,"Local Written Blocks":0,"Temp Read Blocks":0,"Temp Written Blocks":0,"I/O Read Time":0.0,"I/O Write Time":0.0,"Temp I/O Read Time":0.0,"Temp I/O Write Time":0.0}]}]}]}]}]}]}]},{"Node Type":"Hash","Parent Relationship":"Inner","Parallel Aware":false,"Async Capable":false,"Startup Cost":210.78,"Total Cost":210.78,"Plan Rows":2000,"Plan Width":135,"Actual Startup Time":5.273,"Actual Total Time":5.287,"Actual Rows":3506,"Actual Loops":1,"Output":["supplier.su_suppkey","supplier.su_name","supplier.su_address","supplier.su_phone","supplier.su_comment","nation.n_name"],"Hash Buckets":4096,"Original Hash Buckets":2048,"Hash Batches":1,"Original Hash Batches":1,"Peak Memory Usage":614,"Shared Hit Blocks":1,"Shared Read Blocks":0,"Shared Dirtied Blocks":0,"Shared Written Blocks":0,"Local Hit Blocks":0,"Local Read Blocks":0,"Local Dirtied Blocks":0,"Local Written Blocks":0,"Temp Read Blocks":0,"Temp Written Blocks":0,"I/O Read Time":0.0,"I/O Write Time":0.0,"Temp I/O Read Time":0.0,"Temp I/O Write Time":0.0,"Plans":[{"Node Type":"Hash Join","Parent Relationship":"Outer","Parallel Aware":false,"Async Capable":false,"Join Type":"Inner","Startup Cost":25.24,"Total Cost":210.78,"Plan Rows":2000,"Plan Width":135,"Actual Startup Time":2.057,"Actual Total Time":3.981,"Actual Rows":3506,"Actual Loops":1,"Output":["supplier.su_suppkey","supplier.su_name","supplier.su_address","supplier.su_phone","supplier.su_comment","nation.n_name"],"Hash Cond":"(nation.n_regionkey = region.r_regionkey)","Shared Hit Blocks":1,"Shared Read Blocks":0,"Shared Dirtied Blocks":0,"Shared Written Blocks":0,"Local Hit Blocks":0,"Local Read Blocks":0,"Local Dirtied Blocks":0,"Local Written Blocks":0,"Temp Read Blocks":0,"Temp Written Blocks":0,"I/O Read Time":0.0,"I/O Write Time":0.0,"Temp I/O Read Time":0.0,"Temp I/O Write Time":0.0,"Plans":[{"Node Type":"Hash Join","Parent Relationship":"Outer","Parallel Aware":false,"Async Capable":false,"Join Type":"Inner","Startup Cost":24.16,"Total Cost":161.2,"Plan Rows":10000,"Plan Width":139,"Actual Startup Time":2.029,"Actual Total Time":2.835,"Actual Rows":10000,"Actual Loops":1,"Output":["supplier.su_suppkey","supplier.su_name","supplier.su_address","supplier.su_phone","supplier.su_comment","nation.n_name","nation.n_regionkey"],"Hash Cond":"(supplier.su_nationkey = nation.n_nationkey)","Rows Removed by Bloom Filter":0,"Shared Hit Blocks":0,"Shared Read Blocks":0,"Shared Dirtied Blocks":0,"Shared Written Blocks":0,"Local Hit Blocks":0,"Local Read Blocks":0,"Local Dirtied Blocks":0,"Local Written Blocks":0,"Temp Read Blocks":0,"Temp Written Blocks":0,"I/O Read Time":0.0,"I/O Write Time":0.0,"Temp I/O Read Time":0.0,"Temp I/O Write Time":0.0,"Plans":[{"Node Type":"Append","Parent Relationship":"Outer","Parallel Aware":false,"Async Capable":false,"Startup Cost":20.0,"Total Cost":299.01,"Plan Rows":10001,"Plan Width":131,"Actual Startup Time":0.004,"Actual Total Time":0.007,"Actual Rows":10000,"Actual Loops":1,"Shared Hit Blocks":0,"Shared Read Blocks":0,"Shared Dirtied Blocks":0,"Shared Written Blocks":0,"Local Hit Blocks":0,"Local Read Blocks":0,"Local Dirtied Blocks":0,"Local Written Blocks":0,"Temp Read Blocks":0,"Temp Written Blocks":0,"I/O Read Time":0.0,"I/O Write Time":0.0,"Temp I/O Read Time":0.0,"Temp I/O Write Time":0.0,"Subplans Removed":0,"Plans":[{"Node Type":"Custom Scan","Parent Relationship":"Member","Custom Plan Provider":"columnar scan","Parallel Aware":false,"Async Capable":false,"Relation Name":"supplier","Schema":"public","Alias":"supplier","Startup Cost":20.0,"Total Cost":295.0,"Plan Rows":10000,"Plan Width":131,"Actual Startup Time":0.004,"Actual Total Time":0.005,"Actual Rows":10000,"Actual Loops":1,"Output":["supplier.su_suppkey","supplier.su_name","supplier.su_address","supplier.su_phone","supplier.su_comment","supplier.su_nationkey"],"Rows Removed by Columnar Filter":0,"Columnar cache search mode":"native","Shared Hit Blocks":0,"Shared Read Blocks":0,"Shared Dirtied Blocks":0,"Shared Written Blocks":0,"Local Hit Blocks":0,"Local Read Blocks":0,"Local Dirtied Blocks":0,"Local Written Blocks":0,"Temp Read Blocks":0,"Temp Written Blocks":0,"I/O Read Time":0.0,"I/O Write Time":0.0,"Temp I/O Read Time":0.0,"Temp I/O Write Time":0.0},{"Node Type":"Seq Scan","Parent Relationship":"Member","Parallel Aware":false,"Async Capable":false,"Relation Name":"supplier","Schema":"public","Alias":"supplier","Startup Cost":0.0,"Total Cost":4.01,"Plan Rows":1,"Plan Width":131,"Actual Startup Time":0.0,"Actual Total Time":0.0,"Actual Rows":0,"Actual Loops":0,"Output":["supplier.su_suppkey","supplier.su_name","supplier.su_address","supplier.su_phone","supplier.su_comment","supplier.su_nationkey"],"Shared Hit Blocks":0,"Shared Read Blocks":0,"Shared Dirtied Blocks":0,"Shared Written Blocks":0,"Local Hit Blocks":0,"Local Read Blocks":0,"Local Dirtied Blocks":0,"Local Written Blocks":0,"Temp Read Blocks":0,"Temp Written Blocks":0,"I/O Read Time":0.0,"I/O Write Time":0.0,"Temp I/O Read Time":0.0,"Temp I/O Write Time":0.0}]},{"Node Type":"Hash","Parent Relationship":"Inner","Parallel Aware":false,"Async Capable":false,"Startup Cost":25.34,"Total Cost":25.34,"Plan Rows":63,"Plan Width":16,"Actual Rows":62,"Actual Loops":1,"Output":["nation.n_name","nation.n_nationkey","nation.n_regionkey"],"Shared Hit Blocks":0,"Shared Read Blocks":0,"Shared Dirtied Blocks":0,"Shared Written Blocks":0,"Local Hit Blocks":0,"Local Read Blocks":0,"Local Dirtied Blocks":0,"Local Written Blocks":0,"Temp Read Blocks":0,"Temp Written Blocks":0,"I/O Read Time":0.0,"I/O Write Time":0.0,"Temp I/O Read Time":0.0,"Temp I/O Write Time":0.0,"Plans":[{"Node Type":"Append","Parent Relationship":"Outer","Parallel Aware":false,"Async Capable":false,"Startup Cost":20.0,"Total Cost":25.34,"Plan Rows":63,"Plan Width":16,"Actual Startup Time":0.014,"Actual Total Time":0.016,"Actual Rows":62,"Actual Loops":1,"Shared Hit Blocks":0,"Shared Read Blocks":0,"Shared Dirtied Blocks":0,"Shared Written Blocks":0,"Local Hit Blocks":0,"Local Read Blocks":0,"Local Dirtied Blocks":0,"Local Written Blocks":0,"Temp Read Blocks":0,"Temp Written Blocks":0,"I/O Read Time":0.0,"I/O Write Time":0.0,"Temp I/O Read Time":0.0,"Temp I/O Write Time":0.0,"Subplans Removed":0,"Plans":[{"Node Type":"Custom Scan","Parent Relationship":"Member","Custom Plan Provider":"columnar scan","Parallel Aware":false,"Async Capable":false,"Relation Name":"nation","Schema":"public","Alias":"nation","Startup Cost":20.0,"Total Cost":21.33,"Plan Rows":62,"Plan Width":16,"Actual Startup Time":0.012,"Actual Total Time":0.012,"Actual Rows":62,"Actual Loops":1,"Output":["nation.n_name","nation.n_nationkey","nation.n_regionkey"],"Rows Removed by Columnar Filter":0,"Columnar cache search mode":"native","Shared Hit Blocks":0,"Shared Read Blocks":0,"Shared Dirtied Blocks":0,"Shared Written Blocks":0,"Local Hit Blocks":0,"Local Read Blocks":0,"Local Dirtied Blocks":0,"Local Written Blocks":0,"Temp Read Blocks":0,"Temp Written Blocks":0,"I/O Read Time":0.0,"I/O Write Time":0.0,"Temp I/O Read Time":0.0,"Temp I/O Write Time":0.0},{"Node Type":"Seq Scan","Parent Relationship":"Member","Parallel Aware":false,"Async Capable":false,"Relation Name":"nation","Schema":"public","Alias":"nation","Startup Cost":0.0,"Total Cost":4.01,"Plan Rows":1,"Plan Width":16,"Actual Startup Time":0.0,"Actual Total Time":0.0,"Actual Rows":0,"Actual Loops":0,"Output":["nation.n_name","nation.n_nationkey","nation.n_regionkey"],"Shared Hit Blocks":0,"Shared Read Blocks":0,"Shared Dirtied Blocks":0,"Shared Written Blocks":0,"Local Hit Blocks":0,"Local Read Blocks":0,"Local Dirtied Blocks":0,"Local Written Blocks":0,"Temp Read Blocks":0,"Temp Written Blocks":0,"I/O Read Time":0.0,"I/O Write Time":0.0,"Temp I/O Read Time":0.0,"Temp I/O Write Time":0.0}]}]}]},{"Node Type":"Hash","Parent Relationship":"Inner","Parallel Aware":false,"Async Capable":false,"Startup Cost":1.06,"Total Cost":1.06,"Plan Rows":1,"Plan Width":4,"Actual Startup Time":0.015,"Actual Total Time":0.017,"Actual Rows":1,"Actual Loops":1,"Output":["region.r_regionkey"],"Hash Buckets":1024,"Original Hash Buckets":1024,"Hash Batches":1,"Original Hash Batches":1,"Peak Memory Usage":9,"Shared Hit Blocks":1,"Shared Read Blocks":0,"Shared Dirtied Blocks":0,"Shared Written Blocks":0,"Local Hit Blocks":0,"Local Read Blocks":0,"Local Dirtied Blocks":0,"Local Written Blocks":0,"Temp Read Blocks":0,"Temp Written Blocks":0,"I/O Read Time":0.0,"I/O Write Time":0.0,"Temp I/O Read Time":0.0,"Temp I/O Write Time":0.0,"Plans":[{"Node Type":"Seq Scan","Parent Relationship":"Outer","Parallel Aware":false,"Async Capable":false,"Relation Name":"region","Schema":"public","Alias":"region","Startup Cost":0.0,"Total Cost":1.06,"Plan Rows":1,"Plan Width":4,"Actual Startup Time":0.011,"Actual Total Time":0.012,"Actual Rows":1,"Actual Loops":1,"Output":["region.r_regionkey"],"Filter":"((region.r_name)::text ~~ 'Europ%'::text)","Rows Removed by Filter":4,"Shared Hit Blocks":1,"Shared Read Blocks":0,"Shared Dirtied Blocks":0,"Shared Written Blocks":0,"Local Hit Blocks":0,"Local Read Blocks":0,"Local Dirtied Blocks":0,"Local Written Blocks":0,"Temp Read Blocks":0,"Temp Written Blocks":0,"I/O Read Time":0.0,"I/O Write Time":0.0,"Temp I/O Read Time":0.0,"Temp I/O Write Time":0.0}]}]}]}]}]},"Planning":{"Shared Hit Blocks":36,"Shared Read Blocks":0,"Shared Dirtied Blocks":0,"Shared Written Blocks":0,"Local Hit Blocks":0,"Local Read Blocks":0,"Local Dirtied Blocks":0,"Local Written Blocks":0,"Temp Read Blocks":0,"Temp Written Blocks":0,"I/O Read Time":0.0,"I/O Write Time":0.0,"Temp I/O Read Time":0.0,"Temp I/O Write Time":0.0},"Planning Time":1.701,"Triggers":[],"Execution Time":4604.434}]
[列存组合]: item, region, stock, supplier
[{"Plan":{"Node Type":"Sort","Parallel Aware":false,"Async Capable":false,"Startup Cost":455090.02,"Total Cost":455090.51,"Plan Rows":198,"Plan Width":164,"Actual Startup Time":4521.597,"Actual Total Time":4521.702,"Actual Rows":1900,"Actual Loops":1,"Output":["supplier.su_suppkey","supplier.su_name","nation.n_name","item.i_id","item.i_name","supplier.su_address","supplier.su_phone","supplier.su_comment"],"Sort Key":["nation.n_name","supplier.su_name","item.i_id"],"Sort Method":"quicksort","Sort Space Used":439,"Sort Space Type":"Memory","Shared Hit Blocks":9112,"Shared Read Blocks":0,"Shared Dirtied Blocks":0,"Shared Written Blocks":0,"Local Hit Blocks":0,"Local Read Blocks":0,"Local Dirtied Blocks":0,"Local Written Blocks":0,"Temp Read Blocks":4157,"Temp Written Blocks":7564,"I/O Read Time":0.0,"I/O Write Time":0.0,"Temp I/O Read Time":6.374,"Temp I/O Write Time":24.558,"Plans":[{"Node Type":"Hash Join","Parent Relationship":"Outer","Parallel Aware":false,"Async Capable":false,"Join Type":"Inner","Startup Cost":429444.13,"Total Cost":455082.46,"Plan Rows":198,"Plan Width":164,"Actual Startup Time":4417.098,"Actual Total Time":4518.222,"Actual Rows":1900,"Actual Loops":1,"Output":["supplier.su_suppkey","supplier.su_name","nation.n_name","item.i_id","item.i_name","supplier.su_address","supplier.su_phone","supplier.su_comment"],"Hash Cond":"(supplier.su_nationkey = nation.n_nationkey)","Shared Hit Blocks":9112,"Shared Read Blocks":0,"Shared Dirtied Blocks":0,"Shared Written Blocks":0,"Local Hit Blocks":0,"Local Read Blocks":0,"Local Dirtied Blocks":0,"Local Written Blocks":0,"Temp Read Blocks":4157,"Temp Written Blocks":7564,"I/O Read Time":0.0,"I/O Write Time":0.0,"Temp I/O Read Time":6.374,"Temp I/O Write Time":24.558,"Plans":[{"Node Type":"Nested Loop","Parent Relationship":"Outer","Parallel Aware":false,"Async Capable":false,"Join Type":"Inner","Startup Cost":429440.99,"Total Cost":455073.69,"Plan Rows":991,"Plan Width":160,"Actual Startup Time":4417.033,"Actual Total Time":4517.562,"Actual Rows":3036,"Actual Loops":1,"Output":["item.i_id","item.i_name","supplier.su_suppkey","supplier.su_name","supplier.su_address","supplier.su_phone","supplier.su_comment","supplier.su_nationkey"],"Shared Hit Blocks":9110,"Shared Read Blocks":0,"Shared Dirtied Blocks":0,"Shared Written Blocks":0,"Local Hit Blocks":0,"Local Read Blocks":0,"Local Dirtied Blocks":0,"Local Written Blocks":0,"Temp Read Blocks":4157,"Temp Written Blocks":7564,"I/O Read Time":0.0,"I/O Write Time":0.0,"Temp I/O Read Time":6.374,"Temp I/O Write Time":24.558,"Plans":[{"Node Type":"Hash Join","Parent Relationship":"Outer","Parallel Aware":false,"Async Capable":false,"Join Type":"Inner","Startup Cost":429440.7,"Total Cost":454768.86,"Plan Rows":991,"Plan Width":35,"Actual Startup Time":4416.985,"Actual Total Time":4511.596,"Actual Rows":3036,"Actual Loops":1,"Output":["item.i_id","item.i_name","stock.s_i_id","stock.s_w_id"],"Hash Cond":"((item.i_id = stock_1.s_i_id) AND (stock.s_quantity = (min(stock_1.s_quantity))))","Shared Hit Blocks":2,"Shared Read Blocks":0,"Shared Dirtied Blocks":0,"Shared Written Blocks":0,"Local Hit Blocks":0,"Local Read Blocks":0,"Local Dirtied Blocks":0,"Local Written Blocks":0,"Temp Read Blocks":4157,"Temp Written Blocks":7564,"I/O Read Time":0.0,"I/O Write Time":0.0,"Temp I/O Read Time":6.374,"Temp I/O Write Time":24.558,"Plans":[{"Node Type":"Hash Join","Parent Relationship":"Outer","Parallel Aware":false,"Async Capable":false,"Join Type":"Inner","Startup Cost":48.95,"Total Cost":24316.6,"Plan Rows":202003,"Plan Width":37,"Actual Startup Time":54.36,"Actual Total Time":127.633,"Actual Rows":157200,"Actual Loops":1,"Output":["item.i_id","item.i_name","stock.s_i_id","stock.s_w_id","stock.s_quantity"],"Hash Cond":"(stock.s_i_id = item.i_id)","Rows Removed by Bloom Filter":21350409,"Shared Hit Blocks":0,"Shared Read Blocks":0,"Shared Dirtied Blocks":0,"Shared Written Blocks":0,"Local Hit Blocks":0,"Local Read Blocks":0,"Local Dirtied Blocks":0,"Local Written Blocks":0,"Temp Read Blocks":0,"Temp Written Blocks":0,"I/O Read Time":0.0,"I/O Write Time":0.0,"Temp I/O Read Time":0.0,"Temp I/O Write Time":0.0,"Plans":[{"Node Type":"Append","Parent Relationship":"Outer","Parallel Aware":false,"Async Capable":false,"Startup Cost":20.0,"Total Cost":215025.67,"Plan Rows":10000162,"Plan Width":8,"Actual Startup Time":0.153,"Actual Total Time":0.159,"Actual Rows":10000000,"Actual Loops":1,"Shared Hit Blocks":0,"Shared Read Blocks":0,"Shared Dirtied Blocks":0,"Shared Written Blocks":0,"Local Hit Blocks":0,"Local Read Blocks":0,"Local Dirtied Blocks":0,"Local Written Blocks":0,"Temp Read Blocks":0,"Temp Written Blocks":0,"I/O Read Time":0.0,"I/O Write Time":0.0,"Temp I/O Read Time":0.0,"Temp I/O Write Time":0.0,"Subplans Removed":0,"Plans":[{"Node Type":"Custom Scan","Parent Relationship":"Member","Custom Plan Provider":"columnar scan","Parallel Aware":false,"Async Capable":false,"Relation Name":"stock","Schema":"public","Alias":"stock","Startup Cost":20.0,"Total Cost":215020.05,"Plan Rows":10000000,"Plan Width":8,"Actual Startup Time":0.153,"Actual Total Time":0.155,"Actual Rows":10000000,"Actual Loops":1,"Output":["stock.s_i_id","stock.s_w_id","stock.s_quantity"],"Rows Removed by Columnar Filter":0,"Columnar cache search mode":"native","Shared Hit Blocks":0,"Shared Read Blocks":0,"Shared Dirtied Blocks":0,"Shared Written Blocks":0,"Local Hit Blocks":0,"Local Read Blocks":0,"Local Dirtied Blocks":0,"Local Written Blocks":0,"Temp Read Blocks":0,"Temp Written Blocks":0,"I/O Read Time":0.0,"I/O Write Time":0.0,"Temp I/O Read Time":0.0,"Temp I/O Write Time":0.0},{"Node Type":"Seq Scan","Parent Relationship":"Member","Parallel Aware":false,"Async Capable":false,"Relation Name":"stock","Schema":"public","Alias":"stock","Startup Cost":0.0,"Total Cost":5.62,"Plan Rows":162,"Plan Width":8,"Actual Startup Time":0.0,"Actual Total Time":0.0,"Actual Rows":0,"Actual Loops":0,"Output":["stock.s_i_id","stock.s_w_id","stock.s_quantity"],"Shared Hit Blocks":0,"Shared Read Blocks":0,"Shared Dirtied Blocks":0,"Shared Written Blocks":0,"Local Hit Blocks":0,"Local Read Blocks":0,"Local Dirtied Blocks":0,"Local Written Blocks":0,"Temp Read Blocks":0,"Temp Written Blocks":0,"I/O Read Time":0.0,"I/O Write Time":0.0,"Temp I/O Read Time":0.0,"Temp I/O Write Time":0.0}]},{"Node Type":"Hash","Parent Relationship":"Inner","Parallel Aware":false,"Async Capable":false,"Startup Cost":63.41,"Total Cost":63.41,"Plan Rows":2021,"Plan Width":29,"Actual Rows":1572,"Actual Loops":1,"Output":["item.i_id","item.i_name"],"Shared Hit Blocks":0,"Shared Read Blocks":0,"Shared Dirtied Blocks":0,"Shared Written Blocks":0,"Local Hit Blocks":0,"Local Read Blocks":0,"Local Dirtied Blocks":0,"Local Written Blocks":0,"Temp Read Blocks":0,"Temp Written Blocks":0,"I/O Read Time":0.0,"I/O Write Time":0.0,"Temp I/O Read Time":0.0,"Temp I/O Write Time":0.0,"Plans":[{"Node Type":"Append","Parent Relationship":"Outer","Parallel Aware":false,"Async Capable":false,"Startup Cost":20.0,"Total Cost":63.41,"Plan Rows":2021,"Plan Width":29,"Actual Startup Time":7.288,"Actual Total Time":7.292,"Actual Rows":1572,"Actual Loops":1,"Shared Hit Blocks":0,"Shared Read Blocks":0,"Shared Dirtied Blocks":0,"Shared Written Blocks":0,"Local Hit Blocks":0,"Local Read Blocks":0,"Local Dirtied Blocks":0,"Local Written Blocks":0,"Temp Read Blocks":0,"Temp Written Blocks":0,"I/O Read Time":0.0,"I/O Write Time":0.0,"Temp I/O Read Time":0.0,"Temp I/O Write Time":0.0,"Subplans Removed":0,"Plans":[{"Node Type":"Custom Scan","Parent Relationship":"Member","Custom Plan Provider":"columnar scan","Parallel Aware":false,"Async Capable":false,"Relation Name":"item","Schema":"public","Alias":"item","Startup Cost":20.0,"Total Cost":59.4,"Plan Rows":2020,"Plan Width":29,"Actual Startup Time":7.286,"Actual Total Time":7.286,"Actual Rows":1572,"Actual Loops":1,"Output":["item.i_id","item.i_name"],"Filter":"((item.i_data)::text ~~ '%b'::text)","Rows Removed by Filter":0,"Rows Removed by Columnar Filter":98428,"Columnar cache search mode":"native","Shared Hit Blocks":0,"Shared Read Blocks":0,"Shared Dirtied Blocks":0,"Shared Written Blocks":0,"Local Hit Blocks":0,"Local Read Blocks":0,"Local Dirtied Blocks":0,"Local Written Blocks":0,"Temp Read Blocks":0,"Temp Written Blocks":0,"I/O Read Time":0.0,"I/O Write Time":0.0,"Temp I/O Read Time":0.0,"Temp I/O Write Time":0.0},{"Node Type":"Seq Scan","Parent Relationship":"Member","Parallel Aware":false,"Async Capable":false,"Relation Name":"item","Schema":"public","Alias":"item","Startup Cost":0.0,"Total Cost":4.01,"Plan Rows":1,"Plan Width":29,"Actual Startup Time":0.0,"Actual Total Time":0.0,"Actual Rows":0,"Actual Loops":0,"Output":["item.i_id","item.i_name"],"Filter":"((item.i_data)::text ~~ '%b'::text)","Rows Removed by Filter":0,"Shared Hit Blocks":0,"Shared Read Blocks":0,"Shared Dirtied Blocks":0,"Shared Written Blocks":0,"Local Hit Blocks":0,"Local Read Blocks":0,"Local Dirtied Blocks":0,"Local Written Blocks":0,"Temp Read Blocks":0,"Temp Written Blocks":0,"I/O Read Time":0.0,"I/O Write Time":0.0,"Temp I/O Read Time":0.0,"Temp I/O Write Time":0.0}]}]}]},{"Node Type":"Hash","Parent Relationship":"Inner","Parallel Aware":false,"Async Capable":false,"Startup Cost":427920.17,"Total Cost":427920.17,"Plan Rows":98105,"Plan Width":6,"Actual Startup Time":4362.144,"Actual Total Time":4362.158,"Actual Rows":100000,"Actual Loops":1,"Output":["stock_1.s_i_id","(min(stock_1.s_quantity))"],"Hash Buckets":131072,"Original Hash Buckets":131072,"Hash Batches":1,"Original Hash Batches":1,"Peak Memory Usage":4735,"Shared Hit Blocks":2,"Shared Read Blocks":0,"Shared Dirtied Blocks":0,"Shared Written Blocks":0,"Local Hit Blocks":0,"Local Read Blocks":0,"Local Dirtied Blocks":0,"Local Written Blocks":0,"Temp Read Blocks":4157,"Temp Written Blocks":7564,"I/O Read Time":0.0,"I/O Write Time":0.0,"Temp I/O Read Time":6.374,"Temp I/O Write Time":24.558,"Plans":[{"Node Type":"Aggregate","Strategy":"Hashed","Partial Mode":"Simple","Parent Relationship":"Outer","Parallel Aware":false,"Async Capable":false,"Startup Cost":410332.82,"Total Cost":426939.12,"Plan Rows":98105,"Plan Width":6,"Actual Startup Time":4173.776,"Actual Total Time":4345.865,"Actual Rows":100000,"Actual Loops":1,"Output":["stock_1.s_i_id","min(stock_1.s_quantity)"],"Group Key":["stock_1.s_i_id"],"Planned Partitions":0,"HashAgg Batches":5,"Peak Memory Usage":8241,"Disk Usage":35680,"Shared Hit Blocks":2,"Shared Read Blocks":0,"Shared Dirtied Blocks":0,"Shared Written Blocks":0,"Local Hit Blocks":0,"Local Read Blocks":0,"Local Dirtied Blocks":0,"Local Written Blocks":0,"Temp Read Blocks":4157,"Temp Written Blocks":7564,"I/O Read Time":0.0,"I/O Write Time":0.0,"Temp I/O Read Time":6.374,"Temp I/O Write Time":24.558,"Plans":[{"Node Type":"Hash Join","Parent Relationship":"Outer","Parallel Aware":false,"Async Capable":false,"Join Type":"Inner","Startup Cost":324.02,"Total Cost":297831.02,"Plan Rows":2000032,"Plan Width":6,"Actual Startup Time":2.286,"Actual Total Time":3530.427,"Actual Rows":3474600,"Actual Loops":1,"Output":["stock_1.s_i_id","stock_1.s_quantity"],"Hash Cond":"(mod((stock_1.s_w_id * stock_1.s_i_id), 10000) = supplier_1.su_suppkey)","Shared Hit Blocks":2,"Shared Read Blocks":0,"Shared Dirtied Blocks":0,"Shared Written Blocks":0,"Local Hit Blocks":0,"Local Read Blocks":0,"Local Dirtied Blocks":0,"Local Written Blocks":0,"Temp Read Blocks":0,"Temp Written Blocks":0,"I/O Read Time":0.0,"I/O Write Time":0.0,"Temp I/O Read Time":0.0,"Temp I/O Write Time":0.0,"Plans":[{"Node Type":"Append","Parent Relationship":"Outer","Parallel Aware":false,"Async Capable":false,"Startup Cost":20.0,"Total Cost":215025.67,"Plan Rows":10000162,"Plan Width":8,"Actual Startup Time":0.02,"Actual Total Time":2080.126,"Actual Rows":10000000,"Actual Loops":1,"Shared Hit Blocks":0,"Shared Read Blocks":0,"Shared Dirtied Blocks":0,"Shared Written Blocks":0,"Local Hit Blocks":0,"Local Read Blocks":0,"Local Dirtied Blocks":0,"Local Written Blocks":0,"Temp Read Blocks":0,"Temp Written Blocks":0,"I/O Read Time":0.0,"I/O Write Time":0.0,"Temp I/O Read Time":0.0,"Temp I/O Write Time":0.0,"Subplans Removed":0,"Plans":[{"Node Type":"Custom Scan","Parent Relationship":"Member","Custom Plan Provider":"columnar scan","Parallel Aware":false,"Async Capable":false,"Relation Name":"stock","Schema":"public","Alias":"stock_1","Startup Cost":20.0,"Total Cost":215020.05,"Plan Rows":10000000,"Plan Width":8,"Actual Startup Time":0.019,"Actual Total Time":1381.124,"Actual Rows":10000000,"Actual Loops":1,"Output":["stock_1.s_i_id","stock_1.s_quantity","stock_1.s_w_id"],"Rows Removed by Columnar Filter":0,"Columnar cache search mode":"native","Shared Hit Blocks":0,"Shared Read Blocks":0,"Shared Dirtied Blocks":0,"Shared Written Blocks":0,"Local Hit Blocks":0,"Local Read Blocks":0,"Local Dirtied Blocks":0,"Local Written Blocks":0,"Temp Read Blocks":0,"Temp Written Blocks":0,"I/O Read Time":0.0,"I/O Write Time":0.0,"Temp I/O Read Time":0.0,"Temp I/O Write Time":0.0},{"Node Type":"Seq Scan","Parent Relationship":"Member","Parallel Aware":false,"Async Capable":false,"Relation Name":"stock","Schema":"public","Alias":"stock_1","Startup Cost":0.0,"Total Cost":5.62,"Plan Rows":162,"Plan Width":8,"Actual Startup Time":0.0,"Actual Total Time":0.0,"Actual Rows":0,"Actual Loops":0,"Output":["stock_1.s_i_id","stock_1.s_quantity","stock_1.s_w_id"],"Shared Hit Blocks":0,"Shared Read Blocks":0,"Shared Dirtied Blocks":0,"Shared Written Blocks":0,"Local Hit Blocks":0,"Local Read Blocks":0,"Local Dirtied Blocks":0,"Local Written Blocks":0,"Temp Read Blocks":0,"Temp Written Blocks":0,"I/O Read Time":0.0,"I/O Write Time":0.0,"Temp I/O Read Time":0.0,"Temp I/O Write Time":0.0}]},{"Node Type":"Hash","Parent Relationship":"Inner","Parallel Aware":false,"Async Capable":false,"Startup Cost":279.02,"Total Cost":279.02,"Plan Rows":2000,"Plan Width":4,"Actual Startup Time":2.256,"Actual Total Time":2.269,"Actual Rows":3506,"Actual Loops":1,"Output":["supplier_1.su_suppkey"],"Hash Buckets":4096,"Original Hash Buckets":2048,"Hash Batches":1,"Original Hash Batches":1,"Peak Memory Usage":156,"Shared Hit Blocks":2,"Shared Read Blocks":0,"Shared Dirtied Blocks":0,"Shared Written Blocks":0,"Local Hit Blocks":0,"Local Read Blocks":0,"Local Dirtied Blocks":0,"Local Written Blocks":0,"Temp Read Blocks":0,"Temp Written Blocks":0,"I/O Read Time":0.0,"I/O Write Time":0.0,"Temp I/O Read Time":0.0,"Temp I/O Write Time":0.0,"Plans":[{"Node Type":"Hash Join","Parent Relationship":"Outer","Parallel Aware":false,"Async Capable":false,"Join Type":"Inner","Startup Cost":23.14,"Total Cost":279.02,"Plan Rows":2000,"Plan Width":4,"Actual Startup Time":0.517,"Actual Total Time":1.836,"Actual Rows":3506,"Actual Loops":1,"Output":["supplier_1.su_suppkey"],"Hash Cond":"(supplier_1.su_nationkey = nation_1.n_nationkey)","Shared Hit Blocks":2,"Shared Read Blocks":0,"Shared Dirtied Blocks":0,"Shared Written Blocks":0,"Local Hit Blocks":0,"Local Read Blocks":0,"Local Dirtied Blocks":0,"Local Written Blocks":0,"Temp Read Blocks":0,"Temp Written Blocks":0,"I/O Read Time":0.0,"I/O Write Time":0.0,"Temp I/O Read Time":0.0,"Temp I/O Write Time":0.0,"Plans":[{"Node Type":"Append","Parent Relationship":"Outer","Parallel Aware":false,"Async Capable":false,"Startup Cost":20.0,"Total Cost":219.01,"Plan Rows":10001,"Plan Width":8,"Actual Startup Time":0.091,"Actual Total Time":0.809,"Actual Rows":3506,"Actual Loops":1,"Shared Hit Blocks":0,"Shared Read Blocks":0,"Shared Dirtied Blocks":0,"Shared Written Blocks":0,"Local Hit Blocks":0,"Local Read Blocks":0,"Local Dirtied Blocks":0,"Local Written Blocks":0,"Temp Read Blocks":0,"Temp Written Blocks":0,"I/O Read Time":0.0,"I/O Write Time":0.0,"Temp I/O Read Time":0.0,"Temp I/O Write Time":0.0,"Subplans Removed":0,"Plans":[{"Node Type":"Custom Scan","Parent Relationship":"Member","Custom Plan Provider":"columnar scan","Parallel Aware":false,"Async Capable":false,"Relation Name":"supplier","Schema":"public","Alias":"supplier_1","Startup Cost":20.0,"Total Cost":215.0,"Plan Rows":10000,"Plan Width":8,"Actual Startup Time":0.091,"Actual Total Time":0.567,"Actual Rows":3506,"Actual Loops":1,"Output":["supplier_1.su_suppkey","supplier_1.su_nationkey"],"Rows Removed by Columnar Filter":6494,"Rows Filtered by Bloom Filter":0,"Dictionary Rows Filtered by Bloom Filter":6494,"Columnar cache search mode":"native","Shared Hit Blocks":0,"Shared Read Blocks":0,"Shared Dirtied Blocks":0,"Shared Written Blocks":0,"Local Hit Blocks":0,"Local Read Blocks":0,"Local Dirtied Blocks":0,"Local Written Blocks":0,"Temp Read Blocks":0,"Temp Written Blocks":0,"I/O Read Time":0.0,"I/O Write Time":0.0,"Temp I/O Read Time":0.0,"Temp I/O Write Time":0.0},{"Node Type":"Seq Scan","Parent Relationship":"Member","Parallel Aware":false,"Async Capable":false,"Relation Name":"supplier","Schema":"public","Alias":"supplier_1","Startup Cost":0.0,"Total Cost":4.01,"Plan Rows":1,"Plan Width":8,"Actual Startup Time":0.0,"Actual Total Time":0.0,"Actual Rows":0,"Actual Loops":0,"Output":["supplier_1.su_suppkey","supplier_1.su_nationkey"],"Shared Hit Blocks":0,"Shared Read Blocks":0,"Shared Dirtied Blocks":0,"Shared Written Blocks":0,"Local Hit Blocks":0,"Local Read Blocks":0,"Local Dirtied Blocks":0,"Local Written Blocks":0,"Temp Read Blocks":0,"Temp Written Blocks":0,"I/O Read Time":0.0,"I/O Write Time":0.0,"Temp I/O Read Time":0.0,"Temp I/O Write Time":0.0}]},{"Node Type":"Hash","Parent Relationship":"Inner","Parallel Aware":false,"Async Capable":false,"Startup Cost":2.99,"Total Cost":2.99,"Plan Rows":12,"Plan Width":4,"Actual Startup Time":0.05,"Actual Total Time":0.055,"Actual Rows":22,"Actual Loops":1,"Output":["nation_1.n_nationkey"],"Hash Buckets":1024,"Original Hash Buckets":1024,"Hash Batches":1,"Original Hash Batches":1,"Peak Memory Usage":9,"Shared Hit Blocks":2,"Shared Read Blocks":0,"Shared Dirtied Blocks":0,"Shared Written Blocks":0,"Local Hit Blocks":0,"Local Read Blocks":0,"Local Dirtied Blocks":0,"Local Written Blocks":0,"Temp Read Blocks":0,"Temp Written Blocks":0,"I/O Read Time":0.0,"I/O Write Time":0.0,"Temp I/O Read Time":0.0,"Temp I/O Write Time":0.0,"Plans":[{"Node Type":"Hash Join","Parent Relationship":"Outer","Parallel Aware":false,"Async Capable":false,"Join Type":"Inner","Startup Cost":1.07,"Total Cost":2.99,"Plan Rows":12,"Plan Width":4,"Actual Startup Time":0.028,"Actual Total Time":0.043,"Actual Rows":22,"Actual Loops":1,"Output":["nation_1.n_nationkey"],"Hash Cond":"(nation_1.n_regionkey = region_1.r_regionkey)","Shared Hit Blocks":2,"Shared Read Blocks":0,"Shared Dirtied Blocks":0,"Shared Written Blocks":0,"Local Hit Blocks":0,"Local Read Blocks":0,"Local Dirtied Blocks":0,"Local Written Blocks":0,"Temp Read Blocks":0,"Temp Written Blocks":0,"I/O Read Time":0.0,"I/O Write Time":0.0,"Temp I/O Read Time":0.0,"Temp I/O Write Time":0.0,"Plans":[{"Node Type":"Seq Scan","Parent Relationship":"Outer","Parallel Aware":false,"Async Capable":false,"Relation Name":"nation","Schema":"public","Alias":"nation_1","Startup Cost":0.0,"Total Cost":1.62,"Plan Rows":62,"Plan Width":8,"Actual Startup Time":0.006,"Actual Total Time":0.01,"Actual Rows":62,"Actual Loops":1,"Output":["nation_1.n_nationkey","nation_1.n_name","nation_1.n_regionkey","nation_1.n_comment"],"Shared Hit Blocks":1,"Shared Read Blocks":0,"Shared Dirtied Blocks":0,"Shared Written Blocks":0,"Local Hit Blocks":0,"Local Read Blocks":0,"Local Dirtied Blocks":0,"Local Written Blocks":0,"Temp Read Blocks":0,"Temp Written Blocks":0,"I/O Read Time":0.0,"I/O Write Time":0.0,"Temp I/O Read Time":0.0,"Temp I/O Write Time":0.0},{"Node Type":"Hash","Parent Relationship":"Inner","Parallel Aware":false,"Async Capable":false,"Startup Cost":1.06,"Total Cost":1.06,"Plan Rows":1,"Plan Width":4,"Actual Startup Time":0.009,"Actual Total Time":0.011,"Actual Rows":1,"Actual Loops":1,"Output":["region_1.r_regionkey"],"Hash Buckets":1024,"Original Hash Buckets":1024,"Hash Batches":1,"Original Hash Batches":1,"Peak Memory Usage":9,"Shared Hit Blocks":1,"Shared Read Blocks":0,"Shared Dirtied Blocks":0,"Shared Written Blocks":0,"Local Hit Blocks":0,"Local Read Blocks":0,"Local Dirtied Blocks":0,"Local Written Blocks":0,"Temp Read Blocks":0,"Temp Written Blocks":0,"I/O Read Time":0.0,"I/O Write Time":0.0,"Temp I/O Read Time":0.0,"Temp I/O Write Time":0.0,"Plans":[{"Node Type":"Seq Scan","Parent Relationship":"Outer","Parallel Aware":false,"Async Capable":false,"Relation Name":"region","Schema":"public","Alias":"region_1","Startup Cost":0.0,"Total Cost":1.06,"Plan Rows":1,"Plan Width":4,"Actual Startup Time":0.006,"Actual Total Time":0.007,"Actual Rows":1,"Actual Loops":1,"Output":["region_1.r_regionkey"],"Filter":"((region_1.r_name)::text ~~ 'Europ%'::text)","Rows Removed by Filter":4,"Shared Hit Blocks":1,"Shared Read Blocks":0,"Shared Dirtied Blocks":0,"Shared Written Blocks":0,"Local Hit Blocks":0,"Local Read Blocks":0,"Local Dirtied Blocks":0,"Local Written Blocks":0,"Temp Read Blocks":0,"Temp Written Blocks":0,"I/O Read Time":0.0,"I/O Write Time":0.0,"Temp I/O Read Time":0.0,"Temp I/O Write Time":0.0}]}]}]}]}]}]}]}]}]},{"Node Type":"Index Scan","Parent Relationship":"Inner","Parallel Aware":false,"Async Capable":false,"Scan Direction":"Forward","Index Name":"supplier_pk","Relation Name":"supplier","Schema":"public","Alias":"supplier","Startup Cost":0.29,"Total Cost":0.31,"Plan Rows":1,"Plan Width":131,"Actual Startup Time":0.002,"Actual Total Time":0.002,"Actual Rows":1,"Actual Loops":3036,"Output":["supplier.su_suppkey","supplier.su_name","supplier.su_address","supplier.su_nationkey","supplier.su_phone","supplier.su_acctbal","supplier.su_comment"],"Index Cond":"(supplier.su_suppkey = mod((stock.s_w_id * stock.s_i_id), 10000))","Rows Removed by Index Recheck":0,"Shared Hit Blocks":9108,"Shared Read Blocks":0,"Shared Dirtied Blocks":0,"Shared Written Blocks":0,"Local Hit Blocks":0,"Local Read Blocks":0,"Local Dirtied Blocks":0,"Local Written Blocks":0,"Temp Read Blocks":0,"Temp Written Blocks":0,"I/O Read Time":0.0,"I/O Write Time":0.0,"Temp I/O Read Time":0.0,"Temp I/O Write Time":0.0}]},{"Node Type":"Hash","Parent Relationship":"Inner","Parallel Aware":false,"Async Capable":false,"Startup Cost":2.99,"Total Cost":2.99,"Plan Rows":12,"Plan Width":12,"Actual Startup Time":0.046,"Actual Total Time":0.049,"Actual Rows":22,"Actual Loops":1,"Output":["nation.n_name","nation.n_nationkey"],"Hash Buckets":1024,"Original Hash Buckets":1024,"Hash Batches":1,"Original Hash Batches":1,"Peak Memory Usage":9,"Shared Hit Blocks":2,"Shared Read Blocks":0,"Shared Dirtied Blocks":0,"Shared Written Blocks":0,"Local Hit Blocks":0,"Local Read Blocks":0,"Local Dirtied Blocks":0,"Local Written Blocks":0,"Temp Read Blocks":0,"Temp Written Blocks":0,"I/O Read Time":0.0,"I/O Write Time":0.0,"Temp I/O Read Time":0.0,"Temp I/O Write Time":0.0,"Plans":[{"Node Type":"Hash Join","Parent Relationship":"Outer","Parallel Aware":false,"Async Capable":false,"Join Type":"Inner","Startup Cost":1.07,"Total Cost":2.99,"Plan Rows":12,"Plan Width":12,"Actual Startup Time":0.029,"Actual Total Time":0.044,"Actual Rows":22,"Actual Loops":1,"Output":["nation.n_name","nation.n_nationkey"],"Hash Cond":"(nation.n_regionkey = region.r_regionkey)","Shared Hit Blocks":2,"Shared Read Blocks":0,"Shared Dirtied Blocks":0,"Shared Written Blocks":0,"Local Hit Blocks":0,"Local Read Blocks":0,"Local Dirtied Blocks":0,"Local Written Blocks":0,"Temp Read Blocks":0,"Temp Written Blocks":0,"I/O Read Time":0.0,"I/O Write Time":0.0,"Temp I/O Read Time":0.0,"Temp I/O Write Time":0.0,"Plans":[{"Node Type":"Seq Scan","Parent Relationship":"Outer","Parallel Aware":false,"Async Capable":false,"Relation Name":"nation","Schema":"public","Alias":"nation","Startup Cost":0.0,"Total Cost":1.62,"Plan Rows":62,"Plan Width":16,"Actual Startup Time":0.009,"Actual Total Time":0.013,"Actual Rows":62,"Actual Loops":1,"Output":["nation.n_nationkey","nation.n_name","nation.n_regionkey","nation.n_comment"],"Shared Hit Blocks":1,"Shared Read Blocks":0,"Shared Dirtied Blocks":0,"Shared Written Blocks":0,"Local Hit Blocks":0,"Local Read Blocks":0,"Local Dirtied Blocks":0,"Local Written Blocks":0,"Temp Read Blocks":0,"Temp Written Blocks":0,"I/O Read Time":0.0,"I/O Write Time":0.0,"Temp I/O Read Time":0.0,"Temp I/O Write Time":0.0},{"Node Type":"Hash","Parent Relationship":"Inner","Parallel Aware":false,"Async Capable":false,"Startup Cost":1.06,"Total Cost":1.06,"Plan Rows":1,"Plan Width":4,"Actual Startup Time":0.011,"Actual Total Time":0.012,"Actual Rows":1,"Actual Loops":1,"Output":["region.r_regionkey"],"Hash Buckets":1024,"Original Hash Buckets":1024,"Hash Batches":1,"Original Hash Batches":1,"Peak Memory Usage":9,"Shared Hit Blocks":1,"Shared Read Blocks":0,"Shared Dirtied Blocks":0,"Shared Written Blocks":0,"Local Hit Blocks":0,"Local Read Blocks":0,"Local Dirtied Blocks":0,"Local Written Blocks":0,"Temp Read Blocks":0,"Temp Written Blocks":0,"I/O Read Time":0.0,"I/O Write Time":0.0,"Temp I/O Read Time":0.0,"Temp I/O Write Time":0.0,"Plans":[{"Node Type":"Seq Scan","Parent Relationship":"Outer","Parallel Aware":false,"Async Capable":false,"Relation Name":"region","Schema":"public","Alias":"region","Startup Cost":0.0,"Total Cost":1.06,"Plan Rows":1,"Plan Width":4,"Actual Startup Time":0.006,"Actual Total Time":0.007,"Actual Rows":1,"Actual Loops":1,"Output":["region.r_regionkey"],"Filter":"((region.r_name)::text ~~ 'Europ%'::text)","Rows Removed by Filter":4,"Shared Hit Blocks":1,"Shared Read Blocks":0,"Shared Dirtied Blocks":0,"Shared Written Blocks":0,"Local Hit Blocks":0,"Local Read Blocks":0,"Local Dirtied Blocks":0,"Local Written Blocks":0,"Temp Read Blocks":0,"Temp Written Blocks":0,"I/O Read Time":0.0,"I/O Write Time":0.0,"Temp I/O Read Time":0.0,"Temp I/O Write Time":0.0}]}]}]}]}]},"Planning":{"Shared Hit Blocks":36,"Shared Read Blocks":0,"Shared Dirtied Blocks":0,"Shared Written Blocks":0,"Local Hit Blocks":0,"Local Read Blocks":0,"Local Dirtied Blocks":0,"Local Written Blocks":0,"Temp Read Blocks":0,"Temp Written Blocks":0,"I/O Read Time":0.0,"I/O Write Time":0.0,"Temp I/O Read Time":0.0,"Temp I/O Write Time":0.0},"Planning Time":1.658,"Triggers":[],"Execution Time":4531.362}]
[列存组合]: nation, region, stock, supplier
[{"Plan":{"Node Type":"Sort","Parallel Aware":false,"Async Capable":false,"Startup Cost":965878.38,"Total Cost":965878.88,"Plan Rows":198,"Plan Width":164,"Actual Startup Time":4846.106,"Actual Total Time":4846.222,"Actual Rows":1900,"Actual Loops":1,"Output":["supplier.su_suppkey","supplier.su_name","nation.n_name","item.i_id","item.i_name","supplier.su_address","supplier.su_phone","supplier.su_comment"],"Sort Key":["nation.n_name","supplier.su_name","item.i_id"],"Sort Method":"quicksort","Sort Space Used":439,"Sort Space Type":"Memory","Shared Hit Blocks":1365,"Shared Read Blocks":0,"Shared Dirtied Blocks":0,"Shared Written Blocks":0,"Local Hit Blocks":0,"Local Read Blocks":0,"Local Dirtied Blocks":0,"Local Written Blocks":0,"Temp Read Blocks":4157,"Temp Written Blocks":7564,"I/O Read Time":0.0,"I/O Write Time":0.0,"Temp I/O Read Time":6.269,"Temp I/O Write Time":24.658,"Plans":[{"Node Type":"Hash Join","Parent Relationship":"Outer","Parallel Aware":false,"Async Capable":false,"Join Type":"Inner","Startup Cost":432004.31,"Total Cost":965870.83,"Plan Rows":198,"Plan Width":164,"Actual Startup Time":4461.921,"Actual Total Time":4842.858,"Actual Rows":1900,"Actual Loops":1,"Output":["supplier.su_suppkey","supplier.su_name","nation.n_name","item.i_id","item.i_name","supplier.su_address","supplier.su_phone","supplier.su_comment"],"Hash Cond":"(mod((stock.s_w_id * stock.s_i_id), 10000) = supplier.su_suppkey)","Shared Hit Blocks":1365,"Shared Read Blocks":0,"Shared Dirtied Blocks":0,"Shared Written Blocks":0,"Local Hit Blocks":0,"Local Read Blocks":0,"Local Dirtied Blocks":0,"Local Written Blocks":0,"Temp Read Blocks":4157,"Temp Written Blocks":7564,"I/O Read Time":0.0,"I/O Write Time":0.0,"Temp I/O Read Time":6.269,"Temp I/O Write Time":24.658,"Plans":[{"Node Type":"Hash Join","Parent Relationship":"Outer","Parallel Aware":false,"Async Capable":false,"Join Type":"Inner","Startup Cost":431872.74,"Total Cost":965731.09,"Plan Rows":991,"Plan Width":35,"Actual Startup Time":4458.749,"Actual Total Time":4838.087,"Actual Rows":3036,"Actual Loops":1,"Output":["item.i_id","item.i_name","stock.s_i_id","stock.s_w_id"],"Hash Cond":"((item.i_id = stock_1.s_i_id) AND (stock.s_quantity = (min(stock_1.s_quantity))))","Shared Hit Blocks":1365,"Shared Read Blocks":0,"Shared Dirtied Blocks":0,"Shared Written Blocks":0,"Local Hit Blocks":0,"Local Read Blocks":0,"Local Dirtied Blocks":0,"Local Written Blocks":0,"Temp Read Blocks":4157,"Temp Written Blocks":7564,"I/O Read Time":0.0,"I/O Write Time":0.0,"Temp I/O Read Time":6.269,"Temp I/O Write Time":24.658,"Plans":[{"Node Type":"Hash Join","Parent Relationship":"Outer","Parallel Aware":false,"Async Capable":false,"Join Type":"Inner","Startup Cost":2660.25,"Total Cost":535458.08,"Plan Rows":202003,"Plan Width":37,"Actual Startup Time":16.06,"Actual Total Time":369.801,"Actual Rows":157200,"Actual Loops":1,"Output":["item.i_id","item.i_name","stock.s_i_id","stock.s_w_id","stock.s_quantity"],"Hash Cond":"(stock.s_i_id = item.i_id)","Shared Hit Blocks":1365,"Shared Read Blocks":0,"Shared Dirtied Blocks":0,"Shared Written Blocks":0,"Local Hit Blocks":0,"Local Read Blocks":0,"Local Dirtied Blocks":0,"Local Written Blocks":0,"Temp Read Blocks":0,"Temp Written Blocks":0,"I/O Read Time":0.0,"I/O Write Time":0.0,"Temp I/O Read Time":0.0,"Temp I/O Write Time":0.0,"Plans":[{"Node Type":"Append","Parent Relationship":"Outer","Parallel Aware":false,"Async Capable":false,"Startup Cost":20.0,"Total Cost":506566.29,"Plan Rows":10000162,"Plan Width":8,"Actual Startup Time":1.132,"Actual Total Time":324.736,"Actual Rows":157200,"Actual Loops":1,"Shared Hit Blocks":0,"Shared Read Blocks":0,"Shared Dirtied Blocks":0,"Shared Written Blocks":0,"Local Hit Blocks":0,"Local Read Blocks":0,"Local Dirtied Blocks":0,"Local Written Blocks":0,"Temp Read Blocks":0,"Temp Written Blocks":0,"I/O Read Time":0.0,"I/O Write Time":0.0,"Temp I/O Read Time":0.0,"Temp I/O Write Time":0.0,"Subplans Removed":0,"Plans":[{"Node Type":"Custom Scan","Parent Relationship":"Member","Custom Plan Provider":"columnar scan","Parallel Aware":false,"Async Capable":false,"Relation Name":"stock","Schema":"public","Alias":"stock","Startup Cost":20.0,"Total Cost":215020.05,"Plan Rows":10000000,"Plan Width":8,"Actual Startup Time":1.132,"Actual Total Time":313.769,"Actual Rows":157200,"Actual Loops":1,"Output":["stock.s_i_id","stock.s_w_id","stock.s_quantity"],"Rows Removed by Columnar Filter":9842800,"Rows Filtered by Bloom Filter":0,"Dictionary Rows Filtered by Bloom Filter":9842800,"Columnar cache search mode":"native","Shared Hit Blocks":0,"Shared Read Blocks":0,"Shared Dirtied Blocks":0,"Shared Written Blocks":0,"Local Hit Blocks":0,"Local Read Blocks":0,"Local Dirtied Blocks":0,"Local Written Blocks":0,"Temp Read Blocks":0,"Temp Written Blocks":0,"I/O Read Time":0.0,"I/O Write Time":0.0,"Temp I/O Read Time":0.0,"Temp I/O Write Time":0.0},{"Node Type":"Seq Scan","Parent Relationship":"Member","Parallel Aware":false,"Async Capable":false,"Relation Name":"stock","Schema":"public","Alias":"stock","Startup Cost":0.0,"Total Cost":5.62,"Plan Rows":162,"Plan Width":8,"Actual Startup Time":0.0,"Actual Total Time":0.0,"Actual Rows":0,"Actual Loops":0,"Output":["stock.s_i_id","stock.s_w_id","stock.s_quantity"],"Shared Hit Blocks":0,"Shared Read Blocks":0,"Shared Dirtied Blocks":0,"Shared Written Blocks":0,"Local Hit Blocks":0,"Local Read Blocks":0,"Local Dirtied Blocks":0,"Local Written Blocks":0,"Temp Read Blocks":0,"Temp Written Blocks":0,"I/O Read Time":0.0,"I/O Write Time":0.0,"Temp I/O Read Time":0.0,"Temp I/O Write Time":0.0}]},{"Node Type":"Hash","Parent Relationship":"Inner","Parallel Aware":false,"Async Capable":false,"Startup Cost":2615.0,"Total Cost":2615.0,"Plan Rows":2020,"Plan Width":29,"Actual Startup Time":14.56,"Actual Total Time":14.56,"Actual Rows":1572,"Actual Loops":1,"Output":["item.i_id","item.i_name"],"Hash Buckets":2048,"Original Hash Buckets":2048,"Hash Batches":1,"Original Hash Batches":1,"Peak Memory Usage":110,"Shared Hit Blocks":1365,"Shared Read Blocks":0,"Shared Dirtied Blocks":0,"Shared Written Blocks":0,"Local Hit Blocks":0,"Local Read Blocks":0,"Local Dirtied Blocks":0,"Local Written Blocks":0,"Temp Read Blocks":0,"Temp Written Blocks":0,"I/O Read Time":0.0,"I/O Write Time":0.0,"Temp I/O Read Time":0.0,"Temp I/O Write Time":0.0,"Plans":[{"Node Type":"Seq Scan","Parent Relationship":"Outer","Parallel Aware":false,"Async Capable":false,"Relation Name":"item","Schema":"public","Alias":"item","Startup Cost":0.0,"Total Cost":2615.0,"Plan Rows":2020,"Plan Width":29,"Actual Startup Time":0.02,"Actual Total Time":14.138,"Actual Rows":1572,"Actual Loops":1,"Output":["item.i_id","item.i_name"],"Filter":"((item.i_data)::text ~~ '%b'::text)","Rows Removed by Filter":98428,"Shared Hit Blocks":1365,"Shared Read Blocks":0,"Shared Dirtied Blocks":0,"Shared Written Blocks":0,"Local Hit Blocks":0,"Local Read Blocks":0,"Local Dirtied Blocks":0,"Local Written Blocks":0,"Temp Read Blocks":0,"Temp Written Blocks":0,"I/O Read Time":0.0,"I/O Write Time":0.0,"Temp I/O Read Time":0.0,"Temp I/O Write Time":0.0}]}]},{"Node Type":"Hash","Parent Relationship":"Inner","Parallel Aware":false,"Async Capable":false,"Startup Cost":427740.92,"Total Cost":427740.92,"Plan Rows":98105,"Plan Width":6,"Actual Startup Time":4442.256,"Actual Total Time":4442.275,"Actual Rows":100000,"Actual Loops":1,"Output":["stock_1.s_i_id","(min(stock_1.s_quantity))"],"Hash Buckets":131072,"Original Hash Buckets":131072,"Hash Batches":1,"Original Hash Batches":1,"Peak Memory Usage":4735,"Shared Hit Blocks":0,"Shared Read Blocks":0,"Shared Dirtied Blocks":0,"Shared Written Blocks":0,"Local Hit Blocks":0,"Local Read Blocks":0,"Local Dirtied Blocks":0,"Local Written Blocks":0,"Temp Read Blocks":4157,"Temp Written Blocks":7564,"I/O Read Time":0.0,"I/O Write Time":0.0,"Temp I/O Read Time":6.269,"Temp I/O Write Time":24.658,"Plans":[{"Node Type":"Aggregate","Strategy":"Hashed","Partial Mode":"Simple","Parent Relationship":"Outer","Parallel Aware":false,"Async Capable":false,"Startup Cost":410153.57,"Total Cost":426759.87,"Plan Rows":98105,"Plan Width":6,"Actual Startup Time":4249.234,"Actual Total Time":4426.251,"Actual Rows":100000,"Actual Loops":1,"Output":["stock_1.s_i_id","min(stock_1.s_quantity)"],"Group Key":["stock_1.s_i_id"],"Planned Partitions":0,"HashAgg Batches":5,"Peak Memory Usage":8241,"Disk Usage":35680,"Shared Hit Blocks":0,"Shared Read Blocks":0,"Shared Dirtied Blocks":0,"Shared Written Blocks":0,"Local Hit Blocks":0,"Local Read Blocks":0,"Local Dirtied Blocks":0,"Local Written Blocks":0,"Temp Read Blocks":4157,"Temp Written Blocks":7564,"I/O Read Time":0.0,"I/O Write Time":0.0,"Temp I/O Read Time":6.269,"Temp I/O Write Time":24.658,"Plans":[{"Node Type":"Hash Join","Parent Relationship":"Outer","Parallel Aware":false,"Async Capable":false,"Join Type":"Inner","Startup Cost":144.76,"Total Cost":297651.77,"Plan Rows":2000032,"Plan Width":6,"Actual Startup Time":1.823,"Actual Total Time":3596.509,"Actual Rows":3474600,"Actual Loops":1,"Output":["stock_1.s_i_id","stock_1.s_quantity"],"Hash Cond":"(mod((stock_1.s_w_id * stock_1.s_i_id), 10000) = supplier_1.su_suppkey)","Shared Hit Blocks":0,"Shared Read Blocks":0,"Shared Dirtied Blocks":0,"Shared Written Blocks":0,"Local Hit Blocks":0,"Local Read Blocks":0,"Local Dirtied Blocks":0,"Local Written Blocks":0,"Temp Read Blocks":0,"Temp Written Blocks":0,"I/O Read Time":0.0,"I/O Write Time":0.0,"Temp I/O Read Time":0.0,"Temp I/O Write Time":0.0,"Plans":[{"Node Type":"Append","Parent Relationship":"Outer","Parallel Aware":false,"Async Capable":false,"Startup Cost":20.0,"Total Cost":215025.67,"Plan Rows":10000162,"Plan Width":8,"Actual Startup Time":0.006,"Actual Total Time":2141.284,"Actual Rows":10000000,"Actual Loops":1,"Shared Hit Blocks":0,"Shared Read Blocks":0,"Shared Dirtied Blocks":0,"Shared Written Blocks":0,"Local Hit Blocks":0,"Local Read Blocks":0,"Local Dirtied Blocks":0,"Local Written Blocks":0,"Temp Read Blocks":0,"Temp Written Blocks":0,"I/O Read Time":0.0,"I/O Write Time":0.0,"Temp I/O Read Time":0.0,"Temp I/O Write Time":0.0,"Subplans Removed":0,"Plans":[{"Node Type":"Custom Scan","Parent Relationship":"Member","Custom Plan Provider":"columnar scan","Parallel Aware":false,"Async Capable":false,"Relation Name":"stock","Schema":"public","Alias":"stock_1","Startup Cost":20.0,"Total Cost":215020.05,"Plan Rows":10000000,"Plan Width":8,"Actual Startup Time":0.006,"Actual Total Time":1394.42,"Actual Rows":10000000,"Actual Loops":1,"Output":["stock_1.s_i_id","stock_1.s_quantity","stock_1.s_w_id"],"Rows Removed by Columnar Filter":0,"Columnar cache search mode":"native","Shared Hit Blocks":0,"Shared Read Blocks":0,"Shared Dirtied Blocks":0,"Shared Written Blocks":0,"Local Hit Blocks":0,"Local Read Blocks":0,"Local Dirtied Blocks":0,"Local Written Blocks":0,"Temp Read Blocks":0,"Temp Written Blocks":0,"I/O Read Time":0.0,"I/O Write Time":0.0,"Temp I/O Read Time":0.0,"Temp I/O Write Time":0.0},{"Node Type":"Seq Scan","Parent Relationship":"Member","Parallel Aware":false,"Async Capable":false,"Relation Name":"stock","Schema":"public","Alias":"stock_1","Startup Cost":0.0,"Total Cost":5.62,"Plan Rows":162,"Plan Width":8,"Actual Startup Time":0.0,"Actual Total Time":0.0,"Actual Rows":0,"Actual Loops":0,"Output":["stock_1.s_i_id","stock_1.s_quantity","stock_1.s_w_id"],"Shared Hit Blocks":0,"Shared Read Blocks":0,"Shared Dirtied Blocks":0,"Shared Written Blocks":0,"Local Hit Blocks":0,"Local Read Blocks":0,"Local Dirtied Blocks":0,"Local Written Blocks":0,"Temp Read Blocks":0,"Temp Written Blocks":0,"I/O Read Time":0.0,"I/O Write Time":0.0,"Temp I/O Read Time":0.0,"Temp I/O Write Time":0.0}]},{"Node Type":"Hash","Parent Relationship":"Inner","Parallel Aware":false,"Async Capable":false,"Startup Cost":99.76,"Total Cost":99.76,"Plan Rows":2000,"Plan Width":4,"Actual Startup Time":1.805,"Actual Total Time":1.821,"Actual Rows":3506,"Actual Loops":1,"Output":["supplier_1.su_suppkey"],"Hash Buckets":4096,"Original Hash Buckets":2048,"Hash Batches":1,"Original Hash Batches":1,"Peak Memory Usage":156,"Shared Hit Blocks":0,"Shared Read Blocks":0,"Shared Dirtied Blocks":0,"Shared Written Blocks":0,"Local Hit Blocks":0,"Local Read Blocks":0,"Local Dirtied Blocks":0,"Local Written Blocks":0,"Temp Read Blocks":0,"Temp Written Blocks":0,"I/O Read Time":0.0,"I/O Write Time":0.0,"Temp I/O Read Time":0.0,"Temp I/O Write Time":0.0,"Plans":[{"Node Type":"Hash Join","Parent Relationship":"Outer","Parallel Aware":false,"Async Capable":false,"Join Type":"Inner","Startup Cost":48.98,"Total Cost":99.76,"Plan Rows":2000,"Plan Width":4,"Actual Startup Time":1.207,"Actual Total Time":1.417,"Actual Rows":3506,"Actual Loops":1,"Output":["supplier_1.su_suppkey"],"Hash Cond":"(supplier_1.su_nationkey = nation_1.n_nationkey)","Rows Removed by Bloom Filter":6494,"Shared Hit Blocks":0,"Shared Read Blocks":0,"Shared Dirtied Blocks":0,"Shared Written Blocks":0,"Local Hit Blocks":0,"Local Read Blocks":0,"Local Dirtied Blocks":0,"Local Written Blocks":0,"Temp Read Blocks":0,"Temp Written Blocks":0,"I/O Read Time":0.0,"I/O Write Time":0.0,"Temp I/O Read Time":0.0,"Temp I/O Write Time":0.0,"Plans":[{"Node Type":"Append","Parent Relationship":"Outer","Parallel Aware":false,"Async Capable":false,"Startup Cost":20.0,"Total Cost":219.01,"Plan Rows":10001,"Plan Width":8,"Actual Startup Time":0.012,"Actual Total Time":0.016,"Actual Rows":10000,"Actual Loops":1,"Shared Hit Blocks":0,"Shared Read Blocks":0,"Shared Dirtied Blocks":0,"Shared Written Blocks":0,"Local Hit Blocks":0,"Local Read Blocks":0,"Local Dirtied Blocks":0,"Local Written Blocks":0,"Temp Read Blocks":0,"Temp Written Blocks":0,"I/O Read Time":0.0,"I/O Write Time":0.0,"Temp I/O Read Time":0.0,"Temp I/O Write Time":0.0,"Subplans Removed":0,"Plans":[{"Node Type":"Custom Scan","Parent Relationship":"Member","Custom Plan Provider":"columnar scan","Parallel Aware":false,"Async Capable":false,"Relation Name":"supplier","Schema":"public","Alias":"supplier_1","Startup Cost":20.0,"Total Cost":215.0,"Plan Rows":10000,"Plan Width":8,"Actual Startup Time":0.011,"Actual Total Time":0.011,"Actual Rows":10000,"Actual Loops":1,"Output":["supplier_1.su_suppkey","supplier_1.su_nationkey"],"Rows Removed by Columnar Filter":0,"Columnar cache search mode":"native","Shared Hit Blocks":0,"Shared Read Blocks":0,"Shared Dirtied Blocks":0,"Shared Written Blocks":0,"Local Hit Blocks":0,"Local Read Blocks":0,"Local Dirtied Blocks":0,"Local Written Blocks":0,"Temp Read Blocks":0,"Temp Written Blocks":0,"I/O Read Time":0.0,"I/O Write Time":0.0,"Temp I/O Read Time":0.0,"Temp I/O Write Time":0.0},{"Node Type":"Seq Scan","Parent Relationship":"Member","Parallel Aware":false,"Async Capable":false,"Relation Name":"supplier","Schema":"public","Alias":"supplier_1","Startup Cost":0.0,"Total Cost":4.01,"Plan Rows":1,"Plan Width":8,"Actual Startup Time":0.0,"Actual Total Time":0.0,"Actual Rows":0,"Actual Loops":0,"Output":["supplier_1.su_suppkey","supplier_1.su_nationkey"],"Shared Hit Blocks":0,"Shared Read Blocks":0,"Shared Dirtied Blocks":0,"Shared Written Blocks":0,"Local Hit Blocks":0,"Local Read Blocks":0,"Local Dirtied Blocks":0,"Local Written Blocks":0,"Temp Read Blocks":0,"Temp Written Blocks":0,"I/O Read Time":0.0,"I/O Write Time":0.0,"Temp I/O Read Time":0.0,"Temp I/O Write Time":0.0}]},{"Node Type":"Hash","Parent Relationship":"Inner","Parallel Aware":false,"Async Capable":false,"Startup Cost":29.02,"Total Cost":29.02,"Plan Rows":12,"Plan Width":4,"Actual Rows":22,"Actual Loops":1,"Output":["nation_1.n_nationkey"],"Shared Hit Blocks":0,"Shared Read Blocks":0,"Shared Dirtied Blocks":0,"Shared Written Blocks":0,"Local Hit Blocks":0,"Local Read Blocks":0,"Local Dirtied Blocks":0,"Local Written Blocks":0,"Temp Read Blocks":0,"Temp Written Blocks":0,"I/O Read Time":0.0,"I/O Write Time":0.0,"Temp I/O Read Time":0.0,"Temp I/O Write Time":0.0,"Plans":[{"Node Type":"Hash Join","Parent Relationship":"Outer","Parallel Aware":false,"Async Capable":false,"Join Type":"Inner","Startup Cost":24.16,"Total Cost":29.02,"Plan Rows":12,"Plan Width":4,"Actual Startup Time":0.369,"Actual Total Time":0.378,"Actual Rows":22,"Actual Loops":1,"Output":["nation_1.n_nationkey"],"Hash Cond":"(region_1.r_regionkey = nation_1.n_regionkey)","Rows Removed by Bloom Filter":0,"Shared Hit Blocks":0,"Shared Read Blocks":0,"Shared Dirtied Blocks":0,"Shared Written Blocks":0,"Local Hit Blocks":0,"Local Read Blocks":0,"Local Dirtied Blocks":0,"Local Written Blocks":0,"Temp Read Blocks":0,"Temp Written Blocks":0,"I/O Read Time":0.0,"I/O Write Time":0.0,"Temp I/O Read Time":0.0,"Temp I/O Write Time":0.0,"Plans":[{"Node Type":"Append","Parent Relationship":"Outer","Parallel Aware":false,"Async Capable":false,"Startup Cost":20.0,"Total Cost":24.04,"Plan Rows":2,"Plan Width":4,"Actual Startup Time":0.011,"Actual Total Time":0.015,"Actual Rows":1,"Actual Loops":1,"Shared Hit Blocks":0,"Shared Read Blocks":0,"Shared Dirtied Blocks":0,"Shared Written Blocks":0,"Local Hit Blocks":0,"Local Read Blocks":0,"Local Dirtied Blocks":0,"Local Written Blocks":0,"Temp Read Blocks":0,"Temp Written Blocks":0,"I/O Read Time":0.0,"I/O Write Time":0.0,"Temp I/O Read Time":0.0,"Temp I/O Write Time":0.0,"Subplans Removed":0,"Plans":[{"Node Type":"Custom Scan","Parent Relationship":"Member","Custom Plan Provider":"columnar scan","Parallel Aware":false,"Async Capable":false,"Relation Name":"region","Schema":"public","Alias":"region_1","Startup Cost":20.0,"Total Cost":20.02,"Plan Rows":1,"Plan Width":4,"Actual Startup Time":0.011,"Actual Total Time":0.012,"Actual Rows":1,"Actual Loops":1,"Output":["region_1.r_regionkey"],"Filter":"((region_1.r_name)::text ~~ 'Europ%'::text)","Rows Removed by Filter":0,"Rows Removed by Columnar Filter":4,"Columnar cache search mode":"native","Shared Hit Blocks":0,"Shared Read Blocks":0,"Shared Dirtied Blocks":0,"Shared Written Blocks":0,"Local Hit Blocks":0,"Local Read Blocks":0,"Local Dirtied Blocks":0,"Local Written Blocks":0,"Temp Read Blocks":0,"Temp Written Blocks":0,"I/O Read Time":0.0,"I/O Write Time":0.0,"Temp I/O Read Time":0.0,"Temp I/O Write Time":0.0},{"Node Type":"Seq Scan","Parent Relationship":"Member","Parallel Aware":false,"Async Capable":false,"Relation Name":"region","Schema":"public","Alias":"region_1","Startup Cost":0.0,"Total Cost":4.01,"Plan Rows":1,"Plan Width":4,"Actual Startup Time":0.0,"Actual Total Time":0.0,"Actual Rows":0,"Actual Loops":0,"Output":["region_1.r_regionkey"],"Filter":"((region_1.r_name)::text ~~ 'Europ%'::text)","Rows Removed by Filter":0,"Shared Hit Blocks":0,"Shared Read Blocks":0,"Shared Dirtied Blocks":0,"Shared Written Blocks":0,"Local Hit Blocks":0,"Local Read Blocks":0,"Local Dirtied Blocks":0,"Local Written Blocks":0,"Temp Read Blocks":0,"Temp Written Blocks":0,"I/O Read Time":0.0,"I/O Write Time":0.0,"Temp I/O Read Time":0.0,"Temp I/O Write Time":0.0}]},{"Node Type":"Hash","Parent Relationship":"Inner","Parallel Aware":false,"Async Capable":false,"Startup Cost":25.22,"Total Cost":25.22,"Plan Rows":63,"Plan Width":8,"Actual Rows":62,"Actual Loops":1,"Output":["nation_1.n_nationkey","nation_1.n_regionkey"],"Shared Hit Blocks":0,"Shared Read Blocks":0,"Shared Dirtied Blocks":0,"Shared Written Blocks":0,"Local Hit Blocks":0,"Local Read Blocks":0,"Local Dirtied Blocks":0,"Local Written Blocks":0,"Temp Read Blocks":0,"Temp Written Blocks":0,"I/O Read Time":0.0,"I/O Write Time":0.0,"Temp I/O Read Time":0.0,"Temp I/O Write Time":0.0,"Plans":[{"Node Type":"Append","Parent Relationship":"Outer","Parallel Aware":false,"Async Capable":false,"Startup Cost":20.0,"Total Cost":25.22,"Plan Rows":63,"Plan Width":8,"Actual Startup Time":0.005,"Actual Total Time":0.008,"Actual Rows":62,"Actual Loops":1,"Shared Hit Blocks":0,"Shared Read Blocks":0,"Shared Dirtied Blocks":0,"Shared Written Blocks":0,"Local Hit Blocks":0,"Local Read Blocks":0,"Local Dirtied Blocks":0,"Local Written Blocks":0,"Temp Read Blocks":0,"Temp Written Blocks":0,"I/O Read Time":0.0,"I/O Write Time":0.0,"Temp I/O Read Time":0.0,"Temp I/O Write Time":0.0,"Subplans Removed":0,"Plans":[{"Node Type":"Custom Scan","Parent Relationship":"Member","Custom Plan Provider":"columnar scan","Parallel Aware":false,"Async Capable":false,"Relation Name":"nation","Schema":"public","Alias":"nation_1","Startup Cost":20.0,"Total Cost":21.21,"Plan Rows":62,"Plan Width":8,"Actual Startup Time":0.005,"Actual Total Time":0.006,"Actual Rows":62,"Actual Loops":1,"Output":["nation_1.n_nationkey","nation_1.n_regionkey"],"Rows Removed by Columnar Filter":0,"Columnar cache search mode":"native","Shared Hit Blocks":0,"Shared Read Blocks":0,"Shared Dirtied Blocks":0,"Shared Written Blocks":0,"Local Hit Blocks":0,"Local Read Blocks":0,"Local Dirtied Blocks":0,"Local Written Blocks":0,"Temp Read Blocks":0,"Temp Written Blocks":0,"I/O Read Time":0.0,"I/O Write Time":0.0,"Temp I/O Read Time":0.0,"Temp I/O Write Time":0.0},{"Node Type":"Seq Scan","Parent Relationship":"Member","Parallel Aware":false,"Async Capable":false,"Relation Name":"nation","Schema":"public","Alias":"nation_1","Startup Cost":0.0,"Total Cost":4.01,"Plan Rows":1,"Plan Width":8,"Actual Startup Time":0.0,"Actual Total Time":0.0,"Actual Rows":0,"Actual Loops":0,"Output":["nation_1.n_nationkey","nation_1.n_regionkey"],"Shared Hit Blocks":0,"Shared Read Blocks":0,"Shared Dirtied Blocks":0,"Shared Written Blocks":0,"Local Hit Blocks":0,"Local Read Blocks":0,"Local Dirtied Blocks":0,"Local Written Blocks":0,"Temp Read Blocks":0,"Temp Written Blocks":0,"I/O Read Time":0.0,"I/O Write Time":0.0,"Temp I/O Read Time":0.0,"Temp I/O Write Time":0.0}]}]}]}]}]}]}]}]}]}]},{"Node Type":"Hash","Parent Relationship":"Inner","Parallel Aware":false,"Async Capable":false,"Startup Cost":106.57,"Total Cost":106.57,"Plan Rows":2000,"Plan Width":135,"Actual Startup Time":3.148,"Actual Total Time":3.165,"Actual Rows":3506,"Actual Loops":1,"Output":["supplier.su_suppkey","supplier.su_name","supplier.su_address","supplier.su_phone","supplier.su_comment","nation.n_name"],"Hash Buckets":4096,"Original Hash Buckets":2048,"Hash Batches":1,"Original Hash Batches":1,"Peak Memory Usage":614,"Shared Hit Blocks":0,"Shared Read Blocks":0,"Shared Dirtied Blocks":0,"Shared Written Blocks":0,"Local Hit Blocks":0,"Local Read Blocks":0,"Local Dirtied Blocks":0,"Local Written Blocks":0,"Temp Read Blocks":0,"Temp Written Blocks":0,"I/O Read Time":0.0,"I/O Write Time":0.0,"Temp I/O Read Time":0.0,"Temp I/O Write Time":0.0,"Plans":[{"Node Type":"Hash Join","Parent Relationship":"Outer","Parallel Aware":false,"Async Capable":false,"Join Type":"Inner","Startup Cost":49.06,"Total Cost":106.57,"Plan Rows":2000,"Plan Width":135,"Actual Startup Time":1.378,"Actual Total Time":1.748,"Actual Rows":3506,"Actual Loops":1,"Output":["supplier.su_suppkey","supplier.su_name","supplier.su_address","supplier.su_phone","supplier.su_comment","nation.n_name"],"Hash Cond":"(supplier.su_nationkey = nation.n_nationkey)","Rows Removed by Bloom Filter":6494,"Shared Hit Blocks":0,"Shared Read Blocks":0,"Shared Dirtied Blocks":0,"Shared Written Blocks":0,"Local Hit Blocks":0,"Local Read Blocks":0,"Local Dirtied Blocks":0,"Local Written Blocks":0,"Temp Read Blocks":0,"Temp Written Blocks":0,"I/O Read Time":0.0,"I/O Write Time":0.0,"Temp I/O Read Time":0.0,"Temp I/O Write Time":0.0,"Plans":[{"Node Type":"Append","Parent Relationship":"Outer","Parallel Aware":false,"Async Capable":false,"Startup Cost":20.0,"Total Cost":299.01,"Plan Rows":10001,"Plan Width":131,"Actual Startup Time":0.016,"Actual Total Time":0.019,"Actual Rows":10000,"Actual Loops":1,"Shared Hit Blocks":0,"Shared Read Blocks":0,"Shared Dirtied Blocks":0,"Shared Written Blocks":0,"Local Hit Blocks":0,"Local Read Blocks":0,"Local Dirtied Blocks":0,"Local Written Blocks":0,"Temp Read Blocks":0,"Temp Written Blocks":0,"I/O Read Time":0.0,"I/O Write Time":0.0,"Temp I/O Read Time":0.0,"Temp I/O Write Time":0.0,"Subplans Removed":0,"Plans":[{"Node Type":"Custom Scan","Parent Relationship":"Member","Custom Plan Provider":"columnar scan","Parallel Aware":false,"Async Capable":false,"Relation Name":"supplier","Schema":"public","Alias":"supplier","Startup Cost":20.0,"Total Cost":295.0,"Plan Rows":10000,"Plan Width":131,"Actual Startup Time":0.015,"Actual Total Time":0.016,"Actual Rows":10000,"Actual Loops":1,"Output":["supplier.su_suppkey","supplier.su_name","supplier.su_address","supplier.su_phone","supplier.su_comment","supplier.su_nationkey"],"Rows Removed by Columnar Filter":0,"Columnar cache search mode":"native","Shared Hit Blocks":0,"Shared Read Blocks":0,"Shared Dirtied Blocks":0,"Shared Written Blocks":0,"Local Hit Blocks":0,"Local Read Blocks":0,"Local Dirtied Blocks":0,"Local Written Blocks":0,"Temp Read Blocks":0,"Temp Written Blocks":0,"I/O Read Time":0.0,"I/O Write Time":0.0,"Temp I/O Read Time":0.0,"Temp I/O Write Time":0.0},{"Node Type":"Seq Scan","Parent Relationship":"Member","Parallel Aware":false,"Async Capable":false,"Relation Name":"supplier","Schema":"public","Alias":"supplier","Startup Cost":0.0,"Total Cost":4.01,"Plan Rows":1,"Plan Width":131,"Actual Startup Time":0.0,"Actual Total Time":0.0,"Actual Rows":0,"Actual Loops":0,"Output":["supplier.su_suppkey","supplier.su_name","supplier.su_address","supplier.su_phone","supplier.su_comment","supplier.su_nationkey"],"Shared Hit Blocks":0,"Shared Read Blocks":0,"Shared Dirtied Blocks":0,"Shared Written Blocks":0,"Local Hit Blocks":0,"Local Read Blocks":0,"Local Dirtied Blocks":0,"Local Written Blocks":0,"Temp Read Blocks":0,"Temp Written Blocks":0,"I/O Read Time":0.0,"I/O Write Time":0.0,"Temp I/O Read Time":0.0,"Temp I/O Write Time":0.0}]},{"Node Type":"Hash","Parent Relationship":"Inner","Parallel Aware":false,"Async Capable":false,"Startup Cost":29.1,"Total Cost":29.1,"Plan Rows":12,"Plan Width":12,"Actual Rows":22,"Actual Loops":1,"Output":["nation.n_name","nation.n_nationkey"],"Shared Hit Blocks":0,"Shared Read Blocks":0,"Shared Dirtied Blocks":0,"Shared Written Blocks":0,"Local Hit Blocks":0,"Local Read Blocks":0,"Local Dirtied Blocks":0,"Local Written Blocks":0,"Temp Read Blocks":0,"Temp Written Blocks":0,"I/O Read Time":0.0,"I/O Write Time":0.0,"Temp I/O Read Time":0.0,"Temp I/O Write Time":0.0,"Plans":[{"Node Type":"Hash Join","Parent Relationship":"Outer","Parallel Aware":false,"Async Capable":false,"Join Type":"Inner","Startup Cost":24.16,"Total Cost":29.1,"Plan Rows":12,"Plan Width":12,"Actual Startup Time":0.5,"Actual Total Time":0.509,"Actual Rows":22,"Actual Loops":1,"Output":["nation.n_name","nation.n_nationkey"],"Hash Cond":"(region.r_regionkey = nation.n_regionkey)","Rows Removed by Bloom Filter":0,"Shared Hit Blocks":0,"Shared Read Blocks":0,"Shared Dirtied Blocks":0,"Shared Written Blocks":0,"Local Hit Blocks":0,"Local Read Blocks":0,"Local Dirtied Blocks":0,"Local Written Blocks":0,"Temp Read Blocks":0,"Temp Written Blocks":0,"I/O Read Time":0.0,"I/O Write Time":0.0,"Temp I/O Read Time":0.0,"Temp I/O Write Time":0.0,"Plans":[{"Node Type":"Append","Parent Relationship":"Outer","Parallel Aware":false,"Async Capable":false,"Startup Cost":20.0,"Total Cost":24.04,"Plan Rows":2,"Plan Width":4,"Actual Startup Time":0.016,"Actual Total Time":0.019,"Actual Rows":1,"Actual Loops":1,"Shared Hit Blocks":0,"Shared Read Blocks":0,"Shared Dirtied Blocks":0,"Shared Written Blocks":0,"Local Hit Blocks":0,"Local Read Blocks":0,"Local Dirtied Blocks":0,"Local Written Blocks":0,"Temp Read Blocks":0,"Temp Written Blocks":0,"I/O Read Time":0.0,"I/O Write Time":0.0,"Temp I/O Read Time":0.0,"Temp I/O Write Time":0.0,"Subplans Removed":0,"Plans":[{"Node Type":"Custom Scan","Parent Relationship":"Member","Custom Plan Provider":"columnar scan","Parallel Aware":false,"Async Capable":false,"Relation Name":"region","Schema":"public","Alias":"region","Startup Cost":20.0,"Total Cost":20.02,"Plan Rows":1,"Plan Width":4,"Actual Startup Time":0.015,"Actual Total Time":0.015,"Actual Rows":1,"Actual Loops":1,"Output":["region.r_regionkey"],"Filter":"((region.r_name)::text ~~ 'Europ%'::text)","Rows Removed by Filter":0,"Rows Removed by Columnar Filter":4,"Columnar cache search mode":"native","Shared Hit Blocks":0,"Shared Read Blocks":0,"Shared Dirtied Blocks":0,"Shared Written Blocks":0,"Local Hit Blocks":0,"Local Read Blocks":0,"Local Dirtied Blocks":0,"Local Written Blocks":0,"Temp Read Blocks":0,"Temp Written Blocks":0,"I/O Read Time":0.0,"I/O Write Time":0.0,"Temp I/O Read Time":0.0,"Temp I/O Write Time":0.0},{"Node Type":"Seq Scan","Parent Relationship":"Member","Parallel Aware":false,"Async Capable":false,"Relation Name":"region","Schema":"public","Alias":"region","Startup Cost":0.0,"Total Cost":4.01,"Plan Rows":1,"Plan Width":4,"Actual Startup Time":0.0,"Actual Total Time":0.0,"Actual Rows":0,"Actual Loops":0,"Output":["region.r_regionkey"],"Filter":"((region.r_name)::text ~~ 'Europ%'::text)","Rows Removed by Filter":0,"Shared Hit Blocks":0,"Shared Read Blocks":0,"Shared Dirtied Blocks":0,"Shared Written Blocks":0,"Local Hit Blocks":0,"Local Read Blocks":0,"Local Dirtied Blocks":0,"Local Written Blocks":0,"Temp Read Blocks":0,"Temp Written Blocks":0,"I/O Read Time":0.0,"I/O Write Time":0.0,"Temp I/O Read Time":0.0,"Temp I/O Write Time":0.0}]},{"Node Type":"Hash","Parent Relationship":"Inner","Parallel Aware":false,"Async Capable":false,"Startup Cost":25.34,"Total Cost":25.34,"Plan Rows":63,"Plan Width":16,"Actual Rows":62,"Actual Loops":1,"Output":["nation.n_name","nation.n_nationkey","nation.n_regionkey"],"Shared Hit Blocks":0,"Shared Read Blocks":0,"Shared Dirtied Blocks":0,"Shared Written Blocks":0,"Local Hit Blocks":0,"Local Read Blocks":0,"Local Dirtied Blocks":0,"Local Written Blocks":0,"Temp Read Blocks":0,"Temp Written Blocks":0,"I/O Read Time":0.0,"I/O Write Time":0.0,"Temp I/O Read Time":0.0,"Temp I/O Write Time":0.0,"Plans":[{"Node Type":"Append","Parent Relationship":"Outer","Parallel Aware":false,"Async Capable":false,"Startup Cost":20.0,"Total Cost":25.34,"Plan Rows":63,"Plan Width":16,"Actual Startup Time":0.016,"Actual Total Time":0.017,"Actual Rows":62,"Actual Loops":1,"Shared Hit Blocks":0,"Shared Read Blocks":0,"Shared Dirtied Blocks":0,"Shared Written Blocks":0,"Local Hit Blocks":0,"Local Read Blocks":0,"Local Dirtied Blocks":0,"Local Written Blocks":0,"Temp Read Blocks":0,"Temp Written Blocks":0,"I/O Read Time":0.0,"I/O Write Time":0.0,"Temp I/O Read Time":0.0,"Temp I/O Write Time":0.0,"Subplans Removed":0,"Plans":[{"Node Type":"Custom Scan","Parent Relationship":"Member","Custom Plan Provider":"columnar scan","Parallel Aware":false,"Async Capable":false,"Relation Name":"nation","Schema":"public","Alias":"nation","Startup Cost":20.0,"Total Cost":21.33,"Plan Rows":62,"Plan Width":16,"Actual Startup Time":0.014,"Actual Total Time":0.014,"Actual Rows":62,"Actual Loops":1,"Output":["nation.n_name","nation.n_nationkey","nation.n_regionkey"],"Rows Removed by Columnar Filter":0,"Columnar cache search mode":"native","Shared Hit Blocks":0,"Shared Read Blocks":0,"Shared Dirtied Blocks":0,"Shared Written Blocks":0,"Local Hit Blocks":0,"Local Read Blocks":0,"Local Dirtied Blocks":0,"Local Written Blocks":0,"Temp Read Blocks":0,"Temp Written Blocks":0,"I/O Read Time":0.0,"I/O Write Time":0.0,"Temp I/O Read Time":0.0,"Temp I/O Write Time":0.0},{"Node Type":"Seq Scan","Parent Relationship":"Member","Parallel Aware":false,"Async Capable":false,"Relation Name":"nation","Schema":"public","Alias":"nation","Startup Cost":0.0,"Total Cost":4.01,"Plan Rows":1,"Plan Width":16,"Actual Startup Time":0.0,"Actual Total Time":0.0,"Actual Rows":0,"Actual Loops":0,"Output":["nation.n_name","nation.n_nationkey","nation.n_regionkey"],"Shared Hit Blocks":0,"Shared Read Blocks":0,"Shared Dirtied Blocks":0,"Shared Written Blocks":0,"Local Hit Blocks":0,"Local Read Blocks":0,"Local Dirtied Blocks":0,"Local Written Blocks":0,"Temp Read Blocks":0,"Temp Written Blocks":0,"I/O Read Time":0.0,"I/O Write Time":0.0,"Temp I/O Read Time":0.0,"Temp I/O Write Time":0.0}]}]}]}]}]}]}]}]},"Planning":{"Shared Hit Blocks":36,"Shared Read Blocks":0,"Shared Dirtied Blocks":0,"Shared Written Blocks":0,"Local Hit Blocks":0,"Local Read Blocks":0,"Local Dirtied Blocks":0,"Local Written Blocks":0,"Temp Read Blocks":0,"Temp Written Blocks":0,"I/O Read Time":0.0,"I/O Write Time":0.0,"Temp I/O Read Time":0.0,"Temp I/O Write Time":0.0},"Planning Time":1.764,"Triggers":[],"Execution Time":4855.898}]
[列存组合]: item, nation, region, stock, supplier
[{"Plan":{"Node Type":"Sort","Parallel Aware":false,"Async Capable":false,"Startup Cost":454736.9,"Total Cost":454737.39,"Plan Rows":198,"Plan Width":164,"Actual Startup Time":4551.803,"Actual Total Time":4551.928,"Actual Rows":1900,"Actual Loops":1,"Output":["supplier.su_suppkey","supplier.su_name","nation.n_name","item.i_id","item.i_name","supplier.su_address","supplier.su_phone","supplier.su_comment"],"Sort Key":["nation.n_name","supplier.su_name","item.i_id"],"Sort Method":"quicksort","Sort Space Used":439,"Sort Space Type":"Memory","Shared Hit Blocks":0,"Shared Read Blocks":0,"Shared Dirtied Blocks":0,"Shared Written Blocks":0,"Local Hit Blocks":0,"Local Read Blocks":0,"Local Dirtied Blocks":0,"Local Written Blocks":0,"Temp Read Blocks":4157,"Temp Written Blocks":7564,"I/O Read Time":0.0,"I/O Write Time":0.0,"Temp I/O Read Time":6.259,"Temp I/O Write Time":24.596,"Plans":[{"Node Type":"Hash Join","Parent Relationship":"Outer","Parallel Aware":false,"Async Capable":false,"Join Type":"Inner","Startup Cost":429393.01,"Total Cost":454729.34,"Plan Rows":198,"Plan Width":164,"Actual Startup Time":4446.736,"Actual Total Time":4548.53,"Actual Rows":1900,"Actual Loops":1,"Output":["supplier.su_suppkey","supplier.su_name","nation.n_name","item.i_id","item.i_name","supplier.su_address","supplier.su_phone","supplier.su_comment"],"Hash Cond":"(mod((stock.s_w_id * stock.s_i_id), 10000) = supplier.su_suppkey)","Shared Hit Blocks":0,"Shared Read Blocks":0,"Shared Dirtied Blocks":0,"Shared Written Blocks":0,"Local Hit Blocks":0,"Local Read Blocks":0,"Local Dirtied Blocks":0,"Local Written Blocks":0,"Temp Read Blocks":4157,"Temp Written Blocks":7564,"I/O Read Time":0.0,"I/O Write Time":0.0,"Temp I/O Read Time":6.259,"Temp I/O Write Time":24.596,"Plans":[{"Node Type":"Hash Join","Parent Relationship":"Outer","Parallel Aware":false,"Async Capable":false,"Join Type":"Inner","Startup Cost":429261.44,"Total Cost":454589.6,"Plan Rows":991,"Plan Width":35,"Actual Startup Time":4443.052,"Actual Total Time":4543.534,"Actual Rows":3036,"Actual Loops":1,"Output":["item.i_id","item.i_name","stock.s_i_id","stock.s_w_id"],"Hash Cond":"((item.i_id = stock_1.s_i_id) AND (stock.s_quantity = (min(stock_1.s_quantity))))","Shared Hit Blocks":0,"Shared Read Blocks":0,"Shared Dirtied Blocks":0,"Shared Written Blocks":0,"Local Hit Blocks":0,"Local Read Blocks":0,"Local Dirtied Blocks":0,"Local Written Blocks":0,"Temp Read Blocks":4157,"Temp Written Blocks":7564,"I/O Read Time":0.0,"I/O Write Time":0.0,"Temp I/O Read Time":6.259,"Temp I/O Write Time":24.596,"Plans":[{"Node Type":"Hash Join","Parent Relationship":"Outer","Parallel Aware":false,"Async Capable":false,"Join Type":"Inner","Startup Cost":48.95,"Total Cost":24316.6,"Plan Rows":202003,"Plan Width":37,"Actual Startup Time":79.106,"Actual Total Time":158.561,"Actual Rows":157200,"Actual Loops":1,"Output":["item.i_id","item.i_name","stock.s_i_id","stock.s_w_id","stock.s_quantity"],"Hash Cond":"(stock.s_i_id = item.i_id)","Rows Removed by Bloom Filter":21350409,"Shared Hit Blocks":0,"Shared Read Blocks":0,"Shared Dirtied Blocks":0,"Shared Written Blocks":0,"Local Hit Blocks":0,"Local Read Blocks":0,"Local Dirtied Blocks":0,"Local Written Blocks":0,"Temp Read Blocks":0,"Temp Written Blocks":0,"I/O Read Time":0.0,"I/O Write Time":0.0,"Temp I/O Read Time":0.0,"Temp I/O Write Time":0.0,"Plans":[{"Node Type":"Append","Parent Relationship":"Outer","Parallel Aware":false,"Async Capable":false,"Startup Cost":20.0,"Total Cost":215025.67,"Plan Rows":10000162,"Plan Width":8,"Actual Startup Time":0.141,"Actual Total Time":0.146,"Actual Rows":10000000,"Actual Loops":1,"Shared Hit Blocks":0,"Shared Read Blocks":0,"Shared Dirtied Blocks":0,"Shared Written Blocks":0,"Local Hit Blocks":0,"Local Read Blocks":0,"Local Dirtied Blocks":0,"Local Written Blocks":0,"Temp Read Blocks":0,"Temp Written Blocks":0,"I/O Read Time":0.0,"I/O Write Time":0.0,"Temp I/O Read Time":0.0,"Temp I/O Write Time":0.0,"Subplans Removed":0,"Plans":[{"Node Type":"Custom Scan","Parent Relationship":"Member","Custom Plan Provider":"columnar scan","Parallel Aware":false,"Async Capable":false,"Relation Name":"stock","Schema":"public","Alias":"stock","Startup Cost":20.0,"Total Cost":215020.05,"Plan Rows":10000000,"Plan Width":8,"Actual Startup Time":0.141,"Actual Total Time":0.142,"Actual Rows":10000000,"Actual Loops":1,"Output":["stock.s_i_id","stock.s_w_id","stock.s_quantity"],"Rows Removed by Columnar Filter":0,"Columnar cache search mode":"native","Shared Hit Blocks":0,"Shared Read Blocks":0,"Shared Dirtied Blocks":0,"Shared Written Blocks":0,"Local Hit Blocks":0,"Local Read Blocks":0,"Local Dirtied Blocks":0,"Local Written Blocks":0,"Temp Read Blocks":0,"Temp Written Blocks":0,"I/O Read Time":0.0,"I/O Write Time":0.0,"Temp I/O Read Time":0.0,"Temp I/O Write Time":0.0},{"Node Type":"Seq Scan","Parent Relationship":"Member","Parallel Aware":false,"Async Capable":false,"Relation Name":"stock","Schema":"public","Alias":"stock","Startup Cost":0.0,"Total Cost":5.62,"Plan Rows":162,"Plan Width":8,"Actual Startup Time":0.0,"Actual Total Time":0.0,"Actual Rows":0,"Actual Loops":0,"Output":["stock.s_i_id","stock.s_w_id","stock.s_quantity"],"Shared Hit Blocks":0,"Shared Read Blocks":0,"Shared Dirtied Blocks":0,"Shared Written Blocks":0,"Local Hit Blocks":0,"Local Read Blocks":0,"Local Dirtied Blocks":0,"Local Written Blocks":0,"Temp Read Blocks":0,"Temp Written Blocks":0,"I/O Read Time":0.0,"I/O Write Time":0.0,"Temp I/O Read Time":0.0,"Temp I/O Write Time":0.0}]},{"Node Type":"Hash","Parent Relationship":"Inner","Parallel Aware":false,"Async Capable":false,"Startup Cost":63.41,"Total Cost":63.41,"Plan Rows":2021,"Plan Width":29,"Actual Rows":1572,"Actual Loops":1,"Output":["item.i_id","item.i_name"],"Shared Hit Blocks":0,"Shared Read Blocks":0,"Shared Dirtied Blocks":0,"Shared Written Blocks":0,"Local Hit Blocks":0,"Local Read Blocks":0,"Local Dirtied Blocks":0,"Local Written Blocks":0,"Temp Read Blocks":0,"Temp Written Blocks":0,"I/O Read Time":0.0,"I/O Write Time":0.0,"Temp I/O Read Time":0.0,"Temp I/O Write Time":0.0,"Plans":[{"Node Type":"Append","Parent Relationship":"Outer","Parallel Aware":false,"Async Capable":false,"Startup Cost":20.0,"Total Cost":63.41,"Plan Rows":2021,"Plan Width":29,"Actual Startup Time":7.27,"Actual Total Time":7.274,"Actual Rows":1572,"Actual Loops":1,"Shared Hit Blocks":0,"Shared Read Blocks":0,"Shared Dirtied Blocks":0,"Shared Written Blocks":0,"Local Hit Blocks":0,"Local Read Blocks":0,"Local Dirtied Blocks":0,"Local Written Blocks":0,"Temp Read Blocks":0,"Temp Written Blocks":0,"I/O Read Time":0.0,"I/O Write Time":0.0,"Temp I/O Read Time":0.0,"Temp I/O Write Time":0.0,"Subplans Removed":0,"Plans":[{"Node Type":"Custom Scan","Parent Relationship":"Member","Custom Plan Provider":"columnar scan","Parallel Aware":false,"Async Capable":false,"Relation Name":"item","Schema":"public","Alias":"item","Startup Cost":20.0,"Total Cost":59.4,"Plan Rows":2020,"Plan Width":29,"Actual Startup Time":7.27,"Actual Total Time":7.271,"Actual Rows":1572,"Actual Loops":1,"Output":["item.i_id","item.i_name"],"Filter":"((item.i_data)::text ~~ '%b'::text)","Rows Removed by Filter":0,"Rows Removed by Columnar Filter":98428,"Columnar cache search mode":"native","Shared Hit Blocks":0,"Shared Read Blocks":0,"Shared Dirtied Blocks":0,"Shared Written Blocks":0,"Local Hit Blocks":0,"Local Read Blocks":0,"Local Dirtied Blocks":0,"Local Written Blocks":0,"Temp Read Blocks":0,"Temp Written Blocks":0,"I/O Read Time":0.0,"I/O Write Time":0.0,"Temp I/O Read Time":0.0,"Temp I/O Write Time":0.0},{"Node Type":"Seq Scan","Parent Relationship":"Member","Parallel Aware":false,"Async Capable":false,"Relation Name":"item","Schema":"public","Alias":"item","Startup Cost":0.0,"Total Cost":4.01,"Plan Rows":1,"Plan Width":29,"Actual Startup Time":0.0,"Actual Total Time":0.0,"Actual Rows":0,"Actual Loops":0,"Output":["item.i_id","item.i_name"],"Filter":"((item.i_data)::text ~~ '%b'::text)","Rows Removed by Filter":0,"Shared Hit Blocks":0,"Shared Read Blocks":0,"Shared Dirtied Blocks":0,"Shared Written Blocks":0,"Local Hit Blocks":0,"Local Read Blocks":0,"Local Dirtied Blocks":0,"Local Written Blocks":0,"Temp Read Blocks":0,"Temp Written Blocks":0,"I/O Read Time":0.0,"I/O Write Time":0.0,"Temp I/O Read Time":0.0,"Temp I/O Write Time":0.0}]}]}]},{"Node Type":"Hash","Parent Relationship":"Inner","Parallel Aware":false,"Async Capable":false,"Startup Cost":427740.92,"Total Cost":427740.92,"Plan Rows":98105,"Plan Width":6,"Actual Startup Time":4363.419,"Actual Total Time":4363.438,"Actual Rows":100000,"Actual Loops":1,"Output":["stock_1.s_i_id","(min(stock_1.s_quantity))"],"Hash Buckets":131072,"Original Hash Buckets":131072,"Hash Batches":1,"Original Hash Batches":1,"Peak Memory Usage":4735,"Shared Hit Blocks":0,"Shared Read Blocks":0,"Shared Dirtied Blocks":0,"Shared Written Blocks":0,"Local Hit Blocks":0,"Local Read Blocks":0,"Local Dirtied Blocks":0,"Local Written Blocks":0,"Temp Read Blocks":4157,"Temp Written Blocks":7564,"I/O Read Time":0.0,"I/O Write Time":0.0,"Temp I/O Read Time":6.259,"Temp I/O Write Time":24.596,"Plans":[{"Node Type":"Aggregate","Strategy":"Hashed","Partial Mode":"Simple","Parent Relationship":"Outer","Parallel Aware":false,"Async Capable":false,"Startup Cost":410153.57,"Total Cost":426759.87,"Plan Rows":98105,"Plan Width":6,"Actual Startup Time":4178.578,"Actual Total Time":4347.393,"Actual Rows":100000,"Actual Loops":1,"Output":["stock_1.s_i_id","min(stock_1.s_quantity)"],"Group Key":["stock_1.s_i_id"],"Planned Partitions":0,"HashAgg Batches":5,"Peak Memory Usage":8241,"Disk Usage":35680,"Shared Hit Blocks":0,"Shared Read Blocks":0,"Shared Dirtied Blocks":0,"Shared Written Blocks":0,"Local Hit Blocks":0,"Local Read Blocks":0,"Local Dirtied Blocks":0,"Local Written Blocks":0,"Temp Read Blocks":4157,"Temp Written Blocks":7564,"I/O Read Time":0.0,"I/O Write Time":0.0,"Temp I/O Read Time":6.259,"Temp I/O Write Time":24.596,"Plans":[{"Node Type":"Hash Join","Parent Relationship":"Outer","Parallel Aware":false,"Async Capable":false,"Join Type":"Inner","Startup Cost":144.76,"Total Cost":297651.77,"Plan Rows":2000032,"Plan Width":6,"Actual Startup Time":1.756,"Actual Total Time":3529.322,"Actual Rows":3474600,"Actual Loops":1,"Output":["stock_1.s_i_id","stock_1.s_quantity"],"Hash Cond":"(mod((stock_1.s_w_id * stock_1.s_i_id), 10000) = supplier_1.su_suppkey)","Shared Hit Blocks":0,"Shared Read Blocks":0,"Shared Dirtied Blocks":0,"Shared Written Blocks":0,"Local Hit Blocks":0,"Local Read Blocks":0,"Local Dirtied Blocks":0,"Local Written Blocks":0,"Temp Read Blocks":0,"Temp Written Blocks":0,"I/O Read Time":0.0,"I/O Write Time":0.0,"Temp I/O Read Time":0.0,"Temp I/O Write Time":0.0,"Plans":[{"Node Type":"Append","Parent Relationship":"Outer","Parallel Aware":false,"Async Capable":false,"Startup Cost":20.0,"Total Cost":215025.67,"Plan Rows":10000162,"Plan Width":8,"Actual Startup Time":0.018,"Actual Total Time":2078.848,"Actual Rows":10000000,"Actual Loops":1,"Shared Hit Blocks":0,"Shared Read Blocks":0,"Shared Dirtied Blocks":0,"Shared Written Blocks":0,"Local Hit Blocks":0,"Local Read Blocks":0,"Local Dirtied Blocks":0,"Local Written Blocks":0,"Temp Read Blocks":0,"Temp Written Blocks":0,"I/O Read Time":0.0,"I/O Write Time":0.0,"Temp I/O Read Time":0.0,"Temp I/O Write Time":0.0,"Subplans Removed":0,"Plans":[{"Node Type":"Custom Scan","Parent Relationship":"Member","Custom Plan Provider":"columnar scan","Parallel Aware":false,"Async Capable":false,"Relation Name":"stock","Schema":"public","Alias":"stock_1","Startup Cost":20.0,"Total Cost":215020.05,"Plan Rows":10000000,"Plan Width":8,"Actual Startup Time":0.018,"Actual Total Time":1378.571,"Actual Rows":10000000,"Actual Loops":1,"Output":["stock_1.s_i_id","stock_1.s_quantity","stock_1.s_w_id"],"Rows Removed by Columnar Filter":0,"Columnar cache search mode":"native","Shared Hit Blocks":0,"Shared Read Blocks":0,"Shared Dirtied Blocks":0,"Shared Written Blocks":0,"Local Hit Blocks":0,"Local Read Blocks":0,"Local Dirtied Blocks":0,"Local Written Blocks":0,"Temp Read Blocks":0,"Temp Written Blocks":0,"I/O Read Time":0.0,"I/O Write Time":0.0,"Temp I/O Read Time":0.0,"Temp I/O Write Time":0.0},{"Node Type":"Seq Scan","Parent Relationship":"Member","Parallel Aware":false,"Async Capable":false,"Relation Name":"stock","Schema":"public","Alias":"stock_1","Startup Cost":0.0,"Total Cost":5.62,"Plan Rows":162,"Plan Width":8,"Actual Startup Time":0.0,"Actual Total Time":0.0,"Actual Rows":0,"Actual Loops":0,"Output":["stock_1.s_i_id","stock_1.s_quantity","stock_1.s_w_id"],"Shared Hit Blocks":0,"Shared Read Blocks":0,"Shared Dirtied Blocks":0,"Shared Written Blocks":0,"Local Hit Blocks":0,"Local Read Blocks":0,"Local Dirtied Blocks":0,"Local Written Blocks":0,"Temp Read Blocks":0,"Temp Written Blocks":0,"I/O Read Time":0.0,"I/O Write Time":0.0,"Temp I/O Read Time":0.0,"Temp I/O Write Time":0.0}]},{"Node Type":"Hash","Parent Relationship":"Inner","Parallel Aware":false,"Async Capable":false,"Startup Cost":99.76,"Total Cost":99.76,"Plan Rows":2000,"Plan Width":4,"Actual Startup Time":1.723,"Actual Total Time":1.74,"Actual Rows":3506,"Actual Loops":1,"Output":["supplier_1.su_suppkey"],"Hash Buckets":4096,"Original Hash Buckets":2048,"Hash Batches":1,"Original Hash Batches":1,"Peak Memory Usage":156,"Shared Hit Blocks":0,"Shared Read Blocks":0,"Shared Dirtied Blocks":0,"Shared Written Blocks":0,"Local Hit Blocks":0,"Local Read Blocks":0,"Local Dirtied Blocks":0,"Local Written Blocks":0,"Temp Read Blocks":0,"Temp Written Blocks":0,"I/O Read Time":0.0,"I/O Write Time":0.0,"Temp I/O Read Time":0.0,"Temp I/O Write Time":0.0,"Plans":[{"Node Type":"Hash Join","Parent Relationship":"Outer","Parallel Aware":false,"Async Capable":false,"Join Type":"Inner","Startup Cost":48.98,"Total Cost":99.76,"Plan Rows":2000,"Plan Width":4,"Actual Startup Time":0.939,"Actual Total Time":1.197,"Actual Rows":3506,"Actual Loops":1,"Output":["supplier_1.su_suppkey"],"Hash Cond":"(supplier_1.su_nationkey = nation_1.n_nationkey)","Rows Removed by Bloom Filter":6494,"Shared Hit Blocks":0,"Shared Read Blocks":0,"Shared Dirtied Blocks":0,"Shared Written Blocks":0,"Local Hit Blocks":0,"Local Read Blocks":0,"Local Dirtied Blocks":0,"Local Written Blocks":0,"Temp Read Blocks":0,"Temp Written Blocks":0,"I/O Read Time":0.0,"I/O Write Time":0.0,"Temp I/O Read Time":0.0,"Temp I/O Write Time":0.0,"Plans":[{"Node Type":"Append","Parent Relationship":"Outer","Parallel Aware":false,"Async Capable":false,"Startup Cost":20.0,"Total Cost":219.01,"Plan Rows":10001,"Plan Width":8,"Actual Startup Time":0.014,"Actual Total Time":0.017,"Actual Rows":10000,"Actual Loops":1,"Shared Hit Blocks":0,"Shared Read Blocks":0,"Shared Dirtied Blocks":0,"Shared Written Blocks":0,"Local Hit Blocks":0,"Local Read Blocks":0,"Local Dirtied Blocks":0,"Local Written Blocks":0,"Temp Read Blocks":0,"Temp Written Blocks":0,"I/O Read Time":0.0,"I/O Write Time":0.0,"Temp I/O Read Time":0.0,"Temp I/O Write Time":0.0,"Subplans Removed":0,"Plans":[{"Node Type":"Custom Scan","Parent Relationship":"Member","Custom Plan Provider":"columnar scan","Parallel Aware":false,"Async Capable":false,"Relation Name":"supplier","Schema":"public","Alias":"supplier_1","Startup Cost":20.0,"Total Cost":215.0,"Plan Rows":10000,"Plan Width":8,"Actual Startup Time":0.013,"Actual Total Time":0.014,"Actual Rows":10000,"Actual Loops":1,"Output":["supplier_1.su_suppkey","supplier_1.su_nationkey"],"Rows Removed by Columnar Filter":0,"Columnar cache search mode":"native","Shared Hit Blocks":0,"Shared Read Blocks":0,"Shared Dirtied Blocks":0,"Shared Written Blocks":0,"Local Hit Blocks":0,"Local Read Blocks":0,"Local Dirtied Blocks":0,"Local Written Blocks":0,"Temp Read Blocks":0,"Temp Written Blocks":0,"I/O Read Time":0.0,"I/O Write Time":0.0,"Temp I/O Read Time":0.0,"Temp I/O Write Time":0.0},{"Node Type":"Seq Scan","Parent Relationship":"Member","Parallel Aware":false,"Async Capable":false,"Relation Name":"supplier","Schema":"public","Alias":"supplier_1","Startup Cost":0.0,"Total Cost":4.01,"Plan Rows":1,"Plan Width":8,"Actual Startup Time":0.0,"Actual Total Time":0.0,"Actual Rows":0,"Actual Loops":0,"Output":["supplier_1.su_suppkey","supplier_1.su_nationkey"],"Shared Hit Blocks":0,"Shared Read Blocks":0,"Shared Dirtied Blocks":0,"Shared Written Blocks":0,"Local Hit Blocks":0,"Local Read Blocks":0,"Local Dirtied Blocks":0,"Local Written Blocks":0,"Temp Read Blocks":0,"Temp Written Blocks":0,"I/O Read Time":0.0,"I/O Write Time":0.0,"Temp I/O Read Time":0.0,"Temp I/O Write Time":0.0}]},{"Node Type":"Hash","Parent Relationship":"Inner","Parallel Aware":false,"Async Capable":false,"Startup Cost":29.02,"Total Cost":29.02,"Plan Rows":12,"Plan Width":4,"Actual Rows":22,"Actual Loops":1,"Output":["nation_1.n_nationkey"],"Shared Hit Blocks":0,"Shared Read Blocks":0,"Shared Dirtied Blocks":0,"Shared Written Blocks":0,"Local Hit Blocks":0,"Local Read Blocks":0,"Local Dirtied Blocks":0,"Local Written Blocks":0,"Temp Read Blocks":0,"Temp Written Blocks":0,"I/O Read Time":0.0,"I/O Write Time":0.0,"Temp I/O Read Time":0.0,"Temp I/O Write Time":0.0,"Plans":[{"Node Type":"Hash Join","Parent Relationship":"Outer","Parallel Aware":false,"Async Capable":false,"Join Type":"Inner","Startup Cost":24.16,"Total Cost":29.02,"Plan Rows":12,"Plan Width":4,"Actual Startup Time":0.324,"Actual Total Time":0.333,"Actual Rows":22,"Actual Loops":1,"Output":["nation_1.n_nationkey"],"Hash Cond":"(region_1.r_regionkey = nation_1.n_regionkey)","Rows Removed by Bloom Filter":0,"Shared Hit Blocks":0,"Shared Read Blocks":0,"Shared Dirtied Blocks":0,"Shared Written Blocks":0,"Local Hit Blocks":0,"Local Read Blocks":0,"Local Dirtied Blocks":0,"Local Written Blocks":0,"Temp Read Blocks":0,"Temp Written Blocks":0,"I/O Read Time":0.0,"I/O Write Time":0.0,"Temp I/O Read Time":0.0,"Temp I/O Write Time":0.0,"Plans":[{"Node Type":"Append","Parent Relationship":"Outer","Parallel Aware":false,"Async Capable":false,"Startup Cost":20.0,"Total Cost":24.04,"Plan Rows":2,"Plan Width":4,"Actual Startup Time":0.014,"Actual Total Time":0.017,"Actual Rows":1,"Actual Loops":1,"Shared Hit Blocks":0,"Shared Read Blocks":0,"Shared Dirtied Blocks":0,"Shared Written Blocks":0,"Local Hit Blocks":0,"Local Read Blocks":0,"Local Dirtied Blocks":0,"Local Written Blocks":0,"Temp Read Blocks":0,"Temp Written Blocks":0,"I/O Read Time":0.0,"I/O Write Time":0.0,"Temp I/O Read Time":0.0,"Temp I/O Write Time":0.0,"Subplans Removed":0,"Plans":[{"Node Type":"Custom Scan","Parent Relationship":"Member","Custom Plan Provider":"columnar scan","Parallel Aware":false,"Async Capable":false,"Relation Name":"region","Schema":"public","Alias":"region_1","Startup Cost":20.0,"Total Cost":20.02,"Plan Rows":1,"Plan Width":4,"Actual Startup Time":0.014,"Actual Total Time":0.014,"Actual Rows":1,"Actual Loops":1,"Output":["region_1.r_regionkey"],"Filter":"((region_1.r_name)::text ~~ 'Europ%'::text)","Rows Removed by Filter":0,"Rows Removed by Columnar Filter":4,"Columnar cache search mode":"native","Shared Hit Blocks":0,"Shared Read Blocks":0,"Shared Dirtied Blocks":0,"Shared Written Blocks":0,"Local Hit Blocks":0,"Local Read Blocks":0,"Local Dirtied Blocks":0,"Local Written Blocks":0,"Temp Read Blocks":0,"Temp Written Blocks":0,"I/O Read Time":0.0,"I/O Write Time":0.0,"Temp I/O Read Time":0.0,"Temp I/O Write Time":0.0},{"Node Type":"Seq Scan","Parent Relationship":"Member","Parallel Aware":false,"Async Capable":false,"Relation Name":"region","Schema":"public","Alias":"region_1","Startup Cost":0.0,"Total Cost":4.01,"Plan Rows":1,"Plan Width":4,"Actual Startup Time":0.0,"Actual Total Time":0.0,"Actual Rows":0,"Actual Loops":0,"Output":["region_1.r_regionkey"],"Filter":"((region_1.r_name)::text ~~ 'Europ%'::text)","Rows Removed by Filter":0,"Shared Hit Blocks":0,"Shared Read Blocks":0,"Shared Dirtied Blocks":0,"Shared Written Blocks":0,"Local Hit Blocks":0,"Local Read Blocks":0,"Local Dirtied Blocks":0,"Local Written Blocks":0,"Temp Read Blocks":0,"Temp Written Blocks":0,"I/O Read Time":0.0,"I/O Write Time":0.0,"Temp I/O Read Time":0.0,"Temp I/O Write Time":0.0}]},{"Node Type":"Hash","Parent Relationship":"Inner","Parallel Aware":false,"Async Capable":false,"Startup Cost":25.22,"Total Cost":25.22,"Plan Rows":63,"Plan Width":8,"Actual Rows":62,"Actual Loops":1,"Output":["nation_1.n_nationkey","nation_1.n_regionkey"],"Shared Hit Blocks":0,"Shared Read Blocks":0,"Shared Dirtied Blocks":0,"Shared Written Blocks":0,"Local Hit Blocks":0,"Local Read Blocks":0,"Local Dirtied Blocks":0,"Local Written Blocks":0,"Temp Read Blocks":0,"Temp Written Blocks":0,"I/O Read Time":0.0,"I/O Write Time":0.0,"Temp I/O Read Time":0.0,"Temp I/O Write Time":0.0,"Plans":[{"Node Type":"Append","Parent Relationship":"Outer","Parallel Aware":false,"Async Capable":false,"Startup Cost":20.0,"Total Cost":25.22,"Plan Rows":63,"Plan Width":8,"Actual Startup Time":0.006,"Actual Total Time":0.009,"Actual Rows":62,"Actual Loops":1,"Shared Hit Blocks":0,"Shared Read Blocks":0,"Shared Dirtied Blocks":0,"Shared Written Blocks":0,"Local Hit Blocks":0,"Local Read Blocks":0,"Local Dirtied Blocks":0,"Local Written Blocks":0,"Temp Read Blocks":0,"Temp Written Blocks":0,"I/O Read Time":0.0,"I/O Write Time":0.0,"Temp I/O Read Time":0.0,"Temp I/O Write Time":0.0,"Subplans Removed":0,"Plans":[{"Node Type":"Custom Scan","Parent Relationship":"Member","Custom Plan Provider":"columnar scan","Parallel Aware":false,"Async Capable":false,"Relation Name":"nation","Schema":"public","Alias":"nation_1","Startup Cost":20.0,"Total Cost":21.21,"Plan Rows":62,"Plan Width":8,"Actual Startup Time":0.005,"Actual Total Time":0.006,"Actual Rows":62,"Actual Loops":1,"Output":["nation_1.n_nationkey","nation_1.n_regionkey"],"Rows Removed by Columnar Filter":0,"Columnar cache search mode":"native","Shared Hit Blocks":0,"Shared Read Blocks":0,"Shared Dirtied Blocks":0,"Shared Written Blocks":0,"Local Hit Blocks":0,"Local Read Blocks":0,"Local Dirtied Blocks":0,"Local Written Blocks":0,"Temp Read Blocks":0,"Temp Written Blocks":0,"I/O Read Time":0.0,"I/O Write Time":0.0,"Temp I/O Read Time":0.0,"Temp I/O Write Time":0.0},{"Node Type":"Seq Scan","Parent Relationship":"Member","Parallel Aware":false,"Async Capable":false,"Relation Name":"nation","Schema":"public","Alias":"nation_1","Startup Cost":0.0,"Total Cost":4.01,"Plan Rows":1,"Plan Width":8,"Actual Startup Time":0.0,"Actual Total Time":0.0,"Actual Rows":0,"Actual Loops":0,"Output":["nation_1.n_nationkey","nation_1.n_regionkey"],"Shared Hit Blocks":0,"Shared Read Blocks":0,"Shared Dirtied Blocks":0,"Shared Written Blocks":0,"Local Hit Blocks":0,"Local Read Blocks":0,"Local Dirtied Blocks":0,"Local Written Blocks":0,"Temp Read Blocks":0,"Temp Written Blocks":0,"I/O Read Time":0.0,"I/O Write Time":0.0,"Temp I/O Read Time":0.0,"Temp I/O Write Time":0.0}]}]}]}]}]}]}]}]}]}]},{"Node Type":"Hash","Parent Relationship":"Inner","Parallel Aware":false,"Async Capable":false,"Startup Cost":106.57,"Total Cost":106.57,"Plan Rows":2000,"Plan Width":135,"Actual Startup Time":3.664,"Actual Total Time":3.683,"Actual Rows":3506,"Actual Loops":1,"Output":["supplier.su_suppkey","supplier.su_name","supplier.su_address","supplier.su_phone","supplier.su_comment","nation.n_name"],"Hash Buckets":4096,"Original Hash Buckets":2048,"Hash Batches":1,"Original Hash Batches":1,"Peak Memory Usage":614,"Shared Hit Blocks":0,"Shared Read Blocks":0,"Shared Dirtied Blocks":0,"Shared Written Blocks":0,"Local Hit Blocks":0,"Local Read Blocks":0,"Local Dirtied Blocks":0,"Local Written Blocks":0,"Temp Read Blocks":0,"Temp Written Blocks":0,"I/O Read Time":0.0,"I/O Write Time":0.0,"Temp I/O Read Time":0.0,"Temp I/O Write Time":0.0,"Plans":[{"Node Type":"Hash Join","Parent Relationship":"Outer","Parallel Aware":false,"Async Capable":false,"Join Type":"Inner","Startup Cost":49.06,"Total Cost":106.57,"Plan Rows":2000,"Plan Width":135,"Actual Startup Time":1.735,"Actual Total Time":2.109,"Actual Rows":3506,"Actual Loops":1,"Output":["supplier.su_suppkey","supplier.su_name","supplier.su_address","supplier.su_phone","supplier.su_comment","nation.n_name"],"Hash Cond":"(supplier.su_nationkey = nation.n_nationkey)","Rows Removed by Bloom Filter":6494,"Shared Hit Blocks":0,"Shared Read Blocks":0,"Shared Dirtied Blocks":0,"Shared Written Blocks":0,"Local Hit Blocks":0,"Local Read Blocks":0,"Local Dirtied Blocks":0,"Local Written Blocks":0,"Temp Read Blocks":0,"Temp Written Blocks":0,"I/O Read Time":0.0,"I/O Write Time":0.0,"Temp I/O Read Time":0.0,"Temp I/O Write Time":0.0,"Plans":[{"Node Type":"Append","Parent Relationship":"Outer","Parallel Aware":false,"Async Capable":false,"Startup Cost":20.0,"Total Cost":299.01,"Plan Rows":10001,"Plan Width":131,"Actual Startup Time":0.016,"Actual Total Time":0.019,"Actual Rows":10000,"Actual Loops":1,"Shared Hit Blocks":0,"Shared Read Blocks":0,"Shared Dirtied Blocks":0,"Shared Written Blocks":0,"Local Hit Blocks":0,"Local Read Blocks":0,"Local Dirtied Blocks":0,"Local Written Blocks":0,"Temp Read Blocks":0,"Temp Written Blocks":0,"I/O Read Time":0.0,"I/O Write Time":0.0,"Temp I/O Read Time":0.0,"Temp I/O Write Time":0.0,"Subplans Removed":0,"Plans":[{"Node Type":"Custom Scan","Parent Relationship":"Member","Custom Plan Provider":"columnar scan","Parallel Aware":false,"Async Capable":false,"Relation Name":"supplier","Schema":"public","Alias":"supplier","Startup Cost":20.0,"Total Cost":295.0,"Plan Rows":10000,"Plan Width":131,"Actual Startup Time":0.015,"Actual Total Time":0.017,"Actual Rows":10000,"Actual Loops":1,"Output":["supplier.su_suppkey","supplier.su_name","supplier.su_address","supplier.su_phone","supplier.su_comment","supplier.su_nationkey"],"Rows Removed by Columnar Filter":0,"Columnar cache search mode":"native","Shared Hit Blocks":0,"Shared Read Blocks":0,"Shared Dirtied Blocks":0,"Shared Written Blocks":0,"Local Hit Blocks":0,"Local Read Blocks":0,"Local Dirtied Blocks":0,"Local Written Blocks":0,"Temp Read Blocks":0,"Temp Written Blocks":0,"I/O Read Time":0.0,"I/O Write Time":0.0,"Temp I/O Read Time":0.0,"Temp I/O Write Time":0.0},{"Node Type":"Seq Scan","Parent Relationship":"Member","Parallel Aware":false,"Async Capable":false,"Relation Name":"supplier","Schema":"public","Alias":"supplier","Startup Cost":0.0,"Total Cost":4.01,"Plan Rows":1,"Plan Width":131,"Actual Startup Time":0.0,"Actual Total Time":0.0,"Actual Rows":0,"Actual Loops":0,"Output":["supplier.su_suppkey","supplier.su_name","supplier.su_address","supplier.su_phone","supplier.su_comment","supplier.su_nationkey"],"Shared Hit Blocks":0,"Shared Read Blocks":0,"Shared Dirtied Blocks":0,"Shared Written Blocks":0,"Local Hit Blocks":0,"Local Read Blocks":0,"Local Dirtied Blocks":0,"Local Written Blocks":0,"Temp Read Blocks":0,"Temp Written Blocks":0,"I/O Read Time":0.0,"I/O Write Time":0.0,"Temp I/O Read Time":0.0,"Temp I/O Write Time":0.0}]},{"Node Type":"Hash","Parent Relationship":"Inner","Parallel Aware":false,"Async Capable":false,"Startup Cost":29.1,"Total Cost":29.1,"Plan Rows":12,"Plan Width":12,"Actual Rows":22,"Actual Loops":1,"Output":["nation.n_name","nation.n_nationkey"],"Shared Hit Blocks":0,"Shared Read Blocks":0,"Shared Dirtied Blocks":0,"Shared Written Blocks":0,"Local Hit Blocks":0,"Local Read Blocks":0,"Local Dirtied Blocks":0,"Local Written Blocks":0,"Temp Read Blocks":0,"Temp Written Blocks":0,"I/O Read Time":0.0,"I/O Write Time":0.0,"Temp I/O Read Time":0.0,"Temp I/O Write Time":0.0,"Plans":[{"Node Type":"Hash Join","Parent Relationship":"Outer","Parallel Aware":false,"Async Capable":false,"Join Type":"Inner","Startup Cost":24.16,"Total Cost":29.1,"Plan Rows":12,"Plan Width":12,"Actual Startup Time":0.553,"Actual Total Time":0.562,"Actual Rows":22,"Actual Loops":1,"Output":["nation.n_name","nation.n_nationkey"],"Hash Cond":"(region.r_regionkey = nation.n_regionkey)","Rows Removed by Bloom Filter":0,"Shared Hit Blocks":0,"Shared Read Blocks":0,"Shared Dirtied Blocks":0,"Shared Written Blocks":0,"Local Hit Blocks":0,"Local Read Blocks":0,"Local Dirtied Blocks":0,"Local Written Blocks":0,"Temp Read Blocks":0,"Temp Written Blocks":0,"I/O Read Time":0.0,"I/O Write Time":0.0,"Temp I/O Read Time":0.0,"Temp I/O Write Time":0.0,"Plans":[{"Node Type":"Append","Parent Relationship":"Outer","Parallel Aware":false,"Async Capable":false,"Startup Cost":20.0,"Total Cost":24.04,"Plan Rows":2,"Plan Width":4,"Actual Startup Time":0.018,"Actual Total Time":0.02,"Actual Rows":1,"Actual Loops":1,"Shared Hit Blocks":0,"Shared Read Blocks":0,"Shared Dirtied Blocks":0,"Shared Written Blocks":0,"Local Hit Blocks":0,"Local Read Blocks":0,"Local Dirtied Blocks":0,"Local Written Blocks":0,"Temp Read Blocks":0,"Temp Written Blocks":0,"I/O Read Time":0.0,"I/O Write Time":0.0,"Temp I/O Read Time":0.0,"Temp I/O Write Time":0.0,"Subplans Removed":0,"Plans":[{"Node Type":"Custom Scan","Parent Relationship":"Member","Custom Plan Provider":"columnar scan","Parallel Aware":false,"Async Capable":false,"Relation Name":"region","Schema":"public","Alias":"region","Startup Cost":20.0,"Total Cost":20.02,"Plan Rows":1,"Plan Width":4,"Actual Startup Time":0.018,"Actual Total Time":0.018,"Actual Rows":1,"Actual Loops":1,"Output":["region.r_regionkey"],"Filter":"((region.r_name)::text ~~ 'Europ%'::text)","Rows Removed by Filter":0,"Rows Removed by Columnar Filter":4,"Columnar cache search mode":"native","Shared Hit Blocks":0,"Shared Read Blocks":0,"Shared Dirtied Blocks":0,"Shared Written Blocks":0,"Local Hit Blocks":0,"Local Read Blocks":0,"Local Dirtied Blocks":0,"Local Written Blocks":0,"Temp Read Blocks":0,"Temp Written Blocks":0,"I/O Read Time":0.0,"I/O Write Time":0.0,"Temp I/O Read Time":0.0,"Temp I/O Write Time":0.0},{"Node Type":"Seq Scan","Parent Relationship":"Member","Parallel Aware":false,"Async Capable":false,"Relation Name":"region","Schema":"public","Alias":"region","Startup Cost":0.0,"Total Cost":4.01,"Plan Rows":1,"Plan Width":4,"Actual Startup Time":0.0,"Actual Total Time":0.0,"Actual Rows":0,"Actual Loops":0,"Output":["region.r_regionkey"],"Filter":"((region.r_name)::text ~~ 'Europ%'::text)","Rows Removed by Filter":0,"Shared Hit Blocks":0,"Shared Read Blocks":0,"Shared Dirtied Blocks":0,"Shared Written Blocks":0,"Local Hit Blocks":0,"Local Read Blocks":0,"Local Dirtied Blocks":0,"Local Written Blocks":0,"Temp Read Blocks":0,"Temp Written Blocks":0,"I/O Read Time":0.0,"I/O Write Time":0.0,"Temp I/O Read Time":0.0,"Temp I/O Write Time":0.0}]},{"Node Type":"Hash","Parent Relationship":"Inner","Parallel Aware":false,"Async Capable":false,"Startup Cost":25.34,"Total Cost":25.34,"Plan Rows":63,"Plan Width":16,"Actual Rows":62,"Actual Loops":1,"Output":["nation.n_name","nation.n_nationkey","nation.n_regionkey"],"Shared Hit Blocks":0,"Shared Read Blocks":0,"Shared Dirtied Blocks":0,"Shared Written Blocks":0,"Local Hit Blocks":0,"Local Read Blocks":0,"Local Dirtied Blocks":0,"Local Written Blocks":0,"Temp Read Blocks":0,"Temp Written Blocks":0,"I/O Read Time":0.0,"I/O Write Time":0.0,"Temp I/O Read Time":0.0,"Temp I/O Write Time":0.0,"Plans":[{"Node Type":"Append","Parent Relationship":"Outer","Parallel Aware":false,"Async Capable":false,"Startup Cost":20.0,"Total Cost":25.34,"Plan Rows":63,"Plan Width":16,"Actual Startup Time":0.016,"Actual Total Time":0.018,"Actual Rows":62,"Actual Loops":1,"Shared Hit Blocks":0,"Shared Read Blocks":0,"Shared Dirtied Blocks":0,"Shared Written Blocks":0,"Local Hit Blocks":0,"Local Read Blocks":0,"Local Dirtied Blocks":0,"Local Written Blocks":0,"Temp Read Blocks":0,"Temp Written Blocks":0,"I/O Read Time":0.0,"I/O Write Time":0.0,"Temp I/O Read Time":0.0,"Temp I/O Write Time":0.0,"Subplans Removed":0,"Plans":[{"Node Type":"Custom Scan","Parent Relationship":"Member","Custom Plan Provider":"columnar scan","Parallel Aware":false,"Async Capable":false,"Relation Name":"nation","Schema":"public","Alias":"nation","Startup Cost":20.0,"Total Cost":21.33,"Plan Rows":62,"Plan Width":16,"Actual Startup Time":0.014,"Actual Total Time":0.015,"Actual Rows":62,"Actual Loops":1,"Output":["nation.n_name","nation.n_nationkey","nation.n_regionkey"],"Rows Removed by Columnar Filter":0,"Columnar cache search mode":"native","Shared Hit Blocks":0,"Shared Read Blocks":0,"Shared Dirtied Blocks":0,"Shared Written Blocks":0,"Local Hit Blocks":0,"Local Read Blocks":0,"Local Dirtied Blocks":0,"Local Written Blocks":0,"Temp Read Blocks":0,"Temp Written Blocks":0,"I/O Read Time":0.0,"I/O Write Time":0.0,"Temp I/O Read Time":0.0,"Temp I/O Write Time":0.0},{"Node Type":"Seq Scan","Parent Relationship":"Member","Parallel Aware":false,"Async Capable":false,"Relation Name":"nation","Schema":"public","Alias":"nation","Startup Cost":0.0,"Total Cost":4.01,"Plan Rows":1,"Plan Width":16,"Actual Startup Time":0.0,"Actual Total Time":0.0,"Actual Rows":0,"Actual Loops":0,"Output":["nation.n_name","nation.n_nationkey","nation.n_regionkey"],"Shared Hit Blocks":0,"Shared Read Blocks":0,"Shared Dirtied Blocks":0,"Shared Written Blocks":0,"Local Hit Blocks":0,"Local Read Blocks":0,"Local Dirtied Blocks":0,"Local Written Blocks":0,"Temp Read Blocks":0,"Temp Written Blocks":0,"I/O Read Time":0.0,"I/O Write Time":0.0,"Temp I/O Read Time":0.0,"Temp I/O Write Time":0.0}]}]}]}]}]}]}]}]},"Planning":{"Shared Hit Blocks":36,"Shared Read Blocks":0,"Shared Dirtied Blocks":0,"Shared Written Blocks":0,"Local Hit Blocks":0,"Local Read Blocks":0,"Local Dirtied Blocks":0,"Local Written Blocks":0,"Temp Read Blocks":0,"Temp Written Blocks":0,"I/O Read Time":0.0,"I/O Write Time":0.0,"Temp I/O Read Time":0.0,"Temp I/O Write Time":0.0},"Planning Time":1.714,"Triggers":[],"Execution Time":4561.293}]
