[列存组合]: 无列存
[{"Plan":{"Node Type":"Limit","Parallel Aware":false,"Async Capable":false,"Startup Cost":605736.36,"Total Cost":605738.86,"Plan Rows":1000,"Plan Width":52,"Actual Startup Time":2648.212,"Actual Total Time":2648.324,"Actual Rows":1000,"Actual Loops":1,"Output":["order_line.ol_o_id","order_line.ol_w_id","order_line.ol_d_id","(sum(order_line.ol_amount))","orders.o_entry_d"],"Shared Hit Blocks":300761,"Shared Read Blocks":258174,"Shared Dirtied Blocks":0,"Shared Written Blocks":0,"Local Hit Blocks":0,"Local Read Blocks":0,"Local Dirtied Blocks":0,"Local Written Blocks":0,"Temp Read Blocks":1456,"Temp Written Blocks":1462,"I/O Read Time":1040.084,"I/O Write Time":0.0,"Temp I/O Read Time":2.314,"Temp I/O Write Time":5.619,"Plans":[{"Node Type":"Sort","Parent Relationship":"Outer","Parallel Aware":false,"Async Capable":false,"Startup Cost":605736.36,"Total Cost":606074.68,"Plan Rows":135330,"Plan Width":52,"Actual Startup Time":2648.21,"Actual Total Time":2648.256,"Actual Rows":1000,"Actual Loops":1,"Output":["order_line.ol_o_id","order_line.ol_w_id","order_line.ol_d_id","(sum(order_line.ol_amount))","orders.o_entry_d"],"Sort Key":["(sum(order_line.ol_amount)) DESC","orders.o_entry_d"],"Sort Method":"top-N heapsort","Sort Space Used":182,"Sort Space Type":"Memory","Shared Hit Blocks":300761,"Shared Read Blocks":258174,"Shared Dirtied Blocks":0,"Shared Written Blocks":0,"Local Hit Blocks":0,"Local Read Blocks":0,"Local Dirtied Blocks":0,"Local Written Blocks":0,"Temp Read Blocks":1456,"Temp Written Blocks":1462,"I/O Read Time":1040.084,"I/O Write Time":0.0,"Temp I/O Read Time":2.314,"Temp I/O Write Time":5.619,"Plans":[{"Node Type":"Aggregate","Strategy":"Sorted","Partial Mode":"Simple","Parent Relationship":"Outer","Parallel Aware":false,"Async Capable":false,"Startup Cost":594594.79,"Total Cost":598316.36,"Plan Rows":135330,"Plan Width":52,"Actual Startup Time":2550.343,"Actual Total Time":2639.361,"Actual Rows":28902,"Actual Loops":1,"Output":["order_line.ol_o_id","order_line.ol_w_id","order_line.ol_d_id","sum(order_line.ol_amount)","orders.o_entry_d"],"Group Key":["order_line.ol_o_id","order_line.ol_w_id","order_line.ol_d_id","orders.o_entry_d"],"Shared Hit Blocks":300755,"Shared Read Blocks":258174,"Shared Dirtied Blocks":0,"Shared Written Blocks":0,"Local Hit Blocks":0,"Local Read Blocks":0,"Local Dirtied Blocks":0,"Local Written Blocks":0,"Temp Read Blocks":1456,"Temp Written Blocks":1462,"I/O Read Time":1040.084,"I/O Write Time":0.0,"Temp I/O Read Time":2.314,"Temp I/O Write Time":5.619,"Plans":[{"Node Type":"Sort","Parent Relationship":"Outer","Parallel Aware":false,"Async Capable":false,"Startup Cost":594594.79,"Total Cost":594933.11,"Plan Rows":135330,"Plan Width":24,"Actual Startup Time":2550.321,"Actual Total Time":2582.004,"Actual Rows":289753,"Actual Loops":1,"Output":["order_line.ol_o_id","order_line.ol_w_id","order_line.ol_d_id","orders.o_entry_d","order_line.ol_amount"],"Sort Key":["order_line.ol_o_id","order_line.ol_w_id","order_line.ol_d_id","orders.o_entry_d"],"Sort Method":"external merge","Sort Space Used":11648,"Sort Space Type":"Disk","Shared Hit Blocks":300755,"Shared Read Blocks":258174,"Shared Dirtied Blocks":0,"Shared Written Blocks":0,"Local Hit Blocks":0,"Local Read Blocks":0,"Local Dirtied Blocks":0,"Local Written Blocks":0,"Temp Read Blocks":1456,"Temp Written Blocks":1462,"I/O Read Time":1040.084,"I/O Write Time":0.0,"Temp I/O Read Time":2.314,"Temp I/O Write Time":5.619,"Plans":[{"Node Type":"Nested Loop","Parent Relationship":"Outer","Parallel Aware":false,"Async Capable":false,"Join Type":"Inner","Startup Cost":268547.72,"Total Cost":580285.03,"Plan Rows":135330,"Plan Width":24,"Actual Startup Time":1526.111,"Actual Total Time":2463.076,"Actual Rows":289753,"Actual Loops":1,"Output":["order_line.ol_o_id","order_line.ol_w_id","order_line.ol_d_id","orders.o_entry_d","order_line.ol_amount"],"Inner Unique":false,"Join Filter":"((customer.c_w_id = order_line.ol_w_id) AND (customer.c_d_id = order_line.ol_d_id) AND (new_orders.no_o_id = order_line.ol_o_id))","Rows Removed by Join Filter":0,"Shared Hit Blocks":300752,"Shared Read Blocks":258174,"Shared Dirtied Blocks":0,"Shared Written Blocks":0,"Local Hit Blocks":0,"Local Read Blocks":0,"Local Dirtied Blocks":0,"Local Written Blocks":0,"Temp Read Blocks":0,"Temp Written Blocks":0,"I/O Read Time":1040.084,"I/O Write Time":0.0,"Temp I/O Read Time":0.0,"Temp I/O Write Time":0.0,"Plans":[{"Node Type":"Nested Loop","Parent Relationship":"Outer","Parallel Aware":false,"Async Capable":false,"Join Type":"Inner","Startup Cost":268547.16,"Total Cost":385177.31,"Plan Rows":13534,"Plan Width":36,"Actual Startup Time":1526.05,"Actual Total Time":2139.29,"Actual Rows":28902,"Actual Loops":1,"Output":["customer.c_w_id","customer.c_d_id","new_orders.no_w_id","new_orders.no_d_id","new_orders.no_o_id","orders.o_entry_d","orders.o_w_id","orders.o_d_id","orders.o_id"],"Inner Unique":true,"Join Filter":"((customer.c_w_id = new_orders.no_w_id) AND (customer.c_d_id = new_orders.no_d_id))","Rows Removed by Join Filter":0,"Shared Hit Blocks":174774,"Shared Read Blocks":235122,"Shared Dirtied Blocks":0,"Shared Written Blocks":0,"Local Hit Blocks":0,"Local Read Blocks":0,"Local Dirtied Blocks":0,"Local Written Blocks":0,"Temp Read Blocks":0,"Temp Written Blocks":0,"I/O Read Time":942.486,"I/O Write Time":0.0,"Temp I/O Read Time":0.0,"Temp I/O Write Time":0.0,"Plans":[{"Node Type":"Hash Join","Parent Relationship":"Outer","Parallel Aware":false,"Async Capable":false,"Join Type":"Inner","Startup Cost":268546.73,"Total Cost":341038.81,"Plan Rows":45131,"Plan Width":24,"Actual Startup Time":1515.781,"Actual Total Time":2024.119,"Actual Rows":52744,"Actual Loops":1,"Output":["customer.c_w_id","customer.c_d_id","orders.o_entry_d","orders.o_w_id","orders.o_d_id","orders.o_id"],"Inner Unique":true,"Hash Cond":"((orders.o_c_id = customer.c_id) AND (orders.o_w_id = customer.c_w_id) AND (orders.o_d_id = customer.c_d_id))","Shared Hit Blocks":20008,"Shared Read Blocks":231655,"Shared Dirtied Blocks":0,"Shared Written Blocks":0,"Local Hit Blocks":0,"Local Read Blocks":0,"Local Dirtied Blocks":0,"Local Written Blocks":0,"Temp Read Blocks":0,"Temp Written Blocks":0,"I/O Read Time":927.258,"I/O Write Time":0.0,"Temp I/O Read Time":0.0,"Temp I/O Write Time":0.0,"Plans":[{"Node Type":"Seq Scan","Parent Relationship":"Outer","Parallel Aware":false,"Async Capable":false,"Relation Name":"orders","Schema":"public","Alias":"orders","Startup Cost":0.0,"Total Cost":59559.0,"Plan Rows":1642293,"Plan Width":24,"Actual Startup Time":4.38,"Actual Total Time":265.941,"Actual Rows":1635222,"Actual Loops":1,"Output":["orders.o_id","orders.o_d_id","orders.o_w_id","orders.o_c_id","orders.o_entry_d","orders.o_carrier_id","orders.o_ol_cnt","orders.o_all_local"],"Filter":"(orders.o_entry_d > '1995-03-08 20:10:02.27764'::timestamp without time zone)","Rows Removed by Filter":1364778,"Shared Hit Blocks":20008,"Shared Read Blocks":2051,"Shared Dirtied Blocks":0,"Shared Written Blocks":0,"Local Hit Blocks":0,"Local Read Blocks":0,"Local Dirtied Blocks":0,"Local Written Blocks":0,"Temp Read Blocks":0,"Temp Written Blocks":0,"I/O Read Time":8.825,"I/O Write Time":0.0,"Temp I/O Read Time":0.0,"Temp I/O Write Time":0.0},{"Node Type":"Hash","Parent Relationship":"Inner","Parallel Aware":false,"Async Capable":false,"Startup Cost":267104.0,"Total Cost":267104.0,"Plan Rows":82442,"Plan Width":8,"Actual Startup Time":1511.323,"Actual Total Time":1511.325,"Actual Rows":96700,"Actual Loops":1,"Output":["customer.c_id","customer.c_w_id","customer.c_d_id"],"Hash Buckets":131072,"Original Hash Buckets":131072,"Hash Batches":1,"Original Hash Batches":1,"Peak Memory Usage":4802,"Shared Hit Blocks":0,"Shared Read Blocks":229604,"Shared Dirtied Blocks":0,"Shared Written Blocks":0,"Local Hit Blocks":0,"Local Read Blocks":0,"Local Dirtied Blocks":0,"Local Written Blocks":0,"Temp Read Blocks":0,"Temp Written Blocks":0,"I/O Read Time":918.433,"I/O Write Time":0.0,"Temp I/O Read Time":0.0,"Temp I/O Write Time":0.0,"Plans":[{"Node Type":"Seq Scan","Parent Relationship":"Outer","Parallel Aware":false,"Async Capable":false,"Relation Name":"customer","Schema":"public","Alias":"customer","Startup Cost":0.0,"Total Cost":267104.0,"Plan Rows":82442,"Plan Width":8,"Actual Startup Time":0.018,"Actual Total Time":1484.733,"Actual Rows":96700,"Actual Loops":1,"Output":["customer.c_id","customer.c_w_id","customer.c_d_id"],"Filter":"(customer.c_state ~~ 'A%'::text)","Rows Removed by Filter":2903300,"Shared Hit Blocks":0,"Shared Read Blocks":229604,"Shared Dirtied Blocks":0,"Shared Written Blocks":0,"Local Hit Blocks":0,"Local Read Blocks":0,"Local Dirtied Blocks":0,"Local Written Blocks":0,"Temp Read Blocks":0,"Temp Written Blocks":0,"I/O Read Time":918.433,"I/O Write Time":0.0,"Temp I/O Read Time":0.0,"Temp I/O Write Time":0.0}]}]},{"Node Type":"Index Only Scan","Parent Relationship":"Inner","Parallel Aware":false,"Async Capable":false,"Scan Direction":"Forward","Index Name":"new_orders_pk","Relation Name":"new_orders","Schema":"public","Alias":"new_orders","Startup Cost":0.42,"Total Cost":0.96,"Plan Rows":1,"Plan Width":12,"Actual Startup Time":0.002,"Actual Total Time":0.002,"Actual Rows":1,"Actual Loops":52744,"Output":["new_orders.no_w_id","new_orders.no_d_id","new_orders.no_o_id"],"Index Cond":"((new_orders.no_w_id = orders.o_w_id) AND (new_orders.no_d_id = orders.o_d_id) AND (new_orders.no_o_id = orders.o_id))","Rows Removed by Index Recheck":0,"Heap Fetches":0,"Shared Hit Blocks":154766,"Shared Read Blocks":3467,"Shared Dirtied Blocks":0,"Shared Written Blocks":0,"Local Hit Blocks":0,"Local Read Blocks":0,"Local Dirtied Blocks":0,"Local Written Blocks":0,"Temp Read Blocks":0,"Temp Written Blocks":0,"I/O Read Time":15.229,"I/O Write Time":0.0,"Temp I/O Read Time":0.0,"Temp I/O Write Time":0.0}]},{"Node Type":"Index Scan","Parent Relationship":"Inner","Parallel Aware":false,"Async Capable":false,"Scan Direction":"Forward","Index Name":"order_line_pk","Relation Name":"order_line","Schema":"public","Alias":"order_line","Startup Cost":0.56,"Total Cost":14.24,"Plan Rows":10,"Plan Width":16,"Actual Startup Time":0.007,"Actual Total Time":0.009,"Actual Rows":10,"Actual Loops":28902,"Output":["order_line.ol_o_id","order_line.ol_d_id","order_line.ol_w_id","order_line.ol_number","order_line.ol_i_id","order_line.ol_supply_w_id","order_line.ol_delivery_d","order_line.ol_quantity","order_line.ol_amount","order_line.ol_dist_info"],"Index Cond":"((order_line.ol_w_id = orders.o_w_id) AND (order_line.ol_d_id = orders.o_d_id) AND (order_line.ol_o_id = orders.o_id))","Rows Removed by Index Recheck":0,"Shared Hit Blocks":125978,"Shared Read Blocks":23052,"Shared Dirtied Blocks":0,"Shared Written Blocks":0,"Local Hit Blocks":0,"Local Read Blocks":0,"Local Dirtied Blocks":0,"Local Written Blocks":0,"Temp Read Blocks":0,"Temp Written Blocks":0,"I/O Read Time":97.598,"I/O Write Time":0.0,"Temp I/O Read Time":0.0,"Temp I/O Write Time":0.0}]}]}]}]}]},"Planning":{"Shared Hit Blocks":242,"Shared Read Blocks":2,"Shared Dirtied Blocks":6,"Shared Written Blocks":0,"Local Hit Blocks":0,"Local Read Blocks":0,"Local Dirtied Blocks":0,"Local Written Blocks":0,"Temp Read Blocks":0,"Temp Written Blocks":0,"I/O Read Time":0.013,"I/O Write Time":0.0,"Temp I/O Read Time":0.0,"Temp I/O Write Time":0.0},"Planning Time":2.664,"Triggers":[],"Execution Time":2650.404}]
[列存组合]: customer
[{"Plan":{"Node Type":"Limit","Parallel Aware":false,"Async Capable":false,"Startup Cost":386715.81,"Total Cost":386718.31,"Plan Rows":1000,"Plan Width":52,"Actual Startup Time":1362.402,"Actual Total Time":1362.555,"Actual Rows":1000,"Actual Loops":1,"Output":["order_line.ol_o_id","order_line.ol_w_id","order_line.ol_d_id","(sum(order_line.ol_amount))","orders.o_entry_d"],"Shared Hit Blocks":171089,"Shared Read Blocks":4865,"Shared Dirtied Blocks":0,"Shared Written Blocks":0,"Local Hit Blocks":0,"Local Read Blocks":0,"Local Dirtied Blocks":0,"Local Written Blocks":0,"Temp Read Blocks":4551,"Temp Written Blocks":5372,"I/O Read Time":19.605,"I/O Write Time":0.0,"Temp I/O Read Time":7.57,"Temp I/O Write Time":22.417,"Plans":[{"Node Type":"Sort","Parent Relationship":"Outer","Parallel Aware":false,"Async Capable":false,"Startup Cost":386715.81,"Total Cost":387081.66,"Plan Rows":146339,"Plan Width":52,"Actual Startup Time":1362.401,"Actual Total Time":1362.469,"Actual Rows":1000,"Actual Loops":1,"Output":["order_line.ol_o_id","order_line.ol_w_id","order_line.ol_d_id","(sum(order_line.ol_amount))","orders.o_entry_d"],"Sort Key":["(sum(order_line.ol_amount)) DESC","orders.o_entry_d"],"Sort Method":"top-N heapsort","Sort Space Used":180,"Sort Space Type":"Memory","Shared Hit Blocks":171089,"Shared Read Blocks":4865,"Shared Dirtied Blocks":0,"Shared Written Blocks":0,"Local Hit Blocks":0,"Local Read Blocks":0,"Local Dirtied Blocks":0,"Local Written Blocks":0,"Temp Read Blocks":4551,"Temp Written Blocks":5372,"I/O Read Time":19.605,"I/O Write Time":0.0,"Temp I/O Read Time":7.57,"Temp I/O Write Time":22.417,"Plans":[{"Node Type":"Aggregate","Strategy":"Hashed","Partial Mode":"Simple","Parent Relationship":"Outer","Parallel Aware":false,"Async Capable":false,"Startup Cost":375148.05,"Total Cost":378692.2,"Plan Rows":146339,"Plan Width":52,"Actual Startup Time":1309.703,"Actual Total Time":1352.926,"Actual Rows":28902,"Actual Loops":1,"Output":["order_line.ol_o_id","order_line.ol_w_id","order_line.ol_d_id","sum(order_line.ol_amount)","orders.o_entry_d"],"Group Key":["order_line.ol_o_id","order_line.ol_w_id","order_line.ol_d_id","orders.o_entry_d"],"Planned Partitions":8,"HashAgg Batches":9,"Peak Memory Usage":8273,"Disk Usage":7504,"Shared Hit Blocks":171089,"Shared Read Blocks":4865,"Shared Dirtied Blocks":0,"Shared Written Blocks":0,"Local Hit Blocks":0,"Local Read Blocks":0,"Local Dirtied Blocks":0,"Local Written Blocks":0,"Temp Read Blocks":4551,"Temp Written Blocks":5372,"I/O Read Time":19.605,"I/O Write Time":0.0,"Temp I/O Read Time":7.57,"Temp I/O Write Time":22.417,"Plans":[{"Node Type":"Nested Loop","Parent Relationship":"Outer","Parallel Aware":false,"Async Capable":false,"Join Type":"Inner","Startup Cost":74764.49,"Total Cost":363532.39,"Plan Rows":146339,"Plan Width":24,"Actual Startup Time":354.053,"Actual Total Time":1232.164,"Actual Rows":289753,"Actual Loops":1,"Output":["order_line.ol_o_id","order_line.ol_w_id","order_line.ol_d_id","orders.o_entry_d","order_line.ol_amount"],"Inner Unique":false,"Join Filter":"((customer.c_w_id = order_line.ol_w_id) AND (customer.c_d_id = order_line.ol_d_id) AND (new_orders.no_o_id = order_line.ol_o_id))","Rows Removed by Join Filter":0,"Shared Hit Blocks":171089,"Shared Read Blocks":4865,"Shared Dirtied Blocks":0,"Shared Written Blocks":0,"Local Hit Blocks":0,"Local Read Blocks":0,"Local Dirtied Blocks":0,"Local Written Blocks":0,"Temp Read Blocks":3760,"Temp Written Blocks":3760,"I/O Read Time":19.605,"I/O Write Time":0.0,"Temp I/O Read Time":6.527,"Temp I/O Write Time":17.515,"Plans":[{"Node Type":"Hash Join","Parent Relationship":"Outer","Parallel Aware":false,"Async Capable":false,"Join Type":"Inner","Startup Cost":74763.93,"Total Cost":152491.29,"Plan Rows":14635,"Plan Width":36,"Actual Startup Time":354.022,"Actual Total Time":973.869,"Actual Rows":28902,"Actual Loops":1,"Output":["customer.c_w_id","customer.c_d_id","new_orders.no_w_id","new_orders.no_d_id","new_orders.no_o_id","orders.o_entry_d","orders.o_w_id","orders.o_d_id","orders.o_id"],"Inner Unique":true,"Hash Cond":"((customer.c_w_id = new_orders.no_w_id) AND (customer.c_d_id = new_orders.no_d_id) AND (orders.o_id = new_orders.no_o_id))","Shared Hit Blocks":22059,"Shared Read Blocks":4865,"Shared Dirtied Blocks":0,"Shared Written Blocks":0,"Local Hit Blocks":0,"Local Read Blocks":0,"Local Dirtied Blocks":0,"Local Written Blocks":0,"Temp Read Blocks":3760,"Temp Written Blocks":3760,"I/O Read Time":19.605,"I/O Write Time":0.0,"Temp I/O Read Time":6.527,"Temp I/O Write Time":17.515,"Plans":[{"Node Type":"Hash Join","Parent Relationship":"Outer","Parallel Aware":false,"Async Capable":false,"Join Type":"Inner","Startup Cost":40753.93,"Total Cost":113127.88,"Plan Rows":48814,"Plan Width":24,"Actual Startup Time":55.662,"Actual Total Time":597.702,"Actual Rows":52744,"Actual Loops":1,"Output":["customer.c_w_id","customer.c_d_id","orders.o_entry_d","orders.o_w_id","orders.o_d_id","orders.o_id"],"Inner Unique":true,"Hash Cond":"((orders.o_c_id = customer.c_id) AND (orders.o_w_id = customer.c_w_id) AND (orders.o_d_id = customer.c_d_id))","Shared Hit Blocks":22059,"Shared Read Blocks":0,"Shared Dirtied Blocks":0,"Shared Written Blocks":0,"Local Hit Blocks":0,"Local Read Blocks":0,"Local Dirtied Blocks":0,"Local Written Blocks":0,"Temp Read Blocks":0,"Temp Written Blocks":0,"I/O Read Time":0.0,"I/O Write Time":0.0,"Temp I/O Read Time":0.0,"Temp I/O Write Time":0.0,"Plans":[{"Node Type":"Seq Scan","Parent Relationship":"Outer","Parallel Aware":false,"Async Capable":false,"Relation Name":"orders","Schema":"public","Alias":"orders","Startup Cost":0.0,"Total Cost":59559.0,"Plan Rows":1627294,"Plan Width":24,"Actual Startup Time":3.217,"Actual Total Time":304.616,"Actual Rows":1635222,"Actual Loops":1,"Output":["orders.o_id","orders.o_d_id","orders.o_w_id","orders.o_c_id","orders.o_entry_d","orders.o_carrier_id","orders.o_ol_cnt","orders.o_all_local"],"Filter":"(orders.o_entry_d > '1995-03-08 20:10:02.27764'::timestamp without time zone)","Rows Removed by Filter":1364778,"Shared Hit Blocks":22059,"Shared Read Blocks":0,"Shared Dirtied Blocks":0,"Shared Written Blocks":0,"Local Hit Blocks":0,"Local Read Blocks":0,"Local Dirtied Blocks":0,"Local Written Blocks":0,"Temp Read Blocks":0,"Temp Written Blocks":0,"I/O Read Time":0.0,"I/O Write Time":0.0,"Temp I/O Read Time":0.0,"Temp I/O Write Time":0.0},{"Node Type":"Hash","Parent Relationship":"Inner","Parallel Aware":false,"Async Capable":false,"Startup Cost":39179.21,"Total Cost":39179.21,"Plan Rows":89984,"Plan Width":8,"Actual Startup Time":52.042,"Actual Total Time":52.05,"Actual Rows":96700,"Actual Loops":1,"Output":["customer.c_id","customer.c_w_id","customer.c_d_id"],"Hash Buckets":131072,"Original Hash Buckets":131072,"Hash Batches":1,"Original Hash Batches":1,"Peak Memory Usage":4802,"Shared Hit Blocks":0,"Shared Read Blocks":0,"Shared Dirtied Blocks":0,"Shared Written Blocks":0,"Local Hit Blocks":0,"Local Read Blocks":0,"Local Dirtied Blocks":0,"Local Written Blocks":0,"Temp Read Blocks":0,"Temp Written Blocks":0,"I/O Read Time":0.0,"I/O Write Time":0.0,"Temp I/O Read Time":0.0,"Temp I/O Write Time":0.0,"Plans":[{"Node Type":"Append","Parent Relationship":"Outer","Parallel Aware":false,"Async Capable":false,"Startup Cost":20.0,"Total Cost":39179.21,"Plan Rows":89984,"Plan Width":8,"Actual Startup Time":0.11,"Actual Total Time":34.679,"Actual Rows":96700,"Actual Loops":1,"Shared Hit Blocks":0,"Shared Read Blocks":0,"Shared Dirtied Blocks":0,"Shared Written Blocks":0,"Local Hit Blocks":0,"Local Read Blocks":0,"Local Dirtied Blocks":0,"Local Written Blocks":0,"Temp Read Blocks":0,"Temp Written Blocks":0,"I/O Read Time":0.0,"I/O Write Time":0.0,"Temp I/O Read Time":0.0,"Temp I/O Write Time":0.0,"Subplans Removed":0,"Plans":[{"Node Type":"Custom Scan","Parent Relationship":"Member","Custom Plan Provider":"columnar scan","Parallel Aware":false,"Async Capable":false,"Relation Name":"customer","Schema":"public","Alias":"customer","Startup Cost":20.0,"Total Cost":1954.95,"Plan Rows":89983,"Plan Width":8,"Actual Startup Time":0.108,"Actual Total Time":26.474,"Actual Rows":96700,"Actual Loops":1,"Output":["customer.c_id","customer.c_w_id","customer.c_d_id"],"Filter":"(customer.c_state ~~ 'A%'::text)","Rows Removed by Filter":0,"Rows Removed by Columnar Filter":2903300,"Columnar cache search mode":"native","Shared Hit Blocks":0,"Shared Read Blocks":0,"Shared Dirtied Blocks":0,"Shared Written Blocks":0,"Local Hit Blocks":0,"Local Read Blocks":0,"Local Dirtied Blocks":0,"Local Written Blocks":0,"Temp Read Blocks":0,"Temp Written Blocks":0,"I/O Read Time":0.0,"I/O Write Time":0.0,"Temp I/O Read Time":0.0,"Temp I/O Write Time":0.0},{"Node Type":"Seq Scan","Parent Relationship":"Member","Parallel Aware":false,"Async Capable":false,"Relation Name":"customer","Schema":"public","Alias":"customer","Startup Cost":0.0,"Total Cost":4.01,"Plan Rows":1,"Plan Width":8,"Actual Startup Time":0.0,"Actual Total Time":0.0,"Actual Rows":0,"Actual Loops":0,"Output":["customer.c_id","customer.c_w_id","customer.c_d_id"],"Filter":"(customer.c_state ~~ 'A%'::text)","Rows Removed by Filter":0,"Shared Hit Blocks":0,"Shared Read Blocks":0,"Shared Dirtied Blocks":0,"Shared Written Blocks":0,"Local Hit Blocks":0,"Local Read Blocks":0,"Local Dirtied Blocks":0,"Local Written Blocks":0,"Temp Read Blocks":0,"Temp Written Blocks":0,"I/O Read Time":0.0,"I/O Write Time":0.0,"Temp I/O Read Time":0.0,"Temp I/O Write Time":0.0}]}]}]},{"Node Type":"Hash","Parent Relationship":"Inner","Parallel Aware":false,"Async Capable":false,"Startup Cost":13865.0,"Total Cost":13865.0,"Plan Rows":900000,"Plan Width":12,"Actual Startup Time":283.426,"Actual Total Time":283.428,"Actual Rows":900000,"Actual Loops":1,"Output":["new_orders.no_w_id","new_orders.no_d_id","new_orders.no_o_id"],"Hash Buckets":262144,"Original Hash Buckets":262144,"Hash Batches":8,"Original Hash Batches":8,"Peak Memory Usage":7322,"Shared Hit Blocks":0,"Shared Read Blocks":4865,"Shared Dirtied Blocks":0,"Shared Written Blocks":0,"Local Hit Blocks":0,"Local Read Blocks":0,"Local Dirtied Blocks":0,"Local Written Blocks":0,"Temp Read Blocks":0,"Temp Written Blocks":3458,"I/O Read Time":19.605,"I/O Write Time":0.0,"Temp I/O Read Time":0.0,"Temp I/O Write Time":15.206,"Plans":[{"Node Type":"Seq Scan","Parent Relationship":"Outer","Parallel Aware":false,"Async Capable":false,"Relation Name":"new_orders","Schema":"public","Alias":"new_orders","Startup Cost":0.0,"Total Cost":13865.0,"Plan Rows":900000,"Plan Width":12,"Actual Startup Time":0.05,"Actual Total Time":122.339,"Actual Rows":900000,"Actual Loops":1,"Output":["new_orders.no_w_id","new_orders.no_d_id","new_orders.no_o_id"],"Shared Hit Blocks":0,"Shared Read Blocks":4865,"Shared Dirtied Blocks":0,"Shared Written Blocks":0,"Local Hit Blocks":0,"Local Read Blocks":0,"Local Dirtied Blocks":0,"Local Written Blocks":0,"Temp Read Blocks":0,"Temp Written Blocks":0,"I/O Read Time":19.605,"I/O Write Time":0.0,"Temp I/O Read Time":0.0,"Temp I/O Write Time":0.0}]}]},{"Node Type":"Index Scan","Parent Relationship":"Inner","Parallel Aware":false,"Async Capable":false,"Scan Direction":"Forward","Index Name":"order_line_pk","Relation Name":"order_line","Schema":"public","Alias":"order_line","Startup Cost":0.56,"Total Cost":14.25,"Plan Rows":10,"Plan Width":16,"Actual Startup Time":0.005,"Actual Total Time":0.007,"Actual Rows":10,"Actual Loops":28902,"Output":["order_line.ol_o_id","order_line.ol_d_id","order_line.ol_w_id","order_line.ol_number","order_line.ol_i_id","order_line.ol_supply_w_id","order_line.ol_delivery_d","order_line.ol_quantity","order_line.ol_amount","order_line.ol_dist_info"],"Index Cond":"((order_line.ol_w_id = orders.o_w_id) AND (order_line.ol_d_id = orders.o_d_id) AND (order_line.ol_o_id = orders.o_id))","Rows Removed by Index Recheck":0,"Shared Hit Blocks":149030,"Shared Read Blocks":0,"Shared Dirtied Blocks":0,"Shared Written Blocks":0,"Local Hit Blocks":0,"Local Read Blocks":0,"Local Dirtied Blocks":0,"Local Written Blocks":0,"Temp Read Blocks":0,"Temp Written Blocks":0,"I/O Read Time":0.0,"I/O Write Time":0.0,"Temp I/O Read Time":0.0,"Temp I/O Write Time":0.0}]}]}]}]},"Planning":{"Shared Hit Blocks":57,"Shared Read Blocks":0,"Shared Dirtied Blocks":0,"Shared Written Blocks":0,"Local Hit Blocks":0,"Local Read Blocks":0,"Local Dirtied Blocks":0,"Local Written Blocks":0,"Temp Read Blocks":0,"Temp Written Blocks":0,"I/O Read Time":0.0,"I/O Write Time":0.0,"Temp I/O Read Time":0.0,"Temp I/O Write Time":0.0},"Planning Time":2.494,"Triggers":[],"Execution Time":1369.514}]
[列存组合]: new_orders
[{"Plan":{"Node Type":"Limit","Parallel Aware":false,"Async Capable":false,"Startup Cost":619059.94,"Total Cost":619062.44,"Plan Rows":1000,"Plan Width":52,"Actual Startup Time":2145.569,"Actual Total Time":2145.68,"Actual Rows":1000,"Actual Loops":1,"Output":["order_line.ol_o_id","order_line.ol_w_id","order_line.ol_d_id","(sum(order_line.ol_amount))","orders.o_entry_d"],"Shared Hit Blocks":405558,"Shared Read Blocks":0,"Shared Dirtied Blocks":0,"Shared Written Blocks":0,"Local Hit Blocks":0,"Local Read Blocks":0,"Local Dirtied Blocks":0,"Local Written Blocks":0,"Temp Read Blocks":5216,"Temp Written Blocks":5222,"I/O Read Time":0.0,"I/O Write Time":0.0,"Temp I/O Read Time":8.434,"Temp I/O Write Time":22.115,"Plans":[{"Node Type":"Sort","Parent Relationship":"Outer","Parallel Aware":false,"Async Capable":false,"Startup Cost":619059.94,"Total Cost":619425.79,"Plan Rows":146339,"Plan Width":52,"Actual Startup Time":2145.567,"Actual Total Time":2145.61,"Actual Rows":1000,"Actual Loops":1,"Output":["order_line.ol_o_id","order_line.ol_w_id","order_line.ol_d_id","(sum(order_line.ol_amount))","orders.o_entry_d"],"Sort Key":["(sum(order_line.ol_amount)) DESC","orders.o_entry_d"],"Sort Method":"top-N heapsort","Sort Space Used":182,"Sort Space Type":"Memory","Shared Hit Blocks":405558,"Shared Read Blocks":0,"Shared Dirtied Blocks":0,"Shared Written Blocks":0,"Local Hit Blocks":0,"Local Read Blocks":0,"Local Dirtied Blocks":0,"Local Written Blocks":0,"Temp Read Blocks":5216,"Temp Written Blocks":5222,"I/O Read Time":0.0,"I/O Write Time":0.0,"Temp I/O Read Time":8.434,"Temp I/O Write Time":22.115,"Plans":[{"Node Type":"Aggregate","Strategy":"Sorted","Partial Mode":"Simple","Parent Relationship":"Outer","Parallel Aware":false,"Async Capable":false,"Startup Cost":607012.01,"Total Cost":611036.33,"Plan Rows":146339,"Plan Width":52,"Actual Startup Time":2047.329,"Actual Total Time":2136.721,"Actual Rows":28902,"Actual Loops":1,"Output":["order_line.ol_o_id","order_line.ol_w_id","order_line.ol_d_id","sum(order_line.ol_amount)","orders.o_entry_d"],"Group Key":["order_line.ol_o_id","order_line.ol_w_id","order_line.ol_d_id","orders.o_entry_d"],"Shared Hit Blocks":405558,"Shared Read Blocks":0,"Shared Dirtied Blocks":0,"Shared Written Blocks":0,"Local Hit Blocks":0,"Local Read Blocks":0,"Local Dirtied Blocks":0,"Local Written Blocks":0,"Temp Read Blocks":5216,"Temp Written Blocks":5222,"I/O Read Time":0.0,"I/O Write Time":0.0,"Temp I/O Read Time":8.434,"Temp I/O Write Time":22.115,"Plans":[{"Node Type":"Sort","Parent Relationship":"Outer","Parallel Aware":false,"Async Capable":false,"Startup Cost":607012.01,"Total Cost":607377.86,"Plan Rows":146339,"Plan Width":24,"Actual Startup Time":2047.313,"Actual Total Time":2080.116,"Actual Rows":289753,"Actual Loops":1,"Output":["order_line.ol_o_id","order_line.ol_w_id","order_line.ol_d_id","orders.o_entry_d","order_line.ol_amount"],"Sort Key":["order_line.ol_o_id","order_line.ol_w_id","order_line.ol_d_id","orders.o_entry_d"],"Sort Method":"external merge","Sort Space Used":11648,"Sort Space Type":"Disk","Shared Hit Blocks":405558,"Shared Read Blocks":0,"Shared Dirtied Blocks":0,"Shared Written Blocks":0,"Local Hit Blocks":0,"Local Read Blocks":0,"Local Dirtied Blocks":0,"Local Written Blocks":0,"Temp Read Blocks":5216,"Temp Written Blocks":5222,"I/O Read Time":0.0,"I/O Write Time":0.0,"Temp I/O Read Time":8.434,"Temp I/O Write Time":22.115,"Plans":[{"Node Type":"Nested Loop","Parent Relationship":"Outer","Parallel Aware":false,"Async Capable":false,"Join Type":"Inner","Startup Cost":302685.99,"Total Cost":591453.89,"Plan Rows":146339,"Plan Width":24,"Actual Startup Time":1179.2,"Actual Total Time":1962.251,"Actual Rows":289753,"Actual Loops":1,"Output":["order_line.ol_o_id","order_line.ol_w_id","order_line.ol_d_id","orders.o_entry_d","order_line.ol_amount"],"Inner Unique":false,"Join Filter":"((customer.c_w_id = order_line.ol_w_id) AND (customer.c_d_id = order_line.ol_d_id) AND (new_orders.no_o_id = order_line.ol_o_id))","Rows Removed by Join Filter":0,"Shared Hit Blocks":405558,"Shared Read Blocks":0,"Shared Dirtied Blocks":0,"Shared Written Blocks":0,"Local Hit Blocks":0,"Local Read Blocks":0,"Local Dirtied Blocks":0,"Local Written Blocks":0,"Temp Read Blocks":3760,"Temp Written Blocks":3760,"I/O Read Time":0.0,"I/O Write Time":0.0,"Temp I/O Read Time":6.366,"Temp I/O Write Time":16.829,"Plans":[{"Node Type":"Hash Join","Parent Relationship":"Outer","Parallel Aware":false,"Async Capable":false,"Join Type":"Inner","Startup Cost":302685.43,"Total Cost":380412.79,"Plan Rows":14635,"Plan Width":36,"Actual Startup Time":1179.169,"Actual Total Time":1716.585,"Actual Rows":28902,"Actual Loops":1,"Output":["customer.c_w_id","customer.c_d_id","new_orders.no_w_id","new_orders.no_d_id","new_orders.no_o_id","orders.o_entry_d","orders.o_w_id","orders.o_d_id","orders.o_id"],"Inner Unique":true,"Hash Cond":"((customer.c_w_id = new_orders.no_w_id) AND (customer.c_d_id = new_orders.no_d_id) AND (orders.o_id = new_orders.no_o_id))","Shared Hit Blocks":256528,"Shared Read Blocks":0,"Shared Dirtied Blocks":0,"Shared Written Blocks":0,"Local Hit Blocks":0,"Local Read Blocks":0,"Local Dirtied Blocks":0,"Local Written Blocks":0,"Temp Read Blocks":3760,"Temp Written Blocks":3760,"I/O Read Time":0.0,"I/O Write Time":0.0,"Temp I/O Read Time":6.366,"Temp I/O Write Time":16.829,"Plans":[{"Node Type":"Hash Join","Parent Relationship":"Outer","Parallel Aware":false,"Async Capable":false,"Join Type":"Inner","Startup Cost":268675.43,"Total Cost":341049.38,"Plan Rows":48814,"Plan Width":24,"Actual Startup Time":909.141,"Actual Total Time":1377.11,"Actual Rows":52744,"Actual Loops":1,"Output":["customer.c_w_id","customer.c_d_id","orders.o_entry_d","orders.o_w_id","orders.o_d_id","orders.o_id"],"Inner Unique":true,"Hash Cond":"((orders.o_c_id = customer.c_id) AND (orders.o_w_id = customer.c_w_id) AND (orders.o_d_id = customer.c_d_id))","Shared Hit Blocks":251663,"Shared Read Blocks":0,"Shared Dirtied Blocks":0,"Shared Written Blocks":0,"Local Hit Blocks":0,"Local Read Blocks":0,"Local Dirtied Blocks":0,"Local Written Blocks":0,"Temp Read Blocks":0,"Temp Written Blocks":0,"I/O Read Time":0.0,"I/O Write Time":0.0,"Temp I/O Read Time":0.0,"Temp I/O Write Time":0.0,"Plans":[{"Node Type":"Seq Scan","Parent Relationship":"Outer","Parallel Aware":false,"Async Capable":false,"Relation Name":"orders","Schema":"public","Alias":"orders","Startup Cost":0.0,"Total Cost":59559.0,"Plan Rows":1627294,"Plan Width":24,"Actual Startup Time":3.209,"Actual Total Time":245.026,"Actual Rows":1635222,"Actual Loops":1,"Output":["orders.o_id","orders.o_d_id","orders.o_w_id","orders.o_c_id","orders.o_entry_d","orders.o_carrier_id","orders.o_ol_cnt","orders.o_all_local"],"Filter":"(orders.o_entry_d > '1995-03-08 20:10:02.27764'::timestamp without time zone)","Rows Removed by Filter":1364778,"Shared Hit Blocks":22059,"Shared Read Blocks":0,"Shared Dirtied Blocks":0,"Shared Written Blocks":0,"Local Hit Blocks":0,"Local Read Blocks":0,"Local Dirtied Blocks":0,"Local Written Blocks":0,"Temp Read Blocks":0,"Temp Written Blocks":0,"I/O Read Time":0.0,"I/O Write Time":0.0,"Temp I/O Read Time":0.0,"Temp I/O Write Time":0.0},{"Node Type":"Hash","Parent Relationship":"Inner","Parallel Aware":false,"Async Capable":false,"Startup Cost":267100.72,"Total Cost":267100.72,"Plan Rows":89983,"Plan Width":8,"Actual Startup Time":905.578,"Actual Total Time":905.578,"Actual Rows":96700,"Actual Loops":1,"Output":["customer.c_id","customer.c_w_id","customer.c_d_id"],"Hash Buckets":131072,"Original Hash Buckets":131072,"Hash Batches":1,"Original Hash Batches":1,"Peak Memory Usage":4802,"Shared Hit Blocks":229604,"Shared Read Blocks":0,"Shared Dirtied Blocks":0,"Shared Written Blocks":0,"Local Hit Blocks":0,"Local Read Blocks":0,"Local Dirtied Blocks":0,"Local Written Blocks":0,"Temp Read Blocks":0,"Temp Written Blocks":0,"I/O Read Time":0.0,"I/O Write Time":0.0,"Temp I/O Read Time":0.0,"Temp I/O Write Time":0.0,"Plans":[{"Node Type":"Seq Scan","Parent Relationship":"Outer","Parallel Aware":false,"Async Capable":false,"Relation Name":"customer","Schema":"public","Alias":"customer","Startup Cost":0.0,"Total Cost":267100.72,"Plan Rows":89983,"Plan Width":8,"Actual Startup Time":0.009,"Actual Total Time":881.317,"Actual Rows":96700,"Actual Loops":1,"Output":["customer.c_id","customer.c_w_id","customer.c_d_id"],"Filter":"(customer.c_state ~~ 'A%'::text)","Rows Removed by Filter":2903300,"Shared Hit Blocks":229604,"Shared Read Blocks":0,"Shared Dirtied Blocks":0,"Shared Written Blocks":0,"Local Hit Blocks":0,"Local Read Blocks":0,"Local Dirtied Blocks":0,"Local Written Blocks":0,"Temp Read Blocks":0,"Temp Written Blocks":0,"I/O Read Time":0.0,"I/O Write Time":0.0,"Temp I/O Read Time":0.0,"Temp I/O Write Time":0.0}]}]},{"Node Type":"Hash","Parent Relationship":"Inner","Parallel Aware":false,"Async Capable":false,"Startup Cost":13865.0,"Total Cost":13865.0,"Plan Rows":900000,"Plan Width":12,"Actual Startup Time":260.647,"Actual Total Time":260.647,"Actual Rows":900000,"Actual Loops":1,"Output":["new_orders.no_w_id","new_orders.no_d_id","new_orders.no_o_id"],"Hash Buckets":262144,"Original Hash Buckets":262144,"Hash Batches":8,"Original Hash Batches":8,"Peak Memory Usage":7322,"Shared Hit Blocks":4865,"Shared Read Blocks":0,"Shared Dirtied Blocks":0,"Shared Written Blocks":0,"Local Hit Blocks":0,"Local Read Blocks":0,"Local Dirtied Blocks":0,"Local Written Blocks":0,"Temp Read Blocks":0,"Temp Written Blocks":3458,"I/O Read Time":0.0,"I/O Write Time":0.0,"Temp I/O Read Time":0.0,"Temp I/O Write Time":14.695,"Plans":[{"Node Type":"Seq Scan","Parent Relationship":"Outer","Parallel Aware":false,"Async Capable":false,"Relation Name":"new_orders","Schema":"public","Alias":"new_orders","Startup Cost":0.0,"Total Cost":13865.0,"Plan Rows":900000,"Plan Width":12,"Actual Startup Time":0.012,"Actual Total Time":101.9,"Actual Rows":900000,"Actual Loops":1,"Output":["new_orders.no_w_id","new_orders.no_d_id","new_orders.no_o_id"],"Shared Hit Blocks":4865,"Shared Read Blocks":0,"Shared Dirtied Blocks":0,"Shared Written Blocks":0,"Local Hit Blocks":0,"Local Read Blocks":0,"Local Dirtied Blocks":0,"Local Written Blocks":0,"Temp Read Blocks":0,"Temp Written Blocks":0,"I/O Read Time":0.0,"I/O Write Time":0.0,"Temp I/O Read Time":0.0,"Temp I/O Write Time":0.0}]}]},{"Node Type":"Index Scan","Parent Relationship":"Inner","Parallel Aware":false,"Async Capable":false,"Scan Direction":"Forward","Index Name":"order_line_pk","Relation Name":"order_line","Schema":"public","Alias":"order_line","Startup Cost":0.56,"Total Cost":14.25,"Plan Rows":10,"Plan Width":16,"Actual Startup Time":0.005,"Actual Total Time":0.006,"Actual Rows":10,"Actual Loops":28902,"Output":["order_line.ol_o_id","order_line.ol_d_id","order_line.ol_w_id","order_line.ol_number","order_line.ol_i_id","order_line.ol_supply_w_id","order_line.ol_delivery_d","order_line.ol_quantity","order_line.ol_amount","order_line.ol_dist_info"],"Index Cond":"((order_line.ol_w_id = orders.o_w_id) AND (order_line.ol_d_id = orders.o_d_id) AND (order_line.ol_o_id = orders.o_id))","Rows Removed by Index Recheck":0,"Shared Hit Blocks":149030,"Shared Read Blocks":0,"Shared Dirtied Blocks":0,"Shared Written Blocks":0,"Local Hit Blocks":0,"Local Read Blocks":0,"Local Dirtied Blocks":0,"Local Written Blocks":0,"Temp Read Blocks":0,"Temp Written Blocks":0,"I/O Read Time":0.0,"I/O Write Time":0.0,"Temp I/O Read Time":0.0,"Temp I/O Write Time":0.0}]}]}]}]}]},"Planning":{"Shared Hit Blocks":4,"Shared Read Blocks":0,"Shared Dirtied Blocks":0,"Shared Written Blocks":0,"Local Hit Blocks":0,"Local Read Blocks":0,"Local Dirtied Blocks":0,"Local Written Blocks":0,"Temp Read Blocks":0,"Temp Written Blocks":0,"I/O Read Time":0.0,"I/O Write Time":0.0,"Temp I/O Read Time":0.0,"Temp I/O Write Time":0.0},"Planning Time":1.854,"Triggers":[],"Execution Time":2147.632}]
[列存组合]: order_line
[{"Plan":{"Node Type":"Limit","Parallel Aware":false,"Async Capable":false,"Startup Cost":619059.94,"Total Cost":619062.44,"Plan Rows":1000,"Plan Width":52,"Actual Startup Time":1941.545,"Actual Total Time":1941.653,"Actual Rows":1000,"Actual Loops":1,"Output":["order_line.ol_o_id","order_line.ol_w_id","order_line.ol_d_id","(sum(order_line.ol_amount))","orders.o_entry_d"],"Shared Hit Blocks":405558,"Shared Read Blocks":0,"Shared Dirtied Blocks":0,"Shared Written Blocks":0,"Local Hit Blocks":0,"Local Read Blocks":0,"Local Dirtied Blocks":0,"Local Written Blocks":0,"Temp Read Blocks":5216,"Temp Written Blocks":5222,"I/O Read Time":0.0,"I/O Write Time":0.0,"Temp I/O Read Time":8.437,"Temp I/O Write Time":22.295,"Plans":[{"Node Type":"Sort","Parent Relationship":"Outer","Parallel Aware":false,"Async Capable":false,"Startup Cost":619059.94,"Total Cost":619425.79,"Plan Rows":146339,"Plan Width":52,"Actual Startup Time":1941.543,"Actual Total Time":1941.586,"Actual Rows":1000,"Actual Loops":1,"Output":["order_line.ol_o_id","order_line.ol_w_id","order_line.ol_d_id","(sum(order_line.ol_amount))","orders.o_entry_d"],"Sort Key":["(sum(order_line.ol_amount)) DESC","orders.o_entry_d"],"Sort Method":"top-N heapsort","Sort Space Used":182,"Sort Space Type":"Memory","Shared Hit Blocks":405558,"Shared Read Blocks":0,"Shared Dirtied Blocks":0,"Shared Written Blocks":0,"Local Hit Blocks":0,"Local Read Blocks":0,"Local Dirtied Blocks":0,"Local Written Blocks":0,"Temp Read Blocks":5216,"Temp Written Blocks":5222,"I/O Read Time":0.0,"I/O Write Time":0.0,"Temp I/O Read Time":8.437,"Temp I/O Write Time":22.295,"Plans":[{"Node Type":"Aggregate","Strategy":"Sorted","Partial Mode":"Simple","Parent Relationship":"Outer","Parallel Aware":false,"Async Capable":false,"Startup Cost":607012.01,"Total Cost":611036.33,"Plan Rows":146339,"Plan Width":52,"Actual Startup Time":1843.323,"Actual Total Time":1932.727,"Actual Rows":28902,"Actual Loops":1,"Output":["order_line.ol_o_id","order_line.ol_w_id","order_line.ol_d_id","sum(order_line.ol_amount)","orders.o_entry_d"],"Group Key":["order_line.ol_o_id","order_line.ol_w_id","order_line.ol_d_id","orders.o_entry_d"],"Shared Hit Blocks":405558,"Shared Read Blocks":0,"Shared Dirtied Blocks":0,"Shared Written Blocks":0,"Local Hit Blocks":0,"Local Read Blocks":0,"Local Dirtied Blocks":0,"Local Written Blocks":0,"Temp Read Blocks":5216,"Temp Written Blocks":5222,"I/O Read Time":0.0,"I/O Write Time":0.0,"Temp I/O Read Time":8.437,"Temp I/O Write Time":22.295,"Plans":[{"Node Type":"Sort","Parent Relationship":"Outer","Parallel Aware":false,"Async Capable":false,"Startup Cost":607012.01,"Total Cost":607377.86,"Plan Rows":146339,"Plan Width":24,"Actual Startup Time":1843.306,"Actual Total Time":1876.148,"Actual Rows":289753,"Actual Loops":1,"Output":["order_line.ol_o_id","order_line.ol_w_id","order_line.ol_d_id","orders.o_entry_d","order_line.ol_amount"],"Sort Key":["order_line.ol_o_id","order_line.ol_w_id","order_line.ol_d_id","orders.o_entry_d"],"Sort Method":"external merge","Sort Space Used":11648,"Sort Space Type":"Disk","Shared Hit Blocks":405558,"Shared Read Blocks":0,"Shared Dirtied Blocks":0,"Shared Written Blocks":0,"Local Hit Blocks":0,"Local Read Blocks":0,"Local Dirtied Blocks":0,"Local Written Blocks":0,"Temp Read Blocks":5216,"Temp Written Blocks":5222,"I/O Read Time":0.0,"I/O Write Time":0.0,"Temp I/O Read Time":8.437,"Temp I/O Write Time":22.295,"Plans":[{"Node Type":"Nested Loop","Parent Relationship":"Outer","Parallel Aware":false,"Async Capable":false,"Join Type":"Inner","Startup Cost":302685.99,"Total Cost":591453.89,"Plan Rows":146339,"Plan Width":24,"Actual Startup Time":973.298,"Actual Total Time":1757.808,"Actual Rows":289753,"Actual Loops":1,"Output":["order_line.ol_o_id","order_line.ol_w_id","order_line.ol_d_id","orders.o_entry_d","order_line.ol_amount"],"Inner Unique":false,"Join Filter":"((customer.c_w_id = order_line.ol_w_id) AND (customer.c_d_id = order_line.ol_d_id) AND (new_orders.no_o_id = order_line.ol_o_id))","Rows Removed by Join Filter":0,"Shared Hit Blocks":405558,"Shared Read Blocks":0,"Shared Dirtied Blocks":0,"Shared Written Blocks":0,"Local Hit Blocks":0,"Local Read Blocks":0,"Local Dirtied Blocks":0,"Local Written Blocks":0,"Temp Read Blocks":3760,"Temp Written Blocks":3760,"I/O Read Time":0.0,"I/O Write Time":0.0,"Temp I/O Read Time":6.358,"Temp I/O Write Time":16.995,"Plans":[{"Node Type":"Hash Join","Parent Relationship":"Outer","Parallel Aware":false,"Async Capable":false,"Join Type":"Inner","Startup Cost":302685.43,"Total Cost":380412.79,"Plan Rows":14635,"Plan Width":36,"Actual Startup Time":973.266,"Actual Total Time":1510.104,"Actual Rows":28902,"Actual Loops":1,"Output":["customer.c_w_id","customer.c_d_id","new_orders.no_w_id","new_orders.no_d_id","new_orders.no_o_id","orders.o_entry_d","orders.o_w_id","orders.o_d_id","orders.o_id"],"Inner Unique":true,"Hash Cond":"((customer.c_w_id = new_orders.no_w_id) AND (customer.c_d_id = new_orders.no_d_id) AND (orders.o_id = new_orders.no_o_id))","Shared Hit Blocks":256528,"Shared Read Blocks":0,"Shared Dirtied Blocks":0,"Shared Written Blocks":0,"Local Hit Blocks":0,"Local Read Blocks":0,"Local Dirtied Blocks":0,"Local Written Blocks":0,"Temp Read Blocks":3760,"Temp Written Blocks":3760,"I/O Read Time":0.0,"I/O Write Time":0.0,"Temp I/O Read Time":6.358,"Temp I/O Write Time":16.995,"Plans":[{"Node Type":"Hash Join","Parent Relationship":"Outer","Parallel Aware":false,"Async Capable":false,"Join Type":"Inner","Startup Cost":268675.43,"Total Cost":341049.38,"Plan Rows":48814,"Plan Width":24,"Actual Startup Time":734.293,"Actual Total Time":1201.942,"Actual Rows":52744,"Actual Loops":1,"Output":["customer.c_w_id","customer.c_d_id","orders.o_entry_d","orders.o_w_id","orders.o_d_id","orders.o_id"],"Inner Unique":true,"Hash Cond":"((orders.o_c_id = customer.c_id) AND (orders.o_w_id = customer.c_w_id) AND (orders.o_d_id = customer.c_d_id))","Shared Hit Blocks":251663,"Shared Read Blocks":0,"Shared Dirtied Blocks":0,"Shared Written Blocks":0,"Local Hit Blocks":0,"Local Read Blocks":0,"Local Dirtied Blocks":0,"Local Written Blocks":0,"Temp Read Blocks":0,"Temp Written Blocks":0,"I/O Read Time":0.0,"I/O Write Time":0.0,"Temp I/O Read Time":0.0,"Temp I/O Write Time":0.0,"Plans":[{"Node Type":"Seq Scan","Parent Relationship":"Outer","Parallel Aware":false,"Async Capable":false,"Relation Name":"orders","Schema":"public","Alias":"orders","Startup Cost":0.0,"Total Cost":59559.0,"Plan Rows":1627294,"Plan Width":24,"Actual Startup Time":2.445,"Actual Total Time":243.522,"Actual Rows":1635222,"Actual Loops":1,"Output":["orders.o_id","orders.o_d_id","orders.o_w_id","orders.o_c_id","orders.o_entry_d","orders.o_carrier_id","orders.o_ol_cnt","orders.o_all_local"],"Filter":"(orders.o_entry_d > '1995-03-08 20:10:02.27764'::timestamp without time zone)","Rows Removed by Filter":1364778,"Shared Hit Blocks":22059,"Shared Read Blocks":0,"Shared Dirtied Blocks":0,"Shared Written Blocks":0,"Local Hit Blocks":0,"Local Read Blocks":0,"Local Dirtied Blocks":0,"Local Written Blocks":0,"Temp Read Blocks":0,"Temp Written Blocks":0,"I/O Read Time":0.0,"I/O Write Time":0.0,"Temp I/O Read Time":0.0,"Temp I/O Write Time":0.0},{"Node Type":"Hash","Parent Relationship":"Inner","Parallel Aware":false,"Async Capable":false,"Startup Cost":267100.72,"Total Cost":267100.72,"Plan Rows":89983,"Plan Width":8,"Actual Startup Time":731.51,"Actual Total Time":731.51,"Actual Rows":96700,"Actual Loops":1,"Output":["customer.c_id","customer.c_w_id","customer.c_d_id"],"Hash Buckets":131072,"Original Hash Buckets":131072,"Hash Batches":1,"Original Hash Batches":1,"Peak Memory Usage":4802,"Shared Hit Blocks":229604,"Shared Read Blocks":0,"Shared Dirtied Blocks":0,"Shared Written Blocks":0,"Local Hit Blocks":0,"Local Read Blocks":0,"Local Dirtied Blocks":0,"Local Written Blocks":0,"Temp Read Blocks":0,"Temp Written Blocks":0,"I/O Read Time":0.0,"I/O Write Time":0.0,"Temp I/O Read Time":0.0,"Temp I/O Write Time":0.0,"Plans":[{"Node Type":"Seq Scan","Parent Relationship":"Outer","Parallel Aware":false,"Async Capable":false,"Relation Name":"customer","Schema":"public","Alias":"customer","Startup Cost":0.0,"Total Cost":267100.72,"Plan Rows":89983,"Plan Width":8,"Actual Startup Time":0.008,"Actual Total Time":708.012,"Actual Rows":96700,"Actual Loops":1,"Output":["customer.c_id","customer.c_w_id","customer.c_d_id"],"Filter":"(customer.c_state ~~ 'A%'::text)","Rows Removed by Filter":2903300,"Shared Hit Blocks":229604,"Shared Read Blocks":0,"Shared Dirtied Blocks":0,"Shared Written Blocks":0,"Local Hit Blocks":0,"Local Read Blocks":0,"Local Dirtied Blocks":0,"Local Written Blocks":0,"Temp Read Blocks":0,"Temp Written Blocks":0,"I/O Read Time":0.0,"I/O Write Time":0.0,"Temp I/O Read Time":0.0,"Temp I/O Write Time":0.0}]}]},{"Node Type":"Hash","Parent Relationship":"Inner","Parallel Aware":false,"Async Capable":false,"Startup Cost":13865.0,"Total Cost":13865.0,"Plan Rows":900000,"Plan Width":12,"Actual Startup Time":229.597,"Actual Total Time":229.597,"Actual Rows":900000,"Actual Loops":1,"Output":["new_orders.no_w_id","new_orders.no_d_id","new_orders.no_o_id"],"Hash Buckets":262144,"Original Hash Buckets":262144,"Hash Batches":8,"Original Hash Batches":8,"Peak Memory Usage":7322,"Shared Hit Blocks":4865,"Shared Read Blocks":0,"Shared Dirtied Blocks":0,"Shared Written Blocks":0,"Local Hit Blocks":0,"Local Read Blocks":0,"Local Dirtied Blocks":0,"Local Written Blocks":0,"Temp Read Blocks":0,"Temp Written Blocks":3458,"I/O Read Time":0.0,"I/O Write Time":0.0,"Temp I/O Read Time":0.0,"Temp I/O Write Time":14.681,"Plans":[{"Node Type":"Seq Scan","Parent Relationship":"Outer","Parallel Aware":false,"Async Capable":false,"Relation Name":"new_orders","Schema":"public","Alias":"new_orders","Startup Cost":0.0,"Total Cost":13865.0,"Plan Rows":900000,"Plan Width":12,"Actual Startup Time":0.017,"Actual Total Time":85.532,"Actual Rows":900000,"Actual Loops":1,"Output":["new_orders.no_w_id","new_orders.no_d_id","new_orders.no_o_id"],"Shared Hit Blocks":4865,"Shared Read Blocks":0,"Shared Dirtied Blocks":0,"Shared Written Blocks":0,"Local Hit Blocks":0,"Local Read Blocks":0,"Local Dirtied Blocks":0,"Local Written Blocks":0,"Temp Read Blocks":0,"Temp Written Blocks":0,"I/O Read Time":0.0,"I/O Write Time":0.0,"Temp I/O Read Time":0.0,"Temp I/O Write Time":0.0}]}]},{"Node Type":"Index Scan","Parent Relationship":"Inner","Parallel Aware":false,"Async Capable":false,"Scan Direction":"Forward","Index Name":"order_line_pk","Relation Name":"order_line","Schema":"public","Alias":"order_line","Startup Cost":0.56,"Total Cost":14.25,"Plan Rows":10,"Plan Width":16,"Actual Startup Time":0.005,"Actual Total Time":0.007,"Actual Rows":10,"Actual Loops":28902,"Output":["order_line.ol_o_id","order_line.ol_d_id","order_line.ol_w_id","order_line.ol_number","order_line.ol_i_id","order_line.ol_supply_w_id","order_line.ol_delivery_d","order_line.ol_quantity","order_line.ol_amount","order_line.ol_dist_info"],"Index Cond":"((order_line.ol_w_id = orders.o_w_id) AND (order_line.ol_d_id = orders.o_d_id) AND (order_line.ol_o_id = orders.o_id))","Rows Removed by Index Recheck":0,"Shared Hit Blocks":149030,"Shared Read Blocks":0,"Shared Dirtied Blocks":0,"Shared Written Blocks":0,"Local Hit Blocks":0,"Local Read Blocks":0,"Local Dirtied Blocks":0,"Local Written Blocks":0,"Temp Read Blocks":0,"Temp Written Blocks":0,"I/O Read Time":0.0,"I/O Write Time":0.0,"Temp I/O Read Time":0.0,"Temp I/O Write Time":0.0}]}]}]}]}]},"Planning":{"Shared Hit Blocks":4,"Shared Read Blocks":0,"Shared Dirtied Blocks":0,"Shared Written Blocks":0,"Local Hit Blocks":0,"Local Read Blocks":0,"Local Dirtied Blocks":0,"Local Written Blocks":0,"Temp Read Blocks":0,"Temp Written Blocks":0,"I/O Read Time":0.0,"I/O Write Time":0.0,"Temp I/O Read Time":0.0,"Temp I/O Write Time":0.0},"Planning Time":2.21,"Triggers":[],"Execution Time":1943.548}]
[列存组合]: orders
[{"Plan":{"Node Type":"Limit","Parallel Aware":false,"Async Capable":false,"Startup Cost":619059.94,"Total Cost":619062.44,"Plan Rows":1000,"Plan Width":52,"Actual Startup Time":1940.81,"Actual Total Time":1940.919,"Actual Rows":1000,"Actual Loops":1,"Output":["order_line.ol_o_id","order_line.ol_w_id","order_line.ol_d_id","(sum(order_line.ol_amount))","orders.o_entry_d"],"Shared Hit Blocks":405558,"Shared Read Blocks":0,"Shared Dirtied Blocks":0,"Shared Written Blocks":0,"Local Hit Blocks":0,"Local Read Blocks":0,"Local Dirtied Blocks":0,"Local Written Blocks":0,"Temp Read Blocks":5216,"Temp Written Blocks":5222,"I/O Read Time":0.0,"I/O Write Time":0.0,"Temp I/O Read Time":8.489,"Temp I/O Write Time":21.434,"Plans":[{"Node Type":"Sort","Parent Relationship":"Outer","Parallel Aware":false,"Async Capable":false,"Startup Cost":619059.94,"Total Cost":619425.79,"Plan Rows":146339,"Plan Width":52,"Actual Startup Time":1940.809,"Actual Total Time":1940.852,"Actual Rows":1000,"Actual Loops":1,"Output":["order_line.ol_o_id","order_line.ol_w_id","order_line.ol_d_id","(sum(order_line.ol_amount))","orders.o_entry_d"],"Sort Key":["(sum(order_line.ol_amount)) DESC","orders.o_entry_d"],"Sort Method":"top-N heapsort","Sort Space Used":182,"Sort Space Type":"Memory","Shared Hit Blocks":405558,"Shared Read Blocks":0,"Shared Dirtied Blocks":0,"Shared Written Blocks":0,"Local Hit Blocks":0,"Local Read Blocks":0,"Local Dirtied Blocks":0,"Local Written Blocks":0,"Temp Read Blocks":5216,"Temp Written Blocks":5222,"I/O Read Time":0.0,"I/O Write Time":0.0,"Temp I/O Read Time":8.489,"Temp I/O Write Time":21.434,"Plans":[{"Node Type":"Aggregate","Strategy":"Sorted","Partial Mode":"Simple","Parent Relationship":"Outer","Parallel Aware":false,"Async Capable":false,"Startup Cost":607012.01,"Total Cost":611036.33,"Plan Rows":146339,"Plan Width":52,"Actual Startup Time":1842.431,"Actual Total Time":1931.988,"Actual Rows":28902,"Actual Loops":1,"Output":["order_line.ol_o_id","order_line.ol_w_id","order_line.ol_d_id","sum(order_line.ol_amount)","orders.o_entry_d"],"Group Key":["order_line.ol_o_id","order_line.ol_w_id","order_line.ol_d_id","orders.o_entry_d"],"Shared Hit Blocks":405558,"Shared Read Blocks":0,"Shared Dirtied Blocks":0,"Shared Written Blocks":0,"Local Hit Blocks":0,"Local Read Blocks":0,"Local Dirtied Blocks":0,"Local Written Blocks":0,"Temp Read Blocks":5216,"Temp Written Blocks":5222,"I/O Read Time":0.0,"I/O Write Time":0.0,"Temp I/O Read Time":8.489,"Temp I/O Write Time":21.434,"Plans":[{"Node Type":"Sort","Parent Relationship":"Outer","Parallel Aware":false,"Async Capable":false,"Startup Cost":607012.01,"Total Cost":607377.86,"Plan Rows":146339,"Plan Width":24,"Actual Startup Time":1842.414,"Actual Total Time":1875.292,"Actual Rows":289753,"Actual Loops":1,"Output":["order_line.ol_o_id","order_line.ol_w_id","order_line.ol_d_id","orders.o_entry_d","order_line.ol_amount"],"Sort Key":["order_line.ol_o_id","order_line.ol_w_id","order_line.ol_d_id","orders.o_entry_d"],"Sort Method":"external merge","Sort Space Used":11648,"Sort Space Type":"Disk","Shared Hit Blocks":405558,"Shared Read Blocks":0,"Shared Dirtied Blocks":0,"Shared Written Blocks":0,"Local Hit Blocks":0,"Local Read Blocks":0,"Local Dirtied Blocks":0,"Local Written Blocks":0,"Temp Read Blocks":5216,"Temp Written Blocks":5222,"I/O Read Time":0.0,"I/O Write Time":0.0,"Temp I/O Read Time":8.489,"Temp I/O Write Time":21.434,"Plans":[{"Node Type":"Nested Loop","Parent Relationship":"Outer","Parallel Aware":false,"Async Capable":false,"Join Type":"Inner","Startup Cost":302685.99,"Total Cost":591453.89,"Plan Rows":146339,"Plan Width":24,"Actual Startup Time":972.597,"Actual Total Time":1757.059,"Actual Rows":289753,"Actual Loops":1,"Output":["order_line.ol_o_id","order_line.ol_w_id","order_line.ol_d_id","orders.o_entry_d","order_line.ol_amount"],"Inner Unique":false,"Join Filter":"((customer.c_w_id = order_line.ol_w_id) AND (customer.c_d_id = order_line.ol_d_id) AND (new_orders.no_o_id = order_line.ol_o_id))","Rows Removed by Join Filter":0,"Shared Hit Blocks":405558,"Shared Read Blocks":0,"Shared Dirtied Blocks":0,"Shared Written Blocks":0,"Local Hit Blocks":0,"Local Read Blocks":0,"Local Dirtied Blocks":0,"Local Written Blocks":0,"Temp Read Blocks":3760,"Temp Written Blocks":3760,"I/O Read Time":0.0,"I/O Write Time":0.0,"Temp I/O Read Time":6.403,"Temp I/O Write Time":16.165,"Plans":[{"Node Type":"Hash Join","Parent Relationship":"Outer","Parallel Aware":false,"Async Capable":false,"Join Type":"Inner","Startup Cost":302685.43,"Total Cost":380412.79,"Plan Rows":14635,"Plan Width":36,"Actual Startup Time":972.559,"Actual Total Time":1510.021,"Actual Rows":28902,"Actual Loops":1,"Output":["customer.c_w_id","customer.c_d_id","new_orders.no_w_id","new_orders.no_d_id","new_orders.no_o_id","orders.o_entry_d","orders.o_w_id","orders.o_d_id","orders.o_id"],"Inner Unique":true,"Hash Cond":"((customer.c_w_id = new_orders.no_w_id) AND (customer.c_d_id = new_orders.no_d_id) AND (orders.o_id = new_orders.no_o_id))","Shared Hit Blocks":256528,"Shared Read Blocks":0,"Shared Dirtied Blocks":0,"Shared Written Blocks":0,"Local Hit Blocks":0,"Local Read Blocks":0,"Local Dirtied Blocks":0,"Local Written Blocks":0,"Temp Read Blocks":3760,"Temp Written Blocks":3760,"I/O Read Time":0.0,"I/O Write Time":0.0,"Temp I/O Read Time":6.403,"Temp I/O Write Time":16.165,"Plans":[{"Node Type":"Hash Join","Parent Relationship":"Outer","Parallel Aware":false,"Async Capable":false,"Join Type":"Inner","Startup Cost":268675.43,"Total Cost":341049.38,"Plan Rows":48814,"Plan Width":24,"Actual Startup Time":733.425,"Actual Total Time":1201.436,"Actual Rows":52744,"Actual Loops":1,"Output":["customer.c_w_id","customer.c_d_id","orders.o_entry_d","orders.o_w_id","orders.o_d_id","orders.o_id"],"Inner Unique":true,"Hash Cond":"((orders.o_c_id = customer.c_id) AND (orders.o_w_id = customer.c_w_id) AND (orders.o_d_id = customer.c_d_id))","Shared Hit Blocks":251663,"Shared Read Blocks":0,"Shared Dirtied Blocks":0,"Shared Written Blocks":0,"Local Hit Blocks":0,"Local Read Blocks":0,"Local Dirtied Blocks":0,"Local Written Blocks":0,"Temp Read Blocks":0,"Temp Written Blocks":0,"I/O Read Time":0.0,"I/O Write Time":0.0,"Temp I/O Read Time":0.0,"Temp I/O Write Time":0.0,"Plans":[{"Node Type":"Seq Scan","Parent Relationship":"Outer","Parallel Aware":false,"Async Capable":false,"Relation Name":"orders","Schema":"public","Alias":"orders","Startup Cost":0.0,"Total Cost":59559.0,"Plan Rows":1627294,"Plan Width":24,"Actual Startup Time":2.449,"Actual Total Time":244.302,"Actual Rows":1635222,"Actual Loops":1,"Output":["orders.o_id","orders.o_d_id","orders.o_w_id","orders.o_c_id","orders.o_entry_d","orders.o_carrier_id","orders.o_ol_cnt","orders.o_all_local"],"Filter":"(orders.o_entry_d > '1995-03-08 20:10:02.27764'::timestamp without time zone)","Rows Removed by Filter":1364778,"Shared Hit Blocks":22059,"Shared Read Blocks":0,"Shared Dirtied Blocks":0,"Shared Written Blocks":0,"Local Hit Blocks":0,"Local Read Blocks":0,"Local Dirtied Blocks":0,"Local Written Blocks":0,"Temp Read Blocks":0,"Temp Written Blocks":0,"I/O Read Time":0.0,"I/O Write Time":0.0,"Temp I/O Read Time":0.0,"Temp I/O Write Time":0.0},{"Node Type":"Hash","Parent Relationship":"Inner","Parallel Aware":false,"Async Capable":false,"Startup Cost":267100.72,"Total Cost":267100.72,"Plan Rows":89983,"Plan Width":8,"Actual Startup Time":730.625,"Actual Total Time":730.626,"Actual Rows":96700,"Actual Loops":1,"Output":["customer.c_id","customer.c_w_id","customer.c_d_id"],"Hash Buckets":131072,"Original Hash Buckets":131072,"Hash Batches":1,"Original Hash Batches":1,"Peak Memory Usage":4802,"Shared Hit Blocks":229604,"Shared Read Blocks":0,"Shared Dirtied Blocks":0,"Shared Written Blocks":0,"Local Hit Blocks":0,"Local Read Blocks":0,"Local Dirtied Blocks":0,"Local Written Blocks":0,"Temp Read Blocks":0,"Temp Written Blocks":0,"I/O Read Time":0.0,"I/O Write Time":0.0,"Temp I/O Read Time":0.0,"Temp I/O Write Time":0.0,"Plans":[{"Node Type":"Seq Scan","Parent Relationship":"Outer","Parallel Aware":false,"Async Capable":false,"Relation Name":"customer","Schema":"public","Alias":"customer","Startup Cost":0.0,"Total Cost":267100.72,"Plan Rows":89983,"Plan Width":8,"Actual Startup Time":0.009,"Actual Total Time":707.196,"Actual Rows":96700,"Actual Loops":1,"Output":["customer.c_id","customer.c_w_id","customer.c_d_id"],"Filter":"(customer.c_state ~~ 'A%'::text)","Rows Removed by Filter":2903300,"Shared Hit Blocks":229604,"Shared Read Blocks":0,"Shared Dirtied Blocks":0,"Shared Written Blocks":0,"Local Hit Blocks":0,"Local Read Blocks":0,"Local Dirtied Blocks":0,"Local Written Blocks":0,"Temp Read Blocks":0,"Temp Written Blocks":0,"I/O Read Time":0.0,"I/O Write Time":0.0,"Temp I/O Read Time":0.0,"Temp I/O Write Time":0.0}]}]},{"Node Type":"Hash","Parent Relationship":"Inner","Parallel Aware":false,"Async Capable":false,"Startup Cost":13865.0,"Total Cost":13865.0,"Plan Rows":900000,"Plan Width":12,"Actual Startup Time":229.733,"Actual Total Time":229.734,"Actual Rows":900000,"Actual Loops":1,"Output":["new_orders.no_w_id","new_orders.no_d_id","new_orders.no_o_id"],"Hash Buckets":262144,"Original Hash Buckets":262144,"Hash Batches":8,"Original Hash Batches":8,"Peak Memory Usage":7322,"Shared Hit Blocks":4865,"Shared Read Blocks":0,"Shared Dirtied Blocks":0,"Shared Written Blocks":0,"Local Hit Blocks":0,"Local Read Blocks":0,"Local Dirtied Blocks":0,"Local Written Blocks":0,"Temp Read Blocks":0,"Temp Written Blocks":3458,"I/O Read Time":0.0,"I/O Write Time":0.0,"Temp I/O Read Time":0.0,"Temp I/O Write Time":14.073,"Plans":[{"Node Type":"Seq Scan","Parent Relationship":"Outer","Parallel Aware":false,"Async Capable":false,"Relation Name":"new_orders","Schema":"public","Alias":"new_orders","Startup Cost":0.0,"Total Cost":13865.0,"Plan Rows":900000,"Plan Width":12,"Actual Startup Time":0.016,"Actual Total Time":85.733,"Actual Rows":900000,"Actual Loops":1,"Output":["new_orders.no_w_id","new_orders.no_d_id","new_orders.no_o_id"],"Shared Hit Blocks":4865,"Shared Read Blocks":0,"Shared Dirtied Blocks":0,"Shared Written Blocks":0,"Local Hit Blocks":0,"Local Read Blocks":0,"Local Dirtied Blocks":0,"Local Written Blocks":0,"Temp Read Blocks":0,"Temp Written Blocks":0,"I/O Read Time":0.0,"I/O Write Time":0.0,"Temp I/O Read Time":0.0,"Temp I/O Write Time":0.0}]}]},{"Node Type":"Index Scan","Parent Relationship":"Inner","Parallel Aware":false,"Async Capable":false,"Scan Direction":"Forward","Index Name":"order_line_pk","Relation Name":"order_line","Schema":"public","Alias":"order_line","Startup Cost":0.56,"Total Cost":14.25,"Plan Rows":10,"Plan Width":16,"Actual Startup Time":0.005,"Actual Total Time":0.006,"Actual Rows":10,"Actual Loops":28902,"Output":["order_line.ol_o_id","order_line.ol_d_id","order_line.ol_w_id","order_line.ol_number","order_line.ol_i_id","order_line.ol_supply_w_id","order_line.ol_delivery_d","order_line.ol_quantity","order_line.ol_amount","order_line.ol_dist_info"],"Index Cond":"((order_line.ol_w_id = orders.o_w_id) AND (order_line.ol_d_id = orders.o_d_id) AND (order_line.ol_o_id = orders.o_id))","Rows Removed by Index Recheck":0,"Shared Hit Blocks":149030,"Shared Read Blocks":0,"Shared Dirtied Blocks":0,"Shared Written Blocks":0,"Local Hit Blocks":0,"Local Read Blocks":0,"Local Dirtied Blocks":0,"Local Written Blocks":0,"Temp Read Blocks":0,"Temp Written Blocks":0,"I/O Read Time":0.0,"I/O Write Time":0.0,"Temp I/O Read Time":0.0,"Temp I/O Write Time":0.0}]}]}]}]}]},"Planning":{"Shared Hit Blocks":4,"Shared Read Blocks":0,"Shared Dirtied Blocks":0,"Shared Written Blocks":0,"Local Hit Blocks":0,"Local Read Blocks":0,"Local Dirtied Blocks":0,"Local Written Blocks":0,"Temp Read Blocks":0,"Temp Written Blocks":0,"I/O Read Time":0.0,"I/O Write Time":0.0,"Temp I/O Read Time":0.0,"Temp I/O Write Time":0.0},"Planning Time":2.033,"Triggers":[],"Execution Time":1942.89}]
[列存组合]: customer, new_orders
[{"Plan":{"Node Type":"Limit","Parallel Aware":false,"Async Capable":false,"Startup Cost":386715.81,"Total Cost":386718.31,"Plan Rows":1000,"Plan Width":52,"Actual Startup Time":1197.488,"Actual Total Time":1197.603,"Actual Rows":1000,"Actual Loops":1,"Output":["order_line.ol_o_id","order_line.ol_w_id","order_line.ol_d_id","(sum(order_line.ol_amount))","orders.o_entry_d"],"Shared Hit Blocks":175954,"Shared Read Blocks":0,"Shared Dirtied Blocks":0,"Shared Written Blocks":0,"Local Hit Blocks":0,"Local Read Blocks":0,"Local Dirtied Blocks":0,"Local Written Blocks":0,"Temp Read Blocks":4551,"Temp Written Blocks":5372,"I/O Read Time":0.0,"I/O Write Time":0.0,"Temp I/O Read Time":7.395,"Temp I/O Write Time":20.801,"Plans":[{"Node Type":"Sort","Parent Relationship":"Outer","Parallel Aware":false,"Async Capable":false,"Startup Cost":386715.81,"Total Cost":387081.66,"Plan Rows":146339,"Plan Width":52,"Actual Startup Time":1197.486,"Actual Total Time":1197.535,"Actual Rows":1000,"Actual Loops":1,"Output":["order_line.ol_o_id","order_line.ol_w_id","order_line.ol_d_id","(sum(order_line.ol_amount))","orders.o_entry_d"],"Sort Key":["(sum(order_line.ol_amount)) DESC","orders.o_entry_d"],"Sort Method":"top-N heapsort","Sort Space Used":180,"Sort Space Type":"Memory","Shared Hit Blocks":175954,"Shared Read Blocks":0,"Shared Dirtied Blocks":0,"Shared Written Blocks":0,"Local Hit Blocks":0,"Local Read Blocks":0,"Local Dirtied Blocks":0,"Local Written Blocks":0,"Temp Read Blocks":4551,"Temp Written Blocks":5372,"I/O Read Time":0.0,"I/O Write Time":0.0,"Temp I/O Read Time":7.395,"Temp I/O Write Time":20.801,"Plans":[{"Node Type":"Aggregate","Strategy":"Hashed","Partial Mode":"Simple","Parent Relationship":"Outer","Parallel Aware":false,"Async Capable":false,"Startup Cost":375148.05,"Total Cost":378692.2,"Plan Rows":146339,"Plan Width":52,"Actual Startup Time":1152.818,"Actual Total Time":1188.882,"Actual Rows":28902,"Actual Loops":1,"Output":["order_line.ol_o_id","order_line.ol_w_id","order_line.ol_d_id","sum(order_line.ol_amount)","orders.o_entry_d"],"Group Key":["order_line.ol_o_id","order_line.ol_w_id","order_line.ol_d_id","orders.o_entry_d"],"Planned Partitions":8,"HashAgg Batches":9,"Peak Memory Usage":8273,"Disk Usage":7504,"Shared Hit Blocks":175954,"Shared Read Blocks":0,"Shared Dirtied Blocks":0,"Shared Written Blocks":0,"Local Hit Blocks":0,"Local Read Blocks":0,"Local Dirtied Blocks":0,"Local Written Blocks":0,"Temp Read Blocks":4551,"Temp Written Blocks":5372,"I/O Read Time":0.0,"I/O Write Time":0.0,"Temp I/O Read Time":7.395,"Temp I/O Write Time":20.801,"Plans":[{"Node Type":"Nested Loop","Parent Relationship":"Outer","Parallel Aware":false,"Async Capable":false,"Join Type":"Inner","Startup Cost":74764.49,"Total Cost":363532.39,"Plan Rows":146339,"Plan Width":24,"Actual Startup Time":288.537,"Actual Total Time":1077.639,"Actual Rows":289753,"Actual Loops":1,"Output":["order_line.ol_o_id","order_line.ol_w_id","order_line.ol_d_id","orders.o_entry_d","order_line.ol_amount"],"Inner Unique":false,"Join Filter":"((customer.c_w_id = order_line.ol_w_id) AND (customer.c_d_id = order_line.ol_d_id) AND (new_orders.no_o_id = order_line.ol_o_id))","Rows Removed by Join Filter":0,"Shared Hit Blocks":175954,"Shared Read Blocks":0,"Shared Dirtied Blocks":0,"Shared Written Blocks":0,"Local Hit Blocks":0,"Local Read Blocks":0,"Local Dirtied Blocks":0,"Local Written Blocks":0,"Temp Read Blocks":3760,"Temp Written Blocks":3760,"I/O Read Time":0.0,"I/O Write Time":0.0,"Temp I/O Read Time":6.358,"Temp I/O Write Time":16.108,"Plans":[{"Node Type":"Hash Join","Parent Relationship":"Outer","Parallel Aware":false,"Async Capable":false,"Join Type":"Inner","Startup Cost":74763.93,"Total Cost":152491.29,"Plan Rows":14635,"Plan Width":36,"Actual Startup Time":288.502,"Actual Total Time":830.453,"Actual Rows":28902,"Actual Loops":1,"Output":["customer.c_w_id","customer.c_d_id","new_orders.no_w_id","new_orders.no_d_id","new_orders.no_o_id","orders.o_entry_d","orders.o_w_id","orders.o_d_id","orders.o_id"],"Inner Unique":true,"Hash Cond":"((customer.c_w_id = new_orders.no_w_id) AND (customer.c_d_id = new_orders.no_d_id) AND (orders.o_id = new_orders.no_o_id))","Shared Hit Blocks":26924,"Shared Read Blocks":0,"Shared Dirtied Blocks":0,"Shared Written Blocks":0,"Local Hit Blocks":0,"Local Read Blocks":0,"Local Dirtied Blocks":0,"Local Written Blocks":0,"Temp Read Blocks":3760,"Temp Written Blocks":3760,"I/O Read Time":0.0,"I/O Write Time":0.0,"Temp I/O Read Time":6.358,"Temp I/O Write Time":16.108,"Plans":[{"Node Type":"Hash Join","Parent Relationship":"Outer","Parallel Aware":false,"Async Capable":false,"Join Type":"Inner","Startup Cost":40753.93,"Total Cost":113127.88,"Plan Rows":48814,"Plan Width":24,"Actual Startup Time":50.325,"Actual Total Time":519.283,"Actual Rows":52744,"Actual Loops":1,"Output":["customer.c_w_id","customer.c_d_id","orders.o_entry_d","orders.o_w_id","orders.o_d_id","orders.o_id"],"Inner Unique":true,"Hash Cond":"((orders.o_c_id = customer.c_id) AND (orders.o_w_id = customer.c_w_id) AND (orders.o_d_id = customer.c_d_id))","Shared Hit Blocks":22059,"Shared Read Blocks":0,"Shared Dirtied Blocks":0,"Shared Written Blocks":0,"Local Hit Blocks":0,"Local Read Blocks":0,"Local Dirtied Blocks":0,"Local Written Blocks":0,"Temp Read Blocks":0,"Temp Written Blocks":0,"I/O Read Time":0.0,"I/O Write Time":0.0,"Temp I/O Read Time":0.0,"Temp I/O Write Time":0.0,"Plans":[{"Node Type":"Seq Scan","Parent Relationship":"Outer","Parallel Aware":false,"Async Capable":false,"Relation Name":"orders","Schema":"public","Alias":"orders","Startup Cost":0.0,"Total Cost":59559.0,"Plan Rows":1627294,"Plan Width":24,"Actual Startup Time":2.38,"Actual Total Time":242.237,"Actual Rows":1635222,"Actual Loops":1,"Output":["orders.o_id","orders.o_d_id","orders.o_w_id","orders.o_c_id","orders.o_entry_d","orders.o_carrier_id","orders.o_ol_cnt","orders.o_all_local"],"Filter":"(orders.o_entry_d > '1995-03-08 20:10:02.27764'::timestamp without time zone)","Rows Removed by Filter":1364778,"Shared Hit Blocks":22059,"Shared Read Blocks":0,"Shared Dirtied Blocks":0,"Shared Written Blocks":0,"Local Hit Blocks":0,"Local Read Blocks":0,"Local Dirtied Blocks":0,"Local Written Blocks":0,"Temp Read Blocks":0,"Temp Written Blocks":0,"I/O Read Time":0.0,"I/O Write Time":0.0,"Temp I/O Read Time":0.0,"Temp I/O Write Time":0.0},{"Node Type":"Hash","Parent Relationship":"Inner","Parallel Aware":false,"Async Capable":false,"Startup Cost":39179.21,"Total Cost":39179.21,"Plan Rows":89984,"Plan Width":8,"Actual Startup Time":47.547,"Actual Total Time":47.551,"Actual Rows":96700,"Actual Loops":1,"Output":["customer.c_id","customer.c_w_id","customer.c_d_id"],"Hash Buckets":131072,"Original Hash Buckets":131072,"Hash Batches":1,"Original Hash Batches":1,"Peak Memory Usage":4802,"Shared Hit Blocks":0,"Shared Read Blocks":0,"Shared Dirtied Blocks":0,"Shared Written Blocks":0,"Local Hit Blocks":0,"Local Read Blocks":0,"Local Dirtied Blocks":0,"Local Written Blocks":0,"Temp Read Blocks":0,"Temp Written Blocks":0,"I/O Read Time":0.0,"I/O Write Time":0.0,"Temp I/O Read Time":0.0,"Temp I/O Write Time":0.0,"Plans":[{"Node Type":"Append","Parent Relationship":"Outer","Parallel Aware":false,"Async Capable":false,"Startup Cost":20.0,"Total Cost":39179.21,"Plan Rows":89984,"Plan Width":8,"Actual Startup Time":0.093,"Actual Total Time":31.622,"Actual Rows":96700,"Actual Loops":1,"Shared Hit Blocks":0,"Shared Read Blocks":0,"Shared Dirtied Blocks":0,"Shared Written Blocks":0,"Local Hit Blocks":0,"Local Read Blocks":0,"Local Dirtied Blocks":0,"Local Written Blocks":0,"Temp Read Blocks":0,"Temp Written Blocks":0,"I/O Read Time":0.0,"I/O Write Time":0.0,"Temp I/O Read Time":0.0,"Temp I/O Write Time":0.0,"Subplans Removed":0,"Plans":[{"Node Type":"Custom Scan","Parent Relationship":"Member","Custom Plan Provider":"columnar scan","Parallel Aware":false,"Async Capable":false,"Relation Name":"customer","Schema":"public","Alias":"customer","Startup Cost":20.0,"Total Cost":1954.95,"Plan Rows":89983,"Plan Width":8,"Actual Startup Time":0.091,"Actual Total Time":24.513,"Actual Rows":96700,"Actual Loops":1,"Output":["customer.c_id","customer.c_w_id","customer.c_d_id"],"Filter":"(customer.c_state ~~ 'A%'::text)","Rows Removed by Filter":0,"Rows Removed by Columnar Filter":2903300,"Columnar cache search mode":"native","Shared Hit Blocks":0,"Shared Read Blocks":0,"Shared Dirtied Blocks":0,"Shared Written Blocks":0,"Local Hit Blocks":0,"Local Read Blocks":0,"Local Dirtied Blocks":0,"Local Written Blocks":0,"Temp Read Blocks":0,"Temp Written Blocks":0,"I/O Read Time":0.0,"I/O Write Time":0.0,"Temp I/O Read Time":0.0,"Temp I/O Write Time":0.0},{"Node Type":"Seq Scan","Parent Relationship":"Member","Parallel Aware":false,"Async Capable":false,"Relation Name":"customer","Schema":"public","Alias":"customer","Startup Cost":0.0,"Total Cost":4.01,"Plan Rows":1,"Plan Width":8,"Actual Startup Time":0.0,"Actual Total Time":0.0,"Actual Rows":0,"Actual Loops":0,"Output":["customer.c_id","customer.c_w_id","customer.c_d_id"],"Filter":"(customer.c_state ~~ 'A%'::text)","Rows Removed by Filter":0,"Shared Hit Blocks":0,"Shared Read Blocks":0,"Shared Dirtied Blocks":0,"Shared Written Blocks":0,"Local Hit Blocks":0,"Local Read Blocks":0,"Local Dirtied Blocks":0,"Local Written Blocks":0,"Temp Read Blocks":0,"Temp Written Blocks":0,"I/O Read Time":0.0,"I/O Write Time":0.0,"Temp I/O Read Time":0.0,"Temp I/O Write Time":0.0}]}]}]},{"Node Type":"Hash","Parent Relationship":"Inner","Parallel Aware":false,"Async Capable":false,"Startup Cost":13865.0,"Total Cost":13865.0,"Plan Rows":900000,"Plan Width":12,"Actual Startup Time":230.206,"Actual Total Time":230.206,"Actual Rows":900000,"Actual Loops":1,"Output":["new_orders.no_w_id","new_orders.no_d_id","new_orders.no_o_id"],"Hash Buckets":262144,"Original Hash Buckets":262144,"Hash Batches":8,"Original Hash Batches":8,"Peak Memory Usage":7322,"Shared Hit Blocks":4865,"Shared Read Blocks":0,"Shared Dirtied Blocks":0,"Shared Written Blocks":0,"Local Hit Blocks":0,"Local Read Blocks":0,"Local Dirtied Blocks":0,"Local Written Blocks":0,"Temp Read Blocks":0,"Temp Written Blocks":3458,"I/O Read Time":0.0,"I/O Write Time":0.0,"Temp I/O Read Time":0.0,"Temp I/O Write Time":14.046,"Plans":[{"Node Type":"Seq Scan","Parent Relationship":"Outer","Parallel Aware":false,"Async Capable":false,"Relation Name":"new_orders","Schema":"public","Alias":"new_orders","Startup Cost":0.0,"Total Cost":13865.0,"Plan Rows":900000,"Plan Width":12,"Actual Startup Time":0.011,"Actual Total Time":86.038,"Actual Rows":900000,"Actual Loops":1,"Output":["new_orders.no_w_id","new_orders.no_d_id","new_orders.no_o_id"],"Shared Hit Blocks":4865,"Shared Read Blocks":0,"Shared Dirtied Blocks":0,"Shared Written Blocks":0,"Local Hit Blocks":0,"Local Read Blocks":0,"Local Dirtied Blocks":0,"Local Written Blocks":0,"Temp Read Blocks":0,"Temp Written Blocks":0,"I/O Read Time":0.0,"I/O Write Time":0.0,"Temp I/O Read Time":0.0,"Temp I/O Write Time":0.0}]}]},{"Node Type":"Index Scan","Parent Relationship":"Inner","Parallel Aware":false,"Async Capable":false,"Scan Direction":"Forward","Index Name":"order_line_pk","Relation Name":"order_line","Schema":"public","Alias":"order_line","Startup Cost":0.56,"Total Cost":14.25,"Plan Rows":10,"Plan Width":16,"Actual Startup Time":0.005,"Actual Total Time":0.006,"Actual Rows":10,"Actual Loops":28902,"Output":["order_line.ol_o_id","order_line.ol_d_id","order_line.ol_w_id","order_line.ol_number","order_line.ol_i_id","order_line.ol_supply_w_id","order_line.ol_delivery_d","order_line.ol_quantity","order_line.ol_amount","order_line.ol_dist_info"],"Index Cond":"((order_line.ol_w_id = orders.o_w_id) AND (order_line.ol_d_id = orders.o_d_id) AND (order_line.ol_o_id = orders.o_id))","Rows Removed by Index Recheck":0,"Shared Hit Blocks":149030,"Shared Read Blocks":0,"Shared Dirtied Blocks":0,"Shared Written Blocks":0,"Local Hit Blocks":0,"Local Read Blocks":0,"Local Dirtied Blocks":0,"Local Written Blocks":0,"Temp Read Blocks":0,"Temp Written Blocks":0,"I/O Read Time":0.0,"I/O Write Time":0.0,"Temp I/O Read Time":0.0,"Temp I/O Write Time":0.0}]}]}]}]},"Planning":{"Shared Hit Blocks":13,"Shared Read Blocks":0,"Shared Dirtied Blocks":0,"Shared Written Blocks":0,"Local Hit Blocks":0,"Local Read Blocks":0,"Local Dirtied Blocks":0,"Local Written Blocks":0,"Temp Read Blocks":0,"Temp Written Blocks":0,"I/O Read Time":0.0,"I/O Write Time":0.0,"Temp I/O Read Time":0.0,"Temp I/O Write Time":0.0},"Planning Time":2.291,"Triggers":[],"Execution Time":1200.536}]
[列存组合]: customer, order_line
[{"Plan":{"Node Type":"Limit","Parallel Aware":false,"Async Capable":false,"Startup Cost":386715.81,"Total Cost":386718.31,"Plan Rows":1000,"Plan Width":52,"Actual Startup Time":1205.161,"Actual Total Time":1205.279,"Actual Rows":1000,"Actual Loops":1,"Output":["order_line.ol_o_id","order_line.ol_w_id","order_line.ol_d_id","(sum(order_line.ol_amount))","orders.o_entry_d"],"Shared Hit Blocks":175954,"Shared Read Blocks":0,"Shared Dirtied Blocks":0,"Shared Written Blocks":0,"Local Hit Blocks":0,"Local Read Blocks":0,"Local Dirtied Blocks":0,"Local Written Blocks":0,"Temp Read Blocks":4551,"Temp Written Blocks":5372,"I/O Read Time":0.0,"I/O Write Time":0.0,"Temp I/O Read Time":7.389,"Temp I/O Write Time":21.828,"Plans":[{"Node Type":"Sort","Parent Relationship":"Outer","Parallel Aware":false,"Async Capable":false,"Startup Cost":386715.81,"Total Cost":387081.66,"Plan Rows":146339,"Plan Width":52,"Actual Startup Time":1205.159,"Actual Total Time":1205.211,"Actual Rows":1000,"Actual Loops":1,"Output":["order_line.ol_o_id","order_line.ol_w_id","order_line.ol_d_id","(sum(order_line.ol_amount))","orders.o_entry_d"],"Sort Key":["(sum(order_line.ol_amount)) DESC","orders.o_entry_d"],"Sort Method":"top-N heapsort","Sort Space Used":180,"Sort Space Type":"Memory","Shared Hit Blocks":175954,"Shared Read Blocks":0,"Shared Dirtied Blocks":0,"Shared Written Blocks":0,"Local Hit Blocks":0,"Local Read Blocks":0,"Local Dirtied Blocks":0,"Local Written Blocks":0,"Temp Read Blocks":4551,"Temp Written Blocks":5372,"I/O Read Time":0.0,"I/O Write Time":0.0,"Temp I/O Read Time":7.389,"Temp I/O Write Time":21.828,"Plans":[{"Node Type":"Aggregate","Strategy":"Hashed","Partial Mode":"Simple","Parent Relationship":"Outer","Parallel Aware":false,"Async Capable":false,"Startup Cost":375148.05,"Total Cost":378692.2,"Plan Rows":146339,"Plan Width":52,"Actual Startup Time":1160.47,"Actual Total Time":1196.534,"Actual Rows":28902,"Actual Loops":1,"Output":["order_line.ol_o_id","order_line.ol_w_id","order_line.ol_d_id","sum(order_line.ol_amount)","orders.o_entry_d"],"Group Key":["order_line.ol_o_id","order_line.ol_w_id","order_line.ol_d_id","orders.o_entry_d"],"Planned Partitions":8,"HashAgg Batches":9,"Peak Memory Usage":8273,"Disk Usage":7504,"Shared Hit Blocks":175954,"Shared Read Blocks":0,"Shared Dirtied Blocks":0,"Shared Written Blocks":0,"Local Hit Blocks":0,"Local Read Blocks":0,"Local Dirtied Blocks":0,"Local Written Blocks":0,"Temp Read Blocks":4551,"Temp Written Blocks":5372,"I/O Read Time":0.0,"I/O Write Time":0.0,"Temp I/O Read Time":7.389,"Temp I/O Write Time":21.828,"Plans":[{"Node Type":"Nested Loop","Parent Relationship":"Outer","Parallel Aware":false,"Async Capable":false,"Join Type":"Inner","Startup Cost":74764.49,"Total Cost":363532.39,"Plan Rows":146339,"Plan Width":24,"Actual Startup Time":291.674,"Actual Total Time":1084.667,"Actual Rows":289753,"Actual Loops":1,"Output":["order_line.ol_o_id","order_line.ol_w_id","order_line.ol_d_id","orders.o_entry_d","order_line.ol_amount"],"Inner Unique":false,"Join Filter":"((customer.c_w_id = order_line.ol_w_id) AND (customer.c_d_id = order_line.ol_d_id) AND (new_orders.no_o_id = order_line.ol_o_id))","Rows Removed by Join Filter":0,"Shared Hit Blocks":175954,"Shared Read Blocks":0,"Shared Dirtied Blocks":0,"Shared Written Blocks":0,"Local Hit Blocks":0,"Local Read Blocks":0,"Local Dirtied Blocks":0,"Local Written Blocks":0,"Temp Read Blocks":3760,"Temp Written Blocks":3760,"I/O Read Time":0.0,"I/O Write Time":0.0,"Temp I/O Read Time":6.36,"Temp I/O Write Time":17.099,"Plans":[{"Node Type":"Hash Join","Parent Relationship":"Outer","Parallel Aware":false,"Async Capable":false,"Join Type":"Inner","Startup Cost":74763.93,"Total Cost":152491.29,"Plan Rows":14635,"Plan Width":36,"Actual Startup Time":291.642,"Actual Total Time":836.83,"Actual Rows":28902,"Actual Loops":1,"Output":["customer.c_w_id","customer.c_d_id","new_orders.no_w_id","new_orders.no_d_id","new_orders.no_o_id","orders.o_entry_d","orders.o_w_id","orders.o_d_id","orders.o_id"],"Inner Unique":true,"Hash Cond":"((customer.c_w_id = new_orders.no_w_id) AND (customer.c_d_id = new_orders.no_d_id) AND (orders.o_id = new_orders.no_o_id))","Shared Hit Blocks":26924,"Shared Read Blocks":0,"Shared Dirtied Blocks":0,"Shared Written Blocks":0,"Local Hit Blocks":0,"Local Read Blocks":0,"Local Dirtied Blocks":0,"Local Written Blocks":0,"Temp Read Blocks":3760,"Temp Written Blocks":3760,"I/O Read Time":0.0,"I/O Write Time":0.0,"Temp I/O Read Time":6.36,"Temp I/O Write Time":17.099,"Plans":[{"Node Type":"Hash Join","Parent Relationship":"Outer","Parallel Aware":false,"Async Capable":false,"Join Type":"Inner","Startup Cost":40753.93,"Total Cost":113127.88,"Plan Rows":48814,"Plan Width":24,"Actual Startup Time":50.937,"Actual Total Time":521.109,"Actual Rows":52744,"Actual Loops":1,"Output":["customer.c_w_id","customer.c_d_id","orders.o_entry_d","orders.o_w_id","orders.o_d_id","orders.o_id"],"Inner Unique":true,"Hash Cond":"((orders.o_c_id = customer.c_id) AND (orders.o_w_id = customer.c_w_id) AND (orders.o_d_id = customer.c_d_id))","Shared Hit Blocks":22059,"Shared Read Blocks":0,"Shared Dirtied Blocks":0,"Shared Written Blocks":0,"Local Hit Blocks":0,"Local Read Blocks":0,"Local Dirtied Blocks":0,"Local Written Blocks":0,"Temp Read Blocks":0,"Temp Written Blocks":0,"I/O Read Time":0.0,"I/O Write Time":0.0,"Temp I/O Read Time":0.0,"Temp I/O Write Time":0.0,"Plans":[{"Node Type":"Seq Scan","Parent Relationship":"Outer","Parallel Aware":false,"Async Capable":false,"Relation Name":"orders","Schema":"public","Alias":"orders","Startup Cost":0.0,"Total Cost":59559.0,"Plan Rows":1627294,"Plan Width":24,"Actual Startup Time":2.374,"Actual Total Time":242.924,"Actual Rows":1635222,"Actual Loops":1,"Output":["orders.o_id","orders.o_d_id","orders.o_w_id","orders.o_c_id","orders.o_entry_d","orders.o_carrier_id","orders.o_ol_cnt","orders.o_all_local"],"Filter":"(orders.o_entry_d > '1995-03-08 20:10:02.27764'::timestamp without time zone)","Rows Removed by Filter":1364778,"Shared Hit Blocks":22059,"Shared Read Blocks":0,"Shared Dirtied Blocks":0,"Shared Written Blocks":0,"Local Hit Blocks":0,"Local Read Blocks":0,"Local Dirtied Blocks":0,"Local Written Blocks":0,"Temp Read Blocks":0,"Temp Written Blocks":0,"I/O Read Time":0.0,"I/O Write Time":0.0,"Temp I/O Read Time":0.0,"Temp I/O Write Time":0.0},{"Node Type":"Hash","Parent Relationship":"Inner","Parallel Aware":false,"Async Capable":false,"Startup Cost":39179.21,"Total Cost":39179.21,"Plan Rows":89984,"Plan Width":8,"Actual Startup Time":48.167,"Actual Total Time":48.174,"Actual Rows":96700,"Actual Loops":1,"Output":["customer.c_id","customer.c_w_id","customer.c_d_id"],"Hash Buckets":131072,"Original Hash Buckets":131072,"Hash Batches":1,"Original Hash Batches":1,"Peak Memory Usage":4802,"Shared Hit Blocks":0,"Shared Read Blocks":0,"Shared Dirtied Blocks":0,"Shared Written Blocks":0,"Local Hit Blocks":0,"Local Read Blocks":0,"Local Dirtied Blocks":0,"Local Written Blocks":0,"Temp Read Blocks":0,"Temp Written Blocks":0,"I/O Read Time":0.0,"I/O Write Time":0.0,"Temp I/O Read Time":0.0,"Temp I/O Write Time":0.0,"Plans":[{"Node Type":"Append","Parent Relationship":"Outer","Parallel Aware":false,"Async Capable":false,"Startup Cost":20.0,"Total Cost":39179.21,"Plan Rows":89984,"Plan Width":8,"Actual Startup Time":0.102,"Actual Total Time":31.974,"Actual Rows":96700,"Actual Loops":1,"Shared Hit Blocks":0,"Shared Read Blocks":0,"Shared Dirtied Blocks":0,"Shared Written Blocks":0,"Local Hit Blocks":0,"Local Read Blocks":0,"Local Dirtied Blocks":0,"Local Written Blocks":0,"Temp Read Blocks":0,"Temp Written Blocks":0,"I/O Read Time":0.0,"I/O Write Time":0.0,"Temp I/O Read Time":0.0,"Temp I/O Write Time":0.0,"Subplans Removed":0,"Plans":[{"Node Type":"Custom Scan","Parent Relationship":"Member","Custom Plan Provider":"columnar scan","Parallel Aware":false,"Async Capable":false,"Relation Name":"customer","Schema":"public","Alias":"customer","Startup Cost":20.0,"Total Cost":1954.95,"Plan Rows":89983,"Plan Width":8,"Actual Startup Time":0.101,"Actual Total Time":24.79,"Actual Rows":96700,"Actual Loops":1,"Output":["customer.c_id","customer.c_w_id","customer.c_d_id"],"Filter":"(customer.c_state ~~ 'A%'::text)","Rows Removed by Filter":0,"Rows Removed by Columnar Filter":2903300,"Columnar cache search mode":"native","Shared Hit Blocks":0,"Shared Read Blocks":0,"Shared Dirtied Blocks":0,"Shared Written Blocks":0,"Local Hit Blocks":0,"Local Read Blocks":0,"Local Dirtied Blocks":0,"Local Written Blocks":0,"Temp Read Blocks":0,"Temp Written Blocks":0,"I/O Read Time":0.0,"I/O Write Time":0.0,"Temp I/O Read Time":0.0,"Temp I/O Write Time":0.0},{"Node Type":"Seq Scan","Parent Relationship":"Member","Parallel Aware":false,"Async Capable":false,"Relation Name":"customer","Schema":"public","Alias":"customer","Startup Cost":0.0,"Total Cost":4.01,"Plan Rows":1,"Plan Width":8,"Actual Startup Time":0.0,"Actual Total Time":0.0,"Actual Rows":0,"Actual Loops":0,"Output":["customer.c_id","customer.c_w_id","customer.c_d_id"],"Filter":"(customer.c_state ~~ 'A%'::text)","Rows Removed by Filter":0,"Shared Hit Blocks":0,"Shared Read Blocks":0,"Shared Dirtied Blocks":0,"Shared Written Blocks":0,"Local Hit Blocks":0,"Local Read Blocks":0,"Local Dirtied Blocks":0,"Local Written Blocks":0,"Temp Read Blocks":0,"Temp Written Blocks":0,"I/O Read Time":0.0,"I/O Write Time":0.0,"Temp I/O Read Time":0.0,"Temp I/O Write Time":0.0}]}]}]},{"Node Type":"Hash","Parent Relationship":"Inner","Parallel Aware":false,"Async Capable":false,"Startup Cost":13865.0,"Total Cost":13865.0,"Plan Rows":900000,"Plan Width":12,"Actual Startup Time":232.71,"Actual Total Time":232.71,"Actual Rows":900000,"Actual Loops":1,"Output":["new_orders.no_w_id","new_orders.no_d_id","new_orders.no_o_id"],"Hash Buckets":262144,"Original Hash Buckets":262144,"Hash Batches":8,"Original Hash Batches":8,"Peak Memory Usage":7322,"Shared Hit Blocks":4865,"Shared Read Blocks":0,"Shared Dirtied Blocks":0,"Shared Written Blocks":0,"Local Hit Blocks":0,"Local Read Blocks":0,"Local Dirtied Blocks":0,"Local Written Blocks":0,"Temp Read Blocks":0,"Temp Written Blocks":3458,"I/O Read Time":0.0,"I/O Write Time":0.0,"Temp I/O Read Time":0.0,"Temp I/O Write Time":14.813,"Plans":[{"Node Type":"Seq Scan","Parent Relationship":"Outer","Parallel Aware":false,"Async Capable":false,"Relation Name":"new_orders","Schema":"public","Alias":"new_orders","Startup Cost":0.0,"Total Cost":13865.0,"Plan Rows":900000,"Plan Width":12,"Actual Startup Time":0.016,"Actual Total Time":86.576,"Actual Rows":900000,"Actual Loops":1,"Output":["new_orders.no_w_id","new_orders.no_d_id","new_orders.no_o_id"],"Shared Hit Blocks":4865,"Shared Read Blocks":0,"Shared Dirtied Blocks":0,"Shared Written Blocks":0,"Local Hit Blocks":0,"Local Read Blocks":0,"Local Dirtied Blocks":0,"Local Written Blocks":0,"Temp Read Blocks":0,"Temp Written Blocks":0,"I/O Read Time":0.0,"I/O Write Time":0.0,"Temp I/O Read Time":0.0,"Temp I/O Write Time":0.0}]}]},{"Node Type":"Index Scan","Parent Relationship":"Inner","Parallel Aware":false,"Async Capable":false,"Scan Direction":"Forward","Index Name":"order_line_pk","Relation Name":"order_line","Schema":"public","Alias":"order_line","Startup Cost":0.56,"Total Cost":14.25,"Plan Rows":10,"Plan Width":16,"Actual Startup Time":0.005,"Actual Total Time":0.006,"Actual Rows":10,"Actual Loops":28902,"Output":["order_line.ol_o_id","order_line.ol_d_id","order_line.ol_w_id","order_line.ol_number","order_line.ol_i_id","order_line.ol_supply_w_id","order_line.ol_delivery_d","order_line.ol_quantity","order_line.ol_amount","order_line.ol_dist_info"],"Index Cond":"((order_line.ol_w_id = orders.o_w_id) AND (order_line.ol_d_id = orders.o_d_id) AND (order_line.ol_o_id = orders.o_id))","Rows Removed by Index Recheck":0,"Shared Hit Blocks":149030,"Shared Read Blocks":0,"Shared Dirtied Blocks":0,"Shared Written Blocks":0,"Local Hit Blocks":0,"Local Read Blocks":0,"Local Dirtied Blocks":0,"Local Written Blocks":0,"Temp Read Blocks":0,"Temp Written Blocks":0,"I/O Read Time":0.0,"I/O Write Time":0.0,"Temp I/O Read Time":0.0,"Temp I/O Write Time":0.0}]}]}]}]},"Planning":{"Shared Hit Blocks":4,"Shared Read Blocks":0,"Shared Dirtied Blocks":0,"Shared Written Blocks":0,"Local Hit Blocks":0,"Local Read Blocks":0,"Local Dirtied Blocks":0,"Local Written Blocks":0,"Temp Read Blocks":0,"Temp Written Blocks":0,"I/O Read Time":0.0,"I/O Write Time":0.0,"Temp I/O Read Time":0.0,"Temp I/O Write Time":0.0},"Planning Time":2.474,"Triggers":[],"Execution Time":1210.896}]
[列存组合]: customer, orders
[{"Plan":{"Node Type":"Limit","Parallel Aware":false,"Async Capable":false,"Startup Cost":385547.99,"Total Cost":385550.49,"Plan Rows":1000,"Plan Width":52,"Actual Startup Time":1411.08,"Actual Total Time":1411.192,"Actual Rows":1000,"Actual Loops":1,"Output":["order_line.ol_o_id","order_line.ol_w_id","order_line.ol_d_id","(sum(order_line.ol_amount))","orders.o_entry_d"],"Shared Hit Blocks":153895,"Shared Read Blocks":0,"Shared Dirtied Blocks":0,"Shared Written Blocks":0,"Local Hit Blocks":0,"Local Read Blocks":0,"Local Dirtied Blocks":0,"Local Written Blocks":0,"Temp Read Blocks":4551,"Temp Written Blocks":5372,"I/O Read Time":0.0,"I/O Write Time":0.0,"Temp I/O Read Time":7.334,"Temp I/O Write Time":20.8,"Plans":[{"Node Type":"Sort","Parent Relationship":"Outer","Parallel Aware":false,"Async Capable":false,"Startup Cost":385547.99,"Total Cost":385913.84,"Plan Rows":146339,"Plan Width":52,"Actual Startup Time":1411.078,"Actual Total Time":1411.126,"Actual Rows":1000,"Actual Loops":1,"Output":["order_line.ol_o_id","order_line.ol_w_id","order_line.ol_d_id","(sum(order_line.ol_amount))","orders.o_entry_d"],"Sort Key":["(sum(order_line.ol_amount)) DESC","orders.o_entry_d"],"Sort Method":"top-N heapsort","Sort Space Used":180,"Sort Space Type":"Memory","Shared Hit Blocks":153895,"Shared Read Blocks":0,"Shared Dirtied Blocks":0,"Shared Written Blocks":0,"Local Hit Blocks":0,"Local Read Blocks":0,"Local Dirtied Blocks":0,"Local Written Blocks":0,"Temp Read Blocks":4551,"Temp Written Blocks":5372,"I/O Read Time":0.0,"I/O Write Time":0.0,"Temp I/O Read Time":7.334,"Temp I/O Write Time":20.8,"Plans":[{"Node Type":"Aggregate","Strategy":"Hashed","Partial Mode":"Simple","Parent Relationship":"Outer","Parallel Aware":false,"Async Capable":false,"Startup Cost":373980.24,"Total Cost":377524.38,"Plan Rows":146339,"Plan Width":52,"Actual Startup Time":1366.933,"Actual Total Time":1402.512,"Actual Rows":28902,"Actual Loops":1,"Output":["order_line.ol_o_id","order_line.ol_w_id","order_line.ol_d_id","sum(order_line.ol_amount)","orders.o_entry_d"],"Group Key":["order_line.ol_o_id","order_line.ol_w_id","order_line.ol_d_id","orders.o_entry_d"],"Planned Partitions":8,"HashAgg Batches":9,"Peak Memory Usage":8273,"Disk Usage":7504,"Shared Hit Blocks":153895,"Shared Read Blocks":0,"Shared Dirtied Blocks":0,"Shared Written Blocks":0,"Local Hit Blocks":0,"Local Read Blocks":0,"Local Dirtied Blocks":0,"Local Written Blocks":0,"Temp Read Blocks":4551,"Temp Written Blocks":5372,"I/O Read Time":0.0,"I/O Write Time":0.0,"Temp I/O Read Time":7.334,"Temp I/O Write Time":20.8,"Plans":[{"Node Type":"Nested Loop","Parent Relationship":"Outer","Parallel Aware":false,"Async Capable":false,"Join Type":"Inner","Startup Cost":74784.49,"Total Cost":362364.58,"Plan Rows":146339,"Plan Width":24,"Actual Startup Time":305.585,"Actual Total Time":1291.183,"Actual Rows":289753,"Actual Loops":1,"Output":["order_line.ol_o_id","order_line.ol_w_id","order_line.ol_d_id","orders.o_entry_d","order_line.ol_amount"],"Inner Unique":false,"Join Filter":"((customer.c_w_id = order_line.ol_w_id) AND (customer.c_d_id = order_line.ol_d_id) AND (new_orders.no_o_id = order_line.ol_o_id))","Rows Removed by Join Filter":0,"Shared Hit Blocks":153895,"Shared Read Blocks":0,"Shared Dirtied Blocks":0,"Shared Written Blocks":0,"Local Hit Blocks":0,"Local Read Blocks":0,"Local Dirtied Blocks":0,"Local Written Blocks":0,"Temp Read Blocks":3760,"Temp Written Blocks":3760,"I/O Read Time":0.0,"I/O Write Time":0.0,"Temp I/O Read Time":6.305,"Temp I/O Write Time":16.094,"Plans":[{"Node Type":"Hash Join","Parent Relationship":"Outer","Parallel Aware":false,"Async Capable":false,"Join Type":"Inner","Startup Cost":74783.93,"Total Cost":151323.48,"Plan Rows":14635,"Plan Width":36,"Actual Startup Time":305.55,"Actual Total Time":1042.116,"Actual Rows":28902,"Actual Loops":1,"Output":["customer.c_w_id","customer.c_d_id","new_orders.no_w_id","new_orders.no_d_id","new_orders.no_o_id","orders.o_entry_d","orders.o_w_id","orders.o_d_id","orders.o_id"],"Inner Unique":true,"Hash Cond":"((customer.c_w_id = new_orders.no_w_id) AND (customer.c_d_id = new_orders.no_d_id) AND (orders.o_id = new_orders.no_o_id))","Shared Hit Blocks":4865,"Shared Read Blocks":0,"Shared Dirtied Blocks":0,"Shared Written Blocks":0,"Local Hit Blocks":0,"Local Read Blocks":0,"Local Dirtied Blocks":0,"Local Written Blocks":0,"Temp Read Blocks":3760,"Temp Written Blocks":3760,"I/O Read Time":0.0,"I/O Write Time":0.0,"Temp I/O Read Time":6.305,"Temp I/O Write Time":16.094,"Plans":[{"Node Type":"Hash Join","Parent Relationship":"Outer","Parallel Aware":false,"Async Capable":false,"Join Type":"Inner","Startup Cost":40773.93,"Total Cost":111960.07,"Plan Rows":48814,"Plan Width":24,"Actual Startup Time":65.088,"Actual Total Time":731.289,"Actual Rows":52744,"Actual Loops":1,"Output":["customer.c_w_id","customer.c_d_id","orders.o_entry_d","orders.o_w_id","orders.o_d_id","orders.o_id"],"Inner Unique":true,"Hash Cond":"((orders.o_c_id = customer.c_id) AND (orders.o_w_id = customer.c_w_id) AND (orders.o_d_id = customer.c_d_id))","Shared Hit Blocks":0,"Shared Read Blocks":0,"Shared Dirtied Blocks":0,"Shared Written Blocks":0,"Local Hit Blocks":0,"Local Read Blocks":0,"Local Dirtied Blocks":0,"Local Written Blocks":0,"Temp Read Blocks":0,"Temp Written Blocks":0,"I/O Read Time":0.0,"I/O Write Time":0.0,"Temp I/O Read Time":0.0,"Temp I/O Write Time":0.0,"Plans":[{"Node Type":"Append","Parent Relationship":"Outer","Parallel Aware":false,"Async Capable":false,"Startup Cost":20.0,"Total Cost":58391.18,"Plan Rows":1627295,"Plan Width":24,"Actual Startup Time":2.148,"Actual Total Time":442.53,"Actual Rows":1635222,"Actual Loops":1,"Shared Hit Blocks":0,"Shared Read Blocks":0,"Shared Dirtied Blocks":0,"Shared Written Blocks":0,"Local Hit Blocks":0,"Local Read Blocks":0,"Local Dirtied Blocks":0,"Local Written Blocks":0,"Temp Read Blocks":0,"Temp Written Blocks":0,"I/O Read Time":0.0,"I/O Write Time":0.0,"Temp I/O Read Time":0.0,"Temp I/O Write Time":0.0,"Subplans Removed":0,"Plans":[{"Node Type":"Custom Scan","Parent Relationship":"Member","Custom Plan Provider":"columnar scan","Parallel Aware":false,"Async Capable":false,"Relation Name":"orders","Schema":"public","Alias":"orders","Startup Cost":20.0,"Total Cost":41516.03,"Plan Rows":1627294,"Plan Width":24,"Actual Startup Time":2.147,"Actual Total Time":319.185,"Actual Rows":1635222,"Actual Loops":1,"Output":["orders.o_entry_d","orders.o_c_id","orders.o_w_id","orders.o_d_id","orders.o_id"],"Filter":"(orders.o_entry_d > '1995-03-08 20:10:02.27764'::timestamp without time zone)","Rows Removed by Filter":0,"Rows Removed by Columnar Filter":1364778,"Rows Filtered by Bloom Filter":0,"Dictionary Rows Filtered by Bloom Filter":0,"Columnar cache search mode":"native","Shared Hit Blocks":0,"Shared Read Blocks":0,"Shared Dirtied Blocks":0,"Shared Written Blocks":0,"Local Hit Blocks":0,"Local Read Blocks":0,"Local Dirtied Blocks":0,"Local Written Blocks":0,"Temp Read Blocks":0,"Temp Written Blocks":0,"I/O Read Time":0.0,"I/O Write Time":0.0,"Temp I/O Read Time":0.0,"Temp I/O Write Time":0.0},{"Node Type":"Seq Scan","Parent Relationship":"Member","Parallel Aware":false,"Async Capable":false,"Relation Name":"orders","Schema":"public","Alias":"orders","Startup Cost":0.0,"Total Cost":4.01,"Plan Rows":1,"Plan Width":24,"Actual Startup Time":0.0,"Actual Total Time":0.0,"Actual Rows":0,"Actual Loops":0,"Output":["orders.o_entry_d","orders.o_c_id","orders.o_w_id","orders.o_d_id","orders.o_id"],"Filter":"(orders.o_entry_d > '1995-03-08 20:10:02.27764'::timestamp without time zone)","Rows Removed by Filter":0,"Shared Hit Blocks":0,"Shared Read Blocks":0,"Shared Dirtied Blocks":0,"Shared Written Blocks":0,"Local Hit Blocks":0,"Local Read Blocks":0,"Local Dirtied Blocks":0,"Local Written Blocks":0,"Temp Read Blocks":0,"Temp Written Blocks":0,"I/O Read Time":0.0,"I/O Write Time":0.0,"Temp I/O Read Time":0.0,"Temp I/O Write Time":0.0}]},{"Node Type":"Hash","Parent Relationship":"Inner","Parallel Aware":false,"Async Capable":false,"Startup Cost":39179.21,"Total Cost":39179.21,"Plan Rows":89984,"Plan Width":8,"Actual Startup Time":62.221,"Actual Total Time":62.223,"Actual Rows":96700,"Actual Loops":1,"Output":["customer.c_id","customer.c_w_id","customer.c_d_id"],"Hash Buckets":131072,"Original Hash Buckets":131072,"Hash Batches":1,"Original Hash Batches":1,"Peak Memory Usage":4802,"Shared Hit Blocks":0,"Shared Read Blocks":0,"Shared Dirtied Blocks":0,"Shared Written Blocks":0,"Local Hit Blocks":0,"Local Read Blocks":0,"Local Dirtied Blocks":0,"Local Written Blocks":0,"Temp Read Blocks":0,"Temp Written Blocks":0,"I/O Read Time":0.0,"I/O Write Time":0.0,"Temp I/O Read Time":0.0,"Temp I/O Write Time":0.0,"Plans":[{"Node Type":"Append","Parent Relationship":"Outer","Parallel Aware":false,"Async Capable":false,"Startup Cost":20.0,"Total Cost":39179.21,"Plan Rows":89984,"Plan Width":8,"Actual Startup Time":0.095,"Actual Total Time":38.144,"Actual Rows":96700,"Actual Loops":1,"Shared Hit Blocks":0,"Shared Read Blocks":0,"Shared Dirtied Blocks":0,"Shared Written Blocks":0,"Local Hit Blocks":0,"Local Read Blocks":0,"Local Dirtied Blocks":0,"Local Written Blocks":0,"Temp Read Blocks":0,"Temp Written Blocks":0,"I/O Read Time":0.0,"I/O Write Time":0.0,"Temp I/O Read Time":0.0,"Temp I/O Write Time":0.0,"Subplans Removed":0,"Plans":[{"Node Type":"Custom Scan","Parent Relationship":"Member","Custom Plan Provider":"columnar scan","Parallel Aware":false,"Async Capable":false,"Relation Name":"customer","Schema":"public","Alias":"customer","Startup Cost":20.0,"Total Cost":1954.95,"Plan Rows":89983,"Plan Width":8,"Actual Startup Time":0.093,"Actual Total Time":31.13,"Actual Rows":96700,"Actual Loops":1,"Output":["customer.c_id","customer.c_w_id","customer.c_d_id"],"Filter":"(customer.c_state ~~ 'A%'::text)","Rows Removed by Filter":0,"Rows Removed by Columnar Filter":2903300,"Columnar cache search mode":"native","Shared Hit Blocks":0,"Shared Read Blocks":0,"Shared Dirtied Blocks":0,"Shared Written Blocks":0,"Local Hit Blocks":0,"Local Read Blocks":0,"Local Dirtied Blocks":0,"Local Written Blocks":0,"Temp Read Blocks":0,"Temp Written Blocks":0,"I/O Read Time":0.0,"I/O Write Time":0.0,"Temp I/O Read Time":0.0,"Temp I/O Write Time":0.0},{"Node Type":"Seq Scan","Parent Relationship":"Member","Parallel Aware":false,"Async Capable":false,"Relation Name":"customer","Schema":"public","Alias":"customer","Startup Cost":0.0,"Total Cost":4.01,"Plan Rows":1,"Plan Width":8,"Actual Startup Time":0.0,"Actual Total Time":0.0,"Actual Rows":0,"Actual Loops":0,"Output":["customer.c_id","customer.c_w_id","customer.c_d_id"],"Filter":"(customer.c_state ~~ 'A%'::text)","Rows Removed by Filter":0,"Shared Hit Blocks":0,"Shared Read Blocks":0,"Shared Dirtied Blocks":0,"Shared Written Blocks":0,"Local Hit Blocks":0,"Local Read Blocks":0,"Local Dirtied Blocks":0,"Local Written Blocks":0,"Temp Read Blocks":0,"Temp Written Blocks":0,"I/O Read Time":0.0,"I/O Write Time":0.0,"Temp I/O Read Time":0.0,"Temp I/O Write Time":0.0}]}]}]},{"Node Type":"Hash","Parent Relationship":"Inner","Parallel Aware":false,"Async Capable":false,"Startup Cost":13865.0,"Total Cost":13865.0,"Plan Rows":900000,"Plan Width":12,"Actual Startup Time":229.347,"Actual Total Time":229.347,"Actual Rows":900000,"Actual Loops":1,"Output":["new_orders.no_w_id","new_orders.no_d_id","new_orders.no_o_id"],"Hash Buckets":262144,"Original Hash Buckets":262144,"Hash Batches":8,"Original Hash Batches":8,"Peak Memory Usage":7322,"Shared Hit Blocks":4865,"Shared Read Blocks":0,"Shared Dirtied Blocks":0,"Shared Written Blocks":0,"Local Hit Blocks":0,"Local Read Blocks":0,"Local Dirtied Blocks":0,"Local Written Blocks":0,"Temp Read Blocks":0,"Temp Written Blocks":3458,"I/O Read Time":0.0,"I/O Write Time":0.0,"Temp I/O Read Time":0.0,"Temp I/O Write Time":14.026,"Plans":[{"Node Type":"Seq Scan","Parent Relationship":"Outer","Parallel Aware":false,"Async Capable":false,"Relation Name":"new_orders","Schema":"public","Alias":"new_orders","Startup Cost":0.0,"Total Cost":13865.0,"Plan Rows":900000,"Plan Width":12,"Actual Startup Time":0.015,"Actual Total Time":85.771,"Actual Rows":900000,"Actual Loops":1,"Output":["new_orders.no_w_id","new_orders.no_d_id","new_orders.no_o_id"],"Shared Hit Blocks":4865,"Shared Read Blocks":0,"Shared Dirtied Blocks":0,"Shared Written Blocks":0,"Local Hit Blocks":0,"Local Read Blocks":0,"Local Dirtied Blocks":0,"Local Written Blocks":0,"Temp Read Blocks":0,"Temp Written Blocks":0,"I/O Read Time":0.0,"I/O Write Time":0.0,"Temp I/O Read Time":0.0,"Temp I/O Write Time":0.0}]}]},{"Node Type":"Index Scan","Parent Relationship":"Inner","Parallel Aware":false,"Async Capable":false,"Scan Direction":"Forward","Index Name":"order_line_pk","Relation Name":"order_line","Schema":"public","Alias":"order_line","Startup Cost":0.56,"Total Cost":14.25,"Plan Rows":10,"Plan Width":16,"Actual Startup Time":0.005,"Actual Total Time":0.007,"Actual Rows":10,"Actual Loops":28902,"Output":["order_line.ol_o_id","order_line.ol_d_id","order_line.ol_w_id","order_line.ol_number","order_line.ol_i_id","order_line.ol_supply_w_id","order_line.ol_delivery_d","order_line.ol_quantity","order_line.ol_amount","order_line.ol_dist_info"],"Index Cond":"((order_line.ol_w_id = orders.o_w_id) AND (order_line.ol_d_id = orders.o_d_id) AND (order_line.ol_o_id = orders.o_id))","Rows Removed by Index Recheck":0,"Shared Hit Blocks":149030,"Shared Read Blocks":0,"Shared Dirtied Blocks":0,"Shared Written Blocks":0,"Local Hit Blocks":0,"Local Read Blocks":0,"Local Dirtied Blocks":0,"Local Written Blocks":0,"Temp Read Blocks":0,"Temp Written Blocks":0,"I/O Read Time":0.0,"I/O Write Time":0.0,"Temp I/O Read Time":0.0,"Temp I/O Write Time":0.0}]}]}]}]},"Planning":{"Shared Hit Blocks":4,"Shared Read Blocks":0,"Shared Dirtied Blocks":0,"Shared Written Blocks":0,"Local Hit Blocks":0,"Local Read Blocks":0,"Local Dirtied Blocks":0,"Local Written Blocks":0,"Temp Read Blocks":0,"Temp Written Blocks":0,"I/O Read Time":0.0,"I/O Write Time":0.0,"Temp I/O Read Time":0.0,"Temp I/O Write Time":0.0},"Planning Time":2.273,"Triggers":[],"Execution Time":1413.992}]
[列存组合]: new_orders, order_line
[{"Plan":{"Node Type":"Limit","Parallel Aware":false,"Async Capable":false,"Startup Cost":619059.94,"Total Cost":619062.44,"Plan Rows":1000,"Plan Width":52,"Actual Startup Time":2072.634,"Actual Total Time":2072.743,"Actual Rows":1000,"Actual Loops":1,"Output":["order_line.ol_o_id","order_line.ol_w_id","order_line.ol_d_id","(sum(order_line.ol_amount))","orders.o_entry_d"],"Shared Hit Blocks":405558,"Shared Read Blocks":0,"Shared Dirtied Blocks":0,"Shared Written Blocks":0,"Local Hit Blocks":0,"Local Read Blocks":0,"Local Dirtied Blocks":0,"Local Written Blocks":0,"Temp Read Blocks":5216,"Temp Written Blocks":5222,"I/O Read Time":0.0,"I/O Write Time":0.0,"Temp I/O Read Time":8.415,"Temp I/O Write Time":22.629,"Plans":[{"Node Type":"Sort","Parent Relationship":"Outer","Parallel Aware":false,"Async Capable":false,"Startup Cost":619059.94,"Total Cost":619425.79,"Plan Rows":146339,"Plan Width":52,"Actual Startup Time":2072.631,"Actual Total Time":2072.676,"Actual Rows":1000,"Actual Loops":1,"Output":["order_line.ol_o_id","order_line.ol_w_id","order_line.ol_d_id","(sum(order_line.ol_amount))","orders.o_entry_d"],"Sort Key":["(sum(order_line.ol_amount)) DESC","orders.o_entry_d"],"Sort Method":"top-N heapsort","Sort Space Used":182,"Sort Space Type":"Memory","Shared Hit Blocks":405558,"Shared Read Blocks":0,"Shared Dirtied Blocks":0,"Shared Written Blocks":0,"Local Hit Blocks":0,"Local Read Blocks":0,"Local Dirtied Blocks":0,"Local Written Blocks":0,"Temp Read Blocks":5216,"Temp Written Blocks":5222,"I/O Read Time":0.0,"I/O Write Time":0.0,"Temp I/O Read Time":8.415,"Temp I/O Write Time":22.629,"Plans":[{"Node Type":"Aggregate","Strategy":"Sorted","Partial Mode":"Simple","Parent Relationship":"Outer","Parallel Aware":false,"Async Capable":false,"Startup Cost":607012.01,"Total Cost":611036.33,"Plan Rows":146339,"Plan Width":52,"Actual Startup Time":1974.384,"Actual Total Time":2063.824,"Actual Rows":28902,"Actual Loops":1,"Output":["order_line.ol_o_id","order_line.ol_w_id","order_line.ol_d_id","sum(order_line.ol_amount)","orders.o_entry_d"],"Group Key":["order_line.ol_o_id","order_line.ol_w_id","order_line.ol_d_id","orders.o_entry_d"],"Shared Hit Blocks":405558,"Shared Read Blocks":0,"Shared Dirtied Blocks":0,"Shared Written Blocks":0,"Local Hit Blocks":0,"Local Read Blocks":0,"Local Dirtied Blocks":0,"Local Written Blocks":0,"Temp Read Blocks":5216,"Temp Written Blocks":5222,"I/O Read Time":0.0,"I/O Write Time":0.0,"Temp I/O Read Time":8.415,"Temp I/O Write Time":22.629,"Plans":[{"Node Type":"Sort","Parent Relationship":"Outer","Parallel Aware":false,"Async Capable":false,"Startup Cost":607012.01,"Total Cost":607377.86,"Plan Rows":146339,"Plan Width":24,"Actual Startup Time":1974.36,"Actual Total Time":2007.185,"Actual Rows":289753,"Actual Loops":1,"Output":["order_line.ol_o_id","order_line.ol_w_id","order_line.ol_d_id","orders.o_entry_d","order_line.ol_amount"],"Sort Key":["order_line.ol_o_id","order_line.ol_w_id","order_line.ol_d_id","orders.o_entry_d"],"Sort Method":"external merge","Sort Space Used":11648,"Sort Space Type":"Disk","Shared Hit Blocks":405558,"Shared Read Blocks":0,"Shared Dirtied Blocks":0,"Shared Written Blocks":0,"Local Hit Blocks":0,"Local Read Blocks":0,"Local Dirtied Blocks":0,"Local Written Blocks":0,"Temp Read Blocks":5216,"Temp Written Blocks":5222,"I/O Read Time":0.0,"I/O Write Time":0.0,"Temp I/O Read Time":8.415,"Temp I/O Write Time":22.629,"Plans":[{"Node Type":"Nested Loop","Parent Relationship":"Outer","Parallel Aware":false,"Async Capable":false,"Join Type":"Inner","Startup Cost":302685.99,"Total Cost":591453.89,"Plan Rows":146339,"Plan Width":24,"Actual Startup Time":1106.475,"Actual Total Time":1889.267,"Actual Rows":289753,"Actual Loops":1,"Output":["order_line.ol_o_id","order_line.ol_w_id","order_line.ol_d_id","orders.o_entry_d","order_line.ol_amount"],"Inner Unique":false,"Join Filter":"((customer.c_w_id = order_line.ol_w_id) AND (customer.c_d_id = order_line.ol_d_id) AND (new_orders.no_o_id = order_line.ol_o_id))","Rows Removed by Join Filter":0,"Shared Hit Blocks":405558,"Shared Read Blocks":0,"Shared Dirtied Blocks":0,"Shared Written Blocks":0,"Local Hit Blocks":0,"Local Read Blocks":0,"Local Dirtied Blocks":0,"Local Written Blocks":0,"Temp Read Blocks":3760,"Temp Written Blocks":3760,"I/O Read Time":0.0,"I/O Write Time":0.0,"Temp I/O Read Time":6.356,"Temp I/O Write Time":17.344,"Plans":[{"Node Type":"Hash Join","Parent Relationship":"Outer","Parallel Aware":false,"Async Capable":false,"Join Type":"Inner","Startup Cost":302685.43,"Total Cost":380412.79,"Plan Rows":14635,"Plan Width":36,"Actual Startup Time":1106.427,"Actual Total Time":1642.574,"Actual Rows":28902,"Actual Loops":1,"Output":["customer.c_w_id","customer.c_d_id","new_orders.no_w_id","new_orders.no_d_id","new_orders.no_o_id","orders.o_entry_d","orders.o_w_id","orders.o_d_id","orders.o_id"],"Inner Unique":true,"Hash Cond":"((customer.c_w_id = new_orders.no_w_id) AND (customer.c_d_id = new_orders.no_d_id) AND (orders.o_id = new_orders.no_o_id))","Shared Hit Blocks":256528,"Shared Read Blocks":0,"Shared Dirtied Blocks":0,"Shared Written Blocks":0,"Local Hit Blocks":0,"Local Read Blocks":0,"Local Dirtied Blocks":0,"Local Written Blocks":0,"Temp Read Blocks":3760,"Temp Written Blocks":3760,"I/O Read Time":0.0,"I/O Write Time":0.0,"Temp I/O Read Time":6.356,"Temp I/O Write Time":17.344,"Plans":[{"Node Type":"Hash Join","Parent Relationship":"Outer","Parallel Aware":false,"Async Capable":false,"Join Type":"Inner","Startup Cost":268675.43,"Total Cost":341049.38,"Plan Rows":48814,"Plan Width":24,"Actual Startup Time":858.253,"Actual Total Time":1325.545,"Actual Rows":52744,"Actual Loops":1,"Output":["customer.c_w_id","customer.c_d_id","orders.o_entry_d","orders.o_w_id","orders.o_d_id","orders.o_id"],"Inner Unique":true,"Hash Cond":"((orders.o_c_id = customer.c_id) AND (orders.o_w_id = customer.c_w_id) AND (orders.o_d_id = customer.c_d_id))","Shared Hit Blocks":251663,"Shared Read Blocks":0,"Shared Dirtied Blocks":0,"Shared Written Blocks":0,"Local Hit Blocks":0,"Local Read Blocks":0,"Local Dirtied Blocks":0,"Local Written Blocks":0,"Temp Read Blocks":0,"Temp Written Blocks":0,"I/O Read Time":0.0,"I/O Write Time":0.0,"Temp I/O Read Time":0.0,"Temp I/O Write Time":0.0,"Plans":[{"Node Type":"Seq Scan","Parent Relationship":"Outer","Parallel Aware":false,"Async Capable":false,"Relation Name":"orders","Schema":"public","Alias":"orders","Startup Cost":0.0,"Total Cost":59559.0,"Plan Rows":1627294,"Plan Width":24,"Actual Startup Time":2.46,"Actual Total Time":243.341,"Actual Rows":1635222,"Actual Loops":1,"Output":["orders.o_id","orders.o_d_id","orders.o_w_id","orders.o_c_id","orders.o_entry_d","orders.o_carrier_id","orders.o_ol_cnt","orders.o_all_local"],"Filter":"(orders.o_entry_d > '1995-03-08 20:10:02.27764'::timestamp without time zone)","Rows Removed by Filter":1364778,"Shared Hit Blocks":22059,"Shared Read Blocks":0,"Shared Dirtied Blocks":0,"Shared Written Blocks":0,"Local Hit Blocks":0,"Local Read Blocks":0,"Local Dirtied Blocks":0,"Local Written Blocks":0,"Temp Read Blocks":0,"Temp Written Blocks":0,"I/O Read Time":0.0,"I/O Write Time":0.0,"Temp I/O Read Time":0.0,"Temp I/O Write Time":0.0},{"Node Type":"Hash","Parent Relationship":"Inner","Parallel Aware":false,"Async Capable":false,"Startup Cost":267100.72,"Total Cost":267100.72,"Plan Rows":89983,"Plan Width":8,"Actual Startup Time":855.438,"Actual Total Time":855.439,"Actual Rows":96700,"Actual Loops":1,"Output":["customer.c_id","customer.c_w_id","customer.c_d_id"],"Hash Buckets":131072,"Original Hash Buckets":131072,"Hash Batches":1,"Original Hash Batches":1,"Peak Memory Usage":4802,"Shared Hit Blocks":229604,"Shared Read Blocks":0,"Shared Dirtied Blocks":0,"Shared Written Blocks":0,"Local Hit Blocks":0,"Local Read Blocks":0,"Local Dirtied Blocks":0,"Local Written Blocks":0,"Temp Read Blocks":0,"Temp Written Blocks":0,"I/O Read Time":0.0,"I/O Write Time":0.0,"Temp I/O Read Time":0.0,"Temp I/O Write Time":0.0,"Plans":[{"Node Type":"Seq Scan","Parent Relationship":"Outer","Parallel Aware":false,"Async Capable":false,"Relation Name":"customer","Schema":"public","Alias":"customer","Startup Cost":0.0,"Total Cost":267100.72,"Plan Rows":89983,"Plan Width":8,"Actual Startup Time":0.015,"Actual Total Time":831.664,"Actual Rows":96700,"Actual Loops":1,"Output":["customer.c_id","customer.c_w_id","customer.c_d_id"],"Filter":"(customer.c_state ~~ 'A%'::text)","Rows Removed by Filter":2903300,"Shared Hit Blocks":229604,"Shared Read Blocks":0,"Shared Dirtied Blocks":0,"Shared Written Blocks":0,"Local Hit Blocks":0,"Local Read Blocks":0,"Local Dirtied Blocks":0,"Local Written Blocks":0,"Temp Read Blocks":0,"Temp Written Blocks":0,"I/O Read Time":0.0,"I/O Write Time":0.0,"Temp I/O Read Time":0.0,"Temp I/O Write Time":0.0}]}]},{"Node Type":"Hash","Parent Relationship":"Inner","Parallel Aware":false,"Async Capable":false,"Startup Cost":13865.0,"Total Cost":13865.0,"Plan Rows":900000,"Plan Width":12,"Actual Startup Time":238.73,"Actual Total Time":238.73,"Actual Rows":900000,"Actual Loops":1,"Output":["new_orders.no_w_id","new_orders.no_d_id","new_orders.no_o_id"],"Hash Buckets":262144,"Original Hash Buckets":262144,"Hash Batches":8,"Original Hash Batches":8,"Peak Memory Usage":7322,"Shared Hit Blocks":4865,"Shared Read Blocks":0,"Shared Dirtied Blocks":0,"Shared Written Blocks":0,"Local Hit Blocks":0,"Local Read Blocks":0,"Local Dirtied Blocks":0,"Local Written Blocks":0,"Temp Read Blocks":0,"Temp Written Blocks":3458,"I/O Read Time":0.0,"I/O Write Time":0.0,"Temp I/O Read Time":0.0,"Temp I/O Write Time":15.264,"Plans":[{"Node Type":"Seq Scan","Parent Relationship":"Outer","Parallel Aware":false,"Async Capable":false,"Relation Name":"new_orders","Schema":"public","Alias":"new_orders","Startup Cost":0.0,"Total Cost":13865.0,"Plan Rows":900000,"Plan Width":12,"Actual Startup Time":0.015,"Actual Total Time":88.732,"Actual Rows":900000,"Actual Loops":1,"Output":["new_orders.no_w_id","new_orders.no_d_id","new_orders.no_o_id"],"Shared Hit Blocks":4865,"Shared Read Blocks":0,"Shared Dirtied Blocks":0,"Shared Written Blocks":0,"Local Hit Blocks":0,"Local Read Blocks":0,"Local Dirtied Blocks":0,"Local Written Blocks":0,"Temp Read Blocks":0,"Temp Written Blocks":0,"I/O Read Time":0.0,"I/O Write Time":0.0,"Temp I/O Read Time":0.0,"Temp I/O Write Time":0.0}]}]},{"Node Type":"Index Scan","Parent Relationship":"Inner","Parallel Aware":false,"Async Capable":false,"Scan Direction":"Forward","Index Name":"order_line_pk","Relation Name":"order_line","Schema":"public","Alias":"order_line","Startup Cost":0.56,"Total Cost":14.25,"Plan Rows":10,"Plan Width":16,"Actual Startup Time":0.005,"Actual Total Time":0.006,"Actual Rows":10,"Actual Loops":28902,"Output":["order_line.ol_o_id","order_line.ol_d_id","order_line.ol_w_id","order_line.ol_number","order_line.ol_i_id","order_line.ol_supply_w_id","order_line.ol_delivery_d","order_line.ol_quantity","order_line.ol_amount","order_line.ol_dist_info"],"Index Cond":"((order_line.ol_w_id = orders.o_w_id) AND (order_line.ol_d_id = orders.o_d_id) AND (order_line.ol_o_id = orders.o_id))","Rows Removed by Index Recheck":0,"Shared Hit Blocks":149030,"Shared Read Blocks":0,"Shared Dirtied Blocks":0,"Shared Written Blocks":0,"Local Hit Blocks":0,"Local Read Blocks":0,"Local Dirtied Blocks":0,"Local Written Blocks":0,"Temp Read Blocks":0,"Temp Written Blocks":0,"I/O Read Time":0.0,"I/O Write Time":0.0,"Temp I/O Read Time":0.0,"Temp I/O Write Time":0.0}]}]}]}]}]},"Planning":{"Shared Hit Blocks":8,"Shared Read Blocks":0,"Shared Dirtied Blocks":0,"Shared Written Blocks":0,"Local Hit Blocks":0,"Local Read Blocks":0,"Local Dirtied Blocks":0,"Local Written Blocks":0,"Temp Read Blocks":0,"Temp Written Blocks":0,"I/O Read Time":0.0,"I/O Write Time":0.0,"Temp I/O Read Time":0.0,"Temp I/O Write Time":0.0},"Planning Time":2.298,"Triggers":[],"Execution Time":2074.467}]
[列存组合]: new_orders, orders
[{"Plan":{"Node Type":"Limit","Parallel Aware":false,"Async Capable":false,"Startup Cost":619059.94,"Total Cost":619062.44,"Plan Rows":1000,"Plan Width":52,"Actual Startup Time":1945.09,"Actual Total Time":1945.204,"Actual Rows":1000,"Actual Loops":1,"Output":["order_line.ol_o_id","order_line.ol_w_id","order_line.ol_d_id","(sum(order_line.ol_amount))","orders.o_entry_d"],"Shared Hit Blocks":405558,"Shared Read Blocks":0,"Shared Dirtied Blocks":0,"Shared Written Blocks":0,"Local Hit Blocks":0,"Local Read Blocks":0,"Local Dirtied Blocks":0,"Local Written Blocks":0,"Temp Read Blocks":5216,"Temp Written Blocks":5222,"I/O Read Time":0.0,"I/O Write Time":0.0,"Temp I/O Read Time":7.834,"Temp I/O Write Time":21.496,"Plans":[{"Node Type":"Sort","Parent Relationship":"Outer","Parallel Aware":false,"Async Capable":false,"Startup Cost":619059.94,"Total Cost":619425.79,"Plan Rows":146339,"Plan Width":52,"Actual Startup Time":1945.088,"Actual Total Time":1945.137,"Actual Rows":1000,"Actual Loops":1,"Output":["order_line.ol_o_id","order_line.ol_w_id","order_line.ol_d_id","(sum(order_line.ol_amount))","orders.o_entry_d"],"Sort Key":["(sum(order_line.ol_amount)) DESC","orders.o_entry_d"],"Sort Method":"top-N heapsort","Sort Space Used":182,"Sort Space Type":"Memory","Shared Hit Blocks":405558,"Shared Read Blocks":0,"Shared Dirtied Blocks":0,"Shared Written Blocks":0,"Local Hit Blocks":0,"Local Read Blocks":0,"Local Dirtied Blocks":0,"Local Written Blocks":0,"Temp Read Blocks":5216,"Temp Written Blocks":5222,"I/O Read Time":0.0,"I/O Write Time":0.0,"Temp I/O Read Time":7.834,"Temp I/O Write Time":21.496,"Plans":[{"Node Type":"Aggregate","Strategy":"Sorted","Partial Mode":"Simple","Parent Relationship":"Outer","Parallel Aware":false,"Async Capable":false,"Startup Cost":607012.01,"Total Cost":611036.33,"Plan Rows":146339,"Plan Width":52,"Actual Startup Time":1846.969,"Actual Total Time":1936.285,"Actual Rows":28902,"Actual Loops":1,"Output":["order_line.ol_o_id","order_line.ol_w_id","order_line.ol_d_id","sum(order_line.ol_amount)","orders.o_entry_d"],"Group Key":["order_line.ol_o_id","order_line.ol_w_id","order_line.ol_d_id","orders.o_entry_d"],"Shared Hit Blocks":405558,"Shared Read Blocks":0,"Shared Dirtied Blocks":0,"Shared Written Blocks":0,"Local Hit Blocks":0,"Local Read Blocks":0,"Local Dirtied Blocks":0,"Local Written Blocks":0,"Temp Read Blocks":5216,"Temp Written Blocks":5222,"I/O Read Time":0.0,"I/O Write Time":0.0,"Temp I/O Read Time":7.834,"Temp I/O Write Time":21.496,"Plans":[{"Node Type":"Sort","Parent Relationship":"Outer","Parallel Aware":false,"Async Capable":false,"Startup Cost":607012.01,"Total Cost":607377.86,"Plan Rows":146339,"Plan Width":24,"Actual Startup Time":1846.947,"Actual Total Time":1879.661,"Actual Rows":289753,"Actual Loops":1,"Output":["order_line.ol_o_id","order_line.ol_w_id","order_line.ol_d_id","orders.o_entry_d","order_line.ol_amount"],"Sort Key":["order_line.ol_o_id","order_line.ol_w_id","order_line.ol_d_id","orders.o_entry_d"],"Sort Method":"external merge","Sort Space Used":11648,"Sort Space Type":"Disk","Shared Hit Blocks":405558,"Shared Read Blocks":0,"Shared Dirtied Blocks":0,"Shared Written Blocks":0,"Local Hit Blocks":0,"Local Read Blocks":0,"Local Dirtied Blocks":0,"Local Written Blocks":0,"Temp Read Blocks":5216,"Temp Written Blocks":5222,"I/O Read Time":0.0,"I/O Write Time":0.0,"Temp I/O Read Time":7.834,"Temp I/O Write Time":21.496,"Plans":[{"Node Type":"Nested Loop","Parent Relationship":"Outer","Parallel Aware":false,"Async Capable":false,"Join Type":"Inner","Startup Cost":302685.99,"Total Cost":591453.89,"Plan Rows":146339,"Plan Width":24,"Actual Startup Time":975.661,"Actual Total Time":1761.89,"Actual Rows":289753,"Actual Loops":1,"Output":["order_line.ol_o_id","order_line.ol_w_id","order_line.ol_d_id","orders.o_entry_d","order_line.ol_amount"],"Inner Unique":false,"Join Filter":"((customer.c_w_id = order_line.ol_w_id) AND (customer.c_d_id = order_line.ol_d_id) AND (new_orders.no_o_id = order_line.ol_o_id))","Rows Removed by Join Filter":0,"Shared Hit Blocks":405558,"Shared Read Blocks":0,"Shared Dirtied Blocks":0,"Shared Written Blocks":0,"Local Hit Blocks":0,"Local Read Blocks":0,"Local Dirtied Blocks":0,"Local Written Blocks":0,"Temp Read Blocks":3760,"Temp Written Blocks":3760,"I/O Read Time":0.0,"I/O Write Time":0.0,"Temp I/O Read Time":5.892,"Temp I/O Write Time":16.233,"Plans":[{"Node Type":"Hash Join","Parent Relationship":"Outer","Parallel Aware":false,"Async Capable":false,"Join Type":"Inner","Startup Cost":302685.43,"Total Cost":380412.79,"Plan Rows":14635,"Plan Width":36,"Actual Startup Time":975.627,"Actual Total Time":1515.32,"Actual Rows":28902,"Actual Loops":1,"Output":["customer.c_w_id","customer.c_d_id","new_orders.no_w_id","new_orders.no_d_id","new_orders.no_o_id","orders.o_entry_d","orders.o_w_id","orders.o_d_id","orders.o_id"],"Inner Unique":true,"Hash Cond":"((customer.c_w_id = new_orders.no_w_id) AND (customer.c_d_id = new_orders.no_d_id) AND (orders.o_id = new_orders.no_o_id))","Shared Hit Blocks":256528,"Shared Read Blocks":0,"Shared Dirtied Blocks":0,"Shared Written Blocks":0,"Local Hit Blocks":0,"Local Read Blocks":0,"Local Dirtied Blocks":0,"Local Written Blocks":0,"Temp Read Blocks":3760,"Temp Written Blocks":3760,"I/O Read Time":0.0,"I/O Write Time":0.0,"Temp I/O Read Time":5.892,"Temp I/O Write Time":16.233,"Plans":[{"Node Type":"Hash Join","Parent Relationship":"Outer","Parallel Aware":false,"Async Capable":false,"Join Type":"Inner","Startup Cost":268675.43,"Total Cost":341049.38,"Plan Rows":48814,"Plan Width":24,"Actual Startup Time":738.837,"Actual Total Time":1209.032,"Actual Rows":52744,"Actual Loops":1,"Output":["customer.c_w_id","customer.c_d_id","orders.o_entry_d","orders.o_w_id","orders.o_d_id","orders.o_id"],"Inner Unique":true,"Hash Cond":"((orders.o_c_id = customer.c_id) AND (orders.o_w_id = customer.c_w_id) AND (orders.o_d_id = customer.c_d_id))","Shared Hit Blocks":251663,"Shared Read Blocks":0,"Shared Dirtied Blocks":0,"Shared Written Blocks":0,"Local Hit Blocks":0,"Local Read Blocks":0,"Local Dirtied Blocks":0,"Local Written Blocks":0,"Temp Read Blocks":0,"Temp Written Blocks":0,"I/O Read Time":0.0,"I/O Write Time":0.0,"Temp I/O Read Time":0.0,"Temp I/O Write Time":0.0,"Plans":[{"Node Type":"Seq Scan","Parent Relationship":"Outer","Parallel Aware":false,"Async Capable":false,"Relation Name":"orders","Schema":"public","Alias":"orders","Startup Cost":0.0,"Total Cost":59559.0,"Plan Rows":1627294,"Plan Width":24,"Actual Startup Time":2.44,"Actual Total Time":245.338,"Actual Rows":1635222,"Actual Loops":1,"Output":["orders.o_id","orders.o_d_id","orders.o_w_id","orders.o_c_id","orders.o_entry_d","orders.o_carrier_id","orders.o_ol_cnt","orders.o_all_local"],"Filter":"(orders.o_entry_d > '1995-03-08 20:10:02.27764'::timestamp without time zone)","Rows Removed by Filter":1364778,"Shared Hit Blocks":22059,"Shared Read Blocks":0,"Shared Dirtied Blocks":0,"Shared Written Blocks":0,"Local Hit Blocks":0,"Local Read Blocks":0,"Local Dirtied Blocks":0,"Local Written Blocks":0,"Temp Read Blocks":0,"Temp Written Blocks":0,"I/O Read Time":0.0,"I/O Write Time":0.0,"Temp I/O Read Time":0.0,"Temp I/O Write Time":0.0},{"Node Type":"Hash","Parent Relationship":"Inner","Parallel Aware":false,"Async Capable":false,"Startup Cost":267100.72,"Total Cost":267100.72,"Plan Rows":89983,"Plan Width":8,"Actual Startup Time":736.291,"Actual Total Time":736.295,"Actual Rows":96700,"Actual Loops":1,"Output":["customer.c_id","customer.c_w_id","customer.c_d_id"],"Hash Buckets":131072,"Original Hash Buckets":131072,"Hash Batches":1,"Original Hash Batches":1,"Peak Memory Usage":4802,"Shared Hit Blocks":229604,"Shared Read Blocks":0,"Shared Dirtied Blocks":0,"Shared Written Blocks":0,"Local Hit Blocks":0,"Local Read Blocks":0,"Local Dirtied Blocks":0,"Local Written Blocks":0,"Temp Read Blocks":0,"Temp Written Blocks":0,"I/O Read Time":0.0,"I/O Write Time":0.0,"Temp I/O Read Time":0.0,"Temp I/O Write Time":0.0,"Plans":[{"Node Type":"Seq Scan","Parent Relationship":"Outer","Parallel Aware":false,"Async Capable":false,"Relation Name":"customer","Schema":"public","Alias":"customer","Startup Cost":0.0,"Total Cost":267100.72,"Plan Rows":89983,"Plan Width":8,"Actual Startup Time":0.009,"Actual Total Time":714.48,"Actual Rows":96700,"Actual Loops":1,"Output":["customer.c_id","customer.c_w_id","customer.c_d_id"],"Filter":"(customer.c_state ~~ 'A%'::text)","Rows Removed by Filter":2903300,"Shared Hit Blocks":229604,"Shared Read Blocks":0,"Shared Dirtied Blocks":0,"Shared Written Blocks":0,"Local Hit Blocks":0,"Local Read Blocks":0,"Local Dirtied Blocks":0,"Local Written Blocks":0,"Temp Read Blocks":0,"Temp Written Blocks":0,"I/O Read Time":0.0,"I/O Write Time":0.0,"Temp I/O Read Time":0.0,"Temp I/O Write Time":0.0}]}]},{"Node Type":"Hash","Parent Relationship":"Inner","Parallel Aware":false,"Async Capable":false,"Startup Cost":13865.0,"Total Cost":13865.0,"Plan Rows":900000,"Plan Width":12,"Actual Startup Time":227.434,"Actual Total Time":227.434,"Actual Rows":900000,"Actual Loops":1,"Output":["new_orders.no_w_id","new_orders.no_d_id","new_orders.no_o_id"],"Hash Buckets":262144,"Original Hash Buckets":262144,"Hash Batches":8,"Original Hash Batches":8,"Peak Memory Usage":7322,"Shared Hit Blocks":4865,"Shared Read Blocks":0,"Shared Dirtied Blocks":0,"Shared Written Blocks":0,"Local Hit Blocks":0,"Local Read Blocks":0,"Local Dirtied Blocks":0,"Local Written Blocks":0,"Temp Read Blocks":0,"Temp Written Blocks":3458,"I/O Read Time":0.0,"I/O Write Time":0.0,"Temp I/O Read Time":0.0,"Temp I/O Write Time":14.15,"Plans":[{"Node Type":"Seq Scan","Parent Relationship":"Outer","Parallel Aware":false,"Async Capable":false,"Relation Name":"new_orders","Schema":"public","Alias":"new_orders","Startup Cost":0.0,"Total Cost":13865.0,"Plan Rows":900000,"Plan Width":12,"Actual Startup Time":0.02,"Actual Total Time":85.1,"Actual Rows":900000,"Actual Loops":1,"Output":["new_orders.no_w_id","new_orders.no_d_id","new_orders.no_o_id"],"Shared Hit Blocks":4865,"Shared Read Blocks":0,"Shared Dirtied Blocks":0,"Shared Written Blocks":0,"Local Hit Blocks":0,"Local Read Blocks":0,"Local Dirtied Blocks":0,"Local Written Blocks":0,"Temp Read Blocks":0,"Temp Written Blocks":0,"I/O Read Time":0.0,"I/O Write Time":0.0,"Temp I/O Read Time":0.0,"Temp I/O Write Time":0.0}]}]},{"Node Type":"Index Scan","Parent Relationship":"Inner","Parallel Aware":false,"Async Capable":false,"Scan Direction":"Forward","Index Name":"order_line_pk","Relation Name":"order_line","Schema":"public","Alias":"order_line","Startup Cost":0.56,"Total Cost":14.25,"Plan Rows":10,"Plan Width":16,"Actual Startup Time":0.005,"Actual Total Time":0.006,"Actual Rows":10,"Actual Loops":28902,"Output":["order_line.ol_o_id","order_line.ol_d_id","order_line.ol_w_id","order_line.ol_number","order_line.ol_i_id","order_line.ol_supply_w_id","order_line.ol_delivery_d","order_line.ol_quantity","order_line.ol_amount","order_line.ol_dist_info"],"Index Cond":"((order_line.ol_w_id = orders.o_w_id) AND (order_line.ol_d_id = orders.o_d_id) AND (order_line.ol_o_id = orders.o_id))","Rows Removed by Index Recheck":0,"Shared Hit Blocks":149030,"Shared Read Blocks":0,"Shared Dirtied Blocks":0,"Shared Written Blocks":0,"Local Hit Blocks":0,"Local Read Blocks":0,"Local Dirtied Blocks":0,"Local Written Blocks":0,"Temp Read Blocks":0,"Temp Written Blocks":0,"I/O Read Time":0.0,"I/O Write Time":0.0,"Temp I/O Read Time":0.0,"Temp I/O Write Time":0.0}]}]}]}]}]},"Planning":{"Shared Hit Blocks":6,"Shared Read Blocks":0,"Shared Dirtied Blocks":0,"Shared Written Blocks":0,"Local Hit Blocks":0,"Local Read Blocks":0,"Local Dirtied Blocks":0,"Local Written Blocks":0,"Temp Read Blocks":0,"Temp Written Blocks":0,"I/O Read Time":0.0,"I/O Write Time":0.0,"Temp I/O Read Time":0.0,"Temp I/O Write Time":0.0},"Planning Time":1.897,"Triggers":[],"Execution Time":1947.091}]
[列存组合]: order_line, orders
[{"Plan":{"Node Type":"Limit","Parallel Aware":false,"Async Capable":false,"Startup Cost":619059.94,"Total Cost":619062.44,"Plan Rows":1000,"Plan Width":52,"Actual Startup Time":1955.856,"Actual Total Time":1955.97,"Actual Rows":1000,"Actual Loops":1,"Output":["order_line.ol_o_id","order_line.ol_w_id","order_line.ol_d_id","(sum(order_line.ol_amount))","orders.o_entry_d"],"Shared Hit Blocks":405558,"Shared Read Blocks":0,"Shared Dirtied Blocks":0,"Shared Written Blocks":0,"Local Hit Blocks":0,"Local Read Blocks":0,"Local Dirtied Blocks":0,"Local Written Blocks":0,"Temp Read Blocks":5216,"Temp Written Blocks":5222,"I/O Read Time":0.0,"I/O Write Time":0.0,"Temp I/O Read Time":8.357,"Temp I/O Write Time":21.745,"Plans":[{"Node Type":"Sort","Parent Relationship":"Outer","Parallel Aware":false,"Async Capable":false,"Startup Cost":619059.94,"Total Cost":619425.79,"Plan Rows":146339,"Plan Width":52,"Actual Startup Time":1955.854,"Actual Total Time":1955.9,"Actual Rows":1000,"Actual Loops":1,"Output":["order_line.ol_o_id","order_line.ol_w_id","order_line.ol_d_id","(sum(order_line.ol_amount))","orders.o_entry_d"],"Sort Key":["(sum(order_line.ol_amount)) DESC","orders.o_entry_d"],"Sort Method":"top-N heapsort","Sort Space Used":182,"Sort Space Type":"Memory","Shared Hit Blocks":405558,"Shared Read Blocks":0,"Shared Dirtied Blocks":0,"Shared Written Blocks":0,"Local Hit Blocks":0,"Local Read Blocks":0,"Local Dirtied Blocks":0,"Local Written Blocks":0,"Temp Read Blocks":5216,"Temp Written Blocks":5222,"I/O Read Time":0.0,"I/O Write Time":0.0,"Temp I/O Read Time":8.357,"Temp I/O Write Time":21.745,"Plans":[{"Node Type":"Aggregate","Strategy":"Sorted","Partial Mode":"Simple","Parent Relationship":"Outer","Parallel Aware":false,"Async Capable":false,"Startup Cost":607012.01,"Total Cost":611036.33,"Plan Rows":146339,"Plan Width":52,"Actual Startup Time":1857.465,"Actual Total Time":1947.024,"Actual Rows":28902,"Actual Loops":1,"Output":["order_line.ol_o_id","order_line.ol_w_id","order_line.ol_d_id","sum(order_line.ol_amount)","orders.o_entry_d"],"Group Key":["order_line.ol_o_id","order_line.ol_w_id","order_line.ol_d_id","orders.o_entry_d"],"Shared Hit Blocks":405558,"Shared Read Blocks":0,"Shared Dirtied Blocks":0,"Shared Written Blocks":0,"Local Hit Blocks":0,"Local Read Blocks":0,"Local Dirtied Blocks":0,"Local Written Blocks":0,"Temp Read Blocks":5216,"Temp Written Blocks":5222,"I/O Read Time":0.0,"I/O Write Time":0.0,"Temp I/O Read Time":8.357,"Temp I/O Write Time":21.745,"Plans":[{"Node Type":"Sort","Parent Relationship":"Outer","Parallel Aware":false,"Async Capable":false,"Startup Cost":607012.01,"Total Cost":607377.86,"Plan Rows":146339,"Plan Width":24,"Actual Startup Time":1857.443,"Actual Total Time":1890.346,"Actual Rows":289753,"Actual Loops":1,"Output":["order_line.ol_o_id","order_line.ol_w_id","order_line.ol_d_id","orders.o_entry_d","order_line.ol_amount"],"Sort Key":["order_line.ol_o_id","order_line.ol_w_id","order_line.ol_d_id","orders.o_entry_d"],"Sort Method":"external merge","Sort Space Used":11648,"Sort Space Type":"Disk","Shared Hit Blocks":405558,"Shared Read Blocks":0,"Shared Dirtied Blocks":0,"Shared Written Blocks":0,"Local Hit Blocks":0,"Local Read Blocks":0,"Local Dirtied Blocks":0,"Local Written Blocks":0,"Temp Read Blocks":5216,"Temp Written Blocks":5222,"I/O Read Time":0.0,"I/O Write Time":0.0,"Temp I/O Read Time":8.357,"Temp I/O Write Time":21.745,"Plans":[{"Node Type":"Nested Loop","Parent Relationship":"Outer","Parallel Aware":false,"Async Capable":false,"Join Type":"Inner","Startup Cost":302685.99,"Total Cost":591453.89,"Plan Rows":146339,"Plan Width":24,"Actual Startup Time":980.486,"Actual Total Time":1771.542,"Actual Rows":289753,"Actual Loops":1,"Output":["order_line.ol_o_id","order_line.ol_w_id","order_line.ol_d_id","orders.o_entry_d","order_line.ol_amount"],"Inner Unique":false,"Join Filter":"((customer.c_w_id = order_line.ol_w_id) AND (customer.c_d_id = order_line.ol_d_id) AND (new_orders.no_o_id = order_line.ol_o_id))","Rows Removed by Join Filter":0,"Shared Hit Blocks":405558,"Shared Read Blocks":0,"Shared Dirtied Blocks":0,"Shared Written Blocks":0,"Local Hit Blocks":0,"Local Read Blocks":0,"Local Dirtied Blocks":0,"Local Written Blocks":0,"Temp Read Blocks":3760,"Temp Written Blocks":3760,"I/O Read Time":0.0,"I/O Write Time":0.0,"Temp I/O Read Time":6.277,"Temp I/O Write Time":16.447,"Plans":[{"Node Type":"Hash Join","Parent Relationship":"Outer","Parallel Aware":false,"Async Capable":false,"Join Type":"Inner","Startup Cost":302685.43,"Total Cost":380412.79,"Plan Rows":14635,"Plan Width":36,"Actual Startup Time":980.452,"Actual Total Time":1523.243,"Actual Rows":28902,"Actual Loops":1,"Output":["customer.c_w_id","customer.c_d_id","new_orders.no_w_id","new_orders.no_d_id","new_orders.no_o_id","orders.o_entry_d","orders.o_w_id","orders.o_d_id","orders.o_id"],"Inner Unique":true,"Hash Cond":"((customer.c_w_id = new_orders.no_w_id) AND (customer.c_d_id = new_orders.no_d_id) AND (orders.o_id = new_orders.no_o_id))","Shared Hit Blocks":256528,"Shared Read Blocks":0,"Shared Dirtied Blocks":0,"Shared Written Blocks":0,"Local Hit Blocks":0,"Local Read Blocks":0,"Local Dirtied Blocks":0,"Local Written Blocks":0,"Temp Read Blocks":3760,"Temp Written Blocks":3760,"I/O Read Time":0.0,"I/O Write Time":0.0,"Temp I/O Read Time":6.277,"Temp I/O Write Time":16.447,"Plans":[{"Node Type":"Hash Join","Parent Relationship":"Outer","Parallel Aware":false,"Async Capable":false,"Join Type":"Inner","Startup Cost":268675.43,"Total Cost":341049.38,"Plan Rows":48814,"Plan Width":24,"Actual Startup Time":740.338,"Actual Total Time":1213.142,"Actual Rows":52744,"Actual Loops":1,"Output":["customer.c_w_id","customer.c_d_id","orders.o_entry_d","orders.o_w_id","orders.o_d_id","orders.o_id"],"Inner Unique":true,"Hash Cond":"((orders.o_c_id = customer.c_id) AND (orders.o_w_id = customer.c_w_id) AND (orders.o_d_id = customer.c_d_id))","Shared Hit Blocks":251663,"Shared Read Blocks":0,"Shared Dirtied Blocks":0,"Shared Written Blocks":0,"Local Hit Blocks":0,"Local Read Blocks":0,"Local Dirtied Blocks":0,"Local Written Blocks":0,"Temp Read Blocks":0,"Temp Written Blocks":0,"I/O Read Time":0.0,"I/O Write Time":0.0,"Temp I/O Read Time":0.0,"Temp I/O Write Time":0.0,"Plans":[{"Node Type":"Seq Scan","Parent Relationship":"Outer","Parallel Aware":false,"Async Capable":false,"Relation Name":"orders","Schema":"public","Alias":"orders","Startup Cost":0.0,"Total Cost":59559.0,"Plan Rows":1627294,"Plan Width":24,"Actual Startup Time":2.477,"Actual Total Time":246.457,"Actual Rows":1635222,"Actual Loops":1,"Output":["orders.o_id","orders.o_d_id","orders.o_w_id","orders.o_c_id","orders.o_entry_d","orders.o_carrier_id","orders.o_ol_cnt","orders.o_all_local"],"Filter":"(orders.o_entry_d > '1995-03-08 20:10:02.27764'::timestamp without time zone)","Rows Removed by Filter":1364778,"Shared Hit Blocks":22059,"Shared Read Blocks":0,"Shared Dirtied Blocks":0,"Shared Written Blocks":0,"Local Hit Blocks":0,"Local Read Blocks":0,"Local Dirtied Blocks":0,"Local Written Blocks":0,"Temp Read Blocks":0,"Temp Written Blocks":0,"I/O Read Time":0.0,"I/O Write Time":0.0,"Temp I/O Read Time":0.0,"Temp I/O Write Time":0.0},{"Node Type":"Hash","Parent Relationship":"Inner","Parallel Aware":false,"Async Capable":false,"Startup Cost":267100.72,"Total Cost":267100.72,"Plan Rows":89983,"Plan Width":8,"Actual Startup Time":737.536,"Actual Total Time":737.539,"Actual Rows":96700,"Actual Loops":1,"Output":["customer.c_id","customer.c_w_id","customer.c_d_id"],"Hash Buckets":131072,"Original Hash Buckets":131072,"Hash Batches":1,"Original Hash Batches":1,"Peak Memory Usage":4802,"Shared Hit Blocks":229604,"Shared Read Blocks":0,"Shared Dirtied Blocks":0,"Shared Written Blocks":0,"Local Hit Blocks":0,"Local Read Blocks":0,"Local Dirtied Blocks":0,"Local Written Blocks":0,"Temp Read Blocks":0,"Temp Written Blocks":0,"I/O Read Time":0.0,"I/O Write Time":0.0,"Temp I/O Read Time":0.0,"Temp I/O Write Time":0.0,"Plans":[{"Node Type":"Seq Scan","Parent Relationship":"Outer","Parallel Aware":false,"Async Capable":false,"Relation Name":"customer","Schema":"public","Alias":"customer","Startup Cost":0.0,"Total Cost":267100.72,"Plan Rows":89983,"Plan Width":8,"Actual Startup Time":0.01,"Actual Total Time":714.357,"Actual Rows":96700,"Actual Loops":1,"Output":["customer.c_id","customer.c_w_id","customer.c_d_id"],"Filter":"(customer.c_state ~~ 'A%'::text)","Rows Removed by Filter":2903300,"Shared Hit Blocks":229604,"Shared Read Blocks":0,"Shared Dirtied Blocks":0,"Shared Written Blocks":0,"Local Hit Blocks":0,"Local Read Blocks":0,"Local Dirtied Blocks":0,"Local Written Blocks":0,"Temp Read Blocks":0,"Temp Written Blocks":0,"I/O Read Time":0.0,"I/O Write Time":0.0,"Temp I/O Read Time":0.0,"Temp I/O Write Time":0.0}]}]},{"Node Type":"Hash","Parent Relationship":"Inner","Parallel Aware":false,"Async Capable":false,"Startup Cost":13865.0,"Total Cost":13865.0,"Plan Rows":900000,"Plan Width":12,"Actual Startup Time":230.67,"Actual Total Time":230.67,"Actual Rows":900000,"Actual Loops":1,"Output":["new_orders.no_w_id","new_orders.no_d_id","new_orders.no_o_id"],"Hash Buckets":262144,"Original Hash Buckets":262144,"Hash Batches":8,"Original Hash Batches":8,"Peak Memory Usage":7322,"Shared Hit Blocks":4865,"Shared Read Blocks":0,"Shared Dirtied Blocks":0,"Shared Written Blocks":0,"Local Hit Blocks":0,"Local Read Blocks":0,"Local Dirtied Blocks":0,"Local Written Blocks":0,"Temp Read Blocks":0,"Temp Written Blocks":3458,"I/O Read Time":0.0,"I/O Write Time":0.0,"Temp I/O Read Time":0.0,"Temp I/O Write Time":14.305,"Plans":[{"Node Type":"Seq Scan","Parent Relationship":"Outer","Parallel Aware":false,"Async Capable":false,"Relation Name":"new_orders","Schema":"public","Alias":"new_orders","Startup Cost":0.0,"Total Cost":13865.0,"Plan Rows":900000,"Plan Width":12,"Actual Startup Time":0.015,"Actual Total Time":85.826,"Actual Rows":900000,"Actual Loops":1,"Output":["new_orders.no_w_id","new_orders.no_d_id","new_orders.no_o_id"],"Shared Hit Blocks":4865,"Shared Read Blocks":0,"Shared Dirtied Blocks":0,"Shared Written Blocks":0,"Local Hit Blocks":0,"Local Read Blocks":0,"Local Dirtied Blocks":0,"Local Written Blocks":0,"Temp Read Blocks":0,"Temp Written Blocks":0,"I/O Read Time":0.0,"I/O Write Time":0.0,"Temp I/O Read Time":0.0,"Temp I/O Write Time":0.0}]}]},{"Node Type":"Index Scan","Parent Relationship":"Inner","Parallel Aware":false,"Async Capable":false,"Scan Direction":"Forward","Index Name":"order_line_pk","Relation Name":"order_line","Schema":"public","Alias":"order_line","Startup Cost":0.56,"Total Cost":14.25,"Plan Rows":10,"Plan Width":16,"Actual Startup Time":0.005,"Actual Total Time":0.007,"Actual Rows":10,"Actual Loops":28902,"Output":["order_line.ol_o_id","order_line.ol_d_id","order_line.ol_w_id","order_line.ol_number","order_line.ol_i_id","order_line.ol_supply_w_id","order_line.ol_delivery_d","order_line.ol_quantity","order_line.ol_amount","order_line.ol_dist_info"],"Index Cond":"((order_line.ol_w_id = orders.o_w_id) AND (order_line.ol_d_id = orders.o_d_id) AND (order_line.ol_o_id = orders.o_id))","Rows Removed by Index Recheck":0,"Shared Hit Blocks":149030,"Shared Read Blocks":0,"Shared Dirtied Blocks":0,"Shared Written Blocks":0,"Local Hit Blocks":0,"Local Read Blocks":0,"Local Dirtied Blocks":0,"Local Written Blocks":0,"Temp Read Blocks":0,"Temp Written Blocks":0,"I/O Read Time":0.0,"I/O Write Time":0.0,"Temp I/O Read Time":0.0,"Temp I/O Write Time":0.0}]}]}]}]}]},"Planning":{"Shared Hit Blocks":4,"Shared Read Blocks":0,"Shared Dirtied Blocks":0,"Shared Written Blocks":0,"Local Hit Blocks":0,"Local Read Blocks":0,"Local Dirtied Blocks":0,"Local Written Blocks":0,"Temp Read Blocks":0,"Temp Written Blocks":0,"I/O Read Time":0.0,"I/O Write Time":0.0,"Temp I/O Read Time":0.0,"Temp I/O Write Time":0.0},"Planning Time":2.236,"Triggers":[],"Execution Time":1957.913}]
[列存组合]: customer, new_orders, order_line
[{"Plan":{"Node Type":"Limit","Parallel Aware":false,"Async Capable":false,"Startup Cost":386715.81,"Total Cost":386718.31,"Plan Rows":1000,"Plan Width":52,"Actual Startup Time":1202.392,"Actual Total Time":1202.502,"Actual Rows":1000,"Actual Loops":1,"Output":["order_line.ol_o_id","order_line.ol_w_id","order_line.ol_d_id","(sum(order_line.ol_amount))","orders.o_entry_d"],"Shared Hit Blocks":175954,"Shared Read Blocks":0,"Shared Dirtied Blocks":0,"Shared Written Blocks":0,"Local Hit Blocks":0,"Local Read Blocks":0,"Local Dirtied Blocks":0,"Local Written Blocks":0,"Temp Read Blocks":4551,"Temp Written Blocks":5372,"I/O Read Time":0.0,"I/O Write Time":0.0,"Temp I/O Read Time":7.421,"Temp I/O Write Time":21.766,"Plans":[{"Node Type":"Sort","Parent Relationship":"Outer","Parallel Aware":false,"Async Capable":false,"Startup Cost":386715.81,"Total Cost":387081.66,"Plan Rows":146339,"Plan Width":52,"Actual Startup Time":1202.39,"Actual Total Time":1202.435,"Actual Rows":1000,"Actual Loops":1,"Output":["order_line.ol_o_id","order_line.ol_w_id","order_line.ol_d_id","(sum(order_line.ol_amount))","orders.o_entry_d"],"Sort Key":["(sum(order_line.ol_amount)) DESC","orders.o_entry_d"],"Sort Method":"top-N heapsort","Sort Space Used":180,"Sort Space Type":"Memory","Shared Hit Blocks":175954,"Shared Read Blocks":0,"Shared Dirtied Blocks":0,"Shared Written Blocks":0,"Local Hit Blocks":0,"Local Read Blocks":0,"Local Dirtied Blocks":0,"Local Written Blocks":0,"Temp Read Blocks":4551,"Temp Written Blocks":5372,"I/O Read Time":0.0,"I/O Write Time":0.0,"Temp I/O Read Time":7.421,"Temp I/O Write Time":21.766,"Plans":[{"Node Type":"Aggregate","Strategy":"Hashed","Partial Mode":"Simple","Parent Relationship":"Outer","Parallel Aware":false,"Async Capable":false,"Startup Cost":375148.05,"Total Cost":378692.2,"Plan Rows":146339,"Plan Width":52,"Actual Startup Time":1158.026,"Actual Total Time":1193.764,"Actual Rows":28902,"Actual Loops":1,"Output":["order_line.ol_o_id","order_line.ol_w_id","order_line.ol_d_id","sum(order_line.ol_amount)","orders.o_entry_d"],"Group Key":["order_line.ol_o_id","order_line.ol_w_id","order_line.ol_d_id","orders.o_entry_d"],"Planned Partitions":8,"HashAgg Batches":9,"Peak Memory Usage":8273,"Disk Usage":7504,"Shared Hit Blocks":175954,"Shared Read Blocks":0,"Shared Dirtied Blocks":0,"Shared Written Blocks":0,"Local Hit Blocks":0,"Local Read Blocks":0,"Local Dirtied Blocks":0,"Local Written Blocks":0,"Temp Read Blocks":4551,"Temp Written Blocks":5372,"I/O Read Time":0.0,"I/O Write Time":0.0,"Temp I/O Read Time":7.421,"Temp I/O Write Time":21.766,"Plans":[{"Node Type":"Nested Loop","Parent Relationship":"Outer","Parallel Aware":false,"Async Capable":false,"Join Type":"Inner","Startup Cost":74764.49,"Total Cost":363532.39,"Plan Rows":146339,"Plan Width":24,"Actual Startup Time":291.842,"Actual Total Time":1082.321,"Actual Rows":289753,"Actual Loops":1,"Output":["order_line.ol_o_id","order_line.ol_w_id","order_line.ol_d_id","orders.o_entry_d","order_line.ol_amount"],"Inner Unique":false,"Join Filter":"((customer.c_w_id = order_line.ol_w_id) AND (customer.c_d_id = order_line.ol_d_id) AND (new_orders.no_o_id = order_line.ol_o_id))","Rows Removed by Join Filter":0,"Shared Hit Blocks":175954,"Shared Read Blocks":0,"Shared Dirtied Blocks":0,"Shared Written Blocks":0,"Local Hit Blocks":0,"Local Read Blocks":0,"Local Dirtied Blocks":0,"Local Written Blocks":0,"Temp Read Blocks":3760,"Temp Written Blocks":3760,"I/O Read Time":0.0,"I/O Write Time":0.0,"Temp I/O Read Time":6.378,"Temp I/O Write Time":17.032,"Plans":[{"Node Type":"Hash Join","Parent Relationship":"Outer","Parallel Aware":false,"Async Capable":false,"Join Type":"Inner","Startup Cost":74763.93,"Total Cost":152491.29,"Plan Rows":14635,"Plan Width":36,"Actual Startup Time":291.809,"Actual Total Time":834.186,"Actual Rows":28902,"Actual Loops":1,"Output":["customer.c_w_id","customer.c_d_id","new_orders.no_w_id","new_orders.no_d_id","new_orders.no_o_id","orders.o_entry_d","orders.o_w_id","orders.o_d_id","orders.o_id"],"Inner Unique":true,"Hash Cond":"((customer.c_w_id = new_orders.no_w_id) AND (customer.c_d_id = new_orders.no_d_id) AND (orders.o_id = new_orders.no_o_id))","Shared Hit Blocks":26924,"Shared Read Blocks":0,"Shared Dirtied Blocks":0,"Shared Written Blocks":0,"Local Hit Blocks":0,"Local Read Blocks":0,"Local Dirtied Blocks":0,"Local Written Blocks":0,"Temp Read Blocks":3760,"Temp Written Blocks":3760,"I/O Read Time":0.0,"I/O Write Time":0.0,"Temp I/O Read Time":6.378,"Temp I/O Write Time":17.032,"Plans":[{"Node Type":"Hash Join","Parent Relationship":"Outer","Parallel Aware":false,"Async Capable":false,"Join Type":"Inner","Startup Cost":40753.93,"Total Cost":113127.88,"Plan Rows":48814,"Plan Width":24,"Actual Startup Time":50.965,"Actual Total Time":518.686,"Actual Rows":52744,"Actual Loops":1,"Output":["customer.c_w_id","customer.c_d_id","orders.o_entry_d","orders.o_w_id","orders.o_d_id","orders.o_id"],"Inner Unique":true,"Hash Cond":"((orders.o_c_id = customer.c_id) AND (orders.o_w_id = customer.c_w_id) AND (orders.o_d_id = customer.c_d_id))","Shared Hit Blocks":22059,"Shared Read Blocks":0,"Shared Dirtied Blocks":0,"Shared Written Blocks":0,"Local Hit Blocks":0,"Local Read Blocks":0,"Local Dirtied Blocks":0,"Local Written Blocks":0,"Temp Read Blocks":0,"Temp Written Blocks":0,"I/O Read Time":0.0,"I/O Write Time":0.0,"Temp I/O Read Time":0.0,"Temp I/O Write Time":0.0,"Plans":[{"Node Type":"Seq Scan","Parent Relationship":"Outer","Parallel Aware":false,"Async Capable":false,"Relation Name":"orders","Schema":"public","Alias":"orders","Startup Cost":0.0,"Total Cost":59559.0,"Plan Rows":1627294,"Plan Width":24,"Actual Startup Time":2.377,"Actual Total Time":241.054,"Actual Rows":1635222,"Actual Loops":1,"Output":["orders.o_id","orders.o_d_id","orders.o_w_id","orders.o_c_id","orders.o_entry_d","orders.o_carrier_id","orders.o_ol_cnt","orders.o_all_local"],"Filter":"(orders.o_entry_d > '1995-03-08 20:10:02.27764'::timestamp without time zone)","Rows Removed by Filter":1364778,"Shared Hit Blocks":22059,"Shared Read Blocks":0,"Shared Dirtied Blocks":0,"Shared Written Blocks":0,"Local Hit Blocks":0,"Local Read Blocks":0,"Local Dirtied Blocks":0,"Local Written Blocks":0,"Temp Read Blocks":0,"Temp Written Blocks":0,"I/O Read Time":0.0,"I/O Write Time":0.0,"Temp I/O Read Time":0.0,"Temp I/O Write Time":0.0},{"Node Type":"Hash","Parent Relationship":"Inner","Parallel Aware":false,"Async Capable":false,"Startup Cost":39179.21,"Total Cost":39179.21,"Plan Rows":89984,"Plan Width":8,"Actual Startup Time":48.249,"Actual Total Time":48.253,"Actual Rows":96700,"Actual Loops":1,"Output":["customer.c_id","customer.c_w_id","customer.c_d_id"],"Hash Buckets":131072,"Original Hash Buckets":131072,"Hash Batches":1,"Original Hash Batches":1,"Peak Memory Usage":4802,"Shared Hit Blocks":0,"Shared Read Blocks":0,"Shared Dirtied Blocks":0,"Shared Written Blocks":0,"Local Hit Blocks":0,"Local Read Blocks":0,"Local Dirtied Blocks":0,"Local Written Blocks":0,"Temp Read Blocks":0,"Temp Written Blocks":0,"I/O Read Time":0.0,"I/O Write Time":0.0,"Temp I/O Read Time":0.0,"Temp I/O Write Time":0.0,"Plans":[{"Node Type":"Append","Parent Relationship":"Outer","Parallel Aware":false,"Async Capable":false,"Startup Cost":20.0,"Total Cost":39179.21,"Plan Rows":89984,"Plan Width":8,"Actual Startup Time":0.111,"Actual Total Time":31.864,"Actual Rows":96700,"Actual Loops":1,"Shared Hit Blocks":0,"Shared Read Blocks":0,"Shared Dirtied Blocks":0,"Shared Written Blocks":0,"Local Hit Blocks":0,"Local Read Blocks":0,"Local Dirtied Blocks":0,"Local Written Blocks":0,"Temp Read Blocks":0,"Temp Written Blocks":0,"I/O Read Time":0.0,"I/O Write Time":0.0,"Temp I/O Read Time":0.0,"Temp I/O Write Time":0.0,"Subplans Removed":0,"Plans":[{"Node Type":"Custom Scan","Parent Relationship":"Member","Custom Plan Provider":"columnar scan","Parallel Aware":false,"Async Capable":false,"Relation Name":"customer","Schema":"public","Alias":"customer","Startup Cost":20.0,"Total Cost":1954.95,"Plan Rows":89983,"Plan Width":8,"Actual Startup Time":0.11,"Actual Total Time":24.629,"Actual Rows":96700,"Actual Loops":1,"Output":["customer.c_id","customer.c_w_id","customer.c_d_id"],"Filter":"(customer.c_state ~~ 'A%'::text)","Rows Removed by Filter":0,"Rows Removed by Columnar Filter":2903300,"Columnar cache search mode":"native","Shared Hit Blocks":0,"Shared Read Blocks":0,"Shared Dirtied Blocks":0,"Shared Written Blocks":0,"Local Hit Blocks":0,"Local Read Blocks":0,"Local Dirtied Blocks":0,"Local Written Blocks":0,"Temp Read Blocks":0,"Temp Written Blocks":0,"I/O Read Time":0.0,"I/O Write Time":0.0,"Temp I/O Read Time":0.0,"Temp I/O Write Time":0.0},{"Node Type":"Seq Scan","Parent Relationship":"Member","Parallel Aware":false,"Async Capable":false,"Relation Name":"customer","Schema":"public","Alias":"customer","Startup Cost":0.0,"Total Cost":4.01,"Plan Rows":1,"Plan Width":8,"Actual Startup Time":0.0,"Actual Total Time":0.0,"Actual Rows":0,"Actual Loops":0,"Output":["customer.c_id","customer.c_w_id","customer.c_d_id"],"Filter":"(customer.c_state ~~ 'A%'::text)","Rows Removed by Filter":0,"Shared Hit Blocks":0,"Shared Read Blocks":0,"Shared Dirtied Blocks":0,"Shared Written Blocks":0,"Local Hit Blocks":0,"Local Read Blocks":0,"Local Dirtied Blocks":0,"Local Written Blocks":0,"Temp Read Blocks":0,"Temp Written Blocks":0,"I/O Read Time":0.0,"I/O Write Time":0.0,"Temp I/O Read Time":0.0,"Temp I/O Write Time":0.0}]}]}]},{"Node Type":"Hash","Parent Relationship":"Inner","Parallel Aware":false,"Async Capable":false,"Startup Cost":13865.0,"Total Cost":13865.0,"Plan Rows":900000,"Plan Width":12,"Actual Startup Time":232.841,"Actual Total Time":232.841,"Actual Rows":900000,"Actual Loops":1,"Output":["new_orders.no_w_id","new_orders.no_d_id","new_orders.no_o_id"],"Hash Buckets":262144,"Original Hash Buckets":262144,"Hash Batches":8,"Original Hash Batches":8,"Peak Memory Usage":7322,"Shared Hit Blocks":4865,"Shared Read Blocks":0,"Shared Dirtied Blocks":0,"Shared Written Blocks":0,"Local Hit Blocks":0,"Local Read Blocks":0,"Local Dirtied Blocks":0,"Local Written Blocks":0,"Temp Read Blocks":0,"Temp Written Blocks":3458,"I/O Read Time":0.0,"I/O Write Time":0.0,"Temp I/O Read Time":0.0,"Temp I/O Write Time":14.951,"Plans":[{"Node Type":"Seq Scan","Parent Relationship":"Outer","Parallel Aware":false,"Async Capable":false,"Relation Name":"new_orders","Schema":"public","Alias":"new_orders","Startup Cost":0.0,"Total Cost":13865.0,"Plan Rows":900000,"Plan Width":12,"Actual Startup Time":0.014,"Actual Total Time":86.956,"Actual Rows":900000,"Actual Loops":1,"Output":["new_orders.no_w_id","new_orders.no_d_id","new_orders.no_o_id"],"Shared Hit Blocks":4865,"Shared Read Blocks":0,"Shared Dirtied Blocks":0,"Shared Written Blocks":0,"Local Hit Blocks":0,"Local Read Blocks":0,"Local Dirtied Blocks":0,"Local Written Blocks":0,"Temp Read Blocks":0,"Temp Written Blocks":0,"I/O Read Time":0.0,"I/O Write Time":0.0,"Temp I/O Read Time":0.0,"Temp I/O Write Time":0.0}]}]},{"Node Type":"Index Scan","Parent Relationship":"Inner","Parallel Aware":false,"Async Capable":false,"Scan Direction":"Forward","Index Name":"order_line_pk","Relation Name":"order_line","Schema":"public","Alias":"order_line","Startup Cost":0.56,"Total Cost":14.25,"Plan Rows":10,"Plan Width":16,"Actual Startup Time":0.005,"Actual Total Time":0.007,"Actual Rows":10,"Actual Loops":28902,"Output":["order_line.ol_o_id","order_line.ol_d_id","order_line.ol_w_id","order_line.ol_number","order_line.ol_i_id","order_line.ol_supply_w_id","order_line.ol_delivery_d","order_line.ol_quantity","order_line.ol_amount","order_line.ol_dist_info"],"Index Cond":"((order_line.ol_w_id = orders.o_w_id) AND (order_line.ol_d_id = orders.o_d_id) AND (order_line.ol_o_id = orders.o_id))","Rows Removed by Index Recheck":0,"Shared Hit Blocks":149030,"Shared Read Blocks":0,"Shared Dirtied Blocks":0,"Shared Written Blocks":0,"Local Hit Blocks":0,"Local Read Blocks":0,"Local Dirtied Blocks":0,"Local Written Blocks":0,"Temp Read Blocks":0,"Temp Written Blocks":0,"I/O Read Time":0.0,"I/O Write Time":0.0,"Temp I/O Read Time":0.0,"Temp I/O Write Time":0.0}]}]}]}]},"Planning":{"Shared Hit Blocks":4,"Shared Read Blocks":0,"Shared Dirtied Blocks":0,"Shared Written Blocks":0,"Local Hit Blocks":0,"Local Read Blocks":0,"Local Dirtied Blocks":0,"Local Written Blocks":0,"Temp Read Blocks":0,"Temp Written Blocks":0,"I/O Read Time":0.0,"I/O Write Time":0.0,"Temp I/O Read Time":0.0,"Temp I/O Write Time":0.0},"Planning Time":2.558,"Triggers":[],"Execution Time":1208.067}]
[列存组合]: customer, new_orders, orders
[{"Plan":{"Node Type":"Limit","Parallel Aware":false,"Async Capable":false,"Startup Cost":385547.99,"Total Cost":385550.49,"Plan Rows":1000,"Plan Width":52,"Actual Startup Time":1408.05,"Actual Total Time":1408.166,"Actual Rows":1000,"Actual Loops":1,"Output":["order_line.ol_o_id","order_line.ol_w_id","order_line.ol_d_id","(sum(order_line.ol_amount))","orders.o_entry_d"],"Shared Hit Blocks":153895,"Shared Read Blocks":0,"Shared Dirtied Blocks":0,"Shared Written Blocks":0,"Local Hit Blocks":0,"Local Read Blocks":0,"Local Dirtied Blocks":0,"Local Written Blocks":0,"Temp Read Blocks":4551,"Temp Written Blocks":5372,"I/O Read Time":0.0,"I/O Write Time":0.0,"Temp I/O Read Time":7.392,"Temp I/O Write Time":21.433,"Plans":[{"Node Type":"Sort","Parent Relationship":"Outer","Parallel Aware":false,"Async Capable":false,"Startup Cost":385547.99,"Total Cost":385913.84,"Plan Rows":146339,"Plan Width":52,"Actual Startup Time":1408.048,"Actual Total Time":1408.1,"Actual Rows":1000,"Actual Loops":1,"Output":["order_line.ol_o_id","order_line.ol_w_id","order_line.ol_d_id","(sum(order_line.ol_amount))","orders.o_entry_d"],"Sort Key":["(sum(order_line.ol_amount)) DESC","orders.o_entry_d"],"Sort Method":"top-N heapsort","Sort Space Used":180,"Sort Space Type":"Memory","Shared Hit Blocks":153895,"Shared Read Blocks":0,"Shared Dirtied Blocks":0,"Shared Written Blocks":0,"Local Hit Blocks":0,"Local Read Blocks":0,"Local Dirtied Blocks":0,"Local Written Blocks":0,"Temp Read Blocks":4551,"Temp Written Blocks":5372,"I/O Read Time":0.0,"I/O Write Time":0.0,"Temp I/O Read Time":7.392,"Temp I/O Write Time":21.433,"Plans":[{"Node Type":"Aggregate","Strategy":"Hashed","Partial Mode":"Simple","Parent Relationship":"Outer","Parallel Aware":false,"Async Capable":false,"Startup Cost":373980.24,"Total Cost":377524.38,"Plan Rows":146339,"Plan Width":52,"Actual Startup Time":1363.794,"Actual Total Time":1399.478,"Actual Rows":28902,"Actual Loops":1,"Output":["order_line.ol_o_id","order_line.ol_w_id","order_line.ol_d_id","sum(order_line.ol_amount)","orders.o_entry_d"],"Group Key":["order_line.ol_o_id","order_line.ol_w_id","order_line.ol_d_id","orders.o_entry_d"],"Planned Partitions":8,"HashAgg Batches":9,"Peak Memory Usage":8273,"Disk Usage":7504,"Shared Hit Blocks":153895,"Shared Read Blocks":0,"Shared Dirtied Blocks":0,"Shared Written Blocks":0,"Local Hit Blocks":0,"Local Read Blocks":0,"Local Dirtied Blocks":0,"Local Written Blocks":0,"Temp Read Blocks":4551,"Temp Written Blocks":5372,"I/O Read Time":0.0,"I/O Write Time":0.0,"Temp I/O Read Time":7.392,"Temp I/O Write Time":21.433,"Plans":[{"Node Type":"Nested Loop","Parent Relationship":"Outer","Parallel Aware":false,"Async Capable":false,"Join Type":"Inner","Startup Cost":74784.49,"Total Cost":362364.58,"Plan Rows":146339,"Plan Width":24,"Actual Startup Time":304.95,"Actual Total Time":1287.576,"Actual Rows":289753,"Actual Loops":1,"Output":["order_line.ol_o_id","order_line.ol_w_id","order_line.ol_d_id","orders.o_entry_d","order_line.ol_amount"],"Inner Unique":false,"Join Filter":"((customer.c_w_id = order_line.ol_w_id) AND (customer.c_d_id = order_line.ol_d_id) AND (new_orders.no_o_id = order_line.ol_o_id))","Rows Removed by Join Filter":0,"Shared Hit Blocks":153895,"Shared Read Blocks":0,"Shared Dirtied Blocks":0,"Shared Written Blocks":0,"Local Hit Blocks":0,"Local Read Blocks":0,"Local Dirtied Blocks":0,"Local Written Blocks":0,"Temp Read Blocks":3760,"Temp Written Blocks":3760,"I/O Read Time":0.0,"I/O Write Time":0.0,"Temp I/O Read Time":6.357,"Temp I/O Write Time":16.708,"Plans":[{"Node Type":"Hash Join","Parent Relationship":"Outer","Parallel Aware":false,"Async Capable":false,"Join Type":"Inner","Startup Cost":74783.93,"Total Cost":151323.48,"Plan Rows":14635,"Plan Width":36,"Actual Startup Time":304.915,"Actual Total Time":1037.959,"Actual Rows":28902,"Actual Loops":1,"Output":["customer.c_w_id","customer.c_d_id","new_orders.no_w_id","new_orders.no_d_id","new_orders.no_o_id","orders.o_entry_d","orders.o_w_id","orders.o_d_id","orders.o_id"],"Inner Unique":true,"Hash Cond":"((customer.c_w_id = new_orders.no_w_id) AND (customer.c_d_id = new_orders.no_d_id) AND (orders.o_id = new_orders.no_o_id))","Shared Hit Blocks":4865,"Shared Read Blocks":0,"Shared Dirtied Blocks":0,"Shared Written Blocks":0,"Local Hit Blocks":0,"Local Read Blocks":0,"Local Dirtied Blocks":0,"Local Written Blocks":0,"Temp Read Blocks":3760,"Temp Written Blocks":3760,"I/O Read Time":0.0,"I/O Write Time":0.0,"Temp I/O Read Time":6.357,"Temp I/O Write Time":16.708,"Plans":[{"Node Type":"Hash Join","Parent Relationship":"Outer","Parallel Aware":false,"Async Capable":false,"Join Type":"Inner","Startup Cost":40773.93,"Total Cost":111960.07,"Plan Rows":48814,"Plan Width":24,"Actual Startup Time":64.674,"Actual Total Time":725.31,"Actual Rows":52744,"Actual Loops":1,"Output":["customer.c_w_id","customer.c_d_id","orders.o_entry_d","orders.o_w_id","orders.o_d_id","orders.o_id"],"Inner Unique":true,"Hash Cond":"((orders.o_c_id = customer.c_id) AND (orders.o_w_id = customer.c_w_id) AND (orders.o_d_id = customer.c_d_id))","Shared Hit Blocks":0,"Shared Read Blocks":0,"Shared Dirtied Blocks":0,"Shared Written Blocks":0,"Local Hit Blocks":0,"Local Read Blocks":0,"Local Dirtied Blocks":0,"Local Written Blocks":0,"Temp Read Blocks":0,"Temp Written Blocks":0,"I/O Read Time":0.0,"I/O Write Time":0.0,"Temp I/O Read Time":0.0,"Temp I/O Write Time":0.0,"Plans":[{"Node Type":"Append","Parent Relationship":"Outer","Parallel Aware":false,"Async Capable":false,"Startup Cost":20.0,"Total Cost":58391.18,"Plan Rows":1627295,"Plan Width":24,"Actual Startup Time":2.143,"Actual Total Time":436.809,"Actual Rows":1635222,"Actual Loops":1,"Shared Hit Blocks":0,"Shared Read Blocks":0,"Shared Dirtied Blocks":0,"Shared Written Blocks":0,"Local Hit Blocks":0,"Local Read Blocks":0,"Local Dirtied Blocks":0,"Local Written Blocks":0,"Temp Read Blocks":0,"Temp Written Blocks":0,"I/O Read Time":0.0,"I/O Write Time":0.0,"Temp I/O Read Time":0.0,"Temp I/O Write Time":0.0,"Subplans Removed":0,"Plans":[{"Node Type":"Custom Scan","Parent Relationship":"Member","Custom Plan Provider":"columnar scan","Parallel Aware":false,"Async Capable":false,"Relation Name":"orders","Schema":"public","Alias":"orders","Startup Cost":20.0,"Total Cost":41516.03,"Plan Rows":1627294,"Plan Width":24,"Actual Startup Time":2.142,"Actual Total Time":317.74,"Actual Rows":1635222,"Actual Loops":1,"Output":["orders.o_entry_d","orders.o_c_id","orders.o_w_id","orders.o_d_id","orders.o_id"],"Filter":"(orders.o_entry_d > '1995-03-08 20:10:02.27764'::timestamp without time zone)","Rows Removed by Filter":0,"Rows Removed by Columnar Filter":1364778,"Rows Filtered by Bloom Filter":0,"Dictionary Rows Filtered by Bloom Filter":0,"Columnar cache search mode":"native","Shared Hit Blocks":0,"Shared Read Blocks":0,"Shared Dirtied Blocks":0,"Shared Written Blocks":0,"Local Hit Blocks":0,"Local Read Blocks":0,"Local Dirtied Blocks":0,"Local Written Blocks":0,"Temp Read Blocks":0,"Temp Written Blocks":0,"I/O Read Time":0.0,"I/O Write Time":0.0,"Temp I/O Read Time":0.0,"Temp I/O Write Time":0.0},{"Node Type":"Seq Scan","Parent Relationship":"Member","Parallel Aware":false,"Async Capable":false,"Relation Name":"orders","Schema":"public","Alias":"orders","Startup Cost":0.0,"Total Cost":4.01,"Plan Rows":1,"Plan Width":24,"Actual Startup Time":0.0,"Actual Total Time":0.0,"Actual Rows":0,"Actual Loops":0,"Output":["orders.o_entry_d","orders.o_c_id","orders.o_w_id","orders.o_d_id","orders.o_id"],"Filter":"(orders.o_entry_d > '1995-03-08 20:10:02.27764'::timestamp without time zone)","Rows Removed by Filter":0,"Shared Hit Blocks":0,"Shared Read Blocks":0,"Shared Dirtied Blocks":0,"Shared Written Blocks":0,"Local Hit Blocks":0,"Local Read Blocks":0,"Local Dirtied Blocks":0,"Local Written Blocks":0,"Temp Read Blocks":0,"Temp Written Blocks":0,"I/O Read Time":0.0,"I/O Write Time":0.0,"Temp I/O Read Time":0.0,"Temp I/O Write Time":0.0}]},{"Node Type":"Hash","Parent Relationship":"Inner","Parallel Aware":false,"Async Capable":false,"Startup Cost":39179.21,"Total Cost":39179.21,"Plan Rows":89984,"Plan Width":8,"Actual Startup Time":62.046,"Actual Total Time":62.048,"Actual Rows":96700,"Actual Loops":1,"Output":["customer.c_id","customer.c_w_id","customer.c_d_id"],"Hash Buckets":131072,"Original Hash Buckets":131072,"Hash Batches":1,"Original Hash Batches":1,"Peak Memory Usage":4802,"Shared Hit Blocks":0,"Shared Read Blocks":0,"Shared Dirtied Blocks":0,"Shared Written Blocks":0,"Local Hit Blocks":0,"Local Read Blocks":0,"Local Dirtied Blocks":0,"Local Written Blocks":0,"Temp Read Blocks":0,"Temp Written Blocks":0,"I/O Read Time":0.0,"I/O Write Time":0.0,"Temp I/O Read Time":0.0,"Temp I/O Write Time":0.0,"Plans":[{"Node Type":"Append","Parent Relationship":"Outer","Parallel Aware":false,"Async Capable":false,"Startup Cost":20.0,"Total Cost":39179.21,"Plan Rows":89984,"Plan Width":8,"Actual Startup Time":0.118,"Actual Total Time":38.222,"Actual Rows":96700,"Actual Loops":1,"Shared Hit Blocks":0,"Shared Read Blocks":0,"Shared Dirtied Blocks":0,"Shared Written Blocks":0,"Local Hit Blocks":0,"Local Read Blocks":0,"Local Dirtied Blocks":0,"Local Written Blocks":0,"Temp Read Blocks":0,"Temp Written Blocks":0,"I/O Read Time":0.0,"I/O Write Time":0.0,"Temp I/O Read Time":0.0,"Temp I/O Write Time":0.0,"Subplans Removed":0,"Plans":[{"Node Type":"Custom Scan","Parent Relationship":"Member","Custom Plan Provider":"columnar scan","Parallel Aware":false,"Async Capable":false,"Relation Name":"customer","Schema":"public","Alias":"customer","Startup Cost":20.0,"Total Cost":1954.95,"Plan Rows":89983,"Plan Width":8,"Actual Startup Time":0.116,"Actual Total Time":31.153,"Actual Rows":96700,"Actual Loops":1,"Output":["customer.c_id","customer.c_w_id","customer.c_d_id"],"Filter":"(customer.c_state ~~ 'A%'::text)","Rows Removed by Filter":0,"Rows Removed by Columnar Filter":2903300,"Columnar cache search mode":"native","Shared Hit Blocks":0,"Shared Read Blocks":0,"Shared Dirtied Blocks":0,"Shared Written Blocks":0,"Local Hit Blocks":0,"Local Read Blocks":0,"Local Dirtied Blocks":0,"Local Written Blocks":0,"Temp Read Blocks":0,"Temp Written Blocks":0,"I/O Read Time":0.0,"I/O Write Time":0.0,"Temp I/O Read Time":0.0,"Temp I/O Write Time":0.0},{"Node Type":"Seq Scan","Parent Relationship":"Member","Parallel Aware":false,"Async Capable":false,"Relation Name":"customer","Schema":"public","Alias":"customer","Startup Cost":0.0,"Total Cost":4.01,"Plan Rows":1,"Plan Width":8,"Actual Startup Time":0.0,"Actual Total Time":0.0,"Actual Rows":0,"Actual Loops":0,"Output":["customer.c_id","customer.c_w_id","customer.c_d_id"],"Filter":"(customer.c_state ~~ 'A%'::text)","Rows Removed by Filter":0,"Shared Hit Blocks":0,"Shared Read Blocks":0,"Shared Dirtied Blocks":0,"Shared Written Blocks":0,"Local Hit Blocks":0,"Local Read Blocks":0,"Local Dirtied Blocks":0,"Local Written Blocks":0,"Temp Read Blocks":0,"Temp Written Blocks":0,"I/O Read Time":0.0,"I/O Write Time":0.0,"Temp I/O Read Time":0.0,"Temp I/O Write Time":0.0}]}]}]},{"Node Type":"Hash","Parent Relationship":"Inner","Parallel Aware":false,"Async Capable":false,"Startup Cost":13865.0,"Total Cost":13865.0,"Plan Rows":900000,"Plan Width":12,"Actual Startup Time":229.178,"Actual Total Time":229.178,"Actual Rows":900000,"Actual Loops":1,"Output":["new_orders.no_w_id","new_orders.no_d_id","new_orders.no_o_id"],"Hash Buckets":262144,"Original Hash Buckets":262144,"Hash Batches":8,"Original Hash Batches":8,"Peak Memory Usage":7322,"Shared Hit Blocks":4865,"Shared Read Blocks":0,"Shared Dirtied Blocks":0,"Shared Written Blocks":0,"Local Hit Blocks":0,"Local Read Blocks":0,"Local Dirtied Blocks":0,"Local Written Blocks":0,"Temp Read Blocks":0,"Temp Written Blocks":3458,"I/O Read Time":0.0,"I/O Write Time":0.0,"Temp I/O Read Time":0.0,"Temp I/O Write Time":14.45,"Plans":[{"Node Type":"Seq Scan","Parent Relationship":"Outer","Parallel Aware":false,"Async Capable":false,"Relation Name":"new_orders","Schema":"public","Alias":"new_orders","Startup Cost":0.0,"Total Cost":13865.0,"Plan Rows":900000,"Plan Width":12,"Actual Startup Time":0.014,"Actual Total Time":85.704,"Actual Rows":900000,"Actual Loops":1,"Output":["new_orders.no_w_id","new_orders.no_d_id","new_orders.no_o_id"],"Shared Hit Blocks":4865,"Shared Read Blocks":0,"Shared Dirtied Blocks":0,"Shared Written Blocks":0,"Local Hit Blocks":0,"Local Read Blocks":0,"Local Dirtied Blocks":0,"Local Written Blocks":0,"Temp Read Blocks":0,"Temp Written Blocks":0,"I/O Read Time":0.0,"I/O Write Time":0.0,"Temp I/O Read Time":0.0,"Temp I/O Write Time":0.0}]}]},{"Node Type":"Index Scan","Parent Relationship":"Inner","Parallel Aware":false,"Async Capable":false,"Scan Direction":"Forward","Index Name":"order_line_pk","Relation Name":"order_line","Schema":"public","Alias":"order_line","Startup Cost":0.56,"Total Cost":14.25,"Plan Rows":10,"Plan Width":16,"Actual Startup Time":0.005,"Actual Total Time":0.007,"Actual Rows":10,"Actual Loops":28902,"Output":["order_line.ol_o_id","order_line.ol_d_id","order_line.ol_w_id","order_line.ol_number","order_line.ol_i_id","order_line.ol_supply_w_id","order_line.ol_delivery_d","order_line.ol_quantity","order_line.ol_amount","order_line.ol_dist_info"],"Index Cond":"((order_line.ol_w_id = orders.o_w_id) AND (order_line.ol_d_id = orders.o_d_id) AND (order_line.ol_o_id = orders.o_id))","Rows Removed by Index Recheck":0,"Shared Hit Blocks":149030,"Shared Read Blocks":0,"Shared Dirtied Blocks":0,"Shared Written Blocks":0,"Local Hit Blocks":0,"Local Read Blocks":0,"Local Dirtied Blocks":0,"Local Written Blocks":0,"Temp Read Blocks":0,"Temp Written Blocks":0,"I/O Read Time":0.0,"I/O Write Time":0.0,"Temp I/O Read Time":0.0,"Temp I/O Write Time":0.0}]}]}]}]},"Planning":{"Shared Hit Blocks":4,"Shared Read Blocks":0,"Shared Dirtied Blocks":0,"Shared Written Blocks":0,"Local Hit Blocks":0,"Local Read Blocks":0,"Local Dirtied Blocks":0,"Local Written Blocks":0,"Temp Read Blocks":0,"Temp Written Blocks":0,"I/O Read Time":0.0,"I/O Write Time":0.0,"Temp I/O Read Time":0.0,"Temp I/O Write Time":0.0},"Planning Time":2.318,"Triggers":[],"Execution Time":1413.899}]
[列存组合]: customer, order_line, orders
[{"Plan":{"Node Type":"Limit","Parallel Aware":false,"Async Capable":false,"Startup Cost":385547.99,"Total Cost":385550.49,"Plan Rows":1000,"Plan Width":52,"Actual Startup Time":1424.789,"Actual Total Time":1424.906,"Actual Rows":1000,"Actual Loops":1,"Output":["order_line.ol_o_id","order_line.ol_w_id","order_line.ol_d_id","(sum(order_line.ol_amount))","orders.o_entry_d"],"Shared Hit Blocks":153895,"Shared Read Blocks":0,"Shared Dirtied Blocks":0,"Shared Written Blocks":0,"Local Hit Blocks":0,"Local Read Blocks":0,"Local Dirtied Blocks":0,"Local Written Blocks":0,"Temp Read Blocks":4551,"Temp Written Blocks":5372,"I/O Read Time":0.0,"I/O Write Time":0.0,"Temp I/O Read Time":7.376,"Temp I/O Write Time":21.542,"Plans":[{"Node Type":"Sort","Parent Relationship":"Outer","Parallel Aware":false,"Async Capable":false,"Startup Cost":385547.99,"Total Cost":385913.84,"Plan Rows":146339,"Plan Width":52,"Actual Startup Time":1424.787,"Actual Total Time":1424.838,"Actual Rows":1000,"Actual Loops":1,"Output":["order_line.ol_o_id","order_line.ol_w_id","order_line.ol_d_id","(sum(order_line.ol_amount))","orders.o_entry_d"],"Sort Key":["(sum(order_line.ol_amount)) DESC","orders.o_entry_d"],"Sort Method":"top-N heapsort","Sort Space Used":180,"Sort Space Type":"Memory","Shared Hit Blocks":153895,"Shared Read Blocks":0,"Shared Dirtied Blocks":0,"Shared Written Blocks":0,"Local Hit Blocks":0,"Local Read Blocks":0,"Local Dirtied Blocks":0,"Local Written Blocks":0,"Temp Read Blocks":4551,"Temp Written Blocks":5372,"I/O Read Time":0.0,"I/O Write Time":0.0,"Temp I/O Read Time":7.376,"Temp I/O Write Time":21.542,"Plans":[{"Node Type":"Aggregate","Strategy":"Hashed","Partial Mode":"Simple","Parent Relationship":"Outer","Parallel Aware":false,"Async Capable":false,"Startup Cost":373980.24,"Total Cost":377524.38,"Plan Rows":146339,"Plan Width":52,"Actual Startup Time":1380.652,"Actual Total Time":1416.196,"Actual Rows":28902,"Actual Loops":1,"Output":["order_line.ol_o_id","order_line.ol_w_id","order_line.ol_d_id","sum(order_line.ol_amount)","orders.o_entry_d"],"Group Key":["order_line.ol_o_id","order_line.ol_w_id","order_line.ol_d_id","orders.o_entry_d"],"Planned Partitions":8,"HashAgg Batches":9,"Peak Memory Usage":8273,"Disk Usage":7504,"Shared Hit Blocks":153895,"Shared Read Blocks":0,"Shared Dirtied Blocks":0,"Shared Written Blocks":0,"Local Hit Blocks":0,"Local Read Blocks":0,"Local Dirtied Blocks":0,"Local Written Blocks":0,"Temp Read Blocks":4551,"Temp Written Blocks":5372,"I/O Read Time":0.0,"I/O Write Time":0.0,"Temp I/O Read Time":7.376,"Temp I/O Write Time":21.542,"Plans":[{"Node Type":"Nested Loop","Parent Relationship":"Outer","Parallel Aware":false,"Async Capable":false,"Join Type":"Inner","Startup Cost":74784.49,"Total Cost":362364.58,"Plan Rows":146339,"Plan Width":24,"Actual Startup Time":305.824,"Actual Total Time":1304.592,"Actual Rows":289753,"Actual Loops":1,"Output":["order_line.ol_o_id","order_line.ol_w_id","order_line.ol_d_id","orders.o_entry_d","order_line.ol_amount"],"Inner Unique":false,"Join Filter":"((customer.c_w_id = order_line.ol_w_id) AND (customer.c_d_id = order_line.ol_d_id) AND (new_orders.no_o_id = order_line.ol_o_id))","Rows Removed by Join Filter":0,"Shared Hit Blocks":153895,"Shared Read Blocks":0,"Shared Dirtied Blocks":0,"Shared Written Blocks":0,"Local Hit Blocks":0,"Local Read Blocks":0,"Local Dirtied Blocks":0,"Local Written Blocks":0,"Temp Read Blocks":3760,"Temp Written Blocks":3760,"I/O Read Time":0.0,"I/O Write Time":0.0,"Temp I/O Read Time":6.353,"Temp I/O Write Time":16.789,"Plans":[{"Node Type":"Hash Join","Parent Relationship":"Outer","Parallel Aware":false,"Async Capable":false,"Join Type":"Inner","Startup Cost":74783.93,"Total Cost":151323.48,"Plan Rows":14635,"Plan Width":36,"Actual Startup Time":305.789,"Actual Total Time":1053.96,"Actual Rows":28902,"Actual Loops":1,"Output":["customer.c_w_id","customer.c_d_id","new_orders.no_w_id","new_orders.no_d_id","new_orders.no_o_id","orders.o_entry_d","orders.o_w_id","orders.o_d_id","orders.o_id"],"Inner Unique":true,"Hash Cond":"((customer.c_w_id = new_orders.no_w_id) AND (customer.c_d_id = new_orders.no_d_id) AND (orders.o_id = new_orders.no_o_id))","Shared Hit Blocks":4865,"Shared Read Blocks":0,"Shared Dirtied Blocks":0,"Shared Written Blocks":0,"Local Hit Blocks":0,"Local Read Blocks":0,"Local Dirtied Blocks":0,"Local Written Blocks":0,"Temp Read Blocks":3760,"Temp Written Blocks":3760,"I/O Read Time":0.0,"I/O Write Time":0.0,"Temp I/O Read Time":6.353,"Temp I/O Write Time":16.789,"Plans":[{"Node Type":"Hash Join","Parent Relationship":"Outer","Parallel Aware":false,"Async Capable":false,"Join Type":"Inner","Startup Cost":40773.93,"Total Cost":111960.07,"Plan Rows":48814,"Plan Width":24,"Actual Startup Time":64.873,"Actual Total Time":740.428,"Actual Rows":52744,"Actual Loops":1,"Output":["customer.c_w_id","customer.c_d_id","orders.o_entry_d","orders.o_w_id","orders.o_d_id","orders.o_id"],"Inner Unique":true,"Hash Cond":"((orders.o_c_id = customer.c_id) AND (orders.o_w_id = customer.c_w_id) AND (orders.o_d_id = customer.c_d_id))","Shared Hit Blocks":0,"Shared Read Blocks":0,"Shared Dirtied Blocks":0,"Shared Written Blocks":0,"Local Hit Blocks":0,"Local Read Blocks":0,"Local Dirtied Blocks":0,"Local Written Blocks":0,"Temp Read Blocks":0,"Temp Written Blocks":0,"I/O Read Time":0.0,"I/O Write Time":0.0,"Temp I/O Read Time":0.0,"Temp I/O Write Time":0.0,"Plans":[{"Node Type":"Append","Parent Relationship":"Outer","Parallel Aware":false,"Async Capable":false,"Startup Cost":20.0,"Total Cost":58391.18,"Plan Rows":1627295,"Plan Width":24,"Actual Startup Time":2.149,"Actual Total Time":450.955,"Actual Rows":1635222,"Actual Loops":1,"Shared Hit Blocks":0,"Shared Read Blocks":0,"Shared Dirtied Blocks":0,"Shared Written Blocks":0,"Local Hit Blocks":0,"Local Read Blocks":0,"Local Dirtied Blocks":0,"Local Written Blocks":0,"Temp Read Blocks":0,"Temp Written Blocks":0,"I/O Read Time":0.0,"I/O Write Time":0.0,"Temp I/O Read Time":0.0,"Temp I/O Write Time":0.0,"Subplans Removed":0,"Plans":[{"Node Type":"Custom Scan","Parent Relationship":"Member","Custom Plan Provider":"columnar scan","Parallel Aware":false,"Async Capable":false,"Relation Name":"orders","Schema":"public","Alias":"orders","Startup Cost":20.0,"Total Cost":41516.03,"Plan Rows":1627294,"Plan Width":24,"Actual Startup Time":2.147,"Actual Total Time":323.229,"Actual Rows":1635222,"Actual Loops":1,"Output":["orders.o_entry_d","orders.o_c_id","orders.o_w_id","orders.o_d_id","orders.o_id"],"Filter":"(orders.o_entry_d > '1995-03-08 20:10:02.27764'::timestamp without time zone)","Rows Removed by Filter":0,"Rows Removed by Columnar Filter":1364778,"Rows Filtered by Bloom Filter":0,"Dictionary Rows Filtered by Bloom Filter":0,"Columnar cache search mode":"native","Shared Hit Blocks":0,"Shared Read Blocks":0,"Shared Dirtied Blocks":0,"Shared Written Blocks":0,"Local Hit Blocks":0,"Local Read Blocks":0,"Local Dirtied Blocks":0,"Local Written Blocks":0,"Temp Read Blocks":0,"Temp Written Blocks":0,"I/O Read Time":0.0,"I/O Write Time":0.0,"Temp I/O Read Time":0.0,"Temp I/O Write Time":0.0},{"Node Type":"Seq Scan","Parent Relationship":"Member","Parallel Aware":false,"Async Capable":false,"Relation Name":"orders","Schema":"public","Alias":"orders","Startup Cost":0.0,"Total Cost":4.01,"Plan Rows":1,"Plan Width":24,"Actual Startup Time":0.0,"Actual Total Time":0.0,"Actual Rows":0,"Actual Loops":0,"Output":["orders.o_entry_d","orders.o_c_id","orders.o_w_id","orders.o_d_id","orders.o_id"],"Filter":"(orders.o_entry_d > '1995-03-08 20:10:02.27764'::timestamp without time zone)","Rows Removed by Filter":0,"Shared Hit Blocks":0,"Shared Read Blocks":0,"Shared Dirtied Blocks":0,"Shared Written Blocks":0,"Local Hit Blocks":0,"Local Read Blocks":0,"Local Dirtied Blocks":0,"Local Written Blocks":0,"Temp Read Blocks":0,"Temp Written Blocks":0,"I/O Read Time":0.0,"I/O Write Time":0.0,"Temp I/O Read Time":0.0,"Temp I/O Write Time":0.0}]},{"Node Type":"Hash","Parent Relationship":"Inner","Parallel Aware":false,"Async Capable":false,"Startup Cost":39179.21,"Total Cost":39179.21,"Plan Rows":89984,"Plan Width":8,"Actual Startup Time":62.059,"Actual Total Time":62.061,"Actual Rows":96700,"Actual Loops":1,"Output":["customer.c_id","customer.c_w_id","customer.c_d_id"],"Hash Buckets":131072,"Original Hash Buckets":131072,"Hash Batches":1,"Original Hash Batches":1,"Peak Memory Usage":4802,"Shared Hit Blocks":0,"Shared Read Blocks":0,"Shared Dirtied Blocks":0,"Shared Written Blocks":0,"Local Hit Blocks":0,"Local Read Blocks":0,"Local Dirtied Blocks":0,"Local Written Blocks":0,"Temp Read Blocks":0,"Temp Written Blocks":0,"I/O Read Time":0.0,"I/O Write Time":0.0,"Temp I/O Read Time":0.0,"Temp I/O Write Time":0.0,"Plans":[{"Node Type":"Append","Parent Relationship":"Outer","Parallel Aware":false,"Async Capable":false,"Startup Cost":20.0,"Total Cost":39179.21,"Plan Rows":89984,"Plan Width":8,"Actual Startup Time":0.124,"Actual Total Time":37.838,"Actual Rows":96700,"Actual Loops":1,"Shared Hit Blocks":0,"Shared Read Blocks":0,"Shared Dirtied Blocks":0,"Shared Written Blocks":0,"Local Hit Blocks":0,"Local Read Blocks":0,"Local Dirtied Blocks":0,"Local Written Blocks":0,"Temp Read Blocks":0,"Temp Written Blocks":0,"I/O Read Time":0.0,"I/O Write Time":0.0,"Temp I/O Read Time":0.0,"Temp I/O Write Time":0.0,"Subplans Removed":0,"Plans":[{"Node Type":"Custom Scan","Parent Relationship":"Member","Custom Plan Provider":"columnar scan","Parallel Aware":false,"Async Capable":false,"Relation Name":"customer","Schema":"public","Alias":"customer","Startup Cost":20.0,"Total Cost":1954.95,"Plan Rows":89983,"Plan Width":8,"Actual Startup Time":0.123,"Actual Total Time":30.857,"Actual Rows":96700,"Actual Loops":1,"Output":["customer.c_id","customer.c_w_id","customer.c_d_id"],"Filter":"(customer.c_state ~~ 'A%'::text)","Rows Removed by Filter":0,"Rows Removed by Columnar Filter":2903300,"Columnar cache search mode":"native","Shared Hit Blocks":0,"Shared Read Blocks":0,"Shared Dirtied Blocks":0,"Shared Written Blocks":0,"Local Hit Blocks":0,"Local Read Blocks":0,"Local Dirtied Blocks":0,"Local Written Blocks":0,"Temp Read Blocks":0,"Temp Written Blocks":0,"I/O Read Time":0.0,"I/O Write Time":0.0,"Temp I/O Read Time":0.0,"Temp I/O Write Time":0.0},{"Node Type":"Seq Scan","Parent Relationship":"Member","Parallel Aware":false,"Async Capable":false,"Relation Name":"customer","Schema":"public","Alias":"customer","Startup Cost":0.0,"Total Cost":4.01,"Plan Rows":1,"Plan Width":8,"Actual Startup Time":0.0,"Actual Total Time":0.0,"Actual Rows":0,"Actual Loops":0,"Output":["customer.c_id","customer.c_w_id","customer.c_d_id"],"Filter":"(customer.c_state ~~ 'A%'::text)","Rows Removed by Filter":0,"Shared Hit Blocks":0,"Shared Read Blocks":0,"Shared Dirtied Blocks":0,"Shared Written Blocks":0,"Local Hit Blocks":0,"Local Read Blocks":0,"Local Dirtied Blocks":0,"Local Written Blocks":0,"Temp Read Blocks":0,"Temp Written Blocks":0,"I/O Read Time":0.0,"I/O Write Time":0.0,"Temp I/O Read Time":0.0,"Temp I/O Write Time":0.0}]}]}]},{"Node Type":"Hash","Parent Relationship":"Inner","Parallel Aware":false,"Async Capable":false,"Startup Cost":13865.0,"Total Cost":13865.0,"Plan Rows":900000,"Plan Width":12,"Actual Startup Time":229.667,"Actual Total Time":229.667,"Actual Rows":900000,"Actual Loops":1,"Output":["new_orders.no_w_id","new_orders.no_d_id","new_orders.no_o_id"],"Hash Buckets":262144,"Original Hash Buckets":262144,"Hash Batches":8,"Original Hash Batches":8,"Peak Memory Usage":7322,"Shared Hit Blocks":4865,"Shared Read Blocks":0,"Shared Dirtied Blocks":0,"Shared Written Blocks":0,"Local Hit Blocks":0,"Local Read Blocks":0,"Local Dirtied Blocks":0,"Local Written Blocks":0,"Temp Read Blocks":0,"Temp Written Blocks":3458,"I/O Read Time":0.0,"I/O Write Time":0.0,"Temp I/O Read Time":0.0,"Temp I/O Write Time":14.694,"Plans":[{"Node Type":"Seq Scan","Parent Relationship":"Outer","Parallel Aware":false,"Async Capable":false,"Relation Name":"new_orders","Schema":"public","Alias":"new_orders","Startup Cost":0.0,"Total Cost":13865.0,"Plan Rows":900000,"Plan Width":12,"Actual Startup Time":0.015,"Actual Total Time":85.724,"Actual Rows":900000,"Actual Loops":1,"Output":["new_orders.no_w_id","new_orders.no_d_id","new_orders.no_o_id"],"Shared Hit Blocks":4865,"Shared Read Blocks":0,"Shared Dirtied Blocks":0,"Shared Written Blocks":0,"Local Hit Blocks":0,"Local Read Blocks":0,"Local Dirtied Blocks":0,"Local Written Blocks":0,"Temp Read Blocks":0,"Temp Written Blocks":0,"I/O Read Time":0.0,"I/O Write Time":0.0,"Temp I/O Read Time":0.0,"Temp I/O Write Time":0.0}]}]},{"Node Type":"Index Scan","Parent Relationship":"Inner","Parallel Aware":false,"Async Capable":false,"Scan Direction":"Forward","Index Name":"order_line_pk","Relation Name":"order_line","Schema":"public","Alias":"order_line","Startup Cost":0.56,"Total Cost":14.25,"Plan Rows":10,"Plan Width":16,"Actual Startup Time":0.005,"Actual Total Time":0.007,"Actual Rows":10,"Actual Loops":28902,"Output":["order_line.ol_o_id","order_line.ol_d_id","order_line.ol_w_id","order_line.ol_number","order_line.ol_i_id","order_line.ol_supply_w_id","order_line.ol_delivery_d","order_line.ol_quantity","order_line.ol_amount","order_line.ol_dist_info"],"Index Cond":"((order_line.ol_w_id = orders.o_w_id) AND (order_line.ol_d_id = orders.o_d_id) AND (order_line.ol_o_id = orders.o_id))","Rows Removed by Index Recheck":0,"Shared Hit Blocks":149030,"Shared Read Blocks":0,"Shared Dirtied Blocks":0,"Shared Written Blocks":0,"Local Hit Blocks":0,"Local Read Blocks":0,"Local Dirtied Blocks":0,"Local Written Blocks":0,"Temp Read Blocks":0,"Temp Written Blocks":0,"I/O Read Time":0.0,"I/O Write Time":0.0,"Temp I/O Read Time":0.0,"Temp I/O Write Time":0.0}]}]}]}]},"Planning":{"Shared Hit Blocks":4,"Shared Read Blocks":0,"Shared Dirtied Blocks":0,"Shared Written Blocks":0,"Local Hit Blocks":0,"Local Read Blocks":0,"Local Dirtied Blocks":0,"Local Written Blocks":0,"Temp Read Blocks":0,"Temp Written Blocks":0,"I/O Read Time":0.0,"I/O Write Time":0.0,"Temp I/O Read Time":0.0,"Temp I/O Write Time":0.0},"Planning Time":2.511,"Triggers":[],"Execution Time":1430.626}]
[列存组合]: new_orders, order_line, orders
[{"Plan":{"Node Type":"Limit","Parallel Aware":false,"Async Capable":false,"Startup Cost":619059.94,"Total Cost":619062.44,"Plan Rows":1000,"Plan Width":52,"Actual Startup Time":2078.371,"Actual Total Time":2078.481,"Actual Rows":1000,"Actual Loops":1,"Output":["order_line.ol_o_id","order_line.ol_w_id","order_line.ol_d_id","(sum(order_line.ol_amount))","orders.o_entry_d"],"Shared Hit Blocks":405558,"Shared Read Blocks":0,"Shared Dirtied Blocks":0,"Shared Written Blocks":0,"Local Hit Blocks":0,"Local Read Blocks":0,"Local Dirtied Blocks":0,"Local Written Blocks":0,"Temp Read Blocks":5216,"Temp Written Blocks":5222,"I/O Read Time":0.0,"I/O Write Time":0.0,"Temp I/O Read Time":7.923,"Temp I/O Write Time":21.639,"Plans":[{"Node Type":"Sort","Parent Relationship":"Outer","Parallel Aware":false,"Async Capable":false,"Startup Cost":619059.94,"Total Cost":619425.79,"Plan Rows":146339,"Plan Width":52,"Actual Startup Time":2078.37,"Actual Total Time":2078.414,"Actual Rows":1000,"Actual Loops":1,"Output":["order_line.ol_o_id","order_line.ol_w_id","order_line.ol_d_id","(sum(order_line.ol_amount))","orders.o_entry_d"],"Sort Key":["(sum(order_line.ol_amount)) DESC","orders.o_entry_d"],"Sort Method":"top-N heapsort","Sort Space Used":182,"Sort Space Type":"Memory","Shared Hit Blocks":405558,"Shared Read Blocks":0,"Shared Dirtied Blocks":0,"Shared Written Blocks":0,"Local Hit Blocks":0,"Local Read Blocks":0,"Local Dirtied Blocks":0,"Local Written Blocks":0,"Temp Read Blocks":5216,"Temp Written Blocks":5222,"I/O Read Time":0.0,"I/O Write Time":0.0,"Temp I/O Read Time":7.923,"Temp I/O Write Time":21.639,"Plans":[{"Node Type":"Aggregate","Strategy":"Sorted","Partial Mode":"Simple","Parent Relationship":"Outer","Parallel Aware":false,"Async Capable":false,"Startup Cost":607012.01,"Total Cost":611036.33,"Plan Rows":146339,"Plan Width":52,"Actual Startup Time":1980.161,"Actual Total Time":2069.529,"Actual Rows":28902,"Actual Loops":1,"Output":["order_line.ol_o_id","order_line.ol_w_id","order_line.ol_d_id","sum(order_line.ol_amount)","orders.o_entry_d"],"Group Key":["order_line.ol_o_id","order_line.ol_w_id","order_line.ol_d_id","orders.o_entry_d"],"Shared Hit Blocks":405558,"Shared Read Blocks":0,"Shared Dirtied Blocks":0,"Shared Written Blocks":0,"Local Hit Blocks":0,"Local Read Blocks":0,"Local Dirtied Blocks":0,"Local Written Blocks":0,"Temp Read Blocks":5216,"Temp Written Blocks":5222,"I/O Read Time":0.0,"I/O Write Time":0.0,"Temp I/O Read Time":7.923,"Temp I/O Write Time":21.639,"Plans":[{"Node Type":"Sort","Parent Relationship":"Outer","Parallel Aware":false,"Async Capable":false,"Startup Cost":607012.01,"Total Cost":607377.86,"Plan Rows":146339,"Plan Width":24,"Actual Startup Time":1980.145,"Actual Total Time":2012.959,"Actual Rows":289753,"Actual Loops":1,"Output":["order_line.ol_o_id","order_line.ol_w_id","order_line.ol_d_id","orders.o_entry_d","order_line.ol_amount"],"Sort Key":["order_line.ol_o_id","order_line.ol_w_id","order_line.ol_d_id","orders.o_entry_d"],"Sort Method":"external merge","Sort Space Used":11648,"Sort Space Type":"Disk","Shared Hit Blocks":405558,"Shared Read Blocks":0,"Shared Dirtied Blocks":0,"Shared Written Blocks":0,"Local Hit Blocks":0,"Local Read Blocks":0,"Local Dirtied Blocks":0,"Local Written Blocks":0,"Temp Read Blocks":5216,"Temp Written Blocks":5222,"I/O Read Time":0.0,"I/O Write Time":0.0,"Temp I/O Read Time":7.923,"Temp I/O Write Time":21.639,"Plans":[{"Node Type":"Nested Loop","Parent Relationship":"Outer","Parallel Aware":false,"Async Capable":false,"Join Type":"Inner","Startup Cost":302685.99,"Total Cost":591453.89,"Plan Rows":146339,"Plan Width":24,"Actual Startup Time":1111.261,"Actual Total Time":1894.471,"Actual Rows":289753,"Actual Loops":1,"Output":["order_line.ol_o_id","order_line.ol_w_id","order_line.ol_d_id","orders.o_entry_d","order_line.ol_amount"],"Inner Unique":false,"Join Filter":"((customer.c_w_id = order_line.ol_w_id) AND (customer.c_d_id = order_line.ol_d_id) AND (new_orders.no_o_id = order_line.ol_o_id))","Rows Removed by Join Filter":0,"Shared Hit Blocks":405558,"Shared Read Blocks":0,"Shared Dirtied Blocks":0,"Shared Written Blocks":0,"Local Hit Blocks":0,"Local Read Blocks":0,"Local Dirtied Blocks":0,"Local Written Blocks":0,"Temp Read Blocks":3760,"Temp Written Blocks":3760,"I/O Read Time":0.0,"I/O Write Time":0.0,"Temp I/O Read Time":5.944,"Temp I/O Write Time":16.371,"Plans":[{"Node Type":"Hash Join","Parent Relationship":"Outer","Parallel Aware":false,"Async Capable":false,"Join Type":"Inner","Startup Cost":302685.43,"Total Cost":380412.79,"Plan Rows":14635,"Plan Width":36,"Actual Startup Time":1111.224,"Actual Total Time":1646.449,"Actual Rows":28902,"Actual Loops":1,"Output":["customer.c_w_id","customer.c_d_id","new_orders.no_w_id","new_orders.no_d_id","new_orders.no_o_id","orders.o_entry_d","orders.o_w_id","orders.o_d_id","orders.o_id"],"Inner Unique":true,"Hash Cond":"((customer.c_w_id = new_orders.no_w_id) AND (customer.c_d_id = new_orders.no_d_id) AND (orders.o_id = new_orders.no_o_id))","Shared Hit Blocks":256528,"Shared Read Blocks":0,"Shared Dirtied Blocks":0,"Shared Written Blocks":0,"Local Hit Blocks":0,"Local Read Blocks":0,"Local Dirtied Blocks":0,"Local Written Blocks":0,"Temp Read Blocks":3760,"Temp Written Blocks":3760,"I/O Read Time":0.0,"I/O Write Time":0.0,"Temp I/O Read Time":5.944,"Temp I/O Write Time":16.371,"Plans":[{"Node Type":"Hash Join","Parent Relationship":"Outer","Parallel Aware":false,"Async Capable":false,"Join Type":"Inner","Startup Cost":268675.43,"Total Cost":341049.38,"Plan Rows":48814,"Plan Width":24,"Actual Startup Time":871.532,"Actual Total Time":1339.713,"Actual Rows":52744,"Actual Loops":1,"Output":["customer.c_w_id","customer.c_d_id","orders.o_entry_d","orders.o_w_id","orders.o_d_id","orders.o_id"],"Inner Unique":true,"Hash Cond":"((orders.o_c_id = customer.c_id) AND (orders.o_w_id = customer.c_w_id) AND (orders.o_d_id = customer.c_d_id))","Shared Hit Blocks":251663,"Shared Read Blocks":0,"Shared Dirtied Blocks":0,"Shared Written Blocks":0,"Local Hit Blocks":0,"Local Read Blocks":0,"Local Dirtied Blocks":0,"Local Written Blocks":0,"Temp Read Blocks":0,"Temp Written Blocks":0,"I/O Read Time":0.0,"I/O Write Time":0.0,"Temp I/O Read Time":0.0,"Temp I/O Write Time":0.0,"Plans":[{"Node Type":"Seq Scan","Parent Relationship":"Outer","Parallel Aware":false,"Async Capable":false,"Relation Name":"orders","Schema":"public","Alias":"orders","Startup Cost":0.0,"Total Cost":59559.0,"Plan Rows":1627294,"Plan Width":24,"Actual Startup Time":2.462,"Actual Total Time":243.729,"Actual Rows":1635222,"Actual Loops":1,"Output":["orders.o_id","orders.o_d_id","orders.o_w_id","orders.o_c_id","orders.o_entry_d","orders.o_carrier_id","orders.o_ol_cnt","orders.o_all_local"],"Filter":"(orders.o_entry_d > '1995-03-08 20:10:02.27764'::timestamp without time zone)","Rows Removed by Filter":1364778,"Shared Hit Blocks":22059,"Shared Read Blocks":0,"Shared Dirtied Blocks":0,"Shared Written Blocks":0,"Local Hit Blocks":0,"Local Read Blocks":0,"Local Dirtied Blocks":0,"Local Written Blocks":0,"Temp Read Blocks":0,"Temp Written Blocks":0,"I/O Read Time":0.0,"I/O Write Time":0.0,"Temp I/O Read Time":0.0,"Temp I/O Write Time":0.0},{"Node Type":"Hash","Parent Relationship":"Inner","Parallel Aware":false,"Async Capable":false,"Startup Cost":267100.72,"Total Cost":267100.72,"Plan Rows":89983,"Plan Width":8,"Actual Startup Time":868.721,"Actual Total Time":868.722,"Actual Rows":96700,"Actual Loops":1,"Output":["customer.c_id","customer.c_w_id","customer.c_d_id"],"Hash Buckets":131072,"Original Hash Buckets":131072,"Hash Batches":1,"Original Hash Batches":1,"Peak Memory Usage":4802,"Shared Hit Blocks":229604,"Shared Read Blocks":0,"Shared Dirtied Blocks":0,"Shared Written Blocks":0,"Local Hit Blocks":0,"Local Read Blocks":0,"Local Dirtied Blocks":0,"Local Written Blocks":0,"Temp Read Blocks":0,"Temp Written Blocks":0,"I/O Read Time":0.0,"I/O Write Time":0.0,"Temp I/O Read Time":0.0,"Temp I/O Write Time":0.0,"Plans":[{"Node Type":"Seq Scan","Parent Relationship":"Outer","Parallel Aware":false,"Async Capable":false,"Relation Name":"customer","Schema":"public","Alias":"customer","Startup Cost":0.0,"Total Cost":267100.72,"Plan Rows":89983,"Plan Width":8,"Actual Startup Time":0.011,"Actual Total Time":844.977,"Actual Rows":96700,"Actual Loops":1,"Output":["customer.c_id","customer.c_w_id","customer.c_d_id"],"Filter":"(customer.c_state ~~ 'A%'::text)","Rows Removed by Filter":2903300,"Shared Hit Blocks":229604,"Shared Read Blocks":0,"Shared Dirtied Blocks":0,"Shared Written Blocks":0,"Local Hit Blocks":0,"Local Read Blocks":0,"Local Dirtied Blocks":0,"Local Written Blocks":0,"Temp Read Blocks":0,"Temp Written Blocks":0,"I/O Read Time":0.0,"I/O Write Time":0.0,"Temp I/O Read Time":0.0,"Temp I/O Write Time":0.0}]}]},{"Node Type":"Hash","Parent Relationship":"Inner","Parallel Aware":false,"Async Capable":false,"Startup Cost":13865.0,"Total Cost":13865.0,"Plan Rows":900000,"Plan Width":12,"Actual Startup Time":229.888,"Actual Total Time":229.889,"Actual Rows":900000,"Actual Loops":1,"Output":["new_orders.no_w_id","new_orders.no_d_id","new_orders.no_o_id"],"Hash Buckets":262144,"Original Hash Buckets":262144,"Hash Batches":8,"Original Hash Batches":8,"Peak Memory Usage":7322,"Shared Hit Blocks":4865,"Shared Read Blocks":0,"Shared Dirtied Blocks":0,"Shared Written Blocks":0,"Local Hit Blocks":0,"Local Read Blocks":0,"Local Dirtied Blocks":0,"Local Written Blocks":0,"Temp Read Blocks":0,"Temp Written Blocks":3458,"I/O Read Time":0.0,"I/O Write Time":0.0,"Temp I/O Read Time":0.0,"Temp I/O Write Time":14.288,"Plans":[{"Node Type":"Seq Scan","Parent Relationship":"Outer","Parallel Aware":false,"Async Capable":false,"Relation Name":"new_orders","Schema":"public","Alias":"new_orders","Startup Cost":0.0,"Total Cost":13865.0,"Plan Rows":900000,"Plan Width":12,"Actual Startup Time":0.015,"Actual Total Time":85.545,"Actual Rows":900000,"Actual Loops":1,"Output":["new_orders.no_w_id","new_orders.no_d_id","new_orders.no_o_id"],"Shared Hit Blocks":4865,"Shared Read Blocks":0,"Shared Dirtied Blocks":0,"Shared Written Blocks":0,"Local Hit Blocks":0,"Local Read Blocks":0,"Local Dirtied Blocks":0,"Local Written Blocks":0,"Temp Read Blocks":0,"Temp Written Blocks":0,"I/O Read Time":0.0,"I/O Write Time":0.0,"Temp I/O Read Time":0.0,"Temp I/O Write Time":0.0}]}]},{"Node Type":"Index Scan","Parent Relationship":"Inner","Parallel Aware":false,"Async Capable":false,"Scan Direction":"Forward","Index Name":"order_line_pk","Relation Name":"order_line","Schema":"public","Alias":"order_line","Startup Cost":0.56,"Total Cost":14.25,"Plan Rows":10,"Plan Width":16,"Actual Startup Time":0.005,"Actual Total Time":0.007,"Actual Rows":10,"Actual Loops":28902,"Output":["order_line.ol_o_id","order_line.ol_d_id","order_line.ol_w_id","order_line.ol_number","order_line.ol_i_id","order_line.ol_supply_w_id","order_line.ol_delivery_d","order_line.ol_quantity","order_line.ol_amount","order_line.ol_dist_info"],"Index Cond":"((order_line.ol_w_id = orders.o_w_id) AND (order_line.ol_d_id = orders.o_d_id) AND (order_line.ol_o_id = orders.o_id))","Rows Removed by Index Recheck":0,"Shared Hit Blocks":149030,"Shared Read Blocks":0,"Shared Dirtied Blocks":0,"Shared Written Blocks":0,"Local Hit Blocks":0,"Local Read Blocks":0,"Local Dirtied Blocks":0,"Local Written Blocks":0,"Temp Read Blocks":0,"Temp Written Blocks":0,"I/O Read Time":0.0,"I/O Write Time":0.0,"Temp I/O Read Time":0.0,"Temp I/O Write Time":0.0}]}]}]}]}]},"Planning":{"Shared Hit Blocks":4,"Shared Read Blocks":0,"Shared Dirtied Blocks":0,"Shared Written Blocks":0,"Local Hit Blocks":0,"Local Read Blocks":0,"Local Dirtied Blocks":0,"Local Written Blocks":0,"Temp Read Blocks":0,"Temp Written Blocks":0,"I/O Read Time":0.0,"I/O Write Time":0.0,"Temp I/O Read Time":0.0,"Temp I/O Write Time":0.0},"Planning Time":2.312,"Triggers":[],"Execution Time":2080.427}]
[列存组合]: customer, new_orders, order_line, orders
[{"Plan":{"Node Type":"Limit","Parallel Aware":false,"Async Capable":false,"Startup Cost":385547.99,"Total Cost":385550.49,"Plan Rows":1000,"Plan Width":52,"Actual Startup Time":1412.089,"Actual Total Time":1412.201,"Actual Rows":1000,"Actual Loops":1,"Output":["order_line.ol_o_id","order_line.ol_w_id","order_line.ol_d_id","(sum(order_line.ol_amount))","orders.o_entry_d"],"Shared Hit Blocks":153895,"Shared Read Blocks":0,"Shared Dirtied Blocks":0,"Shared Written Blocks":0,"Local Hit Blocks":0,"Local Read Blocks":0,"Local Dirtied Blocks":0,"Local Written Blocks":0,"Temp Read Blocks":4551,"Temp Written Blocks":5372,"I/O Read Time":0.0,"I/O Write Time":0.0,"Temp I/O Read Time":7.007,"Temp I/O Write Time":20.933,"Plans":[{"Node Type":"Sort","Parent Relationship":"Outer","Parallel Aware":false,"Async Capable":false,"Startup Cost":385547.99,"Total Cost":385913.84,"Plan Rows":146339,"Plan Width":52,"Actual Startup Time":1412.087,"Actual Total Time":1412.134,"Actual Rows":1000,"Actual Loops":1,"Output":["order_line.ol_o_id","order_line.ol_w_id","order_line.ol_d_id","(sum(order_line.ol_amount))","orders.o_entry_d"],"Sort Key":["(sum(order_line.ol_amount)) DESC","orders.o_entry_d"],"Sort Method":"top-N heapsort","Sort Space Used":180,"Sort Space Type":"Memory","Shared Hit Blocks":153895,"Shared Read Blocks":0,"Shared Dirtied Blocks":0,"Shared Written Blocks":0,"Local Hit Blocks":0,"Local Read Blocks":0,"Local Dirtied Blocks":0,"Local Written Blocks":0,"Temp Read Blocks":4551,"Temp Written Blocks":5372,"I/O Read Time":0.0,"I/O Write Time":0.0,"Temp I/O Read Time":7.007,"Temp I/O Write Time":20.933,"Plans":[{"Node Type":"Aggregate","Strategy":"Hashed","Partial Mode":"Simple","Parent Relationship":"Outer","Parallel Aware":false,"Async Capable":false,"Startup Cost":373980.24,"Total Cost":377524.38,"Plan Rows":146339,"Plan Width":52,"Actual Startup Time":1368.069,"Actual Total Time":1403.494,"Actual Rows":28902,"Actual Loops":1,"Output":["order_line.ol_o_id","order_line.ol_w_id","order_line.ol_d_id","sum(order_line.ol_amount)","orders.o_entry_d"],"Group Key":["order_line.ol_o_id","order_line.ol_w_id","order_line.ol_d_id","orders.o_entry_d"],"Planned Partitions":8,"HashAgg Batches":9,"Peak Memory Usage":8273,"Disk Usage":7504,"Shared Hit Blocks":153895,"Shared Read Blocks":0,"Shared Dirtied Blocks":0,"Shared Written Blocks":0,"Local Hit Blocks":0,"Local Read Blocks":0,"Local Dirtied Blocks":0,"Local Written Blocks":0,"Temp Read Blocks":4551,"Temp Written Blocks":5372,"I/O Read Time":0.0,"I/O Write Time":0.0,"Temp I/O Read Time":7.007,"Temp I/O Write Time":20.933,"Plans":[{"Node Type":"Nested Loop","Parent Relationship":"Outer","Parallel Aware":false,"Async Capable":false,"Join Type":"Inner","Startup Cost":74784.49,"Total Cost":362364.58,"Plan Rows":146339,"Plan Width":24,"Actual Startup Time":305.44,"Actual Total Time":1291.842,"Actual Rows":289753,"Actual Loops":1,"Output":["order_line.ol_o_id","order_line.ol_w_id","order_line.ol_d_id","orders.o_entry_d","order_line.ol_amount"],"Inner Unique":false,"Join Filter":"((customer.c_w_id = order_line.ol_w_id) AND (customer.c_d_id = order_line.ol_d_id) AND (new_orders.no_o_id = order_line.ol_o_id))","Rows Removed by Join Filter":0,"Shared Hit Blocks":153895,"Shared Read Blocks":0,"Shared Dirtied Blocks":0,"Shared Written Blocks":0,"Local Hit Blocks":0,"Local Read Blocks":0,"Local Dirtied Blocks":0,"Local Written Blocks":0,"Temp Read Blocks":3760,"Temp Written Blocks":3760,"I/O Read Time":0.0,"I/O Write Time":0.0,"Temp I/O Read Time":6.019,"Temp I/O Write Time":16.24,"Plans":[{"Node Type":"Hash Join","Parent Relationship":"Outer","Parallel Aware":false,"Async Capable":false,"Join Type":"Inner","Startup Cost":74783.93,"Total Cost":151323.48,"Plan Rows":14635,"Plan Width":36,"Actual Startup Time":305.403,"Actual Total Time":1041.319,"Actual Rows":28902,"Actual Loops":1,"Output":["customer.c_w_id","customer.c_d_id","new_orders.no_w_id","new_orders.no_d_id","new_orders.no_o_id","orders.o_entry_d","orders.o_w_id","orders.o_d_id","orders.o_id"],"Inner Unique":true,"Hash Cond":"((customer.c_w_id = new_orders.no_w_id) AND (customer.c_d_id = new_orders.no_d_id) AND (orders.o_id = new_orders.no_o_id))","Shared Hit Blocks":4865,"Shared Read Blocks":0,"Shared Dirtied Blocks":0,"Shared Written Blocks":0,"Local Hit Blocks":0,"Local Read Blocks":0,"Local Dirtied Blocks":0,"Local Written Blocks":0,"Temp Read Blocks":3760,"Temp Written Blocks":3760,"I/O Read Time":0.0,"I/O Write Time":0.0,"Temp I/O Read Time":6.019,"Temp I/O Write Time":16.24,"Plans":[{"Node Type":"Hash Join","Parent Relationship":"Outer","Parallel Aware":false,"Async Capable":false,"Join Type":"Inner","Startup Cost":40773.93,"Total Cost":111960.07,"Plan Rows":48814,"Plan Width":24,"Actual Startup Time":64.935,"Actual Total Time":730.998,"Actual Rows":52744,"Actual Loops":1,"Output":["customer.c_w_id","customer.c_d_id","orders.o_entry_d","orders.o_w_id","orders.o_d_id","orders.o_id"],"Inner Unique":true,"Hash Cond":"((orders.o_c_id = customer.c_id) AND (orders.o_w_id = customer.c_w_id) AND (orders.o_d_id = customer.c_d_id))","Shared Hit Blocks":0,"Shared Read Blocks":0,"Shared Dirtied Blocks":0,"Shared Written Blocks":0,"Local Hit Blocks":0,"Local Read Blocks":0,"Local Dirtied Blocks":0,"Local Written Blocks":0,"Temp Read Blocks":0,"Temp Written Blocks":0,"I/O Read Time":0.0,"I/O Write Time":0.0,"Temp I/O Read Time":0.0,"Temp I/O Write Time":0.0,"Plans":[{"Node Type":"Append","Parent Relationship":"Outer","Parallel Aware":false,"Async Capable":false,"Startup Cost":20.0,"Total Cost":58391.18,"Plan Rows":1627295,"Plan Width":24,"Actual Startup Time":2.144,"Actual Total Time":443.356,"Actual Rows":1635222,"Actual Loops":1,"Shared Hit Blocks":0,"Shared Read Blocks":0,"Shared Dirtied Blocks":0,"Shared Written Blocks":0,"Local Hit Blocks":0,"Local Read Blocks":0,"Local Dirtied Blocks":0,"Local Written Blocks":0,"Temp Read Blocks":0,"Temp Written Blocks":0,"I/O Read Time":0.0,"I/O Write Time":0.0,"Temp I/O Read Time":0.0,"Temp I/O Write Time":0.0,"Subplans Removed":0,"Plans":[{"Node Type":"Custom Scan","Parent Relationship":"Member","Custom Plan Provider":"columnar scan","Parallel Aware":false,"Async Capable":false,"Relation Name":"orders","Schema":"public","Alias":"orders","Startup Cost":20.0,"Total Cost":41516.03,"Plan Rows":1627294,"Plan Width":24,"Actual Startup Time":2.143,"Actual Total Time":324.233,"Actual Rows":1635222,"Actual Loops":1,"Output":["orders.o_entry_d","orders.o_c_id","orders.o_w_id","orders.o_d_id","orders.o_id"],"Filter":"(orders.o_entry_d > '1995-03-08 20:10:02.27764'::timestamp without time zone)","Rows Removed by Filter":0,"Rows Removed by Columnar Filter":1364778,"Rows Filtered by Bloom Filter":0,"Dictionary Rows Filtered by Bloom Filter":0,"Columnar cache search mode":"native","Shared Hit Blocks":0,"Shared Read Blocks":0,"Shared Dirtied Blocks":0,"Shared Written Blocks":0,"Local Hit Blocks":0,"Local Read Blocks":0,"Local Dirtied Blocks":0,"Local Written Blocks":0,"Temp Read Blocks":0,"Temp Written Blocks":0,"I/O Read Time":0.0,"I/O Write Time":0.0,"Temp I/O Read Time":0.0,"Temp I/O Write Time":0.0},{"Node Type":"Seq Scan","Parent Relationship":"Member","Parallel Aware":false,"Async Capable":false,"Relation Name":"orders","Schema":"public","Alias":"orders","Startup Cost":0.0,"Total Cost":4.01,"Plan Rows":1,"Plan Width":24,"Actual Startup Time":0.0,"Actual Total Time":0.0,"Actual Rows":0,"Actual Loops":0,"Output":["orders.o_entry_d","orders.o_c_id","orders.o_w_id","orders.o_d_id","orders.o_id"],"Filter":"(orders.o_entry_d > '1995-03-08 20:10:02.27764'::timestamp without time zone)","Rows Removed by Filter":0,"Shared Hit Blocks":0,"Shared Read Blocks":0,"Shared Dirtied Blocks":0,"Shared Written Blocks":0,"Local Hit Blocks":0,"Local Read Blocks":0,"Local Dirtied Blocks":0,"Local Written Blocks":0,"Temp Read Blocks":0,"Temp Written Blocks":0,"I/O Read Time":0.0,"I/O Write Time":0.0,"Temp I/O Read Time":0.0,"Temp I/O Write Time":0.0}]},{"Node Type":"Hash","Parent Relationship":"Inner","Parallel Aware":false,"Async Capable":false,"Startup Cost":39179.21,"Total Cost":39179.21,"Plan Rows":89984,"Plan Width":8,"Actual Startup Time":62.127,"Actual Total Time":62.129,"Actual Rows":96700,"Actual Loops":1,"Output":["customer.c_id","customer.c_w_id","customer.c_d_id"],"Hash Buckets":131072,"Original Hash Buckets":131072,"Hash Batches":1,"Original Hash Batches":1,"Peak Memory Usage":4802,"Shared Hit Blocks":0,"Shared Read Blocks":0,"Shared Dirtied Blocks":0,"Shared Written Blocks":0,"Local Hit Blocks":0,"Local Read Blocks":0,"Local Dirtied Blocks":0,"Local Written Blocks":0,"Temp Read Blocks":0,"Temp Written Blocks":0,"I/O Read Time":0.0,"I/O Write Time":0.0,"Temp I/O Read Time":0.0,"Temp I/O Write Time":0.0,"Plans":[{"Node Type":"Append","Parent Relationship":"Outer","Parallel Aware":false,"Async Capable":false,"Startup Cost":20.0,"Total Cost":39179.21,"Plan Rows":89984,"Plan Width":8,"Actual Startup Time":0.117,"Actual Total Time":37.842,"Actual Rows":96700,"Actual Loops":1,"Shared Hit Blocks":0,"Shared Read Blocks":0,"Shared Dirtied Blocks":0,"Shared Written Blocks":0,"Local Hit Blocks":0,"Local Read Blocks":0,"Local Dirtied Blocks":0,"Local Written Blocks":0,"Temp Read Blocks":0,"Temp Written Blocks":0,"I/O Read Time":0.0,"I/O Write Time":0.0,"Temp I/O Read Time":0.0,"Temp I/O Write Time":0.0,"Subplans Removed":0,"Plans":[{"Node Type":"Custom Scan","Parent Relationship":"Member","Custom Plan Provider":"columnar scan","Parallel Aware":false,"Async Capable":false,"Relation Name":"customer","Schema":"public","Alias":"customer","Startup Cost":20.0,"Total Cost":1954.95,"Plan Rows":89983,"Plan Width":8,"Actual Startup Time":0.115,"Actual Total Time":30.871,"Actual Rows":96700,"Actual Loops":1,"Output":["customer.c_id","customer.c_w_id","customer.c_d_id"],"Filter":"(customer.c_state ~~ 'A%'::text)","Rows Removed by Filter":0,"Rows Removed by Columnar Filter":2903300,"Columnar cache search mode":"native","Shared Hit Blocks":0,"Shared Read Blocks":0,"Shared Dirtied Blocks":0,"Shared Written Blocks":0,"Local Hit Blocks":0,"Local Read Blocks":0,"Local Dirtied Blocks":0,"Local Written Blocks":0,"Temp Read Blocks":0,"Temp Written Blocks":0,"I/O Read Time":0.0,"I/O Write Time":0.0,"Temp I/O Read Time":0.0,"Temp I/O Write Time":0.0},{"Node Type":"Seq Scan","Parent Relationship":"Member","Parallel Aware":false,"Async Capable":false,"Relation Name":"customer","Schema":"public","Alias":"customer","Startup Cost":0.0,"Total Cost":4.01,"Plan Rows":1,"Plan Width":8,"Actual Startup Time":0.0,"Actual Total Time":0.0,"Actual Rows":0,"Actual Loops":0,"Output":["customer.c_id","customer.c_w_id","customer.c_d_id"],"Filter":"(customer.c_state ~~ 'A%'::text)","Rows Removed by Filter":0,"Shared Hit Blocks":0,"Shared Read Blocks":0,"Shared Dirtied Blocks":0,"Shared Written Blocks":0,"Local Hit Blocks":0,"Local Read Blocks":0,"Local Dirtied Blocks":0,"Local Written Blocks":0,"Temp Read Blocks":0,"Temp Written Blocks":0,"I/O Read Time":0.0,"I/O Write Time":0.0,"Temp I/O Read Time":0.0,"Temp I/O Write Time":0.0}]}]}]},{"Node Type":"Hash","Parent Relationship":"Inner","Parallel Aware":false,"Async Capable":false,"Startup Cost":13865.0,"Total Cost":13865.0,"Plan Rows":900000,"Plan Width":12,"Actual Startup Time":229.294,"Actual Total Time":229.294,"Actual Rows":900000,"Actual Loops":1,"Output":["new_orders.no_w_id","new_orders.no_d_id","new_orders.no_o_id"],"Hash Buckets":262144,"Original Hash Buckets":262144,"Hash Batches":8,"Original Hash Batches":8,"Peak Memory Usage":7322,"Shared Hit Blocks":4865,"Shared Read Blocks":0,"Shared Dirtied Blocks":0,"Shared Written Blocks":0,"Local Hit Blocks":0,"Local Read Blocks":0,"Local Dirtied Blocks":0,"Local Written Blocks":0,"Temp Read Blocks":0,"Temp Written Blocks":3458,"I/O Read Time":0.0,"I/O Write Time":0.0,"Temp I/O Read Time":0.0,"Temp I/O Write Time":14.132,"Plans":[{"Node Type":"Seq Scan","Parent Relationship":"Outer","Parallel Aware":false,"Async Capable":false,"Relation Name":"new_orders","Schema":"public","Alias":"new_orders","Startup Cost":0.0,"Total Cost":13865.0,"Plan Rows":900000,"Plan Width":12,"Actual Startup Time":0.013,"Actual Total Time":85.751,"Actual Rows":900000,"Actual Loops":1,"Output":["new_orders.no_w_id","new_orders.no_d_id","new_orders.no_o_id"],"Shared Hit Blocks":4865,"Shared Read Blocks":0,"Shared Dirtied Blocks":0,"Shared Written Blocks":0,"Local Hit Blocks":0,"Local Read Blocks":0,"Local Dirtied Blocks":0,"Local Written Blocks":0,"Temp Read Blocks":0,"Temp Written Blocks":0,"I/O Read Time":0.0,"I/O Write Time":0.0,"Temp I/O Read Time":0.0,"Temp I/O Write Time":0.0}]}]},{"Node Type":"Index Scan","Parent Relationship":"Inner","Parallel Aware":false,"Async Capable":false,"Scan Direction":"Forward","Index Name":"order_line_pk","Relation Name":"order_line","Schema":"public","Alias":"order_line","Startup Cost":0.56,"Total Cost":14.25,"Plan Rows":10,"Plan Width":16,"Actual Startup Time":0.005,"Actual Total Time":0.007,"Actual Rows":10,"Actual Loops":28902,"Output":["order_line.ol_o_id","order_line.ol_d_id","order_line.ol_w_id","order_line.ol_number","order_line.ol_i_id","order_line.ol_supply_w_id","order_line.ol_delivery_d","order_line.ol_quantity","order_line.ol_amount","order_line.ol_dist_info"],"Index Cond":"((order_line.ol_w_id = orders.o_w_id) AND (order_line.ol_d_id = orders.o_d_id) AND (order_line.ol_o_id = orders.o_id))","Rows Removed by Index Recheck":0,"Shared Hit Blocks":149030,"Shared Read Blocks":0,"Shared Dirtied Blocks":0,"Shared Written Blocks":0,"Local Hit Blocks":0,"Local Read Blocks":0,"Local Dirtied Blocks":0,"Local Written Blocks":0,"Temp Read Blocks":0,"Temp Written Blocks":0,"I/O Read Time":0.0,"I/O Write Time":0.0,"Temp I/O Read Time":0.0,"Temp I/O Write Time":0.0}]}]}]}]},"Planning":{"Shared Hit Blocks":4,"Shared Read Blocks":0,"Shared Dirtied Blocks":0,"Shared Written Blocks":0,"Local Hit Blocks":0,"Local Read Blocks":0,"Local Dirtied Blocks":0,"Local Written Blocks":0,"Temp Read Blocks":0,"Temp Written Blocks":0,"I/O Read Time":0.0,"I/O Write Time":0.0,"Temp I/O Read Time":0.0,"Temp I/O Write Time":0.0},"Planning Time":3.232,"Triggers":[],"Execution Time":1418.006}]
