[列存组合]: 无列存
[{"Plan":{"Node Type":"Aggregate","Strategy":"Sorted","Partial Mode":"Simple","Parallel Aware":false,"Async Capable":false,"Startup Cost":1406033.11,"Total Cost":1406299.37,"Plan Rows":11,"Plan Width":10,"Actual Startup Time":520.608,"Actual Total Time":531.314,"Actual Rows":11,"Actual Loops":1,"Output":["orders.o_ol_cnt","count(*)"],"Group Key":["orders.o_ol_cnt"],"Shared Hit Blocks":544100,"Shared Read Blocks":6154,"Shared Dirtied Blocks":0,"Shared Written Blocks":0,"Local Hit Blocks":0,"Local Read Blocks":0,"Local Dirtied Blocks":0,"Local Written Blocks":0,"Temp Read Blocks":0,"Temp Written Blocks":0,"I/O Read Time":24.674,"I/O Write Time":0.0,"Temp I/O Read Time":0.0,"Temp I/O Write Time":0.0,"Plans":[{"Node Type":"Sort","Parent Relationship":"Outer","Parallel Aware":false,"Async Capable":false,"Startup Cost":1406033.11,"Total Cost":1406121.83,"Plan Rows":35486,"Plan Width":2,"Actual Startup Time":519.534,"Actual Total Time":523.598,"Actual Rows":105639,"Actual Loops":1,"Output":["orders.o_ol_cnt"],"Sort Key":["orders.o_ol_cnt"],"Sort Method":"quicksort","Sort Space Used":3073,"Sort Space Type":"Memory","Shared Hit Blocks":544100,"Shared Read Blocks":6154,"Shared Dirtied Blocks":0,"Shared Written Blocks":0,"Local Hit Blocks":0,"Local Read Blocks":0,"Local Dirtied Blocks":0,"Local Written Blocks":0,"Temp Read Blocks":0,"Temp Written Blocks":0,"I/O Read Time":24.674,"I/O Write Time":0.0,"Temp I/O Read Time":0.0,"Temp I/O Write Time":0.0,"Plans":[{"Node Type":"Nested Loop","Parent Relationship":"Outer","Parallel Aware":false,"Async Capable":false,"Join Type":"Semi","Startup Cost":0.56,"Total Cost":1403351.26,"Plan Rows":35486,"Plan Width":2,"Actual Startup Time":1.516,"Actual Total Time":509.946,"Actual Rows":105639,"Actual Loops":1,"Output":["orders.o_ol_cnt"],"Inner Unique":false,"Shared Hit Blocks":544100,"Shared Read Blocks":6154,"Shared Dirtied Blocks":0,"Shared Written Blocks":0,"Local Hit Blocks":0,"Local Read Blocks":0,"Local Dirtied Blocks":0,"Local Written Blocks":0,"Temp Read Blocks":0,"Temp Written Blocks":0,"I/O Read Time":24.674,"I/O Write Time":0.0,"Temp I/O Read Time":0.0,"Temp I/O Write Time":0.0,"Plans":[{"Node Type":"Seq Scan","Parent Relationship":"Outer","Parallel Aware":false,"Async Capable":false,"Relation Name":"orders","Schema":"public","Alias":"orders","Startup Cost":0.0,"Total Cost":67059.0,"Plan Rows":106528,"Plan Width":22,"Actual Startup Time":1.469,"Actual Total Time":194.953,"Actual Rows":105639,"Actual Loops":1,"Output":["orders.o_id","orders.o_d_id","orders.o_w_id","orders.o_c_id","orders.o_entry_d","orders.o_carrier_id","orders.o_ol_cnt","orders.o_all_local"],"Filter":"((orders.o_entry_d >= '1994-01-02 20:10:02.27764'::timestamp without time zone) AND (orders.o_entry_d < '1994-04-02 20:10:02.27764'::timestamp without time zone))","Rows Removed by Filter":2894361,"Shared Hit Blocks":22059,"Shared Read Blocks":0,"Shared Dirtied Blocks":0,"Shared Written Blocks":0,"Local Hit Blocks":0,"Local Read Blocks":0,"Local Dirtied Blocks":0,"Local Written Blocks":0,"Temp Read Blocks":0,"Temp Written Blocks":0,"I/O Read Time":0.0,"I/O Write Time":0.0,"Temp I/O Read Time":0.0,"Temp I/O Write Time":0.0},{"Node Type":"Index Scan","Parent Relationship":"Inner","Parallel Aware":false,"Async Capable":false,"Scan Direction":"Forward","Index Name":"order_line_pk","Relation Name":"order_line","Schema":"public","Alias":"order_line","Startup Cost":0.56,"Total Cost":16.51,"Plan Rows":2,"Plan Width":20,"Actual Startup Time":0.003,"Actual Total Time":0.003,"Actual Rows":1,"Actual Loops":105639,"Output":["order_line.ol_o_id","order_line.ol_d_id","order_line.ol_w_id","order_line.ol_number","order_line.ol_i_id","order_line.ol_supply_w_id","order_line.ol_delivery_d","order_line.ol_quantity","order_line.ol_amount","order_line.ol_dist_info"],"Index Cond":"((order_line.ol_w_id = orders.o_w_id) AND (order_line.ol_d_id = orders.o_d_id) AND (order_line.ol_o_id = orders.o_id))","Rows Removed by Index Recheck":0,"Filter":"((order_line.ol_delivery_d >= '1992-01-02 20:10:02.27764'::timestamp without time zone) AND (order_line.ol_delivery_d >= orders.o_entry_d))","Rows Removed by Filter":0,"Shared Hit Blocks":522041,"Shared Read Blocks":6154,"Shared Dirtied Blocks":0,"Shared Written Blocks":0,"Local Hit Blocks":0,"Local Read Blocks":0,"Local Dirtied Blocks":0,"Local Written Blocks":0,"Temp Read Blocks":0,"Temp Written Blocks":0,"I/O Read Time":24.674,"I/O Write Time":0.0,"Temp I/O Read Time":0.0,"Temp I/O Write Time":0.0}]}]}]},"Planning":{"Shared Hit Blocks":16,"Shared Read Blocks":0,"Shared Dirtied Blocks":2,"Shared Written Blocks":0,"Local Hit Blocks":0,"Local Read Blocks":0,"Local Dirtied Blocks":0,"Local Written Blocks":0,"Temp Read Blocks":0,"Temp Written Blocks":0,"I/O Read Time":0.0,"I/O Write Time":0.0,"Temp I/O Read Time":0.0,"Temp I/O Write Time":0.0},"Planning Time":0.334,"Triggers":[],"Execution Time":531.351}]
[列存组合]: order_line
[{"Plan":{"Node Type":"Aggregate","Strategy":"Sorted","Partial Mode":"Simple","Parallel Aware":false,"Async Capable":false,"Startup Cost":1406033.11,"Total Cost":1406299.37,"Plan Rows":11,"Plan Width":10,"Actual Startup Time":498.921,"Actual Total Time":509.687,"Actual Rows":11,"Actual Loops":1,"Output":["orders.o_ol_cnt","count(*)"],"Group Key":["orders.o_ol_cnt"],"Shared Hit Blocks":550254,"Shared Read Blocks":0,"Shared Dirtied Blocks":0,"Shared Written Blocks":0,"Local Hit Blocks":0,"Local Read Blocks":0,"Local Dirtied Blocks":0,"Local Written Blocks":0,"Temp Read Blocks":0,"Temp Written Blocks":0,"I/O Read Time":0.0,"I/O Write Time":0.0,"Temp I/O Read Time":0.0,"Temp I/O Write Time":0.0,"Plans":[{"Node Type":"Sort","Parent Relationship":"Outer","Parallel Aware":false,"Async Capable":false,"Startup Cost":1406033.11,"Total Cost":1406121.83,"Plan Rows":35486,"Plan Width":2,"Actual Startup Time":497.841,"Actual Total Time":501.91,"Actual Rows":105639,"Actual Loops":1,"Output":["orders.o_ol_cnt"],"Sort Key":["orders.o_ol_cnt"],"Sort Method":"quicksort","Sort Space Used":3073,"Sort Space Type":"Memory","Shared Hit Blocks":550254,"Shared Read Blocks":0,"Shared Dirtied Blocks":0,"Shared Written Blocks":0,"Local Hit Blocks":0,"Local Read Blocks":0,"Local Dirtied Blocks":0,"Local Written Blocks":0,"Temp Read Blocks":0,"Temp Written Blocks":0,"I/O Read Time":0.0,"I/O Write Time":0.0,"Temp I/O Read Time":0.0,"Temp I/O Write Time":0.0,"Plans":[{"Node Type":"Nested Loop","Parent Relationship":"Outer","Parallel Aware":false,"Async Capable":false,"Join Type":"Semi","Startup Cost":0.56,"Total Cost":1403351.26,"Plan Rows":35486,"Plan Width":2,"Actual Startup Time":1.692,"Actual Total Time":487.602,"Actual Rows":105639,"Actual Loops":1,"Output":["orders.o_ol_cnt"],"Inner Unique":false,"Shared Hit Blocks":550254,"Shared Read Blocks":0,"Shared Dirtied Blocks":0,"Shared Written Blocks":0,"Local Hit Blocks":0,"Local Read Blocks":0,"Local Dirtied Blocks":0,"Local Written Blocks":0,"Temp Read Blocks":0,"Temp Written Blocks":0,"I/O Read Time":0.0,"I/O Write Time":0.0,"Temp I/O Read Time":0.0,"Temp I/O Write Time":0.0,"Plans":[{"Node Type":"Seq Scan","Parent Relationship":"Outer","Parallel Aware":false,"Async Capable":false,"Relation Name":"orders","Schema":"public","Alias":"orders","Startup Cost":0.0,"Total Cost":67059.0,"Plan Rows":106528,"Plan Width":22,"Actual Startup Time":1.659,"Actual Total Time":195.375,"Actual Rows":105639,"Actual Loops":1,"Output":["orders.o_id","orders.o_d_id","orders.o_w_id","orders.o_c_id","orders.o_entry_d","orders.o_carrier_id","orders.o_ol_cnt","orders.o_all_local"],"Filter":"((orders.o_entry_d >= '1994-01-02 20:10:02.27764'::timestamp without time zone) AND (orders.o_entry_d < '1994-04-02 20:10:02.27764'::timestamp without time zone))","Rows Removed by Filter":2894361,"Shared Hit Blocks":22059,"Shared Read Blocks":0,"Shared Dirtied Blocks":0,"Shared Written Blocks":0,"Local Hit Blocks":0,"Local Read Blocks":0,"Local Dirtied Blocks":0,"Local Written Blocks":0,"Temp Read Blocks":0,"Temp Written Blocks":0,"I/O Read Time":0.0,"I/O Write Time":0.0,"Temp I/O Read Time":0.0,"Temp I/O Write Time":0.0},{"Node Type":"Index Scan","Parent Relationship":"Inner","Parallel Aware":false,"Async Capable":false,"Scan Direction":"Forward","Index Name":"order_line_pk","Relation Name":"order_line","Schema":"public","Alias":"order_line","Startup Cost":0.56,"Total Cost":16.51,"Plan Rows":2,"Plan Width":20,"Actual Startup Time":0.002,"Actual Total Time":0.002,"Actual Rows":1,"Actual Loops":105639,"Output":["order_line.ol_o_id","order_line.ol_d_id","order_line.ol_w_id","order_line.ol_number","order_line.ol_i_id","order_line.ol_supply_w_id","order_line.ol_delivery_d","order_line.ol_quantity","order_line.ol_amount","order_line.ol_dist_info"],"Index Cond":"((order_line.ol_w_id = orders.o_w_id) AND (order_line.ol_d_id = orders.o_d_id) AND (order_line.ol_o_id = orders.o_id))","Rows Removed by Index Recheck":0,"Filter":"((order_line.ol_delivery_d >= '1992-01-02 20:10:02.27764'::timestamp without time zone) AND (order_line.ol_delivery_d >= orders.o_entry_d))","Rows Removed by Filter":0,"Shared Hit Blocks":528195,"Shared Read Blocks":0,"Shared Dirtied Blocks":0,"Shared Written Blocks":0,"Local Hit Blocks":0,"Local Read Blocks":0,"Local Dirtied Blocks":0,"Local Written Blocks":0,"Temp Read Blocks":0,"Temp Written Blocks":0,"I/O Read Time":0.0,"I/O Write Time":0.0,"Temp I/O Read Time":0.0,"Temp I/O Write Time":0.0}]}]}]},"Planning":{"Shared Hit Blocks":0,"Shared Read Blocks":0,"Shared Dirtied Blocks":0,"Shared Written Blocks":0,"Local Hit Blocks":0,"Local Read Blocks":0,"Local Dirtied Blocks":0,"Local Written Blocks":0,"Temp Read Blocks":0,"Temp Written Blocks":0,"I/O Read Time":0.0,"I/O Write Time":0.0,"Temp I/O Read Time":0.0,"Temp I/O Write Time":0.0},"Planning Time":0.614,"Triggers":[],"Execution Time":509.773}]
[列存组合]: orders
[{"Plan":{"Node Type":"Aggregate","Strategy":"Sorted","Partial Mode":"Simple","Parallel Aware":false,"Async Capable":false,"Startup Cost":1406033.11,"Total Cost":1406299.37,"Plan Rows":11,"Plan Width":10,"Actual Startup Time":496.562,"Actual Total Time":507.381,"Actual Rows":11,"Actual Loops":1,"Output":["orders.o_ol_cnt","count(*)"],"Group Key":["orders.o_ol_cnt"],"Shared Hit Blocks":550254,"Shared Read Blocks":0,"Shared Dirtied Blocks":0,"Shared Written Blocks":0,"Local Hit Blocks":0,"Local Read Blocks":0,"Local Dirtied Blocks":0,"Local Written Blocks":0,"Temp Read Blocks":0,"Temp Written Blocks":0,"I/O Read Time":0.0,"I/O Write Time":0.0,"Temp I/O Read Time":0.0,"Temp I/O Write Time":0.0,"Plans":[{"Node Type":"Sort","Parent Relationship":"Outer","Parallel Aware":false,"Async Capable":false,"Startup Cost":1406033.11,"Total Cost":1406121.83,"Plan Rows":35486,"Plan Width":2,"Actual Startup Time":495.487,"Actual Total Time":499.579,"Actual Rows":105639,"Actual Loops":1,"Output":["orders.o_ol_cnt"],"Sort Key":["orders.o_ol_cnt"],"Sort Method":"quicksort","Sort Space Used":3073,"Sort Space Type":"Memory","Shared Hit Blocks":550254,"Shared Read Blocks":0,"Shared Dirtied Blocks":0,"Shared Written Blocks":0,"Local Hit Blocks":0,"Local Read Blocks":0,"Local Dirtied Blocks":0,"Local Written Blocks":0,"Temp Read Blocks":0,"Temp Written Blocks":0,"I/O Read Time":0.0,"I/O Write Time":0.0,"Temp I/O Read Time":0.0,"Temp I/O Write Time":0.0,"Plans":[{"Node Type":"Nested Loop","Parent Relationship":"Outer","Parallel Aware":false,"Async Capable":false,"Join Type":"Semi","Startup Cost":0.56,"Total Cost":1403351.26,"Plan Rows":35486,"Plan Width":2,"Actual Startup Time":1.526,"Actual Total Time":485.505,"Actual Rows":105639,"Actual Loops":1,"Output":["orders.o_ol_cnt"],"Inner Unique":false,"Shared Hit Blocks":550254,"Shared Read Blocks":0,"Shared Dirtied Blocks":0,"Shared Written Blocks":0,"Local Hit Blocks":0,"Local Read Blocks":0,"Local Dirtied Blocks":0,"Local Written Blocks":0,"Temp Read Blocks":0,"Temp Written Blocks":0,"I/O Read Time":0.0,"I/O Write Time":0.0,"Temp I/O Read Time":0.0,"Temp I/O Write Time":0.0,"Plans":[{"Node Type":"Seq Scan","Parent Relationship":"Outer","Parallel Aware":false,"Async Capable":false,"Relation Name":"orders","Schema":"public","Alias":"orders","Startup Cost":0.0,"Total Cost":67059.0,"Plan Rows":106528,"Plan Width":22,"Actual Startup Time":1.493,"Actual Total Time":196.004,"Actual Rows":105639,"Actual Loops":1,"Output":["orders.o_id","orders.o_d_id","orders.o_w_id","orders.o_c_id","orders.o_entry_d","orders.o_carrier_id","orders.o_ol_cnt","orders.o_all_local"],"Filter":"((orders.o_entry_d >= '1994-01-02 20:10:02.27764'::timestamp without time zone) AND (orders.o_entry_d < '1994-04-02 20:10:02.27764'::timestamp without time zone))","Rows Removed by Filter":2894361,"Shared Hit Blocks":22059,"Shared Read Blocks":0,"Shared Dirtied Blocks":0,"Shared Written Blocks":0,"Local Hit Blocks":0,"Local Read Blocks":0,"Local Dirtied Blocks":0,"Local Written Blocks":0,"Temp Read Blocks":0,"Temp Written Blocks":0,"I/O Read Time":0.0,"I/O Write Time":0.0,"Temp I/O Read Time":0.0,"Temp I/O Write Time":0.0},{"Node Type":"Index Scan","Parent Relationship":"Inner","Parallel Aware":false,"Async Capable":false,"Scan Direction":"Forward","Index Name":"order_line_pk","Relation Name":"order_line","Schema":"public","Alias":"order_line","Startup Cost":0.56,"Total Cost":16.51,"Plan Rows":2,"Plan Width":20,"Actual Startup Time":0.002,"Actual Total Time":0.002,"Actual Rows":1,"Actual Loops":105639,"Output":["order_line.ol_o_id","order_line.ol_d_id","order_line.ol_w_id","order_line.ol_number","order_line.ol_i_id","order_line.ol_supply_w_id","order_line.ol_delivery_d","order_line.ol_quantity","order_line.ol_amount","order_line.ol_dist_info"],"Index Cond":"((order_line.ol_w_id = orders.o_w_id) AND (order_line.ol_d_id = orders.o_d_id) AND (order_line.ol_o_id = orders.o_id))","Rows Removed by Index Recheck":0,"Filter":"((order_line.ol_delivery_d >= '1992-01-02 20:10:02.27764'::timestamp without time zone) AND (order_line.ol_delivery_d >= orders.o_entry_d))","Rows Removed by Filter":0,"Shared Hit Blocks":528195,"Shared Read Blocks":0,"Shared Dirtied Blocks":0,"Shared Written Blocks":0,"Local Hit Blocks":0,"Local Read Blocks":0,"Local Dirtied Blocks":0,"Local Written Blocks":0,"Temp Read Blocks":0,"Temp Written Blocks":0,"I/O Read Time":0.0,"I/O Write Time":0.0,"Temp I/O Read Time":0.0,"Temp I/O Write Time":0.0}]}]}]},"Planning":{"Shared Hit Blocks":0,"Shared Read Blocks":0,"Shared Dirtied Blocks":0,"Shared Written Blocks":0,"Local Hit Blocks":0,"Local Read Blocks":0,"Local Dirtied Blocks":0,"Local Written Blocks":0,"Temp Read Blocks":0,"Temp Written Blocks":0,"I/O Read Time":0.0,"I/O Write Time":0.0,"Temp I/O Read Time":0.0,"Temp I/O Write Time":0.0},"Planning Time":0.434,"Triggers":[],"Execution Time":507.428}]
[列存组合]: order_line, orders
[{"Plan":{"Node Type":"Aggregate","Strategy":"Sorted","Partial Mode":"Simple","Parallel Aware":false,"Async Capable":false,"Startup Cost":1406033.11,"Total Cost":1406299.37,"Plan Rows":11,"Plan Width":10,"Actual Startup Time":498.888,"Actual Total Time":509.68,"Actual Rows":11,"Actual Loops":1,"Output":["orders.o_ol_cnt","count(*)"],"Group Key":["orders.o_ol_cnt"],"Shared Hit Blocks":550254,"Shared Read Blocks":0,"Shared Dirtied Blocks":0,"Shared Written Blocks":0,"Local Hit Blocks":0,"Local Read Blocks":0,"Local Dirtied Blocks":0,"Local Written Blocks":0,"Temp Read Blocks":0,"Temp Written Blocks":0,"I/O Read Time":0.0,"I/O Write Time":0.0,"Temp I/O Read Time":0.0,"Temp I/O Write Time":0.0,"Plans":[{"Node Type":"Sort","Parent Relationship":"Outer","Parallel Aware":false,"Async Capable":false,"Startup Cost":1406033.11,"Total Cost":1406121.83,"Plan Rows":35486,"Plan Width":2,"Actual Startup Time":497.816,"Actual Total Time":501.891,"Actual Rows":105639,"Actual Loops":1,"Output":["orders.o_ol_cnt"],"Sort Key":["orders.o_ol_cnt"],"Sort Method":"quicksort","Sort Space Used":3073,"Sort Space Type":"Memory","Shared Hit Blocks":550254,"Shared Read Blocks":0,"Shared Dirtied Blocks":0,"Shared Written Blocks":0,"Local Hit Blocks":0,"Local Read Blocks":0,"Local Dirtied Blocks":0,"Local Written Blocks":0,"Temp Read Blocks":0,"Temp Written Blocks":0,"I/O Read Time":0.0,"I/O Write Time":0.0,"Temp I/O Read Time":0.0,"Temp I/O Write Time":0.0,"Plans":[{"Node Type":"Nested Loop","Parent Relationship":"Outer","Parallel Aware":false,"Async Capable":false,"Join Type":"Semi","Startup Cost":0.56,"Total Cost":1403351.26,"Plan Rows":35486,"Plan Width":2,"Actual Startup Time":1.557,"Actual Total Time":487.862,"Actual Rows":105639,"Actual Loops":1,"Output":["orders.o_ol_cnt"],"Inner Unique":false,"Shared Hit Blocks":550254,"Shared Read Blocks":0,"Shared Dirtied Blocks":0,"Shared Written Blocks":0,"Local Hit Blocks":0,"Local Read Blocks":0,"Local Dirtied Blocks":0,"Local Written Blocks":0,"Temp Read Blocks":0,"Temp Written Blocks":0,"I/O Read Time":0.0,"I/O Write Time":0.0,"Temp I/O Read Time":0.0,"Temp I/O Write Time":0.0,"Plans":[{"Node Type":"Seq Scan","Parent Relationship":"Outer","Parallel Aware":false,"Async Capable":false,"Relation Name":"orders","Schema":"public","Alias":"orders","Startup Cost":0.0,"Total Cost":67059.0,"Plan Rows":106528,"Plan Width":22,"Actual Startup Time":1.519,"Actual Total Time":196.768,"Actual Rows":105639,"Actual Loops":1,"Output":["orders.o_id","orders.o_d_id","orders.o_w_id","orders.o_c_id","orders.o_entry_d","orders.o_carrier_id","orders.o_ol_cnt","orders.o_all_local"],"Filter":"((orders.o_entry_d >= '1994-01-02 20:10:02.27764'::timestamp without time zone) AND (orders.o_entry_d < '1994-04-02 20:10:02.27764'::timestamp without time zone))","Rows Removed by Filter":2894361,"Shared Hit Blocks":22059,"Shared Read Blocks":0,"Shared Dirtied Blocks":0,"Shared Written Blocks":0,"Local Hit Blocks":0,"Local Read Blocks":0,"Local Dirtied Blocks":0,"Local Written Blocks":0,"Temp Read Blocks":0,"Temp Written Blocks":0,"I/O Read Time":0.0,"I/O Write Time":0.0,"Temp I/O Read Time":0.0,"Temp I/O Write Time":0.0},{"Node Type":"Index Scan","Parent Relationship":"Inner","Parallel Aware":false,"Async Capable":false,"Scan Direction":"Forward","Index Name":"order_line_pk","Relation Name":"order_line","Schema":"public","Alias":"order_line","Startup Cost":0.56,"Total Cost":16.51,"Plan Rows":2,"Plan Width":20,"Actual Startup Time":0.002,"Actual Total Time":0.002,"Actual Rows":1,"Actual Loops":105639,"Output":["order_line.ol_o_id","order_line.ol_d_id","order_line.ol_w_id","order_line.ol_number","order_line.ol_i_id","order_line.ol_supply_w_id","order_line.ol_delivery_d","order_line.ol_quantity","order_line.ol_amount","order_line.ol_dist_info"],"Index Cond":"((order_line.ol_w_id = orders.o_w_id) AND (order_line.ol_d_id = orders.o_d_id) AND (order_line.ol_o_id = orders.o_id))","Rows Removed by Index Recheck":0,"Filter":"((order_line.ol_delivery_d >= '1992-01-02 20:10:02.27764'::timestamp without time zone) AND (order_line.ol_delivery_d >= orders.o_entry_d))","Rows Removed by Filter":0,"Shared Hit Blocks":528195,"Shared Read Blocks":0,"Shared Dirtied Blocks":0,"Shared Written Blocks":0,"Local Hit Blocks":0,"Local Read Blocks":0,"Local Dirtied Blocks":0,"Local Written Blocks":0,"Temp Read Blocks":0,"Temp Written Blocks":0,"I/O Read Time":0.0,"I/O Write Time":0.0,"Temp I/O Read Time":0.0,"Temp I/O Write Time":0.0}]}]}]},"Planning":{"Shared Hit Blocks":0,"Shared Read Blocks":0,"Shared Dirtied Blocks":0,"Shared Written Blocks":0,"Local Hit Blocks":0,"Local Read Blocks":0,"Local Dirtied Blocks":0,"Local Written Blocks":0,"Temp Read Blocks":0,"Temp Written Blocks":0,"I/O Read Time":0.0,"I/O Write Time":0.0,"Temp I/O Read Time":0.0,"Temp I/O Write Time":0.0},"Planning Time":0.669,"Triggers":[],"Execution Time":509.742}]
